<?xml version="1.0" encoding="UTF-8"?>
<testsuite xmlns:xsi="http://www.w3.org/2001/XMLSchema-instance" xsi:noNamespaceSchemaLocation="https://maven.apache.org/surefire/maven-surefire-plugin/xsd/surefire-test-report-3.0.xsd" version="3.0" name="InspireTest.TestAll" time="188.183" tests="1" errors="0" skipped="0" failures="1">
  <properties>
    <property name="java.specification.version" value="13"/>
    <property name="sun.jnu.encoding" value="UTF-8"/>
    <property name="java.class.path" value="/home/runner/work/nl-ngr-validation/nl-ngr-validation/target/test-classes:/home/runner/work/nl-ngr-validation/nl-ngr-validation/target/classes:/home/runner/.m2/repository/com/intuit/karate/karate-apache/0.9.5/karate-apache-0.9.5.jar:/home/runner/.m2/repository/com/intuit/karate/karate-core/0.9.5/karate-core-0.9.5.jar:/home/runner/.m2/repository/com/jayway/jsonpath/json-path/2.4.0/json-path-2.4.0.jar:/home/runner/.m2/repository/net/minidev/json-smart/2.3/json-smart-2.3.jar:/home/runner/.m2/repository/net/minidev/accessors-smart/1.2/accessors-smart-1.2.jar:/home/runner/.m2/repository/info/cukes/cucumber-java/1.2.5/cucumber-java-1.2.5.jar:/home/runner/.m2/repository/info/cukes/cucumber-core/1.2.5/cucumber-core-1.2.5.jar:/home/runner/.m2/repository/org/yaml/snakeyaml/1.24/snakeyaml-1.24.jar:/home/runner/.m2/repository/de/siegmar/fastcsv/1.0.3/fastcsv-1.0.3.jar:/home/runner/.m2/repository/info/picocli/picocli/4.0.3/picocli-4.0.3.jar:/home/runner/.m2/repository/org/apache/httpcomponents/httpclient/4.5.11/httpclient-4.5.11.jar:/home/runner/.m2/repository/org/apache/httpcomponents/httpcore/4.4.13/httpcore-4.4.13.jar:/home/runner/.m2/repository/commons-codec/commons-codec/1.11/commons-codec-1.11.jar:/home/runner/.m2/repository/org/apache/httpcomponents/httpmime/4.5.11/httpmime-4.5.11.jar:/home/runner/.m2/repository/org/slf4j/jcl-over-slf4j/1.7.25/jcl-over-slf4j-1.7.25.jar:/home/runner/.m2/repository/org/slf4j/slf4j-api/1.7.25/slf4j-api-1.7.25.jar:/home/runner/.m2/repository/ch/qos/logback/logback-classic/1.2.3/logback-classic-1.2.3.jar:/home/runner/.m2/repository/ch/qos/logback/logback-core/1.2.3/logback-core-1.2.3.jar:/home/runner/.m2/repository/com/intuit/karate/karate-junit5/0.9.5/karate-junit5-0.9.5.jar:/home/runner/.m2/repository/org/junit/jupiter/junit-jupiter-api/5.6.2/junit-jupiter-api-5.6.2.jar:/home/runner/.m2/repository/org/apiguardian/apiguardian-api/1.1.0/apiguardian-api-1.1.0.jar:/home/runner/.m2/repository/org/opentest4j/opentest4j/1.2.0/opentest4j-1.2.0.jar:/home/runner/.m2/repository/org/junit/platform/junit-platform-commons/1.6.2/junit-platform-commons-1.6.2.jar:/home/runner/.m2/repository/org/junit/jupiter/junit-jupiter-engine/5.6.2/junit-jupiter-engine-5.6.2.jar:/home/runner/.m2/repository/org/junit/platform/junit-platform-engine/1.6.2/junit-platform-engine-1.6.2.jar:/home/runner/.m2/repository/net/masterthought/cucumber-reporting/3.13.0/cucumber-reporting-3.13.0.jar:/home/runner/.m2/repository/org/apache/logging/log4j/log4j-api/2.8.2/log4j-api-2.8.2.jar:/home/runner/.m2/repository/org/apache/logging/log4j/log4j-core/2.8.2/log4j-core-2.8.2.jar:/home/runner/.m2/repository/com/fasterxml/jackson/core/jackson-databind/2.8.6/jackson-databind-2.8.6.jar:/home/runner/.m2/repository/com/fasterxml/jackson/core/jackson-annotations/2.8.0/jackson-annotations-2.8.0.jar:/home/runner/.m2/repository/com/fasterxml/jackson/core/jackson-core/2.8.6/jackson-core-2.8.6.jar:/home/runner/.m2/repository/org/apache/velocity/velocity/1.7/velocity-1.7.jar:/home/runner/.m2/repository/commons-collections/commons-collections/3.2.1/commons-collections-3.2.1.jar:/home/runner/.m2/repository/commons-lang/commons-lang/2.4/commons-lang-2.4.jar:/home/runner/.m2/repository/velocity-tools/velocity-tools/1.4/velocity-tools-1.4.jar:/home/runner/.m2/repository/joda-time/joda-time/2.9.9/joda-time-2.9.9.jar:/home/runner/.m2/repository/org/apache/commons/commons-lang3/3.6/commons-lang3-3.6.jar:/home/runner/.m2/repository/commons-io/commons-io/2.5/commons-io-2.5.jar:/home/runner/.m2/repository/net/lingala/zip4j/zip4j/1.3.2/zip4j-1.3.2.jar:/home/runner/.m2/repository/org/codehaus/plexus/plexus-utils/3.0.24/plexus-utils-3.0.24.jar:/home/runner/.m2/repository/org/jsoup/jsoup/1.10.3/jsoup-1.10.3.jar:/home/runner/.m2/repository/com/googlecode/owasp-java-html-sanitizer/owasp-java-html-sanitizer/20170515.1/owasp-java-html-sanitizer-20170515.1.jar:/home/runner/.m2/repository/com/google/guava/guava/20.0/guava-20.0.jar:/home/runner/.m2/repository/commons-configuration/commons-configuration/1.6/commons-configuration-1.6.jar:/home/runner/.m2/repository/commons-logging/commons-logging/1.1.1/commons-logging-1.1.1.jar:/home/runner/.m2/repository/commons-digester/commons-digester/1.8/commons-digester-1.8.jar:/home/runner/.m2/repository/commons-beanutils/commons-beanutils/1.7.0/commons-beanutils-1.7.0.jar:/home/runner/.m2/repository/commons-beanutils/commons-beanutils-core/1.8.0/commons-beanutils-core-1.8.0.jar:/home/runner/.m2/repository/org/apache/maven/plugins/maven-surefire-plugin/3.0.0-M4/maven-surefire-plugin-3.0.0-M4.jar:/home/runner/.m2/repository/org/apache/maven/surefire/maven-surefire-common/3.0.0-M4/maven-surefire-common-3.0.0-M4.jar:/home/runner/.m2/repository/org/apache/maven/surefire/surefire-api/3.0.0-M4/surefire-api-3.0.0-M4.jar:/home/runner/.m2/repository/org/apache/maven/surefire/surefire-logger-api/3.0.0-M4/surefire-logger-api-3.0.0-M4.jar:/home/runner/.m2/repository/org/apache/maven/surefire/surefire-extensions-api/3.0.0-M4/surefire-extensions-api-3.0.0-M4.jar:/home/runner/.m2/repository/org/apache/maven/surefire/surefire-booter/3.0.0-M4/surefire-booter-3.0.0-M4.jar:/home/runner/.m2/repository/org/apache/maven/maven-toolchain/3.0-alpha-2/maven-toolchain-3.0-alpha-2.jar:/home/runner/.m2/repository/org/apache/maven/shared/maven-artifact-transfer/0.11.0/maven-artifact-transfer-0.11.0.jar:/home/runner/.m2/repository/org/apache/maven/shared/maven-common-artifact-filters/3.0.1/maven-common-artifact-filters-3.0.1.jar:/home/runner/.m2/repository/org/apache/maven/maven-model/3.0/maven-model-3.0.jar:/home/runner/.m2/repository/org/apache/maven/maven-plugin-api/3.0/maven-plugin-api-3.0.jar:/home/runner/.m2/repository/org/sonatype/sisu/sisu-inject-plexus/1.4.2/sisu-inject-plexus-1.4.2.jar:/home/runner/.m2/repository/org/codehaus/plexus/plexus-classworlds/2.2.3/plexus-classworlds-2.2.3.jar:/home/runner/.m2/repository/org/sonatype/sisu/sisu-inject-bean/1.4.2/sisu-inject-bean-1.4.2.jar:/home/runner/.m2/repository/org/sonatype/sisu/sisu-guice/2.1.7/sisu-guice-2.1.7-noaop.jar:/home/runner/.m2/repository/org/apache/maven/shared/maven-shared-utils/3.1.0/maven-shared-utils-3.1.0.jar:/home/runner/.m2/repository/org/codehaus/plexus/plexus-java/1.0.3/plexus-java-1.0.3.jar:/home/runner/.m2/repository/org/ow2/asm/asm/7.0/asm-7.0.jar:/home/runner/.m2/repository/com/thoughtworks/qdox/qdox/2.0-M9/qdox-2.0-M9.jar:/home/runner/.m2/repository/org/junit/jupiter/junit-jupiter/5.6.2/junit-jupiter-5.6.2.jar:/home/runner/.m2/repository/org/junit/jupiter/junit-jupiter-params/5.6.2/junit-jupiter-params-5.6.2.jar:"/>
    <property name="java.vm.vendor" value="Azul Systems, Inc."/>
    <property name="sun.arch.data.model" value="64"/>
    <property name="java.vendor.url" value="http://www.azulsystems.com/"/>
    <property name="user.timezone" value="Etc/UTC"/>
    <property name="os.name" value="Linux"/>
    <property name="java.vm.specification.version" value="13"/>
    <property name="sun.java.launcher" value="SUN_STANDARD"/>
    <property name="sun.boot.library.path" value="/opt/hostedtoolcache/jdk/13.0.4/x64/lib"/>
    <property name="sun.java.command" value="/home/runner/work/nl-ngr-validation/nl-ngr-validation/target/surefire/surefirebooter13899463412983080085.jar /home/runner/work/nl-ngr-validation/nl-ngr-validation/target/surefire 2020-09-20T04-22-25_293-jvmRun1 surefire3477481522881216020tmp surefire_04090387236337992576tmp"/>
    <property name="jdk.debug" value="release"/>
    <property name="surefire.test.class.path" value="/home/runner/work/nl-ngr-validation/nl-ngr-validation/target/test-classes:/home/runner/work/nl-ngr-validation/nl-ngr-validation/target/classes:/home/runner/.m2/repository/com/intuit/karate/karate-apache/0.9.5/karate-apache-0.9.5.jar:/home/runner/.m2/repository/com/intuit/karate/karate-core/0.9.5/karate-core-0.9.5.jar:/home/runner/.m2/repository/com/jayway/jsonpath/json-path/2.4.0/json-path-2.4.0.jar:/home/runner/.m2/repository/net/minidev/json-smart/2.3/json-smart-2.3.jar:/home/runner/.m2/repository/net/minidev/accessors-smart/1.2/accessors-smart-1.2.jar:/home/runner/.m2/repository/info/cukes/cucumber-java/1.2.5/cucumber-java-1.2.5.jar:/home/runner/.m2/repository/info/cukes/cucumber-core/1.2.5/cucumber-core-1.2.5.jar:/home/runner/.m2/repository/org/yaml/snakeyaml/1.24/snakeyaml-1.24.jar:/home/runner/.m2/repository/de/siegmar/fastcsv/1.0.3/fastcsv-1.0.3.jar:/home/runner/.m2/repository/info/picocli/picocli/4.0.3/picocli-4.0.3.jar:/home/runner/.m2/repository/org/apache/httpcomponents/httpclient/4.5.11/httpclient-4.5.11.jar:/home/runner/.m2/repository/org/apache/httpcomponents/httpcore/4.4.13/httpcore-4.4.13.jar:/home/runner/.m2/repository/commons-codec/commons-codec/1.11/commons-codec-1.11.jar:/home/runner/.m2/repository/org/apache/httpcomponents/httpmime/4.5.11/httpmime-4.5.11.jar:/home/runner/.m2/repository/org/slf4j/jcl-over-slf4j/1.7.25/jcl-over-slf4j-1.7.25.jar:/home/runner/.m2/repository/org/slf4j/slf4j-api/1.7.25/slf4j-api-1.7.25.jar:/home/runner/.m2/repository/ch/qos/logback/logback-classic/1.2.3/logback-classic-1.2.3.jar:/home/runner/.m2/repository/ch/qos/logback/logback-core/1.2.3/logback-core-1.2.3.jar:/home/runner/.m2/repository/com/intuit/karate/karate-junit5/0.9.5/karate-junit5-0.9.5.jar:/home/runner/.m2/repository/org/junit/jupiter/junit-jupiter-api/5.6.2/junit-jupiter-api-5.6.2.jar:/home/runner/.m2/repository/org/apiguardian/apiguardian-api/1.1.0/apiguardian-api-1.1.0.jar:/home/runner/.m2/repository/org/opentest4j/opentest4j/1.2.0/opentest4j-1.2.0.jar:/home/runner/.m2/repository/org/junit/platform/junit-platform-commons/1.6.2/junit-platform-commons-1.6.2.jar:/home/runner/.m2/repository/org/junit/jupiter/junit-jupiter-engine/5.6.2/junit-jupiter-engine-5.6.2.jar:/home/runner/.m2/repository/org/junit/platform/junit-platform-engine/1.6.2/junit-platform-engine-1.6.2.jar:/home/runner/.m2/repository/net/masterthought/cucumber-reporting/3.13.0/cucumber-reporting-3.13.0.jar:/home/runner/.m2/repository/org/apache/logging/log4j/log4j-api/2.8.2/log4j-api-2.8.2.jar:/home/runner/.m2/repository/org/apache/logging/log4j/log4j-core/2.8.2/log4j-core-2.8.2.jar:/home/runner/.m2/repository/com/fasterxml/jackson/core/jackson-databind/2.8.6/jackson-databind-2.8.6.jar:/home/runner/.m2/repository/com/fasterxml/jackson/core/jackson-annotations/2.8.0/jackson-annotations-2.8.0.jar:/home/runner/.m2/repository/com/fasterxml/jackson/core/jackson-core/2.8.6/jackson-core-2.8.6.jar:/home/runner/.m2/repository/org/apache/velocity/velocity/1.7/velocity-1.7.jar:/home/runner/.m2/repository/commons-collections/commons-collections/3.2.1/commons-collections-3.2.1.jar:/home/runner/.m2/repository/commons-lang/commons-lang/2.4/commons-lang-2.4.jar:/home/runner/.m2/repository/velocity-tools/velocity-tools/1.4/velocity-tools-1.4.jar:/home/runner/.m2/repository/joda-time/joda-time/2.9.9/joda-time-2.9.9.jar:/home/runner/.m2/repository/org/apache/commons/commons-lang3/3.6/commons-lang3-3.6.jar:/home/runner/.m2/repository/commons-io/commons-io/2.5/commons-io-2.5.jar:/home/runner/.m2/repository/net/lingala/zip4j/zip4j/1.3.2/zip4j-1.3.2.jar:/home/runner/.m2/repository/org/codehaus/plexus/plexus-utils/3.0.24/plexus-utils-3.0.24.jar:/home/runner/.m2/repository/org/jsoup/jsoup/1.10.3/jsoup-1.10.3.jar:/home/runner/.m2/repository/com/googlecode/owasp-java-html-sanitizer/owasp-java-html-sanitizer/20170515.1/owasp-java-html-sanitizer-20170515.1.jar:/home/runner/.m2/repository/com/google/guava/guava/20.0/guava-20.0.jar:/home/runner/.m2/repository/commons-configuration/commons-configuration/1.6/commons-configuration-1.6.jar:/home/runner/.m2/repository/commons-logging/commons-logging/1.1.1/commons-logging-1.1.1.jar:/home/runner/.m2/repository/commons-digester/commons-digester/1.8/commons-digester-1.8.jar:/home/runner/.m2/repository/commons-beanutils/commons-beanutils/1.7.0/commons-beanutils-1.7.0.jar:/home/runner/.m2/repository/commons-beanutils/commons-beanutils-core/1.8.0/commons-beanutils-core-1.8.0.jar:/home/runner/.m2/repository/org/apache/maven/plugins/maven-surefire-plugin/3.0.0-M4/maven-surefire-plugin-3.0.0-M4.jar:/home/runner/.m2/repository/org/apache/maven/surefire/maven-surefire-common/3.0.0-M4/maven-surefire-common-3.0.0-M4.jar:/home/runner/.m2/repository/org/apache/maven/surefire/surefire-api/3.0.0-M4/surefire-api-3.0.0-M4.jar:/home/runner/.m2/repository/org/apache/maven/surefire/surefire-logger-api/3.0.0-M4/surefire-logger-api-3.0.0-M4.jar:/home/runner/.m2/repository/org/apache/maven/surefire/surefire-extensions-api/3.0.0-M4/surefire-extensions-api-3.0.0-M4.jar:/home/runner/.m2/repository/org/apache/maven/surefire/surefire-booter/3.0.0-M4/surefire-booter-3.0.0-M4.jar:/home/runner/.m2/repository/org/apache/maven/maven-toolchain/3.0-alpha-2/maven-toolchain-3.0-alpha-2.jar:/home/runner/.m2/repository/org/apache/maven/shared/maven-artifact-transfer/0.11.0/maven-artifact-transfer-0.11.0.jar:/home/runner/.m2/repository/org/apache/maven/shared/maven-common-artifact-filters/3.0.1/maven-common-artifact-filters-3.0.1.jar:/home/runner/.m2/repository/org/apache/maven/maven-model/3.0/maven-model-3.0.jar:/home/runner/.m2/repository/org/apache/maven/maven-plugin-api/3.0/maven-plugin-api-3.0.jar:/home/runner/.m2/repository/org/sonatype/sisu/sisu-inject-plexus/1.4.2/sisu-inject-plexus-1.4.2.jar:/home/runner/.m2/repository/org/codehaus/plexus/plexus-classworlds/2.2.3/plexus-classworlds-2.2.3.jar:/home/runner/.m2/repository/org/sonatype/sisu/sisu-inject-bean/1.4.2/sisu-inject-bean-1.4.2.jar:/home/runner/.m2/repository/org/sonatype/sisu/sisu-guice/2.1.7/sisu-guice-2.1.7-noaop.jar:/home/runner/.m2/repository/org/apache/maven/shared/maven-shared-utils/3.1.0/maven-shared-utils-3.1.0.jar:/home/runner/.m2/repository/org/codehaus/plexus/plexus-java/1.0.3/plexus-java-1.0.3.jar:/home/runner/.m2/repository/org/ow2/asm/asm/7.0/asm-7.0.jar:/home/runner/.m2/repository/com/thoughtworks/qdox/qdox/2.0-M9/qdox-2.0-M9.jar:/home/runner/.m2/repository/org/junit/jupiter/junit-jupiter/5.6.2/junit-jupiter-5.6.2.jar:/home/runner/.m2/repository/org/junit/jupiter/junit-jupiter-params/5.6.2/junit-jupiter-params-5.6.2.jar:"/>
    <property name="sun.cpu.endian" value="little"/>
    <property name="user.home" value="/home/runner"/>
    <property name="user.language" value="en"/>
    <property name="java.specification.vendor" value="Oracle Corporation"/>
    <property name="java.version.date" value="2020-07-14"/>
    <property name="java.home" value="/opt/hostedtoolcache/jdk/13.0.4/x64"/>
    <property name="file.separator" value="/"/>
    <property name="basedir" value="/home/runner/work/nl-ngr-validation/nl-ngr-validation"/>
    <property name="java.vm.compressedOopsMode" value="32-bit"/>
    <property name="line.separator" value="&#10;"/>
    <property name="java.vm.specification.vendor" value="Oracle Corporation"/>
    <property name="jdk.vendor.version" value="Zulu13.33+25-CA"/>
    <property name="java.specification.name" value="Java Platform API Specification"/>
    <property name="surefire.real.class.path" value="/home/runner/work/nl-ngr-validation/nl-ngr-validation/target/surefire/surefirebooter13899463412983080085.jar"/>
    <property name="sun.management.compiler" value="HotSpot 64-Bit Tiered Compilers"/>
    <property name="java.runtime.version" value="13.0.4+8-MTS"/>
    <property name="user.name" value="runner"/>
    <property name="path.separator" value=":"/>
    <property name="os.version" value="5.4.0-1025-azure"/>
    <property name="java.runtime.name" value="OpenJDK Runtime Environment"/>
    <property name="file.encoding" value="UTF-8"/>
    <property name="java.vm.name" value="OpenJDK 64-Bit Server VM"/>
    <property name="java.vendor.version" value="Zulu13.33+25-CA"/>
    <property name="localRepository" value="/home/runner/.m2/repository"/>
    <property name="java.vendor.url.bug" value="http://www.azulsystems.com/support/"/>
    <property name="java.io.tmpdir" value="/tmp"/>
    <property name="java.version" value="13.0.4"/>
    <property name="user.dir" value="/home/runner/work/nl-ngr-validation/nl-ngr-validation"/>
    <property name="os.arch" value="amd64"/>
    <property name="java.vm.specification.name" value="Java Virtual Machine Specification"/>
    <property name="java.library.path" value="/usr/java/packages/lib:/usr/lib64:/lib64:/lib:/usr/lib"/>
    <property name="java.vm.info" value="mixed mode, sharing"/>
    <property name="java.vendor" value="Azul Systems, Inc."/>
    <property name="java.vm.version" value="13.0.4+8-MTS"/>
    <property name="sun.io.unicode.encoding" value="UnicodeLittle"/>
    <property name="java.class.version" value="57.0"/>
  </properties>
  <testcase name="testParallel" classname="InspireTest.TestAll" time="188.104">
    <failure type="org.opentest4j.AssertionFailedError"><![CDATA[org.opentest4j.AssertionFailedError: 
failed features:
InspireTest.ngr.datasetrecords.ngr-check-dataset-record: [1.1:16] ngr-check-dataset-record.feature:80 - feature call (loop) failed: classpath:InspireTest/ngr/datasetrecords/def/checkxlinkurl.template.feature
caller: classpath:InspireTest/ngr/datasetrecords/ngr-check-dataset-record.feature
items: [{link=https://nationaalgeoregister.nl/geonetwork/srv/resources7e290e63-f991-4cc3-beff-1ff08ce2be77}, {link=https://www.nationaalgeoregister.nl/geonetwork/srv/eng/thesaurus.download?ref=external.theme.inspire-theme}]
errors:
-------
feature call (loop) failed at index: 0
caller: classpath:InspireTest/ngr/datasetrecords/def/checkxlinkurl.template.feature
arg: {"link":"https://nationaalgeoregister.nl/geonetwork/srv/resources7e290e63-f991-4cc3-beff-1ff08ce2be77"}
checkxlinkurl.template.feature:15 - status code was: 404, expected: 200, response time: 280, url: https://nationaalgeoregister.nl/geonetwork/srv/resources7e290e63-f991-4cc3-beff-1ff08ce2be77, response: 
-------
feature call (loop) failed at index: 1
caller: classpath:InspireTest/ngr/datasetrecords/def/checkxlinkurl.template.feature
arg: {"link":"https://www.nationaalgeoregister.nl/geonetwork/srv/eng/thesaurus.download?ref=external.theme.inspire-theme"}
checkxlinkurl.template.feature:15 - status code was: 500, expected: 200, response time: 316, url: https://www.nationaalgeoregister.nl/geonetwork/srv/eng/thesaurus.download?ref=external.theme.inspire-theme, response: 
[1.2:16] ngr-check-dataset-record.feature:80 - feature call (loop) failed: classpath:InspireTest/ngr/datasetrecords/def/checkxlinkurl.template.feature
caller: classpath:InspireTest/ngr/datasetrecords/ngr-check-dataset-record.feature
items: [{link=http://standaarden.overheid.nl/owms/terms/Ministerie_van_Landbouw,_Natuur_en_Voedselkwaliteit}, {link=http://nationaalgeoregister.nl/geonetwork/srv/dut/catalog.search#/metadata/247a1d15-0a67-40ce-85be-1403c08f15a8}, {link=http://standaarden.overheid.nl/owms/terms/Ministerie_van_Landbouw,_Natuur_en_Voedselkwaliteit}, {link=http://standaarden.overheid.nl/owms/terms/Ministerie_van_Landbouw,_Natuur_en_Voedselkwaliteit}, {link=xlink:href=https://inspire.ec.europa.eu/id/document/tg/ps}, {link=https://data.overheid.nl/organisatie/PDOK}]
errors:
-------
feature call (loop) failed at index: 4
caller: classpath:InspireTest/ngr/datasetrecords/def/checkxlinkurl.template.feature
arg: {"link":"xlink:href=https://inspire.ec.europa.eu/id/document/tg/ps"}
checkxlinkurl.template.feature:14 - 
org.apache.http.client.ClientProtocolException: URI does not specify a valid host name: xlink:href=https://inspire.ec.europa.eu/id/document/tg/ps
-------
feature call (loop) failed at index: 5
caller: classpath:InspireTest/ngr/datasetrecords/def/checkxlinkurl.template.feature
arg: {"link":"https://data.overheid.nl/organisatie/PDOK"}
checkxlinkurl.template.feature:15 - status code was: 404, expected: 200, response time: 504, url: https://data.overheid.nl/organisatie/PDOK, response: 
[1.3:16] ngr-check-dataset-record.feature:80 - feature call (loop) failed: classpath:InspireTest/ngr/datasetrecords/def/checkxlinkurl.template.feature
caller: classpath:InspireTest/ngr/datasetrecords/ngr-check-dataset-record.feature
items: [{link=http://www.opengis.net/def/crs/EPSG/0/http://www.opengis.net/def/crs/EPSG/0/4258}, {link=http://kadaster/cb4edbd2-2dca-4d44-92bb-b2202048b526}]
errors:
-------
feature call (loop) failed at index: 1
caller: classpath:InspireTest/ngr/datasetrecords/def/checkxlinkurl.template.feature
arg: {"link":"http://kadaster/cb4edbd2-2dca-4d44-92bb-b2202048b526"}
checkxlinkurl.template.feature:14 - 
java.net.UnknownHostException: kadaster
[1.4:16] ngr-check-dataset-record.feature:80 - feature call (loop) failed: classpath:InspireTest/ngr/datasetrecords/def/checkxlinkurl.template.feature
caller: classpath:InspireTest/ngr/datasetrecords/ngr-check-dataset-record.feature
items: [{link=http://kadaster/06b6c650-cdb1-11dd-ad8b-0800200c9a79}]
errors:
-------
feature call (loop) failed at index: 0
caller: classpath:InspireTest/ngr/datasetrecords/def/checkxlinkurl.template.feature
arg: {"link":"http://kadaster/06b6c650-cdb1-11dd-ad8b-0800200c9a79"}
checkxlinkurl.template.feature:14 - 
java.net.UnknownHostException: kadaster
[1.5:16] ngr-check-dataset-record.feature:80 - feature call (loop) failed: classpath:InspireTest/ngr/datasetrecords/def/checkxlinkurl.template.feature
caller: classpath:InspireTest/ngr/datasetrecords/ngr-check-dataset-record.feature
items: [{link=https://data.rivm.nl/inspire/id#e6ddc53d-04c4-435d-bedd-a5ace2dc0313}]
errors:
-------
feature call (loop) failed at index: 0
caller: classpath:InspireTest/ngr/datasetrecords/def/checkxlinkurl.template.feature
arg: {"link":"https://data.rivm.nl/inspire/id#e6ddc53d-04c4-435d-bedd-a5ace2dc0313"}
checkxlinkurl.template.feature:14 - 
javax.net.ssl.SSLException: Connection reset
[1.6:16] ngr-check-dataset-record.feature:80 - feature call (loop) failed: classpath:InspireTest/ngr/datasetrecords/def/checkxlinkurl.template.feature
caller: classpath:InspireTest/ngr/datasetrecords/ngr-check-dataset-record.feature
items: [{link=http://www.opengis.net/def/crs/EPSG/0/http://www.opengis.net/def/crs/EPSG/0/4258}, {link=http://kadaster/9778afe6-2152-4a8f-ba32-9697625401e3}]
errors:
-------
feature call (loop) failed at index: 1
caller: classpath:InspireTest/ngr/datasetrecords/def/checkxlinkurl.template.feature
arg: {"link":"http://kadaster/9778afe6-2152-4a8f-ba32-9697625401e3"}
checkxlinkurl.template.feature:14 - 
java.net.UnknownHostException: kadaster
[1.7:16] ngr-check-dataset-record.feature:80 - feature call (loop) failed: classpath:InspireTest/ngr/datasetrecords/def/checkxlinkurl.template.feature
caller: classpath:InspireTest/ngr/datasetrecords/ngr-check-dataset-record.feature
items: [{link=https://data.rivm.nl/inspire/id#64d546c9-71d4-4c84-a04c-61c5d0734f65}]
errors:
-------
feature call (loop) failed at index: 0
caller: classpath:InspireTest/ngr/datasetrecords/def/checkxlinkurl.template.feature
arg: {"link":"https://data.rivm.nl/inspire/id#64d546c9-71d4-4c84-a04c-61c5d0734f65"}
checkxlinkurl.template.feature:14 - 
javax.net.ssl.SSLException: Connection reset
[1.8:16] ngr-check-dataset-record.feature:48 - xpath does not exist: /GetRecordByIdResponse//@href on response
[1.10:16] ngr-check-dataset-record.feature:80 - feature call (loop) failed: classpath:InspireTest/ngr/datasetrecords/def/checkxlinkurl.template.feature
caller: classpath:InspireTest/ngr/datasetrecords/ngr-check-dataset-record.feature
items: [{link=http://kadaster/06b6c650-cdb1-11dd-ad8b-0800200c9a76}]
errors:
-------
feature call (loop) failed at index: 0
caller: classpath:InspireTest/ngr/datasetrecords/def/checkxlinkurl.template.feature
arg: {"link":"http://kadaster/06b6c650-cdb1-11dd-ad8b-0800200c9a76"}
checkxlinkurl.template.feature:14 - 
java.net.UnknownHostException: kadaster
[1.11:16] ngr-check-dataset-record.feature:80 - feature call (loop) failed: classpath:InspireTest/ngr/datasetrecords/def/checkxlinkurl.template.feature
caller: classpath:InspireTest/ngr/datasetrecords/ngr-check-dataset-record.feature
items: [{link=http://www.opengis.net/def/crs/EPSG/0/https://www.opengis.net/def/crs/EPSG/0/4258}, {link=https://www.nationaalgeoregister.nl/geonetwork/srv/api/recordsbe6551de-a709-4c6d-a5e2-f63f0cf038ba}]
errors:
-------
feature call (loop) failed at index: 1
caller: classpath:InspireTest/ngr/datasetrecords/def/checkxlinkurl.template.feature
arg: {"link":"https://www.nationaalgeoregister.nl/geonetwork/srv/api/recordsbe6551de-a709-4c6d-a5e2-f63f0cf038ba"}
checkxlinkurl.template.feature:15 - status code was: 500, expected: 200, response time: 426, url: https://www.nationaalgeoregister.nl/geonetwork/srv/api/recordsbe6551de-a709-4c6d-a5e2-f63f0cf038ba, response: 
[1.12:16] ngr-check-dataset-record.feature:80 - feature call (loop) failed: classpath:InspireTest/ngr/datasetrecords/def/checkxlinkurl.template.feature
caller: classpath:InspireTest/ngr/datasetrecords/ngr-check-dataset-record.feature
items: [{link=https://nationaalgeoregister.nl/geonetwork/srv/resources7d716522-fa1a-43b4-99c0-3a3480f9e218}, {link=https://www.nationaalgeoregister.nl/geonetwork/srv/eng/thesaurus.download?ref=external.theme.inspire-theme}]
errors:
-------
feature call (loop) failed at index: 0
caller: classpath:InspireTest/ngr/datasetrecords/def/checkxlinkurl.template.feature
arg: {"link":"https://nationaalgeoregister.nl/geonetwork/srv/resources7d716522-fa1a-43b4-99c0-3a3480f9e218"}
checkxlinkurl.template.feature:15 - status code was: 404, expected: 200, response time: 284, url: https://nationaalgeoregister.nl/geonetwork/srv/resources7d716522-fa1a-43b4-99c0-3a3480f9e218, response: 
-------
feature call (loop) failed at index: 1
caller: classpath:InspireTest/ngr/datasetrecords/def/checkxlinkurl.template.feature
arg: {"link":"https://www.nationaalgeoregister.nl/geonetwork/srv/eng/thesaurus.download?ref=external.theme.inspire-theme"}
checkxlinkurl.template.feature:15 - status code was: 500, expected: 200, response time: 458, url: https://www.nationaalgeoregister.nl/geonetwork/srv/eng/thesaurus.download?ref=external.theme.inspire-theme, response: 
[1.13:16] ngr-check-dataset-record.feature:80 - feature call (loop) failed: classpath:InspireTest/ngr/datasetrecords/def/checkxlinkurl.template.feature
caller: classpath:InspireTest/ngr/datasetrecords/ngr-check-dataset-record.feature
items: [{link=https://data.rivm.nl/inspire/id#1de92b14-bc21-4f33-b0de-abd325e61804}]
errors:
-------
feature call (loop) failed at index: 0
caller: classpath:InspireTest/ngr/datasetrecords/def/checkxlinkurl.template.feature
arg: {"link":"https://data.rivm.nl/inspire/id#1de92b14-bc21-4f33-b0de-abd325e61804"}
checkxlinkurl.template.feature:14 - 
javax.net.ssl.SSLException: Connection reset
[1.14:16] ngr-check-dataset-record.feature:80 - feature call (loop) failed: classpath:InspireTest/ngr/datasetrecords/def/checkxlinkurl.template.feature
caller: classpath:InspireTest/ngr/datasetrecords/ngr-check-dataset-record.feature
items: [{link=https://www.nationaalgeoregister.nl/geonetwork/srv/api/records58d39928-f502-48c9-a8c1-03244dc181bf}]
errors:
-------
feature call (loop) failed at index: 0
caller: classpath:InspireTest/ngr/datasetrecords/def/checkxlinkurl.template.feature
arg: {"link":"https://www.nationaalgeoregister.nl/geonetwork/srv/api/records58d39928-f502-48c9-a8c1-03244dc181bf"}
checkxlinkurl.template.feature:15 - status code was: 500, expected: 200, response time: 305, url: https://www.nationaalgeoregister.nl/geonetwork/srv/api/records58d39928-f502-48c9-a8c1-03244dc181bf, response: 
[1.16:16] ngr-check-dataset-record.feature:80 - feature call (loop) failed: classpath:InspireTest/ngr/datasetrecords/def/checkxlinkurl.template.feature
caller: classpath:InspireTest/ngr/datasetrecords/ngr-check-dataset-record.feature
items: [{link=http://www.opengis.net/def/crs/EPSG/0/http://www.opengis.net/def/crs/EPSG/0/4258}, {link=http://kadaster/80b2d12c-32be-54fg-b6d3—34f4ffc06cf3}]
errors:
-------
feature call (loop) failed at index: 1
caller: classpath:InspireTest/ngr/datasetrecords/def/checkxlinkurl.template.feature
arg: {"link":"http://kadaster/80b2d12c-32be-54fg-b6d3\u201434f4ffc06cf3"}
checkxlinkurl.template.feature:14 - 
java.net.UnknownHostException: kadaster
[1.17:16] ngr-check-dataset-record.feature:80 - feature call (loop) failed: classpath:InspireTest/ngr/datasetrecords/def/checkxlinkurl.template.feature
caller: classpath:InspireTest/ngr/datasetrecords/ngr-check-dataset-record.feature
items: [{link=http://kadaster/2482250f-3b00-4439-9f93-f3118229b017}, {link=}, {link=}, {link=}]
errors:
-------
feature call (loop) failed at index: 0
caller: classpath:InspireTest/ngr/datasetrecords/def/checkxlinkurl.template.feature
arg: {"link":"http://kadaster/2482250f-3b00-4439-9f93-f3118229b017"}
checkxlinkurl.template.feature:14 - 
java.net.UnknownHostException: kadaster: Temporary failure in name resolution
-------
feature call (loop) failed at index: 1
caller: classpath:InspireTest/ngr/datasetrecords/def/checkxlinkurl.template.feature
arg: {"link":""}
checkxlinkurl.template.feature:14 - 
org.apache.http.client.ClientProtocolException
-------
feature call (loop) failed at index: 2
caller: classpath:InspireTest/ngr/datasetrecords/def/checkxlinkurl.template.feature
arg: {"link":""}
checkxlinkurl.template.feature:14 - 
org.apache.http.client.ClientProtocolException
-------
feature call (loop) failed at index: 3
caller: classpath:InspireTest/ngr/datasetrecords/def/checkxlinkurl.template.feature
arg: {"link":""}
checkxlinkurl.template.feature:14 - 
org.apache.http.client.ClientProtocolException
[1.18:16] ngr-check-dataset-record.feature:80 - feature call (loop) failed: classpath:InspireTest/ngr/datasetrecords/def/checkxlinkurl.template.feature
caller: classpath:InspireTest/ngr/datasetrecords/ngr-check-dataset-record.feature
items: [{link=https://data.rivm.nl/inspire/id#1e3a98db-5d5e-4e61-8b64-1d132ddb439e}]
errors:
-------
feature call (loop) failed at index: 0
caller: classpath:InspireTest/ngr/datasetrecords/def/checkxlinkurl.template.feature
arg: {"link":"https://data.rivm.nl/inspire/id#1e3a98db-5d5e-4e61-8b64-1d132ddb439e"}
checkxlinkurl.template.feature:14 - 
javax.net.ssl.SSLException: Connection reset
[1.19:16] ngr-check-dataset-record.feature:80 - feature call (loop) failed: classpath:InspireTest/ngr/datasetrecords/def/checkxlinkurl.template.feature
caller: classpath:InspireTest/ngr/datasetrecords/ngr-check-dataset-record.feature
items: [{link=h}, {link=t}, {link=t}, {link=p}, {link=:}, {link=/}, {link=/}, {link=s}, {link=t}, {link=a}, {link=n}, {link=d}, {link=a}, {link=r}, {link=d}, {link=s}, {link=.}, {link=i}, {link=s}, {link=o}, {link=.}, {link=o}, {link=r}, {link=g}, {link=/}, {link=i}, {link=t}, {link=t}, {link=f}, {link=/}, {link=P}, {link=u}, {link=b}, {link=l}, {link=i}, {link=c}, {link=l}, {link=y}, {link=A}, {link=v}, {link=a}, {link=i}, {link=l}, {link=a}, {link=b}, {link=l}, {link=e}, {link=S}, {link=t}, {link=a}, {link=n}, {link=d}, {link=a}, {link=r}, {link=d}, {link=s}, {link=/}, {link=I}, {link=S}, {link=O}, {link=_}, {link=1}, {link=9}, {link=1}, {link=3}, {link=9}, {link=_}, {link=S}, {link=c}, {link=h}, {link=e}, {link=m}, {link=a}, {link=s}, {link=/}, {link=r}, {link=e}, {link=s}, {link=o}, {link=u}, {link=r}, {link=c}, {link=e}, {link=s}, {link=/}, {link=u}, {link=o}, {link=m}, {link=/}, {link=g}, {link=m}, {link=x}, {link=U}, {link=o}, {link=m}, {link=.}, {link=x}, {link=m}, {link=l}, {link=#}, {link=m}]
errors:
-------
feature call (loop) failed at index: 0
caller: classpath:InspireTest/ngr/datasetrecords/def/checkxlinkurl.template.feature
arg: {"link":"h"}
checkxlinkurl.template.feature:14 - 
org.apache.http.client.ClientProtocolException
-------
feature call (loop) failed at index: 1
caller: classpath:InspireTest/ngr/datasetrecords/def/checkxlinkurl.template.feature
arg: {"link":"t"}
checkxlinkurl.template.feature:14 - 
org.apache.http.client.ClientProtocolException
-------
feature call (loop) failed at index: 2
caller: classpath:InspireTest/ngr/datasetrecords/def/checkxlinkurl.template.feature
arg: {"link":"t"}
checkxlinkurl.template.feature:14 - 
org.apache.http.client.ClientProtocolException
-------
feature call (loop) failed at index: 3
caller: classpath:InspireTest/ngr/datasetrecords/def/checkxlinkurl.template.feature
arg: {"link":"p"}
checkxlinkurl.template.feature:14 - 
org.apache.http.client.ClientProtocolException
-------
feature call (loop) failed at index: 4
caller: classpath:InspireTest/ngr/datasetrecords/def/checkxlinkurl.template.feature
arg: {"link":":"}
checkxlinkurl.template.feature:14 - java.net.URISyntaxException: Expected scheme name at index 0: :
-------
feature call (loop) failed at index: 5
caller: classpath:InspireTest/ngr/datasetrecords/def/checkxlinkurl.template.feature
arg: {"link":"/"}
checkxlinkurl.template.feature:14 - 
org.apache.http.client.ClientProtocolException
-------
feature call (loop) failed at index: 6
caller: classpath:InspireTest/ngr/datasetrecords/def/checkxlinkurl.template.feature
arg: {"link":"/"}
checkxlinkurl.template.feature:14 - 
org.apache.http.client.ClientProtocolException
-------
feature call (loop) failed at index: 7
caller: classpath:InspireTest/ngr/datasetrecords/def/checkxlinkurl.template.feature
arg: {"link":"s"}
checkxlinkurl.template.feature:14 - 
org.apache.http.client.ClientProtocolException
-------
feature call (loop) failed at index: 8
caller: classpath:InspireTest/ngr/datasetrecords/def/checkxlinkurl.template.feature
arg: {"link":"t"}
checkxlinkurl.template.feature:14 - 
org.apache.http.client.ClientProtocolException
-------
feature call (loop) failed at index: 9
caller: classpath:InspireTest/ngr/datasetrecords/def/checkxlinkurl.template.feature
arg: {"link":"a"}
checkxlinkurl.template.feature:14 - 
org.apache.http.client.ClientProtocolException
-------
feature call (loop) failed at index: 10
caller: classpath:InspireTest/ngr/datasetrecords/def/checkxlinkurl.template.feature
arg: {"link":"n"}
checkxlinkurl.template.feature:14 - 
org.apache.http.client.ClientProtocolException
-------
feature call (loop) failed at index: 11
caller: classpath:InspireTest/ngr/datasetrecords/def/checkxlinkurl.template.feature
arg: {"link":"d"}
checkxlinkurl.template.feature:14 - 
org.apache.http.client.ClientProtocolException
-------
feature call (loop) failed at index: 12
caller: classpath:InspireTest/ngr/datasetrecords/def/checkxlinkurl.template.feature
arg: {"link":"a"}
checkxlinkurl.template.feature:14 - 
org.apache.http.client.ClientProtocolException
-------
feature call (loop) failed at index: 13
caller: classpath:InspireTest/ngr/datasetrecords/def/checkxlinkurl.template.feature
arg: {"link":"r"}
checkxlinkurl.template.feature:14 - 
org.apache.http.client.ClientProtocolException
-------
feature call (loop) failed at index: 14
caller: classpath:InspireTest/ngr/datasetrecords/def/checkxlinkurl.template.feature
arg: {"link":"d"}
checkxlinkurl.template.feature:14 - 
org.apache.http.client.ClientProtocolException
-------
feature call (loop) failed at index: 15
caller: classpath:InspireTest/ngr/datasetrecords/def/checkxlinkurl.template.feature
arg: {"link":"s"}
checkxlinkurl.template.feature:14 - 
org.apache.http.client.ClientProtocolException
-------
feature call (loop) failed at index: 16
caller: classpath:InspireTest/ngr/datasetrecords/def/checkxlinkurl.template.feature
arg: {"link":"."}
checkxlinkurl.template.feature:14 - 
org.apache.http.client.ClientProtocolException
-------
feature call (loop) failed at index: 17
caller: classpath:InspireTest/ngr/datasetrecords/def/checkxlinkurl.template.feature
arg: {"link":"i"}
checkxlinkurl.template.feature:14 - 
org.apache.http.client.ClientProtocolException
-------
feature call (loop) failed at index: 18
caller: classpath:InspireTest/ngr/datasetrecords/def/checkxlinkurl.template.feature
arg: {"link":"s"}
checkxlinkurl.template.feature:14 - 
org.apache.http.client.ClientProtocolException
-------
feature call (loop) failed at index: 19
caller: classpath:InspireTest/ngr/datasetrecords/def/checkxlinkurl.template.feature
arg: {"link":"o"}
checkxlinkurl.template.feature:14 - 
org.apache.http.client.ClientProtocolException
-------
feature call (loop) failed at index: 20
caller: classpath:InspireTest/ngr/datasetrecords/def/checkxlinkurl.template.feature
arg: {"link":"."}
checkxlinkurl.template.feature:14 - 
org.apache.http.client.ClientProtocolException
-------
feature call (loop) failed at index: 21
caller: classpath:InspireTest/ngr/datasetrecords/def/checkxlinkurl.template.feature
arg: {"link":"o"}
checkxlinkurl.template.feature:14 - 
org.apache.http.client.ClientProtocolException
-------
feature call (loop) failed at index: 22
caller: classpath:InspireTest/ngr/datasetrecords/def/checkxlinkurl.template.feature
arg: {"link":"r"}
checkxlinkurl.template.feature:14 - 
org.apache.http.client.ClientProtocolException
-------
feature call (loop) failed at index: 23
caller: classpath:InspireTest/ngr/datasetrecords/def/checkxlinkurl.template.feature
arg: {"link":"g"}
checkxlinkurl.template.feature:14 - 
org.apache.http.client.ClientProtocolException
-------
feature call (loop) failed at index: 24
caller: classpath:InspireTest/ngr/datasetrecords/def/checkxlinkurl.template.feature
arg: {"link":"/"}
checkxlinkurl.template.feature:14 - 
org.apache.http.client.ClientProtocolException
-------
feature call (loop) failed at index: 25
caller: classpath:InspireTest/ngr/datasetrecords/def/checkxlinkurl.template.feature
arg: {"link":"i"}
checkxlinkurl.template.feature:14 - 
org.apache.http.client.ClientProtocolException
-------
feature call (loop) failed at index: 26
caller: classpath:InspireTest/ngr/datasetrecords/def/checkxlinkurl.template.feature
arg: {"link":"t"}
checkxlinkurl.template.feature:14 - 
org.apache.http.client.ClientProtocolException
-------
feature call (loop) failed at index: 27
caller: classpath:InspireTest/ngr/datasetrecords/def/checkxlinkurl.template.feature
arg: {"link":"t"}
checkxlinkurl.template.feature:14 - 
org.apache.http.client.ClientProtocolException
-------
feature call (loop) failed at index: 28
caller: classpath:InspireTest/ngr/datasetrecords/def/checkxlinkurl.template.feature
arg: {"link":"f"}
checkxlinkurl.template.feature:14 - 
org.apache.http.client.ClientProtocolException
-------
feature call (loop) failed at index: 29
caller: classpath:InspireTest/ngr/datasetrecords/def/checkxlinkurl.template.feature
arg: {"link":"/"}
checkxlinkurl.template.feature:14 - 
org.apache.http.client.ClientProtocolException
-------
feature call (loop) failed at index: 30
caller: classpath:InspireTest/ngr/datasetrecords/def/checkxlinkurl.template.feature
arg: {"link":"P"}
checkxlinkurl.template.feature:14 - 
org.apache.http.client.ClientProtocolException
-------
feature call (loop) failed at index: 31
caller: classpath:InspireTest/ngr/datasetrecords/def/checkxlinkurl.template.feature
arg: {"link":"u"}
checkxlinkurl.template.feature:14 - 
org.apache.http.client.ClientProtocolException
-------
feature call (loop) failed at index: 32
caller: classpath:InspireTest/ngr/datasetrecords/def/checkxlinkurl.template.feature
arg: {"link":"b"}
checkxlinkurl.template.feature:14 - 
org.apache.http.client.ClientProtocolException
-------
feature call (loop) failed at index: 33
caller: classpath:InspireTest/ngr/datasetrecords/def/checkxlinkurl.template.feature
arg: {"link":"l"}
checkxlinkurl.template.feature:14 - 
org.apache.http.client.ClientProtocolException
-------
feature call (loop) failed at index: 34
caller: classpath:InspireTest/ngr/datasetrecords/def/checkxlinkurl.template.feature
arg: {"link":"i"}
checkxlinkurl.template.feature:14 - 
org.apache.http.client.ClientProtocolException
-------
feature call (loop) failed at index: 35
caller: classpath:InspireTest/ngr/datasetrecords/def/checkxlinkurl.template.feature
arg: {"link":"c"}
checkxlinkurl.template.feature:14 - 
org.apache.http.client.ClientProtocolException
-------
feature call (loop) failed at index: 36
caller: classpath:InspireTest/ngr/datasetrecords/def/checkxlinkurl.template.feature
arg: {"link":"l"}
checkxlinkurl.template.feature:14 - 
org.apache.http.client.ClientProtocolException
-------
feature call (loop) failed at index: 37
caller: classpath:InspireTest/ngr/datasetrecords/def/checkxlinkurl.template.feature
arg: {"link":"y"}
checkxlinkurl.template.feature:14 - 
org.apache.http.client.ClientProtocolException
-------
feature call (loop) failed at index: 38
caller: classpath:InspireTest/ngr/datasetrecords/def/checkxlinkurl.template.feature
arg: {"link":"A"}
checkxlinkurl.template.feature:14 - 
org.apache.http.client.ClientProtocolException
-------
feature call (loop) failed at index: 39
caller: classpath:InspireTest/ngr/datasetrecords/def/checkxlinkurl.template.feature
arg: {"link":"v"}
checkxlinkurl.template.feature:14 - 
org.apache.http.client.ClientProtocolException
-------
feature call (loop) failed at index: 40
caller: classpath:InspireTest/ngr/datasetrecords/def/checkxlinkurl.template.feature
arg: {"link":"a"}
checkxlinkurl.template.feature:14 - 
org.apache.http.client.ClientProtocolException
-------
feature call (loop) failed at index: 41
caller: classpath:InspireTest/ngr/datasetrecords/def/checkxlinkurl.template.feature
arg: {"link":"i"}
checkxlinkurl.template.feature:14 - 
org.apache.http.client.ClientProtocolException
-------
feature call (loop) failed at index: 42
caller: classpath:InspireTest/ngr/datasetrecords/def/checkxlinkurl.template.feature
arg: {"link":"l"}
checkxlinkurl.template.feature:14 - 
org.apache.http.client.ClientProtocolException
-------
feature call (loop) failed at index: 43
caller: classpath:InspireTest/ngr/datasetrecords/def/checkxlinkurl.template.feature
arg: {"link":"a"}
checkxlinkurl.template.feature:14 - 
org.apache.http.client.ClientProtocolException
-------
feature call (loop) failed at index: 44
caller: classpath:InspireTest/ngr/datasetrecords/def/checkxlinkurl.template.feature
arg: {"link":"b"}
checkxlinkurl.template.feature:14 - 
org.apache.http.client.ClientProtocolException
-------
feature call (loop) failed at index: 45
caller: classpath:InspireTest/ngr/datasetrecords/def/checkxlinkurl.template.feature
arg: {"link":"l"}
checkxlinkurl.template.feature:14 - 
org.apache.http.client.ClientProtocolException
-------
feature call (loop) failed at index: 46
caller: classpath:InspireTest/ngr/datasetrecords/def/checkxlinkurl.template.feature
arg: {"link":"e"}
checkxlinkurl.template.feature:14 - 
org.apache.http.client.ClientProtocolException
-------
feature call (loop) failed at index: 47
caller: classpath:InspireTest/ngr/datasetrecords/def/checkxlinkurl.template.feature
arg: {"link":"S"}
checkxlinkurl.template.feature:14 - 
org.apache.http.client.ClientProtocolException
-------
feature call (loop) failed at index: 48
caller: classpath:InspireTest/ngr/datasetrecords/def/checkxlinkurl.template.feature
arg: {"link":"t"}
checkxlinkurl.template.feature:14 - 
org.apache.http.client.ClientProtocolException
-------
feature call (loop) failed at index: 49
caller: classpath:InspireTest/ngr/datasetrecords/def/checkxlinkurl.template.feature
arg: {"link":"a"}
checkxlinkurl.template.feature:14 - 
org.apache.http.client.ClientProtocolException
-------
feature call (loop) failed at index: 50
caller: classpath:InspireTest/ngr/datasetrecords/def/checkxlinkurl.template.feature
arg: {"link":"n"}
checkxlinkurl.template.feature:14 - 
org.apache.http.client.ClientProtocolException
-------
feature call (loop) failed at index: 51
caller: classpath:InspireTest/ngr/datasetrecords/def/checkxlinkurl.template.feature
arg: {"link":"d"}
checkxlinkurl.template.feature:14 - 
org.apache.http.client.ClientProtocolException
-------
feature call (loop) failed at index: 52
caller: classpath:InspireTest/ngr/datasetrecords/def/checkxlinkurl.template.feature
arg: {"link":"a"}
checkxlinkurl.template.feature:14 - 
org.apache.http.client.ClientProtocolException
-------
feature call (loop) failed at index: 53
caller: classpath:InspireTest/ngr/datasetrecords/def/checkxlinkurl.template.feature
arg: {"link":"r"}
checkxlinkurl.template.feature:14 - 
org.apache.http.client.ClientProtocolException
-------
feature call (loop) failed at index: 54
caller: classpath:InspireTest/ngr/datasetrecords/def/checkxlinkurl.template.feature
arg: {"link":"d"}
checkxlinkurl.template.feature:14 - 
org.apache.http.client.ClientProtocolException
-------
feature call (loop) failed at index: 55
caller: classpath:InspireTest/ngr/datasetrecords/def/checkxlinkurl.template.feature
arg: {"link":"s"}
checkxlinkurl.template.feature:14 - 
org.apache.http.client.ClientProtocolException
-------
feature call (loop) failed at index: 56
caller: classpath:InspireTest/ngr/datasetrecords/def/checkxlinkurl.template.feature
arg: {"link":"/"}
checkxlinkurl.template.feature:14 - 
org.apache.http.client.ClientProtocolException
-------
feature call (loop) failed at index: 57
caller: classpath:InspireTest/ngr/datasetrecords/def/checkxlinkurl.template.feature
arg: {"link":"I"}
checkxlinkurl.template.feature:14 - 
org.apache.http.client.ClientProtocolException
-------
feature call (loop) failed at index: 58
caller: classpath:InspireTest/ngr/datasetrecords/def/checkxlinkurl.template.feature
arg: {"link":"S"}
checkxlinkurl.template.feature:14 - 
org.apache.http.client.ClientProtocolException
-------
feature call (loop) failed at index: 59
caller: classpath:InspireTest/ngr/datasetrecords/def/checkxlinkurl.template.feature
arg: {"link":"O"}
checkxlinkurl.template.feature:14 - 
org.apache.http.client.ClientProtocolException
-------
feature call (loop) failed at index: 60
caller: classpath:InspireTest/ngr/datasetrecords/def/checkxlinkurl.template.feature
arg: {"link":"_"}
checkxlinkurl.template.feature:14 - 
org.apache.http.client.ClientProtocolException
-------
feature call (loop) failed at index: 61
caller: classpath:InspireTest/ngr/datasetrecords/def/checkxlinkurl.template.feature
arg: {"link":"1"}
checkxlinkurl.template.feature:14 - 
org.apache.http.client.ClientProtocolException
-------
feature call (loop) failed at index: 62
caller: classpath:InspireTest/ngr/datasetrecords/def/checkxlinkurl.template.feature
arg: {"link":"9"}
checkxlinkurl.template.feature:14 - 
org.apache.http.client.ClientProtocolException
-------
feature call (loop) failed at index: 63
caller: classpath:InspireTest/ngr/datasetrecords/def/checkxlinkurl.template.feature
arg: {"link":"1"}
checkxlinkurl.template.feature:14 - 
org.apache.http.client.ClientProtocolException
-------
feature call (loop) failed at index: 64
caller: classpath:InspireTest/ngr/datasetrecords/def/checkxlinkurl.template.feature
arg: {"link":"3"}
checkxlinkurl.template.feature:14 - 
org.apache.http.client.ClientProtocolException
-------
feature call (loop) failed at index: 65
caller: classpath:InspireTest/ngr/datasetrecords/def/checkxlinkurl.template.feature
arg: {"link":"9"}
checkxlinkurl.template.feature:14 - 
org.apache.http.client.ClientProtocolException
-------
feature call (loop) failed at index: 66
caller: classpath:InspireTest/ngr/datasetrecords/def/checkxlinkurl.template.feature
arg: {"link":"_"}
checkxlinkurl.template.feature:14 - 
org.apache.http.client.ClientProtocolException
-------
feature call (loop) failed at index: 67
caller: classpath:InspireTest/ngr/datasetrecords/def/checkxlinkurl.template.feature
arg: {"link":"S"}
checkxlinkurl.template.feature:14 - 
org.apache.http.client.ClientProtocolException
-------
feature call (loop) failed at index: 68
caller: classpath:InspireTest/ngr/datasetrecords/def/checkxlinkurl.template.feature
arg: {"link":"c"}
checkxlinkurl.template.feature:14 - 
org.apache.http.client.ClientProtocolException
-------
feature call (loop) failed at index: 69
caller: classpath:InspireTest/ngr/datasetrecords/def/checkxlinkurl.template.feature
arg: {"link":"h"}
checkxlinkurl.template.feature:14 - 
org.apache.http.client.ClientProtocolException
-------
feature call (loop) failed at index: 70
caller: classpath:InspireTest/ngr/datasetrecords/def/checkxlinkurl.template.feature
arg: {"link":"e"}
checkxlinkurl.template.feature:14 - 
org.apache.http.client.ClientProtocolException
-------
feature call (loop) failed at index: 71
caller: classpath:InspireTest/ngr/datasetrecords/def/checkxlinkurl.template.feature
arg: {"link":"m"}
checkxlinkurl.template.feature:14 - 
org.apache.http.client.ClientProtocolException
-------
feature call (loop) failed at index: 72
caller: classpath:InspireTest/ngr/datasetrecords/def/checkxlinkurl.template.feature
arg: {"link":"a"}
checkxlinkurl.template.feature:14 - 
org.apache.http.client.ClientProtocolException
-------
feature call (loop) failed at index: 73
caller: classpath:InspireTest/ngr/datasetrecords/def/checkxlinkurl.template.feature
arg: {"link":"s"}
checkxlinkurl.template.feature:14 - 
org.apache.http.client.ClientProtocolException
-------
feature call (loop) failed at index: 74
caller: classpath:InspireTest/ngr/datasetrecords/def/checkxlinkurl.template.feature
arg: {"link":"/"}
checkxlinkurl.template.feature:14 - 
org.apache.http.client.ClientProtocolException
-------
feature call (loop) failed at index: 75
caller: classpath:InspireTest/ngr/datasetrecords/def/checkxlinkurl.template.feature
arg: {"link":"r"}
checkxlinkurl.template.feature:14 - 
org.apache.http.client.ClientProtocolException
-------
feature call (loop) failed at index: 76
caller: classpath:InspireTest/ngr/datasetrecords/def/checkxlinkurl.template.feature
arg: {"link":"e"}
checkxlinkurl.template.feature:14 - 
org.apache.http.client.ClientProtocolException
-------
feature call (loop) failed at index: 77
caller: classpath:InspireTest/ngr/datasetrecords/def/checkxlinkurl.template.feature
arg: {"link":"s"}
checkxlinkurl.template.feature:14 - 
org.apache.http.client.ClientProtocolException
-------
feature call (loop) failed at index: 78
caller: classpath:InspireTest/ngr/datasetrecords/def/checkxlinkurl.template.feature
arg: {"link":"o"}
checkxlinkurl.template.feature:14 - 
org.apache.http.client.ClientProtocolException
-------
feature call (loop) failed at index: 79
caller: classpath:InspireTest/ngr/datasetrecords/def/checkxlinkurl.template.feature
arg: {"link":"u"}
checkxlinkurl.template.feature:14 - 
org.apache.http.client.ClientProtocolException
-------
feature call (loop) failed at index: 80
caller: classpath:InspireTest/ngr/datasetrecords/def/checkxlinkurl.template.feature
arg: {"link":"r"}
checkxlinkurl.template.feature:14 - 
org.apache.http.client.ClientProtocolException
-------
feature call (loop) failed at index: 81
caller: classpath:InspireTest/ngr/datasetrecords/def/checkxlinkurl.template.feature
arg: {"link":"c"}
checkxlinkurl.template.feature:14 - 
org.apache.http.client.ClientProtocolException
-------
feature call (loop) failed at index: 82
caller: classpath:InspireTest/ngr/datasetrecords/def/checkxlinkurl.template.feature
arg: {"link":"e"}
checkxlinkurl.template.feature:14 - 
org.apache.http.client.ClientProtocolException
-------
feature call (loop) failed at index: 83
caller: classpath:InspireTest/ngr/datasetrecords/def/checkxlinkurl.template.feature
arg: {"link":"s"}
checkxlinkurl.template.feature:14 - 
org.apache.http.client.ClientProtocolException
-------
feature call (loop) failed at index: 84
caller: classpath:InspireTest/ngr/datasetrecords/def/checkxlinkurl.template.feature
arg: {"link":"/"}
checkxlinkurl.template.feature:14 - 
org.apache.http.client.ClientProtocolException
-------
feature call (loop) failed at index: 85
caller: classpath:InspireTest/ngr/datasetrecords/def/checkxlinkurl.template.feature
arg: {"link":"u"}
checkxlinkurl.template.feature:14 - 
org.apache.http.client.ClientProtocolException
-------
feature call (loop) failed at index: 86
caller: classpath:InspireTest/ngr/datasetrecords/def/checkxlinkurl.template.feature
arg: {"link":"o"}
checkxlinkurl.template.feature:14 - 
org.apache.http.client.ClientProtocolException
-------
feature call (loop) failed at index: 87
caller: classpath:InspireTest/ngr/datasetrecords/def/checkxlinkurl.template.feature
arg: {"link":"m"}
checkxlinkurl.template.feature:14 - 
org.apache.http.client.ClientProtocolException
-------
feature call (loop) failed at index: 88
caller: classpath:InspireTest/ngr/datasetrecords/def/checkxlinkurl.template.feature
arg: {"link":"/"}
checkxlinkurl.template.feature:14 - 
org.apache.http.client.ClientProtocolException
-------
feature call (loop) failed at index: 89
caller: classpath:InspireTest/ngr/datasetrecords/def/checkxlinkurl.template.feature
arg: {"link":"g"}
checkxlinkurl.template.feature:14 - 
org.apache.http.client.ClientProtocolException
-------
feature call (loop) failed at index: 90
caller: classpath:InspireTest/ngr/datasetrecords/def/checkxlinkurl.template.feature
arg: {"link":"m"}
checkxlinkurl.template.feature:14 - 
org.apache.http.client.ClientProtocolException
-------
feature call (loop) failed at index: 91
caller: classpath:InspireTest/ngr/datasetrecords/def/checkxlinkurl.template.feature
arg: {"link":"x"}
checkxlinkurl.template.feature:14 - 
org.apache.http.client.ClientProtocolException
-------
feature call (loop) failed at index: 92
caller: classpath:InspireTest/ngr/datasetrecords/def/checkxlinkurl.template.feature
arg: {"link":"U"}
checkxlinkurl.template.feature:14 - 
org.apache.http.client.ClientProtocolException
-------
feature call (loop) failed at index: 93
caller: classpath:InspireTest/ngr/datasetrecords/def/checkxlinkurl.template.feature
arg: {"link":"o"}
checkxlinkurl.template.feature:14 - 
org.apache.http.client.ClientProtocolException
-------
feature call (loop) failed at index: 94
caller: classpath:InspireTest/ngr/datasetrecords/def/checkxlinkurl.template.feature
arg: {"link":"m"}
checkxlinkurl.template.feature:14 - 
org.apache.http.client.ClientProtocolException
-------
feature call (loop) failed at index: 95
caller: classpath:InspireTest/ngr/datasetrecords/def/checkxlinkurl.template.feature
arg: {"link":"."}
checkxlinkurl.template.feature:14 - 
org.apache.http.client.ClientProtocolException
-------
feature call (loop) failed at index: 96
caller: classpath:InspireTest/ngr/datasetrecords/def/checkxlinkurl.template.feature
arg: {"link":"x"}
checkxlinkurl.template.feature:14 - 
org.apache.http.client.ClientProtocolException
-------
feature call (loop) failed at index: 97
caller: classpath:InspireTest/ngr/datasetrecords/def/checkxlinkurl.template.feature
arg: {"link":"m"}
checkxlinkurl.template.feature:14 - 
org.apache.http.client.ClientProtocolException
-------
feature call (loop) failed at index: 98
caller: classpath:InspireTest/ngr/datasetrecords/def/checkxlinkurl.template.feature
arg: {"link":"l"}
checkxlinkurl.template.feature:14 - 
org.apache.http.client.ClientProtocolException
-------
feature call (loop) failed at index: 99
caller: classpath:InspireTest/ngr/datasetrecords/def/checkxlinkurl.template.feature
arg: {"link":"#"}
checkxlinkurl.template.feature:14 - 
org.apache.http.client.ClientProtocolException
-------
feature call (loop) failed at index: 100
caller: classpath:InspireTest/ngr/datasetrecords/def/checkxlinkurl.template.feature
arg: {"link":"m"}
checkxlinkurl.template.feature:14 - 
org.apache.http.client.ClientProtocolException
[1.21:16] ngr-check-dataset-record.feature:80 - feature call (loop) failed: classpath:InspireTest/ngr/datasetrecords/def/checkxlinkurl.template.feature
caller: classpath:InspireTest/ngr/datasetrecords/ngr-check-dataset-record.feature
items: [{link=http://www.opengis.net/def/crs/EPSG/0/http://www.opengis.net/def/crs/EPSG/0/4258}, {link=http://kadaster/70a0f618-9d4f-4be9-9d9d-11106ff6971c}]
errors:
-------
feature call (loop) failed at index: 1
caller: classpath:InspireTest/ngr/datasetrecords/def/checkxlinkurl.template.feature
arg: {"link":"http://kadaster/70a0f618-9d4f-4be9-9d9d-11106ff6971c"}
checkxlinkurl.template.feature:14 - 
java.net.UnknownHostException: kadaster
[1.22:16] ngr-check-dataset-record.feature:80 - feature call (loop) failed: classpath:InspireTest/ngr/datasetrecords/def/checkxlinkurl.template.feature
caller: classpath:InspireTest/ngr/datasetrecords/ngr-check-dataset-record.feature
items: [{link=http://www.opengis.net/def/crs/EPSG/0/https://www.opengis.net/def/crs/EPSG/0/4258}, {link=https://www.nationaalgeoregister.nl/geonetwork/srv/api/records4617f0e0-6af4-4ac0-9044-31df9d03071c}]
errors:
-------
feature call (loop) failed at index: 1
caller: classpath:InspireTest/ngr/datasetrecords/def/checkxlinkurl.template.feature
arg: {"link":"https://www.nationaalgeoregister.nl/geonetwork/srv/api/records4617f0e0-6af4-4ac0-9044-31df9d03071c"}
checkxlinkurl.template.feature:15 - status code was: 500, expected: 200, response time: 329, url: https://www.nationaalgeoregister.nl/geonetwork/srv/api/records4617f0e0-6af4-4ac0-9044-31df9d03071c, response: 
[1.23:16] ngr-check-dataset-record.feature:80 - feature call (loop) failed: classpath:InspireTest/ngr/datasetrecords/def/checkxlinkurl.template.feature
caller: classpath:InspireTest/ngr/datasetrecords/ngr-check-dataset-record.feature
items: [{link=http://kadaster/06b6c650-cdb1-11dd-ad8b-0800200c9a80}]
errors:
-------
feature call (loop) failed at index: 0
caller: classpath:InspireTest/ngr/datasetrecords/def/checkxlinkurl.template.feature
arg: {"link":"http://kadaster/06b6c650-cdb1-11dd-ad8b-0800200c9a80"}
checkxlinkurl.template.feature:14 - 
java.net.UnknownHostException: kadaster
[1.24:16] ngr-check-dataset-record.feature:80 - feature call (loop) failed: classpath:InspireTest/ngr/datasetrecords/def/checkxlinkurl.template.feature
caller: classpath:InspireTest/ngr/datasetrecords/ngr-check-dataset-record.feature
items: [{link=https://data.rivm.nl/inspire/id#90bab79d-5f92-4aaa-8edc-99195438ef65}]
errors:
-------
feature call (loop) failed at index: 0
caller: classpath:InspireTest/ngr/datasetrecords/def/checkxlinkurl.template.feature
arg: {"link":"https://data.rivm.nl/inspire/id#90bab79d-5f92-4aaa-8edc-99195438ef65"}
checkxlinkurl.template.feature:14 - 
javax.net.ssl.SSLException: Connection reset
[1.26:16] ngr-check-dataset-record.feature:80 - feature call (loop) failed: classpath:InspireTest/ngr/datasetrecords/def/checkxlinkurl.template.feature
caller: classpath:InspireTest/ngr/datasetrecords/ngr-check-dataset-record.feature
items: [{link=http://www.opengis.net/def/crs/EPSG/0/http://www.opengis.net/def/crs/EPSG/0/4258}, {link=http://kadaster/ed4caa3b-a49e-4a9a-8206-50a3cf451b9a}]
errors:
-------
feature call (loop) failed at index: 1
caller: classpath:InspireTest/ngr/datasetrecords/def/checkxlinkurl.template.feature
arg: {"link":"http://kadaster/ed4caa3b-a49e-4a9a-8206-50a3cf451b9a"}
checkxlinkurl.template.feature:14 - 
java.net.UnknownHostException: kadaster
[1.27:16] ngr-check-dataset-record.feature:80 - feature call (loop) failed: classpath:InspireTest/ngr/datasetrecords/def/checkxlinkurl.template.feature
caller: classpath:InspireTest/ngr/datasetrecords/ngr-check-dataset-record.feature
items: [{link=http://www.opengis.net/def/crs/EPSG/0/http://www.opengis.net/def/crs/EPSG/0/4258}, {link=http://kadaster/29f0fa66-3928-4e95-ae30-5b1eab818ac1}]
errors:
-------
feature call (loop) failed at index: 1
caller: classpath:InspireTest/ngr/datasetrecords/def/checkxlinkurl.template.feature
arg: {"link":"http://kadaster/29f0fa66-3928-4e95-ae30-5b1eab818ac1"}
checkxlinkurl.template.feature:14 - 
java.net.UnknownHostException: kadaster
[1.28:16] ngr-check-dataset-record.feature:80 - feature call (loop) failed: classpath:InspireTest/ngr/datasetrecords/def/checkxlinkurl.template.feature
caller: classpath:InspireTest/ngr/datasetrecords/ngr-check-dataset-record.feature
items: [{link=https://data.rivm.nl/inspire/id#722e3937-3e53-4048-97ef-1ced2c77f7dd}]
errors:
-------
feature call (loop) failed at index: 0
caller: classpath:InspireTest/ngr/datasetrecords/def/checkxlinkurl.template.feature
arg: {"link":"https://data.rivm.nl/inspire/id#722e3937-3e53-4048-97ef-1ced2c77f7dd"}
checkxlinkurl.template.feature:14 - 
javax.net.ssl.SSLException: Connection reset
[1.29:16] ngr-check-dataset-record.feature:80 - feature call (loop) failed: classpath:InspireTest/ngr/datasetrecords/def/checkxlinkurl.template.feature
caller: classpath:InspireTest/ngr/datasetrecords/ngr-check-dataset-record.feature
items: [{link=http://standaarden.overheid.nl/owms/terms/Ministerie_van_Landbouw,_Natuur_en_Voedselkwaliteit}, {link=http://nationaalgeoregister.nl/geonetwork/srv/dut/catalog.search#/metadata/19165027-a13a-4c19-9013-ec1fd191019d}, {link=http://standaarden.overheid.nl/owms/terms/Ministerie_van_Landbouw,_Natuur_en_Voedselkwaliteit}, {link=http://standaarden.overheid.nl/owms/terms/Ministerie_van_Landbouw,_Natuur_en_Voedselkwaliteit}, {link=https://data.overheid.nl/organisatie/PDOK}]
errors:
-------
feature call (loop) failed at index: 4
caller: classpath:InspireTest/ngr/datasetrecords/def/checkxlinkurl.template.feature
arg: {"link":"https://data.overheid.nl/organisatie/PDOK"}
checkxlinkurl.template.feature:15 - status code was: 404, expected: 200, response time: 413, url: https://data.overheid.nl/organisatie/PDOK, response: 
[1.30:16] ngr-check-dataset-record.feature:80 - feature call (loop) failed: classpath:InspireTest/ngr/datasetrecords/def/checkxlinkurl.template.feature
caller: classpath:InspireTest/ngr/datasetrecords/ngr-check-dataset-record.feature
items: [{link=https://www.nationaalgeoregister.nl/geonetwork/srv/api/recordsc3c004ad-5387-4b00-a225-9afbcaa5d31b}]
errors:
-------
feature call (loop) failed at index: 0
caller: classpath:InspireTest/ngr/datasetrecords/def/checkxlinkurl.template.feature
arg: {"link":"https://www.nationaalgeoregister.nl/geonetwork/srv/api/recordsc3c004ad-5387-4b00-a225-9afbcaa5d31b"}
checkxlinkurl.template.feature:15 - status code was: 500, expected: 200, response time: 307, url: https://www.nationaalgeoregister.nl/geonetwork/srv/api/recordsc3c004ad-5387-4b00-a225-9afbcaa5d31b, response: 
[1.31:16] ngr-check-dataset-record.feature:80 - feature call (loop) failed: classpath:InspireTest/ngr/datasetrecords/def/checkxlinkurl.template.feature
caller: classpath:InspireTest/ngr/datasetrecords/ngr-check-dataset-record.feature
items: [{link=https://www.nationaalgeoregister.nl/geonetwork/srv/api/records49807edc-0007-41aa-8809-d381f6713de4}, {link=https://creativecommons.org/publicdomain/zero/*/deed.nl}]
errors:
-------
feature call (loop) failed at index: 0
caller: classpath:InspireTest/ngr/datasetrecords/def/checkxlinkurl.template.feature
arg: {"link":"https://www.nationaalgeoregister.nl/geonetwork/srv/api/records49807edc-0007-41aa-8809-d381f6713de4"}
checkxlinkurl.template.feature:15 - status code was: 500, expected: 200, response time: 356, url: https://www.nationaalgeoregister.nl/geonetwork/srv/api/records49807edc-0007-41aa-8809-d381f6713de4, response: 
-------
feature call (loop) failed at index: 1
caller: classpath:InspireTest/ngr/datasetrecords/def/checkxlinkurl.template.feature
arg: {"link":"https://creativecommons.org/publicdomain/zero/*/deed.nl"}
checkxlinkurl.template.feature:15 - status code was: 404, expected: 200, response time: 36, url: https://creativecommons.org/publicdomain/zero/*/deed.nl, response: 
[1.32:16] ngr-check-dataset-record.feature:48 - xpath does not exist: /GetRecordByIdResponse//@href on response
[1.33:16] ngr-check-dataset-record.feature:80 - feature call (loop) failed: classpath:InspireTest/ngr/datasetrecords/def/checkxlinkurl.template.feature
caller: classpath:InspireTest/ngr/datasetrecords/ngr-check-dataset-record.feature
items: [{link=https://www.nationaalgeoregister.nl/geonetwork/srv/api/records/002d9127-c16d-4b8d-9f5e-102a8c8e36c4}]
errors:
-------
feature call (loop) failed at index: 0
caller: classpath:InspireTest/ngr/datasetrecords/def/checkxlinkurl.template.feature
arg: {"link":"https://www.nationaalgeoregister.nl/geonetwork/srv/api/records/002d9127-c16d-4b8d-9f5e-102a8c8e36c4"}
checkxlinkurl.template.feature:15 - status code was: 400, expected: 200, response time: 283, url: https://www.nationaalgeoregister.nl/geonetwork/srv/api/records/002d9127-c16d-4b8d-9f5e-102a8c8e36c4, response: 
[1.34:16] ngr-check-dataset-record.feature:80 - feature call (loop) failed: classpath:InspireTest/ngr/datasetrecords/def/checkxlinkurl.template.feature
caller: classpath:InspireTest/ngr/datasetrecords/ngr-check-dataset-record.feature
items: [{link=https://data.rivm.nl/inspire/id#c6d62f69-7be0-4c19-a4af-d146c6a3c166}]
errors:
-------
feature call (loop) failed at index: 0
caller: classpath:InspireTest/ngr/datasetrecords/def/checkxlinkurl.template.feature
arg: {"link":"https://data.rivm.nl/inspire/id#c6d62f69-7be0-4c19-a4af-d146c6a3c166"}
checkxlinkurl.template.feature:14 - 
javax.net.ssl.SSLException: Connection reset
[1.35:16] ngr-check-dataset-record.feature:80 - feature call (loop) failed: classpath:InspireTest/ngr/datasetrecords/def/checkxlinkurl.template.feature
caller: classpath:InspireTest/ngr/datasetrecords/ngr-check-dataset-record.feature
items: [{link=http://kadaster/2482250f-3b00-4439-9f93-f3118229b015}, {link=}, {link=}, {link=}]
errors:
-------
feature call (loop) failed at index: 0
caller: classpath:InspireTest/ngr/datasetrecords/def/checkxlinkurl.template.feature
arg: {"link":"http://kadaster/2482250f-3b00-4439-9f93-f3118229b015"}
checkxlinkurl.template.feature:14 - 
java.net.UnknownHostException: kadaster
-------
feature call (loop) failed at index: 1
caller: classpath:InspireTest/ngr/datasetrecords/def/checkxlinkurl.template.feature
arg: {"link":""}
checkxlinkurl.template.feature:14 - 
org.apache.http.client.ClientProtocolException
-------
feature call (loop) failed at index: 2
caller: classpath:InspireTest/ngr/datasetrecords/def/checkxlinkurl.template.feature
arg: {"link":""}
checkxlinkurl.template.feature:14 - 
org.apache.http.client.ClientProtocolException
-------
feature call (loop) failed at index: 3
caller: classpath:InspireTest/ngr/datasetrecords/def/checkxlinkurl.template.feature
arg: {"link":""}
checkxlinkurl.template.feature:14 - 
org.apache.http.client.ClientProtocolException
[1.36:16] ngr-check-dataset-record.feature:80 - feature call (loop) failed: classpath:InspireTest/ngr/datasetrecords/def/checkxlinkurl.template.feature
caller: classpath:InspireTest/ngr/datasetrecords/ngr-check-dataset-record.feature
items: [{link=https://data.rivm.nl/inspire/id#b5ccab29-e2cc-4178-9f81-40c50e909754}]
errors:
-------
feature call (loop) failed at index: 0
caller: classpath:InspireTest/ngr/datasetrecords/def/checkxlinkurl.template.feature
arg: {"link":"https://data.rivm.nl/inspire/id#b5ccab29-e2cc-4178-9f81-40c50e909754"}
checkxlinkurl.template.feature:14 - 
javax.net.ssl.SSLException: Connection reset
[1.37:16] ngr-check-dataset-record.feature:80 - feature call (loop) failed: classpath:InspireTest/ngr/datasetrecords/def/checkxlinkurl.template.feature
caller: classpath:InspireTest/ngr/datasetrecords/ngr-check-dataset-record.feature
items: [{link=http://www.opengis.net/def/crs/EPSG/0/http://www.opengis.net/def/crs/EPSG/0/4258}, {link=http://kadaster/3b7bb05b-2d2e-4329-9a72-0eac19e315de}]
errors:
-------
feature call (loop) failed at index: 1
caller: classpath:InspireTest/ngr/datasetrecords/def/checkxlinkurl.template.feature
arg: {"link":"http://kadaster/3b7bb05b-2d2e-4329-9a72-0eac19e315de"}
checkxlinkurl.template.feature:14 - 
java.net.UnknownHostException: kadaster
[1.38:16] ngr-check-dataset-record.feature:80 - feature call (loop) failed: classpath:InspireTest/ngr/datasetrecords/def/checkxlinkurl.template.feature
caller: classpath:InspireTest/ngr/datasetrecords/ngr-check-dataset-record.feature
items: [{link=https://nationaalgeoregister.nl/geonetwork/srv/resources49e49382-674d-4ce8-9f4a-ba4dd2265eef}, {link=http://rdfdata.eionet.europa.eu/inspirethemes/themes/33}, {link=http://geonetwork-opensource.org/inspire-theme#}, {link=https://www.nationaalgeoregister.nl/geonetwork/srv/eng/thesaurus.download?ref=external.theme.inspire-theme}]
errors:
-------
feature call (loop) failed at index: 0
caller: classpath:InspireTest/ngr/datasetrecords/def/checkxlinkurl.template.feature
arg: {"link":"https://nationaalgeoregister.nl/geonetwork/srv/resources49e49382-674d-4ce8-9f4a-ba4dd2265eef"}
checkxlinkurl.template.feature:15 - status code was: 404, expected: 200, response time: 288, url: https://nationaalgeoregister.nl/geonetwork/srv/resources49e49382-674d-4ce8-9f4a-ba4dd2265eef, response: 
-------
feature call (loop) failed at index: 1
caller: classpath:InspireTest/ngr/datasetrecords/def/checkxlinkurl.template.feature
arg: {"link":"http://rdfdata.eionet.europa.eu/inspirethemes/themes/33"}
checkxlinkurl.template.feature:15 - status code was: 404, expected: 200, response time: 200, url: http://rdfdata.eionet.europa.eu/inspirethemes/themes/33, response: 
-------
feature call (loop) failed at index: 2
caller: classpath:InspireTest/ngr/datasetrecords/def/checkxlinkurl.template.feature
arg: {"link":"http://geonetwork-opensource.org/inspire-theme#"}
checkxlinkurl.template.feature:15 - status code was: 404, expected: 200, response time: 400, url: http://geonetwork-opensource.org/inspire-theme#, response: 
-------
feature call (loop) failed at index: 3
caller: classpath:InspireTest/ngr/datasetrecords/def/checkxlinkurl.template.feature
arg: {"link":"https://www.nationaalgeoregister.nl/geonetwork/srv/eng/thesaurus.download?ref=external.theme.inspire-theme"}
checkxlinkurl.template.feature:15 - status code was: 500, expected: 200, response time: 311, url: https://www.nationaalgeoregister.nl/geonetwork/srv/eng/thesaurus.download?ref=external.theme.inspire-theme, response: 
[1.40:16] ngr-check-dataset-record.feature:80 - feature call (loop) failed: classpath:InspireTest/ngr/datasetrecords/def/checkxlinkurl.template.feature
caller: classpath:InspireTest/ngr/datasetrecords/ngr-check-dataset-record.feature
items: [{link=http://www.opengis.net/def/crs/EPSG/0/http://www.opengis.net/def/crs/EPSG/0/4258}, {link=http://kadaster/df1a98c0-58ba-48ff-8825-b4fb6322c586}]
errors:
-------
feature call (loop) failed at index: 1
caller: classpath:InspireTest/ngr/datasetrecords/def/checkxlinkurl.template.feature
arg: {"link":"http://kadaster/df1a98c0-58ba-48ff-8825-b4fb6322c586"}
checkxlinkurl.template.feature:14 - 
java.net.UnknownHostException: kadaster
[1.41:16] ngr-check-dataset-record.feature:80 - feature call (loop) failed: classpath:InspireTest/ngr/datasetrecords/def/checkxlinkurl.template.feature
caller: classpath:InspireTest/ngr/datasetrecords/ngr-check-dataset-record.feature
items: [{link=}]
errors:
-------
feature call (loop) failed at index: 0
caller: classpath:InspireTest/ngr/datasetrecords/def/checkxlinkurl.template.feature
arg: {"link":""}
checkxlinkurl.template.feature:14 - 
org.apache.http.client.ClientProtocolException
[1.42:16] ngr-check-dataset-record.feature:80 - feature call (loop) failed: classpath:InspireTest/ngr/datasetrecords/def/checkxlinkurl.template.feature
caller: classpath:InspireTest/ngr/datasetrecords/ngr-check-dataset-record.feature
items: [{link=https://data.rivm.nl/inspire/id#a3095f95-0ec7-46ff-ae14-ce2173e8fafa}]
errors:
-------
feature call (loop) failed at index: 0
caller: classpath:InspireTest/ngr/datasetrecords/def/checkxlinkurl.template.feature
arg: {"link":"https://data.rivm.nl/inspire/id#a3095f95-0ec7-46ff-ae14-ce2173e8fafa"}
checkxlinkurl.template.feature:14 - 
javax.net.ssl.SSLException: Connection reset
[1.43:16] ngr-check-dataset-record.feature:80 - feature call (loop) failed: classpath:InspireTest/ngr/datasetrecords/def/checkxlinkurl.template.feature
caller: classpath:InspireTest/ngr/datasetrecords/ngr-check-dataset-record.feature
items: [{link=https://data.rivm.nl/inspire?id#505e9f1e-84bc-4856-9771-4295db998bb6}]
errors:
-------
feature call (loop) failed at index: 0
caller: classpath:InspireTest/ngr/datasetrecords/def/checkxlinkurl.template.feature
arg: {"link":"https://data.rivm.nl/inspire?id#505e9f1e-84bc-4856-9771-4295db998bb6"}
checkxlinkurl.template.feature:15 - status code was: 404, expected: 200, response time: 360, url: https://data.rivm.nl/inspire?id#505e9f1e-84bc-4856-9771-4295db998bb6, response: 
[1.44:16] ngr-check-dataset-record.feature:80 - feature call (loop) failed: classpath:InspireTest/ngr/datasetrecords/def/checkxlinkurl.template.feature
caller: classpath:InspireTest/ngr/datasetrecords/ngr-check-dataset-record.feature
items: [{link=https://data.rivm.nl/inspire/id#440c4a06-6924-4f9c-a9e2-6f61340f711b}]
errors:
-------
feature call (loop) failed at index: 0
caller: classpath:InspireTest/ngr/datasetrecords/def/checkxlinkurl.template.feature
arg: {"link":"https://data.rivm.nl/inspire/id#440c4a06-6924-4f9c-a9e2-6f61340f711b"}
checkxlinkurl.template.feature:14 - 
javax.net.ssl.SSLException: Connection reset
[1.45:16] ngr-check-dataset-record.feature:80 - feature call (loop) failed: classpath:InspireTest/ngr/datasetrecords/def/checkxlinkurl.template.feature
caller: classpath:InspireTest/ngr/datasetrecords/ngr-check-dataset-record.feature
items: [{link=https://data.rivm.nl/inspire/id#fd9c4f87-026e-4681-8d94-9702f3c83078}]
errors:
-------
feature call (loop) failed at index: 0
caller: classpath:InspireTest/ngr/datasetrecords/def/checkxlinkurl.template.feature
arg: {"link":"https://data.rivm.nl/inspire/id#fd9c4f87-026e-4681-8d94-9702f3c83078"}
checkxlinkurl.template.feature:14 - 
javax.net.ssl.SSLException: Connection reset
[1.46:16] ngr-check-dataset-record.feature:80 - feature call (loop) failed: classpath:InspireTest/ngr/datasetrecords/def/checkxlinkurl.template.feature
caller: classpath:InspireTest/ngr/datasetrecords/ngr-check-dataset-record.feature
items: [{link=https://data.rivm.nl/inspire/id#4504a4b2-3179-44b3-a5a9-b67b693c514d}]
errors:
-------
feature call (loop) failed at index: 0
caller: classpath:InspireTest/ngr/datasetrecords/def/checkxlinkurl.template.feature
arg: {"link":"https://data.rivm.nl/inspire/id#4504a4b2-3179-44b3-a5a9-b67b693c514d"}
checkxlinkurl.template.feature:14 - 
javax.net.ssl.SSLException: Connection reset
[1.47:16] ngr-check-dataset-record.feature:80 - feature call (loop) failed: classpath:InspireTest/ngr/datasetrecords/def/checkxlinkurl.template.feature
caller: classpath:InspireTest/ngr/datasetrecords/ngr-check-dataset-record.feature
items: [{link=https://monumentenregister.cultureelerfgoed.nl/sites/default/files/MRS/mrs-inspire.zip}]
errors:
-------
feature call (loop) failed at index: 0
caller: classpath:InspireTest/ngr/datasetrecords/def/checkxlinkurl.template.feature
arg: {"link":"https://monumentenregister.cultureelerfgoed.nl/sites/default/files/MRS/mrs-inspire.zip"}
checkxlinkurl.template.feature:15 - status code was: 404, expected: 200, response time: 631, url: https://monumentenregister.cultureelerfgoed.nl/sites/default/files/MRS/mrs-inspire.zip, response: 
[1.49:16] ngr-check-dataset-record.feature:80 - feature call (loop) failed: classpath:InspireTest/ngr/datasetrecords/def/checkxlinkurl.template.feature
caller: classpath:InspireTest/ngr/datasetrecords/ngr-check-dataset-record.feature
items: [{link=http://www.opengis.net/def/crs/EPSG/0/http://www.opengis.net/def/crs/EPSG/0/4258}, {link=http://kadaster/0f9b8c87-80a6-435f-b3b3-e07c3918d344}]
errors:
-------
feature call (loop) failed at index: 1
caller: classpath:InspireTest/ngr/datasetrecords/def/checkxlinkurl.template.feature
arg: {"link":"http://kadaster/0f9b8c87-80a6-435f-b3b3-e07c3918d344"}
checkxlinkurl.template.feature:14 - 
java.net.UnknownHostException: kadaster
[1.50:16] ngr-check-dataset-record.feature:80 - feature call (loop) failed: classpath:InspireTest/ngr/datasetrecords/def/checkxlinkurl.template.feature
caller: classpath:InspireTest/ngr/datasetrecords/ngr-check-dataset-record.feature
items: [{link=https://www.nationaalgeoregister.nl/geonetwork/srv/api/records1b2abd21-3084-4db7-ab49-46866b4aac2b}, {link=https://creativecommons.org/publicdomain/zero/*/deed.nl}]
errors:
-------
feature call (loop) failed at index: 0
caller: classpath:InspireTest/ngr/datasetrecords/def/checkxlinkurl.template.feature
arg: {"link":"https://www.nationaalgeoregister.nl/geonetwork/srv/api/records1b2abd21-3084-4db7-ab49-46866b4aac2b"}
checkxlinkurl.template.feature:15 - status code was: 500, expected: 200, response time: 304, url: https://www.nationaalgeoregister.nl/geonetwork/srv/api/records1b2abd21-3084-4db7-ab49-46866b4aac2b, response: 
-------
feature call (loop) failed at index: 1
caller: classpath:InspireTest/ngr/datasetrecords/def/checkxlinkurl.template.feature
arg: {"link":"https://creativecommons.org/publicdomain/zero/*/deed.nl"}
checkxlinkurl.template.feature:15 - status code was: 404, expected: 200, response time: 30, url: https://creativecommons.org/publicdomain/zero/*/deed.nl, response: 
[1.51:16] ngr-check-dataset-record.feature:80 - feature call (loop) failed: classpath:InspireTest/ngr/datasetrecords/def/checkxlinkurl.template.feature
caller: classpath:InspireTest/ngr/datasetrecords/ngr-check-dataset-record.feature
items: [{link=https://data.rivm.nl/inspire/id#10fcd5a9-3804-48e3-bcbd-d816594dbb6f}]
errors:
-------
feature call (loop) failed at index: 0
caller: classpath:InspireTest/ngr/datasetrecords/def/checkxlinkurl.template.feature
arg: {"link":"https://data.rivm.nl/inspire/id#10fcd5a9-3804-48e3-bcbd-d816594dbb6f"}
checkxlinkurl.template.feature:14 - 
javax.net.ssl.SSLException: Connection reset
[1.54:16] ngr-check-dataset-record.feature:80 - feature call (loop) failed: classpath:InspireTest/ngr/datasetrecords/def/checkxlinkurl.template.feature
caller: classpath:InspireTest/ngr/datasetrecords/ngr-check-dataset-record.feature
items: [{link=http://www.opengis.net/def/crs/EPSG/0/http://www.opengis.net/def/crs/EPSG/0/4258}, {link=https://www.nationaalgeoregister.nl/geonetwork/srv/dut/catalog.search#/metadata/3387ef8a-9237-453a-aa4e-585d1e193550}, {link=https://creativecommons.org/publicdomain/mark/*/deed.nl}]
errors:
-------
feature call (loop) failed at index: 2
caller: classpath:InspireTest/ngr/datasetrecords/def/checkxlinkurl.template.feature
arg: {"link":"https://creativecommons.org/publicdomain/mark/*/deed.nl"}
checkxlinkurl.template.feature:15 - status code was: 404, expected: 200, response time: 32, url: https://creativecommons.org/publicdomain/mark/*/deed.nl, response: 
[1.55:16] ngr-check-dataset-record.feature:80 - feature call (loop) failed: classpath:InspireTest/ngr/datasetrecords/def/checkxlinkurl.template.feature
caller: classpath:InspireTest/ngr/datasetrecords/ngr-check-dataset-record.feature
items: [{link=http://kadaster/06b6c650-cdb1-11dd-ad8b-0800200c9a75}]
errors:
-------
feature call (loop) failed at index: 0
caller: classpath:InspireTest/ngr/datasetrecords/def/checkxlinkurl.template.feature
arg: {"link":"http://kadaster/06b6c650-cdb1-11dd-ad8b-0800200c9a75"}
checkxlinkurl.template.feature:14 - 
java.net.UnknownHostException: kadaster
[1.56:16] ngr-check-dataset-record.feature:80 - feature call (loop) failed: classpath:InspireTest/ngr/datasetrecords/def/checkxlinkurl.template.feature
caller: classpath:InspireTest/ngr/datasetrecords/ngr-check-dataset-record.feature
items: [{link=https://data.rivm.nl/inspire/id#6941b1f2-7ee6-4a1d-9cba-9071e3ca6cb3}]
errors:
-------
feature call (loop) failed at index: 0
caller: classpath:InspireTest/ngr/datasetrecords/def/checkxlinkurl.template.feature
arg: {"link":"https://data.rivm.nl/inspire/id#6941b1f2-7ee6-4a1d-9cba-9071e3ca6cb3"}
checkxlinkurl.template.feature:14 - 
javax.net.ssl.SSLException: Connection reset
[1.57:16] ngr-check-dataset-record.feature:80 - feature call (loop) failed: classpath:InspireTest/ngr/datasetrecords/def/checkxlinkurl.template.feature
caller: classpath:InspireTest/ngr/datasetrecords/ngr-check-dataset-record.feature
items: [{link=https://ngr.acceptatie.nationaalgeoregister.nl/geonetwork/srv/resources34e95842-4e4e-46de-9198-79e8cd4d30dc}]
errors:
-------
feature call (loop) failed at index: 0
caller: classpath:InspireTest/ngr/datasetrecords/def/checkxlinkurl.template.feature
arg: {"link":"https://ngr.acceptatie.nationaalgeoregister.nl/geonetwork/srv/resources34e95842-4e4e-46de-9198-79e8cd4d30dc"}
checkxlinkurl.template.feature:15 - status code was: 404, expected: 200, response time: 280, url: https://ngr.acceptatie.nationaalgeoregister.nl/geonetwork/srv/resources34e95842-4e4e-46de-9198-79e8cd4d30dc, response: 
[1.58:16] ngr-check-dataset-record.feature:80 - feature call (loop) failed: classpath:InspireTest/ngr/datasetrecords/def/checkxlinkurl.template.feature
caller: classpath:InspireTest/ngr/datasetrecords/ngr-check-dataset-record.feature
items: [{link=https://www.nationaalgeoregister.nl/geonetwork/srv/dut/catalog.search#/metadata/5a1adb58-0bbe-425d-b0fe-577a6c0a4228}, {link=http://rdfdata.eionet.europa.eu/inspirethemes/themes/10}, {link=urn:ogc:def:crs:EPSG::5709}]
errors:
-------
feature call (loop) failed at index: 1
caller: classpath:InspireTest/ngr/datasetrecords/def/checkxlinkurl.template.feature
arg: {"link":"http://rdfdata.eionet.europa.eu/inspirethemes/themes/10"}
checkxlinkurl.template.feature:15 - status code was: 404, expected: 200, response time: 200, url: http://rdfdata.eionet.europa.eu/inspirethemes/themes/10, response: 
-------
feature call (loop) failed at index: 2
caller: classpath:InspireTest/ngr/datasetrecords/def/checkxlinkurl.template.feature
arg: {"link":"urn:ogc:def:crs:EPSG::5709"}
checkxlinkurl.template.feature:14 - 
org.apache.http.client.ClientProtocolException: URI does not specify a valid host name: urn:ogc:def:crs:EPSG::5709
[1.59:16] ngr-check-dataset-record.feature:80 - feature call (loop) failed: classpath:InspireTest/ngr/datasetrecords/def/checkxlinkurl.template.feature
caller: classpath:InspireTest/ngr/datasetrecords/ngr-check-dataset-record.feature
items: [{link=https://www.nationaalgeoregister.nl/geonetwork/srv/dut/catalog.search#/metadata/7939fd42-cf88-42c5-ab3b-232cf232a3ac}, {link=http://rdfdata.eionet.europa.eu/inspirethemes/themes/10}, {link=urn:ogc:def:crs:EPSG::5709}]
errors:
-------
feature call (loop) failed at index: 1
caller: classpath:InspireTest/ngr/datasetrecords/def/checkxlinkurl.template.feature
arg: {"link":"http://rdfdata.eionet.europa.eu/inspirethemes/themes/10"}
checkxlinkurl.template.feature:15 - status code was: 404, expected: 200, response time: 199, url: http://rdfdata.eionet.europa.eu/inspirethemes/themes/10, response: 
-------
feature call (loop) failed at index: 2
caller: classpath:InspireTest/ngr/datasetrecords/def/checkxlinkurl.template.feature
arg: {"link":"urn:ogc:def:crs:EPSG::5709"}
checkxlinkurl.template.feature:14 - 
org.apache.http.client.ClientProtocolException: URI does not specify a valid host name: urn:ogc:def:crs:EPSG::5709
[1.60:16] ngr-check-dataset-record.feature:80 - feature call (loop) failed: classpath:InspireTest/ngr/datasetrecords/def/checkxlinkurl.template.feature
caller: classpath:InspireTest/ngr/datasetrecords/ngr-check-dataset-record.feature
items: [{link=https://www.nationaalgeoregister.nl/geonetwork/srv/dut/catalog.search#/metadata/8de2f5eb-b09f-4f6d-8397-8878a1b86238}, {link=http://rdfdata.eionet.europa.eu/inspirethemes/themes/18}, {link=https://ngr.geocat.live/geonetwork/srv/eng/thesaurus.download?ref=external.theme.httpinspireeceuropaeumetadatacodelistPrioritydataset-Prioritydataset}, {link=urn:ogc:def:crs:EPSG::5709}]
errors:
-------
feature call (loop) failed at index: 1
caller: classpath:InspireTest/ngr/datasetrecords/def/checkxlinkurl.template.feature
arg: {"link":"http://rdfdata.eionet.europa.eu/inspirethemes/themes/18"}
checkxlinkurl.template.feature:15 - status code was: 404, expected: 200, response time: 200, url: http://rdfdata.eionet.europa.eu/inspirethemes/themes/18, response: 
-------
feature call (loop) failed at index: 2
caller: classpath:InspireTest/ngr/datasetrecords/def/checkxlinkurl.template.feature
arg: {"link":"https://ngr.geocat.live/geonetwork/srv/eng/thesaurus.download?ref=external.theme.httpinspireeceuropaeumetadatacodelistPrioritydataset-Prioritydataset"}
checkxlinkurl.template.feature:15 - status code was: 500, expected: 200, response time: 319, url: https://ngr.geocat.live/geonetwork/srv/eng/thesaurus.download?ref=external.theme.httpinspireeceuropaeumetadatacodelistPrioritydataset-Prioritydataset, response: 
-------
feature call (loop) failed at index: 3
caller: classpath:InspireTest/ngr/datasetrecords/def/checkxlinkurl.template.feature
arg: {"link":"urn:ogc:def:crs:EPSG::5709"}
checkxlinkurl.template.feature:14 - 
org.apache.http.client.ClientProtocolException: URI does not specify a valid host name: urn:ogc:def:crs:EPSG::5709
[1.61:16] ngr-check-dataset-record.feature:80 - feature call (loop) failed: classpath:InspireTest/ngr/datasetrecords/def/checkxlinkurl.template.feature
caller: classpath:InspireTest/ngr/datasetrecords/ngr-check-dataset-record.feature
items: [{link=https://www.nationaalgeoregister.nl/geonetwork/srv/dut/catalog.search#/metadata/adn73c4a-ef03-4785-b7f6-942e86b385f5}, {link=http://rdfdata.eionet.europa.eu/inspirethemes/themes/10}, {link=urn:ogc:def:crs:EPSG::5709}]
errors:
-------
feature call (loop) failed at index: 1
caller: classpath:InspireTest/ngr/datasetrecords/def/checkxlinkurl.template.feature
arg: {"link":"http://rdfdata.eionet.europa.eu/inspirethemes/themes/10"}
checkxlinkurl.template.feature:15 - status code was: 404, expected: 200, response time: 200, url: http://rdfdata.eionet.europa.eu/inspirethemes/themes/10, response: 
-------
feature call (loop) failed at index: 2
caller: classpath:InspireTest/ngr/datasetrecords/def/checkxlinkurl.template.feature
arg: {"link":"urn:ogc:def:crs:EPSG::5709"}
checkxlinkurl.template.feature:14 - 
org.apache.http.client.ClientProtocolException: URI does not specify a valid host name: urn:ogc:def:crs:EPSG::5709
[1.62:16] ngr-check-dataset-record.feature:80 - feature call (loop) failed: classpath:InspireTest/ngr/datasetrecords/def/checkxlinkurl.template.feature
caller: classpath:InspireTest/ngr/datasetrecords/ngr-check-dataset-record.feature
items: [{link=https://www.nationaalgeoregister.nl/geonetwork/srv/dut/catalog.search#/metadata/9b583730-e750-485a-9c0c-39bf9be72cf9}, {link=http://rdfdata.eionet.europa.eu/inspirethemes/themes/18}, {link=https://ngr.geocat.live/geonetwork/srv/eng/thesaurus.download?ref=external.theme.httpinspireeceuropaeumetadatacodelistPrioritydataset-Prioritydataset}, {link=urn:ogc:def:crs:EPSG::5709}]
errors:
-------
feature call (loop) failed at index: 1
caller: classpath:InspireTest/ngr/datasetrecords/def/checkxlinkurl.template.feature
arg: {"link":"http://rdfdata.eionet.europa.eu/inspirethemes/themes/18"}
checkxlinkurl.template.feature:15 - status code was: 404, expected: 200, response time: 199, url: http://rdfdata.eionet.europa.eu/inspirethemes/themes/18, response: 
-------
feature call (loop) failed at index: 2
caller: classpath:InspireTest/ngr/datasetrecords/def/checkxlinkurl.template.feature
arg: {"link":"https://ngr.geocat.live/geonetwork/srv/eng/thesaurus.download?ref=external.theme.httpinspireeceuropaeumetadatacodelistPrioritydataset-Prioritydataset"}
checkxlinkurl.template.feature:15 - status code was: 500, expected: 200, response time: 307, url: https://ngr.geocat.live/geonetwork/srv/eng/thesaurus.download?ref=external.theme.httpinspireeceuropaeumetadatacodelistPrioritydataset-Prioritydataset, response: 
-------
feature call (loop) failed at index: 3
caller: classpath:InspireTest/ngr/datasetrecords/def/checkxlinkurl.template.feature
arg: {"link":"urn:ogc:def:crs:EPSG::5709"}
checkxlinkurl.template.feature:14 - 
org.apache.http.client.ClientProtocolException: URI does not specify a valid host name: urn:ogc:def:crs:EPSG::5709
[1.63:16] ngr-check-dataset-record.feature:80 - feature call (loop) failed: classpath:InspireTest/ngr/datasetrecords/def/checkxlinkurl.template.feature
caller: classpath:InspireTest/ngr/datasetrecords/ngr-check-dataset-record.feature
items: [{link=https://www.nationaalgeoregister.nl/geonetwork/srv/dut/catalog.search#/metadata/eu-f297898-2640-44c2-bbe9-c0480da83794}, {link=http://rdfdata.eionet.europa.eu/inspirethemes/themes/8}, {link=urn:ogc:def:crs:EPSG::5709}]
errors:
-------
feature call (loop) failed at index: 1
caller: classpath:InspireTest/ngr/datasetrecords/def/checkxlinkurl.template.feature
arg: {"link":"http://rdfdata.eionet.europa.eu/inspirethemes/themes/8"}
checkxlinkurl.template.feature:15 - status code was: 404, expected: 200, response time: 201, url: http://rdfdata.eionet.europa.eu/inspirethemes/themes/8, response: 
-------
feature call (loop) failed at index: 2
caller: classpath:InspireTest/ngr/datasetrecords/def/checkxlinkurl.template.feature
arg: {"link":"urn:ogc:def:crs:EPSG::5709"}
checkxlinkurl.template.feature:14 - 
org.apache.http.client.ClientProtocolException: URI does not specify a valid host name: urn:ogc:def:crs:EPSG::5709
[1.64:16] ngr-check-dataset-record.feature:80 - feature call (loop) failed: classpath:InspireTest/ngr/datasetrecords/def/checkxlinkurl.template.feature
caller: classpath:InspireTest/ngr/datasetrecords/ngr-check-dataset-record.feature
items: [{link=https://www.nationaalgeoregister.nl/geonetwork/srv/dut/catalog.search#/metadata/4783ea4f-6b8c-4600-8af0-516f3556cfe9}, {link=http://rdfdata.eionet.europa.eu/inspirethemes/themes/24}, {link=}, {link=}, {link=}, {link=urn:ogc:def:crs:EPSG::5709}]
errors:
-------
feature call (loop) failed at index: 1
caller: classpath:InspireTest/ngr/datasetrecords/def/checkxlinkurl.template.feature
arg: {"link":"http://rdfdata.eionet.europa.eu/inspirethemes/themes/24"}
checkxlinkurl.template.feature:15 - status code was: 404, expected: 200, response time: 200, url: http://rdfdata.eionet.europa.eu/inspirethemes/themes/24, response: 
-------
feature call (loop) failed at index: 2
caller: classpath:InspireTest/ngr/datasetrecords/def/checkxlinkurl.template.feature
arg: {"link":""}
checkxlinkurl.template.feature:14 - 
org.apache.http.client.ClientProtocolException
-------
feature call (loop) failed at index: 3
caller: classpath:InspireTest/ngr/datasetrecords/def/checkxlinkurl.template.feature
arg: {"link":""}
checkxlinkurl.template.feature:14 - 
org.apache.http.client.ClientProtocolException
-------
feature call (loop) failed at index: 4
caller: classpath:InspireTest/ngr/datasetrecords/def/checkxlinkurl.template.feature
arg: {"link":""}
checkxlinkurl.template.feature:14 - 
org.apache.http.client.ClientProtocolException
-------
feature call (loop) failed at index: 5
caller: classpath:InspireTest/ngr/datasetrecords/def/checkxlinkurl.template.feature
arg: {"link":"urn:ogc:def:crs:EPSG::5709"}
checkxlinkurl.template.feature:14 - 
org.apache.http.client.ClientProtocolException: URI does not specify a valid host name: urn:ogc:def:crs:EPSG::5709
[1.65:16] ngr-check-dataset-record.feature:80 - feature call (loop) failed: classpath:InspireTest/ngr/datasetrecords/def/checkxlinkurl.template.feature
caller: classpath:InspireTest/ngr/datasetrecords/ngr-check-dataset-record.feature
items: [{link=https://data.rivm.nl/inspire/id#a3b9f437-f571-4a00-b3c3-58e4354c244f}]
errors:
-------
feature call (loop) failed at index: 0
caller: classpath:InspireTest/ngr/datasetrecords/def/checkxlinkurl.template.feature
arg: {"link":"https://data.rivm.nl/inspire/id#a3b9f437-f571-4a00-b3c3-58e4354c244f"}
checkxlinkurl.template.feature:14 - 
javax.net.ssl.SSLException: Connection reset
[1.66:16] ngr-check-dataset-record.feature:80 - feature call (loop) failed: classpath:InspireTest/ngr/datasetrecords/def/checkxlinkurl.template.feature
caller: classpath:InspireTest/ngr/datasetrecords/ngr-check-dataset-record.feature
items: [{link=https://www.nationaalgeoregister.nl/geonetwork/srv/dut/catalog.search#/metadata/adn73c4a-ef03-4785-b7f6-942e86b385f7}, {link=http://rdfdata.eionet.europa.eu/inspirethemes/themes/10}, {link=urn:ogc:def:crs:EPSG::5709}]
errors:
-------
feature call (loop) failed at index: 1
caller: classpath:InspireTest/ngr/datasetrecords/def/checkxlinkurl.template.feature
arg: {"link":"http://rdfdata.eionet.europa.eu/inspirethemes/themes/10"}
checkxlinkurl.template.feature:15 - status code was: 404, expected: 200, response time: 200, url: http://rdfdata.eionet.europa.eu/inspirethemes/themes/10, response: 
-------
feature call (loop) failed at index: 2
caller: classpath:InspireTest/ngr/datasetrecords/def/checkxlinkurl.template.feature
arg: {"link":"urn:ogc:def:crs:EPSG::5709"}
checkxlinkurl.template.feature:14 - 
org.apache.http.client.ClientProtocolException: URI does not specify a valid host name: urn:ogc:def:crs:EPSG::5709
[1.67:16] ngr-check-dataset-record.feature:80 - feature call (loop) failed: classpath:InspireTest/ngr/datasetrecords/def/checkxlinkurl.template.feature
caller: classpath:InspireTest/ngr/datasetrecords/ngr-check-dataset-record.feature
items: [{link=https://www.nationaalgeoregister.nl/geonetwork/srv/dut/catalog.search#/metadata/50eef6be-619d-4e16-9b92-48971109b636}, {link=http://rdfdata.eionet.europa.eu/inspirethemes/themes/18}, {link=http://inspire.ec.europa.eu/metadata-codelist/PriorityDataset/MajorRoadsNoiseExposureDelineationNight-dir-2002-49}, {link=https://ngr.geocat.live/geonetwork/srv/eng/thesaurus.download?ref=external.theme.httpinspireeceuropaeumetadatacodelistPrioritydataset-Prioritydataset}, {link=urn:ogc:def:crs:EPSG::5709}]
errors:
-------
feature call (loop) failed at index: 1
caller: classpath:InspireTest/ngr/datasetrecords/def/checkxlinkurl.template.feature
arg: {"link":"http://rdfdata.eionet.europa.eu/inspirethemes/themes/18"}
checkxlinkurl.template.feature:15 - status code was: 404, expected: 200, response time: 200, url: http://rdfdata.eionet.europa.eu/inspirethemes/themes/18, response: 
-------
feature call (loop) failed at index: 3
caller: classpath:InspireTest/ngr/datasetrecords/def/checkxlinkurl.template.feature
arg: {"link":"https://ngr.geocat.live/geonetwork/srv/eng/thesaurus.download?ref=external.theme.httpinspireeceuropaeumetadatacodelistPrioritydataset-Prioritydataset"}
checkxlinkurl.template.feature:15 - status code was: 500, expected: 200, response time: 309, url: https://ngr.geocat.live/geonetwork/srv/eng/thesaurus.download?ref=external.theme.httpinspireeceuropaeumetadatacodelistPrioritydataset-Prioritydataset, response: 
-------
feature call (loop) failed at index: 4
caller: classpath:InspireTest/ngr/datasetrecords/def/checkxlinkurl.template.feature
arg: {"link":"urn:ogc:def:crs:EPSG::5709"}
checkxlinkurl.template.feature:14 - 
org.apache.http.client.ClientProtocolException: URI does not specify a valid host name: urn:ogc:def:crs:EPSG::5709
[1.68:16] ngr-check-dataset-record.feature:80 - feature call (loop) failed: classpath:InspireTest/ngr/datasetrecords/def/checkxlinkurl.template.feature
caller: classpath:InspireTest/ngr/datasetrecords/ngr-check-dataset-record.feature
items: [{link=https://www.nationaalgeoregister.nl/geonetwork/srv/dut/catalog.search#/metadata/9b583730-e750-485a-9c0c-39bf9be72cf8}, {link=http://rdfdata.eionet.europa.eu/inspirethemes/themes/18}, {link=https://ngr.geocat.live/geonetwork/srv/eng/thesaurus.download?ref=external.theme.httpinspireeceuropaeumetadatacodelistPrioritydataset-Prioritydataset}]
errors:
-------
feature call (loop) failed at index: 1
caller: classpath:InspireTest/ngr/datasetrecords/def/checkxlinkurl.template.feature
arg: {"link":"http://rdfdata.eionet.europa.eu/inspirethemes/themes/18"}
checkxlinkurl.template.feature:15 - status code was: 404, expected: 200, response time: 200, url: http://rdfdata.eionet.europa.eu/inspirethemes/themes/18, response: 
-------
feature call (loop) failed at index: 2
caller: classpath:InspireTest/ngr/datasetrecords/def/checkxlinkurl.template.feature
arg: {"link":"https://ngr.geocat.live/geonetwork/srv/eng/thesaurus.download?ref=external.theme.httpinspireeceuropaeumetadatacodelistPrioritydataset-Prioritydataset"}
checkxlinkurl.template.feature:15 - status code was: 500, expected: 200, response time: 312, url: https://ngr.geocat.live/geonetwork/srv/eng/thesaurus.download?ref=external.theme.httpinspireeceuropaeumetadatacodelistPrioritydataset-Prioritydataset, response: 
[1.69:16] ngr-check-dataset-record.feature:80 - feature call (loop) failed: classpath:InspireTest/ngr/datasetrecords/def/checkxlinkurl.template.feature
caller: classpath:InspireTest/ngr/datasetrecords/ngr-check-dataset-record.feature
items: [{link=https://www.nationaalgeoregister.nl/geonetwork/srv/dut/catalog.search#/metadata/tbjk534p-wubf-crbp-cj25-d4161160gfim}, {link=http://rdfdata.eionet.europa.eu/inspirethemes/themes/28}, {link=https://ngr.geocat.live/geonetwork/srv/eng/thesaurus.download?ref=external.theme.httpinspireeceuropaeumetadatacodelistPrioritydataset-Prioritydataset}]
errors:
-------
feature call (loop) failed at index: 1
caller: classpath:InspireTest/ngr/datasetrecords/def/checkxlinkurl.template.feature
arg: {"link":"http://rdfdata.eionet.europa.eu/inspirethemes/themes/28"}
checkxlinkurl.template.feature:15 - status code was: 404, expected: 200, response time: 200, url: http://rdfdata.eionet.europa.eu/inspirethemes/themes/28, response: 
-------
feature call (loop) failed at index: 2
caller: classpath:InspireTest/ngr/datasetrecords/def/checkxlinkurl.template.feature
arg: {"link":"https://ngr.geocat.live/geonetwork/srv/eng/thesaurus.download?ref=external.theme.httpinspireeceuropaeumetadatacodelistPrioritydataset-Prioritydataset"}
checkxlinkurl.template.feature:15 - status code was: 500, expected: 200, response time: 680, url: https://ngr.geocat.live/geonetwork/srv/eng/thesaurus.download?ref=external.theme.httpinspireeceuropaeumetadatacodelistPrioritydataset-Prioritydataset, response: 
[1.70:16] ngr-check-dataset-record.feature:80 - feature call (loop) failed: classpath:InspireTest/ngr/datasetrecords/def/checkxlinkurl.template.feature
caller: classpath:InspireTest/ngr/datasetrecords/ngr-check-dataset-record.feature
items: [{link=https://www.nationaalgeoregister.nl/geonetwork/srv/dut/catalog.search#/metadata/68ebd5c9-0ea1-4f22-9907-ec4c063cd3e2}, {link=http://rdfdata.eionet.europa.eu/inspirethemes/themes/20}, {link=urn:ogc:def:crs:EPSG::5709}]
errors:
-------
feature call (loop) failed at index: 1
caller: classpath:InspireTest/ngr/datasetrecords/def/checkxlinkurl.template.feature
arg: {"link":"http://rdfdata.eionet.europa.eu/inspirethemes/themes/20"}
checkxlinkurl.template.feature:15 - status code was: 404, expected: 200, response time: 200, url: http://rdfdata.eionet.europa.eu/inspirethemes/themes/20, response: 
-------
feature call (loop) failed at index: 2
caller: classpath:InspireTest/ngr/datasetrecords/def/checkxlinkurl.template.feature
arg: {"link":"urn:ogc:def:crs:EPSG::5709"}
checkxlinkurl.template.feature:14 - 
org.apache.http.client.ClientProtocolException: URI does not specify a valid host name: urn:ogc:def:crs:EPSG::5709
[1.71:16] ngr-check-dataset-record.feature:80 - feature call (loop) failed: classpath:InspireTest/ngr/datasetrecords/def/checkxlinkurl.template.feature
caller: classpath:InspireTest/ngr/datasetrecords/ngr-check-dataset-record.feature
items: [{link=http://kadaster/3bf3f7f3-8ac9-4203-bb95-2c932d5f0f3e}]
errors:
-------
feature call (loop) failed at index: 0
caller: classpath:InspireTest/ngr/datasetrecords/def/checkxlinkurl.template.feature
arg: {"link":"http://kadaster/3bf3f7f3-8ac9-4203-bb95-2c932d5f0f3e"}
checkxlinkurl.template.feature:14 - 
java.net.UnknownHostException: kadaster
[1.72:16] ngr-check-dataset-record.feature:80 - feature call (loop) failed: classpath:InspireTest/ngr/datasetrecords/def/checkxlinkurl.template.feature
caller: classpath:InspireTest/ngr/datasetrecords/ngr-check-dataset-record.feature
items: [{link=https://www.nationaalgeoregister.nl/geonetwork/srv/dut/catalog.search#/metadata/cf69ec50-9849-4afd-853c-ee56211d336d}, {link=http://rdfdata.eionet.europa.eu/inspirethemes/themes/20}, {link=http://rdfdata.eionet.europa.eu/inspirethemes/themes/28}, {link=urn:ogc:def:crs:EPSG::5709}]
errors:
-------
feature call (loop) failed at index: 1
caller: classpath:InspireTest/ngr/datasetrecords/def/checkxlinkurl.template.feature
arg: {"link":"http://rdfdata.eionet.europa.eu/inspirethemes/themes/20"}
checkxlinkurl.template.feature:15 - status code was: 404, expected: 200, response time: 200, url: http://rdfdata.eionet.europa.eu/inspirethemes/themes/20, response: 
-------
feature call (loop) failed at index: 2
caller: classpath:InspireTest/ngr/datasetrecords/def/checkxlinkurl.template.feature
arg: {"link":"http://rdfdata.eionet.europa.eu/inspirethemes/themes/28"}
checkxlinkurl.template.feature:15 - status code was: 404, expected: 200, response time: 200, url: http://rdfdata.eionet.europa.eu/inspirethemes/themes/28, response: 
-------
feature call (loop) failed at index: 3
caller: classpath:InspireTest/ngr/datasetrecords/def/checkxlinkurl.template.feature
arg: {"link":"urn:ogc:def:crs:EPSG::5709"}
checkxlinkurl.template.feature:14 - 
org.apache.http.client.ClientProtocolException: URI does not specify a valid host name: urn:ogc:def:crs:EPSG::5709
[1.73:16] ngr-check-dataset-record.feature:80 - feature call (loop) failed: classpath:InspireTest/ngr/datasetrecords/def/checkxlinkurl.template.feature
caller: classpath:InspireTest/ngr/datasetrecords/ngr-check-dataset-record.feature
items: [{link=http://www.opengis.net/def/crs/EPSG/0/https://www.opengis.net/def/crs/EPSG/0/4258}, {link=https://www.nationaalgeoregister.nl/geonetwork/srv/api/recordsf44dac86-2228-412f-8355-e56446ca9933}, {link=www.hydro.nl}]
errors:
-------
feature call (loop) failed at index: 1
caller: classpath:InspireTest/ngr/datasetrecords/def/checkxlinkurl.template.feature
arg: {"link":"https://www.nationaalgeoregister.nl/geonetwork/srv/api/recordsf44dac86-2228-412f-8355-e56446ca9933"}
checkxlinkurl.template.feature:15 - status code was: 500, expected: 200, response time: 446, url: https://www.nationaalgeoregister.nl/geonetwork/srv/api/recordsf44dac86-2228-412f-8355-e56446ca9933, response: 
-------
feature call (loop) failed at index: 2
caller: classpath:InspireTest/ngr/datasetrecords/def/checkxlinkurl.template.feature
arg: {"link":"www.hydro.nl"}
checkxlinkurl.template.feature:14 - 
org.apache.http.client.ClientProtocolException
[1.74:16] ngr-check-dataset-record.feature:80 - feature call (loop) failed: classpath:InspireTest/ngr/datasetrecords/def/checkxlinkurl.template.feature
caller: classpath:InspireTest/ngr/datasetrecords/ngr-check-dataset-record.feature
items: [{link=https://data.rivm.nl/inspire/id#b867ba72-5a7c-41fe-b997-394b56dfbd25}]
errors:
-------
feature call (loop) failed at index: 0
caller: classpath:InspireTest/ngr/datasetrecords/def/checkxlinkurl.template.feature
arg: {"link":"https://data.rivm.nl/inspire/id#b867ba72-5a7c-41fe-b997-394b56dfbd25"}
checkxlinkurl.template.feature:14 - 
javax.net.ssl.SSLException: Connection reset
[1.76:16] ngr-check-dataset-record.feature:80 - feature call (loop) failed: classpath:InspireTest/ngr/datasetrecords/def/checkxlinkurl.template.feature
caller: classpath:InspireTest/ngr/datasetrecords/ngr-check-dataset-record.feature
items: [{link=http://www.opengis.net/def/crs/EPSG/0/http://www.opengis.net/def/crs/EPSG/0/4258}, {link=http://kadaster/7cdfa80a-cfbf-4324-978d-f1f141756b66}]
errors:
-------
feature call (loop) failed at index: 1
caller: classpath:InspireTest/ngr/datasetrecords/def/checkxlinkurl.template.feature
arg: {"link":"http://kadaster/7cdfa80a-cfbf-4324-978d-f1f141756b66"}
checkxlinkurl.template.feature:14 - 
java.net.UnknownHostException: kadaster: Temporary failure in name resolution
[1.77:16] ngr-check-dataset-record.feature:80 - feature call (loop) failed: classpath:InspireTest/ngr/datasetrecords/def/checkxlinkurl.template.feature
caller: classpath:InspireTest/ngr/datasetrecords/ngr-check-dataset-record.feature
items: [{link=https://nationaalgeoregister.nl/geonetwork/srv/resourcese26eb6c9-c441-43e8-8db6-aabbf11578fd}, {link=http://rdfdata.eionet.europa.eu/inspirethemes/themes/16}, {link=http://geonetwork-opensource.org/inspire-theme#}, {link=https://www.nationaalgeoregister.nl/geonetwork/srv/eng/thesaurus.download?ref=external.theme.inspire-theme}]
errors:
-------
feature call (loop) failed at index: 0
caller: classpath:InspireTest/ngr/datasetrecords/def/checkxlinkurl.template.feature
arg: {"link":"https://nationaalgeoregister.nl/geonetwork/srv/resourcese26eb6c9-c441-43e8-8db6-aabbf11578fd"}
checkxlinkurl.template.feature:15 - status code was: 404, expected: 200, response time: 284, url: https://nationaalgeoregister.nl/geonetwork/srv/resourcese26eb6c9-c441-43e8-8db6-aabbf11578fd, response: 
-------
feature call (loop) failed at index: 1
caller: classpath:InspireTest/ngr/datasetrecords/def/checkxlinkurl.template.feature
arg: {"link":"http://rdfdata.eionet.europa.eu/inspirethemes/themes/16"}
checkxlinkurl.template.feature:15 - status code was: 404, expected: 200, response time: 200, url: http://rdfdata.eionet.europa.eu/inspirethemes/themes/16, response: 
-------
feature call (loop) failed at index: 2
caller: classpath:InspireTest/ngr/datasetrecords/def/checkxlinkurl.template.feature
arg: {"link":"http://geonetwork-opensource.org/inspire-theme#"}
checkxlinkurl.template.feature:15 - status code was: 404, expected: 200, response time: 399, url: http://geonetwork-opensource.org/inspire-theme#, response: 
-------
feature call (loop) failed at index: 3
caller: classpath:InspireTest/ngr/datasetrecords/def/checkxlinkurl.template.feature
arg: {"link":"https://www.nationaalgeoregister.nl/geonetwork/srv/eng/thesaurus.download?ref=external.theme.inspire-theme"}
checkxlinkurl.template.feature:15 - status code was: 500, expected: 200, response time: 521, url: https://www.nationaalgeoregister.nl/geonetwork/srv/eng/thesaurus.download?ref=external.theme.inspire-theme, response: 
[1.78:16] ngr-check-dataset-record.feature:80 - feature call (loop) failed: classpath:InspireTest/ngr/datasetrecords/def/checkxlinkurl.template.feature
caller: classpath:InspireTest/ngr/datasetrecords/ngr-check-dataset-record.feature
items: [{link=https://geodata.nationaalgeoregister.nl/inspire/su-grid/wfs}, {link=}]
errors:
-------
feature call (loop) failed at index: 0
caller: classpath:InspireTest/ngr/datasetrecords/def/checkxlinkurl.template.feature
arg: {"link":"https://geodata.nationaalgeoregister.nl/inspire/su-grid/wfs"}
checkxlinkurl.template.feature:15 - status code was: 400, expected: 200, response time: 419, url: https://geodata.nationaalgeoregister.nl/inspire/su-grid/wfs, response: 
-------
feature call (loop) failed at index: 1
caller: classpath:InspireTest/ngr/datasetrecords/def/checkxlinkurl.template.feature
arg: {"link":""}
checkxlinkurl.template.feature:14 - 
org.apache.http.client.ClientProtocolException
[1.80:16] ngr-check-dataset-record.feature:80 - feature call (loop) failed: classpath:InspireTest/ngr/datasetrecords/def/checkxlinkurl.template.feature
caller: classpath:InspireTest/ngr/datasetrecords/ngr-check-dataset-record.feature
items: [{link=http://kadaster/2482250f-3b00-4439-9f93-f3118229b201}, {link=}, {link=}, {link=}, {link=}, {link=}]
errors:
-------
feature call (loop) failed at index: 0
caller: classpath:InspireTest/ngr/datasetrecords/def/checkxlinkurl.template.feature
arg: {"link":"http://kadaster/2482250f-3b00-4439-9f93-f3118229b201"}
checkxlinkurl.template.feature:14 - 
java.net.UnknownHostException: kadaster
-------
feature call (loop) failed at index: 1
caller: classpath:InspireTest/ngr/datasetrecords/def/checkxlinkurl.template.feature
arg: {"link":""}
checkxlinkurl.template.feature:14 - 
org.apache.http.client.ClientProtocolException
-------
feature call (loop) failed at index: 2
caller: classpath:InspireTest/ngr/datasetrecords/def/checkxlinkurl.template.feature
arg: {"link":""}
checkxlinkurl.template.feature:14 - 
org.apache.http.client.ClientProtocolException
-------
feature call (loop) failed at index: 3
caller: classpath:InspireTest/ngr/datasetrecords/def/checkxlinkurl.template.feature
arg: {"link":""}
checkxlinkurl.template.feature:14 - 
org.apache.http.client.ClientProtocolException
-------
feature call (loop) failed at index: 4
caller: classpath:InspireTest/ngr/datasetrecords/def/checkxlinkurl.template.feature
arg: {"link":""}
checkxlinkurl.template.feature:14 - 
org.apache.http.client.ClientProtocolException
-------
feature call (loop) failed at index: 5
caller: classpath:InspireTest/ngr/datasetrecords/def/checkxlinkurl.template.feature
arg: {"link":""}
checkxlinkurl.template.feature:14 - 
org.apache.http.client.ClientProtocolException
[1.81:16] ngr-check-dataset-record.feature:80 - feature call (loop) failed: classpath:InspireTest/ngr/datasetrecords/def/checkxlinkurl.template.feature
caller: classpath:InspireTest/ngr/datasetrecords/ngr-check-dataset-record.feature
items: [{link=https://data.rivm.nl/inspire/id#df9bc66f-941b-4c38-a104-1b8d940a53db}]
errors:
-------
feature call (loop) failed at index: 0
caller: classpath:InspireTest/ngr/datasetrecords/def/checkxlinkurl.template.feature
arg: {"link":"https://data.rivm.nl/inspire/id#df9bc66f-941b-4c38-a104-1b8d940a53db"}
checkxlinkurl.template.feature:14 - 
javax.net.ssl.SSLException: Connection reset
[1.82:16] ngr-check-dataset-record.feature:80 - feature call (loop) failed: classpath:InspireTest/ngr/datasetrecords/def/checkxlinkurl.template.feature
caller: classpath:InspireTest/ngr/datasetrecords/ngr-check-dataset-record.feature
items: [{link=https://nationaalgeoregister.nl/geonetwork/srv/resources7d4d5090-8b18-4c30-a07a-9d738039112f}, {link=http://rdfdata.eionet.europa.eu/inspirethemes/themes/13}, {link=http://geonetwork-opensource.org/inspire-theme#}, {link=https://www.nationaalgeoregister.nl/geonetwork/srv/eng/thesaurus.download?ref=external.theme.inspire-theme}]
errors:
-------
feature call (loop) failed at index: 0
caller: classpath:InspireTest/ngr/datasetrecords/def/checkxlinkurl.template.feature
arg: {"link":"https://nationaalgeoregister.nl/geonetwork/srv/resources7d4d5090-8b18-4c30-a07a-9d738039112f"}
checkxlinkurl.template.feature:15 - status code was: 404, expected: 200, response time: 293, url: https://nationaalgeoregister.nl/geonetwork/srv/resources7d4d5090-8b18-4c30-a07a-9d738039112f, response: 
-------
feature call (loop) failed at index: 1
caller: classpath:InspireTest/ngr/datasetrecords/def/checkxlinkurl.template.feature
arg: {"link":"http://rdfdata.eionet.europa.eu/inspirethemes/themes/13"}
checkxlinkurl.template.feature:15 - status code was: 404, expected: 200, response time: 200, url: http://rdfdata.eionet.europa.eu/inspirethemes/themes/13, response: 
-------
feature call (loop) failed at index: 2
caller: classpath:InspireTest/ngr/datasetrecords/def/checkxlinkurl.template.feature
arg: {"link":"http://geonetwork-opensource.org/inspire-theme#"}
checkxlinkurl.template.feature:15 - status code was: 404, expected: 200, response time: 395, url: http://geonetwork-opensource.org/inspire-theme#, response: 
-------
feature call (loop) failed at index: 3
caller: classpath:InspireTest/ngr/datasetrecords/def/checkxlinkurl.template.feature
arg: {"link":"https://www.nationaalgeoregister.nl/geonetwork/srv/eng/thesaurus.download?ref=external.theme.inspire-theme"}
checkxlinkurl.template.feature:15 - status code was: 500, expected: 200, response time: 330, url: https://www.nationaalgeoregister.nl/geonetwork/srv/eng/thesaurus.download?ref=external.theme.inspire-theme, response: 
[1.83:16] ngr-check-dataset-record.feature:80 - feature call (loop) failed: classpath:InspireTest/ngr/datasetrecords/def/checkxlinkurl.template.feature
caller: classpath:InspireTest/ngr/datasetrecords/ngr-check-dataset-record.feature
items: [{link=https://nationaalgeoregister.nl/geonetwork/srv/resources8bdf76b6-c9c9-4011-a7bc-022ae14a4024}, {link=http://rdfdata.eionet.europa.eu/inspirethemes/themes/24}, {link=http://geonetwork-opensource.org/inspire-theme#}, {link=https://www.nationaalgeoregister.nl/geonetwork/srv/eng/thesaurus.download?ref=external.theme.inspire-theme}]
errors:
-------
feature call (loop) failed at index: 0
caller: classpath:InspireTest/ngr/datasetrecords/def/checkxlinkurl.template.feature
arg: {"link":"https://nationaalgeoregister.nl/geonetwork/srv/resources8bdf76b6-c9c9-4011-a7bc-022ae14a4024"}
checkxlinkurl.template.feature:15 - status code was: 404, expected: 200, response time: 292, url: https://nationaalgeoregister.nl/geonetwork/srv/resources8bdf76b6-c9c9-4011-a7bc-022ae14a4024, response: 
-------
feature call (loop) failed at index: 1
caller: classpath:InspireTest/ngr/datasetrecords/def/checkxlinkurl.template.feature
arg: {"link":"http://rdfdata.eionet.europa.eu/inspirethemes/themes/24"}
checkxlinkurl.template.feature:15 - status code was: 404, expected: 200, response time: 200, url: http://rdfdata.eionet.europa.eu/inspirethemes/themes/24, response: 
-------
feature call (loop) failed at index: 2
caller: classpath:InspireTest/ngr/datasetrecords/def/checkxlinkurl.template.feature
arg: {"link":"http://geonetwork-opensource.org/inspire-theme#"}
checkxlinkurl.template.feature:15 - status code was: 404, expected: 200, response time: 397, url: http://geonetwork-opensource.org/inspire-theme#, response: 
-------
feature call (loop) failed at index: 3
caller: classpath:InspireTest/ngr/datasetrecords/def/checkxlinkurl.template.feature
arg: {"link":"https://www.nationaalgeoregister.nl/geonetwork/srv/eng/thesaurus.download?ref=external.theme.inspire-theme"}
checkxlinkurl.template.feature:15 - status code was: 500, expected: 200, response time: 308, url: https://www.nationaalgeoregister.nl/geonetwork/srv/eng/thesaurus.download?ref=external.theme.inspire-theme, response: 
[1.84:16] ngr-check-dataset-record.feature:80 - feature call (loop) failed: classpath:InspireTest/ngr/datasetrecords/def/checkxlinkurl.template.feature
caller: classpath:InspireTest/ngr/datasetrecords/ngr-check-dataset-record.feature
items: [{link=https://ngr.acceptatie.nationaalgeoregister.nl/geonetwork/srv/resources9d973c4a-ef03-4785-b7f6-942e86b385f7}, {link=www.hydro.nl}, {link=https://www.nationaalgeoregister.nl/geonetwork/srv/eng/thesaurus.download?ref=external.theme.inspire-theme}]
errors:
-------
feature call (loop) failed at index: 0
caller: classpath:InspireTest/ngr/datasetrecords/def/checkxlinkurl.template.feature
arg: {"link":"https://ngr.acceptatie.nationaalgeoregister.nl/geonetwork/srv/resources9d973c4a-ef03-4785-b7f6-942e86b385f7"}
checkxlinkurl.template.feature:15 - status code was: 404, expected: 200, response time: 290, url: https://ngr.acceptatie.nationaalgeoregister.nl/geonetwork/srv/resources9d973c4a-ef03-4785-b7f6-942e86b385f7, response: 
-------
feature call (loop) failed at index: 1
caller: classpath:InspireTest/ngr/datasetrecords/def/checkxlinkurl.template.feature
arg: {"link":"www.hydro.nl"}
checkxlinkurl.template.feature:14 - 
org.apache.http.client.ClientProtocolException
-------
feature call (loop) failed at index: 2
caller: classpath:InspireTest/ngr/datasetrecords/def/checkxlinkurl.template.feature
arg: {"link":"https://www.nationaalgeoregister.nl/geonetwork/srv/eng/thesaurus.download?ref=external.theme.inspire-theme"}
checkxlinkurl.template.feature:15 - status code was: 500, expected: 200, response time: 321, url: https://www.nationaalgeoregister.nl/geonetwork/srv/eng/thesaurus.download?ref=external.theme.inspire-theme, response: 
[1.85:16] ngr-check-dataset-record.feature:80 - feature call (loop) failed: classpath:InspireTest/ngr/datasetrecords/def/checkxlinkurl.template.feature
caller: classpath:InspireTest/ngr/datasetrecords/ngr-check-dataset-record.feature
items: [{link=https://www.nationaalgeoregister.nl/geonetwork/srv/api/records83dab947-387b-49df-8ad2-32bb10d46d38}]
errors:
-------
feature call (loop) failed at index: 0
caller: classpath:InspireTest/ngr/datasetrecords/def/checkxlinkurl.template.feature
arg: {"link":"https://www.nationaalgeoregister.nl/geonetwork/srv/api/records83dab947-387b-49df-8ad2-32bb10d46d38"}
checkxlinkurl.template.feature:15 - status code was: 500, expected: 200, response time: 447, url: https://www.nationaalgeoregister.nl/geonetwork/srv/api/records83dab947-387b-49df-8ad2-32bb10d46d38, response: 
[1.86:16] ngr-check-dataset-record.feature:80 - feature call (loop) failed: classpath:InspireTest/ngr/datasetrecords/def/checkxlinkurl.template.feature
caller: classpath:InspireTest/ngr/datasetrecords/ngr-check-dataset-record.feature
items: [{link=http://kadaster/2482250f-3b00-4439-9f93-f3118229b018}, {link=}, {link=}, {link=}]
errors:
-------
feature call (loop) failed at index: 0
caller: classpath:InspireTest/ngr/datasetrecords/def/checkxlinkurl.template.feature
arg: {"link":"http://kadaster/2482250f-3b00-4439-9f93-f3118229b018"}
checkxlinkurl.template.feature:14 - 
java.net.UnknownHostException: kadaster
-------
feature call (loop) failed at index: 1
caller: classpath:InspireTest/ngr/datasetrecords/def/checkxlinkurl.template.feature
arg: {"link":""}
checkxlinkurl.template.feature:14 - 
org.apache.http.client.ClientProtocolException
-------
feature call (loop) failed at index: 2
caller: classpath:InspireTest/ngr/datasetrecords/def/checkxlinkurl.template.feature
arg: {"link":""}
checkxlinkurl.template.feature:14 - 
org.apache.http.client.ClientProtocolException
-------
feature call (loop) failed at index: 3
caller: classpath:InspireTest/ngr/datasetrecords/def/checkxlinkurl.template.feature
arg: {"link":""}
checkxlinkurl.template.feature:14 - 
org.apache.http.client.ClientProtocolException
[1.87:16] ngr-check-dataset-record.feature:80 - feature call (loop) failed: classpath:InspireTest/ngr/datasetrecords/def/checkxlinkurl.template.feature
caller: classpath:InspireTest/ngr/datasetrecords/ngr-check-dataset-record.feature
items: [{link=http://www.opengis.net/def/crs/EPSG/0/https://www.opengis.net/def/crs/EPSG/0/4258}, {link=https://www.nationaalgeoregister.nl/geonetwork/srv/api/recordsc2225e5d-b46f-4e38-8445-ab10fd40c0dc}]
errors:
-------
feature call (loop) failed at index: 1
caller: classpath:InspireTest/ngr/datasetrecords/def/checkxlinkurl.template.feature
arg: {"link":"https://www.nationaalgeoregister.nl/geonetwork/srv/api/recordsc2225e5d-b46f-4e38-8445-ab10fd40c0dc"}
checkxlinkurl.template.feature:15 - status code was: 500, expected: 200, response time: 309, url: https://www.nationaalgeoregister.nl/geonetwork/srv/api/recordsc2225e5d-b46f-4e38-8445-ab10fd40c0dc, response: 
[1.88:16] ngr-check-dataset-record.feature:80 - feature call (loop) failed: classpath:InspireTest/ngr/datasetrecords/def/checkxlinkurl.template.feature
caller: classpath:InspireTest/ngr/datasetrecords/ngr-check-dataset-record.feature
items: [{link=http://www.opengis.net/def/crs/EPSG/0/https://www.opengis.net/def/crs/EPSG/0/4258}, {link=https://www.nationaalgeoregister.nl/geonetwork/srv/api/recordsf1d27179-36eb-4376-8048-f51d2eb23a09}]
errors:
-------
feature call (loop) failed at index: 1
caller: classpath:InspireTest/ngr/datasetrecords/def/checkxlinkurl.template.feature
arg: {"link":"https://www.nationaalgeoregister.nl/geonetwork/srv/api/recordsf1d27179-36eb-4376-8048-f51d2eb23a09"}
checkxlinkurl.template.feature:15 - status code was: 500, expected: 200, response time: 310, url: https://www.nationaalgeoregister.nl/geonetwork/srv/api/recordsf1d27179-36eb-4376-8048-f51d2eb23a09, response: 
[1.89:16] ngr-check-dataset-record.feature:80 - feature call (loop) failed: classpath:InspireTest/ngr/datasetrecords/def/checkxlinkurl.template.feature
caller: classpath:InspireTest/ngr/datasetrecords/ngr-check-dataset-record.feature
items: [{link=https://data.rivm.nl/inspire/id#5cb4b489-67c8-44bc-85c5-424a80a53b3b}]
errors:
-------
feature call (loop) failed at index: 0
caller: classpath:InspireTest/ngr/datasetrecords/def/checkxlinkurl.template.feature
arg: {"link":"https://data.rivm.nl/inspire/id#5cb4b489-67c8-44bc-85c5-424a80a53b3b"}
checkxlinkurl.template.feature:14 - 
javax.net.ssl.SSLException: Connection reset
[1.90:16] ngr-check-dataset-record.feature:80 - feature call (loop) failed: classpath:InspireTest/ngr/datasetrecords/def/checkxlinkurl.template.feature
caller: classpath:InspireTest/ngr/datasetrecords/ngr-check-dataset-record.feature
items: [{link=https://www.nationaalgeoregister.nl/geonetwork/srv/dut/catalog.search#/metadata/be1b1514-8d1f-48e1-9624-fee9b784138b}, {link=http://rdfdata.eionet.europa.eu/inspirethemes/themes/7}, {link=urn:ogc:def:crs:EPSG::5709}]
errors:
-------
feature call (loop) failed at index: 1
caller: classpath:InspireTest/ngr/datasetrecords/def/checkxlinkurl.template.feature
arg: {"link":"http://rdfdata.eionet.europa.eu/inspirethemes/themes/7"}
checkxlinkurl.template.feature:15 - status code was: 404, expected: 200, response time: 201, url: http://rdfdata.eionet.europa.eu/inspirethemes/themes/7, response: 
-------
feature call (loop) failed at index: 2
caller: classpath:InspireTest/ngr/datasetrecords/def/checkxlinkurl.template.feature
arg: {"link":"urn:ogc:def:crs:EPSG::5709"}
checkxlinkurl.template.feature:14 - 
org.apache.http.client.ClientProtocolException: URI does not specify a valid host name: urn:ogc:def:crs:EPSG::5709
[1.91:16] ngr-check-dataset-record.feature:80 - feature call (loop) failed: classpath:InspireTest/ngr/datasetrecords/def/checkxlinkurl.template.feature
caller: classpath:InspireTest/ngr/datasetrecords/ngr-check-dataset-record.feature
items: [{link=https://www.nationaalgeoregister.nl/geonetwork/srv/api/records3e57ce43-7707-43ed-a4b9-72b3a6d812f8}]
errors:
-------
feature call (loop) failed at index: 0
caller: classpath:InspireTest/ngr/datasetrecords/def/checkxlinkurl.template.feature
arg: {"link":"https://www.nationaalgeoregister.nl/geonetwork/srv/api/records3e57ce43-7707-43ed-a4b9-72b3a6d812f8"}
checkxlinkurl.template.feature:15 - status code was: 500, expected: 200, response time: 445, url: https://www.nationaalgeoregister.nl/geonetwork/srv/api/records3e57ce43-7707-43ed-a4b9-72b3a6d812f8, response: 
[1.92:16] ngr-check-dataset-record.feature:80 - feature call (loop) failed: classpath:InspireTest/ngr/datasetrecords/def/checkxlinkurl.template.feature
caller: classpath:InspireTest/ngr/datasetrecords/ngr-check-dataset-record.feature
items: [{link=http://www.opengis.net/def/crs/EPSG/0/http://www.opengis.net/def/crs/EPSG/0/3034}, {link=http://nationaalgeoregister.nl/geonetwork/srv/dut/csw?SERVICE=CSW&version=2.0.2&REQUEST=GetRecordById&elementSetName=full&OutputSchema=http://www.isotc211.org/2005/gmd&ID=58e7dc38-a498-4852-b4ef-908f5baa9056}, {link=https://creativecommons.org/publicdomain/mark/*/deed.nl}, {link=}]
errors:
-------
feature call (loop) failed at index: 2
caller: classpath:InspireTest/ngr/datasetrecords/def/checkxlinkurl.template.feature
arg: {"link":"https://creativecommons.org/publicdomain/mark/*/deed.nl"}
checkxlinkurl.template.feature:15 - status code was: 404, expected: 200, response time: 36, url: https://creativecommons.org/publicdomain/mark/*/deed.nl, response: 
-------
feature call (loop) failed at index: 3
caller: classpath:InspireTest/ngr/datasetrecords/def/checkxlinkurl.template.feature
arg: {"link":""}
checkxlinkurl.template.feature:14 - 
org.apache.http.client.ClientProtocolException
[1.93:16] ngr-check-dataset-record.feature:80 - feature call (loop) failed: classpath:InspireTest/ngr/datasetrecords/def/checkxlinkurl.template.feature
caller: classpath:InspireTest/ngr/datasetrecords/ngr-check-dataset-record.feature
items: [{link=http://standaarden.overheid.nl/owms/terms/Ministerie_van_Landbouw,_Natuur_en_Voedselkwaliteit}, {link=https://www.nationaalgeoregister.nl/geonetwork/srv/api/records3703b249-a0eb-484e-ba7a-10e31a55bcec}, {link=579}]
errors:
-------
feature call (loop) failed at index: 1
caller: classpath:InspireTest/ngr/datasetrecords/def/checkxlinkurl.template.feature
arg: {"link":"https://www.nationaalgeoregister.nl/geonetwork/srv/api/records3703b249-a0eb-484e-ba7a-10e31a55bcec"}
checkxlinkurl.template.feature:15 - status code was: 500, expected: 200, response time: 313, url: https://www.nationaalgeoregister.nl/geonetwork/srv/api/records3703b249-a0eb-484e-ba7a-10e31a55bcec, response: 
-------
feature call (loop) failed at index: 2
caller: classpath:InspireTest/ngr/datasetrecords/def/checkxlinkurl.template.feature
arg: {"link":"579"}
checkxlinkurl.template.feature:14 - 
org.apache.http.client.ClientProtocolException
[1.94:16] ngr-check-dataset-record.feature:80 - feature call (loop) failed: classpath:InspireTest/ngr/datasetrecords/def/checkxlinkurl.template.feature
caller: classpath:InspireTest/ngr/datasetrecords/ngr-check-dataset-record.feature
items: [{link=http://standaarden.overheid.nl/owms/terms/Ministerie_van_Landbouw,_Natuur_en_Voedselkwaliteit}, {link=http://www.nationaalgeoregister.nl/geonetwork/srv/dut/catalog.search#/metadata/a04afee4-47d5-45b7-b7a0-a6f86106af11}, {link=http://standaarden.overheid.nl/owms/terms/Ministerie_van_Landbouw,_Natuur_en_Voedselkwaliteit}, {link=http://standaarden.overheid.nl/owms/terms/Ministerie_van_Landbouw,_Natuur_en_Voedselkwaliteit}, {link=https://data.overheid.nl/organisatie/PDOK}]
errors:
-------
feature call (loop) failed at index: 4
caller: classpath:InspireTest/ngr/datasetrecords/def/checkxlinkurl.template.feature
arg: {"link":"https://data.overheid.nl/organisatie/PDOK"}
checkxlinkurl.template.feature:15 - status code was: 404, expected: 200, response time: 538, url: https://data.overheid.nl/organisatie/PDOK, response: 
[1.95:16] ngr-check-dataset-record.feature:80 - feature call (loop) failed: classpath:InspireTest/ngr/datasetrecords/def/checkxlinkurl.template.feature
caller: classpath:InspireTest/ngr/datasetrecords/ngr-check-dataset-record.feature
items: [{link=https://data.rivm.nl/inspire/id#6e6bf543-e1e3-468d-afae-e88618ad9a65}]
errors:
-------
feature call (loop) failed at index: 0
caller: classpath:InspireTest/ngr/datasetrecords/def/checkxlinkurl.template.feature
arg: {"link":"https://data.rivm.nl/inspire/id#6e6bf543-e1e3-468d-afae-e88618ad9a65"}
checkxlinkurl.template.feature:14 - 
javax.net.ssl.SSLException: Connection reset
[1.97:16] ngr-check-dataset-record.feature:80 - feature call (loop) failed: classpath:InspireTest/ngr/datasetrecords/def/checkxlinkurl.template.feature
caller: classpath:InspireTest/ngr/datasetrecords/ngr-check-dataset-record.feature
items: [{link=https://data.rivm.nl/inspire/id#7247293d-2113-44d8-b335-8167b2ec4d1b}]
errors:
-------
feature call (loop) failed at index: 0
caller: classpath:InspireTest/ngr/datasetrecords/def/checkxlinkurl.template.feature
arg: {"link":"https://data.rivm.nl/inspire/id#7247293d-2113-44d8-b335-8167b2ec4d1b"}
checkxlinkurl.template.feature:14 - 
javax.net.ssl.SSLException: Connection reset
[1.99:16] ngr-check-dataset-record.feature:80 - feature call (loop) failed: classpath:InspireTest/ngr/datasetrecords/def/checkxlinkurl.template.feature
caller: classpath:InspireTest/ngr/datasetrecords/ngr-check-dataset-record.feature
items: [{link=http://www.opengis.net/def/crs/EPSG/0/ETRS89}, {link=https://www.nationaalgeoregister.nl/geonetwork/srv/api/records07575774-57a1-4419-bab4-6c88fdeb02b2}]
errors:
-------
feature call (loop) failed at index: 1
caller: classpath:InspireTest/ngr/datasetrecords/def/checkxlinkurl.template.feature
arg: {"link":"https://www.nationaalgeoregister.nl/geonetwork/srv/api/records07575774-57a1-4419-bab4-6c88fdeb02b2"}
checkxlinkurl.template.feature:15 - status code was: 500, expected: 200, response time: 321, url: https://www.nationaalgeoregister.nl/geonetwork/srv/api/records07575774-57a1-4419-bab4-6c88fdeb02b2, response: 
[1.100:16] ngr-check-dataset-record.feature:80 - feature call (loop) failed: classpath:InspireTest/ngr/datasetrecords/def/checkxlinkurl.template.feature
caller: classpath:InspireTest/ngr/datasetrecords/ngr-check-dataset-record.feature
items: [{link=https://nationaalgeoregister.nl/geonetwork/srv/resources66495385-8f7b-4661-85a7-11a2bbcbb6b9}, {link=http://rdfdata.eionet.europa.eu/inspirethemes/themes/13}, {link=http://geonetwork-opensource.org/inspire-theme#}, {link=https://www.nationaalgeoregister.nl/geonetwork/srv/eng/thesaurus.download?ref=external.theme.inspire-theme}]
errors:
-------
feature call (loop) failed at index: 0
caller: classpath:InspireTest/ngr/datasetrecords/def/checkxlinkurl.template.feature
arg: {"link":"https://nationaalgeoregister.nl/geonetwork/srv/resources66495385-8f7b-4661-85a7-11a2bbcbb6b9"}
checkxlinkurl.template.feature:15 - status code was: 404, expected: 200, response time: 282, url: https://nationaalgeoregister.nl/geonetwork/srv/resources66495385-8f7b-4661-85a7-11a2bbcbb6b9, response: 
-------
feature call (loop) failed at index: 1
caller: classpath:InspireTest/ngr/datasetrecords/def/checkxlinkurl.template.feature
arg: {"link":"http://rdfdata.eionet.europa.eu/inspirethemes/themes/13"}
checkxlinkurl.template.feature:15 - status code was: 404, expected: 200, response time: 200, url: http://rdfdata.eionet.europa.eu/inspirethemes/themes/13, response: 
-------
feature call (loop) failed at index: 2
caller: classpath:InspireTest/ngr/datasetrecords/def/checkxlinkurl.template.feature
arg: {"link":"http://geonetwork-opensource.org/inspire-theme#"}
checkxlinkurl.template.feature:15 - status code was: 404, expected: 200, response time: 398, url: http://geonetwork-opensource.org/inspire-theme#, response: 
-------
feature call (loop) failed at index: 3
caller: classpath:InspireTest/ngr/datasetrecords/def/checkxlinkurl.template.feature
arg: {"link":"https://www.nationaalgeoregister.nl/geonetwork/srv/eng/thesaurus.download?ref=external.theme.inspire-theme"}
checkxlinkurl.template.feature:15 - status code was: 500, expected: 200, response time: 312, url: https://www.nationaalgeoregister.nl/geonetwork/srv/eng/thesaurus.download?ref=external.theme.inspire-theme, response: 
[1.101:16] ngr-check-dataset-record.feature:80 - feature call (loop) failed: classpath:InspireTest/ngr/datasetrecords/def/checkxlinkurl.template.feature
caller: classpath:InspireTest/ngr/datasetrecords/ngr-check-dataset-record.feature
items: [{link=http://kadaster/2482250f-3b00-4439-9f93-f3118229b020}, {link=}, {link=}, {link=}]
errors:
-------
feature call (loop) failed at index: 0
caller: classpath:InspireTest/ngr/datasetrecords/def/checkxlinkurl.template.feature
arg: {"link":"http://kadaster/2482250f-3b00-4439-9f93-f3118229b020"}
checkxlinkurl.template.feature:14 - 
java.net.UnknownHostException: kadaster
-------
feature call (loop) failed at index: 1
caller: classpath:InspireTest/ngr/datasetrecords/def/checkxlinkurl.template.feature
arg: {"link":""}
checkxlinkurl.template.feature:14 - 
org.apache.http.client.ClientProtocolException
-------
feature call (loop) failed at index: 2
caller: classpath:InspireTest/ngr/datasetrecords/def/checkxlinkurl.template.feature
arg: {"link":""}
checkxlinkurl.template.feature:14 - 
org.apache.http.client.ClientProtocolException
-------
feature call (loop) failed at index: 3
caller: classpath:InspireTest/ngr/datasetrecords/def/checkxlinkurl.template.feature
arg: {"link":""}
checkxlinkurl.template.feature:14 - 
org.apache.http.client.ClientProtocolException
[1.102:16] ngr-check-dataset-record.feature:80 - feature call (loop) failed: classpath:InspireTest/ngr/datasetrecords/def/checkxlinkurl.template.feature
caller: classpath:InspireTest/ngr/datasetrecords/ngr-check-dataset-record.feature
items: [{link=https://data.rivm.nl/inspire/id#a98a6cdb-61cd-4107-b775-2334e6772ed5}]
errors:
-------
feature call (loop) failed at index: 0
caller: classpath:InspireTest/ngr/datasetrecords/def/checkxlinkurl.template.feature
arg: {"link":"https://data.rivm.nl/inspire/id#a98a6cdb-61cd-4107-b775-2334e6772ed5"}
checkxlinkurl.template.feature:14 - 
javax.net.ssl.SSLException: Connection reset
[1.104:16] ngr-check-dataset-record.feature:80 - feature call (loop) failed: classpath:InspireTest/ngr/datasetrecords/def/checkxlinkurl.template.feature
caller: classpath:InspireTest/ngr/datasetrecords/ngr-check-dataset-record.feature
items: [{link=http://kadaster/06b6c650-cdb1-11dd-ad8b-0800200c9a78}]
errors:
-------
feature call (loop) failed at index: 0
caller: classpath:InspireTest/ngr/datasetrecords/def/checkxlinkurl.template.feature
arg: {"link":"http://kadaster/06b6c650-cdb1-11dd-ad8b-0800200c9a78"}
checkxlinkurl.template.feature:14 - 
java.net.UnknownHostException: kadaster
[1.105:16] ngr-check-dataset-record.feature:80 - feature call (loop) failed: classpath:InspireTest/ngr/datasetrecords/def/checkxlinkurl.template.feature
caller: classpath:InspireTest/ngr/datasetrecords/ngr-check-dataset-record.feature
items: [{link=http://www.opengis.net/def/crs/EPSG/0/http://www.opengis.net/def/crs/EPSG/0/4258}, {link=http://kadaster/1d32fc50-cd5b-4425-b0df-16c7c7940e94}]
errors:
-------
feature call (loop) failed at index: 1
caller: classpath:InspireTest/ngr/datasetrecords/def/checkxlinkurl.template.feature
arg: {"link":"http://kadaster/1d32fc50-cd5b-4425-b0df-16c7c7940e94"}
checkxlinkurl.template.feature:14 - 
java.net.UnknownHostException: kadaster
[1.106:16] ngr-check-dataset-record.feature:80 - feature call (loop) failed: classpath:InspireTest/ngr/datasetrecords/def/checkxlinkurl.template.feature
caller: classpath:InspireTest/ngr/datasetrecords/ngr-check-dataset-record.feature
items: [{link=https://www.nationaalgeoregister.nl/geonetwork/srv/api/records6e4a2001-fef7-471c-8286-4f859bc1131e}, {link=https://creativecommons.org/publicdomain/zero/*/deed.nl}]
errors:
-------
feature call (loop) failed at index: 0
caller: classpath:InspireTest/ngr/datasetrecords/def/checkxlinkurl.template.feature
arg: {"link":"https://www.nationaalgeoregister.nl/geonetwork/srv/api/records6e4a2001-fef7-471c-8286-4f859bc1131e"}
checkxlinkurl.template.feature:15 - status code was: 500, expected: 200, response time: 310, url: https://www.nationaalgeoregister.nl/geonetwork/srv/api/records6e4a2001-fef7-471c-8286-4f859bc1131e, response: 
-------
feature call (loop) failed at index: 1
caller: classpath:InspireTest/ngr/datasetrecords/def/checkxlinkurl.template.feature
arg: {"link":"https://creativecommons.org/publicdomain/zero/*/deed.nl"}
checkxlinkurl.template.feature:15 - status code was: 404, expected: 200, response time: 64, url: https://creativecommons.org/publicdomain/zero/*/deed.nl, response: 
[1.107:16] ngr-check-dataset-record.feature:80 - feature call (loop) failed: classpath:InspireTest/ngr/datasetrecords/def/checkxlinkurl.template.feature
caller: classpath:InspireTest/ngr/datasetrecords/ngr-check-dataset-record.feature
items: [{link=http://kadaster/2482250f-3b00-4439-9f93-f3118229b021}, {link=}, {link=}, {link=}]
errors:
-------
feature call (loop) failed at index: 0
caller: classpath:InspireTest/ngr/datasetrecords/def/checkxlinkurl.template.feature
arg: {"link":"http://kadaster/2482250f-3b00-4439-9f93-f3118229b021"}
checkxlinkurl.template.feature:14 - 
java.net.UnknownHostException: kadaster
-------
feature call (loop) failed at index: 1
caller: classpath:InspireTest/ngr/datasetrecords/def/checkxlinkurl.template.feature
arg: {"link":""}
checkxlinkurl.template.feature:14 - 
org.apache.http.client.ClientProtocolException
-------
feature call (loop) failed at index: 2
caller: classpath:InspireTest/ngr/datasetrecords/def/checkxlinkurl.template.feature
arg: {"link":""}
checkxlinkurl.template.feature:14 - 
org.apache.http.client.ClientProtocolException
-------
feature call (loop) failed at index: 3
caller: classpath:InspireTest/ngr/datasetrecords/def/checkxlinkurl.template.feature
arg: {"link":""}
checkxlinkurl.template.feature:14 - 
org.apache.http.client.ClientProtocolException
[1.108:16] ngr-check-dataset-record.feature:80 - feature call (loop) failed: classpath:InspireTest/ngr/datasetrecords/def/checkxlinkurl.template.feature
caller: classpath:InspireTest/ngr/datasetrecords/ngr-check-dataset-record.feature
items: [{link=http://kadaster/2482250f-3b00-4439-9f93-f3118229b023}, {link=}, {link=}, {link=}]
errors:
-------
feature call (loop) failed at index: 0
caller: classpath:InspireTest/ngr/datasetrecords/def/checkxlinkurl.template.feature
arg: {"link":"http://kadaster/2482250f-3b00-4439-9f93-f3118229b023"}
checkxlinkurl.template.feature:14 - 
java.net.UnknownHostException: kadaster
-------
feature call (loop) failed at index: 1
caller: classpath:InspireTest/ngr/datasetrecords/def/checkxlinkurl.template.feature
arg: {"link":""}
checkxlinkurl.template.feature:14 - 
org.apache.http.client.ClientProtocolException
-------
feature call (loop) failed at index: 2
caller: classpath:InspireTest/ngr/datasetrecords/def/checkxlinkurl.template.feature
arg: {"link":""}
checkxlinkurl.template.feature:14 - 
org.apache.http.client.ClientProtocolException
-------
feature call (loop) failed at index: 3
caller: classpath:InspireTest/ngr/datasetrecords/def/checkxlinkurl.template.feature
arg: {"link":""}
checkxlinkurl.template.feature:14 - 
org.apache.http.client.ClientProtocolException
[1.109:16] ngr-check-dataset-record.feature:80 - feature call (loop) failed: classpath:InspireTest/ngr/datasetrecords/def/checkxlinkurl.template.feature
caller: classpath:InspireTest/ngr/datasetrecords/ngr-check-dataset-record.feature
items: [{link=https://www.nationaalgeoregister.nl/geonetwork/srv/api/records844404a2-9cd0-452e-b29a-74588777485a}]
errors:
-------
feature call (loop) failed at index: 0
caller: classpath:InspireTest/ngr/datasetrecords/def/checkxlinkurl.template.feature
arg: {"link":"https://www.nationaalgeoregister.nl/geonetwork/srv/api/records844404a2-9cd0-452e-b29a-74588777485a"}
checkxlinkurl.template.feature:15 - status code was: 500, expected: 200, response time: 307, url: https://www.nationaalgeoregister.nl/geonetwork/srv/api/records844404a2-9cd0-452e-b29a-74588777485a, response: 
[1.111:16] ngr-check-dataset-record.feature:80 - feature call (loop) failed: classpath:InspireTest/ngr/datasetrecords/def/checkxlinkurl.template.feature
caller: classpath:InspireTest/ngr/datasetrecords/ngr-check-dataset-record.feature
items: [{link=https://nationaalgeoregister.nl/geonetwork/srv/resourcesff07bd5a-d6eb-11ea-87d0-0242ac130003}, {link=https://www.nationaalgeoregister.nl/geonetwork/srv/eng/thesaurus.download?ref=external.theme.inspire-theme}]
errors:
-------
feature call (loop) failed at index: 0
caller: classpath:InspireTest/ngr/datasetrecords/def/checkxlinkurl.template.feature
arg: {"link":"https://nationaalgeoregister.nl/geonetwork/srv/resourcesff07bd5a-d6eb-11ea-87d0-0242ac130003"}
checkxlinkurl.template.feature:15 - status code was: 404, expected: 200, response time: 282, url: https://nationaalgeoregister.nl/geonetwork/srv/resourcesff07bd5a-d6eb-11ea-87d0-0242ac130003, response: 
-------
feature call (loop) failed at index: 1
caller: classpath:InspireTest/ngr/datasetrecords/def/checkxlinkurl.template.feature
arg: {"link":"https://www.nationaalgeoregister.nl/geonetwork/srv/eng/thesaurus.download?ref=external.theme.inspire-theme"}
checkxlinkurl.template.feature:15 - status code was: 500, expected: 200, response time: 349, url: https://www.nationaalgeoregister.nl/geonetwork/srv/eng/thesaurus.download?ref=external.theme.inspire-theme, response: 
[1.112:16] ngr-check-dataset-record.feature:80 - feature call (loop) failed: classpath:InspireTest/ngr/datasetrecords/def/checkxlinkurl.template.feature
caller: classpath:InspireTest/ngr/datasetrecords/ngr-check-dataset-record.feature
items: [{link=http://kadaster/2482250f-3b00-4439-9f93-f3118229b014}, {link=}, {link=}, {link=}]
errors:
-------
feature call (loop) failed at index: 0
caller: classpath:InspireTest/ngr/datasetrecords/def/checkxlinkurl.template.feature
arg: {"link":"http://kadaster/2482250f-3b00-4439-9f93-f3118229b014"}
checkxlinkurl.template.feature:14 - 
java.net.UnknownHostException: kadaster
-------
feature call (loop) failed at index: 1
caller: classpath:InspireTest/ngr/datasetrecords/def/checkxlinkurl.template.feature
arg: {"link":""}
checkxlinkurl.template.feature:14 - 
org.apache.http.client.ClientProtocolException
-------
feature call (loop) failed at index: 2
caller: classpath:InspireTest/ngr/datasetrecords/def/checkxlinkurl.template.feature
arg: {"link":""}
checkxlinkurl.template.feature:14 - 
org.apache.http.client.ClientProtocolException
-------
feature call (loop) failed at index: 3
caller: classpath:InspireTest/ngr/datasetrecords/def/checkxlinkurl.template.feature
arg: {"link":""}
checkxlinkurl.template.feature:14 - 
org.apache.http.client.ClientProtocolException
[1.113:16] ngr-check-dataset-record.feature:80 - feature call (loop) failed: classpath:InspireTest/ngr/datasetrecords/def/checkxlinkurl.template.feature
caller: classpath:InspireTest/ngr/datasetrecords/ngr-check-dataset-record.feature
items: [{link=https://data.rivm.nl/inspire/id#36a7e8cb-8300-4602-93d2-135943365a6f}]
errors:
-------
feature call (loop) failed at index: 0
caller: classpath:InspireTest/ngr/datasetrecords/def/checkxlinkurl.template.feature
arg: {"link":"https://data.rivm.nl/inspire/id#36a7e8cb-8300-4602-93d2-135943365a6f"}
checkxlinkurl.template.feature:14 - 
javax.net.ssl.SSLException: Connection reset
[1.114:16] ngr-check-dataset-record.feature:80 - feature call (loop) failed: classpath:InspireTest/ngr/datasetrecords/def/checkxlinkurl.template.feature
caller: classpath:InspireTest/ngr/datasetrecords/ngr-check-dataset-record.feature
items: [{link=u}, {link=r}, {link=n}, {link=:}, {link=o}, {link=g}, {link=c}, {link=:}, {link=d}, {link=e}, {link=f}, {link=:}, {link=c}, {link=r}, {link=s}, {link=:}, {link=E}, {link=P}, {link=S}, {link=G}, {link=:}, {link=:}, {link=5}, {link=6}, {link=2}, {link=1}]
errors:
-------
feature call (loop) failed at index: 0
caller: classpath:InspireTest/ngr/datasetrecords/def/checkxlinkurl.template.feature
arg: {"link":"u"}
checkxlinkurl.template.feature:14 - 
org.apache.http.client.ClientProtocolException
-------
feature call (loop) failed at index: 1
caller: classpath:InspireTest/ngr/datasetrecords/def/checkxlinkurl.template.feature
arg: {"link":"r"}
checkxlinkurl.template.feature:14 - 
org.apache.http.client.ClientProtocolException
-------
feature call (loop) failed at index: 2
caller: classpath:InspireTest/ngr/datasetrecords/def/checkxlinkurl.template.feature
arg: {"link":"n"}
checkxlinkurl.template.feature:14 - 
org.apache.http.client.ClientProtocolException
-------
feature call (loop) failed at index: 3
caller: classpath:InspireTest/ngr/datasetrecords/def/checkxlinkurl.template.feature
arg: {"link":":"}
checkxlinkurl.template.feature:14 - java.net.URISyntaxException: Expected scheme name at index 0: :
-------
feature call (loop) failed at index: 4
caller: classpath:InspireTest/ngr/datasetrecords/def/checkxlinkurl.template.feature
arg: {"link":"o"}
checkxlinkurl.template.feature:14 - 
org.apache.http.client.ClientProtocolException
-------
feature call (loop) failed at index: 5
caller: classpath:InspireTest/ngr/datasetrecords/def/checkxlinkurl.template.feature
arg: {"link":"g"}
checkxlinkurl.template.feature:14 - 
org.apache.http.client.ClientProtocolException
-------
feature call (loop) failed at index: 6
caller: classpath:InspireTest/ngr/datasetrecords/def/checkxlinkurl.template.feature
arg: {"link":"c"}
checkxlinkurl.template.feature:14 - 
org.apache.http.client.ClientProtocolException
-------
feature call (loop) failed at index: 7
caller: classpath:InspireTest/ngr/datasetrecords/def/checkxlinkurl.template.feature
arg: {"link":":"}
checkxlinkurl.template.feature:14 - java.net.URISyntaxException: Expected scheme name at index 0: :
-------
feature call (loop) failed at index: 8
caller: classpath:InspireTest/ngr/datasetrecords/def/checkxlinkurl.template.feature
arg: {"link":"d"}
checkxlinkurl.template.feature:14 - 
org.apache.http.client.ClientProtocolException
-------
feature call (loop) failed at index: 9
caller: classpath:InspireTest/ngr/datasetrecords/def/checkxlinkurl.template.feature
arg: {"link":"e"}
checkxlinkurl.template.feature:14 - 
org.apache.http.client.ClientProtocolException
-------
feature call (loop) failed at index: 10
caller: classpath:InspireTest/ngr/datasetrecords/def/checkxlinkurl.template.feature
arg: {"link":"f"}
checkxlinkurl.template.feature:14 - 
org.apache.http.client.ClientProtocolException
-------
feature call (loop) failed at index: 11
caller: classpath:InspireTest/ngr/datasetrecords/def/checkxlinkurl.template.feature
arg: {"link":":"}
checkxlinkurl.template.feature:14 - java.net.URISyntaxException: Expected scheme name at index 0: :
-------
feature call (loop) failed at index: 12
caller: classpath:InspireTest/ngr/datasetrecords/def/checkxlinkurl.template.feature
arg: {"link":"c"}
checkxlinkurl.template.feature:14 - 
org.apache.http.client.ClientProtocolException
-------
feature call (loop) failed at index: 13
caller: classpath:InspireTest/ngr/datasetrecords/def/checkxlinkurl.template.feature
arg: {"link":"r"}
checkxlinkurl.template.feature:14 - 
org.apache.http.client.ClientProtocolException
-------
feature call (loop) failed at index: 14
caller: classpath:InspireTest/ngr/datasetrecords/def/checkxlinkurl.template.feature
arg: {"link":"s"}
checkxlinkurl.template.feature:14 - 
org.apache.http.client.ClientProtocolException
-------
feature call (loop) failed at index: 15
caller: classpath:InspireTest/ngr/datasetrecords/def/checkxlinkurl.template.feature
arg: {"link":":"}
checkxlinkurl.template.feature:14 - java.net.URISyntaxException: Expected scheme name at index 0: :
-------
feature call (loop) failed at index: 16
caller: classpath:InspireTest/ngr/datasetrecords/def/checkxlinkurl.template.feature
arg: {"link":"E"}
checkxlinkurl.template.feature:14 - 
org.apache.http.client.ClientProtocolException
-------
feature call (loop) failed at index: 17
caller: classpath:InspireTest/ngr/datasetrecords/def/checkxlinkurl.template.feature
arg: {"link":"P"}
checkxlinkurl.template.feature:14 - 
org.apache.http.client.ClientProtocolException
-------
feature call (loop) failed at index: 18
caller: classpath:InspireTest/ngr/datasetrecords/def/checkxlinkurl.template.feature
arg: {"link":"S"}
checkxlinkurl.template.feature:14 - 
org.apache.http.client.ClientProtocolException
-------
feature call (loop) failed at index: 19
caller: classpath:InspireTest/ngr/datasetrecords/def/checkxlinkurl.template.feature
arg: {"link":"G"}
checkxlinkurl.template.feature:14 - 
org.apache.http.client.ClientProtocolException
-------
feature call (loop) failed at index: 20
caller: classpath:InspireTest/ngr/datasetrecords/def/checkxlinkurl.template.feature
arg: {"link":":"}
checkxlinkurl.template.feature:14 - java.net.URISyntaxException: Expected scheme name at index 0: :
-------
feature call (loop) failed at index: 21
caller: classpath:InspireTest/ngr/datasetrecords/def/checkxlinkurl.template.feature
arg: {"link":":"}
checkxlinkurl.template.feature:14 - java.net.URISyntaxException: Expected scheme name at index 0: :
-------
feature call (loop) failed at index: 22
caller: classpath:InspireTest/ngr/datasetrecords/def/checkxlinkurl.template.feature
arg: {"link":"5"}
checkxlinkurl.template.feature:14 - 
org.apache.http.client.ClientProtocolException
-------
feature call (loop) failed at index: 23
caller: classpath:InspireTest/ngr/datasetrecords/def/checkxlinkurl.template.feature
arg: {"link":"6"}
checkxlinkurl.template.feature:14 - 
org.apache.http.client.ClientProtocolException
-------
feature call (loop) failed at index: 24
caller: classpath:InspireTest/ngr/datasetrecords/def/checkxlinkurl.template.feature
arg: {"link":"2"}
checkxlinkurl.template.feature:14 - 
org.apache.http.client.ClientProtocolException
-------
feature call (loop) failed at index: 25
caller: classpath:InspireTest/ngr/datasetrecords/def/checkxlinkurl.template.feature
arg: {"link":"1"}
checkxlinkurl.template.feature:14 - 
org.apache.http.client.ClientProtocolException
[1.115:16] ngr-check-dataset-record.feature:80 - feature call (loop) failed: classpath:InspireTest/ngr/datasetrecords/def/checkxlinkurl.template.feature
caller: classpath:InspireTest/ngr/datasetrecords/ngr-check-dataset-record.feature
items: [{link=https://www.nationaalgeoregister.nl/geonetwork/srv/api/records6c6be9c5-b09b-4dcf-a5fd-f149cbaca6fb}, {link=https://creativecommons.org/publicdomain/zero/*/deed.nl}]
errors:
-------
feature call (loop) failed at index: 0
caller: classpath:InspireTest/ngr/datasetrecords/def/checkxlinkurl.template.feature
arg: {"link":"https://www.nationaalgeoregister.nl/geonetwork/srv/api/records6c6be9c5-b09b-4dcf-a5fd-f149cbaca6fb"}
checkxlinkurl.template.feature:15 - status code was: 500, expected: 200, response time: 323, url: https://www.nationaalgeoregister.nl/geonetwork/srv/api/records6c6be9c5-b09b-4dcf-a5fd-f149cbaca6fb, response: 
-------
feature call (loop) failed at index: 1
caller: classpath:InspireTest/ngr/datasetrecords/def/checkxlinkurl.template.feature
arg: {"link":"https://creativecommons.org/publicdomain/zero/*/deed.nl"}
checkxlinkurl.template.feature:15 - status code was: 404, expected: 200, response time: 38, url: https://creativecommons.org/publicdomain/zero/*/deed.nl, response: 
[1.116:16] ngr-check-dataset-record.feature:80 - feature call (loop) failed: classpath:InspireTest/ngr/datasetrecords/def/checkxlinkurl.template.feature
caller: classpath:InspireTest/ngr/datasetrecords/ngr-check-dataset-record.feature
items: [{link=h}, {link=t}, {link=t}, {link=p}, {link=s}, {link=:}, {link=/}, {link=/}, {link=w}, {link=w}, {link=w}, {link=.}, {link=n}, {link=a}, {link=t}, {link=i}, {link=o}, {link=n}, {link=a}, {link=a}, {link=l}, {link=g}, {link=e}, {link=o}, {link=r}, {link=e}, {link=g}, {link=i}, {link=s}, {link=t}, {link=e}, {link=r}, {link=.}, {link=n}, {link=l}, {link=:}, {link=4}, {link=4}, {link=3}, {link=/}, {link=g}, {link=e}, {link=o}, {link=n}, {link=e}, {link=t}, {link=w}, {link=o}, {link=r}, {link=k}, {link=/}, {link=s}, {link=r}, {link=v}, {link=/}, {link=e}, {link=n}, {link=g}, {link=/}, {link=t}, {link=h}, {link=e}, {link=s}, {link=a}, {link=u}, {link=r}, {link=u}, {link=s}, {link=.}, {link=d}, {link=o}, {link=w}, {link=n}, {link=l}, {link=o}, {link=a}, {link=d}, {link=?}, {link=r}, {link=e}, {link=f}, {link==}, {link=e}, {link=x}, {link=t}, {link=e}, {link=r}, {link=n}, {link=a}, {link=l}, {link=.}, {link=t}, {link=h}, {link=e}, {link=m}, {link=e}, {link=.}, {link=h}, {link=t}, {link=t}, {link=p}, {link=i}, {link=n}, {link=s}, {link=p}, {link=i}, {link=r}, {link=e}, {link=e}, {link=c}, {link=e}, {link=u}, {link=r}, {link=o}, {link=p}, {link=a}, {link=e}, {link=u}, {link=t}, {link=h}, {link=e}, {link=m}, {link=e}, {link=-}, {link=t}, {link=h}, {link=e}, {link=m}, {link=e}]
errors:
-------
feature call (loop) failed at index: 0
caller: classpath:InspireTest/ngr/datasetrecords/def/checkxlinkurl.template.feature
arg: {"link":"h"}
checkxlinkurl.template.feature:14 - 
org.apache.http.client.ClientProtocolException
-------
feature call (loop) failed at index: 1
caller: classpath:InspireTest/ngr/datasetrecords/def/checkxlinkurl.template.feature
arg: {"link":"t"}
checkxlinkurl.template.feature:14 - 
org.apache.http.client.ClientProtocolException
-------
feature call (loop) failed at index: 2
caller: classpath:InspireTest/ngr/datasetrecords/def/checkxlinkurl.template.feature
arg: {"link":"t"}
checkxlinkurl.template.feature:14 - 
org.apache.http.client.ClientProtocolException
-------
feature call (loop) failed at index: 3
caller: classpath:InspireTest/ngr/datasetrecords/def/checkxlinkurl.template.feature
arg: {"link":"p"}
checkxlinkurl.template.feature:14 - 
org.apache.http.client.ClientProtocolException
-------
feature call (loop) failed at index: 4
caller: classpath:InspireTest/ngr/datasetrecords/def/checkxlinkurl.template.feature
arg: {"link":"s"}
checkxlinkurl.template.feature:14 - 
org.apache.http.client.ClientProtocolException
-------
feature call (loop) failed at index: 5
caller: classpath:InspireTest/ngr/datasetrecords/def/checkxlinkurl.template.feature
arg: {"link":":"}
checkxlinkurl.template.feature:14 - java.net.URISyntaxException: Expected scheme name at index 0: :
-------
feature call (loop) failed at index: 6
caller: classpath:InspireTest/ngr/datasetrecords/def/checkxlinkurl.template.feature
arg: {"link":"/"}
checkxlinkurl.template.feature:14 - 
org.apache.http.client.ClientProtocolException
-------
feature call (loop) failed at index: 7
caller: classpath:InspireTest/ngr/datasetrecords/def/checkxlinkurl.template.feature
arg: {"link":"/"}
checkxlinkurl.template.feature:14 - 
org.apache.http.client.ClientProtocolException
-------
feature call (loop) failed at index: 8
caller: classpath:InspireTest/ngr/datasetrecords/def/checkxlinkurl.template.feature
arg: {"link":"w"}
checkxlinkurl.template.feature:14 - 
org.apache.http.client.ClientProtocolException
-------
feature call (loop) failed at index: 9
caller: classpath:InspireTest/ngr/datasetrecords/def/checkxlinkurl.template.feature
arg: {"link":"w"}
checkxlinkurl.template.feature:14 - 
org.apache.http.client.ClientProtocolException
-------
feature call (loop) failed at index: 10
caller: classpath:InspireTest/ngr/datasetrecords/def/checkxlinkurl.template.feature
arg: {"link":"w"}
checkxlinkurl.template.feature:14 - 
org.apache.http.client.ClientProtocolException
-------
feature call (loop) failed at index: 11
caller: classpath:InspireTest/ngr/datasetrecords/def/checkxlinkurl.template.feature
arg: {"link":"."}
checkxlinkurl.template.feature:14 - 
org.apache.http.client.ClientProtocolException
-------
feature call (loop) failed at index: 12
caller: classpath:InspireTest/ngr/datasetrecords/def/checkxlinkurl.template.feature
arg: {"link":"n"}
checkxlinkurl.template.feature:14 - 
org.apache.http.client.ClientProtocolException
-------
feature call (loop) failed at index: 13
caller: classpath:InspireTest/ngr/datasetrecords/def/checkxlinkurl.template.feature
arg: {"link":"a"}
checkxlinkurl.template.feature:14 - 
org.apache.http.client.ClientProtocolException
-------
feature call (loop) failed at index: 14
caller: classpath:InspireTest/ngr/datasetrecords/def/checkxlinkurl.template.feature
arg: {"link":"t"}
checkxlinkurl.template.feature:14 - 
org.apache.http.client.ClientProtocolException
-------
feature call (loop) failed at index: 15
caller: classpath:InspireTest/ngr/datasetrecords/def/checkxlinkurl.template.feature
arg: {"link":"i"}
checkxlinkurl.template.feature:14 - 
org.apache.http.client.ClientProtocolException
-------
feature call (loop) failed at index: 16
caller: classpath:InspireTest/ngr/datasetrecords/def/checkxlinkurl.template.feature
arg: {"link":"o"}
checkxlinkurl.template.feature:14 - 
org.apache.http.client.ClientProtocolException
-------
feature call (loop) failed at index: 17
caller: classpath:InspireTest/ngr/datasetrecords/def/checkxlinkurl.template.feature
arg: {"link":"n"}
checkxlinkurl.template.feature:14 - 
org.apache.http.client.ClientProtocolException
-------
feature call (loop) failed at index: 18
caller: classpath:InspireTest/ngr/datasetrecords/def/checkxlinkurl.template.feature
arg: {"link":"a"}
checkxlinkurl.template.feature:14 - 
org.apache.http.client.ClientProtocolException
-------
feature call (loop) failed at index: 19
caller: classpath:InspireTest/ngr/datasetrecords/def/checkxlinkurl.template.feature
arg: {"link":"a"}
checkxlinkurl.template.feature:14 - 
org.apache.http.client.ClientProtocolException
-------
feature call (loop) failed at index: 20
caller: classpath:InspireTest/ngr/datasetrecords/def/checkxlinkurl.template.feature
arg: {"link":"l"}
checkxlinkurl.template.feature:14 - 
org.apache.http.client.ClientProtocolException
-------
feature call (loop) failed at index: 21
caller: classpath:InspireTest/ngr/datasetrecords/def/checkxlinkurl.template.feature
arg: {"link":"g"}
checkxlinkurl.template.feature:14 - 
org.apache.http.client.ClientProtocolException
-------
feature call (loop) failed at index: 22
caller: classpath:InspireTest/ngr/datasetrecords/def/checkxlinkurl.template.feature
arg: {"link":"e"}
checkxlinkurl.template.feature:14 - 
org.apache.http.client.ClientProtocolException
-------
feature call (loop) failed at index: 23
caller: classpath:InspireTest/ngr/datasetrecords/def/checkxlinkurl.template.feature
arg: {"link":"o"}
checkxlinkurl.template.feature:14 - 
org.apache.http.client.ClientProtocolException
-------
feature call (loop) failed at index: 24
caller: classpath:InspireTest/ngr/datasetrecords/def/checkxlinkurl.template.feature
arg: {"link":"r"}
checkxlinkurl.template.feature:14 - 
org.apache.http.client.ClientProtocolException
-------
feature call (loop) failed at index: 25
caller: classpath:InspireTest/ngr/datasetrecords/def/checkxlinkurl.template.feature
arg: {"link":"e"}
checkxlinkurl.template.feature:14 - 
org.apache.http.client.ClientProtocolException
-------
feature call (loop) failed at index: 26
caller: classpath:InspireTest/ngr/datasetrecords/def/checkxlinkurl.template.feature
arg: {"link":"g"}
checkxlinkurl.template.feature:14 - 
org.apache.http.client.ClientProtocolException
-------
feature call (loop) failed at index: 27
caller: classpath:InspireTest/ngr/datasetrecords/def/checkxlinkurl.template.feature
arg: {"link":"i"}
checkxlinkurl.template.feature:14 - 
org.apache.http.client.ClientProtocolException
-------
feature call (loop) failed at index: 28
caller: classpath:InspireTest/ngr/datasetrecords/def/checkxlinkurl.template.feature
arg: {"link":"s"}
checkxlinkurl.template.feature:14 - 
org.apache.http.client.ClientProtocolException
-------
feature call (loop) failed at index: 29
caller: classpath:InspireTest/ngr/datasetrecords/def/checkxlinkurl.template.feature
arg: {"link":"t"}
checkxlinkurl.template.feature:14 - 
org.apache.http.client.ClientProtocolException
-------
feature call (loop) failed at index: 30
caller: classpath:InspireTest/ngr/datasetrecords/def/checkxlinkurl.template.feature
arg: {"link":"e"}
checkxlinkurl.template.feature:14 - 
org.apache.http.client.ClientProtocolException
-------
feature call (loop) failed at index: 31
caller: classpath:InspireTest/ngr/datasetrecords/def/checkxlinkurl.template.feature
arg: {"link":"r"}
checkxlinkurl.template.feature:14 - 
org.apache.http.client.ClientProtocolException
-------
feature call (loop) failed at index: 32
caller: classpath:InspireTest/ngr/datasetrecords/def/checkxlinkurl.template.feature
arg: {"link":"."}
checkxlinkurl.template.feature:14 - 
org.apache.http.client.ClientProtocolException
-------
feature call (loop) failed at index: 33
caller: classpath:InspireTest/ngr/datasetrecords/def/checkxlinkurl.template.feature
arg: {"link":"n"}
checkxlinkurl.template.feature:14 - 
org.apache.http.client.ClientProtocolException
-------
feature call (loop) failed at index: 34
caller: classpath:InspireTest/ngr/datasetrecords/def/checkxlinkurl.template.feature
arg: {"link":"l"}
checkxlinkurl.template.feature:14 - 
org.apache.http.client.ClientProtocolException
-------
feature call (loop) failed at index: 35
caller: classpath:InspireTest/ngr/datasetrecords/def/checkxlinkurl.template.feature
arg: {"link":":"}
checkxlinkurl.template.feature:14 - java.net.URISyntaxException: Expected scheme name at index 0: :
-------
feature call (loop) failed at index: 36
caller: classpath:InspireTest/ngr/datasetrecords/def/checkxlinkurl.template.feature
arg: {"link":"4"}
checkxlinkurl.template.feature:14 - 
org.apache.http.client.ClientProtocolException
-------
feature call (loop) failed at index: 37
caller: classpath:InspireTest/ngr/datasetrecords/def/checkxlinkurl.template.feature
arg: {"link":"4"}
checkxlinkurl.template.feature:14 - 
org.apache.http.client.ClientProtocolException
-------
feature call (loop) failed at index: 38
caller: classpath:InspireTest/ngr/datasetrecords/def/checkxlinkurl.template.feature
arg: {"link":"3"}
checkxlinkurl.template.feature:14 - 
org.apache.http.client.ClientProtocolException
-------
feature call (loop) failed at index: 39
caller: classpath:InspireTest/ngr/datasetrecords/def/checkxlinkurl.template.feature
arg: {"link":"/"}
checkxlinkurl.template.feature:14 - 
org.apache.http.client.ClientProtocolException
-------
feature call (loop) failed at index: 40
caller: classpath:InspireTest/ngr/datasetrecords/def/checkxlinkurl.template.feature
arg: {"link":"g"}
checkxlinkurl.template.feature:14 - 
org.apache.http.client.ClientProtocolException
-------
feature call (loop) failed at index: 41
caller: classpath:InspireTest/ngr/datasetrecords/def/checkxlinkurl.template.feature
arg: {"link":"e"}
checkxlinkurl.template.feature:14 - 
org.apache.http.client.ClientProtocolException
-------
feature call (loop) failed at index: 42
caller: classpath:InspireTest/ngr/datasetrecords/def/checkxlinkurl.template.feature
arg: {"link":"o"}
checkxlinkurl.template.feature:14 - 
org.apache.http.client.ClientProtocolException
-------
feature call (loop) failed at index: 43
caller: classpath:InspireTest/ngr/datasetrecords/def/checkxlinkurl.template.feature
arg: {"link":"n"}
checkxlinkurl.template.feature:14 - 
org.apache.http.client.ClientProtocolException
-------
feature call (loop) failed at index: 44
caller: classpath:InspireTest/ngr/datasetrecords/def/checkxlinkurl.template.feature
arg: {"link":"e"}
checkxlinkurl.template.feature:14 - 
org.apache.http.client.ClientProtocolException
-------
feature call (loop) failed at index: 45
caller: classpath:InspireTest/ngr/datasetrecords/def/checkxlinkurl.template.feature
arg: {"link":"t"}
checkxlinkurl.template.feature:14 - 
org.apache.http.client.ClientProtocolException
-------
feature call (loop) failed at index: 46
caller: classpath:InspireTest/ngr/datasetrecords/def/checkxlinkurl.template.feature
arg: {"link":"w"}
checkxlinkurl.template.feature:14 - 
org.apache.http.client.ClientProtocolException
-------
feature call (loop) failed at index: 47
caller: classpath:InspireTest/ngr/datasetrecords/def/checkxlinkurl.template.feature
arg: {"link":"o"}
checkxlinkurl.template.feature:14 - 
org.apache.http.client.ClientProtocolException
-------
feature call (loop) failed at index: 48
caller: classpath:InspireTest/ngr/datasetrecords/def/checkxlinkurl.template.feature
arg: {"link":"r"}
checkxlinkurl.template.feature:14 - 
org.apache.http.client.ClientProtocolException
-------
feature call (loop) failed at index: 49
caller: classpath:InspireTest/ngr/datasetrecords/def/checkxlinkurl.template.feature
arg: {"link":"k"}
checkxlinkurl.template.feature:14 - 
org.apache.http.client.ClientProtocolException
-------
feature call (loop) failed at index: 50
caller: classpath:InspireTest/ngr/datasetrecords/def/checkxlinkurl.template.feature
arg: {"link":"/"}
checkxlinkurl.template.feature:14 - 
org.apache.http.client.ClientProtocolException
-------
feature call (loop) failed at index: 51
caller: classpath:InspireTest/ngr/datasetrecords/def/checkxlinkurl.template.feature
arg: {"link":"s"}
checkxlinkurl.template.feature:14 - 
org.apache.http.client.ClientProtocolException
-------
feature call (loop) failed at index: 52
caller: classpath:InspireTest/ngr/datasetrecords/def/checkxlinkurl.template.feature
arg: {"link":"r"}
checkxlinkurl.template.feature:14 - 
org.apache.http.client.ClientProtocolException
-------
feature call (loop) failed at index: 53
caller: classpath:InspireTest/ngr/datasetrecords/def/checkxlinkurl.template.feature
arg: {"link":"v"}
checkxlinkurl.template.feature:14 - 
org.apache.http.client.ClientProtocolException
-------
feature call (loop) failed at index: 54
caller: classpath:InspireTest/ngr/datasetrecords/def/checkxlinkurl.template.feature
arg: {"link":"/"}
checkxlinkurl.template.feature:14 - 
org.apache.http.client.ClientProtocolException
-------
feature call (loop) failed at index: 55
caller: classpath:InspireTest/ngr/datasetrecords/def/checkxlinkurl.template.feature
arg: {"link":"e"}
checkxlinkurl.template.feature:14 - 
org.apache.http.client.ClientProtocolException
-------
feature call (loop) failed at index: 56
caller: classpath:InspireTest/ngr/datasetrecords/def/checkxlinkurl.template.feature
arg: {"link":"n"}
checkxlinkurl.template.feature:14 - 
org.apache.http.client.ClientProtocolException
-------
feature call (loop) failed at index: 57
caller: classpath:InspireTest/ngr/datasetrecords/def/checkxlinkurl.template.feature
arg: {"link":"g"}
checkxlinkurl.template.feature:14 - 
org.apache.http.client.ClientProtocolException
-------
feature call (loop) failed at index: 58
caller: classpath:InspireTest/ngr/datasetrecords/def/checkxlinkurl.template.feature
arg: {"link":"/"}
checkxlinkurl.template.feature:14 - 
org.apache.http.client.ClientProtocolException
-------
feature call (loop) failed at index: 59
caller: classpath:InspireTest/ngr/datasetrecords/def/checkxlinkurl.template.feature
arg: {"link":"t"}
checkxlinkurl.template.feature:14 - 
org.apache.http.client.ClientProtocolException
-------
feature call (loop) failed at index: 60
caller: classpath:InspireTest/ngr/datasetrecords/def/checkxlinkurl.template.feature
arg: {"link":"h"}
checkxlinkurl.template.feature:14 - 
org.apache.http.client.ClientProtocolException
-------
feature call (loop) failed at index: 61
caller: classpath:InspireTest/ngr/datasetrecords/def/checkxlinkurl.template.feature
arg: {"link":"e"}
checkxlinkurl.template.feature:14 - 
org.apache.http.client.ClientProtocolException
-------
feature call (loop) failed at index: 62
caller: classpath:InspireTest/ngr/datasetrecords/def/checkxlinkurl.template.feature
arg: {"link":"s"}
checkxlinkurl.template.feature:14 - 
org.apache.http.client.ClientProtocolException
-------
feature call (loop) failed at index: 63
caller: classpath:InspireTest/ngr/datasetrecords/def/checkxlinkurl.template.feature
arg: {"link":"a"}
checkxlinkurl.template.feature:14 - 
org.apache.http.client.ClientProtocolException
-------
feature call (loop) failed at index: 64
caller: classpath:InspireTest/ngr/datasetrecords/def/checkxlinkurl.template.feature
arg: {"link":"u"}
checkxlinkurl.template.feature:14 - 
org.apache.http.client.ClientProtocolException
-------
feature call (loop) failed at index: 65
caller: classpath:InspireTest/ngr/datasetrecords/def/checkxlinkurl.template.feature
arg: {"link":"r"}
checkxlinkurl.template.feature:14 - 
org.apache.http.client.ClientProtocolException
-------
feature call (loop) failed at index: 66
caller: classpath:InspireTest/ngr/datasetrecords/def/checkxlinkurl.template.feature
arg: {"link":"u"}
checkxlinkurl.template.feature:14 - 
org.apache.http.client.ClientProtocolException
-------
feature call (loop) failed at index: 67
caller: classpath:InspireTest/ngr/datasetrecords/def/checkxlinkurl.template.feature
arg: {"link":"s"}
checkxlinkurl.template.feature:14 - 
org.apache.http.client.ClientProtocolException
-------
feature call (loop) failed at index: 68
caller: classpath:InspireTest/ngr/datasetrecords/def/checkxlinkurl.template.feature
arg: {"link":"."}
checkxlinkurl.template.feature:14 - 
org.apache.http.client.ClientProtocolException
-------
feature call (loop) failed at index: 69
caller: classpath:InspireTest/ngr/datasetrecords/def/checkxlinkurl.template.feature
arg: {"link":"d"}
checkxlinkurl.template.feature:14 - 
org.apache.http.client.ClientProtocolException
-------
feature call (loop) failed at index: 70
caller: classpath:InspireTest/ngr/datasetrecords/def/checkxlinkurl.template.feature
arg: {"link":"o"}
checkxlinkurl.template.feature:14 - 
org.apache.http.client.ClientProtocolException
-------
feature call (loop) failed at index: 71
caller: classpath:InspireTest/ngr/datasetrecords/def/checkxlinkurl.template.feature
arg: {"link":"w"}
checkxlinkurl.template.feature:14 - 
org.apache.http.client.ClientProtocolException
-------
feature call (loop) failed at index: 72
caller: classpath:InspireTest/ngr/datasetrecords/def/checkxlinkurl.template.feature
arg: {"link":"n"}
checkxlinkurl.template.feature:14 - 
org.apache.http.client.ClientProtocolException
-------
feature call (loop) failed at index: 73
caller: classpath:InspireTest/ngr/datasetrecords/def/checkxlinkurl.template.feature
arg: {"link":"l"}
checkxlinkurl.template.feature:14 - 
org.apache.http.client.ClientProtocolException
-------
feature call (loop) failed at index: 74
caller: classpath:InspireTest/ngr/datasetrecords/def/checkxlinkurl.template.feature
arg: {"link":"o"}
checkxlinkurl.template.feature:14 - 
org.apache.http.client.ClientProtocolException
-------
feature call (loop) failed at index: 75
caller: classpath:InspireTest/ngr/datasetrecords/def/checkxlinkurl.template.feature
arg: {"link":"a"}
checkxlinkurl.template.feature:14 - 
org.apache.http.client.ClientProtocolException
-------
feature call (loop) failed at index: 76
caller: classpath:InspireTest/ngr/datasetrecords/def/checkxlinkurl.template.feature
arg: {"link":"d"}
checkxlinkurl.template.feature:14 - 
org.apache.http.client.ClientProtocolException
-------
feature call (loop) failed at index: 77
caller: classpath:InspireTest/ngr/datasetrecords/def/checkxlinkurl.template.feature
arg: {"link":"?"}
checkxlinkurl.template.feature:14 - 
org.apache.http.client.ClientProtocolException
-------
feature call (loop) failed at index: 78
caller: classpath:InspireTest/ngr/datasetrecords/def/checkxlinkurl.template.feature
arg: {"link":"r"}
checkxlinkurl.template.feature:14 - 
org.apache.http.client.ClientProtocolException
-------
feature call (loop) failed at index: 79
caller: classpath:InspireTest/ngr/datasetrecords/def/checkxlinkurl.template.feature
arg: {"link":"e"}
checkxlinkurl.template.feature:14 - 
org.apache.http.client.ClientProtocolException
-------
feature call (loop) failed at index: 80
caller: classpath:InspireTest/ngr/datasetrecords/def/checkxlinkurl.template.feature
arg: {"link":"f"}
checkxlinkurl.template.feature:14 - 
org.apache.http.client.ClientProtocolException
-------
feature call (loop) failed at index: 81
caller: classpath:InspireTest/ngr/datasetrecords/def/checkxlinkurl.template.feature
arg: {"link":"="}
checkxlinkurl.template.feature:14 - 
org.apache.http.client.ClientProtocolException
-------
feature call (loop) failed at index: 82
caller: classpath:InspireTest/ngr/datasetrecords/def/checkxlinkurl.template.feature
arg: {"link":"e"}
checkxlinkurl.template.feature:14 - 
org.apache.http.client.ClientProtocolException
-------
feature call (loop) failed at index: 83
caller: classpath:InspireTest/ngr/datasetrecords/def/checkxlinkurl.template.feature
arg: {"link":"x"}
checkxlinkurl.template.feature:14 - 
org.apache.http.client.ClientProtocolException
-------
feature call (loop) failed at index: 84
caller: classpath:InspireTest/ngr/datasetrecords/def/checkxlinkurl.template.feature
arg: {"link":"t"}
checkxlinkurl.template.feature:14 - 
org.apache.http.client.ClientProtocolException
-------
feature call (loop) failed at index: 85
caller: classpath:InspireTest/ngr/datasetrecords/def/checkxlinkurl.template.feature
arg: {"link":"e"}
checkxlinkurl.template.feature:14 - 
org.apache.http.client.ClientProtocolException
-------
feature call (loop) failed at index: 86
caller: classpath:InspireTest/ngr/datasetrecords/def/checkxlinkurl.template.feature
arg: {"link":"r"}
checkxlinkurl.template.feature:14 - 
org.apache.http.client.ClientProtocolException
-------
feature call (loop) failed at index: 87
caller: classpath:InspireTest/ngr/datasetrecords/def/checkxlinkurl.template.feature
arg: {"link":"n"}
checkxlinkurl.template.feature:14 - 
org.apache.http.client.ClientProtocolException
-------
feature call (loop) failed at index: 88
caller: classpath:InspireTest/ngr/datasetrecords/def/checkxlinkurl.template.feature
arg: {"link":"a"}
checkxlinkurl.template.feature:14 - 
org.apache.http.client.ClientProtocolException
-------
feature call (loop) failed at index: 89
caller: classpath:InspireTest/ngr/datasetrecords/def/checkxlinkurl.template.feature
arg: {"link":"l"}
checkxlinkurl.template.feature:14 - 
org.apache.http.client.ClientProtocolException
-------
feature call (loop) failed at index: 90
caller: classpath:InspireTest/ngr/datasetrecords/def/checkxlinkurl.template.feature
arg: {"link":"."}
checkxlinkurl.template.feature:14 - 
org.apache.http.client.ClientProtocolException
-------
feature call (loop) failed at index: 91
caller: classpath:InspireTest/ngr/datasetrecords/def/checkxlinkurl.template.feature
arg: {"link":"t"}
checkxlinkurl.template.feature:14 - 
org.apache.http.client.ClientProtocolException
-------
feature call (loop) failed at index: 92
caller: classpath:InspireTest/ngr/datasetrecords/def/checkxlinkurl.template.feature
arg: {"link":"h"}
checkxlinkurl.template.feature:14 - 
org.apache.http.client.ClientProtocolException
-------
feature call (loop) failed at index: 93
caller: classpath:InspireTest/ngr/datasetrecords/def/checkxlinkurl.template.feature
arg: {"link":"e"}
checkxlinkurl.template.feature:14 - 
org.apache.http.client.ClientProtocolException
-------
feature call (loop) failed at index: 94
caller: classpath:InspireTest/ngr/datasetrecords/def/checkxlinkurl.template.feature
arg: {"link":"m"}
checkxlinkurl.template.feature:14 - 
org.apache.http.client.ClientProtocolException
-------
feature call (loop) failed at index: 95
caller: classpath:InspireTest/ngr/datasetrecords/def/checkxlinkurl.template.feature
arg: {"link":"e"}
checkxlinkurl.template.feature:14 - 
org.apache.http.client.ClientProtocolException
-------
feature call (loop) failed at index: 96
caller: classpath:InspireTest/ngr/datasetrecords/def/checkxlinkurl.template.feature
arg: {"link":"."}
checkxlinkurl.template.feature:14 - 
org.apache.http.client.ClientProtocolException
-------
feature call (loop) failed at index: 97
caller: classpath:InspireTest/ngr/datasetrecords/def/checkxlinkurl.template.feature
arg: {"link":"h"}
checkxlinkurl.template.feature:14 - 
org.apache.http.client.ClientProtocolException
-------
feature call (loop) failed at index: 98
caller: classpath:InspireTest/ngr/datasetrecords/def/checkxlinkurl.template.feature
arg: {"link":"t"}
checkxlinkurl.template.feature:14 - 
org.apache.http.client.ClientProtocolException
-------
feature call (loop) failed at index: 99
caller: classpath:InspireTest/ngr/datasetrecords/def/checkxlinkurl.template.feature
arg: {"link":"t"}
checkxlinkurl.template.feature:14 - 
org.apache.http.client.ClientProtocolException
-------
feature call (loop) failed at index: 100
caller: classpath:InspireTest/ngr/datasetrecords/def/checkxlinkurl.template.feature
arg: {"link":"p"}
checkxlinkurl.template.feature:14 - 
org.apache.http.client.ClientProtocolException
-------
feature call (loop) failed at index: 101
caller: classpath:InspireTest/ngr/datasetrecords/def/checkxlinkurl.template.feature
arg: {"link":"i"}
checkxlinkurl.template.feature:14 - 
org.apache.http.client.ClientProtocolException
-------
feature call (loop) failed at index: 102
caller: classpath:InspireTest/ngr/datasetrecords/def/checkxlinkurl.template.feature
arg: {"link":"n"}
checkxlinkurl.template.feature:14 - 
org.apache.http.client.ClientProtocolException
-------
feature call (loop) failed at index: 103
caller: classpath:InspireTest/ngr/datasetrecords/def/checkxlinkurl.template.feature
arg: {"link":"s"}
checkxlinkurl.template.feature:14 - 
org.apache.http.client.ClientProtocolException
-------
feature call (loop) failed at index: 104
caller: classpath:InspireTest/ngr/datasetrecords/def/checkxlinkurl.template.feature
arg: {"link":"p"}
checkxlinkurl.template.feature:14 - 
org.apache.http.client.ClientProtocolException
-------
feature call (loop) failed at index: 105
caller: classpath:InspireTest/ngr/datasetrecords/def/checkxlinkurl.template.feature
arg: {"link":"i"}
checkxlinkurl.template.feature:14 - 
org.apache.http.client.ClientProtocolException
-------
feature call (loop) failed at index: 106
caller: classpath:InspireTest/ngr/datasetrecords/def/checkxlinkurl.template.feature
arg: {"link":"r"}
checkxlinkurl.template.feature:14 - 
org.apache.http.client.ClientProtocolException
-------
feature call (loop) failed at index: 107
caller: classpath:InspireTest/ngr/datasetrecords/def/checkxlinkurl.template.feature
arg: {"link":"e"}
checkxlinkurl.template.feature:14 - 
org.apache.http.client.ClientProtocolException
-------
feature call (loop) failed at index: 108
caller: classpath:InspireTest/ngr/datasetrecords/def/checkxlinkurl.template.feature
arg: {"link":"e"}
checkxlinkurl.template.feature:14 - 
org.apache.http.client.ClientProtocolException
-------
feature call (loop) failed at index: 109
caller: classpath:InspireTest/ngr/datasetrecords/def/checkxlinkurl.template.feature
arg: {"link":"c"}
checkxlinkurl.template.feature:14 - 
org.apache.http.client.ClientProtocolException
-------
feature call (loop) failed at index: 110
caller: classpath:InspireTest/ngr/datasetrecords/def/checkxlinkurl.template.feature
arg: {"link":"e"}
checkxlinkurl.template.feature:14 - 
org.apache.http.client.ClientProtocolException
-------
feature call (loop) failed at index: 111
caller: classpath:InspireTest/ngr/datasetrecords/def/checkxlinkurl.template.feature
arg: {"link":"u"}
checkxlinkurl.template.feature:14 - 
org.apache.http.client.ClientProtocolException
-------
feature call (loop) failed at index: 112
caller: classpath:InspireTest/ngr/datasetrecords/def/checkxlinkurl.template.feature
arg: {"link":"r"}
checkxlinkurl.template.feature:14 - 
org.apache.http.client.ClientProtocolException
-------
feature call (loop) failed at index: 113
caller: classpath:InspireTest/ngr/datasetrecords/def/checkxlinkurl.template.feature
arg: {"link":"o"}
checkxlinkurl.template.feature:14 - 
org.apache.http.client.ClientProtocolException
-------
feature call (loop) failed at index: 114
caller: classpath:InspireTest/ngr/datasetrecords/def/checkxlinkurl.template.feature
arg: {"link":"p"}
checkxlinkurl.template.feature:14 - 
org.apache.http.client.ClientProtocolException
-------
feature call (loop) failed at index: 115
caller: classpath:InspireTest/ngr/datasetrecords/def/checkxlinkurl.template.feature
arg: {"link":"a"}
checkxlinkurl.template.feature:14 - 
org.apache.http.client.ClientProtocolException
-------
feature call (loop) failed at index: 116
caller: classpath:InspireTest/ngr/datasetrecords/def/checkxlinkurl.template.feature
arg: {"link":"e"}
checkxlinkurl.template.feature:14 - 
org.apache.http.client.ClientProtocolException
-------
feature call (loop) failed at index: 117
caller: classpath:InspireTest/ngr/datasetrecords/def/checkxlinkurl.template.feature
arg: {"link":"u"}
checkxlinkurl.template.feature:14 - 
org.apache.http.client.ClientProtocolException
-------
feature call (loop) failed at index: 118
caller: classpath:InspireTest/ngr/datasetrecords/def/checkxlinkurl.template.feature
arg: {"link":"t"}
checkxlinkurl.template.feature:14 - 
org.apache.http.client.ClientProtocolException
-------
feature call (loop) failed at index: 119
caller: classpath:InspireTest/ngr/datasetrecords/def/checkxlinkurl.template.feature
arg: {"link":"h"}
checkxlinkurl.template.feature:14 - 
org.apache.http.client.ClientProtocolException
-------
feature call (loop) failed at index: 120
caller: classpath:InspireTest/ngr/datasetrecords/def/checkxlinkurl.template.feature
arg: {"link":"e"}
checkxlinkurl.template.feature:14 - 
org.apache.http.client.ClientProtocolException
-------
feature call (loop) failed at index: 121
caller: classpath:InspireTest/ngr/datasetrecords/def/checkxlinkurl.template.feature
arg: {"link":"m"}
checkxlinkurl.template.feature:14 - 
org.apache.http.client.ClientProtocolException
-------
feature call (loop) failed at index: 122
caller: classpath:InspireTest/ngr/datasetrecords/def/checkxlinkurl.template.feature
arg: {"link":"e"}
checkxlinkurl.template.feature:14 - 
org.apache.http.client.ClientProtocolException
-------
feature call (loop) failed at index: 123
caller: classpath:InspireTest/ngr/datasetrecords/def/checkxlinkurl.template.feature
arg: {"link":"-"}
checkxlinkurl.template.feature:14 - 
org.apache.http.client.ClientProtocolException
-------
feature call (loop) failed at index: 124
caller: classpath:InspireTest/ngr/datasetrecords/def/checkxlinkurl.template.feature
arg: {"link":"t"}
checkxlinkurl.template.feature:14 - 
org.apache.http.client.ClientProtocolException
-------
feature call (loop) failed at index: 125
caller: classpath:InspireTest/ngr/datasetrecords/def/checkxlinkurl.template.feature
arg: {"link":"h"}
checkxlinkurl.template.feature:14 - 
org.apache.http.client.ClientProtocolException
-------
feature call (loop) failed at index: 126
caller: classpath:InspireTest/ngr/datasetrecords/def/checkxlinkurl.template.feature
arg: {"link":"e"}
checkxlinkurl.template.feature:14 - 
org.apache.http.client.ClientProtocolException
-------
feature call (loop) failed at index: 127
caller: classpath:InspireTest/ngr/datasetrecords/def/checkxlinkurl.template.feature
arg: {"link":"m"}
checkxlinkurl.template.feature:14 - 
org.apache.http.client.ClientProtocolException
-------
feature call (loop) failed at index: 128
caller: classpath:InspireTest/ngr/datasetrecords/def/checkxlinkurl.template.feature
arg: {"link":"e"}
checkxlinkurl.template.feature:14 - 
org.apache.http.client.ClientProtocolException
[1.117:16] ngr-check-dataset-record.feature:80 - feature call (loop) failed: classpath:InspireTest/ngr/datasetrecords/def/checkxlinkurl.template.feature
caller: classpath:InspireTest/ngr/datasetrecords/ngr-check-dataset-record.feature
items: [{link=}]
errors:
-------
feature call (loop) failed at index: 0
caller: classpath:InspireTest/ngr/datasetrecords/def/checkxlinkurl.template.feature
arg: {"link":""}
checkxlinkurl.template.feature:14 - 
org.apache.http.client.ClientProtocolException
[1.119:16] ngr-check-dataset-record.feature:80 - feature call (loop) failed: classpath:InspireTest/ngr/datasetrecords/def/checkxlinkurl.template.feature
caller: classpath:InspireTest/ngr/datasetrecords/ngr-check-dataset-record.feature
items: [{link=https://www.nationaalgeoregister.nl/geonetwork/srv/dut/catalog.search#/metadata/eu-2c7040b-c448-451b-bf15-f2416ecaadd1}, {link=http://rdfdata.eionet.europa.eu/inspirethemes/themes/7}, {link=urn:ogc:def:crs:EPSG::5709}]
errors:
-------
feature call (loop) failed at index: 1
caller: classpath:InspireTest/ngr/datasetrecords/def/checkxlinkurl.template.feature
arg: {"link":"http://rdfdata.eionet.europa.eu/inspirethemes/themes/7"}
checkxlinkurl.template.feature:15 - status code was: 404, expected: 200, response time: 200, url: http://rdfdata.eionet.europa.eu/inspirethemes/themes/7, response: 
-------
feature call (loop) failed at index: 2
caller: classpath:InspireTest/ngr/datasetrecords/def/checkxlinkurl.template.feature
arg: {"link":"urn:ogc:def:crs:EPSG::5709"}
checkxlinkurl.template.feature:14 - 
org.apache.http.client.ClientProtocolException: URI does not specify a valid host name: urn:ogc:def:crs:EPSG::5709
[1.120:16] ngr-check-dataset-record.feature:80 - feature call (loop) failed: classpath:InspireTest/ngr/datasetrecords/def/checkxlinkurl.template.feature
caller: classpath:InspireTest/ngr/datasetrecords/ngr-check-dataset-record.feature
items: [{link=http://inspire.rdw.nl/www/download/Licentie-Geogedeeld-RDW.pdf}, {link=}]
errors:
-------
feature call (loop) failed at index: 1
caller: classpath:InspireTest/ngr/datasetrecords/def/checkxlinkurl.template.feature
arg: {"link":""}
checkxlinkurl.template.feature:14 - 
org.apache.http.client.ClientProtocolException
[1.121:16] ngr-check-dataset-record.feature:80 - feature call (loop) failed: classpath:InspireTest/ngr/datasetrecords/def/checkxlinkurl.template.feature
caller: classpath:InspireTest/ngr/datasetrecords/ngr-check-dataset-record.feature
items: [{link=http://www.opengis.net/def/crs/EPSG/0/https://www.opengis.net/def/crs/EPSG/0/4258}, {link=https://ngr.acceptatie.nationaalgeoregister.nl/geonetwork/srv/resourcesd7ab6903-1152-450b-b81d-042682dcfd03}]
errors:
-------
feature call (loop) failed at index: 1
caller: classpath:InspireTest/ngr/datasetrecords/def/checkxlinkurl.template.feature
arg: {"link":"https://ngr.acceptatie.nationaalgeoregister.nl/geonetwork/srv/resourcesd7ab6903-1152-450b-b81d-042682dcfd03"}
checkxlinkurl.template.feature:15 - status code was: 404, expected: 200, response time: 282, url: https://ngr.acceptatie.nationaalgeoregister.nl/geonetwork/srv/resourcesd7ab6903-1152-450b-b81d-042682dcfd03, response: 
[1.123:16] ngr-check-dataset-record.feature:80 - feature call (loop) failed: classpath:InspireTest/ngr/datasetrecords/def/checkxlinkurl.template.feature
caller: classpath:InspireTest/ngr/datasetrecords/ngr-check-dataset-record.feature
items: [{link=http://nationaalgeoregister.nl/geonetwork/srv/dut/csw?SERVICE=CSW&version=2.0.2&REQUEST=GetRecordById&elementSetName=full&OutputSchema=http://www.isotc211.org/2005/gmd&ID=2daad588-11ef-47de-9832-6fe2c3b93e6d}, {link=https://creativecommons.org/publicdomain/mark/*/deed.nl}, {link=}]
errors:
-------
feature call (loop) failed at index: 1
caller: classpath:InspireTest/ngr/datasetrecords/def/checkxlinkurl.template.feature
arg: {"link":"https://creativecommons.org/publicdomain/mark/*/deed.nl"}
checkxlinkurl.template.feature:15 - status code was: 404, expected: 200, response time: 30, url: https://creativecommons.org/publicdomain/mark/*/deed.nl, response: 
-------
feature call (loop) failed at index: 2
caller: classpath:InspireTest/ngr/datasetrecords/def/checkxlinkurl.template.feature
arg: {"link":""}
checkxlinkurl.template.feature:14 - 
org.apache.http.client.ClientProtocolException
[1.124:16] ngr-check-dataset-record.feature:80 - feature call (loop) failed: classpath:InspireTest/ngr/datasetrecords/def/checkxlinkurl.template.feature
caller: classpath:InspireTest/ngr/datasetrecords/ngr-check-dataset-record.feature
items: [{link=}]
errors:
-------
feature call (loop) failed at index: 0
caller: classpath:InspireTest/ngr/datasetrecords/def/checkxlinkurl.template.feature
arg: {"link":""}
checkxlinkurl.template.feature:14 - 
org.apache.http.client.ClientProtocolException
[1.125:16] ngr-check-dataset-record.feature:80 - feature call (loop) failed: classpath:InspireTest/ngr/datasetrecords/def/checkxlinkurl.template.feature
caller: classpath:InspireTest/ngr/datasetrecords/ngr-check-dataset-record.feature
items: [{link=https://www.nationaalgeoregister.nl/geonetwork/srv/dut/catalog.search#/metadata/wt-f5eb-b09f-4f6d-8397-8878a1b86238}, {link=http://rdfdata.eionet.europa.eu/inspirethemes/themes/18}, {link=https://ngr.geocat.live/geonetwork/srv/eng/thesaurus.download?ref=external.theme.httpinspireeceuropaeumetadatacodelistPrioritydataset-Prioritydataset}]
errors:
-------
feature call (loop) failed at index: 1
caller: classpath:InspireTest/ngr/datasetrecords/def/checkxlinkurl.template.feature
arg: {"link":"http://rdfdata.eionet.europa.eu/inspirethemes/themes/18"}
checkxlinkurl.template.feature:15 - status code was: 404, expected: 200, response time: 214, url: http://rdfdata.eionet.europa.eu/inspirethemes/themes/18, response: 
-------
feature call (loop) failed at index: 2
caller: classpath:InspireTest/ngr/datasetrecords/def/checkxlinkurl.template.feature
arg: {"link":"https://ngr.geocat.live/geonetwork/srv/eng/thesaurus.download?ref=external.theme.httpinspireeceuropaeumetadatacodelistPrioritydataset-Prioritydataset"}
checkxlinkurl.template.feature:15 - status code was: 500, expected: 200, response time: 306, url: https://ngr.geocat.live/geonetwork/srv/eng/thesaurus.download?ref=external.theme.httpinspireeceuropaeumetadatacodelistPrioritydataset-Prioritydataset, response: 
[1.126:16] ngr-check-dataset-record.feature:80 - feature call (loop) failed: classpath:InspireTest/ngr/datasetrecords/def/checkxlinkurl.template.feature
caller: classpath:InspireTest/ngr/datasetrecords/ngr-check-dataset-record.feature
items: [{link=https://www.nationaalgeoregister.nl/geonetwork/srv/dut/catalog.search#/metadata/wt-3730-e750-485a-9c0c-39bf9be72cf9}, {link=http://rdfdata.eionet.europa.eu/inspirethemes/themes/18}, {link=https://ngr.geocat.live/geonetwork/srv/eng/thesaurus.download?ref=external.theme.httpinspireeceuropaeumetadatacodelistPrioritydataset-Prioritydataset}]
errors:
-------
feature call (loop) failed at index: 1
caller: classpath:InspireTest/ngr/datasetrecords/def/checkxlinkurl.template.feature
arg: {"link":"http://rdfdata.eionet.europa.eu/inspirethemes/themes/18"}
checkxlinkurl.template.feature:15 - status code was: 404, expected: 200, response time: 200, url: http://rdfdata.eionet.europa.eu/inspirethemes/themes/18, response: 
-------
feature call (loop) failed at index: 2
caller: classpath:InspireTest/ngr/datasetrecords/def/checkxlinkurl.template.feature
arg: {"link":"https://ngr.geocat.live/geonetwork/srv/eng/thesaurus.download?ref=external.theme.httpinspireeceuropaeumetadatacodelistPrioritydataset-Prioritydataset"}
checkxlinkurl.template.feature:15 - status code was: 500, expected: 200, response time: 312, url: https://ngr.geocat.live/geonetwork/srv/eng/thesaurus.download?ref=external.theme.httpinspireeceuropaeumetadatacodelistPrioritydataset-Prioritydataset, response: 
[1.127:16] ngr-check-dataset-record.feature:80 - feature call (loop) failed: classpath:InspireTest/ngr/datasetrecords/def/checkxlinkurl.template.feature
caller: classpath:InspireTest/ngr/datasetrecords/ngr-check-dataset-record.feature
items: [{link=http://www.opengis.net/def/crs/EPSG/0/http://www.opengis.net/def/crs/EPSG/0/3034}, {link=http://nationaalgeoregister.nl/geonetwork/srv/dut/csw?SERVICE=CSW&version=2.0.2&REQUEST=GetRecordById&elementSetName=full&OutputSchema=http://www.isotc211.org/2005/gmd&ID=ca94a0cb-7561-4a10-a7d6-b840e56c33ff}, {link=https://creativecommons.org/publicdomain/mark/*/deed.nl}, {link=}]
errors:
-------
feature call (loop) failed at index: 2
caller: classpath:InspireTest/ngr/datasetrecords/def/checkxlinkurl.template.feature
arg: {"link":"https://creativecommons.org/publicdomain/mark/*/deed.nl"}
checkxlinkurl.template.feature:15 - status code was: 404, expected: 200, response time: 36, url: https://creativecommons.org/publicdomain/mark/*/deed.nl, response: 
-------
feature call (loop) failed at index: 3
caller: classpath:InspireTest/ngr/datasetrecords/def/checkxlinkurl.template.feature
arg: {"link":""}
checkxlinkurl.template.feature:14 - 
org.apache.http.client.ClientProtocolException
[1.128:16] ngr-check-dataset-record.feature:80 - feature call (loop) failed: classpath:InspireTest/ngr/datasetrecords/def/checkxlinkurl.template.feature
caller: classpath:InspireTest/ngr/datasetrecords/ngr-check-dataset-record.feature
items: [{link=http://www.opengis.net/def/crs/EPSG/0/http://www.opengis.net/def/crs/EPSG/0/3034}, {link=http://nationaalgeoregister.nl/geonetwork/srv/dut/csw?SERVICE=CSW&version=2.0.2&REQUEST=GetRecordById&elementSetName=full&OutputSchema=http://www.isotc211.org/2005/gmd&ID=998ba1dc-f6a6-49a3-a021-51f30d9b1d0e}, {link=https://creativecommons.org/publicdomain/mark/*/deed.nl}, {link=}]
errors:
-------
feature call (loop) failed at index: 2
caller: classpath:InspireTest/ngr/datasetrecords/def/checkxlinkurl.template.feature
arg: {"link":"https://creativecommons.org/publicdomain/mark/*/deed.nl"}
checkxlinkurl.template.feature:15 - status code was: 404, expected: 200, response time: 37, url: https://creativecommons.org/publicdomain/mark/*/deed.nl, response: 
-------
feature call (loop) failed at index: 3
caller: classpath:InspireTest/ngr/datasetrecords/def/checkxlinkurl.template.feature
arg: {"link":""}
checkxlinkurl.template.feature:14 - 
org.apache.http.client.ClientProtocolException
[1.129:16] ngr-check-dataset-record.feature:80 - feature call (loop) failed: classpath:InspireTest/ngr/datasetrecords/def/checkxlinkurl.template.feature
caller: classpath:InspireTest/ngr/datasetrecords/ngr-check-dataset-record.feature
items: [{link=http://www.opengis.net/def/crs/EPSG/0/http://www.opengis.net/def/crs/EPSG/0/3034}, {link=http://nationaalgeoregister.nl/geonetwork/srv/dut/csw?SERVICE=CSW&version=2.0.2&REQUEST=GetRecordById&elementSetName=full&OutputSchema=http://www.isotc211.org/2005/gmd&ID=c7d8d77b-8c47-4309-8c58-9b12b086407f}, {link=https://creativecommons.org/publicdomain/mark/*/deed.nl}, {link=}]
errors:
-------
feature call (loop) failed at index: 2
caller: classpath:InspireTest/ngr/datasetrecords/def/checkxlinkurl.template.feature
arg: {"link":"https://creativecommons.org/publicdomain/mark/*/deed.nl"}
checkxlinkurl.template.feature:15 - status code was: 404, expected: 200, response time: 35, url: https://creativecommons.org/publicdomain/mark/*/deed.nl, response: 
-------
feature call (loop) failed at index: 3
caller: classpath:InspireTest/ngr/datasetrecords/def/checkxlinkurl.template.feature
arg: {"link":""}
checkxlinkurl.template.feature:14 - 
org.apache.http.client.ClientProtocolException
[1.130:16] ngr-check-dataset-record.feature:80 - feature call (loop) failed: classpath:InspireTest/ngr/datasetrecords/def/checkxlinkurl.template.feature
caller: classpath:InspireTest/ngr/datasetrecords/ngr-check-dataset-record.feature
items: [{link=https://www.nationaalgeoregister.nl/geonetwork/srv/dut/catalog.search#/metadata/10f9ec6-4464-462e-9765-83d90cefbeab}, {link=http://rdfdata.eionet.europa.eu/inspirethemes/themes/24}, {link=https://ngr.geocat.live/geonetwork/srv/eng/thesaurus.download?ref=external.theme.httpinspireeceuropaeumetadatacodelistPrioritydataset-Prioritydataset}, {link=urn:ogc:def:crs:EPSG::5709}]
errors:
-------
feature call (loop) failed at index: 1
caller: classpath:InspireTest/ngr/datasetrecords/def/checkxlinkurl.template.feature
arg: {"link":"http://rdfdata.eionet.europa.eu/inspirethemes/themes/24"}
checkxlinkurl.template.feature:15 - status code was: 404, expected: 200, response time: 384, url: http://rdfdata.eionet.europa.eu/inspirethemes/themes/24, response: 
-------
feature call (loop) failed at index: 2
caller: classpath:InspireTest/ngr/datasetrecords/def/checkxlinkurl.template.feature
arg: {"link":"https://ngr.geocat.live/geonetwork/srv/eng/thesaurus.download?ref=external.theme.httpinspireeceuropaeumetadatacodelistPrioritydataset-Prioritydataset"}
checkxlinkurl.template.feature:15 - status code was: 500, expected: 200, response time: 529, url: https://ngr.geocat.live/geonetwork/srv/eng/thesaurus.download?ref=external.theme.httpinspireeceuropaeumetadatacodelistPrioritydataset-Prioritydataset, response: 
-------
feature call (loop) failed at index: 3
caller: classpath:InspireTest/ngr/datasetrecords/def/checkxlinkurl.template.feature
arg: {"link":"urn:ogc:def:crs:EPSG::5709"}
checkxlinkurl.template.feature:14 - 
org.apache.http.client.ClientProtocolException: URI does not specify a valid host name: urn:ogc:def:crs:EPSG::5709
[1.131:16] ngr-check-dataset-record.feature:80 - feature call (loop) failed: classpath:InspireTest/ngr/datasetrecords/def/checkxlinkurl.template.feature
caller: classpath:InspireTest/ngr/datasetrecords/ngr-check-dataset-record.feature
items: [{link=https://www.nationaalgeoregister.nl/geonetwork/srv/dut/catalog.search#/metadata/2e31680f-68b5-4ff3-94a4-9c24109ffd5e}, {link=http://rdfdata.eionet.europa.eu/inspirethemes/themes/24}, {link=https://ngr.geocat.live/geonetwork/srv/eng/thesaurus.download?ref=external.theme.httpinspireeceuropaeumetadatacodelistPrioritydataset-Prioritydataset}, {link=urn:ogc:def:crs:EPSG::5709}]
errors:
-------
feature call (loop) failed at index: 1
caller: classpath:InspireTest/ngr/datasetrecords/def/checkxlinkurl.template.feature
arg: {"link":"http://rdfdata.eionet.europa.eu/inspirethemes/themes/24"}
checkxlinkurl.template.feature:15 - status code was: 404, expected: 200, response time: 200, url: http://rdfdata.eionet.europa.eu/inspirethemes/themes/24, response: 
-------
feature call (loop) failed at index: 2
caller: classpath:InspireTest/ngr/datasetrecords/def/checkxlinkurl.template.feature
arg: {"link":"https://ngr.geocat.live/geonetwork/srv/eng/thesaurus.download?ref=external.theme.httpinspireeceuropaeumetadatacodelistPrioritydataset-Prioritydataset"}
checkxlinkurl.template.feature:15 - status code was: 500, expected: 200, response time: 427, url: https://ngr.geocat.live/geonetwork/srv/eng/thesaurus.download?ref=external.theme.httpinspireeceuropaeumetadatacodelistPrioritydataset-Prioritydataset, response: 
-------
feature call (loop) failed at index: 3
caller: classpath:InspireTest/ngr/datasetrecords/def/checkxlinkurl.template.feature
arg: {"link":"urn:ogc:def:crs:EPSG::5709"}
checkxlinkurl.template.feature:14 - 
org.apache.http.client.ClientProtocolException: URI does not specify a valid host name: urn:ogc:def:crs:EPSG::5709
[1.132:16] ngr-check-dataset-record.feature:80 - feature call (loop) failed: classpath:InspireTest/ngr/datasetrecords/def/checkxlinkurl.template.feature
caller: classpath:InspireTest/ngr/datasetrecords/ngr-check-dataset-record.feature
items: [{link=https://www.nationaalgeoregister.nl/geonetwork/srv/dut/catalog.search#/metadata/622a632a-c57b-44a2-83a4-e51223d5f15g}, {link=http://rdfdata.eionet.europa.eu/inspirethemes/themes/24}, {link=https://ngr.geocat.live/geonetwork/srv/eng/thesaurus.download?ref=external.theme.httpinspireeceuropaeumetadatacodelistPrioritydataset-Prioritydataset}, {link=urn:ogc:def:crs:EPSG::5709}]
errors:
-------
feature call (loop) failed at index: 1
caller: classpath:InspireTest/ngr/datasetrecords/def/checkxlinkurl.template.feature
arg: {"link":"http://rdfdata.eionet.europa.eu/inspirethemes/themes/24"}
checkxlinkurl.template.feature:15 - status code was: 404, expected: 200, response time: 202, url: http://rdfdata.eionet.europa.eu/inspirethemes/themes/24, response: 
-------
feature call (loop) failed at index: 2
caller: classpath:InspireTest/ngr/datasetrecords/def/checkxlinkurl.template.feature
arg: {"link":"https://ngr.geocat.live/geonetwork/srv/eng/thesaurus.download?ref=external.theme.httpinspireeceuropaeumetadatacodelistPrioritydataset-Prioritydataset"}
checkxlinkurl.template.feature:15 - status code was: 500, expected: 200, response time: 417, url: https://ngr.geocat.live/geonetwork/srv/eng/thesaurus.download?ref=external.theme.httpinspireeceuropaeumetadatacodelistPrioritydataset-Prioritydataset, response: 
-------
feature call (loop) failed at index: 3
caller: classpath:InspireTest/ngr/datasetrecords/def/checkxlinkurl.template.feature
arg: {"link":"urn:ogc:def:crs:EPSG::5709"}
checkxlinkurl.template.feature:14 - 
org.apache.http.client.ClientProtocolException: URI does not specify a valid host name: urn:ogc:def:crs:EPSG::5709
[1.133:16] ngr-check-dataset-record.feature:80 - feature call (loop) failed: classpath:InspireTest/ngr/datasetrecords/def/checkxlinkurl.template.feature
caller: classpath:InspireTest/ngr/datasetrecords/ngr-check-dataset-record.feature
items: [{link=https://www.nationaalgeoregister.nl/geonetwork/srv/dut/catalog.search#/metadata/krw-f7bb2351-9788-42ea-a58b-a5ee1842304e}, {link=http://rdfdata.eionet.europa.eu/inspirethemes/themes/24}, {link=https://ngr.geocat.live/geonetwork/srv/eng/thesaurus.download?ref=external.theme.httpinspireeceuropaeumetadatacodelistPrioritydataset-Prioritydataset}, {link=urn:ogc:def:crs:EPSG::5709}]
errors:
-------
feature call (loop) failed at index: 1
caller: classpath:InspireTest/ngr/datasetrecords/def/checkxlinkurl.template.feature
arg: {"link":"http://rdfdata.eionet.europa.eu/inspirethemes/themes/24"}
checkxlinkurl.template.feature:15 - status code was: 404, expected: 200, response time: 202, url: http://rdfdata.eionet.europa.eu/inspirethemes/themes/24, response: 
-------
feature call (loop) failed at index: 2
caller: classpath:InspireTest/ngr/datasetrecords/def/checkxlinkurl.template.feature
arg: {"link":"https://ngr.geocat.live/geonetwork/srv/eng/thesaurus.download?ref=external.theme.httpinspireeceuropaeumetadatacodelistPrioritydataset-Prioritydataset"}
checkxlinkurl.template.feature:15 - status code was: 500, expected: 200, response time: 427, url: https://ngr.geocat.live/geonetwork/srv/eng/thesaurus.download?ref=external.theme.httpinspireeceuropaeumetadatacodelistPrioritydataset-Prioritydataset, response: 
-------
feature call (loop) failed at index: 3
caller: classpath:InspireTest/ngr/datasetrecords/def/checkxlinkurl.template.feature
arg: {"link":"urn:ogc:def:crs:EPSG::5709"}
checkxlinkurl.template.feature:14 - 
org.apache.http.client.ClientProtocolException: URI does not specify a valid host name: urn:ogc:def:crs:EPSG::5709
[1.134:16] ngr-check-dataset-record.feature:80 - feature call (loop) failed: classpath:InspireTest/ngr/datasetrecords/def/checkxlinkurl.template.feature
caller: classpath:InspireTest/ngr/datasetrecords/ngr-check-dataset-record.feature
items: [{link=https://www.nationaalgeoregister.nl/geonetwork/srv/dut/catalog.search#/metadata/a1960e70-22f4-4fd9-91a8-b605c6ceda3e}, {link=http://rdfdata.eionet.europa.eu/inspirethemes/themes/24}, {link=https://ngr.geocat.live/geonetwork/srv/eng/thesaurus.download?ref=external.theme.httpinspireeceuropaeumetadatacodelistPrioritydataset-Prioritydataset}]
errors:
-------
feature call (loop) failed at index: 1
caller: classpath:InspireTest/ngr/datasetrecords/def/checkxlinkurl.template.feature
arg: {"link":"http://rdfdata.eionet.europa.eu/inspirethemes/themes/24"}
checkxlinkurl.template.feature:15 - status code was: 404, expected: 200, response time: 203, url: http://rdfdata.eionet.europa.eu/inspirethemes/themes/24, response: 
-------
feature call (loop) failed at index: 2
caller: classpath:InspireTest/ngr/datasetrecords/def/checkxlinkurl.template.feature
arg: {"link":"https://ngr.geocat.live/geonetwork/srv/eng/thesaurus.download?ref=external.theme.httpinspireeceuropaeumetadatacodelistPrioritydataset-Prioritydataset"}
checkxlinkurl.template.feature:15 - status code was: 500, expected: 200, response time: 319, url: https://ngr.geocat.live/geonetwork/srv/eng/thesaurus.download?ref=external.theme.httpinspireeceuropaeumetadatacodelistPrioritydataset-Prioritydataset, response: 
[1.135:16] ngr-check-dataset-record.feature:80 - feature call (loop) failed: classpath:InspireTest/ngr/datasetrecords/def/checkxlinkurl.template.feature
caller: classpath:InspireTest/ngr/datasetrecords/ngr-check-dataset-record.feature
items: [{link=https://www.nationaalgeoregister.nl/geonetwork/srv/dut/catalog.search#/metadata/110f9ec6-4464-462e-9765-83d90cefbead}, {link=http://rdfdata.eionet.europa.eu/inspirethemes/themes/24}, {link=https://ngr.geocat.live/geonetwork/srv/eng/thesaurus.download?ref=external.theme.httpinspireeceuropaeumetadatacodelistPrioritydataset-Prioritydataset}]
errors:
-------
feature call (loop) failed at index: 1
caller: classpath:InspireTest/ngr/datasetrecords/def/checkxlinkurl.template.feature
arg: {"link":"http://rdfdata.eionet.europa.eu/inspirethemes/themes/24"}
checkxlinkurl.template.feature:15 - status code was: 404, expected: 200, response time: 240, url: http://rdfdata.eionet.europa.eu/inspirethemes/themes/24, response: 
-------
feature call (loop) failed at index: 2
caller: classpath:InspireTest/ngr/datasetrecords/def/checkxlinkurl.template.feature
arg: {"link":"https://ngr.geocat.live/geonetwork/srv/eng/thesaurus.download?ref=external.theme.httpinspireeceuropaeumetadatacodelistPrioritydataset-Prioritydataset"}
checkxlinkurl.template.feature:15 - status code was: 500, expected: 200, response time: 313, url: https://ngr.geocat.live/geonetwork/srv/eng/thesaurus.download?ref=external.theme.httpinspireeceuropaeumetadatacodelistPrioritydataset-Prioritydataset, response: 
[1.136:16] ngr-check-dataset-record.feature:80 - feature call (loop) failed: classpath:InspireTest/ngr/datasetrecords/def/checkxlinkurl.template.feature
caller: classpath:InspireTest/ngr/datasetrecords/ngr-check-dataset-record.feature
items: [{link=http://kadaster/e2318c58-b1e6-4621-9c77-33b8a1fd0124}]
errors:
-------
feature call (loop) failed at index: 0
caller: classpath:InspireTest/ngr/datasetrecords/def/checkxlinkurl.template.feature
arg: {"link":"http://kadaster/e2318c58-b1e6-4621-9c77-33b8a1fd0124"}
checkxlinkurl.template.feature:14 - 
java.net.UnknownHostException: kadaster: Temporary failure in name resolution
[1.137:16] ngr-check-dataset-record.feature:80 - feature call (loop) failed: classpath:InspireTest/ngr/datasetrecords/def/checkxlinkurl.template.feature
caller: classpath:InspireTest/ngr/datasetrecords/ngr-check-dataset-record.feature
items: [{link=http://www.opengis.net/def/crs/EPSG/0/https://www.opengis.net/def/crs/EPSG/0/4258}, {link=https://www.nationaalgeoregister.nl/geonetwork/srv/api/recordsbb11be63-bd38-4632-bf54-df44c423a529}]
errors:
-------
feature call (loop) failed at index: 1
caller: classpath:InspireTest/ngr/datasetrecords/def/checkxlinkurl.template.feature
arg: {"link":"https://www.nationaalgeoregister.nl/geonetwork/srv/api/recordsbb11be63-bd38-4632-bf54-df44c423a529"}
checkxlinkurl.template.feature:15 - status code was: 500, expected: 200, response time: 434, url: https://www.nationaalgeoregister.nl/geonetwork/srv/api/recordsbb11be63-bd38-4632-bf54-df44c423a529, response: 
[1.138:16] ngr-check-dataset-record.feature:48 - xpath does not exist: /GetRecordByIdResponse//@href on response
[1.139:16] ngr-check-dataset-record.feature:80 - feature call (loop) failed: classpath:InspireTest/ngr/datasetrecords/def/checkxlinkurl.template.feature
caller: classpath:InspireTest/ngr/datasetrecords/ngr-check-dataset-record.feature
items: [{link=https://www.nationaalgeoregister.nl/geonetwork/srv/dut/catalog.search#/metadata/krw2006-c57b-44a2-83a4-e51223d5f15g}, {link=http://rdfdata.eionet.europa.eu/inspirethemes/themes/24}, {link=https://ngr.geocat.live/geonetwork/srv/eng/thesaurus.download?ref=external.theme.httpinspireeceuropaeumetadatacodelistPrioritydataset-Prioritydataset}, {link=urn:ogc:def:crs:EPSG::5709}]
errors:
-------
feature call (loop) failed at index: 1
caller: classpath:InspireTest/ngr/datasetrecords/def/checkxlinkurl.template.feature
arg: {"link":"http://rdfdata.eionet.europa.eu/inspirethemes/themes/24"}
checkxlinkurl.template.feature:15 - status code was: 404, expected: 200, response time: 200, url: http://rdfdata.eionet.europa.eu/inspirethemes/themes/24, response: 
-------
feature call (loop) failed at index: 2
caller: classpath:InspireTest/ngr/datasetrecords/def/checkxlinkurl.template.feature
arg: {"link":"https://ngr.geocat.live/geonetwork/srv/eng/thesaurus.download?ref=external.theme.httpinspireeceuropaeumetadatacodelistPrioritydataset-Prioritydataset"}
checkxlinkurl.template.feature:15 - status code was: 500, expected: 200, response time: 316, url: https://ngr.geocat.live/geonetwork/srv/eng/thesaurus.download?ref=external.theme.httpinspireeceuropaeumetadatacodelistPrioritydataset-Prioritydataset, response: 
-------
feature call (loop) failed at index: 3
caller: classpath:InspireTest/ngr/datasetrecords/def/checkxlinkurl.template.feature
arg: {"link":"urn:ogc:def:crs:EPSG::5709"}
checkxlinkurl.template.feature:14 - 
org.apache.http.client.ClientProtocolException: URI does not specify a valid host name: urn:ogc:def:crs:EPSG::5709
[1.140:16] ngr-check-dataset-record.feature:80 - feature call (loop) failed: classpath:InspireTest/ngr/datasetrecords/def/checkxlinkurl.template.feature
caller: classpath:InspireTest/ngr/datasetrecords/ngr-check-dataset-record.feature
items: [{link=https://www.nationaalgeoregister.nl/geonetwork/srv/dut/catalog.search#/metadata/krw-782cab20-8328-45f1-a9b2-c27d07c14066}, {link=http://rdfdata.eionet.europa.eu/inspirethemes/themes/24}, {link=https://ngr.geocat.live/geonetwork/srv/eng/thesaurus.download?ref=external.theme.httpinspireeceuropaeumetadatacodelistPrioritydataset-Prioritydataset}, {link=urn:ogc:def:crs:EPSG::5709}]
errors:
-------
feature call (loop) failed at index: 1
caller: classpath:InspireTest/ngr/datasetrecords/def/checkxlinkurl.template.feature
arg: {"link":"http://rdfdata.eionet.europa.eu/inspirethemes/themes/24"}
checkxlinkurl.template.feature:15 - status code was: 404, expected: 200, response time: 200, url: http://rdfdata.eionet.europa.eu/inspirethemes/themes/24, response: 
-------
feature call (loop) failed at index: 2
caller: classpath:InspireTest/ngr/datasetrecords/def/checkxlinkurl.template.feature
arg: {"link":"https://ngr.geocat.live/geonetwork/srv/eng/thesaurus.download?ref=external.theme.httpinspireeceuropaeumetadatacodelistPrioritydataset-Prioritydataset"}
checkxlinkurl.template.feature:15 - status code was: 500, expected: 200, response time: 311, url: https://ngr.geocat.live/geonetwork/srv/eng/thesaurus.download?ref=external.theme.httpinspireeceuropaeumetadatacodelistPrioritydataset-Prioritydataset, response: 
-------
feature call (loop) failed at index: 3
caller: classpath:InspireTest/ngr/datasetrecords/def/checkxlinkurl.template.feature
arg: {"link":"urn:ogc:def:crs:EPSG::5709"}
checkxlinkurl.template.feature:14 - 
org.apache.http.client.ClientProtocolException: URI does not specify a valid host name: urn:ogc:def:crs:EPSG::5709
[1.141:16] ngr-check-dataset-record.feature:80 - feature call (loop) failed: classpath:InspireTest/ngr/datasetrecords/def/checkxlinkurl.template.feature
caller: classpath:InspireTest/ngr/datasetrecords/ngr-check-dataset-record.feature
items: [{link=https://www.nationaalgeoregister.nl/geonetwork/srv/dut/catalog.search#/metadata/krm-a905-9d8e-4758-83fa-28b057f185e3}, {link=http://rdfdata.eionet.europa.eu/inspirethemes/themes/24}, {link=https://ngr.geocat.live/geonetwork/srv/eng/thesaurus.download?ref=external.theme.httpinspireeceuropaeumetadatacodelistPrioritydataset-Prioritydataset}]
errors:
-------
feature call (loop) failed at index: 1
caller: classpath:InspireTest/ngr/datasetrecords/def/checkxlinkurl.template.feature
arg: {"link":"http://rdfdata.eionet.europa.eu/inspirethemes/themes/24"}
checkxlinkurl.template.feature:15 - status code was: 404, expected: 200, response time: 199, url: http://rdfdata.eionet.europa.eu/inspirethemes/themes/24, response: 
-------
feature call (loop) failed at index: 2
caller: classpath:InspireTest/ngr/datasetrecords/def/checkxlinkurl.template.feature
arg: {"link":"https://ngr.geocat.live/geonetwork/srv/eng/thesaurus.download?ref=external.theme.httpinspireeceuropaeumetadatacodelistPrioritydataset-Prioritydataset"}
checkxlinkurl.template.feature:15 - status code was: 500, expected: 200, response time: 309, url: https://ngr.geocat.live/geonetwork/srv/eng/thesaurus.download?ref=external.theme.httpinspireeceuropaeumetadatacodelistPrioritydataset-Prioritydataset, response: 
[1.142:16] ngr-check-dataset-record.feature:80 - feature call (loop) failed: classpath:InspireTest/ngr/datasetrecords/def/checkxlinkurl.template.feature
caller: classpath:InspireTest/ngr/datasetrecords/ngr-check-dataset-record.feature
items: [{link=https://www.nationaalgeoregister.nl/geonetwork/srv/dut/catalog.search#/metadata/krm-a905-9d8e-4758-83fa-28b057f185e4}, {link=http://rdfdata.eionet.europa.eu/inspirethemes/themes/24}, {link=https://ngr.geocat.live/geonetwork/srv/eng/thesaurus.download?ref=external.theme.httpinspireeceuropaeumetadatacodelistPrioritydataset-Prioritydataset}]
errors:
-------
feature call (loop) failed at index: 1
caller: classpath:InspireTest/ngr/datasetrecords/def/checkxlinkurl.template.feature
arg: {"link":"http://rdfdata.eionet.europa.eu/inspirethemes/themes/24"}
checkxlinkurl.template.feature:15 - status code was: 404, expected: 200, response time: 200, url: http://rdfdata.eionet.europa.eu/inspirethemes/themes/24, response: 
-------
feature call (loop) failed at index: 2
caller: classpath:InspireTest/ngr/datasetrecords/def/checkxlinkurl.template.feature
arg: {"link":"https://ngr.geocat.live/geonetwork/srv/eng/thesaurus.download?ref=external.theme.httpinspireeceuropaeumetadatacodelistPrioritydataset-Prioritydataset"}
checkxlinkurl.template.feature:15 - status code was: 500, expected: 200, response time: 316, url: https://ngr.geocat.live/geonetwork/srv/eng/thesaurus.download?ref=external.theme.httpinspireeceuropaeumetadatacodelistPrioritydataset-Prioritydataset, response: 
[1.143:16] ngr-check-dataset-record.feature:80 - feature call (loop) failed: classpath:InspireTest/ngr/datasetrecords/def/checkxlinkurl.template.feature
caller: classpath:InspireTest/ngr/datasetrecords/ngr-check-dataset-record.feature
items: [{link=https://www.nationaalgeoregister.nl/geonetwork/srv/dut/catalog.search#/metadata/110f9ec6-4464-462e-9765-83d90cefbeac}, {link=http://rdfdata.eionet.europa.eu/inspirethemes/themes/24}, {link=https://ngr.geocat.live/geonetwork/srv/eng/thesaurus.download?ref=external.theme.httpinspireeceuropaeumetadatacodelistPrioritydataset-Prioritydataset}]
errors:
-------
feature call (loop) failed at index: 1
caller: classpath:InspireTest/ngr/datasetrecords/def/checkxlinkurl.template.feature
arg: {"link":"http://rdfdata.eionet.europa.eu/inspirethemes/themes/24"}
checkxlinkurl.template.feature:15 - status code was: 404, expected: 200, response time: 199, url: http://rdfdata.eionet.europa.eu/inspirethemes/themes/24, response: 
-------
feature call (loop) failed at index: 2
caller: classpath:InspireTest/ngr/datasetrecords/def/checkxlinkurl.template.feature
arg: {"link":"https://ngr.geocat.live/geonetwork/srv/eng/thesaurus.download?ref=external.theme.httpinspireeceuropaeumetadatacodelistPrioritydataset-Prioritydataset"}
checkxlinkurl.template.feature:15 - status code was: 500, expected: 200, response time: 333, url: https://ngr.geocat.live/geonetwork/srv/eng/thesaurus.download?ref=external.theme.httpinspireeceuropaeumetadatacodelistPrioritydataset-Prioritydataset, response: 
[1.144:16] ngr-check-dataset-record.feature:80 - feature call (loop) failed: classpath:InspireTest/ngr/datasetrecords/def/checkxlinkurl.template.feature
caller: classpath:InspireTest/ngr/datasetrecords/ngr-check-dataset-record.feature
items: [{link=https://www.nationaalgeoregister.nl/geonetwork/srv/dut/catalog.search#/metadata/891ddc2d-8949-4a45-be96-c65b87c41f13}, {link=http://rdfdata.eionet.europa.eu/inspirethemes/themes/20}, {link=https://ngr.geocat.live/geonetwork/srv/eng/thesaurus.download?ref=external.theme.httpinspireeceuropaeumetadatacodelistPrioritydataset-Prioritydataset}]
errors:
-------
feature call (loop) failed at index: 1
caller: classpath:InspireTest/ngr/datasetrecords/def/checkxlinkurl.template.feature
arg: {"link":"http://rdfdata.eionet.europa.eu/inspirethemes/themes/20"}
checkxlinkurl.template.feature:15 - status code was: 404, expected: 200, response time: 200, url: http://rdfdata.eionet.europa.eu/inspirethemes/themes/20, response: 
-------
feature call (loop) failed at index: 2
caller: classpath:InspireTest/ngr/datasetrecords/def/checkxlinkurl.template.feature
arg: {"link":"https://ngr.geocat.live/geonetwork/srv/eng/thesaurus.download?ref=external.theme.httpinspireeceuropaeumetadatacodelistPrioritydataset-Prioritydataset"}
checkxlinkurl.template.feature:15 - status code was: 500, expected: 200, response time: 358, url: https://ngr.geocat.live/geonetwork/srv/eng/thesaurus.download?ref=external.theme.httpinspireeceuropaeumetadatacodelistPrioritydataset-Prioritydataset, response: 
[1.145:16] ngr-check-dataset-record.feature:80 - feature call (loop) failed: classpath:InspireTest/ngr/datasetrecords/def/checkxlinkurl.template.feature
caller: classpath:InspireTest/ngr/datasetrecords/ngr-check-dataset-record.feature
items: [{link=http://kadaster/e2318c58-b1e6-4621-9c77-33b8a1fd0e76}]
errors:
-------
feature call (loop) failed at index: 0
caller: classpath:InspireTest/ngr/datasetrecords/def/checkxlinkurl.template.feature
arg: {"link":"http://kadaster/e2318c58-b1e6-4621-9c77-33b8a1fd0e76"}
checkxlinkurl.template.feature:14 - 
java.net.UnknownHostException: kadaster
[1.147:16] ngr-check-dataset-record.feature:80 - feature call (loop) failed: classpath:InspireTest/ngr/datasetrecords/def/checkxlinkurl.template.feature
caller: classpath:InspireTest/ngr/datasetrecords/ngr-check-dataset-record.feature
items: [{link=}]
errors:
-------
feature call (loop) failed at index: 0
caller: classpath:InspireTest/ngr/datasetrecords/def/checkxlinkurl.template.feature
arg: {"link":""}
checkxlinkurl.template.feature:14 - 
org.apache.http.client.ClientProtocolException
[1.148:16] ngr-check-dataset-record.feature:80 - feature call (loop) failed: classpath:InspireTest/ngr/datasetrecords/def/checkxlinkurl.template.feature
caller: classpath:InspireTest/ngr/datasetrecords/ngr-check-dataset-record.feature
items: [{link=http://services.rce.geovoorziening.nl/www/download/nl.xml}, {link=}, {link=}]
errors:
-------
feature call (loop) failed at index: 1
caller: classpath:InspireTest/ngr/datasetrecords/def/checkxlinkurl.template.feature
arg: {"link":""}
checkxlinkurl.template.feature:14 - 
org.apache.http.client.ClientProtocolException
-------
feature call (loop) failed at index: 2
caller: classpath:InspireTest/ngr/datasetrecords/def/checkxlinkurl.template.feature
arg: {"link":""}
checkxlinkurl.template.feature:14 - 
org.apache.http.client.ClientProtocolException
[1.150:16] ngr-check-dataset-record.feature:80 - feature call (loop) failed: classpath:InspireTest/ngr/datasetrecords/def/checkxlinkurl.template.feature
caller: classpath:InspireTest/ngr/datasetrecords/ngr-check-dataset-record.feature
items: [{link=https://www.nationaalgeoregister.nl/geonetwork/srv/dut/catalog.search#/metadata/ror-9d8e-4758-83fx-28b057f185e1}, {link=http://rdfdata.eionet.europa.eu/inspirethemes/themes/25}, {link=https://ngr.geocat.live/geonetwork/srv/eng/thesaurus.download?ref=external.theme.httpinspireeceuropaeumetadatacodelistPrioritydataset-Prioritydataset}, {link=urn:ogc:def:crs:EPSG::5709}]
errors:
-------
feature call (loop) failed at index: 1
caller: classpath:InspireTest/ngr/datasetrecords/def/checkxlinkurl.template.feature
arg: {"link":"http://rdfdata.eionet.europa.eu/inspirethemes/themes/25"}
checkxlinkurl.template.feature:15 - status code was: 404, expected: 200, response time: 200, url: http://rdfdata.eionet.europa.eu/inspirethemes/themes/25, response: 
-------
feature call (loop) failed at index: 2
caller: classpath:InspireTest/ngr/datasetrecords/def/checkxlinkurl.template.feature
arg: {"link":"https://ngr.geocat.live/geonetwork/srv/eng/thesaurus.download?ref=external.theme.httpinspireeceuropaeumetadatacodelistPrioritydataset-Prioritydataset"}
checkxlinkurl.template.feature:15 - status code was: 500, expected: 200, response time: 311, url: https://ngr.geocat.live/geonetwork/srv/eng/thesaurus.download?ref=external.theme.httpinspireeceuropaeumetadatacodelistPrioritydataset-Prioritydataset, response: 
-------
feature call (loop) failed at index: 3
caller: classpath:InspireTest/ngr/datasetrecords/def/checkxlinkurl.template.feature
arg: {"link":"urn:ogc:def:crs:EPSG::5709"}
checkxlinkurl.template.feature:14 - 
org.apache.http.client.ClientProtocolException: URI does not specify a valid host name: urn:ogc:def:crs:EPSG::5709
[1.151:16] ngr-check-dataset-record.feature:80 - feature call (loop) failed: classpath:InspireTest/ngr/datasetrecords/def/checkxlinkurl.template.feature
caller: classpath:InspireTest/ngr/datasetrecords/ngr-check-dataset-record.feature
items: [{link=https://www.nationaalgeoregister.nl/geonetwork/srv/dut/catalog.search#/metadata/ror-9d8e-4758-83fx-28b057f185f1}, {link=http://rdfdata.eionet.europa.eu/inspirethemes/themes/25}, {link=https://ngr.geocat.live/geonetwork/srv/eng/thesaurus.download?ref=external.theme.httpinspireeceuropaeumetadatacodelistPrioritydataset-Prioritydataset}, {link=urn:ogc:def:crs:EPSG::5709}]
errors:
-------
feature call (loop) failed at index: 1
caller: classpath:InspireTest/ngr/datasetrecords/def/checkxlinkurl.template.feature
arg: {"link":"http://rdfdata.eionet.europa.eu/inspirethemes/themes/25"}
checkxlinkurl.template.feature:15 - status code was: 404, expected: 200, response time: 199, url: http://rdfdata.eionet.europa.eu/inspirethemes/themes/25, response: 
-------
feature call (loop) failed at index: 2
caller: classpath:InspireTest/ngr/datasetrecords/def/checkxlinkurl.template.feature
arg: {"link":"https://ngr.geocat.live/geonetwork/srv/eng/thesaurus.download?ref=external.theme.httpinspireeceuropaeumetadatacodelistPrioritydataset-Prioritydataset"}
checkxlinkurl.template.feature:15 - status code was: 500, expected: 200, response time: 311, url: https://ngr.geocat.live/geonetwork/srv/eng/thesaurus.download?ref=external.theme.httpinspireeceuropaeumetadatacodelistPrioritydataset-Prioritydataset, response: 
-------
feature call (loop) failed at index: 3
caller: classpath:InspireTest/ngr/datasetrecords/def/checkxlinkurl.template.feature
arg: {"link":"urn:ogc:def:crs:EPSG::5709"}
checkxlinkurl.template.feature:14 - 
org.apache.http.client.ClientProtocolException: URI does not specify a valid host name: urn:ogc:def:crs:EPSG::5709
[1.152:16] ngr-check-dataset-record.feature:80 - feature call (loop) failed: classpath:InspireTest/ngr/datasetrecords/def/checkxlinkurl.template.feature
caller: classpath:InspireTest/ngr/datasetrecords/ngr-check-dataset-record.feature
items: [{link=https://www.nationaalgeoregister.nl/geonetwork/srv/dut/catalog.search#/metadata/uwwtd-9d8e-4758-83fa-28b057f185e3}, {link=http://rdfdata.eionet.europa.eu/inspirethemes/themes/24}, {link=https://ngr.geocat.live/geonetwork/srv/eng/thesaurus.download?ref=external.theme.httpinspireeceuropaeumetadatacodelistPrioritydataset-Prioritydataset}, {link=urn:ogc:def:crs:EPSG::5709}]
errors:
-------
feature call (loop) failed at index: 1
caller: classpath:InspireTest/ngr/datasetrecords/def/checkxlinkurl.template.feature
arg: {"link":"http://rdfdata.eionet.europa.eu/inspirethemes/themes/24"}
checkxlinkurl.template.feature:15 - status code was: 404, expected: 200, response time: 199, url: http://rdfdata.eionet.europa.eu/inspirethemes/themes/24, response: 
-------
feature call (loop) failed at index: 2
caller: classpath:InspireTest/ngr/datasetrecords/def/checkxlinkurl.template.feature
arg: {"link":"https://ngr.geocat.live/geonetwork/srv/eng/thesaurus.download?ref=external.theme.httpinspireeceuropaeumetadatacodelistPrioritydataset-Prioritydataset"}
checkxlinkurl.template.feature:15 - status code was: 500, expected: 200, response time: 305, url: https://ngr.geocat.live/geonetwork/srv/eng/thesaurus.download?ref=external.theme.httpinspireeceuropaeumetadatacodelistPrioritydataset-Prioritydataset, response: 
-------
feature call (loop) failed at index: 3
caller: classpath:InspireTest/ngr/datasetrecords/def/checkxlinkurl.template.feature
arg: {"link":"urn:ogc:def:crs:EPSG::5709"}
checkxlinkurl.template.feature:14 - 
org.apache.http.client.ClientProtocolException: URI does not specify a valid host name: urn:ogc:def:crs:EPSG::5709
[1.153:16] ngr-check-dataset-record.feature:80 - feature call (loop) failed: classpath:InspireTest/ngr/datasetrecords/def/checkxlinkurl.template.feature
caller: classpath:InspireTest/ngr/datasetrecords/ngr-check-dataset-record.feature
items: [{link=https://www.nationaalgeoregister.nl/geonetwork/srv/dut/catalog.search#/metadata/uwwtd-9d8e-4758-83fa-28b057f185e2}, {link=http://rdfdata.eionet.europa.eu/inspirethemes/themes/24}, {link=https://ngr.geocat.live/geonetwork/srv/eng/thesaurus.download?ref=external.theme.httpinspireeceuropaeumetadatacodelistPrioritydataset-Prioritydataset}, {link=urn:ogc:def:crs:EPSG::5709}]
errors:
-------
feature call (loop) failed at index: 1
caller: classpath:InspireTest/ngr/datasetrecords/def/checkxlinkurl.template.feature
arg: {"link":"http://rdfdata.eionet.europa.eu/inspirethemes/themes/24"}
checkxlinkurl.template.feature:15 - status code was: 404, expected: 200, response time: 200, url: http://rdfdata.eionet.europa.eu/inspirethemes/themes/24, response: 
-------
feature call (loop) failed at index: 2
caller: classpath:InspireTest/ngr/datasetrecords/def/checkxlinkurl.template.feature
arg: {"link":"https://ngr.geocat.live/geonetwork/srv/eng/thesaurus.download?ref=external.theme.httpinspireeceuropaeumetadatacodelistPrioritydataset-Prioritydataset"}
checkxlinkurl.template.feature:15 - status code was: 500, expected: 200, response time: 308, url: https://ngr.geocat.live/geonetwork/srv/eng/thesaurus.download?ref=external.theme.httpinspireeceuropaeumetadatacodelistPrioritydataset-Prioritydataset, response: 
-------
feature call (loop) failed at index: 3
caller: classpath:InspireTest/ngr/datasetrecords/def/checkxlinkurl.template.feature
arg: {"link":"urn:ogc:def:crs:EPSG::5709"}
checkxlinkurl.template.feature:14 - 
org.apache.http.client.ClientProtocolException: URI does not specify a valid host name: urn:ogc:def:crs:EPSG::5709
[1.154:16] ngr-check-dataset-record.feature:80 - feature call (loop) failed: classpath:InspireTest/ngr/datasetrecords/def/checkxlinkurl.template.feature
caller: classpath:InspireTest/ngr/datasetrecords/ngr-check-dataset-record.feature
items: [{link=https://www.nationaalgeoregister.nl/geonetwork/srv/dut/catalog.search#/metadata/uwwtd-9d8e-4758-83fa-28b057f185e1}, {link=http://rdfdata.eionet.europa.eu/inspirethemes/themes/24}, {link=https://ngr.geocat.live/geonetwork/srv/eng/thesaurus.download?ref=external.theme.httpinspireeceuropaeumetadatacodelistPrioritydataset-Prioritydataset}, {link=urn:ogc:def:crs:EPSG::5709}]
errors:
-------
feature call (loop) failed at index: 1
caller: classpath:InspireTest/ngr/datasetrecords/def/checkxlinkurl.template.feature
arg: {"link":"http://rdfdata.eionet.europa.eu/inspirethemes/themes/24"}
checkxlinkurl.template.feature:15 - status code was: 404, expected: 200, response time: 200, url: http://rdfdata.eionet.europa.eu/inspirethemes/themes/24, response: 
-------
feature call (loop) failed at index: 2
caller: classpath:InspireTest/ngr/datasetrecords/def/checkxlinkurl.template.feature
arg: {"link":"https://ngr.geocat.live/geonetwork/srv/eng/thesaurus.download?ref=external.theme.httpinspireeceuropaeumetadatacodelistPrioritydataset-Prioritydataset"}
checkxlinkurl.template.feature:15 - status code was: 500, expected: 200, response time: 316, url: https://ngr.geocat.live/geonetwork/srv/eng/thesaurus.download?ref=external.theme.httpinspireeceuropaeumetadatacodelistPrioritydataset-Prioritydataset, response: 
-------
feature call (loop) failed at index: 3
caller: classpath:InspireTest/ngr/datasetrecords/def/checkxlinkurl.template.feature
arg: {"link":"urn:ogc:def:crs:EPSG::5709"}
checkxlinkurl.template.feature:14 - 
org.apache.http.client.ClientProtocolException: URI does not specify a valid host name: urn:ogc:def:crs:EPSG::5709
[1.155:16] ngr-check-dataset-record.feature:80 - feature call (loop) failed: classpath:InspireTest/ngr/datasetrecords/def/checkxlinkurl.template.feature
caller: classpath:InspireTest/ngr/datasetrecords/ngr-check-dataset-record.feature
items: [{link=http://www.opengis.net/def/crs/EPSG/0/http://www.opengis.net/def/crs/EPSG/0/3034}, {link=http://nationaalgeoregister.nl/geonetwork/srv/dut/csw?SERVICE=CSW&version=2.0.2&REQUEST=GetRecordById&elementSetName=full&OutputSchema=http://www.isotc211.org/2005/gmd&ID=0f128799-cf18-4b37-a721-e62b068191f5}, {link=https://creativecommons.org/publicdomain/mark/*/deed.nl}, {link=}]
errors:
-------
feature call (loop) failed at index: 2
caller: classpath:InspireTest/ngr/datasetrecords/def/checkxlinkurl.template.feature
arg: {"link":"https://creativecommons.org/publicdomain/mark/*/deed.nl"}
checkxlinkurl.template.feature:15 - status code was: 404, expected: 200, response time: 30, url: https://creativecommons.org/publicdomain/mark/*/deed.nl, response: 
-------
feature call (loop) failed at index: 3
caller: classpath:InspireTest/ngr/datasetrecords/def/checkxlinkurl.template.feature
arg: {"link":""}
checkxlinkurl.template.feature:14 - 
org.apache.http.client.ClientProtocolException
[1.156:16] ngr-check-dataset-record.feature:80 - feature call (loop) failed: classpath:InspireTest/ngr/datasetrecords/def/checkxlinkurl.template.feature
caller: classpath:InspireTest/ngr/datasetrecords/ngr-check-dataset-record.feature
items: [{link=http://kadaster/06b6c650-cdb1-11dd-ad8b-0800200c9a77}]
errors:
-------
feature call (loop) failed at index: 0
caller: classpath:InspireTest/ngr/datasetrecords/def/checkxlinkurl.template.feature
arg: {"link":"http://kadaster/06b6c650-cdb1-11dd-ad8b-0800200c9a77"}
checkxlinkurl.template.feature:14 - 
java.net.UnknownHostException: kadaster
[1.157:16] ngr-check-dataset-record.feature:80 - feature call (loop) failed: classpath:InspireTest/ngr/datasetrecords/def/checkxlinkurl.template.feature
caller: classpath:InspireTest/ngr/datasetrecords/ngr-check-dataset-record.feature
items: [{link=http://www.opengis.net/def/crs/EPSG/0/http://www.opengis.net/def/crs/EPSG/0/4258}, {link=http://kadaster/ff1d6d44-aea1-4ad5-b084-9afea143f1bf}]
errors:
-------
feature call (loop) failed at index: 1
caller: classpath:InspireTest/ngr/datasetrecords/def/checkxlinkurl.template.feature
arg: {"link":"http://kadaster/ff1d6d44-aea1-4ad5-b084-9afea143f1bf"}
checkxlinkurl.template.feature:14 - 
java.net.UnknownHostException: kadaster
[1.158:16] ngr-check-dataset-record.feature:80 - feature call (loop) failed: classpath:InspireTest/ngr/datasetrecords/def/checkxlinkurl.template.feature
caller: classpath:InspireTest/ngr/datasetrecords/ngr-check-dataset-record.feature
items: [{link=http://nationaalgeoregister.nl/geonetwork/srv/dut/csw?SERVICE=CSW&version=2.0.2&REQUEST=GetRecordById&elementSetName=full&OutputSchema=http://www.isotc211.org/2005/gmd&ID=df5ee213-e1bd-433b-80f7-4ea20f493ca8}, {link=https://creativecommons.org/publicdomain/mark/*/deed.nl}, {link=}]
errors:
-------
feature call (loop) failed at index: 1
caller: classpath:InspireTest/ngr/datasetrecords/def/checkxlinkurl.template.feature
arg: {"link":"https://creativecommons.org/publicdomain/mark/*/deed.nl"}
checkxlinkurl.template.feature:15 - status code was: 404, expected: 200, response time: 43, url: https://creativecommons.org/publicdomain/mark/*/deed.nl, response: 
-------
feature call (loop) failed at index: 2
caller: classpath:InspireTest/ngr/datasetrecords/def/checkxlinkurl.template.feature
arg: {"link":""}
checkxlinkurl.template.feature:14 - 
org.apache.http.client.ClientProtocolException
[1.159:16] ngr-check-dataset-record.feature:80 - feature call (loop) failed: classpath:InspireTest/ngr/datasetrecords/def/checkxlinkurl.template.feature
caller: classpath:InspireTest/ngr/datasetrecords/ngr-check-dataset-record.feature
items: [{link=http://www.opengis.net/def/crs/EPSG/0/http://www.opengis.net/def/crs/EPSG/0/3034}, {link=http://nationaalgeoregister.nl/geonetwork/srv/dut/csw?SERVICE=CSW&version=2.0.2&REQUEST=GetRecordById&elementSetName=full&OutputSchema=http://www.isotc211.org/2005/gmd&ID=b6ee58a1-b097-4c6d-8600-eb81efc1468c}, {link=https://creativecommons.org/publicdomain/mark/*/deed.nl}, {link=}]
errors:
-------
feature call (loop) failed at index: 2
caller: classpath:InspireTest/ngr/datasetrecords/def/checkxlinkurl.template.feature
arg: {"link":"https://creativecommons.org/publicdomain/mark/*/deed.nl"}
checkxlinkurl.template.feature:15 - status code was: 404, expected: 200, response time: 32, url: https://creativecommons.org/publicdomain/mark/*/deed.nl, response: 
-------
feature call (loop) failed at index: 3
caller: classpath:InspireTest/ngr/datasetrecords/def/checkxlinkurl.template.feature
arg: {"link":""}
checkxlinkurl.template.feature:14 - 
org.apache.http.client.ClientProtocolException
[1.160:16] ngr-check-dataset-record.feature:80 - feature call (loop) failed: classpath:InspireTest/ngr/datasetrecords/def/checkxlinkurl.template.feature
caller: classpath:InspireTest/ngr/datasetrecords/ngr-check-dataset-record.feature
items: [{link=http://www.opengis.net/def/crs/EPSG/0/NAP}, {link=https://ngr.acceptatie.nationaalgeoregister.nl/geonetwork/srv/resourcesd72ddff0-2724-11e2-81c1-0800200c9a66}]
errors:
-------
feature call (loop) failed at index: 1
caller: classpath:InspireTest/ngr/datasetrecords/def/checkxlinkurl.template.feature
arg: {"link":"https://ngr.acceptatie.nationaalgeoregister.nl/geonetwork/srv/resourcesd72ddff0-2724-11e2-81c1-0800200c9a66"}
checkxlinkurl.template.feature:15 - status code was: 404, expected: 200, response time: 282, url: https://ngr.acceptatie.nationaalgeoregister.nl/geonetwork/srv/resourcesd72ddff0-2724-11e2-81c1-0800200c9a66, response: 
[1.161:16] ngr-check-dataset-record.feature:80 - feature call (loop) failed: classpath:InspireTest/ngr/datasetrecords/def/checkxlinkurl.template.feature
caller: classpath:InspireTest/ngr/datasetrecords/ngr-check-dataset-record.feature
items: [{link=http://www.opengis.net/def/crs/EPSG/0/NAP}, {link=https://ngr.acceptatie.nationaalgeoregister.nl/geonetwork/srv/resourcesddf87610-2724-11e2-81c1-0800200c9a66}]
errors:
-------
feature call (loop) failed at index: 1
caller: classpath:InspireTest/ngr/datasetrecords/def/checkxlinkurl.template.feature
arg: {"link":"https://ngr.acceptatie.nationaalgeoregister.nl/geonetwork/srv/resourcesddf87610-2724-11e2-81c1-0800200c9a66"}
checkxlinkurl.template.feature:15 - status code was: 404, expected: 200, response time: 278, url: https://ngr.acceptatie.nationaalgeoregister.nl/geonetwork/srv/resourcesddf87610-2724-11e2-81c1-0800200c9a66, response: 
[1.162:16] ngr-check-dataset-record.feature:80 - feature call (loop) failed: classpath:InspireTest/ngr/datasetrecords/def/checkxlinkurl.template.feature
caller: classpath:InspireTest/ngr/datasetrecords/ngr-check-dataset-record.feature
items: [{link=https://www.nationaalgeoregister.nl/geonetwork/srv/dut/catalog.search#/metadata/wt-83730-e750-485a-9c0c-39bf9be72cf8}, {link=http://rdfdata.eionet.europa.eu/inspirethemes/themes/18}, {link=https://ngr.geocat.live/geonetwork/srv/eng/thesaurus.download?ref=external.theme.httpinspireeceuropaeumetadatacodelistPrioritydataset-Prioritydataset}]
errors:
-------
feature call (loop) failed at index: 1
caller: classpath:InspireTest/ngr/datasetrecords/def/checkxlinkurl.template.feature
arg: {"link":"http://rdfdata.eionet.europa.eu/inspirethemes/themes/18"}
checkxlinkurl.template.feature:15 - status code was: 404, expected: 200, response time: 200, url: http://rdfdata.eionet.europa.eu/inspirethemes/themes/18, response: 
-------
feature call (loop) failed at index: 2
caller: classpath:InspireTest/ngr/datasetrecords/def/checkxlinkurl.template.feature
arg: {"link":"https://ngr.geocat.live/geonetwork/srv/eng/thesaurus.download?ref=external.theme.httpinspireeceuropaeumetadatacodelistPrioritydataset-Prioritydataset"}
checkxlinkurl.template.feature:15 - status code was: 500, expected: 200, response time: 330, url: https://ngr.geocat.live/geonetwork/srv/eng/thesaurus.download?ref=external.theme.httpinspireeceuropaeumetadatacodelistPrioritydataset-Prioritydataset, response: 
[1.163:16] ngr-check-dataset-record.feature:80 - feature call (loop) failed: classpath:InspireTest/ngr/datasetrecords/def/checkxlinkurl.template.feature
caller: classpath:InspireTest/ngr/datasetrecords/ngr-check-dataset-record.feature
items: [{link=http://www.opengis.net/def/crs/EPSG/0/http://www.opengis.net/def/crs/EPSG/0/3034}, {link=http://nationaalgeoregister.nl/geonetwork/srv/dut/csw?SERVICE=CSW&version=2.0.2&REQUEST=GetRecordById&elementSetName=full&OutputSchema=http://www.isotc211.org/2005/gmd&ID=c829abeb-bfac-4224-8332-e7a9a89e692e}, {link=https://creativecommons.org/publicdomain/mark/*/deed.nl}, {link=}]
errors:
-------
feature call (loop) failed at index: 2
caller: classpath:InspireTest/ngr/datasetrecords/def/checkxlinkurl.template.feature
arg: {"link":"https://creativecommons.org/publicdomain/mark/*/deed.nl"}
checkxlinkurl.template.feature:15 - status code was: 404, expected: 200, response time: 33, url: https://creativecommons.org/publicdomain/mark/*/deed.nl, response: 
-------
feature call (loop) failed at index: 3
caller: classpath:InspireTest/ngr/datasetrecords/def/checkxlinkurl.template.feature
arg: {"link":""}
checkxlinkurl.template.feature:14 - 
org.apache.http.client.ClientProtocolException
[1.164:16] ngr-check-dataset-record.feature:80 - feature call (loop) failed: classpath:InspireTest/ngr/datasetrecords/def/checkxlinkurl.template.feature
caller: classpath:InspireTest/ngr/datasetrecords/ngr-check-dataset-record.feature
items: [{link=http://www.opengis.net/def/crs/EPSG/0/http://www.opengis.net/def/crs/EPSG/0/3034}, {link=http://nationaalgeoregister.nl/geonetwork/srv/dut/csw?SERVICE=CSW&version=2.0.2&REQUEST=GetRecordById&elementSetName=full&OutputSchema=http://www.isotc211.org/2005/gmd&ID=34e6165f-1269-48d1-b255-0f05d163d692}, {link=https://creativecommons.org/publicdomain/mark/*/deed.nl}, {link=}]
errors:
-------
feature call (loop) failed at index: 2
caller: classpath:InspireTest/ngr/datasetrecords/def/checkxlinkurl.template.feature
arg: {"link":"https://creativecommons.org/publicdomain/mark/*/deed.nl"}
checkxlinkurl.template.feature:15 - status code was: 404, expected: 200, response time: 35, url: https://creativecommons.org/publicdomain/mark/*/deed.nl, response: 
-------
feature call (loop) failed at index: 3
caller: classpath:InspireTest/ngr/datasetrecords/def/checkxlinkurl.template.feature
arg: {"link":""}
checkxlinkurl.template.feature:14 - 
org.apache.http.client.ClientProtocolException
[1.165:16] ngr-check-dataset-record.feature:80 - feature call (loop) failed: classpath:InspireTest/ngr/datasetrecords/def/checkxlinkurl.template.feature
caller: classpath:InspireTest/ngr/datasetrecords/ngr-check-dataset-record.feature
items: [{link=http://www.opengis.net/def/crs/EPSG/0/http://www.opengis.net/def/crs/EPSG/0/3034}, {link=http://nationaalgeoregister.nl/geonetwork/srv/dut/csw?SERVICE=CSW&version=2.0.2&REQUEST=GetRecordById&elementSetName=full&OutputSchema=http://www.isotc211.org/2005/gmd&ID=41023936-009d-48ec-a90d-c966895463c1}, {link=https://creativecommons.org/publicdomain/mark/*/deed.nl}, {link=}]
errors:
-------
feature call (loop) failed at index: 2
caller: classpath:InspireTest/ngr/datasetrecords/def/checkxlinkurl.template.feature
arg: {"link":"https://creativecommons.org/publicdomain/mark/*/deed.nl"}
checkxlinkurl.template.feature:15 - status code was: 404, expected: 200, response time: 35, url: https://creativecommons.org/publicdomain/mark/*/deed.nl, response: 
-------
feature call (loop) failed at index: 3
caller: classpath:InspireTest/ngr/datasetrecords/def/checkxlinkurl.template.feature
arg: {"link":""}
checkxlinkurl.template.feature:14 - 
org.apache.http.client.ClientProtocolException
[1.166:16] ngr-check-dataset-record.feature:80 - feature call (loop) failed: classpath:InspireTest/ngr/datasetrecords/def/checkxlinkurl.template.feature
caller: classpath:InspireTest/ngr/datasetrecords/ngr-check-dataset-record.feature
items: [{link=https://geodata.nationaalgeoregister.nl/cbsgebiedsindelingen/atom/cbsgebiedsindelingen.xml}, {link=https://www.iana.org/assignments/media-types/application/geopackage+sqlite3}, {link=}]
errors:
-------
feature call (loop) failed at index: 2
caller: classpath:InspireTest/ngr/datasetrecords/def/checkxlinkurl.template.feature
arg: {"link":""}
checkxlinkurl.template.feature:14 - 
org.apache.http.client.ClientProtocolException
[1.167:16] ngr-check-dataset-record.feature:80 - feature call (loop) failed: classpath:InspireTest/ngr/datasetrecords/def/checkxlinkurl.template.feature
caller: classpath:InspireTest/ngr/datasetrecords/ngr-check-dataset-record.feature
items: [{link=http://geodata.nationaalgeoregister.nl/cbsprovincies/extract/cbsprovincies.zip}, {link=}]
errors:
-------
feature call (loop) failed at index: 1
caller: classpath:InspireTest/ngr/datasetrecords/def/checkxlinkurl.template.feature
arg: {"link":""}
checkxlinkurl.template.feature:14 - 
org.apache.http.client.ClientProtocolException
[1.168:16] ngr-check-dataset-record.feature:80 - feature call (loop) failed: classpath:InspireTest/ngr/datasetrecords/def/checkxlinkurl.template.feature
caller: classpath:InspireTest/ngr/datasetrecords/ngr-check-dataset-record.feature
items: [{link=http://www.opengis.net/def/crs/EPSG/0/https://www.opengis.net/def/crs/EPSG/0/4258}, {link=https://www.nationaalgeoregister.nl:443/geonetwork/srv/api/records/a5241416-8401-4623-be61-57ef50447a41}]
errors:
-------
feature call (loop) failed at index: 1
caller: classpath:InspireTest/ngr/datasetrecords/def/checkxlinkurl.template.feature
arg: {"link":"https://www.nationaalgeoregister.nl:443/geonetwork/srv/api/records/a5241416-8401-4623-be61-57ef50447a41"}
checkxlinkurl.template.feature:15 - status code was: 400, expected: 200, response time: 280, url: https://www.nationaalgeoregister.nl:443/geonetwork/srv/api/records/a5241416-8401-4623-be61-57ef50447a41, response: 
[1.169:16] ngr-check-dataset-record.feature:80 - feature call (loop) failed: classpath:InspireTest/ngr/datasetrecords/def/checkxlinkurl.template.feature
caller: classpath:InspireTest/ngr/datasetrecords/ngr-check-dataset-record.feature
items: [{link=https://nationaalgeoregister.nl/geonetwork/srv/resources052a3480-1031-4d29-ba55-01672e2c50d9}]
errors:
-------
feature call (loop) failed at index: 0
caller: classpath:InspireTest/ngr/datasetrecords/def/checkxlinkurl.template.feature
arg: {"link":"https://nationaalgeoregister.nl/geonetwork/srv/resources052a3480-1031-4d29-ba55-01672e2c50d9"}
checkxlinkurl.template.feature:15 - status code was: 404, expected: 200, response time: 280, url: https://nationaalgeoregister.nl/geonetwork/srv/resources052a3480-1031-4d29-ba55-01672e2c50d9, response: 
[1.170:16] ngr-check-dataset-record.feature:80 - feature call (loop) failed: classpath:InspireTest/ngr/datasetrecords/def/checkxlinkurl.template.feature
caller: classpath:InspireTest/ngr/datasetrecords/ngr-check-dataset-record.feature
items: [{link=http://nationaalgeoregister.nl/geonetwork/srv/dut/csw?SERVICE=CSW&version=2.0.2&REQUEST=GetRecordById&elementSetName=full&OutputSchema=http://www.isotc211.org/2005/gmd&ID=bc2c53f6-c908-4d7c-a6c0-78d9a2855640}, {link=https://creativecommons.org/publicdomain/mark/*/deed.nl}, {link=}]
errors:
-------
feature call (loop) failed at index: 1
caller: classpath:InspireTest/ngr/datasetrecords/def/checkxlinkurl.template.feature
arg: {"link":"https://creativecommons.org/publicdomain/mark/*/deed.nl"}
checkxlinkurl.template.feature:15 - status code was: 404, expected: 200, response time: 38, url: https://creativecommons.org/publicdomain/mark/*/deed.nl, response: 
-------
feature call (loop) failed at index: 2
caller: classpath:InspireTest/ngr/datasetrecords/def/checkxlinkurl.template.feature
arg: {"link":""}
checkxlinkurl.template.feature:14 - 
org.apache.http.client.ClientProtocolException
[1.171:16] ngr-check-dataset-record.feature:80 - feature call (loop) failed: classpath:InspireTest/ngr/datasetrecords/def/checkxlinkurl.template.feature
caller: classpath:InspireTest/ngr/datasetrecords/ngr-check-dataset-record.feature
items: [{link=http://nationaalgeoregister.nl/geonetwork/srv/dut/csw?SERVICE=CSW&version=2.0.2&REQUEST=GetRecordById&elementSetName=full&OutputSchema=http://www.isotc211.org/2005/gmd&ID=f5f68d51-2ca4-4897-8227-d3938b2b0a7e}, {link=https://creativecommons.org/publicdomain/mark/*/deed.nl}, {link=}]
errors:
-------
feature call (loop) failed at index: 1
caller: classpath:InspireTest/ngr/datasetrecords/def/checkxlinkurl.template.feature
arg: {"link":"https://creativecommons.org/publicdomain/mark/*/deed.nl"}
checkxlinkurl.template.feature:15 - status code was: 404, expected: 200, response time: 33, url: https://creativecommons.org/publicdomain/mark/*/deed.nl, response: 
-------
feature call (loop) failed at index: 2
caller: classpath:InspireTest/ngr/datasetrecords/def/checkxlinkurl.template.feature
arg: {"link":""}
checkxlinkurl.template.feature:14 - 
org.apache.http.client.ClientProtocolException
[1.172:16] ngr-check-dataset-record.feature:80 - feature call (loop) failed: classpath:InspireTest/ngr/datasetrecords/def/checkxlinkurl.template.feature
caller: classpath:InspireTest/ngr/datasetrecords/ngr-check-dataset-record.feature
items: [{link=https://www.nationaalgeoregister.nl/geonetwork/srv/dut/catalog.search#/metadata/krw2006-68b5-4ff3-94a4-9c24109ffd5e}, {link=http://rdfdata.eionet.europa.eu/inspirethemes/themes/24}, {link=https://ngr.geocat.live/geonetwork/srv/eng/thesaurus.download?ref=external.theme.httpinspireeceuropaeumetadatacodelistPrioritydataset-Prioritydataset}, {link=urn:ogc:def:crs:EPSG::5709}]
errors:
-------
feature call (loop) failed at index: 1
caller: classpath:InspireTest/ngr/datasetrecords/def/checkxlinkurl.template.feature
arg: {"link":"http://rdfdata.eionet.europa.eu/inspirethemes/themes/24"}
checkxlinkurl.template.feature:15 - status code was: 404, expected: 200, response time: 200, url: http://rdfdata.eionet.europa.eu/inspirethemes/themes/24, response: 
-------
feature call (loop) failed at index: 2
caller: classpath:InspireTest/ngr/datasetrecords/def/checkxlinkurl.template.feature
arg: {"link":"https://ngr.geocat.live/geonetwork/srv/eng/thesaurus.download?ref=external.theme.httpinspireeceuropaeumetadatacodelistPrioritydataset-Prioritydataset"}
checkxlinkurl.template.feature:15 - status code was: 500, expected: 200, response time: 315, url: https://ngr.geocat.live/geonetwork/srv/eng/thesaurus.download?ref=external.theme.httpinspireeceuropaeumetadatacodelistPrioritydataset-Prioritydataset, response: 
-------
feature call (loop) failed at index: 3
caller: classpath:InspireTest/ngr/datasetrecords/def/checkxlinkurl.template.feature
arg: {"link":"urn:ogc:def:crs:EPSG::5709"}
checkxlinkurl.template.feature:14 - 
org.apache.http.client.ClientProtocolException: URI does not specify a valid host name: urn:ogc:def:crs:EPSG::5709
[1.173:16] ngr-check-dataset-record.feature:80 - feature call (loop) failed: classpath:InspireTest/ngr/datasetrecords/def/checkxlinkurl.template.feature
caller: classpath:InspireTest/ngr/datasetrecords/ngr-check-dataset-record.feature
items: [{link=https://www.nationaalgeoregister.nl/geonetwork/srv/dut/catalog.search#/metadata/710c381c-ab2d-45d5-a45d-af2eba811e5f}, {link=http://rdfdata.eionet.europa.eu/inspirethemes/themes/8}, {link=urn:ogc:def:crs:EPSG::5709}]
errors:
-------
feature call (loop) failed at index: 1
caller: classpath:InspireTest/ngr/datasetrecords/def/checkxlinkurl.template.feature
arg: {"link":"http://rdfdata.eionet.europa.eu/inspirethemes/themes/8"}
checkxlinkurl.template.feature:15 - status code was: 404, expected: 200, response time: 200, url: http://rdfdata.eionet.europa.eu/inspirethemes/themes/8, response: 
-------
feature call (loop) failed at index: 2
caller: classpath:InspireTest/ngr/datasetrecords/def/checkxlinkurl.template.feature
arg: {"link":"urn:ogc:def:crs:EPSG::5709"}
checkxlinkurl.template.feature:14 - 
org.apache.http.client.ClientProtocolException: URI does not specify a valid host name: urn:ogc:def:crs:EPSG::5709
[1.174:16] ngr-check-dataset-record.feature:80 - feature call (loop) failed: classpath:InspireTest/ngr/datasetrecords/def/checkxlinkurl.template.feature
caller: classpath:InspireTest/ngr/datasetrecords/ngr-check-dataset-record.feature
items: [{link=http://www.opengis.net/def/crs/EPSG/0/http://www.opengis.net/def/crs/EPSG/0/3034}, {link=http://nationaalgeoregister.nl/geonetwork/srv/dut/csw?SERVICE=CSW&version=2.0.2&REQUEST=GetRecordById&elementSetName=full&OutputSchema=http://www.isotc211.org/2005/gmd&ID=60a2a7c2-d5b3-4ad5-b562-c448695357fb}, {link=https://creativecommons.org/publicdomain/mark/*/deed.nl}, {link=}]
errors:
-------
feature call (loop) failed at index: 2
caller: classpath:InspireTest/ngr/datasetrecords/def/checkxlinkurl.template.feature
arg: {"link":"https://creativecommons.org/publicdomain/mark/*/deed.nl"}
checkxlinkurl.template.feature:15 - status code was: 404, expected: 200, response time: 39, url: https://creativecommons.org/publicdomain/mark/*/deed.nl, response: 
-------
feature call (loop) failed at index: 3
caller: classpath:InspireTest/ngr/datasetrecords/def/checkxlinkurl.template.feature
arg: {"link":""}
checkxlinkurl.template.feature:14 - 
org.apache.http.client.ClientProtocolException
[1.175:16] ngr-check-dataset-record.feature:80 - feature call (loop) failed: classpath:InspireTest/ngr/datasetrecords/def/checkxlinkurl.template.feature
caller: classpath:InspireTest/ngr/datasetrecords/ngr-check-dataset-record.feature
items: [{link=http://www.opengis.net/def/crs/EPSG/0/http://www.opengis.net/def/crs/EPSG/0/3034}, {link=http://nationaalgeoregister.nl/geonetwork/srv/dut/csw?SERVICE=CSW&version=2.0.2&REQUEST=GetRecordById&elementSetName=full&OutputSchema=http://www.isotc211.org/2005/gmd&ID=f002bfc5-7d87-46b6-819e-8415422b65c9}, {link=https://creativecommons.org/publicdomain/mark/*/deed.nl}, {link=}]
errors:
-------
feature call (loop) failed at index: 2
caller: classpath:InspireTest/ngr/datasetrecords/def/checkxlinkurl.template.feature
arg: {"link":"https://creativecommons.org/publicdomain/mark/*/deed.nl"}
checkxlinkurl.template.feature:15 - status code was: 404, expected: 200, response time: 35, url: https://creativecommons.org/publicdomain/mark/*/deed.nl, response: 
-------
feature call (loop) failed at index: 3
caller: classpath:InspireTest/ngr/datasetrecords/def/checkxlinkurl.template.feature
arg: {"link":""}
checkxlinkurl.template.feature:14 - 
org.apache.http.client.ClientProtocolException
[1.176:16] ngr-check-dataset-record.feature:80 - feature call (loop) failed: classpath:InspireTest/ngr/datasetrecords/def/checkxlinkurl.template.feature
caller: classpath:InspireTest/ngr/datasetrecords/ngr-check-dataset-record.feature
items: [{link=http://www.opengis.net/def/crs/EPSG/0/http://www.opengis.net/def/crs/EPSG/0/3034}, {link=http://nationaalgeoregister.nl/geonetwork/srv/dut/csw?SERVICE=CSW&version=2.0.2&REQUEST=GetRecordById&elementSetName=full&OutputSchema=http://www.isotc211.org/2005/gmd&ID=cc408b2d-09a6-4b2b-9aa3-b46bfe2f00a5}, {link=https://creativecommons.org/publicdomain/mark/*/deed.nl}, {link=}]
errors:
-------
feature call (loop) failed at index: 2
caller: classpath:InspireTest/ngr/datasetrecords/def/checkxlinkurl.template.feature
arg: {"link":"https://creativecommons.org/publicdomain/mark/*/deed.nl"}
checkxlinkurl.template.feature:15 - status code was: 404, expected: 200, response time: 43, url: https://creativecommons.org/publicdomain/mark/*/deed.nl, response: 
-------
feature call (loop) failed at index: 3
caller: classpath:InspireTest/ngr/datasetrecords/def/checkxlinkurl.template.feature
arg: {"link":""}
checkxlinkurl.template.feature:14 - 
org.apache.http.client.ClientProtocolException
[1.177:16] ngr-check-dataset-record.feature:80 - feature call (loop) failed: classpath:InspireTest/ngr/datasetrecords/def/checkxlinkurl.template.feature
caller: classpath:InspireTest/ngr/datasetrecords/ngr-check-dataset-record.feature
items: [{link=http://www.opengis.net/def/crs/EPSG/0/http://www.opengis.net/def/crs/EPSG/0/3034}, {link=http://nationaalgeoregister.nl/geonetwork/srv/dut/csw?SERVICE=CSW&version=2.0.2&REQUEST=GetRecordById&elementSetName=full&OutputSchema=http://www.isotc211.org/2005/gmd&ID=49ab8bee-b467-486a-96ca-b950443c453a}, {link=https://creativecommons.org/publicdomain/mark/*/deed.nl}, {link=}]
errors:
-------
feature call (loop) failed at index: 2
caller: classpath:InspireTest/ngr/datasetrecords/def/checkxlinkurl.template.feature
arg: {"link":"https://creativecommons.org/publicdomain/mark/*/deed.nl"}
checkxlinkurl.template.feature:15 - status code was: 404, expected: 200, response time: 35, url: https://creativecommons.org/publicdomain/mark/*/deed.nl, response: 
-------
feature call (loop) failed at index: 3
caller: classpath:InspireTest/ngr/datasetrecords/def/checkxlinkurl.template.feature
arg: {"link":""}
checkxlinkurl.template.feature:14 - 
org.apache.http.client.ClientProtocolException
[1.178:16] ngr-check-dataset-record.feature:80 - feature call (loop) failed: classpath:InspireTest/ngr/datasetrecords/def/checkxlinkurl.template.feature
caller: classpath:InspireTest/ngr/datasetrecords/ngr-check-dataset-record.feature
items: [{link=https://www.nationaalgeoregister.nl/geonetwork/srv/dut/catalog.search#/metadata/110f9ec6-4464-462e-9765-83d90cefbeag}, {link=http://rdfdata.eionet.europa.eu/inspirethemes/themes/24}, {link=https://ngr.geocat.live/geonetwork/srv/eng/thesaurus.download?ref=external.theme.httpinspireeceuropaeumetadatacodelistPrioritydataset-Prioritydataset}, {link=urn:ogc:def:crs:EPSG::5709}]
errors:
-------
feature call (loop) failed at index: 1
caller: classpath:InspireTest/ngr/datasetrecords/def/checkxlinkurl.template.feature
arg: {"link":"http://rdfdata.eionet.europa.eu/inspirethemes/themes/24"}
checkxlinkurl.template.feature:15 - status code was: 404, expected: 200, response time: 200, url: http://rdfdata.eionet.europa.eu/inspirethemes/themes/24, response: 
-------
feature call (loop) failed at index: 2
caller: classpath:InspireTest/ngr/datasetrecords/def/checkxlinkurl.template.feature
arg: {"link":"https://ngr.geocat.live/geonetwork/srv/eng/thesaurus.download?ref=external.theme.httpinspireeceuropaeumetadatacodelistPrioritydataset-Prioritydataset"}
checkxlinkurl.template.feature:15 - status code was: 500, expected: 200, response time: 304, url: https://ngr.geocat.live/geonetwork/srv/eng/thesaurus.download?ref=external.theme.httpinspireeceuropaeumetadatacodelistPrioritydataset-Prioritydataset, response: 
-------
feature call (loop) failed at index: 3
caller: classpath:InspireTest/ngr/datasetrecords/def/checkxlinkurl.template.feature
arg: {"link":"urn:ogc:def:crs:EPSG::5709"}
checkxlinkurl.template.feature:14 - 
org.apache.http.client.ClientProtocolException: URI does not specify a valid host name: urn:ogc:def:crs:EPSG::5709
[1.179:16] ngr-check-dataset-record.feature:80 - feature call (loop) failed: classpath:InspireTest/ngr/datasetrecords/def/checkxlinkurl.template.feature
caller: classpath:InspireTest/ngr/datasetrecords/ngr-check-dataset-record.feature
items: [{link=https://www.nationaalgeoregister.nl/geonetwork/srv/dut/catalog.search#/metadata/ror-9d8e-4758-83fx-28b057f185g1}, {link=http://rdfdata.eionet.europa.eu/inspirethemes/themes/25}, {link=https://ngr.geocat.live/geonetwork/srv/eng/thesaurus.download?ref=external.theme.httpinspireeceuropaeumetadatacodelistPrioritydataset-Prioritydataset}, {link=urn:ogc:def:crs:EPSG::5709}]
errors:
-------
feature call (loop) failed at index: 1
caller: classpath:InspireTest/ngr/datasetrecords/def/checkxlinkurl.template.feature
arg: {"link":"http://rdfdata.eionet.europa.eu/inspirethemes/themes/25"}
checkxlinkurl.template.feature:15 - status code was: 404, expected: 200, response time: 201, url: http://rdfdata.eionet.europa.eu/inspirethemes/themes/25, response: 
-------
feature call (loop) failed at index: 2
caller: classpath:InspireTest/ngr/datasetrecords/def/checkxlinkurl.template.feature
arg: {"link":"https://ngr.geocat.live/geonetwork/srv/eng/thesaurus.download?ref=external.theme.httpinspireeceuropaeumetadatacodelistPrioritydataset-Prioritydataset"}
checkxlinkurl.template.feature:15 - status code was: 500, expected: 200, response time: 306, url: https://ngr.geocat.live/geonetwork/srv/eng/thesaurus.download?ref=external.theme.httpinspireeceuropaeumetadatacodelistPrioritydataset-Prioritydataset, response: 
-------
feature call (loop) failed at index: 3
caller: classpath:InspireTest/ngr/datasetrecords/def/checkxlinkurl.template.feature
arg: {"link":"urn:ogc:def:crs:EPSG::5709"}
checkxlinkurl.template.feature:14 - 
org.apache.http.client.ClientProtocolException: URI does not specify a valid host name: urn:ogc:def:crs:EPSG::5709
[1.180:16] ngr-check-dataset-record.feature:80 - feature call (loop) failed: classpath:InspireTest/ngr/datasetrecords/def/checkxlinkurl.template.feature
caller: classpath:InspireTest/ngr/datasetrecords/ngr-check-dataset-record.feature
items: [{link=https://www.nationaalgeoregister.nl/geonetwork/srv/dut/catalog.search#/metadata/a9b7026e-0a81-4813-93bd-ba49e6f28502}, {link=http://rdfdata.eionet.europa.eu/inspirethemes/themes/7}, {link=http://rdfdata.eionet.europa.eu/inspirethemes/themes/18}, {link=https://ngr.geocat.live/geonetwork/srv/eng/thesaurus.download?ref=external.theme.httpinspireeceuropaeumetadatacodelistPrioritydataset-Prioritydataset}, {link=urn:ogc:def:crs:EPSG::5709}]
errors:
-------
feature call (loop) failed at index: 1
caller: classpath:InspireTest/ngr/datasetrecords/def/checkxlinkurl.template.feature
arg: {"link":"http://rdfdata.eionet.europa.eu/inspirethemes/themes/7"}
checkxlinkurl.template.feature:15 - status code was: 404, expected: 200, response time: 199, url: http://rdfdata.eionet.europa.eu/inspirethemes/themes/7, response: 
-------
feature call (loop) failed at index: 2
caller: classpath:InspireTest/ngr/datasetrecords/def/checkxlinkurl.template.feature
arg: {"link":"http://rdfdata.eionet.europa.eu/inspirethemes/themes/18"}
checkxlinkurl.template.feature:15 - status code was: 404, expected: 200, response time: 199, url: http://rdfdata.eionet.europa.eu/inspirethemes/themes/18, response: 
-------
feature call (loop) failed at index: 3
caller: classpath:InspireTest/ngr/datasetrecords/def/checkxlinkurl.template.feature
arg: {"link":"https://ngr.geocat.live/geonetwork/srv/eng/thesaurus.download?ref=external.theme.httpinspireeceuropaeumetadatacodelistPrioritydataset-Prioritydataset"}
checkxlinkurl.template.feature:15 - status code was: 500, expected: 200, response time: 310, url: https://ngr.geocat.live/geonetwork/srv/eng/thesaurus.download?ref=external.theme.httpinspireeceuropaeumetadatacodelistPrioritydataset-Prioritydataset, response: 
-------
feature call (loop) failed at index: 4
caller: classpath:InspireTest/ngr/datasetrecords/def/checkxlinkurl.template.feature
arg: {"link":"urn:ogc:def:crs:EPSG::5709"}
checkxlinkurl.template.feature:14 - 
org.apache.http.client.ClientProtocolException: URI does not specify a valid host name: urn:ogc:def:crs:EPSG::5709
[1.183:16] ngr-check-dataset-record.feature:80 - feature call (loop) failed: classpath:InspireTest/ngr/datasetrecords/def/checkxlinkurl.template.feature
caller: classpath:InspireTest/ngr/datasetrecords/ngr-check-dataset-record.feature
items: [{link=}]
errors:
-------
feature call (loop) failed at index: 0
caller: classpath:InspireTest/ngr/datasetrecords/def/checkxlinkurl.template.feature
arg: {"link":""}
checkxlinkurl.template.feature:14 - 
org.apache.http.client.ClientProtocolException
[1.184:16] ngr-check-dataset-record.feature:80 - feature call (loop) failed: classpath:InspireTest/ngr/datasetrecords/def/checkxlinkurl.template.feature
caller: classpath:InspireTest/ngr/datasetrecords/ngr-check-dataset-record.feature
items: [{link=http://kadaster/79a1c01b-21ad-43e8-a5c2-23e3eeb95be2}, {link=}]
errors:
-------
feature call (loop) failed at index: 0
caller: classpath:InspireTest/ngr/datasetrecords/def/checkxlinkurl.template.feature
arg: {"link":"http://kadaster/79a1c01b-21ad-43e8-a5c2-23e3eeb95be2"}
checkxlinkurl.template.feature:14 - 
java.net.UnknownHostException: kadaster
-------
feature call (loop) failed at index: 1
caller: classpath:InspireTest/ngr/datasetrecords/def/checkxlinkurl.template.feature
arg: {"link":""}
checkxlinkurl.template.feature:14 - 
org.apache.http.client.ClientProtocolException
[1.185:16] ngr-check-dataset-record.feature:80 - feature call (loop) failed: classpath:InspireTest/ngr/datasetrecords/def/checkxlinkurl.template.feature
caller: classpath:InspireTest/ngr/datasetrecords/ngr-check-dataset-record.feature
items: [{link=https://www.nationaalgeoregister.nl/geonetwork/srv/dut/catalog.search#/metadata/25294679-adb9-4c39-a93b-6954ff9414ac}, {link=http://rdfdata.eionet.europa.eu/inspirethemes/themes/20}, {link=http://rdfdata.eionet.europa.eu/inspirethemes/themes/28}, {link=urn:ogc:def:crs:EPSG::5709}]
errors:
-------
feature call (loop) failed at index: 1
caller: classpath:InspireTest/ngr/datasetrecords/def/checkxlinkurl.template.feature
arg: {"link":"http://rdfdata.eionet.europa.eu/inspirethemes/themes/20"}
checkxlinkurl.template.feature:15 - status code was: 404, expected: 200, response time: 200, url: http://rdfdata.eionet.europa.eu/inspirethemes/themes/20, response: 
-------
feature call (loop) failed at index: 2
caller: classpath:InspireTest/ngr/datasetrecords/def/checkxlinkurl.template.feature
arg: {"link":"http://rdfdata.eionet.europa.eu/inspirethemes/themes/28"}
checkxlinkurl.template.feature:15 - status code was: 404, expected: 200, response time: 200, url: http://rdfdata.eionet.europa.eu/inspirethemes/themes/28, response: 
-------
feature call (loop) failed at index: 3
caller: classpath:InspireTest/ngr/datasetrecords/def/checkxlinkurl.template.feature
arg: {"link":"urn:ogc:def:crs:EPSG::5709"}
checkxlinkurl.template.feature:14 - 
org.apache.http.client.ClientProtocolException: URI does not specify a valid host name: urn:ogc:def:crs:EPSG::5709
[1.186:16] ngr-check-dataset-record.feature:80 - feature call (loop) failed: classpath:InspireTest/ngr/datasetrecords/def/checkxlinkurl.template.feature
caller: classpath:InspireTest/ngr/datasetrecords/ngr-check-dataset-record.feature
items: [{link=http://www.opengis.net/def/crs/EPSG/0/http://www.opengis.net/def/crs/EPSG/0/3034}, {link=http://nationaalgeoregister.nl/geonetwork/srv/dut/csw?SERVICE=CSW&version=2.0.2&REQUEST=GetRecordById&elementSetName=full&OutputSchema=http://www.isotc211.org/2005/gmd&ID=f0821bfe-5a0a-11e9-8647-d663bd873d93}, {link=https://creativecommons.org/publicdomain/mark/*/deed.nl}, {link=}]
errors:
-------
feature call (loop) failed at index: 2
caller: classpath:InspireTest/ngr/datasetrecords/def/checkxlinkurl.template.feature
arg: {"link":"https://creativecommons.org/publicdomain/mark/*/deed.nl"}
checkxlinkurl.template.feature:15 - status code was: 404, expected: 200, response time: 177, url: https://creativecommons.org/publicdomain/mark/*/deed.nl, response: 
-------
feature call (loop) failed at index: 3
caller: classpath:InspireTest/ngr/datasetrecords/def/checkxlinkurl.template.feature
arg: {"link":""}
checkxlinkurl.template.feature:14 - 
org.apache.http.client.ClientProtocolException
[1.187:16] ngr-check-dataset-record.feature:80 - feature call (loop) failed: classpath:InspireTest/ngr/datasetrecords/def/checkxlinkurl.template.feature
caller: classpath:InspireTest/ngr/datasetrecords/ngr-check-dataset-record.feature
items: [{link=http://www.opengis.net/def/crs/EPSG/0/http://www.opengis.net/def/crs/EPSG/0/3034}, {link=http://nationaalgeoregister.nl/geonetwork/srv/dut/csw?SERVICE=CSW&version=2.0.2&REQUEST=GetRecordById&elementSetName=full&OutputSchema=http://www.isotc211.org/2005/gmd&ID=88f76a94-ee4d-4e0c-9fde-91b692403e39}, {link=https://creativecommons.org/publicdomain/mark/*/deed.nl}, {link=}]
errors:
-------
feature call (loop) failed at index: 2
caller: classpath:InspireTest/ngr/datasetrecords/def/checkxlinkurl.template.feature
arg: {"link":"https://creativecommons.org/publicdomain/mark/*/deed.nl"}
checkxlinkurl.template.feature:15 - status code was: 404, expected: 200, response time: 35, url: https://creativecommons.org/publicdomain/mark/*/deed.nl, response: 
-------
feature call (loop) failed at index: 3
caller: classpath:InspireTest/ngr/datasetrecords/def/checkxlinkurl.template.feature
arg: {"link":""}
checkxlinkurl.template.feature:14 - 
org.apache.http.client.ClientProtocolException
[1.188:16] ngr-check-dataset-record.feature:80 - feature call (loop) failed: classpath:InspireTest/ngr/datasetrecords/def/checkxlinkurl.template.feature
caller: classpath:InspireTest/ngr/datasetrecords/ngr-check-dataset-record.feature
items: [{link=https://www.nationaalgeoregister.nl/geonetwork/srv/dut/catalog.search#/metadata/eu-cb527d-f6db-4835-b0cd-deb245241254}, {link=http://rdfdata.eionet.europa.eu/inspirethemes/themes/7}, {link=http://inspire.ec.europa.eu/metadata-codelist/Prioritydataset/SurfaceWaterBodies-dir-2000-60}, {link=https://ngr.geocat.live/geonetwork/srv/eng/thesaurus.download?ref=external.theme.httpinspireeceuropaeumetadatacodelistPrioritydataset-Prioritydataset}]
errors:
-------
feature call (loop) failed at index: 1
caller: classpath:InspireTest/ngr/datasetrecords/def/checkxlinkurl.template.feature
arg: {"link":"http://rdfdata.eionet.europa.eu/inspirethemes/themes/7"}
checkxlinkurl.template.feature:15 - status code was: 404, expected: 200, response time: 199, url: http://rdfdata.eionet.europa.eu/inspirethemes/themes/7, response: 
-------
feature call (loop) failed at index: 2
caller: classpath:InspireTest/ngr/datasetrecords/def/checkxlinkurl.template.feature
arg: {"link":"http://inspire.ec.europa.eu/metadata-codelist/Prioritydataset/SurfaceWaterBodies-dir-2000-60"}
checkxlinkurl.template.feature:15 - status code was: 404, expected: 200, response time: 436, url: http://inspire.ec.europa.eu/metadata-codelist/Prioritydataset/SurfaceWaterBodies-dir-2000-60, response: 
-------
feature call (loop) failed at index: 3
caller: classpath:InspireTest/ngr/datasetrecords/def/checkxlinkurl.template.feature
arg: {"link":"https://ngr.geocat.live/geonetwork/srv/eng/thesaurus.download?ref=external.theme.httpinspireeceuropaeumetadatacodelistPrioritydataset-Prioritydataset"}
checkxlinkurl.template.feature:15 - status code was: 500, expected: 200, response time: 445, url: https://ngr.geocat.live/geonetwork/srv/eng/thesaurus.download?ref=external.theme.httpinspireeceuropaeumetadatacodelistPrioritydataset-Prioritydataset, response: 
[1.189:16] ngr-check-dataset-record.feature:80 - feature call (loop) failed: classpath:InspireTest/ngr/datasetrecords/def/checkxlinkurl.template.feature
caller: classpath:InspireTest/ngr/datasetrecords/ngr-check-dataset-record.feature
items: [{link=http://www.opengis.net/def/crs/EPSG/0/https://www.opengis.net/def/crs/EPSG/0/4258}, {link=https://www.nationaalgeoregister.nl/geonetwork/srv/api/recordse8b84fae-00b3-49c1-80c1-df8f69f64e8c}]
errors:
-------
feature call (loop) failed at index: 1
caller: classpath:InspireTest/ngr/datasetrecords/def/checkxlinkurl.template.feature
arg: {"link":"https://www.nationaalgeoregister.nl/geonetwork/srv/api/recordse8b84fae-00b3-49c1-80c1-df8f69f64e8c"}
checkxlinkurl.template.feature:15 - status code was: 500, expected: 200, response time: 309, url: https://www.nationaalgeoregister.nl/geonetwork/srv/api/recordse8b84fae-00b3-49c1-80c1-df8f69f64e8c, response: 
[1.190:16] ngr-check-dataset-record.feature:80 - feature call (loop) failed: classpath:InspireTest/ngr/datasetrecords/def/checkxlinkurl.template.feature
caller: classpath:InspireTest/ngr/datasetrecords/ngr-check-dataset-record.feature
items: [{link=http://www.opengis.net/def/crs/EPSG/0/https://www.opengis.net/def/crs/EPSG/0/4258}, {link=https://www.nationaalgeoregister.nl/geonetwork/srv/api/records4cda487b-c467-490c-a843-6563fec016be}]
errors:
-------
feature call (loop) failed at index: 1
caller: classpath:InspireTest/ngr/datasetrecords/def/checkxlinkurl.template.feature
arg: {"link":"https://www.nationaalgeoregister.nl/geonetwork/srv/api/records4cda487b-c467-490c-a843-6563fec016be"}
checkxlinkurl.template.feature:15 - status code was: 500, expected: 200, response time: 323, url: https://www.nationaalgeoregister.nl/geonetwork/srv/api/records4cda487b-c467-490c-a843-6563fec016be, response: 
[1.191:16] ngr-check-dataset-record.feature:80 - feature call (loop) failed: classpath:InspireTest/ngr/datasetrecords/def/checkxlinkurl.template.feature
caller: classpath:InspireTest/ngr/datasetrecords/ngr-check-dataset-record.feature
items: [{link=https://ngr.acceptatie.nationaalgeoregister.nl/geonetwork/srv/resources03671a9e-6aaf-464d-be99-9aad25cef9e3}, {link=http://standaarden.overheid.nl/owms/terms/Ministerie_van_Landbouw,_Natuur_en_Voedselkwaliteit}]
errors:
-------
feature call (loop) failed at index: 0
caller: classpath:InspireTest/ngr/datasetrecords/def/checkxlinkurl.template.feature
arg: {"link":"https://ngr.acceptatie.nationaalgeoregister.nl/geonetwork/srv/resources03671a9e-6aaf-464d-be99-9aad25cef9e3"}
checkxlinkurl.template.feature:15 - status code was: 404, expected: 200, response time: 279, url: https://ngr.acceptatie.nationaalgeoregister.nl/geonetwork/srv/resources03671a9e-6aaf-464d-be99-9aad25cef9e3, response: 
[1.192:16] ngr-check-dataset-record.feature:80 - feature call (loop) failed: classpath:InspireTest/ngr/datasetrecords/def/checkxlinkurl.template.feature
caller: classpath:InspireTest/ngr/datasetrecords/ngr-check-dataset-record.feature
items: [{link=https://ngr.acceptatie.nationaalgeoregister.nl/geonetwork/srv/resourcesbbe3c19d-12b0-4912-a6f4-46eb189e85ac}, {link=http://rdfdata.eionet.europa.eu/inspirethemes/themes/16}, {link=http://geonetwork-opensource.org/inspire-theme#}, {link=https://www.nationaalgeoregister.nl/geonetwork/srv/eng/thesaurus.download?ref=external.theme.inspire-theme}]
errors:
-------
feature call (loop) failed at index: 0
caller: classpath:InspireTest/ngr/datasetrecords/def/checkxlinkurl.template.feature
arg: {"link":"https://ngr.acceptatie.nationaalgeoregister.nl/geonetwork/srv/resourcesbbe3c19d-12b0-4912-a6f4-46eb189e85ac"}
checkxlinkurl.template.feature:15 - status code was: 404, expected: 200, response time: 281, url: https://ngr.acceptatie.nationaalgeoregister.nl/geonetwork/srv/resourcesbbe3c19d-12b0-4912-a6f4-46eb189e85ac, response: 
-------
feature call (loop) failed at index: 1
caller: classpath:InspireTest/ngr/datasetrecords/def/checkxlinkurl.template.feature
arg: {"link":"http://rdfdata.eionet.europa.eu/inspirethemes/themes/16"}
checkxlinkurl.template.feature:15 - status code was: 404, expected: 200, response time: 202, url: http://rdfdata.eionet.europa.eu/inspirethemes/themes/16, response: 
-------
feature call (loop) failed at index: 2
caller: classpath:InspireTest/ngr/datasetrecords/def/checkxlinkurl.template.feature
arg: {"link":"http://geonetwork-opensource.org/inspire-theme#"}
checkxlinkurl.template.feature:15 - status code was: 404, expected: 200, response time: 398, url: http://geonetwork-opensource.org/inspire-theme#, response: 
-------
feature call (loop) failed at index: 3
caller: classpath:InspireTest/ngr/datasetrecords/def/checkxlinkurl.template.feature
arg: {"link":"https://www.nationaalgeoregister.nl/geonetwork/srv/eng/thesaurus.download?ref=external.theme.inspire-theme"}
checkxlinkurl.template.feature:15 - status code was: 500, expected: 200, response time: 307, url: https://www.nationaalgeoregister.nl/geonetwork/srv/eng/thesaurus.download?ref=external.theme.inspire-theme, response: 
[1.193:16] ngr-check-dataset-record.feature:80 - feature call (loop) failed: classpath:InspireTest/ngr/datasetrecords/def/checkxlinkurl.template.feature
caller: classpath:InspireTest/ngr/datasetrecords/ngr-check-dataset-record.feature
items: [{link=http://kadaster/06b6c650-cdb1-11dd-ad8b-0800200c9a81}]
errors:
-------
feature call (loop) failed at index: 0
caller: classpath:InspireTest/ngr/datasetrecords/def/checkxlinkurl.template.feature
arg: {"link":"http://kadaster/06b6c650-cdb1-11dd-ad8b-0800200c9a81"}
checkxlinkurl.template.feature:14 - 
java.net.UnknownHostException: kadaster: Temporary failure in name resolution
[1.194:16] ngr-check-dataset-record.feature:80 - feature call (loop) failed: classpath:InspireTest/ngr/datasetrecords/def/checkxlinkurl.template.feature
caller: classpath:InspireTest/ngr/datasetrecords/ngr-check-dataset-record.feature
items: [{link=https://ngr.acceptatie.nationaalgeoregister.nl/geonetwork/srv/resourcesc7a15080-2724-11e2-81c1-0800200c9a66}, {link=http://rdfdata.eionet.europa.eu/inspirethemes/themes/13}, {link=http://rdfdata.eionet.europa.eu/inspirethemes/themes/#}, {link=https://www.nationaalgeoregister.nl/geonetwork/srv/eng/thesaurus.download?ref=external.theme.inspire-theme}]
errors:
-------
feature call (loop) failed at index: 0
caller: classpath:InspireTest/ngr/datasetrecords/def/checkxlinkurl.template.feature
arg: {"link":"https://ngr.acceptatie.nationaalgeoregister.nl/geonetwork/srv/resourcesc7a15080-2724-11e2-81c1-0800200c9a66"}
checkxlinkurl.template.feature:15 - status code was: 404, expected: 200, response time: 279, url: https://ngr.acceptatie.nationaalgeoregister.nl/geonetwork/srv/resourcesc7a15080-2724-11e2-81c1-0800200c9a66, response: 
-------
feature call (loop) failed at index: 1
caller: classpath:InspireTest/ngr/datasetrecords/def/checkxlinkurl.template.feature
arg: {"link":"http://rdfdata.eionet.europa.eu/inspirethemes/themes/13"}
checkxlinkurl.template.feature:15 - status code was: 404, expected: 200, response time: 199, url: http://rdfdata.eionet.europa.eu/inspirethemes/themes/13, response: 
-------
feature call (loop) failed at index: 2
caller: classpath:InspireTest/ngr/datasetrecords/def/checkxlinkurl.template.feature
arg: {"link":"http://rdfdata.eionet.europa.eu/inspirethemes/themes/#"}
checkxlinkurl.template.feature:15 - status code was: 404, expected: 200, response time: 201, url: http://rdfdata.eionet.europa.eu/inspirethemes/themes/#, response: 
-------
feature call (loop) failed at index: 3
caller: classpath:InspireTest/ngr/datasetrecords/def/checkxlinkurl.template.feature
arg: {"link":"https://www.nationaalgeoregister.nl/geonetwork/srv/eng/thesaurus.download?ref=external.theme.inspire-theme"}
checkxlinkurl.template.feature:15 - status code was: 500, expected: 200, response time: 316, url: https://www.nationaalgeoregister.nl/geonetwork/srv/eng/thesaurus.download?ref=external.theme.inspire-theme, response: 
[1.195:16] ngr-check-dataset-record.feature:80 - feature call (loop) failed: classpath:InspireTest/ngr/datasetrecords/def/checkxlinkurl.template.feature
caller: classpath:InspireTest/ngr/datasetrecords/ngr-check-dataset-record.feature
items: [{link=https://nationaalgeoregister.nl/geonetwork/srv/resourcesce4a6d93-83d6-4397-afa1-d4117d5ce76b}, {link=http://rdfdata.eionet.europa.eu/inspirethemes/themes/34}, {link=http://geonetwork-opensource.org/inspire-theme#}, {link=https://www.nationaalgeoregister.nl/geonetwork/srv/eng/thesaurus.download?ref=external.theme.inspire-theme}]
errors:
-------
feature call (loop) failed at index: 0
caller: classpath:InspireTest/ngr/datasetrecords/def/checkxlinkurl.template.feature
arg: {"link":"https://nationaalgeoregister.nl/geonetwork/srv/resourcesce4a6d93-83d6-4397-afa1-d4117d5ce76b"}
checkxlinkurl.template.feature:15 - status code was: 404, expected: 200, response time: 296, url: https://nationaalgeoregister.nl/geonetwork/srv/resourcesce4a6d93-83d6-4397-afa1-d4117d5ce76b, response: 
-------
feature call (loop) failed at index: 1
caller: classpath:InspireTest/ngr/datasetrecords/def/checkxlinkurl.template.feature
arg: {"link":"http://rdfdata.eionet.europa.eu/inspirethemes/themes/34"}
checkxlinkurl.template.feature:15 - status code was: 404, expected: 200, response time: 200, url: http://rdfdata.eionet.europa.eu/inspirethemes/themes/34, response: 
-------
feature call (loop) failed at index: 2
caller: classpath:InspireTest/ngr/datasetrecords/def/checkxlinkurl.template.feature
arg: {"link":"http://geonetwork-opensource.org/inspire-theme#"}
checkxlinkurl.template.feature:15 - status code was: 404, expected: 200, response time: 397, url: http://geonetwork-opensource.org/inspire-theme#, response: 
-------
feature call (loop) failed at index: 3
caller: classpath:InspireTest/ngr/datasetrecords/def/checkxlinkurl.template.feature
arg: {"link":"https://www.nationaalgeoregister.nl/geonetwork/srv/eng/thesaurus.download?ref=external.theme.inspire-theme"}
checkxlinkurl.template.feature:15 - status code was: 500, expected: 200, response time: 308, url: https://www.nationaalgeoregister.nl/geonetwork/srv/eng/thesaurus.download?ref=external.theme.inspire-theme, response: 
[1.196:16] ngr-check-dataset-record.feature:80 - feature call (loop) failed: classpath:InspireTest/ngr/datasetrecords/def/checkxlinkurl.template.feature
caller: classpath:InspireTest/ngr/datasetrecords/ngr-check-dataset-record.feature
items: [{link=http://kadaster/2482250f-3b00-4439-9f93-f3118229b024}, {link=}, {link=}, {link=}]
errors:
-------
feature call (loop) failed at index: 0
caller: classpath:InspireTest/ngr/datasetrecords/def/checkxlinkurl.template.feature
arg: {"link":"http://kadaster/2482250f-3b00-4439-9f93-f3118229b024"}
checkxlinkurl.template.feature:14 - 
java.net.UnknownHostException: kadaster
-------
feature call (loop) failed at index: 1
caller: classpath:InspireTest/ngr/datasetrecords/def/checkxlinkurl.template.feature
arg: {"link":""}
checkxlinkurl.template.feature:14 - 
org.apache.http.client.ClientProtocolException
-------
feature call (loop) failed at index: 2
caller: classpath:InspireTest/ngr/datasetrecords/def/checkxlinkurl.template.feature
arg: {"link":""}
checkxlinkurl.template.feature:14 - 
org.apache.http.client.ClientProtocolException
-------
feature call (loop) failed at index: 3
caller: classpath:InspireTest/ngr/datasetrecords/def/checkxlinkurl.template.feature
arg: {"link":""}
checkxlinkurl.template.feature:14 - 
org.apache.http.client.ClientProtocolException
[1.197:16] ngr-check-dataset-record.feature:80 - feature call (loop) failed: classpath:InspireTest/ngr/datasetrecords/def/checkxlinkurl.template.feature
caller: classpath:InspireTest/ngr/datasetrecords/ngr-check-dataset-record.feature
items: [{link=http://kadaster/7c22107ea-5e31-4bbc-8e24-d15fe230062e}]
errors:
-------
feature call (loop) failed at index: 0
caller: classpath:InspireTest/ngr/datasetrecords/def/checkxlinkurl.template.feature
arg: {"link":"http://kadaster/7c22107ea-5e31-4bbc-8e24-d15fe230062e"}
checkxlinkurl.template.feature:14 - 
java.net.UnknownHostException: kadaster
[1.198:16] ngr-check-dataset-record.feature:80 - feature call (loop) failed: classpath:InspireTest/ngr/datasetrecords/def/checkxlinkurl.template.feature
caller: classpath:InspireTest/ngr/datasetrecords/ngr-check-dataset-record.feature
items: [{link=https://www.nationaalgeoregister.nl/geonetwork/srv/dut/catalog.search#/metadata/831f7bd7-c2ae-4336-bd2f-47ab20d7cdb7}, {link=http://rdfdata.eionet.europa.eu/inspirethemes/themes/7}, {link=urn:ogc:def:crs:EPSG::5709}]
errors:
-------
feature call (loop) failed at index: 1
caller: classpath:InspireTest/ngr/datasetrecords/def/checkxlinkurl.template.feature
arg: {"link":"http://rdfdata.eionet.europa.eu/inspirethemes/themes/7"}
checkxlinkurl.template.feature:15 - status code was: 404, expected: 200, response time: 202, url: http://rdfdata.eionet.europa.eu/inspirethemes/themes/7, response: 
-------
feature call (loop) failed at index: 2
caller: classpath:InspireTest/ngr/datasetrecords/def/checkxlinkurl.template.feature
arg: {"link":"urn:ogc:def:crs:EPSG::5709"}
checkxlinkurl.template.feature:14 - 
org.apache.http.client.ClientProtocolException: URI does not specify a valid host name: urn:ogc:def:crs:EPSG::5709
[1.199:16] ngr-check-dataset-record.feature:80 - feature call (loop) failed: classpath:InspireTest/ngr/datasetrecords/def/checkxlinkurl.template.feature
caller: classpath:InspireTest/ngr/datasetrecords/ngr-check-dataset-record.feature
items: [{link=https://ngr.acceptatie.nationaalgeoregister.nl/geonetwork/srv/resourcesc7662717-9e43-4367-a344-723d73abbb3e}]
errors:
-------
feature call (loop) failed at index: 0
caller: classpath:InspireTest/ngr/datasetrecords/def/checkxlinkurl.template.feature
arg: {"link":"https://ngr.acceptatie.nationaalgeoregister.nl/geonetwork/srv/resourcesc7662717-9e43-4367-a344-723d73abbb3e"}
checkxlinkurl.template.feature:15 - status code was: 404, expected: 200, response time: 308, url: https://ngr.acceptatie.nationaalgeoregister.nl/geonetwork/srv/resourcesc7662717-9e43-4367-a344-723d73abbb3e, response: 
[1.200:16] ngr-check-dataset-record.feature:80 - feature call (loop) failed: classpath:InspireTest/ngr/datasetrecords/def/checkxlinkurl.template.feature
caller: classpath:InspireTest/ngr/datasetrecords/ngr-check-dataset-record.feature
items: [{link=http://standaarden.overheid.nl/owms/terms/Ministerie_van_Landbouw,_Natuur_en_Voedselkwaliteit}, {link=http://nationaalgeoregister.nl/geonetwork/srv/dut/catalog.search#/metadata/280ed37a-b8d2-4ac5-8567-04d84fad3a41}, {link=https://creativecommons.org/publicdomain/mark/*/deed.nl}, {link=https://data.overheid.nl/organisatie/PDOK}]
errors:
-------
feature call (loop) failed at index: 2
caller: classpath:InspireTest/ngr/datasetrecords/def/checkxlinkurl.template.feature
arg: {"link":"https://creativecommons.org/publicdomain/mark/*/deed.nl"}
checkxlinkurl.template.feature:15 - status code was: 404, expected: 200, response time: 34, url: https://creativecommons.org/publicdomain/mark/*/deed.nl, response: 
-------
feature call (loop) failed at index: 3
caller: classpath:InspireTest/ngr/datasetrecords/def/checkxlinkurl.template.feature
arg: {"link":"https://data.overheid.nl/organisatie/PDOK"}
checkxlinkurl.template.feature:15 - status code was: 404, expected: 200, response time: 386, url: https://data.overheid.nl/organisatie/PDOK, response: 
InspireTest.ngr.datasetrecords.check-known-dataset-record: [1.1:16] check-known-dataset-record.feature:79 - feature call (loop) failed: classpath:InspireTest/ngr/datasetrecords/def/checkxlinkurl.template.feature
caller: classpath:InspireTest/ngr/datasetrecords/check-known-dataset-record.feature
items: [{link=https://nationaalgeoregister.nl/geonetwork/srv/resourcesff07bd5a-d6eb-11ea-87d0-0242ac130003}, {link=https://www.nationaalgeoregister.nl/geonetwork/srv/eng/thesaurus.download?ref=external.theme.inspire-theme}]
errors:
-------
feature call (loop) failed at index: 0
caller: classpath:InspireTest/ngr/datasetrecords/def/checkxlinkurl.template.feature
arg: {"link":"https://nationaalgeoregister.nl/geonetwork/srv/resourcesff07bd5a-d6eb-11ea-87d0-0242ac130003"}
checkxlinkurl.template.feature:15 - status code was: 404, expected: 200, response time: 279, url: https://nationaalgeoregister.nl/geonetwork/srv/resourcesff07bd5a-d6eb-11ea-87d0-0242ac130003, response: 
-------
feature call (loop) failed at index: 1
caller: classpath:InspireTest/ngr/datasetrecords/def/checkxlinkurl.template.feature
arg: {"link":"https://www.nationaalgeoregister.nl/geonetwork/srv/eng/thesaurus.download?ref=external.theme.inspire-theme"}
checkxlinkurl.template.feature:15 - status code was: 500, expected: 200, response time: 485, url: https://www.nationaalgeoregister.nl/geonetwork/srv/eng/thesaurus.download?ref=external.theme.inspire-theme, response: 
[1.3:16] check-known-dataset-record.feature:79 - feature call (loop) failed: classpath:InspireTest/ngr/datasetrecords/def/checkxlinkurl.template.feature
caller: classpath:InspireTest/ngr/datasetrecords/check-known-dataset-record.feature
items: [{link=http://standaarden.overheid.nl/owms/terms/Ministerie_van_Landbouw,_Natuur_en_Voedselkwaliteit}, {link=http://nationaalgeoregister.nl/geonetwork/srv/dut/catalog.search#/metadata/247a1d15-0a67-40ce-85be-1403c08f15a8}, {link=http://standaarden.overheid.nl/owms/terms/Ministerie_van_Landbouw,_Natuur_en_Voedselkwaliteit}, {link=http://standaarden.overheid.nl/owms/terms/Ministerie_van_Landbouw,_Natuur_en_Voedselkwaliteit}, {link=xlink:href=https://inspire.ec.europa.eu/id/document/tg/ps}, {link=https://data.overheid.nl/organisatie/PDOK}]
errors:
-------
feature call (loop) failed at index: 4
caller: classpath:InspireTest/ngr/datasetrecords/def/checkxlinkurl.template.feature
arg: {"link":"xlink:href=https://inspire.ec.europa.eu/id/document/tg/ps"}
checkxlinkurl.template.feature:14 - 
org.apache.http.client.ClientProtocolException: URI does not specify a valid host name: xlink:href=https://inspire.ec.europa.eu/id/document/tg/ps
-------
feature call (loop) failed at index: 5
caller: classpath:InspireTest/ngr/datasetrecords/def/checkxlinkurl.template.feature
arg: {"link":"https://data.overheid.nl/organisatie/PDOK"}
checkxlinkurl.template.feature:15 - status code was: 404, expected: 200, response time: 429, url: https://data.overheid.nl/organisatie/PDOK, response: 
[1.4:16] check-known-dataset-record.feature:79 - feature call (loop) failed: classpath:InspireTest/ngr/datasetrecords/def/checkxlinkurl.template.feature
caller: classpath:InspireTest/ngr/datasetrecords/check-known-dataset-record.feature
items: [{link=http://kadaster/06b6c650-cdb1-11dd-ad8b-0800200c9a78}]
errors:
-------
feature call (loop) failed at index: 0
caller: classpath:InspireTest/ngr/datasetrecords/def/checkxlinkurl.template.feature
arg: {"link":"http://kadaster/06b6c650-cdb1-11dd-ad8b-0800200c9a78"}
checkxlinkurl.template.feature:14 - 
java.net.UnknownHostException: kadaster: Temporary failure in name resolution
[1.5:16] check-known-dataset-record.feature:79 - feature call (loop) failed: classpath:InspireTest/ngr/datasetrecords/def/checkxlinkurl.template.feature
caller: classpath:InspireTest/ngr/datasetrecords/check-known-dataset-record.feature
items: [{link=http://kadaster/7c22107ea-5e31-4bbc-8e24-d15fe230062e}]
errors:
-------
feature call (loop) failed at index: 0
caller: classpath:InspireTest/ngr/datasetrecords/def/checkxlinkurl.template.feature
arg: {"link":"http://kadaster/7c22107ea-5e31-4bbc-8e24-d15fe230062e"}
checkxlinkurl.template.feature:14 - 
java.net.UnknownHostException: kadaster
[1.6:16] check-known-dataset-record.feature:79 - feature call (loop) failed: classpath:InspireTest/ngr/datasetrecords/def/checkxlinkurl.template.feature
caller: classpath:InspireTest/ngr/datasetrecords/check-known-dataset-record.feature
items: [{link=http://www.opengis.net/def/crs/EPSG/0/http://www.opengis.net/def/crs/EPSG/0/4258}, {link=http://kadaster/cb4edbd2-2dca-4d44-92bb-b2202048b526}]
errors:
-------
feature call (loop) failed at index: 1
caller: classpath:InspireTest/ngr/datasetrecords/def/checkxlinkurl.template.feature
arg: {"link":"http://kadaster/cb4edbd2-2dca-4d44-92bb-b2202048b526"}
checkxlinkurl.template.feature:14 - 
java.net.UnknownHostException: kadaster
[1.7:16] check-known-dataset-record.feature:79 - feature call (loop) failed: classpath:InspireTest/ngr/datasetrecords/def/checkxlinkurl.template.feature
caller: classpath:InspireTest/ngr/datasetrecords/check-known-dataset-record.feature
items: [{link=https://data.rivm.nl/inspire/id#7247293d-2113-44d8-b335-8167b2ec4d1b}]
errors:
-------
feature call (loop) failed at index: 0
caller: classpath:InspireTest/ngr/datasetrecords/def/checkxlinkurl.template.feature
arg: {"link":"https://data.rivm.nl/inspire/id#7247293d-2113-44d8-b335-8167b2ec4d1b"}
checkxlinkurl.template.feature:14 - 
javax.net.ssl.SSLException: Connection reset
[1.8:16] check-known-dataset-record.feature:79 - feature call (loop) failed: classpath:InspireTest/ngr/datasetrecords/def/checkxlinkurl.template.feature
caller: classpath:InspireTest/ngr/datasetrecords/check-known-dataset-record.feature
items: [{link=http://kadaster/06b6c650-cdb1-11dd-ad8b-0800200c9a79}]
errors:
-------
feature call (loop) failed at index: 0
caller: classpath:InspireTest/ngr/datasetrecords/def/checkxlinkurl.template.feature
arg: {"link":"http://kadaster/06b6c650-cdb1-11dd-ad8b-0800200c9a79"}
checkxlinkurl.template.feature:14 - 
java.net.UnknownHostException: kadaster
[1.9:16] check-known-dataset-record.feature:79 - feature call (loop) failed: classpath:InspireTest/ngr/datasetrecords/def/checkxlinkurl.template.feature
caller: classpath:InspireTest/ngr/datasetrecords/check-known-dataset-record.feature
items: [{link=https://ngr.acceptatie.nationaalgeoregister.nl/geonetwork/srv/resourcesbbe3c19d-12b0-4912-a6f4-46eb189e85ac}, {link=http://rdfdata.eionet.europa.eu/inspirethemes/themes/16}, {link=http://geonetwork-opensource.org/inspire-theme#}, {link=https://www.nationaalgeoregister.nl/geonetwork/srv/eng/thesaurus.download?ref=external.theme.inspire-theme}]
errors:
-------
feature call (loop) failed at index: 0
caller: classpath:InspireTest/ngr/datasetrecords/def/checkxlinkurl.template.feature
arg: {"link":"https://ngr.acceptatie.nationaalgeoregister.nl/geonetwork/srv/resourcesbbe3c19d-12b0-4912-a6f4-46eb189e85ac"}
checkxlinkurl.template.feature:15 - status code was: 404, expected: 200, response time: 490, url: https://ngr.acceptatie.nationaalgeoregister.nl/geonetwork/srv/resourcesbbe3c19d-12b0-4912-a6f4-46eb189e85ac, response: 
-------
feature call (loop) failed at index: 1
caller: classpath:InspireTest/ngr/datasetrecords/def/checkxlinkurl.template.feature
arg: {"link":"http://rdfdata.eionet.europa.eu/inspirethemes/themes/16"}
checkxlinkurl.template.feature:15 - status code was: 404, expected: 200, response time: 553, url: http://rdfdata.eionet.europa.eu/inspirethemes/themes/16, response: 
-------
feature call (loop) failed at index: 2
caller: classpath:InspireTest/ngr/datasetrecords/def/checkxlinkurl.template.feature
arg: {"link":"http://geonetwork-opensource.org/inspire-theme#"}
checkxlinkurl.template.feature:15 - status code was: 404, expected: 200, response time: 398, url: http://geonetwork-opensource.org/inspire-theme#, response: 
-------
feature call (loop) failed at index: 3
caller: classpath:InspireTest/ngr/datasetrecords/def/checkxlinkurl.template.feature
arg: {"link":"https://www.nationaalgeoregister.nl/geonetwork/srv/eng/thesaurus.download?ref=external.theme.inspire-theme"}
checkxlinkurl.template.feature:15 - status code was: 500, expected: 200, response time: 349, url: https://www.nationaalgeoregister.nl/geonetwork/srv/eng/thesaurus.download?ref=external.theme.inspire-theme, response: 
[1.10:16] check-known-dataset-record.feature:79 - feature call (loop) failed: classpath:InspireTest/ngr/datasetrecords/def/checkxlinkurl.template.feature
caller: classpath:InspireTest/ngr/datasetrecords/check-known-dataset-record.feature
items: [{link=https://ngr.acceptatie.nationaalgeoregister.nl/geonetwork/srv/resourcesc7662717-9e43-4367-a344-723d73abbb3e}]
errors:
-------
feature call (loop) failed at index: 0
caller: classpath:InspireTest/ngr/datasetrecords/def/checkxlinkurl.template.feature
arg: {"link":"https://ngr.acceptatie.nationaalgeoregister.nl/geonetwork/srv/resourcesc7662717-9e43-4367-a344-723d73abbb3e"}
checkxlinkurl.template.feature:15 - status code was: 404, expected: 200, response time: 280, url: https://ngr.acceptatie.nationaalgeoregister.nl/geonetwork/srv/resourcesc7662717-9e43-4367-a344-723d73abbb3e, response: 
[1.12:16] check-known-dataset-record.feature:79 - feature call (loop) failed: classpath:InspireTest/ngr/datasetrecords/def/checkxlinkurl.template.feature
caller: classpath:InspireTest/ngr/datasetrecords/check-known-dataset-record.feature
items: [{link=https://data.rivm.nl/inspire/id#e6ddc53d-04c4-435d-bedd-a5ace2dc0313}]
errors:
-------
feature call (loop) failed at index: 0
caller: classpath:InspireTest/ngr/datasetrecords/def/checkxlinkurl.template.feature
arg: {"link":"https://data.rivm.nl/inspire/id#e6ddc53d-04c4-435d-bedd-a5ace2dc0313"}
checkxlinkurl.template.feature:14 - 
javax.net.ssl.SSLException: Connection reset
[1.13:16] check-known-dataset-record.feature:79 - feature call (loop) failed: classpath:InspireTest/ngr/datasetrecords/def/checkxlinkurl.template.feature
caller: classpath:InspireTest/ngr/datasetrecords/check-known-dataset-record.feature
items: [{link=http://www.opengis.net/def/crs/EPSG/0/http://www.opengis.net/def/crs/EPSG/0/4258}, {link=http://kadaster/9778afe6-2152-4a8f-ba32-9697625401e3}]
errors:
-------
feature call (loop) failed at index: 1
caller: classpath:InspireTest/ngr/datasetrecords/def/checkxlinkurl.template.feature
arg: {"link":"http://kadaster/9778afe6-2152-4a8f-ba32-9697625401e3"}
checkxlinkurl.template.feature:14 - 
java.net.UnknownHostException: kadaster
[1.14:16] check-known-dataset-record.feature:79 - feature call (loop) failed: classpath:InspireTest/ngr/datasetrecords/def/checkxlinkurl.template.feature
caller: classpath:InspireTest/ngr/datasetrecords/check-known-dataset-record.feature
items: [{link=https://geodata.nationaalgeoregister.nl/inspire/su-grid/wfs}, {link=}]
errors:
-------
feature call (loop) failed at index: 0
caller: classpath:InspireTest/ngr/datasetrecords/def/checkxlinkurl.template.feature
arg: {"link":"https://geodata.nationaalgeoregister.nl/inspire/su-grid/wfs"}
checkxlinkurl.template.feature:15 - status code was: 400, expected: 200, response time: 403, url: https://geodata.nationaalgeoregister.nl/inspire/su-grid/wfs, response: 
-------
feature call (loop) failed at index: 1
caller: classpath:InspireTest/ngr/datasetrecords/def/checkxlinkurl.template.feature
arg: {"link":""}
checkxlinkurl.template.feature:14 - 
org.apache.http.client.ClientProtocolException
[1.15:16] check-known-dataset-record.feature:79 - feature call (loop) failed: classpath:InspireTest/ngr/datasetrecords/def/checkxlinkurl.template.feature
caller: classpath:InspireTest/ngr/datasetrecords/check-known-dataset-record.feature
items: [{link=https://data.rivm.nl/inspire/id#5cb4b489-67c8-44bc-85c5-424a80a53b3b}]
errors:
-------
feature call (loop) failed at index: 0
caller: classpath:InspireTest/ngr/datasetrecords/def/checkxlinkurl.template.feature
arg: {"link":"https://data.rivm.nl/inspire/id#5cb4b489-67c8-44bc-85c5-424a80a53b3b"}
checkxlinkurl.template.feature:14 - 
javax.net.ssl.SSLException: Connection reset
[1.16:16] check-known-dataset-record.feature:79 - feature call (loop) failed: classpath:InspireTest/ngr/datasetrecords/def/checkxlinkurl.template.feature
caller: classpath:InspireTest/ngr/datasetrecords/check-known-dataset-record.feature
items: [{link=https://www.nationaalgeoregister.nl/geonetwork/srv/api/records83dab947-387b-49df-8ad2-32bb10d46d38}]
errors:
-------
feature call (loop) failed at index: 0
caller: classpath:InspireTest/ngr/datasetrecords/def/checkxlinkurl.template.feature
arg: {"link":"https://www.nationaalgeoregister.nl/geonetwork/srv/api/records83dab947-387b-49df-8ad2-32bb10d46d38"}
checkxlinkurl.template.feature:15 - status code was: 500, expected: 200, response time: 543, url: https://www.nationaalgeoregister.nl/geonetwork/srv/api/records83dab947-387b-49df-8ad2-32bb10d46d38, response: 
[1.17:16] check-known-dataset-record.feature:79 - feature call (loop) failed: classpath:InspireTest/ngr/datasetrecords/def/checkxlinkurl.template.feature
caller: classpath:InspireTest/ngr/datasetrecords/check-known-dataset-record.feature
items: [{link=http://www.opengis.net/def/crs/EPSG/0/http://www.opengis.net/def/crs/EPSG/0/4258}, {link=http://kadaster/ff1d6d44-aea1-4ad5-b084-9afea143f1bf}]
errors:
-------
feature call (loop) failed at index: 1
caller: classpath:InspireTest/ngr/datasetrecords/def/checkxlinkurl.template.feature
arg: {"link":"http://kadaster/ff1d6d44-aea1-4ad5-b084-9afea143f1bf"}
checkxlinkurl.template.feature:14 - 
java.net.UnknownHostException: kadaster
[1.18:16] check-known-dataset-record.feature:79 - feature call (loop) failed: classpath:InspireTest/ngr/datasetrecords/def/checkxlinkurl.template.feature
caller: classpath:InspireTest/ngr/datasetrecords/check-known-dataset-record.feature
items: [{link=https://data.rivm.nl/inspire/id#64d546c9-71d4-4c84-a04c-61c5d0734f65}]
errors:
-------
feature call (loop) failed at index: 0
caller: classpath:InspireTest/ngr/datasetrecords/def/checkxlinkurl.template.feature
arg: {"link":"https://data.rivm.nl/inspire/id#64d546c9-71d4-4c84-a04c-61c5d0734f65"}
checkxlinkurl.template.feature:14 - 
javax.net.ssl.SSLException: Connection reset
[1.19:16] check-known-dataset-record.feature:79 - feature call (loop) failed: classpath:InspireTest/ngr/datasetrecords/def/checkxlinkurl.template.feature
caller: classpath:InspireTest/ngr/datasetrecords/check-known-dataset-record.feature
items: [{link=https://www.nationaalgeoregister.nl/geonetwork/srv/dut/catalog.search#/metadata/8de2f5eb-b09f-4f6d-8397-8878a1b86238}, {link=http://rdfdata.eionet.europa.eu/inspirethemes/themes/18}, {link=https://ngr.geocat.live/geonetwork/srv/eng/thesaurus.download?ref=external.theme.httpinspireeceuropaeumetadatacodelistPrioritydataset-Prioritydataset}, {link=urn:ogc:def:crs:EPSG::5709}]
errors:
-------
feature call (loop) failed at index: 1
caller: classpath:InspireTest/ngr/datasetrecords/def/checkxlinkurl.template.feature
arg: {"link":"http://rdfdata.eionet.europa.eu/inspirethemes/themes/18"}
checkxlinkurl.template.feature:15 - status code was: 404, expected: 200, response time: 206, url: http://rdfdata.eionet.europa.eu/inspirethemes/themes/18, response: 
-------
feature call (loop) failed at index: 2
caller: classpath:InspireTest/ngr/datasetrecords/def/checkxlinkurl.template.feature
arg: {"link":"https://ngr.geocat.live/geonetwork/srv/eng/thesaurus.download?ref=external.theme.httpinspireeceuropaeumetadatacodelistPrioritydataset-Prioritydataset"}
checkxlinkurl.template.feature:15 - status code was: 500, expected: 200, response time: 307, url: https://ngr.geocat.live/geonetwork/srv/eng/thesaurus.download?ref=external.theme.httpinspireeceuropaeumetadatacodelistPrioritydataset-Prioritydataset, response: 
-------
feature call (loop) failed at index: 3
caller: classpath:InspireTest/ngr/datasetrecords/def/checkxlinkurl.template.feature
arg: {"link":"urn:ogc:def:crs:EPSG::5709"}
checkxlinkurl.template.feature:14 - 
org.apache.http.client.ClientProtocolException: URI does not specify a valid host name: urn:ogc:def:crs:EPSG::5709
[1.20:16] check-known-dataset-record.feature:79 - feature call (loop) failed: classpath:InspireTest/ngr/datasetrecords/def/checkxlinkurl.template.feature
caller: classpath:InspireTest/ngr/datasetrecords/check-known-dataset-record.feature
items: [{link=https://www.nationaalgeoregister.nl/geonetwork/srv/dut/catalog.search#/metadata/tbjk534p-wubf-crbp-cj25-d4161160gfim}, {link=http://rdfdata.eionet.europa.eu/inspirethemes/themes/28}, {link=https://ngr.geocat.live/geonetwork/srv/eng/thesaurus.download?ref=external.theme.httpinspireeceuropaeumetadatacodelistPrioritydataset-Prioritydataset}]
errors:
-------
feature call (loop) failed at index: 1
caller: classpath:InspireTest/ngr/datasetrecords/def/checkxlinkurl.template.feature
arg: {"link":"http://rdfdata.eionet.europa.eu/inspirethemes/themes/28"}
checkxlinkurl.template.feature:15 - status code was: 404, expected: 200, response time: 200, url: http://rdfdata.eionet.europa.eu/inspirethemes/themes/28, response: 
-------
feature call (loop) failed at index: 2
caller: classpath:InspireTest/ngr/datasetrecords/def/checkxlinkurl.template.feature
arg: {"link":"https://ngr.geocat.live/geonetwork/srv/eng/thesaurus.download?ref=external.theme.httpinspireeceuropaeumetadatacodelistPrioritydataset-Prioritydataset"}
checkxlinkurl.template.feature:15 - status code was: 500, expected: 200, response time: 312, url: https://ngr.geocat.live/geonetwork/srv/eng/thesaurus.download?ref=external.theme.httpinspireeceuropaeumetadatacodelistPrioritydataset-Prioritydataset, response: 
[1.21:16] check-known-dataset-record.feature:79 - feature call (loop) failed: classpath:InspireTest/ngr/datasetrecords/def/checkxlinkurl.template.feature
caller: classpath:InspireTest/ngr/datasetrecords/check-known-dataset-record.feature
items: [{link=https://www.nationaalgeoregister.nl/geonetwork/srv/dut/catalog.search#/metadata/eu-cb527d-f6db-4835-b0cd-deb245241254}, {link=http://rdfdata.eionet.europa.eu/inspirethemes/themes/7}, {link=http://inspire.ec.europa.eu/metadata-codelist/Prioritydataset/SurfaceWaterBodies-dir-2000-60}, {link=https://ngr.geocat.live/geonetwork/srv/eng/thesaurus.download?ref=external.theme.httpinspireeceuropaeumetadatacodelistPrioritydataset-Prioritydataset}]
errors:
-------
feature call (loop) failed at index: 1
caller: classpath:InspireTest/ngr/datasetrecords/def/checkxlinkurl.template.feature
arg: {"link":"http://rdfdata.eionet.europa.eu/inspirethemes/themes/7"}
checkxlinkurl.template.feature:15 - status code was: 404, expected: 200, response time: 200, url: http://rdfdata.eionet.europa.eu/inspirethemes/themes/7, response: 
-------
feature call (loop) failed at index: 2
caller: classpath:InspireTest/ngr/datasetrecords/def/checkxlinkurl.template.feature
arg: {"link":"http://inspire.ec.europa.eu/metadata-codelist/Prioritydataset/SurfaceWaterBodies-dir-2000-60"}
checkxlinkurl.template.feature:15 - status code was: 404, expected: 200, response time: 436, url: http://inspire.ec.europa.eu/metadata-codelist/Prioritydataset/SurfaceWaterBodies-dir-2000-60, response: 
-------
feature call (loop) failed at index: 3
caller: classpath:InspireTest/ngr/datasetrecords/def/checkxlinkurl.template.feature
arg: {"link":"https://ngr.geocat.live/geonetwork/srv/eng/thesaurus.download?ref=external.theme.httpinspireeceuropaeumetadatacodelistPrioritydataset-Prioritydataset"}
checkxlinkurl.template.feature:15 - status code was: 500, expected: 200, response time: 331, url: https://ngr.geocat.live/geonetwork/srv/eng/thesaurus.download?ref=external.theme.httpinspireeceuropaeumetadatacodelistPrioritydataset-Prioritydataset, response: 
[1.23:16] check-known-dataset-record.feature:47 - xpath does not exist: /GetRecordByIdResponse//@href on response
[1.24:16] check-known-dataset-record.feature:79 - feature call (loop) failed: classpath:InspireTest/ngr/datasetrecords/def/checkxlinkurl.template.feature
caller: classpath:InspireTest/ngr/datasetrecords/check-known-dataset-record.feature
items: [{link=https://www.nationaalgeoregister.nl/geonetwork/srv/api/records3e57ce43-7707-43ed-a4b9-72b3a6d812f8}]
errors:
-------
feature call (loop) failed at index: 0
caller: classpath:InspireTest/ngr/datasetrecords/def/checkxlinkurl.template.feature
arg: {"link":"https://www.nationaalgeoregister.nl/geonetwork/srv/api/records3e57ce43-7707-43ed-a4b9-72b3a6d812f8"}
checkxlinkurl.template.feature:15 - status code was: 500, expected: 200, response time: 338, url: https://www.nationaalgeoregister.nl/geonetwork/srv/api/records3e57ce43-7707-43ed-a4b9-72b3a6d812f8, response: 
[1.25:16] check-known-dataset-record.feature:79 - feature call (loop) failed: classpath:InspireTest/ngr/datasetrecords/def/checkxlinkurl.template.feature
caller: classpath:InspireTest/ngr/datasetrecords/check-known-dataset-record.feature
items: [{link=http://www.opengis.net/def/crs/EPSG/0/https://www.opengis.net/def/crs/EPSG/0/4258}, {link=https://www.nationaalgeoregister.nl/geonetwork/srv/api/recordsc2225e5d-b46f-4e38-8445-ab10fd40c0dc}]
errors:
-------
feature call (loop) failed at index: 1
caller: classpath:InspireTest/ngr/datasetrecords/def/checkxlinkurl.template.feature
arg: {"link":"https://www.nationaalgeoregister.nl/geonetwork/srv/api/recordsc2225e5d-b46f-4e38-8445-ab10fd40c0dc"}
checkxlinkurl.template.feature:15 - status code was: 500, expected: 200, response time: 321, url: https://www.nationaalgeoregister.nl/geonetwork/srv/api/recordsc2225e5d-b46f-4e38-8445-ab10fd40c0dc, response: 
[1.26:16] check-known-dataset-record.feature:79 - feature call (loop) failed: classpath:InspireTest/ngr/datasetrecords/def/checkxlinkurl.template.feature
caller: classpath:InspireTest/ngr/datasetrecords/check-known-dataset-record.feature
items: [{link=https://www.nationaalgeoregister.nl/geonetwork/srv/dut/catalog.search#/metadata/eu-f297898-2640-44c2-bbe9-c0480da83794}, {link=http://rdfdata.eionet.europa.eu/inspirethemes/themes/8}, {link=urn:ogc:def:crs:EPSG::5709}]
errors:
-------
feature call (loop) failed at index: 1
caller: classpath:InspireTest/ngr/datasetrecords/def/checkxlinkurl.template.feature
arg: {"link":"http://rdfdata.eionet.europa.eu/inspirethemes/themes/8"}
checkxlinkurl.template.feature:15 - status code was: 404, expected: 200, response time: 200, url: http://rdfdata.eionet.europa.eu/inspirethemes/themes/8, response: 
-------
feature call (loop) failed at index: 2
caller: classpath:InspireTest/ngr/datasetrecords/def/checkxlinkurl.template.feature
arg: {"link":"urn:ogc:def:crs:EPSG::5709"}
checkxlinkurl.template.feature:14 - 
org.apache.http.client.ClientProtocolException: URI does not specify a valid host name: urn:ogc:def:crs:EPSG::5709
[1.28:16] check-known-dataset-record.feature:79 - feature call (loop) failed: classpath:InspireTest/ngr/datasetrecords/def/checkxlinkurl.template.feature
caller: classpath:InspireTest/ngr/datasetrecords/check-known-dataset-record.feature
items: [{link=http://kadaster/06b6c650-cdb1-11dd-ad8b-0800200c9a76}]
errors:
-------
feature call (loop) failed at index: 0
caller: classpath:InspireTest/ngr/datasetrecords/def/checkxlinkurl.template.feature
arg: {"link":"http://kadaster/06b6c650-cdb1-11dd-ad8b-0800200c9a76"}
checkxlinkurl.template.feature:14 - 
java.net.UnknownHostException: kadaster
[1.29:16] check-known-dataset-record.feature:79 - feature call (loop) failed: classpath:InspireTest/ngr/datasetrecords/def/checkxlinkurl.template.feature
caller: classpath:InspireTest/ngr/datasetrecords/check-known-dataset-record.feature
items: [{link=http://www.opengis.net/def/crs/EPSG/0/https://www.opengis.net/def/crs/EPSG/0/4258}, {link=https://www.nationaalgeoregister.nl/geonetwork/srv/api/recordsbe6551de-a709-4c6d-a5e2-f63f0cf038ba}]
errors:
-------
feature call (loop) failed at index: 1
caller: classpath:InspireTest/ngr/datasetrecords/def/checkxlinkurl.template.feature
arg: {"link":"https://www.nationaalgeoregister.nl/geonetwork/srv/api/recordsbe6551de-a709-4c6d-a5e2-f63f0cf038ba"}
checkxlinkurl.template.feature:15 - status code was: 500, expected: 200, response time: 323, url: https://www.nationaalgeoregister.nl/geonetwork/srv/api/recordsbe6551de-a709-4c6d-a5e2-f63f0cf038ba, response: 
[1.30:16] check-known-dataset-record.feature:79 - feature call (loop) failed: classpath:InspireTest/ngr/datasetrecords/def/checkxlinkurl.template.feature
caller: classpath:InspireTest/ngr/datasetrecords/check-known-dataset-record.feature
items: [{link=https://nationaalgeoregister.nl/geonetwork/srv/resources7d716522-fa1a-43b4-99c0-3a3480f9e218}, {link=https://www.nationaalgeoregister.nl/geonetwork/srv/eng/thesaurus.download?ref=external.theme.inspire-theme}]
errors:
-------
feature call (loop) failed at index: 0
caller: classpath:InspireTest/ngr/datasetrecords/def/checkxlinkurl.template.feature
arg: {"link":"https://nationaalgeoregister.nl/geonetwork/srv/resources7d716522-fa1a-43b4-99c0-3a3480f9e218"}
checkxlinkurl.template.feature:15 - status code was: 404, expected: 200, response time: 284, url: https://nationaalgeoregister.nl/geonetwork/srv/resources7d716522-fa1a-43b4-99c0-3a3480f9e218, response: 
-------
feature call (loop) failed at index: 1
caller: classpath:InspireTest/ngr/datasetrecords/def/checkxlinkurl.template.feature
arg: {"link":"https://www.nationaalgeoregister.nl/geonetwork/srv/eng/thesaurus.download?ref=external.theme.inspire-theme"}
checkxlinkurl.template.feature:15 - status code was: 500, expected: 200, response time: 447, url: https://www.nationaalgeoregister.nl/geonetwork/srv/eng/thesaurus.download?ref=external.theme.inspire-theme, response: 
[1.31:16] check-known-dataset-record.feature:79 - feature call (loop) failed: classpath:InspireTest/ngr/datasetrecords/def/checkxlinkurl.template.feature
caller: classpath:InspireTest/ngr/datasetrecords/check-known-dataset-record.feature
items: [{link=http://www.opengis.net/def/crs/EPSG/0/http://www.opengis.net/def/crs/EPSG/0/4258}, {link=http://kadaster/1d32fc50-cd5b-4425-b0df-16c7c7940e94}]
errors:
-------
feature call (loop) failed at index: 1
caller: classpath:InspireTest/ngr/datasetrecords/def/checkxlinkurl.template.feature
arg: {"link":"http://kadaster/1d32fc50-cd5b-4425-b0df-16c7c7940e94"}
checkxlinkurl.template.feature:14 - 
java.net.UnknownHostException: kadaster
[1.32:16] check-known-dataset-record.feature:79 - feature call (loop) failed: classpath:InspireTest/ngr/datasetrecords/def/checkxlinkurl.template.feature
caller: classpath:InspireTest/ngr/datasetrecords/check-known-dataset-record.feature
items: [{link=https://data.rivm.nl/inspire/id#1de92b14-bc21-4f33-b0de-abd325e61804}]
errors:
-------
feature call (loop) failed at index: 0
caller: classpath:InspireTest/ngr/datasetrecords/def/checkxlinkurl.template.feature
arg: {"link":"https://data.rivm.nl/inspire/id#1de92b14-bc21-4f33-b0de-abd325e61804"}
checkxlinkurl.template.feature:14 - 
javax.net.ssl.SSLException: Connection reset
[1.33:16] check-known-dataset-record.feature:79 - feature call (loop) failed: classpath:InspireTest/ngr/datasetrecords/def/checkxlinkurl.template.feature
caller: classpath:InspireTest/ngr/datasetrecords/check-known-dataset-record.feature
items: [{link=http://www.opengis.net/def/crs/EPSG/0/http://www.opengis.net/def/crs/EPSG/0/4258}, {link=http://kadaster/7cdfa80a-cfbf-4324-978d-f1f141756b66}]
errors:
-------
feature call (loop) failed at index: 1
caller: classpath:InspireTest/ngr/datasetrecords/def/checkxlinkurl.template.feature
arg: {"link":"http://kadaster/7cdfa80a-cfbf-4324-978d-f1f141756b66"}
checkxlinkurl.template.feature:14 - 
java.net.UnknownHostException: kadaster
[1.34:16] check-known-dataset-record.feature:79 - feature call (loop) failed: classpath:InspireTest/ngr/datasetrecords/def/checkxlinkurl.template.feature
caller: classpath:InspireTest/ngr/datasetrecords/check-known-dataset-record.feature
items: [{link=https://www.nationaalgeoregister.nl/geonetwork/srv/api/records58d39928-f502-48c9-a8c1-03244dc181bf}]
errors:
-------
feature call (loop) failed at index: 0
caller: classpath:InspireTest/ngr/datasetrecords/def/checkxlinkurl.template.feature
arg: {"link":"https://www.nationaalgeoregister.nl/geonetwork/srv/api/records58d39928-f502-48c9-a8c1-03244dc181bf"}
checkxlinkurl.template.feature:15 - status code was: 500, expected: 200, response time: 633, url: https://www.nationaalgeoregister.nl/geonetwork/srv/api/records58d39928-f502-48c9-a8c1-03244dc181bf, response: 
[1.35:16] check-known-dataset-record.feature:79 - feature call (loop) failed: classpath:InspireTest/ngr/datasetrecords/def/checkxlinkurl.template.feature
caller: classpath:InspireTest/ngr/datasetrecords/check-known-dataset-record.feature
items: [{link=https://www.nationaalgeoregister.nl/geonetwork/srv/dut/catalog.search#/metadata/25294679-adb9-4c39-a93b-6954ff9414ac}, {link=http://rdfdata.eionet.europa.eu/inspirethemes/themes/20}, {link=http://rdfdata.eionet.europa.eu/inspirethemes/themes/28}, {link=urn:ogc:def:crs:EPSG::5709}]
errors:
-------
feature call (loop) failed at index: 1
caller: classpath:InspireTest/ngr/datasetrecords/def/checkxlinkurl.template.feature
arg: {"link":"http://rdfdata.eionet.europa.eu/inspirethemes/themes/20"}
checkxlinkurl.template.feature:15 - status code was: 404, expected: 200, response time: 201, url: http://rdfdata.eionet.europa.eu/inspirethemes/themes/20, response: 
-------
feature call (loop) failed at index: 2
caller: classpath:InspireTest/ngr/datasetrecords/def/checkxlinkurl.template.feature
arg: {"link":"http://rdfdata.eionet.europa.eu/inspirethemes/themes/28"}
checkxlinkurl.template.feature:15 - status code was: 404, expected: 200, response time: 207, url: http://rdfdata.eionet.europa.eu/inspirethemes/themes/28, response: 
-------
feature call (loop) failed at index: 3
caller: classpath:InspireTest/ngr/datasetrecords/def/checkxlinkurl.template.feature
arg: {"link":"urn:ogc:def:crs:EPSG::5709"}
checkxlinkurl.template.feature:14 - 
org.apache.http.client.ClientProtocolException: URI does not specify a valid host name: urn:ogc:def:crs:EPSG::5709
[1.37:16] check-known-dataset-record.feature:79 - feature call (loop) failed: classpath:InspireTest/ngr/datasetrecords/def/checkxlinkurl.template.feature
caller: classpath:InspireTest/ngr/datasetrecords/check-known-dataset-record.feature
items: [{link=http://www.opengis.net/def/crs/EPSG/0/http://www.opengis.net/def/crs/EPSG/0/4258}, {link=http://kadaster/80b2d12c-32be-54fg-b6d3—34f4ffc06cf3}]
errors:
-------
feature call (loop) failed at index: 1
caller: classpath:InspireTest/ngr/datasetrecords/def/checkxlinkurl.template.feature
arg: {"link":"http://kadaster/80b2d12c-32be-54fg-b6d3\u201434f4ffc06cf3"}
checkxlinkurl.template.feature:14 - 
java.net.UnknownHostException: kadaster
[1.38:16] check-known-dataset-record.feature:79 - feature call (loop) failed: classpath:InspireTest/ngr/datasetrecords/def/checkxlinkurl.template.feature
caller: classpath:InspireTest/ngr/datasetrecords/check-known-dataset-record.feature
items: [{link=http://kadaster/2482250f-3b00-4439-9f93-f3118229b017}, {link=}, {link=}, {link=}]
errors:
-------
feature call (loop) failed at index: 0
caller: classpath:InspireTest/ngr/datasetrecords/def/checkxlinkurl.template.feature
arg: {"link":"http://kadaster/2482250f-3b00-4439-9f93-f3118229b017"}
checkxlinkurl.template.feature:14 - 
java.net.UnknownHostException: kadaster
-------
feature call (loop) failed at index: 1
caller: classpath:InspireTest/ngr/datasetrecords/def/checkxlinkurl.template.feature
arg: {"link":""}
checkxlinkurl.template.feature:14 - 
org.apache.http.client.ClientProtocolException
-------
feature call (loop) failed at index: 2
caller: classpath:InspireTest/ngr/datasetrecords/def/checkxlinkurl.template.feature
arg: {"link":""}
checkxlinkurl.template.feature:14 - 
org.apache.http.client.ClientProtocolException
-------
feature call (loop) failed at index: 3
caller: classpath:InspireTest/ngr/datasetrecords/def/checkxlinkurl.template.feature
arg: {"link":""}
checkxlinkurl.template.feature:14 - 
org.apache.http.client.ClientProtocolException
[1.39:16] check-known-dataset-record.feature:79 - feature call (loop) failed: classpath:InspireTest/ngr/datasetrecords/def/checkxlinkurl.template.feature
caller: classpath:InspireTest/ngr/datasetrecords/check-known-dataset-record.feature
items: [{link=https://data.rivm.nl/inspire/id#1e3a98db-5d5e-4e61-8b64-1d132ddb439e}]
errors:
-------
feature call (loop) failed at index: 0
caller: classpath:InspireTest/ngr/datasetrecords/def/checkxlinkurl.template.feature
arg: {"link":"https://data.rivm.nl/inspire/id#1e3a98db-5d5e-4e61-8b64-1d132ddb439e"}
checkxlinkurl.template.feature:14 - 
javax.net.ssl.SSLException: Connection reset
[1.40:16] check-known-dataset-record.feature:79 - feature call (loop) failed: classpath:InspireTest/ngr/datasetrecords/def/checkxlinkurl.template.feature
caller: classpath:InspireTest/ngr/datasetrecords/check-known-dataset-record.feature
items: [{link=h}, {link=t}, {link=t}, {link=p}, {link=:}, {link=/}, {link=/}, {link=s}, {link=t}, {link=a}, {link=n}, {link=d}, {link=a}, {link=r}, {link=d}, {link=s}, {link=.}, {link=i}, {link=s}, {link=o}, {link=.}, {link=o}, {link=r}, {link=g}, {link=/}, {link=i}, {link=t}, {link=t}, {link=f}, {link=/}, {link=P}, {link=u}, {link=b}, {link=l}, {link=i}, {link=c}, {link=l}, {link=y}, {link=A}, {link=v}, {link=a}, {link=i}, {link=l}, {link=a}, {link=b}, {link=l}, {link=e}, {link=S}, {link=t}, {link=a}, {link=n}, {link=d}, {link=a}, {link=r}, {link=d}, {link=s}, {link=/}, {link=I}, {link=S}, {link=O}, {link=_}, {link=1}, {link=9}, {link=1}, {link=3}, {link=9}, {link=_}, {link=S}, {link=c}, {link=h}, {link=e}, {link=m}, {link=a}, {link=s}, {link=/}, {link=r}, {link=e}, {link=s}, {link=o}, {link=u}, {link=r}, {link=c}, {link=e}, {link=s}, {link=/}, {link=u}, {link=o}, {link=m}, {link=/}, {link=g}, {link=m}, {link=x}, {link=U}, {link=o}, {link=m}, {link=.}, {link=x}, {link=m}, {link=l}, {link=#}, {link=m}]
errors:
-------
feature call (loop) failed at index: 0
caller: classpath:InspireTest/ngr/datasetrecords/def/checkxlinkurl.template.feature
arg: {"link":"h"}
checkxlinkurl.template.feature:14 - 
org.apache.http.client.ClientProtocolException
-------
feature call (loop) failed at index: 1
caller: classpath:InspireTest/ngr/datasetrecords/def/checkxlinkurl.template.feature
arg: {"link":"t"}
checkxlinkurl.template.feature:14 - 
org.apache.http.client.ClientProtocolException
-------
feature call (loop) failed at index: 2
caller: classpath:InspireTest/ngr/datasetrecords/def/checkxlinkurl.template.feature
arg: {"link":"t"}
checkxlinkurl.template.feature:14 - 
org.apache.http.client.ClientProtocolException
-------
feature call (loop) failed at index: 3
caller: classpath:InspireTest/ngr/datasetrecords/def/checkxlinkurl.template.feature
arg: {"link":"p"}
checkxlinkurl.template.feature:14 - 
org.apache.http.client.ClientProtocolException
-------
feature call (loop) failed at index: 4
caller: classpath:InspireTest/ngr/datasetrecords/def/checkxlinkurl.template.feature
arg: {"link":":"}
checkxlinkurl.template.feature:14 - java.net.URISyntaxException: Expected scheme name at index 0: :
-------
feature call (loop) failed at index: 5
caller: classpath:InspireTest/ngr/datasetrecords/def/checkxlinkurl.template.feature
arg: {"link":"/"}
checkxlinkurl.template.feature:14 - 
org.apache.http.client.ClientProtocolException
-------
feature call (loop) failed at index: 6
caller: classpath:InspireTest/ngr/datasetrecords/def/checkxlinkurl.template.feature
arg: {"link":"/"}
checkxlinkurl.template.feature:14 - 
org.apache.http.client.ClientProtocolException
-------
feature call (loop) failed at index: 7
caller: classpath:InspireTest/ngr/datasetrecords/def/checkxlinkurl.template.feature
arg: {"link":"s"}
checkxlinkurl.template.feature:14 - 
org.apache.http.client.ClientProtocolException
-------
feature call (loop) failed at index: 8
caller: classpath:InspireTest/ngr/datasetrecords/def/checkxlinkurl.template.feature
arg: {"link":"t"}
checkxlinkurl.template.feature:14 - 
org.apache.http.client.ClientProtocolException
-------
feature call (loop) failed at index: 9
caller: classpath:InspireTest/ngr/datasetrecords/def/checkxlinkurl.template.feature
arg: {"link":"a"}
checkxlinkurl.template.feature:14 - 
org.apache.http.client.ClientProtocolException
-------
feature call (loop) failed at index: 10
caller: classpath:InspireTest/ngr/datasetrecords/def/checkxlinkurl.template.feature
arg: {"link":"n"}
checkxlinkurl.template.feature:14 - 
org.apache.http.client.ClientProtocolException
-------
feature call (loop) failed at index: 11
caller: classpath:InspireTest/ngr/datasetrecords/def/checkxlinkurl.template.feature
arg: {"link":"d"}
checkxlinkurl.template.feature:14 - 
org.apache.http.client.ClientProtocolException
-------
feature call (loop) failed at index: 12
caller: classpath:InspireTest/ngr/datasetrecords/def/checkxlinkurl.template.feature
arg: {"link":"a"}
checkxlinkurl.template.feature:14 - 
org.apache.http.client.ClientProtocolException
-------
feature call (loop) failed at index: 13
caller: classpath:InspireTest/ngr/datasetrecords/def/checkxlinkurl.template.feature
arg: {"link":"r"}
checkxlinkurl.template.feature:14 - 
org.apache.http.client.ClientProtocolException
-------
feature call (loop) failed at index: 14
caller: classpath:InspireTest/ngr/datasetrecords/def/checkxlinkurl.template.feature
arg: {"link":"d"}
checkxlinkurl.template.feature:14 - 
org.apache.http.client.ClientProtocolException
-------
feature call (loop) failed at index: 15
caller: classpath:InspireTest/ngr/datasetrecords/def/checkxlinkurl.template.feature
arg: {"link":"s"}
checkxlinkurl.template.feature:14 - 
org.apache.http.client.ClientProtocolException
-------
feature call (loop) failed at index: 16
caller: classpath:InspireTest/ngr/datasetrecords/def/checkxlinkurl.template.feature
arg: {"link":"."}
checkxlinkurl.template.feature:14 - 
org.apache.http.client.ClientProtocolException
-------
feature call (loop) failed at index: 17
caller: classpath:InspireTest/ngr/datasetrecords/def/checkxlinkurl.template.feature
arg: {"link":"i"}
checkxlinkurl.template.feature:14 - 
org.apache.http.client.ClientProtocolException
-------
feature call (loop) failed at index: 18
caller: classpath:InspireTest/ngr/datasetrecords/def/checkxlinkurl.template.feature
arg: {"link":"s"}
checkxlinkurl.template.feature:14 - 
org.apache.http.client.ClientProtocolException
-------
feature call (loop) failed at index: 19
caller: classpath:InspireTest/ngr/datasetrecords/def/checkxlinkurl.template.feature
arg: {"link":"o"}
checkxlinkurl.template.feature:14 - 
org.apache.http.client.ClientProtocolException
-------
feature call (loop) failed at index: 20
caller: classpath:InspireTest/ngr/datasetrecords/def/checkxlinkurl.template.feature
arg: {"link":"."}
checkxlinkurl.template.feature:14 - 
org.apache.http.client.ClientProtocolException
-------
feature call (loop) failed at index: 21
caller: classpath:InspireTest/ngr/datasetrecords/def/checkxlinkurl.template.feature
arg: {"link":"o"}
checkxlinkurl.template.feature:14 - 
org.apache.http.client.ClientProtocolException
-------
feature call (loop) failed at index: 22
caller: classpath:InspireTest/ngr/datasetrecords/def/checkxlinkurl.template.feature
arg: {"link":"r"}
checkxlinkurl.template.feature:14 - 
org.apache.http.client.ClientProtocolException
-------
feature call (loop) failed at index: 23
caller: classpath:InspireTest/ngr/datasetrecords/def/checkxlinkurl.template.feature
arg: {"link":"g"}
checkxlinkurl.template.feature:14 - 
org.apache.http.client.ClientProtocolException
-------
feature call (loop) failed at index: 24
caller: classpath:InspireTest/ngr/datasetrecords/def/checkxlinkurl.template.feature
arg: {"link":"/"}
checkxlinkurl.template.feature:14 - 
org.apache.http.client.ClientProtocolException
-------
feature call (loop) failed at index: 25
caller: classpath:InspireTest/ngr/datasetrecords/def/checkxlinkurl.template.feature
arg: {"link":"i"}
checkxlinkurl.template.feature:14 - 
org.apache.http.client.ClientProtocolException
-------
feature call (loop) failed at index: 26
caller: classpath:InspireTest/ngr/datasetrecords/def/checkxlinkurl.template.feature
arg: {"link":"t"}
checkxlinkurl.template.feature:14 - 
org.apache.http.client.ClientProtocolException
-------
feature call (loop) failed at index: 27
caller: classpath:InspireTest/ngr/datasetrecords/def/checkxlinkurl.template.feature
arg: {"link":"t"}
checkxlinkurl.template.feature:14 - 
org.apache.http.client.ClientProtocolException
-------
feature call (loop) failed at index: 28
caller: classpath:InspireTest/ngr/datasetrecords/def/checkxlinkurl.template.feature
arg: {"link":"f"}
checkxlinkurl.template.feature:14 - 
org.apache.http.client.ClientProtocolException
-------
feature call (loop) failed at index: 29
caller: classpath:InspireTest/ngr/datasetrecords/def/checkxlinkurl.template.feature
arg: {"link":"/"}
checkxlinkurl.template.feature:14 - 
org.apache.http.client.ClientProtocolException
-------
feature call (loop) failed at index: 30
caller: classpath:InspireTest/ngr/datasetrecords/def/checkxlinkurl.template.feature
arg: {"link":"P"}
checkxlinkurl.template.feature:14 - 
org.apache.http.client.ClientProtocolException
-------
feature call (loop) failed at index: 31
caller: classpath:InspireTest/ngr/datasetrecords/def/checkxlinkurl.template.feature
arg: {"link":"u"}
checkxlinkurl.template.feature:14 - 
org.apache.http.client.ClientProtocolException
-------
feature call (loop) failed at index: 32
caller: classpath:InspireTest/ngr/datasetrecords/def/checkxlinkurl.template.feature
arg: {"link":"b"}
checkxlinkurl.template.feature:14 - 
org.apache.http.client.ClientProtocolException
-------
feature call (loop) failed at index: 33
caller: classpath:InspireTest/ngr/datasetrecords/def/checkxlinkurl.template.feature
arg: {"link":"l"}
checkxlinkurl.template.feature:14 - 
org.apache.http.client.ClientProtocolException
-------
feature call (loop) failed at index: 34
caller: classpath:InspireTest/ngr/datasetrecords/def/checkxlinkurl.template.feature
arg: {"link":"i"}
checkxlinkurl.template.feature:14 - 
org.apache.http.client.ClientProtocolException
-------
feature call (loop) failed at index: 35
caller: classpath:InspireTest/ngr/datasetrecords/def/checkxlinkurl.template.feature
arg: {"link":"c"}
checkxlinkurl.template.feature:14 - 
org.apache.http.client.ClientProtocolException
-------
feature call (loop) failed at index: 36
caller: classpath:InspireTest/ngr/datasetrecords/def/checkxlinkurl.template.feature
arg: {"link":"l"}
checkxlinkurl.template.feature:14 - 
org.apache.http.client.ClientProtocolException
-------
feature call (loop) failed at index: 37
caller: classpath:InspireTest/ngr/datasetrecords/def/checkxlinkurl.template.feature
arg: {"link":"y"}
checkxlinkurl.template.feature:14 - 
org.apache.http.client.ClientProtocolException
-------
feature call (loop) failed at index: 38
caller: classpath:InspireTest/ngr/datasetrecords/def/checkxlinkurl.template.feature
arg: {"link":"A"}
checkxlinkurl.template.feature:14 - 
org.apache.http.client.ClientProtocolException
-------
feature call (loop) failed at index: 39
caller: classpath:InspireTest/ngr/datasetrecords/def/checkxlinkurl.template.feature
arg: {"link":"v"}
checkxlinkurl.template.feature:14 - 
org.apache.http.client.ClientProtocolException
-------
feature call (loop) failed at index: 40
caller: classpath:InspireTest/ngr/datasetrecords/def/checkxlinkurl.template.feature
arg: {"link":"a"}
checkxlinkurl.template.feature:14 - 
org.apache.http.client.ClientProtocolException
-------
feature call (loop) failed at index: 41
caller: classpath:InspireTest/ngr/datasetrecords/def/checkxlinkurl.template.feature
arg: {"link":"i"}
checkxlinkurl.template.feature:14 - 
org.apache.http.client.ClientProtocolException
-------
feature call (loop) failed at index: 42
caller: classpath:InspireTest/ngr/datasetrecords/def/checkxlinkurl.template.feature
arg: {"link":"l"}
checkxlinkurl.template.feature:14 - 
org.apache.http.client.ClientProtocolException
-------
feature call (loop) failed at index: 43
caller: classpath:InspireTest/ngr/datasetrecords/def/checkxlinkurl.template.feature
arg: {"link":"a"}
checkxlinkurl.template.feature:14 - 
org.apache.http.client.ClientProtocolException
-------
feature call (loop) failed at index: 44
caller: classpath:InspireTest/ngr/datasetrecords/def/checkxlinkurl.template.feature
arg: {"link":"b"}
checkxlinkurl.template.feature:14 - 
org.apache.http.client.ClientProtocolException
-------
feature call (loop) failed at index: 45
caller: classpath:InspireTest/ngr/datasetrecords/def/checkxlinkurl.template.feature
arg: {"link":"l"}
checkxlinkurl.template.feature:14 - 
org.apache.http.client.ClientProtocolException
-------
feature call (loop) failed at index: 46
caller: classpath:InspireTest/ngr/datasetrecords/def/checkxlinkurl.template.feature
arg: {"link":"e"}
checkxlinkurl.template.feature:14 - 
org.apache.http.client.ClientProtocolException
-------
feature call (loop) failed at index: 47
caller: classpath:InspireTest/ngr/datasetrecords/def/checkxlinkurl.template.feature
arg: {"link":"S"}
checkxlinkurl.template.feature:14 - 
org.apache.http.client.ClientProtocolException
-------
feature call (loop) failed at index: 48
caller: classpath:InspireTest/ngr/datasetrecords/def/checkxlinkurl.template.feature
arg: {"link":"t"}
checkxlinkurl.template.feature:14 - 
org.apache.http.client.ClientProtocolException
-------
feature call (loop) failed at index: 49
caller: classpath:InspireTest/ngr/datasetrecords/def/checkxlinkurl.template.feature
arg: {"link":"a"}
checkxlinkurl.template.feature:14 - 
org.apache.http.client.ClientProtocolException
-------
feature call (loop) failed at index: 50
caller: classpath:InspireTest/ngr/datasetrecords/def/checkxlinkurl.template.feature
arg: {"link":"n"}
checkxlinkurl.template.feature:14 - 
org.apache.http.client.ClientProtocolException
-------
feature call (loop) failed at index: 51
caller: classpath:InspireTest/ngr/datasetrecords/def/checkxlinkurl.template.feature
arg: {"link":"d"}
checkxlinkurl.template.feature:14 - 
org.apache.http.client.ClientProtocolException
-------
feature call (loop) failed at index: 52
caller: classpath:InspireTest/ngr/datasetrecords/def/checkxlinkurl.template.feature
arg: {"link":"a"}
checkxlinkurl.template.feature:14 - 
org.apache.http.client.ClientProtocolException
-------
feature call (loop) failed at index: 53
caller: classpath:InspireTest/ngr/datasetrecords/def/checkxlinkurl.template.feature
arg: {"link":"r"}
checkxlinkurl.template.feature:14 - 
org.apache.http.client.ClientProtocolException
-------
feature call (loop) failed at index: 54
caller: classpath:InspireTest/ngr/datasetrecords/def/checkxlinkurl.template.feature
arg: {"link":"d"}
checkxlinkurl.template.feature:14 - 
org.apache.http.client.ClientProtocolException
-------
feature call (loop) failed at index: 55
caller: classpath:InspireTest/ngr/datasetrecords/def/checkxlinkurl.template.feature
arg: {"link":"s"}
checkxlinkurl.template.feature:14 - 
org.apache.http.client.ClientProtocolException
-------
feature call (loop) failed at index: 56
caller: classpath:InspireTest/ngr/datasetrecords/def/checkxlinkurl.template.feature
arg: {"link":"/"}
checkxlinkurl.template.feature:14 - 
org.apache.http.client.ClientProtocolException
-------
feature call (loop) failed at index: 57
caller: classpath:InspireTest/ngr/datasetrecords/def/checkxlinkurl.template.feature
arg: {"link":"I"}
checkxlinkurl.template.feature:14 - 
org.apache.http.client.ClientProtocolException
-------
feature call (loop) failed at index: 58
caller: classpath:InspireTest/ngr/datasetrecords/def/checkxlinkurl.template.feature
arg: {"link":"S"}
checkxlinkurl.template.feature:14 - 
org.apache.http.client.ClientProtocolException
-------
feature call (loop) failed at index: 59
caller: classpath:InspireTest/ngr/datasetrecords/def/checkxlinkurl.template.feature
arg: {"link":"O"}
checkxlinkurl.template.feature:14 - 
org.apache.http.client.ClientProtocolException
-------
feature call (loop) failed at index: 60
caller: classpath:InspireTest/ngr/datasetrecords/def/checkxlinkurl.template.feature
arg: {"link":"_"}
checkxlinkurl.template.feature:14 - 
org.apache.http.client.ClientProtocolException
-------
feature call (loop) failed at index: 61
caller: classpath:InspireTest/ngr/datasetrecords/def/checkxlinkurl.template.feature
arg: {"link":"1"}
checkxlinkurl.template.feature:14 - 
org.apache.http.client.ClientProtocolException
-------
feature call (loop) failed at index: 62
caller: classpath:InspireTest/ngr/datasetrecords/def/checkxlinkurl.template.feature
arg: {"link":"9"}
checkxlinkurl.template.feature:14 - 
org.apache.http.client.ClientProtocolException
-------
feature call (loop) failed at index: 63
caller: classpath:InspireTest/ngr/datasetrecords/def/checkxlinkurl.template.feature
arg: {"link":"1"}
checkxlinkurl.template.feature:14 - 
org.apache.http.client.ClientProtocolException
-------
feature call (loop) failed at index: 64
caller: classpath:InspireTest/ngr/datasetrecords/def/checkxlinkurl.template.feature
arg: {"link":"3"}
checkxlinkurl.template.feature:14 - 
org.apache.http.client.ClientProtocolException
-------
feature call (loop) failed at index: 65
caller: classpath:InspireTest/ngr/datasetrecords/def/checkxlinkurl.template.feature
arg: {"link":"9"}
checkxlinkurl.template.feature:14 - 
org.apache.http.client.ClientProtocolException
-------
feature call (loop) failed at index: 66
caller: classpath:InspireTest/ngr/datasetrecords/def/checkxlinkurl.template.feature
arg: {"link":"_"}
checkxlinkurl.template.feature:14 - 
org.apache.http.client.ClientProtocolException
-------
feature call (loop) failed at index: 67
caller: classpath:InspireTest/ngr/datasetrecords/def/checkxlinkurl.template.feature
arg: {"link":"S"}
checkxlinkurl.template.feature:14 - 
org.apache.http.client.ClientProtocolException
-------
feature call (loop) failed at index: 68
caller: classpath:InspireTest/ngr/datasetrecords/def/checkxlinkurl.template.feature
arg: {"link":"c"}
checkxlinkurl.template.feature:14 - 
org.apache.http.client.ClientProtocolException
-------
feature call (loop) failed at index: 69
caller: classpath:InspireTest/ngr/datasetrecords/def/checkxlinkurl.template.feature
arg: {"link":"h"}
checkxlinkurl.template.feature:14 - 
org.apache.http.client.ClientProtocolException
-------
feature call (loop) failed at index: 70
caller: classpath:InspireTest/ngr/datasetrecords/def/checkxlinkurl.template.feature
arg: {"link":"e"}
checkxlinkurl.template.feature:14 - 
org.apache.http.client.ClientProtocolException
-------
feature call (loop) failed at index: 71
caller: classpath:InspireTest/ngr/datasetrecords/def/checkxlinkurl.template.feature
arg: {"link":"m"}
checkxlinkurl.template.feature:14 - 
org.apache.http.client.ClientProtocolException
-------
feature call (loop) failed at index: 72
caller: classpath:InspireTest/ngr/datasetrecords/def/checkxlinkurl.template.feature
arg: {"link":"a"}
checkxlinkurl.template.feature:14 - 
org.apache.http.client.ClientProtocolException
-------
feature call (loop) failed at index: 73
caller: classpath:InspireTest/ngr/datasetrecords/def/checkxlinkurl.template.feature
arg: {"link":"s"}
checkxlinkurl.template.feature:14 - 
org.apache.http.client.ClientProtocolException
-------
feature call (loop) failed at index: 74
caller: classpath:InspireTest/ngr/datasetrecords/def/checkxlinkurl.template.feature
arg: {"link":"/"}
checkxlinkurl.template.feature:14 - 
org.apache.http.client.ClientProtocolException
-------
feature call (loop) failed at index: 75
caller: classpath:InspireTest/ngr/datasetrecords/def/checkxlinkurl.template.feature
arg: {"link":"r"}
checkxlinkurl.template.feature:14 - 
org.apache.http.client.ClientProtocolException
-------
feature call (loop) failed at index: 76
caller: classpath:InspireTest/ngr/datasetrecords/def/checkxlinkurl.template.feature
arg: {"link":"e"}
checkxlinkurl.template.feature:14 - 
org.apache.http.client.ClientProtocolException
-------
feature call (loop) failed at index: 77
caller: classpath:InspireTest/ngr/datasetrecords/def/checkxlinkurl.template.feature
arg: {"link":"s"}
checkxlinkurl.template.feature:14 - 
org.apache.http.client.ClientProtocolException
-------
feature call (loop) failed at index: 78
caller: classpath:InspireTest/ngr/datasetrecords/def/checkxlinkurl.template.feature
arg: {"link":"o"}
checkxlinkurl.template.feature:14 - 
org.apache.http.client.ClientProtocolException
-------
feature call (loop) failed at index: 79
caller: classpath:InspireTest/ngr/datasetrecords/def/checkxlinkurl.template.feature
arg: {"link":"u"}
checkxlinkurl.template.feature:14 - 
org.apache.http.client.ClientProtocolException
-------
feature call (loop) failed at index: 80
caller: classpath:InspireTest/ngr/datasetrecords/def/checkxlinkurl.template.feature
arg: {"link":"r"}
checkxlinkurl.template.feature:14 - 
org.apache.http.client.ClientProtocolException
-------
feature call (loop) failed at index: 81
caller: classpath:InspireTest/ngr/datasetrecords/def/checkxlinkurl.template.feature
arg: {"link":"c"}
checkxlinkurl.template.feature:14 - 
org.apache.http.client.ClientProtocolException
-------
feature call (loop) failed at index: 82
caller: classpath:InspireTest/ngr/datasetrecords/def/checkxlinkurl.template.feature
arg: {"link":"e"}
checkxlinkurl.template.feature:14 - 
org.apache.http.client.ClientProtocolException
-------
feature call (loop) failed at index: 83
caller: classpath:InspireTest/ngr/datasetrecords/def/checkxlinkurl.template.feature
arg: {"link":"s"}
checkxlinkurl.template.feature:14 - 
org.apache.http.client.ClientProtocolException
-------
feature call (loop) failed at index: 84
caller: classpath:InspireTest/ngr/datasetrecords/def/checkxlinkurl.template.feature
arg: {"link":"/"}
checkxlinkurl.template.feature:14 - 
org.apache.http.client.ClientProtocolException
-------
feature call (loop) failed at index: 85
caller: classpath:InspireTest/ngr/datasetrecords/def/checkxlinkurl.template.feature
arg: {"link":"u"}
checkxlinkurl.template.feature:14 - 
org.apache.http.client.ClientProtocolException
-------
feature call (loop) failed at index: 86
caller: classpath:InspireTest/ngr/datasetrecords/def/checkxlinkurl.template.feature
arg: {"link":"o"}
checkxlinkurl.template.feature:14 - 
org.apache.http.client.ClientProtocolException
-------
feature call (loop) failed at index: 87
caller: classpath:InspireTest/ngr/datasetrecords/def/checkxlinkurl.template.feature
arg: {"link":"m"}
checkxlinkurl.template.feature:14 - 
org.apache.http.client.ClientProtocolException
-------
feature call (loop) failed at index: 88
caller: classpath:InspireTest/ngr/datasetrecords/def/checkxlinkurl.template.feature
arg: {"link":"/"}
checkxlinkurl.template.feature:14 - 
org.apache.http.client.ClientProtocolException
-------
feature call (loop) failed at index: 89
caller: classpath:InspireTest/ngr/datasetrecords/def/checkxlinkurl.template.feature
arg: {"link":"g"}
checkxlinkurl.template.feature:14 - 
org.apache.http.client.ClientProtocolException
-------
feature call (loop) failed at index: 90
caller: classpath:InspireTest/ngr/datasetrecords/def/checkxlinkurl.template.feature
arg: {"link":"m"}
checkxlinkurl.template.feature:14 - 
org.apache.http.client.ClientProtocolException
-------
feature call (loop) failed at index: 91
caller: classpath:InspireTest/ngr/datasetrecords/def/checkxlinkurl.template.feature
arg: {"link":"x"}
checkxlinkurl.template.feature:14 - 
org.apache.http.client.ClientProtocolException
-------
feature call (loop) failed at index: 92
caller: classpath:InspireTest/ngr/datasetrecords/def/checkxlinkurl.template.feature
arg: {"link":"U"}
checkxlinkurl.template.feature:14 - 
org.apache.http.client.ClientProtocolException
-------
feature call (loop) failed at index: 93
caller: classpath:InspireTest/ngr/datasetrecords/def/checkxlinkurl.template.feature
arg: {"link":"o"}
checkxlinkurl.template.feature:14 - 
org.apache.http.client.ClientProtocolException
-------
feature call (loop) failed at index: 94
caller: classpath:InspireTest/ngr/datasetrecords/def/checkxlinkurl.template.feature
arg: {"link":"m"}
checkxlinkurl.template.feature:14 - 
org.apache.http.client.ClientProtocolException
-------
feature call (loop) failed at index: 95
caller: classpath:InspireTest/ngr/datasetrecords/def/checkxlinkurl.template.feature
arg: {"link":"."}
checkxlinkurl.template.feature:14 - 
org.apache.http.client.ClientProtocolException
-------
feature call (loop) failed at index: 96
caller: classpath:InspireTest/ngr/datasetrecords/def/checkxlinkurl.template.feature
arg: {"link":"x"}
checkxlinkurl.template.feature:14 - 
org.apache.http.client.ClientProtocolException
-------
feature call (loop) failed at index: 97
caller: classpath:InspireTest/ngr/datasetrecords/def/checkxlinkurl.template.feature
arg: {"link":"m"}
checkxlinkurl.template.feature:14 - 
org.apache.http.client.ClientProtocolException
-------
feature call (loop) failed at index: 98
caller: classpath:InspireTest/ngr/datasetrecords/def/checkxlinkurl.template.feature
arg: {"link":"l"}
checkxlinkurl.template.feature:14 - 
org.apache.http.client.ClientProtocolException
-------
feature call (loop) failed at index: 99
caller: classpath:InspireTest/ngr/datasetrecords/def/checkxlinkurl.template.feature
arg: {"link":"#"}
checkxlinkurl.template.feature:14 - 
org.apache.http.client.ClientProtocolException
-------
feature call (loop) failed at index: 100
caller: classpath:InspireTest/ngr/datasetrecords/def/checkxlinkurl.template.feature
arg: {"link":"m"}
checkxlinkurl.template.feature:14 - 
org.apache.http.client.ClientProtocolException
[1.43:16] check-known-dataset-record.feature:79 - feature call (loop) failed: classpath:InspireTest/ngr/datasetrecords/def/checkxlinkurl.template.feature
caller: classpath:InspireTest/ngr/datasetrecords/check-known-dataset-record.feature
items: [{link=https://www.nationaalgeoregister.nl/geonetwork/srv/dut/catalog.search#/metadata/adn73c4a-ef03-4785-b7f6-942e86b385f5}, {link=http://rdfdata.eionet.europa.eu/inspirethemes/themes/10}, {link=urn:ogc:def:crs:EPSG::5709}]
errors:
-------
feature call (loop) failed at index: 1
caller: classpath:InspireTest/ngr/datasetrecords/def/checkxlinkurl.template.feature
arg: {"link":"http://rdfdata.eionet.europa.eu/inspirethemes/themes/10"}
checkxlinkurl.template.feature:15 - status code was: 404, expected: 200, response time: 200, url: http://rdfdata.eionet.europa.eu/inspirethemes/themes/10, response: 
-------
feature call (loop) failed at index: 2
caller: classpath:InspireTest/ngr/datasetrecords/def/checkxlinkurl.template.feature
arg: {"link":"urn:ogc:def:crs:EPSG::5709"}
checkxlinkurl.template.feature:14 - 
org.apache.http.client.ClientProtocolException: URI does not specify a valid host name: urn:ogc:def:crs:EPSG::5709
[1.44:16] check-known-dataset-record.feature:79 - feature call (loop) failed: classpath:InspireTest/ngr/datasetrecords/def/checkxlinkurl.template.feature
caller: classpath:InspireTest/ngr/datasetrecords/check-known-dataset-record.feature
items: [{link=http://www.opengis.net/def/crs/EPSG/0/http://www.opengis.net/def/crs/EPSG/0/4258}, {link=http://kadaster/70a0f618-9d4f-4be9-9d9d-11106ff6971c}]
errors:
-------
feature call (loop) failed at index: 1
caller: classpath:InspireTest/ngr/datasetrecords/def/checkxlinkurl.template.feature
arg: {"link":"http://kadaster/70a0f618-9d4f-4be9-9d9d-11106ff6971c"}
checkxlinkurl.template.feature:14 - 
java.net.UnknownHostException: kadaster
[1.45:16] check-known-dataset-record.feature:79 - feature call (loop) failed: classpath:InspireTest/ngr/datasetrecords/def/checkxlinkurl.template.feature
caller: classpath:InspireTest/ngr/datasetrecords/check-known-dataset-record.feature
items: [{link=https://www.nationaalgeoregister.nl/geonetwork/srv/dut/catalog.search#/metadata/4783ea4f-6b8c-4600-8af0-516f3556cfe9}, {link=http://rdfdata.eionet.europa.eu/inspirethemes/themes/24}, {link=}, {link=}, {link=}, {link=urn:ogc:def:crs:EPSG::5709}]
errors:
-------
feature call (loop) failed at index: 1
caller: classpath:InspireTest/ngr/datasetrecords/def/checkxlinkurl.template.feature
arg: {"link":"http://rdfdata.eionet.europa.eu/inspirethemes/themes/24"}
checkxlinkurl.template.feature:15 - status code was: 404, expected: 200, response time: 201, url: http://rdfdata.eionet.europa.eu/inspirethemes/themes/24, response: 
-------
feature call (loop) failed at index: 2
caller: classpath:InspireTest/ngr/datasetrecords/def/checkxlinkurl.template.feature
arg: {"link":""}
checkxlinkurl.template.feature:14 - 
org.apache.http.client.ClientProtocolException
-------
feature call (loop) failed at index: 3
caller: classpath:InspireTest/ngr/datasetrecords/def/checkxlinkurl.template.feature
arg: {"link":""}
checkxlinkurl.template.feature:14 - 
org.apache.http.client.ClientProtocolException
-------
feature call (loop) failed at index: 4
caller: classpath:InspireTest/ngr/datasetrecords/def/checkxlinkurl.template.feature
arg: {"link":""}
checkxlinkurl.template.feature:14 - 
org.apache.http.client.ClientProtocolException
-------
feature call (loop) failed at index: 5
caller: classpath:InspireTest/ngr/datasetrecords/def/checkxlinkurl.template.feature
arg: {"link":"urn:ogc:def:crs:EPSG::5709"}
checkxlinkurl.template.feature:14 - 
org.apache.http.client.ClientProtocolException: URI does not specify a valid host name: urn:ogc:def:crs:EPSG::5709
[1.46:16] check-known-dataset-record.feature:79 - feature call (loop) failed: classpath:InspireTest/ngr/datasetrecords/def/checkxlinkurl.template.feature
caller: classpath:InspireTest/ngr/datasetrecords/check-known-dataset-record.feature
items: [{link=https://nationaalgeoregister.nl/geonetwork/srv/resources66495385-8f7b-4661-85a7-11a2bbcbb6b9}, {link=http://rdfdata.eionet.europa.eu/inspirethemes/themes/13}, {link=http://geonetwork-opensource.org/inspire-theme#}, {link=https://www.nationaalgeoregister.nl/geonetwork/srv/eng/thesaurus.download?ref=external.theme.inspire-theme}]
errors:
-------
feature call (loop) failed at index: 0
caller: classpath:InspireTest/ngr/datasetrecords/def/checkxlinkurl.template.feature
arg: {"link":"https://nationaalgeoregister.nl/geonetwork/srv/resources66495385-8f7b-4661-85a7-11a2bbcbb6b9"}
checkxlinkurl.template.feature:15 - status code was: 404, expected: 200, response time: 281, url: https://nationaalgeoregister.nl/geonetwork/srv/resources66495385-8f7b-4661-85a7-11a2bbcbb6b9, response: 
-------
feature call (loop) failed at index: 1
caller: classpath:InspireTest/ngr/datasetrecords/def/checkxlinkurl.template.feature
arg: {"link":"http://rdfdata.eionet.europa.eu/inspirethemes/themes/13"}
checkxlinkurl.template.feature:15 - status code was: 404, expected: 200, response time: 200, url: http://rdfdata.eionet.europa.eu/inspirethemes/themes/13, response: 
-------
feature call (loop) failed at index: 2
caller: classpath:InspireTest/ngr/datasetrecords/def/checkxlinkurl.template.feature
arg: {"link":"http://geonetwork-opensource.org/inspire-theme#"}
checkxlinkurl.template.feature:15 - status code was: 404, expected: 200, response time: 400, url: http://geonetwork-opensource.org/inspire-theme#, response: 
-------
feature call (loop) failed at index: 3
caller: classpath:InspireTest/ngr/datasetrecords/def/checkxlinkurl.template.feature
arg: {"link":"https://www.nationaalgeoregister.nl/geonetwork/srv/eng/thesaurus.download?ref=external.theme.inspire-theme"}
checkxlinkurl.template.feature:15 - status code was: 500, expected: 200, response time: 333, url: https://www.nationaalgeoregister.nl/geonetwork/srv/eng/thesaurus.download?ref=external.theme.inspire-theme, response: 
[1.47:16] check-known-dataset-record.feature:79 - feature call (loop) failed: classpath:InspireTest/ngr/datasetrecords/def/checkxlinkurl.template.feature
caller: classpath:InspireTest/ngr/datasetrecords/check-known-dataset-record.feature
items: [{link=http://kadaster/2482250f-3b00-4439-9f93-f3118229b020}, {link=}, {link=}, {link=}]
errors:
-------
feature call (loop) failed at index: 0
caller: classpath:InspireTest/ngr/datasetrecords/def/checkxlinkurl.template.feature
arg: {"link":"http://kadaster/2482250f-3b00-4439-9f93-f3118229b020"}
checkxlinkurl.template.feature:14 - 
java.net.UnknownHostException: kadaster
-------
feature call (loop) failed at index: 1
caller: classpath:InspireTest/ngr/datasetrecords/def/checkxlinkurl.template.feature
arg: {"link":""}
checkxlinkurl.template.feature:14 - 
org.apache.http.client.ClientProtocolException
-------
feature call (loop) failed at index: 2
caller: classpath:InspireTest/ngr/datasetrecords/def/checkxlinkurl.template.feature
arg: {"link":""}
checkxlinkurl.template.feature:14 - 
org.apache.http.client.ClientProtocolException
-------
feature call (loop) failed at index: 3
caller: classpath:InspireTest/ngr/datasetrecords/def/checkxlinkurl.template.feature
arg: {"link":""}
checkxlinkurl.template.feature:14 - 
org.apache.http.client.ClientProtocolException
[1.48:16] check-known-dataset-record.feature:79 - feature call (loop) failed: classpath:InspireTest/ngr/datasetrecords/def/checkxlinkurl.template.feature
caller: classpath:InspireTest/ngr/datasetrecords/check-known-dataset-record.feature
items: [{link=http://www.opengis.net/def/crs/EPSG/0/https://www.opengis.net/def/crs/EPSG/0/4258}, {link=https://www.nationaalgeoregister.nl/geonetwork/srv/api/records4617f0e0-6af4-4ac0-9044-31df9d03071c}]
errors:
-------
feature call (loop) failed at index: 1
caller: classpath:InspireTest/ngr/datasetrecords/def/checkxlinkurl.template.feature
arg: {"link":"https://www.nationaalgeoregister.nl/geonetwork/srv/api/records4617f0e0-6af4-4ac0-9044-31df9d03071c"}
checkxlinkurl.template.feature:15 - status code was: 500, expected: 200, response time: 320, url: https://www.nationaalgeoregister.nl/geonetwork/srv/api/records4617f0e0-6af4-4ac0-9044-31df9d03071c, response: 
[1.49:16] check-known-dataset-record.feature:79 - feature call (loop) failed: classpath:InspireTest/ngr/datasetrecords/def/checkxlinkurl.template.feature
caller: classpath:InspireTest/ngr/datasetrecords/check-known-dataset-record.feature
items: [{link=https://nationaalgeoregister.nl/geonetwork/srv/resourcesce4a6d93-83d6-4397-afa1-d4117d5ce76b}, {link=http://rdfdata.eionet.europa.eu/inspirethemes/themes/34}, {link=http://geonetwork-opensource.org/inspire-theme#}, {link=https://www.nationaalgeoregister.nl/geonetwork/srv/eng/thesaurus.download?ref=external.theme.inspire-theme}]
errors:
-------
feature call (loop) failed at index: 0
caller: classpath:InspireTest/ngr/datasetrecords/def/checkxlinkurl.template.feature
arg: {"link":"https://nationaalgeoregister.nl/geonetwork/srv/resourcesce4a6d93-83d6-4397-afa1-d4117d5ce76b"}
checkxlinkurl.template.feature:15 - status code was: 404, expected: 200, response time: 281, url: https://nationaalgeoregister.nl/geonetwork/srv/resourcesce4a6d93-83d6-4397-afa1-d4117d5ce76b, response: 
-------
feature call (loop) failed at index: 1
caller: classpath:InspireTest/ngr/datasetrecords/def/checkxlinkurl.template.feature
arg: {"link":"http://rdfdata.eionet.europa.eu/inspirethemes/themes/34"}
checkxlinkurl.template.feature:15 - status code was: 404, expected: 200, response time: 201, url: http://rdfdata.eionet.europa.eu/inspirethemes/themes/34, response: 
-------
feature call (loop) failed at index: 2
caller: classpath:InspireTest/ngr/datasetrecords/def/checkxlinkurl.template.feature
arg: {"link":"http://geonetwork-opensource.org/inspire-theme#"}
checkxlinkurl.template.feature:15 - status code was: 404, expected: 200, response time: 400, url: http://geonetwork-opensource.org/inspire-theme#, response: 
-------
feature call (loop) failed at index: 3
caller: classpath:InspireTest/ngr/datasetrecords/def/checkxlinkurl.template.feature
arg: {"link":"https://www.nationaalgeoregister.nl/geonetwork/srv/eng/thesaurus.download?ref=external.theme.inspire-theme"}
checkxlinkurl.template.feature:15 - status code was: 500, expected: 200, response time: 323, url: https://www.nationaalgeoregister.nl/geonetwork/srv/eng/thesaurus.download?ref=external.theme.inspire-theme, response: 
[1.50:16] check-known-dataset-record.feature:79 - feature call (loop) failed: classpath:InspireTest/ngr/datasetrecords/def/checkxlinkurl.template.feature
caller: classpath:InspireTest/ngr/datasetrecords/check-known-dataset-record.feature
items: [{link=http://kadaster/06b6c650-cdb1-11dd-ad8b-0800200c9a80}]
errors:
-------
feature call (loop) failed at index: 0
caller: classpath:InspireTest/ngr/datasetrecords/def/checkxlinkurl.template.feature
arg: {"link":"http://kadaster/06b6c650-cdb1-11dd-ad8b-0800200c9a80"}
checkxlinkurl.template.feature:14 - 
java.net.UnknownHostException: kadaster
[1.51:16] check-known-dataset-record.feature:79 - feature call (loop) failed: classpath:InspireTest/ngr/datasetrecords/def/checkxlinkurl.template.feature
caller: classpath:InspireTest/ngr/datasetrecords/check-known-dataset-record.feature
items: [{link=https://data.rivm.nl/inspire/id#90bab79d-5f92-4aaa-8edc-99195438ef65}]
errors:
-------
feature call (loop) failed at index: 0
caller: classpath:InspireTest/ngr/datasetrecords/def/checkxlinkurl.template.feature
arg: {"link":"https://data.rivm.nl/inspire/id#90bab79d-5f92-4aaa-8edc-99195438ef65"}
checkxlinkurl.template.feature:14 - 
javax.net.ssl.SSLException: Connection reset
[1.52:16] check-known-dataset-record.feature:79 - feature call (loop) failed: classpath:InspireTest/ngr/datasetrecords/def/checkxlinkurl.template.feature
caller: classpath:InspireTest/ngr/datasetrecords/check-known-dataset-record.feature
items: [{link=http://kadaster/2482250f-3b00-4439-9f93-f3118229b014}, {link=}, {link=}, {link=}]
errors:
-------
feature call (loop) failed at index: 0
caller: classpath:InspireTest/ngr/datasetrecords/def/checkxlinkurl.template.feature
arg: {"link":"http://kadaster/2482250f-3b00-4439-9f93-f3118229b014"}
checkxlinkurl.template.feature:14 - 
java.net.UnknownHostException: kadaster
-------
feature call (loop) failed at index: 1
caller: classpath:InspireTest/ngr/datasetrecords/def/checkxlinkurl.template.feature
arg: {"link":""}
checkxlinkurl.template.feature:14 - 
org.apache.http.client.ClientProtocolException
-------
feature call (loop) failed at index: 2
caller: classpath:InspireTest/ngr/datasetrecords/def/checkxlinkurl.template.feature
arg: {"link":""}
checkxlinkurl.template.feature:14 - 
org.apache.http.client.ClientProtocolException
-------
feature call (loop) failed at index: 3
caller: classpath:InspireTest/ngr/datasetrecords/def/checkxlinkurl.template.feature
arg: {"link":""}
checkxlinkurl.template.feature:14 - 
org.apache.http.client.ClientProtocolException
[1.54:16] check-known-dataset-record.feature:79 - feature call (loop) failed: classpath:InspireTest/ngr/datasetrecords/def/checkxlinkurl.template.feature
caller: classpath:InspireTest/ngr/datasetrecords/check-known-dataset-record.feature
items: [{link=http://www.opengis.net/def/crs/EPSG/0/http://www.opengis.net/def/crs/EPSG/0/4258}, {link=http://kadaster/ed4caa3b-a49e-4a9a-8206-50a3cf451b9a}]
errors:
-------
feature call (loop) failed at index: 1
caller: classpath:InspireTest/ngr/datasetrecords/def/checkxlinkurl.template.feature
arg: {"link":"http://kadaster/ed4caa3b-a49e-4a9a-8206-50a3cf451b9a"}
checkxlinkurl.template.feature:14 - 
java.net.UnknownHostException: kadaster: Temporary failure in name resolution
[1.55:16] check-known-dataset-record.feature:79 - feature call (loop) failed: classpath:InspireTest/ngr/datasetrecords/def/checkxlinkurl.template.feature
caller: classpath:InspireTest/ngr/datasetrecords/check-known-dataset-record.feature
items: [{link=http://www.opengis.net/def/crs/EPSG/0/http://www.opengis.net/def/crs/EPSG/0/4258}, {link=http://kadaster/29f0fa66-3928-4e95-ae30-5b1eab818ac1}]
errors:
-------
feature call (loop) failed at index: 1
caller: classpath:InspireTest/ngr/datasetrecords/def/checkxlinkurl.template.feature
arg: {"link":"http://kadaster/29f0fa66-3928-4e95-ae30-5b1eab818ac1"}
checkxlinkurl.template.feature:14 - 
java.net.UnknownHostException: kadaster
[1.56:16] check-known-dataset-record.feature:79 - feature call (loop) failed: classpath:InspireTest/ngr/datasetrecords/def/checkxlinkurl.template.feature
caller: classpath:InspireTest/ngr/datasetrecords/check-known-dataset-record.feature
items: [{link=http://standaarden.overheid.nl/owms/terms/Ministerie_van_Landbouw,_Natuur_en_Voedselkwaliteit}, {link=http://www.nationaalgeoregister.nl/geonetwork/srv/dut/catalog.search#/metadata/a04afee4-47d5-45b7-b7a0-a6f86106af11}, {link=http://standaarden.overheid.nl/owms/terms/Ministerie_van_Landbouw,_Natuur_en_Voedselkwaliteit}, {link=http://standaarden.overheid.nl/owms/terms/Ministerie_van_Landbouw,_Natuur_en_Voedselkwaliteit}, {link=https://data.overheid.nl/organisatie/PDOK}]
errors:
-------
feature call (loop) failed at index: 4
caller: classpath:InspireTest/ngr/datasetrecords/def/checkxlinkurl.template.feature
arg: {"link":"https://data.overheid.nl/organisatie/PDOK"}
checkxlinkurl.template.feature:15 - status code was: 404, expected: 200, response time: 536, url: https://data.overheid.nl/organisatie/PDOK, response: 
[1.57:16] check-known-dataset-record.feature:79 - feature call (loop) failed: classpath:InspireTest/ngr/datasetrecords/def/checkxlinkurl.template.feature
caller: classpath:InspireTest/ngr/datasetrecords/check-known-dataset-record.feature
items: [{link=https://data.rivm.nl/inspire/id#722e3937-3e53-4048-97ef-1ced2c77f7dd}]
errors:
-------
feature call (loop) failed at index: 0
caller: classpath:InspireTest/ngr/datasetrecords/def/checkxlinkurl.template.feature
arg: {"link":"https://data.rivm.nl/inspire/id#722e3937-3e53-4048-97ef-1ced2c77f7dd"}
checkxlinkurl.template.feature:14 - 
javax.net.ssl.SSLException: Connection reset
[1.58:16] check-known-dataset-record.feature:79 - feature call (loop) failed: classpath:InspireTest/ngr/datasetrecords/def/checkxlinkurl.template.feature
caller: classpath:InspireTest/ngr/datasetrecords/check-known-dataset-record.feature
items: [{link=https://nationaalgeoregister.nl/geonetwork/srv/resources8bdf76b6-c9c9-4011-a7bc-022ae14a4024}, {link=http://rdfdata.eionet.europa.eu/inspirethemes/themes/24}, {link=http://geonetwork-opensource.org/inspire-theme#}, {link=https://www.nationaalgeoregister.nl/geonetwork/srv/eng/thesaurus.download?ref=external.theme.inspire-theme}]
errors:
-------
feature call (loop) failed at index: 0
caller: classpath:InspireTest/ngr/datasetrecords/def/checkxlinkurl.template.feature
arg: {"link":"https://nationaalgeoregister.nl/geonetwork/srv/resources8bdf76b6-c9c9-4011-a7bc-022ae14a4024"}
checkxlinkurl.template.feature:15 - status code was: 404, expected: 200, response time: 284, url: https://nationaalgeoregister.nl/geonetwork/srv/resources8bdf76b6-c9c9-4011-a7bc-022ae14a4024, response: 
-------
feature call (loop) failed at index: 1
caller: classpath:InspireTest/ngr/datasetrecords/def/checkxlinkurl.template.feature
arg: {"link":"http://rdfdata.eionet.europa.eu/inspirethemes/themes/24"}
checkxlinkurl.template.feature:15 - status code was: 404, expected: 200, response time: 200, url: http://rdfdata.eionet.europa.eu/inspirethemes/themes/24, response: 
-------
feature call (loop) failed at index: 2
caller: classpath:InspireTest/ngr/datasetrecords/def/checkxlinkurl.template.feature
arg: {"link":"http://geonetwork-opensource.org/inspire-theme#"}
checkxlinkurl.template.feature:15 - status code was: 404, expected: 200, response time: 397, url: http://geonetwork-opensource.org/inspire-theme#, response: 
-------
feature call (loop) failed at index: 3
caller: classpath:InspireTest/ngr/datasetrecords/def/checkxlinkurl.template.feature
arg: {"link":"https://www.nationaalgeoregister.nl/geonetwork/srv/eng/thesaurus.download?ref=external.theme.inspire-theme"}
checkxlinkurl.template.feature:15 - status code was: 500, expected: 200, response time: 335, url: https://www.nationaalgeoregister.nl/geonetwork/srv/eng/thesaurus.download?ref=external.theme.inspire-theme, response: 
[1.59:16] check-known-dataset-record.feature:79 - feature call (loop) failed: classpath:InspireTest/ngr/datasetrecords/def/checkxlinkurl.template.feature
caller: classpath:InspireTest/ngr/datasetrecords/check-known-dataset-record.feature
items: [{link=http://standaarden.overheid.nl/owms/terms/Ministerie_van_Landbouw,_Natuur_en_Voedselkwaliteit}, {link=http://nationaalgeoregister.nl/geonetwork/srv/dut/catalog.search#/metadata/19165027-a13a-4c19-9013-ec1fd191019d}, {link=http://standaarden.overheid.nl/owms/terms/Ministerie_van_Landbouw,_Natuur_en_Voedselkwaliteit}, {link=http://standaarden.overheid.nl/owms/terms/Ministerie_van_Landbouw,_Natuur_en_Voedselkwaliteit}, {link=https://data.overheid.nl/organisatie/PDOK}]
errors:
-------
feature call (loop) failed at index: 4
caller: classpath:InspireTest/ngr/datasetrecords/def/checkxlinkurl.template.feature
arg: {"link":"https://data.overheid.nl/organisatie/PDOK"}
checkxlinkurl.template.feature:15 - status code was: 404, expected: 200, response time: 651, url: https://data.overheid.nl/organisatie/PDOK, response: 
[1.60:16] check-known-dataset-record.feature:79 - feature call (loop) failed: classpath:InspireTest/ngr/datasetrecords/def/checkxlinkurl.template.feature
caller: classpath:InspireTest/ngr/datasetrecords/check-known-dataset-record.feature
items: [{link=https://www.nationaalgeoregister.nl/geonetwork/srv/api/recordsc3c004ad-5387-4b00-a225-9afbcaa5d31b}]
errors:
-------
feature call (loop) failed at index: 0
caller: classpath:InspireTest/ngr/datasetrecords/def/checkxlinkurl.template.feature
arg: {"link":"https://www.nationaalgeoregister.nl/geonetwork/srv/api/recordsc3c004ad-5387-4b00-a225-9afbcaa5d31b"}
checkxlinkurl.template.feature:15 - status code was: 500, expected: 200, response time: 309, url: https://www.nationaalgeoregister.nl/geonetwork/srv/api/recordsc3c004ad-5387-4b00-a225-9afbcaa5d31b, response: 
[1.61:16] check-known-dataset-record.feature:79 - feature call (loop) failed: classpath:InspireTest/ngr/datasetrecords/def/checkxlinkurl.template.feature
caller: classpath:InspireTest/ngr/datasetrecords/check-known-dataset-record.feature
items: [{link=https://www.nationaalgeoregister.nl/geonetwork/srv/api/records49807edc-0007-41aa-8809-d381f6713de4}, {link=https://creativecommons.org/publicdomain/zero/*/deed.nl}]
errors:
-------
feature call (loop) failed at index: 0
caller: classpath:InspireTest/ngr/datasetrecords/def/checkxlinkurl.template.feature
arg: {"link":"https://www.nationaalgeoregister.nl/geonetwork/srv/api/records49807edc-0007-41aa-8809-d381f6713de4"}
checkxlinkurl.template.feature:15 - status code was: 500, expected: 200, response time: 312, url: https://www.nationaalgeoregister.nl/geonetwork/srv/api/records49807edc-0007-41aa-8809-d381f6713de4, response: 
-------
feature call (loop) failed at index: 1
caller: classpath:InspireTest/ngr/datasetrecords/def/checkxlinkurl.template.feature
arg: {"link":"https://creativecommons.org/publicdomain/zero/*/deed.nl"}
checkxlinkurl.template.feature:15 - status code was: 404, expected: 200, response time: 111, url: https://creativecommons.org/publicdomain/zero/*/deed.nl, response: 
[1.62:16] check-known-dataset-record.feature:79 - feature call (loop) failed: classpath:InspireTest/ngr/datasetrecords/def/checkxlinkurl.template.feature
caller: classpath:InspireTest/ngr/datasetrecords/check-known-dataset-record.feature
items: [{link=https://www.nationaalgeoregister.nl/geonetwork/srv/api/records6e4a2001-fef7-471c-8286-4f859bc1131e}, {link=https://creativecommons.org/publicdomain/zero/*/deed.nl}]
errors:
-------
feature call (loop) failed at index: 0
caller: classpath:InspireTest/ngr/datasetrecords/def/checkxlinkurl.template.feature
arg: {"link":"https://www.nationaalgeoregister.nl/geonetwork/srv/api/records6e4a2001-fef7-471c-8286-4f859bc1131e"}
checkxlinkurl.template.feature:15 - status code was: 500, expected: 200, response time: 315, url: https://www.nationaalgeoregister.nl/geonetwork/srv/api/records6e4a2001-fef7-471c-8286-4f859bc1131e, response: 
-------
feature call (loop) failed at index: 1
caller: classpath:InspireTest/ngr/datasetrecords/def/checkxlinkurl.template.feature
arg: {"link":"https://creativecommons.org/publicdomain/zero/*/deed.nl"}
checkxlinkurl.template.feature:15 - status code was: 404, expected: 200, response time: 38, url: https://creativecommons.org/publicdomain/zero/*/deed.nl, response: 
[1.63:16] check-known-dataset-record.feature:47 - xpath does not exist: /GetRecordByIdResponse//@href on response
[1.64:16] check-known-dataset-record.feature:79 - feature call (loop) failed: classpath:InspireTest/ngr/datasetrecords/def/checkxlinkurl.template.feature
caller: classpath:InspireTest/ngr/datasetrecords/check-known-dataset-record.feature
items: [{link=https://www.nationaalgeoregister.nl/geonetwork/srv/dut/catalog.search#/metadata/7939fd42-cf88-42c5-ab3b-232cf232a3ac}, {link=http://rdfdata.eionet.europa.eu/inspirethemes/themes/10}, {link=urn:ogc:def:crs:EPSG::5709}]
errors:
-------
feature call (loop) failed at index: 1
caller: classpath:InspireTest/ngr/datasetrecords/def/checkxlinkurl.template.feature
arg: {"link":"http://rdfdata.eionet.europa.eu/inspirethemes/themes/10"}
checkxlinkurl.template.feature:15 - status code was: 404, expected: 200, response time: 200, url: http://rdfdata.eionet.europa.eu/inspirethemes/themes/10, response: 
-------
feature call (loop) failed at index: 2
caller: classpath:InspireTest/ngr/datasetrecords/def/checkxlinkurl.template.feature
arg: {"link":"urn:ogc:def:crs:EPSG::5709"}
checkxlinkurl.template.feature:14 - 
org.apache.http.client.ClientProtocolException: URI does not specify a valid host name: urn:ogc:def:crs:EPSG::5709
[1.65:16] check-known-dataset-record.feature:79 - feature call (loop) failed: classpath:InspireTest/ngr/datasetrecords/def/checkxlinkurl.template.feature
caller: classpath:InspireTest/ngr/datasetrecords/check-known-dataset-record.feature
items: [{link=https://www.nationaalgeoregister.nl/geonetwork/srv/dut/catalog.search#/metadata/cf69ec50-9849-4afd-853c-ee56211d336d}, {link=http://rdfdata.eionet.europa.eu/inspirethemes/themes/20}, {link=http://rdfdata.eionet.europa.eu/inspirethemes/themes/28}, {link=urn:ogc:def:crs:EPSG::5709}]
errors:
-------
feature call (loop) failed at index: 1
caller: classpath:InspireTest/ngr/datasetrecords/def/checkxlinkurl.template.feature
arg: {"link":"http://rdfdata.eionet.europa.eu/inspirethemes/themes/20"}
checkxlinkurl.template.feature:15 - status code was: 404, expected: 200, response time: 200, url: http://rdfdata.eionet.europa.eu/inspirethemes/themes/20, response: 
-------
feature call (loop) failed at index: 2
caller: classpath:InspireTest/ngr/datasetrecords/def/checkxlinkurl.template.feature
arg: {"link":"http://rdfdata.eionet.europa.eu/inspirethemes/themes/28"}
checkxlinkurl.template.feature:15 - status code was: 404, expected: 200, response time: 200, url: http://rdfdata.eionet.europa.eu/inspirethemes/themes/28, response: 
-------
feature call (loop) failed at index: 3
caller: classpath:InspireTest/ngr/datasetrecords/def/checkxlinkurl.template.feature
arg: {"link":"urn:ogc:def:crs:EPSG::5709"}
checkxlinkurl.template.feature:14 - 
org.apache.http.client.ClientProtocolException: URI does not specify a valid host name: urn:ogc:def:crs:EPSG::5709
[1.66:16] check-known-dataset-record.feature:79 - feature call (loop) failed: classpath:InspireTest/ngr/datasetrecords/def/checkxlinkurl.template.feature
caller: classpath:InspireTest/ngr/datasetrecords/check-known-dataset-record.feature
items: [{link=http://www.opengis.net/def/crs/EPSG/0/http://www.opengis.net/def/crs/EPSG/0/3034}, {link=http://nationaalgeoregister.nl/geonetwork/srv/dut/csw?SERVICE=CSW&version=2.0.2&REQUEST=GetRecordById&elementSetName=full&OutputSchema=http://www.isotc211.org/2005/gmd&ID=b6ee58a1-b097-4c6d-8600-eb81efc1468c}, {link=https://creativecommons.org/publicdomain/mark/*/deed.nl}, {link=}]
errors:
-------
feature call (loop) failed at index: 2
caller: classpath:InspireTest/ngr/datasetrecords/def/checkxlinkurl.template.feature
arg: {"link":"https://creativecommons.org/publicdomain/mark/*/deed.nl"}
checkxlinkurl.template.feature:15 - status code was: 404, expected: 200, response time: 97, url: https://creativecommons.org/publicdomain/mark/*/deed.nl, response: 
-------
feature call (loop) failed at index: 3
caller: classpath:InspireTest/ngr/datasetrecords/def/checkxlinkurl.template.feature
arg: {"link":""}
checkxlinkurl.template.feature:14 - 
org.apache.http.client.ClientProtocolException
[1.67:16] check-known-dataset-record.feature:79 - feature call (loop) failed: classpath:InspireTest/ngr/datasetrecords/def/checkxlinkurl.template.feature
caller: classpath:InspireTest/ngr/datasetrecords/check-known-dataset-record.feature
items: [{link=https://www.nationaalgeoregister.nl/geonetwork/srv/api/records/002d9127-c16d-4b8d-9f5e-102a8c8e36c4}]
errors:
-------
feature call (loop) failed at index: 0
caller: classpath:InspireTest/ngr/datasetrecords/def/checkxlinkurl.template.feature
arg: {"link":"https://www.nationaalgeoregister.nl/geonetwork/srv/api/records/002d9127-c16d-4b8d-9f5e-102a8c8e36c4"}
checkxlinkurl.template.feature:15 - status code was: 400, expected: 200, response time: 277, url: https://www.nationaalgeoregister.nl/geonetwork/srv/api/records/002d9127-c16d-4b8d-9f5e-102a8c8e36c4, response: 
[1.68:16] check-known-dataset-record.feature:79 - feature call (loop) failed: classpath:InspireTest/ngr/datasetrecords/def/checkxlinkurl.template.feature
caller: classpath:InspireTest/ngr/datasetrecords/check-known-dataset-record.feature
items: [{link=https://www.nationaalgeoregister.nl/geonetwork/srv/dut/catalog.search#/metadata/68ebd5c9-0ea1-4f22-9907-ec4c063cd3e2}, {link=http://rdfdata.eionet.europa.eu/inspirethemes/themes/20}, {link=urn:ogc:def:crs:EPSG::5709}]
errors:
-------
feature call (loop) failed at index: 1
caller: classpath:InspireTest/ngr/datasetrecords/def/checkxlinkurl.template.feature
arg: {"link":"http://rdfdata.eionet.europa.eu/inspirethemes/themes/20"}
checkxlinkurl.template.feature:15 - status code was: 404, expected: 200, response time: 215, url: http://rdfdata.eionet.europa.eu/inspirethemes/themes/20, response: 
-------
feature call (loop) failed at index: 2
caller: classpath:InspireTest/ngr/datasetrecords/def/checkxlinkurl.template.feature
arg: {"link":"urn:ogc:def:crs:EPSG::5709"}
checkxlinkurl.template.feature:14 - 
org.apache.http.client.ClientProtocolException: URI does not specify a valid host name: urn:ogc:def:crs:EPSG::5709
[1.69:16] check-known-dataset-record.feature:79 - feature call (loop) failed: classpath:InspireTest/ngr/datasetrecords/def/checkxlinkurl.template.feature
caller: classpath:InspireTest/ngr/datasetrecords/check-known-dataset-record.feature
items: [{link=http://www.opengis.net/def/crs/EPSG/0/http://www.opengis.net/def/crs/EPSG/0/3034}, {link=http://nationaalgeoregister.nl/geonetwork/srv/dut/csw?SERVICE=CSW&version=2.0.2&REQUEST=GetRecordById&elementSetName=full&OutputSchema=http://www.isotc211.org/2005/gmd&ID=58e7dc38-a498-4852-b4ef-908f5baa9056}, {link=https://creativecommons.org/publicdomain/mark/*/deed.nl}, {link=}]
errors:
-------
feature call (loop) failed at index: 2
caller: classpath:InspireTest/ngr/datasetrecords/def/checkxlinkurl.template.feature
arg: {"link":"https://creativecommons.org/publicdomain/mark/*/deed.nl"}
checkxlinkurl.template.feature:15 - status code was: 404, expected: 200, response time: 36, url: https://creativecommons.org/publicdomain/mark/*/deed.nl, response: 
-------
feature call (loop) failed at index: 3
caller: classpath:InspireTest/ngr/datasetrecords/def/checkxlinkurl.template.feature
arg: {"link":""}
checkxlinkurl.template.feature:14 - 
org.apache.http.client.ClientProtocolException
[1.70:16] check-known-dataset-record.feature:79 - feature call (loop) failed: classpath:InspireTest/ngr/datasetrecords/def/checkxlinkurl.template.feature
caller: classpath:InspireTest/ngr/datasetrecords/check-known-dataset-record.feature
items: [{link=http://www.opengis.net/def/crs/EPSG/0/ETRS89}, {link=https://www.nationaalgeoregister.nl/geonetwork/srv/api/records07575774-57a1-4419-bab4-6c88fdeb02b2}]
errors:
-------
feature call (loop) failed at index: 1
caller: classpath:InspireTest/ngr/datasetrecords/def/checkxlinkurl.template.feature
arg: {"link":"https://www.nationaalgeoregister.nl/geonetwork/srv/api/records07575774-57a1-4419-bab4-6c88fdeb02b2"}
checkxlinkurl.template.feature:15 - status code was: 500, expected: 200, response time: 489, url: https://www.nationaalgeoregister.nl/geonetwork/srv/api/records07575774-57a1-4419-bab4-6c88fdeb02b2, response: 
[1.71:16] check-known-dataset-record.feature:79 - feature call (loop) failed: classpath:InspireTest/ngr/datasetrecords/def/checkxlinkurl.template.feature
caller: classpath:InspireTest/ngr/datasetrecords/check-known-dataset-record.feature
items: [{link=https://data.rivm.nl/inspire/id#c6d62f69-7be0-4c19-a4af-d146c6a3c166}]
errors:
-------
feature call (loop) failed at index: 0
caller: classpath:InspireTest/ngr/datasetrecords/def/checkxlinkurl.template.feature
arg: {"link":"https://data.rivm.nl/inspire/id#c6d62f69-7be0-4c19-a4af-d146c6a3c166"}
checkxlinkurl.template.feature:14 - 
javax.net.ssl.SSLException: Connection reset
[1.72:16] check-known-dataset-record.feature:79 - feature call (loop) failed: classpath:InspireTest/ngr/datasetrecords/def/checkxlinkurl.template.feature
caller: classpath:InspireTest/ngr/datasetrecords/check-known-dataset-record.feature
items: [{link=http://www.opengis.net/def/crs/EPSG/0/http://www.opengis.net/def/crs/EPSG/0/3034}, {link=http://nationaalgeoregister.nl/geonetwork/srv/dut/csw?SERVICE=CSW&version=2.0.2&REQUEST=GetRecordById&elementSetName=full&OutputSchema=http://www.isotc211.org/2005/gmd&ID=88f76a94-ee4d-4e0c-9fde-91b692403e39}, {link=https://creativecommons.org/publicdomain/mark/*/deed.nl}, {link=}]
errors:
-------
feature call (loop) failed at index: 2
caller: classpath:InspireTest/ngr/datasetrecords/def/checkxlinkurl.template.feature
arg: {"link":"https://creativecommons.org/publicdomain/mark/*/deed.nl"}
checkxlinkurl.template.feature:15 - status code was: 404, expected: 200, response time: 35, url: https://creativecommons.org/publicdomain/mark/*/deed.nl, response: 
-------
feature call (loop) failed at index: 3
caller: classpath:InspireTest/ngr/datasetrecords/def/checkxlinkurl.template.feature
arg: {"link":""}
checkxlinkurl.template.feature:14 - 
org.apache.http.client.ClientProtocolException
[1.73:16] check-known-dataset-record.feature:79 - feature call (loop) failed: classpath:InspireTest/ngr/datasetrecords/def/checkxlinkurl.template.feature
caller: classpath:InspireTest/ngr/datasetrecords/check-known-dataset-record.feature
items: [{link=http://kadaster/2482250f-3b00-4439-9f93-f3118229b015}, {link=}, {link=}, {link=}]
errors:
-------
feature call (loop) failed at index: 0
caller: classpath:InspireTest/ngr/datasetrecords/def/checkxlinkurl.template.feature
arg: {"link":"http://kadaster/2482250f-3b00-4439-9f93-f3118229b015"}
checkxlinkurl.template.feature:14 - 
java.net.UnknownHostException: kadaster
-------
feature call (loop) failed at index: 1
caller: classpath:InspireTest/ngr/datasetrecords/def/checkxlinkurl.template.feature
arg: {"link":""}
checkxlinkurl.template.feature:14 - 
org.apache.http.client.ClientProtocolException
-------
feature call (loop) failed at index: 2
caller: classpath:InspireTest/ngr/datasetrecords/def/checkxlinkurl.template.feature
arg: {"link":""}
checkxlinkurl.template.feature:14 - 
org.apache.http.client.ClientProtocolException
-------
feature call (loop) failed at index: 3
caller: classpath:InspireTest/ngr/datasetrecords/def/checkxlinkurl.template.feature
arg: {"link":""}
checkxlinkurl.template.feature:14 - 
org.apache.http.client.ClientProtocolException
[1.74:16] check-known-dataset-record.feature:79 - feature call (loop) failed: classpath:InspireTest/ngr/datasetrecords/def/checkxlinkurl.template.feature
caller: classpath:InspireTest/ngr/datasetrecords/check-known-dataset-record.feature
items: [{link=http://kadaster/3bf3f7f3-8ac9-4203-bb95-2c932d5f0f3e}]
errors:
-------
feature call (loop) failed at index: 0
caller: classpath:InspireTest/ngr/datasetrecords/def/checkxlinkurl.template.feature
arg: {"link":"http://kadaster/3bf3f7f3-8ac9-4203-bb95-2c932d5f0f3e"}
checkxlinkurl.template.feature:14 - 
java.net.UnknownHostException: kadaster
[1.75:16] check-known-dataset-record.feature:79 - feature call (loop) failed: classpath:InspireTest/ngr/datasetrecords/def/checkxlinkurl.template.feature
caller: classpath:InspireTest/ngr/datasetrecords/check-known-dataset-record.feature
items: [{link=https://data.rivm.nl/inspire/id#b5ccab29-e2cc-4178-9f81-40c50e909754}]
errors:
-------
feature call (loop) failed at index: 0
caller: classpath:InspireTest/ngr/datasetrecords/def/checkxlinkurl.template.feature
arg: {"link":"https://data.rivm.nl/inspire/id#b5ccab29-e2cc-4178-9f81-40c50e909754"}
checkxlinkurl.template.feature:14 - 
javax.net.ssl.SSLException: Connection reset
[1.76:16] check-known-dataset-record.feature:79 - feature call (loop) failed: classpath:InspireTest/ngr/datasetrecords/def/checkxlinkurl.template.feature
caller: classpath:InspireTest/ngr/datasetrecords/check-known-dataset-record.feature
items: [{link=https://nationaalgeoregister.nl/geonetwork/srv/resources7d4d5090-8b18-4c30-a07a-9d738039112f}, {link=http://rdfdata.eionet.europa.eu/inspirethemes/themes/13}, {link=http://geonetwork-opensource.org/inspire-theme#}, {link=https://www.nationaalgeoregister.nl/geonetwork/srv/eng/thesaurus.download?ref=external.theme.inspire-theme}]
errors:
-------
feature call (loop) failed at index: 0
caller: classpath:InspireTest/ngr/datasetrecords/def/checkxlinkurl.template.feature
arg: {"link":"https://nationaalgeoregister.nl/geonetwork/srv/resources7d4d5090-8b18-4c30-a07a-9d738039112f"}
checkxlinkurl.template.feature:15 - status code was: 404, expected: 200, response time: 280, url: https://nationaalgeoregister.nl/geonetwork/srv/resources7d4d5090-8b18-4c30-a07a-9d738039112f, response: 
-------
feature call (loop) failed at index: 1
caller: classpath:InspireTest/ngr/datasetrecords/def/checkxlinkurl.template.feature
arg: {"link":"http://rdfdata.eionet.europa.eu/inspirethemes/themes/13"}
checkxlinkurl.template.feature:15 - status code was: 404, expected: 200, response time: 224, url: http://rdfdata.eionet.europa.eu/inspirethemes/themes/13, response: 
-------
feature call (loop) failed at index: 2
caller: classpath:InspireTest/ngr/datasetrecords/def/checkxlinkurl.template.feature
arg: {"link":"http://geonetwork-opensource.org/inspire-theme#"}
checkxlinkurl.template.feature:15 - status code was: 404, expected: 200, response time: 400, url: http://geonetwork-opensource.org/inspire-theme#, response: 
-------
feature call (loop) failed at index: 3
caller: classpath:InspireTest/ngr/datasetrecords/def/checkxlinkurl.template.feature
arg: {"link":"https://www.nationaalgeoregister.nl/geonetwork/srv/eng/thesaurus.download?ref=external.theme.inspire-theme"}
checkxlinkurl.template.feature:15 - status code was: 500, expected: 200, response time: 558, url: https://www.nationaalgeoregister.nl/geonetwork/srv/eng/thesaurus.download?ref=external.theme.inspire-theme, response: 
[1.77:16] check-known-dataset-record.feature:79 - feature call (loop) failed: classpath:InspireTest/ngr/datasetrecords/def/checkxlinkurl.template.feature
caller: classpath:InspireTest/ngr/datasetrecords/check-known-dataset-record.feature
items: [{link=https://www.nationaalgeoregister.nl/geonetwork/srv/api/records844404a2-9cd0-452e-b29a-74588777485a}]
errors:
-------
feature call (loop) failed at index: 0
caller: classpath:InspireTest/ngr/datasetrecords/def/checkxlinkurl.template.feature
arg: {"link":"https://www.nationaalgeoregister.nl/geonetwork/srv/api/records844404a2-9cd0-452e-b29a-74588777485a"}
checkxlinkurl.template.feature:15 - status code was: 500, expected: 200, response time: 319, url: https://www.nationaalgeoregister.nl/geonetwork/srv/api/records844404a2-9cd0-452e-b29a-74588777485a, response: 
[1.78:16] check-known-dataset-record.feature:79 - feature call (loop) failed: classpath:InspireTest/ngr/datasetrecords/def/checkxlinkurl.template.feature
caller: classpath:InspireTest/ngr/datasetrecords/check-known-dataset-record.feature
items: [{link=https://www.nationaalgeoregister.nl/geonetwork/srv/dut/catalog.search#/metadata/be1b1514-8d1f-48e1-9624-fee9b784138b}, {link=http://rdfdata.eionet.europa.eu/inspirethemes/themes/7}, {link=urn:ogc:def:crs:EPSG::5709}]
errors:
-------
feature call (loop) failed at index: 1
caller: classpath:InspireTest/ngr/datasetrecords/def/checkxlinkurl.template.feature
arg: {"link":"http://rdfdata.eionet.europa.eu/inspirethemes/themes/7"}
checkxlinkurl.template.feature:15 - status code was: 404, expected: 200, response time: 226, url: http://rdfdata.eionet.europa.eu/inspirethemes/themes/7, response: 
-------
feature call (loop) failed at index: 2
caller: classpath:InspireTest/ngr/datasetrecords/def/checkxlinkurl.template.feature
arg: {"link":"urn:ogc:def:crs:EPSG::5709"}
checkxlinkurl.template.feature:14 - 
org.apache.http.client.ClientProtocolException: URI does not specify a valid host name: urn:ogc:def:crs:EPSG::5709
[1.79:16] check-known-dataset-record.feature:79 - feature call (loop) failed: classpath:InspireTest/ngr/datasetrecords/def/checkxlinkurl.template.feature
caller: classpath:InspireTest/ngr/datasetrecords/check-known-dataset-record.feature
items: [{link=http://www.opengis.net/def/crs/EPSG/0/http://www.opengis.net/def/crs/EPSG/0/4258}, {link=http://kadaster/3b7bb05b-2d2e-4329-9a72-0eac19e315de}]
errors:
-------
feature call (loop) failed at index: 1
caller: classpath:InspireTest/ngr/datasetrecords/def/checkxlinkurl.template.feature
arg: {"link":"http://kadaster/3b7bb05b-2d2e-4329-9a72-0eac19e315de"}
checkxlinkurl.template.feature:14 - 
java.net.UnknownHostException: kadaster
[1.81:16] check-known-dataset-record.feature:79 - feature call (loop) failed: classpath:InspireTest/ngr/datasetrecords/def/checkxlinkurl.template.feature
caller: classpath:InspireTest/ngr/datasetrecords/check-known-dataset-record.feature
items: [{link=https://nationaalgeoregister.nl/geonetwork/srv/resources49e49382-674d-4ce8-9f4a-ba4dd2265eef}, {link=http://rdfdata.eionet.europa.eu/inspirethemes/themes/33}, {link=http://geonetwork-opensource.org/inspire-theme#}, {link=https://www.nationaalgeoregister.nl/geonetwork/srv/eng/thesaurus.download?ref=external.theme.inspire-theme}]
errors:
-------
feature call (loop) failed at index: 0
caller: classpath:InspireTest/ngr/datasetrecords/def/checkxlinkurl.template.feature
arg: {"link":"https://nationaalgeoregister.nl/geonetwork/srv/resources49e49382-674d-4ce8-9f4a-ba4dd2265eef"}
checkxlinkurl.template.feature:15 - status code was: 404, expected: 200, response time: 281, url: https://nationaalgeoregister.nl/geonetwork/srv/resources49e49382-674d-4ce8-9f4a-ba4dd2265eef, response: 
-------
feature call (loop) failed at index: 1
caller: classpath:InspireTest/ngr/datasetrecords/def/checkxlinkurl.template.feature
arg: {"link":"http://rdfdata.eionet.europa.eu/inspirethemes/themes/33"}
checkxlinkurl.template.feature:15 - status code was: 404, expected: 200, response time: 236, url: http://rdfdata.eionet.europa.eu/inspirethemes/themes/33, response: 
-------
feature call (loop) failed at index: 2
caller: classpath:InspireTest/ngr/datasetrecords/def/checkxlinkurl.template.feature
arg: {"link":"http://geonetwork-opensource.org/inspire-theme#"}
checkxlinkurl.template.feature:15 - status code was: 404, expected: 200, response time: 399, url: http://geonetwork-opensource.org/inspire-theme#, response: 
-------
feature call (loop) failed at index: 3
caller: classpath:InspireTest/ngr/datasetrecords/def/checkxlinkurl.template.feature
arg: {"link":"https://www.nationaalgeoregister.nl/geonetwork/srv/eng/thesaurus.download?ref=external.theme.inspire-theme"}
checkxlinkurl.template.feature:15 - status code was: 500, expected: 200, response time: 316, url: https://www.nationaalgeoregister.nl/geonetwork/srv/eng/thesaurus.download?ref=external.theme.inspire-theme, response: 
[1.82:16] check-known-dataset-record.feature:79 - feature call (loop) failed: classpath:InspireTest/ngr/datasetrecords/def/checkxlinkurl.template.feature
caller: classpath:InspireTest/ngr/datasetrecords/check-known-dataset-record.feature
items: [{link=http://www.opengis.net/def/crs/EPSG/0/http://www.opengis.net/def/crs/EPSG/0/4258}, {link=http://kadaster/df1a98c0-58ba-48ff-8825-b4fb6322c586}]
errors:
-------
feature call (loop) failed at index: 1
caller: classpath:InspireTest/ngr/datasetrecords/def/checkxlinkurl.template.feature
arg: {"link":"http://kadaster/df1a98c0-58ba-48ff-8825-b4fb6322c586"}
checkxlinkurl.template.feature:14 - 
java.net.UnknownHostException: kadaster
[1.83:16] check-known-dataset-record.feature:79 - feature call (loop) failed: classpath:InspireTest/ngr/datasetrecords/def/checkxlinkurl.template.feature
caller: classpath:InspireTest/ngr/datasetrecords/check-known-dataset-record.feature
items: [{link=}]
errors:
-------
feature call (loop) failed at index: 0
caller: classpath:InspireTest/ngr/datasetrecords/def/checkxlinkurl.template.feature
arg: {"link":""}
checkxlinkurl.template.feature:14 - 
org.apache.http.client.ClientProtocolException
[1.84:16] check-known-dataset-record.feature:79 - feature call (loop) failed: classpath:InspireTest/ngr/datasetrecords/def/checkxlinkurl.template.feature
caller: classpath:InspireTest/ngr/datasetrecords/check-known-dataset-record.feature
items: [{link=https://data.rivm.nl/inspire/id#a3b9f437-f571-4a00-b3c3-58e4354c244f}]
errors:
-------
feature call (loop) failed at index: 0
caller: classpath:InspireTest/ngr/datasetrecords/def/checkxlinkurl.template.feature
arg: {"link":"https://data.rivm.nl/inspire/id#a3b9f437-f571-4a00-b3c3-58e4354c244f"}
checkxlinkurl.template.feature:14 - 
javax.net.ssl.SSLException: Connection reset
[1.85:16] check-known-dataset-record.feature:79 - feature call (loop) failed: classpath:InspireTest/ngr/datasetrecords/def/checkxlinkurl.template.feature
caller: classpath:InspireTest/ngr/datasetrecords/check-known-dataset-record.feature
items: [{link=https://data.rivm.nl/inspire/id#a3095f95-0ec7-46ff-ae14-ce2173e8fafa}]
errors:
-------
feature call (loop) failed at index: 0
caller: classpath:InspireTest/ngr/datasetrecords/def/checkxlinkurl.template.feature
arg: {"link":"https://data.rivm.nl/inspire/id#a3095f95-0ec7-46ff-ae14-ce2173e8fafa"}
checkxlinkurl.template.feature:14 - 
javax.net.ssl.SSLException: Connection reset
[1.86:16] check-known-dataset-record.feature:79 - feature call (loop) failed: classpath:InspireTest/ngr/datasetrecords/def/checkxlinkurl.template.feature
caller: classpath:InspireTest/ngr/datasetrecords/check-known-dataset-record.feature
items: [{link=https://data.rivm.nl/inspire?id#505e9f1e-84bc-4856-9771-4295db998bb6}]
errors:
-------
feature call (loop) failed at index: 0
caller: classpath:InspireTest/ngr/datasetrecords/def/checkxlinkurl.template.feature
arg: {"link":"https://data.rivm.nl/inspire?id#505e9f1e-84bc-4856-9771-4295db998bb6"}
checkxlinkurl.template.feature:15 - status code was: 404, expected: 200, response time: 357, url: https://data.rivm.nl/inspire?id#505e9f1e-84bc-4856-9771-4295db998bb6, response: 
[1.87:16] check-known-dataset-record.feature:79 - feature call (loop) failed: classpath:InspireTest/ngr/datasetrecords/def/checkxlinkurl.template.feature
caller: classpath:InspireTest/ngr/datasetrecords/check-known-dataset-record.feature
items: [{link=https://data.rivm.nl/inspire/id#440c4a06-6924-4f9c-a9e2-6f61340f711b}]
errors:
-------
feature call (loop) failed at index: 0
caller: classpath:InspireTest/ngr/datasetrecords/def/checkxlinkurl.template.feature
arg: {"link":"https://data.rivm.nl/inspire/id#440c4a06-6924-4f9c-a9e2-6f61340f711b"}
checkxlinkurl.template.feature:14 - 
javax.net.ssl.SSLException: Connection reset
[1.88:16] check-known-dataset-record.feature:79 - feature call (loop) failed: classpath:InspireTest/ngr/datasetrecords/def/checkxlinkurl.template.feature
caller: classpath:InspireTest/ngr/datasetrecords/check-known-dataset-record.feature
items: [{link=https://data.rivm.nl/inspire/id#b867ba72-5a7c-41fe-b997-394b56dfbd25}]
errors:
-------
feature call (loop) failed at index: 0
caller: classpath:InspireTest/ngr/datasetrecords/def/checkxlinkurl.template.feature
arg: {"link":"https://data.rivm.nl/inspire/id#b867ba72-5a7c-41fe-b997-394b56dfbd25"}
checkxlinkurl.template.feature:14 - 
javax.net.ssl.SSLException: Connection reset
[1.89:16] check-known-dataset-record.feature:79 - feature call (loop) failed: classpath:InspireTest/ngr/datasetrecords/def/checkxlinkurl.template.feature
caller: classpath:InspireTest/ngr/datasetrecords/check-known-dataset-record.feature
items: [{link=https://data.rivm.nl/inspire/id#fd9c4f87-026e-4681-8d94-9702f3c83078}]
errors:
-------
feature call (loop) failed at index: 0
caller: classpath:InspireTest/ngr/datasetrecords/def/checkxlinkurl.template.feature
arg: {"link":"https://data.rivm.nl/inspire/id#fd9c4f87-026e-4681-8d94-9702f3c83078"}
checkxlinkurl.template.feature:14 - 
javax.net.ssl.SSLException: Connection reset
[1.90:16] check-known-dataset-record.feature:79 - feature call (loop) failed: classpath:InspireTest/ngr/datasetrecords/def/checkxlinkurl.template.feature
caller: classpath:InspireTest/ngr/datasetrecords/check-known-dataset-record.feature
items: [{link=u}, {link=r}, {link=n}, {link=:}, {link=o}, {link=g}, {link=c}, {link=:}, {link=d}, {link=e}, {link=f}, {link=:}, {link=c}, {link=r}, {link=s}, {link=:}, {link=E}, {link=P}, {link=S}, {link=G}, {link=:}, {link=:}, {link=5}, {link=6}, {link=2}, {link=1}]
errors:
-------
feature call (loop) failed at index: 0
caller: classpath:InspireTest/ngr/datasetrecords/def/checkxlinkurl.template.feature
arg: {"link":"u"}
checkxlinkurl.template.feature:14 - 
org.apache.http.client.ClientProtocolException
-------
feature call (loop) failed at index: 1
caller: classpath:InspireTest/ngr/datasetrecords/def/checkxlinkurl.template.feature
arg: {"link":"r"}
checkxlinkurl.template.feature:14 - 
org.apache.http.client.ClientProtocolException
-------
feature call (loop) failed at index: 2
caller: classpath:InspireTest/ngr/datasetrecords/def/checkxlinkurl.template.feature
arg: {"link":"n"}
checkxlinkurl.template.feature:14 - 
org.apache.http.client.ClientProtocolException
-------
feature call (loop) failed at index: 3
caller: classpath:InspireTest/ngr/datasetrecords/def/checkxlinkurl.template.feature
arg: {"link":":"}
checkxlinkurl.template.feature:14 - java.net.URISyntaxException: Expected scheme name at index 0: :
-------
feature call (loop) failed at index: 4
caller: classpath:InspireTest/ngr/datasetrecords/def/checkxlinkurl.template.feature
arg: {"link":"o"}
checkxlinkurl.template.feature:14 - 
org.apache.http.client.ClientProtocolException
-------
feature call (loop) failed at index: 5
caller: classpath:InspireTest/ngr/datasetrecords/def/checkxlinkurl.template.feature
arg: {"link":"g"}
checkxlinkurl.template.feature:14 - 
org.apache.http.client.ClientProtocolException
-------
feature call (loop) failed at index: 6
caller: classpath:InspireTest/ngr/datasetrecords/def/checkxlinkurl.template.feature
arg: {"link":"c"}
checkxlinkurl.template.feature:14 - 
org.apache.http.client.ClientProtocolException
-------
feature call (loop) failed at index: 7
caller: classpath:InspireTest/ngr/datasetrecords/def/checkxlinkurl.template.feature
arg: {"link":":"}
checkxlinkurl.template.feature:14 - java.net.URISyntaxException: Expected scheme name at index 0: :
-------
feature call (loop) failed at index: 8
caller: classpath:InspireTest/ngr/datasetrecords/def/checkxlinkurl.template.feature
arg: {"link":"d"}
checkxlinkurl.template.feature:14 - 
org.apache.http.client.ClientProtocolException
-------
feature call (loop) failed at index: 9
caller: classpath:InspireTest/ngr/datasetrecords/def/checkxlinkurl.template.feature
arg: {"link":"e"}
checkxlinkurl.template.feature:14 - 
org.apache.http.client.ClientProtocolException
-------
feature call (loop) failed at index: 10
caller: classpath:InspireTest/ngr/datasetrecords/def/checkxlinkurl.template.feature
arg: {"link":"f"}
checkxlinkurl.template.feature:14 - 
org.apache.http.client.ClientProtocolException
-------
feature call (loop) failed at index: 11
caller: classpath:InspireTest/ngr/datasetrecords/def/checkxlinkurl.template.feature
arg: {"link":":"}
checkxlinkurl.template.feature:14 - java.net.URISyntaxException: Expected scheme name at index 0: :
-------
feature call (loop) failed at index: 12
caller: classpath:InspireTest/ngr/datasetrecords/def/checkxlinkurl.template.feature
arg: {"link":"c"}
checkxlinkurl.template.feature:14 - 
org.apache.http.client.ClientProtocolException
-------
feature call (loop) failed at index: 13
caller: classpath:InspireTest/ngr/datasetrecords/def/checkxlinkurl.template.feature
arg: {"link":"r"}
checkxlinkurl.template.feature:14 - 
org.apache.http.client.ClientProtocolException
-------
feature call (loop) failed at index: 14
caller: classpath:InspireTest/ngr/datasetrecords/def/checkxlinkurl.template.feature
arg: {"link":"s"}
checkxlinkurl.template.feature:14 - 
org.apache.http.client.ClientProtocolException
-------
feature call (loop) failed at index: 15
caller: classpath:InspireTest/ngr/datasetrecords/def/checkxlinkurl.template.feature
arg: {"link":":"}
checkxlinkurl.template.feature:14 - java.net.URISyntaxException: Expected scheme name at index 0: :
-------
feature call (loop) failed at index: 16
caller: classpath:InspireTest/ngr/datasetrecords/def/checkxlinkurl.template.feature
arg: {"link":"E"}
checkxlinkurl.template.feature:14 - 
org.apache.http.client.ClientProtocolException
-------
feature call (loop) failed at index: 17
caller: classpath:InspireTest/ngr/datasetrecords/def/checkxlinkurl.template.feature
arg: {"link":"P"}
checkxlinkurl.template.feature:14 - 
org.apache.http.client.ClientProtocolException
-------
feature call (loop) failed at index: 18
caller: classpath:InspireTest/ngr/datasetrecords/def/checkxlinkurl.template.feature
arg: {"link":"S"}
checkxlinkurl.template.feature:14 - 
org.apache.http.client.ClientProtocolException
-------
feature call (loop) failed at index: 19
caller: classpath:InspireTest/ngr/datasetrecords/def/checkxlinkurl.template.feature
arg: {"link":"G"}
checkxlinkurl.template.feature:14 - 
org.apache.http.client.ClientProtocolException
-------
feature call (loop) failed at index: 20
caller: classpath:InspireTest/ngr/datasetrecords/def/checkxlinkurl.template.feature
arg: {"link":":"}
checkxlinkurl.template.feature:14 - java.net.URISyntaxException: Expected scheme name at index 0: :
-------
feature call (loop) failed at index: 21
caller: classpath:InspireTest/ngr/datasetrecords/def/checkxlinkurl.template.feature
arg: {"link":":"}
checkxlinkurl.template.feature:14 - java.net.URISyntaxException: Expected scheme name at index 0: :
-------
feature call (loop) failed at index: 22
caller: classpath:InspireTest/ngr/datasetrecords/def/checkxlinkurl.template.feature
arg: {"link":"5"}
checkxlinkurl.template.feature:14 - 
org.apache.http.client.ClientProtocolException
-------
feature call (loop) failed at index: 23
caller: classpath:InspireTest/ngr/datasetrecords/def/checkxlinkurl.template.feature
arg: {"link":"6"}
checkxlinkurl.template.feature:14 - 
org.apache.http.client.ClientProtocolException
-------
feature call (loop) failed at index: 24
caller: classpath:InspireTest/ngr/datasetrecords/def/checkxlinkurl.template.feature
arg: {"link":"2"}
checkxlinkurl.template.feature:14 - 
org.apache.http.client.ClientProtocolException
-------
feature call (loop) failed at index: 25
caller: classpath:InspireTest/ngr/datasetrecords/def/checkxlinkurl.template.feature
arg: {"link":"1"}
checkxlinkurl.template.feature:14 - 
org.apache.http.client.ClientProtocolException
[1.91:16] check-known-dataset-record.feature:79 - feature call (loop) failed: classpath:InspireTest/ngr/datasetrecords/def/checkxlinkurl.template.feature
caller: classpath:InspireTest/ngr/datasetrecords/check-known-dataset-record.feature
items: [{link=https://data.rivm.nl/inspire/id#4504a4b2-3179-44b3-a5a9-b67b693c514d}]
errors:
-------
feature call (loop) failed at index: 0
caller: classpath:InspireTest/ngr/datasetrecords/def/checkxlinkurl.template.feature
arg: {"link":"https://data.rivm.nl/inspire/id#4504a4b2-3179-44b3-a5a9-b67b693c514d"}
checkxlinkurl.template.feature:14 - 
javax.net.ssl.SSLException: Connection reset
[1.92:16] check-known-dataset-record.feature:79 - feature call (loop) failed: classpath:InspireTest/ngr/datasetrecords/def/checkxlinkurl.template.feature
caller: classpath:InspireTest/ngr/datasetrecords/check-known-dataset-record.feature
items: [{link=http://kadaster/06b6c650-cdb1-11dd-ad8b-0800200c9a81}]
errors:
-------
feature call (loop) failed at index: 0
caller: classpath:InspireTest/ngr/datasetrecords/def/checkxlinkurl.template.feature
arg: {"link":"http://kadaster/06b6c650-cdb1-11dd-ad8b-0800200c9a81"}
checkxlinkurl.template.feature:14 - 
java.net.UnknownHostException: kadaster
[1.93:16] check-known-dataset-record.feature:79 - feature call (loop) failed: classpath:InspireTest/ngr/datasetrecords/def/checkxlinkurl.template.feature
caller: classpath:InspireTest/ngr/datasetrecords/check-known-dataset-record.feature
items: [{link=http://kadaster/2482250f-3b00-4439-9f93-f3118229b023}, {link=}, {link=}, {link=}]
errors:
-------
feature call (loop) failed at index: 0
caller: classpath:InspireTest/ngr/datasetrecords/def/checkxlinkurl.template.feature
arg: {"link":"http://kadaster/2482250f-3b00-4439-9f93-f3118229b023"}
checkxlinkurl.template.feature:14 - 
java.net.UnknownHostException: kadaster
-------
feature call (loop) failed at index: 1
caller: classpath:InspireTest/ngr/datasetrecords/def/checkxlinkurl.template.feature
arg: {"link":""}
checkxlinkurl.template.feature:14 - 
org.apache.http.client.ClientProtocolException
-------
feature call (loop) failed at index: 2
caller: classpath:InspireTest/ngr/datasetrecords/def/checkxlinkurl.template.feature
arg: {"link":""}
checkxlinkurl.template.feature:14 - 
org.apache.http.client.ClientProtocolException
-------
feature call (loop) failed at index: 3
caller: classpath:InspireTest/ngr/datasetrecords/def/checkxlinkurl.template.feature
arg: {"link":""}
checkxlinkurl.template.feature:14 - 
org.apache.http.client.ClientProtocolException
[1.94:16] check-known-dataset-record.feature:79 - feature call (loop) failed: classpath:InspireTest/ngr/datasetrecords/def/checkxlinkurl.template.feature
caller: classpath:InspireTest/ngr/datasetrecords/check-known-dataset-record.feature
items: [{link=https://nationaalgeoregister.nl/geonetwork/srv/resourcese26eb6c9-c441-43e8-8db6-aabbf11578fd}, {link=http://rdfdata.eionet.europa.eu/inspirethemes/themes/16}, {link=http://geonetwork-opensource.org/inspire-theme#}, {link=https://www.nationaalgeoregister.nl/geonetwork/srv/eng/thesaurus.download?ref=external.theme.inspire-theme}]
errors:
-------
feature call (loop) failed at index: 0
caller: classpath:InspireTest/ngr/datasetrecords/def/checkxlinkurl.template.feature
arg: {"link":"https://nationaalgeoregister.nl/geonetwork/srv/resourcese26eb6c9-c441-43e8-8db6-aabbf11578fd"}
checkxlinkurl.template.feature:15 - status code was: 404, expected: 200, response time: 282, url: https://nationaalgeoregister.nl/geonetwork/srv/resourcese26eb6c9-c441-43e8-8db6-aabbf11578fd, response: 
-------
feature call (loop) failed at index: 1
caller: classpath:InspireTest/ngr/datasetrecords/def/checkxlinkurl.template.feature
arg: {"link":"http://rdfdata.eionet.europa.eu/inspirethemes/themes/16"}
checkxlinkurl.template.feature:15 - status code was: 404, expected: 200, response time: 225, url: http://rdfdata.eionet.europa.eu/inspirethemes/themes/16, response: 
-------
feature call (loop) failed at index: 2
caller: classpath:InspireTest/ngr/datasetrecords/def/checkxlinkurl.template.feature
arg: {"link":"http://geonetwork-opensource.org/inspire-theme#"}
checkxlinkurl.template.feature:15 - status code was: 404, expected: 200, response time: 399, url: http://geonetwork-opensource.org/inspire-theme#, response: 
-------
feature call (loop) failed at index: 3
caller: classpath:InspireTest/ngr/datasetrecords/def/checkxlinkurl.template.feature
arg: {"link":"https://www.nationaalgeoregister.nl/geonetwork/srv/eng/thesaurus.download?ref=external.theme.inspire-theme"}
checkxlinkurl.template.feature:15 - status code was: 500, expected: 200, response time: 316, url: https://www.nationaalgeoregister.nl/geonetwork/srv/eng/thesaurus.download?ref=external.theme.inspire-theme, response: 
[1.95:16] check-known-dataset-record.feature:79 - feature call (loop) failed: classpath:InspireTest/ngr/datasetrecords/def/checkxlinkurl.template.feature
caller: classpath:InspireTest/ngr/datasetrecords/check-known-dataset-record.feature
items: [{link=https://ngr.acceptatie.nationaalgeoregister.nl/geonetwork/srv/resources9d973c4a-ef03-4785-b7f6-942e86b385f7}, {link=www.hydro.nl}, {link=https://www.nationaalgeoregister.nl/geonetwork/srv/eng/thesaurus.download?ref=external.theme.inspire-theme}]
errors:
-------
feature call (loop) failed at index: 0
caller: classpath:InspireTest/ngr/datasetrecords/def/checkxlinkurl.template.feature
arg: {"link":"https://ngr.acceptatie.nationaalgeoregister.nl/geonetwork/srv/resources9d973c4a-ef03-4785-b7f6-942e86b385f7"}
checkxlinkurl.template.feature:15 - status code was: 404, expected: 200, response time: 283, url: https://ngr.acceptatie.nationaalgeoregister.nl/geonetwork/srv/resources9d973c4a-ef03-4785-b7f6-942e86b385f7, response: 
-------
feature call (loop) failed at index: 1
caller: classpath:InspireTest/ngr/datasetrecords/def/checkxlinkurl.template.feature
arg: {"link":"www.hydro.nl"}
checkxlinkurl.template.feature:14 - 
org.apache.http.client.ClientProtocolException
-------
feature call (loop) failed at index: 2
caller: classpath:InspireTest/ngr/datasetrecords/def/checkxlinkurl.template.feature
arg: {"link":"https://www.nationaalgeoregister.nl/geonetwork/srv/eng/thesaurus.download?ref=external.theme.inspire-theme"}
checkxlinkurl.template.feature:15 - status code was: 500, expected: 200, response time: 324, url: https://www.nationaalgeoregister.nl/geonetwork/srv/eng/thesaurus.download?ref=external.theme.inspire-theme, response: 
[1.96:16] check-known-dataset-record.feature:79 - feature call (loop) failed: classpath:InspireTest/ngr/datasetrecords/def/checkxlinkurl.template.feature
caller: classpath:InspireTest/ngr/datasetrecords/check-known-dataset-record.feature
items: [{link=https://monumentenregister.cultureelerfgoed.nl/sites/default/files/MRS/mrs-inspire.zip}]
errors:
-------
feature call (loop) failed at index: 0
caller: classpath:InspireTest/ngr/datasetrecords/def/checkxlinkurl.template.feature
arg: {"link":"https://monumentenregister.cultureelerfgoed.nl/sites/default/files/MRS/mrs-inspire.zip"}
checkxlinkurl.template.feature:15 - status code was: 404, expected: 200, response time: 752, url: https://monumentenregister.cultureelerfgoed.nl/sites/default/files/MRS/mrs-inspire.zip, response: 
[1.97:16] check-known-dataset-record.feature:79 - feature call (loop) failed: classpath:InspireTest/ngr/datasetrecords/def/checkxlinkurl.template.feature
caller: classpath:InspireTest/ngr/datasetrecords/check-known-dataset-record.feature
items: [{link=http://www.opengis.net/def/crs/EPSG/0/https://www.opengis.net/def/crs/EPSG/0/4258}, {link=https://www.nationaalgeoregister.nl/geonetwork/srv/api/recordsf1d27179-36eb-4376-8048-f51d2eb23a09}]
errors:
-------
feature call (loop) failed at index: 1
caller: classpath:InspireTest/ngr/datasetrecords/def/checkxlinkurl.template.feature
arg: {"link":"https://www.nationaalgeoregister.nl/geonetwork/srv/api/recordsf1d27179-36eb-4376-8048-f51d2eb23a09"}
checkxlinkurl.template.feature:15 - status code was: 500, expected: 200, response time: 309, url: https://www.nationaalgeoregister.nl/geonetwork/srv/api/recordsf1d27179-36eb-4376-8048-f51d2eb23a09, response: 
[1.99:16] check-known-dataset-record.feature:79 - feature call (loop) failed: classpath:InspireTest/ngr/datasetrecords/def/checkxlinkurl.template.feature
caller: classpath:InspireTest/ngr/datasetrecords/check-known-dataset-record.feature
items: [{link=https://www.nationaalgeoregister.nl/geonetwork/srv/dut/catalog.search#/metadata/50eef6be-619d-4e16-9b92-48971109b636}, {link=http://rdfdata.eionet.europa.eu/inspirethemes/themes/18}, {link=http://inspire.ec.europa.eu/metadata-codelist/PriorityDataset/MajorRoadsNoiseExposureDelineationNight-dir-2002-49}, {link=https://ngr.geocat.live/geonetwork/srv/eng/thesaurus.download?ref=external.theme.httpinspireeceuropaeumetadatacodelistPrioritydataset-Prioritydataset}, {link=urn:ogc:def:crs:EPSG::5709}]
errors:
-------
feature call (loop) failed at index: 1
caller: classpath:InspireTest/ngr/datasetrecords/def/checkxlinkurl.template.feature
arg: {"link":"http://rdfdata.eionet.europa.eu/inspirethemes/themes/18"}
checkxlinkurl.template.feature:15 - status code was: 404, expected: 200, response time: 238, url: http://rdfdata.eionet.europa.eu/inspirethemes/themes/18, response: 
-------
feature call (loop) failed at index: 3
caller: classpath:InspireTest/ngr/datasetrecords/def/checkxlinkurl.template.feature
arg: {"link":"https://ngr.geocat.live/geonetwork/srv/eng/thesaurus.download?ref=external.theme.httpinspireeceuropaeumetadatacodelistPrioritydataset-Prioritydataset"}
checkxlinkurl.template.feature:15 - status code was: 500, expected: 200, response time: 309, url: https://ngr.geocat.live/geonetwork/srv/eng/thesaurus.download?ref=external.theme.httpinspireeceuropaeumetadatacodelistPrioritydataset-Prioritydataset, response: 
-------
feature call (loop) failed at index: 4
caller: classpath:InspireTest/ngr/datasetrecords/def/checkxlinkurl.template.feature
arg: {"link":"urn:ogc:def:crs:EPSG::5709"}
checkxlinkurl.template.feature:14 - 
org.apache.http.client.ClientProtocolException: URI does not specify a valid host name: urn:ogc:def:crs:EPSG::5709
[1.100:16] check-known-dataset-record.feature:79 - feature call (loop) failed: classpath:InspireTest/ngr/datasetrecords/def/checkxlinkurl.template.feature
caller: classpath:InspireTest/ngr/datasetrecords/check-known-dataset-record.feature
items: [{link=http://kadaster/2482250f-3b00-4439-9f93-f3118229b018}, {link=}, {link=}, {link=}]
errors:
-------
feature call (loop) failed at index: 0
caller: classpath:InspireTest/ngr/datasetrecords/def/checkxlinkurl.template.feature
arg: {"link":"http://kadaster/2482250f-3b00-4439-9f93-f3118229b018"}
checkxlinkurl.template.feature:14 - 
java.net.UnknownHostException: kadaster
-------
feature call (loop) failed at index: 1
caller: classpath:InspireTest/ngr/datasetrecords/def/checkxlinkurl.template.feature
arg: {"link":""}
checkxlinkurl.template.feature:14 - 
org.apache.http.client.ClientProtocolException
-------
feature call (loop) failed at index: 2
caller: classpath:InspireTest/ngr/datasetrecords/def/checkxlinkurl.template.feature
arg: {"link":""}
checkxlinkurl.template.feature:14 - 
org.apache.http.client.ClientProtocolException
-------
feature call (loop) failed at index: 3
caller: classpath:InspireTest/ngr/datasetrecords/def/checkxlinkurl.template.feature
arg: {"link":""}
checkxlinkurl.template.feature:14 - 
org.apache.http.client.ClientProtocolException
[1.101:16] check-known-dataset-record.feature:79 - feature call (loop) failed: classpath:InspireTest/ngr/datasetrecords/def/checkxlinkurl.template.feature
caller: classpath:InspireTest/ngr/datasetrecords/check-known-dataset-record.feature
items: [{link=http://www.opengis.net/def/crs/EPSG/0/https://www.opengis.net/def/crs/EPSG/0/4258}, {link=https://www.nationaalgeoregister.nl/geonetwork/srv/api/recordsf44dac86-2228-412f-8355-e56446ca9933}, {link=www.hydro.nl}]
errors:
-------
feature call (loop) failed at index: 1
caller: classpath:InspireTest/ngr/datasetrecords/def/checkxlinkurl.template.feature
arg: {"link":"https://www.nationaalgeoregister.nl/geonetwork/srv/api/recordsf44dac86-2228-412f-8355-e56446ca9933"}
checkxlinkurl.template.feature:15 - status code was: 500, expected: 200, response time: 333, url: https://www.nationaalgeoregister.nl/geonetwork/srv/api/recordsf44dac86-2228-412f-8355-e56446ca9933, response: 
-------
feature call (loop) failed at index: 2
caller: classpath:InspireTest/ngr/datasetrecords/def/checkxlinkurl.template.feature
arg: {"link":"www.hydro.nl"}
checkxlinkurl.template.feature:14 - 
org.apache.http.client.ClientProtocolException
[1.102:16] check-known-dataset-record.feature:79 - feature call (loop) failed: classpath:InspireTest/ngr/datasetrecords/def/checkxlinkurl.template.feature
caller: classpath:InspireTest/ngr/datasetrecords/check-known-dataset-record.feature
items: [{link=https://data.rivm.nl/inspire/id#6e6bf543-e1e3-468d-afae-e88618ad9a65}]
errors:
-------
feature call (loop) failed at index: 0
caller: classpath:InspireTest/ngr/datasetrecords/def/checkxlinkurl.template.feature
arg: {"link":"https://data.rivm.nl/inspire/id#6e6bf543-e1e3-468d-afae-e88618ad9a65"}
checkxlinkurl.template.feature:14 - 
javax.net.ssl.SSLException: Connection reset
[1.103:16] check-known-dataset-record.feature:79 - feature call (loop) failed: classpath:InspireTest/ngr/datasetrecords/def/checkxlinkurl.template.feature
caller: classpath:InspireTest/ngr/datasetrecords/check-known-dataset-record.feature
items: [{link=h}, {link=t}, {link=t}, {link=p}, {link=s}, {link=:}, {link=/}, {link=/}, {link=w}, {link=w}, {link=w}, {link=.}, {link=n}, {link=a}, {link=t}, {link=i}, {link=o}, {link=n}, {link=a}, {link=a}, {link=l}, {link=g}, {link=e}, {link=o}, {link=r}, {link=e}, {link=g}, {link=i}, {link=s}, {link=t}, {link=e}, {link=r}, {link=.}, {link=n}, {link=l}, {link=:}, {link=4}, {link=4}, {link=3}, {link=/}, {link=g}, {link=e}, {link=o}, {link=n}, {link=e}, {link=t}, {link=w}, {link=o}, {link=r}, {link=k}, {link=/}, {link=s}, {link=r}, {link=v}, {link=/}, {link=e}, {link=n}, {link=g}, {link=/}, {link=t}, {link=h}, {link=e}, {link=s}, {link=a}, {link=u}, {link=r}, {link=u}, {link=s}, {link=.}, {link=d}, {link=o}, {link=w}, {link=n}, {link=l}, {link=o}, {link=a}, {link=d}, {link=?}, {link=r}, {link=e}, {link=f}, {link==}, {link=e}, {link=x}, {link=t}, {link=e}, {link=r}, {link=n}, {link=a}, {link=l}, {link=.}, {link=t}, {link=h}, {link=e}, {link=m}, {link=e}, {link=.}, {link=h}, {link=t}, {link=t}, {link=p}, {link=i}, {link=n}, {link=s}, {link=p}, {link=i}, {link=r}, {link=e}, {link=e}, {link=c}, {link=e}, {link=u}, {link=r}, {link=o}, {link=p}, {link=a}, {link=e}, {link=u}, {link=t}, {link=h}, {link=e}, {link=m}, {link=e}, {link=-}, {link=t}, {link=h}, {link=e}, {link=m}, {link=e}]
errors:
-------
feature call (loop) failed at index: 0
caller: classpath:InspireTest/ngr/datasetrecords/def/checkxlinkurl.template.feature
arg: {"link":"h"}
checkxlinkurl.template.feature:14 - 
org.apache.http.client.ClientProtocolException
-------
feature call (loop) failed at index: 1
caller: classpath:InspireTest/ngr/datasetrecords/def/checkxlinkurl.template.feature
arg: {"link":"t"}
checkxlinkurl.template.feature:14 - 
org.apache.http.client.ClientProtocolException
-------
feature call (loop) failed at index: 2
caller: classpath:InspireTest/ngr/datasetrecords/def/checkxlinkurl.template.feature
arg: {"link":"t"}
checkxlinkurl.template.feature:14 - 
org.apache.http.client.ClientProtocolException
-------
feature call (loop) failed at index: 3
caller: classpath:InspireTest/ngr/datasetrecords/def/checkxlinkurl.template.feature
arg: {"link":"p"}
checkxlinkurl.template.feature:14 - 
org.apache.http.client.ClientProtocolException
-------
feature call (loop) failed at index: 4
caller: classpath:InspireTest/ngr/datasetrecords/def/checkxlinkurl.template.feature
arg: {"link":"s"}
checkxlinkurl.template.feature:14 - 
org.apache.http.client.ClientProtocolException
-------
feature call (loop) failed at index: 5
caller: classpath:InspireTest/ngr/datasetrecords/def/checkxlinkurl.template.feature
arg: {"link":":"}
checkxlinkurl.template.feature:14 - java.net.URISyntaxException: Expected scheme name at index 0: :
-------
feature call (loop) failed at index: 6
caller: classpath:InspireTest/ngr/datasetrecords/def/checkxlinkurl.template.feature
arg: {"link":"/"}
checkxlinkurl.template.feature:14 - 
org.apache.http.client.ClientProtocolException
-------
feature call (loop) failed at index: 7
caller: classpath:InspireTest/ngr/datasetrecords/def/checkxlinkurl.template.feature
arg: {"link":"/"}
checkxlinkurl.template.feature:14 - 
org.apache.http.client.ClientProtocolException
-------
feature call (loop) failed at index: 8
caller: classpath:InspireTest/ngr/datasetrecords/def/checkxlinkurl.template.feature
arg: {"link":"w"}
checkxlinkurl.template.feature:14 - 
org.apache.http.client.ClientProtocolException
-------
feature call (loop) failed at index: 9
caller: classpath:InspireTest/ngr/datasetrecords/def/checkxlinkurl.template.feature
arg: {"link":"w"}
checkxlinkurl.template.feature:14 - 
org.apache.http.client.ClientProtocolException
-------
feature call (loop) failed at index: 10
caller: classpath:InspireTest/ngr/datasetrecords/def/checkxlinkurl.template.feature
arg: {"link":"w"}
checkxlinkurl.template.feature:14 - 
org.apache.http.client.ClientProtocolException
-------
feature call (loop) failed at index: 11
caller: classpath:InspireTest/ngr/datasetrecords/def/checkxlinkurl.template.feature
arg: {"link":"."}
checkxlinkurl.template.feature:14 - 
org.apache.http.client.ClientProtocolException
-------
feature call (loop) failed at index: 12
caller: classpath:InspireTest/ngr/datasetrecords/def/checkxlinkurl.template.feature
arg: {"link":"n"}
checkxlinkurl.template.feature:14 - 
org.apache.http.client.ClientProtocolException
-------
feature call (loop) failed at index: 13
caller: classpath:InspireTest/ngr/datasetrecords/def/checkxlinkurl.template.feature
arg: {"link":"a"}
checkxlinkurl.template.feature:14 - 
org.apache.http.client.ClientProtocolException
-------
feature call (loop) failed at index: 14
caller: classpath:InspireTest/ngr/datasetrecords/def/checkxlinkurl.template.feature
arg: {"link":"t"}
checkxlinkurl.template.feature:14 - 
org.apache.http.client.ClientProtocolException
-------
feature call (loop) failed at index: 15
caller: classpath:InspireTest/ngr/datasetrecords/def/checkxlinkurl.template.feature
arg: {"link":"i"}
checkxlinkurl.template.feature:14 - 
org.apache.http.client.ClientProtocolException
-------
feature call (loop) failed at index: 16
caller: classpath:InspireTest/ngr/datasetrecords/def/checkxlinkurl.template.feature
arg: {"link":"o"}
checkxlinkurl.template.feature:14 - 
org.apache.http.client.ClientProtocolException
-------
feature call (loop) failed at index: 17
caller: classpath:InspireTest/ngr/datasetrecords/def/checkxlinkurl.template.feature
arg: {"link":"n"}
checkxlinkurl.template.feature:14 - 
org.apache.http.client.ClientProtocolException
-------
feature call (loop) failed at index: 18
caller: classpath:InspireTest/ngr/datasetrecords/def/checkxlinkurl.template.feature
arg: {"link":"a"}
checkxlinkurl.template.feature:14 - 
org.apache.http.client.ClientProtocolException
-------
feature call (loop) failed at index: 19
caller: classpath:InspireTest/ngr/datasetrecords/def/checkxlinkurl.template.feature
arg: {"link":"a"}
checkxlinkurl.template.feature:14 - 
org.apache.http.client.ClientProtocolException
-------
feature call (loop) failed at index: 20
caller: classpath:InspireTest/ngr/datasetrecords/def/checkxlinkurl.template.feature
arg: {"link":"l"}
checkxlinkurl.template.feature:14 - 
org.apache.http.client.ClientProtocolException
-------
feature call (loop) failed at index: 21
caller: classpath:InspireTest/ngr/datasetrecords/def/checkxlinkurl.template.feature
arg: {"link":"g"}
checkxlinkurl.template.feature:14 - 
org.apache.http.client.ClientProtocolException
-------
feature call (loop) failed at index: 22
caller: classpath:InspireTest/ngr/datasetrecords/def/checkxlinkurl.template.feature
arg: {"link":"e"}
checkxlinkurl.template.feature:14 - 
org.apache.http.client.ClientProtocolException
-------
feature call (loop) failed at index: 23
caller: classpath:InspireTest/ngr/datasetrecords/def/checkxlinkurl.template.feature
arg: {"link":"o"}
checkxlinkurl.template.feature:14 - 
org.apache.http.client.ClientProtocolException
-------
feature call (loop) failed at index: 24
caller: classpath:InspireTest/ngr/datasetrecords/def/checkxlinkurl.template.feature
arg: {"link":"r"}
checkxlinkurl.template.feature:14 - 
org.apache.http.client.ClientProtocolException
-------
feature call (loop) failed at index: 25
caller: classpath:InspireTest/ngr/datasetrecords/def/checkxlinkurl.template.feature
arg: {"link":"e"}
checkxlinkurl.template.feature:14 - 
org.apache.http.client.ClientProtocolException
-------
feature call (loop) failed at index: 26
caller: classpath:InspireTest/ngr/datasetrecords/def/checkxlinkurl.template.feature
arg: {"link":"g"}
checkxlinkurl.template.feature:14 - 
org.apache.http.client.ClientProtocolException
-------
feature call (loop) failed at index: 27
caller: classpath:InspireTest/ngr/datasetrecords/def/checkxlinkurl.template.feature
arg: {"link":"i"}
checkxlinkurl.template.feature:14 - 
org.apache.http.client.ClientProtocolException
-------
feature call (loop) failed at index: 28
caller: classpath:InspireTest/ngr/datasetrecords/def/checkxlinkurl.template.feature
arg: {"link":"s"}
checkxlinkurl.template.feature:14 - 
org.apache.http.client.ClientProtocolException
-------
feature call (loop) failed at index: 29
caller: classpath:InspireTest/ngr/datasetrecords/def/checkxlinkurl.template.feature
arg: {"link":"t"}
checkxlinkurl.template.feature:14 - 
org.apache.http.client.ClientProtocolException
-------
feature call (loop) failed at index: 30
caller: classpath:InspireTest/ngr/datasetrecords/def/checkxlinkurl.template.feature
arg: {"link":"e"}
checkxlinkurl.template.feature:14 - 
org.apache.http.client.ClientProtocolException
-------
feature call (loop) failed at index: 31
caller: classpath:InspireTest/ngr/datasetrecords/def/checkxlinkurl.template.feature
arg: {"link":"r"}
checkxlinkurl.template.feature:14 - 
org.apache.http.client.ClientProtocolException
-------
feature call (loop) failed at index: 32
caller: classpath:InspireTest/ngr/datasetrecords/def/checkxlinkurl.template.feature
arg: {"link":"."}
checkxlinkurl.template.feature:14 - 
org.apache.http.client.ClientProtocolException
-------
feature call (loop) failed at index: 33
caller: classpath:InspireTest/ngr/datasetrecords/def/checkxlinkurl.template.feature
arg: {"link":"n"}
checkxlinkurl.template.feature:14 - 
org.apache.http.client.ClientProtocolException
-------
feature call (loop) failed at index: 34
caller: classpath:InspireTest/ngr/datasetrecords/def/checkxlinkurl.template.feature
arg: {"link":"l"}
checkxlinkurl.template.feature:14 - 
org.apache.http.client.ClientProtocolException
-------
feature call (loop) failed at index: 35
caller: classpath:InspireTest/ngr/datasetrecords/def/checkxlinkurl.template.feature
arg: {"link":":"}
checkxlinkurl.template.feature:14 - java.net.URISyntaxException: Expected scheme name at index 0: :
-------
feature call (loop) failed at index: 36
caller: classpath:InspireTest/ngr/datasetrecords/def/checkxlinkurl.template.feature
arg: {"link":"4"}
checkxlinkurl.template.feature:14 - 
org.apache.http.client.ClientProtocolException
-------
feature call (loop) failed at index: 37
caller: classpath:InspireTest/ngr/datasetrecords/def/checkxlinkurl.template.feature
arg: {"link":"4"}
checkxlinkurl.template.feature:14 - 
org.apache.http.client.ClientProtocolException
-------
feature call (loop) failed at index: 38
caller: classpath:InspireTest/ngr/datasetrecords/def/checkxlinkurl.template.feature
arg: {"link":"3"}
checkxlinkurl.template.feature:14 - 
org.apache.http.client.ClientProtocolException
-------
feature call (loop) failed at index: 39
caller: classpath:InspireTest/ngr/datasetrecords/def/checkxlinkurl.template.feature
arg: {"link":"/"}
checkxlinkurl.template.feature:14 - 
org.apache.http.client.ClientProtocolException
-------
feature call (loop) failed at index: 40
caller: classpath:InspireTest/ngr/datasetrecords/def/checkxlinkurl.template.feature
arg: {"link":"g"}
checkxlinkurl.template.feature:14 - 
org.apache.http.client.ClientProtocolException
-------
feature call (loop) failed at index: 41
caller: classpath:InspireTest/ngr/datasetrecords/def/checkxlinkurl.template.feature
arg: {"link":"e"}
checkxlinkurl.template.feature:14 - 
org.apache.http.client.ClientProtocolException
-------
feature call (loop) failed at index: 42
caller: classpath:InspireTest/ngr/datasetrecords/def/checkxlinkurl.template.feature
arg: {"link":"o"}
checkxlinkurl.template.feature:14 - 
org.apache.http.client.ClientProtocolException
-------
feature call (loop) failed at index: 43
caller: classpath:InspireTest/ngr/datasetrecords/def/checkxlinkurl.template.feature
arg: {"link":"n"}
checkxlinkurl.template.feature:14 - 
org.apache.http.client.ClientProtocolException
-------
feature call (loop) failed at index: 44
caller: classpath:InspireTest/ngr/datasetrecords/def/checkxlinkurl.template.feature
arg: {"link":"e"}
checkxlinkurl.template.feature:14 - 
org.apache.http.client.ClientProtocolException
-------
feature call (loop) failed at index: 45
caller: classpath:InspireTest/ngr/datasetrecords/def/checkxlinkurl.template.feature
arg: {"link":"t"}
checkxlinkurl.template.feature:14 - 
org.apache.http.client.ClientProtocolException
-------
feature call (loop) failed at index: 46
caller: classpath:InspireTest/ngr/datasetrecords/def/checkxlinkurl.template.feature
arg: {"link":"w"}
checkxlinkurl.template.feature:14 - 
org.apache.http.client.ClientProtocolException
-------
feature call (loop) failed at index: 47
caller: classpath:InspireTest/ngr/datasetrecords/def/checkxlinkurl.template.feature
arg: {"link":"o"}
checkxlinkurl.template.feature:14 - 
org.apache.http.client.ClientProtocolException
-------
feature call (loop) failed at index: 48
caller: classpath:InspireTest/ngr/datasetrecords/def/checkxlinkurl.template.feature
arg: {"link":"r"}
checkxlinkurl.template.feature:14 - 
org.apache.http.client.ClientProtocolException
-------
feature call (loop) failed at index: 49
caller: classpath:InspireTest/ngr/datasetrecords/def/checkxlinkurl.template.feature
arg: {"link":"k"}
checkxlinkurl.template.feature:14 - 
org.apache.http.client.ClientProtocolException
-------
feature call (loop) failed at index: 50
caller: classpath:InspireTest/ngr/datasetrecords/def/checkxlinkurl.template.feature
arg: {"link":"/"}
checkxlinkurl.template.feature:14 - 
org.apache.http.client.ClientProtocolException
-------
feature call (loop) failed at index: 51
caller: classpath:InspireTest/ngr/datasetrecords/def/checkxlinkurl.template.feature
arg: {"link":"s"}
checkxlinkurl.template.feature:14 - 
org.apache.http.client.ClientProtocolException
-------
feature call (loop) failed at index: 52
caller: classpath:InspireTest/ngr/datasetrecords/def/checkxlinkurl.template.feature
arg: {"link":"r"}
checkxlinkurl.template.feature:14 - 
org.apache.http.client.ClientProtocolException
-------
feature call (loop) failed at index: 53
caller: classpath:InspireTest/ngr/datasetrecords/def/checkxlinkurl.template.feature
arg: {"link":"v"}
checkxlinkurl.template.feature:14 - 
org.apache.http.client.ClientProtocolException
-------
feature call (loop) failed at index: 54
caller: classpath:InspireTest/ngr/datasetrecords/def/checkxlinkurl.template.feature
arg: {"link":"/"}
checkxlinkurl.template.feature:14 - 
org.apache.http.client.ClientProtocolException
-------
feature call (loop) failed at index: 55
caller: classpath:InspireTest/ngr/datasetrecords/def/checkxlinkurl.template.feature
arg: {"link":"e"}
checkxlinkurl.template.feature:14 - 
org.apache.http.client.ClientProtocolException
-------
feature call (loop) failed at index: 56
caller: classpath:InspireTest/ngr/datasetrecords/def/checkxlinkurl.template.feature
arg: {"link":"n"}
checkxlinkurl.template.feature:14 - 
org.apache.http.client.ClientProtocolException
-------
feature call (loop) failed at index: 57
caller: classpath:InspireTest/ngr/datasetrecords/def/checkxlinkurl.template.feature
arg: {"link":"g"}
checkxlinkurl.template.feature:14 - 
org.apache.http.client.ClientProtocolException
-------
feature call (loop) failed at index: 58
caller: classpath:InspireTest/ngr/datasetrecords/def/checkxlinkurl.template.feature
arg: {"link":"/"}
checkxlinkurl.template.feature:14 - 
org.apache.http.client.ClientProtocolException
-------
feature call (loop) failed at index: 59
caller: classpath:InspireTest/ngr/datasetrecords/def/checkxlinkurl.template.feature
arg: {"link":"t"}
checkxlinkurl.template.feature:14 - 
org.apache.http.client.ClientProtocolException
-------
feature call (loop) failed at index: 60
caller: classpath:InspireTest/ngr/datasetrecords/def/checkxlinkurl.template.feature
arg: {"link":"h"}
checkxlinkurl.template.feature:14 - 
org.apache.http.client.ClientProtocolException
-------
feature call (loop) failed at index: 61
caller: classpath:InspireTest/ngr/datasetrecords/def/checkxlinkurl.template.feature
arg: {"link":"e"}
checkxlinkurl.template.feature:14 - 
org.apache.http.client.ClientProtocolException
-------
feature call (loop) failed at index: 62
caller: classpath:InspireTest/ngr/datasetrecords/def/checkxlinkurl.template.feature
arg: {"link":"s"}
checkxlinkurl.template.feature:14 - 
org.apache.http.client.ClientProtocolException
-------
feature call (loop) failed at index: 63
caller: classpath:InspireTest/ngr/datasetrecords/def/checkxlinkurl.template.feature
arg: {"link":"a"}
checkxlinkurl.template.feature:14 - 
org.apache.http.client.ClientProtocolException
-------
feature call (loop) failed at index: 64
caller: classpath:InspireTest/ngr/datasetrecords/def/checkxlinkurl.template.feature
arg: {"link":"u"}
checkxlinkurl.template.feature:14 - 
org.apache.http.client.ClientProtocolException
-------
feature call (loop) failed at index: 65
caller: classpath:InspireTest/ngr/datasetrecords/def/checkxlinkurl.template.feature
arg: {"link":"r"}
checkxlinkurl.template.feature:14 - 
org.apache.http.client.ClientProtocolException
-------
feature call (loop) failed at index: 66
caller: classpath:InspireTest/ngr/datasetrecords/def/checkxlinkurl.template.feature
arg: {"link":"u"}
checkxlinkurl.template.feature:14 - 
org.apache.http.client.ClientProtocolException
-------
feature call (loop) failed at index: 67
caller: classpath:InspireTest/ngr/datasetrecords/def/checkxlinkurl.template.feature
arg: {"link":"s"}
checkxlinkurl.template.feature:14 - 
org.apache.http.client.ClientProtocolException
-------
feature call (loop) failed at index: 68
caller: classpath:InspireTest/ngr/datasetrecords/def/checkxlinkurl.template.feature
arg: {"link":"."}
checkxlinkurl.template.feature:14 - 
org.apache.http.client.ClientProtocolException
-------
feature call (loop) failed at index: 69
caller: classpath:InspireTest/ngr/datasetrecords/def/checkxlinkurl.template.feature
arg: {"link":"d"}
checkxlinkurl.template.feature:14 - 
org.apache.http.client.ClientProtocolException
-------
feature call (loop) failed at index: 70
caller: classpath:InspireTest/ngr/datasetrecords/def/checkxlinkurl.template.feature
arg: {"link":"o"}
checkxlinkurl.template.feature:14 - 
org.apache.http.client.ClientProtocolException
-------
feature call (loop) failed at index: 71
caller: classpath:InspireTest/ngr/datasetrecords/def/checkxlinkurl.template.feature
arg: {"link":"w"}
checkxlinkurl.template.feature:14 - 
org.apache.http.client.ClientProtocolException
-------
feature call (loop) failed at index: 72
caller: classpath:InspireTest/ngr/datasetrecords/def/checkxlinkurl.template.feature
arg: {"link":"n"}
checkxlinkurl.template.feature:14 - 
org.apache.http.client.ClientProtocolException
-------
feature call (loop) failed at index: 73
caller: classpath:InspireTest/ngr/datasetrecords/def/checkxlinkurl.template.feature
arg: {"link":"l"}
checkxlinkurl.template.feature:14 - 
org.apache.http.client.ClientProtocolException
-------
feature call (loop) failed at index: 74
caller: classpath:InspireTest/ngr/datasetrecords/def/checkxlinkurl.template.feature
arg: {"link":"o"}
checkxlinkurl.template.feature:14 - 
org.apache.http.client.ClientProtocolException
-------
feature call (loop) failed at index: 75
caller: classpath:InspireTest/ngr/datasetrecords/def/checkxlinkurl.template.feature
arg: {"link":"a"}
checkxlinkurl.template.feature:14 - 
org.apache.http.client.ClientProtocolException
-------
feature call (loop) failed at index: 76
caller: classpath:InspireTest/ngr/datasetrecords/def/checkxlinkurl.template.feature
arg: {"link":"d"}
checkxlinkurl.template.feature:14 - 
org.apache.http.client.ClientProtocolException
-------
feature call (loop) failed at index: 77
caller: classpath:InspireTest/ngr/datasetrecords/def/checkxlinkurl.template.feature
arg: {"link":"?"}
checkxlinkurl.template.feature:14 - 
org.apache.http.client.ClientProtocolException
-------
feature call (loop) failed at index: 78
caller: classpath:InspireTest/ngr/datasetrecords/def/checkxlinkurl.template.feature
arg: {"link":"r"}
checkxlinkurl.template.feature:14 - 
org.apache.http.client.ClientProtocolException
-------
feature call (loop) failed at index: 79
caller: classpath:InspireTest/ngr/datasetrecords/def/checkxlinkurl.template.feature
arg: {"link":"e"}
checkxlinkurl.template.feature:14 - 
org.apache.http.client.ClientProtocolException
-------
feature call (loop) failed at index: 80
caller: classpath:InspireTest/ngr/datasetrecords/def/checkxlinkurl.template.feature
arg: {"link":"f"}
checkxlinkurl.template.feature:14 - 
org.apache.http.client.ClientProtocolException
-------
feature call (loop) failed at index: 81
caller: classpath:InspireTest/ngr/datasetrecords/def/checkxlinkurl.template.feature
arg: {"link":"="}
checkxlinkurl.template.feature:14 - 
org.apache.http.client.ClientProtocolException
-------
feature call (loop) failed at index: 82
caller: classpath:InspireTest/ngr/datasetrecords/def/checkxlinkurl.template.feature
arg: {"link":"e"}
checkxlinkurl.template.feature:14 - 
org.apache.http.client.ClientProtocolException
-------
feature call (loop) failed at index: 83
caller: classpath:InspireTest/ngr/datasetrecords/def/checkxlinkurl.template.feature
arg: {"link":"x"}
checkxlinkurl.template.feature:14 - 
org.apache.http.client.ClientProtocolException
-------
feature call (loop) failed at index: 84
caller: classpath:InspireTest/ngr/datasetrecords/def/checkxlinkurl.template.feature
arg: {"link":"t"}
checkxlinkurl.template.feature:14 - 
org.apache.http.client.ClientProtocolException
-------
feature call (loop) failed at index: 85
caller: classpath:InspireTest/ngr/datasetrecords/def/checkxlinkurl.template.feature
arg: {"link":"e"}
checkxlinkurl.template.feature:14 - 
org.apache.http.client.ClientProtocolException
-------
feature call (loop) failed at index: 86
caller: classpath:InspireTest/ngr/datasetrecords/def/checkxlinkurl.template.feature
arg: {"link":"r"}
checkxlinkurl.template.feature:14 - 
org.apache.http.client.ClientProtocolException
-------
feature call (loop) failed at index: 87
caller: classpath:InspireTest/ngr/datasetrecords/def/checkxlinkurl.template.feature
arg: {"link":"n"}
checkxlinkurl.template.feature:14 - 
org.apache.http.client.ClientProtocolException
-------
feature call (loop) failed at index: 88
caller: classpath:InspireTest/ngr/datasetrecords/def/checkxlinkurl.template.feature
arg: {"link":"a"}
checkxlinkurl.template.feature:14 - 
org.apache.http.client.ClientProtocolException
-------
feature call (loop) failed at index: 89
caller: classpath:InspireTest/ngr/datasetrecords/def/checkxlinkurl.template.feature
arg: {"link":"l"}
checkxlinkurl.template.feature:14 - 
org.apache.http.client.ClientProtocolException
-------
feature call (loop) failed at index: 90
caller: classpath:InspireTest/ngr/datasetrecords/def/checkxlinkurl.template.feature
arg: {"link":"."}
checkxlinkurl.template.feature:14 - 
org.apache.http.client.ClientProtocolException
-------
feature call (loop) failed at index: 91
caller: classpath:InspireTest/ngr/datasetrecords/def/checkxlinkurl.template.feature
arg: {"link":"t"}
checkxlinkurl.template.feature:14 - 
org.apache.http.client.ClientProtocolException
-------
feature call (loop) failed at index: 92
caller: classpath:InspireTest/ngr/datasetrecords/def/checkxlinkurl.template.feature
arg: {"link":"h"}
checkxlinkurl.template.feature:14 - 
org.apache.http.client.ClientProtocolException
-------
feature call (loop) failed at index: 93
caller: classpath:InspireTest/ngr/datasetrecords/def/checkxlinkurl.template.feature
arg: {"link":"e"}
checkxlinkurl.template.feature:14 - 
org.apache.http.client.ClientProtocolException
-------
feature call (loop) failed at index: 94
caller: classpath:InspireTest/ngr/datasetrecords/def/checkxlinkurl.template.feature
arg: {"link":"m"}
checkxlinkurl.template.feature:14 - 
org.apache.http.client.ClientProtocolException
-------
feature call (loop) failed at index: 95
caller: classpath:InspireTest/ngr/datasetrecords/def/checkxlinkurl.template.feature
arg: {"link":"e"}
checkxlinkurl.template.feature:14 - 
org.apache.http.client.ClientProtocolException
-------
feature call (loop) failed at index: 96
caller: classpath:InspireTest/ngr/datasetrecords/def/checkxlinkurl.template.feature
arg: {"link":"."}
checkxlinkurl.template.feature:14 - 
org.apache.http.client.ClientProtocolException
-------
feature call (loop) failed at index: 97
caller: classpath:InspireTest/ngr/datasetrecords/def/checkxlinkurl.template.feature
arg: {"link":"h"}
checkxlinkurl.template.feature:14 - 
org.apache.http.client.ClientProtocolException
-------
feature call (loop) failed at index: 98
caller: classpath:InspireTest/ngr/datasetrecords/def/checkxlinkurl.template.feature
arg: {"link":"t"}
checkxlinkurl.template.feature:14 - 
org.apache.http.client.ClientProtocolException
-------
feature call (loop) failed at index: 99
caller: classpath:InspireTest/ngr/datasetrecords/def/checkxlinkurl.template.feature
arg: {"link":"t"}
checkxlinkurl.template.feature:14 - 
org.apache.http.client.ClientProtocolException
-------
feature call (loop) failed at index: 100
caller: classpath:InspireTest/ngr/datasetrecords/def/checkxlinkurl.template.feature
arg: {"link":"p"}
checkxlinkurl.template.feature:14 - 
org.apache.http.client.ClientProtocolException
-------
feature call (loop) failed at index: 101
caller: classpath:InspireTest/ngr/datasetrecords/def/checkxlinkurl.template.feature
arg: {"link":"i"}
checkxlinkurl.template.feature:14 - 
org.apache.http.client.ClientProtocolException
-------
feature call (loop) failed at index: 102
caller: classpath:InspireTest/ngr/datasetrecords/def/checkxlinkurl.template.feature
arg: {"link":"n"}
checkxlinkurl.template.feature:14 - 
org.apache.http.client.ClientProtocolException
-------
feature call (loop) failed at index: 103
caller: classpath:InspireTest/ngr/datasetrecords/def/checkxlinkurl.template.feature
arg: {"link":"s"}
checkxlinkurl.template.feature:14 - 
org.apache.http.client.ClientProtocolException
-------
feature call (loop) failed at index: 104
caller: classpath:InspireTest/ngr/datasetrecords/def/checkxlinkurl.template.feature
arg: {"link":"p"}
checkxlinkurl.template.feature:14 - 
org.apache.http.client.ClientProtocolException
-------
feature call (loop) failed at index: 105
caller: classpath:InspireTest/ngr/datasetrecords/def/checkxlinkurl.template.feature
arg: {"link":"i"}
checkxlinkurl.template.feature:14 - 
org.apache.http.client.ClientProtocolException
-------
feature call (loop) failed at index: 106
caller: classpath:InspireTest/ngr/datasetrecords/def/checkxlinkurl.template.feature
arg: {"link":"r"}
checkxlinkurl.template.feature:14 - 
org.apache.http.client.ClientProtocolException
-------
feature call (loop) failed at index: 107
caller: classpath:InspireTest/ngr/datasetrecords/def/checkxlinkurl.template.feature
arg: {"link":"e"}
checkxlinkurl.template.feature:14 - 
org.apache.http.client.ClientProtocolException
-------
feature call (loop) failed at index: 108
caller: classpath:InspireTest/ngr/datasetrecords/def/checkxlinkurl.template.feature
arg: {"link":"e"}
checkxlinkurl.template.feature:14 - 
org.apache.http.client.ClientProtocolException
-------
feature call (loop) failed at index: 109
caller: classpath:InspireTest/ngr/datasetrecords/def/checkxlinkurl.template.feature
arg: {"link":"c"}
checkxlinkurl.template.feature:14 - 
org.apache.http.client.ClientProtocolException
-------
feature call (loop) failed at index: 110
caller: classpath:InspireTest/ngr/datasetrecords/def/checkxlinkurl.template.feature
arg: {"link":"e"}
checkxlinkurl.template.feature:14 - 
org.apache.http.client.ClientProtocolException
-------
feature call (loop) failed at index: 111
caller: classpath:InspireTest/ngr/datasetrecords/def/checkxlinkurl.template.feature
arg: {"link":"u"}
checkxlinkurl.template.feature:14 - 
org.apache.http.client.ClientProtocolException
-------
feature call (loop) failed at index: 112
caller: classpath:InspireTest/ngr/datasetrecords/def/checkxlinkurl.template.feature
arg: {"link":"r"}
checkxlinkurl.template.feature:14 - 
org.apache.http.client.ClientProtocolException
-------
feature call (loop) failed at index: 113
caller: classpath:InspireTest/ngr/datasetrecords/def/checkxlinkurl.template.feature
arg: {"link":"o"}
checkxlinkurl.template.feature:14 - 
org.apache.http.client.ClientProtocolException
-------
feature call (loop) failed at index: 114
caller: classpath:InspireTest/ngr/datasetrecords/def/checkxlinkurl.template.feature
arg: {"link":"p"}
checkxlinkurl.template.feature:14 - 
org.apache.http.client.ClientProtocolException
-------
feature call (loop) failed at index: 115
caller: classpath:InspireTest/ngr/datasetrecords/def/checkxlinkurl.template.feature
arg: {"link":"a"}
checkxlinkurl.template.feature:14 - 
org.apache.http.client.ClientProtocolException
-------
feature call (loop) failed at index: 116
caller: classpath:InspireTest/ngr/datasetrecords/def/checkxlinkurl.template.feature
arg: {"link":"e"}
checkxlinkurl.template.feature:14 - 
org.apache.http.client.ClientProtocolException
-------
feature call (loop) failed at index: 117
caller: classpath:InspireTest/ngr/datasetrecords/def/checkxlinkurl.template.feature
arg: {"link":"u"}
checkxlinkurl.template.feature:14 - 
org.apache.http.client.ClientProtocolException
-------
feature call (loop) failed at index: 118
caller: classpath:InspireTest/ngr/datasetrecords/def/checkxlinkurl.template.feature
arg: {"link":"t"}
checkxlinkurl.template.feature:14 - 
org.apache.http.client.ClientProtocolException
-------
feature call (loop) failed at index: 119
caller: classpath:InspireTest/ngr/datasetrecords/def/checkxlinkurl.template.feature
arg: {"link":"h"}
checkxlinkurl.template.feature:14 - 
org.apache.http.client.ClientProtocolException
-------
feature call (loop) failed at index: 120
caller: classpath:InspireTest/ngr/datasetrecords/def/checkxlinkurl.template.feature
arg: {"link":"e"}
checkxlinkurl.template.feature:14 - 
org.apache.http.client.ClientProtocolException
-------
feature call (loop) failed at index: 121
caller: classpath:InspireTest/ngr/datasetrecords/def/checkxlinkurl.template.feature
arg: {"link":"m"}
checkxlinkurl.template.feature:14 - 
org.apache.http.client.ClientProtocolException
-------
feature call (loop) failed at index: 122
caller: classpath:InspireTest/ngr/datasetrecords/def/checkxlinkurl.template.feature
arg: {"link":"e"}
checkxlinkurl.template.feature:14 - 
org.apache.http.client.ClientProtocolException
-------
feature call (loop) failed at index: 123
caller: classpath:InspireTest/ngr/datasetrecords/def/checkxlinkurl.template.feature
arg: {"link":"-"}
checkxlinkurl.template.feature:14 - 
org.apache.http.client.ClientProtocolException
-------
feature call (loop) failed at index: 124
caller: classpath:InspireTest/ngr/datasetrecords/def/checkxlinkurl.template.feature
arg: {"link":"t"}
checkxlinkurl.template.feature:14 - 
org.apache.http.client.ClientProtocolException
-------
feature call (loop) failed at index: 125
caller: classpath:InspireTest/ngr/datasetrecords/def/checkxlinkurl.template.feature
arg: {"link":"h"}
checkxlinkurl.template.feature:14 - 
org.apache.http.client.ClientProtocolException
-------
feature call (loop) failed at index: 126
caller: classpath:InspireTest/ngr/datasetrecords/def/checkxlinkurl.template.feature
arg: {"link":"e"}
checkxlinkurl.template.feature:14 - 
org.apache.http.client.ClientProtocolException
-------
feature call (loop) failed at index: 127
caller: classpath:InspireTest/ngr/datasetrecords/def/checkxlinkurl.template.feature
arg: {"link":"m"}
checkxlinkurl.template.feature:14 - 
org.apache.http.client.ClientProtocolException
-------
feature call (loop) failed at index: 128
caller: classpath:InspireTest/ngr/datasetrecords/def/checkxlinkurl.template.feature
arg: {"link":"e"}
checkxlinkurl.template.feature:14 - 
org.apache.http.client.ClientProtocolException
[1.104:16] check-known-dataset-record.feature:79 - feature call (loop) failed: classpath:InspireTest/ngr/datasetrecords/def/checkxlinkurl.template.feature
caller: classpath:InspireTest/ngr/datasetrecords/check-known-dataset-record.feature
items: [{link=http://kadaster/2482250f-3b00-4439-9f93-f3118229b021}, {link=}, {link=}, {link=}]
errors:
-------
feature call (loop) failed at index: 0
caller: classpath:InspireTest/ngr/datasetrecords/def/checkxlinkurl.template.feature
arg: {"link":"http://kadaster/2482250f-3b00-4439-9f93-f3118229b021"}
checkxlinkurl.template.feature:14 - 
java.net.UnknownHostException: kadaster
-------
feature call (loop) failed at index: 1
caller: classpath:InspireTest/ngr/datasetrecords/def/checkxlinkurl.template.feature
arg: {"link":""}
checkxlinkurl.template.feature:14 - 
org.apache.http.client.ClientProtocolException
-------
feature call (loop) failed at index: 2
caller: classpath:InspireTest/ngr/datasetrecords/def/checkxlinkurl.template.feature
arg: {"link":""}
checkxlinkurl.template.feature:14 - 
org.apache.http.client.ClientProtocolException
-------
feature call (loop) failed at index: 3
caller: classpath:InspireTest/ngr/datasetrecords/def/checkxlinkurl.template.feature
arg: {"link":""}
checkxlinkurl.template.feature:14 - 
org.apache.http.client.ClientProtocolException
[1.105:16] check-known-dataset-record.feature:79 - feature call (loop) failed: classpath:InspireTest/ngr/datasetrecords/def/checkxlinkurl.template.feature
caller: classpath:InspireTest/ngr/datasetrecords/check-known-dataset-record.feature
items: [{link=http://www.opengis.net/def/crs/EPSG/0/http://www.opengis.net/def/crs/EPSG/0/4258}, {link=http://kadaster/0f9b8c87-80a6-435f-b3b3-e07c3918d344}]
errors:
-------
feature call (loop) failed at index: 1
caller: classpath:InspireTest/ngr/datasetrecords/def/checkxlinkurl.template.feature
arg: {"link":"http://kadaster/0f9b8c87-80a6-435f-b3b3-e07c3918d344"}
checkxlinkurl.template.feature:14 - 
java.net.UnknownHostException: kadaster: Temporary failure in name resolution
[1.106:16] check-known-dataset-record.feature:79 - feature call (loop) failed: classpath:InspireTest/ngr/datasetrecords/def/checkxlinkurl.template.feature
caller: classpath:InspireTest/ngr/datasetrecords/check-known-dataset-record.feature
items: [{link=https://www.nationaalgeoregister.nl/geonetwork/srv/api/records1b2abd21-3084-4db7-ab49-46866b4aac2b}, {link=https://creativecommons.org/publicdomain/zero/*/deed.nl}]
errors:
-------
feature call (loop) failed at index: 0
caller: classpath:InspireTest/ngr/datasetrecords/def/checkxlinkurl.template.feature
arg: {"link":"https://www.nationaalgeoregister.nl/geonetwork/srv/api/records1b2abd21-3084-4db7-ab49-46866b4aac2b"}
checkxlinkurl.template.feature:15 - status code was: 500, expected: 200, response time: 308, url: https://www.nationaalgeoregister.nl/geonetwork/srv/api/records1b2abd21-3084-4db7-ab49-46866b4aac2b, response: 
-------
feature call (loop) failed at index: 1
caller: classpath:InspireTest/ngr/datasetrecords/def/checkxlinkurl.template.feature
arg: {"link":"https://creativecommons.org/publicdomain/zero/*/deed.nl"}
checkxlinkurl.template.feature:15 - status code was: 404, expected: 200, response time: 36, url: https://creativecommons.org/publicdomain/zero/*/deed.nl, response: 
[1.107:16] check-known-dataset-record.feature:79 - feature call (loop) failed: classpath:InspireTest/ngr/datasetrecords/def/checkxlinkurl.template.feature
caller: classpath:InspireTest/ngr/datasetrecords/check-known-dataset-record.feature
items: [{link=https://data.rivm.nl/inspire/id#10fcd5a9-3804-48e3-bcbd-d816594dbb6f}]
errors:
-------
feature call (loop) failed at index: 0
caller: classpath:InspireTest/ngr/datasetrecords/def/checkxlinkurl.template.feature
arg: {"link":"https://data.rivm.nl/inspire/id#10fcd5a9-3804-48e3-bcbd-d816594dbb6f"}
checkxlinkurl.template.feature:14 - 
javax.net.ssl.SSLException: Connection reset
[1.108:16] check-known-dataset-record.feature:79 - feature call (loop) failed: classpath:InspireTest/ngr/datasetrecords/def/checkxlinkurl.template.feature
caller: classpath:InspireTest/ngr/datasetrecords/check-known-dataset-record.feature
items: [{link=https://data.rivm.nl/inspire/id#36a7e8cb-8300-4602-93d2-135943365a6f}]
errors:
-------
feature call (loop) failed at index: 0
caller: classpath:InspireTest/ngr/datasetrecords/def/checkxlinkurl.template.feature
arg: {"link":"https://data.rivm.nl/inspire/id#36a7e8cb-8300-4602-93d2-135943365a6f"}
checkxlinkurl.template.feature:14 - 
javax.net.ssl.SSLException: Connection reset
[1.109:16] check-known-dataset-record.feature:79 - feature call (loop) failed: classpath:InspireTest/ngr/datasetrecords/def/checkxlinkurl.template.feature
caller: classpath:InspireTest/ngr/datasetrecords/check-known-dataset-record.feature
items: [{link=https://www.nationaalgeoregister.nl/geonetwork/srv/api/records6c6be9c5-b09b-4dcf-a5fd-f149cbaca6fb}, {link=https://creativecommons.org/publicdomain/zero/*/deed.nl}]
errors:
-------
feature call (loop) failed at index: 0
caller: classpath:InspireTest/ngr/datasetrecords/def/checkxlinkurl.template.feature
arg: {"link":"https://www.nationaalgeoregister.nl/geonetwork/srv/api/records6c6be9c5-b09b-4dcf-a5fd-f149cbaca6fb"}
checkxlinkurl.template.feature:15 - status code was: 500, expected: 200, response time: 314, url: https://www.nationaalgeoregister.nl/geonetwork/srv/api/records6c6be9c5-b09b-4dcf-a5fd-f149cbaca6fb, response: 
-------
feature call (loop) failed at index: 1
caller: classpath:InspireTest/ngr/datasetrecords/def/checkxlinkurl.template.feature
arg: {"link":"https://creativecommons.org/publicdomain/zero/*/deed.nl"}
checkxlinkurl.template.feature:15 - status code was: 404, expected: 200, response time: 48, url: https://creativecommons.org/publicdomain/zero/*/deed.nl, response: 
[1.110:16] check-known-dataset-record.feature:79 - feature call (loop) failed: classpath:InspireTest/ngr/datasetrecords/def/checkxlinkurl.template.feature
caller: classpath:InspireTest/ngr/datasetrecords/check-known-dataset-record.feature
items: [{link=https://www.nationaalgeoregister.nl/geonetwork/srv/dut/catalog.search#/metadata/adn73c4a-ef03-4785-b7f6-942e86b385f7}, {link=http://rdfdata.eionet.europa.eu/inspirethemes/themes/10}, {link=urn:ogc:def:crs:EPSG::5709}]
errors:
-------
feature call (loop) failed at index: 1
caller: classpath:InspireTest/ngr/datasetrecords/def/checkxlinkurl.template.feature
arg: {"link":"http://rdfdata.eionet.europa.eu/inspirethemes/themes/10"}
checkxlinkurl.template.feature:15 - status code was: 404, expected: 200, response time: 210, url: http://rdfdata.eionet.europa.eu/inspirethemes/themes/10, response: 
-------
feature call (loop) failed at index: 2
caller: classpath:InspireTest/ngr/datasetrecords/def/checkxlinkurl.template.feature
arg: {"link":"urn:ogc:def:crs:EPSG::5709"}
checkxlinkurl.template.feature:14 - 
org.apache.http.client.ClientProtocolException: URI does not specify a valid host name: urn:ogc:def:crs:EPSG::5709
[1.111:16] check-known-dataset-record.feature:79 - feature call (loop) failed: classpath:InspireTest/ngr/datasetrecords/def/checkxlinkurl.template.feature
caller: classpath:InspireTest/ngr/datasetrecords/check-known-dataset-record.feature
items: [{link=https://ngr.acceptatie.nationaalgeoregister.nl/geonetwork/srv/resourcesc7a15080-2724-11e2-81c1-0800200c9a66}, {link=http://rdfdata.eionet.europa.eu/inspirethemes/themes/13}, {link=http://rdfdata.eionet.europa.eu/inspirethemes/themes/#}, {link=https://www.nationaalgeoregister.nl/geonetwork/srv/eng/thesaurus.download?ref=external.theme.inspire-theme}]
errors:
-------
feature call (loop) failed at index: 0
caller: classpath:InspireTest/ngr/datasetrecords/def/checkxlinkurl.template.feature
arg: {"link":"https://ngr.acceptatie.nationaalgeoregister.nl/geonetwork/srv/resourcesc7a15080-2724-11e2-81c1-0800200c9a66"}
checkxlinkurl.template.feature:15 - status code was: 404, expected: 200, response time: 291, url: https://ngr.acceptatie.nationaalgeoregister.nl/geonetwork/srv/resourcesc7a15080-2724-11e2-81c1-0800200c9a66, response: 
-------
feature call (loop) failed at index: 1
caller: classpath:InspireTest/ngr/datasetrecords/def/checkxlinkurl.template.feature
arg: {"link":"http://rdfdata.eionet.europa.eu/inspirethemes/themes/13"}
checkxlinkurl.template.feature:15 - status code was: 404, expected: 200, response time: 221, url: http://rdfdata.eionet.europa.eu/inspirethemes/themes/13, response: 
-------
feature call (loop) failed at index: 2
caller: classpath:InspireTest/ngr/datasetrecords/def/checkxlinkurl.template.feature
arg: {"link":"http://rdfdata.eionet.europa.eu/inspirethemes/themes/#"}
checkxlinkurl.template.feature:15 - status code was: 404, expected: 200, response time: 216, url: http://rdfdata.eionet.europa.eu/inspirethemes/themes/#, response: 
-------
feature call (loop) failed at index: 3
caller: classpath:InspireTest/ngr/datasetrecords/def/checkxlinkurl.template.feature
arg: {"link":"https://www.nationaalgeoregister.nl/geonetwork/srv/eng/thesaurus.download?ref=external.theme.inspire-theme"}
checkxlinkurl.template.feature:15 - status code was: 500, expected: 200, response time: 442, url: https://www.nationaalgeoregister.nl/geonetwork/srv/eng/thesaurus.download?ref=external.theme.inspire-theme, response: 
[1.112:16] check-known-dataset-record.feature:79 - feature call (loop) failed: classpath:InspireTest/ngr/datasetrecords/def/checkxlinkurl.template.feature
caller: classpath:InspireTest/ngr/datasetrecords/check-known-dataset-record.feature
items: [{link=http://www.opengis.net/def/crs/EPSG/0/NAP}, {link=https://ngr.acceptatie.nationaalgeoregister.nl/geonetwork/srv/resourcesd72ddff0-2724-11e2-81c1-0800200c9a66}]
errors:
-------
feature call (loop) failed at index: 1
caller: classpath:InspireTest/ngr/datasetrecords/def/checkxlinkurl.template.feature
arg: {"link":"https://ngr.acceptatie.nationaalgeoregister.nl/geonetwork/srv/resourcesd72ddff0-2724-11e2-81c1-0800200c9a66"}
checkxlinkurl.template.feature:15 - status code was: 404, expected: 200, response time: 287, url: https://ngr.acceptatie.nationaalgeoregister.nl/geonetwork/srv/resourcesd72ddff0-2724-11e2-81c1-0800200c9a66, response: 
[1.113:16] check-known-dataset-record.feature:79 - feature call (loop) failed: classpath:InspireTest/ngr/datasetrecords/def/checkxlinkurl.template.feature
caller: classpath:InspireTest/ngr/datasetrecords/check-known-dataset-record.feature
items: [{link=http://www.opengis.net/def/crs/EPSG/0/NAP}, {link=https://ngr.acceptatie.nationaalgeoregister.nl/geonetwork/srv/resourcesddf87610-2724-11e2-81c1-0800200c9a66}]
errors:
-------
feature call (loop) failed at index: 1
caller: classpath:InspireTest/ngr/datasetrecords/def/checkxlinkurl.template.feature
arg: {"link":"https://ngr.acceptatie.nationaalgeoregister.nl/geonetwork/srv/resourcesddf87610-2724-11e2-81c1-0800200c9a66"}
checkxlinkurl.template.feature:15 - status code was: 404, expected: 200, response time: 286, url: https://ngr.acceptatie.nationaalgeoregister.nl/geonetwork/srv/resourcesddf87610-2724-11e2-81c1-0800200c9a66, response: 
[1.114:16] check-known-dataset-record.feature:79 - feature call (loop) failed: classpath:InspireTest/ngr/datasetrecords/def/checkxlinkurl.template.feature
caller: classpath:InspireTest/ngr/datasetrecords/check-known-dataset-record.feature
items: [{link=https://www.nationaalgeoregister.nl/geonetwork/srv/dut/catalog.search#/metadata/wt-83730-e750-485a-9c0c-39bf9be72cf8}, {link=http://rdfdata.eionet.europa.eu/inspirethemes/themes/18}, {link=https://ngr.geocat.live/geonetwork/srv/eng/thesaurus.download?ref=external.theme.httpinspireeceuropaeumetadatacodelistPrioritydataset-Prioritydataset}]
errors:
-------
feature call (loop) failed at index: 1
caller: classpath:InspireTest/ngr/datasetrecords/def/checkxlinkurl.template.feature
arg: {"link":"http://rdfdata.eionet.europa.eu/inspirethemes/themes/18"}
checkxlinkurl.template.feature:15 - status code was: 404, expected: 200, response time: 566, url: http://rdfdata.eionet.europa.eu/inspirethemes/themes/18, response: 
-------
feature call (loop) failed at index: 2
caller: classpath:InspireTest/ngr/datasetrecords/def/checkxlinkurl.template.feature
arg: {"link":"https://ngr.geocat.live/geonetwork/srv/eng/thesaurus.download?ref=external.theme.httpinspireeceuropaeumetadatacodelistPrioritydataset-Prioritydataset"}
checkxlinkurl.template.feature:15 - status code was: 500, expected: 200, response time: 338, url: https://ngr.geocat.live/geonetwork/srv/eng/thesaurus.download?ref=external.theme.httpinspireeceuropaeumetadatacodelistPrioritydataset-Prioritydataset, response: 
[1.115:16] check-known-dataset-record.feature:79 - feature call (loop) failed: classpath:InspireTest/ngr/datasetrecords/def/checkxlinkurl.template.feature
caller: classpath:InspireTest/ngr/datasetrecords/check-known-dataset-record.feature
items: [{link=http://www.opengis.net/def/crs/EPSG/0/http://www.opengis.net/def/crs/EPSG/0/3034}, {link=http://nationaalgeoregister.nl/geonetwork/srv/dut/csw?SERVICE=CSW&version=2.0.2&REQUEST=GetRecordById&elementSetName=full&OutputSchema=http://www.isotc211.org/2005/gmd&ID=c829abeb-bfac-4224-8332-e7a9a89e692e}, {link=https://creativecommons.org/publicdomain/mark/*/deed.nl}, {link=}]
errors:
-------
feature call (loop) failed at index: 2
caller: classpath:InspireTest/ngr/datasetrecords/def/checkxlinkurl.template.feature
arg: {"link":"https://creativecommons.org/publicdomain/mark/*/deed.nl"}
checkxlinkurl.template.feature:15 - status code was: 404, expected: 200, response time: 37, url: https://creativecommons.org/publicdomain/mark/*/deed.nl, response: 
-------
feature call (loop) failed at index: 3
caller: classpath:InspireTest/ngr/datasetrecords/def/checkxlinkurl.template.feature
arg: {"link":""}
checkxlinkurl.template.feature:14 - 
org.apache.http.client.ClientProtocolException
[1.116:16] check-known-dataset-record.feature:79 - feature call (loop) failed: classpath:InspireTest/ngr/datasetrecords/def/checkxlinkurl.template.feature
caller: classpath:InspireTest/ngr/datasetrecords/check-known-dataset-record.feature
items: [{link=http://nationaalgeoregister.nl/geonetwork/srv/dut/csw?SERVICE=CSW&version=2.0.2&REQUEST=GetRecordById&elementSetName=full&OutputSchema=http://www.isotc211.org/2005/gmd&ID=df5ee213-e1bd-433b-80f7-4ea20f493ca8}, {link=https://creativecommons.org/publicdomain/mark/*/deed.nl}, {link=}]
errors:
-------
feature call (loop) failed at index: 1
caller: classpath:InspireTest/ngr/datasetrecords/def/checkxlinkurl.template.feature
arg: {"link":"https://creativecommons.org/publicdomain/mark/*/deed.nl"}
checkxlinkurl.template.feature:15 - status code was: 404, expected: 200, response time: 33, url: https://creativecommons.org/publicdomain/mark/*/deed.nl, response: 
-------
feature call (loop) failed at index: 2
caller: classpath:InspireTest/ngr/datasetrecords/def/checkxlinkurl.template.feature
arg: {"link":""}
checkxlinkurl.template.feature:14 - 
org.apache.http.client.ClientProtocolException
[1.117:16] check-known-dataset-record.feature:79 - feature call (loop) failed: classpath:InspireTest/ngr/datasetrecords/def/checkxlinkurl.template.feature
caller: classpath:InspireTest/ngr/datasetrecords/check-known-dataset-record.feature
items: [{link=http://www.opengis.net/def/crs/EPSG/0/http://www.opengis.net/def/crs/EPSG/0/3034}, {link=http://nationaalgeoregister.nl/geonetwork/srv/dut/csw?SERVICE=CSW&version=2.0.2&REQUEST=GetRecordById&elementSetName=full&OutputSchema=http://www.isotc211.org/2005/gmd&ID=34e6165f-1269-48d1-b255-0f05d163d692}, {link=https://creativecommons.org/publicdomain/mark/*/deed.nl}, {link=}]
errors:
-------
feature call (loop) failed at index: 2
caller: classpath:InspireTest/ngr/datasetrecords/def/checkxlinkurl.template.feature
arg: {"link":"https://creativecommons.org/publicdomain/mark/*/deed.nl"}
checkxlinkurl.template.feature:15 - status code was: 404, expected: 200, response time: 38, url: https://creativecommons.org/publicdomain/mark/*/deed.nl, response: 
-------
feature call (loop) failed at index: 3
caller: classpath:InspireTest/ngr/datasetrecords/def/checkxlinkurl.template.feature
arg: {"link":""}
checkxlinkurl.template.feature:14 - 
org.apache.http.client.ClientProtocolException
[1.118:16] check-known-dataset-record.feature:79 - feature call (loop) failed: classpath:InspireTest/ngr/datasetrecords/def/checkxlinkurl.template.feature
caller: classpath:InspireTest/ngr/datasetrecords/check-known-dataset-record.feature
items: [{link=http://www.opengis.net/def/crs/EPSG/0/http://www.opengis.net/def/crs/EPSG/0/3034}, {link=http://nationaalgeoregister.nl/geonetwork/srv/dut/csw?SERVICE=CSW&version=2.0.2&REQUEST=GetRecordById&elementSetName=full&OutputSchema=http://www.isotc211.org/2005/gmd&ID=41023936-009d-48ec-a90d-c966895463c1}, {link=https://creativecommons.org/publicdomain/mark/*/deed.nl}, {link=}]
errors:
-------
feature call (loop) failed at index: 2
caller: classpath:InspireTest/ngr/datasetrecords/def/checkxlinkurl.template.feature
arg: {"link":"https://creativecommons.org/publicdomain/mark/*/deed.nl"}
checkxlinkurl.template.feature:15 - status code was: 404, expected: 200, response time: 33, url: https://creativecommons.org/publicdomain/mark/*/deed.nl, response: 
-------
feature call (loop) failed at index: 3
caller: classpath:InspireTest/ngr/datasetrecords/def/checkxlinkurl.template.feature
arg: {"link":""}
checkxlinkurl.template.feature:14 - 
org.apache.http.client.ClientProtocolException
[1.120:16] check-known-dataset-record.feature:79 - feature call (loop) failed: classpath:InspireTest/ngr/datasetrecords/def/checkxlinkurl.template.feature
caller: classpath:InspireTest/ngr/datasetrecords/check-known-dataset-record.feature
items: [{link=https://www.nationaalgeoregister.nl/geonetwork/srv/dut/catalog.search#/metadata/eu-2c7040b-c448-451b-bf15-f2416ecaadd1}, {link=http://rdfdata.eionet.europa.eu/inspirethemes/themes/7}, {link=urn:ogc:def:crs:EPSG::5709}]
errors:
-------
feature call (loop) failed at index: 1
caller: classpath:InspireTest/ngr/datasetrecords/def/checkxlinkurl.template.feature
arg: {"link":"http://rdfdata.eionet.europa.eu/inspirethemes/themes/7"}
checkxlinkurl.template.feature:15 - status code was: 404, expected: 200, response time: 202, url: http://rdfdata.eionet.europa.eu/inspirethemes/themes/7, response: 
-------
feature call (loop) failed at index: 2
caller: classpath:InspireTest/ngr/datasetrecords/def/checkxlinkurl.template.feature
arg: {"link":"urn:ogc:def:crs:EPSG::5709"}
checkxlinkurl.template.feature:14 - 
org.apache.http.client.ClientProtocolException: URI does not specify a valid host name: urn:ogc:def:crs:EPSG::5709
[1.121:16] check-known-dataset-record.feature:79 - feature call (loop) failed: classpath:InspireTest/ngr/datasetrecords/def/checkxlinkurl.template.feature
caller: classpath:InspireTest/ngr/datasetrecords/check-known-dataset-record.feature
items: [{link=http://inspire.rdw.nl/www/download/Licentie-Geogedeeld-RDW.pdf}, {link=}]
errors:
-------
feature call (loop) failed at index: 1
caller: classpath:InspireTest/ngr/datasetrecords/def/checkxlinkurl.template.feature
arg: {"link":""}
checkxlinkurl.template.feature:14 - 
org.apache.http.client.ClientProtocolException
[1.122:16] check-known-dataset-record.feature:79 - feature call (loop) failed: classpath:InspireTest/ngr/datasetrecords/def/checkxlinkurl.template.feature
caller: classpath:InspireTest/ngr/datasetrecords/check-known-dataset-record.feature
items: [{link=http://www.opengis.net/def/crs/EPSG/0/https://www.opengis.net/def/crs/EPSG/0/4258}, {link=https://ngr.acceptatie.nationaalgeoregister.nl/geonetwork/srv/resourcesd7ab6903-1152-450b-b81d-042682dcfd03}]
errors:
-------
feature call (loop) failed at index: 1
caller: classpath:InspireTest/ngr/datasetrecords/def/checkxlinkurl.template.feature
arg: {"link":"https://ngr.acceptatie.nationaalgeoregister.nl/geonetwork/srv/resourcesd7ab6903-1152-450b-b81d-042682dcfd03"}
checkxlinkurl.template.feature:15 - status code was: 404, expected: 200, response time: 279, url: https://ngr.acceptatie.nationaalgeoregister.nl/geonetwork/srv/resourcesd7ab6903-1152-450b-b81d-042682dcfd03, response: 
[1.123:16] check-known-dataset-record.feature:79 - feature call (loop) failed: classpath:InspireTest/ngr/datasetrecords/def/checkxlinkurl.template.feature
caller: classpath:InspireTest/ngr/datasetrecords/check-known-dataset-record.feature
items: [{link=http://nationaalgeoregister.nl/geonetwork/srv/dut/csw?SERVICE=CSW&version=2.0.2&REQUEST=GetRecordById&elementSetName=full&OutputSchema=http://www.isotc211.org/2005/gmd&ID=2daad588-11ef-47de-9832-6fe2c3b93e6d}, {link=https://creativecommons.org/publicdomain/mark/*/deed.nl}, {link=}]
errors:
-------
feature call (loop) failed at index: 1
caller: classpath:InspireTest/ngr/datasetrecords/def/checkxlinkurl.template.feature
arg: {"link":"https://creativecommons.org/publicdomain/mark/*/deed.nl"}
checkxlinkurl.template.feature:15 - status code was: 404, expected: 200, response time: 61, url: https://creativecommons.org/publicdomain/mark/*/deed.nl, response: 
-------
feature call (loop) failed at index: 2
caller: classpath:InspireTest/ngr/datasetrecords/def/checkxlinkurl.template.feature
arg: {"link":""}
checkxlinkurl.template.feature:14 - 
org.apache.http.client.ClientProtocolException
[1.124:16] check-known-dataset-record.feature:79 - feature call (loop) failed: classpath:InspireTest/ngr/datasetrecords/def/checkxlinkurl.template.feature
caller: classpath:InspireTest/ngr/datasetrecords/check-known-dataset-record.feature
items: [{link=http://nationaalgeoregister.nl/geonetwork/srv/dut/csw?SERVICE=CSW&version=2.0.2&REQUEST=GetRecordById&elementSetName=full&OutputSchema=http://www.isotc211.org/2005/gmd&ID=f5f68d51-2ca4-4897-8227-d3938b2b0a7e}, {link=https://creativecommons.org/publicdomain/mark/*/deed.nl}, {link=}]
errors:
-------
feature call (loop) failed at index: 1
caller: classpath:InspireTest/ngr/datasetrecords/def/checkxlinkurl.template.feature
arg: {"link":"https://creativecommons.org/publicdomain/mark/*/deed.nl"}
checkxlinkurl.template.feature:15 - status code was: 404, expected: 200, response time: 39, url: https://creativecommons.org/publicdomain/mark/*/deed.nl, response: 
-------
feature call (loop) failed at index: 2
caller: classpath:InspireTest/ngr/datasetrecords/def/checkxlinkurl.template.feature
arg: {"link":""}
checkxlinkurl.template.feature:14 - 
org.apache.http.client.ClientProtocolException
[1.125:16] check-known-dataset-record.feature:79 - feature call (loop) failed: classpath:InspireTest/ngr/datasetrecords/def/checkxlinkurl.template.feature
caller: classpath:InspireTest/ngr/datasetrecords/check-known-dataset-record.feature
items: [{link=https://geodata.nationaalgeoregister.nl/cbsgebiedsindelingen/atom/cbsgebiedsindelingen.xml}, {link=https://www.iana.org/assignments/media-types/application/geopackage+sqlite3}, {link=}]
errors:
-------
feature call (loop) failed at index: 2
caller: classpath:InspireTest/ngr/datasetrecords/def/checkxlinkurl.template.feature
arg: {"link":""}
checkxlinkurl.template.feature:14 - 
org.apache.http.client.ClientProtocolException
[1.126:16] check-known-dataset-record.feature:79 - feature call (loop) failed: classpath:InspireTest/ngr/datasetrecords/def/checkxlinkurl.template.feature
caller: classpath:InspireTest/ngr/datasetrecords/check-known-dataset-record.feature
items: [{link=http://geodata.nationaalgeoregister.nl/cbsprovincies/extract/cbsprovincies.zip}, {link=}]
errors:
-------
feature call (loop) failed at index: 1
caller: classpath:InspireTest/ngr/datasetrecords/def/checkxlinkurl.template.feature
arg: {"link":""}
checkxlinkurl.template.feature:14 - 
org.apache.http.client.ClientProtocolException
[1.127:16] check-known-dataset-record.feature:79 - feature call (loop) failed: classpath:InspireTest/ngr/datasetrecords/def/checkxlinkurl.template.feature
caller: classpath:InspireTest/ngr/datasetrecords/check-known-dataset-record.feature
items: [{link=http://www.opengis.net/def/crs/EPSG/0/https://www.opengis.net/def/crs/EPSG/0/4258}, {link=https://www.nationaalgeoregister.nl:443/geonetwork/srv/api/records/a5241416-8401-4623-be61-57ef50447a41}]
errors:
-------
feature call (loop) failed at index: 1
caller: classpath:InspireTest/ngr/datasetrecords/def/checkxlinkurl.template.feature
arg: {"link":"https://www.nationaalgeoregister.nl:443/geonetwork/srv/api/records/a5241416-8401-4623-be61-57ef50447a41"}
checkxlinkurl.template.feature:15 - status code was: 400, expected: 200, response time: 275, url: https://www.nationaalgeoregister.nl:443/geonetwork/srv/api/records/a5241416-8401-4623-be61-57ef50447a41, response: 
[1.128:16] check-known-dataset-record.feature:79 - feature call (loop) failed: classpath:InspireTest/ngr/datasetrecords/def/checkxlinkurl.template.feature
caller: classpath:InspireTest/ngr/datasetrecords/check-known-dataset-record.feature
items: [{link=https://www.nationaalgeoregister.nl/geonetwork/srv/dut/catalog.search#/metadata/wt-3730-e750-485a-9c0c-39bf9be72cf9}, {link=http://rdfdata.eionet.europa.eu/inspirethemes/themes/18}, {link=https://ngr.geocat.live/geonetwork/srv/eng/thesaurus.download?ref=external.theme.httpinspireeceuropaeumetadatacodelistPrioritydataset-Prioritydataset}]
errors:
-------
feature call (loop) failed at index: 1
caller: classpath:InspireTest/ngr/datasetrecords/def/checkxlinkurl.template.feature
arg: {"link":"http://rdfdata.eionet.europa.eu/inspirethemes/themes/18"}
checkxlinkurl.template.feature:15 - status code was: 404, expected: 200, response time: 215, url: http://rdfdata.eionet.europa.eu/inspirethemes/themes/18, response: 
-------
feature call (loop) failed at index: 2
caller: classpath:InspireTest/ngr/datasetrecords/def/checkxlinkurl.template.feature
arg: {"link":"https://ngr.geocat.live/geonetwork/srv/eng/thesaurus.download?ref=external.theme.httpinspireeceuropaeumetadatacodelistPrioritydataset-Prioritydataset"}
checkxlinkurl.template.feature:15 - status code was: 500, expected: 200, response time: 305, url: https://ngr.geocat.live/geonetwork/srv/eng/thesaurus.download?ref=external.theme.httpinspireeceuropaeumetadatacodelistPrioritydataset-Prioritydataset, response: 
[1.129:16] check-known-dataset-record.feature:79 - feature call (loop) failed: classpath:InspireTest/ngr/datasetrecords/def/checkxlinkurl.template.feature
caller: classpath:InspireTest/ngr/datasetrecords/check-known-dataset-record.feature
items: [{link=https://nationaalgeoregister.nl/geonetwork/srv/resources052a3480-1031-4d29-ba55-01672e2c50d9}]
errors:
-------
feature call (loop) failed at index: 0
caller: classpath:InspireTest/ngr/datasetrecords/def/checkxlinkurl.template.feature
arg: {"link":"https://nationaalgeoregister.nl/geonetwork/srv/resources052a3480-1031-4d29-ba55-01672e2c50d9"}
checkxlinkurl.template.feature:15 - status code was: 404, expected: 200, response time: 280, url: https://nationaalgeoregister.nl/geonetwork/srv/resources052a3480-1031-4d29-ba55-01672e2c50d9, response: 
[1.130:16] check-known-dataset-record.feature:79 - feature call (loop) failed: classpath:InspireTest/ngr/datasetrecords/def/checkxlinkurl.template.feature
caller: classpath:InspireTest/ngr/datasetrecords/check-known-dataset-record.feature
items: [{link=}]
errors:
-------
feature call (loop) failed at index: 0
caller: classpath:InspireTest/ngr/datasetrecords/def/checkxlinkurl.template.feature
arg: {"link":""}
checkxlinkurl.template.feature:14 - 
org.apache.http.client.ClientProtocolException
[1.131:16] check-known-dataset-record.feature:79 - feature call (loop) failed: classpath:InspireTest/ngr/datasetrecords/def/checkxlinkurl.template.feature
caller: classpath:InspireTest/ngr/datasetrecords/check-known-dataset-record.feature
items: [{link=http://www.opengis.net/def/crs/EPSG/0/http://www.opengis.net/def/crs/EPSG/0/3034}, {link=http://nationaalgeoregister.nl/geonetwork/srv/dut/csw?SERVICE=CSW&version=2.0.2&REQUEST=GetRecordById&elementSetName=full&OutputSchema=http://www.isotc211.org/2005/gmd&ID=ca94a0cb-7561-4a10-a7d6-b840e56c33ff}, {link=https://creativecommons.org/publicdomain/mark/*/deed.nl}, {link=}]
errors:
-------
feature call (loop) failed at index: 2
caller: classpath:InspireTest/ngr/datasetrecords/def/checkxlinkurl.template.feature
arg: {"link":"https://creativecommons.org/publicdomain/mark/*/deed.nl"}
checkxlinkurl.template.feature:15 - status code was: 404, expected: 200, response time: 40, url: https://creativecommons.org/publicdomain/mark/*/deed.nl, response: 
-------
feature call (loop) failed at index: 3
caller: classpath:InspireTest/ngr/datasetrecords/def/checkxlinkurl.template.feature
arg: {"link":""}
checkxlinkurl.template.feature:14 - 
org.apache.http.client.ClientProtocolException
[1.132:16] check-known-dataset-record.feature:79 - feature call (loop) failed: classpath:InspireTest/ngr/datasetrecords/def/checkxlinkurl.template.feature
caller: classpath:InspireTest/ngr/datasetrecords/check-known-dataset-record.feature
items: [{link=http://www.opengis.net/def/crs/EPSG/0/http://www.opengis.net/def/crs/EPSG/0/3034}, {link=http://nationaalgeoregister.nl/geonetwork/srv/dut/csw?SERVICE=CSW&version=2.0.2&REQUEST=GetRecordById&elementSetName=full&OutputSchema=http://www.isotc211.org/2005/gmd&ID=998ba1dc-f6a6-49a3-a021-51f30d9b1d0e}, {link=https://creativecommons.org/publicdomain/mark/*/deed.nl}, {link=}]
errors:
-------
feature call (loop) failed at index: 2
caller: classpath:InspireTest/ngr/datasetrecords/def/checkxlinkurl.template.feature
arg: {"link":"https://creativecommons.org/publicdomain/mark/*/deed.nl"}
checkxlinkurl.template.feature:15 - status code was: 404, expected: 200, response time: 34, url: https://creativecommons.org/publicdomain/mark/*/deed.nl, response: 
-------
feature call (loop) failed at index: 3
caller: classpath:InspireTest/ngr/datasetrecords/def/checkxlinkurl.template.feature
arg: {"link":""}
checkxlinkurl.template.feature:14 - 
org.apache.http.client.ClientProtocolException
[1.133:16] check-known-dataset-record.feature:79 - feature call (loop) failed: classpath:InspireTest/ngr/datasetrecords/def/checkxlinkurl.template.feature
caller: classpath:InspireTest/ngr/datasetrecords/check-known-dataset-record.feature
items: [{link=http://www.opengis.net/def/crs/EPSG/0/http://www.opengis.net/def/crs/EPSG/0/3034}, {link=http://nationaalgeoregister.nl/geonetwork/srv/dut/csw?SERVICE=CSW&version=2.0.2&REQUEST=GetRecordById&elementSetName=full&OutputSchema=http://www.isotc211.org/2005/gmd&ID=49ab8bee-b467-486a-96ca-b950443c453a}, {link=https://creativecommons.org/publicdomain/mark/*/deed.nl}, {link=}]
errors:
-------
feature call (loop) failed at index: 2
caller: classpath:InspireTest/ngr/datasetrecords/def/checkxlinkurl.template.feature
arg: {"link":"https://creativecommons.org/publicdomain/mark/*/deed.nl"}
checkxlinkurl.template.feature:15 - status code was: 404, expected: 200, response time: 34, url: https://creativecommons.org/publicdomain/mark/*/deed.nl, response: 
-------
feature call (loop) failed at index: 3
caller: classpath:InspireTest/ngr/datasetrecords/def/checkxlinkurl.template.feature
arg: {"link":""}
checkxlinkurl.template.feature:14 - 
org.apache.http.client.ClientProtocolException
[1.134:16] check-known-dataset-record.feature:79 - feature call (loop) failed: classpath:InspireTest/ngr/datasetrecords/def/checkxlinkurl.template.feature
caller: classpath:InspireTest/ngr/datasetrecords/check-known-dataset-record.feature
items: [{link=http://www.opengis.net/def/crs/EPSG/0/http://www.opengis.net/def/crs/EPSG/0/3034}, {link=http://nationaalgeoregister.nl/geonetwork/srv/dut/csw?SERVICE=CSW&version=2.0.2&REQUEST=GetRecordById&elementSetName=full&OutputSchema=http://www.isotc211.org/2005/gmd&ID=c7d8d77b-8c47-4309-8c58-9b12b086407f}, {link=https://creativecommons.org/publicdomain/mark/*/deed.nl}, {link=}]
errors:
-------
feature call (loop) failed at index: 2
caller: classpath:InspireTest/ngr/datasetrecords/def/checkxlinkurl.template.feature
arg: {"link":"https://creativecommons.org/publicdomain/mark/*/deed.nl"}
checkxlinkurl.template.feature:15 - status code was: 404, expected: 200, response time: 54, url: https://creativecommons.org/publicdomain/mark/*/deed.nl, response: 
-------
feature call (loop) failed at index: 3
caller: classpath:InspireTest/ngr/datasetrecords/def/checkxlinkurl.template.feature
arg: {"link":""}
checkxlinkurl.template.feature:14 - 
org.apache.http.client.ClientProtocolException
[1.135:16] check-known-dataset-record.feature:79 - feature call (loop) failed: classpath:InspireTest/ngr/datasetrecords/def/checkxlinkurl.template.feature
caller: classpath:InspireTest/ngr/datasetrecords/check-known-dataset-record.feature
items: [{link=https://www.nationaalgeoregister.nl/geonetwork/srv/dut/catalog.search#/metadata/710c381c-ab2d-45d5-a45d-af2eba811e5f}, {link=http://rdfdata.eionet.europa.eu/inspirethemes/themes/8}, {link=urn:ogc:def:crs:EPSG::5709}]
errors:
-------
feature call (loop) failed at index: 1
caller: classpath:InspireTest/ngr/datasetrecords/def/checkxlinkurl.template.feature
arg: {"link":"http://rdfdata.eionet.europa.eu/inspirethemes/themes/8"}
checkxlinkurl.template.feature:15 - status code was: 404, expected: 200, response time: 202, url: http://rdfdata.eionet.europa.eu/inspirethemes/themes/8, response: 
-------
feature call (loop) failed at index: 2
caller: classpath:InspireTest/ngr/datasetrecords/def/checkxlinkurl.template.feature
arg: {"link":"urn:ogc:def:crs:EPSG::5709"}
checkxlinkurl.template.feature:14 - 
org.apache.http.client.ClientProtocolException: URI does not specify a valid host name: urn:ogc:def:crs:EPSG::5709
[1.136:16] check-known-dataset-record.feature:79 - feature call (loop) failed: classpath:InspireTest/ngr/datasetrecords/def/checkxlinkurl.template.feature
caller: classpath:InspireTest/ngr/datasetrecords/check-known-dataset-record.feature
items: [{link=http://www.opengis.net/def/crs/EPSG/0/http://www.opengis.net/def/crs/EPSG/0/3034}, {link=http://nationaalgeoregister.nl/geonetwork/srv/dut/csw?SERVICE=CSW&version=2.0.2&REQUEST=GetRecordById&elementSetName=full&OutputSchema=http://www.isotc211.org/2005/gmd&ID=60a2a7c2-d5b3-4ad5-b562-c448695357fb}, {link=https://creativecommons.org/publicdomain/mark/*/deed.nl}, {link=}]
errors:
-------
feature call (loop) failed at index: 2
caller: classpath:InspireTest/ngr/datasetrecords/def/checkxlinkurl.template.feature
arg: {"link":"https://creativecommons.org/publicdomain/mark/*/deed.nl"}
checkxlinkurl.template.feature:15 - status code was: 404, expected: 200, response time: 71, url: https://creativecommons.org/publicdomain/mark/*/deed.nl, response: 
-------
feature call (loop) failed at index: 3
caller: classpath:InspireTest/ngr/datasetrecords/def/checkxlinkurl.template.feature
arg: {"link":""}
checkxlinkurl.template.feature:14 - 
org.apache.http.client.ClientProtocolException
[1.137:16] check-known-dataset-record.feature:79 - feature call (loop) failed: classpath:InspireTest/ngr/datasetrecords/def/checkxlinkurl.template.feature
caller: classpath:InspireTest/ngr/datasetrecords/check-known-dataset-record.feature
items: [{link=http://www.opengis.net/def/crs/EPSG/0/http://www.opengis.net/def/crs/EPSG/0/3034}, {link=http://nationaalgeoregister.nl/geonetwork/srv/dut/csw?SERVICE=CSW&version=2.0.2&REQUEST=GetRecordById&elementSetName=full&OutputSchema=http://www.isotc211.org/2005/gmd&ID=f002bfc5-7d87-46b6-819e-8415422b65c9}, {link=https://creativecommons.org/publicdomain/mark/*/deed.nl}, {link=}]
errors:
-------
feature call (loop) failed at index: 2
caller: classpath:InspireTest/ngr/datasetrecords/def/checkxlinkurl.template.feature
arg: {"link":"https://creativecommons.org/publicdomain/mark/*/deed.nl"}
checkxlinkurl.template.feature:15 - status code was: 404, expected: 200, response time: 35, url: https://creativecommons.org/publicdomain/mark/*/deed.nl, response: 
-------
feature call (loop) failed at index: 3
caller: classpath:InspireTest/ngr/datasetrecords/def/checkxlinkurl.template.feature
arg: {"link":""}
checkxlinkurl.template.feature:14 - 
org.apache.http.client.ClientProtocolException
[1.138:16] check-known-dataset-record.feature:79 - feature call (loop) failed: classpath:InspireTest/ngr/datasetrecords/def/checkxlinkurl.template.feature
caller: classpath:InspireTest/ngr/datasetrecords/check-known-dataset-record.feature
items: [{link=http://www.opengis.net/def/crs/EPSG/0/http://www.opengis.net/def/crs/EPSG/0/3034}, {link=http://nationaalgeoregister.nl/geonetwork/srv/dut/csw?SERVICE=CSW&version=2.0.2&REQUEST=GetRecordById&elementSetName=full&OutputSchema=http://www.isotc211.org/2005/gmd&ID=cc408b2d-09a6-4b2b-9aa3-b46bfe2f00a5}, {link=https://creativecommons.org/publicdomain/mark/*/deed.nl}, {link=}]
errors:
-------
feature call (loop) failed at index: 2
caller: classpath:InspireTest/ngr/datasetrecords/def/checkxlinkurl.template.feature
arg: {"link":"https://creativecommons.org/publicdomain/mark/*/deed.nl"}
checkxlinkurl.template.feature:15 - status code was: 404, expected: 200, response time: 34, url: https://creativecommons.org/publicdomain/mark/*/deed.nl, response: 
-------
feature call (loop) failed at index: 3
caller: classpath:InspireTest/ngr/datasetrecords/def/checkxlinkurl.template.feature
arg: {"link":""}
checkxlinkurl.template.feature:14 - 
org.apache.http.client.ClientProtocolException
[1.139:16] check-known-dataset-record.feature:79 - feature call (loop) failed: classpath:InspireTest/ngr/datasetrecords/def/checkxlinkurl.template.feature
caller: classpath:InspireTest/ngr/datasetrecords/check-known-dataset-record.feature
items: [{link=https://www.nationaalgeoregister.nl/geonetwork/srv/dut/catalog.search#/metadata/110f9ec6-4464-462e-9765-83d90cefbeag}, {link=http://rdfdata.eionet.europa.eu/inspirethemes/themes/24}, {link=https://ngr.geocat.live/geonetwork/srv/eng/thesaurus.download?ref=external.theme.httpinspireeceuropaeumetadatacodelistPrioritydataset-Prioritydataset}, {link=urn:ogc:def:crs:EPSG::5709}]
errors:
-------
feature call (loop) failed at index: 1
caller: classpath:InspireTest/ngr/datasetrecords/def/checkxlinkurl.template.feature
arg: {"link":"http://rdfdata.eionet.europa.eu/inspirethemes/themes/24"}
checkxlinkurl.template.feature:15 - status code was: 404, expected: 200, response time: 200, url: http://rdfdata.eionet.europa.eu/inspirethemes/themes/24, response: 
-------
feature call (loop) failed at index: 2
caller: classpath:InspireTest/ngr/datasetrecords/def/checkxlinkurl.template.feature
arg: {"link":"https://ngr.geocat.live/geonetwork/srv/eng/thesaurus.download?ref=external.theme.httpinspireeceuropaeumetadatacodelistPrioritydataset-Prioritydataset"}
checkxlinkurl.template.feature:15 - status code was: 500, expected: 200, response time: 368, url: https://ngr.geocat.live/geonetwork/srv/eng/thesaurus.download?ref=external.theme.httpinspireeceuropaeumetadatacodelistPrioritydataset-Prioritydataset, response: 
-------
feature call (loop) failed at index: 3
caller: classpath:InspireTest/ngr/datasetrecords/def/checkxlinkurl.template.feature
arg: {"link":"urn:ogc:def:crs:EPSG::5709"}
checkxlinkurl.template.feature:14 - 
org.apache.http.client.ClientProtocolException: URI does not specify a valid host name: urn:ogc:def:crs:EPSG::5709
[1.140:16] check-known-dataset-record.feature:79 - feature call (loop) failed: classpath:InspireTest/ngr/datasetrecords/def/checkxlinkurl.template.feature
caller: classpath:InspireTest/ngr/datasetrecords/check-known-dataset-record.feature
items: [{link=http://www.opengis.net/def/crs/EPSG/0/http://www.opengis.net/def/crs/EPSG/0/3034}, {link=http://nationaalgeoregister.nl/geonetwork/srv/dut/csw?SERVICE=CSW&version=2.0.2&REQUEST=GetRecordById&elementSetName=full&OutputSchema=http://www.isotc211.org/2005/gmd&ID=f0821bfe-5a0a-11e9-8647-d663bd873d93}, {link=https://creativecommons.org/publicdomain/mark/*/deed.nl}, {link=}]
errors:
-------
feature call (loop) failed at index: 2
caller: classpath:InspireTest/ngr/datasetrecords/def/checkxlinkurl.template.feature
arg: {"link":"https://creativecommons.org/publicdomain/mark/*/deed.nl"}
checkxlinkurl.template.feature:15 - status code was: 404, expected: 200, response time: 55, url: https://creativecommons.org/publicdomain/mark/*/deed.nl, response: 
-------
feature call (loop) failed at index: 3
caller: classpath:InspireTest/ngr/datasetrecords/def/checkxlinkurl.template.feature
arg: {"link":""}
checkxlinkurl.template.feature:14 - 
org.apache.http.client.ClientProtocolException
[1.141:16] check-known-dataset-record.feature:79 - feature call (loop) failed: classpath:InspireTest/ngr/datasetrecords/def/checkxlinkurl.template.feature
caller: classpath:InspireTest/ngr/datasetrecords/check-known-dataset-record.feature
items: [{link=https://www.nationaalgeoregister.nl/geonetwork/srv/dut/catalog.search#/metadata/10f9ec6-4464-462e-9765-83d90cefbeab}, {link=http://rdfdata.eionet.europa.eu/inspirethemes/themes/24}, {link=https://ngr.geocat.live/geonetwork/srv/eng/thesaurus.download?ref=external.theme.httpinspireeceuropaeumetadatacodelistPrioritydataset-Prioritydataset}, {link=urn:ogc:def:crs:EPSG::5709}]
errors:
-------
feature call (loop) failed at index: 1
caller: classpath:InspireTest/ngr/datasetrecords/def/checkxlinkurl.template.feature
arg: {"link":"http://rdfdata.eionet.europa.eu/inspirethemes/themes/24"}
checkxlinkurl.template.feature:15 - status code was: 404, expected: 200, response time: 199, url: http://rdfdata.eionet.europa.eu/inspirethemes/themes/24, response: 
-------
feature call (loop) failed at index: 2
caller: classpath:InspireTest/ngr/datasetrecords/def/checkxlinkurl.template.feature
arg: {"link":"https://ngr.geocat.live/geonetwork/srv/eng/thesaurus.download?ref=external.theme.httpinspireeceuropaeumetadatacodelistPrioritydataset-Prioritydataset"}
checkxlinkurl.template.feature:15 - status code was: 500, expected: 200, response time: 374, url: https://ngr.geocat.live/geonetwork/srv/eng/thesaurus.download?ref=external.theme.httpinspireeceuropaeumetadatacodelistPrioritydataset-Prioritydataset, response: 
-------
feature call (loop) failed at index: 3
caller: classpath:InspireTest/ngr/datasetrecords/def/checkxlinkurl.template.feature
arg: {"link":"urn:ogc:def:crs:EPSG::5709"}
checkxlinkurl.template.feature:14 - 
org.apache.http.client.ClientProtocolException: URI does not specify a valid host name: urn:ogc:def:crs:EPSG::5709
[1.142:16] check-known-dataset-record.feature:79 - feature call (loop) failed: classpath:InspireTest/ngr/datasetrecords/def/checkxlinkurl.template.feature
caller: classpath:InspireTest/ngr/datasetrecords/check-known-dataset-record.feature
items: [{link=https://www.nationaalgeoregister.nl/geonetwork/srv/dut/catalog.search#/metadata/2e31680f-68b5-4ff3-94a4-9c24109ffd5e}, {link=http://rdfdata.eionet.europa.eu/inspirethemes/themes/24}, {link=https://ngr.geocat.live/geonetwork/srv/eng/thesaurus.download?ref=external.theme.httpinspireeceuropaeumetadatacodelistPrioritydataset-Prioritydataset}, {link=urn:ogc:def:crs:EPSG::5709}]
errors:
-------
feature call (loop) failed at index: 1
caller: classpath:InspireTest/ngr/datasetrecords/def/checkxlinkurl.template.feature
arg: {"link":"http://rdfdata.eionet.europa.eu/inspirethemes/themes/24"}
checkxlinkurl.template.feature:15 - status code was: 404, expected: 200, response time: 200, url: http://rdfdata.eionet.europa.eu/inspirethemes/themes/24, response: 
-------
feature call (loop) failed at index: 2
caller: classpath:InspireTest/ngr/datasetrecords/def/checkxlinkurl.template.feature
arg: {"link":"https://ngr.geocat.live/geonetwork/srv/eng/thesaurus.download?ref=external.theme.httpinspireeceuropaeumetadatacodelistPrioritydataset-Prioritydataset"}
checkxlinkurl.template.feature:15 - status code was: 500, expected: 200, response time: 308, url: https://ngr.geocat.live/geonetwork/srv/eng/thesaurus.download?ref=external.theme.httpinspireeceuropaeumetadatacodelistPrioritydataset-Prioritydataset, response: 
-------
feature call (loop) failed at index: 3
caller: classpath:InspireTest/ngr/datasetrecords/def/checkxlinkurl.template.feature
arg: {"link":"urn:ogc:def:crs:EPSG::5709"}
checkxlinkurl.template.feature:14 - 
org.apache.http.client.ClientProtocolException: URI does not specify a valid host name: urn:ogc:def:crs:EPSG::5709
[1.143:16] check-known-dataset-record.feature:79 - feature call (loop) failed: classpath:InspireTest/ngr/datasetrecords/def/checkxlinkurl.template.feature
caller: classpath:InspireTest/ngr/datasetrecords/check-known-dataset-record.feature
items: [{link=https://www.nationaalgeoregister.nl/geonetwork/srv/dut/catalog.search#/metadata/622a632a-c57b-44a2-83a4-e51223d5f15g}, {link=http://rdfdata.eionet.europa.eu/inspirethemes/themes/24}, {link=https://ngr.geocat.live/geonetwork/srv/eng/thesaurus.download?ref=external.theme.httpinspireeceuropaeumetadatacodelistPrioritydataset-Prioritydataset}, {link=urn:ogc:def:crs:EPSG::5709}]
errors:
-------
feature call (loop) failed at index: 1
caller: classpath:InspireTest/ngr/datasetrecords/def/checkxlinkurl.template.feature
arg: {"link":"http://rdfdata.eionet.europa.eu/inspirethemes/themes/24"}
checkxlinkurl.template.feature:15 - status code was: 404, expected: 200, response time: 200, url: http://rdfdata.eionet.europa.eu/inspirethemes/themes/24, response: 
-------
feature call (loop) failed at index: 2
caller: classpath:InspireTest/ngr/datasetrecords/def/checkxlinkurl.template.feature
arg: {"link":"https://ngr.geocat.live/geonetwork/srv/eng/thesaurus.download?ref=external.theme.httpinspireeceuropaeumetadatacodelistPrioritydataset-Prioritydataset"}
checkxlinkurl.template.feature:15 - status code was: 500, expected: 200, response time: 316, url: https://ngr.geocat.live/geonetwork/srv/eng/thesaurus.download?ref=external.theme.httpinspireeceuropaeumetadatacodelistPrioritydataset-Prioritydataset, response: 
-------
feature call (loop) failed at index: 3
caller: classpath:InspireTest/ngr/datasetrecords/def/checkxlinkurl.template.feature
arg: {"link":"urn:ogc:def:crs:EPSG::5709"}
checkxlinkurl.template.feature:14 - 
org.apache.http.client.ClientProtocolException: URI does not specify a valid host name: urn:ogc:def:crs:EPSG::5709
[1.144:16] check-known-dataset-record.feature:79 - feature call (loop) failed: classpath:InspireTest/ngr/datasetrecords/def/checkxlinkurl.template.feature
caller: classpath:InspireTest/ngr/datasetrecords/check-known-dataset-record.feature
items: [{link=https://www.nationaalgeoregister.nl/geonetwork/srv/dut/catalog.search#/metadata/krw-f7bb2351-9788-42ea-a58b-a5ee1842304e}, {link=http://rdfdata.eionet.europa.eu/inspirethemes/themes/24}, {link=https://ngr.geocat.live/geonetwork/srv/eng/thesaurus.download?ref=external.theme.httpinspireeceuropaeumetadatacodelistPrioritydataset-Prioritydataset}, {link=urn:ogc:def:crs:EPSG::5709}]
errors:
-------
feature call (loop) failed at index: 1
caller: classpath:InspireTest/ngr/datasetrecords/def/checkxlinkurl.template.feature
arg: {"link":"http://rdfdata.eionet.europa.eu/inspirethemes/themes/24"}
checkxlinkurl.template.feature:15 - status code was: 404, expected: 200, response time: 201, url: http://rdfdata.eionet.europa.eu/inspirethemes/themes/24, response: 
-------
feature call (loop) failed at index: 2
caller: classpath:InspireTest/ngr/datasetrecords/def/checkxlinkurl.template.feature
arg: {"link":"https://ngr.geocat.live/geonetwork/srv/eng/thesaurus.download?ref=external.theme.httpinspireeceuropaeumetadatacodelistPrioritydataset-Prioritydataset"}
checkxlinkurl.template.feature:15 - status code was: 500, expected: 200, response time: 322, url: https://ngr.geocat.live/geonetwork/srv/eng/thesaurus.download?ref=external.theme.httpinspireeceuropaeumetadatacodelistPrioritydataset-Prioritydataset, response: 
-------
feature call (loop) failed at index: 3
caller: classpath:InspireTest/ngr/datasetrecords/def/checkxlinkurl.template.feature
arg: {"link":"urn:ogc:def:crs:EPSG::5709"}
checkxlinkurl.template.feature:14 - 
org.apache.http.client.ClientProtocolException: URI does not specify a valid host name: urn:ogc:def:crs:EPSG::5709
[1.145:16] check-known-dataset-record.feature:47 - xpath does not exist: /GetRecordByIdResponse//@href on response
[1.146:16] check-known-dataset-record.feature:79 - feature call (loop) failed: classpath:InspireTest/ngr/datasetrecords/def/checkxlinkurl.template.feature
caller: classpath:InspireTest/ngr/datasetrecords/check-known-dataset-record.feature
items: [{link=https://www.nationaalgeoregister.nl/geonetwork/srv/dut/catalog.search#/metadata/110f9ec6-4464-462e-9765-83d90cefbead}, {link=http://rdfdata.eionet.europa.eu/inspirethemes/themes/24}, {link=https://ngr.geocat.live/geonetwork/srv/eng/thesaurus.download?ref=external.theme.httpinspireeceuropaeumetadatacodelistPrioritydataset-Prioritydataset}]
errors:
-------
feature call (loop) failed at index: 1
caller: classpath:InspireTest/ngr/datasetrecords/def/checkxlinkurl.template.feature
arg: {"link":"http://rdfdata.eionet.europa.eu/inspirethemes/themes/24"}
checkxlinkurl.template.feature:15 - status code was: 404, expected: 200, response time: 200, url: http://rdfdata.eionet.europa.eu/inspirethemes/themes/24, response: 
-------
feature call (loop) failed at index: 2
caller: classpath:InspireTest/ngr/datasetrecords/def/checkxlinkurl.template.feature
arg: {"link":"https://ngr.geocat.live/geonetwork/srv/eng/thesaurus.download?ref=external.theme.httpinspireeceuropaeumetadatacodelistPrioritydataset-Prioritydataset"}
checkxlinkurl.template.feature:15 - status code was: 500, expected: 200, response time: 326, url: https://ngr.geocat.live/geonetwork/srv/eng/thesaurus.download?ref=external.theme.httpinspireeceuropaeumetadatacodelistPrioritydataset-Prioritydataset, response: 
[1.147:16] check-known-dataset-record.feature:79 - feature call (loop) failed: classpath:InspireTest/ngr/datasetrecords/def/checkxlinkurl.template.feature
caller: classpath:InspireTest/ngr/datasetrecords/check-known-dataset-record.feature
items: [{link=http://www.opengis.net/def/crs/EPSG/0/https://www.opengis.net/def/crs/EPSG/0/4258}, {link=https://www.nationaalgeoregister.nl/geonetwork/srv/api/recordsbb11be63-bd38-4632-bf54-df44c423a529}]
errors:
-------
feature call (loop) failed at index: 1
caller: classpath:InspireTest/ngr/datasetrecords/def/checkxlinkurl.template.feature
arg: {"link":"https://www.nationaalgeoregister.nl/geonetwork/srv/api/recordsbb11be63-bd38-4632-bf54-df44c423a529"}
checkxlinkurl.template.feature:15 - status code was: 500, expected: 200, response time: 477, url: https://www.nationaalgeoregister.nl/geonetwork/srv/api/recordsbb11be63-bd38-4632-bf54-df44c423a529, response: 
[1.148:16] check-known-dataset-record.feature:79 - feature call (loop) failed: classpath:InspireTest/ngr/datasetrecords/def/checkxlinkurl.template.feature
caller: classpath:InspireTest/ngr/datasetrecords/check-known-dataset-record.feature
items: [{link=https://www.nationaalgeoregister.nl/geonetwork/srv/dut/catalog.search#/metadata/krw2006-c57b-44a2-83a4-e51223d5f15g}, {link=http://rdfdata.eionet.europa.eu/inspirethemes/themes/24}, {link=https://ngr.geocat.live/geonetwork/srv/eng/thesaurus.download?ref=external.theme.httpinspireeceuropaeumetadatacodelistPrioritydataset-Prioritydataset}, {link=urn:ogc:def:crs:EPSG::5709}]
errors:
-------
feature call (loop) failed at index: 1
caller: classpath:InspireTest/ngr/datasetrecords/def/checkxlinkurl.template.feature
arg: {"link":"http://rdfdata.eionet.europa.eu/inspirethemes/themes/24"}
checkxlinkurl.template.feature:15 - status code was: 404, expected: 200, response time: 200, url: http://rdfdata.eionet.europa.eu/inspirethemes/themes/24, response: 
-------
feature call (loop) failed at index: 2
caller: classpath:InspireTest/ngr/datasetrecords/def/checkxlinkurl.template.feature
arg: {"link":"https://ngr.geocat.live/geonetwork/srv/eng/thesaurus.download?ref=external.theme.httpinspireeceuropaeumetadatacodelistPrioritydataset-Prioritydataset"}
checkxlinkurl.template.feature:15 - status code was: 500, expected: 200, response time: 440, url: https://ngr.geocat.live/geonetwork/srv/eng/thesaurus.download?ref=external.theme.httpinspireeceuropaeumetadatacodelistPrioritydataset-Prioritydataset, response: 
-------
feature call (loop) failed at index: 3
caller: classpath:InspireTest/ngr/datasetrecords/def/checkxlinkurl.template.feature
arg: {"link":"urn:ogc:def:crs:EPSG::5709"}
checkxlinkurl.template.feature:14 - 
org.apache.http.client.ClientProtocolException: URI does not specify a valid host name: urn:ogc:def:crs:EPSG::5709
[1.149:16] check-known-dataset-record.feature:79 - feature call (loop) failed: classpath:InspireTest/ngr/datasetrecords/def/checkxlinkurl.template.feature
caller: classpath:InspireTest/ngr/datasetrecords/check-known-dataset-record.feature
items: [{link=https://www.nationaalgeoregister.nl/geonetwork/srv/dut/catalog.search#/metadata/krm-a905-9d8e-4758-83fa-28b057f185e3}, {link=http://rdfdata.eionet.europa.eu/inspirethemes/themes/24}, {link=https://ngr.geocat.live/geonetwork/srv/eng/thesaurus.download?ref=external.theme.httpinspireeceuropaeumetadatacodelistPrioritydataset-Prioritydataset}]
errors:
-------
feature call (loop) failed at index: 1
caller: classpath:InspireTest/ngr/datasetrecords/def/checkxlinkurl.template.feature
arg: {"link":"http://rdfdata.eionet.europa.eu/inspirethemes/themes/24"}
checkxlinkurl.template.feature:15 - status code was: 404, expected: 200, response time: 200, url: http://rdfdata.eionet.europa.eu/inspirethemes/themes/24, response: 
-------
feature call (loop) failed at index: 2
caller: classpath:InspireTest/ngr/datasetrecords/def/checkxlinkurl.template.feature
arg: {"link":"https://ngr.geocat.live/geonetwork/srv/eng/thesaurus.download?ref=external.theme.httpinspireeceuropaeumetadatacodelistPrioritydataset-Prioritydataset"}
checkxlinkurl.template.feature:15 - status code was: 500, expected: 200, response time: 470, url: https://ngr.geocat.live/geonetwork/srv/eng/thesaurus.download?ref=external.theme.httpinspireeceuropaeumetadatacodelistPrioritydataset-Prioritydataset, response: 
[1.150:16] check-known-dataset-record.feature:79 - feature call (loop) failed: classpath:InspireTest/ngr/datasetrecords/def/checkxlinkurl.template.feature
caller: classpath:InspireTest/ngr/datasetrecords/check-known-dataset-record.feature
items: [{link=https://www.nationaalgeoregister.nl/geonetwork/srv/dut/catalog.search#/metadata/krm-a905-9d8e-4758-83fa-28b057f185e4}, {link=http://rdfdata.eionet.europa.eu/inspirethemes/themes/24}, {link=https://ngr.geocat.live/geonetwork/srv/eng/thesaurus.download?ref=external.theme.httpinspireeceuropaeumetadatacodelistPrioritydataset-Prioritydataset}]
errors:
-------
feature call (loop) failed at index: 1
caller: classpath:InspireTest/ngr/datasetrecords/def/checkxlinkurl.template.feature
arg: {"link":"http://rdfdata.eionet.europa.eu/inspirethemes/themes/24"}
checkxlinkurl.template.feature:15 - status code was: 404, expected: 200, response time: 200, url: http://rdfdata.eionet.europa.eu/inspirethemes/themes/24, response: 
-------
feature call (loop) failed at index: 2
caller: classpath:InspireTest/ngr/datasetrecords/def/checkxlinkurl.template.feature
arg: {"link":"https://ngr.geocat.live/geonetwork/srv/eng/thesaurus.download?ref=external.theme.httpinspireeceuropaeumetadatacodelistPrioritydataset-Prioritydataset"}
checkxlinkurl.template.feature:15 - status code was: 500, expected: 200, response time: 345, url: https://ngr.geocat.live/geonetwork/srv/eng/thesaurus.download?ref=external.theme.httpinspireeceuropaeumetadatacodelistPrioritydataset-Prioritydataset, response: 
[1.151:16] check-known-dataset-record.feature:79 - feature call (loop) failed: classpath:InspireTest/ngr/datasetrecords/def/checkxlinkurl.template.feature
caller: classpath:InspireTest/ngr/datasetrecords/check-known-dataset-record.feature
items: [{link=https://www.nationaalgeoregister.nl/geonetwork/srv/dut/catalog.search#/metadata/110f9ec6-4464-462e-9765-83d90cefbeac}, {link=http://rdfdata.eionet.europa.eu/inspirethemes/themes/24}, {link=https://ngr.geocat.live/geonetwork/srv/eng/thesaurus.download?ref=external.theme.httpinspireeceuropaeumetadatacodelistPrioritydataset-Prioritydataset}]
errors:
-------
feature call (loop) failed at index: 1
caller: classpath:InspireTest/ngr/datasetrecords/def/checkxlinkurl.template.feature
arg: {"link":"http://rdfdata.eionet.europa.eu/inspirethemes/themes/24"}
checkxlinkurl.template.feature:15 - status code was: 404, expected: 200, response time: 200, url: http://rdfdata.eionet.europa.eu/inspirethemes/themes/24, response: 
-------
feature call (loop) failed at index: 2
caller: classpath:InspireTest/ngr/datasetrecords/def/checkxlinkurl.template.feature
arg: {"link":"https://ngr.geocat.live/geonetwork/srv/eng/thesaurus.download?ref=external.theme.httpinspireeceuropaeumetadatacodelistPrioritydataset-Prioritydataset"}
checkxlinkurl.template.feature:15 - status code was: 500, expected: 200, response time: 325, url: https://ngr.geocat.live/geonetwork/srv/eng/thesaurus.download?ref=external.theme.httpinspireeceuropaeumetadatacodelistPrioritydataset-Prioritydataset, response: 
[1.152:16] check-known-dataset-record.feature:79 - feature call (loop) failed: classpath:InspireTest/ngr/datasetrecords/def/checkxlinkurl.template.feature
caller: classpath:InspireTest/ngr/datasetrecords/check-known-dataset-record.feature
items: [{link=https://www.nationaalgeoregister.nl/geonetwork/srv/dut/catalog.search#/metadata/krw-782cab20-8328-45f1-a9b2-c27d07c14066}, {link=http://rdfdata.eionet.europa.eu/inspirethemes/themes/24}, {link=https://ngr.geocat.live/geonetwork/srv/eng/thesaurus.download?ref=external.theme.httpinspireeceuropaeumetadatacodelistPrioritydataset-Prioritydataset}, {link=urn:ogc:def:crs:EPSG::5709}]
errors:
-------
feature call (loop) failed at index: 1
caller: classpath:InspireTest/ngr/datasetrecords/def/checkxlinkurl.template.feature
arg: {"link":"http://rdfdata.eionet.europa.eu/inspirethemes/themes/24"}
checkxlinkurl.template.feature:15 - status code was: 404, expected: 200, response time: 200, url: http://rdfdata.eionet.europa.eu/inspirethemes/themes/24, response: 
-------
feature call (loop) failed at index: 2
caller: classpath:InspireTest/ngr/datasetrecords/def/checkxlinkurl.template.feature
arg: {"link":"https://ngr.geocat.live/geonetwork/srv/eng/thesaurus.download?ref=external.theme.httpinspireeceuropaeumetadatacodelistPrioritydataset-Prioritydataset"}
checkxlinkurl.template.feature:15 - status code was: 500, expected: 200, response time: 330, url: https://ngr.geocat.live/geonetwork/srv/eng/thesaurus.download?ref=external.theme.httpinspireeceuropaeumetadatacodelistPrioritydataset-Prioritydataset, response: 
-------
feature call (loop) failed at index: 3
caller: classpath:InspireTest/ngr/datasetrecords/def/checkxlinkurl.template.feature
arg: {"link":"urn:ogc:def:crs:EPSG::5709"}
checkxlinkurl.template.feature:14 - 
org.apache.http.client.ClientProtocolException: URI does not specify a valid host name: urn:ogc:def:crs:EPSG::5709
[1.153:16] check-known-dataset-record.feature:79 - feature call (loop) failed: classpath:InspireTest/ngr/datasetrecords/def/checkxlinkurl.template.feature
caller: classpath:InspireTest/ngr/datasetrecords/check-known-dataset-record.feature
items: [{link=https://www.nationaalgeoregister.nl/geonetwork/srv/dut/catalog.search#/metadata/891ddc2d-8949-4a45-be96-c65b87c41f13}, {link=http://rdfdata.eionet.europa.eu/inspirethemes/themes/20}, {link=https://ngr.geocat.live/geonetwork/srv/eng/thesaurus.download?ref=external.theme.httpinspireeceuropaeumetadatacodelistPrioritydataset-Prioritydataset}]
errors:
-------
feature call (loop) failed at index: 1
caller: classpath:InspireTest/ngr/datasetrecords/def/checkxlinkurl.template.feature
arg: {"link":"http://rdfdata.eionet.europa.eu/inspirethemes/themes/20"}
checkxlinkurl.template.feature:15 - status code was: 404, expected: 200, response time: 200, url: http://rdfdata.eionet.europa.eu/inspirethemes/themes/20, response: 
-------
feature call (loop) failed at index: 2
caller: classpath:InspireTest/ngr/datasetrecords/def/checkxlinkurl.template.feature
arg: {"link":"https://ngr.geocat.live/geonetwork/srv/eng/thesaurus.download?ref=external.theme.httpinspireeceuropaeumetadatacodelistPrioritydataset-Prioritydataset"}
checkxlinkurl.template.feature:15 - status code was: 500, expected: 200, response time: 336, url: https://ngr.geocat.live/geonetwork/srv/eng/thesaurus.download?ref=external.theme.httpinspireeceuropaeumetadatacodelistPrioritydataset-Prioritydataset, response: 
[1.154:16] check-known-dataset-record.feature:79 - feature call (loop) failed: classpath:InspireTest/ngr/datasetrecords/def/checkxlinkurl.template.feature
caller: classpath:InspireTest/ngr/datasetrecords/check-known-dataset-record.feature
items: [{link=http://kadaster/e2318c58-b1e6-4621-9c77-33b8a1fd0e76}]
errors:
-------
feature call (loop) failed at index: 0
caller: classpath:InspireTest/ngr/datasetrecords/def/checkxlinkurl.template.feature
arg: {"link":"http://kadaster/e2318c58-b1e6-4621-9c77-33b8a1fd0e76"}
checkxlinkurl.template.feature:14 - 
java.net.UnknownHostException: kadaster: Temporary failure in name resolution
[1.156:16] check-known-dataset-record.feature:79 - feature call (loop) failed: classpath:InspireTest/ngr/datasetrecords/def/checkxlinkurl.template.feature
caller: classpath:InspireTest/ngr/datasetrecords/check-known-dataset-record.feature
items: [{link=}]
errors:
-------
feature call (loop) failed at index: 0
caller: classpath:InspireTest/ngr/datasetrecords/def/checkxlinkurl.template.feature
arg: {"link":""}
checkxlinkurl.template.feature:14 - 
org.apache.http.client.ClientProtocolException
[1.157:16] check-known-dataset-record.feature:79 - feature call (loop) failed: classpath:InspireTest/ngr/datasetrecords/def/checkxlinkurl.template.feature
caller: classpath:InspireTest/ngr/datasetrecords/check-known-dataset-record.feature
items: [{link=http://services.rce.geovoorziening.nl/www/download/nl.xml}, {link=}, {link=}]
errors:
-------
feature call (loop) failed at index: 1
caller: classpath:InspireTest/ngr/datasetrecords/def/checkxlinkurl.template.feature
arg: {"link":""}
checkxlinkurl.template.feature:14 - 
org.apache.http.client.ClientProtocolException
-------
feature call (loop) failed at index: 2
caller: classpath:InspireTest/ngr/datasetrecords/def/checkxlinkurl.template.feature
arg: {"link":""}
checkxlinkurl.template.feature:14 - 
org.apache.http.client.ClientProtocolException
[1.158:16] check-known-dataset-record.feature:79 - feature call (loop) failed: classpath:InspireTest/ngr/datasetrecords/def/checkxlinkurl.template.feature
caller: classpath:InspireTest/ngr/datasetrecords/check-known-dataset-record.feature
items: [{link=https://www.nationaalgeoregister.nl/geonetwork/srv/dut/catalog.search#/metadata/a9b7026e-0a81-4813-93bd-ba49e6f28502}, {link=http://rdfdata.eionet.europa.eu/inspirethemes/themes/7}, {link=http://rdfdata.eionet.europa.eu/inspirethemes/themes/18}, {link=https://ngr.geocat.live/geonetwork/srv/eng/thesaurus.download?ref=external.theme.httpinspireeceuropaeumetadatacodelistPrioritydataset-Prioritydataset}, {link=urn:ogc:def:crs:EPSG::5709}]
errors:
-------
feature call (loop) failed at index: 1
caller: classpath:InspireTest/ngr/datasetrecords/def/checkxlinkurl.template.feature
arg: {"link":"http://rdfdata.eionet.europa.eu/inspirethemes/themes/7"}
checkxlinkurl.template.feature:15 - status code was: 404, expected: 200, response time: 274, url: http://rdfdata.eionet.europa.eu/inspirethemes/themes/7, response: 
-------
feature call (loop) failed at index: 2
caller: classpath:InspireTest/ngr/datasetrecords/def/checkxlinkurl.template.feature
arg: {"link":"http://rdfdata.eionet.europa.eu/inspirethemes/themes/18"}
checkxlinkurl.template.feature:15 - status code was: 404, expected: 200, response time: 200, url: http://rdfdata.eionet.europa.eu/inspirethemes/themes/18, response: 
-------
feature call (loop) failed at index: 3
caller: classpath:InspireTest/ngr/datasetrecords/def/checkxlinkurl.template.feature
arg: {"link":"https://ngr.geocat.live/geonetwork/srv/eng/thesaurus.download?ref=external.theme.httpinspireeceuropaeumetadatacodelistPrioritydataset-Prioritydataset"}
checkxlinkurl.template.feature:15 - status code was: 500, expected: 200, response time: 309, url: https://ngr.geocat.live/geonetwork/srv/eng/thesaurus.download?ref=external.theme.httpinspireeceuropaeumetadatacodelistPrioritydataset-Prioritydataset, response: 
-------
feature call (loop) failed at index: 4
caller: classpath:InspireTest/ngr/datasetrecords/def/checkxlinkurl.template.feature
arg: {"link":"urn:ogc:def:crs:EPSG::5709"}
checkxlinkurl.template.feature:14 - 
org.apache.http.client.ClientProtocolException: URI does not specify a valid host name: urn:ogc:def:crs:EPSG::5709
[1.161:16] check-known-dataset-record.feature:79 - feature call (loop) failed: classpath:InspireTest/ngr/datasetrecords/def/checkxlinkurl.template.feature
caller: classpath:InspireTest/ngr/datasetrecords/check-known-dataset-record.feature
items: [{link=}]
errors:
-------
feature call (loop) failed at index: 0
caller: classpath:InspireTest/ngr/datasetrecords/def/checkxlinkurl.template.feature
arg: {"link":""}
checkxlinkurl.template.feature:14 - 
org.apache.http.client.ClientProtocolException
[1.163:16] check-known-dataset-record.feature:79 - feature call (loop) failed: classpath:InspireTest/ngr/datasetrecords/def/checkxlinkurl.template.feature
caller: classpath:InspireTest/ngr/datasetrecords/check-known-dataset-record.feature
items: [{link=http://www.opengis.net/def/crs/EPSG/0/https://www.opengis.net/def/crs/EPSG/0/4258}, {link=https://www.nationaalgeoregister.nl/geonetwork/srv/api/records4cda487b-c467-490c-a843-6563fec016be}]
errors:
-------
feature call (loop) failed at index: 1
caller: classpath:InspireTest/ngr/datasetrecords/def/checkxlinkurl.template.feature
arg: {"link":"https://www.nationaalgeoregister.nl/geonetwork/srv/api/records4cda487b-c467-490c-a843-6563fec016be"}
checkxlinkurl.template.feature:15 - status code was: 500, expected: 200, response time: 449, url: https://www.nationaalgeoregister.nl/geonetwork/srv/api/records4cda487b-c467-490c-a843-6563fec016be, response: 
[1.164:16] check-known-dataset-record.feature:79 - feature call (loop) failed: classpath:InspireTest/ngr/datasetrecords/def/checkxlinkurl.template.feature
caller: classpath:InspireTest/ngr/datasetrecords/check-known-dataset-record.feature
items: [{link=https://www.nationaalgeoregister.nl/geonetwork/srv/dut/catalog.search#/metadata/ror-9d8e-4758-83fx-28b057f185e1}, {link=http://rdfdata.eionet.europa.eu/inspirethemes/themes/25}, {link=https://ngr.geocat.live/geonetwork/srv/eng/thesaurus.download?ref=external.theme.httpinspireeceuropaeumetadatacodelistPrioritydataset-Prioritydataset}, {link=urn:ogc:def:crs:EPSG::5709}]
errors:
-------
feature call (loop) failed at index: 1
caller: classpath:InspireTest/ngr/datasetrecords/def/checkxlinkurl.template.feature
arg: {"link":"http://rdfdata.eionet.europa.eu/inspirethemes/themes/25"}
checkxlinkurl.template.feature:15 - status code was: 404, expected: 200, response time: 200, url: http://rdfdata.eionet.europa.eu/inspirethemes/themes/25, response: 
-------
feature call (loop) failed at index: 2
caller: classpath:InspireTest/ngr/datasetrecords/def/checkxlinkurl.template.feature
arg: {"link":"https://ngr.geocat.live/geonetwork/srv/eng/thesaurus.download?ref=external.theme.httpinspireeceuropaeumetadatacodelistPrioritydataset-Prioritydataset"}
checkxlinkurl.template.feature:15 - status code was: 500, expected: 200, response time: 327, url: https://ngr.geocat.live/geonetwork/srv/eng/thesaurus.download?ref=external.theme.httpinspireeceuropaeumetadatacodelistPrioritydataset-Prioritydataset, response: 
-------
feature call (loop) failed at index: 3
caller: classpath:InspireTest/ngr/datasetrecords/def/checkxlinkurl.template.feature
arg: {"link":"urn:ogc:def:crs:EPSG::5709"}
checkxlinkurl.template.feature:14 - 
org.apache.http.client.ClientProtocolException: URI does not specify a valid host name: urn:ogc:def:crs:EPSG::5709
[1.165:16] check-known-dataset-record.feature:79 - feature call (loop) failed: classpath:InspireTest/ngr/datasetrecords/def/checkxlinkurl.template.feature
caller: classpath:InspireTest/ngr/datasetrecords/check-known-dataset-record.feature
items: [{link=https://www.nationaalgeoregister.nl/geonetwork/srv/dut/catalog.search#/metadata/ror-9d8e-4758-83fx-28b057f185g1}, {link=http://rdfdata.eionet.europa.eu/inspirethemes/themes/25}, {link=https://ngr.geocat.live/geonetwork/srv/eng/thesaurus.download?ref=external.theme.httpinspireeceuropaeumetadatacodelistPrioritydataset-Prioritydataset}, {link=urn:ogc:def:crs:EPSG::5709}]
errors:
-------
feature call (loop) failed at index: 1
caller: classpath:InspireTest/ngr/datasetrecords/def/checkxlinkurl.template.feature
arg: {"link":"http://rdfdata.eionet.europa.eu/inspirethemes/themes/25"}
checkxlinkurl.template.feature:15 - status code was: 404, expected: 200, response time: 203, url: http://rdfdata.eionet.europa.eu/inspirethemes/themes/25, response: 
-------
feature call (loop) failed at index: 2
caller: classpath:InspireTest/ngr/datasetrecords/def/checkxlinkurl.template.feature
arg: {"link":"https://ngr.geocat.live/geonetwork/srv/eng/thesaurus.download?ref=external.theme.httpinspireeceuropaeumetadatacodelistPrioritydataset-Prioritydataset"}
checkxlinkurl.template.feature:15 - status code was: 500, expected: 200, response time: 317, url: https://ngr.geocat.live/geonetwork/srv/eng/thesaurus.download?ref=external.theme.httpinspireeceuropaeumetadatacodelistPrioritydataset-Prioritydataset, response: 
-------
feature call (loop) failed at index: 3
caller: classpath:InspireTest/ngr/datasetrecords/def/checkxlinkurl.template.feature
arg: {"link":"urn:ogc:def:crs:EPSG::5709"}
checkxlinkurl.template.feature:14 - 
org.apache.http.client.ClientProtocolException: URI does not specify a valid host name: urn:ogc:def:crs:EPSG::5709
[1.166:16] check-known-dataset-record.feature:79 - feature call (loop) failed: classpath:InspireTest/ngr/datasetrecords/def/checkxlinkurl.template.feature
caller: classpath:InspireTest/ngr/datasetrecords/check-known-dataset-record.feature
items: [{link=https://www.nationaalgeoregister.nl/geonetwork/srv/dut/catalog.search#/metadata/ror-9d8e-4758-83fx-28b057f185f1}, {link=http://rdfdata.eionet.europa.eu/inspirethemes/themes/25}, {link=https://ngr.geocat.live/geonetwork/srv/eng/thesaurus.download?ref=external.theme.httpinspireeceuropaeumetadatacodelistPrioritydataset-Prioritydataset}, {link=urn:ogc:def:crs:EPSG::5709}]
errors:
-------
feature call (loop) failed at index: 1
caller: classpath:InspireTest/ngr/datasetrecords/def/checkxlinkurl.template.feature
arg: {"link":"http://rdfdata.eionet.europa.eu/inspirethemes/themes/25"}
checkxlinkurl.template.feature:15 - status code was: 404, expected: 200, response time: 200, url: http://rdfdata.eionet.europa.eu/inspirethemes/themes/25, response: 
-------
feature call (loop) failed at index: 2
caller: classpath:InspireTest/ngr/datasetrecords/def/checkxlinkurl.template.feature
arg: {"link":"https://ngr.geocat.live/geonetwork/srv/eng/thesaurus.download?ref=external.theme.httpinspireeceuropaeumetadatacodelistPrioritydataset-Prioritydataset"}
checkxlinkurl.template.feature:15 - status code was: 500, expected: 200, response time: 310, url: https://ngr.geocat.live/geonetwork/srv/eng/thesaurus.download?ref=external.theme.httpinspireeceuropaeumetadatacodelistPrioritydataset-Prioritydataset, response: 
-------
feature call (loop) failed at index: 3
caller: classpath:InspireTest/ngr/datasetrecords/def/checkxlinkurl.template.feature
arg: {"link":"urn:ogc:def:crs:EPSG::5709"}
checkxlinkurl.template.feature:14 - 
org.apache.http.client.ClientProtocolException: URI does not specify a valid host name: urn:ogc:def:crs:EPSG::5709
[1.167:16] check-known-dataset-record.feature:79 - feature call (loop) failed: classpath:InspireTest/ngr/datasetrecords/def/checkxlinkurl.template.feature
caller: classpath:InspireTest/ngr/datasetrecords/check-known-dataset-record.feature
items: [{link=https://www.nationaalgeoregister.nl/geonetwork/srv/dut/catalog.search#/metadata/uwwtd-9d8e-4758-83fa-28b057f185e3}, {link=http://rdfdata.eionet.europa.eu/inspirethemes/themes/24}, {link=https://ngr.geocat.live/geonetwork/srv/eng/thesaurus.download?ref=external.theme.httpinspireeceuropaeumetadatacodelistPrioritydataset-Prioritydataset}, {link=urn:ogc:def:crs:EPSG::5709}]
errors:
-------
feature call (loop) failed at index: 1
caller: classpath:InspireTest/ngr/datasetrecords/def/checkxlinkurl.template.feature
arg: {"link":"http://rdfdata.eionet.europa.eu/inspirethemes/themes/24"}
checkxlinkurl.template.feature:15 - status code was: 404, expected: 200, response time: 200, url: http://rdfdata.eionet.europa.eu/inspirethemes/themes/24, response: 
-------
feature call (loop) failed at index: 2
caller: classpath:InspireTest/ngr/datasetrecords/def/checkxlinkurl.template.feature
arg: {"link":"https://ngr.geocat.live/geonetwork/srv/eng/thesaurus.download?ref=external.theme.httpinspireeceuropaeumetadatacodelistPrioritydataset-Prioritydataset"}
checkxlinkurl.template.feature:15 - status code was: 500, expected: 200, response time: 311, url: https://ngr.geocat.live/geonetwork/srv/eng/thesaurus.download?ref=external.theme.httpinspireeceuropaeumetadatacodelistPrioritydataset-Prioritydataset, response: 
-------
feature call (loop) failed at index: 3
caller: classpath:InspireTest/ngr/datasetrecords/def/checkxlinkurl.template.feature
arg: {"link":"urn:ogc:def:crs:EPSG::5709"}
checkxlinkurl.template.feature:14 - 
org.apache.http.client.ClientProtocolException: URI does not specify a valid host name: urn:ogc:def:crs:EPSG::5709
[1.168:16] check-known-dataset-record.feature:79 - feature call (loop) failed: classpath:InspireTest/ngr/datasetrecords/def/checkxlinkurl.template.feature
caller: classpath:InspireTest/ngr/datasetrecords/check-known-dataset-record.feature
items: [{link=https://www.nationaalgeoregister.nl/geonetwork/srv/dut/catalog.search#/metadata/uwwtd-9d8e-4758-83fa-28b057f185e2}, {link=http://rdfdata.eionet.europa.eu/inspirethemes/themes/24}, {link=https://ngr.geocat.live/geonetwork/srv/eng/thesaurus.download?ref=external.theme.httpinspireeceuropaeumetadatacodelistPrioritydataset-Prioritydataset}, {link=urn:ogc:def:crs:EPSG::5709}]
errors:
-------
feature call (loop) failed at index: 1
caller: classpath:InspireTest/ngr/datasetrecords/def/checkxlinkurl.template.feature
arg: {"link":"http://rdfdata.eionet.europa.eu/inspirethemes/themes/24"}
checkxlinkurl.template.feature:15 - status code was: 404, expected: 200, response time: 201, url: http://rdfdata.eionet.europa.eu/inspirethemes/themes/24, response: 
-------
feature call (loop) failed at index: 2
caller: classpath:InspireTest/ngr/datasetrecords/def/checkxlinkurl.template.feature
arg: {"link":"https://ngr.geocat.live/geonetwork/srv/eng/thesaurus.download?ref=external.theme.httpinspireeceuropaeumetadatacodelistPrioritydataset-Prioritydataset"}
checkxlinkurl.template.feature:15 - status code was: 500, expected: 200, response time: 319, url: https://ngr.geocat.live/geonetwork/srv/eng/thesaurus.download?ref=external.theme.httpinspireeceuropaeumetadatacodelistPrioritydataset-Prioritydataset, response: 
-------
feature call (loop) failed at index: 3
caller: classpath:InspireTest/ngr/datasetrecords/def/checkxlinkurl.template.feature
arg: {"link":"urn:ogc:def:crs:EPSG::5709"}
checkxlinkurl.template.feature:14 - 
org.apache.http.client.ClientProtocolException: URI does not specify a valid host name: urn:ogc:def:crs:EPSG::5709
[1.169:16] check-known-dataset-record.feature:79 - feature call (loop) failed: classpath:InspireTest/ngr/datasetrecords/def/checkxlinkurl.template.feature
caller: classpath:InspireTest/ngr/datasetrecords/check-known-dataset-record.feature
items: [{link=https://www.nationaalgeoregister.nl/geonetwork/srv/dut/catalog.search#/metadata/uwwtd-9d8e-4758-83fa-28b057f185e1}, {link=http://rdfdata.eionet.europa.eu/inspirethemes/themes/24}, {link=https://ngr.geocat.live/geonetwork/srv/eng/thesaurus.download?ref=external.theme.httpinspireeceuropaeumetadatacodelistPrioritydataset-Prioritydataset}, {link=urn:ogc:def:crs:EPSG::5709}]
errors:
-------
feature call (loop) failed at index: 1
caller: classpath:InspireTest/ngr/datasetrecords/def/checkxlinkurl.template.feature
arg: {"link":"http://rdfdata.eionet.europa.eu/inspirethemes/themes/24"}
checkxlinkurl.template.feature:15 - status code was: 404, expected: 200, response time: 209, url: http://rdfdata.eionet.europa.eu/inspirethemes/themes/24, response: 
-------
feature call (loop) failed at index: 2
caller: classpath:InspireTest/ngr/datasetrecords/def/checkxlinkurl.template.feature
arg: {"link":"https://ngr.geocat.live/geonetwork/srv/eng/thesaurus.download?ref=external.theme.httpinspireeceuropaeumetadatacodelistPrioritydataset-Prioritydataset"}
checkxlinkurl.template.feature:15 - status code was: 500, expected: 200, response time: 309, url: https://ngr.geocat.live/geonetwork/srv/eng/thesaurus.download?ref=external.theme.httpinspireeceuropaeumetadatacodelistPrioritydataset-Prioritydataset, response: 
-------
feature call (loop) failed at index: 3
caller: classpath:InspireTest/ngr/datasetrecords/def/checkxlinkurl.template.feature
arg: {"link":"urn:ogc:def:crs:EPSG::5709"}
checkxlinkurl.template.feature:14 - 
org.apache.http.client.ClientProtocolException: URI does not specify a valid host name: urn:ogc:def:crs:EPSG::5709
[1.170:16] check-known-dataset-record.feature:79 - feature call (loop) failed: classpath:InspireTest/ngr/datasetrecords/def/checkxlinkurl.template.feature
caller: classpath:InspireTest/ngr/datasetrecords/check-known-dataset-record.feature
items: [{link=http://kadaster/79a1c01b-21ad-43e8-a5c2-23e3eeb95be2}, {link=}]
errors:
-------
feature call (loop) failed at index: 0
caller: classpath:InspireTest/ngr/datasetrecords/def/checkxlinkurl.template.feature
arg: {"link":"http://kadaster/79a1c01b-21ad-43e8-a5c2-23e3eeb95be2"}
checkxlinkurl.template.feature:14 - 
java.net.UnknownHostException: kadaster
-------
feature call (loop) failed at index: 1
caller: classpath:InspireTest/ngr/datasetrecords/def/checkxlinkurl.template.feature
arg: {"link":""}
checkxlinkurl.template.feature:14 - 
org.apache.http.client.ClientProtocolException
[1.171:16] check-known-dataset-record.feature:79 - feature call (loop) failed: classpath:InspireTest/ngr/datasetrecords/def/checkxlinkurl.template.feature
caller: classpath:InspireTest/ngr/datasetrecords/check-known-dataset-record.feature
items: [{link=http://www.opengis.net/def/crs/EPSG/0/https://www.opengis.net/def/crs/EPSG/0/4258}, {link=https://www.nationaalgeoregister.nl/geonetwork/srv/api/recordse8b84fae-00b3-49c1-80c1-df8f69f64e8c}]
errors:
-------
feature call (loop) failed at index: 1
caller: classpath:InspireTest/ngr/datasetrecords/def/checkxlinkurl.template.feature
arg: {"link":"https://www.nationaalgeoregister.nl/geonetwork/srv/api/recordse8b84fae-00b3-49c1-80c1-df8f69f64e8c"}
checkxlinkurl.template.feature:15 - status code was: 500, expected: 200, response time: 310, url: https://www.nationaalgeoregister.nl/geonetwork/srv/api/recordse8b84fae-00b3-49c1-80c1-df8f69f64e8c, response: 
[1.172:16] check-known-dataset-record.feature:79 - feature call (loop) failed: classpath:InspireTest/ngr/datasetrecords/def/checkxlinkurl.template.feature
caller: classpath:InspireTest/ngr/datasetrecords/check-known-dataset-record.feature
items: [{link=http://www.opengis.net/def/crs/EPSG/0/http://www.opengis.net/def/crs/EPSG/0/3034}, {link=http://nationaalgeoregister.nl/geonetwork/srv/dut/csw?SERVICE=CSW&version=2.0.2&REQUEST=GetRecordById&elementSetName=full&OutputSchema=http://www.isotc211.org/2005/gmd&ID=0f128799-cf18-4b37-a721-e62b068191f5}, {link=https://creativecommons.org/publicdomain/mark/*/deed.nl}, {link=}]
errors:
-------
feature call (loop) failed at index: 2
caller: classpath:InspireTest/ngr/datasetrecords/def/checkxlinkurl.template.feature
arg: {"link":"https://creativecommons.org/publicdomain/mark/*/deed.nl"}
checkxlinkurl.template.feature:15 - status code was: 404, expected: 200, response time: 30, url: https://creativecommons.org/publicdomain/mark/*/deed.nl, response: 
-------
feature call (loop) failed at index: 3
caller: classpath:InspireTest/ngr/datasetrecords/def/checkxlinkurl.template.feature
arg: {"link":""}
checkxlinkurl.template.feature:14 - 
org.apache.http.client.ClientProtocolException
[1.174:16] check-known-dataset-record.feature:79 - feature call (loop) failed: classpath:InspireTest/ngr/datasetrecords/def/checkxlinkurl.template.feature
caller: classpath:InspireTest/ngr/datasetrecords/check-known-dataset-record.feature
items: [{link=https://www.nationaalgeoregister.nl/geonetwork/srv/dut/catalog.search#/metadata/5a1adb58-0bbe-425d-b0fe-577a6c0a4228}, {link=http://rdfdata.eionet.europa.eu/inspirethemes/themes/10}, {link=urn:ogc:def:crs:EPSG::5709}]
errors:
-------
feature call (loop) failed at index: 1
caller: classpath:InspireTest/ngr/datasetrecords/def/checkxlinkurl.template.feature
arg: {"link":"http://rdfdata.eionet.europa.eu/inspirethemes/themes/10"}
checkxlinkurl.template.feature:15 - status code was: 404, expected: 200, response time: 200, url: http://rdfdata.eionet.europa.eu/inspirethemes/themes/10, response: 
-------
feature call (loop) failed at index: 2
caller: classpath:InspireTest/ngr/datasetrecords/def/checkxlinkurl.template.feature
arg: {"link":"urn:ogc:def:crs:EPSG::5709"}
checkxlinkurl.template.feature:14 - 
org.apache.http.client.ClientProtocolException: URI does not specify a valid host name: urn:ogc:def:crs:EPSG::5709
[1.175:16] check-known-dataset-record.feature:79 - feature call (loop) failed: classpath:InspireTest/ngr/datasetrecords/def/checkxlinkurl.template.feature
caller: classpath:InspireTest/ngr/datasetrecords/check-known-dataset-record.feature
items: [{link=http://kadaster/2482250f-3b00-4439-9f93-f3118229b024}, {link=}, {link=}, {link=}]
errors:
-------
feature call (loop) failed at index: 0
caller: classpath:InspireTest/ngr/datasetrecords/def/checkxlinkurl.template.feature
arg: {"link":"http://kadaster/2482250f-3b00-4439-9f93-f3118229b024"}
checkxlinkurl.template.feature:14 - 
java.net.UnknownHostException: kadaster
-------
feature call (loop) failed at index: 1
caller: classpath:InspireTest/ngr/datasetrecords/def/checkxlinkurl.template.feature
arg: {"link":""}
checkxlinkurl.template.feature:14 - 
org.apache.http.client.ClientProtocolException
-------
feature call (loop) failed at index: 2
caller: classpath:InspireTest/ngr/datasetrecords/def/checkxlinkurl.template.feature
arg: {"link":""}
checkxlinkurl.template.feature:14 - 
org.apache.http.client.ClientProtocolException
-------
feature call (loop) failed at index: 3
caller: classpath:InspireTest/ngr/datasetrecords/def/checkxlinkurl.template.feature
arg: {"link":""}
checkxlinkurl.template.feature:14 - 
org.apache.http.client.ClientProtocolException
[1.176:16] check-known-dataset-record.feature:79 - feature call (loop) failed: classpath:InspireTest/ngr/datasetrecords/def/checkxlinkurl.template.feature
caller: classpath:InspireTest/ngr/datasetrecords/check-known-dataset-record.feature
items: [{link=http://kadaster/e2318c58-b1e6-4621-9c77-33b8a1fd0124}]
errors:
-------
feature call (loop) failed at index: 0
caller: classpath:InspireTest/ngr/datasetrecords/def/checkxlinkurl.template.feature
arg: {"link":"http://kadaster/e2318c58-b1e6-4621-9c77-33b8a1fd0124"}
checkxlinkurl.template.feature:14 - 
java.net.UnknownHostException: kadaster
[1.178:16] check-known-dataset-record.feature:79 - feature call (loop) failed: classpath:InspireTest/ngr/datasetrecords/def/checkxlinkurl.template.feature
caller: classpath:InspireTest/ngr/datasetrecords/check-known-dataset-record.feature
items: [{link=http://kadaster/06b6c650-cdb1-11dd-ad8b-0800200c9a77}]
errors:
-------
feature call (loop) failed at index: 0
caller: classpath:InspireTest/ngr/datasetrecords/def/checkxlinkurl.template.feature
arg: {"link":"http://kadaster/06b6c650-cdb1-11dd-ad8b-0800200c9a77"}
checkxlinkurl.template.feature:14 - 
java.net.UnknownHostException: kadaster
[1.179:16] check-known-dataset-record.feature:79 - feature call (loop) failed: classpath:InspireTest/ngr/datasetrecords/def/checkxlinkurl.template.feature
caller: classpath:InspireTest/ngr/datasetrecords/check-known-dataset-record.feature
items: [{link=http://nationaalgeoregister.nl/geonetwork/srv/dut/csw?SERVICE=CSW&version=2.0.2&REQUEST=GetRecordById&elementSetName=full&OutputSchema=http://www.isotc211.org/2005/gmd&ID=bc2c53f6-c908-4d7c-a6c0-78d9a2855640}, {link=https://creativecommons.org/publicdomain/mark/*/deed.nl}, {link=}]
errors:
-------
feature call (loop) failed at index: 1
caller: classpath:InspireTest/ngr/datasetrecords/def/checkxlinkurl.template.feature
arg: {"link":"https://creativecommons.org/publicdomain/mark/*/deed.nl"}
checkxlinkurl.template.feature:15 - status code was: 404, expected: 200, response time: 42, url: https://creativecommons.org/publicdomain/mark/*/deed.nl, response: 
-------
feature call (loop) failed at index: 2
caller: classpath:InspireTest/ngr/datasetrecords/def/checkxlinkurl.template.feature
arg: {"link":""}
checkxlinkurl.template.feature:14 - 
org.apache.http.client.ClientProtocolException
[1.180:16] check-known-dataset-record.feature:79 - feature call (loop) failed: classpath:InspireTest/ngr/datasetrecords/def/checkxlinkurl.template.feature
caller: classpath:InspireTest/ngr/datasetrecords/check-known-dataset-record.feature
items: [{link=}]
errors:
-------
feature call (loop) failed at index: 0
caller: classpath:InspireTest/ngr/datasetrecords/def/checkxlinkurl.template.feature
arg: {"link":""}
checkxlinkurl.template.feature:14 - 
org.apache.http.client.ClientProtocolException
[1.181:16] check-known-dataset-record.feature:79 - feature call (loop) failed: classpath:InspireTest/ngr/datasetrecords/def/checkxlinkurl.template.feature
caller: classpath:InspireTest/ngr/datasetrecords/check-known-dataset-record.feature
items: [{link=http://www.opengis.net/def/crs/EPSG/0/http://www.opengis.net/def/crs/EPSG/0/4258}, {link=https://www.nationaalgeoregister.nl/geonetwork/srv/dut/catalog.search#/metadata/3387ef8a-9237-453a-aa4e-585d1e193550}, {link=https://creativecommons.org/publicdomain/mark/*/deed.nl}]
errors:
-------
feature call (loop) failed at index: 2
caller: classpath:InspireTest/ngr/datasetrecords/def/checkxlinkurl.template.feature
arg: {"link":"https://creativecommons.org/publicdomain/mark/*/deed.nl"}
checkxlinkurl.template.feature:15 - status code was: 404, expected: 200, response time: 33, url: https://creativecommons.org/publicdomain/mark/*/deed.nl, response: 
[1.182:16] check-known-dataset-record.feature:79 - feature call (loop) failed: classpath:InspireTest/ngr/datasetrecords/def/checkxlinkurl.template.feature
caller: classpath:InspireTest/ngr/datasetrecords/check-known-dataset-record.feature
items: [{link=https://data.rivm.nl/inspire/id#df9bc66f-941b-4c38-a104-1b8d940a53db}]
errors:
-------
feature call (loop) failed at index: 0
caller: classpath:InspireTest/ngr/datasetrecords/def/checkxlinkurl.template.feature
arg: {"link":"https://data.rivm.nl/inspire/id#df9bc66f-941b-4c38-a104-1b8d940a53db"}
checkxlinkurl.template.feature:14 - 
javax.net.ssl.SSLException: Connection reset
[1.183:16] check-known-dataset-record.feature:79 - feature call (loop) failed: classpath:InspireTest/ngr/datasetrecords/def/checkxlinkurl.template.feature
caller: classpath:InspireTest/ngr/datasetrecords/check-known-dataset-record.feature
items: [{link=http://standaarden.overheid.nl/owms/terms/Ministerie_van_Landbouw,_Natuur_en_Voedselkwaliteit}, {link=https://www.nationaalgeoregister.nl/geonetwork/srv/api/records3703b249-a0eb-484e-ba7a-10e31a55bcec}, {link=579}]
errors:
-------
feature call (loop) failed at index: 1
caller: classpath:InspireTest/ngr/datasetrecords/def/checkxlinkurl.template.feature
arg: {"link":"https://www.nationaalgeoregister.nl/geonetwork/srv/api/records3703b249-a0eb-484e-ba7a-10e31a55bcec"}
checkxlinkurl.template.feature:15 - status code was: 500, expected: 200, response time: 352, url: https://www.nationaalgeoregister.nl/geonetwork/srv/api/records3703b249-a0eb-484e-ba7a-10e31a55bcec, response: 
-------
feature call (loop) failed at index: 2
caller: classpath:InspireTest/ngr/datasetrecords/def/checkxlinkurl.template.feature
arg: {"link":"579"}
checkxlinkurl.template.feature:14 - 
org.apache.http.client.ClientProtocolException
[1.184:16] check-known-dataset-record.feature:79 - feature call (loop) failed: classpath:InspireTest/ngr/datasetrecords/def/checkxlinkurl.template.feature
caller: classpath:InspireTest/ngr/datasetrecords/check-known-dataset-record.feature
items: [{link=https://data.rivm.nl/inspire/id#a98a6cdb-61cd-4107-b775-2334e6772ed5}]
errors:
-------
feature call (loop) failed at index: 0
caller: classpath:InspireTest/ngr/datasetrecords/def/checkxlinkurl.template.feature
arg: {"link":"https://data.rivm.nl/inspire/id#a98a6cdb-61cd-4107-b775-2334e6772ed5"}
checkxlinkurl.template.feature:14 - 
javax.net.ssl.SSLException: Connection reset
[1.186:16] check-known-dataset-record.feature:79 - feature call (loop) failed: classpath:InspireTest/ngr/datasetrecords/def/checkxlinkurl.template.feature
caller: classpath:InspireTest/ngr/datasetrecords/check-known-dataset-record.feature
items: [{link=http://kadaster/2482250f-3b00-4439-9f93-f3118229b201}, {link=}, {link=}, {link=}, {link=}, {link=}]
errors:
-------
feature call (loop) failed at index: 0
caller: classpath:InspireTest/ngr/datasetrecords/def/checkxlinkurl.template.feature
arg: {"link":"http://kadaster/2482250f-3b00-4439-9f93-f3118229b201"}
checkxlinkurl.template.feature:14 - 
java.net.UnknownHostException: kadaster
-------
feature call (loop) failed at index: 1
caller: classpath:InspireTest/ngr/datasetrecords/def/checkxlinkurl.template.feature
arg: {"link":""}
checkxlinkurl.template.feature:14 - 
org.apache.http.client.ClientProtocolException
-------
feature call (loop) failed at index: 2
caller: classpath:InspireTest/ngr/datasetrecords/def/checkxlinkurl.template.feature
arg: {"link":""}
checkxlinkurl.template.feature:14 - 
org.apache.http.client.ClientProtocolException
-------
feature call (loop) failed at index: 3
caller: classpath:InspireTest/ngr/datasetrecords/def/checkxlinkurl.template.feature
arg: {"link":""}
checkxlinkurl.template.feature:14 - 
org.apache.http.client.ClientProtocolException
-------
feature call (loop) failed at index: 4
caller: classpath:InspireTest/ngr/datasetrecords/def/checkxlinkurl.template.feature
arg: {"link":""}
checkxlinkurl.template.feature:14 - 
org.apache.http.client.ClientProtocolException
-------
feature call (loop) failed at index: 5
caller: classpath:InspireTest/ngr/datasetrecords/def/checkxlinkurl.template.feature
arg: {"link":""}
checkxlinkurl.template.feature:14 - 
org.apache.http.client.ClientProtocolException
[1.187:16] check-known-dataset-record.feature:79 - feature call (loop) failed: classpath:InspireTest/ngr/datasetrecords/def/checkxlinkurl.template.feature
caller: classpath:InspireTest/ngr/datasetrecords/check-known-dataset-record.feature
items: [{link=http://kadaster/06b6c650-cdb1-11dd-ad8b-0800200c9a75}]
errors:
-------
feature call (loop) failed at index: 0
caller: classpath:InspireTest/ngr/datasetrecords/def/checkxlinkurl.template.feature
arg: {"link":"http://kadaster/06b6c650-cdb1-11dd-ad8b-0800200c9a75"}
checkxlinkurl.template.feature:14 - 
java.net.UnknownHostException: kadaster
[1.189:16] check-known-dataset-record.feature:79 - feature call (loop) failed: classpath:InspireTest/ngr/datasetrecords/def/checkxlinkurl.template.feature
caller: classpath:InspireTest/ngr/datasetrecords/check-known-dataset-record.feature
items: [{link=https://data.rivm.nl/inspire/id#6941b1f2-7ee6-4a1d-9cba-9071e3ca6cb3}]
errors:
-------
feature call (loop) failed at index: 0
caller: classpath:InspireTest/ngr/datasetrecords/def/checkxlinkurl.template.feature
arg: {"link":"https://data.rivm.nl/inspire/id#6941b1f2-7ee6-4a1d-9cba-9071e3ca6cb3"}
checkxlinkurl.template.feature:14 - 
javax.net.ssl.SSLException: Connection reset
[1.190:16] check-known-dataset-record.feature:79 - feature call (loop) failed: classpath:InspireTest/ngr/datasetrecords/def/checkxlinkurl.template.feature
caller: classpath:InspireTest/ngr/datasetrecords/check-known-dataset-record.feature
items: [{link=https://ngr.acceptatie.nationaalgeoregister.nl/geonetwork/srv/resources03671a9e-6aaf-464d-be99-9aad25cef9e3}, {link=http://standaarden.overheid.nl/owms/terms/Ministerie_van_Landbouw,_Natuur_en_Voedselkwaliteit}]
errors:
-------
feature call (loop) failed at index: 0
caller: classpath:InspireTest/ngr/datasetrecords/def/checkxlinkurl.template.feature
arg: {"link":"https://ngr.acceptatie.nationaalgeoregister.nl/geonetwork/srv/resources03671a9e-6aaf-464d-be99-9aad25cef9e3"}
checkxlinkurl.template.feature:15 - status code was: 404, expected: 200, response time: 288, url: https://ngr.acceptatie.nationaalgeoregister.nl/geonetwork/srv/resources03671a9e-6aaf-464d-be99-9aad25cef9e3, response: 
[1.192:16] check-known-dataset-record.feature:79 - feature call (loop) failed: classpath:InspireTest/ngr/datasetrecords/def/checkxlinkurl.template.feature
caller: classpath:InspireTest/ngr/datasetrecords/check-known-dataset-record.feature
items: [{link=https://www.nationaalgeoregister.nl/geonetwork/srv/dut/catalog.search#/metadata/wt-f5eb-b09f-4f6d-8397-8878a1b86238}, {link=http://rdfdata.eionet.europa.eu/inspirethemes/themes/18}, {link=https://ngr.geocat.live/geonetwork/srv/eng/thesaurus.download?ref=external.theme.httpinspireeceuropaeumetadatacodelistPrioritydataset-Prioritydataset}]
errors:
-------
feature call (loop) failed at index: 1
caller: classpath:InspireTest/ngr/datasetrecords/def/checkxlinkurl.template.feature
arg: {"link":"http://rdfdata.eionet.europa.eu/inspirethemes/themes/18"}
checkxlinkurl.template.feature:15 - status code was: 404, expected: 200, response time: 205, url: http://rdfdata.eionet.europa.eu/inspirethemes/themes/18, response: 
-------
feature call (loop) failed at index: 2
caller: classpath:InspireTest/ngr/datasetrecords/def/checkxlinkurl.template.feature
arg: {"link":"https://ngr.geocat.live/geonetwork/srv/eng/thesaurus.download?ref=external.theme.httpinspireeceuropaeumetadatacodelistPrioritydataset-Prioritydataset"}
checkxlinkurl.template.feature:15 - status code was: 500, expected: 200, response time: 309, url: https://ngr.geocat.live/geonetwork/srv/eng/thesaurus.download?ref=external.theme.httpinspireeceuropaeumetadatacodelistPrioritydataset-Prioritydataset, response: 
[1.193:16] check-known-dataset-record.feature:79 - feature call (loop) failed: classpath:InspireTest/ngr/datasetrecords/def/checkxlinkurl.template.feature
caller: classpath:InspireTest/ngr/datasetrecords/check-known-dataset-record.feature
items: [{link=https://www.nationaalgeoregister.nl/geonetwork/srv/dut/catalog.search#/metadata/a1960e70-22f4-4fd9-91a8-b605c6ceda3e}, {link=http://rdfdata.eionet.europa.eu/inspirethemes/themes/24}, {link=https://ngr.geocat.live/geonetwork/srv/eng/thesaurus.download?ref=external.theme.httpinspireeceuropaeumetadatacodelistPrioritydataset-Prioritydataset}]
errors:
-------
feature call (loop) failed at index: 1
caller: classpath:InspireTest/ngr/datasetrecords/def/checkxlinkurl.template.feature
arg: {"link":"http://rdfdata.eionet.europa.eu/inspirethemes/themes/24"}
checkxlinkurl.template.feature:15 - status code was: 404, expected: 200, response time: 203, url: http://rdfdata.eionet.europa.eu/inspirethemes/themes/24, response: 
-------
feature call (loop) failed at index: 2
caller: classpath:InspireTest/ngr/datasetrecords/def/checkxlinkurl.template.feature
arg: {"link":"https://ngr.geocat.live/geonetwork/srv/eng/thesaurus.download?ref=external.theme.httpinspireeceuropaeumetadatacodelistPrioritydataset-Prioritydataset"}
checkxlinkurl.template.feature:15 - status code was: 500, expected: 200, response time: 308, url: https://ngr.geocat.live/geonetwork/srv/eng/thesaurus.download?ref=external.theme.httpinspireeceuropaeumetadatacodelistPrioritydataset-Prioritydataset, response: 
[1.194:16] check-known-dataset-record.feature:79 - feature call (loop) failed: classpath:InspireTest/ngr/datasetrecords/def/checkxlinkurl.template.feature
caller: classpath:InspireTest/ngr/datasetrecords/check-known-dataset-record.feature
items: [{link=https://www.nationaalgeoregister.nl/geonetwork/srv/dut/catalog.search#/metadata/krw2006-68b5-4ff3-94a4-9c24109ffd5e}, {link=http://rdfdata.eionet.europa.eu/inspirethemes/themes/24}, {link=https://ngr.geocat.live/geonetwork/srv/eng/thesaurus.download?ref=external.theme.httpinspireeceuropaeumetadatacodelistPrioritydataset-Prioritydataset}, {link=urn:ogc:def:crs:EPSG::5709}]
errors:
-------
feature call (loop) failed at index: 1
caller: classpath:InspireTest/ngr/datasetrecords/def/checkxlinkurl.template.feature
arg: {"link":"http://rdfdata.eionet.europa.eu/inspirethemes/themes/24"}
checkxlinkurl.template.feature:15 - status code was: 404, expected: 200, response time: 202, url: http://rdfdata.eionet.europa.eu/inspirethemes/themes/24, response: 
-------
feature call (loop) failed at index: 2
caller: classpath:InspireTest/ngr/datasetrecords/def/checkxlinkurl.template.feature
arg: {"link":"https://ngr.geocat.live/geonetwork/srv/eng/thesaurus.download?ref=external.theme.httpinspireeceuropaeumetadatacodelistPrioritydataset-Prioritydataset"}
checkxlinkurl.template.feature:15 - status code was: 500, expected: 200, response time: 311, url: https://ngr.geocat.live/geonetwork/srv/eng/thesaurus.download?ref=external.theme.httpinspireeceuropaeumetadatacodelistPrioritydataset-Prioritydataset, response: 
-------
feature call (loop) failed at index: 3
caller: classpath:InspireTest/ngr/datasetrecords/def/checkxlinkurl.template.feature
arg: {"link":"urn:ogc:def:crs:EPSG::5709"}
checkxlinkurl.template.feature:14 - 
org.apache.http.client.ClientProtocolException: URI does not specify a valid host name: urn:ogc:def:crs:EPSG::5709
[1.195:16] check-known-dataset-record.feature:79 - feature call (loop) failed: classpath:InspireTest/ngr/datasetrecords/def/checkxlinkurl.template.feature
caller: classpath:InspireTest/ngr/datasetrecords/check-known-dataset-record.feature
items: [{link=https://ngr.acceptatie.nationaalgeoregister.nl/geonetwork/srv/resources34e95842-4e4e-46de-9198-79e8cd4d30dc}]
errors:
-------
feature call (loop) failed at index: 0
caller: classpath:InspireTest/ngr/datasetrecords/def/checkxlinkurl.template.feature
arg: {"link":"https://ngr.acceptatie.nationaalgeoregister.nl/geonetwork/srv/resources34e95842-4e4e-46de-9198-79e8cd4d30dc"}
checkxlinkurl.template.feature:15 - status code was: 404, expected: 200, response time: 279, url: https://ngr.acceptatie.nationaalgeoregister.nl/geonetwork/srv/resources34e95842-4e4e-46de-9198-79e8cd4d30dc, response: 
[1.196:16] check-known-dataset-record.feature:79 - feature call (loop) failed: classpath:InspireTest/ngr/datasetrecords/def/checkxlinkurl.template.feature
caller: classpath:InspireTest/ngr/datasetrecords/check-known-dataset-record.feature
items: [{link=http://standaarden.overheid.nl/owms/terms/Ministerie_van_Landbouw,_Natuur_en_Voedselkwaliteit}, {link=http://nationaalgeoregister.nl/geonetwork/srv/dut/catalog.search#/metadata/280ed37a-b8d2-4ac5-8567-04d84fad3a41}, {link=https://creativecommons.org/publicdomain/mark/*/deed.nl}, {link=https://data.overheid.nl/organisatie/PDOK}]
errors:
-------
feature call (loop) failed at index: 2
caller: classpath:InspireTest/ngr/datasetrecords/def/checkxlinkurl.template.feature
arg: {"link":"https://creativecommons.org/publicdomain/mark/*/deed.nl"}
checkxlinkurl.template.feature:15 - status code was: 404, expected: 200, response time: 36, url: https://creativecommons.org/publicdomain/mark/*/deed.nl, response: 
-------
feature call (loop) failed at index: 3
caller: classpath:InspireTest/ngr/datasetrecords/def/checkxlinkurl.template.feature
arg: {"link":"https://data.overheid.nl/organisatie/PDOK"}
checkxlinkurl.template.feature:15 - status code was: 404, expected: 200, response time: 356, url: https://data.overheid.nl/organisatie/PDOK, response: 
 ==> expected: <0> but was: <356>
	at InspireTest.TestAll.testParallel(InspireTest.java:27)
]]></failure>
    <system-out><![CDATA[04:22:28.057 [main] INFO  com.intuit.karate.Runner - waiting for parallel features to complete ...
04:22:28.400 [pool-1-thread-4] INFO  com.intuit.karate - karate.env system property was:  
04:22:28.400 [ForkJoinPool-1-worker-7] INFO  com.intuit.karate - karate.env system property was:  
04:22:28.394 [pool-1-thread-2] INFO  com.intuit.karate - karate.env system property was:  
04:22:28.411 [ForkJoinPool-1-worker-5] INFO  com.intuit.karate - karate.env system property was:  
04:22:28.409 [ForkJoinPool-1-worker-3] INFO  com.intuit.karate - karate.env system property was:  
04:22:28.409 [pool-1-thread-1] INFO  com.intuit.karate - karate.env system property was:  
04:22:28.679 [pool-1-thread-2] INFO  com.intuit.karate - >> lock acquired, begin callonce: read('def/writedatasetcsvheader.template.feature')
04:22:28.740 [pool-1-thread-4] INFO  com.intuit.karate - >> lock acquired, begin callonce: read('def/getdataset.template.feature')
04:22:28.770 [pool-1-thread-2] INFO  com.intuit.karate - [print] "datasetIdentifierCode","title","organisationName","email",
04:22:28.805 [pool-1-thread-2] INFO  com.intuit.karate - << lock released, cached callonce: read('def/writedatasetcsvheader.template.feature')
04:22:28.806 [pool-1-thread-2] INFO  com.intuit.karate - >> lock acquired, begin callonce: read('def/getcswbriefrecords.feature')
04:22:28.925 [ForkJoinPool-1-worker-9] INFO  com.intuit.karate - [print] [
  "http://creativecommons.org/licenses/by/3.0/deed.nl"
]

04:22:28.943 [ForkJoinPool-1-worker-11] INFO  com.intuit.karate - [print] [
  "http://creativecommons.org/licenses/by/3.0/nl/"
]

04:22:28.969 [ForkJoinPool-1-worker-13] INFO  com.intuit.karate - [print] [
  "http://creativecommons.org/licenses/by/4.0/deed.nl"
]

04:22:28.991 [ForkJoinPool-1-worker-9] INFO  com.intuit.karate - [print]
04:22:28.995 [ForkJoinPool-1-worker-11] INFO  com.intuit.karate - [print]
04:22:28.999 [ForkJoinPool-1-worker-13] INFO  com.intuit.karate - [print]
04:22:29.018 [ForkJoinPool-1-worker-9] INFO  com.intuit.karate - [print] testing xlinkurl:http://creativecommons.org/licenses/by/3.0/deed.nl
04:22:29.021 [ForkJoinPool-1-worker-13] INFO  com.intuit.karate - [print] testing xlinkurl:http://creativecommons.org/licenses/by/4.0/deed.nl
04:22:29.030 [ForkJoinPool-1-worker-11] INFO  com.intuit.karate - [print] testing xlinkurl:http://creativecommons.org/licenses/by/3.0/nl/
04:22:29.267 [ForkJoinPool-1-worker-3] INFO  com.intuit.karate - [print] [
  "http://creativecommons.org/publicdomain/mark/1.0/deed.nl"
]

04:22:29.297 [ForkJoinPool-1-worker-3] INFO  com.intuit.karate - [print]
04:22:29.300 [ForkJoinPool-1-worker-7] INFO  com.intuit.karate - [print] [
  "http://creativecommons.org/publicdomain/zero/1.0/deed.nl"
]

04:22:29.301 [ForkJoinPool-1-worker-3] INFO  com.intuit.karate - [print] testing xlinkurl:http://creativecommons.org/publicdomain/mark/1.0/deed.nl
04:22:29.337 [ForkJoinPool-1-worker-7] INFO  com.intuit.karate - [print]
04:22:29.346 [ForkJoinPool-1-worker-11] INFO  com.intuit.karate - [print] [
  "http://inspire.ec.europa.eu/applicationschema"
]

04:22:29.346 [ForkJoinPool-1-worker-7] INFO  com.intuit.karate - [print] testing xlinkurl:http://creativecommons.org/publicdomain/zero/1.0/deed.nl
04:22:29.356 [pool-1-thread-4] INFO  com.intuit.karate - << lock released, cached callonce: read('def/getdataset.template.feature')
04:22:29.349 [ForkJoinPool-1-worker-13] INFO  com.intuit.karate - [print] [
  "http://inspire.ec.europa.eu/applicationschema/of"
]

04:22:29.365 [ForkJoinPool-1-worker-9] INFO  com.intuit.karate - [print] [
  "http://data.europa.eu/eli/reg/2010/1089"
]

04:22:29.379 [ForkJoinPool-1-worker-11] INFO  com.intuit.karate - [print]
04:22:29.386 [ForkJoinPool-1-worker-11] INFO  com.intuit.karate - [print] testing xlinkurl:http://inspire.ec.europa.eu/applicationschema
04:22:29.393 [pool-1-thread-4] INFO  com.intuit.karate - [print] {
  "__arg": null,
  "responseType": "string",
  "responseHeaders": {
    "Connection": [
      "keep-alive"
    ],
    "Server": [
      "GitHub.com"
    ],
    "Content-Type": [
      "text/csv; charset=utf-8"
    ],
    "Strict-Transport-Security": [
      "max-age=31556952"
    ],
    "Last-Modified": [
      "Sat, 19 Sep 2020 04:26:25 GMT"
    ],
    "ETag": [
      "W/\"5f658871-c15b\""
    ],
    "Access-Control-Allow-Origin": [
      "*"
    ],
    "Expires": [
      "Sun, 20 Sep 2020 04:32:29 GMT"
    ],
    "Cache-Control": [
      "max-age=600"
    ],
    "X-Proxy-Cache": [
      "MISS"
    ],
    "X-GitHub-Request-Id": [
      "902C:1211:5C6C8C:67A456:5F66D905"
    ],
    "Accept-Ranges": [
      "bytes"
    ],
    "Date": [
      "Sun, 20 Sep 2020 04:22:29 GMT"
    ],
    "Via": [
      "1.1 varnish"
    ],
    "Age": [
      "0"
    ],
    "X-Served-By": [
      "cache-bwi5033-BWI"
    ],
    "X-Cache": [
      "MISS"
    ],
    "X-Cache-Hits": [
      "0"
    ],
    "X-Timer": [
      "S1600575749.228281,VS0,VE84"
    ],
    "Vary": [
      "Accept-Encoding"
    ],
    "X-Fastly-Request-ID": [
      "0d43026154bad3e5dee957697acdf34d28afc313"
    ]
  },
  "responseTime": 463,
  "response": "\"datasetIdentifierCode\",\"title\",\"organisationName\",\"email\",\n\"f99e915a-75e5-4c36-97f2-61eff692d85b\",\"Grondwateronderzoek onder INSPIRE\",\"[TNO Geologische Dienst Nederland, TNO Geologische Dienst Nederland, TNO Geologische Dienst Nederland]\",\"[info@dinoloket.nl, info@dinoloket.nl, info@dinoloket.nl]\",\n\"3a72b9a4-cda9-11ea-87d0-0242ac130003\",\"Grondwater Monitoring Net\",\"[TNO Geologische Dienst Nederland, TNO Geologische Dienst Nederland, TNO Geologische Dienst Nederland]\",\"[info@bro.nl, Info@bro.nl, info@dinoloket.nl]\",\n\"977e0e94-7aa9-4784-b2da-eaec44adb61b\",\"Habitatrichtlijn verspreiding van habitattypen\",\"[Ministerie van Economische Zaken - GIS Competence Center, Wageningen Environmental Research (Alterra), PDOK, Alterra]\",\"[geodatabeheer.giscc@rvo.nl, GeoDesk.CGI@wur.nl, geodatabeheer.giscc@rvo.nl, beheerPDOK@kadaster.nl, ]\",\n\"247a1d15-0a67-40ce-85be-1403c08f15a8\",\"Nationale Parken (INSPIRE Geharmoniseerd)\",\"no organisationName found in dataset record\",\"[geodatabeheer.giscc@rvo.nl, geodatabeheer.giscc@rvo.nl, info@minlnv.nl, , , ]\",\n\"af0c582f-9e6b-46e6-865a-fc3a2d5289b9\",\"Bodemgebruik\",\"[Kadaster, Kadaster, Kadaster]\",\"[PPB-GVA@kadaster.nl, kcc@kadaster.nl, kcc@kadaster.nl]\",\n\"9d9f1738-aced-47c9-aaa0-c62474a2dcfb\",\"Zeegebieden\",\"[Kadaster, Kadaster, Kadaster]\",\"[PPB-GVA@kadaster.nl, kcc@kadaster.nl, kcc@kadaster.nl]\",\n\"3a7dd0a6-d130-4c4c-b0ba-24365cf036e2\",\"Vervoersnetwerken - Spoorwegen (INSPIRE geharmoniseerd)\",\"[Kadaster, Kadaster]\",\"[PPB-GVA@kadaster.nl, kcc@kadaster.nl]\",\n\"b3f66964-a8c1-456f-9799-9cafca2cb7b1\",\"Monitoring stations (Nitraatrichtlijn) ondiepe filters\",\"no organisationName found in dataset record\",\"[geodata@rivm.nl, , geodata@rivm.nl]\",\n\"81ff84ec-42a4-4481-840b-12713bbb5d38\",\"Geografische Namen\",\"[Kadaster, Kadaster, Kadaster]\",\"[PPB-GVA@kadaster.nl, kcc@kadaster.nl, kcc@kadaster.nl]\",\n\"a7fb2234-f7b4-4a03-b282-f10947f42fb1\",\"Kaart van de bodemopbouw in Nederland 1:50.000 onder INSPIRE\",\"[TNO Geologische Dienst Nederland, Alterra, Wageningen UR, TNO Geologische Dienst Nederland]\",\"[info@dinoloket.nl, geodesk.cgi@wur.nl, info@dinoloket.nl]\",\n\"c7662717-9e43-4367-a344-723d73abbb3e\",\"-Gegevens boormonsterprofiel onder PDOK\",\"[TNO Geologische Dienst Nederland, TNO Geologische Dienst Nederland]\",\"[info@dinoloket, info@dinoloket.nl]\",\n\"28c4780a-1a44-4376-b283-14a50a481729\",\"Habitatrichtlijn verspreiding van soorten\",\"[Wageningen Environmental Research (Alterra), PDOK, CBS, Natuurloket, PGO's]\",\"[geodatabeheer.giscc@rvo.nl, GeoDesk.CGI@wur.nl, geodatabeheer.giscc@rvo.nl, beheerPDOK@kadaster.nl, , , ]\",\n\"8b0b02a0-1e1b-4cda-bcfe-6fa0f738e38f\",\"Emissies naar het riool in 2011 vanuit de industrie\",\"no organisationName found in dataset record\",\"[emissieregistratie@rivm.nl, , emissieregistratie@rivm.nl]\",\n\"791adbe3-772f-42cb-a3be-5a617bcecef0\",\"Zeegebieden (INSPIRE geharmoniseerd)\",\"[Kadaster, Kadaster]\",\"[PPB-GVA@kadaster.nl, kcc@kadaster.nl]\",\n\"db8d613f-5edc-4467-9cc0-e2dcfb9d64a8\",\"Statistical Units Grid\",\"[Statistics Netherlands, Statistics Netherlands, Statistics Netherlandds, Statistics Netherlands]\",\"[infoservice@cbs.nl, infoservice@cbs.nl, infoservice@cbs.nl, , ]\",\n\"2cc2c30c-91b8-412a-a060-e84d25272581\",\"Zones en agglomeraties (Richtlijn Luchtkwaliteit) 2013\",\"no organisationName found in dataset record\",\"[geodata@rivm.nl, , geodata@rivm.nl]\",\n\"83dab947-387b-49df-8ad2-32bb10d46d38\",\"Geluidkaart Schiphol 2016 (Lden)\",\"[Ministerie van IenW, Ministerie van IenW]\",\"[sylvia.koolmees@minienw.nl, sylvia.koolmees@minienw.nl]\",\n\"5951efa2-1ff3-4763-a966-a2f5497679ee\",\"Vervoersnetwerken - Waterwegen (INSPIRE geharmoniseerd)\",\"[Kadaster, Kadaster]\",\"[PPB-GVA@kadaster.nl, kcc@kadaster.nl]\",\n\"f2f86edf-ac3a-48e8-9292-0544da2d7645\",\"Emissies naar het riool in 2015 vanuit de industrie\",\"no organisationName found in dataset record\",\"[emissieregistratie@rivm.nl, , emissieregistratie@rivm.nl]\",\n\"8de2f5eb-b09f-4f6d-8397-8878a1b86238\",\"Geluidbelasting rijkswegen in Nederland 2011 (24-uurs gemiddelde)\",\"[Rijkswaterstaat, Rijkswaterstaat, , Rijkswaterstaat, Rijkswaterstaat]\",\"[servicedesk-data@rijkswaterstaat.nl, servicedesk-data@rijkswaterstaat.nl, , servicedesk-data@rijkswaterstaat.nl, servicedesk-data@rijkswaterstaat.nl]\",\n\"tbjk534p-wubf-crbp-cj25-d4161160gfim\",\"Kaderrichtlijn Mariene Strategie - Bevroren monitoringsdata\",\"[Rijkswaterstaat, Rijkswaterstaat, , Rijkswaterstaat, Rijkswaterstaat]\",\"[servicedesk-data@rijkswaterstaat.nl, servicedesk-data@rijkswaterstaat.nl, , servicedesk-data@rijkswaterstaat.nl, servicedesk-data@rijkswaterstaat.nl]\",\n\"eu-cb527d-f6db-4835-b0cd-deb245241254\",\"Vervoersnetwerken - Wegen (INSPIRE geharmoniseerd) - RWS\",\"[Rijkswaterstaat, Rijkswaterstaat, , Beheer PDOK, Rijkswaterstaat]\",\"[servicedesk-data@rijkswaterstaat.nl, beheerPDOK@kadaster.nl, , beheerPDOK@kadaster.nl, servicedesk-data@rijkswaterstaat.nl]\",\n\"cbeaebc3-815a-48af-a978-0e16892865fc\",\"Vogelrichtlijn verspreidingsgebied van soorten\",\"[Ministerie van Economische Zaken - GIS Competence Center, Wageningen Environmental Research (Alterra), PDOK, Sovon Vogelonderzoek Nederland]\",\"[geodatabeheer.giscc@rvo.nl, GeoDesk.CGI@wur.nl, geodatabeheer.giscc@rvo.nl, beheerPDOK@kadaster.nl, ]\",\n\"edf79e6a-d73d-4def-8d22-0f495cc76a73\",\"Bronbestanden waterkwaliteit\",\"[Informatiehuis Water, Informatiehuis Water]\",\"[servicedesk@ihw.nl, servicedesk@ihw.nl]\",\n\"3e57ce43-7707-43ed-a4b9-72b3a6d812f8\",\"Geluidkaart hoofdspoornet 2011 (Lnight)\",\"[Ministerie van IenW, Ministerie van IenW]\",\"[sylvia.koolmees@minienw.nl, sylvia.koolmees@minienw.nl]\",\n\"c2225e5d-b46f-4e38-8445-ab10fd40c0dc\",\"Blokindeling Nederlands Continentaal Plat\",\"[Ministerie van Defensie, Koninklijke Marine, Dienst der Hydrografie, Ministerie van Defensie, Koninklijke Marine, Dienst der Hydrografie, Ministerie van Defensie, Koninklijke Marine, Dienst der Hydrografie]\",\"[data@hydro.nl, data@hydro.nl, data@hydro.nl]\",\n\"eu-f297898-2640-44c2-bbe9-c0480da83794\",\"Hydrografie - Netwerk (INSPIRE geharmoniseerd) - WT\",\"[Rijkswaterstaat, Rijkswaterstaat, , Rijkswaterstaat, Wetransform]\",\"[servicedesk-data@rijkswaterstaat.nl, servicedesk-data@rijkswaterstaat.nl, , servicedesk-data@rijkswaterstaat.nl, info@wetransform.to]\",\n\"3d59fd06-9aec-4744-91e7-65e119f74569\",\"Mossel- en oesterhabitats\",\"[Ministerie van Economische Zaken - GIS Competence Center, Wageningen Marine Research, PDOK]\",\"[geodatabeheer.giscc@rvo.nl, geodatabeheer.giscc@rvo.nl, info@wur.nl, BeheerPDOK@kadaster.nl]\",\n\"c5c4a6d6-b850-473c-8ab5-af9c2c550809\",\"Administratieve Eenheden\",\"[Kadaster, Kadaster en Openbare Registers, Kadaster en de Openbare Registers]\",\"[PPB-GVA@kadaster.nl, kcc@kadaster.nl, kcc@kadaster.nl]\",\n\"be6551de-a709-4c6d-a5e2-f63f0cf038ba\",\"Amplitude van het getij op de Noordzee\",\"[Ministerie van Defensie, Koninklijke Marine, Dienst der Hydrografie, Ministerie van Defensie, Koninklijke Marine, Dienst der Hydrografie, Ministerie van Defensie, Koninklijke Marine, Dienst der Hydrografie]\",\"[data@hydro.nl, data@hydro.nl, data@hydro.nl, ]\",\n\"6050578f-0010-4bfa-b013-c8617b80ba62\",\"Grondwatersamenstellinggegevens KRW meetronde 2012 onder INSPIRE\",\"[TNO Geologische Dienst Nederland, TNO Geologische Dienst Nederland, TNO Geologische Dienst Nederland]\",\"[info@dinoloket.nl, info@dinoloket.nl, info@dinoloket.nl]\",\n\"a5f961e9-ebdd-41e2-b8e8-ab33ed340a83\",\"Adressen (INSPIRE geharmoniseerd)\",\"[Kadaster, Kadaster]\",\"[PPB-GVA@kadaster.nl, kcc@kadaster.nl]\",\n\"08b27bf0-e34a-4b30-9eac-5edadfb6a288\",\"Afgevoerde hoeveelheid afval in 2015 vanuit de industrie\",\"no organisationName found in dataset record\",\"[emissieregistratie@rivm.nl, , emissieregistratie@rivm.nl]\",\n\"14657c9b-91e4-4355-8563-2911ad0e78e4\",\"Vervoersnetwerken - Gemeenschappelijke elementen (INSPIRE geharmoniseerd)\",\"[Kadaster, Kadaster]\",\"[PPB-GVA@kadaster.nl, kcc@kadaster.nl]\",\n\"58d39928-f502-48c9-a8c1-03244dc181bf\",\"Geluidkaart Schiphol 2016 (Lnight)\",\"[Ministerie van IenW, Ministerie van IenW]\",\"[sylvia.koolmees@minienw.nl, sylvia.koolmees@minienw.nl]\",\n\"25294679-adb9-4c39-a93b-6954ff9414ac\",\"Waterstanden en afvoeren verwacht - Rijkswaterstaat\",\"[Rijkswaterstaat, Rijkswaterstaat, , Rijkswaterstaat, Rijkswaterstaat]\",\"[servicedesk-data@rijkswaterstaat.nl, servicedesk-data@rijkswaterstaat.nl, , servicedesk-data@rijkswaterstaat.nl, servicedesk-data@rijkswaterstaat.nl]\",\n\"d6b85d84-cdb9-4a6e-b799-cf8826e22a94\",\"Ligging industrie en CO2 emissies\",\"Ministerie van Economische Zaken - GIS Competence Center\",\"[geodatabeheer.giscc@rvo.nl, geodatabeheer.giscc@rvo.nl]\",\n\"b4ae622c-6201-49d8-bd2e-f7fce9206a1e\",\"Gebouwen (INSPIRE geharmoniseerd)\",\"[Kadaster, Kadaster]\",\"[PPB-GVA@kadaster.nl, kcc@kadaster.nl]\",\n\"74aca3eb-c38b-4214-9537-e0abc69e11b5\",\"Luchtfoto 2017 25cm RGB open data\",\"[Kadaster, Het Waterschapshuis, Kadaster, Eurosense, Eurosense, Eurosense, Kadaster, Kadaster]\",\"[PPB-GVA@kadaster.nl, info@hetwaterschapshuis.nl, kcc@kadaster.nl, , , , , , ]\",\n\"d9baa847-4652-4588-abe1-0b050f40f27f\",\"Ziekenhuizen in Nederland (september 2013)\",\"no organisationName found in dataset record\",\"[atlas@rivm.nl, , geodata@rivm.nl]\",\n\"ed960299-a147-4c1a-bc57-41ff83a2264f\",\"Bodemkaart50000_versie2014\",\"[Wageningen Environmental Research, Wageningen Environmental Research (Alterra), Wageningen Environmental Research, Wageningen Environmental Research (Alterra), ALTERRA en voorafgaande instituten, ALTERRA en voorafgaande instituten, Alterra, Alterra, Alterra Wageningen UR, Alterra]\",\"[fokke.brouwer@wur.nl, GeoDesk@wur.nl, fokke.brouwer@wur.nl, GeoDesk@wur.nl]\",\n\"12bb57cd-73e0-41ba-a1e9-6d986b9109d3\",\"Human Health NL NUTS2\",\"[Statistics Netherlands, Statistics Netherlands, Statistics Netherlandds, Statistics Netherlands]\",\"[infoservice@cbs.nl, infoservice@cbs.nl, infoservice@cbs.nl, , ]\",\n\"fe0e1e5f-512f-4bb1-bbf8-4028d3dfa24f\",\"Schelpdierpercelen\",\"[Ministerie van Economische Zaken - GIS Competence Center, PDOK]\",\"[geodatabeheer.giscc@rvo.nl, geodatabeheer.giscc@rvo.nl, BeheerPDOK@kadaster.nl]\",\n\"adn73c4a-ef03-4785-b7f6-942e86b385f5\",\"Bathymetrie Nederland - kust\",\"[Rijkswaterstaat, Rijkswaterstaat, , Rijkswaterstaat, Rijkswaterstaat]\",\"[servicedesk-data@rijkswaterstaat.nl, servicedesk-data@rijkswaterstaat.nl, , servicedesk-data@rijkswaterstaat.nl, servicedesk-data@rijkswaterstaat.nl]\",\n\"1c3afc74-cc34-44b7-938a-963e2350795a\",\"Hydrografie - Physical Waters (INSPIRE geharmoniseerd)\",\"[Kadaster, Kadaster]\",\"[PPB-GVA@kadaster.nl, kcc@kadaster.nl]\",\n\"4783ea4f-6b8c-4600-8af0-516f3556cfe9\",\"Kaderrichtlijn Water - Register Beschermd Gebied - Schelpdierwater 2008\",\"[Rijkswaterstaat, Rijkswaterstaat, , Rijkswaterstaat, Rijkswaterstaat]\",\"[servicedesk-data@rijkswaterstaat.nl, servicedesk-data@rijkswaterstaat.nl, , servicedesk-data@rijkswaterstaat.nl, servicedesk-data@rijkswaterstaat.nl]\",\n\"80630ee7-3a15-4ea0-bdc0-a8aebfa2f204\",\"Oppervlaktegeologie, Geologische kaart onder INSPIRE\",\"[TNO Geologische Dienst Nederland, TNO Geologische Dienst Nederland, TNO Geologische Dienst Nederland]\",\"[info@dinoloket.nl, info@dinoloket.nl, info@dinoloket.nl]\",\n\"5b274449-b6c2-4672-a32f-e0bd40975a53\",\"Luchtfoto 2018 25cm RGB open data\",\"[Kadaster, Het Waterschapshuis, Kadaster, Eurosense, Eurosense, Eurosense, Kadaster, Kadaster]\",\"[PPB-GVA@kadaster.nl, info@hetwaterschapshuis.nl, kcc@kadaster.nl, , , , , , ]\",\n\"4617f0e0-6af4-4ac0-9044-31df9d03071c\",\"Gebieden in de territoriale zee\",\"[Ministerie van Defensie, Koninklijke Marine, Dienst der Hydrografie, Ministerie van Defensie, Koninklijke Marine, Dienst der Hydrografie, Ministerie van Defensie, Koninklijke Marine, Dienst der Hydrografie]\",\"[data@hydro.nl, data@hydro.nl, data@hydro.nl, , ]\",\n\"e3b0da1e-0664-4025-b3f5-a54d74a26450\",\"zoutvelden en zoutproductieputten onder INSPIRE\",\"[TNO Geologische Dienst Nederland, TNO Geologische Dienst Nederland, TNO Geologische Dienst Nederland]\",\"[info@dinoloket.nl, info@dinoloket.nl, info@dinoloket.nl]\",\n\"4b282988-cb91-4bbc-b147-f653014917cb\",\"Hydrografie\",\"[Kadaster, Kadaster, Kadaster]\",\"[PPB-GVA@kadaster.nl, kcc@kadaster.nl, kcc@kadaster.nl]\",\n\"50a2c5e6-c8e7-425d-854e-26f578196bc9\",\"Afgevoerde hoeveelheid afval in 2011 vanuit de industrie\",\"no organisationName found in dataset record\",\"[emissieregistratie@rivm.nl, , emissieregistratie@rivm.nl]\",\n\"df15af6e-0d21-4437-a69f-802be3479bba\",\"Luchtfoto 2016 25cm RGB open data\",\"[Kadaster, Het Waterschapshuis, Kadaster, Eurosense, Eurosense, Eurosense, Kadaster, Kadaster]\",\"[PPB-GVA@kadaster.nl, info@hetwaterschapshuis.nl, kcc@kadaster.nl, , , , , , ]\",\n\"10d1153e-778f-4995-9b6c-7c69b196cccb\",\"Statistical Units Vector\",\"[Statistics Netherlands, Statistics Netherlands, Statistics Netherlandds, Statistics Netherlands]\",\"[infoservice@cbs.nl, infoservice@cbs.nl, infoservice@cbs.nl, , ]\",\n\"6c06740d-058f-4a12-bb3f-bf68efd03d09\",\"Vervoersnetwerken - Kabelbanen (INSPIRE geharmoniseerd)\",\"[Kadaster, Kadaster]\",\"[PPB-GVA@kadaster.nl, kcc@kadaster.nl]\",\n\"7dd1fd45-ace5-41e0-93a6-64e3be231717\",\"Administratieve Eenheden (INSPIRE geharmoniseerd)\",\"[Kadaster, Kadaster]\",\"[PPB-GVA@kadaster.nl, kcc@kadaster.nl]\",\n\"a04afee4-47d5-45b7-b7a0-a6f86106af11\",\"Mosselzaadinvanginstallaties\",\"no organisationName found in dataset record\",\"[geodatabeheer.giscc@rvo.nl, VR@minez.nl, geodatabeheer.giscc@rvo.nl, beheer@pdok.nl]\",\n\"8a4f5c3b-aced-48fd-afb5-f1f1d0ef21d6\",\"Omgevingsdosisequivalenttempo Nationaal Meetnet Radioactiviteit 2011\",\"no organisationName found in dataset record\",\"[geodata@rivm.nl, , geodata@rivm.nl]\",\n\"24de356e-ec4d-4a18-9903-6401d222b77c\",\"Vergunningen Mijnbouwwet onder INSPIRE\",\"[TNO Geologische Dienst Nederland, TNO Geologische Dienst Nederland, TNO Geologische Dienst Nederland]\",\"[info@dinoloket.nl, info@dinoloket.nl, info@dinoloket.nl]\",\n\"19165027-a13a-4c19-9013-ec1fd191019d\",\"Wetlands (RAMSAR) (INSPIRE Geharmoniseerd)\",\"[, ]\",\"[geodatabeheer.giscc@rvo.nl, geodatabeheer.giscc@rvo.nl, geodatabeheer.giscc@rvo.nl, GeoDesk.CGI@wur.nl, beheer@pdok.nl, , ]\",\n\"c3c004ad-5387-4b00-a225-9afbcaa5d31b\",\"Geluidkaart hoofdspoornet 2016 (Lden)\",\"[Ministerie van IenW, Ministerie van IenW]\",\"[sylvia.koolmees@minienw.nl, sylvia.koolmees@minienw.nl]\",\n\"b59f06c0-dce5-11e3-9c10-901b0e19e163\",\"Aardbevingen Nederland (KNMI)\",\"[Koninklijk Nederlands Meteorologisch Instituut (KNMI), Koninklijk Nederlands Meteorologisch Instituut (KNMI), Koninklijk Nederlands Meteorologisch Instituut (KNMI)]\",\"[datacentrum@knmi.nl, datacentrum@knmi.nl, datacentrum@knmi.nl]\",\n\"daa63e4c-dce6-11e3-991e-901b0e19e163\",\"Gecontroleerde klimatologische daggegevens KNMI Nederland\",\"[Koninklijk Nederlands Meteorologisch Instituut (KNMI), Koninklijk Nederlands Meteorologisch Instituut (KNMI), Koninklijk Nederlands Meteorologisch Instituut (KNMI)]\",\"[datacentrum@knmi.nl, datacentrum@knmi.nl, datacentrum@knmi.nl]\",\n\"fe45c540-e37d-11e4-b571-0800200c9a66\",\"Zwemwaterlocaties en zwemwaterkwaliteit - monsterpunten\",\"[Interprovinciaal Overleg, Interprovinciaal Overleg, Interprovinciaal Overleg, Interprovinciaal Overleg, Interprovinciaal Overleg]\",\"[inspire@gbo-provincies.nl, inspire@gbo-provincies.nl, inspire@gbo-provincies.nl]\",\n\"7939fd42-cf88-42c5-ab3b-232cf232a3ac\",\"Actueel Hoogtebestand Nederland 2 (AHN2)\",\"[Rijkswaterstaat, stuurgroep AHN, , Rijkswaterstaat, Rijkswaterstaat]\",\"[servicedesk-data@rijkswaterstaat.nl, servicedesk-data@rijkswaterstaat.nl, , servicedesk-data@rijkswaterstaat.nl, servicedesk-data@rijkswaterstaat.nl]\",\n\"cf69ec50-9849-4afd-853c-ee56211d336d\",\"Waterstanden en afvoeren actueel - Rijkswaterstaat\",\"[Rijkswaterstaat, Rijkswaterstaat, , Rijkswaterstaat, Rijkswaterstaat]\",\"[servicedesk-data@rijkswaterstaat.nl, servicedesk-data@rijkswaterstaat.nl, , servicedesk-data@rijkswaterstaat.nl, servicedesk-data@rijkswaterstaat.nl]\",\n\"b6ee58a1-b097-4c6d-8600-eb81efc1468c\",\"Productie/industrie-inrichtingen (o.b.v. SBI-codes) uit {Risico Register Gevaarlijke stoffen (RRGS)}\",\"[Interprovinciaal Overleg, Interprovinciaal Overleg, Interprovinciaal Overleg]\",\"[inspire@gbo-provincies.nl, inspire@gbo-provincies.nl, inspire@gbo-provincies.nl]\",\n\"002d9127-c16d-4b8d-9f5e-102a8c8e36c4\",\"Geluidkaart hoofdspoornet 2016 (Lnight)\",\"[Ministerie van IenW, Ministerie van IenW]\",\"[sylvia.koolmees@minienw.nl, sylvia.koolmees@minienw.nl]\",\n\"68ebd5c9-0ea1-4f22-9907-ec4c063cd3e2\",\"Landelijk zoet en zoutwatermeetnet - Rijkswaterstaat\",\"[Rijkswaterstaat, Rijkswaterstaat, , Rijkswaterstaat, Rijkswaterstaat]\",\"[servicedesk-data@rijkswaterstaat.nl, servicedesk-data@rijkswaterstaat.nl, , servicedesk-data@rijkswaterstaat.nl, servicedesk-data@rijkswaterstaat.nl]\",\n\"58e7dc38-a498-4852-b4ef-908f5baa9056\",\"Begrenzingen van vergunde ontgrondingsgebieden voor zand- en grindwinning\",\"[Interprovinciaal Overleg, Interprovinciaal Overleg, Interprovinciaal Overleg]\",\"[inspire@gbo-provincies.nl, inspire@gbo-provincies.nl, inspire@gbo-provincies.nl]\",\n\"07575774-57a1-4419-bab4-6c88fdeb02b2\",\"Hydrografie waterschappen INSPIRE\",\"[Het Waterschapshuis, Het Waterschapshuis, Het Waterschapshuis, Het Waterschapshuis]\",\"[datastromen@hetwaterschapshuis.nl, datastromen@hetwaterschapshuis.nl, , datastromen@hetwaterschapshuis.nl]\",\n\"f8d840bc-18df-4449-b797-b9adcb81d3ec\",\"Emissies naar lucht en water in 2015 vanuit de industrie\",\"no organisationName found in dataset record\",\"[emissieregistratie@rivm.nl, , emissieregistratie@rivm.nl]\",\n\"88f76a94-ee4d-4e0c-9fde-91b692403e39\",\"Natuurbranden\",\"[Interprovinciaal Overleg, Interprovinciaal Overleg, Interprovinciaal Overleg]\",\"[inspire@gbo-provincies.nl, inspire@gbo-provincies.nl, inspire@gbo-provincies.nl]\",\n\"1be28290-55fa-4486-b9d3-b9d147117863\",\"Luchtfoto 2016 25cm CIR open data\",\"[Kadaster, Het Waterschapshuis, Kadaster, Eurosense, Eurosense, Eurosense, Kadaster, Kadaster]\",\"[PPB-GVA@kadaster.nl, info@hetwaterschapshuis.nl, kcc@kadaster.nl, , , , , , ]\",\n\"1a40eb6f-4f33-4e15-a0b1-2d350ad2636e\",\"Geografische Namen (INSPIRE geharmoniseerd)\",\"[Kadaster, Kadaster]\",\"[PPB-GVA@kadaster.nl, kcc@kadaster.nl]\",\n\"588a4cb1-b442-4ac1-87e4-40401e353166\",\"Jaarcijfers Landelijk Meetnet Luchtkwaliteit 2012\",\"no organisationName found in dataset record\",\"[geodata@rivm.nl, , geodata@rivm.nl]\",\n\"6c1cf452-8c62-4046-99ab-640a5e184f9c\",\"Geologisch booronderzoek onder INSPIRE\",\"[TNO Geologische Dienst Nederland, TNO Geologische Dienst Nederland, TNO Geologische Dienst Nederland]\",\"[info@dinoloket.nl, info@dinoloket.nl, info@dinoloket.nl]\",\n\"844404a2-9cd0-452e-b29a-74588777485a\",\"Geluidkaart hoofdspoornet 2011 (Lden)\",\"[Ministerie van IenW, Ministerie van IenW]\",\"[sylvia.koolmees@minienw.nl, sylvia.koolmees@minienw.nl]\",\n\"be1b1514-8d1f-48e1-9624-fee9b784138b\",\"Vaarwegmarkeringen Nederland\",\"[Rijkswaterstaat, Rijkswaterstaat, , Rijkswaterstaat, Rijkswaterstaat]\",\"[servicedesk-data@rijkswaterstaat.nl, servicedesk-data@rijkswaterstaat.nl, , servicedesk-data@rijkswaterstaat.nl, servicedesk-data@rijkswaterstaat.nl]\",\n\"31de946d-85d4-4c93-bb97-e25f4ef1401a\",\"Vervoersnetwerken - Luchttransport (INSPIRE geharmoniseerd)\",\"[Kadaster, Kadaster]\",\"[PPB-GVA@kadaster.nl, kcc@kadaster.nl]\",\n\"dc5b522e-3e14-4738-9e8e-2401e1b19ef2\",\"Potentieel koude en warmte uit open en gesloten WKO systemen (GJ/ha.jaar)\",\"[Ministerie van Economische Zaken - GIS Competence Center, Ministerie van Economische Zaken - GIS Competence Center]\",\"[geodatabeheer.giscc@rvo.nl, geodatabeheer.giscc@rvo.nl, geodatabeheer.giscc@rvo.nl]\",\n\"b61a773c-ecad-4e60-93e9-0a4caac0b52f\",\"Olie- en gasvelden onder INSPIRE\",\"[TNO Geologische Dienst Nederland, TNO Geologische Dienst Nederland, TNO Geologische Dienst Nederland]\",\"[info@dinoloket.nl, info@dinoloket.nl, info@dinoloket.nl]\",\n\"8f45b8ef-0ce8-463a-9059-5efdcecb785c\",\"Vervoersnetwerken - Wegen (INSPIRE geharmoniseerd)\",\"[Kadaster, Kadaster]\",\"[PPB-GVA@kadaster.nl, kcc@kadaster.nl]\",\n\"afc450bd-65b3-4e59-b0fb-619869bf6ada\",\"Landelijk grondwaterregister - Faciliteiten voor productie en industrie\",\"[Interprovinciaal Overleg, Interprovinciaal Overleg, Interprovinciaal Overleg, Interprovinciaal Overleg, Interprovinciaal Overleg]\",\"[inspire@gbo-provincies.nl, inspire@gbo-provincies.nl, inspire@gbo-provincies.nl, , ]\",\n\"5800f3b0-2ea2-4231-8165-216a7b26867f\",\"Gemeten Koolstofmonoxide concentraties in buitenlucht.\",\"RIVM\",\"[geodata@rivm.nl, geodata@rivm.nl]\",\n\"b3ec8793-7747-4da0-b6c3-aa384446a586\",\"Gemeten Fijn stof concentraties in buitenlucht.\",\"no organisationName found in dataset record\",\"[geodata@rivm.nl, geodata@rivm.nl]\",\n\"733559a5-201d-40e5-ad43-d1c7bae84d9f\",\"Gemeten Stikstofdioxide concentraties in buitenlucht.\",\"RIVM\",\"[geodata@rivm.nl, geodata@rivm.nl]\",\n\"500d396f-5ec6-4e4b-a151-5fb3cddd8082\",\"Gemeten Zwaveldioxide concentraties in buitenlucht.\",\"no organisationName found in dataset record\",\"[geodata@rivm.nl, geodata@rivm.nl]\",\n\"f91c6ad6-62a5-46d0-8a5b-8a62e7a4b833\",\"Gemeten Stikstofmonoxide concentraties in buitenlucht.\",\"no organisationName found in dataset record\",\"[geodata@rivm.nl, geodata@rivm.nl]\",\n\"d8f370e8-123c-4ab3-9410-04f728327ac6\",\"Gemeten Ozon concentraties in buitenlucht.\",\"no organisationName found in dataset record\",\"[geodata@rivm.nl, geodata@rivm.nl]\",\n\"73ec579e-c906-433a-b0b6-d3aa33421558\",\"Luchtvaartinformatie\",\"[Luchtverkeersleiding Nederland (LVNL), Luchtverkeersleiding Nederland (LVNL)]\",\"[AIS@LVNL.NL, AIS@LVNL.nl]\",\n\"d3c9efd6-fca7-49d6-92bb-5f507abece90\",\"Gemeten Ammoniak concentraties in buitenlucht.\",\"no organisationName found in dataset record\",\"[geodata@rivm.nl, geodata@rivm.nl]\",\n\"29c17585-e702-463f-a5dc-99d34b17d333\",\"RDinfo\",\"[Kadaster, Dienst van Het Kadaster en Openbare Registers, Dienst voor het Kadaster en de Openbare Registers]\",\"[PPB-GVA@kadaster.nl, kcc@kadaster.nl, rd@kadaster.nl]\",\n\"64ff8561-5c56-4cc1-ae0e-94366fb70b7e\",\"Luchtfoto 2019 25cm RGB open data\",\"[Kadaster, Het Waterschapshuis, Kadaster, Geocart, Geocart, Geocart, Kadaster, Kadaster]\",\"[PPB-GVA@kadaster.nl, info@hetwaterschapshuis.nl, kcc@kadaster.nl, , , , , , ]\",\n\"9dd9bf30-36e6-45ae-b368-bdef2720bdde\",\"Bodemkundig boormonsterprofiel onder INSPIRE\",\"[TNO Geologische Dienst Nederland, Alterra, Wageningen UR, TNO Geologische Dienst Nederland]\",\"[info@dinoloket.nl, geodesk.cgi@wur.nl, info@dinoloket.nl]\",\n\"a322184d-6285-4856-bb78-f450b30ffc0e\",\"Bathymetrie Nederlands deel van de Noordzee dieper dan 10 m LAT\",\"[Ministerie van Defensie, Koninklijke Marine, Dienst der Hydrografie, Ministerie van Defensie, Koninklijke Marine, Dienst der Hydrografie]\",\"[data@hydro.nl, data@hydro.nl, data@hydro.nl, , ]\",\n\"493ab81b-75f8-4205-b030-6b2fd9eb4295\",\"INSPIRE geharmoniseerde Beschermde Gebieden - Cultuur Historie\",\"[Rijksdienst voor het Cultureel Erfgoed, Rijksdienst voor het Cultureel Erfgoed, Rijksdienst voor het Cultureel Erfgoed]\",\"[info@cultureelerfgoed.nl, info@cultureelerfgoed.nl, info@cultureelerfgoed.nl]\",\n\"f1d27179-36eb-4376-8048-f51d2eb23a09\",\"Nederlands deel PSSA Waddenzee\",\"[Ministerie van Defensie, Koninklijke Marine, Dienst der Hydrografie, Ministerie van Defensie, Koninklijke Marine, Dienst der Hydrografie, Ministerie van Defensie, Koninklijke Marine, Dienst der Hydrografie]\",\"[data@hydro.nl, data@hydro.nl, data@hydro.nl, , ]\",\n\"0d6ccccc-7cfb-4eaa-8dc5-8b433d19b121\",\"Landbouwbedrijven\",\"no organisationName found in dataset record\",\"[geodatabeheer.giscc@rvo.nl, gegevensvragenASB@rvo.nl, gegevensvragenASB@rvo.nl]\",\n\"50eef6be-619d-4e16-9b92-48971109b636\",\"Geluidbelasting rijkswegen in Nederland 2011 (nacht gemiddelde)\",\"[Rijkswaterstaat, Rijkswaterstaat, , Rijkswaterstaat, Rijkswaterstaat]\",\"[servicedesk-data@rijkswaterstaat.nl, servicedesk-data@rijkswaterstaat.nl, , servicedesk-data@rijkswaterstaat.nl, servicedesk-data@rijkswaterstaat.nl]\",\n\"7c24ea89-074e-4c4f-91e3-d38e813e9cb6\",\"Luchtfoto 2017 25cm CIR open data\",\"[Kadaster, Het Waterschapshuis, Kadaster, Eurosense, Eurosense, Eurosense, Kadaster, Kadaster]\",\"[PPB-GVA@kadaster.nl, info@hetwaterschapshuis.nl, kcc@kadaster.nl, , , , , , ]\",\n\"f44dac86-2228-412f-8355-e56446ca9933\",\"Gebieden in de Eemsmonding en de Dollard\",\"[Ministerie van Defensie, Koninklijke Marine, Dienst der Hydrografie, Ministerie van Defensie, Koninklijke Marine, Dienst der Hydrografie]\",\"[data@hydro.nl, data@hydro.nl, data@hydro.nl]\",\n\"ad6caa40-89ab-47e3-85ab-3f8e32024a71\",\"Emissies naar lucht en water in 2011 vanuit de industrie\",\"no organisationName found in dataset record\",\"[emissieregistratie@rivm.nl, , emissieregistratie@rivm.nl]\",\n\"a29917b9-3426-4041-a11b-69bcb2256904\",\"Kadastrale kaart v4\",\"[Kadaster, Kadaster en Openbare Registers, Dienst voor het Kadaster en de Openbare Registers]\",\"[PPB-GVA@kadaster.nl, kcc@kadaster.nl, kcc@kadaster.nl, , ]\",\n\"7f5d7945-8fa8-4d36-be4c-2fdb3c7d613b\",\"Luchtfoto 2018 25cm CIR open data\",\"[Kadaster, Het Waterschapshuis, Kadaster, Eurosense, Eurosense, Eurosense, Kadaster, Kadaster]\",\"[PPB-GVA@kadaster.nl, info@hetwaterschapshuis.nl, kcc@kadaster.nl, , , , , , ]\",\n\"e80ad426-1392-4349-9f80-14dae5f1bf57\",\"Kadastrale Percelen (INSPIRE geharmoniseerd)\",\"[Kadaster, Kadaster]\",\"[PPB-GVA@kadaster.nl, kcc@kadaster.nl, , ]\",\n\"64c987ec-dce6-11e3-8563-901b0e19e163\",\"Actuele synoptische weerwaarnemingen KNMI Nederland per 10 minuten (24 uur)\",\"[Koninklijk Nederlands Meteorologisch Instituut (KNMI), Koninklijk Nederlands Meteorologisch Instituut (KNMI), Koninklijk Nederlands Meteorologisch Instituut (KNMI)]\",\"[datacentrum@knmi.nl, datacentrum@knmi.nl, datacentrum@knmi.nl]\",\n\"e1e99000-ec47-4e9f-84a5-adad24fef0dc\",\"Natuurlijke alfa activiteitsconcentratie in lucht Nationaal Meetnet Radioactiviteit 2011\",\"no organisationName found in dataset record\",\"[geodata@rivm.nl, , geodata@rivm.nl]\",\n\"36a7e8cb-8300-4602-93d2-135943365a6f\",\"Monitoring stations (Nitraatrichtlijn) diepe filters\",\"no organisationName found in dataset record\",\"[geodata@rivm.nl, , geodata@rivm.nl]\",\n\"380aa01e-dce7-11e3-9f07-901b0e19e163\",\"Netwerk van KNMI waarneemstations\",\"[Koninklijk Nederlands Meteorologisch Instituut (KNMI), Koninklijk Nederlands Meteorologisch Instituut (KNMI), Koninklijk Nederlands Meteorologisch Instituut (KNMI)]\",\"[datacentrum@knmi.nl, datacentrum@knmi.nl, datacentrum@knmi.nl]\",\n\"adn73c4a-ef03-4785-b7f6-942e86b385f7\",\"Bathymetrie Nederland - binnenwateren\",\"[Rijkswaterstaat, Rijkswaterstaat, , Rijkswaterstaat, Rijkswaterstaat]\",\"[servicedesk-data@rijkswaterstaat.nl, servicedesk-data@rijkswaterstaat.nl, , servicedesk-data@rijkswaterstaat.nl, servicedesk-data@rijkswaterstaat.nl]\",\n\"F646DFB9-5BF6-EAB9-042B-CAB6FF2DC275\",\"BRO Digital Geological Model (DGM)\",\"[TNO Geologische Dienst Nederland, TNO Geologische Dienst Nederland, TNO Geologische Dienst Nederland]\",\"[info@bro.nl, info@bro.nl, info@dinoloket.nl]\",\n\"E7D9F0D6-2B8D-6699-F26E-4A781228F2DD\",\"BRO REGIS II Hydrogeologisch model (HGM)\",\"[TNO Geologische Dienst Nederland, TNO Geologische Dienst Nederland, TNO Geologische Dienst Nederland]\",\"[info@bro.nl, info@bro.nl, info@dinoloket.nl]\",\n\"7D35598D-DFBF-C64D-0F1A-92A80A45EB14\",\"BRO GeoTOP (GTM)\",\"[TNO Geologische Dienst Nederland, TNO Geologische Dienst Nederland, TNO Geologische Dienst Nederland]\",\"[info@bro.nl, info@bro.nl, info@dinoloket.nl]\",\n\"wt-83730-e750-485a-9c0c-39bf9be72cf8\",\"Menselijke gezondheid en veiligheid - geluidbelasting rijkswegen 2016 (INSPIRE geharmoniseerd)\",\"[Rijkswaterstaat, Rijkswaterstaat, , Rijkswaterstaat, Wetransform]\",\"[servicedesk-data@rijkswaterstaat.nl, servicedesk-data@rijkswaterstaat.nl, , servicedesk-data@rijkswaterstaat.nl, info@wetransform.to]\",\n\"9986a7ef-e5e2-4a7a-9018-2e1f9631ba8c\",\"Zwemwater (provinciaal en Rijkswateren) uit {Zwemwaterregister}\",\"[Interprovinciaal Overleg, Interprovinciaal Overleg, Interprovinciaal Overleg]\",\"[inspire@gbo-provincies.nl, inspire@gbo-provincies.nl, inspire@gbo-provincies.nl]\",\n\"df5ee213-e1bd-433b-80f7-4ea20f493ca8\",\"Zwemwaterkwaliteit (provinciaal en Rijkswateren) uit {Zwemwaterregister}\",\"[Interprovinciaal Overleg, Interprovinciaal Overleg, Interprovinciaal Overleg]\",\"[inspire@gbo-provincies.nl, inspire@gbo-provincies.nl, inspire@gbo-provincies.nl]\",\n\"34e6165f-1269-48d1-b255-0f05d163d692\",\"Geluidszones rondom bedrijventerreinen zowel provinciaal als gemeentelijk\",\"[Interprovinciaal Overleg, Interprovinciaal Overleg, Interprovinciaal Overleg]\",\"[inspire@gbo-provincies.nl, inspire@gbo-provincies.nl, inspire@gbo-provincies.nl]\",\n\"41023936-009d-48ec-a90d-c966895463c1\",\"Geluidszones rondom vliegvelden\",\"[Interprovinciaal Overleg, Interprovinciaal Overleg, Interprovinciaal Overleg]\",\"[inspire@gbo-provincies.nl, inspire@gbo-provincies.nl, inspire@gbo-provincies.nl]\",\n\"2d3dd6d2-2d2b-4b5f-9e30-86e19ed77a56\",\"Bestand Bodemgebruik 2015\",\"[Centraal Bureau voor de Statistiek, Centraal Bureau voor de Statistiek, PDOK]\",\"[infoservice@cbs.nl, infoservice@cbs.nl, , , ]\",\n\"eu-2c7040b-c448-451b-bf15-f2416ecaadd1\",\"Vervoersnetwerken - Waterwegen (INSPIRE geharmoniseerd) - WT\",\"[Rijkswaterstaat, Rijkswaterstaat, , Rijkswaterstaat, Wetransform]\",\"[servicedesk-data@rijkswaterstaat.nl, servicedesk-data@rijkswaterstaat.nl, , servicedesk-data@rijkswaterstaat.nl, info@wetransform.to]\",\n\"fe2f9091-1962-4073-9e3b-3e4aeed488a5\",\"Beperkingen voor voertuigen (INSPIRE geharmoniseerde data)\",\"[RDW, RDW, RDW]\",\"[ontheffingen@rdw.nl, ontheffingen@rdw.nl, , ]\",\n\"1249746f-c2a6-4639-98f2-251676b3528e\",\"Maritieme grenzen - basislijn Noordzee\",\"[Ministerie van Defensie, Koninklijke Marine, Dienst der Hydrografie, Ministerie van Defensie, Koninklijke Marine, Dienst der Hydrografie, Ministerie van Defensie, Koninklijke Marine, Dienst der Hydrografie]\",\"[data@hydro.nl, data@hydro.nl, data@hydro.nl]\",\n\"2daad588-11ef-47de-9832-6fe2c3b93e6d\",\"Overstromingsrisicokaarten\",\"[Interprovinciaal Overleg, Interprovinciaal Overleg, Interprovinciaal Overleg]\",\"[inspire@gbo-provincies.nl, inspire@gbo-provincies.nl, inspire@gbo-provincies.nl]\",\n\"f5f68d51-2ca4-4897-8227-d3938b2b0a7e\",\"Afvalinrichtingen inclusief nucleaire inrichtingen\",\"[Interprovinciaal Overleg, Interprovinciaal Overleg, Interprovinciaal Overleg]\",\"[inspire@gbo-provincies.nl, inspire@gbo-provincies.nl, inspire@gbo-provincies.nl]\",\n\"effe1ab0-073d-437c-af13-df5c5e07d6cd\",\"CBS gebiedsindelingen\",\"[Centraal Bureau voor de Statistiek, Centraal Bureau voor de Statistiek, Centraal Bureau voor de Statistiek, Kadaster]\",\"[infoservice@cbs.nl, infoservice@cbs.nl, infoservice@cbs.nl, , ]\",\n\"71c2b7d2-a1a8-4836-b8d4-7247d331b04d\",\"CBS Provincies 2012\",\"[Centraal Bureau voor de Statistiek, Centraal Bureau voor de Statistiek, Centraal Bureau voor de Statistiek, Kadaster]\",\"[infoservice@cbs.nl, infoservice@cbs.nl, infoservice@cbs.nl, , ]\",\n\"a5241416-8401-4623-be61-57ef50447a41\",\"Maritieme grenzen - Noordzee\",\"[Ministerie van Defensie, Koninklijke Marine, Dienst der Hydrografie, Ministerie van Defensie, Koninklijke Marine, Dienst der Hydrografie, Ministerie van Defensie, Koninklijke Marine, Dienst der Hydrografie]\",\"[data@hydro.nl, data@hydro.nl, data@hydro.nl, , ]\",\n\"wt-3730-e750-485a-9c0c-39bf9be72cf9\",\"Menselijke gezondheid en veiligheid -  geluidbelasting rijkswegen 2006 (INSPIRE geharmoniseerd)\",\"[Rijkswaterstaat, Rijkswaterstaat, , Rijkswaterstaat, Wetransform]\",\"[servicedesk-data@rijkswaterstaat.nl, servicedesk-data@rijkswaterstaat.nl, , servicedesk-data@rijkswaterstaat.nl, info@wetransform.to]\",\n\"11a292bd-9022-4a9f-b1bf-02f5c89ad74a\",\"Totale potentie aardwarmte uit aquifers, INSPIRE\",\"[TNO Geologische Dienst Nederland, TNO Geologische Dienst Nederland, TNO Geologische Dienst Nederland]\",\"[info@dinoloket.nl, info@dinoloket.nl, info@dinoloket.nl]\",\n\"5c37d29a-006d-4136-8989-adfc35a1d4a7\",\"Wijk- en Buurtkaart 2019 versie 1\",\"[Centraal Bureau voor de Statistiek, Centraal Bureau voor de Statistiek, Centraal Bureau voor de Statistiek, Kadaster]\",\"[infoservice@cbs.nl, infoservice@cbs.nl, infoservice@cbs.nl, , ]\",\n\"ca94a0cb-7561-4a10-a7d6-b840e56c33ff\",\"Provinciale monumenten\",\"[Interprovinciaal Overleg, Interprovinciaal Overleg, Interprovinciaal Overleg]\",\"[inspire@gbo-provincies.nl, inspire@gbo-provincies.nl, inspire@gbo-provincies.nl]\",\n\"998ba1dc-f6a6-49a3-a021-51f30d9b1d0e\",\"Wet Ammoniak en Veehouderij gebieden\",\"[Interprovinciaal Overleg, Interprovinciaal Overleg, Interprovinciaal Overleg]\",\"[inspire@gbo-provincies.nl, inspire@gbo-provincies.nl, inspire@gbo-provincies.nl]\",\n\"49ab8bee-b467-486a-96ca-b950443c453a\",\"Beschermde gebieden - Provincies (INSPIRE geharmoniseerd)\",\"[Interprovinciaal Overleg, Interprovinciaal Overleg, Interprovinciaal Overleg]\",\"[inspire@gbo-provincies.nl, inspire@gbo-provincies.nl, inspire@gbo-provincies.nl]\",\n\"c7d8d77b-8c47-4309-8c58-9b12b086407f\",\"Natuurnetwerk Nederland\",\"[Interprovinciaal Overleg, Interprovinciaal Overleg, Interprovinciaal Overleg]\",\"[inspire@gbo-provincies.nl, inspire@gbo-provincies.nl, inspire@gbo-provincies.nl]\",\n\"710c381c-ab2d-45d5-a45d-af2eba811e5f\",\"Nationaal Hydrologisch Instrumentarium (NHI) - netwerkschematisatie\",\"[Rijkswaterstaat, Rijkswaterstaat, , Rijkswaterstaat, Rijkswaterstaat]\",\"[servicedesk-data@rijkswaterstaat.nl, servicedesk-data@rijkswaterstaat.nl, , servicedesk-data@rijkswaterstaat.nl, servicedesk-data@rijkswaterstaat.nl]\",\n\"60a2a7c2-d5b3-4ad5-b562-c448695357fb\",\"Nationale Landschappen\",\"[Interprovinciaal Overleg, Interprovinciaal Overleg, Interprovinciaal Overleg]\",\"[inspire@gbo-provincies.nl, inspire@gbo-provincies.nl, inspire@gbo-provincies.nl]\",\n\"f002bfc5-7d87-46b6-819e-8415422b65c9\",\"Aardkundige waarden\",\"[Interprovinciaal Overleg, Interprovinciaal Overleg, Interprovinciaal Overleg]\",\"[inspire@gbo-provincies.nl, inspire@gbo-provincies.nl, inspire@gbo-provincies.nl]\",\n\"cc408b2d-09a6-4b2b-9aa3-b46bfe2f00a5\",\"Stiltegebieden\",\"[Interprovinciaal Overleg, Interprovinciaal Overleg, Interprovinciaal Overleg]\",\"[inspire@gbo-provincies.nl, inspire@gbo-provincies.nl, inspire@gbo-provincies.nl]\",\n\"110f9ec6-4464-462e-9765-83d90cefbeag\",\"Kaderrichtlijn Water - Oppervlaktewaterlichamen Nederland EU2015 lijnen\",\"[Informatiehuis Water, Informatiehuis Water, , Rijkswaterstaat, Informatiehuis Water]\",\"[servicedesk@ihw.nl, servicedesk@ihw.nl, , servicedesk-data@rijkswaterstaat.nl, servicedesk@ihw.nl]\",\n\"f0821bfe-5a0a-11e9-8647-d663bd873d93\",\"NB-wetgebieden buiten Natura 2000\",\"[Interprovinciaal Overleg, Interprovinciaal Overleg, Interprovinciaal Overleg]\",\"[inspire@gbo-provincies.nl, inspire@gbo-provincies.nl, inspire@gbo-provincies.nl]\",\n\"110f9ec6-4464-462e-9765-83d90cefbeab\",\"Kaderrichtlijn Water - Stroomgebieddistricten Nederland EU2015\",\"[Informatiehuis Water, Informatiehuis Water, , Rijkswaterstaat, Rijkswaterstaat]\",\"[servicedesk@ihw.nl, servicedesk-data@rijkswaterstaat.nl, , servicedesk-data@rijkswaterstaat.nl, servicedesk-data@rijkswaterstaat.nl]\",\n\"2e31680f-68b5-4ff3-94a4-9c24109ffd5e\",\"Kaderrichtlijn Water - Oppervlaktewaterlichamen Nederland 2019 vlakken\",\"[Rijkswaterstaat, Rijkswaterstaat, , Rijkswaterstaat, Rijkswaterstaat]\",\"[servicedesk-data@rijkswaterstaat.nl, servicedesk-data@rijkswaterstaat.nl, , servicedesk-data@rijkswaterstaat.nl, servicedesk-data@rijkswaterstaat.nl]\",\n\"622a632a-c57b-44a2-83a4-e51223d5f15g\",\"Kaderrichtlijn Water - Oppervlaktewaterlichamen Nederland 2019 lijnen\",\"[Rijkswaterstaat, Rijkswaterstaat, , Rijkswaterstaat, Rijkswaterstaat]\",\"[servicedesk-data@rijkswaterstaat.nl, servicedesk-data@rijkswaterstaat.nl, , servicedesk-data@rijkswaterstaat.nl, servicedesk-data@rijkswaterstaat.nl]\",\n\"krw-f7bb2351-9788-42ea-a58b-a5ee1842304e\",\"Kaderrichtlijn Water - Stroomgebieddistricten Nederland 2019 vlakken\",\"[Rijkswaterstaat, Rijkswaterstaat, , Rijkswaterstaat, Rijkswaterstaat]\",\"[servicedesk-data@rijkswaterstaat.nl, servicedesk-data@rijkswaterstaat.nl, , servicedesk-data@rijkswaterstaat.nl, servicedesk-data@rijkswaterstaat.nl]\",\n\"c935f2ab-9b65-4dc4-94a0-73aeb840a941\",\"Overheidsdiensten\",\"[Kamer van Koophandel, Kamer van Koophandel]\",\"[erik.simonse@kvk.nl, erik.simonse@kvk.nl]\",\n\"110f9ec6-4464-462e-9765-83d90cefbead\",\"Kaderrichtlijn Water - Oppervlaktewaterlichamen Nederland EU2015 vlakken\",\"[Informatiehuis Water, Informatiehuis Water, , Rijkswaterstaat, Informatiehuis Water]\",\"[servicedesk@ihw.nl, servicedesk-data@rijkswaterstaat.nl, , servicedesk-data@rijkswaterstaat.nl, servicedesk@ihw.nl]\",\n\"bb11be63-bd38-4632-bf54-df44c423a529\",\"Territoriale Zee volgens UNCLOS - Noordzee\",\"[Ministerie van Defensie, Koninklijke Marine, Dienst der Hydrografie, Ministerie van Defensie, Koninklijke Marine, Dienst der Hydrografie, Ministerie van Defensie, Koninklijke Marine, Dienst der Hydrografie]\",\"[data@hydro.nl, data@hydro.nl, data@hydro.nl, , ]\",\n\"krw2006-c57b-44a2-83a4-e51223d5f15g\",\"Kaderrichtlijn Water - Oppervlaktewaterlichamen Nederland EU2009 lijnen\",\"[Rijkswaterstaat, Rijkswaterstaat, , Rijkswaterstaat, Rijkswaterstaat]\",\"[servicedesk-data@rijkswaterstaat.nl, servicedesk-data@rijkswaterstaat.nl, , servicedesk-data@rijkswaterstaat.nl, servicedesk-data@rijkswaterstaat.nl]\",\n\"krm-a905-9d8e-4758-83fa-28b057f185e3\",\"Kaderrichtlijn Mariene Strategie - Rapportage eenheden Nederland EU2018\",\"[Rijkswaterstaat, Rijkswaterstaat, , Rijkswaterstaat, Rijkswaterstaat]\",\"[servicedesk-data@rijkswaterstaat.nl, servicedesk-data@rijkswaterstaat.nl, , servicedesk-data@rijkswaterstaat.nl, servicedesk-data@rijkswaterstaat.nl]\",\n\"krm-a905-9d8e-4758-83fa-28b057f185e4\",\"Kaderrichtlijn Mariene Strategie - Mariene wateren Nederland EU2018\",\"[Rijkswaterstaat, Rijkswaterstaat, , Rijkswaterstaat, Rijkswaterstaat]\",\"[servicedesk-data@rijkswaterstaat.nl, servicedesk-data@rijkswaterstaat.nl, , servicedesk-data@rijkswaterstaat.nl, servicedesk-data@rijkswaterstaat.nl]\",\n\"110f9ec6-4464-462e-9765-83d90cefbeac\",\"Kaderrichtlijn Water - Deelstroomgebieden Nederland EU2015\",\"[Informatiehuis Water, Informatiehuis Water, , Rijkswaterstaat, Rijkswaterstaat]\",\"[servicedesk@ihw.nl, servicedesk@ihw.nl, , servicedesk-data@rijkswaterstaat.nl, servicedesk-data@rijkswaterstaat.nl]\",\n\"krw-782cab20-8328-45f1-a9b2-c27d07c14066\",\"Kaderrichtlijn Water - Deelstroomgebieden Nederland 2019 vlakken\",\"[Rijkswaterstaat, Rijkswaterstaat, , Rijkswaterstaat, Rijkswaterstaat]\",\"[servicedesk-data@rijkswaterstaat.nl, servicedesk-data@rijkswaterstaat.nl, , servicedesk-data@rijkswaterstaat.nl, servicedesk-data@rijkswaterstaat.nl]\",\n\"891ddc2d-8949-4a45-be96-c65b87c41f13\",\"Kaderrichtlijn Water - Monitoringlocaties Nederland EU2015\",\"[Informatiehuis Water, Informatiehuis Water, , Rijkswaterstaat, Rijkswaterstaat]\",\"[servicedesk@ihw.nl, servicedesk-data@rijkswaterstaat.nl, , servicedesk-data@rijkswaterstaat.nl, servicedesk-data@rijkswaterstaat.nl]\",\n\"17716ed7-ce0d-4bfd-8868-a398e5578a36\",\"Ruimtelijke plannen Wro: Ruimtelijkeplannen.nl\",\"[Kadaster, Kadaster]\",\"[PPB-GVA@kadaster.nl, ruimtelijkeplannen@kadaster.nl]\",\n\"4e2ef670-cddd-11dd-ad8b-0800200c9a66\",\"Stads- en Dorpsgezichten\",\"[Rijksdienst voor het Cultureel Erfgoed, Rijksdienst voor het Cultureel Erfgoed, Rijksdienst voor het Cultureel Erfgoed]\",\"[info@cultureelerfgoed.nl, info@cultureelerfgoed.nl, info@cultureelerfgoed.nl]\",\n\"26103042-50a1-4ee5-9c5b-857a2f8b7680\",\"Wijk- en Buurtkaart 2017 versie 3\",\"[Centraal Bureau voor de Statistiek, Centraal Bureau voor de Statistiek, Centraal Bureau voor de Statistiek, Kadaster]\",\"[infoservice@cbs.nl, infoservice@cbs.nl, infoservice@cbs.nl, , ]\",\n\"6f84efeb-fc1d-4565-a721-80735ea57dbd\",\"Rijksmonumenten (verouderd)\",\"[Rijksdienst voor het Cultureel Erfgoed, Rijksdienst voor het Cultureel Erfgoed]\",\"[info@cultureelerfgoed.nl, info@cultureelerfgoed.nl]\",\n\"a9b7026e-0a81-4813-93bd-ba49e6f28502\",\"NWB - Wegen\",\"[Rijkswaterstaat, Rijkswaterstaat, , Rijkswaterstaat, Rijkswaterstaat]\",\"[servicedesk-data@rijkswaterstaat.nl, servicedesk-data@rijkswaterstaat.nl, , servicedesk-data@rijkswaterstaat.nl, servicedesk-data@rws.n]\",\n\"f605a24f-60cd-4c40-94c8-2186aba3ddd0\",\"CBS Vierkantstatistieken 500m\",\"[Centraal Bureau voor de Statistiek, Centraal Bureau voor de Statistiek, Centraal Bureau voor de Statistiek, Centraal Bureau voor de Statistiek]\",\"[infoservice@cbs.nl, infoservice@cbs.nl, infoservice@cbs.nl, ]\",\n\"1462bbce-ccd3-4362-83d8-4535ca8f44eb\",\"CBS Vierkantstatistieken 100m\",\"[Centraal Bureau voor de Statistiek, Centraal Bureau voor de Statistiek, Centraal Bureau voor de Statistiek, Centraal Bureau voor de Statistiek]\",\"[infoservice@cbs.nl, infoservice@cbs.nl, infoservice@cbs.nl, ]\",\n\"6cde2ce7-3ecd-4785-b7b8-d62c3381efe9\",\"Wijk- en Buurtkaart 2016 versie 3\",\"[Centraal Bureau voor de Statistiek, Centraal Bureau voor de Statistiek, Centraal Bureau voor de Statistiek, Kadaster]\",\"[infoservice@cbs.nl, infoservice@cbs.nl, infoservice@cbs.nl, , ]\",\n\"88a3c1ae-902e-4efa-8663-ddd836101929\",\"Werelderfgoed\",\"[Rijksdienst voor het Cultureel Erfgoed, Rijksdienst voor het Cultureel Erfgoed, Rijksdienst voor het Cultureel Erfgoed]\",\"[info@cultureelerfgoed.nl, info@cultureelerfgoed.nl, info@cultureelerfgoed.nl]\",\n\"4cda487b-c467-490c-a843-6563fec016be\",\"Aansluitende zone volgens UNCLOS - Noordzee\",\"[Ministerie van Defensie, Koninklijke Marine, Dienst der Hydrografie, Ministerie van Defensie, Koninklijke Marine, Dienst der Hydrografie, Ministerie van Defensie, Koninklijke Marine, Dienst der Hydrografie]\",\"[data@hydro.nl, data@hydro.nl, data@hydro.nl, , ]\",\n\"ror-9d8e-4758-83fx-28b057f185e1\",\"Richtlijn Overstromingsrisico - gebieden met Potentieel Significant Overstromingsrisico EU2018 vlakken\",\"[Rijkswaterstaat, Rijkswaterstaat, , Rijkswaterstaat, Rijkswaterstaat]\",\"[servicedesk-data@rijkswaterstaat.nl, servicedesk-data@rijkswaterstaat.nl, , servicedesk-data@rijkswaterstaat.nl, servicedesk-data@rijkswaterstaat.nl]\",\n\"ror-9d8e-4758-83fx-28b057f185g1\",\"Richtlijn Overstromingsrisico - gebieden met Potentieel Significant Overstromingsrisico EU2018 lijnen\",\"[Rijkswaterstaat, Rijkswaterstaat, , Rijkswaterstaat, Rijkswaterstaat]\",\"[servicedesk-data@rijkswaterstaat.nl, servicedesk-data@rijkswaterstaat.nl, , servicedesk-data@rijkswaterstaat.nl, servicedesk-data@rijkswaterstaat.nl]\",\n\"ror-9d8e-4758-83fx-28b057f185f1\",\"Richtlijn Overstromingsrisico - historische overstromingen EU2018\",\"[Rijkswaterstaat, Rijkswaterstaat, , Rijkswaterstaat, Rijkswaterstaat]\",\"[servicedesk-data@rijkswaterstaat.nl, servicedesk-data@rijkswaterstaat.nl, , servicedesk-data@rijkswaterstaat.nl, servicedesk-data@rijkswaterstaat.nl]\",\n\"uwwtd-9d8e-4758-83fa-28b057f185e3\",\"Richtlijn Stedelijk Afvalwater - rioolwaterzuiveringsinstallaties Nederland EU2015\",\"[Rijkswaterstaat, Rijkswaterstaat, , Rijkswaterstaat, Rijkswaterstaat]\",\"[servicedesk-data@rijkswaterstaat.nl, servicedesk-data@rijkswaterstaat.nl, , servicedesk-data@rijkswaterstaat.nl, servicedesk-data@rijkswaterstaat.nl]\",\n\"uwwtd-9d8e-4758-83fa-28b057f185e2\",\"Richtlijn Stedelijk Afvalwater - lozingspunten Nederland EU2015\",\"[Rijkswaterstaat, Rijkswaterstaat, , Rijkswaterstaat, Rijkswaterstaat]\",\"[servicedesk-data@rijkswaterstaat.nl, servicedesk-data@rijkswaterstaat.nl, , servicedesk-data@rijkswaterstaat.nl, servicedesk-data@rijkswaterstaat.nl]\",\n\"uwwtd-9d8e-4758-83fa-28b057f185e1\",\"Richtlijn Stedelijk Afvalwater - agglomeraties Nederland EU2015\",\"[Rijkswaterstaat, Rijkswaterstaat, , Rijkswaterstaat, Rijkswaterstaat]\",\"[servicedesk-data@rijkswaterstaat.nl, servicedesk-data@rijkswaterstaat.nl, , servicedesk-data@rijkswaterstaat.nl, servicedesk-data@rijkswaterstaat.nl]\",\n\"0558a41c-b09a-47fa-b8db-9de6bfe4f494\",\"Gebouwen\",\"[Kadaster, Kadaster, Kadaster]\",\"[PPB-GVA@kadaster.nl, kcc@kadaster.nl, kcc@kadaster.nl]\",\n\"e8b84fae-00b3-49c1-80c1-df8f69f64e8c\",\"EEZ volgens UNCLOS - Noordzee\",\"[Ministerie van Defensie, Koninklijke Marine, Dienst der Hydrografie, Ministerie van Defensie, Koninklijke Marine, Dienst der Hydrografie, Ministerie van Defensie, Koninklijke Marine, Dienst der Hydrografie]\",\"[data@hydro.nl, data@hydro.nl, data@hydro.nl, , ]\",\n\"0f128799-cf18-4b37-a721-e62b068191f5\",\"Gebiedsbeheer, gebieden waar beperkingen gelden, gereguleerde gebieden en rapportage-eenheden - Provincies (INSPIRE geharmoniseerd)\",\"[Interprovinciaal Overleg, Interprovinciaal Overleg, Interprovinciaal Overleg]\",\"[inspire@gbo-provincies.nl, inspire@gbo-provincies.nl, inspire@gbo-provincies.nl]\",\n\"f273941e-9c3b-43bc-b886-2d50d0bf9348\",\"Habitatrichtlijn verspreidingsgebied van soorten\",\"[Ministerie van Economische Zaken - GIS Competence Center, Wageningen Environmental Research (Alterra), PDOK, CBS, Natuurloket, pgo's]\",\"[geodatabeheer.giscc@rvo.nl, GeoDesk.CGI@wur.nl, geodatabeheer.giscc@rvo.nl, beheerPDOK@kadaster.nl, , , ]\",\n\"5a1adb58-0bbe-425d-b0fe-577a6c0a4228\",\"Actueel Hoogtebestand Nederland 1 (AHN1)\",\"[Rijkswaterstaat, stuurgroep AHN, , Rijkswaterstaat, Rijkswaterstaat]\",\"[servicedesk-data@rijkswaterstaat.nl, servicedesk-data@rijkswaterstaat.nl, , servicedesk-data@rijkswaterstaat.nl, servicedesk-data@rijkswaterstaat.nl]\",\n\"9ed6b8ed-254a-4745-a09a-3b57137d1b69\",\"Luchtfoto 2019 25cm CIR open data\",\"[Kadaster, Het Waterschapshuis, Kadaster, Geocart, Geocart, Geocart, Kadaster, Kadaster]\",\"[PPB-GVA@kadaster.nl, info@hetwaterschapshuis.nl, kcc@kadaster.nl, , , , , , ]\",\n\"e536d943-ecff-4d7a-9500-cc31a263a6af\",\"Publiekrechtelijke beperkingen\",\"[Kadaster, Kadaster]\",\"[PPB-GVA@kadaster.nl, kcc@kadaster.nl]\",\n\"76541ebb-a554-4540-a017-399d4bb4a860\",\"Population Distribution NL\",\"[Statistics Netherlands, Statistics Netherlands, Statistics Netherlandds, Statistics Netherlands]\",\"[infoservice@cbs.nl, infoservice@cbs.nl, infoservice@cbs.nl, , ]\",\n\"76091be7-358a-4a44-8182-b4139c96c6a4\",\"Adressen\",\"[Kadaster, Kadaster, Kadaster]\",\"[PPB-GVA@kadaster.nl, kcc@kadaster.nl, kcc@kadaster.nl]\",\n\"bc2c53f6-c908-4d7c-a6c0-78d9a2855640\",\"Overstromingsgevaarkaarten\",\"[Interprovinciaal Overleg, Interprovinciaal Overleg, Interprovinciaal Overleg]\",\"[inspire@gbo-provincies.nl, inspire@gbo-provincies.nl, inspire@gbo-provincies.nl]\",\n\"ffefc3dc-dc8f-4589-ae22-a60bebcdf5cb\",\"Wijk- en Buurtkaart 2018 versie 2\",\"[Centraal Bureau voor de Statistiek, Centraal Bureau voor de Statistiek, Centraal Bureau voor de Statistiek, Kadaster]\",\"[infoservice@cbs.nl, infoservice@cbs.nl, infoservice@cbs.nl, , ]\",\n\"3387ef8a-9237-453a-aa4e-585d1e193550\",\"Nationaal Beschermde Gebieden (CDDA) (INSPIRE geharmoniseerd)\",\"[Ministerie van Economische Zaken - GIS Competence Center, Ministerie van Landbouw, Natuur en Voedselkwaliteit, Ministerie van Economische Zaken - GIS Competence Center]\",\"[geodatabeheer.giscc@rvo.nl, geodatabeheer.giscc@rvo.nl, geodatabeheer.giscc@rvo.nl]\",\n\"af135cd8-d429-4fc7-b9e3-09e15217520d\",\"Gemeten fijnere fractie van Fijn stof concentraties in buitenlucht.\",\"no organisationName found in dataset record\",\"[geodata@rivm.nl, geodata@rivm.nl]\",\n\"3703b249-a0eb-484e-ba7a-10e31a55bcec\",\"Invasieve Exoten (INSPIRE Geharmoniseerd)\",\"Ministerie van Landbouw, Natuur en Voedselkwaliteit\",\"[geodatabeheer.giscc@rvo.nl, Geodatabeheer.GISCC@rvo.nl]\",\n\"32a21114-8694-40ce-ab76-9dcd885c7861\",\"Kwaliteit van drinkwater in Nederland (2012)\",\"[RIVM, ]\",\"[geodata@rivm.nl, , geodata@rivm.nl]\",\n\"d845cef6-0e23-4212-a951-b69763e39ef0\",\"Windsnelheden op 100m hoogte (m/s)\",\"no organisationName found in dataset record\",\"[geodatabeheer.giscc@rvo.nl, geodatabeheer.giscc@rvo.nl, ]\",\n\"29d5310f-dd0d-45ba-abad-b4ffc6b8785f\",\"TOP10NL\",\"[Kadaster, Kadaster, Kadaster, Kadaster, Kadaster, Kadaster, Kadaster, Kadaster, Kadaster]\",\"[PPB-GVA@kadaster.nl, kcc@kadaster.nl, kcc@kadaster.nl, , , , , , ]\",\n\"3eebf700-5abf-42e4-826c-03cfb497e366\",\"Vervoersnetwerken\",\"[Kadaster, Kadaster, Kadaster]\",\"[PPB-GVA@kadaster.nl, kcc@kadaster.nl, kcc@kadaster.nl]\",\n\"fcefa13c-44e2-4953-b6d6-1ddceebc57fc\",\"Vogelrichtlijn verspreiding van soorten\",\"[Ministerie van Economische Zaken - GIS Competence Center, Wageningen Environmental Research (Alterra), PDOK, Sovon Vogelonderzoek Nederland]\",\"[geodatabeheer.giscc@rvo.nl, GeoDesk.CGI@wur.nl, geodatabeheer.giscc@rvo.nl, beheerPDOK@kadaster.nl, ]\",\n\"d24ccb35-e9d2-41bf-b231-43083fc0c76d\",\"LCP emissies (Richtlijn Industriële emissies) 2016\",\"no organisationName found in dataset record\",\"[emissieregistratie@rivm.nl, , emissieregistratie@rivm.nl]\",\n\"03671a9e-6aaf-464d-be99-9aad25cef9e3\",\"Habitatrichtlijn verspreidingsgebied van habitattypen\",\"[Ministerie van Economische Zaken - GIS Competence Center, , Wageningen Environmental Research (Alterra), PDOK, Alterra]\",\"[geodatabeheer.giscc@rvo.nl, , GeoDesk.CGI@wur.nl, geodatabeheer.giscc@rvo.nl, beheerPDOK@kadaster.nl, ]\",\n\"6318009c-7b11-4ab9-9929-735584dfb692\",\"Land Use 2015\",\"[Statistics Netherlands, Statistics Netherlands, PDOK]\",\"[infoservice@cbs.nl, infoservice@cbs.nl, , , ]\",\n\"wt-f5eb-b09f-4f6d-8397-8878a1b86238\",\"Menselijke gezondheid en veiligheid - geluidbelasting rijkswegen 2011 (INSPIRE geharmoniseerd)\",\"[Rijkswaterstaat, Rijkswaterstaat, , Rijkswaterstaat, Wetransform]\",\"[servicedesk-data@rijkswaterstaat.nl, servicedesk-data@rijkswaterstaat.nl, , servicedesk-data@rijkswaterstaat.nl, info@wetransform.to]\",\n\"a1960e70-22f4-4fd9-91a8-b605c6ceda3e\",\"Kaderrichtlijn Water - Oppervlaktewaterlichamen Nederland EU2015 riviernetwerk\",\"[Informatiehuis Water, Informatiehuis Water, , Rijkswaterstaat, Rijkswaterstaat]\",\"[servicedesk@ihw.nl, servicedesk@ihw.nl, , servicedesk-data@rijkswaterstaat.nl, servicedesk-data@rijkswaterstaat.nl]\",\n\"krw2006-68b5-4ff3-94a4-9c24109ffd5e\",\"Kaderrichtlijn Water - Oppervlaktewaterlichamen Nederland EU2009 vlakken\",\"[Rijkswaterstaat, Rijkswaterstaat, , Rijkswaterstaat, Rijkswaterstaat]\",\"[servicedesk-data@rijkswaterstaat.nl, servicedesk-data@rijkswaterstaat.nl, , servicedesk-data@rijkswaterstaat.nl, servicedesk-data@rijkswaterstaat.nl]\",\n\"34e95842-4e4e-46de-9198-79e8cd4d30dc\",\"Geografische Namen (Nat) - Nederland\",\"[Ministerie van Defensie, Koninklijke Marine, Dienst der Hydrografie, Ministerie van Defensie, Koninklijke Marine, Dienst der Hydrografie, Ministerie van Defensie, Koninklijke Marine, Dienst der Hydrografie]\",\"[data@hydro.nl, data@hydro.nl, data@hydro.nl, , ]\",\n\"280ed37a-b8d2-4ac5-8567-04d84fad3a41\",\"Natura 2000 (INSPIRE geharmoniseerd)\",\"Ministerie van Landbouw, Natuur en Voedselkwaliteit\",\"[geodatabeheer.giscc@rvo.nl, geodatabeheer.giscc@rvo.nl, beheer@pdok.nl]\",\n",
  "requestTimeStamp": 1600575748852,
  "env": "dev",
  "myVarName": "someValue",
  "knownlinks": [
    "http://creativecommons.org/licenses/by/3.0/deed.nl",
    "http://creativecommons.org/licenses/by/3.0/nl/",
    "http://creativecommons.org/licenses/by/4.0/deed.nl",
    "http://creativecommons.org/publicdomain/mark/1.0/deed.nl",
    "http://creativecommons.org/publicdomain/zero/1.0/deed.nl",
    "http://data.europa.eu/eli/reg/2010/1089",
    "http://inspire.ec.europa.eu/applicationschema",
    "http://inspire.ec.europa.eu/applicationschema/of",
    "http://inspire.ec.europa.eu/id/document/tg/am",
    "http://inspire.ec.europa.eu/id/document/tg/au",
    "http://inspire.ec.europa.eu/id/document/tg/ef",
    "http://inspire.ec.europa.eu/id/document/tg/el",
    "http://inspire.ec.europa.eu/id/document/tg/hh",
    "http://inspire.ec.europa.eu/id/document/tg/hy",
    "http://inspire.ec.europa.eu/id/document/tg/nz",
    "http://inspire.ec.europa.eu/id/document/tg/of",
    "http://inspire.ec.europa.eu/id/document/tg/pf",
    "http://inspire.ec.europa.eu/id/document/tg/ps",
    "http://inspire.ec.europa.eu/id/document/tg/tn",
    "http://inspire.ec.europa.eu/id/document/tg/us",
    "http://inspire.ec.europa.eu/media-types/application/x-shapefile",
    "http://inspire.ec.europa.eu/metadata-codelist/ConditionsApplyingToAccessAndUse/noConditionsApply",
    "http://inspire.ec.europa.eu/metadata-codelist/LimitationsOnPublicAccess/INSPIRE_Directive_Article13_1f",
    "http://inspire.ec.europa.eu/metadata-codelist/LimitationsOnPublicAccess/noLimitations",
    "http://inspire.ec.europa.eu/metadata-codelist/OnLineDescriptionCode/accessPoint",
    "http://inspire.ec.europa.eu/metadata-codelist/OnLineDescriptionCode/endPoint",
    "http://inspire.ec.europa.eu/metadata-codelist/PriorityDataset",
    "http://inspire.ec.europa.eu/metadata-codelist/PriorityDataset#",
    "http://inspire.ec.europa.eu/metadata-codelist/PriorityDataset/ActualPollutantReleases-reg-2006-166",
    "http://inspire.ec.europa.eu/metadata-codelist/PriorityDataset/Agglomerations-dir-1991-271",
    "http://inspire.ec.europa.eu/metadata-codelist/PriorityDataset/BirdSpeciesDistribution-dir-2009-147",
    "http://inspire.ec.europa.eu/metadata-codelist/PriorityDataset/BirdsRange-dir-2009-147",
    "http://inspire.ec.europa.eu/metadata-codelist/PriorityDataset/CoastalWaters-dir-2000-60",
    "http://inspire.ec.europa.eu/metadata-codelist/PriorityDataset/DischargePointsToReceivingWaters-dir-1991-271",
    "http://inspire.ec.europa.eu/metadata-codelist/PriorityDataset/DrinkingWaterAbstractionPoints-dir-1998-83",
    "http://inspire.ec.europa.eu/metadata-codelist/PriorityDataset/EstablishmentsInvolvingDangerousSubstances-dir-2012-18",
    "http://inspire.ec.europa.eu/metadata-codelist/PriorityDataset/FloodedAreas-dir-2007-60",
    "http://inspire.ec.europa.eu/metadata-codelist/PriorityDataset/FloodRiskZones-dir-2007-60",
    "http://inspire.ec.europa.eu/metadata-codelist/PriorityDataset/HabitatTypesDistribution-dir-1992-43",
    "http://inspire.ec.europa.eu/metadata-codelist/PriorityDataset/HabitatTypesRange-dir-1992-43",
    "http://inspire.ec.europa.eu/metadata-codelist/PriorityDataset/IndustrialSites-EURegistry-reg-2006-166",
    "http://inspire.ec.europa.eu/metadata-codelist/PriorityDataset/InvasiveAlienSpeciesDistribution-reg-2014-1143",
    "http://inspire.ec.europa.eu/metadata-codelist/PriorityDataset/Lakes-dir-2000-60",
    "http://inspire.ec.europa.eu/metadata-codelist/PriorityDataset/MajorAirportsNoiseExposureDelineationDEN-dir-2002-49",
    "http://inspire.ec.europa.eu/metadata-codelist/PriorityDataset/MajorAirportsNoiseExposureDelineationNight-dir-2002-49",
    "http://inspire.ec.europa.eu/metadata-codelist/PriorityDataset/MajorRailwaysNoiseExposureDelineationDEN-dir-2002-49",
    "http://inspire.ec.europa.eu/metadata-codelist/PriorityDataset/MajorRailwaysNoiseExposureDelineationNight-dir-2002-49",
    "http://inspire.ec.europa.eu/metadata-codelist/PriorityDataset/MajorRoadsNoiseExposureDelineation-dir-2002-49",
    "http://inspire.ec.europa.eu/metadata-codelist/PriorityDataset/MajorRoadsNoiseExposureDelineationDEN-dir-2002-49",
    "http://inspire.ec.europa.eu/metadata-codelist/PriorityDataset/ManagementUnits-dir-2007-60",
    "http://inspire.ec.europa.eu/metadata-codelist/PriorityDataset/MarineAssessmentUnits-dir-2008-56",
    "http://inspire.ec.europa.eu/metadata-codelist/PriorityDataset/MonitoringStations-dir-2000-60",
    "http://inspire.ec.europa.eu/metadata-codelist/PriorityDataset/MonitoringStations-dir-2008-56",
    "http://inspire.ec.europa.eu/metadata-codelist/PriorityDataset/MSFDReportingUnits-dir-2008-56",
    "http://inspire.ec.europa.eu/metadata-codelist/PriorityDataset/NationallyDesignatedAreasCDDA",
    "http://inspire.ec.europa.eu/metadata-codelist/PriorityDataset/Natura2000Sites-dir-1992-43",
    "http://inspire.ec.europa.eu/metadata-codelist/PriorityDataset/Natura2000Sites-dir-2009-147",
    "http://inspire.ec.europa.eu/metadata-codelist/PriorityDataset/RiverBasinDistricts-dir-2000-60",
    "http://inspire.ec.europa.eu/metadata-codelist/PriorityDataset/RiverBasinDistrictsSubUnits-dir-2000-60",
    "http://inspire.ec.europa.eu/metadata-codelist/PriorityDataset/Rivers-dir-2000-60",
    "http://inspire.ec.europa.eu/metadata-codelist/PriorityDataset/SpeciesDistribution-dir-1992-43",
    "http://inspire.ec.europa.eu/metadata-codelist/PriorityDataset/SpeciesRange-dir-1992-43",
    "http://inspire.ec.europa.eu/metadata-codelist/PriorityDataset/SurfaceWaterBodies-dir-2000-60",
    "http://inspire.ec.europa.eu/metadata-codelist/PriorityDataset/TransitionalWaters-dir-2000-60",
    "http://inspire.ec.europa.eu/metadata-codelist/PriorityDataset/UrbanWasteWaterTreatmentPlants-dir-1991-271",
    "http://inspire.ec.europa.eu/metadata-codelist/SpatialDataServiceType/download",
    "http://inspire.ec.europa.eu/metadata-codelist/SpatialDataServiceType/http://inspire.ec.europa.eu/metadata-codelist/SpatialDataServiceType/download",
    "http://inspire.ec.europa.eu/metadata-codelist/SpatialDataServiceType/other",
    "http://inspire.ec.europa.eu/metadata-codelist/SpatialDataServiceType/view",
    "http://inspire.ec.europa.eu/metadata-codelist/SpatialScope",
    "http://inspire.ec.europa.eu/metadata-codelist/SpatialScope/european",
    "http://inspire.ec.europa.eu/metadata-codelist/SpatialScope/national",
    "http://inspire.ec.europa.eu/schemas/am/4.0/AreaManagementRestrictionRegulationZone.xsd",
    "http://inspire.ec.europa.eu/schemas/ef/4.0/EnvironmentalMonitoringFacilities.xsd",
    "http://inspire.ec.europa.eu/schemas/el-bas/4.0/ElevationBaseTypes.xsd",
    "http://inspire.ec.europa.eu/schemas/hh/4.0/HumanHealth.xsd",
    "http://inspire.ec.europa.eu/schemas/hy-n/4.0/HydroNetwork.xsd",
    "http://inspire.ec.europa.eu/schemas/hy/4.0/HydroBase.xsd",
    "http://inspire.ec.europa.eu/schemas/mu/3.0/MaritimeUnits.xsd",
    "http://inspire.ec.europa.eu/schemas/nz-core/4.0/NaturalRiskZonesCore.xsd",
    "http://inspire.ec.europa.eu/schemas/nz/0.0/NaturalRiskZones.xsd",
    "http://inspire.ec.europa.eu/schemas/of/4.0/OceanFeatures.xsd",
    "http://inspire.ec.europa.eu/schemas/pf/4.0/ProductionAndIndustrialFacilities.xsd",
    "http://inspire.ec.europa.eu/schemas/ps/4.0/ProtectedSites.xsd",
    "http://inspire.ec.europa.eu/schemas/tn-ro/4.0/RoadTransportNetwork.xsd",
    "http://inspire.ec.europa.eu/schemas/tn-w/4.0/WaterTransportNetwork.xsd",
    "http://inspire.ec.europa.eu/schemas/tn/4.0/CommonTransportElements.xsd",
    "http://inspire.ec.europa.eu/schemas/us-govserv/4.0/GovernmentalServices.xsd",
    "http://inspire.ec.europa.eu/theme#",
    "http://standaarden.overheid.nl/owms/terms/Ministerie_van_Economische_Zaken",
    "http://standaarden.overheid.nl/owms/terms/Rijksinstituut_voor_Volksgezondheid_en_Milieu",
    "http://standaarden.overheid.nl/owms/terms/RVO",
    "http://www.eionet.europa.eu/gemet/inspire_themes",
    "http://www.eionet.europa.eu/gemet/nl/inspire-theme/ac",
    "http://www.eionet.europa.eu/gemet/nl/inspire-theme/ad",
    "http://www.eionet.europa.eu/gemet/nl/inspire-theme/af",
    "http://www.eionet.europa.eu/gemet/nl/inspire-theme/am",
    "http://www.eionet.europa.eu/gemet/nl/inspire-theme/au",
    "http://www.eionet.europa.eu/gemet/nl/inspire-theme/bu",
    "http://www.eionet.europa.eu/gemet/nl/inspire-theme/cp",
    "http://www.eionet.europa.eu/gemet/nl/inspire-theme/ef",
    "http://www.eionet.europa.eu/gemet/nl/inspire-theme/er",
    "http://www.eionet.europa.eu/gemet/nl/inspire-theme/ge",
    "http://www.eionet.europa.eu/gemet/nl/inspire-theme/gn",
    "http://www.eionet.europa.eu/gemet/nl/inspire-theme/hb",
    "http://www.eionet.europa.eu/gemet/nl/inspire-theme/hh",
    "http://www.eionet.europa.eu/gemet/nl/inspire-theme/hy",
    "http://www.eionet.europa.eu/gemet/nl/inspire-theme/lc",
    "http://www.eionet.europa.eu/gemet/nl/inspire-theme/lu",
    "http://www.eionet.europa.eu/gemet/nl/inspire-theme/mf",
    "http://www.eionet.europa.eu/gemet/nl/inspire-theme/nz",
    "http://www.eionet.europa.eu/gemet/nl/inspire-theme/of",
    "http://www.eionet.europa.eu/gemet/nl/inspire-theme/oi",
    "http://www.eionet.europa.eu/gemet/nl/inspire-theme/pd",
    "http://www.eionet.europa.eu/gemet/nl/inspire-theme/pf",
    "http://www.eionet.europa.eu/gemet/nl/inspire-theme/ps",
    "http://www.eionet.europa.eu/gemet/nl/inspire-theme/rs",
    "http://www.eionet.europa.eu/gemet/nl/inspire-theme/sd",
    "http://www.eionet.europa.eu/gemet/nl/inspire-theme/so",
    "http://www.eionet.europa.eu/gemet/nl/inspire-theme/sr",
    "http://www.eionet.europa.eu/gemet/nl/inspire-theme/su",
    "http://www.eionet.europa.eu/gemet/nl/inspire-theme/tn",
    "http://www.eionet.europa.eu/gemet/nl/inspire-theme/us",
    "http://www.iana.org/assignments/media-types/application/gml+xml",
    "http://www.opengeospatial.org/standards/sos",
    "http://www.opengeospatial.org/standards/wcs",
    "http://www.opengeospatial.org/standards/wfs",
    "http://www.opengeospatial.org/standards/wms",
    "http://www.opengeospatial.org/standards/wmts",
    "http://www.opengis.net/def/crs/EPSG/0/3034",
    "http://www.opengis.net/def/crs/EPSG/0/3035",
    "http://www.opengis.net/def/crs/EPSG/0/3857",
    "http://www.opengis.net/def/crs/EPSG/0/4258",
    "http://www.opengis.net/def/crs/EPSG/0/4326",
    "http://www.opengis.net/def/crs/EPSG/0/5709",
    "http://www.opengis.net/def/crs/EPSG/0/5730",
    "http://www.opengis.net/def/crs/EPSG/0/5861",
    "http://www.opengis.net/def/crs/EPSG/0/23031",
    "http://www.opengis.net/def/crs/EPSG/0/25831",
    "http://www.opengis.net/def/crs/EPSG/0/25832",
    "http://www.opengis.net/def/crs/EPSG/0/28992",
    "http://www.opengis.net/def/crs/EPSG/0/EPSG:4326",
    "http://www.opengis.net/def/crs/EPSG/0/EPSG:28992",
    "http://www.opengis.net/def/crs/EPSG/0/epsg:28992",
    "http://www.opengis.net/def/serviceType/ogc/wcs",
    "http://www.opengis.net/def/serviceType/ogc/wfs",
    "http://www.opengis.net/def/serviceType/ogc/wms",
    "http://www.opengis.net/def/serviceType/ogc/wmts",
    "http://www.wur.nl/nl/Expertises-Dienstverlening/Onderzoeksinstituten/Environmental-Research.htm",
    "https://ec.europa.eu/eurostat/web/health/data/database",
    "https://geodata.cbs.nl/files/INSPIRE",
    "https://geodata.nationaalgeoregister.nl/elu/atom/elu.xml",
    "https://inspire.ec.europa.eu/id/document/tg/au",
    "https://inspire.ec.europa.eu/id/document/tg/of",
    "https://inspire.ec.europa.eu/id/document/tg/ps",
    "https://inspire.ec.europa.eu/schemas/ps/4.0/ProtectedSites.xsd",
    "https://ngr.geocat.live/geonetwork/srv/eng/thesaurus.download?ref=external.theme.httpinspireeceuropaeumetadatacodelistSpatialScope-SpatialScope",
    "https://tools.ietf.org/html/rfc4287",
    "https://tools.ietf.org/html/rfc5023",
    "https://www.cbs.nl/-/media/cbs/dossiers/nederland%20regionaal/wijk-en-buurtstatistieken/shape%202017%20versie%2020.zip",
    "https://www.cbs.nl/nl-nl/dossier/nederland-regionaal/geografische-data/wijk-en-buurtkaart-2016",
    "https://www.cbs.nl/nl-nl/dossier/nederland-regionaal/geografische-data/wijk-en-buurtkaart-2018",
    "https://www.cbs.nl/nl-nl/dossier/nederland-regionaal/geografische-data/wijk-en-buurtkaart-2019",
    "https://www.iana.org/assignments/media-types/application/gml+xml",
    "https://www.iana.org/assignments/media-types/application/zip",
    "https://www.iana.org/assignments/media-types/image/png",
    "https://www.nationaalgeoregister.nl",
    "https://www.nationaalgeoregister.nl/geonetwork/srv/eng/thesaurus.download?ref=external.theme.httpinspireeceuropaeumetadatacodelistPriorityDataset-PriorityDataset",
    "https://www.nationaalgeoregister.nl/geonetwork/srv/eng/thesaurus.download?ref=external.theme.httpinspireeceuropaeumetadatacodelistSpatialScope-SpatialScope",
    "https://www.nationaalgeoregister.nl/geonetwork/srv/eng/thesaurus.download?ref=external.theme.httpinspireeceuropaeutheme-theme",
    "https://www.nationaalgeoregister.nl:443/geonetwork/srv/eng/thesaurus.download?ref=external.theme.httpinspireeceuropaeuapplicationschema-applicationschema",
    "https://www.nationaalgeoregister.nl:443/geonetwork/srv/eng/thesaurus.download?ref=external.theme.httpinspireeceuropaeumetadatacodelistPriorityDataset-PriorityDataset",
    "https://www.nationaalgeoregister.nl:443/geonetwork/srv/eng/thesaurus.download?ref=external.theme.httpinspireeceuropaeumetadatacodelistSpatialScope-SpatialScope",
    "https://www.nationaalgeoregister.nl:443/geonetwork/srv/eng/thesaurus.download?ref=external.theme.httpinspireeceuropaeutheme-theme"
  ],
  "responseStatus": 200,
  "__loop": -1,
  "responseCookies": null
}

04:22:29.392 [ForkJoinPool-1-worker-9] INFO  com.intuit.karate - [print]
04:22:29.410 [ForkJoinPool-1-worker-13] INFO  com.intuit.karate - [print]
04:22:29.449 [ForkJoinPool-1-worker-9] INFO  com.intuit.karate - [print] testing xlinkurl:http://data.europa.eu/eli/reg/2010/1089
04:22:29.452 [ForkJoinPool-1-worker-13] INFO  com.intuit.karate - [print] testing xlinkurl:http://inspire.ec.europa.eu/applicationschema/of
04:22:29.490 [ForkJoinPool-1-worker-7] INFO  com.intuit.karate - [print] [
  "http://inspire.ec.europa.eu/id/document/tg/am"
]

04:22:29.496 [ForkJoinPool-1-worker-3] INFO  com.intuit.karate - [print] [
  "http://inspire.ec.europa.eu/id/document/tg/au"
]

04:22:29.522 [ForkJoinPool-1-worker-7] INFO  com.intuit.karate - [print]
04:22:29.570 [ForkJoinPool-1-worker-7] INFO  com.intuit.karate - [print] testing xlinkurl:http://inspire.ec.europa.eu/id/document/tg/am
04:22:29.571 [ForkJoinPool-1-worker-3] INFO  com.intuit.karate - [print]
04:22:29.580 [pool-1-thread-4] INFO  com.intuit.karate - [print] [
  {
    "datasetIdentifierCode": "3a72b9a4-cda9-11ea-87d0-0242ac130003",
    "title": "Grondwater Monitoring Net",
    "organisationName": "[TNO Geologische Dienst Nederland, TNO Geologische Dienst Nederland, TNO Geologische Dienst Nederland]",
    "email": "[info@bro.nl, Info@bro.nl, info@dinoloket.nl]"
  },
  {
    "datasetIdentifierCode": "977e0e94-7aa9-4784-b2da-eaec44adb61b",
    "title": "Habitatrichtlijn verspreiding van habitattypen",
    "organisationName": "[Ministerie van Economische Zaken - GIS Competence Center, Wageningen Environmental Research (Alterra), PDOK, Alterra]",
    "email": "[geodatabeheer.giscc@rvo.nl, GeoDesk.CGI@wur.nl, geodatabeheer.giscc@rvo.nl, beheerPDOK@kadaster.nl, ]"
  },
  {
    "datasetIdentifierCode": "247a1d15-0a67-40ce-85be-1403c08f15a8",
    "title": "Nationale Parken (INSPIRE Geharmoniseerd)",
    "organisationName": "no organisationName found in dataset record",
    "email": "[geodatabeheer.giscc@rvo.nl, geodatabeheer.giscc@rvo.nl, info@minlnv.nl, , , ]"
  },
  {
    "datasetIdentifierCode": "af0c582f-9e6b-46e6-865a-fc3a2d5289b9",
    "title": "Bodemgebruik",
    "organisationName": "[Kadaster, Kadaster, Kadaster]",
    "email": "[PPB-GVA@kadaster.nl, kcc@kadaster.nl, kcc@kadaster.nl]"
  },
  {
    "datasetIdentifierCode": "9d9f1738-aced-47c9-aaa0-c62474a2dcfb",
    "title": "Zeegebieden",
    "organisationName": "[Kadaster, Kadaster, Kadaster]",
    "email": "[PPB-GVA@kadaster.nl, kcc@kadaster.nl, kcc@kadaster.nl]"
  },
  {
    "datasetIdentifierCode": "3a7dd0a6-d130-4c4c-b0ba-24365cf036e2",
    "title": "Vervoersnetwerken - Spoorwegen (INSPIRE geharmoniseerd)",
    "organisationName": "[Kadaster, Kadaster]",
    "email": "[PPB-GVA@kadaster.nl, kcc@kadaster.nl]"
  },
  {
    "datasetIdentifierCode": "b3f66964-a8c1-456f-9799-9cafca2cb7b1",
    "title": "Monitoring stations (Nitraatrichtlijn) ondiepe filters",
    "organisationName": "no organisationName found in dataset record",
    "email": "[geodata@rivm.nl, , geodata@rivm.nl]"
  },
  {
    "datasetIdentifierCode": "81ff84ec-42a4-4481-840b-12713bbb5d38",
    "title": "Geografische Namen",
    "organisationName": "[Kadaster, Kadaster, Kadaster]",
    "email": "[PPB-GVA@kadaster.nl, kcc@kadaster.nl, kcc@kadaster.nl]"
  },
  {
    "datasetIdentifierCode": "a7fb2234-f7b4-4a03-b282-f10947f42fb1",
    "title": "Kaart van de bodemopbouw in Nederland 1:50.000 onder INSPIRE",
    "organisationName": "[TNO Geologische Dienst Nederland, Alterra, Wageningen UR, TNO Geologische Dienst Nederland]",
    "email": "[info@dinoloket.nl, geodesk.cgi@wur.nl, info@dinoloket.nl]"
  },
  {
    "datasetIdentifierCode": "c7662717-9e43-4367-a344-723d73abbb3e",
    "title": "-Gegevens boormonsterprofiel onder PDOK",
    "organisationName": "[TNO Geologische Dienst Nederland, TNO Geologische Dienst Nederland]",
    "email": "[info@dinoloket, info@dinoloket.nl]"
  },
  {
    "datasetIdentifierCode": "28c4780a-1a44-4376-b283-14a50a481729",
    "title": "Habitatrichtlijn verspreiding van soorten",
    "organisationName": "[Wageningen Environmental Research (Alterra), PDOK, CBS, Natuurloket, PGO's]",
    "email": "[geodatabeheer.giscc@rvo.nl, GeoDesk.CGI@wur.nl, geodatabeheer.giscc@rvo.nl, beheerPDOK@kadaster.nl, , , ]"
  },
  {
    "datasetIdentifierCode": "8b0b02a0-1e1b-4cda-bcfe-6fa0f738e38f",
    "title": "Emissies naar het riool in 2011 vanuit de industrie",
    "organisationName": "no organisationName found in dataset record",
    "email": "[emissieregistratie@rivm.nl, , emissieregistratie@rivm.nl]"
  },
  {
    "datasetIdentifierCode": "791adbe3-772f-42cb-a3be-5a617bcecef0",
    "title": "Zeegebieden (INSPIRE geharmoniseerd)",
    "organisationName": "[Kadaster, Kadaster]",
    "email": "[PPB-GVA@kadaster.nl, kcc@kadaster.nl]"
  },
  {
    "datasetIdentifierCode": "db8d613f-5edc-4467-9cc0-e2dcfb9d64a8",
    "title": "Statistical Units Grid",
    "organisationName": "[Statistics Netherlands, Statistics Netherlands, Statistics Netherlandds, Statistics Netherlands]",
    "email": "[infoservice@cbs.nl, infoservice@cbs.nl, infoservice@cbs.nl, , ]"
  },
  {
    "datasetIdentifierCode": "2cc2c30c-91b8-412a-a060-e84d25272581",
    "title": "Zones en agglomeraties (Richtlijn Luchtkwaliteit) 2013",
    "organisationName": "no organisationName found in dataset record",
    "email": "[geodata@rivm.nl, , geodata@rivm.nl]"
  },
  {
    "datasetIdentifierCode": "83dab947-387b-49df-8ad2-32bb10d46d38",
    "title": "Geluidkaart Schiphol 2016 (Lden)",
    "organisationName": "[Ministerie van IenW, Ministerie van IenW]",
    "email": "[sylvia.koolmees@minienw.nl, sylvia.koolmees@minienw.nl]"
  },
  {
    "datasetIdentifierCode": "5951efa2-1ff3-4763-a966-a2f5497679ee",
    "title": "Vervoersnetwerken - Waterwegen (INSPIRE geharmoniseerd)",
    "organisationName": "[Kadaster, Kadaster]",
    "email": "[PPB-GVA@kadaster.nl, kcc@kadaster.nl]"
  },
  {
    "datasetIdentifierCode": "f2f86edf-ac3a-48e8-9292-0544da2d7645",
    "title": "Emissies naar het riool in 2015 vanuit de industrie",
    "organisationName": "no organisationName found in dataset record",
    "email": "[emissieregistratie@rivm.nl, , emissieregistratie@rivm.nl]"
  },
  {
    "datasetIdentifierCode": "8de2f5eb-b09f-4f6d-8397-8878a1b86238",
    "title": "Geluidbelasting rijkswegen in Nederland 2011 (24-uurs gemiddelde)",
    "organisationName": "[Rijkswaterstaat, Rijkswaterstaat, , Rijkswaterstaat, Rijkswaterstaat]",
    "email": "[servicedesk-data@rijkswaterstaat.nl, servicedesk-data@rijkswaterstaat.nl, , servicedesk-data@rijkswaterstaat.nl, servicedesk-data@rijkswaterstaat.nl]"
  },
  {
    "datasetIdentifierCode": "tbjk534p-wubf-crbp-cj25-d4161160gfim",
    "title": "Kaderrichtlijn Mariene Strategie - Bevroren monitoringsdata",
    "organisationName": "[Rijkswaterstaat, Rijkswaterstaat, , Rijkswaterstaat, Rijkswaterstaat]",
    "email": "[servicedesk-data@rijkswaterstaat.nl, servicedesk-data@rijkswaterstaat.nl, , servicedesk-data@rijkswaterstaat.nl, servicedesk-data@rijkswaterstaat.nl]"
  },
  {
    "datasetIdentifierCode": "eu-cb527d-f6db-4835-b0cd-deb245241254",
    "title": "Vervoersnetwerken - Wegen (INSPIRE geharmoniseerd) - RWS",
    "organisationName": "[Rijkswaterstaat, Rijkswaterstaat, , Beheer PDOK, Rijkswaterstaat]",
    "email": "[servicedesk-data@rijkswaterstaat.nl, beheerPDOK@kadaster.nl, , beheerPDOK@kadaster.nl, servicedesk-data@rijkswaterstaat.nl]"
  },
  {
    "datasetIdentifierCode": "cbeaebc3-815a-48af-a978-0e16892865fc",
    "title": "Vogelrichtlijn verspreidingsgebied van soorten",
    "organisationName": "[Ministerie van Economische Zaken - GIS Competence Center, Wageningen Environmental Research (Alterra), PDOK, Sovon Vogelonderzoek Nederland]",
    "email": "[geodatabeheer.giscc@rvo.nl, GeoDesk.CGI@wur.nl, geodatabeheer.giscc@rvo.nl, beheerPDOK@kadaster.nl, ]"
  },
  {
    "datasetIdentifierCode": "edf79e6a-d73d-4def-8d22-0f495cc76a73",
    "title": "Bronbestanden waterkwaliteit",
    "organisationName": "[Informatiehuis Water, Informatiehuis Water]",
    "email": "[servicedesk@ihw.nl, servicedesk@ihw.nl]"
  },
  {
    "datasetIdentifierCode": "3e57ce43-7707-43ed-a4b9-72b3a6d812f8",
    "title": "Geluidkaart hoofdspoornet 2011 (Lnight)",
    "organisationName": "[Ministerie van IenW, Ministerie van IenW]",
    "email": "[sylvia.koolmees@minienw.nl, sylvia.koolmees@minienw.nl]"
  },
  {
    "datasetIdentifierCode": "c2225e5d-b46f-4e38-8445-ab10fd40c0dc",
    "title": "Blokindeling Nederlands Continentaal Plat",
    "organisationName": "[Ministerie van Defensie, Koninklijke Marine, Dienst der Hydrografie, Ministerie van Defensie, Koninklijke Marine, Dienst der Hydrografie, Ministerie van Defensie, Koninklijke Marine, Dienst der Hydrografie]",
    "email": "[data@hydro.nl, data@hydro.nl, data@hydro.nl]"
  },
  {
    "datasetIdentifierCode": "eu-f297898-2640-44c2-bbe9-c0480da83794",
    "title": "Hydrografie - Netwerk (INSPIRE geharmoniseerd) - WT",
    "organisationName": "[Rijkswaterstaat, Rijkswaterstaat, , Rijkswaterstaat, Wetransform]",
    "email": "[servicedesk-data@rijkswaterstaat.nl, servicedesk-data@rijkswaterstaat.nl, , servicedesk-data@rijkswaterstaat.nl, info@wetransform.to]"
  },
  {
    "datasetIdentifierCode": "3d59fd06-9aec-4744-91e7-65e119f74569",
    "title": "Mossel- en oesterhabitats",
    "organisationName": "[Ministerie van Economische Zaken - GIS Competence Center, Wageningen Marine Research, PDOK]",
    "email": "[geodatabeheer.giscc@rvo.nl, geodatabeheer.giscc@rvo.nl, info@wur.nl, BeheerPDOK@kadaster.nl]"
  },
  {
    "datasetIdentifierCode": "c5c4a6d6-b850-473c-8ab5-af9c2c550809",
    "title": "Administratieve Eenheden",
    "organisationName": "[Kadaster, Kadaster en Openbare Registers, Kadaster en de Openbare Registers]",
    "email": "[PPB-GVA@kadaster.nl, kcc@kadaster.nl, kcc@kadaster.nl]"
  },
  {
    "datasetIdentifierCode": "be6551de-a709-4c6d-a5e2-f63f0cf038ba",
    "title": "Amplitude van het getij op de Noordzee",
    "organisationName": "[Ministerie van Defensie, Koninklijke Marine, Dienst der Hydrografie, Ministerie van Defensie, Koninklijke Marine, Dienst der Hydrografie, Ministerie van Defensie, Koninklijke Marine, Dienst der Hydrografie]",
    "email": "[data@hydro.nl, data@hydro.nl, data@hydro.nl, ]"
  },
  {
    "datasetIdentifierCode": "6050578f-0010-4bfa-b013-c8617b80ba62",
    "title": "Grondwatersamenstellinggegevens KRW meetronde 2012 onder INSPIRE",
    "organisationName": "[TNO Geologische Dienst Nederland, TNO Geologische Dienst Nederland, TNO Geologische Dienst Nederland]",
    "email": "[info@dinoloket.nl, info@dinoloket.nl, info@dinoloket.nl]"
  },
  {
    "datasetIdentifierCode": "a5f961e9-ebdd-41e2-b8e8-ab33ed340a83",
    "title": "Adressen (INSPIRE geharmoniseerd)",
    "organisationName": "[Kadaster, Kadaster]",
    "email": "[PPB-GVA@kadaster.nl, kcc@kadaster.nl]"
  },
  {
    "datasetIdentifierCode": "08b27bf0-e34a-4b30-9eac-5edadfb6a288",
    "title": "Afgevoerde hoeveelheid afval in 2015 vanuit de industrie",
    "organisationName": "no organisationName found in dataset record",
    "email": "[emissieregistratie@rivm.nl, , emissieregistratie@rivm.nl]"
  },
  {
    "datasetIdentifierCode": "14657c9b-91e4-4355-8563-2911ad0e78e4",
    "title": "Vervoersnetwerken - Gemeenschappelijke elementen (INSPIRE geharmoniseerd)",
    "organisationName": "[Kadaster, Kadaster]",
    "email": "[PPB-GVA@kadaster.nl, kcc@kadaster.nl]"
  },
  {
    "datasetIdentifierCode": "58d39928-f502-48c9-a8c1-03244dc181bf",
    "title": "Geluidkaart Schiphol 2016 (Lnight)",
    "organisationName": "[Ministerie van IenW, Ministerie van IenW]",
    "email": "[sylvia.koolmees@minienw.nl, sylvia.koolmees@minienw.nl]"
  },
  {
    "datasetIdentifierCode": "25294679-adb9-4c39-a93b-6954ff9414ac",
    "title": "Waterstanden en afvoeren verwacht - Rijkswaterstaat",
    "organisationName": "[Rijkswaterstaat, Rijkswaterstaat, , Rijkswaterstaat, Rijkswaterstaat]",
    "email": "[servicedesk-data@rijkswaterstaat.nl, servicedesk-data@rijkswaterstaat.nl, , servicedesk-data@rijkswaterstaat.nl, servicedesk-data@rijkswaterstaat.nl]"
  },
  {
    "datasetIdentifierCode": "d6b85d84-cdb9-4a6e-b799-cf8826e22a94",
    "title": "Ligging industrie en CO2 emissies",
    "organisationName": "Ministerie van Economische Zaken - GIS Competence Center",
    "email": "[geodatabeheer.giscc@rvo.nl, geodatabeheer.giscc@rvo.nl]"
  },
  {
    "datasetIdentifierCode": "b4ae622c-6201-49d8-bd2e-f7fce9206a1e",
    "title": "Gebouwen (INSPIRE geharmoniseerd)",
    "organisationName": "[Kadaster, Kadaster]",
    "email": "[PPB-GVA@kadaster.nl, kcc@kadaster.nl]"
  },
  {
    "datasetIdentifierCode": "74aca3eb-c38b-4214-9537-e0abc69e11b5",
    "title": "Luchtfoto 2017 25cm RGB open data",
    "organisationName": "[Kadaster, Het Waterschapshuis, Kadaster, Eurosense, Eurosense, Eurosense, Kadaster, Kadaster]",
    "email": "[PPB-GVA@kadaster.nl, info@hetwaterschapshuis.nl, kcc@kadaster.nl, , , , , , ]"
  },
  {
    "datasetIdentifierCode": "d9baa847-4652-4588-abe1-0b050f40f27f",
    "title": "Ziekenhuizen in Nederland (september 2013)",
    "organisationName": "no organisationName found in dataset record",
    "email": "[atlas@rivm.nl, , geodata@rivm.nl]"
  },
  {
    "datasetIdentifierCode": "ed960299-a147-4c1a-bc57-41ff83a2264f",
    "title": "Bodemkaart50000_versie2014",
    "organisationName": "[Wageningen Environmental Research, Wageningen Environmental Research (Alterra), Wageningen Environmental Research, Wageningen Environmental Research (Alterra), ALTERRA en voorafgaande instituten, ALTERRA en voorafgaande instituten, Alterra, Alterra, Alterra Wageningen UR, Alterra]",
    "email": "[fokke.brouwer@wur.nl, GeoDesk@wur.nl, fokke.brouwer@wur.nl, GeoDesk@wur.nl]"
  },
  {
    "datasetIdentifierCode": "12bb57cd-73e0-41ba-a1e9-6d986b9109d3",
    "title": "Human Health NL NUTS2",
    "organisationName": "[Statistics Netherlands, Statistics Netherlands, Statistics Netherlandds, Statistics Netherlands]",
    "email": "[infoservice@cbs.nl, infoservice@cbs.nl, infoservice@cbs.nl, , ]"
  },
  {
    "datasetIdentifierCode": "fe0e1e5f-512f-4bb1-bbf8-4028d3dfa24f",
    "title": "Schelpdierpercelen",
    "organisationName": "[Ministerie van Economische Zaken - GIS Competence Center, PDOK]",
    "email": "[geodatabeheer.giscc@rvo.nl, geodatabeheer.giscc@rvo.nl, BeheerPDOK@kadaster.nl]"
  },
  {
    "datasetIdentifierCode": "adn73c4a-ef03-4785-b7f6-942e86b385f5",
    "title": "Bathymetrie Nederland - kust",
    "organisationName": "[Rijkswaterstaat, Rijkswaterstaat, , Rijkswaterstaat, Rijkswaterstaat]",
    "email": "[servicedesk-data@rijkswaterstaat.nl, servicedesk-data@rijkswaterstaat.nl, , servicedesk-data@rijkswaterstaat.nl, servicedesk-data@rijkswaterstaat.nl]"
  },
  {
    "datasetIdentifierCode": "1c3afc74-cc34-44b7-938a-963e2350795a",
    "title": "Hydrografie - Physical Waters (INSPIRE geharmoniseerd)",
    "organisationName": "[Kadaster, Kadaster]",
    "email": "[PPB-GVA@kadaster.nl, kcc@kadaster.nl]"
  },
  {
    "datasetIdentifierCode": "4783ea4f-6b8c-4600-8af0-516f3556cfe9",
    "title": "Kaderrichtlijn Water - Register Beschermd Gebied - Schelpdierwater 2008",
    "organisationName": "[Rijkswaterstaat, Rijkswaterstaat, , Rijkswaterstaat, Rijkswaterstaat]",
    "email": "[servicedesk-data@rijkswaterstaat.nl, servicedesk-data@rijkswaterstaat.nl, , servicedesk-data@rijkswaterstaat.nl, servicedesk-data@rijkswaterstaat.nl]"
  },
  {
    "datasetIdentifierCode": "80630ee7-3a15-4ea0-bdc0-a8aebfa2f204",
    "title": "Oppervlaktegeologie, Geologische kaart onder INSPIRE",
    "organisationName": "[TNO Geologische Dienst Nederland, TNO Geologische Dienst Nederland, TNO Geologische Dienst Nederland]",
    "email": "[info@dinoloket.nl, info@dinoloket.nl, info@dinoloket.nl]"
  },
  {
    "datasetIdentifierCode": "5b274449-b6c2-4672-a32f-e0bd40975a53",
    "title": "Luchtfoto 2018 25cm RGB open data",
    "organisationName": "[Kadaster, Het Waterschapshuis, Kadaster, Eurosense, Eurosense, Eurosense, Kadaster, Kadaster]",
    "email": "[PPB-GVA@kadaster.nl, info@hetwaterschapshuis.nl, kcc@kadaster.nl, , , , , , ]"
  },
  {
    "datasetIdentifierCode": "4617f0e0-6af4-4ac0-9044-31df9d03071c",
    "title": "Gebieden in de territoriale zee",
    "organisationName": "[Ministerie van Defensie, Koninklijke Marine, Dienst der Hydrografie, Ministerie van Defensie, Koninklijke Marine, Dienst der Hydrografie, Ministerie van Defensie, Koninklijke Marine, Dienst der Hydrografie]",
    "email": "[data@hydro.nl, data@hydro.nl, data@hydro.nl, , ]"
  },
  {
    "datasetIdentifierCode": "e3b0da1e-0664-4025-b3f5-a54d74a26450",
    "title": "zoutvelden en zoutproductieputten onder INSPIRE",
    "organisationName": "[TNO Geologische Dienst Nederland, TNO Geologische Dienst Nederland, TNO Geologische Dienst Nederland]",
    "email": "[info@dinoloket.nl, info@dinoloket.nl, info@dinoloket.nl]"
  },
  {
    "datasetIdentifierCode": "4b282988-cb91-4bbc-b147-f653014917cb",
    "title": "Hydrografie",
    "organisationName": "[Kadaster, Kadaster, Kadaster]",
    "email": "[PPB-GVA@kadaster.nl, kcc@kadaster.nl, kcc@kadaster.nl]"
  },
  {
    "datasetIdentifierCode": "50a2c5e6-c8e7-425d-854e-26f578196bc9",
    "title": "Afgevoerde hoeveelheid afval in 2011 vanuit de industrie",
    "organisationName": "no organisationName found in dataset record",
    "email": "[emissieregistratie@rivm.nl, , emissieregistratie@rivm.nl]"
  },
  {
    "datasetIdentifierCode": "df15af6e-0d21-4437-a69f-802be3479bba",
    "title": "Luchtfoto 2016 25cm RGB open data",
    "organisationName": "[Kadaster, Het Waterschapshuis, Kadaster, Eurosense, Eurosense, Eurosense, Kadaster, Kadaster]",
    "email": "[PPB-GVA@kadaster.nl, info@hetwaterschapshuis.nl, kcc@kadaster.nl, , , , , , ]"
  },
  {
    "datasetIdentifierCode": "10d1153e-778f-4995-9b6c-7c69b196cccb",
    "title": "Statistical Units Vector",
    "organisationName": "[Statistics Netherlands, Statistics Netherlands, Statistics Netherlandds, Statistics Netherlands]",
    "email": "[infoservice@cbs.nl, infoservice@cbs.nl, infoservice@cbs.nl, , ]"
  },
  {
    "datasetIdentifierCode": "6c06740d-058f-4a12-bb3f-bf68efd03d09",
    "title": "Vervoersnetwerken - Kabelbanen (INSPIRE geharmoniseerd)",
    "organisationName": "[Kadaster, Kadaster]",
    "email": "[PPB-GVA@kadaster.nl, kcc@kadaster.nl]"
  },
  {
    "datasetIdentifierCode": "7dd1fd45-ace5-41e0-93a6-64e3be231717",
    "title": "Administratieve Eenheden (INSPIRE geharmoniseerd)",
    "organisationName": "[Kadaster, Kadaster]",
    "email": "[PPB-GVA@kadaster.nl, kcc@kadaster.nl]"
  },
  {
    "datasetIdentifierCode": "a04afee4-47d5-45b7-b7a0-a6f86106af11",
    "title": "Mosselzaadinvanginstallaties",
    "organisationName": "no organisationName found in dataset record",
    "email": "[geodatabeheer.giscc@rvo.nl, VR@minez.nl, geodatabeheer.giscc@rvo.nl, beheer@pdok.nl]"
  },
  {
    "datasetIdentifierCode": "8a4f5c3b-aced-48fd-afb5-f1f1d0ef21d6",
    "title": "Omgevingsdosisequivalenttempo Nationaal Meetnet Radioactiviteit 2011",
    "organisationName": "no organisationName found in dataset record",
    "email": "[geodata@rivm.nl, , geodata@rivm.nl]"
  },
  {
    "datasetIdentifierCode": "24de356e-ec4d-4a18-9903-6401d222b77c",
    "title": "Vergunningen Mijnbouwwet onder INSPIRE",
    "organisationName": "[TNO Geologische Dienst Nederland, TNO Geologische Dienst Nederland, TNO Geologische Dienst Nederland]",
    "email": "[info@dinoloket.nl, info@dinoloket.nl, info@dinoloket.nl]"
  },
  {
    "datasetIdentifierCode": "19165027-a13a-4c19-9013-ec1fd191019d",
    "title": "Wetlands (RAMSAR) (INSPIRE Geharmoniseerd)",
    "organisationName": "[, ]",
    "email": "[geodatabeheer.giscc@rvo.nl, geodatabeheer.giscc@rvo.nl, geodatabeheer.giscc@rvo.nl, GeoDesk.CGI@wur.nl, beheer@pdok.nl, , ]"
  },
  {
    "datasetIdentifierCode": "c3c004ad-5387-4b00-a225-9afbcaa5d31b",
    "title": "Geluidkaart hoofdspoornet 2016 (Lden)",
    "organisationName": "[Ministerie van IenW, Ministerie van IenW]",
    "email": "[sylvia.koolmees@minienw.nl, sylvia.koolmees@minienw.nl]"
  },
  {
    "datasetIdentifierCode": "b59f06c0-dce5-11e3-9c10-901b0e19e163",
    "title": "Aardbevingen Nederland (KNMI)",
    "organisationName": "[Koninklijk Nederlands Meteorologisch Instituut (KNMI), Koninklijk Nederlands Meteorologisch Instituut (KNMI), Koninklijk Nederlands Meteorologisch Instituut (KNMI)]",
    "email": "[datacentrum@knmi.nl, datacentrum@knmi.nl, datacentrum@knmi.nl]"
  },
  {
    "datasetIdentifierCode": "daa63e4c-dce6-11e3-991e-901b0e19e163",
    "title": "Gecontroleerde klimatologische daggegevens KNMI Nederland",
    "organisationName": "[Koninklijk Nederlands Meteorologisch Instituut (KNMI), Koninklijk Nederlands Meteorologisch Instituut (KNMI), Koninklijk Nederlands Meteorologisch Instituut (KNMI)]",
    "email": "[datacentrum@knmi.nl, datacentrum@knmi.nl, datacentrum@knmi.nl]"
  },
  {
    "datasetIdentifierCode": "fe45c540-e37d-11e4-b571-0800200c9a66",
    "title": "Zwemwaterlocaties en zwemwaterkwaliteit - monsterpunten",
    "organisationName": "[Interprovinciaal Overleg, Interprovinciaal Overleg, Interprovinciaal Overleg, Interprovinciaal Overleg, Interprovinciaal Overleg]",
    "email": "[inspire@gbo-provincies.nl, inspire@gbo-provincies.nl, inspire@gbo-provincies.nl]"
  },
  {
    "datasetIdentifierCode": "7939fd42-cf88-42c5-ab3b-232cf232a3ac",
    "title": "Actueel Hoogtebestand Nederland 2 (AHN2)",
    "organisationName": "[Rijkswaterstaat, stuurgroep AHN, , Rijkswaterstaat, Rijkswaterstaat]",
    "email": "[servicedesk-data@rijkswaterstaat.nl, servicedesk-data@rijkswaterstaat.nl, , servicedesk-data@rijkswaterstaat.nl, servicedesk-data@rijkswaterstaat.nl]"
  },
  {
    "datasetIdentifierCode": "cf69ec50-9849-4afd-853c-ee56211d336d",
    "title": "Waterstanden en afvoeren actueel - Rijkswaterstaat",
    "organisationName": "[Rijkswaterstaat, Rijkswaterstaat, , Rijkswaterstaat, Rijkswaterstaat]",
    "email": "[servicedesk-data@rijkswaterstaat.nl, servicedesk-data@rijkswaterstaat.nl, , servicedesk-data@rijkswaterstaat.nl, servicedesk-data@rijkswaterstaat.nl]"
  },
  {
    "datasetIdentifierCode": "b6ee58a1-b097-4c6d-8600-eb81efc1468c",
    "title": "Productie/industrie-inrichtingen (o.b.v. SBI-codes) uit {Risico Register Gevaarlijke stoffen (RRGS)}",
    "organisationName": "[Interprovinciaal Overleg, Interprovinciaal Overleg, Interprovinciaal Overleg]",
    "email": "[inspire@gbo-provincies.nl, inspire@gbo-provincies.nl, inspire@gbo-provincies.nl]"
  },
  {
    "datasetIdentifierCode": "002d9127-c16d-4b8d-9f5e-102a8c8e36c4",
    "title": "Geluidkaart hoofdspoornet 2016 (Lnight)",
    "organisationName": "[Ministerie van IenW, Ministerie van IenW]",
    "email": "[sylvia.koolmees@minienw.nl, sylvia.koolmees@minienw.nl]"
  },
  {
    "datasetIdentifierCode": "68ebd5c9-0ea1-4f22-9907-ec4c063cd3e2",
    "title": "Landelijk zoet en zoutwatermeetnet - Rijkswaterstaat",
    "organisationName": "[Rijkswaterstaat, Rijkswaterstaat, , Rijkswaterstaat, Rijkswaterstaat]",
    "email": "[servicedesk-data@rijkswaterstaat.nl, servicedesk-data@rijkswaterstaat.nl, , servicedesk-data@rijkswaterstaat.nl, servicedesk-data@rijkswaterstaat.nl]"
  },
  {
    "datasetIdentifierCode": "58e7dc38-a498-4852-b4ef-908f5baa9056",
    "title": "Begrenzingen van vergunde ontgrondingsgebieden voor zand- en grindwinning",
    "organisationName": "[Interprovinciaal Overleg, Interprovinciaal Overleg, Interprovinciaal Overleg]",
    "email": "[inspire@gbo-provincies.nl, inspire@gbo-provincies.nl, inspire@gbo-provincies.nl]"
  },
  {
    "datasetIdentifierCode": "07575774-57a1-4419-bab4-6c88fdeb02b2",
    "title": "Hydrografie waterschappen INSPIRE",
    "organisationName": "[Het Waterschapshuis, Het Waterschapshuis, Het Waterschapshuis, Het Waterschapshuis]",
    "email": "[datastromen@hetwaterschapshuis.nl, datastromen@hetwaterschapshuis.nl, , datastromen@hetwaterschapshuis.nl]"
  },
  {
    "datasetIdentifierCode": "f8d840bc-18df-4449-b797-b9adcb81d3ec",
    "title": "Emissies naar lucht en water in 2015 vanuit de industrie",
    "organisationName": "no organisationName found in dataset record",
    "email": "[emissieregistratie@rivm.nl, , emissieregistratie@rivm.nl]"
  },
  {
    "datasetIdentifierCode": "88f76a94-ee4d-4e0c-9fde-91b692403e39",
    "title": "Natuurbranden",
    "organisationName": "[Interprovinciaal Overleg, Interprovinciaal Overleg, Interprovinciaal Overleg]",
    "email": "[inspire@gbo-provincies.nl, inspire@gbo-provincies.nl, inspire@gbo-provincies.nl]"
  },
  {
    "datasetIdentifierCode": "1be28290-55fa-4486-b9d3-b9d147117863",
    "title": "Luchtfoto 2016 25cm CIR open data",
    "organisationName": "[Kadaster, Het Waterschapshuis, Kadaster, Eurosense, Eurosense, Eurosense, Kadaster, Kadaster]",
    "email": "[PPB-GVA@kadaster.nl, info@hetwaterschapshuis.nl, kcc@kadaster.nl, , , , , , ]"
  },
  {
    "datasetIdentifierCode": "1a40eb6f-4f33-4e15-a0b1-2d350ad2636e",
    "title": "Geografische Namen (INSPIRE geharmoniseerd)",
    "organisationName": "[Kadaster, Kadaster]",
    "email": "[PPB-GVA@kadaster.nl, kcc@kadaster.nl]"
  },
  {
    "datasetIdentifierCode": "588a4cb1-b442-4ac1-87e4-40401e353166",
    "title": "Jaarcijfers Landelijk Meetnet Luchtkwaliteit 2012",
    "organisationName": "no organisationName found in dataset record",
    "email": "[geodata@rivm.nl, , geodata@rivm.nl]"
  },
  {
    "datasetIdentifierCode": "6c1cf452-8c62-4046-99ab-640a5e184f9c",
    "title": "Geologisch booronderzoek onder INSPIRE",
    "organisationName": "[TNO Geologische Dienst Nederland, TNO Geologische Dienst Nederland, TNO Geologische Dienst Nederland]",
    "email": "[info@dinoloket.nl, info@dinoloket.nl, info@dinoloket.nl]"
  },
  {
    "datasetIdentifierCode": "844404a2-9cd0-452e-b29a-74588777485a",
    "title": "Geluidkaart hoofdspoornet 2011 (Lden)",
    "organisationName": "[Ministerie van IenW, Ministerie van IenW]",
    "email": "[sylvia.koolmees@minienw.nl, sylvia.koolmees@minienw.nl]"
  },
  {
    "datasetIdentifierCode": "be1b1514-8d1f-48e1-9624-fee9b784138b",
    "title": "Vaarwegmarkeringen Nederland",
    "organisationName": "[Rijkswaterstaat, Rijkswaterstaat, , Rijkswaterstaat, Rijkswaterstaat]",
    "email": "[servicedesk-data@rijkswaterstaat.nl, servicedesk-data@rijkswaterstaat.nl, , servicedesk-data@rijkswaterstaat.nl, servicedesk-data@rijkswaterstaat.nl]"
  },
  {
    "datasetIdentifierCode": "31de946d-85d4-4c93-bb97-e25f4ef1401a",
    "title": "Vervoersnetwerken - Luchttransport (INSPIRE geharmoniseerd)",
    "organisationName": "[Kadaster, Kadaster]",
    "email": "[PPB-GVA@kadaster.nl, kcc@kadaster.nl]"
  },
  {
    "datasetIdentifierCode": "dc5b522e-3e14-4738-9e8e-2401e1b19ef2",
    "title": "Potentieel koude en warmte uit open en gesloten WKO systemen (GJ/ha.jaar)",
    "organisationName": "[Ministerie van Economische Zaken - GIS Competence Center, Ministerie van Economische Zaken - GIS Competence Center]",
    "email": "[geodatabeheer.giscc@rvo.nl, geodatabeheer.giscc@rvo.nl, geodatabeheer.giscc@rvo.nl]"
  },
  {
    "datasetIdentifierCode": "b61a773c-ecad-4e60-93e9-0a4caac0b52f",
    "title": "Olie- en gasvelden onder INSPIRE",
    "organisationName": "[TNO Geologische Dienst Nederland, TNO Geologische Dienst Nederland, TNO Geologische Dienst Nederland]",
    "email": "[info@dinoloket.nl, info@dinoloket.nl, info@dinoloket.nl]"
  },
  {
    "datasetIdentifierCode": "8f45b8ef-0ce8-463a-9059-5efdcecb785c",
    "title": "Vervoersnetwerken - Wegen (INSPIRE geharmoniseerd)",
    "organisationName": "[Kadaster, Kadaster]",
    "email": "[PPB-GVA@kadaster.nl, kcc@kadaster.nl]"
  },
  {
    "datasetIdentifierCode": "afc450bd-65b3-4e59-b0fb-619869bf6ada",
    "title": "Landelijk grondwaterregister - Faciliteiten voor productie en industrie",
    "organisationName": "[Interprovinciaal Overleg, Interprovinciaal Overleg, Interprovinciaal Overleg, Interprovinciaal Overleg, Interprovinciaal Overleg]",
    "email": "[inspire@gbo-provincies.nl, inspire@gbo-provincies.nl, inspire@gbo-provincies.nl, , ]"
  },
  {
    "datasetIdentifierCode": "5800f3b0-2ea2-4231-8165-216a7b26867f",
    "title": "Gemeten Koolstofmonoxide concentraties in buitenlucht.",
    "organisationName": "RIVM",
    "email": "[geodata@rivm.nl, geodata@rivm.nl]"
  },
  {
    "datasetIdentifierCode": "b3ec8793-7747-4da0-b6c3-aa384446a586",
    "title": "Gemeten Fijn stof concentraties in buitenlucht.",
    "organisationName": "no organisationName found in dataset record",
    "email": "[geodata@rivm.nl, geodata@rivm.nl]"
  },
  {
    "datasetIdentifierCode": "733559a5-201d-40e5-ad43-d1c7bae84d9f",
    "title": "Gemeten Stikstofdioxide concentraties in buitenlucht.",
    "organisationName": "RIVM",
    "email": "[geodata@rivm.nl, geodata@rivm.nl]"
  },
  {
    "datasetIdentifierCode": "500d396f-5ec6-4e4b-a151-5fb3cddd8082",
    "title": "Gemeten Zwaveldioxide concentraties in buitenlucht.",
    "organisationName": "no organisationName found in dataset record",
    "email": "[geodata@rivm.nl, geodata@rivm.nl]"
  },
  {
    "datasetIdentifierCode": "f91c6ad6-62a5-46d0-8a5b-8a62e7a4b833",
    "title": "Gemeten Stikstofmonoxide concentraties in buitenlucht.",
    "organisationName": "no organisationName found in dataset record",
    "email": "[geodata@rivm.nl, geodata@rivm.nl]"
  },
  {
    "datasetIdentifierCode": "d8f370e8-123c-4ab3-9410-04f728327ac6",
    "title": "Gemeten Ozon concentraties in buitenlucht.",
    "organisationName": "no organisationName found in dataset record",
    "email": "[geodata@rivm.nl, geodata@rivm.nl]"
  },
  {
    "datasetIdentifierCode": "73ec579e-c906-433a-b0b6-d3aa33421558",
    "title": "Luchtvaartinformatie",
    "organisationName": "[Luchtverkeersleiding Nederland (LVNL), Luchtverkeersleiding Nederland (LVNL)]",
    "email": "[AIS@LVNL.NL, AIS@LVNL.nl]"
  },
  {
    "datasetIdentifierCode": "d3c9efd6-fca7-49d6-92bb-5f507abece90",
    "title": "Gemeten Ammoniak concentraties in buitenlucht.",
    "organisationName": "no organisationName found in dataset record",
    "email": "[geodata@rivm.nl, geodata@rivm.nl]"
  },
  {
    "datasetIdentifierCode": "29c17585-e702-463f-a5dc-99d34b17d333",
    "title": "RDinfo",
    "organisationName": "[Kadaster, Dienst van Het Kadaster en Openbare Registers, Dienst voor het Kadaster en de Openbare Registers]",
    "email": "[PPB-GVA@kadaster.nl, kcc@kadaster.nl, rd@kadaster.nl]"
  },
  {
    "datasetIdentifierCode": "64ff8561-5c56-4cc1-ae0e-94366fb70b7e",
    "title": "Luchtfoto 2019 25cm RGB open data",
    "organisationName": "[Kadaster, Het Waterschapshuis, Kadaster, Geocart, Geocart, Geocart, Kadaster, Kadaster]",
    "email": "[PPB-GVA@kadaster.nl, info@hetwaterschapshuis.nl, kcc@kadaster.nl, , , , , , ]"
  },
  {
    "datasetIdentifierCode": "9dd9bf30-36e6-45ae-b368-bdef2720bdde",
    "title": "Bodemkundig boormonsterprofiel onder INSPIRE",
    "organisationName": "[TNO Geologische Dienst Nederland, Alterra, Wageningen UR, TNO Geologische Dienst Nederland]",
    "email": "[info@dinoloket.nl, geodesk.cgi@wur.nl, info@dinoloket.nl]"
  },
  {
    "datasetIdentifierCode": "a322184d-6285-4856-bb78-f450b30ffc0e",
    "title": "Bathymetrie Nederlands deel van de Noordzee dieper dan 10 m LAT",
    "organisationName": "[Ministerie van Defensie, Koninklijke Marine, Dienst der Hydrografie, Ministerie van Defensie, Koninklijke Marine, Dienst der Hydrografie]",
    "email": "[data@hydro.nl, data@hydro.nl, data@hydro.nl, , ]"
  },
  {
    "datasetIdentifierCode": "493ab81b-75f8-4205-b030-6b2fd9eb4295",
    "title": "INSPIRE geharmoniseerde Beschermde Gebieden - Cultuur Historie",
    "organisationName": "[Rijksdienst voor het Cultureel Erfgoed, Rijksdienst voor het Cultureel Erfgoed, Rijksdienst voor het Cultureel Erfgoed]",
    "email": "[info@cultureelerfgoed.nl, info@cultureelerfgoed.nl, info@cultureelerfgoed.nl]"
  },
  {
    "datasetIdentifierCode": "f1d27179-36eb-4376-8048-f51d2eb23a09",
    "title": "Nederlands deel PSSA Waddenzee",
    "organisationName": "[Ministerie van Defensie, Koninklijke Marine, Dienst der Hydrografie, Ministerie van Defensie, Koninklijke Marine, Dienst der Hydrografie, Ministerie van Defensie, Koninklijke Marine, Dienst der Hydrografie]",
    "email": "[data@hydro.nl, data@hydro.nl, data@hydro.nl, , ]"
  },
  {
    "datasetIdentifierCode": "0d6ccccc-7cfb-4eaa-8dc5-8b433d19b121",
    "title": "Landbouwbedrijven",
    "organisationName": "no organisationName found in dataset record",
    "email": "[geodatabeheer.giscc@rvo.nl, gegevensvragenASB@rvo.nl, gegevensvragenASB@rvo.nl]"
  },
  {
    "datasetIdentifierCode": "50eef6be-619d-4e16-9b92-48971109b636",
    "title": "Geluidbelasting rijkswegen in Nederland 2011 (nacht gemiddelde)",
    "organisationName": "[Rijkswaterstaat, Rijkswaterstaat, , Rijkswaterstaat, Rijkswaterstaat]",
    "email": "[servicedesk-data@rijkswaterstaat.nl, servicedesk-data@rijkswaterstaat.nl, , servicedesk-data@rijkswaterstaat.nl, servicedesk-data@rijkswaterstaat.nl]"
  },
  {
    "datasetIdentifierCode": "7c24ea89-074e-4c4f-91e3-d38e813e9cb6",
    "title": "Luchtfoto 2017 25cm CIR open data",
    "organisationName": "[Kadaster, Het Waterschapshuis, Kadaster, Eurosense, Eurosense, Eurosense, Kadaster, Kadaster]",
    "email": "[PPB-GVA@kadaster.nl, info@hetwaterschapshuis.nl, kcc@kadaster.nl, , , , , , ]"
  },
  {
    "datasetIdentifierCode": "f44dac86-2228-412f-8355-e56446ca9933",
    "title": "Gebieden in de Eemsmonding en de Dollard",
    "organisationName": "[Ministerie van Defensie, Koninklijke Marine, Dienst der Hydrografie, Ministerie van Defensie, Koninklijke Marine, Dienst der Hydrografie]",
    "email": "[data@hydro.nl, data@hydro.nl, data@hydro.nl]"
  },
  {
    "datasetIdentifierCode": "ad6caa40-89ab-47e3-85ab-3f8e32024a71",
    "title": "Emissies naar lucht en water in 2011 vanuit de industrie",
    "organisationName": "no organisationName found in dataset record",
    "email": "[emissieregistratie@rivm.nl, , emissieregistratie@rivm.nl]"
  },
  {
    "datasetIdentifierCode": "a29917b9-3426-4041-a11b-69bcb2256904",
    "title": "Kadastrale kaart v4",
    "organisationName": "[Kadaster, Kadaster en Openbare Registers, Dienst voor het Kadaster en de Openbare Registers]",
    "email": "[PPB-GVA@kadaster.nl, kcc@kadaster.nl, kcc@kadaster.nl, , ]"
  },
  {
    "datasetIdentifierCode": "7f5d7945-8fa8-4d36-be4c-2fdb3c7d613b",
    "title": "Luchtfoto 2018 25cm CIR open data",
    "organisationName": "[Kadaster, Het Waterschapshuis, Kadaster, Eurosense, Eurosense, Eurosense, Kadaster, Kadaster]",
    "email": "[PPB-GVA@kadaster.nl, info@hetwaterschapshuis.nl, kcc@kadaster.nl, , , , , , ]"
  },
  {
    "datasetIdentifierCode": "e80ad426-1392-4349-9f80-14dae5f1bf57",
    "title": "Kadastrale Percelen (INSPIRE geharmoniseerd)",
    "organisationName": "[Kadaster, Kadaster]",
    "email": "[PPB-GVA@kadaster.nl, kcc@kadaster.nl, , ]"
  },
  {
    "datasetIdentifierCode": "64c987ec-dce6-11e3-8563-901b0e19e163",
    "title": "Actuele synoptische weerwaarnemingen KNMI Nederland per 10 minuten (24 uur)",
    "organisationName": "[Koninklijk Nederlands Meteorologisch Instituut (KNMI), Koninklijk Nederlands Meteorologisch Instituut (KNMI), Koninklijk Nederlands Meteorologisch Instituut (KNMI)]",
    "email": "[datacentrum@knmi.nl, datacentrum@knmi.nl, datacentrum@knmi.nl]"
  },
  {
    "datasetIdentifierCode": "e1e99000-ec47-4e9f-84a5-adad24fef0dc",
    "title": "Natuurlijke alfa activiteitsconcentratie in lucht Nationaal Meetnet Radioactiviteit 2011",
    "organisationName": "no organisationName found in dataset record",
    "email": "[geodata@rivm.nl, , geodata@rivm.nl]"
  },
  {
    "datasetIdentifierCode": "36a7e8cb-8300-4602-93d2-135943365a6f",
    "title": "Monitoring stations (Nitraatrichtlijn) diepe filters",
    "organisationName": "no organisationName found in dataset record",
    "email": "[geodata@rivm.nl, , geodata@rivm.nl]"
  },
  {
    "datasetIdentifierCode": "380aa01e-dce7-11e3-9f07-901b0e19e163",
    "title": "Netwerk van KNMI waarneemstations",
    "organisationName": "[Koninklijk Nederlands Meteorologisch Instituut (KNMI), Koninklijk Nederlands Meteorologisch Instituut (KNMI), Koninklijk Nederlands Meteorologisch Instituut (KNMI)]",
    "email": "[datacentrum@knmi.nl, datacentrum@knmi.nl, datacentrum@knmi.nl]"
  },
  {
    "datasetIdentifierCode": "adn73c4a-ef03-4785-b7f6-942e86b385f7",
    "title": "Bathymetrie Nederland - binnenwateren",
    "organisationName": "[Rijkswaterstaat, Rijkswaterstaat, , Rijkswaterstaat, Rijkswaterstaat]",
    "email": "[servicedesk-data@rijkswaterstaat.nl, servicedesk-data@rijkswaterstaat.nl, , servicedesk-data@rijkswaterstaat.nl, servicedesk-data@rijkswaterstaat.nl]"
  },
  {
    "datasetIdentifierCode": "F646DFB9-5BF6-EAB9-042B-CAB6FF2DC275",
    "title": "BRO Digital Geological Model (DGM)",
    "organisationName": "[TNO Geologische Dienst Nederland, TNO Geologische Dienst Nederland, TNO Geologische Dienst Nederland]",
    "email": "[info@bro.nl, info@bro.nl, info@dinoloket.nl]"
  },
  {
    "datasetIdentifierCode": "E7D9F0D6-2B8D-6699-F26E-4A781228F2DD",
    "title": "BRO REGIS II Hydrogeologisch model (HGM)",
    "organisationName": "[TNO Geologische Dienst Nederland, TNO Geologische Dienst Nederland, TNO Geologische Dienst Nederland]",
    "email": "[info@bro.nl, info@bro.nl, info@dinoloket.nl]"
  },
  {
    "datasetIdentifierCode": "7D35598D-DFBF-C64D-0F1A-92A80A45EB14",
    "title": "BRO GeoTOP (GTM)",
    "organisationName": "[TNO Geologische Dienst Nederland, TNO Geologische Dienst Nederland, TNO Geologische Dienst Nederland]",
    "email": "[info@bro.nl, info@bro.nl, info@dinoloket.nl]"
  },
  {
    "datasetIdentifierCode": "wt-83730-e750-485a-9c0c-39bf9be72cf8",
    "title": "Menselijke gezondheid en veiligheid - geluidbelasting rijkswegen 2016 (INSPIRE geharmoniseerd)",
    "organisationName": "[Rijkswaterstaat, Rijkswaterstaat, , Rijkswaterstaat, Wetransform]",
    "email": "[servicedesk-data@rijkswaterstaat.nl, servicedesk-data@rijkswaterstaat.nl, , servicedesk-data@rijkswaterstaat.nl, info@wetransform.to]"
  },
  {
    "datasetIdentifierCode": "9986a7ef-e5e2-4a7a-9018-2e1f9631ba8c",
    "title": "Zwemwater (provinciaal en Rijkswateren) uit {Zwemwaterregister}",
    "organisationName": "[Interprovinciaal Overleg, Interprovinciaal Overleg, Interprovinciaal Overleg]",
    "email": "[inspire@gbo-provincies.nl, inspire@gbo-provincies.nl, inspire@gbo-provincies.nl]"
  },
  {
    "datasetIdentifierCode": "df5ee213-e1bd-433b-80f7-4ea20f493ca8",
    "title": "Zwemwaterkwaliteit (provinciaal en Rijkswateren) uit {Zwemwaterregister}",
    "organisationName": "[Interprovinciaal Overleg, Interprovinciaal Overleg, Interprovinciaal Overleg]",
    "email": "[inspire@gbo-provincies.nl, inspire@gbo-provincies.nl, inspire@gbo-provincies.nl]"
  },
  {
    "datasetIdentifierCode": "34e6165f-1269-48d1-b255-0f05d163d692",
    "title": "Geluidszones rondom bedrijventerreinen zowel provinciaal als gemeentelijk",
    "organisationName": "[Interprovinciaal Overleg, Interprovinciaal Overleg, Interprovinciaal Overleg]",
    "email": "[inspire@gbo-provincies.nl, inspire@gbo-provincies.nl, inspire@gbo-provincies.nl]"
  },
  {
    "datasetIdentifierCode": "41023936-009d-48ec-a90d-c966895463c1",
    "title": "Geluidszones rondom vliegvelden",
    "organisationName": "[Interprovinciaal Overleg, Interprovinciaal Overleg, Interprovinciaal Overleg]",
    "email": "[inspire@gbo-provincies.nl, inspire@gbo-provincies.nl, inspire@gbo-provincies.nl]"
  },
  {
    "datasetIdentifierCode": "2d3dd6d2-2d2b-4b5f-9e30-86e19ed77a56",
    "title": "Bestand Bodemgebruik 2015",
    "organisationName": "[Centraal Bureau voor de Statistiek, Centraal Bureau voor de Statistiek, PDOK]",
    "email": "[infoservice@cbs.nl, infoservice@cbs.nl, , , ]"
  },
  {
    "datasetIdentifierCode": "eu-2c7040b-c448-451b-bf15-f2416ecaadd1",
    "title": "Vervoersnetwerken - Waterwegen (INSPIRE geharmoniseerd) - WT",
    "organisationName": "[Rijkswaterstaat, Rijkswaterstaat, , Rijkswaterstaat, Wetransform]",
    "email": "[servicedesk-data@rijkswaterstaat.nl, servicedesk-data@rijkswaterstaat.nl, , servicedesk-data@rijkswaterstaat.nl, info@wetransform.to]"
  },
  {
    "datasetIdentifierCode": "fe2f9091-1962-4073-9e3b-3e4aeed488a5",
    "title": "Beperkingen voor voertuigen (INSPIRE geharmoniseerde data)",
    "organisationName": "[RDW, RDW, RDW]",
    "email": "[ontheffingen@rdw.nl, ontheffingen@rdw.nl, , ]"
  },
  {
    "datasetIdentifierCode": "1249746f-c2a6-4639-98f2-251676b3528e",
    "title": "Maritieme grenzen - basislijn Noordzee",
    "organisationName": "[Ministerie van Defensie, Koninklijke Marine, Dienst der Hydrografie, Ministerie van Defensie, Koninklijke Marine, Dienst der Hydrografie, Ministerie van Defensie, Koninklijke Marine, Dienst der Hydrografie]",
    "email": "[data@hydro.nl, data@hydro.nl, data@hydro.nl]"
  },
  {
    "datasetIdentifierCode": "2daad588-11ef-47de-9832-6fe2c3b93e6d",
    "title": "Overstromingsrisicokaarten",
    "organisationName": "[Interprovinciaal Overleg, Interprovinciaal Overleg, Interprovinciaal Overleg]",
    "email": "[inspire@gbo-provincies.nl, inspire@gbo-provincies.nl, inspire@gbo-provincies.nl]"
  },
  {
    "datasetIdentifierCode": "f5f68d51-2ca4-4897-8227-d3938b2b0a7e",
    "title": "Afvalinrichtingen inclusief nucleaire inrichtingen",
    "organisationName": "[Interprovinciaal Overleg, Interprovinciaal Overleg, Interprovinciaal Overleg]",
    "email": "[inspire@gbo-provincies.nl, inspire@gbo-provincies.nl, inspire@gbo-provincies.nl]"
  },
  {
    "datasetIdentifierCode": "effe1ab0-073d-437c-af13-df5c5e07d6cd",
    "title": "CBS gebiedsindelingen",
    "organisationName": "[Centraal Bureau voor de Statistiek, Centraal Bureau voor de Statistiek, Centraal Bureau voor de Statistiek, Kadaster]",
    "email": "[infoservice@cbs.nl, infoservice@cbs.nl, infoservice@cbs.nl, , ]"
  },
  {
    "datasetIdentifierCode": "71c2b7d2-a1a8-4836-b8d4-7247d331b04d",
    "title": "CBS Provincies 2012",
    "organisationName": "[Centraal Bureau voor de Statistiek, Centraal Bureau voor de Statistiek, Centraal Bureau voor de Statistiek, Kadaster]",
    "email": "[infoservice@cbs.nl, infoservice@cbs.nl, infoservice@cbs.nl, , ]"
  },
  {
    "datasetIdentifierCode": "a5241416-8401-4623-be61-57ef50447a41",
    "title": "Maritieme grenzen - Noordzee",
    "organisationName": "[Ministerie van Defensie, Koninklijke Marine, Dienst der Hydrografie, Ministerie van Defensie, Koninklijke Marine, Dienst der Hydrografie, Ministerie van Defensie, Koninklijke Marine, Dienst der Hydrografie]",
    "email": "[data@hydro.nl, data@hydro.nl, data@hydro.nl, , ]"
  },
  {
    "datasetIdentifierCode": "wt-3730-e750-485a-9c0c-39bf9be72cf9",
    "title": "Menselijke gezondheid en veiligheid -  geluidbelasting rijkswegen 2006 (INSPIRE geharmoniseerd)",
    "organisationName": "[Rijkswaterstaat, Rijkswaterstaat, , Rijkswaterstaat, Wetransform]",
    "email": "[servicedesk-data@rijkswaterstaat.nl, servicedesk-data@rijkswaterstaat.nl, , servicedesk-data@rijkswaterstaat.nl, info@wetransform.to]"
  },
  {
    "datasetIdentifierCode": "11a292bd-9022-4a9f-b1bf-02f5c89ad74a",
    "title": "Totale potentie aardwarmte uit aquifers, INSPIRE",
    "organisationName": "[TNO Geologische Dienst Nederland, TNO Geologische Dienst Nederland, TNO Geologische Dienst Nederland]",
    "email": "[info@dinoloket.nl, info@dinoloket.nl, info@dinoloket.nl]"
  },
  {
    "datasetIdentifierCode": "5c37d29a-006d-4136-8989-adfc35a1d4a7",
    "title": "Wijk- en Buurtkaart 2019 versie 1",
    "organisationName": "[Centraal Bureau voor de Statistiek, Centraal Bureau voor de Statistiek, Centraal Bureau voor de Statistiek, Kadaster]",
    "email": "[infoservice@cbs.nl, infoservice@cbs.nl, infoservice@cbs.nl, , ]"
  },
  {
    "datasetIdentifierCode": "ca94a0cb-7561-4a10-a7d6-b840e56c33ff",
    "title": "Provinciale monumenten",
    "organisationName": "[Interprovinciaal Overleg, Interprovinciaal Overleg, Interprovinciaal Overleg]",
    "email": "[inspire@gbo-provincies.nl, inspire@gbo-provincies.nl, inspire@gbo-provincies.nl]"
  },
  {
    "datasetIdentifierCode": "998ba1dc-f6a6-49a3-a021-51f30d9b1d0e",
    "title": "Wet Ammoniak en Veehouderij gebieden",
    "organisationName": "[Interprovinciaal Overleg, Interprovinciaal Overleg, Interprovinciaal Overleg]",
    "email": "[inspire@gbo-provincies.nl, inspire@gbo-provincies.nl, inspire@gbo-provincies.nl]"
  },
  {
    "datasetIdentifierCode": "49ab8bee-b467-486a-96ca-b950443c453a",
    "title": "Beschermde gebieden - Provincies (INSPIRE geharmoniseerd)",
    "organisationName": "[Interprovinciaal Overleg, Interprovinciaal Overleg, Interprovinciaal Overleg]",
    "email": "[inspire@gbo-provincies.nl, inspire@gbo-provincies.nl, inspire@gbo-provincies.nl]"
  },
  {
    "datasetIdentifierCode": "c7d8d77b-8c47-4309-8c58-9b12b086407f",
    "title": "Natuurnetwerk Nederland",
    "organisationName": "[Interprovinciaal Overleg, Interprovinciaal Overleg, Interprovinciaal Overleg]",
    "email": "[inspire@gbo-provincies.nl, inspire@gbo-provincies.nl, inspire@gbo-provincies.nl]"
  },
  {
    "datasetIdentifierCode": "710c381c-ab2d-45d5-a45d-af2eba811e5f",
    "title": "Nationaal Hydrologisch Instrumentarium (NHI) - netwerkschematisatie",
    "organisationName": "[Rijkswaterstaat, Rijkswaterstaat, , Rijkswaterstaat, Rijkswaterstaat]",
    "email": "[servicedesk-data@rijkswaterstaat.nl, servicedesk-data@rijkswaterstaat.nl, , servicedesk-data@rijkswaterstaat.nl, servicedesk-data@rijkswaterstaat.nl]"
  },
  {
    "datasetIdentifierCode": "60a2a7c2-d5b3-4ad5-b562-c448695357fb",
    "title": "Nationale Landschappen",
    "organisationName": "[Interprovinciaal Overleg, Interprovinciaal Overleg, Interprovinciaal Overleg]",
    "email": "[inspire@gbo-provincies.nl, inspire@gbo-provincies.nl, inspire@gbo-provincies.nl]"
  },
  {
    "datasetIdentifierCode": "f002bfc5-7d87-46b6-819e-8415422b65c9",
    "title": "Aardkundige waarden",
    "organisationName": "[Interprovinciaal Overleg, Interprovinciaal Overleg, Interprovinciaal Overleg]",
    "email": "[inspire@gbo-provincies.nl, inspire@gbo-provincies.nl, inspire@gbo-provincies.nl]"
  },
  {
    "datasetIdentifierCode": "cc408b2d-09a6-4b2b-9aa3-b46bfe2f00a5",
    "title": "Stiltegebieden",
    "organisationName": "[Interprovinciaal Overleg, Interprovinciaal Overleg, Interprovinciaal Overleg]",
    "email": "[inspire@gbo-provincies.nl, inspire@gbo-provincies.nl, inspire@gbo-provincies.nl]"
  },
  {
    "datasetIdentifierCode": "110f9ec6-4464-462e-9765-83d90cefbeag",
    "title": "Kaderrichtlijn Water - Oppervlaktewaterlichamen Nederland EU2015 lijnen",
    "organisationName": "[Informatiehuis Water, Informatiehuis Water, , Rijkswaterstaat, Informatiehuis Water]",
    "email": "[servicedesk@ihw.nl, servicedesk@ihw.nl, , servicedesk-data@rijkswaterstaat.nl, servicedesk@ihw.nl]"
  },
  {
    "datasetIdentifierCode": "f0821bfe-5a0a-11e9-8647-d663bd873d93",
    "title": "NB-wetgebieden buiten Natura 2000",
    "organisationName": "[Interprovinciaal Overleg, Interprovinciaal Overleg, Interprovinciaal Overleg]",
    "email": "[inspire@gbo-provincies.nl, inspire@gbo-provincies.nl, inspire@gbo-provincies.nl]"
  },
  {
    "datasetIdentifierCode": "110f9ec6-4464-462e-9765-83d90cefbeab",
    "title": "Kaderrichtlijn Water - Stroomgebieddistricten Nederland EU2015",
    "organisationName": "[Informatiehuis Water, Informatiehuis Water, , Rijkswaterstaat, Rijkswaterstaat]",
    "email": "[servicedesk@ihw.nl, servicedesk-data@rijkswaterstaat.nl, , servicedesk-data@rijkswaterstaat.nl, servicedesk-data@rijkswaterstaat.nl]"
  },
  {
    "datasetIdentifierCode": "2e31680f-68b5-4ff3-94a4-9c24109ffd5e",
    "title": "Kaderrichtlijn Water - Oppervlaktewaterlichamen Nederland 2019 vlakken",
    "organisationName": "[Rijkswaterstaat, Rijkswaterstaat, , Rijkswaterstaat, Rijkswaterstaat]",
    "email": "[servicedesk-data@rijkswaterstaat.nl, servicedesk-data@rijkswaterstaat.nl, , servicedesk-data@rijkswaterstaat.nl, servicedesk-data@rijkswaterstaat.nl]"
  },
  {
    "datasetIdentifierCode": "622a632a-c57b-44a2-83a4-e51223d5f15g",
    "title": "Kaderrichtlijn Water - Oppervlaktewaterlichamen Nederland 2019 lijnen",
    "organisationName": "[Rijkswaterstaat, Rijkswaterstaat, , Rijkswaterstaat, Rijkswaterstaat]",
    "email": "[servicedesk-data@rijkswaterstaat.nl, servicedesk-data@rijkswaterstaat.nl, , servicedesk-data@rijkswaterstaat.nl, servicedesk-data@rijkswaterstaat.nl]"
  },
  {
    "datasetIdentifierCode": "krw-f7bb2351-9788-42ea-a58b-a5ee1842304e",
    "title": "Kaderrichtlijn Water - Stroomgebieddistricten Nederland 2019 vlakken",
    "organisationName": "[Rijkswaterstaat, Rijkswaterstaat, , Rijkswaterstaat, Rijkswaterstaat]",
    "email": "[servicedesk-data@rijkswaterstaat.nl, servicedesk-data@rijkswaterstaat.nl, , servicedesk-data@rijkswaterstaat.nl, servicedesk-data@rijkswaterstaat.nl]"
  },
  {
    "datasetIdentifierCode": "c935f2ab-9b65-4dc4-94a0-73aeb840a941",
    "title": "Overheidsdiensten",
    "organisationName": "[Kamer van Koophandel, Kamer van Koophandel]",
    "email": "[erik.simonse@kvk.nl, erik.simonse@kvk.nl]"
  },
  {
    "datasetIdentifierCode": "110f9ec6-4464-462e-9765-83d90cefbead",
    "title": "Kaderrichtlijn Water - Oppervlaktewaterlichamen Nederland EU2015 vlakken",
    "organisationName": "[Informatiehuis Water, Informatiehuis Water, , Rijkswaterstaat, Informatiehuis Water]",
    "email": "[servicedesk@ihw.nl, servicedesk-data@rijkswaterstaat.nl, , servicedesk-data@rijkswaterstaat.nl, servicedesk@ihw.nl]"
  },
  {
    "datasetIdentifierCode": "bb11be63-bd38-4632-bf54-df44c423a529",
    "title": "Territoriale Zee volgens UNCLOS - Noordzee",
    "organisationName": "[Ministerie van Defensie, Koninklijke Marine, Dienst der Hydrografie, Ministerie van Defensie, Koninklijke Marine, Dienst der Hydrografie, Ministerie van Defensie, Koninklijke Marine, Dienst der Hydrografie]",
    "email": "[data@hydro.nl, data@hydro.nl, data@hydro.nl, , ]"
  },
  {
    "datasetIdentifierCode": "krw2006-c57b-44a2-83a4-e51223d5f15g",
    "title": "Kaderrichtlijn Water - Oppervlaktewaterlichamen Nederland EU2009 lijnen",
    "organisationName": "[Rijkswaterstaat, Rijkswaterstaat, , Rijkswaterstaat, Rijkswaterstaat]",
    "email": "[servicedesk-data@rijkswaterstaat.nl, servicedesk-data@rijkswaterstaat.nl, , servicedesk-data@rijkswaterstaat.nl, servicedesk-data@rijkswaterstaat.nl]"
  },
  {
    "datasetIdentifierCode": "krm-a905-9d8e-4758-83fa-28b057f185e3",
    "title": "Kaderrichtlijn Mariene Strategie - Rapportage eenheden Nederland EU2018",
    "organisationName": "[Rijkswaterstaat, Rijkswaterstaat, , Rijkswaterstaat, Rijkswaterstaat]",
    "email": "[servicedesk-data@rijkswaterstaat.nl, servicedesk-data@rijkswaterstaat.nl, , servicedesk-data@rijkswaterstaat.nl, servicedesk-data@rijkswaterstaat.nl]"
  },
  {
    "datasetIdentifierCode": "krm-a905-9d8e-4758-83fa-28b057f185e4",
    "title": "Kaderrichtlijn Mariene Strategie - Mariene wateren Nederland EU2018",
    "organisationName": "[Rijkswaterstaat, Rijkswaterstaat, , Rijkswaterstaat, Rijkswaterstaat]",
    "email": "[servicedesk-data@rijkswaterstaat.nl, servicedesk-data@rijkswaterstaat.nl, , servicedesk-data@rijkswaterstaat.nl, servicedesk-data@rijkswaterstaat.nl]"
  },
  {
    "datasetIdentifierCode": "110f9ec6-4464-462e-9765-83d90cefbeac",
    "title": "Kaderrichtlijn Water - Deelstroomgebieden Nederland EU2015",
    "organisationName": "[Informatiehuis Water, Informatiehuis Water, , Rijkswaterstaat, Rijkswaterstaat]",
    "email": "[servicedesk@ihw.nl, servicedesk@ihw.nl, , servicedesk-data@rijkswaterstaat.nl, servicedesk-data@rijkswaterstaat.nl]"
  },
  {
    "datasetIdentifierCode": "krw-782cab20-8328-45f1-a9b2-c27d07c14066",
    "title": "Kaderrichtlijn Water - Deelstroomgebieden Nederland 2019 vlakken",
    "organisationName": "[Rijkswaterstaat, Rijkswaterstaat, , Rijkswaterstaat, Rijkswaterstaat]",
    "email": "[servicedesk-data@rijkswaterstaat.nl, servicedesk-data@rijkswaterstaat.nl, , servicedesk-data@rijkswaterstaat.nl, servicedesk-data@rijkswaterstaat.nl]"
  },
  {
    "datasetIdentifierCode": "891ddc2d-8949-4a45-be96-c65b87c41f13",
    "title": "Kaderrichtlijn Water - Monitoringlocaties Nederland EU2015",
    "organisationName": "[Informatiehuis Water, Informatiehuis Water, , Rijkswaterstaat, Rijkswaterstaat]",
    "email": "[servicedesk@ihw.nl, servicedesk-data@rijkswaterstaat.nl, , servicedesk-data@rijkswaterstaat.nl, servicedesk-data@rijkswaterstaat.nl]"
  },
  {
    "datasetIdentifierCode": "17716ed7-ce0d-4bfd-8868-a398e5578a36",
    "title": "Ruimtelijke plannen Wro: Ruimtelijkeplannen.nl",
    "organisationName": "[Kadaster, Kadaster]",
    "email": "[PPB-GVA@kadaster.nl, ruimtelijkeplannen@kadaster.nl]"
  },
  {
    "datasetIdentifierCode": "4e2ef670-cddd-11dd-ad8b-0800200c9a66",
    "title": "Stads- en Dorpsgezichten",
    "organisationName": "[Rijksdienst voor het Cultureel Erfgoed, Rijksdienst voor het Cultureel Erfgoed, Rijksdienst voor het Cultureel Erfgoed]",
    "email": "[info@cultureelerfgoed.nl, info@cultureelerfgoed.nl, info@cultureelerfgoed.nl]"
  },
  {
    "datasetIdentifierCode": "26103042-50a1-4ee5-9c5b-857a2f8b7680",
    "title": "Wijk- en Buurtkaart 2017 versie 3",
    "organisationName": "[Centraal Bureau voor de Statistiek, Centraal Bureau voor de Statistiek, Centraal Bureau voor de Statistiek, Kadaster]",
    "email": "[infoservice@cbs.nl, infoservice@cbs.nl, infoservice@cbs.nl, , ]"
  },
  {
    "datasetIdentifierCode": "6f84efeb-fc1d-4565-a721-80735ea57dbd",
    "title": "Rijksmonumenten (verouderd)",
    "organisationName": "[Rijksdienst voor het Cultureel Erfgoed, Rijksdienst voor het Cultureel Erfgoed]",
    "email": "[info@cultureelerfgoed.nl, info@cultureelerfgoed.nl]"
  },
  {
    "datasetIdentifierCode": "a9b7026e-0a81-4813-93bd-ba49e6f28502",
    "title": "NWB - Wegen",
    "organisationName": "[Rijkswaterstaat, Rijkswaterstaat, , Rijkswaterstaat, Rijkswaterstaat]",
    "email": "[servicedesk-data@rijkswaterstaat.nl, servicedesk-data@rijkswaterstaat.nl, , servicedesk-data@rijkswaterstaat.nl, servicedesk-data@rws.n]"
  },
  {
    "datasetIdentifierCode": "f605a24f-60cd-4c40-94c8-2186aba3ddd0",
    "title": "CBS Vierkantstatistieken 500m",
    "organisationName": "[Centraal Bureau voor de Statistiek, Centraal Bureau voor de Statistiek, Centraal Bureau voor de Statistiek, Centraal Bureau voor de Statistiek]",
    "email": "[infoservice@cbs.nl, infoservice@cbs.nl, infoservice@cbs.nl, ]"
  },
  {
    "datasetIdentifierCode": "1462bbce-ccd3-4362-83d8-4535ca8f44eb",
    "title": "CBS Vierkantstatistieken 100m",
    "organisationName": "[Centraal Bureau voor de Statistiek, Centraal Bureau voor de Statistiek, Centraal Bureau voor de Statistiek, Centraal Bureau voor de Statistiek]",
    "email": "[infoservice@cbs.nl, infoservice@cbs.nl, infoservice@cbs.nl, ]"
  },
  {
    "datasetIdentifierCode": "6cde2ce7-3ecd-4785-b7b8-d62c3381efe9",
    "title": "Wijk- en Buurtkaart 2016 versie 3",
    "organisationName": "[Centraal Bureau voor de Statistiek, Centraal Bureau voor de Statistiek, Centraal Bureau voor de Statistiek, Kadaster]",
    "email": "[infoservice@cbs.nl, infoservice@cbs.nl, infoservice@cbs.nl, , ]"
  },
  {
    "datasetIdentifierCode": "88a3c1ae-902e-4efa-8663-ddd836101929",
    "title": "Werelderfgoed",
    "organisationName": "[Rijksdienst voor het Cultureel Erfgoed, Rijksdienst voor het Cultureel Erfgoed, Rijksdienst voor het Cultureel Erfgoed]",
    "email": "[info@cultureelerfgoed.nl, info@cultureelerfgoed.nl, info@cultureelerfgoed.nl]"
  },
  {
    "datasetIdentifierCode": "4cda487b-c467-490c-a843-6563fec016be",
    "title": "Aansluitende zone volgens UNCLOS - Noordzee",
    "organisationName": "[Ministerie van Defensie, Koninklijke Marine, Dienst der Hydrografie, Ministerie van Defensie, Koninklijke Marine, Dienst der Hydrografie, Ministerie van Defensie, Koninklijke Marine, Dienst der Hydrografie]",
    "email": "[data@hydro.nl, data@hydro.nl, data@hydro.nl, , ]"
  },
  {
    "datasetIdentifierCode": "ror-9d8e-4758-83fx-28b057f185e1",
    "title": "Richtlijn Overstromingsrisico - gebieden met Potentieel Significant Overstromingsrisico EU2018 vlakken",
    "organisationName": "[Rijkswaterstaat, Rijkswaterstaat, , Rijkswaterstaat, Rijkswaterstaat]",
    "email": "[servicedesk-data@rijkswaterstaat.nl, servicedesk-data@rijkswaterstaat.nl, , servicedesk-data@rijkswaterstaat.nl, servicedesk-data@rijkswaterstaat.nl]"
  },
  {
    "datasetIdentifierCode": "ror-9d8e-4758-83fx-28b057f185g1",
    "title": "Richtlijn Overstromingsrisico - gebieden met Potentieel Significant Overstromingsrisico EU2018 lijnen",
    "organisationName": "[Rijkswaterstaat, Rijkswaterstaat, , Rijkswaterstaat, Rijkswaterstaat]",
    "email": "[servicedesk-data@rijkswaterstaat.nl, servicedesk-data@rijkswaterstaat.nl, , servicedesk-data@rijkswaterstaat.nl, servicedesk-data@rijkswaterstaat.nl]"
  },
  {
    "datasetIdentifierCode": "ror-9d8e-4758-83fx-28b057f185f1",
    "title": "Richtlijn Overstromingsrisico - historische overstromingen EU2018",
    "organisationName": "[Rijkswaterstaat, Rijkswaterstaat, , Rijkswaterstaat, Rijkswaterstaat]",
    "email": "[servicedesk-data@rijkswaterstaat.nl, servicedesk-data@rijkswaterstaat.nl, , servicedesk-data@rijkswaterstaat.nl, servicedesk-data@rijkswaterstaat.nl]"
  },
  {
    "datasetIdentifierCode": "uwwtd-9d8e-4758-83fa-28b057f185e3",
    "title": "Richtlijn Stedelijk Afvalwater - rioolwaterzuiveringsinstallaties Nederland EU2015",
    "organisationName": "[Rijkswaterstaat, Rijkswaterstaat, , Rijkswaterstaat, Rijkswaterstaat]",
    "email": "[servicedesk-data@rijkswaterstaat.nl, servicedesk-data@rijkswaterstaat.nl, , servicedesk-data@rijkswaterstaat.nl, servicedesk-data@rijkswaterstaat.nl]"
  },
  {
    "datasetIdentifierCode": "uwwtd-9d8e-4758-83fa-28b057f185e2",
    "title": "Richtlijn Stedelijk Afvalwater - lozingspunten Nederland EU2015",
    "organisationName": "[Rijkswaterstaat, Rijkswaterstaat, , Rijkswaterstaat, Rijkswaterstaat]",
    "email": "[servicedesk-data@rijkswaterstaat.nl, servicedesk-data@rijkswaterstaat.nl, , servicedesk-data@rijkswaterstaat.nl, servicedesk-data@rijkswaterstaat.nl]"
  },
  {
    "datasetIdentifierCode": "uwwtd-9d8e-4758-83fa-28b057f185e1",
    "title": "Richtlijn Stedelijk Afvalwater - agglomeraties Nederland EU2015",
    "organisationName": "[Rijkswaterstaat, Rijkswaterstaat, , Rijkswaterstaat, Rijkswaterstaat]",
    "email": "[servicedesk-data@rijkswaterstaat.nl, servicedesk-data@rijkswaterstaat.nl, , servicedesk-data@rijkswaterstaat.nl, servicedesk-data@rijkswaterstaat.nl]"
  },
  {
    "datasetIdentifierCode": "0558a41c-b09a-47fa-b8db-9de6bfe4f494",
    "title": "Gebouwen",
    "organisationName": "[Kadaster, Kadaster, Kadaster]",
    "email": "[PPB-GVA@kadaster.nl, kcc@kadaster.nl, kcc@kadaster.nl]"
  },
  {
    "datasetIdentifierCode": "e8b84fae-00b3-49c1-80c1-df8f69f64e8c",
    "title": "EEZ volgens UNCLOS - Noordzee",
    "organisationName": "[Ministerie van Defensie, Koninklijke Marine, Dienst der Hydrografie, Ministerie van Defensie, Koninklijke Marine, Dienst der Hydrografie, Ministerie van Defensie, Koninklijke Marine, Dienst der Hydrografie]",
    "email": "[data@hydro.nl, data@hydro.nl, data@hydro.nl, , ]"
  },
  {
    "datasetIdentifierCode": "0f128799-cf18-4b37-a721-e62b068191f5",
    "title": "Gebiedsbeheer, gebieden waar beperkingen gelden, gereguleerde gebieden en rapportage-eenheden - Provincies (INSPIRE geharmoniseerd)",
    "organisationName": "[Interprovinciaal Overleg, Interprovinciaal Overleg, Interprovinciaal Overleg]",
    "email": "[inspire@gbo-provincies.nl, inspire@gbo-provincies.nl, inspire@gbo-provincies.nl]"
  },
  {
    "datasetIdentifierCode": "f273941e-9c3b-43bc-b886-2d50d0bf9348",
    "title": "Habitatrichtlijn verspreidingsgebied van soorten",
    "organisationName": "[Ministerie van Economische Zaken - GIS Competence Center, Wageningen Environmental Research (Alterra), PDOK, CBS, Natuurloket, pgo's]",
    "email": "[geodatabeheer.giscc@rvo.nl, GeoDesk.CGI@wur.nl, geodatabeheer.giscc@rvo.nl, beheerPDOK@kadaster.nl, , , ]"
  },
  {
    "datasetIdentifierCode": "5a1adb58-0bbe-425d-b0fe-577a6c0a4228",
    "title": "Actueel Hoogtebestand Nederland 1 (AHN1)",
    "organisationName": "[Rijkswaterstaat, stuurgroep AHN, , Rijkswaterstaat, Rijkswaterstaat]",
    "email": "[servicedesk-data@rijkswaterstaat.nl, servicedesk-data@rijkswaterstaat.nl, , servicedesk-data@rijkswaterstaat.nl, servicedesk-data@rijkswaterstaat.nl]"
  },
  {
    "datasetIdentifierCode": "9ed6b8ed-254a-4745-a09a-3b57137d1b69",
    "title": "Luchtfoto 2019 25cm CIR open data",
    "organisationName": "[Kadaster, Het Waterschapshuis, Kadaster, Geocart, Geocart, Geocart, Kadaster, Kadaster]",
    "email": "[PPB-GVA@kadaster.nl, info@hetwaterschapshuis.nl, kcc@kadaster.nl, , , , , , ]"
  },
  {
    "datasetIdentifierCode": "e536d943-ecff-4d7a-9500-cc31a263a6af",
    "title": "Publiekrechtelijke beperkingen",
    "organisationName": "[Kadaster, Kadaster]",
    "email": "[PPB-GVA@kadaster.nl, kcc@kadaster.nl]"
  },
  {
    "datasetIdentifierCode": "76541ebb-a554-4540-a017-399d4bb4a860",
    "title": "Population Distribution NL",
    "organisationName": "[Statistics Netherlands, Statistics Netherlands, Statistics Netherlandds, Statistics Netherlands]",
    "email": "[infoservice@cbs.nl, infoservice@cbs.nl, infoservice@cbs.nl, , ]"
  },
  {
    "datasetIdentifierCode": "76091be7-358a-4a44-8182-b4139c96c6a4",
    "title": "Adressen",
    "organisationName": "[Kadaster, Kadaster, Kadaster]",
    "email": "[PPB-GVA@kadaster.nl, kcc@kadaster.nl, kcc@kadaster.nl]"
  },
  {
    "datasetIdentifierCode": "bc2c53f6-c908-4d7c-a6c0-78d9a2855640",
    "title": "Overstromingsgevaarkaarten",
    "organisationName": "[Interprovinciaal Overleg, Interprovinciaal Overleg, Interprovinciaal Overleg]",
    "email": "[inspire@gbo-provincies.nl, inspire@gbo-provincies.nl, inspire@gbo-provincies.nl]"
  },
  {
    "datasetIdentifierCode": "ffefc3dc-dc8f-4589-ae22-a60bebcdf5cb",
    "title": "Wijk- en Buurtkaart 2018 versie 2",
    "organisationName": "[Centraal Bureau voor de Statistiek, Centraal Bureau voor de Statistiek, Centraal Bureau voor de Statistiek, Kadaster]",
    "email": "[infoservice@cbs.nl, infoservice@cbs.nl, infoservice@cbs.nl, , ]"
  },
  {
    "datasetIdentifierCode": "3387ef8a-9237-453a-aa4e-585d1e193550",
    "title": "Nationaal Beschermde Gebieden (CDDA) (INSPIRE geharmoniseerd)",
    "organisationName": "[Ministerie van Economische Zaken - GIS Competence Center, Ministerie van Landbouw, Natuur en Voedselkwaliteit, Ministerie van Economische Zaken - GIS Competence Center]",
    "email": "[geodatabeheer.giscc@rvo.nl, geodatabeheer.giscc@rvo.nl, geodatabeheer.giscc@rvo.nl]"
  },
  {
    "datasetIdentifierCode": "af135cd8-d429-4fc7-b9e3-09e15217520d",
    "title": "Gemeten fijnere fractie van Fijn stof concentraties in buitenlucht.",
    "organisationName": "no organisationName found in dataset record",
    "email": "[geodata@rivm.nl, geodata@rivm.nl]"
  },
  {
    "datasetIdentifierCode": "3703b249-a0eb-484e-ba7a-10e31a55bcec",
    "title": "Invasieve Exoten (INSPIRE Geharmoniseerd)",
    "organisationName": "Ministerie van Landbouw, Natuur en Voedselkwaliteit",
    "email": "[geodatabeheer.giscc@rvo.nl, Geodatabeheer.GISCC@rvo.nl]"
  },
  {
    "datasetIdentifierCode": "32a21114-8694-40ce-ab76-9dcd885c7861",
    "title": "Kwaliteit van drinkwater in Nederland (2012)",
    "organisationName": "[RIVM, ]",
    "email": "[geodata@rivm.nl, , geodata@rivm.nl]"
  },
  {
    "datasetIdentifierCode": "d845cef6-0e23-4212-a951-b69763e39ef0",
    "title": "Windsnelheden op 100m hoogte (m/s)",
    "organisationName": "no organisationName found in dataset record",
    "email": "[geodatabeheer.giscc@rvo.nl, geodatabeheer.giscc@rvo.nl, ]"
  },
  {
    "datasetIdentifierCode": "29d5310f-dd0d-45ba-abad-b4ffc6b8785f",
    "title": "TOP10NL",
    "organisationName": "[Kadaster, Kadaster, Kadaster, Kadaster, Kadaster, Kadaster, Kadaster, Kadaster, Kadaster]",
    "email": "[PPB-GVA@kadaster.nl, kcc@kadaster.nl, kcc@kadaster.nl, , , , , , ]"
  },
  {
    "datasetIdentifierCode": "3eebf700-5abf-42e4-826c-03cfb497e366",
    "title": "Vervoersnetwerken",
    "organisationName": "[Kadaster, Kadaster, Kadaster]",
    "email": "[PPB-GVA@kadaster.nl, kcc@kadaster.nl, kcc@kadaster.nl]"
  },
  {
    "datasetIdentifierCode": "fcefa13c-44e2-4953-b6d6-1ddceebc57fc",
    "title": "Vogelrichtlijn verspreiding van soorten",
    "organisationName": "[Ministerie van Economische Zaken - GIS Competence Center, Wageningen Environmental Research (Alterra), PDOK, Sovon Vogelonderzoek Nederland]",
    "email": "[geodatabeheer.giscc@rvo.nl, GeoDesk.CGI@wur.nl, geodatabeheer.giscc@rvo.nl, beheerPDOK@kadaster.nl, ]"
  },
  {
    "datasetIdentifierCode": "d24ccb35-e9d2-41bf-b231-43083fc0c76d",
    "title": "LCP emissies (Richtlijn Industriële emissies) 2016",
    "organisationName": "no organisationName found in dataset record",
    "email": "[emissieregistratie@rivm.nl, , emissieregistratie@rivm.nl]"
  },
  {
    "datasetIdentifierCode": "03671a9e-6aaf-464d-be99-9aad25cef9e3",
    "title": "Habitatrichtlijn verspreidingsgebied van habitattypen",
    "organisationName": "[Ministerie van Economische Zaken - GIS Competence Center, , Wageningen Environmental Research (Alterra), PDOK, Alterra]",
    "email": "[geodatabeheer.giscc@rvo.nl, , GeoDesk.CGI@wur.nl, geodatabeheer.giscc@rvo.nl, beheerPDOK@kadaster.nl, ]"
  },
  {
    "datasetIdentifierCode": "6318009c-7b11-4ab9-9929-735584dfb692",
    "title": "Land Use 2015",
    "organisationName": "[Statistics Netherlands, Statistics Netherlands, PDOK]",
    "email": "[infoservice@cbs.nl, infoservice@cbs.nl, , , ]"
  },
  {
    "datasetIdentifierCode": "wt-f5eb-b09f-4f6d-8397-8878a1b86238",
    "title": "Menselijke gezondheid en veiligheid - geluidbelasting rijkswegen 2011 (INSPIRE geharmoniseerd)",
    "organisationName": "[Rijkswaterstaat, Rijkswaterstaat, , Rijkswaterstaat, Wetransform]",
    "email": "[servicedesk-data@rijkswaterstaat.nl, servicedesk-data@rijkswaterstaat.nl, , servicedesk-data@rijkswaterstaat.nl, info@wetransform.to]"
  },
  {
    "datasetIdentifierCode": "a1960e70-22f4-4fd9-91a8-b605c6ceda3e",
    "title": "Kaderrichtlijn Water - Oppervlaktewaterlichamen Nederland EU2015 riviernetwerk",
    "organisationName": "[Informatiehuis Water, Informatiehuis Water, , Rijkswaterstaat, Rijkswaterstaat]",
    "email": "[servicedesk@ihw.nl, servicedesk@ihw.nl, , servicedesk-data@rijkswaterstaat.nl, servicedesk-data@rijkswaterstaat.nl]"
  },
  {
    "datasetIdentifierCode": "krw2006-68b5-4ff3-94a4-9c24109ffd5e",
    "title": "Kaderrichtlijn Water - Oppervlaktewaterlichamen Nederland EU2009 vlakken",
    "organisationName": "[Rijkswaterstaat, Rijkswaterstaat, , Rijkswaterstaat, Rijkswaterstaat]",
    "email": "[servicedesk-data@rijkswaterstaat.nl, servicedesk-data@rijkswaterstaat.nl, , servicedesk-data@rijkswaterstaat.nl, servicedesk-data@rijkswaterstaat.nl]"
  },
  {
    "datasetIdentifierCode": "34e95842-4e4e-46de-9198-79e8cd4d30dc",
    "title": "Geografische Namen (Nat) - Nederland",
    "organisationName": "[Ministerie van Defensie, Koninklijke Marine, Dienst der Hydrografie, Ministerie van Defensie, Koninklijke Marine, Dienst der Hydrografie, Ministerie van Defensie, Koninklijke Marine, Dienst der Hydrografie]",
    "email": "[data@hydro.nl, data@hydro.nl, data@hydro.nl, , ]"
  },
  {
    "datasetIdentifierCode": "280ed37a-b8d2-4ac5-8567-04d84fad3a41",
    "title": "Natura 2000 (INSPIRE geharmoniseerd)",
    "organisationName": "Ministerie van Landbouw, Natuur en Voedselkwaliteit",
    "email": "[geodatabeheer.giscc@rvo.nl, geodatabeheer.giscc@rvo.nl, beheer@pdok.nl]"
  }
]

04:22:29.585 [ForkJoinPool-1-worker-3] INFO  com.intuit.karate - [print] testing xlinkurl:http://inspire.ec.europa.eu/id/document/tg/au
04:22:29.608 [ForkJoinPool-1-worker-5] INFO  com.intuit.karate - [print] [
  "http://inspire.ec.europa.eu/id/document/tg/ef"
]

04:22:29.631 [pool-1-thread-3] INFO  com.intuit.karate.Runner - <<pass>> feature 3 of 9: classpath:InspireTest/ngr/datasetrecords/def/getcswcapabilities.feature
---------------------------------------------------------
feature: classpath:InspireTest/ngr/datasetrecords/def/getcswcapabilities.feature
report: target/surefire-reports/InspireTest.ngr.datasetrecords.def.getcswcapabilities.json
scenarios:  2 | passed:  2 | failed:  0 | time: 1.5523
---------------------------------------------------------
04:22:29.632 [pool-1-thread-5] INFO  com.intuit.karate.Runner - <<pass>> feature 5 of 9: classpath:InspireTest/ngr/datasetrecords/def/getcswbriefrecordsjson.feature
---------------------------------------------------------
feature: classpath:InspireTest/ngr/datasetrecords/def/getcswbriefrecordsjson.feature
report: target/surefire-reports/InspireTest.ngr.datasetrecords.def.getcswbriefrecordsjson.json
scenarios:  1 | passed:  1 | failed:  0 | time: 0.5999
---------------------------------------------------------
04:22:29.660 [ForkJoinPool-1-worker-5] INFO  com.intuit.karate - [print]
04:22:29.661 [ForkJoinPool-1-worker-5] INFO  com.intuit.karate - [print] testing xlinkurl:http://inspire.ec.europa.eu/id/document/tg/ef
04:22:32.095 [ForkJoinPool-1-worker-9] INFO  com.intuit.karate - [print] [
  "http://inspire.ec.europa.eu/id/document/tg/el"
]

04:22:32.104 [ForkJoinPool-1-worker-9] INFO  com.intuit.karate - [print]
04:22:32.105 [ForkJoinPool-1-worker-9] INFO  com.intuit.karate - [print] testing xlinkurl:http://inspire.ec.europa.eu/id/document/tg/el
04:22:33.049 [ForkJoinPool-1-worker-5] INFO  com.intuit.karate - [print] [
  "http://inspire.ec.europa.eu/id/document/tg/hh"
]

04:22:33.060 [ForkJoinPool-1-worker-5] INFO  com.intuit.karate - [print]
04:22:33.061 [ForkJoinPool-1-worker-5] INFO  com.intuit.karate - [print] testing xlinkurl:http://inspire.ec.europa.eu/id/document/tg/hh
04:22:33.128 [ForkJoinPool-1-worker-7] INFO  com.intuit.karate - [print] [
  "http://inspire.ec.europa.eu/id/document/tg/hy"
]

04:22:33.141 [ForkJoinPool-1-worker-7] INFO  com.intuit.karate - [print]
04:22:33.142 [ForkJoinPool-1-worker-7] INFO  com.intuit.karate - [print] testing xlinkurl:http://inspire.ec.europa.eu/id/document/tg/hy
04:22:33.222 [ForkJoinPool-1-worker-3] INFO  com.intuit.karate - [print] [
  "http://inspire.ec.europa.eu/id/document/tg/nz"
]

04:22:33.230 [ForkJoinPool-1-worker-3] INFO  com.intuit.karate - [print]
04:22:33.233 [ForkJoinPool-1-worker-3] INFO  com.intuit.karate - [print] testing xlinkurl:http://inspire.ec.europa.eu/id/document/tg/nz
04:22:34.793 [ForkJoinPool-1-worker-9] INFO  com.intuit.karate - [print] [
  "http://inspire.ec.europa.eu/id/document/tg/of"
]

04:22:34.806 [ForkJoinPool-1-worker-9] INFO  com.intuit.karate - [print]
04:22:34.807 [ForkJoinPool-1-worker-9] INFO  com.intuit.karate - [print] testing xlinkurl:http://inspire.ec.europa.eu/id/document/tg/of
04:22:35.599 [ForkJoinPool-1-worker-3] INFO  com.intuit.karate - [print] [
  "http://inspire.ec.europa.eu/id/document/tg/pf"
]

04:22:35.604 [ForkJoinPool-1-worker-3] INFO  com.intuit.karate - [print]
04:22:35.607 [ForkJoinPool-1-worker-5] INFO  com.intuit.karate - [print] [
  "http://inspire.ec.europa.eu/id/document/tg/ps"
]

04:22:35.607 [ForkJoinPool-1-worker-7] INFO  com.intuit.karate - [print] [
  "http://inspire.ec.europa.eu/id/document/tg/tn"
]

04:22:35.620 [ForkJoinPool-1-worker-7] INFO  com.intuit.karate - [print]
04:22:35.622 [ForkJoinPool-1-worker-3] INFO  com.intuit.karate - [print] testing xlinkurl:http://inspire.ec.europa.eu/id/document/tg/pf
04:22:35.627 [ForkJoinPool-1-worker-7] INFO  com.intuit.karate - [print] testing xlinkurl:http://inspire.ec.europa.eu/id/document/tg/tn
04:22:35.627 [ForkJoinPool-1-worker-5] INFO  com.intuit.karate - [print]
04:22:35.633 [ForkJoinPool-1-worker-5] INFO  com.intuit.karate - [print] testing xlinkurl:http://inspire.ec.europa.eu/id/document/tg/ps
04:22:36.504 [ForkJoinPool-1-worker-7] INFO  com.intuit.karate - [print] [
  "http://inspire.ec.europa.eu/id/document/tg/us"
]

04:22:36.513 [ForkJoinPool-1-worker-7] INFO  com.intuit.karate - [print]
04:22:36.515 [ForkJoinPool-1-worker-7] INFO  com.intuit.karate - [print] testing xlinkurl:http://inspire.ec.europa.eu/id/document/tg/us
04:22:36.828 [ForkJoinPool-1-worker-13] INFO  com.intuit.karate - [print] [
  "http://inspire.ec.europa.eu/media-types/application/x-shapefile"
]

04:22:36.841 [ForkJoinPool-1-worker-13] INFO  com.intuit.karate - [print]
04:22:36.841 [ForkJoinPool-1-worker-13] INFO  com.intuit.karate - [print] testing xlinkurl:http://inspire.ec.europa.eu/media-types/application/x-shapefile
04:22:37.514 [ForkJoinPool-1-worker-9] INFO  com.intuit.karate - [print] [
  "http://inspire.ec.europa.eu/metadata-codelist/ConditionsApplyingToAccessAndUse/noConditionsApply"
]

04:22:37.519 [ForkJoinPool-1-worker-9] INFO  com.intuit.karate - [print]
04:22:37.521 [ForkJoinPool-1-worker-9] INFO  com.intuit.karate - [print] testing xlinkurl:http://inspire.ec.europa.eu/metadata-codelist/ConditionsApplyingToAccessAndUse/noConditionsApply
04:22:38.224 [ForkJoinPool-1-worker-3] INFO  com.intuit.karate - [print] [
  "http://inspire.ec.europa.eu/metadata-codelist/LimitationsOnPublicAccess/INSPIRE_Directive_Article13_1f"
]

04:22:38.230 [ForkJoinPool-1-worker-3] INFO  com.intuit.karate - [print]
04:22:38.233 [ForkJoinPool-1-worker-3] INFO  com.intuit.karate - [print] testing xlinkurl:http://inspire.ec.europa.eu/metadata-codelist/LimitationsOnPublicAccess/INSPIRE_Directive_Article13_1f
04:22:38.298 [ForkJoinPool-1-worker-5] INFO  com.intuit.karate - [print] [
  "http://inspire.ec.europa.eu/metadata-codelist/LimitationsOnPublicAccess/noLimitations"
]

04:22:38.311 [ForkJoinPool-1-worker-5] INFO  com.intuit.karate - [print]
04:22:38.311 [ForkJoinPool-1-worker-5] INFO  com.intuit.karate - [print] testing xlinkurl:http://inspire.ec.europa.eu/metadata-codelist/LimitationsOnPublicAccess/noLimitations
04:22:38.971 [ForkJoinPool-1-worker-3] INFO  com.intuit.karate - [print] [
  "http://inspire.ec.europa.eu/metadata-codelist/OnLineDescriptionCode/accessPoint"
]

04:22:38.977 [ForkJoinPool-1-worker-3] INFO  com.intuit.karate - [print]
04:22:38.978 [ForkJoinPool-1-worker-3] INFO  com.intuit.karate - [print] testing xlinkurl:http://inspire.ec.europa.eu/metadata-codelist/OnLineDescriptionCode/accessPoint
04:22:39.402 [ForkJoinPool-1-worker-7] INFO  com.intuit.karate - [print] [
  "http://inspire.ec.europa.eu/metadata-codelist/OnLineDescriptionCode/endPoint"
]

04:22:39.417 [ForkJoinPool-1-worker-7] INFO  com.intuit.karate - [print]
04:22:39.418 [ForkJoinPool-1-worker-7] INFO  com.intuit.karate - [print] testing xlinkurl:http://inspire.ec.europa.eu/metadata-codelist/OnLineDescriptionCode/endPoint
04:22:41.893 [ForkJoinPool-1-worker-11] INFO  com.intuit.karate - [print] [
  "http://inspire.ec.europa.eu/metadata-codelist/PriorityDataset"
]

04:22:41.898 [ForkJoinPool-1-worker-11] INFO  com.intuit.karate - [print]
04:22:41.898 [ForkJoinPool-1-worker-11] INFO  com.intuit.karate - [print] testing xlinkurl:http://inspire.ec.europa.eu/metadata-codelist/PriorityDataset
04:22:43.918 [ForkJoinPool-1-worker-9] INFO  com.intuit.karate - [print] [
  "http://inspire.ec.europa.eu/metadata-codelist/PriorityDataset#"
]

04:22:43.923 [ForkJoinPool-1-worker-9] INFO  com.intuit.karate - [print]
04:22:43.925 [ForkJoinPool-1-worker-9] INFO  com.intuit.karate - [print] testing xlinkurl:http://inspire.ec.europa.eu/metadata-codelist/PriorityDataset#
04:22:45.562 [ForkJoinPool-1-worker-7] INFO  com.intuit.karate - [print] [
  "http://inspire.ec.europa.eu/metadata-codelist/PriorityDataset/ActualPollutantReleases-reg-2006-166"
]

04:22:45.569 [ForkJoinPool-1-worker-7] INFO  com.intuit.karate - [print]
04:22:45.570 [ForkJoinPool-1-worker-7] INFO  com.intuit.karate - [print] testing xlinkurl:http://inspire.ec.europa.eu/metadata-codelist/PriorityDataset/ActualPollutantReleases-reg-2006-166
04:22:47.973 [ForkJoinPool-1-worker-11] INFO  com.intuit.karate - [print] [
  "http://inspire.ec.europa.eu/metadata-codelist/PriorityDataset/Agglomerations-dir-1991-271"
]

04:22:47.978 [ForkJoinPool-1-worker-11] INFO  com.intuit.karate - [print]
04:22:47.979 [ForkJoinPool-1-worker-11] INFO  com.intuit.karate - [print] testing xlinkurl:http://inspire.ec.europa.eu/metadata-codelist/PriorityDataset/Agglomerations-dir-1991-271
04:22:48.114 [ForkJoinPool-1-worker-13] INFO  com.intuit.karate - [print] [
  "http://inspire.ec.europa.eu/metadata-codelist/PriorityDataset/BirdSpeciesDistribution-dir-2009-147"
]

04:22:48.121 [ForkJoinPool-1-worker-13] INFO  com.intuit.karate - [print]
04:22:48.121 [ForkJoinPool-1-worker-13] INFO  com.intuit.karate - [print] testing xlinkurl:http://inspire.ec.europa.eu/metadata-codelist/PriorityDataset/BirdSpeciesDistribution-dir-2009-147
04:22:49.660 [ForkJoinPool-1-worker-5] INFO  com.intuit.karate - [print] [
  "http://inspire.ec.europa.eu/metadata-codelist/PriorityDataset/BirdsRange-dir-2009-147"
]

04:22:49.666 [ForkJoinPool-1-worker-5] INFO  com.intuit.karate - [print]
04:22:49.666 [ForkJoinPool-1-worker-5] INFO  com.intuit.karate - [print] testing xlinkurl:http://inspire.ec.europa.eu/metadata-codelist/PriorityDataset/BirdsRange-dir-2009-147
04:22:51.671 [ForkJoinPool-1-worker-7] INFO  com.intuit.karate - [print] [
  "http://inspire.ec.europa.eu/metadata-codelist/PriorityDataset/CoastalWaters-dir-2000-60"
]

04:22:51.680 [ForkJoinPool-1-worker-7] INFO  com.intuit.karate - [print]
04:22:51.680 [ForkJoinPool-1-worker-7] INFO  com.intuit.karate - [print] testing xlinkurl:http://inspire.ec.europa.eu/metadata-codelist/PriorityDataset/CoastalWaters-dir-2000-60
04:22:54.067 [ForkJoinPool-1-worker-11] INFO  com.intuit.karate - [print] [
  "http://inspire.ec.europa.eu/metadata-codelist/PriorityDataset/DischargePointsToReceivingWaters-dir-1991-271"
]

04:22:54.073 [ForkJoinPool-1-worker-11] INFO  com.intuit.karate - [print]
04:22:54.073 [ForkJoinPool-1-worker-11] INFO  com.intuit.karate - [print] testing xlinkurl:http://inspire.ec.europa.eu/metadata-codelist/PriorityDataset/DischargePointsToReceivingWaters-dir-1991-271
04:22:55.014 [ForkJoinPool-1-worker-3] INFO  com.intuit.karate - [print] [
  "http://inspire.ec.europa.eu/metadata-codelist/PriorityDataset/DrinkingWaterAbstractionPoints-dir-1998-83"
]

04:22:55.020 [ForkJoinPool-1-worker-3] INFO  com.intuit.karate - [print]
04:22:55.021 [ForkJoinPool-1-worker-3] INFO  com.intuit.karate - [print] testing xlinkurl:http://inspire.ec.europa.eu/metadata-codelist/PriorityDataset/DrinkingWaterAbstractionPoints-dir-1998-83
04:22:55.669 [ForkJoinPool-1-worker-5] INFO  com.intuit.karate - [print] [
  "http://inspire.ec.europa.eu/metadata-codelist/PriorityDataset/EstablishmentsInvolvingDangerousSubstances-dir-2012-18"
]

04:22:55.676 [ForkJoinPool-1-worker-5] INFO  com.intuit.karate - [print]
04:22:55.678 [ForkJoinPool-1-worker-5] INFO  com.intuit.karate - [print] testing xlinkurl:http://inspire.ec.europa.eu/metadata-codelist/PriorityDataset/EstablishmentsInvolvingDangerousSubstances-dir-2012-18
04:22:57.671 [ForkJoinPool-1-worker-7] INFO  com.intuit.karate - [print] [
  "http://inspire.ec.europa.eu/metadata-codelist/PriorityDataset/FloodedAreas-dir-2007-60"
]

04:22:57.676 [ForkJoinPool-1-worker-7] INFO  com.intuit.karate - [print]
04:22:57.676 [ForkJoinPool-1-worker-7] INFO  com.intuit.karate - [print] testing xlinkurl:http://inspire.ec.europa.eu/metadata-codelist/PriorityDataset/FloodedAreas-dir-2007-60
04:22:59.170 [ForkJoinPool-1-worker-13] INFO  com.intuit.karate - [print] [
  "http://inspire.ec.europa.eu/metadata-codelist/PriorityDataset/FloodRiskZones-dir-2007-60"
]

04:22:59.176 [ForkJoinPool-1-worker-13] INFO  com.intuit.karate - [print]
04:22:59.177 [ForkJoinPool-1-worker-13] INFO  com.intuit.karate - [print] testing xlinkurl:http://inspire.ec.europa.eu/metadata-codelist/PriorityDataset/FloodRiskZones-dir-2007-60
04:23:00.070 [ForkJoinPool-1-worker-9] INFO  com.intuit.karate - [print] [
  "http://inspire.ec.europa.eu/metadata-codelist/PriorityDataset/HabitatTypesDistribution-dir-1992-43"
]

04:23:00.076 [ForkJoinPool-1-worker-9] INFO  com.intuit.karate - [print]
04:23:00.077 [ForkJoinPool-1-worker-9] INFO  com.intuit.karate - [print] testing xlinkurl:http://inspire.ec.europa.eu/metadata-codelist/PriorityDataset/HabitatTypesDistribution-dir-1992-43
04:23:01.686 [ForkJoinPool-1-worker-5] INFO  com.intuit.karate - [print] [
  "http://inspire.ec.europa.eu/metadata-codelist/PriorityDataset/HabitatTypesRange-dir-1992-43"
]

04:23:01.693 [ForkJoinPool-1-worker-5] INFO  com.intuit.karate - [print]
04:23:01.694 [ForkJoinPool-1-worker-5] INFO  com.intuit.karate - [print] testing xlinkurl:http://inspire.ec.europa.eu/metadata-codelist/PriorityDataset/HabitatTypesRange-dir-1992-43
04:23:03.673 [ForkJoinPool-1-worker-7] INFO  com.intuit.karate - [print] [
  "http://inspire.ec.europa.eu/metadata-codelist/PriorityDataset/IndustrialSites-EURegistry-reg-2006-166"
]

04:23:03.682 [ForkJoinPool-1-worker-7] INFO  com.intuit.karate - [print]
04:23:03.683 [ForkJoinPool-1-worker-7] INFO  com.intuit.karate - [print] testing xlinkurl:http://inspire.ec.europa.eu/metadata-codelist/PriorityDataset/IndustrialSites-EURegistry-reg-2006-166
04:23:05.037 [ForkJoinPool-1-worker-11] INFO  com.intuit.karate - [print] [
  "http://inspire.ec.europa.eu/metadata-codelist/PriorityDataset/InvasiveAlienSpeciesDistribution-reg-2014-1143"
]

04:23:05.045 [ForkJoinPool-1-worker-11] INFO  com.intuit.karate - [print]
04:23:05.045 [ForkJoinPool-1-worker-11] INFO  com.intuit.karate - [print] testing xlinkurl:http://inspire.ec.europa.eu/metadata-codelist/PriorityDataset/InvasiveAlienSpeciesDistribution-reg-2014-1143
04:23:07.710 [ForkJoinPool-1-worker-5] INFO  com.intuit.karate - [print] [
  "http://inspire.ec.europa.eu/metadata-codelist/PriorityDataset/Lakes-dir-2000-60"
]

04:23:07.716 [ForkJoinPool-1-worker-5] INFO  com.intuit.karate - [print]
04:23:07.717 [ForkJoinPool-1-worker-5] INFO  com.intuit.karate - [print] testing xlinkurl:http://inspire.ec.europa.eu/metadata-codelist/PriorityDataset/Lakes-dir-2000-60
04:23:09.693 [ForkJoinPool-1-worker-7] INFO  com.intuit.karate - [print] [
  "http://inspire.ec.europa.eu/metadata-codelist/PriorityDataset/MajorAirportsNoiseExposureDelineationDEN-dir-2002-49"
]

04:23:09.697 [ForkJoinPool-1-worker-7] INFO  com.intuit.karate - [print]
04:23:09.698 [ForkJoinPool-1-worker-7] INFO  com.intuit.karate - [print] testing xlinkurl:http://inspire.ec.europa.eu/metadata-codelist/PriorityDataset/MajorAirportsNoiseExposureDelineationDEN-dir-2002-49
04:23:10.197 [ForkJoinPool-1-worker-13] INFO  com.intuit.karate - [print] [
  "http://inspire.ec.europa.eu/metadata-codelist/PriorityDataset/MajorAirportsNoiseExposureDelineationNight-dir-2002-49"
]

04:23:10.203 [ForkJoinPool-1-worker-13] INFO  com.intuit.karate - [print]
04:23:10.204 [ForkJoinPool-1-worker-13] INFO  com.intuit.karate - [print] testing xlinkurl:http://inspire.ec.europa.eu/metadata-codelist/PriorityDataset/MajorAirportsNoiseExposureDelineationNight-dir-2002-49
04:23:10.902 [ForkJoinPool-1-worker-13] INFO  com.intuit.karate - [print] [
  "http://inspire.ec.europa.eu/metadata-codelist/PriorityDataset/MajorRailwaysNoiseExposureDelineationDEN-dir-2002-49"
]

04:23:10.907 [ForkJoinPool-1-worker-13] INFO  com.intuit.karate - [print]
04:23:10.908 [ForkJoinPool-1-worker-13] INFO  com.intuit.karate - [print] testing xlinkurl:http://inspire.ec.europa.eu/metadata-codelist/PriorityDataset/MajorRailwaysNoiseExposureDelineationDEN-dir-2002-49
04:23:13.709 [ForkJoinPool-1-worker-5] INFO  com.intuit.karate - [print] [
  "http://inspire.ec.europa.eu/metadata-codelist/PriorityDataset/MajorRailwaysNoiseExposureDelineationNight-dir-2002-49"
]

04:23:13.715 [ForkJoinPool-1-worker-5] INFO  com.intuit.karate - [print]
04:23:13.715 [ForkJoinPool-1-worker-5] INFO  com.intuit.karate - [print] testing xlinkurl:http://inspire.ec.europa.eu/metadata-codelist/PriorityDataset/MajorRailwaysNoiseExposureDelineationNight-dir-2002-49
04:23:15.688 [ForkJoinPool-1-worker-7] INFO  com.intuit.karate - [print] [
  "http://inspire.ec.europa.eu/metadata-codelist/PriorityDataset/MajorRoadsNoiseExposureDelineation-dir-2002-49"
]

04:23:15.692 [ForkJoinPool-1-worker-7] INFO  com.intuit.karate - [print]
04:23:15.693 [ForkJoinPool-1-worker-7] INFO  com.intuit.karate - [print] testing xlinkurl:http://inspire.ec.europa.eu/metadata-codelist/PriorityDataset/MajorRoadsNoiseExposureDelineation-dir-2002-49
04:23:17.871 [ForkJoinPool-1-worker-13] INFO  com.intuit.karate - [print] [
  "http://inspire.ec.europa.eu/metadata-codelist/PriorityDataset/MajorRoadsNoiseExposureDelineationDEN-dir-2002-49"
]

04:23:17.877 [ForkJoinPool-1-worker-13] INFO  com.intuit.karate - [print]
04:23:17.878 [ForkJoinPool-1-worker-13] INFO  com.intuit.karate - [print] testing xlinkurl:http://inspire.ec.europa.eu/metadata-codelist/PriorityDataset/MajorRoadsNoiseExposureDelineationDEN-dir-2002-49
04:23:19.738 [ForkJoinPool-1-worker-5] INFO  com.intuit.karate - [print] [
  "http://inspire.ec.europa.eu/metadata-codelist/PriorityDataset/ManagementUnits-dir-2007-60"
]

04:23:19.743 [ForkJoinPool-1-worker-5] INFO  com.intuit.karate - [print]
04:23:19.743 [ForkJoinPool-1-worker-5] INFO  com.intuit.karate - [print] testing xlinkurl:http://inspire.ec.europa.eu/metadata-codelist/PriorityDataset/ManagementUnits-dir-2007-60
04:23:21.058 [ForkJoinPool-1-worker-9] INFO  com.intuit.karate - [print] [
  "http://inspire.ec.europa.eu/metadata-codelist/PriorityDataset/MarineAssessmentUnits-dir-2008-56"
]

04:23:21.058 [ForkJoinPool-1-worker-11] INFO  com.intuit.karate - [print] [
  "http://inspire.ec.europa.eu/metadata-codelist/PriorityDataset/MonitoringStations-dir-2000-60"
]

04:23:21.064 [ForkJoinPool-1-worker-9] INFO  com.intuit.karate - [print]
04:23:21.064 [ForkJoinPool-1-worker-9] INFO  com.intuit.karate - [print] testing xlinkurl:http://inspire.ec.europa.eu/metadata-codelist/PriorityDataset/MarineAssessmentUnits-dir-2008-56
04:23:21.071 [ForkJoinPool-1-worker-11] INFO  com.intuit.karate - [print]
04:23:21.072 [ForkJoinPool-1-worker-11] INFO  com.intuit.karate - [print] testing xlinkurl:http://inspire.ec.europa.eu/metadata-codelist/PriorityDataset/MonitoringStations-dir-2000-60
04:23:21.715 [ForkJoinPool-1-worker-7] INFO  com.intuit.karate - [print] [
  "http://inspire.ec.europa.eu/metadata-codelist/PriorityDataset/MonitoringStations-dir-2008-56"
]

04:23:21.719 [ForkJoinPool-1-worker-7] INFO  com.intuit.karate - [print]
04:23:21.720 [ForkJoinPool-1-worker-7] INFO  com.intuit.karate - [print] testing xlinkurl:http://inspire.ec.europa.eu/metadata-codelist/PriorityDataset/MonitoringStations-dir-2008-56
04:23:23.896 [ForkJoinPool-1-worker-13] INFO  com.intuit.karate - [print] [
  "http://inspire.ec.europa.eu/metadata-codelist/PriorityDataset/MSFDReportingUnits-dir-2008-56"
]

04:23:23.902 [ForkJoinPool-1-worker-13] INFO  com.intuit.karate - [print]
04:23:23.903 [ForkJoinPool-1-worker-13] INFO  com.intuit.karate - [print] testing xlinkurl:http://inspire.ec.europa.eu/metadata-codelist/PriorityDataset/MSFDReportingUnits-dir-2008-56
04:23:25.737 [ForkJoinPool-1-worker-5] INFO  com.intuit.karate - [print] [
  "http://inspire.ec.europa.eu/metadata-codelist/PriorityDataset/NationallyDesignatedAreasCDDA"
]

04:23:25.742 [ForkJoinPool-1-worker-5] INFO  com.intuit.karate - [print]
04:23:25.742 [ForkJoinPool-1-worker-5] INFO  com.intuit.karate - [print] testing xlinkurl:http://inspire.ec.europa.eu/metadata-codelist/PriorityDataset/NationallyDesignatedAreasCDDA
04:23:26.079 [ForkJoinPool-1-worker-3] INFO  com.intuit.karate - [print] [
  "http://inspire.ec.europa.eu/metadata-codelist/PriorityDataset/Natura2000Sites-dir-1992-43"
]

04:23:26.085 [ForkJoinPool-1-worker-3] INFO  com.intuit.karate - [print]
04:23:26.086 [ForkJoinPool-1-worker-3] INFO  com.intuit.karate - [print] testing xlinkurl:http://inspire.ec.europa.eu/metadata-codelist/PriorityDataset/Natura2000Sites-dir-1992-43
04:23:26.794 [ForkJoinPool-1-worker-3] INFO  com.intuit.karate - [print] [
  "http://inspire.ec.europa.eu/metadata-codelist/PriorityDataset/Natura2000Sites-dir-2009-147"
]

04:23:26.800 [ForkJoinPool-1-worker-3] INFO  com.intuit.karate - [print]
04:23:26.801 [ForkJoinPool-1-worker-3] INFO  com.intuit.karate - [print] testing xlinkurl:http://inspire.ec.europa.eu/metadata-codelist/PriorityDataset/Natura2000Sites-dir-2009-147
04:23:28.968 [ForkJoinPool-1-worker-3] INFO  com.intuit.karate - [print] [
  "http://inspire.ec.europa.eu/metadata-codelist/PriorityDataset/RiverBasinDistricts-dir-2000-60"
]

04:23:28.973 [ForkJoinPool-1-worker-3] INFO  com.intuit.karate - [print]
04:23:28.974 [ForkJoinPool-1-worker-3] INFO  com.intuit.karate - [print] testing xlinkurl:http://inspire.ec.europa.eu/metadata-codelist/PriorityDataset/RiverBasinDistricts-dir-2000-60
04:23:29.147 [ForkJoinPool-1-worker-11] INFO  com.intuit.karate - [print] [
  "http://inspire.ec.europa.eu/metadata-codelist/PriorityDataset/RiverBasinDistrictsSubUnits-dir-2000-60"
]

04:23:29.154 [ForkJoinPool-1-worker-11] INFO  com.intuit.karate - [print]
04:23:29.155 [ForkJoinPool-1-worker-11] INFO  com.intuit.karate - [print] testing xlinkurl:http://inspire.ec.europa.eu/metadata-codelist/PriorityDataset/RiverBasinDistrictsSubUnits-dir-2000-60
04:23:30.960 [ForkJoinPool-1-worker-13] INFO  com.intuit.karate - [print] [
  "http://inspire.ec.europa.eu/metadata-codelist/PriorityDataset/Rivers-dir-2000-60"
]

04:23:30.979 [ForkJoinPool-1-worker-13] INFO  com.intuit.karate - [print]
04:23:30.983 [ForkJoinPool-1-worker-13] INFO  com.intuit.karate - [print] testing xlinkurl:http://inspire.ec.europa.eu/metadata-codelist/PriorityDataset/Rivers-dir-2000-60
04:23:31.776 [ForkJoinPool-1-worker-5] INFO  com.intuit.karate - [print] [
  "http://inspire.ec.europa.eu/metadata-codelist/PriorityDataset/SpeciesDistribution-dir-1992-43"
]

04:23:31.785 [ForkJoinPool-1-worker-5] INFO  com.intuit.karate - [print]
04:23:31.785 [ForkJoinPool-1-worker-5] INFO  com.intuit.karate - [print] testing xlinkurl:http://inspire.ec.europa.eu/metadata-codelist/PriorityDataset/SpeciesDistribution-dir-1992-43
04:23:35.081 [ForkJoinPool-1-worker-13] INFO  com.intuit.karate - [print] [
  "http://inspire.ec.europa.eu/metadata-codelist/PriorityDataset/SpeciesRange-dir-1992-43"
]

04:23:35.085 [ForkJoinPool-1-worker-13] INFO  com.intuit.karate - [print]
04:23:35.085 [ForkJoinPool-1-worker-13] INFO  com.intuit.karate - [print] testing xlinkurl:http://inspire.ec.europa.eu/metadata-codelist/PriorityDataset/SpeciesRange-dir-1992-43
04:23:35.258 [ForkJoinPool-1-worker-3] INFO  com.intuit.karate - [print] [
  "http://inspire.ec.europa.eu/metadata-codelist/PriorityDataset/SurfaceWaterBodies-dir-2000-60"
]

04:23:35.262 [ForkJoinPool-1-worker-3] INFO  com.intuit.karate - [print]
04:23:35.263 [ForkJoinPool-1-worker-3] INFO  com.intuit.karate - [print] testing xlinkurl:http://inspire.ec.europa.eu/metadata-codelist/PriorityDataset/SurfaceWaterBodies-dir-2000-60
04:23:35.327 [ForkJoinPool-1-worker-11] INFO  com.intuit.karate - [print] [
  "http://inspire.ec.europa.eu/metadata-codelist/PriorityDataset/TransitionalWaters-dir-2000-60"
]

04:23:35.333 [ForkJoinPool-1-worker-11] INFO  com.intuit.karate - [print]
04:23:35.335 [ForkJoinPool-1-worker-11] INFO  com.intuit.karate - [print] testing xlinkurl:http://inspire.ec.europa.eu/metadata-codelist/PriorityDataset/TransitionalWaters-dir-2000-60
04:23:35.960 [ForkJoinPool-1-worker-3] INFO  com.intuit.karate - [print] [
  "http://inspire.ec.europa.eu/metadata-codelist/PriorityDataset/UrbanWasteWaterTreatmentPlants-dir-1991-271"
]

04:23:35.972 [ForkJoinPool-1-worker-3] INFO  com.intuit.karate - [print]
04:23:35.972 [ForkJoinPool-1-worker-3] INFO  com.intuit.karate - [print] testing xlinkurl:http://inspire.ec.europa.eu/metadata-codelist/PriorityDataset/UrbanWasteWaterTreatmentPlants-dir-1991-271
04:23:37.759 [ForkJoinPool-1-worker-7] INFO  com.intuit.karate - [print] [
  "http://inspire.ec.europa.eu/metadata-codelist/SpatialDataServiceType/download"
]

04:23:37.764 [ForkJoinPool-1-worker-7] INFO  com.intuit.karate - [print]
04:23:37.765 [ForkJoinPool-1-worker-7] INFO  com.intuit.karate - [print] testing xlinkurl:http://inspire.ec.europa.eu/metadata-codelist/SpatialDataServiceType/download
04:23:37.846 [ForkJoinPool-1-worker-5] INFO  com.intuit.karate - [print] [
  "http://inspire.ec.europa.eu/metadata-codelist/SpatialDataServiceType/http://inspire.ec.europa.eu/metadata-codelist/SpatialDataServiceType/download"
]

04:23:37.853 [ForkJoinPool-1-worker-5] INFO  com.intuit.karate - [print]
04:23:37.853 [ForkJoinPool-1-worker-5] INFO  com.intuit.karate - [print] testing xlinkurl:http://inspire.ec.europa.eu/metadata-codelist/SpatialDataServiceType/http://inspire.ec.europa.eu/metadata-codelist/SpatialDataServiceType/download
04:23:38.501 [ForkJoinPool-1-worker-5] INFO  com.intuit.karate - [print] [
  "http://inspire.ec.europa.eu/metadata-codelist/SpatialDataServiceType/other"
]

04:23:38.509 [ForkJoinPool-1-worker-5] INFO  com.intuit.karate - [print]
04:23:38.510 [ForkJoinPool-1-worker-5] INFO  com.intuit.karate - [print] testing xlinkurl:http://inspire.ec.europa.eu/metadata-codelist/SpatialDataServiceType/other
04:23:41.975 [ForkJoinPool-1-worker-3] INFO  com.intuit.karate - [print] [
  "http://inspire.ec.europa.eu/metadata-codelist/SpatialDataServiceType/view"
]

04:23:41.981 [ForkJoinPool-1-worker-3] INFO  com.intuit.karate - [print]
04:23:41.984 [ForkJoinPool-1-worker-3] INFO  com.intuit.karate - [print] testing xlinkurl:http://inspire.ec.europa.eu/metadata-codelist/SpatialDataServiceType/view
04:23:43.926 [ForkJoinPool-1-worker-7] INFO  com.intuit.karate - [print] [
  "http://inspire.ec.europa.eu/metadata-codelist/SpatialScope"
]

04:23:43.933 [ForkJoinPool-1-worker-7] INFO  com.intuit.karate - [print]
04:23:43.935 [ForkJoinPool-1-worker-7] INFO  com.intuit.karate - [print] testing xlinkurl:http://inspire.ec.europa.eu/metadata-codelist/SpatialScope
04:23:44.611 [ForkJoinPool-1-worker-5] INFO  com.intuit.karate - [print] [
  "http://inspire.ec.europa.eu/metadata-codelist/SpatialScope/european"
]

04:23:44.618 [ForkJoinPool-1-worker-5] INFO  com.intuit.karate - [print]
04:23:44.619 [ForkJoinPool-1-worker-5] INFO  com.intuit.karate - [print] testing xlinkurl:http://inspire.ec.europa.eu/metadata-codelist/SpatialScope/european
04:23:46.088 [ForkJoinPool-1-worker-13] INFO  com.intuit.karate - [print] [
  "http://inspire.ec.europa.eu/metadata-codelist/SpatialScope/national"
]

04:23:46.093 [ForkJoinPool-1-worker-13] INFO  com.intuit.karate - [print]
04:23:46.093 [ForkJoinPool-1-worker-13] INFO  com.intuit.karate - [print] testing xlinkurl:http://inspire.ec.europa.eu/metadata-codelist/SpatialScope/national
04:23:48.038 [ForkJoinPool-1-worker-3] INFO  com.intuit.karate - [print] [
  "http://inspire.ec.europa.eu/schemas/am/4.0/AreaManagementRestrictionRegulationZone.xsd"
]

04:23:48.043 [ForkJoinPool-1-worker-3] INFO  com.intuit.karate - [print]
04:23:48.044 [ForkJoinPool-1-worker-3] INFO  com.intuit.karate - [print] testing xlinkurl:http://inspire.ec.europa.eu/schemas/am/4.0/AreaManagementRestrictionRegulationZone.xsd
04:23:48.121 [ForkJoinPool-1-worker-9] INFO  com.intuit.karate - [print] [
  "http://inspire.ec.europa.eu/schemas/ef/4.0/EnvironmentalMonitoringFacilities.xsd"
]

04:23:48.127 [ForkJoinPool-1-worker-9] INFO  com.intuit.karate - [print]
04:23:48.128 [ForkJoinPool-1-worker-9] INFO  com.intuit.karate - [print] testing xlinkurl:http://inspire.ec.europa.eu/schemas/ef/4.0/EnvironmentalMonitoringFacilities.xsd
04:23:48.156 [ForkJoinPool-1-worker-13] INFO  com.intuit.karate - [print] [
  "http://inspire.ec.europa.eu/schemas/el-bas/4.0/ElevationBaseTypes.xsd"
]

04:23:48.161 [ForkJoinPool-1-worker-13] INFO  com.intuit.karate - [print]
04:23:48.162 [ForkJoinPool-1-worker-13] INFO  com.intuit.karate - [print] testing xlinkurl:http://inspire.ec.europa.eu/schemas/el-bas/4.0/ElevationBaseTypes.xsd
04:23:48.262 [ForkJoinPool-1-worker-3] INFO  com.intuit.karate - [print] [
  "http://inspire.ec.europa.eu/schemas/hh/4.0/HumanHealth.xsd"
]

04:23:48.268 [ForkJoinPool-1-worker-3] INFO  com.intuit.karate - [print]
04:23:48.269 [ForkJoinPool-1-worker-3] INFO  com.intuit.karate - [print] testing xlinkurl:http://inspire.ec.europa.eu/schemas/hh/4.0/HumanHealth.xsd
04:23:48.342 [ForkJoinPool-1-worker-9] INFO  com.intuit.karate - [print] [
  "http://inspire.ec.europa.eu/schemas/hy-n/4.0/HydroNetwork.xsd"
]

04:23:48.348 [ForkJoinPool-1-worker-9] INFO  com.intuit.karate - [print]
04:23:48.349 [ForkJoinPool-1-worker-9] INFO  com.intuit.karate - [print] testing xlinkurl:http://inspire.ec.europa.eu/schemas/hy-n/4.0/HydroNetwork.xsd
04:23:48.375 [ForkJoinPool-1-worker-13] INFO  com.intuit.karate - [print] [
  "http://inspire.ec.europa.eu/schemas/hy/4.0/HydroBase.xsd"
]

04:23:48.380 [ForkJoinPool-1-worker-13] INFO  com.intuit.karate - [print]
04:23:48.381 [ForkJoinPool-1-worker-13] INFO  com.intuit.karate - [print] testing xlinkurl:http://inspire.ec.europa.eu/schemas/hy/4.0/HydroBase.xsd
04:23:48.487 [ForkJoinPool-1-worker-3] INFO  com.intuit.karate - [print] [
  "http://inspire.ec.europa.eu/schemas/mu/3.0/MaritimeUnits.xsd"
]

04:23:48.494 [ForkJoinPool-1-worker-3] INFO  com.intuit.karate - [print]
04:23:48.497 [ForkJoinPool-1-worker-3] INFO  com.intuit.karate - [print] testing xlinkurl:http://inspire.ec.europa.eu/schemas/mu/3.0/MaritimeUnits.xsd
04:23:48.563 [ForkJoinPool-1-worker-9] INFO  com.intuit.karate - [print] [
  "http://inspire.ec.europa.eu/schemas/nz-core/4.0/NaturalRiskZonesCore.xsd"
]

04:23:48.568 [ForkJoinPool-1-worker-9] INFO  com.intuit.karate - [print]
04:23:48.568 [ForkJoinPool-1-worker-9] INFO  com.intuit.karate - [print] testing xlinkurl:http://inspire.ec.europa.eu/schemas/nz-core/4.0/NaturalRiskZonesCore.xsd
04:23:48.591 [ForkJoinPool-1-worker-13] INFO  com.intuit.karate - [print] [
  "http://inspire.ec.europa.eu/schemas/nz/0.0/NaturalRiskZones.xsd"
]

04:23:48.596 [ForkJoinPool-1-worker-13] INFO  com.intuit.karate - [print]
04:23:48.597 [ForkJoinPool-1-worker-13] INFO  com.intuit.karate - [print] testing xlinkurl:http://inspire.ec.europa.eu/schemas/nz/0.0/NaturalRiskZones.xsd
04:23:48.711 [ForkJoinPool-1-worker-3] INFO  com.intuit.karate - [print] [
  "http://inspire.ec.europa.eu/schemas/of/4.0/OceanFeatures.xsd"
]

04:23:48.717 [ForkJoinPool-1-worker-3] INFO  com.intuit.karate - [print]
04:23:48.718 [ForkJoinPool-1-worker-3] INFO  com.intuit.karate - [print] testing xlinkurl:http://inspire.ec.europa.eu/schemas/of/4.0/OceanFeatures.xsd
04:23:48.784 [ForkJoinPool-1-worker-9] INFO  com.intuit.karate - [print] [
  "http://inspire.ec.europa.eu/schemas/pf/4.0/ProductionAndIndustrialFacilities.xsd"
]

04:23:48.790 [ForkJoinPool-1-worker-9] INFO  com.intuit.karate - [print]
04:23:48.791 [ForkJoinPool-1-worker-9] INFO  com.intuit.karate - [print] testing xlinkurl:http://inspire.ec.europa.eu/schemas/pf/4.0/ProductionAndIndustrialFacilities.xsd
04:23:48.815 [ForkJoinPool-1-worker-13] INFO  com.intuit.karate - [print] [
  "http://inspire.ec.europa.eu/schemas/ps/4.0/ProtectedSites.xsd"
]

04:23:48.818 [ForkJoinPool-1-worker-13] INFO  com.intuit.karate - [print]
04:23:48.819 [ForkJoinPool-1-worker-13] INFO  com.intuit.karate - [print] testing xlinkurl:http://inspire.ec.europa.eu/schemas/ps/4.0/ProtectedSites.xsd
04:23:48.929 [ForkJoinPool-1-worker-3] INFO  com.intuit.karate - [print] [
  "http://inspire.ec.europa.eu/schemas/tn-ro/4.0/RoadTransportNetwork.xsd"
]

04:23:48.935 [ForkJoinPool-1-worker-3] INFO  com.intuit.karate - [print]
04:23:48.936 [ForkJoinPool-1-worker-3] INFO  com.intuit.karate - [print] testing xlinkurl:http://inspire.ec.europa.eu/schemas/tn-ro/4.0/RoadTransportNetwork.xsd
04:23:49.082 [ForkJoinPool-1-worker-9] INFO  com.intuit.karate - [print] [
  "http://inspire.ec.europa.eu/schemas/tn-w/4.0/WaterTransportNetwork.xsd"
]

04:23:49.085 [ForkJoinPool-1-worker-9] INFO  com.intuit.karate - [print]
04:23:49.086 [ForkJoinPool-1-worker-9] INFO  com.intuit.karate - [print] testing xlinkurl:http://inspire.ec.europa.eu/schemas/tn-w/4.0/WaterTransportNetwork.xsd
04:23:49.124 [ForkJoinPool-1-worker-13] INFO  com.intuit.karate - [print] [
  "http://inspire.ec.europa.eu/schemas/tn/4.0/CommonTransportElements.xsd"
]

04:23:49.128 [ForkJoinPool-1-worker-13] INFO  com.intuit.karate - [print]
04:23:49.129 [ForkJoinPool-1-worker-13] INFO  com.intuit.karate - [print] testing xlinkurl:http://inspire.ec.europa.eu/schemas/tn/4.0/CommonTransportElements.xsd
04:23:49.616 [ForkJoinPool-1-worker-3] INFO  com.intuit.karate - [print] [
  "http://inspire.ec.europa.eu/schemas/us-govserv/4.0/GovernmentalServices.xsd"
]

04:23:49.620 [ForkJoinPool-1-worker-3] INFO  com.intuit.karate - [print]
04:23:49.620 [ForkJoinPool-1-worker-3] INFO  com.intuit.karate - [print] testing xlinkurl:http://inspire.ec.europa.eu/schemas/us-govserv/4.0/GovernmentalServices.xsd
04:23:49.971 [ForkJoinPool-1-worker-9] INFO  com.intuit.karate - [print] [
  "http://inspire.ec.europa.eu/theme#"
]

04:23:49.975 [ForkJoinPool-1-worker-9] INFO  com.intuit.karate - [print]
04:23:49.975 [ForkJoinPool-1-worker-9] INFO  com.intuit.karate - [print] testing xlinkurl:http://inspire.ec.europa.eu/theme#
04:23:50.131 [ForkJoinPool-1-worker-13] INFO  com.intuit.karate - [print] [
  "http://standaarden.overheid.nl/owms/terms/Ministerie_van_Economische_Zaken"
]

04:23:50.131 [ForkJoinPool-1-worker-3] INFO  com.intuit.karate - [print] [
  "http://standaarden.overheid.nl/owms/terms/Rijksinstituut_voor_Volksgezondheid_en_Milieu"
]

04:23:50.135 [ForkJoinPool-1-worker-13] INFO  com.intuit.karate - [print]
04:23:50.135 [ForkJoinPool-1-worker-13] INFO  com.intuit.karate - [print] testing xlinkurl:http://standaarden.overheid.nl/owms/terms/Ministerie_van_Economische_Zaken
04:23:50.142 [ForkJoinPool-1-worker-3] INFO  com.intuit.karate - [print]
04:23:50.143 [ForkJoinPool-1-worker-3] INFO  com.intuit.karate - [print] testing xlinkurl:http://standaarden.overheid.nl/owms/terms/Rijksinstituut_voor_Volksgezondheid_en_Milieu
04:23:50.937 [ForkJoinPool-1-worker-3] INFO  com.intuit.karate - [print] [
  "http://standaarden.overheid.nl/owms/terms/RVO"
]

04:23:50.939 [ForkJoinPool-1-worker-13] INFO  com.intuit.karate - [print] [
  "http://www.eionet.europa.eu/gemet/inspire_themes"
]

04:23:50.943 [ForkJoinPool-1-worker-13] INFO  com.intuit.karate - [print]
04:23:50.943 [ForkJoinPool-1-worker-13] INFO  com.intuit.karate - [print] testing xlinkurl:http://www.eionet.europa.eu/gemet/inspire_themes
04:23:50.944 [ForkJoinPool-1-worker-3] INFO  com.intuit.karate - [print]
04:23:50.946 [ForkJoinPool-1-worker-3] INFO  com.intuit.karate - [print] testing xlinkurl:http://standaarden.overheid.nl/owms/terms/RVO
04:23:51.462 [ForkJoinPool-1-worker-3] INFO  com.intuit.karate - [print] [
  "http://www.eionet.europa.eu/gemet/nl/inspire-theme/ac"
]

04:23:51.469 [ForkJoinPool-1-worker-3] INFO  com.intuit.karate - [print]
04:23:51.470 [ForkJoinPool-1-worker-3] INFO  com.intuit.karate - [print] testing xlinkurl:http://www.eionet.europa.eu/gemet/nl/inspire-theme/ac
04:23:51.842 [ForkJoinPool-1-worker-5] INFO  com.intuit.karate - [print] [
  "http://www.eionet.europa.eu/gemet/nl/inspire-theme/ad"
]

04:23:51.848 [ForkJoinPool-1-worker-5] INFO  com.intuit.karate - [print]
04:23:51.848 [ForkJoinPool-1-worker-5] INFO  com.intuit.karate - [print] testing xlinkurl:http://www.eionet.europa.eu/gemet/nl/inspire-theme/ad
04:23:52.159 [ForkJoinPool-1-worker-13] INFO  com.intuit.karate - [print] [
  "http://www.eionet.europa.eu/gemet/nl/inspire-theme/af"
]

04:23:52.164 [ForkJoinPool-1-worker-13] INFO  com.intuit.karate - [print]
04:23:52.164 [ForkJoinPool-1-worker-13] INFO  com.intuit.karate - [print] testing xlinkurl:http://www.eionet.europa.eu/gemet/nl/inspire-theme/af
04:23:52.182 [ForkJoinPool-1-worker-3] INFO  com.intuit.karate - [print] [
  "http://www.eionet.europa.eu/gemet/nl/inspire-theme/am"
]

04:23:52.192 [ForkJoinPool-1-worker-3] INFO  com.intuit.karate - [print]
04:23:52.193 [ForkJoinPool-1-worker-3] INFO  com.intuit.karate - [print] testing xlinkurl:http://www.eionet.europa.eu/gemet/nl/inspire-theme/am
04:23:52.548 [ForkJoinPool-1-worker-5] INFO  com.intuit.karate - [print] [
  "http://www.eionet.europa.eu/gemet/nl/inspire-theme/au"
]

04:23:52.556 [ForkJoinPool-1-worker-5] INFO  com.intuit.karate - [print]
04:23:52.557 [ForkJoinPool-1-worker-5] INFO  com.intuit.karate - [print] testing xlinkurl:http://www.eionet.europa.eu/gemet/nl/inspire-theme/au
04:23:52.845 [ForkJoinPool-1-worker-13] INFO  com.intuit.karate - [print] [
  "http://www.eionet.europa.eu/gemet/nl/inspire-theme/bu"
]

04:23:52.851 [ForkJoinPool-1-worker-13] INFO  com.intuit.karate - [print]
04:23:52.852 [ForkJoinPool-1-worker-13] INFO  com.intuit.karate - [print] testing xlinkurl:http://www.eionet.europa.eu/gemet/nl/inspire-theme/bu
04:23:52.869 [ForkJoinPool-1-worker-3] INFO  com.intuit.karate - [print] [
  "http://www.eionet.europa.eu/gemet/nl/inspire-theme/cp"
]

04:23:52.874 [ForkJoinPool-1-worker-3] INFO  com.intuit.karate - [print]
04:23:52.875 [ForkJoinPool-1-worker-3] INFO  com.intuit.karate - [print] testing xlinkurl:http://www.eionet.europa.eu/gemet/nl/inspire-theme/cp
04:23:53.248 [ForkJoinPool-1-worker-5] INFO  com.intuit.karate - [print] [
  "http://www.eionet.europa.eu/gemet/nl/inspire-theme/ef"
]

04:23:53.254 [ForkJoinPool-1-worker-5] INFO  com.intuit.karate - [print]
04:23:53.255 [ForkJoinPool-1-worker-5] INFO  com.intuit.karate - [print] testing xlinkurl:http://www.eionet.europa.eu/gemet/nl/inspire-theme/ef
04:23:53.545 [ForkJoinPool-1-worker-13] INFO  com.intuit.karate - [print] [
  "http://www.eionet.europa.eu/gemet/nl/inspire-theme/er"
]

04:23:53.552 [ForkJoinPool-1-worker-13] INFO  com.intuit.karate - [print]
04:23:53.553 [ForkJoinPool-1-worker-13] INFO  com.intuit.karate - [print] testing xlinkurl:http://www.eionet.europa.eu/gemet/nl/inspire-theme/er
04:23:53.569 [ForkJoinPool-1-worker-3] INFO  com.intuit.karate - [print] [
  "http://www.eionet.europa.eu/gemet/nl/inspire-theme/ge"
]

04:23:53.573 [ForkJoinPool-1-worker-3] INFO  com.intuit.karate - [print]
04:23:53.573 [ForkJoinPool-1-worker-3] INFO  com.intuit.karate - [print] testing xlinkurl:http://www.eionet.europa.eu/gemet/nl/inspire-theme/ge
04:23:53.942 [ForkJoinPool-1-worker-5] INFO  com.intuit.karate - [print] [
  "http://www.eionet.europa.eu/gemet/nl/inspire-theme/gn"
]

04:23:53.949 [ForkJoinPool-1-worker-5] INFO  com.intuit.karate - [print]
04:23:53.950 [ForkJoinPool-1-worker-5] INFO  com.intuit.karate - [print] testing xlinkurl:http://www.eionet.europa.eu/gemet/nl/inspire-theme/gn
04:23:54.257 [ForkJoinPool-1-worker-13] INFO  com.intuit.karate - [print] [
  "http://www.eionet.europa.eu/gemet/nl/inspire-theme/hb"
]

04:23:54.261 [ForkJoinPool-1-worker-13] INFO  com.intuit.karate - [print]
04:23:54.261 [ForkJoinPool-1-worker-13] INFO  com.intuit.karate - [print] testing xlinkurl:http://www.eionet.europa.eu/gemet/nl/inspire-theme/hb
04:23:54.270 [ForkJoinPool-1-worker-3] INFO  com.intuit.karate - [print] [
  "http://www.eionet.europa.eu/gemet/nl/inspire-theme/hh"
]

04:23:54.274 [ForkJoinPool-1-worker-3] INFO  com.intuit.karate - [print]
04:23:54.274 [ForkJoinPool-1-worker-3] INFO  com.intuit.karate - [print] testing xlinkurl:http://www.eionet.europa.eu/gemet/nl/inspire-theme/hh
04:23:54.638 [ForkJoinPool-1-worker-5] INFO  com.intuit.karate - [print] [
  "http://www.eionet.europa.eu/gemet/nl/inspire-theme/hy"
]

04:23:54.642 [ForkJoinPool-1-worker-5] INFO  com.intuit.karate - [print]
04:23:54.643 [ForkJoinPool-1-worker-5] INFO  com.intuit.karate - [print] testing xlinkurl:http://www.eionet.europa.eu/gemet/nl/inspire-theme/hy
04:23:54.950 [ForkJoinPool-1-worker-13] INFO  com.intuit.karate - [print] [
  "http://www.eionet.europa.eu/gemet/nl/inspire-theme/lc"
]

04:23:54.955 [ForkJoinPool-1-worker-13] INFO  com.intuit.karate - [print]
04:23:54.956 [ForkJoinPool-1-worker-13] INFO  com.intuit.karate - [print] testing xlinkurl:http://www.eionet.europa.eu/gemet/nl/inspire-theme/lc
04:23:54.960 [ForkJoinPool-1-worker-3] INFO  com.intuit.karate - [print] [
  "http://www.eionet.europa.eu/gemet/nl/inspire-theme/lu"
]

04:23:54.964 [ForkJoinPool-1-worker-3] INFO  com.intuit.karate - [print]
04:23:54.966 [ForkJoinPool-1-worker-3] INFO  com.intuit.karate - [print] testing xlinkurl:http://www.eionet.europa.eu/gemet/nl/inspire-theme/lu
04:23:55.331 [ForkJoinPool-1-worker-5] INFO  com.intuit.karate - [print] [
  "http://www.eionet.europa.eu/gemet/nl/inspire-theme/mf"
]

04:23:55.336 [ForkJoinPool-1-worker-5] INFO  com.intuit.karate - [print]
04:23:55.337 [ForkJoinPool-1-worker-5] INFO  com.intuit.karate - [print] testing xlinkurl:http://www.eionet.europa.eu/gemet/nl/inspire-theme/mf
04:23:55.632 [ForkJoinPool-1-worker-3] INFO  com.intuit.karate - [print] [
  "http://www.eionet.europa.eu/gemet/nl/inspire-theme/nz"
]

04:23:55.635 [ForkJoinPool-1-worker-13] INFO  com.intuit.karate - [print] [
  "http://www.eionet.europa.eu/gemet/nl/inspire-theme/of"
]

04:23:55.640 [ForkJoinPool-1-worker-3] INFO  com.intuit.karate - [print]
04:23:55.640 [ForkJoinPool-1-worker-3] INFO  com.intuit.karate - [print] testing xlinkurl:http://www.eionet.europa.eu/gemet/nl/inspire-theme/nz
04:23:55.643 [ForkJoinPool-1-worker-13] INFO  com.intuit.karate - [print]
04:23:55.643 [ForkJoinPool-1-worker-13] INFO  com.intuit.karate - [print] testing xlinkurl:http://www.eionet.europa.eu/gemet/nl/inspire-theme/of
04:23:56.019 [ForkJoinPool-1-worker-5] INFO  com.intuit.karate - [print] [
  "http://www.eionet.europa.eu/gemet/nl/inspire-theme/oi"
]

04:23:56.023 [ForkJoinPool-1-worker-5] INFO  com.intuit.karate - [print]
04:23:56.023 [ForkJoinPool-1-worker-5] INFO  com.intuit.karate - [print] testing xlinkurl:http://www.eionet.europa.eu/gemet/nl/inspire-theme/oi
04:23:56.317 [ForkJoinPool-1-worker-3] INFO  com.intuit.karate - [print] [
  "http://www.eionet.europa.eu/gemet/nl/inspire-theme/pd"
]

04:23:56.319 [ForkJoinPool-1-worker-13] INFO  com.intuit.karate - [print] [
  "http://www.eionet.europa.eu/gemet/nl/inspire-theme/pf"
]

04:23:56.323 [ForkJoinPool-1-worker-13] INFO  com.intuit.karate - [print]
04:23:56.323 [ForkJoinPool-1-worker-13] INFO  com.intuit.karate - [print] testing xlinkurl:http://www.eionet.europa.eu/gemet/nl/inspire-theme/pf
04:23:56.327 [ForkJoinPool-1-worker-3] INFO  com.intuit.karate - [print]
04:23:56.327 [ForkJoinPool-1-worker-3] INFO  com.intuit.karate - [print] testing xlinkurl:http://www.eionet.europa.eu/gemet/nl/inspire-theme/pd
04:23:56.719 [ForkJoinPool-1-worker-5] INFO  com.intuit.karate - [print] [
  "http://www.eionet.europa.eu/gemet/nl/inspire-theme/ps"
]

04:23:56.745 [ForkJoinPool-1-worker-5] INFO  com.intuit.karate - [print]
04:23:56.747 [ForkJoinPool-1-worker-5] INFO  com.intuit.karate - [print] testing xlinkurl:http://www.eionet.europa.eu/gemet/nl/inspire-theme/ps
04:23:56.891 [ForkJoinPool-1-worker-7] INFO  com.intuit.karate - [print] [
  "http://www.eionet.europa.eu/gemet/nl/inspire-theme/rs"
]

04:23:56.896 [ForkJoinPool-1-worker-7] INFO  com.intuit.karate - [print]
04:23:56.896 [ForkJoinPool-1-worker-7] INFO  com.intuit.karate - [print] testing xlinkurl:http://www.eionet.europa.eu/gemet/nl/inspire-theme/rs
04:23:57.039 [ForkJoinPool-1-worker-13] INFO  com.intuit.karate - [print] [
  "http://www.eionet.europa.eu/gemet/nl/inspire-theme/sd"
]

04:23:57.042 [ForkJoinPool-1-worker-3] INFO  com.intuit.karate - [print] [
  "http://www.eionet.europa.eu/gemet/nl/inspire-theme/so"
]

04:23:57.052 [ForkJoinPool-1-worker-3] INFO  com.intuit.karate - [print]
04:23:57.053 [ForkJoinPool-1-worker-3] INFO  com.intuit.karate - [print] testing xlinkurl:http://www.eionet.europa.eu/gemet/nl/inspire-theme/so
04:23:57.055 [ForkJoinPool-1-worker-13] INFO  com.intuit.karate - [print]
04:23:57.055 [ForkJoinPool-1-worker-13] INFO  com.intuit.karate - [print] testing xlinkurl:http://www.eionet.europa.eu/gemet/nl/inspire-theme/sd
04:23:57.463 [ForkJoinPool-1-worker-5] INFO  com.intuit.karate - [print] [
  "http://www.eionet.europa.eu/gemet/nl/inspire-theme/sr"
]

04:23:57.468 [ForkJoinPool-1-worker-5] INFO  com.intuit.karate - [print]
04:23:57.468 [ForkJoinPool-1-worker-5] INFO  com.intuit.karate - [print] testing xlinkurl:http://www.eionet.europa.eu/gemet/nl/inspire-theme/sr
04:23:57.602 [ForkJoinPool-1-worker-7] INFO  com.intuit.karate - [print] [
  "http://www.eionet.europa.eu/gemet/nl/inspire-theme/su"
]

04:23:57.615 [ForkJoinPool-1-worker-7] INFO  com.intuit.karate - [print]
04:23:57.616 [ForkJoinPool-1-worker-7] INFO  com.intuit.karate - [print] testing xlinkurl:http://www.eionet.europa.eu/gemet/nl/inspire-theme/su
04:23:57.753 [ForkJoinPool-1-worker-3] INFO  com.intuit.karate - [print] [
  "http://www.eionet.europa.eu/gemet/nl/inspire-theme/tn"
]

04:23:57.756 [ForkJoinPool-1-worker-13] INFO  com.intuit.karate - [print] [
  "http://www.eionet.europa.eu/gemet/nl/inspire-theme/us"
]

04:23:57.759 [ForkJoinPool-1-worker-13] INFO  com.intuit.karate - [print]
04:23:57.760 [ForkJoinPool-1-worker-3] INFO  com.intuit.karate - [print]
04:23:57.761 [ForkJoinPool-1-worker-3] INFO  com.intuit.karate - [print] testing xlinkurl:http://www.eionet.europa.eu/gemet/nl/inspire-theme/tn
04:23:57.760 [ForkJoinPool-1-worker-13] INFO  com.intuit.karate - [print] testing xlinkurl:http://www.eionet.europa.eu/gemet/nl/inspire-theme/us
04:23:58.182 [ForkJoinPool-1-worker-5] INFO  com.intuit.karate - [print] [
  "http://www.iana.org/assignments/media-types/application/gml+xml"
]

04:23:58.188 [ForkJoinPool-1-worker-5] INFO  com.intuit.karate - [print]
04:23:58.189 [ForkJoinPool-1-worker-5] INFO  com.intuit.karate - [print] testing xlinkurl:http://www.iana.org/assignments/media-types/application/gml+xml
04:23:58.313 [ForkJoinPool-1-worker-7] INFO  com.intuit.karate - [print] [
  "http://www.opengeospatial.org/standards/sos"
]

04:23:58.317 [ForkJoinPool-1-worker-7] INFO  com.intuit.karate - [print]
04:23:58.318 [ForkJoinPool-1-worker-7] INFO  com.intuit.karate - [print] testing xlinkurl:http://www.opengeospatial.org/standards/sos
04:23:58.378 [ForkJoinPool-1-worker-5] INFO  com.intuit.karate - [print] [
  "http://www.opengeospatial.org/standards/wcs"
]

04:23:58.383 [ForkJoinPool-1-worker-5] INFO  com.intuit.karate - [print]
04:23:58.383 [ForkJoinPool-1-worker-5] INFO  com.intuit.karate - [print] testing xlinkurl:http://www.opengeospatial.org/standards/wcs
04:23:58.479 [ForkJoinPool-1-worker-13] INFO  com.intuit.karate - [print] [
  "http://www.opengeospatial.org/standards/wfs"
]

04:23:58.484 [ForkJoinPool-1-worker-13] INFO  com.intuit.karate - [print]
04:23:58.485 [ForkJoinPool-1-worker-13] INFO  com.intuit.karate - [print] testing xlinkurl:http://www.opengeospatial.org/standards/wfs
04:23:58.500 [ForkJoinPool-1-worker-3] INFO  com.intuit.karate - [print] [
  "http://www.opengeospatial.org/standards/wms"
]

04:23:58.505 [ForkJoinPool-1-worker-3] INFO  com.intuit.karate - [print]
04:23:58.505 [ForkJoinPool-1-worker-3] INFO  com.intuit.karate - [print] testing xlinkurl:http://www.opengeospatial.org/standards/wms
04:23:58.835 [ForkJoinPool-1-worker-7] INFO  com.intuit.karate - [print] [
  "http://www.opengeospatial.org/standards/wmts"
]

04:23:58.840 [ForkJoinPool-1-worker-7] INFO  com.intuit.karate - [print]
04:23:58.841 [ForkJoinPool-1-worker-7] INFO  com.intuit.karate - [print] testing xlinkurl:http://www.opengeospatial.org/standards/wmts
04:23:58.859 [ForkJoinPool-1-worker-5] INFO  com.intuit.karate - [print] [
  "http://www.opengis.net/def/crs/EPSG/0/3034"
]

04:23:58.863 [ForkJoinPool-1-worker-5] INFO  com.intuit.karate - [print]
04:23:58.863 [ForkJoinPool-1-worker-5] INFO  com.intuit.karate - [print] testing xlinkurl:http://www.opengis.net/def/crs/EPSG/0/3034
04:23:58.910 [ForkJoinPool-1-worker-13] INFO  com.intuit.karate - [print] [
  "http://www.opengis.net/def/crs/EPSG/0/3035"
]

04:23:58.916 [ForkJoinPool-1-worker-13] INFO  com.intuit.karate - [print]
04:23:58.919 [ForkJoinPool-1-worker-13] INFO  com.intuit.karate - [print] testing xlinkurl:http://www.opengis.net/def/crs/EPSG/0/3035
04:23:59.125 [ForkJoinPool-1-worker-3] INFO  com.intuit.karate - [print] [
  "http://www.opengis.net/def/crs/EPSG/0/3857"
]

04:23:59.131 [ForkJoinPool-1-worker-3] INFO  com.intuit.karate - [print]
04:23:59.131 [ForkJoinPool-1-worker-3] INFO  com.intuit.karate - [print] testing xlinkurl:http://www.opengis.net/def/crs/EPSG/0/3857
04:23:59.401 [ForkJoinPool-1-worker-5] INFO  com.intuit.karate - [print] [
  "http://www.opengis.net/def/crs/EPSG/0/4258"
]

04:23:59.404 [ForkJoinPool-1-worker-13] INFO  com.intuit.karate - [print] [
  "http://www.opengis.net/def/crs/EPSG/0/4326"
]

04:23:59.405 [ForkJoinPool-1-worker-5] INFO  com.intuit.karate - [print]
04:23:59.405 [ForkJoinPool-1-worker-5] INFO  com.intuit.karate - [print] testing xlinkurl:http://www.opengis.net/def/crs/EPSG/0/4258
04:23:59.408 [ForkJoinPool-1-worker-13] INFO  com.intuit.karate - [print]
04:23:59.409 [ForkJoinPool-1-worker-13] INFO  com.intuit.karate - [print] testing xlinkurl:http://www.opengis.net/def/crs/EPSG/0/4326
04:23:59.439 [ForkJoinPool-1-worker-3] INFO  com.intuit.karate - [print] [
  "http://www.opengis.net/def/crs/EPSG/0/5709"
]

04:23:59.443 [ForkJoinPool-1-worker-3] INFO  com.intuit.karate - [print]
04:23:59.444 [ForkJoinPool-1-worker-3] INFO  com.intuit.karate - [print] testing xlinkurl:http://www.opengis.net/def/crs/EPSG/0/5709
04:23:59.711 [ForkJoinPool-1-worker-5] INFO  com.intuit.karate - [print] [
  "http://www.opengis.net/def/crs/EPSG/0/5730"
]

04:23:59.712 [ForkJoinPool-1-worker-13] INFO  com.intuit.karate - [print] [
  "http://www.opengis.net/def/crs/EPSG/0/5861"
]

04:23:59.715 [ForkJoinPool-1-worker-5] INFO  com.intuit.karate - [print]
04:23:59.715 [ForkJoinPool-1-worker-5] INFO  com.intuit.karate - [print] testing xlinkurl:http://www.opengis.net/def/crs/EPSG/0/5730
04:23:59.718 [ForkJoinPool-1-worker-13] INFO  com.intuit.karate - [print]
04:23:59.719 [ForkJoinPool-1-worker-13] INFO  com.intuit.karate - [print] testing xlinkurl:http://www.opengis.net/def/crs/EPSG/0/5861
04:23:59.741 [ForkJoinPool-1-worker-3] INFO  com.intuit.karate - [print] [
  "http://www.opengis.net/def/crs/EPSG/0/23031"
]

04:23:59.745 [ForkJoinPool-1-worker-3] INFO  com.intuit.karate - [print]
04:23:59.746 [ForkJoinPool-1-worker-3] INFO  com.intuit.karate - [print] testing xlinkurl:http://www.opengis.net/def/crs/EPSG/0/23031
04:24:00.017 [ForkJoinPool-1-worker-5] INFO  com.intuit.karate - [print] [
  "http://www.opengis.net/def/crs/EPSG/0/25831"
]

04:24:00.021 [ForkJoinPool-1-worker-5] INFO  com.intuit.karate - [print]
04:24:00.023 [ForkJoinPool-1-worker-13] INFO  com.intuit.karate - [print] [
  "http://www.opengis.net/def/crs/EPSG/0/25832"
]

04:24:00.024 [ForkJoinPool-1-worker-5] INFO  com.intuit.karate - [print] testing xlinkurl:http://www.opengis.net/def/crs/EPSG/0/25831
04:24:00.026 [ForkJoinPool-1-worker-13] INFO  com.intuit.karate - [print]
04:24:00.027 [ForkJoinPool-1-worker-13] INFO  com.intuit.karate - [print] testing xlinkurl:http://www.opengis.net/def/crs/EPSG/0/25832
04:24:00.128 [ForkJoinPool-1-worker-7] INFO  com.intuit.karate - [print] [
  "http://www.opengis.net/def/crs/EPSG/0/28992"
]

04:24:00.133 [ForkJoinPool-1-worker-7] INFO  com.intuit.karate - [print]
04:24:00.133 [ForkJoinPool-1-worker-7] INFO  com.intuit.karate - [print] testing xlinkurl:http://www.opengis.net/def/crs/EPSG/0/28992
04:24:00.139 [ForkJoinPool-1-worker-3] INFO  com.intuit.karate - [print] [
  "http://www.opengis.net/def/crs/EPSG/0/EPSG:4326"
]

04:24:00.143 [ForkJoinPool-1-worker-3] INFO  com.intuit.karate - [print]
04:24:00.143 [ForkJoinPool-1-worker-3] INFO  com.intuit.karate - [print] testing xlinkurl:http://www.opengis.net/def/crs/EPSG/0/EPSG:4326
04:24:01.142 [ForkJoinPool-1-worker-5] INFO  com.intuit.karate - [print] [
  "http://www.opengis.net/def/crs/EPSG/0/EPSG:28992"
]

04:24:01.144 [ForkJoinPool-1-worker-13] INFO  com.intuit.karate - [print] [
  "http://www.opengis.net/def/crs/EPSG/0/epsg:28992"
]

04:24:01.146 [ForkJoinPool-1-worker-5] INFO  com.intuit.karate - [print]
04:24:01.146 [ForkJoinPool-1-worker-5] INFO  com.intuit.karate - [print] testing xlinkurl:http://www.opengis.net/def/crs/EPSG/0/EPSG:28992
04:24:01.149 [ForkJoinPool-1-worker-13] INFO  com.intuit.karate - [print]
04:24:01.150 [ForkJoinPool-1-worker-13] INFO  com.intuit.karate - [print] testing xlinkurl:http://www.opengis.net/def/crs/EPSG/0/epsg:28992
04:24:02.114 [ForkJoinPool-1-worker-11] INFO  com.intuit.karate - [print] [
  "http://www.opengis.net/def/serviceType/ogc/wcs"
]

04:24:02.118 [ForkJoinPool-1-worker-11] INFO  com.intuit.karate - [print]
04:24:02.118 [ForkJoinPool-1-worker-11] INFO  com.intuit.karate - [print] testing xlinkurl:http://www.opengis.net/def/serviceType/ogc/wcs
04:24:02.138 [ForkJoinPool-1-worker-5] INFO  com.intuit.karate - [print] [
  "http://www.opengis.net/def/serviceType/ogc/wfs"
]

04:24:02.141 [ForkJoinPool-1-worker-5] INFO  com.intuit.karate - [print]
04:24:02.142 [ForkJoinPool-1-worker-5] INFO  com.intuit.karate - [print] testing xlinkurl:http://www.opengis.net/def/serviceType/ogc/wfs
04:24:02.142 [ForkJoinPool-1-worker-3] INFO  com.intuit.karate - [print] [
  "http://www.opengis.net/def/serviceType/ogc/wms"
]

04:24:02.144 [ForkJoinPool-1-worker-13] INFO  com.intuit.karate - [print] [
  "http://www.opengis.net/def/serviceType/ogc/wmts"
]

04:24:02.145 [ForkJoinPool-1-worker-3] INFO  com.intuit.karate - [print]
04:24:02.147 [ForkJoinPool-1-worker-7] INFO  com.intuit.karate - [print] [
  "http://www.wur.nl/nl/Expertises-Dienstverlening/Onderzoeksinstituten/Environmental-Research.htm"
]

04:24:02.148 [ForkJoinPool-1-worker-3] INFO  com.intuit.karate - [print] testing xlinkurl:http://www.opengis.net/def/serviceType/ogc/wms
04:24:02.150 [ForkJoinPool-1-worker-7] INFO  com.intuit.karate - [print]
04:24:02.150 [ForkJoinPool-1-worker-7] INFO  com.intuit.karate - [print] testing xlinkurl:http://www.wur.nl/nl/Expertises-Dienstverlening/Onderzoeksinstituten/Environmental-Research.htm
04:24:02.151 [ForkJoinPool-1-worker-13] INFO  com.intuit.karate - [print]
04:24:02.152 [ForkJoinPool-1-worker-13] INFO  com.intuit.karate - [print] testing xlinkurl:http://www.opengis.net/def/serviceType/ogc/wmts
04:24:02.296 [ForkJoinPool-1-worker-9] INFO  com.intuit.karate - [print] [
  "https://ec.europa.eu/eurostat/web/health/data/database"
]

04:24:02.302 [ForkJoinPool-1-worker-9] INFO  com.intuit.karate - [print]
04:24:02.303 [ForkJoinPool-1-worker-9] INFO  com.intuit.karate - [print] testing xlinkurl:https://ec.europa.eu/eurostat/web/health/data/database
04:24:03.037 [ForkJoinPool-1-worker-11] INFO  com.intuit.karate - [print] [
  "https://geodata.cbs.nl/files/INSPIRE"
]

04:24:03.041 [ForkJoinPool-1-worker-11] INFO  com.intuit.karate - [print]
04:24:03.041 [ForkJoinPool-1-worker-11] INFO  com.intuit.karate - [print] testing xlinkurl:https://geodata.cbs.nl/files/INSPIRE
04:24:03.130 [ForkJoinPool-1-worker-9] INFO  com.intuit.karate - [print] [
  "https://geodata.nationaalgeoregister.nl/elu/atom/elu.xml"
]

04:24:03.134 [ForkJoinPool-1-worker-9] INFO  com.intuit.karate - [print]
04:24:03.135 [ForkJoinPool-1-worker-9] INFO  com.intuit.karate - [print] testing xlinkurl:https://geodata.nationaalgeoregister.nl/elu/atom/elu.xml
04:24:03.149 [ForkJoinPool-1-worker-7] INFO  com.intuit.karate - [print] [
  "https://inspire.ec.europa.eu/id/document/tg/au"
]

04:24:03.152 [ForkJoinPool-1-worker-7] INFO  com.intuit.karate - [print]
04:24:03.153 [ForkJoinPool-1-worker-7] INFO  com.intuit.karate - [print] testing xlinkurl:https://inspire.ec.europa.eu/id/document/tg/au
04:24:03.220 [ForkJoinPool-1-worker-5] INFO  com.intuit.karate - [print] [
  "https://inspire.ec.europa.eu/id/document/tg/of"
]

04:24:03.224 [ForkJoinPool-1-worker-5] INFO  com.intuit.karate - [print]
04:24:03.225 [ForkJoinPool-1-worker-5] INFO  com.intuit.karate - [print] testing xlinkurl:https://inspire.ec.europa.eu/id/document/tg/of
04:24:03.246 [ForkJoinPool-1-worker-13] INFO  com.intuit.karate - [print] [
  "https://inspire.ec.europa.eu/id/document/tg/ps"
]

04:24:03.249 [ForkJoinPool-1-worker-3] INFO  com.intuit.karate - [print] [
  "https://inspire.ec.europa.eu/schemas/ps/4.0/ProtectedSites.xsd"
]

04:24:03.251 [ForkJoinPool-1-worker-13] INFO  com.intuit.karate - [print]
04:24:03.251 [ForkJoinPool-1-worker-13] INFO  com.intuit.karate - [print] testing xlinkurl:https://inspire.ec.europa.eu/id/document/tg/ps
04:24:03.253 [ForkJoinPool-1-worker-3] INFO  com.intuit.karate - [print]
04:24:03.254 [ForkJoinPool-1-worker-3] INFO  com.intuit.karate - [print] testing xlinkurl:https://inspire.ec.europa.eu/schemas/ps/4.0/ProtectedSites.xsd
04:24:03.632 [ForkJoinPool-1-worker-9] INFO  com.intuit.karate - [print] [
  "https://ngr.geocat.live/geonetwork/srv/eng/thesaurus.download?ref=external.theme.httpinspireeceuropaeumetadatacodelistSpatialScope-SpatialScope"
]

04:24:03.636 [ForkJoinPool-1-worker-9] INFO  com.intuit.karate - [print]
04:24:03.636 [ForkJoinPool-1-worker-9] INFO  com.intuit.karate - [print] testing xlinkurl:https://ngr.geocat.live/geonetwork/srv/eng/thesaurus.download?ref=external.theme.httpinspireeceuropaeumetadatacodelistSpatialScope-SpatialScope
04:24:03.688 [ForkJoinPool-1-worker-3] INFO  com.intuit.karate - [print] [
  "https://tools.ietf.org/html/rfc4287"
]

04:24:03.692 [ForkJoinPool-1-worker-3] INFO  com.intuit.karate - [print]
04:24:03.693 [ForkJoinPool-1-worker-3] INFO  com.intuit.karate - [print] testing xlinkurl:https://tools.ietf.org/html/rfc4287
04:24:03.703 [ForkJoinPool-1-worker-7] INFO  com.intuit.karate - [print] [
  "https://tools.ietf.org/html/rfc5023"
]

04:24:03.706 [ForkJoinPool-1-worker-7] INFO  com.intuit.karate - [print]
04:24:03.707 [ForkJoinPool-1-worker-7] INFO  com.intuit.karate - [print] testing xlinkurl:https://tools.ietf.org/html/rfc5023
04:24:03.732 [ForkJoinPool-1-worker-5] INFO  com.intuit.karate - [print] [
  "https://www.cbs.nl/-/media/cbs/dossiers/nederland%20regionaal/wijk-en-buurtstatistieken/shape%202017%20versie%2020.zip"
]

04:24:03.735 [ForkJoinPool-1-worker-5] INFO  com.intuit.karate - [print]
04:24:03.736 [ForkJoinPool-1-worker-5] INFO  com.intuit.karate - [print] testing xlinkurl:https://www.cbs.nl/-/media/cbs/dossiers/nederland%20regionaal/wijk-en-buurtstatistieken/shape%202017%20versie%2020.zip
04:24:03.749 [ForkJoinPool-1-worker-13] INFO  com.intuit.karate - [print] [
  "https://www.cbs.nl/nl-nl/dossier/nederland-regionaal/geografische-data/wijk-en-buurtkaart-2016"
]

04:24:03.752 [ForkJoinPool-1-worker-13] INFO  com.intuit.karate - [print]
04:24:03.752 [ForkJoinPool-1-worker-13] INFO  com.intuit.karate - [print] testing xlinkurl:https://www.cbs.nl/nl-nl/dossier/nederland-regionaal/geografische-data/wijk-en-buurtkaart-2016
04:24:03.775 [ForkJoinPool-1-worker-11] INFO  com.intuit.karate - [print] [
  "https://www.cbs.nl/nl-nl/dossier/nederland-regionaal/geografische-data/wijk-en-buurtkaart-2018"
]

04:24:03.780 [ForkJoinPool-1-worker-11] INFO  com.intuit.karate - [print]
04:24:03.780 [ForkJoinPool-1-worker-11] INFO  com.intuit.karate - [print] testing xlinkurl:https://www.cbs.nl/nl-nl/dossier/nederland-regionaal/geografische-data/wijk-en-buurtkaart-2018
04:24:04.031 [ForkJoinPool-1-worker-9] INFO  com.intuit.karate - [print] [
  "https://www.cbs.nl/nl-nl/dossier/nederland-regionaal/geografische-data/wijk-en-buurtkaart-2019"
]

04:24:04.035 [ForkJoinPool-1-worker-9] INFO  com.intuit.karate - [print]
04:24:04.036 [ForkJoinPool-1-worker-9] INFO  com.intuit.karate - [print] testing xlinkurl:https://www.cbs.nl/nl-nl/dossier/nederland-regionaal/geografische-data/wijk-en-buurtkaart-2019
04:24:04.248 [ForkJoinPool-1-worker-5] INFO  com.intuit.karate - [print] [
  "https://www.iana.org/assignments/media-types/application/gml+xml"
]

04:24:04.255 [ForkJoinPool-1-worker-5] INFO  com.intuit.karate - [print]
04:24:04.256 [ForkJoinPool-1-worker-5] INFO  com.intuit.karate - [print] testing xlinkurl:https://www.iana.org/assignments/media-types/application/gml+xml
04:24:04.267 [ForkJoinPool-1-worker-11] INFO  com.intuit.karate - [print] [
  "https://www.iana.org/assignments/media-types/application/zip"
]

04:24:04.270 [ForkJoinPool-1-worker-11] INFO  com.intuit.karate - [print]
04:24:04.270 [ForkJoinPool-1-worker-11] INFO  com.intuit.karate - [print] testing xlinkurl:https://www.iana.org/assignments/media-types/application/zip
04:24:04.334 [ForkJoinPool-1-worker-13] INFO  com.intuit.karate - [print] [
  "https://www.iana.org/assignments/media-types/image/png"
]

04:24:04.337 [ForkJoinPool-1-worker-13] INFO  com.intuit.karate - [print]
04:24:04.338 [ForkJoinPool-1-worker-13] INFO  com.intuit.karate - [print] testing xlinkurl:https://www.iana.org/assignments/media-types/image/png
04:24:04.435 [ForkJoinPool-1-worker-5] INFO  com.intuit.karate - [print] [
  "https://www.nationaalgeoregister.nl"
]

04:24:04.440 [ForkJoinPool-1-worker-5] INFO  com.intuit.karate - [print]
04:24:04.441 [ForkJoinPool-1-worker-5] INFO  com.intuit.karate - [print] testing xlinkurl:https://www.nationaalgeoregister.nl
04:24:04.443 [ForkJoinPool-1-worker-11] INFO  com.intuit.karate - [print] [
  "https://www.nationaalgeoregister.nl/geonetwork/srv/eng/thesaurus.download?ref=external.theme.httpinspireeceuropaeumetadatacodelistPriorityDataset-PriorityDataset"
]

04:24:04.447 [ForkJoinPool-1-worker-11] INFO  com.intuit.karate - [print]
04:24:04.448 [ForkJoinPool-1-worker-11] INFO  com.intuit.karate - [print] testing xlinkurl:https://www.nationaalgeoregister.nl/geonetwork/srv/eng/thesaurus.download?ref=external.theme.httpinspireeceuropaeumetadatacodelistPriorityDataset-PriorityDataset
04:24:04.457 [ForkJoinPool-1-worker-9] INFO  com.intuit.karate - [print] [
  "https://www.nationaalgeoregister.nl/geonetwork/srv/eng/thesaurus.download?ref=external.theme.httpinspireeceuropaeumetadatacodelistSpatialScope-SpatialScope"
]

04:24:04.460 [ForkJoinPool-1-worker-9] INFO  com.intuit.karate - [print]
04:24:04.460 [ForkJoinPool-1-worker-9] INFO  com.intuit.karate - [print] testing xlinkurl:https://www.nationaalgeoregister.nl/geonetwork/srv/eng/thesaurus.download?ref=external.theme.httpinspireeceuropaeumetadatacodelistSpatialScope-SpatialScope
04:24:04.513 [ForkJoinPool-1-worker-13] INFO  com.intuit.karate - [print] [
  "https://www.nationaalgeoregister.nl/geonetwork/srv/eng/thesaurus.download?ref=external.theme.httpinspireeceuropaeutheme-theme"
]

04:24:04.519 [ForkJoinPool-1-worker-13] INFO  com.intuit.karate - [print]
04:24:04.520 [ForkJoinPool-1-worker-13] INFO  com.intuit.karate - [print] testing xlinkurl:https://www.nationaalgeoregister.nl/geonetwork/srv/eng/thesaurus.download?ref=external.theme.httpinspireeceuropaeutheme-theme
04:24:04.963 [ForkJoinPool-1-worker-9] INFO  com.intuit.karate - [print] [
  "https://www.nationaalgeoregister.nl:443/geonetwork/srv/eng/thesaurus.download?ref=external.theme.httpinspireeceuropaeuapplicationschema-applicationschema"
]

04:24:04.964 [ForkJoinPool-1-worker-13] INFO  com.intuit.karate - [print] [
  "https://www.nationaalgeoregister.nl:443/geonetwork/srv/eng/thesaurus.download?ref=external.theme.httpinspireeceuropaeumetadatacodelistPriorityDataset-PriorityDataset"
]

04:24:04.967 [ForkJoinPool-1-worker-9] INFO  com.intuit.karate - [print]
04:24:04.967 [ForkJoinPool-1-worker-9] INFO  com.intuit.karate - [print] testing xlinkurl:https://www.nationaalgeoregister.nl:443/geonetwork/srv/eng/thesaurus.download?ref=external.theme.httpinspireeceuropaeuapplicationschema-applicationschema
04:24:04.970 [ForkJoinPool-1-worker-11] INFO  com.intuit.karate - [print] [
  "https://www.nationaalgeoregister.nl:443/geonetwork/srv/eng/thesaurus.download?ref=external.theme.httpinspireeceuropaeumetadatacodelistSpatialScope-SpatialScope"
]

04:24:04.976 [ForkJoinPool-1-worker-11] INFO  com.intuit.karate - [print]
04:24:04.977 [ForkJoinPool-1-worker-11] INFO  com.intuit.karate - [print] testing xlinkurl:https://www.nationaalgeoregister.nl:443/geonetwork/srv/eng/thesaurus.download?ref=external.theme.httpinspireeceuropaeumetadatacodelistSpatialScope-SpatialScope
04:24:04.981 [ForkJoinPool-1-worker-13] INFO  com.intuit.karate - [print]
04:24:04.982 [ForkJoinPool-1-worker-13] INFO  com.intuit.karate - [print] testing xlinkurl:https://www.nationaalgeoregister.nl:443/geonetwork/srv/eng/thesaurus.download?ref=external.theme.httpinspireeceuropaeumetadatacodelistPriorityDataset-PriorityDataset
04:24:05.186 [ForkJoinPool-1-worker-5] INFO  com.intuit.karate - [print] [
  "https://www.nationaalgeoregister.nl:443/geonetwork/srv/eng/thesaurus.download?ref=external.theme.httpinspireeceuropaeutheme-theme"
]

04:24:05.191 [ForkJoinPool-1-worker-5] INFO  com.intuit.karate - [print]
04:24:05.192 [ForkJoinPool-1-worker-5] INFO  com.intuit.karate - [print] testing xlinkurl:https://www.nationaalgeoregister.nl:443/geonetwork/srv/eng/thesaurus.download?ref=external.theme.httpinspireeceuropaeutheme-theme
04:24:05.986 [pool-1-thread-1] INFO  com.intuit.karate.Runner - <<pass>> feature 1 of 9: classpath:InspireTest/ngr/datasetrecords/check-known-links.feature
---------------------------------------------------------
feature: classpath:InspireTest/ngr/datasetrecords/check-known-links.feature
report: target/surefire-reports/InspireTest.ngr.datasetrecords.check-known-links.json
scenarios: 174 | passed: 174 | failed:  0 | time: 577.6142
---------------------------------------------------------
04:24:06.096 [ForkJoinPool-1-worker-9] INFO  com.intuit.karate - [print] title:Grondwater Monitoring Net
04:24:06.096 [ForkJoinPool-1-worker-9] INFO  com.intuit.karate - [print] Grondwater Monitoring Net
04:24:06.098 [ForkJoinPool-1-worker-13] INFO  com.intuit.karate - [print] title:Nationale Parken (INSPIRE Geharmoniseerd)
04:24:06.100 [ForkJoinPool-1-worker-11] INFO  com.intuit.karate - [print] title:Habitatrichtlijn verspreiding van habitattypen
04:24:06.102 [ForkJoinPool-1-worker-11] INFO  com.intuit.karate - [print] Habitatrichtlijn verspreiding van habitattypen
04:24:06.102 [ForkJoinPool-1-worker-13] INFO  com.intuit.karate - [print] Nationale Parken (INSPIRE Geharmoniseerd)
04:24:06.108 [ForkJoinPool-1-worker-11] INFO  com.intuit.karate - [print] [
  "geodatabeheer.giscc@rvo.nl",
  "GeoDesk.CGI@wur.nl",
  "geodatabeheer.giscc@rvo.nl",
  "beheerPDOK@kadaster.nl",
  ""
]

04:24:06.109 [ForkJoinPool-1-worker-9] INFO  com.intuit.karate - [print] [
  "info@bro.nl",
  "Info@bro.nl",
  "info@dinoloket.nl"
]

04:24:06.113 [ForkJoinPool-1-worker-13] INFO  com.intuit.karate - [print] [
  "geodatabeheer.giscc@rvo.nl",
  "geodatabeheer.giscc@rvo.nl",
  "info@minlnv.nl",
  "",
  "",
  ""
]

04:24:06.140 [ForkJoinPool-1-worker-9] INFO  com.intuit.karate - [print] organisation: [
  "TNO Geologische Dienst Nederland",
  "TNO Geologische Dienst Nederland",
  "TNO Geologische Dienst Nederland"
]

04:24:06.140 [ForkJoinPool-1-worker-11] INFO  com.intuit.karate - [print] organisation: [
  "Ministerie van Economische Zaken - GIS Competence Center",
  "Wageningen Environmental Research (Alterra)",
  "PDOK",
  "Alterra"
]

04:24:06.161 [ForkJoinPool-1-worker-13] INFO  com.intuit.karate - [print] organisation: no organisationName found in dataset record
04:24:06.191 [ForkJoinPool-1-worker-5] INFO  com.intuit.karate - [print] title:Bodemgebruik
04:24:06.200 [ForkJoinPool-1-worker-5] INFO  com.intuit.karate - [print] Bodemgebruik
04:24:06.209 [ForkJoinPool-1-worker-5] INFO  com.intuit.karate - [print] [
  "PPB-GVA@kadaster.nl",
  "kcc@kadaster.nl",
  "kcc@kadaster.nl"
]

04:24:06.213 [ForkJoinPool-1-worker-5] INFO  com.intuit.karate - [print] organisation: [
  "Kadaster",
  "Kadaster",
  "Kadaster"
]

04:24:06.304 [ForkJoinPool-1-worker-7] INFO  com.intuit.karate - [print] title:Vervoersnetwerken - Spoorwegen (INSPIRE geharmoniseerd)
04:24:06.307 [ForkJoinPool-1-worker-7] INFO  com.intuit.karate - [print] Vervoersnetwerken - Spoorwegen (INSPIRE geharmoniseerd)
04:24:06.311 [ForkJoinPool-1-worker-7] INFO  com.intuit.karate - [print] [
  "PPB-GVA@kadaster.nl",
  "kcc@kadaster.nl"
]

04:24:06.324 [ForkJoinPool-1-worker-7] INFO  com.intuit.karate - [print] organisation: [
  "Kadaster",
  "Kadaster"
]

04:24:06.330 [ForkJoinPool-1-worker-13] INFO  com.intuit.karate - [print] [
  "http://standaarden.overheid.nl/owms/terms/Ministerie_van_Landbouw,_Natuur_en_Voedselkwaliteit",
  "http://nationaalgeoregister.nl/geonetwork/srv/dut/catalog.search#/metadata/247a1d15-0a67-40ce-85be-1403c08f15a8",
  "http://standaarden.overheid.nl/owms/terms/Ministerie_van_Landbouw,_Natuur_en_Voedselkwaliteit",
  "http://standaarden.overheid.nl/owms/terms/Ministerie_van_Landbouw,_Natuur_en_Voedselkwaliteit",
  "xlink:href=https://inspire.ec.europa.eu/id/document/tg/ps",
  "https://data.overheid.nl/organisatie/PDOK"
]

04:24:06.324 [ForkJoinPool-1-worker-5] INFO  com.intuit.karate - [print] [
  "http://kadaster/06b6c650-cdb1-11dd-ad8b-0800200c9a78"
]

04:24:06.337 [ForkJoinPool-1-worker-7] INFO  com.intuit.karate - [print] [
  "http://www.opengis.net/def/crs/EPSG/0/http://www.opengis.net/def/crs/EPSG/0/4258",
  "http://kadaster/cb4edbd2-2dca-4d44-92bb-b2202048b526"
]

04:24:06.326 [ForkJoinPool-1-worker-11] INFO  com.intuit.karate - [print] [
  "https://www.nationaalgeoregister.nl/geonetwork/srv/dut/catalog.search#/metadata/977e0e94-7aa9-4784-b2da-eaec44adb61b",
  "http://standaarden.overheid.nl/owms/terms/Ministerie_van_Landbouw,_Natuur_en_Voedselkwaliteit"
]

04:24:06.326 [ForkJoinPool-1-worker-9] INFO  com.intuit.karate - [print] [
  "https://nationaalgeoregister.nl/geonetwork/srv/resourcesff07bd5a-d6eb-11ea-87d0-0242ac130003",
  "https://www.nationaalgeoregister.nl/geonetwork/srv/eng/thesaurus.download?ref=external.theme.inspire-theme"
]

04:24:06.357 [ForkJoinPool-1-worker-11] INFO  com.intuit.karate - [print]
04:24:06.357 [ForkJoinPool-1-worker-11] INFO  com.intuit.karate - [print] testing xlinkurl:https://www.nationaalgeoregister.nl/geonetwork/srv/dut/catalog.search#/metadata/977e0e94-7aa9-4784-b2da-eaec44adb61b
04:24:06.341 [ForkJoinPool-1-worker-13] INFO  com.intuit.karate - [print]
04:24:06.360 [ForkJoinPool-1-worker-13] INFO  com.intuit.karate - [print] testing xlinkurl:http://standaarden.overheid.nl/owms/terms/Ministerie_van_Landbouw,_Natuur_en_Voedselkwaliteit
04:24:06.341 [ForkJoinPool-1-worker-5] INFO  com.intuit.karate - [print]
04:24:06.363 [ForkJoinPool-1-worker-5] INFO  com.intuit.karate - [print] testing xlinkurl:http://kadaster/06b6c650-cdb1-11dd-ad8b-0800200c9a78
04:24:06.359 [ForkJoinPool-1-worker-9] INFO  com.intuit.karate - [print]
04:24:06.369 [ForkJoinPool-1-worker-9] INFO  com.intuit.karate - [print] testing xlinkurl:https://nationaalgeoregister.nl/geonetwork/srv/resourcesff07bd5a-d6eb-11ea-87d0-0242ac130003
04:24:06.373 [ForkJoinPool-1-worker-7] INFO  com.intuit.karate - [print]
04:24:06.376 [ForkJoinPool-1-worker-7] INFO  com.intuit.karate - [print] testing xlinkurl:http://www.opengis.net/def/crs/EPSG/0/http://www.opengis.net/def/crs/EPSG/0/4258
04:24:06.377 [ForkJoinPool-1-worker-3] INFO  com.intuit.karate - [print] title:Zeegebieden
04:24:06.378 [ForkJoinPool-1-worker-3] INFO  com.intuit.karate - [print] Zeegebieden
04:24:06.392 [ForkJoinPool-1-worker-3] INFO  com.intuit.karate - [print] [
  "PPB-GVA@kadaster.nl",
  "kcc@kadaster.nl",
  "kcc@kadaster.nl"
]

04:24:06.395 [ForkJoinPool-1-worker-5] ERROR com.intuit.karate - java.net.UnknownHostException: kadaster: Temporary failure in name resolution, http call failed after 31 milliseconds for URL: http://kadaster/06b6c650-cdb1-11dd-ad8b-0800200c9a78
04:24:06.395 [ForkJoinPool-1-worker-5] ERROR com.intuit.karate - http request failed: 
java.net.UnknownHostException: kadaster: Temporary failure in name resolution
04:24:06.395 [ForkJoinPool-1-worker-5] ERROR com.intuit.karate - feature call (loop) failed at index: 0
caller: classpath:InspireTest/ngr/datasetrecords/def/checkxlinkurl.template.feature
arg: {"link":"http://kadaster/06b6c650-cdb1-11dd-ad8b-0800200c9a78"}
checkxlinkurl.template.feature:14 - 
java.net.UnknownHostException: kadaster: Temporary failure in name resolution
04:24:06.401 [ForkJoinPool-1-worker-3] INFO  com.intuit.karate - [print] organisation: [
  "Kadaster",
  "Kadaster",
  "Kadaster"
]

04:24:06.407 [ForkJoinPool-1-worker-3] INFO  com.intuit.karate - [print] [
  "http://kadaster/7c22107ea-5e31-4bbc-8e24-d15fe230062e"
]

04:24:06.420 [ForkJoinPool-1-worker-3] INFO  com.intuit.karate - [print]
04:24:06.421 [ForkJoinPool-1-worker-3] INFO  com.intuit.karate - [print] testing xlinkurl:http://kadaster/7c22107ea-5e31-4bbc-8e24-d15fe230062e
04:24:06.422 [ForkJoinPool-1-worker-3] ERROR com.intuit.karate - java.net.UnknownHostException: kadaster, http call failed after 0 milliseconds for URL: http://kadaster/7c22107ea-5e31-4bbc-8e24-d15fe230062e
04:24:06.425 [ForkJoinPool-1-worker-3] ERROR com.intuit.karate - http request failed: 
java.net.UnknownHostException: kadaster
04:24:06.426 [ForkJoinPool-1-worker-3] ERROR com.intuit.karate - feature call (loop) failed at index: 0
caller: classpath:InspireTest/ngr/datasetrecords/def/checkxlinkurl.template.feature
arg: {"link":"http://kadaster/7c22107ea-5e31-4bbc-8e24-d15fe230062e"}
checkxlinkurl.template.feature:14 - 
java.net.UnknownHostException: kadaster
04:24:06.649 [ForkJoinPool-1-worker-9] ERROR com.intuit.karate - status code was: 404, expected: 200, response time: 279, url: https://nationaalgeoregister.nl/geonetwork/srv/resourcesff07bd5a-d6eb-11ea-87d0-0242ac130003, response: 
04:24:06.649 [ForkJoinPool-1-worker-9] ERROR com.intuit.karate - feature call (loop) failed at index: 0
caller: classpath:InspireTest/ngr/datasetrecords/def/checkxlinkurl.template.feature
arg: {"link":"https://nationaalgeoregister.nl/geonetwork/srv/resourcesff07bd5a-d6eb-11ea-87d0-0242ac130003"}
checkxlinkurl.template.feature:15 - status code was: 404, expected: 200, response time: 279, url: https://nationaalgeoregister.nl/geonetwork/srv/resourcesff07bd5a-d6eb-11ea-87d0-0242ac130003, response: 
04:24:06.650 [ForkJoinPool-1-worker-9] INFO  com.intuit.karate - [print]
04:24:06.652 [ForkJoinPool-1-worker-9] INFO  com.intuit.karate - [print] testing xlinkurl:https://www.nationaalgeoregister.nl/geonetwork/srv/eng/thesaurus.download?ref=external.theme.inspire-theme
04:24:06.675 [ForkJoinPool-1-worker-7] INFO  com.intuit.karate - [print]
04:24:06.675 [ForkJoinPool-1-worker-7] INFO  com.intuit.karate - [print] testing xlinkurl:http://kadaster/cb4edbd2-2dca-4d44-92bb-b2202048b526
04:24:06.676 [ForkJoinPool-1-worker-7] ERROR com.intuit.karate - java.net.UnknownHostException: kadaster, http call failed after 0 milliseconds for URL: http://kadaster/cb4edbd2-2dca-4d44-92bb-b2202048b526
04:24:06.676 [ForkJoinPool-1-worker-7] ERROR com.intuit.karate - http request failed: 
java.net.UnknownHostException: kadaster
04:24:06.676 [ForkJoinPool-1-worker-7] ERROR com.intuit.karate - feature call (loop) failed at index: 1
caller: classpath:InspireTest/ngr/datasetrecords/def/checkxlinkurl.template.feature
arg: {"link":"http://kadaster/cb4edbd2-2dca-4d44-92bb-b2202048b526"}
checkxlinkurl.template.feature:14 - 
java.net.UnknownHostException: kadaster
04:24:06.800 [ForkJoinPool-1-worker-11] INFO  com.intuit.karate - [print]
04:24:06.801 [ForkJoinPool-1-worker-11] INFO  com.intuit.karate - [print] testing xlinkurl:http://standaarden.overheid.nl/owms/terms/Ministerie_van_Landbouw,_Natuur_en_Voedselkwaliteit
04:24:06.880 [ForkJoinPool-1-worker-13] INFO  com.intuit.karate - [print]
04:24:06.881 [ForkJoinPool-1-worker-13] INFO  com.intuit.karate - [print] testing xlinkurl:http://nationaalgeoregister.nl/geonetwork/srv/dut/catalog.search#/metadata/247a1d15-0a67-40ce-85be-1403c08f15a8
04:24:06.950 [ForkJoinPool-1-worker-5] INFO  com.intuit.karate - [print] title:Monitoring stations (Nitraatrichtlijn) ondiepe filters
04:24:06.961 [ForkJoinPool-1-worker-5] INFO  com.intuit.karate - [print] Monitoring stations (Nitraatrichtlijn) ondiepe filters
04:24:06.963 [ForkJoinPool-1-worker-5] INFO  com.intuit.karate - [print] [
  "geodata@rivm.nl",
  "",
  "geodata@rivm.nl"
]

04:24:06.966 [ForkJoinPool-1-worker-5] INFO  com.intuit.karate - [print] organisation: no organisationName found in dataset record
04:24:06.973 [ForkJoinPool-1-worker-5] INFO  com.intuit.karate - [print] [
  "https://data.rivm.nl/inspire/id#7247293d-2113-44d8-b335-8167b2ec4d1b"
]

04:24:06.979 [ForkJoinPool-1-worker-5] INFO  com.intuit.karate - [print]
04:24:06.988 [ForkJoinPool-1-worker-5] INFO  com.intuit.karate - [print] testing xlinkurl:https://data.rivm.nl/inspire/id#7247293d-2113-44d8-b335-8167b2ec4d1b
04:24:06.999 [ForkJoinPool-1-worker-3] INFO  com.intuit.karate - [print] title:Geografische Namen
04:24:07.000 [ForkJoinPool-1-worker-3] INFO  com.intuit.karate - [print] Geografische Namen
04:24:07.002 [ForkJoinPool-1-worker-3] INFO  com.intuit.karate - [print] [
  "PPB-GVA@kadaster.nl",
  "kcc@kadaster.nl",
  "kcc@kadaster.nl"
]

04:24:07.008 [ForkJoinPool-1-worker-3] INFO  com.intuit.karate - [print] organisation: [
  "Kadaster",
  "Kadaster",
  "Kadaster"
]

04:24:07.015 [ForkJoinPool-1-worker-3] INFO  com.intuit.karate - [print] [
  "http://kadaster/06b6c650-cdb1-11dd-ad8b-0800200c9a79"
]

04:24:07.022 [ForkJoinPool-1-worker-3] INFO  com.intuit.karate - [print]
04:24:07.028 [ForkJoinPool-1-worker-3] INFO  com.intuit.karate - [print] testing xlinkurl:http://kadaster/06b6c650-cdb1-11dd-ad8b-0800200c9a79
04:24:07.030 [ForkJoinPool-1-worker-3] ERROR com.intuit.karate - java.net.UnknownHostException: kadaster, http call failed after 1 milliseconds for URL: http://kadaster/06b6c650-cdb1-11dd-ad8b-0800200c9a79
04:24:07.030 [ForkJoinPool-1-worker-3] ERROR com.intuit.karate - http request failed: 
java.net.UnknownHostException: kadaster
04:24:07.031 [ForkJoinPool-1-worker-3] ERROR com.intuit.karate - feature call (loop) failed at index: 0
caller: classpath:InspireTest/ngr/datasetrecords/def/checkxlinkurl.template.feature
arg: {"link":"http://kadaster/06b6c650-cdb1-11dd-ad8b-0800200c9a79"}
checkxlinkurl.template.feature:14 - 
java.net.UnknownHostException: kadaster
04:24:07.134 [ForkJoinPool-1-worker-13] INFO  com.intuit.karate - [print]
04:24:07.135 [ForkJoinPool-1-worker-13] INFO  com.intuit.karate - [print] testing xlinkurl:http://standaarden.overheid.nl/owms/terms/Ministerie_van_Landbouw,_Natuur_en_Voedselkwaliteit
04:24:07.139 [ForkJoinPool-1-worker-9] ERROR com.intuit.karate - status code was: 500, expected: 200, response time: 485, url: https://www.nationaalgeoregister.nl/geonetwork/srv/eng/thesaurus.download?ref=external.theme.inspire-theme, response: 
04:24:07.139 [ForkJoinPool-1-worker-9] ERROR com.intuit.karate - feature call (loop) failed at index: 1
caller: classpath:InspireTest/ngr/datasetrecords/def/checkxlinkurl.template.feature
arg: {"link":"https://www.nationaalgeoregister.nl/geonetwork/srv/eng/thesaurus.download?ref=external.theme.inspire-theme"}
checkxlinkurl.template.feature:15 - status code was: 500, expected: 200, response time: 485, url: https://www.nationaalgeoregister.nl/geonetwork/srv/eng/thesaurus.download?ref=external.theme.inspire-theme, response: 
04:24:07.298 [ForkJoinPool-1-worker-7] INFO  com.intuit.karate - [print] title:Kaart van de bodemopbouw in Nederland 1:50.000 onder INSPIRE
04:24:07.299 [ForkJoinPool-1-worker-7] INFO  com.intuit.karate - [print] Kaart van de bodemopbouw in Nederland 1:50.000 onder INSPIRE
04:24:07.300 [ForkJoinPool-1-worker-7] INFO  com.intuit.karate - [print] [
  "info@dinoloket.nl",
  "geodesk.cgi@wur.nl",
  "info@dinoloket.nl"
]

04:24:07.302 [ForkJoinPool-1-worker-7] INFO  com.intuit.karate - [print] organisation: [
  "TNO Geologische Dienst Nederland",
  "Alterra, Wageningen UR",
  "TNO Geologische Dienst Nederland"
]

04:24:07.305 [ForkJoinPool-1-worker-7] INFO  com.intuit.karate - [print] [
  "https://ngr.acceptatie.nationaalgeoregister.nl/geonetwork/srv/resourcesbbe3c19d-12b0-4912-a6f4-46eb189e85ac",
  "http://rdfdata.eionet.europa.eu/inspirethemes/themes/16",
  "http://geonetwork-opensource.org/inspire-theme#",
  "https://www.nationaalgeoregister.nl/geonetwork/srv/eng/thesaurus.download?ref=external.theme.inspire-theme"
]

04:24:07.317 [ForkJoinPool-1-worker-7] INFO  com.intuit.karate - [print]
04:24:07.318 [ForkJoinPool-1-worker-7] INFO  com.intuit.karate - [print] testing xlinkurl:https://ngr.acceptatie.nationaalgeoregister.nl/geonetwork/srv/resourcesbbe3c19d-12b0-4912-a6f4-46eb189e85ac
04:24:07.520 [ForkJoinPool-1-worker-5] ERROR com.intuit.karate - javax.net.ssl.SSLException: Connection reset, http call failed after 520 milliseconds for URL: https://data.rivm.nl/inspire/id#7247293d-2113-44d8-b335-8167b2ec4d1b
04:24:07.521 [ForkJoinPool-1-worker-5] ERROR com.intuit.karate - http request failed: 
javax.net.ssl.SSLException: Connection reset
04:24:07.522 [ForkJoinPool-1-worker-5] ERROR com.intuit.karate - feature call (loop) failed at index: 0
caller: classpath:InspireTest/ngr/datasetrecords/def/checkxlinkurl.template.feature
arg: {"link":"https://data.rivm.nl/inspire/id#7247293d-2113-44d8-b335-8167b2ec4d1b"}
checkxlinkurl.template.feature:14 - 
javax.net.ssl.SSLException: Connection reset
04:24:07.643 [ForkJoinPool-1-worker-13] INFO  com.intuit.karate - [print]
04:24:07.644 [ForkJoinPool-1-worker-13] INFO  com.intuit.karate - [print] testing xlinkurl:http://standaarden.overheid.nl/owms/terms/Ministerie_van_Landbouw,_Natuur_en_Voedselkwaliteit
04:24:07.684 [ForkJoinPool-1-worker-9] INFO  com.intuit.karate - [print] title:Habitatrichtlijn verspreiding van soorten
04:24:07.686 [ForkJoinPool-1-worker-3] INFO  com.intuit.karate - [print] title:-Gegevens boormonsterprofiel onder PDOK
04:24:07.689 [ForkJoinPool-1-worker-3] INFO  com.intuit.karate - [print] -Gegevens boormonsterprofiel onder PDOK
04:24:07.691 [ForkJoinPool-1-worker-3] INFO  com.intuit.karate - [print] [
  "info@dinoloket",
  "info@dinoloket.nl"
]

04:24:07.693 [ForkJoinPool-1-worker-3] INFO  com.intuit.karate - [print] organisation: [
  "TNO Geologische Dienst Nederland",
  "TNO Geologische Dienst Nederland"
]

04:24:07.696 [ForkJoinPool-1-worker-9] INFO  com.intuit.karate - [print] Habitatrichtlijn verspreiding van soorten
04:24:07.700 [ForkJoinPool-1-worker-3] INFO  com.intuit.karate - [print] [
  "https://ngr.acceptatie.nationaalgeoregister.nl/geonetwork/srv/resourcesc7662717-9e43-4367-a344-723d73abbb3e"
]

04:24:07.705 [ForkJoinPool-1-worker-9] INFO  com.intuit.karate - [print] [
  "geodatabeheer.giscc@rvo.nl",
  "GeoDesk.CGI@wur.nl",
  "geodatabeheer.giscc@rvo.nl",
  "beheerPDOK@kadaster.nl",
  "",
  "",
  ""
]

04:24:07.715 [ForkJoinPool-1-worker-3] INFO  com.intuit.karate - [print]
04:24:07.722 [ForkJoinPool-1-worker-9] INFO  com.intuit.karate - [print] organisation: [
  "Wageningen Environmental Research (Alterra)",
  "PDOK",
  "CBS",
  "Natuurloket",
  "PGO's"
]

04:24:07.726 [ForkJoinPool-1-worker-9] INFO  com.intuit.karate - [print] [
  "http://standaarden.overheid.nl/owms/terms/Ministerie_van_Landbouw,_Natuur_en_Voedselkwaliteit",
  "https://www.nationaalgeoregister.nl/geonetwork/srv/dut/catalog.search#/metadata/28c4780a-1a44-4376-b283-14a50a481729",
  "http://standaarden.overheid.nl/owms/terms/Ministerie_van_Landbouw,_Natuur_en_Voedselkwaliteit"
]

04:24:07.732 [ForkJoinPool-1-worker-9] INFO  com.intuit.karate - [print]
04:24:07.733 [ForkJoinPool-1-worker-3] INFO  com.intuit.karate - [print] testing xlinkurl:https://ngr.acceptatie.nationaalgeoregister.nl/geonetwork/srv/resourcesc7662717-9e43-4367-a344-723d73abbb3e
04:24:07.738 [ForkJoinPool-1-worker-9] INFO  com.intuit.karate - [print] testing xlinkurl:http://standaarden.overheid.nl/owms/terms/Ministerie_van_Landbouw,_Natuur_en_Voedselkwaliteit
04:24:07.810 [ForkJoinPool-1-worker-7] ERROR com.intuit.karate - status code was: 404, expected: 200, response time: 490, url: https://ngr.acceptatie.nationaalgeoregister.nl/geonetwork/srv/resourcesbbe3c19d-12b0-4912-a6f4-46eb189e85ac, response: 
04:24:07.810 [ForkJoinPool-1-worker-7] ERROR com.intuit.karate - feature call (loop) failed at index: 0
caller: classpath:InspireTest/ngr/datasetrecords/def/checkxlinkurl.template.feature
arg: {"link":"https://ngr.acceptatie.nationaalgeoregister.nl/geonetwork/srv/resourcesbbe3c19d-12b0-4912-a6f4-46eb189e85ac"}
checkxlinkurl.template.feature:15 - status code was: 404, expected: 200, response time: 490, url: https://ngr.acceptatie.nationaalgeoregister.nl/geonetwork/srv/resourcesbbe3c19d-12b0-4912-a6f4-46eb189e85ac, response: 
04:24:07.812 [ForkJoinPool-1-worker-7] INFO  com.intuit.karate - [print]
04:24:07.812 [ForkJoinPool-1-worker-7] INFO  com.intuit.karate - [print] testing xlinkurl:http://rdfdata.eionet.europa.eu/inspirethemes/themes/16
04:24:07.903 [ForkJoinPool-1-worker-11] INFO  com.intuit.karate - [print] title:Emissies naar het riool in 2011 vanuit de industrie
04:24:07.904 [ForkJoinPool-1-worker-11] INFO  com.intuit.karate - [print] Emissies naar het riool in 2011 vanuit de industrie
04:24:07.908 [ForkJoinPool-1-worker-11] INFO  com.intuit.karate - [print] [
  "emissieregistratie@rivm.nl",
  "",
  "emissieregistratie@rivm.nl"
]

04:24:07.910 [ForkJoinPool-1-worker-11] INFO  com.intuit.karate - [print] organisation: no organisationName found in dataset record
04:24:07.921 [ForkJoinPool-1-worker-11] INFO  com.intuit.karate - [print] [
  "https://data.rivm.nl/inspire/id#e6ddc53d-04c4-435d-bedd-a5ace2dc0313"
]

04:24:07.930 [ForkJoinPool-1-worker-11] INFO  com.intuit.karate - [print]
04:24:07.931 [ForkJoinPool-1-worker-11] INFO  com.intuit.karate - [print] testing xlinkurl:https://data.rivm.nl/inspire/id#e6ddc53d-04c4-435d-bedd-a5ace2dc0313
04:24:08.016 [ForkJoinPool-1-worker-3] ERROR com.intuit.karate - status code was: 404, expected: 200, response time: 280, url: https://ngr.acceptatie.nationaalgeoregister.nl/geonetwork/srv/resourcesc7662717-9e43-4367-a344-723d73abbb3e, response: 
04:24:08.017 [ForkJoinPool-1-worker-3] ERROR com.intuit.karate - feature call (loop) failed at index: 0
caller: classpath:InspireTest/ngr/datasetrecords/def/checkxlinkurl.template.feature
arg: {"link":"https://ngr.acceptatie.nationaalgeoregister.nl/geonetwork/srv/resourcesc7662717-9e43-4367-a344-723d73abbb3e"}
checkxlinkurl.template.feature:15 - status code was: 404, expected: 200, response time: 280, url: https://ngr.acceptatie.nationaalgeoregister.nl/geonetwork/srv/resourcesc7662717-9e43-4367-a344-723d73abbb3e, response: 
04:24:08.133 [ForkJoinPool-1-worker-5] INFO  com.intuit.karate - [print] title:Zeegebieden (INSPIRE geharmoniseerd)
04:24:08.133 [ForkJoinPool-1-worker-5] INFO  com.intuit.karate - [print] Zeegebieden (INSPIRE geharmoniseerd)
04:24:08.135 [ForkJoinPool-1-worker-5] INFO  com.intuit.karate - [print] [
  "PPB-GVA@kadaster.nl",
  "kcc@kadaster.nl"
]

04:24:08.137 [ForkJoinPool-1-worker-5] INFO  com.intuit.karate - [print] organisation: [
  "Kadaster",
  "Kadaster"
]

04:24:08.144 [ForkJoinPool-1-worker-5] INFO  com.intuit.karate - [print] [
  "http://www.opengis.net/def/crs/EPSG/0/http://www.opengis.net/def/crs/EPSG/0/4258",
  "http://kadaster/9778afe6-2152-4a8f-ba32-9697625401e3"
]

04:24:08.153 [ForkJoinPool-1-worker-5] INFO  com.intuit.karate - [print]
04:24:08.153 [ForkJoinPool-1-worker-5] INFO  com.intuit.karate - [print] testing xlinkurl:http://www.opengis.net/def/crs/EPSG/0/http://www.opengis.net/def/crs/EPSG/0/4258
04:24:08.163 [ForkJoinPool-1-worker-13] INFO  com.intuit.karate - [print]
04:24:08.163 [ForkJoinPool-1-worker-13] INFO  com.intuit.karate - [print] testing xlinkurl:xlink:href=https://inspire.ec.europa.eu/id/document/tg/ps
04:24:08.164 [ForkJoinPool-1-worker-13] ERROR com.intuit.karate - org.apache.http.client.ClientProtocolException: URI does not specify a valid host name: xlink:href=https://inspire.ec.europa.eu/id/document/tg/ps, http call failed after 0 milliseconds for URL: xlink:href=https://inspire.ec.europa.eu/id/document/tg/ps
04:24:08.164 [ForkJoinPool-1-worker-13] ERROR com.intuit.karate - http request failed: 
org.apache.http.client.ClientProtocolException: URI does not specify a valid host name: xlink:href=https://inspire.ec.europa.eu/id/document/tg/ps
04:24:08.164 [ForkJoinPool-1-worker-13] ERROR com.intuit.karate - feature call (loop) failed at index: 4
caller: classpath:InspireTest/ngr/datasetrecords/def/checkxlinkurl.template.feature
arg: {"link":"xlink:href=https://inspire.ec.europa.eu/id/document/tg/ps"}
checkxlinkurl.template.feature:14 - 
org.apache.http.client.ClientProtocolException: URI does not specify a valid host name: xlink:href=https://inspire.ec.europa.eu/id/document/tg/ps
04:24:08.165 [ForkJoinPool-1-worker-13] INFO  com.intuit.karate - [print]
04:24:08.165 [ForkJoinPool-1-worker-13] INFO  com.intuit.karate - [print] testing xlinkurl:https://data.overheid.nl/organisatie/PDOK
04:24:08.249 [ForkJoinPool-1-worker-9] INFO  com.intuit.karate - [print]
04:24:08.249 [ForkJoinPool-1-worker-9] INFO  com.intuit.karate - [print] testing xlinkurl:https://www.nationaalgeoregister.nl/geonetwork/srv/dut/catalog.search#/metadata/28c4780a-1a44-4376-b283-14a50a481729
04:24:08.306 [ForkJoinPool-1-worker-11] ERROR com.intuit.karate - javax.net.ssl.SSLException: Connection reset, http call failed after 373 milliseconds for URL: https://data.rivm.nl/inspire/id#e6ddc53d-04c4-435d-bedd-a5ace2dc0313
04:24:08.306 [ForkJoinPool-1-worker-11] ERROR com.intuit.karate - http request failed: 
javax.net.ssl.SSLException: Connection reset
04:24:08.306 [ForkJoinPool-1-worker-11] ERROR com.intuit.karate - feature call (loop) failed at index: 0
caller: classpath:InspireTest/ngr/datasetrecords/def/checkxlinkurl.template.feature
arg: {"link":"https://data.rivm.nl/inspire/id#e6ddc53d-04c4-435d-bedd-a5ace2dc0313"}
checkxlinkurl.template.feature:14 - 
javax.net.ssl.SSLException: Connection reset
04:24:08.371 [ForkJoinPool-1-worker-7] ERROR com.intuit.karate - status code was: 404, expected: 200, response time: 553, url: http://rdfdata.eionet.europa.eu/inspirethemes/themes/16, response: 
04:24:08.371 [ForkJoinPool-1-worker-7] ERROR com.intuit.karate - feature call (loop) failed at index: 1
caller: classpath:InspireTest/ngr/datasetrecords/def/checkxlinkurl.template.feature
arg: {"link":"http://rdfdata.eionet.europa.eu/inspirethemes/themes/16"}
checkxlinkurl.template.feature:15 - status code was: 404, expected: 200, response time: 553, url: http://rdfdata.eionet.europa.eu/inspirethemes/themes/16, response: 
04:24:08.373 [ForkJoinPool-1-worker-7] INFO  com.intuit.karate - [print]
04:24:08.375 [ForkJoinPool-1-worker-7] INFO  com.intuit.karate - [print] testing xlinkurl:http://geonetwork-opensource.org/inspire-theme#
04:24:08.507 [ForkJoinPool-1-worker-5] INFO  com.intuit.karate - [print]
04:24:08.508 [ForkJoinPool-1-worker-5] INFO  com.intuit.karate - [print] testing xlinkurl:http://kadaster/9778afe6-2152-4a8f-ba32-9697625401e3
04:24:08.509 [ForkJoinPool-1-worker-5] ERROR com.intuit.karate - java.net.UnknownHostException: kadaster, http call failed after 1 milliseconds for URL: http://kadaster/9778afe6-2152-4a8f-ba32-9697625401e3
04:24:08.509 [ForkJoinPool-1-worker-5] ERROR com.intuit.karate - http request failed: 
java.net.UnknownHostException: kadaster
04:24:08.509 [ForkJoinPool-1-worker-5] ERROR com.intuit.karate - feature call (loop) failed at index: 1
caller: classpath:InspireTest/ngr/datasetrecords/def/checkxlinkurl.template.feature
arg: {"link":"http://kadaster/9778afe6-2152-4a8f-ba32-9697625401e3"}
checkxlinkurl.template.feature:14 - 
java.net.UnknownHostException: kadaster
04:24:08.560 [ForkJoinPool-1-worker-3] INFO  com.intuit.karate - [print] title:Statistical Units Grid
04:24:08.569 [ForkJoinPool-1-worker-3] INFO  com.intuit.karate - [print] Statistical Units Grid
04:24:08.571 [ForkJoinPool-1-worker-3] INFO  com.intuit.karate - [print] [
  "infoservice@cbs.nl",
  "infoservice@cbs.nl",
  "infoservice@cbs.nl",
  "",
  ""
]

04:24:08.574 [ForkJoinPool-1-worker-9] INFO  com.intuit.karate - [print]
04:24:08.574 [ForkJoinPool-1-worker-9] INFO  com.intuit.karate - [print] testing xlinkurl:http://standaarden.overheid.nl/owms/terms/Ministerie_van_Landbouw,_Natuur_en_Voedselkwaliteit
04:24:08.577 [ForkJoinPool-1-worker-3] INFO  com.intuit.karate - [print] organisation: [
  "Statistics Netherlands",
  "Statistics Netherlands",
  "Statistics Netherlandds",
  "Statistics Netherlands"
]

04:24:08.592 [ForkJoinPool-1-worker-3] INFO  com.intuit.karate - [print] [
  "https://geodata.nationaalgeoregister.nl/inspire/su-grid/wfs",
  ""
]

04:24:08.610 [ForkJoinPool-1-worker-3] INFO  com.intuit.karate - [print]
04:24:08.611 [ForkJoinPool-1-worker-3] INFO  com.intuit.karate - [print] testing xlinkurl:https://geodata.nationaalgeoregister.nl/inspire/su-grid/wfs
04:24:08.845 [ForkJoinPool-1-worker-11] INFO  com.intuit.karate - [print] title:Zones en agglomeraties (Richtlijn Luchtkwaliteit) 2013
04:24:08.846 [ForkJoinPool-1-worker-11] INFO  com.intuit.karate - [print] Zones en agglomeraties (Richtlijn Luchtkwaliteit) 2013
04:24:08.848 [ForkJoinPool-1-worker-11] INFO  com.intuit.karate - [print] [
  "geodata@rivm.nl",
  "",
  "geodata@rivm.nl"
]

04:24:08.854 [ForkJoinPool-1-worker-11] INFO  com.intuit.karate - [print] organisation: no organisationName found in dataset record
04:24:08.861 [ForkJoinPool-1-worker-11] INFO  com.intuit.karate - [print] [
  "https://data.rivm.nl/inspire/id#5cb4b489-67c8-44bc-85c5-424a80a53b3b"
]

04:24:08.868 [ForkJoinPool-1-worker-11] INFO  com.intuit.karate - [print]
04:24:08.872 [ForkJoinPool-1-worker-11] INFO  com.intuit.karate - [print] testing xlinkurl:https://data.rivm.nl/inspire/id#5cb4b489-67c8-44bc-85c5-424a80a53b3b
04:24:09.016 [ForkJoinPool-1-worker-3] ERROR com.intuit.karate - status code was: 400, expected: 200, response time: 403, url: https://geodata.nationaalgeoregister.nl/inspire/su-grid/wfs, response: 
04:24:09.016 [ForkJoinPool-1-worker-3] ERROR com.intuit.karate - feature call (loop) failed at index: 0
caller: classpath:InspireTest/ngr/datasetrecords/def/checkxlinkurl.template.feature
arg: {"link":"https://geodata.nationaalgeoregister.nl/inspire/su-grid/wfs"}
checkxlinkurl.template.feature:15 - status code was: 400, expected: 200, response time: 403, url: https://geodata.nationaalgeoregister.nl/inspire/su-grid/wfs, response: 
04:24:09.018 [ForkJoinPool-1-worker-3] INFO  com.intuit.karate - [print]
04:24:09.018 [ForkJoinPool-1-worker-3] INFO  com.intuit.karate - [print] testing xlinkurl:
04:24:09.020 [ForkJoinPool-1-worker-3] ERROR com.intuit.karate - org.apache.http.client.ClientProtocolException, http call failed after 0 milliseconds for URL: 
04:24:09.020 [ForkJoinPool-1-worker-3] ERROR com.intuit.karate - http request failed: 
org.apache.http.client.ClientProtocolException
04:24:09.021 [ForkJoinPool-1-worker-3] ERROR com.intuit.karate - feature call (loop) failed at index: 1
caller: classpath:InspireTest/ngr/datasetrecords/def/checkxlinkurl.template.feature
arg: {"link":""}
checkxlinkurl.template.feature:14 - 
org.apache.http.client.ClientProtocolException
04:24:09.061 [ForkJoinPool-1-worker-5] INFO  com.intuit.karate - [print] title:Geluidkaart Schiphol 2016 (Lden)
04:24:09.062 [ForkJoinPool-1-worker-5] INFO  com.intuit.karate - [print] Geluidkaart Schiphol 2016 (Lden)
04:24:09.063 [ForkJoinPool-1-worker-5] INFO  com.intuit.karate - [print] [
  "sylvia.koolmees@minienw.nl",
  "sylvia.koolmees@minienw.nl"
]

04:24:09.064 [ForkJoinPool-1-worker-5] INFO  com.intuit.karate - [print] organisation: [
  "Ministerie van IenW",
  "Ministerie van IenW"
]

04:24:09.067 [ForkJoinPool-1-worker-5] INFO  com.intuit.karate - [print] [
  "https://www.nationaalgeoregister.nl/geonetwork/srv/api/records83dab947-387b-49df-8ad2-32bb10d46d38"
]

04:24:09.075 [ForkJoinPool-1-worker-5] INFO  com.intuit.karate - [print]
04:24:09.075 [ForkJoinPool-1-worker-5] INFO  com.intuit.karate - [print] testing xlinkurl:https://www.nationaalgeoregister.nl/geonetwork/srv/api/records83dab947-387b-49df-8ad2-32bb10d46d38
04:24:09.083 [ForkJoinPool-1-worker-7] ERROR com.intuit.karate - status code was: 404, expected: 200, response time: 398, url: http://geonetwork-opensource.org/inspire-theme#, response: 
04:24:09.083 [ForkJoinPool-1-worker-7] ERROR com.intuit.karate - feature call (loop) failed at index: 2
caller: classpath:InspireTest/ngr/datasetrecords/def/checkxlinkurl.template.feature
arg: {"link":"http://geonetwork-opensource.org/inspire-theme#"}
checkxlinkurl.template.feature:15 - status code was: 404, expected: 200, response time: 398, url: http://geonetwork-opensource.org/inspire-theme#, response: 
04:24:09.084 [ForkJoinPool-1-worker-7] INFO  com.intuit.karate - [print]
04:24:09.084 [ForkJoinPool-1-worker-7] INFO  com.intuit.karate - [print] testing xlinkurl:https://www.nationaalgeoregister.nl/geonetwork/srv/eng/thesaurus.download?ref=external.theme.inspire-theme
04:24:09.230 [ForkJoinPool-1-worker-11] ERROR com.intuit.karate - javax.net.ssl.SSLException: Connection reset, http call failed after 356 milliseconds for URL: https://data.rivm.nl/inspire/id#5cb4b489-67c8-44bc-85c5-424a80a53b3b
04:24:09.230 [ForkJoinPool-1-worker-11] ERROR com.intuit.karate - http request failed: 
javax.net.ssl.SSLException: Connection reset
04:24:09.230 [ForkJoinPool-1-worker-11] ERROR com.intuit.karate - feature call (loop) failed at index: 0
caller: classpath:InspireTest/ngr/datasetrecords/def/checkxlinkurl.template.feature
arg: {"link":"https://data.rivm.nl/inspire/id#5cb4b489-67c8-44bc-85c5-424a80a53b3b"}
checkxlinkurl.template.feature:14 - 
javax.net.ssl.SSLException: Connection reset
04:24:09.381 [ForkJoinPool-1-worker-13] ERROR com.intuit.karate - status code was: 404, expected: 200, response time: 429, url: https://data.overheid.nl/organisatie/PDOK, response: 
04:24:09.382 [ForkJoinPool-1-worker-13] ERROR com.intuit.karate - feature call (loop) failed at index: 5
caller: classpath:InspireTest/ngr/datasetrecords/def/checkxlinkurl.template.feature
arg: {"link":"https://data.overheid.nl/organisatie/PDOK"}
checkxlinkurl.template.feature:15 - status code was: 404, expected: 200, response time: 429, url: https://data.overheid.nl/organisatie/PDOK, response: 
04:24:09.434 [ForkJoinPool-1-worker-7] ERROR com.intuit.karate - status code was: 500, expected: 200, response time: 349, url: https://www.nationaalgeoregister.nl/geonetwork/srv/eng/thesaurus.download?ref=external.theme.inspire-theme, response: 
04:24:09.436 [ForkJoinPool-1-worker-7] ERROR com.intuit.karate - feature call (loop) failed at index: 3
caller: classpath:InspireTest/ngr/datasetrecords/def/checkxlinkurl.template.feature
arg: {"link":"https://www.nationaalgeoregister.nl/geonetwork/srv/eng/thesaurus.download?ref=external.theme.inspire-theme"}
checkxlinkurl.template.feature:15 - status code was: 500, expected: 200, response time: 349, url: https://www.nationaalgeoregister.nl/geonetwork/srv/eng/thesaurus.download?ref=external.theme.inspire-theme, response: 
04:24:09.619 [ForkJoinPool-1-worker-5] ERROR com.intuit.karate - status code was: 500, expected: 200, response time: 543, url: https://www.nationaalgeoregister.nl/geonetwork/srv/api/records83dab947-387b-49df-8ad2-32bb10d46d38, response: 
04:24:09.619 [ForkJoinPool-1-worker-5] ERROR com.intuit.karate - feature call (loop) failed at index: 0
caller: classpath:InspireTest/ngr/datasetrecords/def/checkxlinkurl.template.feature
arg: {"link":"https://www.nationaalgeoregister.nl/geonetwork/srv/api/records83dab947-387b-49df-8ad2-32bb10d46d38"}
checkxlinkurl.template.feature:15 - status code was: 500, expected: 200, response time: 543, url: https://www.nationaalgeoregister.nl/geonetwork/srv/api/records83dab947-387b-49df-8ad2-32bb10d46d38, response: 
04:24:09.626 [ForkJoinPool-1-worker-3] INFO  com.intuit.karate - [print] title:Vervoersnetwerken - Waterwegen (INSPIRE geharmoniseerd)
04:24:09.627 [ForkJoinPool-1-worker-3] INFO  com.intuit.karate - [print] Vervoersnetwerken - Waterwegen (INSPIRE geharmoniseerd)
04:24:09.628 [ForkJoinPool-1-worker-3] INFO  com.intuit.karate - [print] [
  "PPB-GVA@kadaster.nl",
  "kcc@kadaster.nl"
]

04:24:09.630 [ForkJoinPool-1-worker-3] INFO  com.intuit.karate - [print] organisation: [
  "Kadaster",
  "Kadaster"
]

04:24:09.638 [ForkJoinPool-1-worker-3] INFO  com.intuit.karate - [print] [
  "http://www.opengis.net/def/crs/EPSG/0/http://www.opengis.net/def/crs/EPSG/0/4258",
  "http://kadaster/ff1d6d44-aea1-4ad5-b084-9afea143f1bf"
]

04:24:09.648 [ForkJoinPool-1-worker-3] INFO  com.intuit.karate - [print]
04:24:09.651 [ForkJoinPool-1-worker-3] INFO  com.intuit.karate - [print] testing xlinkurl:http://www.opengis.net/def/crs/EPSG/0/http://www.opengis.net/def/crs/EPSG/0/4258
04:24:09.765 [ForkJoinPool-1-worker-9] INFO  com.intuit.karate - [print] title:Emissies naar het riool in 2015 vanuit de industrie
04:24:09.766 [ForkJoinPool-1-worker-9] INFO  com.intuit.karate - [print] Emissies naar het riool in 2015 vanuit de industrie
04:24:09.767 [ForkJoinPool-1-worker-9] INFO  com.intuit.karate - [print] [
  "emissieregistratie@rivm.nl",
  "",
  "emissieregistratie@rivm.nl"
]

04:24:09.769 [ForkJoinPool-1-worker-9] INFO  com.intuit.karate - [print] organisation: no organisationName found in dataset record
04:24:09.776 [ForkJoinPool-1-worker-9] INFO  com.intuit.karate - [print] [
  "https://data.rivm.nl/inspire/id#64d546c9-71d4-4c84-a04c-61c5d0734f65"
]

04:24:09.782 [ForkJoinPool-1-worker-9] INFO  com.intuit.karate - [print]
04:24:09.786 [ForkJoinPool-1-worker-9] INFO  com.intuit.karate - [print] testing xlinkurl:https://data.rivm.nl/inspire/id#64d546c9-71d4-4c84-a04c-61c5d0734f65
04:24:09.858 [ForkJoinPool-1-worker-11] INFO  com.intuit.karate - [print] title:Geluidbelasting rijkswegen in Nederland 2011 (24-uurs gemiddelde)
04:24:09.864 [ForkJoinPool-1-worker-11] INFO  com.intuit.karate - [print] Geluidbelasting rijkswegen in Nederland 2011 (24-uurs gemiddelde)
04:24:09.865 [ForkJoinPool-1-worker-11] INFO  com.intuit.karate - [print] [
  "servicedesk-data@rijkswaterstaat.nl",
  "servicedesk-data@rijkswaterstaat.nl",
  "",
  "servicedesk-data@rijkswaterstaat.nl",
  "servicedesk-data@rijkswaterstaat.nl"
]

04:24:09.868 [ForkJoinPool-1-worker-11] INFO  com.intuit.karate - [print] organisation: [
  "Rijkswaterstaat",
  "Rijkswaterstaat",
  "",
  "Rijkswaterstaat",
  "Rijkswaterstaat"
]

04:24:09.872 [ForkJoinPool-1-worker-11] INFO  com.intuit.karate - [print] [
  "https://www.nationaalgeoregister.nl/geonetwork/srv/dut/catalog.search#/metadata/8de2f5eb-b09f-4f6d-8397-8878a1b86238",
  "http://rdfdata.eionet.europa.eu/inspirethemes/themes/18",
  "https://ngr.geocat.live/geonetwork/srv/eng/thesaurus.download?ref=external.theme.httpinspireeceuropaeumetadatacodelistPrioritydataset-Prioritydataset",
  "urn:ogc:def:crs:EPSG::5709"
]

04:24:09.891 [ForkJoinPool-1-worker-11] INFO  com.intuit.karate - [print]
04:24:09.893 [ForkJoinPool-1-worker-11] INFO  com.intuit.karate - [print] testing xlinkurl:https://www.nationaalgeoregister.nl/geonetwork/srv/dut/catalog.search#/metadata/8de2f5eb-b09f-4f6d-8397-8878a1b86238
04:24:09.945 [ForkJoinPool-1-worker-3] INFO  com.intuit.karate - [print]
04:24:09.945 [ForkJoinPool-1-worker-3] INFO  com.intuit.karate - [print] testing xlinkurl:http://kadaster/ff1d6d44-aea1-4ad5-b084-9afea143f1bf
04:24:09.947 [ForkJoinPool-1-worker-3] ERROR com.intuit.karate - java.net.UnknownHostException: kadaster, http call failed after 0 milliseconds for URL: http://kadaster/ff1d6d44-aea1-4ad5-b084-9afea143f1bf
04:24:09.948 [ForkJoinPool-1-worker-3] ERROR com.intuit.karate - http request failed: 
java.net.UnknownHostException: kadaster
04:24:09.948 [ForkJoinPool-1-worker-3] ERROR com.intuit.karate - feature call (loop) failed at index: 1
caller: classpath:InspireTest/ngr/datasetrecords/def/checkxlinkurl.template.feature
arg: {"link":"http://kadaster/ff1d6d44-aea1-4ad5-b084-9afea143f1bf"}
checkxlinkurl.template.feature:14 - 
java.net.UnknownHostException: kadaster
04:24:09.971 [ForkJoinPool-1-worker-13] INFO  com.intuit.karate - [print] title:Kaderrichtlijn Mariene Strategie - Bevroren monitoringsdata
04:24:09.971 [ForkJoinPool-1-worker-13] INFO  com.intuit.karate - [print] Kaderrichtlijn Mariene Strategie - Bevroren monitoringsdata
04:24:09.973 [ForkJoinPool-1-worker-13] INFO  com.intuit.karate - [print] [
  "servicedesk-data@rijkswaterstaat.nl",
  "servicedesk-data@rijkswaterstaat.nl",
  "",
  "servicedesk-data@rijkswaterstaat.nl",
  "servicedesk-data@rijkswaterstaat.nl"
]

04:24:09.980 [ForkJoinPool-1-worker-13] INFO  com.intuit.karate - [print] organisation: [
  "Rijkswaterstaat",
  "Rijkswaterstaat",
  "",
  "Rijkswaterstaat",
  "Rijkswaterstaat"
]

04:24:09.991 [ForkJoinPool-1-worker-13] INFO  com.intuit.karate - [print] [
  "https://www.nationaalgeoregister.nl/geonetwork/srv/dut/catalog.search#/metadata/tbjk534p-wubf-crbp-cj25-d4161160gfim",
  "http://rdfdata.eionet.europa.eu/inspirethemes/themes/28",
  "https://ngr.geocat.live/geonetwork/srv/eng/thesaurus.download?ref=external.theme.httpinspireeceuropaeumetadatacodelistPrioritydataset-Prioritydataset"
]

04:24:10.000 [ForkJoinPool-1-worker-13] INFO  com.intuit.karate - [print]
04:24:10.004 [ForkJoinPool-1-worker-13] INFO  com.intuit.karate - [print] testing xlinkurl:https://www.nationaalgeoregister.nl/geonetwork/srv/dut/catalog.search#/metadata/tbjk534p-wubf-crbp-cj25-d4161160gfim
04:24:10.040 [ForkJoinPool-1-worker-7] INFO  com.intuit.karate - [print] title:Vervoersnetwerken - Wegen (INSPIRE geharmoniseerd) - RWS
04:24:10.044 [ForkJoinPool-1-worker-7] INFO  com.intuit.karate - [print] Vervoersnetwerken - Wegen (INSPIRE geharmoniseerd) - RWS
04:24:10.047 [ForkJoinPool-1-worker-7] INFO  com.intuit.karate - [print] [
  "servicedesk-data@rijkswaterstaat.nl",
  "beheerPDOK@kadaster.nl",
  "",
  "beheerPDOK@kadaster.nl",
  "servicedesk-data@rijkswaterstaat.nl"
]

04:24:10.049 [ForkJoinPool-1-worker-7] INFO  com.intuit.karate - [print] organisation: [
  "Rijkswaterstaat",
  "Rijkswaterstaat",
  "",
  "Beheer PDOK",
  "Rijkswaterstaat"
]

04:24:10.056 [ForkJoinPool-1-worker-7] INFO  com.intuit.karate - [print] [
  "https://www.nationaalgeoregister.nl/geonetwork/srv/dut/catalog.search#/metadata/eu-cb527d-f6db-4835-b0cd-deb245241254",
  "http://rdfdata.eionet.europa.eu/inspirethemes/themes/7",
  "http://inspire.ec.europa.eu/metadata-codelist/Prioritydataset/SurfaceWaterBodies-dir-2000-60",
  "https://ngr.geocat.live/geonetwork/srv/eng/thesaurus.download?ref=external.theme.httpinspireeceuropaeumetadatacodelistPrioritydataset-Prioritydataset"
]

04:24:10.062 [ForkJoinPool-1-worker-7] INFO  com.intuit.karate - [print]
04:24:10.063 [ForkJoinPool-1-worker-7] INFO  com.intuit.karate - [print] testing xlinkurl:https://www.nationaalgeoregister.nl/geonetwork/srv/dut/catalog.search#/metadata/eu-cb527d-f6db-4835-b0cd-deb245241254
04:24:10.147 [ForkJoinPool-1-worker-9] ERROR com.intuit.karate - javax.net.ssl.SSLException: Connection reset, http call failed after 360 milliseconds for URL: https://data.rivm.nl/inspire/id#64d546c9-71d4-4c84-a04c-61c5d0734f65
04:24:10.147 [ForkJoinPool-1-worker-9] ERROR com.intuit.karate - http request failed: 
javax.net.ssl.SSLException: Connection reset
04:24:10.147 [ForkJoinPool-1-worker-9] ERROR com.intuit.karate - feature call (loop) failed at index: 0
caller: classpath:InspireTest/ngr/datasetrecords/def/checkxlinkurl.template.feature
arg: {"link":"https://data.rivm.nl/inspire/id#64d546c9-71d4-4c84-a04c-61c5d0734f65"}
checkxlinkurl.template.feature:14 - 
javax.net.ssl.SSLException: Connection reset
04:24:10.163 [ForkJoinPool-1-worker-5] INFO  com.intuit.karate - [print] title:Vogelrichtlijn verspreidingsgebied van soorten
04:24:10.164 [ForkJoinPool-1-worker-5] INFO  com.intuit.karate - [print] Vogelrichtlijn verspreidingsgebied van soorten
04:24:10.166 [ForkJoinPool-1-worker-5] INFO  com.intuit.karate - [print] [
  "geodatabeheer.giscc@rvo.nl",
  "GeoDesk.CGI@wur.nl",
  "geodatabeheer.giscc@rvo.nl",
  "beheerPDOK@kadaster.nl",
  ""
]

04:24:10.170 [ForkJoinPool-1-worker-5] INFO  com.intuit.karate - [print] organisation: [
  "Ministerie van Economische Zaken - GIS Competence Center",
  "Wageningen Environmental Research (Alterra)",
  "PDOK",
  "Sovon Vogelonderzoek Nederland"
]

04:24:10.177 [ForkJoinPool-1-worker-5] INFO  com.intuit.karate - [print] [
  "https://www.nationaalgeoregister.nl/geonetwork/srv/dut/catalog.search#/metadata/cbeaebc3-815a-48af-a978-0e16892865fc",
  "http://standaarden.overheid.nl/owms/terms/Ministerie_van_Landbouw,_Natuur_en_Voedselkwaliteit"
]

04:24:10.190 [ForkJoinPool-1-worker-5] INFO  com.intuit.karate - [print]
04:24:10.190 [ForkJoinPool-1-worker-5] INFO  com.intuit.karate - [print] testing xlinkurl:https://www.nationaalgeoregister.nl/geonetwork/srv/dut/catalog.search#/metadata/cbeaebc3-815a-48af-a978-0e16892865fc
04:24:10.214 [ForkJoinPool-1-worker-11] INFO  com.intuit.karate - [print]
04:24:10.214 [ForkJoinPool-1-worker-11] INFO  com.intuit.karate - [print] testing xlinkurl:http://rdfdata.eionet.europa.eu/inspirethemes/themes/18
04:24:10.332 [ForkJoinPool-1-worker-13] INFO  com.intuit.karate - [print]
04:24:10.336 [ForkJoinPool-1-worker-13] INFO  com.intuit.karate - [print] testing xlinkurl:http://rdfdata.eionet.europa.eu/inspirethemes/themes/28
04:24:10.333 [ForkJoinPool-1-worker-3] INFO  com.intuit.karate - [print] title:Bronbestanden waterkwaliteit
04:24:10.338 [ForkJoinPool-1-worker-3] INFO  com.intuit.karate - [print] Bronbestanden waterkwaliteit
04:24:10.339 [ForkJoinPool-1-worker-3] INFO  com.intuit.karate - [print] [
  "servicedesk@ihw.nl",
  "servicedesk@ihw.nl"
]

04:24:10.341 [ForkJoinPool-1-worker-3] INFO  com.intuit.karate - [print] organisation: [
  "Informatiehuis Water",
  "Informatiehuis Water"
]

04:24:10.391 [ForkJoinPool-1-worker-7] INFO  com.intuit.karate - [print]
04:24:10.391 [ForkJoinPool-1-worker-7] INFO  com.intuit.karate - [print] testing xlinkurl:http://rdfdata.eionet.europa.eu/inspirethemes/themes/7
04:24:10.422 [ForkJoinPool-1-worker-11] ERROR com.intuit.karate - status code was: 404, expected: 200, response time: 206, url: http://rdfdata.eionet.europa.eu/inspirethemes/themes/18, response: 
04:24:10.422 [ForkJoinPool-1-worker-11] ERROR com.intuit.karate - feature call (loop) failed at index: 1
caller: classpath:InspireTest/ngr/datasetrecords/def/checkxlinkurl.template.feature
arg: {"link":"http://rdfdata.eionet.europa.eu/inspirethemes/themes/18"}
checkxlinkurl.template.feature:15 - status code was: 404, expected: 200, response time: 206, url: http://rdfdata.eionet.europa.eu/inspirethemes/themes/18, response: 
04:24:10.424 [ForkJoinPool-1-worker-11] INFO  com.intuit.karate - [print]
04:24:10.424 [ForkJoinPool-1-worker-11] INFO  com.intuit.karate - [print] testing xlinkurl:https://ngr.geocat.live/geonetwork/srv/eng/thesaurus.download?ref=external.theme.httpinspireeceuropaeumetadatacodelistPrioritydataset-Prioritydataset
04:24:10.509 [ForkJoinPool-1-worker-5] INFO  com.intuit.karate - [print]
04:24:10.510 [ForkJoinPool-1-worker-5] INFO  com.intuit.karate - [print] testing xlinkurl:http://standaarden.overheid.nl/owms/terms/Ministerie_van_Landbouw,_Natuur_en_Voedselkwaliteit
04:24:10.538 [ForkJoinPool-1-worker-13] ERROR com.intuit.karate - status code was: 404, expected: 200, response time: 200, url: http://rdfdata.eionet.europa.eu/inspirethemes/themes/28, response: 
04:24:10.538 [ForkJoinPool-1-worker-13] ERROR com.intuit.karate - feature call (loop) failed at index: 1
caller: classpath:InspireTest/ngr/datasetrecords/def/checkxlinkurl.template.feature
arg: {"link":"http://rdfdata.eionet.europa.eu/inspirethemes/themes/28"}
checkxlinkurl.template.feature:15 - status code was: 404, expected: 200, response time: 200, url: http://rdfdata.eionet.europa.eu/inspirethemes/themes/28, response: 
04:24:10.539 [ForkJoinPool-1-worker-13] INFO  com.intuit.karate - [print]
04:24:10.539 [ForkJoinPool-1-worker-13] INFO  com.intuit.karate - [print] testing xlinkurl:https://ngr.geocat.live/geonetwork/srv/eng/thesaurus.download?ref=external.theme.httpinspireeceuropaeumetadatacodelistPrioritydataset-Prioritydataset
04:24:10.592 [ForkJoinPool-1-worker-7] ERROR com.intuit.karate - status code was: 404, expected: 200, response time: 200, url: http://rdfdata.eionet.europa.eu/inspirethemes/themes/7, response: 
04:24:10.592 [ForkJoinPool-1-worker-7] ERROR com.intuit.karate - feature call (loop) failed at index: 1
caller: classpath:InspireTest/ngr/datasetrecords/def/checkxlinkurl.template.feature
arg: {"link":"http://rdfdata.eionet.europa.eu/inspirethemes/themes/7"}
checkxlinkurl.template.feature:15 - status code was: 404, expected: 200, response time: 200, url: http://rdfdata.eionet.europa.eu/inspirethemes/themes/7, response: 
04:24:10.594 [ForkJoinPool-1-worker-7] INFO  com.intuit.karate - [print]
04:24:10.595 [ForkJoinPool-1-worker-7] INFO  com.intuit.karate - [print] testing xlinkurl:http://inspire.ec.europa.eu/metadata-codelist/Prioritydataset/SurfaceWaterBodies-dir-2000-60
04:24:10.691 [ForkJoinPool-1-worker-9] INFO  com.intuit.karate - [print] title:Geluidkaart hoofdspoornet 2011 (Lnight)
04:24:10.693 [ForkJoinPool-1-worker-9] INFO  com.intuit.karate - [print] Geluidkaart hoofdspoornet 2011 (Lnight)
04:24:10.695 [ForkJoinPool-1-worker-9] INFO  com.intuit.karate - [print] [
  "sylvia.koolmees@minienw.nl",
  "sylvia.koolmees@minienw.nl"
]

04:24:10.697 [ForkJoinPool-1-worker-9] INFO  com.intuit.karate - [print] organisation: [
  "Ministerie van IenW",
  "Ministerie van IenW"
]

04:24:10.701 [ForkJoinPool-1-worker-9] INFO  com.intuit.karate - [print] [
  "https://www.nationaalgeoregister.nl/geonetwork/srv/api/records3e57ce43-7707-43ed-a4b9-72b3a6d812f8"
]

04:24:10.707 [ForkJoinPool-1-worker-9] INFO  com.intuit.karate - [print]
04:24:10.708 [ForkJoinPool-1-worker-9] INFO  com.intuit.karate - [print] testing xlinkurl:https://www.nationaalgeoregister.nl/geonetwork/srv/api/records3e57ce43-7707-43ed-a4b9-72b3a6d812f8
04:24:10.733 [ForkJoinPool-1-worker-11] ERROR com.intuit.karate - status code was: 500, expected: 200, response time: 307, url: https://ngr.geocat.live/geonetwork/srv/eng/thesaurus.download?ref=external.theme.httpinspireeceuropaeumetadatacodelistPrioritydataset-Prioritydataset, response: 
04:24:10.733 [ForkJoinPool-1-worker-11] ERROR com.intuit.karate - feature call (loop) failed at index: 2
caller: classpath:InspireTest/ngr/datasetrecords/def/checkxlinkurl.template.feature
arg: {"link":"https://ngr.geocat.live/geonetwork/srv/eng/thesaurus.download?ref=external.theme.httpinspireeceuropaeumetadatacodelistPrioritydataset-Prioritydataset"}
checkxlinkurl.template.feature:15 - status code was: 500, expected: 200, response time: 307, url: https://ngr.geocat.live/geonetwork/srv/eng/thesaurus.download?ref=external.theme.httpinspireeceuropaeumetadatacodelistPrioritydataset-Prioritydataset, response: 
04:24:10.734 [ForkJoinPool-1-worker-11] INFO  com.intuit.karate - [print]
04:24:10.734 [ForkJoinPool-1-worker-11] INFO  com.intuit.karate - [print] testing xlinkurl:urn:ogc:def:crs:EPSG::5709
04:24:10.740 [ForkJoinPool-1-worker-11] ERROR com.intuit.karate - org.apache.http.client.ClientProtocolException: URI does not specify a valid host name: urn:ogc:def:crs:EPSG::5709, http call failed after 0 milliseconds for URL: urn:ogc:def:crs:EPSG::5709
04:24:10.741 [ForkJoinPool-1-worker-11] ERROR com.intuit.karate - http request failed: 
org.apache.http.client.ClientProtocolException: URI does not specify a valid host name: urn:ogc:def:crs:EPSG::5709
04:24:10.741 [ForkJoinPool-1-worker-11] ERROR com.intuit.karate - feature call (loop) failed at index: 3
caller: classpath:InspireTest/ngr/datasetrecords/def/checkxlinkurl.template.feature
arg: {"link":"urn:ogc:def:crs:EPSG::5709"}
checkxlinkurl.template.feature:14 - 
org.apache.http.client.ClientProtocolException: URI does not specify a valid host name: urn:ogc:def:crs:EPSG::5709
04:24:10.851 [ForkJoinPool-1-worker-3] INFO  com.intuit.karate - [print] title:Blokindeling Nederlands Continentaal Plat
04:24:10.852 [ForkJoinPool-1-worker-3] INFO  com.intuit.karate - [print] Blokindeling Nederlands Continentaal Plat
04:24:10.853 [ForkJoinPool-1-worker-13] ERROR com.intuit.karate - status code was: 500, expected: 200, response time: 312, url: https://ngr.geocat.live/geonetwork/srv/eng/thesaurus.download?ref=external.theme.httpinspireeceuropaeumetadatacodelistPrioritydataset-Prioritydataset, response: 
04:24:10.853 [ForkJoinPool-1-worker-13] ERROR com.intuit.karate - feature call (loop) failed at index: 2
caller: classpath:InspireTest/ngr/datasetrecords/def/checkxlinkurl.template.feature
arg: {"link":"https://ngr.geocat.live/geonetwork/srv/eng/thesaurus.download?ref=external.theme.httpinspireeceuropaeumetadatacodelistPrioritydataset-Prioritydataset"}
checkxlinkurl.template.feature:15 - status code was: 500, expected: 200, response time: 312, url: https://ngr.geocat.live/geonetwork/srv/eng/thesaurus.download?ref=external.theme.httpinspireeceuropaeumetadatacodelistPrioritydataset-Prioritydataset, response: 
04:24:10.858 [ForkJoinPool-1-worker-3] INFO  com.intuit.karate - [print] [
  "data@hydro.nl",
  "data@hydro.nl",
  "data@hydro.nl"
]

04:24:10.860 [ForkJoinPool-1-worker-3] INFO  com.intuit.karate - [print] organisation: [
  "Ministerie van Defensie, Koninklijke Marine, Dienst der Hydrografie",
  "Ministerie van Defensie, Koninklijke Marine, Dienst der Hydrografie",
  "Ministerie van Defensie, Koninklijke Marine, Dienst der Hydrografie"
]

04:24:10.867 [ForkJoinPool-1-worker-3] INFO  com.intuit.karate - [print] [
  "http://www.opengis.net/def/crs/EPSG/0/https://www.opengis.net/def/crs/EPSG/0/4258",
  "https://www.nationaalgeoregister.nl/geonetwork/srv/api/recordsc2225e5d-b46f-4e38-8445-ab10fd40c0dc"
]

04:24:10.874 [ForkJoinPool-1-worker-3] INFO  com.intuit.karate - [print]
04:24:10.879 [ForkJoinPool-1-worker-3] INFO  com.intuit.karate - [print] testing xlinkurl:http://www.opengis.net/def/crs/EPSG/0/https://www.opengis.net/def/crs/EPSG/0/4258
04:24:11.048 [ForkJoinPool-1-worker-9] ERROR com.intuit.karate - status code was: 500, expected: 200, response time: 338, url: https://www.nationaalgeoregister.nl/geonetwork/srv/api/records3e57ce43-7707-43ed-a4b9-72b3a6d812f8, response: 
04:24:11.048 [ForkJoinPool-1-worker-9] ERROR com.intuit.karate - feature call (loop) failed at index: 0
caller: classpath:InspireTest/ngr/datasetrecords/def/checkxlinkurl.template.feature
arg: {"link":"https://www.nationaalgeoregister.nl/geonetwork/srv/api/records3e57ce43-7707-43ed-a4b9-72b3a6d812f8"}
checkxlinkurl.template.feature:15 - status code was: 500, expected: 200, response time: 338, url: https://www.nationaalgeoregister.nl/geonetwork/srv/api/records3e57ce43-7707-43ed-a4b9-72b3a6d812f8, response: 
04:24:11.175 [ForkJoinPool-1-worker-3] INFO  com.intuit.karate - [print]
04:24:11.176 [ForkJoinPool-1-worker-3] INFO  com.intuit.karate - [print] testing xlinkurl:https://www.nationaalgeoregister.nl/geonetwork/srv/api/recordsc2225e5d-b46f-4e38-8445-ab10fd40c0dc
04:24:11.243 [ForkJoinPool-1-worker-7] ERROR com.intuit.karate - status code was: 404, expected: 200, response time: 436, url: http://inspire.ec.europa.eu/metadata-codelist/Prioritydataset/SurfaceWaterBodies-dir-2000-60, response: 
04:24:11.244 [ForkJoinPool-1-worker-7] ERROR com.intuit.karate - feature call (loop) failed at index: 2
caller: classpath:InspireTest/ngr/datasetrecords/def/checkxlinkurl.template.feature
arg: {"link":"http://inspire.ec.europa.eu/metadata-codelist/Prioritydataset/SurfaceWaterBodies-dir-2000-60"}
checkxlinkurl.template.feature:15 - status code was: 404, expected: 200, response time: 436, url: http://inspire.ec.europa.eu/metadata-codelist/Prioritydataset/SurfaceWaterBodies-dir-2000-60, response: 
04:24:11.245 [ForkJoinPool-1-worker-7] INFO  com.intuit.karate - [print]
04:24:11.246 [ForkJoinPool-1-worker-7] INFO  com.intuit.karate - [print] testing xlinkurl:https://ngr.geocat.live/geonetwork/srv/eng/thesaurus.download?ref=external.theme.httpinspireeceuropaeumetadatacodelistPrioritydataset-Prioritydataset
04:24:11.364 [ForkJoinPool-1-worker-11] INFO  com.intuit.karate - [print] title:Hydrografie - Netwerk (INSPIRE geharmoniseerd) - WT
04:24:11.365 [ForkJoinPool-1-worker-11] INFO  com.intuit.karate - [print] Hydrografie - Netwerk (INSPIRE geharmoniseerd) - WT
04:24:11.366 [ForkJoinPool-1-worker-11] INFO  com.intuit.karate - [print] [
  "servicedesk-data@rijkswaterstaat.nl",
  "servicedesk-data@rijkswaterstaat.nl",
  "",
  "servicedesk-data@rijkswaterstaat.nl",
  "info@wetransform.to"
]

04:24:11.374 [ForkJoinPool-1-worker-11] INFO  com.intuit.karate - [print] organisation: [
  "Rijkswaterstaat",
  "Rijkswaterstaat",
  "",
  "Rijkswaterstaat",
  "Wetransform"
]

04:24:11.378 [ForkJoinPool-1-worker-11] INFO  com.intuit.karate - [print] [
  "https://www.nationaalgeoregister.nl/geonetwork/srv/dut/catalog.search#/metadata/eu-f297898-2640-44c2-bbe9-c0480da83794",
  "http://rdfdata.eionet.europa.eu/inspirethemes/themes/8",
  "urn:ogc:def:crs:EPSG::5709"
]

04:24:11.386 [ForkJoinPool-1-worker-11] INFO  com.intuit.karate - [print]
04:24:11.386 [ForkJoinPool-1-worker-11] INFO  com.intuit.karate - [print] testing xlinkurl:https://www.nationaalgeoregister.nl/geonetwork/srv/dut/catalog.search#/metadata/eu-f297898-2640-44c2-bbe9-c0480da83794
04:24:11.497 [ForkJoinPool-1-worker-3] ERROR com.intuit.karate - status code was: 500, expected: 200, response time: 321, url: https://www.nationaalgeoregister.nl/geonetwork/srv/api/recordsc2225e5d-b46f-4e38-8445-ab10fd40c0dc, response: 
04:24:11.498 [ForkJoinPool-1-worker-3] ERROR com.intuit.karate - feature call (loop) failed at index: 1
caller: classpath:InspireTest/ngr/datasetrecords/def/checkxlinkurl.template.feature
arg: {"link":"https://www.nationaalgeoregister.nl/geonetwork/srv/api/recordsc2225e5d-b46f-4e38-8445-ab10fd40c0dc"}
checkxlinkurl.template.feature:15 - status code was: 500, expected: 200, response time: 321, url: https://www.nationaalgeoregister.nl/geonetwork/srv/api/recordsc2225e5d-b46f-4e38-8445-ab10fd40c0dc, response: 
04:24:11.504 [ForkJoinPool-1-worker-13] INFO  com.intuit.karate - [print] title:Mossel- en oesterhabitats
04:24:11.504 [ForkJoinPool-1-worker-13] INFO  com.intuit.karate - [print] Mossel- en oesterhabitats
04:24:11.506 [ForkJoinPool-1-worker-13] INFO  com.intuit.karate - [print] [
  "geodatabeheer.giscc@rvo.nl",
  "geodatabeheer.giscc@rvo.nl",
  "info@wur.nl",
  "BeheerPDOK@kadaster.nl"
]

04:24:11.508 [ForkJoinPool-1-worker-13] INFO  com.intuit.karate - [print] organisation: [
  "Ministerie van Economische Zaken - GIS Competence Center",
  "Wageningen Marine Research",
  "PDOK"
]

04:24:11.511 [ForkJoinPool-1-worker-13] INFO  com.intuit.karate - [print] [
  "https://www.nationaalgeoregister.nl/geonetwork/srv/dut/catalog.search#/metadata/3d59fd06-9aec-4744-91e7-65e119f74569",
  "http://standaarden.overheid.nl/owms/terms/Ministerie_van_Landbouw,_Natuur_en_Voedselkwaliteit"
]

04:24:11.524 [ForkJoinPool-1-worker-13] INFO  com.intuit.karate - [print]
04:24:11.527 [ForkJoinPool-1-worker-13] INFO  com.intuit.karate - [print] testing xlinkurl:https://www.nationaalgeoregister.nl/geonetwork/srv/dut/catalog.search#/metadata/3d59fd06-9aec-4744-91e7-65e119f74569
04:24:11.563 [ForkJoinPool-1-worker-5] INFO  com.intuit.karate - [print] title:Administratieve Eenheden
04:24:11.564 [ForkJoinPool-1-worker-5] INFO  com.intuit.karate - [print] Administratieve Eenheden
04:24:11.565 [ForkJoinPool-1-worker-5] INFO  com.intuit.karate - [print] [
  "PPB-GVA@kadaster.nl",
  "kcc@kadaster.nl",
  "kcc@kadaster.nl"
]

04:24:11.570 [ForkJoinPool-1-worker-5] INFO  com.intuit.karate - [print] organisation: [
  "Kadaster",
  "Kadaster en Openbare Registers",
  "Kadaster en de Openbare Registers"
]

04:24:11.572 [ForkJoinPool-1-worker-5] INFO  com.intuit.karate - [print] [
  "http://kadaster/06b6c650-cdb1-11dd-ad8b-0800200c9a76"
]

04:24:11.577 [ForkJoinPool-1-worker-7] ERROR com.intuit.karate - status code was: 500, expected: 200, response time: 331, url: https://ngr.geocat.live/geonetwork/srv/eng/thesaurus.download?ref=external.theme.httpinspireeceuropaeumetadatacodelistPrioritydataset-Prioritydataset, response: 
04:24:11.578 [ForkJoinPool-1-worker-7] ERROR com.intuit.karate - feature call (loop) failed at index: 3
caller: classpath:InspireTest/ngr/datasetrecords/def/checkxlinkurl.template.feature
arg: {"link":"https://ngr.geocat.live/geonetwork/srv/eng/thesaurus.download?ref=external.theme.httpinspireeceuropaeumetadatacodelistPrioritydataset-Prioritydataset"}
checkxlinkurl.template.feature:15 - status code was: 500, expected: 200, response time: 331, url: https://ngr.geocat.live/geonetwork/srv/eng/thesaurus.download?ref=external.theme.httpinspireeceuropaeumetadatacodelistPrioritydataset-Prioritydataset, response: 
04:24:11.590 [ForkJoinPool-1-worker-5] INFO  com.intuit.karate - [print]
04:24:11.591 [ForkJoinPool-1-worker-5] INFO  com.intuit.karate - [print] testing xlinkurl:http://kadaster/06b6c650-cdb1-11dd-ad8b-0800200c9a76
04:24:11.592 [ForkJoinPool-1-worker-5] ERROR com.intuit.karate - java.net.UnknownHostException: kadaster, http call failed after 0 milliseconds for URL: http://kadaster/06b6c650-cdb1-11dd-ad8b-0800200c9a76
04:24:11.593 [ForkJoinPool-1-worker-5] ERROR com.intuit.karate - http request failed: 
java.net.UnknownHostException: kadaster
04:24:11.593 [ForkJoinPool-1-worker-5] ERROR com.intuit.karate - feature call (loop) failed at index: 0
caller: classpath:InspireTest/ngr/datasetrecords/def/checkxlinkurl.template.feature
arg: {"link":"http://kadaster/06b6c650-cdb1-11dd-ad8b-0800200c9a76"}
checkxlinkurl.template.feature:14 - 
java.net.UnknownHostException: kadaster
04:24:11.705 [ForkJoinPool-1-worker-11] INFO  com.intuit.karate - [print]
04:24:11.708 [ForkJoinPool-1-worker-11] INFO  com.intuit.karate - [print] testing xlinkurl:http://rdfdata.eionet.europa.eu/inspirethemes/themes/8
04:24:11.713 [ForkJoinPool-1-worker-9] INFO  com.intuit.karate - [print] title:Amplitude van het getij op de Noordzee
04:24:11.714 [ForkJoinPool-1-worker-9] INFO  com.intuit.karate - [print] Amplitude van het getij op de Noordzee
04:24:11.715 [ForkJoinPool-1-worker-9] INFO  com.intuit.karate - [print] [
  "data@hydro.nl",
  "data@hydro.nl",
  "data@hydro.nl",
  ""
]

04:24:11.717 [ForkJoinPool-1-worker-9] INFO  com.intuit.karate - [print] organisation: [
  "Ministerie van Defensie, Koninklijke Marine, Dienst der Hydrografie",
  "Ministerie van Defensie, Koninklijke Marine, Dienst der Hydrografie",
  "Ministerie van Defensie, Koninklijke Marine, Dienst der Hydrografie"
]

04:24:11.730 [ForkJoinPool-1-worker-9] INFO  com.intuit.karate - [print] [
  "http://www.opengis.net/def/crs/EPSG/0/https://www.opengis.net/def/crs/EPSG/0/4258",
  "https://www.nationaalgeoregister.nl/geonetwork/srv/api/recordsbe6551de-a709-4c6d-a5e2-f63f0cf038ba"
]

04:24:11.739 [ForkJoinPool-1-worker-9] INFO  com.intuit.karate - [print]
04:24:11.739 [ForkJoinPool-1-worker-9] INFO  com.intuit.karate - [print] testing xlinkurl:http://www.opengis.net/def/crs/EPSG/0/https://www.opengis.net/def/crs/EPSG/0/4258
04:24:11.843 [ForkJoinPool-1-worker-13] INFO  com.intuit.karate - [print]
04:24:11.844 [ForkJoinPool-1-worker-13] INFO  com.intuit.karate - [print] testing xlinkurl:http://standaarden.overheid.nl/owms/terms/Ministerie_van_Landbouw,_Natuur_en_Voedselkwaliteit
04:24:11.909 [ForkJoinPool-1-worker-11] ERROR com.intuit.karate - status code was: 404, expected: 200, response time: 200, url: http://rdfdata.eionet.europa.eu/inspirethemes/themes/8, response: 
04:24:11.910 [ForkJoinPool-1-worker-11] ERROR com.intuit.karate - feature call (loop) failed at index: 1
caller: classpath:InspireTest/ngr/datasetrecords/def/checkxlinkurl.template.feature
arg: {"link":"http://rdfdata.eionet.europa.eu/inspirethemes/themes/8"}
checkxlinkurl.template.feature:15 - status code was: 404, expected: 200, response time: 200, url: http://rdfdata.eionet.europa.eu/inspirethemes/themes/8, response: 
04:24:11.911 [ForkJoinPool-1-worker-11] INFO  com.intuit.karate - [print]
04:24:11.912 [ForkJoinPool-1-worker-11] INFO  com.intuit.karate - [print] testing xlinkurl:urn:ogc:def:crs:EPSG::5709
04:24:11.912 [ForkJoinPool-1-worker-11] ERROR com.intuit.karate - org.apache.http.client.ClientProtocolException: URI does not specify a valid host name: urn:ogc:def:crs:EPSG::5709, http call failed after 0 milliseconds for URL: urn:ogc:def:crs:EPSG::5709
04:24:11.912 [ForkJoinPool-1-worker-11] ERROR com.intuit.karate - http request failed: 
org.apache.http.client.ClientProtocolException: URI does not specify a valid host name: urn:ogc:def:crs:EPSG::5709
04:24:11.912 [ForkJoinPool-1-worker-11] ERROR com.intuit.karate - feature call (loop) failed at index: 2
caller: classpath:InspireTest/ngr/datasetrecords/def/checkxlinkurl.template.feature
arg: {"link":"urn:ogc:def:crs:EPSG::5709"}
checkxlinkurl.template.feature:14 - 
org.apache.http.client.ClientProtocolException: URI does not specify a valid host name: urn:ogc:def:crs:EPSG::5709
04:24:12.026 [ForkJoinPool-1-worker-3] INFO  com.intuit.karate - [print] title:Grondwatersamenstellinggegevens KRW meetronde 2012 onder INSPIRE
04:24:12.027 [ForkJoinPool-1-worker-3] INFO  com.intuit.karate - [print] Grondwatersamenstellinggegevens KRW meetronde 2012 onder INSPIRE
04:24:12.028 [ForkJoinPool-1-worker-3] INFO  com.intuit.karate - [print] [
  "info@dinoloket.nl",
  "info@dinoloket.nl",
  "info@dinoloket.nl"
]

04:24:12.030 [ForkJoinPool-1-worker-3] INFO  com.intuit.karate - [print] organisation: [
  "TNO Geologische Dienst Nederland",
  "TNO Geologische Dienst Nederland",
  "TNO Geologische Dienst Nederland"
]

04:24:12.032 [ForkJoinPool-1-worker-3] INFO  com.intuit.karate - [print] [
  "https://nationaalgeoregister.nl/geonetwork/srv/resources7d716522-fa1a-43b4-99c0-3a3480f9e218",
  "https://www.nationaalgeoregister.nl/geonetwork/srv/eng/thesaurus.download?ref=external.theme.inspire-theme"
]

04:24:12.040 [ForkJoinPool-1-worker-3] INFO  com.intuit.karate - [print]
04:24:12.040 [ForkJoinPool-1-worker-3] INFO  com.intuit.karate - [print] testing xlinkurl:https://nationaalgeoregister.nl/geonetwork/srv/resources7d716522-fa1a-43b4-99c0-3a3480f9e218
04:24:12.045 [ForkJoinPool-1-worker-9] INFO  com.intuit.karate - [print]
04:24:12.045 [ForkJoinPool-1-worker-9] INFO  com.intuit.karate - [print] testing xlinkurl:https://www.nationaalgeoregister.nl/geonetwork/srv/api/recordsbe6551de-a709-4c6d-a5e2-f63f0cf038ba
04:24:12.129 [ForkJoinPool-1-worker-7] INFO  com.intuit.karate - [print] title:Adressen (INSPIRE geharmoniseerd)
04:24:12.132 [ForkJoinPool-1-worker-7] INFO  com.intuit.karate - [print] Adressen (INSPIRE geharmoniseerd)
04:24:12.135 [ForkJoinPool-1-worker-7] INFO  com.intuit.karate - [print] [
  "PPB-GVA@kadaster.nl",
  "kcc@kadaster.nl"
]

04:24:12.137 [ForkJoinPool-1-worker-7] INFO  com.intuit.karate - [print] organisation: [
  "Kadaster",
  "Kadaster"
]

04:24:12.140 [ForkJoinPool-1-worker-7] INFO  com.intuit.karate - [print] [
  "http://www.opengis.net/def/crs/EPSG/0/http://www.opengis.net/def/crs/EPSG/0/4258",
  "http://kadaster/1d32fc50-cd5b-4425-b0df-16c7c7940e94"
]

04:24:12.145 [ForkJoinPool-1-worker-7] INFO  com.intuit.karate - [print]
04:24:12.146 [ForkJoinPool-1-worker-7] INFO  com.intuit.karate - [print] testing xlinkurl:http://www.opengis.net/def/crs/EPSG/0/http://www.opengis.net/def/crs/EPSG/0/4258
04:24:12.192 [ForkJoinPool-1-worker-5] INFO  com.intuit.karate - [print] title:Afgevoerde hoeveelheid afval in 2015 vanuit de industrie
04:24:12.192 [ForkJoinPool-1-worker-5] INFO  com.intuit.karate - [print] Afgevoerde hoeveelheid afval in 2015 vanuit de industrie
04:24:12.193 [ForkJoinPool-1-worker-5] INFO  com.intuit.karate - [print] [
  "emissieregistratie@rivm.nl",
  "",
  "emissieregistratie@rivm.nl"
]

04:24:12.195 [ForkJoinPool-1-worker-5] INFO  com.intuit.karate - [print] organisation: no organisationName found in dataset record
04:24:12.197 [ForkJoinPool-1-worker-5] INFO  com.intuit.karate - [print] [
  "https://data.rivm.nl/inspire/id#1de92b14-bc21-4f33-b0de-abd325e61804"
]

04:24:12.216 [ForkJoinPool-1-worker-5] INFO  com.intuit.karate - [print]
04:24:12.216 [ForkJoinPool-1-worker-5] INFO  com.intuit.karate - [print] testing xlinkurl:https://data.rivm.nl/inspire/id#1de92b14-bc21-4f33-b0de-abd325e61804
04:24:12.326 [ForkJoinPool-1-worker-3] ERROR com.intuit.karate - status code was: 404, expected: 200, response time: 284, url: https://nationaalgeoregister.nl/geonetwork/srv/resources7d716522-fa1a-43b4-99c0-3a3480f9e218, response: 
04:24:12.326 [ForkJoinPool-1-worker-3] ERROR com.intuit.karate - feature call (loop) failed at index: 0
caller: classpath:InspireTest/ngr/datasetrecords/def/checkxlinkurl.template.feature
arg: {"link":"https://nationaalgeoregister.nl/geonetwork/srv/resources7d716522-fa1a-43b4-99c0-3a3480f9e218"}
checkxlinkurl.template.feature:15 - status code was: 404, expected: 200, response time: 284, url: https://nationaalgeoregister.nl/geonetwork/srv/resources7d716522-fa1a-43b4-99c0-3a3480f9e218, response: 
04:24:12.327 [ForkJoinPool-1-worker-3] INFO  com.intuit.karate - [print]
04:24:12.328 [ForkJoinPool-1-worker-3] INFO  com.intuit.karate - [print] testing xlinkurl:https://www.nationaalgeoregister.nl/geonetwork/srv/eng/thesaurus.download?ref=external.theme.inspire-theme
04:24:12.369 [ForkJoinPool-1-worker-9] ERROR com.intuit.karate - status code was: 500, expected: 200, response time: 323, url: https://www.nationaalgeoregister.nl/geonetwork/srv/api/recordsbe6551de-a709-4c6d-a5e2-f63f0cf038ba, response: 
04:24:12.369 [ForkJoinPool-1-worker-9] ERROR com.intuit.karate - feature call (loop) failed at index: 1
caller: classpath:InspireTest/ngr/datasetrecords/def/checkxlinkurl.template.feature
arg: {"link":"https://www.nationaalgeoregister.nl/geonetwork/srv/api/recordsbe6551de-a709-4c6d-a5e2-f63f0cf038ba"}
checkxlinkurl.template.feature:15 - status code was: 500, expected: 200, response time: 323, url: https://www.nationaalgeoregister.nl/geonetwork/srv/api/recordsbe6551de-a709-4c6d-a5e2-f63f0cf038ba, response: 
04:24:12.487 [ForkJoinPool-1-worker-11] INFO  com.intuit.karate - [print] title:Vervoersnetwerken - Gemeenschappelijke elementen (INSPIRE geharmoniseerd)
04:24:12.488 [ForkJoinPool-1-worker-11] INFO  com.intuit.karate - [print] Vervoersnetwerken - Gemeenschappelijke elementen (INSPIRE geharmoniseerd)
04:24:12.491 [ForkJoinPool-1-worker-7] INFO  com.intuit.karate - [print]
04:24:12.491 [ForkJoinPool-1-worker-7] INFO  com.intuit.karate - [print] testing xlinkurl:http://kadaster/1d32fc50-cd5b-4425-b0df-16c7c7940e94
04:24:12.493 [ForkJoinPool-1-worker-7] ERROR com.intuit.karate - java.net.UnknownHostException: kadaster, http call failed after 0 milliseconds for URL: http://kadaster/1d32fc50-cd5b-4425-b0df-16c7c7940e94
04:24:12.493 [ForkJoinPool-1-worker-7] ERROR com.intuit.karate - http request failed: 
java.net.UnknownHostException: kadaster
04:24:12.493 [ForkJoinPool-1-worker-7] ERROR com.intuit.karate - feature call (loop) failed at index: 1
caller: classpath:InspireTest/ngr/datasetrecords/def/checkxlinkurl.template.feature
arg: {"link":"http://kadaster/1d32fc50-cd5b-4425-b0df-16c7c7940e94"}
checkxlinkurl.template.feature:14 - 
java.net.UnknownHostException: kadaster
04:24:12.496 [ForkJoinPool-1-worker-11] INFO  com.intuit.karate - [print] [
  "PPB-GVA@kadaster.nl",
  "kcc@kadaster.nl"
]

04:24:12.506 [ForkJoinPool-1-worker-11] INFO  com.intuit.karate - [print] organisation: [
  "Kadaster",
  "Kadaster"
]

04:24:12.508 [ForkJoinPool-1-worker-11] INFO  com.intuit.karate - [print] [
  "http://www.opengis.net/def/crs/EPSG/0/http://www.opengis.net/def/crs/EPSG/0/4258",
  "http://kadaster/7cdfa80a-cfbf-4324-978d-f1f141756b66"
]

04:24:12.512 [ForkJoinPool-1-worker-11] INFO  com.intuit.karate - [print]
04:24:12.512 [ForkJoinPool-1-worker-11] INFO  com.intuit.karate - [print] testing xlinkurl:http://www.opengis.net/def/crs/EPSG/0/http://www.opengis.net/def/crs/EPSG/0/4258
04:24:12.574 [ForkJoinPool-1-worker-5] ERROR com.intuit.karate - javax.net.ssl.SSLException: Connection reset, http call failed after 357 milliseconds for URL: https://data.rivm.nl/inspire/id#1de92b14-bc21-4f33-b0de-abd325e61804
04:24:12.574 [ForkJoinPool-1-worker-5] ERROR com.intuit.karate - http request failed: 
javax.net.ssl.SSLException: Connection reset
04:24:12.574 [ForkJoinPool-1-worker-5] ERROR com.intuit.karate - feature call (loop) failed at index: 0
caller: classpath:InspireTest/ngr/datasetrecords/def/checkxlinkurl.template.feature
arg: {"link":"https://data.rivm.nl/inspire/id#1de92b14-bc21-4f33-b0de-abd325e61804"}
checkxlinkurl.template.feature:14 - 
javax.net.ssl.SSLException: Connection reset
04:24:12.775 [ForkJoinPool-1-worker-3] ERROR com.intuit.karate - status code was: 500, expected: 200, response time: 447, url: https://www.nationaalgeoregister.nl/geonetwork/srv/eng/thesaurus.download?ref=external.theme.inspire-theme, response: 
04:24:12.776 [ForkJoinPool-1-worker-3] ERROR com.intuit.karate - feature call (loop) failed at index: 1
caller: classpath:InspireTest/ngr/datasetrecords/def/checkxlinkurl.template.feature
arg: {"link":"https://www.nationaalgeoregister.nl/geonetwork/srv/eng/thesaurus.download?ref=external.theme.inspire-theme"}
checkxlinkurl.template.feature:15 - status code was: 500, expected: 200, response time: 447, url: https://www.nationaalgeoregister.nl/geonetwork/srv/eng/thesaurus.download?ref=external.theme.inspire-theme, response: 
04:24:12.812 [ForkJoinPool-1-worker-11] INFO  com.intuit.karate - [print]
04:24:12.813 [ForkJoinPool-1-worker-11] INFO  com.intuit.karate - [print] testing xlinkurl:http://kadaster/7cdfa80a-cfbf-4324-978d-f1f141756b66
04:24:12.815 [ForkJoinPool-1-worker-11] ERROR com.intuit.karate - java.net.UnknownHostException: kadaster, http call failed after 1 milliseconds for URL: http://kadaster/7cdfa80a-cfbf-4324-978d-f1f141756b66
04:24:12.816 [ForkJoinPool-1-worker-11] ERROR com.intuit.karate - http request failed: 
java.net.UnknownHostException: kadaster
04:24:12.817 [ForkJoinPool-1-worker-11] ERROR com.intuit.karate - feature call (loop) failed at index: 1
caller: classpath:InspireTest/ngr/datasetrecords/def/checkxlinkurl.template.feature
arg: {"link":"http://kadaster/7cdfa80a-cfbf-4324-978d-f1f141756b66"}
checkxlinkurl.template.feature:14 - 
java.net.UnknownHostException: kadaster
04:24:12.961 [ForkJoinPool-1-worker-9] INFO  com.intuit.karate - [print] title:Geluidkaart Schiphol 2016 (Lnight)
04:24:12.962 [ForkJoinPool-1-worker-9] INFO  com.intuit.karate - [print] Geluidkaart Schiphol 2016 (Lnight)
04:24:12.963 [ForkJoinPool-1-worker-9] INFO  com.intuit.karate - [print] [
  "sylvia.koolmees@minienw.nl",
  "sylvia.koolmees@minienw.nl"
]

04:24:12.964 [ForkJoinPool-1-worker-9] INFO  com.intuit.karate - [print] organisation: [
  "Ministerie van IenW",
  "Ministerie van IenW"
]

04:24:12.967 [ForkJoinPool-1-worker-9] INFO  com.intuit.karate - [print] [
  "https://www.nationaalgeoregister.nl/geonetwork/srv/api/records58d39928-f502-48c9-a8c1-03244dc181bf"
]

04:24:12.976 [ForkJoinPool-1-worker-9] INFO  com.intuit.karate - [print]
04:24:12.977 [ForkJoinPool-1-worker-9] INFO  com.intuit.karate - [print] testing xlinkurl:https://www.nationaalgeoregister.nl/geonetwork/srv/api/records58d39928-f502-48c9-a8c1-03244dc181bf
04:24:13.014 [ForkJoinPool-1-worker-13] INFO  com.intuit.karate - [print] title:Waterstanden en afvoeren verwacht - Rijkswaterstaat
04:24:13.015 [ForkJoinPool-1-worker-13] INFO  com.intuit.karate - [print] Waterstanden en afvoeren verwacht - Rijkswaterstaat
04:24:13.016 [ForkJoinPool-1-worker-13] INFO  com.intuit.karate - [print] [
  "servicedesk-data@rijkswaterstaat.nl",
  "servicedesk-data@rijkswaterstaat.nl",
  "",
  "servicedesk-data@rijkswaterstaat.nl",
  "servicedesk-data@rijkswaterstaat.nl"
]

04:24:13.018 [ForkJoinPool-1-worker-13] INFO  com.intuit.karate - [print] organisation: [
  "Rijkswaterstaat",
  "Rijkswaterstaat",
  "",
  "Rijkswaterstaat",
  "Rijkswaterstaat"
]

04:24:13.023 [ForkJoinPool-1-worker-13] INFO  com.intuit.karate - [print] [
  "https://www.nationaalgeoregister.nl/geonetwork/srv/dut/catalog.search#/metadata/25294679-adb9-4c39-a93b-6954ff9414ac",
  "http://rdfdata.eionet.europa.eu/inspirethemes/themes/20",
  "http://rdfdata.eionet.europa.eu/inspirethemes/themes/28",
  "urn:ogc:def:crs:EPSG::5709"
]

04:24:13.028 [ForkJoinPool-1-worker-13] INFO  com.intuit.karate - [print]
04:24:13.029 [ForkJoinPool-1-worker-13] INFO  com.intuit.karate - [print] testing xlinkurl:https://www.nationaalgeoregister.nl/geonetwork/srv/dut/catalog.search#/metadata/25294679-adb9-4c39-a93b-6954ff9414ac
04:24:13.062 [ForkJoinPool-1-worker-7] INFO  com.intuit.karate - [print] title:Ligging industrie en CO2 emissies
04:24:13.063 [ForkJoinPool-1-worker-7] INFO  com.intuit.karate - [print] Ligging industrie en CO2 emissies
04:24:13.064 [ForkJoinPool-1-worker-7] INFO  com.intuit.karate - [print] [
  "geodatabeheer.giscc@rvo.nl",
  "geodatabeheer.giscc@rvo.nl"
]

04:24:13.069 [ForkJoinPool-1-worker-7] INFO  com.intuit.karate - [print] organisation: Ministerie van Economische Zaken - GIS Competence Center
04:24:13.071 [ForkJoinPool-1-worker-7] INFO  com.intuit.karate - [print] [
  "https://www.nationaalgeoregister.nl/geonetwork/srv/dut/catalog.search#/metadata/d6b85d84-cdb9-4a6e-b799-cf8826e22a94"
]

04:24:13.076 [ForkJoinPool-1-worker-7] INFO  com.intuit.karate - [print]
04:24:13.078 [ForkJoinPool-1-worker-7] INFO  com.intuit.karate - [print] testing xlinkurl:https://www.nationaalgeoregister.nl/geonetwork/srv/dut/catalog.search#/metadata/d6b85d84-cdb9-4a6e-b799-cf8826e22a94
04:24:13.151 [ForkJoinPool-1-worker-5] INFO  com.intuit.karate - [print] title:Gebouwen (INSPIRE geharmoniseerd)
04:24:13.151 [ForkJoinPool-1-worker-5] INFO  com.intuit.karate - [print] Gebouwen (INSPIRE geharmoniseerd)
04:24:13.152 [ForkJoinPool-1-worker-5] INFO  com.intuit.karate - [print] [
  "PPB-GVA@kadaster.nl",
  "kcc@kadaster.nl"
]

04:24:13.152 [ForkJoinPool-1-worker-5] INFO  com.intuit.karate - [print] organisation: [
  "Kadaster",
  "Kadaster"
]

04:24:13.156 [ForkJoinPool-1-worker-5] INFO  com.intuit.karate - [print] [
  "http://www.opengis.net/def/crs/EPSG/0/http://www.opengis.net/def/crs/EPSG/0/4258",
  "http://kadaster/80b2d12c-32be-54fg-b6d3\u201434f4ffc06cf3"
]

04:24:13.170 [ForkJoinPool-1-worker-5] INFO  com.intuit.karate - [print]
04:24:13.170 [ForkJoinPool-1-worker-5] INFO  com.intuit.karate - [print] testing xlinkurl:http://www.opengis.net/def/crs/EPSG/0/http://www.opengis.net/def/crs/EPSG/0/4258
04:24:13.394 [ForkJoinPool-1-worker-11] INFO  com.intuit.karate - [print] title:Ziekenhuizen in Nederland (september 2013)
04:24:13.394 [ForkJoinPool-1-worker-11] INFO  com.intuit.karate - [print] Ziekenhuizen in Nederland (september 2013)
04:24:13.395 [ForkJoinPool-1-worker-11] INFO  com.intuit.karate - [print] [
  "atlas@rivm.nl",
  "",
  "geodata@rivm.nl"
]

04:24:13.396 [ForkJoinPool-1-worker-11] INFO  com.intuit.karate - [print] organisation: no organisationName found in dataset record
04:24:13.398 [ForkJoinPool-1-worker-11] INFO  com.intuit.karate - [print] [
  "https://data.rivm.nl/inspire/id#1e3a98db-5d5e-4e61-8b64-1d132ddb439e"
]

04:24:13.403 [ForkJoinPool-1-worker-11] INFO  com.intuit.karate - [print]
04:24:13.403 [ForkJoinPool-1-worker-11] INFO  com.intuit.karate - [print] testing xlinkurl:https://data.rivm.nl/inspire/id#1e3a98db-5d5e-4e61-8b64-1d132ddb439e
04:24:13.409 [ForkJoinPool-1-worker-3] INFO  com.intuit.karate - [print] title:Luchtfoto 2017 25cm RGB open data
04:24:13.409 [ForkJoinPool-1-worker-3] INFO  com.intuit.karate - [print] Luchtfoto 2017 25cm RGB open data
04:24:13.413 [ForkJoinPool-1-worker-3] INFO  com.intuit.karate - [print] [
  "PPB-GVA@kadaster.nl",
  "info@hetwaterschapshuis.nl",
  "kcc@kadaster.nl",
  "",
  "",
  "",
  "",
  "",
  ""
]

04:24:13.415 [ForkJoinPool-1-worker-3] INFO  com.intuit.karate - [print] organisation: [
  "Kadaster",
  "Het Waterschapshuis",
  "Kadaster",
  "Eurosense",
  "Eurosense",
  "Eurosense",
  "Kadaster",
  "Kadaster"
]

04:24:13.418 [ForkJoinPool-1-worker-3] INFO  com.intuit.karate - [print] [
  "http://kadaster/2482250f-3b00-4439-9f93-f3118229b017",
  "",
  "",
  ""
]

04:24:13.427 [ForkJoinPool-1-worker-3] INFO  com.intuit.karate - [print]
04:24:13.427 [ForkJoinPool-1-worker-3] INFO  com.intuit.karate - [print] testing xlinkurl:http://kadaster/2482250f-3b00-4439-9f93-f3118229b017
04:24:13.427 [ForkJoinPool-1-worker-3] ERROR com.intuit.karate - java.net.UnknownHostException: kadaster, http call failed after 0 milliseconds for URL: http://kadaster/2482250f-3b00-4439-9f93-f3118229b017
04:24:13.428 [ForkJoinPool-1-worker-3] ERROR com.intuit.karate - http request failed: 
java.net.UnknownHostException: kadaster
04:24:13.428 [ForkJoinPool-1-worker-3] ERROR com.intuit.karate - feature call (loop) failed at index: 0
caller: classpath:InspireTest/ngr/datasetrecords/def/checkxlinkurl.template.feature
arg: {"link":"http://kadaster/2482250f-3b00-4439-9f93-f3118229b017"}
checkxlinkurl.template.feature:14 - 
java.net.UnknownHostException: kadaster
04:24:13.428 [ForkJoinPool-1-worker-3] INFO  com.intuit.karate - [print]
04:24:13.429 [ForkJoinPool-1-worker-3] INFO  com.intuit.karate - [print] testing xlinkurl:
04:24:13.431 [ForkJoinPool-1-worker-3] ERROR com.intuit.karate - org.apache.http.client.ClientProtocolException, http call failed after 0 milliseconds for URL: 
04:24:13.431 [ForkJoinPool-1-worker-3] ERROR com.intuit.karate - http request failed: 
org.apache.http.client.ClientProtocolException
04:24:13.431 [ForkJoinPool-1-worker-3] ERROR com.intuit.karate - feature call (loop) failed at index: 1
caller: classpath:InspireTest/ngr/datasetrecords/def/checkxlinkurl.template.feature
arg: {"link":""}
checkxlinkurl.template.feature:14 - 
org.apache.http.client.ClientProtocolException
04:24:13.432 [ForkJoinPool-1-worker-3] INFO  com.intuit.karate - [print]
04:24:13.434 [ForkJoinPool-1-worker-3] INFO  com.intuit.karate - [print] testing xlinkurl:
04:24:13.434 [ForkJoinPool-1-worker-3] ERROR com.intuit.karate - org.apache.http.client.ClientProtocolException, http call failed after 0 milliseconds for URL: 
04:24:13.434 [ForkJoinPool-1-worker-3] ERROR com.intuit.karate - http request failed: 
org.apache.http.client.ClientProtocolException
04:24:13.434 [ForkJoinPool-1-worker-3] ERROR com.intuit.karate - feature call (loop) failed at index: 2
caller: classpath:InspireTest/ngr/datasetrecords/def/checkxlinkurl.template.feature
arg: {"link":""}
checkxlinkurl.template.feature:14 - 
org.apache.http.client.ClientProtocolException
04:24:13.435 [ForkJoinPool-1-worker-3] INFO  com.intuit.karate - [print]
04:24:13.436 [ForkJoinPool-1-worker-3] INFO  com.intuit.karate - [print] testing xlinkurl:
04:24:13.439 [ForkJoinPool-1-worker-3] ERROR com.intuit.karate - org.apache.http.client.ClientProtocolException, http call failed after 0 milliseconds for URL: 
04:24:13.439 [ForkJoinPool-1-worker-3] ERROR com.intuit.karate - http request failed: 
org.apache.http.client.ClientProtocolException
04:24:13.439 [ForkJoinPool-1-worker-3] ERROR com.intuit.karate - feature call (loop) failed at index: 3
caller: classpath:InspireTest/ngr/datasetrecords/def/checkxlinkurl.template.feature
arg: {"link":""}
checkxlinkurl.template.feature:14 - 
org.apache.http.client.ClientProtocolException
04:24:13.462 [ForkJoinPool-1-worker-5] INFO  com.intuit.karate - [print]
04:24:13.462 [ForkJoinPool-1-worker-5] INFO  com.intuit.karate - [print] testing xlinkurl:http://kadaster/80b2d12c-32be-54fg-b6d3—34f4ffc06cf3
04:24:13.472 [ForkJoinPool-1-worker-5] ERROR com.intuit.karate - java.net.UnknownHostException: kadaster, http call failed after 0 milliseconds for URL: http://kadaster/80b2d12c-32be-54fg-b6d3—34f4ffc06cf3
04:24:13.473 [ForkJoinPool-1-worker-5] ERROR com.intuit.karate - http request failed: 
java.net.UnknownHostException: kadaster
04:24:13.474 [ForkJoinPool-1-worker-5] ERROR com.intuit.karate - feature call (loop) failed at index: 1
caller: classpath:InspireTest/ngr/datasetrecords/def/checkxlinkurl.template.feature
arg: {"link":"http://kadaster/80b2d12c-32be-54fg-b6d3\u201434f4ffc06cf3"}
checkxlinkurl.template.feature:14 - 
java.net.UnknownHostException: kadaster
04:24:13.545 [ForkJoinPool-1-worker-13] INFO  com.intuit.karate - [print]
04:24:13.546 [ForkJoinPool-1-worker-13] INFO  com.intuit.karate - [print] testing xlinkurl:http://rdfdata.eionet.europa.eu/inspirethemes/themes/20
04:24:13.611 [ForkJoinPool-1-worker-9] ERROR com.intuit.karate - status code was: 500, expected: 200, response time: 633, url: https://www.nationaalgeoregister.nl/geonetwork/srv/api/records58d39928-f502-48c9-a8c1-03244dc181bf, response: 
04:24:13.611 [ForkJoinPool-1-worker-9] ERROR com.intuit.karate - feature call (loop) failed at index: 0
caller: classpath:InspireTest/ngr/datasetrecords/def/checkxlinkurl.template.feature
arg: {"link":"https://www.nationaalgeoregister.nl/geonetwork/srv/api/records58d39928-f502-48c9-a8c1-03244dc181bf"}
checkxlinkurl.template.feature:15 - status code was: 500, expected: 200, response time: 633, url: https://www.nationaalgeoregister.nl/geonetwork/srv/api/records58d39928-f502-48c9-a8c1-03244dc181bf, response: 
04:24:13.748 [ForkJoinPool-1-worker-13] ERROR com.intuit.karate - status code was: 404, expected: 200, response time: 201, url: http://rdfdata.eionet.europa.eu/inspirethemes/themes/20, response: 
04:24:13.748 [ForkJoinPool-1-worker-13] ERROR com.intuit.karate - feature call (loop) failed at index: 1
caller: classpath:InspireTest/ngr/datasetrecords/def/checkxlinkurl.template.feature
arg: {"link":"http://rdfdata.eionet.europa.eu/inspirethemes/themes/20"}
checkxlinkurl.template.feature:15 - status code was: 404, expected: 200, response time: 201, url: http://rdfdata.eionet.europa.eu/inspirethemes/themes/20, response: 
04:24:13.750 [ForkJoinPool-1-worker-13] INFO  com.intuit.karate - [print]
04:24:13.750 [ForkJoinPool-1-worker-13] INFO  com.intuit.karate - [print] testing xlinkurl:http://rdfdata.eionet.europa.eu/inspirethemes/themes/28
04:24:13.765 [ForkJoinPool-1-worker-11] ERROR com.intuit.karate - javax.net.ssl.SSLException: Connection reset, http call failed after 361 milliseconds for URL: https://data.rivm.nl/inspire/id#1e3a98db-5d5e-4e61-8b64-1d132ddb439e
04:24:13.765 [ForkJoinPool-1-worker-11] ERROR com.intuit.karate - http request failed: 
javax.net.ssl.SSLException: Connection reset
04:24:13.766 [ForkJoinPool-1-worker-11] ERROR com.intuit.karate - feature call (loop) failed at index: 0
caller: classpath:InspireTest/ngr/datasetrecords/def/checkxlinkurl.template.feature
arg: {"link":"https://data.rivm.nl/inspire/id#1e3a98db-5d5e-4e61-8b64-1d132ddb439e"}
checkxlinkurl.template.feature:14 - 
javax.net.ssl.SSLException: Connection reset
04:24:13.800 [ForkJoinPool-1-worker-3] INFO  com.intuit.karate - [print] title:Bodemkaart50000_versie2014
04:24:13.800 [ForkJoinPool-1-worker-3] INFO  com.intuit.karate - [print] Bodemkaart50000_versie2014
04:24:13.804 [ForkJoinPool-1-worker-3] INFO  com.intuit.karate - [print] [
  "fokke.brouwer@wur.nl",
  "GeoDesk@wur.nl",
  "fokke.brouwer@wur.nl",
  "GeoDesk@wur.nl"
]

04:24:13.805 [ForkJoinPool-1-worker-3] INFO  com.intuit.karate - [print] organisation: [
  "Wageningen Environmental Research",
  "Wageningen Environmental Research (Alterra)",
  "Wageningen Environmental Research",
  "Wageningen Environmental Research (Alterra)",
  "ALTERRA en voorafgaande instituten",
  "ALTERRA en voorafgaande instituten",
  "Alterra",
  "Alterra",
  "Alterra Wageningen UR",
  "Alterra"
]

04:24:13.831 [ForkJoinPool-1-worker-3] INFO  com.intuit.karate - [print] [
  "h",
  "t",
  "t",
  "p",
  ":",
  "/",
  "/",
  "s",
  "t",
  "a",
  "n",
  "d",
  "a",
  "r",
  "d",
  "s",
  ".",
  "i",
  "s",
  "o",
  ".",
  "o",
  "r",
  "g",
  "/",
  "i",
  "t",
  "t",
  "f",
  "/",
  "P",
  "u",
  "b",
  "l",
  "i",
  "c",
  "l",
  "y",
  "A",
  "v",
  "a",
  "i",
  "l",
  "a",
  "b",
  "l",
  "e",
  "S",
  "t",
  "a",
  "n",
  "d",
  "a",
  "r",
  "d",
  "s",
  "/",
  "I",
  "S",
  "O",
  "_",
  "1",
  "9",
  "1",
  "3",
  "9",
  "_",
  "S",
  "c",
  "h",
  "e",
  "m",
  "a",
  "s",
  "/",
  "r",
  "e",
  "s",
  "o",
  "u",
  "r",
  "c",
  "e",
  "s",
  "/",
  "u",
  "o",
  "m",
  "/",
  "g",
  "m",
  "x",
  "U",
  "o",
  "m",
  ".",
  "x",
  "m",
  "l",
  "#",
  "m"
]

04:24:13.835 [ForkJoinPool-1-worker-3] INFO  com.intuit.karate - [print]
04:24:13.845 [ForkJoinPool-1-worker-3] INFO  com.intuit.karate - [print] testing xlinkurl:h
04:24:13.846 [ForkJoinPool-1-worker-3] ERROR com.intuit.karate - org.apache.http.client.ClientProtocolException, http call failed after 0 milliseconds for URL: h
04:24:13.846 [ForkJoinPool-1-worker-3] ERROR com.intuit.karate - http request failed: 
org.apache.http.client.ClientProtocolException
04:24:13.846 [ForkJoinPool-1-worker-3] ERROR com.intuit.karate - feature call (loop) failed at index: 0
caller: classpath:InspireTest/ngr/datasetrecords/def/checkxlinkurl.template.feature
arg: {"link":"h"}
checkxlinkurl.template.feature:14 - 
org.apache.http.client.ClientProtocolException
04:24:13.847 [ForkJoinPool-1-worker-3] INFO  com.intuit.karate - [print]
04:24:13.847 [ForkJoinPool-1-worker-3] INFO  com.intuit.karate - [print] testing xlinkurl:t
04:24:13.847 [ForkJoinPool-1-worker-3] ERROR com.intuit.karate - org.apache.http.client.ClientProtocolException, http call failed after 0 milliseconds for URL: t
04:24:13.847 [ForkJoinPool-1-worker-3] ERROR com.intuit.karate - http request failed: 
org.apache.http.client.ClientProtocolException
04:24:13.847 [ForkJoinPool-1-worker-3] ERROR com.intuit.karate - feature call (loop) failed at index: 1
caller: classpath:InspireTest/ngr/datasetrecords/def/checkxlinkurl.template.feature
arg: {"link":"t"}
checkxlinkurl.template.feature:14 - 
org.apache.http.client.ClientProtocolException
04:24:13.848 [ForkJoinPool-1-worker-3] INFO  com.intuit.karate - [print]
04:24:13.848 [ForkJoinPool-1-worker-3] INFO  com.intuit.karate - [print] testing xlinkurl:t
04:24:13.849 [ForkJoinPool-1-worker-3] ERROR com.intuit.karate - org.apache.http.client.ClientProtocolException, http call failed after 0 milliseconds for URL: t
04:24:13.849 [ForkJoinPool-1-worker-3] ERROR com.intuit.karate - http request failed: 
org.apache.http.client.ClientProtocolException
04:24:13.849 [ForkJoinPool-1-worker-3] ERROR com.intuit.karate - feature call (loop) failed at index: 2
caller: classpath:InspireTest/ngr/datasetrecords/def/checkxlinkurl.template.feature
arg: {"link":"t"}
checkxlinkurl.template.feature:14 - 
org.apache.http.client.ClientProtocolException
04:24:13.849 [ForkJoinPool-1-worker-3] INFO  com.intuit.karate - [print]
04:24:13.850 [ForkJoinPool-1-worker-3] INFO  com.intuit.karate - [print] testing xlinkurl:p
04:24:13.850 [ForkJoinPool-1-worker-3] ERROR com.intuit.karate - org.apache.http.client.ClientProtocolException, http call failed after 0 milliseconds for URL: p
04:24:13.850 [ForkJoinPool-1-worker-3] ERROR com.intuit.karate - http request failed: 
org.apache.http.client.ClientProtocolException
04:24:13.850 [ForkJoinPool-1-worker-3] ERROR com.intuit.karate - feature call (loop) failed at index: 3
caller: classpath:InspireTest/ngr/datasetrecords/def/checkxlinkurl.template.feature
arg: {"link":"p"}
checkxlinkurl.template.feature:14 - 
org.apache.http.client.ClientProtocolException
04:24:13.851 [ForkJoinPool-1-worker-3] INFO  com.intuit.karate - [print]
04:24:13.851 [ForkJoinPool-1-worker-3] INFO  com.intuit.karate - [print] testing xlinkurl::
04:24:13.851 [ForkJoinPool-1-worker-3] ERROR com.intuit.karate - http request failed: java.net.URISyntaxException: Expected scheme name at index 0: :
04:24:13.851 [ForkJoinPool-1-worker-3] ERROR com.intuit.karate - feature call (loop) failed at index: 4
caller: classpath:InspireTest/ngr/datasetrecords/def/checkxlinkurl.template.feature
arg: {"link":":"}
checkxlinkurl.template.feature:14 - java.net.URISyntaxException: Expected scheme name at index 0: :
04:24:13.852 [ForkJoinPool-1-worker-3] INFO  com.intuit.karate - [print]
04:24:13.861 [ForkJoinPool-1-worker-3] INFO  com.intuit.karate - [print] testing xlinkurl:/
04:24:13.861 [ForkJoinPool-1-worker-3] ERROR com.intuit.karate - org.apache.http.client.ClientProtocolException, http call failed after 0 milliseconds for URL: /
04:24:13.861 [ForkJoinPool-1-worker-3] ERROR com.intuit.karate - http request failed: 
org.apache.http.client.ClientProtocolException
04:24:13.862 [ForkJoinPool-1-worker-3] ERROR com.intuit.karate - feature call (loop) failed at index: 5
caller: classpath:InspireTest/ngr/datasetrecords/def/checkxlinkurl.template.feature
arg: {"link":"/"}
checkxlinkurl.template.feature:14 - 
org.apache.http.client.ClientProtocolException
04:24:13.862 [ForkJoinPool-1-worker-3] INFO  com.intuit.karate - [print]
04:24:13.863 [ForkJoinPool-1-worker-3] INFO  com.intuit.karate - [print] testing xlinkurl:/
04:24:13.863 [ForkJoinPool-1-worker-3] ERROR com.intuit.karate - org.apache.http.client.ClientProtocolException, http call failed after 0 milliseconds for URL: /
04:24:13.863 [ForkJoinPool-1-worker-3] ERROR com.intuit.karate - http request failed: 
org.apache.http.client.ClientProtocolException
04:24:13.863 [ForkJoinPool-1-worker-3] ERROR com.intuit.karate - feature call (loop) failed at index: 6
caller: classpath:InspireTest/ngr/datasetrecords/def/checkxlinkurl.template.feature
arg: {"link":"/"}
checkxlinkurl.template.feature:14 - 
org.apache.http.client.ClientProtocolException
04:24:13.864 [ForkJoinPool-1-worker-3] INFO  com.intuit.karate - [print]
04:24:13.864 [ForkJoinPool-1-worker-3] INFO  com.intuit.karate - [print] testing xlinkurl:s
04:24:13.864 [ForkJoinPool-1-worker-3] ERROR com.intuit.karate - org.apache.http.client.ClientProtocolException, http call failed after 0 milliseconds for URL: s
04:24:13.864 [ForkJoinPool-1-worker-3] ERROR com.intuit.karate - http request failed: 
org.apache.http.client.ClientProtocolException
04:24:13.864 [ForkJoinPool-1-worker-3] ERROR com.intuit.karate - feature call (loop) failed at index: 7
caller: classpath:InspireTest/ngr/datasetrecords/def/checkxlinkurl.template.feature
arg: {"link":"s"}
checkxlinkurl.template.feature:14 - 
org.apache.http.client.ClientProtocolException
04:24:13.865 [ForkJoinPool-1-worker-3] INFO  com.intuit.karate - [print]
04:24:13.865 [ForkJoinPool-1-worker-3] INFO  com.intuit.karate - [print] testing xlinkurl:t
04:24:13.866 [ForkJoinPool-1-worker-3] ERROR com.intuit.karate - org.apache.http.client.ClientProtocolException, http call failed after 0 milliseconds for URL: t
04:24:13.866 [ForkJoinPool-1-worker-3] ERROR com.intuit.karate - http request failed: 
org.apache.http.client.ClientProtocolException
04:24:13.866 [ForkJoinPool-1-worker-3] ERROR com.intuit.karate - feature call (loop) failed at index: 8
caller: classpath:InspireTest/ngr/datasetrecords/def/checkxlinkurl.template.feature
arg: {"link":"t"}
checkxlinkurl.template.feature:14 - 
org.apache.http.client.ClientProtocolException
04:24:13.867 [ForkJoinPool-1-worker-3] INFO  com.intuit.karate - [print]
04:24:13.867 [ForkJoinPool-1-worker-3] INFO  com.intuit.karate - [print] testing xlinkurl:a
04:24:13.867 [ForkJoinPool-1-worker-3] ERROR com.intuit.karate - org.apache.http.client.ClientProtocolException, http call failed after 0 milliseconds for URL: a
04:24:13.867 [ForkJoinPool-1-worker-3] ERROR com.intuit.karate - http request failed: 
org.apache.http.client.ClientProtocolException
04:24:13.867 [ForkJoinPool-1-worker-3] ERROR com.intuit.karate - feature call (loop) failed at index: 9
caller: classpath:InspireTest/ngr/datasetrecords/def/checkxlinkurl.template.feature
arg: {"link":"a"}
checkxlinkurl.template.feature:14 - 
org.apache.http.client.ClientProtocolException
04:24:13.878 [ForkJoinPool-1-worker-3] INFO  com.intuit.karate - [print]
04:24:13.878 [ForkJoinPool-1-worker-3] INFO  com.intuit.karate - [print] testing xlinkurl:n
04:24:13.878 [ForkJoinPool-1-worker-3] ERROR com.intuit.karate - org.apache.http.client.ClientProtocolException, http call failed after 0 milliseconds for URL: n
04:24:13.878 [ForkJoinPool-1-worker-3] ERROR com.intuit.karate - http request failed: 
org.apache.http.client.ClientProtocolException
04:24:13.878 [ForkJoinPool-1-worker-3] ERROR com.intuit.karate - feature call (loop) failed at index: 10
caller: classpath:InspireTest/ngr/datasetrecords/def/checkxlinkurl.template.feature
arg: {"link":"n"}
checkxlinkurl.template.feature:14 - 
org.apache.http.client.ClientProtocolException
04:24:13.879 [ForkJoinPool-1-worker-3] INFO  com.intuit.karate - [print]
04:24:13.879 [ForkJoinPool-1-worker-3] INFO  com.intuit.karate - [print] testing xlinkurl:d
04:24:13.879 [ForkJoinPool-1-worker-3] ERROR com.intuit.karate - org.apache.http.client.ClientProtocolException, http call failed after 0 milliseconds for URL: d
04:24:13.880 [ForkJoinPool-1-worker-3] ERROR com.intuit.karate - http request failed: 
org.apache.http.client.ClientProtocolException
04:24:13.880 [ForkJoinPool-1-worker-3] ERROR com.intuit.karate - feature call (loop) failed at index: 11
caller: classpath:InspireTest/ngr/datasetrecords/def/checkxlinkurl.template.feature
arg: {"link":"d"}
checkxlinkurl.template.feature:14 - 
org.apache.http.client.ClientProtocolException
04:24:13.880 [ForkJoinPool-1-worker-3] INFO  com.intuit.karate - [print]
04:24:13.880 [ForkJoinPool-1-worker-3] INFO  com.intuit.karate - [print] testing xlinkurl:a
04:24:13.881 [ForkJoinPool-1-worker-3] ERROR com.intuit.karate - org.apache.http.client.ClientProtocolException, http call failed after 0 milliseconds for URL: a
04:24:13.881 [ForkJoinPool-1-worker-3] ERROR com.intuit.karate - http request failed: 
org.apache.http.client.ClientProtocolException
04:24:13.881 [ForkJoinPool-1-worker-3] ERROR com.intuit.karate - feature call (loop) failed at index: 12
caller: classpath:InspireTest/ngr/datasetrecords/def/checkxlinkurl.template.feature
arg: {"link":"a"}
checkxlinkurl.template.feature:14 - 
org.apache.http.client.ClientProtocolException
04:24:13.882 [ForkJoinPool-1-worker-3] INFO  com.intuit.karate - [print]
04:24:13.882 [ForkJoinPool-1-worker-3] INFO  com.intuit.karate - [print] testing xlinkurl:r
04:24:13.882 [ForkJoinPool-1-worker-3] ERROR com.intuit.karate - org.apache.http.client.ClientProtocolException, http call failed after 0 milliseconds for URL: r
04:24:13.882 [ForkJoinPool-1-worker-3] ERROR com.intuit.karate - http request failed: 
org.apache.http.client.ClientProtocolException
04:24:13.882 [ForkJoinPool-1-worker-3] ERROR com.intuit.karate - feature call (loop) failed at index: 13
caller: classpath:InspireTest/ngr/datasetrecords/def/checkxlinkurl.template.feature
arg: {"link":"r"}
checkxlinkurl.template.feature:14 - 
org.apache.http.client.ClientProtocolException
04:24:13.883 [ForkJoinPool-1-worker-3] INFO  com.intuit.karate - [print]
04:24:13.883 [ForkJoinPool-1-worker-3] INFO  com.intuit.karate - [print] testing xlinkurl:d
04:24:13.888 [ForkJoinPool-1-worker-3] ERROR com.intuit.karate - org.apache.http.client.ClientProtocolException, http call failed after 0 milliseconds for URL: d
04:24:13.889 [ForkJoinPool-1-worker-3] ERROR com.intuit.karate - http request failed: 
org.apache.http.client.ClientProtocolException
04:24:13.889 [ForkJoinPool-1-worker-3] ERROR com.intuit.karate - feature call (loop) failed at index: 14
caller: classpath:InspireTest/ngr/datasetrecords/def/checkxlinkurl.template.feature
arg: {"link":"d"}
checkxlinkurl.template.feature:14 - 
org.apache.http.client.ClientProtocolException
04:24:13.889 [ForkJoinPool-1-worker-3] INFO  com.intuit.karate - [print]
04:24:13.890 [ForkJoinPool-1-worker-3] INFO  com.intuit.karate - [print] testing xlinkurl:s
04:24:13.890 [ForkJoinPool-1-worker-3] ERROR com.intuit.karate - org.apache.http.client.ClientProtocolException, http call failed after 0 milliseconds for URL: s
04:24:13.890 [ForkJoinPool-1-worker-3] ERROR com.intuit.karate - http request failed: 
org.apache.http.client.ClientProtocolException
04:24:13.890 [ForkJoinPool-1-worker-3] ERROR com.intuit.karate - feature call (loop) failed at index: 15
caller: classpath:InspireTest/ngr/datasetrecords/def/checkxlinkurl.template.feature
arg: {"link":"s"}
checkxlinkurl.template.feature:14 - 
org.apache.http.client.ClientProtocolException
04:24:13.891 [ForkJoinPool-1-worker-3] INFO  com.intuit.karate - [print]
04:24:13.897 [ForkJoinPool-1-worker-3] INFO  com.intuit.karate - [print] testing xlinkurl:.
04:24:13.897 [ForkJoinPool-1-worker-3] ERROR com.intuit.karate - org.apache.http.client.ClientProtocolException, http call failed after 0 milliseconds for URL: .
04:24:13.897 [ForkJoinPool-1-worker-3] ERROR com.intuit.karate - http request failed: 
org.apache.http.client.ClientProtocolException
04:24:13.898 [ForkJoinPool-1-worker-3] ERROR com.intuit.karate - feature call (loop) failed at index: 16
caller: classpath:InspireTest/ngr/datasetrecords/def/checkxlinkurl.template.feature
arg: {"link":"."}
checkxlinkurl.template.feature:14 - 
org.apache.http.client.ClientProtocolException
04:24:13.898 [ForkJoinPool-1-worker-3] INFO  com.intuit.karate - [print]
04:24:13.898 [ForkJoinPool-1-worker-3] INFO  com.intuit.karate - [print] testing xlinkurl:i
04:24:13.899 [ForkJoinPool-1-worker-3] ERROR com.intuit.karate - org.apache.http.client.ClientProtocolException, http call failed after 0 milliseconds for URL: i
04:24:13.899 [ForkJoinPool-1-worker-3] ERROR com.intuit.karate - http request failed: 
org.apache.http.client.ClientProtocolException
04:24:13.899 [ForkJoinPool-1-worker-3] ERROR com.intuit.karate - feature call (loop) failed at index: 17
caller: classpath:InspireTest/ngr/datasetrecords/def/checkxlinkurl.template.feature
arg: {"link":"i"}
checkxlinkurl.template.feature:14 - 
org.apache.http.client.ClientProtocolException
04:24:13.900 [ForkJoinPool-1-worker-3] INFO  com.intuit.karate - [print]
04:24:13.902 [ForkJoinPool-1-worker-3] INFO  com.intuit.karate - [print] testing xlinkurl:s
04:24:13.902 [ForkJoinPool-1-worker-3] ERROR com.intuit.karate - org.apache.http.client.ClientProtocolException, http call failed after 0 milliseconds for URL: s
04:24:13.902 [ForkJoinPool-1-worker-3] ERROR com.intuit.karate - http request failed: 
org.apache.http.client.ClientProtocolException
04:24:13.902 [ForkJoinPool-1-worker-3] ERROR com.intuit.karate - feature call (loop) failed at index: 18
caller: classpath:InspireTest/ngr/datasetrecords/def/checkxlinkurl.template.feature
arg: {"link":"s"}
checkxlinkurl.template.feature:14 - 
org.apache.http.client.ClientProtocolException
04:24:13.903 [ForkJoinPool-1-worker-3] INFO  com.intuit.karate - [print]
04:24:13.903 [ForkJoinPool-1-worker-3] INFO  com.intuit.karate - [print] testing xlinkurl:o
04:24:13.904 [ForkJoinPool-1-worker-3] ERROR com.intuit.karate - org.apache.http.client.ClientProtocolException, http call failed after 0 milliseconds for URL: o
04:24:13.904 [ForkJoinPool-1-worker-3] ERROR com.intuit.karate - http request failed: 
org.apache.http.client.ClientProtocolException
04:24:13.904 [ForkJoinPool-1-worker-3] ERROR com.intuit.karate - feature call (loop) failed at index: 19
caller: classpath:InspireTest/ngr/datasetrecords/def/checkxlinkurl.template.feature
arg: {"link":"o"}
checkxlinkurl.template.feature:14 - 
org.apache.http.client.ClientProtocolException
04:24:13.905 [ForkJoinPool-1-worker-3] INFO  com.intuit.karate - [print]
04:24:13.905 [ForkJoinPool-1-worker-3] INFO  com.intuit.karate - [print] testing xlinkurl:.
04:24:13.906 [ForkJoinPool-1-worker-3] ERROR com.intuit.karate - org.apache.http.client.ClientProtocolException, http call failed after 0 milliseconds for URL: .
04:24:13.913 [ForkJoinPool-1-worker-3] ERROR com.intuit.karate - http request failed: 
org.apache.http.client.ClientProtocolException
04:24:13.913 [ForkJoinPool-1-worker-3] ERROR com.intuit.karate - feature call (loop) failed at index: 20
caller: classpath:InspireTest/ngr/datasetrecords/def/checkxlinkurl.template.feature
arg: {"link":"."}
checkxlinkurl.template.feature:14 - 
org.apache.http.client.ClientProtocolException
04:24:13.914 [ForkJoinPool-1-worker-3] INFO  com.intuit.karate - [print]
04:24:13.914 [ForkJoinPool-1-worker-3] INFO  com.intuit.karate - [print] testing xlinkurl:o
04:24:13.914 [ForkJoinPool-1-worker-3] ERROR com.intuit.karate - org.apache.http.client.ClientProtocolException, http call failed after 0 milliseconds for URL: o
04:24:13.914 [ForkJoinPool-1-worker-3] ERROR com.intuit.karate - http request failed: 
org.apache.http.client.ClientProtocolException
04:24:13.914 [ForkJoinPool-1-worker-3] ERROR com.intuit.karate - feature call (loop) failed at index: 21
caller: classpath:InspireTest/ngr/datasetrecords/def/checkxlinkurl.template.feature
arg: {"link":"o"}
checkxlinkurl.template.feature:14 - 
org.apache.http.client.ClientProtocolException
04:24:13.915 [ForkJoinPool-1-worker-3] INFO  com.intuit.karate - [print]
04:24:13.915 [ForkJoinPool-1-worker-3] INFO  com.intuit.karate - [print] testing xlinkurl:r
04:24:13.916 [ForkJoinPool-1-worker-3] ERROR com.intuit.karate - org.apache.http.client.ClientProtocolException, http call failed after 0 milliseconds for URL: r
04:24:13.916 [ForkJoinPool-1-worker-3] ERROR com.intuit.karate - http request failed: 
org.apache.http.client.ClientProtocolException
04:24:13.916 [ForkJoinPool-1-worker-3] ERROR com.intuit.karate - feature call (loop) failed at index: 22
caller: classpath:InspireTest/ngr/datasetrecords/def/checkxlinkurl.template.feature
arg: {"link":"r"}
checkxlinkurl.template.feature:14 - 
org.apache.http.client.ClientProtocolException
04:24:13.916 [ForkJoinPool-1-worker-3] INFO  com.intuit.karate - [print]
04:24:13.917 [ForkJoinPool-1-worker-3] INFO  com.intuit.karate - [print] testing xlinkurl:g
04:24:13.918 [ForkJoinPool-1-worker-3] ERROR com.intuit.karate - org.apache.http.client.ClientProtocolException, http call failed after 0 milliseconds for URL: g
04:24:13.918 [ForkJoinPool-1-worker-3] ERROR com.intuit.karate - http request failed: 
org.apache.http.client.ClientProtocolException
04:24:13.918 [ForkJoinPool-1-worker-3] ERROR com.intuit.karate - feature call (loop) failed at index: 23
caller: classpath:InspireTest/ngr/datasetrecords/def/checkxlinkurl.template.feature
arg: {"link":"g"}
checkxlinkurl.template.feature:14 - 
org.apache.http.client.ClientProtocolException
04:24:13.919 [ForkJoinPool-1-worker-3] INFO  com.intuit.karate - [print]
04:24:13.919 [ForkJoinPool-1-worker-3] INFO  com.intuit.karate - [print] testing xlinkurl:/
04:24:13.919 [ForkJoinPool-1-worker-3] ERROR com.intuit.karate - org.apache.http.client.ClientProtocolException, http call failed after 0 milliseconds for URL: /
04:24:13.919 [ForkJoinPool-1-worker-3] ERROR com.intuit.karate - http request failed: 
org.apache.http.client.ClientProtocolException
04:24:13.919 [ForkJoinPool-1-worker-3] ERROR com.intuit.karate - feature call (loop) failed at index: 24
caller: classpath:InspireTest/ngr/datasetrecords/def/checkxlinkurl.template.feature
arg: {"link":"/"}
checkxlinkurl.template.feature:14 - 
org.apache.http.client.ClientProtocolException
04:24:13.920 [ForkJoinPool-1-worker-3] INFO  com.intuit.karate - [print]
04:24:13.920 [ForkJoinPool-1-worker-3] INFO  com.intuit.karate - [print] testing xlinkurl:i
04:24:13.921 [ForkJoinPool-1-worker-3] ERROR com.intuit.karate - org.apache.http.client.ClientProtocolException, http call failed after 0 milliseconds for URL: i
04:24:13.921 [ForkJoinPool-1-worker-3] ERROR com.intuit.karate - http request failed: 
org.apache.http.client.ClientProtocolException
04:24:13.921 [ForkJoinPool-1-worker-3] ERROR com.intuit.karate - feature call (loop) failed at index: 25
caller: classpath:InspireTest/ngr/datasetrecords/def/checkxlinkurl.template.feature
arg: {"link":"i"}
checkxlinkurl.template.feature:14 - 
org.apache.http.client.ClientProtocolException
04:24:13.921 [ForkJoinPool-1-worker-3] INFO  com.intuit.karate - [print]
04:24:13.929 [ForkJoinPool-1-worker-3] INFO  com.intuit.karate - [print] testing xlinkurl:t
04:24:13.929 [ForkJoinPool-1-worker-3] ERROR com.intuit.karate - org.apache.http.client.ClientProtocolException, http call failed after 0 milliseconds for URL: t
04:24:13.930 [ForkJoinPool-1-worker-3] ERROR com.intuit.karate - http request failed: 
org.apache.http.client.ClientProtocolException
04:24:13.930 [ForkJoinPool-1-worker-3] ERROR com.intuit.karate - feature call (loop) failed at index: 26
caller: classpath:InspireTest/ngr/datasetrecords/def/checkxlinkurl.template.feature
arg: {"link":"t"}
checkxlinkurl.template.feature:14 - 
org.apache.http.client.ClientProtocolException
04:24:13.931 [ForkJoinPool-1-worker-3] INFO  com.intuit.karate - [print]
04:24:13.931 [ForkJoinPool-1-worker-3] INFO  com.intuit.karate - [print] testing xlinkurl:t
04:24:13.931 [ForkJoinPool-1-worker-3] ERROR com.intuit.karate - org.apache.http.client.ClientProtocolException, http call failed after 0 milliseconds for URL: t
04:24:13.931 [ForkJoinPool-1-worker-3] ERROR com.intuit.karate - http request failed: 
org.apache.http.client.ClientProtocolException
04:24:13.931 [ForkJoinPool-1-worker-3] ERROR com.intuit.karate - feature call (loop) failed at index: 27
caller: classpath:InspireTest/ngr/datasetrecords/def/checkxlinkurl.template.feature
arg: {"link":"t"}
checkxlinkurl.template.feature:14 - 
org.apache.http.client.ClientProtocolException
04:24:13.932 [ForkJoinPool-1-worker-3] INFO  com.intuit.karate - [print]
04:24:13.932 [ForkJoinPool-1-worker-3] INFO  com.intuit.karate - [print] testing xlinkurl:f
04:24:13.932 [ForkJoinPool-1-worker-3] ERROR com.intuit.karate - org.apache.http.client.ClientProtocolException, http call failed after 0 milliseconds for URL: f
04:24:13.933 [ForkJoinPool-1-worker-3] ERROR com.intuit.karate - http request failed: 
org.apache.http.client.ClientProtocolException
04:24:13.933 [ForkJoinPool-1-worker-3] ERROR com.intuit.karate - feature call (loop) failed at index: 28
caller: classpath:InspireTest/ngr/datasetrecords/def/checkxlinkurl.template.feature
arg: {"link":"f"}
checkxlinkurl.template.feature:14 - 
org.apache.http.client.ClientProtocolException
04:24:13.933 [ForkJoinPool-1-worker-3] INFO  com.intuit.karate - [print]
04:24:13.934 [ForkJoinPool-1-worker-3] INFO  com.intuit.karate - [print] testing xlinkurl:/
04:24:13.934 [ForkJoinPool-1-worker-3] ERROR com.intuit.karate - org.apache.http.client.ClientProtocolException, http call failed after 0 milliseconds for URL: /
04:24:13.934 [ForkJoinPool-1-worker-3] ERROR com.intuit.karate - http request failed: 
org.apache.http.client.ClientProtocolException
04:24:13.934 [ForkJoinPool-1-worker-3] ERROR com.intuit.karate - feature call (loop) failed at index: 29
caller: classpath:InspireTest/ngr/datasetrecords/def/checkxlinkurl.template.feature
arg: {"link":"/"}
checkxlinkurl.template.feature:14 - 
org.apache.http.client.ClientProtocolException
04:24:13.935 [ForkJoinPool-1-worker-3] INFO  com.intuit.karate - [print]
04:24:13.935 [ForkJoinPool-1-worker-3] INFO  com.intuit.karate - [print] testing xlinkurl:P
04:24:13.935 [ForkJoinPool-1-worker-3] ERROR com.intuit.karate - org.apache.http.client.ClientProtocolException, http call failed after 0 milliseconds for URL: P
04:24:13.935 [ForkJoinPool-1-worker-3] ERROR com.intuit.karate - http request failed: 
org.apache.http.client.ClientProtocolException
04:24:13.935 [ForkJoinPool-1-worker-3] ERROR com.intuit.karate - feature call (loop) failed at index: 30
caller: classpath:InspireTest/ngr/datasetrecords/def/checkxlinkurl.template.feature
arg: {"link":"P"}
checkxlinkurl.template.feature:14 - 
org.apache.http.client.ClientProtocolException
04:24:13.936 [ForkJoinPool-1-worker-3] INFO  com.intuit.karate - [print]
04:24:13.936 [ForkJoinPool-1-worker-3] INFO  com.intuit.karate - [print] testing xlinkurl:u
04:24:13.937 [ForkJoinPool-1-worker-3] ERROR com.intuit.karate - org.apache.http.client.ClientProtocolException, http call failed after 0 milliseconds for URL: u
04:24:13.941 [ForkJoinPool-1-worker-3] ERROR com.intuit.karate - http request failed: 
org.apache.http.client.ClientProtocolException
04:24:13.941 [ForkJoinPool-1-worker-3] ERROR com.intuit.karate - feature call (loop) failed at index: 31
caller: classpath:InspireTest/ngr/datasetrecords/def/checkxlinkurl.template.feature
arg: {"link":"u"}
checkxlinkurl.template.feature:14 - 
org.apache.http.client.ClientProtocolException
04:24:13.942 [ForkJoinPool-1-worker-3] INFO  com.intuit.karate - [print]
04:24:13.942 [ForkJoinPool-1-worker-3] INFO  com.intuit.karate - [print] testing xlinkurl:b
04:24:13.942 [ForkJoinPool-1-worker-3] ERROR com.intuit.karate - org.apache.http.client.ClientProtocolException, http call failed after 0 milliseconds for URL: b
04:24:13.942 [ForkJoinPool-1-worker-3] ERROR com.intuit.karate - http request failed: 
org.apache.http.client.ClientProtocolException
04:24:13.942 [ForkJoinPool-1-worker-3] ERROR com.intuit.karate - feature call (loop) failed at index: 32
caller: classpath:InspireTest/ngr/datasetrecords/def/checkxlinkurl.template.feature
arg: {"link":"b"}
checkxlinkurl.template.feature:14 - 
org.apache.http.client.ClientProtocolException
04:24:13.943 [ForkJoinPool-1-worker-3] INFO  com.intuit.karate - [print]
04:24:13.943 [ForkJoinPool-1-worker-3] INFO  com.intuit.karate - [print] testing xlinkurl:l
04:24:13.944 [ForkJoinPool-1-worker-3] ERROR com.intuit.karate - org.apache.http.client.ClientProtocolException, http call failed after 0 milliseconds for URL: l
04:24:13.944 [ForkJoinPool-1-worker-3] ERROR com.intuit.karate - http request failed: 
org.apache.http.client.ClientProtocolException
04:24:13.944 [ForkJoinPool-1-worker-3] ERROR com.intuit.karate - feature call (loop) failed at index: 33
caller: classpath:InspireTest/ngr/datasetrecords/def/checkxlinkurl.template.feature
arg: {"link":"l"}
checkxlinkurl.template.feature:14 - 
org.apache.http.client.ClientProtocolException
04:24:13.945 [ForkJoinPool-1-worker-3] INFO  com.intuit.karate - [print]
04:24:13.945 [ForkJoinPool-1-worker-3] INFO  com.intuit.karate - [print] testing xlinkurl:i
04:24:13.945 [ForkJoinPool-1-worker-3] ERROR com.intuit.karate - org.apache.http.client.ClientProtocolException, http call failed after 0 milliseconds for URL: i
04:24:13.945 [ForkJoinPool-1-worker-3] ERROR com.intuit.karate - http request failed: 
org.apache.http.client.ClientProtocolException
04:24:13.945 [ForkJoinPool-1-worker-3] ERROR com.intuit.karate - feature call (loop) failed at index: 34
caller: classpath:InspireTest/ngr/datasetrecords/def/checkxlinkurl.template.feature
arg: {"link":"i"}
checkxlinkurl.template.feature:14 - 
org.apache.http.client.ClientProtocolException
04:24:13.946 [ForkJoinPool-1-worker-3] INFO  com.intuit.karate - [print]
04:24:13.946 [ForkJoinPool-1-worker-3] INFO  com.intuit.karate - [print] testing xlinkurl:c
04:24:13.946 [ForkJoinPool-1-worker-3] ERROR com.intuit.karate - org.apache.http.client.ClientProtocolException, http call failed after 0 milliseconds for URL: c
04:24:13.947 [ForkJoinPool-1-worker-3] ERROR com.intuit.karate - http request failed: 
org.apache.http.client.ClientProtocolException
04:24:13.947 [ForkJoinPool-1-worker-3] ERROR com.intuit.karate - feature call (loop) failed at index: 35
caller: classpath:InspireTest/ngr/datasetrecords/def/checkxlinkurl.template.feature
arg: {"link":"c"}
checkxlinkurl.template.feature:14 - 
org.apache.http.client.ClientProtocolException
04:24:13.958 [ForkJoinPool-1-worker-13] ERROR com.intuit.karate - status code was: 404, expected: 200, response time: 207, url: http://rdfdata.eionet.europa.eu/inspirethemes/themes/28, response: 
04:24:13.958 [ForkJoinPool-1-worker-13] ERROR com.intuit.karate - feature call (loop) failed at index: 2
caller: classpath:InspireTest/ngr/datasetrecords/def/checkxlinkurl.template.feature
arg: {"link":"http://rdfdata.eionet.europa.eu/inspirethemes/themes/28"}
checkxlinkurl.template.feature:15 - status code was: 404, expected: 200, response time: 207, url: http://rdfdata.eionet.europa.eu/inspirethemes/themes/28, response: 
04:24:13.979 [ForkJoinPool-1-worker-13] INFO  com.intuit.karate - [print]
04:24:13.979 [ForkJoinPool-1-worker-3] INFO  com.intuit.karate - [print]
04:24:13.979 [ForkJoinPool-1-worker-13] INFO  com.intuit.karate - [print] testing xlinkurl:urn:ogc:def:crs:EPSG::5709
04:24:13.979 [ForkJoinPool-1-worker-3] INFO  com.intuit.karate - [print] testing xlinkurl:l
04:24:13.980 [ForkJoinPool-1-worker-13] ERROR com.intuit.karate - org.apache.http.client.ClientProtocolException: URI does not specify a valid host name: urn:ogc:def:crs:EPSG::5709, http call failed after 0 milliseconds for URL: urn:ogc:def:crs:EPSG::5709
04:24:13.980 [ForkJoinPool-1-worker-3] ERROR com.intuit.karate - org.apache.http.client.ClientProtocolException, http call failed after 0 milliseconds for URL: l
04:24:13.980 [ForkJoinPool-1-worker-3] ERROR com.intuit.karate - http request failed: 
org.apache.http.client.ClientProtocolException
04:24:13.980 [ForkJoinPool-1-worker-13] ERROR com.intuit.karate - http request failed: 
org.apache.http.client.ClientProtocolException: URI does not specify a valid host name: urn:ogc:def:crs:EPSG::5709
04:24:13.983 [ForkJoinPool-1-worker-3] ERROR com.intuit.karate - feature call (loop) failed at index: 36
caller: classpath:InspireTest/ngr/datasetrecords/def/checkxlinkurl.template.feature
arg: {"link":"l"}
checkxlinkurl.template.feature:14 - 
org.apache.http.client.ClientProtocolException
04:24:13.983 [ForkJoinPool-1-worker-13] ERROR com.intuit.karate - feature call (loop) failed at index: 3
caller: classpath:InspireTest/ngr/datasetrecords/def/checkxlinkurl.template.feature
arg: {"link":"urn:ogc:def:crs:EPSG::5709"}
checkxlinkurl.template.feature:14 - 
org.apache.http.client.ClientProtocolException: URI does not specify a valid host name: urn:ogc:def:crs:EPSG::5709
04:24:13.986 [ForkJoinPool-1-worker-3] INFO  com.intuit.karate - [print]
04:24:13.988 [ForkJoinPool-1-worker-3] INFO  com.intuit.karate - [print] testing xlinkurl:y
04:24:13.988 [ForkJoinPool-1-worker-3] ERROR com.intuit.karate - org.apache.http.client.ClientProtocolException, http call failed after 0 milliseconds for URL: y
04:24:13.988 [ForkJoinPool-1-worker-3] ERROR com.intuit.karate - http request failed: 
org.apache.http.client.ClientProtocolException
04:24:13.988 [ForkJoinPool-1-worker-3] ERROR com.intuit.karate - feature call (loop) failed at index: 37
caller: classpath:InspireTest/ngr/datasetrecords/def/checkxlinkurl.template.feature
arg: {"link":"y"}
checkxlinkurl.template.feature:14 - 
org.apache.http.client.ClientProtocolException
04:24:13.989 [ForkJoinPool-1-worker-3] INFO  com.intuit.karate - [print]
04:24:13.993 [ForkJoinPool-1-worker-3] INFO  com.intuit.karate - [print] testing xlinkurl:A
04:24:13.993 [ForkJoinPool-1-worker-3] ERROR com.intuit.karate - org.apache.http.client.ClientProtocolException, http call failed after 0 milliseconds for URL: A
04:24:13.993 [ForkJoinPool-1-worker-3] ERROR com.intuit.karate - http request failed: 
org.apache.http.client.ClientProtocolException
04:24:13.994 [ForkJoinPool-1-worker-3] ERROR com.intuit.karate - feature call (loop) failed at index: 38
caller: classpath:InspireTest/ngr/datasetrecords/def/checkxlinkurl.template.feature
arg: {"link":"A"}
checkxlinkurl.template.feature:14 - 
org.apache.http.client.ClientProtocolException
04:24:13.994 [ForkJoinPool-1-worker-3] INFO  com.intuit.karate - [print]
04:24:13.994 [ForkJoinPool-1-worker-3] INFO  com.intuit.karate - [print] testing xlinkurl:v
04:24:13.995 [ForkJoinPool-1-worker-3] ERROR com.intuit.karate - org.apache.http.client.ClientProtocolException, http call failed after 0 milliseconds for URL: v
04:24:13.995 [ForkJoinPool-1-worker-3] ERROR com.intuit.karate - http request failed: 
org.apache.http.client.ClientProtocolException
04:24:13.997 [ForkJoinPool-1-worker-3] ERROR com.intuit.karate - feature call (loop) failed at index: 39
caller: classpath:InspireTest/ngr/datasetrecords/def/checkxlinkurl.template.feature
arg: {"link":"v"}
checkxlinkurl.template.feature:14 - 
org.apache.http.client.ClientProtocolException
04:24:13.998 [ForkJoinPool-1-worker-3] INFO  com.intuit.karate - [print]
04:24:13.998 [ForkJoinPool-1-worker-3] INFO  com.intuit.karate - [print] testing xlinkurl:a
04:24:13.999 [ForkJoinPool-1-worker-3] ERROR com.intuit.karate - org.apache.http.client.ClientProtocolException, http call failed after 0 milliseconds for URL: a
04:24:13.999 [ForkJoinPool-1-worker-3] ERROR com.intuit.karate - http request failed: 
org.apache.http.client.ClientProtocolException
04:24:13.999 [ForkJoinPool-1-worker-3] ERROR com.intuit.karate - feature call (loop) failed at index: 40
caller: classpath:InspireTest/ngr/datasetrecords/def/checkxlinkurl.template.feature
arg: {"link":"a"}
checkxlinkurl.template.feature:14 - 
org.apache.http.client.ClientProtocolException
04:24:13.999 [ForkJoinPool-1-worker-3] INFO  com.intuit.karate - [print]
04:24:14.001 [ForkJoinPool-1-worker-3] INFO  com.intuit.karate - [print] testing xlinkurl:i
04:24:14.001 [ForkJoinPool-1-worker-3] ERROR com.intuit.karate - org.apache.http.client.ClientProtocolException, http call failed after 0 milliseconds for URL: i
04:24:14.001 [ForkJoinPool-1-worker-3] ERROR com.intuit.karate - http request failed: 
org.apache.http.client.ClientProtocolException
04:24:14.001 [ForkJoinPool-1-worker-3] ERROR com.intuit.karate - feature call (loop) failed at index: 41
caller: classpath:InspireTest/ngr/datasetrecords/def/checkxlinkurl.template.feature
arg: {"link":"i"}
checkxlinkurl.template.feature:14 - 
org.apache.http.client.ClientProtocolException
04:24:14.002 [ForkJoinPool-1-worker-3] INFO  com.intuit.karate - [print]
04:24:14.009 [ForkJoinPool-1-worker-3] INFO  com.intuit.karate - [print] testing xlinkurl:l
04:24:14.009 [ForkJoinPool-1-worker-3] ERROR com.intuit.karate - org.apache.http.client.ClientProtocolException, http call failed after 0 milliseconds for URL: l
04:24:14.009 [ForkJoinPool-1-worker-3] ERROR com.intuit.karate - http request failed: 
org.apache.http.client.ClientProtocolException
04:24:14.010 [ForkJoinPool-1-worker-3] ERROR com.intuit.karate - feature call (loop) failed at index: 42
caller: classpath:InspireTest/ngr/datasetrecords/def/checkxlinkurl.template.feature
arg: {"link":"l"}
checkxlinkurl.template.feature:14 - 
org.apache.http.client.ClientProtocolException
04:24:14.011 [ForkJoinPool-1-worker-3] INFO  com.intuit.karate - [print]
04:24:14.011 [ForkJoinPool-1-worker-3] INFO  com.intuit.karate - [print] testing xlinkurl:a
04:24:14.012 [ForkJoinPool-1-worker-3] ERROR com.intuit.karate - org.apache.http.client.ClientProtocolException, http call failed after 0 milliseconds for URL: a
04:24:14.012 [ForkJoinPool-1-worker-3] ERROR com.intuit.karate - http request failed: 
org.apache.http.client.ClientProtocolException
04:24:14.012 [ForkJoinPool-1-worker-3] ERROR com.intuit.karate - feature call (loop) failed at index: 43
caller: classpath:InspireTest/ngr/datasetrecords/def/checkxlinkurl.template.feature
arg: {"link":"a"}
checkxlinkurl.template.feature:14 - 
org.apache.http.client.ClientProtocolException
04:24:14.013 [ForkJoinPool-1-worker-3] INFO  com.intuit.karate - [print]
04:24:14.013 [ForkJoinPool-1-worker-3] INFO  com.intuit.karate - [print] testing xlinkurl:b
04:24:14.013 [ForkJoinPool-1-worker-3] ERROR com.intuit.karate - org.apache.http.client.ClientProtocolException, http call failed after 0 milliseconds for URL: b
04:24:14.013 [ForkJoinPool-1-worker-3] ERROR com.intuit.karate - http request failed: 
org.apache.http.client.ClientProtocolException
04:24:14.013 [ForkJoinPool-1-worker-3] ERROR com.intuit.karate - feature call (loop) failed at index: 44
caller: classpath:InspireTest/ngr/datasetrecords/def/checkxlinkurl.template.feature
arg: {"link":"b"}
checkxlinkurl.template.feature:14 - 
org.apache.http.client.ClientProtocolException
04:24:14.014 [ForkJoinPool-1-worker-3] INFO  com.intuit.karate - [print]
04:24:14.014 [ForkJoinPool-1-worker-3] INFO  com.intuit.karate - [print] testing xlinkurl:l
04:24:14.015 [ForkJoinPool-1-worker-3] ERROR com.intuit.karate - org.apache.http.client.ClientProtocolException, http call failed after 0 milliseconds for URL: l
04:24:14.015 [ForkJoinPool-1-worker-3] ERROR com.intuit.karate - http request failed: 
org.apache.http.client.ClientProtocolException
04:24:14.015 [ForkJoinPool-1-worker-3] ERROR com.intuit.karate - feature call (loop) failed at index: 45
caller: classpath:InspireTest/ngr/datasetrecords/def/checkxlinkurl.template.feature
arg: {"link":"l"}
checkxlinkurl.template.feature:14 - 
org.apache.http.client.ClientProtocolException
04:24:14.016 [ForkJoinPool-1-worker-3] INFO  com.intuit.karate - [print]
04:24:14.016 [ForkJoinPool-1-worker-3] INFO  com.intuit.karate - [print] testing xlinkurl:e
04:24:14.016 [ForkJoinPool-1-worker-3] ERROR com.intuit.karate - org.apache.http.client.ClientProtocolException, http call failed after 0 milliseconds for URL: e
04:24:14.021 [ForkJoinPool-1-worker-3] ERROR com.intuit.karate - http request failed: 
org.apache.http.client.ClientProtocolException
04:24:14.021 [ForkJoinPool-1-worker-3] ERROR com.intuit.karate - feature call (loop) failed at index: 46
caller: classpath:InspireTest/ngr/datasetrecords/def/checkxlinkurl.template.feature
arg: {"link":"e"}
checkxlinkurl.template.feature:14 - 
org.apache.http.client.ClientProtocolException
04:24:14.022 [ForkJoinPool-1-worker-3] INFO  com.intuit.karate - [print]
04:24:14.022 [ForkJoinPool-1-worker-3] INFO  com.intuit.karate - [print] testing xlinkurl:S
04:24:14.022 [ForkJoinPool-1-worker-3] ERROR com.intuit.karate - org.apache.http.client.ClientProtocolException, http call failed after 0 milliseconds for URL: S
04:24:14.022 [ForkJoinPool-1-worker-3] ERROR com.intuit.karate - http request failed: 
org.apache.http.client.ClientProtocolException
04:24:14.022 [ForkJoinPool-1-worker-3] ERROR com.intuit.karate - feature call (loop) failed at index: 47
caller: classpath:InspireTest/ngr/datasetrecords/def/checkxlinkurl.template.feature
arg: {"link":"S"}
checkxlinkurl.template.feature:14 - 
org.apache.http.client.ClientProtocolException
04:24:14.023 [ForkJoinPool-1-worker-3] INFO  com.intuit.karate - [print]
04:24:14.023 [ForkJoinPool-1-worker-3] INFO  com.intuit.karate - [print] testing xlinkurl:t
04:24:14.024 [ForkJoinPool-1-worker-3] ERROR com.intuit.karate - org.apache.http.client.ClientProtocolException, http call failed after 0 milliseconds for URL: t
04:24:14.024 [ForkJoinPool-1-worker-3] ERROR com.intuit.karate - http request failed: 
org.apache.http.client.ClientProtocolException
04:24:14.024 [ForkJoinPool-1-worker-3] ERROR com.intuit.karate - feature call (loop) failed at index: 48
caller: classpath:InspireTest/ngr/datasetrecords/def/checkxlinkurl.template.feature
arg: {"link":"t"}
checkxlinkurl.template.feature:14 - 
org.apache.http.client.ClientProtocolException
04:24:14.025 [ForkJoinPool-1-worker-3] INFO  com.intuit.karate - [print]
04:24:14.025 [ForkJoinPool-1-worker-3] INFO  com.intuit.karate - [print] testing xlinkurl:a
04:24:14.025 [ForkJoinPool-1-worker-3] ERROR com.intuit.karate - org.apache.http.client.ClientProtocolException, http call failed after 0 milliseconds for URL: a
04:24:14.025 [ForkJoinPool-1-worker-3] ERROR com.intuit.karate - http request failed: 
org.apache.http.client.ClientProtocolException
04:24:14.025 [ForkJoinPool-1-worker-3] ERROR com.intuit.karate - feature call (loop) failed at index: 49
caller: classpath:InspireTest/ngr/datasetrecords/def/checkxlinkurl.template.feature
arg: {"link":"a"}
checkxlinkurl.template.feature:14 - 
org.apache.http.client.ClientProtocolException
04:24:14.026 [ForkJoinPool-1-worker-3] INFO  com.intuit.karate - [print]
04:24:14.029 [ForkJoinPool-1-worker-3] INFO  com.intuit.karate - [print] testing xlinkurl:n
04:24:14.029 [ForkJoinPool-1-worker-3] ERROR com.intuit.karate - org.apache.http.client.ClientProtocolException, http call failed after 0 milliseconds for URL: n
04:24:14.029 [ForkJoinPool-1-worker-3] ERROR com.intuit.karate - http request failed: 
org.apache.http.client.ClientProtocolException
04:24:14.029 [ForkJoinPool-1-worker-3] ERROR com.intuit.karate - feature call (loop) failed at index: 50
caller: classpath:InspireTest/ngr/datasetrecords/def/checkxlinkurl.template.feature
arg: {"link":"n"}
checkxlinkurl.template.feature:14 - 
org.apache.http.client.ClientProtocolException
04:24:14.030 [ForkJoinPool-1-worker-3] INFO  com.intuit.karate - [print]
04:24:14.030 [ForkJoinPool-1-worker-3] INFO  com.intuit.karate - [print] testing xlinkurl:d
04:24:14.031 [ForkJoinPool-1-worker-3] ERROR com.intuit.karate - org.apache.http.client.ClientProtocolException, http call failed after 0 milliseconds for URL: d
04:24:14.031 [ForkJoinPool-1-worker-3] ERROR com.intuit.karate - http request failed: 
org.apache.http.client.ClientProtocolException
04:24:14.031 [ForkJoinPool-1-worker-3] ERROR com.intuit.karate - feature call (loop) failed at index: 51
caller: classpath:InspireTest/ngr/datasetrecords/def/checkxlinkurl.template.feature
arg: {"link":"d"}
checkxlinkurl.template.feature:14 - 
org.apache.http.client.ClientProtocolException
04:24:14.031 [ForkJoinPool-1-worker-3] INFO  com.intuit.karate - [print]
04:24:14.037 [ForkJoinPool-1-worker-3] INFO  com.intuit.karate - [print] testing xlinkurl:a
04:24:14.037 [ForkJoinPool-1-worker-3] ERROR com.intuit.karate - org.apache.http.client.ClientProtocolException, http call failed after 0 milliseconds for URL: a
04:24:14.037 [ForkJoinPool-1-worker-3] ERROR com.intuit.karate - http request failed: 
org.apache.http.client.ClientProtocolException
04:24:14.037 [ForkJoinPool-1-worker-3] ERROR com.intuit.karate - feature call (loop) failed at index: 52
caller: classpath:InspireTest/ngr/datasetrecords/def/checkxlinkurl.template.feature
arg: {"link":"a"}
checkxlinkurl.template.feature:14 - 
org.apache.http.client.ClientProtocolException
04:24:14.038 [ForkJoinPool-1-worker-3] INFO  com.intuit.karate - [print]
04:24:14.038 [ForkJoinPool-1-worker-3] INFO  com.intuit.karate - [print] testing xlinkurl:r
04:24:14.039 [ForkJoinPool-1-worker-3] ERROR com.intuit.karate - org.apache.http.client.ClientProtocolException, http call failed after 0 milliseconds for URL: r
04:24:14.039 [ForkJoinPool-1-worker-3] ERROR com.intuit.karate - http request failed: 
org.apache.http.client.ClientProtocolException
04:24:14.039 [ForkJoinPool-1-worker-3] ERROR com.intuit.karate - feature call (loop) failed at index: 53
caller: classpath:InspireTest/ngr/datasetrecords/def/checkxlinkurl.template.feature
arg: {"link":"r"}
checkxlinkurl.template.feature:14 - 
org.apache.http.client.ClientProtocolException
04:24:14.039 [ForkJoinPool-1-worker-3] INFO  com.intuit.karate - [print]
04:24:14.040 [ForkJoinPool-1-worker-3] INFO  com.intuit.karate - [print] testing xlinkurl:d
04:24:14.040 [ForkJoinPool-1-worker-3] ERROR com.intuit.karate - org.apache.http.client.ClientProtocolException, http call failed after 0 milliseconds for URL: d
04:24:14.040 [ForkJoinPool-1-worker-3] ERROR com.intuit.karate - http request failed: 
org.apache.http.client.ClientProtocolException
04:24:14.040 [ForkJoinPool-1-worker-3] ERROR com.intuit.karate - feature call (loop) failed at index: 54
caller: classpath:InspireTest/ngr/datasetrecords/def/checkxlinkurl.template.feature
arg: {"link":"d"}
checkxlinkurl.template.feature:14 - 
org.apache.http.client.ClientProtocolException
04:24:14.133 [ForkJoinPool-1-worker-3] INFO  com.intuit.karate - [print]
04:24:14.133 [ForkJoinPool-1-worker-3] INFO  com.intuit.karate - [print] testing xlinkurl:s
04:24:14.134 [ForkJoinPool-1-worker-3] ERROR com.intuit.karate - org.apache.http.client.ClientProtocolException, http call failed after 0 milliseconds for URL: s
04:24:14.134 [ForkJoinPool-1-worker-3] ERROR com.intuit.karate - http request failed: 
org.apache.http.client.ClientProtocolException
04:24:14.134 [ForkJoinPool-1-worker-3] ERROR com.intuit.karate - feature call (loop) failed at index: 55
caller: classpath:InspireTest/ngr/datasetrecords/def/checkxlinkurl.template.feature
arg: {"link":"s"}
checkxlinkurl.template.feature:14 - 
org.apache.http.client.ClientProtocolException
04:24:14.135 [ForkJoinPool-1-worker-3] INFO  com.intuit.karate - [print]
04:24:14.135 [ForkJoinPool-1-worker-3] INFO  com.intuit.karate - [print] testing xlinkurl:/
04:24:14.135 [ForkJoinPool-1-worker-3] ERROR com.intuit.karate - org.apache.http.client.ClientProtocolException, http call failed after 0 milliseconds for URL: /
04:24:14.136 [ForkJoinPool-1-worker-3] ERROR com.intuit.karate - http request failed: 
org.apache.http.client.ClientProtocolException
04:24:14.136 [ForkJoinPool-1-worker-3] ERROR com.intuit.karate - feature call (loop) failed at index: 56
caller: classpath:InspireTest/ngr/datasetrecords/def/checkxlinkurl.template.feature
arg: {"link":"/"}
checkxlinkurl.template.feature:14 - 
org.apache.http.client.ClientProtocolException
04:24:14.136 [ForkJoinPool-1-worker-3] INFO  com.intuit.karate - [print]
04:24:14.136 [ForkJoinPool-1-worker-3] INFO  com.intuit.karate - [print] testing xlinkurl:I
04:24:14.137 [ForkJoinPool-1-worker-3] ERROR com.intuit.karate - org.apache.http.client.ClientProtocolException, http call failed after 0 milliseconds for URL: I
04:24:14.144 [ForkJoinPool-1-worker-3] ERROR com.intuit.karate - http request failed: 
org.apache.http.client.ClientProtocolException
04:24:14.144 [ForkJoinPool-1-worker-3] ERROR com.intuit.karate - feature call (loop) failed at index: 57
caller: classpath:InspireTest/ngr/datasetrecords/def/checkxlinkurl.template.feature
arg: {"link":"I"}
checkxlinkurl.template.feature:14 - 
org.apache.http.client.ClientProtocolException
04:24:14.145 [ForkJoinPool-1-worker-3] INFO  com.intuit.karate - [print]
04:24:14.153 [ForkJoinPool-1-worker-3] INFO  com.intuit.karate - [print] testing xlinkurl:S
04:24:14.143 [ForkJoinPool-1-worker-5] INFO  com.intuit.karate - [print] title:Human Health NL NUTS2
04:24:14.154 [ForkJoinPool-1-worker-5] INFO  com.intuit.karate - [print] Human Health NL NUTS2
04:24:14.154 [ForkJoinPool-1-worker-5] INFO  com.intuit.karate - [print] [
  "infoservice@cbs.nl",
  "infoservice@cbs.nl",
  "infoservice@cbs.nl",
  "",
  ""
]

04:24:14.157 [ForkJoinPool-1-worker-3] ERROR com.intuit.karate - org.apache.http.client.ClientProtocolException, http call failed after 0 milliseconds for URL: S
04:24:14.157 [ForkJoinPool-1-worker-3] ERROR com.intuit.karate - http request failed: 
org.apache.http.client.ClientProtocolException
04:24:14.157 [ForkJoinPool-1-worker-3] ERROR com.intuit.karate - feature call (loop) failed at index: 58
caller: classpath:InspireTest/ngr/datasetrecords/def/checkxlinkurl.template.feature
arg: {"link":"S"}
checkxlinkurl.template.feature:14 - 
org.apache.http.client.ClientProtocolException
04:24:14.158 [ForkJoinPool-1-worker-3] INFO  com.intuit.karate - [print]
04:24:14.159 [ForkJoinPool-1-worker-5] INFO  com.intuit.karate - [print] organisation: [
  "Statistics Netherlands",
  "Statistics Netherlands",
  "Statistics Netherlandds",
  "Statistics Netherlands"
]

04:24:14.162 [ForkJoinPool-1-worker-3] INFO  com.intuit.karate - [print] testing xlinkurl:O
04:24:14.162 [ForkJoinPool-1-worker-3] ERROR com.intuit.karate - org.apache.http.client.ClientProtocolException, http call failed after 0 milliseconds for URL: O
04:24:14.162 [ForkJoinPool-1-worker-3] ERROR com.intuit.karate - http request failed: 
org.apache.http.client.ClientProtocolException
04:24:14.162 [ForkJoinPool-1-worker-3] ERROR com.intuit.karate - feature call (loop) failed at index: 59
caller: classpath:InspireTest/ngr/datasetrecords/def/checkxlinkurl.template.feature
arg: {"link":"O"}
checkxlinkurl.template.feature:14 - 
org.apache.http.client.ClientProtocolException
04:24:14.163 [ForkJoinPool-1-worker-3] INFO  com.intuit.karate - [print]
04:24:14.163 [ForkJoinPool-1-worker-3] INFO  com.intuit.karate - [print] testing xlinkurl:_
04:24:14.163 [ForkJoinPool-1-worker-3] ERROR com.intuit.karate - org.apache.http.client.ClientProtocolException, http call failed after 0 milliseconds for URL: _
04:24:14.163 [ForkJoinPool-1-worker-3] ERROR com.intuit.karate - http request failed: 
org.apache.http.client.ClientProtocolException
04:24:14.163 [ForkJoinPool-1-worker-3] ERROR com.intuit.karate - feature call (loop) failed at index: 60
caller: classpath:InspireTest/ngr/datasetrecords/def/checkxlinkurl.template.feature
arg: {"link":"_"}
checkxlinkurl.template.feature:14 - 
org.apache.http.client.ClientProtocolException
04:24:14.164 [ForkJoinPool-1-worker-3] INFO  com.intuit.karate - [print]
04:24:14.167 [ForkJoinPool-1-worker-9] INFO  com.intuit.karate - [print] title:Schelpdierpercelen
04:24:14.167 [ForkJoinPool-1-worker-9] INFO  com.intuit.karate - [print] Schelpdierpercelen
04:24:14.168 [ForkJoinPool-1-worker-9] INFO  com.intuit.karate - [print] [
  "geodatabeheer.giscc@rvo.nl",
  "geodatabeheer.giscc@rvo.nl",
  "BeheerPDOK@kadaster.nl"
]

04:24:14.164 [ForkJoinPool-1-worker-3] INFO  com.intuit.karate - [print] testing xlinkurl:1
04:24:14.168 [ForkJoinPool-1-worker-9] INFO  com.intuit.karate - [print] organisation: [
  "Ministerie van Economische Zaken - GIS Competence Center",
  "PDOK"
]

04:24:14.169 [ForkJoinPool-1-worker-3] ERROR com.intuit.karate - org.apache.http.client.ClientProtocolException, http call failed after 0 milliseconds for URL: 1
04:24:14.169 [ForkJoinPool-1-worker-3] ERROR com.intuit.karate - http request failed: 
org.apache.http.client.ClientProtocolException
04:24:14.177 [ForkJoinPool-1-worker-3] ERROR com.intuit.karate - feature call (loop) failed at index: 61
caller: classpath:InspireTest/ngr/datasetrecords/def/checkxlinkurl.template.feature
arg: {"link":"1"}
checkxlinkurl.template.feature:14 - 
org.apache.http.client.ClientProtocolException
04:24:14.178 [ForkJoinPool-1-worker-3] INFO  com.intuit.karate - [print]
04:24:14.179 [ForkJoinPool-1-worker-3] INFO  com.intuit.karate - [print] testing xlinkurl:9
04:24:14.179 [ForkJoinPool-1-worker-3] ERROR com.intuit.karate - org.apache.http.client.ClientProtocolException, http call failed after 0 milliseconds for URL: 9
04:24:14.179 [ForkJoinPool-1-worker-3] ERROR com.intuit.karate - http request failed: 
org.apache.http.client.ClientProtocolException
04:24:14.180 [ForkJoinPool-1-worker-3] ERROR com.intuit.karate - feature call (loop) failed at index: 62
caller: classpath:InspireTest/ngr/datasetrecords/def/checkxlinkurl.template.feature
arg: {"link":"9"}
checkxlinkurl.template.feature:14 - 
org.apache.http.client.ClientProtocolException
04:24:14.180 [ForkJoinPool-1-worker-5] INFO  com.intuit.karate - [print] [
  "https://www.iana.org/assignments/media-types/application/xml",
  "https://www.iana.org/assignments/media-types/application/xml"
]

04:24:14.182 [ForkJoinPool-1-worker-3] INFO  com.intuit.karate - [print]
04:24:14.182 [ForkJoinPool-1-worker-3] INFO  com.intuit.karate - [print] testing xlinkurl:1
04:24:14.182 [ForkJoinPool-1-worker-3] ERROR com.intuit.karate - org.apache.http.client.ClientProtocolException, http call failed after 0 milliseconds for URL: 1
04:24:14.182 [ForkJoinPool-1-worker-3] ERROR com.intuit.karate - http request failed: 
org.apache.http.client.ClientProtocolException
04:24:14.182 [ForkJoinPool-1-worker-3] ERROR com.intuit.karate - feature call (loop) failed at index: 63
caller: classpath:InspireTest/ngr/datasetrecords/def/checkxlinkurl.template.feature
arg: {"link":"1"}
checkxlinkurl.template.feature:14 - 
org.apache.http.client.ClientProtocolException
04:24:14.183 [ForkJoinPool-1-worker-3] INFO  com.intuit.karate - [print]
04:24:14.183 [ForkJoinPool-1-worker-3] INFO  com.intuit.karate - [print] testing xlinkurl:3
04:24:14.183 [ForkJoinPool-1-worker-3] ERROR com.intuit.karate - org.apache.http.client.ClientProtocolException, http call failed after 0 milliseconds for URL: 3
04:24:14.184 [ForkJoinPool-1-worker-3] ERROR com.intuit.karate - http request failed: 
org.apache.http.client.ClientProtocolException
04:24:14.184 [ForkJoinPool-1-worker-3] ERROR com.intuit.karate - feature call (loop) failed at index: 64
caller: classpath:InspireTest/ngr/datasetrecords/def/checkxlinkurl.template.feature
arg: {"link":"3"}
checkxlinkurl.template.feature:14 - 
org.apache.http.client.ClientProtocolException
04:24:14.184 [ForkJoinPool-1-worker-3] INFO  com.intuit.karate - [print]
04:24:14.184 [ForkJoinPool-1-worker-3] INFO  com.intuit.karate - [print] testing xlinkurl:9
04:24:14.185 [ForkJoinPool-1-worker-9] INFO  com.intuit.karate - [print] [
  "https://www.nationaalgeoregister.nl/geonetwork/srv/dut/catalog.search#/metadata/fe0e1e5f-512f-4bb1-bbf8-4028d3dfa24f",
  "http://standaarden.overheid.nl/owms/terms/Ministerie_van_Landbouw,_Natuur_en_Voedselkwaliteit"
]

04:24:14.188 [ForkJoinPool-1-worker-3] ERROR com.intuit.karate - org.apache.http.client.ClientProtocolException, http call failed after 0 milliseconds for URL: 9
04:24:14.188 [ForkJoinPool-1-worker-5] INFO  com.intuit.karate - [print]
04:24:14.188 [ForkJoinPool-1-worker-3] ERROR com.intuit.karate - http request failed: 
org.apache.http.client.ClientProtocolException
04:24:14.188 [ForkJoinPool-1-worker-3] ERROR com.intuit.karate - feature call (loop) failed at index: 65
caller: classpath:InspireTest/ngr/datasetrecords/def/checkxlinkurl.template.feature
arg: {"link":"9"}
checkxlinkurl.template.feature:14 - 
org.apache.http.client.ClientProtocolException
04:24:14.189 [ForkJoinPool-1-worker-3] INFO  com.intuit.karate - [print]
04:24:14.190 [ForkJoinPool-1-worker-3] INFO  com.intuit.karate - [print] testing xlinkurl:_
04:24:14.190 [ForkJoinPool-1-worker-3] ERROR com.intuit.karate - org.apache.http.client.ClientProtocolException, http call failed after 0 milliseconds for URL: _
04:24:14.191 [ForkJoinPool-1-worker-3] ERROR com.intuit.karate - http request failed: 
org.apache.http.client.ClientProtocolException
04:24:14.191 [ForkJoinPool-1-worker-3] ERROR com.intuit.karate - feature call (loop) failed at index: 66
caller: classpath:InspireTest/ngr/datasetrecords/def/checkxlinkurl.template.feature
arg: {"link":"_"}
checkxlinkurl.template.feature:14 - 
org.apache.http.client.ClientProtocolException
04:24:14.191 [ForkJoinPool-1-worker-9] INFO  com.intuit.karate - [print]
04:24:14.192 [ForkJoinPool-1-worker-9] INFO  com.intuit.karate - [print] testing xlinkurl:https://www.nationaalgeoregister.nl/geonetwork/srv/dut/catalog.search#/metadata/fe0e1e5f-512f-4bb1-bbf8-4028d3dfa24f
04:24:14.188 [ForkJoinPool-1-worker-5] INFO  com.intuit.karate - [print] testing xlinkurl:https://www.iana.org/assignments/media-types/application/xml
04:24:14.193 [ForkJoinPool-1-worker-3] INFO  com.intuit.karate - [print]
04:24:14.193 [ForkJoinPool-1-worker-3] INFO  com.intuit.karate - [print] testing xlinkurl:S
04:24:14.194 [ForkJoinPool-1-worker-3] ERROR com.intuit.karate - org.apache.http.client.ClientProtocolException, http call failed after 0 milliseconds for URL: S
04:24:14.195 [ForkJoinPool-1-worker-3] ERROR com.intuit.karate - http request failed: 
org.apache.http.client.ClientProtocolException
04:24:14.195 [ForkJoinPool-1-worker-3] ERROR com.intuit.karate - feature call (loop) failed at index: 67
caller: classpath:InspireTest/ngr/datasetrecords/def/checkxlinkurl.template.feature
arg: {"link":"S"}
checkxlinkurl.template.feature:14 - 
org.apache.http.client.ClientProtocolException
04:24:14.196 [ForkJoinPool-1-worker-3] INFO  com.intuit.karate - [print]
04:24:14.201 [ForkJoinPool-1-worker-3] INFO  com.intuit.karate - [print] testing xlinkurl:c
04:24:14.201 [ForkJoinPool-1-worker-3] ERROR com.intuit.karate - org.apache.http.client.ClientProtocolException, http call failed after 0 milliseconds for URL: c
04:24:14.202 [ForkJoinPool-1-worker-3] ERROR com.intuit.karate - http request failed: 
org.apache.http.client.ClientProtocolException
04:24:14.202 [ForkJoinPool-1-worker-3] ERROR com.intuit.karate - feature call (loop) failed at index: 68
caller: classpath:InspireTest/ngr/datasetrecords/def/checkxlinkurl.template.feature
arg: {"link":"c"}
checkxlinkurl.template.feature:14 - 
org.apache.http.client.ClientProtocolException
04:24:14.203 [ForkJoinPool-1-worker-3] INFO  com.intuit.karate - [print]
04:24:14.204 [ForkJoinPool-1-worker-3] INFO  com.intuit.karate - [print] testing xlinkurl:h
04:24:14.204 [ForkJoinPool-1-worker-3] ERROR com.intuit.karate - org.apache.http.client.ClientProtocolException, http call failed after 0 milliseconds for URL: h
04:24:14.204 [ForkJoinPool-1-worker-3] ERROR com.intuit.karate - http request failed: 
org.apache.http.client.ClientProtocolException
04:24:14.205 [ForkJoinPool-1-worker-3] ERROR com.intuit.karate - feature call (loop) failed at index: 69
caller: classpath:InspireTest/ngr/datasetrecords/def/checkxlinkurl.template.feature
arg: {"link":"h"}
checkxlinkurl.template.feature:14 - 
org.apache.http.client.ClientProtocolException
04:24:14.206 [ForkJoinPool-1-worker-3] INFO  com.intuit.karate - [print]
04:24:14.206 [ForkJoinPool-1-worker-3] INFO  com.intuit.karate - [print] testing xlinkurl:e
04:24:14.207 [ForkJoinPool-1-worker-3] ERROR com.intuit.karate - org.apache.http.client.ClientProtocolException, http call failed after 0 milliseconds for URL: e
04:24:14.207 [ForkJoinPool-1-worker-3] ERROR com.intuit.karate - http request failed: 
org.apache.http.client.ClientProtocolException
04:24:14.207 [ForkJoinPool-1-worker-3] ERROR com.intuit.karate - feature call (loop) failed at index: 70
caller: classpath:InspireTest/ngr/datasetrecords/def/checkxlinkurl.template.feature
arg: {"link":"e"}
checkxlinkurl.template.feature:14 - 
org.apache.http.client.ClientProtocolException
04:24:14.208 [ForkJoinPool-1-worker-3] INFO  com.intuit.karate - [print]
04:24:14.210 [ForkJoinPool-1-worker-7] INFO  com.intuit.karate - [print] title:Bathymetrie Nederland - kust
04:24:14.211 [ForkJoinPool-1-worker-7] INFO  com.intuit.karate - [print] Bathymetrie Nederland - kust
04:24:14.212 [ForkJoinPool-1-worker-3] INFO  com.intuit.karate - [print] testing xlinkurl:m
04:24:14.212 [ForkJoinPool-1-worker-7] INFO  com.intuit.karate - [print] [
  "servicedesk-data@rijkswaterstaat.nl",
  "servicedesk-data@rijkswaterstaat.nl",
  "",
  "servicedesk-data@rijkswaterstaat.nl",
  "servicedesk-data@rijkswaterstaat.nl"
]

04:24:14.212 [ForkJoinPool-1-worker-3] ERROR com.intuit.karate - org.apache.http.client.ClientProtocolException, http call failed after 0 milliseconds for URL: m
04:24:14.213 [ForkJoinPool-1-worker-3] ERROR com.intuit.karate - http request failed: 
org.apache.http.client.ClientProtocolException
04:24:14.213 [ForkJoinPool-1-worker-3] ERROR com.intuit.karate - feature call (loop) failed at index: 71
caller: classpath:InspireTest/ngr/datasetrecords/def/checkxlinkurl.template.feature
arg: {"link":"m"}
checkxlinkurl.template.feature:14 - 
org.apache.http.client.ClientProtocolException
04:24:14.214 [ForkJoinPool-1-worker-7] INFO  com.intuit.karate - [print] organisation: [
  "Rijkswaterstaat",
  "Rijkswaterstaat",
  "",
  "Rijkswaterstaat",
  "Rijkswaterstaat"
]

04:24:14.215 [ForkJoinPool-1-worker-3] INFO  com.intuit.karate - [print]
04:24:14.215 [ForkJoinPool-1-worker-3] INFO  com.intuit.karate - [print] testing xlinkurl:a
04:24:14.215 [ForkJoinPool-1-worker-3] ERROR com.intuit.karate - org.apache.http.client.ClientProtocolException, http call failed after 0 milliseconds for URL: a
04:24:14.216 [ForkJoinPool-1-worker-3] ERROR com.intuit.karate - http request failed: 
org.apache.http.client.ClientProtocolException
04:24:14.216 [ForkJoinPool-1-worker-3] ERROR com.intuit.karate - feature call (loop) failed at index: 72
caller: classpath:InspireTest/ngr/datasetrecords/def/checkxlinkurl.template.feature
arg: {"link":"a"}
checkxlinkurl.template.feature:14 - 
org.apache.http.client.ClientProtocolException
04:24:14.218 [ForkJoinPool-1-worker-7] INFO  com.intuit.karate - [print] [
  "https://www.nationaalgeoregister.nl/geonetwork/srv/dut/catalog.search#/metadata/adn73c4a-ef03-4785-b7f6-942e86b385f5",
  "http://rdfdata.eionet.europa.eu/inspirethemes/themes/10",
  "urn:ogc:def:crs:EPSG::5709"
]

04:24:14.218 [ForkJoinPool-1-worker-3] INFO  com.intuit.karate - [print]
04:24:14.220 [ForkJoinPool-1-worker-3] INFO  com.intuit.karate - [print] testing xlinkurl:s
04:24:14.220 [ForkJoinPool-1-worker-3] ERROR com.intuit.karate - org.apache.http.client.ClientProtocolException, http call failed after 0 milliseconds for URL: s
04:24:14.221 [ForkJoinPool-1-worker-3] ERROR com.intuit.karate - http request failed: 
org.apache.http.client.ClientProtocolException
04:24:14.221 [ForkJoinPool-1-worker-3] ERROR com.intuit.karate - feature call (loop) failed at index: 73
caller: classpath:InspireTest/ngr/datasetrecords/def/checkxlinkurl.template.feature
arg: {"link":"s"}
checkxlinkurl.template.feature:14 - 
org.apache.http.client.ClientProtocolException
04:24:14.222 [ForkJoinPool-1-worker-3] INFO  com.intuit.karate - [print]
04:24:14.223 [ForkJoinPool-1-worker-3] INFO  com.intuit.karate - [print] testing xlinkurl:/
04:24:14.230 [ForkJoinPool-1-worker-3] ERROR com.intuit.karate - org.apache.http.client.ClientProtocolException, http call failed after 0 milliseconds for URL: /
04:24:14.231 [ForkJoinPool-1-worker-3] ERROR com.intuit.karate - http request failed: 
org.apache.http.client.ClientProtocolException
04:24:14.232 [ForkJoinPool-1-worker-7] INFO  com.intuit.karate - [print]
04:24:14.232 [ForkJoinPool-1-worker-3] ERROR com.intuit.karate - feature call (loop) failed at index: 74
caller: classpath:InspireTest/ngr/datasetrecords/def/checkxlinkurl.template.feature
arg: {"link":"/"}
checkxlinkurl.template.feature:14 - 
org.apache.http.client.ClientProtocolException
04:24:14.232 [ForkJoinPool-1-worker-7] INFO  com.intuit.karate - [print] testing xlinkurl:https://www.nationaalgeoregister.nl/geonetwork/srv/dut/catalog.search#/metadata/adn73c4a-ef03-4785-b7f6-942e86b385f5
04:24:14.233 [ForkJoinPool-1-worker-3] INFO  com.intuit.karate - [print]
04:24:14.233 [ForkJoinPool-1-worker-3] INFO  com.intuit.karate - [print] testing xlinkurl:r
04:24:14.233 [ForkJoinPool-1-worker-3] ERROR com.intuit.karate - org.apache.http.client.ClientProtocolException, http call failed after 0 milliseconds for URL: r
04:24:14.233 [ForkJoinPool-1-worker-3] ERROR com.intuit.karate - http request failed: 
org.apache.http.client.ClientProtocolException
04:24:14.233 [ForkJoinPool-1-worker-3] ERROR com.intuit.karate - feature call (loop) failed at index: 75
caller: classpath:InspireTest/ngr/datasetrecords/def/checkxlinkurl.template.feature
arg: {"link":"r"}
checkxlinkurl.template.feature:14 - 
org.apache.http.client.ClientProtocolException
04:24:14.234 [ForkJoinPool-1-worker-3] INFO  com.intuit.karate - [print]
04:24:14.234 [ForkJoinPool-1-worker-3] INFO  com.intuit.karate - [print] testing xlinkurl:e
04:24:14.235 [ForkJoinPool-1-worker-3] ERROR com.intuit.karate - org.apache.http.client.ClientProtocolException, http call failed after 0 milliseconds for URL: e
04:24:14.235 [ForkJoinPool-1-worker-3] ERROR com.intuit.karate - http request failed: 
org.apache.http.client.ClientProtocolException
04:24:14.235 [ForkJoinPool-1-worker-3] ERROR com.intuit.karate - feature call (loop) failed at index: 76
caller: classpath:InspireTest/ngr/datasetrecords/def/checkxlinkurl.template.feature
arg: {"link":"e"}
checkxlinkurl.template.feature:14 - 
org.apache.http.client.ClientProtocolException
04:24:14.238 [ForkJoinPool-1-worker-3] INFO  com.intuit.karate - [print]
04:24:14.239 [ForkJoinPool-1-worker-3] INFO  com.intuit.karate - [print] testing xlinkurl:s
04:24:14.240 [ForkJoinPool-1-worker-3] ERROR com.intuit.karate - org.apache.http.client.ClientProtocolException, http call failed after 0 milliseconds for URL: s
04:24:14.241 [ForkJoinPool-1-worker-3] ERROR com.intuit.karate - http request failed: 
org.apache.http.client.ClientProtocolException
04:24:14.242 [ForkJoinPool-1-worker-3] ERROR com.intuit.karate - feature call (loop) failed at index: 77
caller: classpath:InspireTest/ngr/datasetrecords/def/checkxlinkurl.template.feature
arg: {"link":"s"}
checkxlinkurl.template.feature:14 - 
org.apache.http.client.ClientProtocolException
04:24:14.244 [ForkJoinPool-1-worker-3] INFO  com.intuit.karate - [print]
04:24:14.246 [ForkJoinPool-1-worker-3] INFO  com.intuit.karate - [print] testing xlinkurl:o
04:24:14.251 [ForkJoinPool-1-worker-3] ERROR com.intuit.karate - org.apache.http.client.ClientProtocolException, http call failed after 0 milliseconds for URL: o
04:24:14.252 [ForkJoinPool-1-worker-3] ERROR com.intuit.karate - http request failed: 
org.apache.http.client.ClientProtocolException
04:24:14.253 [ForkJoinPool-1-worker-3] ERROR com.intuit.karate - feature call (loop) failed at index: 78
caller: classpath:InspireTest/ngr/datasetrecords/def/checkxlinkurl.template.feature
arg: {"link":"o"}
checkxlinkurl.template.feature:14 - 
org.apache.http.client.ClientProtocolException
04:24:14.254 [ForkJoinPool-1-worker-3] INFO  com.intuit.karate - [print]
04:24:14.255 [ForkJoinPool-1-worker-3] INFO  com.intuit.karate - [print] testing xlinkurl:u
04:24:14.258 [ForkJoinPool-1-worker-3] ERROR com.intuit.karate - org.apache.http.client.ClientProtocolException, http call failed after 0 milliseconds for URL: u
04:24:14.261 [ForkJoinPool-1-worker-3] ERROR com.intuit.karate - http request failed: 
org.apache.http.client.ClientProtocolException
04:24:14.261 [ForkJoinPool-1-worker-3] ERROR com.intuit.karate - feature call (loop) failed at index: 79
caller: classpath:InspireTest/ngr/datasetrecords/def/checkxlinkurl.template.feature
arg: {"link":"u"}
checkxlinkurl.template.feature:14 - 
org.apache.http.client.ClientProtocolException
04:24:14.263 [ForkJoinPool-1-worker-3] INFO  com.intuit.karate - [print]
04:24:14.264 [ForkJoinPool-1-worker-3] INFO  com.intuit.karate - [print] testing xlinkurl:r
04:24:14.265 [ForkJoinPool-1-worker-3] ERROR com.intuit.karate - org.apache.http.client.ClientProtocolException, http call failed after 0 milliseconds for URL: r
04:24:14.267 [ForkJoinPool-1-worker-3] ERROR com.intuit.karate - http request failed: 
org.apache.http.client.ClientProtocolException
04:24:14.267 [ForkJoinPool-1-worker-3] ERROR com.intuit.karate - feature call (loop) failed at index: 80
caller: classpath:InspireTest/ngr/datasetrecords/def/checkxlinkurl.template.feature
arg: {"link":"r"}
checkxlinkurl.template.feature:14 - 
org.apache.http.client.ClientProtocolException
04:24:14.268 [ForkJoinPool-1-worker-3] INFO  com.intuit.karate - [print]
04:24:14.270 [ForkJoinPool-1-worker-3] INFO  com.intuit.karate - [print] testing xlinkurl:c
04:24:14.271 [ForkJoinPool-1-worker-3] ERROR com.intuit.karate - org.apache.http.client.ClientProtocolException, http call failed after 0 milliseconds for URL: c
04:24:14.272 [ForkJoinPool-1-worker-3] ERROR com.intuit.karate - http request failed: 
org.apache.http.client.ClientProtocolException
04:24:14.272 [ForkJoinPool-1-worker-3] ERROR com.intuit.karate - feature call (loop) failed at index: 81
caller: classpath:InspireTest/ngr/datasetrecords/def/checkxlinkurl.template.feature
arg: {"link":"c"}
checkxlinkurl.template.feature:14 - 
org.apache.http.client.ClientProtocolException
04:24:14.273 [ForkJoinPool-1-worker-3] INFO  com.intuit.karate - [print]
04:24:14.274 [ForkJoinPool-1-worker-3] INFO  com.intuit.karate - [print] testing xlinkurl:e
04:24:14.276 [ForkJoinPool-1-worker-3] ERROR com.intuit.karate - org.apache.http.client.ClientProtocolException, http call failed after 0 milliseconds for URL: e
04:24:14.277 [ForkJoinPool-1-worker-3] ERROR com.intuit.karate - http request failed: 
org.apache.http.client.ClientProtocolException
04:24:14.277 [ForkJoinPool-1-worker-3] ERROR com.intuit.karate - feature call (loop) failed at index: 82
caller: classpath:InspireTest/ngr/datasetrecords/def/checkxlinkurl.template.feature
arg: {"link":"e"}
checkxlinkurl.template.feature:14 - 
org.apache.http.client.ClientProtocolException
04:24:14.278 [ForkJoinPool-1-worker-3] INFO  com.intuit.karate - [print]
04:24:14.280 [ForkJoinPool-1-worker-3] INFO  com.intuit.karate - [print] testing xlinkurl:s
04:24:14.282 [ForkJoinPool-1-worker-3] ERROR com.intuit.karate - org.apache.http.client.ClientProtocolException, http call failed after 0 milliseconds for URL: s
04:24:14.283 [ForkJoinPool-1-worker-3] ERROR com.intuit.karate - http request failed: 
org.apache.http.client.ClientProtocolException
04:24:14.283 [ForkJoinPool-1-worker-3] ERROR com.intuit.karate - feature call (loop) failed at index: 83
caller: classpath:InspireTest/ngr/datasetrecords/def/checkxlinkurl.template.feature
arg: {"link":"s"}
checkxlinkurl.template.feature:14 - 
org.apache.http.client.ClientProtocolException
04:24:14.284 [ForkJoinPool-1-worker-3] INFO  com.intuit.karate - [print]
04:24:14.285 [ForkJoinPool-1-worker-3] INFO  com.intuit.karate - [print] testing xlinkurl:/
04:24:14.286 [ForkJoinPool-1-worker-3] ERROR com.intuit.karate - org.apache.http.client.ClientProtocolException, http call failed after 0 milliseconds for URL: /
04:24:14.287 [ForkJoinPool-1-worker-3] ERROR com.intuit.karate - http request failed: 
org.apache.http.client.ClientProtocolException
04:24:14.287 [ForkJoinPool-1-worker-3] ERROR com.intuit.karate - feature call (loop) failed at index: 84
caller: classpath:InspireTest/ngr/datasetrecords/def/checkxlinkurl.template.feature
arg: {"link":"/"}
checkxlinkurl.template.feature:14 - 
org.apache.http.client.ClientProtocolException
04:24:14.288 [ForkJoinPool-1-worker-3] INFO  com.intuit.karate - [print]
04:24:14.290 [ForkJoinPool-1-worker-3] INFO  com.intuit.karate - [print] testing xlinkurl:u
04:24:14.290 [ForkJoinPool-1-worker-3] ERROR com.intuit.karate - org.apache.http.client.ClientProtocolException, http call failed after 0 milliseconds for URL: u
04:24:14.294 [ForkJoinPool-1-worker-3] ERROR com.intuit.karate - http request failed: 
org.apache.http.client.ClientProtocolException
04:24:14.294 [ForkJoinPool-1-worker-3] ERROR com.intuit.karate - feature call (loop) failed at index: 85
caller: classpath:InspireTest/ngr/datasetrecords/def/checkxlinkurl.template.feature
arg: {"link":"u"}
checkxlinkurl.template.feature:14 - 
org.apache.http.client.ClientProtocolException
04:24:14.295 [ForkJoinPool-1-worker-3] INFO  com.intuit.karate - [print]
04:24:14.295 [ForkJoinPool-1-worker-3] INFO  com.intuit.karate - [print] testing xlinkurl:o
04:24:14.295 [ForkJoinPool-1-worker-3] ERROR com.intuit.karate - org.apache.http.client.ClientProtocolException, http call failed after 0 milliseconds for URL: o
04:24:14.295 [ForkJoinPool-1-worker-3] ERROR com.intuit.karate - http request failed: 
org.apache.http.client.ClientProtocolException
04:24:14.295 [ForkJoinPool-1-worker-3] ERROR com.intuit.karate - feature call (loop) failed at index: 86
caller: classpath:InspireTest/ngr/datasetrecords/def/checkxlinkurl.template.feature
arg: {"link":"o"}
checkxlinkurl.template.feature:14 - 
org.apache.http.client.ClientProtocolException
04:24:14.296 [ForkJoinPool-1-worker-3] INFO  com.intuit.karate - [print]
04:24:14.297 [ForkJoinPool-1-worker-11] INFO  com.intuit.karate - [print] title:Hydrografie - Physical Waters (INSPIRE geharmoniseerd)
04:24:14.297 [ForkJoinPool-1-worker-11] INFO  com.intuit.karate - [print] Hydrografie - Physical Waters (INSPIRE geharmoniseerd)
04:24:14.298 [ForkJoinPool-1-worker-3] INFO  com.intuit.karate - [print] testing xlinkurl:m
04:24:14.298 [ForkJoinPool-1-worker-11] INFO  com.intuit.karate - [print] [
  "PPB-GVA@kadaster.nl",
  "kcc@kadaster.nl"
]

04:24:14.299 [ForkJoinPool-1-worker-3] ERROR com.intuit.karate - org.apache.http.client.ClientProtocolException, http call failed after 0 milliseconds for URL: m
04:24:14.299 [ForkJoinPool-1-worker-3] ERROR com.intuit.karate - http request failed: 
org.apache.http.client.ClientProtocolException
04:24:14.299 [ForkJoinPool-1-worker-3] ERROR com.intuit.karate - feature call (loop) failed at index: 87
caller: classpath:InspireTest/ngr/datasetrecords/def/checkxlinkurl.template.feature
arg: {"link":"m"}
checkxlinkurl.template.feature:14 - 
org.apache.http.client.ClientProtocolException
04:24:14.300 [ForkJoinPool-1-worker-3] INFO  com.intuit.karate - [print]
04:24:14.299 [ForkJoinPool-1-worker-11] INFO  com.intuit.karate - [print] organisation: [
  "Kadaster",
  "Kadaster"
]

04:24:14.302 [ForkJoinPool-1-worker-3] INFO  com.intuit.karate - [print] testing xlinkurl:/
04:24:14.303 [ForkJoinPool-1-worker-3] ERROR com.intuit.karate - org.apache.http.client.ClientProtocolException, http call failed after 0 milliseconds for URL: /
04:24:14.304 [ForkJoinPool-1-worker-3] ERROR com.intuit.karate - http request failed: 
org.apache.http.client.ClientProtocolException
04:24:14.304 [ForkJoinPool-1-worker-3] ERROR com.intuit.karate - feature call (loop) failed at index: 88
caller: classpath:InspireTest/ngr/datasetrecords/def/checkxlinkurl.template.feature
arg: {"link":"/"}
checkxlinkurl.template.feature:14 - 
org.apache.http.client.ClientProtocolException
04:24:14.305 [ForkJoinPool-1-worker-3] INFO  com.intuit.karate - [print]
04:24:14.307 [ForkJoinPool-1-worker-3] INFO  com.intuit.karate - [print] testing xlinkurl:g
04:24:14.307 [ForkJoinPool-1-worker-11] INFO  com.intuit.karate - [print] [
  "http://www.opengis.net/def/crs/EPSG/0/http://www.opengis.net/def/crs/EPSG/0/4258",
  "http://kadaster/70a0f618-9d4f-4be9-9d9d-11106ff6971c"
]

04:24:14.308 [ForkJoinPool-1-worker-3] ERROR com.intuit.karate - org.apache.http.client.ClientProtocolException, http call failed after 0 milliseconds for URL: g
04:24:14.311 [ForkJoinPool-1-worker-3] ERROR com.intuit.karate - http request failed: 
org.apache.http.client.ClientProtocolException
04:24:14.311 [ForkJoinPool-1-worker-3] ERROR com.intuit.karate - feature call (loop) failed at index: 89
caller: classpath:InspireTest/ngr/datasetrecords/def/checkxlinkurl.template.feature
arg: {"link":"g"}
checkxlinkurl.template.feature:14 - 
org.apache.http.client.ClientProtocolException
04:24:14.312 [ForkJoinPool-1-worker-3] INFO  com.intuit.karate - [print]
04:24:14.314 [ForkJoinPool-1-worker-3] INFO  com.intuit.karate - [print] testing xlinkurl:m
04:24:14.315 [ForkJoinPool-1-worker-3] ERROR com.intuit.karate - org.apache.http.client.ClientProtocolException, http call failed after 0 milliseconds for URL: m
04:24:14.316 [ForkJoinPool-1-worker-3] ERROR com.intuit.karate - http request failed: 
org.apache.http.client.ClientProtocolException
04:24:14.316 [ForkJoinPool-1-worker-3] ERROR com.intuit.karate - feature call (loop) failed at index: 90
caller: classpath:InspireTest/ngr/datasetrecords/def/checkxlinkurl.template.feature
arg: {"link":"m"}
checkxlinkurl.template.feature:14 - 
org.apache.http.client.ClientProtocolException
04:24:14.317 [ForkJoinPool-1-worker-11] INFO  com.intuit.karate - [print]
04:24:14.317 [ForkJoinPool-1-worker-11] INFO  com.intuit.karate - [print] testing xlinkurl:http://www.opengis.net/def/crs/EPSG/0/http://www.opengis.net/def/crs/EPSG/0/4258
04:24:14.318 [ForkJoinPool-1-worker-3] INFO  com.intuit.karate - [print]
04:24:14.319 [ForkJoinPool-1-worker-3] INFO  com.intuit.karate - [print] testing xlinkurl:x
04:24:14.319 [ForkJoinPool-1-worker-3] ERROR com.intuit.karate - org.apache.http.client.ClientProtocolException, http call failed after 0 milliseconds for URL: x
04:24:14.320 [ForkJoinPool-1-worker-3] ERROR com.intuit.karate - http request failed: 
org.apache.http.client.ClientProtocolException
04:24:14.320 [ForkJoinPool-1-worker-3] ERROR com.intuit.karate - feature call (loop) failed at index: 91
caller: classpath:InspireTest/ngr/datasetrecords/def/checkxlinkurl.template.feature
arg: {"link":"x"}
checkxlinkurl.template.feature:14 - 
org.apache.http.client.ClientProtocolException
04:24:14.321 [ForkJoinPool-1-worker-3] INFO  com.intuit.karate - [print]
04:24:14.323 [ForkJoinPool-1-worker-3] INFO  com.intuit.karate - [print] testing xlinkurl:U
04:24:14.324 [ForkJoinPool-1-worker-3] ERROR com.intuit.karate - org.apache.http.client.ClientProtocolException, http call failed after 0 milliseconds for URL: U
04:24:14.324 [ForkJoinPool-1-worker-3] ERROR com.intuit.karate - http request failed: 
org.apache.http.client.ClientProtocolException
04:24:14.325 [ForkJoinPool-1-worker-3] ERROR com.intuit.karate - feature call (loop) failed at index: 92
caller: classpath:InspireTest/ngr/datasetrecords/def/checkxlinkurl.template.feature
arg: {"link":"U"}
checkxlinkurl.template.feature:14 - 
org.apache.http.client.ClientProtocolException
04:24:14.326 [ForkJoinPool-1-worker-3] INFO  com.intuit.karate - [print]
04:24:14.329 [ForkJoinPool-1-worker-3] INFO  com.intuit.karate - [print] testing xlinkurl:o
04:24:14.331 [ForkJoinPool-1-worker-3] ERROR com.intuit.karate - org.apache.http.client.ClientProtocolException, http call failed after 0 milliseconds for URL: o
04:24:14.331 [ForkJoinPool-1-worker-3] ERROR com.intuit.karate - http request failed: 
org.apache.http.client.ClientProtocolException
04:24:14.331 [ForkJoinPool-1-worker-3] ERROR com.intuit.karate - feature call (loop) failed at index: 93
caller: classpath:InspireTest/ngr/datasetrecords/def/checkxlinkurl.template.feature
arg: {"link":"o"}
checkxlinkurl.template.feature:14 - 
org.apache.http.client.ClientProtocolException
04:24:14.332 [ForkJoinPool-1-worker-3] INFO  com.intuit.karate - [print]
04:24:14.333 [ForkJoinPool-1-worker-3] INFO  com.intuit.karate - [print] testing xlinkurl:m
04:24:14.334 [ForkJoinPool-1-worker-3] ERROR com.intuit.karate - org.apache.http.client.ClientProtocolException, http call failed after 0 milliseconds for URL: m
04:24:14.334 [ForkJoinPool-1-worker-3] ERROR com.intuit.karate - http request failed: 
org.apache.http.client.ClientProtocolException
04:24:14.334 [ForkJoinPool-1-worker-3] ERROR com.intuit.karate - feature call (loop) failed at index: 94
caller: classpath:InspireTest/ngr/datasetrecords/def/checkxlinkurl.template.feature
arg: {"link":"m"}
checkxlinkurl.template.feature:14 - 
org.apache.http.client.ClientProtocolException
04:24:14.335 [ForkJoinPool-1-worker-3] INFO  com.intuit.karate - [print]
04:24:14.337 [ForkJoinPool-1-worker-3] INFO  com.intuit.karate - [print] testing xlinkurl:.
04:24:14.338 [ForkJoinPool-1-worker-3] ERROR com.intuit.karate - org.apache.http.client.ClientProtocolException, http call failed after 0 milliseconds for URL: .
04:24:14.339 [ForkJoinPool-1-worker-3] ERROR com.intuit.karate - http request failed: 
org.apache.http.client.ClientProtocolException
04:24:14.339 [ForkJoinPool-1-worker-3] ERROR com.intuit.karate - feature call (loop) failed at index: 95
caller: classpath:InspireTest/ngr/datasetrecords/def/checkxlinkurl.template.feature
arg: {"link":"."}
checkxlinkurl.template.feature:14 - 
org.apache.http.client.ClientProtocolException
04:24:14.340 [ForkJoinPool-1-worker-3] INFO  com.intuit.karate - [print]
04:24:14.342 [ForkJoinPool-1-worker-3] INFO  com.intuit.karate - [print] testing xlinkurl:x
04:24:14.343 [ForkJoinPool-1-worker-3] ERROR com.intuit.karate - org.apache.http.client.ClientProtocolException, http call failed after 0 milliseconds for URL: x
04:24:14.344 [ForkJoinPool-1-worker-3] ERROR com.intuit.karate - http request failed: 
org.apache.http.client.ClientProtocolException
04:24:14.344 [ForkJoinPool-1-worker-3] ERROR com.intuit.karate - feature call (loop) failed at index: 96
caller: classpath:InspireTest/ngr/datasetrecords/def/checkxlinkurl.template.feature
arg: {"link":"x"}
checkxlinkurl.template.feature:14 - 
org.apache.http.client.ClientProtocolException
04:24:14.345 [ForkJoinPool-1-worker-3] INFO  com.intuit.karate - [print]
04:24:14.347 [ForkJoinPool-1-worker-3] INFO  com.intuit.karate - [print] testing xlinkurl:m
04:24:14.347 [ForkJoinPool-1-worker-3] ERROR com.intuit.karate - org.apache.http.client.ClientProtocolException, http call failed after 0 milliseconds for URL: m
04:24:14.348 [ForkJoinPool-1-worker-3] ERROR com.intuit.karate - http request failed: 
org.apache.http.client.ClientProtocolException
04:24:14.349 [ForkJoinPool-1-worker-3] ERROR com.intuit.karate - feature call (loop) failed at index: 97
caller: classpath:InspireTest/ngr/datasetrecords/def/checkxlinkurl.template.feature
arg: {"link":"m"}
checkxlinkurl.template.feature:14 - 
org.apache.http.client.ClientProtocolException
04:24:14.350 [ForkJoinPool-1-worker-3] INFO  com.intuit.karate - [print]
04:24:14.351 [ForkJoinPool-1-worker-3] INFO  com.intuit.karate - [print] testing xlinkurl:l
04:24:14.352 [ForkJoinPool-1-worker-3] ERROR com.intuit.karate - org.apache.http.client.ClientProtocolException, http call failed after 0 milliseconds for URL: l
04:24:14.353 [ForkJoinPool-1-worker-3] ERROR com.intuit.karate - http request failed: 
org.apache.http.client.ClientProtocolException
04:24:14.353 [ForkJoinPool-1-worker-3] ERROR com.intuit.karate - feature call (loop) failed at index: 98
caller: classpath:InspireTest/ngr/datasetrecords/def/checkxlinkurl.template.feature
arg: {"link":"l"}
checkxlinkurl.template.feature:14 - 
org.apache.http.client.ClientProtocolException
04:24:14.354 [ForkJoinPool-1-worker-3] INFO  com.intuit.karate - [print]
04:24:14.356 [ForkJoinPool-1-worker-3] INFO  com.intuit.karate - [print] testing xlinkurl:#
04:24:14.357 [ForkJoinPool-1-worker-3] ERROR com.intuit.karate - org.apache.http.client.ClientProtocolException, http call failed after 0 milliseconds for URL: #
04:24:14.357 [ForkJoinPool-1-worker-3] ERROR com.intuit.karate - http request failed: 
org.apache.http.client.ClientProtocolException
04:24:14.358 [ForkJoinPool-1-worker-3] ERROR com.intuit.karate - feature call (loop) failed at index: 99
caller: classpath:InspireTest/ngr/datasetrecords/def/checkxlinkurl.template.feature
arg: {"link":"#"}
checkxlinkurl.template.feature:14 - 
org.apache.http.client.ClientProtocolException
04:24:14.359 [ForkJoinPool-1-worker-3] INFO  com.intuit.karate - [print]
04:24:14.361 [ForkJoinPool-1-worker-3] INFO  com.intuit.karate - [print] testing xlinkurl:m
04:24:14.363 [ForkJoinPool-1-worker-3] ERROR com.intuit.karate - org.apache.http.client.ClientProtocolException, http call failed after 0 milliseconds for URL: m
04:24:14.363 [ForkJoinPool-1-worker-3] ERROR com.intuit.karate - http request failed: 
org.apache.http.client.ClientProtocolException
04:24:14.363 [ForkJoinPool-1-worker-3] ERROR com.intuit.karate - feature call (loop) failed at index: 100
caller: classpath:InspireTest/ngr/datasetrecords/def/checkxlinkurl.template.feature
arg: {"link":"m"}
checkxlinkurl.template.feature:14 - 
org.apache.http.client.ClientProtocolException
04:24:14.370 [ForkJoinPool-1-worker-5] INFO  com.intuit.karate - [print]
04:24:14.370 [ForkJoinPool-1-worker-5] INFO  com.intuit.karate - [print] testing xlinkurl:https://www.iana.org/assignments/media-types/application/xml
04:24:14.502 [ForkJoinPool-1-worker-9] INFO  com.intuit.karate - [print]
04:24:14.502 [ForkJoinPool-1-worker-9] INFO  com.intuit.karate - [print] testing xlinkurl:http://standaarden.overheid.nl/owms/terms/Ministerie_van_Landbouw,_Natuur_en_Voedselkwaliteit
04:24:14.546 [ForkJoinPool-1-worker-7] INFO  com.intuit.karate - [print]
04:24:14.547 [ForkJoinPool-1-worker-7] INFO  com.intuit.karate - [print] testing xlinkurl:http://rdfdata.eionet.europa.eu/inspirethemes/themes/10
04:24:14.558 [ForkJoinPool-1-worker-13] INFO  com.intuit.karate - [print] title:Kaderrichtlijn Water - Register Beschermd Gebied - Schelpdierwater 2008
04:24:14.558 [ForkJoinPool-1-worker-13] INFO  com.intuit.karate - [print] Kaderrichtlijn Water - Register Beschermd Gebied - Schelpdierwater 2008
04:24:14.559 [ForkJoinPool-1-worker-13] INFO  com.intuit.karate - [print] [
  "servicedesk-data@rijkswaterstaat.nl",
  "servicedesk-data@rijkswaterstaat.nl",
  "",
  "servicedesk-data@rijkswaterstaat.nl",
  "servicedesk-data@rijkswaterstaat.nl"
]

04:24:14.560 [ForkJoinPool-1-worker-13] INFO  com.intuit.karate - [print] organisation: [
  "Rijkswaterstaat",
  "Rijkswaterstaat",
  "",
  "Rijkswaterstaat",
  "Rijkswaterstaat"
]

04:24:14.565 [ForkJoinPool-1-worker-13] INFO  com.intuit.karate - [print] [
  "https://www.nationaalgeoregister.nl/geonetwork/srv/dut/catalog.search#/metadata/4783ea4f-6b8c-4600-8af0-516f3556cfe9",
  "http://rdfdata.eionet.europa.eu/inspirethemes/themes/24",
  "",
  "",
  "",
  "urn:ogc:def:crs:EPSG::5709"
]

04:24:14.577 [ForkJoinPool-1-worker-13] INFO  com.intuit.karate - [print]
04:24:14.584 [ForkJoinPool-1-worker-13] INFO  com.intuit.karate - [print] testing xlinkurl:https://www.nationaalgeoregister.nl/geonetwork/srv/dut/catalog.search#/metadata/4783ea4f-6b8c-4600-8af0-516f3556cfe9
04:24:14.620 [ForkJoinPool-1-worker-11] INFO  com.intuit.karate - [print]
04:24:14.621 [ForkJoinPool-1-worker-11] INFO  com.intuit.karate - [print] testing xlinkurl:http://kadaster/70a0f618-9d4f-4be9-9d9d-11106ff6971c
04:24:14.623 [ForkJoinPool-1-worker-11] ERROR com.intuit.karate - java.net.UnknownHostException: kadaster, http call failed after 0 milliseconds for URL: http://kadaster/70a0f618-9d4f-4be9-9d9d-11106ff6971c
04:24:14.626 [ForkJoinPool-1-worker-11] ERROR com.intuit.karate - http request failed: 
java.net.UnknownHostException: kadaster
04:24:14.627 [ForkJoinPool-1-worker-11] ERROR com.intuit.karate - feature call (loop) failed at index: 1
caller: classpath:InspireTest/ngr/datasetrecords/def/checkxlinkurl.template.feature
arg: {"link":"http://kadaster/70a0f618-9d4f-4be9-9d9d-11106ff6971c"}
checkxlinkurl.template.feature:14 - 
java.net.UnknownHostException: kadaster
04:24:14.747 [ForkJoinPool-1-worker-7] ERROR com.intuit.karate - status code was: 404, expected: 200, response time: 200, url: http://rdfdata.eionet.europa.eu/inspirethemes/themes/10, response: 
04:24:14.748 [ForkJoinPool-1-worker-7] ERROR com.intuit.karate - feature call (loop) failed at index: 1
caller: classpath:InspireTest/ngr/datasetrecords/def/checkxlinkurl.template.feature
arg: {"link":"http://rdfdata.eionet.europa.eu/inspirethemes/themes/10"}
checkxlinkurl.template.feature:15 - status code was: 404, expected: 200, response time: 200, url: http://rdfdata.eionet.europa.eu/inspirethemes/themes/10, response: 
04:24:14.749 [ForkJoinPool-1-worker-7] INFO  com.intuit.karate - [print]
04:24:14.749 [ForkJoinPool-1-worker-7] INFO  com.intuit.karate - [print] testing xlinkurl:urn:ogc:def:crs:EPSG::5709
04:24:14.749 [ForkJoinPool-1-worker-7] ERROR com.intuit.karate - org.apache.http.client.ClientProtocolException: URI does not specify a valid host name: urn:ogc:def:crs:EPSG::5709, http call failed after 0 milliseconds for URL: urn:ogc:def:crs:EPSG::5709
04:24:14.749 [ForkJoinPool-1-worker-7] ERROR com.intuit.karate - http request failed: 
org.apache.http.client.ClientProtocolException: URI does not specify a valid host name: urn:ogc:def:crs:EPSG::5709
04:24:14.749 [ForkJoinPool-1-worker-7] ERROR com.intuit.karate - feature call (loop) failed at index: 2
caller: classpath:InspireTest/ngr/datasetrecords/def/checkxlinkurl.template.feature
arg: {"link":"urn:ogc:def:crs:EPSG::5709"}
checkxlinkurl.template.feature:14 - 
org.apache.http.client.ClientProtocolException: URI does not specify a valid host name: urn:ogc:def:crs:EPSG::5709
04:24:14.901 [ForkJoinPool-1-worker-13] INFO  com.intuit.karate - [print]
04:24:14.901 [ForkJoinPool-1-worker-13] INFO  com.intuit.karate - [print] testing xlinkurl:http://rdfdata.eionet.europa.eu/inspirethemes/themes/24
04:24:14.917 [ForkJoinPool-1-worker-3] INFO  com.intuit.karate - [print] title:Oppervlaktegeologie, Geologische kaart onder INSPIRE
04:24:14.917 [ForkJoinPool-1-worker-3] INFO  com.intuit.karate - [print] Oppervlaktegeologie, Geologische kaart onder INSPIRE
04:24:14.918 [ForkJoinPool-1-worker-3] INFO  com.intuit.karate - [print] [
  "info@dinoloket.nl",
  "info@dinoloket.nl",
  "info@dinoloket.nl"
]

04:24:14.922 [ForkJoinPool-1-worker-3] INFO  com.intuit.karate - [print] organisation: [
  "TNO Geologische Dienst Nederland",
  "TNO Geologische Dienst Nederland",
  "TNO Geologische Dienst Nederland"
]

04:24:14.923 [ForkJoinPool-1-worker-3] INFO  com.intuit.karate - [print] [
  "https://nationaalgeoregister.nl/geonetwork/srv/resources66495385-8f7b-4661-85a7-11a2bbcbb6b9",
  "http://rdfdata.eionet.europa.eu/inspirethemes/themes/13",
  "http://geonetwork-opensource.org/inspire-theme#",
  "https://www.nationaalgeoregister.nl/geonetwork/srv/eng/thesaurus.download?ref=external.theme.inspire-theme"
]

04:24:14.934 [ForkJoinPool-1-worker-3] INFO  com.intuit.karate - [print]
04:24:14.936 [ForkJoinPool-1-worker-3] INFO  com.intuit.karate - [print] testing xlinkurl:https://nationaalgeoregister.nl/geonetwork/srv/resources66495385-8f7b-4661-85a7-11a2bbcbb6b9
04:24:15.103 [ForkJoinPool-1-worker-5] INFO  com.intuit.karate - [print] title:Luchtfoto 2018 25cm RGB open data
04:24:15.104 [ForkJoinPool-1-worker-13] ERROR com.intuit.karate - status code was: 404, expected: 200, response time: 201, url: http://rdfdata.eionet.europa.eu/inspirethemes/themes/24, response: 
04:24:15.104 [ForkJoinPool-1-worker-13] ERROR com.intuit.karate - feature call (loop) failed at index: 1
caller: classpath:InspireTest/ngr/datasetrecords/def/checkxlinkurl.template.feature
arg: {"link":"http://rdfdata.eionet.europa.eu/inspirethemes/themes/24"}
checkxlinkurl.template.feature:15 - status code was: 404, expected: 200, response time: 201, url: http://rdfdata.eionet.europa.eu/inspirethemes/themes/24, response: 
04:24:15.105 [ForkJoinPool-1-worker-13] INFO  com.intuit.karate - [print]
04:24:15.105 [ForkJoinPool-1-worker-13] INFO  com.intuit.karate - [print] testing xlinkurl:
04:24:15.106 [ForkJoinPool-1-worker-13] ERROR com.intuit.karate - org.apache.http.client.ClientProtocolException, http call failed after 0 milliseconds for URL: 
04:24:15.106 [ForkJoinPool-1-worker-13] ERROR com.intuit.karate - http request failed: 
org.apache.http.client.ClientProtocolException
04:24:15.106 [ForkJoinPool-1-worker-13] ERROR com.intuit.karate - feature call (loop) failed at index: 2
caller: classpath:InspireTest/ngr/datasetrecords/def/checkxlinkurl.template.feature
arg: {"link":""}
checkxlinkurl.template.feature:14 - 
org.apache.http.client.ClientProtocolException
04:24:15.107 [ForkJoinPool-1-worker-13] INFO  com.intuit.karate - [print]
04:24:15.108 [ForkJoinPool-1-worker-13] INFO  com.intuit.karate - [print] testing xlinkurl:
04:24:15.108 [ForkJoinPool-1-worker-13] ERROR com.intuit.karate - org.apache.http.client.ClientProtocolException, http call failed after 0 milliseconds for URL: 
04:24:15.108 [ForkJoinPool-1-worker-13] ERROR com.intuit.karate - http request failed: 
org.apache.http.client.ClientProtocolException
04:24:15.109 [ForkJoinPool-1-worker-13] ERROR com.intuit.karate - feature call (loop) failed at index: 3
caller: classpath:InspireTest/ngr/datasetrecords/def/checkxlinkurl.template.feature
arg: {"link":""}
checkxlinkurl.template.feature:14 - 
org.apache.http.client.ClientProtocolException
04:24:15.122 [ForkJoinPool-1-worker-5] INFO  com.intuit.karate - [print] Luchtfoto 2018 25cm RGB open data
04:24:15.124 [ForkJoinPool-1-worker-5] INFO  com.intuit.karate - [print] [
  "PPB-GVA@kadaster.nl",
  "info@hetwaterschapshuis.nl",
  "kcc@kadaster.nl",
  "",
  "",
  "",
  "",
  "",
  ""
]

04:24:15.130 [ForkJoinPool-1-worker-5] INFO  com.intuit.karate - [print] organisation: [
  "Kadaster",
  "Het Waterschapshuis",
  "Kadaster",
  "Eurosense",
  "Eurosense",
  "Eurosense",
  "Kadaster",
  "Kadaster"
]

04:24:15.135 [ForkJoinPool-1-worker-5] INFO  com.intuit.karate - [print] [
  "http://kadaster/2482250f-3b00-4439-9f93-f3118229b020",
  "",
  "",
  ""
]

04:24:15.126 [ForkJoinPool-1-worker-13] INFO  com.intuit.karate - [print]
04:24:15.137 [ForkJoinPool-1-worker-13] INFO  com.intuit.karate - [print] testing xlinkurl:
04:24:15.137 [ForkJoinPool-1-worker-13] ERROR com.intuit.karate - org.apache.http.client.ClientProtocolException, http call failed after 0 milliseconds for URL: 
04:24:15.137 [ForkJoinPool-1-worker-13] ERROR com.intuit.karate - http request failed: 
org.apache.http.client.ClientProtocolException
04:24:15.138 [ForkJoinPool-1-worker-13] ERROR com.intuit.karate - feature call (loop) failed at index: 4
caller: classpath:InspireTest/ngr/datasetrecords/def/checkxlinkurl.template.feature
arg: {"link":""}
checkxlinkurl.template.feature:14 - 
org.apache.http.client.ClientProtocolException
04:24:15.139 [ForkJoinPool-1-worker-13] INFO  com.intuit.karate - [print]
04:24:15.140 [ForkJoinPool-1-worker-13] INFO  com.intuit.karate - [print] testing xlinkurl:urn:ogc:def:crs:EPSG::5709
04:24:15.141 [ForkJoinPool-1-worker-13] ERROR com.intuit.karate - org.apache.http.client.ClientProtocolException: URI does not specify a valid host name: urn:ogc:def:crs:EPSG::5709, http call failed after 0 milliseconds for URL: urn:ogc:def:crs:EPSG::5709
04:24:15.142 [ForkJoinPool-1-worker-13] ERROR com.intuit.karate - http request failed: 
org.apache.http.client.ClientProtocolException: URI does not specify a valid host name: urn:ogc:def:crs:EPSG::5709
04:24:15.143 [ForkJoinPool-1-worker-13] ERROR com.intuit.karate - feature call (loop) failed at index: 5
caller: classpath:InspireTest/ngr/datasetrecords/def/checkxlinkurl.template.feature
arg: {"link":"urn:ogc:def:crs:EPSG::5709"}
checkxlinkurl.template.feature:14 - 
org.apache.http.client.ClientProtocolException: URI does not specify a valid host name: urn:ogc:def:crs:EPSG::5709
04:24:15.164 [ForkJoinPool-1-worker-5] INFO  com.intuit.karate - [print]
04:24:15.165 [ForkJoinPool-1-worker-5] INFO  com.intuit.karate - [print] testing xlinkurl:http://kadaster/2482250f-3b00-4439-9f93-f3118229b020
04:24:15.167 [ForkJoinPool-1-worker-5] ERROR com.intuit.karate - java.net.UnknownHostException: kadaster, http call failed after 0 milliseconds for URL: http://kadaster/2482250f-3b00-4439-9f93-f3118229b020
04:24:15.170 [ForkJoinPool-1-worker-5] ERROR com.intuit.karate - http request failed: 
java.net.UnknownHostException: kadaster
04:24:15.170 [ForkJoinPool-1-worker-5] ERROR com.intuit.karate - feature call (loop) failed at index: 0
caller: classpath:InspireTest/ngr/datasetrecords/def/checkxlinkurl.template.feature
arg: {"link":"http://kadaster/2482250f-3b00-4439-9f93-f3118229b020"}
checkxlinkurl.template.feature:14 - 
java.net.UnknownHostException: kadaster
04:24:15.173 [ForkJoinPool-1-worker-5] INFO  com.intuit.karate - [print]
04:24:15.174 [ForkJoinPool-1-worker-5] INFO  com.intuit.karate - [print] testing xlinkurl:
04:24:15.175 [ForkJoinPool-1-worker-5] ERROR com.intuit.karate - org.apache.http.client.ClientProtocolException, http call failed after 0 milliseconds for URL: 
04:24:15.179 [ForkJoinPool-1-worker-5] ERROR com.intuit.karate - http request failed: 
org.apache.http.client.ClientProtocolException
04:24:15.180 [ForkJoinPool-1-worker-5] ERROR com.intuit.karate - feature call (loop) failed at index: 1
caller: classpath:InspireTest/ngr/datasetrecords/def/checkxlinkurl.template.feature
arg: {"link":""}
checkxlinkurl.template.feature:14 - 
org.apache.http.client.ClientProtocolException
04:24:15.185 [ForkJoinPool-1-worker-5] INFO  com.intuit.karate - [print]
04:24:15.187 [ForkJoinPool-1-worker-5] INFO  com.intuit.karate - [print] testing xlinkurl:
04:24:15.188 [ForkJoinPool-1-worker-5] ERROR com.intuit.karate - org.apache.http.client.ClientProtocolException, http call failed after 0 milliseconds for URL: 
04:24:15.189 [ForkJoinPool-1-worker-5] ERROR com.intuit.karate - http request failed: 
org.apache.http.client.ClientProtocolException
04:24:15.190 [ForkJoinPool-1-worker-5] ERROR com.intuit.karate - feature call (loop) failed at index: 2
caller: classpath:InspireTest/ngr/datasetrecords/def/checkxlinkurl.template.feature
arg: {"link":""}
checkxlinkurl.template.feature:14 - 
org.apache.http.client.ClientProtocolException
04:24:15.191 [ForkJoinPool-1-worker-5] INFO  com.intuit.karate - [print]
04:24:15.195 [ForkJoinPool-1-worker-5] INFO  com.intuit.karate - [print] testing xlinkurl:
04:24:15.195 [ForkJoinPool-1-worker-5] ERROR com.intuit.karate - org.apache.http.client.ClientProtocolException, http call failed after 0 milliseconds for URL: 
04:24:15.196 [ForkJoinPool-1-worker-5] ERROR com.intuit.karate - http request failed: 
org.apache.http.client.ClientProtocolException
04:24:15.197 [ForkJoinPool-1-worker-5] ERROR com.intuit.karate - feature call (loop) failed at index: 3
caller: classpath:InspireTest/ngr/datasetrecords/def/checkxlinkurl.template.feature
arg: {"link":""}
checkxlinkurl.template.feature:14 - 
org.apache.http.client.ClientProtocolException
04:24:15.216 [ForkJoinPool-1-worker-11] INFO  com.intuit.karate - [print] title:Gebieden in de territoriale zee
04:24:15.216 [ForkJoinPool-1-worker-11] INFO  com.intuit.karate - [print] Gebieden in de territoriale zee
04:24:15.217 [ForkJoinPool-1-worker-11] INFO  com.intuit.karate - [print] [
  "data@hydro.nl",
  "data@hydro.nl",
  "data@hydro.nl",
  "",
  ""
]

04:24:15.218 [ForkJoinPool-1-worker-11] INFO  com.intuit.karate - [print] organisation: [
  "Ministerie van Defensie, Koninklijke Marine, Dienst der Hydrografie",
  "Ministerie van Defensie, Koninklijke Marine, Dienst der Hydrografie",
  "Ministerie van Defensie, Koninklijke Marine, Dienst der Hydrografie"
]

04:24:15.219 [ForkJoinPool-1-worker-3] ERROR com.intuit.karate - status code was: 404, expected: 200, response time: 281, url: https://nationaalgeoregister.nl/geonetwork/srv/resources66495385-8f7b-4661-85a7-11a2bbcbb6b9, response: 
04:24:15.219 [ForkJoinPool-1-worker-3] ERROR com.intuit.karate - feature call (loop) failed at index: 0
caller: classpath:InspireTest/ngr/datasetrecords/def/checkxlinkurl.template.feature
arg: {"link":"https://nationaalgeoregister.nl/geonetwork/srv/resources66495385-8f7b-4661-85a7-11a2bbcbb6b9"}
checkxlinkurl.template.feature:15 - status code was: 404, expected: 200, response time: 281, url: https://nationaalgeoregister.nl/geonetwork/srv/resources66495385-8f7b-4661-85a7-11a2bbcbb6b9, response: 
04:24:15.220 [ForkJoinPool-1-worker-3] INFO  com.intuit.karate - [print]
04:24:15.220 [ForkJoinPool-1-worker-3] INFO  com.intuit.karate - [print] testing xlinkurl:http://rdfdata.eionet.europa.eu/inspirethemes/themes/13
04:24:15.223 [ForkJoinPool-1-worker-11] INFO  com.intuit.karate - [print] [
  "http://www.opengis.net/def/crs/EPSG/0/https://www.opengis.net/def/crs/EPSG/0/4258",
  "https://www.nationaalgeoregister.nl/geonetwork/srv/api/records4617f0e0-6af4-4ac0-9044-31df9d03071c"
]

04:24:15.246 [ForkJoinPool-1-worker-11] INFO  com.intuit.karate - [print]
04:24:15.246 [ForkJoinPool-1-worker-11] INFO  com.intuit.karate - [print] testing xlinkurl:http://www.opengis.net/def/crs/EPSG/0/https://www.opengis.net/def/crs/EPSG/0/4258
04:24:15.328 [ForkJoinPool-1-worker-7] INFO  com.intuit.karate - [print] title:zoutvelden en zoutproductieputten onder INSPIRE
04:24:15.330 [ForkJoinPool-1-worker-7] INFO  com.intuit.karate - [print] zoutvelden en zoutproductieputten onder INSPIRE
04:24:15.349 [ForkJoinPool-1-worker-7] INFO  com.intuit.karate - [print] [
  "info@dinoloket.nl",
  "info@dinoloket.nl",
  "info@dinoloket.nl"
]

04:24:15.352 [ForkJoinPool-1-worker-7] INFO  com.intuit.karate - [print] organisation: [
  "TNO Geologische Dienst Nederland",
  "TNO Geologische Dienst Nederland",
  "TNO Geologische Dienst Nederland"
]

04:24:15.355 [ForkJoinPool-1-worker-7] INFO  com.intuit.karate - [print] [
  "https://nationaalgeoregister.nl/geonetwork/srv/resourcesce4a6d93-83d6-4397-afa1-d4117d5ce76b",
  "http://rdfdata.eionet.europa.eu/inspirethemes/themes/34",
  "http://geonetwork-opensource.org/inspire-theme#",
  "https://www.nationaalgeoregister.nl/geonetwork/srv/eng/thesaurus.download?ref=external.theme.inspire-theme"
]

04:24:15.374 [ForkJoinPool-1-worker-7] INFO  com.intuit.karate - [print]
04:24:15.374 [ForkJoinPool-1-worker-7] INFO  com.intuit.karate - [print] testing xlinkurl:https://nationaalgeoregister.nl/geonetwork/srv/resourcesce4a6d93-83d6-4397-afa1-d4117d5ce76b
04:24:15.421 [ForkJoinPool-1-worker-3] ERROR com.intuit.karate - status code was: 404, expected: 200, response time: 200, url: http://rdfdata.eionet.europa.eu/inspirethemes/themes/13, response: 
04:24:15.421 [ForkJoinPool-1-worker-3] ERROR com.intuit.karate - feature call (loop) failed at index: 1
caller: classpath:InspireTest/ngr/datasetrecords/def/checkxlinkurl.template.feature
arg: {"link":"http://rdfdata.eionet.europa.eu/inspirethemes/themes/13"}
checkxlinkurl.template.feature:15 - status code was: 404, expected: 200, response time: 200, url: http://rdfdata.eionet.europa.eu/inspirethemes/themes/13, response: 
04:24:15.423 [ForkJoinPool-1-worker-3] INFO  com.intuit.karate - [print]
04:24:15.423 [ForkJoinPool-1-worker-3] INFO  com.intuit.karate - [print] testing xlinkurl:http://geonetwork-opensource.org/inspire-theme#
04:24:15.543 [ForkJoinPool-1-worker-11] INFO  com.intuit.karate - [print]
04:24:15.544 [ForkJoinPool-1-worker-11] INFO  com.intuit.karate - [print] testing xlinkurl:https://www.nationaalgeoregister.nl/geonetwork/srv/api/records4617f0e0-6af4-4ac0-9044-31df9d03071c
04:24:15.600 [ForkJoinPool-1-worker-9] INFO  com.intuit.karate - [print] title:Hydrografie
04:24:15.605 [ForkJoinPool-1-worker-9] INFO  com.intuit.karate - [print] Hydrografie
04:24:15.606 [ForkJoinPool-1-worker-9] INFO  com.intuit.karate - [print] [
  "PPB-GVA@kadaster.nl",
  "kcc@kadaster.nl",
  "kcc@kadaster.nl"
]

04:24:15.609 [ForkJoinPool-1-worker-9] INFO  com.intuit.karate - [print] organisation: [
  "Kadaster",
  "Kadaster",
  "Kadaster"
]

04:24:15.616 [ForkJoinPool-1-worker-9] INFO  com.intuit.karate - [print] [
  "http://kadaster/06b6c650-cdb1-11dd-ad8b-0800200c9a80"
]

04:24:15.631 [ForkJoinPool-1-worker-9] INFO  com.intuit.karate - [print]
04:24:15.631 [ForkJoinPool-1-worker-9] INFO  com.intuit.karate - [print] testing xlinkurl:http://kadaster/06b6c650-cdb1-11dd-ad8b-0800200c9a80
04:24:15.635 [ForkJoinPool-1-worker-9] ERROR com.intuit.karate - java.net.UnknownHostException: kadaster, http call failed after 0 milliseconds for URL: http://kadaster/06b6c650-cdb1-11dd-ad8b-0800200c9a80
04:24:15.636 [ForkJoinPool-1-worker-9] ERROR com.intuit.karate - http request failed: 
java.net.UnknownHostException: kadaster
04:24:15.637 [ForkJoinPool-1-worker-9] ERROR com.intuit.karate - feature call (loop) failed at index: 0
caller: classpath:InspireTest/ngr/datasetrecords/def/checkxlinkurl.template.feature
arg: {"link":"http://kadaster/06b6c650-cdb1-11dd-ad8b-0800200c9a80"}
checkxlinkurl.template.feature:14 - 
java.net.UnknownHostException: kadaster
04:24:15.656 [ForkJoinPool-1-worker-7] ERROR com.intuit.karate - status code was: 404, expected: 200, response time: 281, url: https://nationaalgeoregister.nl/geonetwork/srv/resourcesce4a6d93-83d6-4397-afa1-d4117d5ce76b, response: 
04:24:15.656 [ForkJoinPool-1-worker-7] ERROR com.intuit.karate - feature call (loop) failed at index: 0
caller: classpath:InspireTest/ngr/datasetrecords/def/checkxlinkurl.template.feature
arg: {"link":"https://nationaalgeoregister.nl/geonetwork/srv/resourcesce4a6d93-83d6-4397-afa1-d4117d5ce76b"}
checkxlinkurl.template.feature:15 - status code was: 404, expected: 200, response time: 281, url: https://nationaalgeoregister.nl/geonetwork/srv/resourcesce4a6d93-83d6-4397-afa1-d4117d5ce76b, response: 
04:24:15.657 [ForkJoinPool-1-worker-7] INFO  com.intuit.karate - [print]
04:24:15.657 [ForkJoinPool-1-worker-7] INFO  com.intuit.karate - [print] testing xlinkurl:http://rdfdata.eionet.europa.eu/inspirethemes/themes/34
04:24:15.733 [ForkJoinPool-1-worker-13] INFO  com.intuit.karate - [print] title:Afgevoerde hoeveelheid afval in 2011 vanuit de industrie
04:24:15.734 [ForkJoinPool-1-worker-13] INFO  com.intuit.karate - [print] Afgevoerde hoeveelheid afval in 2011 vanuit de industrie
04:24:15.736 [ForkJoinPool-1-worker-13] INFO  com.intuit.karate - [print] [
  "emissieregistratie@rivm.nl",
  "",
  "emissieregistratie@rivm.nl"
]

04:24:15.738 [ForkJoinPool-1-worker-13] INFO  com.intuit.karate - [print] organisation: no organisationName found in dataset record
04:24:15.743 [ForkJoinPool-1-worker-13] INFO  com.intuit.karate - [print] [
  "https://data.rivm.nl/inspire/id#90bab79d-5f92-4aaa-8edc-99195438ef65"
]

04:24:15.751 [ForkJoinPool-1-worker-13] INFO  com.intuit.karate - [print]
04:24:15.751 [ForkJoinPool-1-worker-13] INFO  com.intuit.karate - [print] testing xlinkurl:https://data.rivm.nl/inspire/id#90bab79d-5f92-4aaa-8edc-99195438ef65
04:24:15.838 [ForkJoinPool-1-worker-5] INFO  com.intuit.karate - [print] title:Luchtfoto 2016 25cm RGB open data
04:24:15.839 [ForkJoinPool-1-worker-5] INFO  com.intuit.karate - [print] Luchtfoto 2016 25cm RGB open data
04:24:15.840 [ForkJoinPool-1-worker-5] INFO  com.intuit.karate - [print] [
  "PPB-GVA@kadaster.nl",
  "info@hetwaterschapshuis.nl",
  "kcc@kadaster.nl",
  "",
  "",
  "",
  "",
  "",
  ""
]

04:24:15.843 [ForkJoinPool-1-worker-5] INFO  com.intuit.karate - [print] organisation: [
  "Kadaster",
  "Het Waterschapshuis",
  "Kadaster",
  "Eurosense",
  "Eurosense",
  "Eurosense",
  "Kadaster",
  "Kadaster"
]

04:24:15.846 [ForkJoinPool-1-worker-5] INFO  com.intuit.karate - [print] [
  "http://kadaster/2482250f-3b00-4439-9f93-f3118229b014",
  "",
  "",
  ""
]

04:24:15.851 [ForkJoinPool-1-worker-5] INFO  com.intuit.karate - [print]
04:24:15.852 [ForkJoinPool-1-worker-5] INFO  com.intuit.karate - [print] testing xlinkurl:http://kadaster/2482250f-3b00-4439-9f93-f3118229b014
04:24:15.853 [ForkJoinPool-1-worker-5] ERROR com.intuit.karate - java.net.UnknownHostException: kadaster, http call failed after 0 milliseconds for URL: http://kadaster/2482250f-3b00-4439-9f93-f3118229b014
04:24:15.854 [ForkJoinPool-1-worker-5] ERROR com.intuit.karate - http request failed: 
java.net.UnknownHostException: kadaster
04:24:15.855 [ForkJoinPool-1-worker-5] ERROR com.intuit.karate - feature call (loop) failed at index: 0
caller: classpath:InspireTest/ngr/datasetrecords/def/checkxlinkurl.template.feature
arg: {"link":"http://kadaster/2482250f-3b00-4439-9f93-f3118229b014"}
checkxlinkurl.template.feature:14 - 
java.net.UnknownHostException: kadaster
04:24:15.857 [ForkJoinPool-1-worker-5] INFO  com.intuit.karate - [print]
04:24:15.858 [ForkJoinPool-1-worker-5] INFO  com.intuit.karate - [print] testing xlinkurl:
04:24:15.858 [ForkJoinPool-1-worker-5] ERROR com.intuit.karate - org.apache.http.client.ClientProtocolException, http call failed after 0 milliseconds for URL: 
04:24:15.859 [ForkJoinPool-1-worker-7] ERROR com.intuit.karate - status code was: 404, expected: 200, response time: 201, url: http://rdfdata.eionet.europa.eu/inspirethemes/themes/34, response: 
04:24:15.859 [ForkJoinPool-1-worker-7] ERROR com.intuit.karate - feature call (loop) failed at index: 1
caller: classpath:InspireTest/ngr/datasetrecords/def/checkxlinkurl.template.feature
arg: {"link":"http://rdfdata.eionet.europa.eu/inspirethemes/themes/34"}
checkxlinkurl.template.feature:15 - status code was: 404, expected: 200, response time: 201, url: http://rdfdata.eionet.europa.eu/inspirethemes/themes/34, response: 
04:24:15.860 [ForkJoinPool-1-worker-7] INFO  com.intuit.karate - [print]
04:24:15.860 [ForkJoinPool-1-worker-7] INFO  com.intuit.karate - [print] testing xlinkurl:http://geonetwork-opensource.org/inspire-theme#
04:24:15.862 [ForkJoinPool-1-worker-5] ERROR com.intuit.karate - http request failed: 
org.apache.http.client.ClientProtocolException
04:24:15.862 [ForkJoinPool-1-worker-5] ERROR com.intuit.karate - feature call (loop) failed at index: 1
caller: classpath:InspireTest/ngr/datasetrecords/def/checkxlinkurl.template.feature
arg: {"link":""}
checkxlinkurl.template.feature:14 - 
org.apache.http.client.ClientProtocolException
04:24:15.864 [ForkJoinPool-1-worker-5] INFO  com.intuit.karate - [print]
04:24:15.865 [ForkJoinPool-1-worker-5] INFO  com.intuit.karate - [print] testing xlinkurl:
04:24:15.865 [ForkJoinPool-1-worker-11] ERROR com.intuit.karate - status code was: 500, expected: 200, response time: 320, url: https://www.nationaalgeoregister.nl/geonetwork/srv/api/records4617f0e0-6af4-4ac0-9044-31df9d03071c, response: 
04:24:15.867 [ForkJoinPool-1-worker-11] ERROR com.intuit.karate - feature call (loop) failed at index: 1
caller: classpath:InspireTest/ngr/datasetrecords/def/checkxlinkurl.template.feature
arg: {"link":"https://www.nationaalgeoregister.nl/geonetwork/srv/api/records4617f0e0-6af4-4ac0-9044-31df9d03071c"}
checkxlinkurl.template.feature:15 - status code was: 500, expected: 200, response time: 320, url: https://www.nationaalgeoregister.nl/geonetwork/srv/api/records4617f0e0-6af4-4ac0-9044-31df9d03071c, response: 
04:24:15.869 [ForkJoinPool-1-worker-5] ERROR com.intuit.karate - org.apache.http.client.ClientProtocolException, http call failed after 0 milliseconds for URL: 
04:24:15.870 [ForkJoinPool-1-worker-5] ERROR com.intuit.karate - http request failed: 
org.apache.http.client.ClientProtocolException
04:24:15.871 [ForkJoinPool-1-worker-5] ERROR com.intuit.karate - feature call (loop) failed at index: 2
caller: classpath:InspireTest/ngr/datasetrecords/def/checkxlinkurl.template.feature
arg: {"link":""}
checkxlinkurl.template.feature:14 - 
org.apache.http.client.ClientProtocolException
04:24:15.873 [ForkJoinPool-1-worker-5] INFO  com.intuit.karate - [print]
04:24:15.874 [ForkJoinPool-1-worker-5] INFO  com.intuit.karate - [print] testing xlinkurl:
04:24:15.875 [ForkJoinPool-1-worker-5] ERROR com.intuit.karate - org.apache.http.client.ClientProtocolException, http call failed after 0 milliseconds for URL: 
04:24:15.878 [ForkJoinPool-1-worker-5] ERROR com.intuit.karate - http request failed: 
org.apache.http.client.ClientProtocolException
04:24:15.879 [ForkJoinPool-1-worker-5] ERROR com.intuit.karate - feature call (loop) failed at index: 3
caller: classpath:InspireTest/ngr/datasetrecords/def/checkxlinkurl.template.feature
arg: {"link":""}
checkxlinkurl.template.feature:14 - 
org.apache.http.client.ClientProtocolException
04:24:16.018 [ForkJoinPool-1-worker-3] ERROR com.intuit.karate - status code was: 404, expected: 200, response time: 400, url: http://geonetwork-opensource.org/inspire-theme#, response: 
04:24:16.018 [ForkJoinPool-1-worker-3] ERROR com.intuit.karate - feature call (loop) failed at index: 2
caller: classpath:InspireTest/ngr/datasetrecords/def/checkxlinkurl.template.feature
arg: {"link":"http://geonetwork-opensource.org/inspire-theme#"}
checkxlinkurl.template.feature:15 - status code was: 404, expected: 200, response time: 400, url: http://geonetwork-opensource.org/inspire-theme#, response: 
04:24:16.020 [ForkJoinPool-1-worker-3] INFO  com.intuit.karate - [print]
04:24:16.020 [ForkJoinPool-1-worker-3] INFO  com.intuit.karate - [print] testing xlinkurl:https://www.nationaalgeoregister.nl/geonetwork/srv/eng/thesaurus.download?ref=external.theme.inspire-theme
04:24:16.110 [ForkJoinPool-1-worker-13] ERROR com.intuit.karate - javax.net.ssl.SSLException: Connection reset, http call failed after 358 milliseconds for URL: https://data.rivm.nl/inspire/id#90bab79d-5f92-4aaa-8edc-99195438ef65
04:24:16.111 [ForkJoinPool-1-worker-13] ERROR com.intuit.karate - http request failed: 
javax.net.ssl.SSLException: Connection reset
04:24:16.111 [ForkJoinPool-1-worker-13] ERROR com.intuit.karate - feature call (loop) failed at index: 0
caller: classpath:InspireTest/ngr/datasetrecords/def/checkxlinkurl.template.feature
arg: {"link":"https://data.rivm.nl/inspire/id#90bab79d-5f92-4aaa-8edc-99195438ef65"}
checkxlinkurl.template.feature:14 - 
javax.net.ssl.SSLException: Connection reset
04:24:16.183 [ForkJoinPool-1-worker-9] INFO  com.intuit.karate - [print] title:Statistical Units Vector
04:24:16.184 [ForkJoinPool-1-worker-9] INFO  com.intuit.karate - [print] Statistical Units Vector
04:24:16.185 [ForkJoinPool-1-worker-9] INFO  com.intuit.karate - [print] [
  "infoservice@cbs.nl",
  "infoservice@cbs.nl",
  "infoservice@cbs.nl",
  "",
  ""
]

04:24:16.187 [ForkJoinPool-1-worker-9] INFO  com.intuit.karate - [print] organisation: [
  "Statistics Netherlands",
  "Statistics Netherlands",
  "Statistics Netherlandds",
  "Statistics Netherlands"
]

04:24:16.190 [ForkJoinPool-1-worker-9] INFO  com.intuit.karate - [print] [
  "https://geodata.nationaalgeoregister.nl/cbsgebiedsindelingen/atom/cbsgebiedsindelingen.xml"
]

04:24:16.195 [ForkJoinPool-1-worker-9] INFO  com.intuit.karate - [print]
04:24:16.196 [ForkJoinPool-1-worker-9] INFO  com.intuit.karate - [print] testing xlinkurl:https://geodata.nationaalgeoregister.nl/cbsgebiedsindelingen/atom/cbsgebiedsindelingen.xml
04:24:16.354 [ForkJoinPool-1-worker-3] ERROR com.intuit.karate - status code was: 500, expected: 200, response time: 333, url: https://www.nationaalgeoregister.nl/geonetwork/srv/eng/thesaurus.download?ref=external.theme.inspire-theme, response: 
04:24:16.354 [ForkJoinPool-1-worker-3] ERROR com.intuit.karate - feature call (loop) failed at index: 3
caller: classpath:InspireTest/ngr/datasetrecords/def/checkxlinkurl.template.feature
arg: {"link":"https://www.nationaalgeoregister.nl/geonetwork/srv/eng/thesaurus.download?ref=external.theme.inspire-theme"}
checkxlinkurl.template.feature:15 - status code was: 500, expected: 200, response time: 333, url: https://www.nationaalgeoregister.nl/geonetwork/srv/eng/thesaurus.download?ref=external.theme.inspire-theme, response: 
04:24:16.455 [ForkJoinPool-1-worker-7] ERROR com.intuit.karate - status code was: 404, expected: 200, response time: 400, url: http://geonetwork-opensource.org/inspire-theme#, response: 
04:24:16.455 [ForkJoinPool-1-worker-7] ERROR com.intuit.karate - feature call (loop) failed at index: 2
caller: classpath:InspireTest/ngr/datasetrecords/def/checkxlinkurl.template.feature
arg: {"link":"http://geonetwork-opensource.org/inspire-theme#"}
checkxlinkurl.template.feature:15 - status code was: 404, expected: 200, response time: 400, url: http://geonetwork-opensource.org/inspire-theme#, response: 
04:24:16.456 [ForkJoinPool-1-worker-7] INFO  com.intuit.karate - [print]
04:24:16.457 [ForkJoinPool-1-worker-7] INFO  com.intuit.karate - [print] testing xlinkurl:https://www.nationaalgeoregister.nl/geonetwork/srv/eng/thesaurus.download?ref=external.theme.inspire-theme
04:24:16.599 [ForkJoinPool-1-worker-11] INFO  com.intuit.karate - [print] title:Vervoersnetwerken - Kabelbanen (INSPIRE geharmoniseerd)
04:24:16.601 [ForkJoinPool-1-worker-11] INFO  com.intuit.karate - [print] Vervoersnetwerken - Kabelbanen (INSPIRE geharmoniseerd)
04:24:16.602 [ForkJoinPool-1-worker-11] INFO  com.intuit.karate - [print] [
  "PPB-GVA@kadaster.nl",
  "kcc@kadaster.nl"
]

04:24:16.604 [ForkJoinPool-1-worker-11] INFO  com.intuit.karate - [print] organisation: [
  "Kadaster",
  "Kadaster"
]

04:24:16.609 [ForkJoinPool-1-worker-11] INFO  com.intuit.karate - [print] [
  "http://www.opengis.net/def/crs/EPSG/0/http://www.opengis.net/def/crs/EPSG/0/4258",
  "http://kadaster/ed4caa3b-a49e-4a9a-8206-50a3cf451b9a"
]

04:24:16.613 [ForkJoinPool-1-worker-11] INFO  com.intuit.karate - [print]
04:24:16.614 [ForkJoinPool-1-worker-11] INFO  com.intuit.karate - [print] testing xlinkurl:http://www.opengis.net/def/crs/EPSG/0/http://www.opengis.net/def/crs/EPSG/0/4258
04:24:16.647 [ForkJoinPool-1-worker-5] INFO  com.intuit.karate - [print] title:Administratieve Eenheden (INSPIRE geharmoniseerd)
04:24:16.649 [ForkJoinPool-1-worker-5] INFO  com.intuit.karate - [print] Administratieve Eenheden (INSPIRE geharmoniseerd)
04:24:16.650 [ForkJoinPool-1-worker-5] INFO  com.intuit.karate - [print] [
  "PPB-GVA@kadaster.nl",
  "kcc@kadaster.nl"
]

04:24:16.652 [ForkJoinPool-1-worker-5] INFO  com.intuit.karate - [print] organisation: [
  "Kadaster",
  "Kadaster"
]

04:24:16.655 [ForkJoinPool-1-worker-5] INFO  com.intuit.karate - [print] [
  "http://www.opengis.net/def/crs/EPSG/0/http://www.opengis.net/def/crs/EPSG/0/4258",
  "http://kadaster/29f0fa66-3928-4e95-ae30-5b1eab818ac1"
]

04:24:16.662 [ForkJoinPool-1-worker-5] INFO  com.intuit.karate - [print]
04:24:16.663 [ForkJoinPool-1-worker-5] INFO  com.intuit.karate - [print] testing xlinkurl:http://www.opengis.net/def/crs/EPSG/0/http://www.opengis.net/def/crs/EPSG/0/4258
04:24:16.750 [ForkJoinPool-1-worker-13] INFO  com.intuit.karate - [print] title:Mosselzaadinvanginstallaties
04:24:16.750 [ForkJoinPool-1-worker-13] INFO  com.intuit.karate - [print] Mosselzaadinvanginstallaties
04:24:16.752 [ForkJoinPool-1-worker-13] INFO  com.intuit.karate - [print] [
  "geodatabeheer.giscc@rvo.nl",
  "VR@minez.nl",
  "geodatabeheer.giscc@rvo.nl",
  "beheer@pdok.nl"
]

04:24:16.754 [ForkJoinPool-1-worker-13] INFO  com.intuit.karate - [print] organisation: no organisationName found in dataset record
04:24:16.756 [ForkJoinPool-1-worker-13] INFO  com.intuit.karate - [print] [
  "http://standaarden.overheid.nl/owms/terms/Ministerie_van_Landbouw,_Natuur_en_Voedselkwaliteit",
  "http://www.nationaalgeoregister.nl/geonetwork/srv/dut/catalog.search#/metadata/a04afee4-47d5-45b7-b7a0-a6f86106af11",
  "http://standaarden.overheid.nl/owms/terms/Ministerie_van_Landbouw,_Natuur_en_Voedselkwaliteit",
  "http://standaarden.overheid.nl/owms/terms/Ministerie_van_Landbouw,_Natuur_en_Voedselkwaliteit",
  "https://data.overheid.nl/organisatie/PDOK"
]

04:24:16.768 [ForkJoinPool-1-worker-13] INFO  com.intuit.karate - [print]
04:24:16.769 [ForkJoinPool-1-worker-13] INFO  com.intuit.karate - [print] testing xlinkurl:http://standaarden.overheid.nl/owms/terms/Ministerie_van_Landbouw,_Natuur_en_Voedselkwaliteit
04:24:16.780 [ForkJoinPool-1-worker-7] ERROR com.intuit.karate - status code was: 500, expected: 200, response time: 323, url: https://www.nationaalgeoregister.nl/geonetwork/srv/eng/thesaurus.download?ref=external.theme.inspire-theme, response: 
04:24:16.780 [ForkJoinPool-1-worker-7] ERROR com.intuit.karate - feature call (loop) failed at index: 3
caller: classpath:InspireTest/ngr/datasetrecords/def/checkxlinkurl.template.feature
arg: {"link":"https://www.nationaalgeoregister.nl/geonetwork/srv/eng/thesaurus.download?ref=external.theme.inspire-theme"}
checkxlinkurl.template.feature:15 - status code was: 500, expected: 200, response time: 323, url: https://www.nationaalgeoregister.nl/geonetwork/srv/eng/thesaurus.download?ref=external.theme.inspire-theme, response: 
04:24:16.952 [ForkJoinPool-1-worker-3] INFO  com.intuit.karate - [print] title:Omgevingsdosisequivalenttempo Nationaal Meetnet Radioactiviteit 2011
04:24:16.952 [ForkJoinPool-1-worker-3] INFO  com.intuit.karate - [print] Omgevingsdosisequivalenttempo Nationaal Meetnet Radioactiviteit 2011
04:24:16.953 [ForkJoinPool-1-worker-3] INFO  com.intuit.karate - [print] [
  "geodata@rivm.nl",
  "",
  "geodata@rivm.nl"
]

04:24:16.954 [ForkJoinPool-1-worker-3] INFO  com.intuit.karate - [print] organisation: no organisationName found in dataset record
04:24:16.957 [ForkJoinPool-1-worker-3] INFO  com.intuit.karate - [print] [
  "https://data.rivm.nl/inspire/id#722e3937-3e53-4048-97ef-1ced2c77f7dd"
]

04:24:16.961 [ForkJoinPool-1-worker-11] INFO  com.intuit.karate - [print]
04:24:16.961 [ForkJoinPool-1-worker-11] INFO  com.intuit.karate - [print] testing xlinkurl:http://kadaster/ed4caa3b-a49e-4a9a-8206-50a3cf451b9a
04:24:16.963 [ForkJoinPool-1-worker-5] INFO  com.intuit.karate - [print]
04:24:16.964 [ForkJoinPool-1-worker-5] INFO  com.intuit.karate - [print] testing xlinkurl:http://kadaster/29f0fa66-3928-4e95-ae30-5b1eab818ac1
04:24:16.965 [ForkJoinPool-1-worker-3] INFO  com.intuit.karate - [print]
04:24:16.965 [ForkJoinPool-1-worker-3] INFO  com.intuit.karate - [print] testing xlinkurl:https://data.rivm.nl/inspire/id#722e3937-3e53-4048-97ef-1ced2c77f7dd
04:24:16.999 [ForkJoinPool-1-worker-11] ERROR com.intuit.karate - java.net.UnknownHostException: kadaster: Temporary failure in name resolution, http call failed after 37 milliseconds for URL: http://kadaster/ed4caa3b-a49e-4a9a-8206-50a3cf451b9a
04:24:16.999 [ForkJoinPool-1-worker-5] ERROR com.intuit.karate - java.net.UnknownHostException: kadaster, http call failed after 35 milliseconds for URL: http://kadaster/29f0fa66-3928-4e95-ae30-5b1eab818ac1
04:24:16.999 [ForkJoinPool-1-worker-5] ERROR com.intuit.karate - http request failed: 
java.net.UnknownHostException: kadaster
04:24:16.999 [ForkJoinPool-1-worker-5] ERROR com.intuit.karate - feature call (loop) failed at index: 1
caller: classpath:InspireTest/ngr/datasetrecords/def/checkxlinkurl.template.feature
arg: {"link":"http://kadaster/29f0fa66-3928-4e95-ae30-5b1eab818ac1"}
checkxlinkurl.template.feature:14 - 
java.net.UnknownHostException: kadaster
04:24:16.999 [ForkJoinPool-1-worker-11] ERROR com.intuit.karate - http request failed: 
java.net.UnknownHostException: kadaster: Temporary failure in name resolution
04:24:17.002 [ForkJoinPool-1-worker-11] ERROR com.intuit.karate - feature call (loop) failed at index: 1
caller: classpath:InspireTest/ngr/datasetrecords/def/checkxlinkurl.template.feature
arg: {"link":"http://kadaster/ed4caa3b-a49e-4a9a-8206-50a3cf451b9a"}
checkxlinkurl.template.feature:14 - 
java.net.UnknownHostException: kadaster: Temporary failure in name resolution
04:24:17.126 [ForkJoinPool-1-worker-9] INFO  com.intuit.karate - [print] title:Vergunningen Mijnbouwwet onder INSPIRE
04:24:17.127 [ForkJoinPool-1-worker-9] INFO  com.intuit.karate - [print] Vergunningen Mijnbouwwet onder INSPIRE
04:24:17.128 [ForkJoinPool-1-worker-9] INFO  com.intuit.karate - [print] [
  "info@dinoloket.nl",
  "info@dinoloket.nl",
  "info@dinoloket.nl"
]

04:24:17.130 [ForkJoinPool-1-worker-9] INFO  com.intuit.karate - [print] organisation: [
  "TNO Geologische Dienst Nederland",
  "TNO Geologische Dienst Nederland",
  "TNO Geologische Dienst Nederland"
]

04:24:17.132 [ForkJoinPool-1-worker-9] INFO  com.intuit.karate - [print] [
  "https://nationaalgeoregister.nl/geonetwork/srv/resources8bdf76b6-c9c9-4011-a7bc-022ae14a4024",
  "http://rdfdata.eionet.europa.eu/inspirethemes/themes/24",
  "http://geonetwork-opensource.org/inspire-theme#",
  "https://www.nationaalgeoregister.nl/geonetwork/srv/eng/thesaurus.download?ref=external.theme.inspire-theme"
]

04:24:17.138 [ForkJoinPool-1-worker-9] INFO  com.intuit.karate - [print]
04:24:17.138 [ForkJoinPool-1-worker-9] INFO  com.intuit.karate - [print] testing xlinkurl:https://nationaalgeoregister.nl/geonetwork/srv/resources8bdf76b6-c9c9-4011-a7bc-022ae14a4024
04:24:17.283 [ForkJoinPool-1-worker-13] INFO  com.intuit.karate - [print]
04:24:17.283 [ForkJoinPool-1-worker-13] INFO  com.intuit.karate - [print] testing xlinkurl:http://www.nationaalgeoregister.nl/geonetwork/srv/dut/catalog.search#/metadata/a04afee4-47d5-45b7-b7a0-a6f86106af11
04:24:17.327 [ForkJoinPool-1-worker-3] ERROR com.intuit.karate - javax.net.ssl.SSLException: Connection reset, http call failed after 361 milliseconds for URL: https://data.rivm.nl/inspire/id#722e3937-3e53-4048-97ef-1ced2c77f7dd
04:24:17.328 [ForkJoinPool-1-worker-3] ERROR com.intuit.karate - http request failed: 
javax.net.ssl.SSLException: Connection reset
04:24:17.328 [ForkJoinPool-1-worker-3] ERROR com.intuit.karate - feature call (loop) failed at index: 0
caller: classpath:InspireTest/ngr/datasetrecords/def/checkxlinkurl.template.feature
arg: {"link":"https://data.rivm.nl/inspire/id#722e3937-3e53-4048-97ef-1ced2c77f7dd"}
checkxlinkurl.template.feature:14 - 
javax.net.ssl.SSLException: Connection reset
04:24:17.382 [ForkJoinPool-1-worker-7] INFO  com.intuit.karate - [print] title:Wetlands (RAMSAR) (INSPIRE Geharmoniseerd)
04:24:17.383 [ForkJoinPool-1-worker-7] INFO  com.intuit.karate - [print] Wetlands (RAMSAR) (INSPIRE Geharmoniseerd)
04:24:17.384 [ForkJoinPool-1-worker-7] INFO  com.intuit.karate - [print] [
  "geodatabeheer.giscc@rvo.nl",
  "geodatabeheer.giscc@rvo.nl",
  "geodatabeheer.giscc@rvo.nl",
  "GeoDesk.CGI@wur.nl",
  "beheer@pdok.nl",
  "",
  ""
]

04:24:17.386 [ForkJoinPool-1-worker-7] INFO  com.intuit.karate - [print] organisation: [
  "",
  ""
]

04:24:17.388 [ForkJoinPool-1-worker-7] INFO  com.intuit.karate - [print] [
  "http://standaarden.overheid.nl/owms/terms/Ministerie_van_Landbouw,_Natuur_en_Voedselkwaliteit",
  "http://nationaalgeoregister.nl/geonetwork/srv/dut/catalog.search#/metadata/19165027-a13a-4c19-9013-ec1fd191019d",
  "http://standaarden.overheid.nl/owms/terms/Ministerie_van_Landbouw,_Natuur_en_Voedselkwaliteit",
  "http://standaarden.overheid.nl/owms/terms/Ministerie_van_Landbouw,_Natuur_en_Voedselkwaliteit",
  "https://data.overheid.nl/organisatie/PDOK"
]

04:24:17.394 [ForkJoinPool-1-worker-7] INFO  com.intuit.karate - [print]
04:24:17.395 [ForkJoinPool-1-worker-7] INFO  com.intuit.karate - [print] testing xlinkurl:http://standaarden.overheid.nl/owms/terms/Ministerie_van_Landbouw,_Natuur_en_Voedselkwaliteit
04:24:17.423 [ForkJoinPool-1-worker-9] ERROR com.intuit.karate - status code was: 404, expected: 200, response time: 284, url: https://nationaalgeoregister.nl/geonetwork/srv/resources8bdf76b6-c9c9-4011-a7bc-022ae14a4024, response: 
04:24:17.423 [ForkJoinPool-1-worker-9] ERROR com.intuit.karate - feature call (loop) failed at index: 0
caller: classpath:InspireTest/ngr/datasetrecords/def/checkxlinkurl.template.feature
arg: {"link":"https://nationaalgeoregister.nl/geonetwork/srv/resources8bdf76b6-c9c9-4011-a7bc-022ae14a4024"}
checkxlinkurl.template.feature:15 - status code was: 404, expected: 200, response time: 284, url: https://nationaalgeoregister.nl/geonetwork/srv/resources8bdf76b6-c9c9-4011-a7bc-022ae14a4024, response: 
04:24:17.424 [ForkJoinPool-1-worker-9] INFO  com.intuit.karate - [print]
04:24:17.425 [ForkJoinPool-1-worker-9] INFO  com.intuit.karate - [print] testing xlinkurl:http://rdfdata.eionet.europa.eu/inspirethemes/themes/24
04:24:17.520 [ForkJoinPool-1-worker-13] INFO  com.intuit.karate - [print]
04:24:17.522 [ForkJoinPool-1-worker-13] INFO  com.intuit.karate - [print] testing xlinkurl:http://standaarden.overheid.nl/owms/terms/Ministerie_van_Landbouw,_Natuur_en_Voedselkwaliteit
04:24:17.592 [ForkJoinPool-1-worker-5] INFO  com.intuit.karate - [print] title:Geluidkaart hoofdspoornet 2016 (Lden)
04:24:17.593 [ForkJoinPool-1-worker-5] INFO  com.intuit.karate - [print] Geluidkaart hoofdspoornet 2016 (Lden)
04:24:17.594 [ForkJoinPool-1-worker-5] INFO  com.intuit.karate - [print] [
  "sylvia.koolmees@minienw.nl",
  "sylvia.koolmees@minienw.nl"
]

04:24:17.596 [ForkJoinPool-1-worker-5] INFO  com.intuit.karate - [print] organisation: [
  "Ministerie van IenW",
  "Ministerie van IenW"
]

04:24:17.611 [ForkJoinPool-1-worker-5] INFO  com.intuit.karate - [print] [
  "https://www.nationaalgeoregister.nl/geonetwork/srv/api/recordsc3c004ad-5387-4b00-a225-9afbcaa5d31b"
]

04:24:17.615 [ForkJoinPool-1-worker-5] INFO  com.intuit.karate - [print]
04:24:17.615 [ForkJoinPool-1-worker-5] INFO  com.intuit.karate - [print] testing xlinkurl:https://www.nationaalgeoregister.nl/geonetwork/srv/api/recordsc3c004ad-5387-4b00-a225-9afbcaa5d31b
04:24:17.629 [ForkJoinPool-1-worker-9] ERROR com.intuit.karate - status code was: 404, expected: 200, response time: 200, url: http://rdfdata.eionet.europa.eu/inspirethemes/themes/24, response: 
04:24:17.629 [ForkJoinPool-1-worker-9] ERROR com.intuit.karate - feature call (loop) failed at index: 1
caller: classpath:InspireTest/ngr/datasetrecords/def/checkxlinkurl.template.feature
arg: {"link":"http://rdfdata.eionet.europa.eu/inspirethemes/themes/24"}
checkxlinkurl.template.feature:15 - status code was: 404, expected: 200, response time: 200, url: http://rdfdata.eionet.europa.eu/inspirethemes/themes/24, response: 
04:24:17.630 [ForkJoinPool-1-worker-9] INFO  com.intuit.karate - [print]
04:24:17.630 [ForkJoinPool-1-worker-9] INFO  com.intuit.karate - [print] testing xlinkurl:http://geonetwork-opensource.org/inspire-theme#
04:24:17.665 [ForkJoinPool-1-worker-11] INFO  com.intuit.karate - [print] title:Aardbevingen Nederland (KNMI)
04:24:17.666 [ForkJoinPool-1-worker-11] INFO  com.intuit.karate - [print] Aardbevingen Nederland (KNMI)
04:24:17.668 [ForkJoinPool-1-worker-11] INFO  com.intuit.karate - [print] [
  "datacentrum@knmi.nl",
  "datacentrum@knmi.nl",
  "datacentrum@knmi.nl"
]

04:24:17.670 [ForkJoinPool-1-worker-11] INFO  com.intuit.karate - [print] organisation: [
  "Koninklijk Nederlands Meteorologisch Instituut (KNMI)",
  "Koninklijk Nederlands Meteorologisch Instituut (KNMI)",
  "Koninklijk Nederlands Meteorologisch Instituut (KNMI)"
]

04:24:17.673 [ForkJoinPool-1-worker-11] INFO  com.intuit.karate - [print] [
  "https://www.nationaalgeoregister.nl/geonetwork/srv/api/records49807edc-0007-41aa-8809-d381f6713de4",
  "https://creativecommons.org/publicdomain/zero/*/deed.nl"
]

04:24:17.678 [ForkJoinPool-1-worker-11] INFO  com.intuit.karate - [print]
04:24:17.679 [ForkJoinPool-1-worker-11] INFO  com.intuit.karate - [print] testing xlinkurl:https://www.nationaalgeoregister.nl/geonetwork/srv/api/records49807edc-0007-41aa-8809-d381f6713de4
04:24:17.881 [ForkJoinPool-1-worker-3] INFO  com.intuit.karate - [print] title:Gecontroleerde klimatologische daggegevens KNMI Nederland
04:24:17.882 [ForkJoinPool-1-worker-3] INFO  com.intuit.karate - [print] Gecontroleerde klimatologische daggegevens KNMI Nederland
04:24:17.883 [ForkJoinPool-1-worker-3] INFO  com.intuit.karate - [print] [
  "datacentrum@knmi.nl",
  "datacentrum@knmi.nl",
  "datacentrum@knmi.nl"
]

04:24:17.886 [ForkJoinPool-1-worker-3] INFO  com.intuit.karate - [print] organisation: [
  "Koninklijk Nederlands Meteorologisch Instituut (KNMI)",
  "Koninklijk Nederlands Meteorologisch Instituut (KNMI)",
  "Koninklijk Nederlands Meteorologisch Instituut (KNMI)"
]

04:24:17.890 [ForkJoinPool-1-worker-3] INFO  com.intuit.karate - [print] [
  "https://www.nationaalgeoregister.nl/geonetwork/srv/api/records6e4a2001-fef7-471c-8286-4f859bc1131e",
  "https://creativecommons.org/publicdomain/zero/*/deed.nl"
]

04:24:17.897 [ForkJoinPool-1-worker-3] INFO  com.intuit.karate - [print]
04:24:17.897 [ForkJoinPool-1-worker-3] INFO  com.intuit.karate - [print] testing xlinkurl:https://www.nationaalgeoregister.nl/geonetwork/srv/api/records6e4a2001-fef7-471c-8286-4f859bc1131e
04:24:17.906 [ForkJoinPool-1-worker-7] INFO  com.intuit.karate - [print]
04:24:17.906 [ForkJoinPool-1-worker-7] INFO  com.intuit.karate - [print] testing xlinkurl:http://nationaalgeoregister.nl/geonetwork/srv/dut/catalog.search#/metadata/19165027-a13a-4c19-9013-ec1fd191019d
04:24:17.928 [ForkJoinPool-1-worker-5] ERROR com.intuit.karate - status code was: 500, expected: 200, response time: 309, url: https://www.nationaalgeoregister.nl/geonetwork/srv/api/recordsc3c004ad-5387-4b00-a225-9afbcaa5d31b, response: 
04:24:17.928 [ForkJoinPool-1-worker-5] ERROR com.intuit.karate - feature call (loop) failed at index: 0
caller: classpath:InspireTest/ngr/datasetrecords/def/checkxlinkurl.template.feature
arg: {"link":"https://www.nationaalgeoregister.nl/geonetwork/srv/api/recordsc3c004ad-5387-4b00-a225-9afbcaa5d31b"}
checkxlinkurl.template.feature:15 - status code was: 500, expected: 200, response time: 309, url: https://www.nationaalgeoregister.nl/geonetwork/srv/api/recordsc3c004ad-5387-4b00-a225-9afbcaa5d31b, response: 
04:24:17.992 [ForkJoinPool-1-worker-11] ERROR com.intuit.karate - status code was: 500, expected: 200, response time: 312, url: https://www.nationaalgeoregister.nl/geonetwork/srv/api/records49807edc-0007-41aa-8809-d381f6713de4, response: 
04:24:17.993 [ForkJoinPool-1-worker-11] ERROR com.intuit.karate - feature call (loop) failed at index: 0
caller: classpath:InspireTest/ngr/datasetrecords/def/checkxlinkurl.template.feature
arg: {"link":"https://www.nationaalgeoregister.nl/geonetwork/srv/api/records49807edc-0007-41aa-8809-d381f6713de4"}
checkxlinkurl.template.feature:15 - status code was: 500, expected: 200, response time: 312, url: https://www.nationaalgeoregister.nl/geonetwork/srv/api/records49807edc-0007-41aa-8809-d381f6713de4, response: 
04:24:17.994 [ForkJoinPool-1-worker-11] INFO  com.intuit.karate - [print]
04:24:17.994 [ForkJoinPool-1-worker-11] INFO  com.intuit.karate - [print] testing xlinkurl:https://creativecommons.org/publicdomain/zero/*/deed.nl
04:24:18.039 [ForkJoinPool-1-worker-13] INFO  com.intuit.karate - [print]
04:24:18.039 [ForkJoinPool-1-worker-13] INFO  com.intuit.karate - [print] testing xlinkurl:http://standaarden.overheid.nl/owms/terms/Ministerie_van_Landbouw,_Natuur_en_Voedselkwaliteit
04:24:18.106 [ForkJoinPool-1-worker-11] ERROR com.intuit.karate - status code was: 404, expected: 200, response time: 111, url: https://creativecommons.org/publicdomain/zero/*/deed.nl, response: 
04:24:18.106 [ForkJoinPool-1-worker-11] ERROR com.intuit.karate - feature call (loop) failed at index: 1
caller: classpath:InspireTest/ngr/datasetrecords/def/checkxlinkurl.template.feature
arg: {"link":"https://creativecommons.org/publicdomain/zero/*/deed.nl"}
checkxlinkurl.template.feature:15 - status code was: 404, expected: 200, response time: 111, url: https://creativecommons.org/publicdomain/zero/*/deed.nl, response: 
04:24:18.126 [ForkJoinPool-1-worker-7] INFO  com.intuit.karate - [print]
04:24:18.126 [ForkJoinPool-1-worker-7] INFO  com.intuit.karate - [print] testing xlinkurl:http://standaarden.overheid.nl/owms/terms/Ministerie_van_Landbouw,_Natuur_en_Voedselkwaliteit
04:24:18.216 [ForkJoinPool-1-worker-3] ERROR com.intuit.karate - status code was: 500, expected: 200, response time: 315, url: https://www.nationaalgeoregister.nl/geonetwork/srv/api/records6e4a2001-fef7-471c-8286-4f859bc1131e, response: 
04:24:18.217 [ForkJoinPool-1-worker-3] ERROR com.intuit.karate - feature call (loop) failed at index: 0
caller: classpath:InspireTest/ngr/datasetrecords/def/checkxlinkurl.template.feature
arg: {"link":"https://www.nationaalgeoregister.nl/geonetwork/srv/api/records6e4a2001-fef7-471c-8286-4f859bc1131e"}
checkxlinkurl.template.feature:15 - status code was: 500, expected: 200, response time: 315, url: https://www.nationaalgeoregister.nl/geonetwork/srv/api/records6e4a2001-fef7-471c-8286-4f859bc1131e, response: 
04:24:18.218 [ForkJoinPool-1-worker-3] INFO  com.intuit.karate - [print]
04:24:18.218 [ForkJoinPool-1-worker-3] INFO  com.intuit.karate - [print] testing xlinkurl:https://creativecommons.org/publicdomain/zero/*/deed.nl
04:24:18.221 [ForkJoinPool-1-worker-9] ERROR com.intuit.karate - status code was: 404, expected: 200, response time: 397, url: http://geonetwork-opensource.org/inspire-theme#, response: 
04:24:18.221 [ForkJoinPool-1-worker-9] ERROR com.intuit.karate - feature call (loop) failed at index: 2
caller: classpath:InspireTest/ngr/datasetrecords/def/checkxlinkurl.template.feature
arg: {"link":"http://geonetwork-opensource.org/inspire-theme#"}
checkxlinkurl.template.feature:15 - status code was: 404, expected: 200, response time: 397, url: http://geonetwork-opensource.org/inspire-theme#, response: 
04:24:18.222 [ForkJoinPool-1-worker-9] INFO  com.intuit.karate - [print]
04:24:18.222 [ForkJoinPool-1-worker-9] INFO  com.intuit.karate - [print] testing xlinkurl:https://www.nationaalgeoregister.nl/geonetwork/srv/eng/thesaurus.download?ref=external.theme.inspire-theme
04:24:18.257 [ForkJoinPool-1-worker-3] ERROR com.intuit.karate - status code was: 404, expected: 200, response time: 38, url: https://creativecommons.org/publicdomain/zero/*/deed.nl, response: 
04:24:18.258 [ForkJoinPool-1-worker-3] ERROR com.intuit.karate - feature call (loop) failed at index: 1
caller: classpath:InspireTest/ngr/datasetrecords/def/checkxlinkurl.template.feature
arg: {"link":"https://creativecommons.org/publicdomain/zero/*/deed.nl"}
checkxlinkurl.template.feature:15 - status code was: 404, expected: 200, response time: 38, url: https://creativecommons.org/publicdomain/zero/*/deed.nl, response: 
04:24:18.288 [ForkJoinPool-1-worker-5] INFO  com.intuit.karate - [print] title:Zwemwaterlocaties en zwemwaterkwaliteit - monsterpunten
04:24:18.290 [ForkJoinPool-1-worker-5] INFO  com.intuit.karate - [print] Zwemwaterlocaties en zwemwaterkwaliteit - monsterpunten
04:24:18.291 [ForkJoinPool-1-worker-5] INFO  com.intuit.karate - [print] [
  "inspire@gbo-provincies.nl",
  "inspire@gbo-provincies.nl",
  "inspire@gbo-provincies.nl"
]

04:24:18.293 [ForkJoinPool-1-worker-5] INFO  com.intuit.karate - [print] organisation: [
  "Interprovinciaal Overleg",
  "Interprovinciaal Overleg",
  "Interprovinciaal Overleg",
  "Interprovinciaal Overleg",
  "Interprovinciaal Overleg"
]

04:24:18.558 [ForkJoinPool-1-worker-9] ERROR com.intuit.karate - status code was: 500, expected: 200, response time: 335, url: https://www.nationaalgeoregister.nl/geonetwork/srv/eng/thesaurus.download?ref=external.theme.inspire-theme, response: 
04:24:18.559 [ForkJoinPool-1-worker-9] ERROR com.intuit.karate - feature call (loop) failed at index: 3
caller: classpath:InspireTest/ngr/datasetrecords/def/checkxlinkurl.template.feature
arg: {"link":"https://www.nationaalgeoregister.nl/geonetwork/srv/eng/thesaurus.download?ref=external.theme.inspire-theme"}
checkxlinkurl.template.feature:15 - status code was: 500, expected: 200, response time: 335, url: https://www.nationaalgeoregister.nl/geonetwork/srv/eng/thesaurus.download?ref=external.theme.inspire-theme, response: 
04:24:18.564 [ForkJoinPool-1-worker-13] INFO  com.intuit.karate - [print]
04:24:18.564 [ForkJoinPool-1-worker-13] INFO  com.intuit.karate - [print] testing xlinkurl:https://data.overheid.nl/organisatie/PDOK
04:24:18.645 [ForkJoinPool-1-worker-7] INFO  com.intuit.karate - [print]
04:24:18.645 [ForkJoinPool-1-worker-7] INFO  com.intuit.karate - [print] testing xlinkurl:http://standaarden.overheid.nl/owms/terms/Ministerie_van_Landbouw,_Natuur_en_Voedselkwaliteit
04:24:18.743 [ForkJoinPool-1-worker-11] INFO  com.intuit.karate - [print] title:Actueel Hoogtebestand Nederland 2 (AHN2)
04:24:18.744 [ForkJoinPool-1-worker-11] INFO  com.intuit.karate - [print] Actueel Hoogtebestand Nederland 2 (AHN2)
04:24:18.745 [ForkJoinPool-1-worker-11] INFO  com.intuit.karate - [print] [
  "servicedesk-data@rijkswaterstaat.nl",
  "servicedesk-data@rijkswaterstaat.nl",
  "",
  "servicedesk-data@rijkswaterstaat.nl",
  "servicedesk-data@rijkswaterstaat.nl"
]

04:24:18.748 [ForkJoinPool-1-worker-11] INFO  com.intuit.karate - [print] organisation: [
  "Rijkswaterstaat",
  "stuurgroep AHN",
  "",
  "Rijkswaterstaat",
  "Rijkswaterstaat"
]

04:24:18.754 [ForkJoinPool-1-worker-11] INFO  com.intuit.karate - [print] [
  "https://www.nationaalgeoregister.nl/geonetwork/srv/dut/catalog.search#/metadata/7939fd42-cf88-42c5-ab3b-232cf232a3ac",
  "http://rdfdata.eionet.europa.eu/inspirethemes/themes/10",
  "urn:ogc:def:crs:EPSG::5709"
]

04:24:18.762 [ForkJoinPool-1-worker-11] INFO  com.intuit.karate - [print]
04:24:18.763 [ForkJoinPool-1-worker-11] INFO  com.intuit.karate - [print] testing xlinkurl:https://www.nationaalgeoregister.nl/geonetwork/srv/dut/catalog.search#/metadata/7939fd42-cf88-42c5-ab3b-232cf232a3ac
04:24:18.854 [ForkJoinPool-1-worker-3] INFO  com.intuit.karate - [print] title:Waterstanden en afvoeren actueel - Rijkswaterstaat
04:24:18.855 [ForkJoinPool-1-worker-3] INFO  com.intuit.karate - [print] Waterstanden en afvoeren actueel - Rijkswaterstaat
04:24:18.857 [ForkJoinPool-1-worker-3] INFO  com.intuit.karate - [print] [
  "servicedesk-data@rijkswaterstaat.nl",
  "servicedesk-data@rijkswaterstaat.nl",
  "",
  "servicedesk-data@rijkswaterstaat.nl",
  "servicedesk-data@rijkswaterstaat.nl"
]

04:24:18.860 [ForkJoinPool-1-worker-3] INFO  com.intuit.karate - [print] organisation: [
  "Rijkswaterstaat",
  "Rijkswaterstaat",
  "",
  "Rijkswaterstaat",
  "Rijkswaterstaat"
]

04:24:18.863 [ForkJoinPool-1-worker-3] INFO  com.intuit.karate - [print] [
  "https://www.nationaalgeoregister.nl/geonetwork/srv/dut/catalog.search#/metadata/cf69ec50-9849-4afd-853c-ee56211d336d",
  "http://rdfdata.eionet.europa.eu/inspirethemes/themes/20",
  "http://rdfdata.eionet.europa.eu/inspirethemes/themes/28",
  "urn:ogc:def:crs:EPSG::5709"
]

04:24:18.868 [ForkJoinPool-1-worker-3] INFO  com.intuit.karate - [print]
04:24:18.869 [ForkJoinPool-1-worker-3] INFO  com.intuit.karate - [print] testing xlinkurl:https://www.nationaalgeoregister.nl/geonetwork/srv/dut/catalog.search#/metadata/cf69ec50-9849-4afd-853c-ee56211d336d
04:24:18.937 [ForkJoinPool-1-worker-5] INFO  com.intuit.karate - [print] title:Productie/industrie-inrichtingen (o.b.v. SBI-codes) uit {Risico Register Gevaarlijke stoffen (RRGS)}
04:24:18.939 [ForkJoinPool-1-worker-5] INFO  com.intuit.karate - [print] Productie/industrie-inrichtingen (o.b.v. SBI-codes) uit {Risico Register Gevaarlijke stoffen (RRGS)}
04:24:18.940 [ForkJoinPool-1-worker-5] INFO  com.intuit.karate - [print] [
  "inspire@gbo-provincies.nl",
  "inspire@gbo-provincies.nl",
  "inspire@gbo-provincies.nl"
]

04:24:18.947 [ForkJoinPool-1-worker-5] INFO  com.intuit.karate - [print] organisation: [
  "Interprovinciaal Overleg",
  "Interprovinciaal Overleg",
  "Interprovinciaal Overleg"
]

04:24:18.952 [ForkJoinPool-1-worker-5] INFO  com.intuit.karate - [print] [
  "http://www.opengis.net/def/crs/EPSG/0/http://www.opengis.net/def/crs/EPSG/0/3034",
  "http://nationaalgeoregister.nl/geonetwork/srv/dut/csw?SERVICE=CSW&version=2.0.2&REQUEST=GetRecordById&elementSetName=full&OutputSchema=http://www.isotc211.org/2005/gmd&ID=b6ee58a1-b097-4c6d-8600-eb81efc1468c",
  "https://creativecommons.org/publicdomain/mark/*/deed.nl",
  ""
]

04:24:18.967 [ForkJoinPool-1-worker-5] INFO  com.intuit.karate - [print]
04:24:18.967 [ForkJoinPool-1-worker-5] INFO  com.intuit.karate - [print] testing xlinkurl:http://www.opengis.net/def/crs/EPSG/0/http://www.opengis.net/def/crs/EPSG/0/3034
04:24:19.078 [ForkJoinPool-1-worker-11] INFO  com.intuit.karate - [print]
04:24:19.079 [ForkJoinPool-1-worker-11] INFO  com.intuit.karate - [print] testing xlinkurl:http://rdfdata.eionet.europa.eu/inspirethemes/themes/10
04:24:19.096 [ForkJoinPool-1-worker-9] INFO  com.intuit.karate - [print] title:Geluidkaart hoofdspoornet 2016 (Lnight)
04:24:19.096 [ForkJoinPool-1-worker-9] INFO  com.intuit.karate - [print] Geluidkaart hoofdspoornet 2016 (Lnight)
04:24:19.097 [ForkJoinPool-1-worker-9] INFO  com.intuit.karate - [print] [
  "sylvia.koolmees@minienw.nl",
  "sylvia.koolmees@minienw.nl"
]

04:24:19.099 [ForkJoinPool-1-worker-9] INFO  com.intuit.karate - [print] organisation: [
  "Ministerie van IenW",
  "Ministerie van IenW"
]

04:24:19.101 [ForkJoinPool-1-worker-9] INFO  com.intuit.karate - [print] [
  "https://www.nationaalgeoregister.nl/geonetwork/srv/api/records/002d9127-c16d-4b8d-9f5e-102a8c8e36c4"
]

04:24:19.107 [ForkJoinPool-1-worker-9] INFO  com.intuit.karate - [print]
04:24:19.108 [ForkJoinPool-1-worker-9] INFO  com.intuit.karate - [print] testing xlinkurl:https://www.nationaalgeoregister.nl/geonetwork/srv/api/records/002d9127-c16d-4b8d-9f5e-102a8c8e36c4
04:24:19.166 [ForkJoinPool-1-worker-7] INFO  com.intuit.karate - [print]
04:24:19.166 [ForkJoinPool-1-worker-7] INFO  com.intuit.karate - [print] testing xlinkurl:https://data.overheid.nl/organisatie/PDOK
04:24:19.178 [ForkJoinPool-1-worker-3] INFO  com.intuit.karate - [print]
04:24:19.179 [ForkJoinPool-1-worker-3] INFO  com.intuit.karate - [print] testing xlinkurl:http://rdfdata.eionet.europa.eu/inspirethemes/themes/20
04:24:19.267 [ForkJoinPool-1-worker-5] INFO  com.intuit.karate - [print]
04:24:19.268 [ForkJoinPool-1-worker-5] INFO  com.intuit.karate - [print] testing xlinkurl:http://nationaalgeoregister.nl/geonetwork/srv/dut/csw?SERVICE=CSW&version=2.0.2&REQUEST=GetRecordById&elementSetName=full&OutputSchema=http://www.isotc211.org/2005/gmd&ID=b6ee58a1-b097-4c6d-8600-eb81efc1468c
04:24:19.281 [ForkJoinPool-1-worker-11] ERROR com.intuit.karate - status code was: 404, expected: 200, response time: 200, url: http://rdfdata.eionet.europa.eu/inspirethemes/themes/10, response: 
04:24:19.281 [ForkJoinPool-1-worker-11] ERROR com.intuit.karate - feature call (loop) failed at index: 1
caller: classpath:InspireTest/ngr/datasetrecords/def/checkxlinkurl.template.feature
arg: {"link":"http://rdfdata.eionet.europa.eu/inspirethemes/themes/10"}
checkxlinkurl.template.feature:15 - status code was: 404, expected: 200, response time: 200, url: http://rdfdata.eionet.europa.eu/inspirethemes/themes/10, response: 
04:24:19.282 [ForkJoinPool-1-worker-11] INFO  com.intuit.karate - [print]
04:24:19.282 [ForkJoinPool-1-worker-11] INFO  com.intuit.karate - [print] testing xlinkurl:urn:ogc:def:crs:EPSG::5709
04:24:19.282 [ForkJoinPool-1-worker-11] ERROR com.intuit.karate - org.apache.http.client.ClientProtocolException: URI does not specify a valid host name: urn:ogc:def:crs:EPSG::5709, http call failed after 0 milliseconds for URL: urn:ogc:def:crs:EPSG::5709
04:24:19.282 [ForkJoinPool-1-worker-11] ERROR com.intuit.karate - http request failed: 
org.apache.http.client.ClientProtocolException: URI does not specify a valid host name: urn:ogc:def:crs:EPSG::5709
04:24:19.283 [ForkJoinPool-1-worker-11] ERROR com.intuit.karate - feature call (loop) failed at index: 2
caller: classpath:InspireTest/ngr/datasetrecords/def/checkxlinkurl.template.feature
arg: {"link":"urn:ogc:def:crs:EPSG::5709"}
checkxlinkurl.template.feature:14 - 
org.apache.http.client.ClientProtocolException: URI does not specify a valid host name: urn:ogc:def:crs:EPSG::5709
04:24:19.381 [ForkJoinPool-1-worker-3] ERROR com.intuit.karate - status code was: 404, expected: 200, response time: 200, url: http://rdfdata.eionet.europa.eu/inspirethemes/themes/20, response: 
04:24:19.381 [ForkJoinPool-1-worker-3] ERROR com.intuit.karate - feature call (loop) failed at index: 1
caller: classpath:InspireTest/ngr/datasetrecords/def/checkxlinkurl.template.feature
arg: {"link":"http://rdfdata.eionet.europa.eu/inspirethemes/themes/20"}
checkxlinkurl.template.feature:15 - status code was: 404, expected: 200, response time: 200, url: http://rdfdata.eionet.europa.eu/inspirethemes/themes/20, response: 
04:24:19.382 [ForkJoinPool-1-worker-3] INFO  com.intuit.karate - [print]
04:24:19.382 [ForkJoinPool-1-worker-3] INFO  com.intuit.karate - [print] testing xlinkurl:http://rdfdata.eionet.europa.eu/inspirethemes/themes/28
04:24:19.386 [ForkJoinPool-1-worker-9] ERROR com.intuit.karate - status code was: 400, expected: 200, response time: 277, url: https://www.nationaalgeoregister.nl/geonetwork/srv/api/records/002d9127-c16d-4b8d-9f5e-102a8c8e36c4, response: 
04:24:19.386 [ForkJoinPool-1-worker-9] ERROR com.intuit.karate - feature call (loop) failed at index: 0
caller: classpath:InspireTest/ngr/datasetrecords/def/checkxlinkurl.template.feature
arg: {"link":"https://www.nationaalgeoregister.nl/geonetwork/srv/api/records/002d9127-c16d-4b8d-9f5e-102a8c8e36c4"}
checkxlinkurl.template.feature:15 - status code was: 400, expected: 200, response time: 277, url: https://www.nationaalgeoregister.nl/geonetwork/srv/api/records/002d9127-c16d-4b8d-9f5e-102a8c8e36c4, response: 
04:24:19.583 [ForkJoinPool-1-worker-3] ERROR com.intuit.karate - status code was: 404, expected: 200, response time: 200, url: http://rdfdata.eionet.europa.eu/inspirethemes/themes/28, response: 
04:24:19.583 [ForkJoinPool-1-worker-3] ERROR com.intuit.karate - feature call (loop) failed at index: 2
caller: classpath:InspireTest/ngr/datasetrecords/def/checkxlinkurl.template.feature
arg: {"link":"http://rdfdata.eionet.europa.eu/inspirethemes/themes/28"}
checkxlinkurl.template.feature:15 - status code was: 404, expected: 200, response time: 200, url: http://rdfdata.eionet.europa.eu/inspirethemes/themes/28, response: 
04:24:19.585 [ForkJoinPool-1-worker-3] INFO  com.intuit.karate - [print]
04:24:19.585 [ForkJoinPool-1-worker-3] INFO  com.intuit.karate - [print] testing xlinkurl:urn:ogc:def:crs:EPSG::5709
04:24:19.586 [ForkJoinPool-1-worker-3] ERROR com.intuit.karate - org.apache.http.client.ClientProtocolException: URI does not specify a valid host name: urn:ogc:def:crs:EPSG::5709, http call failed after 0 milliseconds for URL: urn:ogc:def:crs:EPSG::5709
04:24:19.586 [ForkJoinPool-1-worker-3] ERROR com.intuit.karate - http request failed: 
org.apache.http.client.ClientProtocolException: URI does not specify a valid host name: urn:ogc:def:crs:EPSG::5709
04:24:19.586 [ForkJoinPool-1-worker-3] ERROR com.intuit.karate - feature call (loop) failed at index: 3
caller: classpath:InspireTest/ngr/datasetrecords/def/checkxlinkurl.template.feature
arg: {"link":"urn:ogc:def:crs:EPSG::5709"}
checkxlinkurl.template.feature:14 - 
org.apache.http.client.ClientProtocolException: URI does not specify a valid host name: urn:ogc:def:crs:EPSG::5709
04:24:19.656 [ForkJoinPool-1-worker-13] ERROR com.intuit.karate - status code was: 404, expected: 200, response time: 536, url: https://data.overheid.nl/organisatie/PDOK, response: 
04:24:19.656 [ForkJoinPool-1-worker-13] ERROR com.intuit.karate - feature call (loop) failed at index: 4
caller: classpath:InspireTest/ngr/datasetrecords/def/checkxlinkurl.template.feature
arg: {"link":"https://data.overheid.nl/organisatie/PDOK"}
checkxlinkurl.template.feature:15 - status code was: 404, expected: 200, response time: 536, url: https://data.overheid.nl/organisatie/PDOK, response: 
04:24:19.749 [ForkJoinPool-1-worker-5] INFO  com.intuit.karate - [print]
04:24:19.750 [ForkJoinPool-1-worker-5] INFO  com.intuit.karate - [print] testing xlinkurl:https://creativecommons.org/publicdomain/mark/*/deed.nl
04:24:19.848 [ForkJoinPool-1-worker-5] ERROR com.intuit.karate - status code was: 404, expected: 200, response time: 97, url: https://creativecommons.org/publicdomain/mark/*/deed.nl, response: 
04:24:19.849 [ForkJoinPool-1-worker-5] ERROR com.intuit.karate - feature call (loop) failed at index: 2
caller: classpath:InspireTest/ngr/datasetrecords/def/checkxlinkurl.template.feature
arg: {"link":"https://creativecommons.org/publicdomain/mark/*/deed.nl"}
checkxlinkurl.template.feature:15 - status code was: 404, expected: 200, response time: 97, url: https://creativecommons.org/publicdomain/mark/*/deed.nl, response: 
04:24:19.852 [ForkJoinPool-1-worker-5] INFO  com.intuit.karate - [print]
04:24:19.852 [ForkJoinPool-1-worker-5] INFO  com.intuit.karate - [print] testing xlinkurl:
04:24:19.853 [ForkJoinPool-1-worker-5] ERROR com.intuit.karate - org.apache.http.client.ClientProtocolException, http call failed after 0 milliseconds for URL: 
04:24:19.854 [ForkJoinPool-1-worker-5] ERROR com.intuit.karate - http request failed: 
org.apache.http.client.ClientProtocolException
04:24:19.854 [ForkJoinPool-1-worker-5] ERROR com.intuit.karate - feature call (loop) failed at index: 3
caller: classpath:InspireTest/ngr/datasetrecords/def/checkxlinkurl.template.feature
arg: {"link":""}
checkxlinkurl.template.feature:14 - 
org.apache.http.client.ClientProtocolException
04:24:19.861 [ForkJoinPool-1-worker-11] INFO  com.intuit.karate - [print] title:Landelijk zoet en zoutwatermeetnet - Rijkswaterstaat
04:24:19.862 [ForkJoinPool-1-worker-11] INFO  com.intuit.karate - [print] Landelijk zoet en zoutwatermeetnet - Rijkswaterstaat
04:24:19.863 [ForkJoinPool-1-worker-11] INFO  com.intuit.karate - [print] [
  "servicedesk-data@rijkswaterstaat.nl",
  "servicedesk-data@rijkswaterstaat.nl",
  "",
  "servicedesk-data@rijkswaterstaat.nl",
  "servicedesk-data@rijkswaterstaat.nl"
]

04:24:19.864 [ForkJoinPool-1-worker-11] INFO  com.intuit.karate - [print] organisation: [
  "Rijkswaterstaat",
  "Rijkswaterstaat",
  "",
  "Rijkswaterstaat",
  "Rijkswaterstaat"
]

04:24:19.866 [ForkJoinPool-1-worker-11] INFO  com.intuit.karate - [print] [
  "https://www.nationaalgeoregister.nl/geonetwork/srv/dut/catalog.search#/metadata/68ebd5c9-0ea1-4f22-9907-ec4c063cd3e2",
  "http://rdfdata.eionet.europa.eu/inspirethemes/themes/20",
  "urn:ogc:def:crs:EPSG::5709"
]

04:24:19.871 [ForkJoinPool-1-worker-11] INFO  com.intuit.karate - [print]
04:24:19.872 [ForkJoinPool-1-worker-11] INFO  com.intuit.karate - [print] testing xlinkurl:https://www.nationaalgeoregister.nl/geonetwork/srv/dut/catalog.search#/metadata/68ebd5c9-0ea1-4f22-9907-ec4c063cd3e2
04:24:19.910 [ForkJoinPool-1-worker-9] INFO  com.intuit.karate - [print] title:Begrenzingen van vergunde ontgrondingsgebieden voor zand- en grindwinning
04:24:19.911 [ForkJoinPool-1-worker-9] INFO  com.intuit.karate - [print] Begrenzingen van vergunde ontgrondingsgebieden voor zand- en grindwinning
04:24:19.912 [ForkJoinPool-1-worker-9] INFO  com.intuit.karate - [print] [
  "inspire@gbo-provincies.nl",
  "inspire@gbo-provincies.nl",
  "inspire@gbo-provincies.nl"
]

04:24:19.914 [ForkJoinPool-1-worker-9] INFO  com.intuit.karate - [print] organisation: [
  "Interprovinciaal Overleg",
  "Interprovinciaal Overleg",
  "Interprovinciaal Overleg"
]

04:24:19.931 [ForkJoinPool-1-worker-9] INFO  com.intuit.karate - [print] [
  "http://www.opengis.net/def/crs/EPSG/0/http://www.opengis.net/def/crs/EPSG/0/3034",
  "http://nationaalgeoregister.nl/geonetwork/srv/dut/csw?SERVICE=CSW&version=2.0.2&REQUEST=GetRecordById&elementSetName=full&OutputSchema=http://www.isotc211.org/2005/gmd&ID=58e7dc38-a498-4852-b4ef-908f5baa9056",
  "https://creativecommons.org/publicdomain/mark/*/deed.nl",
  ""
]

04:24:19.949 [ForkJoinPool-1-worker-9] INFO  com.intuit.karate - [print]
04:24:19.949 [ForkJoinPool-1-worker-9] INFO  com.intuit.karate - [print] testing xlinkurl:http://www.opengis.net/def/crs/EPSG/0/http://www.opengis.net/def/crs/EPSG/0/3034
04:24:20.096 [ForkJoinPool-1-worker-3] INFO  com.intuit.karate - [print] title:Hydrografie waterschappen INSPIRE
04:24:20.097 [ForkJoinPool-1-worker-3] INFO  com.intuit.karate - [print] Hydrografie waterschappen INSPIRE
04:24:20.098 [ForkJoinPool-1-worker-3] INFO  com.intuit.karate - [print] [
  "datastromen@hetwaterschapshuis.nl",
  "datastromen@hetwaterschapshuis.nl",
  "",
  "datastromen@hetwaterschapshuis.nl"
]

04:24:20.100 [ForkJoinPool-1-worker-3] INFO  com.intuit.karate - [print] organisation: [
  "Het Waterschapshuis",
  "Het Waterschapshuis",
  "Het Waterschapshuis",
  "Het Waterschapshuis"
]

04:24:20.109 [ForkJoinPool-1-worker-3] INFO  com.intuit.karate - [print] [
  "http://www.opengis.net/def/crs/EPSG/0/ETRS89",
  "https://www.nationaalgeoregister.nl/geonetwork/srv/api/records07575774-57a1-4419-bab4-6c88fdeb02b2"
]

04:24:20.119 [ForkJoinPool-1-worker-3] INFO  com.intuit.karate - [print]
04:24:20.125 [ForkJoinPool-1-worker-3] INFO  com.intuit.karate - [print] testing xlinkurl:http://www.opengis.net/def/crs/EPSG/0/ETRS89
04:24:20.244 [ForkJoinPool-1-worker-9] INFO  com.intuit.karate - [print]
04:24:20.253 [ForkJoinPool-1-worker-9] INFO  com.intuit.karate - [print] testing xlinkurl:http://nationaalgeoregister.nl/geonetwork/srv/dut/csw?SERVICE=CSW&version=2.0.2&REQUEST=GetRecordById&elementSetName=full&OutputSchema=http://www.isotc211.org/2005/gmd&ID=58e7dc38-a498-4852-b4ef-908f5baa9056
04:24:20.273 [ForkJoinPool-1-worker-11] INFO  com.intuit.karate - [print]
04:24:20.276 [ForkJoinPool-1-worker-11] INFO  com.intuit.karate - [print] testing xlinkurl:http://rdfdata.eionet.europa.eu/inspirethemes/themes/20
04:24:20.300 [ForkJoinPool-1-worker-13] INFO  com.intuit.karate - [print] title:Emissies naar lucht en water in 2015 vanuit de industrie
04:24:20.300 [ForkJoinPool-1-worker-13] INFO  com.intuit.karate - [print] Emissies naar lucht en water in 2015 vanuit de industrie
04:24:20.302 [ForkJoinPool-1-worker-13] INFO  com.intuit.karate - [print] [
  "emissieregistratie@rivm.nl",
  "",
  "emissieregistratie@rivm.nl"
]

04:24:20.303 [ForkJoinPool-1-worker-13] INFO  com.intuit.karate - [print] organisation: no organisationName found in dataset record
04:24:20.309 [ForkJoinPool-1-worker-13] INFO  com.intuit.karate - [print] [
  "https://data.rivm.nl/inspire/id#c6d62f69-7be0-4c19-a4af-d146c6a3c166"
]

04:24:20.315 [ForkJoinPool-1-worker-13] INFO  com.intuit.karate - [print]
04:24:20.316 [ForkJoinPool-1-worker-13] INFO  com.intuit.karate - [print] testing xlinkurl:https://data.rivm.nl/inspire/id#c6d62f69-7be0-4c19-a4af-d146c6a3c166
04:24:20.376 [ForkJoinPool-1-worker-7] ERROR com.intuit.karate - status code was: 404, expected: 200, response time: 651, url: https://data.overheid.nl/organisatie/PDOK, response: 
04:24:20.376 [ForkJoinPool-1-worker-7] ERROR com.intuit.karate - feature call (loop) failed at index: 4
caller: classpath:InspireTest/ngr/datasetrecords/def/checkxlinkurl.template.feature
arg: {"link":"https://data.overheid.nl/organisatie/PDOK"}
checkxlinkurl.template.feature:15 - status code was: 404, expected: 200, response time: 651, url: https://data.overheid.nl/organisatie/PDOK, response: 
04:24:20.433 [ForkJoinPool-1-worker-3] INFO  com.intuit.karate - [print]
04:24:20.434 [ForkJoinPool-1-worker-3] INFO  com.intuit.karate - [print] testing xlinkurl:https://www.nationaalgeoregister.nl/geonetwork/srv/api/records07575774-57a1-4419-bab4-6c88fdeb02b2
04:24:20.463 [ForkJoinPool-1-worker-5] INFO  com.intuit.karate - [print] title:Natuurbranden
04:24:20.464 [ForkJoinPool-1-worker-5] INFO  com.intuit.karate - [print] Natuurbranden
04:24:20.465 [ForkJoinPool-1-worker-5] INFO  com.intuit.karate - [print] [
  "inspire@gbo-provincies.nl",
  "inspire@gbo-provincies.nl",
  "inspire@gbo-provincies.nl"
]

04:24:20.467 [ForkJoinPool-1-worker-5] INFO  com.intuit.karate - [print] organisation: [
  "Interprovinciaal Overleg",
  "Interprovinciaal Overleg",
  "Interprovinciaal Overleg"
]

04:24:20.469 [ForkJoinPool-1-worker-5] INFO  com.intuit.karate - [print] [
  "http://www.opengis.net/def/crs/EPSG/0/http://www.opengis.net/def/crs/EPSG/0/3034",
  "http://nationaalgeoregister.nl/geonetwork/srv/dut/csw?SERVICE=CSW&version=2.0.2&REQUEST=GetRecordById&elementSetName=full&OutputSchema=http://www.isotc211.org/2005/gmd&ID=88f76a94-ee4d-4e0c-9fde-91b692403e39",
  "https://creativecommons.org/publicdomain/mark/*/deed.nl",
  ""
]

04:24:20.480 [ForkJoinPool-1-worker-5] INFO  com.intuit.karate - [print]
04:24:20.483 [ForkJoinPool-1-worker-5] INFO  com.intuit.karate - [print] testing xlinkurl:http://www.opengis.net/def/crs/EPSG/0/http://www.opengis.net/def/crs/EPSG/0/3034
04:24:20.491 [ForkJoinPool-1-worker-11] ERROR com.intuit.karate - status code was: 404, expected: 200, response time: 215, url: http://rdfdata.eionet.europa.eu/inspirethemes/themes/20, response: 
04:24:20.492 [ForkJoinPool-1-worker-11] ERROR com.intuit.karate - feature call (loop) failed at index: 1
caller: classpath:InspireTest/ngr/datasetrecords/def/checkxlinkurl.template.feature
arg: {"link":"http://rdfdata.eionet.europa.eu/inspirethemes/themes/20"}
checkxlinkurl.template.feature:15 - status code was: 404, expected: 200, response time: 215, url: http://rdfdata.eionet.europa.eu/inspirethemes/themes/20, response: 
04:24:20.493 [ForkJoinPool-1-worker-11] INFO  com.intuit.karate - [print]
04:24:20.493 [ForkJoinPool-1-worker-11] INFO  com.intuit.karate - [print] testing xlinkurl:urn:ogc:def:crs:EPSG::5709
04:24:20.493 [ForkJoinPool-1-worker-11] ERROR com.intuit.karate - org.apache.http.client.ClientProtocolException: URI does not specify a valid host name: urn:ogc:def:crs:EPSG::5709, http call failed after 0 milliseconds for URL: urn:ogc:def:crs:EPSG::5709
04:24:20.493 [ForkJoinPool-1-worker-11] ERROR com.intuit.karate - http request failed: 
org.apache.http.client.ClientProtocolException: URI does not specify a valid host name: urn:ogc:def:crs:EPSG::5709
04:24:20.493 [ForkJoinPool-1-worker-11] ERROR com.intuit.karate - feature call (loop) failed at index: 2
caller: classpath:InspireTest/ngr/datasetrecords/def/checkxlinkurl.template.feature
arg: {"link":"urn:ogc:def:crs:EPSG::5709"}
checkxlinkurl.template.feature:14 - 
org.apache.http.client.ClientProtocolException: URI does not specify a valid host name: urn:ogc:def:crs:EPSG::5709
04:24:20.682 [ForkJoinPool-1-worker-13] ERROR com.intuit.karate - javax.net.ssl.SSLException: Connection reset, http call failed after 365 milliseconds for URL: https://data.rivm.nl/inspire/id#c6d62f69-7be0-4c19-a4af-d146c6a3c166
04:24:20.682 [ForkJoinPool-1-worker-13] ERROR com.intuit.karate - http request failed: 
javax.net.ssl.SSLException: Connection reset
04:24:20.683 [ForkJoinPool-1-worker-13] ERROR com.intuit.karate - feature call (loop) failed at index: 0
caller: classpath:InspireTest/ngr/datasetrecords/def/checkxlinkurl.template.feature
arg: {"link":"https://data.rivm.nl/inspire/id#c6d62f69-7be0-4c19-a4af-d146c6a3c166"}
checkxlinkurl.template.feature:14 - 
javax.net.ssl.SSLException: Connection reset
04:24:20.733 [ForkJoinPool-1-worker-9] INFO  com.intuit.karate - [print]
04:24:20.733 [ForkJoinPool-1-worker-9] INFO  com.intuit.karate - [print] testing xlinkurl:https://creativecommons.org/publicdomain/mark/*/deed.nl
04:24:20.770 [ForkJoinPool-1-worker-9] ERROR com.intuit.karate - status code was: 404, expected: 200, response time: 36, url: https://creativecommons.org/publicdomain/mark/*/deed.nl, response: 
04:24:20.771 [ForkJoinPool-1-worker-9] ERROR com.intuit.karate - feature call (loop) failed at index: 2
caller: classpath:InspireTest/ngr/datasetrecords/def/checkxlinkurl.template.feature
arg: {"link":"https://creativecommons.org/publicdomain/mark/*/deed.nl"}
checkxlinkurl.template.feature:15 - status code was: 404, expected: 200, response time: 36, url: https://creativecommons.org/publicdomain/mark/*/deed.nl, response: 
04:24:20.774 [ForkJoinPool-1-worker-9] INFO  com.intuit.karate - [print]
04:24:20.774 [ForkJoinPool-1-worker-9] INFO  com.intuit.karate - [print] testing xlinkurl:
04:24:20.775 [ForkJoinPool-1-worker-9] ERROR com.intuit.karate - org.apache.http.client.ClientProtocolException, http call failed after 0 milliseconds for URL: 
04:24:20.776 [ForkJoinPool-1-worker-9] ERROR com.intuit.karate - http request failed: 
org.apache.http.client.ClientProtocolException
04:24:20.777 [ForkJoinPool-1-worker-9] ERROR com.intuit.karate - feature call (loop) failed at index: 3
caller: classpath:InspireTest/ngr/datasetrecords/def/checkxlinkurl.template.feature
arg: {"link":""}
checkxlinkurl.template.feature:14 - 
org.apache.http.client.ClientProtocolException
04:24:20.782 [ForkJoinPool-1-worker-5] INFO  com.intuit.karate - [print]
04:24:20.782 [ForkJoinPool-1-worker-5] INFO  com.intuit.karate - [print] testing xlinkurl:http://nationaalgeoregister.nl/geonetwork/srv/dut/csw?SERVICE=CSW&version=2.0.2&REQUEST=GetRecordById&elementSetName=full&OutputSchema=http://www.isotc211.org/2005/gmd&ID=88f76a94-ee4d-4e0c-9fde-91b692403e39
04:24:20.925 [ForkJoinPool-1-worker-3] ERROR com.intuit.karate - status code was: 500, expected: 200, response time: 489, url: https://www.nationaalgeoregister.nl/geonetwork/srv/api/records07575774-57a1-4419-bab4-6c88fdeb02b2, response: 
04:24:20.925 [ForkJoinPool-1-worker-3] ERROR com.intuit.karate - feature call (loop) failed at index: 1
caller: classpath:InspireTest/ngr/datasetrecords/def/checkxlinkurl.template.feature
arg: {"link":"https://www.nationaalgeoregister.nl/geonetwork/srv/api/records07575774-57a1-4419-bab4-6c88fdeb02b2"}
checkxlinkurl.template.feature:15 - status code was: 500, expected: 200, response time: 489, url: https://www.nationaalgeoregister.nl/geonetwork/srv/api/records07575774-57a1-4419-bab4-6c88fdeb02b2, response: 
04:24:20.993 [ForkJoinPool-1-worker-7] INFO  com.intuit.karate - [print] title:Luchtfoto 2016 25cm CIR open data
04:24:20.994 [ForkJoinPool-1-worker-7] INFO  com.intuit.karate - [print] Luchtfoto 2016 25cm CIR open data
04:24:20.996 [ForkJoinPool-1-worker-7] INFO  com.intuit.karate - [print] [
  "PPB-GVA@kadaster.nl",
  "info@hetwaterschapshuis.nl",
  "kcc@kadaster.nl",
  "",
  "",
  "",
  "",
  "",
  ""
]

04:24:20.998 [ForkJoinPool-1-worker-7] INFO  com.intuit.karate - [print] organisation: [
  "Kadaster",
  "Het Waterschapshuis",
  "Kadaster",
  "Eurosense",
  "Eurosense",
  "Eurosense",
  "Kadaster",
  "Kadaster"
]

04:24:21.001 [ForkJoinPool-1-worker-7] INFO  com.intuit.karate - [print] [
  "http://kadaster/2482250f-3b00-4439-9f93-f3118229b015",
  "",
  "",
  ""
]

04:24:21.010 [ForkJoinPool-1-worker-7] INFO  com.intuit.karate - [print]
04:24:21.010 [ForkJoinPool-1-worker-7] INFO  com.intuit.karate - [print] testing xlinkurl:http://kadaster/2482250f-3b00-4439-9f93-f3118229b015
04:24:21.012 [ForkJoinPool-1-worker-7] ERROR com.intuit.karate - java.net.UnknownHostException: kadaster, http call failed after 1 milliseconds for URL: http://kadaster/2482250f-3b00-4439-9f93-f3118229b015
04:24:21.013 [ForkJoinPool-1-worker-7] ERROR com.intuit.karate - http request failed: 
java.net.UnknownHostException: kadaster
04:24:21.014 [ForkJoinPool-1-worker-7] ERROR com.intuit.karate - feature call (loop) failed at index: 0
caller: classpath:InspireTest/ngr/datasetrecords/def/checkxlinkurl.template.feature
arg: {"link":"http://kadaster/2482250f-3b00-4439-9f93-f3118229b015"}
checkxlinkurl.template.feature:14 - 
java.net.UnknownHostException: kadaster
04:24:21.016 [ForkJoinPool-1-worker-7] INFO  com.intuit.karate - [print]
04:24:21.016 [ForkJoinPool-1-worker-7] INFO  com.intuit.karate - [print] testing xlinkurl:
04:24:21.017 [ForkJoinPool-1-worker-7] ERROR com.intuit.karate - org.apache.http.client.ClientProtocolException, http call failed after 0 milliseconds for URL: 
04:24:21.018 [ForkJoinPool-1-worker-7] ERROR com.intuit.karate - http request failed: 
org.apache.http.client.ClientProtocolException
04:24:21.019 [ForkJoinPool-1-worker-7] ERROR com.intuit.karate - feature call (loop) failed at index: 1
caller: classpath:InspireTest/ngr/datasetrecords/def/checkxlinkurl.template.feature
arg: {"link":""}
checkxlinkurl.template.feature:14 - 
org.apache.http.client.ClientProtocolException
04:24:21.021 [ForkJoinPool-1-worker-7] INFO  com.intuit.karate - [print]
04:24:21.022 [ForkJoinPool-1-worker-7] INFO  com.intuit.karate - [print] testing xlinkurl:
04:24:21.022 [ForkJoinPool-1-worker-7] ERROR com.intuit.karate - org.apache.http.client.ClientProtocolException, http call failed after 0 milliseconds for URL: 
04:24:21.023 [ForkJoinPool-1-worker-7] ERROR com.intuit.karate - http request failed: 
org.apache.http.client.ClientProtocolException
04:24:21.024 [ForkJoinPool-1-worker-7] ERROR com.intuit.karate - feature call (loop) failed at index: 2
caller: classpath:InspireTest/ngr/datasetrecords/def/checkxlinkurl.template.feature
arg: {"link":""}
checkxlinkurl.template.feature:14 - 
org.apache.http.client.ClientProtocolException
04:24:21.026 [ForkJoinPool-1-worker-7] INFO  com.intuit.karate - [print]
04:24:21.027 [ForkJoinPool-1-worker-7] INFO  com.intuit.karate - [print] testing xlinkurl:
04:24:21.028 [ForkJoinPool-1-worker-7] ERROR com.intuit.karate - org.apache.http.client.ClientProtocolException, http call failed after 0 milliseconds for URL: 
04:24:21.028 [ForkJoinPool-1-worker-7] ERROR com.intuit.karate - http request failed: 
org.apache.http.client.ClientProtocolException
04:24:21.029 [ForkJoinPool-1-worker-7] ERROR com.intuit.karate - feature call (loop) failed at index: 3
caller: classpath:InspireTest/ngr/datasetrecords/def/checkxlinkurl.template.feature
arg: {"link":""}
checkxlinkurl.template.feature:14 - 
org.apache.http.client.ClientProtocolException
04:24:21.075 [ForkJoinPool-1-worker-11] INFO  com.intuit.karate - [print] title:Geografische Namen (INSPIRE geharmoniseerd)
04:24:21.075 [ForkJoinPool-1-worker-11] INFO  com.intuit.karate - [print] Geografische Namen (INSPIRE geharmoniseerd)
04:24:21.076 [ForkJoinPool-1-worker-11] INFO  com.intuit.karate - [print] [
  "PPB-GVA@kadaster.nl",
  "kcc@kadaster.nl"
]

04:24:21.078 [ForkJoinPool-1-worker-11] INFO  com.intuit.karate - [print] organisation: [
  "Kadaster",
  "Kadaster"
]

04:24:21.080 [ForkJoinPool-1-worker-11] INFO  com.intuit.karate - [print] [
  "http://kadaster/3bf3f7f3-8ac9-4203-bb95-2c932d5f0f3e"
]

04:24:21.084 [ForkJoinPool-1-worker-11] INFO  com.intuit.karate - [print]
04:24:21.085 [ForkJoinPool-1-worker-11] INFO  com.intuit.karate - [print] testing xlinkurl:http://kadaster/3bf3f7f3-8ac9-4203-bb95-2c932d5f0f3e
04:24:21.086 [ForkJoinPool-1-worker-11] ERROR com.intuit.karate - java.net.UnknownHostException: kadaster, http call failed after 1 milliseconds for URL: http://kadaster/3bf3f7f3-8ac9-4203-bb95-2c932d5f0f3e
04:24:21.086 [ForkJoinPool-1-worker-11] ERROR com.intuit.karate - http request failed: 
java.net.UnknownHostException: kadaster
04:24:21.086 [ForkJoinPool-1-worker-11] ERROR com.intuit.karate - feature call (loop) failed at index: 0
caller: classpath:InspireTest/ngr/datasetrecords/def/checkxlinkurl.template.feature
arg: {"link":"http://kadaster/3bf3f7f3-8ac9-4203-bb95-2c932d5f0f3e"}
checkxlinkurl.template.feature:14 - 
java.net.UnknownHostException: kadaster
04:24:21.255 [ForkJoinPool-1-worker-13] INFO  com.intuit.karate - [print] title:Jaarcijfers Landelijk Meetnet Luchtkwaliteit 2012
04:24:21.256 [ForkJoinPool-1-worker-13] INFO  com.intuit.karate - [print] Jaarcijfers Landelijk Meetnet Luchtkwaliteit 2012
04:24:21.257 [ForkJoinPool-1-worker-13] INFO  com.intuit.karate - [print] [
  "geodata@rivm.nl",
  "",
  "geodata@rivm.nl"
]

04:24:21.258 [ForkJoinPool-1-worker-13] INFO  com.intuit.karate - [print] organisation: no organisationName found in dataset record
04:24:21.260 [ForkJoinPool-1-worker-13] INFO  com.intuit.karate - [print] [
  "https://data.rivm.nl/inspire/id#b5ccab29-e2cc-4178-9f81-40c50e909754"
]

04:24:21.265 [ForkJoinPool-1-worker-13] INFO  com.intuit.karate - [print]
04:24:21.265 [ForkJoinPool-1-worker-13] INFO  com.intuit.karate - [print] testing xlinkurl:https://data.rivm.nl/inspire/id#b5ccab29-e2cc-4178-9f81-40c50e909754
04:24:21.324 [ForkJoinPool-1-worker-5] INFO  com.intuit.karate - [print]
04:24:21.324 [ForkJoinPool-1-worker-5] INFO  com.intuit.karate - [print] testing xlinkurl:https://creativecommons.org/publicdomain/mark/*/deed.nl
04:24:21.361 [ForkJoinPool-1-worker-5] ERROR com.intuit.karate - status code was: 404, expected: 200, response time: 35, url: https://creativecommons.org/publicdomain/mark/*/deed.nl, response: 
04:24:21.362 [ForkJoinPool-1-worker-5] ERROR com.intuit.karate - feature call (loop) failed at index: 2
caller: classpath:InspireTest/ngr/datasetrecords/def/checkxlinkurl.template.feature
arg: {"link":"https://creativecommons.org/publicdomain/mark/*/deed.nl"}
checkxlinkurl.template.feature:15 - status code was: 404, expected: 200, response time: 35, url: https://creativecommons.org/publicdomain/mark/*/deed.nl, response: 
04:24:21.364 [ForkJoinPool-1-worker-5] INFO  com.intuit.karate - [print]
04:24:21.364 [ForkJoinPool-1-worker-5] INFO  com.intuit.karate - [print] testing xlinkurl:
04:24:21.365 [ForkJoinPool-1-worker-5] ERROR com.intuit.karate - org.apache.http.client.ClientProtocolException, http call failed after 0 milliseconds for URL: 
04:24:21.365 [ForkJoinPool-1-worker-5] ERROR com.intuit.karate - http request failed: 
org.apache.http.client.ClientProtocolException
04:24:21.365 [ForkJoinPool-1-worker-5] ERROR com.intuit.karate - feature call (loop) failed at index: 3
caller: classpath:InspireTest/ngr/datasetrecords/def/checkxlinkurl.template.feature
arg: {"link":""}
checkxlinkurl.template.feature:14 - 
org.apache.http.client.ClientProtocolException
04:24:21.384 [ForkJoinPool-1-worker-9] INFO  com.intuit.karate - [print] title:Geologisch booronderzoek onder INSPIRE
04:24:21.385 [ForkJoinPool-1-worker-9] INFO  com.intuit.karate - [print] Geologisch booronderzoek onder INSPIRE
04:24:21.386 [ForkJoinPool-1-worker-9] INFO  com.intuit.karate - [print] [
  "info@dinoloket.nl",
  "info@dinoloket.nl",
  "info@dinoloket.nl"
]

04:24:21.387 [ForkJoinPool-1-worker-9] INFO  com.intuit.karate - [print] organisation: [
  "TNO Geologische Dienst Nederland",
  "TNO Geologische Dienst Nederland",
  "TNO Geologische Dienst Nederland"
]

04:24:21.390 [ForkJoinPool-1-worker-9] INFO  com.intuit.karate - [print] [
  "https://nationaalgeoregister.nl/geonetwork/srv/resources7d4d5090-8b18-4c30-a07a-9d738039112f",
  "http://rdfdata.eionet.europa.eu/inspirethemes/themes/13",
  "http://geonetwork-opensource.org/inspire-theme#",
  "https://www.nationaalgeoregister.nl/geonetwork/srv/eng/thesaurus.download?ref=external.theme.inspire-theme"
]

04:24:21.395 [ForkJoinPool-1-worker-9] INFO  com.intuit.karate - [print]
04:24:21.396 [ForkJoinPool-1-worker-9] INFO  com.intuit.karate - [print] testing xlinkurl:https://nationaalgeoregister.nl/geonetwork/srv/resources7d4d5090-8b18-4c30-a07a-9d738039112f
04:24:21.512 [ForkJoinPool-1-worker-3] INFO  com.intuit.karate - [print] title:Geluidkaart hoofdspoornet 2011 (Lden)
04:24:21.513 [ForkJoinPool-1-worker-3] INFO  com.intuit.karate - [print] Geluidkaart hoofdspoornet 2011 (Lden)
04:24:21.514 [ForkJoinPool-1-worker-3] INFO  com.intuit.karate - [print] [
  "sylvia.koolmees@minienw.nl",
  "sylvia.koolmees@minienw.nl"
]

04:24:21.516 [ForkJoinPool-1-worker-3] INFO  com.intuit.karate - [print] organisation: [
  "Ministerie van IenW",
  "Ministerie van IenW"
]

04:24:21.518 [ForkJoinPool-1-worker-3] INFO  com.intuit.karate - [print] [
  "https://www.nationaalgeoregister.nl/geonetwork/srv/api/records844404a2-9cd0-452e-b29a-74588777485a"
]

04:24:21.522 [ForkJoinPool-1-worker-3] INFO  com.intuit.karate - [print]
04:24:21.523 [ForkJoinPool-1-worker-3] INFO  com.intuit.karate - [print] testing xlinkurl:https://www.nationaalgeoregister.nl/geonetwork/srv/api/records844404a2-9cd0-452e-b29a-74588777485a
04:24:21.626 [ForkJoinPool-1-worker-13] ERROR com.intuit.karate - javax.net.ssl.SSLException: Connection reset, http call failed after 360 milliseconds for URL: https://data.rivm.nl/inspire/id#b5ccab29-e2cc-4178-9f81-40c50e909754
04:24:21.626 [ForkJoinPool-1-worker-13] ERROR com.intuit.karate - http request failed: 
javax.net.ssl.SSLException: Connection reset
04:24:21.626 [ForkJoinPool-1-worker-13] ERROR com.intuit.karate - feature call (loop) failed at index: 0
caller: classpath:InspireTest/ngr/datasetrecords/def/checkxlinkurl.template.feature
arg: {"link":"https://data.rivm.nl/inspire/id#b5ccab29-e2cc-4178-9f81-40c50e909754"}
checkxlinkurl.template.feature:14 - 
javax.net.ssl.SSLException: Connection reset
04:24:21.632 [ForkJoinPool-1-worker-7] INFO  com.intuit.karate - [print] title:Vaarwegmarkeringen Nederland
04:24:21.632 [ForkJoinPool-1-worker-7] INFO  com.intuit.karate - [print] Vaarwegmarkeringen Nederland
04:24:21.633 [ForkJoinPool-1-worker-7] INFO  com.intuit.karate - [print] [
  "servicedesk-data@rijkswaterstaat.nl",
  "servicedesk-data@rijkswaterstaat.nl",
  "",
  "servicedesk-data@rijkswaterstaat.nl",
  "servicedesk-data@rijkswaterstaat.nl"
]

04:24:21.635 [ForkJoinPool-1-worker-7] INFO  com.intuit.karate - [print] organisation: [
  "Rijkswaterstaat",
  "Rijkswaterstaat",
  "",
  "Rijkswaterstaat",
  "Rijkswaterstaat"
]

04:24:21.637 [ForkJoinPool-1-worker-7] INFO  com.intuit.karate - [print] [
  "https://www.nationaalgeoregister.nl/geonetwork/srv/dut/catalog.search#/metadata/be1b1514-8d1f-48e1-9624-fee9b784138b",
  "http://rdfdata.eionet.europa.eu/inspirethemes/themes/7",
  "urn:ogc:def:crs:EPSG::5709"
]

04:24:21.641 [ForkJoinPool-1-worker-7] INFO  com.intuit.karate - [print]
04:24:21.641 [ForkJoinPool-1-worker-7] INFO  com.intuit.karate - [print] testing xlinkurl:https://www.nationaalgeoregister.nl/geonetwork/srv/dut/catalog.search#/metadata/be1b1514-8d1f-48e1-9624-fee9b784138b
04:24:21.678 [ForkJoinPool-1-worker-9] ERROR com.intuit.karate - status code was: 404, expected: 200, response time: 280, url: https://nationaalgeoregister.nl/geonetwork/srv/resources7d4d5090-8b18-4c30-a07a-9d738039112f, response: 
04:24:21.678 [ForkJoinPool-1-worker-9] ERROR com.intuit.karate - feature call (loop) failed at index: 0
caller: classpath:InspireTest/ngr/datasetrecords/def/checkxlinkurl.template.feature
arg: {"link":"https://nationaalgeoregister.nl/geonetwork/srv/resources7d4d5090-8b18-4c30-a07a-9d738039112f"}
checkxlinkurl.template.feature:15 - status code was: 404, expected: 200, response time: 280, url: https://nationaalgeoregister.nl/geonetwork/srv/resources7d4d5090-8b18-4c30-a07a-9d738039112f, response: 
04:24:21.679 [ForkJoinPool-1-worker-9] INFO  com.intuit.karate - [print]
04:24:21.679 [ForkJoinPool-1-worker-9] INFO  com.intuit.karate - [print] testing xlinkurl:http://rdfdata.eionet.europa.eu/inspirethemes/themes/13
04:24:21.690 [ForkJoinPool-1-worker-11] INFO  com.intuit.karate - [print] title:Vervoersnetwerken - Luchttransport (INSPIRE geharmoniseerd)
04:24:21.690 [ForkJoinPool-1-worker-11] INFO  com.intuit.karate - [print] Vervoersnetwerken - Luchttransport (INSPIRE geharmoniseerd)
04:24:21.691 [ForkJoinPool-1-worker-11] INFO  com.intuit.karate - [print] [
  "PPB-GVA@kadaster.nl",
  "kcc@kadaster.nl"
]

04:24:21.692 [ForkJoinPool-1-worker-11] INFO  com.intuit.karate - [print] organisation: [
  "Kadaster",
  "Kadaster"
]

04:24:21.693 [ForkJoinPool-1-worker-11] INFO  com.intuit.karate - [print] [
  "http://www.opengis.net/def/crs/EPSG/0/http://www.opengis.net/def/crs/EPSG/0/4258",
  "http://kadaster/3b7bb05b-2d2e-4329-9a72-0eac19e315de"
]

04:24:21.699 [ForkJoinPool-1-worker-11] INFO  com.intuit.karate - [print]
04:24:21.699 [ForkJoinPool-1-worker-11] INFO  com.intuit.karate - [print] testing xlinkurl:http://www.opengis.net/def/crs/EPSG/0/http://www.opengis.net/def/crs/EPSG/0/4258
04:24:21.842 [ForkJoinPool-1-worker-3] ERROR com.intuit.karate - status code was: 500, expected: 200, response time: 319, url: https://www.nationaalgeoregister.nl/geonetwork/srv/api/records844404a2-9cd0-452e-b29a-74588777485a, response: 
04:24:21.842 [ForkJoinPool-1-worker-3] ERROR com.intuit.karate - feature call (loop) failed at index: 0
caller: classpath:InspireTest/ngr/datasetrecords/def/checkxlinkurl.template.feature
arg: {"link":"https://www.nationaalgeoregister.nl/geonetwork/srv/api/records844404a2-9cd0-452e-b29a-74588777485a"}
checkxlinkurl.template.feature:15 - status code was: 500, expected: 200, response time: 319, url: https://www.nationaalgeoregister.nl/geonetwork/srv/api/records844404a2-9cd0-452e-b29a-74588777485a, response: 
04:24:21.904 [ForkJoinPool-1-worker-9] ERROR com.intuit.karate - status code was: 404, expected: 200, response time: 224, url: http://rdfdata.eionet.europa.eu/inspirethemes/themes/13, response: 
04:24:21.904 [ForkJoinPool-1-worker-9] ERROR com.intuit.karate - feature call (loop) failed at index: 1
caller: classpath:InspireTest/ngr/datasetrecords/def/checkxlinkurl.template.feature
arg: {"link":"http://rdfdata.eionet.europa.eu/inspirethemes/themes/13"}
checkxlinkurl.template.feature:15 - status code was: 404, expected: 200, response time: 224, url: http://rdfdata.eionet.europa.eu/inspirethemes/themes/13, response: 
04:24:21.905 [ForkJoinPool-1-worker-9] INFO  com.intuit.karate - [print]
04:24:21.906 [ForkJoinPool-1-worker-9] INFO  com.intuit.karate - [print] testing xlinkurl:http://geonetwork-opensource.org/inspire-theme#
04:24:21.907 [ForkJoinPool-1-worker-5] INFO  com.intuit.karate - [print] title:Potentieel koude en warmte uit open en gesloten WKO systemen (GJ/ha.jaar)
04:24:21.907 [ForkJoinPool-1-worker-5] INFO  com.intuit.karate - [print] Potentieel koude en warmte uit open en gesloten WKO systemen (GJ/ha.jaar)
04:24:21.919 [ForkJoinPool-1-worker-5] INFO  com.intuit.karate - [print] [
  "geodatabeheer.giscc@rvo.nl",
  "geodatabeheer.giscc@rvo.nl",
  "geodatabeheer.giscc@rvo.nl"
]

04:24:21.920 [ForkJoinPool-1-worker-5] INFO  com.intuit.karate - [print] organisation: [
  "Ministerie van Economische Zaken - GIS Competence Center",
  "Ministerie van Economische Zaken - GIS Competence Center"
]

04:24:21.922 [ForkJoinPool-1-worker-5] INFO  com.intuit.karate - [print] [
  "https://nationaalgeoregister.nl/geonetwork/srv/dut/catalog.search#/metadata/dc5b522e-3e14-4738-9e8e-2401e1b19ef2"
]

04:24:21.927 [ForkJoinPool-1-worker-5] INFO  com.intuit.karate - [print]
04:24:21.927 [ForkJoinPool-1-worker-5] INFO  com.intuit.karate - [print] testing xlinkurl:https://nationaalgeoregister.nl/geonetwork/srv/dut/catalog.search#/metadata/dc5b522e-3e14-4738-9e8e-2401e1b19ef2
04:24:21.997 [ForkJoinPool-1-worker-11] INFO  com.intuit.karate - [print]
04:24:21.998 [ForkJoinPool-1-worker-11] INFO  com.intuit.karate - [print] testing xlinkurl:http://kadaster/3b7bb05b-2d2e-4329-9a72-0eac19e315de
04:24:21.998 [ForkJoinPool-1-worker-11] ERROR com.intuit.karate - java.net.UnknownHostException: kadaster, http call failed after 0 milliseconds for URL: http://kadaster/3b7bb05b-2d2e-4329-9a72-0eac19e315de
04:24:21.998 [ForkJoinPool-1-worker-11] ERROR com.intuit.karate - http request failed: 
java.net.UnknownHostException: kadaster
04:24:21.998 [ForkJoinPool-1-worker-11] ERROR com.intuit.karate - feature call (loop) failed at index: 1
caller: classpath:InspireTest/ngr/datasetrecords/def/checkxlinkurl.template.feature
arg: {"link":"http://kadaster/3b7bb05b-2d2e-4329-9a72-0eac19e315de"}
checkxlinkurl.template.feature:14 - 
java.net.UnknownHostException: kadaster
04:24:22.113 [ForkJoinPool-1-worker-7] INFO  com.intuit.karate - [print]
04:24:22.113 [ForkJoinPool-1-worker-7] INFO  com.intuit.karate - [print] testing xlinkurl:http://rdfdata.eionet.europa.eu/inspirethemes/themes/7
04:24:22.161 [ForkJoinPool-1-worker-13] INFO  com.intuit.karate - [print] title:Olie- en gasvelden onder INSPIRE
04:24:22.162 [ForkJoinPool-1-worker-13] INFO  com.intuit.karate - [print] Olie- en gasvelden onder INSPIRE
04:24:22.163 [ForkJoinPool-1-worker-13] INFO  com.intuit.karate - [print] [
  "info@dinoloket.nl",
  "info@dinoloket.nl",
  "info@dinoloket.nl"
]

04:24:22.165 [ForkJoinPool-1-worker-13] INFO  com.intuit.karate - [print] organisation: [
  "TNO Geologische Dienst Nederland",
  "TNO Geologische Dienst Nederland",
  "TNO Geologische Dienst Nederland"
]

04:24:22.167 [ForkJoinPool-1-worker-13] INFO  com.intuit.karate - [print] [
  "https://nationaalgeoregister.nl/geonetwork/srv/resources49e49382-674d-4ce8-9f4a-ba4dd2265eef",
  "http://rdfdata.eionet.europa.eu/inspirethemes/themes/33",
  "http://geonetwork-opensource.org/inspire-theme#",
  "https://www.nationaalgeoregister.nl/geonetwork/srv/eng/thesaurus.download?ref=external.theme.inspire-theme"
]

04:24:22.177 [ForkJoinPool-1-worker-13] INFO  com.intuit.karate - [print]
04:24:22.178 [ForkJoinPool-1-worker-13] INFO  com.intuit.karate - [print] testing xlinkurl:https://nationaalgeoregister.nl/geonetwork/srv/resources49e49382-674d-4ce8-9f4a-ba4dd2265eef
04:24:22.340 [ForkJoinPool-1-worker-7] ERROR com.intuit.karate - status code was: 404, expected: 200, response time: 226, url: http://rdfdata.eionet.europa.eu/inspirethemes/themes/7, response: 
04:24:22.340 [ForkJoinPool-1-worker-7] ERROR com.intuit.karate - feature call (loop) failed at index: 1
caller: classpath:InspireTest/ngr/datasetrecords/def/checkxlinkurl.template.feature
arg: {"link":"http://rdfdata.eionet.europa.eu/inspirethemes/themes/7"}
checkxlinkurl.template.feature:15 - status code was: 404, expected: 200, response time: 226, url: http://rdfdata.eionet.europa.eu/inspirethemes/themes/7, response: 
04:24:22.341 [ForkJoinPool-1-worker-7] INFO  com.intuit.karate - [print]
04:24:22.341 [ForkJoinPool-1-worker-7] INFO  com.intuit.karate - [print] testing xlinkurl:urn:ogc:def:crs:EPSG::5709
04:24:22.341 [ForkJoinPool-1-worker-7] ERROR com.intuit.karate - org.apache.http.client.ClientProtocolException: URI does not specify a valid host name: urn:ogc:def:crs:EPSG::5709, http call failed after 0 milliseconds for URL: urn:ogc:def:crs:EPSG::5709
04:24:22.342 [ForkJoinPool-1-worker-7] ERROR com.intuit.karate - http request failed: 
org.apache.http.client.ClientProtocolException: URI does not specify a valid host name: urn:ogc:def:crs:EPSG::5709
04:24:22.342 [ForkJoinPool-1-worker-7] ERROR com.intuit.karate - feature call (loop) failed at index: 2
caller: classpath:InspireTest/ngr/datasetrecords/def/checkxlinkurl.template.feature
arg: {"link":"urn:ogc:def:crs:EPSG::5709"}
checkxlinkurl.template.feature:14 - 
org.apache.http.client.ClientProtocolException: URI does not specify a valid host name: urn:ogc:def:crs:EPSG::5709
04:24:22.383 [ForkJoinPool-1-worker-3] INFO  com.intuit.karate - [print] title:Vervoersnetwerken - Wegen (INSPIRE geharmoniseerd)
04:24:22.383 [ForkJoinPool-1-worker-3] INFO  com.intuit.karate - [print] Vervoersnetwerken - Wegen (INSPIRE geharmoniseerd)
04:24:22.385 [ForkJoinPool-1-worker-3] INFO  com.intuit.karate - [print] [
  "PPB-GVA@kadaster.nl",
  "kcc@kadaster.nl"
]

04:24:22.387 [ForkJoinPool-1-worker-3] INFO  com.intuit.karate - [print] organisation: [
  "Kadaster",
  "Kadaster"
]

04:24:22.389 [ForkJoinPool-1-worker-3] INFO  com.intuit.karate - [print] [
  "http://www.opengis.net/def/crs/EPSG/0/http://www.opengis.net/def/crs/EPSG/0/4258",
  "http://kadaster/df1a98c0-58ba-48ff-8825-b4fb6322c586"
]

04:24:22.394 [ForkJoinPool-1-worker-3] INFO  com.intuit.karate - [print]
04:24:22.395 [ForkJoinPool-1-worker-3] INFO  com.intuit.karate - [print] testing xlinkurl:http://www.opengis.net/def/crs/EPSG/0/http://www.opengis.net/def/crs/EPSG/0/4258
04:24:22.460 [ForkJoinPool-1-worker-13] ERROR com.intuit.karate - status code was: 404, expected: 200, response time: 281, url: https://nationaalgeoregister.nl/geonetwork/srv/resources49e49382-674d-4ce8-9f4a-ba4dd2265eef, response: 
04:24:22.460 [ForkJoinPool-1-worker-13] ERROR com.intuit.karate - feature call (loop) failed at index: 0
caller: classpath:InspireTest/ngr/datasetrecords/def/checkxlinkurl.template.feature
arg: {"link":"https://nationaalgeoregister.nl/geonetwork/srv/resources49e49382-674d-4ce8-9f4a-ba4dd2265eef"}
checkxlinkurl.template.feature:15 - status code was: 404, expected: 200, response time: 281, url: https://nationaalgeoregister.nl/geonetwork/srv/resources49e49382-674d-4ce8-9f4a-ba4dd2265eef, response: 
04:24:22.464 [ForkJoinPool-1-worker-13] INFO  com.intuit.karate - [print]
04:24:22.464 [ForkJoinPool-1-worker-13] INFO  com.intuit.karate - [print] testing xlinkurl:http://rdfdata.eionet.europa.eu/inspirethemes/themes/33
04:24:22.500 [ForkJoinPool-1-worker-9] ERROR com.intuit.karate - status code was: 404, expected: 200, response time: 400, url: http://geonetwork-opensource.org/inspire-theme#, response: 
04:24:22.501 [ForkJoinPool-1-worker-9] ERROR com.intuit.karate - feature call (loop) failed at index: 2
caller: classpath:InspireTest/ngr/datasetrecords/def/checkxlinkurl.template.feature
arg: {"link":"http://geonetwork-opensource.org/inspire-theme#"}
checkxlinkurl.template.feature:15 - status code was: 404, expected: 200, response time: 400, url: http://geonetwork-opensource.org/inspire-theme#, response: 
04:24:22.502 [ForkJoinPool-1-worker-9] INFO  com.intuit.karate - [print]
04:24:22.502 [ForkJoinPool-1-worker-9] INFO  com.intuit.karate - [print] testing xlinkurl:https://www.nationaalgeoregister.nl/geonetwork/srv/eng/thesaurus.download?ref=external.theme.inspire-theme
04:24:22.554 [ForkJoinPool-1-worker-11] INFO  com.intuit.karate - [print] title:Landelijk grondwaterregister - Faciliteiten voor productie en industrie
04:24:22.554 [ForkJoinPool-1-worker-11] INFO  com.intuit.karate - [print] Landelijk grondwaterregister - Faciliteiten voor productie en industrie
04:24:22.556 [ForkJoinPool-1-worker-11] INFO  com.intuit.karate - [print] [
  "inspire@gbo-provincies.nl",
  "inspire@gbo-provincies.nl",
  "inspire@gbo-provincies.nl",
  "",
  ""
]

04:24:22.557 [ForkJoinPool-1-worker-11] INFO  com.intuit.karate - [print] organisation: [
  "Interprovinciaal Overleg",
  "Interprovinciaal Overleg",
  "Interprovinciaal Overleg",
  "Interprovinciaal Overleg",
  "Interprovinciaal Overleg"
]

04:24:22.559 [ForkJoinPool-1-worker-11] INFO  com.intuit.karate - [print] [
  ""
]

04:24:22.563 [ForkJoinPool-1-worker-11] INFO  com.intuit.karate - [print]
04:24:22.563 [ForkJoinPool-1-worker-11] INFO  com.intuit.karate - [print] testing xlinkurl:
04:24:22.564 [ForkJoinPool-1-worker-11] ERROR com.intuit.karate - org.apache.http.client.ClientProtocolException, http call failed after 0 milliseconds for URL: 
04:24:22.564 [ForkJoinPool-1-worker-11] ERROR com.intuit.karate - http request failed: 
org.apache.http.client.ClientProtocolException
04:24:22.564 [ForkJoinPool-1-worker-11] ERROR com.intuit.karate - feature call (loop) failed at index: 0
caller: classpath:InspireTest/ngr/datasetrecords/def/checkxlinkurl.template.feature
arg: {"link":""}
checkxlinkurl.template.feature:14 - 
org.apache.http.client.ClientProtocolException
04:24:22.698 [ForkJoinPool-1-worker-3] INFO  com.intuit.karate - [print]
04:24:22.698 [ForkJoinPool-1-worker-3] INFO  com.intuit.karate - [print] testing xlinkurl:http://kadaster/df1a98c0-58ba-48ff-8825-b4fb6322c586
04:24:22.699 [ForkJoinPool-1-worker-3] ERROR com.intuit.karate - java.net.UnknownHostException: kadaster, http call failed after 0 milliseconds for URL: http://kadaster/df1a98c0-58ba-48ff-8825-b4fb6322c586
04:24:22.699 [ForkJoinPool-1-worker-3] ERROR com.intuit.karate - http request failed: 
java.net.UnknownHostException: kadaster
04:24:22.699 [ForkJoinPool-1-worker-3] ERROR com.intuit.karate - feature call (loop) failed at index: 1
caller: classpath:InspireTest/ngr/datasetrecords/def/checkxlinkurl.template.feature
arg: {"link":"http://kadaster/df1a98c0-58ba-48ff-8825-b4fb6322c586"}
checkxlinkurl.template.feature:14 - 
java.net.UnknownHostException: kadaster
04:24:22.700 [ForkJoinPool-1-worker-13] ERROR com.intuit.karate - status code was: 404, expected: 200, response time: 236, url: http://rdfdata.eionet.europa.eu/inspirethemes/themes/33, response: 
04:24:22.700 [ForkJoinPool-1-worker-13] ERROR com.intuit.karate - feature call (loop) failed at index: 1
caller: classpath:InspireTest/ngr/datasetrecords/def/checkxlinkurl.template.feature
arg: {"link":"http://rdfdata.eionet.europa.eu/inspirethemes/themes/33"}
checkxlinkurl.template.feature:15 - status code was: 404, expected: 200, response time: 236, url: http://rdfdata.eionet.europa.eu/inspirethemes/themes/33, response: 
04:24:22.701 [ForkJoinPool-1-worker-13] INFO  com.intuit.karate - [print]
04:24:22.701 [ForkJoinPool-1-worker-13] INFO  com.intuit.karate - [print] testing xlinkurl:http://geonetwork-opensource.org/inspire-theme#
04:24:22.807 [ForkJoinPool-1-worker-5] INFO  com.intuit.karate - [print] title:Gemeten Koolstofmonoxide concentraties in buitenlucht.
04:24:22.807 [ForkJoinPool-1-worker-5] INFO  com.intuit.karate - [print] Gemeten Koolstofmonoxide concentraties in buitenlucht.
04:24:22.808 [ForkJoinPool-1-worker-5] INFO  com.intuit.karate - [print] [
  "geodata@rivm.nl",
  "geodata@rivm.nl"
]

04:24:22.809 [ForkJoinPool-1-worker-5] INFO  com.intuit.karate - [print] organisation: RIVM
04:24:22.810 [ForkJoinPool-1-worker-5] INFO  com.intuit.karate - [print] [
  "https://data.rivm.nl/inspire/id#a3b9f437-f571-4a00-b3c3-58e4354c244f"
]

04:24:22.823 [ForkJoinPool-1-worker-5] INFO  com.intuit.karate - [print]
04:24:22.824 [ForkJoinPool-1-worker-5] INFO  com.intuit.karate - [print] testing xlinkurl:https://data.rivm.nl/inspire/id#a3b9f437-f571-4a00-b3c3-58e4354c244f
04:24:22.889 [ForkJoinPool-1-worker-7] INFO  com.intuit.karate - [print] title:Gemeten Fijn stof concentraties in buitenlucht.
04:24:22.889 [ForkJoinPool-1-worker-7] INFO  com.intuit.karate - [print] Gemeten Fijn stof concentraties in buitenlucht.
04:24:22.890 [ForkJoinPool-1-worker-7] INFO  com.intuit.karate - [print] [
  "geodata@rivm.nl",
  "geodata@rivm.nl"
]

04:24:22.891 [ForkJoinPool-1-worker-7] INFO  com.intuit.karate - [print] organisation: no organisationName found in dataset record
04:24:22.892 [ForkJoinPool-1-worker-7] INFO  com.intuit.karate - [print] [
  "https://data.rivm.nl/inspire/id#a3095f95-0ec7-46ff-ae14-ce2173e8fafa"
]

04:24:22.896 [ForkJoinPool-1-worker-7] INFO  com.intuit.karate - [print]
04:24:22.896 [ForkJoinPool-1-worker-7] INFO  com.intuit.karate - [print] testing xlinkurl:https://data.rivm.nl/inspire/id#a3095f95-0ec7-46ff-ae14-ce2173e8fafa
04:24:23.061 [ForkJoinPool-1-worker-9] ERROR com.intuit.karate - status code was: 500, expected: 200, response time: 558, url: https://www.nationaalgeoregister.nl/geonetwork/srv/eng/thesaurus.download?ref=external.theme.inspire-theme, response: 
04:24:23.061 [ForkJoinPool-1-worker-9] ERROR com.intuit.karate - feature call (loop) failed at index: 3
caller: classpath:InspireTest/ngr/datasetrecords/def/checkxlinkurl.template.feature
arg: {"link":"https://www.nationaalgeoregister.nl/geonetwork/srv/eng/thesaurus.download?ref=external.theme.inspire-theme"}
checkxlinkurl.template.feature:15 - status code was: 500, expected: 200, response time: 558, url: https://www.nationaalgeoregister.nl/geonetwork/srv/eng/thesaurus.download?ref=external.theme.inspire-theme, response: 
04:24:23.113 [ForkJoinPool-1-worker-11] INFO  com.intuit.karate - [print] title:Gemeten Stikstofdioxide concentraties in buitenlucht.
04:24:23.114 [ForkJoinPool-1-worker-11] INFO  com.intuit.karate - [print] Gemeten Stikstofdioxide concentraties in buitenlucht.
04:24:23.115 [ForkJoinPool-1-worker-11] INFO  com.intuit.karate - [print] [
  "geodata@rivm.nl",
  "geodata@rivm.nl"
]

04:24:23.116 [ForkJoinPool-1-worker-11] INFO  com.intuit.karate - [print] organisation: RIVM
04:24:23.118 [ForkJoinPool-1-worker-11] INFO  com.intuit.karate - [print] [
  "https://data.rivm.nl/inspire?id#505e9f1e-84bc-4856-9771-4295db998bb6"
]

04:24:23.124 [ForkJoinPool-1-worker-11] INFO  com.intuit.karate - [print]
04:24:23.125 [ForkJoinPool-1-worker-11] INFO  com.intuit.karate - [print] testing xlinkurl:https://data.rivm.nl/inspire?id#505e9f1e-84bc-4856-9771-4295db998bb6
04:24:23.180 [ForkJoinPool-1-worker-5] ERROR com.intuit.karate - javax.net.ssl.SSLException: Connection reset, http call failed after 356 milliseconds for URL: https://data.rivm.nl/inspire/id#a3b9f437-f571-4a00-b3c3-58e4354c244f
04:24:23.180 [ForkJoinPool-1-worker-5] ERROR com.intuit.karate - http request failed: 
javax.net.ssl.SSLException: Connection reset
04:24:23.180 [ForkJoinPool-1-worker-5] ERROR com.intuit.karate - feature call (loop) failed at index: 0
caller: classpath:InspireTest/ngr/datasetrecords/def/checkxlinkurl.template.feature
arg: {"link":"https://data.rivm.nl/inspire/id#a3b9f437-f571-4a00-b3c3-58e4354c244f"}
checkxlinkurl.template.feature:14 - 
javax.net.ssl.SSLException: Connection reset
04:24:23.253 [ForkJoinPool-1-worker-7] ERROR com.intuit.karate - javax.net.ssl.SSLException: Connection reset, http call failed after 356 milliseconds for URL: https://data.rivm.nl/inspire/id#a3095f95-0ec7-46ff-ae14-ce2173e8fafa
04:24:23.253 [ForkJoinPool-1-worker-7] ERROR com.intuit.karate - http request failed: 
javax.net.ssl.SSLException: Connection reset
04:24:23.253 [ForkJoinPool-1-worker-7] ERROR com.intuit.karate - feature call (loop) failed at index: 0
caller: classpath:InspireTest/ngr/datasetrecords/def/checkxlinkurl.template.feature
arg: {"link":"https://data.rivm.nl/inspire/id#a3095f95-0ec7-46ff-ae14-ce2173e8fafa"}
checkxlinkurl.template.feature:14 - 
javax.net.ssl.SSLException: Connection reset
04:24:23.260 [ForkJoinPool-1-worker-3] INFO  com.intuit.karate - [print] title:Gemeten Zwaveldioxide concentraties in buitenlucht.
04:24:23.260 [ForkJoinPool-1-worker-3] INFO  com.intuit.karate - [print] Gemeten Zwaveldioxide concentraties in buitenlucht.
04:24:23.262 [ForkJoinPool-1-worker-3] INFO  com.intuit.karate - [print] [
  "geodata@rivm.nl",
  "geodata@rivm.nl"
]

04:24:23.263 [ForkJoinPool-1-worker-3] INFO  com.intuit.karate - [print] organisation: no organisationName found in dataset record
04:24:23.265 [ForkJoinPool-1-worker-3] INFO  com.intuit.karate - [print] [
  "https://data.rivm.nl/inspire/id#440c4a06-6924-4f9c-a9e2-6f61340f711b"
]

04:24:23.270 [ForkJoinPool-1-worker-3] INFO  com.intuit.karate - [print]
04:24:23.270 [ForkJoinPool-1-worker-3] INFO  com.intuit.karate - [print] testing xlinkurl:https://data.rivm.nl/inspire/id#440c4a06-6924-4f9c-a9e2-6f61340f711b
04:24:23.297 [ForkJoinPool-1-worker-13] ERROR com.intuit.karate - status code was: 404, expected: 200, response time: 399, url: http://geonetwork-opensource.org/inspire-theme#, response: 
04:24:23.297 [ForkJoinPool-1-worker-13] ERROR com.intuit.karate - feature call (loop) failed at index: 2
caller: classpath:InspireTest/ngr/datasetrecords/def/checkxlinkurl.template.feature
arg: {"link":"http://geonetwork-opensource.org/inspire-theme#"}
checkxlinkurl.template.feature:15 - status code was: 404, expected: 200, response time: 399, url: http://geonetwork-opensource.org/inspire-theme#, response: 
04:24:23.298 [ForkJoinPool-1-worker-13] INFO  com.intuit.karate - [print]
04:24:23.298 [ForkJoinPool-1-worker-13] INFO  com.intuit.karate - [print] testing xlinkurl:https://www.nationaalgeoregister.nl/geonetwork/srv/eng/thesaurus.download?ref=external.theme.inspire-theme
04:24:23.483 [ForkJoinPool-1-worker-11] ERROR com.intuit.karate - status code was: 404, expected: 200, response time: 357, url: https://data.rivm.nl/inspire?id#505e9f1e-84bc-4856-9771-4295db998bb6, response: 
04:24:23.484 [ForkJoinPool-1-worker-11] ERROR com.intuit.karate - feature call (loop) failed at index: 0
caller: classpath:InspireTest/ngr/datasetrecords/def/checkxlinkurl.template.feature
arg: {"link":"https://data.rivm.nl/inspire?id#505e9f1e-84bc-4856-9771-4295db998bb6"}
checkxlinkurl.template.feature:15 - status code was: 404, expected: 200, response time: 357, url: https://data.rivm.nl/inspire?id#505e9f1e-84bc-4856-9771-4295db998bb6, response: 
04:24:23.582 [ForkJoinPool-1-worker-9] INFO  com.intuit.karate - [print] title:Gemeten Stikstofmonoxide concentraties in buitenlucht.
04:24:23.582 [ForkJoinPool-1-worker-9] INFO  com.intuit.karate - [print] Gemeten Stikstofmonoxide concentraties in buitenlucht.
04:24:23.583 [ForkJoinPool-1-worker-9] INFO  com.intuit.karate - [print] [
  "geodata@rivm.nl",
  "geodata@rivm.nl"
]

04:24:23.584 [ForkJoinPool-1-worker-9] INFO  com.intuit.karate - [print] organisation: no organisationName found in dataset record
04:24:23.586 [ForkJoinPool-1-worker-9] INFO  com.intuit.karate - [print] [
  "https://data.rivm.nl/inspire/id#b867ba72-5a7c-41fe-b997-394b56dfbd25"
]

04:24:23.590 [ForkJoinPool-1-worker-9] INFO  com.intuit.karate - [print]
04:24:23.591 [ForkJoinPool-1-worker-9] INFO  com.intuit.karate - [print] testing xlinkurl:https://data.rivm.nl/inspire/id#b867ba72-5a7c-41fe-b997-394b56dfbd25
04:24:23.615 [ForkJoinPool-1-worker-13] ERROR com.intuit.karate - status code was: 500, expected: 200, response time: 316, url: https://www.nationaalgeoregister.nl/geonetwork/srv/eng/thesaurus.download?ref=external.theme.inspire-theme, response: 
04:24:23.615 [ForkJoinPool-1-worker-13] ERROR com.intuit.karate - feature call (loop) failed at index: 3
caller: classpath:InspireTest/ngr/datasetrecords/def/checkxlinkurl.template.feature
arg: {"link":"https://www.nationaalgeoregister.nl/geonetwork/srv/eng/thesaurus.download?ref=external.theme.inspire-theme"}
checkxlinkurl.template.feature:15 - status code was: 500, expected: 200, response time: 316, url: https://www.nationaalgeoregister.nl/geonetwork/srv/eng/thesaurus.download?ref=external.theme.inspire-theme, response: 
04:24:23.621 [ForkJoinPool-1-worker-7] INFO  com.intuit.karate - [print] title:Luchtvaartinformatie
04:24:23.622 [ForkJoinPool-1-worker-7] INFO  com.intuit.karate - [print] Luchtvaartinformatie
04:24:23.623 [ForkJoinPool-1-worker-7] INFO  com.intuit.karate - [print] [
  "AIS@LVNL.NL",
  "AIS@LVNL.nl"
]

04:24:23.625 [ForkJoinPool-1-worker-7] INFO  com.intuit.karate - [print] organisation: [
  "Luchtverkeersleiding Nederland (LVNL)",
  "Luchtverkeersleiding Nederland (LVNL)"
]

04:24:23.628 [ForkJoinPool-1-worker-7] INFO  com.intuit.karate - [print] [
  "u",
  "r",
  "n",
  ":",
  "o",
  "g",
  "c",
  ":",
  "d",
  "e",
  "f",
  ":",
  "c",
  "r",
  "s",
  ":",
  "E",
  "P",
  "S",
  "G",
  ":",
  ":",
  "5",
  "6",
  "2",
  "1"
]

04:24:23.633 [ForkJoinPool-1-worker-3] ERROR com.intuit.karate - javax.net.ssl.SSLException: Connection reset, http call failed after 361 milliseconds for URL: https://data.rivm.nl/inspire/id#440c4a06-6924-4f9c-a9e2-6f61340f711b
04:24:23.633 [ForkJoinPool-1-worker-3] ERROR com.intuit.karate - http request failed: 
javax.net.ssl.SSLException: Connection reset
04:24:23.633 [ForkJoinPool-1-worker-3] ERROR com.intuit.karate - feature call (loop) failed at index: 0
caller: classpath:InspireTest/ngr/datasetrecords/def/checkxlinkurl.template.feature
arg: {"link":"https://data.rivm.nl/inspire/id#440c4a06-6924-4f9c-a9e2-6f61340f711b"}
checkxlinkurl.template.feature:14 - 
javax.net.ssl.SSLException: Connection reset
04:24:23.637 [ForkJoinPool-1-worker-7] INFO  com.intuit.karate - [print]
04:24:23.637 [ForkJoinPool-1-worker-7] INFO  com.intuit.karate - [print] testing xlinkurl:u
04:24:23.639 [ForkJoinPool-1-worker-7] ERROR com.intuit.karate - org.apache.http.client.ClientProtocolException, http call failed after 0 milliseconds for URL: u
04:24:23.640 [ForkJoinPool-1-worker-7] ERROR com.intuit.karate - http request failed: 
org.apache.http.client.ClientProtocolException
04:24:23.641 [ForkJoinPool-1-worker-7] ERROR com.intuit.karate - feature call (loop) failed at index: 0
caller: classpath:InspireTest/ngr/datasetrecords/def/checkxlinkurl.template.feature
arg: {"link":"u"}
checkxlinkurl.template.feature:14 - 
org.apache.http.client.ClientProtocolException
04:24:23.642 [ForkJoinPool-1-worker-7] INFO  com.intuit.karate - [print]
04:24:23.643 [ForkJoinPool-1-worker-7] INFO  com.intuit.karate - [print] testing xlinkurl:r
04:24:23.644 [ForkJoinPool-1-worker-7] ERROR com.intuit.karate - org.apache.http.client.ClientProtocolException, http call failed after 0 milliseconds for URL: r
04:24:23.644 [ForkJoinPool-1-worker-7] ERROR com.intuit.karate - http request failed: 
org.apache.http.client.ClientProtocolException
04:24:23.645 [ForkJoinPool-1-worker-7] ERROR com.intuit.karate - feature call (loop) failed at index: 1
caller: classpath:InspireTest/ngr/datasetrecords/def/checkxlinkurl.template.feature
arg: {"link":"r"}
checkxlinkurl.template.feature:14 - 
org.apache.http.client.ClientProtocolException
04:24:23.647 [ForkJoinPool-1-worker-7] INFO  com.intuit.karate - [print]
04:24:23.647 [ForkJoinPool-1-worker-7] INFO  com.intuit.karate - [print] testing xlinkurl:n
04:24:23.648 [ForkJoinPool-1-worker-7] ERROR com.intuit.karate - org.apache.http.client.ClientProtocolException, http call failed after 0 milliseconds for URL: n
04:24:23.649 [ForkJoinPool-1-worker-7] ERROR com.intuit.karate - http request failed: 
org.apache.http.client.ClientProtocolException
04:24:23.649 [ForkJoinPool-1-worker-7] ERROR com.intuit.karate - feature call (loop) failed at index: 2
caller: classpath:InspireTest/ngr/datasetrecords/def/checkxlinkurl.template.feature
arg: {"link":"n"}
checkxlinkurl.template.feature:14 - 
org.apache.http.client.ClientProtocolException
04:24:23.650 [ForkJoinPool-1-worker-7] INFO  com.intuit.karate - [print]
04:24:23.650 [ForkJoinPool-1-worker-7] INFO  com.intuit.karate - [print] testing xlinkurl::
04:24:23.650 [ForkJoinPool-1-worker-7] ERROR com.intuit.karate - http request failed: java.net.URISyntaxException: Expected scheme name at index 0: :
04:24:23.650 [ForkJoinPool-1-worker-7] ERROR com.intuit.karate - feature call (loop) failed at index: 3
caller: classpath:InspireTest/ngr/datasetrecords/def/checkxlinkurl.template.feature
arg: {"link":":"}
checkxlinkurl.template.feature:14 - java.net.URISyntaxException: Expected scheme name at index 0: :
04:24:23.651 [ForkJoinPool-1-worker-7] INFO  com.intuit.karate - [print]
04:24:23.651 [ForkJoinPool-1-worker-7] INFO  com.intuit.karate - [print] testing xlinkurl:o
04:24:23.651 [ForkJoinPool-1-worker-7] ERROR com.intuit.karate - org.apache.http.client.ClientProtocolException, http call failed after 0 milliseconds for URL: o
04:24:23.651 [ForkJoinPool-1-worker-7] ERROR com.intuit.karate - http request failed: 
org.apache.http.client.ClientProtocolException
04:24:23.651 [ForkJoinPool-1-worker-7] ERROR com.intuit.karate - feature call (loop) failed at index: 4
caller: classpath:InspireTest/ngr/datasetrecords/def/checkxlinkurl.template.feature
arg: {"link":"o"}
checkxlinkurl.template.feature:14 - 
org.apache.http.client.ClientProtocolException
04:24:23.652 [ForkJoinPool-1-worker-7] INFO  com.intuit.karate - [print]
04:24:23.652 [ForkJoinPool-1-worker-7] INFO  com.intuit.karate - [print] testing xlinkurl:g
04:24:23.652 [ForkJoinPool-1-worker-7] ERROR com.intuit.karate - org.apache.http.client.ClientProtocolException, http call failed after 0 milliseconds for URL: g
04:24:23.652 [ForkJoinPool-1-worker-7] ERROR com.intuit.karate - http request failed: 
org.apache.http.client.ClientProtocolException
04:24:23.652 [ForkJoinPool-1-worker-7] ERROR com.intuit.karate - feature call (loop) failed at index: 5
caller: classpath:InspireTest/ngr/datasetrecords/def/checkxlinkurl.template.feature
arg: {"link":"g"}
checkxlinkurl.template.feature:14 - 
org.apache.http.client.ClientProtocolException
04:24:23.653 [ForkJoinPool-1-worker-7] INFO  com.intuit.karate - [print]
04:24:23.653 [ForkJoinPool-1-worker-7] INFO  com.intuit.karate - [print] testing xlinkurl:c
04:24:23.653 [ForkJoinPool-1-worker-7] ERROR com.intuit.karate - org.apache.http.client.ClientProtocolException, http call failed after 0 milliseconds for URL: c
04:24:23.653 [ForkJoinPool-1-worker-7] ERROR com.intuit.karate - http request failed: 
org.apache.http.client.ClientProtocolException
04:24:23.653 [ForkJoinPool-1-worker-7] ERROR com.intuit.karate - feature call (loop) failed at index: 6
caller: classpath:InspireTest/ngr/datasetrecords/def/checkxlinkurl.template.feature
arg: {"link":"c"}
checkxlinkurl.template.feature:14 - 
org.apache.http.client.ClientProtocolException
04:24:23.654 [ForkJoinPool-1-worker-7] INFO  com.intuit.karate - [print]
04:24:23.661 [ForkJoinPool-1-worker-7] INFO  com.intuit.karate - [print] testing xlinkurl::
04:24:23.661 [ForkJoinPool-1-worker-7] ERROR com.intuit.karate - http request failed: java.net.URISyntaxException: Expected scheme name at index 0: :
04:24:23.661 [ForkJoinPool-1-worker-7] ERROR com.intuit.karate - feature call (loop) failed at index: 7
caller: classpath:InspireTest/ngr/datasetrecords/def/checkxlinkurl.template.feature
arg: {"link":":"}
checkxlinkurl.template.feature:14 - java.net.URISyntaxException: Expected scheme name at index 0: :
04:24:23.662 [ForkJoinPool-1-worker-7] INFO  com.intuit.karate - [print]
04:24:23.662 [ForkJoinPool-1-worker-7] INFO  com.intuit.karate - [print] testing xlinkurl:d
04:24:23.662 [ForkJoinPool-1-worker-7] ERROR com.intuit.karate - org.apache.http.client.ClientProtocolException, http call failed after 0 milliseconds for URL: d
04:24:23.662 [ForkJoinPool-1-worker-7] ERROR com.intuit.karate - http request failed: 
org.apache.http.client.ClientProtocolException
04:24:23.662 [ForkJoinPool-1-worker-7] ERROR com.intuit.karate - feature call (loop) failed at index: 8
caller: classpath:InspireTest/ngr/datasetrecords/def/checkxlinkurl.template.feature
arg: {"link":"d"}
checkxlinkurl.template.feature:14 - 
org.apache.http.client.ClientProtocolException
04:24:23.663 [ForkJoinPool-1-worker-7] INFO  com.intuit.karate - [print]
04:24:23.663 [ForkJoinPool-1-worker-7] INFO  com.intuit.karate - [print] testing xlinkurl:e
04:24:23.683 [ForkJoinPool-1-worker-7] ERROR com.intuit.karate - org.apache.http.client.ClientProtocolException, http call failed after 0 milliseconds for URL: e
04:24:23.683 [ForkJoinPool-1-worker-7] ERROR com.intuit.karate - http request failed: 
org.apache.http.client.ClientProtocolException
04:24:23.683 [ForkJoinPool-1-worker-7] ERROR com.intuit.karate - feature call (loop) failed at index: 9
caller: classpath:InspireTest/ngr/datasetrecords/def/checkxlinkurl.template.feature
arg: {"link":"e"}
checkxlinkurl.template.feature:14 - 
org.apache.http.client.ClientProtocolException
04:24:23.684 [ForkJoinPool-1-worker-7] INFO  com.intuit.karate - [print]
04:24:23.684 [ForkJoinPool-1-worker-7] INFO  com.intuit.karate - [print] testing xlinkurl:f
04:24:23.684 [ForkJoinPool-1-worker-7] ERROR com.intuit.karate - org.apache.http.client.ClientProtocolException, http call failed after 0 milliseconds for URL: f
04:24:23.684 [ForkJoinPool-1-worker-7] ERROR com.intuit.karate - http request failed: 
org.apache.http.client.ClientProtocolException
04:24:23.684 [ForkJoinPool-1-worker-7] ERROR com.intuit.karate - feature call (loop) failed at index: 10
caller: classpath:InspireTest/ngr/datasetrecords/def/checkxlinkurl.template.feature
arg: {"link":"f"}
checkxlinkurl.template.feature:14 - 
org.apache.http.client.ClientProtocolException
04:24:23.685 [ForkJoinPool-1-worker-7] INFO  com.intuit.karate - [print]
04:24:23.685 [ForkJoinPool-1-worker-7] INFO  com.intuit.karate - [print] testing xlinkurl::
04:24:23.685 [ForkJoinPool-1-worker-7] ERROR com.intuit.karate - http request failed: java.net.URISyntaxException: Expected scheme name at index 0: :
04:24:23.685 [ForkJoinPool-1-worker-7] ERROR com.intuit.karate - feature call (loop) failed at index: 11
caller: classpath:InspireTest/ngr/datasetrecords/def/checkxlinkurl.template.feature
arg: {"link":":"}
checkxlinkurl.template.feature:14 - java.net.URISyntaxException: Expected scheme name at index 0: :
04:24:23.686 [ForkJoinPool-1-worker-7] INFO  com.intuit.karate - [print]
04:24:23.686 [ForkJoinPool-1-worker-7] INFO  com.intuit.karate - [print] testing xlinkurl:c
04:24:23.686 [ForkJoinPool-1-worker-7] ERROR com.intuit.karate - org.apache.http.client.ClientProtocolException, http call failed after 0 milliseconds for URL: c
04:24:23.687 [ForkJoinPool-1-worker-7] ERROR com.intuit.karate - http request failed: 
org.apache.http.client.ClientProtocolException
04:24:23.687 [ForkJoinPool-1-worker-7] ERROR com.intuit.karate - feature call (loop) failed at index: 12
caller: classpath:InspireTest/ngr/datasetrecords/def/checkxlinkurl.template.feature
arg: {"link":"c"}
checkxlinkurl.template.feature:14 - 
org.apache.http.client.ClientProtocolException
04:24:23.687 [ForkJoinPool-1-worker-7] INFO  com.intuit.karate - [print]
04:24:23.687 [ForkJoinPool-1-worker-7] INFO  com.intuit.karate - [print] testing xlinkurl:r
04:24:23.688 [ForkJoinPool-1-worker-7] ERROR com.intuit.karate - org.apache.http.client.ClientProtocolException, http call failed after 0 milliseconds for URL: r
04:24:23.688 [ForkJoinPool-1-worker-7] ERROR com.intuit.karate - http request failed: 
org.apache.http.client.ClientProtocolException
04:24:23.688 [ForkJoinPool-1-worker-7] ERROR com.intuit.karate - feature call (loop) failed at index: 13
caller: classpath:InspireTest/ngr/datasetrecords/def/checkxlinkurl.template.feature
arg: {"link":"r"}
checkxlinkurl.template.feature:14 - 
org.apache.http.client.ClientProtocolException
04:24:23.688 [ForkJoinPool-1-worker-7] INFO  com.intuit.karate - [print]
04:24:23.688 [ForkJoinPool-1-worker-7] INFO  com.intuit.karate - [print] testing xlinkurl:s
04:24:23.705 [ForkJoinPool-1-worker-7] ERROR com.intuit.karate - org.apache.http.client.ClientProtocolException, http call failed after 0 milliseconds for URL: s
04:24:23.705 [ForkJoinPool-1-worker-7] ERROR com.intuit.karate - http request failed: 
org.apache.http.client.ClientProtocolException
04:24:23.706 [ForkJoinPool-1-worker-7] ERROR com.intuit.karate - feature call (loop) failed at index: 14
caller: classpath:InspireTest/ngr/datasetrecords/def/checkxlinkurl.template.feature
arg: {"link":"s"}
checkxlinkurl.template.feature:14 - 
org.apache.http.client.ClientProtocolException
04:24:23.714 [ForkJoinPool-1-worker-7] INFO  com.intuit.karate - [print]
04:24:23.714 [ForkJoinPool-1-worker-7] INFO  com.intuit.karate - [print] testing xlinkurl::
04:24:23.714 [ForkJoinPool-1-worker-7] ERROR com.intuit.karate - http request failed: java.net.URISyntaxException: Expected scheme name at index 0: :
04:24:23.715 [ForkJoinPool-1-worker-7] ERROR com.intuit.karate - feature call (loop) failed at index: 15
caller: classpath:InspireTest/ngr/datasetrecords/def/checkxlinkurl.template.feature
arg: {"link":":"}
checkxlinkurl.template.feature:14 - java.net.URISyntaxException: Expected scheme name at index 0: :
04:24:23.716 [ForkJoinPool-1-worker-7] INFO  com.intuit.karate - [print]
04:24:23.716 [ForkJoinPool-1-worker-7] INFO  com.intuit.karate - [print] testing xlinkurl:E
04:24:23.717 [ForkJoinPool-1-worker-7] ERROR com.intuit.karate - org.apache.http.client.ClientProtocolException, http call failed after 0 milliseconds for URL: E
04:24:23.717 [ForkJoinPool-1-worker-7] ERROR com.intuit.karate - http request failed: 
org.apache.http.client.ClientProtocolException
04:24:23.717 [ForkJoinPool-1-worker-7] ERROR com.intuit.karate - feature call (loop) failed at index: 16
caller: classpath:InspireTest/ngr/datasetrecords/def/checkxlinkurl.template.feature
arg: {"link":"E"}
checkxlinkurl.template.feature:14 - 
org.apache.http.client.ClientProtocolException
04:24:23.719 [ForkJoinPool-1-worker-7] INFO  com.intuit.karate - [print]
04:24:23.719 [ForkJoinPool-1-worker-7] INFO  com.intuit.karate - [print] testing xlinkurl:P
04:24:23.719 [ForkJoinPool-1-worker-7] ERROR com.intuit.karate - org.apache.http.client.ClientProtocolException, http call failed after 0 milliseconds for URL: P
04:24:23.720 [ForkJoinPool-1-worker-7] ERROR com.intuit.karate - http request failed: 
org.apache.http.client.ClientProtocolException
04:24:23.720 [ForkJoinPool-1-worker-7] ERROR com.intuit.karate - feature call (loop) failed at index: 17
caller: classpath:InspireTest/ngr/datasetrecords/def/checkxlinkurl.template.feature
arg: {"link":"P"}
checkxlinkurl.template.feature:14 - 
org.apache.http.client.ClientProtocolException
04:24:23.721 [ForkJoinPool-1-worker-7] INFO  com.intuit.karate - [print]
04:24:23.722 [ForkJoinPool-1-worker-7] INFO  com.intuit.karate - [print] testing xlinkurl:S
04:24:23.722 [ForkJoinPool-1-worker-7] ERROR com.intuit.karate - org.apache.http.client.ClientProtocolException, http call failed after 0 milliseconds for URL: S
04:24:23.723 [ForkJoinPool-1-worker-7] ERROR com.intuit.karate - http request failed: 
org.apache.http.client.ClientProtocolException
04:24:23.723 [ForkJoinPool-1-worker-7] ERROR com.intuit.karate - feature call (loop) failed at index: 18
caller: classpath:InspireTest/ngr/datasetrecords/def/checkxlinkurl.template.feature
arg: {"link":"S"}
checkxlinkurl.template.feature:14 - 
org.apache.http.client.ClientProtocolException
04:24:23.724 [ForkJoinPool-1-worker-7] INFO  com.intuit.karate - [print]
04:24:23.725 [ForkJoinPool-1-worker-7] INFO  com.intuit.karate - [print] testing xlinkurl:G
04:24:23.730 [ForkJoinPool-1-worker-5] INFO  com.intuit.karate - [print] title:Gemeten Ozon concentraties in buitenlucht.
04:24:23.731 [ForkJoinPool-1-worker-5] INFO  com.intuit.karate - [print] Gemeten Ozon concentraties in buitenlucht.
04:24:23.732 [ForkJoinPool-1-worker-7] ERROR com.intuit.karate - org.apache.http.client.ClientProtocolException, http call failed after 0 milliseconds for URL: G
04:24:23.733 [ForkJoinPool-1-worker-7] ERROR com.intuit.karate - http request failed: 
org.apache.http.client.ClientProtocolException
04:24:23.733 [ForkJoinPool-1-worker-7] ERROR com.intuit.karate - feature call (loop) failed at index: 19
caller: classpath:InspireTest/ngr/datasetrecords/def/checkxlinkurl.template.feature
arg: {"link":"G"}
checkxlinkurl.template.feature:14 - 
org.apache.http.client.ClientProtocolException
04:24:23.735 [ForkJoinPool-1-worker-5] INFO  com.intuit.karate - [print] [
  "geodata@rivm.nl",
  "geodata@rivm.nl"
]

04:24:23.735 [ForkJoinPool-1-worker-7] INFO  com.intuit.karate - [print]
04:24:23.736 [ForkJoinPool-1-worker-7] INFO  com.intuit.karate - [print] testing xlinkurl::
04:24:23.736 [ForkJoinPool-1-worker-7] ERROR com.intuit.karate - http request failed: java.net.URISyntaxException: Expected scheme name at index 0: :
04:24:23.737 [ForkJoinPool-1-worker-7] ERROR com.intuit.karate - feature call (loop) failed at index: 20
caller: classpath:InspireTest/ngr/datasetrecords/def/checkxlinkurl.template.feature
arg: {"link":":"}
checkxlinkurl.template.feature:14 - java.net.URISyntaxException: Expected scheme name at index 0: :
04:24:23.738 [ForkJoinPool-1-worker-7] INFO  com.intuit.karate - [print]
04:24:23.741 [ForkJoinPool-1-worker-7] INFO  com.intuit.karate - [print] testing xlinkurl::
04:24:23.742 [ForkJoinPool-1-worker-7] ERROR com.intuit.karate - http request failed: java.net.URISyntaxException: Expected scheme name at index 0: :
04:24:23.743 [ForkJoinPool-1-worker-7] ERROR com.intuit.karate - feature call (loop) failed at index: 21
caller: classpath:InspireTest/ngr/datasetrecords/def/checkxlinkurl.template.feature
arg: {"link":":"}
checkxlinkurl.template.feature:14 - java.net.URISyntaxException: Expected scheme name at index 0: :
04:24:23.744 [ForkJoinPool-1-worker-7] INFO  com.intuit.karate - [print]
04:24:23.744 [ForkJoinPool-1-worker-7] INFO  com.intuit.karate - [print] testing xlinkurl:5
04:24:23.745 [ForkJoinPool-1-worker-7] ERROR com.intuit.karate - org.apache.http.client.ClientProtocolException, http call failed after 0 milliseconds for URL: 5
04:24:23.745 [ForkJoinPool-1-worker-7] ERROR com.intuit.karate - http request failed: 
org.apache.http.client.ClientProtocolException
04:24:23.746 [ForkJoinPool-1-worker-7] ERROR com.intuit.karate - feature call (loop) failed at index: 22
caller: classpath:InspireTest/ngr/datasetrecords/def/checkxlinkurl.template.feature
arg: {"link":"5"}
checkxlinkurl.template.feature:14 - 
org.apache.http.client.ClientProtocolException
04:24:23.747 [ForkJoinPool-1-worker-7] INFO  com.intuit.karate - [print]
04:24:23.748 [ForkJoinPool-1-worker-7] INFO  com.intuit.karate - [print] testing xlinkurl:6
04:24:23.748 [ForkJoinPool-1-worker-7] ERROR com.intuit.karate - org.apache.http.client.ClientProtocolException, http call failed after 0 milliseconds for URL: 6
04:24:23.749 [ForkJoinPool-1-worker-5] INFO  com.intuit.karate - [print] organisation: no organisationName found in dataset record
04:24:23.753 [ForkJoinPool-1-worker-7] ERROR com.intuit.karate - http request failed: 
org.apache.http.client.ClientProtocolException
04:24:23.753 [ForkJoinPool-1-worker-7] ERROR com.intuit.karate - feature call (loop) failed at index: 23
caller: classpath:InspireTest/ngr/datasetrecords/def/checkxlinkurl.template.feature
arg: {"link":"6"}
checkxlinkurl.template.feature:14 - 
org.apache.http.client.ClientProtocolException
04:24:23.754 [ForkJoinPool-1-worker-5] INFO  com.intuit.karate - [print] [
  "https://data.rivm.nl/inspire/id#fd9c4f87-026e-4681-8d94-9702f3c83078"
]

04:24:23.755 [ForkJoinPool-1-worker-7] INFO  com.intuit.karate - [print]
04:24:23.758 [ForkJoinPool-1-worker-7] INFO  com.intuit.karate - [print] testing xlinkurl:2
04:24:23.758 [ForkJoinPool-1-worker-7] ERROR com.intuit.karate - org.apache.http.client.ClientProtocolException, http call failed after 0 milliseconds for URL: 2
04:24:23.759 [ForkJoinPool-1-worker-7] ERROR com.intuit.karate - http request failed: 
org.apache.http.client.ClientProtocolException
04:24:23.759 [ForkJoinPool-1-worker-7] ERROR com.intuit.karate - feature call (loop) failed at index: 24
caller: classpath:InspireTest/ngr/datasetrecords/def/checkxlinkurl.template.feature
arg: {"link":"2"}
checkxlinkurl.template.feature:14 - 
org.apache.http.client.ClientProtocolException
04:24:23.761 [ForkJoinPool-1-worker-7] INFO  com.intuit.karate - [print]
04:24:23.761 [ForkJoinPool-1-worker-7] INFO  com.intuit.karate - [print] testing xlinkurl:1
04:24:23.761 [ForkJoinPool-1-worker-7] ERROR com.intuit.karate - org.apache.http.client.ClientProtocolException, http call failed after 0 milliseconds for URL: 1
04:24:23.762 [ForkJoinPool-1-worker-7] ERROR com.intuit.karate - http request failed: 
org.apache.http.client.ClientProtocolException
04:24:23.762 [ForkJoinPool-1-worker-7] ERROR com.intuit.karate - feature call (loop) failed at index: 25
caller: classpath:InspireTest/ngr/datasetrecords/def/checkxlinkurl.template.feature
arg: {"link":"1"}
checkxlinkurl.template.feature:14 - 
org.apache.http.client.ClientProtocolException
04:24:23.765 [ForkJoinPool-1-worker-5] INFO  com.intuit.karate - [print]
04:24:23.766 [ForkJoinPool-1-worker-5] INFO  com.intuit.karate - [print] testing xlinkurl:https://data.rivm.nl/inspire/id#fd9c4f87-026e-4681-8d94-9702f3c83078
04:24:23.960 [ForkJoinPool-1-worker-9] ERROR com.intuit.karate - javax.net.ssl.SSLException: Connection reset, http call failed after 369 milliseconds for URL: https://data.rivm.nl/inspire/id#b867ba72-5a7c-41fe-b997-394b56dfbd25
04:24:23.960 [ForkJoinPool-1-worker-9] ERROR com.intuit.karate - http request failed: 
javax.net.ssl.SSLException: Connection reset
04:24:23.960 [ForkJoinPool-1-worker-9] ERROR com.intuit.karate - feature call (loop) failed at index: 0
caller: classpath:InspireTest/ngr/datasetrecords/def/checkxlinkurl.template.feature
arg: {"link":"https://data.rivm.nl/inspire/id#b867ba72-5a7c-41fe-b997-394b56dfbd25"}
checkxlinkurl.template.feature:14 - 
javax.net.ssl.SSLException: Connection reset
04:24:24.044 [ForkJoinPool-1-worker-11] INFO  com.intuit.karate - [print] title:Gemeten Ammoniak concentraties in buitenlucht.
04:24:24.046 [ForkJoinPool-1-worker-11] INFO  com.intuit.karate - [print] Gemeten Ammoniak concentraties in buitenlucht.
04:24:24.047 [ForkJoinPool-1-worker-11] INFO  com.intuit.karate - [print] [
  "geodata@rivm.nl",
  "geodata@rivm.nl"
]

04:24:24.049 [ForkJoinPool-1-worker-11] INFO  com.intuit.karate - [print] organisation: no organisationName found in dataset record
04:24:24.055 [ForkJoinPool-1-worker-11] INFO  com.intuit.karate - [print] [
  "https://data.rivm.nl/inspire/id#4504a4b2-3179-44b3-a5a9-b67b693c514d"
]

04:24:24.072 [ForkJoinPool-1-worker-11] INFO  com.intuit.karate - [print]
04:24:24.073 [ForkJoinPool-1-worker-11] INFO  com.intuit.karate - [print] testing xlinkurl:https://data.rivm.nl/inspire/id#4504a4b2-3179-44b3-a5a9-b67b693c514d
04:24:24.125 [ForkJoinPool-1-worker-5] ERROR com.intuit.karate - javax.net.ssl.SSLException: Connection reset, http call failed after 359 milliseconds for URL: https://data.rivm.nl/inspire/id#fd9c4f87-026e-4681-8d94-9702f3c83078
04:24:24.125 [ForkJoinPool-1-worker-5] ERROR com.intuit.karate - http request failed: 
javax.net.ssl.SSLException: Connection reset
04:24:24.125 [ForkJoinPool-1-worker-5] ERROR com.intuit.karate - feature call (loop) failed at index: 0
caller: classpath:InspireTest/ngr/datasetrecords/def/checkxlinkurl.template.feature
arg: {"link":"https://data.rivm.nl/inspire/id#fd9c4f87-026e-4681-8d94-9702f3c83078"}
checkxlinkurl.template.feature:14 - 
javax.net.ssl.SSLException: Connection reset
04:24:24.210 [ForkJoinPool-1-worker-13] INFO  com.intuit.karate - [print] title:RDinfo
04:24:24.211 [ForkJoinPool-1-worker-13] INFO  com.intuit.karate - [print] RDinfo
04:24:24.213 [ForkJoinPool-1-worker-13] INFO  com.intuit.karate - [print] [
  "PPB-GVA@kadaster.nl",
  "kcc@kadaster.nl",
  "rd@kadaster.nl"
]

04:24:24.214 [ForkJoinPool-1-worker-13] INFO  com.intuit.karate - [print] organisation: [
  "Kadaster",
  "Dienst van Het Kadaster en Openbare Registers",
  "Dienst voor het Kadaster en de Openbare Registers"
]

04:24:24.217 [ForkJoinPool-1-worker-13] INFO  com.intuit.karate - [print] [
  "http://kadaster/06b6c650-cdb1-11dd-ad8b-0800200c9a81"
]

04:24:24.222 [ForkJoinPool-1-worker-13] INFO  com.intuit.karate - [print]
04:24:24.223 [ForkJoinPool-1-worker-13] INFO  com.intuit.karate - [print] testing xlinkurl:http://kadaster/06b6c650-cdb1-11dd-ad8b-0800200c9a81
04:24:24.224 [ForkJoinPool-1-worker-13] ERROR com.intuit.karate - java.net.UnknownHostException: kadaster, http call failed after 0 milliseconds for URL: http://kadaster/06b6c650-cdb1-11dd-ad8b-0800200c9a81
04:24:24.224 [ForkJoinPool-1-worker-13] ERROR com.intuit.karate - http request failed: 
java.net.UnknownHostException: kadaster
04:24:24.225 [ForkJoinPool-1-worker-13] ERROR com.intuit.karate - feature call (loop) failed at index: 0
caller: classpath:InspireTest/ngr/datasetrecords/def/checkxlinkurl.template.feature
arg: {"link":"http://kadaster/06b6c650-cdb1-11dd-ad8b-0800200c9a81"}
checkxlinkurl.template.feature:14 - 
java.net.UnknownHostException: kadaster
04:24:24.292 [ForkJoinPool-1-worker-7] INFO  com.intuit.karate - [print] title:Bodemkundig boormonsterprofiel onder INSPIRE
04:24:24.292 [ForkJoinPool-1-worker-7] INFO  com.intuit.karate - [print] Bodemkundig boormonsterprofiel onder INSPIRE
04:24:24.293 [ForkJoinPool-1-worker-7] INFO  com.intuit.karate - [print] [
  "info@dinoloket.nl",
  "geodesk.cgi@wur.nl",
  "info@dinoloket.nl"
]

04:24:24.294 [ForkJoinPool-1-worker-7] INFO  com.intuit.karate - [print] organisation: [
  "TNO Geologische Dienst Nederland",
  "Alterra, Wageningen UR",
  "TNO Geologische Dienst Nederland"
]

04:24:24.296 [ForkJoinPool-1-worker-7] INFO  com.intuit.karate - [print] [
  "https://nationaalgeoregister.nl/geonetwork/srv/resourcese26eb6c9-c441-43e8-8db6-aabbf11578fd",
  "http://rdfdata.eionet.europa.eu/inspirethemes/themes/16",
  "http://geonetwork-opensource.org/inspire-theme#",
  "https://www.nationaalgeoregister.nl/geonetwork/srv/eng/thesaurus.download?ref=external.theme.inspire-theme"
]

04:24:24.299 [ForkJoinPool-1-worker-3] INFO  com.intuit.karate - [print] title:Luchtfoto 2019 25cm RGB open data
04:24:24.299 [ForkJoinPool-1-worker-3] INFO  com.intuit.karate - [print] Luchtfoto 2019 25cm RGB open data
04:24:24.300 [ForkJoinPool-1-worker-3] INFO  com.intuit.karate - [print] [
  "PPB-GVA@kadaster.nl",
  "info@hetwaterschapshuis.nl",
  "kcc@kadaster.nl",
  "",
  "",
  "",
  "",
  "",
  ""
]

04:24:24.302 [ForkJoinPool-1-worker-3] INFO  com.intuit.karate - [print] organisation: [
  "Kadaster",
  "Het Waterschapshuis",
  "Kadaster",
  "Geocart",
  "Geocart",
  "Geocart",
  "Kadaster",
  "Kadaster"
]

04:24:24.304 [ForkJoinPool-1-worker-3] INFO  com.intuit.karate - [print] [
  "http://kadaster/2482250f-3b00-4439-9f93-f3118229b023",
  "",
  "",
  ""
]

04:24:24.314 [ForkJoinPool-1-worker-3] INFO  com.intuit.karate - [print]
04:24:24.305 [ForkJoinPool-1-worker-7] INFO  com.intuit.karate - [print]
04:24:24.316 [ForkJoinPool-1-worker-7] INFO  com.intuit.karate - [print] testing xlinkurl:https://nationaalgeoregister.nl/geonetwork/srv/resourcese26eb6c9-c441-43e8-8db6-aabbf11578fd
04:24:24.317 [ForkJoinPool-1-worker-3] INFO  com.intuit.karate - [print] testing xlinkurl:http://kadaster/2482250f-3b00-4439-9f93-f3118229b023
04:24:24.318 [ForkJoinPool-1-worker-3] ERROR com.intuit.karate - java.net.UnknownHostException: kadaster, http call failed after 0 milliseconds for URL: http://kadaster/2482250f-3b00-4439-9f93-f3118229b023
04:24:24.319 [ForkJoinPool-1-worker-3] ERROR com.intuit.karate - http request failed: 
java.net.UnknownHostException: kadaster
04:24:24.320 [ForkJoinPool-1-worker-3] ERROR com.intuit.karate - feature call (loop) failed at index: 0
caller: classpath:InspireTest/ngr/datasetrecords/def/checkxlinkurl.template.feature
arg: {"link":"http://kadaster/2482250f-3b00-4439-9f93-f3118229b023"}
checkxlinkurl.template.feature:14 - 
java.net.UnknownHostException: kadaster
04:24:24.323 [ForkJoinPool-1-worker-3] INFO  com.intuit.karate - [print]
04:24:24.324 [ForkJoinPool-1-worker-3] INFO  com.intuit.karate - [print] testing xlinkurl:
04:24:24.324 [ForkJoinPool-1-worker-3] ERROR com.intuit.karate - org.apache.http.client.ClientProtocolException, http call failed after 0 milliseconds for URL: 
04:24:24.325 [ForkJoinPool-1-worker-3] ERROR com.intuit.karate - http request failed: 
org.apache.http.client.ClientProtocolException
04:24:24.326 [ForkJoinPool-1-worker-3] ERROR com.intuit.karate - feature call (loop) failed at index: 1
caller: classpath:InspireTest/ngr/datasetrecords/def/checkxlinkurl.template.feature
arg: {"link":""}
checkxlinkurl.template.feature:14 - 
org.apache.http.client.ClientProtocolException
04:24:24.328 [ForkJoinPool-1-worker-3] INFO  com.intuit.karate - [print]
04:24:24.328 [ForkJoinPool-1-worker-3] INFO  com.intuit.karate - [print] testing xlinkurl:
04:24:24.329 [ForkJoinPool-1-worker-3] ERROR com.intuit.karate - org.apache.http.client.ClientProtocolException, http call failed after 0 milliseconds for URL: 
04:24:24.330 [ForkJoinPool-1-worker-3] ERROR com.intuit.karate - http request failed: 
org.apache.http.client.ClientProtocolException
04:24:24.330 [ForkJoinPool-1-worker-3] ERROR com.intuit.karate - feature call (loop) failed at index: 2
caller: classpath:InspireTest/ngr/datasetrecords/def/checkxlinkurl.template.feature
arg: {"link":""}
checkxlinkurl.template.feature:14 - 
org.apache.http.client.ClientProtocolException
04:24:24.332 [ForkJoinPool-1-worker-3] INFO  com.intuit.karate - [print]
04:24:24.333 [ForkJoinPool-1-worker-3] INFO  com.intuit.karate - [print] testing xlinkurl:
04:24:24.334 [ForkJoinPool-1-worker-3] ERROR com.intuit.karate - org.apache.http.client.ClientProtocolException, http call failed after 0 milliseconds for URL: 
04:24:24.334 [ForkJoinPool-1-worker-3] ERROR com.intuit.karate - http request failed: 
org.apache.http.client.ClientProtocolException
04:24:24.335 [ForkJoinPool-1-worker-3] ERROR com.intuit.karate - feature call (loop) failed at index: 3
caller: classpath:InspireTest/ngr/datasetrecords/def/checkxlinkurl.template.feature
arg: {"link":""}
checkxlinkurl.template.feature:14 - 
org.apache.http.client.ClientProtocolException
04:24:24.434 [ForkJoinPool-1-worker-11] ERROR com.intuit.karate - javax.net.ssl.SSLException: Connection reset, http call failed after 360 milliseconds for URL: https://data.rivm.nl/inspire/id#4504a4b2-3179-44b3-a5a9-b67b693c514d
04:24:24.434 [ForkJoinPool-1-worker-11] ERROR com.intuit.karate - http request failed: 
javax.net.ssl.SSLException: Connection reset
04:24:24.434 [ForkJoinPool-1-worker-11] ERROR com.intuit.karate - feature call (loop) failed at index: 0
caller: classpath:InspireTest/ngr/datasetrecords/def/checkxlinkurl.template.feature
arg: {"link":"https://data.rivm.nl/inspire/id#4504a4b2-3179-44b3-a5a9-b67b693c514d"}
checkxlinkurl.template.feature:14 - 
javax.net.ssl.SSLException: Connection reset
04:24:24.516 [ForkJoinPool-1-worker-9] INFO  com.intuit.karate - [print] title:Bathymetrie Nederlands deel van de Noordzee dieper dan 10 m LAT
04:24:24.516 [ForkJoinPool-1-worker-9] INFO  com.intuit.karate - [print] Bathymetrie Nederlands deel van de Noordzee dieper dan 10 m LAT
04:24:24.517 [ForkJoinPool-1-worker-9] INFO  com.intuit.karate - [print] [
  "data@hydro.nl",
  "data@hydro.nl",
  "data@hydro.nl",
  "",
  ""
]

04:24:24.518 [ForkJoinPool-1-worker-9] INFO  com.intuit.karate - [print] organisation: [
  "Ministerie van Defensie, Koninklijke Marine, Dienst der Hydrografie",
  "Ministerie van Defensie, Koninklijke Marine, Dienst der Hydrografie"
]

04:24:24.520 [ForkJoinPool-1-worker-9] INFO  com.intuit.karate - [print] [
  "https://ngr.acceptatie.nationaalgeoregister.nl/geonetwork/srv/resources9d973c4a-ef03-4785-b7f6-942e86b385f7",
  "www.hydro.nl",
  "https://www.nationaalgeoregister.nl/geonetwork/srv/eng/thesaurus.download?ref=external.theme.inspire-theme"
]

04:24:24.525 [ForkJoinPool-1-worker-9] INFO  com.intuit.karate - [print]
04:24:24.526 [ForkJoinPool-1-worker-9] INFO  com.intuit.karate - [print] testing xlinkurl:https://ngr.acceptatie.nationaalgeoregister.nl/geonetwork/srv/resources9d973c4a-ef03-4785-b7f6-942e86b385f7
04:24:24.599 [ForkJoinPool-1-worker-7] ERROR com.intuit.karate - status code was: 404, expected: 200, response time: 282, url: https://nationaalgeoregister.nl/geonetwork/srv/resourcese26eb6c9-c441-43e8-8db6-aabbf11578fd, response: 
04:24:24.600 [ForkJoinPool-1-worker-7] ERROR com.intuit.karate - feature call (loop) failed at index: 0
caller: classpath:InspireTest/ngr/datasetrecords/def/checkxlinkurl.template.feature
arg: {"link":"https://nationaalgeoregister.nl/geonetwork/srv/resourcese26eb6c9-c441-43e8-8db6-aabbf11578fd"}
checkxlinkurl.template.feature:15 - status code was: 404, expected: 200, response time: 282, url: https://nationaalgeoregister.nl/geonetwork/srv/resourcese26eb6c9-c441-43e8-8db6-aabbf11578fd, response: 
04:24:24.601 [ForkJoinPool-1-worker-7] INFO  com.intuit.karate - [print]
04:24:24.601 [ForkJoinPool-1-worker-7] INFO  com.intuit.karate - [print] testing xlinkurl:http://rdfdata.eionet.europa.eu/inspirethemes/themes/16
04:24:24.709 [ForkJoinPool-1-worker-5] INFO  com.intuit.karate - [print] title:INSPIRE geharmoniseerde Beschermde Gebieden - Cultuur Historie
04:24:24.709 [ForkJoinPool-1-worker-5] INFO  com.intuit.karate - [print] INSPIRE geharmoniseerde Beschermde Gebieden - Cultuur Historie
04:24:24.710 [ForkJoinPool-1-worker-5] INFO  com.intuit.karate - [print] [
  "info@cultureelerfgoed.nl",
  "info@cultureelerfgoed.nl",
  "info@cultureelerfgoed.nl"
]

04:24:24.711 [ForkJoinPool-1-worker-5] INFO  com.intuit.karate - [print] organisation: [
  "Rijksdienst voor het Cultureel Erfgoed",
  "Rijksdienst voor het Cultureel Erfgoed",
  "Rijksdienst voor het Cultureel Erfgoed"
]

04:24:24.717 [ForkJoinPool-1-worker-5] INFO  com.intuit.karate - [print] [
  "https://monumentenregister.cultureelerfgoed.nl/sites/default/files/MRS/mrs-inspire.zip"
]

04:24:24.722 [ForkJoinPool-1-worker-5] INFO  com.intuit.karate - [print]
04:24:24.725 [ForkJoinPool-1-worker-5] INFO  com.intuit.karate - [print] testing xlinkurl:https://monumentenregister.cultureelerfgoed.nl/sites/default/files/MRS/mrs-inspire.zip
04:24:24.790 [ForkJoinPool-1-worker-13] INFO  com.intuit.karate - [print] title:Nederlands deel PSSA Waddenzee
04:24:24.791 [ForkJoinPool-1-worker-13] INFO  com.intuit.karate - [print] Nederlands deel PSSA Waddenzee
04:24:24.792 [ForkJoinPool-1-worker-13] INFO  com.intuit.karate - [print] [
  "data@hydro.nl",
  "data@hydro.nl",
  "data@hydro.nl",
  "",
  ""
]

04:24:24.794 [ForkJoinPool-1-worker-13] INFO  com.intuit.karate - [print] organisation: [
  "Ministerie van Defensie, Koninklijke Marine, Dienst der Hydrografie",
  "Ministerie van Defensie, Koninklijke Marine, Dienst der Hydrografie",
  "Ministerie van Defensie, Koninklijke Marine, Dienst der Hydrografie"
]

04:24:24.796 [ForkJoinPool-1-worker-13] INFO  com.intuit.karate - [print] [
  "http://www.opengis.net/def/crs/EPSG/0/https://www.opengis.net/def/crs/EPSG/0/4258",
  "https://www.nationaalgeoregister.nl/geonetwork/srv/api/recordsf1d27179-36eb-4376-8048-f51d2eb23a09"
]

04:24:24.804 [ForkJoinPool-1-worker-13] INFO  com.intuit.karate - [print]
04:24:24.805 [ForkJoinPool-1-worker-13] INFO  com.intuit.karate - [print] testing xlinkurl:http://www.opengis.net/def/crs/EPSG/0/https://www.opengis.net/def/crs/EPSG/0/4258
04:24:24.810 [ForkJoinPool-1-worker-9] ERROR com.intuit.karate - status code was: 404, expected: 200, response time: 283, url: https://ngr.acceptatie.nationaalgeoregister.nl/geonetwork/srv/resources9d973c4a-ef03-4785-b7f6-942e86b385f7, response: 
04:24:24.810 [ForkJoinPool-1-worker-9] ERROR com.intuit.karate - feature call (loop) failed at index: 0
caller: classpath:InspireTest/ngr/datasetrecords/def/checkxlinkurl.template.feature
arg: {"link":"https://ngr.acceptatie.nationaalgeoregister.nl/geonetwork/srv/resources9d973c4a-ef03-4785-b7f6-942e86b385f7"}
checkxlinkurl.template.feature:15 - status code was: 404, expected: 200, response time: 283, url: https://ngr.acceptatie.nationaalgeoregister.nl/geonetwork/srv/resources9d973c4a-ef03-4785-b7f6-942e86b385f7, response: 
04:24:24.813 [ForkJoinPool-1-worker-9] INFO  com.intuit.karate - [print]
04:24:24.813 [ForkJoinPool-1-worker-9] INFO  com.intuit.karate - [print] testing xlinkurl:www.hydro.nl
04:24:24.813 [ForkJoinPool-1-worker-9] ERROR com.intuit.karate - org.apache.http.client.ClientProtocolException, http call failed after 0 milliseconds for URL: www.hydro.nl
04:24:24.814 [ForkJoinPool-1-worker-9] ERROR com.intuit.karate - http request failed: 
org.apache.http.client.ClientProtocolException
04:24:24.814 [ForkJoinPool-1-worker-9] ERROR com.intuit.karate - feature call (loop) failed at index: 1
caller: classpath:InspireTest/ngr/datasetrecords/def/checkxlinkurl.template.feature
arg: {"link":"www.hydro.nl"}
checkxlinkurl.template.feature:14 - 
org.apache.http.client.ClientProtocolException
04:24:24.814 [ForkJoinPool-1-worker-9] INFO  com.intuit.karate - [print]
04:24:24.814 [ForkJoinPool-1-worker-9] INFO  com.intuit.karate - [print] testing xlinkurl:https://www.nationaalgeoregister.nl/geonetwork/srv/eng/thesaurus.download?ref=external.theme.inspire-theme
04:24:24.828 [ForkJoinPool-1-worker-7] ERROR com.intuit.karate - status code was: 404, expected: 200, response time: 225, url: http://rdfdata.eionet.europa.eu/inspirethemes/themes/16, response: 
04:24:24.828 [ForkJoinPool-1-worker-7] ERROR com.intuit.karate - feature call (loop) failed at index: 1
caller: classpath:InspireTest/ngr/datasetrecords/def/checkxlinkurl.template.feature
arg: {"link":"http://rdfdata.eionet.europa.eu/inspirethemes/themes/16"}
checkxlinkurl.template.feature:15 - status code was: 404, expected: 200, response time: 225, url: http://rdfdata.eionet.europa.eu/inspirethemes/themes/16, response: 
04:24:24.829 [ForkJoinPool-1-worker-7] INFO  com.intuit.karate - [print]
04:24:24.829 [ForkJoinPool-1-worker-7] INFO  com.intuit.karate - [print] testing xlinkurl:http://geonetwork-opensource.org/inspire-theme#
04:24:24.885 [ForkJoinPool-1-worker-3] INFO  com.intuit.karate - [print] title:Landbouwbedrijven
04:24:24.887 [ForkJoinPool-1-worker-3] INFO  com.intuit.karate - [print] Landbouwbedrijven
04:24:24.889 [ForkJoinPool-1-worker-3] INFO  com.intuit.karate - [print] [
  "geodatabeheer.giscc@rvo.nl",
  "gegevensvragenASB@rvo.nl",
  "gegevensvragenASB@rvo.nl"
]

04:24:24.890 [ForkJoinPool-1-worker-3] INFO  com.intuit.karate - [print] organisation: no organisationName found in dataset record
04:24:24.892 [ForkJoinPool-1-worker-3] INFO  com.intuit.karate - [print] [
  "https://www.nationaalgeoregister.nl/geonetwork/srv/dut/catalog.search#/metadata/0d6ccccc-7cfb-4eaa-8dc5-8b433d19b121",
  "http://standaarden.overheid.nl/owms/terms/Ministerie_van_Landbouw,_Natuur_en_Voedselkwaliteit",
  "http://geogedeeld.geonovum.nl/",
  "http://standaarden.overheid.nl/owms/terms/Ministerie_van_Landbouw,_Natuur_en_Voedselkwaliteit"
]

04:24:24.896 [ForkJoinPool-1-worker-3] INFO  com.intuit.karate - [print]
04:24:24.897 [ForkJoinPool-1-worker-3] INFO  com.intuit.karate - [print] testing xlinkurl:https://www.nationaalgeoregister.nl/geonetwork/srv/dut/catalog.search#/metadata/0d6ccccc-7cfb-4eaa-8dc5-8b433d19b121
04:24:25.025 [ForkJoinPool-1-worker-11] INFO  com.intuit.karate - [print] title:Geluidbelasting rijkswegen in Nederland 2011 (nacht gemiddelde)
04:24:25.025 [ForkJoinPool-1-worker-11] INFO  com.intuit.karate - [print] Geluidbelasting rijkswegen in Nederland 2011 (nacht gemiddelde)
04:24:25.026 [ForkJoinPool-1-worker-11] INFO  com.intuit.karate - [print] [
  "servicedesk-data@rijkswaterstaat.nl",
  "servicedesk-data@rijkswaterstaat.nl",
  "",
  "servicedesk-data@rijkswaterstaat.nl",
  "servicedesk-data@rijkswaterstaat.nl"
]

04:24:25.027 [ForkJoinPool-1-worker-11] INFO  com.intuit.karate - [print] organisation: [
  "Rijkswaterstaat",
  "Rijkswaterstaat",
  "",
  "Rijkswaterstaat",
  "Rijkswaterstaat"
]

04:24:25.028 [ForkJoinPool-1-worker-11] INFO  com.intuit.karate - [print] [
  "https://www.nationaalgeoregister.nl/geonetwork/srv/dut/catalog.search#/metadata/50eef6be-619d-4e16-9b92-48971109b636",
  "http://rdfdata.eionet.europa.eu/inspirethemes/themes/18",
  "http://inspire.ec.europa.eu/metadata-codelist/PriorityDataset/MajorRoadsNoiseExposureDelineationNight-dir-2002-49",
  "https://ngr.geocat.live/geonetwork/srv/eng/thesaurus.download?ref=external.theme.httpinspireeceuropaeumetadatacodelistPrioritydataset-Prioritydataset",
  "urn:ogc:def:crs:EPSG::5709"
]

04:24:25.039 [ForkJoinPool-1-worker-11] INFO  com.intuit.karate - [print]
04:24:25.041 [ForkJoinPool-1-worker-11] INFO  com.intuit.karate - [print] testing xlinkurl:https://www.nationaalgeoregister.nl/geonetwork/srv/dut/catalog.search#/metadata/50eef6be-619d-4e16-9b92-48971109b636
04:24:25.139 [ForkJoinPool-1-worker-9] ERROR com.intuit.karate - status code was: 500, expected: 200, response time: 324, url: https://www.nationaalgeoregister.nl/geonetwork/srv/eng/thesaurus.download?ref=external.theme.inspire-theme, response: 
04:24:25.139 [ForkJoinPool-1-worker-9] ERROR com.intuit.karate - feature call (loop) failed at index: 2
caller: classpath:InspireTest/ngr/datasetrecords/def/checkxlinkurl.template.feature
arg: {"link":"https://www.nationaalgeoregister.nl/geonetwork/srv/eng/thesaurus.download?ref=external.theme.inspire-theme"}
checkxlinkurl.template.feature:15 - status code was: 500, expected: 200, response time: 324, url: https://www.nationaalgeoregister.nl/geonetwork/srv/eng/thesaurus.download?ref=external.theme.inspire-theme, response: 
04:24:25.169 [ForkJoinPool-1-worker-13] INFO  com.intuit.karate - [print]
04:24:25.171 [ForkJoinPool-1-worker-13] INFO  com.intuit.karate - [print] testing xlinkurl:https://www.nationaalgeoregister.nl/geonetwork/srv/api/recordsf1d27179-36eb-4376-8048-f51d2eb23a09
04:24:25.209 [ForkJoinPool-1-worker-3] INFO  com.intuit.karate - [print]
04:24:25.210 [ForkJoinPool-1-worker-3] INFO  com.intuit.karate - [print] testing xlinkurl:http://standaarden.overheid.nl/owms/terms/Ministerie_van_Landbouw,_Natuur_en_Voedselkwaliteit
04:24:25.358 [ForkJoinPool-1-worker-11] INFO  com.intuit.karate - [print]
04:24:25.359 [ForkJoinPool-1-worker-11] INFO  com.intuit.karate - [print] testing xlinkurl:http://rdfdata.eionet.europa.eu/inspirethemes/themes/18
04:24:25.423 [ForkJoinPool-1-worker-7] ERROR com.intuit.karate - status code was: 404, expected: 200, response time: 399, url: http://geonetwork-opensource.org/inspire-theme#, response: 
04:24:25.423 [ForkJoinPool-1-worker-7] ERROR com.intuit.karate - feature call (loop) failed at index: 2
caller: classpath:InspireTest/ngr/datasetrecords/def/checkxlinkurl.template.feature
arg: {"link":"http://geonetwork-opensource.org/inspire-theme#"}
checkxlinkurl.template.feature:15 - status code was: 404, expected: 200, response time: 399, url: http://geonetwork-opensource.org/inspire-theme#, response: 
04:24:25.424 [ForkJoinPool-1-worker-7] INFO  com.intuit.karate - [print]
04:24:25.424 [ForkJoinPool-1-worker-7] INFO  com.intuit.karate - [print] testing xlinkurl:https://www.nationaalgeoregister.nl/geonetwork/srv/eng/thesaurus.download?ref=external.theme.inspire-theme
04:24:25.478 [ForkJoinPool-1-worker-5] ERROR com.intuit.karate - status code was: 404, expected: 200, response time: 752, url: https://monumentenregister.cultureelerfgoed.nl/sites/default/files/MRS/mrs-inspire.zip, response: 
04:24:25.479 [ForkJoinPool-1-worker-5] ERROR com.intuit.karate - feature call (loop) failed at index: 0
caller: classpath:InspireTest/ngr/datasetrecords/def/checkxlinkurl.template.feature
arg: {"link":"https://monumentenregister.cultureelerfgoed.nl/sites/default/files/MRS/mrs-inspire.zip"}
checkxlinkurl.template.feature:15 - status code was: 404, expected: 200, response time: 752, url: https://monumentenregister.cultureelerfgoed.nl/sites/default/files/MRS/mrs-inspire.zip, response: 
04:24:25.482 [ForkJoinPool-1-worker-13] ERROR com.intuit.karate - status code was: 500, expected: 200, response time: 309, url: https://www.nationaalgeoregister.nl/geonetwork/srv/api/recordsf1d27179-36eb-4376-8048-f51d2eb23a09, response: 
04:24:25.482 [ForkJoinPool-1-worker-13] ERROR com.intuit.karate - feature call (loop) failed at index: 1
caller: classpath:InspireTest/ngr/datasetrecords/def/checkxlinkurl.template.feature
arg: {"link":"https://www.nationaalgeoregister.nl/geonetwork/srv/api/recordsf1d27179-36eb-4376-8048-f51d2eb23a09"}
checkxlinkurl.template.feature:15 - status code was: 500, expected: 200, response time: 309, url: https://www.nationaalgeoregister.nl/geonetwork/srv/api/recordsf1d27179-36eb-4376-8048-f51d2eb23a09, response: 
04:24:25.598 [ForkJoinPool-1-worker-11] ERROR com.intuit.karate - status code was: 404, expected: 200, response time: 238, url: http://rdfdata.eionet.europa.eu/inspirethemes/themes/18, response: 
04:24:25.598 [ForkJoinPool-1-worker-11] ERROR com.intuit.karate - feature call (loop) failed at index: 1
caller: classpath:InspireTest/ngr/datasetrecords/def/checkxlinkurl.template.feature
arg: {"link":"http://rdfdata.eionet.europa.eu/inspirethemes/themes/18"}
checkxlinkurl.template.feature:15 - status code was: 404, expected: 200, response time: 238, url: http://rdfdata.eionet.europa.eu/inspirethemes/themes/18, response: 
04:24:25.600 [ForkJoinPool-1-worker-11] INFO  com.intuit.karate - [print]
04:24:25.600 [ForkJoinPool-1-worker-11] INFO  com.intuit.karate - [print] testing xlinkurl:http://inspire.ec.europa.eu/metadata-codelist/PriorityDataset/MajorRoadsNoiseExposureDelineationNight-dir-2002-49
04:24:25.684 [ForkJoinPool-1-worker-9] INFO  com.intuit.karate - [print] title:Luchtfoto 2017 25cm CIR open data
04:24:25.684 [ForkJoinPool-1-worker-9] INFO  com.intuit.karate - [print] Luchtfoto 2017 25cm CIR open data
04:24:25.686 [ForkJoinPool-1-worker-9] INFO  com.intuit.karate - [print] [
  "PPB-GVA@kadaster.nl",
  "info@hetwaterschapshuis.nl",
  "kcc@kadaster.nl",
  "",
  "",
  "",
  "",
  "",
  ""
]

04:24:25.687 [ForkJoinPool-1-worker-9] INFO  com.intuit.karate - [print] organisation: [
  "Kadaster",
  "Het Waterschapshuis",
  "Kadaster",
  "Eurosense",
  "Eurosense",
  "Eurosense",
  "Kadaster",
  "Kadaster"
]

04:24:25.690 [ForkJoinPool-1-worker-9] INFO  com.intuit.karate - [print] [
  "http://kadaster/2482250f-3b00-4439-9f93-f3118229b018",
  "",
  "",
  ""
]

04:24:25.704 [ForkJoinPool-1-worker-9] INFO  com.intuit.karate - [print]
04:24:25.705 [ForkJoinPool-1-worker-9] INFO  com.intuit.karate - [print] testing xlinkurl:http://kadaster/2482250f-3b00-4439-9f93-f3118229b018
04:24:25.706 [ForkJoinPool-1-worker-9] ERROR com.intuit.karate - java.net.UnknownHostException: kadaster, http call failed after 0 milliseconds for URL: http://kadaster/2482250f-3b00-4439-9f93-f3118229b018
04:24:25.707 [ForkJoinPool-1-worker-9] ERROR com.intuit.karate - http request failed: 
java.net.UnknownHostException: kadaster
04:24:25.708 [ForkJoinPool-1-worker-9] ERROR com.intuit.karate - feature call (loop) failed at index: 0
caller: classpath:InspireTest/ngr/datasetrecords/def/checkxlinkurl.template.feature
arg: {"link":"http://kadaster/2482250f-3b00-4439-9f93-f3118229b018"}
checkxlinkurl.template.feature:14 - 
java.net.UnknownHostException: kadaster
04:24:25.710 [ForkJoinPool-1-worker-9] INFO  com.intuit.karate - [print]
04:24:25.710 [ForkJoinPool-1-worker-9] INFO  com.intuit.karate - [print] testing xlinkurl:
04:24:25.717 [ForkJoinPool-1-worker-9] ERROR com.intuit.karate - org.apache.http.client.ClientProtocolException, http call failed after 0 milliseconds for URL: 
04:24:25.718 [ForkJoinPool-1-worker-9] ERROR com.intuit.karate - http request failed: 
org.apache.http.client.ClientProtocolException
04:24:25.718 [ForkJoinPool-1-worker-9] ERROR com.intuit.karate - feature call (loop) failed at index: 1
caller: classpath:InspireTest/ngr/datasetrecords/def/checkxlinkurl.template.feature
arg: {"link":""}
checkxlinkurl.template.feature:14 - 
org.apache.http.client.ClientProtocolException
04:24:25.720 [ForkJoinPool-1-worker-9] INFO  com.intuit.karate - [print]
04:24:25.721 [ForkJoinPool-1-worker-9] INFO  com.intuit.karate - [print] testing xlinkurl:
04:24:25.722 [ForkJoinPool-1-worker-9] ERROR com.intuit.karate - org.apache.http.client.ClientProtocolException, http call failed after 0 milliseconds for URL: 
04:24:25.722 [ForkJoinPool-1-worker-9] ERROR com.intuit.karate - http request failed: 
org.apache.http.client.ClientProtocolException
04:24:25.723 [ForkJoinPool-1-worker-9] ERROR com.intuit.karate - feature call (loop) failed at index: 2
caller: classpath:InspireTest/ngr/datasetrecords/def/checkxlinkurl.template.feature
arg: {"link":""}
checkxlinkurl.template.feature:14 - 
org.apache.http.client.ClientProtocolException
04:24:25.725 [ForkJoinPool-1-worker-9] INFO  com.intuit.karate - [print]
04:24:25.725 [ForkJoinPool-1-worker-9] INFO  com.intuit.karate - [print] testing xlinkurl:
04:24:25.726 [ForkJoinPool-1-worker-9] ERROR com.intuit.karate - org.apache.http.client.ClientProtocolException, http call failed after 0 milliseconds for URL: 
04:24:25.727 [ForkJoinPool-1-worker-9] ERROR com.intuit.karate - http request failed: 
org.apache.http.client.ClientProtocolException
04:24:25.728 [ForkJoinPool-1-worker-9] ERROR com.intuit.karate - feature call (loop) failed at index: 3
caller: classpath:InspireTest/ngr/datasetrecords/def/checkxlinkurl.template.feature
arg: {"link":""}
checkxlinkurl.template.feature:14 - 
org.apache.http.client.ClientProtocolException
04:24:25.730 [ForkJoinPool-1-worker-3] INFO  com.intuit.karate - [print]
04:24:25.731 [ForkJoinPool-1-worker-3] INFO  com.intuit.karate - [print] testing xlinkurl:http://geogedeeld.geonovum.nl/
04:24:25.741 [ForkJoinPool-1-worker-7] ERROR com.intuit.karate - status code was: 500, expected: 200, response time: 316, url: https://www.nationaalgeoregister.nl/geonetwork/srv/eng/thesaurus.download?ref=external.theme.inspire-theme, response: 
04:24:25.741 [ForkJoinPool-1-worker-7] ERROR com.intuit.karate - feature call (loop) failed at index: 3
caller: classpath:InspireTest/ngr/datasetrecords/def/checkxlinkurl.template.feature
arg: {"link":"https://www.nationaalgeoregister.nl/geonetwork/srv/eng/thesaurus.download?ref=external.theme.inspire-theme"}
checkxlinkurl.template.feature:15 - status code was: 500, expected: 200, response time: 316, url: https://www.nationaalgeoregister.nl/geonetwork/srv/eng/thesaurus.download?ref=external.theme.inspire-theme, response: 
04:24:25.952 [ForkJoinPool-1-worker-3] INFO  com.intuit.karate - [print]
04:24:25.953 [ForkJoinPool-1-worker-3] INFO  com.intuit.karate - [print] testing xlinkurl:http://standaarden.overheid.nl/owms/terms/Ministerie_van_Landbouw,_Natuur_en_Voedselkwaliteit
04:24:26.007 [ForkJoinPool-1-worker-13] INFO  com.intuit.karate - [print] title:Emissies naar lucht en water in 2011 vanuit de industrie
04:24:26.007 [ForkJoinPool-1-worker-13] INFO  com.intuit.karate - [print] Emissies naar lucht en water in 2011 vanuit de industrie
04:24:26.008 [ForkJoinPool-1-worker-13] INFO  com.intuit.karate - [print] [
  "emissieregistratie@rivm.nl",
  "",
  "emissieregistratie@rivm.nl"
]

04:24:26.009 [ForkJoinPool-1-worker-13] INFO  com.intuit.karate - [print] organisation: no organisationName found in dataset record
04:24:26.011 [ForkJoinPool-1-worker-13] INFO  com.intuit.karate - [print] [
  "https://data.rivm.nl/inspire/id#6e6bf543-e1e3-468d-afae-e88618ad9a65"
]

04:24:26.016 [ForkJoinPool-1-worker-13] INFO  com.intuit.karate - [print]
04:24:26.016 [ForkJoinPool-1-worker-13] INFO  com.intuit.karate - [print] testing xlinkurl:https://data.rivm.nl/inspire/id#6e6bf543-e1e3-468d-afae-e88618ad9a65
04:24:26.075 [ForkJoinPool-1-worker-5] INFO  com.intuit.karate - [print] title:Gebieden in de Eemsmonding en de Dollard
04:24:26.075 [ForkJoinPool-1-worker-5] INFO  com.intuit.karate - [print] Gebieden in de Eemsmonding en de Dollard
04:24:26.077 [ForkJoinPool-1-worker-5] INFO  com.intuit.karate - [print] [
  "data@hydro.nl",
  "data@hydro.nl",
  "data@hydro.nl"
]

04:24:26.078 [ForkJoinPool-1-worker-5] INFO  com.intuit.karate - [print] organisation: [
  "Ministerie van Defensie, Koninklijke Marine, Dienst der Hydrografie",
  "Ministerie van Defensie, Koninklijke Marine, Dienst der Hydrografie"
]

04:24:26.080 [ForkJoinPool-1-worker-5] INFO  com.intuit.karate - [print] [
  "http://www.opengis.net/def/crs/EPSG/0/https://www.opengis.net/def/crs/EPSG/0/4258",
  "https://www.nationaalgeoregister.nl/geonetwork/srv/api/recordsf44dac86-2228-412f-8355-e56446ca9933",
  "www.hydro.nl"
]

04:24:26.088 [ForkJoinPool-1-worker-5] INFO  com.intuit.karate - [print]
04:24:26.089 [ForkJoinPool-1-worker-5] INFO  com.intuit.karate - [print] testing xlinkurl:http://www.opengis.net/def/crs/EPSG/0/https://www.opengis.net/def/crs/EPSG/0/4258
04:24:26.198 [ForkJoinPool-1-worker-9] INFO  com.intuit.karate - [print] title:Kadastrale kaart v4
04:24:26.198 [ForkJoinPool-1-worker-9] INFO  com.intuit.karate - [print] Kadastrale kaart v4
04:24:26.199 [ForkJoinPool-1-worker-9] INFO  com.intuit.karate - [print] [
  "PPB-GVA@kadaster.nl",
  "kcc@kadaster.nl",
  "kcc@kadaster.nl",
  "",
  ""
]

04:24:26.200 [ForkJoinPool-1-worker-9] INFO  com.intuit.karate - [print] organisation: [
  "Kadaster",
  "Kadaster en Openbare Registers",
  "Dienst voor het Kadaster en de Openbare Registers"
]

04:24:26.203 [ForkJoinPool-1-worker-9] INFO  com.intuit.karate - [print] [
  "h",
  "t",
  "t",
  "p",
  "s",
  ":",
  "/",
  "/",
  "w",
  "w",
  "w",
  ".",
  "n",
  "a",
  "t",
  "i",
  "o",
  "n",
  "a",
  "a",
  "l",
  "g",
  "e",
  "o",
  "r",
  "e",
  "g",
  "i",
  "s",
  "t",
  "e",
  "r",
  ".",
  "n",
  "l",
  ":",
  "4",
  "4",
  "3",
  "/",
  "g",
  "e",
  "o",
  "n",
  "e",
  "t",
  "w",
  "o",
  "r",
  "k",
  "/",
  "s",
  "r",
  "v",
  "/",
  "e",
  "n",
  "g",
  "/",
  "t",
  "h",
  "e",
  "s",
  "a",
  "u",
  "r",
  "u",
  "s",
  ".",
  "d",
  "o",
  "w",
  "n",
  "l",
  "o",
  "a",
  "d",
  "?",
  "r",
  "e",
  "f",
  "=",
  "e",
  "x",
  "t",
  "e",
  "r",
  "n",
  "a",
  "l",
  ".",
  "t",
  "h",
  "e",
  "m",
  "e",
  ".",
  "h",
  "t",
  "t",
  "p",
  "i",
  "n",
  "s",
  "p",
  "i",
  "r",
  "e",
  "e",
  "c",
  "e",
  "u",
  "r",
  "o",
  "p",
  "a",
  "e",
  "u",
  "t",
  "h",
  "e",
  "m",
  "e",
  "-",
  "t",
  "h",
  "e",
  "m",
  "e"
]

04:24:26.208 [ForkJoinPool-1-worker-9] INFO  com.intuit.karate - [print]
04:24:26.209 [ForkJoinPool-1-worker-9] INFO  com.intuit.karate - [print] testing xlinkurl:h
04:24:26.209 [ForkJoinPool-1-worker-9] ERROR com.intuit.karate - org.apache.http.client.ClientProtocolException, http call failed after 0 milliseconds for URL: h
04:24:26.209 [ForkJoinPool-1-worker-9] ERROR com.intuit.karate - http request failed: 
org.apache.http.client.ClientProtocolException
04:24:26.210 [ForkJoinPool-1-worker-9] ERROR com.intuit.karate - feature call (loop) failed at index: 0
caller: classpath:InspireTest/ngr/datasetrecords/def/checkxlinkurl.template.feature
arg: {"link":"h"}
checkxlinkurl.template.feature:14 - 
org.apache.http.client.ClientProtocolException
04:24:26.211 [ForkJoinPool-1-worker-9] INFO  com.intuit.karate - [print]
04:24:26.211 [ForkJoinPool-1-worker-9] INFO  com.intuit.karate - [print] testing xlinkurl:t
04:24:26.212 [ForkJoinPool-1-worker-9] ERROR com.intuit.karate - org.apache.http.client.ClientProtocolException, http call failed after 0 milliseconds for URL: t
04:24:26.212 [ForkJoinPool-1-worker-9] ERROR com.intuit.karate - http request failed: 
org.apache.http.client.ClientProtocolException
04:24:26.212 [ForkJoinPool-1-worker-9] ERROR com.intuit.karate - feature call (loop) failed at index: 1
caller: classpath:InspireTest/ngr/datasetrecords/def/checkxlinkurl.template.feature
arg: {"link":"t"}
checkxlinkurl.template.feature:14 - 
org.apache.http.client.ClientProtocolException
04:24:26.213 [ForkJoinPool-1-worker-9] INFO  com.intuit.karate - [print]
04:24:26.213 [ForkJoinPool-1-worker-9] INFO  com.intuit.karate - [print] testing xlinkurl:t
04:24:26.214 [ForkJoinPool-1-worker-9] ERROR com.intuit.karate - org.apache.http.client.ClientProtocolException, http call failed after 0 milliseconds for URL: t
04:24:26.214 [ForkJoinPool-1-worker-9] ERROR com.intuit.karate - http request failed: 
org.apache.http.client.ClientProtocolException
04:24:26.214 [ForkJoinPool-1-worker-9] ERROR com.intuit.karate - feature call (loop) failed at index: 2
caller: classpath:InspireTest/ngr/datasetrecords/def/checkxlinkurl.template.feature
arg: {"link":"t"}
checkxlinkurl.template.feature:14 - 
org.apache.http.client.ClientProtocolException
04:24:26.215 [ForkJoinPool-1-worker-9] INFO  com.intuit.karate - [print]
04:24:26.215 [ForkJoinPool-1-worker-9] INFO  com.intuit.karate - [print] testing xlinkurl:p
04:24:26.216 [ForkJoinPool-1-worker-9] ERROR com.intuit.karate - org.apache.http.client.ClientProtocolException, http call failed after 0 milliseconds for URL: p
04:24:26.216 [ForkJoinPool-1-worker-9] ERROR com.intuit.karate - http request failed: 
org.apache.http.client.ClientProtocolException
04:24:26.217 [ForkJoinPool-1-worker-9] ERROR com.intuit.karate - feature call (loop) failed at index: 3
caller: classpath:InspireTest/ngr/datasetrecords/def/checkxlinkurl.template.feature
arg: {"link":"p"}
checkxlinkurl.template.feature:14 - 
org.apache.http.client.ClientProtocolException
04:24:26.218 [ForkJoinPool-1-worker-9] INFO  com.intuit.karate - [print]
04:24:26.218 [ForkJoinPool-1-worker-9] INFO  com.intuit.karate - [print] testing xlinkurl:s
04:24:26.219 [ForkJoinPool-1-worker-9] ERROR com.intuit.karate - org.apache.http.client.ClientProtocolException, http call failed after 0 milliseconds for URL: s
04:24:26.219 [ForkJoinPool-1-worker-9] ERROR com.intuit.karate - http request failed: 
org.apache.http.client.ClientProtocolException
04:24:26.220 [ForkJoinPool-1-worker-9] ERROR com.intuit.karate - feature call (loop) failed at index: 4
caller: classpath:InspireTest/ngr/datasetrecords/def/checkxlinkurl.template.feature
arg: {"link":"s"}
checkxlinkurl.template.feature:14 - 
org.apache.http.client.ClientProtocolException
04:24:26.226 [ForkJoinPool-1-worker-9] INFO  com.intuit.karate - [print]
04:24:26.226 [ForkJoinPool-1-worker-9] INFO  com.intuit.karate - [print] testing xlinkurl::
04:24:26.227 [ForkJoinPool-1-worker-9] ERROR com.intuit.karate - http request failed: java.net.URISyntaxException: Expected scheme name at index 0: :
04:24:26.227 [ForkJoinPool-1-worker-9] ERROR com.intuit.karate - feature call (loop) failed at index: 5
caller: classpath:InspireTest/ngr/datasetrecords/def/checkxlinkurl.template.feature
arg: {"link":":"}
checkxlinkurl.template.feature:14 - java.net.URISyntaxException: Expected scheme name at index 0: :
04:24:26.228 [ForkJoinPool-1-worker-9] INFO  com.intuit.karate - [print]
04:24:26.228 [ForkJoinPool-1-worker-9] INFO  com.intuit.karate - [print] testing xlinkurl:/
04:24:26.229 [ForkJoinPool-1-worker-9] ERROR com.intuit.karate - org.apache.http.client.ClientProtocolException, http call failed after 0 milliseconds for URL: /
04:24:26.229 [ForkJoinPool-1-worker-9] ERROR com.intuit.karate - http request failed: 
org.apache.http.client.ClientProtocolException
04:24:26.230 [ForkJoinPool-1-worker-9] ERROR com.intuit.karate - feature call (loop) failed at index: 6
caller: classpath:InspireTest/ngr/datasetrecords/def/checkxlinkurl.template.feature
arg: {"link":"/"}
checkxlinkurl.template.feature:14 - 
org.apache.http.client.ClientProtocolException
04:24:26.231 [ForkJoinPool-1-worker-9] INFO  com.intuit.karate - [print]
04:24:26.236 [ForkJoinPool-1-worker-9] INFO  com.intuit.karate - [print] testing xlinkurl:/
04:24:26.236 [ForkJoinPool-1-worker-9] ERROR com.intuit.karate - org.apache.http.client.ClientProtocolException, http call failed after 0 milliseconds for URL: /
04:24:26.237 [ForkJoinPool-1-worker-9] ERROR com.intuit.karate - http request failed: 
org.apache.http.client.ClientProtocolException
04:24:26.237 [ForkJoinPool-1-worker-9] ERROR com.intuit.karate - feature call (loop) failed at index: 7
caller: classpath:InspireTest/ngr/datasetrecords/def/checkxlinkurl.template.feature
arg: {"link":"/"}
checkxlinkurl.template.feature:14 - 
org.apache.http.client.ClientProtocolException
04:24:26.238 [ForkJoinPool-1-worker-9] INFO  com.intuit.karate - [print]
04:24:26.243 [ForkJoinPool-1-worker-9] INFO  com.intuit.karate - [print] testing xlinkurl:w
04:24:26.244 [ForkJoinPool-1-worker-9] ERROR com.intuit.karate - org.apache.http.client.ClientProtocolException, http call failed after 0 milliseconds for URL: w
04:24:26.244 [ForkJoinPool-1-worker-9] ERROR com.intuit.karate - http request failed: 
org.apache.http.client.ClientProtocolException
04:24:26.244 [ForkJoinPool-1-worker-9] ERROR com.intuit.karate - feature call (loop) failed at index: 8
caller: classpath:InspireTest/ngr/datasetrecords/def/checkxlinkurl.template.feature
arg: {"link":"w"}
checkxlinkurl.template.feature:14 - 
org.apache.http.client.ClientProtocolException
04:24:26.245 [ForkJoinPool-1-worker-9] INFO  com.intuit.karate - [print]
04:24:26.246 [ForkJoinPool-1-worker-9] INFO  com.intuit.karate - [print] testing xlinkurl:w
04:24:26.246 [ForkJoinPool-1-worker-9] ERROR com.intuit.karate - org.apache.http.client.ClientProtocolException, http call failed after 0 milliseconds for URL: w
04:24:26.246 [ForkJoinPool-1-worker-9] ERROR com.intuit.karate - http request failed: 
org.apache.http.client.ClientProtocolException
04:24:26.246 [ForkJoinPool-1-worker-9] ERROR com.intuit.karate - feature call (loop) failed at index: 9
caller: classpath:InspireTest/ngr/datasetrecords/def/checkxlinkurl.template.feature
arg: {"link":"w"}
checkxlinkurl.template.feature:14 - 
org.apache.http.client.ClientProtocolException
04:24:26.247 [ForkJoinPool-1-worker-9] INFO  com.intuit.karate - [print]
04:24:26.248 [ForkJoinPool-1-worker-9] INFO  com.intuit.karate - [print] testing xlinkurl:w
04:24:26.248 [ForkJoinPool-1-worker-9] ERROR com.intuit.karate - org.apache.http.client.ClientProtocolException, http call failed after 0 milliseconds for URL: w
04:24:26.248 [ForkJoinPool-1-worker-9] ERROR com.intuit.karate - http request failed: 
org.apache.http.client.ClientProtocolException
04:24:26.249 [ForkJoinPool-1-worker-9] ERROR com.intuit.karate - feature call (loop) failed at index: 10
caller: classpath:InspireTest/ngr/datasetrecords/def/checkxlinkurl.template.feature
arg: {"link":"w"}
checkxlinkurl.template.feature:14 - 
org.apache.http.client.ClientProtocolException
04:24:26.254 [ForkJoinPool-1-worker-9] INFO  com.intuit.karate - [print]
04:24:26.255 [ForkJoinPool-1-worker-9] INFO  com.intuit.karate - [print] testing xlinkurl:.
04:24:26.255 [ForkJoinPool-1-worker-9] ERROR com.intuit.karate - org.apache.http.client.ClientProtocolException, http call failed after 0 milliseconds for URL: .
04:24:26.255 [ForkJoinPool-1-worker-9] ERROR com.intuit.karate - http request failed: 
org.apache.http.client.ClientProtocolException
04:24:26.256 [ForkJoinPool-1-worker-9] ERROR com.intuit.karate - feature call (loop) failed at index: 11
caller: classpath:InspireTest/ngr/datasetrecords/def/checkxlinkurl.template.feature
arg: {"link":"."}
checkxlinkurl.template.feature:14 - 
org.apache.http.client.ClientProtocolException
04:24:26.257 [ForkJoinPool-1-worker-9] INFO  com.intuit.karate - [print]
04:24:26.257 [ForkJoinPool-1-worker-9] INFO  com.intuit.karate - [print] testing xlinkurl:n
04:24:26.257 [ForkJoinPool-1-worker-9] ERROR com.intuit.karate - org.apache.http.client.ClientProtocolException, http call failed after 0 milliseconds for URL: n
04:24:26.258 [ForkJoinPool-1-worker-9] ERROR com.intuit.karate - http request failed: 
org.apache.http.client.ClientProtocolException
04:24:26.258 [ForkJoinPool-1-worker-9] ERROR com.intuit.karate - feature call (loop) failed at index: 12
caller: classpath:InspireTest/ngr/datasetrecords/def/checkxlinkurl.template.feature
arg: {"link":"n"}
checkxlinkurl.template.feature:14 - 
org.apache.http.client.ClientProtocolException
04:24:26.259 [ForkJoinPool-1-worker-9] INFO  com.intuit.karate - [print]
04:24:26.259 [ForkJoinPool-1-worker-9] INFO  com.intuit.karate - [print] testing xlinkurl:a
04:24:26.259 [ForkJoinPool-1-worker-9] ERROR com.intuit.karate - org.apache.http.client.ClientProtocolException, http call failed after 0 milliseconds for URL: a
04:24:26.260 [ForkJoinPool-1-worker-9] ERROR com.intuit.karate - http request failed: 
org.apache.http.client.ClientProtocolException
04:24:26.260 [ForkJoinPool-1-worker-9] ERROR com.intuit.karate - feature call (loop) failed at index: 13
caller: classpath:InspireTest/ngr/datasetrecords/def/checkxlinkurl.template.feature
arg: {"link":"a"}
checkxlinkurl.template.feature:14 - 
org.apache.http.client.ClientProtocolException
04:24:26.261 [ForkJoinPool-1-worker-9] INFO  com.intuit.karate - [print]
04:24:26.261 [ForkJoinPool-1-worker-9] INFO  com.intuit.karate - [print] testing xlinkurl:t
04:24:26.262 [ForkJoinPool-1-worker-9] ERROR com.intuit.karate - org.apache.http.client.ClientProtocolException, http call failed after 0 milliseconds for URL: t
04:24:26.262 [ForkJoinPool-1-worker-9] ERROR com.intuit.karate - http request failed: 
org.apache.http.client.ClientProtocolException
04:24:26.262 [ForkJoinPool-1-worker-9] ERROR com.intuit.karate - feature call (loop) failed at index: 14
caller: classpath:InspireTest/ngr/datasetrecords/def/checkxlinkurl.template.feature
arg: {"link":"t"}
checkxlinkurl.template.feature:14 - 
org.apache.http.client.ClientProtocolException
04:24:26.263 [ForkJoinPool-1-worker-9] INFO  com.intuit.karate - [print]
04:24:26.269 [ForkJoinPool-1-worker-9] INFO  com.intuit.karate - [print] testing xlinkurl:i
04:24:26.269 [ForkJoinPool-1-worker-9] ERROR com.intuit.karate - org.apache.http.client.ClientProtocolException, http call failed after 0 milliseconds for URL: i
04:24:26.269 [ForkJoinPool-1-worker-9] ERROR com.intuit.karate - http request failed: 
org.apache.http.client.ClientProtocolException
04:24:26.270 [ForkJoinPool-1-worker-9] ERROR com.intuit.karate - feature call (loop) failed at index: 15
caller: classpath:InspireTest/ngr/datasetrecords/def/checkxlinkurl.template.feature
arg: {"link":"i"}
checkxlinkurl.template.feature:14 - 
org.apache.http.client.ClientProtocolException
04:24:26.271 [ForkJoinPool-1-worker-9] INFO  com.intuit.karate - [print]
04:24:26.271 [ForkJoinPool-1-worker-9] INFO  com.intuit.karate - [print] testing xlinkurl:o
04:24:26.271 [ForkJoinPool-1-worker-9] ERROR com.intuit.karate - org.apache.http.client.ClientProtocolException, http call failed after 0 milliseconds for URL: o
04:24:26.272 [ForkJoinPool-1-worker-9] ERROR com.intuit.karate - http request failed: 
org.apache.http.client.ClientProtocolException
04:24:26.272 [ForkJoinPool-1-worker-9] ERROR com.intuit.karate - feature call (loop) failed at index: 16
caller: classpath:InspireTest/ngr/datasetrecords/def/checkxlinkurl.template.feature
arg: {"link":"o"}
checkxlinkurl.template.feature:14 - 
org.apache.http.client.ClientProtocolException
04:24:26.273 [ForkJoinPool-1-worker-9] INFO  com.intuit.karate - [print]
04:24:26.273 [ForkJoinPool-1-worker-9] INFO  com.intuit.karate - [print] testing xlinkurl:n
04:24:26.274 [ForkJoinPool-1-worker-9] ERROR com.intuit.karate - org.apache.http.client.ClientProtocolException, http call failed after 0 milliseconds for URL: n
04:24:26.274 [ForkJoinPool-1-worker-9] ERROR com.intuit.karate - http request failed: 
org.apache.http.client.ClientProtocolException
04:24:26.274 [ForkJoinPool-1-worker-9] ERROR com.intuit.karate - feature call (loop) failed at index: 17
caller: classpath:InspireTest/ngr/datasetrecords/def/checkxlinkurl.template.feature
arg: {"link":"n"}
checkxlinkurl.template.feature:14 - 
org.apache.http.client.ClientProtocolException
04:24:26.275 [ForkJoinPool-1-worker-9] INFO  com.intuit.karate - [print]
04:24:26.275 [ForkJoinPool-1-worker-9] INFO  com.intuit.karate - [print] testing xlinkurl:a
04:24:26.276 [ForkJoinPool-1-worker-9] ERROR com.intuit.karate - org.apache.http.client.ClientProtocolException, http call failed after 0 milliseconds for URL: a
04:24:26.276 [ForkJoinPool-1-worker-9] ERROR com.intuit.karate - http request failed: 
org.apache.http.client.ClientProtocolException
04:24:26.276 [ForkJoinPool-1-worker-9] ERROR com.intuit.karate - feature call (loop) failed at index: 18
caller: classpath:InspireTest/ngr/datasetrecords/def/checkxlinkurl.template.feature
arg: {"link":"a"}
checkxlinkurl.template.feature:14 - 
org.apache.http.client.ClientProtocolException
04:24:26.276 [ForkJoinPool-1-worker-9] INFO  com.intuit.karate - [print]
04:24:26.276 [ForkJoinPool-1-worker-9] INFO  com.intuit.karate - [print] testing xlinkurl:a
04:24:26.277 [ForkJoinPool-1-worker-9] ERROR com.intuit.karate - org.apache.http.client.ClientProtocolException, http call failed after 0 milliseconds for URL: a
04:24:26.277 [ForkJoinPool-1-worker-9] ERROR com.intuit.karate - http request failed: 
org.apache.http.client.ClientProtocolException
04:24:26.277 [ForkJoinPool-1-worker-9] ERROR com.intuit.karate - feature call (loop) failed at index: 19
caller: classpath:InspireTest/ngr/datasetrecords/def/checkxlinkurl.template.feature
arg: {"link":"a"}
checkxlinkurl.template.feature:14 - 
org.apache.http.client.ClientProtocolException
04:24:26.279 [ForkJoinPool-1-worker-9] INFO  com.intuit.karate - [print]
04:24:26.286 [ForkJoinPool-1-worker-9] INFO  com.intuit.karate - [print] testing xlinkurl:l
04:24:26.286 [ForkJoinPool-1-worker-9] ERROR com.intuit.karate - org.apache.http.client.ClientProtocolException, http call failed after 0 milliseconds for URL: l
04:24:26.286 [ForkJoinPool-1-worker-9] ERROR com.intuit.karate - http request failed: 
org.apache.http.client.ClientProtocolException
04:24:26.287 [ForkJoinPool-1-worker-9] ERROR com.intuit.karate - feature call (loop) failed at index: 20
caller: classpath:InspireTest/ngr/datasetrecords/def/checkxlinkurl.template.feature
arg: {"link":"l"}
checkxlinkurl.template.feature:14 - 
org.apache.http.client.ClientProtocolException
04:24:26.288 [ForkJoinPool-1-worker-9] INFO  com.intuit.karate - [print]
04:24:26.288 [ForkJoinPool-1-worker-9] INFO  com.intuit.karate - [print] testing xlinkurl:g
04:24:26.288 [ForkJoinPool-1-worker-9] ERROR com.intuit.karate - org.apache.http.client.ClientProtocolException, http call failed after 0 milliseconds for URL: g
04:24:26.289 [ForkJoinPool-1-worker-9] ERROR com.intuit.karate - http request failed: 
org.apache.http.client.ClientProtocolException
04:24:26.289 [ForkJoinPool-1-worker-9] ERROR com.intuit.karate - feature call (loop) failed at index: 21
caller: classpath:InspireTest/ngr/datasetrecords/def/checkxlinkurl.template.feature
arg: {"link":"g"}
checkxlinkurl.template.feature:14 - 
org.apache.http.client.ClientProtocolException
04:24:26.290 [ForkJoinPool-1-worker-9] INFO  com.intuit.karate - [print]
04:24:26.290 [ForkJoinPool-1-worker-9] INFO  com.intuit.karate - [print] testing xlinkurl:e
04:24:26.290 [ForkJoinPool-1-worker-9] ERROR com.intuit.karate - org.apache.http.client.ClientProtocolException, http call failed after 0 milliseconds for URL: e
04:24:26.291 [ForkJoinPool-1-worker-9] ERROR com.intuit.karate - http request failed: 
org.apache.http.client.ClientProtocolException
04:24:26.291 [ForkJoinPool-1-worker-9] ERROR com.intuit.karate - feature call (loop) failed at index: 22
caller: classpath:InspireTest/ngr/datasetrecords/def/checkxlinkurl.template.feature
arg: {"link":"e"}
checkxlinkurl.template.feature:14 - 
org.apache.http.client.ClientProtocolException
04:24:26.292 [ForkJoinPool-1-worker-9] INFO  com.intuit.karate - [print]
04:24:26.292 [ForkJoinPool-1-worker-9] INFO  com.intuit.karate - [print] testing xlinkurl:o
04:24:26.293 [ForkJoinPool-1-worker-9] ERROR com.intuit.karate - org.apache.http.client.ClientProtocolException, http call failed after 0 milliseconds for URL: o
04:24:26.293 [ForkJoinPool-1-worker-9] ERROR com.intuit.karate - http request failed: 
org.apache.http.client.ClientProtocolException
04:24:26.293 [ForkJoinPool-1-worker-9] ERROR com.intuit.karate - feature call (loop) failed at index: 23
caller: classpath:InspireTest/ngr/datasetrecords/def/checkxlinkurl.template.feature
arg: {"link":"o"}
checkxlinkurl.template.feature:14 - 
org.apache.http.client.ClientProtocolException
04:24:26.294 [ForkJoinPool-1-worker-9] INFO  com.intuit.karate - [print]
04:24:26.294 [ForkJoinPool-1-worker-9] INFO  com.intuit.karate - [print] testing xlinkurl:r
04:24:26.295 [ForkJoinPool-1-worker-9] ERROR com.intuit.karate - org.apache.http.client.ClientProtocolException, http call failed after 0 milliseconds for URL: r
04:24:26.295 [ForkJoinPool-1-worker-9] ERROR com.intuit.karate - http request failed: 
org.apache.http.client.ClientProtocolException
04:24:26.295 [ForkJoinPool-1-worker-9] ERROR com.intuit.karate - feature call (loop) failed at index: 24
caller: classpath:InspireTest/ngr/datasetrecords/def/checkxlinkurl.template.feature
arg: {"link":"r"}
checkxlinkurl.template.feature:14 - 
org.apache.http.client.ClientProtocolException
04:24:26.296 [ForkJoinPool-1-worker-9] INFO  com.intuit.karate - [print]
04:24:26.296 [ForkJoinPool-1-worker-9] INFO  com.intuit.karate - [print] testing xlinkurl:e
04:24:26.297 [ForkJoinPool-1-worker-9] ERROR com.intuit.karate - org.apache.http.client.ClientProtocolException, http call failed after 0 milliseconds for URL: e
04:24:26.304 [ForkJoinPool-1-worker-9] ERROR com.intuit.karate - http request failed: 
org.apache.http.client.ClientProtocolException
04:24:26.304 [ForkJoinPool-1-worker-9] ERROR com.intuit.karate - feature call (loop) failed at index: 25
caller: classpath:InspireTest/ngr/datasetrecords/def/checkxlinkurl.template.feature
arg: {"link":"e"}
checkxlinkurl.template.feature:14 - 
org.apache.http.client.ClientProtocolException
04:24:26.305 [ForkJoinPool-1-worker-9] INFO  com.intuit.karate - [print]
04:24:26.305 [ForkJoinPool-1-worker-9] INFO  com.intuit.karate - [print] testing xlinkurl:g
04:24:26.306 [ForkJoinPool-1-worker-9] ERROR com.intuit.karate - org.apache.http.client.ClientProtocolException, http call failed after 0 milliseconds for URL: g
04:24:26.306 [ForkJoinPool-1-worker-9] ERROR com.intuit.karate - http request failed: 
org.apache.http.client.ClientProtocolException
04:24:26.306 [ForkJoinPool-1-worker-9] ERROR com.intuit.karate - feature call (loop) failed at index: 26
caller: classpath:InspireTest/ngr/datasetrecords/def/checkxlinkurl.template.feature
arg: {"link":"g"}
checkxlinkurl.template.feature:14 - 
org.apache.http.client.ClientProtocolException
04:24:26.307 [ForkJoinPool-1-worker-9] INFO  com.intuit.karate - [print]
04:24:26.308 [ForkJoinPool-1-worker-9] INFO  com.intuit.karate - [print] testing xlinkurl:i
04:24:26.308 [ForkJoinPool-1-worker-9] ERROR com.intuit.karate - org.apache.http.client.ClientProtocolException, http call failed after 0 milliseconds for URL: i
04:24:26.308 [ForkJoinPool-1-worker-9] ERROR com.intuit.karate - http request failed: 
org.apache.http.client.ClientProtocolException
04:24:26.308 [ForkJoinPool-1-worker-9] ERROR com.intuit.karate - feature call (loop) failed at index: 27
caller: classpath:InspireTest/ngr/datasetrecords/def/checkxlinkurl.template.feature
arg: {"link":"i"}
checkxlinkurl.template.feature:14 - 
org.apache.http.client.ClientProtocolException
04:24:26.309 [ForkJoinPool-1-worker-9] INFO  com.intuit.karate - [print]
04:24:26.310 [ForkJoinPool-1-worker-9] INFO  com.intuit.karate - [print] testing xlinkurl:s
04:24:26.310 [ForkJoinPool-1-worker-9] ERROR com.intuit.karate - org.apache.http.client.ClientProtocolException, http call failed after 0 milliseconds for URL: s
04:24:26.310 [ForkJoinPool-1-worker-9] ERROR com.intuit.karate - http request failed: 
org.apache.http.client.ClientProtocolException
04:24:26.311 [ForkJoinPool-1-worker-9] ERROR com.intuit.karate - feature call (loop) failed at index: 28
caller: classpath:InspireTest/ngr/datasetrecords/def/checkxlinkurl.template.feature
arg: {"link":"s"}
checkxlinkurl.template.feature:14 - 
org.apache.http.client.ClientProtocolException
04:24:26.312 [ForkJoinPool-1-worker-9] INFO  com.intuit.karate - [print]
04:24:26.312 [ForkJoinPool-1-worker-9] INFO  com.intuit.karate - [print] testing xlinkurl:t
04:24:26.312 [ForkJoinPool-1-worker-9] ERROR com.intuit.karate - org.apache.http.client.ClientProtocolException, http call failed after 0 milliseconds for URL: t
04:24:26.313 [ForkJoinPool-1-worker-9] ERROR com.intuit.karate - http request failed: 
org.apache.http.client.ClientProtocolException
04:24:26.313 [ForkJoinPool-1-worker-9] ERROR com.intuit.karate - feature call (loop) failed at index: 29
caller: classpath:InspireTest/ngr/datasetrecords/def/checkxlinkurl.template.feature
arg: {"link":"t"}
checkxlinkurl.template.feature:14 - 
org.apache.http.client.ClientProtocolException
04:24:26.318 [ForkJoinPool-1-worker-7] INFO  com.intuit.karate - [print] title:Luchtfoto 2018 25cm CIR open data
04:24:26.318 [ForkJoinPool-1-worker-7] INFO  com.intuit.karate - [print] Luchtfoto 2018 25cm CIR open data
04:24:26.319 [ForkJoinPool-1-worker-7] INFO  com.intuit.karate - [print] [
  "PPB-GVA@kadaster.nl",
  "info@hetwaterschapshuis.nl",
  "kcc@kadaster.nl",
  "",
  "",
  "",
  "",
  "",
  ""
]

04:24:26.321 [ForkJoinPool-1-worker-7] INFO  com.intuit.karate - [print] organisation: [
  "Kadaster",
  "Het Waterschapshuis",
  "Kadaster",
  "Eurosense",
  "Eurosense",
  "Eurosense",
  "Kadaster",
  "Kadaster"
]

04:24:26.322 [ForkJoinPool-1-worker-9] INFO  com.intuit.karate - [print]
04:24:26.322 [ForkJoinPool-1-worker-9] INFO  com.intuit.karate - [print] testing xlinkurl:e
04:24:26.322 [ForkJoinPool-1-worker-9] ERROR com.intuit.karate - org.apache.http.client.ClientProtocolException, http call failed after 0 milliseconds for URL: e
04:24:26.322 [ForkJoinPool-1-worker-9] ERROR com.intuit.karate - http request failed: 
org.apache.http.client.ClientProtocolException
04:24:26.323 [ForkJoinPool-1-worker-9] ERROR com.intuit.karate - feature call (loop) failed at index: 30
caller: classpath:InspireTest/ngr/datasetrecords/def/checkxlinkurl.template.feature
arg: {"link":"e"}
checkxlinkurl.template.feature:14 - 
org.apache.http.client.ClientProtocolException
04:24:26.324 [ForkJoinPool-1-worker-7] INFO  com.intuit.karate - [print] [
  "http://kadaster/2482250f-3b00-4439-9f93-f3118229b021",
  "",
  "",
  ""
]

04:24:26.336 [ForkJoinPool-1-worker-7] INFO  com.intuit.karate - [print]
04:24:26.337 [ForkJoinPool-1-worker-9] INFO  com.intuit.karate - [print]
04:24:26.337 [ForkJoinPool-1-worker-9] INFO  com.intuit.karate - [print] testing xlinkurl:r
04:24:26.338 [ForkJoinPool-1-worker-7] INFO  com.intuit.karate - [print] testing xlinkurl:http://kadaster/2482250f-3b00-4439-9f93-f3118229b021
04:24:26.338 [ForkJoinPool-1-worker-9] ERROR com.intuit.karate - org.apache.http.client.ClientProtocolException, http call failed after 0 milliseconds for URL: r
04:24:26.339 [ForkJoinPool-1-worker-9] ERROR com.intuit.karate - http request failed: 
org.apache.http.client.ClientProtocolException
04:24:26.339 [ForkJoinPool-1-worker-9] ERROR com.intuit.karate - feature call (loop) failed at index: 31
caller: classpath:InspireTest/ngr/datasetrecords/def/checkxlinkurl.template.feature
arg: {"link":"r"}
checkxlinkurl.template.feature:14 - 
org.apache.http.client.ClientProtocolException
04:24:26.340 [ForkJoinPool-1-worker-9] INFO  com.intuit.karate - [print]
04:24:26.340 [ForkJoinPool-1-worker-9] INFO  com.intuit.karate - [print] testing xlinkurl:.
04:24:26.340 [ForkJoinPool-1-worker-9] ERROR com.intuit.karate - org.apache.http.client.ClientProtocolException, http call failed after 0 milliseconds for URL: .
04:24:26.340 [ForkJoinPool-1-worker-9] ERROR com.intuit.karate - http request failed: 
org.apache.http.client.ClientProtocolException
04:24:26.340 [ForkJoinPool-1-worker-9] ERROR com.intuit.karate - feature call (loop) failed at index: 32
caller: classpath:InspireTest/ngr/datasetrecords/def/checkxlinkurl.template.feature
arg: {"link":"."}
checkxlinkurl.template.feature:14 - 
org.apache.http.client.ClientProtocolException
04:24:26.341 [ForkJoinPool-1-worker-9] INFO  com.intuit.karate - [print]
04:24:26.341 [ForkJoinPool-1-worker-9] INFO  com.intuit.karate - [print] testing xlinkurl:n
04:24:26.341 [ForkJoinPool-1-worker-9] ERROR com.intuit.karate - org.apache.http.client.ClientProtocolException, http call failed after 0 milliseconds for URL: n
04:24:26.341 [ForkJoinPool-1-worker-9] ERROR com.intuit.karate - http request failed: 
org.apache.http.client.ClientProtocolException
04:24:26.341 [ForkJoinPool-1-worker-9] ERROR com.intuit.karate - feature call (loop) failed at index: 33
caller: classpath:InspireTest/ngr/datasetrecords/def/checkxlinkurl.template.feature
arg: {"link":"n"}
checkxlinkurl.template.feature:14 - 
org.apache.http.client.ClientProtocolException
04:24:26.342 [ForkJoinPool-1-worker-9] INFO  com.intuit.karate - [print]
04:24:26.342 [ForkJoinPool-1-worker-9] INFO  com.intuit.karate - [print] testing xlinkurl:l
04:24:26.342 [ForkJoinPool-1-worker-9] ERROR com.intuit.karate - org.apache.http.client.ClientProtocolException, http call failed after 0 milliseconds for URL: l
04:24:26.342 [ForkJoinPool-1-worker-9] ERROR com.intuit.karate - http request failed: 
org.apache.http.client.ClientProtocolException
04:24:26.342 [ForkJoinPool-1-worker-9] ERROR com.intuit.karate - feature call (loop) failed at index: 34
caller: classpath:InspireTest/ngr/datasetrecords/def/checkxlinkurl.template.feature
arg: {"link":"l"}
checkxlinkurl.template.feature:14 - 
org.apache.http.client.ClientProtocolException
04:24:26.343 [ForkJoinPool-1-worker-9] INFO  com.intuit.karate - [print]
04:24:26.347 [ForkJoinPool-1-worker-7] ERROR com.intuit.karate - java.net.UnknownHostException: kadaster, http call failed after 0 milliseconds for URL: http://kadaster/2482250f-3b00-4439-9f93-f3118229b021
04:24:26.347 [ForkJoinPool-1-worker-7] ERROR com.intuit.karate - http request failed: 
java.net.UnknownHostException: kadaster
04:24:26.347 [ForkJoinPool-1-worker-7] ERROR com.intuit.karate - feature call (loop) failed at index: 0
caller: classpath:InspireTest/ngr/datasetrecords/def/checkxlinkurl.template.feature
arg: {"link":"http://kadaster/2482250f-3b00-4439-9f93-f3118229b021"}
checkxlinkurl.template.feature:14 - 
java.net.UnknownHostException: kadaster
04:24:26.348 [ForkJoinPool-1-worker-7] INFO  com.intuit.karate - [print]
04:24:26.348 [ForkJoinPool-1-worker-7] INFO  com.intuit.karate - [print] testing xlinkurl:
04:24:26.348 [ForkJoinPool-1-worker-7] ERROR com.intuit.karate - org.apache.http.client.ClientProtocolException, http call failed after 0 milliseconds for URL: 
04:24:26.349 [ForkJoinPool-1-worker-7] ERROR com.intuit.karate - http request failed: 
org.apache.http.client.ClientProtocolException
04:24:26.349 [ForkJoinPool-1-worker-7] ERROR com.intuit.karate - feature call (loop) failed at index: 1
caller: classpath:InspireTest/ngr/datasetrecords/def/checkxlinkurl.template.feature
arg: {"link":""}
checkxlinkurl.template.feature:14 - 
org.apache.http.client.ClientProtocolException
04:24:26.349 [ForkJoinPool-1-worker-7] INFO  com.intuit.karate - [print]
04:24:26.349 [ForkJoinPool-1-worker-7] INFO  com.intuit.karate - [print] testing xlinkurl:
04:24:26.350 [ForkJoinPool-1-worker-7] ERROR com.intuit.karate - org.apache.http.client.ClientProtocolException, http call failed after 0 milliseconds for URL: 
04:24:26.351 [ForkJoinPool-1-worker-7] ERROR com.intuit.karate - http request failed: 
org.apache.http.client.ClientProtocolException
04:24:26.351 [ForkJoinPool-1-worker-7] ERROR com.intuit.karate - feature call (loop) failed at index: 2
caller: classpath:InspireTest/ngr/datasetrecords/def/checkxlinkurl.template.feature
arg: {"link":""}
checkxlinkurl.template.feature:14 - 
org.apache.http.client.ClientProtocolException
04:24:26.352 [ForkJoinPool-1-worker-7] INFO  com.intuit.karate - [print]
04:24:26.352 [ForkJoinPool-1-worker-7] INFO  com.intuit.karate - [print] testing xlinkurl:
04:24:26.352 [ForkJoinPool-1-worker-7] ERROR com.intuit.karate - org.apache.http.client.ClientProtocolException, http call failed after 0 milliseconds for URL: 
04:24:26.361 [ForkJoinPool-1-worker-7] ERROR com.intuit.karate - http request failed: 
org.apache.http.client.ClientProtocolException
04:24:26.361 [ForkJoinPool-1-worker-7] ERROR com.intuit.karate - feature call (loop) failed at index: 3
caller: classpath:InspireTest/ngr/datasetrecords/def/checkxlinkurl.template.feature
arg: {"link":""}
checkxlinkurl.template.feature:14 - 
org.apache.http.client.ClientProtocolException
04:24:26.361 [ForkJoinPool-1-worker-9] INFO  com.intuit.karate - [print] testing xlinkurl::
04:24:26.361 [ForkJoinPool-1-worker-9] ERROR com.intuit.karate - http request failed: java.net.URISyntaxException: Expected scheme name at index 0: :
04:24:26.361 [ForkJoinPool-1-worker-9] ERROR com.intuit.karate - feature call (loop) failed at index: 35
caller: classpath:InspireTest/ngr/datasetrecords/def/checkxlinkurl.template.feature
arg: {"link":":"}
checkxlinkurl.template.feature:14 - java.net.URISyntaxException: Expected scheme name at index 0: :
04:24:26.362 [ForkJoinPool-1-worker-9] INFO  com.intuit.karate - [print]
04:24:26.365 [ForkJoinPool-1-worker-9] INFO  com.intuit.karate - [print] testing xlinkurl:4
04:24:26.368 [ForkJoinPool-1-worker-9] ERROR com.intuit.karate - org.apache.http.client.ClientProtocolException, http call failed after 0 milliseconds for URL: 4
04:24:26.368 [ForkJoinPool-1-worker-9] ERROR com.intuit.karate - http request failed: 
org.apache.http.client.ClientProtocolException
04:24:26.368 [ForkJoinPool-1-worker-9] ERROR com.intuit.karate - feature call (loop) failed at index: 36
caller: classpath:InspireTest/ngr/datasetrecords/def/checkxlinkurl.template.feature
arg: {"link":"4"}
checkxlinkurl.template.feature:14 - 
org.apache.http.client.ClientProtocolException
04:24:26.368 [ForkJoinPool-1-worker-9] INFO  com.intuit.karate - [print]
04:24:26.368 [ForkJoinPool-1-worker-9] INFO  com.intuit.karate - [print] testing xlinkurl:4
04:24:26.369 [ForkJoinPool-1-worker-9] ERROR com.intuit.karate - org.apache.http.client.ClientProtocolException, http call failed after 0 milliseconds for URL: 4
04:24:26.369 [ForkJoinPool-1-worker-9] ERROR com.intuit.karate - http request failed: 
org.apache.http.client.ClientProtocolException
04:24:26.369 [ForkJoinPool-1-worker-9] ERROR com.intuit.karate - feature call (loop) failed at index: 37
caller: classpath:InspireTest/ngr/datasetrecords/def/checkxlinkurl.template.feature
arg: {"link":"4"}
checkxlinkurl.template.feature:14 - 
org.apache.http.client.ClientProtocolException
04:24:26.369 [ForkJoinPool-1-worker-9] INFO  com.intuit.karate - [print]
04:24:26.369 [ForkJoinPool-1-worker-9] INFO  com.intuit.karate - [print] testing xlinkurl:3
04:24:26.376 [ForkJoinPool-1-worker-9] ERROR com.intuit.karate - org.apache.http.client.ClientProtocolException, http call failed after 0 milliseconds for URL: 3
04:24:26.377 [ForkJoinPool-1-worker-9] ERROR com.intuit.karate - http request failed: 
org.apache.http.client.ClientProtocolException
04:24:26.377 [ForkJoinPool-1-worker-9] ERROR com.intuit.karate - feature call (loop) failed at index: 38
caller: classpath:InspireTest/ngr/datasetrecords/def/checkxlinkurl.template.feature
arg: {"link":"3"}
checkxlinkurl.template.feature:14 - 
org.apache.http.client.ClientProtocolException
04:24:26.377 [ForkJoinPool-1-worker-9] INFO  com.intuit.karate - [print]
04:24:26.377 [ForkJoinPool-1-worker-9] INFO  com.intuit.karate - [print] testing xlinkurl:/
04:24:26.377 [ForkJoinPool-1-worker-9] ERROR com.intuit.karate - org.apache.http.client.ClientProtocolException, http call failed after 0 milliseconds for URL: /
04:24:26.378 [ForkJoinPool-1-worker-9] ERROR com.intuit.karate - http request failed: 
org.apache.http.client.ClientProtocolException
04:24:26.378 [ForkJoinPool-1-worker-9] ERROR com.intuit.karate - feature call (loop) failed at index: 39
caller: classpath:InspireTest/ngr/datasetrecords/def/checkxlinkurl.template.feature
arg: {"link":"/"}
checkxlinkurl.template.feature:14 - 
org.apache.http.client.ClientProtocolException
04:24:26.378 [ForkJoinPool-1-worker-9] INFO  com.intuit.karate - [print]
04:24:26.378 [ForkJoinPool-1-worker-9] INFO  com.intuit.karate - [print] testing xlinkurl:g
04:24:26.378 [ForkJoinPool-1-worker-9] ERROR com.intuit.karate - org.apache.http.client.ClientProtocolException, http call failed after 0 milliseconds for URL: g
04:24:26.378 [ForkJoinPool-1-worker-9] ERROR com.intuit.karate - http request failed: 
org.apache.http.client.ClientProtocolException
04:24:26.379 [ForkJoinPool-1-worker-9] ERROR com.intuit.karate - feature call (loop) failed at index: 40
caller: classpath:InspireTest/ngr/datasetrecords/def/checkxlinkurl.template.feature
arg: {"link":"g"}
checkxlinkurl.template.feature:14 - 
org.apache.http.client.ClientProtocolException
04:24:26.379 [ForkJoinPool-1-worker-9] INFO  com.intuit.karate - [print]
04:24:26.379 [ForkJoinPool-1-worker-9] INFO  com.intuit.karate - [print] testing xlinkurl:e
04:24:26.389 [ForkJoinPool-1-worker-9] ERROR com.intuit.karate - org.apache.http.client.ClientProtocolException, http call failed after 0 milliseconds for URL: e
04:24:26.389 [ForkJoinPool-1-worker-9] ERROR com.intuit.karate - http request failed: 
org.apache.http.client.ClientProtocolException
04:24:26.389 [ForkJoinPool-1-worker-9] ERROR com.intuit.karate - feature call (loop) failed at index: 41
caller: classpath:InspireTest/ngr/datasetrecords/def/checkxlinkurl.template.feature
arg: {"link":"e"}
checkxlinkurl.template.feature:14 - 
org.apache.http.client.ClientProtocolException
04:24:26.390 [ForkJoinPool-1-worker-9] INFO  com.intuit.karate - [print]
04:24:26.390 [ForkJoinPool-1-worker-9] INFO  com.intuit.karate - [print] testing xlinkurl:o
04:24:26.390 [ForkJoinPool-1-worker-9] ERROR com.intuit.karate - org.apache.http.client.ClientProtocolException, http call failed after 0 milliseconds for URL: o
04:24:26.390 [ForkJoinPool-1-worker-9] ERROR com.intuit.karate - http request failed: 
org.apache.http.client.ClientProtocolException
04:24:26.390 [ForkJoinPool-1-worker-9] ERROR com.intuit.karate - feature call (loop) failed at index: 42
caller: classpath:InspireTest/ngr/datasetrecords/def/checkxlinkurl.template.feature
arg: {"link":"o"}
checkxlinkurl.template.feature:14 - 
org.apache.http.client.ClientProtocolException
04:24:26.391 [ForkJoinPool-1-worker-5] INFO  com.intuit.karate - [print]
04:24:26.391 [ForkJoinPool-1-worker-5] INFO  com.intuit.karate - [print] testing xlinkurl:https://www.nationaalgeoregister.nl/geonetwork/srv/api/recordsf44dac86-2228-412f-8355-e56446ca9933
04:24:26.391 [ForkJoinPool-1-worker-9] INFO  com.intuit.karate - [print]
04:24:26.391 [ForkJoinPool-1-worker-9] INFO  com.intuit.karate - [print] testing xlinkurl:n
04:24:26.391 [ForkJoinPool-1-worker-9] ERROR com.intuit.karate - org.apache.http.client.ClientProtocolException, http call failed after 0 milliseconds for URL: n
04:24:26.392 [ForkJoinPool-1-worker-9] ERROR com.intuit.karate - http request failed: 
org.apache.http.client.ClientProtocolException
04:24:26.392 [ForkJoinPool-1-worker-9] ERROR com.intuit.karate - feature call (loop) failed at index: 43
caller: classpath:InspireTest/ngr/datasetrecords/def/checkxlinkurl.template.feature
arg: {"link":"n"}
checkxlinkurl.template.feature:14 - 
org.apache.http.client.ClientProtocolException
04:24:26.393 [ForkJoinPool-1-worker-9] INFO  com.intuit.karate - [print]
04:24:26.395 [ForkJoinPool-1-worker-9] INFO  com.intuit.karate - [print] testing xlinkurl:e
04:24:26.395 [ForkJoinPool-1-worker-9] ERROR com.intuit.karate - org.apache.http.client.ClientProtocolException, http call failed after 0 milliseconds for URL: e
04:24:26.395 [ForkJoinPool-1-worker-9] ERROR com.intuit.karate - http request failed: 
org.apache.http.client.ClientProtocolException
04:24:26.396 [ForkJoinPool-1-worker-9] ERROR com.intuit.karate - feature call (loop) failed at index: 44
caller: classpath:InspireTest/ngr/datasetrecords/def/checkxlinkurl.template.feature
arg: {"link":"e"}
checkxlinkurl.template.feature:14 - 
org.apache.http.client.ClientProtocolException
04:24:26.396 [ForkJoinPool-1-worker-13] ERROR com.intuit.karate - javax.net.ssl.SSLException: Connection reset, http call failed after 378 milliseconds for URL: https://data.rivm.nl/inspire/id#6e6bf543-e1e3-468d-afae-e88618ad9a65
04:24:26.396 [ForkJoinPool-1-worker-13] ERROR com.intuit.karate - http request failed: 
javax.net.ssl.SSLException: Connection reset
04:24:26.396 [ForkJoinPool-1-worker-13] ERROR com.intuit.karate - feature call (loop) failed at index: 0
caller: classpath:InspireTest/ngr/datasetrecords/def/checkxlinkurl.template.feature
arg: {"link":"https://data.rivm.nl/inspire/id#6e6bf543-e1e3-468d-afae-e88618ad9a65"}
checkxlinkurl.template.feature:14 - 
javax.net.ssl.SSLException: Connection reset
04:24:26.397 [ForkJoinPool-1-worker-9] INFO  com.intuit.karate - [print]
04:24:26.397 [ForkJoinPool-1-worker-9] INFO  com.intuit.karate - [print] testing xlinkurl:t
04:24:26.398 [ForkJoinPool-1-worker-9] ERROR com.intuit.karate - org.apache.http.client.ClientProtocolException, http call failed after 0 milliseconds for URL: t
04:24:26.398 [ForkJoinPool-1-worker-9] ERROR com.intuit.karate - http request failed: 
org.apache.http.client.ClientProtocolException
04:24:26.398 [ForkJoinPool-1-worker-9] ERROR com.intuit.karate - feature call (loop) failed at index: 45
caller: classpath:InspireTest/ngr/datasetrecords/def/checkxlinkurl.template.feature
arg: {"link":"t"}
checkxlinkurl.template.feature:14 - 
org.apache.http.client.ClientProtocolException
04:24:26.398 [ForkJoinPool-1-worker-9] INFO  com.intuit.karate - [print]
04:24:26.398 [ForkJoinPool-1-worker-9] INFO  com.intuit.karate - [print] testing xlinkurl:w
04:24:26.399 [ForkJoinPool-1-worker-9] ERROR com.intuit.karate - org.apache.http.client.ClientProtocolException, http call failed after 0 milliseconds for URL: w
04:24:26.401 [ForkJoinPool-1-worker-9] ERROR com.intuit.karate - http request failed: 
org.apache.http.client.ClientProtocolException
04:24:26.401 [ForkJoinPool-1-worker-9] ERROR com.intuit.karate - feature call (loop) failed at index: 46
caller: classpath:InspireTest/ngr/datasetrecords/def/checkxlinkurl.template.feature
arg: {"link":"w"}
checkxlinkurl.template.feature:14 - 
org.apache.http.client.ClientProtocolException
04:24:26.402 [ForkJoinPool-1-worker-9] INFO  com.intuit.karate - [print]
04:24:26.402 [ForkJoinPool-1-worker-9] INFO  com.intuit.karate - [print] testing xlinkurl:o
04:24:26.402 [ForkJoinPool-1-worker-9] ERROR com.intuit.karate - org.apache.http.client.ClientProtocolException, http call failed after 0 milliseconds for URL: o
04:24:26.402 [ForkJoinPool-1-worker-9] ERROR com.intuit.karate - http request failed: 
org.apache.http.client.ClientProtocolException
04:24:26.402 [ForkJoinPool-1-worker-9] ERROR com.intuit.karate - feature call (loop) failed at index: 47
caller: classpath:InspireTest/ngr/datasetrecords/def/checkxlinkurl.template.feature
arg: {"link":"o"}
checkxlinkurl.template.feature:14 - 
org.apache.http.client.ClientProtocolException
04:24:26.403 [ForkJoinPool-1-worker-9] INFO  com.intuit.karate - [print]
04:24:26.403 [ForkJoinPool-1-worker-9] INFO  com.intuit.karate - [print] testing xlinkurl:r
04:24:26.403 [ForkJoinPool-1-worker-9] ERROR com.intuit.karate - org.apache.http.client.ClientProtocolException, http call failed after 0 milliseconds for URL: r
04:24:26.403 [ForkJoinPool-1-worker-9] ERROR com.intuit.karate - http request failed: 
org.apache.http.client.ClientProtocolException
04:24:26.403 [ForkJoinPool-1-worker-9] ERROR com.intuit.karate - feature call (loop) failed at index: 48
caller: classpath:InspireTest/ngr/datasetrecords/def/checkxlinkurl.template.feature
arg: {"link":"r"}
checkxlinkurl.template.feature:14 - 
org.apache.http.client.ClientProtocolException
04:24:26.404 [ForkJoinPool-1-worker-9] INFO  com.intuit.karate - [print]
04:24:26.413 [ForkJoinPool-1-worker-9] INFO  com.intuit.karate - [print] testing xlinkurl:k
04:24:26.413 [ForkJoinPool-1-worker-9] ERROR com.intuit.karate - org.apache.http.client.ClientProtocolException, http call failed after 0 milliseconds for URL: k
04:24:26.413 [ForkJoinPool-1-worker-9] ERROR com.intuit.karate - http request failed: 
org.apache.http.client.ClientProtocolException
04:24:26.414 [ForkJoinPool-1-worker-9] ERROR com.intuit.karate - feature call (loop) failed at index: 49
caller: classpath:InspireTest/ngr/datasetrecords/def/checkxlinkurl.template.feature
arg: {"link":"k"}
checkxlinkurl.template.feature:14 - 
org.apache.http.client.ClientProtocolException
04:24:26.414 [ForkJoinPool-1-worker-9] INFO  com.intuit.karate - [print]
04:24:26.414 [ForkJoinPool-1-worker-9] INFO  com.intuit.karate - [print] testing xlinkurl:/
04:24:26.415 [ForkJoinPool-1-worker-9] ERROR com.intuit.karate - org.apache.http.client.ClientProtocolException, http call failed after 0 milliseconds for URL: /
04:24:26.415 [ForkJoinPool-1-worker-9] ERROR com.intuit.karate - http request failed: 
org.apache.http.client.ClientProtocolException
04:24:26.415 [ForkJoinPool-1-worker-9] ERROR com.intuit.karate - feature call (loop) failed at index: 50
caller: classpath:InspireTest/ngr/datasetrecords/def/checkxlinkurl.template.feature
arg: {"link":"/"}
checkxlinkurl.template.feature:14 - 
org.apache.http.client.ClientProtocolException
04:24:26.415 [ForkJoinPool-1-worker-9] INFO  com.intuit.karate - [print]
04:24:26.415 [ForkJoinPool-1-worker-9] INFO  com.intuit.karate - [print] testing xlinkurl:s
04:24:26.416 [ForkJoinPool-1-worker-9] ERROR com.intuit.karate - org.apache.http.client.ClientProtocolException, http call failed after 0 milliseconds for URL: s
04:24:26.416 [ForkJoinPool-1-worker-9] ERROR com.intuit.karate - http request failed: 
org.apache.http.client.ClientProtocolException
04:24:26.416 [ForkJoinPool-1-worker-9] ERROR com.intuit.karate - feature call (loop) failed at index: 51
caller: classpath:InspireTest/ngr/datasetrecords/def/checkxlinkurl.template.feature
arg: {"link":"s"}
checkxlinkurl.template.feature:14 - 
org.apache.http.client.ClientProtocolException
04:24:26.416 [ForkJoinPool-1-worker-9] INFO  com.intuit.karate - [print]
04:24:26.416 [ForkJoinPool-1-worker-9] INFO  com.intuit.karate - [print] testing xlinkurl:r
04:24:26.417 [ForkJoinPool-1-worker-9] ERROR com.intuit.karate - org.apache.http.client.ClientProtocolException, http call failed after 0 milliseconds for URL: r
04:24:26.417 [ForkJoinPool-1-worker-9] ERROR com.intuit.karate - http request failed: 
org.apache.http.client.ClientProtocolException
04:24:26.417 [ForkJoinPool-1-worker-9] ERROR com.intuit.karate - feature call (loop) failed at index: 52
caller: classpath:InspireTest/ngr/datasetrecords/def/checkxlinkurl.template.feature
arg: {"link":"r"}
checkxlinkurl.template.feature:14 - 
org.apache.http.client.ClientProtocolException
04:24:26.418 [ForkJoinPool-1-worker-9] INFO  com.intuit.karate - [print]
04:24:26.418 [ForkJoinPool-1-worker-9] INFO  com.intuit.karate - [print] testing xlinkurl:v
04:24:26.418 [ForkJoinPool-1-worker-9] ERROR com.intuit.karate - org.apache.http.client.ClientProtocolException, http call failed after 0 milliseconds for URL: v
04:24:26.418 [ForkJoinPool-1-worker-9] ERROR com.intuit.karate - http request failed: 
org.apache.http.client.ClientProtocolException
04:24:26.418 [ForkJoinPool-1-worker-9] ERROR com.intuit.karate - feature call (loop) failed at index: 53
caller: classpath:InspireTest/ngr/datasetrecords/def/checkxlinkurl.template.feature
arg: {"link":"v"}
checkxlinkurl.template.feature:14 - 
org.apache.http.client.ClientProtocolException
04:24:26.419 [ForkJoinPool-1-worker-9] INFO  com.intuit.karate - [print]
04:24:26.419 [ForkJoinPool-1-worker-9] INFO  com.intuit.karate - [print] testing xlinkurl:/
04:24:26.419 [ForkJoinPool-1-worker-9] ERROR com.intuit.karate - org.apache.http.client.ClientProtocolException, http call failed after 0 milliseconds for URL: /
04:24:26.419 [ForkJoinPool-1-worker-9] ERROR com.intuit.karate - http request failed: 
org.apache.http.client.ClientProtocolException
04:24:26.419 [ForkJoinPool-1-worker-9] ERROR com.intuit.karate - feature call (loop) failed at index: 54
caller: classpath:InspireTest/ngr/datasetrecords/def/checkxlinkurl.template.feature
arg: {"link":"/"}
checkxlinkurl.template.feature:14 - 
org.apache.http.client.ClientProtocolException
04:24:26.420 [ForkJoinPool-1-worker-9] INFO  com.intuit.karate - [print]
04:24:26.420 [ForkJoinPool-1-worker-9] INFO  com.intuit.karate - [print] testing xlinkurl:e
04:24:26.420 [ForkJoinPool-1-worker-9] ERROR com.intuit.karate - org.apache.http.client.ClientProtocolException, http call failed after 0 milliseconds for URL: e
04:24:26.420 [ForkJoinPool-1-worker-9] ERROR com.intuit.karate - http request failed: 
org.apache.http.client.ClientProtocolException
04:24:26.420 [ForkJoinPool-1-worker-9] ERROR com.intuit.karate - feature call (loop) failed at index: 55
caller: classpath:InspireTest/ngr/datasetrecords/def/checkxlinkurl.template.feature
arg: {"link":"e"}
checkxlinkurl.template.feature:14 - 
org.apache.http.client.ClientProtocolException
04:24:26.421 [ForkJoinPool-1-worker-9] INFO  com.intuit.karate - [print]
04:24:26.421 [ForkJoinPool-1-worker-9] INFO  com.intuit.karate - [print] testing xlinkurl:n
04:24:26.421 [ForkJoinPool-1-worker-9] ERROR com.intuit.karate - org.apache.http.client.ClientProtocolException, http call failed after 0 milliseconds for URL: n
04:24:26.421 [ForkJoinPool-1-worker-9] ERROR com.intuit.karate - http request failed: 
org.apache.http.client.ClientProtocolException
04:24:26.421 [ForkJoinPool-1-worker-9] ERROR com.intuit.karate - feature call (loop) failed at index: 56
caller: classpath:InspireTest/ngr/datasetrecords/def/checkxlinkurl.template.feature
arg: {"link":"n"}
checkxlinkurl.template.feature:14 - 
org.apache.http.client.ClientProtocolException
04:24:26.422 [ForkJoinPool-1-worker-9] INFO  com.intuit.karate - [print]
04:24:26.425 [ForkJoinPool-1-worker-9] INFO  com.intuit.karate - [print] testing xlinkurl:g
04:24:26.425 [ForkJoinPool-1-worker-9] ERROR com.intuit.karate - org.apache.http.client.ClientProtocolException, http call failed after 0 milliseconds for URL: g
04:24:26.425 [ForkJoinPool-1-worker-9] ERROR com.intuit.karate - http request failed: 
org.apache.http.client.ClientProtocolException
04:24:26.425 [ForkJoinPool-1-worker-9] ERROR com.intuit.karate - feature call (loop) failed at index: 57
caller: classpath:InspireTest/ngr/datasetrecords/def/checkxlinkurl.template.feature
arg: {"link":"g"}
checkxlinkurl.template.feature:14 - 
org.apache.http.client.ClientProtocolException
04:24:26.426 [ForkJoinPool-1-worker-9] INFO  com.intuit.karate - [print]
04:24:26.426 [ForkJoinPool-1-worker-9] INFO  com.intuit.karate - [print] testing xlinkurl:/
04:24:26.426 [ForkJoinPool-1-worker-9] ERROR com.intuit.karate - org.apache.http.client.ClientProtocolException, http call failed after 0 milliseconds for URL: /
04:24:26.426 [ForkJoinPool-1-worker-9] ERROR com.intuit.karate - http request failed: 
org.apache.http.client.ClientProtocolException
04:24:26.426 [ForkJoinPool-1-worker-9] ERROR com.intuit.karate - feature call (loop) failed at index: 58
caller: classpath:InspireTest/ngr/datasetrecords/def/checkxlinkurl.template.feature
arg: {"link":"/"}
checkxlinkurl.template.feature:14 - 
org.apache.http.client.ClientProtocolException
04:24:26.427 [ForkJoinPool-1-worker-9] INFO  com.intuit.karate - [print]
04:24:26.427 [ForkJoinPool-1-worker-9] INFO  com.intuit.karate - [print] testing xlinkurl:t
04:24:26.427 [ForkJoinPool-1-worker-9] ERROR com.intuit.karate - org.apache.http.client.ClientProtocolException, http call failed after 0 milliseconds for URL: t
04:24:26.427 [ForkJoinPool-1-worker-9] ERROR com.intuit.karate - http request failed: 
org.apache.http.client.ClientProtocolException
04:24:26.428 [ForkJoinPool-1-worker-9] ERROR com.intuit.karate - feature call (loop) failed at index: 59
caller: classpath:InspireTest/ngr/datasetrecords/def/checkxlinkurl.template.feature
arg: {"link":"t"}
checkxlinkurl.template.feature:14 - 
org.apache.http.client.ClientProtocolException
04:24:26.437 [ForkJoinPool-1-worker-9] INFO  com.intuit.karate - [print]
04:24:26.438 [ForkJoinPool-1-worker-9] INFO  com.intuit.karate - [print] testing xlinkurl:h
04:24:26.438 [ForkJoinPool-1-worker-9] ERROR com.intuit.karate - org.apache.http.client.ClientProtocolException, http call failed after 0 milliseconds for URL: h
04:24:26.438 [ForkJoinPool-1-worker-9] ERROR com.intuit.karate - http request failed: 
org.apache.http.client.ClientProtocolException
04:24:26.438 [ForkJoinPool-1-worker-9] ERROR com.intuit.karate - feature call (loop) failed at index: 60
caller: classpath:InspireTest/ngr/datasetrecords/def/checkxlinkurl.template.feature
arg: {"link":"h"}
checkxlinkurl.template.feature:14 - 
org.apache.http.client.ClientProtocolException
04:24:26.438 [ForkJoinPool-1-worker-9] INFO  com.intuit.karate - [print]
04:24:26.439 [ForkJoinPool-1-worker-9] INFO  com.intuit.karate - [print] testing xlinkurl:e
04:24:26.439 [ForkJoinPool-1-worker-9] ERROR com.intuit.karate - org.apache.http.client.ClientProtocolException, http call failed after 0 milliseconds for URL: e
04:24:26.439 [ForkJoinPool-1-worker-9] ERROR com.intuit.karate - http request failed: 
org.apache.http.client.ClientProtocolException
04:24:26.439 [ForkJoinPool-1-worker-9] ERROR com.intuit.karate - feature call (loop) failed at index: 61
caller: classpath:InspireTest/ngr/datasetrecords/def/checkxlinkurl.template.feature
arg: {"link":"e"}
checkxlinkurl.template.feature:14 - 
org.apache.http.client.ClientProtocolException
04:24:26.439 [ForkJoinPool-1-worker-9] INFO  com.intuit.karate - [print]
04:24:26.440 [ForkJoinPool-1-worker-9] INFO  com.intuit.karate - [print] testing xlinkurl:s
04:24:26.440 [ForkJoinPool-1-worker-9] ERROR com.intuit.karate - org.apache.http.client.ClientProtocolException, http call failed after 0 milliseconds for URL: s
04:24:26.440 [ForkJoinPool-1-worker-9] ERROR com.intuit.karate - http request failed: 
org.apache.http.client.ClientProtocolException
04:24:26.440 [ForkJoinPool-1-worker-9] ERROR com.intuit.karate - feature call (loop) failed at index: 62
caller: classpath:InspireTest/ngr/datasetrecords/def/checkxlinkurl.template.feature
arg: {"link":"s"}
checkxlinkurl.template.feature:14 - 
org.apache.http.client.ClientProtocolException
04:24:26.440 [ForkJoinPool-1-worker-9] INFO  com.intuit.karate - [print]
04:24:26.441 [ForkJoinPool-1-worker-9] INFO  com.intuit.karate - [print] testing xlinkurl:a
04:24:26.441 [ForkJoinPool-1-worker-9] ERROR com.intuit.karate - org.apache.http.client.ClientProtocolException, http call failed after 0 milliseconds for URL: a
04:24:26.441 [ForkJoinPool-1-worker-9] ERROR com.intuit.karate - http request failed: 
org.apache.http.client.ClientProtocolException
04:24:26.441 [ForkJoinPool-1-worker-9] ERROR com.intuit.karate - feature call (loop) failed at index: 63
caller: classpath:InspireTest/ngr/datasetrecords/def/checkxlinkurl.template.feature
arg: {"link":"a"}
checkxlinkurl.template.feature:14 - 
org.apache.http.client.ClientProtocolException
04:24:26.442 [ForkJoinPool-1-worker-9] INFO  com.intuit.karate - [print]
04:24:26.442 [ForkJoinPool-1-worker-9] INFO  com.intuit.karate - [print] testing xlinkurl:u
04:24:26.442 [ForkJoinPool-1-worker-9] ERROR com.intuit.karate - org.apache.http.client.ClientProtocolException, http call failed after 0 milliseconds for URL: u
04:24:26.442 [ForkJoinPool-1-worker-9] ERROR com.intuit.karate - http request failed: 
org.apache.http.client.ClientProtocolException
04:24:26.442 [ForkJoinPool-1-worker-9] ERROR com.intuit.karate - feature call (loop) failed at index: 64
caller: classpath:InspireTest/ngr/datasetrecords/def/checkxlinkurl.template.feature
arg: {"link":"u"}
checkxlinkurl.template.feature:14 - 
org.apache.http.client.ClientProtocolException
04:24:26.443 [ForkJoinPool-1-worker-9] INFO  com.intuit.karate - [print]
04:24:26.443 [ForkJoinPool-1-worker-9] INFO  com.intuit.karate - [print] testing xlinkurl:r
04:24:26.443 [ForkJoinPool-1-worker-9] ERROR com.intuit.karate - org.apache.http.client.ClientProtocolException, http call failed after 0 milliseconds for URL: r
04:24:26.443 [ForkJoinPool-1-worker-9] ERROR com.intuit.karate - http request failed: 
org.apache.http.client.ClientProtocolException
04:24:26.443 [ForkJoinPool-1-worker-9] ERROR com.intuit.karate - feature call (loop) failed at index: 65
caller: classpath:InspireTest/ngr/datasetrecords/def/checkxlinkurl.template.feature
arg: {"link":"r"}
checkxlinkurl.template.feature:14 - 
org.apache.http.client.ClientProtocolException
04:24:26.444 [ForkJoinPool-1-worker-9] INFO  com.intuit.karate - [print]
04:24:26.444 [ForkJoinPool-1-worker-9] INFO  com.intuit.karate - [print] testing xlinkurl:u
04:24:26.444 [ForkJoinPool-1-worker-9] ERROR com.intuit.karate - org.apache.http.client.ClientProtocolException, http call failed after 0 milliseconds for URL: u
04:24:26.444 [ForkJoinPool-1-worker-9] ERROR com.intuit.karate - http request failed: 
org.apache.http.client.ClientProtocolException
04:24:26.444 [ForkJoinPool-1-worker-9] ERROR com.intuit.karate - feature call (loop) failed at index: 66
caller: classpath:InspireTest/ngr/datasetrecords/def/checkxlinkurl.template.feature
arg: {"link":"u"}
checkxlinkurl.template.feature:14 - 
org.apache.http.client.ClientProtocolException
04:24:26.445 [ForkJoinPool-1-worker-9] INFO  com.intuit.karate - [print]
04:24:26.445 [ForkJoinPool-1-worker-9] INFO  com.intuit.karate - [print] testing xlinkurl:s
04:24:26.445 [ForkJoinPool-1-worker-9] ERROR com.intuit.karate - org.apache.http.client.ClientProtocolException, http call failed after 0 milliseconds for URL: s
04:24:26.445 [ForkJoinPool-1-worker-9] ERROR com.intuit.karate - http request failed: 
org.apache.http.client.ClientProtocolException
04:24:26.445 [ForkJoinPool-1-worker-9] ERROR com.intuit.karate - feature call (loop) failed at index: 67
caller: classpath:InspireTest/ngr/datasetrecords/def/checkxlinkurl.template.feature
arg: {"link":"s"}
checkxlinkurl.template.feature:14 - 
org.apache.http.client.ClientProtocolException
04:24:26.446 [ForkJoinPool-1-worker-9] INFO  com.intuit.karate - [print]
04:24:26.446 [ForkJoinPool-1-worker-9] INFO  com.intuit.karate - [print] testing xlinkurl:.
04:24:26.446 [ForkJoinPool-1-worker-9] ERROR com.intuit.karate - org.apache.http.client.ClientProtocolException, http call failed after 0 milliseconds for URL: .
04:24:26.446 [ForkJoinPool-1-worker-9] ERROR com.intuit.karate - http request failed: 
org.apache.http.client.ClientProtocolException
04:24:26.446 [ForkJoinPool-1-worker-9] ERROR com.intuit.karate - feature call (loop) failed at index: 68
caller: classpath:InspireTest/ngr/datasetrecords/def/checkxlinkurl.template.feature
arg: {"link":"."}
checkxlinkurl.template.feature:14 - 
org.apache.http.client.ClientProtocolException
04:24:26.447 [ForkJoinPool-1-worker-9] INFO  com.intuit.karate - [print]
04:24:26.447 [ForkJoinPool-1-worker-9] INFO  com.intuit.karate - [print] testing xlinkurl:d
04:24:26.451 [ForkJoinPool-1-worker-9] ERROR com.intuit.karate - org.apache.http.client.ClientProtocolException, http call failed after 0 milliseconds for URL: d
04:24:26.451 [ForkJoinPool-1-worker-9] ERROR com.intuit.karate - http request failed: 
org.apache.http.client.ClientProtocolException
04:24:26.451 [ForkJoinPool-1-worker-9] ERROR com.intuit.karate - feature call (loop) failed at index: 69
caller: classpath:InspireTest/ngr/datasetrecords/def/checkxlinkurl.template.feature
arg: {"link":"d"}
checkxlinkurl.template.feature:14 - 
org.apache.http.client.ClientProtocolException
04:24:26.452 [ForkJoinPool-1-worker-9] INFO  com.intuit.karate - [print]
04:24:26.452 [ForkJoinPool-1-worker-9] INFO  com.intuit.karate - [print] testing xlinkurl:o
04:24:26.452 [ForkJoinPool-1-worker-9] ERROR com.intuit.karate - org.apache.http.client.ClientProtocolException, http call failed after 0 milliseconds for URL: o
04:24:26.452 [ForkJoinPool-1-worker-9] ERROR com.intuit.karate - http request failed: 
org.apache.http.client.ClientProtocolException
04:24:26.452 [ForkJoinPool-1-worker-9] ERROR com.intuit.karate - feature call (loop) failed at index: 70
caller: classpath:InspireTest/ngr/datasetrecords/def/checkxlinkurl.template.feature
arg: {"link":"o"}
checkxlinkurl.template.feature:14 - 
org.apache.http.client.ClientProtocolException
04:24:26.453 [ForkJoinPool-1-worker-9] INFO  com.intuit.karate - [print]
04:24:26.453 [ForkJoinPool-1-worker-9] INFO  com.intuit.karate - [print] testing xlinkurl:w
04:24:26.453 [ForkJoinPool-1-worker-9] ERROR com.intuit.karate - org.apache.http.client.ClientProtocolException, http call failed after 0 milliseconds for URL: w
04:24:26.453 [ForkJoinPool-1-worker-9] ERROR com.intuit.karate - http request failed: 
org.apache.http.client.ClientProtocolException
04:24:26.454 [ForkJoinPool-1-worker-9] ERROR com.intuit.karate - feature call (loop) failed at index: 71
caller: classpath:InspireTest/ngr/datasetrecords/def/checkxlinkurl.template.feature
arg: {"link":"w"}
checkxlinkurl.template.feature:14 - 
org.apache.http.client.ClientProtocolException
04:24:26.454 [ForkJoinPool-1-worker-9] INFO  com.intuit.karate - [print]
04:24:26.454 [ForkJoinPool-1-worker-9] INFO  com.intuit.karate - [print] testing xlinkurl:n
04:24:26.455 [ForkJoinPool-1-worker-9] ERROR com.intuit.karate - org.apache.http.client.ClientProtocolException, http call failed after 0 milliseconds for URL: n
04:24:26.455 [ForkJoinPool-1-worker-9] ERROR com.intuit.karate - http request failed: 
org.apache.http.client.ClientProtocolException
04:24:26.455 [ForkJoinPool-1-worker-9] ERROR com.intuit.karate - feature call (loop) failed at index: 72
caller: classpath:InspireTest/ngr/datasetrecords/def/checkxlinkurl.template.feature
arg: {"link":"n"}
checkxlinkurl.template.feature:14 - 
org.apache.http.client.ClientProtocolException
04:24:26.466 [ForkJoinPool-1-worker-9] INFO  com.intuit.karate - [print]
04:24:26.466 [ForkJoinPool-1-worker-9] INFO  com.intuit.karate - [print] testing xlinkurl:l
04:24:26.466 [ForkJoinPool-1-worker-9] ERROR com.intuit.karate - org.apache.http.client.ClientProtocolException, http call failed after 0 milliseconds for URL: l
04:24:26.467 [ForkJoinPool-1-worker-9] ERROR com.intuit.karate - http request failed: 
org.apache.http.client.ClientProtocolException
04:24:26.467 [ForkJoinPool-1-worker-9] ERROR com.intuit.karate - feature call (loop) failed at index: 73
caller: classpath:InspireTest/ngr/datasetrecords/def/checkxlinkurl.template.feature
arg: {"link":"l"}
checkxlinkurl.template.feature:14 - 
org.apache.http.client.ClientProtocolException
04:24:26.467 [ForkJoinPool-1-worker-9] INFO  com.intuit.karate - [print]
04:24:26.468 [ForkJoinPool-1-worker-9] INFO  com.intuit.karate - [print] testing xlinkurl:o
04:24:26.468 [ForkJoinPool-1-worker-9] ERROR com.intuit.karate - org.apache.http.client.ClientProtocolException, http call failed after 0 milliseconds for URL: o
04:24:26.468 [ForkJoinPool-1-worker-9] ERROR com.intuit.karate - http request failed: 
org.apache.http.client.ClientProtocolException
04:24:26.468 [ForkJoinPool-1-worker-9] ERROR com.intuit.karate - feature call (loop) failed at index: 74
caller: classpath:InspireTest/ngr/datasetrecords/def/checkxlinkurl.template.feature
arg: {"link":"o"}
checkxlinkurl.template.feature:14 - 
org.apache.http.client.ClientProtocolException
04:24:26.469 [ForkJoinPool-1-worker-9] INFO  com.intuit.karate - [print]
04:24:26.470 [ForkJoinPool-1-worker-9] INFO  com.intuit.karate - [print] testing xlinkurl:a
04:24:26.470 [ForkJoinPool-1-worker-9] ERROR com.intuit.karate - org.apache.http.client.ClientProtocolException, http call failed after 0 milliseconds for URL: a
04:24:26.470 [ForkJoinPool-1-worker-9] ERROR com.intuit.karate - http request failed: 
org.apache.http.client.ClientProtocolException
04:24:26.470 [ForkJoinPool-1-worker-9] ERROR com.intuit.karate - feature call (loop) failed at index: 75
caller: classpath:InspireTest/ngr/datasetrecords/def/checkxlinkurl.template.feature
arg: {"link":"a"}
checkxlinkurl.template.feature:14 - 
org.apache.http.client.ClientProtocolException
04:24:26.471 [ForkJoinPool-1-worker-9] INFO  com.intuit.karate - [print]
04:24:26.471 [ForkJoinPool-1-worker-9] INFO  com.intuit.karate - [print] testing xlinkurl:d
04:24:26.472 [ForkJoinPool-1-worker-9] ERROR com.intuit.karate - org.apache.http.client.ClientProtocolException, http call failed after 0 milliseconds for URL: d
04:24:26.472 [ForkJoinPool-1-worker-9] ERROR com.intuit.karate - http request failed: 
org.apache.http.client.ClientProtocolException
04:24:26.472 [ForkJoinPool-1-worker-9] ERROR com.intuit.karate - feature call (loop) failed at index: 76
caller: classpath:InspireTest/ngr/datasetrecords/def/checkxlinkurl.template.feature
arg: {"link":"d"}
checkxlinkurl.template.feature:14 - 
org.apache.http.client.ClientProtocolException
04:24:26.472 [ForkJoinPool-1-worker-9] INFO  com.intuit.karate - [print]
04:24:26.472 [ForkJoinPool-1-worker-9] INFO  com.intuit.karate - [print] testing xlinkurl:?
04:24:26.473 [ForkJoinPool-1-worker-9] ERROR com.intuit.karate - org.apache.http.client.ClientProtocolException, http call failed after 0 milliseconds for URL: ?
04:24:26.473 [ForkJoinPool-1-worker-9] ERROR com.intuit.karate - http request failed: 
org.apache.http.client.ClientProtocolException
04:24:26.473 [ForkJoinPool-1-worker-9] ERROR com.intuit.karate - feature call (loop) failed at index: 77
caller: classpath:InspireTest/ngr/datasetrecords/def/checkxlinkurl.template.feature
arg: {"link":"?"}
checkxlinkurl.template.feature:14 - 
org.apache.http.client.ClientProtocolException
04:24:26.473 [ForkJoinPool-1-worker-9] INFO  com.intuit.karate - [print]
04:24:26.474 [ForkJoinPool-1-worker-9] INFO  com.intuit.karate - [print] testing xlinkurl:r
04:24:26.474 [ForkJoinPool-1-worker-9] ERROR com.intuit.karate - org.apache.http.client.ClientProtocolException, http call failed after 0 milliseconds for URL: r
04:24:26.474 [ForkJoinPool-1-worker-9] ERROR com.intuit.karate - http request failed: 
org.apache.http.client.ClientProtocolException
04:24:26.474 [ForkJoinPool-1-worker-9] ERROR com.intuit.karate - feature call (loop) failed at index: 78
caller: classpath:InspireTest/ngr/datasetrecords/def/checkxlinkurl.template.feature
arg: {"link":"r"}
checkxlinkurl.template.feature:14 - 
org.apache.http.client.ClientProtocolException
04:24:26.474 [ForkJoinPool-1-worker-9] INFO  com.intuit.karate - [print]
04:24:26.475 [ForkJoinPool-1-worker-9] INFO  com.intuit.karate - [print] testing xlinkurl:e
04:24:26.475 [ForkJoinPool-1-worker-9] ERROR com.intuit.karate - org.apache.http.client.ClientProtocolException, http call failed after 0 milliseconds for URL: e
04:24:26.475 [ForkJoinPool-1-worker-9] ERROR com.intuit.karate - http request failed: 
org.apache.http.client.ClientProtocolException
04:24:26.475 [ForkJoinPool-1-worker-9] ERROR com.intuit.karate - feature call (loop) failed at index: 79
caller: classpath:InspireTest/ngr/datasetrecords/def/checkxlinkurl.template.feature
arg: {"link":"e"}
checkxlinkurl.template.feature:14 - 
org.apache.http.client.ClientProtocolException
04:24:26.475 [ForkJoinPool-1-worker-9] INFO  com.intuit.karate - [print]
04:24:26.476 [ForkJoinPool-1-worker-9] INFO  com.intuit.karate - [print] testing xlinkurl:f
04:24:26.476 [ForkJoinPool-1-worker-9] ERROR com.intuit.karate - org.apache.http.client.ClientProtocolException, http call failed after 0 milliseconds for URL: f
04:24:26.481 [ForkJoinPool-1-worker-9] ERROR com.intuit.karate - http request failed: 
org.apache.http.client.ClientProtocolException
04:24:26.500 [ForkJoinPool-1-worker-9] ERROR com.intuit.karate - feature call (loop) failed at index: 80
caller: classpath:InspireTest/ngr/datasetrecords/def/checkxlinkurl.template.feature
arg: {"link":"f"}
checkxlinkurl.template.feature:14 - 
org.apache.http.client.ClientProtocolException
04:24:26.501 [ForkJoinPool-1-worker-9] INFO  com.intuit.karate - [print]
04:24:26.501 [ForkJoinPool-1-worker-9] INFO  com.intuit.karate - [print] testing xlinkurl:=
04:24:26.501 [ForkJoinPool-1-worker-9] ERROR com.intuit.karate - org.apache.http.client.ClientProtocolException, http call failed after 0 milliseconds for URL: =
04:24:26.501 [ForkJoinPool-1-worker-9] ERROR com.intuit.karate - http request failed: 
org.apache.http.client.ClientProtocolException
04:24:26.501 [ForkJoinPool-1-worker-9] ERROR com.intuit.karate - feature call (loop) failed at index: 81
caller: classpath:InspireTest/ngr/datasetrecords/def/checkxlinkurl.template.feature
arg: {"link":"="}
checkxlinkurl.template.feature:14 - 
org.apache.http.client.ClientProtocolException
04:24:26.507 [ForkJoinPool-1-worker-9] INFO  com.intuit.karate - [print]
04:24:26.507 [ForkJoinPool-1-worker-9] INFO  com.intuit.karate - [print] testing xlinkurl:e
04:24:26.508 [ForkJoinPool-1-worker-9] ERROR com.intuit.karate - org.apache.http.client.ClientProtocolException, http call failed after 0 milliseconds for URL: e
04:24:26.508 [ForkJoinPool-1-worker-9] ERROR com.intuit.karate - http request failed: 
org.apache.http.client.ClientProtocolException
04:24:26.508 [ForkJoinPool-1-worker-9] ERROR com.intuit.karate - feature call (loop) failed at index: 82
caller: classpath:InspireTest/ngr/datasetrecords/def/checkxlinkurl.template.feature
arg: {"link":"e"}
checkxlinkurl.template.feature:14 - 
org.apache.http.client.ClientProtocolException
04:24:26.509 [ForkJoinPool-1-worker-9] INFO  com.intuit.karate - [print]
04:24:26.509 [ForkJoinPool-1-worker-9] INFO  com.intuit.karate - [print] testing xlinkurl:x
04:24:26.509 [ForkJoinPool-1-worker-9] ERROR com.intuit.karate - org.apache.http.client.ClientProtocolException, http call failed after 0 milliseconds for URL: x
04:24:26.509 [ForkJoinPool-1-worker-9] ERROR com.intuit.karate - http request failed: 
org.apache.http.client.ClientProtocolException
04:24:26.513 [ForkJoinPool-1-worker-9] ERROR com.intuit.karate - feature call (loop) failed at index: 83
caller: classpath:InspireTest/ngr/datasetrecords/def/checkxlinkurl.template.feature
arg: {"link":"x"}
checkxlinkurl.template.feature:14 - 
org.apache.http.client.ClientProtocolException
04:24:26.514 [ForkJoinPool-1-worker-9] INFO  com.intuit.karate - [print]
04:24:26.514 [ForkJoinPool-1-worker-9] INFO  com.intuit.karate - [print] testing xlinkurl:t
04:24:26.515 [ForkJoinPool-1-worker-9] ERROR com.intuit.karate - org.apache.http.client.ClientProtocolException, http call failed after 0 milliseconds for URL: t
04:24:26.515 [ForkJoinPool-1-worker-9] ERROR com.intuit.karate - http request failed: 
org.apache.http.client.ClientProtocolException
04:24:26.515 [ForkJoinPool-1-worker-9] ERROR com.intuit.karate - feature call (loop) failed at index: 84
caller: classpath:InspireTest/ngr/datasetrecords/def/checkxlinkurl.template.feature
arg: {"link":"t"}
checkxlinkurl.template.feature:14 - 
org.apache.http.client.ClientProtocolException
04:24:26.516 [ForkJoinPool-1-worker-9] INFO  com.intuit.karate - [print]
04:24:26.516 [ForkJoinPool-1-worker-9] INFO  com.intuit.karate - [print] testing xlinkurl:e
04:24:26.516 [ForkJoinPool-1-worker-9] ERROR com.intuit.karate - org.apache.http.client.ClientProtocolException, http call failed after 0 milliseconds for URL: e
04:24:26.516 [ForkJoinPool-1-worker-9] ERROR com.intuit.karate - http request failed: 
org.apache.http.client.ClientProtocolException
04:24:26.516 [ForkJoinPool-1-worker-9] ERROR com.intuit.karate - feature call (loop) failed at index: 85
caller: classpath:InspireTest/ngr/datasetrecords/def/checkxlinkurl.template.feature
arg: {"link":"e"}
checkxlinkurl.template.feature:14 - 
org.apache.http.client.ClientProtocolException
04:24:26.517 [ForkJoinPool-1-worker-9] INFO  com.intuit.karate - [print]
04:24:26.517 [ForkJoinPool-1-worker-9] INFO  com.intuit.karate - [print] testing xlinkurl:r
04:24:26.527 [ForkJoinPool-1-worker-9] ERROR com.intuit.karate - org.apache.http.client.ClientProtocolException, http call failed after 0 milliseconds for URL: r
04:24:26.527 [ForkJoinPool-1-worker-9] ERROR com.intuit.karate - http request failed: 
org.apache.http.client.ClientProtocolException
04:24:26.527 [ForkJoinPool-1-worker-9] ERROR com.intuit.karate - feature call (loop) failed at index: 86
caller: classpath:InspireTest/ngr/datasetrecords/def/checkxlinkurl.template.feature
arg: {"link":"r"}
checkxlinkurl.template.feature:14 - 
org.apache.http.client.ClientProtocolException
04:24:26.528 [ForkJoinPool-1-worker-9] INFO  com.intuit.karate - [print]
04:24:26.528 [ForkJoinPool-1-worker-9] INFO  com.intuit.karate - [print] testing xlinkurl:n
04:24:26.528 [ForkJoinPool-1-worker-9] ERROR com.intuit.karate - org.apache.http.client.ClientProtocolException, http call failed after 0 milliseconds for URL: n
04:24:26.528 [ForkJoinPool-1-worker-9] ERROR com.intuit.karate - http request failed: 
org.apache.http.client.ClientProtocolException
04:24:26.528 [ForkJoinPool-1-worker-9] ERROR com.intuit.karate - feature call (loop) failed at index: 87
caller: classpath:InspireTest/ngr/datasetrecords/def/checkxlinkurl.template.feature
arg: {"link":"n"}
checkxlinkurl.template.feature:14 - 
org.apache.http.client.ClientProtocolException
04:24:26.529 [ForkJoinPool-1-worker-9] INFO  com.intuit.karate - [print]
04:24:26.529 [ForkJoinPool-1-worker-9] INFO  com.intuit.karate - [print] testing xlinkurl:a
04:24:26.530 [ForkJoinPool-1-worker-9] ERROR com.intuit.karate - org.apache.http.client.ClientProtocolException, http call failed after 0 milliseconds for URL: a
04:24:26.530 [ForkJoinPool-1-worker-9] ERROR com.intuit.karate - http request failed: 
org.apache.http.client.ClientProtocolException
04:24:26.530 [ForkJoinPool-1-worker-9] ERROR com.intuit.karate - feature call (loop) failed at index: 88
caller: classpath:InspireTest/ngr/datasetrecords/def/checkxlinkurl.template.feature
arg: {"link":"a"}
checkxlinkurl.template.feature:14 - 
org.apache.http.client.ClientProtocolException
04:24:26.531 [ForkJoinPool-1-worker-9] INFO  com.intuit.karate - [print]
04:24:26.531 [ForkJoinPool-1-worker-9] INFO  com.intuit.karate - [print] testing xlinkurl:l
04:24:26.532 [ForkJoinPool-1-worker-9] ERROR com.intuit.karate - org.apache.http.client.ClientProtocolException, http call failed after 0 milliseconds for URL: l
04:24:26.532 [ForkJoinPool-1-worker-9] ERROR com.intuit.karate - http request failed: 
org.apache.http.client.ClientProtocolException
04:24:26.532 [ForkJoinPool-1-worker-9] ERROR com.intuit.karate - feature call (loop) failed at index: 89
caller: classpath:InspireTest/ngr/datasetrecords/def/checkxlinkurl.template.feature
arg: {"link":"l"}
checkxlinkurl.template.feature:14 - 
org.apache.http.client.ClientProtocolException
04:24:26.532 [ForkJoinPool-1-worker-9] INFO  com.intuit.karate - [print]
04:24:26.532 [ForkJoinPool-1-worker-9] INFO  com.intuit.karate - [print] testing xlinkurl:.
04:24:26.533 [ForkJoinPool-1-worker-9] ERROR com.intuit.karate - org.apache.http.client.ClientProtocolException, http call failed after 0 milliseconds for URL: .
04:24:26.533 [ForkJoinPool-1-worker-9] ERROR com.intuit.karate - http request failed: 
org.apache.http.client.ClientProtocolException
04:24:26.533 [ForkJoinPool-1-worker-9] ERROR com.intuit.karate - feature call (loop) failed at index: 90
caller: classpath:InspireTest/ngr/datasetrecords/def/checkxlinkurl.template.feature
arg: {"link":"."}
checkxlinkurl.template.feature:14 - 
org.apache.http.client.ClientProtocolException
04:24:26.534 [ForkJoinPool-1-worker-9] INFO  com.intuit.karate - [print]
04:24:26.534 [ForkJoinPool-1-worker-9] INFO  com.intuit.karate - [print] testing xlinkurl:t
04:24:26.534 [ForkJoinPool-1-worker-9] ERROR com.intuit.karate - org.apache.http.client.ClientProtocolException, http call failed after 0 milliseconds for URL: t
04:24:26.534 [ForkJoinPool-1-worker-9] ERROR com.intuit.karate - http request failed: 
org.apache.http.client.ClientProtocolException
04:24:26.534 [ForkJoinPool-1-worker-9] ERROR com.intuit.karate - feature call (loop) failed at index: 91
caller: classpath:InspireTest/ngr/datasetrecords/def/checkxlinkurl.template.feature
arg: {"link":"t"}
checkxlinkurl.template.feature:14 - 
org.apache.http.client.ClientProtocolException
04:24:26.535 [ForkJoinPool-1-worker-9] INFO  com.intuit.karate - [print]
04:24:26.535 [ForkJoinPool-1-worker-9] INFO  com.intuit.karate - [print] testing xlinkurl:h
04:24:26.535 [ForkJoinPool-1-worker-9] ERROR com.intuit.karate - org.apache.http.client.ClientProtocolException, http call failed after 0 milliseconds for URL: h
04:24:26.535 [ForkJoinPool-1-worker-9] ERROR com.intuit.karate - http request failed: 
org.apache.http.client.ClientProtocolException
04:24:26.535 [ForkJoinPool-1-worker-9] ERROR com.intuit.karate - feature call (loop) failed at index: 92
caller: classpath:InspireTest/ngr/datasetrecords/def/checkxlinkurl.template.feature
arg: {"link":"h"}
checkxlinkurl.template.feature:14 - 
org.apache.http.client.ClientProtocolException
04:24:26.536 [ForkJoinPool-1-worker-9] INFO  com.intuit.karate - [print]
04:24:26.536 [ForkJoinPool-1-worker-9] INFO  com.intuit.karate - [print] testing xlinkurl:e
04:24:26.536 [ForkJoinPool-1-worker-9] ERROR com.intuit.karate - org.apache.http.client.ClientProtocolException, http call failed after 0 milliseconds for URL: e
04:24:26.536 [ForkJoinPool-1-worker-9] ERROR com.intuit.karate - http request failed: 
org.apache.http.client.ClientProtocolException
04:24:26.536 [ForkJoinPool-1-worker-9] ERROR com.intuit.karate - feature call (loop) failed at index: 93
caller: classpath:InspireTest/ngr/datasetrecords/def/checkxlinkurl.template.feature
arg: {"link":"e"}
checkxlinkurl.template.feature:14 - 
org.apache.http.client.ClientProtocolException
04:24:26.539 [ForkJoinPool-1-worker-9] INFO  com.intuit.karate - [print]
04:24:26.539 [ForkJoinPool-1-worker-9] INFO  com.intuit.karate - [print] testing xlinkurl:m
04:24:26.539 [ForkJoinPool-1-worker-9] ERROR com.intuit.karate - org.apache.http.client.ClientProtocolException, http call failed after 0 milliseconds for URL: m
04:24:26.539 [ForkJoinPool-1-worker-9] ERROR com.intuit.karate - http request failed: 
org.apache.http.client.ClientProtocolException
04:24:26.539 [ForkJoinPool-1-worker-9] ERROR com.intuit.karate - feature call (loop) failed at index: 94
caller: classpath:InspireTest/ngr/datasetrecords/def/checkxlinkurl.template.feature
arg: {"link":"m"}
checkxlinkurl.template.feature:14 - 
org.apache.http.client.ClientProtocolException
04:24:26.540 [ForkJoinPool-1-worker-9] INFO  com.intuit.karate - [print]
04:24:26.540 [ForkJoinPool-1-worker-9] INFO  com.intuit.karate - [print] testing xlinkurl:e
04:24:26.540 [ForkJoinPool-1-worker-9] ERROR com.intuit.karate - org.apache.http.client.ClientProtocolException, http call failed after 0 milliseconds for URL: e
04:24:26.541 [ForkJoinPool-1-worker-9] ERROR com.intuit.karate - http request failed: 
org.apache.http.client.ClientProtocolException
04:24:26.541 [ForkJoinPool-1-worker-9] ERROR com.intuit.karate - feature call (loop) failed at index: 95
caller: classpath:InspireTest/ngr/datasetrecords/def/checkxlinkurl.template.feature
arg: {"link":"e"}
checkxlinkurl.template.feature:14 - 
org.apache.http.client.ClientProtocolException
04:24:26.541 [ForkJoinPool-1-worker-9] INFO  com.intuit.karate - [print]
04:24:26.542 [ForkJoinPool-1-worker-9] INFO  com.intuit.karate - [print] testing xlinkurl:.
04:24:26.542 [ForkJoinPool-1-worker-9] ERROR com.intuit.karate - org.apache.http.client.ClientProtocolException, http call failed after 0 milliseconds for URL: .
04:24:26.542 [ForkJoinPool-1-worker-9] ERROR com.intuit.karate - http request failed: 
org.apache.http.client.ClientProtocolException
04:24:26.542 [ForkJoinPool-1-worker-9] ERROR com.intuit.karate - feature call (loop) failed at index: 96
caller: classpath:InspireTest/ngr/datasetrecords/def/checkxlinkurl.template.feature
arg: {"link":"."}
checkxlinkurl.template.feature:14 - 
org.apache.http.client.ClientProtocolException
04:24:26.546 [ForkJoinPool-1-worker-9] INFO  com.intuit.karate - [print]
04:24:26.547 [ForkJoinPool-1-worker-9] INFO  com.intuit.karate - [print] testing xlinkurl:h
04:24:26.547 [ForkJoinPool-1-worker-9] ERROR com.intuit.karate - org.apache.http.client.ClientProtocolException, http call failed after 0 milliseconds for URL: h
04:24:26.547 [ForkJoinPool-1-worker-9] ERROR com.intuit.karate - http request failed: 
org.apache.http.client.ClientProtocolException
04:24:26.547 [ForkJoinPool-1-worker-9] ERROR com.intuit.karate - feature call (loop) failed at index: 97
caller: classpath:InspireTest/ngr/datasetrecords/def/checkxlinkurl.template.feature
arg: {"link":"h"}
checkxlinkurl.template.feature:14 - 
org.apache.http.client.ClientProtocolException
04:24:26.548 [ForkJoinPool-1-worker-9] INFO  com.intuit.karate - [print]
04:24:26.548 [ForkJoinPool-1-worker-9] INFO  com.intuit.karate - [print] testing xlinkurl:t
04:24:26.548 [ForkJoinPool-1-worker-9] ERROR com.intuit.karate - org.apache.http.client.ClientProtocolException, http call failed after 0 milliseconds for URL: t
04:24:26.548 [ForkJoinPool-1-worker-9] ERROR com.intuit.karate - http request failed: 
org.apache.http.client.ClientProtocolException
04:24:26.548 [ForkJoinPool-1-worker-9] ERROR com.intuit.karate - feature call (loop) failed at index: 98
caller: classpath:InspireTest/ngr/datasetrecords/def/checkxlinkurl.template.feature
arg: {"link":"t"}
checkxlinkurl.template.feature:14 - 
org.apache.http.client.ClientProtocolException
04:24:26.549 [ForkJoinPool-1-worker-9] INFO  com.intuit.karate - [print]
04:24:26.549 [ForkJoinPool-1-worker-9] INFO  com.intuit.karate - [print] testing xlinkurl:t
04:24:26.549 [ForkJoinPool-1-worker-9] ERROR com.intuit.karate - org.apache.http.client.ClientProtocolException, http call failed after 0 milliseconds for URL: t
04:24:26.549 [ForkJoinPool-1-worker-9] ERROR com.intuit.karate - http request failed: 
org.apache.http.client.ClientProtocolException
04:24:26.550 [ForkJoinPool-1-worker-9] ERROR com.intuit.karate - feature call (loop) failed at index: 99
caller: classpath:InspireTest/ngr/datasetrecords/def/checkxlinkurl.template.feature
arg: {"link":"t"}
checkxlinkurl.template.feature:14 - 
org.apache.http.client.ClientProtocolException
04:24:26.550 [ForkJoinPool-1-worker-9] INFO  com.intuit.karate - [print]
04:24:26.550 [ForkJoinPool-1-worker-9] INFO  com.intuit.karate - [print] testing xlinkurl:p
04:24:26.551 [ForkJoinPool-1-worker-9] ERROR com.intuit.karate - org.apache.http.client.ClientProtocolException, http call failed after 0 milliseconds for URL: p
04:24:26.551 [ForkJoinPool-1-worker-9] ERROR com.intuit.karate - http request failed: 
org.apache.http.client.ClientProtocolException
04:24:26.551 [ForkJoinPool-1-worker-9] ERROR com.intuit.karate - feature call (loop) failed at index: 100
caller: classpath:InspireTest/ngr/datasetrecords/def/checkxlinkurl.template.feature
arg: {"link":"p"}
checkxlinkurl.template.feature:14 - 
org.apache.http.client.ClientProtocolException
04:24:26.551 [ForkJoinPool-1-worker-9] INFO  com.intuit.karate - [print]
04:24:26.551 [ForkJoinPool-1-worker-9] INFO  com.intuit.karate - [print] testing xlinkurl:i
04:24:26.552 [ForkJoinPool-1-worker-9] ERROR com.intuit.karate - org.apache.http.client.ClientProtocolException, http call failed after 0 milliseconds for URL: i
04:24:26.552 [ForkJoinPool-1-worker-9] ERROR com.intuit.karate - http request failed: 
org.apache.http.client.ClientProtocolException
04:24:26.552 [ForkJoinPool-1-worker-9] ERROR com.intuit.karate - feature call (loop) failed at index: 101
caller: classpath:InspireTest/ngr/datasetrecords/def/checkxlinkurl.template.feature
arg: {"link":"i"}
checkxlinkurl.template.feature:14 - 
org.apache.http.client.ClientProtocolException
04:24:26.552 [ForkJoinPool-1-worker-9] INFO  com.intuit.karate - [print]
04:24:26.553 [ForkJoinPool-1-worker-9] INFO  com.intuit.karate - [print] testing xlinkurl:n
04:24:26.553 [ForkJoinPool-1-worker-9] ERROR com.intuit.karate - org.apache.http.client.ClientProtocolException, http call failed after 0 milliseconds for URL: n
04:24:26.553 [ForkJoinPool-1-worker-9] ERROR com.intuit.karate - http request failed: 
org.apache.http.client.ClientProtocolException
04:24:26.553 [ForkJoinPool-1-worker-9] ERROR com.intuit.karate - feature call (loop) failed at index: 102
caller: classpath:InspireTest/ngr/datasetrecords/def/checkxlinkurl.template.feature
arg: {"link":"n"}
checkxlinkurl.template.feature:14 - 
org.apache.http.client.ClientProtocolException
04:24:26.554 [ForkJoinPool-1-worker-9] INFO  com.intuit.karate - [print]
04:24:26.554 [ForkJoinPool-1-worker-9] INFO  com.intuit.karate - [print] testing xlinkurl:s
04:24:26.555 [ForkJoinPool-1-worker-9] ERROR com.intuit.karate - org.apache.http.client.ClientProtocolException, http call failed after 0 milliseconds for URL: s
04:24:26.555 [ForkJoinPool-1-worker-9] ERROR com.intuit.karate - http request failed: 
org.apache.http.client.ClientProtocolException
04:24:26.555 [ForkJoinPool-1-worker-9] ERROR com.intuit.karate - feature call (loop) failed at index: 103
caller: classpath:InspireTest/ngr/datasetrecords/def/checkxlinkurl.template.feature
arg: {"link":"s"}
checkxlinkurl.template.feature:14 - 
org.apache.http.client.ClientProtocolException
04:24:26.556 [ForkJoinPool-1-worker-9] INFO  com.intuit.karate - [print]
04:24:26.556 [ForkJoinPool-1-worker-9] INFO  com.intuit.karate - [print] testing xlinkurl:p
04:24:26.556 [ForkJoinPool-1-worker-9] ERROR com.intuit.karate - org.apache.http.client.ClientProtocolException, http call failed after 0 milliseconds for URL: p
04:24:26.556 [ForkJoinPool-1-worker-9] ERROR com.intuit.karate - http request failed: 
org.apache.http.client.ClientProtocolException
04:24:26.556 [ForkJoinPool-1-worker-9] ERROR com.intuit.karate - feature call (loop) failed at index: 104
caller: classpath:InspireTest/ngr/datasetrecords/def/checkxlinkurl.template.feature
arg: {"link":"p"}
checkxlinkurl.template.feature:14 - 
org.apache.http.client.ClientProtocolException
04:24:26.557 [ForkJoinPool-1-worker-9] INFO  com.intuit.karate - [print]
04:24:26.557 [ForkJoinPool-1-worker-9] INFO  com.intuit.karate - [print] testing xlinkurl:i
04:24:26.558 [ForkJoinPool-1-worker-9] ERROR com.intuit.karate - org.apache.http.client.ClientProtocolException, http call failed after 0 milliseconds for URL: i
04:24:26.558 [ForkJoinPool-1-worker-9] ERROR com.intuit.karate - http request failed: 
org.apache.http.client.ClientProtocolException
04:24:26.558 [ForkJoinPool-1-worker-9] ERROR com.intuit.karate - feature call (loop) failed at index: 105
caller: classpath:InspireTest/ngr/datasetrecords/def/checkxlinkurl.template.feature
arg: {"link":"i"}
checkxlinkurl.template.feature:14 - 
org.apache.http.client.ClientProtocolException
04:24:26.559 [ForkJoinPool-1-worker-9] INFO  com.intuit.karate - [print]
04:24:26.559 [ForkJoinPool-1-worker-9] INFO  com.intuit.karate - [print] testing xlinkurl:r
04:24:26.560 [ForkJoinPool-1-worker-9] ERROR com.intuit.karate - org.apache.http.client.ClientProtocolException, http call failed after 0 milliseconds for URL: r
04:24:26.560 [ForkJoinPool-1-worker-9] ERROR com.intuit.karate - http request failed: 
org.apache.http.client.ClientProtocolException
04:24:26.561 [ForkJoinPool-1-worker-9] ERROR com.intuit.karate - feature call (loop) failed at index: 106
caller: classpath:InspireTest/ngr/datasetrecords/def/checkxlinkurl.template.feature
arg: {"link":"r"}
checkxlinkurl.template.feature:14 - 
org.apache.http.client.ClientProtocolException
04:24:26.561 [ForkJoinPool-1-worker-9] INFO  com.intuit.karate - [print]
04:24:26.561 [ForkJoinPool-1-worker-9] INFO  com.intuit.karate - [print] testing xlinkurl:e
04:24:26.562 [ForkJoinPool-1-worker-9] ERROR com.intuit.karate - org.apache.http.client.ClientProtocolException, http call failed after 0 milliseconds for URL: e
04:24:26.562 [ForkJoinPool-1-worker-9] ERROR com.intuit.karate - http request failed: 
org.apache.http.client.ClientProtocolException
04:24:26.562 [ForkJoinPool-1-worker-9] ERROR com.intuit.karate - feature call (loop) failed at index: 107
caller: classpath:InspireTest/ngr/datasetrecords/def/checkxlinkurl.template.feature
arg: {"link":"e"}
checkxlinkurl.template.feature:14 - 
org.apache.http.client.ClientProtocolException
04:24:26.562 [ForkJoinPool-1-worker-9] INFO  com.intuit.karate - [print]
04:24:26.562 [ForkJoinPool-1-worker-9] INFO  com.intuit.karate - [print] testing xlinkurl:e
04:24:26.563 [ForkJoinPool-1-worker-9] ERROR com.intuit.karate - org.apache.http.client.ClientProtocolException, http call failed after 0 milliseconds for URL: e
04:24:26.563 [ForkJoinPool-1-worker-9] ERROR com.intuit.karate - http request failed: 
org.apache.http.client.ClientProtocolException
04:24:26.564 [ForkJoinPool-1-worker-9] ERROR com.intuit.karate - feature call (loop) failed at index: 108
caller: classpath:InspireTest/ngr/datasetrecords/def/checkxlinkurl.template.feature
arg: {"link":"e"}
checkxlinkurl.template.feature:14 - 
org.apache.http.client.ClientProtocolException
04:24:26.564 [ForkJoinPool-1-worker-9] INFO  com.intuit.karate - [print]
04:24:26.566 [ForkJoinPool-1-worker-9] INFO  com.intuit.karate - [print] testing xlinkurl:c
04:24:26.566 [ForkJoinPool-1-worker-9] ERROR com.intuit.karate - org.apache.http.client.ClientProtocolException, http call failed after 0 milliseconds for URL: c
04:24:26.566 [ForkJoinPool-1-worker-9] ERROR com.intuit.karate - http request failed: 
org.apache.http.client.ClientProtocolException
04:24:26.566 [ForkJoinPool-1-worker-9] ERROR com.intuit.karate - feature call (loop) failed at index: 109
caller: classpath:InspireTest/ngr/datasetrecords/def/checkxlinkurl.template.feature
arg: {"link":"c"}
checkxlinkurl.template.feature:14 - 
org.apache.http.client.ClientProtocolException
04:24:26.567 [ForkJoinPool-1-worker-9] INFO  com.intuit.karate - [print]
04:24:26.567 [ForkJoinPool-1-worker-9] INFO  com.intuit.karate - [print] testing xlinkurl:e
04:24:26.568 [ForkJoinPool-1-worker-9] ERROR com.intuit.karate - org.apache.http.client.ClientProtocolException, http call failed after 0 milliseconds for URL: e
04:24:26.568 [ForkJoinPool-1-worker-9] ERROR com.intuit.karate - http request failed: 
org.apache.http.client.ClientProtocolException
04:24:26.568 [ForkJoinPool-1-worker-9] ERROR com.intuit.karate - feature call (loop) failed at index: 110
caller: classpath:InspireTest/ngr/datasetrecords/def/checkxlinkurl.template.feature
arg: {"link":"e"}
checkxlinkurl.template.feature:14 - 
org.apache.http.client.ClientProtocolException
04:24:26.576 [ForkJoinPool-1-worker-9] INFO  com.intuit.karate - [print]
04:24:26.576 [ForkJoinPool-1-worker-9] INFO  com.intuit.karate - [print] testing xlinkurl:u
04:24:26.576 [ForkJoinPool-1-worker-9] ERROR com.intuit.karate - org.apache.http.client.ClientProtocolException, http call failed after 0 milliseconds for URL: u
04:24:26.576 [ForkJoinPool-1-worker-9] ERROR com.intuit.karate - http request failed: 
org.apache.http.client.ClientProtocolException
04:24:26.577 [ForkJoinPool-1-worker-9] ERROR com.intuit.karate - feature call (loop) failed at index: 111
caller: classpath:InspireTest/ngr/datasetrecords/def/checkxlinkurl.template.feature
arg: {"link":"u"}
checkxlinkurl.template.feature:14 - 
org.apache.http.client.ClientProtocolException
04:24:26.577 [ForkJoinPool-1-worker-9] INFO  com.intuit.karate - [print]
04:24:26.581 [ForkJoinPool-1-worker-9] INFO  com.intuit.karate - [print] testing xlinkurl:r
04:24:26.581 [ForkJoinPool-1-worker-9] ERROR com.intuit.karate - org.apache.http.client.ClientProtocolException, http call failed after 0 milliseconds for URL: r
04:24:26.581 [ForkJoinPool-1-worker-9] ERROR com.intuit.karate - http request failed: 
org.apache.http.client.ClientProtocolException
04:24:26.581 [ForkJoinPool-1-worker-9] ERROR com.intuit.karate - feature call (loop) failed at index: 112
caller: classpath:InspireTest/ngr/datasetrecords/def/checkxlinkurl.template.feature
arg: {"link":"r"}
checkxlinkurl.template.feature:14 - 
org.apache.http.client.ClientProtocolException
04:24:26.582 [ForkJoinPool-1-worker-9] INFO  com.intuit.karate - [print]
04:24:26.582 [ForkJoinPool-1-worker-9] INFO  com.intuit.karate - [print] testing xlinkurl:o
04:24:26.582 [ForkJoinPool-1-worker-9] ERROR com.intuit.karate - org.apache.http.client.ClientProtocolException, http call failed after 0 milliseconds for URL: o
04:24:26.582 [ForkJoinPool-1-worker-9] ERROR com.intuit.karate - http request failed: 
org.apache.http.client.ClientProtocolException
04:24:26.583 [ForkJoinPool-1-worker-9] ERROR com.intuit.karate - feature call (loop) failed at index: 113
caller: classpath:InspireTest/ngr/datasetrecords/def/checkxlinkurl.template.feature
arg: {"link":"o"}
checkxlinkurl.template.feature:14 - 
org.apache.http.client.ClientProtocolException
04:24:26.583 [ForkJoinPool-1-worker-9] INFO  com.intuit.karate - [print]
04:24:26.583 [ForkJoinPool-1-worker-9] INFO  com.intuit.karate - [print] testing xlinkurl:p
04:24:26.584 [ForkJoinPool-1-worker-9] ERROR com.intuit.karate - org.apache.http.client.ClientProtocolException, http call failed after 0 milliseconds for URL: p
04:24:26.584 [ForkJoinPool-1-worker-9] ERROR com.intuit.karate - http request failed: 
org.apache.http.client.ClientProtocolException
04:24:26.584 [ForkJoinPool-1-worker-9] ERROR com.intuit.karate - feature call (loop) failed at index: 114
caller: classpath:InspireTest/ngr/datasetrecords/def/checkxlinkurl.template.feature
arg: {"link":"p"}
checkxlinkurl.template.feature:14 - 
org.apache.http.client.ClientProtocolException
04:24:26.584 [ForkJoinPool-1-worker-9] INFO  com.intuit.karate - [print]
04:24:26.589 [ForkJoinPool-1-worker-9] INFO  com.intuit.karate - [print] testing xlinkurl:a
04:24:26.589 [ForkJoinPool-1-worker-9] ERROR com.intuit.karate - org.apache.http.client.ClientProtocolException, http call failed after 0 milliseconds for URL: a
04:24:26.590 [ForkJoinPool-1-worker-9] ERROR com.intuit.karate - http request failed: 
org.apache.http.client.ClientProtocolException
04:24:26.590 [ForkJoinPool-1-worker-9] ERROR com.intuit.karate - feature call (loop) failed at index: 115
caller: classpath:InspireTest/ngr/datasetrecords/def/checkxlinkurl.template.feature
arg: {"link":"a"}
checkxlinkurl.template.feature:14 - 
org.apache.http.client.ClientProtocolException
04:24:26.590 [ForkJoinPool-1-worker-9] INFO  com.intuit.karate - [print]
04:24:26.590 [ForkJoinPool-1-worker-9] INFO  com.intuit.karate - [print] testing xlinkurl:e
04:24:26.591 [ForkJoinPool-1-worker-9] ERROR com.intuit.karate - org.apache.http.client.ClientProtocolException, http call failed after 0 milliseconds for URL: e
04:24:26.591 [ForkJoinPool-1-worker-9] ERROR com.intuit.karate - http request failed: 
org.apache.http.client.ClientProtocolException
04:24:26.591 [ForkJoinPool-1-worker-9] ERROR com.intuit.karate - feature call (loop) failed at index: 116
caller: classpath:InspireTest/ngr/datasetrecords/def/checkxlinkurl.template.feature
arg: {"link":"e"}
checkxlinkurl.template.feature:14 - 
org.apache.http.client.ClientProtocolException
04:24:26.594 [ForkJoinPool-1-worker-9] INFO  com.intuit.karate - [print]
04:24:26.594 [ForkJoinPool-1-worker-9] INFO  com.intuit.karate - [print] testing xlinkurl:u
04:24:26.595 [ForkJoinPool-1-worker-9] ERROR com.intuit.karate - org.apache.http.client.ClientProtocolException, http call failed after 0 milliseconds for URL: u
04:24:26.595 [ForkJoinPool-1-worker-9] ERROR com.intuit.karate - http request failed: 
org.apache.http.client.ClientProtocolException
04:24:26.595 [ForkJoinPool-1-worker-9] ERROR com.intuit.karate - feature call (loop) failed at index: 117
caller: classpath:InspireTest/ngr/datasetrecords/def/checkxlinkurl.template.feature
arg: {"link":"u"}
checkxlinkurl.template.feature:14 - 
org.apache.http.client.ClientProtocolException
04:24:26.596 [ForkJoinPool-1-worker-9] INFO  com.intuit.karate - [print]
04:24:26.597 [ForkJoinPool-1-worker-9] INFO  com.intuit.karate - [print] testing xlinkurl:t
04:24:26.598 [ForkJoinPool-1-worker-9] ERROR com.intuit.karate - org.apache.http.client.ClientProtocolException, http call failed after 0 milliseconds for URL: t
04:24:26.598 [ForkJoinPool-1-worker-9] ERROR com.intuit.karate - http request failed: 
org.apache.http.client.ClientProtocolException
04:24:26.599 [ForkJoinPool-1-worker-9] ERROR com.intuit.karate - feature call (loop) failed at index: 118
caller: classpath:InspireTest/ngr/datasetrecords/def/checkxlinkurl.template.feature
arg: {"link":"t"}
checkxlinkurl.template.feature:14 - 
org.apache.http.client.ClientProtocolException
04:24:26.600 [ForkJoinPool-1-worker-9] INFO  com.intuit.karate - [print]
04:24:26.602 [ForkJoinPool-1-worker-9] INFO  com.intuit.karate - [print] testing xlinkurl:h
04:24:26.603 [ForkJoinPool-1-worker-9] ERROR com.intuit.karate - org.apache.http.client.ClientProtocolException, http call failed after 0 milliseconds for URL: h
04:24:26.603 [ForkJoinPool-1-worker-9] ERROR com.intuit.karate - http request failed: 
org.apache.http.client.ClientProtocolException
04:24:26.603 [ForkJoinPool-1-worker-9] ERROR com.intuit.karate - feature call (loop) failed at index: 119
caller: classpath:InspireTest/ngr/datasetrecords/def/checkxlinkurl.template.feature
arg: {"link":"h"}
checkxlinkurl.template.feature:14 - 
org.apache.http.client.ClientProtocolException
04:24:26.606 [ForkJoinPool-1-worker-9] INFO  com.intuit.karate - [print]
04:24:26.606 [ForkJoinPool-1-worker-9] INFO  com.intuit.karate - [print] testing xlinkurl:e
04:24:26.606 [ForkJoinPool-1-worker-9] ERROR com.intuit.karate - org.apache.http.client.ClientProtocolException, http call failed after 0 milliseconds for URL: e
04:24:26.606 [ForkJoinPool-1-worker-9] ERROR com.intuit.karate - http request failed: 
org.apache.http.client.ClientProtocolException
04:24:26.606 [ForkJoinPool-1-worker-9] ERROR com.intuit.karate - feature call (loop) failed at index: 120
caller: classpath:InspireTest/ngr/datasetrecords/def/checkxlinkurl.template.feature
arg: {"link":"e"}
checkxlinkurl.template.feature:14 - 
org.apache.http.client.ClientProtocolException
04:24:26.607 [ForkJoinPool-1-worker-9] INFO  com.intuit.karate - [print]
04:24:26.607 [ForkJoinPool-1-worker-9] INFO  com.intuit.karate - [print] testing xlinkurl:m
04:24:26.607 [ForkJoinPool-1-worker-9] ERROR com.intuit.karate - org.apache.http.client.ClientProtocolException, http call failed after 0 milliseconds for URL: m
04:24:26.607 [ForkJoinPool-1-worker-9] ERROR com.intuit.karate - http request failed: 
org.apache.http.client.ClientProtocolException
04:24:26.607 [ForkJoinPool-1-worker-9] ERROR com.intuit.karate - feature call (loop) failed at index: 121
caller: classpath:InspireTest/ngr/datasetrecords/def/checkxlinkurl.template.feature
arg: {"link":"m"}
checkxlinkurl.template.feature:14 - 
org.apache.http.client.ClientProtocolException
04:24:26.608 [ForkJoinPool-1-worker-9] INFO  com.intuit.karate - [print]
04:24:26.612 [ForkJoinPool-1-worker-9] INFO  com.intuit.karate - [print] testing xlinkurl:e
04:24:26.613 [ForkJoinPool-1-worker-9] ERROR com.intuit.karate - org.apache.http.client.ClientProtocolException, http call failed after 0 milliseconds for URL: e
04:24:26.613 [ForkJoinPool-1-worker-9] ERROR com.intuit.karate - http request failed: 
org.apache.http.client.ClientProtocolException
04:24:26.613 [ForkJoinPool-1-worker-9] ERROR com.intuit.karate - feature call (loop) failed at index: 122
caller: classpath:InspireTest/ngr/datasetrecords/def/checkxlinkurl.template.feature
arg: {"link":"e"}
checkxlinkurl.template.feature:14 - 
org.apache.http.client.ClientProtocolException
04:24:26.613 [ForkJoinPool-1-worker-9] INFO  com.intuit.karate - [print]
04:24:26.614 [ForkJoinPool-1-worker-9] INFO  com.intuit.karate - [print] testing xlinkurl:-
04:24:26.614 [ForkJoinPool-1-worker-9] ERROR com.intuit.karate - org.apache.http.client.ClientProtocolException, http call failed after 0 milliseconds for URL: -
04:24:26.614 [ForkJoinPool-1-worker-9] ERROR com.intuit.karate - http request failed: 
org.apache.http.client.ClientProtocolException
04:24:26.614 [ForkJoinPool-1-worker-9] ERROR com.intuit.karate - feature call (loop) failed at index: 123
caller: classpath:InspireTest/ngr/datasetrecords/def/checkxlinkurl.template.feature
arg: {"link":"-"}
checkxlinkurl.template.feature:14 - 
org.apache.http.client.ClientProtocolException
04:24:26.615 [ForkJoinPool-1-worker-9] INFO  com.intuit.karate - [print]
04:24:26.615 [ForkJoinPool-1-worker-9] INFO  com.intuit.karate - [print] testing xlinkurl:t
04:24:26.615 [ForkJoinPool-1-worker-9] ERROR com.intuit.karate - org.apache.http.client.ClientProtocolException, http call failed after 0 milliseconds for URL: t
04:24:26.615 [ForkJoinPool-1-worker-9] ERROR com.intuit.karate - http request failed: 
org.apache.http.client.ClientProtocolException
04:24:26.615 [ForkJoinPool-1-worker-9] ERROR com.intuit.karate - feature call (loop) failed at index: 124
caller: classpath:InspireTest/ngr/datasetrecords/def/checkxlinkurl.template.feature
arg: {"link":"t"}
checkxlinkurl.template.feature:14 - 
org.apache.http.client.ClientProtocolException
04:24:26.616 [ForkJoinPool-1-worker-9] INFO  com.intuit.karate - [print]
04:24:26.616 [ForkJoinPool-1-worker-9] INFO  com.intuit.karate - [print] testing xlinkurl:h
04:24:26.617 [ForkJoinPool-1-worker-9] ERROR com.intuit.karate - org.apache.http.client.ClientProtocolException, http call failed after 0 milliseconds for URL: h
04:24:26.617 [ForkJoinPool-1-worker-9] ERROR com.intuit.karate - http request failed: 
org.apache.http.client.ClientProtocolException
04:24:26.624 [ForkJoinPool-1-worker-9] ERROR com.intuit.karate - feature call (loop) failed at index: 125
caller: classpath:InspireTest/ngr/datasetrecords/def/checkxlinkurl.template.feature
arg: {"link":"h"}
checkxlinkurl.template.feature:14 - 
org.apache.http.client.ClientProtocolException
04:24:26.624 [ForkJoinPool-1-worker-9] INFO  com.intuit.karate - [print]
04:24:26.625 [ForkJoinPool-1-worker-9] INFO  com.intuit.karate - [print] testing xlinkurl:e
04:24:26.625 [ForkJoinPool-1-worker-9] ERROR com.intuit.karate - org.apache.http.client.ClientProtocolException, http call failed after 0 milliseconds for URL: e
04:24:26.625 [ForkJoinPool-1-worker-9] ERROR com.intuit.karate - http request failed: 
org.apache.http.client.ClientProtocolException
04:24:26.625 [ForkJoinPool-1-worker-9] ERROR com.intuit.karate - feature call (loop) failed at index: 126
caller: classpath:InspireTest/ngr/datasetrecords/def/checkxlinkurl.template.feature
arg: {"link":"e"}
checkxlinkurl.template.feature:14 - 
org.apache.http.client.ClientProtocolException
04:24:26.626 [ForkJoinPool-1-worker-9] INFO  com.intuit.karate - [print]
04:24:26.626 [ForkJoinPool-1-worker-9] INFO  com.intuit.karate - [print] testing xlinkurl:m
04:24:26.626 [ForkJoinPool-1-worker-9] ERROR com.intuit.karate - org.apache.http.client.ClientProtocolException, http call failed after 0 milliseconds for URL: m
04:24:26.626 [ForkJoinPool-1-worker-9] ERROR com.intuit.karate - http request failed: 
org.apache.http.client.ClientProtocolException
04:24:26.626 [ForkJoinPool-1-worker-9] ERROR com.intuit.karate - feature call (loop) failed at index: 127
caller: classpath:InspireTest/ngr/datasetrecords/def/checkxlinkurl.template.feature
arg: {"link":"m"}
checkxlinkurl.template.feature:14 - 
org.apache.http.client.ClientProtocolException
04:24:26.627 [ForkJoinPool-1-worker-9] INFO  com.intuit.karate - [print]
04:24:26.627 [ForkJoinPool-1-worker-9] INFO  com.intuit.karate - [print] testing xlinkurl:e
04:24:26.627 [ForkJoinPool-1-worker-9] ERROR com.intuit.karate - org.apache.http.client.ClientProtocolException, http call failed after 0 milliseconds for URL: e
04:24:26.627 [ForkJoinPool-1-worker-9] ERROR com.intuit.karate - http request failed: 
org.apache.http.client.ClientProtocolException
04:24:26.627 [ForkJoinPool-1-worker-9] ERROR com.intuit.karate - feature call (loop) failed at index: 128
caller: classpath:InspireTest/ngr/datasetrecords/def/checkxlinkurl.template.feature
arg: {"link":"e"}
checkxlinkurl.template.feature:14 - 
org.apache.http.client.ClientProtocolException
04:24:26.724 [ForkJoinPool-1-worker-5] ERROR com.intuit.karate - status code was: 500, expected: 200, response time: 333, url: https://www.nationaalgeoregister.nl/geonetwork/srv/api/recordsf44dac86-2228-412f-8355-e56446ca9933, response: 
04:24:26.724 [ForkJoinPool-1-worker-5] ERROR com.intuit.karate - feature call (loop) failed at index: 1
caller: classpath:InspireTest/ngr/datasetrecords/def/checkxlinkurl.template.feature
arg: {"link":"https://www.nationaalgeoregister.nl/geonetwork/srv/api/recordsf44dac86-2228-412f-8355-e56446ca9933"}
checkxlinkurl.template.feature:15 - status code was: 500, expected: 200, response time: 333, url: https://www.nationaalgeoregister.nl/geonetwork/srv/api/recordsf44dac86-2228-412f-8355-e56446ca9933, response: 
04:24:26.725 [ForkJoinPool-1-worker-5] INFO  com.intuit.karate - [print]
04:24:26.725 [ForkJoinPool-1-worker-5] INFO  com.intuit.karate - [print] testing xlinkurl:www.hydro.nl
04:24:26.726 [ForkJoinPool-1-worker-5] ERROR com.intuit.karate - org.apache.http.client.ClientProtocolException, http call failed after 0 milliseconds for URL: www.hydro.nl
04:24:26.726 [ForkJoinPool-1-worker-5] ERROR com.intuit.karate - http request failed: 
org.apache.http.client.ClientProtocolException
04:24:26.726 [ForkJoinPool-1-worker-5] ERROR com.intuit.karate - feature call (loop) failed at index: 2
caller: classpath:InspireTest/ngr/datasetrecords/def/checkxlinkurl.template.feature
arg: {"link":"www.hydro.nl"}
checkxlinkurl.template.feature:14 - 
org.apache.http.client.ClientProtocolException
04:24:26.902 [ForkJoinPool-1-worker-7] INFO  com.intuit.karate - [print] title:Kadastrale Percelen (INSPIRE geharmoniseerd)
04:24:26.903 [ForkJoinPool-1-worker-7] INFO  com.intuit.karate - [print] Kadastrale Percelen (INSPIRE geharmoniseerd)
04:24:26.904 [ForkJoinPool-1-worker-7] INFO  com.intuit.karate - [print] [
  "PPB-GVA@kadaster.nl",
  "kcc@kadaster.nl",
  "",
  ""
]

04:24:26.908 [ForkJoinPool-1-worker-7] INFO  com.intuit.karate - [print] organisation: [
  "Kadaster",
  "Kadaster"
]

04:24:26.916 [ForkJoinPool-1-worker-7] INFO  com.intuit.karate - [print] [
  "http://www.opengis.net/def/crs/EPSG/0/http://www.opengis.net/def/crs/EPSG/0/4258",
  "http://kadaster/0f9b8c87-80a6-435f-b3b3-e07c3918d344"
]

04:24:26.924 [ForkJoinPool-1-worker-7] INFO  com.intuit.karate - [print]
04:24:26.925 [ForkJoinPool-1-worker-7] INFO  com.intuit.karate - [print] testing xlinkurl:http://www.opengis.net/def/crs/EPSG/0/http://www.opengis.net/def/crs/EPSG/0/4258
04:24:27.027 [ForkJoinPool-1-worker-13] INFO  com.intuit.karate - [print] title:Actuele synoptische weerwaarnemingen KNMI Nederland per 10 minuten (24 uur)
04:24:27.027 [ForkJoinPool-1-worker-13] INFO  com.intuit.karate - [print] Actuele synoptische weerwaarnemingen KNMI Nederland per 10 minuten (24 uur)
04:24:27.037 [ForkJoinPool-1-worker-13] INFO  com.intuit.karate - [print] [
  "datacentrum@knmi.nl",
  "datacentrum@knmi.nl",
  "datacentrum@knmi.nl"
]

04:24:27.039 [ForkJoinPool-1-worker-13] INFO  com.intuit.karate - [print] organisation: [
  "Koninklijk Nederlands Meteorologisch Instituut (KNMI)",
  "Koninklijk Nederlands Meteorologisch Instituut (KNMI)",
  "Koninklijk Nederlands Meteorologisch Instituut (KNMI)"
]

04:24:27.046 [ForkJoinPool-1-worker-13] INFO  com.intuit.karate - [print] [
  "https://www.nationaalgeoregister.nl/geonetwork/srv/api/records1b2abd21-3084-4db7-ab49-46866b4aac2b",
  "https://creativecommons.org/publicdomain/zero/*/deed.nl"
]

04:24:27.062 [ForkJoinPool-1-worker-13] INFO  com.intuit.karate - [print]
04:24:27.063 [ForkJoinPool-1-worker-13] INFO  com.intuit.karate - [print] testing xlinkurl:https://www.nationaalgeoregister.nl/geonetwork/srv/api/records1b2abd21-3084-4db7-ab49-46866b4aac2b
04:24:27.088 [ForkJoinPool-1-worker-3] INFO  com.intuit.karate - [print] title:Natuurlijke alfa activiteitsconcentratie in lucht Nationaal Meetnet Radioactiviteit 2011
04:24:27.088 [ForkJoinPool-1-worker-3] INFO  com.intuit.karate - [print] Natuurlijke alfa activiteitsconcentratie in lucht Nationaal Meetnet Radioactiviteit 2011
04:24:27.094 [ForkJoinPool-1-worker-3] INFO  com.intuit.karate - [print] [
  "geodata@rivm.nl",
  "",
  "geodata@rivm.nl"
]

04:24:27.095 [ForkJoinPool-1-worker-3] INFO  com.intuit.karate - [print] organisation: no organisationName found in dataset record
04:24:27.097 [ForkJoinPool-1-worker-3] INFO  com.intuit.karate - [print] [
  "https://data.rivm.nl/inspire/id#10fcd5a9-3804-48e3-bcbd-d816594dbb6f"
]

04:24:27.106 [ForkJoinPool-1-worker-3] INFO  com.intuit.karate - [print]
04:24:27.107 [ForkJoinPool-1-worker-3] INFO  com.intuit.karate - [print] testing xlinkurl:https://data.rivm.nl/inspire/id#10fcd5a9-3804-48e3-bcbd-d816594dbb6f
04:24:27.157 [ForkJoinPool-1-worker-9] INFO  com.intuit.karate - [print] title:Monitoring stations (Nitraatrichtlijn) diepe filters
04:24:27.157 [ForkJoinPool-1-worker-9] INFO  com.intuit.karate - [print] Monitoring stations (Nitraatrichtlijn) diepe filters
04:24:27.158 [ForkJoinPool-1-worker-9] INFO  com.intuit.karate - [print] [
  "geodata@rivm.nl",
  "",
  "geodata@rivm.nl"
]

04:24:27.159 [ForkJoinPool-1-worker-9] INFO  com.intuit.karate - [print] organisation: no organisationName found in dataset record
04:24:27.160 [ForkJoinPool-1-worker-9] INFO  com.intuit.karate - [print] [
  "https://data.rivm.nl/inspire/id#36a7e8cb-8300-4602-93d2-135943365a6f"
]

04:24:27.168 [ForkJoinPool-1-worker-9] INFO  com.intuit.karate - [print]
04:24:27.168 [ForkJoinPool-1-worker-9] INFO  com.intuit.karate - [print] testing xlinkurl:https://data.rivm.nl/inspire/id#36a7e8cb-8300-4602-93d2-135943365a6f
04:24:27.222 [ForkJoinPool-1-worker-7] INFO  com.intuit.karate - [print]
04:24:27.222 [ForkJoinPool-1-worker-7] INFO  com.intuit.karate - [print] testing xlinkurl:http://kadaster/0f9b8c87-80a6-435f-b3b3-e07c3918d344
04:24:27.230 [ForkJoinPool-1-worker-7] ERROR com.intuit.karate - java.net.UnknownHostException: kadaster: Temporary failure in name resolution, http call failed after 6 milliseconds for URL: http://kadaster/0f9b8c87-80a6-435f-b3b3-e07c3918d344
04:24:27.231 [ForkJoinPool-1-worker-7] ERROR com.intuit.karate - http request failed: 
java.net.UnknownHostException: kadaster: Temporary failure in name resolution
04:24:27.231 [ForkJoinPool-1-worker-7] ERROR com.intuit.karate - feature call (loop) failed at index: 1
caller: classpath:InspireTest/ngr/datasetrecords/def/checkxlinkurl.template.feature
arg: {"link":"http://kadaster/0f9b8c87-80a6-435f-b3b3-e07c3918d344"}
checkxlinkurl.template.feature:14 - 
java.net.UnknownHostException: kadaster: Temporary failure in name resolution
04:24:27.254 [ForkJoinPool-1-worker-5] INFO  com.intuit.karate - [print] title:Netwerk van KNMI waarneemstations
04:24:27.254 [ForkJoinPool-1-worker-5] INFO  com.intuit.karate - [print] Netwerk van KNMI waarneemstations
04:24:27.256 [ForkJoinPool-1-worker-5] INFO  com.intuit.karate - [print] [
  "datacentrum@knmi.nl",
  "datacentrum@knmi.nl",
  "datacentrum@knmi.nl"
]

04:24:27.258 [ForkJoinPool-1-worker-5] INFO  com.intuit.karate - [print] organisation: [
  "Koninklijk Nederlands Meteorologisch Instituut (KNMI)",
  "Koninklijk Nederlands Meteorologisch Instituut (KNMI)",
  "Koninklijk Nederlands Meteorologisch Instituut (KNMI)"
]

04:24:27.260 [ForkJoinPool-1-worker-5] INFO  com.intuit.karate - [print] [
  "https://www.nationaalgeoregister.nl/geonetwork/srv/api/records6c6be9c5-b09b-4dcf-a5fd-f149cbaca6fb",
  "https://creativecommons.org/publicdomain/zero/*/deed.nl"
]

04:24:27.266 [ForkJoinPool-1-worker-5] INFO  com.intuit.karate - [print]
04:24:27.267 [ForkJoinPool-1-worker-5] INFO  com.intuit.karate - [print] testing xlinkurl:https://www.nationaalgeoregister.nl/geonetwork/srv/api/records6c6be9c5-b09b-4dcf-a5fd-f149cbaca6fb
04:24:27.372 [ForkJoinPool-1-worker-13] ERROR com.intuit.karate - status code was: 500, expected: 200, response time: 308, url: https://www.nationaalgeoregister.nl/geonetwork/srv/api/records1b2abd21-3084-4db7-ab49-46866b4aac2b, response: 
04:24:27.373 [ForkJoinPool-1-worker-13] ERROR com.intuit.karate - feature call (loop) failed at index: 0
caller: classpath:InspireTest/ngr/datasetrecords/def/checkxlinkurl.template.feature
arg: {"link":"https://www.nationaalgeoregister.nl/geonetwork/srv/api/records1b2abd21-3084-4db7-ab49-46866b4aac2b"}
checkxlinkurl.template.feature:15 - status code was: 500, expected: 200, response time: 308, url: https://www.nationaalgeoregister.nl/geonetwork/srv/api/records1b2abd21-3084-4db7-ab49-46866b4aac2b, response: 
04:24:27.376 [ForkJoinPool-1-worker-13] INFO  com.intuit.karate - [print]
04:24:27.377 [ForkJoinPool-1-worker-13] INFO  com.intuit.karate - [print] testing xlinkurl:https://creativecommons.org/publicdomain/zero/*/deed.nl
04:24:27.413 [ForkJoinPool-1-worker-13] ERROR com.intuit.karate - status code was: 404, expected: 200, response time: 36, url: https://creativecommons.org/publicdomain/zero/*/deed.nl, response: 
04:24:27.414 [ForkJoinPool-1-worker-13] ERROR com.intuit.karate - feature call (loop) failed at index: 1
caller: classpath:InspireTest/ngr/datasetrecords/def/checkxlinkurl.template.feature
arg: {"link":"https://creativecommons.org/publicdomain/zero/*/deed.nl"}
checkxlinkurl.template.feature:15 - status code was: 404, expected: 200, response time: 36, url: https://creativecommons.org/publicdomain/zero/*/deed.nl, response: 
04:24:27.473 [ForkJoinPool-1-worker-3] ERROR com.intuit.karate - javax.net.ssl.SSLException: Connection reset, http call failed after 361 milliseconds for URL: https://data.rivm.nl/inspire/id#10fcd5a9-3804-48e3-bcbd-d816594dbb6f
04:24:27.473 [ForkJoinPool-1-worker-3] ERROR com.intuit.karate - http request failed: 
javax.net.ssl.SSLException: Connection reset
04:24:27.473 [ForkJoinPool-1-worker-3] ERROR com.intuit.karate - feature call (loop) failed at index: 0
caller: classpath:InspireTest/ngr/datasetrecords/def/checkxlinkurl.template.feature
arg: {"link":"https://data.rivm.nl/inspire/id#10fcd5a9-3804-48e3-bcbd-d816594dbb6f"}
checkxlinkurl.template.feature:14 - 
javax.net.ssl.SSLException: Connection reset
04:24:27.529 [ForkJoinPool-1-worker-9] ERROR com.intuit.karate - javax.net.ssl.SSLException: Connection reset, http call failed after 360 milliseconds for URL: https://data.rivm.nl/inspire/id#36a7e8cb-8300-4602-93d2-135943365a6f
04:24:27.529 [ForkJoinPool-1-worker-9] ERROR com.intuit.karate - http request failed: 
javax.net.ssl.SSLException: Connection reset
04:24:27.529 [ForkJoinPool-1-worker-9] ERROR com.intuit.karate - feature call (loop) failed at index: 0
caller: classpath:InspireTest/ngr/datasetrecords/def/checkxlinkurl.template.feature
arg: {"link":"https://data.rivm.nl/inspire/id#36a7e8cb-8300-4602-93d2-135943365a6f"}
checkxlinkurl.template.feature:14 - 
javax.net.ssl.SSLException: Connection reset
04:24:27.582 [ForkJoinPool-1-worker-5] ERROR com.intuit.karate - status code was: 500, expected: 200, response time: 314, url: https://www.nationaalgeoregister.nl/geonetwork/srv/api/records6c6be9c5-b09b-4dcf-a5fd-f149cbaca6fb, response: 
04:24:27.582 [ForkJoinPool-1-worker-5] ERROR com.intuit.karate - feature call (loop) failed at index: 0
caller: classpath:InspireTest/ngr/datasetrecords/def/checkxlinkurl.template.feature
arg: {"link":"https://www.nationaalgeoregister.nl/geonetwork/srv/api/records6c6be9c5-b09b-4dcf-a5fd-f149cbaca6fb"}
checkxlinkurl.template.feature:15 - status code was: 500, expected: 200, response time: 314, url: https://www.nationaalgeoregister.nl/geonetwork/srv/api/records6c6be9c5-b09b-4dcf-a5fd-f149cbaca6fb, response: 
04:24:27.585 [ForkJoinPool-1-worker-5] INFO  com.intuit.karate - [print]
04:24:27.585 [ForkJoinPool-1-worker-5] INFO  com.intuit.karate - [print] testing xlinkurl:https://creativecommons.org/publicdomain/zero/*/deed.nl
04:24:27.634 [ForkJoinPool-1-worker-5] ERROR com.intuit.karate - status code was: 404, expected: 200, response time: 48, url: https://creativecommons.org/publicdomain/zero/*/deed.nl, response: 
04:24:27.634 [ForkJoinPool-1-worker-5] ERROR com.intuit.karate - feature call (loop) failed at index: 1
caller: classpath:InspireTest/ngr/datasetrecords/def/checkxlinkurl.template.feature
arg: {"link":"https://creativecommons.org/publicdomain/zero/*/deed.nl"}
checkxlinkurl.template.feature:15 - status code was: 404, expected: 200, response time: 48, url: https://creativecommons.org/publicdomain/zero/*/deed.nl, response: 
04:24:27.742 [ForkJoinPool-1-worker-7] INFO  com.intuit.karate - [print] title:Bathymetrie Nederland - binnenwateren
04:24:27.743 [ForkJoinPool-1-worker-7] INFO  com.intuit.karate - [print] Bathymetrie Nederland - binnenwateren
04:24:27.744 [ForkJoinPool-1-worker-7] INFO  com.intuit.karate - [print] [
  "servicedesk-data@rijkswaterstaat.nl",
  "servicedesk-data@rijkswaterstaat.nl",
  "",
  "servicedesk-data@rijkswaterstaat.nl",
  "servicedesk-data@rijkswaterstaat.nl"
]

04:24:27.745 [ForkJoinPool-1-worker-7] INFO  com.intuit.karate - [print] organisation: [
  "Rijkswaterstaat",
  "Rijkswaterstaat",
  "",
  "Rijkswaterstaat",
  "Rijkswaterstaat"
]

04:24:27.746 [ForkJoinPool-1-worker-7] INFO  com.intuit.karate - [print] [
  "https://www.nationaalgeoregister.nl/geonetwork/srv/dut/catalog.search#/metadata/adn73c4a-ef03-4785-b7f6-942e86b385f7",
  "http://rdfdata.eionet.europa.eu/inspirethemes/themes/10",
  "urn:ogc:def:crs:EPSG::5709"
]

04:24:27.750 [ForkJoinPool-1-worker-7] INFO  com.intuit.karate - [print]
04:24:27.750 [ForkJoinPool-1-worker-7] INFO  com.intuit.karate - [print] testing xlinkurl:https://www.nationaalgeoregister.nl/geonetwork/srv/dut/catalog.search#/metadata/adn73c4a-ef03-4785-b7f6-942e86b385f7
04:24:27.992 [ForkJoinPool-1-worker-13] INFO  com.intuit.karate - [print] title:BRO Digital Geological Model (DGM)
04:24:27.992 [ForkJoinPool-1-worker-13] INFO  com.intuit.karate - [print] BRO Digital Geological Model (DGM)
04:24:27.993 [ForkJoinPool-1-worker-13] INFO  com.intuit.karate - [print] [
  "info@bro.nl",
  "info@bro.nl",
  "info@dinoloket.nl"
]

04:24:27.994 [ForkJoinPool-1-worker-13] INFO  com.intuit.karate - [print] organisation: [
  "TNO Geologische Dienst Nederland",
  "TNO Geologische Dienst Nederland",
  "TNO Geologische Dienst Nederland"
]

04:24:27.996 [ForkJoinPool-1-worker-13] INFO  com.intuit.karate - [print] [
  "https://ngr.acceptatie.nationaalgeoregister.nl/geonetwork/srv/resourcesc7a15080-2724-11e2-81c1-0800200c9a66",
  "http://rdfdata.eionet.europa.eu/inspirethemes/themes/13",
  "http://rdfdata.eionet.europa.eu/inspirethemes/themes/#",
  "https://www.nationaalgeoregister.nl/geonetwork/srv/eng/thesaurus.download?ref=external.theme.inspire-theme"
]

04:24:28.001 [ForkJoinPool-1-worker-13] INFO  com.intuit.karate - [print]
04:24:28.001 [ForkJoinPool-1-worker-13] INFO  com.intuit.karate - [print] testing xlinkurl:https://ngr.acceptatie.nationaalgeoregister.nl/geonetwork/srv/resourcesc7a15080-2724-11e2-81c1-0800200c9a66
04:24:28.057 [ForkJoinPool-1-worker-3] INFO  com.intuit.karate - [print] title:BRO REGIS II Hydrogeologisch model (HGM)
04:24:28.059 [ForkJoinPool-1-worker-3] INFO  com.intuit.karate - [print] BRO REGIS II Hydrogeologisch model (HGM)
04:24:28.060 [ForkJoinPool-1-worker-3] INFO  com.intuit.karate - [print] [
  "info@bro.nl",
  "info@bro.nl",
  "info@dinoloket.nl"
]

04:24:28.065 [ForkJoinPool-1-worker-3] INFO  com.intuit.karate - [print] organisation: [
  "TNO Geologische Dienst Nederland",
  "TNO Geologische Dienst Nederland",
  "TNO Geologische Dienst Nederland"
]

04:24:28.067 [ForkJoinPool-1-worker-3] INFO  com.intuit.karate - [print] [
  "http://www.opengis.net/def/crs/EPSG/0/NAP",
  "https://ngr.acceptatie.nationaalgeoregister.nl/geonetwork/srv/resourcesd72ddff0-2724-11e2-81c1-0800200c9a66"
]

04:24:28.072 [ForkJoinPool-1-worker-3] INFO  com.intuit.karate - [print]
04:24:28.072 [ForkJoinPool-1-worker-3] INFO  com.intuit.karate - [print] testing xlinkurl:http://www.opengis.net/def/crs/EPSG/0/NAP
04:24:28.181 [ForkJoinPool-1-worker-9] INFO  com.intuit.karate - [print] title:BRO GeoTOP (GTM)
04:24:28.182 [ForkJoinPool-1-worker-9] INFO  com.intuit.karate - [print] BRO GeoTOP (GTM)
04:24:28.183 [ForkJoinPool-1-worker-9] INFO  com.intuit.karate - [print] [
  "info@bro.nl",
  "info@bro.nl",
  "info@dinoloket.nl"
]

04:24:28.184 [ForkJoinPool-1-worker-9] INFO  com.intuit.karate - [print] organisation: [
  "TNO Geologische Dienst Nederland",
  "TNO Geologische Dienst Nederland",
  "TNO Geologische Dienst Nederland"
]

04:24:28.186 [ForkJoinPool-1-worker-9] INFO  com.intuit.karate - [print] [
  "http://www.opengis.net/def/crs/EPSG/0/NAP",
  "https://ngr.acceptatie.nationaalgeoregister.nl/geonetwork/srv/resourcesddf87610-2724-11e2-81c1-0800200c9a66"
]

04:24:28.190 [ForkJoinPool-1-worker-9] INFO  com.intuit.karate - [print]
04:24:28.190 [ForkJoinPool-1-worker-9] INFO  com.intuit.karate - [print] testing xlinkurl:http://www.opengis.net/def/crs/EPSG/0/NAP
04:24:28.209 [ForkJoinPool-1-worker-7] INFO  com.intuit.karate - [print]
04:24:28.210 [ForkJoinPool-1-worker-7] INFO  com.intuit.karate - [print] testing xlinkurl:http://rdfdata.eionet.europa.eu/inspirethemes/themes/10
04:24:28.245 [ForkJoinPool-1-worker-5] INFO  com.intuit.karate - [print] title:Menselijke gezondheid en veiligheid - geluidbelasting rijkswegen 2016 (INSPIRE geharmoniseerd)
04:24:28.245 [ForkJoinPool-1-worker-5] INFO  com.intuit.karate - [print] Menselijke gezondheid en veiligheid - geluidbelasting rijkswegen 2016 (INSPIRE geharmoniseerd)
04:24:28.246 [ForkJoinPool-1-worker-5] INFO  com.intuit.karate - [print] [
  "servicedesk-data@rijkswaterstaat.nl",
  "servicedesk-data@rijkswaterstaat.nl",
  "",
  "servicedesk-data@rijkswaterstaat.nl",
  "info@wetransform.to"
]

04:24:28.248 [ForkJoinPool-1-worker-5] INFO  com.intuit.karate - [print] organisation: [
  "Rijkswaterstaat",
  "Rijkswaterstaat",
  "",
  "Rijkswaterstaat",
  "Wetransform"
]

04:24:28.249 [ForkJoinPool-1-worker-5] INFO  com.intuit.karate - [print] [
  "https://www.nationaalgeoregister.nl/geonetwork/srv/dut/catalog.search#/metadata/wt-83730-e750-485a-9c0c-39bf9be72cf8",
  "http://rdfdata.eionet.europa.eu/inspirethemes/themes/18",
  "https://ngr.geocat.live/geonetwork/srv/eng/thesaurus.download?ref=external.theme.httpinspireeceuropaeumetadatacodelistPrioritydataset-Prioritydataset"
]

04:24:28.254 [ForkJoinPool-1-worker-5] INFO  com.intuit.karate - [print]
04:24:28.254 [ForkJoinPool-1-worker-5] INFO  com.intuit.karate - [print] testing xlinkurl:https://www.nationaalgeoregister.nl/geonetwork/srv/dut/catalog.search#/metadata/wt-83730-e750-485a-9c0c-39bf9be72cf8
04:24:28.294 [ForkJoinPool-1-worker-13] ERROR com.intuit.karate - status code was: 404, expected: 200, response time: 291, url: https://ngr.acceptatie.nationaalgeoregister.nl/geonetwork/srv/resourcesc7a15080-2724-11e2-81c1-0800200c9a66, response: 
04:24:28.294 [ForkJoinPool-1-worker-13] ERROR com.intuit.karate - feature call (loop) failed at index: 0
caller: classpath:InspireTest/ngr/datasetrecords/def/checkxlinkurl.template.feature
arg: {"link":"https://ngr.acceptatie.nationaalgeoregister.nl/geonetwork/srv/resourcesc7a15080-2724-11e2-81c1-0800200c9a66"}
checkxlinkurl.template.feature:15 - status code was: 404, expected: 200, response time: 291, url: https://ngr.acceptatie.nationaalgeoregister.nl/geonetwork/srv/resourcesc7a15080-2724-11e2-81c1-0800200c9a66, response: 
04:24:28.297 [ForkJoinPool-1-worker-13] INFO  com.intuit.karate - [print]
04:24:28.298 [ForkJoinPool-1-worker-13] INFO  com.intuit.karate - [print] testing xlinkurl:http://rdfdata.eionet.europa.eu/inspirethemes/themes/13
04:24:28.372 [ForkJoinPool-1-worker-3] INFO  com.intuit.karate - [print]
04:24:28.372 [ForkJoinPool-1-worker-3] INFO  com.intuit.karate - [print] testing xlinkurl:https://ngr.acceptatie.nationaalgeoregister.nl/geonetwork/srv/resourcesd72ddff0-2724-11e2-81c1-0800200c9a66
04:24:28.420 [ForkJoinPool-1-worker-7] ERROR com.intuit.karate - status code was: 404, expected: 200, response time: 210, url: http://rdfdata.eionet.europa.eu/inspirethemes/themes/10, response: 
04:24:28.420 [ForkJoinPool-1-worker-7] ERROR com.intuit.karate - feature call (loop) failed at index: 1
caller: classpath:InspireTest/ngr/datasetrecords/def/checkxlinkurl.template.feature
arg: {"link":"http://rdfdata.eionet.europa.eu/inspirethemes/themes/10"}
checkxlinkurl.template.feature:15 - status code was: 404, expected: 200, response time: 210, url: http://rdfdata.eionet.europa.eu/inspirethemes/themes/10, response: 
04:24:28.423 [ForkJoinPool-1-worker-7] INFO  com.intuit.karate - [print]
04:24:28.424 [ForkJoinPool-1-worker-7] INFO  com.intuit.karate - [print] testing xlinkurl:urn:ogc:def:crs:EPSG::5709
04:24:28.425 [ForkJoinPool-1-worker-7] ERROR com.intuit.karate - org.apache.http.client.ClientProtocolException: URI does not specify a valid host name: urn:ogc:def:crs:EPSG::5709, http call failed after 0 milliseconds for URL: urn:ogc:def:crs:EPSG::5709
04:24:28.425 [ForkJoinPool-1-worker-7] ERROR com.intuit.karate - http request failed: 
org.apache.http.client.ClientProtocolException: URI does not specify a valid host name: urn:ogc:def:crs:EPSG::5709
04:24:28.426 [ForkJoinPool-1-worker-7] ERROR com.intuit.karate - feature call (loop) failed at index: 2
caller: classpath:InspireTest/ngr/datasetrecords/def/checkxlinkurl.template.feature
arg: {"link":"urn:ogc:def:crs:EPSG::5709"}
checkxlinkurl.template.feature:14 - 
org.apache.http.client.ClientProtocolException: URI does not specify a valid host name: urn:ogc:def:crs:EPSG::5709
04:24:28.489 [ForkJoinPool-1-worker-9] INFO  com.intuit.karate - [print]
04:24:28.489 [ForkJoinPool-1-worker-9] INFO  com.intuit.karate - [print] testing xlinkurl:https://ngr.acceptatie.nationaalgeoregister.nl/geonetwork/srv/resourcesddf87610-2724-11e2-81c1-0800200c9a66
04:24:28.520 [ForkJoinPool-1-worker-13] ERROR com.intuit.karate - status code was: 404, expected: 200, response time: 221, url: http://rdfdata.eionet.europa.eu/inspirethemes/themes/13, response: 
04:24:28.520 [ForkJoinPool-1-worker-13] ERROR com.intuit.karate - feature call (loop) failed at index: 1
caller: classpath:InspireTest/ngr/datasetrecords/def/checkxlinkurl.template.feature
arg: {"link":"http://rdfdata.eionet.europa.eu/inspirethemes/themes/13"}
checkxlinkurl.template.feature:15 - status code was: 404, expected: 200, response time: 221, url: http://rdfdata.eionet.europa.eu/inspirethemes/themes/13, response: 
04:24:28.521 [ForkJoinPool-1-worker-13] INFO  com.intuit.karate - [print]
04:24:28.521 [ForkJoinPool-1-worker-13] INFO  com.intuit.karate - [print] testing xlinkurl:http://rdfdata.eionet.europa.eu/inspirethemes/themes/#
04:24:28.578 [ForkJoinPool-1-worker-5] INFO  com.intuit.karate - [print]
04:24:28.578 [ForkJoinPool-1-worker-5] INFO  com.intuit.karate - [print] testing xlinkurl:http://rdfdata.eionet.europa.eu/inspirethemes/themes/18
04:24:28.661 [ForkJoinPool-1-worker-3] ERROR com.intuit.karate - status code was: 404, expected: 200, response time: 287, url: https://ngr.acceptatie.nationaalgeoregister.nl/geonetwork/srv/resourcesd72ddff0-2724-11e2-81c1-0800200c9a66, response: 
04:24:28.661 [ForkJoinPool-1-worker-3] ERROR com.intuit.karate - feature call (loop) failed at index: 1
caller: classpath:InspireTest/ngr/datasetrecords/def/checkxlinkurl.template.feature
arg: {"link":"https://ngr.acceptatie.nationaalgeoregister.nl/geonetwork/srv/resourcesd72ddff0-2724-11e2-81c1-0800200c9a66"}
checkxlinkurl.template.feature:15 - status code was: 404, expected: 200, response time: 287, url: https://ngr.acceptatie.nationaalgeoregister.nl/geonetwork/srv/resourcesd72ddff0-2724-11e2-81c1-0800200c9a66, response: 
04:24:28.743 [ForkJoinPool-1-worker-13] ERROR com.intuit.karate - status code was: 404, expected: 200, response time: 216, url: http://rdfdata.eionet.europa.eu/inspirethemes/themes/#, response: 
04:24:28.743 [ForkJoinPool-1-worker-13] ERROR com.intuit.karate - feature call (loop) failed at index: 2
caller: classpath:InspireTest/ngr/datasetrecords/def/checkxlinkurl.template.feature
arg: {"link":"http://rdfdata.eionet.europa.eu/inspirethemes/themes/#"}
checkxlinkurl.template.feature:15 - status code was: 404, expected: 200, response time: 216, url: http://rdfdata.eionet.europa.eu/inspirethemes/themes/#, response: 
04:24:28.745 [ForkJoinPool-1-worker-13] INFO  com.intuit.karate - [print]
04:24:28.745 [ForkJoinPool-1-worker-13] INFO  com.intuit.karate - [print] testing xlinkurl:https://www.nationaalgeoregister.nl/geonetwork/srv/eng/thesaurus.download?ref=external.theme.inspire-theme
04:24:28.777 [ForkJoinPool-1-worker-9] ERROR com.intuit.karate - status code was: 404, expected: 200, response time: 286, url: https://ngr.acceptatie.nationaalgeoregister.nl/geonetwork/srv/resourcesddf87610-2724-11e2-81c1-0800200c9a66, response: 
04:24:28.777 [ForkJoinPool-1-worker-9] ERROR com.intuit.karate - feature call (loop) failed at index: 1
caller: classpath:InspireTest/ngr/datasetrecords/def/checkxlinkurl.template.feature
arg: {"link":"https://ngr.acceptatie.nationaalgeoregister.nl/geonetwork/srv/resourcesddf87610-2724-11e2-81c1-0800200c9a66"}
checkxlinkurl.template.feature:15 - status code was: 404, expected: 200, response time: 286, url: https://ngr.acceptatie.nationaalgeoregister.nl/geonetwork/srv/resourcesddf87610-2724-11e2-81c1-0800200c9a66, response: 
04:24:28.974 [ForkJoinPool-1-worker-7] INFO  com.intuit.karate - [print] title:Zwemwater (provinciaal en Rijkswateren) uit {Zwemwaterregister}
04:24:28.974 [ForkJoinPool-1-worker-7] INFO  com.intuit.karate - [print] Zwemwater (provinciaal en Rijkswateren) uit {Zwemwaterregister}
04:24:28.975 [ForkJoinPool-1-worker-7] INFO  com.intuit.karate - [print] [
  "inspire@gbo-provincies.nl",
  "inspire@gbo-provincies.nl",
  "inspire@gbo-provincies.nl"
]

04:24:28.975 [ForkJoinPool-1-worker-7] INFO  com.intuit.karate - [print] organisation: [
  "Interprovinciaal Overleg",
  "Interprovinciaal Overleg",
  "Interprovinciaal Overleg"
]

04:24:28.977 [ForkJoinPool-1-worker-7] INFO  com.intuit.karate - [print] [
  "http://www.opengis.net/def/crs/EPSG/0/http://www.opengis.net/def/crs/EPSG/0/3034",
  "http://nationaalgeoregister.nl/geonetwork/srv/dut/csw?SERVICE=CSW&version=2.0.2&REQUEST=GetRecordById&elementSetName=full&OutputSchema=http://www.isotc211.org/2005/gmd&ID=c829abeb-bfac-4224-8332-e7a9a89e692e",
  "https://creativecommons.org/publicdomain/mark/*/deed.nl",
  ""
]

04:24:28.985 [ForkJoinPool-1-worker-7] INFO  com.intuit.karate - [print]
04:24:28.985 [ForkJoinPool-1-worker-7] INFO  com.intuit.karate - [print] testing xlinkurl:http://www.opengis.net/def/crs/EPSG/0/http://www.opengis.net/def/crs/EPSG/0/3034
04:24:29.146 [ForkJoinPool-1-worker-5] ERROR com.intuit.karate - status code was: 404, expected: 200, response time: 566, url: http://rdfdata.eionet.europa.eu/inspirethemes/themes/18, response: 
04:24:29.146 [ForkJoinPool-1-worker-5] ERROR com.intuit.karate - feature call (loop) failed at index: 1
caller: classpath:InspireTest/ngr/datasetrecords/def/checkxlinkurl.template.feature
arg: {"link":"http://rdfdata.eionet.europa.eu/inspirethemes/themes/18"}
checkxlinkurl.template.feature:15 - status code was: 404, expected: 200, response time: 566, url: http://rdfdata.eionet.europa.eu/inspirethemes/themes/18, response: 
04:24:29.148 [ForkJoinPool-1-worker-5] INFO  com.intuit.karate - [print]
04:24:29.148 [ForkJoinPool-1-worker-5] INFO  com.intuit.karate - [print] testing xlinkurl:https://ngr.geocat.live/geonetwork/srv/eng/thesaurus.download?ref=external.theme.httpinspireeceuropaeumetadatacodelistPrioritydataset-Prioritydataset
04:24:29.188 [ForkJoinPool-1-worker-13] ERROR com.intuit.karate - status code was: 500, expected: 200, response time: 442, url: https://www.nationaalgeoregister.nl/geonetwork/srv/eng/thesaurus.download?ref=external.theme.inspire-theme, response: 
04:24:29.188 [ForkJoinPool-1-worker-13] ERROR com.intuit.karate - feature call (loop) failed at index: 3
caller: classpath:InspireTest/ngr/datasetrecords/def/checkxlinkurl.template.feature
arg: {"link":"https://www.nationaalgeoregister.nl/geonetwork/srv/eng/thesaurus.download?ref=external.theme.inspire-theme"}
checkxlinkurl.template.feature:15 - status code was: 500, expected: 200, response time: 442, url: https://www.nationaalgeoregister.nl/geonetwork/srv/eng/thesaurus.download?ref=external.theme.inspire-theme, response: 
04:24:29.201 [ForkJoinPool-1-worker-3] INFO  com.intuit.karate - [print] title:Zwemwaterkwaliteit (provinciaal en Rijkswateren) uit {Zwemwaterregister}
04:24:29.201 [ForkJoinPool-1-worker-3] INFO  com.intuit.karate - [print] Zwemwaterkwaliteit (provinciaal en Rijkswateren) uit {Zwemwaterregister}
04:24:29.202 [ForkJoinPool-1-worker-3] INFO  com.intuit.karate - [print] [
  "inspire@gbo-provincies.nl",
  "inspire@gbo-provincies.nl",
  "inspire@gbo-provincies.nl"
]

04:24:29.203 [ForkJoinPool-1-worker-3] INFO  com.intuit.karate - [print] organisation: [
  "Interprovinciaal Overleg",
  "Interprovinciaal Overleg",
  "Interprovinciaal Overleg"
]

04:24:29.206 [ForkJoinPool-1-worker-3] INFO  com.intuit.karate - [print] [
  "http://nationaalgeoregister.nl/geonetwork/srv/dut/csw?SERVICE=CSW&version=2.0.2&REQUEST=GetRecordById&elementSetName=full&OutputSchema=http://www.isotc211.org/2005/gmd&ID=df5ee213-e1bd-433b-80f7-4ea20f493ca8",
  "https://creativecommons.org/publicdomain/mark/*/deed.nl",
  ""
]

04:24:29.211 [ForkJoinPool-1-worker-3] INFO  com.intuit.karate - [print]
04:24:29.212 [ForkJoinPool-1-worker-3] INFO  com.intuit.karate - [print] testing xlinkurl:http://nationaalgeoregister.nl/geonetwork/srv/dut/csw?SERVICE=CSW&version=2.0.2&REQUEST=GetRecordById&elementSetName=full&OutputSchema=http://www.isotc211.org/2005/gmd&ID=df5ee213-e1bd-433b-80f7-4ea20f493ca8
04:24:29.283 [ForkJoinPool-1-worker-7] INFO  com.intuit.karate - [print]
04:24:29.283 [ForkJoinPool-1-worker-7] INFO  com.intuit.karate - [print] testing xlinkurl:http://nationaalgeoregister.nl/geonetwork/srv/dut/csw?SERVICE=CSW&version=2.0.2&REQUEST=GetRecordById&elementSetName=full&OutputSchema=http://www.isotc211.org/2005/gmd&ID=c829abeb-bfac-4224-8332-e7a9a89e692e
04:24:29.328 [ForkJoinPool-1-worker-9] INFO  com.intuit.karate - [print] title:Geluidszones rondom bedrijventerreinen zowel provinciaal als gemeentelijk
04:24:29.329 [ForkJoinPool-1-worker-9] INFO  com.intuit.karate - [print] Geluidszones rondom bedrijventerreinen zowel provinciaal als gemeentelijk
04:24:29.330 [ForkJoinPool-1-worker-9] INFO  com.intuit.karate - [print] [
  "inspire@gbo-provincies.nl",
  "inspire@gbo-provincies.nl",
  "inspire@gbo-provincies.nl"
]

04:24:29.331 [ForkJoinPool-1-worker-9] INFO  com.intuit.karate - [print] organisation: [
  "Interprovinciaal Overleg",
  "Interprovinciaal Overleg",
  "Interprovinciaal Overleg"
]

04:24:29.336 [ForkJoinPool-1-worker-9] INFO  com.intuit.karate - [print] [
  "http://www.opengis.net/def/crs/EPSG/0/http://www.opengis.net/def/crs/EPSG/0/3034",
  "http://nationaalgeoregister.nl/geonetwork/srv/dut/csw?SERVICE=CSW&version=2.0.2&REQUEST=GetRecordById&elementSetName=full&OutputSchema=http://www.isotc211.org/2005/gmd&ID=34e6165f-1269-48d1-b255-0f05d163d692",
  "https://creativecommons.org/publicdomain/mark/*/deed.nl",
  ""
]

04:24:29.340 [ForkJoinPool-1-worker-9] INFO  com.intuit.karate - [print]
04:24:29.340 [ForkJoinPool-1-worker-9] INFO  com.intuit.karate - [print] testing xlinkurl:http://www.opengis.net/def/crs/EPSG/0/http://www.opengis.net/def/crs/EPSG/0/3034
04:24:29.487 [ForkJoinPool-1-worker-5] ERROR com.intuit.karate - status code was: 500, expected: 200, response time: 338, url: https://ngr.geocat.live/geonetwork/srv/eng/thesaurus.download?ref=external.theme.httpinspireeceuropaeumetadatacodelistPrioritydataset-Prioritydataset, response: 
04:24:29.487 [ForkJoinPool-1-worker-5] ERROR com.intuit.karate - feature call (loop) failed at index: 2
caller: classpath:InspireTest/ngr/datasetrecords/def/checkxlinkurl.template.feature
arg: {"link":"https://ngr.geocat.live/geonetwork/srv/eng/thesaurus.download?ref=external.theme.httpinspireeceuropaeumetadatacodelistPrioritydataset-Prioritydataset"}
checkxlinkurl.template.feature:15 - status code was: 500, expected: 200, response time: 338, url: https://ngr.geocat.live/geonetwork/srv/eng/thesaurus.download?ref=external.theme.httpinspireeceuropaeumetadatacodelistPrioritydataset-Prioritydataset, response: 
04:24:29.604 [ForkJoinPool-1-worker-7] INFO  com.intuit.karate - [print]
04:24:29.605 [ForkJoinPool-1-worker-7] INFO  com.intuit.karate - [print] testing xlinkurl:https://creativecommons.org/publicdomain/mark/*/deed.nl
04:24:29.641 [ForkJoinPool-1-worker-9] INFO  com.intuit.karate - [print]
04:24:29.641 [ForkJoinPool-1-worker-9] INFO  com.intuit.karate - [print] testing xlinkurl:http://nationaalgeoregister.nl/geonetwork/srv/dut/csw?SERVICE=CSW&version=2.0.2&REQUEST=GetRecordById&elementSetName=full&OutputSchema=http://www.isotc211.org/2005/gmd&ID=34e6165f-1269-48d1-b255-0f05d163d692
04:24:29.643 [ForkJoinPool-1-worker-7] ERROR com.intuit.karate - status code was: 404, expected: 200, response time: 37, url: https://creativecommons.org/publicdomain/mark/*/deed.nl, response: 
04:24:29.644 [ForkJoinPool-1-worker-7] ERROR com.intuit.karate - feature call (loop) failed at index: 2
caller: classpath:InspireTest/ngr/datasetrecords/def/checkxlinkurl.template.feature
arg: {"link":"https://creativecommons.org/publicdomain/mark/*/deed.nl"}
checkxlinkurl.template.feature:15 - status code was: 404, expected: 200, response time: 37, url: https://creativecommons.org/publicdomain/mark/*/deed.nl, response: 
04:24:29.645 [ForkJoinPool-1-worker-7] INFO  com.intuit.karate - [print]
04:24:29.645 [ForkJoinPool-1-worker-7] INFO  com.intuit.karate - [print] testing xlinkurl:
04:24:29.646 [ForkJoinPool-1-worker-7] ERROR com.intuit.karate - org.apache.http.client.ClientProtocolException, http call failed after 0 milliseconds for URL: 
04:24:29.646 [ForkJoinPool-1-worker-7] ERROR com.intuit.karate - http request failed: 
org.apache.http.client.ClientProtocolException
04:24:29.647 [ForkJoinPool-1-worker-7] ERROR com.intuit.karate - feature call (loop) failed at index: 3
caller: classpath:InspireTest/ngr/datasetrecords/def/checkxlinkurl.template.feature
arg: {"link":""}
checkxlinkurl.template.feature:14 - 
org.apache.http.client.ClientProtocolException
04:24:29.699 [ForkJoinPool-1-worker-3] INFO  com.intuit.karate - [print]
04:24:29.700 [ForkJoinPool-1-worker-3] INFO  com.intuit.karate - [print] testing xlinkurl:https://creativecommons.org/publicdomain/mark/*/deed.nl
04:24:29.734 [ForkJoinPool-1-worker-3] ERROR com.intuit.karate - status code was: 404, expected: 200, response time: 33, url: https://creativecommons.org/publicdomain/mark/*/deed.nl, response: 
04:24:29.734 [ForkJoinPool-1-worker-3] ERROR com.intuit.karate - feature call (loop) failed at index: 1
caller: classpath:InspireTest/ngr/datasetrecords/def/checkxlinkurl.template.feature
arg: {"link":"https://creativecommons.org/publicdomain/mark/*/deed.nl"}
checkxlinkurl.template.feature:15 - status code was: 404, expected: 200, response time: 33, url: https://creativecommons.org/publicdomain/mark/*/deed.nl, response: 
04:24:29.736 [ForkJoinPool-1-worker-3] INFO  com.intuit.karate - [print]
04:24:29.736 [ForkJoinPool-1-worker-3] INFO  com.intuit.karate - [print] testing xlinkurl:
04:24:29.736 [ForkJoinPool-1-worker-3] ERROR com.intuit.karate - org.apache.http.client.ClientProtocolException, http call failed after 0 milliseconds for URL: 
04:24:29.737 [ForkJoinPool-1-worker-3] ERROR com.intuit.karate - http request failed: 
org.apache.http.client.ClientProtocolException
04:24:29.737 [ForkJoinPool-1-worker-3] ERROR com.intuit.karate - feature call (loop) failed at index: 2
caller: classpath:InspireTest/ngr/datasetrecords/def/checkxlinkurl.template.feature
arg: {"link":""}
checkxlinkurl.template.feature:14 - 
org.apache.http.client.ClientProtocolException
04:24:29.793 [ForkJoinPool-1-worker-13] INFO  com.intuit.karate - [print] title:Geluidszones rondom vliegvelden
04:24:29.794 [ForkJoinPool-1-worker-13] INFO  com.intuit.karate - [print] Geluidszones rondom vliegvelden
04:24:29.795 [ForkJoinPool-1-worker-13] INFO  com.intuit.karate - [print] [
  "inspire@gbo-provincies.nl",
  "inspire@gbo-provincies.nl",
  "inspire@gbo-provincies.nl"
]

04:24:29.798 [ForkJoinPool-1-worker-13] INFO  com.intuit.karate - [print] organisation: [
  "Interprovinciaal Overleg",
  "Interprovinciaal Overleg",
  "Interprovinciaal Overleg"
]

04:24:29.801 [ForkJoinPool-1-worker-13] INFO  com.intuit.karate - [print] [
  "http://www.opengis.net/def/crs/EPSG/0/http://www.opengis.net/def/crs/EPSG/0/3034",
  "http://nationaalgeoregister.nl/geonetwork/srv/dut/csw?SERVICE=CSW&version=2.0.2&REQUEST=GetRecordById&elementSetName=full&OutputSchema=http://www.isotc211.org/2005/gmd&ID=41023936-009d-48ec-a90d-c966895463c1",
  "https://creativecommons.org/publicdomain/mark/*/deed.nl",
  ""
]

04:24:29.806 [ForkJoinPool-1-worker-13] INFO  com.intuit.karate - [print]
04:24:29.806 [ForkJoinPool-1-worker-13] INFO  com.intuit.karate - [print] testing xlinkurl:http://www.opengis.net/def/crs/EPSG/0/http://www.opengis.net/def/crs/EPSG/0/3034
04:24:30.039 [ForkJoinPool-1-worker-5] INFO  com.intuit.karate - [print] title:Bestand Bodemgebruik 2015
04:24:30.039 [ForkJoinPool-1-worker-5] INFO  com.intuit.karate - [print] Bestand Bodemgebruik 2015
04:24:30.040 [ForkJoinPool-1-worker-5] INFO  com.intuit.karate - [print] [
  "infoservice@cbs.nl",
  "infoservice@cbs.nl",
  "",
  "",
  ""
]

04:24:30.042 [ForkJoinPool-1-worker-5] INFO  com.intuit.karate - [print] organisation: [
  "Centraal Bureau voor de Statistiek",
  "Centraal Bureau voor de Statistiek",
  "PDOK"
]

04:24:30.044 [ForkJoinPool-1-worker-5] INFO  com.intuit.karate - [print] [
  "http://geodata.nationaalgeoregister.nl/bestandbodemgebruik2015/extract/bestandbodemgebruik2015.zip"
]

04:24:30.049 [ForkJoinPool-1-worker-5] INFO  com.intuit.karate - [print]
04:24:30.049 [ForkJoinPool-1-worker-5] INFO  com.intuit.karate - [print] testing xlinkurl:http://geodata.nationaalgeoregister.nl/bestandbodemgebruik2015/extract/bestandbodemgebruik2015.zip
04:24:30.111 [ForkJoinPool-1-worker-13] INFO  com.intuit.karate - [print]
04:24:30.111 [ForkJoinPool-1-worker-13] INFO  com.intuit.karate - [print] testing xlinkurl:http://nationaalgeoregister.nl/geonetwork/srv/dut/csw?SERVICE=CSW&version=2.0.2&REQUEST=GetRecordById&elementSetName=full&OutputSchema=http://www.isotc211.org/2005/gmd&ID=41023936-009d-48ec-a90d-c966895463c1
04:24:30.133 [ForkJoinPool-1-worker-9] INFO  com.intuit.karate - [print]
04:24:30.133 [ForkJoinPool-1-worker-9] INFO  com.intuit.karate - [print] testing xlinkurl:https://creativecommons.org/publicdomain/mark/*/deed.nl
04:24:30.172 [ForkJoinPool-1-worker-9] ERROR com.intuit.karate - status code was: 404, expected: 200, response time: 38, url: https://creativecommons.org/publicdomain/mark/*/deed.nl, response: 
04:24:30.173 [ForkJoinPool-1-worker-9] ERROR com.intuit.karate - feature call (loop) failed at index: 2
caller: classpath:InspireTest/ngr/datasetrecords/def/checkxlinkurl.template.feature
arg: {"link":"https://creativecommons.org/publicdomain/mark/*/deed.nl"}
checkxlinkurl.template.feature:15 - status code was: 404, expected: 200, response time: 38, url: https://creativecommons.org/publicdomain/mark/*/deed.nl, response: 
04:24:30.174 [ForkJoinPool-1-worker-9] INFO  com.intuit.karate - [print]
04:24:30.174 [ForkJoinPool-1-worker-9] INFO  com.intuit.karate - [print] testing xlinkurl:
04:24:30.174 [ForkJoinPool-1-worker-9] ERROR com.intuit.karate - org.apache.http.client.ClientProtocolException, http call failed after 0 milliseconds for URL: 
04:24:30.174 [ForkJoinPool-1-worker-9] ERROR com.intuit.karate - http request failed: 
org.apache.http.client.ClientProtocolException
04:24:30.175 [ForkJoinPool-1-worker-9] ERROR com.intuit.karate - feature call (loop) failed at index: 3
caller: classpath:InspireTest/ngr/datasetrecords/def/checkxlinkurl.template.feature
arg: {"link":""}
checkxlinkurl.template.feature:14 - 
org.apache.http.client.ClientProtocolException
04:24:30.276 [ForkJoinPool-1-worker-7] INFO  com.intuit.karate - [print] title:Vervoersnetwerken - Waterwegen (INSPIRE geharmoniseerd) - WT
04:24:30.276 [ForkJoinPool-1-worker-7] INFO  com.intuit.karate - [print] Vervoersnetwerken - Waterwegen (INSPIRE geharmoniseerd) - WT
04:24:30.277 [ForkJoinPool-1-worker-7] INFO  com.intuit.karate - [print] [
  "servicedesk-data@rijkswaterstaat.nl",
  "servicedesk-data@rijkswaterstaat.nl",
  "",
  "servicedesk-data@rijkswaterstaat.nl",
  "info@wetransform.to"
]

04:24:30.278 [ForkJoinPool-1-worker-7] INFO  com.intuit.karate - [print] organisation: [
  "Rijkswaterstaat",
  "Rijkswaterstaat",
  "",
  "Rijkswaterstaat",
  "Wetransform"
]

04:24:30.280 [ForkJoinPool-1-worker-7] INFO  com.intuit.karate - [print] [
  "https://www.nationaalgeoregister.nl/geonetwork/srv/dut/catalog.search#/metadata/eu-2c7040b-c448-451b-bf15-f2416ecaadd1",
  "http://rdfdata.eionet.europa.eu/inspirethemes/themes/7",
  "urn:ogc:def:crs:EPSG::5709"
]

04:24:30.288 [ForkJoinPool-1-worker-7] INFO  com.intuit.karate - [print]
04:24:30.288 [ForkJoinPool-1-worker-7] INFO  com.intuit.karate - [print] testing xlinkurl:https://www.nationaalgeoregister.nl/geonetwork/srv/dut/catalog.search#/metadata/eu-2c7040b-c448-451b-bf15-f2416ecaadd1
04:24:30.380 [ForkJoinPool-1-worker-3] INFO  com.intuit.karate - [print] title:Beperkingen voor voertuigen (INSPIRE geharmoniseerde data)
04:24:30.381 [ForkJoinPool-1-worker-3] INFO  com.intuit.karate - [print] Beperkingen voor voertuigen (INSPIRE geharmoniseerde data)
04:24:30.381 [ForkJoinPool-1-worker-3] INFO  com.intuit.karate - [print] [
  "ontheffingen@rdw.nl",
  "ontheffingen@rdw.nl",
  "",
  ""
]

04:24:30.382 [ForkJoinPool-1-worker-3] INFO  com.intuit.karate - [print] organisation: [
  "RDW",
  "RDW",
  "RDW"
]

04:24:30.384 [ForkJoinPool-1-worker-3] INFO  com.intuit.karate - [print] [
  "http://inspire.rdw.nl/www/download/Licentie-Geogedeeld-RDW.pdf",
  ""
]

04:24:30.391 [ForkJoinPool-1-worker-3] INFO  com.intuit.karate - [print]
04:24:30.391 [ForkJoinPool-1-worker-3] INFO  com.intuit.karate - [print] testing xlinkurl:http://inspire.rdw.nl/www/download/Licentie-Geogedeeld-RDW.pdf
04:24:30.608 [ForkJoinPool-1-worker-7] INFO  com.intuit.karate - [print]
04:24:30.609 [ForkJoinPool-1-worker-7] INFO  com.intuit.karate - [print] testing xlinkurl:http://rdfdata.eionet.europa.eu/inspirethemes/themes/7
04:24:30.671 [ForkJoinPool-1-worker-13] INFO  com.intuit.karate - [print]
04:24:30.672 [ForkJoinPool-1-worker-13] INFO  com.intuit.karate - [print] testing xlinkurl:https://creativecommons.org/publicdomain/mark/*/deed.nl
04:24:30.705 [ForkJoinPool-1-worker-13] ERROR com.intuit.karate - status code was: 404, expected: 200, response time: 33, url: https://creativecommons.org/publicdomain/mark/*/deed.nl, response: 
04:24:30.705 [ForkJoinPool-1-worker-13] ERROR com.intuit.karate - feature call (loop) failed at index: 2
caller: classpath:InspireTest/ngr/datasetrecords/def/checkxlinkurl.template.feature
arg: {"link":"https://creativecommons.org/publicdomain/mark/*/deed.nl"}
checkxlinkurl.template.feature:15 - status code was: 404, expected: 200, response time: 33, url: https://creativecommons.org/publicdomain/mark/*/deed.nl, response: 
04:24:30.708 [ForkJoinPool-1-worker-13] INFO  com.intuit.karate - [print]
04:24:30.708 [ForkJoinPool-1-worker-13] INFO  com.intuit.karate - [print] testing xlinkurl:
04:24:30.708 [ForkJoinPool-1-worker-13] ERROR com.intuit.karate - org.apache.http.client.ClientProtocolException, http call failed after 0 milliseconds for URL: 
04:24:30.708 [ForkJoinPool-1-worker-13] ERROR com.intuit.karate - http request failed: 
org.apache.http.client.ClientProtocolException
04:24:30.709 [ForkJoinPool-1-worker-13] ERROR com.intuit.karate - feature call (loop) failed at index: 3
caller: classpath:InspireTest/ngr/datasetrecords/def/checkxlinkurl.template.feature
arg: {"link":""}
checkxlinkurl.template.feature:14 - 
org.apache.http.client.ClientProtocolException
04:24:30.720 [ForkJoinPool-1-worker-3] INFO  com.intuit.karate - [print]
04:24:30.720 [ForkJoinPool-1-worker-3] INFO  com.intuit.karate - [print] testing xlinkurl:
04:24:30.720 [ForkJoinPool-1-worker-3] ERROR com.intuit.karate - org.apache.http.client.ClientProtocolException, http call failed after 0 milliseconds for URL: 
04:24:30.720 [ForkJoinPool-1-worker-3] ERROR com.intuit.karate - http request failed: 
org.apache.http.client.ClientProtocolException
04:24:30.720 [ForkJoinPool-1-worker-3] ERROR com.intuit.karate - feature call (loop) failed at index: 1
caller: classpath:InspireTest/ngr/datasetrecords/def/checkxlinkurl.template.feature
arg: {"link":""}
checkxlinkurl.template.feature:14 - 
org.apache.http.client.ClientProtocolException
04:24:30.743 [ForkJoinPool-1-worker-9] INFO  com.intuit.karate - [print] title:Maritieme grenzen - basislijn Noordzee
04:24:30.743 [ForkJoinPool-1-worker-9] INFO  com.intuit.karate - [print] Maritieme grenzen - basislijn Noordzee
04:24:30.744 [ForkJoinPool-1-worker-9] INFO  com.intuit.karate - [print] [
  "data@hydro.nl",
  "data@hydro.nl",
  "data@hydro.nl"
]

04:24:30.746 [ForkJoinPool-1-worker-9] INFO  com.intuit.karate - [print] organisation: [
  "Ministerie van Defensie, Koninklijke Marine, Dienst der Hydrografie",
  "Ministerie van Defensie, Koninklijke Marine, Dienst der Hydrografie",
  "Ministerie van Defensie, Koninklijke Marine, Dienst der Hydrografie"
]

04:24:30.748 [ForkJoinPool-1-worker-9] INFO  com.intuit.karate - [print] [
  "http://www.opengis.net/def/crs/EPSG/0/https://www.opengis.net/def/crs/EPSG/0/4258",
  "https://ngr.acceptatie.nationaalgeoregister.nl/geonetwork/srv/resourcesd7ab6903-1152-450b-b81d-042682dcfd03"
]

04:24:30.752 [ForkJoinPool-1-worker-9] INFO  com.intuit.karate - [print]
04:24:30.753 [ForkJoinPool-1-worker-9] INFO  com.intuit.karate - [print] testing xlinkurl:http://www.opengis.net/def/crs/EPSG/0/https://www.opengis.net/def/crs/EPSG/0/4258
04:24:30.812 [ForkJoinPool-1-worker-7] ERROR com.intuit.karate - status code was: 404, expected: 200, response time: 202, url: http://rdfdata.eionet.europa.eu/inspirethemes/themes/7, response: 
04:24:30.812 [ForkJoinPool-1-worker-7] ERROR com.intuit.karate - feature call (loop) failed at index: 1
caller: classpath:InspireTest/ngr/datasetrecords/def/checkxlinkurl.template.feature
arg: {"link":"http://rdfdata.eionet.europa.eu/inspirethemes/themes/7"}
checkxlinkurl.template.feature:15 - status code was: 404, expected: 200, response time: 202, url: http://rdfdata.eionet.europa.eu/inspirethemes/themes/7, response: 
04:24:30.814 [ForkJoinPool-1-worker-7] INFO  com.intuit.karate - [print]
04:24:30.814 [ForkJoinPool-1-worker-7] INFO  com.intuit.karate - [print] testing xlinkurl:urn:ogc:def:crs:EPSG::5709
04:24:30.815 [ForkJoinPool-1-worker-7] ERROR com.intuit.karate - org.apache.http.client.ClientProtocolException: URI does not specify a valid host name: urn:ogc:def:crs:EPSG::5709, http call failed after 0 milliseconds for URL: urn:ogc:def:crs:EPSG::5709
04:24:30.815 [ForkJoinPool-1-worker-7] ERROR com.intuit.karate - http request failed: 
org.apache.http.client.ClientProtocolException: URI does not specify a valid host name: urn:ogc:def:crs:EPSG::5709
04:24:30.815 [ForkJoinPool-1-worker-7] ERROR com.intuit.karate - feature call (loop) failed at index: 2
caller: classpath:InspireTest/ngr/datasetrecords/def/checkxlinkurl.template.feature
arg: {"link":"urn:ogc:def:crs:EPSG::5709"}
checkxlinkurl.template.feature:14 - 
org.apache.http.client.ClientProtocolException: URI does not specify a valid host name: urn:ogc:def:crs:EPSG::5709
04:24:31.055 [ForkJoinPool-1-worker-9] INFO  com.intuit.karate - [print]
04:24:31.055 [ForkJoinPool-1-worker-9] INFO  com.intuit.karate - [print] testing xlinkurl:https://ngr.acceptatie.nationaalgeoregister.nl/geonetwork/srv/resourcesd7ab6903-1152-450b-b81d-042682dcfd03
04:24:31.248 [ForkJoinPool-1-worker-13] INFO  com.intuit.karate - [print] title:Overstromingsrisicokaarten
04:24:31.250 [ForkJoinPool-1-worker-13] INFO  com.intuit.karate - [print] Overstromingsrisicokaarten
04:24:31.251 [ForkJoinPool-1-worker-13] INFO  com.intuit.karate - [print] [
  "inspire@gbo-provincies.nl",
  "inspire@gbo-provincies.nl",
  "inspire@gbo-provincies.nl"
]

04:24:31.253 [ForkJoinPool-1-worker-13] INFO  com.intuit.karate - [print] organisation: [
  "Interprovinciaal Overleg",
  "Interprovinciaal Overleg",
  "Interprovinciaal Overleg"
]

04:24:31.256 [ForkJoinPool-1-worker-13] INFO  com.intuit.karate - [print] [
  "http://nationaalgeoregister.nl/geonetwork/srv/dut/csw?SERVICE=CSW&version=2.0.2&REQUEST=GetRecordById&elementSetName=full&OutputSchema=http://www.isotc211.org/2005/gmd&ID=2daad588-11ef-47de-9832-6fe2c3b93e6d",
  "https://creativecommons.org/publicdomain/mark/*/deed.nl",
  ""
]

04:24:31.262 [ForkJoinPool-1-worker-13] INFO  com.intuit.karate - [print]
04:24:31.262 [ForkJoinPool-1-worker-13] INFO  com.intuit.karate - [print] testing xlinkurl:http://nationaalgeoregister.nl/geonetwork/srv/dut/csw?SERVICE=CSW&version=2.0.2&REQUEST=GetRecordById&elementSetName=full&OutputSchema=http://www.isotc211.org/2005/gmd&ID=2daad588-11ef-47de-9832-6fe2c3b93e6d
04:24:31.325 [ForkJoinPool-1-worker-3] INFO  com.intuit.karate - [print] title:Afvalinrichtingen inclusief nucleaire inrichtingen
04:24:31.326 [ForkJoinPool-1-worker-3] INFO  com.intuit.karate - [print] Afvalinrichtingen inclusief nucleaire inrichtingen
04:24:31.327 [ForkJoinPool-1-worker-3] INFO  com.intuit.karate - [print] [
  "inspire@gbo-provincies.nl",
  "inspire@gbo-provincies.nl",
  "inspire@gbo-provincies.nl"
]

04:24:31.329 [ForkJoinPool-1-worker-3] INFO  com.intuit.karate - [print] organisation: [
  "Interprovinciaal Overleg",
  "Interprovinciaal Overleg",
  "Interprovinciaal Overleg"
]

04:24:31.331 [ForkJoinPool-1-worker-3] INFO  com.intuit.karate - [print] [
  "http://nationaalgeoregister.nl/geonetwork/srv/dut/csw?SERVICE=CSW&version=2.0.2&REQUEST=GetRecordById&elementSetName=full&OutputSchema=http://www.isotc211.org/2005/gmd&ID=f5f68d51-2ca4-4897-8227-d3938b2b0a7e",
  "https://creativecommons.org/publicdomain/mark/*/deed.nl",
  ""
]

04:24:31.335 [ForkJoinPool-1-worker-9] ERROR com.intuit.karate - status code was: 404, expected: 200, response time: 279, url: https://ngr.acceptatie.nationaalgeoregister.nl/geonetwork/srv/resourcesd7ab6903-1152-450b-b81d-042682dcfd03, response: 
04:24:31.335 [ForkJoinPool-1-worker-9] ERROR com.intuit.karate - feature call (loop) failed at index: 1
caller: classpath:InspireTest/ngr/datasetrecords/def/checkxlinkurl.template.feature
arg: {"link":"https://ngr.acceptatie.nationaalgeoregister.nl/geonetwork/srv/resourcesd7ab6903-1152-450b-b81d-042682dcfd03"}
checkxlinkurl.template.feature:15 - status code was: 404, expected: 200, response time: 279, url: https://ngr.acceptatie.nationaalgeoregister.nl/geonetwork/srv/resourcesd7ab6903-1152-450b-b81d-042682dcfd03, response: 
04:24:31.335 [ForkJoinPool-1-worker-3] INFO  com.intuit.karate - [print]
04:24:31.335 [ForkJoinPool-1-worker-3] INFO  com.intuit.karate - [print] testing xlinkurl:http://nationaalgeoregister.nl/geonetwork/srv/dut/csw?SERVICE=CSW&version=2.0.2&REQUEST=GetRecordById&elementSetName=full&OutputSchema=http://www.isotc211.org/2005/gmd&ID=f5f68d51-2ca4-4897-8227-d3938b2b0a7e
04:24:31.441 [ForkJoinPool-1-worker-7] INFO  com.intuit.karate - [print] title:CBS gebiedsindelingen
04:24:31.441 [ForkJoinPool-1-worker-7] INFO  com.intuit.karate - [print] CBS gebiedsindelingen
04:24:31.442 [ForkJoinPool-1-worker-7] INFO  com.intuit.karate - [print] [
  "infoservice@cbs.nl",
  "infoservice@cbs.nl",
  "infoservice@cbs.nl",
  "",
  ""
]

04:24:31.443 [ForkJoinPool-1-worker-7] INFO  com.intuit.karate - [print] organisation: [
  "Centraal Bureau voor de Statistiek",
  "Centraal Bureau voor de Statistiek",
  "Centraal Bureau voor de Statistiek",
  "Kadaster"
]

04:24:31.449 [ForkJoinPool-1-worker-7] INFO  com.intuit.karate - [print] [
  "https://geodata.nationaalgeoregister.nl/cbsgebiedsindelingen/atom/cbsgebiedsindelingen.xml",
  "https://www.iana.org/assignments/media-types/application/geopackage+sqlite3",
  ""
]

04:24:31.466 [ForkJoinPool-1-worker-7] INFO  com.intuit.karate - [print]
04:24:31.467 [ForkJoinPool-1-worker-7] INFO  com.intuit.karate - [print] testing xlinkurl:https://geodata.nationaalgeoregister.nl/cbsgebiedsindelingen/atom/cbsgebiedsindelingen.xml
04:24:31.608 [ForkJoinPool-1-worker-11] INFO  com.intuit.karate - [print]
04:24:31.611 [ForkJoinPool-1-worker-11] INFO  com.intuit.karate - [print] testing xlinkurl:https://ngr.geocat.live/geonetwork/srv/eng/thesaurus.download?ref=external.theme.httpinspireeceuropaeumetadatacodelistPrioritydataset-Prioritydataset
04:24:31.713 [ForkJoinPool-1-worker-13] INFO  com.intuit.karate - [print]
04:24:31.713 [ForkJoinPool-1-worker-13] INFO  com.intuit.karate - [print] testing xlinkurl:https://creativecommons.org/publicdomain/mark/*/deed.nl
04:24:31.774 [ForkJoinPool-1-worker-13] ERROR com.intuit.karate - status code was: 404, expected: 200, response time: 61, url: https://creativecommons.org/publicdomain/mark/*/deed.nl, response: 
04:24:31.775 [ForkJoinPool-1-worker-13] ERROR com.intuit.karate - feature call (loop) failed at index: 1
caller: classpath:InspireTest/ngr/datasetrecords/def/checkxlinkurl.template.feature
arg: {"link":"https://creativecommons.org/publicdomain/mark/*/deed.nl"}
checkxlinkurl.template.feature:15 - status code was: 404, expected: 200, response time: 61, url: https://creativecommons.org/publicdomain/mark/*/deed.nl, response: 
04:24:31.776 [ForkJoinPool-1-worker-13] INFO  com.intuit.karate - [print]
04:24:31.776 [ForkJoinPool-1-worker-13] INFO  com.intuit.karate - [print] testing xlinkurl:
04:24:31.776 [ForkJoinPool-1-worker-13] ERROR com.intuit.karate - org.apache.http.client.ClientProtocolException, http call failed after 0 milliseconds for URL: 
04:24:31.776 [ForkJoinPool-1-worker-13] ERROR com.intuit.karate - http request failed: 
org.apache.http.client.ClientProtocolException
04:24:31.777 [ForkJoinPool-1-worker-13] ERROR com.intuit.karate - feature call (loop) failed at index: 2
caller: classpath:InspireTest/ngr/datasetrecords/def/checkxlinkurl.template.feature
arg: {"link":""}
checkxlinkurl.template.feature:14 - 
org.apache.http.client.ClientProtocolException
04:24:31.805 [ForkJoinPool-1-worker-3] INFO  com.intuit.karate - [print]
04:24:31.806 [ForkJoinPool-1-worker-3] INFO  com.intuit.karate - [print] testing xlinkurl:https://creativecommons.org/publicdomain/mark/*/deed.nl
04:24:31.845 [ForkJoinPool-1-worker-3] ERROR com.intuit.karate - status code was: 404, expected: 200, response time: 39, url: https://creativecommons.org/publicdomain/mark/*/deed.nl, response: 
04:24:31.845 [ForkJoinPool-1-worker-3] ERROR com.intuit.karate - feature call (loop) failed at index: 1
caller: classpath:InspireTest/ngr/datasetrecords/def/checkxlinkurl.template.feature
arg: {"link":"https://creativecommons.org/publicdomain/mark/*/deed.nl"}
checkxlinkurl.template.feature:15 - status code was: 404, expected: 200, response time: 39, url: https://creativecommons.org/publicdomain/mark/*/deed.nl, response: 
04:24:31.846 [ForkJoinPool-1-worker-3] INFO  com.intuit.karate - [print]
04:24:31.846 [ForkJoinPool-1-worker-3] INFO  com.intuit.karate - [print] testing xlinkurl:
04:24:31.847 [ForkJoinPool-1-worker-3] ERROR com.intuit.karate - org.apache.http.client.ClientProtocolException, http call failed after 0 milliseconds for URL: 
04:24:31.847 [ForkJoinPool-1-worker-3] ERROR com.intuit.karate - http request failed: 
org.apache.http.client.ClientProtocolException
04:24:31.847 [ForkJoinPool-1-worker-3] ERROR com.intuit.karate - feature call (loop) failed at index: 2
caller: classpath:InspireTest/ngr/datasetrecords/def/checkxlinkurl.template.feature
arg: {"link":""}
checkxlinkurl.template.feature:14 - 
org.apache.http.client.ClientProtocolException
04:24:31.865 [ForkJoinPool-1-worker-7] INFO  com.intuit.karate - [print]
04:24:31.865 [ForkJoinPool-1-worker-7] INFO  com.intuit.karate - [print] testing xlinkurl:https://www.iana.org/assignments/media-types/application/geopackage+sqlite3
04:24:31.887 [ForkJoinPool-1-worker-9] INFO  com.intuit.karate - [print] title:CBS Provincies 2012
04:24:31.887 [ForkJoinPool-1-worker-9] INFO  com.intuit.karate - [print] CBS Provincies 2012
04:24:31.889 [ForkJoinPool-1-worker-9] INFO  com.intuit.karate - [print] [
  "infoservice@cbs.nl",
  "infoservice@cbs.nl",
  "infoservice@cbs.nl",
  "",
  ""
]

04:24:31.890 [ForkJoinPool-1-worker-9] INFO  com.intuit.karate - [print] organisation: [
  "Centraal Bureau voor de Statistiek",
  "Centraal Bureau voor de Statistiek",
  "Centraal Bureau voor de Statistiek",
  "Kadaster"
]

04:24:31.894 [ForkJoinPool-1-worker-9] INFO  com.intuit.karate - [print] [
  "http://geodata.nationaalgeoregister.nl/cbsprovincies/extract/cbsprovincies.zip",
  ""
]

04:24:31.904 [ForkJoinPool-1-worker-9] INFO  com.intuit.karate - [print]
04:24:31.905 [ForkJoinPool-1-worker-9] INFO  com.intuit.karate - [print] testing xlinkurl:http://geodata.nationaalgeoregister.nl/cbsprovincies/extract/cbsprovincies.zip
04:24:31.923 [ForkJoinPool-1-worker-11] ERROR com.intuit.karate - status code was: 500, expected: 200, response time: 309, url: https://ngr.geocat.live/geonetwork/srv/eng/thesaurus.download?ref=external.theme.httpinspireeceuropaeumetadatacodelistPrioritydataset-Prioritydataset, response: 
04:24:31.923 [ForkJoinPool-1-worker-11] ERROR com.intuit.karate - feature call (loop) failed at index: 3
caller: classpath:InspireTest/ngr/datasetrecords/def/checkxlinkurl.template.feature
arg: {"link":"https://ngr.geocat.live/geonetwork/srv/eng/thesaurus.download?ref=external.theme.httpinspireeceuropaeumetadatacodelistPrioritydataset-Prioritydataset"}
checkxlinkurl.template.feature:15 - status code was: 500, expected: 200, response time: 309, url: https://ngr.geocat.live/geonetwork/srv/eng/thesaurus.download?ref=external.theme.httpinspireeceuropaeumetadatacodelistPrioritydataset-Prioritydataset, response: 
04:24:31.924 [ForkJoinPool-1-worker-11] INFO  com.intuit.karate - [print]
04:24:31.924 [ForkJoinPool-1-worker-11] INFO  com.intuit.karate - [print] testing xlinkurl:urn:ogc:def:crs:EPSG::5709
04:24:31.924 [ForkJoinPool-1-worker-11] ERROR com.intuit.karate - org.apache.http.client.ClientProtocolException: URI does not specify a valid host name: urn:ogc:def:crs:EPSG::5709, http call failed after 0 milliseconds for URL: urn:ogc:def:crs:EPSG::5709
04:24:31.924 [ForkJoinPool-1-worker-11] ERROR com.intuit.karate - http request failed: 
org.apache.http.client.ClientProtocolException: URI does not specify a valid host name: urn:ogc:def:crs:EPSG::5709
04:24:31.924 [ForkJoinPool-1-worker-11] ERROR com.intuit.karate - feature call (loop) failed at index: 4
caller: classpath:InspireTest/ngr/datasetrecords/def/checkxlinkurl.template.feature
arg: {"link":"urn:ogc:def:crs:EPSG::5709"}
checkxlinkurl.template.feature:14 - 
org.apache.http.client.ClientProtocolException: URI does not specify a valid host name: urn:ogc:def:crs:EPSG::5709
04:24:32.095 [ForkJoinPool-1-worker-7] INFO  com.intuit.karate - [print]
04:24:32.095 [ForkJoinPool-1-worker-7] INFO  com.intuit.karate - [print] testing xlinkurl:
04:24:32.095 [ForkJoinPool-1-worker-7] ERROR com.intuit.karate - org.apache.http.client.ClientProtocolException, http call failed after 0 milliseconds for URL: 
04:24:32.096 [ForkJoinPool-1-worker-7] ERROR com.intuit.karate - http request failed: 
org.apache.http.client.ClientProtocolException
04:24:32.096 [ForkJoinPool-1-worker-7] ERROR com.intuit.karate - feature call (loop) failed at index: 2
caller: classpath:InspireTest/ngr/datasetrecords/def/checkxlinkurl.template.feature
arg: {"link":""}
checkxlinkurl.template.feature:14 - 
org.apache.http.client.ClientProtocolException
04:24:32.292 [ForkJoinPool-1-worker-13] INFO  com.intuit.karate - [print] title:Maritieme grenzen - Noordzee
04:24:32.292 [ForkJoinPool-1-worker-13] INFO  com.intuit.karate - [print] Maritieme grenzen - Noordzee
04:24:32.293 [ForkJoinPool-1-worker-13] INFO  com.intuit.karate - [print] [
  "data@hydro.nl",
  "data@hydro.nl",
  "data@hydro.nl",
  "",
  ""
]

04:24:32.294 [ForkJoinPool-1-worker-13] INFO  com.intuit.karate - [print] organisation: [
  "Ministerie van Defensie, Koninklijke Marine, Dienst der Hydrografie",
  "Ministerie van Defensie, Koninklijke Marine, Dienst der Hydrografie",
  "Ministerie van Defensie, Koninklijke Marine, Dienst der Hydrografie"
]

04:24:32.296 [ForkJoinPool-1-worker-13] INFO  com.intuit.karate - [print] [
  "http://www.opengis.net/def/crs/EPSG/0/https://www.opengis.net/def/crs/EPSG/0/4258",
  "https://www.nationaalgeoregister.nl:443/geonetwork/srv/api/records/a5241416-8401-4623-be61-57ef50447a41"
]

04:24:32.302 [ForkJoinPool-1-worker-13] INFO  com.intuit.karate - [print]
04:24:32.302 [ForkJoinPool-1-worker-13] INFO  com.intuit.karate - [print] testing xlinkurl:http://www.opengis.net/def/crs/EPSG/0/https://www.opengis.net/def/crs/EPSG/0/4258
04:24:32.346 [ForkJoinPool-1-worker-3] INFO  com.intuit.karate - [print] title:Menselijke gezondheid en veiligheid -  geluidbelasting rijkswegen 2006 (INSPIRE geharmoniseerd)
04:24:32.347 [ForkJoinPool-1-worker-3] INFO  com.intuit.karate - [print] Menselijke gezondheid en veiligheid -  geluidbelasting rijkswegen 2006 (INSPIRE geharmoniseerd)
04:24:32.349 [ForkJoinPool-1-worker-3] INFO  com.intuit.karate - [print] [
  "servicedesk-data@rijkswaterstaat.nl",
  "servicedesk-data@rijkswaterstaat.nl",
  "",
  "servicedesk-data@rijkswaterstaat.nl",
  "info@wetransform.to"
]

04:24:32.351 [ForkJoinPool-1-worker-3] INFO  com.intuit.karate - [print] organisation: [
  "Rijkswaterstaat",
  "Rijkswaterstaat",
  "",
  "Rijkswaterstaat",
  "Wetransform"
]

04:24:32.354 [ForkJoinPool-1-worker-3] INFO  com.intuit.karate - [print] [
  "https://www.nationaalgeoregister.nl/geonetwork/srv/dut/catalog.search#/metadata/wt-3730-e750-485a-9c0c-39bf9be72cf9",
  "http://rdfdata.eionet.europa.eu/inspirethemes/themes/18",
  "https://ngr.geocat.live/geonetwork/srv/eng/thesaurus.download?ref=external.theme.httpinspireeceuropaeumetadatacodelistPrioritydataset-Prioritydataset"
]

04:24:32.360 [ForkJoinPool-1-worker-3] INFO  com.intuit.karate - [print]
04:24:32.360 [ForkJoinPool-1-worker-3] INFO  com.intuit.karate - [print] testing xlinkurl:https://www.nationaalgeoregister.nl/geonetwork/srv/dut/catalog.search#/metadata/wt-3730-e750-485a-9c0c-39bf9be72cf9
04:24:32.432 [ForkJoinPool-1-worker-9] INFO  com.intuit.karate - [print]
04:24:32.433 [ForkJoinPool-1-worker-9] INFO  com.intuit.karate - [print] testing xlinkurl:
04:24:32.433 [ForkJoinPool-1-worker-9] ERROR com.intuit.karate - org.apache.http.client.ClientProtocolException, http call failed after 0 milliseconds for URL: 
04:24:32.441 [ForkJoinPool-1-worker-9] ERROR com.intuit.karate - http request failed: 
org.apache.http.client.ClientProtocolException
04:24:32.441 [ForkJoinPool-1-worker-9] ERROR com.intuit.karate - feature call (loop) failed at index: 1
caller: classpath:InspireTest/ngr/datasetrecords/def/checkxlinkurl.template.feature
arg: {"link":""}
checkxlinkurl.template.feature:14 - 
org.apache.http.client.ClientProtocolException
04:24:32.500 [ForkJoinPool-1-worker-11] INFO  com.intuit.karate - [print] title:Totale potentie aardwarmte uit aquifers, INSPIRE
04:24:32.500 [ForkJoinPool-1-worker-11] INFO  com.intuit.karate - [print] Totale potentie aardwarmte uit aquifers, INSPIRE
04:24:32.501 [ForkJoinPool-1-worker-11] INFO  com.intuit.karate - [print] [
  "info@dinoloket.nl",
  "info@dinoloket.nl",
  "info@dinoloket.nl"
]

04:24:32.503 [ForkJoinPool-1-worker-11] INFO  com.intuit.karate - [print] organisation: [
  "TNO Geologische Dienst Nederland",
  "TNO Geologische Dienst Nederland",
  "TNO Geologische Dienst Nederland"
]

04:24:32.504 [ForkJoinPool-1-worker-11] INFO  com.intuit.karate - [print] [
  "https://nationaalgeoregister.nl/geonetwork/srv/resources052a3480-1031-4d29-ba55-01672e2c50d9"
]

04:24:32.521 [ForkJoinPool-1-worker-11] INFO  com.intuit.karate - [print]
04:24:32.521 [ForkJoinPool-1-worker-11] INFO  com.intuit.karate - [print] testing xlinkurl:https://nationaalgeoregister.nl/geonetwork/srv/resources052a3480-1031-4d29-ba55-01672e2c50d9
04:24:32.631 [ForkJoinPool-1-worker-13] INFO  com.intuit.karate - [print]
04:24:32.631 [ForkJoinPool-1-worker-13] INFO  com.intuit.karate - [print] testing xlinkurl:https://www.nationaalgeoregister.nl:443/geonetwork/srv/api/records/a5241416-8401-4623-be61-57ef50447a41
04:24:32.635 [ForkJoinPool-1-worker-7] INFO  com.intuit.karate - [print] title:Wijk- en Buurtkaart 2019 versie 1
04:24:32.635 [ForkJoinPool-1-worker-7] INFO  com.intuit.karate - [print] Wijk- en Buurtkaart 2019 versie 1
04:24:32.637 [ForkJoinPool-1-worker-7] INFO  com.intuit.karate - [print] [
  "infoservice@cbs.nl",
  "infoservice@cbs.nl",
  "infoservice@cbs.nl",
  "",
  ""
]

04:24:32.650 [ForkJoinPool-1-worker-7] INFO  com.intuit.karate - [print] organisation: [
  "Centraal Bureau voor de Statistiek",
  "Centraal Bureau voor de Statistiek",
  "Centraal Bureau voor de Statistiek",
  "Kadaster"
]

04:24:32.654 [ForkJoinPool-1-worker-7] INFO  com.intuit.karate - [print] [
  ""
]

04:24:32.666 [ForkJoinPool-1-worker-7] INFO  com.intuit.karate - [print]
04:24:32.666 [ForkJoinPool-1-worker-7] INFO  com.intuit.karate - [print] testing xlinkurl:
04:24:32.667 [ForkJoinPool-1-worker-7] ERROR com.intuit.karate - org.apache.http.client.ClientProtocolException, http call failed after 0 milliseconds for URL: 
04:24:32.667 [ForkJoinPool-1-worker-7] ERROR com.intuit.karate - http request failed: 
org.apache.http.client.ClientProtocolException
04:24:32.668 [ForkJoinPool-1-worker-7] ERROR com.intuit.karate - feature call (loop) failed at index: 0
caller: classpath:InspireTest/ngr/datasetrecords/def/checkxlinkurl.template.feature
arg: {"link":""}
checkxlinkurl.template.feature:14 - 
org.apache.http.client.ClientProtocolException
04:24:32.672 [ForkJoinPool-1-worker-3] INFO  com.intuit.karate - [print]
04:24:32.672 [ForkJoinPool-1-worker-3] INFO  com.intuit.karate - [print] testing xlinkurl:http://rdfdata.eionet.europa.eu/inspirethemes/themes/18
04:24:32.802 [ForkJoinPool-1-worker-11] ERROR com.intuit.karate - status code was: 404, expected: 200, response time: 280, url: https://nationaalgeoregister.nl/geonetwork/srv/resources052a3480-1031-4d29-ba55-01672e2c50d9, response: 
04:24:32.802 [ForkJoinPool-1-worker-11] ERROR com.intuit.karate - feature call (loop) failed at index: 0
caller: classpath:InspireTest/ngr/datasetrecords/def/checkxlinkurl.template.feature
arg: {"link":"https://nationaalgeoregister.nl/geonetwork/srv/resources052a3480-1031-4d29-ba55-01672e2c50d9"}
checkxlinkurl.template.feature:15 - status code was: 404, expected: 200, response time: 280, url: https://nationaalgeoregister.nl/geonetwork/srv/resources052a3480-1031-4d29-ba55-01672e2c50d9, response: 
04:24:32.889 [ForkJoinPool-1-worker-3] ERROR com.intuit.karate - status code was: 404, expected: 200, response time: 215, url: http://rdfdata.eionet.europa.eu/inspirethemes/themes/18, response: 
04:24:32.889 [ForkJoinPool-1-worker-3] ERROR com.intuit.karate - feature call (loop) failed at index: 1
caller: classpath:InspireTest/ngr/datasetrecords/def/checkxlinkurl.template.feature
arg: {"link":"http://rdfdata.eionet.europa.eu/inspirethemes/themes/18"}
checkxlinkurl.template.feature:15 - status code was: 404, expected: 200, response time: 215, url: http://rdfdata.eionet.europa.eu/inspirethemes/themes/18, response: 
04:24:32.890 [ForkJoinPool-1-worker-3] INFO  com.intuit.karate - [print]
04:24:32.891 [ForkJoinPool-1-worker-3] INFO  com.intuit.karate - [print] testing xlinkurl:https://ngr.geocat.live/geonetwork/srv/eng/thesaurus.download?ref=external.theme.httpinspireeceuropaeumetadatacodelistPrioritydataset-Prioritydataset
04:24:32.906 [ForkJoinPool-1-worker-13] ERROR com.intuit.karate - status code was: 400, expected: 200, response time: 275, url: https://www.nationaalgeoregister.nl:443/geonetwork/srv/api/records/a5241416-8401-4623-be61-57ef50447a41, response: 
04:24:32.906 [ForkJoinPool-1-worker-13] ERROR com.intuit.karate - feature call (loop) failed at index: 1
caller: classpath:InspireTest/ngr/datasetrecords/def/checkxlinkurl.template.feature
arg: {"link":"https://www.nationaalgeoregister.nl:443/geonetwork/srv/api/records/a5241416-8401-4623-be61-57ef50447a41"}
checkxlinkurl.template.feature:15 - status code was: 400, expected: 200, response time: 275, url: https://www.nationaalgeoregister.nl:443/geonetwork/srv/api/records/a5241416-8401-4623-be61-57ef50447a41, response: 
04:24:32.957 [ForkJoinPool-1-worker-9] INFO  com.intuit.karate - [print] title:Provinciale monumenten
04:24:32.962 [ForkJoinPool-1-worker-9] INFO  com.intuit.karate - [print] Provinciale monumenten
04:24:32.963 [ForkJoinPool-1-worker-9] INFO  com.intuit.karate - [print] [
  "inspire@gbo-provincies.nl",
  "inspire@gbo-provincies.nl",
  "inspire@gbo-provincies.nl"
]

04:24:32.964 [ForkJoinPool-1-worker-9] INFO  com.intuit.karate - [print] organisation: [
  "Interprovinciaal Overleg",
  "Interprovinciaal Overleg",
  "Interprovinciaal Overleg"
]

04:24:32.967 [ForkJoinPool-1-worker-9] INFO  com.intuit.karate - [print] [
  "http://www.opengis.net/def/crs/EPSG/0/http://www.opengis.net/def/crs/EPSG/0/3034",
  "http://nationaalgeoregister.nl/geonetwork/srv/dut/csw?SERVICE=CSW&version=2.0.2&REQUEST=GetRecordById&elementSetName=full&OutputSchema=http://www.isotc211.org/2005/gmd&ID=ca94a0cb-7561-4a10-a7d6-b840e56c33ff",
  "https://creativecommons.org/publicdomain/mark/*/deed.nl",
  ""
]

04:24:32.977 [ForkJoinPool-1-worker-9] INFO  com.intuit.karate - [print]
04:24:32.981 [ForkJoinPool-1-worker-9] INFO  com.intuit.karate - [print] testing xlinkurl:http://www.opengis.net/def/crs/EPSG/0/http://www.opengis.net/def/crs/EPSG/0/3034
04:24:33.167 [pool-1-thread-2] INFO  com.intuit.karate - [print] {
  "register": {
    "submitter": "Nominated submitting organisations for the central INSPIRE registers and INSPIRE register federation",
    "license": {
      "label": "Europa Legal Notice",
      "uri": "http://ec.europa.eu/geninfo/legal_notices_nl.htm"
    },
    "registry": {
      "id": "http://inspire.ec.europa.eu/registry",
      "label": {
        "text": "INSPIRE register",
        "lang": "nl"
      }
    },
    "containeditems": [
      {
        "metadata-codelist": {
          "itemclass": {
            "id": "MetadataCodeList",
            "label": {
              "text": "Metadata Code list",
              "lang": "nl"
            }
          },
          "id": "http://inspire.ec.europa.eu/metadata-codelist/ResourceType",
          "label": {
            "text": "Type bron",
            "lang": "nl"
          },
          "version": "0",
          "status": {
            "id": "http://inspire.ec.europa.eu/registry/status/valid",
            "label": {
              "text": "Geldig",
              "lang": "nl"
            }
          },
          "register": {
            "registry": {
              "id": "http://inspire.ec.europa.eu/registry",
              "label": {
                "text": "INSPIRE register",
                "lang": "nl"
              }
            },
            "id": "http://inspire.ec.europa.eu/metadata-codelist",
            "label": {
              "text": "INSPIRE metadata code list register",
              "lang": "nl"
            }
          }
        }
      },
      {
        "metadata-codelist": {
          "itemclass": {
            "id": "MetadataCodeList",
            "label": {
              "text": "Metadata Code list",
              "lang": "nl"
            }
          },
          "id": "http://inspire.ec.europa.eu/metadata-codelist/TopicCategory",
          "label": {
            "text": "Onderwerpcategoriecn overeenkomstig EN ISO 19115",
            "lang": "nl"
          },
          "version": "0",
          "status": {
            "id": "http://inspire.ec.europa.eu/registry/status/valid",
            "label": {
              "text": "Geldig",
              "lang": "nl"
            }
          },
          "register": {
            "registry": {
              "id": "http://inspire.ec.europa.eu/registry",
              "label": {
                "text": "INSPIRE register",
                "lang": "nl"
              }
            },
            "id": "http://inspire.ec.europa.eu/metadata-codelist",
            "label": {
              "text": "INSPIRE metadata code list register",
              "lang": "nl"
            }
          }
        }
      },
      {
        "metadata-codelist": {
          "itemclass": {
            "id": "MetadataCodeList",
            "label": {
              "text": "Metadata Code list",
              "lang": "nl"
            }
          },
          "id": "http://inspire.ec.europa.eu/metadata-codelist/SpatialDataServiceType",
          "label": {
            "text": "Type dienst met betrekking tot ruimtelijke gegevens",
            "lang": "nl"
          },
          "version": "0",
          "status": {
            "id": "http://inspire.ec.europa.eu/registry/status/valid",
            "label": {
              "text": "Geldig",
              "lang": "nl"
            }
          },
          "register": {
            "registry": {
              "id": "http://inspire.ec.europa.eu/registry",
              "label": {
                "text": "INSPIRE register",
                "lang": "nl"
              }
            },
            "id": "http://inspire.ec.europa.eu/metadata-codelist",
            "label": {
              "text": "INSPIRE metadata code list register",
              "lang": "nl"
            }
          }
        }
      },
      {
        "metadata-codelist": {
          "itemclass": {
            "id": "MetadataCodeList",
            "label": {
              "text": "Metadata Code list",
              "lang": "nl"
            }
          },
          "definition": {
            "text": "De trefwoorden zijn gebaseerd op de taxonomie voor geografische diensten (EN ISO 19119). Deze taxonomie bestaat uit categorieC+n; de subcategorieC+n definiC+ren het waardedomein van de classificatie van ruimtelijke-gegevensdiensten.",
            "lang": "nl"
          },
          "id": "http://inspire.ec.europa.eu/metadata-codelist/SpatialDataServiceCategory",
          "label": {
            "text": "Classificatie van diensten met betrekking tot ruimtelijke gegevens",
            "lang": "nl"
          },
          "version": "0",
          "status": {
            "id": "http://inspire.ec.europa.eu/registry/status/valid",
            "label": {
              "text": "Geldig",
              "lang": "nl"
            }
          },
          "register": {
            "registry": {
              "id": "http://inspire.ec.europa.eu/registry",
              "label": {
                "text": "INSPIRE register",
                "lang": "nl"
              }
            },
            "id": "http://inspire.ec.europa.eu/metadata-codelist",
            "label": {
              "text": "INSPIRE metadata code list register",
              "lang": "nl"
            }
          }
        }
      },
      {
        "metadata-codelist": {
          "itemclass": {
            "id": "MetadataCodeList",
            "label": {
              "text": "Metadata Code list",
              "lang": "nl"
            }
          },
          "id": "http://inspire.ec.europa.eu/metadata-codelist/DegreeOfConformity",
          "label": {
            "text": "Conformiteitsindicatie",
            "lang": "nl"
          },
          "version": "0",
          "status": {
            "id": "http://inspire.ec.europa.eu/registry/status/valid",
            "label": {
              "text": "Geldig",
              "lang": "nl"
            }
          },
          "register": {
            "registry": {
              "id": "http://inspire.ec.europa.eu/registry",
              "label": {
                "text": "INSPIRE register",
                "lang": "nl"
              }
            },
            "id": "http://inspire.ec.europa.eu/metadata-codelist",
            "label": {
              "text": "INSPIRE metadata code list register",
              "lang": "nl"
            }
          }
        }
      },
      {
        "metadata-codelist": {
          "itemclass": {
            "id": "MetadataCodeList",
            "label": {
              "text": "Metadata Code list",
              "lang": "nl"
            }
          },
          "id": "http://inspire.ec.europa.eu/metadata-codelist/ResponsiblePartyRole",
          "label": {
            "text": "Rol van de verantwoordelijke partij",
            "lang": "nl"
          },
          "version": "0",
          "status": {
            "id": "http://inspire.ec.europa.eu/registry/status/valid",
            "label": {
              "text": "Geldig",
              "lang": "nl"
            }
          },
          "register": {
            "registry": {
              "id": "http://inspire.ec.europa.eu/registry",
              "label": {
                "text": "INSPIRE register",
                "lang": "nl"
              }
            },
            "id": "http://inspire.ec.europa.eu/metadata-codelist",
            "label": {
              "text": "INSPIRE metadata code list register",
              "lang": "nl"
            }
          }
        }
      },
      {
        "metadata-codelist": {
          "itemclass": {
            "id": "MetadataCodeList",
            "label": {
              "text": "Metadata Code list",
              "lang": "nl"
            }
          },
          "id": "http://inspire.ec.europa.eu/metadata-codelist/LimitationsOnPublicAccess",
          "label": {
            "text": "Beperkingen op openbare toegang",
            "lang": "nl"
          },
          "version": "0",
          "status": {
            "id": "http://inspire.ec.europa.eu/registry/status/valid",
            "label": {
              "text": "Geldig",
              "lang": "nl"
            }
          },
          "register": {
            "registry": {
              "id": "http://inspire.ec.europa.eu/registry",
              "label": {
                "text": "INSPIRE register",
                "lang": "nl"
              }
            },
            "id": "http://inspire.ec.europa.eu/metadata-codelist",
            "label": {
              "text": "INSPIRE metadata code list register",
              "lang": "nl"
            }
          }
        }
      },
      {
        "metadata-codelist": {
          "itemclass": {
            "id": "MetadataCodeList",
            "label": {
              "text": "Metadata Code list",
              "lang": "nl"
            }
          },
          "id": "http://inspire.ec.europa.eu/metadata-codelist/ConditionsApplyingToAccessAndUse",
          "label": {
            "text": "Voorwaarden voor toegang en gebruik",
            "lang": "nl"
          },
          "version": "0",
          "status": {
            "id": "http://inspire.ec.europa.eu/registry/status/valid",
            "label": {
              "text": "Geldig",
              "lang": "nl"
            }
          },
          "register": {
            "registry": {
              "id": "http://inspire.ec.europa.eu/registry",
              "label": {
                "text": "INSPIRE register",
                "lang": "nl"
              }
            },
            "id": "http://inspire.ec.europa.eu/metadata-codelist",
            "label": {
              "text": "INSPIRE metadata code list register",
              "lang": "nl"
            }
          }
        }
      },
      {
        "metadata-codelist": {
          "itemclass": {
            "id": "MetadataCodeList",
            "label": {
              "text": "Metadata Code list",
              "lang": "nl"
            }
          },
          "id": "http://inspire.ec.europa.eu/metadata-codelist/QualityOfServiceCriteria",
          "label": {
            "text": "Service kwaliteit criteria code",
            "lang": "nl"
          },
          "version": "0",
          "status": {
            "id": "http://inspire.ec.europa.eu/registry/status/valid",
            "label": {
              "text": "Geldig",
              "lang": "nl"
            }
          },
          "register": {
            "registry": {
              "id": "http://inspire.ec.europa.eu/registry",
              "label": {
                "text": "INSPIRE register",
                "lang": "nl"
              }
            },
            "id": "http://inspire.ec.europa.eu/metadata-codelist",
            "label": {
              "text": "INSPIRE metadata code list register",
              "lang": "nl"
            }
          }
        }
      },
      {
        "metadata-codelist": {
          "itemclass": {
            "id": "MetadataCodeList",
            "label": {
              "text": "Metadata Code list",
              "lang": "nl"
            }
          },
          "definition": {
            "text": "Code describing the type of resource given in the Resource Locator metadata element.",
            "lang": "en"
          },
          "id": "http://inspire.ec.europa.eu/metadata-codelist/OnLineDescriptionCode",
          "label": {
            "text": "Online description code",
            "lang": "en"
          },
          "version": "0",
          "status": {
            "id": "http://inspire.ec.europa.eu/registry/status/valid",
            "label": {
              "text": "Geldig",
              "lang": "nl"
            }
          },
          "register": {
            "registry": {
              "id": "http://inspire.ec.europa.eu/registry",
              "label": {
                "text": "INSPIRE register",
                "lang": "nl"
              }
            },
            "id": "http://inspire.ec.europa.eu/metadata-codelist",
            "label": {
              "text": "INSPIRE metadata code list register",
              "lang": "nl"
            }
          }
        }
      },
      {
        "metadata-codelist": {
          "itemclass": {
            "id": "MetadataCodeList",
            "label": {
              "text": "Metadata Code list",
              "lang": "nl"
            }
          },
          "definition": {
            "text": "Lijst met datasets die gerelateerd zijn aan milieurapportage, die stapsgewijs door de lidstaten via de Europese infrastructuur voor ruimtelijke informatie beschikbaar moeten worden gesteld. Deze lijst geeft ook de lacunes in data weer die zijn geïdentificeerd tijdens de evaluatie van de implementatie en de geschiktheid van de richtlijn voor het beoogde doel (de zogenoemde REFIT evaluatie).",
            "lang": "nl"
          },
          "id": "http://inspire.ec.europa.eu/metadata-codelist/PriorityDataset",
          "label": {
            "text": "INSPIRE prioritaire dataset",
            "lang": "nl"
          },
          "version": "0",
          "status": {
            "id": "http://inspire.ec.europa.eu/registry/status/valid",
            "label": {
              "text": "Geldig",
              "lang": "nl"
            }
          },
          "register": {
            "registry": {
              "id": "http://inspire.ec.europa.eu/registry",
              "label": {
                "text": "INSPIRE register",
                "lang": "nl"
              }
            },
            "id": "http://inspire.ec.europa.eu/metadata-codelist",
            "label": {
              "text": "INSPIRE metadata code list register",
              "lang": "nl"
            }
          }
        }
      },
      {
        "metadata-codelist": {
          "itemclass": {
            "id": "MetadataCodeList",
            "label": {
              "text": "Metadata Code list",
              "lang": "nl"
            }
          },
          "description": {
            "text": "The spatial scope can be different from the actual geographical coverage, e.g. a national coastline data set may cover only a fraction of the full spatial extent of a country.\n The spatial scope of the data set does not necessarily reflect the administrative level responsible for collecting and maintaining the data, e.g. the responsibility for maintaining the data inside the national address data set can be at regional or local level.\n The code list contains values governed at the level of INSPIRE legal acts (governance level: Legal (EU)) and values governed at the level of INSPIRE Technical Guidelines (governance level: Technical (EU)). The former directly support the INSPIRE Monitoring and Reporting Decision, while the latter  provide additional options for tagging other data sets.",
            "lang": "en"
          },
          "definition": {
            "text": "Administrative level that the data set intends to cover.",
            "lang": "en"
          },
          "id": "http://inspire.ec.europa.eu/metadata-codelist/SpatialScope",
          "label": {
            "text": "Ruimtelijke dekking",
            "lang": "nl"
          },
          "version": "0",
          "status": {
            "id": "http://inspire.ec.europa.eu/registry/status/valid",
            "label": {
              "text": "Geldig",
              "lang": "nl"
            }
          },
          "register": {
            "registry": {
              "id": "http://inspire.ec.europa.eu/registry",
              "label": {
                "text": "INSPIRE register",
                "lang": "nl"
              }
            },
            "id": "http://inspire.ec.europa.eu/metadata-codelist",
            "label": {
              "text": "INSPIRE metadata code list register",
              "lang": "nl"
            }
          }
        }
      },
      {
        "metadata-codelist": {
          "itemclass": {
            "id": "MetadataCodeList",
            "label": {
              "text": "Metadata Code list",
              "lang": "nl"
            }
          },
          "description": {
            "text": "This code list is the result of the 'simplification of data-service linkages' activity performed in the context of the MIG-T data simplification action(2019.2).",
            "lang": "en"
          },
          "definition": {
            "text": "Set of OGC and RFC services that are in the scope of INSPIRE. This list aims at the better identification of the network services described within the metadata records.",
            "lang": "en"
          },
          "id": "http://inspire.ec.europa.eu/metadata-codelist/ProtocolValue",
          "label": {
            "text": "INSPIRE Protocol values",
            "lang": "en"
          },
          "version": "0",
          "status": {
            "id": "http://inspire.ec.europa.eu/registry/status/valid",
            "label": {
              "text": "Geldig",
              "lang": "nl"
            }
          },
          "register": {
            "registry": {
              "id": "http://inspire.ec.europa.eu/registry",
              "label": {
                "text": "INSPIRE register",
                "lang": "nl"
              }
            },
            "id": "http://inspire.ec.europa.eu/metadata-codelist",
            "label": {
              "text": "INSPIRE metadata code list register",
              "lang": "nl"
            }
          }
        }
      }
    ],
    "contentsummary": {
      "text": "The INSPIRE metadata code list register contains the code lists and their values, as defined in the INSPIRE implementing rules on metadata (Commission Regulation (EC) No 1205/2008).",
      "lang": "nl"
    },
    "registermanager": "Europese Commissie, Gemeenschappelijk Centrum voor onderzoek",
    "contactpoint": {
      "label": "JRC INSPIRE Registry Team",
      "email": "inspire-registry-dev@jrc.ec.europa.eu"
    },
    "language": "nl",
    "registerowner": "Europese Unie",
    "id": "http://inspire.ec.europa.eu/metadata-codelist",
    "label": {
      "text": "INSPIRE metadata code list register",
      "lang": "nl"
    },
    "registercontrolbody": "Control body for the central INSPIRE registers and INSPIRE register federation"
  }
}

04:24:33.173 [ForkJoinPool-1-worker-7] INFO  com.intuit.karate - [print] title:Wet Ammoniak en Veehouderij gebieden
04:24:33.181 [ForkJoinPool-1-worker-7] INFO  com.intuit.karate - [print] Wet Ammoniak en Veehouderij gebieden
04:24:33.182 [ForkJoinPool-1-worker-7] INFO  com.intuit.karate - [print] [
  "inspire@gbo-provincies.nl",
  "inspire@gbo-provincies.nl",
  "inspire@gbo-provincies.nl"
]

04:24:33.183 [ForkJoinPool-1-worker-7] INFO  com.intuit.karate - [print] organisation: [
  "Interprovinciaal Overleg",
  "Interprovinciaal Overleg",
  "Interprovinciaal Overleg"
]

04:24:33.190 [pool-1-thread-2] INFO  com.intuit.karate - [print] [
  "http://inspire.ec.europa.eu/metadata-codelist/ResourceType",
  "http://inspire.ec.europa.eu/metadata-codelist/TopicCategory",
  "http://inspire.ec.europa.eu/metadata-codelist/SpatialDataServiceType",
  "http://inspire.ec.europa.eu/metadata-codelist/SpatialDataServiceCategory",
  "http://inspire.ec.europa.eu/metadata-codelist/DegreeOfConformity",
  "http://inspire.ec.europa.eu/metadata-codelist/ResponsiblePartyRole",
  "http://inspire.ec.europa.eu/metadata-codelist/LimitationsOnPublicAccess",
  "http://inspire.ec.europa.eu/metadata-codelist/ConditionsApplyingToAccessAndUse",
  "http://inspire.ec.europa.eu/metadata-codelist/QualityOfServiceCriteria",
  "http://inspire.ec.europa.eu/metadata-codelist/OnLineDescriptionCode",
  "http://inspire.ec.europa.eu/metadata-codelist/PriorityDataset",
  "http://inspire.ec.europa.eu/metadata-codelist/SpatialScope",
  "http://inspire.ec.europa.eu/metadata-codelist/ProtocolValue"
]

04:24:33.191 [ForkJoinPool-1-worker-7] INFO  com.intuit.karate - [print] [
  "http://www.opengis.net/def/crs/EPSG/0/http://www.opengis.net/def/crs/EPSG/0/3034",
  "http://nationaalgeoregister.nl/geonetwork/srv/dut/csw?SERVICE=CSW&version=2.0.2&REQUEST=GetRecordById&elementSetName=full&OutputSchema=http://www.isotc211.org/2005/gmd&ID=998ba1dc-f6a6-49a3-a021-51f30d9b1d0e",
  "https://creativecommons.org/publicdomain/mark/*/deed.nl",
  ""
]

04:24:33.197 [ForkJoinPool-1-worker-3] ERROR com.intuit.karate - status code was: 500, expected: 200, response time: 305, url: https://ngr.geocat.live/geonetwork/srv/eng/thesaurus.download?ref=external.theme.httpinspireeceuropaeumetadatacodelistPrioritydataset-Prioritydataset, response: 
04:24:33.197 [ForkJoinPool-1-worker-3] ERROR com.intuit.karate - feature call (loop) failed at index: 2
caller: classpath:InspireTest/ngr/datasetrecords/def/checkxlinkurl.template.feature
arg: {"link":"https://ngr.geocat.live/geonetwork/srv/eng/thesaurus.download?ref=external.theme.httpinspireeceuropaeumetadatacodelistPrioritydataset-Prioritydataset"}
checkxlinkurl.template.feature:15 - status code was: 500, expected: 200, response time: 305, url: https://ngr.geocat.live/geonetwork/srv/eng/thesaurus.download?ref=external.theme.httpinspireeceuropaeumetadatacodelistPrioritydataset-Prioritydataset, response: 
04:24:33.201 [pool-1-thread-2] INFO  com.intuit.karate - << lock released, cached callonce: read('def/getcswbriefrecords.feature')
04:24:33.203 [pool-1-thread-2] INFO  com.intuit.karate - [print] {
  "responseTime": 433,
  "inspirecodelist": [
    "http://inspire.ec.europa.eu/metadata-codelist/ResourceType",
    "http://inspire.ec.europa.eu/metadata-codelist/TopicCategory",
    "http://inspire.ec.europa.eu/metadata-codelist/SpatialDataServiceType",
    "http://inspire.ec.europa.eu/metadata-codelist/SpatialDataServiceCategory",
    "http://inspire.ec.europa.eu/metadata-codelist/DegreeOfConformity",
    "http://inspire.ec.europa.eu/metadata-codelist/ResponsiblePartyRole",
    "http://inspire.ec.europa.eu/metadata-codelist/LimitationsOnPublicAccess",
    "http://inspire.ec.europa.eu/metadata-codelist/ConditionsApplyingToAccessAndUse",
    "http://inspire.ec.europa.eu/metadata-codelist/QualityOfServiceCriteria",
    "http://inspire.ec.europa.eu/metadata-codelist/OnLineDescriptionCode",
    "http://inspire.ec.europa.eu/metadata-codelist/PriorityDataset",
    "http://inspire.ec.europa.eu/metadata-codelist/SpatialScope",
    "http://inspire.ec.europa.eu/metadata-codelist/ProtocolValue"
  ],
  "callheaderresult": {
    "__arg": null,
    "line": "\"datasetIdentifierCode\",\"title\",\"organisationName\",\"email\",",
    "env": "dev",
    "myVarName": "someValue",
    "__loop": -1,
    "mystorage": StaticClass[storage.DataStorage],
    "db": storage.DataStorage@2e0f1eac
  },
  "env": "dev",
  "knownlinks": [
    "http://creativecommons.org/licenses/by/3.0/deed.nl",
    "http://creativecommons.org/licenses/by/3.0/nl/",
    "http://creativecommons.org/licenses/by/4.0/deed.nl",
    "http://creativecommons.org/publicdomain/mark/1.0/deed.nl",
    "http://creativecommons.org/publicdomain/zero/1.0/deed.nl",
    "http://data.europa.eu/eli/reg/2010/1089",
    "http://inspire.ec.europa.eu/applicationschema",
    "http://inspire.ec.europa.eu/applicationschema/of",
    "http://inspire.ec.europa.eu/id/document/tg/am",
    "http://inspire.ec.europa.eu/id/document/tg/au",
    "http://inspire.ec.europa.eu/id/document/tg/ef",
    "http://inspire.ec.europa.eu/id/document/tg/el",
    "http://inspire.ec.europa.eu/id/document/tg/hh",
    "http://inspire.ec.europa.eu/id/document/tg/hy",
    "http://inspire.ec.europa.eu/id/document/tg/nz",
    "http://inspire.ec.europa.eu/id/document/tg/of",
    "http://inspire.ec.europa.eu/id/document/tg/pf",
    "http://inspire.ec.europa.eu/id/document/tg/ps",
    "http://inspire.ec.europa.eu/id/document/tg/tn",
    "http://inspire.ec.europa.eu/id/document/tg/us",
    "http://inspire.ec.europa.eu/media-types/application/x-shapefile",
    "http://inspire.ec.europa.eu/metadata-codelist/ConditionsApplyingToAccessAndUse/noConditionsApply",
    "http://inspire.ec.europa.eu/metadata-codelist/LimitationsOnPublicAccess/INSPIRE_Directive_Article13_1f",
    "http://inspire.ec.europa.eu/metadata-codelist/LimitationsOnPublicAccess/noLimitations",
    "http://inspire.ec.europa.eu/metadata-codelist/OnLineDescriptionCode/accessPoint",
    "http://inspire.ec.europa.eu/metadata-codelist/OnLineDescriptionCode/endPoint",
    "http://inspire.ec.europa.eu/metadata-codelist/PriorityDataset",
    "http://inspire.ec.europa.eu/metadata-codelist/PriorityDataset#",
    "http://inspire.ec.europa.eu/metadata-codelist/PriorityDataset/ActualPollutantReleases-reg-2006-166",
    "http://inspire.ec.europa.eu/metadata-codelist/PriorityDataset/Agglomerations-dir-1991-271",
    "http://inspire.ec.europa.eu/metadata-codelist/PriorityDataset/BirdSpeciesDistribution-dir-2009-147",
    "http://inspire.ec.europa.eu/metadata-codelist/PriorityDataset/BirdsRange-dir-2009-147",
    "http://inspire.ec.europa.eu/metadata-codelist/PriorityDataset/CoastalWaters-dir-2000-60",
    "http://inspire.ec.europa.eu/metadata-codelist/PriorityDataset/DischargePointsToReceivingWaters-dir-1991-271",
    "http://inspire.ec.europa.eu/metadata-codelist/PriorityDataset/DrinkingWaterAbstractionPoints-dir-1998-83",
    "http://inspire.ec.europa.eu/metadata-codelist/PriorityDataset/EstablishmentsInvolvingDangerousSubstances-dir-2012-18",
    "http://inspire.ec.europa.eu/metadata-codelist/PriorityDataset/FloodedAreas-dir-2007-60",
    "http://inspire.ec.europa.eu/metadata-codelist/PriorityDataset/FloodRiskZones-dir-2007-60",
    "http://inspire.ec.europa.eu/metadata-codelist/PriorityDataset/HabitatTypesDistribution-dir-1992-43",
    "http://inspire.ec.europa.eu/metadata-codelist/PriorityDataset/HabitatTypesRange-dir-1992-43",
    "http://inspire.ec.europa.eu/metadata-codelist/PriorityDataset/IndustrialSites-EURegistry-reg-2006-166",
    "http://inspire.ec.europa.eu/metadata-codelist/PriorityDataset/InvasiveAlienSpeciesDistribution-reg-2014-1143",
    "http://inspire.ec.europa.eu/metadata-codelist/PriorityDataset/Lakes-dir-2000-60",
    "http://inspire.ec.europa.eu/metadata-codelist/PriorityDataset/MajorAirportsNoiseExposureDelineationDEN-dir-2002-49",
    "http://inspire.ec.europa.eu/metadata-codelist/PriorityDataset/MajorAirportsNoiseExposureDelineationNight-dir-2002-49",
    "http://inspire.ec.europa.eu/metadata-codelist/PriorityDataset/MajorRailwaysNoiseExposureDelineationDEN-dir-2002-49",
    "http://inspire.ec.europa.eu/metadata-codelist/PriorityDataset/MajorRailwaysNoiseExposureDelineationNight-dir-2002-49",
    "http://inspire.ec.europa.eu/metadata-codelist/PriorityDataset/MajorRoadsNoiseExposureDelineation-dir-2002-49",
    "http://inspire.ec.europa.eu/metadata-codelist/PriorityDataset/MajorRoadsNoiseExposureDelineationDEN-dir-2002-49",
    "http://inspire.ec.europa.eu/metadata-codelist/PriorityDataset/ManagementUnits-dir-2007-60",
    "http://inspire.ec.europa.eu/metadata-codelist/PriorityDataset/MarineAssessmentUnits-dir-2008-56",
    "http://inspire.ec.europa.eu/metadata-codelist/PriorityDataset/MonitoringStations-dir-2000-60",
    "http://inspire.ec.europa.eu/metadata-codelist/PriorityDataset/MonitoringStations-dir-2008-56",
    "http://inspire.ec.europa.eu/metadata-codelist/PriorityDataset/MSFDReportingUnits-dir-2008-56",
    "http://inspire.ec.europa.eu/metadata-codelist/PriorityDataset/NationallyDesignatedAreasCDDA",
    "http://inspire.ec.europa.eu/metadata-codelist/PriorityDataset/Natura2000Sites-dir-1992-43",
    "http://inspire.ec.europa.eu/metadata-codelist/PriorityDataset/Natura2000Sites-dir-2009-147",
    "http://inspire.ec.europa.eu/metadata-codelist/PriorityDataset/RiverBasinDistricts-dir-2000-60",
    "http://inspire.ec.europa.eu/metadata-codelist/PriorityDataset/RiverBasinDistrictsSubUnits-dir-2000-60",
    "http://inspire.ec.europa.eu/metadata-codelist/PriorityDataset/Rivers-dir-2000-60",
    "http://inspire.ec.europa.eu/metadata-codelist/PriorityDataset/SpeciesDistribution-dir-1992-43",
    "http://inspire.ec.europa.eu/metadata-codelist/PriorityDataset/SpeciesRange-dir-1992-43",
    "http://inspire.ec.europa.eu/metadata-codelist/PriorityDataset/SurfaceWaterBodies-dir-2000-60",
    "http://inspire.ec.europa.eu/metadata-codelist/PriorityDataset/TransitionalWaters-dir-2000-60",
    "http://inspire.ec.europa.eu/metadata-codelist/PriorityDataset/UrbanWasteWaterTreatmentPlants-dir-1991-271",
    "http://inspire.ec.europa.eu/metadata-codelist/SpatialDataServiceType/download",
    "http://inspire.ec.europa.eu/metadata-codelist/SpatialDataServiceType/http://inspire.ec.europa.eu/metadata-codelist/SpatialDataServiceType/download",
    "http://inspire.ec.europa.eu/metadata-codelist/SpatialDataServiceType/other",
    "http://inspire.ec.europa.eu/metadata-codelist/SpatialDataServiceType/view",
    "http://inspire.ec.europa.eu/metadata-codelist/SpatialScope",
    "http://inspire.ec.europa.eu/metadata-codelist/SpatialScope/european",
    "http://inspire.ec.europa.eu/metadata-codelist/SpatialScope/national",
    "http://inspire.ec.europa.eu/schemas/am/4.0/AreaManagementRestrictionRegulationZone.xsd",
    "http://inspire.ec.europa.eu/schemas/ef/4.0/EnvironmentalMonitoringFacilities.xsd",
    "http://inspire.ec.europa.eu/schemas/el-bas/4.0/ElevationBaseTypes.xsd",
    "http://inspire.ec.europa.eu/schemas/hh/4.0/HumanHealth.xsd",
    "http://inspire.ec.europa.eu/schemas/hy-n/4.0/HydroNetwork.xsd",
    "http://inspire.ec.europa.eu/schemas/hy/4.0/HydroBase.xsd",
    "http://inspire.ec.europa.eu/schemas/mu/3.0/MaritimeUnits.xsd",
    "http://inspire.ec.europa.eu/schemas/nz-core/4.0/NaturalRiskZonesCore.xsd",
    "http://inspire.ec.europa.eu/schemas/nz/0.0/NaturalRiskZones.xsd",
    "http://inspire.ec.europa.eu/schemas/of/4.0/OceanFeatures.xsd",
    "http://inspire.ec.europa.eu/schemas/pf/4.0/ProductionAndIndustrialFacilities.xsd",
    "http://inspire.ec.europa.eu/schemas/ps/4.0/ProtectedSites.xsd",
    "http://inspire.ec.europa.eu/schemas/tn-ro/4.0/RoadTransportNetwork.xsd",
    "http://inspire.ec.europa.eu/schemas/tn-w/4.0/WaterTransportNetwork.xsd",
    "http://inspire.ec.europa.eu/schemas/tn/4.0/CommonTransportElements.xsd",
    "http://inspire.ec.europa.eu/schemas/us-govserv/4.0/GovernmentalServices.xsd",
    "http://inspire.ec.europa.eu/theme#",
    "http://standaarden.overheid.nl/owms/terms/Ministerie_van_Economische_Zaken",
    "http://standaarden.overheid.nl/owms/terms/Rijksinstituut_voor_Volksgezondheid_en_Milieu",
    "http://standaarden.overheid.nl/owms/terms/RVO",
    "http://www.eionet.europa.eu/gemet/inspire_themes",
    "http://www.eionet.europa.eu/gemet/nl/inspire-theme/ac",
    "http://www.eionet.europa.eu/gemet/nl/inspire-theme/ad",
    "http://www.eionet.europa.eu/gemet/nl/inspire-theme/af",
    "http://www.eionet.europa.eu/gemet/nl/inspire-theme/am",
    "http://www.eionet.europa.eu/gemet/nl/inspire-theme/au",
    "http://www.eionet.europa.eu/gemet/nl/inspire-theme/bu",
    "http://www.eionet.europa.eu/gemet/nl/inspire-theme/cp",
    "http://www.eionet.europa.eu/gemet/nl/inspire-theme/ef",
    "http://www.eionet.europa.eu/gemet/nl/inspire-theme/er",
    "http://www.eionet.europa.eu/gemet/nl/inspire-theme/ge",
    "http://www.eionet.europa.eu/gemet/nl/inspire-theme/gn",
    "http://www.eionet.europa.eu/gemet/nl/inspire-theme/hb",
    "http://www.eionet.europa.eu/gemet/nl/inspire-theme/hh",
    "http://www.eionet.europa.eu/gemet/nl/inspire-theme/hy",
    "http://www.eionet.europa.eu/gemet/nl/inspire-theme/lc",
    "http://www.eionet.europa.eu/gemet/nl/inspire-theme/lu",
    "http://www.eionet.europa.eu/gemet/nl/inspire-theme/mf",
    "http://www.eionet.europa.eu/gemet/nl/inspire-theme/nz",
    "http://www.eionet.europa.eu/gemet/nl/inspire-theme/of",
    "http://www.eionet.europa.eu/gemet/nl/inspire-theme/oi",
    "http://www.eionet.europa.eu/gemet/nl/inspire-theme/pd",
    "http://www.eionet.europa.eu/gemet/nl/inspire-theme/pf",
    "http://www.eionet.europa.eu/gemet/nl/inspire-theme/ps",
    "http://www.eionet.europa.eu/gemet/nl/inspire-theme/rs",
    "http://www.eionet.europa.eu/gemet/nl/inspire-theme/sd",
    "http://www.eionet.europa.eu/gemet/nl/inspire-theme/so",
    "http://www.eionet.europa.eu/gemet/nl/inspire-theme/sr",
    "http://www.eionet.europa.eu/gemet/nl/inspire-theme/su",
    "http://www.eionet.europa.eu/gemet/nl/inspire-theme/tn",
    "http://www.eionet.europa.eu/gemet/nl/inspire-theme/us",
    "http://www.iana.org/assignments/media-types/application/gml+xml",
    "http://www.opengeospatial.org/standards/sos",
    "http://www.opengeospatial.org/standards/wcs",
    "http://www.opengeospatial.org/standards/wfs",
    "http://www.opengeospatial.org/standards/wms",
    "http://www.opengeospatial.org/standards/wmts",
    "http://www.opengis.net/def/crs/EPSG/0/3034",
    "http://www.opengis.net/def/crs/EPSG/0/3035",
    "http://www.opengis.net/def/crs/EPSG/0/3857",
    "http://www.opengis.net/def/crs/EPSG/0/4258",
    "http://www.opengis.net/def/crs/EPSG/0/4326",
    "http://www.opengis.net/def/crs/EPSG/0/5709",
    "http://www.opengis.net/def/crs/EPSG/0/5730",
    "http://www.opengis.net/def/crs/EPSG/0/5861",
    "http://www.opengis.net/def/crs/EPSG/0/23031",
    "http://www.opengis.net/def/crs/EPSG/0/25831",
    "http://www.opengis.net/def/crs/EPSG/0/25832",
    "http://www.opengis.net/def/crs/EPSG/0/28992",
    "http://www.opengis.net/def/crs/EPSG/0/EPSG:4326",
    "http://www.opengis.net/def/crs/EPSG/0/EPSG:28992",
    "http://www.opengis.net/def/crs/EPSG/0/epsg:28992",
    "http://www.opengis.net/def/serviceType/ogc/wcs",
    "http://www.opengis.net/def/serviceType/ogc/wfs",
    "http://www.opengis.net/def/serviceType/ogc/wms",
    "http://www.opengis.net/def/serviceType/ogc/wmts",
    "http://www.wur.nl/nl/Expertises-Dienstverlening/Onderzoeksinstituten/Environmental-Research.htm",
    "https://ec.europa.eu/eurostat/web/health/data/database",
    "https://geodata.cbs.nl/files/INSPIRE",
    "https://geodata.nationaalgeoregister.nl/elu/atom/elu.xml",
    "https://inspire.ec.europa.eu/id/document/tg/au",
    "https://inspire.ec.europa.eu/id/document/tg/of",
    "https://inspire.ec.europa.eu/id/document/tg/ps",
    "https://inspire.ec.europa.eu/schemas/ps/4.0/ProtectedSites.xsd",
    "https://ngr.geocat.live/geonetwork/srv/eng/thesaurus.download?ref=external.theme.httpinspireeceuropaeumetadatacodelistSpatialScope-SpatialScope",
    "https://tools.ietf.org/html/rfc4287",
    "https://tools.ietf.org/html/rfc5023",
    "https://www.cbs.nl/-/media/cbs/dossiers/nederland%20regionaal/wijk-en-buurtstatistieken/shape%202017%20versie%2020.zip",
    "https://www.cbs.nl/nl-nl/dossier/nederland-regionaal/geografische-data/wijk-en-buurtkaart-2016",
    "https://www.cbs.nl/nl-nl/dossier/nederland-regionaal/geografische-data/wijk-en-buurtkaart-2018",
    "https://www.cbs.nl/nl-nl/dossier/nederland-regionaal/geografische-data/wijk-en-buurtkaart-2019",
    "https://www.iana.org/assignments/media-types/application/gml+xml",
    "https://www.iana.org/assignments/media-types/application/zip",
    "https://www.iana.org/assignments/media-types/image/png",
    "https://www.nationaalgeoregister.nl",
    "https://www.nationaalgeoregister.nl/geonetwork/srv/eng/thesaurus.download?ref=external.theme.httpinspireeceuropaeumetadatacodelistPriorityDataset-PriorityDataset",
    "https://www.nationaalgeoregister.nl/geonetwork/srv/eng/thesaurus.download?ref=external.theme.httpinspireeceuropaeumetadatacodelistSpatialScope-SpatialScope",
    "https://www.nationaalgeoregister.nl/geonetwork/srv/eng/thesaurus.download?ref=external.theme.httpinspireeceuropaeutheme-theme",
    "https://www.nationaalgeoregister.nl:443/geonetwork/srv/eng/thesaurus.download?ref=external.theme.httpinspireeceuropaeuapplicationschema-applicationschema",
    "https://www.nationaalgeoregister.nl:443/geonetwork/srv/eng/thesaurus.download?ref=external.theme.httpinspireeceuropaeumetadatacodelistPriorityDataset-PriorityDataset",
    "https://www.nationaalgeoregister.nl:443/geonetwork/srv/eng/thesaurus.download?ref=external.theme.httpinspireeceuropaeumetadatacodelistSpatialScope-SpatialScope",
    "https://www.nationaalgeoregister.nl:443/geonetwork/srv/eng/thesaurus.download?ref=external.theme.httpinspireeceuropaeutheme-theme"
  ],
  "responseStatus": 200,
  "list": [
    {
      "datasetIdentifierCode": "f99e915a-75e5-4c36-97f2-61eff692d85b"
    },
    {
      "datasetIdentifierCode": "247a1d15-0a67-40ce-85be-1403c08f15a8"
    },
    {
      "datasetIdentifierCode": "3a7dd0a6-d130-4c4c-b0ba-24365cf036e2"
    },
    {
      "datasetIdentifierCode": "81ff84ec-42a4-4481-840b-12713bbb5d38"
    },
    {
      "datasetIdentifierCode": "8b0b02a0-1e1b-4cda-bcfe-6fa0f738e38f"
    },
    {
      "datasetIdentifierCode": "791adbe3-772f-42cb-a3be-5a617bcecef0"
    },
    {
      "datasetIdentifierCode": "f2f86edf-ac3a-48e8-9292-0544da2d7645"
    },
    {
      "datasetIdentifierCode": "edf79e6a-d73d-4def-8d22-0f495cc76a73"
    },
    {
      "datasetIdentifierCode": "3d59fd06-9aec-4744-91e7-65e119f74569"
    },
    {
      "datasetIdentifierCode": "c5c4a6d6-b850-473c-8ab5-af9c2c550809"
    },
    {
      "datasetIdentifierCode": "be6551de-a709-4c6d-a5e2-f63f0cf038ba"
    },
    {
      "datasetIdentifierCode": "6050578f-0010-4bfa-b013-c8617b80ba62"
    },
    {
      "datasetIdentifierCode": "08b27bf0-e34a-4b30-9eac-5edadfb6a288"
    },
    {
      "datasetIdentifierCode": "58d39928-f502-48c9-a8c1-03244dc181bf"
    },
    {
      "datasetIdentifierCode": "d6b85d84-cdb9-4a6e-b799-cf8826e22a94"
    },
    {
      "datasetIdentifierCode": "b4ae622c-6201-49d8-bd2e-f7fce9206a1e"
    },
    {
      "datasetIdentifierCode": "74aca3eb-c38b-4214-9537-e0abc69e11b5"
    },
    {
      "datasetIdentifierCode": "d9baa847-4652-4588-abe1-0b050f40f27f"
    },
    {
      "datasetIdentifierCode": "ed960299-a147-4c1a-bc57-41ff83a2264f"
    },
    {
      "datasetIdentifierCode": "fe0e1e5f-512f-4bb1-bbf8-4028d3dfa24f"
    },
    {
      "datasetIdentifierCode": "1c3afc74-cc34-44b7-938a-963e2350795a"
    },
    {
      "datasetIdentifierCode": "4617f0e0-6af4-4ac0-9044-31df9d03071c"
    },
    {
      "datasetIdentifierCode": "4b282988-cb91-4bbc-b147-f653014917cb"
    },
    {
      "datasetIdentifierCode": "50a2c5e6-c8e7-425d-854e-26f578196bc9"
    },
    {
      "datasetIdentifierCode": "10d1153e-778f-4995-9b6c-7c69b196cccb"
    },
    {
      "datasetIdentifierCode": "6c06740d-058f-4a12-bb3f-bf68efd03d09"
    },
    {
      "datasetIdentifierCode": "7dd1fd45-ace5-41e0-93a6-64e3be231717"
    },
    {
      "datasetIdentifierCode": "8a4f5c3b-aced-48fd-afb5-f1f1d0ef21d6"
    },
    {
      "datasetIdentifierCode": "19165027-a13a-4c19-9013-ec1fd191019d"
    },
    {
      "datasetIdentifierCode": "c3c004ad-5387-4b00-a225-9afbcaa5d31b"
    },
    {
      "datasetIdentifierCode": "b59f06c0-dce5-11e3-9c10-901b0e19e163"
    },
    {
      "datasetIdentifierCode": "fe45c540-e37d-11e4-b571-0800200c9a66"
    },
    {
      "datasetIdentifierCode": "002d9127-c16d-4b8d-9f5e-102a8c8e36c4"
    },
    {
      "datasetIdentifierCode": "f8d840bc-18df-4449-b797-b9adcb81d3ec"
    },
    {
      "datasetIdentifierCode": "1be28290-55fa-4486-b9d3-b9d147117863"
    },
    {
      "datasetIdentifierCode": "588a4cb1-b442-4ac1-87e4-40401e353166"
    },
    {
      "datasetIdentifierCode": "31de946d-85d4-4c93-bb97-e25f4ef1401a"
    },
    {
      "datasetIdentifierCode": "b61a773c-ecad-4e60-93e9-0a4caac0b52f"
    },
    {
      "datasetIdentifierCode": "dc5b522e-3e14-4738-9e8e-2401e1b19ef2"
    },
    {
      "datasetIdentifierCode": "8f45b8ef-0ce8-463a-9059-5efdcecb785c"
    },
    {
      "datasetIdentifierCode": "afc450bd-65b3-4e59-b0fb-619869bf6ada"
    },
    {
      "datasetIdentifierCode": "b3ec8793-7747-4da0-b6c3-aa384446a586"
    },
    {
      "datasetIdentifierCode": "733559a5-201d-40e5-ad43-d1c7bae84d9f"
    },
    {
      "datasetIdentifierCode": "500d396f-5ec6-4e4b-a151-5fb3cddd8082"
    },
    {
      "datasetIdentifierCode": "d8f370e8-123c-4ab3-9410-04f728327ac6"
    },
    {
      "datasetIdentifierCode": "d3c9efd6-fca7-49d6-92bb-5f507abece90"
    },
    {
      "datasetIdentifierCode": "493ab81b-75f8-4205-b030-6b2fd9eb4295"
    },
    {
      "datasetIdentifierCode": "0d6ccccc-7cfb-4eaa-8dc5-8b433d19b121"
    },
    {
      "datasetIdentifierCode": "e80ad426-1392-4349-9f80-14dae5f1bf57"
    },
    {
      "datasetIdentifierCode": "64c987ec-dce6-11e3-8563-901b0e19e163"
    },
    {
      "datasetIdentifierCode": "e1e99000-ec47-4e9f-84a5-adad24fef0dc"
    },
    {
      "datasetIdentifierCode": "f273941e-9c3b-43bc-b886-2d50d0bf9348"
    },
    {
      "datasetIdentifierCode": "76541ebb-a554-4540-a017-399d4bb4a860"
    },
    {
      "datasetIdentifierCode": "3387ef8a-9237-453a-aa4e-585d1e193550"
    },
    {
      "datasetIdentifierCode": "3eebf700-5abf-42e4-826c-03cfb497e366"
    },
    {
      "datasetIdentifierCode": "d24ccb35-e9d2-41bf-b231-43083fc0c76d"
    },
    {
      "datasetIdentifierCode": "34e95842-4e4e-46de-9198-79e8cd4d30dc"
    },
    {
      "datasetIdentifierCode": "5a1adb58-0bbe-425d-b0fe-577a6c0a4228"
    },
    {
      "datasetIdentifierCode": "7939fd42-cf88-42c5-ab3b-232cf232a3ac"
    },
    {
      "datasetIdentifierCode": "8de2f5eb-b09f-4f6d-8397-8878a1b86238"
    },
    {
      "datasetIdentifierCode": "adn73c4a-ef03-4785-b7f6-942e86b385f5"
    },
    {
      "datasetIdentifierCode": "9b583730-e750-485a-9c0c-39bf9be72cf9"
    },
    {
      "datasetIdentifierCode": "eu-f297898-2640-44c2-bbe9-c0480da83794"
    },
    {
      "datasetIdentifierCode": "4783ea4f-6b8c-4600-8af0-516f3556cfe9"
    },
    {
      "datasetIdentifierCode": "5800f3b0-2ea2-4231-8165-216a7b26867f"
    },
    {
      "datasetIdentifierCode": "adn73c4a-ef03-4785-b7f6-942e86b385f7"
    },
    {
      "datasetIdentifierCode": "50eef6be-619d-4e16-9b92-48971109b636"
    },
    {
      "datasetIdentifierCode": "9b583730-e750-485a-9c0c-39bf9be72cf8"
    },
    {
      "datasetIdentifierCode": "tbjk534p-wubf-crbp-cj25-d4161160gfim"
    },
    {
      "datasetIdentifierCode": "68ebd5c9-0ea1-4f22-9907-ec4c063cd3e2"
    },
    {
      "datasetIdentifierCode": "1a40eb6f-4f33-4e15-a0b1-2d350ad2636e"
    },
    {
      "datasetIdentifierCode": "cf69ec50-9849-4afd-853c-ee56211d336d"
    },
    {
      "datasetIdentifierCode": "f44dac86-2228-412f-8355-e56446ca9933"
    },
    {
      "datasetIdentifierCode": "f91c6ad6-62a5-46d0-8a5b-8a62e7a4b833"
    },
    {
      "datasetIdentifierCode": "cbeaebc3-815a-48af-a978-0e16892865fc"
    },
    {
      "datasetIdentifierCode": "14657c9b-91e4-4355-8563-2911ad0e78e4"
    },
    {
      "datasetIdentifierCode": "9dd9bf30-36e6-45ae-b368-bdef2720bdde"
    },
    {
      "datasetIdentifierCode": "db8d613f-5edc-4467-9cc0-e2dcfb9d64a8"
    },
    {
      "datasetIdentifierCode": "fcefa13c-44e2-4953-b6d6-1ddceebc57fc"
    },
    {
      "datasetIdentifierCode": "29d5310f-dd0d-45ba-abad-b4ffc6b8785f"
    },
    {
      "datasetIdentifierCode": "af135cd8-d429-4fc7-b9e3-09e15217520d"
    },
    {
      "datasetIdentifierCode": "6c1cf452-8c62-4046-99ab-640a5e184f9c"
    },
    {
      "datasetIdentifierCode": "24de356e-ec4d-4a18-9903-6401d222b77c"
    },
    {
      "datasetIdentifierCode": "a322184d-6285-4856-bb78-f450b30ffc0e"
    },
    {
      "datasetIdentifierCode": "83dab947-387b-49df-8ad2-32bb10d46d38"
    },
    {
      "datasetIdentifierCode": "7c24ea89-074e-4c4f-91e3-d38e813e9cb6"
    },
    {
      "datasetIdentifierCode": "c2225e5d-b46f-4e38-8445-ab10fd40c0dc"
    },
    {
      "datasetIdentifierCode": "f1d27179-36eb-4376-8048-f51d2eb23a09"
    },
    {
      "datasetIdentifierCode": "2cc2c30c-91b8-412a-a060-e84d25272581"
    },
    {
      "datasetIdentifierCode": "be1b1514-8d1f-48e1-9624-fee9b784138b"
    },
    {
      "datasetIdentifierCode": "3e57ce43-7707-43ed-a4b9-72b3a6d812f8"
    },
    {
      "datasetIdentifierCode": "58e7dc38-a498-4852-b4ef-908f5baa9056"
    },
    {
      "datasetIdentifierCode": "3703b249-a0eb-484e-ba7a-10e31a55bcec"
    },
    {
      "datasetIdentifierCode": "a04afee4-47d5-45b7-b7a0-a6f86106af11"
    },
    {
      "datasetIdentifierCode": "ad6caa40-89ab-47e3-85ab-3f8e32024a71"
    },
    {
      "datasetIdentifierCode": "977e0e94-7aa9-4784-b2da-eaec44adb61b"
    },
    {
      "datasetIdentifierCode": "b3f66964-a8c1-456f-9799-9cafca2cb7b1"
    },
    {
      "datasetIdentifierCode": "12bb57cd-73e0-41ba-a1e9-6d986b9109d3"
    },
    {
      "datasetIdentifierCode": "07575774-57a1-4419-bab4-6c88fdeb02b2"
    },
    {
      "datasetIdentifierCode": "80630ee7-3a15-4ea0-bdc0-a8aebfa2f204"
    },
    {
      "datasetIdentifierCode": "5b274449-b6c2-4672-a32f-e0bd40975a53"
    },
    {
      "datasetIdentifierCode": "32a21114-8694-40ce-ab76-9dcd885c7861"
    },
    {
      "datasetIdentifierCode": "d845cef6-0e23-4212-a951-b69763e39ef0"
    },
    {
      "datasetIdentifierCode": "af0c582f-9e6b-46e6-865a-fc3a2d5289b9"
    },
    {
      "datasetIdentifierCode": "a5f961e9-ebdd-41e2-b8e8-ab33ed340a83"
    },
    {
      "datasetIdentifierCode": "daa63e4c-dce6-11e3-991e-901b0e19e163"
    },
    {
      "datasetIdentifierCode": "7f5d7945-8fa8-4d36-be4c-2fdb3c7d613b"
    },
    {
      "datasetIdentifierCode": "64ff8561-5c56-4cc1-ae0e-94366fb70b7e"
    },
    {
      "datasetIdentifierCode": "844404a2-9cd0-452e-b29a-74588777485a"
    },
    {
      "datasetIdentifierCode": "28c4780a-1a44-4376-b283-14a50a481729"
    },
    {
      "datasetIdentifierCode": "3a72b9a4-cda9-11ea-87d0-0242ac130003"
    },
    {
      "datasetIdentifierCode": "df15af6e-0d21-4437-a69f-802be3479bba"
    },
    {
      "datasetIdentifierCode": "36a7e8cb-8300-4602-93d2-135943365a6f"
    },
    {
      "datasetIdentifierCode": "73ec579e-c906-433a-b0b6-d3aa33421558"
    },
    {
      "datasetIdentifierCode": "380aa01e-dce7-11e3-9f07-901b0e19e163"
    },
    {
      "datasetIdentifierCode": "a29917b9-3426-4041-a11b-69bcb2256904"
    },
    {
      "datasetIdentifierCode": "ffefc3dc-dc8f-4589-ae22-a60bebcdf5cb"
    },
    {
      "datasetIdentifierCode": "2d3dd6d2-2d2b-4b5f-9e30-86e19ed77a56"
    },
    {
      "datasetIdentifierCode": "eu-2c7040b-c448-451b-bf15-f2416ecaadd1"
    },
    {
      "datasetIdentifierCode": "fe2f9091-1962-4073-9e3b-3e4aeed488a5"
    },
    {
      "datasetIdentifierCode": "1249746f-c2a6-4639-98f2-251676b3528e"
    },
    {
      "datasetIdentifierCode": "6318009c-7b11-4ab9-9929-735584dfb692"
    },
    {
      "datasetIdentifierCode": "2daad588-11ef-47de-9832-6fe2c3b93e6d"
    },
    {
      "datasetIdentifierCode": "5c37d29a-006d-4136-8989-adfc35a1d4a7"
    },
    {
      "datasetIdentifierCode": "wt-f5eb-b09f-4f6d-8397-8878a1b86238"
    },
    {
      "datasetIdentifierCode": "wt-3730-e750-485a-9c0c-39bf9be72cf9"
    },
    {
      "datasetIdentifierCode": "ca94a0cb-7561-4a10-a7d6-b840e56c33ff"
    },
    {
      "datasetIdentifierCode": "998ba1dc-f6a6-49a3-a021-51f30d9b1d0e"
    },
    {
      "datasetIdentifierCode": "c7d8d77b-8c47-4309-8c58-9b12b086407f"
    },
    {
      "datasetIdentifierCode": "110f9ec6-4464-462e-9765-83d90cefbeab"
    },
    {
      "datasetIdentifierCode": "2e31680f-68b5-4ff3-94a4-9c24109ffd5e"
    },
    {
      "datasetIdentifierCode": "622a632a-c57b-44a2-83a4-e51223d5f15g"
    },
    {
      "datasetIdentifierCode": "krw-f7bb2351-9788-42ea-a58b-a5ee1842304e"
    },
    {
      "datasetIdentifierCode": "a1960e70-22f4-4fd9-91a8-b605c6ceda3e"
    },
    {
      "datasetIdentifierCode": "110f9ec6-4464-462e-9765-83d90cefbead"
    },
    {
      "datasetIdentifierCode": "e536d943-ecff-4d7a-9500-cc31a263a6af"
    },
    {
      "datasetIdentifierCode": "bb11be63-bd38-4632-bf54-df44c423a529"
    },
    {
      "datasetIdentifierCode": "c935f2ab-9b65-4dc4-94a0-73aeb840a941"
    },
    {
      "datasetIdentifierCode": "krw2006-c57b-44a2-83a4-e51223d5f15g"
    },
    {
      "datasetIdentifierCode": "krw-782cab20-8328-45f1-a9b2-c27d07c14066"
    },
    {
      "datasetIdentifierCode": "krm-a905-9d8e-4758-83fa-28b057f185e3"
    },
    {
      "datasetIdentifierCode": "krm-a905-9d8e-4758-83fa-28b057f185e4"
    },
    {
      "datasetIdentifierCode": "110f9ec6-4464-462e-9765-83d90cefbeac"
    },
    {
      "datasetIdentifierCode": "891ddc2d-8949-4a45-be96-c65b87c41f13"
    },
    {
      "datasetIdentifierCode": "17716ed7-ce0d-4bfd-8868-a398e5578a36"
    },
    {
      "datasetIdentifierCode": "4e2ef670-cddd-11dd-ad8b-0800200c9a66"
    },
    {
      "datasetIdentifierCode": "26103042-50a1-4ee5-9c5b-857a2f8b7680"
    },
    {
      "datasetIdentifierCode": "6f84efeb-fc1d-4565-a721-80735ea57dbd"
    },
    {
      "datasetIdentifierCode": "88a3c1ae-902e-4efa-8663-ddd836101929"
    },
    {
      "datasetIdentifierCode": "ror-9d8e-4758-83fx-28b057f185e1"
    },
    {
      "datasetIdentifierCode": "ror-9d8e-4758-83fx-28b057f185f1"
    },
    {
      "datasetIdentifierCode": "uwwtd-9d8e-4758-83fa-28b057f185e3"
    },
    {
      "datasetIdentifierCode": "uwwtd-9d8e-4758-83fa-28b057f185e2"
    },
    {
      "datasetIdentifierCode": "uwwtd-9d8e-4758-83fa-28b057f185e1"
    },
    {
      "datasetIdentifierCode": "0f128799-cf18-4b37-a721-e62b068191f5"
    },
    {
      "datasetIdentifierCode": "76091be7-358a-4a44-8182-b4139c96c6a4"
    },
    {
      "datasetIdentifierCode": "5951efa2-1ff3-4763-a966-a2f5497679ee"
    },
    {
      "datasetIdentifierCode": "df5ee213-e1bd-433b-80f7-4ea20f493ca8"
    },
    {
      "datasetIdentifierCode": "b6ee58a1-b097-4c6d-8600-eb81efc1468c"
    },
    {
      "datasetIdentifierCode": "E7D9F0D6-2B8D-6699-F26E-4A781228F2DD"
    },
    {
      "datasetIdentifierCode": "7D35598D-DFBF-C64D-0F1A-92A80A45EB14"
    },
    {
      "datasetIdentifierCode": "wt-83730-e750-485a-9c0c-39bf9be72cf8"
    },
    {
      "datasetIdentifierCode": "9986a7ef-e5e2-4a7a-9018-2e1f9631ba8c"
    },
    {
      "datasetIdentifierCode": "34e6165f-1269-48d1-b255-0f05d163d692"
    },
    {
      "datasetIdentifierCode": "41023936-009d-48ec-a90d-c966895463c1"
    },
    {
      "datasetIdentifierCode": "effe1ab0-073d-437c-af13-df5c5e07d6cd"
    },
    {
      "datasetIdentifierCode": "71c2b7d2-a1a8-4836-b8d4-7247d331b04d"
    },
    {
      "datasetIdentifierCode": "a5241416-8401-4623-be61-57ef50447a41"
    },
    {
      "datasetIdentifierCode": "11a292bd-9022-4a9f-b1bf-02f5c89ad74a"
    },
    {
      "datasetIdentifierCode": "bc2c53f6-c908-4d7c-a6c0-78d9a2855640"
    },
    {
      "datasetIdentifierCode": "f5f68d51-2ca4-4897-8227-d3938b2b0a7e"
    },
    {
      "datasetIdentifierCode": "krw2006-68b5-4ff3-94a4-9c24109ffd5e"
    },
    {
      "datasetIdentifierCode": "710c381c-ab2d-45d5-a45d-af2eba811e5f"
    },
    {
      "datasetIdentifierCode": "60a2a7c2-d5b3-4ad5-b562-c448695357fb"
    },
    {
      "datasetIdentifierCode": "f002bfc5-7d87-46b6-819e-8415422b65c9"
    },
    {
      "datasetIdentifierCode": "cc408b2d-09a6-4b2b-9aa3-b46bfe2f00a5"
    },
    {
      "datasetIdentifierCode": "49ab8bee-b467-486a-96ca-b950443c453a"
    },
    {
      "datasetIdentifierCode": "110f9ec6-4464-462e-9765-83d90cefbeag"
    },
    {
      "datasetIdentifierCode": "ror-9d8e-4758-83fx-28b057f185g1"
    },
    {
      "datasetIdentifierCode": "a9b7026e-0a81-4813-93bd-ba49e6f28502"
    },
    {
      "datasetIdentifierCode": "f605a24f-60cd-4c40-94c8-2186aba3ddd0"
    },
    {
      "datasetIdentifierCode": "1462bbce-ccd3-4362-83d8-4535ca8f44eb"
    },
    {
      "datasetIdentifierCode": "6cde2ce7-3ecd-4785-b7b8-d62c3381efe9"
    },
    {
      "datasetIdentifierCode": "0558a41c-b09a-47fa-b8db-9de6bfe4f494"
    },
    {
      "datasetIdentifierCode": "25294679-adb9-4c39-a93b-6954ff9414ac"
    },
    {
      "datasetIdentifierCode": "f0821bfe-5a0a-11e9-8647-d663bd873d93"
    },
    {
      "datasetIdentifierCode": "88f76a94-ee4d-4e0c-9fde-91b692403e39"
    },
    {
      "datasetIdentifierCode": "eu-cb527d-f6db-4835-b0cd-deb245241254"
    },
    {
      "datasetIdentifierCode": "e8b84fae-00b3-49c1-80c1-df8f69f64e8c"
    },
    {
      "datasetIdentifierCode": "4cda487b-c467-490c-a843-6563fec016be"
    },
    {
      "datasetIdentifierCode": "03671a9e-6aaf-464d-be99-9aad25cef9e3"
    },
    {
      "datasetIdentifierCode": "a7fb2234-f7b4-4a03-b282-f10947f42fb1"
    },
    {
      "datasetIdentifierCode": "29c17585-e702-463f-a5dc-99d34b17d333"
    },
    {
      "datasetIdentifierCode": "F646DFB9-5BF6-EAB9-042B-CAB6FF2DC275"
    },
    {
      "datasetIdentifierCode": "e3b0da1e-0664-4025-b3f5-a54d74a26450"
    },
    {
      "datasetIdentifierCode": "9ed6b8ed-254a-4745-a09a-3b57137d1b69"
    },
    {
      "datasetIdentifierCode": "9d9f1738-aced-47c9-aaa0-c62474a2dcfb"
    },
    {
      "datasetIdentifierCode": "831f7bd7-c2ae-4336-bd2f-47ab20d7cdb7"
    },
    {
      "datasetIdentifierCode": "c7662717-9e43-4367-a344-723d73abbb3e"
    },
    {
      "datasetIdentifierCode": "280ed37a-b8d2-4ac5-8567-04d84fad3a41"
    }
  ],
  "__loop": -1,
  "__arg": null,
  "responseType": "json",
  "responseHeaders": {
    "Date": [
      "Sun, 20 Sep 2020 04:24:32 GMT"
    ],
    "Server": [
      "Apache"
    ],
    "X-Frame-Options": [
      "SAMEORIGIN",
      "SAMEORIGIN"
    ],
    "Access-Control-Allow-Origin": [
      "*"
    ],
    "Last-Modified": [
      "Thu, 14 Nov 2019 14:31:35 GMT"
    ],
    "Accept-Ranges": [
      "bytes"
    ],
    "Content-Length": [
      "27700"
    ],
    "X-XSS-Protection": [
      "1; mode=block"
    ],
    "Content-Type": [
      "application/json"
    ],
    "Keep-Alive": [
      "timeout=3, max=100"
    ],
    "Connection": [
      "Keep-Alive"
    ]
  },
  "response": {
    "register": {
      "submitter": "Nominated submitting organisations for the central INSPIRE registers and INSPIRE register federation",
      "license": {
        "label": "Europa Legal Notice",
        "uri": "http://ec.europa.eu/geninfo/legal_notices_nl.htm"
      },
      "registry": {
        "id": "http://inspire.ec.europa.eu/registry",
        "label": {
          "text": "INSPIRE register",
          "lang": "nl"
        }
      },
      "containeditems": [
        {
          "metadata-codelist": {
            "itemclass": {
              "id": "MetadataCodeList",
              "label": {
                "text": "Metadata Code list",
                "lang": "nl"
              }
            },
            "id": "http://inspire.ec.europa.eu/metadata-codelist/ResourceType",
            "label": {
              "text": "Type bron",
              "lang": "nl"
            },
            "version": "0",
            "status": {
              "id": "http://inspire.ec.europa.eu/registry/status/valid",
              "label": {
                "text": "Geldig",
                "lang": "nl"
              }
            },
            "register": {
              "registry": {
                "id": "http://inspire.ec.europa.eu/registry",
                "label": {
                  "text": "INSPIRE register",
                  "lang": "nl"
                }
              },
              "id": "http://inspire.ec.europa.eu/metadata-codelist",
              "label": {
                "text": "INSPIRE metadata code list register",
                "lang": "nl"
              }
            }
          }
        },
        {
          "metadata-codelist": {
            "itemclass": {
              "id": "MetadataCodeList",
              "label": {
                "text": "Metadata Code list",
                "lang": "nl"
              }
            },
            "id": "http://inspire.ec.europa.eu/metadata-codelist/TopicCategory",
            "label": {
              "text": "Onderwerpcategoriecn overeenkomstig EN ISO 19115",
              "lang": "nl"
            },
            "version": "0",
            "status": {
              "id": "http://inspire.ec.europa.eu/registry/status/valid",
              "label": {
                "text": "Geldig",
                "lang": "nl"
              }
            },
            "register": {
              "registry": {
                "id": "http://inspire.ec.europa.eu/registry",
                "label": {
                  "text": "INSPIRE register",
                  "lang": "nl"
                }
              },
              "id": "http://inspire.ec.europa.eu/metadata-codelist",
              "label": {
                "text": "INSPIRE metadata code list register",
                "lang": "nl"
              }
            }
          }
        },
        {
          "metadata-codelist": {
            "itemclass": {
              "id": "MetadataCodeList",
              "label": {
                "text": "Metadata Code list",
                "lang": "nl"
              }
            },
            "id": "http://inspire.ec.europa.eu/metadata-codelist/SpatialDataServiceType",
            "label": {
              "text": "Type dienst met betrekking tot ruimtelijke gegevens",
              "lang": "nl"
            },
            "version": "0",
            "status": {
              "id": "http://inspire.ec.europa.eu/registry/status/valid",
              "label": {
                "text": "Geldig",
                "lang": "nl"
              }
            },
            "register": {
              "registry": {
                "id": "http://inspire.ec.europa.eu/registry",
                "label": {
                  "text": "INSPIRE register",
                  "lang": "nl"
                }
              },
              "id": "http://inspire.ec.europa.eu/metadata-codelist",
              "label": {
                "text": "INSPIRE metadata code list register",
                "lang": "nl"
              }
            }
          }
        },
        {
          "metadata-codelist": {
            "itemclass": {
              "id": "MetadataCodeList",
              "label": {
                "text": "Metadata Code list",
                "lang": "nl"
              }
            },
            "definition": {
              "text": "De trefwoorden zijn gebaseerd op de taxonomie voor geografische diensten (EN ISO 19119). Deze taxonomie bestaat uit categorieC+n; de subcategorieC+n definiC+ren het waardedomein van de classificatie van ruimtelijke-gegevensdiensten.",
              "lang": "nl"
            },
            "id": "http://inspire.ec.europa.eu/metadata-codelist/SpatialDataServiceCategory",
            "label": {
              "text": "Classificatie van diensten met betrekking tot ruimtelijke gegevens",
              "lang": "nl"
            },
            "version": "0",
            "status": {
              "id": "http://inspire.ec.europa.eu/registry/status/valid",
              "label": {
                "text": "Geldig",
                "lang": "nl"
              }
            },
            "register": {
              "registry": {
                "id": "http://inspire.ec.europa.eu/registry",
                "label": {
                  "text": "INSPIRE register",
                  "lang": "nl"
                }
              },
              "id": "http://inspire.ec.europa.eu/metadata-codelist",
              "label": {
                "text": "INSPIRE metadata code list register",
                "lang": "nl"
              }
            }
          }
        },
        {
          "metadata-codelist": {
            "itemclass": {
              "id": "MetadataCodeList",
              "label": {
                "text": "Metadata Code list",
                "lang": "nl"
              }
            },
            "id": "http://inspire.ec.europa.eu/metadata-codelist/DegreeOfConformity",
            "label": {
              "text": "Conformiteitsindicatie",
              "lang": "nl"
            },
            "version": "0",
            "status": {
              "id": "http://inspire.ec.europa.eu/registry/status/valid",
              "label": {
                "text": "Geldig",
                "lang": "nl"
              }
            },
            "register": {
              "registry": {
                "id": "http://inspire.ec.europa.eu/registry",
                "label": {
                  "text": "INSPIRE register",
                  "lang": "nl"
                }
              },
              "id": "http://inspire.ec.europa.eu/metadata-codelist",
              "label": {
                "text": "INSPIRE metadata code list register",
                "lang": "nl"
              }
            }
          }
        },
        {
          "metadata-codelist": {
            "itemclass": {
              "id": "MetadataCodeList",
              "label": {
                "text": "Metadata Code list",
                "lang": "nl"
              }
            },
            "id": "http://inspire.ec.europa.eu/metadata-codelist/ResponsiblePartyRole",
            "label": {
              "text": "Rol van de verantwoordelijke partij",
              "lang": "nl"
            },
            "version": "0",
            "status": {
              "id": "http://inspire.ec.europa.eu/registry/status/valid",
              "label": {
                "text": "Geldig",
                "lang": "nl"
              }
            },
            "register": {
              "registry": {
                "id": "http://inspire.ec.europa.eu/registry",
                "label": {
                  "text": "INSPIRE register",
                  "lang": "nl"
                }
              },
              "id": "http://inspire.ec.europa.eu/metadata-codelist",
              "label": {
                "text": "INSPIRE metadata code list register",
                "lang": "nl"
              }
            }
          }
        },
        {
          "metadata-codelist": {
            "itemclass": {
              "id": "MetadataCodeList",
              "label": {
                "text": "Metadata Code list",
                "lang": "nl"
              }
            },
            "id": "http://inspire.ec.europa.eu/metadata-codelist/LimitationsOnPublicAccess",
            "label": {
              "text": "Beperkingen op openbare toegang",
              "lang": "nl"
            },
            "version": "0",
            "status": {
              "id": "http://inspire.ec.europa.eu/registry/status/valid",
              "label": {
                "text": "Geldig",
                "lang": "nl"
              }
            },
            "register": {
              "registry": {
                "id": "http://inspire.ec.europa.eu/registry",
                "label": {
                  "text": "INSPIRE register",
                  "lang": "nl"
                }
              },
              "id": "http://inspire.ec.europa.eu/metadata-codelist",
              "label": {
                "text": "INSPIRE metadata code list register",
                "lang": "nl"
              }
            }
          }
        },
        {
          "metadata-codelist": {
            "itemclass": {
              "id": "MetadataCodeList",
              "label": {
                "text": "Metadata Code list",
                "lang": "nl"
              }
            },
            "id": "http://inspire.ec.europa.eu/metadata-codelist/ConditionsApplyingToAccessAndUse",
            "label": {
              "text": "Voorwaarden voor toegang en gebruik",
              "lang": "nl"
            },
            "version": "0",
            "status": {
              "id": "http://inspire.ec.europa.eu/registry/status/valid",
              "label": {
                "text": "Geldig",
                "lang": "nl"
              }
            },
            "register": {
              "registry": {
                "id": "http://inspire.ec.europa.eu/registry",
                "label": {
                  "text": "INSPIRE register",
                  "lang": "nl"
                }
              },
              "id": "http://inspire.ec.europa.eu/metadata-codelist",
              "label": {
                "text": "INSPIRE metadata code list register",
                "lang": "nl"
              }
            }
          }
        },
        {
          "metadata-codelist": {
            "itemclass": {
              "id": "MetadataCodeList",
              "label": {
                "text": "Metadata Code list",
                "lang": "nl"
              }
            },
            "id": "http://inspire.ec.europa.eu/metadata-codelist/QualityOfServiceCriteria",
            "label": {
              "text": "Service kwaliteit criteria code",
              "lang": "nl"
            },
            "version": "0",
            "status": {
              "id": "http://inspire.ec.europa.eu/registry/status/valid",
              "label": {
                "text": "Geldig",
                "lang": "nl"
              }
            },
            "register": {
              "registry": {
                "id": "http://inspire.ec.europa.eu/registry",
                "label": {
                  "text": "INSPIRE register",
                  "lang": "nl"
                }
              },
              "id": "http://inspire.ec.europa.eu/metadata-codelist",
              "label": {
                "text": "INSPIRE metadata code list register",
                "lang": "nl"
              }
            }
          }
        },
        {
          "metadata-codelist": {
            "itemclass": {
              "id": "MetadataCodeList",
              "label": {
                "text": "Metadata Code list",
                "lang": "nl"
              }
            },
            "definition": {
              "text": "Code describing the type of resource given in the Resource Locator metadata element.",
              "lang": "en"
            },
            "id": "http://inspire.ec.europa.eu/metadata-codelist/OnLineDescriptionCode",
            "label": {
              "text": "Online description code",
              "lang": "en"
            },
            "version": "0",
            "status": {
              "id": "http://inspire.ec.europa.eu/registry/status/valid",
              "label": {
                "text": "Geldig",
                "lang": "nl"
              }
            },
            "register": {
              "registry": {
                "id": "http://inspire.ec.europa.eu/registry",
                "label": {
                  "text": "INSPIRE register",
                  "lang": "nl"
                }
              },
              "id": "http://inspire.ec.europa.eu/metadata-codelist",
              "label": {
                "text": "INSPIRE metadata code list register",
                "lang": "nl"
              }
            }
          }
        },
        {
          "metadata-codelist": {
            "itemclass": {
              "id": "MetadataCodeList",
              "label": {
                "text": "Metadata Code list",
                "lang": "nl"
              }
            },
            "definition": {
              "text": "Lijst met datasets die gerelateerd zijn aan milieurapportage, die stapsgewijs door de lidstaten via de Europese infrastructuur voor ruimtelijke informatie beschikbaar moeten worden gesteld. Deze lijst geeft ook de lacunes in data weer die zijn geïdentificeerd tijdens de evaluatie van de implementatie en de geschiktheid van de richtlijn voor het beoogde doel (de zogenoemde REFIT evaluatie).",
              "lang": "nl"
            },
            "id": "http://inspire.ec.europa.eu/metadata-codelist/PriorityDataset",
            "label": {
              "text": "INSPIRE prioritaire dataset",
              "lang": "nl"
            },
            "version": "0",
            "status": {
              "id": "http://inspire.ec.europa.eu/registry/status/valid",
              "label": {
                "text": "Geldig",
                "lang": "nl"
              }
            },
            "register": {
              "registry": {
                "id": "http://inspire.ec.europa.eu/registry",
                "label": {
                  "text": "INSPIRE register",
                  "lang": "nl"
                }
              },
              "id": "http://inspire.ec.europa.eu/metadata-codelist",
              "label": {
                "text": "INSPIRE metadata code list register",
                "lang": "nl"
              }
            }
          }
        },
        {
          "metadata-codelist": {
            "itemclass": {
              "id": "MetadataCodeList",
              "label": {
                "text": "Metadata Code list",
                "lang": "nl"
              }
            },
            "description": {
              "text": "The spatial scope can be different from the actual geographical coverage, e.g. a national coastline data set may cover only a fraction of the full spatial extent of a country.\n The spatial scope of the data set does not necessarily reflect the administrative level responsible for collecting and maintaining the data, e.g. the responsibility for maintaining the data inside the national address data set can be at regional or local level.\n The code list contains values governed at the level of INSPIRE legal acts (governance level: Legal (EU)) and values governed at the level of INSPIRE Technical Guidelines (governance level: Technical (EU)). The former directly support the INSPIRE Monitoring and Reporting Decision, while the latter  provide additional options for tagging other data sets.",
              "lang": "en"
            },
            "definition": {
              "text": "Administrative level that the data set intends to cover.",
              "lang": "en"
            },
            "id": "http://inspire.ec.europa.eu/metadata-codelist/SpatialScope",
            "label": {
              "text": "Ruimtelijke dekking",
              "lang": "nl"
            },
            "version": "0",
            "status": {
              "id": "http://inspire.ec.europa.eu/registry/status/valid",
              "label": {
                "text": "Geldig",
                "lang": "nl"
              }
            },
            "register": {
              "registry": {
                "id": "http://inspire.ec.europa.eu/registry",
                "label": {
                  "text": "INSPIRE register",
                  "lang": "nl"
                }
              },
              "id": "http://inspire.ec.europa.eu/metadata-codelist",
              "label": {
                "text": "INSPIRE metadata code list register",
                "lang": "nl"
              }
            }
          }
        },
        {
          "metadata-codelist": {
            "itemclass": {
              "id": "MetadataCodeList",
              "label": {
                "text": "Metadata Code list",
                "lang": "nl"
              }
            },
            "description": {
              "text": "This code list is the result of the 'simplification of data-service linkages' activity performed in the context of the MIG-T data simplification action(2019.2).",
              "lang": "en"
            },
            "definition": {
              "text": "Set of OGC and RFC services that are in the scope of INSPIRE. This list aims at the better identification of the network services described within the metadata records.",
              "lang": "en"
            },
            "id": "http://inspire.ec.europa.eu/metadata-codelist/ProtocolValue",
            "label": {
              "text": "INSPIRE Protocol values",
              "lang": "en"
            },
            "version": "0",
            "status": {
              "id": "http://inspire.ec.europa.eu/registry/status/valid",
              "label": {
                "text": "Geldig",
                "lang": "nl"
              }
            },
            "register": {
              "registry": {
                "id": "http://inspire.ec.europa.eu/registry",
                "label": {
                  "text": "INSPIRE register",
                  "lang": "nl"
                }
              },
              "id": "http://inspire.ec.europa.eu/metadata-codelist",
              "label": {
                "text": "INSPIRE metadata code list register",
                "lang": "nl"
              }
            }
          }
        }
      ],
      "contentsummary": {
        "text": "The INSPIRE metadata code list register contains the code lists and their values, as defined in the INSPIRE implementing rules on metadata (Commission Regulation (EC) No 1205/2008).",
        "lang": "nl"
      },
      "registermanager": "Europese Commissie, Gemeenschappelijk Centrum voor onderzoek",
      "contactpoint": {
        "label": "JRC INSPIRE Registry Team",
        "email": "inspire-registry-dev@jrc.ec.europa.eu"
      },
      "language": "nl",
      "registerowner": "Europese Unie",
      "id": "http://inspire.ec.europa.eu/metadata-codelist",
      "label": {
        "text": "INSPIRE metadata code list register",
        "lang": "nl"
      },
      "registercontrolbody": "Control body for the central INSPIRE registers and INSPIRE register federation"
    }
  },
  "requestTimeStamp": 1600575872522,
  "json": [
    {
    },
    {
    },
    {
    },
    {
    },
    {
    },
    {
    },
    {
    },
    {
    },
    {
    },
    {
    },
    {
    },
    {
    },
    {
    },
    {
    },
    {
    },
    {
    },
    {
    },
    {
    },
    {
    },
    {
    },
    {
    },
    {
    },
    {
    },
    {
    },
    {
    },
    {
    },
    {
    },
    {
    },
    {
    },
    {
    },
    {
    },
    {
    },
    {
    },
    {
    },
    {
    },
    {
    },
    {
    },
    {
    },
    {
    },
    {
    },
    {
    },
    {
    },
    {
    },
    {
    },
    {
    },
    {
    },
    {
    },
    {
    },
    {
    },
    {
    },
    {
    },
    {
    },
    {
    },
    {
    },
    {
    },
    {
    },
    {
    },
    {
    },
    {
    },
    {
    },
    {
    },
    {
    },
    {
    },
    {
    },
    {
    },
    {
    },
    {
    },
    {
    },
    {
    },
    {
    },
    {
    },
    {
    },
    {
    },
    {
    },
    {
    },
    {
    },
    {
    },
    {
    },
    {
    },
    {
    },
    {
    },
    {
    },
    {
    },
    {
    },
    {
    },
    {
    },
    {
    },
    {
    },
    {
    },
    {
    },
    {
    },
    {
    },
    {
    },
    {
    },
    {
    },
    {
    },
    {
    },
    {
    },
    {
    },
    {
    },
    {
    },
    {
    },
    {
    },
    {
    },
    {
    },
    {
    },
    {
    },
    {
    },
    {
    },
    {
    },
    {
    },
    {
    },
    {
    },
    {
    },
    {
    },
    {
    },
    {
    },
    {
    },
    {
    },
    {
    },
    {
    },
    {
    },
    {
    },
    {
    },
    {
    },
    {
    },
    {
    },
    {
    },
    {
    },
    {
    },
    {
    },
    {
    },
    {
    },
    {
    },
    {
    },
    {
    },
    {
    },
    {
    },
    {
    },
    {
    },
    {
    },
    {
    },
    {
    },
    {
    },
    {
    },
    {
    },
    {
    },
    {
    },
    {
    },
    {
    },
    {
    },
    {
    },
    {
    },
    {
    },
    {
    },
    {
    },
    {
    },
    {
    },
    {
    },
    {
    },
    {
    },
    {
    },
    {
    },
    {
    },
    {
    },
    {
    },
    {
    },
    {
    },
    {
    },
    {
    },
    {
    },
    {
    },
    {
    },
    {
    },
    {
    },
    {
    },
    {
    },
    {
    },
    {
    },
    {
    },
    {
    },
    {
    },
    {
    },
    {
    },
    {
    },
    {
    },
    {
    },
    {
    },
    {
    },
    {
    },
    {
    },
    {
    },
    {
    },
    {
    },
    {
    },
    {
    },
    {
    },
    {
    },
    {
    },
    {
    }
  ],
  "myVarName": "someValue",
  "briefarray": [
    "f99e915a-75e5-4c36-97f2-61eff692d85b",
    "247a1d15-0a67-40ce-85be-1403c08f15a8",
    "3a7dd0a6-d130-4c4c-b0ba-24365cf036e2",
    "81ff84ec-42a4-4481-840b-12713bbb5d38",
    "8b0b02a0-1e1b-4cda-bcfe-6fa0f738e38f",
    "791adbe3-772f-42cb-a3be-5a617bcecef0",
    "f2f86edf-ac3a-48e8-9292-0544da2d7645",
    "edf79e6a-d73d-4def-8d22-0f495cc76a73",
    "3d59fd06-9aec-4744-91e7-65e119f74569",
    "c5c4a6d6-b850-473c-8ab5-af9c2c550809",
    "be6551de-a709-4c6d-a5e2-f63f0cf038ba",
    "6050578f-0010-4bfa-b013-c8617b80ba62",
    "08b27bf0-e34a-4b30-9eac-5edadfb6a288",
    "58d39928-f502-48c9-a8c1-03244dc181bf",
    "d6b85d84-cdb9-4a6e-b799-cf8826e22a94",
    "b4ae622c-6201-49d8-bd2e-f7fce9206a1e",
    "74aca3eb-c38b-4214-9537-e0abc69e11b5",
    "d9baa847-4652-4588-abe1-0b050f40f27f",
    "ed960299-a147-4c1a-bc57-41ff83a2264f",
    "fe0e1e5f-512f-4bb1-bbf8-4028d3dfa24f",
    "1c3afc74-cc34-44b7-938a-963e2350795a",
    "4617f0e0-6af4-4ac0-9044-31df9d03071c",
    "4b282988-cb91-4bbc-b147-f653014917cb",
    "50a2c5e6-c8e7-425d-854e-26f578196bc9",
    "10d1153e-778f-4995-9b6c-7c69b196cccb",
    "6c06740d-058f-4a12-bb3f-bf68efd03d09",
    "7dd1fd45-ace5-41e0-93a6-64e3be231717",
    "8a4f5c3b-aced-48fd-afb5-f1f1d0ef21d6",
    "19165027-a13a-4c19-9013-ec1fd191019d",
    "c3c004ad-5387-4b00-a225-9afbcaa5d31b",
    "b59f06c0-dce5-11e3-9c10-901b0e19e163",
    "fe45c540-e37d-11e4-b571-0800200c9a66",
    "002d9127-c16d-4b8d-9f5e-102a8c8e36c4",
    "f8d840bc-18df-4449-b797-b9adcb81d3ec",
    "1be28290-55fa-4486-b9d3-b9d147117863",
    "588a4cb1-b442-4ac1-87e4-40401e353166",
    "31de946d-85d4-4c93-bb97-e25f4ef1401a",
    "b61a773c-ecad-4e60-93e9-0a4caac0b52f",
    "dc5b522e-3e14-4738-9e8e-2401e1b19ef2",
    "8f45b8ef-0ce8-463a-9059-5efdcecb785c",
    "afc450bd-65b3-4e59-b0fb-619869bf6ada",
    "b3ec8793-7747-4da0-b6c3-aa384446a586",
    "733559a5-201d-40e5-ad43-d1c7bae84d9f",
    "500d396f-5ec6-4e4b-a151-5fb3cddd8082",
    "d8f370e8-123c-4ab3-9410-04f728327ac6",
    "d3c9efd6-fca7-49d6-92bb-5f507abece90",
    "493ab81b-75f8-4205-b030-6b2fd9eb4295",
    "0d6ccccc-7cfb-4eaa-8dc5-8b433d19b121",
    "e80ad426-1392-4349-9f80-14dae5f1bf57",
    "64c987ec-dce6-11e3-8563-901b0e19e163",
    "e1e99000-ec47-4e9f-84a5-adad24fef0dc",
    "f273941e-9c3b-43bc-b886-2d50d0bf9348",
    "76541ebb-a554-4540-a017-399d4bb4a860",
    "3387ef8a-9237-453a-aa4e-585d1e193550",
    "3eebf700-5abf-42e4-826c-03cfb497e366",
    "d24ccb35-e9d2-41bf-b231-43083fc0c76d",
    "34e95842-4e4e-46de-9198-79e8cd4d30dc",
    "5a1adb58-0bbe-425d-b0fe-577a6c0a4228",
    "7939fd42-cf88-42c5-ab3b-232cf232a3ac",
    "8de2f5eb-b09f-4f6d-8397-8878a1b86238",
    "adn73c4a-ef03-4785-b7f6-942e86b385f5",
    "9b583730-e750-485a-9c0c-39bf9be72cf9",
    "eu-f297898-2640-44c2-bbe9-c0480da83794",
    "4783ea4f-6b8c-4600-8af0-516f3556cfe9",
    "5800f3b0-2ea2-4231-8165-216a7b26867f",
    "adn73c4a-ef03-4785-b7f6-942e86b385f7",
    "50eef6be-619d-4e16-9b92-48971109b636",
    "9b583730-e750-485a-9c0c-39bf9be72cf8",
    "tbjk534p-wubf-crbp-cj25-d4161160gfim",
    "68ebd5c9-0ea1-4f22-9907-ec4c063cd3e2",
    "1a40eb6f-4f33-4e15-a0b1-2d350ad2636e",
    "cf69ec50-9849-4afd-853c-ee56211d336d",
    "f44dac86-2228-412f-8355-e56446ca9933",
    "f91c6ad6-62a5-46d0-8a5b-8a62e7a4b833",
    "cbeaebc3-815a-48af-a978-0e16892865fc",
    "14657c9b-91e4-4355-8563-2911ad0e78e4",
    "9dd9bf30-36e6-45ae-b368-bdef2720bdde",
    "db8d613f-5edc-4467-9cc0-e2dcfb9d64a8",
    "fcefa13c-44e2-4953-b6d6-1ddceebc57fc",
    "29d5310f-dd0d-45ba-abad-b4ffc6b8785f",
    "af135cd8-d429-4fc7-b9e3-09e15217520d",
    "6c1cf452-8c62-4046-99ab-640a5e184f9c",
    "24de356e-ec4d-4a18-9903-6401d222b77c",
    "a322184d-6285-4856-bb78-f450b30ffc0e",
    "83dab947-387b-49df-8ad2-32bb10d46d38",
    "7c24ea89-074e-4c4f-91e3-d38e813e9cb6",
    "c2225e5d-b46f-4e38-8445-ab10fd40c0dc",
    "f1d27179-36eb-4376-8048-f51d2eb23a09",
    "2cc2c30c-91b8-412a-a060-e84d25272581",
    "be1b1514-8d1f-48e1-9624-fee9b784138b",
    "3e57ce43-7707-43ed-a4b9-72b3a6d812f8",
    "58e7dc38-a498-4852-b4ef-908f5baa9056",
    "3703b249-a0eb-484e-ba7a-10e31a55bcec",
    "a04afee4-47d5-45b7-b7a0-a6f86106af11",
    "ad6caa40-89ab-47e3-85ab-3f8e32024a71",
    "977e0e94-7aa9-4784-b2da-eaec44adb61b",
    "b3f66964-a8c1-456f-9799-9cafca2cb7b1",
    "12bb57cd-73e0-41ba-a1e9-6d986b9109d3",
    "07575774-57a1-4419-bab4-6c88fdeb02b2",
    "80630ee7-3a15-4ea0-bdc0-a8aebfa2f204",
    "5b274449-b6c2-4672-a32f-e0bd40975a53",
    "32a21114-8694-40ce-ab76-9dcd885c7861",
    "d845cef6-0e23-4212-a951-b69763e39ef0",
    "af0c582f-9e6b-46e6-865a-fc3a2d5289b9",
    "a5f961e9-ebdd-41e2-b8e8-ab33ed340a83",
    "daa63e4c-dce6-11e3-991e-901b0e19e163",
    "7f5d7945-8fa8-4d36-be4c-2fdb3c7d613b",
    "64ff8561-5c56-4cc1-ae0e-94366fb70b7e",
    "844404a2-9cd0-452e-b29a-74588777485a",
    "28c4780a-1a44-4376-b283-14a50a481729",
    "3a72b9a4-cda9-11ea-87d0-0242ac130003",
    "df15af6e-0d21-4437-a69f-802be3479bba",
    "36a7e8cb-8300-4602-93d2-135943365a6f",
    "73ec579e-c906-433a-b0b6-d3aa33421558",
    "380aa01e-dce7-11e3-9f07-901b0e19e163",
    "a29917b9-3426-4041-a11b-69bcb2256904",
    "ffefc3dc-dc8f-4589-ae22-a60bebcdf5cb",
    "2d3dd6d2-2d2b-4b5f-9e30-86e19ed77a56",
    "eu-2c7040b-c448-451b-bf15-f2416ecaadd1",
    "fe2f9091-1962-4073-9e3b-3e4aeed488a5",
    "1249746f-c2a6-4639-98f2-251676b3528e",
    "6318009c-7b11-4ab9-9929-735584dfb692",
    "2daad588-11ef-47de-9832-6fe2c3b93e6d",
    "5c37d29a-006d-4136-8989-adfc35a1d4a7",
    "wt-f5eb-b09f-4f6d-8397-8878a1b86238",
    "wt-3730-e750-485a-9c0c-39bf9be72cf9",
    "ca94a0cb-7561-4a10-a7d6-b840e56c33ff",
    "998ba1dc-f6a6-49a3-a021-51f30d9b1d0e",
    "c7d8d77b-8c47-4309-8c58-9b12b086407f",
    "110f9ec6-4464-462e-9765-83d90cefbeab",
    "2e31680f-68b5-4ff3-94a4-9c24109ffd5e",
    "622a632a-c57b-44a2-83a4-e51223d5f15g",
    "krw-f7bb2351-9788-42ea-a58b-a5ee1842304e",
    "a1960e70-22f4-4fd9-91a8-b605c6ceda3e",
    "110f9ec6-4464-462e-9765-83d90cefbead",
    "e536d943-ecff-4d7a-9500-cc31a263a6af",
    "bb11be63-bd38-4632-bf54-df44c423a529",
    "c935f2ab-9b65-4dc4-94a0-73aeb840a941",
    "krw2006-c57b-44a2-83a4-e51223d5f15g",
    "krw-782cab20-8328-45f1-a9b2-c27d07c14066",
    "krm-a905-9d8e-4758-83fa-28b057f185e3",
    "krm-a905-9d8e-4758-83fa-28b057f185e4",
    "110f9ec6-4464-462e-9765-83d90cefbeac",
    "891ddc2d-8949-4a45-be96-c65b87c41f13",
    "17716ed7-ce0d-4bfd-8868-a398e5578a36",
    "4e2ef670-cddd-11dd-ad8b-0800200c9a66",
    "26103042-50a1-4ee5-9c5b-857a2f8b7680",
    "6f84efeb-fc1d-4565-a721-80735ea57dbd",
    "88a3c1ae-902e-4efa-8663-ddd836101929",
    "ror-9d8e-4758-83fx-28b057f185e1",
    "ror-9d8e-4758-83fx-28b057f185f1",
    "uwwtd-9d8e-4758-83fa-28b057f185e3",
    "uwwtd-9d8e-4758-83fa-28b057f185e2",
    "uwwtd-9d8e-4758-83fa-28b057f185e1",
    "0f128799-cf18-4b37-a721-e62b068191f5",
    "76091be7-358a-4a44-8182-b4139c96c6a4",
    "5951efa2-1ff3-4763-a966-a2f5497679ee",
    "df5ee213-e1bd-433b-80f7-4ea20f493ca8",
    "b6ee58a1-b097-4c6d-8600-eb81efc1468c",
    "E7D9F0D6-2B8D-6699-F26E-4A781228F2DD",
    "7D35598D-DFBF-C64D-0F1A-92A80A45EB14",
    "wt-83730-e750-485a-9c0c-39bf9be72cf8",
    "9986a7ef-e5e2-4a7a-9018-2e1f9631ba8c",
    "34e6165f-1269-48d1-b255-0f05d163d692",
    "41023936-009d-48ec-a90d-c966895463c1",
    "effe1ab0-073d-437c-af13-df5c5e07d6cd",
    "71c2b7d2-a1a8-4836-b8d4-7247d331b04d",
    "a5241416-8401-4623-be61-57ef50447a41",
    "11a292bd-9022-4a9f-b1bf-02f5c89ad74a",
    "bc2c53f6-c908-4d7c-a6c0-78d9a2855640",
    "f5f68d51-2ca4-4897-8227-d3938b2b0a7e",
    "krw2006-68b5-4ff3-94a4-9c24109ffd5e",
    "710c381c-ab2d-45d5-a45d-af2eba811e5f",
    "60a2a7c2-d5b3-4ad5-b562-c448695357fb",
    "f002bfc5-7d87-46b6-819e-8415422b65c9",
    "cc408b2d-09a6-4b2b-9aa3-b46bfe2f00a5",
    "49ab8bee-b467-486a-96ca-b950443c453a",
    "110f9ec6-4464-462e-9765-83d90cefbeag",
    "ror-9d8e-4758-83fx-28b057f185g1",
    "a9b7026e-0a81-4813-93bd-ba49e6f28502",
    "f605a24f-60cd-4c40-94c8-2186aba3ddd0",
    "1462bbce-ccd3-4362-83d8-4535ca8f44eb",
    "6cde2ce7-3ecd-4785-b7b8-d62c3381efe9",
    "0558a41c-b09a-47fa-b8db-9de6bfe4f494",
    "25294679-adb9-4c39-a93b-6954ff9414ac",
    "f0821bfe-5a0a-11e9-8647-d663bd873d93",
    "88f76a94-ee4d-4e0c-9fde-91b692403e39",
    "eu-cb527d-f6db-4835-b0cd-deb245241254",
    "e8b84fae-00b3-49c1-80c1-df8f69f64e8c",
    "4cda487b-c467-490c-a843-6563fec016be",
    "03671a9e-6aaf-464d-be99-9aad25cef9e3",
    "a7fb2234-f7b4-4a03-b282-f10947f42fb1",
    "29c17585-e702-463f-a5dc-99d34b17d333",
    "F646DFB9-5BF6-EAB9-042B-CAB6FF2DC275",
    "e3b0da1e-0664-4025-b3f5-a54d74a26450",
    "9ed6b8ed-254a-4745-a09a-3b57137d1b69",
    "9d9f1738-aced-47c9-aaa0-c62474a2dcfb",
    "831f7bd7-c2ae-4336-bd2f-47ab20d7cdb7",
    "c7662717-9e43-4367-a344-723d73abbb3e",
    "280ed37a-b8d2-4ac5-8567-04d84fad3a41"
  ],
  "responseCookies": {
    "JSESSIONID": {
      "name": "JSESSIONID",
      "value": "275EBBEE74CF16A42F55E473E8365ABB",
      "domain": "nationaalgeoregister.nl",
      "path": "/geonetwork",
      "persistent": "false",
      "secure": "false"
    }
  }
}

04:24:33.207 [ForkJoinPool-1-worker-7] INFO  com.intuit.karate - [print]
04:24:33.214 [ForkJoinPool-1-worker-7] INFO  com.intuit.karate - [print] testing xlinkurl:http://www.opengis.net/def/crs/EPSG/0/http://www.opengis.net/def/crs/EPSG/0/3034
04:24:33.280 [ForkJoinPool-1-worker-9] INFO  com.intuit.karate - [print]
04:24:33.280 [ForkJoinPool-1-worker-9] INFO  com.intuit.karate - [print] testing xlinkurl:http://nationaalgeoregister.nl/geonetwork/srv/dut/csw?SERVICE=CSW&version=2.0.2&REQUEST=GetRecordById&elementSetName=full&OutputSchema=http://www.isotc211.org/2005/gmd&ID=ca94a0cb-7561-4a10-a7d6-b840e56c33ff
04:24:33.331 [ForkJoinPool-1-worker-11] INFO  com.intuit.karate - [print] title:Beschermde gebieden - Provincies (INSPIRE geharmoniseerd)
04:24:33.331 [ForkJoinPool-1-worker-11] INFO  com.intuit.karate - [print] Beschermde gebieden - Provincies (INSPIRE geharmoniseerd)
04:24:33.332 [ForkJoinPool-1-worker-11] INFO  com.intuit.karate - [print] [
  "inspire@gbo-provincies.nl",
  "inspire@gbo-provincies.nl",
  "inspire@gbo-provincies.nl"
]

04:24:33.332 [ForkJoinPool-1-worker-11] INFO  com.intuit.karate - [print] organisation: [
  "Interprovinciaal Overleg",
  "Interprovinciaal Overleg",
  "Interprovinciaal Overleg"
]

04:24:33.335 [ForkJoinPool-1-worker-11] INFO  com.intuit.karate - [print] [
  "http://www.opengis.net/def/crs/EPSG/0/http://www.opengis.net/def/crs/EPSG/0/3034",
  "http://nationaalgeoregister.nl/geonetwork/srv/dut/csw?SERVICE=CSW&version=2.0.2&REQUEST=GetRecordById&elementSetName=full&OutputSchema=http://www.isotc211.org/2005/gmd&ID=49ab8bee-b467-486a-96ca-b950443c453a",
  "https://creativecommons.org/publicdomain/mark/*/deed.nl",
  ""
]

04:24:33.343 [ForkJoinPool-1-worker-11] INFO  com.intuit.karate - [print]
04:24:33.345 [ForkJoinPool-1-worker-11] INFO  com.intuit.karate - [print] testing xlinkurl:http://www.opengis.net/def/crs/EPSG/0/http://www.opengis.net/def/crs/EPSG/0/3034
04:24:33.423 [ForkJoinPool-1-worker-13] INFO  com.intuit.karate - [print] title:Natuurnetwerk Nederland
04:24:33.423 [ForkJoinPool-1-worker-13] INFO  com.intuit.karate - [print] Natuurnetwerk Nederland
04:24:33.424 [ForkJoinPool-1-worker-13] INFO  com.intuit.karate - [print] [
  "inspire@gbo-provincies.nl",
  "inspire@gbo-provincies.nl",
  "inspire@gbo-provincies.nl"
]

04:24:33.424 [ForkJoinPool-1-worker-13] INFO  com.intuit.karate - [print] organisation: [
  "Interprovinciaal Overleg",
  "Interprovinciaal Overleg",
  "Interprovinciaal Overleg"
]

04:24:33.428 [ForkJoinPool-1-worker-13] INFO  com.intuit.karate - [print] [
  "http://www.opengis.net/def/crs/EPSG/0/http://www.opengis.net/def/crs/EPSG/0/3034",
  "http://nationaalgeoregister.nl/geonetwork/srv/dut/csw?SERVICE=CSW&version=2.0.2&REQUEST=GetRecordById&elementSetName=full&OutputSchema=http://www.isotc211.org/2005/gmd&ID=c7d8d77b-8c47-4309-8c58-9b12b086407f",
  "https://creativecommons.org/publicdomain/mark/*/deed.nl",
  ""
]

04:24:33.442 [ForkJoinPool-1-worker-13] INFO  com.intuit.karate - [print]
04:24:33.443 [ForkJoinPool-1-worker-13] INFO  com.intuit.karate - [print] testing xlinkurl:http://www.opengis.net/def/crs/EPSG/0/http://www.opengis.net/def/crs/EPSG/0/3034
04:24:33.512 [ForkJoinPool-1-worker-7] INFO  com.intuit.karate - [print]
04:24:33.513 [ForkJoinPool-1-worker-7] INFO  com.intuit.karate - [print] testing xlinkurl:http://nationaalgeoregister.nl/geonetwork/srv/dut/csw?SERVICE=CSW&version=2.0.2&REQUEST=GetRecordById&elementSetName=full&OutputSchema=http://www.isotc211.org/2005/gmd&ID=998ba1dc-f6a6-49a3-a021-51f30d9b1d0e
04:24:33.644 [ForkJoinPool-1-worker-11] INFO  com.intuit.karate - [print]
04:24:33.644 [ForkJoinPool-1-worker-11] INFO  com.intuit.karate - [print] testing xlinkurl:http://nationaalgeoregister.nl/geonetwork/srv/dut/csw?SERVICE=CSW&version=2.0.2&REQUEST=GetRecordById&elementSetName=full&OutputSchema=http://www.isotc211.org/2005/gmd&ID=49ab8bee-b467-486a-96ca-b950443c453a
04:24:33.707 [ForkJoinPool-1-worker-3] INFO  com.intuit.karate - [print] title:Nationaal Hydrologisch Instrumentarium (NHI) - netwerkschematisatie
04:24:33.708 [ForkJoinPool-1-worker-3] INFO  com.intuit.karate - [print] Nationaal Hydrologisch Instrumentarium (NHI) - netwerkschematisatie
04:24:33.710 [ForkJoinPool-1-worker-3] INFO  com.intuit.karate - [print] [
  "servicedesk-data@rijkswaterstaat.nl",
  "servicedesk-data@rijkswaterstaat.nl",
  "",
  "servicedesk-data@rijkswaterstaat.nl",
  "servicedesk-data@rijkswaterstaat.nl"
]

04:24:33.711 [ForkJoinPool-1-worker-3] INFO  com.intuit.karate - [print] organisation: [
  "Rijkswaterstaat",
  "Rijkswaterstaat",
  "",
  "Rijkswaterstaat",
  "Rijkswaterstaat"
]

04:24:33.714 [ForkJoinPool-1-worker-3] INFO  com.intuit.karate - [print] [
  "https://www.nationaalgeoregister.nl/geonetwork/srv/dut/catalog.search#/metadata/710c381c-ab2d-45d5-a45d-af2eba811e5f",
  "http://rdfdata.eionet.europa.eu/inspirethemes/themes/8",
  "urn:ogc:def:crs:EPSG::5709"
]

04:24:33.728 [ForkJoinPool-1-worker-3] INFO  com.intuit.karate - [print]
04:24:33.729 [ForkJoinPool-1-worker-3] INFO  com.intuit.karate - [print] testing xlinkurl:https://www.nationaalgeoregister.nl/geonetwork/srv/dut/catalog.search#/metadata/710c381c-ab2d-45d5-a45d-af2eba811e5f
04:24:33.735 [ForkJoinPool-1-worker-13] INFO  com.intuit.karate - [print]
04:24:33.735 [ForkJoinPool-1-worker-13] INFO  com.intuit.karate - [print] testing xlinkurl:http://nationaalgeoregister.nl/geonetwork/srv/dut/csw?SERVICE=CSW&version=2.0.2&REQUEST=GetRecordById&elementSetName=full&OutputSchema=http://www.isotc211.org/2005/gmd&ID=c7d8d77b-8c47-4309-8c58-9b12b086407f
04:24:33.746 [ForkJoinPool-1-worker-9] INFO  com.intuit.karate - [print]
04:24:33.746 [ForkJoinPool-1-worker-9] INFO  com.intuit.karate - [print] testing xlinkurl:https://creativecommons.org/publicdomain/mark/*/deed.nl
04:24:33.787 [ForkJoinPool-1-worker-9] ERROR com.intuit.karate - status code was: 404, expected: 200, response time: 40, url: https://creativecommons.org/publicdomain/mark/*/deed.nl, response: 
04:24:33.787 [ForkJoinPool-1-worker-9] ERROR com.intuit.karate - feature call (loop) failed at index: 2
caller: classpath:InspireTest/ngr/datasetrecords/def/checkxlinkurl.template.feature
arg: {"link":"https://creativecommons.org/publicdomain/mark/*/deed.nl"}
checkxlinkurl.template.feature:15 - status code was: 404, expected: 200, response time: 40, url: https://creativecommons.org/publicdomain/mark/*/deed.nl, response: 
04:24:33.788 [ForkJoinPool-1-worker-9] INFO  com.intuit.karate - [print]
04:24:33.788 [ForkJoinPool-1-worker-9] INFO  com.intuit.karate - [print] testing xlinkurl:
04:24:33.788 [ForkJoinPool-1-worker-9] ERROR com.intuit.karate - org.apache.http.client.ClientProtocolException, http call failed after 0 milliseconds for URL: 
04:24:33.788 [ForkJoinPool-1-worker-9] ERROR com.intuit.karate - http request failed: 
org.apache.http.client.ClientProtocolException
04:24:33.788 [ForkJoinPool-1-worker-9] ERROR com.intuit.karate - feature call (loop) failed at index: 3
caller: classpath:InspireTest/ngr/datasetrecords/def/checkxlinkurl.template.feature
arg: {"link":""}
checkxlinkurl.template.feature:14 - 
org.apache.http.client.ClientProtocolException
04:24:33.898 [ForkJoinPool-1-worker-5] INFO  com.intuit.karate - [print] title:Nationale Landschappen
04:24:33.898 [ForkJoinPool-1-worker-5] INFO  com.intuit.karate - [print] Nationale Landschappen
04:24:33.900 [ForkJoinPool-1-worker-5] INFO  com.intuit.karate - [print] [
  "inspire@gbo-provincies.nl",
  "inspire@gbo-provincies.nl",
  "inspire@gbo-provincies.nl"
]

04:24:33.901 [ForkJoinPool-1-worker-5] INFO  com.intuit.karate - [print] organisation: [
  "Interprovinciaal Overleg",
  "Interprovinciaal Overleg",
  "Interprovinciaal Overleg"
]

04:24:33.903 [ForkJoinPool-1-worker-5] INFO  com.intuit.karate - [print] [
  "http://www.opengis.net/def/crs/EPSG/0/http://www.opengis.net/def/crs/EPSG/0/3034",
  "http://nationaalgeoregister.nl/geonetwork/srv/dut/csw?SERVICE=CSW&version=2.0.2&REQUEST=GetRecordById&elementSetName=full&OutputSchema=http://www.isotc211.org/2005/gmd&ID=60a2a7c2-d5b3-4ad5-b562-c448695357fb",
  "https://creativecommons.org/publicdomain/mark/*/deed.nl",
  ""
]

04:24:33.913 [ForkJoinPool-1-worker-5] INFO  com.intuit.karate - [print]
04:24:33.923 [ForkJoinPool-1-worker-5] INFO  com.intuit.karate - [print] testing xlinkurl:http://www.opengis.net/def/crs/EPSG/0/http://www.opengis.net/def/crs/EPSG/0/3034
04:24:33.981 [ForkJoinPool-1-worker-7] INFO  com.intuit.karate - [print]
04:24:33.982 [ForkJoinPool-1-worker-7] INFO  com.intuit.karate - [print] testing xlinkurl:https://creativecommons.org/publicdomain/mark/*/deed.nl
04:24:34.016 [ForkJoinPool-1-worker-7] ERROR com.intuit.karate - status code was: 404, expected: 200, response time: 34, url: https://creativecommons.org/publicdomain/mark/*/deed.nl, response: 
04:24:34.016 [ForkJoinPool-1-worker-7] ERROR com.intuit.karate - feature call (loop) failed at index: 2
caller: classpath:InspireTest/ngr/datasetrecords/def/checkxlinkurl.template.feature
arg: {"link":"https://creativecommons.org/publicdomain/mark/*/deed.nl"}
checkxlinkurl.template.feature:15 - status code was: 404, expected: 200, response time: 34, url: https://creativecommons.org/publicdomain/mark/*/deed.nl, response: 
04:24:34.017 [ForkJoinPool-1-worker-7] INFO  com.intuit.karate - [print]
04:24:34.017 [ForkJoinPool-1-worker-7] INFO  com.intuit.karate - [print] testing xlinkurl:
04:24:34.017 [ForkJoinPool-1-worker-7] ERROR com.intuit.karate - org.apache.http.client.ClientProtocolException, http call failed after 0 milliseconds for URL: 
04:24:34.017 [ForkJoinPool-1-worker-7] ERROR com.intuit.karate - http request failed: 
org.apache.http.client.ClientProtocolException
04:24:34.017 [ForkJoinPool-1-worker-7] ERROR com.intuit.karate - feature call (loop) failed at index: 3
caller: classpath:InspireTest/ngr/datasetrecords/def/checkxlinkurl.template.feature
arg: {"link":""}
checkxlinkurl.template.feature:14 - 
org.apache.http.client.ClientProtocolException
04:24:34.039 [ForkJoinPool-1-worker-3] INFO  com.intuit.karate - [print]
04:24:34.039 [ForkJoinPool-1-worker-3] INFO  com.intuit.karate - [print] testing xlinkurl:http://rdfdata.eionet.europa.eu/inspirethemes/themes/8
04:24:34.139 [ForkJoinPool-1-worker-11] INFO  com.intuit.karate - [print]
04:24:34.140 [ForkJoinPool-1-worker-11] INFO  com.intuit.karate - [print] testing xlinkurl:https://creativecommons.org/publicdomain/mark/*/deed.nl
04:24:34.175 [ForkJoinPool-1-worker-11] ERROR com.intuit.karate - status code was: 404, expected: 200, response time: 34, url: https://creativecommons.org/publicdomain/mark/*/deed.nl, response: 
04:24:34.175 [ForkJoinPool-1-worker-11] ERROR com.intuit.karate - feature call (loop) failed at index: 2
caller: classpath:InspireTest/ngr/datasetrecords/def/checkxlinkurl.template.feature
arg: {"link":"https://creativecommons.org/publicdomain/mark/*/deed.nl"}
checkxlinkurl.template.feature:15 - status code was: 404, expected: 200, response time: 34, url: https://creativecommons.org/publicdomain/mark/*/deed.nl, response: 
04:24:34.178 [ForkJoinPool-1-worker-11] INFO  com.intuit.karate - [print]
04:24:34.178 [ForkJoinPool-1-worker-11] INFO  com.intuit.karate - [print] testing xlinkurl:
04:24:34.179 [ForkJoinPool-1-worker-11] ERROR com.intuit.karate - org.apache.http.client.ClientProtocolException, http call failed after 0 milliseconds for URL: 
04:24:34.179 [ForkJoinPool-1-worker-11] ERROR com.intuit.karate - http request failed: 
org.apache.http.client.ClientProtocolException
04:24:34.181 [ForkJoinPool-1-worker-11] ERROR com.intuit.karate - feature call (loop) failed at index: 3
caller: classpath:InspireTest/ngr/datasetrecords/def/checkxlinkurl.template.feature
arg: {"link":""}
checkxlinkurl.template.feature:14 - 
org.apache.http.client.ClientProtocolException
04:24:34.202 [ForkJoinPool-1-worker-13] INFO  com.intuit.karate - [print]
04:24:34.202 [ForkJoinPool-1-worker-13] INFO  com.intuit.karate - [print] testing xlinkurl:https://creativecommons.org/publicdomain/mark/*/deed.nl
04:24:34.242 [ForkJoinPool-1-worker-3] ERROR com.intuit.karate - status code was: 404, expected: 200, response time: 202, url: http://rdfdata.eionet.europa.eu/inspirethemes/themes/8, response: 
04:24:34.242 [ForkJoinPool-1-worker-3] ERROR com.intuit.karate - feature call (loop) failed at index: 1
caller: classpath:InspireTest/ngr/datasetrecords/def/checkxlinkurl.template.feature
arg: {"link":"http://rdfdata.eionet.europa.eu/inspirethemes/themes/8"}
checkxlinkurl.template.feature:15 - status code was: 404, expected: 200, response time: 202, url: http://rdfdata.eionet.europa.eu/inspirethemes/themes/8, response: 
04:24:34.247 [ForkJoinPool-1-worker-5] INFO  com.intuit.karate - [print]
04:24:34.247 [ForkJoinPool-1-worker-5] INFO  com.intuit.karate - [print] testing xlinkurl:http://nationaalgeoregister.nl/geonetwork/srv/dut/csw?SERVICE=CSW&version=2.0.2&REQUEST=GetRecordById&elementSetName=full&OutputSchema=http://www.isotc211.org/2005/gmd&ID=60a2a7c2-d5b3-4ad5-b562-c448695357fb
04:24:34.247 [ForkJoinPool-1-worker-3] INFO  com.intuit.karate - [print]
04:24:34.248 [ForkJoinPool-1-worker-3] INFO  com.intuit.karate - [print] testing xlinkurl:urn:ogc:def:crs:EPSG::5709
04:24:34.248 [ForkJoinPool-1-worker-3] ERROR com.intuit.karate - org.apache.http.client.ClientProtocolException: URI does not specify a valid host name: urn:ogc:def:crs:EPSG::5709, http call failed after 0 milliseconds for URL: urn:ogc:def:crs:EPSG::5709
04:24:34.248 [ForkJoinPool-1-worker-3] ERROR com.intuit.karate - http request failed: 
org.apache.http.client.ClientProtocolException: URI does not specify a valid host name: urn:ogc:def:crs:EPSG::5709
04:24:34.248 [ForkJoinPool-1-worker-3] ERROR com.intuit.karate - feature call (loop) failed at index: 2
caller: classpath:InspireTest/ngr/datasetrecords/def/checkxlinkurl.template.feature
arg: {"link":"urn:ogc:def:crs:EPSG::5709"}
checkxlinkurl.template.feature:14 - 
org.apache.http.client.ClientProtocolException: URI does not specify a valid host name: urn:ogc:def:crs:EPSG::5709
04:24:34.257 [ForkJoinPool-1-worker-13] ERROR com.intuit.karate - status code was: 404, expected: 200, response time: 54, url: https://creativecommons.org/publicdomain/mark/*/deed.nl, response: 
04:24:34.257 [ForkJoinPool-1-worker-13] ERROR com.intuit.karate - feature call (loop) failed at index: 2
caller: classpath:InspireTest/ngr/datasetrecords/def/checkxlinkurl.template.feature
arg: {"link":"https://creativecommons.org/publicdomain/mark/*/deed.nl"}
checkxlinkurl.template.feature:15 - status code was: 404, expected: 200, response time: 54, url: https://creativecommons.org/publicdomain/mark/*/deed.nl, response: 
04:24:34.258 [ForkJoinPool-1-worker-13] INFO  com.intuit.karate - [print]
04:24:34.258 [ForkJoinPool-1-worker-13] INFO  com.intuit.karate - [print] testing xlinkurl:
04:24:34.258 [ForkJoinPool-1-worker-13] ERROR com.intuit.karate - org.apache.http.client.ClientProtocolException, http call failed after 0 milliseconds for URL: 
04:24:34.258 [ForkJoinPool-1-worker-13] ERROR com.intuit.karate - http request failed: 
org.apache.http.client.ClientProtocolException
04:24:34.258 [ForkJoinPool-1-worker-13] ERROR com.intuit.karate - feature call (loop) failed at index: 3
caller: classpath:InspireTest/ngr/datasetrecords/def/checkxlinkurl.template.feature
arg: {"link":""}
checkxlinkurl.template.feature:14 - 
org.apache.http.client.ClientProtocolException
04:24:34.297 [ForkJoinPool-1-worker-9] INFO  com.intuit.karate - [print] title:Aardkundige waarden
04:24:34.297 [ForkJoinPool-1-worker-9] INFO  com.intuit.karate - [print] Aardkundige waarden
04:24:34.298 [ForkJoinPool-1-worker-9] INFO  com.intuit.karate - [print] [
  "inspire@gbo-provincies.nl",
  "inspire@gbo-provincies.nl",
  "inspire@gbo-provincies.nl"
]

04:24:34.299 [ForkJoinPool-1-worker-9] INFO  com.intuit.karate - [print] organisation: [
  "Interprovinciaal Overleg",
  "Interprovinciaal Overleg",
  "Interprovinciaal Overleg"
]

04:24:34.300 [ForkJoinPool-1-worker-9] INFO  com.intuit.karate - [print] [
  "http://www.opengis.net/def/crs/EPSG/0/http://www.opengis.net/def/crs/EPSG/0/3034",
  "http://nationaalgeoregister.nl/geonetwork/srv/dut/csw?SERVICE=CSW&version=2.0.2&REQUEST=GetRecordById&elementSetName=full&OutputSchema=http://www.isotc211.org/2005/gmd&ID=f002bfc5-7d87-46b6-819e-8415422b65c9",
  "https://creativecommons.org/publicdomain/mark/*/deed.nl",
  ""
]

04:24:34.313 [ForkJoinPool-1-worker-9] INFO  com.intuit.karate - [print]
04:24:34.317 [ForkJoinPool-1-worker-9] INFO  com.intuit.karate - [print] testing xlinkurl:http://www.opengis.net/def/crs/EPSG/0/http://www.opengis.net/def/crs/EPSG/0/3034
04:24:34.562 [ForkJoinPool-1-worker-7] INFO  com.intuit.karate - [print] title:Stiltegebieden
04:24:34.562 [ForkJoinPool-1-worker-7] INFO  com.intuit.karate - [print] Stiltegebieden
04:24:34.564 [ForkJoinPool-1-worker-7] INFO  com.intuit.karate - [print] [
  "inspire@gbo-provincies.nl",
  "inspire@gbo-provincies.nl",
  "inspire@gbo-provincies.nl"
]

04:24:34.564 [ForkJoinPool-1-worker-7] INFO  com.intuit.karate - [print] organisation: [
  "Interprovinciaal Overleg",
  "Interprovinciaal Overleg",
  "Interprovinciaal Overleg"
]

04:24:34.565 [ForkJoinPool-1-worker-7] INFO  com.intuit.karate - [print] [
  "http://www.opengis.net/def/crs/EPSG/0/http://www.opengis.net/def/crs/EPSG/0/3034",
  "http://nationaalgeoregister.nl/geonetwork/srv/dut/csw?SERVICE=CSW&version=2.0.2&REQUEST=GetRecordById&elementSetName=full&OutputSchema=http://www.isotc211.org/2005/gmd&ID=cc408b2d-09a6-4b2b-9aa3-b46bfe2f00a5",
  "https://creativecommons.org/publicdomain/mark/*/deed.nl",
  ""
]

04:24:34.569 [ForkJoinPool-1-worker-7] INFO  com.intuit.karate - [print]
04:24:34.569 [ForkJoinPool-1-worker-7] INFO  com.intuit.karate - [print] testing xlinkurl:http://www.opengis.net/def/crs/EPSG/0/http://www.opengis.net/def/crs/EPSG/0/3034
04:24:34.619 [ForkJoinPool-1-worker-9] INFO  com.intuit.karate - [print]
04:24:34.619 [ForkJoinPool-1-worker-9] INFO  com.intuit.karate - [print] testing xlinkurl:http://nationaalgeoregister.nl/geonetwork/srv/dut/csw?SERVICE=CSW&version=2.0.2&REQUEST=GetRecordById&elementSetName=full&OutputSchema=http://www.isotc211.org/2005/gmd&ID=f002bfc5-7d87-46b6-819e-8415422b65c9
04:24:34.684 [ForkJoinPool-1-worker-5] INFO  com.intuit.karate - [print]
04:24:34.685 [ForkJoinPool-1-worker-5] INFO  com.intuit.karate - [print] testing xlinkurl:https://creativecommons.org/publicdomain/mark/*/deed.nl
04:24:34.732 [ForkJoinPool-1-worker-11] INFO  com.intuit.karate - [print] title:Kaderrichtlijn Water - Oppervlaktewaterlichamen Nederland EU2015 lijnen
04:24:34.732 [ForkJoinPool-1-worker-11] INFO  com.intuit.karate - [print] Kaderrichtlijn Water - Oppervlaktewaterlichamen Nederland EU2015 lijnen
04:24:34.733 [ForkJoinPool-1-worker-11] INFO  com.intuit.karate - [print] [
  "servicedesk@ihw.nl",
  "servicedesk@ihw.nl",
  "",
  "servicedesk-data@rijkswaterstaat.nl",
  "servicedesk@ihw.nl"
]

04:24:34.734 [ForkJoinPool-1-worker-11] INFO  com.intuit.karate - [print] organisation: [
  "Informatiehuis Water",
  "Informatiehuis Water",
  "",
  "Rijkswaterstaat",
  "Informatiehuis Water"
]

04:24:34.737 [ForkJoinPool-1-worker-11] INFO  com.intuit.karate - [print] [
  "https://www.nationaalgeoregister.nl/geonetwork/srv/dut/catalog.search#/metadata/110f9ec6-4464-462e-9765-83d90cefbeag",
  "http://rdfdata.eionet.europa.eu/inspirethemes/themes/24",
  "https://ngr.geocat.live/geonetwork/srv/eng/thesaurus.download?ref=external.theme.httpinspireeceuropaeumetadatacodelistPrioritydataset-Prioritydataset",
  "urn:ogc:def:crs:EPSG::5709"
]

04:24:34.745 [ForkJoinPool-1-worker-11] INFO  com.intuit.karate - [print]
04:24:34.745 [ForkJoinPool-1-worker-11] INFO  com.intuit.karate - [print] testing xlinkurl:https://www.nationaalgeoregister.nl/geonetwork/srv/dut/catalog.search#/metadata/110f9ec6-4464-462e-9765-83d90cefbeag
04:24:34.756 [ForkJoinPool-1-worker-5] ERROR com.intuit.karate - status code was: 404, expected: 200, response time: 71, url: https://creativecommons.org/publicdomain/mark/*/deed.nl, response: 
04:24:34.757 [ForkJoinPool-1-worker-5] ERROR com.intuit.karate - feature call (loop) failed at index: 2
caller: classpath:InspireTest/ngr/datasetrecords/def/checkxlinkurl.template.feature
arg: {"link":"https://creativecommons.org/publicdomain/mark/*/deed.nl"}
checkxlinkurl.template.feature:15 - status code was: 404, expected: 200, response time: 71, url: https://creativecommons.org/publicdomain/mark/*/deed.nl, response: 
04:24:34.757 [ForkJoinPool-1-worker-5] INFO  com.intuit.karate - [print]
04:24:34.757 [ForkJoinPool-1-worker-5] INFO  com.intuit.karate - [print] testing xlinkurl:
04:24:34.758 [ForkJoinPool-1-worker-5] ERROR com.intuit.karate - org.apache.http.client.ClientProtocolException, http call failed after 0 milliseconds for URL: 
04:24:34.758 [ForkJoinPool-1-worker-5] ERROR com.intuit.karate - http request failed: 
org.apache.http.client.ClientProtocolException
04:24:34.758 [ForkJoinPool-1-worker-5] ERROR com.intuit.karate - feature call (loop) failed at index: 3
caller: classpath:InspireTest/ngr/datasetrecords/def/checkxlinkurl.template.feature
arg: {"link":""}
checkxlinkurl.template.feature:14 - 
org.apache.http.client.ClientProtocolException
04:24:34.778 [ForkJoinPool-1-worker-13] INFO  com.intuit.karate - [print] title:Kaderrichtlijn Water - Stroomgebieddistricten Nederland EU2015
04:24:34.778 [ForkJoinPool-1-worker-13] INFO  com.intuit.karate - [print] Kaderrichtlijn Water - Stroomgebieddistricten Nederland EU2015
04:24:34.780 [ForkJoinPool-1-worker-13] INFO  com.intuit.karate - [print] [
  "servicedesk@ihw.nl",
  "servicedesk-data@rijkswaterstaat.nl",
  "",
  "servicedesk-data@rijkswaterstaat.nl",
  "servicedesk-data@rijkswaterstaat.nl"
]

04:24:34.782 [ForkJoinPool-1-worker-13] INFO  com.intuit.karate - [print] organisation: [
  "Informatiehuis Water",
  "Informatiehuis Water",
  "",
  "Rijkswaterstaat",
  "Rijkswaterstaat"
]

04:24:34.784 [ForkJoinPool-1-worker-13] INFO  com.intuit.karate - [print] [
  "https://www.nationaalgeoregister.nl/geonetwork/srv/dut/catalog.search#/metadata/10f9ec6-4464-462e-9765-83d90cefbeab",
  "http://rdfdata.eionet.europa.eu/inspirethemes/themes/24",
  "https://ngr.geocat.live/geonetwork/srv/eng/thesaurus.download?ref=external.theme.httpinspireeceuropaeumetadatacodelistPrioritydataset-Prioritydataset",
  "urn:ogc:def:crs:EPSG::5709"
]

04:24:34.790 [ForkJoinPool-1-worker-13] INFO  com.intuit.karate - [print]
04:24:34.790 [ForkJoinPool-1-worker-13] INFO  com.intuit.karate - [print] testing xlinkurl:https://www.nationaalgeoregister.nl/geonetwork/srv/dut/catalog.search#/metadata/10f9ec6-4464-462e-9765-83d90cefbeab
04:24:34.829 [ForkJoinPool-1-worker-3] INFO  com.intuit.karate - [print] title:NB-wetgebieden buiten Natura 2000
04:24:34.829 [ForkJoinPool-1-worker-3] INFO  com.intuit.karate - [print] NB-wetgebieden buiten Natura 2000
04:24:34.831 [ForkJoinPool-1-worker-3] INFO  com.intuit.karate - [print] [
  "inspire@gbo-provincies.nl",
  "inspire@gbo-provincies.nl",
  "inspire@gbo-provincies.nl"
]

04:24:34.831 [ForkJoinPool-1-worker-3] INFO  com.intuit.karate - [print] organisation: [
  "Interprovinciaal Overleg",
  "Interprovinciaal Overleg",
  "Interprovinciaal Overleg"
]

04:24:34.835 [ForkJoinPool-1-worker-3] INFO  com.intuit.karate - [print] [
  "http://www.opengis.net/def/crs/EPSG/0/http://www.opengis.net/def/crs/EPSG/0/3034",
  "http://nationaalgeoregister.nl/geonetwork/srv/dut/csw?SERVICE=CSW&version=2.0.2&REQUEST=GetRecordById&elementSetName=full&OutputSchema=http://www.isotc211.org/2005/gmd&ID=f0821bfe-5a0a-11e9-8647-d663bd873d93",
  "https://creativecommons.org/publicdomain/mark/*/deed.nl",
  ""
]

04:24:34.840 [ForkJoinPool-1-worker-3] INFO  com.intuit.karate - [print]
04:24:34.841 [ForkJoinPool-1-worker-3] INFO  com.intuit.karate - [print] testing xlinkurl:http://www.opengis.net/def/crs/EPSG/0/http://www.opengis.net/def/crs/EPSG/0/3034
04:24:34.861 [ForkJoinPool-1-worker-7] INFO  com.intuit.karate - [print]
04:24:34.861 [ForkJoinPool-1-worker-7] INFO  com.intuit.karate - [print] testing xlinkurl:http://nationaalgeoregister.nl/geonetwork/srv/dut/csw?SERVICE=CSW&version=2.0.2&REQUEST=GetRecordById&elementSetName=full&OutputSchema=http://www.isotc211.org/2005/gmd&ID=cc408b2d-09a6-4b2b-9aa3-b46bfe2f00a5
04:24:35.057 [ForkJoinPool-1-worker-11] INFO  com.intuit.karate - [print]
04:24:35.058 [ForkJoinPool-1-worker-11] INFO  com.intuit.karate - [print] testing xlinkurl:http://rdfdata.eionet.europa.eu/inspirethemes/themes/24
04:24:35.095 [ForkJoinPool-1-worker-9] INFO  com.intuit.karate - [print]
04:24:35.095 [ForkJoinPool-1-worker-9] INFO  com.intuit.karate - [print] testing xlinkurl:https://creativecommons.org/publicdomain/mark/*/deed.nl
04:24:35.100 [ForkJoinPool-1-worker-13] INFO  com.intuit.karate - [print]
04:24:35.100 [ForkJoinPool-1-worker-13] INFO  com.intuit.karate - [print] testing xlinkurl:http://rdfdata.eionet.europa.eu/inspirethemes/themes/24
04:24:35.129 [ForkJoinPool-1-worker-3] INFO  com.intuit.karate - [print]
04:24:35.130 [ForkJoinPool-1-worker-3] INFO  com.intuit.karate - [print] testing xlinkurl:http://nationaalgeoregister.nl/geonetwork/srv/dut/csw?SERVICE=CSW&version=2.0.2&REQUEST=GetRecordById&elementSetName=full&OutputSchema=http://www.isotc211.org/2005/gmd&ID=f0821bfe-5a0a-11e9-8647-d663bd873d93
04:24:35.131 [ForkJoinPool-1-worker-9] ERROR com.intuit.karate - status code was: 404, expected: 200, response time: 35, url: https://creativecommons.org/publicdomain/mark/*/deed.nl, response: 
04:24:35.132 [ForkJoinPool-1-worker-9] ERROR com.intuit.karate - feature call (loop) failed at index: 2
caller: classpath:InspireTest/ngr/datasetrecords/def/checkxlinkurl.template.feature
arg: {"link":"https://creativecommons.org/publicdomain/mark/*/deed.nl"}
checkxlinkurl.template.feature:15 - status code was: 404, expected: 200, response time: 35, url: https://creativecommons.org/publicdomain/mark/*/deed.nl, response: 
04:24:35.134 [ForkJoinPool-1-worker-9] INFO  com.intuit.karate - [print]
04:24:35.134 [ForkJoinPool-1-worker-9] INFO  com.intuit.karate - [print] testing xlinkurl:
04:24:35.135 [ForkJoinPool-1-worker-9] ERROR com.intuit.karate - org.apache.http.client.ClientProtocolException, http call failed after 0 milliseconds for URL: 
04:24:35.135 [ForkJoinPool-1-worker-9] ERROR com.intuit.karate - http request failed: 
org.apache.http.client.ClientProtocolException
04:24:35.135 [ForkJoinPool-1-worker-9] ERROR com.intuit.karate - feature call (loop) failed at index: 3
caller: classpath:InspireTest/ngr/datasetrecords/def/checkxlinkurl.template.feature
arg: {"link":""}
checkxlinkurl.template.feature:14 - 
org.apache.http.client.ClientProtocolException
04:24:35.259 [ForkJoinPool-1-worker-11] ERROR com.intuit.karate - status code was: 404, expected: 200, response time: 200, url: http://rdfdata.eionet.europa.eu/inspirethemes/themes/24, response: 
04:24:35.259 [ForkJoinPool-1-worker-11] ERROR com.intuit.karate - feature call (loop) failed at index: 1
caller: classpath:InspireTest/ngr/datasetrecords/def/checkxlinkurl.template.feature
arg: {"link":"http://rdfdata.eionet.europa.eu/inspirethemes/themes/24"}
checkxlinkurl.template.feature:15 - status code was: 404, expected: 200, response time: 200, url: http://rdfdata.eionet.europa.eu/inspirethemes/themes/24, response: 
04:24:35.260 [ForkJoinPool-1-worker-11] INFO  com.intuit.karate - [print]
04:24:35.260 [ForkJoinPool-1-worker-11] INFO  com.intuit.karate - [print] testing xlinkurl:https://ngr.geocat.live/geonetwork/srv/eng/thesaurus.download?ref=external.theme.httpinspireeceuropaeumetadatacodelistPrioritydataset-Prioritydataset
04:24:35.274 [ForkJoinPool-1-worker-5] INFO  com.intuit.karate - [print] title:Kaderrichtlijn Water - Oppervlaktewaterlichamen Nederland 2019 vlakken
04:24:35.275 [ForkJoinPool-1-worker-5] INFO  com.intuit.karate - [print] Kaderrichtlijn Water - Oppervlaktewaterlichamen Nederland 2019 vlakken
04:24:35.276 [ForkJoinPool-1-worker-5] INFO  com.intuit.karate - [print] [
  "servicedesk-data@rijkswaterstaat.nl",
  "servicedesk-data@rijkswaterstaat.nl",
  "",
  "servicedesk-data@rijkswaterstaat.nl",
  "servicedesk-data@rijkswaterstaat.nl"
]

04:24:35.277 [ForkJoinPool-1-worker-5] INFO  com.intuit.karate - [print] organisation: [
  "Rijkswaterstaat",
  "Rijkswaterstaat",
  "",
  "Rijkswaterstaat",
  "Rijkswaterstaat"
]

04:24:35.279 [ForkJoinPool-1-worker-5] INFO  com.intuit.karate - [print] [
  "https://www.nationaalgeoregister.nl/geonetwork/srv/dut/catalog.search#/metadata/2e31680f-68b5-4ff3-94a4-9c24109ffd5e",
  "http://rdfdata.eionet.europa.eu/inspirethemes/themes/24",
  "https://ngr.geocat.live/geonetwork/srv/eng/thesaurus.download?ref=external.theme.httpinspireeceuropaeumetadatacodelistPrioritydataset-Prioritydataset",
  "urn:ogc:def:crs:EPSG::5709"
]

04:24:35.286 [ForkJoinPool-1-worker-5] INFO  com.intuit.karate - [print]
04:24:35.286 [ForkJoinPool-1-worker-5] INFO  com.intuit.karate - [print] testing xlinkurl:https://www.nationaalgeoregister.nl/geonetwork/srv/dut/catalog.search#/metadata/2e31680f-68b5-4ff3-94a4-9c24109ffd5e
04:24:35.300 [ForkJoinPool-1-worker-13] ERROR com.intuit.karate - status code was: 404, expected: 200, response time: 199, url: http://rdfdata.eionet.europa.eu/inspirethemes/themes/24, response: 
04:24:35.300 [ForkJoinPool-1-worker-13] ERROR com.intuit.karate - feature call (loop) failed at index: 1
caller: classpath:InspireTest/ngr/datasetrecords/def/checkxlinkurl.template.feature
arg: {"link":"http://rdfdata.eionet.europa.eu/inspirethemes/themes/24"}
checkxlinkurl.template.feature:15 - status code was: 404, expected: 200, response time: 199, url: http://rdfdata.eionet.europa.eu/inspirethemes/themes/24, response: 
04:24:35.301 [ForkJoinPool-1-worker-13] INFO  com.intuit.karate - [print]
04:24:35.301 [ForkJoinPool-1-worker-13] INFO  com.intuit.karate - [print] testing xlinkurl:https://ngr.geocat.live/geonetwork/srv/eng/thesaurus.download?ref=external.theme.httpinspireeceuropaeumetadatacodelistPrioritydataset-Prioritydataset
04:24:35.306 [ForkJoinPool-1-worker-7] INFO  com.intuit.karate - [print]
04:24:35.306 [ForkJoinPool-1-worker-7] INFO  com.intuit.karate - [print] testing xlinkurl:https://creativecommons.org/publicdomain/mark/*/deed.nl
04:24:35.341 [ForkJoinPool-1-worker-7] ERROR com.intuit.karate - status code was: 404, expected: 200, response time: 34, url: https://creativecommons.org/publicdomain/mark/*/deed.nl, response: 
04:24:35.341 [ForkJoinPool-1-worker-7] ERROR com.intuit.karate - feature call (loop) failed at index: 2
caller: classpath:InspireTest/ngr/datasetrecords/def/checkxlinkurl.template.feature
arg: {"link":"https://creativecommons.org/publicdomain/mark/*/deed.nl"}
checkxlinkurl.template.feature:15 - status code was: 404, expected: 200, response time: 34, url: https://creativecommons.org/publicdomain/mark/*/deed.nl, response: 
04:24:35.342 [ForkJoinPool-1-worker-7] INFO  com.intuit.karate - [print]
04:24:35.342 [ForkJoinPool-1-worker-7] INFO  com.intuit.karate - [print] testing xlinkurl:
04:24:35.342 [ForkJoinPool-1-worker-7] ERROR com.intuit.karate - org.apache.http.client.ClientProtocolException, http call failed after 0 milliseconds for URL: 
04:24:35.342 [ForkJoinPool-1-worker-7] ERROR com.intuit.karate - http request failed: 
org.apache.http.client.ClientProtocolException
04:24:35.342 [ForkJoinPool-1-worker-7] ERROR com.intuit.karate - feature call (loop) failed at index: 3
caller: classpath:InspireTest/ngr/datasetrecords/def/checkxlinkurl.template.feature
arg: {"link":""}
checkxlinkurl.template.feature:14 - 
org.apache.http.client.ClientProtocolException
04:24:35.592 [ForkJoinPool-1-worker-3] INFO  com.intuit.karate - [print]
04:24:35.592 [ForkJoinPool-1-worker-3] INFO  com.intuit.karate - [print] testing xlinkurl:https://creativecommons.org/publicdomain/mark/*/deed.nl
04:24:35.629 [ForkJoinPool-1-worker-11] ERROR com.intuit.karate - status code was: 500, expected: 200, response time: 368, url: https://ngr.geocat.live/geonetwork/srv/eng/thesaurus.download?ref=external.theme.httpinspireeceuropaeumetadatacodelistPrioritydataset-Prioritydataset, response: 
04:24:35.629 [ForkJoinPool-1-worker-11] ERROR com.intuit.karate - feature call (loop) failed at index: 2
caller: classpath:InspireTest/ngr/datasetrecords/def/checkxlinkurl.template.feature
arg: {"link":"https://ngr.geocat.live/geonetwork/srv/eng/thesaurus.download?ref=external.theme.httpinspireeceuropaeumetadatacodelistPrioritydataset-Prioritydataset"}
checkxlinkurl.template.feature:15 - status code was: 500, expected: 200, response time: 368, url: https://ngr.geocat.live/geonetwork/srv/eng/thesaurus.download?ref=external.theme.httpinspireeceuropaeumetadatacodelistPrioritydataset-Prioritydataset, response: 
04:24:35.630 [ForkJoinPool-1-worker-11] INFO  com.intuit.karate - [print]
04:24:35.630 [ForkJoinPool-1-worker-11] INFO  com.intuit.karate - [print] testing xlinkurl:urn:ogc:def:crs:EPSG::5709
04:24:35.631 [ForkJoinPool-1-worker-11] ERROR com.intuit.karate - org.apache.http.client.ClientProtocolException: URI does not specify a valid host name: urn:ogc:def:crs:EPSG::5709, http call failed after 0 milliseconds for URL: urn:ogc:def:crs:EPSG::5709
04:24:35.631 [ForkJoinPool-1-worker-11] ERROR com.intuit.karate - http request failed: 
org.apache.http.client.ClientProtocolException: URI does not specify a valid host name: urn:ogc:def:crs:EPSG::5709
04:24:35.631 [ForkJoinPool-1-worker-11] ERROR com.intuit.karate - feature call (loop) failed at index: 3
caller: classpath:InspireTest/ngr/datasetrecords/def/checkxlinkurl.template.feature
arg: {"link":"urn:ogc:def:crs:EPSG::5709"}
checkxlinkurl.template.feature:14 - 
org.apache.http.client.ClientProtocolException: URI does not specify a valid host name: urn:ogc:def:crs:EPSG::5709
04:24:35.642 [ForkJoinPool-1-worker-5] INFO  com.intuit.karate - [print]
04:24:35.642 [ForkJoinPool-1-worker-5] INFO  com.intuit.karate - [print] testing xlinkurl:http://rdfdata.eionet.europa.eu/inspirethemes/themes/24
04:24:35.649 [ForkJoinPool-1-worker-3] ERROR com.intuit.karate - status code was: 404, expected: 200, response time: 55, url: https://creativecommons.org/publicdomain/mark/*/deed.nl, response: 
04:24:35.650 [ForkJoinPool-1-worker-3] ERROR com.intuit.karate - feature call (loop) failed at index: 2
caller: classpath:InspireTest/ngr/datasetrecords/def/checkxlinkurl.template.feature
arg: {"link":"https://creativecommons.org/publicdomain/mark/*/deed.nl"}
checkxlinkurl.template.feature:15 - status code was: 404, expected: 200, response time: 55, url: https://creativecommons.org/publicdomain/mark/*/deed.nl, response: 
04:24:35.652 [ForkJoinPool-1-worker-3] INFO  com.intuit.karate - [print]
04:24:35.652 [ForkJoinPool-1-worker-3] INFO  com.intuit.karate - [print] testing xlinkurl:
04:24:35.653 [ForkJoinPool-1-worker-3] ERROR com.intuit.karate - org.apache.http.client.ClientProtocolException, http call failed after 0 milliseconds for URL: 
04:24:35.653 [ForkJoinPool-1-worker-3] ERROR com.intuit.karate - http request failed: 
org.apache.http.client.ClientProtocolException
04:24:35.653 [ForkJoinPool-1-worker-3] ERROR com.intuit.karate - feature call (loop) failed at index: 3
caller: classpath:InspireTest/ngr/datasetrecords/def/checkxlinkurl.template.feature
arg: {"link":""}
checkxlinkurl.template.feature:14 - 
org.apache.http.client.ClientProtocolException
04:24:35.676 [ForkJoinPool-1-worker-13] ERROR com.intuit.karate - status code was: 500, expected: 200, response time: 374, url: https://ngr.geocat.live/geonetwork/srv/eng/thesaurus.download?ref=external.theme.httpinspireeceuropaeumetadatacodelistPrioritydataset-Prioritydataset, response: 
04:24:35.676 [ForkJoinPool-1-worker-13] ERROR com.intuit.karate - feature call (loop) failed at index: 2
caller: classpath:InspireTest/ngr/datasetrecords/def/checkxlinkurl.template.feature
arg: {"link":"https://ngr.geocat.live/geonetwork/srv/eng/thesaurus.download?ref=external.theme.httpinspireeceuropaeumetadatacodelistPrioritydataset-Prioritydataset"}
checkxlinkurl.template.feature:15 - status code was: 500, expected: 200, response time: 374, url: https://ngr.geocat.live/geonetwork/srv/eng/thesaurus.download?ref=external.theme.httpinspireeceuropaeumetadatacodelistPrioritydataset-Prioritydataset, response: 
04:24:35.677 [ForkJoinPool-1-worker-13] INFO  com.intuit.karate - [print]
04:24:35.677 [ForkJoinPool-1-worker-13] INFO  com.intuit.karate - [print] testing xlinkurl:urn:ogc:def:crs:EPSG::5709
04:24:35.677 [ForkJoinPool-1-worker-13] ERROR com.intuit.karate - org.apache.http.client.ClientProtocolException: URI does not specify a valid host name: urn:ogc:def:crs:EPSG::5709, http call failed after 0 milliseconds for URL: urn:ogc:def:crs:EPSG::5709
04:24:35.677 [ForkJoinPool-1-worker-13] ERROR com.intuit.karate - http request failed: 
org.apache.http.client.ClientProtocolException: URI does not specify a valid host name: urn:ogc:def:crs:EPSG::5709
04:24:35.677 [ForkJoinPool-1-worker-13] ERROR com.intuit.karate - feature call (loop) failed at index: 3
caller: classpath:InspireTest/ngr/datasetrecords/def/checkxlinkurl.template.feature
arg: {"link":"urn:ogc:def:crs:EPSG::5709"}
checkxlinkurl.template.feature:14 - 
org.apache.http.client.ClientProtocolException: URI does not specify a valid host name: urn:ogc:def:crs:EPSG::5709
04:24:35.689 [ForkJoinPool-1-worker-9] INFO  com.intuit.karate - [print] title:Kaderrichtlijn Water - Oppervlaktewaterlichamen Nederland 2019 lijnen
04:24:35.689 [ForkJoinPool-1-worker-9] INFO  com.intuit.karate - [print] Kaderrichtlijn Water - Oppervlaktewaterlichamen Nederland 2019 lijnen
04:24:35.693 [ForkJoinPool-1-worker-9] INFO  com.intuit.karate - [print] [
  "servicedesk-data@rijkswaterstaat.nl",
  "servicedesk-data@rijkswaterstaat.nl",
  "",
  "servicedesk-data@rijkswaterstaat.nl",
  "servicedesk-data@rijkswaterstaat.nl"
]

04:24:35.694 [ForkJoinPool-1-worker-9] INFO  com.intuit.karate - [print] organisation: [
  "Rijkswaterstaat",
  "Rijkswaterstaat",
  "",
  "Rijkswaterstaat",
  "Rijkswaterstaat"
]

04:24:35.696 [ForkJoinPool-1-worker-9] INFO  com.intuit.karate - [print] [
  "https://www.nationaalgeoregister.nl/geonetwork/srv/dut/catalog.search#/metadata/622a632a-c57b-44a2-83a4-e51223d5f15g",
  "http://rdfdata.eionet.europa.eu/inspirethemes/themes/24",
  "https://ngr.geocat.live/geonetwork/srv/eng/thesaurus.download?ref=external.theme.httpinspireeceuropaeumetadatacodelistPrioritydataset-Prioritydataset",
  "urn:ogc:def:crs:EPSG::5709"
]

04:24:35.712 [ForkJoinPool-1-worker-9] INFO  com.intuit.karate - [print]
04:24:35.713 [ForkJoinPool-1-worker-9] INFO  com.intuit.karate - [print] testing xlinkurl:https://www.nationaalgeoregister.nl/geonetwork/srv/dut/catalog.search#/metadata/622a632a-c57b-44a2-83a4-e51223d5f15g
04:24:35.843 [ForkJoinPool-1-worker-5] ERROR com.intuit.karate - status code was: 404, expected: 200, response time: 200, url: http://rdfdata.eionet.europa.eu/inspirethemes/themes/24, response: 
04:24:35.843 [ForkJoinPool-1-worker-5] ERROR com.intuit.karate - feature call (loop) failed at index: 1
caller: classpath:InspireTest/ngr/datasetrecords/def/checkxlinkurl.template.feature
arg: {"link":"http://rdfdata.eionet.europa.eu/inspirethemes/themes/24"}
checkxlinkurl.template.feature:15 - status code was: 404, expected: 200, response time: 200, url: http://rdfdata.eionet.europa.eu/inspirethemes/themes/24, response: 
04:24:35.845 [ForkJoinPool-1-worker-5] INFO  com.intuit.karate - [print]
04:24:35.848 [ForkJoinPool-1-worker-5] INFO  com.intuit.karate - [print] testing xlinkurl:https://ngr.geocat.live/geonetwork/srv/eng/thesaurus.download?ref=external.theme.httpinspireeceuropaeumetadatacodelistPrioritydataset-Prioritydataset
04:24:35.902 [ForkJoinPool-1-worker-7] INFO  com.intuit.karate - [print] title:Kaderrichtlijn Water - Stroomgebieddistricten Nederland 2019 vlakken
04:24:35.903 [ForkJoinPool-1-worker-7] INFO  com.intuit.karate - [print] Kaderrichtlijn Water - Stroomgebieddistricten Nederland 2019 vlakken
04:24:35.904 [ForkJoinPool-1-worker-7] INFO  com.intuit.karate - [print] [
  "servicedesk-data@rijkswaterstaat.nl",
  "servicedesk-data@rijkswaterstaat.nl",
  "",
  "servicedesk-data@rijkswaterstaat.nl",
  "servicedesk-data@rijkswaterstaat.nl"
]

04:24:35.908 [ForkJoinPool-1-worker-7] INFO  com.intuit.karate - [print] organisation: [
  "Rijkswaterstaat",
  "Rijkswaterstaat",
  "",
  "Rijkswaterstaat",
  "Rijkswaterstaat"
]

04:24:35.910 [ForkJoinPool-1-worker-7] INFO  com.intuit.karate - [print] [
  "https://www.nationaalgeoregister.nl/geonetwork/srv/dut/catalog.search#/metadata/krw-f7bb2351-9788-42ea-a58b-a5ee1842304e",
  "http://rdfdata.eionet.europa.eu/inspirethemes/themes/24",
  "https://ngr.geocat.live/geonetwork/srv/eng/thesaurus.download?ref=external.theme.httpinspireeceuropaeumetadatacodelistPrioritydataset-Prioritydataset",
  "urn:ogc:def:crs:EPSG::5709"
]

04:24:35.916 [ForkJoinPool-1-worker-7] INFO  com.intuit.karate - [print]
04:24:35.916 [ForkJoinPool-1-worker-7] INFO  com.intuit.karate - [print] testing xlinkurl:https://www.nationaalgeoregister.nl/geonetwork/srv/dut/catalog.search#/metadata/krw-f7bb2351-9788-42ea-a58b-a5ee1842304e
04:24:35.983 [ForkJoinPool-1-worker-11] INFO  com.intuit.karate - [print] title:Overheidsdiensten
04:24:35.983 [ForkJoinPool-1-worker-11] INFO  com.intuit.karate - [print] Overheidsdiensten
04:24:35.984 [ForkJoinPool-1-worker-11] INFO  com.intuit.karate - [print] [
  "erik.simonse@kvk.nl",
  "erik.simonse@kvk.nl"
]

04:24:35.986 [ForkJoinPool-1-worker-11] INFO  com.intuit.karate - [print] organisation: [
  "Kamer van Koophandel",
  "Kamer van Koophandel"
]

04:24:36.043 [ForkJoinPool-1-worker-9] INFO  com.intuit.karate - [print]
04:24:36.043 [ForkJoinPool-1-worker-9] INFO  com.intuit.karate - [print] testing xlinkurl:http://rdfdata.eionet.europa.eu/inspirethemes/themes/24
04:24:36.160 [ForkJoinPool-1-worker-5] ERROR com.intuit.karate - status code was: 500, expected: 200, response time: 308, url: https://ngr.geocat.live/geonetwork/srv/eng/thesaurus.download?ref=external.theme.httpinspireeceuropaeumetadatacodelistPrioritydataset-Prioritydataset, response: 
04:24:36.160 [ForkJoinPool-1-worker-5] ERROR com.intuit.karate - feature call (loop) failed at index: 2
caller: classpath:InspireTest/ngr/datasetrecords/def/checkxlinkurl.template.feature
arg: {"link":"https://ngr.geocat.live/geonetwork/srv/eng/thesaurus.download?ref=external.theme.httpinspireeceuropaeumetadatacodelistPrioritydataset-Prioritydataset"}
checkxlinkurl.template.feature:15 - status code was: 500, expected: 200, response time: 308, url: https://ngr.geocat.live/geonetwork/srv/eng/thesaurus.download?ref=external.theme.httpinspireeceuropaeumetadatacodelistPrioritydataset-Prioritydataset, response: 
04:24:36.167 [ForkJoinPool-1-worker-5] INFO  com.intuit.karate - [print]
04:24:36.167 [ForkJoinPool-1-worker-5] INFO  com.intuit.karate - [print] testing xlinkurl:urn:ogc:def:crs:EPSG::5709
04:24:36.168 [ForkJoinPool-1-worker-5] ERROR com.intuit.karate - org.apache.http.client.ClientProtocolException: URI does not specify a valid host name: urn:ogc:def:crs:EPSG::5709, http call failed after 0 milliseconds for URL: urn:ogc:def:crs:EPSG::5709
04:24:36.168 [ForkJoinPool-1-worker-5] ERROR com.intuit.karate - http request failed: 
org.apache.http.client.ClientProtocolException: URI does not specify a valid host name: urn:ogc:def:crs:EPSG::5709
04:24:36.168 [ForkJoinPool-1-worker-5] ERROR com.intuit.karate - feature call (loop) failed at index: 3
caller: classpath:InspireTest/ngr/datasetrecords/def/checkxlinkurl.template.feature
arg: {"link":"urn:ogc:def:crs:EPSG::5709"}
checkxlinkurl.template.feature:14 - 
org.apache.http.client.ClientProtocolException: URI does not specify a valid host name: urn:ogc:def:crs:EPSG::5709
04:24:36.244 [ForkJoinPool-1-worker-9] ERROR com.intuit.karate - status code was: 404, expected: 200, response time: 200, url: http://rdfdata.eionet.europa.eu/inspirethemes/themes/24, response: 
04:24:36.244 [ForkJoinPool-1-worker-9] ERROR com.intuit.karate - feature call (loop) failed at index: 1
caller: classpath:InspireTest/ngr/datasetrecords/def/checkxlinkurl.template.feature
arg: {"link":"http://rdfdata.eionet.europa.eu/inspirethemes/themes/24"}
checkxlinkurl.template.feature:15 - status code was: 404, expected: 200, response time: 200, url: http://rdfdata.eionet.europa.eu/inspirethemes/themes/24, response: 
04:24:36.245 [ForkJoinPool-1-worker-9] INFO  com.intuit.karate - [print]
04:24:36.245 [ForkJoinPool-1-worker-9] INFO  com.intuit.karate - [print] testing xlinkurl:https://ngr.geocat.live/geonetwork/srv/eng/thesaurus.download?ref=external.theme.httpinspireeceuropaeumetadatacodelistPrioritydataset-Prioritydataset
04:24:36.246 [ForkJoinPool-1-worker-3] INFO  com.intuit.karate - [print] title:Kaderrichtlijn Water - Oppervlaktewaterlichamen Nederland EU2015 vlakken
04:24:36.247 [ForkJoinPool-1-worker-3] INFO  com.intuit.karate - [print] Kaderrichtlijn Water - Oppervlaktewaterlichamen Nederland EU2015 vlakken
04:24:36.250 [ForkJoinPool-1-worker-3] INFO  com.intuit.karate - [print] [
  "servicedesk@ihw.nl",
  "servicedesk-data@rijkswaterstaat.nl",
  "",
  "servicedesk-data@rijkswaterstaat.nl",
  "servicedesk@ihw.nl"
]

04:24:36.251 [ForkJoinPool-1-worker-3] INFO  com.intuit.karate - [print] organisation: [
  "Informatiehuis Water",
  "Informatiehuis Water",
  "",
  "Rijkswaterstaat",
  "Informatiehuis Water"
]

04:24:36.252 [ForkJoinPool-1-worker-7] INFO  com.intuit.karate - [print]
04:24:36.252 [ForkJoinPool-1-worker-7] INFO  com.intuit.karate - [print] testing xlinkurl:http://rdfdata.eionet.europa.eu/inspirethemes/themes/24
04:24:36.255 [ForkJoinPool-1-worker-3] INFO  com.intuit.karate - [print] [
  "https://www.nationaalgeoregister.nl/geonetwork/srv/dut/catalog.search#/metadata/110f9ec6-4464-462e-9765-83d90cefbead",
  "http://rdfdata.eionet.europa.eu/inspirethemes/themes/24",
  "https://ngr.geocat.live/geonetwork/srv/eng/thesaurus.download?ref=external.theme.httpinspireeceuropaeumetadatacodelistPrioritydataset-Prioritydataset"
]

04:24:36.259 [ForkJoinPool-1-worker-3] INFO  com.intuit.karate - [print]
04:24:36.260 [ForkJoinPool-1-worker-3] INFO  com.intuit.karate - [print] testing xlinkurl:https://www.nationaalgeoregister.nl/geonetwork/srv/dut/catalog.search#/metadata/110f9ec6-4464-462e-9765-83d90cefbead
04:24:36.276 [ForkJoinPool-1-worker-13] INFO  com.intuit.karate - [print] title:Territoriale Zee volgens UNCLOS - Noordzee
04:24:36.276 [ForkJoinPool-1-worker-13] INFO  com.intuit.karate - [print] Territoriale Zee volgens UNCLOS - Noordzee
04:24:36.277 [ForkJoinPool-1-worker-13] INFO  com.intuit.karate - [print] [
  "data@hydro.nl",
  "data@hydro.nl",
  "data@hydro.nl",
  "",
  ""
]

04:24:36.278 [ForkJoinPool-1-worker-13] INFO  com.intuit.karate - [print] organisation: [
  "Ministerie van Defensie, Koninklijke Marine, Dienst der Hydrografie",
  "Ministerie van Defensie, Koninklijke Marine, Dienst der Hydrografie",
  "Ministerie van Defensie, Koninklijke Marine, Dienst der Hydrografie"
]

04:24:36.280 [ForkJoinPool-1-worker-13] INFO  com.intuit.karate - [print] [
  "http://www.opengis.net/def/crs/EPSG/0/https://www.opengis.net/def/crs/EPSG/0/4258",
  "https://www.nationaalgeoregister.nl/geonetwork/srv/api/recordsbb11be63-bd38-4632-bf54-df44c423a529"
]

04:24:36.284 [ForkJoinPool-1-worker-13] INFO  com.intuit.karate - [print]
04:24:36.285 [ForkJoinPool-1-worker-13] INFO  com.intuit.karate - [print] testing xlinkurl:http://www.opengis.net/def/crs/EPSG/0/https://www.opengis.net/def/crs/EPSG/0/4258
04:24:36.455 [ForkJoinPool-1-worker-7] ERROR com.intuit.karate - status code was: 404, expected: 200, response time: 201, url: http://rdfdata.eionet.europa.eu/inspirethemes/themes/24, response: 
04:24:36.455 [ForkJoinPool-1-worker-7] ERROR com.intuit.karate - feature call (loop) failed at index: 1
caller: classpath:InspireTest/ngr/datasetrecords/def/checkxlinkurl.template.feature
arg: {"link":"http://rdfdata.eionet.europa.eu/inspirethemes/themes/24"}
checkxlinkurl.template.feature:15 - status code was: 404, expected: 200, response time: 201, url: http://rdfdata.eionet.europa.eu/inspirethemes/themes/24, response: 
04:24:36.456 [ForkJoinPool-1-worker-7] INFO  com.intuit.karate - [print]
04:24:36.456 [ForkJoinPool-1-worker-7] INFO  com.intuit.karate - [print] testing xlinkurl:https://ngr.geocat.live/geonetwork/srv/eng/thesaurus.download?ref=external.theme.httpinspireeceuropaeumetadatacodelistPrioritydataset-Prioritydataset
04:24:36.544 [ForkJoinPool-1-worker-11] INFO  com.intuit.karate - [print] title:Kaderrichtlijn Water - Oppervlaktewaterlichamen Nederland EU2009 lijnen
04:24:36.545 [ForkJoinPool-1-worker-11] INFO  com.intuit.karate - [print] Kaderrichtlijn Water - Oppervlaktewaterlichamen Nederland EU2009 lijnen
04:24:36.546 [ForkJoinPool-1-worker-11] INFO  com.intuit.karate - [print] [
  "servicedesk-data@rijkswaterstaat.nl",
  "servicedesk-data@rijkswaterstaat.nl",
  "",
  "servicedesk-data@rijkswaterstaat.nl",
  "servicedesk-data@rijkswaterstaat.nl"
]

04:24:36.547 [ForkJoinPool-1-worker-11] INFO  com.intuit.karate - [print] organisation: [
  "Rijkswaterstaat",
  "Rijkswaterstaat",
  "",
  "Rijkswaterstaat",
  "Rijkswaterstaat"
]

04:24:36.553 [ForkJoinPool-1-worker-11] INFO  com.intuit.karate - [print] [
  "https://www.nationaalgeoregister.nl/geonetwork/srv/dut/catalog.search#/metadata/krw2006-c57b-44a2-83a4-e51223d5f15g",
  "http://rdfdata.eionet.europa.eu/inspirethemes/themes/24",
  "https://ngr.geocat.live/geonetwork/srv/eng/thesaurus.download?ref=external.theme.httpinspireeceuropaeumetadatacodelistPrioritydataset-Prioritydataset",
  "urn:ogc:def:crs:EPSG::5709"
]

04:24:36.557 [ForkJoinPool-1-worker-11] INFO  com.intuit.karate - [print]
04:24:36.557 [ForkJoinPool-1-worker-11] INFO  com.intuit.karate - [print] testing xlinkurl:https://www.nationaalgeoregister.nl/geonetwork/srv/dut/catalog.search#/metadata/krw2006-c57b-44a2-83a4-e51223d5f15g
04:24:36.563 [ForkJoinPool-1-worker-9] ERROR com.intuit.karate - status code was: 500, expected: 200, response time: 316, url: https://ngr.geocat.live/geonetwork/srv/eng/thesaurus.download?ref=external.theme.httpinspireeceuropaeumetadatacodelistPrioritydataset-Prioritydataset, response: 
04:24:36.563 [ForkJoinPool-1-worker-9] ERROR com.intuit.karate - feature call (loop) failed at index: 2
caller: classpath:InspireTest/ngr/datasetrecords/def/checkxlinkurl.template.feature
arg: {"link":"https://ngr.geocat.live/geonetwork/srv/eng/thesaurus.download?ref=external.theme.httpinspireeceuropaeumetadatacodelistPrioritydataset-Prioritydataset"}
checkxlinkurl.template.feature:15 - status code was: 500, expected: 200, response time: 316, url: https://ngr.geocat.live/geonetwork/srv/eng/thesaurus.download?ref=external.theme.httpinspireeceuropaeumetadatacodelistPrioritydataset-Prioritydataset, response: 
04:24:36.564 [ForkJoinPool-1-worker-9] INFO  com.intuit.karate - [print]
04:24:36.564 [ForkJoinPool-1-worker-9] INFO  com.intuit.karate - [print] testing xlinkurl:urn:ogc:def:crs:EPSG::5709
04:24:36.564 [ForkJoinPool-1-worker-9] ERROR com.intuit.karate - org.apache.http.client.ClientProtocolException: URI does not specify a valid host name: urn:ogc:def:crs:EPSG::5709, http call failed after 0 milliseconds for URL: urn:ogc:def:crs:EPSG::5709
04:24:36.564 [ForkJoinPool-1-worker-9] ERROR com.intuit.karate - http request failed: 
org.apache.http.client.ClientProtocolException: URI does not specify a valid host name: urn:ogc:def:crs:EPSG::5709
04:24:36.564 [ForkJoinPool-1-worker-9] ERROR com.intuit.karate - feature call (loop) failed at index: 3
caller: classpath:InspireTest/ngr/datasetrecords/def/checkxlinkurl.template.feature
arg: {"link":"urn:ogc:def:crs:EPSG::5709"}
checkxlinkurl.template.feature:14 - 
org.apache.http.client.ClientProtocolException: URI does not specify a valid host name: urn:ogc:def:crs:EPSG::5709
04:24:36.590 [ForkJoinPool-1-worker-13] INFO  com.intuit.karate - [print]
04:24:36.590 [ForkJoinPool-1-worker-13] INFO  com.intuit.karate - [print] testing xlinkurl:https://www.nationaalgeoregister.nl/geonetwork/srv/api/recordsbb11be63-bd38-4632-bf54-df44c423a529
04:24:36.592 [ForkJoinPool-1-worker-3] INFO  com.intuit.karate - [print]
04:24:36.592 [ForkJoinPool-1-worker-3] INFO  com.intuit.karate - [print] testing xlinkurl:http://rdfdata.eionet.europa.eu/inspirethemes/themes/24
04:24:36.713 [ForkJoinPool-1-worker-5] INFO  com.intuit.karate - [print] title:Kaderrichtlijn Mariene Strategie - Rapportage eenheden Nederland EU2018
04:24:36.713 [ForkJoinPool-1-worker-5] INFO  com.intuit.karate - [print] Kaderrichtlijn Mariene Strategie - Rapportage eenheden Nederland EU2018
04:24:36.715 [ForkJoinPool-1-worker-5] INFO  com.intuit.karate - [print] [
  "servicedesk-data@rijkswaterstaat.nl",
  "servicedesk-data@rijkswaterstaat.nl",
  "",
  "servicedesk-data@rijkswaterstaat.nl",
  "servicedesk-data@rijkswaterstaat.nl"
]

04:24:36.721 [ForkJoinPool-1-worker-5] INFO  com.intuit.karate - [print] organisation: [
  "Rijkswaterstaat",
  "Rijkswaterstaat",
  "",
  "Rijkswaterstaat",
  "Rijkswaterstaat"
]

04:24:36.724 [ForkJoinPool-1-worker-5] INFO  com.intuit.karate - [print] [
  "https://www.nationaalgeoregister.nl/geonetwork/srv/dut/catalog.search#/metadata/krm-a905-9d8e-4758-83fa-28b057f185e3",
  "http://rdfdata.eionet.europa.eu/inspirethemes/themes/24",
  "https://ngr.geocat.live/geonetwork/srv/eng/thesaurus.download?ref=external.theme.httpinspireeceuropaeumetadatacodelistPrioritydataset-Prioritydataset"
]

04:24:36.732 [ForkJoinPool-1-worker-5] INFO  com.intuit.karate - [print]
04:24:36.732 [ForkJoinPool-1-worker-5] INFO  com.intuit.karate - [print] testing xlinkurl:https://www.nationaalgeoregister.nl/geonetwork/srv/dut/catalog.search#/metadata/krm-a905-9d8e-4758-83fa-28b057f185e3
04:24:36.778 [ForkJoinPool-1-worker-7] ERROR com.intuit.karate - status code was: 500, expected: 200, response time: 322, url: https://ngr.geocat.live/geonetwork/srv/eng/thesaurus.download?ref=external.theme.httpinspireeceuropaeumetadatacodelistPrioritydataset-Prioritydataset, response: 
04:24:36.779 [ForkJoinPool-1-worker-7] ERROR com.intuit.karate - feature call (loop) failed at index: 2
caller: classpath:InspireTest/ngr/datasetrecords/def/checkxlinkurl.template.feature
arg: {"link":"https://ngr.geocat.live/geonetwork/srv/eng/thesaurus.download?ref=external.theme.httpinspireeceuropaeumetadatacodelistPrioritydataset-Prioritydataset"}
checkxlinkurl.template.feature:15 - status code was: 500, expected: 200, response time: 322, url: https://ngr.geocat.live/geonetwork/srv/eng/thesaurus.download?ref=external.theme.httpinspireeceuropaeumetadatacodelistPrioritydataset-Prioritydataset, response: 
04:24:36.779 [ForkJoinPool-1-worker-7] INFO  com.intuit.karate - [print]
04:24:36.780 [ForkJoinPool-1-worker-7] INFO  com.intuit.karate - [print] testing xlinkurl:urn:ogc:def:crs:EPSG::5709
04:24:36.780 [ForkJoinPool-1-worker-7] ERROR com.intuit.karate - org.apache.http.client.ClientProtocolException: URI does not specify a valid host name: urn:ogc:def:crs:EPSG::5709, http call failed after 0 milliseconds for URL: urn:ogc:def:crs:EPSG::5709
04:24:36.780 [ForkJoinPool-1-worker-7] ERROR com.intuit.karate - http request failed: 
org.apache.http.client.ClientProtocolException: URI does not specify a valid host name: urn:ogc:def:crs:EPSG::5709
04:24:36.780 [ForkJoinPool-1-worker-7] ERROR com.intuit.karate - feature call (loop) failed at index: 3
caller: classpath:InspireTest/ngr/datasetrecords/def/checkxlinkurl.template.feature
arg: {"link":"urn:ogc:def:crs:EPSG::5709"}
checkxlinkurl.template.feature:14 - 
org.apache.http.client.ClientProtocolException: URI does not specify a valid host name: urn:ogc:def:crs:EPSG::5709
04:24:36.793 [ForkJoinPool-1-worker-3] ERROR com.intuit.karate - status code was: 404, expected: 200, response time: 200, url: http://rdfdata.eionet.europa.eu/inspirethemes/themes/24, response: 
04:24:36.793 [ForkJoinPool-1-worker-3] ERROR com.intuit.karate - feature call (loop) failed at index: 1
caller: classpath:InspireTest/ngr/datasetrecords/def/checkxlinkurl.template.feature
arg: {"link":"http://rdfdata.eionet.europa.eu/inspirethemes/themes/24"}
checkxlinkurl.template.feature:15 - status code was: 404, expected: 200, response time: 200, url: http://rdfdata.eionet.europa.eu/inspirethemes/themes/24, response: 
04:24:36.794 [ForkJoinPool-1-worker-3] INFO  com.intuit.karate - [print]
04:24:36.794 [ForkJoinPool-1-worker-3] INFO  com.intuit.karate - [print] testing xlinkurl:https://ngr.geocat.live/geonetwork/srv/eng/thesaurus.download?ref=external.theme.httpinspireeceuropaeumetadatacodelistPrioritydataset-Prioritydataset
04:24:36.905 [ForkJoinPool-1-worker-11] INFO  com.intuit.karate - [print]
04:24:36.905 [ForkJoinPool-1-worker-11] INFO  com.intuit.karate - [print] testing xlinkurl:http://rdfdata.eionet.europa.eu/inspirethemes/themes/24
04:24:37.068 [ForkJoinPool-1-worker-13] ERROR com.intuit.karate - status code was: 500, expected: 200, response time: 477, url: https://www.nationaalgeoregister.nl/geonetwork/srv/api/recordsbb11be63-bd38-4632-bf54-df44c423a529, response: 
04:24:37.068 [ForkJoinPool-1-worker-13] ERROR com.intuit.karate - feature call (loop) failed at index: 1
caller: classpath:InspireTest/ngr/datasetrecords/def/checkxlinkurl.template.feature
arg: {"link":"https://www.nationaalgeoregister.nl/geonetwork/srv/api/recordsbb11be63-bd38-4632-bf54-df44c423a529"}
checkxlinkurl.template.feature:15 - status code was: 500, expected: 200, response time: 477, url: https://www.nationaalgeoregister.nl/geonetwork/srv/api/recordsbb11be63-bd38-4632-bf54-df44c423a529, response: 
04:24:37.079 [ForkJoinPool-1-worker-5] INFO  com.intuit.karate - [print]
04:24:37.079 [ForkJoinPool-1-worker-5] INFO  com.intuit.karate - [print] testing xlinkurl:http://rdfdata.eionet.europa.eu/inspirethemes/themes/24
04:24:37.105 [ForkJoinPool-1-worker-11] ERROR com.intuit.karate - status code was: 404, expected: 200, response time: 200, url: http://rdfdata.eionet.europa.eu/inspirethemes/themes/24, response: 
04:24:37.105 [ForkJoinPool-1-worker-11] ERROR com.intuit.karate - feature call (loop) failed at index: 1
caller: classpath:InspireTest/ngr/datasetrecords/def/checkxlinkurl.template.feature
arg: {"link":"http://rdfdata.eionet.europa.eu/inspirethemes/themes/24"}
checkxlinkurl.template.feature:15 - status code was: 404, expected: 200, response time: 200, url: http://rdfdata.eionet.europa.eu/inspirethemes/themes/24, response: 
04:24:37.106 [ForkJoinPool-1-worker-11] INFO  com.intuit.karate - [print]
04:24:37.106 [ForkJoinPool-1-worker-11] INFO  com.intuit.karate - [print] testing xlinkurl:https://ngr.geocat.live/geonetwork/srv/eng/thesaurus.download?ref=external.theme.httpinspireeceuropaeumetadatacodelistPrioritydataset-Prioritydataset
04:24:37.119 [ForkJoinPool-1-worker-9] INFO  com.intuit.karate - [print] title:Kaderrichtlijn Mariene Strategie - Mariene wateren Nederland EU2018
04:24:37.119 [ForkJoinPool-1-worker-9] INFO  com.intuit.karate - [print] Kaderrichtlijn Mariene Strategie - Mariene wateren Nederland EU2018
04:24:37.120 [ForkJoinPool-1-worker-3] ERROR com.intuit.karate - status code was: 500, expected: 200, response time: 326, url: https://ngr.geocat.live/geonetwork/srv/eng/thesaurus.download?ref=external.theme.httpinspireeceuropaeumetadatacodelistPrioritydataset-Prioritydataset, response: 
04:24:37.120 [ForkJoinPool-1-worker-3] ERROR com.intuit.karate - feature call (loop) failed at index: 2
caller: classpath:InspireTest/ngr/datasetrecords/def/checkxlinkurl.template.feature
arg: {"link":"https://ngr.geocat.live/geonetwork/srv/eng/thesaurus.download?ref=external.theme.httpinspireeceuropaeumetadatacodelistPrioritydataset-Prioritydataset"}
checkxlinkurl.template.feature:15 - status code was: 500, expected: 200, response time: 326, url: https://ngr.geocat.live/geonetwork/srv/eng/thesaurus.download?ref=external.theme.httpinspireeceuropaeumetadatacodelistPrioritydataset-Prioritydataset, response: 
04:24:37.126 [ForkJoinPool-1-worker-9] INFO  com.intuit.karate - [print] [
  "servicedesk-data@rijkswaterstaat.nl",
  "servicedesk-data@rijkswaterstaat.nl",
  "",
  "servicedesk-data@rijkswaterstaat.nl",
  "servicedesk-data@rijkswaterstaat.nl"
]

04:24:37.131 [ForkJoinPool-1-worker-9] INFO  com.intuit.karate - [print] organisation: [
  "Rijkswaterstaat",
  "Rijkswaterstaat",
  "",
  "Rijkswaterstaat",
  "Rijkswaterstaat"
]

04:24:37.138 [ForkJoinPool-1-worker-9] INFO  com.intuit.karate - [print] [
  "https://www.nationaalgeoregister.nl/geonetwork/srv/dut/catalog.search#/metadata/krm-a905-9d8e-4758-83fa-28b057f185e4",
  "http://rdfdata.eionet.europa.eu/inspirethemes/themes/24",
  "https://ngr.geocat.live/geonetwork/srv/eng/thesaurus.download?ref=external.theme.httpinspireeceuropaeumetadatacodelistPrioritydataset-Prioritydataset"
]

04:24:37.144 [ForkJoinPool-1-worker-9] INFO  com.intuit.karate - [print]
04:24:37.144 [ForkJoinPool-1-worker-9] INFO  com.intuit.karate - [print] testing xlinkurl:https://www.nationaalgeoregister.nl/geonetwork/srv/dut/catalog.search#/metadata/krm-a905-9d8e-4758-83fa-28b057f185e4
04:24:37.285 [ForkJoinPool-1-worker-5] ERROR com.intuit.karate - status code was: 404, expected: 200, response time: 200, url: http://rdfdata.eionet.europa.eu/inspirethemes/themes/24, response: 
04:24:37.285 [ForkJoinPool-1-worker-5] ERROR com.intuit.karate - feature call (loop) failed at index: 1
caller: classpath:InspireTest/ngr/datasetrecords/def/checkxlinkurl.template.feature
arg: {"link":"http://rdfdata.eionet.europa.eu/inspirethemes/themes/24"}
checkxlinkurl.template.feature:15 - status code was: 404, expected: 200, response time: 200, url: http://rdfdata.eionet.europa.eu/inspirethemes/themes/24, response: 
04:24:37.286 [ForkJoinPool-1-worker-5] INFO  com.intuit.karate - [print]
04:24:37.286 [ForkJoinPool-1-worker-5] INFO  com.intuit.karate - [print] testing xlinkurl:https://ngr.geocat.live/geonetwork/srv/eng/thesaurus.download?ref=external.theme.httpinspireeceuropaeumetadatacodelistPrioritydataset-Prioritydataset
04:24:37.417 [ForkJoinPool-1-worker-7] INFO  com.intuit.karate - [print] title:Kaderrichtlijn Water - Deelstroomgebieden Nederland EU2015
04:24:37.418 [ForkJoinPool-1-worker-7] INFO  com.intuit.karate - [print] Kaderrichtlijn Water - Deelstroomgebieden Nederland EU2015
04:24:37.418 [ForkJoinPool-1-worker-7] INFO  com.intuit.karate - [print] [
  "servicedesk@ihw.nl",
  "servicedesk@ihw.nl",
  "",
  "servicedesk-data@rijkswaterstaat.nl",
  "servicedesk-data@rijkswaterstaat.nl"
]

04:24:37.419 [ForkJoinPool-1-worker-7] INFO  com.intuit.karate - [print] organisation: [
  "Informatiehuis Water",
  "Informatiehuis Water",
  "",
  "Rijkswaterstaat",
  "Rijkswaterstaat"
]

04:24:37.421 [ForkJoinPool-1-worker-7] INFO  com.intuit.karate - [print] [
  "https://www.nationaalgeoregister.nl/geonetwork/srv/dut/catalog.search#/metadata/110f9ec6-4464-462e-9765-83d90cefbeac",
  "http://rdfdata.eionet.europa.eu/inspirethemes/themes/24",
  "https://ngr.geocat.live/geonetwork/srv/eng/thesaurus.download?ref=external.theme.httpinspireeceuropaeumetadatacodelistPrioritydataset-Prioritydataset"
]

04:24:37.426 [ForkJoinPool-1-worker-7] INFO  com.intuit.karate - [print]
04:24:37.426 [ForkJoinPool-1-worker-7] INFO  com.intuit.karate - [print] testing xlinkurl:https://www.nationaalgeoregister.nl/geonetwork/srv/dut/catalog.search#/metadata/110f9ec6-4464-462e-9765-83d90cefbeac
04:24:37.547 [ForkJoinPool-1-worker-11] ERROR com.intuit.karate - status code was: 500, expected: 200, response time: 440, url: https://ngr.geocat.live/geonetwork/srv/eng/thesaurus.download?ref=external.theme.httpinspireeceuropaeumetadatacodelistPrioritydataset-Prioritydataset, response: 
04:24:37.548 [ForkJoinPool-1-worker-11] ERROR com.intuit.karate - feature call (loop) failed at index: 2
caller: classpath:InspireTest/ngr/datasetrecords/def/checkxlinkurl.template.feature
arg: {"link":"https://ngr.geocat.live/geonetwork/srv/eng/thesaurus.download?ref=external.theme.httpinspireeceuropaeumetadatacodelistPrioritydataset-Prioritydataset"}
checkxlinkurl.template.feature:15 - status code was: 500, expected: 200, response time: 440, url: https://ngr.geocat.live/geonetwork/srv/eng/thesaurus.download?ref=external.theme.httpinspireeceuropaeumetadatacodelistPrioritydataset-Prioritydataset, response: 
04:24:37.549 [ForkJoinPool-1-worker-11] INFO  com.intuit.karate - [print]
04:24:37.549 [ForkJoinPool-1-worker-11] INFO  com.intuit.karate - [print] testing xlinkurl:urn:ogc:def:crs:EPSG::5709
04:24:37.550 [ForkJoinPool-1-worker-11] ERROR com.intuit.karate - org.apache.http.client.ClientProtocolException: URI does not specify a valid host name: urn:ogc:def:crs:EPSG::5709, http call failed after 0 milliseconds for URL: urn:ogc:def:crs:EPSG::5709
04:24:37.550 [ForkJoinPool-1-worker-11] ERROR com.intuit.karate - http request failed: 
org.apache.http.client.ClientProtocolException: URI does not specify a valid host name: urn:ogc:def:crs:EPSG::5709
04:24:37.550 [ForkJoinPool-1-worker-11] ERROR com.intuit.karate - feature call (loop) failed at index: 3
caller: classpath:InspireTest/ngr/datasetrecords/def/checkxlinkurl.template.feature
arg: {"link":"urn:ogc:def:crs:EPSG::5709"}
checkxlinkurl.template.feature:14 - 
org.apache.http.client.ClientProtocolException: URI does not specify a valid host name: urn:ogc:def:crs:EPSG::5709
04:24:37.724 [ForkJoinPool-1-worker-9] INFO  com.intuit.karate - [print]
04:24:37.725 [ForkJoinPool-1-worker-9] INFO  com.intuit.karate - [print] testing xlinkurl:http://rdfdata.eionet.europa.eu/inspirethemes/themes/24
04:24:37.757 [ForkJoinPool-1-worker-5] ERROR com.intuit.karate - status code was: 500, expected: 200, response time: 470, url: https://ngr.geocat.live/geonetwork/srv/eng/thesaurus.download?ref=external.theme.httpinspireeceuropaeumetadatacodelistPrioritydataset-Prioritydataset, response: 
04:24:37.757 [ForkJoinPool-1-worker-5] ERROR com.intuit.karate - feature call (loop) failed at index: 2
caller: classpath:InspireTest/ngr/datasetrecords/def/checkxlinkurl.template.feature
arg: {"link":"https://ngr.geocat.live/geonetwork/srv/eng/thesaurus.download?ref=external.theme.httpinspireeceuropaeumetadatacodelistPrioritydataset-Prioritydataset"}
checkxlinkurl.template.feature:15 - status code was: 500, expected: 200, response time: 470, url: https://ngr.geocat.live/geonetwork/srv/eng/thesaurus.download?ref=external.theme.httpinspireeceuropaeumetadatacodelistPrioritydataset-Prioritydataset, response: 
04:24:37.762 [ForkJoinPool-1-worker-7] INFO  com.intuit.karate - [print]
04:24:37.762 [ForkJoinPool-1-worker-7] INFO  com.intuit.karate - [print] testing xlinkurl:http://rdfdata.eionet.europa.eu/inspirethemes/themes/24
04:24:37.783 [ForkJoinPool-1-worker-13] INFO  com.intuit.karate - [print] title:Kaderrichtlijn Water - Deelstroomgebieden Nederland 2019 vlakken
04:24:37.783 [ForkJoinPool-1-worker-13] INFO  com.intuit.karate - [print] Kaderrichtlijn Water - Deelstroomgebieden Nederland 2019 vlakken
04:24:37.784 [ForkJoinPool-1-worker-13] INFO  com.intuit.karate - [print] [
  "servicedesk-data@rijkswaterstaat.nl",
  "servicedesk-data@rijkswaterstaat.nl",
  "",
  "servicedesk-data@rijkswaterstaat.nl",
  "servicedesk-data@rijkswaterstaat.nl"
]

04:24:37.785 [ForkJoinPool-1-worker-13] INFO  com.intuit.karate - [print] organisation: [
  "Rijkswaterstaat",
  "Rijkswaterstaat",
  "",
  "Rijkswaterstaat",
  "Rijkswaterstaat"
]

04:24:37.786 [ForkJoinPool-1-worker-13] INFO  com.intuit.karate - [print] [
  "https://www.nationaalgeoregister.nl/geonetwork/srv/dut/catalog.search#/metadata/krw-782cab20-8328-45f1-a9b2-c27d07c14066",
  "http://rdfdata.eionet.europa.eu/inspirethemes/themes/24",
  "https://ngr.geocat.live/geonetwork/srv/eng/thesaurus.download?ref=external.theme.httpinspireeceuropaeumetadatacodelistPrioritydataset-Prioritydataset",
  "urn:ogc:def:crs:EPSG::5709"
]

04:24:37.790 [ForkJoinPool-1-worker-3] INFO  com.intuit.karate - [print] title:Kaderrichtlijn Water - Monitoringlocaties Nederland EU2015
04:24:37.790 [ForkJoinPool-1-worker-3] INFO  com.intuit.karate - [print] Kaderrichtlijn Water - Monitoringlocaties Nederland EU2015
04:24:37.791 [ForkJoinPool-1-worker-3] INFO  com.intuit.karate - [print] [
  "servicedesk@ihw.nl",
  "servicedesk-data@rijkswaterstaat.nl",
  "",
  "servicedesk-data@rijkswaterstaat.nl",
  "servicedesk-data@rijkswaterstaat.nl"
]

04:24:37.792 [ForkJoinPool-1-worker-3] INFO  com.intuit.karate - [print] organisation: [
  "Informatiehuis Water",
  "Informatiehuis Water",
  "",
  "Rijkswaterstaat",
  "Rijkswaterstaat"
]

04:24:37.792 [ForkJoinPool-1-worker-13] INFO  com.intuit.karate - [print]
04:24:37.795 [ForkJoinPool-1-worker-13] INFO  com.intuit.karate - [print] testing xlinkurl:https://www.nationaalgeoregister.nl/geonetwork/srv/dut/catalog.search#/metadata/krw-782cab20-8328-45f1-a9b2-c27d07c14066
04:24:37.801 [ForkJoinPool-1-worker-3] INFO  com.intuit.karate - [print] [
  "https://www.nationaalgeoregister.nl/geonetwork/srv/dut/catalog.search#/metadata/891ddc2d-8949-4a45-be96-c65b87c41f13",
  "http://rdfdata.eionet.europa.eu/inspirethemes/themes/20",
  "https://ngr.geocat.live/geonetwork/srv/eng/thesaurus.download?ref=external.theme.httpinspireeceuropaeumetadatacodelistPrioritydataset-Prioritydataset"
]

04:24:37.806 [ForkJoinPool-1-worker-3] INFO  com.intuit.karate - [print]
04:24:37.808 [ForkJoinPool-1-worker-3] INFO  com.intuit.karate - [print] testing xlinkurl:https://www.nationaalgeoregister.nl/geonetwork/srv/dut/catalog.search#/metadata/891ddc2d-8949-4a45-be96-c65b87c41f13
04:24:37.926 [ForkJoinPool-1-worker-9] ERROR com.intuit.karate - status code was: 404, expected: 200, response time: 200, url: http://rdfdata.eionet.europa.eu/inspirethemes/themes/24, response: 
04:24:37.926 [ForkJoinPool-1-worker-9] ERROR com.intuit.karate - feature call (loop) failed at index: 1
caller: classpath:InspireTest/ngr/datasetrecords/def/checkxlinkurl.template.feature
arg: {"link":"http://rdfdata.eionet.europa.eu/inspirethemes/themes/24"}
checkxlinkurl.template.feature:15 - status code was: 404, expected: 200, response time: 200, url: http://rdfdata.eionet.europa.eu/inspirethemes/themes/24, response: 
04:24:37.927 [ForkJoinPool-1-worker-9] INFO  com.intuit.karate - [print]
04:24:37.927 [ForkJoinPool-1-worker-9] INFO  com.intuit.karate - [print] testing xlinkurl:https://ngr.geocat.live/geonetwork/srv/eng/thesaurus.download?ref=external.theme.httpinspireeceuropaeumetadatacodelistPrioritydataset-Prioritydataset
04:24:37.963 [ForkJoinPool-1-worker-7] ERROR com.intuit.karate - status code was: 404, expected: 200, response time: 200, url: http://rdfdata.eionet.europa.eu/inspirethemes/themes/24, response: 
04:24:37.963 [ForkJoinPool-1-worker-7] ERROR com.intuit.karate - feature call (loop) failed at index: 1
caller: classpath:InspireTest/ngr/datasetrecords/def/checkxlinkurl.template.feature
arg: {"link":"http://rdfdata.eionet.europa.eu/inspirethemes/themes/24"}
checkxlinkurl.template.feature:15 - status code was: 404, expected: 200, response time: 200, url: http://rdfdata.eionet.europa.eu/inspirethemes/themes/24, response: 
04:24:37.965 [ForkJoinPool-1-worker-7] INFO  com.intuit.karate - [print]
04:24:37.965 [ForkJoinPool-1-worker-7] INFO  com.intuit.karate - [print] testing xlinkurl:https://ngr.geocat.live/geonetwork/srv/eng/thesaurus.download?ref=external.theme.httpinspireeceuropaeumetadatacodelistPrioritydataset-Prioritydataset
04:24:38.089 [ForkJoinPool-1-worker-11] INFO  com.intuit.karate - [print] title:Ruimtelijke plannen Wro: Ruimtelijkeplannen.nl
04:24:38.089 [ForkJoinPool-1-worker-11] INFO  com.intuit.karate - [print] Ruimtelijke plannen Wro: Ruimtelijkeplannen.nl
04:24:38.091 [ForkJoinPool-1-worker-11] INFO  com.intuit.karate - [print] [
  "PPB-GVA@kadaster.nl",
  "ruimtelijkeplannen@kadaster.nl"
]

04:24:38.094 [ForkJoinPool-1-worker-11] INFO  com.intuit.karate - [print] organisation: [
  "Kadaster",
  "Kadaster"
]

04:24:38.096 [ForkJoinPool-1-worker-11] INFO  com.intuit.karate - [print] [
  "http://kadaster/e2318c58-b1e6-4621-9c77-33b8a1fd0e76"
]

04:24:38.101 [ForkJoinPool-1-worker-11] INFO  com.intuit.karate - [print]
04:24:38.101 [ForkJoinPool-1-worker-11] INFO  com.intuit.karate - [print] testing xlinkurl:http://kadaster/e2318c58-b1e6-4621-9c77-33b8a1fd0e76
04:24:38.121 [ForkJoinPool-1-worker-13] INFO  com.intuit.karate - [print]
04:24:38.122 [ForkJoinPool-1-worker-13] INFO  com.intuit.karate - [print] testing xlinkurl:http://rdfdata.eionet.europa.eu/inspirethemes/themes/24
04:24:38.125 [ForkJoinPool-1-worker-3] INFO  com.intuit.karate - [print]
04:24:38.125 [ForkJoinPool-1-worker-3] INFO  com.intuit.karate - [print] testing xlinkurl:http://rdfdata.eionet.europa.eu/inspirethemes/themes/20
04:24:38.136 [ForkJoinPool-1-worker-11] ERROR com.intuit.karate - java.net.UnknownHostException: kadaster: Temporary failure in name resolution, http call failed after 34 milliseconds for URL: http://kadaster/e2318c58-b1e6-4621-9c77-33b8a1fd0e76
04:24:38.138 [ForkJoinPool-1-worker-11] ERROR com.intuit.karate - http request failed: 
java.net.UnknownHostException: kadaster: Temporary failure in name resolution
04:24:38.139 [ForkJoinPool-1-worker-11] ERROR com.intuit.karate - feature call (loop) failed at index: 0
caller: classpath:InspireTest/ngr/datasetrecords/def/checkxlinkurl.template.feature
arg: {"link":"http://kadaster/e2318c58-b1e6-4621-9c77-33b8a1fd0e76"}
checkxlinkurl.template.feature:14 - 
java.net.UnknownHostException: kadaster: Temporary failure in name resolution
04:24:38.272 [ForkJoinPool-1-worker-9] ERROR com.intuit.karate - status code was: 500, expected: 200, response time: 345, url: https://ngr.geocat.live/geonetwork/srv/eng/thesaurus.download?ref=external.theme.httpinspireeceuropaeumetadatacodelistPrioritydataset-Prioritydataset, response: 
04:24:38.272 [ForkJoinPool-1-worker-9] ERROR com.intuit.karate - feature call (loop) failed at index: 2
caller: classpath:InspireTest/ngr/datasetrecords/def/checkxlinkurl.template.feature
arg: {"link":"https://ngr.geocat.live/geonetwork/srv/eng/thesaurus.download?ref=external.theme.httpinspireeceuropaeumetadatacodelistPrioritydataset-Prioritydataset"}
checkxlinkurl.template.feature:15 - status code was: 500, expected: 200, response time: 345, url: https://ngr.geocat.live/geonetwork/srv/eng/thesaurus.download?ref=external.theme.httpinspireeceuropaeumetadatacodelistPrioritydataset-Prioritydataset, response: 
04:24:38.291 [ForkJoinPool-1-worker-7] ERROR com.intuit.karate - status code was: 500, expected: 200, response time: 325, url: https://ngr.geocat.live/geonetwork/srv/eng/thesaurus.download?ref=external.theme.httpinspireeceuropaeumetadatacodelistPrioritydataset-Prioritydataset, response: 
04:24:38.291 [ForkJoinPool-1-worker-7] ERROR com.intuit.karate - feature call (loop) failed at index: 2
caller: classpath:InspireTest/ngr/datasetrecords/def/checkxlinkurl.template.feature
arg: {"link":"https://ngr.geocat.live/geonetwork/srv/eng/thesaurus.download?ref=external.theme.httpinspireeceuropaeumetadatacodelistPrioritydataset-Prioritydataset"}
checkxlinkurl.template.feature:15 - status code was: 500, expected: 200, response time: 325, url: https://ngr.geocat.live/geonetwork/srv/eng/thesaurus.download?ref=external.theme.httpinspireeceuropaeumetadatacodelistPrioritydataset-Prioritydataset, response: 
04:24:38.322 [ForkJoinPool-1-worker-13] ERROR com.intuit.karate - status code was: 404, expected: 200, response time: 200, url: http://rdfdata.eionet.europa.eu/inspirethemes/themes/24, response: 
04:24:38.322 [ForkJoinPool-1-worker-13] ERROR com.intuit.karate - feature call (loop) failed at index: 1
caller: classpath:InspireTest/ngr/datasetrecords/def/checkxlinkurl.template.feature
arg: {"link":"http://rdfdata.eionet.europa.eu/inspirethemes/themes/24"}
checkxlinkurl.template.feature:15 - status code was: 404, expected: 200, response time: 200, url: http://rdfdata.eionet.europa.eu/inspirethemes/themes/24, response: 
04:24:38.323 [ForkJoinPool-1-worker-13] INFO  com.intuit.karate - [print]
04:24:38.323 [ForkJoinPool-1-worker-13] INFO  com.intuit.karate - [print] testing xlinkurl:https://ngr.geocat.live/geonetwork/srv/eng/thesaurus.download?ref=external.theme.httpinspireeceuropaeumetadatacodelistPrioritydataset-Prioritydataset
04:24:38.325 [ForkJoinPool-1-worker-3] ERROR com.intuit.karate - status code was: 404, expected: 200, response time: 200, url: http://rdfdata.eionet.europa.eu/inspirethemes/themes/20, response: 
04:24:38.325 [ForkJoinPool-1-worker-3] ERROR com.intuit.karate - feature call (loop) failed at index: 1
caller: classpath:InspireTest/ngr/datasetrecords/def/checkxlinkurl.template.feature
arg: {"link":"http://rdfdata.eionet.europa.eu/inspirethemes/themes/20"}
checkxlinkurl.template.feature:15 - status code was: 404, expected: 200, response time: 200, url: http://rdfdata.eionet.europa.eu/inspirethemes/themes/20, response: 
04:24:38.326 [ForkJoinPool-1-worker-3] INFO  com.intuit.karate - [print]
04:24:38.326 [ForkJoinPool-1-worker-3] INFO  com.intuit.karate - [print] testing xlinkurl:https://ngr.geocat.live/geonetwork/srv/eng/thesaurus.download?ref=external.theme.httpinspireeceuropaeumetadatacodelistPrioritydataset-Prioritydataset
04:24:38.334 [ForkJoinPool-1-worker-5] INFO  com.intuit.karate - [print] title:Stads- en Dorpsgezichten
04:24:38.338 [ForkJoinPool-1-worker-5] INFO  com.intuit.karate - [print] Stads- en Dorpsgezichten
04:24:38.338 [ForkJoinPool-1-worker-5] INFO  com.intuit.karate - [print] [
  "info@cultureelerfgoed.nl",
  "info@cultureelerfgoed.nl",
  "info@cultureelerfgoed.nl"
]

04:24:38.339 [ForkJoinPool-1-worker-5] INFO  com.intuit.karate - [print] organisation: [
  "Rijksdienst voor het Cultureel Erfgoed",
  "Rijksdienst voor het Cultureel Erfgoed",
  "Rijksdienst voor het Cultureel Erfgoed"
]

04:24:38.342 [ForkJoinPool-1-worker-5] INFO  com.intuit.karate - [print] [
  "http://services.rce.geovoorziening.nl/www/download/nl.xml"
]

04:24:38.347 [ForkJoinPool-1-worker-5] INFO  com.intuit.karate - [print]
04:24:38.349 [ForkJoinPool-1-worker-5] INFO  com.intuit.karate - [print] testing xlinkurl:http://services.rce.geovoorziening.nl/www/download/nl.xml
04:24:38.653 [ForkJoinPool-1-worker-13] ERROR com.intuit.karate - status code was: 500, expected: 200, response time: 330, url: https://ngr.geocat.live/geonetwork/srv/eng/thesaurus.download?ref=external.theme.httpinspireeceuropaeumetadatacodelistPrioritydataset-Prioritydataset, response: 
04:24:38.655 [ForkJoinPool-1-worker-13] ERROR com.intuit.karate - feature call (loop) failed at index: 2
caller: classpath:InspireTest/ngr/datasetrecords/def/checkxlinkurl.template.feature
arg: {"link":"https://ngr.geocat.live/geonetwork/srv/eng/thesaurus.download?ref=external.theme.httpinspireeceuropaeumetadatacodelistPrioritydataset-Prioritydataset"}
checkxlinkurl.template.feature:15 - status code was: 500, expected: 200, response time: 330, url: https://ngr.geocat.live/geonetwork/srv/eng/thesaurus.download?ref=external.theme.httpinspireeceuropaeumetadatacodelistPrioritydataset-Prioritydataset, response: 
04:24:38.658 [ForkJoinPool-1-worker-13] INFO  com.intuit.karate - [print]
04:24:38.658 [ForkJoinPool-1-worker-13] INFO  com.intuit.karate - [print] testing xlinkurl:urn:ogc:def:crs:EPSG::5709
04:24:38.659 [ForkJoinPool-1-worker-13] ERROR com.intuit.karate - org.apache.http.client.ClientProtocolException: URI does not specify a valid host name: urn:ogc:def:crs:EPSG::5709, http call failed after 0 milliseconds for URL: urn:ogc:def:crs:EPSG::5709
04:24:38.659 [ForkJoinPool-1-worker-13] ERROR com.intuit.karate - http request failed: 
org.apache.http.client.ClientProtocolException: URI does not specify a valid host name: urn:ogc:def:crs:EPSG::5709
04:24:38.660 [ForkJoinPool-1-worker-13] ERROR com.intuit.karate - feature call (loop) failed at index: 3
caller: classpath:InspireTest/ngr/datasetrecords/def/checkxlinkurl.template.feature
arg: {"link":"urn:ogc:def:crs:EPSG::5709"}
checkxlinkurl.template.feature:14 - 
org.apache.http.client.ClientProtocolException: URI does not specify a valid host name: urn:ogc:def:crs:EPSG::5709
04:24:38.663 [ForkJoinPool-1-worker-3] ERROR com.intuit.karate - status code was: 500, expected: 200, response time: 336, url: https://ngr.geocat.live/geonetwork/srv/eng/thesaurus.download?ref=external.theme.httpinspireeceuropaeumetadatacodelistPrioritydataset-Prioritydataset, response: 
04:24:38.663 [ForkJoinPool-1-worker-3] ERROR com.intuit.karate - feature call (loop) failed at index: 2
caller: classpath:InspireTest/ngr/datasetrecords/def/checkxlinkurl.template.feature
arg: {"link":"https://ngr.geocat.live/geonetwork/srv/eng/thesaurus.download?ref=external.theme.httpinspireeceuropaeumetadatacodelistPrioritydataset-Prioritydataset"}
checkxlinkurl.template.feature:15 - status code was: 500, expected: 200, response time: 336, url: https://ngr.geocat.live/geonetwork/srv/eng/thesaurus.download?ref=external.theme.httpinspireeceuropaeumetadatacodelistPrioritydataset-Prioritydataset, response: 
04:24:38.741 [ForkJoinPool-1-worker-11] INFO  com.intuit.karate - [print] title:Wijk- en Buurtkaart 2017 versie 3
04:24:38.741 [ForkJoinPool-1-worker-11] INFO  com.intuit.karate - [print] Wijk- en Buurtkaart 2017 versie 3
04:24:38.742 [ForkJoinPool-1-worker-11] INFO  com.intuit.karate - [print] [
  "infoservice@cbs.nl",
  "infoservice@cbs.nl",
  "infoservice@cbs.nl",
  "",
  ""
]

04:24:38.744 [ForkJoinPool-1-worker-11] INFO  com.intuit.karate - [print] organisation: [
  "Centraal Bureau voor de Statistiek",
  "Centraal Bureau voor de Statistiek",
  "Centraal Bureau voor de Statistiek",
  "Kadaster"
]

04:24:38.745 [ForkJoinPool-1-worker-11] INFO  com.intuit.karate - [print] [
  ""
]

04:24:38.750 [ForkJoinPool-1-worker-11] INFO  com.intuit.karate - [print]
04:24:38.750 [ForkJoinPool-1-worker-11] INFO  com.intuit.karate - [print] testing xlinkurl:
04:24:38.750 [ForkJoinPool-1-worker-11] ERROR com.intuit.karate - org.apache.http.client.ClientProtocolException, http call failed after 0 milliseconds for URL: 
04:24:38.750 [ForkJoinPool-1-worker-11] ERROR com.intuit.karate - http request failed: 
org.apache.http.client.ClientProtocolException
04:24:38.750 [ForkJoinPool-1-worker-11] ERROR com.intuit.karate - feature call (loop) failed at index: 0
caller: classpath:InspireTest/ngr/datasetrecords/def/checkxlinkurl.template.feature
arg: {"link":""}
checkxlinkurl.template.feature:14 - 
org.apache.http.client.ClientProtocolException
04:24:38.908 [ForkJoinPool-1-worker-9] INFO  com.intuit.karate - [print] title:Rijksmonumenten (verouderd)
04:24:38.908 [ForkJoinPool-1-worker-9] INFO  com.intuit.karate - [print] Rijksmonumenten (verouderd)
04:24:38.910 [ForkJoinPool-1-worker-9] INFO  com.intuit.karate - [print] [
  "info@cultureelerfgoed.nl",
  "info@cultureelerfgoed.nl"
]

04:24:38.911 [ForkJoinPool-1-worker-9] INFO  com.intuit.karate - [print] organisation: [
  "Rijksdienst voor het Cultureel Erfgoed",
  "Rijksdienst voor het Cultureel Erfgoed"
]

04:24:38.913 [ForkJoinPool-1-worker-9] INFO  com.intuit.karate - [print] [
  "http://services.rce.geovoorziening.nl/www/download/nl.xml",
  "",
  ""
]

04:24:38.916 [ForkJoinPool-1-worker-9] INFO  com.intuit.karate - [print]
04:24:38.917 [ForkJoinPool-1-worker-9] INFO  com.intuit.karate - [print] testing xlinkurl:http://services.rce.geovoorziening.nl/www/download/nl.xml
04:24:38.990 [ForkJoinPool-1-worker-7] INFO  com.intuit.karate - [print] title:NWB - Wegen
04:24:38.990 [ForkJoinPool-1-worker-7] INFO  com.intuit.karate - [print] NWB - Wegen
04:24:39.002 [ForkJoinPool-1-worker-7] INFO  com.intuit.karate - [print] [
  "servicedesk-data@rijkswaterstaat.nl",
  "servicedesk-data@rijkswaterstaat.nl",
  "",
  "servicedesk-data@rijkswaterstaat.nl",
  "servicedesk-data@rws.n"
]

04:24:39.003 [ForkJoinPool-1-worker-7] INFO  com.intuit.karate - [print] organisation: [
  "Rijkswaterstaat",
  "Rijkswaterstaat",
  "",
  "Rijkswaterstaat",
  "Rijkswaterstaat"
]

04:24:39.005 [ForkJoinPool-1-worker-7] INFO  com.intuit.karate - [print] [
  "https://www.nationaalgeoregister.nl/geonetwork/srv/dut/catalog.search#/metadata/a9b7026e-0a81-4813-93bd-ba49e6f28502",
  "http://rdfdata.eionet.europa.eu/inspirethemes/themes/7",
  "http://rdfdata.eionet.europa.eu/inspirethemes/themes/18",
  "https://ngr.geocat.live/geonetwork/srv/eng/thesaurus.download?ref=external.theme.httpinspireeceuropaeumetadatacodelistPrioritydataset-Prioritydataset",
  "urn:ogc:def:crs:EPSG::5709"
]

04:24:39.010 [ForkJoinPool-1-worker-7] INFO  com.intuit.karate - [print]
04:24:39.011 [ForkJoinPool-1-worker-7] INFO  com.intuit.karate - [print] testing xlinkurl:https://www.nationaalgeoregister.nl/geonetwork/srv/dut/catalog.search#/metadata/a9b7026e-0a81-4813-93bd-ba49e6f28502
04:24:39.099 [ForkJoinPool-1-worker-9] INFO  com.intuit.karate - [print]
04:24:39.099 [ForkJoinPool-1-worker-9] INFO  com.intuit.karate - [print] testing xlinkurl:
04:24:39.099 [ForkJoinPool-1-worker-9] ERROR com.intuit.karate - org.apache.http.client.ClientProtocolException, http call failed after 0 milliseconds for URL: 
04:24:39.099 [ForkJoinPool-1-worker-9] ERROR com.intuit.karate - http request failed: 
org.apache.http.client.ClientProtocolException
04:24:39.099 [ForkJoinPool-1-worker-9] ERROR com.intuit.karate - feature call (loop) failed at index: 1
caller: classpath:InspireTest/ngr/datasetrecords/def/checkxlinkurl.template.feature
arg: {"link":""}
checkxlinkurl.template.feature:14 - 
org.apache.http.client.ClientProtocolException
04:24:39.100 [ForkJoinPool-1-worker-9] INFO  com.intuit.karate - [print]
04:24:39.100 [ForkJoinPool-1-worker-9] INFO  com.intuit.karate - [print] testing xlinkurl:
04:24:39.100 [ForkJoinPool-1-worker-9] ERROR com.intuit.karate - org.apache.http.client.ClientProtocolException, http call failed after 0 milliseconds for URL: 
04:24:39.100 [ForkJoinPool-1-worker-9] ERROR com.intuit.karate - http request failed: 
org.apache.http.client.ClientProtocolException
04:24:39.100 [ForkJoinPool-1-worker-9] ERROR com.intuit.karate - feature call (loop) failed at index: 2
caller: classpath:InspireTest/ngr/datasetrecords/def/checkxlinkurl.template.feature
arg: {"link":""}
checkxlinkurl.template.feature:14 - 
org.apache.http.client.ClientProtocolException
04:24:39.306 [ForkJoinPool-1-worker-13] INFO  com.intuit.karate - [print] title:CBS Vierkantstatistieken 500m
04:24:39.306 [ForkJoinPool-1-worker-13] INFO  com.intuit.karate - [print] CBS Vierkantstatistieken 500m
04:24:39.307 [ForkJoinPool-1-worker-13] INFO  com.intuit.karate - [print] [
  "infoservice@cbs.nl",
  "infoservice@cbs.nl",
  "infoservice@cbs.nl",
  ""
]

04:24:39.308 [ForkJoinPool-1-worker-13] INFO  com.intuit.karate - [print] organisation: [
  "Centraal Bureau voor de Statistiek",
  "Centraal Bureau voor de Statistiek",
  "Centraal Bureau voor de Statistiek",
  "Centraal Bureau voor de Statistiek"
]

04:24:39.309 [ForkJoinPool-1-worker-13] INFO  com.intuit.karate - [print] [
  "http://geodata.nationaalgeoregister.nl/cbsvierkanten500mv2/atom/cbsvierkanten500mv2.xml"
]

04:24:39.312 [ForkJoinPool-1-worker-13] INFO  com.intuit.karate - [print]
04:24:39.313 [ForkJoinPool-1-worker-13] INFO  com.intuit.karate - [print] testing xlinkurl:http://geodata.nationaalgeoregister.nl/cbsvierkanten500mv2/atom/cbsvierkanten500mv2.xml
04:24:39.338 [ForkJoinPool-1-worker-7] INFO  com.intuit.karate - [print]
04:24:39.338 [ForkJoinPool-1-worker-7] INFO  com.intuit.karate - [print] testing xlinkurl:http://rdfdata.eionet.europa.eu/inspirethemes/themes/7
04:24:39.365 [ForkJoinPool-1-worker-3] INFO  com.intuit.karate - [print] title:CBS Vierkantstatistieken 100m
04:24:39.365 [ForkJoinPool-1-worker-3] INFO  com.intuit.karate - [print] CBS Vierkantstatistieken 100m
04:24:39.367 [ForkJoinPool-1-worker-3] INFO  com.intuit.karate - [print] [
  "infoservice@cbs.nl",
  "infoservice@cbs.nl",
  "infoservice@cbs.nl",
  ""
]

04:24:39.368 [ForkJoinPool-1-worker-3] INFO  com.intuit.karate - [print] organisation: [
  "Centraal Bureau voor de Statistiek",
  "Centraal Bureau voor de Statistiek",
  "Centraal Bureau voor de Statistiek",
  "Centraal Bureau voor de Statistiek"
]

04:24:39.372 [ForkJoinPool-1-worker-3] INFO  com.intuit.karate - [print] [
  "http://geodata.nationaalgeoregister.nl/cbsvierkanten100mv2/atom/cbsvierkanten100mv2.xml"
]

04:24:39.380 [ForkJoinPool-1-worker-3] INFO  com.intuit.karate - [print]
04:24:39.381 [ForkJoinPool-1-worker-3] INFO  com.intuit.karate - [print] testing xlinkurl:http://geodata.nationaalgeoregister.nl/cbsvierkanten100mv2/atom/cbsvierkanten100mv2.xml
04:24:39.450 [ForkJoinPool-1-worker-11] INFO  com.intuit.karate - [print] title:Wijk- en Buurtkaart 2016 versie 3
04:24:39.450 [ForkJoinPool-1-worker-11] INFO  com.intuit.karate - [print] Wijk- en Buurtkaart 2016 versie 3
04:24:39.452 [ForkJoinPool-1-worker-11] INFO  com.intuit.karate - [print] [
  "infoservice@cbs.nl",
  "infoservice@cbs.nl",
  "infoservice@cbs.nl",
  "",
  ""
]

04:24:39.453 [ForkJoinPool-1-worker-11] INFO  com.intuit.karate - [print] organisation: [
  "Centraal Bureau voor de Statistiek",
  "Centraal Bureau voor de Statistiek",
  "Centraal Bureau voor de Statistiek",
  "Kadaster"
]

04:24:39.455 [ForkJoinPool-1-worker-11] INFO  com.intuit.karate - [print] [
  ""
]

04:24:39.458 [ForkJoinPool-1-worker-11] INFO  com.intuit.karate - [print]
04:24:39.459 [ForkJoinPool-1-worker-11] INFO  com.intuit.karate - [print] testing xlinkurl:
04:24:39.459 [ForkJoinPool-1-worker-11] ERROR com.intuit.karate - org.apache.http.client.ClientProtocolException, http call failed after 0 milliseconds for URL: 
04:24:39.460 [ForkJoinPool-1-worker-11] ERROR com.intuit.karate - http request failed: 
org.apache.http.client.ClientProtocolException
04:24:39.460 [ForkJoinPool-1-worker-11] ERROR com.intuit.karate - feature call (loop) failed at index: 0
caller: classpath:InspireTest/ngr/datasetrecords/def/checkxlinkurl.template.feature
arg: {"link":""}
checkxlinkurl.template.feature:14 - 
org.apache.http.client.ClientProtocolException
04:24:39.467 [ForkJoinPool-1-worker-5] INFO  com.intuit.karate - [print] title:Werelderfgoed
04:24:39.467 [ForkJoinPool-1-worker-5] INFO  com.intuit.karate - [print] Werelderfgoed
04:24:39.468 [ForkJoinPool-1-worker-5] INFO  com.intuit.karate - [print] [
  "info@cultureelerfgoed.nl",
  "info@cultureelerfgoed.nl",
  "info@cultureelerfgoed.nl"
]

04:24:39.470 [ForkJoinPool-1-worker-5] INFO  com.intuit.karate - [print] organisation: [
  "Rijksdienst voor het Cultureel Erfgoed",
  "Rijksdienst voor het Cultureel Erfgoed",
  "Rijksdienst voor het Cultureel Erfgoed"
]

04:24:39.471 [ForkJoinPool-1-worker-5] INFO  com.intuit.karate - [print] [
  "http://services.rce.geovoorziening.nl/www/download/nl.xml"
]

04:24:39.474 [ForkJoinPool-1-worker-5] INFO  com.intuit.karate - [print]
04:24:39.475 [ForkJoinPool-1-worker-5] INFO  com.intuit.karate - [print] testing xlinkurl:http://services.rce.geovoorziening.nl/www/download/nl.xml
04:24:39.613 [ForkJoinPool-1-worker-7] ERROR com.intuit.karate - status code was: 404, expected: 200, response time: 274, url: http://rdfdata.eionet.europa.eu/inspirethemes/themes/7, response: 
04:24:39.613 [ForkJoinPool-1-worker-7] ERROR com.intuit.karate - feature call (loop) failed at index: 1
caller: classpath:InspireTest/ngr/datasetrecords/def/checkxlinkurl.template.feature
arg: {"link":"http://rdfdata.eionet.europa.eu/inspirethemes/themes/7"}
checkxlinkurl.template.feature:15 - status code was: 404, expected: 200, response time: 274, url: http://rdfdata.eionet.europa.eu/inspirethemes/themes/7, response: 
04:24:39.614 [ForkJoinPool-1-worker-7] INFO  com.intuit.karate - [print]
04:24:39.615 [ForkJoinPool-1-worker-7] INFO  com.intuit.karate - [print] testing xlinkurl:http://rdfdata.eionet.europa.eu/inspirethemes/themes/18
04:24:39.625 [ForkJoinPool-1-worker-9] INFO  com.intuit.karate - [print] title:Aansluitende zone volgens UNCLOS - Noordzee
04:24:39.625 [ForkJoinPool-1-worker-9] INFO  com.intuit.karate - [print] Aansluitende zone volgens UNCLOS - Noordzee
04:24:39.626 [ForkJoinPool-1-worker-9] INFO  com.intuit.karate - [print] [
  "data@hydro.nl",
  "data@hydro.nl",
  "data@hydro.nl",
  "",
  ""
]

04:24:39.628 [ForkJoinPool-1-worker-9] INFO  com.intuit.karate - [print] organisation: [
  "Ministerie van Defensie, Koninklijke Marine, Dienst der Hydrografie",
  "Ministerie van Defensie, Koninklijke Marine, Dienst der Hydrografie",
  "Ministerie van Defensie, Koninklijke Marine, Dienst der Hydrografie"
]

04:24:39.630 [ForkJoinPool-1-worker-9] INFO  com.intuit.karate - [print] [
  "http://www.opengis.net/def/crs/EPSG/0/https://www.opengis.net/def/crs/EPSG/0/4258",
  "https://www.nationaalgeoregister.nl/geonetwork/srv/api/records4cda487b-c467-490c-a843-6563fec016be"
]

04:24:39.635 [ForkJoinPool-1-worker-9] INFO  com.intuit.karate - [print]
04:24:39.635 [ForkJoinPool-1-worker-9] INFO  com.intuit.karate - [print] testing xlinkurl:http://www.opengis.net/def/crs/EPSG/0/https://www.opengis.net/def/crs/EPSG/0/4258
04:24:39.815 [ForkJoinPool-1-worker-7] ERROR com.intuit.karate - status code was: 404, expected: 200, response time: 200, url: http://rdfdata.eionet.europa.eu/inspirethemes/themes/18, response: 
04:24:39.816 [ForkJoinPool-1-worker-7] ERROR com.intuit.karate - feature call (loop) failed at index: 2
caller: classpath:InspireTest/ngr/datasetrecords/def/checkxlinkurl.template.feature
arg: {"link":"http://rdfdata.eionet.europa.eu/inspirethemes/themes/18"}
checkxlinkurl.template.feature:15 - status code was: 404, expected: 200, response time: 200, url: http://rdfdata.eionet.europa.eu/inspirethemes/themes/18, response: 
04:24:39.817 [ForkJoinPool-1-worker-7] INFO  com.intuit.karate - [print]
04:24:39.817 [ForkJoinPool-1-worker-7] INFO  com.intuit.karate - [print] testing xlinkurl:https://ngr.geocat.live/geonetwork/srv/eng/thesaurus.download?ref=external.theme.httpinspireeceuropaeumetadatacodelistPrioritydataset-Prioritydataset
04:24:39.933 [ForkJoinPool-1-worker-9] INFO  com.intuit.karate - [print]
04:24:39.933 [ForkJoinPool-1-worker-9] INFO  com.intuit.karate - [print] testing xlinkurl:https://www.nationaalgeoregister.nl/geonetwork/srv/api/records4cda487b-c467-490c-a843-6563fec016be
04:24:39.979 [ForkJoinPool-1-worker-11] INFO  com.intuit.karate - [print] title:Richtlijn Overstromingsrisico - gebieden met Potentieel Significant Overstromingsrisico EU2018 vlakken
04:24:39.979 [ForkJoinPool-1-worker-11] INFO  com.intuit.karate - [print] Richtlijn Overstromingsrisico - gebieden met Potentieel Significant Overstromingsrisico EU2018 vlakken
04:24:39.981 [ForkJoinPool-1-worker-11] INFO  com.intuit.karate - [print] [
  "servicedesk-data@rijkswaterstaat.nl",
  "servicedesk-data@rijkswaterstaat.nl",
  "",
  "servicedesk-data@rijkswaterstaat.nl",
  "servicedesk-data@rijkswaterstaat.nl"
]

04:24:39.983 [ForkJoinPool-1-worker-11] INFO  com.intuit.karate - [print] organisation: [
  "Rijkswaterstaat",
  "Rijkswaterstaat",
  "",
  "Rijkswaterstaat",
  "Rijkswaterstaat"
]

04:24:39.984 [ForkJoinPool-1-worker-11] INFO  com.intuit.karate - [print] [
  "https://www.nationaalgeoregister.nl/geonetwork/srv/dut/catalog.search#/metadata/ror-9d8e-4758-83fx-28b057f185e1",
  "http://rdfdata.eionet.europa.eu/inspirethemes/themes/25",
  "https://ngr.geocat.live/geonetwork/srv/eng/thesaurus.download?ref=external.theme.httpinspireeceuropaeumetadatacodelistPrioritydataset-Prioritydataset",
  "urn:ogc:def:crs:EPSG::5709"
]

04:24:39.988 [ForkJoinPool-1-worker-11] INFO  com.intuit.karate - [print]
04:24:39.989 [ForkJoinPool-1-worker-11] INFO  com.intuit.karate - [print] testing xlinkurl:https://www.nationaalgeoregister.nl/geonetwork/srv/dut/catalog.search#/metadata/ror-9d8e-4758-83fx-28b057f185e1
04:24:40.031 [ForkJoinPool-1-worker-13] INFO  com.intuit.karate - [print] title:Richtlijn Overstromingsrisico - gebieden met Potentieel Significant Overstromingsrisico EU2018 lijnen
04:24:40.031 [ForkJoinPool-1-worker-13] INFO  com.intuit.karate - [print] Richtlijn Overstromingsrisico - gebieden met Potentieel Significant Overstromingsrisico EU2018 lijnen
04:24:40.032 [ForkJoinPool-1-worker-13] INFO  com.intuit.karate - [print] [
  "servicedesk-data@rijkswaterstaat.nl",
  "servicedesk-data@rijkswaterstaat.nl",
  "",
  "servicedesk-data@rijkswaterstaat.nl",
  "servicedesk-data@rijkswaterstaat.nl"
]

04:24:40.034 [ForkJoinPool-1-worker-13] INFO  com.intuit.karate - [print] organisation: [
  "Rijkswaterstaat",
  "Rijkswaterstaat",
  "",
  "Rijkswaterstaat",
  "Rijkswaterstaat"
]

04:24:40.036 [ForkJoinPool-1-worker-13] INFO  com.intuit.karate - [print] [
  "https://www.nationaalgeoregister.nl/geonetwork/srv/dut/catalog.search#/metadata/ror-9d8e-4758-83fx-28b057f185g1",
  "http://rdfdata.eionet.europa.eu/inspirethemes/themes/25",
  "https://ngr.geocat.live/geonetwork/srv/eng/thesaurus.download?ref=external.theme.httpinspireeceuropaeumetadatacodelistPrioritydataset-Prioritydataset",
  "urn:ogc:def:crs:EPSG::5709"
]

04:24:40.042 [ForkJoinPool-1-worker-13] INFO  com.intuit.karate - [print]
04:24:40.042 [ForkJoinPool-1-worker-13] INFO  com.intuit.karate - [print] testing xlinkurl:https://www.nationaalgeoregister.nl/geonetwork/srv/dut/catalog.search#/metadata/ror-9d8e-4758-83fx-28b057f185g1
04:24:40.122 [ForkJoinPool-1-worker-3] INFO  com.intuit.karate - [print] title:Richtlijn Overstromingsrisico - historische overstromingen EU2018
04:24:40.122 [ForkJoinPool-1-worker-3] INFO  com.intuit.karate - [print] Richtlijn Overstromingsrisico - historische overstromingen EU2018
04:24:40.124 [ForkJoinPool-1-worker-3] INFO  com.intuit.karate - [print] [
  "servicedesk-data@rijkswaterstaat.nl",
  "servicedesk-data@rijkswaterstaat.nl",
  "",
  "servicedesk-data@rijkswaterstaat.nl",
  "servicedesk-data@rijkswaterstaat.nl"
]

04:24:40.127 [ForkJoinPool-1-worker-7] ERROR com.intuit.karate - status code was: 500, expected: 200, response time: 309, url: https://ngr.geocat.live/geonetwork/srv/eng/thesaurus.download?ref=external.theme.httpinspireeceuropaeumetadatacodelistPrioritydataset-Prioritydataset, response: 
04:24:40.127 [ForkJoinPool-1-worker-7] ERROR com.intuit.karate - feature call (loop) failed at index: 3
caller: classpath:InspireTest/ngr/datasetrecords/def/checkxlinkurl.template.feature
arg: {"link":"https://ngr.geocat.live/geonetwork/srv/eng/thesaurus.download?ref=external.theme.httpinspireeceuropaeumetadatacodelistPrioritydataset-Prioritydataset"}
checkxlinkurl.template.feature:15 - status code was: 500, expected: 200, response time: 309, url: https://ngr.geocat.live/geonetwork/srv/eng/thesaurus.download?ref=external.theme.httpinspireeceuropaeumetadatacodelistPrioritydataset-Prioritydataset, response: 
04:24:40.127 [ForkJoinPool-1-worker-7] INFO  com.intuit.karate - [print]
04:24:40.128 [ForkJoinPool-1-worker-7] INFO  com.intuit.karate - [print] testing xlinkurl:urn:ogc:def:crs:EPSG::5709
04:24:40.128 [ForkJoinPool-1-worker-7] ERROR com.intuit.karate - org.apache.http.client.ClientProtocolException: URI does not specify a valid host name: urn:ogc:def:crs:EPSG::5709, http call failed after 0 milliseconds for URL: urn:ogc:def:crs:EPSG::5709
04:24:40.128 [ForkJoinPool-1-worker-7] ERROR com.intuit.karate - http request failed: 
org.apache.http.client.ClientProtocolException: URI does not specify a valid host name: urn:ogc:def:crs:EPSG::5709
04:24:40.128 [ForkJoinPool-1-worker-7] ERROR com.intuit.karate - feature call (loop) failed at index: 4
caller: classpath:InspireTest/ngr/datasetrecords/def/checkxlinkurl.template.feature
arg: {"link":"urn:ogc:def:crs:EPSG::5709"}
checkxlinkurl.template.feature:14 - 
org.apache.http.client.ClientProtocolException: URI does not specify a valid host name: urn:ogc:def:crs:EPSG::5709
04:24:40.142 [ForkJoinPool-1-worker-3] INFO  com.intuit.karate - [print] organisation: [
  "Rijkswaterstaat",
  "Rijkswaterstaat",
  "",
  "Rijkswaterstaat",
  "Rijkswaterstaat"
]

04:24:40.144 [ForkJoinPool-1-worker-3] INFO  com.intuit.karate - [print] [
  "https://www.nationaalgeoregister.nl/geonetwork/srv/dut/catalog.search#/metadata/ror-9d8e-4758-83fx-28b057f185f1",
  "http://rdfdata.eionet.europa.eu/inspirethemes/themes/25",
  "https://ngr.geocat.live/geonetwork/srv/eng/thesaurus.download?ref=external.theme.httpinspireeceuropaeumetadatacodelistPrioritydataset-Prioritydataset",
  "urn:ogc:def:crs:EPSG::5709"
]

04:24:40.152 [ForkJoinPool-1-worker-3] INFO  com.intuit.karate - [print]
04:24:40.152 [ForkJoinPool-1-worker-3] INFO  com.intuit.karate - [print] testing xlinkurl:https://www.nationaalgeoregister.nl/geonetwork/srv/dut/catalog.search#/metadata/ror-9d8e-4758-83fx-28b057f185f1
04:24:40.175 [ForkJoinPool-1-worker-5] INFO  com.intuit.karate - [print] title:Richtlijn Stedelijk Afvalwater - rioolwaterzuiveringsinstallaties Nederland EU2015
04:24:40.175 [ForkJoinPool-1-worker-5] INFO  com.intuit.karate - [print] Richtlijn Stedelijk Afvalwater - rioolwaterzuiveringsinstallaties Nederland EU2015
04:24:40.176 [ForkJoinPool-1-worker-5] INFO  com.intuit.karate - [print] [
  "servicedesk-data@rijkswaterstaat.nl",
  "servicedesk-data@rijkswaterstaat.nl",
  "",
  "servicedesk-data@rijkswaterstaat.nl",
  "servicedesk-data@rijkswaterstaat.nl"
]

04:24:40.177 [ForkJoinPool-1-worker-5] INFO  com.intuit.karate - [print] organisation: [
  "Rijkswaterstaat",
  "Rijkswaterstaat",
  "",
  "Rijkswaterstaat",
  "Rijkswaterstaat"
]

04:24:40.180 [ForkJoinPool-1-worker-5] INFO  com.intuit.karate - [print] [
  "https://www.nationaalgeoregister.nl/geonetwork/srv/dut/catalog.search#/metadata/uwwtd-9d8e-4758-83fa-28b057f185e3",
  "http://rdfdata.eionet.europa.eu/inspirethemes/themes/24",
  "https://ngr.geocat.live/geonetwork/srv/eng/thesaurus.download?ref=external.theme.httpinspireeceuropaeumetadatacodelistPrioritydataset-Prioritydataset",
  "urn:ogc:def:crs:EPSG::5709"
]

04:24:40.185 [ForkJoinPool-1-worker-5] INFO  com.intuit.karate - [print]
04:24:40.186 [ForkJoinPool-1-worker-5] INFO  com.intuit.karate - [print] testing xlinkurl:https://www.nationaalgeoregister.nl/geonetwork/srv/dut/catalog.search#/metadata/uwwtd-9d8e-4758-83fa-28b057f185e3
04:24:40.381 [ForkJoinPool-1-worker-11] INFO  com.intuit.karate - [print]
04:24:40.382 [ForkJoinPool-1-worker-11] INFO  com.intuit.karate - [print] testing xlinkurl:http://rdfdata.eionet.europa.eu/inspirethemes/themes/25
04:24:40.384 [ForkJoinPool-1-worker-9] ERROR com.intuit.karate - status code was: 500, expected: 200, response time: 449, url: https://www.nationaalgeoregister.nl/geonetwork/srv/api/records4cda487b-c467-490c-a843-6563fec016be, response: 
04:24:40.384 [ForkJoinPool-1-worker-9] ERROR com.intuit.karate - feature call (loop) failed at index: 1
caller: classpath:InspireTest/ngr/datasetrecords/def/checkxlinkurl.template.feature
arg: {"link":"https://www.nationaalgeoregister.nl/geonetwork/srv/api/records4cda487b-c467-490c-a843-6563fec016be"}
checkxlinkurl.template.feature:15 - status code was: 500, expected: 200, response time: 449, url: https://www.nationaalgeoregister.nl/geonetwork/srv/api/records4cda487b-c467-490c-a843-6563fec016be, response: 
04:24:40.392 [ForkJoinPool-1-worker-13] INFO  com.intuit.karate - [print]
04:24:40.392 [ForkJoinPool-1-worker-13] INFO  com.intuit.karate - [print] testing xlinkurl:http://rdfdata.eionet.europa.eu/inspirethemes/themes/25
04:24:40.465 [ForkJoinPool-1-worker-3] INFO  com.intuit.karate - [print]
04:24:40.466 [ForkJoinPool-1-worker-3] INFO  com.intuit.karate - [print] testing xlinkurl:http://rdfdata.eionet.europa.eu/inspirethemes/themes/25
04:24:40.499 [ForkJoinPool-1-worker-5] INFO  com.intuit.karate - [print]
04:24:40.499 [ForkJoinPool-1-worker-5] INFO  com.intuit.karate - [print] testing xlinkurl:http://rdfdata.eionet.europa.eu/inspirethemes/themes/24
04:24:40.582 [ForkJoinPool-1-worker-11] ERROR com.intuit.karate - status code was: 404, expected: 200, response time: 200, url: http://rdfdata.eionet.europa.eu/inspirethemes/themes/25, response: 
04:24:40.583 [ForkJoinPool-1-worker-11] ERROR com.intuit.karate - feature call (loop) failed at index: 1
caller: classpath:InspireTest/ngr/datasetrecords/def/checkxlinkurl.template.feature
arg: {"link":"http://rdfdata.eionet.europa.eu/inspirethemes/themes/25"}
checkxlinkurl.template.feature:15 - status code was: 404, expected: 200, response time: 200, url: http://rdfdata.eionet.europa.eu/inspirethemes/themes/25, response: 
04:24:40.584 [ForkJoinPool-1-worker-11] INFO  com.intuit.karate - [print]
04:24:40.584 [ForkJoinPool-1-worker-11] INFO  com.intuit.karate - [print] testing xlinkurl:https://ngr.geocat.live/geonetwork/srv/eng/thesaurus.download?ref=external.theme.httpinspireeceuropaeumetadatacodelistPrioritydataset-Prioritydataset
04:24:40.596 [ForkJoinPool-1-worker-13] ERROR com.intuit.karate - status code was: 404, expected: 200, response time: 203, url: http://rdfdata.eionet.europa.eu/inspirethemes/themes/25, response: 
04:24:40.596 [ForkJoinPool-1-worker-13] ERROR com.intuit.karate - feature call (loop) failed at index: 1
caller: classpath:InspireTest/ngr/datasetrecords/def/checkxlinkurl.template.feature
arg: {"link":"http://rdfdata.eionet.europa.eu/inspirethemes/themes/25"}
checkxlinkurl.template.feature:15 - status code was: 404, expected: 200, response time: 203, url: http://rdfdata.eionet.europa.eu/inspirethemes/themes/25, response: 
04:24:40.597 [ForkJoinPool-1-worker-13] INFO  com.intuit.karate - [print]
04:24:40.597 [ForkJoinPool-1-worker-13] INFO  com.intuit.karate - [print] testing xlinkurl:https://ngr.geocat.live/geonetwork/srv/eng/thesaurus.download?ref=external.theme.httpinspireeceuropaeumetadatacodelistPrioritydataset-Prioritydataset
04:24:40.667 [ForkJoinPool-1-worker-3] ERROR com.intuit.karate - status code was: 404, expected: 200, response time: 200, url: http://rdfdata.eionet.europa.eu/inspirethemes/themes/25, response: 
04:24:40.667 [ForkJoinPool-1-worker-3] ERROR com.intuit.karate - feature call (loop) failed at index: 1
caller: classpath:InspireTest/ngr/datasetrecords/def/checkxlinkurl.template.feature
arg: {"link":"http://rdfdata.eionet.europa.eu/inspirethemes/themes/25"}
checkxlinkurl.template.feature:15 - status code was: 404, expected: 200, response time: 200, url: http://rdfdata.eionet.europa.eu/inspirethemes/themes/25, response: 
04:24:40.668 [ForkJoinPool-1-worker-3] INFO  com.intuit.karate - [print]
04:24:40.668 [ForkJoinPool-1-worker-3] INFO  com.intuit.karate - [print] testing xlinkurl:https://ngr.geocat.live/geonetwork/srv/eng/thesaurus.download?ref=external.theme.httpinspireeceuropaeumetadatacodelistPrioritydataset-Prioritydataset
04:24:40.674 [ForkJoinPool-1-worker-7] INFO  com.intuit.karate - [print] title:Richtlijn Stedelijk Afvalwater - lozingspunten Nederland EU2015
04:24:40.674 [ForkJoinPool-1-worker-7] INFO  com.intuit.karate - [print] Richtlijn Stedelijk Afvalwater - lozingspunten Nederland EU2015
04:24:40.675 [ForkJoinPool-1-worker-7] INFO  com.intuit.karate - [print] [
  "servicedesk-data@rijkswaterstaat.nl",
  "servicedesk-data@rijkswaterstaat.nl",
  "",
  "servicedesk-data@rijkswaterstaat.nl",
  "servicedesk-data@rijkswaterstaat.nl"
]

04:24:40.675 [ForkJoinPool-1-worker-7] INFO  com.intuit.karate - [print] organisation: [
  "Rijkswaterstaat",
  "Rijkswaterstaat",
  "",
  "Rijkswaterstaat",
  "Rijkswaterstaat"
]

04:24:40.677 [ForkJoinPool-1-worker-7] INFO  com.intuit.karate - [print] [
  "https://www.nationaalgeoregister.nl/geonetwork/srv/dut/catalog.search#/metadata/uwwtd-9d8e-4758-83fa-28b057f185e2",
  "http://rdfdata.eionet.europa.eu/inspirethemes/themes/24",
  "https://ngr.geocat.live/geonetwork/srv/eng/thesaurus.download?ref=external.theme.httpinspireeceuropaeumetadatacodelistPrioritydataset-Prioritydataset",
  "urn:ogc:def:crs:EPSG::5709"
]

04:24:40.680 [ForkJoinPool-1-worker-7] INFO  com.intuit.karate - [print]
04:24:40.680 [ForkJoinPool-1-worker-7] INFO  com.intuit.karate - [print] testing xlinkurl:https://www.nationaalgeoregister.nl/geonetwork/srv/dut/catalog.search#/metadata/uwwtd-9d8e-4758-83fa-28b057f185e2
04:24:40.700 [ForkJoinPool-1-worker-5] ERROR com.intuit.karate - status code was: 404, expected: 200, response time: 200, url: http://rdfdata.eionet.europa.eu/inspirethemes/themes/24, response: 
04:24:40.700 [ForkJoinPool-1-worker-5] ERROR com.intuit.karate - feature call (loop) failed at index: 1
caller: classpath:InspireTest/ngr/datasetrecords/def/checkxlinkurl.template.feature
arg: {"link":"http://rdfdata.eionet.europa.eu/inspirethemes/themes/24"}
checkxlinkurl.template.feature:15 - status code was: 404, expected: 200, response time: 200, url: http://rdfdata.eionet.europa.eu/inspirethemes/themes/24, response: 
04:24:40.701 [ForkJoinPool-1-worker-5] INFO  com.intuit.karate - [print]
04:24:40.701 [ForkJoinPool-1-worker-5] INFO  com.intuit.karate - [print] testing xlinkurl:https://ngr.geocat.live/geonetwork/srv/eng/thesaurus.download?ref=external.theme.httpinspireeceuropaeumetadatacodelistPrioritydataset-Prioritydataset
04:24:40.912 [ForkJoinPool-1-worker-11] ERROR com.intuit.karate - status code was: 500, expected: 200, response time: 327, url: https://ngr.geocat.live/geonetwork/srv/eng/thesaurus.download?ref=external.theme.httpinspireeceuropaeumetadatacodelistPrioritydataset-Prioritydataset, response: 
04:24:40.912 [ForkJoinPool-1-worker-11] ERROR com.intuit.karate - feature call (loop) failed at index: 2
caller: classpath:InspireTest/ngr/datasetrecords/def/checkxlinkurl.template.feature
arg: {"link":"https://ngr.geocat.live/geonetwork/srv/eng/thesaurus.download?ref=external.theme.httpinspireeceuropaeumetadatacodelistPrioritydataset-Prioritydataset"}
checkxlinkurl.template.feature:15 - status code was: 500, expected: 200, response time: 327, url: https://ngr.geocat.live/geonetwork/srv/eng/thesaurus.download?ref=external.theme.httpinspireeceuropaeumetadatacodelistPrioritydataset-Prioritydataset, response: 
04:24:40.914 [ForkJoinPool-1-worker-13] ERROR com.intuit.karate - status code was: 500, expected: 200, response time: 317, url: https://ngr.geocat.live/geonetwork/srv/eng/thesaurus.download?ref=external.theme.httpinspireeceuropaeumetadatacodelistPrioritydataset-Prioritydataset, response: 
04:24:40.914 [ForkJoinPool-1-worker-13] ERROR com.intuit.karate - feature call (loop) failed at index: 2
caller: classpath:InspireTest/ngr/datasetrecords/def/checkxlinkurl.template.feature
arg: {"link":"https://ngr.geocat.live/geonetwork/srv/eng/thesaurus.download?ref=external.theme.httpinspireeceuropaeumetadatacodelistPrioritydataset-Prioritydataset"}
checkxlinkurl.template.feature:15 - status code was: 500, expected: 200, response time: 317, url: https://ngr.geocat.live/geonetwork/srv/eng/thesaurus.download?ref=external.theme.httpinspireeceuropaeumetadatacodelistPrioritydataset-Prioritydataset, response: 
04:24:40.915 [ForkJoinPool-1-worker-13] INFO  com.intuit.karate - [print]
04:24:40.915 [ForkJoinPool-1-worker-13] INFO  com.intuit.karate - [print] testing xlinkurl:urn:ogc:def:crs:EPSG::5709
04:24:40.915 [ForkJoinPool-1-worker-11] INFO  com.intuit.karate - [print]
04:24:40.915 [ForkJoinPool-1-worker-13] ERROR com.intuit.karate - org.apache.http.client.ClientProtocolException: URI does not specify a valid host name: urn:ogc:def:crs:EPSG::5709, http call failed after 0 milliseconds for URL: urn:ogc:def:crs:EPSG::5709
04:24:40.915 [ForkJoinPool-1-worker-13] ERROR com.intuit.karate - http request failed: 
org.apache.http.client.ClientProtocolException: URI does not specify a valid host name: urn:ogc:def:crs:EPSG::5709
04:24:40.916 [ForkJoinPool-1-worker-11] INFO  com.intuit.karate - [print] testing xlinkurl:urn:ogc:def:crs:EPSG::5709
04:24:40.916 [ForkJoinPool-1-worker-13] ERROR com.intuit.karate - feature call (loop) failed at index: 3
caller: classpath:InspireTest/ngr/datasetrecords/def/checkxlinkurl.template.feature
arg: {"link":"urn:ogc:def:crs:EPSG::5709"}
checkxlinkurl.template.feature:14 - 
org.apache.http.client.ClientProtocolException: URI does not specify a valid host name: urn:ogc:def:crs:EPSG::5709
04:24:40.916 [ForkJoinPool-1-worker-11] ERROR com.intuit.karate - org.apache.http.client.ClientProtocolException: URI does not specify a valid host name: urn:ogc:def:crs:EPSG::5709, http call failed after 0 milliseconds for URL: urn:ogc:def:crs:EPSG::5709
04:24:40.916 [ForkJoinPool-1-worker-11] ERROR com.intuit.karate - http request failed: 
org.apache.http.client.ClientProtocolException: URI does not specify a valid host name: urn:ogc:def:crs:EPSG::5709
04:24:40.916 [ForkJoinPool-1-worker-11] ERROR com.intuit.karate - feature call (loop) failed at index: 3
caller: classpath:InspireTest/ngr/datasetrecords/def/checkxlinkurl.template.feature
arg: {"link":"urn:ogc:def:crs:EPSG::5709"}
checkxlinkurl.template.feature:14 - 
org.apache.http.client.ClientProtocolException: URI does not specify a valid host name: urn:ogc:def:crs:EPSG::5709
04:24:40.945 [ForkJoinPool-1-worker-9] INFO  com.intuit.karate - [print] title:Richtlijn Stedelijk Afvalwater - agglomeraties Nederland EU2015
04:24:40.946 [ForkJoinPool-1-worker-9] INFO  com.intuit.karate - [print] Richtlijn Stedelijk Afvalwater - agglomeraties Nederland EU2015
04:24:40.947 [ForkJoinPool-1-worker-9] INFO  com.intuit.karate - [print] [
  "servicedesk-data@rijkswaterstaat.nl",
  "servicedesk-data@rijkswaterstaat.nl",
  "",
  "servicedesk-data@rijkswaterstaat.nl",
  "servicedesk-data@rijkswaterstaat.nl"
]

04:24:40.953 [ForkJoinPool-1-worker-9] INFO  com.intuit.karate - [print] organisation: [
  "Rijkswaterstaat",
  "Rijkswaterstaat",
  "",
  "Rijkswaterstaat",
  "Rijkswaterstaat"
]

04:24:40.954 [ForkJoinPool-1-worker-9] INFO  com.intuit.karate - [print] [
  "https://www.nationaalgeoregister.nl/geonetwork/srv/dut/catalog.search#/metadata/uwwtd-9d8e-4758-83fa-28b057f185e1",
  "http://rdfdata.eionet.europa.eu/inspirethemes/themes/24",
  "https://ngr.geocat.live/geonetwork/srv/eng/thesaurus.download?ref=external.theme.httpinspireeceuropaeumetadatacodelistPrioritydataset-Prioritydataset",
  "urn:ogc:def:crs:EPSG::5709"
]

04:24:40.960 [ForkJoinPool-1-worker-9] INFO  com.intuit.karate - [print]
04:24:40.960 [ForkJoinPool-1-worker-9] INFO  com.intuit.karate - [print] testing xlinkurl:https://www.nationaalgeoregister.nl/geonetwork/srv/dut/catalog.search#/metadata/uwwtd-9d8e-4758-83fa-28b057f185e1
04:24:40.980 [ForkJoinPool-1-worker-3] ERROR com.intuit.karate - status code was: 500, expected: 200, response time: 310, url: https://ngr.geocat.live/geonetwork/srv/eng/thesaurus.download?ref=external.theme.httpinspireeceuropaeumetadatacodelistPrioritydataset-Prioritydataset, response: 
04:24:40.980 [ForkJoinPool-1-worker-3] ERROR com.intuit.karate - feature call (loop) failed at index: 2
caller: classpath:InspireTest/ngr/datasetrecords/def/checkxlinkurl.template.feature
arg: {"link":"https://ngr.geocat.live/geonetwork/srv/eng/thesaurus.download?ref=external.theme.httpinspireeceuropaeumetadatacodelistPrioritydataset-Prioritydataset"}
checkxlinkurl.template.feature:15 - status code was: 500, expected: 200, response time: 310, url: https://ngr.geocat.live/geonetwork/srv/eng/thesaurus.download?ref=external.theme.httpinspireeceuropaeumetadatacodelistPrioritydataset-Prioritydataset, response: 
04:24:40.980 [ForkJoinPool-1-worker-3] INFO  com.intuit.karate - [print]
04:24:40.981 [ForkJoinPool-1-worker-3] INFO  com.intuit.karate - [print] testing xlinkurl:urn:ogc:def:crs:EPSG::5709
04:24:40.981 [ForkJoinPool-1-worker-3] ERROR com.intuit.karate - org.apache.http.client.ClientProtocolException: URI does not specify a valid host name: urn:ogc:def:crs:EPSG::5709, http call failed after 0 milliseconds for URL: urn:ogc:def:crs:EPSG::5709
04:24:40.981 [ForkJoinPool-1-worker-3] ERROR com.intuit.karate - http request failed: 
org.apache.http.client.ClientProtocolException: URI does not specify a valid host name: urn:ogc:def:crs:EPSG::5709
04:24:40.981 [ForkJoinPool-1-worker-3] ERROR com.intuit.karate - feature call (loop) failed at index: 3
caller: classpath:InspireTest/ngr/datasetrecords/def/checkxlinkurl.template.feature
arg: {"link":"urn:ogc:def:crs:EPSG::5709"}
checkxlinkurl.template.feature:14 - 
org.apache.http.client.ClientProtocolException: URI does not specify a valid host name: urn:ogc:def:crs:EPSG::5709
04:24:40.997 [ForkJoinPool-1-worker-7] INFO  com.intuit.karate - [print]
04:24:40.997 [ForkJoinPool-1-worker-7] INFO  com.intuit.karate - [print] testing xlinkurl:http://rdfdata.eionet.europa.eu/inspirethemes/themes/24
04:24:41.012 [ForkJoinPool-1-worker-5] ERROR com.intuit.karate - status code was: 500, expected: 200, response time: 311, url: https://ngr.geocat.live/geonetwork/srv/eng/thesaurus.download?ref=external.theme.httpinspireeceuropaeumetadatacodelistPrioritydataset-Prioritydataset, response: 
04:24:41.012 [ForkJoinPool-1-worker-5] ERROR com.intuit.karate - feature call (loop) failed at index: 2
caller: classpath:InspireTest/ngr/datasetrecords/def/checkxlinkurl.template.feature
arg: {"link":"https://ngr.geocat.live/geonetwork/srv/eng/thesaurus.download?ref=external.theme.httpinspireeceuropaeumetadatacodelistPrioritydataset-Prioritydataset"}
checkxlinkurl.template.feature:15 - status code was: 500, expected: 200, response time: 311, url: https://ngr.geocat.live/geonetwork/srv/eng/thesaurus.download?ref=external.theme.httpinspireeceuropaeumetadatacodelistPrioritydataset-Prioritydataset, response: 
04:24:41.013 [ForkJoinPool-1-worker-5] INFO  com.intuit.karate - [print]
04:24:41.013 [ForkJoinPool-1-worker-5] INFO  com.intuit.karate - [print] testing xlinkurl:urn:ogc:def:crs:EPSG::5709
04:24:41.014 [ForkJoinPool-1-worker-5] ERROR com.intuit.karate - org.apache.http.client.ClientProtocolException: URI does not specify a valid host name: urn:ogc:def:crs:EPSG::5709, http call failed after 0 milliseconds for URL: urn:ogc:def:crs:EPSG::5709
04:24:41.014 [ForkJoinPool-1-worker-5] ERROR com.intuit.karate - http request failed: 
org.apache.http.client.ClientProtocolException: URI does not specify a valid host name: urn:ogc:def:crs:EPSG::5709
04:24:41.014 [ForkJoinPool-1-worker-5] ERROR com.intuit.karate - feature call (loop) failed at index: 3
caller: classpath:InspireTest/ngr/datasetrecords/def/checkxlinkurl.template.feature
arg: {"link":"urn:ogc:def:crs:EPSG::5709"}
checkxlinkurl.template.feature:14 - 
org.apache.http.client.ClientProtocolException: URI does not specify a valid host name: urn:ogc:def:crs:EPSG::5709
04:24:41.199 [ForkJoinPool-1-worker-7] ERROR com.intuit.karate - status code was: 404, expected: 200, response time: 201, url: http://rdfdata.eionet.europa.eu/inspirethemes/themes/24, response: 
04:24:41.199 [ForkJoinPool-1-worker-7] ERROR com.intuit.karate - feature call (loop) failed at index: 1
caller: classpath:InspireTest/ngr/datasetrecords/def/checkxlinkurl.template.feature
arg: {"link":"http://rdfdata.eionet.europa.eu/inspirethemes/themes/24"}
checkxlinkurl.template.feature:15 - status code was: 404, expected: 200, response time: 201, url: http://rdfdata.eionet.europa.eu/inspirethemes/themes/24, response: 
04:24:41.200 [ForkJoinPool-1-worker-7] INFO  com.intuit.karate - [print]
04:24:41.200 [ForkJoinPool-1-worker-7] INFO  com.intuit.karate - [print] testing xlinkurl:https://ngr.geocat.live/geonetwork/srv/eng/thesaurus.download?ref=external.theme.httpinspireeceuropaeumetadatacodelistPrioritydataset-Prioritydataset
04:24:41.288 [ForkJoinPool-1-worker-9] INFO  com.intuit.karate - [print]
04:24:41.288 [ForkJoinPool-1-worker-9] INFO  com.intuit.karate - [print] testing xlinkurl:http://rdfdata.eionet.europa.eu/inspirethemes/themes/24
04:24:41.470 [ForkJoinPool-1-worker-11] INFO  com.intuit.karate - [print] title:EEZ volgens UNCLOS - Noordzee
04:24:41.471 [ForkJoinPool-1-worker-11] INFO  com.intuit.karate - [print] EEZ volgens UNCLOS - Noordzee
04:24:41.473 [ForkJoinPool-1-worker-11] INFO  com.intuit.karate - [print] [
  "data@hydro.nl",
  "data@hydro.nl",
  "data@hydro.nl",
  "",
  ""
]

04:24:41.481 [ForkJoinPool-1-worker-11] INFO  com.intuit.karate - [print] organisation: [
  "Ministerie van Defensie, Koninklijke Marine, Dienst der Hydrografie",
  "Ministerie van Defensie, Koninklijke Marine, Dienst der Hydrografie",
  "Ministerie van Defensie, Koninklijke Marine, Dienst der Hydrografie"
]

04:24:41.484 [ForkJoinPool-1-worker-11] INFO  com.intuit.karate - [print] [
  "http://www.opengis.net/def/crs/EPSG/0/https://www.opengis.net/def/crs/EPSG/0/4258",
  "https://www.nationaalgeoregister.nl/geonetwork/srv/api/recordse8b84fae-00b3-49c1-80c1-df8f69f64e8c"
]

04:24:41.493 [ForkJoinPool-1-worker-11] INFO  com.intuit.karate - [print]
04:24:41.493 [ForkJoinPool-1-worker-11] INFO  com.intuit.karate - [print] testing xlinkurl:http://www.opengis.net/def/crs/EPSG/0/https://www.opengis.net/def/crs/EPSG/0/4258
04:24:41.502 [ForkJoinPool-1-worker-9] ERROR com.intuit.karate - status code was: 404, expected: 200, response time: 209, url: http://rdfdata.eionet.europa.eu/inspirethemes/themes/24, response: 
04:24:41.502 [ForkJoinPool-1-worker-9] ERROR com.intuit.karate - feature call (loop) failed at index: 1
caller: classpath:InspireTest/ngr/datasetrecords/def/checkxlinkurl.template.feature
arg: {"link":"http://rdfdata.eionet.europa.eu/inspirethemes/themes/24"}
checkxlinkurl.template.feature:15 - status code was: 404, expected: 200, response time: 209, url: http://rdfdata.eionet.europa.eu/inspirethemes/themes/24, response: 
04:24:41.503 [ForkJoinPool-1-worker-9] INFO  com.intuit.karate - [print]
04:24:41.503 [ForkJoinPool-1-worker-9] INFO  com.intuit.karate - [print] testing xlinkurl:https://ngr.geocat.live/geonetwork/srv/eng/thesaurus.download?ref=external.theme.httpinspireeceuropaeumetadatacodelistPrioritydataset-Prioritydataset
04:24:41.519 [ForkJoinPool-1-worker-7] ERROR com.intuit.karate - status code was: 500, expected: 200, response time: 319, url: https://ngr.geocat.live/geonetwork/srv/eng/thesaurus.download?ref=external.theme.httpinspireeceuropaeumetadatacodelistPrioritydataset-Prioritydataset, response: 
04:24:41.520 [ForkJoinPool-1-worker-7] ERROR com.intuit.karate - feature call (loop) failed at index: 2
caller: classpath:InspireTest/ngr/datasetrecords/def/checkxlinkurl.template.feature
arg: {"link":"https://ngr.geocat.live/geonetwork/srv/eng/thesaurus.download?ref=external.theme.httpinspireeceuropaeumetadatacodelistPrioritydataset-Prioritydataset"}
checkxlinkurl.template.feature:15 - status code was: 500, expected: 200, response time: 319, url: https://ngr.geocat.live/geonetwork/srv/eng/thesaurus.download?ref=external.theme.httpinspireeceuropaeumetadatacodelistPrioritydataset-Prioritydataset, response: 
04:24:41.520 [ForkJoinPool-1-worker-7] INFO  com.intuit.karate - [print]
04:24:41.520 [ForkJoinPool-1-worker-7] INFO  com.intuit.karate - [print] testing xlinkurl:urn:ogc:def:crs:EPSG::5709
04:24:41.521 [ForkJoinPool-1-worker-7] ERROR com.intuit.karate - org.apache.http.client.ClientProtocolException: URI does not specify a valid host name: urn:ogc:def:crs:EPSG::5709, http call failed after 0 milliseconds for URL: urn:ogc:def:crs:EPSG::5709
04:24:41.521 [ForkJoinPool-1-worker-7] ERROR com.intuit.karate - http request failed: 
org.apache.http.client.ClientProtocolException: URI does not specify a valid host name: urn:ogc:def:crs:EPSG::5709
04:24:41.524 [ForkJoinPool-1-worker-7] ERROR com.intuit.karate - feature call (loop) failed at index: 3
caller: classpath:InspireTest/ngr/datasetrecords/def/checkxlinkurl.template.feature
arg: {"link":"urn:ogc:def:crs:EPSG::5709"}
checkxlinkurl.template.feature:14 - 
org.apache.http.client.ClientProtocolException: URI does not specify a valid host name: urn:ogc:def:crs:EPSG::5709
04:24:41.563 [ForkJoinPool-1-worker-13] INFO  com.intuit.karate - [print] title:Gebouwen
04:24:41.563 [ForkJoinPool-1-worker-13] INFO  com.intuit.karate - [print] Gebouwen
04:24:41.564 [ForkJoinPool-1-worker-13] INFO  com.intuit.karate - [print] [
  "PPB-GVA@kadaster.nl",
  "kcc@kadaster.nl",
  "kcc@kadaster.nl"
]

04:24:41.565 [ForkJoinPool-1-worker-13] INFO  com.intuit.karate - [print] organisation: [
  "Kadaster",
  "Kadaster",
  "Kadaster"
]

04:24:41.572 [ForkJoinPool-1-worker-13] INFO  com.intuit.karate - [print] [
  "http://kadaster/79a1c01b-21ad-43e8-a5c2-23e3eeb95be2",
  ""
]

04:24:41.575 [ForkJoinPool-1-worker-13] INFO  com.intuit.karate - [print]
04:24:41.575 [ForkJoinPool-1-worker-13] INFO  com.intuit.karate - [print] testing xlinkurl:http://kadaster/79a1c01b-21ad-43e8-a5c2-23e3eeb95be2
04:24:41.576 [ForkJoinPool-1-worker-13] ERROR com.intuit.karate - java.net.UnknownHostException: kadaster, http call failed after 0 milliseconds for URL: http://kadaster/79a1c01b-21ad-43e8-a5c2-23e3eeb95be2
04:24:41.576 [ForkJoinPool-1-worker-13] ERROR com.intuit.karate - http request failed: 
java.net.UnknownHostException: kadaster
04:24:41.576 [ForkJoinPool-1-worker-13] ERROR com.intuit.karate - feature call (loop) failed at index: 0
caller: classpath:InspireTest/ngr/datasetrecords/def/checkxlinkurl.template.feature
arg: {"link":"http://kadaster/79a1c01b-21ad-43e8-a5c2-23e3eeb95be2"}
checkxlinkurl.template.feature:14 - 
java.net.UnknownHostException: kadaster
04:24:41.577 [ForkJoinPool-1-worker-13] INFO  com.intuit.karate - [print]
04:24:41.577 [ForkJoinPool-1-worker-13] INFO  com.intuit.karate - [print] testing xlinkurl:
04:24:41.577 [ForkJoinPool-1-worker-13] ERROR com.intuit.karate - org.apache.http.client.ClientProtocolException, http call failed after 0 milliseconds for URL: 
04:24:41.577 [ForkJoinPool-1-worker-13] ERROR com.intuit.karate - http request failed: 
org.apache.http.client.ClientProtocolException
04:24:41.577 [ForkJoinPool-1-worker-13] ERROR com.intuit.karate - feature call (loop) failed at index: 1
caller: classpath:InspireTest/ngr/datasetrecords/def/checkxlinkurl.template.feature
arg: {"link":""}
checkxlinkurl.template.feature:14 - 
org.apache.http.client.ClientProtocolException
04:24:41.651 [ForkJoinPool-1-worker-3] INFO  com.intuit.karate - [print] title:Gebiedsbeheer, gebieden waar beperkingen gelden, gereguleerde gebieden en rapportage-eenheden - Provincies (INSPIRE geharmoniseerd)
04:24:41.651 [ForkJoinPool-1-worker-3] INFO  com.intuit.karate - [print] Gebiedsbeheer, gebieden waar beperkingen gelden, gereguleerde gebieden en rapportage-eenheden - Provincies (INSPIRE geharmoniseerd)
04:24:41.652 [ForkJoinPool-1-worker-3] INFO  com.intuit.karate - [print] [
  "inspire@gbo-provincies.nl",
  "inspire@gbo-provincies.nl",
  "inspire@gbo-provincies.nl"
]

04:24:41.653 [ForkJoinPool-1-worker-3] INFO  com.intuit.karate - [print] organisation: [
  "Interprovinciaal Overleg",
  "Interprovinciaal Overleg",
  "Interprovinciaal Overleg"
]

04:24:41.655 [ForkJoinPool-1-worker-3] INFO  com.intuit.karate - [print] [
  "http://www.opengis.net/def/crs/EPSG/0/http://www.opengis.net/def/crs/EPSG/0/3034",
  "http://nationaalgeoregister.nl/geonetwork/srv/dut/csw?SERVICE=CSW&version=2.0.2&REQUEST=GetRecordById&elementSetName=full&OutputSchema=http://www.isotc211.org/2005/gmd&ID=0f128799-cf18-4b37-a721-e62b068191f5",
  "https://creativecommons.org/publicdomain/mark/*/deed.nl",
  ""
]

04:24:41.659 [ForkJoinPool-1-worker-3] INFO  com.intuit.karate - [print]
04:24:41.659 [ForkJoinPool-1-worker-3] INFO  com.intuit.karate - [print] testing xlinkurl:http://www.opengis.net/def/crs/EPSG/0/http://www.opengis.net/def/crs/EPSG/0/3034
04:24:41.695 [ForkJoinPool-1-worker-5] INFO  com.intuit.karate - [print] title:Habitatrichtlijn verspreidingsgebied van soorten
04:24:41.695 [ForkJoinPool-1-worker-5] INFO  com.intuit.karate - [print] Habitatrichtlijn verspreidingsgebied van soorten
04:24:41.696 [ForkJoinPool-1-worker-5] INFO  com.intuit.karate - [print] [
  "geodatabeheer.giscc@rvo.nl",
  "GeoDesk.CGI@wur.nl",
  "geodatabeheer.giscc@rvo.nl",
  "beheerPDOK@kadaster.nl",
  "",
  "",
  ""
]

04:24:41.698 [ForkJoinPool-1-worker-5] INFO  com.intuit.karate - [print] organisation: [
  "Ministerie van Economische Zaken - GIS Competence Center",
  "Wageningen Environmental Research (Alterra)",
  "PDOK",
  "CBS",
  "Natuurloket",
  "pgo's"
]

04:24:41.699 [ForkJoinPool-1-worker-5] INFO  com.intuit.karate - [print] [
  "https://www.nationaalgeoregister.nl/geonetwork/srv/dut/catalog.search#/metadata/f273941e-9c3b-43bc-b886-2d50d0bf9348",
  "http://standaarden.overheid.nl/owms/terms/Ministerie_van_Landbouw,_Natuur_en_Voedselkwaliteit"
]

04:24:41.705 [ForkJoinPool-1-worker-5] INFO  com.intuit.karate - [print]
04:24:41.706 [ForkJoinPool-1-worker-5] INFO  com.intuit.karate - [print] testing xlinkurl:https://www.nationaalgeoregister.nl/geonetwork/srv/dut/catalog.search#/metadata/f273941e-9c3b-43bc-b886-2d50d0bf9348
04:24:41.812 [ForkJoinPool-1-worker-9] ERROR com.intuit.karate - status code was: 500, expected: 200, response time: 309, url: https://ngr.geocat.live/geonetwork/srv/eng/thesaurus.download?ref=external.theme.httpinspireeceuropaeumetadatacodelistPrioritydataset-Prioritydataset, response: 
04:24:41.812 [ForkJoinPool-1-worker-9] ERROR com.intuit.karate - feature call (loop) failed at index: 2
caller: classpath:InspireTest/ngr/datasetrecords/def/checkxlinkurl.template.feature
arg: {"link":"https://ngr.geocat.live/geonetwork/srv/eng/thesaurus.download?ref=external.theme.httpinspireeceuropaeumetadatacodelistPrioritydataset-Prioritydataset"}
checkxlinkurl.template.feature:15 - status code was: 500, expected: 200, response time: 309, url: https://ngr.geocat.live/geonetwork/srv/eng/thesaurus.download?ref=external.theme.httpinspireeceuropaeumetadatacodelistPrioritydataset-Prioritydataset, response: 
04:24:41.813 [ForkJoinPool-1-worker-9] INFO  com.intuit.karate - [print]
04:24:41.814 [ForkJoinPool-1-worker-9] INFO  com.intuit.karate - [print] testing xlinkurl:urn:ogc:def:crs:EPSG::5709
04:24:41.814 [ForkJoinPool-1-worker-9] ERROR com.intuit.karate - org.apache.http.client.ClientProtocolException: URI does not specify a valid host name: urn:ogc:def:crs:EPSG::5709, http call failed after 0 milliseconds for URL: urn:ogc:def:crs:EPSG::5709
04:24:41.814 [ForkJoinPool-1-worker-9] ERROR com.intuit.karate - http request failed: 
org.apache.http.client.ClientProtocolException: URI does not specify a valid host name: urn:ogc:def:crs:EPSG::5709
04:24:41.814 [ForkJoinPool-1-worker-9] ERROR com.intuit.karate - feature call (loop) failed at index: 3
caller: classpath:InspireTest/ngr/datasetrecords/def/checkxlinkurl.template.feature
arg: {"link":"urn:ogc:def:crs:EPSG::5709"}
checkxlinkurl.template.feature:14 - 
org.apache.http.client.ClientProtocolException: URI does not specify a valid host name: urn:ogc:def:crs:EPSG::5709
04:24:41.843 [ForkJoinPool-1-worker-11] INFO  com.intuit.karate - [print]
04:24:41.843 [ForkJoinPool-1-worker-11] INFO  com.intuit.karate - [print] testing xlinkurl:https://www.nationaalgeoregister.nl/geonetwork/srv/api/recordse8b84fae-00b3-49c1-80c1-df8f69f64e8c
04:24:41.957 [ForkJoinPool-1-worker-3] INFO  com.intuit.karate - [print]
04:24:41.958 [ForkJoinPool-1-worker-3] INFO  com.intuit.karate - [print] testing xlinkurl:http://nationaalgeoregister.nl/geonetwork/srv/dut/csw?SERVICE=CSW&version=2.0.2&REQUEST=GetRecordById&elementSetName=full&OutputSchema=http://www.isotc211.org/2005/gmd&ID=0f128799-cf18-4b37-a721-e62b068191f5
04:24:42.021 [ForkJoinPool-1-worker-5] INFO  com.intuit.karate - [print]
04:24:42.021 [ForkJoinPool-1-worker-5] INFO  com.intuit.karate - [print] testing xlinkurl:http://standaarden.overheid.nl/owms/terms/Ministerie_van_Landbouw,_Natuur_en_Voedselkwaliteit
04:24:42.053 [ForkJoinPool-1-worker-7] INFO  com.intuit.karate - [print] title:Actueel Hoogtebestand Nederland 1 (AHN1)
04:24:42.053 [ForkJoinPool-1-worker-7] INFO  com.intuit.karate - [print] Actueel Hoogtebestand Nederland 1 (AHN1)
04:24:42.054 [ForkJoinPool-1-worker-7] INFO  com.intuit.karate - [print] [
  "servicedesk-data@rijkswaterstaat.nl",
  "servicedesk-data@rijkswaterstaat.nl",
  "",
  "servicedesk-data@rijkswaterstaat.nl",
  "servicedesk-data@rijkswaterstaat.nl"
]

04:24:42.055 [ForkJoinPool-1-worker-7] INFO  com.intuit.karate - [print] organisation: [
  "Rijkswaterstaat",
  "stuurgroep AHN",
  "",
  "Rijkswaterstaat",
  "Rijkswaterstaat"
]

04:24:42.057 [ForkJoinPool-1-worker-7] INFO  com.intuit.karate - [print] [
  "https://www.nationaalgeoregister.nl/geonetwork/srv/dut/catalog.search#/metadata/5a1adb58-0bbe-425d-b0fe-577a6c0a4228",
  "http://rdfdata.eionet.europa.eu/inspirethemes/themes/10",
  "urn:ogc:def:crs:EPSG::5709"
]

04:24:42.062 [ForkJoinPool-1-worker-7] INFO  com.intuit.karate - [print]
04:24:42.062 [ForkJoinPool-1-worker-7] INFO  com.intuit.karate - [print] testing xlinkurl:https://www.nationaalgeoregister.nl/geonetwork/srv/dut/catalog.search#/metadata/5a1adb58-0bbe-425d-b0fe-577a6c0a4228
04:24:42.100 [ForkJoinPool-1-worker-13] INFO  com.intuit.karate - [print] title:Luchtfoto 2019 25cm CIR open data
04:24:42.100 [ForkJoinPool-1-worker-13] INFO  com.intuit.karate - [print] Luchtfoto 2019 25cm CIR open data
04:24:42.101 [ForkJoinPool-1-worker-13] INFO  com.intuit.karate - [print] [
  "PPB-GVA@kadaster.nl",
  "info@hetwaterschapshuis.nl",
  "kcc@kadaster.nl",
  "",
  "",
  "",
  "",
  "",
  ""
]

04:24:42.102 [ForkJoinPool-1-worker-13] INFO  com.intuit.karate - [print] organisation: [
  "Kadaster",
  "Het Waterschapshuis",
  "Kadaster",
  "Geocart",
  "Geocart",
  "Geocart",
  "Kadaster",
  "Kadaster"
]

04:24:42.103 [ForkJoinPool-1-worker-13] INFO  com.intuit.karate - [print] [
  "http://kadaster/2482250f-3b00-4439-9f93-f3118229b024",
  "",
  "",
  ""
]

04:24:42.107 [ForkJoinPool-1-worker-13] INFO  com.intuit.karate - [print]
04:24:42.107 [ForkJoinPool-1-worker-13] INFO  com.intuit.karate - [print] testing xlinkurl:http://kadaster/2482250f-3b00-4439-9f93-f3118229b024
04:24:42.107 [ForkJoinPool-1-worker-13] ERROR com.intuit.karate - java.net.UnknownHostException: kadaster, http call failed after 0 milliseconds for URL: http://kadaster/2482250f-3b00-4439-9f93-f3118229b024
04:24:42.107 [ForkJoinPool-1-worker-13] ERROR com.intuit.karate - http request failed: 
java.net.UnknownHostException: kadaster
04:24:42.107 [ForkJoinPool-1-worker-13] ERROR com.intuit.karate - feature call (loop) failed at index: 0
caller: classpath:InspireTest/ngr/datasetrecords/def/checkxlinkurl.template.feature
arg: {"link":"http://kadaster/2482250f-3b00-4439-9f93-f3118229b024"}
checkxlinkurl.template.feature:14 - 
java.net.UnknownHostException: kadaster
04:24:42.108 [ForkJoinPool-1-worker-13] INFO  com.intuit.karate - [print]
04:24:42.108 [ForkJoinPool-1-worker-13] INFO  com.intuit.karate - [print] testing xlinkurl:
04:24:42.108 [ForkJoinPool-1-worker-13] ERROR com.intuit.karate - org.apache.http.client.ClientProtocolException, http call failed after 0 milliseconds for URL: 
04:24:42.108 [ForkJoinPool-1-worker-13] ERROR com.intuit.karate - http request failed: 
org.apache.http.client.ClientProtocolException
04:24:42.109 [ForkJoinPool-1-worker-13] ERROR com.intuit.karate - feature call (loop) failed at index: 1
caller: classpath:InspireTest/ngr/datasetrecords/def/checkxlinkurl.template.feature
arg: {"link":""}
checkxlinkurl.template.feature:14 - 
org.apache.http.client.ClientProtocolException
04:24:42.109 [ForkJoinPool-1-worker-13] INFO  com.intuit.karate - [print]
04:24:42.109 [ForkJoinPool-1-worker-13] INFO  com.intuit.karate - [print] testing xlinkurl:
04:24:42.109 [ForkJoinPool-1-worker-13] ERROR com.intuit.karate - org.apache.http.client.ClientProtocolException, http call failed after 0 milliseconds for URL: 
04:24:42.110 [ForkJoinPool-1-worker-13] ERROR com.intuit.karate - http request failed: 
org.apache.http.client.ClientProtocolException
04:24:42.110 [ForkJoinPool-1-worker-13] ERROR com.intuit.karate - feature call (loop) failed at index: 2
caller: classpath:InspireTest/ngr/datasetrecords/def/checkxlinkurl.template.feature
arg: {"link":""}
checkxlinkurl.template.feature:14 - 
org.apache.http.client.ClientProtocolException
04:24:42.110 [ForkJoinPool-1-worker-13] INFO  com.intuit.karate - [print]
04:24:42.110 [ForkJoinPool-1-worker-13] INFO  com.intuit.karate - [print] testing xlinkurl:
04:24:42.110 [ForkJoinPool-1-worker-13] ERROR com.intuit.karate - org.apache.http.client.ClientProtocolException, http call failed after 0 milliseconds for URL: 
04:24:42.111 [ForkJoinPool-1-worker-13] ERROR com.intuit.karate - http request failed: 
org.apache.http.client.ClientProtocolException
04:24:42.111 [ForkJoinPool-1-worker-13] ERROR com.intuit.karate - feature call (loop) failed at index: 3
caller: classpath:InspireTest/ngr/datasetrecords/def/checkxlinkurl.template.feature
arg: {"link":""}
checkxlinkurl.template.feature:14 - 
org.apache.http.client.ClientProtocolException
04:24:42.154 [ForkJoinPool-1-worker-11] ERROR com.intuit.karate - status code was: 500, expected: 200, response time: 310, url: https://www.nationaalgeoregister.nl/geonetwork/srv/api/recordse8b84fae-00b3-49c1-80c1-df8f69f64e8c, response: 
04:24:42.154 [ForkJoinPool-1-worker-11] ERROR com.intuit.karate - feature call (loop) failed at index: 1
caller: classpath:InspireTest/ngr/datasetrecords/def/checkxlinkurl.template.feature
arg: {"link":"https://www.nationaalgeoregister.nl/geonetwork/srv/api/recordse8b84fae-00b3-49c1-80c1-df8f69f64e8c"}
checkxlinkurl.template.feature:15 - status code was: 500, expected: 200, response time: 310, url: https://www.nationaalgeoregister.nl/geonetwork/srv/api/recordse8b84fae-00b3-49c1-80c1-df8f69f64e8c, response: 
04:24:42.326 [ForkJoinPool-1-worker-9] INFO  com.intuit.karate - [print] title:Publiekrechtelijke beperkingen
04:24:42.326 [ForkJoinPool-1-worker-9] INFO  com.intuit.karate - [print] Publiekrechtelijke beperkingen
04:24:42.326 [ForkJoinPool-1-worker-9] INFO  com.intuit.karate - [print] [
  "PPB-GVA@kadaster.nl",
  "kcc@kadaster.nl"
]

04:24:42.327 [ForkJoinPool-1-worker-9] INFO  com.intuit.karate - [print] organisation: [
  "Kadaster",
  "Kadaster"
]

04:24:42.328 [ForkJoinPool-1-worker-9] INFO  com.intuit.karate - [print] [
  "http://kadaster/e2318c58-b1e6-4621-9c77-33b8a1fd0124"
]

04:24:42.334 [ForkJoinPool-1-worker-9] INFO  com.intuit.karate - [print]
04:24:42.335 [ForkJoinPool-1-worker-9] INFO  com.intuit.karate - [print] testing xlinkurl:http://kadaster/e2318c58-b1e6-4621-9c77-33b8a1fd0124
04:24:42.335 [ForkJoinPool-1-worker-9] ERROR com.intuit.karate - java.net.UnknownHostException: kadaster, http call failed after 0 milliseconds for URL: http://kadaster/e2318c58-b1e6-4621-9c77-33b8a1fd0124
04:24:42.335 [ForkJoinPool-1-worker-9] ERROR com.intuit.karate - http request failed: 
java.net.UnknownHostException: kadaster
04:24:42.336 [ForkJoinPool-1-worker-9] ERROR com.intuit.karate - feature call (loop) failed at index: 0
caller: classpath:InspireTest/ngr/datasetrecords/def/checkxlinkurl.template.feature
arg: {"link":"http://kadaster/e2318c58-b1e6-4621-9c77-33b8a1fd0124"}
checkxlinkurl.template.feature:14 - 
java.net.UnknownHostException: kadaster
04:24:42.372 [ForkJoinPool-1-worker-7] INFO  com.intuit.karate - [print]
04:24:42.373 [ForkJoinPool-1-worker-7] INFO  com.intuit.karate - [print] testing xlinkurl:http://rdfdata.eionet.europa.eu/inspirethemes/themes/10
04:24:42.405 [ForkJoinPool-1-worker-3] INFO  com.intuit.karate - [print]
04:24:42.405 [ForkJoinPool-1-worker-3] INFO  com.intuit.karate - [print] testing xlinkurl:https://creativecommons.org/publicdomain/mark/*/deed.nl
04:24:42.436 [ForkJoinPool-1-worker-3] ERROR com.intuit.karate - status code was: 404, expected: 200, response time: 30, url: https://creativecommons.org/publicdomain/mark/*/deed.nl, response: 
04:24:42.437 [ForkJoinPool-1-worker-3] ERROR com.intuit.karate - feature call (loop) failed at index: 2
caller: classpath:InspireTest/ngr/datasetrecords/def/checkxlinkurl.template.feature
arg: {"link":"https://creativecommons.org/publicdomain/mark/*/deed.nl"}
checkxlinkurl.template.feature:15 - status code was: 404, expected: 200, response time: 30, url: https://creativecommons.org/publicdomain/mark/*/deed.nl, response: 
04:24:42.438 [ForkJoinPool-1-worker-3] INFO  com.intuit.karate - [print]
04:24:42.439 [ForkJoinPool-1-worker-3] INFO  com.intuit.karate - [print] testing xlinkurl:
04:24:42.439 [ForkJoinPool-1-worker-3] ERROR com.intuit.karate - org.apache.http.client.ClientProtocolException, http call failed after 0 milliseconds for URL: 
04:24:42.440 [ForkJoinPool-1-worker-3] ERROR com.intuit.karate - http request failed: 
org.apache.http.client.ClientProtocolException
04:24:42.440 [ForkJoinPool-1-worker-3] ERROR com.intuit.karate - feature call (loop) failed at index: 3
caller: classpath:InspireTest/ngr/datasetrecords/def/checkxlinkurl.template.feature
arg: {"link":""}
checkxlinkurl.template.feature:14 - 
org.apache.http.client.ClientProtocolException
04:24:42.573 [ForkJoinPool-1-worker-7] ERROR com.intuit.karate - status code was: 404, expected: 200, response time: 200, url: http://rdfdata.eionet.europa.eu/inspirethemes/themes/10, response: 
04:24:42.573 [ForkJoinPool-1-worker-7] ERROR com.intuit.karate - feature call (loop) failed at index: 1
caller: classpath:InspireTest/ngr/datasetrecords/def/checkxlinkurl.template.feature
arg: {"link":"http://rdfdata.eionet.europa.eu/inspirethemes/themes/10"}
checkxlinkurl.template.feature:15 - status code was: 404, expected: 200, response time: 200, url: http://rdfdata.eionet.europa.eu/inspirethemes/themes/10, response: 
04:24:42.574 [ForkJoinPool-1-worker-7] INFO  com.intuit.karate - [print]
04:24:42.574 [ForkJoinPool-1-worker-7] INFO  com.intuit.karate - [print] testing xlinkurl:urn:ogc:def:crs:EPSG::5709
04:24:42.575 [ForkJoinPool-1-worker-7] ERROR com.intuit.karate - org.apache.http.client.ClientProtocolException: URI does not specify a valid host name: urn:ogc:def:crs:EPSG::5709, http call failed after 0 milliseconds for URL: urn:ogc:def:crs:EPSG::5709
04:24:42.575 [ForkJoinPool-1-worker-7] ERROR com.intuit.karate - http request failed: 
org.apache.http.client.ClientProtocolException: URI does not specify a valid host name: urn:ogc:def:crs:EPSG::5709
04:24:42.575 [ForkJoinPool-1-worker-7] ERROR com.intuit.karate - feature call (loop) failed at index: 2
caller: classpath:InspireTest/ngr/datasetrecords/def/checkxlinkurl.template.feature
arg: {"link":"urn:ogc:def:crs:EPSG::5709"}
checkxlinkurl.template.feature:14 - 
org.apache.http.client.ClientProtocolException: URI does not specify a valid host name: urn:ogc:def:crs:EPSG::5709
04:24:42.665 [ForkJoinPool-1-worker-13] INFO  com.intuit.karate - [print] title:Population Distribution NL
04:24:42.665 [ForkJoinPool-1-worker-13] INFO  com.intuit.karate - [print] Population Distribution NL
04:24:42.666 [ForkJoinPool-1-worker-13] INFO  com.intuit.karate - [print] [
  "infoservice@cbs.nl",
  "infoservice@cbs.nl",
  "infoservice@cbs.nl",
  "",
  ""
]

04:24:42.667 [ForkJoinPool-1-worker-13] INFO  com.intuit.karate - [print] organisation: [
  "Statistics Netherlands",
  "Statistics Netherlands",
  "Statistics Netherlandds",
  "Statistics Netherlands"
]

04:24:42.668 [ForkJoinPool-1-worker-13] INFO  com.intuit.karate - [print] [
  "https://www.iana.org/assignments/media-types/application/xml",
  "https://www.iana.org/assignments/media-types/application/xml",
  "https://www.iana.org/assignments/media-types/application/xml"
]

04:24:42.673 [ForkJoinPool-1-worker-13] INFO  com.intuit.karate - [print]
04:24:42.674 [ForkJoinPool-1-worker-13] INFO  com.intuit.karate - [print] testing xlinkurl:https://www.iana.org/assignments/media-types/application/xml
04:24:42.698 [ForkJoinPool-1-worker-11] INFO  com.intuit.karate - [print] title:Adressen
04:24:42.698 [ForkJoinPool-1-worker-11] INFO  com.intuit.karate - [print] Adressen
04:24:42.700 [ForkJoinPool-1-worker-11] INFO  com.intuit.karate - [print] [
  "PPB-GVA@kadaster.nl",
  "kcc@kadaster.nl",
  "kcc@kadaster.nl"
]

04:24:42.701 [ForkJoinPool-1-worker-11] INFO  com.intuit.karate - [print] organisation: [
  "Kadaster",
  "Kadaster",
  "Kadaster"
]

04:24:42.705 [ForkJoinPool-1-worker-11] INFO  com.intuit.karate - [print] [
  "http://kadaster/06b6c650-cdb1-11dd-ad8b-0800200c9a77"
]

04:24:42.711 [ForkJoinPool-1-worker-11] INFO  com.intuit.karate - [print]
04:24:42.711 [ForkJoinPool-1-worker-11] INFO  com.intuit.karate - [print] testing xlinkurl:http://kadaster/06b6c650-cdb1-11dd-ad8b-0800200c9a77
04:24:42.712 [ForkJoinPool-1-worker-11] ERROR com.intuit.karate - java.net.UnknownHostException: kadaster, http call failed after 0 milliseconds for URL: http://kadaster/06b6c650-cdb1-11dd-ad8b-0800200c9a77
04:24:42.713 [ForkJoinPool-1-worker-11] ERROR com.intuit.karate - http request failed: 
java.net.UnknownHostException: kadaster
04:24:42.713 [ForkJoinPool-1-worker-11] ERROR com.intuit.karate - feature call (loop) failed at index: 0
caller: classpath:InspireTest/ngr/datasetrecords/def/checkxlinkurl.template.feature
arg: {"link":"http://kadaster/06b6c650-cdb1-11dd-ad8b-0800200c9a77"}
checkxlinkurl.template.feature:14 - 
java.net.UnknownHostException: kadaster
04:24:42.836 [ForkJoinPool-1-worker-9] INFO  com.intuit.karate - [print] title:Overstromingsgevaarkaarten
04:24:42.836 [ForkJoinPool-1-worker-9] INFO  com.intuit.karate - [print] Overstromingsgevaarkaarten
04:24:42.837 [ForkJoinPool-1-worker-9] INFO  com.intuit.karate - [print] [
  "inspire@gbo-provincies.nl",
  "inspire@gbo-provincies.nl",
  "inspire@gbo-provincies.nl"
]

04:24:42.838 [ForkJoinPool-1-worker-9] INFO  com.intuit.karate - [print] organisation: [
  "Interprovinciaal Overleg",
  "Interprovinciaal Overleg",
  "Interprovinciaal Overleg"
]

04:24:42.840 [ForkJoinPool-1-worker-9] INFO  com.intuit.karate - [print] [
  "http://nationaalgeoregister.nl/geonetwork/srv/dut/csw?SERVICE=CSW&version=2.0.2&REQUEST=GetRecordById&elementSetName=full&OutputSchema=http://www.isotc211.org/2005/gmd&ID=bc2c53f6-c908-4d7c-a6c0-78d9a2855640",
  "https://creativecommons.org/publicdomain/mark/*/deed.nl",
  ""
]

04:24:42.845 [ForkJoinPool-1-worker-9] INFO  com.intuit.karate - [print]
04:24:42.845 [ForkJoinPool-1-worker-9] INFO  com.intuit.karate - [print] testing xlinkurl:http://nationaalgeoregister.nl/geonetwork/srv/dut/csw?SERVICE=CSW&version=2.0.2&REQUEST=GetRecordById&elementSetName=full&OutputSchema=http://www.isotc211.org/2005/gmd&ID=bc2c53f6-c908-4d7c-a6c0-78d9a2855640
04:24:42.854 [ForkJoinPool-1-worker-13] INFO  com.intuit.karate - [print]
04:24:42.854 [ForkJoinPool-1-worker-13] INFO  com.intuit.karate - [print] testing xlinkurl:https://www.iana.org/assignments/media-types/application/xml
04:24:42.993 [ForkJoinPool-1-worker-3] INFO  com.intuit.karate - [print] title:Wijk- en Buurtkaart 2018 versie 2
04:24:42.993 [ForkJoinPool-1-worker-3] INFO  com.intuit.karate - [print] Wijk- en Buurtkaart 2018 versie 2
04:24:42.994 [ForkJoinPool-1-worker-3] INFO  com.intuit.karate - [print] [
  "infoservice@cbs.nl",
  "infoservice@cbs.nl",
  "infoservice@cbs.nl",
  "",
  ""
]

04:24:42.996 [ForkJoinPool-1-worker-3] INFO  com.intuit.karate - [print] organisation: [
  "Centraal Bureau voor de Statistiek",
  "Centraal Bureau voor de Statistiek",
  "Centraal Bureau voor de Statistiek",
  "Kadaster"
]

04:24:42.998 [ForkJoinPool-1-worker-3] INFO  com.intuit.karate - [print] [
  ""
]

04:24:43.005 [ForkJoinPool-1-worker-3] INFO  com.intuit.karate - [print]
04:24:43.006 [ForkJoinPool-1-worker-3] INFO  com.intuit.karate - [print] testing xlinkurl:
04:24:43.006 [ForkJoinPool-1-worker-3] ERROR com.intuit.karate - org.apache.http.client.ClientProtocolException, http call failed after 0 milliseconds for URL: 
04:24:43.007 [ForkJoinPool-1-worker-3] ERROR com.intuit.karate - http request failed: 
org.apache.http.client.ClientProtocolException
04:24:43.008 [ForkJoinPool-1-worker-3] ERROR com.intuit.karate - feature call (loop) failed at index: 0
caller: classpath:InspireTest/ngr/datasetrecords/def/checkxlinkurl.template.feature
arg: {"link":""}
checkxlinkurl.template.feature:14 - 
org.apache.http.client.ClientProtocolException
04:24:43.026 [ForkJoinPool-1-worker-13] INFO  com.intuit.karate - [print]
04:24:43.026 [ForkJoinPool-1-worker-13] INFO  com.intuit.karate - [print] testing xlinkurl:https://www.iana.org/assignments/media-types/application/xml
04:24:43.091 [ForkJoinPool-1-worker-5] INFO  com.intuit.karate - [print] title:Nationaal Beschermde Gebieden (CDDA) (INSPIRE geharmoniseerd)
04:24:43.092 [ForkJoinPool-1-worker-5] INFO  com.intuit.karate - [print] Nationaal Beschermde Gebieden (CDDA) (INSPIRE geharmoniseerd)
04:24:43.113 [ForkJoinPool-1-worker-5] INFO  com.intuit.karate - [print] [
  "geodatabeheer.giscc@rvo.nl",
  "geodatabeheer.giscc@rvo.nl",
  "geodatabeheer.giscc@rvo.nl"
]

04:24:43.114 [ForkJoinPool-1-worker-5] INFO  com.intuit.karate - [print] organisation: [
  "Ministerie van Economische Zaken - GIS Competence Center",
  "Ministerie van Landbouw, Natuur en Voedselkwaliteit",
  "Ministerie van Economische Zaken - GIS Competence Center"
]

04:24:43.118 [ForkJoinPool-1-worker-5] INFO  com.intuit.karate - [print] [
  "http://www.opengis.net/def/crs/EPSG/0/http://www.opengis.net/def/crs/EPSG/0/4258",
  "https://www.nationaalgeoregister.nl/geonetwork/srv/dut/catalog.search#/metadata/3387ef8a-9237-453a-aa4e-585d1e193550",
  "https://creativecommons.org/publicdomain/mark/*/deed.nl"
]

04:24:43.122 [ForkJoinPool-1-worker-5] INFO  com.intuit.karate - [print]
04:24:43.122 [ForkJoinPool-1-worker-5] INFO  com.intuit.karate - [print] testing xlinkurl:http://www.opengis.net/def/crs/EPSG/0/http://www.opengis.net/def/crs/EPSG/0/4258
04:24:43.136 [ForkJoinPool-1-worker-7] INFO  com.intuit.karate - [print] title:Gemeten fijnere fractie van Fijn stof concentraties in buitenlucht.
04:24:43.136 [ForkJoinPool-1-worker-7] INFO  com.intuit.karate - [print] Gemeten fijnere fractie van Fijn stof concentraties in buitenlucht.
04:24:43.137 [ForkJoinPool-1-worker-7] INFO  com.intuit.karate - [print] [
  "geodata@rivm.nl",
  "geodata@rivm.nl"
]

04:24:43.141 [ForkJoinPool-1-worker-7] INFO  com.intuit.karate - [print] organisation: no organisationName found in dataset record
04:24:43.142 [ForkJoinPool-1-worker-7] INFO  com.intuit.karate - [print] [
  "https://data.rivm.nl/inspire/id#df9bc66f-941b-4c38-a104-1b8d940a53db"
]

04:24:43.151 [ForkJoinPool-1-worker-7] INFO  com.intuit.karate - [print]
04:24:43.152 [ForkJoinPool-1-worker-7] INFO  com.intuit.karate - [print] testing xlinkurl:https://data.rivm.nl/inspire/id#df9bc66f-941b-4c38-a104-1b8d940a53db
04:24:43.207 [ForkJoinPool-1-worker-11] INFO  com.intuit.karate - [print] title:Invasieve Exoten (INSPIRE Geharmoniseerd)
04:24:43.207 [ForkJoinPool-1-worker-11] INFO  com.intuit.karate - [print] Invasieve Exoten (INSPIRE Geharmoniseerd)
04:24:43.208 [ForkJoinPool-1-worker-11] INFO  com.intuit.karate - [print] [
  "geodatabeheer.giscc@rvo.nl",
  "Geodatabeheer.GISCC@rvo.nl"
]

04:24:43.210 [ForkJoinPool-1-worker-11] INFO  com.intuit.karate - [print] organisation: Ministerie van Landbouw, Natuur en Voedselkwaliteit
04:24:43.211 [ForkJoinPool-1-worker-11] INFO  com.intuit.karate - [print] [
  "http://standaarden.overheid.nl/owms/terms/Ministerie_van_Landbouw,_Natuur_en_Voedselkwaliteit",
  "https://www.nationaalgeoregister.nl/geonetwork/srv/api/records3703b249-a0eb-484e-ba7a-10e31a55bcec",
  "579"
]

04:24:43.216 [ForkJoinPool-1-worker-11] INFO  com.intuit.karate - [print]
04:24:43.216 [ForkJoinPool-1-worker-11] INFO  com.intuit.karate - [print] testing xlinkurl:http://standaarden.overheid.nl/owms/terms/Ministerie_van_Landbouw,_Natuur_en_Voedselkwaliteit
04:24:43.303 [ForkJoinPool-1-worker-9] INFO  com.intuit.karate - [print]
04:24:43.303 [ForkJoinPool-1-worker-9] INFO  com.intuit.karate - [print] testing xlinkurl:https://creativecommons.org/publicdomain/mark/*/deed.nl
04:24:43.345 [ForkJoinPool-1-worker-9] ERROR com.intuit.karate - status code was: 404, expected: 200, response time: 42, url: https://creativecommons.org/publicdomain/mark/*/deed.nl, response: 
04:24:43.346 [ForkJoinPool-1-worker-9] ERROR com.intuit.karate - feature call (loop) failed at index: 1
caller: classpath:InspireTest/ngr/datasetrecords/def/checkxlinkurl.template.feature
arg: {"link":"https://creativecommons.org/publicdomain/mark/*/deed.nl"}
checkxlinkurl.template.feature:15 - status code was: 404, expected: 200, response time: 42, url: https://creativecommons.org/publicdomain/mark/*/deed.nl, response: 
04:24:43.346 [ForkJoinPool-1-worker-9] INFO  com.intuit.karate - [print]
04:24:43.347 [ForkJoinPool-1-worker-9] INFO  com.intuit.karate - [print] testing xlinkurl:
04:24:43.347 [ForkJoinPool-1-worker-9] ERROR com.intuit.karate - org.apache.http.client.ClientProtocolException, http call failed after 0 milliseconds for URL: 
04:24:43.347 [ForkJoinPool-1-worker-9] ERROR com.intuit.karate - http request failed: 
org.apache.http.client.ClientProtocolException
04:24:43.347 [ForkJoinPool-1-worker-9] ERROR com.intuit.karate - feature call (loop) failed at index: 2
caller: classpath:InspireTest/ngr/datasetrecords/def/checkxlinkurl.template.feature
arg: {"link":""}
checkxlinkurl.template.feature:14 - 
org.apache.http.client.ClientProtocolException
04:24:43.421 [ForkJoinPool-1-worker-5] INFO  com.intuit.karate - [print]
04:24:43.422 [ForkJoinPool-1-worker-5] INFO  com.intuit.karate - [print] testing xlinkurl:https://www.nationaalgeoregister.nl/geonetwork/srv/dut/catalog.search#/metadata/3387ef8a-9237-453a-aa4e-585d1e193550
04:24:43.518 [ForkJoinPool-1-worker-3] INFO  com.intuit.karate - [print] title:Kwaliteit van drinkwater in Nederland (2012)
04:24:43.518 [ForkJoinPool-1-worker-3] INFO  com.intuit.karate - [print] Kwaliteit van drinkwater in Nederland (2012)
04:24:43.520 [ForkJoinPool-1-worker-3] INFO  com.intuit.karate - [print] [
  "geodata@rivm.nl",
  "",
  "geodata@rivm.nl"
]

04:24:43.521 [ForkJoinPool-1-worker-3] INFO  com.intuit.karate - [print] organisation: [
  "RIVM",
  ""
]

04:24:43.522 [ForkJoinPool-1-worker-3] INFO  com.intuit.karate - [print] [
  "https://data.rivm.nl/inspire/id#a98a6cdb-61cd-4107-b775-2334e6772ed5"
]

04:24:43.529 [ForkJoinPool-1-worker-3] INFO  com.intuit.karate - [print]
04:24:43.529 [ForkJoinPool-1-worker-3] INFO  com.intuit.karate - [print] testing xlinkurl:https://data.rivm.nl/inspire/id#a98a6cdb-61cd-4107-b775-2334e6772ed5
04:24:43.580 [ForkJoinPool-1-worker-7] ERROR com.intuit.karate - javax.net.ssl.SSLException: Connection reset, http call failed after 428 milliseconds for URL: https://data.rivm.nl/inspire/id#df9bc66f-941b-4c38-a104-1b8d940a53db
04:24:43.580 [ForkJoinPool-1-worker-7] ERROR com.intuit.karate - http request failed: 
javax.net.ssl.SSLException: Connection reset
04:24:43.580 [ForkJoinPool-1-worker-7] ERROR com.intuit.karate - feature call (loop) failed at index: 0
caller: classpath:InspireTest/ngr/datasetrecords/def/checkxlinkurl.template.feature
arg: {"link":"https://data.rivm.nl/inspire/id#df9bc66f-941b-4c38-a104-1b8d940a53db"}
checkxlinkurl.template.feature:14 - 
javax.net.ssl.SSLException: Connection reset
04:24:43.713 [ForkJoinPool-1-worker-11] INFO  com.intuit.karate - [print]
04:24:43.714 [ForkJoinPool-1-worker-11] INFO  com.intuit.karate - [print] testing xlinkurl:https://www.nationaalgeoregister.nl/geonetwork/srv/api/records3703b249-a0eb-484e-ba7a-10e31a55bcec
04:24:43.721 [ForkJoinPool-1-worker-13] INFO  com.intuit.karate - [print] title:Windsnelheden op 100m hoogte (m/s)
04:24:43.721 [ForkJoinPool-1-worker-13] INFO  com.intuit.karate - [print] Windsnelheden op 100m hoogte (m/s)
04:24:43.722 [ForkJoinPool-1-worker-13] INFO  com.intuit.karate - [print] [
  "geodatabeheer.giscc@rvo.nl",
  "geodatabeheer.giscc@rvo.nl",
  ""
]

04:24:43.723 [ForkJoinPool-1-worker-13] INFO  com.intuit.karate - [print] organisation: no organisationName found in dataset record
04:24:43.724 [ForkJoinPool-1-worker-13] INFO  com.intuit.karate - [print] [
  "https://nationaalgeoregister.nl/geonetwork/srv/dut/catalog.search#/metadata/d845cef6-0e23-4212-a951-b69763e39ef0"
]

04:24:43.727 [ForkJoinPool-1-worker-13] INFO  com.intuit.karate - [print]
04:24:43.727 [ForkJoinPool-1-worker-13] INFO  com.intuit.karate - [print] testing xlinkurl:https://nationaalgeoregister.nl/geonetwork/srv/dut/catalog.search#/metadata/d845cef6-0e23-4212-a951-b69763e39ef0
04:24:43.739 [ForkJoinPool-1-worker-5] INFO  com.intuit.karate - [print]
04:24:43.739 [ForkJoinPool-1-worker-5] INFO  com.intuit.karate - [print] testing xlinkurl:https://creativecommons.org/publicdomain/mark/*/deed.nl
04:24:43.773 [ForkJoinPool-1-worker-5] ERROR com.intuit.karate - status code was: 404, expected: 200, response time: 33, url: https://creativecommons.org/publicdomain/mark/*/deed.nl, response: 
04:24:43.774 [ForkJoinPool-1-worker-5] ERROR com.intuit.karate - feature call (loop) failed at index: 2
caller: classpath:InspireTest/ngr/datasetrecords/def/checkxlinkurl.template.feature
arg: {"link":"https://creativecommons.org/publicdomain/mark/*/deed.nl"}
checkxlinkurl.template.feature:15 - status code was: 404, expected: 200, response time: 33, url: https://creativecommons.org/publicdomain/mark/*/deed.nl, response: 
04:24:43.880 [ForkJoinPool-1-worker-9] INFO  com.intuit.karate - [print] title:TOP10NL
04:24:43.881 [ForkJoinPool-1-worker-9] INFO  com.intuit.karate - [print] TOP10NL
04:24:43.882 [ForkJoinPool-1-worker-9] INFO  com.intuit.karate - [print] [
  "PPB-GVA@kadaster.nl",
  "kcc@kadaster.nl",
  "kcc@kadaster.nl",
  "",
  "",
  "",
  "",
  "",
  ""
]

04:24:43.883 [ForkJoinPool-1-worker-9] INFO  com.intuit.karate - [print] organisation: [
  "Kadaster",
  "Kadaster",
  "Kadaster",
  "Kadaster",
  "Kadaster",
  "Kadaster",
  "Kadaster",
  "Kadaster",
  "Kadaster"
]

04:24:43.886 [ForkJoinPool-1-worker-9] INFO  com.intuit.karate - [print] [
  "http://kadaster/2482250f-3b00-4439-9f93-f3118229b201",
  "",
  "",
  "",
  "",
  ""
]

04:24:43.888 [ForkJoinPool-1-worker-3] ERROR com.intuit.karate - javax.net.ssl.SSLException: Connection reset, http call failed after 358 milliseconds for URL: https://data.rivm.nl/inspire/id#a98a6cdb-61cd-4107-b775-2334e6772ed5
04:24:43.888 [ForkJoinPool-1-worker-3] ERROR com.intuit.karate - http request failed: 
javax.net.ssl.SSLException: Connection reset
04:24:43.888 [ForkJoinPool-1-worker-3] ERROR com.intuit.karate - feature call (loop) failed at index: 0
caller: classpath:InspireTest/ngr/datasetrecords/def/checkxlinkurl.template.feature
arg: {"link":"https://data.rivm.nl/inspire/id#a98a6cdb-61cd-4107-b775-2334e6772ed5"}
checkxlinkurl.template.feature:14 - 
javax.net.ssl.SSLException: Connection reset
04:24:43.903 [ForkJoinPool-1-worker-9] INFO  com.intuit.karate - [print]
04:24:43.907 [ForkJoinPool-1-worker-9] INFO  com.intuit.karate - [print] testing xlinkurl:http://kadaster/2482250f-3b00-4439-9f93-f3118229b201
04:24:43.909 [ForkJoinPool-1-worker-9] ERROR com.intuit.karate - java.net.UnknownHostException: kadaster, http call failed after 0 milliseconds for URL: http://kadaster/2482250f-3b00-4439-9f93-f3118229b201
04:24:43.909 [ForkJoinPool-1-worker-9] ERROR com.intuit.karate - http request failed: 
java.net.UnknownHostException: kadaster
04:24:43.910 [ForkJoinPool-1-worker-9] ERROR com.intuit.karate - feature call (loop) failed at index: 0
caller: classpath:InspireTest/ngr/datasetrecords/def/checkxlinkurl.template.feature
arg: {"link":"http://kadaster/2482250f-3b00-4439-9f93-f3118229b201"}
checkxlinkurl.template.feature:14 - 
java.net.UnknownHostException: kadaster
04:24:43.912 [ForkJoinPool-1-worker-9] INFO  com.intuit.karate - [print]
04:24:43.912 [ForkJoinPool-1-worker-9] INFO  com.intuit.karate - [print] testing xlinkurl:
04:24:43.913 [ForkJoinPool-1-worker-9] ERROR com.intuit.karate - org.apache.http.client.ClientProtocolException, http call failed after 0 milliseconds for URL: 
04:24:43.914 [ForkJoinPool-1-worker-9] ERROR com.intuit.karate - http request failed: 
org.apache.http.client.ClientProtocolException
04:24:43.915 [ForkJoinPool-1-worker-9] ERROR com.intuit.karate - feature call (loop) failed at index: 1
caller: classpath:InspireTest/ngr/datasetrecords/def/checkxlinkurl.template.feature
arg: {"link":""}
checkxlinkurl.template.feature:14 - 
org.apache.http.client.ClientProtocolException
04:24:43.916 [ForkJoinPool-1-worker-9] INFO  com.intuit.karate - [print]
04:24:43.917 [ForkJoinPool-1-worker-9] INFO  com.intuit.karate - [print] testing xlinkurl:
04:24:43.917 [ForkJoinPool-1-worker-9] ERROR com.intuit.karate - org.apache.http.client.ClientProtocolException, http call failed after 0 milliseconds for URL: 
04:24:43.918 [ForkJoinPool-1-worker-9] ERROR com.intuit.karate - http request failed: 
org.apache.http.client.ClientProtocolException
04:24:43.919 [ForkJoinPool-1-worker-9] ERROR com.intuit.karate - feature call (loop) failed at index: 2
caller: classpath:InspireTest/ngr/datasetrecords/def/checkxlinkurl.template.feature
arg: {"link":""}
checkxlinkurl.template.feature:14 - 
org.apache.http.client.ClientProtocolException
04:24:43.921 [ForkJoinPool-1-worker-9] INFO  com.intuit.karate - [print]
04:24:43.921 [ForkJoinPool-1-worker-9] INFO  com.intuit.karate - [print] testing xlinkurl:
04:24:43.922 [ForkJoinPool-1-worker-9] ERROR com.intuit.karate - org.apache.http.client.ClientProtocolException, http call failed after 0 milliseconds for URL: 
04:24:43.923 [ForkJoinPool-1-worker-9] ERROR com.intuit.karate - http request failed: 
org.apache.http.client.ClientProtocolException
04:24:43.923 [ForkJoinPool-1-worker-9] ERROR com.intuit.karate - feature call (loop) failed at index: 3
caller: classpath:InspireTest/ngr/datasetrecords/def/checkxlinkurl.template.feature
arg: {"link":""}
checkxlinkurl.template.feature:14 - 
org.apache.http.client.ClientProtocolException
04:24:43.925 [ForkJoinPool-1-worker-9] INFO  com.intuit.karate - [print]
04:24:43.926 [ForkJoinPool-1-worker-9] INFO  com.intuit.karate - [print] testing xlinkurl:
04:24:43.927 [ForkJoinPool-1-worker-9] ERROR com.intuit.karate - org.apache.http.client.ClientProtocolException, http call failed after 0 milliseconds for URL: 
04:24:43.927 [ForkJoinPool-1-worker-9] ERROR com.intuit.karate - http request failed: 
org.apache.http.client.ClientProtocolException
04:24:43.928 [ForkJoinPool-1-worker-9] ERROR com.intuit.karate - feature call (loop) failed at index: 4
caller: classpath:InspireTest/ngr/datasetrecords/def/checkxlinkurl.template.feature
arg: {"link":""}
checkxlinkurl.template.feature:14 - 
org.apache.http.client.ClientProtocolException
04:24:43.930 [ForkJoinPool-1-worker-9] INFO  com.intuit.karate - [print]
04:24:43.931 [ForkJoinPool-1-worker-9] INFO  com.intuit.karate - [print] testing xlinkurl:
04:24:43.932 [ForkJoinPool-1-worker-9] ERROR com.intuit.karate - org.apache.http.client.ClientProtocolException, http call failed after 0 milliseconds for URL: 
04:24:43.933 [ForkJoinPool-1-worker-9] ERROR com.intuit.karate - http request failed: 
org.apache.http.client.ClientProtocolException
04:24:43.933 [ForkJoinPool-1-worker-9] ERROR com.intuit.karate - feature call (loop) failed at index: 5
caller: classpath:InspireTest/ngr/datasetrecords/def/checkxlinkurl.template.feature
arg: {"link":""}
checkxlinkurl.template.feature:14 - 
org.apache.http.client.ClientProtocolException
04:24:44.067 [ForkJoinPool-1-worker-11] ERROR com.intuit.karate - status code was: 500, expected: 200, response time: 352, url: https://www.nationaalgeoregister.nl/geonetwork/srv/api/records3703b249-a0eb-484e-ba7a-10e31a55bcec, response: 
04:24:44.067 [ForkJoinPool-1-worker-11] ERROR com.intuit.karate - feature call (loop) failed at index: 1
caller: classpath:InspireTest/ngr/datasetrecords/def/checkxlinkurl.template.feature
arg: {"link":"https://www.nationaalgeoregister.nl/geonetwork/srv/api/records3703b249-a0eb-484e-ba7a-10e31a55bcec"}
checkxlinkurl.template.feature:15 - status code was: 500, expected: 200, response time: 352, url: https://www.nationaalgeoregister.nl/geonetwork/srv/api/records3703b249-a0eb-484e-ba7a-10e31a55bcec, response: 
04:24:44.068 [ForkJoinPool-1-worker-11] INFO  com.intuit.karate - [print]
04:24:44.068 [ForkJoinPool-1-worker-11] INFO  com.intuit.karate - [print] testing xlinkurl:579
04:24:44.068 [ForkJoinPool-1-worker-11] ERROR com.intuit.karate - org.apache.http.client.ClientProtocolException, http call failed after 0 milliseconds for URL: 579
04:24:44.068 [ForkJoinPool-1-worker-11] ERROR com.intuit.karate - http request failed: 
org.apache.http.client.ClientProtocolException
04:24:44.068 [ForkJoinPool-1-worker-11] ERROR com.intuit.karate - feature call (loop) failed at index: 2
caller: classpath:InspireTest/ngr/datasetrecords/def/checkxlinkurl.template.feature
arg: {"link":"579"}
checkxlinkurl.template.feature:14 - 
org.apache.http.client.ClientProtocolException
04:24:44.126 [ForkJoinPool-1-worker-7] INFO  com.intuit.karate - [print] title:Vervoersnetwerken
04:24:44.126 [ForkJoinPool-1-worker-7] INFO  com.intuit.karate - [print] Vervoersnetwerken
04:24:44.127 [ForkJoinPool-1-worker-7] INFO  com.intuit.karate - [print] [
  "PPB-GVA@kadaster.nl",
  "kcc@kadaster.nl",
  "kcc@kadaster.nl"
]

04:24:44.128 [ForkJoinPool-1-worker-7] INFO  com.intuit.karate - [print] organisation: [
  "Kadaster",
  "Kadaster",
  "Kadaster"
]

04:24:44.130 [ForkJoinPool-1-worker-7] INFO  com.intuit.karate - [print] [
  "http://kadaster/06b6c650-cdb1-11dd-ad8b-0800200c9a75"
]

04:24:44.135 [ForkJoinPool-1-worker-7] INFO  com.intuit.karate - [print]
04:24:44.136 [ForkJoinPool-1-worker-7] INFO  com.intuit.karate - [print] testing xlinkurl:http://kadaster/06b6c650-cdb1-11dd-ad8b-0800200c9a75
04:24:44.137 [ForkJoinPool-1-worker-7] ERROR com.intuit.karate - java.net.UnknownHostException: kadaster, http call failed after 0 milliseconds for URL: http://kadaster/06b6c650-cdb1-11dd-ad8b-0800200c9a75
04:24:44.138 [ForkJoinPool-1-worker-7] ERROR com.intuit.karate - http request failed: 
java.net.UnknownHostException: kadaster
04:24:44.138 [ForkJoinPool-1-worker-7] ERROR com.intuit.karate - feature call (loop) failed at index: 0
caller: classpath:InspireTest/ngr/datasetrecords/def/checkxlinkurl.template.feature
arg: {"link":"http://kadaster/06b6c650-cdb1-11dd-ad8b-0800200c9a75"}
checkxlinkurl.template.feature:14 - 
java.net.UnknownHostException: kadaster
04:24:44.387 [ForkJoinPool-1-worker-5] INFO  com.intuit.karate - [print] title:Vogelrichtlijn verspreiding van soorten
04:24:44.388 [ForkJoinPool-1-worker-5] INFO  com.intuit.karate - [print] Vogelrichtlijn verspreiding van soorten
04:24:44.389 [ForkJoinPool-1-worker-5] INFO  com.intuit.karate - [print] [
  "geodatabeheer.giscc@rvo.nl",
  "GeoDesk.CGI@wur.nl",
  "geodatabeheer.giscc@rvo.nl",
  "beheerPDOK@kadaster.nl",
  ""
]

04:24:44.390 [ForkJoinPool-1-worker-5] INFO  com.intuit.karate - [print] organisation: [
  "Ministerie van Economische Zaken - GIS Competence Center",
  "Wageningen Environmental Research (Alterra)",
  "PDOK",
  "Sovon Vogelonderzoek Nederland"
]

04:24:44.392 [ForkJoinPool-1-worker-5] INFO  com.intuit.karate - [print] [
  "https://www.nationaalgeoregister.nl/geonetwork/srv/dut/catalog.search#/metadata/fcefa13c-44e2-4953-b6d6-1ddceebc57fc",
  "http://standaarden.overheid.nl/owms/terms/Ministerie_van_Landbouw,_Natuur_en_Voedselkwaliteit"
]

04:24:44.395 [ForkJoinPool-1-worker-5] INFO  com.intuit.karate - [print]
04:24:44.396 [ForkJoinPool-1-worker-5] INFO  com.intuit.karate - [print] testing xlinkurl:https://www.nationaalgeoregister.nl/geonetwork/srv/dut/catalog.search#/metadata/fcefa13c-44e2-4953-b6d6-1ddceebc57fc
04:24:44.447 [ForkJoinPool-1-worker-3] INFO  com.intuit.karate - [print] title:LCP emissies (Richtlijn Industriële emissies) 2016
04:24:44.447 [ForkJoinPool-1-worker-3] INFO  com.intuit.karate - [print] LCP emissies (Richtlijn Industriële emissies) 2016
04:24:44.448 [ForkJoinPool-1-worker-3] INFO  com.intuit.karate - [print] [
  "emissieregistratie@rivm.nl",
  "",
  "emissieregistratie@rivm.nl"
]

04:24:44.449 [ForkJoinPool-1-worker-3] INFO  com.intuit.karate - [print] organisation: no organisationName found in dataset record
04:24:44.450 [ForkJoinPool-1-worker-3] INFO  com.intuit.karate - [print] [
  "https://data.rivm.nl/inspire/id#6941b1f2-7ee6-4a1d-9cba-9071e3ca6cb3"
]

04:24:44.453 [ForkJoinPool-1-worker-3] INFO  com.intuit.karate - [print]
04:24:44.453 [ForkJoinPool-1-worker-3] INFO  com.intuit.karate - [print] testing xlinkurl:https://data.rivm.nl/inspire/id#6941b1f2-7ee6-4a1d-9cba-9071e3ca6cb3
04:24:44.520 [ForkJoinPool-1-worker-9] INFO  com.intuit.karate - [print] title:Habitatrichtlijn verspreidingsgebied van habitattypen
04:24:44.520 [ForkJoinPool-1-worker-9] INFO  com.intuit.karate - [print] Habitatrichtlijn verspreidingsgebied van habitattypen
04:24:44.521 [ForkJoinPool-1-worker-9] INFO  com.intuit.karate - [print] [
  "geodatabeheer.giscc@rvo.nl",
  "",
  "GeoDesk.CGI@wur.nl",
  "geodatabeheer.giscc@rvo.nl",
  "beheerPDOK@kadaster.nl",
  ""
]

04:24:44.522 [ForkJoinPool-1-worker-9] INFO  com.intuit.karate - [print] organisation: [
  "Ministerie van Economische Zaken - GIS Competence Center",
  "",
  "Wageningen Environmental Research (Alterra)",
  "PDOK",
  "Alterra"
]

04:24:44.523 [ForkJoinPool-1-worker-9] INFO  com.intuit.karate - [print] [
  "https://ngr.acceptatie.nationaalgeoregister.nl/geonetwork/srv/resources03671a9e-6aaf-464d-be99-9aad25cef9e3",
  "http://standaarden.overheid.nl/owms/terms/Ministerie_van_Landbouw,_Natuur_en_Voedselkwaliteit"
]

04:24:44.527 [ForkJoinPool-1-worker-9] INFO  com.intuit.karate - [print]
04:24:44.528 [ForkJoinPool-1-worker-9] INFO  com.intuit.karate - [print] testing xlinkurl:https://ngr.acceptatie.nationaalgeoregister.nl/geonetwork/srv/resources03671a9e-6aaf-464d-be99-9aad25cef9e3
04:24:44.597 [ForkJoinPool-1-worker-13] INFO  com.intuit.karate - [print] title:Land Use 2015
04:24:44.598 [ForkJoinPool-1-worker-13] INFO  com.intuit.karate - [print] Land Use 2015
04:24:44.599 [ForkJoinPool-1-worker-13] INFO  com.intuit.karate - [print] [
  "infoservice@cbs.nl",
  "infoservice@cbs.nl",
  "",
  "",
  ""
]

04:24:44.600 [ForkJoinPool-1-worker-13] INFO  com.intuit.karate - [print] organisation: [
  "Statistics Netherlands",
  "Statistics Netherlands",
  "PDOK"
]

04:24:44.601 [ForkJoinPool-1-worker-13] INFO  com.intuit.karate - [print] [
]

04:24:44.658 [ForkJoinPool-1-worker-11] INFO  com.intuit.karate - [print] title:Menselijke gezondheid en veiligheid - geluidbelasting rijkswegen 2011 (INSPIRE geharmoniseerd)
04:24:44.659 [ForkJoinPool-1-worker-11] INFO  com.intuit.karate - [print] Menselijke gezondheid en veiligheid - geluidbelasting rijkswegen 2011 (INSPIRE geharmoniseerd)
04:24:44.660 [ForkJoinPool-1-worker-11] INFO  com.intuit.karate - [print] [
  "servicedesk-data@rijkswaterstaat.nl",
  "servicedesk-data@rijkswaterstaat.nl",
  "",
  "servicedesk-data@rijkswaterstaat.nl",
  "info@wetransform.to"
]

04:24:44.662 [ForkJoinPool-1-worker-11] INFO  com.intuit.karate - [print] organisation: [
  "Rijkswaterstaat",
  "Rijkswaterstaat",
  "",
  "Rijkswaterstaat",
  "Wetransform"
]

04:24:44.665 [ForkJoinPool-1-worker-11] INFO  com.intuit.karate - [print] [
  "https://www.nationaalgeoregister.nl/geonetwork/srv/dut/catalog.search#/metadata/wt-f5eb-b09f-4f6d-8397-8878a1b86238",
  "http://rdfdata.eionet.europa.eu/inspirethemes/themes/18",
  "https://ngr.geocat.live/geonetwork/srv/eng/thesaurus.download?ref=external.theme.httpinspireeceuropaeumetadatacodelistPrioritydataset-Prioritydataset"
]

04:24:44.670 [ForkJoinPool-1-worker-11] INFO  com.intuit.karate - [print]
04:24:44.671 [ForkJoinPool-1-worker-11] INFO  com.intuit.karate - [print] testing xlinkurl:https://www.nationaalgeoregister.nl/geonetwork/srv/dut/catalog.search#/metadata/wt-f5eb-b09f-4f6d-8397-8878a1b86238
04:24:44.703 [ForkJoinPool-1-worker-5] INFO  com.intuit.karate - [print]
04:24:44.703 [ForkJoinPool-1-worker-5] INFO  com.intuit.karate - [print] testing xlinkurl:http://standaarden.overheid.nl/owms/terms/Ministerie_van_Landbouw,_Natuur_en_Voedselkwaliteit
04:24:44.718 [ForkJoinPool-1-worker-7] INFO  com.intuit.karate - [print] title:Kaderrichtlijn Water - Oppervlaktewaterlichamen Nederland EU2015 riviernetwerk
04:24:44.718 [ForkJoinPool-1-worker-7] INFO  com.intuit.karate - [print] Kaderrichtlijn Water - Oppervlaktewaterlichamen Nederland EU2015 riviernetwerk
04:24:44.719 [ForkJoinPool-1-worker-7] INFO  com.intuit.karate - [print] [
  "servicedesk@ihw.nl",
  "servicedesk@ihw.nl",
  "",
  "servicedesk-data@rijkswaterstaat.nl",
  "servicedesk-data@rijkswaterstaat.nl"
]

04:24:44.720 [ForkJoinPool-1-worker-7] INFO  com.intuit.karate - [print] organisation: [
  "Informatiehuis Water",
  "Informatiehuis Water",
  "",
  "Rijkswaterstaat",
  "Rijkswaterstaat"
]

04:24:44.721 [ForkJoinPool-1-worker-7] INFO  com.intuit.karate - [print] [
  "https://www.nationaalgeoregister.nl/geonetwork/srv/dut/catalog.search#/metadata/a1960e70-22f4-4fd9-91a8-b605c6ceda3e",
  "http://rdfdata.eionet.europa.eu/inspirethemes/themes/24",
  "https://ngr.geocat.live/geonetwork/srv/eng/thesaurus.download?ref=external.theme.httpinspireeceuropaeumetadatacodelistPrioritydataset-Prioritydataset"
]

04:24:44.726 [ForkJoinPool-1-worker-7] INFO  com.intuit.karate - [print]
04:24:44.726 [ForkJoinPool-1-worker-7] INFO  com.intuit.karate - [print] testing xlinkurl:https://www.nationaalgeoregister.nl/geonetwork/srv/dut/catalog.search#/metadata/a1960e70-22f4-4fd9-91a8-b605c6ceda3e
04:24:44.810 [ForkJoinPool-1-worker-3] ERROR com.intuit.karate - javax.net.ssl.SSLException: Connection reset, http call failed after 356 milliseconds for URL: https://data.rivm.nl/inspire/id#6941b1f2-7ee6-4a1d-9cba-9071e3ca6cb3
04:24:44.810 [ForkJoinPool-1-worker-3] ERROR com.intuit.karate - http request failed: 
javax.net.ssl.SSLException: Connection reset
04:24:44.810 [ForkJoinPool-1-worker-3] ERROR com.intuit.karate - feature call (loop) failed at index: 0
caller: classpath:InspireTest/ngr/datasetrecords/def/checkxlinkurl.template.feature
arg: {"link":"https://data.rivm.nl/inspire/id#6941b1f2-7ee6-4a1d-9cba-9071e3ca6cb3"}
checkxlinkurl.template.feature:14 - 
javax.net.ssl.SSLException: Connection reset
04:24:44.816 [ForkJoinPool-1-worker-9] ERROR com.intuit.karate - status code was: 404, expected: 200, response time: 288, url: https://ngr.acceptatie.nationaalgeoregister.nl/geonetwork/srv/resources03671a9e-6aaf-464d-be99-9aad25cef9e3, response: 
04:24:44.816 [ForkJoinPool-1-worker-9] ERROR com.intuit.karate - feature call (loop) failed at index: 0
caller: classpath:InspireTest/ngr/datasetrecords/def/checkxlinkurl.template.feature
arg: {"link":"https://ngr.acceptatie.nationaalgeoregister.nl/geonetwork/srv/resources03671a9e-6aaf-464d-be99-9aad25cef9e3"}
checkxlinkurl.template.feature:15 - status code was: 404, expected: 200, response time: 288, url: https://ngr.acceptatie.nationaalgeoregister.nl/geonetwork/srv/resources03671a9e-6aaf-464d-be99-9aad25cef9e3, response: 
04:24:44.817 [ForkJoinPool-1-worker-9] INFO  com.intuit.karate - [print]
04:24:44.817 [ForkJoinPool-1-worker-9] INFO  com.intuit.karate - [print] testing xlinkurl:http://standaarden.overheid.nl/owms/terms/Ministerie_van_Landbouw,_Natuur_en_Voedselkwaliteit
04:24:44.983 [ForkJoinPool-1-worker-11] INFO  com.intuit.karate - [print]
04:24:44.984 [ForkJoinPool-1-worker-11] INFO  com.intuit.karate - [print] testing xlinkurl:http://rdfdata.eionet.europa.eu/inspirethemes/themes/18
04:24:45.044 [ForkJoinPool-1-worker-7] INFO  com.intuit.karate - [print]
04:24:45.045 [ForkJoinPool-1-worker-7] INFO  com.intuit.karate - [print] testing xlinkurl:http://rdfdata.eionet.europa.eu/inspirethemes/themes/24
04:24:45.114 [ForkJoinPool-1-worker-13] INFO  com.intuit.karate - [print] title:Kaderrichtlijn Water - Oppervlaktewaterlichamen Nederland EU2009 vlakken
04:24:45.114 [ForkJoinPool-1-worker-13] INFO  com.intuit.karate - [print] Kaderrichtlijn Water - Oppervlaktewaterlichamen Nederland EU2009 vlakken
04:24:45.116 [ForkJoinPool-1-worker-13] INFO  com.intuit.karate - [print] [
  "servicedesk-data@rijkswaterstaat.nl",
  "servicedesk-data@rijkswaterstaat.nl",
  "",
  "servicedesk-data@rijkswaterstaat.nl",
  "servicedesk-data@rijkswaterstaat.nl"
]

04:24:45.117 [ForkJoinPool-1-worker-13] INFO  com.intuit.karate - [print] organisation: [
  "Rijkswaterstaat",
  "Rijkswaterstaat",
  "",
  "Rijkswaterstaat",
  "Rijkswaterstaat"
]

04:24:45.119 [ForkJoinPool-1-worker-13] INFO  com.intuit.karate - [print] [
  "https://www.nationaalgeoregister.nl/geonetwork/srv/dut/catalog.search#/metadata/krw2006-68b5-4ff3-94a4-9c24109ffd5e",
  "http://rdfdata.eionet.europa.eu/inspirethemes/themes/24",
  "https://ngr.geocat.live/geonetwork/srv/eng/thesaurus.download?ref=external.theme.httpinspireeceuropaeumetadatacodelistPrioritydataset-Prioritydataset",
  "urn:ogc:def:crs:EPSG::5709"
]

04:24:45.128 [ForkJoinPool-1-worker-13] INFO  com.intuit.karate - [print]
04:24:45.128 [ForkJoinPool-1-worker-13] INFO  com.intuit.karate - [print] testing xlinkurl:https://www.nationaalgeoregister.nl/geonetwork/srv/dut/catalog.search#/metadata/krw2006-68b5-4ff3-94a4-9c24109ffd5e
04:24:45.191 [ForkJoinPool-1-worker-11] ERROR com.intuit.karate - status code was: 404, expected: 200, response time: 205, url: http://rdfdata.eionet.europa.eu/inspirethemes/themes/18, response: 
04:24:45.192 [ForkJoinPool-1-worker-11] ERROR com.intuit.karate - feature call (loop) failed at index: 1
caller: classpath:InspireTest/ngr/datasetrecords/def/checkxlinkurl.template.feature
arg: {"link":"http://rdfdata.eionet.europa.eu/inspirethemes/themes/18"}
checkxlinkurl.template.feature:15 - status code was: 404, expected: 200, response time: 205, url: http://rdfdata.eionet.europa.eu/inspirethemes/themes/18, response: 
04:24:45.194 [ForkJoinPool-1-worker-11] INFO  com.intuit.karate - [print]
04:24:45.196 [ForkJoinPool-1-worker-11] INFO  com.intuit.karate - [print] testing xlinkurl:https://ngr.geocat.live/geonetwork/srv/eng/thesaurus.download?ref=external.theme.httpinspireeceuropaeumetadatacodelistPrioritydataset-Prioritydataset
04:24:45.248 [ForkJoinPool-1-worker-7] ERROR com.intuit.karate - status code was: 404, expected: 200, response time: 203, url: http://rdfdata.eionet.europa.eu/inspirethemes/themes/24, response: 
04:24:45.249 [ForkJoinPool-1-worker-7] ERROR com.intuit.karate - feature call (loop) failed at index: 1
caller: classpath:InspireTest/ngr/datasetrecords/def/checkxlinkurl.template.feature
arg: {"link":"http://rdfdata.eionet.europa.eu/inspirethemes/themes/24"}
checkxlinkurl.template.feature:15 - status code was: 404, expected: 200, response time: 203, url: http://rdfdata.eionet.europa.eu/inspirethemes/themes/24, response: 
04:24:45.250 [ForkJoinPool-1-worker-7] INFO  com.intuit.karate - [print]
04:24:45.250 [ForkJoinPool-1-worker-7] INFO  com.intuit.karate - [print] testing xlinkurl:https://ngr.geocat.live/geonetwork/srv/eng/thesaurus.download?ref=external.theme.httpinspireeceuropaeumetadatacodelistPrioritydataset-Prioritydataset
04:24:45.322 [ForkJoinPool-1-worker-3] INFO  com.intuit.karate - [print] title:Geografische Namen (Nat) - Nederland
04:24:45.322 [ForkJoinPool-1-worker-3] INFO  com.intuit.karate - [print] Geografische Namen (Nat) - Nederland
04:24:45.322 [ForkJoinPool-1-worker-3] INFO  com.intuit.karate - [print] [
  "data@hydro.nl",
  "data@hydro.nl",
  "data@hydro.nl",
  "",
  ""
]

04:24:45.323 [ForkJoinPool-1-worker-3] INFO  com.intuit.karate - [print] organisation: [
  "Ministerie van Defensie, Koninklijke Marine, Dienst der Hydrografie",
  "Ministerie van Defensie, Koninklijke Marine, Dienst der Hydrografie",
  "Ministerie van Defensie, Koninklijke Marine, Dienst der Hydrografie"
]

04:24:45.324 [ForkJoinPool-1-worker-3] INFO  com.intuit.karate - [print] [
  "https://ngr.acceptatie.nationaalgeoregister.nl/geonetwork/srv/resources34e95842-4e4e-46de-9198-79e8cd4d30dc"
]

04:24:45.328 [ForkJoinPool-1-worker-3] INFO  com.intuit.karate - [print]
04:24:45.328 [ForkJoinPool-1-worker-3] INFO  com.intuit.karate - [print] testing xlinkurl:https://ngr.acceptatie.nationaalgeoregister.nl/geonetwork/srv/resources34e95842-4e4e-46de-9198-79e8cd4d30dc
04:24:45.438 [ForkJoinPool-1-worker-13] INFO  com.intuit.karate - [print]
04:24:45.439 [ForkJoinPool-1-worker-13] INFO  com.intuit.karate - [print] testing xlinkurl:http://rdfdata.eionet.europa.eu/inspirethemes/themes/24
04:24:45.507 [ForkJoinPool-1-worker-11] ERROR com.intuit.karate - status code was: 500, expected: 200, response time: 309, url: https://ngr.geocat.live/geonetwork/srv/eng/thesaurus.download?ref=external.theme.httpinspireeceuropaeumetadatacodelistPrioritydataset-Prioritydataset, response: 
04:24:45.507 [ForkJoinPool-1-worker-11] ERROR com.intuit.karate - feature call (loop) failed at index: 2
caller: classpath:InspireTest/ngr/datasetrecords/def/checkxlinkurl.template.feature
arg: {"link":"https://ngr.geocat.live/geonetwork/srv/eng/thesaurus.download?ref=external.theme.httpinspireeceuropaeumetadatacodelistPrioritydataset-Prioritydataset"}
checkxlinkurl.template.feature:15 - status code was: 500, expected: 200, response time: 309, url: https://ngr.geocat.live/geonetwork/srv/eng/thesaurus.download?ref=external.theme.httpinspireeceuropaeumetadatacodelistPrioritydataset-Prioritydataset, response: 
04:24:45.558 [ForkJoinPool-1-worker-7] ERROR com.intuit.karate - status code was: 500, expected: 200, response time: 308, url: https://ngr.geocat.live/geonetwork/srv/eng/thesaurus.download?ref=external.theme.httpinspireeceuropaeumetadatacodelistPrioritydataset-Prioritydataset, response: 
04:24:45.558 [ForkJoinPool-1-worker-7] ERROR com.intuit.karate - feature call (loop) failed at index: 2
caller: classpath:InspireTest/ngr/datasetrecords/def/checkxlinkurl.template.feature
arg: {"link":"https://ngr.geocat.live/geonetwork/srv/eng/thesaurus.download?ref=external.theme.httpinspireeceuropaeumetadatacodelistPrioritydataset-Prioritydataset"}
checkxlinkurl.template.feature:15 - status code was: 500, expected: 200, response time: 308, url: https://ngr.geocat.live/geonetwork/srv/eng/thesaurus.download?ref=external.theme.httpinspireeceuropaeumetadatacodelistPrioritydataset-Prioritydataset, response: 
04:24:45.607 [ForkJoinPool-1-worker-3] ERROR com.intuit.karate - status code was: 404, expected: 200, response time: 279, url: https://ngr.acceptatie.nationaalgeoregister.nl/geonetwork/srv/resources34e95842-4e4e-46de-9198-79e8cd4d30dc, response: 
04:24:45.607 [ForkJoinPool-1-worker-3] ERROR com.intuit.karate - feature call (loop) failed at index: 0
caller: classpath:InspireTest/ngr/datasetrecords/def/checkxlinkurl.template.feature
arg: {"link":"https://ngr.acceptatie.nationaalgeoregister.nl/geonetwork/srv/resources34e95842-4e4e-46de-9198-79e8cd4d30dc"}
checkxlinkurl.template.feature:15 - status code was: 404, expected: 200, response time: 279, url: https://ngr.acceptatie.nationaalgeoregister.nl/geonetwork/srv/resources34e95842-4e4e-46de-9198-79e8cd4d30dc, response: 
04:24:45.641 [ForkJoinPool-1-worker-13] ERROR com.intuit.karate - status code was: 404, expected: 200, response time: 202, url: http://rdfdata.eionet.europa.eu/inspirethemes/themes/24, response: 
04:24:45.641 [ForkJoinPool-1-worker-13] ERROR com.intuit.karate - feature call (loop) failed at index: 1
caller: classpath:InspireTest/ngr/datasetrecords/def/checkxlinkurl.template.feature
arg: {"link":"http://rdfdata.eionet.europa.eu/inspirethemes/themes/24"}
checkxlinkurl.template.feature:15 - status code was: 404, expected: 200, response time: 202, url: http://rdfdata.eionet.europa.eu/inspirethemes/themes/24, response: 
04:24:45.642 [ForkJoinPool-1-worker-13] INFO  com.intuit.karate - [print]
04:24:45.642 [ForkJoinPool-1-worker-13] INFO  com.intuit.karate - [print] testing xlinkurl:https://ngr.geocat.live/geonetwork/srv/eng/thesaurus.download?ref=external.theme.httpinspireeceuropaeumetadatacodelistPrioritydataset-Prioritydataset
04:24:45.756 [ForkJoinPool-1-worker-5] INFO  com.intuit.karate - [print] title:Natura 2000 (INSPIRE geharmoniseerd)
04:24:45.756 [ForkJoinPool-1-worker-5] INFO  com.intuit.karate - [print] Natura 2000 (INSPIRE geharmoniseerd)
04:24:45.757 [ForkJoinPool-1-worker-5] INFO  com.intuit.karate - [print] [
  "geodatabeheer.giscc@rvo.nl",
  "geodatabeheer.giscc@rvo.nl",
  "beheer@pdok.nl"
]

04:24:45.759 [ForkJoinPool-1-worker-5] INFO  com.intuit.karate - [print] organisation: Ministerie van Landbouw, Natuur en Voedselkwaliteit
04:24:45.760 [ForkJoinPool-1-worker-5] INFO  com.intuit.karate - [print] [
  "http://standaarden.overheid.nl/owms/terms/Ministerie_van_Landbouw,_Natuur_en_Voedselkwaliteit",
  "http://nationaalgeoregister.nl/geonetwork/srv/dut/catalog.search#/metadata/280ed37a-b8d2-4ac5-8567-04d84fad3a41",
  "https://creativecommons.org/publicdomain/mark/*/deed.nl",
  "https://data.overheid.nl/organisatie/PDOK"
]

04:24:45.765 [ForkJoinPool-1-worker-5] INFO  com.intuit.karate - [print]
04:24:45.766 [ForkJoinPool-1-worker-5] INFO  com.intuit.karate - [print] testing xlinkurl:http://standaarden.overheid.nl/owms/terms/Ministerie_van_Landbouw,_Natuur_en_Voedselkwaliteit
04:24:45.951 [ForkJoinPool-1-worker-9] INFO  com.intuit.karate - [print] title:Grondwateronderzoek onder INSPIRE
04:24:45.952 [ForkJoinPool-1-worker-9] INFO  com.intuit.karate - [print] Grondwateronderzoek onder INSPIRE
04:24:45.953 [ForkJoinPool-1-worker-9] INFO  com.intuit.karate - [print] [
  "info@dinoloket.nl",
  "info@dinoloket.nl",
  "info@dinoloket.nl"
]

04:24:45.954 [ForkJoinPool-1-worker-13] ERROR com.intuit.karate - status code was: 500, expected: 200, response time: 311, url: https://ngr.geocat.live/geonetwork/srv/eng/thesaurus.download?ref=external.theme.httpinspireeceuropaeumetadatacodelistPrioritydataset-Prioritydataset, response: 
04:24:45.954 [ForkJoinPool-1-worker-13] ERROR com.intuit.karate - feature call (loop) failed at index: 2
caller: classpath:InspireTest/ngr/datasetrecords/def/checkxlinkurl.template.feature
arg: {"link":"https://ngr.geocat.live/geonetwork/srv/eng/thesaurus.download?ref=external.theme.httpinspireeceuropaeumetadatacodelistPrioritydataset-Prioritydataset"}
checkxlinkurl.template.feature:15 - status code was: 500, expected: 200, response time: 311, url: https://ngr.geocat.live/geonetwork/srv/eng/thesaurus.download?ref=external.theme.httpinspireeceuropaeumetadatacodelistPrioritydataset-Prioritydataset, response: 
04:24:45.955 [ForkJoinPool-1-worker-13] INFO  com.intuit.karate - [print]
04:24:45.955 [ForkJoinPool-1-worker-13] INFO  com.intuit.karate - [print] testing xlinkurl:urn:ogc:def:crs:EPSG::5709
04:24:45.955 [ForkJoinPool-1-worker-13] ERROR com.intuit.karate - org.apache.http.client.ClientProtocolException: URI does not specify a valid host name: urn:ogc:def:crs:EPSG::5709, http call failed after 0 milliseconds for URL: urn:ogc:def:crs:EPSG::5709
04:24:45.955 [ForkJoinPool-1-worker-13] ERROR com.intuit.karate - http request failed: 
org.apache.http.client.ClientProtocolException: URI does not specify a valid host name: urn:ogc:def:crs:EPSG::5709
04:24:45.955 [ForkJoinPool-1-worker-13] ERROR com.intuit.karate - feature call (loop) failed at index: 3
caller: classpath:InspireTest/ngr/datasetrecords/def/checkxlinkurl.template.feature
arg: {"link":"urn:ogc:def:crs:EPSG::5709"}
checkxlinkurl.template.feature:14 - 
org.apache.http.client.ClientProtocolException: URI does not specify a valid host name: urn:ogc:def:crs:EPSG::5709
04:24:45.957 [ForkJoinPool-1-worker-9] INFO  com.intuit.karate - [print] organisation: [
  "TNO Geologische Dienst Nederland",
  "TNO Geologische Dienst Nederland",
  "TNO Geologische Dienst Nederland"
]

04:24:46.000 [ForkJoinPool-1-worker-9] INFO  com.intuit.karate - [print] [
  "https://nationaalgeoregister.nl/geonetwork/srv/resources7e290e63-f991-4cc3-beff-1ff08ce2be77",
  "https://www.nationaalgeoregister.nl/geonetwork/srv/eng/thesaurus.download?ref=external.theme.inspire-theme"
]

04:24:46.017 [ForkJoinPool-1-worker-9] INFO  com.intuit.karate - [print]
04:24:46.017 [ForkJoinPool-1-worker-9] INFO  com.intuit.karate - [print] testing xlinkurl:https://nationaalgeoregister.nl/geonetwork/srv/resources7e290e63-f991-4cc3-beff-1ff08ce2be77
04:24:46.058 [ForkJoinPool-1-worker-11] INFO  com.intuit.karate - [print] title:Nationale Parken (INSPIRE Geharmoniseerd)
04:24:46.058 [ForkJoinPool-1-worker-11] INFO  com.intuit.karate - [print] Nationale Parken (INSPIRE Geharmoniseerd)
04:24:46.059 [ForkJoinPool-1-worker-11] INFO  com.intuit.karate - [print] [
  "geodatabeheer.giscc@rvo.nl",
  "geodatabeheer.giscc@rvo.nl",
  "info@minlnv.nl",
  "",
  "",
  ""
]

04:24:46.061 [ForkJoinPool-1-worker-11] INFO  com.intuit.karate - [print] organisation: no organisationName found in dataset record
04:24:46.071 [ForkJoinPool-1-worker-11] INFO  com.intuit.karate - [print] [
  "http://standaarden.overheid.nl/owms/terms/Ministerie_van_Landbouw,_Natuur_en_Voedselkwaliteit",
  "http://nationaalgeoregister.nl/geonetwork/srv/dut/catalog.search#/metadata/247a1d15-0a67-40ce-85be-1403c08f15a8",
  "http://standaarden.overheid.nl/owms/terms/Ministerie_van_Landbouw,_Natuur_en_Voedselkwaliteit",
  "http://standaarden.overheid.nl/owms/terms/Ministerie_van_Landbouw,_Natuur_en_Voedselkwaliteit",
  "xlink:href=https://inspire.ec.europa.eu/id/document/tg/ps",
  "https://data.overheid.nl/organisatie/PDOK"
]

04:24:46.083 [ForkJoinPool-1-worker-11] INFO  com.intuit.karate - [print]
04:24:46.083 [ForkJoinPool-1-worker-11] INFO  com.intuit.karate - [print] testing xlinkurl:http://standaarden.overheid.nl/owms/terms/Ministerie_van_Landbouw,_Natuur_en_Voedselkwaliteit
04:24:46.089 [ForkJoinPool-1-worker-7] INFO  com.intuit.karate - [print] title:Vervoersnetwerken - Spoorwegen (INSPIRE geharmoniseerd)
04:24:46.091 [ForkJoinPool-1-worker-7] INFO  com.intuit.karate - [print] Vervoersnetwerken - Spoorwegen (INSPIRE geharmoniseerd)
04:24:46.093 [ForkJoinPool-1-worker-7] INFO  com.intuit.karate - [print] [
  "PPB-GVA@kadaster.nl",
  "kcc@kadaster.nl"
]

04:24:46.094 [ForkJoinPool-1-worker-7] INFO  com.intuit.karate - [print] organisation: [
  "Kadaster",
  "Kadaster"
]

04:24:46.101 [ForkJoinPool-1-worker-7] INFO  com.intuit.karate - [print] [
  "http://www.opengis.net/def/crs/EPSG/0/http://www.opengis.net/def/crs/EPSG/0/4258",
  "http://kadaster/cb4edbd2-2dca-4d44-92bb-b2202048b526"
]

04:24:46.113 [ForkJoinPool-1-worker-7] INFO  com.intuit.karate - [print]
04:24:46.120 [ForkJoinPool-1-worker-7] INFO  com.intuit.karate - [print] testing xlinkurl:http://www.opengis.net/def/crs/EPSG/0/http://www.opengis.net/def/crs/EPSG/0/4258
04:24:46.150 [ForkJoinPool-1-worker-3] INFO  com.intuit.karate - [print] title:Geografische Namen
04:24:46.150 [ForkJoinPool-1-worker-3] INFO  com.intuit.karate - [print] Geografische Namen
04:24:46.151 [ForkJoinPool-1-worker-3] INFO  com.intuit.karate - [print] [
  "PPB-GVA@kadaster.nl",
  "kcc@kadaster.nl",
  "kcc@kadaster.nl"
]

04:24:46.153 [ForkJoinPool-1-worker-3] INFO  com.intuit.karate - [print] organisation: [
  "Kadaster",
  "Kadaster",
  "Kadaster"
]

04:24:46.167 [ForkJoinPool-1-worker-3] INFO  com.intuit.karate - [print] [
  "http://kadaster/06b6c650-cdb1-11dd-ad8b-0800200c9a79"
]

04:24:46.176 [ForkJoinPool-1-worker-3] INFO  com.intuit.karate - [print]
04:24:46.177 [ForkJoinPool-1-worker-3] INFO  com.intuit.karate - [print] testing xlinkurl:http://kadaster/06b6c650-cdb1-11dd-ad8b-0800200c9a79
04:24:46.177 [ForkJoinPool-1-worker-3] ERROR com.intuit.karate - java.net.UnknownHostException: kadaster, http call failed after 0 milliseconds for URL: http://kadaster/06b6c650-cdb1-11dd-ad8b-0800200c9a79
04:24:46.178 [ForkJoinPool-1-worker-3] ERROR com.intuit.karate - http request failed: 
java.net.UnknownHostException: kadaster
04:24:46.178 [ForkJoinPool-1-worker-3] ERROR com.intuit.karate - feature call (loop) failed at index: 0
caller: classpath:InspireTest/ngr/datasetrecords/def/checkxlinkurl.template.feature
arg: {"link":"http://kadaster/06b6c650-cdb1-11dd-ad8b-0800200c9a79"}
checkxlinkurl.template.feature:14 - 
java.net.UnknownHostException: kadaster
04:24:46.266 [ForkJoinPool-1-worker-5] INFO  com.intuit.karate - [print]
04:24:46.267 [ForkJoinPool-1-worker-5] INFO  com.intuit.karate - [print] testing xlinkurl:http://nationaalgeoregister.nl/geonetwork/srv/dut/catalog.search#/metadata/280ed37a-b8d2-4ac5-8567-04d84fad3a41
04:24:46.300 [ForkJoinPool-1-worker-9] ERROR com.intuit.karate - status code was: 404, expected: 200, response time: 280, url: https://nationaalgeoregister.nl/geonetwork/srv/resources7e290e63-f991-4cc3-beff-1ff08ce2be77, response: 
04:24:46.301 [ForkJoinPool-1-worker-9] ERROR com.intuit.karate - feature call (loop) failed at index: 0
caller: classpath:InspireTest/ngr/datasetrecords/def/checkxlinkurl.template.feature
arg: {"link":"https://nationaalgeoregister.nl/geonetwork/srv/resources7e290e63-f991-4cc3-beff-1ff08ce2be77"}
checkxlinkurl.template.feature:15 - status code was: 404, expected: 200, response time: 280, url: https://nationaalgeoregister.nl/geonetwork/srv/resources7e290e63-f991-4cc3-beff-1ff08ce2be77, response: 
04:24:46.302 [ForkJoinPool-1-worker-9] INFO  com.intuit.karate - [print]
04:24:46.302 [ForkJoinPool-1-worker-9] INFO  com.intuit.karate - [print] testing xlinkurl:https://www.nationaalgeoregister.nl/geonetwork/srv/eng/thesaurus.download?ref=external.theme.inspire-theme
04:24:46.427 [ForkJoinPool-1-worker-7] INFO  com.intuit.karate - [print]
04:24:46.428 [ForkJoinPool-1-worker-7] INFO  com.intuit.karate - [print] testing xlinkurl:http://kadaster/cb4edbd2-2dca-4d44-92bb-b2202048b526
04:24:46.430 [ForkJoinPool-1-worker-7] ERROR com.intuit.karate - java.net.UnknownHostException: kadaster, http call failed after 1 milliseconds for URL: http://kadaster/cb4edbd2-2dca-4d44-92bb-b2202048b526
04:24:46.430 [ForkJoinPool-1-worker-7] ERROR com.intuit.karate - http request failed: 
java.net.UnknownHostException: kadaster
04:24:46.431 [ForkJoinPool-1-worker-7] ERROR com.intuit.karate - feature call (loop) failed at index: 1
caller: classpath:InspireTest/ngr/datasetrecords/def/checkxlinkurl.template.feature
arg: {"link":"http://kadaster/cb4edbd2-2dca-4d44-92bb-b2202048b526"}
checkxlinkurl.template.feature:14 - 
java.net.UnknownHostException: kadaster
04:24:46.477 [ForkJoinPool-1-worker-13] INFO  com.intuit.karate - [print] title:Emissies naar het riool in 2011 vanuit de industrie
04:24:46.479 [ForkJoinPool-1-worker-13] INFO  com.intuit.karate - [print] Emissies naar het riool in 2011 vanuit de industrie
04:24:46.480 [ForkJoinPool-1-worker-13] INFO  com.intuit.karate - [print] [
  "emissieregistratie@rivm.nl",
  "",
  "emissieregistratie@rivm.nl"
]

04:24:46.481 [ForkJoinPool-1-worker-13] INFO  com.intuit.karate - [print] organisation: no organisationName found in dataset record
04:24:46.493 [ForkJoinPool-1-worker-13] INFO  com.intuit.karate - [print] [
  "https://data.rivm.nl/inspire/id#e6ddc53d-04c4-435d-bedd-a5ace2dc0313"
]

04:24:46.495 [ForkJoinPool-1-worker-5] INFO  com.intuit.karate - [print]
04:24:46.495 [ForkJoinPool-1-worker-5] INFO  com.intuit.karate - [print] testing xlinkurl:https://creativecommons.org/publicdomain/mark/*/deed.nl
04:24:46.508 [ForkJoinPool-1-worker-13] INFO  com.intuit.karate - [print]
04:24:46.520 [ForkJoinPool-1-worker-13] INFO  com.intuit.karate - [print] testing xlinkurl:https://data.rivm.nl/inspire/id#e6ddc53d-04c4-435d-bedd-a5ace2dc0313
04:24:46.532 [ForkJoinPool-1-worker-5] ERROR com.intuit.karate - status code was: 404, expected: 200, response time: 36, url: https://creativecommons.org/publicdomain/mark/*/deed.nl, response: 
04:24:46.532 [ForkJoinPool-1-worker-5] ERROR com.intuit.karate - feature call (loop) failed at index: 2
caller: classpath:InspireTest/ngr/datasetrecords/def/checkxlinkurl.template.feature
arg: {"link":"https://creativecommons.org/publicdomain/mark/*/deed.nl"}
checkxlinkurl.template.feature:15 - status code was: 404, expected: 200, response time: 36, url: https://creativecommons.org/publicdomain/mark/*/deed.nl, response: 
04:24:46.533 [ForkJoinPool-1-worker-5] INFO  com.intuit.karate - [print]
04:24:46.533 [ForkJoinPool-1-worker-5] INFO  com.intuit.karate - [print] testing xlinkurl:https://data.overheid.nl/organisatie/PDOK
04:24:46.588 [ForkJoinPool-1-worker-11] INFO  com.intuit.karate - [print]
04:24:46.588 [ForkJoinPool-1-worker-11] INFO  com.intuit.karate - [print] testing xlinkurl:http://nationaalgeoregister.nl/geonetwork/srv/dut/catalog.search#/metadata/247a1d15-0a67-40ce-85be-1403c08f15a8
04:24:46.618 [ForkJoinPool-1-worker-9] ERROR com.intuit.karate - status code was: 500, expected: 200, response time: 316, url: https://www.nationaalgeoregister.nl/geonetwork/srv/eng/thesaurus.download?ref=external.theme.inspire-theme, response: 
04:24:46.618 [ForkJoinPool-1-worker-9] ERROR com.intuit.karate - feature call (loop) failed at index: 1
caller: classpath:InspireTest/ngr/datasetrecords/def/checkxlinkurl.template.feature
arg: {"link":"https://www.nationaalgeoregister.nl/geonetwork/srv/eng/thesaurus.download?ref=external.theme.inspire-theme"}
checkxlinkurl.template.feature:15 - status code was: 500, expected: 200, response time: 316, url: https://www.nationaalgeoregister.nl/geonetwork/srv/eng/thesaurus.download?ref=external.theme.inspire-theme, response: 
04:24:46.735 [ForkJoinPool-1-worker-3] INFO  com.intuit.karate - [print] title:Zeegebieden (INSPIRE geharmoniseerd)
04:24:46.735 [ForkJoinPool-1-worker-3] INFO  com.intuit.karate - [print] Zeegebieden (INSPIRE geharmoniseerd)
04:24:46.736 [ForkJoinPool-1-worker-3] INFO  com.intuit.karate - [print] [
  "PPB-GVA@kadaster.nl",
  "kcc@kadaster.nl"
]

04:24:46.738 [ForkJoinPool-1-worker-3] INFO  com.intuit.karate - [print] organisation: [
  "Kadaster",
  "Kadaster"
]

04:24:46.741 [ForkJoinPool-1-worker-3] INFO  com.intuit.karate - [print] [
  "http://www.opengis.net/def/crs/EPSG/0/http://www.opengis.net/def/crs/EPSG/0/4258",
  "http://kadaster/9778afe6-2152-4a8f-ba32-9697625401e3"
]

04:24:46.745 [ForkJoinPool-1-worker-3] INFO  com.intuit.karate - [print]
04:24:46.745 [ForkJoinPool-1-worker-3] INFO  com.intuit.karate - [print] testing xlinkurl:http://www.opengis.net/def/crs/EPSG/0/http://www.opengis.net/def/crs/EPSG/0/4258
04:24:46.876 [ForkJoinPool-1-worker-13] ERROR com.intuit.karate - javax.net.ssl.SSLException: Connection reset, http call failed after 355 milliseconds for URL: https://data.rivm.nl/inspire/id#e6ddc53d-04c4-435d-bedd-a5ace2dc0313
04:24:46.876 [ForkJoinPool-1-worker-13] ERROR com.intuit.karate - http request failed: 
javax.net.ssl.SSLException: Connection reset
04:24:46.876 [ForkJoinPool-1-worker-13] ERROR com.intuit.karate - feature call (loop) failed at index: 0
caller: classpath:InspireTest/ngr/datasetrecords/def/checkxlinkurl.template.feature
arg: {"link":"https://data.rivm.nl/inspire/id#e6ddc53d-04c4-435d-bedd-a5ace2dc0313"}
checkxlinkurl.template.feature:14 - 
javax.net.ssl.SSLException: Connection reset
04:24:46.924 [ForkJoinPool-1-worker-11] INFO  com.intuit.karate - [print]
04:24:46.924 [ForkJoinPool-1-worker-11] INFO  com.intuit.karate - [print] testing xlinkurl:http://standaarden.overheid.nl/owms/terms/Ministerie_van_Landbouw,_Natuur_en_Voedselkwaliteit
04:24:46.945 [ForkJoinPool-1-worker-9] INFO  com.intuit.karate - [print] title:Bronbestanden waterkwaliteit
04:24:46.945 [ForkJoinPool-1-worker-9] INFO  com.intuit.karate - [print] Bronbestanden waterkwaliteit
04:24:46.945 [ForkJoinPool-1-worker-9] INFO  com.intuit.karate - [print] [
  "servicedesk@ihw.nl",
  "servicedesk@ihw.nl"
]

04:24:46.946 [ForkJoinPool-1-worker-9] INFO  com.intuit.karate - [print] organisation: [
  "Informatiehuis Water",
  "Informatiehuis Water"
]

04:24:47.047 [ForkJoinPool-1-worker-3] INFO  com.intuit.karate - [print]
04:24:47.047 [ForkJoinPool-1-worker-3] INFO  com.intuit.karate - [print] testing xlinkurl:http://kadaster/9778afe6-2152-4a8f-ba32-9697625401e3
04:24:47.048 [ForkJoinPool-1-worker-3] ERROR com.intuit.karate - java.net.UnknownHostException: kadaster, http call failed after 0 milliseconds for URL: http://kadaster/9778afe6-2152-4a8f-ba32-9697625401e3
04:24:47.048 [ForkJoinPool-1-worker-3] ERROR com.intuit.karate - http request failed: 
java.net.UnknownHostException: kadaster
04:24:47.048 [ForkJoinPool-1-worker-3] ERROR com.intuit.karate - feature call (loop) failed at index: 1
caller: classpath:InspireTest/ngr/datasetrecords/def/checkxlinkurl.template.feature
arg: {"link":"http://kadaster/9778afe6-2152-4a8f-ba32-9697625401e3"}
checkxlinkurl.template.feature:14 - 
java.net.UnknownHostException: kadaster
04:24:47.070 [ForkJoinPool-1-worker-7] INFO  com.intuit.karate - [print] title:Emissies naar het riool in 2015 vanuit de industrie
04:24:47.071 [ForkJoinPool-1-worker-7] INFO  com.intuit.karate - [print] Emissies naar het riool in 2015 vanuit de industrie
04:24:47.072 [ForkJoinPool-1-worker-7] INFO  com.intuit.karate - [print] [
  "emissieregistratie@rivm.nl",
  "",
  "emissieregistratie@rivm.nl"
]

04:24:47.073 [ForkJoinPool-1-worker-7] INFO  com.intuit.karate - [print] organisation: no organisationName found in dataset record
04:24:47.082 [ForkJoinPool-1-worker-7] INFO  com.intuit.karate - [print] [
  "https://data.rivm.nl/inspire/id#64d546c9-71d4-4c84-a04c-61c5d0734f65"
]

04:24:47.087 [ForkJoinPool-1-worker-7] INFO  com.intuit.karate - [print]
04:24:47.087 [ForkJoinPool-1-worker-7] INFO  com.intuit.karate - [print] testing xlinkurl:https://data.rivm.nl/inspire/id#64d546c9-71d4-4c84-a04c-61c5d0734f65
04:24:47.393 [ForkJoinPool-1-worker-13] INFO  com.intuit.karate - [print] title:Mossel- en oesterhabitats
04:24:47.394 [ForkJoinPool-1-worker-13] INFO  com.intuit.karate - [print] Mossel- en oesterhabitats
04:24:47.395 [ForkJoinPool-1-worker-13] INFO  com.intuit.karate - [print] [
  "geodatabeheer.giscc@rvo.nl",
  "geodatabeheer.giscc@rvo.nl",
  "info@wur.nl",
  "BeheerPDOK@kadaster.nl"
]

04:24:47.396 [ForkJoinPool-1-worker-13] INFO  com.intuit.karate - [print] organisation: [
  "Ministerie van Economische Zaken - GIS Competence Center",
  "Wageningen Marine Research",
  "PDOK"
]

04:24:47.401 [ForkJoinPool-1-worker-13] INFO  com.intuit.karate - [print] [
  "https://www.nationaalgeoregister.nl/geonetwork/srv/dut/catalog.search#/metadata/3d59fd06-9aec-4744-91e7-65e119f74569",
  "http://standaarden.overheid.nl/owms/terms/Ministerie_van_Landbouw,_Natuur_en_Voedselkwaliteit"
]

04:24:47.405 [ForkJoinPool-1-worker-13] INFO  com.intuit.karate - [print]
04:24:47.406 [ForkJoinPool-1-worker-13] INFO  com.intuit.karate - [print] testing xlinkurl:https://www.nationaalgeoregister.nl/geonetwork/srv/dut/catalog.search#/metadata/3d59fd06-9aec-4744-91e7-65e119f74569
04:24:47.439 [ForkJoinPool-1-worker-5] ERROR com.intuit.karate - status code was: 404, expected: 200, response time: 356, url: https://data.overheid.nl/organisatie/PDOK, response: 
04:24:47.439 [ForkJoinPool-1-worker-5] ERROR com.intuit.karate - feature call (loop) failed at index: 3
caller: classpath:InspireTest/ngr/datasetrecords/def/checkxlinkurl.template.feature
arg: {"link":"https://data.overheid.nl/organisatie/PDOK"}
checkxlinkurl.template.feature:15 - status code was: 404, expected: 200, response time: 356, url: https://data.overheid.nl/organisatie/PDOK, response: 
04:24:47.447 [ForkJoinPool-1-worker-11] INFO  com.intuit.karate - [print]
04:24:47.447 [ForkJoinPool-1-worker-11] INFO  com.intuit.karate - [print] testing xlinkurl:http://standaarden.overheid.nl/owms/terms/Ministerie_van_Landbouw,_Natuur_en_Voedselkwaliteit
04:24:47.453 [ForkJoinPool-1-worker-7] ERROR com.intuit.karate - javax.net.ssl.SSLException: Connection reset, http call failed after 365 milliseconds for URL: https://data.rivm.nl/inspire/id#64d546c9-71d4-4c84-a04c-61c5d0734f65
04:24:47.453 [ForkJoinPool-1-worker-7] ERROR com.intuit.karate - http request failed: 
javax.net.ssl.SSLException: Connection reset
04:24:47.453 [ForkJoinPool-1-worker-7] ERROR com.intuit.karate - feature call (loop) failed at index: 0
caller: classpath:InspireTest/ngr/datasetrecords/def/checkxlinkurl.template.feature
arg: {"link":"https://data.rivm.nl/inspire/id#64d546c9-71d4-4c84-a04c-61c5d0734f65"}
checkxlinkurl.template.feature:14 - 
javax.net.ssl.SSLException: Connection reset
04:24:47.477 [ForkJoinPool-1-worker-9] INFO  com.intuit.karate - [print] title:Administratieve Eenheden
04:24:47.477 [ForkJoinPool-1-worker-9] INFO  com.intuit.karate - [print] Administratieve Eenheden
04:24:47.478 [ForkJoinPool-1-worker-9] INFO  com.intuit.karate - [print] [
  "PPB-GVA@kadaster.nl",
  "kcc@kadaster.nl",
  "kcc@kadaster.nl"
]

04:24:47.480 [ForkJoinPool-1-worker-9] INFO  com.intuit.karate - [print] organisation: [
  "Kadaster",
  "Kadaster en Openbare Registers",
  "Kadaster en de Openbare Registers"
]

04:24:47.487 [ForkJoinPool-1-worker-9] INFO  com.intuit.karate - [print] [
  "http://kadaster/06b6c650-cdb1-11dd-ad8b-0800200c9a76"
]

04:24:47.505 [ForkJoinPool-1-worker-9] INFO  com.intuit.karate - [print]
04:24:47.505 [ForkJoinPool-1-worker-9] INFO  com.intuit.karate - [print] testing xlinkurl:http://kadaster/06b6c650-cdb1-11dd-ad8b-0800200c9a76
04:24:47.515 [ForkJoinPool-1-worker-9] ERROR com.intuit.karate - java.net.UnknownHostException: kadaster, http call failed after 9 milliseconds for URL: http://kadaster/06b6c650-cdb1-11dd-ad8b-0800200c9a76
04:24:47.516 [ForkJoinPool-1-worker-9] ERROR com.intuit.karate - http request failed: 
java.net.UnknownHostException: kadaster
04:24:47.517 [ForkJoinPool-1-worker-9] ERROR com.intuit.karate - feature call (loop) failed at index: 0
caller: classpath:InspireTest/ngr/datasetrecords/def/checkxlinkurl.template.feature
arg: {"link":"http://kadaster/06b6c650-cdb1-11dd-ad8b-0800200c9a76"}
checkxlinkurl.template.feature:14 - 
java.net.UnknownHostException: kadaster
04:24:47.562 [ForkJoinPool-1-worker-3] INFO  com.intuit.karate - [print] title:Amplitude van het getij op de Noordzee
04:24:47.563 [ForkJoinPool-1-worker-3] INFO  com.intuit.karate - [print] Amplitude van het getij op de Noordzee
04:24:47.564 [ForkJoinPool-1-worker-3] INFO  com.intuit.karate - [print] [
  "data@hydro.nl",
  "data@hydro.nl",
  "data@hydro.nl",
  ""
]

04:24:47.566 [ForkJoinPool-1-worker-3] INFO  com.intuit.karate - [print] organisation: [
  "Ministerie van Defensie, Koninklijke Marine, Dienst der Hydrografie",
  "Ministerie van Defensie, Koninklijke Marine, Dienst der Hydrografie",
  "Ministerie van Defensie, Koninklijke Marine, Dienst der Hydrografie"
]

04:24:47.581 [ForkJoinPool-1-worker-3] INFO  com.intuit.karate - [print] [
  "http://www.opengis.net/def/crs/EPSG/0/https://www.opengis.net/def/crs/EPSG/0/4258",
  "https://www.nationaalgeoregister.nl/geonetwork/srv/api/recordsbe6551de-a709-4c6d-a5e2-f63f0cf038ba"
]

04:24:47.586 [ForkJoinPool-1-worker-3] INFO  com.intuit.karate - [print]
04:24:47.593 [ForkJoinPool-1-worker-3] INFO  com.intuit.karate - [print] testing xlinkurl:http://www.opengis.net/def/crs/EPSG/0/https://www.opengis.net/def/crs/EPSG/0/4258
04:24:47.722 [ForkJoinPool-1-worker-13] INFO  com.intuit.karate - [print]
04:24:47.723 [ForkJoinPool-1-worker-13] INFO  com.intuit.karate - [print] testing xlinkurl:http://standaarden.overheid.nl/owms/terms/Ministerie_van_Landbouw,_Natuur_en_Voedselkwaliteit
04:24:47.892 [ForkJoinPool-1-worker-3] INFO  com.intuit.karate - [print]
04:24:47.892 [ForkJoinPool-1-worker-3] INFO  com.intuit.karate - [print] testing xlinkurl:https://www.nationaalgeoregister.nl/geonetwork/srv/api/recordsbe6551de-a709-4c6d-a5e2-f63f0cf038ba
04:24:47.967 [ForkJoinPool-1-worker-7] INFO  com.intuit.karate - [print] title:Afgevoerde hoeveelheid afval in 2015 vanuit de industrie
04:24:47.967 [ForkJoinPool-1-worker-7] INFO  com.intuit.karate - [print] Afgevoerde hoeveelheid afval in 2015 vanuit de industrie
04:24:47.968 [ForkJoinPool-1-worker-7] INFO  com.intuit.karate - [print] [
  "emissieregistratie@rivm.nl",
  "",
  "emissieregistratie@rivm.nl"
]

04:24:47.969 [ForkJoinPool-1-worker-7] INFO  com.intuit.karate - [print] organisation: no organisationName found in dataset record
04:24:47.979 [ForkJoinPool-1-worker-11] INFO  com.intuit.karate - [print]
04:24:47.980 [ForkJoinPool-1-worker-11] INFO  com.intuit.karate - [print] testing xlinkurl:xlink:href=https://inspire.ec.europa.eu/id/document/tg/ps
04:24:47.980 [ForkJoinPool-1-worker-11] ERROR com.intuit.karate - org.apache.http.client.ClientProtocolException: URI does not specify a valid host name: xlink:href=https://inspire.ec.europa.eu/id/document/tg/ps, http call failed after 0 milliseconds for URL: xlink:href=https://inspire.ec.europa.eu/id/document/tg/ps
04:24:47.980 [ForkJoinPool-1-worker-11] ERROR com.intuit.karate - http request failed: 
org.apache.http.client.ClientProtocolException: URI does not specify a valid host name: xlink:href=https://inspire.ec.europa.eu/id/document/tg/ps
04:24:47.980 [ForkJoinPool-1-worker-11] ERROR com.intuit.karate - feature call (loop) failed at index: 4
caller: classpath:InspireTest/ngr/datasetrecords/def/checkxlinkurl.template.feature
arg: {"link":"xlink:href=https://inspire.ec.europa.eu/id/document/tg/ps"}
checkxlinkurl.template.feature:14 - 
org.apache.http.client.ClientProtocolException: URI does not specify a valid host name: xlink:href=https://inspire.ec.europa.eu/id/document/tg/ps
04:24:47.981 [ForkJoinPool-1-worker-11] INFO  com.intuit.karate - [print]
04:24:47.981 [ForkJoinPool-1-worker-11] INFO  com.intuit.karate - [print] testing xlinkurl:https://data.overheid.nl/organisatie/PDOK
04:24:47.981 [ForkJoinPool-1-worker-7] INFO  com.intuit.karate - [print] [
  "https://data.rivm.nl/inspire/id#1de92b14-bc21-4f33-b0de-abd325e61804"
]

04:24:47.984 [ForkJoinPool-1-worker-7] INFO  com.intuit.karate - [print]
04:24:47.989 [ForkJoinPool-1-worker-7] INFO  com.intuit.karate - [print] testing xlinkurl:https://data.rivm.nl/inspire/id#1de92b14-bc21-4f33-b0de-abd325e61804
04:24:48.036 [ForkJoinPool-1-worker-5] INFO  com.intuit.karate - [print] title:Grondwatersamenstellinggegevens KRW meetronde 2012 onder INSPIRE
04:24:48.036 [ForkJoinPool-1-worker-5] INFO  com.intuit.karate - [print] Grondwatersamenstellinggegevens KRW meetronde 2012 onder INSPIRE
04:24:48.038 [ForkJoinPool-1-worker-5] INFO  com.intuit.karate - [print] [
  "info@dinoloket.nl",
  "info@dinoloket.nl",
  "info@dinoloket.nl"
]

04:24:48.038 [ForkJoinPool-1-worker-5] INFO  com.intuit.karate - [print] organisation: [
  "TNO Geologische Dienst Nederland",
  "TNO Geologische Dienst Nederland",
  "TNO Geologische Dienst Nederland"
]

04:24:48.044 [ForkJoinPool-1-worker-5] INFO  com.intuit.karate - [print] [
  "https://nationaalgeoregister.nl/geonetwork/srv/resources7d716522-fa1a-43b4-99c0-3a3480f9e218",
  "https://www.nationaalgeoregister.nl/geonetwork/srv/eng/thesaurus.download?ref=external.theme.inspire-theme"
]

04:24:48.063 [ForkJoinPool-1-worker-5] INFO  com.intuit.karate - [print]
04:24:48.063 [ForkJoinPool-1-worker-5] INFO  com.intuit.karate - [print] testing xlinkurl:https://nationaalgeoregister.nl/geonetwork/srv/resources7d716522-fa1a-43b4-99c0-3a3480f9e218
04:24:48.094 [ForkJoinPool-1-worker-9] INFO  com.intuit.karate - [print] title:Geluidkaart Schiphol 2016 (Lnight)
04:24:48.095 [ForkJoinPool-1-worker-9] INFO  com.intuit.karate - [print] Geluidkaart Schiphol 2016 (Lnight)
04:24:48.096 [ForkJoinPool-1-worker-9] INFO  com.intuit.karate - [print] [
  "sylvia.koolmees@minienw.nl",
  "sylvia.koolmees@minienw.nl"
]

04:24:48.098 [ForkJoinPool-1-worker-9] INFO  com.intuit.karate - [print] organisation: [
  "Ministerie van IenW",
  "Ministerie van IenW"
]

04:24:48.111 [ForkJoinPool-1-worker-9] INFO  com.intuit.karate - [print] [
  "https://www.nationaalgeoregister.nl/geonetwork/srv/api/records58d39928-f502-48c9-a8c1-03244dc181bf"
]

04:24:48.115 [ForkJoinPool-1-worker-9] INFO  com.intuit.karate - [print]
04:24:48.115 [ForkJoinPool-1-worker-9] INFO  com.intuit.karate - [print] testing xlinkurl:https://www.nationaalgeoregister.nl/geonetwork/srv/api/records58d39928-f502-48c9-a8c1-03244dc181bf
04:24:48.318 [ForkJoinPool-1-worker-3] ERROR com.intuit.karate - status code was: 500, expected: 200, response time: 426, url: https://www.nationaalgeoregister.nl/geonetwork/srv/api/recordsbe6551de-a709-4c6d-a5e2-f63f0cf038ba, response: 
04:24:48.319 [ForkJoinPool-1-worker-3] ERROR com.intuit.karate - feature call (loop) failed at index: 1
caller: classpath:InspireTest/ngr/datasetrecords/def/checkxlinkurl.template.feature
arg: {"link":"https://www.nationaalgeoregister.nl/geonetwork/srv/api/recordsbe6551de-a709-4c6d-a5e2-f63f0cf038ba"}
checkxlinkurl.template.feature:15 - status code was: 500, expected: 200, response time: 426, url: https://www.nationaalgeoregister.nl/geonetwork/srv/api/recordsbe6551de-a709-4c6d-a5e2-f63f0cf038ba, response: 
04:24:48.345 [ForkJoinPool-1-worker-7] ERROR com.intuit.karate - javax.net.ssl.SSLException: Connection reset, http call failed after 355 milliseconds for URL: https://data.rivm.nl/inspire/id#1de92b14-bc21-4f33-b0de-abd325e61804
04:24:48.346 [ForkJoinPool-1-worker-7] ERROR com.intuit.karate - http request failed: 
javax.net.ssl.SSLException: Connection reset
04:24:48.346 [ForkJoinPool-1-worker-7] ERROR com.intuit.karate - feature call (loop) failed at index: 0
caller: classpath:InspireTest/ngr/datasetrecords/def/checkxlinkurl.template.feature
arg: {"link":"https://data.rivm.nl/inspire/id#1de92b14-bc21-4f33-b0de-abd325e61804"}
checkxlinkurl.template.feature:14 - 
javax.net.ssl.SSLException: Connection reset
04:24:48.348 [ForkJoinPool-1-worker-5] ERROR com.intuit.karate - status code was: 404, expected: 200, response time: 284, url: https://nationaalgeoregister.nl/geonetwork/srv/resources7d716522-fa1a-43b4-99c0-3a3480f9e218, response: 
04:24:48.348 [ForkJoinPool-1-worker-5] ERROR com.intuit.karate - feature call (loop) failed at index: 0
caller: classpath:InspireTest/ngr/datasetrecords/def/checkxlinkurl.template.feature
arg: {"link":"https://nationaalgeoregister.nl/geonetwork/srv/resources7d716522-fa1a-43b4-99c0-3a3480f9e218"}
checkxlinkurl.template.feature:15 - status code was: 404, expected: 200, response time: 284, url: https://nationaalgeoregister.nl/geonetwork/srv/resources7d716522-fa1a-43b4-99c0-3a3480f9e218, response: 
04:24:48.349 [ForkJoinPool-1-worker-5] INFO  com.intuit.karate - [print]
04:24:48.349 [ForkJoinPool-1-worker-5] INFO  com.intuit.karate - [print] testing xlinkurl:https://www.nationaalgeoregister.nl/geonetwork/srv/eng/thesaurus.download?ref=external.theme.inspire-theme
04:24:48.422 [ForkJoinPool-1-worker-9] ERROR com.intuit.karate - status code was: 500, expected: 200, response time: 305, url: https://www.nationaalgeoregister.nl/geonetwork/srv/api/records58d39928-f502-48c9-a8c1-03244dc181bf, response: 
04:24:48.422 [ForkJoinPool-1-worker-9] ERROR com.intuit.karate - feature call (loop) failed at index: 0
caller: classpath:InspireTest/ngr/datasetrecords/def/checkxlinkurl.template.feature
arg: {"link":"https://www.nationaalgeoregister.nl/geonetwork/srv/api/records58d39928-f502-48c9-a8c1-03244dc181bf"}
checkxlinkurl.template.feature:15 - status code was: 500, expected: 200, response time: 305, url: https://www.nationaalgeoregister.nl/geonetwork/srv/api/records58d39928-f502-48c9-a8c1-03244dc181bf, response: 
04:24:48.787 [ForkJoinPool-1-worker-13] INFO  com.intuit.karate - [print] title:Ligging industrie en CO2 emissies
04:24:48.788 [ForkJoinPool-1-worker-13] INFO  com.intuit.karate - [print] Ligging industrie en CO2 emissies
04:24:48.789 [ForkJoinPool-1-worker-13] INFO  com.intuit.karate - [print] [
  "geodatabeheer.giscc@rvo.nl",
  "geodatabeheer.giscc@rvo.nl"
]

04:24:48.790 [ForkJoinPool-1-worker-13] INFO  com.intuit.karate - [print] organisation: Ministerie van Economische Zaken - GIS Competence Center
04:24:48.796 [ForkJoinPool-1-worker-13] INFO  com.intuit.karate - [print] [
  "https://www.nationaalgeoregister.nl/geonetwork/srv/dut/catalog.search#/metadata/d6b85d84-cdb9-4a6e-b799-cf8826e22a94"
]

04:24:48.808 [ForkJoinPool-1-worker-5] ERROR com.intuit.karate - status code was: 500, expected: 200, response time: 458, url: https://www.nationaalgeoregister.nl/geonetwork/srv/eng/thesaurus.download?ref=external.theme.inspire-theme, response: 
04:24:48.808 [ForkJoinPool-1-worker-5] ERROR com.intuit.karate - feature call (loop) failed at index: 1
caller: classpath:InspireTest/ngr/datasetrecords/def/checkxlinkurl.template.feature
arg: {"link":"https://www.nationaalgeoregister.nl/geonetwork/srv/eng/thesaurus.download?ref=external.theme.inspire-theme"}
checkxlinkurl.template.feature:15 - status code was: 500, expected: 200, response time: 458, url: https://www.nationaalgeoregister.nl/geonetwork/srv/eng/thesaurus.download?ref=external.theme.inspire-theme, response: 
04:24:48.817 [ForkJoinPool-1-worker-13] INFO  com.intuit.karate - [print]
04:24:48.824 [ForkJoinPool-1-worker-13] INFO  com.intuit.karate - [print] testing xlinkurl:https://www.nationaalgeoregister.nl/geonetwork/srv/dut/catalog.search#/metadata/d6b85d84-cdb9-4a6e-b799-cf8826e22a94
04:24:48.900 [ForkJoinPool-1-worker-3] INFO  com.intuit.karate - [print] title:Gebouwen (INSPIRE geharmoniseerd)
04:24:48.900 [ForkJoinPool-1-worker-3] INFO  com.intuit.karate - [print] Gebouwen (INSPIRE geharmoniseerd)
04:24:48.901 [ForkJoinPool-1-worker-3] INFO  com.intuit.karate - [print] [
  "PPB-GVA@kadaster.nl",
  "kcc@kadaster.nl"
]

04:24:48.914 [ForkJoinPool-1-worker-3] INFO  com.intuit.karate - [print] organisation: [
  "Kadaster",
  "Kadaster"
]

04:24:48.925 [ForkJoinPool-1-worker-3] INFO  com.intuit.karate - [print] [
  "http://www.opengis.net/def/crs/EPSG/0/http://www.opengis.net/def/crs/EPSG/0/4258",
  "http://kadaster/80b2d12c-32be-54fg-b6d3\u201434f4ffc06cf3"
]

04:24:48.928 [ForkJoinPool-1-worker-7] INFO  com.intuit.karate - [print] title:Luchtfoto 2017 25cm RGB open data
04:24:48.928 [ForkJoinPool-1-worker-7] INFO  com.intuit.karate - [print] Luchtfoto 2017 25cm RGB open data
04:24:48.930 [ForkJoinPool-1-worker-7] INFO  com.intuit.karate - [print] [
  "PPB-GVA@kadaster.nl",
  "info@hetwaterschapshuis.nl",
  "kcc@kadaster.nl",
  "",
  "",
  "",
  "",
  "",
  ""
]

04:24:48.932 [ForkJoinPool-1-worker-7] INFO  com.intuit.karate - [print] organisation: [
  "Kadaster",
  "Het Waterschapshuis",
  "Kadaster",
  "Eurosense",
  "Eurosense",
  "Eurosense",
  "Kadaster",
  "Kadaster"
]

04:24:48.928 [ForkJoinPool-1-worker-3] INFO  com.intuit.karate - [print]
04:24:48.940 [ForkJoinPool-1-worker-3] INFO  com.intuit.karate - [print] testing xlinkurl:http://www.opengis.net/def/crs/EPSG/0/http://www.opengis.net/def/crs/EPSG/0/4258
04:24:48.951 [ForkJoinPool-1-worker-7] INFO  com.intuit.karate - [print] [
  "http://kadaster/2482250f-3b00-4439-9f93-f3118229b017",
  "",
  "",
  ""
]

04:24:48.957 [ForkJoinPool-1-worker-7] INFO  com.intuit.karate - [print]
04:24:48.957 [ForkJoinPool-1-worker-7] INFO  com.intuit.karate - [print] testing xlinkurl:http://kadaster/2482250f-3b00-4439-9f93-f3118229b017
04:24:48.967 [ForkJoinPool-1-worker-7] ERROR com.intuit.karate - java.net.UnknownHostException: kadaster: Temporary failure in name resolution, http call failed after 9 milliseconds for URL: http://kadaster/2482250f-3b00-4439-9f93-f3118229b017
04:24:48.967 [ForkJoinPool-1-worker-7] ERROR com.intuit.karate - http request failed: 
java.net.UnknownHostException: kadaster: Temporary failure in name resolution
04:24:48.967 [ForkJoinPool-1-worker-7] ERROR com.intuit.karate - feature call (loop) failed at index: 0
caller: classpath:InspireTest/ngr/datasetrecords/def/checkxlinkurl.template.feature
arg: {"link":"http://kadaster/2482250f-3b00-4439-9f93-f3118229b017"}
checkxlinkurl.template.feature:14 - 
java.net.UnknownHostException: kadaster: Temporary failure in name resolution
04:24:48.968 [ForkJoinPool-1-worker-7] INFO  com.intuit.karate - [print]
04:24:48.968 [ForkJoinPool-1-worker-7] INFO  com.intuit.karate - [print] testing xlinkurl:
04:24:48.969 [ForkJoinPool-1-worker-7] ERROR com.intuit.karate - org.apache.http.client.ClientProtocolException, http call failed after 0 milliseconds for URL: 
04:24:48.969 [ForkJoinPool-1-worker-7] ERROR com.intuit.karate - http request failed: 
org.apache.http.client.ClientProtocolException
04:24:48.969 [ForkJoinPool-1-worker-7] ERROR com.intuit.karate - feature call (loop) failed at index: 1
caller: classpath:InspireTest/ngr/datasetrecords/def/checkxlinkurl.template.feature
arg: {"link":""}
checkxlinkurl.template.feature:14 - 
org.apache.http.client.ClientProtocolException
04:24:48.976 [ForkJoinPool-1-worker-7] INFO  com.intuit.karate - [print]
04:24:48.976 [ForkJoinPool-1-worker-7] INFO  com.intuit.karate - [print] testing xlinkurl:
04:24:48.976 [ForkJoinPool-1-worker-7] ERROR com.intuit.karate - org.apache.http.client.ClientProtocolException, http call failed after 0 milliseconds for URL: 
04:24:48.976 [ForkJoinPool-1-worker-7] ERROR com.intuit.karate - http request failed: 
org.apache.http.client.ClientProtocolException
04:24:48.976 [ForkJoinPool-1-worker-7] ERROR com.intuit.karate - feature call (loop) failed at index: 2
caller: classpath:InspireTest/ngr/datasetrecords/def/checkxlinkurl.template.feature
arg: {"link":""}
checkxlinkurl.template.feature:14 - 
org.apache.http.client.ClientProtocolException
04:24:48.977 [ForkJoinPool-1-worker-7] INFO  com.intuit.karate - [print]
04:24:48.977 [ForkJoinPool-1-worker-7] INFO  com.intuit.karate - [print] testing xlinkurl:
04:24:48.978 [ForkJoinPool-1-worker-7] ERROR com.intuit.karate - org.apache.http.client.ClientProtocolException, http call failed after 0 milliseconds for URL: 
04:24:48.978 [ForkJoinPool-1-worker-7] ERROR com.intuit.karate - http request failed: 
org.apache.http.client.ClientProtocolException
04:24:48.978 [ForkJoinPool-1-worker-7] ERROR com.intuit.karate - feature call (loop) failed at index: 3
caller: classpath:InspireTest/ngr/datasetrecords/def/checkxlinkurl.template.feature
arg: {"link":""}
checkxlinkurl.template.feature:14 - 
org.apache.http.client.ClientProtocolException
04:24:49.032 [ForkJoinPool-1-worker-11] ERROR com.intuit.karate - status code was: 404, expected: 200, response time: 504, url: https://data.overheid.nl/organisatie/PDOK, response: 
04:24:49.032 [ForkJoinPool-1-worker-11] ERROR com.intuit.karate - feature call (loop) failed at index: 5
caller: classpath:InspireTest/ngr/datasetrecords/def/checkxlinkurl.template.feature
arg: {"link":"https://data.overheid.nl/organisatie/PDOK"}
checkxlinkurl.template.feature:15 - status code was: 404, expected: 200, response time: 504, url: https://data.overheid.nl/organisatie/PDOK, response: 
04:24:49.052 [ForkJoinPool-1-worker-9] INFO  com.intuit.karate - [print] title:Ziekenhuizen in Nederland (september 2013)
04:24:49.053 [ForkJoinPool-1-worker-9] INFO  com.intuit.karate - [print] Ziekenhuizen in Nederland (september 2013)
04:24:49.054 [ForkJoinPool-1-worker-9] INFO  com.intuit.karate - [print] [
  "atlas@rivm.nl",
  "",
  "geodata@rivm.nl"
]

04:24:49.055 [ForkJoinPool-1-worker-9] INFO  com.intuit.karate - [print] organisation: no organisationName found in dataset record
04:24:49.062 [ForkJoinPool-1-worker-9] INFO  com.intuit.karate - [print] [
  "https://data.rivm.nl/inspire/id#1e3a98db-5d5e-4e61-8b64-1d132ddb439e"
]

04:24:49.073 [ForkJoinPool-1-worker-9] INFO  com.intuit.karate - [print]
04:24:49.073 [ForkJoinPool-1-worker-9] INFO  com.intuit.karate - [print] testing xlinkurl:https://data.rivm.nl/inspire/id#1e3a98db-5d5e-4e61-8b64-1d132ddb439e
04:24:49.157 [ForkJoinPool-1-worker-5] INFO  com.intuit.karate - [print] title:Bodemkaart50000_versie2014
04:24:49.157 [ForkJoinPool-1-worker-5] INFO  com.intuit.karate - [print] Bodemkaart50000_versie2014
04:24:49.158 [ForkJoinPool-1-worker-5] INFO  com.intuit.karate - [print] [
  "fokke.brouwer@wur.nl",
  "GeoDesk@wur.nl",
  "fokke.brouwer@wur.nl",
  "GeoDesk@wur.nl"
]

04:24:49.158 [ForkJoinPool-1-worker-5] INFO  com.intuit.karate - [print] organisation: [
  "Wageningen Environmental Research",
  "Wageningen Environmental Research (Alterra)",
  "Wageningen Environmental Research",
  "Wageningen Environmental Research (Alterra)",
  "ALTERRA en voorafgaande instituten",
  "ALTERRA en voorafgaande instituten",
  "Alterra",
  "Alterra",
  "Alterra Wageningen UR",
  "Alterra"
]

04:24:49.168 [ForkJoinPool-1-worker-5] INFO  com.intuit.karate - [print] [
  "h",
  "t",
  "t",
  "p",
  ":",
  "/",
  "/",
  "s",
  "t",
  "a",
  "n",
  "d",
  "a",
  "r",
  "d",
  "s",
  ".",
  "i",
  "s",
  "o",
  ".",
  "o",
  "r",
  "g",
  "/",
  "i",
  "t",
  "t",
  "f",
  "/",
  "P",
  "u",
  "b",
  "l",
  "i",
  "c",
  "l",
  "y",
  "A",
  "v",
  "a",
  "i",
  "l",
  "a",
  "b",
  "l",
  "e",
  "S",
  "t",
  "a",
  "n",
  "d",
  "a",
  "r",
  "d",
  "s",
  "/",
  "I",
  "S",
  "O",
  "_",
  "1",
  "9",
  "1",
  "3",
  "9",
  "_",
  "S",
  "c",
  "h",
  "e",
  "m",
  "a",
  "s",
  "/",
  "r",
  "e",
  "s",
  "o",
  "u",
  "r",
  "c",
  "e",
  "s",
  "/",
  "u",
  "o",
  "m",
  "/",
  "g",
  "m",
  "x",
  "U",
  "o",
  "m",
  ".",
  "x",
  "m",
  "l",
  "#",
  "m"
]

04:24:49.180 [ForkJoinPool-1-worker-5] INFO  com.intuit.karate - [print]
04:24:49.181 [ForkJoinPool-1-worker-5] INFO  com.intuit.karate - [print] testing xlinkurl:h
04:24:49.181 [ForkJoinPool-1-worker-5] ERROR com.intuit.karate - org.apache.http.client.ClientProtocolException, http call failed after 0 milliseconds for URL: h
04:24:49.181 [ForkJoinPool-1-worker-5] ERROR com.intuit.karate - http request failed: 
org.apache.http.client.ClientProtocolException
04:24:49.181 [ForkJoinPool-1-worker-5] ERROR com.intuit.karate - feature call (loop) failed at index: 0
caller: classpath:InspireTest/ngr/datasetrecords/def/checkxlinkurl.template.feature
arg: {"link":"h"}
checkxlinkurl.template.feature:14 - 
org.apache.http.client.ClientProtocolException
04:24:49.182 [ForkJoinPool-1-worker-5] INFO  com.intuit.karate - [print]
04:24:49.182 [ForkJoinPool-1-worker-5] INFO  com.intuit.karate - [print] testing xlinkurl:t
04:24:49.182 [ForkJoinPool-1-worker-5] ERROR com.intuit.karate - org.apache.http.client.ClientProtocolException, http call failed after 0 milliseconds for URL: t
04:24:49.182 [ForkJoinPool-1-worker-5] ERROR com.intuit.karate - http request failed: 
org.apache.http.client.ClientProtocolException
04:24:49.182 [ForkJoinPool-1-worker-5] ERROR com.intuit.karate - feature call (loop) failed at index: 1
caller: classpath:InspireTest/ngr/datasetrecords/def/checkxlinkurl.template.feature
arg: {"link":"t"}
checkxlinkurl.template.feature:14 - 
org.apache.http.client.ClientProtocolException
04:24:49.183 [ForkJoinPool-1-worker-5] INFO  com.intuit.karate - [print]
04:24:49.183 [ForkJoinPool-1-worker-5] INFO  com.intuit.karate - [print] testing xlinkurl:t
04:24:49.183 [ForkJoinPool-1-worker-5] ERROR com.intuit.karate - org.apache.http.client.ClientProtocolException, http call failed after 0 milliseconds for URL: t
04:24:49.183 [ForkJoinPool-1-worker-5] ERROR com.intuit.karate - http request failed: 
org.apache.http.client.ClientProtocolException
04:24:49.183 [ForkJoinPool-1-worker-5] ERROR com.intuit.karate - feature call (loop) failed at index: 2
caller: classpath:InspireTest/ngr/datasetrecords/def/checkxlinkurl.template.feature
arg: {"link":"t"}
checkxlinkurl.template.feature:14 - 
org.apache.http.client.ClientProtocolException
04:24:49.184 [ForkJoinPool-1-worker-5] INFO  com.intuit.karate - [print]
04:24:49.184 [ForkJoinPool-1-worker-5] INFO  com.intuit.karate - [print] testing xlinkurl:p
04:24:49.184 [ForkJoinPool-1-worker-5] ERROR com.intuit.karate - org.apache.http.client.ClientProtocolException, http call failed after 0 milliseconds for URL: p
04:24:49.184 [ForkJoinPool-1-worker-5] ERROR com.intuit.karate - http request failed: 
org.apache.http.client.ClientProtocolException
04:24:49.185 [ForkJoinPool-1-worker-5] ERROR com.intuit.karate - feature call (loop) failed at index: 3
caller: classpath:InspireTest/ngr/datasetrecords/def/checkxlinkurl.template.feature
arg: {"link":"p"}
checkxlinkurl.template.feature:14 - 
org.apache.http.client.ClientProtocolException
04:24:49.185 [ForkJoinPool-1-worker-5] INFO  com.intuit.karate - [print]
04:24:49.185 [ForkJoinPool-1-worker-5] INFO  com.intuit.karate - [print] testing xlinkurl::
04:24:49.185 [ForkJoinPool-1-worker-5] ERROR com.intuit.karate - http request failed: java.net.URISyntaxException: Expected scheme name at index 0: :
04:24:49.185 [ForkJoinPool-1-worker-5] ERROR com.intuit.karate - feature call (loop) failed at index: 4
caller: classpath:InspireTest/ngr/datasetrecords/def/checkxlinkurl.template.feature
arg: {"link":":"}
checkxlinkurl.template.feature:14 - java.net.URISyntaxException: Expected scheme name at index 0: :
04:24:49.186 [ForkJoinPool-1-worker-5] INFO  com.intuit.karate - [print]
04:24:49.186 [ForkJoinPool-1-worker-5] INFO  com.intuit.karate - [print] testing xlinkurl:/
04:24:49.193 [ForkJoinPool-1-worker-5] ERROR com.intuit.karate - org.apache.http.client.ClientProtocolException, http call failed after 0 milliseconds for URL: /
04:24:49.193 [ForkJoinPool-1-worker-5] ERROR com.intuit.karate - http request failed: 
org.apache.http.client.ClientProtocolException
04:24:49.193 [ForkJoinPool-1-worker-5] ERROR com.intuit.karate - feature call (loop) failed at index: 5
caller: classpath:InspireTest/ngr/datasetrecords/def/checkxlinkurl.template.feature
arg: {"link":"/"}
checkxlinkurl.template.feature:14 - 
org.apache.http.client.ClientProtocolException
04:24:49.194 [ForkJoinPool-1-worker-5] INFO  com.intuit.karate - [print]
04:24:49.194 [ForkJoinPool-1-worker-5] INFO  com.intuit.karate - [print] testing xlinkurl:/
04:24:49.194 [ForkJoinPool-1-worker-5] ERROR com.intuit.karate - org.apache.http.client.ClientProtocolException, http call failed after 0 milliseconds for URL: /
04:24:49.194 [ForkJoinPool-1-worker-5] ERROR com.intuit.karate - http request failed: 
org.apache.http.client.ClientProtocolException
04:24:49.194 [ForkJoinPool-1-worker-5] ERROR com.intuit.karate - feature call (loop) failed at index: 6
caller: classpath:InspireTest/ngr/datasetrecords/def/checkxlinkurl.template.feature
arg: {"link":"/"}
checkxlinkurl.template.feature:14 - 
org.apache.http.client.ClientProtocolException
04:24:49.195 [ForkJoinPool-1-worker-5] INFO  com.intuit.karate - [print]
04:24:49.195 [ForkJoinPool-1-worker-5] INFO  com.intuit.karate - [print] testing xlinkurl:s
04:24:49.195 [ForkJoinPool-1-worker-5] ERROR com.intuit.karate - org.apache.http.client.ClientProtocolException, http call failed after 0 milliseconds for URL: s
04:24:49.195 [ForkJoinPool-1-worker-5] ERROR com.intuit.karate - http request failed: 
org.apache.http.client.ClientProtocolException
04:24:49.195 [ForkJoinPool-1-worker-5] ERROR com.intuit.karate - feature call (loop) failed at index: 7
caller: classpath:InspireTest/ngr/datasetrecords/def/checkxlinkurl.template.feature
arg: {"link":"s"}
checkxlinkurl.template.feature:14 - 
org.apache.http.client.ClientProtocolException
04:24:49.201 [ForkJoinPool-1-worker-5] INFO  com.intuit.karate - [print]
04:24:49.202 [ForkJoinPool-1-worker-5] INFO  com.intuit.karate - [print] testing xlinkurl:t
04:24:49.202 [ForkJoinPool-1-worker-5] ERROR com.intuit.karate - org.apache.http.client.ClientProtocolException, http call failed after 0 milliseconds for URL: t
04:24:49.202 [ForkJoinPool-1-worker-5] ERROR com.intuit.karate - http request failed: 
org.apache.http.client.ClientProtocolException
04:24:49.202 [ForkJoinPool-1-worker-5] ERROR com.intuit.karate - feature call (loop) failed at index: 8
caller: classpath:InspireTest/ngr/datasetrecords/def/checkxlinkurl.template.feature
arg: {"link":"t"}
checkxlinkurl.template.feature:14 - 
org.apache.http.client.ClientProtocolException
04:24:49.202 [ForkJoinPool-1-worker-5] INFO  com.intuit.karate - [print]
04:24:49.209 [ForkJoinPool-1-worker-5] INFO  com.intuit.karate - [print] testing xlinkurl:a
04:24:49.209 [ForkJoinPool-1-worker-5] ERROR com.intuit.karate - org.apache.http.client.ClientProtocolException, http call failed after 0 milliseconds for URL: a
04:24:49.209 [ForkJoinPool-1-worker-5] ERROR com.intuit.karate - http request failed: 
org.apache.http.client.ClientProtocolException
04:24:49.209 [ForkJoinPool-1-worker-5] ERROR com.intuit.karate - feature call (loop) failed at index: 9
caller: classpath:InspireTest/ngr/datasetrecords/def/checkxlinkurl.template.feature
arg: {"link":"a"}
checkxlinkurl.template.feature:14 - 
org.apache.http.client.ClientProtocolException
04:24:49.210 [ForkJoinPool-1-worker-5] INFO  com.intuit.karate - [print]
04:24:49.210 [ForkJoinPool-1-worker-5] INFO  com.intuit.karate - [print] testing xlinkurl:n
04:24:49.210 [ForkJoinPool-1-worker-5] ERROR com.intuit.karate - org.apache.http.client.ClientProtocolException, http call failed after 0 milliseconds for URL: n
04:24:49.210 [ForkJoinPool-1-worker-5] ERROR com.intuit.karate - http request failed: 
org.apache.http.client.ClientProtocolException
04:24:49.211 [ForkJoinPool-1-worker-5] ERROR com.intuit.karate - feature call (loop) failed at index: 10
caller: classpath:InspireTest/ngr/datasetrecords/def/checkxlinkurl.template.feature
arg: {"link":"n"}
checkxlinkurl.template.feature:14 - 
org.apache.http.client.ClientProtocolException
04:24:49.211 [ForkJoinPool-1-worker-5] INFO  com.intuit.karate - [print]
04:24:49.211 [ForkJoinPool-1-worker-5] INFO  com.intuit.karate - [print] testing xlinkurl:d
04:24:49.211 [ForkJoinPool-1-worker-5] ERROR com.intuit.karate - org.apache.http.client.ClientProtocolException, http call failed after 0 milliseconds for URL: d
04:24:49.212 [ForkJoinPool-1-worker-5] ERROR com.intuit.karate - http request failed: 
org.apache.http.client.ClientProtocolException
04:24:49.212 [ForkJoinPool-1-worker-5] ERROR com.intuit.karate - feature call (loop) failed at index: 11
caller: classpath:InspireTest/ngr/datasetrecords/def/checkxlinkurl.template.feature
arg: {"link":"d"}
checkxlinkurl.template.feature:14 - 
org.apache.http.client.ClientProtocolException
04:24:49.212 [ForkJoinPool-1-worker-5] INFO  com.intuit.karate - [print]
04:24:49.212 [ForkJoinPool-1-worker-5] INFO  com.intuit.karate - [print] testing xlinkurl:a
04:24:49.213 [ForkJoinPool-1-worker-5] ERROR com.intuit.karate - org.apache.http.client.ClientProtocolException, http call failed after 0 milliseconds for URL: a
04:24:49.217 [ForkJoinPool-1-worker-5] ERROR com.intuit.karate - http request failed: 
org.apache.http.client.ClientProtocolException
04:24:49.217 [ForkJoinPool-1-worker-5] ERROR com.intuit.karate - feature call (loop) failed at index: 12
caller: classpath:InspireTest/ngr/datasetrecords/def/checkxlinkurl.template.feature
arg: {"link":"a"}
checkxlinkurl.template.feature:14 - 
org.apache.http.client.ClientProtocolException
04:24:49.217 [ForkJoinPool-1-worker-5] INFO  com.intuit.karate - [print]
04:24:49.218 [ForkJoinPool-1-worker-5] INFO  com.intuit.karate - [print] testing xlinkurl:r
04:24:49.218 [ForkJoinPool-1-worker-5] ERROR com.intuit.karate - org.apache.http.client.ClientProtocolException, http call failed after 0 milliseconds for URL: r
04:24:49.218 [ForkJoinPool-1-worker-5] ERROR com.intuit.karate - http request failed: 
org.apache.http.client.ClientProtocolException
04:24:49.218 [ForkJoinPool-1-worker-5] ERROR com.intuit.karate - feature call (loop) failed at index: 13
caller: classpath:InspireTest/ngr/datasetrecords/def/checkxlinkurl.template.feature
arg: {"link":"r"}
checkxlinkurl.template.feature:14 - 
org.apache.http.client.ClientProtocolException
04:24:49.219 [ForkJoinPool-1-worker-5] INFO  com.intuit.karate - [print]
04:24:49.219 [ForkJoinPool-1-worker-5] INFO  com.intuit.karate - [print] testing xlinkurl:d
04:24:49.219 [ForkJoinPool-1-worker-5] ERROR com.intuit.karate - org.apache.http.client.ClientProtocolException, http call failed after 0 milliseconds for URL: d
04:24:49.219 [ForkJoinPool-1-worker-5] ERROR com.intuit.karate - http request failed: 
org.apache.http.client.ClientProtocolException
04:24:49.219 [ForkJoinPool-1-worker-5] ERROR com.intuit.karate - feature call (loop) failed at index: 14
caller: classpath:InspireTest/ngr/datasetrecords/def/checkxlinkurl.template.feature
arg: {"link":"d"}
checkxlinkurl.template.feature:14 - 
org.apache.http.client.ClientProtocolException
04:24:49.220 [ForkJoinPool-1-worker-5] INFO  com.intuit.karate - [print]
04:24:49.225 [ForkJoinPool-1-worker-5] INFO  com.intuit.karate - [print] testing xlinkurl:s
04:24:49.225 [ForkJoinPool-1-worker-5] ERROR com.intuit.karate - org.apache.http.client.ClientProtocolException, http call failed after 0 milliseconds for URL: s
04:24:49.225 [ForkJoinPool-1-worker-5] ERROR com.intuit.karate - http request failed: 
org.apache.http.client.ClientProtocolException
04:24:49.225 [ForkJoinPool-1-worker-5] ERROR com.intuit.karate - feature call (loop) failed at index: 15
caller: classpath:InspireTest/ngr/datasetrecords/def/checkxlinkurl.template.feature
arg: {"link":"s"}
checkxlinkurl.template.feature:14 - 
org.apache.http.client.ClientProtocolException
04:24:49.226 [ForkJoinPool-1-worker-5] INFO  com.intuit.karate - [print]
04:24:49.226 [ForkJoinPool-1-worker-5] INFO  com.intuit.karate - [print] testing xlinkurl:.
04:24:49.226 [ForkJoinPool-1-worker-5] ERROR com.intuit.karate - org.apache.http.client.ClientProtocolException, http call failed after 0 milliseconds for URL: .
04:24:49.226 [ForkJoinPool-1-worker-5] ERROR com.intuit.karate - http request failed: 
org.apache.http.client.ClientProtocolException
04:24:49.230 [ForkJoinPool-1-worker-5] ERROR com.intuit.karate - feature call (loop) failed at index: 16
caller: classpath:InspireTest/ngr/datasetrecords/def/checkxlinkurl.template.feature
arg: {"link":"."}
checkxlinkurl.template.feature:14 - 
org.apache.http.client.ClientProtocolException
04:24:49.231 [ForkJoinPool-1-worker-5] INFO  com.intuit.karate - [print]
04:24:49.231 [ForkJoinPool-1-worker-5] INFO  com.intuit.karate - [print] testing xlinkurl:i
04:24:49.231 [ForkJoinPool-1-worker-5] ERROR com.intuit.karate - org.apache.http.client.ClientProtocolException, http call failed after 0 milliseconds for URL: i
04:24:49.231 [ForkJoinPool-1-worker-5] ERROR com.intuit.karate - http request failed: 
org.apache.http.client.ClientProtocolException
04:24:49.231 [ForkJoinPool-1-worker-5] ERROR com.intuit.karate - feature call (loop) failed at index: 17
caller: classpath:InspireTest/ngr/datasetrecords/def/checkxlinkurl.template.feature
arg: {"link":"i"}
checkxlinkurl.template.feature:14 - 
org.apache.http.client.ClientProtocolException
04:24:49.232 [ForkJoinPool-1-worker-5] INFO  com.intuit.karate - [print]
04:24:49.232 [ForkJoinPool-1-worker-5] INFO  com.intuit.karate - [print] testing xlinkurl:s
04:24:49.232 [ForkJoinPool-1-worker-5] ERROR com.intuit.karate - org.apache.http.client.ClientProtocolException, http call failed after 0 milliseconds for URL: s
04:24:49.232 [ForkJoinPool-1-worker-5] ERROR com.intuit.karate - http request failed: 
org.apache.http.client.ClientProtocolException
04:24:49.232 [ForkJoinPool-1-worker-5] ERROR com.intuit.karate - feature call (loop) failed at index: 18
caller: classpath:InspireTest/ngr/datasetrecords/def/checkxlinkurl.template.feature
arg: {"link":"s"}
checkxlinkurl.template.feature:14 - 
org.apache.http.client.ClientProtocolException
04:24:49.233 [ForkJoinPool-1-worker-5] INFO  com.intuit.karate - [print]
04:24:49.233 [ForkJoinPool-1-worker-5] INFO  com.intuit.karate - [print] testing xlinkurl:o
04:24:49.233 [ForkJoinPool-1-worker-5] ERROR com.intuit.karate - org.apache.http.client.ClientProtocolException, http call failed after 0 milliseconds for URL: o
04:24:49.233 [ForkJoinPool-1-worker-5] ERROR com.intuit.karate - http request failed: 
org.apache.http.client.ClientProtocolException
04:24:49.233 [ForkJoinPool-1-worker-5] ERROR com.intuit.karate - feature call (loop) failed at index: 19
caller: classpath:InspireTest/ngr/datasetrecords/def/checkxlinkurl.template.feature
arg: {"link":"o"}
checkxlinkurl.template.feature:14 - 
org.apache.http.client.ClientProtocolException
04:24:49.234 [ForkJoinPool-1-worker-5] INFO  com.intuit.karate - [print]
04:24:49.241 [ForkJoinPool-1-worker-5] INFO  com.intuit.karate - [print] testing xlinkurl:.
04:24:49.241 [ForkJoinPool-1-worker-5] ERROR com.intuit.karate - org.apache.http.client.ClientProtocolException, http call failed after 0 milliseconds for URL: .
04:24:49.245 [ForkJoinPool-1-worker-5] ERROR com.intuit.karate - http request failed: 
org.apache.http.client.ClientProtocolException
04:24:49.245 [ForkJoinPool-1-worker-5] ERROR com.intuit.karate - feature call (loop) failed at index: 20
caller: classpath:InspireTest/ngr/datasetrecords/def/checkxlinkurl.template.feature
arg: {"link":"."}
checkxlinkurl.template.feature:14 - 
org.apache.http.client.ClientProtocolException
04:24:49.245 [ForkJoinPool-1-worker-5] INFO  com.intuit.karate - [print]
04:24:49.246 [ForkJoinPool-1-worker-5] INFO  com.intuit.karate - [print] testing xlinkurl:o
04:24:49.246 [ForkJoinPool-1-worker-5] ERROR com.intuit.karate - org.apache.http.client.ClientProtocolException, http call failed after 0 milliseconds for URL: o
04:24:49.246 [ForkJoinPool-1-worker-5] ERROR com.intuit.karate - http request failed: 
org.apache.http.client.ClientProtocolException
04:24:49.246 [ForkJoinPool-1-worker-5] ERROR com.intuit.karate - feature call (loop) failed at index: 21
caller: classpath:InspireTest/ngr/datasetrecords/def/checkxlinkurl.template.feature
arg: {"link":"o"}
checkxlinkurl.template.feature:14 - 
org.apache.http.client.ClientProtocolException
04:24:49.247 [ForkJoinPool-1-worker-5] INFO  com.intuit.karate - [print]
04:24:49.247 [ForkJoinPool-1-worker-5] INFO  com.intuit.karate - [print] testing xlinkurl:r
04:24:49.247 [ForkJoinPool-1-worker-5] ERROR com.intuit.karate - org.apache.http.client.ClientProtocolException, http call failed after 0 milliseconds for URL: r
04:24:49.247 [ForkJoinPool-1-worker-5] ERROR com.intuit.karate - http request failed: 
org.apache.http.client.ClientProtocolException
04:24:49.247 [ForkJoinPool-1-worker-5] ERROR com.intuit.karate - feature call (loop) failed at index: 22
caller: classpath:InspireTest/ngr/datasetrecords/def/checkxlinkurl.template.feature
arg: {"link":"r"}
checkxlinkurl.template.feature:14 - 
org.apache.http.client.ClientProtocolException
04:24:49.248 [ForkJoinPool-1-worker-5] INFO  com.intuit.karate - [print]
04:24:49.248 [ForkJoinPool-1-worker-5] INFO  com.intuit.karate - [print] testing xlinkurl:g
04:24:49.248 [ForkJoinPool-1-worker-5] ERROR com.intuit.karate - org.apache.http.client.ClientProtocolException, http call failed after 0 milliseconds for URL: g
04:24:49.248 [ForkJoinPool-1-worker-5] ERROR com.intuit.karate - http request failed: 
org.apache.http.client.ClientProtocolException
04:24:49.248 [ForkJoinPool-1-worker-5] ERROR com.intuit.karate - feature call (loop) failed at index: 23
caller: classpath:InspireTest/ngr/datasetrecords/def/checkxlinkurl.template.feature
arg: {"link":"g"}
checkxlinkurl.template.feature:14 - 
org.apache.http.client.ClientProtocolException
04:24:49.249 [ForkJoinPool-1-worker-5] INFO  com.intuit.karate - [print]
04:24:49.257 [ForkJoinPool-1-worker-5] INFO  com.intuit.karate - [print] testing xlinkurl:/
04:24:49.257 [ForkJoinPool-1-worker-5] ERROR com.intuit.karate - org.apache.http.client.ClientProtocolException, http call failed after 0 milliseconds for URL: /
04:24:49.257 [ForkJoinPool-1-worker-5] ERROR com.intuit.karate - http request failed: 
org.apache.http.client.ClientProtocolException
04:24:49.257 [ForkJoinPool-1-worker-5] ERROR com.intuit.karate - feature call (loop) failed at index: 24
caller: classpath:InspireTest/ngr/datasetrecords/def/checkxlinkurl.template.feature
arg: {"link":"/"}
checkxlinkurl.template.feature:14 - 
org.apache.http.client.ClientProtocolException
04:24:49.258 [ForkJoinPool-1-worker-5] INFO  com.intuit.karate - [print]
04:24:49.258 [ForkJoinPool-1-worker-5] INFO  com.intuit.karate - [print] testing xlinkurl:i
04:24:49.259 [ForkJoinPool-1-worker-5] ERROR com.intuit.karate - org.apache.http.client.ClientProtocolException, http call failed after 0 milliseconds for URL: i
04:24:49.259 [ForkJoinPool-1-worker-5] ERROR com.intuit.karate - http request failed: 
org.apache.http.client.ClientProtocolException
04:24:49.259 [ForkJoinPool-1-worker-5] ERROR com.intuit.karate - feature call (loop) failed at index: 25
caller: classpath:InspireTest/ngr/datasetrecords/def/checkxlinkurl.template.feature
arg: {"link":"i"}
checkxlinkurl.template.feature:14 - 
org.apache.http.client.ClientProtocolException
04:24:49.259 [ForkJoinPool-1-worker-5] INFO  com.intuit.karate - [print]
04:24:49.259 [ForkJoinPool-1-worker-5] INFO  com.intuit.karate - [print] testing xlinkurl:t
04:24:49.265 [ForkJoinPool-1-worker-5] ERROR com.intuit.karate - org.apache.http.client.ClientProtocolException, http call failed after 0 milliseconds for URL: t
04:24:49.265 [ForkJoinPool-1-worker-5] ERROR com.intuit.karate - http request failed: 
org.apache.http.client.ClientProtocolException
04:24:49.265 [ForkJoinPool-1-worker-5] ERROR com.intuit.karate - feature call (loop) failed at index: 26
caller: classpath:InspireTest/ngr/datasetrecords/def/checkxlinkurl.template.feature
arg: {"link":"t"}
checkxlinkurl.template.feature:14 - 
org.apache.http.client.ClientProtocolException
04:24:49.266 [ForkJoinPool-1-worker-5] INFO  com.intuit.karate - [print]
04:24:49.266 [ForkJoinPool-1-worker-5] INFO  com.intuit.karate - [print] testing xlinkurl:t
04:24:49.266 [ForkJoinPool-1-worker-5] ERROR com.intuit.karate - org.apache.http.client.ClientProtocolException, http call failed after 0 milliseconds for URL: t
04:24:49.266 [ForkJoinPool-1-worker-5] ERROR com.intuit.karate - http request failed: 
org.apache.http.client.ClientProtocolException
04:24:49.266 [ForkJoinPool-1-worker-5] ERROR com.intuit.karate - feature call (loop) failed at index: 27
caller: classpath:InspireTest/ngr/datasetrecords/def/checkxlinkurl.template.feature
arg: {"link":"t"}
checkxlinkurl.template.feature:14 - 
org.apache.http.client.ClientProtocolException
04:24:49.267 [ForkJoinPool-1-worker-5] INFO  com.intuit.karate - [print]
04:24:49.267 [ForkJoinPool-1-worker-5] INFO  com.intuit.karate - [print] testing xlinkurl:f
04:24:49.267 [ForkJoinPool-1-worker-5] ERROR com.intuit.karate - org.apache.http.client.ClientProtocolException, http call failed after 0 milliseconds for URL: f
04:24:49.267 [ForkJoinPool-1-worker-5] ERROR com.intuit.karate - http request failed: 
org.apache.http.client.ClientProtocolException
04:24:49.267 [ForkJoinPool-1-worker-5] ERROR com.intuit.karate - feature call (loop) failed at index: 28
caller: classpath:InspireTest/ngr/datasetrecords/def/checkxlinkurl.template.feature
arg: {"link":"f"}
checkxlinkurl.template.feature:14 - 
org.apache.http.client.ClientProtocolException
04:24:49.268 [ForkJoinPool-1-worker-5] INFO  com.intuit.karate - [print]
04:24:49.268 [ForkJoinPool-1-worker-5] INFO  com.intuit.karate - [print] testing xlinkurl:/
04:24:49.268 [ForkJoinPool-1-worker-5] ERROR com.intuit.karate - org.apache.http.client.ClientProtocolException, http call failed after 0 milliseconds for URL: /
04:24:49.268 [ForkJoinPool-1-worker-5] ERROR com.intuit.karate - http request failed: 
org.apache.http.client.ClientProtocolException
04:24:49.268 [ForkJoinPool-1-worker-5] ERROR com.intuit.karate - feature call (loop) failed at index: 29
caller: classpath:InspireTest/ngr/datasetrecords/def/checkxlinkurl.template.feature
arg: {"link":"/"}
checkxlinkurl.template.feature:14 - 
org.apache.http.client.ClientProtocolException
04:24:49.269 [ForkJoinPool-1-worker-5] INFO  com.intuit.karate - [print]
04:24:49.269 [ForkJoinPool-1-worker-5] INFO  com.intuit.karate - [print] testing xlinkurl:P
04:24:49.269 [ForkJoinPool-1-worker-5] ERROR com.intuit.karate - org.apache.http.client.ClientProtocolException, http call failed after 0 milliseconds for URL: P
04:24:49.270 [ForkJoinPool-1-worker-5] ERROR com.intuit.karate - http request failed: 
org.apache.http.client.ClientProtocolException
04:24:49.270 [ForkJoinPool-1-worker-5] ERROR com.intuit.karate - feature call (loop) failed at index: 30
caller: classpath:InspireTest/ngr/datasetrecords/def/checkxlinkurl.template.feature
arg: {"link":"P"}
checkxlinkurl.template.feature:14 - 
org.apache.http.client.ClientProtocolException
04:24:49.270 [ForkJoinPool-1-worker-5] INFO  com.intuit.karate - [print]
04:24:49.270 [ForkJoinPool-1-worker-5] INFO  com.intuit.karate - [print] testing xlinkurl:u
04:24:49.271 [ForkJoinPool-1-worker-5] ERROR com.intuit.karate - org.apache.http.client.ClientProtocolException, http call failed after 0 milliseconds for URL: u
04:24:49.277 [ForkJoinPool-1-worker-5] ERROR com.intuit.karate - http request failed: 
org.apache.http.client.ClientProtocolException
04:24:49.277 [ForkJoinPool-1-worker-5] ERROR com.intuit.karate - feature call (loop) failed at index: 31
caller: classpath:InspireTest/ngr/datasetrecords/def/checkxlinkurl.template.feature
arg: {"link":"u"}
checkxlinkurl.template.feature:14 - 
org.apache.http.client.ClientProtocolException
04:24:49.278 [ForkJoinPool-1-worker-5] INFO  com.intuit.karate - [print]
04:24:49.280 [ForkJoinPool-1-worker-5] INFO  com.intuit.karate - [print] testing xlinkurl:b
04:24:49.281 [ForkJoinPool-1-worker-5] ERROR com.intuit.karate - org.apache.http.client.ClientProtocolException, http call failed after 0 milliseconds for URL: b
04:24:49.281 [ForkJoinPool-1-worker-5] ERROR com.intuit.karate - http request failed: 
org.apache.http.client.ClientProtocolException
04:24:49.281 [ForkJoinPool-1-worker-5] ERROR com.intuit.karate - feature call (loop) failed at index: 32
caller: classpath:InspireTest/ngr/datasetrecords/def/checkxlinkurl.template.feature
arg: {"link":"b"}
checkxlinkurl.template.feature:14 - 
org.apache.http.client.ClientProtocolException
04:24:49.281 [ForkJoinPool-1-worker-5] INFO  com.intuit.karate - [print]
04:24:49.282 [ForkJoinPool-1-worker-5] INFO  com.intuit.karate - [print] testing xlinkurl:l
04:24:49.282 [ForkJoinPool-1-worker-5] ERROR com.intuit.karate - org.apache.http.client.ClientProtocolException, http call failed after 0 milliseconds for URL: l
04:24:49.282 [ForkJoinPool-1-worker-5] ERROR com.intuit.karate - http request failed: 
org.apache.http.client.ClientProtocolException
04:24:49.282 [ForkJoinPool-1-worker-5] ERROR com.intuit.karate - feature call (loop) failed at index: 33
caller: classpath:InspireTest/ngr/datasetrecords/def/checkxlinkurl.template.feature
arg: {"link":"l"}
checkxlinkurl.template.feature:14 - 
org.apache.http.client.ClientProtocolException
04:24:49.283 [ForkJoinPool-1-worker-5] INFO  com.intuit.karate - [print]
04:24:49.283 [ForkJoinPool-1-worker-5] INFO  com.intuit.karate - [print] testing xlinkurl:i
04:24:49.284 [ForkJoinPool-1-worker-5] ERROR com.intuit.karate - org.apache.http.client.ClientProtocolException, http call failed after 0 milliseconds for URL: i
04:24:49.284 [ForkJoinPool-1-worker-5] ERROR com.intuit.karate - http request failed: 
org.apache.http.client.ClientProtocolException
04:24:49.284 [ForkJoinPool-1-worker-5] ERROR com.intuit.karate - feature call (loop) failed at index: 34
caller: classpath:InspireTest/ngr/datasetrecords/def/checkxlinkurl.template.feature
arg: {"link":"i"}
checkxlinkurl.template.feature:14 - 
org.apache.http.client.ClientProtocolException
04:24:49.284 [ForkJoinPool-1-worker-5] INFO  com.intuit.karate - [print]
04:24:49.289 [ForkJoinPool-1-worker-5] INFO  com.intuit.karate - [print] testing xlinkurl:c
04:24:49.289 [ForkJoinPool-1-worker-5] ERROR com.intuit.karate - org.apache.http.client.ClientProtocolException, http call failed after 0 milliseconds for URL: c
04:24:49.289 [ForkJoinPool-1-worker-5] ERROR com.intuit.karate - http request failed: 
org.apache.http.client.ClientProtocolException
04:24:49.289 [ForkJoinPool-1-worker-5] ERROR com.intuit.karate - feature call (loop) failed at index: 35
caller: classpath:InspireTest/ngr/datasetrecords/def/checkxlinkurl.template.feature
arg: {"link":"c"}
checkxlinkurl.template.feature:14 - 
org.apache.http.client.ClientProtocolException
04:24:49.290 [ForkJoinPool-1-worker-5] INFO  com.intuit.karate - [print]
04:24:49.290 [ForkJoinPool-1-worker-5] INFO  com.intuit.karate - [print] testing xlinkurl:l
04:24:49.290 [ForkJoinPool-1-worker-5] ERROR com.intuit.karate - org.apache.http.client.ClientProtocolException, http call failed after 0 milliseconds for URL: l
04:24:49.297 [ForkJoinPool-1-worker-5] ERROR com.intuit.karate - http request failed: 
org.apache.http.client.ClientProtocolException
04:24:49.297 [ForkJoinPool-1-worker-5] ERROR com.intuit.karate - feature call (loop) failed at index: 36
caller: classpath:InspireTest/ngr/datasetrecords/def/checkxlinkurl.template.feature
arg: {"link":"l"}
checkxlinkurl.template.feature:14 - 
org.apache.http.client.ClientProtocolException
04:24:49.297 [ForkJoinPool-1-worker-5] INFO  com.intuit.karate - [print]
04:24:49.298 [ForkJoinPool-1-worker-5] INFO  com.intuit.karate - [print] testing xlinkurl:y
04:24:49.298 [ForkJoinPool-1-worker-5] ERROR com.intuit.karate - org.apache.http.client.ClientProtocolException, http call failed after 0 milliseconds for URL: y
04:24:49.298 [ForkJoinPool-1-worker-5] ERROR com.intuit.karate - http request failed: 
org.apache.http.client.ClientProtocolException
04:24:49.298 [ForkJoinPool-1-worker-5] ERROR com.intuit.karate - feature call (loop) failed at index: 37
caller: classpath:InspireTest/ngr/datasetrecords/def/checkxlinkurl.template.feature
arg: {"link":"y"}
checkxlinkurl.template.feature:14 - 
org.apache.http.client.ClientProtocolException
04:24:49.350 [ForkJoinPool-1-worker-5] INFO  com.intuit.karate - [print]
04:24:49.350 [ForkJoinPool-1-worker-5] INFO  com.intuit.karate - [print] testing xlinkurl:A
04:24:49.350 [ForkJoinPool-1-worker-5] ERROR com.intuit.karate - org.apache.http.client.ClientProtocolException, http call failed after 0 milliseconds for URL: A
04:24:49.350 [ForkJoinPool-1-worker-5] ERROR com.intuit.karate - http request failed: 
org.apache.http.client.ClientProtocolException
04:24:49.350 [ForkJoinPool-1-worker-5] ERROR com.intuit.karate - feature call (loop) failed at index: 38
caller: classpath:InspireTest/ngr/datasetrecords/def/checkxlinkurl.template.feature
arg: {"link":"A"}
checkxlinkurl.template.feature:14 - 
org.apache.http.client.ClientProtocolException
04:24:49.351 [ForkJoinPool-1-worker-5] INFO  com.intuit.karate - [print]
04:24:49.351 [ForkJoinPool-1-worker-5] INFO  com.intuit.karate - [print] testing xlinkurl:v
04:24:49.351 [ForkJoinPool-1-worker-5] ERROR com.intuit.karate - org.apache.http.client.ClientProtocolException, http call failed after 0 milliseconds for URL: v
04:24:49.351 [ForkJoinPool-1-worker-5] ERROR com.intuit.karate - http request failed: 
org.apache.http.client.ClientProtocolException
04:24:49.351 [ForkJoinPool-1-worker-5] ERROR com.intuit.karate - feature call (loop) failed at index: 39
caller: classpath:InspireTest/ngr/datasetrecords/def/checkxlinkurl.template.feature
arg: {"link":"v"}
checkxlinkurl.template.feature:14 - 
org.apache.http.client.ClientProtocolException
04:24:49.352 [ForkJoinPool-1-worker-5] INFO  com.intuit.karate - [print]
04:24:49.353 [ForkJoinPool-1-worker-5] INFO  com.intuit.karate - [print] testing xlinkurl:a
04:24:49.353 [ForkJoinPool-1-worker-5] ERROR com.intuit.karate - org.apache.http.client.ClientProtocolException, http call failed after 0 milliseconds for URL: a
04:24:49.353 [ForkJoinPool-1-worker-5] ERROR com.intuit.karate - http request failed: 
org.apache.http.client.ClientProtocolException
04:24:49.347 [ForkJoinPool-1-worker-3] INFO  com.intuit.karate - [print]
04:24:49.353 [ForkJoinPool-1-worker-3] INFO  com.intuit.karate - [print] testing xlinkurl:http://kadaster/80b2d12c-32be-54fg-b6d3—34f4ffc06cf3
04:24:49.353 [ForkJoinPool-1-worker-5] ERROR com.intuit.karate - feature call (loop) failed at index: 40
caller: classpath:InspireTest/ngr/datasetrecords/def/checkxlinkurl.template.feature
arg: {"link":"a"}
checkxlinkurl.template.feature:14 - 
org.apache.http.client.ClientProtocolException
04:24:49.354 [ForkJoinPool-1-worker-5] INFO  com.intuit.karate - [print]
04:24:49.354 [ForkJoinPool-1-worker-3] ERROR com.intuit.karate - java.net.UnknownHostException: kadaster, http call failed after 0 milliseconds for URL: http://kadaster/80b2d12c-32be-54fg-b6d3—34f4ffc06cf3
04:24:49.356 [ForkJoinPool-1-worker-3] ERROR com.intuit.karate - http request failed: 
java.net.UnknownHostException: kadaster
04:24:49.357 [ForkJoinPool-1-worker-5] INFO  com.intuit.karate - [print] testing xlinkurl:i
04:24:49.357 [ForkJoinPool-1-worker-3] ERROR com.intuit.karate - feature call (loop) failed at index: 1
caller: classpath:InspireTest/ngr/datasetrecords/def/checkxlinkurl.template.feature
arg: {"link":"http://kadaster/80b2d12c-32be-54fg-b6d3\u201434f4ffc06cf3"}
checkxlinkurl.template.feature:14 - 
java.net.UnknownHostException: kadaster
04:24:49.357 [ForkJoinPool-1-worker-5] ERROR com.intuit.karate - org.apache.http.client.ClientProtocolException, http call failed after 0 milliseconds for URL: i
04:24:49.357 [ForkJoinPool-1-worker-5] ERROR com.intuit.karate - http request failed: 
org.apache.http.client.ClientProtocolException
04:24:49.357 [ForkJoinPool-1-worker-5] ERROR com.intuit.karate - feature call (loop) failed at index: 41
caller: classpath:InspireTest/ngr/datasetrecords/def/checkxlinkurl.template.feature
arg: {"link":"i"}
checkxlinkurl.template.feature:14 - 
org.apache.http.client.ClientProtocolException
04:24:49.359 [ForkJoinPool-1-worker-5] INFO  com.intuit.karate - [print]
04:24:49.359 [ForkJoinPool-1-worker-5] INFO  com.intuit.karate - [print] testing xlinkurl:l
04:24:49.360 [ForkJoinPool-1-worker-5] ERROR com.intuit.karate - org.apache.http.client.ClientProtocolException, http call failed after 0 milliseconds for URL: l
04:24:49.360 [ForkJoinPool-1-worker-5] ERROR com.intuit.karate - http request failed: 
org.apache.http.client.ClientProtocolException
04:24:49.360 [ForkJoinPool-1-worker-5] ERROR com.intuit.karate - feature call (loop) failed at index: 42
caller: classpath:InspireTest/ngr/datasetrecords/def/checkxlinkurl.template.feature
arg: {"link":"l"}
checkxlinkurl.template.feature:14 - 
org.apache.http.client.ClientProtocolException
04:24:49.360 [ForkJoinPool-1-worker-5] INFO  com.intuit.karate - [print]
04:24:49.360 [ForkJoinPool-1-worker-5] INFO  com.intuit.karate - [print] testing xlinkurl:a
04:24:49.361 [ForkJoinPool-1-worker-5] ERROR com.intuit.karate - org.apache.http.client.ClientProtocolException, http call failed after 0 milliseconds for URL: a
04:24:49.361 [ForkJoinPool-1-worker-5] ERROR com.intuit.karate - http request failed: 
org.apache.http.client.ClientProtocolException
04:24:49.361 [ForkJoinPool-1-worker-5] ERROR com.intuit.karate - feature call (loop) failed at index: 43
caller: classpath:InspireTest/ngr/datasetrecords/def/checkxlinkurl.template.feature
arg: {"link":"a"}
checkxlinkurl.template.feature:14 - 
org.apache.http.client.ClientProtocolException
04:24:49.361 [ForkJoinPool-1-worker-5] INFO  com.intuit.karate - [print]
04:24:49.362 [ForkJoinPool-1-worker-5] INFO  com.intuit.karate - [print] testing xlinkurl:b
04:24:49.362 [ForkJoinPool-1-worker-5] ERROR com.intuit.karate - org.apache.http.client.ClientProtocolException, http call failed after 0 milliseconds for URL: b
04:24:49.362 [ForkJoinPool-1-worker-5] ERROR com.intuit.karate - http request failed: 
org.apache.http.client.ClientProtocolException
04:24:49.365 [ForkJoinPool-1-worker-5] ERROR com.intuit.karate - feature call (loop) failed at index: 44
caller: classpath:InspireTest/ngr/datasetrecords/def/checkxlinkurl.template.feature
arg: {"link":"b"}
checkxlinkurl.template.feature:14 - 
org.apache.http.client.ClientProtocolException
04:24:49.365 [ForkJoinPool-1-worker-5] INFO  com.intuit.karate - [print]
04:24:49.373 [ForkJoinPool-1-worker-5] INFO  com.intuit.karate - [print] testing xlinkurl:l
04:24:49.373 [ForkJoinPool-1-worker-5] ERROR com.intuit.karate - org.apache.http.client.ClientProtocolException, http call failed after 0 milliseconds for URL: l
04:24:49.373 [ForkJoinPool-1-worker-5] ERROR com.intuit.karate - http request failed: 
org.apache.http.client.ClientProtocolException
04:24:49.373 [ForkJoinPool-1-worker-5] ERROR com.intuit.karate - feature call (loop) failed at index: 45
caller: classpath:InspireTest/ngr/datasetrecords/def/checkxlinkurl.template.feature
arg: {"link":"l"}
checkxlinkurl.template.feature:14 - 
org.apache.http.client.ClientProtocolException
04:24:49.374 [ForkJoinPool-1-worker-5] INFO  com.intuit.karate - [print]
04:24:49.374 [ForkJoinPool-1-worker-5] INFO  com.intuit.karate - [print] testing xlinkurl:e
04:24:49.374 [ForkJoinPool-1-worker-5] ERROR com.intuit.karate - org.apache.http.client.ClientProtocolException, http call failed after 0 milliseconds for URL: e
04:24:49.374 [ForkJoinPool-1-worker-5] ERROR com.intuit.karate - http request failed: 
org.apache.http.client.ClientProtocolException
04:24:49.374 [ForkJoinPool-1-worker-5] ERROR com.intuit.karate - feature call (loop) failed at index: 46
caller: classpath:InspireTest/ngr/datasetrecords/def/checkxlinkurl.template.feature
arg: {"link":"e"}
checkxlinkurl.template.feature:14 - 
org.apache.http.client.ClientProtocolException
04:24:49.375 [ForkJoinPool-1-worker-5] INFO  com.intuit.karate - [print]
04:24:49.381 [ForkJoinPool-1-worker-5] INFO  com.intuit.karate - [print] testing xlinkurl:S
04:24:49.381 [ForkJoinPool-1-worker-5] ERROR com.intuit.karate - org.apache.http.client.ClientProtocolException, http call failed after 0 milliseconds for URL: S
04:24:49.381 [ForkJoinPool-1-worker-5] ERROR com.intuit.karate - http request failed: 
org.apache.http.client.ClientProtocolException
04:24:49.381 [ForkJoinPool-1-worker-5] ERROR com.intuit.karate - feature call (loop) failed at index: 47
caller: classpath:InspireTest/ngr/datasetrecords/def/checkxlinkurl.template.feature
arg: {"link":"S"}
checkxlinkurl.template.feature:14 - 
org.apache.http.client.ClientProtocolException
04:24:49.381 [ForkJoinPool-1-worker-5] INFO  com.intuit.karate - [print]
04:24:49.382 [ForkJoinPool-1-worker-5] INFO  com.intuit.karate - [print] testing xlinkurl:t
04:24:49.382 [ForkJoinPool-1-worker-5] ERROR com.intuit.karate - org.apache.http.client.ClientProtocolException, http call failed after 0 milliseconds for URL: t
04:24:49.382 [ForkJoinPool-1-worker-5] ERROR com.intuit.karate - http request failed: 
org.apache.http.client.ClientProtocolException
04:24:49.382 [ForkJoinPool-1-worker-5] ERROR com.intuit.karate - feature call (loop) failed at index: 48
caller: classpath:InspireTest/ngr/datasetrecords/def/checkxlinkurl.template.feature
arg: {"link":"t"}
checkxlinkurl.template.feature:14 - 
org.apache.http.client.ClientProtocolException
04:24:49.382 [ForkJoinPool-1-worker-5] INFO  com.intuit.karate - [print]
04:24:49.383 [ForkJoinPool-1-worker-5] INFO  com.intuit.karate - [print] testing xlinkurl:a
04:24:49.383 [ForkJoinPool-1-worker-5] ERROR com.intuit.karate - org.apache.http.client.ClientProtocolException, http call failed after 0 milliseconds for URL: a
04:24:49.383 [ForkJoinPool-1-worker-5] ERROR com.intuit.karate - http request failed: 
org.apache.http.client.ClientProtocolException
04:24:49.383 [ForkJoinPool-1-worker-5] ERROR com.intuit.karate - feature call (loop) failed at index: 49
caller: classpath:InspireTest/ngr/datasetrecords/def/checkxlinkurl.template.feature
arg: {"link":"a"}
checkxlinkurl.template.feature:14 - 
org.apache.http.client.ClientProtocolException
04:24:49.384 [ForkJoinPool-1-worker-5] INFO  com.intuit.karate - [print]
04:24:49.384 [ForkJoinPool-1-worker-5] INFO  com.intuit.karate - [print] testing xlinkurl:n
04:24:49.384 [ForkJoinPool-1-worker-5] ERROR com.intuit.karate - org.apache.http.client.ClientProtocolException, http call failed after 0 milliseconds for URL: n
04:24:49.384 [ForkJoinPool-1-worker-5] ERROR com.intuit.karate - http request failed: 
org.apache.http.client.ClientProtocolException
04:24:49.384 [ForkJoinPool-1-worker-5] ERROR com.intuit.karate - feature call (loop) failed at index: 50
caller: classpath:InspireTest/ngr/datasetrecords/def/checkxlinkurl.template.feature
arg: {"link":"n"}
checkxlinkurl.template.feature:14 - 
org.apache.http.client.ClientProtocolException
04:24:49.384 [ForkJoinPool-1-worker-5] INFO  com.intuit.karate - [print]
04:24:49.385 [ForkJoinPool-1-worker-5] INFO  com.intuit.karate - [print] testing xlinkurl:d
04:24:49.385 [ForkJoinPool-1-worker-5] ERROR com.intuit.karate - org.apache.http.client.ClientProtocolException, http call failed after 0 milliseconds for URL: d
04:24:49.385 [ForkJoinPool-1-worker-5] ERROR com.intuit.karate - http request failed: 
org.apache.http.client.ClientProtocolException
04:24:49.385 [ForkJoinPool-1-worker-5] ERROR com.intuit.karate - feature call (loop) failed at index: 51
caller: classpath:InspireTest/ngr/datasetrecords/def/checkxlinkurl.template.feature
arg: {"link":"d"}
checkxlinkurl.template.feature:14 - 
org.apache.http.client.ClientProtocolException
04:24:49.385 [ForkJoinPool-1-worker-5] INFO  com.intuit.karate - [print]
04:24:49.386 [ForkJoinPool-1-worker-5] INFO  com.intuit.karate - [print] testing xlinkurl:a
04:24:49.386 [ForkJoinPool-1-worker-5] ERROR com.intuit.karate - org.apache.http.client.ClientProtocolException, http call failed after 0 milliseconds for URL: a
04:24:49.386 [ForkJoinPool-1-worker-5] ERROR com.intuit.karate - http request failed: 
org.apache.http.client.ClientProtocolException
04:24:49.386 [ForkJoinPool-1-worker-5] ERROR com.intuit.karate - feature call (loop) failed at index: 52
caller: classpath:InspireTest/ngr/datasetrecords/def/checkxlinkurl.template.feature
arg: {"link":"a"}
checkxlinkurl.template.feature:14 - 
org.apache.http.client.ClientProtocolException
04:24:49.386 [ForkJoinPool-1-worker-5] INFO  com.intuit.karate - [print]
04:24:49.401 [ForkJoinPool-1-worker-5] INFO  com.intuit.karate - [print] testing xlinkurl:r
04:24:49.401 [ForkJoinPool-1-worker-5] ERROR com.intuit.karate - org.apache.http.client.ClientProtocolException, http call failed after 0 milliseconds for URL: r
04:24:49.401 [ForkJoinPool-1-worker-5] ERROR com.intuit.karate - http request failed: 
org.apache.http.client.ClientProtocolException
04:24:49.401 [ForkJoinPool-1-worker-5] ERROR com.intuit.karate - feature call (loop) failed at index: 53
caller: classpath:InspireTest/ngr/datasetrecords/def/checkxlinkurl.template.feature
arg: {"link":"r"}
checkxlinkurl.template.feature:14 - 
org.apache.http.client.ClientProtocolException
04:24:49.402 [ForkJoinPool-1-worker-5] INFO  com.intuit.karate - [print]
04:24:49.402 [ForkJoinPool-1-worker-5] INFO  com.intuit.karate - [print] testing xlinkurl:d
04:24:49.402 [ForkJoinPool-1-worker-5] ERROR com.intuit.karate - org.apache.http.client.ClientProtocolException, http call failed after 0 milliseconds for URL: d
04:24:49.402 [ForkJoinPool-1-worker-5] ERROR com.intuit.karate - http request failed: 
org.apache.http.client.ClientProtocolException
04:24:49.403 [ForkJoinPool-1-worker-5] ERROR com.intuit.karate - feature call (loop) failed at index: 54
caller: classpath:InspireTest/ngr/datasetrecords/def/checkxlinkurl.template.feature
arg: {"link":"d"}
checkxlinkurl.template.feature:14 - 
org.apache.http.client.ClientProtocolException
04:24:49.403 [ForkJoinPool-1-worker-5] INFO  com.intuit.karate - [print]
04:24:49.403 [ForkJoinPool-1-worker-5] INFO  com.intuit.karate - [print] testing xlinkurl:s
04:24:49.403 [ForkJoinPool-1-worker-5] ERROR com.intuit.karate - org.apache.http.client.ClientProtocolException, http call failed after 0 milliseconds for URL: s
04:24:49.404 [ForkJoinPool-1-worker-5] ERROR com.intuit.karate - http request failed: 
org.apache.http.client.ClientProtocolException
04:24:49.404 [ForkJoinPool-1-worker-5] ERROR com.intuit.karate - feature call (loop) failed at index: 55
caller: classpath:InspireTest/ngr/datasetrecords/def/checkxlinkurl.template.feature
arg: {"link":"s"}
checkxlinkurl.template.feature:14 - 
org.apache.http.client.ClientProtocolException
04:24:49.404 [ForkJoinPool-1-worker-5] INFO  com.intuit.karate - [print]
04:24:49.404 [ForkJoinPool-1-worker-5] INFO  com.intuit.karate - [print] testing xlinkurl:/
04:24:49.405 [ForkJoinPool-1-worker-5] ERROR com.intuit.karate - org.apache.http.client.ClientProtocolException, http call failed after 0 milliseconds for URL: /
04:24:49.405 [ForkJoinPool-1-worker-5] ERROR com.intuit.karate - http request failed: 
org.apache.http.client.ClientProtocolException
04:24:49.405 [ForkJoinPool-1-worker-5] ERROR com.intuit.karate - feature call (loop) failed at index: 56
caller: classpath:InspireTest/ngr/datasetrecords/def/checkxlinkurl.template.feature
arg: {"link":"/"}
checkxlinkurl.template.feature:14 - 
org.apache.http.client.ClientProtocolException
04:24:49.405 [ForkJoinPool-1-worker-5] INFO  com.intuit.karate - [print]
04:24:49.405 [ForkJoinPool-1-worker-5] INFO  com.intuit.karate - [print] testing xlinkurl:I
04:24:49.406 [ForkJoinPool-1-worker-5] ERROR com.intuit.karate - org.apache.http.client.ClientProtocolException, http call failed after 0 milliseconds for URL: I
04:24:49.406 [ForkJoinPool-1-worker-5] ERROR com.intuit.karate - http request failed: 
org.apache.http.client.ClientProtocolException
04:24:49.406 [ForkJoinPool-1-worker-5] ERROR com.intuit.karate - feature call (loop) failed at index: 57
caller: classpath:InspireTest/ngr/datasetrecords/def/checkxlinkurl.template.feature
arg: {"link":"I"}
checkxlinkurl.template.feature:14 - 
org.apache.http.client.ClientProtocolException
04:24:49.406 [ForkJoinPool-1-worker-5] INFO  com.intuit.karate - [print]
04:24:49.406 [ForkJoinPool-1-worker-5] INFO  com.intuit.karate - [print] testing xlinkurl:S
04:24:49.407 [ForkJoinPool-1-worker-5] ERROR com.intuit.karate - org.apache.http.client.ClientProtocolException, http call failed after 0 milliseconds for URL: S
04:24:49.407 [ForkJoinPool-1-worker-5] ERROR com.intuit.karate - http request failed: 
org.apache.http.client.ClientProtocolException
04:24:49.407 [ForkJoinPool-1-worker-5] ERROR com.intuit.karate - feature call (loop) failed at index: 58
caller: classpath:InspireTest/ngr/datasetrecords/def/checkxlinkurl.template.feature
arg: {"link":"S"}
checkxlinkurl.template.feature:14 - 
org.apache.http.client.ClientProtocolException
04:24:49.407 [ForkJoinPool-1-worker-5] INFO  com.intuit.karate - [print]
04:24:49.413 [ForkJoinPool-1-worker-5] INFO  com.intuit.karate - [print] testing xlinkurl:O
04:24:49.413 [ForkJoinPool-1-worker-5] ERROR com.intuit.karate - org.apache.http.client.ClientProtocolException, http call failed after 0 milliseconds for URL: O
04:24:49.413 [ForkJoinPool-1-worker-5] ERROR com.intuit.karate - http request failed: 
org.apache.http.client.ClientProtocolException
04:24:49.413 [ForkJoinPool-1-worker-5] ERROR com.intuit.karate - feature call (loop) failed at index: 59
caller: classpath:InspireTest/ngr/datasetrecords/def/checkxlinkurl.template.feature
arg: {"link":"O"}
checkxlinkurl.template.feature:14 - 
org.apache.http.client.ClientProtocolException
04:24:49.414 [ForkJoinPool-1-worker-5] INFO  com.intuit.karate - [print]
04:24:49.414 [ForkJoinPool-1-worker-5] INFO  com.intuit.karate - [print] testing xlinkurl:_
04:24:49.414 [ForkJoinPool-1-worker-5] ERROR com.intuit.karate - org.apache.http.client.ClientProtocolException, http call failed after 0 milliseconds for URL: _
04:24:49.414 [ForkJoinPool-1-worker-5] ERROR com.intuit.karate - http request failed: 
org.apache.http.client.ClientProtocolException
04:24:49.421 [ForkJoinPool-1-worker-5] ERROR com.intuit.karate - feature call (loop) failed at index: 60
caller: classpath:InspireTest/ngr/datasetrecords/def/checkxlinkurl.template.feature
arg: {"link":"_"}
checkxlinkurl.template.feature:14 - 
org.apache.http.client.ClientProtocolException
04:24:49.421 [ForkJoinPool-1-worker-5] INFO  com.intuit.karate - [print]
04:24:49.422 [ForkJoinPool-1-worker-5] INFO  com.intuit.karate - [print] testing xlinkurl:1
04:24:49.422 [ForkJoinPool-1-worker-5] ERROR com.intuit.karate - org.apache.http.client.ClientProtocolException, http call failed after 0 milliseconds for URL: 1
04:24:49.422 [ForkJoinPool-1-worker-5] ERROR com.intuit.karate - http request failed: 
org.apache.http.client.ClientProtocolException
04:24:49.422 [ForkJoinPool-1-worker-5] ERROR com.intuit.karate - feature call (loop) failed at index: 61
caller: classpath:InspireTest/ngr/datasetrecords/def/checkxlinkurl.template.feature
arg: {"link":"1"}
checkxlinkurl.template.feature:14 - 
org.apache.http.client.ClientProtocolException
04:24:49.422 [ForkJoinPool-1-worker-5] INFO  com.intuit.karate - [print]
04:24:49.423 [ForkJoinPool-1-worker-5] INFO  com.intuit.karate - [print] testing xlinkurl:9
04:24:49.423 [ForkJoinPool-1-worker-5] ERROR com.intuit.karate - org.apache.http.client.ClientProtocolException, http call failed after 0 milliseconds for URL: 9
04:24:49.423 [ForkJoinPool-1-worker-5] ERROR com.intuit.karate - http request failed: 
org.apache.http.client.ClientProtocolException
04:24:49.423 [ForkJoinPool-1-worker-5] ERROR com.intuit.karate - feature call (loop) failed at index: 62
caller: classpath:InspireTest/ngr/datasetrecords/def/checkxlinkurl.template.feature
arg: {"link":"9"}
checkxlinkurl.template.feature:14 - 
org.apache.http.client.ClientProtocolException
04:24:49.424 [ForkJoinPool-1-worker-5] INFO  com.intuit.karate - [print]
04:24:49.424 [ForkJoinPool-1-worker-5] INFO  com.intuit.karate - [print] testing xlinkurl:1
04:24:49.424 [ForkJoinPool-1-worker-5] ERROR com.intuit.karate - org.apache.http.client.ClientProtocolException, http call failed after 0 milliseconds for URL: 1
04:24:49.424 [ForkJoinPool-1-worker-5] ERROR com.intuit.karate - http request failed: 
org.apache.http.client.ClientProtocolException
04:24:49.424 [ForkJoinPool-1-worker-5] ERROR com.intuit.karate - feature call (loop) failed at index: 63
caller: classpath:InspireTest/ngr/datasetrecords/def/checkxlinkurl.template.feature
arg: {"link":"1"}
checkxlinkurl.template.feature:14 - 
org.apache.http.client.ClientProtocolException
04:24:49.425 [ForkJoinPool-1-worker-5] INFO  com.intuit.karate - [print]
04:24:49.431 [ForkJoinPool-1-worker-5] INFO  com.intuit.karate - [print] testing xlinkurl:3
04:24:49.431 [ForkJoinPool-1-worker-5] ERROR com.intuit.karate - org.apache.http.client.ClientProtocolException, http call failed after 0 milliseconds for URL: 3
04:24:49.431 [ForkJoinPool-1-worker-5] ERROR com.intuit.karate - http request failed: 
org.apache.http.client.ClientProtocolException
04:24:49.431 [ForkJoinPool-1-worker-5] ERROR com.intuit.karate - feature call (loop) failed at index: 64
caller: classpath:InspireTest/ngr/datasetrecords/def/checkxlinkurl.template.feature
arg: {"link":"3"}
checkxlinkurl.template.feature:14 - 
org.apache.http.client.ClientProtocolException
04:24:49.432 [ForkJoinPool-1-worker-5] INFO  com.intuit.karate - [print]
04:24:49.432 [ForkJoinPool-1-worker-5] INFO  com.intuit.karate - [print] testing xlinkurl:9
04:24:49.432 [ForkJoinPool-1-worker-5] ERROR com.intuit.karate - org.apache.http.client.ClientProtocolException, http call failed after 0 milliseconds for URL: 9
04:24:49.432 [ForkJoinPool-1-worker-5] ERROR com.intuit.karate - http request failed: 
org.apache.http.client.ClientProtocolException
04:24:49.432 [ForkJoinPool-1-worker-5] ERROR com.intuit.karate - feature call (loop) failed at index: 65
caller: classpath:InspireTest/ngr/datasetrecords/def/checkxlinkurl.template.feature
arg: {"link":"9"}
checkxlinkurl.template.feature:14 - 
org.apache.http.client.ClientProtocolException
04:24:49.433 [ForkJoinPool-1-worker-5] INFO  com.intuit.karate - [print]
04:24:49.433 [ForkJoinPool-1-worker-5] INFO  com.intuit.karate - [print] testing xlinkurl:_
04:24:49.433 [ForkJoinPool-1-worker-5] ERROR com.intuit.karate - org.apache.http.client.ClientProtocolException, http call failed after 0 milliseconds for URL: _
04:24:49.433 [ForkJoinPool-1-worker-5] ERROR com.intuit.karate - http request failed: 
org.apache.http.client.ClientProtocolException
04:24:49.433 [ForkJoinPool-1-worker-5] ERROR com.intuit.karate - feature call (loop) failed at index: 66
caller: classpath:InspireTest/ngr/datasetrecords/def/checkxlinkurl.template.feature
arg: {"link":"_"}
checkxlinkurl.template.feature:14 - 
org.apache.http.client.ClientProtocolException
04:24:49.434 [ForkJoinPool-1-worker-5] INFO  com.intuit.karate - [print]
04:24:49.435 [ForkJoinPool-1-worker-9] ERROR com.intuit.karate - javax.net.ssl.SSLException: Connection reset, http call failed after 361 milliseconds for URL: https://data.rivm.nl/inspire/id#1e3a98db-5d5e-4e61-8b64-1d132ddb439e
04:24:49.441 [ForkJoinPool-1-worker-9] ERROR com.intuit.karate - http request failed: 
javax.net.ssl.SSLException: Connection reset
04:24:49.441 [ForkJoinPool-1-worker-5] INFO  com.intuit.karate - [print] testing xlinkurl:S
04:24:49.441 [ForkJoinPool-1-worker-5] ERROR com.intuit.karate - org.apache.http.client.ClientProtocolException, http call failed after 0 milliseconds for URL: S
04:24:49.441 [ForkJoinPool-1-worker-5] ERROR com.intuit.karate - http request failed: 
org.apache.http.client.ClientProtocolException
04:24:49.441 [ForkJoinPool-1-worker-9] ERROR com.intuit.karate - feature call (loop) failed at index: 0
caller: classpath:InspireTest/ngr/datasetrecords/def/checkxlinkurl.template.feature
arg: {"link":"https://data.rivm.nl/inspire/id#1e3a98db-5d5e-4e61-8b64-1d132ddb439e"}
checkxlinkurl.template.feature:14 - 
javax.net.ssl.SSLException: Connection reset
04:24:49.441 [ForkJoinPool-1-worker-5] ERROR com.intuit.karate - feature call (loop) failed at index: 67
caller: classpath:InspireTest/ngr/datasetrecords/def/checkxlinkurl.template.feature
arg: {"link":"S"}
checkxlinkurl.template.feature:14 - 
org.apache.http.client.ClientProtocolException
04:24:49.445 [ForkJoinPool-1-worker-5] INFO  com.intuit.karate - [print]
04:24:49.445 [ForkJoinPool-1-worker-5] INFO  com.intuit.karate - [print] testing xlinkurl:c
04:24:49.445 [ForkJoinPool-1-worker-5] ERROR com.intuit.karate - org.apache.http.client.ClientProtocolException, http call failed after 0 milliseconds for URL: c
04:24:49.445 [ForkJoinPool-1-worker-5] ERROR com.intuit.karate - http request failed: 
org.apache.http.client.ClientProtocolException
04:24:49.445 [ForkJoinPool-1-worker-5] ERROR com.intuit.karate - feature call (loop) failed at index: 68
caller: classpath:InspireTest/ngr/datasetrecords/def/checkxlinkurl.template.feature
arg: {"link":"c"}
checkxlinkurl.template.feature:14 - 
org.apache.http.client.ClientProtocolException
04:24:49.446 [ForkJoinPool-1-worker-5] INFO  com.intuit.karate - [print]
04:24:49.446 [ForkJoinPool-1-worker-5] INFO  com.intuit.karate - [print] testing xlinkurl:h
04:24:49.446 [ForkJoinPool-1-worker-5] ERROR com.intuit.karate - org.apache.http.client.ClientProtocolException, http call failed after 0 milliseconds for URL: h
04:24:49.446 [ForkJoinPool-1-worker-5] ERROR com.intuit.karate - http request failed: 
org.apache.http.client.ClientProtocolException
04:24:49.446 [ForkJoinPool-1-worker-5] ERROR com.intuit.karate - feature call (loop) failed at index: 69
caller: classpath:InspireTest/ngr/datasetrecords/def/checkxlinkurl.template.feature
arg: {"link":"h"}
checkxlinkurl.template.feature:14 - 
org.apache.http.client.ClientProtocolException
04:24:49.447 [ForkJoinPool-1-worker-5] INFO  com.intuit.karate - [print]
04:24:49.447 [ForkJoinPool-1-worker-5] INFO  com.intuit.karate - [print] testing xlinkurl:e
04:24:49.447 [ForkJoinPool-1-worker-5] ERROR com.intuit.karate - org.apache.http.client.ClientProtocolException, http call failed after 0 milliseconds for URL: e
04:24:49.447 [ForkJoinPool-1-worker-5] ERROR com.intuit.karate - http request failed: 
org.apache.http.client.ClientProtocolException
04:24:49.447 [ForkJoinPool-1-worker-5] ERROR com.intuit.karate - feature call (loop) failed at index: 70
caller: classpath:InspireTest/ngr/datasetrecords/def/checkxlinkurl.template.feature
arg: {"link":"e"}
checkxlinkurl.template.feature:14 - 
org.apache.http.client.ClientProtocolException
04:24:49.448 [ForkJoinPool-1-worker-5] INFO  com.intuit.karate - [print]
04:24:49.448 [ForkJoinPool-1-worker-5] INFO  com.intuit.karate - [print] testing xlinkurl:m
04:24:49.448 [ForkJoinPool-1-worker-5] ERROR com.intuit.karate - org.apache.http.client.ClientProtocolException, http call failed after 0 milliseconds for URL: m
04:24:49.448 [ForkJoinPool-1-worker-5] ERROR com.intuit.karate - http request failed: 
org.apache.http.client.ClientProtocolException
04:24:49.449 [ForkJoinPool-1-worker-5] ERROR com.intuit.karate - feature call (loop) failed at index: 71
caller: classpath:InspireTest/ngr/datasetrecords/def/checkxlinkurl.template.feature
arg: {"link":"m"}
checkxlinkurl.template.feature:14 - 
org.apache.http.client.ClientProtocolException
04:24:49.449 [ForkJoinPool-1-worker-5] INFO  com.intuit.karate - [print]
04:24:49.456 [ForkJoinPool-1-worker-5] INFO  com.intuit.karate - [print] testing xlinkurl:a
04:24:49.456 [ForkJoinPool-1-worker-5] ERROR com.intuit.karate - org.apache.http.client.ClientProtocolException, http call failed after 0 milliseconds for URL: a
04:24:49.456 [ForkJoinPool-1-worker-5] ERROR com.intuit.karate - http request failed: 
org.apache.http.client.ClientProtocolException
04:24:49.457 [ForkJoinPool-1-worker-5] ERROR com.intuit.karate - feature call (loop) failed at index: 72
caller: classpath:InspireTest/ngr/datasetrecords/def/checkxlinkurl.template.feature
arg: {"link":"a"}
checkxlinkurl.template.feature:14 - 
org.apache.http.client.ClientProtocolException
04:24:49.465 [ForkJoinPool-1-worker-5] INFO  com.intuit.karate - [print]
04:24:49.465 [ForkJoinPool-1-worker-5] INFO  com.intuit.karate - [print] testing xlinkurl:s
04:24:49.465 [ForkJoinPool-1-worker-5] ERROR com.intuit.karate - org.apache.http.client.ClientProtocolException, http call failed after 0 milliseconds for URL: s
04:24:49.466 [ForkJoinPool-1-worker-5] ERROR com.intuit.karate - http request failed: 
org.apache.http.client.ClientProtocolException
04:24:49.466 [ForkJoinPool-1-worker-5] ERROR com.intuit.karate - feature call (loop) failed at index: 73
caller: classpath:InspireTest/ngr/datasetrecords/def/checkxlinkurl.template.feature
arg: {"link":"s"}
checkxlinkurl.template.feature:14 - 
org.apache.http.client.ClientProtocolException
04:24:49.466 [ForkJoinPool-1-worker-5] INFO  com.intuit.karate - [print]
04:24:49.466 [ForkJoinPool-1-worker-5] INFO  com.intuit.karate - [print] testing xlinkurl:/
04:24:49.466 [ForkJoinPool-1-worker-5] ERROR com.intuit.karate - org.apache.http.client.ClientProtocolException, http call failed after 0 milliseconds for URL: /
04:24:49.466 [ForkJoinPool-1-worker-5] ERROR com.intuit.karate - http request failed: 
org.apache.http.client.ClientProtocolException
04:24:49.467 [ForkJoinPool-1-worker-5] ERROR com.intuit.karate - feature call (loop) failed at index: 74
caller: classpath:InspireTest/ngr/datasetrecords/def/checkxlinkurl.template.feature
arg: {"link":"/"}
checkxlinkurl.template.feature:14 - 
org.apache.http.client.ClientProtocolException
04:24:49.467 [ForkJoinPool-1-worker-5] INFO  com.intuit.karate - [print]
04:24:49.467 [ForkJoinPool-1-worker-5] INFO  com.intuit.karate - [print] testing xlinkurl:r
04:24:49.467 [ForkJoinPool-1-worker-5] ERROR com.intuit.karate - org.apache.http.client.ClientProtocolException, http call failed after 0 milliseconds for URL: r
04:24:49.467 [ForkJoinPool-1-worker-5] ERROR com.intuit.karate - http request failed: 
org.apache.http.client.ClientProtocolException
04:24:49.467 [ForkJoinPool-1-worker-5] ERROR com.intuit.karate - feature call (loop) failed at index: 75
caller: classpath:InspireTest/ngr/datasetrecords/def/checkxlinkurl.template.feature
arg: {"link":"r"}
checkxlinkurl.template.feature:14 - 
org.apache.http.client.ClientProtocolException
04:24:49.468 [ForkJoinPool-1-worker-5] INFO  com.intuit.karate - [print]
04:24:49.468 [ForkJoinPool-1-worker-5] INFO  com.intuit.karate - [print] testing xlinkurl:e
04:24:49.468 [ForkJoinPool-1-worker-5] ERROR com.intuit.karate - org.apache.http.client.ClientProtocolException, http call failed after 0 milliseconds for URL: e
04:24:49.468 [ForkJoinPool-1-worker-5] ERROR com.intuit.karate - http request failed: 
org.apache.http.client.ClientProtocolException
04:24:49.468 [ForkJoinPool-1-worker-5] ERROR com.intuit.karate - feature call (loop) failed at index: 76
caller: classpath:InspireTest/ngr/datasetrecords/def/checkxlinkurl.template.feature
arg: {"link":"e"}
checkxlinkurl.template.feature:14 - 
org.apache.http.client.ClientProtocolException
04:24:49.471 [ForkJoinPool-1-worker-5] INFO  com.intuit.karate - [print]
04:24:49.472 [ForkJoinPool-1-worker-5] INFO  com.intuit.karate - [print] testing xlinkurl:s
04:24:49.472 [ForkJoinPool-1-worker-5] ERROR com.intuit.karate - org.apache.http.client.ClientProtocolException, http call failed after 0 milliseconds for URL: s
04:24:49.472 [ForkJoinPool-1-worker-5] ERROR com.intuit.karate - http request failed: 
org.apache.http.client.ClientProtocolException
04:24:49.472 [ForkJoinPool-1-worker-5] ERROR com.intuit.karate - feature call (loop) failed at index: 77
caller: classpath:InspireTest/ngr/datasetrecords/def/checkxlinkurl.template.feature
arg: {"link":"s"}
checkxlinkurl.template.feature:14 - 
org.apache.http.client.ClientProtocolException
04:24:49.472 [ForkJoinPool-1-worker-5] INFO  com.intuit.karate - [print]
04:24:49.473 [ForkJoinPool-1-worker-5] INFO  com.intuit.karate - [print] testing xlinkurl:o
04:24:49.473 [ForkJoinPool-1-worker-5] ERROR com.intuit.karate - org.apache.http.client.ClientProtocolException, http call failed after 0 milliseconds for URL: o
04:24:49.473 [ForkJoinPool-1-worker-5] ERROR com.intuit.karate - http request failed: 
org.apache.http.client.ClientProtocolException
04:24:49.473 [ForkJoinPool-1-worker-5] ERROR com.intuit.karate - feature call (loop) failed at index: 78
caller: classpath:InspireTest/ngr/datasetrecords/def/checkxlinkurl.template.feature
arg: {"link":"o"}
checkxlinkurl.template.feature:14 - 
org.apache.http.client.ClientProtocolException
04:24:49.474 [ForkJoinPool-1-worker-5] INFO  com.intuit.karate - [print]
04:24:49.475 [ForkJoinPool-1-worker-5] INFO  com.intuit.karate - [print] testing xlinkurl:u
04:24:49.475 [ForkJoinPool-1-worker-5] ERROR com.intuit.karate - org.apache.http.client.ClientProtocolException, http call failed after 0 milliseconds for URL: u
04:24:49.475 [ForkJoinPool-1-worker-5] ERROR com.intuit.karate - http request failed: 
org.apache.http.client.ClientProtocolException
04:24:49.475 [ForkJoinPool-1-worker-5] ERROR com.intuit.karate - feature call (loop) failed at index: 79
caller: classpath:InspireTest/ngr/datasetrecords/def/checkxlinkurl.template.feature
arg: {"link":"u"}
checkxlinkurl.template.feature:14 - 
org.apache.http.client.ClientProtocolException
04:24:49.479 [ForkJoinPool-1-worker-5] INFO  com.intuit.karate - [print]
04:24:49.479 [ForkJoinPool-1-worker-5] INFO  com.intuit.karate - [print] testing xlinkurl:r
04:24:49.480 [ForkJoinPool-1-worker-5] ERROR com.intuit.karate - org.apache.http.client.ClientProtocolException, http call failed after 0 milliseconds for URL: r
04:24:49.480 [ForkJoinPool-1-worker-5] ERROR com.intuit.karate - http request failed: 
org.apache.http.client.ClientProtocolException
04:24:49.480 [ForkJoinPool-1-worker-5] ERROR com.intuit.karate - feature call (loop) failed at index: 80
caller: classpath:InspireTest/ngr/datasetrecords/def/checkxlinkurl.template.feature
arg: {"link":"r"}
checkxlinkurl.template.feature:14 - 
org.apache.http.client.ClientProtocolException
04:24:49.480 [ForkJoinPool-1-worker-5] INFO  com.intuit.karate - [print]
04:24:49.481 [ForkJoinPool-1-worker-5] INFO  com.intuit.karate - [print] testing xlinkurl:c
04:24:49.481 [ForkJoinPool-1-worker-5] ERROR com.intuit.karate - org.apache.http.client.ClientProtocolException, http call failed after 0 milliseconds for URL: c
04:24:49.489 [ForkJoinPool-1-worker-5] ERROR com.intuit.karate - http request failed: 
org.apache.http.client.ClientProtocolException
04:24:49.489 [ForkJoinPool-1-worker-5] ERROR com.intuit.karate - feature call (loop) failed at index: 81
caller: classpath:InspireTest/ngr/datasetrecords/def/checkxlinkurl.template.feature
arg: {"link":"c"}
checkxlinkurl.template.feature:14 - 
org.apache.http.client.ClientProtocolException
04:24:49.489 [ForkJoinPool-1-worker-5] INFO  com.intuit.karate - [print]
04:24:49.490 [ForkJoinPool-1-worker-5] INFO  com.intuit.karate - [print] testing xlinkurl:e
04:24:49.490 [ForkJoinPool-1-worker-5] ERROR com.intuit.karate - org.apache.http.client.ClientProtocolException, http call failed after 0 milliseconds for URL: e
04:24:49.490 [ForkJoinPool-1-worker-5] ERROR com.intuit.karate - http request failed: 
org.apache.http.client.ClientProtocolException
04:24:49.490 [ForkJoinPool-1-worker-5] ERROR com.intuit.karate - feature call (loop) failed at index: 82
caller: classpath:InspireTest/ngr/datasetrecords/def/checkxlinkurl.template.feature
arg: {"link":"e"}
checkxlinkurl.template.feature:14 - 
org.apache.http.client.ClientProtocolException
04:24:49.491 [ForkJoinPool-1-worker-5] INFO  com.intuit.karate - [print]
04:24:49.491 [ForkJoinPool-1-worker-5] INFO  com.intuit.karate - [print] testing xlinkurl:s
04:24:49.493 [ForkJoinPool-1-worker-5] ERROR com.intuit.karate - org.apache.http.client.ClientProtocolException, http call failed after 0 milliseconds for URL: s
04:24:49.493 [ForkJoinPool-1-worker-5] ERROR com.intuit.karate - http request failed: 
org.apache.http.client.ClientProtocolException
04:24:49.493 [ForkJoinPool-1-worker-5] ERROR com.intuit.karate - feature call (loop) failed at index: 83
caller: classpath:InspireTest/ngr/datasetrecords/def/checkxlinkurl.template.feature
arg: {"link":"s"}
checkxlinkurl.template.feature:14 - 
org.apache.http.client.ClientProtocolException
04:24:49.494 [ForkJoinPool-1-worker-5] INFO  com.intuit.karate - [print]
04:24:49.494 [ForkJoinPool-1-worker-5] INFO  com.intuit.karate - [print] testing xlinkurl:/
04:24:49.494 [ForkJoinPool-1-worker-5] ERROR com.intuit.karate - org.apache.http.client.ClientProtocolException, http call failed after 0 milliseconds for URL: /
04:24:49.494 [ForkJoinPool-1-worker-5] ERROR com.intuit.karate - http request failed: 
org.apache.http.client.ClientProtocolException
04:24:49.494 [ForkJoinPool-1-worker-5] ERROR com.intuit.karate - feature call (loop) failed at index: 84
caller: classpath:InspireTest/ngr/datasetrecords/def/checkxlinkurl.template.feature
arg: {"link":"/"}
checkxlinkurl.template.feature:14 - 
org.apache.http.client.ClientProtocolException
04:24:49.495 [ForkJoinPool-1-worker-5] INFO  com.intuit.karate - [print]
04:24:49.504 [ForkJoinPool-1-worker-7] INFO  com.intuit.karate - [print] title:Schelpdierpercelen
04:24:49.504 [ForkJoinPool-1-worker-7] INFO  com.intuit.karate - [print] Schelpdierpercelen
04:24:49.504 [ForkJoinPool-1-worker-7] INFO  com.intuit.karate - [print] [
  "geodatabeheer.giscc@rvo.nl",
  "geodatabeheer.giscc@rvo.nl",
  "BeheerPDOK@kadaster.nl"
]

04:24:49.505 [ForkJoinPool-1-worker-7] INFO  com.intuit.karate - [print] organisation: [
  "Ministerie van Economische Zaken - GIS Competence Center",
  "PDOK"
]

04:24:49.510 [ForkJoinPool-1-worker-5] INFO  com.intuit.karate - [print] testing xlinkurl:u
04:24:49.510 [ForkJoinPool-1-worker-5] ERROR com.intuit.karate - org.apache.http.client.ClientProtocolException, http call failed after 0 milliseconds for URL: u
04:24:49.512 [ForkJoinPool-1-worker-5] ERROR com.intuit.karate - http request failed: 
org.apache.http.client.ClientProtocolException
04:24:49.513 [ForkJoinPool-1-worker-5] ERROR com.intuit.karate - feature call (loop) failed at index: 85
caller: classpath:InspireTest/ngr/datasetrecords/def/checkxlinkurl.template.feature
arg: {"link":"u"}
checkxlinkurl.template.feature:14 - 
org.apache.http.client.ClientProtocolException
04:24:49.513 [ForkJoinPool-1-worker-5] INFO  com.intuit.karate - [print]
04:24:49.513 [ForkJoinPool-1-worker-5] INFO  com.intuit.karate - [print] testing xlinkurl:o
04:24:49.514 [ForkJoinPool-1-worker-5] ERROR com.intuit.karate - org.apache.http.client.ClientProtocolException, http call failed after 0 milliseconds for URL: o
04:24:49.514 [ForkJoinPool-1-worker-5] ERROR com.intuit.karate - http request failed: 
org.apache.http.client.ClientProtocolException
04:24:49.514 [ForkJoinPool-1-worker-5] ERROR com.intuit.karate - feature call (loop) failed at index: 86
caller: classpath:InspireTest/ngr/datasetrecords/def/checkxlinkurl.template.feature
arg: {"link":"o"}
checkxlinkurl.template.feature:14 - 
org.apache.http.client.ClientProtocolException
04:24:49.514 [ForkJoinPool-1-worker-5] INFO  com.intuit.karate - [print]
04:24:49.515 [ForkJoinPool-1-worker-5] INFO  com.intuit.karate - [print] testing xlinkurl:m
04:24:49.515 [ForkJoinPool-1-worker-5] ERROR com.intuit.karate - org.apache.http.client.ClientProtocolException, http call failed after 0 milliseconds for URL: m
04:24:49.515 [ForkJoinPool-1-worker-5] ERROR com.intuit.karate - http request failed: 
org.apache.http.client.ClientProtocolException
04:24:49.515 [ForkJoinPool-1-worker-5] ERROR com.intuit.karate - feature call (loop) failed at index: 87
caller: classpath:InspireTest/ngr/datasetrecords/def/checkxlinkurl.template.feature
arg: {"link":"m"}
checkxlinkurl.template.feature:14 - 
org.apache.http.client.ClientProtocolException
04:24:49.516 [ForkJoinPool-1-worker-5] INFO  com.intuit.karate - [print]
04:24:49.516 [ForkJoinPool-1-worker-5] INFO  com.intuit.karate - [print] testing xlinkurl:/
04:24:49.516 [ForkJoinPool-1-worker-5] ERROR com.intuit.karate - org.apache.http.client.ClientProtocolException, http call failed after 0 milliseconds for URL: /
04:24:49.516 [ForkJoinPool-1-worker-5] ERROR com.intuit.karate - http request failed: 
org.apache.http.client.ClientProtocolException
04:24:49.516 [ForkJoinPool-1-worker-5] ERROR com.intuit.karate - feature call (loop) failed at index: 88
caller: classpath:InspireTest/ngr/datasetrecords/def/checkxlinkurl.template.feature
arg: {"link":"/"}
checkxlinkurl.template.feature:14 - 
org.apache.http.client.ClientProtocolException
04:24:49.512 [ForkJoinPool-1-worker-7] INFO  com.intuit.karate - [print] [
  "https://www.nationaalgeoregister.nl/geonetwork/srv/dut/catalog.search#/metadata/fe0e1e5f-512f-4bb1-bbf8-4028d3dfa24f",
  "http://standaarden.overheid.nl/owms/terms/Ministerie_van_Landbouw,_Natuur_en_Voedselkwaliteit"
]

04:24:49.524 [ForkJoinPool-1-worker-7] INFO  com.intuit.karate - [print]
04:24:49.524 [ForkJoinPool-1-worker-7] INFO  com.intuit.karate - [print] testing xlinkurl:https://www.nationaalgeoregister.nl/geonetwork/srv/dut/catalog.search#/metadata/fe0e1e5f-512f-4bb1-bbf8-4028d3dfa24f
04:24:49.524 [ForkJoinPool-1-worker-5] INFO  com.intuit.karate - [print]
04:24:49.525 [ForkJoinPool-1-worker-5] INFO  com.intuit.karate - [print] testing xlinkurl:g
04:24:49.525 [ForkJoinPool-1-worker-5] ERROR com.intuit.karate - org.apache.http.client.ClientProtocolException, http call failed after 0 milliseconds for URL: g
04:24:49.525 [ForkJoinPool-1-worker-5] ERROR com.intuit.karate - http request failed: 
org.apache.http.client.ClientProtocolException
04:24:49.525 [ForkJoinPool-1-worker-5] ERROR com.intuit.karate - feature call (loop) failed at index: 89
caller: classpath:InspireTest/ngr/datasetrecords/def/checkxlinkurl.template.feature
arg: {"link":"g"}
checkxlinkurl.template.feature:14 - 
org.apache.http.client.ClientProtocolException
04:24:49.526 [ForkJoinPool-1-worker-5] INFO  com.intuit.karate - [print]
04:24:49.526 [ForkJoinPool-1-worker-5] INFO  com.intuit.karate - [print] testing xlinkurl:m
04:24:49.526 [ForkJoinPool-1-worker-5] ERROR com.intuit.karate - org.apache.http.client.ClientProtocolException, http call failed after 0 milliseconds for URL: m
04:24:49.529 [ForkJoinPool-1-worker-5] ERROR com.intuit.karate - http request failed: 
org.apache.http.client.ClientProtocolException
04:24:49.529 [ForkJoinPool-1-worker-5] ERROR com.intuit.karate - feature call (loop) failed at index: 90
caller: classpath:InspireTest/ngr/datasetrecords/def/checkxlinkurl.template.feature
arg: {"link":"m"}
checkxlinkurl.template.feature:14 - 
org.apache.http.client.ClientProtocolException
04:24:49.529 [ForkJoinPool-1-worker-5] INFO  com.intuit.karate - [print]
04:24:49.530 [ForkJoinPool-1-worker-5] INFO  com.intuit.karate - [print] testing xlinkurl:x
04:24:49.530 [ForkJoinPool-1-worker-5] ERROR com.intuit.karate - org.apache.http.client.ClientProtocolException, http call failed after 0 milliseconds for URL: x
04:24:49.530 [ForkJoinPool-1-worker-5] ERROR com.intuit.karate - http request failed: 
org.apache.http.client.ClientProtocolException
04:24:49.530 [ForkJoinPool-1-worker-5] ERROR com.intuit.karate - feature call (loop) failed at index: 91
caller: classpath:InspireTest/ngr/datasetrecords/def/checkxlinkurl.template.feature
arg: {"link":"x"}
checkxlinkurl.template.feature:14 - 
org.apache.http.client.ClientProtocolException
04:24:49.531 [ForkJoinPool-1-worker-5] INFO  com.intuit.karate - [print]
04:24:49.531 [ForkJoinPool-1-worker-5] INFO  com.intuit.karate - [print] testing xlinkurl:U
04:24:49.531 [ForkJoinPool-1-worker-5] ERROR com.intuit.karate - org.apache.http.client.ClientProtocolException, http call failed after 0 milliseconds for URL: U
04:24:49.531 [ForkJoinPool-1-worker-5] ERROR com.intuit.karate - http request failed: 
org.apache.http.client.ClientProtocolException
04:24:49.531 [ForkJoinPool-1-worker-5] ERROR com.intuit.karate - feature call (loop) failed at index: 92
caller: classpath:InspireTest/ngr/datasetrecords/def/checkxlinkurl.template.feature
arg: {"link":"U"}
checkxlinkurl.template.feature:14 - 
org.apache.http.client.ClientProtocolException
04:24:49.535 [ForkJoinPool-1-worker-5] INFO  com.intuit.karate - [print]
04:24:49.537 [ForkJoinPool-1-worker-5] INFO  com.intuit.karate - [print] testing xlinkurl:o
04:24:49.537 [ForkJoinPool-1-worker-5] ERROR com.intuit.karate - org.apache.http.client.ClientProtocolException, http call failed after 0 milliseconds for URL: o
04:24:49.537 [ForkJoinPool-1-worker-5] ERROR com.intuit.karate - http request failed: 
org.apache.http.client.ClientProtocolException
04:24:49.537 [ForkJoinPool-1-worker-5] ERROR com.intuit.karate - feature call (loop) failed at index: 93
caller: classpath:InspireTest/ngr/datasetrecords/def/checkxlinkurl.template.feature
arg: {"link":"o"}
checkxlinkurl.template.feature:14 - 
org.apache.http.client.ClientProtocolException
04:24:49.538 [ForkJoinPool-1-worker-5] INFO  com.intuit.karate - [print]
04:24:49.538 [ForkJoinPool-1-worker-5] INFO  com.intuit.karate - [print] testing xlinkurl:m
04:24:49.545 [ForkJoinPool-1-worker-5] ERROR com.intuit.karate - org.apache.http.client.ClientProtocolException, http call failed after 0 milliseconds for URL: m
04:24:49.545 [ForkJoinPool-1-worker-5] ERROR com.intuit.karate - http request failed: 
org.apache.http.client.ClientProtocolException
04:24:49.545 [ForkJoinPool-1-worker-5] ERROR com.intuit.karate - feature call (loop) failed at index: 94
caller: classpath:InspireTest/ngr/datasetrecords/def/checkxlinkurl.template.feature
arg: {"link":"m"}
checkxlinkurl.template.feature:14 - 
org.apache.http.client.ClientProtocolException
04:24:49.545 [ForkJoinPool-1-worker-5] INFO  com.intuit.karate - [print]
04:24:49.545 [ForkJoinPool-1-worker-5] INFO  com.intuit.karate - [print] testing xlinkurl:.
04:24:49.546 [ForkJoinPool-1-worker-5] ERROR com.intuit.karate - org.apache.http.client.ClientProtocolException, http call failed after 0 milliseconds for URL: .
04:24:49.546 [ForkJoinPool-1-worker-5] ERROR com.intuit.karate - http request failed: 
org.apache.http.client.ClientProtocolException
04:24:49.546 [ForkJoinPool-1-worker-5] ERROR com.intuit.karate - feature call (loop) failed at index: 95
caller: classpath:InspireTest/ngr/datasetrecords/def/checkxlinkurl.template.feature
arg: {"link":"."}
checkxlinkurl.template.feature:14 - 
org.apache.http.client.ClientProtocolException
04:24:49.546 [ForkJoinPool-1-worker-5] INFO  com.intuit.karate - [print]
04:24:49.548 [ForkJoinPool-1-worker-5] INFO  com.intuit.karate - [print] testing xlinkurl:x
04:24:49.548 [ForkJoinPool-1-worker-5] ERROR com.intuit.karate - org.apache.http.client.ClientProtocolException, http call failed after 0 milliseconds for URL: x
04:24:49.548 [ForkJoinPool-1-worker-5] ERROR com.intuit.karate - http request failed: 
org.apache.http.client.ClientProtocolException
04:24:49.548 [ForkJoinPool-1-worker-5] ERROR com.intuit.karate - feature call (loop) failed at index: 96
caller: classpath:InspireTest/ngr/datasetrecords/def/checkxlinkurl.template.feature
arg: {"link":"x"}
checkxlinkurl.template.feature:14 - 
org.apache.http.client.ClientProtocolException
04:24:49.552 [ForkJoinPool-1-worker-11] INFO  com.intuit.karate - [print] title:Hydrografie - Physical Waters (INSPIRE geharmoniseerd)
04:24:49.552 [ForkJoinPool-1-worker-11] INFO  com.intuit.karate - [print] Hydrografie - Physical Waters (INSPIRE geharmoniseerd)
04:24:49.553 [ForkJoinPool-1-worker-11] INFO  com.intuit.karate - [print] [
  "PPB-GVA@kadaster.nl",
  "kcc@kadaster.nl"
]

04:24:49.553 [ForkJoinPool-1-worker-11] INFO  com.intuit.karate - [print] organisation: [
  "Kadaster",
  "Kadaster"
]

04:24:49.557 [ForkJoinPool-1-worker-11] INFO  com.intuit.karate - [print] [
  "http://www.opengis.net/def/crs/EPSG/0/http://www.opengis.net/def/crs/EPSG/0/4258",
  "http://kadaster/70a0f618-9d4f-4be9-9d9d-11106ff6971c"
]

04:24:49.568 [ForkJoinPool-1-worker-11] INFO  com.intuit.karate - [print]
04:24:49.558 [ForkJoinPool-1-worker-5] INFO  com.intuit.karate - [print]
04:24:49.570 [ForkJoinPool-1-worker-5] INFO  com.intuit.karate - [print] testing xlinkurl:m
04:24:49.570 [ForkJoinPool-1-worker-5] ERROR com.intuit.karate - org.apache.http.client.ClientProtocolException, http call failed after 0 milliseconds for URL: m
04:24:49.570 [ForkJoinPool-1-worker-5] ERROR com.intuit.karate - http request failed: 
org.apache.http.client.ClientProtocolException
04:24:49.570 [ForkJoinPool-1-worker-5] ERROR com.intuit.karate - feature call (loop) failed at index: 97
caller: classpath:InspireTest/ngr/datasetrecords/def/checkxlinkurl.template.feature
arg: {"link":"m"}
checkxlinkurl.template.feature:14 - 
org.apache.http.client.ClientProtocolException
04:24:49.570 [ForkJoinPool-1-worker-11] INFO  com.intuit.karate - [print] testing xlinkurl:http://www.opengis.net/def/crs/EPSG/0/http://www.opengis.net/def/crs/EPSG/0/4258
04:24:49.571 [ForkJoinPool-1-worker-5] INFO  com.intuit.karate - [print]
04:24:49.572 [ForkJoinPool-1-worker-5] INFO  com.intuit.karate - [print] testing xlinkurl:l
04:24:49.572 [ForkJoinPool-1-worker-5] ERROR com.intuit.karate - org.apache.http.client.ClientProtocolException, http call failed after 0 milliseconds for URL: l
04:24:49.572 [ForkJoinPool-1-worker-5] ERROR com.intuit.karate - http request failed: 
org.apache.http.client.ClientProtocolException
04:24:49.572 [ForkJoinPool-1-worker-5] ERROR com.intuit.karate - feature call (loop) failed at index: 98
caller: classpath:InspireTest/ngr/datasetrecords/def/checkxlinkurl.template.feature
arg: {"link":"l"}
checkxlinkurl.template.feature:14 - 
org.apache.http.client.ClientProtocolException
04:24:49.573 [ForkJoinPool-1-worker-5] INFO  com.intuit.karate - [print]
04:24:49.573 [ForkJoinPool-1-worker-5] INFO  com.intuit.karate - [print] testing xlinkurl:#
04:24:49.573 [ForkJoinPool-1-worker-5] ERROR com.intuit.karate - org.apache.http.client.ClientProtocolException, http call failed after 0 milliseconds for URL: #
04:24:49.573 [ForkJoinPool-1-worker-5] ERROR com.intuit.karate - http request failed: 
org.apache.http.client.ClientProtocolException
04:24:49.573 [ForkJoinPool-1-worker-5] ERROR com.intuit.karate - feature call (loop) failed at index: 99
caller: classpath:InspireTest/ngr/datasetrecords/def/checkxlinkurl.template.feature
arg: {"link":"#"}
checkxlinkurl.template.feature:14 - 
org.apache.http.client.ClientProtocolException
04:24:49.574 [ForkJoinPool-1-worker-5] INFO  com.intuit.karate - [print]
04:24:49.574 [ForkJoinPool-1-worker-5] INFO  com.intuit.karate - [print] testing xlinkurl:m
04:24:49.574 [ForkJoinPool-1-worker-5] ERROR com.intuit.karate - org.apache.http.client.ClientProtocolException, http call failed after 0 milliseconds for URL: m
04:24:49.574 [ForkJoinPool-1-worker-5] ERROR com.intuit.karate - http request failed: 
org.apache.http.client.ClientProtocolException
04:24:49.574 [ForkJoinPool-1-worker-5] ERROR com.intuit.karate - feature call (loop) failed at index: 100
caller: classpath:InspireTest/ngr/datasetrecords/def/checkxlinkurl.template.feature
arg: {"link":"m"}
checkxlinkurl.template.feature:14 - 
org.apache.http.client.ClientProtocolException
04:24:49.661 [ForkJoinPool-1-worker-13] INFO  com.intuit.karate - [print] title:Gebieden in de territoriale zee
04:24:49.661 [ForkJoinPool-1-worker-13] INFO  com.intuit.karate - [print] Gebieden in de territoriale zee
04:24:49.661 [ForkJoinPool-1-worker-13] INFO  com.intuit.karate - [print] [
  "data@hydro.nl",
  "data@hydro.nl",
  "data@hydro.nl",
  "",
  ""
]

04:24:49.662 [ForkJoinPool-1-worker-13] INFO  com.intuit.karate - [print] organisation: [
  "Ministerie van Defensie, Koninklijke Marine, Dienst der Hydrografie",
  "Ministerie van Defensie, Koninklijke Marine, Dienst der Hydrografie",
  "Ministerie van Defensie, Koninklijke Marine, Dienst der Hydrografie"
]

04:24:49.677 [ForkJoinPool-1-worker-13] INFO  com.intuit.karate - [print] [
  "http://www.opengis.net/def/crs/EPSG/0/https://www.opengis.net/def/crs/EPSG/0/4258",
  "https://www.nationaalgeoregister.nl/geonetwork/srv/api/records4617f0e0-6af4-4ac0-9044-31df9d03071c"
]

04:24:49.680 [ForkJoinPool-1-worker-13] INFO  com.intuit.karate - [print]
04:24:49.680 [ForkJoinPool-1-worker-13] INFO  com.intuit.karate - [print] testing xlinkurl:http://www.opengis.net/def/crs/EPSG/0/https://www.opengis.net/def/crs/EPSG/0/4258
04:24:49.839 [ForkJoinPool-1-worker-7] INFO  com.intuit.karate - [print]
04:24:49.840 [ForkJoinPool-1-worker-7] INFO  com.intuit.karate - [print] testing xlinkurl:http://standaarden.overheid.nl/owms/terms/Ministerie_van_Landbouw,_Natuur_en_Voedselkwaliteit
04:24:49.865 [ForkJoinPool-1-worker-11] INFO  com.intuit.karate - [print]
04:24:49.865 [ForkJoinPool-1-worker-11] INFO  com.intuit.karate - [print] testing xlinkurl:http://kadaster/70a0f618-9d4f-4be9-9d9d-11106ff6971c
04:24:49.866 [ForkJoinPool-1-worker-11] ERROR com.intuit.karate - java.net.UnknownHostException: kadaster, http call failed after 0 milliseconds for URL: http://kadaster/70a0f618-9d4f-4be9-9d9d-11106ff6971c
04:24:49.866 [ForkJoinPool-1-worker-11] ERROR com.intuit.karate - http request failed: 
java.net.UnknownHostException: kadaster
04:24:49.866 [ForkJoinPool-1-worker-11] ERROR com.intuit.karate - feature call (loop) failed at index: 1
caller: classpath:InspireTest/ngr/datasetrecords/def/checkxlinkurl.template.feature
arg: {"link":"http://kadaster/70a0f618-9d4f-4be9-9d9d-11106ff6971c"}
checkxlinkurl.template.feature:14 - 
java.net.UnknownHostException: kadaster
04:24:49.879 [ForkJoinPool-1-worker-3] INFO  com.intuit.karate - [print] title:Hydrografie
04:24:49.879 [ForkJoinPool-1-worker-3] INFO  com.intuit.karate - [print] Hydrografie
04:24:49.881 [ForkJoinPool-1-worker-3] INFO  com.intuit.karate - [print] [
  "PPB-GVA@kadaster.nl",
  "kcc@kadaster.nl",
  "kcc@kadaster.nl"
]

04:24:49.883 [ForkJoinPool-1-worker-3] INFO  com.intuit.karate - [print] organisation: [
  "Kadaster",
  "Kadaster",
  "Kadaster"
]

04:24:49.894 [ForkJoinPool-1-worker-3] INFO  com.intuit.karate - [print] [
  "http://kadaster/06b6c650-cdb1-11dd-ad8b-0800200c9a80"
]

04:24:49.897 [ForkJoinPool-1-worker-3] INFO  com.intuit.karate - [print]
04:24:49.905 [ForkJoinPool-1-worker-3] INFO  com.intuit.karate - [print] testing xlinkurl:http://kadaster/06b6c650-cdb1-11dd-ad8b-0800200c9a80
04:24:49.906 [ForkJoinPool-1-worker-3] ERROR com.intuit.karate - java.net.UnknownHostException: kadaster, http call failed after 0 milliseconds for URL: http://kadaster/06b6c650-cdb1-11dd-ad8b-0800200c9a80
04:24:49.907 [ForkJoinPool-1-worker-3] ERROR com.intuit.karate - http request failed: 
java.net.UnknownHostException: kadaster
04:24:49.907 [ForkJoinPool-1-worker-3] ERROR com.intuit.karate - feature call (loop) failed at index: 0
caller: classpath:InspireTest/ngr/datasetrecords/def/checkxlinkurl.template.feature
arg: {"link":"http://kadaster/06b6c650-cdb1-11dd-ad8b-0800200c9a80"}
checkxlinkurl.template.feature:14 - 
java.net.UnknownHostException: kadaster
04:24:49.943 [ForkJoinPool-1-worker-9] INFO  com.intuit.karate - [print] title:Afgevoerde hoeveelheid afval in 2011 vanuit de industrie
04:24:49.945 [ForkJoinPool-1-worker-9] INFO  com.intuit.karate - [print] Afgevoerde hoeveelheid afval in 2011 vanuit de industrie
04:24:49.947 [ForkJoinPool-1-worker-9] INFO  com.intuit.karate - [print] [
  "emissieregistratie@rivm.nl",
  "",
  "emissieregistratie@rivm.nl"
]

04:24:49.948 [ForkJoinPool-1-worker-9] INFO  com.intuit.karate - [print] organisation: no organisationName found in dataset record
04:24:49.956 [ForkJoinPool-1-worker-9] INFO  com.intuit.karate - [print] [
  "https://data.rivm.nl/inspire/id#90bab79d-5f92-4aaa-8edc-99195438ef65"
]

04:24:49.964 [ForkJoinPool-1-worker-9] INFO  com.intuit.karate - [print]
04:24:49.964 [ForkJoinPool-1-worker-9] INFO  com.intuit.karate - [print] testing xlinkurl:https://data.rivm.nl/inspire/id#90bab79d-5f92-4aaa-8edc-99195438ef65
04:24:49.979 [ForkJoinPool-1-worker-13] INFO  com.intuit.karate - [print]
04:24:49.979 [ForkJoinPool-1-worker-13] INFO  com.intuit.karate - [print] testing xlinkurl:https://www.nationaalgeoregister.nl/geonetwork/srv/api/records4617f0e0-6af4-4ac0-9044-31df9d03071c
04:24:50.092 [ForkJoinPool-1-worker-5] INFO  com.intuit.karate - [print] title:Statistical Units Vector
04:24:50.092 [ForkJoinPool-1-worker-5] INFO  com.intuit.karate - [print] Statistical Units Vector
04:24:50.094 [ForkJoinPool-1-worker-5] INFO  com.intuit.karate - [print] [
  "infoservice@cbs.nl",
  "infoservice@cbs.nl",
  "infoservice@cbs.nl",
  "",
  ""
]

04:24:50.095 [ForkJoinPool-1-worker-5] INFO  com.intuit.karate - [print] organisation: [
  "Statistics Netherlands",
  "Statistics Netherlands",
  "Statistics Netherlandds",
  "Statistics Netherlands"
]

04:24:50.107 [ForkJoinPool-1-worker-5] INFO  com.intuit.karate - [print] [
  "https://geodata.nationaalgeoregister.nl/cbsgebiedsindelingen/atom/cbsgebiedsindelingen.xml"
]

04:24:50.174 [ForkJoinPool-1-worker-5] INFO  com.intuit.karate - [print]
04:24:50.174 [ForkJoinPool-1-worker-5] INFO  com.intuit.karate - [print] testing xlinkurl:https://geodata.nationaalgeoregister.nl/cbsgebiedsindelingen/atom/cbsgebiedsindelingen.xml
04:24:50.309 [ForkJoinPool-1-worker-13] ERROR com.intuit.karate - status code was: 500, expected: 200, response time: 329, url: https://www.nationaalgeoregister.nl/geonetwork/srv/api/records4617f0e0-6af4-4ac0-9044-31df9d03071c, response: 
04:24:50.309 [ForkJoinPool-1-worker-13] ERROR com.intuit.karate - feature call (loop) failed at index: 1
caller: classpath:InspireTest/ngr/datasetrecords/def/checkxlinkurl.template.feature
arg: {"link":"https://www.nationaalgeoregister.nl/geonetwork/srv/api/records4617f0e0-6af4-4ac0-9044-31df9d03071c"}
checkxlinkurl.template.feature:15 - status code was: 500, expected: 200, response time: 329, url: https://www.nationaalgeoregister.nl/geonetwork/srv/api/records4617f0e0-6af4-4ac0-9044-31df9d03071c, response: 
04:24:50.352 [ForkJoinPool-1-worker-9] ERROR com.intuit.karate - javax.net.ssl.SSLException: Connection reset, http call failed after 386 milliseconds for URL: https://data.rivm.nl/inspire/id#90bab79d-5f92-4aaa-8edc-99195438ef65
04:24:50.352 [ForkJoinPool-1-worker-9] ERROR com.intuit.karate - http request failed: 
javax.net.ssl.SSLException: Connection reset
04:24:50.352 [ForkJoinPool-1-worker-9] ERROR com.intuit.karate - feature call (loop) failed at index: 0
caller: classpath:InspireTest/ngr/datasetrecords/def/checkxlinkurl.template.feature
arg: {"link":"https://data.rivm.nl/inspire/id#90bab79d-5f92-4aaa-8edc-99195438ef65"}
checkxlinkurl.template.feature:14 - 
javax.net.ssl.SSLException: Connection reset
04:24:50.416 [ForkJoinPool-1-worker-11] INFO  com.intuit.karate - [print] title:Vervoersnetwerken - Kabelbanen (INSPIRE geharmoniseerd)
04:24:50.416 [ForkJoinPool-1-worker-11] INFO  com.intuit.karate - [print] Vervoersnetwerken - Kabelbanen (INSPIRE geharmoniseerd)
04:24:50.417 [ForkJoinPool-1-worker-11] INFO  com.intuit.karate - [print] [
  "PPB-GVA@kadaster.nl",
  "kcc@kadaster.nl"
]

04:24:50.418 [ForkJoinPool-1-worker-11] INFO  com.intuit.karate - [print] organisation: [
  "Kadaster",
  "Kadaster"
]

04:24:50.439 [ForkJoinPool-1-worker-3] INFO  com.intuit.karate - [print] title:Administratieve Eenheden (INSPIRE geharmoniseerd)
04:24:50.440 [ForkJoinPool-1-worker-3] INFO  com.intuit.karate - [print] Administratieve Eenheden (INSPIRE geharmoniseerd)
04:24:50.441 [ForkJoinPool-1-worker-3] INFO  com.intuit.karate - [print] [
  "PPB-GVA@kadaster.nl",
  "kcc@kadaster.nl"
]

04:24:50.441 [ForkJoinPool-1-worker-11] INFO  com.intuit.karate - [print] [
  "http://www.opengis.net/def/crs/EPSG/0/http://www.opengis.net/def/crs/EPSG/0/4258",
  "http://kadaster/ed4caa3b-a49e-4a9a-8206-50a3cf451b9a"
]

04:24:50.443 [ForkJoinPool-1-worker-3] INFO  com.intuit.karate - [print] organisation: [
  "Kadaster",
  "Kadaster"
]

04:24:50.444 [ForkJoinPool-1-worker-11] INFO  com.intuit.karate - [print]
04:24:50.445 [ForkJoinPool-1-worker-11] INFO  com.intuit.karate - [print] testing xlinkurl:http://www.opengis.net/def/crs/EPSG/0/http://www.opengis.net/def/crs/EPSG/0/4258
04:24:50.447 [ForkJoinPool-1-worker-3] INFO  com.intuit.karate - [print] [
  "http://www.opengis.net/def/crs/EPSG/0/http://www.opengis.net/def/crs/EPSG/0/4258",
  "http://kadaster/29f0fa66-3928-4e95-ae30-5b1eab818ac1"
]

04:24:50.455 [ForkJoinPool-1-worker-3] INFO  com.intuit.karate - [print]
04:24:50.463 [ForkJoinPool-1-worker-3] INFO  com.intuit.karate - [print] testing xlinkurl:http://www.opengis.net/def/crs/EPSG/0/http://www.opengis.net/def/crs/EPSG/0/4258
04:24:50.697 [pool-1-thread-4] INFO  com.intuit.karate.Runner - <<fail>> feature 9 of 9: classpath:InspireTest/ngr/datasetrecords/check-known-dataset-record.feature
---------------------------------------------------------
feature: classpath:InspireTest/ngr/datasetrecords/check-known-dataset-record.feature
report: target/surefire-reports/InspireTest.ngr.datasetrecords.check-known-dataset-record.json
scenarios: 196 | passed: 20 | failed: 176 | time: 242.4633
---------------------------------------------------------
04:24:50.741 [ForkJoinPool-1-worker-11] INFO  com.intuit.karate - [print]
04:24:50.742 [ForkJoinPool-1-worker-11] INFO  com.intuit.karate - [print] testing xlinkurl:http://kadaster/ed4caa3b-a49e-4a9a-8206-50a3cf451b9a
04:24:50.744 [ForkJoinPool-1-worker-11] ERROR com.intuit.karate - java.net.UnknownHostException: kadaster, http call failed after 1 milliseconds for URL: http://kadaster/ed4caa3b-a49e-4a9a-8206-50a3cf451b9a
04:24:50.744 [ForkJoinPool-1-worker-11] ERROR com.intuit.karate - http request failed: 
java.net.UnknownHostException: kadaster
04:24:50.745 [ForkJoinPool-1-worker-11] ERROR com.intuit.karate - feature call (loop) failed at index: 1
caller: classpath:InspireTest/ngr/datasetrecords/def/checkxlinkurl.template.feature
arg: {"link":"http://kadaster/ed4caa3b-a49e-4a9a-8206-50a3cf451b9a"}
checkxlinkurl.template.feature:14 - 
java.net.UnknownHostException: kadaster
04:24:50.757 [ForkJoinPool-1-worker-3] INFO  com.intuit.karate - [print]
04:24:50.757 [ForkJoinPool-1-worker-3] INFO  com.intuit.karate - [print] testing xlinkurl:http://kadaster/29f0fa66-3928-4e95-ae30-5b1eab818ac1
04:24:50.758 [ForkJoinPool-1-worker-3] ERROR com.intuit.karate - java.net.UnknownHostException: kadaster, http call failed after 0 milliseconds for URL: http://kadaster/29f0fa66-3928-4e95-ae30-5b1eab818ac1
04:24:50.758 [ForkJoinPool-1-worker-3] ERROR com.intuit.karate - http request failed: 
java.net.UnknownHostException: kadaster
04:24:50.758 [ForkJoinPool-1-worker-3] ERROR com.intuit.karate - feature call (loop) failed at index: 1
caller: classpath:InspireTest/ngr/datasetrecords/def/checkxlinkurl.template.feature
arg: {"link":"http://kadaster/29f0fa66-3928-4e95-ae30-5b1eab818ac1"}
checkxlinkurl.template.feature:14 - 
java.net.UnknownHostException: kadaster
04:24:50.818 [ForkJoinPool-1-worker-13] INFO  com.intuit.karate - [print] title:Omgevingsdosisequivalenttempo Nationaal Meetnet Radioactiviteit 2011
04:24:50.819 [ForkJoinPool-1-worker-13] INFO  com.intuit.karate - [print] Omgevingsdosisequivalenttempo Nationaal Meetnet Radioactiviteit 2011
04:24:50.820 [ForkJoinPool-1-worker-13] INFO  com.intuit.karate - [print] [
  "geodata@rivm.nl",
  "",
  "geodata@rivm.nl"
]

04:24:50.822 [ForkJoinPool-1-worker-13] INFO  com.intuit.karate - [print] organisation: no organisationName found in dataset record
04:24:50.831 [ForkJoinPool-1-worker-13] INFO  com.intuit.karate - [print] [
  "https://data.rivm.nl/inspire/id#722e3937-3e53-4048-97ef-1ced2c77f7dd"
]

04:24:50.841 [ForkJoinPool-1-worker-13] INFO  com.intuit.karate - [print]
04:24:50.841 [ForkJoinPool-1-worker-13] INFO  com.intuit.karate - [print] testing xlinkurl:https://data.rivm.nl/inspire/id#722e3937-3e53-4048-97ef-1ced2c77f7dd
04:24:50.952 [ForkJoinPool-1-worker-9] INFO  com.intuit.karate - [print] title:Wetlands (RAMSAR) (INSPIRE Geharmoniseerd)
04:24:50.956 [ForkJoinPool-1-worker-9] INFO  com.intuit.karate - [print] Wetlands (RAMSAR) (INSPIRE Geharmoniseerd)
04:24:50.957 [ForkJoinPool-1-worker-9] INFO  com.intuit.karate - [print] [
  "geodatabeheer.giscc@rvo.nl",
  "geodatabeheer.giscc@rvo.nl",
  "geodatabeheer.giscc@rvo.nl",
  "GeoDesk.CGI@wur.nl",
  "beheer@pdok.nl",
  "",
  ""
]

04:24:50.955 [ForkJoinPool-1-worker-7] INFO  com.intuit.karate - [print] title:Geluidkaart hoofdspoornet 2016 (Lden)
04:24:50.957 [ForkJoinPool-1-worker-7] INFO  com.intuit.karate - [print] Geluidkaart hoofdspoornet 2016 (Lden)
04:24:50.957 [ForkJoinPool-1-worker-7] INFO  com.intuit.karate - [print] [
  "sylvia.koolmees@minienw.nl",
  "sylvia.koolmees@minienw.nl"
]

04:24:50.958 [ForkJoinPool-1-worker-7] INFO  com.intuit.karate - [print] organisation: [
  "Ministerie van IenW",
  "Ministerie van IenW"
]

04:24:50.961 [ForkJoinPool-1-worker-7] INFO  com.intuit.karate - [print] [
  "https://www.nationaalgeoregister.nl/geonetwork/srv/api/recordsc3c004ad-5387-4b00-a225-9afbcaa5d31b"
]

04:24:50.963 [ForkJoinPool-1-worker-9] INFO  com.intuit.karate - [print] organisation: [
  "",
  ""
]

04:24:50.965 [ForkJoinPool-1-worker-7] INFO  com.intuit.karate - [print]
04:24:50.966 [ForkJoinPool-1-worker-7] INFO  com.intuit.karate - [print] testing xlinkurl:https://www.nationaalgeoregister.nl/geonetwork/srv/api/recordsc3c004ad-5387-4b00-a225-9afbcaa5d31b
04:24:50.980 [ForkJoinPool-1-worker-9] INFO  com.intuit.karate - [print] [
  "http://standaarden.overheid.nl/owms/terms/Ministerie_van_Landbouw,_Natuur_en_Voedselkwaliteit",
  "http://nationaalgeoregister.nl/geonetwork/srv/dut/catalog.search#/metadata/19165027-a13a-4c19-9013-ec1fd191019d",
  "http://standaarden.overheid.nl/owms/terms/Ministerie_van_Landbouw,_Natuur_en_Voedselkwaliteit",
  "http://standaarden.overheid.nl/owms/terms/Ministerie_van_Landbouw,_Natuur_en_Voedselkwaliteit",
  "https://data.overheid.nl/organisatie/PDOK"
]

04:24:50.984 [ForkJoinPool-1-worker-9] INFO  com.intuit.karate - [print]
04:24:50.984 [ForkJoinPool-1-worker-9] INFO  com.intuit.karate - [print] testing xlinkurl:http://standaarden.overheid.nl/owms/terms/Ministerie_van_Landbouw,_Natuur_en_Voedselkwaliteit
04:24:51.110 [ForkJoinPool-1-worker-11] INFO  com.intuit.karate - [print] title:Zwemwaterlocaties en zwemwaterkwaliteit - monsterpunten
04:24:51.110 [ForkJoinPool-1-worker-11] INFO  com.intuit.karate - [print] Zwemwaterlocaties en zwemwaterkwaliteit - monsterpunten
04:24:51.110 [ForkJoinPool-1-worker-11] INFO  com.intuit.karate - [print] [
  "inspire@gbo-provincies.nl",
  "inspire@gbo-provincies.nl",
  "inspire@gbo-provincies.nl"
]

04:24:51.111 [ForkJoinPool-1-worker-11] INFO  com.intuit.karate - [print] organisation: [
  "Interprovinciaal Overleg",
  "Interprovinciaal Overleg",
  "Interprovinciaal Overleg",
  "Interprovinciaal Overleg",
  "Interprovinciaal Overleg"
]

04:24:51.141 [ForkJoinPool-1-worker-5] INFO  com.intuit.karate - [print] title:Aardbevingen Nederland (KNMI)
04:24:51.141 [ForkJoinPool-1-worker-5] INFO  com.intuit.karate - [print] Aardbevingen Nederland (KNMI)
04:24:51.142 [ForkJoinPool-1-worker-5] INFO  com.intuit.karate - [print] [
  "datacentrum@knmi.nl",
  "datacentrum@knmi.nl",
  "datacentrum@knmi.nl"
]

04:24:51.143 [ForkJoinPool-1-worker-5] INFO  com.intuit.karate - [print] organisation: [
  "Koninklijk Nederlands Meteorologisch Instituut (KNMI)",
  "Koninklijk Nederlands Meteorologisch Instituut (KNMI)",
  "Koninklijk Nederlands Meteorologisch Instituut (KNMI)"
]

04:24:51.149 [ForkJoinPool-1-worker-5] INFO  com.intuit.karate - [print] [
  "https://www.nationaalgeoregister.nl/geonetwork/srv/api/records49807edc-0007-41aa-8809-d381f6713de4",
  "https://creativecommons.org/publicdomain/zero/*/deed.nl"
]

04:24:51.153 [ForkJoinPool-1-worker-5] INFO  com.intuit.karate - [print]
04:24:51.153 [ForkJoinPool-1-worker-5] INFO  com.intuit.karate - [print] testing xlinkurl:https://www.nationaalgeoregister.nl/geonetwork/srv/api/records49807edc-0007-41aa-8809-d381f6713de4
04:24:51.203 [ForkJoinPool-1-worker-13] ERROR com.intuit.karate - javax.net.ssl.SSLException: Connection reset, http call failed after 362 milliseconds for URL: https://data.rivm.nl/inspire/id#722e3937-3e53-4048-97ef-1ced2c77f7dd
04:24:51.203 [ForkJoinPool-1-worker-13] ERROR com.intuit.karate - http request failed: 
javax.net.ssl.SSLException: Connection reset
04:24:51.203 [ForkJoinPool-1-worker-13] ERROR com.intuit.karate - feature call (loop) failed at index: 0
caller: classpath:InspireTest/ngr/datasetrecords/def/checkxlinkurl.template.feature
arg: {"link":"https://data.rivm.nl/inspire/id#722e3937-3e53-4048-97ef-1ced2c77f7dd"}
checkxlinkurl.template.feature:14 - 
javax.net.ssl.SSLException: Connection reset
04:24:51.274 [ForkJoinPool-1-worker-7] ERROR com.intuit.karate - status code was: 500, expected: 200, response time: 307, url: https://www.nationaalgeoregister.nl/geonetwork/srv/api/recordsc3c004ad-5387-4b00-a225-9afbcaa5d31b, response: 
04:24:51.274 [ForkJoinPool-1-worker-7] ERROR com.intuit.karate - feature call (loop) failed at index: 0
caller: classpath:InspireTest/ngr/datasetrecords/def/checkxlinkurl.template.feature
arg: {"link":"https://www.nationaalgeoregister.nl/geonetwork/srv/api/recordsc3c004ad-5387-4b00-a225-9afbcaa5d31b"}
checkxlinkurl.template.feature:15 - status code was: 500, expected: 200, response time: 307, url: https://www.nationaalgeoregister.nl/geonetwork/srv/api/recordsc3c004ad-5387-4b00-a225-9afbcaa5d31b, response: 
04:24:51.341 [ForkJoinPool-1-worker-3] INFO  com.intuit.karate - [print] title:Geluidkaart hoofdspoornet 2016 (Lnight)
04:24:51.341 [ForkJoinPool-1-worker-3] INFO  com.intuit.karate - [print] Geluidkaart hoofdspoornet 2016 (Lnight)
04:24:51.343 [ForkJoinPool-1-worker-3] INFO  com.intuit.karate - [print] [
  "sylvia.koolmees@minienw.nl",
  "sylvia.koolmees@minienw.nl"
]

04:24:51.344 [ForkJoinPool-1-worker-3] INFO  com.intuit.karate - [print] organisation: [
  "Ministerie van IenW",
  "Ministerie van IenW"
]

04:24:51.350 [ForkJoinPool-1-worker-3] INFO  com.intuit.karate - [print] [
  "https://www.nationaalgeoregister.nl/geonetwork/srv/api/records/002d9127-c16d-4b8d-9f5e-102a8c8e36c4"
]

04:24:51.355 [ForkJoinPool-1-worker-3] INFO  com.intuit.karate - [print]
04:24:51.355 [ForkJoinPool-1-worker-3] INFO  com.intuit.karate - [print] testing xlinkurl:https://www.nationaalgeoregister.nl/geonetwork/srv/api/records/002d9127-c16d-4b8d-9f5e-102a8c8e36c4
04:24:51.474 [ForkJoinPool-1-worker-9] INFO  com.intuit.karate - [print]
04:24:51.475 [ForkJoinPool-1-worker-9] INFO  com.intuit.karate - [print] testing xlinkurl:http://nationaalgeoregister.nl/geonetwork/srv/dut/catalog.search#/metadata/19165027-a13a-4c19-9013-ec1fd191019d
04:24:51.510 [ForkJoinPool-1-worker-5] ERROR com.intuit.karate - status code was: 500, expected: 200, response time: 356, url: https://www.nationaalgeoregister.nl/geonetwork/srv/api/records49807edc-0007-41aa-8809-d381f6713de4, response: 
04:24:51.510 [ForkJoinPool-1-worker-5] ERROR com.intuit.karate - feature call (loop) failed at index: 0
caller: classpath:InspireTest/ngr/datasetrecords/def/checkxlinkurl.template.feature
arg: {"link":"https://www.nationaalgeoregister.nl/geonetwork/srv/api/records49807edc-0007-41aa-8809-d381f6713de4"}
checkxlinkurl.template.feature:15 - status code was: 500, expected: 200, response time: 356, url: https://www.nationaalgeoregister.nl/geonetwork/srv/api/records49807edc-0007-41aa-8809-d381f6713de4, response: 
04:24:51.511 [ForkJoinPool-1-worker-5] INFO  com.intuit.karate - [print]
04:24:51.511 [ForkJoinPool-1-worker-5] INFO  com.intuit.karate - [print] testing xlinkurl:https://creativecommons.org/publicdomain/zero/*/deed.nl
04:24:51.548 [ForkJoinPool-1-worker-5] ERROR com.intuit.karate - status code was: 404, expected: 200, response time: 36, url: https://creativecommons.org/publicdomain/zero/*/deed.nl, response: 
04:24:51.548 [ForkJoinPool-1-worker-5] ERROR com.intuit.karate - feature call (loop) failed at index: 1
caller: classpath:InspireTest/ngr/datasetrecords/def/checkxlinkurl.template.feature
arg: {"link":"https://creativecommons.org/publicdomain/zero/*/deed.nl"}
checkxlinkurl.template.feature:15 - status code was: 404, expected: 200, response time: 36, url: https://creativecommons.org/publicdomain/zero/*/deed.nl, response: 
04:24:51.639 [ForkJoinPool-1-worker-3] ERROR com.intuit.karate - status code was: 400, expected: 200, response time: 283, url: https://www.nationaalgeoregister.nl/geonetwork/srv/api/records/002d9127-c16d-4b8d-9f5e-102a8c8e36c4, response: 
04:24:51.639 [ForkJoinPool-1-worker-3] ERROR com.intuit.karate - feature call (loop) failed at index: 0
caller: classpath:InspireTest/ngr/datasetrecords/def/checkxlinkurl.template.feature
arg: {"link":"https://www.nationaalgeoregister.nl/geonetwork/srv/api/records/002d9127-c16d-4b8d-9f5e-102a8c8e36c4"}
checkxlinkurl.template.feature:15 - status code was: 400, expected: 200, response time: 283, url: https://www.nationaalgeoregister.nl/geonetwork/srv/api/records/002d9127-c16d-4b8d-9f5e-102a8c8e36c4, response: 
04:24:51.654 [ForkJoinPool-1-worker-11] INFO  com.intuit.karate - [print] title:Emissies naar lucht en water in 2015 vanuit de industrie
04:24:51.654 [ForkJoinPool-1-worker-11] INFO  com.intuit.karate - [print] Emissies naar lucht en water in 2015 vanuit de industrie
04:24:51.654 [ForkJoinPool-1-worker-11] INFO  com.intuit.karate - [print] [
  "emissieregistratie@rivm.nl",
  "",
  "emissieregistratie@rivm.nl"
]

04:24:51.655 [ForkJoinPool-1-worker-11] INFO  com.intuit.karate - [print] organisation: no organisationName found in dataset record
04:24:51.660 [ForkJoinPool-1-worker-11] INFO  com.intuit.karate - [print] [
  "https://data.rivm.nl/inspire/id#c6d62f69-7be0-4c19-a4af-d146c6a3c166"
]

04:24:51.665 [ForkJoinPool-1-worker-11] INFO  com.intuit.karate - [print]
04:24:51.665 [ForkJoinPool-1-worker-11] INFO  com.intuit.karate - [print] testing xlinkurl:https://data.rivm.nl/inspire/id#c6d62f69-7be0-4c19-a4af-d146c6a3c166
04:24:51.690 [ForkJoinPool-1-worker-9] INFO  com.intuit.karate - [print]
04:24:51.690 [ForkJoinPool-1-worker-9] INFO  com.intuit.karate - [print] testing xlinkurl:http://standaarden.overheid.nl/owms/terms/Ministerie_van_Landbouw,_Natuur_en_Voedselkwaliteit
04:24:51.796 [ForkJoinPool-1-worker-13] INFO  com.intuit.karate - [print] title:Luchtfoto 2016 25cm CIR open data
04:24:51.796 [ForkJoinPool-1-worker-13] INFO  com.intuit.karate - [print] Luchtfoto 2016 25cm CIR open data
04:24:51.798 [ForkJoinPool-1-worker-13] INFO  com.intuit.karate - [print] [
  "PPB-GVA@kadaster.nl",
  "info@hetwaterschapshuis.nl",
  "kcc@kadaster.nl",
  "",
  "",
  "",
  "",
  "",
  ""
]

04:24:51.800 [ForkJoinPool-1-worker-13] INFO  com.intuit.karate - [print] organisation: [
  "Kadaster",
  "Het Waterschapshuis",
  "Kadaster",
  "Eurosense",
  "Eurosense",
  "Eurosense",
  "Kadaster",
  "Kadaster"
]

04:24:51.803 [ForkJoinPool-1-worker-13] INFO  com.intuit.karate - [print] [
  "http://kadaster/2482250f-3b00-4439-9f93-f3118229b015",
  "",
  "",
  ""
]

04:24:51.806 [ForkJoinPool-1-worker-13] INFO  com.intuit.karate - [print]
04:24:51.807 [ForkJoinPool-1-worker-13] INFO  com.intuit.karate - [print] testing xlinkurl:http://kadaster/2482250f-3b00-4439-9f93-f3118229b015
04:24:51.808 [ForkJoinPool-1-worker-13] ERROR com.intuit.karate - java.net.UnknownHostException: kadaster, http call failed after 0 milliseconds for URL: http://kadaster/2482250f-3b00-4439-9f93-f3118229b015
04:24:51.808 [ForkJoinPool-1-worker-13] ERROR com.intuit.karate - http request failed: 
java.net.UnknownHostException: kadaster
04:24:51.808 [ForkJoinPool-1-worker-13] ERROR com.intuit.karate - feature call (loop) failed at index: 0
caller: classpath:InspireTest/ngr/datasetrecords/def/checkxlinkurl.template.feature
arg: {"link":"http://kadaster/2482250f-3b00-4439-9f93-f3118229b015"}
checkxlinkurl.template.feature:14 - 
java.net.UnknownHostException: kadaster
04:24:51.810 [ForkJoinPool-1-worker-13] INFO  com.intuit.karate - [print]
04:24:51.810 [ForkJoinPool-1-worker-13] INFO  com.intuit.karate - [print] testing xlinkurl:
04:24:51.811 [ForkJoinPool-1-worker-13] ERROR com.intuit.karate - org.apache.http.client.ClientProtocolException, http call failed after 0 milliseconds for URL: 
04:24:51.811 [ForkJoinPool-1-worker-13] ERROR com.intuit.karate - http request failed: 
org.apache.http.client.ClientProtocolException
04:24:51.812 [ForkJoinPool-1-worker-13] ERROR com.intuit.karate - feature call (loop) failed at index: 1
caller: classpath:InspireTest/ngr/datasetrecords/def/checkxlinkurl.template.feature
arg: {"link":""}
checkxlinkurl.template.feature:14 - 
org.apache.http.client.ClientProtocolException
04:24:51.813 [ForkJoinPool-1-worker-13] INFO  com.intuit.karate - [print]
04:24:51.813 [ForkJoinPool-1-worker-13] INFO  com.intuit.karate - [print] testing xlinkurl:
04:24:51.814 [ForkJoinPool-1-worker-13] ERROR com.intuit.karate - org.apache.http.client.ClientProtocolException, http call failed after 0 milliseconds for URL: 
04:24:51.814 [ForkJoinPool-1-worker-13] ERROR com.intuit.karate - http request failed: 
org.apache.http.client.ClientProtocolException
04:24:51.814 [ForkJoinPool-1-worker-13] ERROR com.intuit.karate - feature call (loop) failed at index: 2
caller: classpath:InspireTest/ngr/datasetrecords/def/checkxlinkurl.template.feature
arg: {"link":""}
checkxlinkurl.template.feature:14 - 
org.apache.http.client.ClientProtocolException
04:24:51.815 [ForkJoinPool-1-worker-13] INFO  com.intuit.karate - [print]
04:24:51.815 [ForkJoinPool-1-worker-13] INFO  com.intuit.karate - [print] testing xlinkurl:
04:24:51.816 [ForkJoinPool-1-worker-13] ERROR com.intuit.karate - org.apache.http.client.ClientProtocolException, http call failed after 0 milliseconds for URL: 
04:24:51.816 [ForkJoinPool-1-worker-13] ERROR com.intuit.karate - http request failed: 
org.apache.http.client.ClientProtocolException
04:24:51.816 [ForkJoinPool-1-worker-13] ERROR com.intuit.karate - feature call (loop) failed at index: 3
caller: classpath:InspireTest/ngr/datasetrecords/def/checkxlinkurl.template.feature
arg: {"link":""}
checkxlinkurl.template.feature:14 - 
org.apache.http.client.ClientProtocolException
04:24:51.880 [ForkJoinPool-1-worker-7] INFO  com.intuit.karate - [print] title:Jaarcijfers Landelijk Meetnet Luchtkwaliteit 2012
04:24:51.880 [ForkJoinPool-1-worker-7] INFO  com.intuit.karate - [print] Jaarcijfers Landelijk Meetnet Luchtkwaliteit 2012
04:24:51.881 [ForkJoinPool-1-worker-7] INFO  com.intuit.karate - [print] [
  "geodata@rivm.nl",
  "",
  "geodata@rivm.nl"
]

04:24:51.882 [ForkJoinPool-1-worker-7] INFO  com.intuit.karate - [print] organisation: no organisationName found in dataset record
04:24:51.887 [ForkJoinPool-1-worker-7] INFO  com.intuit.karate - [print] [
  "https://data.rivm.nl/inspire/id#b5ccab29-e2cc-4178-9f81-40c50e909754"
]

04:24:51.891 [ForkJoinPool-1-worker-7] INFO  com.intuit.karate - [print]
04:24:51.891 [ForkJoinPool-1-worker-7] INFO  com.intuit.karate - [print] testing xlinkurl:https://data.rivm.nl/inspire/id#b5ccab29-e2cc-4178-9f81-40c50e909754
04:24:52.025 [ForkJoinPool-1-worker-11] ERROR com.intuit.karate - javax.net.ssl.SSLException: Connection reset, http call failed after 360 milliseconds for URL: https://data.rivm.nl/inspire/id#c6d62f69-7be0-4c19-a4af-d146c6a3c166
04:24:52.025 [ForkJoinPool-1-worker-11] ERROR com.intuit.karate - http request failed: 
javax.net.ssl.SSLException: Connection reset
04:24:52.025 [ForkJoinPool-1-worker-11] ERROR com.intuit.karate - feature call (loop) failed at index: 0
caller: classpath:InspireTest/ngr/datasetrecords/def/checkxlinkurl.template.feature
arg: {"link":"https://data.rivm.nl/inspire/id#c6d62f69-7be0-4c19-a4af-d146c6a3c166"}
checkxlinkurl.template.feature:14 - 
javax.net.ssl.SSLException: Connection reset
04:24:52.077 [ForkJoinPool-1-worker-5] INFO  com.intuit.karate - [print] title:Vervoersnetwerken - Luchttransport (INSPIRE geharmoniseerd)
04:24:52.077 [ForkJoinPool-1-worker-5] INFO  com.intuit.karate - [print] Vervoersnetwerken - Luchttransport (INSPIRE geharmoniseerd)
04:24:52.079 [ForkJoinPool-1-worker-5] INFO  com.intuit.karate - [print] [
  "PPB-GVA@kadaster.nl",
  "kcc@kadaster.nl"
]

04:24:52.080 [ForkJoinPool-1-worker-5] INFO  com.intuit.karate - [print] organisation: [
  "Kadaster",
  "Kadaster"
]

04:24:52.084 [ForkJoinPool-1-worker-5] INFO  com.intuit.karate - [print] [
  "http://www.opengis.net/def/crs/EPSG/0/http://www.opengis.net/def/crs/EPSG/0/4258",
  "http://kadaster/3b7bb05b-2d2e-4329-9a72-0eac19e315de"
]

04:24:52.086 [ForkJoinPool-1-worker-5] INFO  com.intuit.karate - [print]
04:24:52.087 [ForkJoinPool-1-worker-5] INFO  com.intuit.karate - [print] testing xlinkurl:http://www.opengis.net/def/crs/EPSG/0/http://www.opengis.net/def/crs/EPSG/0/4258
04:24:52.170 [ForkJoinPool-1-worker-3] INFO  com.intuit.karate - [print] title:Olie- en gasvelden onder INSPIRE
04:24:52.170 [ForkJoinPool-1-worker-3] INFO  com.intuit.karate - [print] Olie- en gasvelden onder INSPIRE
04:24:52.171 [ForkJoinPool-1-worker-3] INFO  com.intuit.karate - [print] [
  "info@dinoloket.nl",
  "info@dinoloket.nl",
  "info@dinoloket.nl"
]

04:24:52.172 [ForkJoinPool-1-worker-3] INFO  com.intuit.karate - [print] organisation: [
  "TNO Geologische Dienst Nederland",
  "TNO Geologische Dienst Nederland",
  "TNO Geologische Dienst Nederland"
]

04:24:52.175 [ForkJoinPool-1-worker-3] INFO  com.intuit.karate - [print] [
  "https://nationaalgeoregister.nl/geonetwork/srv/resources49e49382-674d-4ce8-9f4a-ba4dd2265eef",
  "http://rdfdata.eionet.europa.eu/inspirethemes/themes/33",
  "http://geonetwork-opensource.org/inspire-theme#",
  "https://www.nationaalgeoregister.nl/geonetwork/srv/eng/thesaurus.download?ref=external.theme.inspire-theme"
]

04:24:52.178 [ForkJoinPool-1-worker-3] INFO  com.intuit.karate - [print]
04:24:52.179 [ForkJoinPool-1-worker-3] INFO  com.intuit.karate - [print] testing xlinkurl:https://nationaalgeoregister.nl/geonetwork/srv/resources49e49382-674d-4ce8-9f4a-ba4dd2265eef
04:24:52.197 [ForkJoinPool-1-worker-9] INFO  com.intuit.karate - [print]
04:24:52.197 [ForkJoinPool-1-worker-9] INFO  com.intuit.karate - [print] testing xlinkurl:http://standaarden.overheid.nl/owms/terms/Ministerie_van_Landbouw,_Natuur_en_Voedselkwaliteit
04:24:52.253 [ForkJoinPool-1-worker-7] ERROR com.intuit.karate - javax.net.ssl.SSLException: Connection reset, http call failed after 361 milliseconds for URL: https://data.rivm.nl/inspire/id#b5ccab29-e2cc-4178-9f81-40c50e909754
04:24:52.253 [ForkJoinPool-1-worker-7] ERROR com.intuit.karate - http request failed: 
javax.net.ssl.SSLException: Connection reset
04:24:52.254 [ForkJoinPool-1-worker-7] ERROR com.intuit.karate - feature call (loop) failed at index: 0
caller: classpath:InspireTest/ngr/datasetrecords/def/checkxlinkurl.template.feature
arg: {"link":"https://data.rivm.nl/inspire/id#b5ccab29-e2cc-4178-9f81-40c50e909754"}
checkxlinkurl.template.feature:14 - 
javax.net.ssl.SSLException: Connection reset
04:24:52.355 [ForkJoinPool-1-worker-13] INFO  com.intuit.karate - [print] title:Potentieel koude en warmte uit open en gesloten WKO systemen (GJ/ha.jaar)
04:24:52.355 [ForkJoinPool-1-worker-13] INFO  com.intuit.karate - [print] Potentieel koude en warmte uit open en gesloten WKO systemen (GJ/ha.jaar)
04:24:52.357 [ForkJoinPool-1-worker-13] INFO  com.intuit.karate - [print] [
  "geodatabeheer.giscc@rvo.nl",
  "geodatabeheer.giscc@rvo.nl",
  "geodatabeheer.giscc@rvo.nl"
]

04:24:52.358 [ForkJoinPool-1-worker-13] INFO  com.intuit.karate - [print] organisation: [
  "Ministerie van Economische Zaken - GIS Competence Center",
  "Ministerie van Economische Zaken - GIS Competence Center"
]

04:24:52.361 [ForkJoinPool-1-worker-13] INFO  com.intuit.karate - [print] [
  "https://nationaalgeoregister.nl/geonetwork/srv/dut/catalog.search#/metadata/dc5b522e-3e14-4738-9e8e-2401e1b19ef2"
]

04:24:52.364 [ForkJoinPool-1-worker-13] INFO  com.intuit.karate - [print]
04:24:52.364 [ForkJoinPool-1-worker-13] INFO  com.intuit.karate - [print] testing xlinkurl:https://nationaalgeoregister.nl/geonetwork/srv/dut/catalog.search#/metadata/dc5b522e-3e14-4738-9e8e-2401e1b19ef2
04:24:52.387 [ForkJoinPool-1-worker-5] INFO  com.intuit.karate - [print]
04:24:52.387 [ForkJoinPool-1-worker-5] INFO  com.intuit.karate - [print] testing xlinkurl:http://kadaster/3b7bb05b-2d2e-4329-9a72-0eac19e315de
04:24:52.387 [ForkJoinPool-1-worker-5] ERROR com.intuit.karate - java.net.UnknownHostException: kadaster, http call failed after 0 milliseconds for URL: http://kadaster/3b7bb05b-2d2e-4329-9a72-0eac19e315de
04:24:52.387 [ForkJoinPool-1-worker-5] ERROR com.intuit.karate - http request failed: 
java.net.UnknownHostException: kadaster
04:24:52.387 [ForkJoinPool-1-worker-5] ERROR com.intuit.karate - feature call (loop) failed at index: 1
caller: classpath:InspireTest/ngr/datasetrecords/def/checkxlinkurl.template.feature
arg: {"link":"http://kadaster/3b7bb05b-2d2e-4329-9a72-0eac19e315de"}
checkxlinkurl.template.feature:14 - 
java.net.UnknownHostException: kadaster
04:24:52.469 [ForkJoinPool-1-worker-3] ERROR com.intuit.karate - status code was: 404, expected: 200, response time: 288, url: https://nationaalgeoregister.nl/geonetwork/srv/resources49e49382-674d-4ce8-9f4a-ba4dd2265eef, response: 
04:24:52.470 [ForkJoinPool-1-worker-3] ERROR com.intuit.karate - feature call (loop) failed at index: 0
caller: classpath:InspireTest/ngr/datasetrecords/def/checkxlinkurl.template.feature
arg: {"link":"https://nationaalgeoregister.nl/geonetwork/srv/resources49e49382-674d-4ce8-9f4a-ba4dd2265eef"}
checkxlinkurl.template.feature:15 - status code was: 404, expected: 200, response time: 288, url: https://nationaalgeoregister.nl/geonetwork/srv/resources49e49382-674d-4ce8-9f4a-ba4dd2265eef, response: 
04:24:52.471 [ForkJoinPool-1-worker-3] INFO  com.intuit.karate - [print]
04:24:52.471 [ForkJoinPool-1-worker-3] INFO  com.intuit.karate - [print] testing xlinkurl:http://rdfdata.eionet.europa.eu/inspirethemes/themes/33
04:24:52.561 [ForkJoinPool-1-worker-11] INFO  com.intuit.karate - [print] title:Vervoersnetwerken - Wegen (INSPIRE geharmoniseerd)
04:24:52.561 [ForkJoinPool-1-worker-11] INFO  com.intuit.karate - [print] Vervoersnetwerken - Wegen (INSPIRE geharmoniseerd)
04:24:52.562 [ForkJoinPool-1-worker-11] INFO  com.intuit.karate - [print] [
  "PPB-GVA@kadaster.nl",
  "kcc@kadaster.nl"
]

04:24:52.563 [ForkJoinPool-1-worker-11] INFO  com.intuit.karate - [print] organisation: [
  "Kadaster",
  "Kadaster"
]

04:24:52.566 [ForkJoinPool-1-worker-11] INFO  com.intuit.karate - [print] [
  "http://www.opengis.net/def/crs/EPSG/0/http://www.opengis.net/def/crs/EPSG/0/4258",
  "http://kadaster/df1a98c0-58ba-48ff-8825-b4fb6322c586"
]

04:24:52.571 [ForkJoinPool-1-worker-11] INFO  com.intuit.karate - [print]
04:24:52.572 [ForkJoinPool-1-worker-11] INFO  com.intuit.karate - [print] testing xlinkurl:http://www.opengis.net/def/crs/EPSG/0/http://www.opengis.net/def/crs/EPSG/0/4258
04:24:52.672 [ForkJoinPool-1-worker-3] ERROR com.intuit.karate - status code was: 404, expected: 200, response time: 200, url: http://rdfdata.eionet.europa.eu/inspirethemes/themes/33, response: 
04:24:52.672 [ForkJoinPool-1-worker-3] ERROR com.intuit.karate - feature call (loop) failed at index: 1
caller: classpath:InspireTest/ngr/datasetrecords/def/checkxlinkurl.template.feature
arg: {"link":"http://rdfdata.eionet.europa.eu/inspirethemes/themes/33"}
checkxlinkurl.template.feature:15 - status code was: 404, expected: 200, response time: 200, url: http://rdfdata.eionet.europa.eu/inspirethemes/themes/33, response: 
04:24:52.673 [ForkJoinPool-1-worker-3] INFO  com.intuit.karate - [print]
04:24:52.674 [ForkJoinPool-1-worker-3] INFO  com.intuit.karate - [print] testing xlinkurl:http://geonetwork-opensource.org/inspire-theme#
04:24:52.707 [ForkJoinPool-1-worker-9] INFO  com.intuit.karate - [print]
04:24:52.707 [ForkJoinPool-1-worker-9] INFO  com.intuit.karate - [print] testing xlinkurl:https://data.overheid.nl/organisatie/PDOK
04:24:52.803 [ForkJoinPool-1-worker-7] INFO  com.intuit.karate - [print] title:Landelijk grondwaterregister - Faciliteiten voor productie en industrie
04:24:52.803 [ForkJoinPool-1-worker-7] INFO  com.intuit.karate - [print] Landelijk grondwaterregister - Faciliteiten voor productie en industrie
04:24:52.803 [ForkJoinPool-1-worker-7] INFO  com.intuit.karate - [print] [
  "inspire@gbo-provincies.nl",
  "inspire@gbo-provincies.nl",
  "inspire@gbo-provincies.nl",
  "",
  ""
]

04:24:52.805 [ForkJoinPool-1-worker-7] INFO  com.intuit.karate - [print] organisation: [
  "Interprovinciaal Overleg",
  "Interprovinciaal Overleg",
  "Interprovinciaal Overleg",
  "Interprovinciaal Overleg",
  "Interprovinciaal Overleg"
]

04:24:52.808 [ForkJoinPool-1-worker-7] INFO  com.intuit.karate - [print] [
  ""
]

04:24:52.811 [ForkJoinPool-1-worker-7] INFO  com.intuit.karate - [print]
04:24:52.811 [ForkJoinPool-1-worker-7] INFO  com.intuit.karate - [print] testing xlinkurl:
04:24:52.811 [ForkJoinPool-1-worker-7] ERROR com.intuit.karate - org.apache.http.client.ClientProtocolException, http call failed after 0 milliseconds for URL: 
04:24:52.811 [ForkJoinPool-1-worker-7] ERROR com.intuit.karate - http request failed: 
org.apache.http.client.ClientProtocolException
04:24:52.812 [ForkJoinPool-1-worker-7] ERROR com.intuit.karate - feature call (loop) failed at index: 0
caller: classpath:InspireTest/ngr/datasetrecords/def/checkxlinkurl.template.feature
arg: {"link":""}
checkxlinkurl.template.feature:14 - 
org.apache.http.client.ClientProtocolException
04:24:52.871 [ForkJoinPool-1-worker-11] INFO  com.intuit.karate - [print]
04:24:52.871 [ForkJoinPool-1-worker-11] INFO  com.intuit.karate - [print] testing xlinkurl:http://kadaster/df1a98c0-58ba-48ff-8825-b4fb6322c586
04:24:52.871 [ForkJoinPool-1-worker-11] ERROR com.intuit.karate - java.net.UnknownHostException: kadaster, http call failed after 0 milliseconds for URL: http://kadaster/df1a98c0-58ba-48ff-8825-b4fb6322c586
04:24:52.871 [ForkJoinPool-1-worker-11] ERROR com.intuit.karate - http request failed: 
java.net.UnknownHostException: kadaster
04:24:52.871 [ForkJoinPool-1-worker-11] ERROR com.intuit.karate - feature call (loop) failed at index: 1
caller: classpath:InspireTest/ngr/datasetrecords/def/checkxlinkurl.template.feature
arg: {"link":"http://kadaster/df1a98c0-58ba-48ff-8825-b4fb6322c586"}
checkxlinkurl.template.feature:14 - 
java.net.UnknownHostException: kadaster
04:24:52.909 [ForkJoinPool-1-worker-5] INFO  com.intuit.karate - [print] title:Gemeten Fijn stof concentraties in buitenlucht.
04:24:52.909 [ForkJoinPool-1-worker-5] INFO  com.intuit.karate - [print] Gemeten Fijn stof concentraties in buitenlucht.
04:24:52.910 [ForkJoinPool-1-worker-5] INFO  com.intuit.karate - [print] [
  "geodata@rivm.nl",
  "geodata@rivm.nl"
]

04:24:52.911 [ForkJoinPool-1-worker-5] INFO  com.intuit.karate - [print] organisation: no organisationName found in dataset record
04:24:52.919 [ForkJoinPool-1-worker-5] INFO  com.intuit.karate - [print] [
  "https://data.rivm.nl/inspire/id#a3095f95-0ec7-46ff-ae14-ce2173e8fafa"
]

04:24:52.924 [ForkJoinPool-1-worker-5] INFO  com.intuit.karate - [print]
04:24:52.924 [ForkJoinPool-1-worker-5] INFO  com.intuit.karate - [print] testing xlinkurl:https://data.rivm.nl/inspire/id#a3095f95-0ec7-46ff-ae14-ce2173e8fafa
04:24:53.283 [ForkJoinPool-1-worker-5] ERROR com.intuit.karate - javax.net.ssl.SSLException: Connection reset, http call failed after 358 milliseconds for URL: https://data.rivm.nl/inspire/id#a3095f95-0ec7-46ff-ae14-ce2173e8fafa
04:24:53.283 [ForkJoinPool-1-worker-5] ERROR com.intuit.karate - http request failed: 
javax.net.ssl.SSLException: Connection reset
04:24:53.283 [ForkJoinPool-1-worker-5] ERROR com.intuit.karate - feature call (loop) failed at index: 0
caller: classpath:InspireTest/ngr/datasetrecords/def/checkxlinkurl.template.feature
arg: {"link":"https://data.rivm.nl/inspire/id#a3095f95-0ec7-46ff-ae14-ce2173e8fafa"}
checkxlinkurl.template.feature:14 - 
javax.net.ssl.SSLException: Connection reset
04:24:53.291 [ForkJoinPool-1-worker-13] INFO  com.intuit.karate - [print] title:Gemeten Stikstofdioxide concentraties in buitenlucht.
04:24:53.291 [ForkJoinPool-1-worker-13] INFO  com.intuit.karate - [print] Gemeten Stikstofdioxide concentraties in buitenlucht.
04:24:53.292 [ForkJoinPool-1-worker-13] INFO  com.intuit.karate - [print] [
  "geodata@rivm.nl",
  "geodata@rivm.nl"
]

04:24:53.293 [ForkJoinPool-1-worker-13] INFO  com.intuit.karate - [print] organisation: RIVM
04:24:53.296 [ForkJoinPool-1-worker-13] INFO  com.intuit.karate - [print] [
  "https://data.rivm.nl/inspire?id#505e9f1e-84bc-4856-9771-4295db998bb6"
]

04:24:53.300 [ForkJoinPool-1-worker-13] INFO  com.intuit.karate - [print]
04:24:53.300 [ForkJoinPool-1-worker-13] INFO  com.intuit.karate - [print] testing xlinkurl:https://data.rivm.nl/inspire?id#505e9f1e-84bc-4856-9771-4295db998bb6
04:24:53.357 [ForkJoinPool-1-worker-3] ERROR com.intuit.karate - status code was: 404, expected: 200, response time: 400, url: http://geonetwork-opensource.org/inspire-theme#, response: 
04:24:53.358 [ForkJoinPool-1-worker-3] ERROR com.intuit.karate - feature call (loop) failed at index: 2
caller: classpath:InspireTest/ngr/datasetrecords/def/checkxlinkurl.template.feature
arg: {"link":"http://geonetwork-opensource.org/inspire-theme#"}
checkxlinkurl.template.feature:15 - status code was: 404, expected: 200, response time: 400, url: http://geonetwork-opensource.org/inspire-theme#, response: 
04:24:53.359 [ForkJoinPool-1-worker-3] INFO  com.intuit.karate - [print]
04:24:53.359 [ForkJoinPool-1-worker-3] INFO  com.intuit.karate - [print] testing xlinkurl:https://www.nationaalgeoregister.nl/geonetwork/srv/eng/thesaurus.download?ref=external.theme.inspire-theme
04:24:53.377 [ForkJoinPool-1-worker-7] INFO  com.intuit.karate - [print] title:Gemeten Zwaveldioxide concentraties in buitenlucht.
04:24:53.378 [ForkJoinPool-1-worker-7] INFO  com.intuit.karate - [print] Gemeten Zwaveldioxide concentraties in buitenlucht.
04:24:53.379 [ForkJoinPool-1-worker-7] INFO  com.intuit.karate - [print] [
  "geodata@rivm.nl",
  "geodata@rivm.nl"
]

04:24:53.381 [ForkJoinPool-1-worker-7] INFO  com.intuit.karate - [print] organisation: no organisationName found in dataset record
04:24:53.386 [ForkJoinPool-1-worker-7] INFO  com.intuit.karate - [print] [
  "https://data.rivm.nl/inspire/id#440c4a06-6924-4f9c-a9e2-6f61340f711b"
]

04:24:53.390 [ForkJoinPool-1-worker-7] INFO  com.intuit.karate - [print]
04:24:53.391 [ForkJoinPool-1-worker-7] INFO  com.intuit.karate - [print] testing xlinkurl:https://data.rivm.nl/inspire/id#440c4a06-6924-4f9c-a9e2-6f61340f711b
04:24:53.413 [ForkJoinPool-1-worker-11] INFO  com.intuit.karate - [print] title:Gemeten Ozon concentraties in buitenlucht.
04:24:53.413 [ForkJoinPool-1-worker-11] INFO  com.intuit.karate - [print] Gemeten Ozon concentraties in buitenlucht.
04:24:53.414 [ForkJoinPool-1-worker-11] INFO  com.intuit.karate - [print] [
  "geodata@rivm.nl",
  "geodata@rivm.nl"
]

04:24:53.415 [ForkJoinPool-1-worker-11] INFO  com.intuit.karate - [print] organisation: no organisationName found in dataset record
04:24:53.420 [ForkJoinPool-1-worker-11] INFO  com.intuit.karate - [print] [
  "https://data.rivm.nl/inspire/id#fd9c4f87-026e-4681-8d94-9702f3c83078"
]

04:24:53.424 [ForkJoinPool-1-worker-11] INFO  com.intuit.karate - [print]
04:24:53.425 [ForkJoinPool-1-worker-11] INFO  com.intuit.karate - [print] testing xlinkurl:https://data.rivm.nl/inspire/id#fd9c4f87-026e-4681-8d94-9702f3c83078
04:24:53.661 [ForkJoinPool-1-worker-13] ERROR com.intuit.karate - status code was: 404, expected: 200, response time: 360, url: https://data.rivm.nl/inspire?id#505e9f1e-84bc-4856-9771-4295db998bb6, response: 
04:24:53.662 [ForkJoinPool-1-worker-13] ERROR com.intuit.karate - feature call (loop) failed at index: 0
caller: classpath:InspireTest/ngr/datasetrecords/def/checkxlinkurl.template.feature
arg: {"link":"https://data.rivm.nl/inspire?id#505e9f1e-84bc-4856-9771-4295db998bb6"}
checkxlinkurl.template.feature:15 - status code was: 404, expected: 200, response time: 360, url: https://data.rivm.nl/inspire?id#505e9f1e-84bc-4856-9771-4295db998bb6, response: 
04:24:53.670 [ForkJoinPool-1-worker-3] ERROR com.intuit.karate - status code was: 500, expected: 200, response time: 311, url: https://www.nationaalgeoregister.nl/geonetwork/srv/eng/thesaurus.download?ref=external.theme.inspire-theme, response: 
04:24:53.670 [ForkJoinPool-1-worker-3] ERROR com.intuit.karate - feature call (loop) failed at index: 3
caller: classpath:InspireTest/ngr/datasetrecords/def/checkxlinkurl.template.feature
arg: {"link":"https://www.nationaalgeoregister.nl/geonetwork/srv/eng/thesaurus.download?ref=external.theme.inspire-theme"}
checkxlinkurl.template.feature:15 - status code was: 500, expected: 200, response time: 311, url: https://www.nationaalgeoregister.nl/geonetwork/srv/eng/thesaurus.download?ref=external.theme.inspire-theme, response: 
04:24:53.680 [ForkJoinPool-1-worker-9] ERROR com.intuit.karate - status code was: 404, expected: 200, response time: 413, url: https://data.overheid.nl/organisatie/PDOK, response: 
04:24:53.680 [ForkJoinPool-1-worker-9] ERROR com.intuit.karate - feature call (loop) failed at index: 4
caller: classpath:InspireTest/ngr/datasetrecords/def/checkxlinkurl.template.feature
arg: {"link":"https://data.overheid.nl/organisatie/PDOK"}
checkxlinkurl.template.feature:15 - status code was: 404, expected: 200, response time: 413, url: https://data.overheid.nl/organisatie/PDOK, response: 
04:24:53.747 [ForkJoinPool-1-worker-7] ERROR com.intuit.karate - javax.net.ssl.SSLException: Connection reset, http call failed after 355 milliseconds for URL: https://data.rivm.nl/inspire/id#440c4a06-6924-4f9c-a9e2-6f61340f711b
04:24:53.747 [ForkJoinPool-1-worker-7] ERROR com.intuit.karate - http request failed: 
javax.net.ssl.SSLException: Connection reset
04:24:53.747 [ForkJoinPool-1-worker-7] ERROR com.intuit.karate - feature call (loop) failed at index: 0
caller: classpath:InspireTest/ngr/datasetrecords/def/checkxlinkurl.template.feature
arg: {"link":"https://data.rivm.nl/inspire/id#440c4a06-6924-4f9c-a9e2-6f61340f711b"}
checkxlinkurl.template.feature:14 - 
javax.net.ssl.SSLException: Connection reset
04:24:53.787 [ForkJoinPool-1-worker-11] ERROR com.intuit.karate - javax.net.ssl.SSLException: Connection reset, http call failed after 361 milliseconds for URL: https://data.rivm.nl/inspire/id#fd9c4f87-026e-4681-8d94-9702f3c83078
04:24:53.787 [ForkJoinPool-1-worker-11] ERROR com.intuit.karate - http request failed: 
javax.net.ssl.SSLException: Connection reset
04:24:53.787 [ForkJoinPool-1-worker-11] ERROR com.intuit.karate - feature call (loop) failed at index: 0
caller: classpath:InspireTest/ngr/datasetrecords/def/checkxlinkurl.template.feature
arg: {"link":"https://data.rivm.nl/inspire/id#fd9c4f87-026e-4681-8d94-9702f3c83078"}
checkxlinkurl.template.feature:14 - 
javax.net.ssl.SSLException: Connection reset
04:24:53.804 [ForkJoinPool-1-worker-5] INFO  com.intuit.karate - [print] title:Gemeten Ammoniak concentraties in buitenlucht.
04:24:53.804 [ForkJoinPool-1-worker-5] INFO  com.intuit.karate - [print] Gemeten Ammoniak concentraties in buitenlucht.
04:24:53.805 [ForkJoinPool-1-worker-5] INFO  com.intuit.karate - [print] [
  "geodata@rivm.nl",
  "geodata@rivm.nl"
]

04:24:53.806 [ForkJoinPool-1-worker-5] INFO  com.intuit.karate - [print] organisation: no organisationName found in dataset record
04:24:53.810 [ForkJoinPool-1-worker-5] INFO  com.intuit.karate - [print] [
  "https://data.rivm.nl/inspire/id#4504a4b2-3179-44b3-a5a9-b67b693c514d"
]

04:24:53.813 [ForkJoinPool-1-worker-5] INFO  com.intuit.karate - [print]
04:24:53.814 [ForkJoinPool-1-worker-5] INFO  com.intuit.karate - [print] testing xlinkurl:https://data.rivm.nl/inspire/id#4504a4b2-3179-44b3-a5a9-b67b693c514d
04:24:54.175 [ForkJoinPool-1-worker-5] ERROR com.intuit.karate - javax.net.ssl.SSLException: Connection reset, http call failed after 360 milliseconds for URL: https://data.rivm.nl/inspire/id#4504a4b2-3179-44b3-a5a9-b67b693c514d
04:24:54.175 [ForkJoinPool-1-worker-5] ERROR com.intuit.karate - http request failed: 
javax.net.ssl.SSLException: Connection reset
04:24:54.177 [ForkJoinPool-1-worker-5] ERROR com.intuit.karate - feature call (loop) failed at index: 0
caller: classpath:InspireTest/ngr/datasetrecords/def/checkxlinkurl.template.feature
arg: {"link":"https://data.rivm.nl/inspire/id#4504a4b2-3179-44b3-a5a9-b67b693c514d"}
checkxlinkurl.template.feature:14 - 
javax.net.ssl.SSLException: Connection reset
04:24:54.230 [ForkJoinPool-1-worker-3] INFO  com.intuit.karate - [print] title:Landbouwbedrijven
04:24:54.230 [ForkJoinPool-1-worker-3] INFO  com.intuit.karate - [print] Landbouwbedrijven
04:24:54.232 [ForkJoinPool-1-worker-3] INFO  com.intuit.karate - [print] [
  "geodatabeheer.giscc@rvo.nl",
  "gegevensvragenASB@rvo.nl",
  "gegevensvragenASB@rvo.nl"
]

04:24:54.233 [ForkJoinPool-1-worker-3] INFO  com.intuit.karate - [print] organisation: no organisationName found in dataset record
04:24:54.236 [ForkJoinPool-1-worker-3] INFO  com.intuit.karate - [print] [
  "https://www.nationaalgeoregister.nl/geonetwork/srv/dut/catalog.search#/metadata/0d6ccccc-7cfb-4eaa-8dc5-8b433d19b121",
  "http://standaarden.overheid.nl/owms/terms/Ministerie_van_Landbouw,_Natuur_en_Voedselkwaliteit",
  "http://geogedeeld.geonovum.nl/",
  "http://standaarden.overheid.nl/owms/terms/Ministerie_van_Landbouw,_Natuur_en_Voedselkwaliteit"
]

04:24:54.242 [ForkJoinPool-1-worker-13] INFO  com.intuit.karate - [print] title:INSPIRE geharmoniseerde Beschermde Gebieden - Cultuur Historie
04:24:54.243 [ForkJoinPool-1-worker-13] INFO  com.intuit.karate - [print] INSPIRE geharmoniseerde Beschermde Gebieden - Cultuur Historie
04:24:54.243 [ForkJoinPool-1-worker-13] INFO  com.intuit.karate - [print] [
  "info@cultureelerfgoed.nl",
  "info@cultureelerfgoed.nl",
  "info@cultureelerfgoed.nl"
]

04:24:54.244 [ForkJoinPool-1-worker-13] INFO  com.intuit.karate - [print] organisation: [
  "Rijksdienst voor het Cultureel Erfgoed",
  "Rijksdienst voor het Cultureel Erfgoed",
  "Rijksdienst voor het Cultureel Erfgoed"
]

04:24:54.247 [ForkJoinPool-1-worker-13] INFO  com.intuit.karate - [print] [
  "https://monumentenregister.cultureelerfgoed.nl/sites/default/files/MRS/mrs-inspire.zip"
]

04:24:54.249 [ForkJoinPool-1-worker-13] INFO  com.intuit.karate - [print]
04:24:54.247 [ForkJoinPool-1-worker-3] INFO  com.intuit.karate - [print]
04:24:54.250 [ForkJoinPool-1-worker-3] INFO  com.intuit.karate - [print] testing xlinkurl:https://www.nationaalgeoregister.nl/geonetwork/srv/dut/catalog.search#/metadata/0d6ccccc-7cfb-4eaa-8dc5-8b433d19b121
04:24:54.250 [ForkJoinPool-1-worker-13] INFO  com.intuit.karate - [print] testing xlinkurl:https://monumentenregister.cultureelerfgoed.nl/sites/default/files/MRS/mrs-inspire.zip
04:24:54.336 [ForkJoinPool-1-worker-9] INFO  com.intuit.karate - [print] title:Kadastrale Percelen (INSPIRE geharmoniseerd)
04:24:54.336 [ForkJoinPool-1-worker-9] INFO  com.intuit.karate - [print] Kadastrale Percelen (INSPIRE geharmoniseerd)
04:24:54.337 [ForkJoinPool-1-worker-9] INFO  com.intuit.karate - [print] [
  "PPB-GVA@kadaster.nl",
  "kcc@kadaster.nl",
  "",
  ""
]

04:24:54.338 [ForkJoinPool-1-worker-9] INFO  com.intuit.karate - [print] organisation: [
  "Kadaster",
  "Kadaster"
]

04:24:54.342 [ForkJoinPool-1-worker-9] INFO  com.intuit.karate - [print] [
  "http://www.opengis.net/def/crs/EPSG/0/http://www.opengis.net/def/crs/EPSG/0/4258",
  "http://kadaster/0f9b8c87-80a6-435f-b3b3-e07c3918d344"
]

04:24:54.346 [ForkJoinPool-1-worker-9] INFO  com.intuit.karate - [print]
04:24:54.346 [ForkJoinPool-1-worker-9] INFO  com.intuit.karate - [print] testing xlinkurl:http://www.opengis.net/def/crs/EPSG/0/http://www.opengis.net/def/crs/EPSG/0/4258
04:24:54.370 [ForkJoinPool-1-worker-7] INFO  com.intuit.karate - [print] title:Actuele synoptische weerwaarnemingen KNMI Nederland per 10 minuten (24 uur)
04:24:54.370 [ForkJoinPool-1-worker-7] INFO  com.intuit.karate - [print] Actuele synoptische weerwaarnemingen KNMI Nederland per 10 minuten (24 uur)
04:24:54.371 [ForkJoinPool-1-worker-7] INFO  com.intuit.karate - [print] [
  "datacentrum@knmi.nl",
  "datacentrum@knmi.nl",
  "datacentrum@knmi.nl"
]

04:24:54.373 [ForkJoinPool-1-worker-7] INFO  com.intuit.karate - [print] organisation: [
  "Koninklijk Nederlands Meteorologisch Instituut (KNMI)",
  "Koninklijk Nederlands Meteorologisch Instituut (KNMI)",
  "Koninklijk Nederlands Meteorologisch Instituut (KNMI)"
]

04:24:54.377 [ForkJoinPool-1-worker-7] INFO  com.intuit.karate - [print] [
  "https://www.nationaalgeoregister.nl/geonetwork/srv/api/records1b2abd21-3084-4db7-ab49-46866b4aac2b",
  "https://creativecommons.org/publicdomain/zero/*/deed.nl"
]

04:24:54.381 [ForkJoinPool-1-worker-7] INFO  com.intuit.karate - [print]
04:24:54.381 [ForkJoinPool-1-worker-7] INFO  com.intuit.karate - [print] testing xlinkurl:https://www.nationaalgeoregister.nl/geonetwork/srv/api/records1b2abd21-3084-4db7-ab49-46866b4aac2b
04:24:54.450 [ForkJoinPool-1-worker-11] INFO  com.intuit.karate - [print] title:Natuurlijke alfa activiteitsconcentratie in lucht Nationaal Meetnet Radioactiviteit 2011
04:24:54.450 [ForkJoinPool-1-worker-11] INFO  com.intuit.karate - [print] Natuurlijke alfa activiteitsconcentratie in lucht Nationaal Meetnet Radioactiviteit 2011
04:24:54.451 [ForkJoinPool-1-worker-11] INFO  com.intuit.karate - [print] [
  "geodata@rivm.nl",
  "",
  "geodata@rivm.nl"
]

04:24:54.452 [ForkJoinPool-1-worker-11] INFO  com.intuit.karate - [print] organisation: no organisationName found in dataset record
04:24:54.455 [ForkJoinPool-1-worker-11] INFO  com.intuit.karate - [print] [
  "https://data.rivm.nl/inspire/id#10fcd5a9-3804-48e3-bcbd-d816594dbb6f"
]

04:24:54.459 [ForkJoinPool-1-worker-11] INFO  com.intuit.karate - [print]
04:24:54.460 [ForkJoinPool-1-worker-11] INFO  com.intuit.karate - [print] testing xlinkurl:https://data.rivm.nl/inspire/id#10fcd5a9-3804-48e3-bcbd-d816594dbb6f
04:24:54.565 [ForkJoinPool-1-worker-3] INFO  com.intuit.karate - [print]
04:24:54.566 [ForkJoinPool-1-worker-3] INFO  com.intuit.karate - [print] testing xlinkurl:http://standaarden.overheid.nl/owms/terms/Ministerie_van_Landbouw,_Natuur_en_Voedselkwaliteit
04:24:54.642 [ForkJoinPool-1-worker-9] INFO  com.intuit.karate - [print]
04:24:54.643 [ForkJoinPool-1-worker-9] INFO  com.intuit.karate - [print] testing xlinkurl:http://kadaster/0f9b8c87-80a6-435f-b3b3-e07c3918d344
04:24:54.644 [ForkJoinPool-1-worker-9] ERROR com.intuit.karate - java.net.UnknownHostException: kadaster, http call failed after 0 milliseconds for URL: http://kadaster/0f9b8c87-80a6-435f-b3b3-e07c3918d344
04:24:54.645 [ForkJoinPool-1-worker-9] ERROR com.intuit.karate - http request failed: 
java.net.UnknownHostException: kadaster
04:24:54.646 [ForkJoinPool-1-worker-9] ERROR com.intuit.karate - feature call (loop) failed at index: 1
caller: classpath:InspireTest/ngr/datasetrecords/def/checkxlinkurl.template.feature
arg: {"link":"http://kadaster/0f9b8c87-80a6-435f-b3b3-e07c3918d344"}
checkxlinkurl.template.feature:14 - 
java.net.UnknownHostException: kadaster
04:24:54.685 [ForkJoinPool-1-worker-7] ERROR com.intuit.karate - status code was: 500, expected: 200, response time: 304, url: https://www.nationaalgeoregister.nl/geonetwork/srv/api/records1b2abd21-3084-4db7-ab49-46866b4aac2b, response: 
04:24:54.685 [ForkJoinPool-1-worker-7] ERROR com.intuit.karate - feature call (loop) failed at index: 0
caller: classpath:InspireTest/ngr/datasetrecords/def/checkxlinkurl.template.feature
arg: {"link":"https://www.nationaalgeoregister.nl/geonetwork/srv/api/records1b2abd21-3084-4db7-ab49-46866b4aac2b"}
checkxlinkurl.template.feature:15 - status code was: 500, expected: 200, response time: 304, url: https://www.nationaalgeoregister.nl/geonetwork/srv/api/records1b2abd21-3084-4db7-ab49-46866b4aac2b, response: 
04:24:54.686 [ForkJoinPool-1-worker-7] INFO  com.intuit.karate - [print]
04:24:54.686 [ForkJoinPool-1-worker-7] INFO  com.intuit.karate - [print] testing xlinkurl:https://creativecommons.org/publicdomain/zero/*/deed.nl
04:24:54.697 [ForkJoinPool-1-worker-5] INFO  com.intuit.karate - [print] title:Habitatrichtlijn verspreidingsgebied van soorten
04:24:54.698 [ForkJoinPool-1-worker-5] INFO  com.intuit.karate - [print] Habitatrichtlijn verspreidingsgebied van soorten
04:24:54.698 [ForkJoinPool-1-worker-5] INFO  com.intuit.karate - [print] [
  "geodatabeheer.giscc@rvo.nl",
  "GeoDesk.CGI@wur.nl",
  "geodatabeheer.giscc@rvo.nl",
  "beheerPDOK@kadaster.nl",
  "",
  "",
  ""
]

04:24:54.700 [ForkJoinPool-1-worker-5] INFO  com.intuit.karate - [print] organisation: [
  "Ministerie van Economische Zaken - GIS Competence Center",
  "Wageningen Environmental Research (Alterra)",
  "PDOK",
  "CBS",
  "Natuurloket",
  "pgo's"
]

04:24:54.704 [ForkJoinPool-1-worker-5] INFO  com.intuit.karate - [print] [
  "https://www.nationaalgeoregister.nl/geonetwork/srv/dut/catalog.search#/metadata/f273941e-9c3b-43bc-b886-2d50d0bf9348",
  "http://standaarden.overheid.nl/owms/terms/Ministerie_van_Landbouw,_Natuur_en_Voedselkwaliteit"
]

04:24:54.708 [ForkJoinPool-1-worker-5] INFO  com.intuit.karate - [print]
04:24:54.708 [ForkJoinPool-1-worker-5] INFO  com.intuit.karate - [print] testing xlinkurl:https://www.nationaalgeoregister.nl/geonetwork/srv/dut/catalog.search#/metadata/f273941e-9c3b-43bc-b886-2d50d0bf9348
04:24:54.717 [ForkJoinPool-1-worker-7] ERROR com.intuit.karate - status code was: 404, expected: 200, response time: 30, url: https://creativecommons.org/publicdomain/zero/*/deed.nl, response: 
04:24:54.717 [ForkJoinPool-1-worker-7] ERROR com.intuit.karate - feature call (loop) failed at index: 1
caller: classpath:InspireTest/ngr/datasetrecords/def/checkxlinkurl.template.feature
arg: {"link":"https://creativecommons.org/publicdomain/zero/*/deed.nl"}
checkxlinkurl.template.feature:15 - status code was: 404, expected: 200, response time: 30, url: https://creativecommons.org/publicdomain/zero/*/deed.nl, response: 
04:24:54.822 [ForkJoinPool-1-worker-11] ERROR com.intuit.karate - javax.net.ssl.SSLException: Connection reset, http call failed after 361 milliseconds for URL: https://data.rivm.nl/inspire/id#10fcd5a9-3804-48e3-bcbd-d816594dbb6f
04:24:54.822 [ForkJoinPool-1-worker-11] ERROR com.intuit.karate - http request failed: 
javax.net.ssl.SSLException: Connection reset
04:24:54.822 [ForkJoinPool-1-worker-11] ERROR com.intuit.karate - feature call (loop) failed at index: 0
caller: classpath:InspireTest/ngr/datasetrecords/def/checkxlinkurl.template.feature
arg: {"link":"https://data.rivm.nl/inspire/id#10fcd5a9-3804-48e3-bcbd-d816594dbb6f"}
checkxlinkurl.template.feature:14 - 
javax.net.ssl.SSLException: Connection reset
04:24:54.881 [ForkJoinPool-1-worker-13] ERROR com.intuit.karate - status code was: 404, expected: 200, response time: 631, url: https://monumentenregister.cultureelerfgoed.nl/sites/default/files/MRS/mrs-inspire.zip, response: 
04:24:54.882 [ForkJoinPool-1-worker-13] ERROR com.intuit.karate - feature call (loop) failed at index: 0
caller: classpath:InspireTest/ngr/datasetrecords/def/checkxlinkurl.template.feature
arg: {"link":"https://monumentenregister.cultureelerfgoed.nl/sites/default/files/MRS/mrs-inspire.zip"}
checkxlinkurl.template.feature:15 - status code was: 404, expected: 200, response time: 631, url: https://monumentenregister.cultureelerfgoed.nl/sites/default/files/MRS/mrs-inspire.zip, response: 
04:24:55.018 [ForkJoinPool-1-worker-5] INFO  com.intuit.karate - [print]
04:24:55.018 [ForkJoinPool-1-worker-5] INFO  com.intuit.karate - [print] testing xlinkurl:http://standaarden.overheid.nl/owms/terms/Ministerie_van_Landbouw,_Natuur_en_Voedselkwaliteit
04:24:55.080 [ForkJoinPool-1-worker-3] INFO  com.intuit.karate - [print]
04:24:55.080 [ForkJoinPool-1-worker-3] INFO  com.intuit.karate - [print] testing xlinkurl:http://geogedeeld.geonovum.nl/
04:24:55.226 [ForkJoinPool-1-worker-9] INFO  com.intuit.karate - [print] title:Population Distribution NL
04:24:55.227 [ForkJoinPool-1-worker-9] INFO  com.intuit.karate - [print] Population Distribution NL
04:24:55.228 [ForkJoinPool-1-worker-9] INFO  com.intuit.karate - [print] [
  "infoservice@cbs.nl",
  "infoservice@cbs.nl",
  "infoservice@cbs.nl",
  "",
  ""
]

04:24:55.229 [ForkJoinPool-1-worker-9] INFO  com.intuit.karate - [print] organisation: [
  "Statistics Netherlands",
  "Statistics Netherlands",
  "Statistics Netherlandds",
  "Statistics Netherlands"
]

04:24:55.232 [ForkJoinPool-1-worker-9] INFO  com.intuit.karate - [print] [
  "https://www.iana.org/assignments/media-types/application/xml",
  "https://www.iana.org/assignments/media-types/application/xml",
  "https://www.iana.org/assignments/media-types/application/xml"
]

04:24:55.235 [ForkJoinPool-1-worker-9] INFO  com.intuit.karate - [print]
04:24:55.235 [ForkJoinPool-1-worker-9] INFO  com.intuit.karate - [print] testing xlinkurl:https://www.iana.org/assignments/media-types/application/xml
04:24:55.261 [ForkJoinPool-1-worker-3] INFO  com.intuit.karate - [print]
04:24:55.261 [ForkJoinPool-1-worker-3] INFO  com.intuit.karate - [print] testing xlinkurl:http://standaarden.overheid.nl/owms/terms/Ministerie_van_Landbouw,_Natuur_en_Voedselkwaliteit
04:24:55.407 [ForkJoinPool-1-worker-9] INFO  com.intuit.karate - [print]
04:24:55.407 [ForkJoinPool-1-worker-9] INFO  com.intuit.karate - [print] testing xlinkurl:https://www.iana.org/assignments/media-types/application/xml
04:24:55.410 [ForkJoinPool-1-worker-7] INFO  com.intuit.karate - [print] title:Nationaal Beschermde Gebieden (CDDA) (INSPIRE geharmoniseerd)
04:24:55.411 [ForkJoinPool-1-worker-7] INFO  com.intuit.karate - [print] Nationaal Beschermde Gebieden (CDDA) (INSPIRE geharmoniseerd)
04:24:55.412 [ForkJoinPool-1-worker-7] INFO  com.intuit.karate - [print] [
  "geodatabeheer.giscc@rvo.nl",
  "geodatabeheer.giscc@rvo.nl",
  "geodatabeheer.giscc@rvo.nl"
]

04:24:55.414 [ForkJoinPool-1-worker-7] INFO  com.intuit.karate - [print] organisation: [
  "Ministerie van Economische Zaken - GIS Competence Center",
  "Ministerie van Landbouw, Natuur en Voedselkwaliteit",
  "Ministerie van Economische Zaken - GIS Competence Center"
]

04:24:55.415 [ForkJoinPool-1-worker-11] INFO  com.intuit.karate - [print] title:Vervoersnetwerken
04:24:55.415 [ForkJoinPool-1-worker-11] INFO  com.intuit.karate - [print] Vervoersnetwerken
04:24:55.416 [ForkJoinPool-1-worker-11] INFO  com.intuit.karate - [print] [
  "PPB-GVA@kadaster.nl",
  "kcc@kadaster.nl",
  "kcc@kadaster.nl"
]

04:24:55.419 [ForkJoinPool-1-worker-11] INFO  com.intuit.karate - [print] organisation: [
  "Kadaster",
  "Kadaster",
  "Kadaster"
]

04:24:55.423 [ForkJoinPool-1-worker-11] INFO  com.intuit.karate - [print] [
  "http://kadaster/06b6c650-cdb1-11dd-ad8b-0800200c9a75"
]

04:24:55.425 [ForkJoinPool-1-worker-7] INFO  com.intuit.karate - [print] [
  "http://www.opengis.net/def/crs/EPSG/0/http://www.opengis.net/def/crs/EPSG/0/4258",
  "https://www.nationaalgeoregister.nl/geonetwork/srv/dut/catalog.search#/metadata/3387ef8a-9237-453a-aa4e-585d1e193550",
  "https://creativecommons.org/publicdomain/mark/*/deed.nl"
]

04:24:55.429 [ForkJoinPool-1-worker-11] INFO  com.intuit.karate - [print]
04:24:55.430 [ForkJoinPool-1-worker-11] INFO  com.intuit.karate - [print] testing xlinkurl:http://kadaster/06b6c650-cdb1-11dd-ad8b-0800200c9a75
04:24:55.431 [ForkJoinPool-1-worker-11] ERROR com.intuit.karate - java.net.UnknownHostException: kadaster, http call failed after 0 milliseconds for URL: http://kadaster/06b6c650-cdb1-11dd-ad8b-0800200c9a75
04:24:55.431 [ForkJoinPool-1-worker-11] ERROR com.intuit.karate - http request failed: 
java.net.UnknownHostException: kadaster
04:24:55.433 [ForkJoinPool-1-worker-11] ERROR com.intuit.karate - feature call (loop) failed at index: 0
caller: classpath:InspireTest/ngr/datasetrecords/def/checkxlinkurl.template.feature
arg: {"link":"http://kadaster/06b6c650-cdb1-11dd-ad8b-0800200c9a75"}
checkxlinkurl.template.feature:14 - 
java.net.UnknownHostException: kadaster
04:24:55.435 [ForkJoinPool-1-worker-7] INFO  com.intuit.karate - [print]
04:24:55.438 [ForkJoinPool-1-worker-7] INFO  com.intuit.karate - [print] testing xlinkurl:http://www.opengis.net/def/crs/EPSG/0/http://www.opengis.net/def/crs/EPSG/0/4258
04:24:55.469 [ForkJoinPool-1-worker-13] INFO  com.intuit.karate - [print] title:LCP emissies (Richtlijn Industriële emissies) 2016
04:24:55.471 [ForkJoinPool-1-worker-13] INFO  com.intuit.karate - [print] LCP emissies (Richtlijn Industriële emissies) 2016
04:24:55.473 [ForkJoinPool-1-worker-13] INFO  com.intuit.karate - [print] [
  "emissieregistratie@rivm.nl",
  "",
  "emissieregistratie@rivm.nl"
]

04:24:55.475 [ForkJoinPool-1-worker-13] INFO  com.intuit.karate - [print] organisation: no organisationName found in dataset record
04:24:55.479 [ForkJoinPool-1-worker-13] INFO  com.intuit.karate - [print] [
  "https://data.rivm.nl/inspire/id#6941b1f2-7ee6-4a1d-9cba-9071e3ca6cb3"
]

04:24:55.484 [ForkJoinPool-1-worker-13] INFO  com.intuit.karate - [print]
04:24:55.484 [ForkJoinPool-1-worker-13] INFO  com.intuit.karate - [print] testing xlinkurl:https://data.rivm.nl/inspire/id#6941b1f2-7ee6-4a1d-9cba-9071e3ca6cb3
04:24:55.579 [ForkJoinPool-1-worker-9] INFO  com.intuit.karate - [print]
04:24:55.579 [ForkJoinPool-1-worker-9] INFO  com.intuit.karate - [print] testing xlinkurl:https://www.iana.org/assignments/media-types/application/xml
04:24:55.735 [ForkJoinPool-1-worker-7] INFO  com.intuit.karate - [print]
04:24:55.735 [ForkJoinPool-1-worker-7] INFO  com.intuit.karate - [print] testing xlinkurl:https://www.nationaalgeoregister.nl/geonetwork/srv/dut/catalog.search#/metadata/3387ef8a-9237-453a-aa4e-585d1e193550
04:24:55.844 [ForkJoinPool-1-worker-13] ERROR com.intuit.karate - javax.net.ssl.SSLException: Connection reset, http call failed after 359 milliseconds for URL: https://data.rivm.nl/inspire/id#6941b1f2-7ee6-4a1d-9cba-9071e3ca6cb3
04:24:55.844 [ForkJoinPool-1-worker-13] ERROR com.intuit.karate - http request failed: 
javax.net.ssl.SSLException: Connection reset
04:24:55.844 [ForkJoinPool-1-worker-13] ERROR com.intuit.karate - feature call (loop) failed at index: 0
caller: classpath:InspireTest/ngr/datasetrecords/def/checkxlinkurl.template.feature
arg: {"link":"https://data.rivm.nl/inspire/id#6941b1f2-7ee6-4a1d-9cba-9071e3ca6cb3"}
checkxlinkurl.template.feature:14 - 
javax.net.ssl.SSLException: Connection reset
04:24:55.930 [ForkJoinPool-1-worker-11] INFO  com.intuit.karate - [print] title:Geografische Namen (Nat) - Nederland
04:24:55.931 [ForkJoinPool-1-worker-11] INFO  com.intuit.karate - [print] Geografische Namen (Nat) - Nederland
04:24:55.932 [ForkJoinPool-1-worker-11] INFO  com.intuit.karate - [print] [
  "data@hydro.nl",
  "data@hydro.nl",
  "data@hydro.nl",
  "",
  ""
]

04:24:55.933 [ForkJoinPool-1-worker-11] INFO  com.intuit.karate - [print] organisation: [
  "Ministerie van Defensie, Koninklijke Marine, Dienst der Hydrografie",
  "Ministerie van Defensie, Koninklijke Marine, Dienst der Hydrografie",
  "Ministerie van Defensie, Koninklijke Marine, Dienst der Hydrografie"
]

04:24:55.937 [ForkJoinPool-1-worker-11] INFO  com.intuit.karate - [print] [
  "https://ngr.acceptatie.nationaalgeoregister.nl/geonetwork/srv/resources34e95842-4e4e-46de-9198-79e8cd4d30dc"
]

04:24:55.941 [ForkJoinPool-1-worker-11] INFO  com.intuit.karate - [print]
04:24:55.941 [ForkJoinPool-1-worker-11] INFO  com.intuit.karate - [print] testing xlinkurl:https://ngr.acceptatie.nationaalgeoregister.nl/geonetwork/srv/resources34e95842-4e4e-46de-9198-79e8cd4d30dc
04:24:56.057 [ForkJoinPool-1-worker-5] INFO  com.intuit.karate - [print] title:Actueel Hoogtebestand Nederland 1 (AHN1)
04:24:56.057 [ForkJoinPool-1-worker-5] INFO  com.intuit.karate - [print] Actueel Hoogtebestand Nederland 1 (AHN1)
04:24:56.058 [ForkJoinPool-1-worker-5] INFO  com.intuit.karate - [print] [
  "servicedesk-data@rijkswaterstaat.nl",
  "servicedesk-data@rijkswaterstaat.nl",
  "",
  "servicedesk-data@rijkswaterstaat.nl",
  "servicedesk-data@rijkswaterstaat.nl"
]

04:24:56.060 [ForkJoinPool-1-worker-5] INFO  com.intuit.karate - [print] organisation: [
  "Rijkswaterstaat",
  "stuurgroep AHN",
  "",
  "Rijkswaterstaat",
  "Rijkswaterstaat"
]

04:24:56.065 [ForkJoinPool-1-worker-5] INFO  com.intuit.karate - [print] [
  "https://www.nationaalgeoregister.nl/geonetwork/srv/dut/catalog.search#/metadata/5a1adb58-0bbe-425d-b0fe-577a6c0a4228",
  "http://rdfdata.eionet.europa.eu/inspirethemes/themes/10",
  "urn:ogc:def:crs:EPSG::5709"
]

04:24:56.068 [ForkJoinPool-1-worker-7] INFO  com.intuit.karate - [print]
04:24:56.068 [ForkJoinPool-1-worker-7] INFO  com.intuit.karate - [print] testing xlinkurl:https://creativecommons.org/publicdomain/mark/*/deed.nl
04:24:56.070 [ForkJoinPool-1-worker-5] INFO  com.intuit.karate - [print]
04:24:56.071 [ForkJoinPool-1-worker-5] INFO  com.intuit.karate - [print] testing xlinkurl:https://www.nationaalgeoregister.nl/geonetwork/srv/dut/catalog.search#/metadata/5a1adb58-0bbe-425d-b0fe-577a6c0a4228
04:24:56.101 [ForkJoinPool-1-worker-7] ERROR com.intuit.karate - status code was: 404, expected: 200, response time: 32, url: https://creativecommons.org/publicdomain/mark/*/deed.nl, response: 
04:24:56.102 [ForkJoinPool-1-worker-7] ERROR com.intuit.karate - feature call (loop) failed at index: 2
caller: classpath:InspireTest/ngr/datasetrecords/def/checkxlinkurl.template.feature
arg: {"link":"https://creativecommons.org/publicdomain/mark/*/deed.nl"}
checkxlinkurl.template.feature:15 - status code was: 404, expected: 200, response time: 32, url: https://creativecommons.org/publicdomain/mark/*/deed.nl, response: 
04:24:56.222 [ForkJoinPool-1-worker-11] ERROR com.intuit.karate - status code was: 404, expected: 200, response time: 280, url: https://ngr.acceptatie.nationaalgeoregister.nl/geonetwork/srv/resources34e95842-4e4e-46de-9198-79e8cd4d30dc, response: 
04:24:56.225 [ForkJoinPool-1-worker-11] ERROR com.intuit.karate - feature call (loop) failed at index: 0
caller: classpath:InspireTest/ngr/datasetrecords/def/checkxlinkurl.template.feature
arg: {"link":"https://ngr.acceptatie.nationaalgeoregister.nl/geonetwork/srv/resources34e95842-4e4e-46de-9198-79e8cd4d30dc"}
checkxlinkurl.template.feature:15 - status code was: 404, expected: 200, response time: 280, url: https://ngr.acceptatie.nationaalgeoregister.nl/geonetwork/srv/resources34e95842-4e4e-46de-9198-79e8cd4d30dc, response: 
04:24:56.275 [ForkJoinPool-1-worker-9] INFO  com.intuit.karate - [print] title:Actueel Hoogtebestand Nederland 2 (AHN2)
04:24:56.275 [ForkJoinPool-1-worker-9] INFO  com.intuit.karate - [print] Actueel Hoogtebestand Nederland 2 (AHN2)
04:24:56.277 [ForkJoinPool-1-worker-9] INFO  com.intuit.karate - [print] [
  "servicedesk-data@rijkswaterstaat.nl",
  "servicedesk-data@rijkswaterstaat.nl",
  "",
  "servicedesk-data@rijkswaterstaat.nl",
  "servicedesk-data@rijkswaterstaat.nl"
]

04:24:56.278 [ForkJoinPool-1-worker-9] INFO  com.intuit.karate - [print] organisation: [
  "Rijkswaterstaat",
  "stuurgroep AHN",
  "",
  "Rijkswaterstaat",
  "Rijkswaterstaat"
]

04:24:56.282 [ForkJoinPool-1-worker-9] INFO  com.intuit.karate - [print] [
  "https://www.nationaalgeoregister.nl/geonetwork/srv/dut/catalog.search#/metadata/7939fd42-cf88-42c5-ab3b-232cf232a3ac",
  "http://rdfdata.eionet.europa.eu/inspirethemes/themes/10",
  "urn:ogc:def:crs:EPSG::5709"
]

04:24:56.286 [ForkJoinPool-1-worker-9] INFO  com.intuit.karate - [print]
04:24:56.286 [ForkJoinPool-1-worker-9] INFO  com.intuit.karate - [print] testing xlinkurl:https://www.nationaalgeoregister.nl/geonetwork/srv/dut/catalog.search#/metadata/7939fd42-cf88-42c5-ab3b-232cf232a3ac
04:24:56.330 [ForkJoinPool-1-worker-3] INFO  com.intuit.karate - [print] title:Geluidbelasting rijkswegen in Nederland 2011 (24-uurs gemiddelde)
04:24:56.331 [ForkJoinPool-1-worker-3] INFO  com.intuit.karate - [print] Geluidbelasting rijkswegen in Nederland 2011 (24-uurs gemiddelde)
04:24:56.332 [ForkJoinPool-1-worker-3] INFO  com.intuit.karate - [print] [
  "servicedesk-data@rijkswaterstaat.nl",
  "servicedesk-data@rijkswaterstaat.nl",
  "",
  "servicedesk-data@rijkswaterstaat.nl",
  "servicedesk-data@rijkswaterstaat.nl"
]

04:24:56.333 [ForkJoinPool-1-worker-3] INFO  com.intuit.karate - [print] organisation: [
  "Rijkswaterstaat",
  "Rijkswaterstaat",
  "",
  "Rijkswaterstaat",
  "Rijkswaterstaat"
]

04:24:56.340 [ForkJoinPool-1-worker-3] INFO  com.intuit.karate - [print] [
  "https://www.nationaalgeoregister.nl/geonetwork/srv/dut/catalog.search#/metadata/8de2f5eb-b09f-4f6d-8397-8878a1b86238",
  "http://rdfdata.eionet.europa.eu/inspirethemes/themes/18",
  "https://ngr.geocat.live/geonetwork/srv/eng/thesaurus.download?ref=external.theme.httpinspireeceuropaeumetadatacodelistPrioritydataset-Prioritydataset",
  "urn:ogc:def:crs:EPSG::5709"
]

04:24:56.345 [ForkJoinPool-1-worker-3] INFO  com.intuit.karate - [print]
04:24:56.345 [ForkJoinPool-1-worker-3] INFO  com.intuit.karate - [print] testing xlinkurl:https://www.nationaalgeoregister.nl/geonetwork/srv/dut/catalog.search#/metadata/8de2f5eb-b09f-4f6d-8397-8878a1b86238
04:24:56.370 [ForkJoinPool-1-worker-13] INFO  com.intuit.karate - [print] title:Bathymetrie Nederland - kust
04:24:56.371 [ForkJoinPool-1-worker-13] INFO  com.intuit.karate - [print] Bathymetrie Nederland - kust
04:24:56.372 [ForkJoinPool-1-worker-13] INFO  com.intuit.karate - [print] [
  "servicedesk-data@rijkswaterstaat.nl",
  "servicedesk-data@rijkswaterstaat.nl",
  "",
  "servicedesk-data@rijkswaterstaat.nl",
  "servicedesk-data@rijkswaterstaat.nl"
]

04:24:56.373 [ForkJoinPool-1-worker-13] INFO  com.intuit.karate - [print] organisation: [
  "Rijkswaterstaat",
  "Rijkswaterstaat",
  "",
  "Rijkswaterstaat",
  "Rijkswaterstaat"
]

04:24:56.379 [ForkJoinPool-1-worker-13] INFO  com.intuit.karate - [print] [
  "https://www.nationaalgeoregister.nl/geonetwork/srv/dut/catalog.search#/metadata/adn73c4a-ef03-4785-b7f6-942e86b385f5",
  "http://rdfdata.eionet.europa.eu/inspirethemes/themes/10",
  "urn:ogc:def:crs:EPSG::5709"
]

04:24:56.382 [ForkJoinPool-1-worker-13] INFO  com.intuit.karate - [print]
04:24:56.382 [ForkJoinPool-1-worker-13] INFO  com.intuit.karate - [print] testing xlinkurl:https://www.nationaalgeoregister.nl/geonetwork/srv/dut/catalog.search#/metadata/adn73c4a-ef03-4785-b7f6-942e86b385f5
04:24:56.400 [ForkJoinPool-1-worker-5] INFO  com.intuit.karate - [print]
04:24:56.400 [ForkJoinPool-1-worker-5] INFO  com.intuit.karate - [print] testing xlinkurl:http://rdfdata.eionet.europa.eu/inspirethemes/themes/10
04:24:56.479 [ForkJoinPool-1-worker-7] INFO  com.intuit.karate - [print] title:Geluidbelasting rijkswegen in Nederland 2006 (24-uurs gemiddelde)
04:24:56.479 [ForkJoinPool-1-worker-7] INFO  com.intuit.karate - [print] Geluidbelasting rijkswegen in Nederland 2006 (24-uurs gemiddelde)
04:24:56.481 [ForkJoinPool-1-worker-7] INFO  com.intuit.karate - [print] [
  "servicedesk-data@rijkswaterstaat.nl",
  "servicedesk-data@rijkswaterstaat.nl",
  "",
  "servicedesk-data@rijkswaterstaat.nl",
  "servicedesk-data@rijkswaterstaat.nl"
]

04:24:56.482 [ForkJoinPool-1-worker-7] INFO  com.intuit.karate - [print] organisation: [
  "Rijkswaterstaat",
  "Rijkswaterstaat",
  "",
  "Rijkswaterstaat",
  "Rijkswaterstaat"
]

04:24:56.486 [ForkJoinPool-1-worker-7] INFO  com.intuit.karate - [print] [
  "https://www.nationaalgeoregister.nl/geonetwork/srv/dut/catalog.search#/metadata/9b583730-e750-485a-9c0c-39bf9be72cf9",
  "http://rdfdata.eionet.europa.eu/inspirethemes/themes/18",
  "https://ngr.geocat.live/geonetwork/srv/eng/thesaurus.download?ref=external.theme.httpinspireeceuropaeumetadatacodelistPrioritydataset-Prioritydataset",
  "urn:ogc:def:crs:EPSG::5709"
]

04:24:56.489 [ForkJoinPool-1-worker-7] INFO  com.intuit.karate - [print]
04:24:56.489 [ForkJoinPool-1-worker-7] INFO  com.intuit.karate - [print] testing xlinkurl:https://www.nationaalgeoregister.nl/geonetwork/srv/dut/catalog.search#/metadata/9b583730-e750-485a-9c0c-39bf9be72cf9
04:24:56.601 [ForkJoinPool-1-worker-5] ERROR com.intuit.karate - status code was: 404, expected: 200, response time: 200, url: http://rdfdata.eionet.europa.eu/inspirethemes/themes/10, response: 
04:24:56.601 [ForkJoinPool-1-worker-5] ERROR com.intuit.karate - feature call (loop) failed at index: 1
caller: classpath:InspireTest/ngr/datasetrecords/def/checkxlinkurl.template.feature
arg: {"link":"http://rdfdata.eionet.europa.eu/inspirethemes/themes/10"}
checkxlinkurl.template.feature:15 - status code was: 404, expected: 200, response time: 200, url: http://rdfdata.eionet.europa.eu/inspirethemes/themes/10, response: 
04:24:56.603 [ForkJoinPool-1-worker-5] INFO  com.intuit.karate - [print]
04:24:56.603 [ForkJoinPool-1-worker-5] INFO  com.intuit.karate - [print] testing xlinkurl:urn:ogc:def:crs:EPSG::5709
04:24:56.604 [ForkJoinPool-1-worker-5] ERROR com.intuit.karate - org.apache.http.client.ClientProtocolException: URI does not specify a valid host name: urn:ogc:def:crs:EPSG::5709, http call failed after 0 milliseconds for URL: urn:ogc:def:crs:EPSG::5709
04:24:56.604 [ForkJoinPool-1-worker-5] ERROR com.intuit.karate - http request failed: 
org.apache.http.client.ClientProtocolException: URI does not specify a valid host name: urn:ogc:def:crs:EPSG::5709
04:24:56.604 [ForkJoinPool-1-worker-5] ERROR com.intuit.karate - feature call (loop) failed at index: 2
caller: classpath:InspireTest/ngr/datasetrecords/def/checkxlinkurl.template.feature
arg: {"link":"urn:ogc:def:crs:EPSG::5709"}
checkxlinkurl.template.feature:14 - 
org.apache.http.client.ClientProtocolException: URI does not specify a valid host name: urn:ogc:def:crs:EPSG::5709
04:24:56.619 [ForkJoinPool-1-worker-9] INFO  com.intuit.karate - [print]
04:24:56.619 [ForkJoinPool-1-worker-9] INFO  com.intuit.karate - [print] testing xlinkurl:http://rdfdata.eionet.europa.eu/inspirethemes/themes/10
04:24:56.661 [ForkJoinPool-1-worker-3] INFO  com.intuit.karate - [print]
04:24:56.661 [ForkJoinPool-1-worker-3] INFO  com.intuit.karate - [print] testing xlinkurl:http://rdfdata.eionet.europa.eu/inspirethemes/themes/18
04:24:56.698 [ForkJoinPool-1-worker-13] INFO  com.intuit.karate - [print]
04:24:56.698 [ForkJoinPool-1-worker-13] INFO  com.intuit.karate - [print] testing xlinkurl:http://rdfdata.eionet.europa.eu/inspirethemes/themes/10
04:24:56.781 [ForkJoinPool-1-worker-11] INFO  com.intuit.karate - [print] title:Hydrografie - Netwerk (INSPIRE geharmoniseerd) - WT
04:24:56.781 [ForkJoinPool-1-worker-11] INFO  com.intuit.karate - [print] Hydrografie - Netwerk (INSPIRE geharmoniseerd) - WT
04:24:56.783 [ForkJoinPool-1-worker-11] INFO  com.intuit.karate - [print] [
  "servicedesk-data@rijkswaterstaat.nl",
  "servicedesk-data@rijkswaterstaat.nl",
  "",
  "servicedesk-data@rijkswaterstaat.nl",
  "info@wetransform.to"
]

04:24:56.783 [ForkJoinPool-1-worker-11] INFO  com.intuit.karate - [print] organisation: [
  "Rijkswaterstaat",
  "Rijkswaterstaat",
  "",
  "Rijkswaterstaat",
  "Wetransform"
]

04:24:56.789 [ForkJoinPool-1-worker-11] INFO  com.intuit.karate - [print] [
  "https://www.nationaalgeoregister.nl/geonetwork/srv/dut/catalog.search#/metadata/eu-f297898-2640-44c2-bbe9-c0480da83794",
  "http://rdfdata.eionet.europa.eu/inspirethemes/themes/8",
  "urn:ogc:def:crs:EPSG::5709"
]

04:24:56.793 [ForkJoinPool-1-worker-11] INFO  com.intuit.karate - [print]
04:24:56.793 [ForkJoinPool-1-worker-11] INFO  com.intuit.karate - [print] testing xlinkurl:https://www.nationaalgeoregister.nl/geonetwork/srv/dut/catalog.search#/metadata/eu-f297898-2640-44c2-bbe9-c0480da83794
04:24:56.813 [ForkJoinPool-1-worker-7] INFO  com.intuit.karate - [print]
04:24:56.813 [ForkJoinPool-1-worker-7] INFO  com.intuit.karate - [print] testing xlinkurl:http://rdfdata.eionet.europa.eu/inspirethemes/themes/18
04:24:56.819 [ForkJoinPool-1-worker-9] ERROR com.intuit.karate - status code was: 404, expected: 200, response time: 199, url: http://rdfdata.eionet.europa.eu/inspirethemes/themes/10, response: 
04:24:56.819 [ForkJoinPool-1-worker-9] ERROR com.intuit.karate - feature call (loop) failed at index: 1
caller: classpath:InspireTest/ngr/datasetrecords/def/checkxlinkurl.template.feature
arg: {"link":"http://rdfdata.eionet.europa.eu/inspirethemes/themes/10"}
checkxlinkurl.template.feature:15 - status code was: 404, expected: 200, response time: 199, url: http://rdfdata.eionet.europa.eu/inspirethemes/themes/10, response: 
04:24:56.820 [ForkJoinPool-1-worker-9] INFO  com.intuit.karate - [print]
04:24:56.820 [ForkJoinPool-1-worker-9] INFO  com.intuit.karate - [print] testing xlinkurl:urn:ogc:def:crs:EPSG::5709
04:24:56.820 [ForkJoinPool-1-worker-9] ERROR com.intuit.karate - org.apache.http.client.ClientProtocolException: URI does not specify a valid host name: urn:ogc:def:crs:EPSG::5709, http call failed after 0 milliseconds for URL: urn:ogc:def:crs:EPSG::5709
04:24:56.820 [ForkJoinPool-1-worker-9] ERROR com.intuit.karate - http request failed: 
org.apache.http.client.ClientProtocolException: URI does not specify a valid host name: urn:ogc:def:crs:EPSG::5709
04:24:56.820 [ForkJoinPool-1-worker-9] ERROR com.intuit.karate - feature call (loop) failed at index: 2
caller: classpath:InspireTest/ngr/datasetrecords/def/checkxlinkurl.template.feature
arg: {"link":"urn:ogc:def:crs:EPSG::5709"}
checkxlinkurl.template.feature:14 - 
org.apache.http.client.ClientProtocolException: URI does not specify a valid host name: urn:ogc:def:crs:EPSG::5709
04:24:56.862 [ForkJoinPool-1-worker-3] ERROR com.intuit.karate - status code was: 404, expected: 200, response time: 200, url: http://rdfdata.eionet.europa.eu/inspirethemes/themes/18, response: 
04:24:56.862 [ForkJoinPool-1-worker-3] ERROR com.intuit.karate - feature call (loop) failed at index: 1
caller: classpath:InspireTest/ngr/datasetrecords/def/checkxlinkurl.template.feature
arg: {"link":"http://rdfdata.eionet.europa.eu/inspirethemes/themes/18"}
checkxlinkurl.template.feature:15 - status code was: 404, expected: 200, response time: 200, url: http://rdfdata.eionet.europa.eu/inspirethemes/themes/18, response: 
04:24:56.863 [ForkJoinPool-1-worker-3] INFO  com.intuit.karate - [print]
04:24:56.863 [ForkJoinPool-1-worker-3] INFO  com.intuit.karate - [print] testing xlinkurl:https://ngr.geocat.live/geonetwork/srv/eng/thesaurus.download?ref=external.theme.httpinspireeceuropaeumetadatacodelistPrioritydataset-Prioritydataset
04:24:56.899 [ForkJoinPool-1-worker-13] ERROR com.intuit.karate - status code was: 404, expected: 200, response time: 200, url: http://rdfdata.eionet.europa.eu/inspirethemes/themes/10, response: 
04:24:56.899 [ForkJoinPool-1-worker-13] ERROR com.intuit.karate - feature call (loop) failed at index: 1
caller: classpath:InspireTest/ngr/datasetrecords/def/checkxlinkurl.template.feature
arg: {"link":"http://rdfdata.eionet.europa.eu/inspirethemes/themes/10"}
checkxlinkurl.template.feature:15 - status code was: 404, expected: 200, response time: 200, url: http://rdfdata.eionet.europa.eu/inspirethemes/themes/10, response: 
04:24:56.900 [ForkJoinPool-1-worker-13] INFO  com.intuit.karate - [print]
04:24:56.900 [ForkJoinPool-1-worker-13] INFO  com.intuit.karate - [print] testing xlinkurl:urn:ogc:def:crs:EPSG::5709
04:24:56.901 [ForkJoinPool-1-worker-13] ERROR com.intuit.karate - org.apache.http.client.ClientProtocolException: URI does not specify a valid host name: urn:ogc:def:crs:EPSG::5709, http call failed after 0 milliseconds for URL: urn:ogc:def:crs:EPSG::5709
04:24:56.901 [ForkJoinPool-1-worker-13] ERROR com.intuit.karate - http request failed: 
org.apache.http.client.ClientProtocolException: URI does not specify a valid host name: urn:ogc:def:crs:EPSG::5709
04:24:56.901 [ForkJoinPool-1-worker-13] ERROR com.intuit.karate - feature call (loop) failed at index: 2
caller: classpath:InspireTest/ngr/datasetrecords/def/checkxlinkurl.template.feature
arg: {"link":"urn:ogc:def:crs:EPSG::5709"}
checkxlinkurl.template.feature:14 - 
org.apache.http.client.ClientProtocolException: URI does not specify a valid host name: urn:ogc:def:crs:EPSG::5709
04:24:57.013 [ForkJoinPool-1-worker-7] ERROR com.intuit.karate - status code was: 404, expected: 200, response time: 199, url: http://rdfdata.eionet.europa.eu/inspirethemes/themes/18, response: 
04:24:57.013 [ForkJoinPool-1-worker-7] ERROR com.intuit.karate - feature call (loop) failed at index: 1
caller: classpath:InspireTest/ngr/datasetrecords/def/checkxlinkurl.template.feature
arg: {"link":"http://rdfdata.eionet.europa.eu/inspirethemes/themes/18"}
checkxlinkurl.template.feature:15 - status code was: 404, expected: 200, response time: 199, url: http://rdfdata.eionet.europa.eu/inspirethemes/themes/18, response: 
04:24:57.015 [ForkJoinPool-1-worker-7] INFO  com.intuit.karate - [print]
04:24:57.015 [ForkJoinPool-1-worker-7] INFO  com.intuit.karate - [print] testing xlinkurl:https://ngr.geocat.live/geonetwork/srv/eng/thesaurus.download?ref=external.theme.httpinspireeceuropaeumetadatacodelistPrioritydataset-Prioritydataset
04:24:57.116 [ForkJoinPool-1-worker-5] INFO  com.intuit.karate - [print] title:Kaderrichtlijn Water - Register Beschermd Gebied - Schelpdierwater 2008
04:24:57.116 [ForkJoinPool-1-worker-5] INFO  com.intuit.karate - [print] Kaderrichtlijn Water - Register Beschermd Gebied - Schelpdierwater 2008
04:24:57.117 [ForkJoinPool-1-worker-5] INFO  com.intuit.karate - [print] [
  "servicedesk-data@rijkswaterstaat.nl",
  "servicedesk-data@rijkswaterstaat.nl",
  "",
  "servicedesk-data@rijkswaterstaat.nl",
  "servicedesk-data@rijkswaterstaat.nl"
]

04:24:57.119 [ForkJoinPool-1-worker-5] INFO  com.intuit.karate - [print] organisation: [
  "Rijkswaterstaat",
  "Rijkswaterstaat",
  "",
  "Rijkswaterstaat",
  "Rijkswaterstaat"
]

04:24:57.123 [ForkJoinPool-1-worker-5] INFO  com.intuit.karate - [print] [
  "https://www.nationaalgeoregister.nl/geonetwork/srv/dut/catalog.search#/metadata/4783ea4f-6b8c-4600-8af0-516f3556cfe9",
  "http://rdfdata.eionet.europa.eu/inspirethemes/themes/24",
  "",
  "",
  "",
  "urn:ogc:def:crs:EPSG::5709"
]

04:24:57.128 [ForkJoinPool-1-worker-5] INFO  com.intuit.karate - [print]
04:24:57.130 [ForkJoinPool-1-worker-11] INFO  com.intuit.karate - [print]
04:24:57.130 [ForkJoinPool-1-worker-11] INFO  com.intuit.karate - [print] testing xlinkurl:http://rdfdata.eionet.europa.eu/inspirethemes/themes/8
04:24:57.132 [ForkJoinPool-1-worker-5] INFO  com.intuit.karate - [print] testing xlinkurl:https://www.nationaalgeoregister.nl/geonetwork/srv/dut/catalog.search#/metadata/4783ea4f-6b8c-4600-8af0-516f3556cfe9
04:24:57.183 [ForkJoinPool-1-worker-3] ERROR com.intuit.karate - status code was: 500, expected: 200, response time: 319, url: https://ngr.geocat.live/geonetwork/srv/eng/thesaurus.download?ref=external.theme.httpinspireeceuropaeumetadatacodelistPrioritydataset-Prioritydataset, response: 
04:24:57.183 [ForkJoinPool-1-worker-3] ERROR com.intuit.karate - feature call (loop) failed at index: 2
caller: classpath:InspireTest/ngr/datasetrecords/def/checkxlinkurl.template.feature
arg: {"link":"https://ngr.geocat.live/geonetwork/srv/eng/thesaurus.download?ref=external.theme.httpinspireeceuropaeumetadatacodelistPrioritydataset-Prioritydataset"}
checkxlinkurl.template.feature:15 - status code was: 500, expected: 200, response time: 319, url: https://ngr.geocat.live/geonetwork/srv/eng/thesaurus.download?ref=external.theme.httpinspireeceuropaeumetadatacodelistPrioritydataset-Prioritydataset, response: 
04:24:57.184 [ForkJoinPool-1-worker-3] INFO  com.intuit.karate - [print]
04:24:57.184 [ForkJoinPool-1-worker-3] INFO  com.intuit.karate - [print] testing xlinkurl:urn:ogc:def:crs:EPSG::5709
04:24:57.185 [ForkJoinPool-1-worker-3] ERROR com.intuit.karate - org.apache.http.client.ClientProtocolException: URI does not specify a valid host name: urn:ogc:def:crs:EPSG::5709, http call failed after 0 milliseconds for URL: urn:ogc:def:crs:EPSG::5709
04:24:57.185 [ForkJoinPool-1-worker-3] ERROR com.intuit.karate - http request failed: 
org.apache.http.client.ClientProtocolException: URI does not specify a valid host name: urn:ogc:def:crs:EPSG::5709
04:24:57.185 [ForkJoinPool-1-worker-3] ERROR com.intuit.karate - feature call (loop) failed at index: 3
caller: classpath:InspireTest/ngr/datasetrecords/def/checkxlinkurl.template.feature
arg: {"link":"urn:ogc:def:crs:EPSG::5709"}
checkxlinkurl.template.feature:14 - 
org.apache.http.client.ClientProtocolException: URI does not specify a valid host name: urn:ogc:def:crs:EPSG::5709
04:24:57.323 [ForkJoinPool-1-worker-7] ERROR com.intuit.karate - status code was: 500, expected: 200, response time: 307, url: https://ngr.geocat.live/geonetwork/srv/eng/thesaurus.download?ref=external.theme.httpinspireeceuropaeumetadatacodelistPrioritydataset-Prioritydataset, response: 
04:24:57.323 [ForkJoinPool-1-worker-7] ERROR com.intuit.karate - feature call (loop) failed at index: 2
caller: classpath:InspireTest/ngr/datasetrecords/def/checkxlinkurl.template.feature
arg: {"link":"https://ngr.geocat.live/geonetwork/srv/eng/thesaurus.download?ref=external.theme.httpinspireeceuropaeumetadatacodelistPrioritydataset-Prioritydataset"}
checkxlinkurl.template.feature:15 - status code was: 500, expected: 200, response time: 307, url: https://ngr.geocat.live/geonetwork/srv/eng/thesaurus.download?ref=external.theme.httpinspireeceuropaeumetadatacodelistPrioritydataset-Prioritydataset, response: 
04:24:57.324 [ForkJoinPool-1-worker-7] INFO  com.intuit.karate - [print]
04:24:57.324 [ForkJoinPool-1-worker-7] INFO  com.intuit.karate - [print] testing xlinkurl:urn:ogc:def:crs:EPSG::5709
04:24:57.325 [ForkJoinPool-1-worker-7] ERROR com.intuit.karate - org.apache.http.client.ClientProtocolException: URI does not specify a valid host name: urn:ogc:def:crs:EPSG::5709, http call failed after 0 milliseconds for URL: urn:ogc:def:crs:EPSG::5709
04:24:57.325 [ForkJoinPool-1-worker-7] ERROR com.intuit.karate - http request failed: 
org.apache.http.client.ClientProtocolException: URI does not specify a valid host name: urn:ogc:def:crs:EPSG::5709
04:24:57.325 [ForkJoinPool-1-worker-7] ERROR com.intuit.karate - feature call (loop) failed at index: 3
caller: classpath:InspireTest/ngr/datasetrecords/def/checkxlinkurl.template.feature
arg: {"link":"urn:ogc:def:crs:EPSG::5709"}
checkxlinkurl.template.feature:14 - 
org.apache.http.client.ClientProtocolException: URI does not specify a valid host name: urn:ogc:def:crs:EPSG::5709
04:24:57.332 [ForkJoinPool-1-worker-11] ERROR com.intuit.karate - status code was: 404, expected: 200, response time: 201, url: http://rdfdata.eionet.europa.eu/inspirethemes/themes/8, response: 
04:24:57.332 [ForkJoinPool-1-worker-11] ERROR com.intuit.karate - feature call (loop) failed at index: 1
caller: classpath:InspireTest/ngr/datasetrecords/def/checkxlinkurl.template.feature
arg: {"link":"http://rdfdata.eionet.europa.eu/inspirethemes/themes/8"}
checkxlinkurl.template.feature:15 - status code was: 404, expected: 200, response time: 201, url: http://rdfdata.eionet.europa.eu/inspirethemes/themes/8, response: 
04:24:57.333 [ForkJoinPool-1-worker-11] INFO  com.intuit.karate - [print]
04:24:57.333 [ForkJoinPool-1-worker-11] INFO  com.intuit.karate - [print] testing xlinkurl:urn:ogc:def:crs:EPSG::5709
04:24:57.333 [ForkJoinPool-1-worker-11] ERROR com.intuit.karate - org.apache.http.client.ClientProtocolException: URI does not specify a valid host name: urn:ogc:def:crs:EPSG::5709, http call failed after 0 milliseconds for URL: urn:ogc:def:crs:EPSG::5709
04:24:57.333 [ForkJoinPool-1-worker-11] ERROR com.intuit.karate - http request failed: 
org.apache.http.client.ClientProtocolException: URI does not specify a valid host name: urn:ogc:def:crs:EPSG::5709
04:24:57.333 [ForkJoinPool-1-worker-11] ERROR com.intuit.karate - feature call (loop) failed at index: 2
caller: classpath:InspireTest/ngr/datasetrecords/def/checkxlinkurl.template.feature
arg: {"link":"urn:ogc:def:crs:EPSG::5709"}
checkxlinkurl.template.feature:14 - 
org.apache.http.client.ClientProtocolException: URI does not specify a valid host name: urn:ogc:def:crs:EPSG::5709
04:24:57.387 [ForkJoinPool-1-worker-9] INFO  com.intuit.karate - [print] title:Gemeten Koolstofmonoxide concentraties in buitenlucht.
04:24:57.387 [ForkJoinPool-1-worker-9] INFO  com.intuit.karate - [print] Gemeten Koolstofmonoxide concentraties in buitenlucht.
04:24:57.388 [ForkJoinPool-1-worker-9] INFO  com.intuit.karate - [print] [
  "geodata@rivm.nl",
  "geodata@rivm.nl"
]

04:24:57.389 [ForkJoinPool-1-worker-9] INFO  com.intuit.karate - [print] organisation: RIVM
04:24:57.410 [ForkJoinPool-1-worker-9] INFO  com.intuit.karate - [print] [
  "https://data.rivm.nl/inspire/id#a3b9f437-f571-4a00-b3c3-58e4354c244f"
]

04:24:57.415 [ForkJoinPool-1-worker-9] INFO  com.intuit.karate - [print]
04:24:57.416 [ForkJoinPool-1-worker-9] INFO  com.intuit.karate - [print] testing xlinkurl:https://data.rivm.nl/inspire/id#a3b9f437-f571-4a00-b3c3-58e4354c244f
04:24:57.445 [ForkJoinPool-1-worker-5] INFO  com.intuit.karate - [print]
04:24:57.445 [ForkJoinPool-1-worker-5] INFO  com.intuit.karate - [print] testing xlinkurl:http://rdfdata.eionet.europa.eu/inspirethemes/themes/24
04:24:57.451 [ForkJoinPool-1-worker-13] INFO  com.intuit.karate - [print] title:Bathymetrie Nederland - binnenwateren
04:24:57.452 [ForkJoinPool-1-worker-13] INFO  com.intuit.karate - [print] Bathymetrie Nederland - binnenwateren
04:24:57.453 [ForkJoinPool-1-worker-13] INFO  com.intuit.karate - [print] [
  "servicedesk-data@rijkswaterstaat.nl",
  "servicedesk-data@rijkswaterstaat.nl",
  "",
  "servicedesk-data@rijkswaterstaat.nl",
  "servicedesk-data@rijkswaterstaat.nl"
]

04:24:57.455 [ForkJoinPool-1-worker-13] INFO  com.intuit.karate - [print] organisation: [
  "Rijkswaterstaat",
  "Rijkswaterstaat",
  "",
  "Rijkswaterstaat",
  "Rijkswaterstaat"
]

04:24:57.468 [ForkJoinPool-1-worker-13] INFO  com.intuit.karate - [print] [
  "https://www.nationaalgeoregister.nl/geonetwork/srv/dut/catalog.search#/metadata/adn73c4a-ef03-4785-b7f6-942e86b385f7",
  "http://rdfdata.eionet.europa.eu/inspirethemes/themes/10",
  "urn:ogc:def:crs:EPSG::5709"
]

04:24:57.472 [ForkJoinPool-1-worker-13] INFO  com.intuit.karate - [print]
04:24:57.472 [ForkJoinPool-1-worker-13] INFO  com.intuit.karate - [print] testing xlinkurl:https://www.nationaalgeoregister.nl/geonetwork/srv/dut/catalog.search#/metadata/adn73c4a-ef03-4785-b7f6-942e86b385f7
04:24:57.646 [ForkJoinPool-1-worker-5] ERROR com.intuit.karate - status code was: 404, expected: 200, response time: 200, url: http://rdfdata.eionet.europa.eu/inspirethemes/themes/24, response: 
04:24:57.646 [ForkJoinPool-1-worker-5] ERROR com.intuit.karate - feature call (loop) failed at index: 1
caller: classpath:InspireTest/ngr/datasetrecords/def/checkxlinkurl.template.feature
arg: {"link":"http://rdfdata.eionet.europa.eu/inspirethemes/themes/24"}
checkxlinkurl.template.feature:15 - status code was: 404, expected: 200, response time: 200, url: http://rdfdata.eionet.europa.eu/inspirethemes/themes/24, response: 
04:24:57.648 [ForkJoinPool-1-worker-5] INFO  com.intuit.karate - [print]
04:24:57.648 [ForkJoinPool-1-worker-5] INFO  com.intuit.karate - [print] testing xlinkurl:
04:24:57.649 [ForkJoinPool-1-worker-5] ERROR com.intuit.karate - org.apache.http.client.ClientProtocolException, http call failed after 0 milliseconds for URL: 
04:24:57.649 [ForkJoinPool-1-worker-5] ERROR com.intuit.karate - http request failed: 
org.apache.http.client.ClientProtocolException
04:24:57.649 [ForkJoinPool-1-worker-5] ERROR com.intuit.karate - feature call (loop) failed at index: 2
caller: classpath:InspireTest/ngr/datasetrecords/def/checkxlinkurl.template.feature
arg: {"link":""}
checkxlinkurl.template.feature:14 - 
org.apache.http.client.ClientProtocolException
04:24:57.650 [ForkJoinPool-1-worker-5] INFO  com.intuit.karate - [print]
04:24:57.650 [ForkJoinPool-1-worker-5] INFO  com.intuit.karate - [print] testing xlinkurl:
04:24:57.651 [ForkJoinPool-1-worker-5] ERROR com.intuit.karate - org.apache.http.client.ClientProtocolException, http call failed after 0 milliseconds for URL: 
04:24:57.651 [ForkJoinPool-1-worker-5] ERROR com.intuit.karate - http request failed: 
org.apache.http.client.ClientProtocolException
04:24:57.651 [ForkJoinPool-1-worker-5] ERROR com.intuit.karate - feature call (loop) failed at index: 3
caller: classpath:InspireTest/ngr/datasetrecords/def/checkxlinkurl.template.feature
arg: {"link":""}
checkxlinkurl.template.feature:14 - 
org.apache.http.client.ClientProtocolException
04:24:57.652 [ForkJoinPool-1-worker-5] INFO  com.intuit.karate - [print]
04:24:57.652 [ForkJoinPool-1-worker-5] INFO  com.intuit.karate - [print] testing xlinkurl:
04:24:57.652 [ForkJoinPool-1-worker-5] ERROR com.intuit.karate - org.apache.http.client.ClientProtocolException, http call failed after 0 milliseconds for URL: 
04:24:57.652 [ForkJoinPool-1-worker-5] ERROR com.intuit.karate - http request failed: 
org.apache.http.client.ClientProtocolException
04:24:57.652 [ForkJoinPool-1-worker-5] ERROR com.intuit.karate - feature call (loop) failed at index: 4
caller: classpath:InspireTest/ngr/datasetrecords/def/checkxlinkurl.template.feature
arg: {"link":""}
checkxlinkurl.template.feature:14 - 
org.apache.http.client.ClientProtocolException
04:24:57.654 [ForkJoinPool-1-worker-5] INFO  com.intuit.karate - [print]
04:24:57.655 [ForkJoinPool-1-worker-5] INFO  com.intuit.karate - [print] testing xlinkurl:urn:ogc:def:crs:EPSG::5709
04:24:57.655 [ForkJoinPool-1-worker-5] ERROR com.intuit.karate - org.apache.http.client.ClientProtocolException: URI does not specify a valid host name: urn:ogc:def:crs:EPSG::5709, http call failed after 0 milliseconds for URL: urn:ogc:def:crs:EPSG::5709
04:24:57.655 [ForkJoinPool-1-worker-5] ERROR com.intuit.karate - http request failed: 
org.apache.http.client.ClientProtocolException: URI does not specify a valid host name: urn:ogc:def:crs:EPSG::5709
04:24:57.655 [ForkJoinPool-1-worker-5] ERROR com.intuit.karate - feature call (loop) failed at index: 5
caller: classpath:InspireTest/ngr/datasetrecords/def/checkxlinkurl.template.feature
arg: {"link":"urn:ogc:def:crs:EPSG::5709"}
checkxlinkurl.template.feature:14 - 
org.apache.http.client.ClientProtocolException: URI does not specify a valid host name: urn:ogc:def:crs:EPSG::5709
04:24:57.676 [ForkJoinPool-1-worker-7] INFO  com.intuit.karate - [print] title:Geluidbelasting rijkswegen in Nederland 2016 (24-uurs gemiddelde)
04:24:57.676 [ForkJoinPool-1-worker-7] INFO  com.intuit.karate - [print] Geluidbelasting rijkswegen in Nederland 2016 (24-uurs gemiddelde)
04:24:57.676 [ForkJoinPool-1-worker-7] INFO  com.intuit.karate - [print] [
  "servicedesk-data@rijkswaterstaat.nl",
  "servicedesk-data@rijkswaterstaat.nl",
  "",
  "servicedesk-data@rijkswaterstaat.nl",
  "servicedesk-data@rijkswaterstaat.nl"
]

04:24:57.677 [ForkJoinPool-1-worker-7] INFO  com.intuit.karate - [print] organisation: [
  "Rijkswaterstaat",
  "Rijkswaterstaat",
  "",
  "Rijkswaterstaat",
  "Rijkswaterstaat"
]

04:24:57.682 [ForkJoinPool-1-worker-7] INFO  com.intuit.karate - [print] [
  "https://www.nationaalgeoregister.nl/geonetwork/srv/dut/catalog.search#/metadata/9b583730-e750-485a-9c0c-39bf9be72cf8",
  "http://rdfdata.eionet.europa.eu/inspirethemes/themes/18",
  "https://ngr.geocat.live/geonetwork/srv/eng/thesaurus.download?ref=external.theme.httpinspireeceuropaeumetadatacodelistPrioritydataset-Prioritydataset"
]

04:24:57.691 [ForkJoinPool-1-worker-7] INFO  com.intuit.karate - [print]
04:24:57.691 [ForkJoinPool-1-worker-7] INFO  com.intuit.karate - [print] testing xlinkurl:https://www.nationaalgeoregister.nl/geonetwork/srv/dut/catalog.search#/metadata/9b583730-e750-485a-9c0c-39bf9be72cf8
04:24:57.714 [ForkJoinPool-1-worker-3] INFO  com.intuit.karate - [print] title:Geluidbelasting rijkswegen in Nederland 2011 (nacht gemiddelde)
04:24:57.714 [ForkJoinPool-1-worker-3] INFO  com.intuit.karate - [print] Geluidbelasting rijkswegen in Nederland 2011 (nacht gemiddelde)
04:24:57.715 [ForkJoinPool-1-worker-3] INFO  com.intuit.karate - [print] [
  "servicedesk-data@rijkswaterstaat.nl",
  "servicedesk-data@rijkswaterstaat.nl",
  "",
  "servicedesk-data@rijkswaterstaat.nl",
  "servicedesk-data@rijkswaterstaat.nl"
]

04:24:57.715 [ForkJoinPool-1-worker-3] INFO  com.intuit.karate - [print] organisation: [
  "Rijkswaterstaat",
  "Rijkswaterstaat",
  "",
  "Rijkswaterstaat",
  "Rijkswaterstaat"
]

04:24:57.719 [ForkJoinPool-1-worker-3] INFO  com.intuit.karate - [print] [
  "https://www.nationaalgeoregister.nl/geonetwork/srv/dut/catalog.search#/metadata/50eef6be-619d-4e16-9b92-48971109b636",
  "http://rdfdata.eionet.europa.eu/inspirethemes/themes/18",
  "http://inspire.ec.europa.eu/metadata-codelist/PriorityDataset/MajorRoadsNoiseExposureDelineationNight-dir-2002-49",
  "https://ngr.geocat.live/geonetwork/srv/eng/thesaurus.download?ref=external.theme.httpinspireeceuropaeumetadatacodelistPrioritydataset-Prioritydataset",
  "urn:ogc:def:crs:EPSG::5709"
]

04:24:57.728 [ForkJoinPool-1-worker-3] INFO  com.intuit.karate - [print]
04:24:57.737 [ForkJoinPool-1-worker-3] INFO  com.intuit.karate - [print] testing xlinkurl:https://www.nationaalgeoregister.nl/geonetwork/srv/dut/catalog.search#/metadata/50eef6be-619d-4e16-9b92-48971109b636
04:24:57.778 [ForkJoinPool-1-worker-9] ERROR com.intuit.karate - javax.net.ssl.SSLException: Connection reset, http call failed after 362 milliseconds for URL: https://data.rivm.nl/inspire/id#a3b9f437-f571-4a00-b3c3-58e4354c244f
04:24:57.778 [ForkJoinPool-1-worker-9] ERROR com.intuit.karate - http request failed: 
javax.net.ssl.SSLException: Connection reset
04:24:57.778 [ForkJoinPool-1-worker-9] ERROR com.intuit.karate - feature call (loop) failed at index: 0
caller: classpath:InspireTest/ngr/datasetrecords/def/checkxlinkurl.template.feature
arg: {"link":"https://data.rivm.nl/inspire/id#a3b9f437-f571-4a00-b3c3-58e4354c244f"}
checkxlinkurl.template.feature:14 - 
javax.net.ssl.SSLException: Connection reset
04:24:57.799 [ForkJoinPool-1-worker-13] INFO  com.intuit.karate - [print]
04:24:57.799 [ForkJoinPool-1-worker-13] INFO  com.intuit.karate - [print] testing xlinkurl:http://rdfdata.eionet.europa.eu/inspirethemes/themes/10
04:24:57.892 [ForkJoinPool-1-worker-11] INFO  com.intuit.karate - [print] title:Kaderrichtlijn Mariene Strategie - Bevroren monitoringsdata
04:24:57.892 [ForkJoinPool-1-worker-11] INFO  com.intuit.karate - [print] Kaderrichtlijn Mariene Strategie - Bevroren monitoringsdata
04:24:57.894 [ForkJoinPool-1-worker-11] INFO  com.intuit.karate - [print] [
  "servicedesk-data@rijkswaterstaat.nl",
  "servicedesk-data@rijkswaterstaat.nl",
  "",
  "servicedesk-data@rijkswaterstaat.nl",
  "servicedesk-data@rijkswaterstaat.nl"
]

04:24:57.895 [ForkJoinPool-1-worker-11] INFO  com.intuit.karate - [print] organisation: [
  "Rijkswaterstaat",
  "Rijkswaterstaat",
  "",
  "Rijkswaterstaat",
  "Rijkswaterstaat"
]

04:24:57.908 [ForkJoinPool-1-worker-11] INFO  com.intuit.karate - [print] [
  "https://www.nationaalgeoregister.nl/geonetwork/srv/dut/catalog.search#/metadata/tbjk534p-wubf-crbp-cj25-d4161160gfim",
  "http://rdfdata.eionet.europa.eu/inspirethemes/themes/28",
  "https://ngr.geocat.live/geonetwork/srv/eng/thesaurus.download?ref=external.theme.httpinspireeceuropaeumetadatacodelistPrioritydataset-Prioritydataset"
]

04:24:57.915 [ForkJoinPool-1-worker-11] INFO  com.intuit.karate - [print]
04:24:57.915 [ForkJoinPool-1-worker-11] INFO  com.intuit.karate - [print] testing xlinkurl:https://www.nationaalgeoregister.nl/geonetwork/srv/dut/catalog.search#/metadata/tbjk534p-wubf-crbp-cj25-d4161160gfim
04:24:58.000 [ForkJoinPool-1-worker-13] ERROR com.intuit.karate - status code was: 404, expected: 200, response time: 200, url: http://rdfdata.eionet.europa.eu/inspirethemes/themes/10, response: 
04:24:58.000 [ForkJoinPool-1-worker-13] ERROR com.intuit.karate - feature call (loop) failed at index: 1
caller: classpath:InspireTest/ngr/datasetrecords/def/checkxlinkurl.template.feature
arg: {"link":"http://rdfdata.eionet.europa.eu/inspirethemes/themes/10"}
checkxlinkurl.template.feature:15 - status code was: 404, expected: 200, response time: 200, url: http://rdfdata.eionet.europa.eu/inspirethemes/themes/10, response: 
04:24:58.002 [ForkJoinPool-1-worker-13] INFO  com.intuit.karate - [print]
04:24:58.002 [ForkJoinPool-1-worker-13] INFO  com.intuit.karate - [print] testing xlinkurl:urn:ogc:def:crs:EPSG::5709
04:24:58.002 [ForkJoinPool-1-worker-13] ERROR com.intuit.karate - org.apache.http.client.ClientProtocolException: URI does not specify a valid host name: urn:ogc:def:crs:EPSG::5709, http call failed after 0 milliseconds for URL: urn:ogc:def:crs:EPSG::5709
04:24:58.002 [ForkJoinPool-1-worker-13] ERROR com.intuit.karate - http request failed: 
org.apache.http.client.ClientProtocolException: URI does not specify a valid host name: urn:ogc:def:crs:EPSG::5709
04:24:58.002 [ForkJoinPool-1-worker-13] ERROR com.intuit.karate - feature call (loop) failed at index: 2
caller: classpath:InspireTest/ngr/datasetrecords/def/checkxlinkurl.template.feature
arg: {"link":"urn:ogc:def:crs:EPSG::5709"}
checkxlinkurl.template.feature:14 - 
org.apache.http.client.ClientProtocolException: URI does not specify a valid host name: urn:ogc:def:crs:EPSG::5709
04:24:58.002 [ForkJoinPool-1-worker-7] INFO  com.intuit.karate - [print]
04:24:58.002 [ForkJoinPool-1-worker-7] INFO  com.intuit.karate - [print] testing xlinkurl:http://rdfdata.eionet.europa.eu/inspirethemes/themes/18
04:24:58.066 [ForkJoinPool-1-worker-3] INFO  com.intuit.karate - [print]
04:24:58.067 [ForkJoinPool-1-worker-3] INFO  com.intuit.karate - [print] testing xlinkurl:http://rdfdata.eionet.europa.eu/inspirethemes/themes/18
04:24:58.165 [ForkJoinPool-1-worker-5] INFO  com.intuit.karate - [print] title:Landelijk zoet en zoutwatermeetnet - Rijkswaterstaat
04:24:58.165 [ForkJoinPool-1-worker-5] INFO  com.intuit.karate - [print] Landelijk zoet en zoutwatermeetnet - Rijkswaterstaat
04:24:58.167 [ForkJoinPool-1-worker-5] INFO  com.intuit.karate - [print] [
  "servicedesk-data@rijkswaterstaat.nl",
  "servicedesk-data@rijkswaterstaat.nl",
  "",
  "servicedesk-data@rijkswaterstaat.nl",
  "servicedesk-data@rijkswaterstaat.nl"
]

04:24:58.168 [ForkJoinPool-1-worker-5] INFO  com.intuit.karate - [print] organisation: [
  "Rijkswaterstaat",
  "Rijkswaterstaat",
  "",
  "Rijkswaterstaat",
  "Rijkswaterstaat"
]

04:24:58.172 [ForkJoinPool-1-worker-5] INFO  com.intuit.karate - [print] [
  "https://www.nationaalgeoregister.nl/geonetwork/srv/dut/catalog.search#/metadata/68ebd5c9-0ea1-4f22-9907-ec4c063cd3e2",
  "http://rdfdata.eionet.europa.eu/inspirethemes/themes/20",
  "urn:ogc:def:crs:EPSG::5709"
]

04:24:58.175 [ForkJoinPool-1-worker-5] INFO  com.intuit.karate - [print]
04:24:58.177 [ForkJoinPool-1-worker-5] INFO  com.intuit.karate - [print] testing xlinkurl:https://www.nationaalgeoregister.nl/geonetwork/srv/dut/catalog.search#/metadata/68ebd5c9-0ea1-4f22-9907-ec4c063cd3e2
04:24:58.202 [ForkJoinPool-1-worker-7] ERROR com.intuit.karate - status code was: 404, expected: 200, response time: 200, url: http://rdfdata.eionet.europa.eu/inspirethemes/themes/18, response: 
04:24:58.203 [ForkJoinPool-1-worker-7] ERROR com.intuit.karate - feature call (loop) failed at index: 1
caller: classpath:InspireTest/ngr/datasetrecords/def/checkxlinkurl.template.feature
arg: {"link":"http://rdfdata.eionet.europa.eu/inspirethemes/themes/18"}
checkxlinkurl.template.feature:15 - status code was: 404, expected: 200, response time: 200, url: http://rdfdata.eionet.europa.eu/inspirethemes/themes/18, response: 
04:24:58.203 [ForkJoinPool-1-worker-7] INFO  com.intuit.karate - [print]
04:24:58.204 [ForkJoinPool-1-worker-7] INFO  com.intuit.karate - [print] testing xlinkurl:https://ngr.geocat.live/geonetwork/srv/eng/thesaurus.download?ref=external.theme.httpinspireeceuropaeumetadatacodelistPrioritydataset-Prioritydataset
04:24:58.235 [ForkJoinPool-1-worker-11] INFO  com.intuit.karate - [print]
04:24:58.235 [ForkJoinPool-1-worker-11] INFO  com.intuit.karate - [print] testing xlinkurl:http://rdfdata.eionet.europa.eu/inspirethemes/themes/28
04:24:58.267 [ForkJoinPool-1-worker-3] ERROR com.intuit.karate - status code was: 404, expected: 200, response time: 200, url: http://rdfdata.eionet.europa.eu/inspirethemes/themes/18, response: 
04:24:58.267 [ForkJoinPool-1-worker-3] ERROR com.intuit.karate - feature call (loop) failed at index: 1
caller: classpath:InspireTest/ngr/datasetrecords/def/checkxlinkurl.template.feature
arg: {"link":"http://rdfdata.eionet.europa.eu/inspirethemes/themes/18"}
checkxlinkurl.template.feature:15 - status code was: 404, expected: 200, response time: 200, url: http://rdfdata.eionet.europa.eu/inspirethemes/themes/18, response: 
04:24:58.268 [ForkJoinPool-1-worker-3] INFO  com.intuit.karate - [print]
04:24:58.268 [ForkJoinPool-1-worker-3] INFO  com.intuit.karate - [print] testing xlinkurl:http://inspire.ec.europa.eu/metadata-codelist/PriorityDataset/MajorRoadsNoiseExposureDelineationNight-dir-2002-49
04:24:58.332 [ForkJoinPool-1-worker-9] INFO  com.intuit.karate - [print] title:Geografische Namen (INSPIRE geharmoniseerd)
04:24:58.332 [ForkJoinPool-1-worker-9] INFO  com.intuit.karate - [print] Geografische Namen (INSPIRE geharmoniseerd)
04:24:58.333 [ForkJoinPool-1-worker-9] INFO  com.intuit.karate - [print] [
  "PPB-GVA@kadaster.nl",
  "kcc@kadaster.nl"
]

04:24:58.334 [ForkJoinPool-1-worker-9] INFO  com.intuit.karate - [print] organisation: [
  "Kadaster",
  "Kadaster"
]

04:24:58.341 [ForkJoinPool-1-worker-9] INFO  com.intuit.karate - [print] [
  "http://kadaster/3bf3f7f3-8ac9-4203-bb95-2c932d5f0f3e"
]

04:24:58.346 [ForkJoinPool-1-worker-9] INFO  com.intuit.karate - [print]
04:24:58.347 [ForkJoinPool-1-worker-9] INFO  com.intuit.karate - [print] testing xlinkurl:http://kadaster/3bf3f7f3-8ac9-4203-bb95-2c932d5f0f3e
04:24:58.349 [ForkJoinPool-1-worker-9] ERROR com.intuit.karate - java.net.UnknownHostException: kadaster, http call failed after 0 milliseconds for URL: http://kadaster/3bf3f7f3-8ac9-4203-bb95-2c932d5f0f3e
04:24:58.350 [ForkJoinPool-1-worker-9] ERROR com.intuit.karate - http request failed: 
java.net.UnknownHostException: kadaster
04:24:58.350 [ForkJoinPool-1-worker-9] ERROR com.intuit.karate - feature call (loop) failed at index: 0
caller: classpath:InspireTest/ngr/datasetrecords/def/checkxlinkurl.template.feature
arg: {"link":"http://kadaster/3bf3f7f3-8ac9-4203-bb95-2c932d5f0f3e"}
checkxlinkurl.template.feature:14 - 
java.net.UnknownHostException: kadaster
04:24:58.436 [ForkJoinPool-1-worker-11] ERROR com.intuit.karate - status code was: 404, expected: 200, response time: 200, url: http://rdfdata.eionet.europa.eu/inspirethemes/themes/28, response: 
04:24:58.436 [ForkJoinPool-1-worker-11] ERROR com.intuit.karate - feature call (loop) failed at index: 1
caller: classpath:InspireTest/ngr/datasetrecords/def/checkxlinkurl.template.feature
arg: {"link":"http://rdfdata.eionet.europa.eu/inspirethemes/themes/28"}
checkxlinkurl.template.feature:15 - status code was: 404, expected: 200, response time: 200, url: http://rdfdata.eionet.europa.eu/inspirethemes/themes/28, response: 
04:24:58.437 [ForkJoinPool-1-worker-11] INFO  com.intuit.karate - [print]
04:24:58.437 [ForkJoinPool-1-worker-11] INFO  com.intuit.karate - [print] testing xlinkurl:https://ngr.geocat.live/geonetwork/srv/eng/thesaurus.download?ref=external.theme.httpinspireeceuropaeumetadatacodelistPrioritydataset-Prioritydataset
04:24:58.489 [ForkJoinPool-1-worker-5] INFO  com.intuit.karate - [print]
04:24:58.489 [ForkJoinPool-1-worker-5] INFO  com.intuit.karate - [print] testing xlinkurl:http://rdfdata.eionet.europa.eu/inspirethemes/themes/20
04:24:58.506 [ForkJoinPool-1-worker-13] INFO  com.intuit.karate - [print] title:Waterstanden en afvoeren actueel - Rijkswaterstaat
04:24:58.506 [ForkJoinPool-1-worker-13] INFO  com.intuit.karate - [print] Waterstanden en afvoeren actueel - Rijkswaterstaat
04:24:58.507 [ForkJoinPool-1-worker-13] INFO  com.intuit.karate - [print] [
  "servicedesk-data@rijkswaterstaat.nl",
  "servicedesk-data@rijkswaterstaat.nl",
  "",
  "servicedesk-data@rijkswaterstaat.nl",
  "servicedesk-data@rijkswaterstaat.nl"
]

04:24:58.508 [ForkJoinPool-1-worker-13] INFO  com.intuit.karate - [print] organisation: [
  "Rijkswaterstaat",
  "Rijkswaterstaat",
  "",
  "Rijkswaterstaat",
  "Rijkswaterstaat"
]

04:24:58.516 [ForkJoinPool-1-worker-7] ERROR com.intuit.karate - status code was: 500, expected: 200, response time: 312, url: https://ngr.geocat.live/geonetwork/srv/eng/thesaurus.download?ref=external.theme.httpinspireeceuropaeumetadatacodelistPrioritydataset-Prioritydataset, response: 
04:24:58.516 [ForkJoinPool-1-worker-7] ERROR com.intuit.karate - feature call (loop) failed at index: 2
caller: classpath:InspireTest/ngr/datasetrecords/def/checkxlinkurl.template.feature
arg: {"link":"https://ngr.geocat.live/geonetwork/srv/eng/thesaurus.download?ref=external.theme.httpinspireeceuropaeumetadatacodelistPrioritydataset-Prioritydataset"}
checkxlinkurl.template.feature:15 - status code was: 500, expected: 200, response time: 312, url: https://ngr.geocat.live/geonetwork/srv/eng/thesaurus.download?ref=external.theme.httpinspireeceuropaeumetadatacodelistPrioritydataset-Prioritydataset, response: 
04:24:58.523 [ForkJoinPool-1-worker-13] INFO  com.intuit.karate - [print] [
  "https://www.nationaalgeoregister.nl/geonetwork/srv/dut/catalog.search#/metadata/cf69ec50-9849-4afd-853c-ee56211d336d",
  "http://rdfdata.eionet.europa.eu/inspirethemes/themes/20",
  "http://rdfdata.eionet.europa.eu/inspirethemes/themes/28",
  "urn:ogc:def:crs:EPSG::5709"
]

04:24:58.527 [ForkJoinPool-1-worker-13] INFO  com.intuit.karate - [print]
04:24:58.527 [ForkJoinPool-1-worker-13] INFO  com.intuit.karate - [print] testing xlinkurl:https://www.nationaalgeoregister.nl/geonetwork/srv/dut/catalog.search#/metadata/cf69ec50-9849-4afd-853c-ee56211d336d
04:24:58.690 [ForkJoinPool-1-worker-5] ERROR com.intuit.karate - status code was: 404, expected: 200, response time: 200, url: http://rdfdata.eionet.europa.eu/inspirethemes/themes/20, response: 
04:24:58.690 [ForkJoinPool-1-worker-5] ERROR com.intuit.karate - feature call (loop) failed at index: 1
caller: classpath:InspireTest/ngr/datasetrecords/def/checkxlinkurl.template.feature
arg: {"link":"http://rdfdata.eionet.europa.eu/inspirethemes/themes/20"}
checkxlinkurl.template.feature:15 - status code was: 404, expected: 200, response time: 200, url: http://rdfdata.eionet.europa.eu/inspirethemes/themes/20, response: 
04:24:58.691 [ForkJoinPool-1-worker-5] INFO  com.intuit.karate - [print]
04:24:58.691 [ForkJoinPool-1-worker-5] INFO  com.intuit.karate - [print] testing xlinkurl:urn:ogc:def:crs:EPSG::5709
04:24:58.692 [ForkJoinPool-1-worker-5] ERROR com.intuit.karate - org.apache.http.client.ClientProtocolException: URI does not specify a valid host name: urn:ogc:def:crs:EPSG::5709, http call failed after 0 milliseconds for URL: urn:ogc:def:crs:EPSG::5709
04:24:58.692 [ForkJoinPool-1-worker-5] ERROR com.intuit.karate - http request failed: 
org.apache.http.client.ClientProtocolException: URI does not specify a valid host name: urn:ogc:def:crs:EPSG::5709
04:24:58.692 [ForkJoinPool-1-worker-5] ERROR com.intuit.karate - feature call (loop) failed at index: 2
caller: classpath:InspireTest/ngr/datasetrecords/def/checkxlinkurl.template.feature
arg: {"link":"urn:ogc:def:crs:EPSG::5709"}
checkxlinkurl.template.feature:14 - 
org.apache.http.client.ClientProtocolException: URI does not specify a valid host name: urn:ogc:def:crs:EPSG::5709
04:24:59.006 [ForkJoinPool-1-worker-13] INFO  com.intuit.karate - [print]
04:24:59.006 [ForkJoinPool-1-worker-13] INFO  com.intuit.karate - [print] testing xlinkurl:http://rdfdata.eionet.europa.eu/inspirethemes/themes/20
04:24:59.117 [ForkJoinPool-1-worker-11] ERROR com.intuit.karate - status code was: 500, expected: 200, response time: 680, url: https://ngr.geocat.live/geonetwork/srv/eng/thesaurus.download?ref=external.theme.httpinspireeceuropaeumetadatacodelistPrioritydataset-Prioritydataset, response: 
04:24:59.118 [ForkJoinPool-1-worker-11] ERROR com.intuit.karate - feature call (loop) failed at index: 2
caller: classpath:InspireTest/ngr/datasetrecords/def/checkxlinkurl.template.feature
arg: {"link":"https://ngr.geocat.live/geonetwork/srv/eng/thesaurus.download?ref=external.theme.httpinspireeceuropaeumetadatacodelistPrioritydataset-Prioritydataset"}
checkxlinkurl.template.feature:15 - status code was: 500, expected: 200, response time: 680, url: https://ngr.geocat.live/geonetwork/srv/eng/thesaurus.download?ref=external.theme.httpinspireeceuropaeumetadatacodelistPrioritydataset-Prioritydataset, response: 
04:24:59.132 [ForkJoinPool-1-worker-9] INFO  com.intuit.karate - [print] title:Gebieden in de Eemsmonding en de Dollard
04:24:59.132 [ForkJoinPool-1-worker-9] INFO  com.intuit.karate - [print] Gebieden in de Eemsmonding en de Dollard
04:24:59.133 [ForkJoinPool-1-worker-9] INFO  com.intuit.karate - [print] [
  "data@hydro.nl",
  "data@hydro.nl",
  "data@hydro.nl"
]

04:24:59.133 [ForkJoinPool-1-worker-9] INFO  com.intuit.karate - [print] organisation: [
  "Ministerie van Defensie, Koninklijke Marine, Dienst der Hydrografie",
  "Ministerie van Defensie, Koninklijke Marine, Dienst der Hydrografie"
]

04:24:59.137 [ForkJoinPool-1-worker-9] INFO  com.intuit.karate - [print] [
  "http://www.opengis.net/def/crs/EPSG/0/https://www.opengis.net/def/crs/EPSG/0/4258",
  "https://www.nationaalgeoregister.nl/geonetwork/srv/api/recordsf44dac86-2228-412f-8355-e56446ca9933",
  "www.hydro.nl"
]

04:24:59.140 [ForkJoinPool-1-worker-9] INFO  com.intuit.karate - [print]
04:24:59.140 [ForkJoinPool-1-worker-9] INFO  com.intuit.karate - [print] testing xlinkurl:http://www.opengis.net/def/crs/EPSG/0/https://www.opengis.net/def/crs/EPSG/0/4258
04:24:59.154 [ForkJoinPool-1-worker-7] INFO  com.intuit.karate - [print] title:Gemeten Stikstofmonoxide concentraties in buitenlucht.
04:24:59.154 [ForkJoinPool-1-worker-7] INFO  com.intuit.karate - [print] Gemeten Stikstofmonoxide concentraties in buitenlucht.
04:24:59.155 [ForkJoinPool-1-worker-7] INFO  com.intuit.karate - [print] [
  "geodata@rivm.nl",
  "geodata@rivm.nl"
]

04:24:59.185 [ForkJoinPool-1-worker-7] INFO  com.intuit.karate - [print] organisation: no organisationName found in dataset record
04:24:59.189 [ForkJoinPool-1-worker-7] INFO  com.intuit.karate - [print] [
  "https://data.rivm.nl/inspire/id#b867ba72-5a7c-41fe-b997-394b56dfbd25"
]

04:24:59.194 [ForkJoinPool-1-worker-7] INFO  com.intuit.karate - [print]
04:24:59.195 [ForkJoinPool-1-worker-7] INFO  com.intuit.karate - [print] testing xlinkurl:https://data.rivm.nl/inspire/id#b867ba72-5a7c-41fe-b997-394b56dfbd25
04:24:59.206 [ForkJoinPool-1-worker-13] ERROR com.intuit.karate - status code was: 404, expected: 200, response time: 200, url: http://rdfdata.eionet.europa.eu/inspirethemes/themes/20, response: 
04:24:59.206 [ForkJoinPool-1-worker-13] ERROR com.intuit.karate - feature call (loop) failed at index: 1
caller: classpath:InspireTest/ngr/datasetrecords/def/checkxlinkurl.template.feature
arg: {"link":"http://rdfdata.eionet.europa.eu/inspirethemes/themes/20"}
checkxlinkurl.template.feature:15 - status code was: 404, expected: 200, response time: 200, url: http://rdfdata.eionet.europa.eu/inspirethemes/themes/20, response: 
04:24:59.207 [ForkJoinPool-1-worker-13] INFO  com.intuit.karate - [print]
04:24:59.207 [ForkJoinPool-1-worker-13] INFO  com.intuit.karate - [print] testing xlinkurl:http://rdfdata.eionet.europa.eu/inspirethemes/themes/28
04:24:59.220 [ForkJoinPool-1-worker-5] INFO  com.intuit.karate - [print] title:Vogelrichtlijn verspreidingsgebied van soorten
04:24:59.220 [ForkJoinPool-1-worker-5] INFO  com.intuit.karate - [print] Vogelrichtlijn verspreidingsgebied van soorten
04:24:59.221 [ForkJoinPool-1-worker-5] INFO  com.intuit.karate - [print] [
  "geodatabeheer.giscc@rvo.nl",
  "GeoDesk.CGI@wur.nl",
  "geodatabeheer.giscc@rvo.nl",
  "beheerPDOK@kadaster.nl",
  ""
]

04:24:59.222 [ForkJoinPool-1-worker-5] INFO  com.intuit.karate - [print] organisation: [
  "Ministerie van Economische Zaken - GIS Competence Center",
  "Wageningen Environmental Research (Alterra)",
  "PDOK",
  "Sovon Vogelonderzoek Nederland"
]

04:24:59.225 [ForkJoinPool-1-worker-5] INFO  com.intuit.karate - [print] [
  "https://www.nationaalgeoregister.nl/geonetwork/srv/dut/catalog.search#/metadata/cbeaebc3-815a-48af-a978-0e16892865fc",
  "http://standaarden.overheid.nl/owms/terms/Ministerie_van_Landbouw,_Natuur_en_Voedselkwaliteit"
]

04:24:59.229 [ForkJoinPool-1-worker-5] INFO  com.intuit.karate - [print]
04:24:59.229 [ForkJoinPool-1-worker-5] INFO  com.intuit.karate - [print] testing xlinkurl:https://www.nationaalgeoregister.nl/geonetwork/srv/dut/catalog.search#/metadata/cbeaebc3-815a-48af-a978-0e16892865fc
04:24:59.294 [ForkJoinPool-1-worker-3] INFO  com.intuit.karate - [print]
04:24:59.294 [ForkJoinPool-1-worker-3] INFO  com.intuit.karate - [print] testing xlinkurl:https://ngr.geocat.live/geonetwork/srv/eng/thesaurus.download?ref=external.theme.httpinspireeceuropaeumetadatacodelistPrioritydataset-Prioritydataset
04:24:59.407 [ForkJoinPool-1-worker-13] ERROR com.intuit.karate - status code was: 404, expected: 200, response time: 200, url: http://rdfdata.eionet.europa.eu/inspirethemes/themes/28, response: 
04:24:59.407 [ForkJoinPool-1-worker-13] ERROR com.intuit.karate - feature call (loop) failed at index: 2
caller: classpath:InspireTest/ngr/datasetrecords/def/checkxlinkurl.template.feature
arg: {"link":"http://rdfdata.eionet.europa.eu/inspirethemes/themes/28"}
checkxlinkurl.template.feature:15 - status code was: 404, expected: 200, response time: 200, url: http://rdfdata.eionet.europa.eu/inspirethemes/themes/28, response: 
04:24:59.408 [ForkJoinPool-1-worker-13] INFO  com.intuit.karate - [print]
04:24:59.408 [ForkJoinPool-1-worker-13] INFO  com.intuit.karate - [print] testing xlinkurl:urn:ogc:def:crs:EPSG::5709
04:24:59.409 [ForkJoinPool-1-worker-13] ERROR com.intuit.karate - org.apache.http.client.ClientProtocolException: URI does not specify a valid host name: urn:ogc:def:crs:EPSG::5709, http call failed after 0 milliseconds for URL: urn:ogc:def:crs:EPSG::5709
04:24:59.409 [ForkJoinPool-1-worker-13] ERROR com.intuit.karate - http request failed: 
org.apache.http.client.ClientProtocolException: URI does not specify a valid host name: urn:ogc:def:crs:EPSG::5709
04:24:59.409 [ForkJoinPool-1-worker-13] ERROR com.intuit.karate - feature call (loop) failed at index: 3
caller: classpath:InspireTest/ngr/datasetrecords/def/checkxlinkurl.template.feature
arg: {"link":"urn:ogc:def:crs:EPSG::5709"}
checkxlinkurl.template.feature:14 - 
org.apache.http.client.ClientProtocolException: URI does not specify a valid host name: urn:ogc:def:crs:EPSG::5709
04:24:59.494 [ForkJoinPool-1-worker-9] INFO  com.intuit.karate - [print]
04:24:59.495 [ForkJoinPool-1-worker-9] INFO  com.intuit.karate - [print] testing xlinkurl:https://www.nationaalgeoregister.nl/geonetwork/srv/api/recordsf44dac86-2228-412f-8355-e56446ca9933
04:24:59.540 [ForkJoinPool-1-worker-5] INFO  com.intuit.karate - [print]
04:24:59.540 [ForkJoinPool-1-worker-5] INFO  com.intuit.karate - [print] testing xlinkurl:http://standaarden.overheid.nl/owms/terms/Ministerie_van_Landbouw,_Natuur_en_Voedselkwaliteit
04:24:59.554 [ForkJoinPool-1-worker-7] ERROR com.intuit.karate - javax.net.ssl.SSLException: Connection reset, http call failed after 358 milliseconds for URL: https://data.rivm.nl/inspire/id#b867ba72-5a7c-41fe-b997-394b56dfbd25
04:24:59.554 [ForkJoinPool-1-worker-7] ERROR com.intuit.karate - http request failed: 
javax.net.ssl.SSLException: Connection reset
04:24:59.554 [ForkJoinPool-1-worker-7] ERROR com.intuit.karate - feature call (loop) failed at index: 0
caller: classpath:InspireTest/ngr/datasetrecords/def/checkxlinkurl.template.feature
arg: {"link":"https://data.rivm.nl/inspire/id#b867ba72-5a7c-41fe-b997-394b56dfbd25"}
checkxlinkurl.template.feature:14 - 
javax.net.ssl.SSLException: Connection reset
04:24:59.604 [ForkJoinPool-1-worker-3] ERROR com.intuit.karate - status code was: 500, expected: 200, response time: 309, url: https://ngr.geocat.live/geonetwork/srv/eng/thesaurus.download?ref=external.theme.httpinspireeceuropaeumetadatacodelistPrioritydataset-Prioritydataset, response: 
04:24:59.604 [ForkJoinPool-1-worker-3] ERROR com.intuit.karate - feature call (loop) failed at index: 3
caller: classpath:InspireTest/ngr/datasetrecords/def/checkxlinkurl.template.feature
arg: {"link":"https://ngr.geocat.live/geonetwork/srv/eng/thesaurus.download?ref=external.theme.httpinspireeceuropaeumetadatacodelistPrioritydataset-Prioritydataset"}
checkxlinkurl.template.feature:15 - status code was: 500, expected: 200, response time: 309, url: https://ngr.geocat.live/geonetwork/srv/eng/thesaurus.download?ref=external.theme.httpinspireeceuropaeumetadatacodelistPrioritydataset-Prioritydataset, response: 
04:24:59.605 [ForkJoinPool-1-worker-3] INFO  com.intuit.karate - [print]
04:24:59.605 [ForkJoinPool-1-worker-3] INFO  com.intuit.karate - [print] testing xlinkurl:urn:ogc:def:crs:EPSG::5709
04:24:59.606 [ForkJoinPool-1-worker-3] ERROR com.intuit.karate - org.apache.http.client.ClientProtocolException: URI does not specify a valid host name: urn:ogc:def:crs:EPSG::5709, http call failed after 0 milliseconds for URL: urn:ogc:def:crs:EPSG::5709
04:24:59.607 [ForkJoinPool-1-worker-3] ERROR com.intuit.karate - http request failed: 
org.apache.http.client.ClientProtocolException: URI does not specify a valid host name: urn:ogc:def:crs:EPSG::5709
04:24:59.607 [ForkJoinPool-1-worker-3] ERROR com.intuit.karate - feature call (loop) failed at index: 4
caller: classpath:InspireTest/ngr/datasetrecords/def/checkxlinkurl.template.feature
arg: {"link":"urn:ogc:def:crs:EPSG::5709"}
checkxlinkurl.template.feature:14 - 
org.apache.http.client.ClientProtocolException: URI does not specify a valid host name: urn:ogc:def:crs:EPSG::5709
04:24:59.619 [ForkJoinPool-1-worker-11] INFO  com.intuit.karate - [print] title:Vervoersnetwerken - Gemeenschappelijke elementen (INSPIRE geharmoniseerd)
04:24:59.619 [ForkJoinPool-1-worker-11] INFO  com.intuit.karate - [print] Vervoersnetwerken - Gemeenschappelijke elementen (INSPIRE geharmoniseerd)
04:24:59.620 [ForkJoinPool-1-worker-11] INFO  com.intuit.karate - [print] [
  "PPB-GVA@kadaster.nl",
  "kcc@kadaster.nl"
]

04:24:59.621 [ForkJoinPool-1-worker-11] INFO  com.intuit.karate - [print] organisation: [
  "Kadaster",
  "Kadaster"
]

04:24:59.625 [ForkJoinPool-1-worker-11] INFO  com.intuit.karate - [print] [
  "http://www.opengis.net/def/crs/EPSG/0/http://www.opengis.net/def/crs/EPSG/0/4258",
  "http://kadaster/7cdfa80a-cfbf-4324-978d-f1f141756b66"
]

04:24:59.628 [ForkJoinPool-1-worker-11] INFO  com.intuit.karate - [print]
04:24:59.629 [ForkJoinPool-1-worker-11] INFO  com.intuit.karate - [print] testing xlinkurl:http://www.opengis.net/def/crs/EPSG/0/http://www.opengis.net/def/crs/EPSG/0/4258
04:24:59.925 [ForkJoinPool-1-worker-11] INFO  com.intuit.karate - [print]
04:24:59.925 [ForkJoinPool-1-worker-11] INFO  com.intuit.karate - [print] testing xlinkurl:http://kadaster/7cdfa80a-cfbf-4324-978d-f1f141756b66
04:24:59.942 [ForkJoinPool-1-worker-9] ERROR com.intuit.karate - status code was: 500, expected: 200, response time: 446, url: https://www.nationaalgeoregister.nl/geonetwork/srv/api/recordsf44dac86-2228-412f-8355-e56446ca9933, response: 
04:24:59.942 [ForkJoinPool-1-worker-9] ERROR com.intuit.karate - feature call (loop) failed at index: 1
caller: classpath:InspireTest/ngr/datasetrecords/def/checkxlinkurl.template.feature
arg: {"link":"https://www.nationaalgeoregister.nl/geonetwork/srv/api/recordsf44dac86-2228-412f-8355-e56446ca9933"}
checkxlinkurl.template.feature:15 - status code was: 500, expected: 200, response time: 446, url: https://www.nationaalgeoregister.nl/geonetwork/srv/api/recordsf44dac86-2228-412f-8355-e56446ca9933, response: 
04:24:59.943 [ForkJoinPool-1-worker-9] INFO  com.intuit.karate - [print]
04:24:59.943 [ForkJoinPool-1-worker-9] INFO  com.intuit.karate - [print] testing xlinkurl:www.hydro.nl
04:24:59.944 [ForkJoinPool-1-worker-9] ERROR com.intuit.karate - org.apache.http.client.ClientProtocolException, http call failed after 0 milliseconds for URL: www.hydro.nl
04:24:59.944 [ForkJoinPool-1-worker-9] ERROR com.intuit.karate - http request failed: 
org.apache.http.client.ClientProtocolException
04:24:59.945 [ForkJoinPool-1-worker-9] ERROR com.intuit.karate - feature call (loop) failed at index: 2
caller: classpath:InspireTest/ngr/datasetrecords/def/checkxlinkurl.template.feature
arg: {"link":"www.hydro.nl"}
checkxlinkurl.template.feature:14 - 
org.apache.http.client.ClientProtocolException
04:24:59.952 [ForkJoinPool-1-worker-13] INFO  com.intuit.karate - [print] title:Bodemkundig boormonsterprofiel onder INSPIRE
04:24:59.952 [ForkJoinPool-1-worker-13] INFO  com.intuit.karate - [print] Bodemkundig boormonsterprofiel onder INSPIRE
04:24:59.953 [ForkJoinPool-1-worker-13] INFO  com.intuit.karate - [print] [
  "info@dinoloket.nl",
  "geodesk.cgi@wur.nl",
  "info@dinoloket.nl"
]

04:24:59.954 [ForkJoinPool-1-worker-13] INFO  com.intuit.karate - [print] organisation: [
  "TNO Geologische Dienst Nederland",
  "Alterra, Wageningen UR",
  "TNO Geologische Dienst Nederland"
]

04:24:59.956 [ForkJoinPool-1-worker-11] ERROR com.intuit.karate - java.net.UnknownHostException: kadaster: Temporary failure in name resolution, http call failed after 30 milliseconds for URL: http://kadaster/7cdfa80a-cfbf-4324-978d-f1f141756b66
04:24:59.957 [ForkJoinPool-1-worker-11] ERROR com.intuit.karate - http request failed: 
java.net.UnknownHostException: kadaster: Temporary failure in name resolution
04:24:59.957 [ForkJoinPool-1-worker-11] ERROR com.intuit.karate - feature call (loop) failed at index: 1
caller: classpath:InspireTest/ngr/datasetrecords/def/checkxlinkurl.template.feature
arg: {"link":"http://kadaster/7cdfa80a-cfbf-4324-978d-f1f141756b66"}
checkxlinkurl.template.feature:14 - 
java.net.UnknownHostException: kadaster: Temporary failure in name resolution
04:24:59.962 [ForkJoinPool-1-worker-13] INFO  com.intuit.karate - [print] [
  "https://nationaalgeoregister.nl/geonetwork/srv/resourcese26eb6c9-c441-43e8-8db6-aabbf11578fd",
  "http://rdfdata.eionet.europa.eu/inspirethemes/themes/16",
  "http://geonetwork-opensource.org/inspire-theme#",
  "https://www.nationaalgeoregister.nl/geonetwork/srv/eng/thesaurus.download?ref=external.theme.inspire-theme"
]

04:24:59.965 [ForkJoinPool-1-worker-13] INFO  com.intuit.karate - [print]
04:24:59.966 [ForkJoinPool-1-worker-13] INFO  com.intuit.karate - [print] testing xlinkurl:https://nationaalgeoregister.nl/geonetwork/srv/resourcese26eb6c9-c441-43e8-8db6-aabbf11578fd
04:25:00.065 [ForkJoinPool-1-worker-7] INFO  com.intuit.karate - [print] title:Statistical Units Grid
04:25:00.065 [ForkJoinPool-1-worker-7] INFO  com.intuit.karate - [print] Statistical Units Grid
04:25:00.066 [ForkJoinPool-1-worker-7] INFO  com.intuit.karate - [print] [
  "infoservice@cbs.nl",
  "infoservice@cbs.nl",
  "infoservice@cbs.nl",
  "",
  ""
]

04:25:00.067 [ForkJoinPool-1-worker-7] INFO  com.intuit.karate - [print] organisation: [
  "Statistics Netherlands",
  "Statistics Netherlands",
  "Statistics Netherlandds",
  "Statistics Netherlands"
]

04:25:00.071 [ForkJoinPool-1-worker-7] INFO  com.intuit.karate - [print] [
  "https://geodata.nationaalgeoregister.nl/inspire/su-grid/wfs",
  ""
]

04:25:00.074 [ForkJoinPool-1-worker-7] INFO  com.intuit.karate - [print]
04:25:00.074 [ForkJoinPool-1-worker-7] INFO  com.intuit.karate - [print] testing xlinkurl:https://geodata.nationaalgeoregister.nl/inspire/su-grid/wfs
04:25:00.139 [ForkJoinPool-1-worker-3] INFO  com.intuit.karate - [print] title:Vogelrichtlijn verspreiding van soorten
04:25:00.139 [ForkJoinPool-1-worker-3] INFO  com.intuit.karate - [print] Vogelrichtlijn verspreiding van soorten
04:25:00.140 [ForkJoinPool-1-worker-3] INFO  com.intuit.karate - [print] [
  "geodatabeheer.giscc@rvo.nl",
  "GeoDesk.CGI@wur.nl",
  "geodatabeheer.giscc@rvo.nl",
  "beheerPDOK@kadaster.nl",
  ""
]

04:25:00.141 [ForkJoinPool-1-worker-3] INFO  com.intuit.karate - [print] organisation: [
  "Ministerie van Economische Zaken - GIS Competence Center",
  "Wageningen Environmental Research (Alterra)",
  "PDOK",
  "Sovon Vogelonderzoek Nederland"
]

04:25:00.145 [ForkJoinPool-1-worker-3] INFO  com.intuit.karate - [print] [
  "https://www.nationaalgeoregister.nl/geonetwork/srv/dut/catalog.search#/metadata/fcefa13c-44e2-4953-b6d6-1ddceebc57fc",
  "http://standaarden.overheid.nl/owms/terms/Ministerie_van_Landbouw,_Natuur_en_Voedselkwaliteit"
]

04:25:00.149 [ForkJoinPool-1-worker-3] INFO  com.intuit.karate - [print]
04:25:00.150 [ForkJoinPool-1-worker-3] INFO  com.intuit.karate - [print] testing xlinkurl:https://www.nationaalgeoregister.nl/geonetwork/srv/dut/catalog.search#/metadata/fcefa13c-44e2-4953-b6d6-1ddceebc57fc
04:25:00.251 [ForkJoinPool-1-worker-13] ERROR com.intuit.karate - status code was: 404, expected: 200, response time: 284, url: https://nationaalgeoregister.nl/geonetwork/srv/resourcese26eb6c9-c441-43e8-8db6-aabbf11578fd, response: 
04:25:00.251 [ForkJoinPool-1-worker-13] ERROR com.intuit.karate - feature call (loop) failed at index: 0
caller: classpath:InspireTest/ngr/datasetrecords/def/checkxlinkurl.template.feature
arg: {"link":"https://nationaalgeoregister.nl/geonetwork/srv/resourcese26eb6c9-c441-43e8-8db6-aabbf11578fd"}
checkxlinkurl.template.feature:15 - status code was: 404, expected: 200, response time: 284, url: https://nationaalgeoregister.nl/geonetwork/srv/resourcese26eb6c9-c441-43e8-8db6-aabbf11578fd, response: 
04:25:00.252 [ForkJoinPool-1-worker-13] INFO  com.intuit.karate - [print]
04:25:00.252 [ForkJoinPool-1-worker-13] INFO  com.intuit.karate - [print] testing xlinkurl:http://rdfdata.eionet.europa.eu/inspirethemes/themes/16
04:25:00.452 [ForkJoinPool-1-worker-13] ERROR com.intuit.karate - status code was: 404, expected: 200, response time: 200, url: http://rdfdata.eionet.europa.eu/inspirethemes/themes/16, response: 
04:25:00.453 [ForkJoinPool-1-worker-13] ERROR com.intuit.karate - feature call (loop) failed at index: 1
caller: classpath:InspireTest/ngr/datasetrecords/def/checkxlinkurl.template.feature
arg: {"link":"http://rdfdata.eionet.europa.eu/inspirethemes/themes/16"}
checkxlinkurl.template.feature:15 - status code was: 404, expected: 200, response time: 200, url: http://rdfdata.eionet.europa.eu/inspirethemes/themes/16, response: 
04:25:00.454 [ForkJoinPool-1-worker-13] INFO  com.intuit.karate - [print]
04:25:00.454 [ForkJoinPool-1-worker-13] INFO  com.intuit.karate - [print] testing xlinkurl:http://geonetwork-opensource.org/inspire-theme#
04:25:00.463 [ForkJoinPool-1-worker-9] INFO  com.intuit.karate - [print] title:TOP10NL
04:25:00.464 [ForkJoinPool-1-worker-9] INFO  com.intuit.karate - [print] TOP10NL
04:25:00.464 [ForkJoinPool-1-worker-9] INFO  com.intuit.karate - [print] [
  "PPB-GVA@kadaster.nl",
  "kcc@kadaster.nl",
  "kcc@kadaster.nl",
  "",
  "",
  "",
  "",
  "",
  ""
]

04:25:00.465 [ForkJoinPool-1-worker-9] INFO  com.intuit.karate - [print] organisation: [
  "Kadaster",
  "Kadaster",
  "Kadaster",
  "Kadaster",
  "Kadaster",
  "Kadaster",
  "Kadaster",
  "Kadaster",
  "Kadaster"
]

04:25:00.469 [ForkJoinPool-1-worker-9] INFO  com.intuit.karate - [print] [
  "http://kadaster/2482250f-3b00-4439-9f93-f3118229b201",
  "",
  "",
  "",
  "",
  ""
]

04:25:00.472 [ForkJoinPool-1-worker-3] INFO  com.intuit.karate - [print]
04:25:00.472 [ForkJoinPool-1-worker-3] INFO  com.intuit.karate - [print] testing xlinkurl:http://standaarden.overheid.nl/owms/terms/Ministerie_van_Landbouw,_Natuur_en_Voedselkwaliteit
04:25:00.472 [ForkJoinPool-1-worker-9] INFO  com.intuit.karate - [print]
04:25:00.473 [ForkJoinPool-1-worker-9] INFO  com.intuit.karate - [print] testing xlinkurl:http://kadaster/2482250f-3b00-4439-9f93-f3118229b201
04:25:00.473 [ForkJoinPool-1-worker-9] ERROR com.intuit.karate - java.net.UnknownHostException: kadaster, http call failed after 0 milliseconds for URL: http://kadaster/2482250f-3b00-4439-9f93-f3118229b201
04:25:00.473 [ForkJoinPool-1-worker-9] ERROR com.intuit.karate - http request failed: 
java.net.UnknownHostException: kadaster
04:25:00.473 [ForkJoinPool-1-worker-9] ERROR com.intuit.karate - feature call (loop) failed at index: 0
caller: classpath:InspireTest/ngr/datasetrecords/def/checkxlinkurl.template.feature
arg: {"link":"http://kadaster/2482250f-3b00-4439-9f93-f3118229b201"}
checkxlinkurl.template.feature:14 - 
java.net.UnknownHostException: kadaster
04:25:00.474 [ForkJoinPool-1-worker-9] INFO  com.intuit.karate - [print]
04:25:00.474 [ForkJoinPool-1-worker-9] INFO  com.intuit.karate - [print] testing xlinkurl:
04:25:00.474 [ForkJoinPool-1-worker-9] ERROR com.intuit.karate - org.apache.http.client.ClientProtocolException, http call failed after 0 milliseconds for URL: 
04:25:00.474 [ForkJoinPool-1-worker-9] ERROR com.intuit.karate - http request failed: 
org.apache.http.client.ClientProtocolException
04:25:00.474 [ForkJoinPool-1-worker-9] ERROR com.intuit.karate - feature call (loop) failed at index: 1
caller: classpath:InspireTest/ngr/datasetrecords/def/checkxlinkurl.template.feature
arg: {"link":""}
checkxlinkurl.template.feature:14 - 
org.apache.http.client.ClientProtocolException
04:25:00.475 [ForkJoinPool-1-worker-9] INFO  com.intuit.karate - [print]
04:25:00.475 [ForkJoinPool-1-worker-9] INFO  com.intuit.karate - [print] testing xlinkurl:
04:25:00.475 [ForkJoinPool-1-worker-9] ERROR com.intuit.karate - org.apache.http.client.ClientProtocolException, http call failed after 0 milliseconds for URL: 
04:25:00.475 [ForkJoinPool-1-worker-9] ERROR com.intuit.karate - http request failed: 
org.apache.http.client.ClientProtocolException
04:25:00.475 [ForkJoinPool-1-worker-9] ERROR com.intuit.karate - feature call (loop) failed at index: 2
caller: classpath:InspireTest/ngr/datasetrecords/def/checkxlinkurl.template.feature
arg: {"link":""}
checkxlinkurl.template.feature:14 - 
org.apache.http.client.ClientProtocolException
04:25:00.475 [ForkJoinPool-1-worker-9] INFO  com.intuit.karate - [print]
04:25:00.476 [ForkJoinPool-1-worker-9] INFO  com.intuit.karate - [print] testing xlinkurl:
04:25:00.476 [ForkJoinPool-1-worker-9] ERROR com.intuit.karate - org.apache.http.client.ClientProtocolException, http call failed after 0 milliseconds for URL: 
04:25:00.476 [ForkJoinPool-1-worker-9] ERROR com.intuit.karate - http request failed: 
org.apache.http.client.ClientProtocolException
04:25:00.476 [ForkJoinPool-1-worker-9] ERROR com.intuit.karate - feature call (loop) failed at index: 3
caller: classpath:InspireTest/ngr/datasetrecords/def/checkxlinkurl.template.feature
arg: {"link":""}
checkxlinkurl.template.feature:14 - 
org.apache.http.client.ClientProtocolException
04:25:00.476 [ForkJoinPool-1-worker-9] INFO  com.intuit.karate - [print]
04:25:00.477 [ForkJoinPool-1-worker-9] INFO  com.intuit.karate - [print] testing xlinkurl:
04:25:00.477 [ForkJoinPool-1-worker-9] ERROR com.intuit.karate - org.apache.http.client.ClientProtocolException, http call failed after 0 milliseconds for URL: 
04:25:00.477 [ForkJoinPool-1-worker-9] ERROR com.intuit.karate - http request failed: 
org.apache.http.client.ClientProtocolException
04:25:00.477 [ForkJoinPool-1-worker-9] ERROR com.intuit.karate - feature call (loop) failed at index: 4
caller: classpath:InspireTest/ngr/datasetrecords/def/checkxlinkurl.template.feature
arg: {"link":""}
checkxlinkurl.template.feature:14 - 
org.apache.http.client.ClientProtocolException
04:25:00.477 [ForkJoinPool-1-worker-9] INFO  com.intuit.karate - [print]
04:25:00.478 [ForkJoinPool-1-worker-9] INFO  com.intuit.karate - [print] testing xlinkurl:
04:25:00.478 [ForkJoinPool-1-worker-9] ERROR com.intuit.karate - org.apache.http.client.ClientProtocolException, http call failed after 0 milliseconds for URL: 
04:25:00.478 [ForkJoinPool-1-worker-9] ERROR com.intuit.karate - http request failed: 
org.apache.http.client.ClientProtocolException
04:25:00.478 [ForkJoinPool-1-worker-9] ERROR com.intuit.karate - feature call (loop) failed at index: 5
caller: classpath:InspireTest/ngr/datasetrecords/def/checkxlinkurl.template.feature
arg: {"link":""}
checkxlinkurl.template.feature:14 - 
org.apache.http.client.ClientProtocolException
04:25:00.493 [ForkJoinPool-1-worker-7] ERROR com.intuit.karate - status code was: 400, expected: 200, response time: 419, url: https://geodata.nationaalgeoregister.nl/inspire/su-grid/wfs, response: 
04:25:00.493 [ForkJoinPool-1-worker-7] ERROR com.intuit.karate - feature call (loop) failed at index: 0
caller: classpath:InspireTest/ngr/datasetrecords/def/checkxlinkurl.template.feature
arg: {"link":"https://geodata.nationaalgeoregister.nl/inspire/su-grid/wfs"}
checkxlinkurl.template.feature:15 - status code was: 400, expected: 200, response time: 419, url: https://geodata.nationaalgeoregister.nl/inspire/su-grid/wfs, response: 
04:25:00.494 [ForkJoinPool-1-worker-7] INFO  com.intuit.karate - [print]
04:25:00.494 [ForkJoinPool-1-worker-7] INFO  com.intuit.karate - [print] testing xlinkurl:
04:25:00.494 [ForkJoinPool-1-worker-7] ERROR com.intuit.karate - org.apache.http.client.ClientProtocolException, http call failed after 0 milliseconds for URL: 
04:25:00.494 [ForkJoinPool-1-worker-7] ERROR com.intuit.karate - http request failed: 
org.apache.http.client.ClientProtocolException
04:25:00.494 [ForkJoinPool-1-worker-7] ERROR com.intuit.karate - feature call (loop) failed at index: 1
caller: classpath:InspireTest/ngr/datasetrecords/def/checkxlinkurl.template.feature
arg: {"link":""}
checkxlinkurl.template.feature:14 - 
org.apache.http.client.ClientProtocolException
04:25:00.547 [ForkJoinPool-1-worker-11] INFO  com.intuit.karate - [print] title:Gemeten fijnere fractie van Fijn stof concentraties in buitenlucht.
04:25:00.547 [ForkJoinPool-1-worker-11] INFO  com.intuit.karate - [print] Gemeten fijnere fractie van Fijn stof concentraties in buitenlucht.
04:25:00.548 [ForkJoinPool-1-worker-11] INFO  com.intuit.karate - [print] [
  "geodata@rivm.nl",
  "geodata@rivm.nl"
]

04:25:00.549 [ForkJoinPool-1-worker-11] INFO  com.intuit.karate - [print] organisation: no organisationName found in dataset record
04:25:00.552 [ForkJoinPool-1-worker-11] INFO  com.intuit.karate - [print] [
  "https://data.rivm.nl/inspire/id#df9bc66f-941b-4c38-a104-1b8d940a53db"
]

04:25:00.555 [ForkJoinPool-1-worker-11] INFO  com.intuit.karate - [print]
04:25:00.556 [ForkJoinPool-1-worker-11] INFO  com.intuit.karate - [print] testing xlinkurl:https://data.rivm.nl/inspire/id#df9bc66f-941b-4c38-a104-1b8d940a53db
04:25:00.602 [ForkJoinPool-1-worker-5] INFO  com.intuit.karate - [print] title:Geologisch booronderzoek onder INSPIRE
04:25:00.602 [ForkJoinPool-1-worker-5] INFO  com.intuit.karate - [print] Geologisch booronderzoek onder INSPIRE
04:25:00.603 [ForkJoinPool-1-worker-5] INFO  com.intuit.karate - [print] [
  "info@dinoloket.nl",
  "info@dinoloket.nl",
  "info@dinoloket.nl"
]

04:25:00.604 [ForkJoinPool-1-worker-5] INFO  com.intuit.karate - [print] organisation: [
  "TNO Geologische Dienst Nederland",
  "TNO Geologische Dienst Nederland",
  "TNO Geologische Dienst Nederland"
]

04:25:00.609 [ForkJoinPool-1-worker-5] INFO  com.intuit.karate - [print] [
  "https://nationaalgeoregister.nl/geonetwork/srv/resources7d4d5090-8b18-4c30-a07a-9d738039112f",
  "http://rdfdata.eionet.europa.eu/inspirethemes/themes/13",
  "http://geonetwork-opensource.org/inspire-theme#",
  "https://www.nationaalgeoregister.nl/geonetwork/srv/eng/thesaurus.download?ref=external.theme.inspire-theme"
]

04:25:00.616 [ForkJoinPool-1-worker-5] INFO  com.intuit.karate - [print]
04:25:00.617 [ForkJoinPool-1-worker-5] INFO  com.intuit.karate - [print] testing xlinkurl:https://nationaalgeoregister.nl/geonetwork/srv/resources7d4d5090-8b18-4c30-a07a-9d738039112f
04:25:00.911 [ForkJoinPool-1-worker-5] ERROR com.intuit.karate - status code was: 404, expected: 200, response time: 293, url: https://nationaalgeoregister.nl/geonetwork/srv/resources7d4d5090-8b18-4c30-a07a-9d738039112f, response: 
04:25:00.913 [ForkJoinPool-1-worker-5] ERROR com.intuit.karate - feature call (loop) failed at index: 0
caller: classpath:InspireTest/ngr/datasetrecords/def/checkxlinkurl.template.feature
arg: {"link":"https://nationaalgeoregister.nl/geonetwork/srv/resources7d4d5090-8b18-4c30-a07a-9d738039112f"}
checkxlinkurl.template.feature:15 - status code was: 404, expected: 200, response time: 293, url: https://nationaalgeoregister.nl/geonetwork/srv/resources7d4d5090-8b18-4c30-a07a-9d738039112f, response: 
04:25:00.916 [ForkJoinPool-1-worker-11] ERROR com.intuit.karate - javax.net.ssl.SSLException: Connection reset, http call failed after 360 milliseconds for URL: https://data.rivm.nl/inspire/id#df9bc66f-941b-4c38-a104-1b8d940a53db
04:25:00.916 [ForkJoinPool-1-worker-11] ERROR com.intuit.karate - http request failed: 
javax.net.ssl.SSLException: Connection reset
04:25:00.916 [ForkJoinPool-1-worker-11] ERROR com.intuit.karate - feature call (loop) failed at index: 0
caller: classpath:InspireTest/ngr/datasetrecords/def/checkxlinkurl.template.feature
arg: {"link":"https://data.rivm.nl/inspire/id#df9bc66f-941b-4c38-a104-1b8d940a53db"}
checkxlinkurl.template.feature:14 - 
javax.net.ssl.SSLException: Connection reset
04:25:00.919 [ForkJoinPool-1-worker-5] INFO  com.intuit.karate - [print]
04:25:00.919 [ForkJoinPool-1-worker-5] INFO  com.intuit.karate - [print] testing xlinkurl:http://rdfdata.eionet.europa.eu/inspirethemes/themes/13
04:25:01.047 [ForkJoinPool-1-worker-13] ERROR com.intuit.karate - status code was: 404, expected: 200, response time: 399, url: http://geonetwork-opensource.org/inspire-theme#, response: 
04:25:01.048 [ForkJoinPool-1-worker-13] ERROR com.intuit.karate - feature call (loop) failed at index: 2
caller: classpath:InspireTest/ngr/datasetrecords/def/checkxlinkurl.template.feature
arg: {"link":"http://geonetwork-opensource.org/inspire-theme#"}
checkxlinkurl.template.feature:15 - status code was: 404, expected: 200, response time: 399, url: http://geonetwork-opensource.org/inspire-theme#, response: 
04:25:01.049 [ForkJoinPool-1-worker-13] INFO  com.intuit.karate - [print]
04:25:01.050 [ForkJoinPool-1-worker-13] INFO  com.intuit.karate - [print] testing xlinkurl:https://www.nationaalgeoregister.nl/geonetwork/srv/eng/thesaurus.download?ref=external.theme.inspire-theme
04:25:01.060 [ForkJoinPool-1-worker-9] INFO  com.intuit.karate - [print] title:Vergunningen Mijnbouwwet onder INSPIRE
04:25:01.060 [ForkJoinPool-1-worker-9] INFO  com.intuit.karate - [print] Vergunningen Mijnbouwwet onder INSPIRE
04:25:01.060 [ForkJoinPool-1-worker-9] INFO  com.intuit.karate - [print] [
  "info@dinoloket.nl",
  "info@dinoloket.nl",
  "info@dinoloket.nl"
]

04:25:01.061 [ForkJoinPool-1-worker-9] INFO  com.intuit.karate - [print] organisation: [
  "TNO Geologische Dienst Nederland",
  "TNO Geologische Dienst Nederland",
  "TNO Geologische Dienst Nederland"
]

04:25:01.064 [ForkJoinPool-1-worker-9] INFO  com.intuit.karate - [print] [
  "https://nationaalgeoregister.nl/geonetwork/srv/resources8bdf76b6-c9c9-4011-a7bc-022ae14a4024",
  "http://rdfdata.eionet.europa.eu/inspirethemes/themes/24",
  "http://geonetwork-opensource.org/inspire-theme#",
  "https://www.nationaalgeoregister.nl/geonetwork/srv/eng/thesaurus.download?ref=external.theme.inspire-theme"
]

04:25:01.067 [ForkJoinPool-1-worker-9] INFO  com.intuit.karate - [print]
04:25:01.067 [ForkJoinPool-1-worker-9] INFO  com.intuit.karate - [print] testing xlinkurl:https://nationaalgeoregister.nl/geonetwork/srv/resources8bdf76b6-c9c9-4011-a7bc-022ae14a4024
04:25:01.120 [ForkJoinPool-1-worker-5] ERROR com.intuit.karate - status code was: 404, expected: 200, response time: 200, url: http://rdfdata.eionet.europa.eu/inspirethemes/themes/13, response: 
04:25:01.120 [ForkJoinPool-1-worker-5] ERROR com.intuit.karate - feature call (loop) failed at index: 1
caller: classpath:InspireTest/ngr/datasetrecords/def/checkxlinkurl.template.feature
arg: {"link":"http://rdfdata.eionet.europa.eu/inspirethemes/themes/13"}
checkxlinkurl.template.feature:15 - status code was: 404, expected: 200, response time: 200, url: http://rdfdata.eionet.europa.eu/inspirethemes/themes/13, response: 
04:25:01.121 [ForkJoinPool-1-worker-5] INFO  com.intuit.karate - [print]
04:25:01.121 [ForkJoinPool-1-worker-5] INFO  com.intuit.karate - [print] testing xlinkurl:http://geonetwork-opensource.org/inspire-theme#
04:25:01.192 [ForkJoinPool-1-worker-7] INFO  com.intuit.karate - [print] title:Bathymetrie Nederlands deel van de Noordzee dieper dan 10 m LAT
04:25:01.192 [ForkJoinPool-1-worker-7] INFO  com.intuit.karate - [print] Bathymetrie Nederlands deel van de Noordzee dieper dan 10 m LAT
04:25:01.193 [ForkJoinPool-1-worker-7] INFO  com.intuit.karate - [print] [
  "data@hydro.nl",
  "data@hydro.nl",
  "data@hydro.nl",
  "",
  ""
]

04:25:01.194 [ForkJoinPool-1-worker-7] INFO  com.intuit.karate - [print] organisation: [
  "Ministerie van Defensie, Koninklijke Marine, Dienst der Hydrografie",
  "Ministerie van Defensie, Koninklijke Marine, Dienst der Hydrografie"
]

04:25:01.202 [ForkJoinPool-1-worker-7] INFO  com.intuit.karate - [print] [
  "https://ngr.acceptatie.nationaalgeoregister.nl/geonetwork/srv/resources9d973c4a-ef03-4785-b7f6-942e86b385f7",
  "www.hydro.nl",
  "https://www.nationaalgeoregister.nl/geonetwork/srv/eng/thesaurus.download?ref=external.theme.inspire-theme"
]

04:25:01.207 [ForkJoinPool-1-worker-7] INFO  com.intuit.karate - [print]
04:25:01.208 [ForkJoinPool-1-worker-7] INFO  com.intuit.karate - [print] testing xlinkurl:https://ngr.acceptatie.nationaalgeoregister.nl/geonetwork/srv/resources9d973c4a-ef03-4785-b7f6-942e86b385f7
04:25:01.360 [ForkJoinPool-1-worker-9] ERROR com.intuit.karate - status code was: 404, expected: 200, response time: 292, url: https://nationaalgeoregister.nl/geonetwork/srv/resources8bdf76b6-c9c9-4011-a7bc-022ae14a4024, response: 
04:25:01.360 [ForkJoinPool-1-worker-9] ERROR com.intuit.karate - feature call (loop) failed at index: 0
caller: classpath:InspireTest/ngr/datasetrecords/def/checkxlinkurl.template.feature
arg: {"link":"https://nationaalgeoregister.nl/geonetwork/srv/resources8bdf76b6-c9c9-4011-a7bc-022ae14a4024"}
checkxlinkurl.template.feature:15 - status code was: 404, expected: 200, response time: 292, url: https://nationaalgeoregister.nl/geonetwork/srv/resources8bdf76b6-c9c9-4011-a7bc-022ae14a4024, response: 
04:25:01.361 [ForkJoinPool-1-worker-9] INFO  com.intuit.karate - [print]
04:25:01.362 [ForkJoinPool-1-worker-9] INFO  com.intuit.karate - [print] testing xlinkurl:http://rdfdata.eionet.europa.eu/inspirethemes/themes/24
04:25:01.500 [ForkJoinPool-1-worker-7] ERROR com.intuit.karate - status code was: 404, expected: 200, response time: 290, url: https://ngr.acceptatie.nationaalgeoregister.nl/geonetwork/srv/resources9d973c4a-ef03-4785-b7f6-942e86b385f7, response: 
04:25:01.500 [ForkJoinPool-1-worker-7] ERROR com.intuit.karate - feature call (loop) failed at index: 0
caller: classpath:InspireTest/ngr/datasetrecords/def/checkxlinkurl.template.feature
arg: {"link":"https://ngr.acceptatie.nationaalgeoregister.nl/geonetwork/srv/resources9d973c4a-ef03-4785-b7f6-942e86b385f7"}
checkxlinkurl.template.feature:15 - status code was: 404, expected: 200, response time: 290, url: https://ngr.acceptatie.nationaalgeoregister.nl/geonetwork/srv/resources9d973c4a-ef03-4785-b7f6-942e86b385f7, response: 
04:25:01.504 [ForkJoinPool-1-worker-7] INFO  com.intuit.karate - [print]
04:25:01.504 [ForkJoinPool-1-worker-7] INFO  com.intuit.karate - [print] testing xlinkurl:www.hydro.nl
04:25:01.505 [ForkJoinPool-1-worker-7] ERROR com.intuit.karate - org.apache.http.client.ClientProtocolException, http call failed after 0 milliseconds for URL: www.hydro.nl
04:25:01.505 [ForkJoinPool-1-worker-7] ERROR com.intuit.karate - http request failed: 
org.apache.http.client.ClientProtocolException
04:25:01.505 [ForkJoinPool-1-worker-7] ERROR com.intuit.karate - feature call (loop) failed at index: 1
caller: classpath:InspireTest/ngr/datasetrecords/def/checkxlinkurl.template.feature
arg: {"link":"www.hydro.nl"}
checkxlinkurl.template.feature:14 - 
org.apache.http.client.ClientProtocolException
04:25:01.506 [ForkJoinPool-1-worker-7] INFO  com.intuit.karate - [print]
04:25:01.507 [ForkJoinPool-1-worker-7] INFO  com.intuit.karate - [print] testing xlinkurl:https://www.nationaalgeoregister.nl/geonetwork/srv/eng/thesaurus.download?ref=external.theme.inspire-theme
04:25:01.510 [ForkJoinPool-1-worker-11] INFO  com.intuit.karate - [print] title:Geluidkaart Schiphol 2016 (Lden)
04:25:01.510 [ForkJoinPool-1-worker-11] INFO  com.intuit.karate - [print] Geluidkaart Schiphol 2016 (Lden)
04:25:01.510 [ForkJoinPool-1-worker-11] INFO  com.intuit.karate - [print] [
  "sylvia.koolmees@minienw.nl",
  "sylvia.koolmees@minienw.nl"
]

04:25:01.511 [ForkJoinPool-1-worker-11] INFO  com.intuit.karate - [print] organisation: [
  "Ministerie van IenW",
  "Ministerie van IenW"
]

04:25:01.517 [ForkJoinPool-1-worker-11] INFO  com.intuit.karate - [print] [
  "https://www.nationaalgeoregister.nl/geonetwork/srv/api/records83dab947-387b-49df-8ad2-32bb10d46d38"
]

04:25:01.520 [ForkJoinPool-1-worker-11] INFO  com.intuit.karate - [print]
04:25:01.521 [ForkJoinPool-1-worker-11] INFO  com.intuit.karate - [print] testing xlinkurl:https://www.nationaalgeoregister.nl/geonetwork/srv/api/records83dab947-387b-49df-8ad2-32bb10d46d38
04:25:01.539 [ForkJoinPool-1-worker-3] INFO  com.intuit.karate - [print] title:Luchtfoto 2017 25cm CIR open data
04:25:01.539 [ForkJoinPool-1-worker-3] INFO  com.intuit.karate - [print] Luchtfoto 2017 25cm CIR open data
04:25:01.540 [ForkJoinPool-1-worker-3] INFO  com.intuit.karate - [print] [
  "PPB-GVA@kadaster.nl",
  "info@hetwaterschapshuis.nl",
  "kcc@kadaster.nl",
  "",
  "",
  "",
  "",
  "",
  ""
]

04:25:01.542 [ForkJoinPool-1-worker-3] INFO  com.intuit.karate - [print] organisation: [
  "Kadaster",
  "Het Waterschapshuis",
  "Kadaster",
  "Eurosense",
  "Eurosense",
  "Eurosense",
  "Kadaster",
  "Kadaster"
]

04:25:01.546 [ForkJoinPool-1-worker-3] INFO  com.intuit.karate - [print] [
  "http://kadaster/2482250f-3b00-4439-9f93-f3118229b018",
  "",
  "",
  ""
]

04:25:01.549 [ForkJoinPool-1-worker-3] INFO  com.intuit.karate - [print]
04:25:01.549 [ForkJoinPool-1-worker-3] INFO  com.intuit.karate - [print] testing xlinkurl:http://kadaster/2482250f-3b00-4439-9f93-f3118229b018
04:25:01.550 [ForkJoinPool-1-worker-3] ERROR com.intuit.karate - java.net.UnknownHostException: kadaster, http call failed after 0 milliseconds for URL: http://kadaster/2482250f-3b00-4439-9f93-f3118229b018
04:25:01.550 [ForkJoinPool-1-worker-3] ERROR com.intuit.karate - http request failed: 
java.net.UnknownHostException: kadaster
04:25:01.550 [ForkJoinPool-1-worker-3] ERROR com.intuit.karate - feature call (loop) failed at index: 0
caller: classpath:InspireTest/ngr/datasetrecords/def/checkxlinkurl.template.feature
arg: {"link":"http://kadaster/2482250f-3b00-4439-9f93-f3118229b018"}
checkxlinkurl.template.feature:14 - 
java.net.UnknownHostException: kadaster
04:25:01.551 [ForkJoinPool-1-worker-3] INFO  com.intuit.karate - [print]
04:25:01.552 [ForkJoinPool-1-worker-3] INFO  com.intuit.karate - [print] testing xlinkurl:
04:25:01.552 [ForkJoinPool-1-worker-3] ERROR com.intuit.karate - org.apache.http.client.ClientProtocolException, http call failed after 0 milliseconds for URL: 
04:25:01.552 [ForkJoinPool-1-worker-3] ERROR com.intuit.karate - http request failed: 
org.apache.http.client.ClientProtocolException
04:25:01.553 [ForkJoinPool-1-worker-3] ERROR com.intuit.karate - feature call (loop) failed at index: 1
caller: classpath:InspireTest/ngr/datasetrecords/def/checkxlinkurl.template.feature
arg: {"link":""}
checkxlinkurl.template.feature:14 - 
org.apache.http.client.ClientProtocolException
04:25:01.556 [ForkJoinPool-1-worker-3] INFO  com.intuit.karate - [print]
04:25:01.557 [ForkJoinPool-1-worker-3] INFO  com.intuit.karate - [print] testing xlinkurl:
04:25:01.557 [ForkJoinPool-1-worker-3] ERROR com.intuit.karate - org.apache.http.client.ClientProtocolException, http call failed after 0 milliseconds for URL: 
04:25:01.557 [ForkJoinPool-1-worker-3] ERROR com.intuit.karate - http request failed: 
org.apache.http.client.ClientProtocolException
04:25:01.558 [ForkJoinPool-1-worker-3] ERROR com.intuit.karate - feature call (loop) failed at index: 2
caller: classpath:InspireTest/ngr/datasetrecords/def/checkxlinkurl.template.feature
arg: {"link":""}
checkxlinkurl.template.feature:14 - 
org.apache.http.client.ClientProtocolException
04:25:01.560 [ForkJoinPool-1-worker-3] INFO  com.intuit.karate - [print]
04:25:01.561 [ForkJoinPool-1-worker-3] INFO  com.intuit.karate - [print] testing xlinkurl:
04:25:01.561 [ForkJoinPool-1-worker-3] ERROR com.intuit.karate - org.apache.http.client.ClientProtocolException, http call failed after 0 milliseconds for URL: 
04:25:01.562 [ForkJoinPool-1-worker-9] ERROR com.intuit.karate - status code was: 404, expected: 200, response time: 200, url: http://rdfdata.eionet.europa.eu/inspirethemes/themes/24, response: 
04:25:01.562 [ForkJoinPool-1-worker-9] ERROR com.intuit.karate - feature call (loop) failed at index: 1
caller: classpath:InspireTest/ngr/datasetrecords/def/checkxlinkurl.template.feature
arg: {"link":"http://rdfdata.eionet.europa.eu/inspirethemes/themes/24"}
checkxlinkurl.template.feature:15 - status code was: 404, expected: 200, response time: 200, url: http://rdfdata.eionet.europa.eu/inspirethemes/themes/24, response: 
04:25:01.563 [ForkJoinPool-1-worker-9] INFO  com.intuit.karate - [print]
04:25:01.563 [ForkJoinPool-1-worker-3] ERROR com.intuit.karate - http request failed: 
org.apache.http.client.ClientProtocolException
04:25:01.563 [ForkJoinPool-1-worker-9] INFO  com.intuit.karate - [print] testing xlinkurl:http://geonetwork-opensource.org/inspire-theme#
04:25:01.563 [ForkJoinPool-1-worker-3] ERROR com.intuit.karate - feature call (loop) failed at index: 3
caller: classpath:InspireTest/ngr/datasetrecords/def/checkxlinkurl.template.feature
arg: {"link":""}
checkxlinkurl.template.feature:14 - 
org.apache.http.client.ClientProtocolException
04:25:01.571 [ForkJoinPool-1-worker-13] ERROR com.intuit.karate - status code was: 500, expected: 200, response time: 521, url: https://www.nationaalgeoregister.nl/geonetwork/srv/eng/thesaurus.download?ref=external.theme.inspire-theme, response: 
04:25:01.571 [ForkJoinPool-1-worker-13] ERROR com.intuit.karate - feature call (loop) failed at index: 3
caller: classpath:InspireTest/ngr/datasetrecords/def/checkxlinkurl.template.feature
arg: {"link":"https://www.nationaalgeoregister.nl/geonetwork/srv/eng/thesaurus.download?ref=external.theme.inspire-theme"}
checkxlinkurl.template.feature:15 - status code was: 500, expected: 200, response time: 521, url: https://www.nationaalgeoregister.nl/geonetwork/srv/eng/thesaurus.download?ref=external.theme.inspire-theme, response: 
04:25:01.711 [ForkJoinPool-1-worker-5] ERROR com.intuit.karate - status code was: 404, expected: 200, response time: 395, url: http://geonetwork-opensource.org/inspire-theme#, response: 
04:25:01.711 [ForkJoinPool-1-worker-5] ERROR com.intuit.karate - feature call (loop) failed at index: 2
caller: classpath:InspireTest/ngr/datasetrecords/def/checkxlinkurl.template.feature
arg: {"link":"http://geonetwork-opensource.org/inspire-theme#"}
checkxlinkurl.template.feature:15 - status code was: 404, expected: 200, response time: 395, url: http://geonetwork-opensource.org/inspire-theme#, response: 
04:25:01.712 [ForkJoinPool-1-worker-5] INFO  com.intuit.karate - [print]
04:25:01.712 [ForkJoinPool-1-worker-5] INFO  com.intuit.karate - [print] testing xlinkurl:https://www.nationaalgeoregister.nl/geonetwork/srv/eng/thesaurus.download?ref=external.theme.inspire-theme
04:25:01.829 [ForkJoinPool-1-worker-7] ERROR com.intuit.karate - status code was: 500, expected: 200, response time: 321, url: https://www.nationaalgeoregister.nl/geonetwork/srv/eng/thesaurus.download?ref=external.theme.inspire-theme, response: 
04:25:01.830 [ForkJoinPool-1-worker-7] ERROR com.intuit.karate - feature call (loop) failed at index: 2
caller: classpath:InspireTest/ngr/datasetrecords/def/checkxlinkurl.template.feature
arg: {"link":"https://www.nationaalgeoregister.nl/geonetwork/srv/eng/thesaurus.download?ref=external.theme.inspire-theme"}
checkxlinkurl.template.feature:15 - status code was: 500, expected: 200, response time: 321, url: https://www.nationaalgeoregister.nl/geonetwork/srv/eng/thesaurus.download?ref=external.theme.inspire-theme, response: 
04:25:01.970 [ForkJoinPool-1-worker-11] ERROR com.intuit.karate - status code was: 500, expected: 200, response time: 447, url: https://www.nationaalgeoregister.nl/geonetwork/srv/api/records83dab947-387b-49df-8ad2-32bb10d46d38, response: 
04:25:01.970 [ForkJoinPool-1-worker-11] ERROR com.intuit.karate - feature call (loop) failed at index: 0
caller: classpath:InspireTest/ngr/datasetrecords/def/checkxlinkurl.template.feature
arg: {"link":"https://www.nationaalgeoregister.nl/geonetwork/srv/api/records83dab947-387b-49df-8ad2-32bb10d46d38"}
checkxlinkurl.template.feature:15 - status code was: 500, expected: 200, response time: 447, url: https://www.nationaalgeoregister.nl/geonetwork/srv/api/records83dab947-387b-49df-8ad2-32bb10d46d38, response: 
04:25:02.042 [ForkJoinPool-1-worker-5] ERROR com.intuit.karate - status code was: 500, expected: 200, response time: 330, url: https://www.nationaalgeoregister.nl/geonetwork/srv/eng/thesaurus.download?ref=external.theme.inspire-theme, response: 
04:25:02.043 [ForkJoinPool-1-worker-5] ERROR com.intuit.karate - feature call (loop) failed at index: 3
caller: classpath:InspireTest/ngr/datasetrecords/def/checkxlinkurl.template.feature
arg: {"link":"https://www.nationaalgeoregister.nl/geonetwork/srv/eng/thesaurus.download?ref=external.theme.inspire-theme"}
checkxlinkurl.template.feature:15 - status code was: 500, expected: 200, response time: 330, url: https://www.nationaalgeoregister.nl/geonetwork/srv/eng/thesaurus.download?ref=external.theme.inspire-theme, response: 
04:25:02.116 [ForkJoinPool-1-worker-3] INFO  com.intuit.karate - [print] title:Blokindeling Nederlands Continentaal Plat
04:25:02.117 [ForkJoinPool-1-worker-3] INFO  com.intuit.karate - [print] Blokindeling Nederlands Continentaal Plat
04:25:02.118 [ForkJoinPool-1-worker-3] INFO  com.intuit.karate - [print] [
  "data@hydro.nl",
  "data@hydro.nl",
  "data@hydro.nl"
]

04:25:02.120 [ForkJoinPool-1-worker-3] INFO  com.intuit.karate - [print] organisation: [
  "Ministerie van Defensie, Koninklijke Marine, Dienst der Hydrografie",
  "Ministerie van Defensie, Koninklijke Marine, Dienst der Hydrografie",
  "Ministerie van Defensie, Koninklijke Marine, Dienst der Hydrografie"
]

04:25:02.124 [ForkJoinPool-1-worker-3] INFO  com.intuit.karate - [print] [
  "http://www.opengis.net/def/crs/EPSG/0/https://www.opengis.net/def/crs/EPSG/0/4258",
  "https://www.nationaalgeoregister.nl/geonetwork/srv/api/recordsc2225e5d-b46f-4e38-8445-ab10fd40c0dc"
]

04:25:02.127 [ForkJoinPool-1-worker-3] INFO  com.intuit.karate - [print]
04:25:02.128 [ForkJoinPool-1-worker-3] INFO  com.intuit.karate - [print] testing xlinkurl:http://www.opengis.net/def/crs/EPSG/0/https://www.opengis.net/def/crs/EPSG/0/4258
04:25:02.154 [ForkJoinPool-1-worker-9] ERROR com.intuit.karate - status code was: 404, expected: 200, response time: 397, url: http://geonetwork-opensource.org/inspire-theme#, response: 
04:25:02.154 [ForkJoinPool-1-worker-9] ERROR com.intuit.karate - feature call (loop) failed at index: 2
caller: classpath:InspireTest/ngr/datasetrecords/def/checkxlinkurl.template.feature
arg: {"link":"http://geonetwork-opensource.org/inspire-theme#"}
checkxlinkurl.template.feature:15 - status code was: 404, expected: 200, response time: 397, url: http://geonetwork-opensource.org/inspire-theme#, response: 
04:25:02.156 [ForkJoinPool-1-worker-9] INFO  com.intuit.karate - [print]
04:25:02.156 [ForkJoinPool-1-worker-9] INFO  com.intuit.karate - [print] testing xlinkurl:https://www.nationaalgeoregister.nl/geonetwork/srv/eng/thesaurus.download?ref=external.theme.inspire-theme
04:25:02.169 [ForkJoinPool-1-worker-13] INFO  com.intuit.karate - [print] title:Nederlands deel PSSA Waddenzee
04:25:02.169 [ForkJoinPool-1-worker-13] INFO  com.intuit.karate - [print] Nederlands deel PSSA Waddenzee
04:25:02.170 [ForkJoinPool-1-worker-13] INFO  com.intuit.karate - [print] [
  "data@hydro.nl",
  "data@hydro.nl",
  "data@hydro.nl",
  "",
  ""
]

04:25:02.171 [ForkJoinPool-1-worker-13] INFO  com.intuit.karate - [print] organisation: [
  "Ministerie van Defensie, Koninklijke Marine, Dienst der Hydrografie",
  "Ministerie van Defensie, Koninklijke Marine, Dienst der Hydrografie",
  "Ministerie van Defensie, Koninklijke Marine, Dienst der Hydrografie"
]

04:25:02.175 [ForkJoinPool-1-worker-13] INFO  com.intuit.karate - [print] [
  "http://www.opengis.net/def/crs/EPSG/0/https://www.opengis.net/def/crs/EPSG/0/4258",
  "https://www.nationaalgeoregister.nl/geonetwork/srv/api/recordsf1d27179-36eb-4376-8048-f51d2eb23a09"
]

04:25:02.179 [ForkJoinPool-1-worker-13] INFO  com.intuit.karate - [print]
04:25:02.179 [ForkJoinPool-1-worker-13] INFO  com.intuit.karate - [print] testing xlinkurl:http://www.opengis.net/def/crs/EPSG/0/https://www.opengis.net/def/crs/EPSG/0/4258
04:25:02.382 [ForkJoinPool-1-worker-7] INFO  com.intuit.karate - [print] title:Zones en agglomeraties (Richtlijn Luchtkwaliteit) 2013
04:25:02.383 [ForkJoinPool-1-worker-7] INFO  com.intuit.karate - [print] Zones en agglomeraties (Richtlijn Luchtkwaliteit) 2013
04:25:02.385 [ForkJoinPool-1-worker-7] INFO  com.intuit.karate - [print] [
  "geodata@rivm.nl",
  "",
  "geodata@rivm.nl"
]

04:25:02.386 [ForkJoinPool-1-worker-7] INFO  com.intuit.karate - [print] organisation: no organisationName found in dataset record
04:25:02.391 [ForkJoinPool-1-worker-7] INFO  com.intuit.karate - [print] [
  "https://data.rivm.nl/inspire/id#5cb4b489-67c8-44bc-85c5-424a80a53b3b"
]

04:25:02.395 [ForkJoinPool-1-worker-7] INFO  com.intuit.karate - [print]
04:25:02.395 [ForkJoinPool-1-worker-7] INFO  com.intuit.karate - [print] testing xlinkurl:https://data.rivm.nl/inspire/id#5cb4b489-67c8-44bc-85c5-424a80a53b3b
04:25:02.420 [ForkJoinPool-1-worker-3] INFO  com.intuit.karate - [print]
04:25:02.420 [ForkJoinPool-1-worker-3] INFO  com.intuit.karate - [print] testing xlinkurl:https://www.nationaalgeoregister.nl/geonetwork/srv/api/recordsc2225e5d-b46f-4e38-8445-ab10fd40c0dc
04:25:02.464 [ForkJoinPool-1-worker-9] ERROR com.intuit.karate - status code was: 500, expected: 200, response time: 308, url: https://www.nationaalgeoregister.nl/geonetwork/srv/eng/thesaurus.download?ref=external.theme.inspire-theme, response: 
04:25:02.466 [ForkJoinPool-1-worker-9] ERROR com.intuit.karate - feature call (loop) failed at index: 3
caller: classpath:InspireTest/ngr/datasetrecords/def/checkxlinkurl.template.feature
arg: {"link":"https://www.nationaalgeoregister.nl/geonetwork/srv/eng/thesaurus.download?ref=external.theme.inspire-theme"}
checkxlinkurl.template.feature:15 - status code was: 500, expected: 200, response time: 308, url: https://www.nationaalgeoregister.nl/geonetwork/srv/eng/thesaurus.download?ref=external.theme.inspire-theme, response: 
04:25:02.475 [ForkJoinPool-1-worker-13] INFO  com.intuit.karate - [print]
04:25:02.475 [ForkJoinPool-1-worker-13] INFO  com.intuit.karate - [print] testing xlinkurl:https://www.nationaalgeoregister.nl/geonetwork/srv/api/recordsf1d27179-36eb-4376-8048-f51d2eb23a09
04:25:02.523 [ForkJoinPool-1-worker-11] INFO  com.intuit.karate - [print] title:Vaarwegmarkeringen Nederland
04:25:02.523 [ForkJoinPool-1-worker-11] INFO  com.intuit.karate - [print] Vaarwegmarkeringen Nederland
04:25:02.524 [ForkJoinPool-1-worker-11] INFO  com.intuit.karate - [print] [
  "servicedesk-data@rijkswaterstaat.nl",
  "servicedesk-data@rijkswaterstaat.nl",
  "",
  "servicedesk-data@rijkswaterstaat.nl",
  "servicedesk-data@rijkswaterstaat.nl"
]

04:25:02.525 [ForkJoinPool-1-worker-11] INFO  com.intuit.karate - [print] organisation: [
  "Rijkswaterstaat",
  "Rijkswaterstaat",
  "",
  "Rijkswaterstaat",
  "Rijkswaterstaat"
]

04:25:02.532 [ForkJoinPool-1-worker-11] INFO  com.intuit.karate - [print] [
  "https://www.nationaalgeoregister.nl/geonetwork/srv/dut/catalog.search#/metadata/be1b1514-8d1f-48e1-9624-fee9b784138b",
  "http://rdfdata.eionet.europa.eu/inspirethemes/themes/7",
  "urn:ogc:def:crs:EPSG::5709"
]

04:25:02.536 [ForkJoinPool-1-worker-11] INFO  com.intuit.karate - [print]
04:25:02.537 [ForkJoinPool-1-worker-11] INFO  com.intuit.karate - [print] testing xlinkurl:https://www.nationaalgeoregister.nl/geonetwork/srv/dut/catalog.search#/metadata/be1b1514-8d1f-48e1-9624-fee9b784138b
04:25:02.568 [ForkJoinPool-1-worker-5] INFO  com.intuit.karate - [print] title:Geluidkaart hoofdspoornet 2011 (Lnight)
04:25:02.568 [ForkJoinPool-1-worker-5] INFO  com.intuit.karate - [print] Geluidkaart hoofdspoornet 2011 (Lnight)
04:25:02.569 [ForkJoinPool-1-worker-5] INFO  com.intuit.karate - [print] [
  "sylvia.koolmees@minienw.nl",
  "sylvia.koolmees@minienw.nl"
]

04:25:02.570 [ForkJoinPool-1-worker-5] INFO  com.intuit.karate - [print] organisation: [
  "Ministerie van IenW",
  "Ministerie van IenW"
]

04:25:02.572 [ForkJoinPool-1-worker-5] INFO  com.intuit.karate - [print] [
  "https://www.nationaalgeoregister.nl/geonetwork/srv/api/records3e57ce43-7707-43ed-a4b9-72b3a6d812f8"
]

04:25:02.575 [ForkJoinPool-1-worker-5] INFO  com.intuit.karate - [print]
04:25:02.576 [ForkJoinPool-1-worker-5] INFO  com.intuit.karate - [print] testing xlinkurl:https://www.nationaalgeoregister.nl/geonetwork/srv/api/records3e57ce43-7707-43ed-a4b9-72b3a6d812f8
04:25:02.730 [ForkJoinPool-1-worker-3] ERROR com.intuit.karate - status code was: 500, expected: 200, response time: 309, url: https://www.nationaalgeoregister.nl/geonetwork/srv/api/recordsc2225e5d-b46f-4e38-8445-ab10fd40c0dc, response: 
04:25:02.730 [ForkJoinPool-1-worker-3] ERROR com.intuit.karate - feature call (loop) failed at index: 1
caller: classpath:InspireTest/ngr/datasetrecords/def/checkxlinkurl.template.feature
arg: {"link":"https://www.nationaalgeoregister.nl/geonetwork/srv/api/recordsc2225e5d-b46f-4e38-8445-ab10fd40c0dc"}
checkxlinkurl.template.feature:15 - status code was: 500, expected: 200, response time: 309, url: https://www.nationaalgeoregister.nl/geonetwork/srv/api/recordsc2225e5d-b46f-4e38-8445-ab10fd40c0dc, response: 
04:25:02.753 [ForkJoinPool-1-worker-7] ERROR com.intuit.karate - javax.net.ssl.SSLException: Connection reset, http call failed after 357 milliseconds for URL: https://data.rivm.nl/inspire/id#5cb4b489-67c8-44bc-85c5-424a80a53b3b
04:25:02.753 [ForkJoinPool-1-worker-7] ERROR com.intuit.karate - http request failed: 
javax.net.ssl.SSLException: Connection reset
04:25:02.753 [ForkJoinPool-1-worker-7] ERROR com.intuit.karate - feature call (loop) failed at index: 0
caller: classpath:InspireTest/ngr/datasetrecords/def/checkxlinkurl.template.feature
arg: {"link":"https://data.rivm.nl/inspire/id#5cb4b489-67c8-44bc-85c5-424a80a53b3b"}
checkxlinkurl.template.feature:14 - 
javax.net.ssl.SSLException: Connection reset
04:25:02.786 [ForkJoinPool-1-worker-13] ERROR com.intuit.karate - status code was: 500, expected: 200, response time: 310, url: https://www.nationaalgeoregister.nl/geonetwork/srv/api/recordsf1d27179-36eb-4376-8048-f51d2eb23a09, response: 
04:25:02.786 [ForkJoinPool-1-worker-13] ERROR com.intuit.karate - feature call (loop) failed at index: 1
caller: classpath:InspireTest/ngr/datasetrecords/def/checkxlinkurl.template.feature
arg: {"link":"https://www.nationaalgeoregister.nl/geonetwork/srv/api/recordsf1d27179-36eb-4376-8048-f51d2eb23a09"}
checkxlinkurl.template.feature:15 - status code was: 500, expected: 200, response time: 310, url: https://www.nationaalgeoregister.nl/geonetwork/srv/api/recordsf1d27179-36eb-4376-8048-f51d2eb23a09, response: 
04:25:02.996 [ForkJoinPool-1-worker-9] INFO  com.intuit.karate - [print] title:Begrenzingen van vergunde ontgrondingsgebieden voor zand- en grindwinning
04:25:02.996 [ForkJoinPool-1-worker-9] INFO  com.intuit.karate - [print] Begrenzingen van vergunde ontgrondingsgebieden voor zand- en grindwinning
04:25:02.997 [ForkJoinPool-1-worker-9] INFO  com.intuit.karate - [print] [
  "inspire@gbo-provincies.nl",
  "inspire@gbo-provincies.nl",
  "inspire@gbo-provincies.nl"
]

04:25:02.998 [ForkJoinPool-1-worker-9] INFO  com.intuit.karate - [print] organisation: [
  "Interprovinciaal Overleg",
  "Interprovinciaal Overleg",
  "Interprovinciaal Overleg"
]

04:25:03.001 [ForkJoinPool-1-worker-9] INFO  com.intuit.karate - [print] [
  "http://www.opengis.net/def/crs/EPSG/0/http://www.opengis.net/def/crs/EPSG/0/3034",
  "http://nationaalgeoregister.nl/geonetwork/srv/dut/csw?SERVICE=CSW&version=2.0.2&REQUEST=GetRecordById&elementSetName=full&OutputSchema=http://www.isotc211.org/2005/gmd&ID=58e7dc38-a498-4852-b4ef-908f5baa9056",
  "https://creativecommons.org/publicdomain/mark/*/deed.nl",
  ""
]

04:25:03.004 [ForkJoinPool-1-worker-9] INFO  com.intuit.karate - [print]
04:25:03.004 [ForkJoinPool-1-worker-9] INFO  com.intuit.karate - [print] testing xlinkurl:http://www.opengis.net/def/crs/EPSG/0/http://www.opengis.net/def/crs/EPSG/0/3034
04:25:03.014 [ForkJoinPool-1-worker-11] INFO  com.intuit.karate - [print]
04:25:03.014 [ForkJoinPool-1-worker-11] INFO  com.intuit.karate - [print] testing xlinkurl:http://rdfdata.eionet.europa.eu/inspirethemes/themes/7
04:25:03.021 [ForkJoinPool-1-worker-5] ERROR com.intuit.karate - status code was: 500, expected: 200, response time: 445, url: https://www.nationaalgeoregister.nl/geonetwork/srv/api/records3e57ce43-7707-43ed-a4b9-72b3a6d812f8, response: 
04:25:03.021 [ForkJoinPool-1-worker-5] ERROR com.intuit.karate - feature call (loop) failed at index: 0
caller: classpath:InspireTest/ngr/datasetrecords/def/checkxlinkurl.template.feature
arg: {"link":"https://www.nationaalgeoregister.nl/geonetwork/srv/api/records3e57ce43-7707-43ed-a4b9-72b3a6d812f8"}
checkxlinkurl.template.feature:15 - status code was: 500, expected: 200, response time: 445, url: https://www.nationaalgeoregister.nl/geonetwork/srv/api/records3e57ce43-7707-43ed-a4b9-72b3a6d812f8, response: 
04:25:03.216 [ForkJoinPool-1-worker-11] ERROR com.intuit.karate - status code was: 404, expected: 200, response time: 201, url: http://rdfdata.eionet.europa.eu/inspirethemes/themes/7, response: 
04:25:03.217 [ForkJoinPool-1-worker-11] ERROR com.intuit.karate - feature call (loop) failed at index: 1
caller: classpath:InspireTest/ngr/datasetrecords/def/checkxlinkurl.template.feature
arg: {"link":"http://rdfdata.eionet.europa.eu/inspirethemes/themes/7"}
checkxlinkurl.template.feature:15 - status code was: 404, expected: 200, response time: 201, url: http://rdfdata.eionet.europa.eu/inspirethemes/themes/7, response: 
04:25:03.218 [ForkJoinPool-1-worker-11] INFO  com.intuit.karate - [print]
04:25:03.220 [ForkJoinPool-1-worker-11] INFO  com.intuit.karate - [print] testing xlinkurl:urn:ogc:def:crs:EPSG::5709
04:25:03.221 [ForkJoinPool-1-worker-11] ERROR com.intuit.karate - org.apache.http.client.ClientProtocolException: URI does not specify a valid host name: urn:ogc:def:crs:EPSG::5709, http call failed after 0 milliseconds for URL: urn:ogc:def:crs:EPSG::5709
04:25:03.221 [ForkJoinPool-1-worker-11] ERROR com.intuit.karate - http request failed: 
org.apache.http.client.ClientProtocolException: URI does not specify a valid host name: urn:ogc:def:crs:EPSG::5709
04:25:03.221 [ForkJoinPool-1-worker-11] ERROR com.intuit.karate - feature call (loop) failed at index: 2
caller: classpath:InspireTest/ngr/datasetrecords/def/checkxlinkurl.template.feature
arg: {"link":"urn:ogc:def:crs:EPSG::5709"}
checkxlinkurl.template.feature:14 - 
org.apache.http.client.ClientProtocolException: URI does not specify a valid host name: urn:ogc:def:crs:EPSG::5709
04:25:03.300 [ForkJoinPool-1-worker-9] INFO  com.intuit.karate - [print]
04:25:03.300 [ForkJoinPool-1-worker-9] INFO  com.intuit.karate - [print] testing xlinkurl:http://nationaalgeoregister.nl/geonetwork/srv/dut/csw?SERVICE=CSW&version=2.0.2&REQUEST=GetRecordById&elementSetName=full&OutputSchema=http://www.isotc211.org/2005/gmd&ID=58e7dc38-a498-4852-b4ef-908f5baa9056
04:25:03.360 [ForkJoinPool-1-worker-3] INFO  com.intuit.karate - [print] title:Invasieve Exoten (INSPIRE Geharmoniseerd)
04:25:03.360 [ForkJoinPool-1-worker-3] INFO  com.intuit.karate - [print] Invasieve Exoten (INSPIRE Geharmoniseerd)
04:25:03.361 [ForkJoinPool-1-worker-3] INFO  com.intuit.karate - [print] [
  "geodatabeheer.giscc@rvo.nl",
  "Geodatabeheer.GISCC@rvo.nl"
]

04:25:03.362 [ForkJoinPool-1-worker-3] INFO  com.intuit.karate - [print] organisation: Ministerie van Landbouw, Natuur en Voedselkwaliteit
04:25:03.365 [ForkJoinPool-1-worker-3] INFO  com.intuit.karate - [print] [
  "http://standaarden.overheid.nl/owms/terms/Ministerie_van_Landbouw,_Natuur_en_Voedselkwaliteit",
  "https://www.nationaalgeoregister.nl/geonetwork/srv/api/records3703b249-a0eb-484e-ba7a-10e31a55bcec",
  "579"
]

04:25:03.368 [ForkJoinPool-1-worker-3] INFO  com.intuit.karate - [print]
04:25:03.369 [ForkJoinPool-1-worker-3] INFO  com.intuit.karate - [print] testing xlinkurl:http://standaarden.overheid.nl/owms/terms/Ministerie_van_Landbouw,_Natuur_en_Voedselkwaliteit
04:25:03.423 [ForkJoinPool-1-worker-7] INFO  com.intuit.karate - [print] title:Mosselzaadinvanginstallaties
04:25:03.423 [ForkJoinPool-1-worker-7] INFO  com.intuit.karate - [print] Mosselzaadinvanginstallaties
04:25:03.424 [ForkJoinPool-1-worker-7] INFO  com.intuit.karate - [print] [
  "geodatabeheer.giscc@rvo.nl",
  "VR@minez.nl",
  "geodatabeheer.giscc@rvo.nl",
  "beheer@pdok.nl"
]

04:25:03.424 [ForkJoinPool-1-worker-7] INFO  com.intuit.karate - [print] organisation: no organisationName found in dataset record
04:25:03.427 [ForkJoinPool-1-worker-7] INFO  com.intuit.karate - [print] [
  "http://standaarden.overheid.nl/owms/terms/Ministerie_van_Landbouw,_Natuur_en_Voedselkwaliteit",
  "http://www.nationaalgeoregister.nl/geonetwork/srv/dut/catalog.search#/metadata/a04afee4-47d5-45b7-b7a0-a6f86106af11",
  "http://standaarden.overheid.nl/owms/terms/Ministerie_van_Landbouw,_Natuur_en_Voedselkwaliteit",
  "http://standaarden.overheid.nl/owms/terms/Ministerie_van_Landbouw,_Natuur_en_Voedselkwaliteit",
  "https://data.overheid.nl/organisatie/PDOK"
]

04:25:03.430 [ForkJoinPool-1-worker-7] INFO  com.intuit.karate - [print]
04:25:03.430 [ForkJoinPool-1-worker-7] INFO  com.intuit.karate - [print] testing xlinkurl:http://standaarden.overheid.nl/owms/terms/Ministerie_van_Landbouw,_Natuur_en_Voedselkwaliteit
04:25:03.457 [ForkJoinPool-1-worker-13] INFO  com.intuit.karate - [print] title:Emissies naar lucht en water in 2011 vanuit de industrie
04:25:03.457 [ForkJoinPool-1-worker-13] INFO  com.intuit.karate - [print] Emissies naar lucht en water in 2011 vanuit de industrie
04:25:03.458 [ForkJoinPool-1-worker-13] INFO  com.intuit.karate - [print] [
  "emissieregistratie@rivm.nl",
  "",
  "emissieregistratie@rivm.nl"
]

04:25:03.459 [ForkJoinPool-1-worker-13] INFO  com.intuit.karate - [print] organisation: no organisationName found in dataset record
04:25:03.462 [ForkJoinPool-1-worker-13] INFO  com.intuit.karate - [print] [
  "https://data.rivm.nl/inspire/id#6e6bf543-e1e3-468d-afae-e88618ad9a65"
]

04:25:03.465 [ForkJoinPool-1-worker-13] INFO  com.intuit.karate - [print]
04:25:03.465 [ForkJoinPool-1-worker-13] INFO  com.intuit.karate - [print] testing xlinkurl:https://data.rivm.nl/inspire/id#6e6bf543-e1e3-468d-afae-e88618ad9a65
04:25:03.548 [ForkJoinPool-1-worker-5] INFO  com.intuit.karate - [print] title:Habitatrichtlijn verspreiding van habitattypen
04:25:03.549 [ForkJoinPool-1-worker-5] INFO  com.intuit.karate - [print] Habitatrichtlijn verspreiding van habitattypen
04:25:03.549 [ForkJoinPool-1-worker-5] INFO  com.intuit.karate - [print] [
  "geodatabeheer.giscc@rvo.nl",
  "GeoDesk.CGI@wur.nl",
  "geodatabeheer.giscc@rvo.nl",
  "beheerPDOK@kadaster.nl",
  ""
]

04:25:03.550 [ForkJoinPool-1-worker-5] INFO  com.intuit.karate - [print] organisation: [
  "Ministerie van Economische Zaken - GIS Competence Center",
  "Wageningen Environmental Research (Alterra)",
  "PDOK",
  "Alterra"
]

04:25:03.553 [ForkJoinPool-1-worker-5] INFO  com.intuit.karate - [print] [
  "https://www.nationaalgeoregister.nl/geonetwork/srv/dut/catalog.search#/metadata/977e0e94-7aa9-4784-b2da-eaec44adb61b",
  "http://standaarden.overheid.nl/owms/terms/Ministerie_van_Landbouw,_Natuur_en_Voedselkwaliteit"
]

04:25:03.558 [ForkJoinPool-1-worker-5] INFO  com.intuit.karate - [print]
04:25:03.558 [ForkJoinPool-1-worker-5] INFO  com.intuit.karate - [print] testing xlinkurl:https://www.nationaalgeoregister.nl/geonetwork/srv/dut/catalog.search#/metadata/977e0e94-7aa9-4784-b2da-eaec44adb61b
04:25:03.736 [ForkJoinPool-1-worker-11] INFO  com.intuit.karate - [print] title:Monitoring stations (Nitraatrichtlijn) ondiepe filters
04:25:03.736 [ForkJoinPool-1-worker-11] INFO  com.intuit.karate - [print] Monitoring stations (Nitraatrichtlijn) ondiepe filters
04:25:03.737 [ForkJoinPool-1-worker-11] INFO  com.intuit.karate - [print] [
  "geodata@rivm.nl",
  "",
  "geodata@rivm.nl"
]

04:25:03.739 [ForkJoinPool-1-worker-11] INFO  com.intuit.karate - [print] organisation: no organisationName found in dataset record
04:25:03.743 [ForkJoinPool-1-worker-11] INFO  com.intuit.karate - [print] [
  "https://data.rivm.nl/inspire/id#7247293d-2113-44d8-b335-8167b2ec4d1b"
]

04:25:03.746 [ForkJoinPool-1-worker-11] INFO  com.intuit.karate - [print]
04:25:03.746 [ForkJoinPool-1-worker-11] INFO  com.intuit.karate - [print] testing xlinkurl:https://data.rivm.nl/inspire/id#7247293d-2113-44d8-b335-8167b2ec4d1b
04:25:03.776 [ForkJoinPool-1-worker-9] INFO  com.intuit.karate - [print]
04:25:03.776 [ForkJoinPool-1-worker-9] INFO  com.intuit.karate - [print] testing xlinkurl:https://creativecommons.org/publicdomain/mark/*/deed.nl
04:25:03.813 [ForkJoinPool-1-worker-9] ERROR com.intuit.karate - status code was: 404, expected: 200, response time: 36, url: https://creativecommons.org/publicdomain/mark/*/deed.nl, response: 
04:25:03.813 [ForkJoinPool-1-worker-9] ERROR com.intuit.karate - feature call (loop) failed at index: 2
caller: classpath:InspireTest/ngr/datasetrecords/def/checkxlinkurl.template.feature
arg: {"link":"https://creativecommons.org/publicdomain/mark/*/deed.nl"}
checkxlinkurl.template.feature:15 - status code was: 404, expected: 200, response time: 36, url: https://creativecommons.org/publicdomain/mark/*/deed.nl, response: 
04:25:03.814 [ForkJoinPool-1-worker-9] INFO  com.intuit.karate - [print]
04:25:03.814 [ForkJoinPool-1-worker-9] INFO  com.intuit.karate - [print] testing xlinkurl:
04:25:03.814 [ForkJoinPool-1-worker-9] ERROR com.intuit.karate - org.apache.http.client.ClientProtocolException, http call failed after 0 milliseconds for URL: 
04:25:03.815 [ForkJoinPool-1-worker-9] ERROR com.intuit.karate - http request failed: 
org.apache.http.client.ClientProtocolException
04:25:03.815 [ForkJoinPool-1-worker-9] ERROR com.intuit.karate - feature call (loop) failed at index: 3
caller: classpath:InspireTest/ngr/datasetrecords/def/checkxlinkurl.template.feature
arg: {"link":""}
checkxlinkurl.template.feature:14 - 
org.apache.http.client.ClientProtocolException
04:25:03.828 [ForkJoinPool-1-worker-13] ERROR com.intuit.karate - javax.net.ssl.SSLException: Connection reset, http call failed after 363 milliseconds for URL: https://data.rivm.nl/inspire/id#6e6bf543-e1e3-468d-afae-e88618ad9a65
04:25:03.828 [ForkJoinPool-1-worker-13] ERROR com.intuit.karate - http request failed: 
javax.net.ssl.SSLException: Connection reset
04:25:03.828 [ForkJoinPool-1-worker-13] ERROR com.intuit.karate - feature call (loop) failed at index: 0
caller: classpath:InspireTest/ngr/datasetrecords/def/checkxlinkurl.template.feature
arg: {"link":"https://data.rivm.nl/inspire/id#6e6bf543-e1e3-468d-afae-e88618ad9a65"}
checkxlinkurl.template.feature:14 - 
javax.net.ssl.SSLException: Connection reset
04:25:03.885 [ForkJoinPool-1-worker-5] INFO  com.intuit.karate - [print]
04:25:03.885 [ForkJoinPool-1-worker-5] INFO  com.intuit.karate - [print] testing xlinkurl:http://standaarden.overheid.nl/owms/terms/Ministerie_van_Landbouw,_Natuur_en_Voedselkwaliteit
04:25:03.896 [ForkJoinPool-1-worker-3] INFO  com.intuit.karate - [print]
04:25:03.896 [ForkJoinPool-1-worker-3] INFO  com.intuit.karate - [print] testing xlinkurl:https://www.nationaalgeoregister.nl/geonetwork/srv/api/records3703b249-a0eb-484e-ba7a-10e31a55bcec
04:25:03.939 [ForkJoinPool-1-worker-7] INFO  com.intuit.karate - [print]
04:25:03.939 [ForkJoinPool-1-worker-7] INFO  com.intuit.karate - [print] testing xlinkurl:http://www.nationaalgeoregister.nl/geonetwork/srv/dut/catalog.search#/metadata/a04afee4-47d5-45b7-b7a0-a6f86106af11
04:25:04.105 [ForkJoinPool-1-worker-11] ERROR com.intuit.karate - javax.net.ssl.SSLException: Connection reset, http call failed after 358 milliseconds for URL: https://data.rivm.nl/inspire/id#7247293d-2113-44d8-b335-8167b2ec4d1b
04:25:04.105 [ForkJoinPool-1-worker-11] ERROR com.intuit.karate - http request failed: 
javax.net.ssl.SSLException: Connection reset
04:25:04.105 [ForkJoinPool-1-worker-11] ERROR com.intuit.karate - feature call (loop) failed at index: 0
caller: classpath:InspireTest/ngr/datasetrecords/def/checkxlinkurl.template.feature
arg: {"link":"https://data.rivm.nl/inspire/id#7247293d-2113-44d8-b335-8167b2ec4d1b"}
checkxlinkurl.template.feature:14 - 
javax.net.ssl.SSLException: Connection reset
04:25:04.189 [ForkJoinPool-1-worker-7] INFO  com.intuit.karate - [print]
04:25:04.189 [ForkJoinPool-1-worker-7] INFO  com.intuit.karate - [print] testing xlinkurl:http://standaarden.overheid.nl/owms/terms/Ministerie_van_Landbouw,_Natuur_en_Voedselkwaliteit
04:25:04.209 [ForkJoinPool-1-worker-3] ERROR com.intuit.karate - status code was: 500, expected: 200, response time: 313, url: https://www.nationaalgeoregister.nl/geonetwork/srv/api/records3703b249-a0eb-484e-ba7a-10e31a55bcec, response: 
04:25:04.209 [ForkJoinPool-1-worker-3] ERROR com.intuit.karate - feature call (loop) failed at index: 1
caller: classpath:InspireTest/ngr/datasetrecords/def/checkxlinkurl.template.feature
arg: {"link":"https://www.nationaalgeoregister.nl/geonetwork/srv/api/records3703b249-a0eb-484e-ba7a-10e31a55bcec"}
checkxlinkurl.template.feature:15 - status code was: 500, expected: 200, response time: 313, url: https://www.nationaalgeoregister.nl/geonetwork/srv/api/records3703b249-a0eb-484e-ba7a-10e31a55bcec, response: 
04:25:04.211 [ForkJoinPool-1-worker-3] INFO  com.intuit.karate - [print]
04:25:04.212 [ForkJoinPool-1-worker-3] INFO  com.intuit.karate - [print] testing xlinkurl:579
04:25:04.212 [ForkJoinPool-1-worker-3] ERROR com.intuit.karate - org.apache.http.client.ClientProtocolException, http call failed after 0 milliseconds for URL: 579
04:25:04.212 [ForkJoinPool-1-worker-3] ERROR com.intuit.karate - http request failed: 
org.apache.http.client.ClientProtocolException
04:25:04.212 [ForkJoinPool-1-worker-3] ERROR com.intuit.karate - feature call (loop) failed at index: 2
caller: classpath:InspireTest/ngr/datasetrecords/def/checkxlinkurl.template.feature
arg: {"link":"579"}
checkxlinkurl.template.feature:14 - 
org.apache.http.client.ClientProtocolException
04:25:04.402 [ForkJoinPool-1-worker-9] INFO  com.intuit.karate - [print] title:Human Health NL NUTS2
04:25:04.402 [ForkJoinPool-1-worker-9] INFO  com.intuit.karate - [print] Human Health NL NUTS2
04:25:04.403 [ForkJoinPool-1-worker-9] INFO  com.intuit.karate - [print] [
  "infoservice@cbs.nl",
  "infoservice@cbs.nl",
  "infoservice@cbs.nl",
  "",
  ""
]

04:25:04.404 [ForkJoinPool-1-worker-9] INFO  com.intuit.karate - [print] organisation: [
  "Statistics Netherlands",
  "Statistics Netherlands",
  "Statistics Netherlandds",
  "Statistics Netherlands"
]

04:25:04.408 [ForkJoinPool-1-worker-9] INFO  com.intuit.karate - [print] [
  "https://www.iana.org/assignments/media-types/application/xml",
  "https://www.iana.org/assignments/media-types/application/xml"
]

04:25:04.414 [ForkJoinPool-1-worker-9] INFO  com.intuit.karate - [print]
04:25:04.414 [ForkJoinPool-1-worker-9] INFO  com.intuit.karate - [print] testing xlinkurl:https://www.iana.org/assignments/media-types/application/xml
04:25:04.476 [ForkJoinPool-1-worker-13] INFO  com.intuit.karate - [print] title:Hydrografie waterschappen INSPIRE
04:25:04.478 [ForkJoinPool-1-worker-13] INFO  com.intuit.karate - [print] Hydrografie waterschappen INSPIRE
04:25:04.480 [ForkJoinPool-1-worker-13] INFO  com.intuit.karate - [print] [
  "datastromen@hetwaterschapshuis.nl",
  "datastromen@hetwaterschapshuis.nl",
  "",
  "datastromen@hetwaterschapshuis.nl"
]

04:25:04.483 [ForkJoinPool-1-worker-13] INFO  com.intuit.karate - [print] organisation: [
  "Het Waterschapshuis",
  "Het Waterschapshuis",
  "Het Waterschapshuis",
  "Het Waterschapshuis"
]

04:25:04.489 [ForkJoinPool-1-worker-13] INFO  com.intuit.karate - [print] [
  "http://www.opengis.net/def/crs/EPSG/0/ETRS89",
  "https://www.nationaalgeoregister.nl/geonetwork/srv/api/records07575774-57a1-4419-bab4-6c88fdeb02b2"
]

04:25:04.494 [ForkJoinPool-1-worker-13] INFO  com.intuit.karate - [print]
04:25:04.494 [ForkJoinPool-1-worker-13] INFO  com.intuit.karate - [print] testing xlinkurl:http://www.opengis.net/def/crs/EPSG/0/ETRS89
04:25:04.607 [ForkJoinPool-1-worker-9] INFO  com.intuit.karate - [print]
04:25:04.608 [ForkJoinPool-1-worker-9] INFO  com.intuit.karate - [print] testing xlinkurl:https://www.iana.org/assignments/media-types/application/xml
04:25:04.660 [ForkJoinPool-1-worker-11] INFO  com.intuit.karate - [print] title:Oppervlaktegeologie, Geologische kaart onder INSPIRE
04:25:04.660 [ForkJoinPool-1-worker-11] INFO  com.intuit.karate - [print] Oppervlaktegeologie, Geologische kaart onder INSPIRE
04:25:04.662 [ForkJoinPool-1-worker-11] INFO  com.intuit.karate - [print] [
  "info@dinoloket.nl",
  "info@dinoloket.nl",
  "info@dinoloket.nl"
]

04:25:04.663 [ForkJoinPool-1-worker-11] INFO  com.intuit.karate - [print] organisation: [
  "TNO Geologische Dienst Nederland",
  "TNO Geologische Dienst Nederland",
  "TNO Geologische Dienst Nederland"
]

04:25:04.667 [ForkJoinPool-1-worker-11] INFO  com.intuit.karate - [print] [
  "https://nationaalgeoregister.nl/geonetwork/srv/resources66495385-8f7b-4661-85a7-11a2bbcbb6b9",
  "http://rdfdata.eionet.europa.eu/inspirethemes/themes/13",
  "http://geonetwork-opensource.org/inspire-theme#",
  "https://www.nationaalgeoregister.nl/geonetwork/srv/eng/thesaurus.download?ref=external.theme.inspire-theme"
]

04:25:04.672 [ForkJoinPool-1-worker-11] INFO  com.intuit.karate - [print]
04:25:04.672 [ForkJoinPool-1-worker-11] INFO  com.intuit.karate - [print] testing xlinkurl:https://nationaalgeoregister.nl/geonetwork/srv/resources66495385-8f7b-4661-85a7-11a2bbcbb6b9
04:25:04.705 [ForkJoinPool-1-worker-7] INFO  com.intuit.karate - [print]
04:25:04.705 [ForkJoinPool-1-worker-7] INFO  com.intuit.karate - [print] testing xlinkurl:http://standaarden.overheid.nl/owms/terms/Ministerie_van_Landbouw,_Natuur_en_Voedselkwaliteit
04:25:04.770 [ForkJoinPool-1-worker-3] INFO  com.intuit.karate - [print] title:Luchtfoto 2018 25cm RGB open data
04:25:04.771 [ForkJoinPool-1-worker-3] INFO  com.intuit.karate - [print] Luchtfoto 2018 25cm RGB open data
04:25:04.772 [ForkJoinPool-1-worker-3] INFO  com.intuit.karate - [print] [
  "PPB-GVA@kadaster.nl",
  "info@hetwaterschapshuis.nl",
  "kcc@kadaster.nl",
  "",
  "",
  "",
  "",
  "",
  ""
]

04:25:04.773 [ForkJoinPool-1-worker-3] INFO  com.intuit.karate - [print] organisation: [
  "Kadaster",
  "Het Waterschapshuis",
  "Kadaster",
  "Eurosense",
  "Eurosense",
  "Eurosense",
  "Kadaster",
  "Kadaster"
]

04:25:04.776 [ForkJoinPool-1-worker-3] INFO  com.intuit.karate - [print] [
  "http://kadaster/2482250f-3b00-4439-9f93-f3118229b020",
  "",
  "",
  ""
]

04:25:04.778 [ForkJoinPool-1-worker-3] INFO  com.intuit.karate - [print]
04:25:04.779 [ForkJoinPool-1-worker-3] INFO  com.intuit.karate - [print] testing xlinkurl:http://kadaster/2482250f-3b00-4439-9f93-f3118229b020
04:25:04.779 [ForkJoinPool-1-worker-3] ERROR com.intuit.karate - java.net.UnknownHostException: kadaster, http call failed after 0 milliseconds for URL: http://kadaster/2482250f-3b00-4439-9f93-f3118229b020
04:25:04.779 [ForkJoinPool-1-worker-3] ERROR com.intuit.karate - http request failed: 
java.net.UnknownHostException: kadaster
04:25:04.779 [ForkJoinPool-1-worker-3] ERROR com.intuit.karate - feature call (loop) failed at index: 0
caller: classpath:InspireTest/ngr/datasetrecords/def/checkxlinkurl.template.feature
arg: {"link":"http://kadaster/2482250f-3b00-4439-9f93-f3118229b020"}
checkxlinkurl.template.feature:14 - 
java.net.UnknownHostException: kadaster
04:25:04.780 [ForkJoinPool-1-worker-3] INFO  com.intuit.karate - [print]
04:25:04.780 [ForkJoinPool-1-worker-3] INFO  com.intuit.karate - [print] testing xlinkurl:
04:25:04.780 [ForkJoinPool-1-worker-3] ERROR com.intuit.karate - org.apache.http.client.ClientProtocolException, http call failed after 0 milliseconds for URL: 
04:25:04.780 [ForkJoinPool-1-worker-3] ERROR com.intuit.karate - http request failed: 
org.apache.http.client.ClientProtocolException
04:25:04.780 [ForkJoinPool-1-worker-3] ERROR com.intuit.karate - feature call (loop) failed at index: 1
caller: classpath:InspireTest/ngr/datasetrecords/def/checkxlinkurl.template.feature
arg: {"link":""}
checkxlinkurl.template.feature:14 - 
org.apache.http.client.ClientProtocolException
04:25:04.781 [ForkJoinPool-1-worker-3] INFO  com.intuit.karate - [print]
04:25:04.781 [ForkJoinPool-1-worker-3] INFO  com.intuit.karate - [print] testing xlinkurl:
04:25:04.781 [ForkJoinPool-1-worker-3] ERROR com.intuit.karate - org.apache.http.client.ClientProtocolException, http call failed after 0 milliseconds for URL: 
04:25:04.781 [ForkJoinPool-1-worker-3] ERROR com.intuit.karate - http request failed: 
org.apache.http.client.ClientProtocolException
04:25:04.781 [ForkJoinPool-1-worker-3] ERROR com.intuit.karate - feature call (loop) failed at index: 2
caller: classpath:InspireTest/ngr/datasetrecords/def/checkxlinkurl.template.feature
arg: {"link":""}
checkxlinkurl.template.feature:14 - 
org.apache.http.client.ClientProtocolException
04:25:04.782 [ForkJoinPool-1-worker-3] INFO  com.intuit.karate - [print]
04:25:04.782 [ForkJoinPool-1-worker-3] INFO  com.intuit.karate - [print] testing xlinkurl:
04:25:04.782 [ForkJoinPool-1-worker-3] ERROR com.intuit.karate - org.apache.http.client.ClientProtocolException, http call failed after 0 milliseconds for URL: 
04:25:04.782 [ForkJoinPool-1-worker-3] ERROR com.intuit.karate - http request failed: 
org.apache.http.client.ClientProtocolException
04:25:04.782 [ForkJoinPool-1-worker-3] ERROR com.intuit.karate - feature call (loop) failed at index: 3
caller: classpath:InspireTest/ngr/datasetrecords/def/checkxlinkurl.template.feature
arg: {"link":""}
checkxlinkurl.template.feature:14 - 
org.apache.http.client.ClientProtocolException
04:25:04.792 [ForkJoinPool-1-worker-13] INFO  com.intuit.karate - [print]
04:25:04.792 [ForkJoinPool-1-worker-13] INFO  com.intuit.karate - [print] testing xlinkurl:https://www.nationaalgeoregister.nl/geonetwork/srv/api/records07575774-57a1-4419-bab4-6c88fdeb02b2
04:25:04.919 [ForkJoinPool-1-worker-5] INFO  com.intuit.karate - [print] title:Kwaliteit van drinkwater in Nederland (2012)
04:25:04.919 [ForkJoinPool-1-worker-5] INFO  com.intuit.karate - [print] Kwaliteit van drinkwater in Nederland (2012)
04:25:04.920 [ForkJoinPool-1-worker-5] INFO  com.intuit.karate - [print] [
  "geodata@rivm.nl",
  "",
  "geodata@rivm.nl"
]

04:25:04.921 [ForkJoinPool-1-worker-5] INFO  com.intuit.karate - [print] organisation: [
  "RIVM",
  ""
]

04:25:04.926 [ForkJoinPool-1-worker-5] INFO  com.intuit.karate - [print] [
  "https://data.rivm.nl/inspire/id#a98a6cdb-61cd-4107-b775-2334e6772ed5"
]

04:25:04.929 [ForkJoinPool-1-worker-5] INFO  com.intuit.karate - [print]
04:25:04.929 [ForkJoinPool-1-worker-5] INFO  com.intuit.karate - [print] testing xlinkurl:https://data.rivm.nl/inspire/id#a98a6cdb-61cd-4107-b775-2334e6772ed5
04:25:04.956 [ForkJoinPool-1-worker-11] ERROR com.intuit.karate - status code was: 404, expected: 200, response time: 282, url: https://nationaalgeoregister.nl/geonetwork/srv/resources66495385-8f7b-4661-85a7-11a2bbcbb6b9, response: 
04:25:04.956 [ForkJoinPool-1-worker-11] ERROR com.intuit.karate - feature call (loop) failed at index: 0
caller: classpath:InspireTest/ngr/datasetrecords/def/checkxlinkurl.template.feature
arg: {"link":"https://nationaalgeoregister.nl/geonetwork/srv/resources66495385-8f7b-4661-85a7-11a2bbcbb6b9"}
checkxlinkurl.template.feature:15 - status code was: 404, expected: 200, response time: 282, url: https://nationaalgeoregister.nl/geonetwork/srv/resources66495385-8f7b-4661-85a7-11a2bbcbb6b9, response: 
04:25:04.956 [ForkJoinPool-1-worker-11] INFO  com.intuit.karate - [print]
04:25:04.957 [ForkJoinPool-1-worker-11] INFO  com.intuit.karate - [print] testing xlinkurl:http://rdfdata.eionet.europa.eu/inspirethemes/themes/13
04:25:05.114 [ForkJoinPool-1-worker-13] ERROR com.intuit.karate - status code was: 500, expected: 200, response time: 321, url: https://www.nationaalgeoregister.nl/geonetwork/srv/api/records07575774-57a1-4419-bab4-6c88fdeb02b2, response: 
04:25:05.114 [ForkJoinPool-1-worker-13] ERROR com.intuit.karate - feature call (loop) failed at index: 1
caller: classpath:InspireTest/ngr/datasetrecords/def/checkxlinkurl.template.feature
arg: {"link":"https://www.nationaalgeoregister.nl/geonetwork/srv/api/records07575774-57a1-4419-bab4-6c88fdeb02b2"}
checkxlinkurl.template.feature:15 - status code was: 500, expected: 200, response time: 321, url: https://www.nationaalgeoregister.nl/geonetwork/srv/api/records07575774-57a1-4419-bab4-6c88fdeb02b2, response: 
04:25:05.157 [ForkJoinPool-1-worker-11] ERROR com.intuit.karate - status code was: 404, expected: 200, response time: 200, url: http://rdfdata.eionet.europa.eu/inspirethemes/themes/13, response: 
04:25:05.158 [ForkJoinPool-1-worker-11] ERROR com.intuit.karate - feature call (loop) failed at index: 1
caller: classpath:InspireTest/ngr/datasetrecords/def/checkxlinkurl.template.feature
arg: {"link":"http://rdfdata.eionet.europa.eu/inspirethemes/themes/13"}
checkxlinkurl.template.feature:15 - status code was: 404, expected: 200, response time: 200, url: http://rdfdata.eionet.europa.eu/inspirethemes/themes/13, response: 
04:25:05.159 [ForkJoinPool-1-worker-11] INFO  com.intuit.karate - [print]
04:25:05.159 [ForkJoinPool-1-worker-11] INFO  com.intuit.karate - [print] testing xlinkurl:http://geonetwork-opensource.org/inspire-theme#
04:25:05.264 [ForkJoinPool-1-worker-7] INFO  com.intuit.karate - [print]
04:25:05.264 [ForkJoinPool-1-worker-7] INFO  com.intuit.karate - [print] testing xlinkurl:https://data.overheid.nl/organisatie/PDOK
04:25:05.291 [ForkJoinPool-1-worker-3] INFO  com.intuit.karate - [print] title:Bodemgebruik
04:25:05.291 [ForkJoinPool-1-worker-3] INFO  com.intuit.karate - [print] Bodemgebruik
04:25:05.292 [ForkJoinPool-1-worker-3] INFO  com.intuit.karate - [print] [
  "PPB-GVA@kadaster.nl",
  "kcc@kadaster.nl",
  "kcc@kadaster.nl"
]

04:25:05.293 [ForkJoinPool-1-worker-3] INFO  com.intuit.karate - [print] organisation: [
  "Kadaster",
  "Kadaster",
  "Kadaster"
]

04:25:05.294 [ForkJoinPool-1-worker-5] ERROR com.intuit.karate - javax.net.ssl.SSLException: Connection reset, http call failed after 365 milliseconds for URL: https://data.rivm.nl/inspire/id#a98a6cdb-61cd-4107-b775-2334e6772ed5
04:25:05.294 [ForkJoinPool-1-worker-5] ERROR com.intuit.karate - http request failed: 
javax.net.ssl.SSLException: Connection reset
04:25:05.294 [ForkJoinPool-1-worker-5] ERROR com.intuit.karate - feature call (loop) failed at index: 0
caller: classpath:InspireTest/ngr/datasetrecords/def/checkxlinkurl.template.feature
arg: {"link":"https://data.rivm.nl/inspire/id#a98a6cdb-61cd-4107-b775-2334e6772ed5"}
checkxlinkurl.template.feature:14 - 
javax.net.ssl.SSLException: Connection reset
04:25:05.296 [ForkJoinPool-1-worker-3] INFO  com.intuit.karate - [print] [
  "http://kadaster/06b6c650-cdb1-11dd-ad8b-0800200c9a78"
]

04:25:05.298 [ForkJoinPool-1-worker-3] INFO  com.intuit.karate - [print]
04:25:05.299 [ForkJoinPool-1-worker-3] INFO  com.intuit.karate - [print] testing xlinkurl:http://kadaster/06b6c650-cdb1-11dd-ad8b-0800200c9a78
04:25:05.299 [ForkJoinPool-1-worker-3] ERROR com.intuit.karate - java.net.UnknownHostException: kadaster, http call failed after 0 milliseconds for URL: http://kadaster/06b6c650-cdb1-11dd-ad8b-0800200c9a78
04:25:05.299 [ForkJoinPool-1-worker-3] ERROR com.intuit.karate - http request failed: 
java.net.UnknownHostException: kadaster
04:25:05.299 [ForkJoinPool-1-worker-3] ERROR com.intuit.karate - feature call (loop) failed at index: 0
caller: classpath:InspireTest/ngr/datasetrecords/def/checkxlinkurl.template.feature
arg: {"link":"http://kadaster/06b6c650-cdb1-11dd-ad8b-0800200c9a78"}
checkxlinkurl.template.feature:14 - 
java.net.UnknownHostException: kadaster
04:25:05.346 [ForkJoinPool-1-worker-9] INFO  com.intuit.karate - [print] title:Windsnelheden op 100m hoogte (m/s)
04:25:05.346 [ForkJoinPool-1-worker-9] INFO  com.intuit.karate - [print] Windsnelheden op 100m hoogte (m/s)
04:25:05.347 [ForkJoinPool-1-worker-9] INFO  com.intuit.karate - [print] [
  "geodatabeheer.giscc@rvo.nl",
  "geodatabeheer.giscc@rvo.nl",
  ""
]

04:25:05.349 [ForkJoinPool-1-worker-9] INFO  com.intuit.karate - [print] organisation: no organisationName found in dataset record
04:25:05.355 [ForkJoinPool-1-worker-9] INFO  com.intuit.karate - [print] [
  "https://nationaalgeoregister.nl/geonetwork/srv/dut/catalog.search#/metadata/d845cef6-0e23-4212-a951-b69763e39ef0"
]

04:25:05.358 [ForkJoinPool-1-worker-9] INFO  com.intuit.karate - [print]
04:25:05.359 [ForkJoinPool-1-worker-9] INFO  com.intuit.karate - [print] testing xlinkurl:https://nationaalgeoregister.nl/geonetwork/srv/dut/catalog.search#/metadata/d845cef6-0e23-4212-a951-b69763e39ef0
04:25:05.645 [ForkJoinPool-1-worker-13] INFO  com.intuit.karate - [print] title:Adressen (INSPIRE geharmoniseerd)
04:25:05.645 [ForkJoinPool-1-worker-13] INFO  com.intuit.karate - [print] Adressen (INSPIRE geharmoniseerd)
04:25:05.646 [ForkJoinPool-1-worker-13] INFO  com.intuit.karate - [print] [
  "PPB-GVA@kadaster.nl",
  "kcc@kadaster.nl"
]

04:25:05.647 [ForkJoinPool-1-worker-13] INFO  com.intuit.karate - [print] organisation: [
  "Kadaster",
  "Kadaster"
]

04:25:05.650 [ForkJoinPool-1-worker-13] INFO  com.intuit.karate - [print] [
  "http://www.opengis.net/def/crs/EPSG/0/http://www.opengis.net/def/crs/EPSG/0/4258",
  "http://kadaster/1d32fc50-cd5b-4425-b0df-16c7c7940e94"
]

04:25:05.653 [ForkJoinPool-1-worker-13] INFO  com.intuit.karate - [print]
04:25:05.653 [ForkJoinPool-1-worker-13] INFO  com.intuit.karate - [print] testing xlinkurl:http://www.opengis.net/def/crs/EPSG/0/http://www.opengis.net/def/crs/EPSG/0/4258
04:25:05.751 [ForkJoinPool-1-worker-11] ERROR com.intuit.karate - status code was: 404, expected: 200, response time: 398, url: http://geonetwork-opensource.org/inspire-theme#, response: 
04:25:05.752 [ForkJoinPool-1-worker-11] ERROR com.intuit.karate - feature call (loop) failed at index: 2
caller: classpath:InspireTest/ngr/datasetrecords/def/checkxlinkurl.template.feature
arg: {"link":"http://geonetwork-opensource.org/inspire-theme#"}
checkxlinkurl.template.feature:15 - status code was: 404, expected: 200, response time: 398, url: http://geonetwork-opensource.org/inspire-theme#, response: 
04:25:05.753 [ForkJoinPool-1-worker-11] INFO  com.intuit.karate - [print]
04:25:05.753 [ForkJoinPool-1-worker-11] INFO  com.intuit.karate - [print] testing xlinkurl:https://www.nationaalgeoregister.nl/geonetwork/srv/eng/thesaurus.download?ref=external.theme.inspire-theme
04:25:05.843 [ForkJoinPool-1-worker-5] INFO  com.intuit.karate - [print] title:Gecontroleerde klimatologische daggegevens KNMI Nederland
04:25:05.843 [ForkJoinPool-1-worker-5] INFO  com.intuit.karate - [print] Gecontroleerde klimatologische daggegevens KNMI Nederland
04:25:05.844 [ForkJoinPool-1-worker-5] INFO  com.intuit.karate - [print] [
  "datacentrum@knmi.nl",
  "datacentrum@knmi.nl",
  "datacentrum@knmi.nl"
]

04:25:05.845 [ForkJoinPool-1-worker-5] INFO  com.intuit.karate - [print] organisation: [
  "Koninklijk Nederlands Meteorologisch Instituut (KNMI)",
  "Koninklijk Nederlands Meteorologisch Instituut (KNMI)",
  "Koninklijk Nederlands Meteorologisch Instituut (KNMI)"
]

04:25:05.853 [ForkJoinPool-1-worker-5] INFO  com.intuit.karate - [print] [
  "https://www.nationaalgeoregister.nl/geonetwork/srv/api/records6e4a2001-fef7-471c-8286-4f859bc1131e",
  "https://creativecommons.org/publicdomain/zero/*/deed.nl"
]

04:25:05.856 [ForkJoinPool-1-worker-5] INFO  com.intuit.karate - [print]
04:25:05.856 [ForkJoinPool-1-worker-5] INFO  com.intuit.karate - [print] testing xlinkurl:https://www.nationaalgeoregister.nl/geonetwork/srv/api/records6e4a2001-fef7-471c-8286-4f859bc1131e
04:25:05.894 [ForkJoinPool-1-worker-3] INFO  com.intuit.karate - [print] title:Luchtfoto 2018 25cm CIR open data
04:25:05.895 [ForkJoinPool-1-worker-3] INFO  com.intuit.karate - [print] Luchtfoto 2018 25cm CIR open data
04:25:05.896 [ForkJoinPool-1-worker-3] INFO  com.intuit.karate - [print] [
  "PPB-GVA@kadaster.nl",
  "info@hetwaterschapshuis.nl",
  "kcc@kadaster.nl",
  "",
  "",
  "",
  "",
  "",
  ""
]

04:25:05.898 [ForkJoinPool-1-worker-3] INFO  com.intuit.karate - [print] organisation: [
  "Kadaster",
  "Het Waterschapshuis",
  "Kadaster",
  "Eurosense",
  "Eurosense",
  "Eurosense",
  "Kadaster",
  "Kadaster"
]

04:25:05.904 [ForkJoinPool-1-worker-3] INFO  com.intuit.karate - [print] [
  "http://kadaster/2482250f-3b00-4439-9f93-f3118229b021",
  "",
  "",
  ""
]

04:25:05.909 [ForkJoinPool-1-worker-3] INFO  com.intuit.karate - [print]
04:25:05.909 [ForkJoinPool-1-worker-3] INFO  com.intuit.karate - [print] testing xlinkurl:http://kadaster/2482250f-3b00-4439-9f93-f3118229b021
04:25:05.910 [ForkJoinPool-1-worker-3] ERROR com.intuit.karate - java.net.UnknownHostException: kadaster, http call failed after 0 milliseconds for URL: http://kadaster/2482250f-3b00-4439-9f93-f3118229b021
04:25:05.911 [ForkJoinPool-1-worker-3] ERROR com.intuit.karate - http request failed: 
java.net.UnknownHostException: kadaster
04:25:05.912 [ForkJoinPool-1-worker-3] ERROR com.intuit.karate - feature call (loop) failed at index: 0
caller: classpath:InspireTest/ngr/datasetrecords/def/checkxlinkurl.template.feature
arg: {"link":"http://kadaster/2482250f-3b00-4439-9f93-f3118229b021"}
checkxlinkurl.template.feature:14 - 
java.net.UnknownHostException: kadaster
04:25:05.914 [ForkJoinPool-1-worker-3] INFO  com.intuit.karate - [print]
04:25:05.914 [ForkJoinPool-1-worker-3] INFO  com.intuit.karate - [print] testing xlinkurl:
04:25:05.915 [ForkJoinPool-1-worker-3] ERROR com.intuit.karate - org.apache.http.client.ClientProtocolException, http call failed after 0 milliseconds for URL: 
04:25:05.916 [ForkJoinPool-1-worker-3] ERROR com.intuit.karate - http request failed: 
org.apache.http.client.ClientProtocolException
04:25:05.916 [ForkJoinPool-1-worker-3] ERROR com.intuit.karate - feature call (loop) failed at index: 1
caller: classpath:InspireTest/ngr/datasetrecords/def/checkxlinkurl.template.feature
arg: {"link":""}
checkxlinkurl.template.feature:14 - 
org.apache.http.client.ClientProtocolException
04:25:05.918 [ForkJoinPool-1-worker-3] INFO  com.intuit.karate - [print]
04:25:05.918 [ForkJoinPool-1-worker-3] INFO  com.intuit.karate - [print] testing xlinkurl:
04:25:05.919 [ForkJoinPool-1-worker-3] ERROR com.intuit.karate - org.apache.http.client.ClientProtocolException, http call failed after 0 milliseconds for URL: 
04:25:05.919 [ForkJoinPool-1-worker-3] ERROR com.intuit.karate - http request failed: 
org.apache.http.client.ClientProtocolException
04:25:05.920 [ForkJoinPool-1-worker-3] ERROR com.intuit.karate - feature call (loop) failed at index: 2
caller: classpath:InspireTest/ngr/datasetrecords/def/checkxlinkurl.template.feature
arg: {"link":""}
checkxlinkurl.template.feature:14 - 
org.apache.http.client.ClientProtocolException
04:25:05.921 [ForkJoinPool-1-worker-3] INFO  com.intuit.karate - [print]
04:25:05.921 [ForkJoinPool-1-worker-3] INFO  com.intuit.karate - [print] testing xlinkurl:
04:25:05.922 [ForkJoinPool-1-worker-3] ERROR com.intuit.karate - org.apache.http.client.ClientProtocolException, http call failed after 0 milliseconds for URL: 
04:25:05.922 [ForkJoinPool-1-worker-3] ERROR com.intuit.karate - http request failed: 
org.apache.http.client.ClientProtocolException
04:25:05.923 [ForkJoinPool-1-worker-3] ERROR com.intuit.karate - feature call (loop) failed at index: 3
caller: classpath:InspireTest/ngr/datasetrecords/def/checkxlinkurl.template.feature
arg: {"link":""}
checkxlinkurl.template.feature:14 - 
org.apache.http.client.ClientProtocolException
04:25:05.954 [ForkJoinPool-1-worker-13] INFO  com.intuit.karate - [print]
04:25:05.954 [ForkJoinPool-1-worker-13] INFO  com.intuit.karate - [print] testing xlinkurl:http://kadaster/1d32fc50-cd5b-4425-b0df-16c7c7940e94
04:25:05.954 [ForkJoinPool-1-worker-13] ERROR com.intuit.karate - java.net.UnknownHostException: kadaster, http call failed after 0 milliseconds for URL: http://kadaster/1d32fc50-cd5b-4425-b0df-16c7c7940e94
04:25:05.954 [ForkJoinPool-1-worker-13] ERROR com.intuit.karate - http request failed: 
java.net.UnknownHostException: kadaster
04:25:05.955 [ForkJoinPool-1-worker-13] ERROR com.intuit.karate - feature call (loop) failed at index: 1
caller: classpath:InspireTest/ngr/datasetrecords/def/checkxlinkurl.template.feature
arg: {"link":"http://kadaster/1d32fc50-cd5b-4425-b0df-16c7c7940e94"}
checkxlinkurl.template.feature:14 - 
java.net.UnknownHostException: kadaster
04:25:06.066 [ForkJoinPool-1-worker-11] ERROR com.intuit.karate - status code was: 500, expected: 200, response time: 312, url: https://www.nationaalgeoregister.nl/geonetwork/srv/eng/thesaurus.download?ref=external.theme.inspire-theme, response: 
04:25:06.066 [ForkJoinPool-1-worker-11] ERROR com.intuit.karate - feature call (loop) failed at index: 3
caller: classpath:InspireTest/ngr/datasetrecords/def/checkxlinkurl.template.feature
arg: {"link":"https://www.nationaalgeoregister.nl/geonetwork/srv/eng/thesaurus.download?ref=external.theme.inspire-theme"}
checkxlinkurl.template.feature:15 - status code was: 500, expected: 200, response time: 312, url: https://www.nationaalgeoregister.nl/geonetwork/srv/eng/thesaurus.download?ref=external.theme.inspire-theme, response: 
04:25:06.166 [ForkJoinPool-1-worker-5] ERROR com.intuit.karate - status code was: 500, expected: 200, response time: 310, url: https://www.nationaalgeoregister.nl/geonetwork/srv/api/records6e4a2001-fef7-471c-8286-4f859bc1131e, response: 
04:25:06.167 [ForkJoinPool-1-worker-5] ERROR com.intuit.karate - feature call (loop) failed at index: 0
caller: classpath:InspireTest/ngr/datasetrecords/def/checkxlinkurl.template.feature
arg: {"link":"https://www.nationaalgeoregister.nl/geonetwork/srv/api/records6e4a2001-fef7-471c-8286-4f859bc1131e"}
checkxlinkurl.template.feature:15 - status code was: 500, expected: 200, response time: 310, url: https://www.nationaalgeoregister.nl/geonetwork/srv/api/records6e4a2001-fef7-471c-8286-4f859bc1131e, response: 
04:25:06.168 [ForkJoinPool-1-worker-5] INFO  com.intuit.karate - [print]
04:25:06.168 [ForkJoinPool-1-worker-5] INFO  com.intuit.karate - [print] testing xlinkurl:https://creativecommons.org/publicdomain/zero/*/deed.nl
04:25:06.214 [ForkJoinPool-1-worker-9] INFO  com.intuit.karate - [print] title:Luchtfoto 2019 25cm RGB open data
04:25:06.214 [ForkJoinPool-1-worker-9] INFO  com.intuit.karate - [print] Luchtfoto 2019 25cm RGB open data
04:25:06.215 [ForkJoinPool-1-worker-9] INFO  com.intuit.karate - [print] [
  "PPB-GVA@kadaster.nl",
  "info@hetwaterschapshuis.nl",
  "kcc@kadaster.nl",
  "",
  "",
  "",
  "",
  "",
  ""
]

04:25:06.216 [ForkJoinPool-1-worker-9] INFO  com.intuit.karate - [print] organisation: [
  "Kadaster",
  "Het Waterschapshuis",
  "Kadaster",
  "Geocart",
  "Geocart",
  "Geocart",
  "Kadaster",
  "Kadaster"
]

04:25:06.219 [ForkJoinPool-1-worker-9] INFO  com.intuit.karate - [print] [
  "http://kadaster/2482250f-3b00-4439-9f93-f3118229b023",
  "",
  "",
  ""
]

04:25:06.222 [ForkJoinPool-1-worker-9] INFO  com.intuit.karate - [print]
04:25:06.222 [ForkJoinPool-1-worker-9] INFO  com.intuit.karate - [print] testing xlinkurl:http://kadaster/2482250f-3b00-4439-9f93-f3118229b023
04:25:06.223 [ForkJoinPool-1-worker-9] ERROR com.intuit.karate - java.net.UnknownHostException: kadaster, http call failed after 0 milliseconds for URL: http://kadaster/2482250f-3b00-4439-9f93-f3118229b023
04:25:06.223 [ForkJoinPool-1-worker-9] ERROR com.intuit.karate - http request failed: 
java.net.UnknownHostException: kadaster
04:25:06.223 [ForkJoinPool-1-worker-9] ERROR com.intuit.karate - feature call (loop) failed at index: 0
caller: classpath:InspireTest/ngr/datasetrecords/def/checkxlinkurl.template.feature
arg: {"link":"http://kadaster/2482250f-3b00-4439-9f93-f3118229b023"}
checkxlinkurl.template.feature:14 - 
java.net.UnknownHostException: kadaster
04:25:06.224 [ForkJoinPool-1-worker-9] INFO  com.intuit.karate - [print]
04:25:06.224 [ForkJoinPool-1-worker-9] INFO  com.intuit.karate - [print] testing xlinkurl:
04:25:06.224 [ForkJoinPool-1-worker-9] ERROR com.intuit.karate - org.apache.http.client.ClientProtocolException, http call failed after 0 milliseconds for URL: 
04:25:06.224 [ForkJoinPool-1-worker-9] ERROR com.intuit.karate - http request failed: 
org.apache.http.client.ClientProtocolException
04:25:06.224 [ForkJoinPool-1-worker-9] ERROR com.intuit.karate - feature call (loop) failed at index: 1
caller: classpath:InspireTest/ngr/datasetrecords/def/checkxlinkurl.template.feature
arg: {"link":""}
checkxlinkurl.template.feature:14 - 
org.apache.http.client.ClientProtocolException
04:25:06.225 [ForkJoinPool-1-worker-9] INFO  com.intuit.karate - [print]
04:25:06.225 [ForkJoinPool-1-worker-9] INFO  com.intuit.karate - [print] testing xlinkurl:
04:25:06.225 [ForkJoinPool-1-worker-9] ERROR com.intuit.karate - org.apache.http.client.ClientProtocolException, http call failed after 0 milliseconds for URL: 
04:25:06.225 [ForkJoinPool-1-worker-9] ERROR com.intuit.karate - http request failed: 
org.apache.http.client.ClientProtocolException
04:25:06.225 [ForkJoinPool-1-worker-9] ERROR com.intuit.karate - feature call (loop) failed at index: 2
caller: classpath:InspireTest/ngr/datasetrecords/def/checkxlinkurl.template.feature
arg: {"link":""}
checkxlinkurl.template.feature:14 - 
org.apache.http.client.ClientProtocolException
04:25:06.226 [ForkJoinPool-1-worker-9] INFO  com.intuit.karate - [print]
04:25:06.226 [ForkJoinPool-1-worker-9] INFO  com.intuit.karate - [print] testing xlinkurl:
04:25:06.226 [ForkJoinPool-1-worker-9] ERROR com.intuit.karate - org.apache.http.client.ClientProtocolException, http call failed after 0 milliseconds for URL: 
04:25:06.226 [ForkJoinPool-1-worker-9] ERROR com.intuit.karate - http request failed: 
org.apache.http.client.ClientProtocolException
04:25:06.226 [ForkJoinPool-1-worker-9] ERROR com.intuit.karate - feature call (loop) failed at index: 3
caller: classpath:InspireTest/ngr/datasetrecords/def/checkxlinkurl.template.feature
arg: {"link":""}
checkxlinkurl.template.feature:14 - 
org.apache.http.client.ClientProtocolException
04:25:06.233 [ForkJoinPool-1-worker-5] ERROR com.intuit.karate - status code was: 404, expected: 200, response time: 64, url: https://creativecommons.org/publicdomain/zero/*/deed.nl, response: 
04:25:06.233 [ForkJoinPool-1-worker-5] ERROR com.intuit.karate - feature call (loop) failed at index: 1
caller: classpath:InspireTest/ngr/datasetrecords/def/checkxlinkurl.template.feature
arg: {"link":"https://creativecommons.org/publicdomain/zero/*/deed.nl"}
checkxlinkurl.template.feature:15 - status code was: 404, expected: 200, response time: 64, url: https://creativecommons.org/publicdomain/zero/*/deed.nl, response: 
04:25:06.352 [ForkJoinPool-1-worker-7] ERROR com.intuit.karate - status code was: 404, expected: 200, response time: 538, url: https://data.overheid.nl/organisatie/PDOK, response: 
04:25:06.352 [ForkJoinPool-1-worker-7] ERROR com.intuit.karate - feature call (loop) failed at index: 4
caller: classpath:InspireTest/ngr/datasetrecords/def/checkxlinkurl.template.feature
arg: {"link":"https://data.overheid.nl/organisatie/PDOK"}
checkxlinkurl.template.feature:15 - status code was: 404, expected: 200, response time: 538, url: https://data.overheid.nl/organisatie/PDOK, response: 
04:25:06.465 [ForkJoinPool-1-worker-3] INFO  com.intuit.karate - [print] title:Geluidkaart hoofdspoornet 2011 (Lden)
04:25:06.465 [ForkJoinPool-1-worker-3] INFO  com.intuit.karate - [print] Geluidkaart hoofdspoornet 2011 (Lden)
04:25:06.466 [ForkJoinPool-1-worker-3] INFO  com.intuit.karate - [print] [
  "sylvia.koolmees@minienw.nl",
  "sylvia.koolmees@minienw.nl"
]

04:25:06.467 [ForkJoinPool-1-worker-3] INFO  com.intuit.karate - [print] organisation: [
  "Ministerie van IenW",
  "Ministerie van IenW"
]

04:25:06.470 [ForkJoinPool-1-worker-3] INFO  com.intuit.karate - [print] [
  "https://www.nationaalgeoregister.nl/geonetwork/srv/api/records844404a2-9cd0-452e-b29a-74588777485a"
]

04:25:06.473 [ForkJoinPool-1-worker-3] INFO  com.intuit.karate - [print]
04:25:06.473 [ForkJoinPool-1-worker-3] INFO  com.intuit.karate - [print] testing xlinkurl:https://www.nationaalgeoregister.nl/geonetwork/srv/api/records844404a2-9cd0-452e-b29a-74588777485a
04:25:06.491 [ForkJoinPool-1-worker-13] INFO  com.intuit.karate - [print] title:Habitatrichtlijn verspreiding van soorten
04:25:06.491 [ForkJoinPool-1-worker-13] INFO  com.intuit.karate - [print] Habitatrichtlijn verspreiding van soorten
04:25:06.492 [ForkJoinPool-1-worker-13] INFO  com.intuit.karate - [print] [
  "geodatabeheer.giscc@rvo.nl",
  "GeoDesk.CGI@wur.nl",
  "geodatabeheer.giscc@rvo.nl",
  "beheerPDOK@kadaster.nl",
  "",
  "",
  ""
]

04:25:06.494 [ForkJoinPool-1-worker-13] INFO  com.intuit.karate - [print] organisation: [
  "Wageningen Environmental Research (Alterra)",
  "PDOK",
  "CBS",
  "Natuurloket",
  "PGO's"
]

04:25:06.497 [ForkJoinPool-1-worker-13] INFO  com.intuit.karate - [print] [
  "http://standaarden.overheid.nl/owms/terms/Ministerie_van_Landbouw,_Natuur_en_Voedselkwaliteit",
  "https://www.nationaalgeoregister.nl/geonetwork/srv/dut/catalog.search#/metadata/28c4780a-1a44-4376-b283-14a50a481729",
  "http://standaarden.overheid.nl/owms/terms/Ministerie_van_Landbouw,_Natuur_en_Voedselkwaliteit"
]

04:25:06.500 [ForkJoinPool-1-worker-13] INFO  com.intuit.karate - [print]
04:25:06.501 [ForkJoinPool-1-worker-13] INFO  com.intuit.karate - [print] testing xlinkurl:http://standaarden.overheid.nl/owms/terms/Ministerie_van_Landbouw,_Natuur_en_Voedselkwaliteit
04:25:06.618 [ForkJoinPool-1-worker-11] INFO  com.intuit.karate - [print] title:Grondwater Monitoring Net
04:25:06.618 [ForkJoinPool-1-worker-11] INFO  com.intuit.karate - [print] Grondwater Monitoring Net
04:25:06.619 [ForkJoinPool-1-worker-11] INFO  com.intuit.karate - [print] [
  "info@bro.nl",
  "Info@bro.nl",
  "info@dinoloket.nl"
]

04:25:06.620 [ForkJoinPool-1-worker-11] INFO  com.intuit.karate - [print] organisation: [
  "TNO Geologische Dienst Nederland",
  "TNO Geologische Dienst Nederland",
  "TNO Geologische Dienst Nederland"
]

04:25:06.625 [ForkJoinPool-1-worker-11] INFO  com.intuit.karate - [print] [
  "https://nationaalgeoregister.nl/geonetwork/srv/resourcesff07bd5a-d6eb-11ea-87d0-0242ac130003",
  "https://www.nationaalgeoregister.nl/geonetwork/srv/eng/thesaurus.download?ref=external.theme.inspire-theme"
]

04:25:06.631 [ForkJoinPool-1-worker-11] INFO  com.intuit.karate - [print]
04:25:06.632 [ForkJoinPool-1-worker-11] INFO  com.intuit.karate - [print] testing xlinkurl:https://nationaalgeoregister.nl/geonetwork/srv/resourcesff07bd5a-d6eb-11ea-87d0-0242ac130003
04:25:06.722 [ForkJoinPool-1-worker-7] INFO  com.intuit.karate - [print] title:Luchtvaartinformatie
04:25:06.722 [ForkJoinPool-1-worker-7] INFO  com.intuit.karate - [print] Luchtvaartinformatie
04:25:06.723 [ForkJoinPool-1-worker-7] INFO  com.intuit.karate - [print] [
  "AIS@LVNL.NL",
  "AIS@LVNL.nl"
]

04:25:06.724 [ForkJoinPool-1-worker-7] INFO  com.intuit.karate - [print] organisation: [
  "Luchtverkeersleiding Nederland (LVNL)",
  "Luchtverkeersleiding Nederland (LVNL)"
]

04:25:06.728 [ForkJoinPool-1-worker-7] INFO  com.intuit.karate - [print] [
  "u",
  "r",
  "n",
  ":",
  "o",
  "g",
  "c",
  ":",
  "d",
  "e",
  "f",
  ":",
  "c",
  "r",
  "s",
  ":",
  "E",
  "P",
  "S",
  "G",
  ":",
  ":",
  "5",
  "6",
  "2",
  "1"
]

04:25:06.731 [ForkJoinPool-1-worker-7] INFO  com.intuit.karate - [print]
04:25:06.732 [ForkJoinPool-1-worker-7] INFO  com.intuit.karate - [print] testing xlinkurl:u
04:25:06.732 [ForkJoinPool-1-worker-7] ERROR com.intuit.karate - org.apache.http.client.ClientProtocolException, http call failed after 0 milliseconds for URL: u
04:25:06.733 [ForkJoinPool-1-worker-7] ERROR com.intuit.karate - http request failed: 
org.apache.http.client.ClientProtocolException
04:25:06.733 [ForkJoinPool-1-worker-7] ERROR com.intuit.karate - feature call (loop) failed at index: 0
caller: classpath:InspireTest/ngr/datasetrecords/def/checkxlinkurl.template.feature
arg: {"link":"u"}
checkxlinkurl.template.feature:14 - 
org.apache.http.client.ClientProtocolException
04:25:06.734 [ForkJoinPool-1-worker-7] INFO  com.intuit.karate - [print]
04:25:06.734 [ForkJoinPool-1-worker-7] INFO  com.intuit.karate - [print] testing xlinkurl:r
04:25:06.735 [ForkJoinPool-1-worker-7] ERROR com.intuit.karate - org.apache.http.client.ClientProtocolException, http call failed after 0 milliseconds for URL: r
04:25:06.735 [ForkJoinPool-1-worker-7] ERROR com.intuit.karate - http request failed: 
org.apache.http.client.ClientProtocolException
04:25:06.736 [ForkJoinPool-1-worker-7] ERROR com.intuit.karate - feature call (loop) failed at index: 1
caller: classpath:InspireTest/ngr/datasetrecords/def/checkxlinkurl.template.feature
arg: {"link":"r"}
checkxlinkurl.template.feature:14 - 
org.apache.http.client.ClientProtocolException
04:25:06.737 [ForkJoinPool-1-worker-7] INFO  com.intuit.karate - [print]
04:25:06.737 [ForkJoinPool-1-worker-7] INFO  com.intuit.karate - [print] testing xlinkurl:n
04:25:06.737 [ForkJoinPool-1-worker-7] ERROR com.intuit.karate - org.apache.http.client.ClientProtocolException, http call failed after 0 milliseconds for URL: n
04:25:06.738 [ForkJoinPool-1-worker-7] ERROR com.intuit.karate - http request failed: 
org.apache.http.client.ClientProtocolException
04:25:06.738 [ForkJoinPool-1-worker-7] ERROR com.intuit.karate - feature call (loop) failed at index: 2
caller: classpath:InspireTest/ngr/datasetrecords/def/checkxlinkurl.template.feature
arg: {"link":"n"}
checkxlinkurl.template.feature:14 - 
org.apache.http.client.ClientProtocolException
04:25:06.739 [ForkJoinPool-1-worker-7] INFO  com.intuit.karate - [print]
04:25:06.739 [ForkJoinPool-1-worker-7] INFO  com.intuit.karate - [print] testing xlinkurl::
04:25:06.740 [ForkJoinPool-1-worker-7] ERROR com.intuit.karate - http request failed: java.net.URISyntaxException: Expected scheme name at index 0: :
04:25:06.740 [ForkJoinPool-1-worker-7] ERROR com.intuit.karate - feature call (loop) failed at index: 3
caller: classpath:InspireTest/ngr/datasetrecords/def/checkxlinkurl.template.feature
arg: {"link":":"}
checkxlinkurl.template.feature:14 - java.net.URISyntaxException: Expected scheme name at index 0: :
04:25:06.741 [ForkJoinPool-1-worker-7] INFO  com.intuit.karate - [print]
04:25:06.741 [ForkJoinPool-1-worker-7] INFO  com.intuit.karate - [print] testing xlinkurl:o
04:25:06.749 [ForkJoinPool-1-worker-7] ERROR com.intuit.karate - org.apache.http.client.ClientProtocolException, http call failed after 0 milliseconds for URL: o
04:25:06.750 [ForkJoinPool-1-worker-7] ERROR com.intuit.karate - http request failed: 
org.apache.http.client.ClientProtocolException
04:25:06.750 [ForkJoinPool-1-worker-7] ERROR com.intuit.karate - feature call (loop) failed at index: 4
caller: classpath:InspireTest/ngr/datasetrecords/def/checkxlinkurl.template.feature
arg: {"link":"o"}
checkxlinkurl.template.feature:14 - 
org.apache.http.client.ClientProtocolException
04:25:06.751 [ForkJoinPool-1-worker-7] INFO  com.intuit.karate - [print]
04:25:06.751 [ForkJoinPool-1-worker-7] INFO  com.intuit.karate - [print] testing xlinkurl:g
04:25:06.761 [ForkJoinPool-1-worker-7] ERROR com.intuit.karate - org.apache.http.client.ClientProtocolException, http call failed after 0 milliseconds for URL: g
04:25:06.761 [ForkJoinPool-1-worker-7] ERROR com.intuit.karate - http request failed: 
org.apache.http.client.ClientProtocolException
04:25:06.762 [ForkJoinPool-1-worker-7] ERROR com.intuit.karate - feature call (loop) failed at index: 5
caller: classpath:InspireTest/ngr/datasetrecords/def/checkxlinkurl.template.feature
arg: {"link":"g"}
checkxlinkurl.template.feature:14 - 
org.apache.http.client.ClientProtocolException
04:25:06.763 [ForkJoinPool-1-worker-7] INFO  com.intuit.karate - [print]
04:25:06.763 [ForkJoinPool-1-worker-7] INFO  com.intuit.karate - [print] testing xlinkurl:c
04:25:06.764 [ForkJoinPool-1-worker-7] ERROR com.intuit.karate - org.apache.http.client.ClientProtocolException, http call failed after 0 milliseconds for URL: c
04:25:06.764 [ForkJoinPool-1-worker-7] ERROR com.intuit.karate - http request failed: 
org.apache.http.client.ClientProtocolException
04:25:06.764 [ForkJoinPool-1-worker-7] ERROR com.intuit.karate - feature call (loop) failed at index: 6
caller: classpath:InspireTest/ngr/datasetrecords/def/checkxlinkurl.template.feature
arg: {"link":"c"}
checkxlinkurl.template.feature:14 - 
org.apache.http.client.ClientProtocolException
04:25:06.765 [ForkJoinPool-1-worker-7] INFO  com.intuit.karate - [print]
04:25:06.766 [ForkJoinPool-1-worker-7] INFO  com.intuit.karate - [print] testing xlinkurl::
04:25:06.766 [ForkJoinPool-1-worker-7] ERROR com.intuit.karate - http request failed: java.net.URISyntaxException: Expected scheme name at index 0: :
04:25:06.766 [ForkJoinPool-1-worker-7] ERROR com.intuit.karate - feature call (loop) failed at index: 7
caller: classpath:InspireTest/ngr/datasetrecords/def/checkxlinkurl.template.feature
arg: {"link":":"}
checkxlinkurl.template.feature:14 - java.net.URISyntaxException: Expected scheme name at index 0: :
04:25:06.767 [ForkJoinPool-1-worker-7] INFO  com.intuit.karate - [print]
04:25:06.767 [ForkJoinPool-1-worker-7] INFO  com.intuit.karate - [print] testing xlinkurl:d
04:25:06.768 [ForkJoinPool-1-worker-7] ERROR com.intuit.karate - org.apache.http.client.ClientProtocolException, http call failed after 0 milliseconds for URL: d
04:25:06.768 [ForkJoinPool-1-worker-7] ERROR com.intuit.karate - http request failed: 
org.apache.http.client.ClientProtocolException
04:25:06.769 [ForkJoinPool-1-worker-7] ERROR com.intuit.karate - feature call (loop) failed at index: 8
caller: classpath:InspireTest/ngr/datasetrecords/def/checkxlinkurl.template.feature
arg: {"link":"d"}
checkxlinkurl.template.feature:14 - 
org.apache.http.client.ClientProtocolException
04:25:06.770 [ForkJoinPool-1-worker-7] INFO  com.intuit.karate - [print]
04:25:06.770 [ForkJoinPool-1-worker-7] INFO  com.intuit.karate - [print] testing xlinkurl:e
04:25:06.770 [ForkJoinPool-1-worker-7] ERROR com.intuit.karate - org.apache.http.client.ClientProtocolException, http call failed after 0 milliseconds for URL: e
04:25:06.771 [ForkJoinPool-1-worker-7] ERROR com.intuit.karate - http request failed: 
org.apache.http.client.ClientProtocolException
04:25:06.771 [ForkJoinPool-1-worker-7] ERROR com.intuit.karate - feature call (loop) failed at index: 9
caller: classpath:InspireTest/ngr/datasetrecords/def/checkxlinkurl.template.feature
arg: {"link":"e"}
checkxlinkurl.template.feature:14 - 
org.apache.http.client.ClientProtocolException
04:25:06.772 [ForkJoinPool-1-worker-7] INFO  com.intuit.karate - [print]
04:25:06.773 [ForkJoinPool-1-worker-7] INFO  com.intuit.karate - [print] testing xlinkurl:f
04:25:06.773 [ForkJoinPool-1-worker-7] ERROR com.intuit.karate - org.apache.http.client.ClientProtocolException, http call failed after 0 milliseconds for URL: f
04:25:06.774 [ForkJoinPool-1-worker-7] ERROR com.intuit.karate - http request failed: 
org.apache.http.client.ClientProtocolException
04:25:06.774 [ForkJoinPool-1-worker-7] ERROR com.intuit.karate - feature call (loop) failed at index: 10
caller: classpath:InspireTest/ngr/datasetrecords/def/checkxlinkurl.template.feature
arg: {"link":"f"}
checkxlinkurl.template.feature:14 - 
org.apache.http.client.ClientProtocolException
04:25:06.775 [ForkJoinPool-1-worker-7] INFO  com.intuit.karate - [print]
04:25:06.775 [ForkJoinPool-1-worker-7] INFO  com.intuit.karate - [print] testing xlinkurl::
04:25:06.775 [ForkJoinPool-1-worker-7] ERROR com.intuit.karate - http request failed: java.net.URISyntaxException: Expected scheme name at index 0: :
04:25:06.776 [ForkJoinPool-1-worker-7] ERROR com.intuit.karate - feature call (loop) failed at index: 11
caller: classpath:InspireTest/ngr/datasetrecords/def/checkxlinkurl.template.feature
arg: {"link":":"}
checkxlinkurl.template.feature:14 - java.net.URISyntaxException: Expected scheme name at index 0: :
04:25:06.777 [ForkJoinPool-1-worker-7] INFO  com.intuit.karate - [print]
04:25:06.777 [ForkJoinPool-1-worker-7] INFO  com.intuit.karate - [print] testing xlinkurl:c
04:25:06.778 [ForkJoinPool-1-worker-7] ERROR com.intuit.karate - org.apache.http.client.ClientProtocolException, http call failed after 0 milliseconds for URL: c
04:25:06.779 [ForkJoinPool-1-worker-7] ERROR com.intuit.karate - http request failed: 
org.apache.http.client.ClientProtocolException
04:25:06.779 [ForkJoinPool-1-worker-7] ERROR com.intuit.karate - feature call (loop) failed at index: 12
caller: classpath:InspireTest/ngr/datasetrecords/def/checkxlinkurl.template.feature
arg: {"link":"c"}
checkxlinkurl.template.feature:14 - 
org.apache.http.client.ClientProtocolException
04:25:06.780 [ForkJoinPool-1-worker-7] INFO  com.intuit.karate - [print]
04:25:06.780 [ForkJoinPool-1-worker-7] INFO  com.intuit.karate - [print] testing xlinkurl:r
04:25:06.781 [ForkJoinPool-1-worker-3] ERROR com.intuit.karate - status code was: 500, expected: 200, response time: 307, url: https://www.nationaalgeoregister.nl/geonetwork/srv/api/records844404a2-9cd0-452e-b29a-74588777485a, response: 
04:25:06.781 [ForkJoinPool-1-worker-3] ERROR com.intuit.karate - feature call (loop) failed at index: 0
caller: classpath:InspireTest/ngr/datasetrecords/def/checkxlinkurl.template.feature
arg: {"link":"https://www.nationaalgeoregister.nl/geonetwork/srv/api/records844404a2-9cd0-452e-b29a-74588777485a"}
checkxlinkurl.template.feature:15 - status code was: 500, expected: 200, response time: 307, url: https://www.nationaalgeoregister.nl/geonetwork/srv/api/records844404a2-9cd0-452e-b29a-74588777485a, response: 
04:25:06.782 [ForkJoinPool-1-worker-7] ERROR com.intuit.karate - org.apache.http.client.ClientProtocolException, http call failed after 0 milliseconds for URL: r
04:25:06.782 [ForkJoinPool-1-worker-7] ERROR com.intuit.karate - http request failed: 
org.apache.http.client.ClientProtocolException
04:25:06.782 [ForkJoinPool-1-worker-7] ERROR com.intuit.karate - feature call (loop) failed at index: 13
caller: classpath:InspireTest/ngr/datasetrecords/def/checkxlinkurl.template.feature
arg: {"link":"r"}
checkxlinkurl.template.feature:14 - 
org.apache.http.client.ClientProtocolException
04:25:06.783 [ForkJoinPool-1-worker-7] INFO  com.intuit.karate - [print]
04:25:06.783 [ForkJoinPool-1-worker-7] INFO  com.intuit.karate - [print] testing xlinkurl:s
04:25:06.784 [ForkJoinPool-1-worker-7] ERROR com.intuit.karate - org.apache.http.client.ClientProtocolException, http call failed after 0 milliseconds for URL: s
04:25:06.784 [ForkJoinPool-1-worker-7] ERROR com.intuit.karate - http request failed: 
org.apache.http.client.ClientProtocolException
04:25:06.785 [ForkJoinPool-1-worker-7] ERROR com.intuit.karate - feature call (loop) failed at index: 14
caller: classpath:InspireTest/ngr/datasetrecords/def/checkxlinkurl.template.feature
arg: {"link":"s"}
checkxlinkurl.template.feature:14 - 
org.apache.http.client.ClientProtocolException
04:25:06.785 [ForkJoinPool-1-worker-7] INFO  com.intuit.karate - [print]
04:25:06.792 [ForkJoinPool-1-worker-7] INFO  com.intuit.karate - [print] testing xlinkurl::
04:25:06.792 [ForkJoinPool-1-worker-7] ERROR com.intuit.karate - http request failed: java.net.URISyntaxException: Expected scheme name at index 0: :
04:25:06.792 [ForkJoinPool-1-worker-7] ERROR com.intuit.karate - feature call (loop) failed at index: 15
caller: classpath:InspireTest/ngr/datasetrecords/def/checkxlinkurl.template.feature
arg: {"link":":"}
checkxlinkurl.template.feature:14 - java.net.URISyntaxException: Expected scheme name at index 0: :
04:25:06.793 [ForkJoinPool-1-worker-7] INFO  com.intuit.karate - [print]
04:25:06.793 [ForkJoinPool-1-worker-7] INFO  com.intuit.karate - [print] testing xlinkurl:E
04:25:06.794 [ForkJoinPool-1-worker-7] ERROR com.intuit.karate - org.apache.http.client.ClientProtocolException, http call failed after 0 milliseconds for URL: E
04:25:06.794 [ForkJoinPool-1-worker-7] ERROR com.intuit.karate - http request failed: 
org.apache.http.client.ClientProtocolException
04:25:06.794 [ForkJoinPool-1-worker-7] ERROR com.intuit.karate - feature call (loop) failed at index: 16
caller: classpath:InspireTest/ngr/datasetrecords/def/checkxlinkurl.template.feature
arg: {"link":"E"}
checkxlinkurl.template.feature:14 - 
org.apache.http.client.ClientProtocolException
04:25:06.795 [ForkJoinPool-1-worker-7] INFO  com.intuit.karate - [print]
04:25:06.795 [ForkJoinPool-1-worker-9] INFO  com.intuit.karate - [print] title:Luchtfoto 2016 25cm RGB open data
04:25:06.795 [ForkJoinPool-1-worker-9] INFO  com.intuit.karate - [print] Luchtfoto 2016 25cm RGB open data
04:25:06.796 [ForkJoinPool-1-worker-9] INFO  com.intuit.karate - [print] [
  "PPB-GVA@kadaster.nl",
  "info@hetwaterschapshuis.nl",
  "kcc@kadaster.nl",
  "",
  "",
  "",
  "",
  "",
  ""
]

04:25:06.797 [ForkJoinPool-1-worker-9] INFO  com.intuit.karate - [print] organisation: [
  "Kadaster",
  "Het Waterschapshuis",
  "Kadaster",
  "Eurosense",
  "Eurosense",
  "Eurosense",
  "Kadaster",
  "Kadaster"
]

04:25:06.800 [ForkJoinPool-1-worker-9] INFO  com.intuit.karate - [print] [
  "http://kadaster/2482250f-3b00-4439-9f93-f3118229b014",
  "",
  "",
  ""
]

04:25:06.800 [ForkJoinPool-1-worker-7] INFO  com.intuit.karate - [print] testing xlinkurl:P
04:25:06.802 [ForkJoinPool-1-worker-7] ERROR com.intuit.karate - org.apache.http.client.ClientProtocolException, http call failed after 0 milliseconds for URL: P
04:25:06.802 [ForkJoinPool-1-worker-7] ERROR com.intuit.karate - http request failed: 
org.apache.http.client.ClientProtocolException
04:25:06.802 [ForkJoinPool-1-worker-7] ERROR com.intuit.karate - feature call (loop) failed at index: 17
caller: classpath:InspireTest/ngr/datasetrecords/def/checkxlinkurl.template.feature
arg: {"link":"P"}
checkxlinkurl.template.feature:14 - 
org.apache.http.client.ClientProtocolException
04:25:06.803 [ForkJoinPool-1-worker-7] INFO  com.intuit.karate - [print]
04:25:06.803 [ForkJoinPool-1-worker-7] INFO  com.intuit.karate - [print] testing xlinkurl:S
04:25:06.803 [ForkJoinPool-1-worker-7] ERROR com.intuit.karate - org.apache.http.client.ClientProtocolException, http call failed after 0 milliseconds for URL: S
04:25:06.803 [ForkJoinPool-1-worker-7] ERROR com.intuit.karate - http request failed: 
org.apache.http.client.ClientProtocolException
04:25:06.803 [ForkJoinPool-1-worker-7] ERROR com.intuit.karate - feature call (loop) failed at index: 18
caller: classpath:InspireTest/ngr/datasetrecords/def/checkxlinkurl.template.feature
arg: {"link":"S"}
checkxlinkurl.template.feature:14 - 
org.apache.http.client.ClientProtocolException
04:25:06.804 [ForkJoinPool-1-worker-7] INFO  com.intuit.karate - [print]
04:25:06.804 [ForkJoinPool-1-worker-7] INFO  com.intuit.karate - [print] testing xlinkurl:G
04:25:06.805 [ForkJoinPool-1-worker-7] ERROR com.intuit.karate - org.apache.http.client.ClientProtocolException, http call failed after 0 milliseconds for URL: G
04:25:06.805 [ForkJoinPool-1-worker-7] ERROR com.intuit.karate - http request failed: 
org.apache.http.client.ClientProtocolException
04:25:06.805 [ForkJoinPool-1-worker-7] ERROR com.intuit.karate - feature call (loop) failed at index: 19
caller: classpath:InspireTest/ngr/datasetrecords/def/checkxlinkurl.template.feature
arg: {"link":"G"}
checkxlinkurl.template.feature:14 - 
org.apache.http.client.ClientProtocolException
04:25:06.806 [ForkJoinPool-1-worker-7] INFO  com.intuit.karate - [print]
04:25:06.807 [ForkJoinPool-1-worker-7] INFO  com.intuit.karate - [print] testing xlinkurl::
04:25:06.809 [ForkJoinPool-1-worker-7] ERROR com.intuit.karate - http request failed: java.net.URISyntaxException: Expected scheme name at index 0: :
04:25:06.809 [ForkJoinPool-1-worker-7] ERROR com.intuit.karate - feature call (loop) failed at index: 20
caller: classpath:InspireTest/ngr/datasetrecords/def/checkxlinkurl.template.feature
arg: {"link":":"}
checkxlinkurl.template.feature:14 - java.net.URISyntaxException: Expected scheme name at index 0: :
04:25:06.809 [ForkJoinPool-1-worker-7] INFO  com.intuit.karate - [print]
04:25:06.813 [ForkJoinPool-1-worker-7] INFO  com.intuit.karate - [print] testing xlinkurl::
04:25:06.813 [ForkJoinPool-1-worker-7] ERROR com.intuit.karate - http request failed: java.net.URISyntaxException: Expected scheme name at index 0: :
04:25:06.813 [ForkJoinPool-1-worker-7] ERROR com.intuit.karate - feature call (loop) failed at index: 21
caller: classpath:InspireTest/ngr/datasetrecords/def/checkxlinkurl.template.feature
arg: {"link":":"}
checkxlinkurl.template.feature:14 - java.net.URISyntaxException: Expected scheme name at index 0: :
04:25:06.814 [ForkJoinPool-1-worker-7] INFO  com.intuit.karate - [print]
04:25:06.820 [ForkJoinPool-1-worker-7] INFO  com.intuit.karate - [print] testing xlinkurl:5
04:25:06.820 [ForkJoinPool-1-worker-7] ERROR com.intuit.karate - org.apache.http.client.ClientProtocolException, http call failed after 0 milliseconds for URL: 5
04:25:06.821 [ForkJoinPool-1-worker-7] ERROR com.intuit.karate - http request failed: 
org.apache.http.client.ClientProtocolException
04:25:06.821 [ForkJoinPool-1-worker-7] ERROR com.intuit.karate - feature call (loop) failed at index: 22
caller: classpath:InspireTest/ngr/datasetrecords/def/checkxlinkurl.template.feature
arg: {"link":"5"}
checkxlinkurl.template.feature:14 - 
org.apache.http.client.ClientProtocolException
04:25:06.822 [ForkJoinPool-1-worker-7] INFO  com.intuit.karate - [print]
04:25:06.822 [ForkJoinPool-1-worker-7] INFO  com.intuit.karate - [print] testing xlinkurl:6
04:25:06.822 [ForkJoinPool-1-worker-7] ERROR com.intuit.karate - org.apache.http.client.ClientProtocolException, http call failed after 0 milliseconds for URL: 6
04:25:06.822 [ForkJoinPool-1-worker-7] ERROR com.intuit.karate - http request failed: 
org.apache.http.client.ClientProtocolException
04:25:06.822 [ForkJoinPool-1-worker-7] ERROR com.intuit.karate - feature call (loop) failed at index: 23
caller: classpath:InspireTest/ngr/datasetrecords/def/checkxlinkurl.template.feature
arg: {"link":"6"}
checkxlinkurl.template.feature:14 - 
org.apache.http.client.ClientProtocolException
04:25:06.823 [ForkJoinPool-1-worker-7] INFO  com.intuit.karate - [print]
04:25:06.823 [ForkJoinPool-1-worker-7] INFO  com.intuit.karate - [print] testing xlinkurl:2
04:25:06.823 [ForkJoinPool-1-worker-7] ERROR com.intuit.karate - org.apache.http.client.ClientProtocolException, http call failed after 0 milliseconds for URL: 2
04:25:06.830 [ForkJoinPool-1-worker-7] ERROR com.intuit.karate - http request failed: 
org.apache.http.client.ClientProtocolException
04:25:06.831 [ForkJoinPool-1-worker-7] ERROR com.intuit.karate - feature call (loop) failed at index: 24
caller: classpath:InspireTest/ngr/datasetrecords/def/checkxlinkurl.template.feature
arg: {"link":"2"}
checkxlinkurl.template.feature:14 - 
org.apache.http.client.ClientProtocolException
04:25:06.832 [ForkJoinPool-1-worker-7] INFO  com.intuit.karate - [print]
04:25:06.821 [ForkJoinPool-1-worker-9] INFO  com.intuit.karate - [print]
04:25:06.832 [ForkJoinPool-1-worker-9] INFO  com.intuit.karate - [print] testing xlinkurl:http://kadaster/2482250f-3b00-4439-9f93-f3118229b014
04:25:06.833 [ForkJoinPool-1-worker-9] ERROR com.intuit.karate - java.net.UnknownHostException: kadaster, http call failed after 1 milliseconds for URL: http://kadaster/2482250f-3b00-4439-9f93-f3118229b014
04:25:06.830 [ForkJoinPool-1-worker-5] INFO  com.intuit.karate - [print] title:Monitoring stations (Nitraatrichtlijn) diepe filters
04:25:06.833 [ForkJoinPool-1-worker-5] INFO  com.intuit.karate - [print] Monitoring stations (Nitraatrichtlijn) diepe filters
04:25:06.833 [ForkJoinPool-1-worker-5] INFO  com.intuit.karate - [print] [
  "geodata@rivm.nl",
  "",
  "geodata@rivm.nl"
]

04:25:06.834 [ForkJoinPool-1-worker-5] INFO  com.intuit.karate - [print] organisation: no organisationName found in dataset record
04:25:06.837 [ForkJoinPool-1-worker-5] INFO  com.intuit.karate - [print] [
  "https://data.rivm.nl/inspire/id#36a7e8cb-8300-4602-93d2-135943365a6f"
]

04:25:06.839 [ForkJoinPool-1-worker-5] INFO  com.intuit.karate - [print]
04:25:06.837 [ForkJoinPool-1-worker-9] ERROR com.intuit.karate - http request failed: 
java.net.UnknownHostException: kadaster
04:25:06.841 [ForkJoinPool-1-worker-9] ERROR com.intuit.karate - feature call (loop) failed at index: 0
caller: classpath:InspireTest/ngr/datasetrecords/def/checkxlinkurl.template.feature
arg: {"link":"http://kadaster/2482250f-3b00-4439-9f93-f3118229b014"}
checkxlinkurl.template.feature:14 - 
java.net.UnknownHostException: kadaster
04:25:06.841 [ForkJoinPool-1-worker-9] INFO  com.intuit.karate - [print]
04:25:06.841 [ForkJoinPool-1-worker-9] INFO  com.intuit.karate - [print] testing xlinkurl:
04:25:06.842 [ForkJoinPool-1-worker-9] ERROR com.intuit.karate - org.apache.http.client.ClientProtocolException, http call failed after 0 milliseconds for URL: 
04:25:06.842 [ForkJoinPool-1-worker-9] ERROR com.intuit.karate - http request failed: 
org.apache.http.client.ClientProtocolException
04:25:06.842 [ForkJoinPool-1-worker-9] ERROR com.intuit.karate - feature call (loop) failed at index: 1
caller: classpath:InspireTest/ngr/datasetrecords/def/checkxlinkurl.template.feature
arg: {"link":""}
checkxlinkurl.template.feature:14 - 
org.apache.http.client.ClientProtocolException
04:25:06.843 [ForkJoinPool-1-worker-9] INFO  com.intuit.karate - [print]
04:25:06.843 [ForkJoinPool-1-worker-9] INFO  com.intuit.karate - [print] testing xlinkurl:
04:25:06.843 [ForkJoinPool-1-worker-9] ERROR com.intuit.karate - org.apache.http.client.ClientProtocolException, http call failed after 0 milliseconds for URL: 
04:25:06.843 [ForkJoinPool-1-worker-9] ERROR com.intuit.karate - http request failed: 
org.apache.http.client.ClientProtocolException
04:25:06.843 [ForkJoinPool-1-worker-9] ERROR com.intuit.karate - feature call (loop) failed at index: 2
caller: classpath:InspireTest/ngr/datasetrecords/def/checkxlinkurl.template.feature
arg: {"link":""}
checkxlinkurl.template.feature:14 - 
org.apache.http.client.ClientProtocolException
04:25:06.844 [ForkJoinPool-1-worker-9] INFO  com.intuit.karate - [print]
04:25:06.844 [ForkJoinPool-1-worker-9] INFO  com.intuit.karate - [print] testing xlinkurl:
04:25:06.844 [ForkJoinPool-1-worker-9] ERROR com.intuit.karate - org.apache.http.client.ClientProtocolException, http call failed after 0 milliseconds for URL: 
04:25:06.844 [ForkJoinPool-1-worker-9] ERROR com.intuit.karate - http request failed: 
org.apache.http.client.ClientProtocolException
04:25:06.844 [ForkJoinPool-1-worker-9] ERROR com.intuit.karate - feature call (loop) failed at index: 3
caller: classpath:InspireTest/ngr/datasetrecords/def/checkxlinkurl.template.feature
arg: {"link":""}
checkxlinkurl.template.feature:14 - 
org.apache.http.client.ClientProtocolException
04:25:06.837 [ForkJoinPool-1-worker-7] INFO  com.intuit.karate - [print] testing xlinkurl:1
04:25:06.846 [ForkJoinPool-1-worker-7] ERROR com.intuit.karate - org.apache.http.client.ClientProtocolException, http call failed after 0 milliseconds for URL: 1
04:25:06.847 [ForkJoinPool-1-worker-7] ERROR com.intuit.karate - http request failed: 
org.apache.http.client.ClientProtocolException
04:25:06.847 [ForkJoinPool-1-worker-7] ERROR com.intuit.karate - feature call (loop) failed at index: 25
caller: classpath:InspireTest/ngr/datasetrecords/def/checkxlinkurl.template.feature
arg: {"link":"1"}
checkxlinkurl.template.feature:14 - 
org.apache.http.client.ClientProtocolException
04:25:06.848 [ForkJoinPool-1-worker-5] INFO  com.intuit.karate - [print] testing xlinkurl:https://data.rivm.nl/inspire/id#36a7e8cb-8300-4602-93d2-135943365a6f
04:25:06.915 [ForkJoinPool-1-worker-11] ERROR com.intuit.karate - status code was: 404, expected: 200, response time: 282, url: https://nationaalgeoregister.nl/geonetwork/srv/resourcesff07bd5a-d6eb-11ea-87d0-0242ac130003, response: 
04:25:06.915 [ForkJoinPool-1-worker-11] ERROR com.intuit.karate - feature call (loop) failed at index: 0
caller: classpath:InspireTest/ngr/datasetrecords/def/checkxlinkurl.template.feature
arg: {"link":"https://nationaalgeoregister.nl/geonetwork/srv/resourcesff07bd5a-d6eb-11ea-87d0-0242ac130003"}
checkxlinkurl.template.feature:15 - status code was: 404, expected: 200, response time: 282, url: https://nationaalgeoregister.nl/geonetwork/srv/resourcesff07bd5a-d6eb-11ea-87d0-0242ac130003, response: 
04:25:06.916 [ForkJoinPool-1-worker-11] INFO  com.intuit.karate - [print]
04:25:06.917 [ForkJoinPool-1-worker-11] INFO  com.intuit.karate - [print] testing xlinkurl:https://www.nationaalgeoregister.nl/geonetwork/srv/eng/thesaurus.download?ref=external.theme.inspire-theme
04:25:07.018 [ForkJoinPool-1-worker-13] INFO  com.intuit.karate - [print]
04:25:07.018 [ForkJoinPool-1-worker-13] INFO  com.intuit.karate - [print] testing xlinkurl:https://www.nationaalgeoregister.nl/geonetwork/srv/dut/catalog.search#/metadata/28c4780a-1a44-4376-b283-14a50a481729
04:25:07.204 [ForkJoinPool-1-worker-5] ERROR com.intuit.karate - javax.net.ssl.SSLException: Connection reset, http call failed after 355 milliseconds for URL: https://data.rivm.nl/inspire/id#36a7e8cb-8300-4602-93d2-135943365a6f
04:25:07.204 [ForkJoinPool-1-worker-5] ERROR com.intuit.karate - http request failed: 
javax.net.ssl.SSLException: Connection reset
04:25:07.204 [ForkJoinPool-1-worker-5] ERROR com.intuit.karate - feature call (loop) failed at index: 0
caller: classpath:InspireTest/ngr/datasetrecords/def/checkxlinkurl.template.feature
arg: {"link":"https://data.rivm.nl/inspire/id#36a7e8cb-8300-4602-93d2-135943365a6f"}
checkxlinkurl.template.feature:14 - 
javax.net.ssl.SSLException: Connection reset
04:25:07.266 [ForkJoinPool-1-worker-11] ERROR com.intuit.karate - status code was: 500, expected: 200, response time: 349, url: https://www.nationaalgeoregister.nl/geonetwork/srv/eng/thesaurus.download?ref=external.theme.inspire-theme, response: 
04:25:07.267 [ForkJoinPool-1-worker-11] ERROR com.intuit.karate - feature call (loop) failed at index: 1
caller: classpath:InspireTest/ngr/datasetrecords/def/checkxlinkurl.template.feature
arg: {"link":"https://www.nationaalgeoregister.nl/geonetwork/srv/eng/thesaurus.download?ref=external.theme.inspire-theme"}
checkxlinkurl.template.feature:15 - status code was: 500, expected: 200, response time: 349, url: https://www.nationaalgeoregister.nl/geonetwork/srv/eng/thesaurus.download?ref=external.theme.inspire-theme, response: 
04:25:07.297 [ForkJoinPool-1-worker-9] INFO  com.intuit.karate - [print] title:Kadastrale kaart v4
04:25:07.297 [ForkJoinPool-1-worker-9] INFO  com.intuit.karate - [print] Kadastrale kaart v4
04:25:07.298 [ForkJoinPool-1-worker-9] INFO  com.intuit.karate - [print] [
  "PPB-GVA@kadaster.nl",
  "kcc@kadaster.nl",
  "kcc@kadaster.nl",
  "",
  ""
]

04:25:07.300 [ForkJoinPool-1-worker-9] INFO  com.intuit.karate - [print] organisation: [
  "Kadaster",
  "Kadaster en Openbare Registers",
  "Dienst voor het Kadaster en de Openbare Registers"
]

04:25:07.306 [ForkJoinPool-1-worker-9] INFO  com.intuit.karate - [print] [
  "h",
  "t",
  "t",
  "p",
  "s",
  ":",
  "/",
  "/",
  "w",
  "w",
  "w",
  ".",
  "n",
  "a",
  "t",
  "i",
  "o",
  "n",
  "a",
  "a",
  "l",
  "g",
  "e",
  "o",
  "r",
  "e",
  "g",
  "i",
  "s",
  "t",
  "e",
  "r",
  ".",
  "n",
  "l",
  ":",
  "4",
  "4",
  "3",
  "/",
  "g",
  "e",
  "o",
  "n",
  "e",
  "t",
  "w",
  "o",
  "r",
  "k",
  "/",
  "s",
  "r",
  "v",
  "/",
  "e",
  "n",
  "g",
  "/",
  "t",
  "h",
  "e",
  "s",
  "a",
  "u",
  "r",
  "u",
  "s",
  ".",
  "d",
  "o",
  "w",
  "n",
  "l",
  "o",
  "a",
  "d",
  "?",
  "r",
  "e",
  "f",
  "=",
  "e",
  "x",
  "t",
  "e",
  "r",
  "n",
  "a",
  "l",
  ".",
  "t",
  "h",
  "e",
  "m",
  "e",
  ".",
  "h",
  "t",
  "t",
  "p",
  "i",
  "n",
  "s",
  "p",
  "i",
  "r",
  "e",
  "e",
  "c",
  "e",
  "u",
  "r",
  "o",
  "p",
  "a",
  "e",
  "u",
  "t",
  "h",
  "e",
  "m",
  "e",
  "-",
  "t",
  "h",
  "e",
  "m",
  "e"
]

04:25:07.314 [ForkJoinPool-1-worker-9] INFO  com.intuit.karate - [print]
04:25:07.315 [ForkJoinPool-1-worker-9] INFO  com.intuit.karate - [print] testing xlinkurl:h
04:25:07.316 [ForkJoinPool-1-worker-9] ERROR com.intuit.karate - org.apache.http.client.ClientProtocolException, http call failed after 0 milliseconds for URL: h
04:25:07.318 [ForkJoinPool-1-worker-9] ERROR com.intuit.karate - http request failed: 
org.apache.http.client.ClientProtocolException
04:25:07.319 [ForkJoinPool-1-worker-9] ERROR com.intuit.karate - feature call (loop) failed at index: 0
caller: classpath:InspireTest/ngr/datasetrecords/def/checkxlinkurl.template.feature
arg: {"link":"h"}
checkxlinkurl.template.feature:14 - 
org.apache.http.client.ClientProtocolException
04:25:07.321 [ForkJoinPool-1-worker-9] INFO  com.intuit.karate - [print]
04:25:07.322 [ForkJoinPool-1-worker-9] INFO  com.intuit.karate - [print] testing xlinkurl:t
04:25:07.324 [ForkJoinPool-1-worker-9] ERROR com.intuit.karate - org.apache.http.client.ClientProtocolException, http call failed after 0 milliseconds for URL: t
04:25:07.325 [ForkJoinPool-1-worker-9] ERROR com.intuit.karate - http request failed: 
org.apache.http.client.ClientProtocolException
04:25:07.326 [ForkJoinPool-1-worker-9] ERROR com.intuit.karate - feature call (loop) failed at index: 1
caller: classpath:InspireTest/ngr/datasetrecords/def/checkxlinkurl.template.feature
arg: {"link":"t"}
checkxlinkurl.template.feature:14 - 
org.apache.http.client.ClientProtocolException
04:25:07.329 [ForkJoinPool-1-worker-9] INFO  com.intuit.karate - [print]
04:25:07.331 [ForkJoinPool-1-worker-13] INFO  com.intuit.karate - [print]
04:25:07.331 [ForkJoinPool-1-worker-13] INFO  com.intuit.karate - [print] testing xlinkurl:http://standaarden.overheid.nl/owms/terms/Ministerie_van_Landbouw,_Natuur_en_Voedselkwaliteit
04:25:07.333 [ForkJoinPool-1-worker-9] INFO  com.intuit.karate - [print] testing xlinkurl:t
04:25:07.334 [ForkJoinPool-1-worker-9] ERROR com.intuit.karate - org.apache.http.client.ClientProtocolException, http call failed after 0 milliseconds for URL: t
04:25:07.335 [ForkJoinPool-1-worker-9] ERROR com.intuit.karate - http request failed: 
org.apache.http.client.ClientProtocolException
04:25:07.336 [ForkJoinPool-1-worker-9] ERROR com.intuit.karate - feature call (loop) failed at index: 2
caller: classpath:InspireTest/ngr/datasetrecords/def/checkxlinkurl.template.feature
arg: {"link":"t"}
checkxlinkurl.template.feature:14 - 
org.apache.http.client.ClientProtocolException
04:25:07.339 [ForkJoinPool-1-worker-9] INFO  com.intuit.karate - [print]
04:25:07.340 [ForkJoinPool-1-worker-9] INFO  com.intuit.karate - [print] testing xlinkurl:p
04:25:07.340 [ForkJoinPool-1-worker-9] ERROR com.intuit.karate - org.apache.http.client.ClientProtocolException, http call failed after 0 milliseconds for URL: p
04:25:07.341 [ForkJoinPool-1-worker-9] ERROR com.intuit.karate - http request failed: 
org.apache.http.client.ClientProtocolException
04:25:07.342 [ForkJoinPool-1-worker-9] ERROR com.intuit.karate - feature call (loop) failed at index: 3
caller: classpath:InspireTest/ngr/datasetrecords/def/checkxlinkurl.template.feature
arg: {"link":"p"}
checkxlinkurl.template.feature:14 - 
org.apache.http.client.ClientProtocolException
04:25:07.349 [ForkJoinPool-1-worker-9] INFO  com.intuit.karate - [print]
04:25:07.350 [ForkJoinPool-1-worker-9] INFO  com.intuit.karate - [print] testing xlinkurl:s
04:25:07.351 [ForkJoinPool-1-worker-9] ERROR com.intuit.karate - org.apache.http.client.ClientProtocolException, http call failed after 0 milliseconds for URL: s
04:25:07.352 [ForkJoinPool-1-worker-9] ERROR com.intuit.karate - http request failed: 
org.apache.http.client.ClientProtocolException
04:25:07.352 [ForkJoinPool-1-worker-9] ERROR com.intuit.karate - feature call (loop) failed at index: 4
caller: classpath:InspireTest/ngr/datasetrecords/def/checkxlinkurl.template.feature
arg: {"link":"s"}
checkxlinkurl.template.feature:14 - 
org.apache.http.client.ClientProtocolException
04:25:07.353 [ForkJoinPool-1-worker-9] INFO  com.intuit.karate - [print]
04:25:07.355 [ForkJoinPool-1-worker-9] INFO  com.intuit.karate - [print] testing xlinkurl::
04:25:07.355 [ForkJoinPool-1-worker-9] ERROR com.intuit.karate - http request failed: java.net.URISyntaxException: Expected scheme name at index 0: :
04:25:07.356 [ForkJoinPool-1-worker-9] ERROR com.intuit.karate - feature call (loop) failed at index: 5
caller: classpath:InspireTest/ngr/datasetrecords/def/checkxlinkurl.template.feature
arg: {"link":":"}
checkxlinkurl.template.feature:14 - java.net.URISyntaxException: Expected scheme name at index 0: :
04:25:07.357 [ForkJoinPool-1-worker-9] INFO  com.intuit.karate - [print]
04:25:07.358 [ForkJoinPool-1-worker-9] INFO  com.intuit.karate - [print] testing xlinkurl:/
04:25:07.359 [ForkJoinPool-1-worker-9] ERROR com.intuit.karate - org.apache.http.client.ClientProtocolException, http call failed after 0 milliseconds for URL: /
04:25:07.359 [ForkJoinPool-1-worker-9] ERROR com.intuit.karate - http request failed: 
org.apache.http.client.ClientProtocolException
04:25:07.360 [ForkJoinPool-1-worker-9] ERROR com.intuit.karate - feature call (loop) failed at index: 6
caller: classpath:InspireTest/ngr/datasetrecords/def/checkxlinkurl.template.feature
arg: {"link":"/"}
checkxlinkurl.template.feature:14 - 
org.apache.http.client.ClientProtocolException
04:25:07.361 [ForkJoinPool-1-worker-9] INFO  com.intuit.karate - [print]
04:25:07.363 [ForkJoinPool-1-worker-9] INFO  com.intuit.karate - [print] testing xlinkurl:/
04:25:07.363 [ForkJoinPool-1-worker-9] ERROR com.intuit.karate - org.apache.http.client.ClientProtocolException, http call failed after 0 milliseconds for URL: /
04:25:07.364 [ForkJoinPool-1-worker-9] ERROR com.intuit.karate - http request failed: 
org.apache.http.client.ClientProtocolException
04:25:07.364 [ForkJoinPool-1-worker-9] ERROR com.intuit.karate - feature call (loop) failed at index: 7
caller: classpath:InspireTest/ngr/datasetrecords/def/checkxlinkurl.template.feature
arg: {"link":"/"}
checkxlinkurl.template.feature:14 - 
org.apache.http.client.ClientProtocolException
04:25:07.366 [ForkJoinPool-1-worker-9] INFO  com.intuit.karate - [print]
04:25:07.367 [ForkJoinPool-1-worker-9] INFO  com.intuit.karate - [print] testing xlinkurl:w
04:25:07.368 [ForkJoinPool-1-worker-9] ERROR com.intuit.karate - org.apache.http.client.ClientProtocolException, http call failed after 0 milliseconds for URL: w
04:25:07.369 [ForkJoinPool-1-worker-9] ERROR com.intuit.karate - http request failed: 
org.apache.http.client.ClientProtocolException
04:25:07.369 [ForkJoinPool-1-worker-9] ERROR com.intuit.karate - feature call (loop) failed at index: 8
caller: classpath:InspireTest/ngr/datasetrecords/def/checkxlinkurl.template.feature
arg: {"link":"w"}
checkxlinkurl.template.feature:14 - 
org.apache.http.client.ClientProtocolException
04:25:07.372 [ForkJoinPool-1-worker-3] INFO  com.intuit.karate - [print] title:Netwerk van KNMI waarneemstations
04:25:07.374 [ForkJoinPool-1-worker-3] INFO  com.intuit.karate - [print] Netwerk van KNMI waarneemstations
04:25:07.374 [ForkJoinPool-1-worker-3] INFO  com.intuit.karate - [print] [
  "datacentrum@knmi.nl",
  "datacentrum@knmi.nl",
  "datacentrum@knmi.nl"
]

04:25:07.375 [ForkJoinPool-1-worker-3] INFO  com.intuit.karate - [print] organisation: [
  "Koninklijk Nederlands Meteorologisch Instituut (KNMI)",
  "Koninklijk Nederlands Meteorologisch Instituut (KNMI)",
  "Koninklijk Nederlands Meteorologisch Instituut (KNMI)"
]

04:25:07.380 [ForkJoinPool-1-worker-9] INFO  com.intuit.karate - [print]
04:25:07.380 [ForkJoinPool-1-worker-9] INFO  com.intuit.karate - [print] testing xlinkurl:w
04:25:07.380 [ForkJoinPool-1-worker-9] ERROR com.intuit.karate - org.apache.http.client.ClientProtocolException, http call failed after 0 milliseconds for URL: w
04:25:07.383 [ForkJoinPool-1-worker-9] ERROR com.intuit.karate - http request failed: 
org.apache.http.client.ClientProtocolException
04:25:07.384 [ForkJoinPool-1-worker-9] ERROR com.intuit.karate - feature call (loop) failed at index: 9
caller: classpath:InspireTest/ngr/datasetrecords/def/checkxlinkurl.template.feature
arg: {"link":"w"}
checkxlinkurl.template.feature:14 - 
org.apache.http.client.ClientProtocolException
04:25:07.387 [ForkJoinPool-1-worker-9] INFO  com.intuit.karate - [print]
04:25:07.388 [ForkJoinPool-1-worker-9] INFO  com.intuit.karate - [print] testing xlinkurl:w
04:25:07.389 [ForkJoinPool-1-worker-9] ERROR com.intuit.karate - org.apache.http.client.ClientProtocolException, http call failed after 0 milliseconds for URL: w
04:25:07.390 [ForkJoinPool-1-worker-9] ERROR com.intuit.karate - http request failed: 
org.apache.http.client.ClientProtocolException
04:25:07.390 [ForkJoinPool-1-worker-9] ERROR com.intuit.karate - feature call (loop) failed at index: 10
caller: classpath:InspireTest/ngr/datasetrecords/def/checkxlinkurl.template.feature
arg: {"link":"w"}
checkxlinkurl.template.feature:14 - 
org.apache.http.client.ClientProtocolException
04:25:07.391 [ForkJoinPool-1-worker-9] INFO  com.intuit.karate - [print]
04:25:07.393 [ForkJoinPool-1-worker-9] INFO  com.intuit.karate - [print] testing xlinkurl:.
04:25:07.394 [ForkJoinPool-1-worker-9] ERROR com.intuit.karate - org.apache.http.client.ClientProtocolException, http call failed after 0 milliseconds for URL: .
04:25:07.395 [ForkJoinPool-1-worker-9] ERROR com.intuit.karate - http request failed: 
org.apache.http.client.ClientProtocolException
04:25:07.395 [ForkJoinPool-1-worker-9] ERROR com.intuit.karate - feature call (loop) failed at index: 11
caller: classpath:InspireTest/ngr/datasetrecords/def/checkxlinkurl.template.feature
arg: {"link":"."}
checkxlinkurl.template.feature:14 - 
org.apache.http.client.ClientProtocolException
04:25:07.396 [ForkJoinPool-1-worker-9] INFO  com.intuit.karate - [print]
04:25:07.388 [ForkJoinPool-1-worker-3] INFO  com.intuit.karate - [print] [
  "https://www.nationaalgeoregister.nl/geonetwork/srv/api/records6c6be9c5-b09b-4dcf-a5fd-f149cbaca6fb",
  "https://creativecommons.org/publicdomain/zero/*/deed.nl"
]

04:25:07.400 [ForkJoinPool-1-worker-3] INFO  com.intuit.karate - [print]
04:25:07.402 [ForkJoinPool-1-worker-3] INFO  com.intuit.karate - [print] testing xlinkurl:https://www.nationaalgeoregister.nl/geonetwork/srv/api/records6c6be9c5-b09b-4dcf-a5fd-f149cbaca6fb
04:25:07.401 [ForkJoinPool-1-worker-9] INFO  com.intuit.karate - [print] testing xlinkurl:n
04:25:07.403 [ForkJoinPool-1-worker-9] ERROR com.intuit.karate - org.apache.http.client.ClientProtocolException, http call failed after 0 milliseconds for URL: n
04:25:07.403 [ForkJoinPool-1-worker-9] ERROR com.intuit.karate - http request failed: 
org.apache.http.client.ClientProtocolException
04:25:07.403 [ForkJoinPool-1-worker-9] ERROR com.intuit.karate - feature call (loop) failed at index: 12
caller: classpath:InspireTest/ngr/datasetrecords/def/checkxlinkurl.template.feature
arg: {"link":"n"}
checkxlinkurl.template.feature:14 - 
org.apache.http.client.ClientProtocolException
04:25:07.404 [ForkJoinPool-1-worker-9] INFO  com.intuit.karate - [print]
04:25:07.409 [ForkJoinPool-1-worker-9] INFO  com.intuit.karate - [print] testing xlinkurl:a
04:25:07.409 [ForkJoinPool-1-worker-9] ERROR com.intuit.karate - org.apache.http.client.ClientProtocolException, http call failed after 0 milliseconds for URL: a
04:25:07.409 [ForkJoinPool-1-worker-9] ERROR com.intuit.karate - http request failed: 
org.apache.http.client.ClientProtocolException
04:25:07.409 [ForkJoinPool-1-worker-9] ERROR com.intuit.karate - feature call (loop) failed at index: 13
caller: classpath:InspireTest/ngr/datasetrecords/def/checkxlinkurl.template.feature
arg: {"link":"a"}
checkxlinkurl.template.feature:14 - 
org.apache.http.client.ClientProtocolException
04:25:07.410 [ForkJoinPool-1-worker-9] INFO  com.intuit.karate - [print]
04:25:07.410 [ForkJoinPool-1-worker-9] INFO  com.intuit.karate - [print] testing xlinkurl:t
04:25:07.410 [ForkJoinPool-1-worker-9] ERROR com.intuit.karate - org.apache.http.client.ClientProtocolException, http call failed after 0 milliseconds for URL: t
04:25:07.410 [ForkJoinPool-1-worker-9] ERROR com.intuit.karate - http request failed: 
org.apache.http.client.ClientProtocolException
04:25:07.410 [ForkJoinPool-1-worker-9] ERROR com.intuit.karate - feature call (loop) failed at index: 14
caller: classpath:InspireTest/ngr/datasetrecords/def/checkxlinkurl.template.feature
arg: {"link":"t"}
checkxlinkurl.template.feature:14 - 
org.apache.http.client.ClientProtocolException
04:25:07.411 [ForkJoinPool-1-worker-9] INFO  com.intuit.karate - [print]
04:25:07.411 [ForkJoinPool-1-worker-9] INFO  com.intuit.karate - [print] testing xlinkurl:i
04:25:07.411 [ForkJoinPool-1-worker-9] ERROR com.intuit.karate - org.apache.http.client.ClientProtocolException, http call failed after 0 milliseconds for URL: i
04:25:07.411 [ForkJoinPool-1-worker-9] ERROR com.intuit.karate - http request failed: 
org.apache.http.client.ClientProtocolException
04:25:07.411 [ForkJoinPool-1-worker-9] ERROR com.intuit.karate - feature call (loop) failed at index: 15
caller: classpath:InspireTest/ngr/datasetrecords/def/checkxlinkurl.template.feature
arg: {"link":"i"}
checkxlinkurl.template.feature:14 - 
org.apache.http.client.ClientProtocolException
04:25:07.412 [ForkJoinPool-1-worker-9] INFO  com.intuit.karate - [print]
04:25:07.412 [ForkJoinPool-1-worker-9] INFO  com.intuit.karate - [print] testing xlinkurl:o
04:25:07.412 [ForkJoinPool-1-worker-9] ERROR com.intuit.karate - org.apache.http.client.ClientProtocolException, http call failed after 0 milliseconds for URL: o
04:25:07.412 [ForkJoinPool-1-worker-9] ERROR com.intuit.karate - http request failed: 
org.apache.http.client.ClientProtocolException
04:25:07.412 [ForkJoinPool-1-worker-9] ERROR com.intuit.karate - feature call (loop) failed at index: 16
caller: classpath:InspireTest/ngr/datasetrecords/def/checkxlinkurl.template.feature
arg: {"link":"o"}
checkxlinkurl.template.feature:14 - 
org.apache.http.client.ClientProtocolException
04:25:07.413 [ForkJoinPool-1-worker-9] INFO  com.intuit.karate - [print]
04:25:07.413 [ForkJoinPool-1-worker-9] INFO  com.intuit.karate - [print] testing xlinkurl:n
04:25:07.413 [ForkJoinPool-1-worker-9] ERROR com.intuit.karate - org.apache.http.client.ClientProtocolException, http call failed after 0 milliseconds for URL: n
04:25:07.413 [ForkJoinPool-1-worker-9] ERROR com.intuit.karate - http request failed: 
org.apache.http.client.ClientProtocolException
04:25:07.413 [ForkJoinPool-1-worker-9] ERROR com.intuit.karate - feature call (loop) failed at index: 17
caller: classpath:InspireTest/ngr/datasetrecords/def/checkxlinkurl.template.feature
arg: {"link":"n"}
checkxlinkurl.template.feature:14 - 
org.apache.http.client.ClientProtocolException
04:25:07.414 [ForkJoinPool-1-worker-9] INFO  com.intuit.karate - [print]
04:25:07.414 [ForkJoinPool-1-worker-9] INFO  com.intuit.karate - [print] testing xlinkurl:a
04:25:07.414 [ForkJoinPool-1-worker-9] ERROR com.intuit.karate - org.apache.http.client.ClientProtocolException, http call failed after 0 milliseconds for URL: a
04:25:07.414 [ForkJoinPool-1-worker-9] ERROR com.intuit.karate - http request failed: 
org.apache.http.client.ClientProtocolException
04:25:07.414 [ForkJoinPool-1-worker-9] ERROR com.intuit.karate - feature call (loop) failed at index: 18
caller: classpath:InspireTest/ngr/datasetrecords/def/checkxlinkurl.template.feature
arg: {"link":"a"}
checkxlinkurl.template.feature:14 - 
org.apache.http.client.ClientProtocolException
04:25:07.415 [ForkJoinPool-1-worker-9] INFO  com.intuit.karate - [print]
04:25:07.415 [ForkJoinPool-1-worker-9] INFO  com.intuit.karate - [print] testing xlinkurl:a
04:25:07.415 [ForkJoinPool-1-worker-9] ERROR com.intuit.karate - org.apache.http.client.ClientProtocolException, http call failed after 0 milliseconds for URL: a
04:25:07.415 [ForkJoinPool-1-worker-9] ERROR com.intuit.karate - http request failed: 
org.apache.http.client.ClientProtocolException
04:25:07.415 [ForkJoinPool-1-worker-9] ERROR com.intuit.karate - feature call (loop) failed at index: 19
caller: classpath:InspireTest/ngr/datasetrecords/def/checkxlinkurl.template.feature
arg: {"link":"a"}
checkxlinkurl.template.feature:14 - 
org.apache.http.client.ClientProtocolException
04:25:07.416 [ForkJoinPool-1-worker-9] INFO  com.intuit.karate - [print]
04:25:07.416 [ForkJoinPool-1-worker-9] INFO  com.intuit.karate - [print] testing xlinkurl:l
04:25:07.416 [ForkJoinPool-1-worker-9] ERROR com.intuit.karate - org.apache.http.client.ClientProtocolException, http call failed after 0 milliseconds for URL: l
04:25:07.416 [ForkJoinPool-1-worker-9] ERROR com.intuit.karate - http request failed: 
org.apache.http.client.ClientProtocolException
04:25:07.416 [ForkJoinPool-1-worker-9] ERROR com.intuit.karate - feature call (loop) failed at index: 20
caller: classpath:InspireTest/ngr/datasetrecords/def/checkxlinkurl.template.feature
arg: {"link":"l"}
checkxlinkurl.template.feature:14 - 
org.apache.http.client.ClientProtocolException
04:25:07.417 [ForkJoinPool-1-worker-9] INFO  com.intuit.karate - [print]
04:25:07.417 [ForkJoinPool-1-worker-9] INFO  com.intuit.karate - [print] testing xlinkurl:g
04:25:07.417 [ForkJoinPool-1-worker-9] ERROR com.intuit.karate - org.apache.http.client.ClientProtocolException, http call failed after 0 milliseconds for URL: g
04:25:07.417 [ForkJoinPool-1-worker-9] ERROR com.intuit.karate - http request failed: 
org.apache.http.client.ClientProtocolException
04:25:07.417 [ForkJoinPool-1-worker-9] ERROR com.intuit.karate - feature call (loop) failed at index: 21
caller: classpath:InspireTest/ngr/datasetrecords/def/checkxlinkurl.template.feature
arg: {"link":"g"}
checkxlinkurl.template.feature:14 - 
org.apache.http.client.ClientProtocolException
04:25:07.418 [ForkJoinPool-1-worker-9] INFO  com.intuit.karate - [print]
04:25:07.418 [ForkJoinPool-1-worker-9] INFO  com.intuit.karate - [print] testing xlinkurl:e
04:25:07.418 [ForkJoinPool-1-worker-9] ERROR com.intuit.karate - org.apache.http.client.ClientProtocolException, http call failed after 0 milliseconds for URL: e
04:25:07.418 [ForkJoinPool-1-worker-9] ERROR com.intuit.karate - http request failed: 
org.apache.http.client.ClientProtocolException
04:25:07.419 [ForkJoinPool-1-worker-9] ERROR com.intuit.karate - feature call (loop) failed at index: 22
caller: classpath:InspireTest/ngr/datasetrecords/def/checkxlinkurl.template.feature
arg: {"link":"e"}
checkxlinkurl.template.feature:14 - 
org.apache.http.client.ClientProtocolException
04:25:07.419 [ForkJoinPool-1-worker-9] INFO  com.intuit.karate - [print]
04:25:07.419 [ForkJoinPool-1-worker-9] INFO  com.intuit.karate - [print] testing xlinkurl:o
04:25:07.419 [ForkJoinPool-1-worker-9] ERROR com.intuit.karate - org.apache.http.client.ClientProtocolException, http call failed after 0 milliseconds for URL: o
04:25:07.420 [ForkJoinPool-1-worker-9] ERROR com.intuit.karate - http request failed: 
org.apache.http.client.ClientProtocolException
04:25:07.420 [ForkJoinPool-1-worker-9] ERROR com.intuit.karate - feature call (loop) failed at index: 23
caller: classpath:InspireTest/ngr/datasetrecords/def/checkxlinkurl.template.feature
arg: {"link":"o"}
checkxlinkurl.template.feature:14 - 
org.apache.http.client.ClientProtocolException
04:25:07.420 [ForkJoinPool-1-worker-9] INFO  com.intuit.karate - [print]
04:25:07.420 [ForkJoinPool-1-worker-9] INFO  com.intuit.karate - [print] testing xlinkurl:r
04:25:07.420 [ForkJoinPool-1-worker-9] ERROR com.intuit.karate - org.apache.http.client.ClientProtocolException, http call failed after 0 milliseconds for URL: r
04:25:07.420 [ForkJoinPool-1-worker-9] ERROR com.intuit.karate - http request failed: 
org.apache.http.client.ClientProtocolException
04:25:07.421 [ForkJoinPool-1-worker-9] ERROR com.intuit.karate - feature call (loop) failed at index: 24
caller: classpath:InspireTest/ngr/datasetrecords/def/checkxlinkurl.template.feature
arg: {"link":"r"}
checkxlinkurl.template.feature:14 - 
org.apache.http.client.ClientProtocolException
04:25:07.421 [ForkJoinPool-1-worker-9] INFO  com.intuit.karate - [print]
04:25:07.421 [ForkJoinPool-1-worker-9] INFO  com.intuit.karate - [print] testing xlinkurl:e
04:25:07.422 [ForkJoinPool-1-worker-9] ERROR com.intuit.karate - org.apache.http.client.ClientProtocolException, http call failed after 0 milliseconds for URL: e
04:25:07.422 [ForkJoinPool-1-worker-9] ERROR com.intuit.karate - http request failed: 
org.apache.http.client.ClientProtocolException
04:25:07.422 [ForkJoinPool-1-worker-9] ERROR com.intuit.karate - feature call (loop) failed at index: 25
caller: classpath:InspireTest/ngr/datasetrecords/def/checkxlinkurl.template.feature
arg: {"link":"e"}
checkxlinkurl.template.feature:14 - 
org.apache.http.client.ClientProtocolException
04:25:07.422 [ForkJoinPool-1-worker-9] INFO  com.intuit.karate - [print]
04:25:07.422 [ForkJoinPool-1-worker-9] INFO  com.intuit.karate - [print] testing xlinkurl:g
04:25:07.423 [ForkJoinPool-1-worker-9] ERROR com.intuit.karate - org.apache.http.client.ClientProtocolException, http call failed after 0 milliseconds for URL: g
04:25:07.423 [ForkJoinPool-1-worker-9] ERROR com.intuit.karate - http request failed: 
org.apache.http.client.ClientProtocolException
04:25:07.423 [ForkJoinPool-1-worker-9] ERROR com.intuit.karate - feature call (loop) failed at index: 26
caller: classpath:InspireTest/ngr/datasetrecords/def/checkxlinkurl.template.feature
arg: {"link":"g"}
checkxlinkurl.template.feature:14 - 
org.apache.http.client.ClientProtocolException
04:25:07.423 [ForkJoinPool-1-worker-9] INFO  com.intuit.karate - [print]
04:25:07.423 [ForkJoinPool-1-worker-9] INFO  com.intuit.karate - [print] testing xlinkurl:i
04:25:07.424 [ForkJoinPool-1-worker-9] ERROR com.intuit.karate - org.apache.http.client.ClientProtocolException, http call failed after 0 milliseconds for URL: i
04:25:07.424 [ForkJoinPool-1-worker-9] ERROR com.intuit.karate - http request failed: 
org.apache.http.client.ClientProtocolException
04:25:07.424 [ForkJoinPool-1-worker-9] ERROR com.intuit.karate - feature call (loop) failed at index: 27
caller: classpath:InspireTest/ngr/datasetrecords/def/checkxlinkurl.template.feature
arg: {"link":"i"}
checkxlinkurl.template.feature:14 - 
org.apache.http.client.ClientProtocolException
04:25:07.424 [ForkJoinPool-1-worker-9] INFO  com.intuit.karate - [print]
04:25:07.426 [ForkJoinPool-1-worker-9] INFO  com.intuit.karate - [print] testing xlinkurl:s
04:25:07.426 [ForkJoinPool-1-worker-9] ERROR com.intuit.karate - org.apache.http.client.ClientProtocolException, http call failed after 0 milliseconds for URL: s
04:25:07.426 [ForkJoinPool-1-worker-9] ERROR com.intuit.karate - http request failed: 
org.apache.http.client.ClientProtocolException
04:25:07.427 [ForkJoinPool-1-worker-9] ERROR com.intuit.karate - feature call (loop) failed at index: 28
caller: classpath:InspireTest/ngr/datasetrecords/def/checkxlinkurl.template.feature
arg: {"link":"s"}
checkxlinkurl.template.feature:14 - 
org.apache.http.client.ClientProtocolException
04:25:07.427 [ForkJoinPool-1-worker-9] INFO  com.intuit.karate - [print]
04:25:07.427 [ForkJoinPool-1-worker-9] INFO  com.intuit.karate - [print] testing xlinkurl:t
04:25:07.427 [ForkJoinPool-1-worker-9] ERROR com.intuit.karate - org.apache.http.client.ClientProtocolException, http call failed after 0 milliseconds for URL: t
04:25:07.426 [ForkJoinPool-1-worker-7] INFO  com.intuit.karate - [print] title:Wijk- en Buurtkaart 2018 versie 2
04:25:07.428 [ForkJoinPool-1-worker-7] INFO  com.intuit.karate - [print] Wijk- en Buurtkaart 2018 versie 2
04:25:07.428 [ForkJoinPool-1-worker-7] INFO  com.intuit.karate - [print] [
  "infoservice@cbs.nl",
  "infoservice@cbs.nl",
  "infoservice@cbs.nl",
  "",
  ""
]

04:25:07.429 [ForkJoinPool-1-worker-7] INFO  com.intuit.karate - [print] organisation: [
  "Centraal Bureau voor de Statistiek",
  "Centraal Bureau voor de Statistiek",
  "Centraal Bureau voor de Statistiek",
  "Kadaster"
]

04:25:07.430 [ForkJoinPool-1-worker-9] ERROR com.intuit.karate - http request failed: 
org.apache.http.client.ClientProtocolException
04:25:07.430 [ForkJoinPool-1-worker-9] ERROR com.intuit.karate - feature call (loop) failed at index: 29
caller: classpath:InspireTest/ngr/datasetrecords/def/checkxlinkurl.template.feature
arg: {"link":"t"}
checkxlinkurl.template.feature:14 - 
org.apache.http.client.ClientProtocolException
04:25:07.431 [ForkJoinPool-1-worker-9] INFO  com.intuit.karate - [print]
04:25:07.435 [ForkJoinPool-1-worker-9] INFO  com.intuit.karate - [print] testing xlinkurl:e
04:25:07.435 [ForkJoinPool-1-worker-9] ERROR com.intuit.karate - org.apache.http.client.ClientProtocolException, http call failed after 0 milliseconds for URL: e
04:25:07.435 [ForkJoinPool-1-worker-9] ERROR com.intuit.karate - http request failed: 
org.apache.http.client.ClientProtocolException
04:25:07.435 [ForkJoinPool-1-worker-7] INFO  com.intuit.karate - [print] [
  ""
]

04:25:07.435 [ForkJoinPool-1-worker-9] ERROR com.intuit.karate - feature call (loop) failed at index: 30
caller: classpath:InspireTest/ngr/datasetrecords/def/checkxlinkurl.template.feature
arg: {"link":"e"}
checkxlinkurl.template.feature:14 - 
org.apache.http.client.ClientProtocolException
04:25:07.436 [ForkJoinPool-1-worker-9] INFO  com.intuit.karate - [print]
04:25:07.436 [ForkJoinPool-1-worker-9] INFO  com.intuit.karate - [print] testing xlinkurl:r
04:25:07.436 [ForkJoinPool-1-worker-9] ERROR com.intuit.karate - org.apache.http.client.ClientProtocolException, http call failed after 0 milliseconds for URL: r
04:25:07.436 [ForkJoinPool-1-worker-9] ERROR com.intuit.karate - http request failed: 
org.apache.http.client.ClientProtocolException
04:25:07.436 [ForkJoinPool-1-worker-9] ERROR com.intuit.karate - feature call (loop) failed at index: 31
caller: classpath:InspireTest/ngr/datasetrecords/def/checkxlinkurl.template.feature
arg: {"link":"r"}
checkxlinkurl.template.feature:14 - 
org.apache.http.client.ClientProtocolException
04:25:07.437 [ForkJoinPool-1-worker-9] INFO  com.intuit.karate - [print]
04:25:07.437 [ForkJoinPool-1-worker-9] INFO  com.intuit.karate - [print] testing xlinkurl:.
04:25:07.437 [ForkJoinPool-1-worker-9] ERROR com.intuit.karate - org.apache.http.client.ClientProtocolException, http call failed after 0 milliseconds for URL: .
04:25:07.437 [ForkJoinPool-1-worker-9] ERROR com.intuit.karate - http request failed: 
org.apache.http.client.ClientProtocolException
04:25:07.437 [ForkJoinPool-1-worker-9] ERROR com.intuit.karate - feature call (loop) failed at index: 32
caller: classpath:InspireTest/ngr/datasetrecords/def/checkxlinkurl.template.feature
arg: {"link":"."}
checkxlinkurl.template.feature:14 - 
org.apache.http.client.ClientProtocolException
04:25:07.438 [ForkJoinPool-1-worker-9] INFO  com.intuit.karate - [print]
04:25:07.438 [ForkJoinPool-1-worker-9] INFO  com.intuit.karate - [print] testing xlinkurl:n
04:25:07.438 [ForkJoinPool-1-worker-7] INFO  com.intuit.karate - [print]
04:25:07.438 [ForkJoinPool-1-worker-9] ERROR com.intuit.karate - org.apache.http.client.ClientProtocolException, http call failed after 0 milliseconds for URL: n
04:25:07.438 [ForkJoinPool-1-worker-9] ERROR com.intuit.karate - http request failed: 
org.apache.http.client.ClientProtocolException
04:25:07.438 [ForkJoinPool-1-worker-9] ERROR com.intuit.karate - feature call (loop) failed at index: 33
caller: classpath:InspireTest/ngr/datasetrecords/def/checkxlinkurl.template.feature
arg: {"link":"n"}
checkxlinkurl.template.feature:14 - 
org.apache.http.client.ClientProtocolException
04:25:07.438 [ForkJoinPool-1-worker-7] INFO  com.intuit.karate - [print] testing xlinkurl:
04:25:07.438 [ForkJoinPool-1-worker-7] ERROR com.intuit.karate - org.apache.http.client.ClientProtocolException, http call failed after 0 milliseconds for URL: 
04:25:07.438 [ForkJoinPool-1-worker-7] ERROR com.intuit.karate - http request failed: 
org.apache.http.client.ClientProtocolException
04:25:07.438 [ForkJoinPool-1-worker-7] ERROR com.intuit.karate - feature call (loop) failed at index: 0
caller: classpath:InspireTest/ngr/datasetrecords/def/checkxlinkurl.template.feature
arg: {"link":""}
checkxlinkurl.template.feature:14 - 
org.apache.http.client.ClientProtocolException
04:25:07.438 [ForkJoinPool-1-worker-9] INFO  com.intuit.karate - [print]
04:25:07.439 [ForkJoinPool-1-worker-9] INFO  com.intuit.karate - [print] testing xlinkurl:l
04:25:07.439 [ForkJoinPool-1-worker-9] ERROR com.intuit.karate - org.apache.http.client.ClientProtocolException, http call failed after 0 milliseconds for URL: l
04:25:07.439 [ForkJoinPool-1-worker-9] ERROR com.intuit.karate - http request failed: 
org.apache.http.client.ClientProtocolException
04:25:07.439 [ForkJoinPool-1-worker-9] ERROR com.intuit.karate - feature call (loop) failed at index: 34
caller: classpath:InspireTest/ngr/datasetrecords/def/checkxlinkurl.template.feature
arg: {"link":"l"}
checkxlinkurl.template.feature:14 - 
org.apache.http.client.ClientProtocolException
04:25:07.448 [ForkJoinPool-1-worker-9] INFO  com.intuit.karate - [print]
04:25:07.448 [ForkJoinPool-1-worker-9] INFO  com.intuit.karate - [print] testing xlinkurl::
04:25:07.448 [ForkJoinPool-1-worker-9] ERROR com.intuit.karate - http request failed: java.net.URISyntaxException: Expected scheme name at index 0: :
04:25:07.448 [ForkJoinPool-1-worker-9] ERROR com.intuit.karate - feature call (loop) failed at index: 35
caller: classpath:InspireTest/ngr/datasetrecords/def/checkxlinkurl.template.feature
arg: {"link":":"}
checkxlinkurl.template.feature:14 - java.net.URISyntaxException: Expected scheme name at index 0: :
04:25:07.449 [ForkJoinPool-1-worker-9] INFO  com.intuit.karate - [print]
04:25:07.449 [ForkJoinPool-1-worker-9] INFO  com.intuit.karate - [print] testing xlinkurl:4
04:25:07.449 [ForkJoinPool-1-worker-9] ERROR com.intuit.karate - org.apache.http.client.ClientProtocolException, http call failed after 0 milliseconds for URL: 4
04:25:07.449 [ForkJoinPool-1-worker-9] ERROR com.intuit.karate - http request failed: 
org.apache.http.client.ClientProtocolException
04:25:07.449 [ForkJoinPool-1-worker-9] ERROR com.intuit.karate - feature call (loop) failed at index: 36
caller: classpath:InspireTest/ngr/datasetrecords/def/checkxlinkurl.template.feature
arg: {"link":"4"}
checkxlinkurl.template.feature:14 - 
org.apache.http.client.ClientProtocolException
04:25:07.450 [ForkJoinPool-1-worker-9] INFO  com.intuit.karate - [print]
04:25:07.450 [ForkJoinPool-1-worker-9] INFO  com.intuit.karate - [print] testing xlinkurl:4
04:25:07.450 [ForkJoinPool-1-worker-9] ERROR com.intuit.karate - org.apache.http.client.ClientProtocolException, http call failed after 0 milliseconds for URL: 4
04:25:07.450 [ForkJoinPool-1-worker-9] ERROR com.intuit.karate - http request failed: 
org.apache.http.client.ClientProtocolException
04:25:07.450 [ForkJoinPool-1-worker-9] ERROR com.intuit.karate - feature call (loop) failed at index: 37
caller: classpath:InspireTest/ngr/datasetrecords/def/checkxlinkurl.template.feature
arg: {"link":"4"}
checkxlinkurl.template.feature:14 - 
org.apache.http.client.ClientProtocolException
04:25:07.451 [ForkJoinPool-1-worker-9] INFO  com.intuit.karate - [print]
04:25:07.451 [ForkJoinPool-1-worker-9] INFO  com.intuit.karate - [print] testing xlinkurl:3
04:25:07.451 [ForkJoinPool-1-worker-9] ERROR com.intuit.karate - org.apache.http.client.ClientProtocolException, http call failed after 0 milliseconds for URL: 3
04:25:07.451 [ForkJoinPool-1-worker-9] ERROR com.intuit.karate - http request failed: 
org.apache.http.client.ClientProtocolException
04:25:07.451 [ForkJoinPool-1-worker-9] ERROR com.intuit.karate - feature call (loop) failed at index: 38
caller: classpath:InspireTest/ngr/datasetrecords/def/checkxlinkurl.template.feature
arg: {"link":"3"}
checkxlinkurl.template.feature:14 - 
org.apache.http.client.ClientProtocolException
04:25:07.452 [ForkJoinPool-1-worker-9] INFO  com.intuit.karate - [print]
04:25:07.461 [ForkJoinPool-1-worker-9] INFO  com.intuit.karate - [print] testing xlinkurl:/
04:25:07.461 [ForkJoinPool-1-worker-9] ERROR com.intuit.karate - org.apache.http.client.ClientProtocolException, http call failed after 0 milliseconds for URL: /
04:25:07.461 [ForkJoinPool-1-worker-9] ERROR com.intuit.karate - http request failed: 
org.apache.http.client.ClientProtocolException
04:25:07.461 [ForkJoinPool-1-worker-9] ERROR com.intuit.karate - feature call (loop) failed at index: 39
caller: classpath:InspireTest/ngr/datasetrecords/def/checkxlinkurl.template.feature
arg: {"link":"/"}
checkxlinkurl.template.feature:14 - 
org.apache.http.client.ClientProtocolException
04:25:07.462 [ForkJoinPool-1-worker-9] INFO  com.intuit.karate - [print]
04:25:07.462 [ForkJoinPool-1-worker-9] INFO  com.intuit.karate - [print] testing xlinkurl:g
04:25:07.462 [ForkJoinPool-1-worker-9] ERROR com.intuit.karate - org.apache.http.client.ClientProtocolException, http call failed after 0 milliseconds for URL: g
04:25:07.462 [ForkJoinPool-1-worker-9] ERROR com.intuit.karate - http request failed: 
org.apache.http.client.ClientProtocolException
04:25:07.462 [ForkJoinPool-1-worker-9] ERROR com.intuit.karate - feature call (loop) failed at index: 40
caller: classpath:InspireTest/ngr/datasetrecords/def/checkxlinkurl.template.feature
arg: {"link":"g"}
checkxlinkurl.template.feature:14 - 
org.apache.http.client.ClientProtocolException
04:25:07.463 [ForkJoinPool-1-worker-9] INFO  com.intuit.karate - [print]
04:25:07.463 [ForkJoinPool-1-worker-9] INFO  com.intuit.karate - [print] testing xlinkurl:e
04:25:07.463 [ForkJoinPool-1-worker-9] ERROR com.intuit.karate - org.apache.http.client.ClientProtocolException, http call failed after 0 milliseconds for URL: e
04:25:07.463 [ForkJoinPool-1-worker-9] ERROR com.intuit.karate - http request failed: 
org.apache.http.client.ClientProtocolException
04:25:07.463 [ForkJoinPool-1-worker-9] ERROR com.intuit.karate - feature call (loop) failed at index: 41
caller: classpath:InspireTest/ngr/datasetrecords/def/checkxlinkurl.template.feature
arg: {"link":"e"}
checkxlinkurl.template.feature:14 - 
org.apache.http.client.ClientProtocolException
04:25:07.464 [ForkJoinPool-1-worker-9] INFO  com.intuit.karate - [print]
04:25:07.464 [ForkJoinPool-1-worker-9] INFO  com.intuit.karate - [print] testing xlinkurl:o
04:25:07.464 [ForkJoinPool-1-worker-9] ERROR com.intuit.karate - org.apache.http.client.ClientProtocolException, http call failed after 0 milliseconds for URL: o
04:25:07.464 [ForkJoinPool-1-worker-9] ERROR com.intuit.karate - http request failed: 
org.apache.http.client.ClientProtocolException
04:25:07.464 [ForkJoinPool-1-worker-9] ERROR com.intuit.karate - feature call (loop) failed at index: 42
caller: classpath:InspireTest/ngr/datasetrecords/def/checkxlinkurl.template.feature
arg: {"link":"o"}
checkxlinkurl.template.feature:14 - 
org.apache.http.client.ClientProtocolException
04:25:07.465 [ForkJoinPool-1-worker-9] INFO  com.intuit.karate - [print]
04:25:07.465 [ForkJoinPool-1-worker-9] INFO  com.intuit.karate - [print] testing xlinkurl:n
04:25:07.469 [ForkJoinPool-1-worker-9] ERROR com.intuit.karate - org.apache.http.client.ClientProtocolException, http call failed after 0 milliseconds for URL: n
04:25:07.469 [ForkJoinPool-1-worker-9] ERROR com.intuit.karate - http request failed: 
org.apache.http.client.ClientProtocolException
04:25:07.469 [ForkJoinPool-1-worker-9] ERROR com.intuit.karate - feature call (loop) failed at index: 43
caller: classpath:InspireTest/ngr/datasetrecords/def/checkxlinkurl.template.feature
arg: {"link":"n"}
checkxlinkurl.template.feature:14 - 
org.apache.http.client.ClientProtocolException
04:25:07.470 [ForkJoinPool-1-worker-9] INFO  com.intuit.karate - [print]
04:25:07.470 [ForkJoinPool-1-worker-9] INFO  com.intuit.karate - [print] testing xlinkurl:e
04:25:07.470 [ForkJoinPool-1-worker-9] ERROR com.intuit.karate - org.apache.http.client.ClientProtocolException, http call failed after 0 milliseconds for URL: e
04:25:07.470 [ForkJoinPool-1-worker-9] ERROR com.intuit.karate - http request failed: 
org.apache.http.client.ClientProtocolException
04:25:07.470 [ForkJoinPool-1-worker-9] ERROR com.intuit.karate - feature call (loop) failed at index: 44
caller: classpath:InspireTest/ngr/datasetrecords/def/checkxlinkurl.template.feature
arg: {"link":"e"}
checkxlinkurl.template.feature:14 - 
org.apache.http.client.ClientProtocolException
04:25:07.471 [ForkJoinPool-1-worker-9] INFO  com.intuit.karate - [print]
04:25:07.471 [ForkJoinPool-1-worker-9] INFO  com.intuit.karate - [print] testing xlinkurl:t
04:25:07.471 [ForkJoinPool-1-worker-9] ERROR com.intuit.karate - org.apache.http.client.ClientProtocolException, http call failed after 0 milliseconds for URL: t
04:25:07.471 [ForkJoinPool-1-worker-9] ERROR com.intuit.karate - http request failed: 
org.apache.http.client.ClientProtocolException
04:25:07.471 [ForkJoinPool-1-worker-9] ERROR com.intuit.karate - feature call (loop) failed at index: 45
caller: classpath:InspireTest/ngr/datasetrecords/def/checkxlinkurl.template.feature
arg: {"link":"t"}
checkxlinkurl.template.feature:14 - 
org.apache.http.client.ClientProtocolException
04:25:07.481 [ForkJoinPool-1-worker-9] INFO  com.intuit.karate - [print]
04:25:07.481 [ForkJoinPool-1-worker-9] INFO  com.intuit.karate - [print] testing xlinkurl:w
04:25:07.482 [ForkJoinPool-1-worker-9] ERROR com.intuit.karate - org.apache.http.client.ClientProtocolException, http call failed after 0 milliseconds for URL: w
04:25:07.482 [ForkJoinPool-1-worker-9] ERROR com.intuit.karate - http request failed: 
org.apache.http.client.ClientProtocolException
04:25:07.482 [ForkJoinPool-1-worker-9] ERROR com.intuit.karate - feature call (loop) failed at index: 46
caller: classpath:InspireTest/ngr/datasetrecords/def/checkxlinkurl.template.feature
arg: {"link":"w"}
checkxlinkurl.template.feature:14 - 
org.apache.http.client.ClientProtocolException
04:25:07.482 [ForkJoinPool-1-worker-9] INFO  com.intuit.karate - [print]
04:25:07.482 [ForkJoinPool-1-worker-9] INFO  com.intuit.karate - [print] testing xlinkurl:o
04:25:07.483 [ForkJoinPool-1-worker-9] ERROR com.intuit.karate - org.apache.http.client.ClientProtocolException, http call failed after 0 milliseconds for URL: o
04:25:07.483 [ForkJoinPool-1-worker-9] ERROR com.intuit.karate - http request failed: 
org.apache.http.client.ClientProtocolException
04:25:07.483 [ForkJoinPool-1-worker-9] ERROR com.intuit.karate - feature call (loop) failed at index: 47
caller: classpath:InspireTest/ngr/datasetrecords/def/checkxlinkurl.template.feature
arg: {"link":"o"}
checkxlinkurl.template.feature:14 - 
org.apache.http.client.ClientProtocolException
04:25:07.483 [ForkJoinPool-1-worker-9] INFO  com.intuit.karate - [print]
04:25:07.483 [ForkJoinPool-1-worker-9] INFO  com.intuit.karate - [print] testing xlinkurl:r
04:25:07.484 [ForkJoinPool-1-worker-9] ERROR com.intuit.karate - org.apache.http.client.ClientProtocolException, http call failed after 0 milliseconds for URL: r
04:25:07.484 [ForkJoinPool-1-worker-9] ERROR com.intuit.karate - http request failed: 
org.apache.http.client.ClientProtocolException
04:25:07.484 [ForkJoinPool-1-worker-9] ERROR com.intuit.karate - feature call (loop) failed at index: 48
caller: classpath:InspireTest/ngr/datasetrecords/def/checkxlinkurl.template.feature
arg: {"link":"r"}
checkxlinkurl.template.feature:14 - 
org.apache.http.client.ClientProtocolException
04:25:07.484 [ForkJoinPool-1-worker-9] INFO  com.intuit.karate - [print]
04:25:07.484 [ForkJoinPool-1-worker-9] INFO  com.intuit.karate - [print] testing xlinkurl:k
04:25:07.484 [ForkJoinPool-1-worker-9] ERROR com.intuit.karate - org.apache.http.client.ClientProtocolException, http call failed after 0 milliseconds for URL: k
04:25:07.485 [ForkJoinPool-1-worker-9] ERROR com.intuit.karate - http request failed: 
org.apache.http.client.ClientProtocolException
04:25:07.485 [ForkJoinPool-1-worker-9] ERROR com.intuit.karate - feature call (loop) failed at index: 49
caller: classpath:InspireTest/ngr/datasetrecords/def/checkxlinkurl.template.feature
arg: {"link":"k"}
checkxlinkurl.template.feature:14 - 
org.apache.http.client.ClientProtocolException
04:25:07.485 [ForkJoinPool-1-worker-9] INFO  com.intuit.karate - [print]
04:25:07.485 [ForkJoinPool-1-worker-9] INFO  com.intuit.karate - [print] testing xlinkurl:/
04:25:07.485 [ForkJoinPool-1-worker-9] ERROR com.intuit.karate - org.apache.http.client.ClientProtocolException, http call failed after 0 milliseconds for URL: /
04:25:07.486 [ForkJoinPool-1-worker-9] ERROR com.intuit.karate - http request failed: 
org.apache.http.client.ClientProtocolException
04:25:07.486 [ForkJoinPool-1-worker-9] ERROR com.intuit.karate - feature call (loop) failed at index: 50
caller: classpath:InspireTest/ngr/datasetrecords/def/checkxlinkurl.template.feature
arg: {"link":"/"}
checkxlinkurl.template.feature:14 - 
org.apache.http.client.ClientProtocolException
04:25:07.486 [ForkJoinPool-1-worker-9] INFO  com.intuit.karate - [print]
04:25:07.486 [ForkJoinPool-1-worker-9] INFO  com.intuit.karate - [print] testing xlinkurl:s
04:25:07.492 [ForkJoinPool-1-worker-9] ERROR com.intuit.karate - org.apache.http.client.ClientProtocolException, http call failed after 0 milliseconds for URL: s
04:25:07.492 [ForkJoinPool-1-worker-9] ERROR com.intuit.karate - http request failed: 
org.apache.http.client.ClientProtocolException
04:25:07.492 [ForkJoinPool-1-worker-9] ERROR com.intuit.karate - feature call (loop) failed at index: 51
caller: classpath:InspireTest/ngr/datasetrecords/def/checkxlinkurl.template.feature
arg: {"link":"s"}
checkxlinkurl.template.feature:14 - 
org.apache.http.client.ClientProtocolException
04:25:07.493 [ForkJoinPool-1-worker-9] INFO  com.intuit.karate - [print]
04:25:07.493 [ForkJoinPool-1-worker-9] INFO  com.intuit.karate - [print] testing xlinkurl:r
04:25:07.493 [ForkJoinPool-1-worker-9] ERROR com.intuit.karate - org.apache.http.client.ClientProtocolException, http call failed after 0 milliseconds for URL: r
04:25:07.493 [ForkJoinPool-1-worker-9] ERROR com.intuit.karate - http request failed: 
org.apache.http.client.ClientProtocolException
04:25:07.494 [ForkJoinPool-1-worker-9] ERROR com.intuit.karate - feature call (loop) failed at index: 52
caller: classpath:InspireTest/ngr/datasetrecords/def/checkxlinkurl.template.feature
arg: {"link":"r"}
checkxlinkurl.template.feature:14 - 
org.apache.http.client.ClientProtocolException
04:25:07.494 [ForkJoinPool-1-worker-9] INFO  com.intuit.karate - [print]
04:25:07.494 [ForkJoinPool-1-worker-9] INFO  com.intuit.karate - [print] testing xlinkurl:v
04:25:07.494 [ForkJoinPool-1-worker-9] ERROR com.intuit.karate - org.apache.http.client.ClientProtocolException, http call failed after 0 milliseconds for URL: v
04:25:07.494 [ForkJoinPool-1-worker-9] ERROR com.intuit.karate - http request failed: 
org.apache.http.client.ClientProtocolException
04:25:07.495 [ForkJoinPool-1-worker-9] ERROR com.intuit.karate - feature call (loop) failed at index: 53
caller: classpath:InspireTest/ngr/datasetrecords/def/checkxlinkurl.template.feature
arg: {"link":"v"}
checkxlinkurl.template.feature:14 - 
org.apache.http.client.ClientProtocolException
04:25:07.495 [ForkJoinPool-1-worker-9] INFO  com.intuit.karate - [print]
04:25:07.495 [ForkJoinPool-1-worker-9] INFO  com.intuit.karate - [print] testing xlinkurl:/
04:25:07.495 [ForkJoinPool-1-worker-9] ERROR com.intuit.karate - org.apache.http.client.ClientProtocolException, http call failed after 0 milliseconds for URL: /
04:25:07.495 [ForkJoinPool-1-worker-9] ERROR com.intuit.karate - http request failed: 
org.apache.http.client.ClientProtocolException
04:25:07.496 [ForkJoinPool-1-worker-9] ERROR com.intuit.karate - feature call (loop) failed at index: 54
caller: classpath:InspireTest/ngr/datasetrecords/def/checkxlinkurl.template.feature
arg: {"link":"/"}
checkxlinkurl.template.feature:14 - 
org.apache.http.client.ClientProtocolException
04:25:07.496 [ForkJoinPool-1-worker-9] INFO  com.intuit.karate - [print]
04:25:07.498 [ForkJoinPool-1-worker-9] INFO  com.intuit.karate - [print] testing xlinkurl:e
04:25:07.498 [ForkJoinPool-1-worker-9] ERROR com.intuit.karate - org.apache.http.client.ClientProtocolException, http call failed after 0 milliseconds for URL: e
04:25:07.498 [ForkJoinPool-1-worker-9] ERROR com.intuit.karate - http request failed: 
org.apache.http.client.ClientProtocolException
04:25:07.498 [ForkJoinPool-1-worker-9] ERROR com.intuit.karate - feature call (loop) failed at index: 55
caller: classpath:InspireTest/ngr/datasetrecords/def/checkxlinkurl.template.feature
arg: {"link":"e"}
checkxlinkurl.template.feature:14 - 
org.apache.http.client.ClientProtocolException
04:25:07.499 [ForkJoinPool-1-worker-9] INFO  com.intuit.karate - [print]
04:25:07.499 [ForkJoinPool-1-worker-9] INFO  com.intuit.karate - [print] testing xlinkurl:n
04:25:07.499 [ForkJoinPool-1-worker-9] ERROR com.intuit.karate - org.apache.http.client.ClientProtocolException, http call failed after 0 milliseconds for URL: n
04:25:07.499 [ForkJoinPool-1-worker-9] ERROR com.intuit.karate - http request failed: 
org.apache.http.client.ClientProtocolException
04:25:07.499 [ForkJoinPool-1-worker-9] ERROR com.intuit.karate - feature call (loop) failed at index: 56
caller: classpath:InspireTest/ngr/datasetrecords/def/checkxlinkurl.template.feature
arg: {"link":"n"}
checkxlinkurl.template.feature:14 - 
org.apache.http.client.ClientProtocolException
04:25:07.500 [ForkJoinPool-1-worker-9] INFO  com.intuit.karate - [print]
04:25:07.500 [ForkJoinPool-1-worker-9] INFO  com.intuit.karate - [print] testing xlinkurl:g
04:25:07.501 [ForkJoinPool-1-worker-9] ERROR com.intuit.karate - org.apache.http.client.ClientProtocolException, http call failed after 0 milliseconds for URL: g
04:25:07.501 [ForkJoinPool-1-worker-9] ERROR com.intuit.karate - http request failed: 
org.apache.http.client.ClientProtocolException
04:25:07.501 [ForkJoinPool-1-worker-9] ERROR com.intuit.karate - feature call (loop) failed at index: 57
caller: classpath:InspireTest/ngr/datasetrecords/def/checkxlinkurl.template.feature
arg: {"link":"g"}
checkxlinkurl.template.feature:14 - 
org.apache.http.client.ClientProtocolException
04:25:07.502 [ForkJoinPool-1-worker-9] INFO  com.intuit.karate - [print]
04:25:07.506 [ForkJoinPool-1-worker-9] INFO  com.intuit.karate - [print] testing xlinkurl:/
04:25:07.506 [ForkJoinPool-1-worker-9] ERROR com.intuit.karate - org.apache.http.client.ClientProtocolException, http call failed after 0 milliseconds for URL: /
04:25:07.506 [ForkJoinPool-1-worker-9] ERROR com.intuit.karate - http request failed: 
org.apache.http.client.ClientProtocolException
04:25:07.506 [ForkJoinPool-1-worker-9] ERROR com.intuit.karate - feature call (loop) failed at index: 58
caller: classpath:InspireTest/ngr/datasetrecords/def/checkxlinkurl.template.feature
arg: {"link":"/"}
checkxlinkurl.template.feature:14 - 
org.apache.http.client.ClientProtocolException
04:25:07.507 [ForkJoinPool-1-worker-9] INFO  com.intuit.karate - [print]
04:25:07.507 [ForkJoinPool-1-worker-9] INFO  com.intuit.karate - [print] testing xlinkurl:t
04:25:07.507 [ForkJoinPool-1-worker-9] ERROR com.intuit.karate - org.apache.http.client.ClientProtocolException, http call failed after 0 milliseconds for URL: t
04:25:07.507 [ForkJoinPool-1-worker-9] ERROR com.intuit.karate - http request failed: 
org.apache.http.client.ClientProtocolException
04:25:07.507 [ForkJoinPool-1-worker-9] ERROR com.intuit.karate - feature call (loop) failed at index: 59
caller: classpath:InspireTest/ngr/datasetrecords/def/checkxlinkurl.template.feature
arg: {"link":"t"}
checkxlinkurl.template.feature:14 - 
org.apache.http.client.ClientProtocolException
04:25:07.508 [ForkJoinPool-1-worker-9] INFO  com.intuit.karate - [print]
04:25:07.508 [ForkJoinPool-1-worker-9] INFO  com.intuit.karate - [print] testing xlinkurl:h
04:25:07.508 [ForkJoinPool-1-worker-9] ERROR com.intuit.karate - org.apache.http.client.ClientProtocolException, http call failed after 0 milliseconds for URL: h
04:25:07.508 [ForkJoinPool-1-worker-9] ERROR com.intuit.karate - http request failed: 
org.apache.http.client.ClientProtocolException
04:25:07.508 [ForkJoinPool-1-worker-9] ERROR com.intuit.karate - feature call (loop) failed at index: 60
caller: classpath:InspireTest/ngr/datasetrecords/def/checkxlinkurl.template.feature
arg: {"link":"h"}
checkxlinkurl.template.feature:14 - 
org.apache.http.client.ClientProtocolException
04:25:07.509 [ForkJoinPool-1-worker-9] INFO  com.intuit.karate - [print]
04:25:07.509 [ForkJoinPool-1-worker-9] INFO  com.intuit.karate - [print] testing xlinkurl:e
04:25:07.509 [ForkJoinPool-1-worker-9] ERROR com.intuit.karate - org.apache.http.client.ClientProtocolException, http call failed after 0 milliseconds for URL: e
04:25:07.509 [ForkJoinPool-1-worker-9] ERROR com.intuit.karate - http request failed: 
org.apache.http.client.ClientProtocolException
04:25:07.509 [ForkJoinPool-1-worker-9] ERROR com.intuit.karate - feature call (loop) failed at index: 61
caller: classpath:InspireTest/ngr/datasetrecords/def/checkxlinkurl.template.feature
arg: {"link":"e"}
checkxlinkurl.template.feature:14 - 
org.apache.http.client.ClientProtocolException
04:25:07.510 [ForkJoinPool-1-worker-9] INFO  com.intuit.karate - [print]
04:25:07.510 [ForkJoinPool-1-worker-9] INFO  com.intuit.karate - [print] testing xlinkurl:s
04:25:07.511 [ForkJoinPool-1-worker-9] ERROR com.intuit.karate - org.apache.http.client.ClientProtocolException, http call failed after 0 milliseconds for URL: s
04:25:07.511 [ForkJoinPool-1-worker-9] ERROR com.intuit.karate - http request failed: 
org.apache.http.client.ClientProtocolException
04:25:07.511 [ForkJoinPool-1-worker-9] ERROR com.intuit.karate - feature call (loop) failed at index: 62
caller: classpath:InspireTest/ngr/datasetrecords/def/checkxlinkurl.template.feature
arg: {"link":"s"}
checkxlinkurl.template.feature:14 - 
org.apache.http.client.ClientProtocolException
04:25:07.512 [ForkJoinPool-1-worker-9] INFO  com.intuit.karate - [print]
04:25:07.512 [ForkJoinPool-1-worker-9] INFO  com.intuit.karate - [print] testing xlinkurl:a
04:25:07.512 [ForkJoinPool-1-worker-9] ERROR com.intuit.karate - org.apache.http.client.ClientProtocolException, http call failed after 0 milliseconds for URL: a
04:25:07.512 [ForkJoinPool-1-worker-9] ERROR com.intuit.karate - http request failed: 
org.apache.http.client.ClientProtocolException
04:25:07.512 [ForkJoinPool-1-worker-9] ERROR com.intuit.karate - feature call (loop) failed at index: 63
caller: classpath:InspireTest/ngr/datasetrecords/def/checkxlinkurl.template.feature
arg: {"link":"a"}
checkxlinkurl.template.feature:14 - 
org.apache.http.client.ClientProtocolException
04:25:07.513 [ForkJoinPool-1-worker-9] INFO  com.intuit.karate - [print]
04:25:07.513 [ForkJoinPool-1-worker-9] INFO  com.intuit.karate - [print] testing xlinkurl:u
04:25:07.513 [ForkJoinPool-1-worker-9] ERROR com.intuit.karate - org.apache.http.client.ClientProtocolException, http call failed after 0 milliseconds for URL: u
04:25:07.513 [ForkJoinPool-1-worker-9] ERROR com.intuit.karate - http request failed: 
org.apache.http.client.ClientProtocolException
04:25:07.513 [ForkJoinPool-1-worker-9] ERROR com.intuit.karate - feature call (loop) failed at index: 64
caller: classpath:InspireTest/ngr/datasetrecords/def/checkxlinkurl.template.feature
arg: {"link":"u"}
checkxlinkurl.template.feature:14 - 
org.apache.http.client.ClientProtocolException
04:25:07.514 [ForkJoinPool-1-worker-9] INFO  com.intuit.karate - [print]
04:25:07.514 [ForkJoinPool-1-worker-9] INFO  com.intuit.karate - [print] testing xlinkurl:r
04:25:07.514 [ForkJoinPool-1-worker-9] ERROR com.intuit.karate - org.apache.http.client.ClientProtocolException, http call failed after 0 milliseconds for URL: r
04:25:07.514 [ForkJoinPool-1-worker-9] ERROR com.intuit.karate - http request failed: 
org.apache.http.client.ClientProtocolException
04:25:07.514 [ForkJoinPool-1-worker-9] ERROR com.intuit.karate - feature call (loop) failed at index: 65
caller: classpath:InspireTest/ngr/datasetrecords/def/checkxlinkurl.template.feature
arg: {"link":"r"}
checkxlinkurl.template.feature:14 - 
org.apache.http.client.ClientProtocolException
04:25:07.515 [ForkJoinPool-1-worker-9] INFO  com.intuit.karate - [print]
04:25:07.515 [ForkJoinPool-1-worker-9] INFO  com.intuit.karate - [print] testing xlinkurl:u
04:25:07.515 [ForkJoinPool-1-worker-9] ERROR com.intuit.karate - org.apache.http.client.ClientProtocolException, http call failed after 0 milliseconds for URL: u
04:25:07.515 [ForkJoinPool-1-worker-9] ERROR com.intuit.karate - http request failed: 
org.apache.http.client.ClientProtocolException
04:25:07.515 [ForkJoinPool-1-worker-9] ERROR com.intuit.karate - feature call (loop) failed at index: 66
caller: classpath:InspireTest/ngr/datasetrecords/def/checkxlinkurl.template.feature
arg: {"link":"u"}
checkxlinkurl.template.feature:14 - 
org.apache.http.client.ClientProtocolException
04:25:07.516 [ForkJoinPool-1-worker-9] INFO  com.intuit.karate - [print]
04:25:07.516 [ForkJoinPool-1-worker-9] INFO  com.intuit.karate - [print] testing xlinkurl:s
04:25:07.519 [ForkJoinPool-1-worker-9] ERROR com.intuit.karate - org.apache.http.client.ClientProtocolException, http call failed after 0 milliseconds for URL: s
04:25:07.519 [ForkJoinPool-1-worker-9] ERROR com.intuit.karate - http request failed: 
org.apache.http.client.ClientProtocolException
04:25:07.519 [ForkJoinPool-1-worker-9] ERROR com.intuit.karate - feature call (loop) failed at index: 67
caller: classpath:InspireTest/ngr/datasetrecords/def/checkxlinkurl.template.feature
arg: {"link":"s"}
checkxlinkurl.template.feature:14 - 
org.apache.http.client.ClientProtocolException
04:25:07.519 [ForkJoinPool-1-worker-9] INFO  com.intuit.karate - [print]
04:25:07.519 [ForkJoinPool-1-worker-9] INFO  com.intuit.karate - [print] testing xlinkurl:.
04:25:07.520 [ForkJoinPool-1-worker-9] ERROR com.intuit.karate - org.apache.http.client.ClientProtocolException, http call failed after 0 milliseconds for URL: .
04:25:07.520 [ForkJoinPool-1-worker-9] ERROR com.intuit.karate - http request failed: 
org.apache.http.client.ClientProtocolException
04:25:07.520 [ForkJoinPool-1-worker-9] ERROR com.intuit.karate - feature call (loop) failed at index: 68
caller: classpath:InspireTest/ngr/datasetrecords/def/checkxlinkurl.template.feature
arg: {"link":"."}
checkxlinkurl.template.feature:14 - 
org.apache.http.client.ClientProtocolException
04:25:07.520 [ForkJoinPool-1-worker-9] INFO  com.intuit.karate - [print]
04:25:07.520 [ForkJoinPool-1-worker-9] INFO  com.intuit.karate - [print] testing xlinkurl:d
04:25:07.521 [ForkJoinPool-1-worker-9] ERROR com.intuit.karate - org.apache.http.client.ClientProtocolException, http call failed after 0 milliseconds for URL: d
04:25:07.521 [ForkJoinPool-1-worker-9] ERROR com.intuit.karate - http request failed: 
org.apache.http.client.ClientProtocolException
04:25:07.521 [ForkJoinPool-1-worker-9] ERROR com.intuit.karate - feature call (loop) failed at index: 69
caller: classpath:InspireTest/ngr/datasetrecords/def/checkxlinkurl.template.feature
arg: {"link":"d"}
checkxlinkurl.template.feature:14 - 
org.apache.http.client.ClientProtocolException
04:25:07.521 [ForkJoinPool-1-worker-9] INFO  com.intuit.karate - [print]
04:25:07.521 [ForkJoinPool-1-worker-9] INFO  com.intuit.karate - [print] testing xlinkurl:o
04:25:07.522 [ForkJoinPool-1-worker-9] ERROR com.intuit.karate - org.apache.http.client.ClientProtocolException, http call failed after 0 milliseconds for URL: o
04:25:07.522 [ForkJoinPool-1-worker-9] ERROR com.intuit.karate - http request failed: 
org.apache.http.client.ClientProtocolException
04:25:07.522 [ForkJoinPool-1-worker-9] ERROR com.intuit.karate - feature call (loop) failed at index: 70
caller: classpath:InspireTest/ngr/datasetrecords/def/checkxlinkurl.template.feature
arg: {"link":"o"}
checkxlinkurl.template.feature:14 - 
org.apache.http.client.ClientProtocolException
04:25:07.522 [ForkJoinPool-1-worker-9] INFO  com.intuit.karate - [print]
04:25:07.522 [ForkJoinPool-1-worker-9] INFO  com.intuit.karate - [print] testing xlinkurl:w
04:25:07.523 [ForkJoinPool-1-worker-9] ERROR com.intuit.karate - org.apache.http.client.ClientProtocolException, http call failed after 0 milliseconds for URL: w
04:25:07.523 [ForkJoinPool-1-worker-9] ERROR com.intuit.karate - http request failed: 
org.apache.http.client.ClientProtocolException
04:25:07.523 [ForkJoinPool-1-worker-9] ERROR com.intuit.karate - feature call (loop) failed at index: 71
caller: classpath:InspireTest/ngr/datasetrecords/def/checkxlinkurl.template.feature
arg: {"link":"w"}
checkxlinkurl.template.feature:14 - 
org.apache.http.client.ClientProtocolException
04:25:07.523 [ForkJoinPool-1-worker-9] INFO  com.intuit.karate - [print]
04:25:07.523 [ForkJoinPool-1-worker-9] INFO  com.intuit.karate - [print] testing xlinkurl:n
04:25:07.524 [ForkJoinPool-1-worker-9] ERROR com.intuit.karate - org.apache.http.client.ClientProtocolException, http call failed after 0 milliseconds for URL: n
04:25:07.524 [ForkJoinPool-1-worker-9] ERROR com.intuit.karate - http request failed: 
org.apache.http.client.ClientProtocolException
04:25:07.524 [ForkJoinPool-1-worker-9] ERROR com.intuit.karate - feature call (loop) failed at index: 72
caller: classpath:InspireTest/ngr/datasetrecords/def/checkxlinkurl.template.feature
arg: {"link":"n"}
checkxlinkurl.template.feature:14 - 
org.apache.http.client.ClientProtocolException
04:25:07.524 [ForkJoinPool-1-worker-9] INFO  com.intuit.karate - [print]
04:25:07.524 [ForkJoinPool-1-worker-9] INFO  com.intuit.karate - [print] testing xlinkurl:l
04:25:07.524 [ForkJoinPool-1-worker-9] ERROR com.intuit.karate - org.apache.http.client.ClientProtocolException, http call failed after 0 milliseconds for URL: l
04:25:07.525 [ForkJoinPool-1-worker-9] ERROR com.intuit.karate - http request failed: 
org.apache.http.client.ClientProtocolException
04:25:07.525 [ForkJoinPool-1-worker-9] ERROR com.intuit.karate - feature call (loop) failed at index: 73
caller: classpath:InspireTest/ngr/datasetrecords/def/checkxlinkurl.template.feature
arg: {"link":"l"}
checkxlinkurl.template.feature:14 - 
org.apache.http.client.ClientProtocolException
04:25:07.525 [ForkJoinPool-1-worker-9] INFO  com.intuit.karate - [print]
04:25:07.525 [ForkJoinPool-1-worker-9] INFO  com.intuit.karate - [print] testing xlinkurl:o
04:25:07.525 [ForkJoinPool-1-worker-9] ERROR com.intuit.karate - org.apache.http.client.ClientProtocolException, http call failed after 0 milliseconds for URL: o
04:25:07.526 [ForkJoinPool-1-worker-9] ERROR com.intuit.karate - http request failed: 
org.apache.http.client.ClientProtocolException
04:25:07.526 [ForkJoinPool-1-worker-9] ERROR com.intuit.karate - feature call (loop) failed at index: 74
caller: classpath:InspireTest/ngr/datasetrecords/def/checkxlinkurl.template.feature
arg: {"link":"o"}
checkxlinkurl.template.feature:14 - 
org.apache.http.client.ClientProtocolException
04:25:07.526 [ForkJoinPool-1-worker-9] INFO  com.intuit.karate - [print]
04:25:07.526 [ForkJoinPool-1-worker-9] INFO  com.intuit.karate - [print] testing xlinkurl:a
04:25:07.526 [ForkJoinPool-1-worker-9] ERROR com.intuit.karate - org.apache.http.client.ClientProtocolException, http call failed after 0 milliseconds for URL: a
04:25:07.527 [ForkJoinPool-1-worker-9] ERROR com.intuit.karate - http request failed: 
org.apache.http.client.ClientProtocolException
04:25:07.527 [ForkJoinPool-1-worker-9] ERROR com.intuit.karate - feature call (loop) failed at index: 75
caller: classpath:InspireTest/ngr/datasetrecords/def/checkxlinkurl.template.feature
arg: {"link":"a"}
checkxlinkurl.template.feature:14 - 
org.apache.http.client.ClientProtocolException
04:25:07.527 [ForkJoinPool-1-worker-9] INFO  com.intuit.karate - [print]
04:25:07.527 [ForkJoinPool-1-worker-9] INFO  com.intuit.karate - [print] testing xlinkurl:d
04:25:07.527 [ForkJoinPool-1-worker-9] ERROR com.intuit.karate - org.apache.http.client.ClientProtocolException, http call failed after 0 milliseconds for URL: d
04:25:07.527 [ForkJoinPool-1-worker-9] ERROR com.intuit.karate - http request failed: 
org.apache.http.client.ClientProtocolException
04:25:07.528 [ForkJoinPool-1-worker-9] ERROR com.intuit.karate - feature call (loop) failed at index: 76
caller: classpath:InspireTest/ngr/datasetrecords/def/checkxlinkurl.template.feature
arg: {"link":"d"}
checkxlinkurl.template.feature:14 - 
org.apache.http.client.ClientProtocolException
04:25:07.528 [ForkJoinPool-1-worker-9] INFO  com.intuit.karate - [print]
04:25:07.528 [ForkJoinPool-1-worker-9] INFO  com.intuit.karate - [print] testing xlinkurl:?
04:25:07.529 [ForkJoinPool-1-worker-9] ERROR com.intuit.karate - org.apache.http.client.ClientProtocolException, http call failed after 0 milliseconds for URL: ?
04:25:07.529 [ForkJoinPool-1-worker-9] ERROR com.intuit.karate - http request failed: 
org.apache.http.client.ClientProtocolException
04:25:07.529 [ForkJoinPool-1-worker-9] ERROR com.intuit.karate - feature call (loop) failed at index: 77
caller: classpath:InspireTest/ngr/datasetrecords/def/checkxlinkurl.template.feature
arg: {"link":"?"}
checkxlinkurl.template.feature:14 - 
org.apache.http.client.ClientProtocolException
04:25:07.529 [ForkJoinPool-1-worker-9] INFO  com.intuit.karate - [print]
04:25:07.530 [ForkJoinPool-1-worker-9] INFO  com.intuit.karate - [print] testing xlinkurl:r
04:25:07.530 [ForkJoinPool-1-worker-9] ERROR com.intuit.karate - org.apache.http.client.ClientProtocolException, http call failed after 0 milliseconds for URL: r
04:25:07.530 [ForkJoinPool-1-worker-9] ERROR com.intuit.karate - http request failed: 
org.apache.http.client.ClientProtocolException
04:25:07.530 [ForkJoinPool-1-worker-9] ERROR com.intuit.karate - feature call (loop) failed at index: 78
caller: classpath:InspireTest/ngr/datasetrecords/def/checkxlinkurl.template.feature
arg: {"link":"r"}
checkxlinkurl.template.feature:14 - 
org.apache.http.client.ClientProtocolException
04:25:07.530 [ForkJoinPool-1-worker-9] INFO  com.intuit.karate - [print]
04:25:07.531 [ForkJoinPool-1-worker-9] INFO  com.intuit.karate - [print] testing xlinkurl:e
04:25:07.531 [ForkJoinPool-1-worker-9] ERROR com.intuit.karate - org.apache.http.client.ClientProtocolException, http call failed after 0 milliseconds for URL: e
04:25:07.531 [ForkJoinPool-1-worker-9] ERROR com.intuit.karate - http request failed: 
org.apache.http.client.ClientProtocolException
04:25:07.531 [ForkJoinPool-1-worker-9] ERROR com.intuit.karate - feature call (loop) failed at index: 79
caller: classpath:InspireTest/ngr/datasetrecords/def/checkxlinkurl.template.feature
arg: {"link":"e"}
checkxlinkurl.template.feature:14 - 
org.apache.http.client.ClientProtocolException
04:25:07.531 [ForkJoinPool-1-worker-9] INFO  com.intuit.karate - [print]
04:25:07.532 [ForkJoinPool-1-worker-9] INFO  com.intuit.karate - [print] testing xlinkurl:f
04:25:07.532 [ForkJoinPool-1-worker-9] ERROR com.intuit.karate - org.apache.http.client.ClientProtocolException, http call failed after 0 milliseconds for URL: f
04:25:07.532 [ForkJoinPool-1-worker-9] ERROR com.intuit.karate - http request failed: 
org.apache.http.client.ClientProtocolException
04:25:07.532 [ForkJoinPool-1-worker-9] ERROR com.intuit.karate - feature call (loop) failed at index: 80
caller: classpath:InspireTest/ngr/datasetrecords/def/checkxlinkurl.template.feature
arg: {"link":"f"}
checkxlinkurl.template.feature:14 - 
org.apache.http.client.ClientProtocolException
04:25:07.532 [ForkJoinPool-1-worker-9] INFO  com.intuit.karate - [print]
04:25:07.532 [ForkJoinPool-1-worker-9] INFO  com.intuit.karate - [print] testing xlinkurl:=
04:25:07.533 [ForkJoinPool-1-worker-9] ERROR com.intuit.karate - org.apache.http.client.ClientProtocolException, http call failed after 0 milliseconds for URL: =
04:25:07.533 [ForkJoinPool-1-worker-9] ERROR com.intuit.karate - http request failed: 
org.apache.http.client.ClientProtocolException
04:25:07.533 [ForkJoinPool-1-worker-9] ERROR com.intuit.karate - feature call (loop) failed at index: 81
caller: classpath:InspireTest/ngr/datasetrecords/def/checkxlinkurl.template.feature
arg: {"link":"="}
checkxlinkurl.template.feature:14 - 
org.apache.http.client.ClientProtocolException
04:25:07.533 [ForkJoinPool-1-worker-9] INFO  com.intuit.karate - [print]
04:25:07.533 [ForkJoinPool-1-worker-9] INFO  com.intuit.karate - [print] testing xlinkurl:e
04:25:07.534 [ForkJoinPool-1-worker-9] ERROR com.intuit.karate - org.apache.http.client.ClientProtocolException, http call failed after 0 milliseconds for URL: e
04:25:07.534 [ForkJoinPool-1-worker-9] ERROR com.intuit.karate - http request failed: 
org.apache.http.client.ClientProtocolException
04:25:07.534 [ForkJoinPool-1-worker-9] ERROR com.intuit.karate - feature call (loop) failed at index: 82
caller: classpath:InspireTest/ngr/datasetrecords/def/checkxlinkurl.template.feature
arg: {"link":"e"}
checkxlinkurl.template.feature:14 - 
org.apache.http.client.ClientProtocolException
04:25:07.534 [ForkJoinPool-1-worker-9] INFO  com.intuit.karate - [print]
04:25:07.534 [ForkJoinPool-1-worker-9] INFO  com.intuit.karate - [print] testing xlinkurl:x
04:25:07.535 [ForkJoinPool-1-worker-9] ERROR com.intuit.karate - org.apache.http.client.ClientProtocolException, http call failed after 0 milliseconds for URL: x
04:25:07.535 [ForkJoinPool-1-worker-9] ERROR com.intuit.karate - http request failed: 
org.apache.http.client.ClientProtocolException
04:25:07.535 [ForkJoinPool-1-worker-9] ERROR com.intuit.karate - feature call (loop) failed at index: 83
caller: classpath:InspireTest/ngr/datasetrecords/def/checkxlinkurl.template.feature
arg: {"link":"x"}
checkxlinkurl.template.feature:14 - 
org.apache.http.client.ClientProtocolException
04:25:07.539 [ForkJoinPool-1-worker-9] INFO  com.intuit.karate - [print]
04:25:07.539 [ForkJoinPool-1-worker-9] INFO  com.intuit.karate - [print] testing xlinkurl:t
04:25:07.548 [ForkJoinPool-1-worker-9] ERROR com.intuit.karate - org.apache.http.client.ClientProtocolException, http call failed after 0 milliseconds for URL: t
04:25:07.548 [ForkJoinPool-1-worker-9] ERROR com.intuit.karate - http request failed: 
org.apache.http.client.ClientProtocolException
04:25:07.548 [ForkJoinPool-1-worker-9] ERROR com.intuit.karate - feature call (loop) failed at index: 84
caller: classpath:InspireTest/ngr/datasetrecords/def/checkxlinkurl.template.feature
arg: {"link":"t"}
checkxlinkurl.template.feature:14 - 
org.apache.http.client.ClientProtocolException
04:25:07.549 [ForkJoinPool-1-worker-9] INFO  com.intuit.karate - [print]
04:25:07.549 [ForkJoinPool-1-worker-9] INFO  com.intuit.karate - [print] testing xlinkurl:e
04:25:07.549 [ForkJoinPool-1-worker-9] ERROR com.intuit.karate - org.apache.http.client.ClientProtocolException, http call failed after 0 milliseconds for URL: e
04:25:07.549 [ForkJoinPool-1-worker-9] ERROR com.intuit.karate - http request failed: 
org.apache.http.client.ClientProtocolException
04:25:07.549 [ForkJoinPool-1-worker-9] ERROR com.intuit.karate - feature call (loop) failed at index: 85
caller: classpath:InspireTest/ngr/datasetrecords/def/checkxlinkurl.template.feature
arg: {"link":"e"}
checkxlinkurl.template.feature:14 - 
org.apache.http.client.ClientProtocolException
04:25:07.550 [ForkJoinPool-1-worker-9] INFO  com.intuit.karate - [print]
04:25:07.550 [ForkJoinPool-1-worker-9] INFO  com.intuit.karate - [print] testing xlinkurl:r
04:25:07.550 [ForkJoinPool-1-worker-9] ERROR com.intuit.karate - org.apache.http.client.ClientProtocolException, http call failed after 0 milliseconds for URL: r
04:25:07.550 [ForkJoinPool-1-worker-9] ERROR com.intuit.karate - http request failed: 
org.apache.http.client.ClientProtocolException
04:25:07.550 [ForkJoinPool-1-worker-9] ERROR com.intuit.karate - feature call (loop) failed at index: 86
caller: classpath:InspireTest/ngr/datasetrecords/def/checkxlinkurl.template.feature
arg: {"link":"r"}
checkxlinkurl.template.feature:14 - 
org.apache.http.client.ClientProtocolException
04:25:07.551 [ForkJoinPool-1-worker-9] INFO  com.intuit.karate - [print]
04:25:07.551 [ForkJoinPool-1-worker-9] INFO  com.intuit.karate - [print] testing xlinkurl:n
04:25:07.551 [ForkJoinPool-1-worker-9] ERROR com.intuit.karate - org.apache.http.client.ClientProtocolException, http call failed after 0 milliseconds for URL: n
04:25:07.551 [ForkJoinPool-1-worker-9] ERROR com.intuit.karate - http request failed: 
org.apache.http.client.ClientProtocolException
04:25:07.551 [ForkJoinPool-1-worker-9] ERROR com.intuit.karate - feature call (loop) failed at index: 87
caller: classpath:InspireTest/ngr/datasetrecords/def/checkxlinkurl.template.feature
arg: {"link":"n"}
checkxlinkurl.template.feature:14 - 
org.apache.http.client.ClientProtocolException
04:25:07.552 [ForkJoinPool-1-worker-9] INFO  com.intuit.karate - [print]
04:25:07.552 [ForkJoinPool-1-worker-9] INFO  com.intuit.karate - [print] testing xlinkurl:a
04:25:07.552 [ForkJoinPool-1-worker-9] ERROR com.intuit.karate - org.apache.http.client.ClientProtocolException, http call failed after 0 milliseconds for URL: a
04:25:07.552 [ForkJoinPool-1-worker-9] ERROR com.intuit.karate - http request failed: 
org.apache.http.client.ClientProtocolException
04:25:07.552 [ForkJoinPool-1-worker-9] ERROR com.intuit.karate - feature call (loop) failed at index: 88
caller: classpath:InspireTest/ngr/datasetrecords/def/checkxlinkurl.template.feature
arg: {"link":"a"}
checkxlinkurl.template.feature:14 - 
org.apache.http.client.ClientProtocolException
04:25:07.553 [ForkJoinPool-1-worker-9] INFO  com.intuit.karate - [print]
04:25:07.553 [ForkJoinPool-1-worker-9] INFO  com.intuit.karate - [print] testing xlinkurl:l
04:25:07.553 [ForkJoinPool-1-worker-9] ERROR com.intuit.karate - org.apache.http.client.ClientProtocolException, http call failed after 0 milliseconds for URL: l
04:25:07.553 [ForkJoinPool-1-worker-9] ERROR com.intuit.karate - http request failed: 
org.apache.http.client.ClientProtocolException
04:25:07.553 [ForkJoinPool-1-worker-9] ERROR com.intuit.karate - feature call (loop) failed at index: 89
caller: classpath:InspireTest/ngr/datasetrecords/def/checkxlinkurl.template.feature
arg: {"link":"l"}
checkxlinkurl.template.feature:14 - 
org.apache.http.client.ClientProtocolException
04:25:07.554 [ForkJoinPool-1-worker-9] INFO  com.intuit.karate - [print]
04:25:07.554 [ForkJoinPool-1-worker-9] INFO  com.intuit.karate - [print] testing xlinkurl:.
04:25:07.554 [ForkJoinPool-1-worker-9] ERROR com.intuit.karate - org.apache.http.client.ClientProtocolException, http call failed after 0 milliseconds for URL: .
04:25:07.561 [ForkJoinPool-1-worker-9] ERROR com.intuit.karate - http request failed: 
org.apache.http.client.ClientProtocolException
04:25:07.561 [ForkJoinPool-1-worker-9] ERROR com.intuit.karate - feature call (loop) failed at index: 90
caller: classpath:InspireTest/ngr/datasetrecords/def/checkxlinkurl.template.feature
arg: {"link":"."}
checkxlinkurl.template.feature:14 - 
org.apache.http.client.ClientProtocolException
04:25:07.561 [ForkJoinPool-1-worker-9] INFO  com.intuit.karate - [print]
04:25:07.562 [ForkJoinPool-1-worker-9] INFO  com.intuit.karate - [print] testing xlinkurl:t
04:25:07.562 [ForkJoinPool-1-worker-9] ERROR com.intuit.karate - org.apache.http.client.ClientProtocolException, http call failed after 0 milliseconds for URL: t
04:25:07.562 [ForkJoinPool-1-worker-9] ERROR com.intuit.karate - http request failed: 
org.apache.http.client.ClientProtocolException
04:25:07.562 [ForkJoinPool-1-worker-9] ERROR com.intuit.karate - feature call (loop) failed at index: 91
caller: classpath:InspireTest/ngr/datasetrecords/def/checkxlinkurl.template.feature
arg: {"link":"t"}
checkxlinkurl.template.feature:14 - 
org.apache.http.client.ClientProtocolException
04:25:07.562 [ForkJoinPool-1-worker-9] INFO  com.intuit.karate - [print]
04:25:07.563 [ForkJoinPool-1-worker-9] INFO  com.intuit.karate - [print] testing xlinkurl:h
04:25:07.563 [ForkJoinPool-1-worker-9] ERROR com.intuit.karate - org.apache.http.client.ClientProtocolException, http call failed after 0 milliseconds for URL: h
04:25:07.563 [ForkJoinPool-1-worker-9] ERROR com.intuit.karate - http request failed: 
org.apache.http.client.ClientProtocolException
04:25:07.563 [ForkJoinPool-1-worker-9] ERROR com.intuit.karate - feature call (loop) failed at index: 92
caller: classpath:InspireTest/ngr/datasetrecords/def/checkxlinkurl.template.feature
arg: {"link":"h"}
checkxlinkurl.template.feature:14 - 
org.apache.http.client.ClientProtocolException
04:25:07.563 [ForkJoinPool-1-worker-9] INFO  com.intuit.karate - [print]
04:25:07.564 [ForkJoinPool-1-worker-9] INFO  com.intuit.karate - [print] testing xlinkurl:e
04:25:07.564 [ForkJoinPool-1-worker-9] ERROR com.intuit.karate - org.apache.http.client.ClientProtocolException, http call failed after 0 milliseconds for URL: e
04:25:07.564 [ForkJoinPool-1-worker-9] ERROR com.intuit.karate - http request failed: 
org.apache.http.client.ClientProtocolException
04:25:07.564 [ForkJoinPool-1-worker-9] ERROR com.intuit.karate - feature call (loop) failed at index: 93
caller: classpath:InspireTest/ngr/datasetrecords/def/checkxlinkurl.template.feature
arg: {"link":"e"}
checkxlinkurl.template.feature:14 - 
org.apache.http.client.ClientProtocolException
04:25:07.564 [ForkJoinPool-1-worker-9] INFO  com.intuit.karate - [print]
04:25:07.565 [ForkJoinPool-1-worker-9] INFO  com.intuit.karate - [print] testing xlinkurl:m
04:25:07.565 [ForkJoinPool-1-worker-9] ERROR com.intuit.karate - org.apache.http.client.ClientProtocolException, http call failed after 0 milliseconds for URL: m
04:25:07.565 [ForkJoinPool-1-worker-9] ERROR com.intuit.karate - http request failed: 
org.apache.http.client.ClientProtocolException
04:25:07.565 [ForkJoinPool-1-worker-9] ERROR com.intuit.karate - feature call (loop) failed at index: 94
caller: classpath:InspireTest/ngr/datasetrecords/def/checkxlinkurl.template.feature
arg: {"link":"m"}
checkxlinkurl.template.feature:14 - 
org.apache.http.client.ClientProtocolException
04:25:07.565 [ForkJoinPool-1-worker-9] INFO  com.intuit.karate - [print]
04:25:07.565 [ForkJoinPool-1-worker-9] INFO  com.intuit.karate - [print] testing xlinkurl:e
04:25:07.566 [ForkJoinPool-1-worker-9] ERROR com.intuit.karate - org.apache.http.client.ClientProtocolException, http call failed after 0 milliseconds for URL: e
04:25:07.566 [ForkJoinPool-1-worker-9] ERROR com.intuit.karate - http request failed: 
org.apache.http.client.ClientProtocolException
04:25:07.566 [ForkJoinPool-1-worker-9] ERROR com.intuit.karate - feature call (loop) failed at index: 95
caller: classpath:InspireTest/ngr/datasetrecords/def/checkxlinkurl.template.feature
arg: {"link":"e"}
checkxlinkurl.template.feature:14 - 
org.apache.http.client.ClientProtocolException
04:25:07.566 [ForkJoinPool-1-worker-9] INFO  com.intuit.karate - [print]
04:25:07.567 [ForkJoinPool-1-worker-9] INFO  com.intuit.karate - [print] testing xlinkurl:.
04:25:07.567 [ForkJoinPool-1-worker-9] ERROR com.intuit.karate - org.apache.http.client.ClientProtocolException, http call failed after 0 milliseconds for URL: .
04:25:07.567 [ForkJoinPool-1-worker-9] ERROR com.intuit.karate - http request failed: 
org.apache.http.client.ClientProtocolException
04:25:07.567 [ForkJoinPool-1-worker-9] ERROR com.intuit.karate - feature call (loop) failed at index: 96
caller: classpath:InspireTest/ngr/datasetrecords/def/checkxlinkurl.template.feature
arg: {"link":"."}
checkxlinkurl.template.feature:14 - 
org.apache.http.client.ClientProtocolException
04:25:07.567 [ForkJoinPool-1-worker-9] INFO  com.intuit.karate - [print]
04:25:07.568 [ForkJoinPool-1-worker-9] INFO  com.intuit.karate - [print] testing xlinkurl:h
04:25:07.568 [ForkJoinPool-1-worker-9] ERROR com.intuit.karate - org.apache.http.client.ClientProtocolException, http call failed after 0 milliseconds for URL: h
04:25:07.568 [ForkJoinPool-1-worker-9] ERROR com.intuit.karate - http request failed: 
org.apache.http.client.ClientProtocolException
04:25:07.568 [ForkJoinPool-1-worker-9] ERROR com.intuit.karate - feature call (loop) failed at index: 97
caller: classpath:InspireTest/ngr/datasetrecords/def/checkxlinkurl.template.feature
arg: {"link":"h"}
checkxlinkurl.template.feature:14 - 
org.apache.http.client.ClientProtocolException
04:25:07.568 [ForkJoinPool-1-worker-9] INFO  com.intuit.karate - [print]
04:25:07.573 [ForkJoinPool-1-worker-9] INFO  com.intuit.karate - [print] testing xlinkurl:t
04:25:07.573 [ForkJoinPool-1-worker-9] ERROR com.intuit.karate - org.apache.http.client.ClientProtocolException, http call failed after 0 milliseconds for URL: t
04:25:07.573 [ForkJoinPool-1-worker-9] ERROR com.intuit.karate - http request failed: 
org.apache.http.client.ClientProtocolException
04:25:07.573 [ForkJoinPool-1-worker-9] ERROR com.intuit.karate - feature call (loop) failed at index: 98
caller: classpath:InspireTest/ngr/datasetrecords/def/checkxlinkurl.template.feature
arg: {"link":"t"}
checkxlinkurl.template.feature:14 - 
org.apache.http.client.ClientProtocolException
04:25:07.574 [ForkJoinPool-1-worker-9] INFO  com.intuit.karate - [print]
04:25:07.574 [ForkJoinPool-1-worker-9] INFO  com.intuit.karate - [print] testing xlinkurl:t
04:25:07.574 [ForkJoinPool-1-worker-9] ERROR com.intuit.karate - org.apache.http.client.ClientProtocolException, http call failed after 0 milliseconds for URL: t
04:25:07.574 [ForkJoinPool-1-worker-9] ERROR com.intuit.karate - http request failed: 
org.apache.http.client.ClientProtocolException
04:25:07.574 [ForkJoinPool-1-worker-9] ERROR com.intuit.karate - feature call (loop) failed at index: 99
caller: classpath:InspireTest/ngr/datasetrecords/def/checkxlinkurl.template.feature
arg: {"link":"t"}
checkxlinkurl.template.feature:14 - 
org.apache.http.client.ClientProtocolException
04:25:07.574 [ForkJoinPool-1-worker-9] INFO  com.intuit.karate - [print]
04:25:07.575 [ForkJoinPool-1-worker-9] INFO  com.intuit.karate - [print] testing xlinkurl:p
04:25:07.575 [ForkJoinPool-1-worker-9] ERROR com.intuit.karate - org.apache.http.client.ClientProtocolException, http call failed after 0 milliseconds for URL: p
04:25:07.575 [ForkJoinPool-1-worker-9] ERROR com.intuit.karate - http request failed: 
org.apache.http.client.ClientProtocolException
04:25:07.575 [ForkJoinPool-1-worker-9] ERROR com.intuit.karate - feature call (loop) failed at index: 100
caller: classpath:InspireTest/ngr/datasetrecords/def/checkxlinkurl.template.feature
arg: {"link":"p"}
checkxlinkurl.template.feature:14 - 
org.apache.http.client.ClientProtocolException
04:25:07.575 [ForkJoinPool-1-worker-9] INFO  com.intuit.karate - [print]
04:25:07.576 [ForkJoinPool-1-worker-9] INFO  com.intuit.karate - [print] testing xlinkurl:i
04:25:07.576 [ForkJoinPool-1-worker-9] ERROR com.intuit.karate - org.apache.http.client.ClientProtocolException, http call failed after 0 milliseconds for URL: i
04:25:07.576 [ForkJoinPool-1-worker-9] ERROR com.intuit.karate - http request failed: 
org.apache.http.client.ClientProtocolException
04:25:07.576 [ForkJoinPool-1-worker-9] ERROR com.intuit.karate - feature call (loop) failed at index: 101
caller: classpath:InspireTest/ngr/datasetrecords/def/checkxlinkurl.template.feature
arg: {"link":"i"}
checkxlinkurl.template.feature:14 - 
org.apache.http.client.ClientProtocolException
04:25:07.576 [ForkJoinPool-1-worker-9] INFO  com.intuit.karate - [print]
04:25:07.577 [ForkJoinPool-1-worker-9] INFO  com.intuit.karate - [print] testing xlinkurl:n
04:25:07.577 [ForkJoinPool-1-worker-9] ERROR com.intuit.karate - org.apache.http.client.ClientProtocolException, http call failed after 0 milliseconds for URL: n
04:25:07.582 [ForkJoinPool-1-worker-9] ERROR com.intuit.karate - http request failed: 
org.apache.http.client.ClientProtocolException
04:25:07.582 [ForkJoinPool-1-worker-9] ERROR com.intuit.karate - feature call (loop) failed at index: 102
caller: classpath:InspireTest/ngr/datasetrecords/def/checkxlinkurl.template.feature
arg: {"link":"n"}
checkxlinkurl.template.feature:14 - 
org.apache.http.client.ClientProtocolException
04:25:07.583 [ForkJoinPool-1-worker-9] INFO  com.intuit.karate - [print]
04:25:07.583 [ForkJoinPool-1-worker-9] INFO  com.intuit.karate - [print] testing xlinkurl:s
04:25:07.584 [ForkJoinPool-1-worker-9] ERROR com.intuit.karate - org.apache.http.client.ClientProtocolException, http call failed after 0 milliseconds for URL: s
04:25:07.584 [ForkJoinPool-1-worker-9] ERROR com.intuit.karate - http request failed: 
org.apache.http.client.ClientProtocolException
04:25:07.584 [ForkJoinPool-1-worker-9] ERROR com.intuit.karate - feature call (loop) failed at index: 103
caller: classpath:InspireTest/ngr/datasetrecords/def/checkxlinkurl.template.feature
arg: {"link":"s"}
checkxlinkurl.template.feature:14 - 
org.apache.http.client.ClientProtocolException
04:25:07.584 [ForkJoinPool-1-worker-9] INFO  com.intuit.karate - [print]
04:25:07.584 [ForkJoinPool-1-worker-9] INFO  com.intuit.karate - [print] testing xlinkurl:p
04:25:07.585 [ForkJoinPool-1-worker-9] ERROR com.intuit.karate - org.apache.http.client.ClientProtocolException, http call failed after 0 milliseconds for URL: p
04:25:07.585 [ForkJoinPool-1-worker-9] ERROR com.intuit.karate - http request failed: 
org.apache.http.client.ClientProtocolException
04:25:07.585 [ForkJoinPool-1-worker-9] ERROR com.intuit.karate - feature call (loop) failed at index: 104
caller: classpath:InspireTest/ngr/datasetrecords/def/checkxlinkurl.template.feature
arg: {"link":"p"}
checkxlinkurl.template.feature:14 - 
org.apache.http.client.ClientProtocolException
04:25:07.585 [ForkJoinPool-1-worker-9] INFO  com.intuit.karate - [print]
04:25:07.585 [ForkJoinPool-1-worker-9] INFO  com.intuit.karate - [print] testing xlinkurl:i
04:25:07.586 [ForkJoinPool-1-worker-9] ERROR com.intuit.karate - org.apache.http.client.ClientProtocolException, http call failed after 0 milliseconds for URL: i
04:25:07.593 [ForkJoinPool-1-worker-9] ERROR com.intuit.karate - http request failed: 
org.apache.http.client.ClientProtocolException
04:25:07.593 [ForkJoinPool-1-worker-9] ERROR com.intuit.karate - feature call (loop) failed at index: 105
caller: classpath:InspireTest/ngr/datasetrecords/def/checkxlinkurl.template.feature
arg: {"link":"i"}
checkxlinkurl.template.feature:14 - 
org.apache.http.client.ClientProtocolException
04:25:07.593 [ForkJoinPool-1-worker-9] INFO  com.intuit.karate - [print]
04:25:07.594 [ForkJoinPool-1-worker-9] INFO  com.intuit.karate - [print] testing xlinkurl:r
04:25:07.594 [ForkJoinPool-1-worker-9] ERROR com.intuit.karate - org.apache.http.client.ClientProtocolException, http call failed after 0 milliseconds for URL: r
04:25:07.594 [ForkJoinPool-1-worker-9] ERROR com.intuit.karate - http request failed: 
org.apache.http.client.ClientProtocolException
04:25:07.594 [ForkJoinPool-1-worker-9] ERROR com.intuit.karate - feature call (loop) failed at index: 106
caller: classpath:InspireTest/ngr/datasetrecords/def/checkxlinkurl.template.feature
arg: {"link":"r"}
checkxlinkurl.template.feature:14 - 
org.apache.http.client.ClientProtocolException
04:25:07.594 [ForkJoinPool-1-worker-9] INFO  com.intuit.karate - [print]
04:25:07.595 [ForkJoinPool-1-worker-9] INFO  com.intuit.karate - [print] testing xlinkurl:e
04:25:07.595 [ForkJoinPool-1-worker-9] ERROR com.intuit.karate - org.apache.http.client.ClientProtocolException, http call failed after 0 milliseconds for URL: e
04:25:07.595 [ForkJoinPool-1-worker-9] ERROR com.intuit.karate - http request failed: 
org.apache.http.client.ClientProtocolException
04:25:07.595 [ForkJoinPool-1-worker-9] ERROR com.intuit.karate - feature call (loop) failed at index: 107
caller: classpath:InspireTest/ngr/datasetrecords/def/checkxlinkurl.template.feature
arg: {"link":"e"}
checkxlinkurl.template.feature:14 - 
org.apache.http.client.ClientProtocolException
04:25:07.595 [ForkJoinPool-1-worker-9] INFO  com.intuit.karate - [print]
04:25:07.596 [ForkJoinPool-1-worker-9] INFO  com.intuit.karate - [print] testing xlinkurl:e
04:25:07.596 [ForkJoinPool-1-worker-9] ERROR com.intuit.karate - org.apache.http.client.ClientProtocolException, http call failed after 0 milliseconds for URL: e
04:25:07.596 [ForkJoinPool-1-worker-9] ERROR com.intuit.karate - http request failed: 
org.apache.http.client.ClientProtocolException
04:25:07.596 [ForkJoinPool-1-worker-9] ERROR com.intuit.karate - feature call (loop) failed at index: 108
caller: classpath:InspireTest/ngr/datasetrecords/def/checkxlinkurl.template.feature
arg: {"link":"e"}
checkxlinkurl.template.feature:14 - 
org.apache.http.client.ClientProtocolException
04:25:07.596 [ForkJoinPool-1-worker-9] INFO  com.intuit.karate - [print]
04:25:07.597 [ForkJoinPool-1-worker-9] INFO  com.intuit.karate - [print] testing xlinkurl:c
04:25:07.597 [ForkJoinPool-1-worker-9] ERROR com.intuit.karate - org.apache.http.client.ClientProtocolException, http call failed after 0 milliseconds for URL: c
04:25:07.597 [ForkJoinPool-1-worker-9] ERROR com.intuit.karate - http request failed: 
org.apache.http.client.ClientProtocolException
04:25:07.597 [ForkJoinPool-1-worker-9] ERROR com.intuit.karate - feature call (loop) failed at index: 109
caller: classpath:InspireTest/ngr/datasetrecords/def/checkxlinkurl.template.feature
arg: {"link":"c"}
checkxlinkurl.template.feature:14 - 
org.apache.http.client.ClientProtocolException
04:25:07.597 [ForkJoinPool-1-worker-9] INFO  com.intuit.karate - [print]
04:25:07.598 [ForkJoinPool-1-worker-9] INFO  com.intuit.karate - [print] testing xlinkurl:e
04:25:07.598 [ForkJoinPool-1-worker-9] ERROR com.intuit.karate - org.apache.http.client.ClientProtocolException, http call failed after 0 milliseconds for URL: e
04:25:07.598 [ForkJoinPool-1-worker-9] ERROR com.intuit.karate - http request failed: 
org.apache.http.client.ClientProtocolException
04:25:07.598 [ForkJoinPool-1-worker-9] ERROR com.intuit.karate - feature call (loop) failed at index: 110
caller: classpath:InspireTest/ngr/datasetrecords/def/checkxlinkurl.template.feature
arg: {"link":"e"}
checkxlinkurl.template.feature:14 - 
org.apache.http.client.ClientProtocolException
04:25:07.598 [ForkJoinPool-1-worker-9] INFO  com.intuit.karate - [print]
04:25:07.599 [ForkJoinPool-1-worker-9] INFO  com.intuit.karate - [print] testing xlinkurl:u
04:25:07.599 [ForkJoinPool-1-worker-9] ERROR com.intuit.karate - org.apache.http.client.ClientProtocolException, http call failed after 0 milliseconds for URL: u
04:25:07.599 [ForkJoinPool-1-worker-9] ERROR com.intuit.karate - http request failed: 
org.apache.http.client.ClientProtocolException
04:25:07.599 [ForkJoinPool-1-worker-9] ERROR com.intuit.karate - feature call (loop) failed at index: 111
caller: classpath:InspireTest/ngr/datasetrecords/def/checkxlinkurl.template.feature
arg: {"link":"u"}
checkxlinkurl.template.feature:14 - 
org.apache.http.client.ClientProtocolException
04:25:07.599 [ForkJoinPool-1-worker-9] INFO  com.intuit.karate - [print]
04:25:07.600 [ForkJoinPool-1-worker-9] INFO  com.intuit.karate - [print] testing xlinkurl:r
04:25:07.600 [ForkJoinPool-1-worker-9] ERROR com.intuit.karate - org.apache.http.client.ClientProtocolException, http call failed after 0 milliseconds for URL: r
04:25:07.600 [ForkJoinPool-1-worker-9] ERROR com.intuit.karate - http request failed: 
org.apache.http.client.ClientProtocolException
04:25:07.600 [ForkJoinPool-1-worker-9] ERROR com.intuit.karate - feature call (loop) failed at index: 112
caller: classpath:InspireTest/ngr/datasetrecords/def/checkxlinkurl.template.feature
arg: {"link":"r"}
checkxlinkurl.template.feature:14 - 
org.apache.http.client.ClientProtocolException
04:25:07.600 [ForkJoinPool-1-worker-9] INFO  com.intuit.karate - [print]
04:25:07.609 [ForkJoinPool-1-worker-9] INFO  com.intuit.karate - [print] testing xlinkurl:o
04:25:07.609 [ForkJoinPool-1-worker-9] ERROR com.intuit.karate - org.apache.http.client.ClientProtocolException, http call failed after 0 milliseconds for URL: o
04:25:07.610 [ForkJoinPool-1-worker-9] ERROR com.intuit.karate - http request failed: 
org.apache.http.client.ClientProtocolException
04:25:07.610 [ForkJoinPool-1-worker-9] ERROR com.intuit.karate - feature call (loop) failed at index: 113
caller: classpath:InspireTest/ngr/datasetrecords/def/checkxlinkurl.template.feature
arg: {"link":"o"}
checkxlinkurl.template.feature:14 - 
org.apache.http.client.ClientProtocolException
04:25:07.610 [ForkJoinPool-1-worker-9] INFO  com.intuit.karate - [print]
04:25:07.610 [ForkJoinPool-1-worker-9] INFO  com.intuit.karate - [print] testing xlinkurl:p
04:25:07.610 [ForkJoinPool-1-worker-9] ERROR com.intuit.karate - org.apache.http.client.ClientProtocolException, http call failed after 0 milliseconds for URL: p
04:25:07.611 [ForkJoinPool-1-worker-9] ERROR com.intuit.karate - http request failed: 
org.apache.http.client.ClientProtocolException
04:25:07.611 [ForkJoinPool-1-worker-9] ERROR com.intuit.karate - feature call (loop) failed at index: 114
caller: classpath:InspireTest/ngr/datasetrecords/def/checkxlinkurl.template.feature
arg: {"link":"p"}
checkxlinkurl.template.feature:14 - 
org.apache.http.client.ClientProtocolException
04:25:07.611 [ForkJoinPool-1-worker-9] INFO  com.intuit.karate - [print]
04:25:07.611 [ForkJoinPool-1-worker-9] INFO  com.intuit.karate - [print] testing xlinkurl:a
04:25:07.611 [ForkJoinPool-1-worker-9] ERROR com.intuit.karate - org.apache.http.client.ClientProtocolException, http call failed after 0 milliseconds for URL: a
04:25:07.612 [ForkJoinPool-1-worker-9] ERROR com.intuit.karate - http request failed: 
org.apache.http.client.ClientProtocolException
04:25:07.612 [ForkJoinPool-1-worker-9] ERROR com.intuit.karate - feature call (loop) failed at index: 115
caller: classpath:InspireTest/ngr/datasetrecords/def/checkxlinkurl.template.feature
arg: {"link":"a"}
checkxlinkurl.template.feature:14 - 
org.apache.http.client.ClientProtocolException
04:25:07.612 [ForkJoinPool-1-worker-9] INFO  com.intuit.karate - [print]
04:25:07.612 [ForkJoinPool-1-worker-9] INFO  com.intuit.karate - [print] testing xlinkurl:e
04:25:07.612 [ForkJoinPool-1-worker-9] ERROR com.intuit.karate - org.apache.http.client.ClientProtocolException, http call failed after 0 milliseconds for URL: e
04:25:07.612 [ForkJoinPool-1-worker-9] ERROR com.intuit.karate - http request failed: 
org.apache.http.client.ClientProtocolException
04:25:07.613 [ForkJoinPool-1-worker-9] ERROR com.intuit.karate - feature call (loop) failed at index: 116
caller: classpath:InspireTest/ngr/datasetrecords/def/checkxlinkurl.template.feature
arg: {"link":"e"}
checkxlinkurl.template.feature:14 - 
org.apache.http.client.ClientProtocolException
04:25:07.613 [ForkJoinPool-1-worker-9] INFO  com.intuit.karate - [print]
04:25:07.613 [ForkJoinPool-1-worker-9] INFO  com.intuit.karate - [print] testing xlinkurl:u
04:25:07.613 [ForkJoinPool-1-worker-9] ERROR com.intuit.karate - org.apache.http.client.ClientProtocolException, http call failed after 0 milliseconds for URL: u
04:25:07.614 [ForkJoinPool-1-worker-9] ERROR com.intuit.karate - http request failed: 
org.apache.http.client.ClientProtocolException
04:25:07.614 [ForkJoinPool-1-worker-9] ERROR com.intuit.karate - feature call (loop) failed at index: 117
caller: classpath:InspireTest/ngr/datasetrecords/def/checkxlinkurl.template.feature
arg: {"link":"u"}
checkxlinkurl.template.feature:14 - 
org.apache.http.client.ClientProtocolException
04:25:07.614 [ForkJoinPool-1-worker-9] INFO  com.intuit.karate - [print]
04:25:07.614 [ForkJoinPool-1-worker-9] INFO  com.intuit.karate - [print] testing xlinkurl:t
04:25:07.614 [ForkJoinPool-1-worker-9] ERROR com.intuit.karate - org.apache.http.client.ClientProtocolException, http call failed after 0 milliseconds for URL: t
04:25:07.615 [ForkJoinPool-1-worker-9] ERROR com.intuit.karate - http request failed: 
org.apache.http.client.ClientProtocolException
04:25:07.615 [ForkJoinPool-1-worker-9] ERROR com.intuit.karate - feature call (loop) failed at index: 118
caller: classpath:InspireTest/ngr/datasetrecords/def/checkxlinkurl.template.feature
arg: {"link":"t"}
checkxlinkurl.template.feature:14 - 
org.apache.http.client.ClientProtocolException
04:25:07.615 [ForkJoinPool-1-worker-9] INFO  com.intuit.karate - [print]
04:25:07.615 [ForkJoinPool-1-worker-9] INFO  com.intuit.karate - [print] testing xlinkurl:h
04:25:07.615 [ForkJoinPool-1-worker-9] ERROR com.intuit.karate - org.apache.http.client.ClientProtocolException, http call failed after 0 milliseconds for URL: h
04:25:07.615 [ForkJoinPool-1-worker-9] ERROR com.intuit.karate - http request failed: 
org.apache.http.client.ClientProtocolException
04:25:07.616 [ForkJoinPool-1-worker-9] ERROR com.intuit.karate - feature call (loop) failed at index: 119
caller: classpath:InspireTest/ngr/datasetrecords/def/checkxlinkurl.template.feature
arg: {"link":"h"}
checkxlinkurl.template.feature:14 - 
org.apache.http.client.ClientProtocolException
04:25:07.616 [ForkJoinPool-1-worker-9] INFO  com.intuit.karate - [print]
04:25:07.616 [ForkJoinPool-1-worker-9] INFO  com.intuit.karate - [print] testing xlinkurl:e
04:25:07.616 [ForkJoinPool-1-worker-9] ERROR com.intuit.karate - org.apache.http.client.ClientProtocolException, http call failed after 0 milliseconds for URL: e
04:25:07.616 [ForkJoinPool-1-worker-9] ERROR com.intuit.karate - http request failed: 
org.apache.http.client.ClientProtocolException
04:25:07.617 [ForkJoinPool-1-worker-9] ERROR com.intuit.karate - feature call (loop) failed at index: 120
caller: classpath:InspireTest/ngr/datasetrecords/def/checkxlinkurl.template.feature
arg: {"link":"e"}
checkxlinkurl.template.feature:14 - 
org.apache.http.client.ClientProtocolException
04:25:07.617 [ForkJoinPool-1-worker-9] INFO  com.intuit.karate - [print]
04:25:07.617 [ForkJoinPool-1-worker-9] INFO  com.intuit.karate - [print] testing xlinkurl:m
04:25:07.617 [ForkJoinPool-1-worker-9] ERROR com.intuit.karate - org.apache.http.client.ClientProtocolException, http call failed after 0 milliseconds for URL: m
04:25:07.617 [ForkJoinPool-1-worker-9] ERROR com.intuit.karate - http request failed: 
org.apache.http.client.ClientProtocolException
04:25:07.618 [ForkJoinPool-1-worker-9] ERROR com.intuit.karate - feature call (loop) failed at index: 121
caller: classpath:InspireTest/ngr/datasetrecords/def/checkxlinkurl.template.feature
arg: {"link":"m"}
checkxlinkurl.template.feature:14 - 
org.apache.http.client.ClientProtocolException
04:25:07.618 [ForkJoinPool-1-worker-9] INFO  com.intuit.karate - [print]
04:25:07.625 [ForkJoinPool-1-worker-9] INFO  com.intuit.karate - [print] testing xlinkurl:e
04:25:07.625 [ForkJoinPool-1-worker-9] ERROR com.intuit.karate - org.apache.http.client.ClientProtocolException, http call failed after 0 milliseconds for URL: e
04:25:07.625 [ForkJoinPool-1-worker-9] ERROR com.intuit.karate - http request failed: 
org.apache.http.client.ClientProtocolException
04:25:07.625 [ForkJoinPool-1-worker-9] ERROR com.intuit.karate - feature call (loop) failed at index: 122
caller: classpath:InspireTest/ngr/datasetrecords/def/checkxlinkurl.template.feature
arg: {"link":"e"}
checkxlinkurl.template.feature:14 - 
org.apache.http.client.ClientProtocolException
04:25:07.626 [ForkJoinPool-1-worker-9] INFO  com.intuit.karate - [print]
04:25:07.626 [ForkJoinPool-1-worker-9] INFO  com.intuit.karate - [print] testing xlinkurl:-
04:25:07.626 [ForkJoinPool-1-worker-9] ERROR com.intuit.karate - org.apache.http.client.ClientProtocolException, http call failed after 0 milliseconds for URL: -
04:25:07.626 [ForkJoinPool-1-worker-9] ERROR com.intuit.karate - http request failed: 
org.apache.http.client.ClientProtocolException
04:25:07.626 [ForkJoinPool-1-worker-9] ERROR com.intuit.karate - feature call (loop) failed at index: 123
caller: classpath:InspireTest/ngr/datasetrecords/def/checkxlinkurl.template.feature
arg: {"link":"-"}
checkxlinkurl.template.feature:14 - 
org.apache.http.client.ClientProtocolException
04:25:07.627 [ForkJoinPool-1-worker-9] INFO  com.intuit.karate - [print]
04:25:07.627 [ForkJoinPool-1-worker-9] INFO  com.intuit.karate - [print] testing xlinkurl:t
04:25:07.627 [ForkJoinPool-1-worker-9] ERROR com.intuit.karate - org.apache.http.client.ClientProtocolException, http call failed after 0 milliseconds for URL: t
04:25:07.627 [ForkJoinPool-1-worker-9] ERROR com.intuit.karate - http request failed: 
org.apache.http.client.ClientProtocolException
04:25:07.627 [ForkJoinPool-1-worker-9] ERROR com.intuit.karate - feature call (loop) failed at index: 124
caller: classpath:InspireTest/ngr/datasetrecords/def/checkxlinkurl.template.feature
arg: {"link":"t"}
checkxlinkurl.template.feature:14 - 
org.apache.http.client.ClientProtocolException
04:25:07.628 [ForkJoinPool-1-worker-9] INFO  com.intuit.karate - [print]
04:25:07.628 [ForkJoinPool-1-worker-9] INFO  com.intuit.karate - [print] testing xlinkurl:h
04:25:07.628 [ForkJoinPool-1-worker-9] ERROR com.intuit.karate - org.apache.http.client.ClientProtocolException, http call failed after 0 milliseconds for URL: h
04:25:07.628 [ForkJoinPool-1-worker-9] ERROR com.intuit.karate - http request failed: 
org.apache.http.client.ClientProtocolException
04:25:07.628 [ForkJoinPool-1-worker-9] ERROR com.intuit.karate - feature call (loop) failed at index: 125
caller: classpath:InspireTest/ngr/datasetrecords/def/checkxlinkurl.template.feature
arg: {"link":"h"}
checkxlinkurl.template.feature:14 - 
org.apache.http.client.ClientProtocolException
04:25:07.629 [ForkJoinPool-1-worker-9] INFO  com.intuit.karate - [print]
04:25:07.629 [ForkJoinPool-1-worker-9] INFO  com.intuit.karate - [print] testing xlinkurl:e
04:25:07.629 [ForkJoinPool-1-worker-9] ERROR com.intuit.karate - org.apache.http.client.ClientProtocolException, http call failed after 0 milliseconds for URL: e
04:25:07.629 [ForkJoinPool-1-worker-9] ERROR com.intuit.karate - http request failed: 
org.apache.http.client.ClientProtocolException
04:25:07.629 [ForkJoinPool-1-worker-9] ERROR com.intuit.karate - feature call (loop) failed at index: 126
caller: classpath:InspireTest/ngr/datasetrecords/def/checkxlinkurl.template.feature
arg: {"link":"e"}
checkxlinkurl.template.feature:14 - 
org.apache.http.client.ClientProtocolException
04:25:07.630 [ForkJoinPool-1-worker-9] INFO  com.intuit.karate - [print]
04:25:07.630 [ForkJoinPool-1-worker-9] INFO  com.intuit.karate - [print] testing xlinkurl:m
04:25:07.630 [ForkJoinPool-1-worker-9] ERROR com.intuit.karate - org.apache.http.client.ClientProtocolException, http call failed after 0 milliseconds for URL: m
04:25:07.630 [ForkJoinPool-1-worker-9] ERROR com.intuit.karate - http request failed: 
org.apache.http.client.ClientProtocolException
04:25:07.630 [ForkJoinPool-1-worker-9] ERROR com.intuit.karate - feature call (loop) failed at index: 127
caller: classpath:InspireTest/ngr/datasetrecords/def/checkxlinkurl.template.feature
arg: {"link":"m"}
checkxlinkurl.template.feature:14 - 
org.apache.http.client.ClientProtocolException
04:25:07.631 [ForkJoinPool-1-worker-9] INFO  com.intuit.karate - [print]
04:25:07.631 [ForkJoinPool-1-worker-9] INFO  com.intuit.karate - [print] testing xlinkurl:e
04:25:07.631 [ForkJoinPool-1-worker-9] ERROR com.intuit.karate - org.apache.http.client.ClientProtocolException, http call failed after 0 milliseconds for URL: e
04:25:07.631 [ForkJoinPool-1-worker-9] ERROR com.intuit.karate - http request failed: 
org.apache.http.client.ClientProtocolException
04:25:07.631 [ForkJoinPool-1-worker-9] ERROR com.intuit.karate - feature call (loop) failed at index: 128
caller: classpath:InspireTest/ngr/datasetrecords/def/checkxlinkurl.template.feature
arg: {"link":"e"}
checkxlinkurl.template.feature:14 - 
org.apache.http.client.ClientProtocolException
04:25:07.725 [ForkJoinPool-1-worker-3] ERROR com.intuit.karate - status code was: 500, expected: 200, response time: 323, url: https://www.nationaalgeoregister.nl/geonetwork/srv/api/records6c6be9c5-b09b-4dcf-a5fd-f149cbaca6fb, response: 
04:25:07.726 [ForkJoinPool-1-worker-3] ERROR com.intuit.karate - feature call (loop) failed at index: 0
caller: classpath:InspireTest/ngr/datasetrecords/def/checkxlinkurl.template.feature
arg: {"link":"https://www.nationaalgeoregister.nl/geonetwork/srv/api/records6c6be9c5-b09b-4dcf-a5fd-f149cbaca6fb"}
checkxlinkurl.template.feature:15 - status code was: 500, expected: 200, response time: 323, url: https://www.nationaalgeoregister.nl/geonetwork/srv/api/records6c6be9c5-b09b-4dcf-a5fd-f149cbaca6fb, response: 
04:25:07.727 [ForkJoinPool-1-worker-3] INFO  com.intuit.karate - [print]
04:25:07.727 [ForkJoinPool-1-worker-3] INFO  com.intuit.karate - [print] testing xlinkurl:https://creativecommons.org/publicdomain/zero/*/deed.nl
04:25:07.751 [ForkJoinPool-1-worker-5] INFO  com.intuit.karate - [print] title:Bestand Bodemgebruik 2015
04:25:07.751 [ForkJoinPool-1-worker-5] INFO  com.intuit.karate - [print] Bestand Bodemgebruik 2015
04:25:07.752 [ForkJoinPool-1-worker-5] INFO  com.intuit.karate - [print] [
  "infoservice@cbs.nl",
  "infoservice@cbs.nl",
  "",
  "",
  ""
]

04:25:07.753 [ForkJoinPool-1-worker-5] INFO  com.intuit.karate - [print] organisation: [
  "Centraal Bureau voor de Statistiek",
  "Centraal Bureau voor de Statistiek",
  "PDOK"
]

04:25:07.756 [ForkJoinPool-1-worker-5] INFO  com.intuit.karate - [print] [
  "http://geodata.nationaalgeoregister.nl/bestandbodemgebruik2015/extract/bestandbodemgebruik2015.zip"
]

04:25:07.764 [ForkJoinPool-1-worker-5] INFO  com.intuit.karate - [print]
04:25:07.765 [ForkJoinPool-1-worker-3] ERROR com.intuit.karate - status code was: 404, expected: 200, response time: 38, url: https://creativecommons.org/publicdomain/zero/*/deed.nl, response: 
04:25:07.769 [ForkJoinPool-1-worker-3] ERROR com.intuit.karate - feature call (loop) failed at index: 1
caller: classpath:InspireTest/ngr/datasetrecords/def/checkxlinkurl.template.feature
arg: {"link":"https://creativecommons.org/publicdomain/zero/*/deed.nl"}
checkxlinkurl.template.feature:15 - status code was: 404, expected: 200, response time: 38, url: https://creativecommons.org/publicdomain/zero/*/deed.nl, response: 
04:25:07.771 [ForkJoinPool-1-worker-5] INFO  com.intuit.karate - [print] testing xlinkurl:http://geodata.nationaalgeoregister.nl/bestandbodemgebruik2015/extract/bestandbodemgebruik2015.zip
04:25:07.803 [ForkJoinPool-1-worker-11] INFO  com.intuit.karate - [print] title:Vervoersnetwerken - Waterwegen (INSPIRE geharmoniseerd) - WT
04:25:07.804 [ForkJoinPool-1-worker-11] INFO  com.intuit.karate - [print] Vervoersnetwerken - Waterwegen (INSPIRE geharmoniseerd) - WT
04:25:07.804 [ForkJoinPool-1-worker-11] INFO  com.intuit.karate - [print] [
  "servicedesk-data@rijkswaterstaat.nl",
  "servicedesk-data@rijkswaterstaat.nl",
  "",
  "servicedesk-data@rijkswaterstaat.nl",
  "info@wetransform.to"
]

04:25:07.805 [ForkJoinPool-1-worker-11] INFO  com.intuit.karate - [print] organisation: [
  "Rijkswaterstaat",
  "Rijkswaterstaat",
  "",
  "Rijkswaterstaat",
  "Wetransform"
]

04:25:07.819 [ForkJoinPool-1-worker-11] INFO  com.intuit.karate - [print] [
  "https://www.nationaalgeoregister.nl/geonetwork/srv/dut/catalog.search#/metadata/eu-2c7040b-c448-451b-bf15-f2416ecaadd1",
  "http://rdfdata.eionet.europa.eu/inspirethemes/themes/7",
  "urn:ogc:def:crs:EPSG::5709"
]

04:25:07.822 [ForkJoinPool-1-worker-11] INFO  com.intuit.karate - [print]
04:25:07.822 [ForkJoinPool-1-worker-11] INFO  com.intuit.karate - [print] testing xlinkurl:https://www.nationaalgeoregister.nl/geonetwork/srv/dut/catalog.search#/metadata/eu-2c7040b-c448-451b-bf15-f2416ecaadd1
04:25:08.011 [ForkJoinPool-1-worker-7] INFO  com.intuit.karate - [print] title:Beperkingen voor voertuigen (INSPIRE geharmoniseerde data)
04:25:08.011 [ForkJoinPool-1-worker-7] INFO  com.intuit.karate - [print] Beperkingen voor voertuigen (INSPIRE geharmoniseerde data)
04:25:08.011 [ForkJoinPool-1-worker-7] INFO  com.intuit.karate - [print] [
  "ontheffingen@rdw.nl",
  "ontheffingen@rdw.nl",
  "",
  ""
]

04:25:08.012 [ForkJoinPool-1-worker-7] INFO  com.intuit.karate - [print] organisation: [
  "RDW",
  "RDW",
  "RDW"
]

04:25:08.015 [ForkJoinPool-1-worker-7] INFO  com.intuit.karate - [print] [
  "http://inspire.rdw.nl/www/download/Licentie-Geogedeeld-RDW.pdf",
  ""
]

04:25:08.019 [ForkJoinPool-1-worker-7] INFO  com.intuit.karate - [print]
04:25:08.020 [ForkJoinPool-1-worker-7] INFO  com.intuit.karate - [print] testing xlinkurl:http://inspire.rdw.nl/www/download/Licentie-Geogedeeld-RDW.pdf
04:25:08.151 [ForkJoinPool-1-worker-11] INFO  com.intuit.karate - [print]
04:25:08.151 [ForkJoinPool-1-worker-11] INFO  com.intuit.karate - [print] testing xlinkurl:http://rdfdata.eionet.europa.eu/inspirethemes/themes/7
04:25:08.167 [ForkJoinPool-1-worker-9] INFO  com.intuit.karate - [print] title:Maritieme grenzen - basislijn Noordzee
04:25:08.167 [ForkJoinPool-1-worker-9] INFO  com.intuit.karate - [print] Maritieme grenzen - basislijn Noordzee
04:25:08.169 [ForkJoinPool-1-worker-9] INFO  com.intuit.karate - [print] [
  "data@hydro.nl",
  "data@hydro.nl",
  "data@hydro.nl"
]

04:25:08.171 [ForkJoinPool-1-worker-9] INFO  com.intuit.karate - [print] organisation: [
  "Ministerie van Defensie, Koninklijke Marine, Dienst der Hydrografie",
  "Ministerie van Defensie, Koninklijke Marine, Dienst der Hydrografie",
  "Ministerie van Defensie, Koninklijke Marine, Dienst der Hydrografie"
]

04:25:08.174 [ForkJoinPool-1-worker-9] INFO  com.intuit.karate - [print] [
  "http://www.opengis.net/def/crs/EPSG/0/https://www.opengis.net/def/crs/EPSG/0/4258",
  "https://ngr.acceptatie.nationaalgeoregister.nl/geonetwork/srv/resourcesd7ab6903-1152-450b-b81d-042682dcfd03"
]

04:25:08.177 [ForkJoinPool-1-worker-9] INFO  com.intuit.karate - [print]
04:25:08.177 [ForkJoinPool-1-worker-9] INFO  com.intuit.karate - [print] testing xlinkurl:http://www.opengis.net/def/crs/EPSG/0/https://www.opengis.net/def/crs/EPSG/0/4258
04:25:08.218 [ForkJoinPool-1-worker-7] INFO  com.intuit.karate - [print]
04:25:08.218 [ForkJoinPool-1-worker-7] INFO  com.intuit.karate - [print] testing xlinkurl:
04:25:08.218 [ForkJoinPool-1-worker-7] ERROR com.intuit.karate - org.apache.http.client.ClientProtocolException, http call failed after 0 milliseconds for URL: 
04:25:08.218 [ForkJoinPool-1-worker-7] ERROR com.intuit.karate - http request failed: 
org.apache.http.client.ClientProtocolException
04:25:08.218 [ForkJoinPool-1-worker-7] ERROR com.intuit.karate - feature call (loop) failed at index: 1
caller: classpath:InspireTest/ngr/datasetrecords/def/checkxlinkurl.template.feature
arg: {"link":""}
checkxlinkurl.template.feature:14 - 
org.apache.http.client.ClientProtocolException
04:25:08.304 [ForkJoinPool-1-worker-3] INFO  com.intuit.karate - [print] title:Land Use 2015
04:25:08.304 [ForkJoinPool-1-worker-3] INFO  com.intuit.karate - [print] Land Use 2015
04:25:08.305 [ForkJoinPool-1-worker-3] INFO  com.intuit.karate - [print] [
  "infoservice@cbs.nl",
  "infoservice@cbs.nl",
  "",
  "",
  ""
]

04:25:08.306 [ForkJoinPool-1-worker-3] INFO  com.intuit.karate - [print] organisation: [
  "Statistics Netherlands",
  "Statistics Netherlands",
  "PDOK"
]

04:25:08.309 [ForkJoinPool-1-worker-3] INFO  com.intuit.karate - [print] [
]

04:25:08.352 [ForkJoinPool-1-worker-11] ERROR com.intuit.karate - status code was: 404, expected: 200, response time: 200, url: http://rdfdata.eionet.europa.eu/inspirethemes/themes/7, response: 
04:25:08.352 [ForkJoinPool-1-worker-11] ERROR com.intuit.karate - feature call (loop) failed at index: 1
caller: classpath:InspireTest/ngr/datasetrecords/def/checkxlinkurl.template.feature
arg: {"link":"http://rdfdata.eionet.europa.eu/inspirethemes/themes/7"}
checkxlinkurl.template.feature:15 - status code was: 404, expected: 200, response time: 200, url: http://rdfdata.eionet.europa.eu/inspirethemes/themes/7, response: 
04:25:08.353 [ForkJoinPool-1-worker-11] INFO  com.intuit.karate - [print]
04:25:08.353 [ForkJoinPool-1-worker-11] INFO  com.intuit.karate - [print] testing xlinkurl:urn:ogc:def:crs:EPSG::5709
04:25:08.354 [ForkJoinPool-1-worker-11] ERROR com.intuit.karate - org.apache.http.client.ClientProtocolException: URI does not specify a valid host name: urn:ogc:def:crs:EPSG::5709, http call failed after 0 milliseconds for URL: urn:ogc:def:crs:EPSG::5709
04:25:08.354 [ForkJoinPool-1-worker-11] ERROR com.intuit.karate - http request failed: 
org.apache.http.client.ClientProtocolException: URI does not specify a valid host name: urn:ogc:def:crs:EPSG::5709
04:25:08.354 [ForkJoinPool-1-worker-11] ERROR com.intuit.karate - feature call (loop) failed at index: 2
caller: classpath:InspireTest/ngr/datasetrecords/def/checkxlinkurl.template.feature
arg: {"link":"urn:ogc:def:crs:EPSG::5709"}
checkxlinkurl.template.feature:14 - 
org.apache.http.client.ClientProtocolException: URI does not specify a valid host name: urn:ogc:def:crs:EPSG::5709
04:25:08.428 [ForkJoinPool-1-worker-13] INFO  com.intuit.karate - [print] title:Overstromingsrisicokaarten
04:25:08.428 [ForkJoinPool-1-worker-13] INFO  com.intuit.karate - [print] Overstromingsrisicokaarten
04:25:08.430 [ForkJoinPool-1-worker-13] INFO  com.intuit.karate - [print] [
  "inspire@gbo-provincies.nl",
  "inspire@gbo-provincies.nl",
  "inspire@gbo-provincies.nl"
]

04:25:08.431 [ForkJoinPool-1-worker-13] INFO  com.intuit.karate - [print] organisation: [
  "Interprovinciaal Overleg",
  "Interprovinciaal Overleg",
  "Interprovinciaal Overleg"
]

04:25:08.434 [ForkJoinPool-1-worker-13] INFO  com.intuit.karate - [print] [
  "http://nationaalgeoregister.nl/geonetwork/srv/dut/csw?SERVICE=CSW&version=2.0.2&REQUEST=GetRecordById&elementSetName=full&OutputSchema=http://www.isotc211.org/2005/gmd&ID=2daad588-11ef-47de-9832-6fe2c3b93e6d",
  "https://creativecommons.org/publicdomain/mark/*/deed.nl",
  ""
]

04:25:08.437 [ForkJoinPool-1-worker-13] INFO  com.intuit.karate - [print]
04:25:08.437 [ForkJoinPool-1-worker-13] INFO  com.intuit.karate - [print] testing xlinkurl:http://nationaalgeoregister.nl/geonetwork/srv/dut/csw?SERVICE=CSW&version=2.0.2&REQUEST=GetRecordById&elementSetName=full&OutputSchema=http://www.isotc211.org/2005/gmd&ID=2daad588-11ef-47de-9832-6fe2c3b93e6d
04:25:08.534 [ForkJoinPool-1-worker-9] INFO  com.intuit.karate - [print]
04:25:08.534 [ForkJoinPool-1-worker-9] INFO  com.intuit.karate - [print] testing xlinkurl:https://ngr.acceptatie.nationaalgeoregister.nl/geonetwork/srv/resourcesd7ab6903-1152-450b-b81d-042682dcfd03
04:25:08.784 [ForkJoinPool-1-worker-7] INFO  com.intuit.karate - [print] title:Wijk- en Buurtkaart 2019 versie 1
04:25:08.784 [ForkJoinPool-1-worker-7] INFO  com.intuit.karate - [print] Wijk- en Buurtkaart 2019 versie 1
04:25:08.785 [ForkJoinPool-1-worker-7] INFO  com.intuit.karate - [print] [
  "infoservice@cbs.nl",
  "infoservice@cbs.nl",
  "infoservice@cbs.nl",
  "",
  ""
]

04:25:08.787 [ForkJoinPool-1-worker-7] INFO  com.intuit.karate - [print] organisation: [
  "Centraal Bureau voor de Statistiek",
  "Centraal Bureau voor de Statistiek",
  "Centraal Bureau voor de Statistiek",
  "Kadaster"
]

04:25:08.790 [ForkJoinPool-1-worker-7] INFO  com.intuit.karate - [print] [
  ""
]

04:25:08.794 [ForkJoinPool-1-worker-7] INFO  com.intuit.karate - [print]
04:25:08.794 [ForkJoinPool-1-worker-7] INFO  com.intuit.karate - [print] testing xlinkurl:
04:25:08.796 [ForkJoinPool-1-worker-7] ERROR com.intuit.karate - org.apache.http.client.ClientProtocolException, http call failed after 0 milliseconds for URL: 
04:25:08.796 [ForkJoinPool-1-worker-7] ERROR com.intuit.karate - http request failed: 
org.apache.http.client.ClientProtocolException
04:25:08.797 [ForkJoinPool-1-worker-7] ERROR com.intuit.karate - feature call (loop) failed at index: 0
caller: classpath:InspireTest/ngr/datasetrecords/def/checkxlinkurl.template.feature
arg: {"link":""}
checkxlinkurl.template.feature:14 - 
org.apache.http.client.ClientProtocolException
04:25:08.817 [ForkJoinPool-1-worker-9] ERROR com.intuit.karate - status code was: 404, expected: 200, response time: 282, url: https://ngr.acceptatie.nationaalgeoregister.nl/geonetwork/srv/resourcesd7ab6903-1152-450b-b81d-042682dcfd03, response: 
04:25:08.817 [ForkJoinPool-1-worker-9] ERROR com.intuit.karate - feature call (loop) failed at index: 1
caller: classpath:InspireTest/ngr/datasetrecords/def/checkxlinkurl.template.feature
arg: {"link":"https://ngr.acceptatie.nationaalgeoregister.nl/geonetwork/srv/resourcesd7ab6903-1152-450b-b81d-042682dcfd03"}
checkxlinkurl.template.feature:15 - status code was: 404, expected: 200, response time: 282, url: https://ngr.acceptatie.nationaalgeoregister.nl/geonetwork/srv/resourcesd7ab6903-1152-450b-b81d-042682dcfd03, response: 
04:25:08.849 [ForkJoinPool-1-worker-5] INFO  com.intuit.karate - [print] title:Menselijke gezondheid en veiligheid - geluidbelasting rijkswegen 2011 (INSPIRE geharmoniseerd)
04:25:08.851 [ForkJoinPool-1-worker-5] INFO  com.intuit.karate - [print] Menselijke gezondheid en veiligheid - geluidbelasting rijkswegen 2011 (INSPIRE geharmoniseerd)
04:25:08.852 [ForkJoinPool-1-worker-5] INFO  com.intuit.karate - [print] [
  "servicedesk-data@rijkswaterstaat.nl",
  "servicedesk-data@rijkswaterstaat.nl",
  "",
  "servicedesk-data@rijkswaterstaat.nl",
  "info@wetransform.to"
]

04:25:08.853 [ForkJoinPool-1-worker-5] INFO  com.intuit.karate - [print] organisation: [
  "Rijkswaterstaat",
  "Rijkswaterstaat",
  "",
  "Rijkswaterstaat",
  "Wetransform"
]

04:25:08.856 [ForkJoinPool-1-worker-5] INFO  com.intuit.karate - [print] [
  "https://www.nationaalgeoregister.nl/geonetwork/srv/dut/catalog.search#/metadata/wt-f5eb-b09f-4f6d-8397-8878a1b86238",
  "http://rdfdata.eionet.europa.eu/inspirethemes/themes/18",
  "https://ngr.geocat.live/geonetwork/srv/eng/thesaurus.download?ref=external.theme.httpinspireeceuropaeumetadatacodelistPrioritydataset-Prioritydataset"
]

04:25:08.862 [ForkJoinPool-1-worker-5] INFO  com.intuit.karate - [print]
04:25:08.862 [ForkJoinPool-1-worker-5] INFO  com.intuit.karate - [print] testing xlinkurl:https://www.nationaalgeoregister.nl/geonetwork/srv/dut/catalog.search#/metadata/wt-f5eb-b09f-4f6d-8397-8878a1b86238
04:25:08.909 [ForkJoinPool-1-worker-13] INFO  com.intuit.karate - [print]
04:25:08.910 [ForkJoinPool-1-worker-13] INFO  com.intuit.karate - [print] testing xlinkurl:https://creativecommons.org/publicdomain/mark/*/deed.nl
04:25:08.940 [ForkJoinPool-1-worker-13] ERROR com.intuit.karate - status code was: 404, expected: 200, response time: 30, url: https://creativecommons.org/publicdomain/mark/*/deed.nl, response: 
04:25:08.941 [ForkJoinPool-1-worker-13] ERROR com.intuit.karate - feature call (loop) failed at index: 1
caller: classpath:InspireTest/ngr/datasetrecords/def/checkxlinkurl.template.feature
arg: {"link":"https://creativecommons.org/publicdomain/mark/*/deed.nl"}
checkxlinkurl.template.feature:15 - status code was: 404, expected: 200, response time: 30, url: https://creativecommons.org/publicdomain/mark/*/deed.nl, response: 
04:25:08.944 [ForkJoinPool-1-worker-13] INFO  com.intuit.karate - [print]
04:25:08.944 [ForkJoinPool-1-worker-13] INFO  com.intuit.karate - [print] testing xlinkurl:
04:25:08.945 [ForkJoinPool-1-worker-13] ERROR com.intuit.karate - org.apache.http.client.ClientProtocolException, http call failed after 0 milliseconds for URL: 
04:25:08.946 [ForkJoinPool-1-worker-13] ERROR com.intuit.karate - http request failed: 
org.apache.http.client.ClientProtocolException
04:25:08.946 [ForkJoinPool-1-worker-13] ERROR com.intuit.karate - feature call (loop) failed at index: 2
caller: classpath:InspireTest/ngr/datasetrecords/def/checkxlinkurl.template.feature
arg: {"link":""}
checkxlinkurl.template.feature:14 - 
org.apache.http.client.ClientProtocolException
04:25:08.960 [ForkJoinPool-1-worker-3] INFO  com.intuit.karate - [print] title:Menselijke gezondheid en veiligheid -  geluidbelasting rijkswegen 2006 (INSPIRE geharmoniseerd)
04:25:08.960 [ForkJoinPool-1-worker-3] INFO  com.intuit.karate - [print] Menselijke gezondheid en veiligheid -  geluidbelasting rijkswegen 2006 (INSPIRE geharmoniseerd)
04:25:08.961 [ForkJoinPool-1-worker-3] INFO  com.intuit.karate - [print] [
  "servicedesk-data@rijkswaterstaat.nl",
  "servicedesk-data@rijkswaterstaat.nl",
  "",
  "servicedesk-data@rijkswaterstaat.nl",
  "info@wetransform.to"
]

04:25:08.962 [ForkJoinPool-1-worker-3] INFO  com.intuit.karate - [print] organisation: [
  "Rijkswaterstaat",
  "Rijkswaterstaat",
  "",
  "Rijkswaterstaat",
  "Wetransform"
]

04:25:08.965 [ForkJoinPool-1-worker-3] INFO  com.intuit.karate - [print] [
  "https://www.nationaalgeoregister.nl/geonetwork/srv/dut/catalog.search#/metadata/wt-3730-e750-485a-9c0c-39bf9be72cf9",
  "http://rdfdata.eionet.europa.eu/inspirethemes/themes/18",
  "https://ngr.geocat.live/geonetwork/srv/eng/thesaurus.download?ref=external.theme.httpinspireeceuropaeumetadatacodelistPrioritydataset-Prioritydataset"
]

04:25:08.968 [ForkJoinPool-1-worker-3] INFO  com.intuit.karate - [print]
04:25:08.969 [ForkJoinPool-1-worker-3] INFO  com.intuit.karate - [print] testing xlinkurl:https://www.nationaalgeoregister.nl/geonetwork/srv/dut/catalog.search#/metadata/wt-3730-e750-485a-9c0c-39bf9be72cf9
04:25:09.014 [ForkJoinPool-1-worker-11] INFO  com.intuit.karate - [print] title:Provinciale monumenten
04:25:09.014 [ForkJoinPool-1-worker-11] INFO  com.intuit.karate - [print] Provinciale monumenten
04:25:09.015 [ForkJoinPool-1-worker-11] INFO  com.intuit.karate - [print] [
  "inspire@gbo-provincies.nl",
  "inspire@gbo-provincies.nl",
  "inspire@gbo-provincies.nl"
]

04:25:09.016 [ForkJoinPool-1-worker-11] INFO  com.intuit.karate - [print] organisation: [
  "Interprovinciaal Overleg",
  "Interprovinciaal Overleg",
  "Interprovinciaal Overleg"
]

04:25:09.026 [ForkJoinPool-1-worker-11] INFO  com.intuit.karate - [print] [
  "http://www.opengis.net/def/crs/EPSG/0/http://www.opengis.net/def/crs/EPSG/0/3034",
  "http://nationaalgeoregister.nl/geonetwork/srv/dut/csw?SERVICE=CSW&version=2.0.2&REQUEST=GetRecordById&elementSetName=full&OutputSchema=http://www.isotc211.org/2005/gmd&ID=ca94a0cb-7561-4a10-a7d6-b840e56c33ff",
  "https://creativecommons.org/publicdomain/mark/*/deed.nl",
  ""
]

04:25:09.031 [ForkJoinPool-1-worker-11] INFO  com.intuit.karate - [print]
04:25:09.032 [ForkJoinPool-1-worker-11] INFO  com.intuit.karate - [print] testing xlinkurl:http://www.opengis.net/def/crs/EPSG/0/http://www.opengis.net/def/crs/EPSG/0/3034
04:25:09.193 [ForkJoinPool-1-worker-5] INFO  com.intuit.karate - [print]
04:25:09.193 [ForkJoinPool-1-worker-5] INFO  com.intuit.karate - [print] testing xlinkurl:http://rdfdata.eionet.europa.eu/inspirethemes/themes/18
04:25:09.278 [ForkJoinPool-1-worker-3] INFO  com.intuit.karate - [print]
04:25:09.278 [ForkJoinPool-1-worker-3] INFO  com.intuit.karate - [print] testing xlinkurl:http://rdfdata.eionet.europa.eu/inspirethemes/themes/18
04:25:09.315 [ForkJoinPool-1-worker-7] INFO  com.intuit.karate - [print] title:Wet Ammoniak en Veehouderij gebieden
04:25:09.315 [ForkJoinPool-1-worker-7] INFO  com.intuit.karate - [print] Wet Ammoniak en Veehouderij gebieden
04:25:09.315 [ForkJoinPool-1-worker-7] INFO  com.intuit.karate - [print] [
  "inspire@gbo-provincies.nl",
  "inspire@gbo-provincies.nl",
  "inspire@gbo-provincies.nl"
]

04:25:09.316 [ForkJoinPool-1-worker-7] INFO  com.intuit.karate - [print] organisation: [
  "Interprovinciaal Overleg",
  "Interprovinciaal Overleg",
  "Interprovinciaal Overleg"
]

04:25:09.320 [ForkJoinPool-1-worker-7] INFO  com.intuit.karate - [print] [
  "http://www.opengis.net/def/crs/EPSG/0/http://www.opengis.net/def/crs/EPSG/0/3034",
  "http://nationaalgeoregister.nl/geonetwork/srv/dut/csw?SERVICE=CSW&version=2.0.2&REQUEST=GetRecordById&elementSetName=full&OutputSchema=http://www.isotc211.org/2005/gmd&ID=998ba1dc-f6a6-49a3-a021-51f30d9b1d0e",
  "https://creativecommons.org/publicdomain/mark/*/deed.nl",
  ""
]

04:25:09.323 [ForkJoinPool-1-worker-7] INFO  com.intuit.karate - [print]
04:25:09.323 [ForkJoinPool-1-worker-7] INFO  com.intuit.karate - [print] testing xlinkurl:http://www.opengis.net/def/crs/EPSG/0/http://www.opengis.net/def/crs/EPSG/0/3034
04:25:09.332 [ForkJoinPool-1-worker-11] INFO  com.intuit.karate - [print]
04:25:09.332 [ForkJoinPool-1-worker-11] INFO  com.intuit.karate - [print] testing xlinkurl:http://nationaalgeoregister.nl/geonetwork/srv/dut/csw?SERVICE=CSW&version=2.0.2&REQUEST=GetRecordById&elementSetName=full&OutputSchema=http://www.isotc211.org/2005/gmd&ID=ca94a0cb-7561-4a10-a7d6-b840e56c33ff
04:25:09.372 [ForkJoinPool-1-worker-9] INFO  com.intuit.karate - [print] title:Natuurnetwerk Nederland
04:25:09.372 [ForkJoinPool-1-worker-9] INFO  com.intuit.karate - [print] Natuurnetwerk Nederland
04:25:09.373 [ForkJoinPool-1-worker-9] INFO  com.intuit.karate - [print] [
  "inspire@gbo-provincies.nl",
  "inspire@gbo-provincies.nl",
  "inspire@gbo-provincies.nl"
]

04:25:09.374 [ForkJoinPool-1-worker-9] INFO  com.intuit.karate - [print] organisation: [
  "Interprovinciaal Overleg",
  "Interprovinciaal Overleg",
  "Interprovinciaal Overleg"
]

04:25:09.379 [ForkJoinPool-1-worker-9] INFO  com.intuit.karate - [print] [
  "http://www.opengis.net/def/crs/EPSG/0/http://www.opengis.net/def/crs/EPSG/0/3034",
  "http://nationaalgeoregister.nl/geonetwork/srv/dut/csw?SERVICE=CSW&version=2.0.2&REQUEST=GetRecordById&elementSetName=full&OutputSchema=http://www.isotc211.org/2005/gmd&ID=c7d8d77b-8c47-4309-8c58-9b12b086407f",
  "https://creativecommons.org/publicdomain/mark/*/deed.nl",
  ""
]

04:25:09.383 [ForkJoinPool-1-worker-9] INFO  com.intuit.karate - [print]
04:25:09.384 [ForkJoinPool-1-worker-9] INFO  com.intuit.karate - [print] testing xlinkurl:http://www.opengis.net/def/crs/EPSG/0/http://www.opengis.net/def/crs/EPSG/0/3034
04:25:09.408 [ForkJoinPool-1-worker-5] ERROR com.intuit.karate - status code was: 404, expected: 200, response time: 214, url: http://rdfdata.eionet.europa.eu/inspirethemes/themes/18, response: 
04:25:09.408 [ForkJoinPool-1-worker-5] ERROR com.intuit.karate - feature call (loop) failed at index: 1
caller: classpath:InspireTest/ngr/datasetrecords/def/checkxlinkurl.template.feature
arg: {"link":"http://rdfdata.eionet.europa.eu/inspirethemes/themes/18"}
checkxlinkurl.template.feature:15 - status code was: 404, expected: 200, response time: 214, url: http://rdfdata.eionet.europa.eu/inspirethemes/themes/18, response: 
04:25:09.409 [ForkJoinPool-1-worker-5] INFO  com.intuit.karate - [print]
04:25:09.409 [ForkJoinPool-1-worker-5] INFO  com.intuit.karate - [print] testing xlinkurl:https://ngr.geocat.live/geonetwork/srv/eng/thesaurus.download?ref=external.theme.httpinspireeceuropaeumetadatacodelistPrioritydataset-Prioritydataset
04:25:09.480 [ForkJoinPool-1-worker-3] ERROR com.intuit.karate - status code was: 404, expected: 200, response time: 200, url: http://rdfdata.eionet.europa.eu/inspirethemes/themes/18, response: 
04:25:09.480 [ForkJoinPool-1-worker-3] ERROR com.intuit.karate - feature call (loop) failed at index: 1
caller: classpath:InspireTest/ngr/datasetrecords/def/checkxlinkurl.template.feature
arg: {"link":"http://rdfdata.eionet.europa.eu/inspirethemes/themes/18"}
checkxlinkurl.template.feature:15 - status code was: 404, expected: 200, response time: 200, url: http://rdfdata.eionet.europa.eu/inspirethemes/themes/18, response: 
04:25:09.481 [ForkJoinPool-1-worker-3] INFO  com.intuit.karate - [print]
04:25:09.481 [ForkJoinPool-1-worker-3] INFO  com.intuit.karate - [print] testing xlinkurl:https://ngr.geocat.live/geonetwork/srv/eng/thesaurus.download?ref=external.theme.httpinspireeceuropaeumetadatacodelistPrioritydataset-Prioritydataset
04:25:09.494 [ForkJoinPool-1-worker-13] INFO  com.intuit.karate - [print] title:Kaderrichtlijn Water - Stroomgebieddistricten Nederland EU2015
04:25:09.494 [ForkJoinPool-1-worker-13] INFO  com.intuit.karate - [print] Kaderrichtlijn Water - Stroomgebieddistricten Nederland EU2015
04:25:09.495 [ForkJoinPool-1-worker-13] INFO  com.intuit.karate - [print] [
  "servicedesk@ihw.nl",
  "servicedesk-data@rijkswaterstaat.nl",
  "",
  "servicedesk-data@rijkswaterstaat.nl",
  "servicedesk-data@rijkswaterstaat.nl"
]

04:25:09.496 [ForkJoinPool-1-worker-13] INFO  com.intuit.karate - [print] organisation: [
  "Informatiehuis Water",
  "Informatiehuis Water",
  "",
  "Rijkswaterstaat",
  "Rijkswaterstaat"
]

04:25:09.500 [ForkJoinPool-1-worker-13] INFO  com.intuit.karate - [print] [
  "https://www.nationaalgeoregister.nl/geonetwork/srv/dut/catalog.search#/metadata/10f9ec6-4464-462e-9765-83d90cefbeab",
  "http://rdfdata.eionet.europa.eu/inspirethemes/themes/24",
  "https://ngr.geocat.live/geonetwork/srv/eng/thesaurus.download?ref=external.theme.httpinspireeceuropaeumetadatacodelistPrioritydataset-Prioritydataset",
  "urn:ogc:def:crs:EPSG::5709"
]

04:25:09.504 [ForkJoinPool-1-worker-13] INFO  com.intuit.karate - [print]
04:25:09.504 [ForkJoinPool-1-worker-13] INFO  com.intuit.karate - [print] testing xlinkurl:https://www.nationaalgeoregister.nl/geonetwork/srv/dut/catalog.search#/metadata/10f9ec6-4464-462e-9765-83d90cefbeab
04:25:09.624 [ForkJoinPool-1-worker-7] INFO  com.intuit.karate - [print]
04:25:09.625 [ForkJoinPool-1-worker-7] INFO  com.intuit.karate - [print] testing xlinkurl:http://nationaalgeoregister.nl/geonetwork/srv/dut/csw?SERVICE=CSW&version=2.0.2&REQUEST=GetRecordById&elementSetName=full&OutputSchema=http://www.isotc211.org/2005/gmd&ID=998ba1dc-f6a6-49a3-a021-51f30d9b1d0e
04:25:09.680 [ForkJoinPool-1-worker-9] INFO  com.intuit.karate - [print]
04:25:09.680 [ForkJoinPool-1-worker-9] INFO  com.intuit.karate - [print] testing xlinkurl:http://nationaalgeoregister.nl/geonetwork/srv/dut/csw?SERVICE=CSW&version=2.0.2&REQUEST=GetRecordById&elementSetName=full&OutputSchema=http://www.isotc211.org/2005/gmd&ID=c7d8d77b-8c47-4309-8c58-9b12b086407f
04:25:09.716 [ForkJoinPool-1-worker-5] ERROR com.intuit.karate - status code was: 500, expected: 200, response time: 306, url: https://ngr.geocat.live/geonetwork/srv/eng/thesaurus.download?ref=external.theme.httpinspireeceuropaeumetadatacodelistPrioritydataset-Prioritydataset, response: 
04:25:09.716 [ForkJoinPool-1-worker-5] ERROR com.intuit.karate - feature call (loop) failed at index: 2
caller: classpath:InspireTest/ngr/datasetrecords/def/checkxlinkurl.template.feature
arg: {"link":"https://ngr.geocat.live/geonetwork/srv/eng/thesaurus.download?ref=external.theme.httpinspireeceuropaeumetadatacodelistPrioritydataset-Prioritydataset"}
checkxlinkurl.template.feature:15 - status code was: 500, expected: 200, response time: 306, url: https://ngr.geocat.live/geonetwork/srv/eng/thesaurus.download?ref=external.theme.httpinspireeceuropaeumetadatacodelistPrioritydataset-Prioritydataset, response: 
04:25:09.780 [ForkJoinPool-1-worker-11] INFO  com.intuit.karate - [print]
04:25:09.781 [ForkJoinPool-1-worker-11] INFO  com.intuit.karate - [print] testing xlinkurl:https://creativecommons.org/publicdomain/mark/*/deed.nl
04:25:09.794 [ForkJoinPool-1-worker-3] ERROR com.intuit.karate - status code was: 500, expected: 200, response time: 312, url: https://ngr.geocat.live/geonetwork/srv/eng/thesaurus.download?ref=external.theme.httpinspireeceuropaeumetadatacodelistPrioritydataset-Prioritydataset, response: 
04:25:09.794 [ForkJoinPool-1-worker-3] ERROR com.intuit.karate - feature call (loop) failed at index: 2
caller: classpath:InspireTest/ngr/datasetrecords/def/checkxlinkurl.template.feature
arg: {"link":"https://ngr.geocat.live/geonetwork/srv/eng/thesaurus.download?ref=external.theme.httpinspireeceuropaeumetadatacodelistPrioritydataset-Prioritydataset"}
checkxlinkurl.template.feature:15 - status code was: 500, expected: 200, response time: 312, url: https://ngr.geocat.live/geonetwork/srv/eng/thesaurus.download?ref=external.theme.httpinspireeceuropaeumetadatacodelistPrioritydataset-Prioritydataset, response: 
04:25:09.817 [ForkJoinPool-1-worker-11] ERROR com.intuit.karate - status code was: 404, expected: 200, response time: 36, url: https://creativecommons.org/publicdomain/mark/*/deed.nl, response: 
04:25:09.818 [ForkJoinPool-1-worker-11] ERROR com.intuit.karate - feature call (loop) failed at index: 2
caller: classpath:InspireTest/ngr/datasetrecords/def/checkxlinkurl.template.feature
arg: {"link":"https://creativecommons.org/publicdomain/mark/*/deed.nl"}
checkxlinkurl.template.feature:15 - status code was: 404, expected: 200, response time: 36, url: https://creativecommons.org/publicdomain/mark/*/deed.nl, response: 
04:25:09.820 [ForkJoinPool-1-worker-11] INFO  com.intuit.karate - [print]
04:25:09.821 [ForkJoinPool-1-worker-11] INFO  com.intuit.karate - [print] testing xlinkurl:
04:25:09.821 [ForkJoinPool-1-worker-13] INFO  com.intuit.karate - [print]
04:25:09.822 [ForkJoinPool-1-worker-13] INFO  com.intuit.karate - [print] testing xlinkurl:http://rdfdata.eionet.europa.eu/inspirethemes/themes/24
04:25:09.823 [ForkJoinPool-1-worker-11] ERROR com.intuit.karate - org.apache.http.client.ClientProtocolException, http call failed after 0 milliseconds for URL: 
04:25:09.824 [ForkJoinPool-1-worker-11] ERROR com.intuit.karate - http request failed: 
org.apache.http.client.ClientProtocolException
04:25:09.824 [ForkJoinPool-1-worker-11] ERROR com.intuit.karate - feature call (loop) failed at index: 3
caller: classpath:InspireTest/ngr/datasetrecords/def/checkxlinkurl.template.feature
arg: {"link":""}
checkxlinkurl.template.feature:14 - 
org.apache.http.client.ClientProtocolException
04:25:10.078 [ForkJoinPool-1-worker-7] INFO  com.intuit.karate - [print]
04:25:10.078 [ForkJoinPool-1-worker-7] INFO  com.intuit.karate - [print] testing xlinkurl:https://creativecommons.org/publicdomain/mark/*/deed.nl
04:25:10.116 [ForkJoinPool-1-worker-7] ERROR com.intuit.karate - status code was: 404, expected: 200, response time: 37, url: https://creativecommons.org/publicdomain/mark/*/deed.nl, response: 
04:25:10.116 [ForkJoinPool-1-worker-7] ERROR com.intuit.karate - feature call (loop) failed at index: 2
caller: classpath:InspireTest/ngr/datasetrecords/def/checkxlinkurl.template.feature
arg: {"link":"https://creativecommons.org/publicdomain/mark/*/deed.nl"}
checkxlinkurl.template.feature:15 - status code was: 404, expected: 200, response time: 37, url: https://creativecommons.org/publicdomain/mark/*/deed.nl, response: 
04:25:10.117 [ForkJoinPool-1-worker-7] INFO  com.intuit.karate - [print]
04:25:10.117 [ForkJoinPool-1-worker-7] INFO  com.intuit.karate - [print] testing xlinkurl:
04:25:10.118 [ForkJoinPool-1-worker-7] ERROR com.intuit.karate - org.apache.http.client.ClientProtocolException, http call failed after 0 milliseconds for URL: 
04:25:10.118 [ForkJoinPool-1-worker-7] ERROR com.intuit.karate - http request failed: 
org.apache.http.client.ClientProtocolException
04:25:10.118 [ForkJoinPool-1-worker-7] ERROR com.intuit.karate - feature call (loop) failed at index: 3
caller: classpath:InspireTest/ngr/datasetrecords/def/checkxlinkurl.template.feature
arg: {"link":""}
checkxlinkurl.template.feature:14 - 
org.apache.http.client.ClientProtocolException
04:25:10.207 [ForkJoinPool-1-worker-13] ERROR com.intuit.karate - status code was: 404, expected: 200, response time: 384, url: http://rdfdata.eionet.europa.eu/inspirethemes/themes/24, response: 
04:25:10.207 [ForkJoinPool-1-worker-13] ERROR com.intuit.karate - feature call (loop) failed at index: 1
caller: classpath:InspireTest/ngr/datasetrecords/def/checkxlinkurl.template.feature
arg: {"link":"http://rdfdata.eionet.europa.eu/inspirethemes/themes/24"}
checkxlinkurl.template.feature:15 - status code was: 404, expected: 200, response time: 384, url: http://rdfdata.eionet.europa.eu/inspirethemes/themes/24, response: 
04:25:10.208 [ForkJoinPool-1-worker-13] INFO  com.intuit.karate - [print]
04:25:10.208 [ForkJoinPool-1-worker-13] INFO  com.intuit.karate - [print] testing xlinkurl:https://ngr.geocat.live/geonetwork/srv/eng/thesaurus.download?ref=external.theme.httpinspireeceuropaeumetadatacodelistPrioritydataset-Prioritydataset
04:25:10.231 [ForkJoinPool-1-worker-9] INFO  com.intuit.karate - [print]
04:25:10.231 [ForkJoinPool-1-worker-9] INFO  com.intuit.karate - [print] testing xlinkurl:https://creativecommons.org/publicdomain/mark/*/deed.nl
04:25:10.267 [ForkJoinPool-1-worker-9] ERROR com.intuit.karate - status code was: 404, expected: 200, response time: 35, url: https://creativecommons.org/publicdomain/mark/*/deed.nl, response: 
04:25:10.267 [ForkJoinPool-1-worker-9] ERROR com.intuit.karate - feature call (loop) failed at index: 2
caller: classpath:InspireTest/ngr/datasetrecords/def/checkxlinkurl.template.feature
arg: {"link":"https://creativecommons.org/publicdomain/mark/*/deed.nl"}
checkxlinkurl.template.feature:15 - status code was: 404, expected: 200, response time: 35, url: https://creativecommons.org/publicdomain/mark/*/deed.nl, response: 
04:25:10.268 [ForkJoinPool-1-worker-9] INFO  com.intuit.karate - [print]
04:25:10.268 [ForkJoinPool-1-worker-9] INFO  com.intuit.karate - [print] testing xlinkurl:
04:25:10.268 [ForkJoinPool-1-worker-9] ERROR com.intuit.karate - org.apache.http.client.ClientProtocolException, http call failed after 0 milliseconds for URL: 
04:25:10.268 [ForkJoinPool-1-worker-9] ERROR com.intuit.karate - http request failed: 
org.apache.http.client.ClientProtocolException
04:25:10.268 [ForkJoinPool-1-worker-9] ERROR com.intuit.karate - feature call (loop) failed at index: 3
caller: classpath:InspireTest/ngr/datasetrecords/def/checkxlinkurl.template.feature
arg: {"link":""}
checkxlinkurl.template.feature:14 - 
org.apache.http.client.ClientProtocolException
04:25:10.306 [ForkJoinPool-1-worker-5] INFO  com.intuit.karate - [print] title:Kaderrichtlijn Water - Oppervlaktewaterlichamen Nederland 2019 vlakken
04:25:10.306 [ForkJoinPool-1-worker-5] INFO  com.intuit.karate - [print] Kaderrichtlijn Water - Oppervlaktewaterlichamen Nederland 2019 vlakken
04:25:10.308 [ForkJoinPool-1-worker-5] INFO  com.intuit.karate - [print] [
  "servicedesk-data@rijkswaterstaat.nl",
  "servicedesk-data@rijkswaterstaat.nl",
  "",
  "servicedesk-data@rijkswaterstaat.nl",
  "servicedesk-data@rijkswaterstaat.nl"
]

04:25:10.309 [ForkJoinPool-1-worker-5] INFO  com.intuit.karate - [print] organisation: [
  "Rijkswaterstaat",
  "Rijkswaterstaat",
  "",
  "Rijkswaterstaat",
  "Rijkswaterstaat"
]

04:25:10.312 [ForkJoinPool-1-worker-5] INFO  com.intuit.karate - [print] [
  "https://www.nationaalgeoregister.nl/geonetwork/srv/dut/catalog.search#/metadata/2e31680f-68b5-4ff3-94a4-9c24109ffd5e",
  "http://rdfdata.eionet.europa.eu/inspirethemes/themes/24",
  "https://ngr.geocat.live/geonetwork/srv/eng/thesaurus.download?ref=external.theme.httpinspireeceuropaeumetadatacodelistPrioritydataset-Prioritydataset",
  "urn:ogc:def:crs:EPSG::5709"
]

04:25:10.315 [ForkJoinPool-1-worker-5] INFO  com.intuit.karate - [print]
04:25:10.315 [ForkJoinPool-1-worker-5] INFO  com.intuit.karate - [print] testing xlinkurl:https://www.nationaalgeoregister.nl/geonetwork/srv/dut/catalog.search#/metadata/2e31680f-68b5-4ff3-94a4-9c24109ffd5e
04:25:10.404 [ForkJoinPool-1-worker-3] INFO  com.intuit.karate - [print] title:Kaderrichtlijn Water - Oppervlaktewaterlichamen Nederland 2019 lijnen
04:25:10.404 [ForkJoinPool-1-worker-3] INFO  com.intuit.karate - [print] Kaderrichtlijn Water - Oppervlaktewaterlichamen Nederland 2019 lijnen
04:25:10.405 [ForkJoinPool-1-worker-3] INFO  com.intuit.karate - [print] [
  "servicedesk-data@rijkswaterstaat.nl",
  "servicedesk-data@rijkswaterstaat.nl",
  "",
  "servicedesk-data@rijkswaterstaat.nl",
  "servicedesk-data@rijkswaterstaat.nl"
]

04:25:10.406 [ForkJoinPool-1-worker-3] INFO  com.intuit.karate - [print] organisation: [
  "Rijkswaterstaat",
  "Rijkswaterstaat",
  "",
  "Rijkswaterstaat",
  "Rijkswaterstaat"
]

04:25:10.412 [ForkJoinPool-1-worker-3] INFO  com.intuit.karate - [print] [
  "https://www.nationaalgeoregister.nl/geonetwork/srv/dut/catalog.search#/metadata/622a632a-c57b-44a2-83a4-e51223d5f15g",
  "http://rdfdata.eionet.europa.eu/inspirethemes/themes/24",
  "https://ngr.geocat.live/geonetwork/srv/eng/thesaurus.download?ref=external.theme.httpinspireeceuropaeumetadatacodelistPrioritydataset-Prioritydataset",
  "urn:ogc:def:crs:EPSG::5709"
]

04:25:10.417 [ForkJoinPool-1-worker-3] INFO  com.intuit.karate - [print]
04:25:10.417 [ForkJoinPool-1-worker-3] INFO  com.intuit.karate - [print] testing xlinkurl:https://www.nationaalgeoregister.nl/geonetwork/srv/dut/catalog.search#/metadata/622a632a-c57b-44a2-83a4-e51223d5f15g
04:25:10.485 [ForkJoinPool-1-worker-11] INFO  com.intuit.karate - [print] title:Kaderrichtlijn Water - Stroomgebieddistricten Nederland 2019 vlakken
04:25:10.485 [ForkJoinPool-1-worker-11] INFO  com.intuit.karate - [print] Kaderrichtlijn Water - Stroomgebieddistricten Nederland 2019 vlakken
04:25:10.486 [ForkJoinPool-1-worker-11] INFO  com.intuit.karate - [print] [
  "servicedesk-data@rijkswaterstaat.nl",
  "servicedesk-data@rijkswaterstaat.nl",
  "",
  "servicedesk-data@rijkswaterstaat.nl",
  "servicedesk-data@rijkswaterstaat.nl"
]

04:25:10.487 [ForkJoinPool-1-worker-11] INFO  com.intuit.karate - [print] organisation: [
  "Rijkswaterstaat",
  "Rijkswaterstaat",
  "",
  "Rijkswaterstaat",
  "Rijkswaterstaat"
]

04:25:10.490 [ForkJoinPool-1-worker-11] INFO  com.intuit.karate - [print] [
  "https://www.nationaalgeoregister.nl/geonetwork/srv/dut/catalog.search#/metadata/krw-f7bb2351-9788-42ea-a58b-a5ee1842304e",
  "http://rdfdata.eionet.europa.eu/inspirethemes/themes/24",
  "https://ngr.geocat.live/geonetwork/srv/eng/thesaurus.download?ref=external.theme.httpinspireeceuropaeumetadatacodelistPrioritydataset-Prioritydataset",
  "urn:ogc:def:crs:EPSG::5709"
]

04:25:10.493 [ForkJoinPool-1-worker-11] INFO  com.intuit.karate - [print]
04:25:10.493 [ForkJoinPool-1-worker-11] INFO  com.intuit.karate - [print] testing xlinkurl:https://www.nationaalgeoregister.nl/geonetwork/srv/dut/catalog.search#/metadata/krw-f7bb2351-9788-42ea-a58b-a5ee1842304e
04:25:10.674 [ForkJoinPool-1-worker-7] INFO  com.intuit.karate - [print] title:Kaderrichtlijn Water - Oppervlaktewaterlichamen Nederland EU2015 riviernetwerk
04:25:10.674 [ForkJoinPool-1-worker-7] INFO  com.intuit.karate - [print] Kaderrichtlijn Water - Oppervlaktewaterlichamen Nederland EU2015 riviernetwerk
04:25:10.675 [ForkJoinPool-1-worker-7] INFO  com.intuit.karate - [print] [
  "servicedesk@ihw.nl",
  "servicedesk@ihw.nl",
  "",
  "servicedesk-data@rijkswaterstaat.nl",
  "servicedesk-data@rijkswaterstaat.nl"
]

04:25:10.677 [ForkJoinPool-1-worker-7] INFO  com.intuit.karate - [print] organisation: [
  "Informatiehuis Water",
  "Informatiehuis Water",
  "",
  "Rijkswaterstaat",
  "Rijkswaterstaat"
]

04:25:10.682 [ForkJoinPool-1-worker-7] INFO  com.intuit.karate - [print] [
  "https://www.nationaalgeoregister.nl/geonetwork/srv/dut/catalog.search#/metadata/a1960e70-22f4-4fd9-91a8-b605c6ceda3e",
  "http://rdfdata.eionet.europa.eu/inspirethemes/themes/24",
  "https://ngr.geocat.live/geonetwork/srv/eng/thesaurus.download?ref=external.theme.httpinspireeceuropaeumetadatacodelistPrioritydataset-Prioritydataset"
]

04:25:10.687 [ForkJoinPool-1-worker-7] INFO  com.intuit.karate - [print]
04:25:10.687 [ForkJoinPool-1-worker-7] INFO  com.intuit.karate - [print] testing xlinkurl:https://www.nationaalgeoregister.nl/geonetwork/srv/dut/catalog.search#/metadata/a1960e70-22f4-4fd9-91a8-b605c6ceda3e
04:25:10.738 [ForkJoinPool-1-worker-13] ERROR com.intuit.karate - status code was: 500, expected: 200, response time: 529, url: https://ngr.geocat.live/geonetwork/srv/eng/thesaurus.download?ref=external.theme.httpinspireeceuropaeumetadatacodelistPrioritydataset-Prioritydataset, response: 
04:25:10.739 [ForkJoinPool-1-worker-13] ERROR com.intuit.karate - feature call (loop) failed at index: 2
caller: classpath:InspireTest/ngr/datasetrecords/def/checkxlinkurl.template.feature
arg: {"link":"https://ngr.geocat.live/geonetwork/srv/eng/thesaurus.download?ref=external.theme.httpinspireeceuropaeumetadatacodelistPrioritydataset-Prioritydataset"}
checkxlinkurl.template.feature:15 - status code was: 500, expected: 200, response time: 529, url: https://ngr.geocat.live/geonetwork/srv/eng/thesaurus.download?ref=external.theme.httpinspireeceuropaeumetadatacodelistPrioritydataset-Prioritydataset, response: 
04:25:10.740 [ForkJoinPool-1-worker-13] INFO  com.intuit.karate - [print]
04:25:10.740 [ForkJoinPool-1-worker-13] INFO  com.intuit.karate - [print] testing xlinkurl:urn:ogc:def:crs:EPSG::5709
04:25:10.740 [ForkJoinPool-1-worker-13] ERROR com.intuit.karate - org.apache.http.client.ClientProtocolException: URI does not specify a valid host name: urn:ogc:def:crs:EPSG::5709, http call failed after 0 milliseconds for URL: urn:ogc:def:crs:EPSG::5709
04:25:10.740 [ForkJoinPool-1-worker-13] ERROR com.intuit.karate - http request failed: 
org.apache.http.client.ClientProtocolException: URI does not specify a valid host name: urn:ogc:def:crs:EPSG::5709
04:25:10.741 [ForkJoinPool-1-worker-13] ERROR com.intuit.karate - feature call (loop) failed at index: 3
caller: classpath:InspireTest/ngr/datasetrecords/def/checkxlinkurl.template.feature
arg: {"link":"urn:ogc:def:crs:EPSG::5709"}
checkxlinkurl.template.feature:14 - 
org.apache.http.client.ClientProtocolException: URI does not specify a valid host name: urn:ogc:def:crs:EPSG::5709
04:25:10.850 [ForkJoinPool-1-worker-9] INFO  com.intuit.karate - [print] title:Kaderrichtlijn Water - Oppervlaktewaterlichamen Nederland EU2015 vlakken
04:25:10.852 [ForkJoinPool-1-worker-9] INFO  com.intuit.karate - [print] Kaderrichtlijn Water - Oppervlaktewaterlichamen Nederland EU2015 vlakken
04:25:10.854 [ForkJoinPool-1-worker-9] INFO  com.intuit.karate - [print] [
  "servicedesk@ihw.nl",
  "servicedesk-data@rijkswaterstaat.nl",
  "",
  "servicedesk-data@rijkswaterstaat.nl",
  "servicedesk@ihw.nl"
]

04:25:10.857 [ForkJoinPool-1-worker-9] INFO  com.intuit.karate - [print] organisation: [
  "Informatiehuis Water",
  "Informatiehuis Water",
  "",
  "Rijkswaterstaat",
  "Informatiehuis Water"
]

04:25:10.862 [ForkJoinPool-1-worker-9] INFO  com.intuit.karate - [print] [
  "https://www.nationaalgeoregister.nl/geonetwork/srv/dut/catalog.search#/metadata/110f9ec6-4464-462e-9765-83d90cefbead",
  "http://rdfdata.eionet.europa.eu/inspirethemes/themes/24",
  "https://ngr.geocat.live/geonetwork/srv/eng/thesaurus.download?ref=external.theme.httpinspireeceuropaeumetadatacodelistPrioritydataset-Prioritydataset"
]

04:25:10.871 [ForkJoinPool-1-worker-9] INFO  com.intuit.karate - [print]
04:25:10.871 [ForkJoinPool-1-worker-9] INFO  com.intuit.karate - [print] testing xlinkurl:https://www.nationaalgeoregister.nl/geonetwork/srv/dut/catalog.search#/metadata/110f9ec6-4464-462e-9765-83d90cefbead
04:25:10.876 [ForkJoinPool-1-worker-5] INFO  com.intuit.karate - [print]
04:25:10.876 [ForkJoinPool-1-worker-5] INFO  com.intuit.karate - [print] testing xlinkurl:http://rdfdata.eionet.europa.eu/inspirethemes/themes/24
04:25:10.888 [ForkJoinPool-1-worker-11] INFO  com.intuit.karate - [print]
04:25:10.888 [ForkJoinPool-1-worker-11] INFO  com.intuit.karate - [print] testing xlinkurl:http://rdfdata.eionet.europa.eu/inspirethemes/themes/24
04:25:10.891 [ForkJoinPool-1-worker-3] INFO  com.intuit.karate - [print]
04:25:10.891 [ForkJoinPool-1-worker-3] INFO  com.intuit.karate - [print] testing xlinkurl:http://rdfdata.eionet.europa.eu/inspirethemes/themes/24
04:25:10.997 [ForkJoinPool-1-worker-7] INFO  com.intuit.karate - [print]
04:25:10.997 [ForkJoinPool-1-worker-7] INFO  com.intuit.karate - [print] testing xlinkurl:http://rdfdata.eionet.europa.eu/inspirethemes/themes/24
04:25:11.077 [ForkJoinPool-1-worker-5] ERROR com.intuit.karate - status code was: 404, expected: 200, response time: 200, url: http://rdfdata.eionet.europa.eu/inspirethemes/themes/24, response: 
04:25:11.077 [ForkJoinPool-1-worker-5] ERROR com.intuit.karate - feature call (loop) failed at index: 1
caller: classpath:InspireTest/ngr/datasetrecords/def/checkxlinkurl.template.feature
arg: {"link":"http://rdfdata.eionet.europa.eu/inspirethemes/themes/24"}
checkxlinkurl.template.feature:15 - status code was: 404, expected: 200, response time: 200, url: http://rdfdata.eionet.europa.eu/inspirethemes/themes/24, response: 
04:25:11.078 [ForkJoinPool-1-worker-5] INFO  com.intuit.karate - [print]
04:25:11.078 [ForkJoinPool-1-worker-5] INFO  com.intuit.karate - [print] testing xlinkurl:https://ngr.geocat.live/geonetwork/srv/eng/thesaurus.download?ref=external.theme.httpinspireeceuropaeumetadatacodelistPrioritydataset-Prioritydataset
04:25:11.090 [ForkJoinPool-1-worker-11] ERROR com.intuit.karate - status code was: 404, expected: 200, response time: 202, url: http://rdfdata.eionet.europa.eu/inspirethemes/themes/24, response: 
04:25:11.090 [ForkJoinPool-1-worker-11] ERROR com.intuit.karate - feature call (loop) failed at index: 1
caller: classpath:InspireTest/ngr/datasetrecords/def/checkxlinkurl.template.feature
arg: {"link":"http://rdfdata.eionet.europa.eu/inspirethemes/themes/24"}
checkxlinkurl.template.feature:15 - status code was: 404, expected: 200, response time: 202, url: http://rdfdata.eionet.europa.eu/inspirethemes/themes/24, response: 
04:25:11.091 [ForkJoinPool-1-worker-11] INFO  com.intuit.karate - [print]
04:25:11.091 [ForkJoinPool-1-worker-11] INFO  com.intuit.karate - [print] testing xlinkurl:https://ngr.geocat.live/geonetwork/srv/eng/thesaurus.download?ref=external.theme.httpinspireeceuropaeumetadatacodelistPrioritydataset-Prioritydataset
04:25:11.093 [ForkJoinPool-1-worker-3] ERROR com.intuit.karate - status code was: 404, expected: 200, response time: 202, url: http://rdfdata.eionet.europa.eu/inspirethemes/themes/24, response: 
04:25:11.093 [ForkJoinPool-1-worker-3] ERROR com.intuit.karate - feature call (loop) failed at index: 1
caller: classpath:InspireTest/ngr/datasetrecords/def/checkxlinkurl.template.feature
arg: {"link":"http://rdfdata.eionet.europa.eu/inspirethemes/themes/24"}
checkxlinkurl.template.feature:15 - status code was: 404, expected: 200, response time: 202, url: http://rdfdata.eionet.europa.eu/inspirethemes/themes/24, response: 
04:25:11.094 [ForkJoinPool-1-worker-3] INFO  com.intuit.karate - [print]
04:25:11.094 [ForkJoinPool-1-worker-3] INFO  com.intuit.karate - [print] testing xlinkurl:https://ngr.geocat.live/geonetwork/srv/eng/thesaurus.download?ref=external.theme.httpinspireeceuropaeumetadatacodelistPrioritydataset-Prioritydataset
04:25:11.183 [ForkJoinPool-1-worker-9] INFO  com.intuit.karate - [print]
04:25:11.183 [ForkJoinPool-1-worker-9] INFO  com.intuit.karate - [print] testing xlinkurl:http://rdfdata.eionet.europa.eu/inspirethemes/themes/24
04:25:11.201 [ForkJoinPool-1-worker-7] ERROR com.intuit.karate - status code was: 404, expected: 200, response time: 203, url: http://rdfdata.eionet.europa.eu/inspirethemes/themes/24, response: 
04:25:11.201 [ForkJoinPool-1-worker-7] ERROR com.intuit.karate - feature call (loop) failed at index: 1
caller: classpath:InspireTest/ngr/datasetrecords/def/checkxlinkurl.template.feature
arg: {"link":"http://rdfdata.eionet.europa.eu/inspirethemes/themes/24"}
checkxlinkurl.template.feature:15 - status code was: 404, expected: 200, response time: 203, url: http://rdfdata.eionet.europa.eu/inspirethemes/themes/24, response: 
04:25:11.202 [ForkJoinPool-1-worker-7] INFO  com.intuit.karate - [print]
04:25:11.202 [ForkJoinPool-1-worker-7] INFO  com.intuit.karate - [print] testing xlinkurl:https://ngr.geocat.live/geonetwork/srv/eng/thesaurus.download?ref=external.theme.httpinspireeceuropaeumetadatacodelistPrioritydataset-Prioritydataset
04:25:11.292 [ForkJoinPool-1-worker-13] INFO  com.intuit.karate - [print] title:Publiekrechtelijke beperkingen
04:25:11.292 [ForkJoinPool-1-worker-13] INFO  com.intuit.karate - [print] Publiekrechtelijke beperkingen
04:25:11.293 [ForkJoinPool-1-worker-13] INFO  com.intuit.karate - [print] [
  "PPB-GVA@kadaster.nl",
  "kcc@kadaster.nl"
]

04:25:11.312 [ForkJoinPool-1-worker-13] INFO  com.intuit.karate - [print] organisation: [
  "Kadaster",
  "Kadaster"
]

04:25:11.326 [ForkJoinPool-1-worker-13] INFO  com.intuit.karate - [print] [
  "http://kadaster/e2318c58-b1e6-4621-9c77-33b8a1fd0124"
]

04:25:11.330 [ForkJoinPool-1-worker-13] INFO  com.intuit.karate - [print]
04:25:11.333 [ForkJoinPool-1-worker-13] INFO  com.intuit.karate - [print] testing xlinkurl:http://kadaster/e2318c58-b1e6-4621-9c77-33b8a1fd0124
04:25:11.375 [ForkJoinPool-1-worker-13] ERROR com.intuit.karate - java.net.UnknownHostException: kadaster: Temporary failure in name resolution, http call failed after 41 milliseconds for URL: http://kadaster/e2318c58-b1e6-4621-9c77-33b8a1fd0124
04:25:11.376 [ForkJoinPool-1-worker-13] ERROR com.intuit.karate - http request failed: 
java.net.UnknownHostException: kadaster: Temporary failure in name resolution
04:25:11.376 [ForkJoinPool-1-worker-13] ERROR com.intuit.karate - feature call (loop) failed at index: 0
caller: classpath:InspireTest/ngr/datasetrecords/def/checkxlinkurl.template.feature
arg: {"link":"http://kadaster/e2318c58-b1e6-4621-9c77-33b8a1fd0124"}
checkxlinkurl.template.feature:14 - 
java.net.UnknownHostException: kadaster: Temporary failure in name resolution
04:25:11.424 [ForkJoinPool-1-worker-9] ERROR com.intuit.karate - status code was: 404, expected: 200, response time: 240, url: http://rdfdata.eionet.europa.eu/inspirethemes/themes/24, response: 
04:25:11.424 [ForkJoinPool-1-worker-9] ERROR com.intuit.karate - feature call (loop) failed at index: 1
caller: classpath:InspireTest/ngr/datasetrecords/def/checkxlinkurl.template.feature
arg: {"link":"http://rdfdata.eionet.europa.eu/inspirethemes/themes/24"}
checkxlinkurl.template.feature:15 - status code was: 404, expected: 200, response time: 240, url: http://rdfdata.eionet.europa.eu/inspirethemes/themes/24, response: 
04:25:11.425 [ForkJoinPool-1-worker-9] INFO  com.intuit.karate - [print]
04:25:11.425 [ForkJoinPool-1-worker-9] INFO  com.intuit.karate - [print] testing xlinkurl:https://ngr.geocat.live/geonetwork/srv/eng/thesaurus.download?ref=external.theme.httpinspireeceuropaeumetadatacodelistPrioritydataset-Prioritydataset
04:25:11.506 [ForkJoinPool-1-worker-5] ERROR com.intuit.karate - status code was: 500, expected: 200, response time: 427, url: https://ngr.geocat.live/geonetwork/srv/eng/thesaurus.download?ref=external.theme.httpinspireeceuropaeumetadatacodelistPrioritydataset-Prioritydataset, response: 
04:25:11.506 [ForkJoinPool-1-worker-5] ERROR com.intuit.karate - feature call (loop) failed at index: 2
caller: classpath:InspireTest/ngr/datasetrecords/def/checkxlinkurl.template.feature
arg: {"link":"https://ngr.geocat.live/geonetwork/srv/eng/thesaurus.download?ref=external.theme.httpinspireeceuropaeumetadatacodelistPrioritydataset-Prioritydataset"}
checkxlinkurl.template.feature:15 - status code was: 500, expected: 200, response time: 427, url: https://ngr.geocat.live/geonetwork/srv/eng/thesaurus.download?ref=external.theme.httpinspireeceuropaeumetadatacodelistPrioritydataset-Prioritydataset, response: 
04:25:11.507 [ForkJoinPool-1-worker-5] INFO  com.intuit.karate - [print]
04:25:11.507 [ForkJoinPool-1-worker-5] INFO  com.intuit.karate - [print] testing xlinkurl:urn:ogc:def:crs:EPSG::5709
04:25:11.508 [ForkJoinPool-1-worker-5] ERROR com.intuit.karate - org.apache.http.client.ClientProtocolException: URI does not specify a valid host name: urn:ogc:def:crs:EPSG::5709, http call failed after 0 milliseconds for URL: urn:ogc:def:crs:EPSG::5709
04:25:11.508 [ForkJoinPool-1-worker-5] ERROR com.intuit.karate - http request failed: 
org.apache.http.client.ClientProtocolException: URI does not specify a valid host name: urn:ogc:def:crs:EPSG::5709
04:25:11.508 [ForkJoinPool-1-worker-5] ERROR com.intuit.karate - feature call (loop) failed at index: 3
caller: classpath:InspireTest/ngr/datasetrecords/def/checkxlinkurl.template.feature
arg: {"link":"urn:ogc:def:crs:EPSG::5709"}
checkxlinkurl.template.feature:14 - 
org.apache.http.client.ClientProtocolException: URI does not specify a valid host name: urn:ogc:def:crs:EPSG::5709
04:25:11.516 [ForkJoinPool-1-worker-3] ERROR com.intuit.karate - status code was: 500, expected: 200, response time: 417, url: https://ngr.geocat.live/geonetwork/srv/eng/thesaurus.download?ref=external.theme.httpinspireeceuropaeumetadatacodelistPrioritydataset-Prioritydataset, response: 
04:25:11.516 [ForkJoinPool-1-worker-3] ERROR com.intuit.karate - feature call (loop) failed at index: 2
caller: classpath:InspireTest/ngr/datasetrecords/def/checkxlinkurl.template.feature
arg: {"link":"https://ngr.geocat.live/geonetwork/srv/eng/thesaurus.download?ref=external.theme.httpinspireeceuropaeumetadatacodelistPrioritydataset-Prioritydataset"}
checkxlinkurl.template.feature:15 - status code was: 500, expected: 200, response time: 417, url: https://ngr.geocat.live/geonetwork/srv/eng/thesaurus.download?ref=external.theme.httpinspireeceuropaeumetadatacodelistPrioritydataset-Prioritydataset, response: 
04:25:11.521 [ForkJoinPool-1-worker-7] ERROR com.intuit.karate - status code was: 500, expected: 200, response time: 319, url: https://ngr.geocat.live/geonetwork/srv/eng/thesaurus.download?ref=external.theme.httpinspireeceuropaeumetadatacodelistPrioritydataset-Prioritydataset, response: 
04:25:11.521 [ForkJoinPool-1-worker-7] ERROR com.intuit.karate - feature call (loop) failed at index: 2
caller: classpath:InspireTest/ngr/datasetrecords/def/checkxlinkurl.template.feature
arg: {"link":"https://ngr.geocat.live/geonetwork/srv/eng/thesaurus.download?ref=external.theme.httpinspireeceuropaeumetadatacodelistPrioritydataset-Prioritydataset"}
checkxlinkurl.template.feature:15 - status code was: 500, expected: 200, response time: 319, url: https://ngr.geocat.live/geonetwork/srv/eng/thesaurus.download?ref=external.theme.httpinspireeceuropaeumetadatacodelistPrioritydataset-Prioritydataset, response: 
04:25:11.525 [ForkJoinPool-1-worker-11] ERROR com.intuit.karate - status code was: 500, expected: 200, response time: 427, url: https://ngr.geocat.live/geonetwork/srv/eng/thesaurus.download?ref=external.theme.httpinspireeceuropaeumetadatacodelistPrioritydataset-Prioritydataset, response: 
04:25:11.525 [ForkJoinPool-1-worker-11] ERROR com.intuit.karate - feature call (loop) failed at index: 2
caller: classpath:InspireTest/ngr/datasetrecords/def/checkxlinkurl.template.feature
arg: {"link":"https://ngr.geocat.live/geonetwork/srv/eng/thesaurus.download?ref=external.theme.httpinspireeceuropaeumetadatacodelistPrioritydataset-Prioritydataset"}
checkxlinkurl.template.feature:15 - status code was: 500, expected: 200, response time: 427, url: https://ngr.geocat.live/geonetwork/srv/eng/thesaurus.download?ref=external.theme.httpinspireeceuropaeumetadatacodelistPrioritydataset-Prioritydataset, response: 
04:25:11.526 [ForkJoinPool-1-worker-11] INFO  com.intuit.karate - [print]
04:25:11.526 [ForkJoinPool-1-worker-11] INFO  com.intuit.karate - [print] testing xlinkurl:urn:ogc:def:crs:EPSG::5709
04:25:11.526 [ForkJoinPool-1-worker-11] ERROR com.intuit.karate - org.apache.http.client.ClientProtocolException: URI does not specify a valid host name: urn:ogc:def:crs:EPSG::5709, http call failed after 0 milliseconds for URL: urn:ogc:def:crs:EPSG::5709
04:25:11.526 [ForkJoinPool-1-worker-11] ERROR com.intuit.karate - http request failed: 
org.apache.http.client.ClientProtocolException: URI does not specify a valid host name: urn:ogc:def:crs:EPSG::5709
04:25:11.526 [ForkJoinPool-1-worker-11] ERROR com.intuit.karate - feature call (loop) failed at index: 3
caller: classpath:InspireTest/ngr/datasetrecords/def/checkxlinkurl.template.feature
arg: {"link":"urn:ogc:def:crs:EPSG::5709"}
checkxlinkurl.template.feature:14 - 
org.apache.http.client.ClientProtocolException: URI does not specify a valid host name: urn:ogc:def:crs:EPSG::5709
04:25:11.528 [ForkJoinPool-1-worker-3] INFO  com.intuit.karate - [print]
04:25:11.529 [ForkJoinPool-1-worker-3] INFO  com.intuit.karate - [print] testing xlinkurl:urn:ogc:def:crs:EPSG::5709
04:25:11.529 [ForkJoinPool-1-worker-3] ERROR com.intuit.karate - org.apache.http.client.ClientProtocolException: URI does not specify a valid host name: urn:ogc:def:crs:EPSG::5709, http call failed after 0 milliseconds for URL: urn:ogc:def:crs:EPSG::5709
04:25:11.529 [ForkJoinPool-1-worker-3] ERROR com.intuit.karate - http request failed: 
org.apache.http.client.ClientProtocolException: URI does not specify a valid host name: urn:ogc:def:crs:EPSG::5709
04:25:11.529 [ForkJoinPool-1-worker-3] ERROR com.intuit.karate - feature call (loop) failed at index: 3
caller: classpath:InspireTest/ngr/datasetrecords/def/checkxlinkurl.template.feature
arg: {"link":"urn:ogc:def:crs:EPSG::5709"}
checkxlinkurl.template.feature:14 - 
org.apache.http.client.ClientProtocolException: URI does not specify a valid host name: urn:ogc:def:crs:EPSG::5709
04:25:11.739 [ForkJoinPool-1-worker-9] ERROR com.intuit.karate - status code was: 500, expected: 200, response time: 313, url: https://ngr.geocat.live/geonetwork/srv/eng/thesaurus.download?ref=external.theme.httpinspireeceuropaeumetadatacodelistPrioritydataset-Prioritydataset, response: 
04:25:11.739 [ForkJoinPool-1-worker-9] ERROR com.intuit.karate - feature call (loop) failed at index: 2
caller: classpath:InspireTest/ngr/datasetrecords/def/checkxlinkurl.template.feature
arg: {"link":"https://ngr.geocat.live/geonetwork/srv/eng/thesaurus.download?ref=external.theme.httpinspireeceuropaeumetadatacodelistPrioritydataset-Prioritydataset"}
checkxlinkurl.template.feature:15 - status code was: 500, expected: 200, response time: 313, url: https://ngr.geocat.live/geonetwork/srv/eng/thesaurus.download?ref=external.theme.httpinspireeceuropaeumetadatacodelistPrioritydataset-Prioritydataset, response: 
04:25:11.928 [ForkJoinPool-1-worker-13] INFO  com.intuit.karate - [print] title:Territoriale Zee volgens UNCLOS - Noordzee
04:25:11.929 [ForkJoinPool-1-worker-13] INFO  com.intuit.karate - [print] Territoriale Zee volgens UNCLOS - Noordzee
04:25:11.930 [ForkJoinPool-1-worker-13] INFO  com.intuit.karate - [print] [
  "data@hydro.nl",
  "data@hydro.nl",
  "data@hydro.nl",
  "",
  ""
]

04:25:11.932 [ForkJoinPool-1-worker-13] INFO  com.intuit.karate - [print] organisation: [
  "Ministerie van Defensie, Koninklijke Marine, Dienst der Hydrografie",
  "Ministerie van Defensie, Koninklijke Marine, Dienst der Hydrografie",
  "Ministerie van Defensie, Koninklijke Marine, Dienst der Hydrografie"
]

04:25:11.937 [ForkJoinPool-1-worker-13] INFO  com.intuit.karate - [print] [
  "http://www.opengis.net/def/crs/EPSG/0/https://www.opengis.net/def/crs/EPSG/0/4258",
  "https://www.nationaalgeoregister.nl/geonetwork/srv/api/recordsbb11be63-bd38-4632-bf54-df44c423a529"
]

04:25:11.943 [ForkJoinPool-1-worker-13] INFO  com.intuit.karate - [print]
04:25:11.944 [ForkJoinPool-1-worker-13] INFO  com.intuit.karate - [print] testing xlinkurl:http://www.opengis.net/def/crs/EPSG/0/https://www.opengis.net/def/crs/EPSG/0/4258
04:25:12.057 [ForkJoinPool-1-worker-11] INFO  com.intuit.karate - [print] title:Kaderrichtlijn Water - Deelstroomgebieden Nederland 2019 vlakken
04:25:12.057 [ForkJoinPool-1-worker-11] INFO  com.intuit.karate - [print] Kaderrichtlijn Water - Deelstroomgebieden Nederland 2019 vlakken
04:25:12.058 [ForkJoinPool-1-worker-11] INFO  com.intuit.karate - [print] [
  "servicedesk-data@rijkswaterstaat.nl",
  "servicedesk-data@rijkswaterstaat.nl",
  "",
  "servicedesk-data@rijkswaterstaat.nl",
  "servicedesk-data@rijkswaterstaat.nl"
]

04:25:12.060 [ForkJoinPool-1-worker-11] INFO  com.intuit.karate - [print] organisation: [
  "Rijkswaterstaat",
  "Rijkswaterstaat",
  "",
  "Rijkswaterstaat",
  "Rijkswaterstaat"
]

04:25:12.063 [ForkJoinPool-1-worker-11] INFO  com.intuit.karate - [print] [
  "https://www.nationaalgeoregister.nl/geonetwork/srv/dut/catalog.search#/metadata/krw-782cab20-8328-45f1-a9b2-c27d07c14066",
  "http://rdfdata.eionet.europa.eu/inspirethemes/themes/24",
  "https://ngr.geocat.live/geonetwork/srv/eng/thesaurus.download?ref=external.theme.httpinspireeceuropaeumetadatacodelistPrioritydataset-Prioritydataset",
  "urn:ogc:def:crs:EPSG::5709"
]

04:25:12.067 [ForkJoinPool-1-worker-5] INFO  com.intuit.karate - [print] title:Overheidsdiensten
04:25:12.067 [ForkJoinPool-1-worker-5] INFO  com.intuit.karate - [print] Overheidsdiensten
04:25:12.067 [ForkJoinPool-1-worker-5] INFO  com.intuit.karate - [print] [
  "erik.simonse@kvk.nl",
  "erik.simonse@kvk.nl"
]

04:25:12.068 [ForkJoinPool-1-worker-5] INFO  com.intuit.karate - [print] organisation: [
  "Kamer van Koophandel",
  "Kamer van Koophandel"
]

04:25:12.076 [ForkJoinPool-1-worker-11] INFO  com.intuit.karate - [print]
04:25:12.076 [ForkJoinPool-1-worker-11] INFO  com.intuit.karate - [print] testing xlinkurl:https://www.nationaalgeoregister.nl/geonetwork/srv/dut/catalog.search#/metadata/krw-782cab20-8328-45f1-a9b2-c27d07c14066
04:25:12.182 [ForkJoinPool-1-worker-7] INFO  com.intuit.karate - [print] title:Kaderrichtlijn Water - Oppervlaktewaterlichamen Nederland EU2009 lijnen
04:25:12.182 [ForkJoinPool-1-worker-7] INFO  com.intuit.karate - [print] Kaderrichtlijn Water - Oppervlaktewaterlichamen Nederland EU2009 lijnen
04:25:12.183 [ForkJoinPool-1-worker-7] INFO  com.intuit.karate - [print] [
  "servicedesk-data@rijkswaterstaat.nl",
  "servicedesk-data@rijkswaterstaat.nl",
  "",
  "servicedesk-data@rijkswaterstaat.nl",
  "servicedesk-data@rijkswaterstaat.nl"
]

04:25:12.184 [ForkJoinPool-1-worker-7] INFO  com.intuit.karate - [print] organisation: [
  "Rijkswaterstaat",
  "Rijkswaterstaat",
  "",
  "Rijkswaterstaat",
  "Rijkswaterstaat"
]

04:25:12.188 [ForkJoinPool-1-worker-7] INFO  com.intuit.karate - [print] [
  "https://www.nationaalgeoregister.nl/geonetwork/srv/dut/catalog.search#/metadata/krw2006-c57b-44a2-83a4-e51223d5f15g",
  "http://rdfdata.eionet.europa.eu/inspirethemes/themes/24",
  "https://ngr.geocat.live/geonetwork/srv/eng/thesaurus.download?ref=external.theme.httpinspireeceuropaeumetadatacodelistPrioritydataset-Prioritydataset",
  "urn:ogc:def:crs:EPSG::5709"
]

04:25:12.192 [ForkJoinPool-1-worker-7] INFO  com.intuit.karate - [print]
04:25:12.192 [ForkJoinPool-1-worker-7] INFO  com.intuit.karate - [print] testing xlinkurl:https://www.nationaalgeoregister.nl/geonetwork/srv/dut/catalog.search#/metadata/krw2006-c57b-44a2-83a4-e51223d5f15g
04:25:12.227 [ForkJoinPool-1-worker-3] INFO  com.intuit.karate - [print] title:Kaderrichtlijn Mariene Strategie - Rapportage eenheden Nederland EU2018
04:25:12.227 [ForkJoinPool-1-worker-3] INFO  com.intuit.karate - [print] Kaderrichtlijn Mariene Strategie - Rapportage eenheden Nederland EU2018
04:25:12.228 [ForkJoinPool-1-worker-3] INFO  com.intuit.karate - [print] [
  "servicedesk-data@rijkswaterstaat.nl",
  "servicedesk-data@rijkswaterstaat.nl",
  "",
  "servicedesk-data@rijkswaterstaat.nl",
  "servicedesk-data@rijkswaterstaat.nl"
]

04:25:12.230 [ForkJoinPool-1-worker-3] INFO  com.intuit.karate - [print] organisation: [
  "Rijkswaterstaat",
  "Rijkswaterstaat",
  "",
  "Rijkswaterstaat",
  "Rijkswaterstaat"
]

04:25:12.234 [ForkJoinPool-1-worker-3] INFO  com.intuit.karate - [print] [
  "https://www.nationaalgeoregister.nl/geonetwork/srv/dut/catalog.search#/metadata/krm-a905-9d8e-4758-83fa-28b057f185e3",
  "http://rdfdata.eionet.europa.eu/inspirethemes/themes/24",
  "https://ngr.geocat.live/geonetwork/srv/eng/thesaurus.download?ref=external.theme.httpinspireeceuropaeumetadatacodelistPrioritydataset-Prioritydataset"
]

04:25:12.238 [ForkJoinPool-1-worker-3] INFO  com.intuit.karate - [print]
04:25:12.239 [ForkJoinPool-1-worker-3] INFO  com.intuit.karate - [print] testing xlinkurl:https://www.nationaalgeoregister.nl/geonetwork/srv/dut/catalog.search#/metadata/krm-a905-9d8e-4758-83fa-28b057f185e3
04:25:12.245 [ForkJoinPool-1-worker-13] INFO  com.intuit.karate - [print]
04:25:12.245 [ForkJoinPool-1-worker-13] INFO  com.intuit.karate - [print] testing xlinkurl:https://www.nationaalgeoregister.nl/geonetwork/srv/api/recordsbb11be63-bd38-4632-bf54-df44c423a529
04:25:12.317 [ForkJoinPool-1-worker-9] INFO  com.intuit.karate - [print] title:Kaderrichtlijn Mariene Strategie - Mariene wateren Nederland EU2018
04:25:12.318 [ForkJoinPool-1-worker-9] INFO  com.intuit.karate - [print] Kaderrichtlijn Mariene Strategie - Mariene wateren Nederland EU2018
04:25:12.318 [ForkJoinPool-1-worker-9] INFO  com.intuit.karate - [print] [
  "servicedesk-data@rijkswaterstaat.nl",
  "servicedesk-data@rijkswaterstaat.nl",
  "",
  "servicedesk-data@rijkswaterstaat.nl",
  "servicedesk-data@rijkswaterstaat.nl"
]

04:25:12.320 [ForkJoinPool-1-worker-9] INFO  com.intuit.karate - [print] organisation: [
  "Rijkswaterstaat",
  "Rijkswaterstaat",
  "",
  "Rijkswaterstaat",
  "Rijkswaterstaat"
]

04:25:12.330 [ForkJoinPool-1-worker-9] INFO  com.intuit.karate - [print] [
  "https://www.nationaalgeoregister.nl/geonetwork/srv/dut/catalog.search#/metadata/krm-a905-9d8e-4758-83fa-28b057f185e4",
  "http://rdfdata.eionet.europa.eu/inspirethemes/themes/24",
  "https://ngr.geocat.live/geonetwork/srv/eng/thesaurus.download?ref=external.theme.httpinspireeceuropaeumetadatacodelistPrioritydataset-Prioritydataset"
]

04:25:12.336 [ForkJoinPool-1-worker-9] INFO  com.intuit.karate - [print]
04:25:12.336 [ForkJoinPool-1-worker-9] INFO  com.intuit.karate - [print] testing xlinkurl:https://www.nationaalgeoregister.nl/geonetwork/srv/dut/catalog.search#/metadata/krm-a905-9d8e-4758-83fa-28b057f185e4
04:25:12.383 [ForkJoinPool-1-worker-11] INFO  com.intuit.karate - [print]
04:25:12.384 [ForkJoinPool-1-worker-11] INFO  com.intuit.karate - [print] testing xlinkurl:http://rdfdata.eionet.europa.eu/inspirethemes/themes/24
04:25:12.504 [ForkJoinPool-1-worker-7] INFO  com.intuit.karate - [print]
04:25:12.504 [ForkJoinPool-1-worker-7] INFO  com.intuit.karate - [print] testing xlinkurl:http://rdfdata.eionet.europa.eu/inspirethemes/themes/24
04:25:12.582 [ForkJoinPool-1-worker-5] INFO  com.intuit.karate - [print] title:Kaderrichtlijn Water - Deelstroomgebieden Nederland EU2015
04:25:12.583 [ForkJoinPool-1-worker-5] INFO  com.intuit.karate - [print] Kaderrichtlijn Water - Deelstroomgebieden Nederland EU2015
04:25:12.584 [ForkJoinPool-1-worker-11] ERROR com.intuit.karate - status code was: 404, expected: 200, response time: 200, url: http://rdfdata.eionet.europa.eu/inspirethemes/themes/24, response: 
04:25:12.584 [ForkJoinPool-1-worker-11] ERROR com.intuit.karate - feature call (loop) failed at index: 1
caller: classpath:InspireTest/ngr/datasetrecords/def/checkxlinkurl.template.feature
arg: {"link":"http://rdfdata.eionet.europa.eu/inspirethemes/themes/24"}
checkxlinkurl.template.feature:15 - status code was: 404, expected: 200, response time: 200, url: http://rdfdata.eionet.europa.eu/inspirethemes/themes/24, response: 
04:25:12.585 [ForkJoinPool-1-worker-5] INFO  com.intuit.karate - [print] [
  "servicedesk@ihw.nl",
  "servicedesk@ihw.nl",
  "",
  "servicedesk-data@rijkswaterstaat.nl",
  "servicedesk-data@rijkswaterstaat.nl"
]

04:25:12.585 [ForkJoinPool-1-worker-11] INFO  com.intuit.karate - [print]
04:25:12.585 [ForkJoinPool-1-worker-11] INFO  com.intuit.karate - [print] testing xlinkurl:https://ngr.geocat.live/geonetwork/srv/eng/thesaurus.download?ref=external.theme.httpinspireeceuropaeumetadatacodelistPrioritydataset-Prioritydataset
04:25:12.589 [ForkJoinPool-1-worker-5] INFO  com.intuit.karate - [print] organisation: [
  "Informatiehuis Water",
  "Informatiehuis Water",
  "",
  "Rijkswaterstaat",
  "Rijkswaterstaat"
]

04:25:12.593 [ForkJoinPool-1-worker-5] INFO  com.intuit.karate - [print] [
  "https://www.nationaalgeoregister.nl/geonetwork/srv/dut/catalog.search#/metadata/110f9ec6-4464-462e-9765-83d90cefbeac",
  "http://rdfdata.eionet.europa.eu/inspirethemes/themes/24",
  "https://ngr.geocat.live/geonetwork/srv/eng/thesaurus.download?ref=external.theme.httpinspireeceuropaeumetadatacodelistPrioritydataset-Prioritydataset"
]

04:25:12.595 [ForkJoinPool-1-worker-3] INFO  com.intuit.karate - [print]
04:25:12.595 [ForkJoinPool-1-worker-3] INFO  com.intuit.karate - [print] testing xlinkurl:http://rdfdata.eionet.europa.eu/inspirethemes/themes/24
04:25:12.598 [ForkJoinPool-1-worker-5] INFO  com.intuit.karate - [print]
04:25:12.599 [ForkJoinPool-1-worker-5] INFO  com.intuit.karate - [print] testing xlinkurl:https://www.nationaalgeoregister.nl/geonetwork/srv/dut/catalog.search#/metadata/110f9ec6-4464-462e-9765-83d90cefbeac
04:25:12.680 [ForkJoinPool-1-worker-13] ERROR com.intuit.karate - status code was: 500, expected: 200, response time: 434, url: https://www.nationaalgeoregister.nl/geonetwork/srv/api/recordsbb11be63-bd38-4632-bf54-df44c423a529, response: 
04:25:12.680 [ForkJoinPool-1-worker-13] ERROR com.intuit.karate - feature call (loop) failed at index: 1
caller: classpath:InspireTest/ngr/datasetrecords/def/checkxlinkurl.template.feature
arg: {"link":"https://www.nationaalgeoregister.nl/geonetwork/srv/api/recordsbb11be63-bd38-4632-bf54-df44c423a529"}
checkxlinkurl.template.feature:15 - status code was: 500, expected: 200, response time: 434, url: https://www.nationaalgeoregister.nl/geonetwork/srv/api/recordsbb11be63-bd38-4632-bf54-df44c423a529, response: 
04:25:12.694 [ForkJoinPool-1-worker-9] INFO  com.intuit.karate - [print]
04:25:12.694 [ForkJoinPool-1-worker-9] INFO  com.intuit.karate - [print] testing xlinkurl:http://rdfdata.eionet.europa.eu/inspirethemes/themes/24
04:25:12.704 [ForkJoinPool-1-worker-7] ERROR com.intuit.karate - status code was: 404, expected: 200, response time: 200, url: http://rdfdata.eionet.europa.eu/inspirethemes/themes/24, response: 
04:25:12.704 [ForkJoinPool-1-worker-7] ERROR com.intuit.karate - feature call (loop) failed at index: 1
caller: classpath:InspireTest/ngr/datasetrecords/def/checkxlinkurl.template.feature
arg: {"link":"http://rdfdata.eionet.europa.eu/inspirethemes/themes/24"}
checkxlinkurl.template.feature:15 - status code was: 404, expected: 200, response time: 200, url: http://rdfdata.eionet.europa.eu/inspirethemes/themes/24, response: 
04:25:12.705 [ForkJoinPool-1-worker-7] INFO  com.intuit.karate - [print]
04:25:12.705 [ForkJoinPool-1-worker-7] INFO  com.intuit.karate - [print] testing xlinkurl:https://ngr.geocat.live/geonetwork/srv/eng/thesaurus.download?ref=external.theme.httpinspireeceuropaeumetadatacodelistPrioritydataset-Prioritydataset
04:25:12.795 [ForkJoinPool-1-worker-3] ERROR com.intuit.karate - status code was: 404, expected: 200, response time: 199, url: http://rdfdata.eionet.europa.eu/inspirethemes/themes/24, response: 
04:25:12.795 [ForkJoinPool-1-worker-3] ERROR com.intuit.karate - feature call (loop) failed at index: 1
caller: classpath:InspireTest/ngr/datasetrecords/def/checkxlinkurl.template.feature
arg: {"link":"http://rdfdata.eionet.europa.eu/inspirethemes/themes/24"}
checkxlinkurl.template.feature:15 - status code was: 404, expected: 200, response time: 199, url: http://rdfdata.eionet.europa.eu/inspirethemes/themes/24, response: 
04:25:12.796 [ForkJoinPool-1-worker-3] INFO  com.intuit.karate - [print]
04:25:12.796 [ForkJoinPool-1-worker-3] INFO  com.intuit.karate - [print] testing xlinkurl:https://ngr.geocat.live/geonetwork/srv/eng/thesaurus.download?ref=external.theme.httpinspireeceuropaeumetadatacodelistPrioritydataset-Prioritydataset
04:25:12.894 [ForkJoinPool-1-worker-9] ERROR com.intuit.karate - status code was: 404, expected: 200, response time: 200, url: http://rdfdata.eionet.europa.eu/inspirethemes/themes/24, response: 
04:25:12.894 [ForkJoinPool-1-worker-9] ERROR com.intuit.karate - feature call (loop) failed at index: 1
caller: classpath:InspireTest/ngr/datasetrecords/def/checkxlinkurl.template.feature
arg: {"link":"http://rdfdata.eionet.europa.eu/inspirethemes/themes/24"}
checkxlinkurl.template.feature:15 - status code was: 404, expected: 200, response time: 200, url: http://rdfdata.eionet.europa.eu/inspirethemes/themes/24, response: 
04:25:12.896 [ForkJoinPool-1-worker-9] INFO  com.intuit.karate - [print]
04:25:12.896 [ForkJoinPool-1-worker-9] INFO  com.intuit.karate - [print] testing xlinkurl:https://ngr.geocat.live/geonetwork/srv/eng/thesaurus.download?ref=external.theme.httpinspireeceuropaeumetadatacodelistPrioritydataset-Prioritydataset
04:25:12.897 [ForkJoinPool-1-worker-11] ERROR com.intuit.karate - status code was: 500, expected: 200, response time: 311, url: https://ngr.geocat.live/geonetwork/srv/eng/thesaurus.download?ref=external.theme.httpinspireeceuropaeumetadatacodelistPrioritydataset-Prioritydataset, response: 
04:25:12.897 [ForkJoinPool-1-worker-11] ERROR com.intuit.karate - feature call (loop) failed at index: 2
caller: classpath:InspireTest/ngr/datasetrecords/def/checkxlinkurl.template.feature
arg: {"link":"https://ngr.geocat.live/geonetwork/srv/eng/thesaurus.download?ref=external.theme.httpinspireeceuropaeumetadatacodelistPrioritydataset-Prioritydataset"}
checkxlinkurl.template.feature:15 - status code was: 500, expected: 200, response time: 311, url: https://ngr.geocat.live/geonetwork/srv/eng/thesaurus.download?ref=external.theme.httpinspireeceuropaeumetadatacodelistPrioritydataset-Prioritydataset, response: 
04:25:12.898 [ForkJoinPool-1-worker-11] INFO  com.intuit.karate - [print]
04:25:12.898 [ForkJoinPool-1-worker-11] INFO  com.intuit.karate - [print] testing xlinkurl:urn:ogc:def:crs:EPSG::5709
04:25:12.898 [ForkJoinPool-1-worker-11] ERROR com.intuit.karate - org.apache.http.client.ClientProtocolException: URI does not specify a valid host name: urn:ogc:def:crs:EPSG::5709, http call failed after 0 milliseconds for URL: urn:ogc:def:crs:EPSG::5709
04:25:12.898 [ForkJoinPool-1-worker-11] ERROR com.intuit.karate - http request failed: 
org.apache.http.client.ClientProtocolException: URI does not specify a valid host name: urn:ogc:def:crs:EPSG::5709
04:25:12.898 [ForkJoinPool-1-worker-11] ERROR com.intuit.karate - feature call (loop) failed at index: 3
caller: classpath:InspireTest/ngr/datasetrecords/def/checkxlinkurl.template.feature
arg: {"link":"urn:ogc:def:crs:EPSG::5709"}
checkxlinkurl.template.feature:14 - 
org.apache.http.client.ClientProtocolException: URI does not specify a valid host name: urn:ogc:def:crs:EPSG::5709
04:25:12.914 [ForkJoinPool-1-worker-5] INFO  com.intuit.karate - [print]
04:25:12.914 [ForkJoinPool-1-worker-5] INFO  com.intuit.karate - [print] testing xlinkurl:http://rdfdata.eionet.europa.eu/inspirethemes/themes/24
04:25:13.022 [ForkJoinPool-1-worker-7] ERROR com.intuit.karate - status code was: 500, expected: 200, response time: 316, url: https://ngr.geocat.live/geonetwork/srv/eng/thesaurus.download?ref=external.theme.httpinspireeceuropaeumetadatacodelistPrioritydataset-Prioritydataset, response: 
04:25:13.022 [ForkJoinPool-1-worker-7] ERROR com.intuit.karate - feature call (loop) failed at index: 2
caller: classpath:InspireTest/ngr/datasetrecords/def/checkxlinkurl.template.feature
arg: {"link":"https://ngr.geocat.live/geonetwork/srv/eng/thesaurus.download?ref=external.theme.httpinspireeceuropaeumetadatacodelistPrioritydataset-Prioritydataset"}
checkxlinkurl.template.feature:15 - status code was: 500, expected: 200, response time: 316, url: https://ngr.geocat.live/geonetwork/srv/eng/thesaurus.download?ref=external.theme.httpinspireeceuropaeumetadatacodelistPrioritydataset-Prioritydataset, response: 
04:25:13.023 [ForkJoinPool-1-worker-7] INFO  com.intuit.karate - [print]
04:25:13.023 [ForkJoinPool-1-worker-7] INFO  com.intuit.karate - [print] testing xlinkurl:urn:ogc:def:crs:EPSG::5709
04:25:13.023 [ForkJoinPool-1-worker-7] ERROR com.intuit.karate - org.apache.http.client.ClientProtocolException: URI does not specify a valid host name: urn:ogc:def:crs:EPSG::5709, http call failed after 0 milliseconds for URL: urn:ogc:def:crs:EPSG::5709
04:25:13.024 [ForkJoinPool-1-worker-7] ERROR com.intuit.karate - http request failed: 
org.apache.http.client.ClientProtocolException: URI does not specify a valid host name: urn:ogc:def:crs:EPSG::5709
04:25:13.024 [ForkJoinPool-1-worker-7] ERROR com.intuit.karate - feature call (loop) failed at index: 3
caller: classpath:InspireTest/ngr/datasetrecords/def/checkxlinkurl.template.feature
arg: {"link":"urn:ogc:def:crs:EPSG::5709"}
checkxlinkurl.template.feature:14 - 
org.apache.http.client.ClientProtocolException: URI does not specify a valid host name: urn:ogc:def:crs:EPSG::5709
04:25:13.106 [ForkJoinPool-1-worker-3] ERROR com.intuit.karate - status code was: 500, expected: 200, response time: 309, url: https://ngr.geocat.live/geonetwork/srv/eng/thesaurus.download?ref=external.theme.httpinspireeceuropaeumetadatacodelistPrioritydataset-Prioritydataset, response: 
04:25:13.106 [ForkJoinPool-1-worker-3] ERROR com.intuit.karate - feature call (loop) failed at index: 2
caller: classpath:InspireTest/ngr/datasetrecords/def/checkxlinkurl.template.feature
arg: {"link":"https://ngr.geocat.live/geonetwork/srv/eng/thesaurus.download?ref=external.theme.httpinspireeceuropaeumetadatacodelistPrioritydataset-Prioritydataset"}
checkxlinkurl.template.feature:15 - status code was: 500, expected: 200, response time: 309, url: https://ngr.geocat.live/geonetwork/srv/eng/thesaurus.download?ref=external.theme.httpinspireeceuropaeumetadatacodelistPrioritydataset-Prioritydataset, response: 
04:25:13.114 [ForkJoinPool-1-worker-5] ERROR com.intuit.karate - status code was: 404, expected: 200, response time: 199, url: http://rdfdata.eionet.europa.eu/inspirethemes/themes/24, response: 
04:25:13.114 [ForkJoinPool-1-worker-5] ERROR com.intuit.karate - feature call (loop) failed at index: 1
caller: classpath:InspireTest/ngr/datasetrecords/def/checkxlinkurl.template.feature
arg: {"link":"http://rdfdata.eionet.europa.eu/inspirethemes/themes/24"}
checkxlinkurl.template.feature:15 - status code was: 404, expected: 200, response time: 199, url: http://rdfdata.eionet.europa.eu/inspirethemes/themes/24, response: 
04:25:13.115 [ForkJoinPool-1-worker-5] INFO  com.intuit.karate - [print]
04:25:13.115 [ForkJoinPool-1-worker-5] INFO  com.intuit.karate - [print] testing xlinkurl:https://ngr.geocat.live/geonetwork/srv/eng/thesaurus.download?ref=external.theme.httpinspireeceuropaeumetadatacodelistPrioritydataset-Prioritydataset
04:25:13.212 [ForkJoinPool-1-worker-13] INFO  com.intuit.karate - [print] title:Kaderrichtlijn Water - Monitoringlocaties Nederland EU2015
04:25:13.212 [ForkJoinPool-1-worker-13] INFO  com.intuit.karate - [print] Kaderrichtlijn Water - Monitoringlocaties Nederland EU2015
04:25:13.213 [ForkJoinPool-1-worker-9] ERROR com.intuit.karate - status code was: 500, expected: 200, response time: 316, url: https://ngr.geocat.live/geonetwork/srv/eng/thesaurus.download?ref=external.theme.httpinspireeceuropaeumetadatacodelistPrioritydataset-Prioritydataset, response: 
04:25:13.213 [ForkJoinPool-1-worker-9] ERROR com.intuit.karate - feature call (loop) failed at index: 2
caller: classpath:InspireTest/ngr/datasetrecords/def/checkxlinkurl.template.feature
arg: {"link":"https://ngr.geocat.live/geonetwork/srv/eng/thesaurus.download?ref=external.theme.httpinspireeceuropaeumetadatacodelistPrioritydataset-Prioritydataset"}
checkxlinkurl.template.feature:15 - status code was: 500, expected: 200, response time: 316, url: https://ngr.geocat.live/geonetwork/srv/eng/thesaurus.download?ref=external.theme.httpinspireeceuropaeumetadatacodelistPrioritydataset-Prioritydataset, response: 
04:25:13.213 [ForkJoinPool-1-worker-13] INFO  com.intuit.karate - [print] [
  "servicedesk@ihw.nl",
  "servicedesk-data@rijkswaterstaat.nl",
  "",
  "servicedesk-data@rijkswaterstaat.nl",
  "servicedesk-data@rijkswaterstaat.nl"
]

04:25:13.214 [ForkJoinPool-1-worker-13] INFO  com.intuit.karate - [print] organisation: [
  "Informatiehuis Water",
  "Informatiehuis Water",
  "",
  "Rijkswaterstaat",
  "Rijkswaterstaat"
]

04:25:13.220 [ForkJoinPool-1-worker-13] INFO  com.intuit.karate - [print] [
  "https://www.nationaalgeoregister.nl/geonetwork/srv/dut/catalog.search#/metadata/891ddc2d-8949-4a45-be96-c65b87c41f13",
  "http://rdfdata.eionet.europa.eu/inspirethemes/themes/20",
  "https://ngr.geocat.live/geonetwork/srv/eng/thesaurus.download?ref=external.theme.httpinspireeceuropaeumetadatacodelistPrioritydataset-Prioritydataset"
]

04:25:13.224 [ForkJoinPool-1-worker-13] INFO  com.intuit.karate - [print]
04:25:13.225 [ForkJoinPool-1-worker-13] INFO  com.intuit.karate - [print] testing xlinkurl:https://www.nationaalgeoregister.nl/geonetwork/srv/dut/catalog.search#/metadata/891ddc2d-8949-4a45-be96-c65b87c41f13
04:25:13.449 [ForkJoinPool-1-worker-5] ERROR com.intuit.karate - status code was: 500, expected: 200, response time: 333, url: https://ngr.geocat.live/geonetwork/srv/eng/thesaurus.download?ref=external.theme.httpinspireeceuropaeumetadatacodelistPrioritydataset-Prioritydataset, response: 
04:25:13.449 [ForkJoinPool-1-worker-5] ERROR com.intuit.karate - feature call (loop) failed at index: 2
caller: classpath:InspireTest/ngr/datasetrecords/def/checkxlinkurl.template.feature
arg: {"link":"https://ngr.geocat.live/geonetwork/srv/eng/thesaurus.download?ref=external.theme.httpinspireeceuropaeumetadatacodelistPrioritydataset-Prioritydataset"}
checkxlinkurl.template.feature:15 - status code was: 500, expected: 200, response time: 333, url: https://ngr.geocat.live/geonetwork/srv/eng/thesaurus.download?ref=external.theme.httpinspireeceuropaeumetadatacodelistPrioritydataset-Prioritydataset, response: 
04:25:13.454 [ForkJoinPool-1-worker-11] INFO  com.intuit.karate - [print] title:Ruimtelijke plannen Wro: Ruimtelijkeplannen.nl
04:25:13.455 [ForkJoinPool-1-worker-11] INFO  com.intuit.karate - [print] Ruimtelijke plannen Wro: Ruimtelijkeplannen.nl
04:25:13.456 [ForkJoinPool-1-worker-11] INFO  com.intuit.karate - [print] [
  "PPB-GVA@kadaster.nl",
  "ruimtelijkeplannen@kadaster.nl"
]

04:25:13.457 [ForkJoinPool-1-worker-11] INFO  com.intuit.karate - [print] organisation: [
  "Kadaster",
  "Kadaster"
]

04:25:13.461 [ForkJoinPool-1-worker-11] INFO  com.intuit.karate - [print] [
  "http://kadaster/e2318c58-b1e6-4621-9c77-33b8a1fd0e76"
]

04:25:13.464 [ForkJoinPool-1-worker-11] INFO  com.intuit.karate - [print]
04:25:13.464 [ForkJoinPool-1-worker-11] INFO  com.intuit.karate - [print] testing xlinkurl:http://kadaster/e2318c58-b1e6-4621-9c77-33b8a1fd0e76
04:25:13.465 [ForkJoinPool-1-worker-11] ERROR com.intuit.karate - java.net.UnknownHostException: kadaster, http call failed after 1 milliseconds for URL: http://kadaster/e2318c58-b1e6-4621-9c77-33b8a1fd0e76
04:25:13.465 [ForkJoinPool-1-worker-11] ERROR com.intuit.karate - http request failed: 
java.net.UnknownHostException: kadaster
04:25:13.465 [ForkJoinPool-1-worker-11] ERROR com.intuit.karate - feature call (loop) failed at index: 0
caller: classpath:InspireTest/ngr/datasetrecords/def/checkxlinkurl.template.feature
arg: {"link":"http://kadaster/e2318c58-b1e6-4621-9c77-33b8a1fd0e76"}
checkxlinkurl.template.feature:14 - 
java.net.UnknownHostException: kadaster
04:25:13.537 [ForkJoinPool-1-worker-13] INFO  com.intuit.karate - [print]
04:25:13.537 [ForkJoinPool-1-worker-13] INFO  com.intuit.karate - [print] testing xlinkurl:http://rdfdata.eionet.europa.eu/inspirethemes/themes/20
04:25:13.573 [ForkJoinPool-1-worker-7] INFO  com.intuit.karate - [print] title:Stads- en Dorpsgezichten
04:25:13.573 [ForkJoinPool-1-worker-7] INFO  com.intuit.karate - [print] Stads- en Dorpsgezichten
04:25:13.574 [ForkJoinPool-1-worker-7] INFO  com.intuit.karate - [print] [
  "info@cultureelerfgoed.nl",
  "info@cultureelerfgoed.nl",
  "info@cultureelerfgoed.nl"
]

04:25:13.576 [ForkJoinPool-1-worker-7] INFO  com.intuit.karate - [print] organisation: [
  "Rijksdienst voor het Cultureel Erfgoed",
  "Rijksdienst voor het Cultureel Erfgoed",
  "Rijksdienst voor het Cultureel Erfgoed"
]

04:25:13.580 [ForkJoinPool-1-worker-7] INFO  com.intuit.karate - [print] [
  "http://services.rce.geovoorziening.nl/www/download/nl.xml"
]

04:25:13.583 [ForkJoinPool-1-worker-7] INFO  com.intuit.karate - [print]
04:25:13.583 [ForkJoinPool-1-worker-7] INFO  com.intuit.karate - [print] testing xlinkurl:http://services.rce.geovoorziening.nl/www/download/nl.xml
04:25:13.687 [ForkJoinPool-1-worker-3] INFO  com.intuit.karate - [print] title:Wijk- en Buurtkaart 2017 versie 3
04:25:13.687 [ForkJoinPool-1-worker-3] INFO  com.intuit.karate - [print] Wijk- en Buurtkaart 2017 versie 3
04:25:13.689 [ForkJoinPool-1-worker-3] INFO  com.intuit.karate - [print] [
  "infoservice@cbs.nl",
  "infoservice@cbs.nl",
  "infoservice@cbs.nl",
  "",
  ""
]

04:25:13.690 [ForkJoinPool-1-worker-3] INFO  com.intuit.karate - [print] organisation: [
  "Centraal Bureau voor de Statistiek",
  "Centraal Bureau voor de Statistiek",
  "Centraal Bureau voor de Statistiek",
  "Kadaster"
]

04:25:13.694 [ForkJoinPool-1-worker-3] INFO  com.intuit.karate - [print] [
  ""
]

04:25:13.698 [ForkJoinPool-1-worker-3] INFO  com.intuit.karate - [print]
04:25:13.699 [ForkJoinPool-1-worker-3] INFO  com.intuit.karate - [print] testing xlinkurl:
04:25:13.699 [ForkJoinPool-1-worker-3] ERROR com.intuit.karate - org.apache.http.client.ClientProtocolException, http call failed after 0 milliseconds for URL: 
04:25:13.700 [ForkJoinPool-1-worker-3] ERROR com.intuit.karate - http request failed: 
org.apache.http.client.ClientProtocolException
04:25:13.700 [ForkJoinPool-1-worker-3] ERROR com.intuit.karate - feature call (loop) failed at index: 0
caller: classpath:InspireTest/ngr/datasetrecords/def/checkxlinkurl.template.feature
arg: {"link":""}
checkxlinkurl.template.feature:14 - 
org.apache.http.client.ClientProtocolException
04:25:13.738 [ForkJoinPool-1-worker-13] ERROR com.intuit.karate - status code was: 404, expected: 200, response time: 200, url: http://rdfdata.eionet.europa.eu/inspirethemes/themes/20, response: 
04:25:13.738 [ForkJoinPool-1-worker-13] ERROR com.intuit.karate - feature call (loop) failed at index: 1
caller: classpath:InspireTest/ngr/datasetrecords/def/checkxlinkurl.template.feature
arg: {"link":"http://rdfdata.eionet.europa.eu/inspirethemes/themes/20"}
checkxlinkurl.template.feature:15 - status code was: 404, expected: 200, response time: 200, url: http://rdfdata.eionet.europa.eu/inspirethemes/themes/20, response: 
04:25:13.739 [ForkJoinPool-1-worker-13] INFO  com.intuit.karate - [print]
04:25:13.739 [ForkJoinPool-1-worker-13] INFO  com.intuit.karate - [print] testing xlinkurl:https://ngr.geocat.live/geonetwork/srv/eng/thesaurus.download?ref=external.theme.httpinspireeceuropaeumetadatacodelistPrioritydataset-Prioritydataset
04:25:13.832 [ForkJoinPool-1-worker-9] INFO  com.intuit.karate - [print] title:Rijksmonumenten (verouderd)
04:25:13.832 [ForkJoinPool-1-worker-9] INFO  com.intuit.karate - [print] Rijksmonumenten (verouderd)
04:25:13.833 [ForkJoinPool-1-worker-9] INFO  com.intuit.karate - [print] [
  "info@cultureelerfgoed.nl",
  "info@cultureelerfgoed.nl"
]

04:25:13.833 [ForkJoinPool-1-worker-9] INFO  com.intuit.karate - [print] organisation: [
  "Rijksdienst voor het Cultureel Erfgoed",
  "Rijksdienst voor het Cultureel Erfgoed"
]

04:25:13.837 [ForkJoinPool-1-worker-9] INFO  com.intuit.karate - [print] [
  "http://services.rce.geovoorziening.nl/www/download/nl.xml",
  "",
  ""
]

04:25:13.842 [ForkJoinPool-1-worker-9] INFO  com.intuit.karate - [print]
04:25:13.842 [ForkJoinPool-1-worker-9] INFO  com.intuit.karate - [print] testing xlinkurl:http://services.rce.geovoorziening.nl/www/download/nl.xml
04:25:14.000 [ForkJoinPool-1-worker-5] INFO  com.intuit.karate - [print] title:Werelderfgoed
04:25:14.000 [ForkJoinPool-1-worker-5] INFO  com.intuit.karate - [print] Werelderfgoed
04:25:14.000 [ForkJoinPool-1-worker-5] INFO  com.intuit.karate - [print] [
  "info@cultureelerfgoed.nl",
  "info@cultureelerfgoed.nl",
  "info@cultureelerfgoed.nl"
]

04:25:14.001 [ForkJoinPool-1-worker-5] INFO  com.intuit.karate - [print] organisation: [
  "Rijksdienst voor het Cultureel Erfgoed",
  "Rijksdienst voor het Cultureel Erfgoed",
  "Rijksdienst voor het Cultureel Erfgoed"
]

04:25:14.004 [ForkJoinPool-1-worker-5] INFO  com.intuit.karate - [print] [
  "http://services.rce.geovoorziening.nl/www/download/nl.xml"
]

04:25:14.007 [ForkJoinPool-1-worker-5] INFO  com.intuit.karate - [print]
04:25:14.007 [ForkJoinPool-1-worker-5] INFO  com.intuit.karate - [print] testing xlinkurl:http://services.rce.geovoorziening.nl/www/download/nl.xml
04:25:14.024 [ForkJoinPool-1-worker-9] INFO  com.intuit.karate - [print]
04:25:14.024 [ForkJoinPool-1-worker-9] INFO  com.intuit.karate - [print] testing xlinkurl:
04:25:14.024 [ForkJoinPool-1-worker-9] ERROR com.intuit.karate - org.apache.http.client.ClientProtocolException, http call failed after 0 milliseconds for URL: 
04:25:14.024 [ForkJoinPool-1-worker-9] ERROR com.intuit.karate - http request failed: 
org.apache.http.client.ClientProtocolException
04:25:14.025 [ForkJoinPool-1-worker-9] ERROR com.intuit.karate - feature call (loop) failed at index: 1
caller: classpath:InspireTest/ngr/datasetrecords/def/checkxlinkurl.template.feature
arg: {"link":""}
checkxlinkurl.template.feature:14 - 
org.apache.http.client.ClientProtocolException
04:25:14.025 [ForkJoinPool-1-worker-9] INFO  com.intuit.karate - [print]
04:25:14.025 [ForkJoinPool-1-worker-9] INFO  com.intuit.karate - [print] testing xlinkurl:
04:25:14.025 [ForkJoinPool-1-worker-9] ERROR com.intuit.karate - org.apache.http.client.ClientProtocolException, http call failed after 0 milliseconds for URL: 
04:25:14.025 [ForkJoinPool-1-worker-9] ERROR com.intuit.karate - http request failed: 
org.apache.http.client.ClientProtocolException
04:25:14.025 [ForkJoinPool-1-worker-9] ERROR com.intuit.karate - feature call (loop) failed at index: 2
caller: classpath:InspireTest/ngr/datasetrecords/def/checkxlinkurl.template.feature
arg: {"link":""}
checkxlinkurl.template.feature:14 - 
org.apache.http.client.ClientProtocolException
04:25:14.041 [ForkJoinPool-1-worker-11] INFO  com.intuit.karate - [print] title:Richtlijn Overstromingsrisico - gebieden met Potentieel Significant Overstromingsrisico EU2018 vlakken
04:25:14.041 [ForkJoinPool-1-worker-11] INFO  com.intuit.karate - [print] Richtlijn Overstromingsrisico - gebieden met Potentieel Significant Overstromingsrisico EU2018 vlakken
04:25:14.042 [ForkJoinPool-1-worker-11] INFO  com.intuit.karate - [print] [
  "servicedesk-data@rijkswaterstaat.nl",
  "servicedesk-data@rijkswaterstaat.nl",
  "",
  "servicedesk-data@rijkswaterstaat.nl",
  "servicedesk-data@rijkswaterstaat.nl"
]

04:25:14.043 [ForkJoinPool-1-worker-11] INFO  com.intuit.karate - [print] organisation: [
  "Rijkswaterstaat",
  "Rijkswaterstaat",
  "",
  "Rijkswaterstaat",
  "Rijkswaterstaat"
]

04:25:14.047 [ForkJoinPool-1-worker-11] INFO  com.intuit.karate - [print] [
  "https://www.nationaalgeoregister.nl/geonetwork/srv/dut/catalog.search#/metadata/ror-9d8e-4758-83fx-28b057f185e1",
  "http://rdfdata.eionet.europa.eu/inspirethemes/themes/25",
  "https://ngr.geocat.live/geonetwork/srv/eng/thesaurus.download?ref=external.theme.httpinspireeceuropaeumetadatacodelistPrioritydataset-Prioritydataset",
  "urn:ogc:def:crs:EPSG::5709"
]

04:25:14.052 [ForkJoinPool-1-worker-11] INFO  com.intuit.karate - [print]
04:25:14.053 [ForkJoinPool-1-worker-11] INFO  com.intuit.karate - [print] testing xlinkurl:https://www.nationaalgeoregister.nl/geonetwork/srv/dut/catalog.search#/metadata/ror-9d8e-4758-83fx-28b057f185e1
04:25:14.098 [ForkJoinPool-1-worker-13] ERROR com.intuit.karate - status code was: 500, expected: 200, response time: 358, url: https://ngr.geocat.live/geonetwork/srv/eng/thesaurus.download?ref=external.theme.httpinspireeceuropaeumetadatacodelistPrioritydataset-Prioritydataset, response: 
04:25:14.098 [ForkJoinPool-1-worker-13] ERROR com.intuit.karate - feature call (loop) failed at index: 2
caller: classpath:InspireTest/ngr/datasetrecords/def/checkxlinkurl.template.feature
arg: {"link":"https://ngr.geocat.live/geonetwork/srv/eng/thesaurus.download?ref=external.theme.httpinspireeceuropaeumetadatacodelistPrioritydataset-Prioritydataset"}
checkxlinkurl.template.feature:15 - status code was: 500, expected: 200, response time: 358, url: https://ngr.geocat.live/geonetwork/srv/eng/thesaurus.download?ref=external.theme.httpinspireeceuropaeumetadatacodelistPrioritydataset-Prioritydataset, response: 
04:25:14.259 [ForkJoinPool-1-worker-3] INFO  com.intuit.karate - [print] title:Richtlijn Overstromingsrisico - historische overstromingen EU2018
04:25:14.259 [ForkJoinPool-1-worker-3] INFO  com.intuit.karate - [print] Richtlijn Overstromingsrisico - historische overstromingen EU2018
04:25:14.260 [ForkJoinPool-1-worker-3] INFO  com.intuit.karate - [print] [
  "servicedesk-data@rijkswaterstaat.nl",
  "servicedesk-data@rijkswaterstaat.nl",
  "",
  "servicedesk-data@rijkswaterstaat.nl",
  "servicedesk-data@rijkswaterstaat.nl"
]

04:25:14.262 [ForkJoinPool-1-worker-3] INFO  com.intuit.karate - [print] organisation: [
  "Rijkswaterstaat",
  "Rijkswaterstaat",
  "",
  "Rijkswaterstaat",
  "Rijkswaterstaat"
]

04:25:14.268 [ForkJoinPool-1-worker-3] INFO  com.intuit.karate - [print] [
  "https://www.nationaalgeoregister.nl/geonetwork/srv/dut/catalog.search#/metadata/ror-9d8e-4758-83fx-28b057f185f1",
  "http://rdfdata.eionet.europa.eu/inspirethemes/themes/25",
  "https://ngr.geocat.live/geonetwork/srv/eng/thesaurus.download?ref=external.theme.httpinspireeceuropaeumetadatacodelistPrioritydataset-Prioritydataset",
  "urn:ogc:def:crs:EPSG::5709"
]

04:25:14.273 [ForkJoinPool-1-worker-3] INFO  com.intuit.karate - [print]
04:25:14.274 [ForkJoinPool-1-worker-3] INFO  com.intuit.karate - [print] testing xlinkurl:https://www.nationaalgeoregister.nl/geonetwork/srv/dut/catalog.search#/metadata/ror-9d8e-4758-83fx-28b057f185f1
04:25:14.365 [ForkJoinPool-1-worker-11] INFO  com.intuit.karate - [print]
04:25:14.366 [ForkJoinPool-1-worker-11] INFO  com.intuit.karate - [print] testing xlinkurl:http://rdfdata.eionet.europa.eu/inspirethemes/themes/25
04:25:14.372 [ForkJoinPool-1-worker-7] INFO  com.intuit.karate - [print] title:Richtlijn Stedelijk Afvalwater - rioolwaterzuiveringsinstallaties Nederland EU2015
04:25:14.372 [ForkJoinPool-1-worker-7] INFO  com.intuit.karate - [print] Richtlijn Stedelijk Afvalwater - rioolwaterzuiveringsinstallaties Nederland EU2015
04:25:14.374 [ForkJoinPool-1-worker-7] INFO  com.intuit.karate - [print] [
  "servicedesk-data@rijkswaterstaat.nl",
  "servicedesk-data@rijkswaterstaat.nl",
  "",
  "servicedesk-data@rijkswaterstaat.nl",
  "servicedesk-data@rijkswaterstaat.nl"
]

04:25:14.376 [ForkJoinPool-1-worker-7] INFO  com.intuit.karate - [print] organisation: [
  "Rijkswaterstaat",
  "Rijkswaterstaat",
  "",
  "Rijkswaterstaat",
  "Rijkswaterstaat"
]

04:25:14.380 [ForkJoinPool-1-worker-7] INFO  com.intuit.karate - [print] [
  "https://www.nationaalgeoregister.nl/geonetwork/srv/dut/catalog.search#/metadata/uwwtd-9d8e-4758-83fa-28b057f185e3",
  "http://rdfdata.eionet.europa.eu/inspirethemes/themes/24",
  "https://ngr.geocat.live/geonetwork/srv/eng/thesaurus.download?ref=external.theme.httpinspireeceuropaeumetadatacodelistPrioritydataset-Prioritydataset",
  "urn:ogc:def:crs:EPSG::5709"
]

04:25:14.384 [ForkJoinPool-1-worker-7] INFO  com.intuit.karate - [print]
04:25:14.385 [ForkJoinPool-1-worker-7] INFO  com.intuit.karate - [print] testing xlinkurl:https://www.nationaalgeoregister.nl/geonetwork/srv/dut/catalog.search#/metadata/uwwtd-9d8e-4758-83fa-28b057f185e3
04:25:14.560 [ForkJoinPool-1-worker-9] INFO  com.intuit.karate - [print] title:Richtlijn Stedelijk Afvalwater - lozingspunten Nederland EU2015
04:25:14.561 [ForkJoinPool-1-worker-9] INFO  com.intuit.karate - [print] Richtlijn Stedelijk Afvalwater - lozingspunten Nederland EU2015
04:25:14.562 [ForkJoinPool-1-worker-9] INFO  com.intuit.karate - [print] [
  "servicedesk-data@rijkswaterstaat.nl",
  "servicedesk-data@rijkswaterstaat.nl",
  "",
  "servicedesk-data@rijkswaterstaat.nl",
  "servicedesk-data@rijkswaterstaat.nl"
]

04:25:14.566 [ForkJoinPool-1-worker-11] ERROR com.intuit.karate - status code was: 404, expected: 200, response time: 200, url: http://rdfdata.eionet.europa.eu/inspirethemes/themes/25, response: 
04:25:14.567 [ForkJoinPool-1-worker-11] ERROR com.intuit.karate - feature call (loop) failed at index: 1
caller: classpath:InspireTest/ngr/datasetrecords/def/checkxlinkurl.template.feature
arg: {"link":"http://rdfdata.eionet.europa.eu/inspirethemes/themes/25"}
checkxlinkurl.template.feature:15 - status code was: 404, expected: 200, response time: 200, url: http://rdfdata.eionet.europa.eu/inspirethemes/themes/25, response: 
04:25:14.568 [ForkJoinPool-1-worker-11] INFO  com.intuit.karate - [print]
04:25:14.568 [ForkJoinPool-1-worker-11] INFO  com.intuit.karate - [print] testing xlinkurl:https://ngr.geocat.live/geonetwork/srv/eng/thesaurus.download?ref=external.theme.httpinspireeceuropaeumetadatacodelistPrioritydataset-Prioritydataset
04:25:14.572 [ForkJoinPool-1-worker-9] INFO  com.intuit.karate - [print] organisation: [
  "Rijkswaterstaat",
  "Rijkswaterstaat",
  "",
  "Rijkswaterstaat",
  "Rijkswaterstaat"
]

04:25:14.579 [ForkJoinPool-1-worker-9] INFO  com.intuit.karate - [print] [
  "https://www.nationaalgeoregister.nl/geonetwork/srv/dut/catalog.search#/metadata/uwwtd-9d8e-4758-83fa-28b057f185e2",
  "http://rdfdata.eionet.europa.eu/inspirethemes/themes/24",
  "https://ngr.geocat.live/geonetwork/srv/eng/thesaurus.download?ref=external.theme.httpinspireeceuropaeumetadatacodelistPrioritydataset-Prioritydataset",
  "urn:ogc:def:crs:EPSG::5709"
]

04:25:14.584 [ForkJoinPool-1-worker-9] INFO  com.intuit.karate - [print]
04:25:14.585 [ForkJoinPool-1-worker-9] INFO  com.intuit.karate - [print] testing xlinkurl:https://www.nationaalgeoregister.nl/geonetwork/srv/dut/catalog.search#/metadata/uwwtd-9d8e-4758-83fa-28b057f185e2
04:25:14.590 [ForkJoinPool-1-worker-3] INFO  com.intuit.karate - [print]
04:25:14.590 [ForkJoinPool-1-worker-3] INFO  com.intuit.karate - [print] testing xlinkurl:http://rdfdata.eionet.europa.eu/inspirethemes/themes/25
04:25:14.652 [ForkJoinPool-1-worker-13] INFO  com.intuit.karate - [print] title:Richtlijn Stedelijk Afvalwater - agglomeraties Nederland EU2015
04:25:14.652 [ForkJoinPool-1-worker-13] INFO  com.intuit.karate - [print] Richtlijn Stedelijk Afvalwater - agglomeraties Nederland EU2015
04:25:14.654 [ForkJoinPool-1-worker-13] INFO  com.intuit.karate - [print] [
  "servicedesk-data@rijkswaterstaat.nl",
  "servicedesk-data@rijkswaterstaat.nl",
  "",
  "servicedesk-data@rijkswaterstaat.nl",
  "servicedesk-data@rijkswaterstaat.nl"
]

04:25:14.656 [ForkJoinPool-1-worker-13] INFO  com.intuit.karate - [print] organisation: [
  "Rijkswaterstaat",
  "Rijkswaterstaat",
  "",
  "Rijkswaterstaat",
  "Rijkswaterstaat"
]

04:25:14.661 [ForkJoinPool-1-worker-13] INFO  com.intuit.karate - [print] [
  "https://www.nationaalgeoregister.nl/geonetwork/srv/dut/catalog.search#/metadata/uwwtd-9d8e-4758-83fa-28b057f185e1",
  "http://rdfdata.eionet.europa.eu/inspirethemes/themes/24",
  "https://ngr.geocat.live/geonetwork/srv/eng/thesaurus.download?ref=external.theme.httpinspireeceuropaeumetadatacodelistPrioritydataset-Prioritydataset",
  "urn:ogc:def:crs:EPSG::5709"
]

04:25:14.667 [ForkJoinPool-1-worker-13] INFO  com.intuit.karate - [print]
04:25:14.667 [ForkJoinPool-1-worker-13] INFO  com.intuit.karate - [print] testing xlinkurl:https://www.nationaalgeoregister.nl/geonetwork/srv/dut/catalog.search#/metadata/uwwtd-9d8e-4758-83fa-28b057f185e1
04:25:14.706 [ForkJoinPool-1-worker-7] INFO  com.intuit.karate - [print]
04:25:14.706 [ForkJoinPool-1-worker-7] INFO  com.intuit.karate - [print] testing xlinkurl:http://rdfdata.eionet.europa.eu/inspirethemes/themes/24
04:25:14.734 [ForkJoinPool-1-worker-5] INFO  com.intuit.karate - [print] title:Gebiedsbeheer, gebieden waar beperkingen gelden, gereguleerde gebieden en rapportage-eenheden - Provincies (INSPIRE geharmoniseerd)
04:25:14.734 [ForkJoinPool-1-worker-5] INFO  com.intuit.karate - [print] Gebiedsbeheer, gebieden waar beperkingen gelden, gereguleerde gebieden en rapportage-eenheden - Provincies (INSPIRE geharmoniseerd)
04:25:14.734 [ForkJoinPool-1-worker-5] INFO  com.intuit.karate - [print] [
  "inspire@gbo-provincies.nl",
  "inspire@gbo-provincies.nl",
  "inspire@gbo-provincies.nl"
]

04:25:14.737 [ForkJoinPool-1-worker-5] INFO  com.intuit.karate - [print] organisation: [
  "Interprovinciaal Overleg",
  "Interprovinciaal Overleg",
  "Interprovinciaal Overleg"
]

04:25:14.741 [ForkJoinPool-1-worker-5] INFO  com.intuit.karate - [print] [
  "http://www.opengis.net/def/crs/EPSG/0/http://www.opengis.net/def/crs/EPSG/0/3034",
  "http://nationaalgeoregister.nl/geonetwork/srv/dut/csw?SERVICE=CSW&version=2.0.2&REQUEST=GetRecordById&elementSetName=full&OutputSchema=http://www.isotc211.org/2005/gmd&ID=0f128799-cf18-4b37-a721-e62b068191f5",
  "https://creativecommons.org/publicdomain/mark/*/deed.nl",
  ""
]

04:25:14.744 [ForkJoinPool-1-worker-5] INFO  com.intuit.karate - [print]
04:25:14.744 [ForkJoinPool-1-worker-5] INFO  com.intuit.karate - [print] testing xlinkurl:http://www.opengis.net/def/crs/EPSG/0/http://www.opengis.net/def/crs/EPSG/0/3034
04:25:14.790 [ForkJoinPool-1-worker-3] ERROR com.intuit.karate - status code was: 404, expected: 200, response time: 199, url: http://rdfdata.eionet.europa.eu/inspirethemes/themes/25, response: 
04:25:14.790 [ForkJoinPool-1-worker-3] ERROR com.intuit.karate - feature call (loop) failed at index: 1
caller: classpath:InspireTest/ngr/datasetrecords/def/checkxlinkurl.template.feature
arg: {"link":"http://rdfdata.eionet.europa.eu/inspirethemes/themes/25"}
checkxlinkurl.template.feature:15 - status code was: 404, expected: 200, response time: 199, url: http://rdfdata.eionet.europa.eu/inspirethemes/themes/25, response: 
04:25:14.790 [ForkJoinPool-1-worker-3] INFO  com.intuit.karate - [print]
04:25:14.791 [ForkJoinPool-1-worker-3] INFO  com.intuit.karate - [print] testing xlinkurl:https://ngr.geocat.live/geonetwork/srv/eng/thesaurus.download?ref=external.theme.httpinspireeceuropaeumetadatacodelistPrioritydataset-Prioritydataset
04:25:14.879 [ForkJoinPool-1-worker-11] ERROR com.intuit.karate - status code was: 500, expected: 200, response time: 311, url: https://ngr.geocat.live/geonetwork/srv/eng/thesaurus.download?ref=external.theme.httpinspireeceuropaeumetadatacodelistPrioritydataset-Prioritydataset, response: 
04:25:14.880 [ForkJoinPool-1-worker-11] ERROR com.intuit.karate - feature call (loop) failed at index: 2
caller: classpath:InspireTest/ngr/datasetrecords/def/checkxlinkurl.template.feature
arg: {"link":"https://ngr.geocat.live/geonetwork/srv/eng/thesaurus.download?ref=external.theme.httpinspireeceuropaeumetadatacodelistPrioritydataset-Prioritydataset"}
checkxlinkurl.template.feature:15 - status code was: 500, expected: 200, response time: 311, url: https://ngr.geocat.live/geonetwork/srv/eng/thesaurus.download?ref=external.theme.httpinspireeceuropaeumetadatacodelistPrioritydataset-Prioritydataset, response: 
04:25:14.881 [ForkJoinPool-1-worker-11] INFO  com.intuit.karate - [print]
04:25:14.883 [ForkJoinPool-1-worker-11] INFO  com.intuit.karate - [print] testing xlinkurl:urn:ogc:def:crs:EPSG::5709
04:25:14.884 [ForkJoinPool-1-worker-11] ERROR com.intuit.karate - org.apache.http.client.ClientProtocolException: URI does not specify a valid host name: urn:ogc:def:crs:EPSG::5709, http call failed after 0 milliseconds for URL: urn:ogc:def:crs:EPSG::5709
04:25:14.884 [ForkJoinPool-1-worker-11] ERROR com.intuit.karate - http request failed: 
org.apache.http.client.ClientProtocolException: URI does not specify a valid host name: urn:ogc:def:crs:EPSG::5709
04:25:14.884 [ForkJoinPool-1-worker-11] ERROR com.intuit.karate - feature call (loop) failed at index: 3
caller: classpath:InspireTest/ngr/datasetrecords/def/checkxlinkurl.template.feature
arg: {"link":"urn:ogc:def:crs:EPSG::5709"}
checkxlinkurl.template.feature:14 - 
org.apache.http.client.ClientProtocolException: URI does not specify a valid host name: urn:ogc:def:crs:EPSG::5709
04:25:14.894 [ForkJoinPool-1-worker-9] INFO  com.intuit.karate - [print]
04:25:14.894 [ForkJoinPool-1-worker-9] INFO  com.intuit.karate - [print] testing xlinkurl:http://rdfdata.eionet.europa.eu/inspirethemes/themes/24
04:25:14.906 [ForkJoinPool-1-worker-7] ERROR com.intuit.karate - status code was: 404, expected: 200, response time: 199, url: http://rdfdata.eionet.europa.eu/inspirethemes/themes/24, response: 
04:25:14.906 [ForkJoinPool-1-worker-7] ERROR com.intuit.karate - feature call (loop) failed at index: 1
caller: classpath:InspireTest/ngr/datasetrecords/def/checkxlinkurl.template.feature
arg: {"link":"http://rdfdata.eionet.europa.eu/inspirethemes/themes/24"}
checkxlinkurl.template.feature:15 - status code was: 404, expected: 200, response time: 199, url: http://rdfdata.eionet.europa.eu/inspirethemes/themes/24, response: 
04:25:14.907 [ForkJoinPool-1-worker-7] INFO  com.intuit.karate - [print]
04:25:14.907 [ForkJoinPool-1-worker-7] INFO  com.intuit.karate - [print] testing xlinkurl:https://ngr.geocat.live/geonetwork/srv/eng/thesaurus.download?ref=external.theme.httpinspireeceuropaeumetadatacodelistPrioritydataset-Prioritydataset
04:25:14.978 [ForkJoinPool-1-worker-13] INFO  com.intuit.karate - [print]
04:25:14.978 [ForkJoinPool-1-worker-13] INFO  com.intuit.karate - [print] testing xlinkurl:http://rdfdata.eionet.europa.eu/inspirethemes/themes/24
04:25:15.094 [ForkJoinPool-1-worker-9] ERROR com.intuit.karate - status code was: 404, expected: 200, response time: 200, url: http://rdfdata.eionet.europa.eu/inspirethemes/themes/24, response: 
04:25:15.094 [ForkJoinPool-1-worker-9] ERROR com.intuit.karate - feature call (loop) failed at index: 1
caller: classpath:InspireTest/ngr/datasetrecords/def/checkxlinkurl.template.feature
arg: {"link":"http://rdfdata.eionet.europa.eu/inspirethemes/themes/24"}
checkxlinkurl.template.feature:15 - status code was: 404, expected: 200, response time: 200, url: http://rdfdata.eionet.europa.eu/inspirethemes/themes/24, response: 
04:25:15.096 [ForkJoinPool-1-worker-9] INFO  com.intuit.karate - [print]
04:25:15.096 [ForkJoinPool-1-worker-9] INFO  com.intuit.karate - [print] testing xlinkurl:https://ngr.geocat.live/geonetwork/srv/eng/thesaurus.download?ref=external.theme.httpinspireeceuropaeumetadatacodelistPrioritydataset-Prioritydataset
04:25:15.102 [ForkJoinPool-1-worker-3] ERROR com.intuit.karate - status code was: 500, expected: 200, response time: 311, url: https://ngr.geocat.live/geonetwork/srv/eng/thesaurus.download?ref=external.theme.httpinspireeceuropaeumetadatacodelistPrioritydataset-Prioritydataset, response: 
04:25:15.102 [ForkJoinPool-1-worker-3] ERROR com.intuit.karate - feature call (loop) failed at index: 2
caller: classpath:InspireTest/ngr/datasetrecords/def/checkxlinkurl.template.feature
arg: {"link":"https://ngr.geocat.live/geonetwork/srv/eng/thesaurus.download?ref=external.theme.httpinspireeceuropaeumetadatacodelistPrioritydataset-Prioritydataset"}
checkxlinkurl.template.feature:15 - status code was: 500, expected: 200, response time: 311, url: https://ngr.geocat.live/geonetwork/srv/eng/thesaurus.download?ref=external.theme.httpinspireeceuropaeumetadatacodelistPrioritydataset-Prioritydataset, response: 
04:25:15.103 [ForkJoinPool-1-worker-3] INFO  com.intuit.karate - [print]
04:25:15.103 [ForkJoinPool-1-worker-3] INFO  com.intuit.karate - [print] testing xlinkurl:urn:ogc:def:crs:EPSG::5709
04:25:15.103 [ForkJoinPool-1-worker-3] ERROR com.intuit.karate - org.apache.http.client.ClientProtocolException: URI does not specify a valid host name: urn:ogc:def:crs:EPSG::5709, http call failed after 0 milliseconds for URL: urn:ogc:def:crs:EPSG::5709
04:25:15.103 [ForkJoinPool-1-worker-3] ERROR com.intuit.karate - http request failed: 
org.apache.http.client.ClientProtocolException: URI does not specify a valid host name: urn:ogc:def:crs:EPSG::5709
04:25:15.103 [ForkJoinPool-1-worker-3] ERROR com.intuit.karate - feature call (loop) failed at index: 3
caller: classpath:InspireTest/ngr/datasetrecords/def/checkxlinkurl.template.feature
arg: {"link":"urn:ogc:def:crs:EPSG::5709"}
checkxlinkurl.template.feature:14 - 
org.apache.http.client.ClientProtocolException: URI does not specify a valid host name: urn:ogc:def:crs:EPSG::5709
04:25:15.178 [ForkJoinPool-1-worker-13] ERROR com.intuit.karate - status code was: 404, expected: 200, response time: 200, url: http://rdfdata.eionet.europa.eu/inspirethemes/themes/24, response: 
04:25:15.178 [ForkJoinPool-1-worker-13] ERROR com.intuit.karate - feature call (loop) failed at index: 1
caller: classpath:InspireTest/ngr/datasetrecords/def/checkxlinkurl.template.feature
arg: {"link":"http://rdfdata.eionet.europa.eu/inspirethemes/themes/24"}
checkxlinkurl.template.feature:15 - status code was: 404, expected: 200, response time: 200, url: http://rdfdata.eionet.europa.eu/inspirethemes/themes/24, response: 
04:25:15.179 [ForkJoinPool-1-worker-13] INFO  com.intuit.karate - [print]
04:25:15.180 [ForkJoinPool-1-worker-13] INFO  com.intuit.karate - [print] testing xlinkurl:https://ngr.geocat.live/geonetwork/srv/eng/thesaurus.download?ref=external.theme.httpinspireeceuropaeumetadatacodelistPrioritydataset-Prioritydataset
04:25:15.213 [ForkJoinPool-1-worker-7] ERROR com.intuit.karate - status code was: 500, expected: 200, response time: 305, url: https://ngr.geocat.live/geonetwork/srv/eng/thesaurus.download?ref=external.theme.httpinspireeceuropaeumetadatacodelistPrioritydataset-Prioritydataset, response: 
04:25:15.213 [ForkJoinPool-1-worker-7] ERROR com.intuit.karate - feature call (loop) failed at index: 2
caller: classpath:InspireTest/ngr/datasetrecords/def/checkxlinkurl.template.feature
arg: {"link":"https://ngr.geocat.live/geonetwork/srv/eng/thesaurus.download?ref=external.theme.httpinspireeceuropaeumetadatacodelistPrioritydataset-Prioritydataset"}
checkxlinkurl.template.feature:15 - status code was: 500, expected: 200, response time: 305, url: https://ngr.geocat.live/geonetwork/srv/eng/thesaurus.download?ref=external.theme.httpinspireeceuropaeumetadatacodelistPrioritydataset-Prioritydataset, response: 
04:25:15.215 [ForkJoinPool-1-worker-7] INFO  com.intuit.karate - [print]
04:25:15.215 [ForkJoinPool-1-worker-7] INFO  com.intuit.karate - [print] testing xlinkurl:urn:ogc:def:crs:EPSG::5709
04:25:15.215 [ForkJoinPool-1-worker-7] ERROR com.intuit.karate - org.apache.http.client.ClientProtocolException: URI does not specify a valid host name: urn:ogc:def:crs:EPSG::5709, http call failed after 0 milliseconds for URL: urn:ogc:def:crs:EPSG::5709
04:25:15.216 [ForkJoinPool-1-worker-7] ERROR com.intuit.karate - http request failed: 
org.apache.http.client.ClientProtocolException: URI does not specify a valid host name: urn:ogc:def:crs:EPSG::5709
04:25:15.216 [ForkJoinPool-1-worker-7] ERROR com.intuit.karate - feature call (loop) failed at index: 3
caller: classpath:InspireTest/ngr/datasetrecords/def/checkxlinkurl.template.feature
arg: {"link":"urn:ogc:def:crs:EPSG::5709"}
checkxlinkurl.template.feature:14 - 
org.apache.http.client.ClientProtocolException: URI does not specify a valid host name: urn:ogc:def:crs:EPSG::5709
04:25:15.306 [ForkJoinPool-1-worker-5] INFO  com.intuit.karate - [print]
04:25:15.306 [ForkJoinPool-1-worker-5] INFO  com.intuit.karate - [print] testing xlinkurl:http://nationaalgeoregister.nl/geonetwork/srv/dut/csw?SERVICE=CSW&version=2.0.2&REQUEST=GetRecordById&elementSetName=full&OutputSchema=http://www.isotc211.org/2005/gmd&ID=0f128799-cf18-4b37-a721-e62b068191f5
04:25:15.387 [ForkJoinPool-1-worker-11] INFO  com.intuit.karate - [print] title:Adressen
04:25:15.387 [ForkJoinPool-1-worker-11] INFO  com.intuit.karate - [print] Adressen
04:25:15.388 [ForkJoinPool-1-worker-11] INFO  com.intuit.karate - [print] [
  "PPB-GVA@kadaster.nl",
  "kcc@kadaster.nl",
  "kcc@kadaster.nl"
]

04:25:15.389 [ForkJoinPool-1-worker-11] INFO  com.intuit.karate - [print] organisation: [
  "Kadaster",
  "Kadaster",
  "Kadaster"
]

04:25:15.394 [ForkJoinPool-1-worker-11] INFO  com.intuit.karate - [print] [
  "http://kadaster/06b6c650-cdb1-11dd-ad8b-0800200c9a77"
]

04:25:15.398 [ForkJoinPool-1-worker-11] INFO  com.intuit.karate - [print]
04:25:15.398 [ForkJoinPool-1-worker-11] INFO  com.intuit.karate - [print] testing xlinkurl:http://kadaster/06b6c650-cdb1-11dd-ad8b-0800200c9a77
04:25:15.400 [ForkJoinPool-1-worker-11] ERROR com.intuit.karate - java.net.UnknownHostException: kadaster, http call failed after 0 milliseconds for URL: http://kadaster/06b6c650-cdb1-11dd-ad8b-0800200c9a77
04:25:15.401 [ForkJoinPool-1-worker-11] ERROR com.intuit.karate - http request failed: 
java.net.UnknownHostException: kadaster
04:25:15.401 [ForkJoinPool-1-worker-11] ERROR com.intuit.karate - feature call (loop) failed at index: 0
caller: classpath:InspireTest/ngr/datasetrecords/def/checkxlinkurl.template.feature
arg: {"link":"http://kadaster/06b6c650-cdb1-11dd-ad8b-0800200c9a77"}
checkxlinkurl.template.feature:14 - 
java.net.UnknownHostException: kadaster
04:25:15.404 [ForkJoinPool-1-worker-9] ERROR com.intuit.karate - status code was: 500, expected: 200, response time: 308, url: https://ngr.geocat.live/geonetwork/srv/eng/thesaurus.download?ref=external.theme.httpinspireeceuropaeumetadatacodelistPrioritydataset-Prioritydataset, response: 
04:25:15.404 [ForkJoinPool-1-worker-9] ERROR com.intuit.karate - feature call (loop) failed at index: 2
caller: classpath:InspireTest/ngr/datasetrecords/def/checkxlinkurl.template.feature
arg: {"link":"https://ngr.geocat.live/geonetwork/srv/eng/thesaurus.download?ref=external.theme.httpinspireeceuropaeumetadatacodelistPrioritydataset-Prioritydataset"}
checkxlinkurl.template.feature:15 - status code was: 500, expected: 200, response time: 308, url: https://ngr.geocat.live/geonetwork/srv/eng/thesaurus.download?ref=external.theme.httpinspireeceuropaeumetadatacodelistPrioritydataset-Prioritydataset, response: 
04:25:15.405 [ForkJoinPool-1-worker-9] INFO  com.intuit.karate - [print]
04:25:15.405 [ForkJoinPool-1-worker-9] INFO  com.intuit.karate - [print] testing xlinkurl:urn:ogc:def:crs:EPSG::5709
04:25:15.405 [ForkJoinPool-1-worker-9] ERROR com.intuit.karate - org.apache.http.client.ClientProtocolException: URI does not specify a valid host name: urn:ogc:def:crs:EPSG::5709, http call failed after 0 milliseconds for URL: urn:ogc:def:crs:EPSG::5709
04:25:15.405 [ForkJoinPool-1-worker-9] ERROR com.intuit.karate - http request failed: 
org.apache.http.client.ClientProtocolException: URI does not specify a valid host name: urn:ogc:def:crs:EPSG::5709
04:25:15.405 [ForkJoinPool-1-worker-9] ERROR com.intuit.karate - feature call (loop) failed at index: 3
caller: classpath:InspireTest/ngr/datasetrecords/def/checkxlinkurl.template.feature
arg: {"link":"urn:ogc:def:crs:EPSG::5709"}
checkxlinkurl.template.feature:14 - 
org.apache.http.client.ClientProtocolException: URI does not specify a valid host name: urn:ogc:def:crs:EPSG::5709
04:25:15.497 [ForkJoinPool-1-worker-13] ERROR com.intuit.karate - status code was: 500, expected: 200, response time: 316, url: https://ngr.geocat.live/geonetwork/srv/eng/thesaurus.download?ref=external.theme.httpinspireeceuropaeumetadatacodelistPrioritydataset-Prioritydataset, response: 
04:25:15.497 [ForkJoinPool-1-worker-13] ERROR com.intuit.karate - feature call (loop) failed at index: 2
caller: classpath:InspireTest/ngr/datasetrecords/def/checkxlinkurl.template.feature
arg: {"link":"https://ngr.geocat.live/geonetwork/srv/eng/thesaurus.download?ref=external.theme.httpinspireeceuropaeumetadatacodelistPrioritydataset-Prioritydataset"}
checkxlinkurl.template.feature:15 - status code was: 500, expected: 200, response time: 316, url: https://ngr.geocat.live/geonetwork/srv/eng/thesaurus.download?ref=external.theme.httpinspireeceuropaeumetadatacodelistPrioritydataset-Prioritydataset, response: 
04:25:15.498 [ForkJoinPool-1-worker-13] INFO  com.intuit.karate - [print]
04:25:15.498 [ForkJoinPool-1-worker-13] INFO  com.intuit.karate - [print] testing xlinkurl:urn:ogc:def:crs:EPSG::5709
04:25:15.498 [ForkJoinPool-1-worker-13] ERROR com.intuit.karate - org.apache.http.client.ClientProtocolException: URI does not specify a valid host name: urn:ogc:def:crs:EPSG::5709, http call failed after 0 milliseconds for URL: urn:ogc:def:crs:EPSG::5709
04:25:15.498 [ForkJoinPool-1-worker-13] ERROR com.intuit.karate - http request failed: 
org.apache.http.client.ClientProtocolException: URI does not specify a valid host name: urn:ogc:def:crs:EPSG::5709
04:25:15.498 [ForkJoinPool-1-worker-13] ERROR com.intuit.karate - feature call (loop) failed at index: 3
caller: classpath:InspireTest/ngr/datasetrecords/def/checkxlinkurl.template.feature
arg: {"link":"urn:ogc:def:crs:EPSG::5709"}
checkxlinkurl.template.feature:14 - 
org.apache.http.client.ClientProtocolException: URI does not specify a valid host name: urn:ogc:def:crs:EPSG::5709
04:25:15.673 [ForkJoinPool-1-worker-3] INFO  com.intuit.karate - [print] title:Vervoersnetwerken - Waterwegen (INSPIRE geharmoniseerd)
04:25:15.673 [ForkJoinPool-1-worker-3] INFO  com.intuit.karate - [print] Vervoersnetwerken - Waterwegen (INSPIRE geharmoniseerd)
04:25:15.674 [ForkJoinPool-1-worker-3] INFO  com.intuit.karate - [print] [
  "PPB-GVA@kadaster.nl",
  "kcc@kadaster.nl"
]

04:25:15.675 [ForkJoinPool-1-worker-3] INFO  com.intuit.karate - [print] organisation: [
  "Kadaster",
  "Kadaster"
]

04:25:15.678 [ForkJoinPool-1-worker-3] INFO  com.intuit.karate - [print] [
  "http://www.opengis.net/def/crs/EPSG/0/http://www.opengis.net/def/crs/EPSG/0/4258",
  "http://kadaster/ff1d6d44-aea1-4ad5-b084-9afea143f1bf"
]

04:25:15.681 [ForkJoinPool-1-worker-3] INFO  com.intuit.karate - [print]
04:25:15.682 [ForkJoinPool-1-worker-3] INFO  com.intuit.karate - [print] testing xlinkurl:http://www.opengis.net/def/crs/EPSG/0/http://www.opengis.net/def/crs/EPSG/0/4258
04:25:15.757 [ForkJoinPool-1-worker-7] INFO  com.intuit.karate - [print] title:Zwemwaterkwaliteit (provinciaal en Rijkswateren) uit {Zwemwaterregister}
04:25:15.758 [ForkJoinPool-1-worker-7] INFO  com.intuit.karate - [print] Zwemwaterkwaliteit (provinciaal en Rijkswateren) uit {Zwemwaterregister}
04:25:15.758 [ForkJoinPool-1-worker-7] INFO  com.intuit.karate - [print] [
  "inspire@gbo-provincies.nl",
  "inspire@gbo-provincies.nl",
  "inspire@gbo-provincies.nl"
]

04:25:15.759 [ForkJoinPool-1-worker-7] INFO  com.intuit.karate - [print] organisation: [
  "Interprovinciaal Overleg",
  "Interprovinciaal Overleg",
  "Interprovinciaal Overleg"
]

04:25:15.762 [ForkJoinPool-1-worker-7] INFO  com.intuit.karate - [print] [
  "http://nationaalgeoregister.nl/geonetwork/srv/dut/csw?SERVICE=CSW&version=2.0.2&REQUEST=GetRecordById&elementSetName=full&OutputSchema=http://www.isotc211.org/2005/gmd&ID=df5ee213-e1bd-433b-80f7-4ea20f493ca8",
  "https://creativecommons.org/publicdomain/mark/*/deed.nl",
  ""
]

04:25:15.769 [ForkJoinPool-1-worker-7] INFO  com.intuit.karate - [print]
04:25:15.769 [ForkJoinPool-1-worker-7] INFO  com.intuit.karate - [print] testing xlinkurl:http://nationaalgeoregister.nl/geonetwork/srv/dut/csw?SERVICE=CSW&version=2.0.2&REQUEST=GetRecordById&elementSetName=full&OutputSchema=http://www.isotc211.org/2005/gmd&ID=df5ee213-e1bd-433b-80f7-4ea20f493ca8
04:25:15.805 [ForkJoinPool-1-worker-5] INFO  com.intuit.karate - [print]
04:25:15.805 [ForkJoinPool-1-worker-5] INFO  com.intuit.karate - [print] testing xlinkurl:https://creativecommons.org/publicdomain/mark/*/deed.nl
04:25:15.836 [ForkJoinPool-1-worker-5] ERROR com.intuit.karate - status code was: 404, expected: 200, response time: 30, url: https://creativecommons.org/publicdomain/mark/*/deed.nl, response: 
04:25:15.836 [ForkJoinPool-1-worker-5] ERROR com.intuit.karate - feature call (loop) failed at index: 2
caller: classpath:InspireTest/ngr/datasetrecords/def/checkxlinkurl.template.feature
arg: {"link":"https://creativecommons.org/publicdomain/mark/*/deed.nl"}
checkxlinkurl.template.feature:15 - status code was: 404, expected: 200, response time: 30, url: https://creativecommons.org/publicdomain/mark/*/deed.nl, response: 
04:25:15.837 [ForkJoinPool-1-worker-5] INFO  com.intuit.karate - [print]
04:25:15.837 [ForkJoinPool-1-worker-5] INFO  com.intuit.karate - [print] testing xlinkurl:
04:25:15.837 [ForkJoinPool-1-worker-5] ERROR com.intuit.karate - org.apache.http.client.ClientProtocolException, http call failed after 0 milliseconds for URL: 
04:25:15.838 [ForkJoinPool-1-worker-5] ERROR com.intuit.karate - http request failed: 
org.apache.http.client.ClientProtocolException
04:25:15.838 [ForkJoinPool-1-worker-5] ERROR com.intuit.karate - feature call (loop) failed at index: 3
caller: classpath:InspireTest/ngr/datasetrecords/def/checkxlinkurl.template.feature
arg: {"link":""}
checkxlinkurl.template.feature:14 - 
org.apache.http.client.ClientProtocolException
04:25:15.943 [ForkJoinPool-1-worker-9] INFO  com.intuit.karate - [print] title:BRO REGIS II Hydrogeologisch model (HGM)
04:25:15.943 [ForkJoinPool-1-worker-9] INFO  com.intuit.karate - [print] BRO REGIS II Hydrogeologisch model (HGM)
04:25:15.944 [ForkJoinPool-1-worker-9] INFO  com.intuit.karate - [print] [
  "info@bro.nl",
  "info@bro.nl",
  "info@dinoloket.nl"
]

04:25:15.945 [ForkJoinPool-1-worker-9] INFO  com.intuit.karate - [print] organisation: [
  "TNO Geologische Dienst Nederland",
  "TNO Geologische Dienst Nederland",
  "TNO Geologische Dienst Nederland"
]

04:25:15.954 [ForkJoinPool-1-worker-9] INFO  com.intuit.karate - [print] [
  "http://www.opengis.net/def/crs/EPSG/0/NAP",
  "https://ngr.acceptatie.nationaalgeoregister.nl/geonetwork/srv/resourcesd72ddff0-2724-11e2-81c1-0800200c9a66"
]

04:25:15.959 [ForkJoinPool-1-worker-9] INFO  com.intuit.karate - [print]
04:25:15.959 [ForkJoinPool-1-worker-9] INFO  com.intuit.karate - [print] testing xlinkurl:http://www.opengis.net/def/crs/EPSG/0/NAP
04:25:15.981 [ForkJoinPool-1-worker-3] INFO  com.intuit.karate - [print]
04:25:15.981 [ForkJoinPool-1-worker-3] INFO  com.intuit.karate - [print] testing xlinkurl:http://kadaster/ff1d6d44-aea1-4ad5-b084-9afea143f1bf
04:25:15.981 [ForkJoinPool-1-worker-3] ERROR com.intuit.karate - java.net.UnknownHostException: kadaster, http call failed after 0 milliseconds for URL: http://kadaster/ff1d6d44-aea1-4ad5-b084-9afea143f1bf
04:25:15.981 [ForkJoinPool-1-worker-3] ERROR com.intuit.karate - http request failed: 
java.net.UnknownHostException: kadaster
04:25:15.981 [ForkJoinPool-1-worker-3] ERROR com.intuit.karate - feature call (loop) failed at index: 1
caller: classpath:InspireTest/ngr/datasetrecords/def/checkxlinkurl.template.feature
arg: {"link":"http://kadaster/ff1d6d44-aea1-4ad5-b084-9afea143f1bf"}
checkxlinkurl.template.feature:14 - 
java.net.UnknownHostException: kadaster
04:25:15.995 [ForkJoinPool-1-worker-11] INFO  com.intuit.karate - [print] title:Productie/industrie-inrichtingen (o.b.v. SBI-codes) uit {Risico Register Gevaarlijke stoffen (RRGS)}
04:25:15.995 [ForkJoinPool-1-worker-11] INFO  com.intuit.karate - [print] Productie/industrie-inrichtingen (o.b.v. SBI-codes) uit {Risico Register Gevaarlijke stoffen (RRGS)}
04:25:15.996 [ForkJoinPool-1-worker-11] INFO  com.intuit.karate - [print] [
  "inspire@gbo-provincies.nl",
  "inspire@gbo-provincies.nl",
  "inspire@gbo-provincies.nl"
]

04:25:15.996 [ForkJoinPool-1-worker-11] INFO  com.intuit.karate - [print] organisation: [
  "Interprovinciaal Overleg",
  "Interprovinciaal Overleg",
  "Interprovinciaal Overleg"
]

04:25:16.001 [ForkJoinPool-1-worker-11] INFO  com.intuit.karate - [print] [
  "http://www.opengis.net/def/crs/EPSG/0/http://www.opengis.net/def/crs/EPSG/0/3034",
  "http://nationaalgeoregister.nl/geonetwork/srv/dut/csw?SERVICE=CSW&version=2.0.2&REQUEST=GetRecordById&elementSetName=full&OutputSchema=http://www.isotc211.org/2005/gmd&ID=b6ee58a1-b097-4c6d-8600-eb81efc1468c",
  "https://creativecommons.org/publicdomain/mark/*/deed.nl",
  ""
]

04:25:16.007 [ForkJoinPool-1-worker-11] INFO  com.intuit.karate - [print]
04:25:16.009 [ForkJoinPool-1-worker-11] INFO  com.intuit.karate - [print] testing xlinkurl:http://www.opengis.net/def/crs/EPSG/0/http://www.opengis.net/def/crs/EPSG/0/3034
04:25:16.104 [ForkJoinPool-1-worker-13] INFO  com.intuit.karate - [print] title:BRO GeoTOP (GTM)
04:25:16.104 [ForkJoinPool-1-worker-13] INFO  com.intuit.karate - [print] BRO GeoTOP (GTM)
04:25:16.104 [ForkJoinPool-1-worker-13] INFO  com.intuit.karate - [print] [
  "info@bro.nl",
  "info@bro.nl",
  "info@dinoloket.nl"
]

04:25:16.105 [ForkJoinPool-1-worker-13] INFO  com.intuit.karate - [print] organisation: [
  "TNO Geologische Dienst Nederland",
  "TNO Geologische Dienst Nederland",
  "TNO Geologische Dienst Nederland"
]

04:25:16.111 [ForkJoinPool-1-worker-13] INFO  com.intuit.karate - [print] [
  "http://www.opengis.net/def/crs/EPSG/0/NAP",
  "https://ngr.acceptatie.nationaalgeoregister.nl/geonetwork/srv/resourcesddf87610-2724-11e2-81c1-0800200c9a66"
]

04:25:16.115 [ForkJoinPool-1-worker-13] INFO  com.intuit.karate - [print]
04:25:16.116 [ForkJoinPool-1-worker-13] INFO  com.intuit.karate - [print] testing xlinkurl:http://www.opengis.net/def/crs/EPSG/0/NAP
04:25:16.220 [ForkJoinPool-1-worker-7] INFO  com.intuit.karate - [print]
04:25:16.220 [ForkJoinPool-1-worker-7] INFO  com.intuit.karate - [print] testing xlinkurl:https://creativecommons.org/publicdomain/mark/*/deed.nl
04:25:16.264 [ForkJoinPool-1-worker-7] ERROR com.intuit.karate - status code was: 404, expected: 200, response time: 43, url: https://creativecommons.org/publicdomain/mark/*/deed.nl, response: 
04:25:16.264 [ForkJoinPool-1-worker-7] ERROR com.intuit.karate - feature call (loop) failed at index: 1
caller: classpath:InspireTest/ngr/datasetrecords/def/checkxlinkurl.template.feature
arg: {"link":"https://creativecommons.org/publicdomain/mark/*/deed.nl"}
checkxlinkurl.template.feature:15 - status code was: 404, expected: 200, response time: 43, url: https://creativecommons.org/publicdomain/mark/*/deed.nl, response: 
04:25:16.266 [ForkJoinPool-1-worker-7] INFO  com.intuit.karate - [print]
04:25:16.266 [ForkJoinPool-1-worker-7] INFO  com.intuit.karate - [print] testing xlinkurl:
04:25:16.267 [ForkJoinPool-1-worker-7] ERROR com.intuit.karate - org.apache.http.client.ClientProtocolException, http call failed after 0 milliseconds for URL: 
04:25:16.268 [ForkJoinPool-1-worker-7] ERROR com.intuit.karate - http request failed: 
org.apache.http.client.ClientProtocolException
04:25:16.268 [ForkJoinPool-1-worker-7] ERROR com.intuit.karate - feature call (loop) failed at index: 2
caller: classpath:InspireTest/ngr/datasetrecords/def/checkxlinkurl.template.feature
arg: {"link":""}
checkxlinkurl.template.feature:14 - 
org.apache.http.client.ClientProtocolException
04:25:16.308 [ForkJoinPool-1-worker-9] INFO  com.intuit.karate - [print]
04:25:16.308 [ForkJoinPool-1-worker-9] INFO  com.intuit.karate - [print] testing xlinkurl:https://ngr.acceptatie.nationaalgeoregister.nl/geonetwork/srv/resourcesd72ddff0-2724-11e2-81c1-0800200c9a66
04:25:16.310 [ForkJoinPool-1-worker-11] INFO  com.intuit.karate - [print]
04:25:16.310 [ForkJoinPool-1-worker-11] INFO  com.intuit.karate - [print] testing xlinkurl:http://nationaalgeoregister.nl/geonetwork/srv/dut/csw?SERVICE=CSW&version=2.0.2&REQUEST=GetRecordById&elementSetName=full&OutputSchema=http://www.isotc211.org/2005/gmd&ID=b6ee58a1-b097-4c6d-8600-eb81efc1468c
04:25:16.337 [ForkJoinPool-1-worker-5] INFO  com.intuit.karate - [print] title:Menselijke gezondheid en veiligheid - geluidbelasting rijkswegen 2016 (INSPIRE geharmoniseerd)
04:25:16.338 [ForkJoinPool-1-worker-5] INFO  com.intuit.karate - [print] Menselijke gezondheid en veiligheid - geluidbelasting rijkswegen 2016 (INSPIRE geharmoniseerd)
04:25:16.339 [ForkJoinPool-1-worker-5] INFO  com.intuit.karate - [print] [
  "servicedesk-data@rijkswaterstaat.nl",
  "servicedesk-data@rijkswaterstaat.nl",
  "",
  "servicedesk-data@rijkswaterstaat.nl",
  "info@wetransform.to"
]

04:25:16.341 [ForkJoinPool-1-worker-5] INFO  com.intuit.karate - [print] organisation: [
  "Rijkswaterstaat",
  "Rijkswaterstaat",
  "",
  "Rijkswaterstaat",
  "Wetransform"
]

04:25:16.345 [ForkJoinPool-1-worker-5] INFO  com.intuit.karate - [print] [
  "https://www.nationaalgeoregister.nl/geonetwork/srv/dut/catalog.search#/metadata/wt-83730-e750-485a-9c0c-39bf9be72cf8",
  "http://rdfdata.eionet.europa.eu/inspirethemes/themes/18",
  "https://ngr.geocat.live/geonetwork/srv/eng/thesaurus.download?ref=external.theme.httpinspireeceuropaeumetadatacodelistPrioritydataset-Prioritydataset"
]

04:25:16.348 [ForkJoinPool-1-worker-5] INFO  com.intuit.karate - [print]
04:25:16.349 [ForkJoinPool-1-worker-5] INFO  com.intuit.karate - [print] testing xlinkurl:https://www.nationaalgeoregister.nl/geonetwork/srv/dut/catalog.search#/metadata/wt-83730-e750-485a-9c0c-39bf9be72cf8
04:25:16.414 [ForkJoinPool-1-worker-13] INFO  com.intuit.karate - [print]
04:25:16.414 [ForkJoinPool-1-worker-13] INFO  com.intuit.karate - [print] testing xlinkurl:https://ngr.acceptatie.nationaalgeoregister.nl/geonetwork/srv/resourcesddf87610-2724-11e2-81c1-0800200c9a66
04:25:16.543 [ForkJoinPool-1-worker-3] INFO  com.intuit.karate - [print] title:Zwemwater (provinciaal en Rijkswateren) uit {Zwemwaterregister}
04:25:16.543 [ForkJoinPool-1-worker-3] INFO  com.intuit.karate - [print] Zwemwater (provinciaal en Rijkswateren) uit {Zwemwaterregister}
04:25:16.544 [ForkJoinPool-1-worker-3] INFO  com.intuit.karate - [print] [
  "inspire@gbo-provincies.nl",
  "inspire@gbo-provincies.nl",
  "inspire@gbo-provincies.nl"
]

04:25:16.545 [ForkJoinPool-1-worker-3] INFO  com.intuit.karate - [print] organisation: [
  "Interprovinciaal Overleg",
  "Interprovinciaal Overleg",
  "Interprovinciaal Overleg"
]

04:25:16.549 [ForkJoinPool-1-worker-3] INFO  com.intuit.karate - [print] [
  "http://www.opengis.net/def/crs/EPSG/0/http://www.opengis.net/def/crs/EPSG/0/3034",
  "http://nationaalgeoregister.nl/geonetwork/srv/dut/csw?SERVICE=CSW&version=2.0.2&REQUEST=GetRecordById&elementSetName=full&OutputSchema=http://www.isotc211.org/2005/gmd&ID=c829abeb-bfac-4224-8332-e7a9a89e692e",
  "https://creativecommons.org/publicdomain/mark/*/deed.nl",
  ""
]

04:25:16.552 [ForkJoinPool-1-worker-3] INFO  com.intuit.karate - [print]
04:25:16.552 [ForkJoinPool-1-worker-3] INFO  com.intuit.karate - [print] testing xlinkurl:http://www.opengis.net/def/crs/EPSG/0/http://www.opengis.net/def/crs/EPSG/0/3034
04:25:16.591 [ForkJoinPool-1-worker-9] ERROR com.intuit.karate - status code was: 404, expected: 200, response time: 282, url: https://ngr.acceptatie.nationaalgeoregister.nl/geonetwork/srv/resourcesd72ddff0-2724-11e2-81c1-0800200c9a66, response: 
04:25:16.591 [ForkJoinPool-1-worker-9] ERROR com.intuit.karate - feature call (loop) failed at index: 1
caller: classpath:InspireTest/ngr/datasetrecords/def/checkxlinkurl.template.feature
arg: {"link":"https://ngr.acceptatie.nationaalgeoregister.nl/geonetwork/srv/resourcesd72ddff0-2724-11e2-81c1-0800200c9a66"}
checkxlinkurl.template.feature:15 - status code was: 404, expected: 200, response time: 282, url: https://ngr.acceptatie.nationaalgeoregister.nl/geonetwork/srv/resourcesd72ddff0-2724-11e2-81c1-0800200c9a66, response: 
04:25:16.663 [ForkJoinPool-1-worker-5] INFO  com.intuit.karate - [print]
04:25:16.663 [ForkJoinPool-1-worker-5] INFO  com.intuit.karate - [print] testing xlinkurl:http://rdfdata.eionet.europa.eu/inspirethemes/themes/18
04:25:16.693 [ForkJoinPool-1-worker-13] ERROR com.intuit.karate - status code was: 404, expected: 200, response time: 278, url: https://ngr.acceptatie.nationaalgeoregister.nl/geonetwork/srv/resourcesddf87610-2724-11e2-81c1-0800200c9a66, response: 
04:25:16.693 [ForkJoinPool-1-worker-13] ERROR com.intuit.karate - feature call (loop) failed at index: 1
caller: classpath:InspireTest/ngr/datasetrecords/def/checkxlinkurl.template.feature
arg: {"link":"https://ngr.acceptatie.nationaalgeoregister.nl/geonetwork/srv/resourcesddf87610-2724-11e2-81c1-0800200c9a66"}
checkxlinkurl.template.feature:15 - status code was: 404, expected: 200, response time: 278, url: https://ngr.acceptatie.nationaalgeoregister.nl/geonetwork/srv/resourcesddf87610-2724-11e2-81c1-0800200c9a66, response: 
04:25:16.805 [ForkJoinPool-1-worker-7] INFO  com.intuit.karate - [print] title:Geluidszones rondom bedrijventerreinen zowel provinciaal als gemeentelijk
04:25:16.805 [ForkJoinPool-1-worker-7] INFO  com.intuit.karate - [print] Geluidszones rondom bedrijventerreinen zowel provinciaal als gemeentelijk
04:25:16.807 [ForkJoinPool-1-worker-7] INFO  com.intuit.karate - [print] [
  "inspire@gbo-provincies.nl",
  "inspire@gbo-provincies.nl",
  "inspire@gbo-provincies.nl"
]

04:25:16.808 [ForkJoinPool-1-worker-7] INFO  com.intuit.karate - [print] organisation: [
  "Interprovinciaal Overleg",
  "Interprovinciaal Overleg",
  "Interprovinciaal Overleg"
]

04:25:16.812 [ForkJoinPool-1-worker-7] INFO  com.intuit.karate - [print] [
  "http://www.opengis.net/def/crs/EPSG/0/http://www.opengis.net/def/crs/EPSG/0/3034",
  "http://nationaalgeoregister.nl/geonetwork/srv/dut/csw?SERVICE=CSW&version=2.0.2&REQUEST=GetRecordById&elementSetName=full&OutputSchema=http://www.isotc211.org/2005/gmd&ID=34e6165f-1269-48d1-b255-0f05d163d692",
  "https://creativecommons.org/publicdomain/mark/*/deed.nl",
  ""
]

04:25:16.815 [ForkJoinPool-1-worker-7] INFO  com.intuit.karate - [print]
04:25:16.815 [ForkJoinPool-1-worker-7] INFO  com.intuit.karate - [print] testing xlinkurl:http://www.opengis.net/def/crs/EPSG/0/http://www.opengis.net/def/crs/EPSG/0/3034
04:25:16.825 [ForkJoinPool-1-worker-11] INFO  com.intuit.karate - [print]
04:25:16.825 [ForkJoinPool-1-worker-11] INFO  com.intuit.karate - [print] testing xlinkurl:https://creativecommons.org/publicdomain/mark/*/deed.nl
04:25:16.840 [ForkJoinPool-1-worker-3] INFO  com.intuit.karate - [print]
04:25:16.840 [ForkJoinPool-1-worker-3] INFO  com.intuit.karate - [print] testing xlinkurl:http://nationaalgeoregister.nl/geonetwork/srv/dut/csw?SERVICE=CSW&version=2.0.2&REQUEST=GetRecordById&elementSetName=full&OutputSchema=http://www.isotc211.org/2005/gmd&ID=c829abeb-bfac-4224-8332-e7a9a89e692e
04:25:16.858 [ForkJoinPool-1-worker-11] ERROR com.intuit.karate - status code was: 404, expected: 200, response time: 32, url: https://creativecommons.org/publicdomain/mark/*/deed.nl, response: 
04:25:16.858 [ForkJoinPool-1-worker-11] ERROR com.intuit.karate - feature call (loop) failed at index: 2
caller: classpath:InspireTest/ngr/datasetrecords/def/checkxlinkurl.template.feature
arg: {"link":"https://creativecommons.org/publicdomain/mark/*/deed.nl"}
checkxlinkurl.template.feature:15 - status code was: 404, expected: 200, response time: 32, url: https://creativecommons.org/publicdomain/mark/*/deed.nl, response: 
04:25:16.861 [ForkJoinPool-1-worker-11] INFO  com.intuit.karate - [print]
04:25:16.861 [ForkJoinPool-1-worker-11] INFO  com.intuit.karate - [print] testing xlinkurl:
04:25:16.861 [ForkJoinPool-1-worker-11] ERROR com.intuit.karate - org.apache.http.client.ClientProtocolException, http call failed after 0 milliseconds for URL: 
04:25:16.862 [ForkJoinPool-1-worker-11] ERROR com.intuit.karate - http request failed: 
org.apache.http.client.ClientProtocolException
04:25:16.862 [ForkJoinPool-1-worker-11] ERROR com.intuit.karate - feature call (loop) failed at index: 3
caller: classpath:InspireTest/ngr/datasetrecords/def/checkxlinkurl.template.feature
arg: {"link":""}
checkxlinkurl.template.feature:14 - 
org.apache.http.client.ClientProtocolException
04:25:16.864 [ForkJoinPool-1-worker-5] ERROR com.intuit.karate - status code was: 404, expected: 200, response time: 200, url: http://rdfdata.eionet.europa.eu/inspirethemes/themes/18, response: 
04:25:16.864 [ForkJoinPool-1-worker-5] ERROR com.intuit.karate - feature call (loop) failed at index: 1
caller: classpath:InspireTest/ngr/datasetrecords/def/checkxlinkurl.template.feature
arg: {"link":"http://rdfdata.eionet.europa.eu/inspirethemes/themes/18"}
checkxlinkurl.template.feature:15 - status code was: 404, expected: 200, response time: 200, url: http://rdfdata.eionet.europa.eu/inspirethemes/themes/18, response: 
04:25:16.864 [ForkJoinPool-1-worker-5] INFO  com.intuit.karate - [print]
04:25:16.864 [ForkJoinPool-1-worker-5] INFO  com.intuit.karate - [print] testing xlinkurl:https://ngr.geocat.live/geonetwork/srv/eng/thesaurus.download?ref=external.theme.httpinspireeceuropaeumetadatacodelistPrioritydataset-Prioritydataset
04:25:17.107 [ForkJoinPool-1-worker-7] INFO  com.intuit.karate - [print]
04:25:17.107 [ForkJoinPool-1-worker-3] INFO  com.intuit.karate - [print]
04:25:17.107 [ForkJoinPool-1-worker-3] INFO  com.intuit.karate - [print] testing xlinkurl:https://creativecommons.org/publicdomain/mark/*/deed.nl
04:25:17.110 [ForkJoinPool-1-worker-7] INFO  com.intuit.karate - [print] testing xlinkurl:http://nationaalgeoregister.nl/geonetwork/srv/dut/csw?SERVICE=CSW&version=2.0.2&REQUEST=GetRecordById&elementSetName=full&OutputSchema=http://www.isotc211.org/2005/gmd&ID=34e6165f-1269-48d1-b255-0f05d163d692
04:25:17.127 [ForkJoinPool-1-worker-9] INFO  com.intuit.karate - [print] title:Geluidszones rondom vliegvelden
04:25:17.127 [ForkJoinPool-1-worker-9] INFO  com.intuit.karate - [print] Geluidszones rondom vliegvelden
04:25:17.128 [ForkJoinPool-1-worker-9] INFO  com.intuit.karate - [print] [
  "inspire@gbo-provincies.nl",
  "inspire@gbo-provincies.nl",
  "inspire@gbo-provincies.nl"
]

04:25:17.128 [ForkJoinPool-1-worker-9] INFO  com.intuit.karate - [print] organisation: [
  "Interprovinciaal Overleg",
  "Interprovinciaal Overleg",
  "Interprovinciaal Overleg"
]

04:25:17.132 [ForkJoinPool-1-worker-9] INFO  com.intuit.karate - [print] [
  "http://www.opengis.net/def/crs/EPSG/0/http://www.opengis.net/def/crs/EPSG/0/3034",
  "http://nationaalgeoregister.nl/geonetwork/srv/dut/csw?SERVICE=CSW&version=2.0.2&REQUEST=GetRecordById&elementSetName=full&OutputSchema=http://www.isotc211.org/2005/gmd&ID=41023936-009d-48ec-a90d-c966895463c1",
  "https://creativecommons.org/publicdomain/mark/*/deed.nl",
  ""
]

04:25:17.136 [ForkJoinPool-1-worker-9] INFO  com.intuit.karate - [print]
04:25:17.136 [ForkJoinPool-1-worker-9] INFO  com.intuit.karate - [print] testing xlinkurl:http://www.opengis.net/def/crs/EPSG/0/http://www.opengis.net/def/crs/EPSG/0/3034
04:25:17.140 [ForkJoinPool-1-worker-3] ERROR com.intuit.karate - status code was: 404, expected: 200, response time: 33, url: https://creativecommons.org/publicdomain/mark/*/deed.nl, response: 
04:25:17.140 [ForkJoinPool-1-worker-3] ERROR com.intuit.karate - feature call (loop) failed at index: 2
caller: classpath:InspireTest/ngr/datasetrecords/def/checkxlinkurl.template.feature
arg: {"link":"https://creativecommons.org/publicdomain/mark/*/deed.nl"}
checkxlinkurl.template.feature:15 - status code was: 404, expected: 200, response time: 33, url: https://creativecommons.org/publicdomain/mark/*/deed.nl, response: 
04:25:17.142 [ForkJoinPool-1-worker-3] INFO  com.intuit.karate - [print]
04:25:17.142 [ForkJoinPool-1-worker-3] INFO  com.intuit.karate - [print] testing xlinkurl:
04:25:17.143 [ForkJoinPool-1-worker-3] ERROR com.intuit.karate - org.apache.http.client.ClientProtocolException, http call failed after 0 milliseconds for URL: 
04:25:17.143 [ForkJoinPool-1-worker-3] ERROR com.intuit.karate - http request failed: 
org.apache.http.client.ClientProtocolException
04:25:17.143 [ForkJoinPool-1-worker-3] ERROR com.intuit.karate - feature call (loop) failed at index: 3
caller: classpath:InspireTest/ngr/datasetrecords/def/checkxlinkurl.template.feature
arg: {"link":""}
checkxlinkurl.template.feature:14 - 
org.apache.http.client.ClientProtocolException
04:25:17.195 [ForkJoinPool-1-worker-5] ERROR com.intuit.karate - status code was: 500, expected: 200, response time: 330, url: https://ngr.geocat.live/geonetwork/srv/eng/thesaurus.download?ref=external.theme.httpinspireeceuropaeumetadatacodelistPrioritydataset-Prioritydataset, response: 
04:25:17.195 [ForkJoinPool-1-worker-5] ERROR com.intuit.karate - feature call (loop) failed at index: 2
caller: classpath:InspireTest/ngr/datasetrecords/def/checkxlinkurl.template.feature
arg: {"link":"https://ngr.geocat.live/geonetwork/srv/eng/thesaurus.download?ref=external.theme.httpinspireeceuropaeumetadatacodelistPrioritydataset-Prioritydataset"}
checkxlinkurl.template.feature:15 - status code was: 500, expected: 200, response time: 330, url: https://ngr.geocat.live/geonetwork/srv/eng/thesaurus.download?ref=external.theme.httpinspireeceuropaeumetadatacodelistPrioritydataset-Prioritydataset, response: 
04:25:17.198 [ForkJoinPool-1-worker-13] INFO  com.intuit.karate - [print] title:CBS gebiedsindelingen
04:25:17.199 [ForkJoinPool-1-worker-13] INFO  com.intuit.karate - [print] CBS gebiedsindelingen
04:25:17.200 [ForkJoinPool-1-worker-13] INFO  com.intuit.karate - [print] [
  "infoservice@cbs.nl",
  "infoservice@cbs.nl",
  "infoservice@cbs.nl",
  "",
  ""
]

04:25:17.201 [ForkJoinPool-1-worker-13] INFO  com.intuit.karate - [print] organisation: [
  "Centraal Bureau voor de Statistiek",
  "Centraal Bureau voor de Statistiek",
  "Centraal Bureau voor de Statistiek",
  "Kadaster"
]

04:25:17.204 [ForkJoinPool-1-worker-13] INFO  com.intuit.karate - [print] [
  "https://geodata.nationaalgeoregister.nl/cbsgebiedsindelingen/atom/cbsgebiedsindelingen.xml",
  "https://www.iana.org/assignments/media-types/application/geopackage+sqlite3",
  ""
]

04:25:17.207 [ForkJoinPool-1-worker-13] INFO  com.intuit.karate - [print]
04:25:17.207 [ForkJoinPool-1-worker-13] INFO  com.intuit.karate - [print] testing xlinkurl:https://geodata.nationaalgeoregister.nl/cbsgebiedsindelingen/atom/cbsgebiedsindelingen.xml
04:25:17.422 [ForkJoinPool-1-worker-11] INFO  com.intuit.karate - [print] title:CBS Provincies 2012
04:25:17.422 [ForkJoinPool-1-worker-11] INFO  com.intuit.karate - [print] CBS Provincies 2012
04:25:17.423 [ForkJoinPool-1-worker-11] INFO  com.intuit.karate - [print] [
  "infoservice@cbs.nl",
  "infoservice@cbs.nl",
  "infoservice@cbs.nl",
  "",
  ""
]

04:25:17.424 [ForkJoinPool-1-worker-11] INFO  com.intuit.karate - [print] organisation: [
  "Centraal Bureau voor de Statistiek",
  "Centraal Bureau voor de Statistiek",
  "Centraal Bureau voor de Statistiek",
  "Kadaster"
]

04:25:17.427 [ForkJoinPool-1-worker-11] INFO  com.intuit.karate - [print] [
  "http://geodata.nationaalgeoregister.nl/cbsprovincies/extract/cbsprovincies.zip",
  ""
]

04:25:17.431 [ForkJoinPool-1-worker-11] INFO  com.intuit.karate - [print]
04:25:17.431 [ForkJoinPool-1-worker-11] INFO  com.intuit.karate - [print] testing xlinkurl:http://geodata.nationaalgeoregister.nl/cbsprovincies/extract/cbsprovincies.zip
04:25:17.433 [ForkJoinPool-1-worker-9] INFO  com.intuit.karate - [print]
04:25:17.433 [ForkJoinPool-1-worker-9] INFO  com.intuit.karate - [print] testing xlinkurl:http://nationaalgeoregister.nl/geonetwork/srv/dut/csw?SERVICE=CSW&version=2.0.2&REQUEST=GetRecordById&elementSetName=full&OutputSchema=http://www.isotc211.org/2005/gmd&ID=41023936-009d-48ec-a90d-c966895463c1
04:25:17.569 [ForkJoinPool-1-worker-7] INFO  com.intuit.karate - [print]
04:25:17.569 [ForkJoinPool-1-worker-7] INFO  com.intuit.karate - [print] testing xlinkurl:https://creativecommons.org/publicdomain/mark/*/deed.nl
04:25:17.604 [ForkJoinPool-1-worker-7] ERROR com.intuit.karate - status code was: 404, expected: 200, response time: 35, url: https://creativecommons.org/publicdomain/mark/*/deed.nl, response: 
04:25:17.604 [ForkJoinPool-1-worker-7] ERROR com.intuit.karate - feature call (loop) failed at index: 2
caller: classpath:InspireTest/ngr/datasetrecords/def/checkxlinkurl.template.feature
arg: {"link":"https://creativecommons.org/publicdomain/mark/*/deed.nl"}
checkxlinkurl.template.feature:15 - status code was: 404, expected: 200, response time: 35, url: https://creativecommons.org/publicdomain/mark/*/deed.nl, response: 
04:25:17.605 [ForkJoinPool-1-worker-7] INFO  com.intuit.karate - [print]
04:25:17.605 [ForkJoinPool-1-worker-7] INFO  com.intuit.karate - [print] testing xlinkurl:
04:25:17.606 [ForkJoinPool-1-worker-7] ERROR com.intuit.karate - org.apache.http.client.ClientProtocolException, http call failed after 0 milliseconds for URL: 
04:25:17.606 [ForkJoinPool-1-worker-7] ERROR com.intuit.karate - http request failed: 
org.apache.http.client.ClientProtocolException
04:25:17.606 [ForkJoinPool-1-worker-7] ERROR com.intuit.karate - feature call (loop) failed at index: 3
caller: classpath:InspireTest/ngr/datasetrecords/def/checkxlinkurl.template.feature
arg: {"link":""}
checkxlinkurl.template.feature:14 - 
org.apache.http.client.ClientProtocolException
04:25:17.636 [ForkJoinPool-1-worker-11] INFO  com.intuit.karate - [print]
04:25:17.636 [ForkJoinPool-1-worker-11] INFO  com.intuit.karate - [print] testing xlinkurl:
04:25:17.637 [ForkJoinPool-1-worker-11] ERROR com.intuit.karate - org.apache.http.client.ClientProtocolException, http call failed after 0 milliseconds for URL: 
04:25:17.637 [ForkJoinPool-1-worker-11] ERROR com.intuit.karate - http request failed: 
org.apache.http.client.ClientProtocolException
04:25:17.637 [ForkJoinPool-1-worker-11] ERROR com.intuit.karate - feature call (loop) failed at index: 1
caller: classpath:InspireTest/ngr/datasetrecords/def/checkxlinkurl.template.feature
arg: {"link":""}
checkxlinkurl.template.feature:14 - 
org.apache.http.client.ClientProtocolException
04:25:17.657 [ForkJoinPool-1-worker-3] INFO  com.intuit.karate - [print] title:Maritieme grenzen - Noordzee
04:25:17.658 [ForkJoinPool-1-worker-3] INFO  com.intuit.karate - [print] Maritieme grenzen - Noordzee
04:25:17.659 [ForkJoinPool-1-worker-3] INFO  com.intuit.karate - [print] [
  "data@hydro.nl",
  "data@hydro.nl",
  "data@hydro.nl",
  "",
  ""
]

04:25:17.660 [ForkJoinPool-1-worker-3] INFO  com.intuit.karate - [print] organisation: [
  "Ministerie van Defensie, Koninklijke Marine, Dienst der Hydrografie",
  "Ministerie van Defensie, Koninklijke Marine, Dienst der Hydrografie",
  "Ministerie van Defensie, Koninklijke Marine, Dienst der Hydrografie"
]

04:25:17.664 [ForkJoinPool-1-worker-3] INFO  com.intuit.karate - [print] [
  "http://www.opengis.net/def/crs/EPSG/0/https://www.opengis.net/def/crs/EPSG/0/4258",
  "https://www.nationaalgeoregister.nl:443/geonetwork/srv/api/records/a5241416-8401-4623-be61-57ef50447a41"
]

04:25:17.668 [ForkJoinPool-1-worker-3] INFO  com.intuit.karate - [print]
04:25:17.668 [ForkJoinPool-1-worker-3] INFO  com.intuit.karate - [print] testing xlinkurl:http://www.opengis.net/def/crs/EPSG/0/https://www.opengis.net/def/crs/EPSG/0/4258
04:25:17.728 [ForkJoinPool-1-worker-5] INFO  com.intuit.karate - [print] title:Totale potentie aardwarmte uit aquifers, INSPIRE
04:25:17.728 [ForkJoinPool-1-worker-5] INFO  com.intuit.karate - [print] Totale potentie aardwarmte uit aquifers, INSPIRE
04:25:17.729 [ForkJoinPool-1-worker-5] INFO  com.intuit.karate - [print] [
  "info@dinoloket.nl",
  "info@dinoloket.nl",
  "info@dinoloket.nl"
]

04:25:17.730 [ForkJoinPool-1-worker-5] INFO  com.intuit.karate - [print] organisation: [
  "TNO Geologische Dienst Nederland",
  "TNO Geologische Dienst Nederland",
  "TNO Geologische Dienst Nederland"
]

04:25:17.735 [ForkJoinPool-1-worker-5] INFO  com.intuit.karate - [print] [
  "https://nationaalgeoregister.nl/geonetwork/srv/resources052a3480-1031-4d29-ba55-01672e2c50d9"
]

04:25:17.739 [ForkJoinPool-1-worker-5] INFO  com.intuit.karate - [print]
04:25:17.740 [ForkJoinPool-1-worker-5] INFO  com.intuit.karate - [print] testing xlinkurl:https://nationaalgeoregister.nl/geonetwork/srv/resources052a3480-1031-4d29-ba55-01672e2c50d9
04:25:17.900 [ForkJoinPool-1-worker-9] INFO  com.intuit.karate - [print]
04:25:17.900 [ForkJoinPool-1-worker-9] INFO  com.intuit.karate - [print] testing xlinkurl:https://creativecommons.org/publicdomain/mark/*/deed.nl
04:25:17.935 [ForkJoinPool-1-worker-9] ERROR com.intuit.karate - status code was: 404, expected: 200, response time: 35, url: https://creativecommons.org/publicdomain/mark/*/deed.nl, response: 
04:25:17.936 [ForkJoinPool-1-worker-9] ERROR com.intuit.karate - feature call (loop) failed at index: 2
caller: classpath:InspireTest/ngr/datasetrecords/def/checkxlinkurl.template.feature
arg: {"link":"https://creativecommons.org/publicdomain/mark/*/deed.nl"}
checkxlinkurl.template.feature:15 - status code was: 404, expected: 200, response time: 35, url: https://creativecommons.org/publicdomain/mark/*/deed.nl, response: 
04:25:17.937 [ForkJoinPool-1-worker-9] INFO  com.intuit.karate - [print]
04:25:17.937 [ForkJoinPool-1-worker-9] INFO  com.intuit.karate - [print] testing xlinkurl:
04:25:17.938 [ForkJoinPool-1-worker-9] ERROR com.intuit.karate - org.apache.http.client.ClientProtocolException, http call failed after 0 milliseconds for URL: 
04:25:17.938 [ForkJoinPool-1-worker-9] ERROR com.intuit.karate - http request failed: 
org.apache.http.client.ClientProtocolException
04:25:17.938 [ForkJoinPool-1-worker-9] ERROR com.intuit.karate - feature call (loop) failed at index: 3
caller: classpath:InspireTest/ngr/datasetrecords/def/checkxlinkurl.template.feature
arg: {"link":""}
checkxlinkurl.template.feature:14 - 
org.apache.http.client.ClientProtocolException
04:25:17.967 [ForkJoinPool-1-worker-3] INFO  com.intuit.karate - [print]
04:25:17.967 [ForkJoinPool-1-worker-3] INFO  com.intuit.karate - [print] testing xlinkurl:https://www.nationaalgeoregister.nl:443/geonetwork/srv/api/records/a5241416-8401-4623-be61-57ef50447a41
04:25:18.021 [ForkJoinPool-1-worker-5] ERROR com.intuit.karate - status code was: 404, expected: 200, response time: 280, url: https://nationaalgeoregister.nl/geonetwork/srv/resources052a3480-1031-4d29-ba55-01672e2c50d9, response: 
04:25:18.021 [ForkJoinPool-1-worker-5] ERROR com.intuit.karate - feature call (loop) failed at index: 0
caller: classpath:InspireTest/ngr/datasetrecords/def/checkxlinkurl.template.feature
arg: {"link":"https://nationaalgeoregister.nl/geonetwork/srv/resources052a3480-1031-4d29-ba55-01672e2c50d9"}
checkxlinkurl.template.feature:15 - status code was: 404, expected: 200, response time: 280, url: https://nationaalgeoregister.nl/geonetwork/srv/resources052a3480-1031-4d29-ba55-01672e2c50d9, response: 
04:25:18.130 [ForkJoinPool-1-worker-7] INFO  com.intuit.karate - [print] title:Overstromingsgevaarkaarten
04:25:18.131 [ForkJoinPool-1-worker-7] INFO  com.intuit.karate - [print] Overstromingsgevaarkaarten
04:25:18.132 [ForkJoinPool-1-worker-7] INFO  com.intuit.karate - [print] [
  "inspire@gbo-provincies.nl",
  "inspire@gbo-provincies.nl",
  "inspire@gbo-provincies.nl"
]

04:25:18.133 [ForkJoinPool-1-worker-7] INFO  com.intuit.karate - [print] organisation: [
  "Interprovinciaal Overleg",
  "Interprovinciaal Overleg",
  "Interprovinciaal Overleg"
]

04:25:18.138 [ForkJoinPool-1-worker-7] INFO  com.intuit.karate - [print] [
  "http://nationaalgeoregister.nl/geonetwork/srv/dut/csw?SERVICE=CSW&version=2.0.2&REQUEST=GetRecordById&elementSetName=full&OutputSchema=http://www.isotc211.org/2005/gmd&ID=bc2c53f6-c908-4d7c-a6c0-78d9a2855640",
  "https://creativecommons.org/publicdomain/mark/*/deed.nl",
  ""
]

04:25:18.141 [ForkJoinPool-1-worker-7] INFO  com.intuit.karate - [print]
04:25:18.142 [ForkJoinPool-1-worker-7] INFO  com.intuit.karate - [print] testing xlinkurl:http://nationaalgeoregister.nl/geonetwork/srv/dut/csw?SERVICE=CSW&version=2.0.2&REQUEST=GetRecordById&elementSetName=full&OutputSchema=http://www.isotc211.org/2005/gmd&ID=bc2c53f6-c908-4d7c-a6c0-78d9a2855640
04:25:18.176 [ForkJoinPool-1-worker-11] INFO  com.intuit.karate - [print] title:Afvalinrichtingen inclusief nucleaire inrichtingen
04:25:18.176 [ForkJoinPool-1-worker-11] INFO  com.intuit.karate - [print] Afvalinrichtingen inclusief nucleaire inrichtingen
04:25:18.177 [ForkJoinPool-1-worker-11] INFO  com.intuit.karate - [print] [
  "inspire@gbo-provincies.nl",
  "inspire@gbo-provincies.nl",
  "inspire@gbo-provincies.nl"
]

04:25:18.178 [ForkJoinPool-1-worker-11] INFO  com.intuit.karate - [print] organisation: [
  "Interprovinciaal Overleg",
  "Interprovinciaal Overleg",
  "Interprovinciaal Overleg"
]

04:25:18.182 [ForkJoinPool-1-worker-11] INFO  com.intuit.karate - [print] [
  "http://nationaalgeoregister.nl/geonetwork/srv/dut/csw?SERVICE=CSW&version=2.0.2&REQUEST=GetRecordById&elementSetName=full&OutputSchema=http://www.isotc211.org/2005/gmd&ID=f5f68d51-2ca4-4897-8227-d3938b2b0a7e",
  "https://creativecommons.org/publicdomain/mark/*/deed.nl",
  ""
]

04:25:18.185 [ForkJoinPool-1-worker-11] INFO  com.intuit.karate - [print]
04:25:18.185 [ForkJoinPool-1-worker-11] INFO  com.intuit.karate - [print] testing xlinkurl:http://nationaalgeoregister.nl/geonetwork/srv/dut/csw?SERVICE=CSW&version=2.0.2&REQUEST=GetRecordById&elementSetName=full&OutputSchema=http://www.isotc211.org/2005/gmd&ID=f5f68d51-2ca4-4897-8227-d3938b2b0a7e
04:25:18.247 [ForkJoinPool-1-worker-3] ERROR com.intuit.karate - status code was: 400, expected: 200, response time: 280, url: https://www.nationaalgeoregister.nl:443/geonetwork/srv/api/records/a5241416-8401-4623-be61-57ef50447a41, response: 
04:25:18.247 [ForkJoinPool-1-worker-3] ERROR com.intuit.karate - feature call (loop) failed at index: 1
caller: classpath:InspireTest/ngr/datasetrecords/def/checkxlinkurl.template.feature
arg: {"link":"https://www.nationaalgeoregister.nl:443/geonetwork/srv/api/records/a5241416-8401-4623-be61-57ef50447a41"}
checkxlinkurl.template.feature:15 - status code was: 400, expected: 200, response time: 280, url: https://www.nationaalgeoregister.nl:443/geonetwork/srv/api/records/a5241416-8401-4623-be61-57ef50447a41, response: 
04:25:18.473 [ForkJoinPool-1-worker-9] INFO  com.intuit.karate - [print] title:Kaderrichtlijn Water - Oppervlaktewaterlichamen Nederland EU2009 vlakken
04:25:18.473 [ForkJoinPool-1-worker-9] INFO  com.intuit.karate - [print] Kaderrichtlijn Water - Oppervlaktewaterlichamen Nederland EU2009 vlakken
04:25:18.474 [ForkJoinPool-1-worker-9] INFO  com.intuit.karate - [print] [
  "servicedesk-data@rijkswaterstaat.nl",
  "servicedesk-data@rijkswaterstaat.nl",
  "",
  "servicedesk-data@rijkswaterstaat.nl",
  "servicedesk-data@rijkswaterstaat.nl"
]

04:25:18.475 [ForkJoinPool-1-worker-9] INFO  com.intuit.karate - [print] organisation: [
  "Rijkswaterstaat",
  "Rijkswaterstaat",
  "",
  "Rijkswaterstaat",
  "Rijkswaterstaat"
]

04:25:18.480 [ForkJoinPool-1-worker-9] INFO  com.intuit.karate - [print] [
  "https://www.nationaalgeoregister.nl/geonetwork/srv/dut/catalog.search#/metadata/krw2006-68b5-4ff3-94a4-9c24109ffd5e",
  "http://rdfdata.eionet.europa.eu/inspirethemes/themes/24",
  "https://ngr.geocat.live/geonetwork/srv/eng/thesaurus.download?ref=external.theme.httpinspireeceuropaeumetadatacodelistPrioritydataset-Prioritydataset",
  "urn:ogc:def:crs:EPSG::5709"
]

04:25:18.483 [ForkJoinPool-1-worker-9] INFO  com.intuit.karate - [print]
04:25:18.483 [ForkJoinPool-1-worker-9] INFO  com.intuit.karate - [print] testing xlinkurl:https://www.nationaalgeoregister.nl/geonetwork/srv/dut/catalog.search#/metadata/krw2006-68b5-4ff3-94a4-9c24109ffd5e
04:25:18.544 [ForkJoinPool-1-worker-5] INFO  com.intuit.karate - [print] title:Nationaal Hydrologisch Instrumentarium (NHI) - netwerkschematisatie
04:25:18.544 [ForkJoinPool-1-worker-5] INFO  com.intuit.karate - [print] Nationaal Hydrologisch Instrumentarium (NHI) - netwerkschematisatie
04:25:18.546 [ForkJoinPool-1-worker-5] INFO  com.intuit.karate - [print] [
  "servicedesk-data@rijkswaterstaat.nl",
  "servicedesk-data@rijkswaterstaat.nl",
  "",
  "servicedesk-data@rijkswaterstaat.nl",
  "servicedesk-data@rijkswaterstaat.nl"
]

04:25:18.548 [ForkJoinPool-1-worker-5] INFO  com.intuit.karate - [print] organisation: [
  "Rijkswaterstaat",
  "Rijkswaterstaat",
  "",
  "Rijkswaterstaat",
  "Rijkswaterstaat"
]

04:25:18.551 [ForkJoinPool-1-worker-5] INFO  com.intuit.karate - [print] [
  "https://www.nationaalgeoregister.nl/geonetwork/srv/dut/catalog.search#/metadata/710c381c-ab2d-45d5-a45d-af2eba811e5f",
  "http://rdfdata.eionet.europa.eu/inspirethemes/themes/8",
  "urn:ogc:def:crs:EPSG::5709"
]

04:25:18.554 [ForkJoinPool-1-worker-5] INFO  com.intuit.karate - [print]
04:25:18.554 [ForkJoinPool-1-worker-5] INFO  com.intuit.karate - [print] testing xlinkurl:https://www.nationaalgeoregister.nl/geonetwork/srv/dut/catalog.search#/metadata/710c381c-ab2d-45d5-a45d-af2eba811e5f
04:25:18.619 [ForkJoinPool-1-worker-7] INFO  com.intuit.karate - [print]
04:25:18.620 [ForkJoinPool-1-worker-7] INFO  com.intuit.karate - [print] testing xlinkurl:https://creativecommons.org/publicdomain/mark/*/deed.nl
04:25:18.658 [ForkJoinPool-1-worker-7] ERROR com.intuit.karate - status code was: 404, expected: 200, response time: 38, url: https://creativecommons.org/publicdomain/mark/*/deed.nl, response: 
04:25:18.658 [ForkJoinPool-1-worker-7] ERROR com.intuit.karate - feature call (loop) failed at index: 1
caller: classpath:InspireTest/ngr/datasetrecords/def/checkxlinkurl.template.feature
arg: {"link":"https://creativecommons.org/publicdomain/mark/*/deed.nl"}
checkxlinkurl.template.feature:15 - status code was: 404, expected: 200, response time: 38, url: https://creativecommons.org/publicdomain/mark/*/deed.nl, response: 
04:25:18.660 [ForkJoinPool-1-worker-7] INFO  com.intuit.karate - [print]
04:25:18.660 [ForkJoinPool-1-worker-7] INFO  com.intuit.karate - [print] testing xlinkurl:
04:25:18.661 [ForkJoinPool-1-worker-7] ERROR com.intuit.karate - org.apache.http.client.ClientProtocolException, http call failed after 0 milliseconds for URL: 
04:25:18.661 [ForkJoinPool-1-worker-7] ERROR com.intuit.karate - http request failed: 
org.apache.http.client.ClientProtocolException
04:25:18.661 [ForkJoinPool-1-worker-7] ERROR com.intuit.karate - feature call (loop) failed at index: 2
caller: classpath:InspireTest/ngr/datasetrecords/def/checkxlinkurl.template.feature
arg: {"link":""}
checkxlinkurl.template.feature:14 - 
org.apache.http.client.ClientProtocolException
04:25:18.686 [ForkJoinPool-1-worker-11] INFO  com.intuit.karate - [print]
04:25:18.686 [ForkJoinPool-1-worker-11] INFO  com.intuit.karate - [print] testing xlinkurl:https://creativecommons.org/publicdomain/mark/*/deed.nl
04:25:18.719 [ForkJoinPool-1-worker-11] ERROR com.intuit.karate - status code was: 404, expected: 200, response time: 33, url: https://creativecommons.org/publicdomain/mark/*/deed.nl, response: 
04:25:18.720 [ForkJoinPool-1-worker-11] ERROR com.intuit.karate - feature call (loop) failed at index: 1
caller: classpath:InspireTest/ngr/datasetrecords/def/checkxlinkurl.template.feature
arg: {"link":"https://creativecommons.org/publicdomain/mark/*/deed.nl"}
checkxlinkurl.template.feature:15 - status code was: 404, expected: 200, response time: 33, url: https://creativecommons.org/publicdomain/mark/*/deed.nl, response: 
04:25:18.722 [ForkJoinPool-1-worker-11] INFO  com.intuit.karate - [print]
04:25:18.723 [ForkJoinPool-1-worker-11] INFO  com.intuit.karate - [print] testing xlinkurl:
04:25:18.723 [ForkJoinPool-1-worker-11] ERROR com.intuit.karate - org.apache.http.client.ClientProtocolException, http call failed after 0 milliseconds for URL: 
04:25:18.724 [ForkJoinPool-1-worker-11] ERROR com.intuit.karate - http request failed: 
org.apache.http.client.ClientProtocolException
04:25:18.725 [ForkJoinPool-1-worker-11] ERROR com.intuit.karate - feature call (loop) failed at index: 2
caller: classpath:InspireTest/ngr/datasetrecords/def/checkxlinkurl.template.feature
arg: {"link":""}
checkxlinkurl.template.feature:14 - 
org.apache.http.client.ClientProtocolException
04:25:18.793 [ForkJoinPool-1-worker-9] INFO  com.intuit.karate - [print]
04:25:18.793 [ForkJoinPool-1-worker-9] INFO  com.intuit.karate - [print] testing xlinkurl:http://rdfdata.eionet.europa.eu/inspirethemes/themes/24
04:25:18.808 [ForkJoinPool-1-worker-3] INFO  com.intuit.karate - [print] title:Nationale Landschappen
04:25:18.808 [ForkJoinPool-1-worker-3] INFO  com.intuit.karate - [print] Nationale Landschappen
04:25:18.809 [ForkJoinPool-1-worker-3] INFO  com.intuit.karate - [print] [
  "inspire@gbo-provincies.nl",
  "inspire@gbo-provincies.nl",
  "inspire@gbo-provincies.nl"
]

04:25:18.810 [ForkJoinPool-1-worker-3] INFO  com.intuit.karate - [print] organisation: [
  "Interprovinciaal Overleg",
  "Interprovinciaal Overleg",
  "Interprovinciaal Overleg"
]

04:25:18.816 [ForkJoinPool-1-worker-3] INFO  com.intuit.karate - [print] [
  "http://www.opengis.net/def/crs/EPSG/0/http://www.opengis.net/def/crs/EPSG/0/3034",
  "http://nationaalgeoregister.nl/geonetwork/srv/dut/csw?SERVICE=CSW&version=2.0.2&REQUEST=GetRecordById&elementSetName=full&OutputSchema=http://www.isotc211.org/2005/gmd&ID=60a2a7c2-d5b3-4ad5-b562-c448695357fb",
  "https://creativecommons.org/publicdomain/mark/*/deed.nl",
  ""
]

04:25:18.819 [ForkJoinPool-1-worker-3] INFO  com.intuit.karate - [print]
04:25:18.820 [ForkJoinPool-1-worker-3] INFO  com.intuit.karate - [print] testing xlinkurl:http://www.opengis.net/def/crs/EPSG/0/http://www.opengis.net/def/crs/EPSG/0/3034
04:25:18.865 [ForkJoinPool-1-worker-5] INFO  com.intuit.karate - [print]
04:25:18.865 [ForkJoinPool-1-worker-5] INFO  com.intuit.karate - [print] testing xlinkurl:http://rdfdata.eionet.europa.eu/inspirethemes/themes/8
04:25:18.993 [ForkJoinPool-1-worker-9] ERROR com.intuit.karate - status code was: 404, expected: 200, response time: 200, url: http://rdfdata.eionet.europa.eu/inspirethemes/themes/24, response: 
04:25:18.994 [ForkJoinPool-1-worker-9] ERROR com.intuit.karate - feature call (loop) failed at index: 1
caller: classpath:InspireTest/ngr/datasetrecords/def/checkxlinkurl.template.feature
arg: {"link":"http://rdfdata.eionet.europa.eu/inspirethemes/themes/24"}
checkxlinkurl.template.feature:15 - status code was: 404, expected: 200, response time: 200, url: http://rdfdata.eionet.europa.eu/inspirethemes/themes/24, response: 
04:25:18.995 [ForkJoinPool-1-worker-9] INFO  com.intuit.karate - [print]
04:25:18.995 [ForkJoinPool-1-worker-9] INFO  com.intuit.karate - [print] testing xlinkurl:https://ngr.geocat.live/geonetwork/srv/eng/thesaurus.download?ref=external.theme.httpinspireeceuropaeumetadatacodelistPrioritydataset-Prioritydataset
04:25:19.066 [ForkJoinPool-1-worker-5] ERROR com.intuit.karate - status code was: 404, expected: 200, response time: 200, url: http://rdfdata.eionet.europa.eu/inspirethemes/themes/8, response: 
04:25:19.066 [ForkJoinPool-1-worker-5] ERROR com.intuit.karate - feature call (loop) failed at index: 1
caller: classpath:InspireTest/ngr/datasetrecords/def/checkxlinkurl.template.feature
arg: {"link":"http://rdfdata.eionet.europa.eu/inspirethemes/themes/8"}
checkxlinkurl.template.feature:15 - status code was: 404, expected: 200, response time: 200, url: http://rdfdata.eionet.europa.eu/inspirethemes/themes/8, response: 
04:25:19.067 [ForkJoinPool-1-worker-5] INFO  com.intuit.karate - [print]
04:25:19.068 [ForkJoinPool-1-worker-5] INFO  com.intuit.karate - [print] testing xlinkurl:urn:ogc:def:crs:EPSG::5709
04:25:19.069 [ForkJoinPool-1-worker-5] ERROR com.intuit.karate - org.apache.http.client.ClientProtocolException: URI does not specify a valid host name: urn:ogc:def:crs:EPSG::5709, http call failed after 0 milliseconds for URL: urn:ogc:def:crs:EPSG::5709
04:25:19.070 [ForkJoinPool-1-worker-5] ERROR com.intuit.karate - http request failed: 
org.apache.http.client.ClientProtocolException: URI does not specify a valid host name: urn:ogc:def:crs:EPSG::5709
04:25:19.071 [ForkJoinPool-1-worker-5] ERROR com.intuit.karate - feature call (loop) failed at index: 2
caller: classpath:InspireTest/ngr/datasetrecords/def/checkxlinkurl.template.feature
arg: {"link":"urn:ogc:def:crs:EPSG::5709"}
checkxlinkurl.template.feature:14 - 
org.apache.http.client.ClientProtocolException: URI does not specify a valid host name: urn:ogc:def:crs:EPSG::5709
04:25:19.120 [ForkJoinPool-1-worker-3] INFO  com.intuit.karate - [print]
04:25:19.120 [ForkJoinPool-1-worker-3] INFO  com.intuit.karate - [print] testing xlinkurl:http://nationaalgeoregister.nl/geonetwork/srv/dut/csw?SERVICE=CSW&version=2.0.2&REQUEST=GetRecordById&elementSetName=full&OutputSchema=http://www.isotc211.org/2005/gmd&ID=60a2a7c2-d5b3-4ad5-b562-c448695357fb
04:25:19.157 [ForkJoinPool-1-worker-13] INFO  com.intuit.karate - [print]
04:25:19.157 [ForkJoinPool-1-worker-13] INFO  com.intuit.karate - [print] testing xlinkurl:https://www.iana.org/assignments/media-types/application/geopackage+sqlite3
04:25:19.168 [ForkJoinPool-1-worker-7] INFO  com.intuit.karate - [print] title:Aardkundige waarden
04:25:19.168 [ForkJoinPool-1-worker-7] INFO  com.intuit.karate - [print] Aardkundige waarden
04:25:19.168 [ForkJoinPool-1-worker-7] INFO  com.intuit.karate - [print] [
  "inspire@gbo-provincies.nl",
  "inspire@gbo-provincies.nl",
  "inspire@gbo-provincies.nl"
]

04:25:19.169 [ForkJoinPool-1-worker-7] INFO  com.intuit.karate - [print] organisation: [
  "Interprovinciaal Overleg",
  "Interprovinciaal Overleg",
  "Interprovinciaal Overleg"
]

04:25:19.173 [ForkJoinPool-1-worker-7] INFO  com.intuit.karate - [print] [
  "http://www.opengis.net/def/crs/EPSG/0/http://www.opengis.net/def/crs/EPSG/0/3034",
  "http://nationaalgeoregister.nl/geonetwork/srv/dut/csw?SERVICE=CSW&version=2.0.2&REQUEST=GetRecordById&elementSetName=full&OutputSchema=http://www.isotc211.org/2005/gmd&ID=f002bfc5-7d87-46b6-819e-8415422b65c9",
  "https://creativecommons.org/publicdomain/mark/*/deed.nl",
  ""
]

04:25:19.176 [ForkJoinPool-1-worker-7] INFO  com.intuit.karate - [print]
04:25:19.177 [ForkJoinPool-1-worker-7] INFO  com.intuit.karate - [print] testing xlinkurl:http://www.opengis.net/def/crs/EPSG/0/http://www.opengis.net/def/crs/EPSG/0/3034
04:25:19.258 [ForkJoinPool-1-worker-11] INFO  com.intuit.karate - [print] title:Stiltegebieden
04:25:19.258 [ForkJoinPool-1-worker-11] INFO  com.intuit.karate - [print] Stiltegebieden
04:25:19.259 [ForkJoinPool-1-worker-11] INFO  com.intuit.karate - [print] [
  "inspire@gbo-provincies.nl",
  "inspire@gbo-provincies.nl",
  "inspire@gbo-provincies.nl"
]

04:25:19.260 [ForkJoinPool-1-worker-11] INFO  com.intuit.karate - [print] organisation: [
  "Interprovinciaal Overleg",
  "Interprovinciaal Overleg",
  "Interprovinciaal Overleg"
]

04:25:19.263 [ForkJoinPool-1-worker-11] INFO  com.intuit.karate - [print] [
  "http://www.opengis.net/def/crs/EPSG/0/http://www.opengis.net/def/crs/EPSG/0/3034",
  "http://nationaalgeoregister.nl/geonetwork/srv/dut/csw?SERVICE=CSW&version=2.0.2&REQUEST=GetRecordById&elementSetName=full&OutputSchema=http://www.isotc211.org/2005/gmd&ID=cc408b2d-09a6-4b2b-9aa3-b46bfe2f00a5",
  "https://creativecommons.org/publicdomain/mark/*/deed.nl",
  ""
]

04:25:19.266 [ForkJoinPool-1-worker-11] INFO  com.intuit.karate - [print]
04:25:19.266 [ForkJoinPool-1-worker-11] INFO  com.intuit.karate - [print] testing xlinkurl:http://www.opengis.net/def/crs/EPSG/0/http://www.opengis.net/def/crs/EPSG/0/3034
04:25:19.310 [ForkJoinPool-1-worker-9] ERROR com.intuit.karate - status code was: 500, expected: 200, response time: 315, url: https://ngr.geocat.live/geonetwork/srv/eng/thesaurus.download?ref=external.theme.httpinspireeceuropaeumetadatacodelistPrioritydataset-Prioritydataset, response: 
04:25:19.311 [ForkJoinPool-1-worker-9] ERROR com.intuit.karate - feature call (loop) failed at index: 2
caller: classpath:InspireTest/ngr/datasetrecords/def/checkxlinkurl.template.feature
arg: {"link":"https://ngr.geocat.live/geonetwork/srv/eng/thesaurus.download?ref=external.theme.httpinspireeceuropaeumetadatacodelistPrioritydataset-Prioritydataset"}
checkxlinkurl.template.feature:15 - status code was: 500, expected: 200, response time: 315, url: https://ngr.geocat.live/geonetwork/srv/eng/thesaurus.download?ref=external.theme.httpinspireeceuropaeumetadatacodelistPrioritydataset-Prioritydataset, response: 
04:25:19.312 [ForkJoinPool-1-worker-9] INFO  com.intuit.karate - [print]
04:25:19.312 [ForkJoinPool-1-worker-9] INFO  com.intuit.karate - [print] testing xlinkurl:urn:ogc:def:crs:EPSG::5709
04:25:19.312 [ForkJoinPool-1-worker-9] ERROR com.intuit.karate - org.apache.http.client.ClientProtocolException: URI does not specify a valid host name: urn:ogc:def:crs:EPSG::5709, http call failed after 0 milliseconds for URL: urn:ogc:def:crs:EPSG::5709
04:25:19.313 [ForkJoinPool-1-worker-9] ERROR com.intuit.karate - http request failed: 
org.apache.http.client.ClientProtocolException: URI does not specify a valid host name: urn:ogc:def:crs:EPSG::5709
04:25:19.313 [ForkJoinPool-1-worker-9] ERROR com.intuit.karate - feature call (loop) failed at index: 3
caller: classpath:InspireTest/ngr/datasetrecords/def/checkxlinkurl.template.feature
arg: {"link":"urn:ogc:def:crs:EPSG::5709"}
checkxlinkurl.template.feature:14 - 
org.apache.http.client.ClientProtocolException: URI does not specify a valid host name: urn:ogc:def:crs:EPSG::5709
04:25:19.333 [ForkJoinPool-1-worker-13] INFO  com.intuit.karate - [print]
04:25:19.333 [ForkJoinPool-1-worker-13] INFO  com.intuit.karate - [print] testing xlinkurl:
04:25:19.333 [ForkJoinPool-1-worker-13] ERROR com.intuit.karate - org.apache.http.client.ClientProtocolException, http call failed after 0 milliseconds for URL: 
04:25:19.333 [ForkJoinPool-1-worker-13] ERROR com.intuit.karate - http request failed: 
org.apache.http.client.ClientProtocolException
04:25:19.333 [ForkJoinPool-1-worker-13] ERROR com.intuit.karate - feature call (loop) failed at index: 2
caller: classpath:InspireTest/ngr/datasetrecords/def/checkxlinkurl.template.feature
arg: {"link":""}
checkxlinkurl.template.feature:14 - 
org.apache.http.client.ClientProtocolException
04:25:19.477 [ForkJoinPool-1-worker-7] INFO  com.intuit.karate - [print]
04:25:19.477 [ForkJoinPool-1-worker-7] INFO  com.intuit.karate - [print] testing xlinkurl:http://nationaalgeoregister.nl/geonetwork/srv/dut/csw?SERVICE=CSW&version=2.0.2&REQUEST=GetRecordById&elementSetName=full&OutputSchema=http://www.isotc211.org/2005/gmd&ID=f002bfc5-7d87-46b6-819e-8415422b65c9
04:25:19.561 [ForkJoinPool-1-worker-11] INFO  com.intuit.karate - [print]
04:25:19.561 [ForkJoinPool-1-worker-11] INFO  com.intuit.karate - [print] testing xlinkurl:http://nationaalgeoregister.nl/geonetwork/srv/dut/csw?SERVICE=CSW&version=2.0.2&REQUEST=GetRecordById&elementSetName=full&OutputSchema=http://www.isotc211.org/2005/gmd&ID=cc408b2d-09a6-4b2b-9aa3-b46bfe2f00a5
04:25:19.566 [ForkJoinPool-1-worker-3] INFO  com.intuit.karate - [print]
04:25:19.566 [ForkJoinPool-1-worker-3] INFO  com.intuit.karate - [print] testing xlinkurl:https://creativecommons.org/publicdomain/mark/*/deed.nl
04:25:19.577 [ForkJoinPool-1-worker-5] INFO  com.intuit.karate - [print] title:Beschermde gebieden - Provincies (INSPIRE geharmoniseerd)
04:25:19.577 [ForkJoinPool-1-worker-5] INFO  com.intuit.karate - [print] Beschermde gebieden - Provincies (INSPIRE geharmoniseerd)
04:25:19.578 [ForkJoinPool-1-worker-5] INFO  com.intuit.karate - [print] [
  "inspire@gbo-provincies.nl",
  "inspire@gbo-provincies.nl",
  "inspire@gbo-provincies.nl"
]

04:25:19.579 [ForkJoinPool-1-worker-5] INFO  com.intuit.karate - [print] organisation: [
  "Interprovinciaal Overleg",
  "Interprovinciaal Overleg",
  "Interprovinciaal Overleg"
]

04:25:19.582 [ForkJoinPool-1-worker-5] INFO  com.intuit.karate - [print] [
  "http://www.opengis.net/def/crs/EPSG/0/http://www.opengis.net/def/crs/EPSG/0/3034",
  "http://nationaalgeoregister.nl/geonetwork/srv/dut/csw?SERVICE=CSW&version=2.0.2&REQUEST=GetRecordById&elementSetName=full&OutputSchema=http://www.isotc211.org/2005/gmd&ID=49ab8bee-b467-486a-96ca-b950443c453a",
  "https://creativecommons.org/publicdomain/mark/*/deed.nl",
  ""
]

04:25:19.586 [ForkJoinPool-1-worker-5] INFO  com.intuit.karate - [print]
04:25:19.586 [ForkJoinPool-1-worker-5] INFO  com.intuit.karate - [print] testing xlinkurl:http://www.opengis.net/def/crs/EPSG/0/http://www.opengis.net/def/crs/EPSG/0/3034
04:25:19.605 [ForkJoinPool-1-worker-3] ERROR com.intuit.karate - status code was: 404, expected: 200, response time: 39, url: https://creativecommons.org/publicdomain/mark/*/deed.nl, response: 
04:25:19.606 [ForkJoinPool-1-worker-3] ERROR com.intuit.karate - feature call (loop) failed at index: 2
caller: classpath:InspireTest/ngr/datasetrecords/def/checkxlinkurl.template.feature
arg: {"link":"https://creativecommons.org/publicdomain/mark/*/deed.nl"}
checkxlinkurl.template.feature:15 - status code was: 404, expected: 200, response time: 39, url: https://creativecommons.org/publicdomain/mark/*/deed.nl, response: 
04:25:19.608 [ForkJoinPool-1-worker-3] INFO  com.intuit.karate - [print]
04:25:19.609 [ForkJoinPool-1-worker-3] INFO  com.intuit.karate - [print] testing xlinkurl:
04:25:19.609 [ForkJoinPool-1-worker-3] ERROR com.intuit.karate - org.apache.http.client.ClientProtocolException, http call failed after 0 milliseconds for URL: 
04:25:19.610 [ForkJoinPool-1-worker-3] ERROR com.intuit.karate - http request failed: 
org.apache.http.client.ClientProtocolException
04:25:19.611 [ForkJoinPool-1-worker-3] ERROR com.intuit.karate - feature call (loop) failed at index: 3
caller: classpath:InspireTest/ngr/datasetrecords/def/checkxlinkurl.template.feature
arg: {"link":""}
checkxlinkurl.template.feature:14 - 
org.apache.http.client.ClientProtocolException
04:25:19.882 [ForkJoinPool-1-worker-5] INFO  com.intuit.karate - [print]
04:25:19.882 [ForkJoinPool-1-worker-5] INFO  com.intuit.karate - [print] testing xlinkurl:http://nationaalgeoregister.nl/geonetwork/srv/dut/csw?SERVICE=CSW&version=2.0.2&REQUEST=GetRecordById&elementSetName=full&OutputSchema=http://www.isotc211.org/2005/gmd&ID=49ab8bee-b467-486a-96ca-b950443c453a
04:25:19.887 [ForkJoinPool-1-worker-9] INFO  com.intuit.karate - [print] title:Kaderrichtlijn Water - Oppervlaktewaterlichamen Nederland EU2015 lijnen
04:25:19.887 [ForkJoinPool-1-worker-9] INFO  com.intuit.karate - [print] Kaderrichtlijn Water - Oppervlaktewaterlichamen Nederland EU2015 lijnen
04:25:19.887 [ForkJoinPool-1-worker-9] INFO  com.intuit.karate - [print] [
  "servicedesk@ihw.nl",
  "servicedesk@ihw.nl",
  "",
  "servicedesk-data@rijkswaterstaat.nl",
  "servicedesk@ihw.nl"
]

04:25:19.889 [ForkJoinPool-1-worker-9] INFO  com.intuit.karate - [print] organisation: [
  "Informatiehuis Water",
  "Informatiehuis Water",
  "",
  "Rijkswaterstaat",
  "Informatiehuis Water"
]

04:25:19.892 [ForkJoinPool-1-worker-9] INFO  com.intuit.karate - [print] [
  "https://www.nationaalgeoregister.nl/geonetwork/srv/dut/catalog.search#/metadata/110f9ec6-4464-462e-9765-83d90cefbeag",
  "http://rdfdata.eionet.europa.eu/inspirethemes/themes/24",
  "https://ngr.geocat.live/geonetwork/srv/eng/thesaurus.download?ref=external.theme.httpinspireeceuropaeumetadatacodelistPrioritydataset-Prioritydataset",
  "urn:ogc:def:crs:EPSG::5709"
]

04:25:19.898 [ForkJoinPool-1-worker-9] INFO  com.intuit.karate - [print]
04:25:19.898 [ForkJoinPool-1-worker-9] INFO  com.intuit.karate - [print] testing xlinkurl:https://www.nationaalgeoregister.nl/geonetwork/srv/dut/catalog.search#/metadata/110f9ec6-4464-462e-9765-83d90cefbeag
04:25:19.956 [ForkJoinPool-1-worker-13] INFO  com.intuit.karate - [print] title:Richtlijn Overstromingsrisico - gebieden met Potentieel Significant Overstromingsrisico EU2018 lijnen
04:25:19.956 [ForkJoinPool-1-worker-13] INFO  com.intuit.karate - [print] Richtlijn Overstromingsrisico - gebieden met Potentieel Significant Overstromingsrisico EU2018 lijnen
04:25:19.958 [ForkJoinPool-1-worker-13] INFO  com.intuit.karate - [print] [
  "servicedesk-data@rijkswaterstaat.nl",
  "servicedesk-data@rijkswaterstaat.nl",
  "",
  "servicedesk-data@rijkswaterstaat.nl",
  "servicedesk-data@rijkswaterstaat.nl"
]

04:25:19.959 [ForkJoinPool-1-worker-13] INFO  com.intuit.karate - [print] organisation: [
  "Rijkswaterstaat",
  "Rijkswaterstaat",
  "",
  "Rijkswaterstaat",
  "Rijkswaterstaat"
]

04:25:19.962 [ForkJoinPool-1-worker-13] INFO  com.intuit.karate - [print] [
  "https://www.nationaalgeoregister.nl/geonetwork/srv/dut/catalog.search#/metadata/ror-9d8e-4758-83fx-28b057f185g1",
  "http://rdfdata.eionet.europa.eu/inspirethemes/themes/25",
  "https://ngr.geocat.live/geonetwork/srv/eng/thesaurus.download?ref=external.theme.httpinspireeceuropaeumetadatacodelistPrioritydataset-Prioritydataset",
  "urn:ogc:def:crs:EPSG::5709"
]

04:25:19.967 [ForkJoinPool-1-worker-13] INFO  com.intuit.karate - [print]
04:25:19.967 [ForkJoinPool-1-worker-13] INFO  com.intuit.karate - [print] testing xlinkurl:https://www.nationaalgeoregister.nl/geonetwork/srv/dut/catalog.search#/metadata/ror-9d8e-4758-83fx-28b057f185g1
04:25:19.989 [ForkJoinPool-1-worker-7] INFO  com.intuit.karate - [print]
04:25:19.989 [ForkJoinPool-1-worker-7] INFO  com.intuit.karate - [print] testing xlinkurl:https://creativecommons.org/publicdomain/mark/*/deed.nl
04:25:20.024 [ForkJoinPool-1-worker-7] ERROR com.intuit.karate - status code was: 404, expected: 200, response time: 35, url: https://creativecommons.org/publicdomain/mark/*/deed.nl, response: 
04:25:20.025 [ForkJoinPool-1-worker-7] ERROR com.intuit.karate - feature call (loop) failed at index: 2
caller: classpath:InspireTest/ngr/datasetrecords/def/checkxlinkurl.template.feature
arg: {"link":"https://creativecommons.org/publicdomain/mark/*/deed.nl"}
checkxlinkurl.template.feature:15 - status code was: 404, expected: 200, response time: 35, url: https://creativecommons.org/publicdomain/mark/*/deed.nl, response: 
04:25:20.026 [ForkJoinPool-1-worker-7] INFO  com.intuit.karate - [print]
04:25:20.026 [ForkJoinPool-1-worker-7] INFO  com.intuit.karate - [print] testing xlinkurl:
04:25:20.027 [ForkJoinPool-1-worker-7] ERROR com.intuit.karate - org.apache.http.client.ClientProtocolException, http call failed after 0 milliseconds for URL: 
04:25:20.027 [ForkJoinPool-1-worker-7] ERROR com.intuit.karate - http request failed: 
org.apache.http.client.ClientProtocolException
04:25:20.027 [ForkJoinPool-1-worker-7] ERROR com.intuit.karate - feature call (loop) failed at index: 3
caller: classpath:InspireTest/ngr/datasetrecords/def/checkxlinkurl.template.feature
arg: {"link":""}
checkxlinkurl.template.feature:14 - 
org.apache.http.client.ClientProtocolException
04:25:20.036 [ForkJoinPool-1-worker-11] INFO  com.intuit.karate - [print]
04:25:20.036 [ForkJoinPool-1-worker-11] INFO  com.intuit.karate - [print] testing xlinkurl:https://creativecommons.org/publicdomain/mark/*/deed.nl
04:25:20.079 [ForkJoinPool-1-worker-11] ERROR com.intuit.karate - status code was: 404, expected: 200, response time: 43, url: https://creativecommons.org/publicdomain/mark/*/deed.nl, response: 
04:25:20.079 [ForkJoinPool-1-worker-11] ERROR com.intuit.karate - feature call (loop) failed at index: 2
caller: classpath:InspireTest/ngr/datasetrecords/def/checkxlinkurl.template.feature
arg: {"link":"https://creativecommons.org/publicdomain/mark/*/deed.nl"}
checkxlinkurl.template.feature:15 - status code was: 404, expected: 200, response time: 43, url: https://creativecommons.org/publicdomain/mark/*/deed.nl, response: 
04:25:20.080 [ForkJoinPool-1-worker-11] INFO  com.intuit.karate - [print]
04:25:20.081 [ForkJoinPool-1-worker-11] INFO  com.intuit.karate - [print] testing xlinkurl:
04:25:20.081 [ForkJoinPool-1-worker-11] ERROR com.intuit.karate - org.apache.http.client.ClientProtocolException, http call failed after 0 milliseconds for URL: 
04:25:20.081 [ForkJoinPool-1-worker-11] ERROR com.intuit.karate - http request failed: 
org.apache.http.client.ClientProtocolException
04:25:20.081 [ForkJoinPool-1-worker-11] ERROR com.intuit.karate - feature call (loop) failed at index: 3
caller: classpath:InspireTest/ngr/datasetrecords/def/checkxlinkurl.template.feature
arg: {"link":""}
checkxlinkurl.template.feature:14 - 
org.apache.http.client.ClientProtocolException
04:25:20.130 [ForkJoinPool-1-worker-3] INFO  com.intuit.karate - [print] title:NWB - Wegen
04:25:20.130 [ForkJoinPool-1-worker-3] INFO  com.intuit.karate - [print] NWB - Wegen
04:25:20.131 [ForkJoinPool-1-worker-3] INFO  com.intuit.karate - [print] [
  "servicedesk-data@rijkswaterstaat.nl",
  "servicedesk-data@rijkswaterstaat.nl",
  "",
  "servicedesk-data@rijkswaterstaat.nl",
  "servicedesk-data@rws.n"
]

04:25:20.132 [ForkJoinPool-1-worker-3] INFO  com.intuit.karate - [print] organisation: [
  "Rijkswaterstaat",
  "Rijkswaterstaat",
  "",
  "Rijkswaterstaat",
  "Rijkswaterstaat"
]

04:25:20.135 [ForkJoinPool-1-worker-3] INFO  com.intuit.karate - [print] [
  "https://www.nationaalgeoregister.nl/geonetwork/srv/dut/catalog.search#/metadata/a9b7026e-0a81-4813-93bd-ba49e6f28502",
  "http://rdfdata.eionet.europa.eu/inspirethemes/themes/7",
  "http://rdfdata.eionet.europa.eu/inspirethemes/themes/18",
  "https://ngr.geocat.live/geonetwork/srv/eng/thesaurus.download?ref=external.theme.httpinspireeceuropaeumetadatacodelistPrioritydataset-Prioritydataset",
  "urn:ogc:def:crs:EPSG::5709"
]

04:25:20.143 [ForkJoinPool-1-worker-3] INFO  com.intuit.karate - [print]
04:25:20.143 [ForkJoinPool-1-worker-3] INFO  com.intuit.karate - [print] testing xlinkurl:https://www.nationaalgeoregister.nl/geonetwork/srv/dut/catalog.search#/metadata/a9b7026e-0a81-4813-93bd-ba49e6f28502
04:25:20.224 [ForkJoinPool-1-worker-9] INFO  com.intuit.karate - [print]
04:25:20.224 [ForkJoinPool-1-worker-9] INFO  com.intuit.karate - [print] testing xlinkurl:http://rdfdata.eionet.europa.eu/inspirethemes/themes/24
04:25:20.292 [ForkJoinPool-1-worker-13] INFO  com.intuit.karate - [print]
04:25:20.293 [ForkJoinPool-1-worker-13] INFO  com.intuit.karate - [print] testing xlinkurl:http://rdfdata.eionet.europa.eu/inspirethemes/themes/25
04:25:20.355 [ForkJoinPool-1-worker-5] INFO  com.intuit.karate - [print]
04:25:20.355 [ForkJoinPool-1-worker-5] INFO  com.intuit.karate - [print] testing xlinkurl:https://creativecommons.org/publicdomain/mark/*/deed.nl
04:25:20.391 [ForkJoinPool-1-worker-5] ERROR com.intuit.karate - status code was: 404, expected: 200, response time: 35, url: https://creativecommons.org/publicdomain/mark/*/deed.nl, response: 
04:25:20.392 [ForkJoinPool-1-worker-5] ERROR com.intuit.karate - feature call (loop) failed at index: 2
caller: classpath:InspireTest/ngr/datasetrecords/def/checkxlinkurl.template.feature
arg: {"link":"https://creativecommons.org/publicdomain/mark/*/deed.nl"}
checkxlinkurl.template.feature:15 - status code was: 404, expected: 200, response time: 35, url: https://creativecommons.org/publicdomain/mark/*/deed.nl, response: 
04:25:20.394 [ForkJoinPool-1-worker-5] INFO  com.intuit.karate - [print]
04:25:20.395 [ForkJoinPool-1-worker-5] INFO  com.intuit.karate - [print] testing xlinkurl:
04:25:20.396 [ForkJoinPool-1-worker-5] ERROR com.intuit.karate - org.apache.http.client.ClientProtocolException, http call failed after 0 milliseconds for URL: 
04:25:20.396 [ForkJoinPool-1-worker-5] ERROR com.intuit.karate - http request failed: 
org.apache.http.client.ClientProtocolException
04:25:20.397 [ForkJoinPool-1-worker-5] ERROR com.intuit.karate - feature call (loop) failed at index: 3
caller: classpath:InspireTest/ngr/datasetrecords/def/checkxlinkurl.template.feature
arg: {"link":""}
checkxlinkurl.template.feature:14 - 
org.apache.http.client.ClientProtocolException
04:25:20.425 [ForkJoinPool-1-worker-9] ERROR com.intuit.karate - status code was: 404, expected: 200, response time: 200, url: http://rdfdata.eionet.europa.eu/inspirethemes/themes/24, response: 
04:25:20.425 [ForkJoinPool-1-worker-9] ERROR com.intuit.karate - feature call (loop) failed at index: 1
caller: classpath:InspireTest/ngr/datasetrecords/def/checkxlinkurl.template.feature
arg: {"link":"http://rdfdata.eionet.europa.eu/inspirethemes/themes/24"}
checkxlinkurl.template.feature:15 - status code was: 404, expected: 200, response time: 200, url: http://rdfdata.eionet.europa.eu/inspirethemes/themes/24, response: 
04:25:20.426 [ForkJoinPool-1-worker-9] INFO  com.intuit.karate - [print]
04:25:20.427 [ForkJoinPool-1-worker-9] INFO  com.intuit.karate - [print] testing xlinkurl:https://ngr.geocat.live/geonetwork/srv/eng/thesaurus.download?ref=external.theme.httpinspireeceuropaeumetadatacodelistPrioritydataset-Prioritydataset
04:25:20.450 [ForkJoinPool-1-worker-3] INFO  com.intuit.karate - [print]
04:25:20.450 [ForkJoinPool-1-worker-3] INFO  com.intuit.karate - [print] testing xlinkurl:http://rdfdata.eionet.europa.eu/inspirethemes/themes/7
04:25:20.495 [ForkJoinPool-1-worker-13] ERROR com.intuit.karate - status code was: 404, expected: 200, response time: 201, url: http://rdfdata.eionet.europa.eu/inspirethemes/themes/25, response: 
04:25:20.495 [ForkJoinPool-1-worker-13] ERROR com.intuit.karate - feature call (loop) failed at index: 1
caller: classpath:InspireTest/ngr/datasetrecords/def/checkxlinkurl.template.feature
arg: {"link":"http://rdfdata.eionet.europa.eu/inspirethemes/themes/25"}
checkxlinkurl.template.feature:15 - status code was: 404, expected: 200, response time: 201, url: http://rdfdata.eionet.europa.eu/inspirethemes/themes/25, response: 
04:25:20.497 [ForkJoinPool-1-worker-13] INFO  com.intuit.karate - [print]
04:25:20.497 [ForkJoinPool-1-worker-13] INFO  com.intuit.karate - [print] testing xlinkurl:https://ngr.geocat.live/geonetwork/srv/eng/thesaurus.download?ref=external.theme.httpinspireeceuropaeumetadatacodelistPrioritydataset-Prioritydataset
04:25:20.540 [ForkJoinPool-1-worker-7] INFO  com.intuit.karate - [print] title:CBS Vierkantstatistieken 500m
04:25:20.542 [ForkJoinPool-1-worker-7] INFO  com.intuit.karate - [print] CBS Vierkantstatistieken 500m
04:25:20.544 [ForkJoinPool-1-worker-7] INFO  com.intuit.karate - [print] [
  "infoservice@cbs.nl",
  "infoservice@cbs.nl",
  "infoservice@cbs.nl",
  ""
]

04:25:20.547 [ForkJoinPool-1-worker-7] INFO  com.intuit.karate - [print] organisation: [
  "Centraal Bureau voor de Statistiek",
  "Centraal Bureau voor de Statistiek",
  "Centraal Bureau voor de Statistiek",
  "Centraal Bureau voor de Statistiek"
]

04:25:20.551 [ForkJoinPool-1-worker-7] INFO  com.intuit.karate - [print] [
  "http://geodata.nationaalgeoregister.nl/cbsvierkanten500mv2/atom/cbsvierkanten500mv2.xml"
]

04:25:20.554 [ForkJoinPool-1-worker-7] INFO  com.intuit.karate - [print]
04:25:20.554 [ForkJoinPool-1-worker-7] INFO  com.intuit.karate - [print] testing xlinkurl:http://geodata.nationaalgeoregister.nl/cbsvierkanten500mv2/atom/cbsvierkanten500mv2.xml
04:25:20.597 [ForkJoinPool-1-worker-11] INFO  com.intuit.karate - [print] title:CBS Vierkantstatistieken 100m
04:25:20.597 [ForkJoinPool-1-worker-11] INFO  com.intuit.karate - [print] CBS Vierkantstatistieken 100m
04:25:20.598 [ForkJoinPool-1-worker-11] INFO  com.intuit.karate - [print] [
  "infoservice@cbs.nl",
  "infoservice@cbs.nl",
  "infoservice@cbs.nl",
  ""
]

04:25:20.599 [ForkJoinPool-1-worker-11] INFO  com.intuit.karate - [print] organisation: [
  "Centraal Bureau voor de Statistiek",
  "Centraal Bureau voor de Statistiek",
  "Centraal Bureau voor de Statistiek",
  "Centraal Bureau voor de Statistiek"
]

04:25:20.602 [ForkJoinPool-1-worker-11] INFO  com.intuit.karate - [print] [
  "http://geodata.nationaalgeoregister.nl/cbsvierkanten100mv2/atom/cbsvierkanten100mv2.xml"
]

04:25:20.607 [ForkJoinPool-1-worker-11] INFO  com.intuit.karate - [print]
04:25:20.607 [ForkJoinPool-1-worker-11] INFO  com.intuit.karate - [print] testing xlinkurl:http://geodata.nationaalgeoregister.nl/cbsvierkanten100mv2/atom/cbsvierkanten100mv2.xml
04:25:20.650 [ForkJoinPool-1-worker-3] ERROR com.intuit.karate - status code was: 404, expected: 200, response time: 199, url: http://rdfdata.eionet.europa.eu/inspirethemes/themes/7, response: 
04:25:20.650 [ForkJoinPool-1-worker-3] ERROR com.intuit.karate - feature call (loop) failed at index: 1
caller: classpath:InspireTest/ngr/datasetrecords/def/checkxlinkurl.template.feature
arg: {"link":"http://rdfdata.eionet.europa.eu/inspirethemes/themes/7"}
checkxlinkurl.template.feature:15 - status code was: 404, expected: 200, response time: 199, url: http://rdfdata.eionet.europa.eu/inspirethemes/themes/7, response: 
04:25:20.651 [ForkJoinPool-1-worker-3] INFO  com.intuit.karate - [print]
04:25:20.652 [ForkJoinPool-1-worker-3] INFO  com.intuit.karate - [print] testing xlinkurl:http://rdfdata.eionet.europa.eu/inspirethemes/themes/18
04:25:20.731 [ForkJoinPool-1-worker-9] ERROR com.intuit.karate - status code was: 500, expected: 200, response time: 304, url: https://ngr.geocat.live/geonetwork/srv/eng/thesaurus.download?ref=external.theme.httpinspireeceuropaeumetadatacodelistPrioritydataset-Prioritydataset, response: 
04:25:20.731 [ForkJoinPool-1-worker-9] ERROR com.intuit.karate - feature call (loop) failed at index: 2
caller: classpath:InspireTest/ngr/datasetrecords/def/checkxlinkurl.template.feature
arg: {"link":"https://ngr.geocat.live/geonetwork/srv/eng/thesaurus.download?ref=external.theme.httpinspireeceuropaeumetadatacodelistPrioritydataset-Prioritydataset"}
checkxlinkurl.template.feature:15 - status code was: 500, expected: 200, response time: 304, url: https://ngr.geocat.live/geonetwork/srv/eng/thesaurus.download?ref=external.theme.httpinspireeceuropaeumetadatacodelistPrioritydataset-Prioritydataset, response: 
04:25:20.732 [ForkJoinPool-1-worker-9] INFO  com.intuit.karate - [print]
04:25:20.732 [ForkJoinPool-1-worker-9] INFO  com.intuit.karate - [print] testing xlinkurl:urn:ogc:def:crs:EPSG::5709
04:25:20.733 [ForkJoinPool-1-worker-9] ERROR com.intuit.karate - org.apache.http.client.ClientProtocolException: URI does not specify a valid host name: urn:ogc:def:crs:EPSG::5709, http call failed after 0 milliseconds for URL: urn:ogc:def:crs:EPSG::5709
04:25:20.733 [ForkJoinPool-1-worker-9] ERROR com.intuit.karate - http request failed: 
org.apache.http.client.ClientProtocolException: URI does not specify a valid host name: urn:ogc:def:crs:EPSG::5709
04:25:20.733 [ForkJoinPool-1-worker-9] ERROR com.intuit.karate - feature call (loop) failed at index: 3
caller: classpath:InspireTest/ngr/datasetrecords/def/checkxlinkurl.template.feature
arg: {"link":"urn:ogc:def:crs:EPSG::5709"}
checkxlinkurl.template.feature:14 - 
org.apache.http.client.ClientProtocolException: URI does not specify a valid host name: urn:ogc:def:crs:EPSG::5709
04:25:20.803 [ForkJoinPool-1-worker-13] ERROR com.intuit.karate - status code was: 500, expected: 200, response time: 306, url: https://ngr.geocat.live/geonetwork/srv/eng/thesaurus.download?ref=external.theme.httpinspireeceuropaeumetadatacodelistPrioritydataset-Prioritydataset, response: 
04:25:20.803 [ForkJoinPool-1-worker-13] ERROR com.intuit.karate - feature call (loop) failed at index: 2
caller: classpath:InspireTest/ngr/datasetrecords/def/checkxlinkurl.template.feature
arg: {"link":"https://ngr.geocat.live/geonetwork/srv/eng/thesaurus.download?ref=external.theme.httpinspireeceuropaeumetadatacodelistPrioritydataset-Prioritydataset"}
checkxlinkurl.template.feature:15 - status code was: 500, expected: 200, response time: 306, url: https://ngr.geocat.live/geonetwork/srv/eng/thesaurus.download?ref=external.theme.httpinspireeceuropaeumetadatacodelistPrioritydataset-Prioritydataset, response: 
04:25:20.804 [ForkJoinPool-1-worker-13] INFO  com.intuit.karate - [print]
04:25:20.804 [ForkJoinPool-1-worker-13] INFO  com.intuit.karate - [print] testing xlinkurl:urn:ogc:def:crs:EPSG::5709
04:25:20.804 [ForkJoinPool-1-worker-13] ERROR com.intuit.karate - org.apache.http.client.ClientProtocolException: URI does not specify a valid host name: urn:ogc:def:crs:EPSG::5709, http call failed after 0 milliseconds for URL: urn:ogc:def:crs:EPSG::5709
04:25:20.804 [ForkJoinPool-1-worker-13] ERROR com.intuit.karate - http request failed: 
org.apache.http.client.ClientProtocolException: URI does not specify a valid host name: urn:ogc:def:crs:EPSG::5709
04:25:20.804 [ForkJoinPool-1-worker-13] ERROR com.intuit.karate - feature call (loop) failed at index: 3
caller: classpath:InspireTest/ngr/datasetrecords/def/checkxlinkurl.template.feature
arg: {"link":"urn:ogc:def:crs:EPSG::5709"}
checkxlinkurl.template.feature:14 - 
org.apache.http.client.ClientProtocolException: URI does not specify a valid host name: urn:ogc:def:crs:EPSG::5709
04:25:20.852 [ForkJoinPool-1-worker-3] ERROR com.intuit.karate - status code was: 404, expected: 200, response time: 199, url: http://rdfdata.eionet.europa.eu/inspirethemes/themes/18, response: 
04:25:20.852 [ForkJoinPool-1-worker-3] ERROR com.intuit.karate - feature call (loop) failed at index: 2
caller: classpath:InspireTest/ngr/datasetrecords/def/checkxlinkurl.template.feature
arg: {"link":"http://rdfdata.eionet.europa.eu/inspirethemes/themes/18"}
checkxlinkurl.template.feature:15 - status code was: 404, expected: 200, response time: 199, url: http://rdfdata.eionet.europa.eu/inspirethemes/themes/18, response: 
04:25:20.853 [ForkJoinPool-1-worker-3] INFO  com.intuit.karate - [print]
04:25:20.854 [ForkJoinPool-1-worker-3] INFO  com.intuit.karate - [print] testing xlinkurl:https://ngr.geocat.live/geonetwork/srv/eng/thesaurus.download?ref=external.theme.httpinspireeceuropaeumetadatacodelistPrioritydataset-Prioritydataset
04:25:20.922 [ForkJoinPool-1-worker-5] INFO  com.intuit.karate - [print] title:Wijk- en Buurtkaart 2016 versie 3
04:25:20.922 [ForkJoinPool-1-worker-5] INFO  com.intuit.karate - [print] Wijk- en Buurtkaart 2016 versie 3
04:25:20.923 [ForkJoinPool-1-worker-5] INFO  com.intuit.karate - [print] [
  "infoservice@cbs.nl",
  "infoservice@cbs.nl",
  "infoservice@cbs.nl",
  "",
  ""
]

04:25:20.925 [ForkJoinPool-1-worker-5] INFO  com.intuit.karate - [print] organisation: [
  "Centraal Bureau voor de Statistiek",
  "Centraal Bureau voor de Statistiek",
  "Centraal Bureau voor de Statistiek",
  "Kadaster"
]

04:25:20.928 [ForkJoinPool-1-worker-5] INFO  com.intuit.karate - [print] [
  ""
]

04:25:20.933 [ForkJoinPool-1-worker-5] INFO  com.intuit.karate - [print]
04:25:20.933 [ForkJoinPool-1-worker-5] INFO  com.intuit.karate - [print] testing xlinkurl:
04:25:20.934 [ForkJoinPool-1-worker-5] ERROR com.intuit.karate - org.apache.http.client.ClientProtocolException, http call failed after 0 milliseconds for URL: 
04:25:20.934 [ForkJoinPool-1-worker-5] ERROR com.intuit.karate - http request failed: 
org.apache.http.client.ClientProtocolException
04:25:20.934 [ForkJoinPool-1-worker-5] ERROR com.intuit.karate - feature call (loop) failed at index: 0
caller: classpath:InspireTest/ngr/datasetrecords/def/checkxlinkurl.template.feature
arg: {"link":""}
checkxlinkurl.template.feature:14 - 
org.apache.http.client.ClientProtocolException
04:25:21.164 [ForkJoinPool-1-worker-3] ERROR com.intuit.karate - status code was: 500, expected: 200, response time: 310, url: https://ngr.geocat.live/geonetwork/srv/eng/thesaurus.download?ref=external.theme.httpinspireeceuropaeumetadatacodelistPrioritydataset-Prioritydataset, response: 
04:25:21.164 [ForkJoinPool-1-worker-3] ERROR com.intuit.karate - feature call (loop) failed at index: 3
caller: classpath:InspireTest/ngr/datasetrecords/def/checkxlinkurl.template.feature
arg: {"link":"https://ngr.geocat.live/geonetwork/srv/eng/thesaurus.download?ref=external.theme.httpinspireeceuropaeumetadatacodelistPrioritydataset-Prioritydataset"}
checkxlinkurl.template.feature:15 - status code was: 500, expected: 200, response time: 310, url: https://ngr.geocat.live/geonetwork/srv/eng/thesaurus.download?ref=external.theme.httpinspireeceuropaeumetadatacodelistPrioritydataset-Prioritydataset, response: 
04:25:21.166 [ForkJoinPool-1-worker-3] INFO  com.intuit.karate - [print]
04:25:21.167 [ForkJoinPool-1-worker-3] INFO  com.intuit.karate - [print] testing xlinkurl:urn:ogc:def:crs:EPSG::5709
04:25:21.168 [ForkJoinPool-1-worker-3] ERROR com.intuit.karate - org.apache.http.client.ClientProtocolException: URI does not specify a valid host name: urn:ogc:def:crs:EPSG::5709, http call failed after 0 milliseconds for URL: urn:ogc:def:crs:EPSG::5709
04:25:21.169 [ForkJoinPool-1-worker-3] ERROR com.intuit.karate - http request failed: 
org.apache.http.client.ClientProtocolException: URI does not specify a valid host name: urn:ogc:def:crs:EPSG::5709
04:25:21.170 [ForkJoinPool-1-worker-3] ERROR com.intuit.karate - feature call (loop) failed at index: 4
caller: classpath:InspireTest/ngr/datasetrecords/def/checkxlinkurl.template.feature
arg: {"link":"urn:ogc:def:crs:EPSG::5709"}
checkxlinkurl.template.feature:14 - 
org.apache.http.client.ClientProtocolException: URI does not specify a valid host name: urn:ogc:def:crs:EPSG::5709
04:25:21.262 [ForkJoinPool-1-worker-9] INFO  com.intuit.karate - [print] title:Gebouwen
04:25:21.263 [ForkJoinPool-1-worker-9] INFO  com.intuit.karate - [print] Gebouwen
04:25:21.263 [ForkJoinPool-1-worker-9] INFO  com.intuit.karate - [print] [
  "PPB-GVA@kadaster.nl",
  "kcc@kadaster.nl",
  "kcc@kadaster.nl"
]

04:25:21.264 [ForkJoinPool-1-worker-9] INFO  com.intuit.karate - [print] organisation: [
  "Kadaster",
  "Kadaster",
  "Kadaster"
]

04:25:21.267 [ForkJoinPool-1-worker-9] INFO  com.intuit.karate - [print] [
  "http://kadaster/79a1c01b-21ad-43e8-a5c2-23e3eeb95be2",
  ""
]

04:25:21.272 [ForkJoinPool-1-worker-9] INFO  com.intuit.karate - [print]
04:25:21.272 [ForkJoinPool-1-worker-9] INFO  com.intuit.karate - [print] testing xlinkurl:http://kadaster/79a1c01b-21ad-43e8-a5c2-23e3eeb95be2
04:25:21.273 [ForkJoinPool-1-worker-9] ERROR com.intuit.karate - java.net.UnknownHostException: kadaster, http call failed after 0 milliseconds for URL: http://kadaster/79a1c01b-21ad-43e8-a5c2-23e3eeb95be2
04:25:21.273 [ForkJoinPool-1-worker-9] ERROR com.intuit.karate - http request failed: 
java.net.UnknownHostException: kadaster
04:25:21.273 [ForkJoinPool-1-worker-9] ERROR com.intuit.karate - feature call (loop) failed at index: 0
caller: classpath:InspireTest/ngr/datasetrecords/def/checkxlinkurl.template.feature
arg: {"link":"http://kadaster/79a1c01b-21ad-43e8-a5c2-23e3eeb95be2"}
checkxlinkurl.template.feature:14 - 
java.net.UnknownHostException: kadaster
04:25:21.274 [ForkJoinPool-1-worker-9] INFO  com.intuit.karate - [print]
04:25:21.274 [ForkJoinPool-1-worker-9] INFO  com.intuit.karate - [print] testing xlinkurl:
04:25:21.274 [ForkJoinPool-1-worker-9] ERROR com.intuit.karate - org.apache.http.client.ClientProtocolException, http call failed after 0 milliseconds for URL: 
04:25:21.276 [ForkJoinPool-1-worker-9] ERROR com.intuit.karate - http request failed: 
org.apache.http.client.ClientProtocolException
04:25:21.276 [ForkJoinPool-1-worker-9] ERROR com.intuit.karate - feature call (loop) failed at index: 1
caller: classpath:InspireTest/ngr/datasetrecords/def/checkxlinkurl.template.feature
arg: {"link":""}
checkxlinkurl.template.feature:14 - 
org.apache.http.client.ClientProtocolException
04:25:21.326 [ForkJoinPool-1-worker-7] INFO  com.intuit.karate - [print] title:Waterstanden en afvoeren verwacht - Rijkswaterstaat
04:25:21.326 [ForkJoinPool-1-worker-7] INFO  com.intuit.karate - [print] Waterstanden en afvoeren verwacht - Rijkswaterstaat
04:25:21.329 [ForkJoinPool-1-worker-7] INFO  com.intuit.karate - [print] [
  "servicedesk-data@rijkswaterstaat.nl",
  "servicedesk-data@rijkswaterstaat.nl",
  "",
  "servicedesk-data@rijkswaterstaat.nl",
  "servicedesk-data@rijkswaterstaat.nl"
]

04:25:21.331 [ForkJoinPool-1-worker-7] INFO  com.intuit.karate - [print] organisation: [
  "Rijkswaterstaat",
  "Rijkswaterstaat",
  "",
  "Rijkswaterstaat",
  "Rijkswaterstaat"
]

04:25:21.335 [ForkJoinPool-1-worker-7] INFO  com.intuit.karate - [print] [
  "https://www.nationaalgeoregister.nl/geonetwork/srv/dut/catalog.search#/metadata/25294679-adb9-4c39-a93b-6954ff9414ac",
  "http://rdfdata.eionet.europa.eu/inspirethemes/themes/20",
  "http://rdfdata.eionet.europa.eu/inspirethemes/themes/28",
  "urn:ogc:def:crs:EPSG::5709"
]

04:25:21.340 [ForkJoinPool-1-worker-7] INFO  com.intuit.karate - [print]
04:25:21.340 [ForkJoinPool-1-worker-7] INFO  com.intuit.karate - [print] testing xlinkurl:https://www.nationaalgeoregister.nl/geonetwork/srv/dut/catalog.search#/metadata/25294679-adb9-4c39-a93b-6954ff9414ac
04:25:21.394 [ForkJoinPool-1-worker-11] INFO  com.intuit.karate - [print] title:NB-wetgebieden buiten Natura 2000
04:25:21.395 [ForkJoinPool-1-worker-11] INFO  com.intuit.karate - [print] NB-wetgebieden buiten Natura 2000
04:25:21.395 [ForkJoinPool-1-worker-11] INFO  com.intuit.karate - [print] [
  "inspire@gbo-provincies.nl",
  "inspire@gbo-provincies.nl",
  "inspire@gbo-provincies.nl"
]

04:25:21.397 [ForkJoinPool-1-worker-11] INFO  com.intuit.karate - [print] organisation: [
  "Interprovinciaal Overleg",
  "Interprovinciaal Overleg",
  "Interprovinciaal Overleg"
]

04:25:21.401 [ForkJoinPool-1-worker-11] INFO  com.intuit.karate - [print] [
  "http://www.opengis.net/def/crs/EPSG/0/http://www.opengis.net/def/crs/EPSG/0/3034",
  "http://nationaalgeoregister.nl/geonetwork/srv/dut/csw?SERVICE=CSW&version=2.0.2&REQUEST=GetRecordById&elementSetName=full&OutputSchema=http://www.isotc211.org/2005/gmd&ID=f0821bfe-5a0a-11e9-8647-d663bd873d93",
  "https://creativecommons.org/publicdomain/mark/*/deed.nl",
  ""
]

04:25:21.404 [ForkJoinPool-1-worker-11] INFO  com.intuit.karate - [print]
04:25:21.404 [ForkJoinPool-1-worker-11] INFO  com.intuit.karate - [print] testing xlinkurl:http://www.opengis.net/def/crs/EPSG/0/http://www.opengis.net/def/crs/EPSG/0/3034
04:25:21.434 [ForkJoinPool-1-worker-13] INFO  com.intuit.karate - [print] title:Natuurbranden
04:25:21.435 [ForkJoinPool-1-worker-13] INFO  com.intuit.karate - [print] Natuurbranden
04:25:21.436 [ForkJoinPool-1-worker-13] INFO  com.intuit.karate - [print] [
  "inspire@gbo-provincies.nl",
  "inspire@gbo-provincies.nl",
  "inspire@gbo-provincies.nl"
]

04:25:21.437 [ForkJoinPool-1-worker-13] INFO  com.intuit.karate - [print] organisation: [
  "Interprovinciaal Overleg",
  "Interprovinciaal Overleg",
  "Interprovinciaal Overleg"
]

04:25:21.441 [ForkJoinPool-1-worker-13] INFO  com.intuit.karate - [print] [
  "http://www.opengis.net/def/crs/EPSG/0/http://www.opengis.net/def/crs/EPSG/0/3034",
  "http://nationaalgeoregister.nl/geonetwork/srv/dut/csw?SERVICE=CSW&version=2.0.2&REQUEST=GetRecordById&elementSetName=full&OutputSchema=http://www.isotc211.org/2005/gmd&ID=88f76a94-ee4d-4e0c-9fde-91b692403e39",
  "https://creativecommons.org/publicdomain/mark/*/deed.nl",
  ""
]

04:25:21.444 [ForkJoinPool-1-worker-13] INFO  com.intuit.karate - [print]
04:25:21.444 [ForkJoinPool-1-worker-13] INFO  com.intuit.karate - [print] testing xlinkurl:http://www.opengis.net/def/crs/EPSG/0/http://www.opengis.net/def/crs/EPSG/0/3034
04:25:21.462 [ForkJoinPool-1-worker-5] INFO  com.intuit.karate - [print] title:Vervoersnetwerken - Wegen (INSPIRE geharmoniseerd) - RWS
04:25:21.462 [ForkJoinPool-1-worker-5] INFO  com.intuit.karate - [print] Vervoersnetwerken - Wegen (INSPIRE geharmoniseerd) - RWS
04:25:21.463 [ForkJoinPool-1-worker-5] INFO  com.intuit.karate - [print] [
  "servicedesk-data@rijkswaterstaat.nl",
  "beheerPDOK@kadaster.nl",
  "",
  "beheerPDOK@kadaster.nl",
  "servicedesk-data@rijkswaterstaat.nl"
]

04:25:21.465 [ForkJoinPool-1-worker-5] INFO  com.intuit.karate - [print] organisation: [
  "Rijkswaterstaat",
  "Rijkswaterstaat",
  "",
  "Beheer PDOK",
  "Rijkswaterstaat"
]

04:25:21.469 [ForkJoinPool-1-worker-5] INFO  com.intuit.karate - [print] [
  "https://www.nationaalgeoregister.nl/geonetwork/srv/dut/catalog.search#/metadata/eu-cb527d-f6db-4835-b0cd-deb245241254",
  "http://rdfdata.eionet.europa.eu/inspirethemes/themes/7",
  "http://inspire.ec.europa.eu/metadata-codelist/Prioritydataset/SurfaceWaterBodies-dir-2000-60",
  "https://ngr.geocat.live/geonetwork/srv/eng/thesaurus.download?ref=external.theme.httpinspireeceuropaeumetadatacodelistPrioritydataset-Prioritydataset"
]

04:25:21.475 [ForkJoinPool-1-worker-5] INFO  com.intuit.karate - [print]
04:25:21.475 [ForkJoinPool-1-worker-5] INFO  com.intuit.karate - [print] testing xlinkurl:https://www.nationaalgeoregister.nl/geonetwork/srv/dut/catalog.search#/metadata/eu-cb527d-f6db-4835-b0cd-deb245241254
04:25:21.662 [ForkJoinPool-1-worker-7] INFO  com.intuit.karate - [print]
04:25:21.663 [ForkJoinPool-1-worker-7] INFO  com.intuit.karate - [print] testing xlinkurl:http://rdfdata.eionet.europa.eu/inspirethemes/themes/20
04:25:21.703 [ForkJoinPool-1-worker-11] INFO  com.intuit.karate - [print]
04:25:21.703 [ForkJoinPool-1-worker-11] INFO  com.intuit.karate - [print] testing xlinkurl:http://nationaalgeoregister.nl/geonetwork/srv/dut/csw?SERVICE=CSW&version=2.0.2&REQUEST=GetRecordById&elementSetName=full&OutputSchema=http://www.isotc211.org/2005/gmd&ID=f0821bfe-5a0a-11e9-8647-d663bd873d93
04:25:21.720 [ForkJoinPool-1-worker-3] INFO  com.intuit.karate - [print] title:EEZ volgens UNCLOS - Noordzee
04:25:21.720 [ForkJoinPool-1-worker-3] INFO  com.intuit.karate - [print] EEZ volgens UNCLOS - Noordzee
04:25:21.721 [ForkJoinPool-1-worker-3] INFO  com.intuit.karate - [print] [
  "data@hydro.nl",
  "data@hydro.nl",
  "data@hydro.nl",
  "",
  ""
]

04:25:21.722 [ForkJoinPool-1-worker-3] INFO  com.intuit.karate - [print] organisation: [
  "Ministerie van Defensie, Koninklijke Marine, Dienst der Hydrografie",
  "Ministerie van Defensie, Koninklijke Marine, Dienst der Hydrografie",
  "Ministerie van Defensie, Koninklijke Marine, Dienst der Hydrografie"
]

04:25:21.725 [ForkJoinPool-1-worker-3] INFO  com.intuit.karate - [print] [
  "http://www.opengis.net/def/crs/EPSG/0/https://www.opengis.net/def/crs/EPSG/0/4258",
  "https://www.nationaalgeoregister.nl/geonetwork/srv/api/recordse8b84fae-00b3-49c1-80c1-df8f69f64e8c"
]

04:25:21.728 [ForkJoinPool-1-worker-3] INFO  com.intuit.karate - [print]
04:25:21.728 [ForkJoinPool-1-worker-3] INFO  com.intuit.karate - [print] testing xlinkurl:http://www.opengis.net/def/crs/EPSG/0/https://www.opengis.net/def/crs/EPSG/0/4258
04:25:21.740 [ForkJoinPool-1-worker-13] INFO  com.intuit.karate - [print]
04:25:21.740 [ForkJoinPool-1-worker-13] INFO  com.intuit.karate - [print] testing xlinkurl:http://nationaalgeoregister.nl/geonetwork/srv/dut/csw?SERVICE=CSW&version=2.0.2&REQUEST=GetRecordById&elementSetName=full&OutputSchema=http://www.isotc211.org/2005/gmd&ID=88f76a94-ee4d-4e0c-9fde-91b692403e39
04:25:21.785 [ForkJoinPool-1-worker-5] INFO  com.intuit.karate - [print]
04:25:21.785 [ForkJoinPool-1-worker-5] INFO  com.intuit.karate - [print] testing xlinkurl:http://rdfdata.eionet.europa.eu/inspirethemes/themes/7
04:25:21.803 [ForkJoinPool-1-worker-9] INFO  com.intuit.karate - [print] title:Aansluitende zone volgens UNCLOS - Noordzee
04:25:21.804 [ForkJoinPool-1-worker-9] INFO  com.intuit.karate - [print] Aansluitende zone volgens UNCLOS - Noordzee
04:25:21.804 [ForkJoinPool-1-worker-9] INFO  com.intuit.karate - [print] [
  "data@hydro.nl",
  "data@hydro.nl",
  "data@hydro.nl",
  "",
  ""
]

04:25:21.805 [ForkJoinPool-1-worker-9] INFO  com.intuit.karate - [print] organisation: [
  "Ministerie van Defensie, Koninklijke Marine, Dienst der Hydrografie",
  "Ministerie van Defensie, Koninklijke Marine, Dienst der Hydrografie",
  "Ministerie van Defensie, Koninklijke Marine, Dienst der Hydrografie"
]

04:25:21.811 [ForkJoinPool-1-worker-9] INFO  com.intuit.karate - [print] [
  "http://www.opengis.net/def/crs/EPSG/0/https://www.opengis.net/def/crs/EPSG/0/4258",
  "https://www.nationaalgeoregister.nl/geonetwork/srv/api/records4cda487b-c467-490c-a843-6563fec016be"
]

04:25:21.814 [ForkJoinPool-1-worker-9] INFO  com.intuit.karate - [print]
04:25:21.814 [ForkJoinPool-1-worker-9] INFO  com.intuit.karate - [print] testing xlinkurl:http://www.opengis.net/def/crs/EPSG/0/https://www.opengis.net/def/crs/EPSG/0/4258
04:25:21.864 [ForkJoinPool-1-worker-7] ERROR com.intuit.karate - status code was: 404, expected: 200, response time: 200, url: http://rdfdata.eionet.europa.eu/inspirethemes/themes/20, response: 
04:25:21.864 [ForkJoinPool-1-worker-7] ERROR com.intuit.karate - feature call (loop) failed at index: 1
caller: classpath:InspireTest/ngr/datasetrecords/def/checkxlinkurl.template.feature
arg: {"link":"http://rdfdata.eionet.europa.eu/inspirethemes/themes/20"}
checkxlinkurl.template.feature:15 - status code was: 404, expected: 200, response time: 200, url: http://rdfdata.eionet.europa.eu/inspirethemes/themes/20, response: 
04:25:21.865 [ForkJoinPool-1-worker-7] INFO  com.intuit.karate - [print]
04:25:21.865 [ForkJoinPool-1-worker-7] INFO  com.intuit.karate - [print] testing xlinkurl:http://rdfdata.eionet.europa.eu/inspirethemes/themes/28
04:25:21.985 [ForkJoinPool-1-worker-5] ERROR com.intuit.karate - status code was: 404, expected: 200, response time: 199, url: http://rdfdata.eionet.europa.eu/inspirethemes/themes/7, response: 
04:25:21.985 [ForkJoinPool-1-worker-5] ERROR com.intuit.karate - feature call (loop) failed at index: 1
caller: classpath:InspireTest/ngr/datasetrecords/def/checkxlinkurl.template.feature
arg: {"link":"http://rdfdata.eionet.europa.eu/inspirethemes/themes/7"}
checkxlinkurl.template.feature:15 - status code was: 404, expected: 200, response time: 199, url: http://rdfdata.eionet.europa.eu/inspirethemes/themes/7, response: 
04:25:21.987 [ForkJoinPool-1-worker-5] INFO  com.intuit.karate - [print]
04:25:21.987 [ForkJoinPool-1-worker-5] INFO  com.intuit.karate - [print] testing xlinkurl:http://inspire.ec.europa.eu/metadata-codelist/Prioritydataset/SurfaceWaterBodies-dir-2000-60
04:25:22.024 [ForkJoinPool-1-worker-3] INFO  com.intuit.karate - [print]
04:25:22.025 [ForkJoinPool-1-worker-3] INFO  com.intuit.karate - [print] testing xlinkurl:https://www.nationaalgeoregister.nl/geonetwork/srv/api/recordse8b84fae-00b3-49c1-80c1-df8f69f64e8c
04:25:22.065 [ForkJoinPool-1-worker-7] ERROR com.intuit.karate - status code was: 404, expected: 200, response time: 200, url: http://rdfdata.eionet.europa.eu/inspirethemes/themes/28, response: 
04:25:22.066 [ForkJoinPool-1-worker-7] ERROR com.intuit.karate - feature call (loop) failed at index: 2
caller: classpath:InspireTest/ngr/datasetrecords/def/checkxlinkurl.template.feature
arg: {"link":"http://rdfdata.eionet.europa.eu/inspirethemes/themes/28"}
checkxlinkurl.template.feature:15 - status code was: 404, expected: 200, response time: 200, url: http://rdfdata.eionet.europa.eu/inspirethemes/themes/28, response: 
04:25:22.067 [ForkJoinPool-1-worker-7] INFO  com.intuit.karate - [print]
04:25:22.067 [ForkJoinPool-1-worker-7] INFO  com.intuit.karate - [print] testing xlinkurl:urn:ogc:def:crs:EPSG::5709
04:25:22.067 [ForkJoinPool-1-worker-7] ERROR com.intuit.karate - org.apache.http.client.ClientProtocolException: URI does not specify a valid host name: urn:ogc:def:crs:EPSG::5709, http call failed after 0 milliseconds for URL: urn:ogc:def:crs:EPSG::5709
04:25:22.068 [ForkJoinPool-1-worker-7] ERROR com.intuit.karate - http request failed: 
org.apache.http.client.ClientProtocolException: URI does not specify a valid host name: urn:ogc:def:crs:EPSG::5709
04:25:22.068 [ForkJoinPool-1-worker-7] ERROR com.intuit.karate - feature call (loop) failed at index: 3
caller: classpath:InspireTest/ngr/datasetrecords/def/checkxlinkurl.template.feature
arg: {"link":"urn:ogc:def:crs:EPSG::5709"}
checkxlinkurl.template.feature:14 - 
org.apache.http.client.ClientProtocolException: URI does not specify a valid host name: urn:ogc:def:crs:EPSG::5709
04:25:22.112 [ForkJoinPool-1-worker-9] INFO  com.intuit.karate - [print]
04:25:22.112 [ForkJoinPool-1-worker-9] INFO  com.intuit.karate - [print] testing xlinkurl:https://www.nationaalgeoregister.nl/geonetwork/srv/api/records4cda487b-c467-490c-a843-6563fec016be
04:25:22.161 [ForkJoinPool-1-worker-11] INFO  com.intuit.karate - [print]
04:25:22.161 [ForkJoinPool-1-worker-11] INFO  com.intuit.karate - [print] testing xlinkurl:https://creativecommons.org/publicdomain/mark/*/deed.nl
04:25:22.197 [ForkJoinPool-1-worker-13] INFO  com.intuit.karate - [print]
04:25:22.197 [ForkJoinPool-1-worker-13] INFO  com.intuit.karate - [print] testing xlinkurl:https://creativecommons.org/publicdomain/mark/*/deed.nl
04:25:22.233 [ForkJoinPool-1-worker-13] ERROR com.intuit.karate - status code was: 404, expected: 200, response time: 35, url: https://creativecommons.org/publicdomain/mark/*/deed.nl, response: 
04:25:22.233 [ForkJoinPool-1-worker-13] ERROR com.intuit.karate - feature call (loop) failed at index: 2
caller: classpath:InspireTest/ngr/datasetrecords/def/checkxlinkurl.template.feature
arg: {"link":"https://creativecommons.org/publicdomain/mark/*/deed.nl"}
checkxlinkurl.template.feature:15 - status code was: 404, expected: 200, response time: 35, url: https://creativecommons.org/publicdomain/mark/*/deed.nl, response: 
04:25:22.235 [ForkJoinPool-1-worker-13] INFO  com.intuit.karate - [print]
04:25:22.235 [ForkJoinPool-1-worker-13] INFO  com.intuit.karate - [print] testing xlinkurl:
04:25:22.236 [ForkJoinPool-1-worker-13] ERROR com.intuit.karate - org.apache.http.client.ClientProtocolException, http call failed after 0 milliseconds for URL: 
04:25:22.236 [ForkJoinPool-1-worker-13] ERROR com.intuit.karate - http request failed: 
org.apache.http.client.ClientProtocolException
04:25:22.237 [ForkJoinPool-1-worker-13] ERROR com.intuit.karate - feature call (loop) failed at index: 3
caller: classpath:InspireTest/ngr/datasetrecords/def/checkxlinkurl.template.feature
arg: {"link":""}
checkxlinkurl.template.feature:14 - 
org.apache.http.client.ClientProtocolException
04:25:22.335 [ForkJoinPool-1-worker-3] ERROR com.intuit.karate - status code was: 500, expected: 200, response time: 309, url: https://www.nationaalgeoregister.nl/geonetwork/srv/api/recordse8b84fae-00b3-49c1-80c1-df8f69f64e8c, response: 
04:25:22.335 [ForkJoinPool-1-worker-3] ERROR com.intuit.karate - feature call (loop) failed at index: 1
caller: classpath:InspireTest/ngr/datasetrecords/def/checkxlinkurl.template.feature
arg: {"link":"https://www.nationaalgeoregister.nl/geonetwork/srv/api/recordse8b84fae-00b3-49c1-80c1-df8f69f64e8c"}
checkxlinkurl.template.feature:15 - status code was: 500, expected: 200, response time: 309, url: https://www.nationaalgeoregister.nl/geonetwork/srv/api/recordse8b84fae-00b3-49c1-80c1-df8f69f64e8c, response: 
04:25:22.339 [ForkJoinPool-1-worker-11] ERROR com.intuit.karate - status code was: 404, expected: 200, response time: 177, url: https://creativecommons.org/publicdomain/mark/*/deed.nl, response: 
04:25:22.339 [ForkJoinPool-1-worker-11] ERROR com.intuit.karate - feature call (loop) failed at index: 2
caller: classpath:InspireTest/ngr/datasetrecords/def/checkxlinkurl.template.feature
arg: {"link":"https://creativecommons.org/publicdomain/mark/*/deed.nl"}
checkxlinkurl.template.feature:15 - status code was: 404, expected: 200, response time: 177, url: https://creativecommons.org/publicdomain/mark/*/deed.nl, response: 
04:25:22.340 [ForkJoinPool-1-worker-11] INFO  com.intuit.karate - [print]
04:25:22.340 [ForkJoinPool-1-worker-11] INFO  com.intuit.karate - [print] testing xlinkurl:
04:25:22.340 [ForkJoinPool-1-worker-11] ERROR com.intuit.karate - org.apache.http.client.ClientProtocolException, http call failed after 0 milliseconds for URL: 
04:25:22.341 [ForkJoinPool-1-worker-11] ERROR com.intuit.karate - http request failed: 
org.apache.http.client.ClientProtocolException
04:25:22.341 [ForkJoinPool-1-worker-11] ERROR com.intuit.karate - feature call (loop) failed at index: 3
caller: classpath:InspireTest/ngr/datasetrecords/def/checkxlinkurl.template.feature
arg: {"link":""}
checkxlinkurl.template.feature:14 - 
org.apache.http.client.ClientProtocolException
04:25:22.435 [ForkJoinPool-1-worker-9] ERROR com.intuit.karate - status code was: 500, expected: 200, response time: 323, url: https://www.nationaalgeoregister.nl/geonetwork/srv/api/records4cda487b-c467-490c-a843-6563fec016be, response: 
04:25:22.435 [ForkJoinPool-1-worker-9] ERROR com.intuit.karate - feature call (loop) failed at index: 1
caller: classpath:InspireTest/ngr/datasetrecords/def/checkxlinkurl.template.feature
arg: {"link":"https://www.nationaalgeoregister.nl/geonetwork/srv/api/records4cda487b-c467-490c-a843-6563fec016be"}
checkxlinkurl.template.feature:15 - status code was: 500, expected: 200, response time: 323, url: https://www.nationaalgeoregister.nl/geonetwork/srv/api/records4cda487b-c467-490c-a843-6563fec016be, response: 
04:25:22.594 [ForkJoinPool-1-worker-7] INFO  com.intuit.karate - [print] title:Habitatrichtlijn verspreidingsgebied van habitattypen
04:25:22.594 [ForkJoinPool-1-worker-7] INFO  com.intuit.karate - [print] Habitatrichtlijn verspreidingsgebied van habitattypen
04:25:22.595 [ForkJoinPool-1-worker-7] INFO  com.intuit.karate - [print] [
  "geodatabeheer.giscc@rvo.nl",
  "",
  "GeoDesk.CGI@wur.nl",
  "geodatabeheer.giscc@rvo.nl",
  "beheerPDOK@kadaster.nl",
  ""
]

04:25:22.597 [ForkJoinPool-1-worker-7] INFO  com.intuit.karate - [print] organisation: [
  "Ministerie van Economische Zaken - GIS Competence Center",
  "",
  "Wageningen Environmental Research (Alterra)",
  "PDOK",
  "Alterra"
]

04:25:22.603 [ForkJoinPool-1-worker-7] INFO  com.intuit.karate - [print] [
  "https://ngr.acceptatie.nationaalgeoregister.nl/geonetwork/srv/resources03671a9e-6aaf-464d-be99-9aad25cef9e3",
  "http://standaarden.overheid.nl/owms/terms/Ministerie_van_Landbouw,_Natuur_en_Voedselkwaliteit"
]

04:25:22.610 [ForkJoinPool-1-worker-7] INFO  com.intuit.karate - [print]
04:25:22.611 [ForkJoinPool-1-worker-7] INFO  com.intuit.karate - [print] testing xlinkurl:https://ngr.acceptatie.nationaalgeoregister.nl/geonetwork/srv/resources03671a9e-6aaf-464d-be99-9aad25cef9e3
04:25:22.636 [ForkJoinPool-1-worker-5] ERROR com.intuit.karate - status code was: 404, expected: 200, response time: 436, url: http://inspire.ec.europa.eu/metadata-codelist/Prioritydataset/SurfaceWaterBodies-dir-2000-60, response: 
04:25:22.636 [ForkJoinPool-1-worker-5] ERROR com.intuit.karate - feature call (loop) failed at index: 2
caller: classpath:InspireTest/ngr/datasetrecords/def/checkxlinkurl.template.feature
arg: {"link":"http://inspire.ec.europa.eu/metadata-codelist/Prioritydataset/SurfaceWaterBodies-dir-2000-60"}
checkxlinkurl.template.feature:15 - status code was: 404, expected: 200, response time: 436, url: http://inspire.ec.europa.eu/metadata-codelist/Prioritydataset/SurfaceWaterBodies-dir-2000-60, response: 
04:25:22.637 [ForkJoinPool-1-worker-5] INFO  com.intuit.karate - [print]
04:25:22.637 [ForkJoinPool-1-worker-5] INFO  com.intuit.karate - [print] testing xlinkurl:https://ngr.geocat.live/geonetwork/srv/eng/thesaurus.download?ref=external.theme.httpinspireeceuropaeumetadatacodelistPrioritydataset-Prioritydataset
04:25:22.800 [ForkJoinPool-1-worker-13] INFO  com.intuit.karate - [print] title:Kaart van de bodemopbouw in Nederland 1:50.000 onder INSPIRE
04:25:22.800 [ForkJoinPool-1-worker-13] INFO  com.intuit.karate - [print] Kaart van de bodemopbouw in Nederland 1:50.000 onder INSPIRE
04:25:22.800 [ForkJoinPool-1-worker-13] INFO  com.intuit.karate - [print] [
  "info@dinoloket.nl",
  "geodesk.cgi@wur.nl",
  "info@dinoloket.nl"
]

04:25:22.801 [ForkJoinPool-1-worker-13] INFO  com.intuit.karate - [print] organisation: [
  "TNO Geologische Dienst Nederland",
  "Alterra, Wageningen UR",
  "TNO Geologische Dienst Nederland"
]

04:25:22.807 [ForkJoinPool-1-worker-13] INFO  com.intuit.karate - [print] [
  "https://ngr.acceptatie.nationaalgeoregister.nl/geonetwork/srv/resourcesbbe3c19d-12b0-4912-a6f4-46eb189e85ac",
  "http://rdfdata.eionet.europa.eu/inspirethemes/themes/16",
  "http://geonetwork-opensource.org/inspire-theme#",
  "https://www.nationaalgeoregister.nl/geonetwork/srv/eng/thesaurus.download?ref=external.theme.inspire-theme"
]

04:25:22.810 [ForkJoinPool-1-worker-13] INFO  com.intuit.karate - [print]
04:25:22.811 [ForkJoinPool-1-worker-13] INFO  com.intuit.karate - [print] testing xlinkurl:https://ngr.acceptatie.nationaalgeoregister.nl/geonetwork/srv/resourcesbbe3c19d-12b0-4912-a6f4-46eb189e85ac
04:25:22.891 [ForkJoinPool-1-worker-7] ERROR com.intuit.karate - status code was: 404, expected: 200, response time: 279, url: https://ngr.acceptatie.nationaalgeoregister.nl/geonetwork/srv/resources03671a9e-6aaf-464d-be99-9aad25cef9e3, response: 
04:25:22.891 [ForkJoinPool-1-worker-7] ERROR com.intuit.karate - feature call (loop) failed at index: 0
caller: classpath:InspireTest/ngr/datasetrecords/def/checkxlinkurl.template.feature
arg: {"link":"https://ngr.acceptatie.nationaalgeoregister.nl/geonetwork/srv/resources03671a9e-6aaf-464d-be99-9aad25cef9e3"}
checkxlinkurl.template.feature:15 - status code was: 404, expected: 200, response time: 279, url: https://ngr.acceptatie.nationaalgeoregister.nl/geonetwork/srv/resources03671a9e-6aaf-464d-be99-9aad25cef9e3, response: 
04:25:22.892 [ForkJoinPool-1-worker-7] INFO  com.intuit.karate - [print]
04:25:22.893 [ForkJoinPool-1-worker-7] INFO  com.intuit.karate - [print] testing xlinkurl:http://standaarden.overheid.nl/owms/terms/Ministerie_van_Landbouw,_Natuur_en_Voedselkwaliteit
04:25:22.924 [ForkJoinPool-1-worker-3] INFO  com.intuit.karate - [print] title:RDinfo
04:25:22.924 [ForkJoinPool-1-worker-3] INFO  com.intuit.karate - [print] RDinfo
04:25:22.925 [ForkJoinPool-1-worker-3] INFO  com.intuit.karate - [print] [
  "PPB-GVA@kadaster.nl",
  "kcc@kadaster.nl",
  "rd@kadaster.nl"
]

04:25:22.927 [ForkJoinPool-1-worker-3] INFO  com.intuit.karate - [print] organisation: [
  "Kadaster",
  "Dienst van Het Kadaster en Openbare Registers",
  "Dienst voor het Kadaster en de Openbare Registers"
]

04:25:22.931 [ForkJoinPool-1-worker-3] INFO  com.intuit.karate - [print] [
  "http://kadaster/06b6c650-cdb1-11dd-ad8b-0800200c9a81"
]

04:25:22.934 [ForkJoinPool-1-worker-3] INFO  com.intuit.karate - [print]
04:25:22.935 [ForkJoinPool-1-worker-3] INFO  com.intuit.karate - [print] testing xlinkurl:http://kadaster/06b6c650-cdb1-11dd-ad8b-0800200c9a81
04:25:22.946 [ForkJoinPool-1-worker-3] ERROR com.intuit.karate - java.net.UnknownHostException: kadaster: Temporary failure in name resolution, http call failed after 11 milliseconds for URL: http://kadaster/06b6c650-cdb1-11dd-ad8b-0800200c9a81
04:25:22.946 [ForkJoinPool-1-worker-3] ERROR com.intuit.karate - http request failed: 
java.net.UnknownHostException: kadaster: Temporary failure in name resolution
04:25:22.946 [ForkJoinPool-1-worker-3] ERROR com.intuit.karate - feature call (loop) failed at index: 0
caller: classpath:InspireTest/ngr/datasetrecords/def/checkxlinkurl.template.feature
arg: {"link":"http://kadaster/06b6c650-cdb1-11dd-ad8b-0800200c9a81"}
checkxlinkurl.template.feature:14 - 
java.net.UnknownHostException: kadaster: Temporary failure in name resolution
04:25:23.022 [ForkJoinPool-1-worker-11] INFO  com.intuit.karate - [print] title:BRO Digital Geological Model (DGM)
04:25:23.022 [ForkJoinPool-1-worker-11] INFO  com.intuit.karate - [print] BRO Digital Geological Model (DGM)
04:25:23.024 [ForkJoinPool-1-worker-11] INFO  com.intuit.karate - [print] [
  "info@bro.nl",
  "info@bro.nl",
  "info@dinoloket.nl"
]

04:25:23.025 [ForkJoinPool-1-worker-11] INFO  com.intuit.karate - [print] organisation: [
  "TNO Geologische Dienst Nederland",
  "TNO Geologische Dienst Nederland",
  "TNO Geologische Dienst Nederland"
]

04:25:23.029 [ForkJoinPool-1-worker-11] INFO  com.intuit.karate - [print] [
  "https://ngr.acceptatie.nationaalgeoregister.nl/geonetwork/srv/resourcesc7a15080-2724-11e2-81c1-0800200c9a66",
  "http://rdfdata.eionet.europa.eu/inspirethemes/themes/13",
  "http://rdfdata.eionet.europa.eu/inspirethemes/themes/#",
  "https://www.nationaalgeoregister.nl/geonetwork/srv/eng/thesaurus.download?ref=external.theme.inspire-theme"
]

04:25:23.032 [ForkJoinPool-1-worker-11] INFO  com.intuit.karate - [print]
04:25:23.032 [ForkJoinPool-1-worker-11] INFO  com.intuit.karate - [print] testing xlinkurl:https://ngr.acceptatie.nationaalgeoregister.nl/geonetwork/srv/resourcesc7a15080-2724-11e2-81c1-0800200c9a66
04:25:23.083 [ForkJoinPool-1-worker-5] ERROR com.intuit.karate - status code was: 500, expected: 200, response time: 445, url: https://ngr.geocat.live/geonetwork/srv/eng/thesaurus.download?ref=external.theme.httpinspireeceuropaeumetadatacodelistPrioritydataset-Prioritydataset, response: 
04:25:23.083 [ForkJoinPool-1-worker-5] ERROR com.intuit.karate - feature call (loop) failed at index: 3
caller: classpath:InspireTest/ngr/datasetrecords/def/checkxlinkurl.template.feature
arg: {"link":"https://ngr.geocat.live/geonetwork/srv/eng/thesaurus.download?ref=external.theme.httpinspireeceuropaeumetadatacodelistPrioritydataset-Prioritydataset"}
checkxlinkurl.template.feature:15 - status code was: 500, expected: 200, response time: 445, url: https://ngr.geocat.live/geonetwork/srv/eng/thesaurus.download?ref=external.theme.httpinspireeceuropaeumetadatacodelistPrioritydataset-Prioritydataset, response: 
04:25:23.092 [ForkJoinPool-1-worker-13] ERROR com.intuit.karate - status code was: 404, expected: 200, response time: 281, url: https://ngr.acceptatie.nationaalgeoregister.nl/geonetwork/srv/resourcesbbe3c19d-12b0-4912-a6f4-46eb189e85ac, response: 
04:25:23.092 [ForkJoinPool-1-worker-13] ERROR com.intuit.karate - feature call (loop) failed at index: 0
caller: classpath:InspireTest/ngr/datasetrecords/def/checkxlinkurl.template.feature
arg: {"link":"https://ngr.acceptatie.nationaalgeoregister.nl/geonetwork/srv/resourcesbbe3c19d-12b0-4912-a6f4-46eb189e85ac"}
checkxlinkurl.template.feature:15 - status code was: 404, expected: 200, response time: 281, url: https://ngr.acceptatie.nationaalgeoregister.nl/geonetwork/srv/resourcesbbe3c19d-12b0-4912-a6f4-46eb189e85ac, response: 
04:25:23.095 [ForkJoinPool-1-worker-13] INFO  com.intuit.karate - [print]
04:25:23.095 [ForkJoinPool-1-worker-13] INFO  com.intuit.karate - [print] testing xlinkurl:http://rdfdata.eionet.europa.eu/inspirethemes/themes/16
04:25:23.114 [ForkJoinPool-1-worker-9] INFO  com.intuit.karate - [print] title:zoutvelden en zoutproductieputten onder INSPIRE
04:25:23.114 [ForkJoinPool-1-worker-9] INFO  com.intuit.karate - [print] zoutvelden en zoutproductieputten onder INSPIRE
04:25:23.114 [ForkJoinPool-1-worker-9] INFO  com.intuit.karate - [print] [
  "info@dinoloket.nl",
  "info@dinoloket.nl",
  "info@dinoloket.nl"
]

04:25:23.116 [ForkJoinPool-1-worker-9] INFO  com.intuit.karate - [print] organisation: [
  "TNO Geologische Dienst Nederland",
  "TNO Geologische Dienst Nederland",
  "TNO Geologische Dienst Nederland"
]

04:25:23.125 [ForkJoinPool-1-worker-9] INFO  com.intuit.karate - [print] [
  "https://nationaalgeoregister.nl/geonetwork/srv/resourcesce4a6d93-83d6-4397-afa1-d4117d5ce76b",
  "http://rdfdata.eionet.europa.eu/inspirethemes/themes/34",
  "http://geonetwork-opensource.org/inspire-theme#",
  "https://www.nationaalgeoregister.nl/geonetwork/srv/eng/thesaurus.download?ref=external.theme.inspire-theme"
]

04:25:23.131 [ForkJoinPool-1-worker-9] INFO  com.intuit.karate - [print]
04:25:23.132 [ForkJoinPool-1-worker-9] INFO  com.intuit.karate - [print] testing xlinkurl:https://nationaalgeoregister.nl/geonetwork/srv/resourcesce4a6d93-83d6-4397-afa1-d4117d5ce76b
04:25:23.298 [ForkJoinPool-1-worker-13] ERROR com.intuit.karate - status code was: 404, expected: 200, response time: 202, url: http://rdfdata.eionet.europa.eu/inspirethemes/themes/16, response: 
04:25:23.298 [ForkJoinPool-1-worker-13] ERROR com.intuit.karate - feature call (loop) failed at index: 1
caller: classpath:InspireTest/ngr/datasetrecords/def/checkxlinkurl.template.feature
arg: {"link":"http://rdfdata.eionet.europa.eu/inspirethemes/themes/16"}
checkxlinkurl.template.feature:15 - status code was: 404, expected: 200, response time: 202, url: http://rdfdata.eionet.europa.eu/inspirethemes/themes/16, response: 
04:25:23.299 [ForkJoinPool-1-worker-13] INFO  com.intuit.karate - [print]
04:25:23.299 [ForkJoinPool-1-worker-13] INFO  com.intuit.karate - [print] testing xlinkurl:http://geonetwork-opensource.org/inspire-theme#
04:25:23.312 [ForkJoinPool-1-worker-11] ERROR com.intuit.karate - status code was: 404, expected: 200, response time: 279, url: https://ngr.acceptatie.nationaalgeoregister.nl/geonetwork/srv/resourcesc7a15080-2724-11e2-81c1-0800200c9a66, response: 
04:25:23.312 [ForkJoinPool-1-worker-11] ERROR com.intuit.karate - feature call (loop) failed at index: 0
caller: classpath:InspireTest/ngr/datasetrecords/def/checkxlinkurl.template.feature
arg: {"link":"https://ngr.acceptatie.nationaalgeoregister.nl/geonetwork/srv/resourcesc7a15080-2724-11e2-81c1-0800200c9a66"}
checkxlinkurl.template.feature:15 - status code was: 404, expected: 200, response time: 279, url: https://ngr.acceptatie.nationaalgeoregister.nl/geonetwork/srv/resourcesc7a15080-2724-11e2-81c1-0800200c9a66, response: 
04:25:23.313 [ForkJoinPool-1-worker-11] INFO  com.intuit.karate - [print]
04:25:23.313 [ForkJoinPool-1-worker-11] INFO  com.intuit.karate - [print] testing xlinkurl:http://rdfdata.eionet.europa.eu/inspirethemes/themes/13
04:25:23.429 [ForkJoinPool-1-worker-9] ERROR com.intuit.karate - status code was: 404, expected: 200, response time: 296, url: https://nationaalgeoregister.nl/geonetwork/srv/resourcesce4a6d93-83d6-4397-afa1-d4117d5ce76b, response: 
04:25:23.431 [ForkJoinPool-1-worker-9] ERROR com.intuit.karate - feature call (loop) failed at index: 0
caller: classpath:InspireTest/ngr/datasetrecords/def/checkxlinkurl.template.feature
arg: {"link":"https://nationaalgeoregister.nl/geonetwork/srv/resourcesce4a6d93-83d6-4397-afa1-d4117d5ce76b"}
checkxlinkurl.template.feature:15 - status code was: 404, expected: 200, response time: 296, url: https://nationaalgeoregister.nl/geonetwork/srv/resourcesce4a6d93-83d6-4397-afa1-d4117d5ce76b, response: 
04:25:23.433 [ForkJoinPool-1-worker-9] INFO  com.intuit.karate - [print]
04:25:23.434 [ForkJoinPool-1-worker-9] INFO  com.intuit.karate - [print] testing xlinkurl:http://rdfdata.eionet.europa.eu/inspirethemes/themes/34
04:25:23.480 [ForkJoinPool-1-worker-3] INFO  com.intuit.karate - [print] title:Luchtfoto 2019 25cm CIR open data
04:25:23.481 [ForkJoinPool-1-worker-3] INFO  com.intuit.karate - [print] Luchtfoto 2019 25cm CIR open data
04:25:23.483 [ForkJoinPool-1-worker-3] INFO  com.intuit.karate - [print] [
  "PPB-GVA@kadaster.nl",
  "info@hetwaterschapshuis.nl",
  "kcc@kadaster.nl",
  "",
  "",
  "",
  "",
  "",
  ""
]

04:25:23.485 [ForkJoinPool-1-worker-3] INFO  com.intuit.karate - [print] organisation: [
  "Kadaster",
  "Het Waterschapshuis",
  "Kadaster",
  "Geocart",
  "Geocart",
  "Geocart",
  "Kadaster",
  "Kadaster"
]

04:25:23.489 [ForkJoinPool-1-worker-3] INFO  com.intuit.karate - [print] [
  "http://kadaster/2482250f-3b00-4439-9f93-f3118229b024",
  "",
  "",
  ""
]

04:25:23.493 [ForkJoinPool-1-worker-3] INFO  com.intuit.karate - [print]
04:25:23.494 [ForkJoinPool-1-worker-3] INFO  com.intuit.karate - [print] testing xlinkurl:http://kadaster/2482250f-3b00-4439-9f93-f3118229b024
04:25:23.494 [ForkJoinPool-1-worker-3] ERROR com.intuit.karate - java.net.UnknownHostException: kadaster, http call failed after 0 milliseconds for URL: http://kadaster/2482250f-3b00-4439-9f93-f3118229b024
04:25:23.495 [ForkJoinPool-1-worker-3] ERROR com.intuit.karate - http request failed: 
java.net.UnknownHostException: kadaster
04:25:23.496 [ForkJoinPool-1-worker-3] ERROR com.intuit.karate - feature call (loop) failed at index: 0
caller: classpath:InspireTest/ngr/datasetrecords/def/checkxlinkurl.template.feature
arg: {"link":"http://kadaster/2482250f-3b00-4439-9f93-f3118229b024"}
checkxlinkurl.template.feature:14 - 
java.net.UnknownHostException: kadaster
04:25:23.498 [ForkJoinPool-1-worker-3] INFO  com.intuit.karate - [print]
04:25:23.498 [ForkJoinPool-1-worker-3] INFO  com.intuit.karate - [print] testing xlinkurl:
04:25:23.499 [ForkJoinPool-1-worker-3] ERROR com.intuit.karate - org.apache.http.client.ClientProtocolException, http call failed after 0 milliseconds for URL: 
04:25:23.501 [ForkJoinPool-1-worker-3] ERROR com.intuit.karate - http request failed: 
org.apache.http.client.ClientProtocolException
04:25:23.502 [ForkJoinPool-1-worker-3] ERROR com.intuit.karate - feature call (loop) failed at index: 1
caller: classpath:InspireTest/ngr/datasetrecords/def/checkxlinkurl.template.feature
arg: {"link":""}
checkxlinkurl.template.feature:14 - 
org.apache.http.client.ClientProtocolException
04:25:23.504 [ForkJoinPool-1-worker-3] INFO  com.intuit.karate - [print]
04:25:23.504 [ForkJoinPool-1-worker-3] INFO  com.intuit.karate - [print] testing xlinkurl:
04:25:23.505 [ForkJoinPool-1-worker-3] ERROR com.intuit.karate - org.apache.http.client.ClientProtocolException, http call failed after 0 milliseconds for URL: 
04:25:23.506 [ForkJoinPool-1-worker-3] ERROR com.intuit.karate - http request failed: 
org.apache.http.client.ClientProtocolException
04:25:23.507 [ForkJoinPool-1-worker-3] ERROR com.intuit.karate - feature call (loop) failed at index: 2
caller: classpath:InspireTest/ngr/datasetrecords/def/checkxlinkurl.template.feature
arg: {"link":""}
checkxlinkurl.template.feature:14 - 
org.apache.http.client.ClientProtocolException
04:25:23.508 [ForkJoinPool-1-worker-3] INFO  com.intuit.karate - [print]
04:25:23.509 [ForkJoinPool-1-worker-3] INFO  com.intuit.karate - [print] testing xlinkurl:
04:25:23.510 [ForkJoinPool-1-worker-3] ERROR com.intuit.karate - org.apache.http.client.ClientProtocolException, http call failed after 0 milliseconds for URL: 
04:25:23.510 [ForkJoinPool-1-worker-3] ERROR com.intuit.karate - http request failed: 
org.apache.http.client.ClientProtocolException
04:25:23.511 [ForkJoinPool-1-worker-3] ERROR com.intuit.karate - feature call (loop) failed at index: 3
caller: classpath:InspireTest/ngr/datasetrecords/def/checkxlinkurl.template.feature
arg: {"link":""}
checkxlinkurl.template.feature:14 - 
org.apache.http.client.ClientProtocolException
04:25:23.513 [ForkJoinPool-1-worker-11] ERROR com.intuit.karate - status code was: 404, expected: 200, response time: 199, url: http://rdfdata.eionet.europa.eu/inspirethemes/themes/13, response: 
04:25:23.513 [ForkJoinPool-1-worker-11] ERROR com.intuit.karate - feature call (loop) failed at index: 1
caller: classpath:InspireTest/ngr/datasetrecords/def/checkxlinkurl.template.feature
arg: {"link":"http://rdfdata.eionet.europa.eu/inspirethemes/themes/13"}
checkxlinkurl.template.feature:15 - status code was: 404, expected: 200, response time: 199, url: http://rdfdata.eionet.europa.eu/inspirethemes/themes/13, response: 
04:25:23.516 [ForkJoinPool-1-worker-11] INFO  com.intuit.karate - [print]
04:25:23.516 [ForkJoinPool-1-worker-11] INFO  com.intuit.karate - [print] testing xlinkurl:http://rdfdata.eionet.europa.eu/inspirethemes/themes/#
04:25:23.635 [ForkJoinPool-1-worker-9] ERROR com.intuit.karate - status code was: 404, expected: 200, response time: 200, url: http://rdfdata.eionet.europa.eu/inspirethemes/themes/34, response: 
04:25:23.635 [ForkJoinPool-1-worker-9] ERROR com.intuit.karate - feature call (loop) failed at index: 1
caller: classpath:InspireTest/ngr/datasetrecords/def/checkxlinkurl.template.feature
arg: {"link":"http://rdfdata.eionet.europa.eu/inspirethemes/themes/34"}
checkxlinkurl.template.feature:15 - status code was: 404, expected: 200, response time: 200, url: http://rdfdata.eionet.europa.eu/inspirethemes/themes/34, response: 
04:25:23.636 [ForkJoinPool-1-worker-9] INFO  com.intuit.karate - [print]
04:25:23.636 [ForkJoinPool-1-worker-9] INFO  com.intuit.karate - [print] testing xlinkurl:http://geonetwork-opensource.org/inspire-theme#
04:25:23.663 [ForkJoinPool-1-worker-5] INFO  com.intuit.karate - [print] title:Zeegebieden
04:25:23.663 [ForkJoinPool-1-worker-5] INFO  com.intuit.karate - [print] Zeegebieden
04:25:23.664 [ForkJoinPool-1-worker-5] INFO  com.intuit.karate - [print] [
  "PPB-GVA@kadaster.nl",
  "kcc@kadaster.nl",
  "kcc@kadaster.nl"
]

04:25:23.666 [ForkJoinPool-1-worker-5] INFO  com.intuit.karate - [print] organisation: [
  "Kadaster",
  "Kadaster",
  "Kadaster"
]

04:25:23.669 [ForkJoinPool-1-worker-5] INFO  com.intuit.karate - [print] [
  "http://kadaster/7c22107ea-5e31-4bbc-8e24-d15fe230062e"
]

04:25:23.672 [ForkJoinPool-1-worker-5] INFO  com.intuit.karate - [print]
04:25:23.673 [ForkJoinPool-1-worker-5] INFO  com.intuit.karate - [print] testing xlinkurl:http://kadaster/7c22107ea-5e31-4bbc-8e24-d15fe230062e
04:25:23.674 [ForkJoinPool-1-worker-5] ERROR com.intuit.karate - java.net.UnknownHostException: kadaster, http call failed after 0 milliseconds for URL: http://kadaster/7c22107ea-5e31-4bbc-8e24-d15fe230062e
04:25:23.674 [ForkJoinPool-1-worker-5] ERROR com.intuit.karate - http request failed: 
java.net.UnknownHostException: kadaster
04:25:23.675 [ForkJoinPool-1-worker-5] ERROR com.intuit.karate - feature call (loop) failed at index: 0
caller: classpath:InspireTest/ngr/datasetrecords/def/checkxlinkurl.template.feature
arg: {"link":"http://kadaster/7c22107ea-5e31-4bbc-8e24-d15fe230062e"}
checkxlinkurl.template.feature:14 - 
java.net.UnknownHostException: kadaster
04:25:23.718 [ForkJoinPool-1-worker-11] ERROR com.intuit.karate - status code was: 404, expected: 200, response time: 201, url: http://rdfdata.eionet.europa.eu/inspirethemes/themes/#, response: 
04:25:23.718 [ForkJoinPool-1-worker-11] ERROR com.intuit.karate - feature call (loop) failed at index: 2
caller: classpath:InspireTest/ngr/datasetrecords/def/checkxlinkurl.template.feature
arg: {"link":"http://rdfdata.eionet.europa.eu/inspirethemes/themes/#"}
checkxlinkurl.template.feature:15 - status code was: 404, expected: 200, response time: 201, url: http://rdfdata.eionet.europa.eu/inspirethemes/themes/#, response: 
04:25:23.719 [ForkJoinPool-1-worker-11] INFO  com.intuit.karate - [print]
04:25:23.719 [ForkJoinPool-1-worker-11] INFO  com.intuit.karate - [print] testing xlinkurl:https://www.nationaalgeoregister.nl/geonetwork/srv/eng/thesaurus.download?ref=external.theme.inspire-theme
04:25:23.785 [ForkJoinPool-1-worker-7] INFO  com.intuit.karate - [print] title:Vaarweg Informatie Nederland - bevaarbaarheid (VIN)
04:25:23.785 [ForkJoinPool-1-worker-7] INFO  com.intuit.karate - [print] Vaarweg Informatie Nederland - bevaarbaarheid (VIN)
04:25:23.787 [ForkJoinPool-1-worker-7] INFO  com.intuit.karate - [print] [
  "servicedesk-data@rijkswaterstaat.nl",
  "servicedesk-data@rijkswaterstaat.nl",
  "",
  "servicedesk-data@rijkswaterstaat.nl",
  "servicedesk-data@rijkswaterstaat.nl"
]

04:25:23.792 [ForkJoinPool-1-worker-7] INFO  com.intuit.karate - [print] organisation: [
  "Rijkswaterstaat",
  "Rijkswaterstaat",
  "",
  "Rijkswaterstaat",
  "Rijkswaterstaat"
]

04:25:23.795 [ForkJoinPool-1-worker-7] INFO  com.intuit.karate - [print] [
  "https://www.nationaalgeoregister.nl/geonetwork/srv/dut/catalog.search#/metadata/831f7bd7-c2ae-4336-bd2f-47ab20d7cdb7",
  "http://rdfdata.eionet.europa.eu/inspirethemes/themes/7",
  "urn:ogc:def:crs:EPSG::5709"
]

04:25:23.799 [ForkJoinPool-1-worker-7] INFO  com.intuit.karate - [print]
04:25:23.799 [ForkJoinPool-1-worker-7] INFO  com.intuit.karate - [print] testing xlinkurl:https://www.nationaalgeoregister.nl/geonetwork/srv/dut/catalog.search#/metadata/831f7bd7-c2ae-4336-bd2f-47ab20d7cdb7
04:25:23.986 [ForkJoinPool-1-worker-13] ERROR com.intuit.karate - status code was: 404, expected: 200, response time: 398, url: http://geonetwork-opensource.org/inspire-theme#, response: 
04:25:23.986 [ForkJoinPool-1-worker-13] ERROR com.intuit.karate - feature call (loop) failed at index: 2
caller: classpath:InspireTest/ngr/datasetrecords/def/checkxlinkurl.template.feature
arg: {"link":"http://geonetwork-opensource.org/inspire-theme#"}
checkxlinkurl.template.feature:15 - status code was: 404, expected: 200, response time: 398, url: http://geonetwork-opensource.org/inspire-theme#, response: 
04:25:23.987 [ForkJoinPool-1-worker-13] INFO  com.intuit.karate - [print]
04:25:23.988 [ForkJoinPool-1-worker-13] INFO  com.intuit.karate - [print] testing xlinkurl:https://www.nationaalgeoregister.nl/geonetwork/srv/eng/thesaurus.download?ref=external.theme.inspire-theme
04:25:24.023 [ForkJoinPool-1-worker-3] INFO  com.intuit.karate - [print] title:-Gegevens boormonsterprofiel onder PDOK
04:25:24.023 [ForkJoinPool-1-worker-3] INFO  com.intuit.karate - [print] -Gegevens boormonsterprofiel onder PDOK
04:25:24.024 [ForkJoinPool-1-worker-3] INFO  com.intuit.karate - [print] [
  "info@dinoloket",
  "info@dinoloket.nl"
]

04:25:24.025 [ForkJoinPool-1-worker-3] INFO  com.intuit.karate - [print] organisation: [
  "TNO Geologische Dienst Nederland",
  "TNO Geologische Dienst Nederland"
]

04:25:24.028 [ForkJoinPool-1-worker-3] INFO  com.intuit.karate - [print] [
  "https://ngr.acceptatie.nationaalgeoregister.nl/geonetwork/srv/resourcesc7662717-9e43-4367-a344-723d73abbb3e"
]

04:25:24.036 [ForkJoinPool-1-worker-11] ERROR com.intuit.karate - status code was: 500, expected: 200, response time: 316, url: https://www.nationaalgeoregister.nl/geonetwork/srv/eng/thesaurus.download?ref=external.theme.inspire-theme, response: 
04:25:24.036 [ForkJoinPool-1-worker-11] ERROR com.intuit.karate - feature call (loop) failed at index: 3
caller: classpath:InspireTest/ngr/datasetrecords/def/checkxlinkurl.template.feature
arg: {"link":"https://www.nationaalgeoregister.nl/geonetwork/srv/eng/thesaurus.download?ref=external.theme.inspire-theme"}
checkxlinkurl.template.feature:15 - status code was: 500, expected: 200, response time: 316, url: https://www.nationaalgeoregister.nl/geonetwork/srv/eng/thesaurus.download?ref=external.theme.inspire-theme, response: 
04:25:24.038 [ForkJoinPool-1-worker-3] INFO  com.intuit.karate - [print]
04:25:24.038 [ForkJoinPool-1-worker-3] INFO  com.intuit.karate - [print] testing xlinkurl:https://ngr.acceptatie.nationaalgeoregister.nl/geonetwork/srv/resourcesc7662717-9e43-4367-a344-723d73abbb3e
04:25:24.197 [ForkJoinPool-1-worker-5] INFO  com.intuit.karate - [print] title:Natura 2000 (INSPIRE geharmoniseerd)
04:25:24.197 [ForkJoinPool-1-worker-5] INFO  com.intuit.karate - [print] Natura 2000 (INSPIRE geharmoniseerd)
04:25:24.198 [ForkJoinPool-1-worker-5] INFO  com.intuit.karate - [print] [
  "geodatabeheer.giscc@rvo.nl",
  "geodatabeheer.giscc@rvo.nl",
  "beheer@pdok.nl"
]

04:25:24.200 [ForkJoinPool-1-worker-5] INFO  com.intuit.karate - [print] organisation: Ministerie van Landbouw, Natuur en Voedselkwaliteit
04:25:24.205 [ForkJoinPool-1-worker-5] INFO  com.intuit.karate - [print] [
  "http://standaarden.overheid.nl/owms/terms/Ministerie_van_Landbouw,_Natuur_en_Voedselkwaliteit",
  "http://nationaalgeoregister.nl/geonetwork/srv/dut/catalog.search#/metadata/280ed37a-b8d2-4ac5-8567-04d84fad3a41",
  "https://creativecommons.org/publicdomain/mark/*/deed.nl",
  "https://data.overheid.nl/organisatie/PDOK"
]

04:25:24.208 [ForkJoinPool-1-worker-5] INFO  com.intuit.karate - [print]
04:25:24.208 [ForkJoinPool-1-worker-5] INFO  com.intuit.karate - [print] testing xlinkurl:http://standaarden.overheid.nl/owms/terms/Ministerie_van_Landbouw,_Natuur_en_Voedselkwaliteit
04:25:24.227 [ForkJoinPool-1-worker-9] ERROR com.intuit.karate - status code was: 404, expected: 200, response time: 397, url: http://geonetwork-opensource.org/inspire-theme#, response: 
04:25:24.227 [ForkJoinPool-1-worker-9] ERROR com.intuit.karate - feature call (loop) failed at index: 2
caller: classpath:InspireTest/ngr/datasetrecords/def/checkxlinkurl.template.feature
arg: {"link":"http://geonetwork-opensource.org/inspire-theme#"}
checkxlinkurl.template.feature:15 - status code was: 404, expected: 200, response time: 397, url: http://geonetwork-opensource.org/inspire-theme#, response: 
04:25:24.228 [ForkJoinPool-1-worker-9] INFO  com.intuit.karate - [print]
04:25:24.228 [ForkJoinPool-1-worker-9] INFO  com.intuit.karate - [print] testing xlinkurl:https://www.nationaalgeoregister.nl/geonetwork/srv/eng/thesaurus.download?ref=external.theme.inspire-theme
04:25:24.231 [ForkJoinPool-1-worker-7] INFO  com.intuit.karate - [print]
04:25:24.231 [ForkJoinPool-1-worker-7] INFO  com.intuit.karate - [print] testing xlinkurl:http://rdfdata.eionet.europa.eu/inspirethemes/themes/7
04:25:24.295 [ForkJoinPool-1-worker-13] ERROR com.intuit.karate - status code was: 500, expected: 200, response time: 307, url: https://www.nationaalgeoregister.nl/geonetwork/srv/eng/thesaurus.download?ref=external.theme.inspire-theme, response: 
04:25:24.295 [ForkJoinPool-1-worker-13] ERROR com.intuit.karate - feature call (loop) failed at index: 3
caller: classpath:InspireTest/ngr/datasetrecords/def/checkxlinkurl.template.feature
arg: {"link":"https://www.nationaalgeoregister.nl/geonetwork/srv/eng/thesaurus.download?ref=external.theme.inspire-theme"}
checkxlinkurl.template.feature:15 - status code was: 500, expected: 200, response time: 307, url: https://www.nationaalgeoregister.nl/geonetwork/srv/eng/thesaurus.download?ref=external.theme.inspire-theme, response: 
04:25:24.347 [ForkJoinPool-1-worker-3] ERROR com.intuit.karate - status code was: 404, expected: 200, response time: 308, url: https://ngr.acceptatie.nationaalgeoregister.nl/geonetwork/srv/resourcesc7662717-9e43-4367-a344-723d73abbb3e, response: 
04:25:24.347 [ForkJoinPool-1-worker-3] ERROR com.intuit.karate - feature call (loop) failed at index: 0
caller: classpath:InspireTest/ngr/datasetrecords/def/checkxlinkurl.template.feature
arg: {"link":"https://ngr.acceptatie.nationaalgeoregister.nl/geonetwork/srv/resourcesc7662717-9e43-4367-a344-723d73abbb3e"}
checkxlinkurl.template.feature:15 - status code was: 404, expected: 200, response time: 308, url: https://ngr.acceptatie.nationaalgeoregister.nl/geonetwork/srv/resourcesc7662717-9e43-4367-a344-723d73abbb3e, response: 
04:25:24.433 [ForkJoinPool-1-worker-7] ERROR com.intuit.karate - status code was: 404, expected: 200, response time: 202, url: http://rdfdata.eionet.europa.eu/inspirethemes/themes/7, response: 
04:25:24.434 [ForkJoinPool-1-worker-7] ERROR com.intuit.karate - feature call (loop) failed at index: 1
caller: classpath:InspireTest/ngr/datasetrecords/def/checkxlinkurl.template.feature
arg: {"link":"http://rdfdata.eionet.europa.eu/inspirethemes/themes/7"}
checkxlinkurl.template.feature:15 - status code was: 404, expected: 200, response time: 202, url: http://rdfdata.eionet.europa.eu/inspirethemes/themes/7, response: 
04:25:24.434 [ForkJoinPool-1-worker-7] INFO  com.intuit.karate - [print]
04:25:24.435 [ForkJoinPool-1-worker-7] INFO  com.intuit.karate - [print] testing xlinkurl:urn:ogc:def:crs:EPSG::5709
04:25:24.435 [ForkJoinPool-1-worker-7] ERROR com.intuit.karate - org.apache.http.client.ClientProtocolException: URI does not specify a valid host name: urn:ogc:def:crs:EPSG::5709, http call failed after 0 milliseconds for URL: urn:ogc:def:crs:EPSG::5709
04:25:24.435 [ForkJoinPool-1-worker-7] ERROR com.intuit.karate - http request failed: 
org.apache.http.client.ClientProtocolException: URI does not specify a valid host name: urn:ogc:def:crs:EPSG::5709
04:25:24.435 [ForkJoinPool-1-worker-7] ERROR com.intuit.karate - feature call (loop) failed at index: 2
caller: classpath:InspireTest/ngr/datasetrecords/def/checkxlinkurl.template.feature
arg: {"link":"urn:ogc:def:crs:EPSG::5709"}
checkxlinkurl.template.feature:14 - 
org.apache.http.client.ClientProtocolException: URI does not specify a valid host name: urn:ogc:def:crs:EPSG::5709
04:25:24.537 [ForkJoinPool-1-worker-9] ERROR com.intuit.karate - status code was: 500, expected: 200, response time: 308, url: https://www.nationaalgeoregister.nl/geonetwork/srv/eng/thesaurus.download?ref=external.theme.inspire-theme, response: 
04:25:24.538 [ForkJoinPool-1-worker-9] ERROR com.intuit.karate - feature call (loop) failed at index: 3
caller: classpath:InspireTest/ngr/datasetrecords/def/checkxlinkurl.template.feature
arg: {"link":"https://www.nationaalgeoregister.nl/geonetwork/srv/eng/thesaurus.download?ref=external.theme.inspire-theme"}
checkxlinkurl.template.feature:15 - status code was: 500, expected: 200, response time: 308, url: https://www.nationaalgeoregister.nl/geonetwork/srv/eng/thesaurus.download?ref=external.theme.inspire-theme, response: 
04:25:24.700 [ForkJoinPool-1-worker-5] INFO  com.intuit.karate - [print]
04:25:24.700 [ForkJoinPool-1-worker-5] INFO  com.intuit.karate - [print] testing xlinkurl:http://nationaalgeoregister.nl/geonetwork/srv/dut/catalog.search#/metadata/280ed37a-b8d2-4ac5-8567-04d84fad3a41
04:25:24.919 [ForkJoinPool-1-worker-5] INFO  com.intuit.karate - [print]
04:25:24.919 [ForkJoinPool-1-worker-5] INFO  com.intuit.karate - [print] testing xlinkurl:https://creativecommons.org/publicdomain/mark/*/deed.nl
04:25:24.954 [ForkJoinPool-1-worker-5] ERROR com.intuit.karate - status code was: 404, expected: 200, response time: 34, url: https://creativecommons.org/publicdomain/mark/*/deed.nl, response: 
04:25:24.954 [ForkJoinPool-1-worker-5] ERROR com.intuit.karate - feature call (loop) failed at index: 2
caller: classpath:InspireTest/ngr/datasetrecords/def/checkxlinkurl.template.feature
arg: {"link":"https://creativecommons.org/publicdomain/mark/*/deed.nl"}
checkxlinkurl.template.feature:15 - status code was: 404, expected: 200, response time: 34, url: https://creativecommons.org/publicdomain/mark/*/deed.nl, response: 
04:25:24.955 [ForkJoinPool-1-worker-5] INFO  com.intuit.karate - [print]
04:25:24.955 [ForkJoinPool-1-worker-5] INFO  com.intuit.karate - [print] testing xlinkurl:https://data.overheid.nl/organisatie/PDOK
04:25:25.890 [ForkJoinPool-1-worker-5] ERROR com.intuit.karate - status code was: 404, expected: 200, response time: 386, url: https://data.overheid.nl/organisatie/PDOK, response: 
04:25:25.890 [ForkJoinPool-1-worker-5] ERROR com.intuit.karate - feature call (loop) failed at index: 3
caller: classpath:InspireTest/ngr/datasetrecords/def/checkxlinkurl.template.feature
arg: {"link":"https://data.overheid.nl/organisatie/PDOK"}
checkxlinkurl.template.feature:15 - status code was: 404, expected: 200, response time: 386, url: https://data.overheid.nl/organisatie/PDOK, response: 
04:25:28.121 [pool-1-thread-2] INFO  com.intuit.karate.Runner - <<fail>> feature 2 of 9: classpath:InspireTest/ngr/datasetrecords/ngr-check-dataset-record.feature
---------------------------------------------------------
feature: classpath:InspireTest/ngr/datasetrecords/ngr-check-dataset-record.feature
report: target/surefire-reports/InspireTest.ngr.datasetrecords.ngr-check-dataset-record.json
scenarios: 200 | passed: 20 | failed: 180 | time: 231.9441
---------------------------------------------------------
Karate version: 0.9.5
======================================================
elapsed: 180.65 | threads:    6 | thread time: 1054.17 
features:     5 | ignored:    4 | efficiency: 0.97
scenarios:  573 | passed:   217 | failed: 356
======================================================
failed features:
InspireTest.ngr.datasetrecords.ngr-check-dataset-record: [1.1:16] ngr-check-dataset-record.feature:80 - feature call (loop) failed: classpath:InspireTest/ngr/datasetrecords/def/checkxlinkurl.template.feature
caller: classpath:InspireTest/ngr/datasetrecords/ngr-check-dataset-record.feature
items: [{link=https://nationaalgeoregister.nl/geonetwork/srv/resources7e290e63-f991-4cc3-beff-1ff08ce2be77}, {link=https://www.nationaalgeoregister.nl/geonetwork/srv/eng/thesaurus.download?ref=external.theme.inspire-theme}]
errors:
-------
feature call (loop) failed at index: 0
caller: classpath:InspireTest/ngr/datasetrecords/def/checkxlinkurl.template.feature
arg: {"link":"https://nationaalgeoregister.nl/geonetwork/srv/resources7e290e63-f991-4cc3-beff-1ff08ce2be77"}
checkxlinkurl.template.feature:15 - status code was: 404, expected: 200, response time: 280, url: https://nationaalgeoregister.nl/geonetwork/srv/resources7e290e63-f991-4cc3-beff-1ff08ce2be77, response: 
-------
feature call (loop) failed at index: 1
caller: classpath:InspireTest/ngr/datasetrecords/def/checkxlinkurl.template.feature
arg: {"link":"https://www.nationaalgeoregister.nl/geonetwork/srv/eng/thesaurus.download?ref=external.theme.inspire-theme"}
checkxlinkurl.template.feature:15 - status code was: 500, expected: 200, response time: 316, url: https://www.nationaalgeoregister.nl/geonetwork/srv/eng/thesaurus.download?ref=external.theme.inspire-theme, response: 
[1.2:16] ngr-check-dataset-record.feature:80 - feature call (loop) failed: classpath:InspireTest/ngr/datasetrecords/def/checkxlinkurl.template.feature
caller: classpath:InspireTest/ngr/datasetrecords/ngr-check-dataset-record.feature
items: [{link=http://standaarden.overheid.nl/owms/terms/Ministerie_van_Landbouw,_Natuur_en_Voedselkwaliteit}, {link=http://nationaalgeoregister.nl/geonetwork/srv/dut/catalog.search#/metadata/247a1d15-0a67-40ce-85be-1403c08f15a8}, {link=http://standaarden.overheid.nl/owms/terms/Ministerie_van_Landbouw,_Natuur_en_Voedselkwaliteit}, {link=http://standaarden.overheid.nl/owms/terms/Ministerie_van_Landbouw,_Natuur_en_Voedselkwaliteit}, {link=xlink:href=https://inspire.ec.europa.eu/id/document/tg/ps}, {link=https://data.overheid.nl/organisatie/PDOK}]
errors:
-------
feature call (loop) failed at index: 4
caller: classpath:InspireTest/ngr/datasetrecords/def/checkxlinkurl.template.feature
arg: {"link":"xlink:href=https://inspire.ec.europa.eu/id/document/tg/ps"}
checkxlinkurl.template.feature:14 - 
org.apache.http.client.ClientProtocolException: URI does not specify a valid host name: xlink:href=https://inspire.ec.europa.eu/id/document/tg/ps
-------
feature call (loop) failed at index: 5
caller: classpath:InspireTest/ngr/datasetrecords/def/checkxlinkurl.template.feature
arg: {"link":"https://data.overheid.nl/organisatie/PDOK"}
checkxlinkurl.template.feature:15 - status code was: 404, expected: 200, response time: 504, url: https://data.overheid.nl/organisatie/PDOK, response: 
[1.3:16] ngr-check-dataset-record.feature:80 - feature call (loop) failed: classpath:InspireTest/ngr/datasetrecords/def/checkxlinkurl.template.feature
caller: classpath:InspireTest/ngr/datasetrecords/ngr-check-dataset-record.feature
items: [{link=http://www.opengis.net/def/crs/EPSG/0/http://www.opengis.net/def/crs/EPSG/0/4258}, {link=http://kadaster/cb4edbd2-2dca-4d44-92bb-b2202048b526}]
errors:
-------
feature call (loop) failed at index: 1
caller: classpath:InspireTest/ngr/datasetrecords/def/checkxlinkurl.template.feature
arg: {"link":"http://kadaster/cb4edbd2-2dca-4d44-92bb-b2202048b526"}
checkxlinkurl.template.feature:14 - 
java.net.UnknownHostException: kadaster
[1.4:16] ngr-check-dataset-record.feature:80 - feature call (loop) failed: classpath:InspireTest/ngr/datasetrecords/def/checkxlinkurl.template.feature
caller: classpath:InspireTest/ngr/datasetrecords/ngr-check-dataset-record.feature
items: [{link=http://kadaster/06b6c650-cdb1-11dd-ad8b-0800200c9a79}]
errors:
-------
feature call (loop) failed at index: 0
caller: classpath:InspireTest/ngr/datasetrecords/def/checkxlinkurl.template.feature
arg: {"link":"http://kadaster/06b6c650-cdb1-11dd-ad8b-0800200c9a79"}
checkxlinkurl.template.feature:14 - 
java.net.UnknownHostException: kadaster
[1.5:16] ngr-check-dataset-record.feature:80 - feature call (loop) failed: classpath:InspireTest/ngr/datasetrecords/def/checkxlinkurl.template.feature
caller: classpath:InspireTest/ngr/datasetrecords/ngr-check-dataset-record.feature
items: [{link=https://data.rivm.nl/inspire/id#e6ddc53d-04c4-435d-bedd-a5ace2dc0313}]
errors:
-------
feature call (loop) failed at index: 0
caller: classpath:InspireTest/ngr/datasetrecords/def/checkxlinkurl.template.feature
arg: {"link":"https://data.rivm.nl/inspire/id#e6ddc53d-04c4-435d-bedd-a5ace2dc0313"}
checkxlinkurl.template.feature:14 - 
javax.net.ssl.SSLException: Connection reset
[1.6:16] ngr-check-dataset-record.feature:80 - feature call (loop) failed: classpath:InspireTest/ngr/datasetrecords/def/checkxlinkurl.template.feature
caller: classpath:InspireTest/ngr/datasetrecords/ngr-check-dataset-record.feature
items: [{link=http://www.opengis.net/def/crs/EPSG/0/http://www.opengis.net/def/crs/EPSG/0/4258}, {link=http://kadaster/9778afe6-2152-4a8f-ba32-9697625401e3}]
errors:
-------
feature call (loop) failed at index: 1
caller: classpath:InspireTest/ngr/datasetrecords/def/checkxlinkurl.template.feature
arg: {"link":"http://kadaster/9778afe6-2152-4a8f-ba32-9697625401e3"}
checkxlinkurl.template.feature:14 - 
java.net.UnknownHostException: kadaster
[1.7:16] ngr-check-dataset-record.feature:80 - feature call (loop) failed: classpath:InspireTest/ngr/datasetrecords/def/checkxlinkurl.template.feature
caller: classpath:InspireTest/ngr/datasetrecords/ngr-check-dataset-record.feature
items: [{link=https://data.rivm.nl/inspire/id#64d546c9-71d4-4c84-a04c-61c5d0734f65}]
errors:
-------
feature call (loop) failed at index: 0
caller: classpath:InspireTest/ngr/datasetrecords/def/checkxlinkurl.template.feature
arg: {"link":"https://data.rivm.nl/inspire/id#64d546c9-71d4-4c84-a04c-61c5d0734f65"}
checkxlinkurl.template.feature:14 - 
javax.net.ssl.SSLException: Connection reset
[1.8:16] ngr-check-dataset-record.feature:48 - xpath does not exist: /GetRecordByIdResponse//@href on response
[1.10:16] ngr-check-dataset-record.feature:80 - feature call (loop) failed: classpath:InspireTest/ngr/datasetrecords/def/checkxlinkurl.template.feature
caller: classpath:InspireTest/ngr/datasetrecords/ngr-check-dataset-record.feature
items: [{link=http://kadaster/06b6c650-cdb1-11dd-ad8b-0800200c9a76}]
errors:
-------
feature call (loop) failed at index: 0
caller: classpath:InspireTest/ngr/datasetrecords/def/checkxlinkurl.template.feature
arg: {"link":"http://kadaster/06b6c650-cdb1-11dd-ad8b-0800200c9a76"}
checkxlinkurl.template.feature:14 - 
java.net.UnknownHostException: kadaster
[1.11:16] ngr-check-dataset-record.feature:80 - feature call (loop) failed: classpath:InspireTest/ngr/datasetrecords/def/checkxlinkurl.template.feature
caller: classpath:InspireTest/ngr/datasetrecords/ngr-check-dataset-record.feature
items: [{link=http://www.opengis.net/def/crs/EPSG/0/https://www.opengis.net/def/crs/EPSG/0/4258}, {link=https://www.nationaalgeoregister.nl/geonetwork/srv/api/recordsbe6551de-a709-4c6d-a5e2-f63f0cf038ba}]
errors:
-------
feature call (loop) failed at index: 1
caller: classpath:InspireTest/ngr/datasetrecords/def/checkxlinkurl.template.feature
arg: {"link":"https://www.nationaalgeoregister.nl/geonetwork/srv/api/recordsbe6551de-a709-4c6d-a5e2-f63f0cf038ba"}
checkxlinkurl.template.feature:15 - status code was: 500, expected: 200, response time: 426, url: https://www.nationaalgeoregister.nl/geonetwork/srv/api/recordsbe6551de-a709-4c6d-a5e2-f63f0cf038ba, response: 
[1.12:16] ngr-check-dataset-record.feature:80 - feature call (loop) failed: classpath:InspireTest/ngr/datasetrecords/def/checkxlinkurl.template.feature
caller: classpath:InspireTest/ngr/datasetrecords/ngr-check-dataset-record.feature
items: [{link=https://nationaalgeoregister.nl/geonetwork/srv/resources7d716522-fa1a-43b4-99c0-3a3480f9e218}, {link=https://www.nationaalgeoregister.nl/geonetwork/srv/eng/thesaurus.download?ref=external.theme.inspire-theme}]
errors:
-------
feature call (loop) failed at index: 0
caller: classpath:InspireTest/ngr/datasetrecords/def/checkxlinkurl.template.feature
arg: {"link":"https://nationaalgeoregister.nl/geonetwork/srv/resources7d716522-fa1a-43b4-99c0-3a3480f9e218"}
checkxlinkurl.template.feature:15 - status code was: 404, expected: 200, response time: 284, url: https://nationaalgeoregister.nl/geonetwork/srv/resources7d716522-fa1a-43b4-99c0-3a3480f9e218, response: 
-------
feature call (loop) failed at index: 1
caller: classpath:InspireTest/ngr/datasetrecords/def/checkxlinkurl.template.feature
arg: {"link":"https://www.nationaalgeoregister.nl/geonetwork/srv/eng/thesaurus.download?ref=external.theme.inspire-theme"}
checkxlinkurl.template.feature:15 - status code was: 500, expected: 200, response time: 458, url: https://www.nationaalgeoregister.nl/geonetwork/srv/eng/thesaurus.download?ref=external.theme.inspire-theme, response: 
[1.13:16] ngr-check-dataset-record.feature:80 - feature call (loop) failed: classpath:InspireTest/ngr/datasetrecords/def/checkxlinkurl.template.feature
caller: classpath:InspireTest/ngr/datasetrecords/ngr-check-dataset-record.feature
items: [{link=https://data.rivm.nl/inspire/id#1de92b14-bc21-4f33-b0de-abd325e61804}]
errors:
-------
feature call (loop) failed at index: 0
caller: classpath:InspireTest/ngr/datasetrecords/def/checkxlinkurl.template.feature
arg: {"link":"https://data.rivm.nl/inspire/id#1de92b14-bc21-4f33-b0de-abd325e61804"}
checkxlinkurl.template.feature:14 - 
javax.net.ssl.SSLException: Connection reset
[1.14:16] ngr-check-dataset-record.feature:80 - feature call (loop) failed: classpath:InspireTest/ngr/datasetrecords/def/checkxlinkurl.template.feature
caller: classpath:InspireTest/ngr/datasetrecords/ngr-check-dataset-record.feature
items: [{link=https://www.nationaalgeoregister.nl/geonetwork/srv/api/records58d39928-f502-48c9-a8c1-03244dc181bf}]
errors:
-------
feature call (loop) failed at index: 0
caller: classpath:InspireTest/ngr/datasetrecords/def/checkxlinkurl.template.feature
arg: {"link":"https://www.nationaalgeoregister.nl/geonetwork/srv/api/records58d39928-f502-48c9-a8c1-03244dc181bf"}
checkxlinkurl.template.feature:15 - status code was: 500, expected: 200, response time: 305, url: https://www.nationaalgeoregister.nl/geonetwork/srv/api/records58d39928-f502-48c9-a8c1-03244dc181bf, response: 
[1.16:16] ngr-check-dataset-record.feature:80 - feature call (loop) failed: classpath:InspireTest/ngr/datasetrecords/def/checkxlinkurl.template.feature
caller: classpath:InspireTest/ngr/datasetrecords/ngr-check-dataset-record.feature
items: [{link=http://www.opengis.net/def/crs/EPSG/0/http://www.opengis.net/def/crs/EPSG/0/4258}, {link=http://kadaster/80b2d12c-32be-54fg-b6d3—34f4ffc06cf3}]
errors:
-------
feature call (loop) failed at index: 1
caller: classpath:InspireTest/ngr/datasetrecords/def/checkxlinkurl.template.feature
arg: {"link":"http://kadaster/80b2d12c-32be-54fg-b6d3\u201434f4ffc06cf3"}
checkxlinkurl.template.feature:14 - 
java.net.UnknownHostException: kadaster
[1.17:16] ngr-check-dataset-record.feature:80 - feature call (loop) failed: classpath:InspireTest/ngr/datasetrecords/def/checkxlinkurl.template.feature
caller: classpath:InspireTest/ngr/datasetrecords/ngr-check-dataset-record.feature
items: [{link=http://kadaster/2482250f-3b00-4439-9f93-f3118229b017}, {link=}, {link=}, {link=}]
errors:
-------
feature call (loop) failed at index: 0
caller: classpath:InspireTest/ngr/datasetrecords/def/checkxlinkurl.template.feature
arg: {"link":"http://kadaster/2482250f-3b00-4439-9f93-f3118229b017"}
checkxlinkurl.template.feature:14 - 
java.net.UnknownHostException: kadaster: Temporary failure in name resolution
-------
feature call (loop) failed at index: 1
caller: classpath:InspireTest/ngr/datasetrecords/def/checkxlinkurl.template.feature
arg: {"link":""}
checkxlinkurl.template.feature:14 - 
org.apache.http.client.ClientProtocolException
-------
feature call (loop) failed at index: 2
caller: classpath:InspireTest/ngr/datasetrecords/def/checkxlinkurl.template.feature
arg: {"link":""}
checkxlinkurl.template.feature:14 - 
org.apache.http.client.ClientProtocolException
-------
feature call (loop) failed at index: 3
caller: classpath:InspireTest/ngr/datasetrecords/def/checkxlinkurl.template.feature
arg: {"link":""}
checkxlinkurl.template.feature:14 - 
org.apache.http.client.ClientProtocolException
[1.18:16] ngr-check-dataset-record.feature:80 - feature call (loop) failed: classpath:InspireTest/ngr/datasetrecords/def/checkxlinkurl.template.feature
caller: classpath:InspireTest/ngr/datasetrecords/ngr-check-dataset-record.feature
items: [{link=https://data.rivm.nl/inspire/id#1e3a98db-5d5e-4e61-8b64-1d132ddb439e}]
errors:
-------
feature call (loop) failed at index: 0
caller: classpath:InspireTest/ngr/datasetrecords/def/checkxlinkurl.template.feature
arg: {"link":"https://data.rivm.nl/inspire/id#1e3a98db-5d5e-4e61-8b64-1d132ddb439e"}
checkxlinkurl.template.feature:14 - 
javax.net.ssl.SSLException: Connection reset
[1.19:16] ngr-check-dataset-record.feature:80 - feature call (loop) failed: classpath:InspireTest/ngr/datasetrecords/def/checkxlinkurl.template.feature
caller: classpath:InspireTest/ngr/datasetrecords/ngr-check-dataset-record.feature
items: [{link=h}, {link=t}, {link=t}, {link=p}, {link=:}, {link=/}, {link=/}, {link=s}, {link=t}, {link=a}, {link=n}, {link=d}, {link=a}, {link=r}, {link=d}, {link=s}, {link=.}, {link=i}, {link=s}, {link=o}, {link=.}, {link=o}, {link=r}, {link=g}, {link=/}, {link=i}, {link=t}, {link=t}, {link=f}, {link=/}, {link=P}, {link=u}, {link=b}, {link=l}, {link=i}, {link=c}, {link=l}, {link=y}, {link=A}, {link=v}, {link=a}, {link=i}, {link=l}, {link=a}, {link=b}, {link=l}, {link=e}, {link=S}, {link=t}, {link=a}, {link=n}, {link=d}, {link=a}, {link=r}, {link=d}, {link=s}, {link=/}, {link=I}, {link=S}, {link=O}, {link=_}, {link=1}, {link=9}, {link=1}, {link=3}, {link=9}, {link=_}, {link=S}, {link=c}, {link=h}, {link=e}, {link=m}, {link=a}, {link=s}, {link=/}, {link=r}, {link=e}, {link=s}, {link=o}, {link=u}, {link=r}, {link=c}, {link=e}, {link=s}, {link=/}, {link=u}, {link=o}, {link=m}, {link=/}, {link=g}, {link=m}, {link=x}, {link=U}, {link=o}, {link=m}, {link=.}, {link=x}, {link=m}, {link=l}, {link=#}, {link=m}]
errors:
-------
feature call (loop) failed at index: 0
caller: classpath:InspireTest/ngr/datasetrecords/def/checkxlinkurl.template.feature
arg: {"link":"h"}
checkxlinkurl.template.feature:14 - 
org.apache.http.client.ClientProtocolException
-------
feature call (loop) failed at index: 1
caller: classpath:InspireTest/ngr/datasetrecords/def/checkxlinkurl.template.feature
arg: {"link":"t"}
checkxlinkurl.template.feature:14 - 
org.apache.http.client.ClientProtocolException
-------
feature call (loop) failed at index: 2
caller: classpath:InspireTest/ngr/datasetrecords/def/checkxlinkurl.template.feature
arg: {"link":"t"}
checkxlinkurl.template.feature:14 - 
org.apache.http.client.ClientProtocolException
-------
feature call (loop) failed at index: 3
caller: classpath:InspireTest/ngr/datasetrecords/def/checkxlinkurl.template.feature
arg: {"link":"p"}
checkxlinkurl.template.feature:14 - 
org.apache.http.client.ClientProtocolException
-------
feature call (loop) failed at index: 4
caller: classpath:InspireTest/ngr/datasetrecords/def/checkxlinkurl.template.feature
arg: {"link":":"}
checkxlinkurl.template.feature:14 - java.net.URISyntaxException: Expected scheme name at index 0: :
-------
feature call (loop) failed at index: 5
caller: classpath:InspireTest/ngr/datasetrecords/def/checkxlinkurl.template.feature
arg: {"link":"/"}
checkxlinkurl.template.feature:14 - 
org.apache.http.client.ClientProtocolException
-------
feature call (loop) failed at index: 6
caller: classpath:InspireTest/ngr/datasetrecords/def/checkxlinkurl.template.feature
arg: {"link":"/"}
checkxlinkurl.template.feature:14 - 
org.apache.http.client.ClientProtocolException
-------
feature call (loop) failed at index: 7
caller: classpath:InspireTest/ngr/datasetrecords/def/checkxlinkurl.template.feature
arg: {"link":"s"}
checkxlinkurl.template.feature:14 - 
org.apache.http.client.ClientProtocolException
-------
feature call (loop) failed at index: 8
caller: classpath:InspireTest/ngr/datasetrecords/def/checkxlinkurl.template.feature
arg: {"link":"t"}
checkxlinkurl.template.feature:14 - 
org.apache.http.client.ClientProtocolException
-------
feature call (loop) failed at index: 9
caller: classpath:InspireTest/ngr/datasetrecords/def/checkxlinkurl.template.feature
arg: {"link":"a"}
checkxlinkurl.template.feature:14 - 
org.apache.http.client.ClientProtocolException
-------
feature call (loop) failed at index: 10
caller: classpath:InspireTest/ngr/datasetrecords/def/checkxlinkurl.template.feature
arg: {"link":"n"}
checkxlinkurl.template.feature:14 - 
org.apache.http.client.ClientProtocolException
-------
feature call (loop) failed at index: 11
caller: classpath:InspireTest/ngr/datasetrecords/def/checkxlinkurl.template.feature
arg: {"link":"d"}
checkxlinkurl.template.feature:14 - 
org.apache.http.client.ClientProtocolException
-------
feature call (loop) failed at index: 12
caller: classpath:InspireTest/ngr/datasetrecords/def/checkxlinkurl.template.feature
arg: {"link":"a"}
checkxlinkurl.template.feature:14 - 
org.apache.http.client.ClientProtocolException
-------
feature call (loop) failed at index: 13
caller: classpath:InspireTest/ngr/datasetrecords/def/checkxlinkurl.template.feature
arg: {"link":"r"}
checkxlinkurl.template.feature:14 - 
org.apache.http.client.ClientProtocolException
-------
feature call (loop) failed at index: 14
caller: classpath:InspireTest/ngr/datasetrecords/def/checkxlinkurl.template.feature
arg: {"link":"d"}
checkxlinkurl.template.feature:14 - 
org.apache.http.client.ClientProtocolException
-------
feature call (loop) failed at index: 15
caller: classpath:InspireTest/ngr/datasetrecords/def/checkxlinkurl.template.feature
arg: {"link":"s"}
checkxlinkurl.template.feature:14 - 
org.apache.http.client.ClientProtocolException
-------
feature call (loop) failed at index: 16
caller: classpath:InspireTest/ngr/datasetrecords/def/checkxlinkurl.template.feature
arg: {"link":"."}
checkxlinkurl.template.feature:14 - 
org.apache.http.client.ClientProtocolException
-------
feature call (loop) failed at index: 17
caller: classpath:InspireTest/ngr/datasetrecords/def/checkxlinkurl.template.feature
arg: {"link":"i"}
checkxlinkurl.template.feature:14 - 
org.apache.http.client.ClientProtocolException
-------
feature call (loop) failed at index: 18
caller: classpath:InspireTest/ngr/datasetrecords/def/checkxlinkurl.template.feature
arg: {"link":"s"}
checkxlinkurl.template.feature:14 - 
org.apache.http.client.ClientProtocolException
-------
feature call (loop) failed at index: 19
caller: classpath:InspireTest/ngr/datasetrecords/def/checkxlinkurl.template.feature
arg: {"link":"o"}
checkxlinkurl.template.feature:14 - 
org.apache.http.client.ClientProtocolException
-------
feature call (loop) failed at index: 20
caller: classpath:InspireTest/ngr/datasetrecords/def/checkxlinkurl.template.feature
arg: {"link":"."}
checkxlinkurl.template.feature:14 - 
org.apache.http.client.ClientProtocolException
-------
feature call (loop) failed at index: 21
caller: classpath:InspireTest/ngr/datasetrecords/def/checkxlinkurl.template.feature
arg: {"link":"o"}
checkxlinkurl.template.feature:14 - 
org.apache.http.client.ClientProtocolException
-------
feature call (loop) failed at index: 22
caller: classpath:InspireTest/ngr/datasetrecords/def/checkxlinkurl.template.feature
arg: {"link":"r"}
checkxlinkurl.template.feature:14 - 
org.apache.http.client.ClientProtocolException
-------
feature call (loop) failed at index: 23
caller: classpath:InspireTest/ngr/datasetrecords/def/checkxlinkurl.template.feature
arg: {"link":"g"}
checkxlinkurl.template.feature:14 - 
org.apache.http.client.ClientProtocolException
-------
feature call (loop) failed at index: 24
caller: classpath:InspireTest/ngr/datasetrecords/def/checkxlinkurl.template.feature
arg: {"link":"/"}
checkxlinkurl.template.feature:14 - 
org.apache.http.client.ClientProtocolException
-------
feature call (loop) failed at index: 25
caller: classpath:InspireTest/ngr/datasetrecords/def/checkxlinkurl.template.feature
arg: {"link":"i"}
checkxlinkurl.template.feature:14 - 
org.apache.http.client.ClientProtocolException
-------
feature call (loop) failed at index: 26
caller: classpath:InspireTest/ngr/datasetrecords/def/checkxlinkurl.template.feature
arg: {"link":"t"}
checkxlinkurl.template.feature:14 - 
org.apache.http.client.ClientProtocolException
-------
feature call (loop) failed at index: 27
caller: classpath:InspireTest/ngr/datasetrecords/def/checkxlinkurl.template.feature
arg: {"link":"t"}
checkxlinkurl.template.feature:14 - 
org.apache.http.client.ClientProtocolException
-------
feature call (loop) failed at index: 28
caller: classpath:InspireTest/ngr/datasetrecords/def/checkxlinkurl.template.feature
arg: {"link":"f"}
checkxlinkurl.template.feature:14 - 
org.apache.http.client.ClientProtocolException
-------
feature call (loop) failed at index: 29
caller: classpath:InspireTest/ngr/datasetrecords/def/checkxlinkurl.template.feature
arg: {"link":"/"}
checkxlinkurl.template.feature:14 - 
org.apache.http.client.ClientProtocolException
-------
feature call (loop) failed at index: 30
caller: classpath:InspireTest/ngr/datasetrecords/def/checkxlinkurl.template.feature
arg: {"link":"P"}
checkxlinkurl.template.feature:14 - 
org.apache.http.client.ClientProtocolException
-------
feature call (loop) failed at index: 31
caller: classpath:InspireTest/ngr/datasetrecords/def/checkxlinkurl.template.feature
arg: {"link":"u"}
checkxlinkurl.template.feature:14 - 
org.apache.http.client.ClientProtocolException
-------
feature call (loop) failed at index: 32
caller: classpath:InspireTest/ngr/datasetrecords/def/checkxlinkurl.template.feature
arg: {"link":"b"}
checkxlinkurl.template.feature:14 - 
org.apache.http.client.ClientProtocolException
-------
feature call (loop) failed at index: 33
caller: classpath:InspireTest/ngr/datasetrecords/def/checkxlinkurl.template.feature
arg: {"link":"l"}
checkxlinkurl.template.feature:14 - 
org.apache.http.client.ClientProtocolException
-------
feature call (loop) failed at index: 34
caller: classpath:InspireTest/ngr/datasetrecords/def/checkxlinkurl.template.feature
arg: {"link":"i"}
checkxlinkurl.template.feature:14 - 
org.apache.http.client.ClientProtocolException
-------
feature call (loop) failed at index: 35
caller: classpath:InspireTest/ngr/datasetrecords/def/checkxlinkurl.template.feature
arg: {"link":"c"}
checkxlinkurl.template.feature:14 - 
org.apache.http.client.ClientProtocolException
-------
feature call (loop) failed at index: 36
caller: classpath:InspireTest/ngr/datasetrecords/def/checkxlinkurl.template.feature
arg: {"link":"l"}
checkxlinkurl.template.feature:14 - 
org.apache.http.client.ClientProtocolException
-------
feature call (loop) failed at index: 37
caller: classpath:InspireTest/ngr/datasetrecords/def/checkxlinkurl.template.feature
arg: {"link":"y"}
checkxlinkurl.template.feature:14 - 
org.apache.http.client.ClientProtocolException
-------
feature call (loop) failed at index: 38
caller: classpath:InspireTest/ngr/datasetrecords/def/checkxlinkurl.template.feature
arg: {"link":"A"}
checkxlinkurl.template.feature:14 - 
org.apache.http.client.ClientProtocolException
-------
feature call (loop) failed at index: 39
caller: classpath:InspireTest/ngr/datasetrecords/def/checkxlinkurl.template.feature
arg: {"link":"v"}
checkxlinkurl.template.feature:14 - 
org.apache.http.client.ClientProtocolException
-------
feature call (loop) failed at index: 40
caller: classpath:InspireTest/ngr/datasetrecords/def/checkxlinkurl.template.feature
arg: {"link":"a"}
checkxlinkurl.template.feature:14 - 
org.apache.http.client.ClientProtocolException
-------
feature call (loop) failed at index: 41
caller: classpath:InspireTest/ngr/datasetrecords/def/checkxlinkurl.template.feature
arg: {"link":"i"}
checkxlinkurl.template.feature:14 - 
org.apache.http.client.ClientProtocolException
-------
feature call (loop) failed at index: 42
caller: classpath:InspireTest/ngr/datasetrecords/def/checkxlinkurl.template.feature
arg: {"link":"l"}
checkxlinkurl.template.feature:14 - 
org.apache.http.client.ClientProtocolException
-------
feature call (loop) failed at index: 43
caller: classpath:InspireTest/ngr/datasetrecords/def/checkxlinkurl.template.feature
arg: {"link":"a"}
checkxlinkurl.template.feature:14 - 
org.apache.http.client.ClientProtocolException
-------
feature call (loop) failed at index: 44
caller: classpath:InspireTest/ngr/datasetrecords/def/checkxlinkurl.template.feature
arg: {"link":"b"}
checkxlinkurl.template.feature:14 - 
org.apache.http.client.ClientProtocolException
-------
feature call (loop) failed at index: 45
caller: classpath:InspireTest/ngr/datasetrecords/def/checkxlinkurl.template.feature
arg: {"link":"l"}
checkxlinkurl.template.feature:14 - 
org.apache.http.client.ClientProtocolException
-------
feature call (loop) failed at index: 46
caller: classpath:InspireTest/ngr/datasetrecords/def/checkxlinkurl.template.feature
arg: {"link":"e"}
checkxlinkurl.template.feature:14 - 
org.apache.http.client.ClientProtocolException
-------
feature call (loop) failed at index: 47
caller: classpath:InspireTest/ngr/datasetrecords/def/checkxlinkurl.template.feature
arg: {"link":"S"}
checkxlinkurl.template.feature:14 - 
org.apache.http.client.ClientProtocolException
-------
feature call (loop) failed at index: 48
caller: classpath:InspireTest/ngr/datasetrecords/def/checkxlinkurl.template.feature
arg: {"link":"t"}
checkxlinkurl.template.feature:14 - 
org.apache.http.client.ClientProtocolException
-------
feature call (loop) failed at index: 49
caller: classpath:InspireTest/ngr/datasetrecords/def/checkxlinkurl.template.feature
arg: {"link":"a"}
checkxlinkurl.template.feature:14 - 
org.apache.http.client.ClientProtocolException
-------
feature call (loop) failed at index: 50
caller: classpath:InspireTest/ngr/datasetrecords/def/checkxlinkurl.template.feature
arg: {"link":"n"}
checkxlinkurl.template.feature:14 - 
org.apache.http.client.ClientProtocolException
-------
feature call (loop) failed at index: 51
caller: classpath:InspireTest/ngr/datasetrecords/def/checkxlinkurl.template.feature
arg: {"link":"d"}
checkxlinkurl.template.feature:14 - 
org.apache.http.client.ClientProtocolException
-------
feature call (loop) failed at index: 52
caller: classpath:InspireTest/ngr/datasetrecords/def/checkxlinkurl.template.feature
arg: {"link":"a"}
checkxlinkurl.template.feature:14 - 
org.apache.http.client.ClientProtocolException
-------
feature call (loop) failed at index: 53
caller: classpath:InspireTest/ngr/datasetrecords/def/checkxlinkurl.template.feature
arg: {"link":"r"}
checkxlinkurl.template.feature:14 - 
org.apache.http.client.ClientProtocolException
-------
feature call (loop) failed at index: 54
caller: classpath:InspireTest/ngr/datasetrecords/def/checkxlinkurl.template.feature
arg: {"link":"d"}
checkxlinkurl.template.feature:14 - 
org.apache.http.client.ClientProtocolException
-------
feature call (loop) failed at index: 55
caller: classpath:InspireTest/ngr/datasetrecords/def/checkxlinkurl.template.feature
arg: {"link":"s"}
checkxlinkurl.template.feature:14 - 
org.apache.http.client.ClientProtocolException
-------
feature call (loop) failed at index: 56
caller: classpath:InspireTest/ngr/datasetrecords/def/checkxlinkurl.template.feature
arg: {"link":"/"}
checkxlinkurl.template.feature:14 - 
org.apache.http.client.ClientProtocolException
-------
feature call (loop) failed at index: 57
caller: classpath:InspireTest/ngr/datasetrecords/def/checkxlinkurl.template.feature
arg: {"link":"I"}
checkxlinkurl.template.feature:14 - 
org.apache.http.client.ClientProtocolException
-------
feature call (loop) failed at index: 58
caller: classpath:InspireTest/ngr/datasetrecords/def/checkxlinkurl.template.feature
arg: {"link":"S"}
checkxlinkurl.template.feature:14 - 
org.apache.http.client.ClientProtocolException
-------
feature call (loop) failed at index: 59
caller: classpath:InspireTest/ngr/datasetrecords/def/checkxlinkurl.template.feature
arg: {"link":"O"}
checkxlinkurl.template.feature:14 - 
org.apache.http.client.ClientProtocolException
-------
feature call (loop) failed at index: 60
caller: classpath:InspireTest/ngr/datasetrecords/def/checkxlinkurl.template.feature
arg: {"link":"_"}
checkxlinkurl.template.feature:14 - 
org.apache.http.client.ClientProtocolException
-------
feature call (loop) failed at index: 61
caller: classpath:InspireTest/ngr/datasetrecords/def/checkxlinkurl.template.feature
arg: {"link":"1"}
checkxlinkurl.template.feature:14 - 
org.apache.http.client.ClientProtocolException
-------
feature call (loop) failed at index: 62
caller: classpath:InspireTest/ngr/datasetrecords/def/checkxlinkurl.template.feature
arg: {"link":"9"}
checkxlinkurl.template.feature:14 - 
org.apache.http.client.ClientProtocolException
-------
feature call (loop) failed at index: 63
caller: classpath:InspireTest/ngr/datasetrecords/def/checkxlinkurl.template.feature
arg: {"link":"1"}
checkxlinkurl.template.feature:14 - 
org.apache.http.client.ClientProtocolException
-------
feature call (loop) failed at index: 64
caller: classpath:InspireTest/ngr/datasetrecords/def/checkxlinkurl.template.feature
arg: {"link":"3"}
checkxlinkurl.template.feature:14 - 
org.apache.http.client.ClientProtocolException
-------
feature call (loop) failed at index: 65
caller: classpath:InspireTest/ngr/datasetrecords/def/checkxlinkurl.template.feature
arg: {"link":"9"}
checkxlinkurl.template.feature:14 - 
org.apache.http.client.ClientProtocolException
-------
feature call (loop) failed at index: 66
caller: classpath:InspireTest/ngr/datasetrecords/def/checkxlinkurl.template.feature
arg: {"link":"_"}
checkxlinkurl.template.feature:14 - 
org.apache.http.client.ClientProtocolException
-------
feature call (loop) failed at index: 67
caller: classpath:InspireTest/ngr/datasetrecords/def/checkxlinkurl.template.feature
arg: {"link":"S"}
checkxlinkurl.template.feature:14 - 
org.apache.http.client.ClientProtocolException
-------
feature call (loop) failed at index: 68
caller: classpath:InspireTest/ngr/datasetrecords/def/checkxlinkurl.template.feature
arg: {"link":"c"}
checkxlinkurl.template.feature:14 - 
org.apache.http.client.ClientProtocolException
-------
feature call (loop) failed at index: 69
caller: classpath:InspireTest/ngr/datasetrecords/def/checkxlinkurl.template.feature
arg: {"link":"h"}
checkxlinkurl.template.feature:14 - 
org.apache.http.client.ClientProtocolException
-------
feature call (loop) failed at index: 70
caller: classpath:InspireTest/ngr/datasetrecords/def/checkxlinkurl.template.feature
arg: {"link":"e"}
checkxlinkurl.template.feature:14 - 
org.apache.http.client.ClientProtocolException
-------
feature call (loop) failed at index: 71
caller: classpath:InspireTest/ngr/datasetrecords/def/checkxlinkurl.template.feature
arg: {"link":"m"}
checkxlinkurl.template.feature:14 - 
org.apache.http.client.ClientProtocolException
-------
feature call (loop) failed at index: 72
caller: classpath:InspireTest/ngr/datasetrecords/def/checkxlinkurl.template.feature
arg: {"link":"a"}
checkxlinkurl.template.feature:14 - 
org.apache.http.client.ClientProtocolException
-------
feature call (loop) failed at index: 73
caller: classpath:InspireTest/ngr/datasetrecords/def/checkxlinkurl.template.feature
arg: {"link":"s"}
checkxlinkurl.template.feature:14 - 
org.apache.http.client.ClientProtocolException
-------
feature call (loop) failed at index: 74
caller: classpath:InspireTest/ngr/datasetrecords/def/checkxlinkurl.template.feature
arg: {"link":"/"}
checkxlinkurl.template.feature:14 - 
org.apache.http.client.ClientProtocolException
-------
feature call (loop) failed at index: 75
caller: classpath:InspireTest/ngr/datasetrecords/def/checkxlinkurl.template.feature
arg: {"link":"r"}
checkxlinkurl.template.feature:14 - 
org.apache.http.client.ClientProtocolException
-------
feature call (loop) failed at index: 76
caller: classpath:InspireTest/ngr/datasetrecords/def/checkxlinkurl.template.feature
arg: {"link":"e"}
checkxlinkurl.template.feature:14 - 
org.apache.http.client.ClientProtocolException
-------
feature call (loop) failed at index: 77
caller: classpath:InspireTest/ngr/datasetrecords/def/checkxlinkurl.template.feature
arg: {"link":"s"}
checkxlinkurl.template.feature:14 - 
org.apache.http.client.ClientProtocolException
-------
feature call (loop) failed at index: 78
caller: classpath:InspireTest/ngr/datasetrecords/def/checkxlinkurl.template.feature
arg: {"link":"o"}
checkxlinkurl.template.feature:14 - 
org.apache.http.client.ClientProtocolException
-------
feature call (loop) failed at index: 79
caller: classpath:InspireTest/ngr/datasetrecords/def/checkxlinkurl.template.feature
arg: {"link":"u"}
checkxlinkurl.template.feature:14 - 
org.apache.http.client.ClientProtocolException
-------
feature call (loop) failed at index: 80
caller: classpath:InspireTest/ngr/datasetrecords/def/checkxlinkurl.template.feature
arg: {"link":"r"}
checkxlinkurl.template.feature:14 - 
org.apache.http.client.ClientProtocolException
-------
feature call (loop) failed at index: 81
caller: classpath:InspireTest/ngr/datasetrecords/def/checkxlinkurl.template.feature
arg: {"link":"c"}
checkxlinkurl.template.feature:14 - 
org.apache.http.client.ClientProtocolException
-------
feature call (loop) failed at index: 82
caller: classpath:InspireTest/ngr/datasetrecords/def/checkxlinkurl.template.feature
arg: {"link":"e"}
checkxlinkurl.template.feature:14 - 
org.apache.http.client.ClientProtocolException
-------
feature call (loop) failed at index: 83
caller: classpath:InspireTest/ngr/datasetrecords/def/checkxlinkurl.template.feature
arg: {"link":"s"}
checkxlinkurl.template.feature:14 - 
org.apache.http.client.ClientProtocolException
-------
feature call (loop) failed at index: 84
caller: classpath:InspireTest/ngr/datasetrecords/def/checkxlinkurl.template.feature
arg: {"link":"/"}
checkxlinkurl.template.feature:14 - 
org.apache.http.client.ClientProtocolException
-------
feature call (loop) failed at index: 85
caller: classpath:InspireTest/ngr/datasetrecords/def/checkxlinkurl.template.feature
arg: {"link":"u"}
checkxlinkurl.template.feature:14 - 
org.apache.http.client.ClientProtocolException
-------
feature call (loop) failed at index: 86
caller: classpath:InspireTest/ngr/datasetrecords/def/checkxlinkurl.template.feature
arg: {"link":"o"}
checkxlinkurl.template.feature:14 - 
org.apache.http.client.ClientProtocolException
-------
feature call (loop) failed at index: 87
caller: classpath:InspireTest/ngr/datasetrecords/def/checkxlinkurl.template.feature
arg: {"link":"m"}
checkxlinkurl.template.feature:14 - 
org.apache.http.client.ClientProtocolException
-------
feature call (loop) failed at index: 88
caller: classpath:InspireTest/ngr/datasetrecords/def/checkxlinkurl.template.feature
arg: {"link":"/"}
checkxlinkurl.template.feature:14 - 
org.apache.http.client.ClientProtocolException
-------
feature call (loop) failed at index: 89
caller: classpath:InspireTest/ngr/datasetrecords/def/checkxlinkurl.template.feature
arg: {"link":"g"}
checkxlinkurl.template.feature:14 - 
org.apache.http.client.ClientProtocolException
-------
feature call (loop) failed at index: 90
caller: classpath:InspireTest/ngr/datasetrecords/def/checkxlinkurl.template.feature
arg: {"link":"m"}
checkxlinkurl.template.feature:14 - 
org.apache.http.client.ClientProtocolException
-------
feature call (loop) failed at index: 91
caller: classpath:InspireTest/ngr/datasetrecords/def/checkxlinkurl.template.feature
arg: {"link":"x"}
checkxlinkurl.template.feature:14 - 
org.apache.http.client.ClientProtocolException
-------
feature call (loop) failed at index: 92
caller: classpath:InspireTest/ngr/datasetrecords/def/checkxlinkurl.template.feature
arg: {"link":"U"}
checkxlinkurl.template.feature:14 - 
org.apache.http.client.ClientProtocolException
-------
feature call (loop) failed at index: 93
caller: classpath:InspireTest/ngr/datasetrecords/def/checkxlinkurl.template.feature
arg: {"link":"o"}
checkxlinkurl.template.feature:14 - 
org.apache.http.client.ClientProtocolException
-------
feature call (loop) failed at index: 94
caller: classpath:InspireTest/ngr/datasetrecords/def/checkxlinkurl.template.feature
arg: {"link":"m"}
checkxlinkurl.template.feature:14 - 
org.apache.http.client.ClientProtocolException
-------
feature call (loop) failed at index: 95
caller: classpath:InspireTest/ngr/datasetrecords/def/checkxlinkurl.template.feature
arg: {"link":"."}
checkxlinkurl.template.feature:14 - 
org.apache.http.client.ClientProtocolException
-------
feature call (loop) failed at index: 96
caller: classpath:InspireTest/ngr/datasetrecords/def/checkxlinkurl.template.feature
arg: {"link":"x"}
checkxlinkurl.template.feature:14 - 
org.apache.http.client.ClientProtocolException
-------
feature call (loop) failed at index: 97
caller: classpath:InspireTest/ngr/datasetrecords/def/checkxlinkurl.template.feature
arg: {"link":"m"}
checkxlinkurl.template.feature:14 - 
org.apache.http.client.ClientProtocolException
-------
feature call (loop) failed at index: 98
caller: classpath:InspireTest/ngr/datasetrecords/def/checkxlinkurl.template.feature
arg: {"link":"l"}
checkxlinkurl.template.feature:14 - 
org.apache.http.client.ClientProtocolException
-------
feature call (loop) failed at index: 99
caller: classpath:InspireTest/ngr/datasetrecords/def/checkxlinkurl.template.feature
arg: {"link":"#"}
checkxlinkurl.template.feature:14 - 
org.apache.http.client.ClientProtocolException
-------
feature call (loop) failed at index: 100
caller: classpath:InspireTest/ngr/datasetrecords/def/checkxlinkurl.template.feature
arg: {"link":"m"}
checkxlinkurl.template.feature:14 - 
org.apache.http.client.ClientProtocolException
[1.21:16] ngr-check-dataset-record.feature:80 - feature call (loop) failed: classpath:InspireTest/ngr/datasetrecords/def/checkxlinkurl.template.feature
caller: classpath:InspireTest/ngr/datasetrecords/ngr-check-dataset-record.feature
items: [{link=http://www.opengis.net/def/crs/EPSG/0/http://www.opengis.net/def/crs/EPSG/0/4258}, {link=http://kadaster/70a0f618-9d4f-4be9-9d9d-11106ff6971c}]
errors:
-------
feature call (loop) failed at index: 1
caller: classpath:InspireTest/ngr/datasetrecords/def/checkxlinkurl.template.feature
arg: {"link":"http://kadaster/70a0f618-9d4f-4be9-9d9d-11106ff6971c"}
checkxlinkurl.template.feature:14 - 
java.net.UnknownHostException: kadaster
[1.22:16] ngr-check-dataset-record.feature:80 - feature call (loop) failed: classpath:InspireTest/ngr/datasetrecords/def/checkxlinkurl.template.feature
caller: classpath:InspireTest/ngr/datasetrecords/ngr-check-dataset-record.feature
items: [{link=http://www.opengis.net/def/crs/EPSG/0/https://www.opengis.net/def/crs/EPSG/0/4258}, {link=https://www.nationaalgeoregister.nl/geonetwork/srv/api/records4617f0e0-6af4-4ac0-9044-31df9d03071c}]
errors:
-------
feature call (loop) failed at index: 1
caller: classpath:InspireTest/ngr/datasetrecords/def/checkxlinkurl.template.feature
arg: {"link":"https://www.nationaalgeoregister.nl/geonetwork/srv/api/records4617f0e0-6af4-4ac0-9044-31df9d03071c"}
checkxlinkurl.template.feature:15 - status code was: 500, expected: 200, response time: 329, url: https://www.nationaalgeoregister.nl/geonetwork/srv/api/records4617f0e0-6af4-4ac0-9044-31df9d03071c, response: 
[1.23:16] ngr-check-dataset-record.feature:80 - feature call (loop) failed: classpath:InspireTest/ngr/datasetrecords/def/checkxlinkurl.template.feature
caller: classpath:InspireTest/ngr/datasetrecords/ngr-check-dataset-record.feature
items: [{link=http://kadaster/06b6c650-cdb1-11dd-ad8b-0800200c9a80}]
errors:
-------
feature call (loop) failed at index: 0
caller: classpath:InspireTest/ngr/datasetrecords/def/checkxlinkurl.template.feature
arg: {"link":"http://kadaster/06b6c650-cdb1-11dd-ad8b-0800200c9a80"}
checkxlinkurl.template.feature:14 - 
java.net.UnknownHostException: kadaster
[1.24:16] ngr-check-dataset-record.feature:80 - feature call (loop) failed: classpath:InspireTest/ngr/datasetrecords/def/checkxlinkurl.template.feature
caller: classpath:InspireTest/ngr/datasetrecords/ngr-check-dataset-record.feature
items: [{link=https://data.rivm.nl/inspire/id#90bab79d-5f92-4aaa-8edc-99195438ef65}]
errors:
-------
feature call (loop) failed at index: 0
caller: classpath:InspireTest/ngr/datasetrecords/def/checkxlinkurl.template.feature
arg: {"link":"https://data.rivm.nl/inspire/id#90bab79d-5f92-4aaa-8edc-99195438ef65"}
checkxlinkurl.template.feature:14 - 
javax.net.ssl.SSLException: Connection reset
[1.26:16] ngr-check-dataset-record.feature:80 - feature call (loop) failed: classpath:InspireTest/ngr/datasetrecords/def/checkxlinkurl.template.feature
caller: classpath:InspireTest/ngr/datasetrecords/ngr-check-dataset-record.feature
items: [{link=http://www.opengis.net/def/crs/EPSG/0/http://www.opengis.net/def/crs/EPSG/0/4258}, {link=http://kadaster/ed4caa3b-a49e-4a9a-8206-50a3cf451b9a}]
errors:
-------
feature call (loop) failed at index: 1
caller: classpath:InspireTest/ngr/datasetrecords/def/checkxlinkurl.template.feature
arg: {"link":"http://kadaster/ed4caa3b-a49e-4a9a-8206-50a3cf451b9a"}
checkxlinkurl.template.feature:14 - 
java.net.UnknownHostException: kadaster
[1.27:16] ngr-check-dataset-record.feature:80 - feature call (loop) failed: classpath:InspireTest/ngr/datasetrecords/def/checkxlinkurl.template.feature
caller: classpath:InspireTest/ngr/datasetrecords/ngr-check-dataset-record.feature
items: [{link=http://www.opengis.net/def/crs/EPSG/0/http://www.opengis.net/def/crs/EPSG/0/4258}, {link=http://kadaster/29f0fa66-3928-4e95-ae30-5b1eab818ac1}]
errors:
-------
feature call (loop) failed at index: 1
caller: classpath:InspireTest/ngr/datasetrecords/def/checkxlinkurl.template.feature
arg: {"link":"http://kadaster/29f0fa66-3928-4e95-ae30-5b1eab818ac1"}
checkxlinkurl.template.feature:14 - 
java.net.UnknownHostException: kadaster
[1.28:16] ngr-check-dataset-record.feature:80 - feature call (loop) failed: classpath:InspireTest/ngr/datasetrecords/def/checkxlinkurl.template.feature
caller: classpath:InspireTest/ngr/datasetrecords/ngr-check-dataset-record.feature
items: [{link=https://data.rivm.nl/inspire/id#722e3937-3e53-4048-97ef-1ced2c77f7dd}]
errors:
-------
feature call (loop) failed at index: 0
caller: classpath:InspireTest/ngr/datasetrecords/def/checkxlinkurl.template.feature
arg: {"link":"https://data.rivm.nl/inspire/id#722e3937-3e53-4048-97ef-1ced2c77f7dd"}
checkxlinkurl.template.feature:14 - 
javax.net.ssl.SSLException: Connection reset
[1.29:16] ngr-check-dataset-record.feature:80 - feature call (loop) failed: classpath:InspireTest/ngr/datasetrecords/def/checkxlinkurl.template.feature
caller: classpath:InspireTest/ngr/datasetrecords/ngr-check-dataset-record.feature
items: [{link=http://standaarden.overheid.nl/owms/terms/Ministerie_van_Landbouw,_Natuur_en_Voedselkwaliteit}, {link=http://nationaalgeoregister.nl/geonetwork/srv/dut/catalog.search#/metadata/19165027-a13a-4c19-9013-ec1fd191019d}, {link=http://standaarden.overheid.nl/owms/terms/Ministerie_van_Landbouw,_Natuur_en_Voedselkwaliteit}, {link=http://standaarden.overheid.nl/owms/terms/Ministerie_van_Landbouw,_Natuur_en_Voedselkwaliteit}, {link=https://data.overheid.nl/organisatie/PDOK}]
errors:
-------
feature call (loop) failed at index: 4
caller: classpath:InspireTest/ngr/datasetrecords/def/checkxlinkurl.template.feature
arg: {"link":"https://data.overheid.nl/organisatie/PDOK"}
checkxlinkurl.template.feature:15 - status code was: 404, expected: 200, response time: 413, url: https://data.overheid.nl/organisatie/PDOK, response: 
[1.30:16] ngr-check-dataset-record.feature:80 - feature call (loop) failed: classpath:InspireTest/ngr/datasetrecords/def/checkxlinkurl.template.feature
caller: classpath:InspireTest/ngr/datasetrecords/ngr-check-dataset-record.feature
items: [{link=https://www.nationaalgeoregister.nl/geonetwork/srv/api/recordsc3c004ad-5387-4b00-a225-9afbcaa5d31b}]
errors:
-------
feature call (loop) failed at index: 0
caller: classpath:InspireTest/ngr/datasetrecords/def/checkxlinkurl.template.feature
arg: {"link":"https://www.nationaalgeoregister.nl/geonetwork/srv/api/recordsc3c004ad-5387-4b00-a225-9afbcaa5d31b"}
checkxlinkurl.template.feature:15 - status code was: 500, expected: 200, response time: 307, url: https://www.nationaalgeoregister.nl/geonetwork/srv/api/recordsc3c004ad-5387-4b00-a225-9afbcaa5d31b, response: 
[1.31:16] ngr-check-dataset-record.feature:80 - feature call (loop) failed: classpath:InspireTest/ngr/datasetrecords/def/checkxlinkurl.template.feature
caller: classpath:InspireTest/ngr/datasetrecords/ngr-check-dataset-record.feature
items: [{link=https://www.nationaalgeoregister.nl/geonetwork/srv/api/records49807edc-0007-41aa-8809-d381f6713de4}, {link=https://creativecommons.org/publicdomain/zero/*/deed.nl}]
errors:
-------
feature call (loop) failed at index: 0
caller: classpath:InspireTest/ngr/datasetrecords/def/checkxlinkurl.template.feature
arg: {"link":"https://www.nationaalgeoregister.nl/geonetwork/srv/api/records49807edc-0007-41aa-8809-d381f6713de4"}
checkxlinkurl.template.feature:15 - status code was: 500, expected: 200, response time: 356, url: https://www.nationaalgeoregister.nl/geonetwork/srv/api/records49807edc-0007-41aa-8809-d381f6713de4, response: 
-------
feature call (loop) failed at index: 1
caller: classpath:InspireTest/ngr/datasetrecords/def/checkxlinkurl.template.feature
arg: {"link":"https://creativecommons.org/publicdomain/zero/*/deed.nl"}
checkxlinkurl.template.feature:15 - status code was: 404, expected: 200, response time: 36, url: https://creativecommons.org/publicdomain/zero/*/deed.nl, response: 
[1.32:16] ngr-check-dataset-record.feature:48 - xpath does not exist: /GetRecordByIdResponse//@href on response
[1.33:16] ngr-check-dataset-record.feature:80 - feature call (loop) failed: classpath:InspireTest/ngr/datasetrecords/def/checkxlinkurl.template.feature
caller: classpath:InspireTest/ngr/datasetrecords/ngr-check-dataset-record.feature
items: [{link=https://www.nationaalgeoregister.nl/geonetwork/srv/api/records/002d9127-c16d-4b8d-9f5e-102a8c8e36c4}]
errors:
-------
feature call (loop) failed at index: 0
caller: classpath:InspireTest/ngr/datasetrecords/def/checkxlinkurl.template.feature
arg: {"link":"https://www.nationaalgeoregister.nl/geonetwork/srv/api/records/002d9127-c16d-4b8d-9f5e-102a8c8e36c4"}
checkxlinkurl.template.feature:15 - status code was: 400, expected: 200, response time: 283, url: https://www.nationaalgeoregister.nl/geonetwork/srv/api/records/002d9127-c16d-4b8d-9f5e-102a8c8e36c4, response: 
[1.34:16] ngr-check-dataset-record.feature:80 - feature call (loop) failed: classpath:InspireTest/ngr/datasetrecords/def/checkxlinkurl.template.feature
caller: classpath:InspireTest/ngr/datasetrecords/ngr-check-dataset-record.feature
items: [{link=https://data.rivm.nl/inspire/id#c6d62f69-7be0-4c19-a4af-d146c6a3c166}]
errors:
-------
feature call (loop) failed at index: 0
caller: classpath:InspireTest/ngr/datasetrecords/def/checkxlinkurl.template.feature
arg: {"link":"https://data.rivm.nl/inspire/id#c6d62f69-7be0-4c19-a4af-d146c6a3c166"}
checkxlinkurl.template.feature:14 - 
javax.net.ssl.SSLException: Connection reset
[1.35:16] ngr-check-dataset-record.feature:80 - feature call (loop) failed: classpath:InspireTest/ngr/datasetrecords/def/checkxlinkurl.template.feature
caller: classpath:InspireTest/ngr/datasetrecords/ngr-check-dataset-record.feature
items: [{link=http://kadaster/2482250f-3b00-4439-9f93-f3118229b015}, {link=}, {link=}, {link=}]
errors:
-------
feature call (loop) failed at index: 0
caller: classpath:InspireTest/ngr/datasetrecords/def/checkxlinkurl.template.feature
arg: {"link":"http://kadaster/2482250f-3b00-4439-9f93-f3118229b015"}
checkxlinkurl.template.feature:14 - 
java.net.UnknownHostException: kadaster
-------
feature call (loop) failed at index: 1
caller: classpath:InspireTest/ngr/datasetrecords/def/checkxlinkurl.template.feature
arg: {"link":""}
checkxlinkurl.template.feature:14 - 
org.apache.http.client.ClientProtocolException
-------
feature call (loop) failed at index: 2
caller: classpath:InspireTest/ngr/datasetrecords/def/checkxlinkurl.template.feature
arg: {"link":""}
checkxlinkurl.template.feature:14 - 
org.apache.http.client.ClientProtocolException
-------
feature call (loop) failed at index: 3
caller: classpath:InspireTest/ngr/datasetrecords/def/checkxlinkurl.template.feature
arg: {"link":""}
checkxlinkurl.template.feature:14 - 
org.apache.http.client.ClientProtocolException
[1.36:16] ngr-check-dataset-record.feature:80 - feature call (loop) failed: classpath:InspireTest/ngr/datasetrecords/def/checkxlinkurl.template.feature
caller: classpath:InspireTest/ngr/datasetrecords/ngr-check-dataset-record.feature
items: [{link=https://data.rivm.nl/inspire/id#b5ccab29-e2cc-4178-9f81-40c50e909754}]
errors:
-------
feature call (loop) failed at index: 0
caller: classpath:InspireTest/ngr/datasetrecords/def/checkxlinkurl.template.feature
arg: {"link":"https://data.rivm.nl/inspire/id#b5ccab29-e2cc-4178-9f81-40c50e909754"}
checkxlinkurl.template.feature:14 - 
javax.net.ssl.SSLException: Connection reset
[1.37:16] ngr-check-dataset-record.feature:80 - feature call (loop) failed: classpath:InspireTest/ngr/datasetrecords/def/checkxlinkurl.template.feature
caller: classpath:InspireTest/ngr/datasetrecords/ngr-check-dataset-record.feature
items: [{link=http://www.opengis.net/def/crs/EPSG/0/http://www.opengis.net/def/crs/EPSG/0/4258}, {link=http://kadaster/3b7bb05b-2d2e-4329-9a72-0eac19e315de}]
errors:
-------
feature call (loop) failed at index: 1
caller: classpath:InspireTest/ngr/datasetrecords/def/checkxlinkurl.template.feature
arg: {"link":"http://kadaster/3b7bb05b-2d2e-4329-9a72-0eac19e315de"}
checkxlinkurl.template.feature:14 - 
java.net.UnknownHostException: kadaster
[1.38:16] ngr-check-dataset-record.feature:80 - feature call (loop) failed: classpath:InspireTest/ngr/datasetrecords/def/checkxlinkurl.template.feature
caller: classpath:InspireTest/ngr/datasetrecords/ngr-check-dataset-record.feature
items: [{link=https://nationaalgeoregister.nl/geonetwork/srv/resources49e49382-674d-4ce8-9f4a-ba4dd2265eef}, {link=http://rdfdata.eionet.europa.eu/inspirethemes/themes/33}, {link=http://geonetwork-opensource.org/inspire-theme#}, {link=https://www.nationaalgeoregister.nl/geonetwork/srv/eng/thesaurus.download?ref=external.theme.inspire-theme}]
errors:
-------
feature call (loop) failed at index: 0
caller: classpath:InspireTest/ngr/datasetrecords/def/checkxlinkurl.template.feature
arg: {"link":"https://nationaalgeoregister.nl/geonetwork/srv/resources49e49382-674d-4ce8-9f4a-ba4dd2265eef"}
checkxlinkurl.template.feature:15 - status code was: 404, expected: 200, response time: 288, url: https://nationaalgeoregister.nl/geonetwork/srv/resources49e49382-674d-4ce8-9f4a-ba4dd2265eef, response: 
-------
feature call (loop) failed at index: 1
caller: classpath:InspireTest/ngr/datasetrecords/def/checkxlinkurl.template.feature
arg: {"link":"http://rdfdata.eionet.europa.eu/inspirethemes/themes/33"}
checkxlinkurl.template.feature:15 - status code was: 404, expected: 200, response time: 200, url: http://rdfdata.eionet.europa.eu/inspirethemes/themes/33, response: 
-------
feature call (loop) failed at index: 2
caller: classpath:InspireTest/ngr/datasetrecords/def/checkxlinkurl.template.feature
arg: {"link":"http://geonetwork-opensource.org/inspire-theme#"}
checkxlinkurl.template.feature:15 - status code was: 404, expected: 200, response time: 400, url: http://geonetwork-opensource.org/inspire-theme#, response: 
-------
feature call (loop) failed at index: 3
caller: classpath:InspireTest/ngr/datasetrecords/def/checkxlinkurl.template.feature
arg: {"link":"https://www.nationaalgeoregister.nl/geonetwork/srv/eng/thesaurus.download?ref=external.theme.inspire-theme"}
checkxlinkurl.template.feature:15 - status code was: 500, expected: 200, response time: 311, url: https://www.nationaalgeoregister.nl/geonetwork/srv/eng/thesaurus.download?ref=external.theme.inspire-theme, response: 
[1.40:16] ngr-check-dataset-record.feature:80 - feature call (loop) failed: classpath:InspireTest/ngr/datasetrecords/def/checkxlinkurl.template.feature
caller: classpath:InspireTest/ngr/datasetrecords/ngr-check-dataset-record.feature
items: [{link=http://www.opengis.net/def/crs/EPSG/0/http://www.opengis.net/def/crs/EPSG/0/4258}, {link=http://kadaster/df1a98c0-58ba-48ff-8825-b4fb6322c586}]
errors:
-------
feature call (loop) failed at index: 1
caller: classpath:InspireTest/ngr/datasetrecords/def/checkxlinkurl.template.feature
arg: {"link":"http://kadaster/df1a98c0-58ba-48ff-8825-b4fb6322c586"}
checkxlinkurl.template.feature:14 - 
java.net.UnknownHostException: kadaster
[1.41:16] ngr-check-dataset-record.feature:80 - feature call (loop) failed: classpath:InspireTest/ngr/datasetrecords/def/checkxlinkurl.template.feature
caller: classpath:InspireTest/ngr/datasetrecords/ngr-check-dataset-record.feature
items: [{link=}]
errors:
-------
feature call (loop) failed at index: 0
caller: classpath:InspireTest/ngr/datasetrecords/def/checkxlinkurl.template.feature
arg: {"link":""}
checkxlinkurl.template.feature:14 - 
org.apache.http.client.ClientProtocolException
[1.42:16] ngr-check-dataset-record.feature:80 - feature call (loop) failed: classpath:InspireTest/ngr/datasetrecords/def/checkxlinkurl.template.feature
caller: classpath:InspireTest/ngr/datasetrecords/ngr-check-dataset-record.feature
items: [{link=https://data.rivm.nl/inspire/id#a3095f95-0ec7-46ff-ae14-ce2173e8fafa}]
errors:
-------
feature call (loop) failed at index: 0
caller: classpath:InspireTest/ngr/datasetrecords/def/checkxlinkurl.template.feature
arg: {"link":"https://data.rivm.nl/inspire/id#a3095f95-0ec7-46ff-ae14-ce2173e8fafa"}
checkxlinkurl.template.feature:14 - 
javax.net.ssl.SSLException: Connection reset
[1.43:16] ngr-check-dataset-record.feature:80 - feature call (loop) failed: classpath:InspireTest/ngr/datasetrecords/def/checkxlinkurl.template.feature
caller: classpath:InspireTest/ngr/datasetrecords/ngr-check-dataset-record.feature
items: [{link=https://data.rivm.nl/inspire?id#505e9f1e-84bc-4856-9771-4295db998bb6}]
errors:
-------
feature call (loop) failed at index: 0
caller: classpath:InspireTest/ngr/datasetrecords/def/checkxlinkurl.template.feature
arg: {"link":"https://data.rivm.nl/inspire?id#505e9f1e-84bc-4856-9771-4295db998bb6"}
checkxlinkurl.template.feature:15 - status code was: 404, expected: 200, response time: 360, url: https://data.rivm.nl/inspire?id#505e9f1e-84bc-4856-9771-4295db998bb6, response: 
[1.44:16] ngr-check-dataset-record.feature:80 - feature call (loop) failed: classpath:InspireTest/ngr/datasetrecords/def/checkxlinkurl.template.feature
caller: classpath:InspireTest/ngr/datasetrecords/ngr-check-dataset-record.feature
items: [{link=https://data.rivm.nl/inspire/id#440c4a06-6924-4f9c-a9e2-6f61340f711b}]
errors:
-------
feature call (loop) failed at index: 0
caller: classpath:InspireTest/ngr/datasetrecords/def/checkxlinkurl.template.feature
arg: {"link":"https://data.rivm.nl/inspire/id#440c4a06-6924-4f9c-a9e2-6f61340f711b"}
checkxlinkurl.template.feature:14 - 
javax.net.ssl.SSLException: Connection reset
[1.45:16] ngr-check-dataset-record.feature:80 - feature call (loop) failed: classpath:InspireTest/ngr/datasetrecords/def/checkxlinkurl.template.feature
caller: classpath:InspireTest/ngr/datasetrecords/ngr-check-dataset-record.feature
items: [{link=https://data.rivm.nl/inspire/id#fd9c4f87-026e-4681-8d94-9702f3c83078}]
errors:
-------
feature call (loop) failed at index: 0
caller: classpath:InspireTest/ngr/datasetrecords/def/checkxlinkurl.template.feature
arg: {"link":"https://data.rivm.nl/inspire/id#fd9c4f87-026e-4681-8d94-9702f3c83078"}
checkxlinkurl.template.feature:14 - 
javax.net.ssl.SSLException: Connection reset
[1.46:16] ngr-check-dataset-record.feature:80 - feature call (loop) failed: classpath:InspireTest/ngr/datasetrecords/def/checkxlinkurl.template.feature
caller: classpath:InspireTest/ngr/datasetrecords/ngr-check-dataset-record.feature
items: [{link=https://data.rivm.nl/inspire/id#4504a4b2-3179-44b3-a5a9-b67b693c514d}]
errors:
-------
feature call (loop) failed at index: 0
caller: classpath:InspireTest/ngr/datasetrecords/def/checkxlinkurl.template.feature
arg: {"link":"https://data.rivm.nl/inspire/id#4504a4b2-3179-44b3-a5a9-b67b693c514d"}
checkxlinkurl.template.feature:14 - 
javax.net.ssl.SSLException: Connection reset
[1.47:16] ngr-check-dataset-record.feature:80 - feature call (loop) failed: classpath:InspireTest/ngr/datasetrecords/def/checkxlinkurl.template.feature
caller: classpath:InspireTest/ngr/datasetrecords/ngr-check-dataset-record.feature
items: [{link=https://monumentenregister.cultureelerfgoed.nl/sites/default/files/MRS/mrs-inspire.zip}]
errors:
-------
feature call (loop) failed at index: 0
caller: classpath:InspireTest/ngr/datasetrecords/def/checkxlinkurl.template.feature
arg: {"link":"https://monumentenregister.cultureelerfgoed.nl/sites/default/files/MRS/mrs-inspire.zip"}
checkxlinkurl.template.feature:15 - status code was: 404, expected: 200, response time: 631, url: https://monumentenregister.cultureelerfgoed.nl/sites/default/files/MRS/mrs-inspire.zip, response: 
[1.49:16] ngr-check-dataset-record.feature:80 - feature call (loop) failed: classpath:InspireTest/ngr/datasetrecords/def/checkxlinkurl.template.feature
caller: classpath:InspireTest/ngr/datasetrecords/ngr-check-dataset-record.feature
items: [{link=http://www.opengis.net/def/crs/EPSG/0/http://www.opengis.net/def/crs/EPSG/0/4258}, {link=http://kadaster/0f9b8c87-80a6-435f-b3b3-e07c3918d344}]
errors:
-------
feature call (loop) failed at index: 1
caller: classpath:InspireTest/ngr/datasetrecords/def/checkxlinkurl.template.feature
arg: {"link":"http://kadaster/0f9b8c87-80a6-435f-b3b3-e07c3918d344"}
checkxlinkurl.template.feature:14 - 
java.net.UnknownHostException: kadaster
[1.50:16] ngr-check-dataset-record.feature:80 - feature call (loop) failed: classpath:InspireTest/ngr/datasetrecords/def/checkxlinkurl.template.feature
caller: classpath:InspireTest/ngr/datasetrecords/ngr-check-dataset-record.feature
items: [{link=https://www.nationaalgeoregister.nl/geonetwork/srv/api/records1b2abd21-3084-4db7-ab49-46866b4aac2b}, {link=https://creativecommons.org/publicdomain/zero/*/deed.nl}]
errors:
-------
feature call (loop) failed at index: 0
caller: classpath:InspireTest/ngr/datasetrecords/def/checkxlinkurl.template.feature
arg: {"link":"https://www.nationaalgeoregister.nl/geonetwork/srv/api/records1b2abd21-3084-4db7-ab49-46866b4aac2b"}
checkxlinkurl.template.feature:15 - status code was: 500, expected: 200, response time: 304, url: https://www.nationaalgeoregister.nl/geonetwork/srv/api/records1b2abd21-3084-4db7-ab49-46866b4aac2b, response: 
-------
feature call (loop) failed at index: 1
caller: classpath:InspireTest/ngr/datasetrecords/def/checkxlinkurl.template.feature
arg: {"link":"https://creativecommons.org/publicdomain/zero/*/deed.nl"}
checkxlinkurl.template.feature:15 - status code was: 404, expected: 200, response time: 30, url: https://creativecommons.org/publicdomain/zero/*/deed.nl, response: 
[1.51:16] ngr-check-dataset-record.feature:80 - feature call (loop) failed: classpath:InspireTest/ngr/datasetrecords/def/checkxlinkurl.template.feature
caller: classpath:InspireTest/ngr/datasetrecords/ngr-check-dataset-record.feature
items: [{link=https://data.rivm.nl/inspire/id#10fcd5a9-3804-48e3-bcbd-d816594dbb6f}]
errors:
-------
feature call (loop) failed at index: 0
caller: classpath:InspireTest/ngr/datasetrecords/def/checkxlinkurl.template.feature
arg: {"link":"https://data.rivm.nl/inspire/id#10fcd5a9-3804-48e3-bcbd-d816594dbb6f"}
checkxlinkurl.template.feature:14 - 
javax.net.ssl.SSLException: Connection reset
[1.54:16] ngr-check-dataset-record.feature:80 - feature call (loop) failed: classpath:InspireTest/ngr/datasetrecords/def/checkxlinkurl.template.feature
caller: classpath:InspireTest/ngr/datasetrecords/ngr-check-dataset-record.feature
items: [{link=http://www.opengis.net/def/crs/EPSG/0/http://www.opengis.net/def/crs/EPSG/0/4258}, {link=https://www.nationaalgeoregister.nl/geonetwork/srv/dut/catalog.search#/metadata/3387ef8a-9237-453a-aa4e-585d1e193550}, {link=https://creativecommons.org/publicdomain/mark/*/deed.nl}]
errors:
-------
feature call (loop) failed at index: 2
caller: classpath:InspireTest/ngr/datasetrecords/def/checkxlinkurl.template.feature
arg: {"link":"https://creativecommons.org/publicdomain/mark/*/deed.nl"}
checkxlinkurl.template.feature:15 - status code was: 404, expected: 200, response time: 32, url: https://creativecommons.org/publicdomain/mark/*/deed.nl, response: 
[1.55:16] ngr-check-dataset-record.feature:80 - feature call (loop) failed: classpath:InspireTest/ngr/datasetrecords/def/checkxlinkurl.template.feature
caller: classpath:InspireTest/ngr/datasetrecords/ngr-check-dataset-record.feature
items: [{link=http://kadaster/06b6c650-cdb1-11dd-ad8b-0800200c9a75}]
errors:
-------
feature call (loop) failed at index: 0
caller: classpath:InspireTest/ngr/datasetrecords/def/checkxlinkurl.template.feature
arg: {"link":"http://kadaster/06b6c650-cdb1-11dd-ad8b-0800200c9a75"}
checkxlinkurl.template.feature:14 - 
java.net.UnknownHostException: kadaster
[1.56:16] ngr-check-dataset-record.feature:80 - feature call (loop) failed: classpath:InspireTest/ngr/datasetrecords/def/checkxlinkurl.template.feature
caller: classpath:InspireTest/ngr/datasetrecords/ngr-check-dataset-record.feature
items: [{link=https://data.rivm.nl/inspire/id#6941b1f2-7ee6-4a1d-9cba-9071e3ca6cb3}]
errors:
-------
feature call (loop) failed at index: 0
caller: classpath:InspireTest/ngr/datasetrecords/def/checkxlinkurl.template.feature
arg: {"link":"https://data.rivm.nl/inspire/id#6941b1f2-7ee6-4a1d-9cba-9071e3ca6cb3"}
checkxlinkurl.template.feature:14 - 
javax.net.ssl.SSLException: Connection reset
[1.57:16] ngr-check-dataset-record.feature:80 - feature call (loop) failed: classpath:InspireTest/ngr/datasetrecords/def/checkxlinkurl.template.feature
caller: classpath:InspireTest/ngr/datasetrecords/ngr-check-dataset-record.feature
items: [{link=https://ngr.acceptatie.nationaalgeoregister.nl/geonetwork/srv/resources34e95842-4e4e-46de-9198-79e8cd4d30dc}]
errors:
-------
feature call (loop) failed at index: 0
caller: classpath:InspireTest/ngr/datasetrecords/def/checkxlinkurl.template.feature
arg: {"link":"https://ngr.acceptatie.nationaalgeoregister.nl/geonetwork/srv/resources34e95842-4e4e-46de-9198-79e8cd4d30dc"}
checkxlinkurl.template.feature:15 - status code was: 404, expected: 200, response time: 280, url: https://ngr.acceptatie.nationaalgeoregister.nl/geonetwork/srv/resources34e95842-4e4e-46de-9198-79e8cd4d30dc, response: 
[1.58:16] ngr-check-dataset-record.feature:80 - feature call (loop) failed: classpath:InspireTest/ngr/datasetrecords/def/checkxlinkurl.template.feature
caller: classpath:InspireTest/ngr/datasetrecords/ngr-check-dataset-record.feature
items: [{link=https://www.nationaalgeoregister.nl/geonetwork/srv/dut/catalog.search#/metadata/5a1adb58-0bbe-425d-b0fe-577a6c0a4228}, {link=http://rdfdata.eionet.europa.eu/inspirethemes/themes/10}, {link=urn:ogc:def:crs:EPSG::5709}]
errors:
-------
feature call (loop) failed at index: 1
caller: classpath:InspireTest/ngr/datasetrecords/def/checkxlinkurl.template.feature
arg: {"link":"http://rdfdata.eionet.europa.eu/inspirethemes/themes/10"}
checkxlinkurl.template.feature:15 - status code was: 404, expected: 200, response time: 200, url: http://rdfdata.eionet.europa.eu/inspirethemes/themes/10, response: 
-------
feature call (loop) failed at index: 2
caller: classpath:InspireTest/ngr/datasetrecords/def/checkxlinkurl.template.feature
arg: {"link":"urn:ogc:def:crs:EPSG::5709"}
checkxlinkurl.template.feature:14 - 
org.apache.http.client.ClientProtocolException: URI does not specify a valid host name: urn:ogc:def:crs:EPSG::5709
[1.59:16] ngr-check-dataset-record.feature:80 - feature call (loop) failed: classpath:InspireTest/ngr/datasetrecords/def/checkxlinkurl.template.feature
caller: classpath:InspireTest/ngr/datasetrecords/ngr-check-dataset-record.feature
items: [{link=https://www.nationaalgeoregister.nl/geonetwork/srv/dut/catalog.search#/metadata/7939fd42-cf88-42c5-ab3b-232cf232a3ac}, {link=http://rdfdata.eionet.europa.eu/inspirethemes/themes/10}, {link=urn:ogc:def:crs:EPSG::5709}]
errors:
-------
feature call (loop) failed at index: 1
caller: classpath:InspireTest/ngr/datasetrecords/def/checkxlinkurl.template.feature
arg: {"link":"http://rdfdata.eionet.europa.eu/inspirethemes/themes/10"}
checkxlinkurl.template.feature:15 - status code was: 404, expected: 200, response time: 199, url: http://rdfdata.eionet.europa.eu/inspirethemes/themes/10, response: 
-------
feature call (loop) failed at index: 2
caller: classpath:InspireTest/ngr/datasetrecords/def/checkxlinkurl.template.feature
arg: {"link":"urn:ogc:def:crs:EPSG::5709"}
checkxlinkurl.template.feature:14 - 
org.apache.http.client.ClientProtocolException: URI does not specify a valid host name: urn:ogc:def:crs:EPSG::5709
[1.60:16] ngr-check-dataset-record.feature:80 - feature call (loop) failed: classpath:InspireTest/ngr/datasetrecords/def/checkxlinkurl.template.feature
caller: classpath:InspireTest/ngr/datasetrecords/ngr-check-dataset-record.feature
items: [{link=https://www.nationaalgeoregister.nl/geonetwork/srv/dut/catalog.search#/metadata/8de2f5eb-b09f-4f6d-8397-8878a1b86238}, {link=http://rdfdata.eionet.europa.eu/inspirethemes/themes/18}, {link=https://ngr.geocat.live/geonetwork/srv/eng/thesaurus.download?ref=external.theme.httpinspireeceuropaeumetadatacodelistPrioritydataset-Prioritydataset}, {link=urn:ogc:def:crs:EPSG::5709}]
errors:
-------
feature call (loop) failed at index: 1
caller: classpath:InspireTest/ngr/datasetrecords/def/checkxlinkurl.template.feature
arg: {"link":"http://rdfdata.eionet.europa.eu/inspirethemes/themes/18"}
checkxlinkurl.template.feature:15 - status code was: 404, expected: 200, response time: 200, url: http://rdfdata.eionet.europa.eu/inspirethemes/themes/18, response: 
-------
feature call (loop) failed at index: 2
caller: classpath:InspireTest/ngr/datasetrecords/def/checkxlinkurl.template.feature
arg: {"link":"https://ngr.geocat.live/geonetwork/srv/eng/thesaurus.download?ref=external.theme.httpinspireeceuropaeumetadatacodelistPrioritydataset-Prioritydataset"}
checkxlinkurl.template.feature:15 - status code was: 500, expected: 200, response time: 319, url: https://ngr.geocat.live/geonetwork/srv/eng/thesaurus.download?ref=external.theme.httpinspireeceuropaeumetadatacodelistPrioritydataset-Prioritydataset, response: 
-------
feature call (loop) failed at index: 3
caller: classpath:InspireTest/ngr/datasetrecords/def/checkxlinkurl.template.feature
arg: {"link":"urn:ogc:def:crs:EPSG::5709"}
checkxlinkurl.template.feature:14 - 
org.apache.http.client.ClientProtocolException: URI does not specify a valid host name: urn:ogc:def:crs:EPSG::5709
[1.61:16] ngr-check-dataset-record.feature:80 - feature call (loop) failed: classpath:InspireTest/ngr/datasetrecords/def/checkxlinkurl.template.feature
caller: classpath:InspireTest/ngr/datasetrecords/ngr-check-dataset-record.feature
items: [{link=https://www.nationaalgeoregister.nl/geonetwork/srv/dut/catalog.search#/metadata/adn73c4a-ef03-4785-b7f6-942e86b385f5}, {link=http://rdfdata.eionet.europa.eu/inspirethemes/themes/10}, {link=urn:ogc:def:crs:EPSG::5709}]
errors:
-------
feature call (loop) failed at index: 1
caller: classpath:InspireTest/ngr/datasetrecords/def/checkxlinkurl.template.feature
arg: {"link":"http://rdfdata.eionet.europa.eu/inspirethemes/themes/10"}
checkxlinkurl.template.feature:15 - status code was: 404, expected: 200, response time: 200, url: http://rdfdata.eionet.europa.eu/inspirethemes/themes/10, response: 
-------
feature call (loop) failed at index: 2
caller: classpath:InspireTest/ngr/datasetrecords/def/checkxlinkurl.template.feature
arg: {"link":"urn:ogc:def:crs:EPSG::5709"}
checkxlinkurl.template.feature:14 - 
org.apache.http.client.ClientProtocolException: URI does not specify a valid host name: urn:ogc:def:crs:EPSG::5709
[1.62:16] ngr-check-dataset-record.feature:80 - feature call (loop) failed: classpath:InspireTest/ngr/datasetrecords/def/checkxlinkurl.template.feature
caller: classpath:InspireTest/ngr/datasetrecords/ngr-check-dataset-record.feature
items: [{link=https://www.nationaalgeoregister.nl/geonetwork/srv/dut/catalog.search#/metadata/9b583730-e750-485a-9c0c-39bf9be72cf9}, {link=http://rdfdata.eionet.europa.eu/inspirethemes/themes/18}, {link=https://ngr.geocat.live/geonetwork/srv/eng/thesaurus.download?ref=external.theme.httpinspireeceuropaeumetadatacodelistPrioritydataset-Prioritydataset}, {link=urn:ogc:def:crs:EPSG::5709}]
errors:
-------
feature call (loop) failed at index: 1
caller: classpath:InspireTest/ngr/datasetrecords/def/checkxlinkurl.template.feature
arg: {"link":"http://rdfdata.eionet.europa.eu/inspirethemes/themes/18"}
checkxlinkurl.template.feature:15 - status code was: 404, expected: 200, response time: 199, url: http://rdfdata.eionet.europa.eu/inspirethemes/themes/18, response: 
-------
feature call (loop) failed at index: 2
caller: classpath:InspireTest/ngr/datasetrecords/def/checkxlinkurl.template.feature
arg: {"link":"https://ngr.geocat.live/geonetwork/srv/eng/thesaurus.download?ref=external.theme.httpinspireeceuropaeumetadatacodelistPrioritydataset-Prioritydataset"}
checkxlinkurl.template.feature:15 - status code was: 500, expected: 200, response time: 307, url: https://ngr.geocat.live/geonetwork/srv/eng/thesaurus.download?ref=external.theme.httpinspireeceuropaeumetadatacodelistPrioritydataset-Prioritydataset, response: 
-------
feature call (loop) failed at index: 3
caller: classpath:InspireTest/ngr/datasetrecords/def/checkxlinkurl.template.feature
arg: {"link":"urn:ogc:def:crs:EPSG::5709"}
checkxlinkurl.template.feature:14 - 
org.apache.http.client.ClientProtocolException: URI does not specify a valid host name: urn:ogc:def:crs:EPSG::5709
[1.63:16] ngr-check-dataset-record.feature:80 - feature call (loop) failed: classpath:InspireTest/ngr/datasetrecords/def/checkxlinkurl.template.feature
caller: classpath:InspireTest/ngr/datasetrecords/ngr-check-dataset-record.feature
items: [{link=https://www.nationaalgeoregister.nl/geonetwork/srv/dut/catalog.search#/metadata/eu-f297898-2640-44c2-bbe9-c0480da83794}, {link=http://rdfdata.eionet.europa.eu/inspirethemes/themes/8}, {link=urn:ogc:def:crs:EPSG::5709}]
errors:
-------
feature call (loop) failed at index: 1
caller: classpath:InspireTest/ngr/datasetrecords/def/checkxlinkurl.template.feature
arg: {"link":"http://rdfdata.eionet.europa.eu/inspirethemes/themes/8"}
checkxlinkurl.template.feature:15 - status code was: 404, expected: 200, response time: 201, url: http://rdfdata.eionet.europa.eu/inspirethemes/themes/8, response: 
-------
feature call (loop) failed at index: 2
caller: classpath:InspireTest/ngr/datasetrecords/def/checkxlinkurl.template.feature
arg: {"link":"urn:ogc:def:crs:EPSG::5709"}
checkxlinkurl.template.feature:14 - 
org.apache.http.client.ClientProtocolException: URI does not specify a valid host name: urn:ogc:def:crs:EPSG::5709
[1.64:16] ngr-check-dataset-record.feature:80 - feature call (loop) failed: classpath:InspireTest/ngr/datasetrecords/def/checkxlinkurl.template.feature
caller: classpath:InspireTest/ngr/datasetrecords/ngr-check-dataset-record.feature
items: [{link=https://www.nationaalgeoregister.nl/geonetwork/srv/dut/catalog.search#/metadata/4783ea4f-6b8c-4600-8af0-516f3556cfe9}, {link=http://rdfdata.eionet.europa.eu/inspirethemes/themes/24}, {link=}, {link=}, {link=}, {link=urn:ogc:def:crs:EPSG::5709}]
errors:
-------
feature call (loop) failed at index: 1
caller: classpath:InspireTest/ngr/datasetrecords/def/checkxlinkurl.template.feature
arg: {"link":"http://rdfdata.eionet.europa.eu/inspirethemes/themes/24"}
checkxlinkurl.template.feature:15 - status code was: 404, expected: 200, response time: 200, url: http://rdfdata.eionet.europa.eu/inspirethemes/themes/24, response: 
-------
feature call (loop) failed at index: 2
caller: classpath:InspireTest/ngr/datasetrecords/def/checkxlinkurl.template.feature
arg: {"link":""}
checkxlinkurl.template.feature:14 - 
org.apache.http.client.ClientProtocolException
-------
feature call (loop) failed at index: 3
caller: classpath:InspireTest/ngr/datasetrecords/def/checkxlinkurl.template.feature
arg: {"link":""}
checkxlinkurl.template.feature:14 - 
org.apache.http.client.ClientProtocolException
-------
feature call (loop) failed at index: 4
caller: classpath:InspireTest/ngr/datasetrecords/def/checkxlinkurl.template.feature
arg: {"link":""}
checkxlinkurl.template.feature:14 - 
org.apache.http.client.ClientProtocolException
-------
feature call (loop) failed at index: 5
caller: classpath:InspireTest/ngr/datasetrecords/def/checkxlinkurl.template.feature
arg: {"link":"urn:ogc:def:crs:EPSG::5709"}
checkxlinkurl.template.feature:14 - 
org.apache.http.client.ClientProtocolException: URI does not specify a valid host name: urn:ogc:def:crs:EPSG::5709
[1.65:16] ngr-check-dataset-record.feature:80 - feature call (loop) failed: classpath:InspireTest/ngr/datasetrecords/def/checkxlinkurl.template.feature
caller: classpath:InspireTest/ngr/datasetrecords/ngr-check-dataset-record.feature
items: [{link=https://data.rivm.nl/inspire/id#a3b9f437-f571-4a00-b3c3-58e4354c244f}]
errors:
-------
feature call (loop) failed at index: 0
caller: classpath:InspireTest/ngr/datasetrecords/def/checkxlinkurl.template.feature
arg: {"link":"https://data.rivm.nl/inspire/id#a3b9f437-f571-4a00-b3c3-58e4354c244f"}
checkxlinkurl.template.feature:14 - 
javax.net.ssl.SSLException: Connection reset
[1.66:16] ngr-check-dataset-record.feature:80 - feature call (loop) failed: classpath:InspireTest/ngr/datasetrecords/def/checkxlinkurl.template.feature
caller: classpath:InspireTest/ngr/datasetrecords/ngr-check-dataset-record.feature
items: [{link=https://www.nationaalgeoregister.nl/geonetwork/srv/dut/catalog.search#/metadata/adn73c4a-ef03-4785-b7f6-942e86b385f7}, {link=http://rdfdata.eionet.europa.eu/inspirethemes/themes/10}, {link=urn:ogc:def:crs:EPSG::5709}]
errors:
-------
feature call (loop) failed at index: 1
caller: classpath:InspireTest/ngr/datasetrecords/def/checkxlinkurl.template.feature
arg: {"link":"http://rdfdata.eionet.europa.eu/inspirethemes/themes/10"}
checkxlinkurl.template.feature:15 - status code was: 404, expected: 200, response time: 200, url: http://rdfdata.eionet.europa.eu/inspirethemes/themes/10, response: 
-------
feature call (loop) failed at index: 2
caller: classpath:InspireTest/ngr/datasetrecords/def/checkxlinkurl.template.feature
arg: {"link":"urn:ogc:def:crs:EPSG::5709"}
checkxlinkurl.template.feature:14 - 
org.apache.http.client.ClientProtocolException: URI does not specify a valid host name: urn:ogc:def:crs:EPSG::5709
[1.67:16] ngr-check-dataset-record.feature:80 - feature call (loop) failed: classpath:InspireTest/ngr/datasetrecords/def/checkxlinkurl.template.feature
caller: classpath:InspireTest/ngr/datasetrecords/ngr-check-dataset-record.feature
items: [{link=https://www.nationaalgeoregister.nl/geonetwork/srv/dut/catalog.search#/metadata/50eef6be-619d-4e16-9b92-48971109b636}, {link=http://rdfdata.eionet.europa.eu/inspirethemes/themes/18}, {link=http://inspire.ec.europa.eu/metadata-codelist/PriorityDataset/MajorRoadsNoiseExposureDelineationNight-dir-2002-49}, {link=https://ngr.geocat.live/geonetwork/srv/eng/thesaurus.download?ref=external.theme.httpinspireeceuropaeumetadatacodelistPrioritydataset-Prioritydataset}, {link=urn:ogc:def:crs:EPSG::5709}]
errors:
-------
feature call (loop) failed at index: 1
caller: classpath:InspireTest/ngr/datasetrecords/def/checkxlinkurl.template.feature
arg: {"link":"http://rdfdata.eionet.europa.eu/inspirethemes/themes/18"}
checkxlinkurl.template.feature:15 - status code was: 404, expected: 200, response time: 200, url: http://rdfdata.eionet.europa.eu/inspirethemes/themes/18, response: 
-------
feature call (loop) failed at index: 3
caller: classpath:InspireTest/ngr/datasetrecords/def/checkxlinkurl.template.feature
arg: {"link":"https://ngr.geocat.live/geonetwork/srv/eng/thesaurus.download?ref=external.theme.httpinspireeceuropaeumetadatacodelistPrioritydataset-Prioritydataset"}
checkxlinkurl.template.feature:15 - status code was: 500, expected: 200, response time: 309, url: https://ngr.geocat.live/geonetwork/srv/eng/thesaurus.download?ref=external.theme.httpinspireeceuropaeumetadatacodelistPrioritydataset-Prioritydataset, response: 
-------
feature call (loop) failed at index: 4
caller: classpath:InspireTest/ngr/datasetrecords/def/checkxlinkurl.template.feature
arg: {"link":"urn:ogc:def:crs:EPSG::5709"}
checkxlinkurl.template.feature:14 - 
org.apache.http.client.ClientProtocolException: URI does not specify a valid host name: urn:ogc:def:crs:EPSG::5709
[1.68:16] ngr-check-dataset-record.feature:80 - feature call (loop) failed: classpath:InspireTest/ngr/datasetrecords/def/checkxlinkurl.template.feature
caller: classpath:InspireTest/ngr/datasetrecords/ngr-check-dataset-record.feature
items: [{link=https://www.nationaalgeoregister.nl/geonetwork/srv/dut/catalog.search#/metadata/9b583730-e750-485a-9c0c-39bf9be72cf8}, {link=http://rdfdata.eionet.europa.eu/inspirethemes/themes/18}, {link=https://ngr.geocat.live/geonetwork/srv/eng/thesaurus.download?ref=external.theme.httpinspireeceuropaeumetadatacodelistPrioritydataset-Prioritydataset}]
errors:
-------
feature call (loop) failed at index: 1
caller: classpath:InspireTest/ngr/datasetrecords/def/checkxlinkurl.template.feature
arg: {"link":"http://rdfdata.eionet.europa.eu/inspirethemes/themes/18"}
checkxlinkurl.template.feature:15 - status code was: 404, expected: 200, response time: 200, url: http://rdfdata.eionet.europa.eu/inspirethemes/themes/18, response: 
-------
feature call (loop) failed at index: 2
caller: classpath:InspireTest/ngr/datasetrecords/def/checkxlinkurl.template.feature
arg: {"link":"https://ngr.geocat.live/geonetwork/srv/eng/thesaurus.download?ref=external.theme.httpinspireeceuropaeumetadatacodelistPrioritydataset-Prioritydataset"}
checkxlinkurl.template.feature:15 - status code was: 500, expected: 200, response time: 312, url: https://ngr.geocat.live/geonetwork/srv/eng/thesaurus.download?ref=external.theme.httpinspireeceuropaeumetadatacodelistPrioritydataset-Prioritydataset, response: 
[1.69:16] ngr-check-dataset-record.feature:80 - feature call (loop) failed: classpath:InspireTest/ngr/datasetrecords/def/checkxlinkurl.template.feature
caller: classpath:InspireTest/ngr/datasetrecords/ngr-check-dataset-record.feature
items: [{link=https://www.nationaalgeoregister.nl/geonetwork/srv/dut/catalog.search#/metadata/tbjk534p-wubf-crbp-cj25-d4161160gfim}, {link=http://rdfdata.eionet.europa.eu/inspirethemes/themes/28}, {link=https://ngr.geocat.live/geonetwork/srv/eng/thesaurus.download?ref=external.theme.httpinspireeceuropaeumetadatacodelistPrioritydataset-Prioritydataset}]
errors:
-------
feature call (loop) failed at index: 1
caller: classpath:InspireTest/ngr/datasetrecords/def/checkxlinkurl.template.feature
arg: {"link":"http://rdfdata.eionet.europa.eu/inspirethemes/themes/28"}
checkxlinkurl.template.feature:15 - status code was: 404, expected: 200, response time: 200, url: http://rdfdata.eionet.europa.eu/inspirethemes/themes/28, response: 
-------
feature call (loop) failed at index: 2
caller: classpath:InspireTest/ngr/datasetrecords/def/checkxlinkurl.template.feature
arg: {"link":"https://ngr.geocat.live/geonetwork/srv/eng/thesaurus.download?ref=external.theme.httpinspireeceuropaeumetadatacodelistPrioritydataset-Prioritydataset"}
checkxlinkurl.template.feature:15 - status code was: 500, expected: 200, response time: 680, url: https://ngr.geocat.live/geonetwork/srv/eng/thesaurus.download?ref=external.theme.httpinspireeceuropaeumetadatacodelistPrioritydataset-Prioritydataset, response: 
[1.70:16] ngr-check-dataset-record.feature:80 - feature call (loop) failed: classpath:InspireTest/ngr/datasetrecords/def/checkxlinkurl.template.feature
caller: classpath:InspireTest/ngr/datasetrecords/ngr-check-dataset-record.feature
items: [{link=https://www.nationaalgeoregister.nl/geonetwork/srv/dut/catalog.search#/metadata/68ebd5c9-0ea1-4f22-9907-ec4c063cd3e2}, {link=http://rdfdata.eionet.europa.eu/inspirethemes/themes/20}, {link=urn:ogc:def:crs:EPSG::5709}]
errors:
-------
feature call (loop) failed at index: 1
caller: classpath:InspireTest/ngr/datasetrecords/def/checkxlinkurl.template.feature
arg: {"link":"http://rdfdata.eionet.europa.eu/inspirethemes/themes/20"}
checkxlinkurl.template.feature:15 - status code was: 404, expected: 200, response time: 200, url: http://rdfdata.eionet.europa.eu/inspirethemes/themes/20, response: 
-------
feature call (loop) failed at index: 2
caller: classpath:InspireTest/ngr/datasetrecords/def/checkxlinkurl.template.feature
arg: {"link":"urn:ogc:def:crs:EPSG::5709"}
checkxlinkurl.template.feature:14 - 
org.apache.http.client.ClientProtocolException: URI does not specify a valid host name: urn:ogc:def:crs:EPSG::5709
[1.71:16] ngr-check-dataset-record.feature:80 - feature call (loop) failed: classpath:InspireTest/ngr/datasetrecords/def/checkxlinkurl.template.feature
caller: classpath:InspireTest/ngr/datasetrecords/ngr-check-dataset-record.feature
items: [{link=http://kadaster/3bf3f7f3-8ac9-4203-bb95-2c932d5f0f3e}]
errors:
-------
feature call (loop) failed at index: 0
caller: classpath:InspireTest/ngr/datasetrecords/def/checkxlinkurl.template.feature
arg: {"link":"http://kadaster/3bf3f7f3-8ac9-4203-bb95-2c932d5f0f3e"}
checkxlinkurl.template.feature:14 - 
java.net.UnknownHostException: kadaster
[1.72:16] ngr-check-dataset-record.feature:80 - feature call (loop) failed: classpath:InspireTest/ngr/datasetrecords/def/checkxlinkurl.template.feature
caller: classpath:InspireTest/ngr/datasetrecords/ngr-check-dataset-record.feature
items: [{link=https://www.nationaalgeoregister.nl/geonetwork/srv/dut/catalog.search#/metadata/cf69ec50-9849-4afd-853c-ee56211d336d}, {link=http://rdfdata.eionet.europa.eu/inspirethemes/themes/20}, {link=http://rdfdata.eionet.europa.eu/inspirethemes/themes/28}, {link=urn:ogc:def:crs:EPSG::5709}]
errors:
-------
feature call (loop) failed at index: 1
caller: classpath:InspireTest/ngr/datasetrecords/def/checkxlinkurl.template.feature
arg: {"link":"http://rdfdata.eionet.europa.eu/inspirethemes/themes/20"}
checkxlinkurl.template.feature:15 - status code was: 404, expected: 200, response time: 200, url: http://rdfdata.eionet.europa.eu/inspirethemes/themes/20, response: 
-------
feature call (loop) failed at index: 2
caller: classpath:InspireTest/ngr/datasetrecords/def/checkxlinkurl.template.feature
arg: {"link":"http://rdfdata.eionet.europa.eu/inspirethemes/themes/28"}
checkxlinkurl.template.feature:15 - status code was: 404, expected: 200, response time: 200, url: http://rdfdata.eionet.europa.eu/inspirethemes/themes/28, response: 
-------
feature call (loop) failed at index: 3
caller: classpath:InspireTest/ngr/datasetrecords/def/checkxlinkurl.template.feature
arg: {"link":"urn:ogc:def:crs:EPSG::5709"}
checkxlinkurl.template.feature:14 - 
org.apache.http.client.ClientProtocolException: URI does not specify a valid host name: urn:ogc:def:crs:EPSG::5709
[1.73:16] ngr-check-dataset-record.feature:80 - feature call (loop) failed: classpath:InspireTest/ngr/datasetrecords/def/checkxlinkurl.template.feature
caller: classpath:InspireTest/ngr/datasetrecords/ngr-check-dataset-record.feature
items: [{link=http://www.opengis.net/def/crs/EPSG/0/https://www.opengis.net/def/crs/EPSG/0/4258}, {link=https://www.nationaalgeoregister.nl/geonetwork/srv/api/recordsf44dac86-2228-412f-8355-e56446ca9933}, {link=www.hydro.nl}]
errors:
-------
feature call (loop) failed at index: 1
caller: classpath:InspireTest/ngr/datasetrecords/def/checkxlinkurl.template.feature
arg: {"link":"https://www.nationaalgeoregister.nl/geonetwork/srv/api/recordsf44dac86-2228-412f-8355-e56446ca9933"}
checkxlinkurl.template.feature:15 - status code was: 500, expected: 200, response time: 446, url: https://www.nationaalgeoregister.nl/geonetwork/srv/api/recordsf44dac86-2228-412f-8355-e56446ca9933, response: 
-------
feature call (loop) failed at index: 2
caller: classpath:InspireTest/ngr/datasetrecords/def/checkxlinkurl.template.feature
arg: {"link":"www.hydro.nl"}
checkxlinkurl.template.feature:14 - 
org.apache.http.client.ClientProtocolException
[1.74:16] ngr-check-dataset-record.feature:80 - feature call (loop) failed: classpath:InspireTest/ngr/datasetrecords/def/checkxlinkurl.template.feature
caller: classpath:InspireTest/ngr/datasetrecords/ngr-check-dataset-record.feature
items: [{link=https://data.rivm.nl/inspire/id#b867ba72-5a7c-41fe-b997-394b56dfbd25}]
errors:
-------
feature call (loop) failed at index: 0
caller: classpath:InspireTest/ngr/datasetrecords/def/checkxlinkurl.template.feature
arg: {"link":"https://data.rivm.nl/inspire/id#b867ba72-5a7c-41fe-b997-394b56dfbd25"}
checkxlinkurl.template.feature:14 - 
javax.net.ssl.SSLException: Connection reset
[1.76:16] ngr-check-dataset-record.feature:80 - feature call (loop) failed: classpath:InspireTest/ngr/datasetrecords/def/checkxlinkurl.template.feature
caller: classpath:InspireTest/ngr/datasetrecords/ngr-check-dataset-record.feature
items: [{link=http://www.opengis.net/def/crs/EPSG/0/http://www.opengis.net/def/crs/EPSG/0/4258}, {link=http://kadaster/7cdfa80a-cfbf-4324-978d-f1f141756b66}]
errors:
-------
feature call (loop) failed at index: 1
caller: classpath:InspireTest/ngr/datasetrecords/def/checkxlinkurl.template.feature
arg: {"link":"http://kadaster/7cdfa80a-cfbf-4324-978d-f1f141756b66"}
checkxlinkurl.template.feature:14 - 
java.net.UnknownHostException: kadaster: Temporary failure in name resolution
[1.77:16] ngr-check-dataset-record.feature:80 - feature call (loop) failed: classpath:InspireTest/ngr/datasetrecords/def/checkxlinkurl.template.feature
caller: classpath:InspireTest/ngr/datasetrecords/ngr-check-dataset-record.feature
items: [{link=https://nationaalgeoregister.nl/geonetwork/srv/resourcese26eb6c9-c441-43e8-8db6-aabbf11578fd}, {link=http://rdfdata.eionet.europa.eu/inspirethemes/themes/16}, {link=http://geonetwork-opensource.org/inspire-theme#}, {link=https://www.nationaalgeoregister.nl/geonetwork/srv/eng/thesaurus.download?ref=external.theme.inspire-theme}]
errors:
-------
feature call (loop) failed at index: 0
caller: classpath:InspireTest/ngr/datasetrecords/def/checkxlinkurl.template.feature
arg: {"link":"https://nationaalgeoregister.nl/geonetwork/srv/resourcese26eb6c9-c441-43e8-8db6-aabbf11578fd"}
checkxlinkurl.template.feature:15 - status code was: 404, expected: 200, response time: 284, url: https://nationaalgeoregister.nl/geonetwork/srv/resourcese26eb6c9-c441-43e8-8db6-aabbf11578fd, response: 
-------
feature call (loop) failed at index: 1
caller: classpath:InspireTest/ngr/datasetrecords/def/checkxlinkurl.template.feature
arg: {"link":"http://rdfdata.eionet.europa.eu/inspirethemes/themes/16"}
checkxlinkurl.template.feature:15 - status code was: 404, expected: 200, response time: 200, url: http://rdfdata.eionet.europa.eu/inspirethemes/themes/16, response: 
-------
feature call (loop) failed at index: 2
caller: classpath:InspireTest/ngr/datasetrecords/def/checkxlinkurl.template.feature
arg: {"link":"http://geonetwork-opensource.org/inspire-theme#"}
checkxlinkurl.template.feature:15 - status code was: 404, expected: 200, response time: 399, url: http://geonetwork-opensource.org/inspire-theme#, response: 
-------
feature call (loop) failed at index: 3
caller: classpath:InspireTest/ngr/datasetrecords/def/checkxlinkurl.template.feature
arg: {"link":"https://www.nationaalgeoregister.nl/geonetwork/srv/eng/thesaurus.download?ref=external.theme.inspire-theme"}
checkxlinkurl.template.feature:15 - status code was: 500, expected: 200, response time: 521, url: https://www.nationaalgeoregister.nl/geonetwork/srv/eng/thesaurus.download?ref=external.theme.inspire-theme, response: 
[1.78:16] ngr-check-dataset-record.feature:80 - feature call (loop) failed: classpath:InspireTest/ngr/datasetrecords/def/checkxlinkurl.template.feature
caller: classpath:InspireTest/ngr/datasetrecords/ngr-check-dataset-record.feature
items: [{link=https://geodata.nationaalgeoregister.nl/inspire/su-grid/wfs}, {link=}]
errors:
-------
feature call (loop) failed at index: 0
caller: classpath:InspireTest/ngr/datasetrecords/def/checkxlinkurl.template.feature
arg: {"link":"https://geodata.nationaalgeoregister.nl/inspire/su-grid/wfs"}
checkxlinkurl.template.feature:15 - status code was: 400, expected: 200, response time: 419, url: https://geodata.nationaalgeoregister.nl/inspire/su-grid/wfs, response: 
-------
feature call (loop) failed at index: 1
caller: classpath:InspireTest/ngr/datasetrecords/def/checkxlinkurl.template.feature
arg: {"link":""}
checkxlinkurl.template.feature:14 - 
org.apache.http.client.ClientProtocolException
[1.80:16] ngr-check-dataset-record.feature:80 - feature call (loop) failed: classpath:InspireTest/ngr/datasetrecords/def/checkxlinkurl.template.feature
caller: classpath:InspireTest/ngr/datasetrecords/ngr-check-dataset-record.feature
items: [{link=http://kadaster/2482250f-3b00-4439-9f93-f3118229b201}, {link=}, {link=}, {link=}, {link=}, {link=}]
errors:
-------
feature call (loop) failed at index: 0
caller: classpath:InspireTest/ngr/datasetrecords/def/checkxlinkurl.template.feature
arg: {"link":"http://kadaster/2482250f-3b00-4439-9f93-f3118229b201"}
checkxlinkurl.template.feature:14 - 
java.net.UnknownHostException: kadaster
-------
feature call (loop) failed at index: 1
caller: classpath:InspireTest/ngr/datasetrecords/def/checkxlinkurl.template.feature
arg: {"link":""}
checkxlinkurl.template.feature:14 - 
org.apache.http.client.ClientProtocolException
-------
feature call (loop) failed at index: 2
caller: classpath:InspireTest/ngr/datasetrecords/def/checkxlinkurl.template.feature
arg: {"link":""}
checkxlinkurl.template.feature:14 - 
org.apache.http.client.ClientProtocolException
-------
feature call (loop) failed at index: 3
caller: classpath:InspireTest/ngr/datasetrecords/def/checkxlinkurl.template.feature
arg: {"link":""}
checkxlinkurl.template.feature:14 - 
org.apache.http.client.ClientProtocolException
-------
feature call (loop) failed at index: 4
caller: classpath:InspireTest/ngr/datasetrecords/def/checkxlinkurl.template.feature
arg: {"link":""}
checkxlinkurl.template.feature:14 - 
org.apache.http.client.ClientProtocolException
-------
feature call (loop) failed at index: 5
caller: classpath:InspireTest/ngr/datasetrecords/def/checkxlinkurl.template.feature
arg: {"link":""}
checkxlinkurl.template.feature:14 - 
org.apache.http.client.ClientProtocolException
[1.81:16] ngr-check-dataset-record.feature:80 - feature call (loop) failed: classpath:InspireTest/ngr/datasetrecords/def/checkxlinkurl.template.feature
caller: classpath:InspireTest/ngr/datasetrecords/ngr-check-dataset-record.feature
items: [{link=https://data.rivm.nl/inspire/id#df9bc66f-941b-4c38-a104-1b8d940a53db}]
errors:
-------
feature call (loop) failed at index: 0
caller: classpath:InspireTest/ngr/datasetrecords/def/checkxlinkurl.template.feature
arg: {"link":"https://data.rivm.nl/inspire/id#df9bc66f-941b-4c38-a104-1b8d940a53db"}
checkxlinkurl.template.feature:14 - 
javax.net.ssl.SSLException: Connection reset
[1.82:16] ngr-check-dataset-record.feature:80 - feature call (loop) failed: classpath:InspireTest/ngr/datasetrecords/def/checkxlinkurl.template.feature
caller: classpath:InspireTest/ngr/datasetrecords/ngr-check-dataset-record.feature
items: [{link=https://nationaalgeoregister.nl/geonetwork/srv/resources7d4d5090-8b18-4c30-a07a-9d738039112f}, {link=http://rdfdata.eionet.europa.eu/inspirethemes/themes/13}, {link=http://geonetwork-opensource.org/inspire-theme#}, {link=https://www.nationaalgeoregister.nl/geonetwork/srv/eng/thesaurus.download?ref=external.theme.inspire-theme}]
errors:
-------
feature call (loop) failed at index: 0
caller: classpath:InspireTest/ngr/datasetrecords/def/checkxlinkurl.template.feature
arg: {"link":"https://nationaalgeoregister.nl/geonetwork/srv/resources7d4d5090-8b18-4c30-a07a-9d738039112f"}
checkxlinkurl.template.feature:15 - status code was: 404, expected: 200, response time: 293, url: https://nationaalgeoregister.nl/geonetwork/srv/resources7d4d5090-8b18-4c30-a07a-9d738039112f, response: 
-------
feature call (loop) failed at index: 1
caller: classpath:InspireTest/ngr/datasetrecords/def/checkxlinkurl.template.feature
arg: {"link":"http://rdfdata.eionet.europa.eu/inspirethemes/themes/13"}
checkxlinkurl.template.feature:15 - status code was: 404, expected: 200, response time: 200, url: http://rdfdata.eionet.europa.eu/inspirethemes/themes/13, response: 
-------
feature call (loop) failed at index: 2
caller: classpath:InspireTest/ngr/datasetrecords/def/checkxlinkurl.template.feature
arg: {"link":"http://geonetwork-opensource.org/inspire-theme#"}
checkxlinkurl.template.feature:15 - status code was: 404, expected: 200, response time: 395, url: http://geonetwork-opensource.org/inspire-theme#, response: 
-------
feature call (loop) failed at index: 3
caller: classpath:InspireTest/ngr/datasetrecords/def/checkxlinkurl.template.feature
arg: {"link":"https://www.nationaalgeoregister.nl/geonetwork/srv/eng/thesaurus.download?ref=external.theme.inspire-theme"}
checkxlinkurl.template.feature:15 - status code was: 500, expected: 200, response time: 330, url: https://www.nationaalgeoregister.nl/geonetwork/srv/eng/thesaurus.download?ref=external.theme.inspire-theme, response: 
[1.83:16] ngr-check-dataset-record.feature:80 - feature call (loop) failed: classpath:InspireTest/ngr/datasetrecords/def/checkxlinkurl.template.feature
caller: classpath:InspireTest/ngr/datasetrecords/ngr-check-dataset-record.feature
items: [{link=https://nationaalgeoregister.nl/geonetwork/srv/resources8bdf76b6-c9c9-4011-a7bc-022ae14a4024}, {link=http://rdfdata.eionet.europa.eu/inspirethemes/themes/24}, {link=http://geonetwork-opensource.org/inspire-theme#}, {link=https://www.nationaalgeoregister.nl/geonetwork/srv/eng/thesaurus.download?ref=external.theme.inspire-theme}]
errors:
-------
feature call (loop) failed at index: 0
caller: classpath:InspireTest/ngr/datasetrecords/def/checkxlinkurl.template.feature
arg: {"link":"https://nationaalgeoregister.nl/geonetwork/srv/resources8bdf76b6-c9c9-4011-a7bc-022ae14a4024"}
checkxlinkurl.template.feature:15 - status code was: 404, expected: 200, response time: 292, url: https://nationaalgeoregister.nl/geonetwork/srv/resources8bdf76b6-c9c9-4011-a7bc-022ae14a4024, response: 
-------
feature call (loop) failed at index: 1
caller: classpath:InspireTest/ngr/datasetrecords/def/checkxlinkurl.template.feature
arg: {"link":"http://rdfdata.eionet.europa.eu/inspirethemes/themes/24"}
checkxlinkurl.template.feature:15 - status code was: 404, expected: 200, response time: 200, url: http://rdfdata.eionet.europa.eu/inspirethemes/themes/24, response: 
-------
feature call (loop) failed at index: 2
caller: classpath:InspireTest/ngr/datasetrecords/def/checkxlinkurl.template.feature
arg: {"link":"http://geonetwork-opensource.org/inspire-theme#"}
checkxlinkurl.template.feature:15 - status code was: 404, expected: 200, response time: 397, url: http://geonetwork-opensource.org/inspire-theme#, response: 
-------
feature call (loop) failed at index: 3
caller: classpath:InspireTest/ngr/datasetrecords/def/checkxlinkurl.template.feature
arg: {"link":"https://www.nationaalgeoregister.nl/geonetwork/srv/eng/thesaurus.download?ref=external.theme.inspire-theme"}
checkxlinkurl.template.feature:15 - status code was: 500, expected: 200, response time: 308, url: https://www.nationaalgeoregister.nl/geonetwork/srv/eng/thesaurus.download?ref=external.theme.inspire-theme, response: 
[1.84:16] ngr-check-dataset-record.feature:80 - feature call (loop) failed: classpath:InspireTest/ngr/datasetrecords/def/checkxlinkurl.template.feature
caller: classpath:InspireTest/ngr/datasetrecords/ngr-check-dataset-record.feature
items: [{link=https://ngr.acceptatie.nationaalgeoregister.nl/geonetwork/srv/resources9d973c4a-ef03-4785-b7f6-942e86b385f7}, {link=www.hydro.nl}, {link=https://www.nationaalgeoregister.nl/geonetwork/srv/eng/thesaurus.download?ref=external.theme.inspire-theme}]
errors:
-------
feature call (loop) failed at index: 0
caller: classpath:InspireTest/ngr/datasetrecords/def/checkxlinkurl.template.feature
arg: {"link":"https://ngr.acceptatie.nationaalgeoregister.nl/geonetwork/srv/resources9d973c4a-ef03-4785-b7f6-942e86b385f7"}
checkxlinkurl.template.feature:15 - status code was: 404, expected: 200, response time: 290, url: https://ngr.acceptatie.nationaalgeoregister.nl/geonetwork/srv/resources9d973c4a-ef03-4785-b7f6-942e86b385f7, response: 
-------
feature call (loop) failed at index: 1
caller: classpath:InspireTest/ngr/datasetrecords/def/checkxlinkurl.template.feature
arg: {"link":"www.hydro.nl"}
checkxlinkurl.template.feature:14 - 
org.apache.http.client.ClientProtocolException
-------
feature call (loop) failed at index: 2
caller: classpath:InspireTest/ngr/datasetrecords/def/checkxlinkurl.template.feature
arg: {"link":"https://www.nationaalgeoregister.nl/geonetwork/srv/eng/thesaurus.download?ref=external.theme.inspire-theme"}
checkxlinkurl.template.feature:15 - status code was: 500, expected: 200, response time: 321, url: https://www.nationaalgeoregister.nl/geonetwork/srv/eng/thesaurus.download?ref=external.theme.inspire-theme, response: 
[1.85:16] ngr-check-dataset-record.feature:80 - feature call (loop) failed: classpath:InspireTest/ngr/datasetrecords/def/checkxlinkurl.template.feature
caller: classpath:InspireTest/ngr/datasetrecords/ngr-check-dataset-record.feature
items: [{link=https://www.nationaalgeoregister.nl/geonetwork/srv/api/records83dab947-387b-49df-8ad2-32bb10d46d38}]
errors:
-------
feature call (loop) failed at index: 0
caller: classpath:InspireTest/ngr/datasetrecords/def/checkxlinkurl.template.feature
arg: {"link":"https://www.nationaalgeoregister.nl/geonetwork/srv/api/records83dab947-387b-49df-8ad2-32bb10d46d38"}
checkxlinkurl.template.feature:15 - status code was: 500, expected: 200, response time: 447, url: https://www.nationaalgeoregister.nl/geonetwork/srv/api/records83dab947-387b-49df-8ad2-32bb10d46d38, response: 
[1.86:16] ngr-check-dataset-record.feature:80 - feature call (loop) failed: classpath:InspireTest/ngr/datasetrecords/def/checkxlinkurl.template.feature
caller: classpath:InspireTest/ngr/datasetrecords/ngr-check-dataset-record.feature
items: [{link=http://kadaster/2482250f-3b00-4439-9f93-f3118229b018}, {link=}, {link=}, {link=}]
errors:
-------
feature call (loop) failed at index: 0
caller: classpath:InspireTest/ngr/datasetrecords/def/checkxlinkurl.template.feature
arg: {"link":"http://kadaster/2482250f-3b00-4439-9f93-f3118229b018"}
checkxlinkurl.template.feature:14 - 
java.net.UnknownHostException: kadaster
-------
feature call (loop) failed at index: 1
caller: classpath:InspireTest/ngr/datasetrecords/def/checkxlinkurl.template.feature
arg: {"link":""}
checkxlinkurl.template.feature:14 - 
org.apache.http.client.ClientProtocolException
-------
feature call (loop) failed at index: 2
caller: classpath:InspireTest/ngr/datasetrecords/def/checkxlinkurl.template.feature
arg: {"link":""}
checkxlinkurl.template.feature:14 - 
org.apache.http.client.ClientProtocolException
-------
feature call (loop) failed at index: 3
caller: classpath:InspireTest/ngr/datasetrecords/def/checkxlinkurl.template.feature
arg: {"link":""}
checkxlinkurl.template.feature:14 - 
org.apache.http.client.ClientProtocolException
[1.87:16] ngr-check-dataset-record.feature:80 - feature call (loop) failed: classpath:InspireTest/ngr/datasetrecords/def/checkxlinkurl.template.feature
caller: classpath:InspireTest/ngr/datasetrecords/ngr-check-dataset-record.feature
items: [{link=http://www.opengis.net/def/crs/EPSG/0/https://www.opengis.net/def/crs/EPSG/0/4258}, {link=https://www.nationaalgeoregister.nl/geonetwork/srv/api/recordsc2225e5d-b46f-4e38-8445-ab10fd40c0dc}]
errors:
-------
feature call (loop) failed at index: 1
caller: classpath:InspireTest/ngr/datasetrecords/def/checkxlinkurl.template.feature
arg: {"link":"https://www.nationaalgeoregister.nl/geonetwork/srv/api/recordsc2225e5d-b46f-4e38-8445-ab10fd40c0dc"}
checkxlinkurl.template.feature:15 - status code was: 500, expected: 200, response time: 309, url: https://www.nationaalgeoregister.nl/geonetwork/srv/api/recordsc2225e5d-b46f-4e38-8445-ab10fd40c0dc, response: 
[1.88:16] ngr-check-dataset-record.feature:80 - feature call (loop) failed: classpath:InspireTest/ngr/datasetrecords/def/checkxlinkurl.template.feature
caller: classpath:InspireTest/ngr/datasetrecords/ngr-check-dataset-record.feature
items: [{link=http://www.opengis.net/def/crs/EPSG/0/https://www.opengis.net/def/crs/EPSG/0/4258}, {link=https://www.nationaalgeoregister.nl/geonetwork/srv/api/recordsf1d27179-36eb-4376-8048-f51d2eb23a09}]
errors:
-------
feature call (loop) failed at index: 1
caller: classpath:InspireTest/ngr/datasetrecords/def/checkxlinkurl.template.feature
arg: {"link":"https://www.nationaalgeoregister.nl/geonetwork/srv/api/recordsf1d27179-36eb-4376-8048-f51d2eb23a09"}
checkxlinkurl.template.feature:15 - status code was: 500, expected: 200, response time: 310, url: https://www.nationaalgeoregister.nl/geonetwork/srv/api/recordsf1d27179-36eb-4376-8048-f51d2eb23a09, response: 
[1.89:16] ngr-check-dataset-record.feature:80 - feature call (loop) failed: classpath:InspireTest/ngr/datasetrecords/def/checkxlinkurl.template.feature
caller: classpath:InspireTest/ngr/datasetrecords/ngr-check-dataset-record.feature
items: [{link=https://data.rivm.nl/inspire/id#5cb4b489-67c8-44bc-85c5-424a80a53b3b}]
errors:
-------
feature call (loop) failed at index: 0
caller: classpath:InspireTest/ngr/datasetrecords/def/checkxlinkurl.template.feature
arg: {"link":"https://data.rivm.nl/inspire/id#5cb4b489-67c8-44bc-85c5-424a80a53b3b"}
checkxlinkurl.template.feature:14 - 
javax.net.ssl.SSLException: Connection reset
[1.90:16] ngr-check-dataset-record.feature:80 - feature call (loop) failed: classpath:InspireTest/ngr/datasetrecords/def/checkxlinkurl.template.feature
caller: classpath:InspireTest/ngr/datasetrecords/ngr-check-dataset-record.feature
items: [{link=https://www.nationaalgeoregister.nl/geonetwork/srv/dut/catalog.search#/metadata/be1b1514-8d1f-48e1-9624-fee9b784138b}, {link=http://rdfdata.eionet.europa.eu/inspirethemes/themes/7}, {link=urn:ogc:def:crs:EPSG::5709}]
errors:
-------
feature call (loop) failed at index: 1
caller: classpath:InspireTest/ngr/datasetrecords/def/checkxlinkurl.template.feature
arg: {"link":"http://rdfdata.eionet.europa.eu/inspirethemes/themes/7"}
checkxlinkurl.template.feature:15 - status code was: 404, expected: 200, response time: 201, url: http://rdfdata.eionet.europa.eu/inspirethemes/themes/7, response: 
-------
feature call (loop) failed at index: 2
caller: classpath:InspireTest/ngr/datasetrecords/def/checkxlinkurl.template.feature
arg: {"link":"urn:ogc:def:crs:EPSG::5709"}
checkxlinkurl.template.feature:14 - 
org.apache.http.client.ClientProtocolException: URI does not specify a valid host name: urn:ogc:def:crs:EPSG::5709
[1.91:16] ngr-check-dataset-record.feature:80 - feature call (loop) failed: classpath:InspireTest/ngr/datasetrecords/def/checkxlinkurl.template.feature
caller: classpath:InspireTest/ngr/datasetrecords/ngr-check-dataset-record.feature
items: [{link=https://www.nationaalgeoregister.nl/geonetwork/srv/api/records3e57ce43-7707-43ed-a4b9-72b3a6d812f8}]
errors:
-------
feature call (loop) failed at index: 0
caller: classpath:InspireTest/ngr/datasetrecords/def/checkxlinkurl.template.feature
arg: {"link":"https://www.nationaalgeoregister.nl/geonetwork/srv/api/records3e57ce43-7707-43ed-a4b9-72b3a6d812f8"}
checkxlinkurl.template.feature:15 - status code was: 500, expected: 200, response time: 445, url: https://www.nationaalgeoregister.nl/geonetwork/srv/api/records3e57ce43-7707-43ed-a4b9-72b3a6d812f8, response: 
[1.92:16] ngr-check-dataset-record.feature:80 - feature call (loop) failed: classpath:InspireTest/ngr/datasetrecords/def/checkxlinkurl.template.feature
caller: classpath:InspireTest/ngr/datasetrecords/ngr-check-dataset-record.feature
items: [{link=http://www.opengis.net/def/crs/EPSG/0/http://www.opengis.net/def/crs/EPSG/0/3034}, {link=http://nationaalgeoregister.nl/geonetwork/srv/dut/csw?SERVICE=CSW&version=2.0.2&REQUEST=GetRecordById&elementSetName=full&OutputSchema=http://www.isotc211.org/2005/gmd&ID=58e7dc38-a498-4852-b4ef-908f5baa9056}, {link=https://creativecommons.org/publicdomain/mark/*/deed.nl}, {link=}]
errors:
-------
feature call (loop) failed at index: 2
caller: classpath:InspireTest/ngr/datasetrecords/def/checkxlinkurl.template.feature
arg: {"link":"https://creativecommons.org/publicdomain/mark/*/deed.nl"}
checkxlinkurl.template.feature:15 - status code was: 404, expected: 200, response time: 36, url: https://creativecommons.org/publicdomain/mark/*/deed.nl, response: 
-------
feature call (loop) failed at index: 3
caller: classpath:InspireTest/ngr/datasetrecords/def/checkxlinkurl.template.feature
arg: {"link":""}
checkxlinkurl.template.feature:14 - 
org.apache.http.client.ClientProtocolException
[1.93:16] ngr-check-dataset-record.feature:80 - feature call (loop) failed: classpath:InspireTest/ngr/datasetrecords/def/checkxlinkurl.template.feature
caller: classpath:InspireTest/ngr/datasetrecords/ngr-check-dataset-record.feature
items: [{link=http://standaarden.overheid.nl/owms/terms/Ministerie_van_Landbouw,_Natuur_en_Voedselkwaliteit}, {link=https://www.nationaalgeoregister.nl/geonetwork/srv/api/records3703b249-a0eb-484e-ba7a-10e31a55bcec}, {link=579}]
errors:
-------
feature call (loop) failed at index: 1
caller: classpath:InspireTest/ngr/datasetrecords/def/checkxlinkurl.template.feature
arg: {"link":"https://www.nationaalgeoregister.nl/geonetwork/srv/api/records3703b249-a0eb-484e-ba7a-10e31a55bcec"}
checkxlinkurl.template.feature:15 - status code was: 500, expected: 200, response time: 313, url: https://www.nationaalgeoregister.nl/geonetwork/srv/api/records3703b249-a0eb-484e-ba7a-10e31a55bcec, response: 
-------
feature call (loop) failed at index: 2
caller: classpath:InspireTest/ngr/datasetrecords/def/checkxlinkurl.template.feature
arg: {"link":"579"}
checkxlinkurl.template.feature:14 - 
org.apache.http.client.ClientProtocolException
[1.94:16] ngr-check-dataset-record.feature:80 - feature call (loop) failed: classpath:InspireTest/ngr/datasetrecords/def/checkxlinkurl.template.feature
caller: classpath:InspireTest/ngr/datasetrecords/ngr-check-dataset-record.feature
items: [{link=http://standaarden.overheid.nl/owms/terms/Ministerie_van_Landbouw,_Natuur_en_Voedselkwaliteit}, {link=http://www.nationaalgeoregister.nl/geonetwork/srv/dut/catalog.search#/metadata/a04afee4-47d5-45b7-b7a0-a6f86106af11}, {link=http://standaarden.overheid.nl/owms/terms/Ministerie_van_Landbouw,_Natuur_en_Voedselkwaliteit}, {link=http://standaarden.overheid.nl/owms/terms/Ministerie_van_Landbouw,_Natuur_en_Voedselkwaliteit}, {link=https://data.overheid.nl/organisatie/PDOK}]
errors:
-------
feature call (loop) failed at index: 4
caller: classpath:InspireTest/ngr/datasetrecords/def/checkxlinkurl.template.feature
arg: {"link":"https://data.overheid.nl/organisatie/PDOK"}
checkxlinkurl.template.feature:15 - status code was: 404, expected: 200, response time: 538, url: https://data.overheid.nl/organisatie/PDOK, response: 
[1.95:16] ngr-check-dataset-record.feature:80 - feature call (loop) failed: classpath:InspireTest/ngr/datasetrecords/def/checkxlinkurl.template.feature
caller: classpath:InspireTest/ngr/datasetrecords/ngr-check-dataset-record.feature
items: [{link=https://data.rivm.nl/inspire/id#6e6bf543-e1e3-468d-afae-e88618ad9a65}]
errors:
-------
feature call (loop) failed at index: 0
caller: classpath:InspireTest/ngr/datasetrecords/def/checkxlinkurl.template.feature
arg: {"link":"https://data.rivm.nl/inspire/id#6e6bf543-e1e3-468d-afae-e88618ad9a65"}
checkxlinkurl.template.feature:14 - 
javax.net.ssl.SSLException: Connection reset
[1.97:16] ngr-check-dataset-record.feature:80 - feature call (loop) failed: classpath:InspireTest/ngr/datasetrecords/def/checkxlinkurl.template.feature
caller: classpath:InspireTest/ngr/datasetrecords/ngr-check-dataset-record.feature
items: [{link=https://data.rivm.nl/inspire/id#7247293d-2113-44d8-b335-8167b2ec4d1b}]
errors:
-------
feature call (loop) failed at index: 0
caller: classpath:InspireTest/ngr/datasetrecords/def/checkxlinkurl.template.feature
arg: {"link":"https://data.rivm.nl/inspire/id#7247293d-2113-44d8-b335-8167b2ec4d1b"}
checkxlinkurl.template.feature:14 - 
javax.net.ssl.SSLException: Connection reset
[1.99:16] ngr-check-dataset-record.feature:80 - feature call (loop) failed: classpath:InspireTest/ngr/datasetrecords/def/checkxlinkurl.template.feature
caller: classpath:InspireTest/ngr/datasetrecords/ngr-check-dataset-record.feature
items: [{link=http://www.opengis.net/def/crs/EPSG/0/ETRS89}, {link=https://www.nationaalgeoregister.nl/geonetwork/srv/api/records07575774-57a1-4419-bab4-6c88fdeb02b2}]
errors:
-------
feature call (loop) failed at index: 1
caller: classpath:InspireTest/ngr/datasetrecords/def/checkxlinkurl.template.feature
arg: {"link":"https://www.nationaalgeoregister.nl/geonetwork/srv/api/records07575774-57a1-4419-bab4-6c88fdeb02b2"}
checkxlinkurl.template.feature:15 - status code was: 500, expected: 200, response time: 321, url: https://www.nationaalgeoregister.nl/geonetwork/srv/api/records07575774-57a1-4419-bab4-6c88fdeb02b2, response: 
[1.100:16] ngr-check-dataset-record.feature:80 - feature call (loop) failed: classpath:InspireTest/ngr/datasetrecords/def/checkxlinkurl.template.feature
caller: classpath:InspireTest/ngr/datasetrecords/ngr-check-dataset-record.feature
items: [{link=https://nationaalgeoregister.nl/geonetwork/srv/resources66495385-8f7b-4661-85a7-11a2bbcbb6b9}, {link=http://rdfdata.eionet.europa.eu/inspirethemes/themes/13}, {link=http://geonetwork-opensource.org/inspire-theme#}, {link=https://www.nationaalgeoregister.nl/geonetwork/srv/eng/thesaurus.download?ref=external.theme.inspire-theme}]
errors:
-------
feature call (loop) failed at index: 0
caller: classpath:InspireTest/ngr/datasetrecords/def/checkxlinkurl.template.feature
arg: {"link":"https://nationaalgeoregister.nl/geonetwork/srv/resources66495385-8f7b-4661-85a7-11a2bbcbb6b9"}
checkxlinkurl.template.feature:15 - status code was: 404, expected: 200, response time: 282, url: https://nationaalgeoregister.nl/geonetwork/srv/resources66495385-8f7b-4661-85a7-11a2bbcbb6b9, response: 
-------
feature call (loop) failed at index: 1
caller: classpath:InspireTest/ngr/datasetrecords/def/checkxlinkurl.template.feature
arg: {"link":"http://rdfdata.eionet.europa.eu/inspirethemes/themes/13"}
checkxlinkurl.template.feature:15 - status code was: 404, expected: 200, response time: 200, url: http://rdfdata.eionet.europa.eu/inspirethemes/themes/13, response: 
-------
feature call (loop) failed at index: 2
caller: classpath:InspireTest/ngr/datasetrecords/def/checkxlinkurl.template.feature
arg: {"link":"http://geonetwork-opensource.org/inspire-theme#"}
checkxlinkurl.template.feature:15 - status code was: 404, expected: 200, response time: 398, url: http://geonetwork-opensource.org/inspire-theme#, response: 
-------
feature call (loop) failed at index: 3
caller: classpath:InspireTest/ngr/datasetrecords/def/checkxlinkurl.template.feature
arg: {"link":"https://www.nationaalgeoregister.nl/geonetwork/srv/eng/thesaurus.download?ref=external.theme.inspire-theme"}
checkxlinkurl.template.feature:15 - status code was: 500, expected: 200, response time: 312, url: https://www.nationaalgeoregister.nl/geonetwork/srv/eng/thesaurus.download?ref=external.theme.inspire-theme, response: 
[1.101:16] ngr-check-dataset-record.feature:80 - feature call (loop) failed: classpath:InspireTest/ngr/datasetrecords/def/checkxlinkurl.template.feature
caller: classpath:InspireTest/ngr/datasetrecords/ngr-check-dataset-record.feature
items: [{link=http://kadaster/2482250f-3b00-4439-9f93-f3118229b020}, {link=}, {link=}, {link=}]
errors:
-------
feature call (loop) failed at index: 0
caller: classpath:InspireTest/ngr/datasetrecords/def/checkxlinkurl.template.feature
arg: {"link":"http://kadaster/2482250f-3b00-4439-9f93-f3118229b020"}
checkxlinkurl.template.feature:14 - 
java.net.UnknownHostException: kadaster
-------
feature call (loop) failed at index: 1
caller: classpath:InspireTest/ngr/datasetrecords/def/checkxlinkurl.template.feature
arg: {"link":""}
checkxlinkurl.template.feature:14 - 
org.apache.http.client.ClientProtocolException
-------
feature call (loop) failed at index: 2
caller: classpath:InspireTest/ngr/datasetrecords/def/checkxlinkurl.template.feature
arg: {"link":""}
checkxlinkurl.template.feature:14 - 
org.apache.http.client.ClientProtocolException
-------
feature call (loop) failed at index: 3
caller: classpath:InspireTest/ngr/datasetrecords/def/checkxlinkurl.template.feature
arg: {"link":""}
checkxlinkurl.template.feature:14 - 
org.apache.http.client.ClientProtocolException
[1.102:16] ngr-check-dataset-record.feature:80 - feature call (loop) failed: classpath:InspireTest/ngr/datasetrecords/def/checkxlinkurl.template.feature
caller: classpath:InspireTest/ngr/datasetrecords/ngr-check-dataset-record.feature
items: [{link=https://data.rivm.nl/inspire/id#a98a6cdb-61cd-4107-b775-2334e6772ed5}]
errors:
-------
feature call (loop) failed at index: 0
caller: classpath:InspireTest/ngr/datasetrecords/def/checkxlinkurl.template.feature
arg: {"link":"https://data.rivm.nl/inspire/id#a98a6cdb-61cd-4107-b775-2334e6772ed5"}
checkxlinkurl.template.feature:14 - 
javax.net.ssl.SSLException: Connection reset
[1.104:16] ngr-check-dataset-record.feature:80 - feature call (loop) failed: classpath:InspireTest/ngr/datasetrecords/def/checkxlinkurl.template.feature
caller: classpath:InspireTest/ngr/datasetrecords/ngr-check-dataset-record.feature
items: [{link=http://kadaster/06b6c650-cdb1-11dd-ad8b-0800200c9a78}]
errors:
-------
feature call (loop) failed at index: 0
caller: classpath:InspireTest/ngr/datasetrecords/def/checkxlinkurl.template.feature
arg: {"link":"http://kadaster/06b6c650-cdb1-11dd-ad8b-0800200c9a78"}
checkxlinkurl.template.feature:14 - 
java.net.UnknownHostException: kadaster
[1.105:16] ngr-check-dataset-record.feature:80 - feature call (loop) failed: classpath:InspireTest/ngr/datasetrecords/def/checkxlinkurl.template.feature
caller: classpath:InspireTest/ngr/datasetrecords/ngr-check-dataset-record.feature
items: [{link=http://www.opengis.net/def/crs/EPSG/0/http://www.opengis.net/def/crs/EPSG/0/4258}, {link=http://kadaster/1d32fc50-cd5b-4425-b0df-16c7c7940e94}]
errors:
-------
feature call (loop) failed at index: 1
caller: classpath:InspireTest/ngr/datasetrecords/def/checkxlinkurl.template.feature
arg: {"link":"http://kadaster/1d32fc50-cd5b-4425-b0df-16c7c7940e94"}
checkxlinkurl.template.feature:14 - 
java.net.UnknownHostException: kadaster
[1.106:16] ngr-check-dataset-record.feature:80 - feature call (loop) failed: classpath:InspireTest/ngr/datasetrecords/def/checkxlinkurl.template.feature
caller: classpath:InspireTest/ngr/datasetrecords/ngr-check-dataset-record.feature
items: [{link=https://www.nationaalgeoregister.nl/geonetwork/srv/api/records6e4a2001-fef7-471c-8286-4f859bc1131e}, {link=https://creativecommons.org/publicdomain/zero/*/deed.nl}]
errors:
-------
feature call (loop) failed at index: 0
caller: classpath:InspireTest/ngr/datasetrecords/def/checkxlinkurl.template.feature
arg: {"link":"https://www.nationaalgeoregister.nl/geonetwork/srv/api/records6e4a2001-fef7-471c-8286-4f859bc1131e"}
checkxlinkurl.template.feature:15 - status code was: 500, expected: 200, response time: 310, url: https://www.nationaalgeoregister.nl/geonetwork/srv/api/records6e4a2001-fef7-471c-8286-4f859bc1131e, response: 
-------
feature call (loop) failed at index: 1
caller: classpath:InspireTest/ngr/datasetrecords/def/checkxlinkurl.template.feature
arg: {"link":"https://creativecommons.org/publicdomain/zero/*/deed.nl"}
checkxlinkurl.template.feature:15 - status code was: 404, expected: 200, response time: 64, url: https://creativecommons.org/publicdomain/zero/*/deed.nl, response: 
[1.107:16] ngr-check-dataset-record.feature:80 - feature call (loop) failed: classpath:InspireTest/ngr/datasetrecords/def/checkxlinkurl.template.feature
caller: classpath:InspireTest/ngr/datasetrecords/ngr-check-dataset-record.feature
items: [{link=http://kadaster/2482250f-3b00-4439-9f93-f3118229b021}, {link=}, {link=}, {link=}]
errors:
-------
feature call (loop) failed at index: 0
caller: classpath:InspireTest/ngr/datasetrecords/def/checkxlinkurl.template.feature
arg: {"link":"http://kadaster/2482250f-3b00-4439-9f93-f3118229b021"}
checkxlinkurl.template.feature:14 - 
java.net.UnknownHostException: kadaster
-------
feature call (loop) failed at index: 1
caller: classpath:InspireTest/ngr/datasetrecords/def/checkxlinkurl.template.feature
arg: {"link":""}
checkxlinkurl.template.feature:14 - 
org.apache.http.client.ClientProtocolException
-------
feature call (loop) failed at index: 2
caller: classpath:InspireTest/ngr/datasetrecords/def/checkxlinkurl.template.feature
arg: {"link":""}
checkxlinkurl.template.feature:14 - 
org.apache.http.client.ClientProtocolException
-------
feature call (loop) failed at index: 3
caller: classpath:InspireTest/ngr/datasetrecords/def/checkxlinkurl.template.feature
arg: {"link":""}
checkxlinkurl.template.feature:14 - 
org.apache.http.client.ClientProtocolException
[1.108:16] ngr-check-dataset-record.feature:80 - feature call (loop) failed: classpath:InspireTest/ngr/datasetrecords/def/checkxlinkurl.template.feature
caller: classpath:InspireTest/ngr/datasetrecords/ngr-check-dataset-record.feature
items: [{link=http://kadaster/2482250f-3b00-4439-9f93-f3118229b023}, {link=}, {link=}, {link=}]
errors:
-------
feature call (loop) failed at index: 0
caller: classpath:InspireTest/ngr/datasetrecords/def/checkxlinkurl.template.feature
arg: {"link":"http://kadaster/2482250f-3b00-4439-9f93-f3118229b023"}
checkxlinkurl.template.feature:14 - 
java.net.UnknownHostException: kadaster
-------
feature call (loop) failed at index: 1
caller: classpath:InspireTest/ngr/datasetrecords/def/checkxlinkurl.template.feature
arg: {"link":""}
checkxlinkurl.template.feature:14 - 
org.apache.http.client.ClientProtocolException
-------
feature call (loop) failed at index: 2
caller: classpath:InspireTest/ngr/datasetrecords/def/checkxlinkurl.template.feature
arg: {"link":""}
checkxlinkurl.template.feature:14 - 
org.apache.http.client.ClientProtocolException
-------
feature call (loop) failed at index: 3
caller: classpath:InspireTest/ngr/datasetrecords/def/checkxlinkurl.template.feature
arg: {"link":""}
checkxlinkurl.template.feature:14 - 
org.apache.http.client.ClientProtocolException
[1.109:16] ngr-check-dataset-record.feature:80 - feature call (loop) failed: classpath:InspireTest/ngr/datasetrecords/def/checkxlinkurl.template.feature
caller: classpath:InspireTest/ngr/datasetrecords/ngr-check-dataset-record.feature
items: [{link=https://www.nationaalgeoregister.nl/geonetwork/srv/api/records844404a2-9cd0-452e-b29a-74588777485a}]
errors:
-------
feature call (loop) failed at index: 0
caller: classpath:InspireTest/ngr/datasetrecords/def/checkxlinkurl.template.feature
arg: {"link":"https://www.nationaalgeoregister.nl/geonetwork/srv/api/records844404a2-9cd0-452e-b29a-74588777485a"}
checkxlinkurl.template.feature:15 - status code was: 500, expected: 200, response time: 307, url: https://www.nationaalgeoregister.nl/geonetwork/srv/api/records844404a2-9cd0-452e-b29a-74588777485a, response: 
[1.111:16] ngr-check-dataset-record.feature:80 - feature call (loop) failed: classpath:InspireTest/ngr/datasetrecords/def/checkxlinkurl.template.feature
caller: classpath:InspireTest/ngr/datasetrecords/ngr-check-dataset-record.feature
items: [{link=https://nationaalgeoregister.nl/geonetwork/srv/resourcesff07bd5a-d6eb-11ea-87d0-0242ac130003}, {link=https://www.nationaalgeoregister.nl/geonetwork/srv/eng/thesaurus.download?ref=external.theme.inspire-theme}]
errors:
-------
feature call (loop) failed at index: 0
caller: classpath:InspireTest/ngr/datasetrecords/def/checkxlinkurl.template.feature
arg: {"link":"https://nationaalgeoregister.nl/geonetwork/srv/resourcesff07bd5a-d6eb-11ea-87d0-0242ac130003"}
checkxlinkurl.template.feature:15 - status code was: 404, expected: 200, response time: 282, url: https://nationaalgeoregister.nl/geonetwork/srv/resourcesff07bd5a-d6eb-11ea-87d0-0242ac130003, response: 
-------
feature call (loop) failed at index: 1
caller: classpath:InspireTest/ngr/datasetrecords/def/checkxlinkurl.template.feature
arg: {"link":"https://www.nationaalgeoregister.nl/geonetwork/srv/eng/thesaurus.download?ref=external.theme.inspire-theme"}
checkxlinkurl.template.feature:15 - status code was: 500, expected: 200, response time: 349, url: https://www.nationaalgeoregister.nl/geonetwork/srv/eng/thesaurus.download?ref=external.theme.inspire-theme, response: 
[1.112:16] ngr-check-dataset-record.feature:80 - feature call (loop) failed: classpath:InspireTest/ngr/datasetrecords/def/checkxlinkurl.template.feature
caller: classpath:InspireTest/ngr/datasetrecords/ngr-check-dataset-record.feature
items: [{link=http://kadaster/2482250f-3b00-4439-9f93-f3118229b014}, {link=}, {link=}, {link=}]
errors:
-------
feature call (loop) failed at index: 0
caller: classpath:InspireTest/ngr/datasetrecords/def/checkxlinkurl.template.feature
arg: {"link":"http://kadaster/2482250f-3b00-4439-9f93-f3118229b014"}
checkxlinkurl.template.feature:14 - 
java.net.UnknownHostException: kadaster
-------
feature call (loop) failed at index: 1
caller: classpath:InspireTest/ngr/datasetrecords/def/checkxlinkurl.template.feature
arg: {"link":""}
checkxlinkurl.template.feature:14 - 
org.apache.http.client.ClientProtocolException
-------
feature call (loop) failed at index: 2
caller: classpath:InspireTest/ngr/datasetrecords/def/checkxlinkurl.template.feature
arg: {"link":""}
checkxlinkurl.template.feature:14 - 
org.apache.http.client.ClientProtocolException
-------
feature call (loop) failed at index: 3
caller: classpath:InspireTest/ngr/datasetrecords/def/checkxlinkurl.template.feature
arg: {"link":""}
checkxlinkurl.template.feature:14 - 
org.apache.http.client.ClientProtocolException
[1.113:16] ngr-check-dataset-record.feature:80 - feature call (loop) failed: classpath:InspireTest/ngr/datasetrecords/def/checkxlinkurl.template.feature
caller: classpath:InspireTest/ngr/datasetrecords/ngr-check-dataset-record.feature
items: [{link=https://data.rivm.nl/inspire/id#36a7e8cb-8300-4602-93d2-135943365a6f}]
errors:
-------
feature call (loop) failed at index: 0
caller: classpath:InspireTest/ngr/datasetrecords/def/checkxlinkurl.template.feature
arg: {"link":"https://data.rivm.nl/inspire/id#36a7e8cb-8300-4602-93d2-135943365a6f"}
checkxlinkurl.template.feature:14 - 
javax.net.ssl.SSLException: Connection reset
[1.114:16] ngr-check-dataset-record.feature:80 - feature call (loop) failed: classpath:InspireTest/ngr/datasetrecords/def/checkxlinkurl.template.feature
caller: classpath:InspireTest/ngr/datasetrecords/ngr-check-dataset-record.feature
items: [{link=u}, {link=r}, {link=n}, {link=:}, {link=o}, {link=g}, {link=c}, {link=:}, {link=d}, {link=e}, {link=f}, {link=:}, {link=c}, {link=r}, {link=s}, {link=:}, {link=E}, {link=P}, {link=S}, {link=G}, {link=:}, {link=:}, {link=5}, {link=6}, {link=2}, {link=1}]
errors:
-------
feature call (loop) failed at index: 0
caller: classpath:InspireTest/ngr/datasetrecords/def/checkxlinkurl.template.feature
arg: {"link":"u"}
checkxlinkurl.template.feature:14 - 
org.apache.http.client.ClientProtocolException
-------
feature call (loop) failed at index: 1
caller: classpath:InspireTest/ngr/datasetrecords/def/checkxlinkurl.template.feature
arg: {"link":"r"}
checkxlinkurl.template.feature:14 - 
org.apache.http.client.ClientProtocolException
-------
feature call (loop) failed at index: 2
caller: classpath:InspireTest/ngr/datasetrecords/def/checkxlinkurl.template.feature
arg: {"link":"n"}
checkxlinkurl.template.feature:14 - 
org.apache.http.client.ClientProtocolException
-------
feature call (loop) failed at index: 3
caller: classpath:InspireTest/ngr/datasetrecords/def/checkxlinkurl.template.feature
arg: {"link":":"}
checkxlinkurl.template.feature:14 - java.net.URISyntaxException: Expected scheme name at index 0: :
-------
feature call (loop) failed at index: 4
caller: classpath:InspireTest/ngr/datasetrecords/def/checkxlinkurl.template.feature
arg: {"link":"o"}
checkxlinkurl.template.feature:14 - 
org.apache.http.client.ClientProtocolException
-------
feature call (loop) failed at index: 5
caller: classpath:InspireTest/ngr/datasetrecords/def/checkxlinkurl.template.feature
arg: {"link":"g"}
checkxlinkurl.template.feature:14 - 
org.apache.http.client.ClientProtocolException
-------
feature call (loop) failed at index: 6
caller: classpath:InspireTest/ngr/datasetrecords/def/checkxlinkurl.template.feature
arg: {"link":"c"}
checkxlinkurl.template.feature:14 - 
org.apache.http.client.ClientProtocolException
-------
feature call (loop) failed at index: 7
caller: classpath:InspireTest/ngr/datasetrecords/def/checkxlinkurl.template.feature
arg: {"link":":"}
checkxlinkurl.template.feature:14 - java.net.URISyntaxException: Expected scheme name at index 0: :
-------
feature call (loop) failed at index: 8
caller: classpath:InspireTest/ngr/datasetrecords/def/checkxlinkurl.template.feature
arg: {"link":"d"}
checkxlinkurl.template.feature:14 - 
org.apache.http.client.ClientProtocolException
-------
feature call (loop) failed at index: 9
caller: classpath:InspireTest/ngr/datasetrecords/def/checkxlinkurl.template.feature
arg: {"link":"e"}
checkxlinkurl.template.feature:14 - 
org.apache.http.client.ClientProtocolException
-------
feature call (loop) failed at index: 10
caller: classpath:InspireTest/ngr/datasetrecords/def/checkxlinkurl.template.feature
arg: {"link":"f"}
checkxlinkurl.template.feature:14 - 
org.apache.http.client.ClientProtocolException
-------
feature call (loop) failed at index: 11
caller: classpath:InspireTest/ngr/datasetrecords/def/checkxlinkurl.template.feature
arg: {"link":":"}
checkxlinkurl.template.feature:14 - java.net.URISyntaxException: Expected scheme name at index 0: :
-------
feature call (loop) failed at index: 12
caller: classpath:InspireTest/ngr/datasetrecords/def/checkxlinkurl.template.feature
arg: {"link":"c"}
checkxlinkurl.template.feature:14 - 
org.apache.http.client.ClientProtocolException
-------
feature call (loop) failed at index: 13
caller: classpath:InspireTest/ngr/datasetrecords/def/checkxlinkurl.template.feature
arg: {"link":"r"}
checkxlinkurl.template.feature:14 - 
org.apache.http.client.ClientProtocolException
-------
feature call (loop) failed at index: 14
caller: classpath:InspireTest/ngr/datasetrecords/def/checkxlinkurl.template.feature
arg: {"link":"s"}
checkxlinkurl.template.feature:14 - 
org.apache.http.client.ClientProtocolException
-------
feature call (loop) failed at index: 15
caller: classpath:InspireTest/ngr/datasetrecords/def/checkxlinkurl.template.feature
arg: {"link":":"}
checkxlinkurl.template.feature:14 - java.net.URISyntaxException: Expected scheme name at index 0: :
-------
feature call (loop) failed at index: 16
caller: classpath:InspireTest/ngr/datasetrecords/def/checkxlinkurl.template.feature
arg: {"link":"E"}
checkxlinkurl.template.feature:14 - 
org.apache.http.client.ClientProtocolException
-------
feature call (loop) failed at index: 17
caller: classpath:InspireTest/ngr/datasetrecords/def/checkxlinkurl.template.feature
arg: {"link":"P"}
checkxlinkurl.template.feature:14 - 
org.apache.http.client.ClientProtocolException
-------
feature call (loop) failed at index: 18
caller: classpath:InspireTest/ngr/datasetrecords/def/checkxlinkurl.template.feature
arg: {"link":"S"}
checkxlinkurl.template.feature:14 - 
org.apache.http.client.ClientProtocolException
-------
feature call (loop) failed at index: 19
caller: classpath:InspireTest/ngr/datasetrecords/def/checkxlinkurl.template.feature
arg: {"link":"G"}
checkxlinkurl.template.feature:14 - 
org.apache.http.client.ClientProtocolException
-------
feature call (loop) failed at index: 20
caller: classpath:InspireTest/ngr/datasetrecords/def/checkxlinkurl.template.feature
arg: {"link":":"}
checkxlinkurl.template.feature:14 - java.net.URISyntaxException: Expected scheme name at index 0: :
-------
feature call (loop) failed at index: 21
caller: classpath:InspireTest/ngr/datasetrecords/def/checkxlinkurl.template.feature
arg: {"link":":"}
checkxlinkurl.template.feature:14 - java.net.URISyntaxException: Expected scheme name at index 0: :
-------
feature call (loop) failed at index: 22
caller: classpath:InspireTest/ngr/datasetrecords/def/checkxlinkurl.template.feature
arg: {"link":"5"}
checkxlinkurl.template.feature:14 - 
org.apache.http.client.ClientProtocolException
-------
feature call (loop) failed at index: 23
caller: classpath:InspireTest/ngr/datasetrecords/def/checkxlinkurl.template.feature
arg: {"link":"6"}
checkxlinkurl.template.feature:14 - 
org.apache.http.client.ClientProtocolException
-------
feature call (loop) failed at index: 24
caller: classpath:InspireTest/ngr/datasetrecords/def/checkxlinkurl.template.feature
arg: {"link":"2"}
checkxlinkurl.template.feature:14 - 
org.apache.http.client.ClientProtocolException
-------
feature call (loop) failed at index: 25
caller: classpath:InspireTest/ngr/datasetrecords/def/checkxlinkurl.template.feature
arg: {"link":"1"}
checkxlinkurl.template.feature:14 - 
org.apache.http.client.ClientProtocolException
[1.115:16] ngr-check-dataset-record.feature:80 - feature call (loop) failed: classpath:InspireTest/ngr/datasetrecords/def/checkxlinkurl.template.feature
caller: classpath:InspireTest/ngr/datasetrecords/ngr-check-dataset-record.feature
items: [{link=https://www.nationaalgeoregister.nl/geonetwork/srv/api/records6c6be9c5-b09b-4dcf-a5fd-f149cbaca6fb}, {link=https://creativecommons.org/publicdomain/zero/*/deed.nl}]
errors:
-------
feature call (loop) failed at index: 0
caller: classpath:InspireTest/ngr/datasetrecords/def/checkxlinkurl.template.feature
arg: {"link":"https://www.nationaalgeoregister.nl/geonetwork/srv/api/records6c6be9c5-b09b-4dcf-a5fd-f149cbaca6fb"}
checkxlinkurl.template.feature:15 - status code was: 500, expected: 200, response time: 323, url: https://www.nationaalgeoregister.nl/geonetwork/srv/api/records6c6be9c5-b09b-4dcf-a5fd-f149cbaca6fb, response: 
-------
feature call (loop) failed at index: 1
caller: classpath:InspireTest/ngr/datasetrecords/def/checkxlinkurl.template.feature
arg: {"link":"https://creativecommons.org/publicdomain/zero/*/deed.nl"}
checkxlinkurl.template.feature:15 - status code was: 404, expected: 200, response time: 38, url: https://creativecommons.org/publicdomain/zero/*/deed.nl, response: 
[1.116:16] ngr-check-dataset-record.feature:80 - feature call (loop) failed: classpath:InspireTest/ngr/datasetrecords/def/checkxlinkurl.template.feature
caller: classpath:InspireTest/ngr/datasetrecords/ngr-check-dataset-record.feature
items: [{link=h}, {link=t}, {link=t}, {link=p}, {link=s}, {link=:}, {link=/}, {link=/}, {link=w}, {link=w}, {link=w}, {link=.}, {link=n}, {link=a}, {link=t}, {link=i}, {link=o}, {link=n}, {link=a}, {link=a}, {link=l}, {link=g}, {link=e}, {link=o}, {link=r}, {link=e}, {link=g}, {link=i}, {link=s}, {link=t}, {link=e}, {link=r}, {link=.}, {link=n}, {link=l}, {link=:}, {link=4}, {link=4}, {link=3}, {link=/}, {link=g}, {link=e}, {link=o}, {link=n}, {link=e}, {link=t}, {link=w}, {link=o}, {link=r}, {link=k}, {link=/}, {link=s}, {link=r}, {link=v}, {link=/}, {link=e}, {link=n}, {link=g}, {link=/}, {link=t}, {link=h}, {link=e}, {link=s}, {link=a}, {link=u}, {link=r}, {link=u}, {link=s}, {link=.}, {link=d}, {link=o}, {link=w}, {link=n}, {link=l}, {link=o}, {link=a}, {link=d}, {link=?}, {link=r}, {link=e}, {link=f}, {link==}, {link=e}, {link=x}, {link=t}, {link=e}, {link=r}, {link=n}, {link=a}, {link=l}, {link=.}, {link=t}, {link=h}, {link=e}, {link=m}, {link=e}, {link=.}, {link=h}, {link=t}, {link=t}, {link=p}, {link=i}, {link=n}, {link=s}, {link=p}, {link=i}, {link=r}, {link=e}, {link=e}, {link=c}, {link=e}, {link=u}, {link=r}, {link=o}, {link=p}, {link=a}, {link=e}, {link=u}, {link=t}, {link=h}, {link=e}, {link=m}, {link=e}, {link=-}, {link=t}, {link=h}, {link=e}, {link=m}, {link=e}]
errors:
-------
feature call (loop) failed at index: 0
caller: classpath:InspireTest/ngr/datasetrecords/def/checkxlinkurl.template.feature
arg: {"link":"h"}
checkxlinkurl.template.feature:14 - 
org.apache.http.client.ClientProtocolException
-------
feature call (loop) failed at index: 1
caller: classpath:InspireTest/ngr/datasetrecords/def/checkxlinkurl.template.feature
arg: {"link":"t"}
checkxlinkurl.template.feature:14 - 
org.apache.http.client.ClientProtocolException
-------
feature call (loop) failed at index: 2
caller: classpath:InspireTest/ngr/datasetrecords/def/checkxlinkurl.template.feature
arg: {"link":"t"}
checkxlinkurl.template.feature:14 - 
org.apache.http.client.ClientProtocolException
-------
feature call (loop) failed at index: 3
caller: classpath:InspireTest/ngr/datasetrecords/def/checkxlinkurl.template.feature
arg: {"link":"p"}
checkxlinkurl.template.feature:14 - 
org.apache.http.client.ClientProtocolException
-------
feature call (loop) failed at index: 4
caller: classpath:InspireTest/ngr/datasetrecords/def/checkxlinkurl.template.feature
arg: {"link":"s"}
checkxlinkurl.template.feature:14 - 
org.apache.http.client.ClientProtocolException
-------
feature call (loop) failed at index: 5
caller: classpath:InspireTest/ngr/datasetrecords/def/checkxlinkurl.template.feature
arg: {"link":":"}
checkxlinkurl.template.feature:14 - java.net.URISyntaxException: Expected scheme name at index 0: :
-------
feature call (loop) failed at index: 6
caller: classpath:InspireTest/ngr/datasetrecords/def/checkxlinkurl.template.feature
arg: {"link":"/"}
checkxlinkurl.template.feature:14 - 
org.apache.http.client.ClientProtocolException
-------
feature call (loop) failed at index: 7
caller: classpath:InspireTest/ngr/datasetrecords/def/checkxlinkurl.template.feature
arg: {"link":"/"}
checkxlinkurl.template.feature:14 - 
org.apache.http.client.ClientProtocolException
-------
feature call (loop) failed at index: 8
caller: classpath:InspireTest/ngr/datasetrecords/def/checkxlinkurl.template.feature
arg: {"link":"w"}
checkxlinkurl.template.feature:14 - 
org.apache.http.client.ClientProtocolException
-------
feature call (loop) failed at index: 9
caller: classpath:InspireTest/ngr/datasetrecords/def/checkxlinkurl.template.feature
arg: {"link":"w"}
checkxlinkurl.template.feature:14 - 
org.apache.http.client.ClientProtocolException
-------
feature call (loop) failed at index: 10
caller: classpath:InspireTest/ngr/datasetrecords/def/checkxlinkurl.template.feature
arg: {"link":"w"}
checkxlinkurl.template.feature:14 - 
org.apache.http.client.ClientProtocolException
-------
feature call (loop) failed at index: 11
caller: classpath:InspireTest/ngr/datasetrecords/def/checkxlinkurl.template.feature
arg: {"link":"."}
checkxlinkurl.template.feature:14 - 
org.apache.http.client.ClientProtocolException
-------
feature call (loop) failed at index: 12
caller: classpath:InspireTest/ngr/datasetrecords/def/checkxlinkurl.template.feature
arg: {"link":"n"}
checkxlinkurl.template.feature:14 - 
org.apache.http.client.ClientProtocolException
-------
feature call (loop) failed at index: 13
caller: classpath:InspireTest/ngr/datasetrecords/def/checkxlinkurl.template.feature
arg: {"link":"a"}
checkxlinkurl.template.feature:14 - 
org.apache.http.client.ClientProtocolException
-------
feature call (loop) failed at index: 14
caller: classpath:InspireTest/ngr/datasetrecords/def/checkxlinkurl.template.feature
arg: {"link":"t"}
checkxlinkurl.template.feature:14 - 
org.apache.http.client.ClientProtocolException
-------
feature call (loop) failed at index: 15
caller: classpath:InspireTest/ngr/datasetrecords/def/checkxlinkurl.template.feature
arg: {"link":"i"}
checkxlinkurl.template.feature:14 - 
org.apache.http.client.ClientProtocolException
-------
feature call (loop) failed at index: 16
caller: classpath:InspireTest/ngr/datasetrecords/def/checkxlinkurl.template.feature
arg: {"link":"o"}
checkxlinkurl.template.feature:14 - 
org.apache.http.client.ClientProtocolException
-------
feature call (loop) failed at index: 17
caller: classpath:InspireTest/ngr/datasetrecords/def/checkxlinkurl.template.feature
arg: {"link":"n"}
checkxlinkurl.template.feature:14 - 
org.apache.http.client.ClientProtocolException
-------
feature call (loop) failed at index: 18
caller: classpath:InspireTest/ngr/datasetrecords/def/checkxlinkurl.template.feature
arg: {"link":"a"}
checkxlinkurl.template.feature:14 - 
org.apache.http.client.ClientProtocolException
-------
feature call (loop) failed at index: 19
caller: classpath:InspireTest/ngr/datasetrecords/def/checkxlinkurl.template.feature
arg: {"link":"a"}
checkxlinkurl.template.feature:14 - 
org.apache.http.client.ClientProtocolException
-------
feature call (loop) failed at index: 20
caller: classpath:InspireTest/ngr/datasetrecords/def/checkxlinkurl.template.feature
arg: {"link":"l"}
checkxlinkurl.template.feature:14 - 
org.apache.http.client.ClientProtocolException
-------
feature call (loop) failed at index: 21
caller: classpath:InspireTest/ngr/datasetrecords/def/checkxlinkurl.template.feature
arg: {"link":"g"}
checkxlinkurl.template.feature:14 - 
org.apache.http.client.ClientProtocolException
-------
feature call (loop) failed at index: 22
caller: classpath:InspireTest/ngr/datasetrecords/def/checkxlinkurl.template.feature
arg: {"link":"e"}
checkxlinkurl.template.feature:14 - 
org.apache.http.client.ClientProtocolException
-------
feature call (loop) failed at index: 23
caller: classpath:InspireTest/ngr/datasetrecords/def/checkxlinkurl.template.feature
arg: {"link":"o"}
checkxlinkurl.template.feature:14 - 
org.apache.http.client.ClientProtocolException
-------
feature call (loop) failed at index: 24
caller: classpath:InspireTest/ngr/datasetrecords/def/checkxlinkurl.template.feature
arg: {"link":"r"}
checkxlinkurl.template.feature:14 - 
org.apache.http.client.ClientProtocolException
-------
feature call (loop) failed at index: 25
caller: classpath:InspireTest/ngr/datasetrecords/def/checkxlinkurl.template.feature
arg: {"link":"e"}
checkxlinkurl.template.feature:14 - 
org.apache.http.client.ClientProtocolException
-------
feature call (loop) failed at index: 26
caller: classpath:InspireTest/ngr/datasetrecords/def/checkxlinkurl.template.feature
arg: {"link":"g"}
checkxlinkurl.template.feature:14 - 
org.apache.http.client.ClientProtocolException
-------
feature call (loop) failed at index: 27
caller: classpath:InspireTest/ngr/datasetrecords/def/checkxlinkurl.template.feature
arg: {"link":"i"}
checkxlinkurl.template.feature:14 - 
org.apache.http.client.ClientProtocolException
-------
feature call (loop) failed at index: 28
caller: classpath:InspireTest/ngr/datasetrecords/def/checkxlinkurl.template.feature
arg: {"link":"s"}
checkxlinkurl.template.feature:14 - 
org.apache.http.client.ClientProtocolException
-------
feature call (loop) failed at index: 29
caller: classpath:InspireTest/ngr/datasetrecords/def/checkxlinkurl.template.feature
arg: {"link":"t"}
checkxlinkurl.template.feature:14 - 
org.apache.http.client.ClientProtocolException
-------
feature call (loop) failed at index: 30
caller: classpath:InspireTest/ngr/datasetrecords/def/checkxlinkurl.template.feature
arg: {"link":"e"}
checkxlinkurl.template.feature:14 - 
org.apache.http.client.ClientProtocolException
-------
feature call (loop) failed at index: 31
caller: classpath:InspireTest/ngr/datasetrecords/def/checkxlinkurl.template.feature
arg: {"link":"r"}
checkxlinkurl.template.feature:14 - 
org.apache.http.client.ClientProtocolException
-------
feature call (loop) failed at index: 32
caller: classpath:InspireTest/ngr/datasetrecords/def/checkxlinkurl.template.feature
arg: {"link":"."}
checkxlinkurl.template.feature:14 - 
org.apache.http.client.ClientProtocolException
-------
feature call (loop) failed at index: 33
caller: classpath:InspireTest/ngr/datasetrecords/def/checkxlinkurl.template.feature
arg: {"link":"n"}
checkxlinkurl.template.feature:14 - 
org.apache.http.client.ClientProtocolException
-------
feature call (loop) failed at index: 34
caller: classpath:InspireTest/ngr/datasetrecords/def/checkxlinkurl.template.feature
arg: {"link":"l"}
checkxlinkurl.template.feature:14 - 
org.apache.http.client.ClientProtocolException
-------
feature call (loop) failed at index: 35
caller: classpath:InspireTest/ngr/datasetrecords/def/checkxlinkurl.template.feature
arg: {"link":":"}
checkxlinkurl.template.feature:14 - java.net.URISyntaxException: Expected scheme name at index 0: :
-------
feature call (loop) failed at index: 36
caller: classpath:InspireTest/ngr/datasetrecords/def/checkxlinkurl.template.feature
arg: {"link":"4"}
checkxlinkurl.template.feature:14 - 
org.apache.http.client.ClientProtocolException
-------
feature call (loop) failed at index: 37
caller: classpath:InspireTest/ngr/datasetrecords/def/checkxlinkurl.template.feature
arg: {"link":"4"}
checkxlinkurl.template.feature:14 - 
org.apache.http.client.ClientProtocolException
-------
feature call (loop) failed at index: 38
caller: classpath:InspireTest/ngr/datasetrecords/def/checkxlinkurl.template.feature
arg: {"link":"3"}
checkxlinkurl.template.feature:14 - 
org.apache.http.client.ClientProtocolException
-------
feature call (loop) failed at index: 39
caller: classpath:InspireTest/ngr/datasetrecords/def/checkxlinkurl.template.feature
arg: {"link":"/"}
checkxlinkurl.template.feature:14 - 
org.apache.http.client.ClientProtocolException
-------
feature call (loop) failed at index: 40
caller: classpath:InspireTest/ngr/datasetrecords/def/checkxlinkurl.template.feature
arg: {"link":"g"}
checkxlinkurl.template.feature:14 - 
org.apache.http.client.ClientProtocolException
-------
feature call (loop) failed at index: 41
caller: classpath:InspireTest/ngr/datasetrecords/def/checkxlinkurl.template.feature
arg: {"link":"e"}
checkxlinkurl.template.feature:14 - 
org.apache.http.client.ClientProtocolException
-------
feature call (loop) failed at index: 42
caller: classpath:InspireTest/ngr/datasetrecords/def/checkxlinkurl.template.feature
arg: {"link":"o"}
checkxlinkurl.template.feature:14 - 
org.apache.http.client.ClientProtocolException
-------
feature call (loop) failed at index: 43
caller: classpath:InspireTest/ngr/datasetrecords/def/checkxlinkurl.template.feature
arg: {"link":"n"}
checkxlinkurl.template.feature:14 - 
org.apache.http.client.ClientProtocolException
-------
feature call (loop) failed at index: 44
caller: classpath:InspireTest/ngr/datasetrecords/def/checkxlinkurl.template.feature
arg: {"link":"e"}
checkxlinkurl.template.feature:14 - 
org.apache.http.client.ClientProtocolException
-------
feature call (loop) failed at index: 45
caller: classpath:InspireTest/ngr/datasetrecords/def/checkxlinkurl.template.feature
arg: {"link":"t"}
checkxlinkurl.template.feature:14 - 
org.apache.http.client.ClientProtocolException
-------
feature call (loop) failed at index: 46
caller: classpath:InspireTest/ngr/datasetrecords/def/checkxlinkurl.template.feature
arg: {"link":"w"}
checkxlinkurl.template.feature:14 - 
org.apache.http.client.ClientProtocolException
-------
feature call (loop) failed at index: 47
caller: classpath:InspireTest/ngr/datasetrecords/def/checkxlinkurl.template.feature
arg: {"link":"o"}
checkxlinkurl.template.feature:14 - 
org.apache.http.client.ClientProtocolException
-------
feature call (loop) failed at index: 48
caller: classpath:InspireTest/ngr/datasetrecords/def/checkxlinkurl.template.feature
arg: {"link":"r"}
checkxlinkurl.template.feature:14 - 
org.apache.http.client.ClientProtocolException
-------
feature call (loop) failed at index: 49
caller: classpath:InspireTest/ngr/datasetrecords/def/checkxlinkurl.template.feature
arg: {"link":"k"}
checkxlinkurl.template.feature:14 - 
org.apache.http.client.ClientProtocolException
-------
feature call (loop) failed at index: 50
caller: classpath:InspireTest/ngr/datasetrecords/def/checkxlinkurl.template.feature
arg: {"link":"/"}
checkxlinkurl.template.feature:14 - 
org.apache.http.client.ClientProtocolException
-------
feature call (loop) failed at index: 51
caller: classpath:InspireTest/ngr/datasetrecords/def/checkxlinkurl.template.feature
arg: {"link":"s"}
checkxlinkurl.template.feature:14 - 
org.apache.http.client.ClientProtocolException
-------
feature call (loop) failed at index: 52
caller: classpath:InspireTest/ngr/datasetrecords/def/checkxlinkurl.template.feature
arg: {"link":"r"}
checkxlinkurl.template.feature:14 - 
org.apache.http.client.ClientProtocolException
-------
feature call (loop) failed at index: 53
caller: classpath:InspireTest/ngr/datasetrecords/def/checkxlinkurl.template.feature
arg: {"link":"v"}
checkxlinkurl.template.feature:14 - 
org.apache.http.client.ClientProtocolException
-------
feature call (loop) failed at index: 54
caller: classpath:InspireTest/ngr/datasetrecords/def/checkxlinkurl.template.feature
arg: {"link":"/"}
checkxlinkurl.template.feature:14 - 
org.apache.http.client.ClientProtocolException
-------
feature call (loop) failed at index: 55
caller: classpath:InspireTest/ngr/datasetrecords/def/checkxlinkurl.template.feature
arg: {"link":"e"}
checkxlinkurl.template.feature:14 - 
org.apache.http.client.ClientProtocolException
-------
feature call (loop) failed at index: 56
caller: classpath:InspireTest/ngr/datasetrecords/def/checkxlinkurl.template.feature
arg: {"link":"n"}
checkxlinkurl.template.feature:14 - 
org.apache.http.client.ClientProtocolException
-------
feature call (loop) failed at index: 57
caller: classpath:InspireTest/ngr/datasetrecords/def/checkxlinkurl.template.feature
arg: {"link":"g"}
checkxlinkurl.template.feature:14 - 
org.apache.http.client.ClientProtocolException
-------
feature call (loop) failed at index: 58
caller: classpath:InspireTest/ngr/datasetrecords/def/checkxlinkurl.template.feature
arg: {"link":"/"}
checkxlinkurl.template.feature:14 - 
org.apache.http.client.ClientProtocolException
-------
feature call (loop) failed at index: 59
caller: classpath:InspireTest/ngr/datasetrecords/def/checkxlinkurl.template.feature
arg: {"link":"t"}
checkxlinkurl.template.feature:14 - 
org.apache.http.client.ClientProtocolException
-------
feature call (loop) failed at index: 60
caller: classpath:InspireTest/ngr/datasetrecords/def/checkxlinkurl.template.feature
arg: {"link":"h"}
checkxlinkurl.template.feature:14 - 
org.apache.http.client.ClientProtocolException
-------
feature call (loop) failed at index: 61
caller: classpath:InspireTest/ngr/datasetrecords/def/checkxlinkurl.template.feature
arg: {"link":"e"}
checkxlinkurl.template.feature:14 - 
org.apache.http.client.ClientProtocolException
-------
feature call (loop) failed at index: 62
caller: classpath:InspireTest/ngr/datasetrecords/def/checkxlinkurl.template.feature
arg: {"link":"s"}
checkxlinkurl.template.feature:14 - 
org.apache.http.client.ClientProtocolException
-------
feature call (loop) failed at index: 63
caller: classpath:InspireTest/ngr/datasetrecords/def/checkxlinkurl.template.feature
arg: {"link":"a"}
checkxlinkurl.template.feature:14 - 
org.apache.http.client.ClientProtocolException
-------
feature call (loop) failed at index: 64
caller: classpath:InspireTest/ngr/datasetrecords/def/checkxlinkurl.template.feature
arg: {"link":"u"}
checkxlinkurl.template.feature:14 - 
org.apache.http.client.ClientProtocolException
-------
feature call (loop) failed at index: 65
caller: classpath:InspireTest/ngr/datasetrecords/def/checkxlinkurl.template.feature
arg: {"link":"r"}
checkxlinkurl.template.feature:14 - 
org.apache.http.client.ClientProtocolException
-------
feature call (loop) failed at index: 66
caller: classpath:InspireTest/ngr/datasetrecords/def/checkxlinkurl.template.feature
arg: {"link":"u"}
checkxlinkurl.template.feature:14 - 
org.apache.http.client.ClientProtocolException
-------
feature call (loop) failed at index: 67
caller: classpath:InspireTest/ngr/datasetrecords/def/checkxlinkurl.template.feature
arg: {"link":"s"}
checkxlinkurl.template.feature:14 - 
org.apache.http.client.ClientProtocolException
-------
feature call (loop) failed at index: 68
caller: classpath:InspireTest/ngr/datasetrecords/def/checkxlinkurl.template.feature
arg: {"link":"."}
checkxlinkurl.template.feature:14 - 
org.apache.http.client.ClientProtocolException
-------
feature call (loop) failed at index: 69
caller: classpath:InspireTest/ngr/datasetrecords/def/checkxlinkurl.template.feature
arg: {"link":"d"}
checkxlinkurl.template.feature:14 - 
org.apache.http.client.ClientProtocolException
-------
feature call (loop) failed at index: 70
caller: classpath:InspireTest/ngr/datasetrecords/def/checkxlinkurl.template.feature
arg: {"link":"o"}
checkxlinkurl.template.feature:14 - 
org.apache.http.client.ClientProtocolException
-------
feature call (loop) failed at index: 71
caller: classpath:InspireTest/ngr/datasetrecords/def/checkxlinkurl.template.feature
arg: {"link":"w"}
checkxlinkurl.template.feature:14 - 
org.apache.http.client.ClientProtocolException
-------
feature call (loop) failed at index: 72
caller: classpath:InspireTest/ngr/datasetrecords/def/checkxlinkurl.template.feature
arg: {"link":"n"}
checkxlinkurl.template.feature:14 - 
org.apache.http.client.ClientProtocolException
-------
feature call (loop) failed at index: 73
caller: classpath:InspireTest/ngr/datasetrecords/def/checkxlinkurl.template.feature
arg: {"link":"l"}
checkxlinkurl.template.feature:14 - 
org.apache.http.client.ClientProtocolException
-------
feature call (loop) failed at index: 74
caller: classpath:InspireTest/ngr/datasetrecords/def/checkxlinkurl.template.feature
arg: {"link":"o"}
checkxlinkurl.template.feature:14 - 
org.apache.http.client.ClientProtocolException
-------
feature call (loop) failed at index: 75
caller: classpath:InspireTest/ngr/datasetrecords/def/checkxlinkurl.template.feature
arg: {"link":"a"}
checkxlinkurl.template.feature:14 - 
org.apache.http.client.ClientProtocolException
-------
feature call (loop) failed at index: 76
caller: classpath:InspireTest/ngr/datasetrecords/def/checkxlinkurl.template.feature
arg: {"link":"d"}
checkxlinkurl.template.feature:14 - 
org.apache.http.client.ClientProtocolException
-------
feature call (loop) failed at index: 77
caller: classpath:InspireTest/ngr/datasetrecords/def/checkxlinkurl.template.feature
arg: {"link":"?"}
checkxlinkurl.template.feature:14 - 
org.apache.http.client.ClientProtocolException
-------
feature call (loop) failed at index: 78
caller: classpath:InspireTest/ngr/datasetrecords/def/checkxlinkurl.template.feature
arg: {"link":"r"}
checkxlinkurl.template.feature:14 - 
org.apache.http.client.ClientProtocolException
-------
feature call (loop) failed at index: 79
caller: classpath:InspireTest/ngr/datasetrecords/def/checkxlinkurl.template.feature
arg: {"link":"e"}
checkxlinkurl.template.feature:14 - 
org.apache.http.client.ClientProtocolException
-------
feature call (loop) failed at index: 80
caller: classpath:InspireTest/ngr/datasetrecords/def/checkxlinkurl.template.feature
arg: {"link":"f"}
checkxlinkurl.template.feature:14 - 
org.apache.http.client.ClientProtocolException
-------
feature call (loop) failed at index: 81
caller: classpath:InspireTest/ngr/datasetrecords/def/checkxlinkurl.template.feature
arg: {"link":"="}
checkxlinkurl.template.feature:14 - 
org.apache.http.client.ClientProtocolException
-------
feature call (loop) failed at index: 82
caller: classpath:InspireTest/ngr/datasetrecords/def/checkxlinkurl.template.feature
arg: {"link":"e"}
checkxlinkurl.template.feature:14 - 
org.apache.http.client.ClientProtocolException
-------
feature call (loop) failed at index: 83
caller: classpath:InspireTest/ngr/datasetrecords/def/checkxlinkurl.template.feature
arg: {"link":"x"}
checkxlinkurl.template.feature:14 - 
org.apache.http.client.ClientProtocolException
-------
feature call (loop) failed at index: 84
caller: classpath:InspireTest/ngr/datasetrecords/def/checkxlinkurl.template.feature
arg: {"link":"t"}
checkxlinkurl.template.feature:14 - 
org.apache.http.client.ClientProtocolException
-------
feature call (loop) failed at index: 85
caller: classpath:InspireTest/ngr/datasetrecords/def/checkxlinkurl.template.feature
arg: {"link":"e"}
checkxlinkurl.template.feature:14 - 
org.apache.http.client.ClientProtocolException
-------
feature call (loop) failed at index: 86
caller: classpath:InspireTest/ngr/datasetrecords/def/checkxlinkurl.template.feature
arg: {"link":"r"}
checkxlinkurl.template.feature:14 - 
org.apache.http.client.ClientProtocolException
-------
feature call (loop) failed at index: 87
caller: classpath:InspireTest/ngr/datasetrecords/def/checkxlinkurl.template.feature
arg: {"link":"n"}
checkxlinkurl.template.feature:14 - 
org.apache.http.client.ClientProtocolException
-------
feature call (loop) failed at index: 88
caller: classpath:InspireTest/ngr/datasetrecords/def/checkxlinkurl.template.feature
arg: {"link":"a"}
checkxlinkurl.template.feature:14 - 
org.apache.http.client.ClientProtocolException
-------
feature call (loop) failed at index: 89
caller: classpath:InspireTest/ngr/datasetrecords/def/checkxlinkurl.template.feature
arg: {"link":"l"}
checkxlinkurl.template.feature:14 - 
org.apache.http.client.ClientProtocolException
-------
feature call (loop) failed at index: 90
caller: classpath:InspireTest/ngr/datasetrecords/def/checkxlinkurl.template.feature
arg: {"link":"."}
checkxlinkurl.template.feature:14 - 
org.apache.http.client.ClientProtocolException
-------
feature call (loop) failed at index: 91
caller: classpath:InspireTest/ngr/datasetrecords/def/checkxlinkurl.template.feature
arg: {"link":"t"}
checkxlinkurl.template.feature:14 - 
org.apache.http.client.ClientProtocolException
-------
feature call (loop) failed at index: 92
caller: classpath:InspireTest/ngr/datasetrecords/def/checkxlinkurl.template.feature
arg: {"link":"h"}
checkxlinkurl.template.feature:14 - 
org.apache.http.client.ClientProtocolException
-------
feature call (loop) failed at index: 93
caller: classpath:InspireTest/ngr/datasetrecords/def/checkxlinkurl.template.feature
arg: {"link":"e"}
checkxlinkurl.template.feature:14 - 
org.apache.http.client.ClientProtocolException
-------
feature call (loop) failed at index: 94
caller: classpath:InspireTest/ngr/datasetrecords/def/checkxlinkurl.template.feature
arg: {"link":"m"}
checkxlinkurl.template.feature:14 - 
org.apache.http.client.ClientProtocolException
-------
feature call (loop) failed at index: 95
caller: classpath:InspireTest/ngr/datasetrecords/def/checkxlinkurl.template.feature
arg: {"link":"e"}
checkxlinkurl.template.feature:14 - 
org.apache.http.client.ClientProtocolException
-------
feature call (loop) failed at index: 96
caller: classpath:InspireTest/ngr/datasetrecords/def/checkxlinkurl.template.feature
arg: {"link":"."}
checkxlinkurl.template.feature:14 - 
org.apache.http.client.ClientProtocolException
-------
feature call (loop) failed at index: 97
caller: classpath:InspireTest/ngr/datasetrecords/def/checkxlinkurl.template.feature
arg: {"link":"h"}
checkxlinkurl.template.feature:14 - 
org.apache.http.client.ClientProtocolException
-------
feature call (loop) failed at index: 98
caller: classpath:InspireTest/ngr/datasetrecords/def/checkxlinkurl.template.feature
arg: {"link":"t"}
checkxlinkurl.template.feature:14 - 
org.apache.http.client.ClientProtocolException
-------
feature call (loop) failed at index: 99
caller: classpath:InspireTest/ngr/datasetrecords/def/checkxlinkurl.template.feature
arg: {"link":"t"}
checkxlinkurl.template.feature:14 - 
org.apache.http.client.ClientProtocolException
-------
feature call (loop) failed at index: 100
caller: classpath:InspireTest/ngr/datasetrecords/def/checkxlinkurl.template.feature
arg: {"link":"p"}
checkxlinkurl.template.feature:14 - 
org.apache.http.client.ClientProtocolException
-------
feature call (loop) failed at index: 101
caller: classpath:InspireTest/ngr/datasetrecords/def/checkxlinkurl.template.feature
arg: {"link":"i"}
checkxlinkurl.template.feature:14 - 
org.apache.http.client.ClientProtocolException
-------
feature call (loop) failed at index: 102
caller: classpath:InspireTest/ngr/datasetrecords/def/checkxlinkurl.template.feature
arg: {"link":"n"}
checkxlinkurl.template.feature:14 - 
org.apache.http.client.ClientProtocolException
-------
feature call (loop) failed at index: 103
caller: classpath:InspireTest/ngr/datasetrecords/def/checkxlinkurl.template.feature
arg: {"link":"s"}
checkxlinkurl.template.feature:14 - 
org.apache.http.client.ClientProtocolException
-------
feature call (loop) failed at index: 104
caller: classpath:InspireTest/ngr/datasetrecords/def/checkxlinkurl.template.feature
arg: {"link":"p"}
checkxlinkurl.template.feature:14 - 
org.apache.http.client.ClientProtocolException
-------
feature call (loop) failed at index: 105
caller: classpath:InspireTest/ngr/datasetrecords/def/checkxlinkurl.template.feature
arg: {"link":"i"}
checkxlinkurl.template.feature:14 - 
org.apache.http.client.ClientProtocolException
-------
feature call (loop) failed at index: 106
caller: classpath:InspireTest/ngr/datasetrecords/def/checkxlinkurl.template.feature
arg: {"link":"r"}
checkxlinkurl.template.feature:14 - 
org.apache.http.client.ClientProtocolException
-------
feature call (loop) failed at index: 107
caller: classpath:InspireTest/ngr/datasetrecords/def/checkxlinkurl.template.feature
arg: {"link":"e"}
checkxlinkurl.template.feature:14 - 
org.apache.http.client.ClientProtocolException
-------
feature call (loop) failed at index: 108
caller: classpath:InspireTest/ngr/datasetrecords/def/checkxlinkurl.template.feature
arg: {"link":"e"}
checkxlinkurl.template.feature:14 - 
org.apache.http.client.ClientProtocolException
-------
feature call (loop) failed at index: 109
caller: classpath:InspireTest/ngr/datasetrecords/def/checkxlinkurl.template.feature
arg: {"link":"c"}
checkxlinkurl.template.feature:14 - 
org.apache.http.client.ClientProtocolException
-------
feature call (loop) failed at index: 110
caller: classpath:InspireTest/ngr/datasetrecords/def/checkxlinkurl.template.feature
arg: {"link":"e"}
checkxlinkurl.template.feature:14 - 
org.apache.http.client.ClientProtocolException
-------
feature call (loop) failed at index: 111
caller: classpath:InspireTest/ngr/datasetrecords/def/checkxlinkurl.template.feature
arg: {"link":"u"}
checkxlinkurl.template.feature:14 - 
org.apache.http.client.ClientProtocolException
-------
feature call (loop) failed at index: 112
caller: classpath:InspireTest/ngr/datasetrecords/def/checkxlinkurl.template.feature
arg: {"link":"r"}
checkxlinkurl.template.feature:14 - 
org.apache.http.client.ClientProtocolException
-------
feature call (loop) failed at index: 113
caller: classpath:InspireTest/ngr/datasetrecords/def/checkxlinkurl.template.feature
arg: {"link":"o"}
checkxlinkurl.template.feature:14 - 
org.apache.http.client.ClientProtocolException
-------
feature call (loop) failed at index: 114
caller: classpath:InspireTest/ngr/datasetrecords/def/checkxlinkurl.template.feature
arg: {"link":"p"}
checkxlinkurl.template.feature:14 - 
org.apache.http.client.ClientProtocolException
-------
feature call (loop) failed at index: 115
caller: classpath:InspireTest/ngr/datasetrecords/def/checkxlinkurl.template.feature
arg: {"link":"a"}
checkxlinkurl.template.feature:14 - 
org.apache.http.client.ClientProtocolException
-------
feature call (loop) failed at index: 116
caller: classpath:InspireTest/ngr/datasetrecords/def/checkxlinkurl.template.feature
arg: {"link":"e"}
checkxlinkurl.template.feature:14 - 
org.apache.http.client.ClientProtocolException
-------
feature call (loop) failed at index: 117
caller: classpath:InspireTest/ngr/datasetrecords/def/checkxlinkurl.template.feature
arg: {"link":"u"}
checkxlinkurl.template.feature:14 - 
org.apache.http.client.ClientProtocolException
-------
feature call (loop) failed at index: 118
caller: classpath:InspireTest/ngr/datasetrecords/def/checkxlinkurl.template.feature
arg: {"link":"t"}
checkxlinkurl.template.feature:14 - 
org.apache.http.client.ClientProtocolException
-------
feature call (loop) failed at index: 119
caller: classpath:InspireTest/ngr/datasetrecords/def/checkxlinkurl.template.feature
arg: {"link":"h"}
checkxlinkurl.template.feature:14 - 
org.apache.http.client.ClientProtocolException
-------
feature call (loop) failed at index: 120
caller: classpath:InspireTest/ngr/datasetrecords/def/checkxlinkurl.template.feature
arg: {"link":"e"}
checkxlinkurl.template.feature:14 - 
org.apache.http.client.ClientProtocolException
-------
feature call (loop) failed at index: 121
caller: classpath:InspireTest/ngr/datasetrecords/def/checkxlinkurl.template.feature
arg: {"link":"m"}
checkxlinkurl.template.feature:14 - 
org.apache.http.client.ClientProtocolException
-------
feature call (loop) failed at index: 122
caller: classpath:InspireTest/ngr/datasetrecords/def/checkxlinkurl.template.feature
arg: {"link":"e"}
checkxlinkurl.template.feature:14 - 
org.apache.http.client.ClientProtocolException
-------
feature call (loop) failed at index: 123
caller: classpath:InspireTest/ngr/datasetrecords/def/checkxlinkurl.template.feature
arg: {"link":"-"}
checkxlinkurl.template.feature:14 - 
org.apache.http.client.ClientProtocolException
-------
feature call (loop) failed at index: 124
caller: classpath:InspireTest/ngr/datasetrecords/def/checkxlinkurl.template.feature
arg: {"link":"t"}
checkxlinkurl.template.feature:14 - 
org.apache.http.client.ClientProtocolException
-------
feature call (loop) failed at index: 125
caller: classpath:InspireTest/ngr/datasetrecords/def/checkxlinkurl.template.feature
arg: {"link":"h"}
checkxlinkurl.template.feature:14 - 
org.apache.http.client.ClientProtocolException
-------
feature call (loop) failed at index: 126
caller: classpath:InspireTest/ngr/datasetrecords/def/checkxlinkurl.template.feature
arg: {"link":"e"}
checkxlinkurl.template.feature:14 - 
org.apache.http.client.ClientProtocolException
-------
feature call (loop) failed at index: 127
caller: classpath:InspireTest/ngr/datasetrecords/def/checkxlinkurl.template.feature
arg: {"link":"m"}
checkxlinkurl.template.feature:14 - 
org.apache.http.client.ClientProtocolException
-------
feature call (loop) failed at index: 128
caller: classpath:InspireTest/ngr/datasetrecords/def/checkxlinkurl.template.feature
arg: {"link":"e"}
checkxlinkurl.template.feature:14 - 
org.apache.http.client.ClientProtocolException
[1.117:16] ngr-check-dataset-record.feature:80 - feature call (loop) failed: classpath:InspireTest/ngr/datasetrecords/def/checkxlinkurl.template.feature
caller: classpath:InspireTest/ngr/datasetrecords/ngr-check-dataset-record.feature
items: [{link=}]
errors:
-------
feature call (loop) failed at index: 0
caller: classpath:InspireTest/ngr/datasetrecords/def/checkxlinkurl.template.feature
arg: {"link":""}
checkxlinkurl.template.feature:14 - 
org.apache.http.client.ClientProtocolException
[1.119:16] ngr-check-dataset-record.feature:80 - feature call (loop) failed: classpath:InspireTest/ngr/datasetrecords/def/checkxlinkurl.template.feature
caller: classpath:InspireTest/ngr/datasetrecords/ngr-check-dataset-record.feature
items: [{link=https://www.nationaalgeoregister.nl/geonetwork/srv/dut/catalog.search#/metadata/eu-2c7040b-c448-451b-bf15-f2416ecaadd1}, {link=http://rdfdata.eionet.europa.eu/inspirethemes/themes/7}, {link=urn:ogc:def:crs:EPSG::5709}]
errors:
-------
feature call (loop) failed at index: 1
caller: classpath:InspireTest/ngr/datasetrecords/def/checkxlinkurl.template.feature
arg: {"link":"http://rdfdata.eionet.europa.eu/inspirethemes/themes/7"}
checkxlinkurl.template.feature:15 - status code was: 404, expected: 200, response time: 200, url: http://rdfdata.eionet.europa.eu/inspirethemes/themes/7, response: 
-------
feature call (loop) failed at index: 2
caller: classpath:InspireTest/ngr/datasetrecords/def/checkxlinkurl.template.feature
arg: {"link":"urn:ogc:def:crs:EPSG::5709"}
checkxlinkurl.template.feature:14 - 
org.apache.http.client.ClientProtocolException: URI does not specify a valid host name: urn:ogc:def:crs:EPSG::5709
[1.120:16] ngr-check-dataset-record.feature:80 - feature call (loop) failed: classpath:InspireTest/ngr/datasetrecords/def/checkxlinkurl.template.feature
caller: classpath:InspireTest/ngr/datasetrecords/ngr-check-dataset-record.feature
items: [{link=http://inspire.rdw.nl/www/download/Licentie-Geogedeeld-RDW.pdf}, {link=}]
errors:
-------
feature call (loop) failed at index: 1
caller: classpath:InspireTest/ngr/datasetrecords/def/checkxlinkurl.template.feature
arg: {"link":""}
checkxlinkurl.template.feature:14 - 
org.apache.http.client.ClientProtocolException
[1.121:16] ngr-check-dataset-record.feature:80 - feature call (loop) failed: classpath:InspireTest/ngr/datasetrecords/def/checkxlinkurl.template.feature
caller: classpath:InspireTest/ngr/datasetrecords/ngr-check-dataset-record.feature
items: [{link=http://www.opengis.net/def/crs/EPSG/0/https://www.opengis.net/def/crs/EPSG/0/4258}, {link=https://ngr.acceptatie.nationaalgeoregister.nl/geonetwork/srv/resourcesd7ab6903-1152-450b-b81d-042682dcfd03}]
errors:
-------
feature call (loop) failed at index: 1
caller: classpath:InspireTest/ngr/datasetrecords/def/checkxlinkurl.template.feature
arg: {"link":"https://ngr.acceptatie.nationaalgeoregister.nl/geonetwork/srv/resourcesd7ab6903-1152-450b-b81d-042682dcfd03"}
checkxlinkurl.template.feature:15 - status code was: 404, expected: 200, response time: 282, url: https://ngr.acceptatie.nationaalgeoregister.nl/geonetwork/srv/resourcesd7ab6903-1152-450b-b81d-042682dcfd03, response: 
[1.123:16] ngr-check-dataset-record.feature:80 - feature call (loop) failed: classpath:InspireTest/ngr/datasetrecords/def/checkxlinkurl.template.feature
caller: classpath:InspireTest/ngr/datasetrecords/ngr-check-dataset-record.feature
items: [{link=http://nationaalgeoregister.nl/geonetwork/srv/dut/csw?SERVICE=CSW&version=2.0.2&REQUEST=GetRecordById&elementSetName=full&OutputSchema=http://www.isotc211.org/2005/gmd&ID=2daad588-11ef-47de-9832-6fe2c3b93e6d}, {link=https://creativecommons.org/publicdomain/mark/*/deed.nl}, {link=}]
errors:
-------
feature call (loop) failed at index: 1
caller: classpath:InspireTest/ngr/datasetrecords/def/checkxlinkurl.template.feature
arg: {"link":"https://creativecommons.org/publicdomain/mark/*/deed.nl"}
checkxlinkurl.template.feature:15 - status code was: 404, expected: 200, response time: 30, url: https://creativecommons.org/publicdomain/mark/*/deed.nl, response: 
-------
feature call (loop) failed at index: 2
caller: classpath:InspireTest/ngr/datasetrecords/def/checkxlinkurl.template.feature
arg: {"link":""}
checkxlinkurl.template.feature:14 - 
org.apache.http.client.ClientProtocolException
[1.124:16] ngr-check-dataset-record.feature:80 - feature call (loop) failed: classpath:InspireTest/ngr/datasetrecords/def/checkxlinkurl.template.feature
caller: classpath:InspireTest/ngr/datasetrecords/ngr-check-dataset-record.feature
items: [{link=}]
errors:
-------
feature call (loop) failed at index: 0
caller: classpath:InspireTest/ngr/datasetrecords/def/checkxlinkurl.template.feature
arg: {"link":""}
checkxlinkurl.template.feature:14 - 
org.apache.http.client.ClientProtocolException
[1.125:16] ngr-check-dataset-record.feature:80 - feature call (loop) failed: classpath:InspireTest/ngr/datasetrecords/def/checkxlinkurl.template.feature
caller: classpath:InspireTest/ngr/datasetrecords/ngr-check-dataset-record.feature
items: [{link=https://www.nationaalgeoregister.nl/geonetwork/srv/dut/catalog.search#/metadata/wt-f5eb-b09f-4f6d-8397-8878a1b86238}, {link=http://rdfdata.eionet.europa.eu/inspirethemes/themes/18}, {link=https://ngr.geocat.live/geonetwork/srv/eng/thesaurus.download?ref=external.theme.httpinspireeceuropaeumetadatacodelistPrioritydataset-Prioritydataset}]
errors:
-------
feature call (loop) failed at index: 1
caller: classpath:InspireTest/ngr/datasetrecords/def/checkxlinkurl.template.feature
arg: {"link":"http://rdfdata.eionet.europa.eu/inspirethemes/themes/18"}
checkxlinkurl.template.feature:15 - status code was: 404, expected: 200, response time: 214, url: http://rdfdata.eionet.europa.eu/inspirethemes/themes/18, response: 
-------
feature call (loop) failed at index: 2
caller: classpath:InspireTest/ngr/datasetrecords/def/checkxlinkurl.template.feature
arg: {"link":"https://ngr.geocat.live/geonetwork/srv/eng/thesaurus.download?ref=external.theme.httpinspireeceuropaeumetadatacodelistPrioritydataset-Prioritydataset"}
checkxlinkurl.template.feature:15 - status code was: 500, expected: 200, response time: 306, url: https://ngr.geocat.live/geonetwork/srv/eng/thesaurus.download?ref=external.theme.httpinspireeceuropaeumetadatacodelistPrioritydataset-Prioritydataset, response: 
[1.126:16] ngr-check-dataset-record.feature:80 - feature call (loop) failed: classpath:InspireTest/ngr/datasetrecords/def/checkxlinkurl.template.feature
caller: classpath:InspireTest/ngr/datasetrecords/ngr-check-dataset-record.feature
items: [{link=https://www.nationaalgeoregister.nl/geonetwork/srv/dut/catalog.search#/metadata/wt-3730-e750-485a-9c0c-39bf9be72cf9}, {link=http://rdfdata.eionet.europa.eu/inspirethemes/themes/18}, {link=https://ngr.geocat.live/geonetwork/srv/eng/thesaurus.download?ref=external.theme.httpinspireeceuropaeumetadatacodelistPrioritydataset-Prioritydataset}]
errors:
-------
feature call (loop) failed at index: 1
caller: classpath:InspireTest/ngr/datasetrecords/def/checkxlinkurl.template.feature
arg: {"link":"http://rdfdata.eionet.europa.eu/inspirethemes/themes/18"}
checkxlinkurl.template.feature:15 - status code was: 404, expected: 200, response time: 200, url: http://rdfdata.eionet.europa.eu/inspirethemes/themes/18, response: 
-------
feature call (loop) failed at index: 2
caller: classpath:InspireTest/ngr/datasetrecords/def/checkxlinkurl.template.feature
arg: {"link":"https://ngr.geocat.live/geonetwork/srv/eng/thesaurus.download?ref=external.theme.httpinspireeceuropaeumetadatacodelistPrioritydataset-Prioritydataset"}
checkxlinkurl.template.feature:15 - status code was: 500, expected: 200, response time: 312, url: https://ngr.geocat.live/geonetwork/srv/eng/thesaurus.download?ref=external.theme.httpinspireeceuropaeumetadatacodelistPrioritydataset-Prioritydataset, response: 
[1.127:16] ngr-check-dataset-record.feature:80 - feature call (loop) failed: classpath:InspireTest/ngr/datasetrecords/def/checkxlinkurl.template.feature
caller: classpath:InspireTest/ngr/datasetrecords/ngr-check-dataset-record.feature
items: [{link=http://www.opengis.net/def/crs/EPSG/0/http://www.opengis.net/def/crs/EPSG/0/3034}, {link=http://nationaalgeoregister.nl/geonetwork/srv/dut/csw?SERVICE=CSW&version=2.0.2&REQUEST=GetRecordById&elementSetName=full&OutputSchema=http://www.isotc211.org/2005/gmd&ID=ca94a0cb-7561-4a10-a7d6-b840e56c33ff}, {link=https://creativecommons.org/publicdomain/mark/*/deed.nl}, {link=}]
errors:
-------
feature call (loop) failed at index: 2
caller: classpath:InspireTest/ngr/datasetrecords/def/checkxlinkurl.template.feature
arg: {"link":"https://creativecommons.org/publicdomain/mark/*/deed.nl"}
checkxlinkurl.template.feature:15 - status code was: 404, expected: 200, response time: 36, url: https://creativecommons.org/publicdomain/mark/*/deed.nl, response: 
-------
feature call (loop) failed at index: 3
caller: classpath:InspireTest/ngr/datasetrecords/def/checkxlinkurl.template.feature
arg: {"link":""}
checkxlinkurl.template.feature:14 - 
org.apache.http.client.ClientProtocolException
[1.128:16] ngr-check-dataset-record.feature:80 - feature call (loop) failed: classpath:InspireTest/ngr/datasetrecords/def/checkxlinkurl.template.feature
caller: classpath:InspireTest/ngr/datasetrecords/ngr-check-dataset-record.feature
items: [{link=http://www.opengis.net/def/crs/EPSG/0/http://www.opengis.net/def/crs/EPSG/0/3034}, {link=http://nationaalgeoregister.nl/geonetwork/srv/dut/csw?SERVICE=CSW&version=2.0.2&REQUEST=GetRecordById&elementSetName=full&OutputSchema=http://www.isotc211.org/2005/gmd&ID=998ba1dc-f6a6-49a3-a021-51f30d9b1d0e}, {link=https://creativecommons.org/publicdomain/mark/*/deed.nl}, {link=}]
errors:
-------
feature call (loop) failed at index: 2
caller: classpath:InspireTest/ngr/datasetrecords/def/checkxlinkurl.template.feature
arg: {"link":"https://creativecommons.org/publicdomain/mark/*/deed.nl"}
checkxlinkurl.template.feature:15 - status code was: 404, expected: 200, response time: 37, url: https://creativecommons.org/publicdomain/mark/*/deed.nl, response: 
-------
feature call (loop) failed at index: 3
caller: classpath:InspireTest/ngr/datasetrecords/def/checkxlinkurl.template.feature
arg: {"link":""}
checkxlinkurl.template.feature:14 - 
org.apache.http.client.ClientProtocolException
[1.129:16] ngr-check-dataset-record.feature:80 - feature call (loop) failed: classpath:InspireTest/ngr/datasetrecords/def/checkxlinkurl.template.feature
caller: classpath:InspireTest/ngr/datasetrecords/ngr-check-dataset-record.feature
items: [{link=http://www.opengis.net/def/crs/EPSG/0/http://www.opengis.net/def/crs/EPSG/0/3034}, {link=http://nationaalgeoregister.nl/geonetwork/srv/dut/csw?SERVICE=CSW&version=2.0.2&REQUEST=GetRecordById&elementSetName=full&OutputSchema=http://www.isotc211.org/2005/gmd&ID=c7d8d77b-8c47-4309-8c58-9b12b086407f}, {link=https://creativecommons.org/publicdomain/mark/*/deed.nl}, {link=}]
errors:
-------
feature call (loop) failed at index: 2
caller: classpath:InspireTest/ngr/datasetrecords/def/checkxlinkurl.template.feature
arg: {"link":"https://creativecommons.org/publicdomain/mark/*/deed.nl"}
checkxlinkurl.template.feature:15 - status code was: 404, expected: 200, response time: 35, url: https://creativecommons.org/publicdomain/mark/*/deed.nl, response: 
-------
feature call (loop) failed at index: 3
caller: classpath:InspireTest/ngr/datasetrecords/def/checkxlinkurl.template.feature
arg: {"link":""}
checkxlinkurl.template.feature:14 - 
org.apache.http.client.ClientProtocolException
[1.130:16] ngr-check-dataset-record.feature:80 - feature call (loop) failed: classpath:InspireTest/ngr/datasetrecords/def/checkxlinkurl.template.feature
caller: classpath:InspireTest/ngr/datasetrecords/ngr-check-dataset-record.feature
items: [{link=https://www.nationaalgeoregister.nl/geonetwork/srv/dut/catalog.search#/metadata/10f9ec6-4464-462e-9765-83d90cefbeab}, {link=http://rdfdata.eionet.europa.eu/inspirethemes/themes/24}, {link=https://ngr.geocat.live/geonetwork/srv/eng/thesaurus.download?ref=external.theme.httpinspireeceuropaeumetadatacodelistPrioritydataset-Prioritydataset}, {link=urn:ogc:def:crs:EPSG::5709}]
errors:
-------
feature call (loop) failed at index: 1
caller: classpath:InspireTest/ngr/datasetrecords/def/checkxlinkurl.template.feature
arg: {"link":"http://rdfdata.eionet.europa.eu/inspirethemes/themes/24"}
checkxlinkurl.template.feature:15 - status code was: 404, expected: 200, response time: 384, url: http://rdfdata.eionet.europa.eu/inspirethemes/themes/24, response: 
-------
feature call (loop) failed at index: 2
caller: classpath:InspireTest/ngr/datasetrecords/def/checkxlinkurl.template.feature
arg: {"link":"https://ngr.geocat.live/geonetwork/srv/eng/thesaurus.download?ref=external.theme.httpinspireeceuropaeumetadatacodelistPrioritydataset-Prioritydataset"}
checkxlinkurl.template.feature:15 - status code was: 500, expected: 200, response time: 529, url: https://ngr.geocat.live/geonetwork/srv/eng/thesaurus.download?ref=external.theme.httpinspireeceuropaeumetadatacodelistPrioritydataset-Prioritydataset, response: 
-------
feature call (loop) failed at index: 3
caller: classpath:InspireTest/ngr/datasetrecords/def/checkxlinkurl.template.feature
arg: {"link":"urn:ogc:def:crs:EPSG::5709"}
checkxlinkurl.template.feature:14 - 
org.apache.http.client.ClientProtocolException: URI does not specify a valid host name: urn:ogc:def:crs:EPSG::5709
[1.131:16] ngr-check-dataset-record.feature:80 - feature call (loop) failed: classpath:InspireTest/ngr/datasetrecords/def/checkxlinkurl.template.feature
caller: classpath:InspireTest/ngr/datasetrecords/ngr-check-dataset-record.feature
items: [{link=https://www.nationaalgeoregister.nl/geonetwork/srv/dut/catalog.search#/metadata/2e31680f-68b5-4ff3-94a4-9c24109ffd5e}, {link=http://rdfdata.eionet.europa.eu/inspirethemes/themes/24}, {link=https://ngr.geocat.live/geonetwork/srv/eng/thesaurus.download?ref=external.theme.httpinspireeceuropaeumetadatacodelistPrioritydataset-Prioritydataset}, {link=urn:ogc:def:crs:EPSG::5709}]
errors:
-------
feature call (loop) failed at index: 1
caller: classpath:InspireTest/ngr/datasetrecords/def/checkxlinkurl.template.feature
arg: {"link":"http://rdfdata.eionet.europa.eu/inspirethemes/themes/24"}
checkxlinkurl.template.feature:15 - status code was: 404, expected: 200, response time: 200, url: http://rdfdata.eionet.europa.eu/inspirethemes/themes/24, response: 
-------
feature call (loop) failed at index: 2
caller: classpath:InspireTest/ngr/datasetrecords/def/checkxlinkurl.template.feature
arg: {"link":"https://ngr.geocat.live/geonetwork/srv/eng/thesaurus.download?ref=external.theme.httpinspireeceuropaeumetadatacodelistPrioritydataset-Prioritydataset"}
checkxlinkurl.template.feature:15 - status code was: 500, expected: 200, response time: 427, url: https://ngr.geocat.live/geonetwork/srv/eng/thesaurus.download?ref=external.theme.httpinspireeceuropaeumetadatacodelistPrioritydataset-Prioritydataset, response: 
-------
feature call (loop) failed at index: 3
caller: classpath:InspireTest/ngr/datasetrecords/def/checkxlinkurl.template.feature
arg: {"link":"urn:ogc:def:crs:EPSG::5709"}
checkxlinkurl.template.feature:14 - 
org.apache.http.client.ClientProtocolException: URI does not specify a valid host name: urn:ogc:def:crs:EPSG::5709
[1.132:16] ngr-check-dataset-record.feature:80 - feature call (loop) failed: classpath:InspireTest/ngr/datasetrecords/def/checkxlinkurl.template.feature
caller: classpath:InspireTest/ngr/datasetrecords/ngr-check-dataset-record.feature
items: [{link=https://www.nationaalgeoregister.nl/geonetwork/srv/dut/catalog.search#/metadata/622a632a-c57b-44a2-83a4-e51223d5f15g}, {link=http://rdfdata.eionet.europa.eu/inspirethemes/themes/24}, {link=https://ngr.geocat.live/geonetwork/srv/eng/thesaurus.download?ref=external.theme.httpinspireeceuropaeumetadatacodelistPrioritydataset-Prioritydataset}, {link=urn:ogc:def:crs:EPSG::5709}]
errors:
-------
feature call (loop) failed at index: 1
caller: classpath:InspireTest/ngr/datasetrecords/def/checkxlinkurl.template.feature
arg: {"link":"http://rdfdata.eionet.europa.eu/inspirethemes/themes/24"}
checkxlinkurl.template.feature:15 - status code was: 404, expected: 200, response time: 202, url: http://rdfdata.eionet.europa.eu/inspirethemes/themes/24, response: 
-------
feature call (loop) failed at index: 2
caller: classpath:InspireTest/ngr/datasetrecords/def/checkxlinkurl.template.feature
arg: {"link":"https://ngr.geocat.live/geonetwork/srv/eng/thesaurus.download?ref=external.theme.httpinspireeceuropaeumetadatacodelistPrioritydataset-Prioritydataset"}
checkxlinkurl.template.feature:15 - status code was: 500, expected: 200, response time: 417, url: https://ngr.geocat.live/geonetwork/srv/eng/thesaurus.download?ref=external.theme.httpinspireeceuropaeumetadatacodelistPrioritydataset-Prioritydataset, response: 
-------
feature call (loop) failed at index: 3
caller: classpath:InspireTest/ngr/datasetrecords/def/checkxlinkurl.template.feature
arg: {"link":"urn:ogc:def:crs:EPSG::5709"}
checkxlinkurl.template.feature:14 - 
org.apache.http.client.ClientProtocolException: URI does not specify a valid host name: urn:ogc:def:crs:EPSG::5709
[1.133:16] ngr-check-dataset-record.feature:80 - feature call (loop) failed: classpath:InspireTest/ngr/datasetrecords/def/checkxlinkurl.template.feature
caller: classpath:InspireTest/ngr/datasetrecords/ngr-check-dataset-record.feature
items: [{link=https://www.nationaalgeoregister.nl/geonetwork/srv/dut/catalog.search#/metadata/krw-f7bb2351-9788-42ea-a58b-a5ee1842304e}, {link=http://rdfdata.eionet.europa.eu/inspirethemes/themes/24}, {link=https://ngr.geocat.live/geonetwork/srv/eng/thesaurus.download?ref=external.theme.httpinspireeceuropaeumetadatacodelistPrioritydataset-Prioritydataset}, {link=urn:ogc:def:crs:EPSG::5709}]
errors:
-------
feature call (loop) failed at index: 1
caller: classpath:InspireTest/ngr/datasetrecords/def/checkxlinkurl.template.feature
arg: {"link":"http://rdfdata.eionet.europa.eu/inspirethemes/themes/24"}
checkxlinkurl.template.feature:15 - status code was: 404, expected: 200, response time: 202, url: http://rdfdata.eionet.europa.eu/inspirethemes/themes/24, response: 
-------
feature call (loop) failed at index: 2
caller: classpath:InspireTest/ngr/datasetrecords/def/checkxlinkurl.template.feature
arg: {"link":"https://ngr.geocat.live/geonetwork/srv/eng/thesaurus.download?ref=external.theme.httpinspireeceuropaeumetadatacodelistPrioritydataset-Prioritydataset"}
checkxlinkurl.template.feature:15 - status code was: 500, expected: 200, response time: 427, url: https://ngr.geocat.live/geonetwork/srv/eng/thesaurus.download?ref=external.theme.httpinspireeceuropaeumetadatacodelistPrioritydataset-Prioritydataset, response: 
-------
feature call (loop) failed at index: 3
caller: classpath:InspireTest/ngr/datasetrecords/def/checkxlinkurl.template.feature
arg: {"link":"urn:ogc:def:crs:EPSG::5709"}
checkxlinkurl.template.feature:14 - 
org.apache.http.client.ClientProtocolException: URI does not specify a valid host name: urn:ogc:def:crs:EPSG::5709
[1.134:16] ngr-check-dataset-record.feature:80 - feature call (loop) failed: classpath:InspireTest/ngr/datasetrecords/def/checkxlinkurl.template.feature
caller: classpath:InspireTest/ngr/datasetrecords/ngr-check-dataset-record.feature
items: [{link=https://www.nationaalgeoregister.nl/geonetwork/srv/dut/catalog.search#/metadata/a1960e70-22f4-4fd9-91a8-b605c6ceda3e}, {link=http://rdfdata.eionet.europa.eu/inspirethemes/themes/24}, {link=https://ngr.geocat.live/geonetwork/srv/eng/thesaurus.download?ref=external.theme.httpinspireeceuropaeumetadatacodelistPrioritydataset-Prioritydataset}]
errors:
-------
feature call (loop) failed at index: 1
caller: classpath:InspireTest/ngr/datasetrecords/def/checkxlinkurl.template.feature
arg: {"link":"http://rdfdata.eionet.europa.eu/inspirethemes/themes/24"}
checkxlinkurl.template.feature:15 - status code was: 404, expected: 200, response time: 203, url: http://rdfdata.eionet.europa.eu/inspirethemes/themes/24, response: 
-------
feature call (loop) failed at index: 2
caller: classpath:InspireTest/ngr/datasetrecords/def/checkxlinkurl.template.feature
arg: {"link":"https://ngr.geocat.live/geonetwork/srv/eng/thesaurus.download?ref=external.theme.httpinspireeceuropaeumetadatacodelistPrioritydataset-Prioritydataset"}
checkxlinkurl.template.feature:15 - status code was: 500, expected: 200, response time: 319, url: https://ngr.geocat.live/geonetwork/srv/eng/thesaurus.download?ref=external.theme.httpinspireeceuropaeumetadatacodelistPrioritydataset-Prioritydataset, response: 
[1.135:16] ngr-check-dataset-record.feature:80 - feature call (loop) failed: classpath:InspireTest/ngr/datasetrecords/def/checkxlinkurl.template.feature
caller: classpath:InspireTest/ngr/datasetrecords/ngr-check-dataset-record.feature
items: [{link=https://www.nationaalgeoregister.nl/geonetwork/srv/dut/catalog.search#/metadata/110f9ec6-4464-462e-9765-83d90cefbead}, {link=http://rdfdata.eionet.europa.eu/inspirethemes/themes/24}, {link=https://ngr.geocat.live/geonetwork/srv/eng/thesaurus.download?ref=external.theme.httpinspireeceuropaeumetadatacodelistPrioritydataset-Prioritydataset}]
errors:
-------
feature call (loop) failed at index: 1
caller: classpath:InspireTest/ngr/datasetrecords/def/checkxlinkurl.template.feature
arg: {"link":"http://rdfdata.eionet.europa.eu/inspirethemes/themes/24"}
checkxlinkurl.template.feature:15 - status code was: 404, expected: 200, response time: 240, url: http://rdfdata.eionet.europa.eu/inspirethemes/themes/24, response: 
-------
feature call (loop) failed at index: 2
caller: classpath:InspireTest/ngr/datasetrecords/def/checkxlinkurl.template.feature
arg: {"link":"https://ngr.geocat.live/geonetwork/srv/eng/thesaurus.download?ref=external.theme.httpinspireeceuropaeumetadatacodelistPrioritydataset-Prioritydataset"}
checkxlinkurl.template.feature:15 - status code was: 500, expected: 200, response time: 313, url: https://ngr.geocat.live/geonetwork/srv/eng/thesaurus.download?ref=external.theme.httpinspireeceuropaeumetadatacodelistPrioritydataset-Prioritydataset, response: 
[1.136:16] ngr-check-dataset-record.feature:80 - feature call (loop) failed: classpath:InspireTest/ngr/datasetrecords/def/checkxlinkurl.template.feature
caller: classpath:InspireTest/ngr/datasetrecords/ngr-check-dataset-record.feature
items: [{link=http://kadaster/e2318c58-b1e6-4621-9c77-33b8a1fd0124}]
errors:
-------
feature call (loop) failed at index: 0
caller: classpath:InspireTest/ngr/datasetrecords/def/checkxlinkurl.template.feature
arg: {"link":"http://kadaster/e2318c58-b1e6-4621-9c77-33b8a1fd0124"}
checkxlinkurl.template.feature:14 - 
java.net.UnknownHostException: kadaster: Temporary failure in name resolution
[1.137:16] ngr-check-dataset-record.feature:80 - feature call (loop) failed: classpath:InspireTest/ngr/datasetrecords/def/checkxlinkurl.template.feature
caller: classpath:InspireTest/ngr/datasetrecords/ngr-check-dataset-record.feature
items: [{link=http://www.opengis.net/def/crs/EPSG/0/https://www.opengis.net/def/crs/EPSG/0/4258}, {link=https://www.nationaalgeoregister.nl/geonetwork/srv/api/recordsbb11be63-bd38-4632-bf54-df44c423a529}]
errors:
-------
feature call (loop) failed at index: 1
caller: classpath:InspireTest/ngr/datasetrecords/def/checkxlinkurl.template.feature
arg: {"link":"https://www.nationaalgeoregister.nl/geonetwork/srv/api/recordsbb11be63-bd38-4632-bf54-df44c423a529"}
checkxlinkurl.template.feature:15 - status code was: 500, expected: 200, response time: 434, url: https://www.nationaalgeoregister.nl/geonetwork/srv/api/recordsbb11be63-bd38-4632-bf54-df44c423a529, response: 
[1.138:16] ngr-check-dataset-record.feature:48 - xpath does not exist: /GetRecordByIdResponse//@href on response
[1.139:16] ngr-check-dataset-record.feature:80 - feature call (loop) failed: classpath:InspireTest/ngr/datasetrecords/def/checkxlinkurl.template.feature
caller: classpath:InspireTest/ngr/datasetrecords/ngr-check-dataset-record.feature
items: [{link=https://www.nationaalgeoregister.nl/geonetwork/srv/dut/catalog.search#/metadata/krw2006-c57b-44a2-83a4-e51223d5f15g}, {link=http://rdfdata.eionet.europa.eu/inspirethemes/themes/24}, {link=https://ngr.geocat.live/geonetwork/srv/eng/thesaurus.download?ref=external.theme.httpinspireeceuropaeumetadatacodelistPrioritydataset-Prioritydataset}, {link=urn:ogc:def:crs:EPSG::5709}]
errors:
-------
feature call (loop) failed at index: 1
caller: classpath:InspireTest/ngr/datasetrecords/def/checkxlinkurl.template.feature
arg: {"link":"http://rdfdata.eionet.europa.eu/inspirethemes/themes/24"}
checkxlinkurl.template.feature:15 - status code was: 404, expected: 200, response time: 200, url: http://rdfdata.eionet.europa.eu/inspirethemes/themes/24, response: 
-------
feature call (loop) failed at index: 2
caller: classpath:InspireTest/ngr/datasetrecords/def/checkxlinkurl.template.feature
arg: {"link":"https://ngr.geocat.live/geonetwork/srv/eng/thesaurus.download?ref=external.theme.httpinspireeceuropaeumetadatacodelistPrioritydataset-Prioritydataset"}
checkxlinkurl.template.feature:15 - status code was: 500, expected: 200, response time: 316, url: https://ngr.geocat.live/geonetwork/srv/eng/thesaurus.download?ref=external.theme.httpinspireeceuropaeumetadatacodelistPrioritydataset-Prioritydataset, response: 
-------
feature call (loop) failed at index: 3
caller: classpath:InspireTest/ngr/datasetrecords/def/checkxlinkurl.template.feature
arg: {"link":"urn:ogc:def:crs:EPSG::5709"}
checkxlinkurl.template.feature:14 - 
org.apache.http.client.ClientProtocolException: URI does not specify a valid host name: urn:ogc:def:crs:EPSG::5709
[1.140:16] ngr-check-dataset-record.feature:80 - feature call (loop) failed: classpath:InspireTest/ngr/datasetrecords/def/checkxlinkurl.template.feature
caller: classpath:InspireTest/ngr/datasetrecords/ngr-check-dataset-record.feature
items: [{link=https://www.nationaalgeoregister.nl/geonetwork/srv/dut/catalog.search#/metadata/krw-782cab20-8328-45f1-a9b2-c27d07c14066}, {link=http://rdfdata.eionet.europa.eu/inspirethemes/themes/24}, {link=https://ngr.geocat.live/geonetwork/srv/eng/thesaurus.download?ref=external.theme.httpinspireeceuropaeumetadatacodelistPrioritydataset-Prioritydataset}, {link=urn:ogc:def:crs:EPSG::5709}]
errors:
-------
feature call (loop) failed at index: 1
caller: classpath:InspireTest/ngr/datasetrecords/def/checkxlinkurl.template.feature
arg: {"link":"http://rdfdata.eionet.europa.eu/inspirethemes/themes/24"}
checkxlinkurl.template.feature:15 - status code was: 404, expected: 200, response time: 200, url: http://rdfdata.eionet.europa.eu/inspirethemes/themes/24, response: 
-------
feature call (loop) failed at index: 2
caller: classpath:InspireTest/ngr/datasetrecords/def/checkxlinkurl.template.feature
arg: {"link":"https://ngr.geocat.live/geonetwork/srv/eng/thesaurus.download?ref=external.theme.httpinspireeceuropaeumetadatacodelistPrioritydataset-Prioritydataset"}
checkxlinkurl.template.feature:15 - status code was: 500, expected: 200, response time: 311, url: https://ngr.geocat.live/geonetwork/srv/eng/thesaurus.download?ref=external.theme.httpinspireeceuropaeumetadatacodelistPrioritydataset-Prioritydataset, response: 
-------
feature call (loop) failed at index: 3
caller: classpath:InspireTest/ngr/datasetrecords/def/checkxlinkurl.template.feature
arg: {"link":"urn:ogc:def:crs:EPSG::5709"}
checkxlinkurl.template.feature:14 - 
org.apache.http.client.ClientProtocolException: URI does not specify a valid host name: urn:ogc:def:crs:EPSG::5709
[1.141:16] ngr-check-dataset-record.feature:80 - feature call (loop) failed: classpath:InspireTest/ngr/datasetrecords/def/checkxlinkurl.template.feature
caller: classpath:InspireTest/ngr/datasetrecords/ngr-check-dataset-record.feature
items: [{link=https://www.nationaalgeoregister.nl/geonetwork/srv/dut/catalog.search#/metadata/krm-a905-9d8e-4758-83fa-28b057f185e3}, {link=http://rdfdata.eionet.europa.eu/inspirethemes/themes/24}, {link=https://ngr.geocat.live/geonetwork/srv/eng/thesaurus.download?ref=external.theme.httpinspireeceuropaeumetadatacodelistPrioritydataset-Prioritydataset}]
errors:
-------
feature call (loop) failed at index: 1
caller: classpath:InspireTest/ngr/datasetrecords/def/checkxlinkurl.template.feature
arg: {"link":"http://rdfdata.eionet.europa.eu/inspirethemes/themes/24"}
checkxlinkurl.template.feature:15 - status code was: 404, expected: 200, response time: 199, url: http://rdfdata.eionet.europa.eu/inspirethemes/themes/24, response: 
-------
feature call (loop) failed at index: 2
caller: classpath:InspireTest/ngr/datasetrecords/def/checkxlinkurl.template.feature
arg: {"link":"https://ngr.geocat.live/geonetwork/srv/eng/thesaurus.download?ref=external.theme.httpinspireeceuropaeumetadatacodelistPrioritydataset-Prioritydataset"}
checkxlinkurl.template.feature:15 - status code was: 500, expected: 200, response time: 309, url: https://ngr.geocat.live/geonetwork/srv/eng/thesaurus.download?ref=external.theme.httpinspireeceuropaeumetadatacodelistPrioritydataset-Prioritydataset, response: 
[1.142:16] ngr-check-dataset-record.feature:80 - feature call (loop) failed: classpath:InspireTest/ngr/datasetrecords/def/checkxlinkurl.template.feature
caller: classpath:InspireTest/ngr/datasetrecords/ngr-check-dataset-record.feature
items: [{link=https://www.nationaalgeoregister.nl/geonetwork/srv/dut/catalog.search#/metadata/krm-a905-9d8e-4758-83fa-28b057f185e4}, {link=http://rdfdata.eionet.europa.eu/inspirethemes/themes/24}, {link=https://ngr.geocat.live/geonetwork/srv/eng/thesaurus.download?ref=external.theme.httpinspireeceuropaeumetadatacodelistPrioritydataset-Prioritydataset}]
errors:
-------
feature call (loop) failed at index: 1
caller: classpath:InspireTest/ngr/datasetrecords/def/checkxlinkurl.template.feature
arg: {"link":"http://rdfdata.eionet.europa.eu/inspirethemes/themes/24"}
checkxlinkurl.template.feature:15 - status code was: 404, expected: 200, response time: 200, url: http://rdfdata.eionet.europa.eu/inspirethemes/themes/24, response: 
-------
feature call (loop) failed at index: 2
caller: classpath:InspireTest/ngr/datasetrecords/def/checkxlinkurl.template.feature
arg: {"link":"https://ngr.geocat.live/geonetwork/srv/eng/thesaurus.download?ref=external.theme.httpinspireeceuropaeumetadatacodelistPrioritydataset-Prioritydataset"}
checkxlinkurl.template.feature:15 - status code was: 500, expected: 200, response time: 316, url: https://ngr.geocat.live/geonetwork/srv/eng/thesaurus.download?ref=external.theme.httpinspireeceuropaeumetadatacodelistPrioritydataset-Prioritydataset, response: 
[1.143:16] ngr-check-dataset-record.feature:80 - feature call (loop) failed: classpath:InspireTest/ngr/datasetrecords/def/checkxlinkurl.template.feature
caller: classpath:InspireTest/ngr/datasetrecords/ngr-check-dataset-record.feature
items: [{link=https://www.nationaalgeoregister.nl/geonetwork/srv/dut/catalog.search#/metadata/110f9ec6-4464-462e-9765-83d90cefbeac}, {link=http://rdfdata.eionet.europa.eu/inspirethemes/themes/24}, {link=https://ngr.geocat.live/geonetwork/srv/eng/thesaurus.download?ref=external.theme.httpinspireeceuropaeumetadatacodelistPrioritydataset-Prioritydataset}]
errors:
-------
feature call (loop) failed at index: 1
caller: classpath:InspireTest/ngr/datasetrecords/def/checkxlinkurl.template.feature
arg: {"link":"http://rdfdata.eionet.europa.eu/inspirethemes/themes/24"}
checkxlinkurl.template.feature:15 - status code was: 404, expected: 200, response time: 199, url: http://rdfdata.eionet.europa.eu/inspirethemes/themes/24, response: 
-------
feature call (loop) failed at index: 2
caller: classpath:InspireTest/ngr/datasetrecords/def/checkxlinkurl.template.feature
arg: {"link":"https://ngr.geocat.live/geonetwork/srv/eng/thesaurus.download?ref=external.theme.httpinspireeceuropaeumetadatacodelistPrioritydataset-Prioritydataset"}
checkxlinkurl.template.feature:15 - status code was: 500, expected: 200, response time: 333, url: https://ngr.geocat.live/geonetwork/srv/eng/thesaurus.download?ref=external.theme.httpinspireeceuropaeumetadatacodelistPrioritydataset-Prioritydataset, response: 
[1.144:16] ngr-check-dataset-record.feature:80 - feature call (loop) failed: classpath:InspireTest/ngr/datasetrecords/def/checkxlinkurl.template.feature
caller: classpath:InspireTest/ngr/datasetrecords/ngr-check-dataset-record.feature
items: [{link=https://www.nationaalgeoregister.nl/geonetwork/srv/dut/catalog.search#/metadata/891ddc2d-8949-4a45-be96-c65b87c41f13}, {link=http://rdfdata.eionet.europa.eu/inspirethemes/themes/20}, {link=https://ngr.geocat.live/geonetwork/srv/eng/thesaurus.download?ref=external.theme.httpinspireeceuropaeumetadatacodelistPrioritydataset-Prioritydataset}]
errors:
-------
feature call (loop) failed at index: 1
caller: classpath:InspireTest/ngr/datasetrecords/def/checkxlinkurl.template.feature
arg: {"link":"http://rdfdata.eionet.europa.eu/inspirethemes/themes/20"}
checkxlinkurl.template.feature:15 - status code was: 404, expected: 200, response time: 200, url: http://rdfdata.eionet.europa.eu/inspirethemes/themes/20, response: 
-------
feature call (loop) failed at index: 2
caller: classpath:InspireTest/ngr/datasetrecords/def/checkxlinkurl.template.feature
arg: {"link":"https://ngr.geocat.live/geonetwork/srv/eng/thesaurus.download?ref=external.theme.httpinspireeceuropaeumetadatacodelistPrioritydataset-Prioritydataset"}
checkxlinkurl.template.feature:15 - status code was: 500, expected: 200, response time: 358, url: https://ngr.geocat.live/geonetwork/srv/eng/thesaurus.download?ref=external.theme.httpinspireeceuropaeumetadatacodelistPrioritydataset-Prioritydataset, response: 
[1.145:16] ngr-check-dataset-record.feature:80 - feature call (loop) failed: classpath:InspireTest/ngr/datasetrecords/def/checkxlinkurl.template.feature
caller: classpath:InspireTest/ngr/datasetrecords/ngr-check-dataset-record.feature
items: [{link=http://kadaster/e2318c58-b1e6-4621-9c77-33b8a1fd0e76}]
errors:
-------
feature call (loop) failed at index: 0
caller: classpath:InspireTest/ngr/datasetrecords/def/checkxlinkurl.template.feature
arg: {"link":"http://kadaster/e2318c58-b1e6-4621-9c77-33b8a1fd0e76"}
checkxlinkurl.template.feature:14 - 
java.net.UnknownHostException: kadaster
[1.147:16] ngr-check-dataset-record.feature:80 - feature call (loop) failed: classpath:InspireTest/ngr/datasetrecords/def/checkxlinkurl.template.feature
caller: classpath:InspireTest/ngr/datasetrecords/ngr-check-dataset-record.feature
items: [{link=}]
errors:
-------
feature call (loop) failed at index: 0
caller: classpath:InspireTest/ngr/datasetrecords/def/checkxlinkurl.template.feature
arg: {"link":""}
checkxlinkurl.template.feature:14 - 
org.apache.http.client.ClientProtocolException
[1.148:16] ngr-check-dataset-record.feature:80 - feature call (loop) failed: classpath:InspireTest/ngr/datasetrecords/def/checkxlinkurl.template.feature
caller: classpath:InspireTest/ngr/datasetrecords/ngr-check-dataset-record.feature
items: [{link=http://services.rce.geovoorziening.nl/www/download/nl.xml}, {link=}, {link=}]
errors:
-------
feature call (loop) failed at index: 1
caller: classpath:InspireTest/ngr/datasetrecords/def/checkxlinkurl.template.feature
arg: {"link":""}
checkxlinkurl.template.feature:14 - 
org.apache.http.client.ClientProtocolException
-------
feature call (loop) failed at index: 2
caller: classpath:InspireTest/ngr/datasetrecords/def/checkxlinkurl.template.feature
arg: {"link":""}
checkxlinkurl.template.feature:14 - 
org.apache.http.client.ClientProtocolException
[1.150:16] ngr-check-dataset-record.feature:80 - feature call (loop) failed: classpath:InspireTest/ngr/datasetrecords/def/checkxlinkurl.template.feature
caller: classpath:InspireTest/ngr/datasetrecords/ngr-check-dataset-record.feature
items: [{link=https://www.nationaalgeoregister.nl/geonetwork/srv/dut/catalog.search#/metadata/ror-9d8e-4758-83fx-28b057f185e1}, {link=http://rdfdata.eionet.europa.eu/inspirethemes/themes/25}, {link=https://ngr.geocat.live/geonetwork/srv/eng/thesaurus.download?ref=external.theme.httpinspireeceuropaeumetadatacodelistPrioritydataset-Prioritydataset}, {link=urn:ogc:def:crs:EPSG::5709}]
errors:
-------
feature call (loop) failed at index: 1
caller: classpath:InspireTest/ngr/datasetrecords/def/checkxlinkurl.template.feature
arg: {"link":"http://rdfdata.eionet.europa.eu/inspirethemes/themes/25"}
checkxlinkurl.template.feature:15 - status code was: 404, expected: 200, response time: 200, url: http://rdfdata.eionet.europa.eu/inspirethemes/themes/25, response: 
-------
feature call (loop) failed at index: 2
caller: classpath:InspireTest/ngr/datasetrecords/def/checkxlinkurl.template.feature
arg: {"link":"https://ngr.geocat.live/geonetwork/srv/eng/thesaurus.download?ref=external.theme.httpinspireeceuropaeumetadatacodelistPrioritydataset-Prioritydataset"}
checkxlinkurl.template.feature:15 - status code was: 500, expected: 200, response time: 311, url: https://ngr.geocat.live/geonetwork/srv/eng/thesaurus.download?ref=external.theme.httpinspireeceuropaeumetadatacodelistPrioritydataset-Prioritydataset, response: 
-------
feature call (loop) failed at index: 3
caller: classpath:InspireTest/ngr/datasetrecords/def/checkxlinkurl.template.feature
arg: {"link":"urn:ogc:def:crs:EPSG::5709"}
checkxlinkurl.template.feature:14 - 
org.apache.http.client.ClientProtocolException: URI does not specify a valid host name: urn:ogc:def:crs:EPSG::5709
[1.151:16] ngr-check-dataset-record.feature:80 - feature call (loop) failed: classpath:InspireTest/ngr/datasetrecords/def/checkxlinkurl.template.feature
caller: classpath:InspireTest/ngr/datasetrecords/ngr-check-dataset-record.feature
items: [{link=https://www.nationaalgeoregister.nl/geonetwork/srv/dut/catalog.search#/metadata/ror-9d8e-4758-83fx-28b057f185f1}, {link=http://rdfdata.eionet.europa.eu/inspirethemes/themes/25}, {link=https://ngr.geocat.live/geonetwork/srv/eng/thesaurus.download?ref=external.theme.httpinspireeceuropaeumetadatacodelistPrioritydataset-Prioritydataset}, {link=urn:ogc:def:crs:EPSG::5709}]
errors:
-------
feature call (loop) failed at index: 1
caller: classpath:InspireTest/ngr/datasetrecords/def/checkxlinkurl.template.feature
arg: {"link":"http://rdfdata.eionet.europa.eu/inspirethemes/themes/25"}
checkxlinkurl.template.feature:15 - status code was: 404, expected: 200, response time: 199, url: http://rdfdata.eionet.europa.eu/inspirethemes/themes/25, response: 
-------
feature call (loop) failed at index: 2
caller: classpath:InspireTest/ngr/datasetrecords/def/checkxlinkurl.template.feature
arg: {"link":"https://ngr.geocat.live/geonetwork/srv/eng/thesaurus.download?ref=external.theme.httpinspireeceuropaeumetadatacodelistPrioritydataset-Prioritydataset"}
checkxlinkurl.template.feature:15 - status code was: 500, expected: 200, response time: 311, url: https://ngr.geocat.live/geonetwork/srv/eng/thesaurus.download?ref=external.theme.httpinspireeceuropaeumetadatacodelistPrioritydataset-Prioritydataset, response: 
-------
feature call (loop) failed at index: 3
caller: classpath:InspireTest/ngr/datasetrecords/def/checkxlinkurl.template.feature
arg: {"link":"urn:ogc:def:crs:EPSG::5709"}
checkxlinkurl.template.feature:14 - 
org.apache.http.client.ClientProtocolException: URI does not specify a valid host name: urn:ogc:def:crs:EPSG::5709
[1.152:16] ngr-check-dataset-record.feature:80 - feature call (loop) failed: classpath:InspireTest/ngr/datasetrecords/def/checkxlinkurl.template.feature
caller: classpath:InspireTest/ngr/datasetrecords/ngr-check-dataset-record.feature
items: [{link=https://www.nationaalgeoregister.nl/geonetwork/srv/dut/catalog.search#/metadata/uwwtd-9d8e-4758-83fa-28b057f185e3}, {link=http://rdfdata.eionet.europa.eu/inspirethemes/themes/24}, {link=https://ngr.geocat.live/geonetwork/srv/eng/thesaurus.download?ref=external.theme.httpinspireeceuropaeumetadatacodelistPrioritydataset-Prioritydataset}, {link=urn:ogc:def:crs:EPSG::5709}]
errors:
-------
feature call (loop) failed at index: 1
caller: classpath:InspireTest/ngr/datasetrecords/def/checkxlinkurl.template.feature
arg: {"link":"http://rdfdata.eionet.europa.eu/inspirethemes/themes/24"}
checkxlinkurl.template.feature:15 - status code was: 404, expected: 200, response time: 199, url: http://rdfdata.eionet.europa.eu/inspirethemes/themes/24, response: 
-------
feature call (loop) failed at index: 2
caller: classpath:InspireTest/ngr/datasetrecords/def/checkxlinkurl.template.feature
arg: {"link":"https://ngr.geocat.live/geonetwork/srv/eng/thesaurus.download?ref=external.theme.httpinspireeceuropaeumetadatacodelistPrioritydataset-Prioritydataset"}
checkxlinkurl.template.feature:15 - status code was: 500, expected: 200, response time: 305, url: https://ngr.geocat.live/geonetwork/srv/eng/thesaurus.download?ref=external.theme.httpinspireeceuropaeumetadatacodelistPrioritydataset-Prioritydataset, response: 
-------
feature call (loop) failed at index: 3
caller: classpath:InspireTest/ngr/datasetrecords/def/checkxlinkurl.template.feature
arg: {"link":"urn:ogc:def:crs:EPSG::5709"}
checkxlinkurl.template.feature:14 - 
org.apache.http.client.ClientProtocolException: URI does not specify a valid host name: urn:ogc:def:crs:EPSG::5709
[1.153:16] ngr-check-dataset-record.feature:80 - feature call (loop) failed: classpath:InspireTest/ngr/datasetrecords/def/checkxlinkurl.template.feature
caller: classpath:InspireTest/ngr/datasetrecords/ngr-check-dataset-record.feature
items: [{link=https://www.nationaalgeoregister.nl/geonetwork/srv/dut/catalog.search#/metadata/uwwtd-9d8e-4758-83fa-28b057f185e2}, {link=http://rdfdata.eionet.europa.eu/inspirethemes/themes/24}, {link=https://ngr.geocat.live/geonetwork/srv/eng/thesaurus.download?ref=external.theme.httpinspireeceuropaeumetadatacodelistPrioritydataset-Prioritydataset}, {link=urn:ogc:def:crs:EPSG::5709}]
errors:
-------
feature call (loop) failed at index: 1
caller: classpath:InspireTest/ngr/datasetrecords/def/checkxlinkurl.template.feature
arg: {"link":"http://rdfdata.eionet.europa.eu/inspirethemes/themes/24"}
checkxlinkurl.template.feature:15 - status code was: 404, expected: 200, response time: 200, url: http://rdfdata.eionet.europa.eu/inspirethemes/themes/24, response: 
-------
feature call (loop) failed at index: 2
caller: classpath:InspireTest/ngr/datasetrecords/def/checkxlinkurl.template.feature
arg: {"link":"https://ngr.geocat.live/geonetwork/srv/eng/thesaurus.download?ref=external.theme.httpinspireeceuropaeumetadatacodelistPrioritydataset-Prioritydataset"}
checkxlinkurl.template.feature:15 - status code was: 500, expected: 200, response time: 308, url: https://ngr.geocat.live/geonetwork/srv/eng/thesaurus.download?ref=external.theme.httpinspireeceuropaeumetadatacodelistPrioritydataset-Prioritydataset, response: 
-------
feature call (loop) failed at index: 3
caller: classpath:InspireTest/ngr/datasetrecords/def/checkxlinkurl.template.feature
arg: {"link":"urn:ogc:def:crs:EPSG::5709"}
checkxlinkurl.template.feature:14 - 
org.apache.http.client.ClientProtocolException: URI does not specify a valid host name: urn:ogc:def:crs:EPSG::5709
[1.154:16] ngr-check-dataset-record.feature:80 - feature call (loop) failed: classpath:InspireTest/ngr/datasetrecords/def/checkxlinkurl.template.feature
caller: classpath:InspireTest/ngr/datasetrecords/ngr-check-dataset-record.feature
items: [{link=https://www.nationaalgeoregister.nl/geonetwork/srv/dut/catalog.search#/metadata/uwwtd-9d8e-4758-83fa-28b057f185e1}, {link=http://rdfdata.eionet.europa.eu/inspirethemes/themes/24}, {link=https://ngr.geocat.live/geonetwork/srv/eng/thesaurus.download?ref=external.theme.httpinspireeceuropaeumetadatacodelistPrioritydataset-Prioritydataset}, {link=urn:ogc:def:crs:EPSG::5709}]
errors:
-------
feature call (loop) failed at index: 1
caller: classpath:InspireTest/ngr/datasetrecords/def/checkxlinkurl.template.feature
arg: {"link":"http://rdfdata.eionet.europa.eu/inspirethemes/themes/24"}
checkxlinkurl.template.feature:15 - status code was: 404, expected: 200, response time: 200, url: http://rdfdata.eionet.europa.eu/inspirethemes/themes/24, response: 
-------
feature call (loop) failed at index: 2
caller: classpath:InspireTest/ngr/datasetrecords/def/checkxlinkurl.template.feature
arg: {"link":"https://ngr.geocat.live/geonetwork/srv/eng/thesaurus.download?ref=external.theme.httpinspireeceuropaeumetadatacodelistPrioritydataset-Prioritydataset"}
checkxlinkurl.template.feature:15 - status code was: 500, expected: 200, response time: 316, url: https://ngr.geocat.live/geonetwork/srv/eng/thesaurus.download?ref=external.theme.httpinspireeceuropaeumetadatacodelistPrioritydataset-Prioritydataset, response: 
-------
feature call (loop) failed at index: 3
caller: classpath:InspireTest/ngr/datasetrecords/def/checkxlinkurl.template.feature
arg: {"link":"urn:ogc:def:crs:EPSG::5709"}
checkxlinkurl.template.feature:14 - 
org.apache.http.client.ClientProtocolException: URI does not specify a valid host name: urn:ogc:def:crs:EPSG::5709
[1.155:16] ngr-check-dataset-record.feature:80 - feature call (loop) failed: classpath:InspireTest/ngr/datasetrecords/def/checkxlinkurl.template.feature
caller: classpath:InspireTest/ngr/datasetrecords/ngr-check-dataset-record.feature
items: [{link=http://www.opengis.net/def/crs/EPSG/0/http://www.opengis.net/def/crs/EPSG/0/3034}, {link=http://nationaalgeoregister.nl/geonetwork/srv/dut/csw?SERVICE=CSW&version=2.0.2&REQUEST=GetRecordById&elementSetName=full&OutputSchema=http://www.isotc211.org/2005/gmd&ID=0f128799-cf18-4b37-a721-e62b068191f5}, {link=https://creativecommons.org/publicdomain/mark/*/deed.nl}, {link=}]
errors:
-------
feature call (loop) failed at index: 2
caller: classpath:InspireTest/ngr/datasetrecords/def/checkxlinkurl.template.feature
arg: {"link":"https://creativecommons.org/publicdomain/mark/*/deed.nl"}
checkxlinkurl.template.feature:15 - status code was: 404, expected: 200, response time: 30, url: https://creativecommons.org/publicdomain/mark/*/deed.nl, response: 
-------
feature call (loop) failed at index: 3
caller: classpath:InspireTest/ngr/datasetrecords/def/checkxlinkurl.template.feature
arg: {"link":""}
checkxlinkurl.template.feature:14 - 
org.apache.http.client.ClientProtocolException
[1.156:16] ngr-check-dataset-record.feature:80 - feature call (loop) failed: classpath:InspireTest/ngr/datasetrecords/def/checkxlinkurl.template.feature
caller: classpath:InspireTest/ngr/datasetrecords/ngr-check-dataset-record.feature
items: [{link=http://kadaster/06b6c650-cdb1-11dd-ad8b-0800200c9a77}]
errors:
-------
feature call (loop) failed at index: 0
caller: classpath:InspireTest/ngr/datasetrecords/def/checkxlinkurl.template.feature
arg: {"link":"http://kadaster/06b6c650-cdb1-11dd-ad8b-0800200c9a77"}
checkxlinkurl.template.feature:14 - 
java.net.UnknownHostException: kadaster
[1.157:16] ngr-check-dataset-record.feature:80 - feature call (loop) failed: classpath:InspireTest/ngr/datasetrecords/def/checkxlinkurl.template.feature
caller: classpath:InspireTest/ngr/datasetrecords/ngr-check-dataset-record.feature
items: [{link=http://www.opengis.net/def/crs/EPSG/0/http://www.opengis.net/def/crs/EPSG/0/4258}, {link=http://kadaster/ff1d6d44-aea1-4ad5-b084-9afea143f1bf}]
errors:
-------
feature call (loop) failed at index: 1
caller: classpath:InspireTest/ngr/datasetrecords/def/checkxlinkurl.template.feature
arg: {"link":"http://kadaster/ff1d6d44-aea1-4ad5-b084-9afea143f1bf"}
checkxlinkurl.template.feature:14 - 
java.net.UnknownHostException: kadaster
[1.158:16] ngr-check-dataset-record.feature:80 - feature call (loop) failed: classpath:InspireTest/ngr/datasetrecords/def/checkxlinkurl.template.feature
caller: classpath:InspireTest/ngr/datasetrecords/ngr-check-dataset-record.feature
items: [{link=http://nationaalgeoregister.nl/geonetwork/srv/dut/csw?SERVICE=CSW&version=2.0.2&REQUEST=GetRecordById&elementSetName=full&OutputSchema=http://www.isotc211.org/2005/gmd&ID=df5ee213-e1bd-433b-80f7-4ea20f493ca8}, {link=https://creativecommons.org/publicdomain/mark/*/deed.nl}, {link=}]
errors:
-------
feature call (loop) failed at index: 1
caller: classpath:InspireTest/ngr/datasetrecords/def/checkxlinkurl.template.feature
arg: {"link":"https://creativecommons.org/publicdomain/mark/*/deed.nl"}
checkxlinkurl.template.feature:15 - status code was: 404, expected: 200, response time: 43, url: https://creativecommons.org/publicdomain/mark/*/deed.nl, response: 
-------
feature call (loop) failed at index: 2
caller: classpath:InspireTest/ngr/datasetrecords/def/checkxlinkurl.template.feature
arg: {"link":""}
checkxlinkurl.template.feature:14 - 
org.apache.http.client.ClientProtocolException
[1.159:16] ngr-check-dataset-record.feature:80 - feature call (loop) failed: classpath:InspireTest/ngr/datasetrecords/def/checkxlinkurl.template.feature
caller: classpath:InspireTest/ngr/datasetrecords/ngr-check-dataset-record.feature
items: [{link=http://www.opengis.net/def/crs/EPSG/0/http://www.opengis.net/def/crs/EPSG/0/3034}, {link=http://nationaalgeoregister.nl/geonetwork/srv/dut/csw?SERVICE=CSW&version=2.0.2&REQUEST=GetRecordById&elementSetName=full&OutputSchema=http://www.isotc211.org/2005/gmd&ID=b6ee58a1-b097-4c6d-8600-eb81efc1468c}, {link=https://creativecommons.org/publicdomain/mark/*/deed.nl}, {link=}]
errors:
-------
feature call (loop) failed at index: 2
caller: classpath:InspireTest/ngr/datasetrecords/def/checkxlinkurl.template.feature
arg: {"link":"https://creativecommons.org/publicdomain/mark/*/deed.nl"}
checkxlinkurl.template.feature:15 - status code was: 404, expected: 200, response time: 32, url: https://creativecommons.org/publicdomain/mark/*/deed.nl, response: 
-------
feature call (loop) failed at index: 3
caller: classpath:InspireTest/ngr/datasetrecords/def/checkxlinkurl.template.feature
arg: {"link":""}
checkxlinkurl.template.feature:14 - 
org.apache.http.client.ClientProtocolException
[1.160:16] ngr-check-dataset-record.feature:80 - feature call (loop) failed: classpath:InspireTest/ngr/datasetrecords/def/checkxlinkurl.template.feature
caller: classpath:InspireTest/ngr/datasetrecords/ngr-check-dataset-record.feature
items: [{link=http://www.opengis.net/def/crs/EPSG/0/NAP}, {link=https://ngr.acceptatie.nationaalgeoregister.nl/geonetwork/srv/resourcesd72ddff0-2724-11e2-81c1-0800200c9a66}]
errors:
-------
feature call (loop) failed at index: 1
caller: classpath:InspireTest/ngr/datasetrecords/def/checkxlinkurl.template.feature
arg: {"link":"https://ngr.acceptatie.nationaalgeoregister.nl/geonetwork/srv/resourcesd72ddff0-2724-11e2-81c1-0800200c9a66"}
checkxlinkurl.template.feature:15 - status code was: 404, expected: 200, response time: 282, url: https://ngr.acceptatie.nationaalgeoregister.nl/geonetwork/srv/resourcesd72ddff0-2724-11e2-81c1-0800200c9a66, response: 
[1.161:16] ngr-check-dataset-record.feature:80 - feature call (loop) failed: classpath:InspireTest/ngr/datasetrecords/def/checkxlinkurl.template.feature
caller: classpath:InspireTest/ngr/datasetrecords/ngr-check-dataset-record.feature
items: [{link=http://www.opengis.net/def/crs/EPSG/0/NAP}, {link=https://ngr.acceptatie.nationaalgeoregister.nl/geonetwork/srv/resourcesddf87610-2724-11e2-81c1-0800200c9a66}]
errors:
-------
feature call (loop) failed at index: 1
caller: classpath:InspireTest/ngr/datasetrecords/def/checkxlinkurl.template.feature
arg: {"link":"https://ngr.acceptatie.nationaalgeoregister.nl/geonetwork/srv/resourcesddf87610-2724-11e2-81c1-0800200c9a66"}
checkxlinkurl.template.feature:15 - status code was: 404, expected: 200, response time: 278, url: https://ngr.acceptatie.nationaalgeoregister.nl/geonetwork/srv/resourcesddf87610-2724-11e2-81c1-0800200c9a66, response: 
[1.162:16] ngr-check-dataset-record.feature:80 - feature call (loop) failed: classpath:InspireTest/ngr/datasetrecords/def/checkxlinkurl.template.feature
caller: classpath:InspireTest/ngr/datasetrecords/ngr-check-dataset-record.feature
items: [{link=https://www.nationaalgeoregister.nl/geonetwork/srv/dut/catalog.search#/metadata/wt-83730-e750-485a-9c0c-39bf9be72cf8}, {link=http://rdfdata.eionet.europa.eu/inspirethemes/themes/18}, {link=https://ngr.geocat.live/geonetwork/srv/eng/thesaurus.download?ref=external.theme.httpinspireeceuropaeumetadatacodelistPrioritydataset-Prioritydataset}]
errors:
-------
feature call (loop) failed at index: 1
caller: classpath:InspireTest/ngr/datasetrecords/def/checkxlinkurl.template.feature
arg: {"link":"http://rdfdata.eionet.europa.eu/inspirethemes/themes/18"}
checkxlinkurl.template.feature:15 - status code was: 404, expected: 200, response time: 200, url: http://rdfdata.eionet.europa.eu/inspirethemes/themes/18, response: 
-------
feature call (loop) failed at index: 2
caller: classpath:InspireTest/ngr/datasetrecords/def/checkxlinkurl.template.feature
arg: {"link":"https://ngr.geocat.live/geonetwork/srv/eng/thesaurus.download?ref=external.theme.httpinspireeceuropaeumetadatacodelistPrioritydataset-Prioritydataset"}
checkxlinkurl.template.feature:15 - status code was: 500, expected: 200, response time: 330, url: https://ngr.geocat.live/geonetwork/srv/eng/thesaurus.download?ref=external.theme.httpinspireeceuropaeumetadatacodelistPrioritydataset-Prioritydataset, response: 
[1.163:16] ngr-check-dataset-record.feature:80 - feature call (loop) failed: classpath:InspireTest/ngr/datasetrecords/def/checkxlinkurl.template.feature
caller: classpath:InspireTest/ngr/datasetrecords/ngr-check-dataset-record.feature
items: [{link=http://www.opengis.net/def/crs/EPSG/0/http://www.opengis.net/def/crs/EPSG/0/3034}, {link=http://nationaalgeoregister.nl/geonetwork/srv/dut/csw?SERVICE=CSW&version=2.0.2&REQUEST=GetRecordById&elementSetName=full&OutputSchema=http://www.isotc211.org/2005/gmd&ID=c829abeb-bfac-4224-8332-e7a9a89e692e}, {link=https://creativecommons.org/publicdomain/mark/*/deed.nl}, {link=}]
errors:
-------
feature call (loop) failed at index: 2
caller: classpath:InspireTest/ngr/datasetrecords/def/checkxlinkurl.template.feature
arg: {"link":"https://creativecommons.org/publicdomain/mark/*/deed.nl"}
checkxlinkurl.template.feature:15 - status code was: 404, expected: 200, response time: 33, url: https://creativecommons.org/publicdomain/mark/*/deed.nl, response: 
-------
feature call (loop) failed at index: 3
caller: classpath:InspireTest/ngr/datasetrecords/def/checkxlinkurl.template.feature
arg: {"link":""}
checkxlinkurl.template.feature:14 - 
org.apache.http.client.ClientProtocolException
[1.164:16] ngr-check-dataset-record.feature:80 - feature call (loop) failed: classpath:InspireTest/ngr/datasetrecords/def/checkxlinkurl.template.feature
caller: classpath:InspireTest/ngr/datasetrecords/ngr-check-dataset-record.feature
items: [{link=http://www.opengis.net/def/crs/EPSG/0/http://www.opengis.net/def/crs/EPSG/0/3034}, {link=http://nationaalgeoregister.nl/geonetwork/srv/dut/csw?SERVICE=CSW&version=2.0.2&REQUEST=GetRecordById&elementSetName=full&OutputSchema=http://www.isotc211.org/2005/gmd&ID=34e6165f-1269-48d1-b255-0f05d163d692}, {link=https://creativecommons.org/publicdomain/mark/*/deed.nl}, {link=}]
errors:
-------
feature call (loop) failed at index: 2
caller: classpath:InspireTest/ngr/datasetrecords/def/checkxlinkurl.template.feature
arg: {"link":"https://creativecommons.org/publicdomain/mark/*/deed.nl"}
checkxlinkurl.template.feature:15 - status code was: 404, expected: 200, response time: 35, url: https://creativecommons.org/publicdomain/mark/*/deed.nl, response: 
-------
feature call (loop) failed at index: 3
caller: classpath:InspireTest/ngr/datasetrecords/def/checkxlinkurl.template.feature
arg: {"link":""}
checkxlinkurl.template.feature:14 - 
org.apache.http.client.ClientProtocolException
[1.165:16] ngr-check-dataset-record.feature:80 - feature call (loop) failed: classpath:InspireTest/ngr/datasetrecords/def/checkxlinkurl.template.feature
caller: classpath:InspireTest/ngr/datasetrecords/ngr-check-dataset-record.feature
items: [{link=http://www.opengis.net/def/crs/EPSG/0/http://www.opengis.net/def/crs/EPSG/0/3034}, {link=http://nationaalgeoregister.nl/geonetwork/srv/dut/csw?SERVICE=CSW&version=2.0.2&REQUEST=GetRecordById&elementSetName=full&OutputSchema=http://www.isotc211.org/2005/gmd&ID=41023936-009d-48ec-a90d-c966895463c1}, {link=https://creativecommons.org/publicdomain/mark/*/deed.nl}, {link=}]
errors:
-------
feature call (loop) failed at index: 2
caller: classpath:InspireTest/ngr/datasetrecords/def/checkxlinkurl.template.feature
arg: {"link":"https://creativecommons.org/publicdomain/mark/*/deed.nl"}
checkxlinkurl.template.feature:15 - status code was: 404, expected: 200, response time: 35, url: https://creativecommons.org/publicdomain/mark/*/deed.nl, response: 
-------
feature call (loop) failed at index: 3
caller: classpath:InspireTest/ngr/datasetrecords/def/checkxlinkurl.template.feature
arg: {"link":""}
checkxlinkurl.template.feature:14 - 
org.apache.http.client.ClientProtocolException
[1.166:16] ngr-check-dataset-record.feature:80 - feature call (loop) failed: classpath:InspireTest/ngr/datasetrecords/def/checkxlinkurl.template.feature
caller: classpath:InspireTest/ngr/datasetrecords/ngr-check-dataset-record.feature
items: [{link=https://geodata.nationaalgeoregister.nl/cbsgebiedsindelingen/atom/cbsgebiedsindelingen.xml}, {link=https://www.iana.org/assignments/media-types/application/geopackage+sqlite3}, {link=}]
errors:
-------
feature call (loop) failed at index: 2
caller: classpath:InspireTest/ngr/datasetrecords/def/checkxlinkurl.template.feature
arg: {"link":""}
checkxlinkurl.template.feature:14 - 
org.apache.http.client.ClientProtocolException
[1.167:16] ngr-check-dataset-record.feature:80 - feature call (loop) failed: classpath:InspireTest/ngr/datasetrecords/def/checkxlinkurl.template.feature
caller: classpath:InspireTest/ngr/datasetrecords/ngr-check-dataset-record.feature
items: [{link=http://geodata.nationaalgeoregister.nl/cbsprovincies/extract/cbsprovincies.zip}, {link=}]
errors:
-------
feature call (loop) failed at index: 1
caller: classpath:InspireTest/ngr/datasetrecords/def/checkxlinkurl.template.feature
arg: {"link":""}
checkxlinkurl.template.feature:14 - 
org.apache.http.client.ClientProtocolException
[1.168:16] ngr-check-dataset-record.feature:80 - feature call (loop) failed: classpath:InspireTest/ngr/datasetrecords/def/checkxlinkurl.template.feature
caller: classpath:InspireTest/ngr/datasetrecords/ngr-check-dataset-record.feature
items: [{link=http://www.opengis.net/def/crs/EPSG/0/https://www.opengis.net/def/crs/EPSG/0/4258}, {link=https://www.nationaalgeoregister.nl:443/geonetwork/srv/api/records/a5241416-8401-4623-be61-57ef50447a41}]
errors:
-------
feature call (loop) failed at index: 1
caller: classpath:InspireTest/ngr/datasetrecords/def/checkxlinkurl.template.feature
arg: {"link":"https://www.nationaalgeoregister.nl:443/geonetwork/srv/api/records/a5241416-8401-4623-be61-57ef50447a41"}
checkxlinkurl.template.feature:15 - status code was: 400, expected: 200, response time: 280, url: https://www.nationaalgeoregister.nl:443/geonetwork/srv/api/records/a5241416-8401-4623-be61-57ef50447a41, response: 
[1.169:16] ngr-check-dataset-record.feature:80 - feature call (loop) failed: classpath:InspireTest/ngr/datasetrecords/def/checkxlinkurl.template.feature
caller: classpath:InspireTest/ngr/datasetrecords/ngr-check-dataset-record.feature
items: [{link=https://nationaalgeoregister.nl/geonetwork/srv/resources052a3480-1031-4d29-ba55-01672e2c50d9}]
errors:
-------
feature call (loop) failed at index: 0
caller: classpath:InspireTest/ngr/datasetrecords/def/checkxlinkurl.template.feature
arg: {"link":"https://nationaalgeoregister.nl/geonetwork/srv/resources052a3480-1031-4d29-ba55-01672e2c50d9"}
checkxlinkurl.template.feature:15 - status code was: 404, expected: 200, response time: 280, url: https://nationaalgeoregister.nl/geonetwork/srv/resources052a3480-1031-4d29-ba55-01672e2c50d9, response: 
[1.170:16] ngr-check-dataset-record.feature:80 - feature call (loop) failed: classpath:InspireTest/ngr/datasetrecords/def/checkxlinkurl.template.feature
caller: classpath:InspireTest/ngr/datasetrecords/ngr-check-dataset-record.feature
items: [{link=http://nationaalgeoregister.nl/geonetwork/srv/dut/csw?SERVICE=CSW&version=2.0.2&REQUEST=GetRecordById&elementSetName=full&OutputSchema=http://www.isotc211.org/2005/gmd&ID=bc2c53f6-c908-4d7c-a6c0-78d9a2855640}, {link=https://creativecommons.org/publicdomain/mark/*/deed.nl}, {link=}]
errors:
-------
feature call (loop) failed at index: 1
caller: classpath:InspireTest/ngr/datasetrecords/def/checkxlinkurl.template.feature
arg: {"link":"https://creativecommons.org/publicdomain/mark/*/deed.nl"}
checkxlinkurl.template.feature:15 - status code was: 404, expected: 200, response time: 38, url: https://creativecommons.org/publicdomain/mark/*/deed.nl, response: 
-------
feature call (loop) failed at index: 2
caller: classpath:InspireTest/ngr/datasetrecords/def/checkxlinkurl.template.feature
arg: {"link":""}
checkxlinkurl.template.feature:14 - 
org.apache.http.client.ClientProtocolException
[1.171:16] ngr-check-dataset-record.feature:80 - feature call (loop) failed: classpath:InspireTest/ngr/datasetrecords/def/checkxlinkurl.template.feature
caller: classpath:InspireTest/ngr/datasetrecords/ngr-check-dataset-record.feature
items: [{link=http://nationaalgeoregister.nl/geonetwork/srv/dut/csw?SERVICE=CSW&version=2.0.2&REQUEST=GetRecordById&elementSetName=full&OutputSchema=http://www.isotc211.org/2005/gmd&ID=f5f68d51-2ca4-4897-8227-d3938b2b0a7e}, {link=https://creativecommons.org/publicdomain/mark/*/deed.nl}, {link=}]
errors:
-------
feature call (loop) failed at index: 1
caller: classpath:InspireTest/ngr/datasetrecords/def/checkxlinkurl.template.feature
arg: {"link":"https://creativecommons.org/publicdomain/mark/*/deed.nl"}
checkxlinkurl.template.feature:15 - status code was: 404, expected: 200, response time: 33, url: https://creativecommons.org/publicdomain/mark/*/deed.nl, response: 
-------
feature call (loop) failed at index: 2
caller: classpath:InspireTest/ngr/datasetrecords/def/checkxlinkurl.template.feature
arg: {"link":""}
checkxlinkurl.template.feature:14 - 
org.apache.http.client.ClientProtocolException
[1.172:16] ngr-check-dataset-record.feature:80 - feature call (loop) failed: classpath:InspireTest/ngr/datasetrecords/def/checkxlinkurl.template.feature
caller: classpath:InspireTest/ngr/datasetrecords/ngr-check-dataset-record.feature
items: [{link=https://www.nationaalgeoregister.nl/geonetwork/srv/dut/catalog.search#/metadata/krw2006-68b5-4ff3-94a4-9c24109ffd5e}, {link=http://rdfdata.eionet.europa.eu/inspirethemes/themes/24}, {link=https://ngr.geocat.live/geonetwork/srv/eng/thesaurus.download?ref=external.theme.httpinspireeceuropaeumetadatacodelistPrioritydataset-Prioritydataset}, {link=urn:ogc:def:crs:EPSG::5709}]
errors:
-------
feature call (loop) failed at index: 1
caller: classpath:InspireTest/ngr/datasetrecords/def/checkxlinkurl.template.feature
arg: {"link":"http://rdfdata.eionet.europa.eu/inspirethemes/themes/24"}
checkxlinkurl.template.feature:15 - status code was: 404, expected: 200, response time: 200, url: http://rdfdata.eionet.europa.eu/inspirethemes/themes/24, response: 
-------
feature call (loop) failed at index: 2
caller: classpath:InspireTest/ngr/datasetrecords/def/checkxlinkurl.template.feature
arg: {"link":"https://ngr.geocat.live/geonetwork/srv/eng/thesaurus.download?ref=external.theme.httpinspireeceuropaeumetadatacodelistPrioritydataset-Prioritydataset"}
checkxlinkurl.template.feature:15 - status code was: 500, expected: 200, response time: 315, url: https://ngr.geocat.live/geonetwork/srv/eng/thesaurus.download?ref=external.theme.httpinspireeceuropaeumetadatacodelistPrioritydataset-Prioritydataset, response: 
-------
feature call (loop) failed at index: 3
caller: classpath:InspireTest/ngr/datasetrecords/def/checkxlinkurl.template.feature
arg: {"link":"urn:ogc:def:crs:EPSG::5709"}
checkxlinkurl.template.feature:14 - 
org.apache.http.client.ClientProtocolException: URI does not specify a valid host name: urn:ogc:def:crs:EPSG::5709
[1.173:16] ngr-check-dataset-record.feature:80 - feature call (loop) failed: classpath:InspireTest/ngr/datasetrecords/def/checkxlinkurl.template.feature
caller: classpath:InspireTest/ngr/datasetrecords/ngr-check-dataset-record.feature
items: [{link=https://www.nationaalgeoregister.nl/geonetwork/srv/dut/catalog.search#/metadata/710c381c-ab2d-45d5-a45d-af2eba811e5f}, {link=http://rdfdata.eionet.europa.eu/inspirethemes/themes/8}, {link=urn:ogc:def:crs:EPSG::5709}]
errors:
-------
feature call (loop) failed at index: 1
caller: classpath:InspireTest/ngr/datasetrecords/def/checkxlinkurl.template.feature
arg: {"link":"http://rdfdata.eionet.europa.eu/inspirethemes/themes/8"}
checkxlinkurl.template.feature:15 - status code was: 404, expected: 200, response time: 200, url: http://rdfdata.eionet.europa.eu/inspirethemes/themes/8, response: 
-------
feature call (loop) failed at index: 2
caller: classpath:InspireTest/ngr/datasetrecords/def/checkxlinkurl.template.feature
arg: {"link":"urn:ogc:def:crs:EPSG::5709"}
checkxlinkurl.template.feature:14 - 
org.apache.http.client.ClientProtocolException: URI does not specify a valid host name: urn:ogc:def:crs:EPSG::5709
[1.174:16] ngr-check-dataset-record.feature:80 - feature call (loop) failed: classpath:InspireTest/ngr/datasetrecords/def/checkxlinkurl.template.feature
caller: classpath:InspireTest/ngr/datasetrecords/ngr-check-dataset-record.feature
items: [{link=http://www.opengis.net/def/crs/EPSG/0/http://www.opengis.net/def/crs/EPSG/0/3034}, {link=http://nationaalgeoregister.nl/geonetwork/srv/dut/csw?SERVICE=CSW&version=2.0.2&REQUEST=GetRecordById&elementSetName=full&OutputSchema=http://www.isotc211.org/2005/gmd&ID=60a2a7c2-d5b3-4ad5-b562-c448695357fb}, {link=https://creativecommons.org/publicdomain/mark/*/deed.nl}, {link=}]
errors:
-------
feature call (loop) failed at index: 2
caller: classpath:InspireTest/ngr/datasetrecords/def/checkxlinkurl.template.feature
arg: {"link":"https://creativecommons.org/publicdomain/mark/*/deed.nl"}
checkxlinkurl.template.feature:15 - status code was: 404, expected: 200, response time: 39, url: https://creativecommons.org/publicdomain/mark/*/deed.nl, response: 
-------
feature call (loop) failed at index: 3
caller: classpath:InspireTest/ngr/datasetrecords/def/checkxlinkurl.template.feature
arg: {"link":""}
checkxlinkurl.template.feature:14 - 
org.apache.http.client.ClientProtocolException
[1.175:16] ngr-check-dataset-record.feature:80 - feature call (loop) failed: classpath:InspireTest/ngr/datasetrecords/def/checkxlinkurl.template.feature
caller: classpath:InspireTest/ngr/datasetrecords/ngr-check-dataset-record.feature
items: [{link=http://www.opengis.net/def/crs/EPSG/0/http://www.opengis.net/def/crs/EPSG/0/3034}, {link=http://nationaalgeoregister.nl/geonetwork/srv/dut/csw?SERVICE=CSW&version=2.0.2&REQUEST=GetRecordById&elementSetName=full&OutputSchema=http://www.isotc211.org/2005/gmd&ID=f002bfc5-7d87-46b6-819e-8415422b65c9}, {link=https://creativecommons.org/publicdomain/mark/*/deed.nl}, {link=}]
errors:
-------
feature call (loop) failed at index: 2
caller: classpath:InspireTest/ngr/datasetrecords/def/checkxlinkurl.template.feature
arg: {"link":"https://creativecommons.org/publicdomain/mark/*/deed.nl"}
checkxlinkurl.template.feature:15 - status code was: 404, expected: 200, response time: 35, url: https://creativecommons.org/publicdomain/mark/*/deed.nl, response: 
-------
feature call (loop) failed at index: 3
caller: classpath:InspireTest/ngr/datasetrecords/def/checkxlinkurl.template.feature
arg: {"link":""}
checkxlinkurl.template.feature:14 - 
org.apache.http.client.ClientProtocolException
[1.176:16] ngr-check-dataset-record.feature:80 - feature call (loop) failed: classpath:InspireTest/ngr/datasetrecords/def/checkxlinkurl.template.feature
caller: classpath:InspireTest/ngr/datasetrecords/ngr-check-dataset-record.feature
items: [{link=http://www.opengis.net/def/crs/EPSG/0/http://www.opengis.net/def/crs/EPSG/0/3034}, {link=http://nationaalgeoregister.nl/geonetwork/srv/dut/csw?SERVICE=CSW&version=2.0.2&REQUEST=GetRecordById&elementSetName=full&OutputSchema=http://www.isotc211.org/2005/gmd&ID=cc408b2d-09a6-4b2b-9aa3-b46bfe2f00a5}, {link=https://creativecommons.org/publicdomain/mark/*/deed.nl}, {link=}]
errors:
-------
feature call (loop) failed at index: 2
caller: classpath:InspireTest/ngr/datasetrecords/def/checkxlinkurl.template.feature
arg: {"link":"https://creativecommons.org/publicdomain/mark/*/deed.nl"}
checkxlinkurl.template.feature:15 - status code was: 404, expected: 200, response time: 43, url: https://creativecommons.org/publicdomain/mark/*/deed.nl, response: 
-------
feature call (loop) failed at index: 3
caller: classpath:InspireTest/ngr/datasetrecords/def/checkxlinkurl.template.feature
arg: {"link":""}
checkxlinkurl.template.feature:14 - 
org.apache.http.client.ClientProtocolException
[1.177:16] ngr-check-dataset-record.feature:80 - feature call (loop) failed: classpath:InspireTest/ngr/datasetrecords/def/checkxlinkurl.template.feature
caller: classpath:InspireTest/ngr/datasetrecords/ngr-check-dataset-record.feature
items: [{link=http://www.opengis.net/def/crs/EPSG/0/http://www.opengis.net/def/crs/EPSG/0/3034}, {link=http://nationaalgeoregister.nl/geonetwork/srv/dut/csw?SERVICE=CSW&version=2.0.2&REQUEST=GetRecordById&elementSetName=full&OutputSchema=http://www.isotc211.org/2005/gmd&ID=49ab8bee-b467-486a-96ca-b950443c453a}, {link=https://creativecommons.org/publicdomain/mark/*/deed.nl}, {link=}]
errors:
-------
feature call (loop) failed at index: 2
caller: classpath:InspireTest/ngr/datasetrecords/def/checkxlinkurl.template.feature
arg: {"link":"https://creativecommons.org/publicdomain/mark/*/deed.nl"}
checkxlinkurl.template.feature:15 - status code was: 404, expected: 200, response time: 35, url: https://creativecommons.org/publicdomain/mark/*/deed.nl, response: 
-------
feature call (loop) failed at index: 3
caller: classpath:InspireTest/ngr/datasetrecords/def/checkxlinkurl.template.feature
arg: {"link":""}
checkxlinkurl.template.feature:14 - 
org.apache.http.client.ClientProtocolException
[1.178:16] ngr-check-dataset-record.feature:80 - feature call (loop) failed: classpath:InspireTest/ngr/datasetrecords/def/checkxlinkurl.template.feature
caller: classpath:InspireTest/ngr/datasetrecords/ngr-check-dataset-record.feature
items: [{link=https://www.nationaalgeoregister.nl/geonetwork/srv/dut/catalog.search#/metadata/110f9ec6-4464-462e-9765-83d90cefbeag}, {link=http://rdfdata.eionet.europa.eu/inspirethemes/themes/24}, {link=https://ngr.geocat.live/geonetwork/srv/eng/thesaurus.download?ref=external.theme.httpinspireeceuropaeumetadatacodelistPrioritydataset-Prioritydataset}, {link=urn:ogc:def:crs:EPSG::5709}]
errors:
-------
feature call (loop) failed at index: 1
caller: classpath:InspireTest/ngr/datasetrecords/def/checkxlinkurl.template.feature
arg: {"link":"http://rdfdata.eionet.europa.eu/inspirethemes/themes/24"}
checkxlinkurl.template.feature:15 - status code was: 404, expected: 200, response time: 200, url: http://rdfdata.eionet.europa.eu/inspirethemes/themes/24, response: 
-------
feature call (loop) failed at index: 2
caller: classpath:InspireTest/ngr/datasetrecords/def/checkxlinkurl.template.feature
arg: {"link":"https://ngr.geocat.live/geonetwork/srv/eng/thesaurus.download?ref=external.theme.httpinspireeceuropaeumetadatacodelistPrioritydataset-Prioritydataset"}
checkxlinkurl.template.feature:15 - status code was: 500, expected: 200, response time: 304, url: https://ngr.geocat.live/geonetwork/srv/eng/thesaurus.download?ref=external.theme.httpinspireeceuropaeumetadatacodelistPrioritydataset-Prioritydataset, response: 
-------
feature call (loop) failed at index: 3
caller: classpath:InspireTest/ngr/datasetrecords/def/checkxlinkurl.template.feature
arg: {"link":"urn:ogc:def:crs:EPSG::5709"}
checkxlinkurl.template.feature:14 - 
org.apache.http.client.ClientProtocolException: URI does not specify a valid host name: urn:ogc:def:crs:EPSG::5709
[1.179:16] ngr-check-dataset-record.feature:80 - feature call (loop) failed: classpath:InspireTest/ngr/datasetrecords/def/checkxlinkurl.template.feature
caller: classpath:InspireTest/ngr/datasetrecords/ngr-check-dataset-record.feature
items: [{link=https://www.nationaalgeoregister.nl/geonetwork/srv/dut/catalog.search#/metadata/ror-9d8e-4758-83fx-28b057f185g1}, {link=http://rdfdata.eionet.europa.eu/inspirethemes/themes/25}, {link=https://ngr.geocat.live/geonetwork/srv/eng/thesaurus.download?ref=external.theme.httpinspireeceuropaeumetadatacodelistPrioritydataset-Prioritydataset}, {link=urn:ogc:def:crs:EPSG::5709}]
errors:
-------
feature call (loop) failed at index: 1
caller: classpath:InspireTest/ngr/datasetrecords/def/checkxlinkurl.template.feature
arg: {"link":"http://rdfdata.eionet.europa.eu/inspirethemes/themes/25"}
checkxlinkurl.template.feature:15 - status code was: 404, expected: 200, response time: 201, url: http://rdfdata.eionet.europa.eu/inspirethemes/themes/25, response: 
-------
feature call (loop) failed at index: 2
caller: classpath:InspireTest/ngr/datasetrecords/def/checkxlinkurl.template.feature
arg: {"link":"https://ngr.geocat.live/geonetwork/srv/eng/thesaurus.download?ref=external.theme.httpinspireeceuropaeumetadatacodelistPrioritydataset-Prioritydataset"}
checkxlinkurl.template.feature:15 - status code was: 500, expected: 200, response time: 306, url: https://ngr.geocat.live/geonetwork/srv/eng/thesaurus.download?ref=external.theme.httpinspireeceuropaeumetadatacodelistPrioritydataset-Prioritydataset, response: 
-------
feature call (loop) failed at index: 3
caller: classpath:InspireTest/ngr/datasetrecords/def/checkxlinkurl.template.feature
arg: {"link":"urn:ogc:def:crs:EPSG::5709"}
checkxlinkurl.template.feature:14 - 
org.apache.http.client.ClientProtocolException: URI does not specify a valid host name: urn:ogc:def:crs:EPSG::5709
[1.180:16] ngr-check-dataset-record.feature:80 - feature call (loop) failed: classpath:InspireTest/ngr/datasetrecords/def/checkxlinkurl.template.feature
caller: classpath:InspireTest/ngr/datasetrecords/ngr-check-dataset-record.feature
items: [{link=https://www.nationaalgeoregister.nl/geonetwork/srv/dut/catalog.search#/metadata/a9b7026e-0a81-4813-93bd-ba49e6f28502}, {link=http://rdfdata.eionet.europa.eu/inspirethemes/themes/7}, {link=http://rdfdata.eionet.europa.eu/inspirethemes/themes/18}, {link=https://ngr.geocat.live/geonetwork/srv/eng/thesaurus.download?ref=external.theme.httpinspireeceuropaeumetadatacodelistPrioritydataset-Prioritydataset}, {link=urn:ogc:def:crs:EPSG::5709}]
errors:
-------
feature call (loop) failed at index: 1
caller: classpath:InspireTest/ngr/datasetrecords/def/checkxlinkurl.template.feature
arg: {"link":"http://rdfdata.eionet.europa.eu/inspirethemes/themes/7"}
checkxlinkurl.template.feature:15 - status code was: 404, expected: 200, response time: 199, url: http://rdfdata.eionet.europa.eu/inspirethemes/themes/7, response: 
-------
feature call (loop) failed at index: 2
caller: classpath:InspireTest/ngr/datasetrecords/def/checkxlinkurl.template.feature
arg: {"link":"http://rdfdata.eionet.europa.eu/inspirethemes/themes/18"}
checkxlinkurl.template.feature:15 - status code was: 404, expected: 200, response time: 199, url: http://rdfdata.eionet.europa.eu/inspirethemes/themes/18, response: 
-------
feature call (loop) failed at index: 3
caller: classpath:InspireTest/ngr/datasetrecords/def/checkxlinkurl.template.feature
arg: {"link":"https://ngr.geocat.live/geonetwork/srv/eng/thesaurus.download?ref=external.theme.httpinspireeceuropaeumetadatacodelistPrioritydataset-Prioritydataset"}
checkxlinkurl.template.feature:15 - status code was: 500, expected: 200, response time: 310, url: https://ngr.geocat.live/geonetwork/srv/eng/thesaurus.download?ref=external.theme.httpinspireeceuropaeumetadatacodelistPrioritydataset-Prioritydataset, response: 
-------
feature call (loop) failed at index: 4
caller: classpath:InspireTest/ngr/datasetrecords/def/checkxlinkurl.template.feature
arg: {"link":"urn:ogc:def:crs:EPSG::5709"}
checkxlinkurl.template.feature:14 - 
org.apache.http.client.ClientProtocolException: URI does not specify a valid host name: urn:ogc:def:crs:EPSG::5709
[1.183:16] ngr-check-dataset-record.feature:80 - feature call (loop) failed: classpath:InspireTest/ngr/datasetrecords/def/checkxlinkurl.template.feature
caller: classpath:InspireTest/ngr/datasetrecords/ngr-check-dataset-record.feature
items: [{link=}]
errors:
-------
feature call (loop) failed at index: 0
caller: classpath:InspireTest/ngr/datasetrecords/def/checkxlinkurl.template.feature
arg: {"link":""}
checkxlinkurl.template.feature:14 - 
org.apache.http.client.ClientProtocolException
[1.184:16] ngr-check-dataset-record.feature:80 - feature call (loop) failed: classpath:InspireTest/ngr/datasetrecords/def/checkxlinkurl.template.feature
caller: classpath:InspireTest/ngr/datasetrecords/ngr-check-dataset-record.feature
items: [{link=http://kadaster/79a1c01b-21ad-43e8-a5c2-23e3eeb95be2}, {link=}]
errors:
-------
feature call (loop) failed at index: 0
caller: classpath:InspireTest/ngr/datasetrecords/def/checkxlinkurl.template.feature
arg: {"link":"http://kadaster/79a1c01b-21ad-43e8-a5c2-23e3eeb95be2"}
checkxlinkurl.template.feature:14 - 
java.net.UnknownHostException: kadaster
-------
feature call (loop) failed at index: 1
caller: classpath:InspireTest/ngr/datasetrecords/def/checkxlinkurl.template.feature
arg: {"link":""}
checkxlinkurl.template.feature:14 - 
org.apache.http.client.ClientProtocolException
[1.185:16] ngr-check-dataset-record.feature:80 - feature call (loop) failed: classpath:InspireTest/ngr/datasetrecords/def/checkxlinkurl.template.feature
caller: classpath:InspireTest/ngr/datasetrecords/ngr-check-dataset-record.feature
items: [{link=https://www.nationaalgeoregister.nl/geonetwork/srv/dut/catalog.search#/metadata/25294679-adb9-4c39-a93b-6954ff9414ac}, {link=http://rdfdata.eionet.europa.eu/inspirethemes/themes/20}, {link=http://rdfdata.eionet.europa.eu/inspirethemes/themes/28}, {link=urn:ogc:def:crs:EPSG::5709}]
errors:
-------
feature call (loop) failed at index: 1
caller: classpath:InspireTest/ngr/datasetrecords/def/checkxlinkurl.template.feature
arg: {"link":"http://rdfdata.eionet.europa.eu/inspirethemes/themes/20"}
checkxlinkurl.template.feature:15 - status code was: 404, expected: 200, response time: 200, url: http://rdfdata.eionet.europa.eu/inspirethemes/themes/20, response: 
-------
feature call (loop) failed at index: 2
caller: classpath:InspireTest/ngr/datasetrecords/def/checkxlinkurl.template.feature
arg: {"link":"http://rdfdata.eionet.europa.eu/inspirethemes/themes/28"}
checkxlinkurl.template.feature:15 - status code was: 404, expected: 200, response time: 200, url: http://rdfdata.eionet.europa.eu/inspirethemes/themes/28, response: 
-------
feature call (loop) failed at index: 3
caller: classpath:InspireTest/ngr/datasetrecords/def/checkxlinkurl.template.feature
arg: {"link":"urn:ogc:def:crs:EPSG::5709"}
checkxlinkurl.template.feature:14 - 
org.apache.http.client.ClientProtocolException: URI does not specify a valid host name: urn:ogc:def:crs:EPSG::5709
[1.186:16] ngr-check-dataset-record.feature:80 - feature call (loop) failed: classpath:InspireTest/ngr/datasetrecords/def/checkxlinkurl.template.feature
caller: classpath:InspireTest/ngr/datasetrecords/ngr-check-dataset-record.feature
items: [{link=http://www.opengis.net/def/crs/EPSG/0/http://www.opengis.net/def/crs/EPSG/0/3034}, {link=http://nationaalgeoregister.nl/geonetwork/srv/dut/csw?SERVICE=CSW&version=2.0.2&REQUEST=GetRecordById&elementSetName=full&OutputSchema=http://www.isotc211.org/2005/gmd&ID=f0821bfe-5a0a-11e9-8647-d663bd873d93}, {link=https://creativecommons.org/publicdomain/mark/*/deed.nl}, {link=}]
errors:
-------
feature call (loop) failed at index: 2
caller: classpath:InspireTest/ngr/datasetrecords/def/checkxlinkurl.template.feature
arg: {"link":"https://creativecommons.org/publicdomain/mark/*/deed.nl"}
checkxlinkurl.template.feature:15 - status code was: 404, expected: 200, response time: 177, url: https://creativecommons.org/publicdomain/mark/*/deed.nl, response: 
-------
feature call (loop) failed at index: 3
caller: classpath:InspireTest/ngr/datasetrecords/def/checkxlinkurl.template.feature
arg: {"link":""}
checkxlinkurl.template.feature:14 - 
org.apache.http.client.ClientProtocolException
[1.187:16] ngr-check-dataset-record.feature:80 - feature call (loop) failed: classpath:InspireTest/ngr/datasetrecords/def/checkxlinkurl.template.feature
caller: classpath:InspireTest/ngr/datasetrecords/ngr-check-dataset-record.feature
items: [{link=http://www.opengis.net/def/crs/EPSG/0/http://www.opengis.net/def/crs/EPSG/0/3034}, {link=http://nationaalgeoregister.nl/geonetwork/srv/dut/csw?SERVICE=CSW&version=2.0.2&REQUEST=GetRecordById&elementSetName=full&OutputSchema=http://www.isotc211.org/2005/gmd&ID=88f76a94-ee4d-4e0c-9fde-91b692403e39}, {link=https://creativecommons.org/publicdomain/mark/*/deed.nl}, {link=}]
errors:
-------
feature call (loop) failed at index: 2
caller: classpath:InspireTest/ngr/datasetrecords/def/checkxlinkurl.template.feature
arg: {"link":"https://creativecommons.org/publicdomain/mark/*/deed.nl"}
checkxlinkurl.template.feature:15 - status code was: 404, expected: 200, response time: 35, url: https://creativecommons.org/publicdomain/mark/*/deed.nl, response: 
-------
feature call (loop) failed at index: 3
caller: classpath:InspireTest/ngr/datasetrecords/def/checkxlinkurl.template.feature
arg: {"link":""}
checkxlinkurl.template.feature:14 - 
org.apache.http.client.ClientProtocolException
[1.188:16] ngr-check-dataset-record.feature:80 - feature call (loop) failed: classpath:InspireTest/ngr/datasetrecords/def/checkxlinkurl.template.feature
caller: classpath:InspireTest/ngr/datasetrecords/ngr-check-dataset-record.feature
items: [{link=https://www.nationaalgeoregister.nl/geonetwork/srv/dut/catalog.search#/metadata/eu-cb527d-f6db-4835-b0cd-deb245241254}, {link=http://rdfdata.eionet.europa.eu/inspirethemes/themes/7}, {link=http://inspire.ec.europa.eu/metadata-codelist/Prioritydataset/SurfaceWaterBodies-dir-2000-60}, {link=https://ngr.geocat.live/geonetwork/srv/eng/thesaurus.download?ref=external.theme.httpinspireeceuropaeumetadatacodelistPrioritydataset-Prioritydataset}]
errors:
-------
feature call (loop) failed at index: 1
caller: classpath:InspireTest/ngr/datasetrecords/def/checkxlinkurl.template.feature
arg: {"link":"http://rdfdata.eionet.europa.eu/inspirethemes/themes/7"}
checkxlinkurl.template.feature:15 - status code was: 404, expected: 200, response time: 199, url: http://rdfdata.eionet.europa.eu/inspirethemes/themes/7, response: 
-------
feature call (loop) failed at index: 2
caller: classpath:InspireTest/ngr/datasetrecords/def/checkxlinkurl.template.feature
arg: {"link":"http://inspire.ec.europa.eu/metadata-codelist/Prioritydataset/SurfaceWaterBodies-dir-2000-60"}
checkxlinkurl.template.feature:15 - status code was: 404, expected: 200, response time: 436, url: http://inspire.ec.europa.eu/metadata-codelist/Prioritydataset/SurfaceWaterBodies-dir-2000-60, response: 
-------
feature call (loop) failed at index: 3
caller: classpath:InspireTest/ngr/datasetrecords/def/checkxlinkurl.template.feature
arg: {"link":"https://ngr.geocat.live/geonetwork/srv/eng/thesaurus.download?ref=external.theme.httpinspireeceuropaeumetadatacodelistPrioritydataset-Prioritydataset"}
checkxlinkurl.template.feature:15 - status code was: 500, expected: 200, response time: 445, url: https://ngr.geocat.live/geonetwork/srv/eng/thesaurus.download?ref=external.theme.httpinspireeceuropaeumetadatacodelistPrioritydataset-Prioritydataset, response: 
[1.189:16] ngr-check-dataset-record.feature:80 - feature call (loop) failed: classpath:InspireTest/ngr/datasetrecords/def/checkxlinkurl.template.feature
caller: classpath:InspireTest/ngr/datasetrecords/ngr-check-dataset-record.feature
items: [{link=http://www.opengis.net/def/crs/EPSG/0/https://www.opengis.net/def/crs/EPSG/0/4258}, {link=https://www.nationaalgeoregister.nl/geonetwork/srv/api/recordse8b84fae-00b3-49c1-80c1-df8f69f64e8c}]
errors:
-------
feature call (loop) failed at index: 1
caller: classpath:InspireTest/ngr/datasetrecords/def/checkxlinkurl.template.feature
arg: {"link":"https://www.nationaalgeoregister.nl/geonetwork/srv/api/recordse8b84fae-00b3-49c1-80c1-df8f69f64e8c"}
checkxlinkurl.template.feature:15 - status code was: 500, expected: 200, response time: 309, url: https://www.nationaalgeoregister.nl/geonetwork/srv/api/recordse8b84fae-00b3-49c1-80c1-df8f69f64e8c, response: 
[1.190:16] ngr-check-dataset-record.feature:80 - feature call (loop) failed: classpath:InspireTest/ngr/datasetrecords/def/checkxlinkurl.template.feature
caller: classpath:InspireTest/ngr/datasetrecords/ngr-check-dataset-record.feature
items: [{link=http://www.opengis.net/def/crs/EPSG/0/https://www.opengis.net/def/crs/EPSG/0/4258}, {link=https://www.nationaalgeoregister.nl/geonetwork/srv/api/records4cda487b-c467-490c-a843-6563fec016be}]
errors:
-------
feature call (loop) failed at index: 1
caller: classpath:InspireTest/ngr/datasetrecords/def/checkxlinkurl.template.feature
arg: {"link":"https://www.nationaalgeoregister.nl/geonetwork/srv/api/records4cda487b-c467-490c-a843-6563fec016be"}
checkxlinkurl.template.feature:15 - status code was: 500, expected: 200, response time: 323, url: https://www.nationaalgeoregister.nl/geonetwork/srv/api/records4cda487b-c467-490c-a843-6563fec016be, response: 
[1.191:16] ngr-check-dataset-record.feature:80 - feature call (loop) failed: classpath:InspireTest/ngr/datasetrecords/def/checkxlinkurl.template.feature
caller: classpath:InspireTest/ngr/datasetrecords/ngr-check-dataset-record.feature
items: [{link=https://ngr.acceptatie.nationaalgeoregister.nl/geonetwork/srv/resources03671a9e-6aaf-464d-be99-9aad25cef9e3}, {link=http://standaarden.overheid.nl/owms/terms/Ministerie_van_Landbouw,_Natuur_en_Voedselkwaliteit}]
errors:
-------
feature call (loop) failed at index: 0
caller: classpath:InspireTest/ngr/datasetrecords/def/checkxlinkurl.template.feature
arg: {"link":"https://ngr.acceptatie.nationaalgeoregister.nl/geonetwork/srv/resources03671a9e-6aaf-464d-be99-9aad25cef9e3"}
checkxlinkurl.template.feature:15 - status code was: 404, expected: 200, response time: 279, url: https://ngr.acceptatie.nationaalgeoregister.nl/geonetwork/srv/resources03671a9e-6aaf-464d-be99-9aad25cef9e3, response: 
[1.192:16] ngr-check-dataset-record.feature:80 - feature call (loop) failed: classpath:InspireTest/ngr/datasetrecords/def/checkxlinkurl.template.feature
caller: classpath:InspireTest/ngr/datasetrecords/ngr-check-dataset-record.feature
items: [{link=https://ngr.acceptatie.nationaalgeoregister.nl/geonetwork/srv/resourcesbbe3c19d-12b0-4912-a6f4-46eb189e85ac}, {link=http://rdfdata.eionet.europa.eu/inspirethemes/themes/16}, {link=http://geonetwork-opensource.org/inspire-theme#}, {link=https://www.nationaalgeoregister.nl/geonetwork/srv/eng/thesaurus.download?ref=external.theme.inspire-theme}]
errors:
-------
feature call (loop) failed at index: 0
caller: classpath:InspireTest/ngr/datasetrecords/def/checkxlinkurl.template.feature
arg: {"link":"https://ngr.acceptatie.nationaalgeoregister.nl/geonetwork/srv/resourcesbbe3c19d-12b0-4912-a6f4-46eb189e85ac"}
checkxlinkurl.template.feature:15 - status code was: 404, expected: 200, response time: 281, url: https://ngr.acceptatie.nationaalgeoregister.nl/geonetwork/srv/resourcesbbe3c19d-12b0-4912-a6f4-46eb189e85ac, response: 
-------
feature call (loop) failed at index: 1
caller: classpath:InspireTest/ngr/datasetrecords/def/checkxlinkurl.template.feature
arg: {"link":"http://rdfdata.eionet.europa.eu/inspirethemes/themes/16"}
checkxlinkurl.template.feature:15 - status code was: 404, expected: 200, response time: 202, url: http://rdfdata.eionet.europa.eu/inspirethemes/themes/16, response: 
-------
feature call (loop) failed at index: 2
caller: classpath:InspireTest/ngr/datasetrecords/def/checkxlinkurl.template.feature
arg: {"link":"http://geonetwork-opensource.org/inspire-theme#"}
checkxlinkurl.template.feature:15 - status code was: 404, expected: 200, response time: 398, url: http://geonetwork-opensource.org/inspire-theme#, response: 
-------
feature call (loop) failed at index: 3
caller: classpath:InspireTest/ngr/datasetrecords/def/checkxlinkurl.template.feature
arg: {"link":"https://www.nationaalgeoregister.nl/geonetwork/srv/eng/thesaurus.download?ref=external.theme.inspire-theme"}
checkxlinkurl.template.feature:15 - status code was: 500, expected: 200, response time: 307, url: https://www.nationaalgeoregister.nl/geonetwork/srv/eng/thesaurus.download?ref=external.theme.inspire-theme, response: 
[1.193:16] ngr-check-dataset-record.feature:80 - feature call (loop) failed: classpath:InspireTest/ngr/datasetrecords/def/checkxlinkurl.template.feature
caller: classpath:InspireTest/ngr/datasetrecords/ngr-check-dataset-record.feature
items: [{link=http://kadaster/06b6c650-cdb1-11dd-ad8b-0800200c9a81}]
errors:
-------
feature call (loop) failed at index: 0
caller: classpath:InspireTest/ngr/datasetrecords/def/checkxlinkurl.template.feature
arg: {"link":"http://kadaster/06b6c650-cdb1-11dd-ad8b-0800200c9a81"}
checkxlinkurl.template.feature:14 - 
java.net.UnknownHostException: kadaster: Temporary failure in name resolution
[1.194:16] ngr-check-dataset-record.feature:80 - feature call (loop) failed: classpath:InspireTest/ngr/datasetrecords/def/checkxlinkurl.template.feature
caller: classpath:InspireTest/ngr/datasetrecords/ngr-check-dataset-record.feature
items: [{link=https://ngr.acceptatie.nationaalgeoregister.nl/geonetwork/srv/resourcesc7a15080-2724-11e2-81c1-0800200c9a66}, {link=http://rdfdata.eionet.europa.eu/inspirethemes/themes/13}, {link=http://rdfdata.eionet.europa.eu/inspirethemes/themes/#}, {link=https://www.nationaalgeoregister.nl/geonetwork/srv/eng/thesaurus.download?ref=external.theme.inspire-theme}]
errors:
-------
feature call (loop) failed at index: 0
caller: classpath:InspireTest/ngr/datasetrecords/def/checkxlinkurl.template.feature
arg: {"link":"https://ngr.acceptatie.nationaalgeoregister.nl/geonetwork/srv/resourcesc7a15080-2724-11e2-81c1-0800200c9a66"}
checkxlinkurl.template.feature:15 - status code was: 404, expected: 200, response time: 279, url: https://ngr.acceptatie.nationaalgeoregister.nl/geonetwork/srv/resourcesc7a15080-2724-11e2-81c1-0800200c9a66, response: 
-------
feature call (loop) failed at index: 1
caller: classpath:InspireTest/ngr/datasetrecords/def/checkxlinkurl.template.feature
arg: {"link":"http://rdfdata.eionet.europa.eu/inspirethemes/themes/13"}
checkxlinkurl.template.feature:15 - status code was: 404, expected: 200, response time: 199, url: http://rdfdata.eionet.europa.eu/inspirethemes/themes/13, response: 
-------
feature call (loop) failed at index: 2
caller: classpath:InspireTest/ngr/datasetrecords/def/checkxlinkurl.template.feature
arg: {"link":"http://rdfdata.eionet.europa.eu/inspirethemes/themes/#"}
checkxlinkurl.template.feature:15 - status code was: 404, expected: 200, response time: 201, url: http://rdfdata.eionet.europa.eu/inspirethemes/themes/#, response: 
-------
feature call (loop) failed at index: 3
caller: classpath:InspireTest/ngr/datasetrecords/def/checkxlinkurl.template.feature
arg: {"link":"https://www.nationaalgeoregister.nl/geonetwork/srv/eng/thesaurus.download?ref=external.theme.inspire-theme"}
checkxlinkurl.template.feature:15 - status code was: 500, expected: 200, response time: 316, url: https://www.nationaalgeoregister.nl/geonetwork/srv/eng/thesaurus.download?ref=external.theme.inspire-theme, response: 
[1.195:16] ngr-check-dataset-record.feature:80 - feature call (loop) failed: classpath:InspireTest/ngr/datasetrecords/def/checkxlinkurl.template.feature
caller: classpath:InspireTest/ngr/datasetrecords/ngr-check-dataset-record.feature
items: [{link=https://nationaalgeoregister.nl/geonetwork/srv/resourcesce4a6d93-83d6-4397-afa1-d4117d5ce76b}, {link=http://rdfdata.eionet.europa.eu/inspirethemes/themes/34}, {link=http://geonetwork-opensource.org/inspire-theme#}, {link=https://www.nationaalgeoregister.nl/geonetwork/srv/eng/thesaurus.download?ref=external.theme.inspire-theme}]
errors:
-------
feature call (loop) failed at index: 0
caller: classpath:InspireTest/ngr/datasetrecords/def/checkxlinkurl.template.feature
arg: {"link":"https://nationaalgeoregister.nl/geonetwork/srv/resourcesce4a6d93-83d6-4397-afa1-d4117d5ce76b"}
checkxlinkurl.template.feature:15 - status code was: 404, expected: 200, response time: 296, url: https://nationaalgeoregister.nl/geonetwork/srv/resourcesce4a6d93-83d6-4397-afa1-d4117d5ce76b, response: 
-------
feature call (loop) failed at index: 1
caller: classpath:InspireTest/ngr/datasetrecords/def/checkxlinkurl.template.feature
arg: {"link":"http://rdfdata.eionet.europa.eu/inspirethemes/themes/34"}
checkxlinkurl.template.feature:15 - status code was: 404, expected: 200, response time: 200, url: http://rdfdata.eionet.europa.eu/inspirethemes/themes/34, response: 
-------
feature call (loop) failed at index: 2
caller: classpath:InspireTest/ngr/datasetrecords/def/checkxlinkurl.template.feature
arg: {"link":"http://geonetwork-opensource.org/inspire-theme#"}
checkxlinkurl.template.feature:15 - status code was: 404, expected: 200, response time: 397, url: http://geonetwork-opensource.org/inspire-theme#, response: 
-------
feature call (loop) failed at index: 3
caller: classpath:InspireTest/ngr/datasetrecords/def/checkxlinkurl.template.feature
arg: {"link":"https://www.nationaalgeoregister.nl/geonetwork/srv/eng/thesaurus.download?ref=external.theme.inspire-theme"}
checkxlinkurl.template.feature:15 - status code was: 500, expected: 200, response time: 308, url: https://www.nationaalgeoregister.nl/geonetwork/srv/eng/thesaurus.download?ref=external.theme.inspire-theme, response: 
[1.196:16] ngr-check-dataset-record.feature:80 - feature call (loop) failed: classpath:InspireTest/ngr/datasetrecords/def/checkxlinkurl.template.feature
caller: classpath:InspireTest/ngr/datasetrecords/ngr-check-dataset-record.feature
items: [{link=http://kadaster/2482250f-3b00-4439-9f93-f3118229b024}, {link=}, {link=}, {link=}]
errors:
-------
feature call (loop) failed at index: 0
caller: classpath:InspireTest/ngr/datasetrecords/def/checkxlinkurl.template.feature
arg: {"link":"http://kadaster/2482250f-3b00-4439-9f93-f3118229b024"}
checkxlinkurl.template.feature:14 - 
java.net.UnknownHostException: kadaster
-------
feature call (loop) failed at index: 1
caller: classpath:InspireTest/ngr/datasetrecords/def/checkxlinkurl.template.feature
arg: {"link":""}
checkxlinkurl.template.feature:14 - 
org.apache.http.client.ClientProtocolException
-------
feature call (loop) failed at index: 2
caller: classpath:InspireTest/ngr/datasetrecords/def/checkxlinkurl.template.feature
arg: {"link":""}
checkxlinkurl.template.feature:14 - 
org.apache.http.client.ClientProtocolException
-------
feature call (loop) failed at index: 3
caller: classpath:InspireTest/ngr/datasetrecords/def/checkxlinkurl.template.feature
arg: {"link":""}
checkxlinkurl.template.feature:14 - 
org.apache.http.client.ClientProtocolException
[1.197:16] ngr-check-dataset-record.feature:80 - feature call (loop) failed: classpath:InspireTest/ngr/datasetrecords/def/checkxlinkurl.template.feature
caller: classpath:InspireTest/ngr/datasetrecords/ngr-check-dataset-record.feature
items: [{link=http://kadaster/7c22107ea-5e31-4bbc-8e24-d15fe230062e}]
errors:
-------
feature call (loop) failed at index: 0
caller: classpath:InspireTest/ngr/datasetrecords/def/checkxlinkurl.template.feature
arg: {"link":"http://kadaster/7c22107ea-5e31-4bbc-8e24-d15fe230062e"}
checkxlinkurl.template.feature:14 - 
java.net.UnknownHostException: kadaster
[1.198:16] ngr-check-dataset-record.feature:80 - feature call (loop) failed: classpath:InspireTest/ngr/datasetrecords/def/checkxlinkurl.template.feature
caller: classpath:InspireTest/ngr/datasetrecords/ngr-check-dataset-record.feature
items: [{link=https://www.nationaalgeoregister.nl/geonetwork/srv/dut/catalog.search#/metadata/831f7bd7-c2ae-4336-bd2f-47ab20d7cdb7}, {link=http://rdfdata.eionet.europa.eu/inspirethemes/themes/7}, {link=urn:ogc:def:crs:EPSG::5709}]
errors:
-------
feature call (loop) failed at index: 1
caller: classpath:InspireTest/ngr/datasetrecords/def/checkxlinkurl.template.feature
arg: {"link":"http://rdfdata.eionet.europa.eu/inspirethemes/themes/7"}
checkxlinkurl.template.feature:15 - status code was: 404, expected: 200, response time: 202, url: http://rdfdata.eionet.europa.eu/inspirethemes/themes/7, response: 
-------
feature call (loop) failed at index: 2
caller: classpath:InspireTest/ngr/datasetrecords/def/checkxlinkurl.template.feature
arg: {"link":"urn:ogc:def:crs:EPSG::5709"}
checkxlinkurl.template.feature:14 - 
org.apache.http.client.ClientProtocolException: URI does not specify a valid host name: urn:ogc:def:crs:EPSG::5709
[1.199:16] ngr-check-dataset-record.feature:80 - feature call (loop) failed: classpath:InspireTest/ngr/datasetrecords/def/checkxlinkurl.template.feature
caller: classpath:InspireTest/ngr/datasetrecords/ngr-check-dataset-record.feature
items: [{link=https://ngr.acceptatie.nationaalgeoregister.nl/geonetwork/srv/resourcesc7662717-9e43-4367-a344-723d73abbb3e}]
errors:
-------
feature call (loop) failed at index: 0
caller: classpath:InspireTest/ngr/datasetrecords/def/checkxlinkurl.template.feature
arg: {"link":"https://ngr.acceptatie.nationaalgeoregister.nl/geonetwork/srv/resourcesc7662717-9e43-4367-a344-723d73abbb3e"}
checkxlinkurl.template.feature:15 - status code was: 404, expected: 200, response time: 308, url: https://ngr.acceptatie.nationaalgeoregister.nl/geonetwork/srv/resourcesc7662717-9e43-4367-a344-723d73abbb3e, response: 
[1.200:16] ngr-check-dataset-record.feature:80 - feature call (loop) failed: classpath:InspireTest/ngr/datasetrecords/def/checkxlinkurl.template.feature
caller: classpath:InspireTest/ngr/datasetrecords/ngr-check-dataset-record.feature
items: [{link=http://standaarden.overheid.nl/owms/terms/Ministerie_van_Landbouw,_Natuur_en_Voedselkwaliteit}, {link=http://nationaalgeoregister.nl/geonetwork/srv/dut/catalog.search#/metadata/280ed37a-b8d2-4ac5-8567-04d84fad3a41}, {link=https://creativecommons.org/publicdomain/mark/*/deed.nl}, {link=https://data.overheid.nl/organisatie/PDOK}]
errors:
-------
feature call (loop) failed at index: 2
caller: classpath:InspireTest/ngr/datasetrecords/def/checkxlinkurl.template.feature
arg: {"link":"https://creativecommons.org/publicdomain/mark/*/deed.nl"}
checkxlinkurl.template.feature:15 - status code was: 404, expected: 200, response time: 34, url: https://creativecommons.org/publicdomain/mark/*/deed.nl, response: 
-------
feature call (loop) failed at index: 3
caller: classpath:InspireTest/ngr/datasetrecords/def/checkxlinkurl.template.feature
arg: {"link":"https://data.overheid.nl/organisatie/PDOK"}
checkxlinkurl.template.feature:15 - status code was: 404, expected: 200, response time: 386, url: https://data.overheid.nl/organisatie/PDOK, response: 
InspireTest.ngr.datasetrecords.check-known-dataset-record: [1.1:16] check-known-dataset-record.feature:79 - feature call (loop) failed: classpath:InspireTest/ngr/datasetrecords/def/checkxlinkurl.template.feature
caller: classpath:InspireTest/ngr/datasetrecords/check-known-dataset-record.feature
items: [{link=https://nationaalgeoregister.nl/geonetwork/srv/resourcesff07bd5a-d6eb-11ea-87d0-0242ac130003}, {link=https://www.nationaalgeoregister.nl/geonetwork/srv/eng/thesaurus.download?ref=external.theme.inspire-theme}]
errors:
-------
feature call (loop) failed at index: 0
caller: classpath:InspireTest/ngr/datasetrecords/def/checkxlinkurl.template.feature
arg: {"link":"https://nationaalgeoregister.nl/geonetwork/srv/resourcesff07bd5a-d6eb-11ea-87d0-0242ac130003"}
checkxlinkurl.template.feature:15 - status code was: 404, expected: 200, response time: 279, url: https://nationaalgeoregister.nl/geonetwork/srv/resourcesff07bd5a-d6eb-11ea-87d0-0242ac130003, response: 
-------
feature call (loop) failed at index: 1
caller: classpath:InspireTest/ngr/datasetrecords/def/checkxlinkurl.template.feature
arg: {"link":"https://www.nationaalgeoregister.nl/geonetwork/srv/eng/thesaurus.download?ref=external.theme.inspire-theme"}
checkxlinkurl.template.feature:15 - status code was: 500, expected: 200, response time: 485, url: https://www.nationaalgeoregister.nl/geonetwork/srv/eng/thesaurus.download?ref=external.theme.inspire-theme, response: 
[1.3:16] check-known-dataset-record.feature:79 - feature call (loop) failed: classpath:InspireTest/ngr/datasetrecords/def/checkxlinkurl.template.feature
caller: classpath:InspireTest/ngr/datasetrecords/check-known-dataset-record.feature
items: [{link=http://standaarden.overheid.nl/owms/terms/Ministerie_van_Landbouw,_Natuur_en_Voedselkwaliteit}, {link=http://nationaalgeoregister.nl/geonetwork/srv/dut/catalog.search#/metadata/247a1d15-0a67-40ce-85be-1403c08f15a8}, {link=http://standaarden.overheid.nl/owms/terms/Ministerie_van_Landbouw,_Natuur_en_Voedselkwaliteit}, {link=http://standaarden.overheid.nl/owms/terms/Ministerie_van_Landbouw,_Natuur_en_Voedselkwaliteit}, {link=xlink:href=https://inspire.ec.europa.eu/id/document/tg/ps}, {link=https://data.overheid.nl/organisatie/PDOK}]
errors:
-------
feature call (loop) failed at index: 4
caller: classpath:InspireTest/ngr/datasetrecords/def/checkxlinkurl.template.feature
arg: {"link":"xlink:href=https://inspire.ec.europa.eu/id/document/tg/ps"}
checkxlinkurl.template.feature:14 - 
org.apache.http.client.ClientProtocolException: URI does not specify a valid host name: xlink:href=https://inspire.ec.europa.eu/id/document/tg/ps
-------
feature call (loop) failed at index: 5
caller: classpath:InspireTest/ngr/datasetrecords/def/checkxlinkurl.template.feature
arg: {"link":"https://data.overheid.nl/organisatie/PDOK"}
checkxlinkurl.template.feature:15 - status code was: 404, expected: 200, response time: 429, url: https://data.overheid.nl/organisatie/PDOK, response: 
[1.4:16] check-known-dataset-record.feature:79 - feature call (loop) failed: classpath:InspireTest/ngr/datasetrecords/def/checkxlinkurl.template.feature
caller: classpath:InspireTest/ngr/datasetrecords/check-known-dataset-record.feature
items: [{link=http://kadaster/06b6c650-cdb1-11dd-ad8b-0800200c9a78}]
errors:
-------
feature call (loop) failed at index: 0
caller: classpath:InspireTest/ngr/datasetrecords/def/checkxlinkurl.template.feature
arg: {"link":"http://kadaster/06b6c650-cdb1-11dd-ad8b-0800200c9a78"}
checkxlinkurl.template.feature:14 - 
java.net.UnknownHostException: kadaster: Temporary failure in name resolution
[1.5:16] check-known-dataset-record.feature:79 - feature call (loop) failed: classpath:InspireTest/ngr/datasetrecords/def/checkxlinkurl.template.feature
caller: classpath:InspireTest/ngr/datasetrecords/check-known-dataset-record.feature
items: [{link=http://kadaster/7c22107ea-5e31-4bbc-8e24-d15fe230062e}]
errors:
-------
feature call (loop) failed at index: 0
caller: classpath:InspireTest/ngr/datasetrecords/def/checkxlinkurl.template.feature
arg: {"link":"http://kadaster/7c22107ea-5e31-4bbc-8e24-d15fe230062e"}
checkxlinkurl.template.feature:14 - 
java.net.UnknownHostException: kadaster
[1.6:16] check-known-dataset-record.feature:79 - feature call (loop) failed: classpath:InspireTest/ngr/datasetrecords/def/checkxlinkurl.template.feature
caller: classpath:InspireTest/ngr/datasetrecords/check-known-dataset-record.feature
items: [{link=http://www.opengis.net/def/crs/EPSG/0/http://www.opengis.net/def/crs/EPSG/0/4258}, {link=http://kadaster/cb4edbd2-2dca-4d44-92bb-b2202048b526}]
errors:
-------
feature call (loop) failed at index: 1
caller: classpath:InspireTest/ngr/datasetrecords/def/checkxlinkurl.template.feature
arg: {"link":"http://kadaster/cb4edbd2-2dca-4d44-92bb-b2202048b526"}
checkxlinkurl.template.feature:14 - 
java.net.UnknownHostException: kadaster
[1.7:16] check-known-dataset-record.feature:79 - feature call (loop) failed: classpath:InspireTest/ngr/datasetrecords/def/checkxlinkurl.template.feature
caller: classpath:InspireTest/ngr/datasetrecords/check-known-dataset-record.feature
items: [{link=https://data.rivm.nl/inspire/id#7247293d-2113-44d8-b335-8167b2ec4d1b}]
errors:
-------
feature call (loop) failed at index: 0
caller: classpath:InspireTest/ngr/datasetrecords/def/checkxlinkurl.template.feature
arg: {"link":"https://data.rivm.nl/inspire/id#7247293d-2113-44d8-b335-8167b2ec4d1b"}
checkxlinkurl.template.feature:14 - 
javax.net.ssl.SSLException: Connection reset
[1.8:16] check-known-dataset-record.feature:79 - feature call (loop) failed: classpath:InspireTest/ngr/datasetrecords/def/checkxlinkurl.template.feature
caller: classpath:InspireTest/ngr/datasetrecords/check-known-dataset-record.feature
items: [{link=http://kadaster/06b6c650-cdb1-11dd-ad8b-0800200c9a79}]
errors:
-------
feature call (loop) failed at index: 0
caller: classpath:InspireTest/ngr/datasetrecords/def/checkxlinkurl.template.feature
arg: {"link":"http://kadaster/06b6c650-cdb1-11dd-ad8b-0800200c9a79"}
checkxlinkurl.template.feature:14 - 
java.net.UnknownHostException: kadaster
[1.9:16] check-known-dataset-record.feature:79 - feature call (loop) failed: classpath:InspireTest/ngr/datasetrecords/def/checkxlinkurl.template.feature
caller: classpath:InspireTest/ngr/datasetrecords/check-known-dataset-record.feature
items: [{link=https://ngr.acceptatie.nationaalgeoregister.nl/geonetwork/srv/resourcesbbe3c19d-12b0-4912-a6f4-46eb189e85ac}, {link=http://rdfdata.eionet.europa.eu/inspirethemes/themes/16}, {link=http://geonetwork-opensource.org/inspire-theme#}, {link=https://www.nationaalgeoregister.nl/geonetwork/srv/eng/thesaurus.download?ref=external.theme.inspire-theme}]
errors:
-------
feature call (loop) failed at index: 0
caller: classpath:InspireTest/ngr/datasetrecords/def/checkxlinkurl.template.feature
arg: {"link":"https://ngr.acceptatie.nationaalgeoregister.nl/geonetwork/srv/resourcesbbe3c19d-12b0-4912-a6f4-46eb189e85ac"}
checkxlinkurl.template.feature:15 - status code was: 404, expected: 200, response time: 490, url: https://ngr.acceptatie.nationaalgeoregister.nl/geonetwork/srv/resourcesbbe3c19d-12b0-4912-a6f4-46eb189e85ac, response: 
-------
feature call (loop) failed at index: 1
caller: classpath:InspireTest/ngr/datasetrecords/def/checkxlinkurl.template.feature
arg: {"link":"http://rdfdata.eionet.europa.eu/inspirethemes/themes/16"}
checkxlinkurl.template.feature:15 - status code was: 404, expected: 200, response time: 553, url: http://rdfdata.eionet.europa.eu/inspirethemes/themes/16, response: 
-------
feature call (loop) failed at index: 2
caller: classpath:InspireTest/ngr/datasetrecords/def/checkxlinkurl.template.feature
arg: {"link":"http://geonetwork-opensource.org/inspire-theme#"}
checkxlinkurl.template.feature:15 - status code was: 404, expected: 200, response time: 398, url: http://geonetwork-opensource.org/inspire-theme#, response: 
-------
feature call (loop) failed at index: 3
caller: classpath:InspireTest/ngr/datasetrecords/def/checkxlinkurl.template.feature
arg: {"link":"https://www.nationaalgeoregister.nl/geonetwork/srv/eng/thesaurus.download?ref=external.theme.inspire-theme"}
checkxlinkurl.template.feature:15 - status code was: 500, expected: 200, response time: 349, url: https://www.nationaalgeoregister.nl/geonetwork/srv/eng/thesaurus.download?ref=external.theme.inspire-theme, response: 
[1.10:16] check-known-dataset-record.feature:79 - feature call (loop) failed: classpath:InspireTest/ngr/datasetrecords/def/checkxlinkurl.template.feature
caller: classpath:InspireTest/ngr/datasetrecords/check-known-dataset-record.feature
items: [{link=https://ngr.acceptatie.nationaalgeoregister.nl/geonetwork/srv/resourcesc7662717-9e43-4367-a344-723d73abbb3e}]
errors:
-------
feature call (loop) failed at index: 0
caller: classpath:InspireTest/ngr/datasetrecords/def/checkxlinkurl.template.feature
arg: {"link":"https://ngr.acceptatie.nationaalgeoregister.nl/geonetwork/srv/resourcesc7662717-9e43-4367-a344-723d73abbb3e"}
checkxlinkurl.template.feature:15 - status code was: 404, expected: 200, response time: 280, url: https://ngr.acceptatie.nationaalgeoregister.nl/geonetwork/srv/resourcesc7662717-9e43-4367-a344-723d73abbb3e, response: 
[1.12:16] check-known-dataset-record.feature:79 - feature call (loop) failed: classpath:InspireTest/ngr/datasetrecords/def/checkxlinkurl.template.feature
caller: classpath:InspireTest/ngr/datasetrecords/check-known-dataset-record.feature
items: [{link=https://data.rivm.nl/inspire/id#e6ddc53d-04c4-435d-bedd-a5ace2dc0313}]
errors:
-------
feature call (loop) failed at index: 0
caller: classpath:InspireTest/ngr/datasetrecords/def/checkxlinkurl.template.feature
arg: {"link":"https://data.rivm.nl/inspire/id#e6ddc53d-04c4-435d-bedd-a5ace2dc0313"}
checkxlinkurl.template.feature:14 - 
javax.net.ssl.SSLException: Connection reset
[1.13:16] check-known-dataset-record.feature:79 - feature call (loop) failed: classpath:InspireTest/ngr/datasetrecords/def/checkxlinkurl.template.feature
caller: classpath:InspireTest/ngr/datasetrecords/check-known-dataset-record.feature
items: [{link=http://www.opengis.net/def/crs/EPSG/0/http://www.opengis.net/def/crs/EPSG/0/4258}, {link=http://kadaster/9778afe6-2152-4a8f-ba32-9697625401e3}]
errors:
-------
feature call (loop) failed at index: 1
caller: classpath:InspireTest/ngr/datasetrecords/def/checkxlinkurl.template.feature
arg: {"link":"http://kadaster/9778afe6-2152-4a8f-ba32-9697625401e3"}
checkxlinkurl.template.feature:14 - 
java.net.UnknownHostException: kadaster
[1.14:16] check-known-dataset-record.feature:79 - feature call (loop) failed: classpath:InspireTest/ngr/datasetrecords/def/checkxlinkurl.template.feature
caller: classpath:InspireTest/ngr/datasetrecords/check-known-dataset-record.feature
items: [{link=https://geodata.nationaalgeoregister.nl/inspire/su-grid/wfs}, {link=}]
errors:
-------
feature call (loop) failed at index: 0
caller: classpath:InspireTest/ngr/datasetrecords/def/checkxlinkurl.template.feature
arg: {"link":"https://geodata.nationaalgeoregister.nl/inspire/su-grid/wfs"}
checkxlinkurl.template.feature:15 - status code was: 400, expected: 200, response time: 403, url: https://geodata.nationaalgeoregister.nl/inspire/su-grid/wfs, response: 
-------
feature call (loop) failed at index: 1
caller: classpath:InspireTest/ngr/datasetrecords/def/checkxlinkurl.template.feature
arg: {"link":""}
checkxlinkurl.template.feature:14 - 
org.apache.http.client.ClientProtocolException
[1.15:16] check-known-dataset-record.feature:79 - feature call (loop) failed: classpath:InspireTest/ngr/datasetrecords/def/checkxlinkurl.template.feature
caller: classpath:InspireTest/ngr/datasetrecords/check-known-dataset-record.feature
items: [{link=https://data.rivm.nl/inspire/id#5cb4b489-67c8-44bc-85c5-424a80a53b3b}]
errors:
-------
feature call (loop) failed at index: 0
caller: classpath:InspireTest/ngr/datasetrecords/def/checkxlinkurl.template.feature
arg: {"link":"https://data.rivm.nl/inspire/id#5cb4b489-67c8-44bc-85c5-424a80a53b3b"}
checkxlinkurl.template.feature:14 - 
javax.net.ssl.SSLException: Connection reset
[1.16:16] check-known-dataset-record.feature:79 - feature call (loop) failed: classpath:InspireTest/ngr/datasetrecords/def/checkxlinkurl.template.feature
caller: classpath:InspireTest/ngr/datasetrecords/check-known-dataset-record.feature
items: [{link=https://www.nationaalgeoregister.nl/geonetwork/srv/api/records83dab947-387b-49df-8ad2-32bb10d46d38}]
errors:
-------
feature call (loop) failed at index: 0
caller: classpath:InspireTest/ngr/datasetrecords/def/checkxlinkurl.template.feature
arg: {"link":"https://www.nationaalgeoregister.nl/geonetwork/srv/api/records83dab947-387b-49df-8ad2-32bb10d46d38"}
checkxlinkurl.template.feature:15 - status code was: 500, expected: 200, response time: 543, url: https://www.nationaalgeoregister.nl/geonetwork/srv/api/records83dab947-387b-49df-8ad2-32bb10d46d38, response: 
[1.17:16] check-known-dataset-record.feature:79 - feature call (loop) failed: classpath:InspireTest/ngr/datasetrecords/def/checkxlinkurl.template.feature
caller: classpath:InspireTest/ngr/datasetrecords/check-known-dataset-record.feature
items: [{link=http://www.opengis.net/def/crs/EPSG/0/http://www.opengis.net/def/crs/EPSG/0/4258}, {link=http://kadaster/ff1d6d44-aea1-4ad5-b084-9afea143f1bf}]
errors:
-------
feature call (loop) failed at index: 1
caller: classpath:InspireTest/ngr/datasetrecords/def/checkxlinkurl.template.feature
arg: {"link":"http://kadaster/ff1d6d44-aea1-4ad5-b084-9afea143f1bf"}
checkxlinkurl.template.feature:14 - 
java.net.UnknownHostException: kadaster
[1.18:16] check-known-dataset-record.feature:79 - feature call (loop) failed: classpath:InspireTest/ngr/datasetrecords/def/checkxlinkurl.template.feature
caller: classpath:InspireTest/ngr/datasetrecords/check-known-dataset-record.feature
items: [{link=https://data.rivm.nl/inspire/id#64d546c9-71d4-4c84-a04c-61c5d0734f65}]
errors:
-------
feature call (loop) failed at index: 0
caller: classpath:InspireTest/ngr/datasetrecords/def/checkxlinkurl.template.feature
arg: {"link":"https://data.rivm.nl/inspire/id#64d546c9-71d4-4c84-a04c-61c5d0734f65"}
checkxlinkurl.template.feature:14 - 
javax.net.ssl.SSLException: Connection reset
[1.19:16] check-known-dataset-record.feature:79 - feature call (loop) failed: classpath:InspireTest/ngr/datasetrecords/def/checkxlinkurl.template.feature
caller: classpath:InspireTest/ngr/datasetrecords/check-known-dataset-record.feature
items: [{link=https://www.nationaalgeoregister.nl/geonetwork/srv/dut/catalog.search#/metadata/8de2f5eb-b09f-4f6d-8397-8878a1b86238}, {link=http://rdfdata.eionet.europa.eu/inspirethemes/themes/18}, {link=https://ngr.geocat.live/geonetwork/srv/eng/thesaurus.download?ref=external.theme.httpinspireeceuropaeumetadatacodelistPrioritydataset-Prioritydataset}, {link=urn:ogc:def:crs:EPSG::5709}]
errors:
-------
feature call (loop) failed at index: 1
caller: classpath:InspireTest/ngr/datasetrecords/def/checkxlinkurl.template.feature
arg: {"link":"http://rdfdata.eionet.europa.eu/inspirethemes/themes/18"}
checkxlinkurl.template.feature:15 - status code was: 404, expected: 200, response time: 206, url: http://rdfdata.eionet.europa.eu/inspirethemes/themes/18, response: 
-------
feature call (loop) failed at index: 2
caller: classpath:InspireTest/ngr/datasetrecords/def/checkxlinkurl.template.feature
arg: {"link":"https://ngr.geocat.live/geonetwork/srv/eng/thesaurus.download?ref=external.theme.httpinspireeceuropaeumetadatacodelistPrioritydataset-Prioritydataset"}
checkxlinkurl.template.feature:15 - status code was: 500, expected: 200, response time: 307, url: https://ngr.geocat.live/geonetwork/srv/eng/thesaurus.download?ref=external.theme.httpinspireeceuropaeumetadatacodelistPrioritydataset-Prioritydataset, response: 
-------
feature call (loop) failed at index: 3
caller: classpath:InspireTest/ngr/datasetrecords/def/checkxlinkurl.template.feature
arg: {"link":"urn:ogc:def:crs:EPSG::5709"}
checkxlinkurl.template.feature:14 - 
org.apache.http.client.ClientProtocolException: URI does not specify a valid host name: urn:ogc:def:crs:EPSG::5709
[1.20:16] check-known-dataset-record.feature:79 - feature call (loop) failed: classpath:InspireTest/ngr/datasetrecords/def/checkxlinkurl.template.feature
caller: classpath:InspireTest/ngr/datasetrecords/check-known-dataset-record.feature
items: [{link=https://www.nationaalgeoregister.nl/geonetwork/srv/dut/catalog.search#/metadata/tbjk534p-wubf-crbp-cj25-d4161160gfim}, {link=http://rdfdata.eionet.europa.eu/inspirethemes/themes/28}, {link=https://ngr.geocat.live/geonetwork/srv/eng/thesaurus.download?ref=external.theme.httpinspireeceuropaeumetadatacodelistPrioritydataset-Prioritydataset}]
errors:
-------
feature call (loop) failed at index: 1
caller: classpath:InspireTest/ngr/datasetrecords/def/checkxlinkurl.template.feature
arg: {"link":"http://rdfdata.eionet.europa.eu/inspirethemes/themes/28"}
checkxlinkurl.template.feature:15 - status code was: 404, expected: 200, response time: 200, url: http://rdfdata.eionet.europa.eu/inspirethemes/themes/28, response: 
-------
feature call (loop) failed at index: 2
caller: classpath:InspireTest/ngr/datasetrecords/def/checkxlinkurl.template.feature
arg: {"link":"https://ngr.geocat.live/geonetwork/srv/eng/thesaurus.download?ref=external.theme.httpinspireeceuropaeumetadatacodelistPrioritydataset-Prioritydataset"}
checkxlinkurl.template.feature:15 - status code was: 500, expected: 200, response time: 312, url: https://ngr.geocat.live/geonetwork/srv/eng/thesaurus.download?ref=external.theme.httpinspireeceuropaeumetadatacodelistPrioritydataset-Prioritydataset, response: 
[1.21:16] check-known-dataset-record.feature:79 - feature call (loop) failed: classpath:InspireTest/ngr/datasetrecords/def/checkxlinkurl.template.feature
caller: classpath:InspireTest/ngr/datasetrecords/check-known-dataset-record.feature
items: [{link=https://www.nationaalgeoregister.nl/geonetwork/srv/dut/catalog.search#/metadata/eu-cb527d-f6db-4835-b0cd-deb245241254}, {link=http://rdfdata.eionet.europa.eu/inspirethemes/themes/7}, {link=http://inspire.ec.europa.eu/metadata-codelist/Prioritydataset/SurfaceWaterBodies-dir-2000-60}, {link=https://ngr.geocat.live/geonetwork/srv/eng/thesaurus.download?ref=external.theme.httpinspireeceuropaeumetadatacodelistPrioritydataset-Prioritydataset}]
errors:
-------
feature call (loop) failed at index: 1
caller: classpath:InspireTest/ngr/datasetrecords/def/checkxlinkurl.template.feature
arg: {"link":"http://rdfdata.eionet.europa.eu/inspirethemes/themes/7"}
checkxlinkurl.template.feature:15 - status code was: 404, expected: 200, response time: 200, url: http://rdfdata.eionet.europa.eu/inspirethemes/themes/7, response: 
-------
feature call (loop) failed at index: 2
caller: classpath:InspireTest/ngr/datasetrecords/def/checkxlinkurl.template.feature
arg: {"link":"http://inspire.ec.europa.eu/metadata-codelist/Prioritydataset/SurfaceWaterBodies-dir-2000-60"}
checkxlinkurl.template.feature:15 - status code was: 404, expected: 200, response time: 436, url: http://inspire.ec.europa.eu/metadata-codelist/Prioritydataset/SurfaceWaterBodies-dir-2000-60, response: 
-------
feature call (loop) failed at index: 3
caller: classpath:InspireTest/ngr/datasetrecords/def/checkxlinkurl.template.feature
arg: {"link":"https://ngr.geocat.live/geonetwork/srv/eng/thesaurus.download?ref=external.theme.httpinspireeceuropaeumetadatacodelistPrioritydataset-Prioritydataset"}
checkxlinkurl.template.feature:15 - status code was: 500, expected: 200, response time: 331, url: https://ngr.geocat.live/geonetwork/srv/eng/thesaurus.download?ref=external.theme.httpinspireeceuropaeumetadatacodelistPrioritydataset-Prioritydataset, response: 
[1.23:16] check-known-dataset-record.feature:47 - xpath does not exist: /GetRecordByIdResponse//@href on response
[1.24:16] check-known-dataset-record.feature:79 - feature call (loop) failed: classpath:InspireTest/ngr/datasetrecords/def/checkxlinkurl.template.feature
caller: classpath:InspireTest/ngr/datasetrecords/check-known-dataset-record.feature
items: [{link=https://www.nationaalgeoregister.nl/geonetwork/srv/api/records3e57ce43-7707-43ed-a4b9-72b3a6d812f8}]
errors:
-------
feature call (loop) failed at index: 0
caller: classpath:InspireTest/ngr/datasetrecords/def/checkxlinkurl.template.feature
arg: {"link":"https://www.nationaalgeoregister.nl/geonetwork/srv/api/records3e57ce43-7707-43ed-a4b9-72b3a6d812f8"}
checkxlinkurl.template.feature:15 - status code was: 500, expected: 200, response time: 338, url: https://www.nationaalgeoregister.nl/geonetwork/srv/api/records3e57ce43-7707-43ed-a4b9-72b3a6d812f8, response: 
[1.25:16] check-known-dataset-record.feature:79 - feature call (loop) failed: classpath:InspireTest/ngr/datasetrecords/def/checkxlinkurl.template.feature
caller: classpath:InspireTest/ngr/datasetrecords/check-known-dataset-record.feature
items: [{link=http://www.opengis.net/def/crs/EPSG/0/https://www.opengis.net/def/crs/EPSG/0/4258}, {link=https://www.nationaalgeoregister.nl/geonetwork/srv/api/recordsc2225e5d-b46f-4e38-8445-ab10fd40c0dc}]
errors:
-------
feature call (loop) failed at index: 1
caller: classpath:InspireTest/ngr/datasetrecords/def/checkxlinkurl.template.feature
arg: {"link":"https://www.nationaalgeoregister.nl/geonetwork/srv/api/recordsc2225e5d-b46f-4e38-8445-ab10fd40c0dc"}
checkxlinkurl.template.feature:15 - status code was: 500, expected: 200, response time: 321, url: https://www.nationaalgeoregister.nl/geonetwork/srv/api/recordsc2225e5d-b46f-4e38-8445-ab10fd40c0dc, response: 
[1.26:16] check-known-dataset-record.feature:79 - feature call (loop) failed: classpath:InspireTest/ngr/datasetrecords/def/checkxlinkurl.template.feature
caller: classpath:InspireTest/ngr/datasetrecords/check-known-dataset-record.feature
items: [{link=https://www.nationaalgeoregister.nl/geonetwork/srv/dut/catalog.search#/metadata/eu-f297898-2640-44c2-bbe9-c0480da83794}, {link=http://rdfdata.eionet.europa.eu/inspirethemes/themes/8}, {link=urn:ogc:def:crs:EPSG::5709}]
errors:
-------
feature call (loop) failed at index: 1
caller: classpath:InspireTest/ngr/datasetrecords/def/checkxlinkurl.template.feature
arg: {"link":"http://rdfdata.eionet.europa.eu/inspirethemes/themes/8"}
checkxlinkurl.template.feature:15 - status code was: 404, expected: 200, response time: 200, url: http://rdfdata.eionet.europa.eu/inspirethemes/themes/8, response: 
-------
feature call (loop) failed at index: 2
caller: classpath:InspireTest/ngr/datasetrecords/def/checkxlinkurl.template.feature
arg: {"link":"urn:ogc:def:crs:EPSG::5709"}
checkxlinkurl.template.feature:14 - 
org.apache.http.client.ClientProtocolException: URI does not specify a valid host name: urn:ogc:def:crs:EPSG::5709
[1.28:16] check-known-dataset-record.feature:79 - feature call (loop) failed: classpath:InspireTest/ngr/datasetrecords/def/checkxlinkurl.template.feature
caller: classpath:InspireTest/ngr/datasetrecords/check-known-dataset-record.feature
items: [{link=http://kadaster/06b6c650-cdb1-11dd-ad8b-0800200c9a76}]
errors:
-------
feature call (loop) failed at index: 0
caller: classpath:InspireTest/ngr/datasetrecords/def/checkxlinkurl.template.feature
arg: {"link":"http://kadaster/06b6c650-cdb1-11dd-ad8b-0800200c9a76"}
checkxlinkurl.template.feature:14 - 
java.net.UnknownHostException: kadaster
[1.29:16] check-known-dataset-record.feature:79 - feature call (loop) failed: classpath:InspireTest/ngr/datasetrecords/def/checkxlinkurl.template.feature
caller: classpath:InspireTest/ngr/datasetrecords/check-known-dataset-record.feature
items: [{link=http://www.opengis.net/def/crs/EPSG/0/https://www.opengis.net/def/crs/EPSG/0/4258}, {link=https://www.nationaalgeoregister.nl/geonetwork/srv/api/recordsbe6551de-a709-4c6d-a5e2-f63f0cf038ba}]
errors:
-------
feature call (loop) failed at index: 1
caller: classpath:InspireTest/ngr/datasetrecords/def/checkxlinkurl.template.feature
arg: {"link":"https://www.nationaalgeoregister.nl/geonetwork/srv/api/recordsbe6551de-a709-4c6d-a5e2-f63f0cf038ba"}
checkxlinkurl.template.feature:15 - status code was: 500, expected: 200, response time: 323, url: https://www.nationaalgeoregister.nl/geonetwork/srv/api/recordsbe6551de-a709-4c6d-a5e2-f63f0cf038ba, response: 
[1.30:16] check-known-dataset-record.feature:79 - feature call (loop) failed: classpath:InspireTest/ngr/datasetrecords/def/checkxlinkurl.template.feature
caller: classpath:InspireTest/ngr/datasetrecords/check-known-dataset-record.feature
items: [{link=https://nationaalgeoregister.nl/geonetwork/srv/resources7d716522-fa1a-43b4-99c0-3a3480f9e218}, {link=https://www.nationaalgeoregister.nl/geonetwork/srv/eng/thesaurus.download?ref=external.theme.inspire-theme}]
errors:
-------
feature call (loop) failed at index: 0
caller: classpath:InspireTest/ngr/datasetrecords/def/checkxlinkurl.template.feature
arg: {"link":"https://nationaalgeoregister.nl/geonetwork/srv/resources7d716522-fa1a-43b4-99c0-3a3480f9e218"}
checkxlinkurl.template.feature:15 - status code was: 404, expected: 200, response time: 284, url: https://nationaalgeoregister.nl/geonetwork/srv/resources7d716522-fa1a-43b4-99c0-3a3480f9e218, response: 
-------
feature call (loop) failed at index: 1
caller: classpath:InspireTest/ngr/datasetrecords/def/checkxlinkurl.template.feature
arg: {"link":"https://www.nationaalgeoregister.nl/geonetwork/srv/eng/thesaurus.download?ref=external.theme.inspire-theme"}
checkxlinkurl.template.feature:15 - status code was: 500, expected: 200, response time: 447, url: https://www.nationaalgeoregister.nl/geonetwork/srv/eng/thesaurus.download?ref=external.theme.inspire-theme, response: 
[1.31:16] check-known-dataset-record.feature:79 - feature call (loop) failed: classpath:InspireTest/ngr/datasetrecords/def/checkxlinkurl.template.feature
caller: classpath:InspireTest/ngr/datasetrecords/check-known-dataset-record.feature
items: [{link=http://www.opengis.net/def/crs/EPSG/0/http://www.opengis.net/def/crs/EPSG/0/4258}, {link=http://kadaster/1d32fc50-cd5b-4425-b0df-16c7c7940e94}]
errors:
-------
feature call (loop) failed at index: 1
caller: classpath:InspireTest/ngr/datasetrecords/def/checkxlinkurl.template.feature
arg: {"link":"http://kadaster/1d32fc50-cd5b-4425-b0df-16c7c7940e94"}
checkxlinkurl.template.feature:14 - 
java.net.UnknownHostException: kadaster
[1.32:16] check-known-dataset-record.feature:79 - feature call (loop) failed: classpath:InspireTest/ngr/datasetrecords/def/checkxlinkurl.template.feature
caller: classpath:InspireTest/ngr/datasetrecords/check-known-dataset-record.feature
items: [{link=https://data.rivm.nl/inspire/id#1de92b14-bc21-4f33-b0de-abd325e61804}]
errors:
-------
feature call (loop) failed at index: 0
caller: classpath:InspireTest/ngr/datasetrecords/def/checkxlinkurl.template.feature
arg: {"link":"https://data.rivm.nl/inspire/id#1de92b14-bc21-4f33-b0de-abd325e61804"}
checkxlinkurl.template.feature:14 - 
javax.net.ssl.SSLException: Connection reset
[1.33:16] check-known-dataset-record.feature:79 - feature call (loop) failed: classpath:InspireTest/ngr/datasetrecords/def/checkxlinkurl.template.feature
caller: classpath:InspireTest/ngr/datasetrecords/check-known-dataset-record.feature
items: [{link=http://www.opengis.net/def/crs/EPSG/0/http://www.opengis.net/def/crs/EPSG/0/4258}, {link=http://kadaster/7cdfa80a-cfbf-4324-978d-f1f141756b66}]
errors:
-------
feature call (loop) failed at index: 1
caller: classpath:InspireTest/ngr/datasetrecords/def/checkxlinkurl.template.feature
arg: {"link":"http://kadaster/7cdfa80a-cfbf-4324-978d-f1f141756b66"}
checkxlinkurl.template.feature:14 - 
java.net.UnknownHostException: kadaster
[1.34:16] check-known-dataset-record.feature:79 - feature call (loop) failed: classpath:InspireTest/ngr/datasetrecords/def/checkxlinkurl.template.feature
caller: classpath:InspireTest/ngr/datasetrecords/check-known-dataset-record.feature
items: [{link=https://www.nationaalgeoregister.nl/geonetwork/srv/api/records58d39928-f502-48c9-a8c1-03244dc181bf}]
errors:
-------
feature call (loop) failed at index: 0
caller: classpath:InspireTest/ngr/datasetrecords/def/checkxlinkurl.template.feature
arg: {"link":"https://www.nationaalgeoregister.nl/geonetwork/srv/api/records58d39928-f502-48c9-a8c1-03244dc181bf"}
checkxlinkurl.template.feature:15 - status code was: 500, expected: 200, response time: 633, url: https://www.nationaalgeoregister.nl/geonetwork/srv/api/records58d39928-f502-48c9-a8c1-03244dc181bf, response: 
[1.35:16] check-known-dataset-record.feature:79 - feature call (loop) failed: classpath:InspireTest/ngr/datasetrecords/def/checkxlinkurl.template.feature
caller: classpath:InspireTest/ngr/datasetrecords/check-known-dataset-record.feature
items: [{link=https://www.nationaalgeoregister.nl/geonetwork/srv/dut/catalog.search#/metadata/25294679-adb9-4c39-a93b-6954ff9414ac}, {link=http://rdfdata.eionet.europa.eu/inspirethemes/themes/20}, {link=http://rdfdata.eionet.europa.eu/inspirethemes/themes/28}, {link=urn:ogc:def:crs:EPSG::5709}]
errors:
-------
feature call (loop) failed at index: 1
caller: classpath:InspireTest/ngr/datasetrecords/def/checkxlinkurl.template.feature
arg: {"link":"http://rdfdata.eionet.europa.eu/inspirethemes/themes/20"}
checkxlinkurl.template.feature:15 - status code was: 404, expected: 200, response time: 201, url: http://rdfdata.eionet.europa.eu/inspirethemes/themes/20, response: 
-------
feature call (loop) failed at index: 2
caller: classpath:InspireTest/ngr/datasetrecords/def/checkxlinkurl.template.feature
arg: {"link":"http://rdfdata.eionet.europa.eu/inspirethemes/themes/28"}
checkxlinkurl.template.feature:15 - status code was: 404, expected: 200, response time: 207, url: http://rdfdata.eionet.europa.eu/inspirethemes/themes/28, response: 
-------
feature call (loop) failed at index: 3
caller: classpath:InspireTest/ngr/datasetrecords/def/checkxlinkurl.template.feature
arg: {"link":"urn:ogc:def:crs:EPSG::5709"}
checkxlinkurl.template.feature:14 - 
org.apache.http.client.ClientProtocolException: URI does not specify a valid host name: urn:ogc:def:crs:EPSG::5709
[1.37:16] check-known-dataset-record.feature:79 - feature call (loop) failed: classpath:InspireTest/ngr/datasetrecords/def/checkxlinkurl.template.feature
caller: classpath:InspireTest/ngr/datasetrecords/check-known-dataset-record.feature
items: [{link=http://www.opengis.net/def/crs/EPSG/0/http://www.opengis.net/def/crs/EPSG/0/4258}, {link=http://kadaster/80b2d12c-32be-54fg-b6d3—34f4ffc06cf3}]
errors:
-------
feature call (loop) failed at index: 1
caller: classpath:InspireTest/ngr/datasetrecords/def/checkxlinkurl.template.feature
arg: {"link":"http://kadaster/80b2d12c-32be-54fg-b6d3\u201434f4ffc06cf3"}
checkxlinkurl.template.feature:14 - 
java.net.UnknownHostException: kadaster
[1.38:16] check-known-dataset-record.feature:79 - feature call (loop) failed: classpath:InspireTest/ngr/datasetrecords/def/checkxlinkurl.template.feature
caller: classpath:InspireTest/ngr/datasetrecords/check-known-dataset-record.feature
items: [{link=http://kadaster/2482250f-3b00-4439-9f93-f3118229b017}, {link=}, {link=}, {link=}]
errors:
-------
feature call (loop) failed at index: 0
caller: classpath:InspireTest/ngr/datasetrecords/def/checkxlinkurl.template.feature
arg: {"link":"http://kadaster/2482250f-3b00-4439-9f93-f3118229b017"}
checkxlinkurl.template.feature:14 - 
java.net.UnknownHostException: kadaster
-------
feature call (loop) failed at index: 1
caller: classpath:InspireTest/ngr/datasetrecords/def/checkxlinkurl.template.feature
arg: {"link":""}
checkxlinkurl.template.feature:14 - 
org.apache.http.client.ClientProtocolException
-------
feature call (loop) failed at index: 2
caller: classpath:InspireTest/ngr/datasetrecords/def/checkxlinkurl.template.feature
arg: {"link":""}
checkxlinkurl.template.feature:14 - 
org.apache.http.client.ClientProtocolException
-------
feature call (loop) failed at index: 3
caller: classpath:InspireTest/ngr/datasetrecords/def/checkxlinkurl.template.feature
arg: {"link":""}
checkxlinkurl.template.feature:14 - 
org.apache.http.client.ClientProtocolException
[1.39:16] check-known-dataset-record.feature:79 - feature call (loop) failed: classpath:InspireTest/ngr/datasetrecords/def/checkxlinkurl.template.feature
caller: classpath:InspireTest/ngr/datasetrecords/check-known-dataset-record.feature
items: [{link=https://data.rivm.nl/inspire/id#1e3a98db-5d5e-4e61-8b64-1d132ddb439e}]
errors:
-------
feature call (loop) failed at index: 0
caller: classpath:InspireTest/ngr/datasetrecords/def/checkxlinkurl.template.feature
arg: {"link":"https://data.rivm.nl/inspire/id#1e3a98db-5d5e-4e61-8b64-1d132ddb439e"}
checkxlinkurl.template.feature:14 - 
javax.net.ssl.SSLException: Connection reset
[1.40:16] check-known-dataset-record.feature:79 - feature call (loop) failed: classpath:InspireTest/ngr/datasetrecords/def/checkxlinkurl.template.feature
caller: classpath:InspireTest/ngr/datasetrecords/check-known-dataset-record.feature
items: [{link=h}, {link=t}, {link=t}, {link=p}, {link=:}, {link=/}, {link=/}, {link=s}, {link=t}, {link=a}, {link=n}, {link=d}, {link=a}, {link=r}, {link=d}, {link=s}, {link=.}, {link=i}, {link=s}, {link=o}, {link=.}, {link=o}, {link=r}, {link=g}, {link=/}, {link=i}, {link=t}, {link=t}, {link=f}, {link=/}, {link=P}, {link=u}, {link=b}, {link=l}, {link=i}, {link=c}, {link=l}, {link=y}, {link=A}, {link=v}, {link=a}, {link=i}, {link=l}, {link=a}, {link=b}, {link=l}, {link=e}, {link=S}, {link=t}, {link=a}, {link=n}, {link=d}, {link=a}, {link=r}, {link=d}, {link=s}, {link=/}, {link=I}, {link=S}, {link=O}, {link=_}, {link=1}, {link=9}, {link=1}, {link=3}, {link=9}, {link=_}, {link=S}, {link=c}, {link=h}, {link=e}, {link=m}, {link=a}, {link=s}, {link=/}, {link=r}, {link=e}, {link=s}, {link=o}, {link=u}, {link=r}, {link=c}, {link=e}, {link=s}, {link=/}, {link=u}, {link=o}, {link=m}, {link=/}, {link=g}, {link=m}, {link=x}, {link=U}, {link=o}, {link=m}, {link=.}, {link=x}, {link=m}, {link=l}, {link=#}, {link=m}]
errors:
-------
feature call (loop) failed at index: 0
caller: classpath:InspireTest/ngr/datasetrecords/def/checkxlinkurl.template.feature
arg: {"link":"h"}
checkxlinkurl.template.feature:14 - 
org.apache.http.client.ClientProtocolException
-------
feature call (loop) failed at index: 1
caller: classpath:InspireTest/ngr/datasetrecords/def/checkxlinkurl.template.feature
arg: {"link":"t"}
checkxlinkurl.template.feature:14 - 
org.apache.http.client.ClientProtocolException
-------
feature call (loop) failed at index: 2
caller: classpath:InspireTest/ngr/datasetrecords/def/checkxlinkurl.template.feature
arg: {"link":"t"}
checkxlinkurl.template.feature:14 - 
org.apache.http.client.ClientProtocolException
-------
feature call (loop) failed at index: 3
caller: classpath:InspireTest/ngr/datasetrecords/def/checkxlinkurl.template.feature
arg: {"link":"p"}
checkxlinkurl.template.feature:14 - 
org.apache.http.client.ClientProtocolException
-------
feature call (loop) failed at index: 4
caller: classpath:InspireTest/ngr/datasetrecords/def/checkxlinkurl.template.feature
arg: {"link":":"}
checkxlinkurl.template.feature:14 - java.net.URISyntaxException: Expected scheme name at index 0: :
-------
feature call (loop) failed at index: 5
caller: classpath:InspireTest/ngr/datasetrecords/def/checkxlinkurl.template.feature
arg: {"link":"/"}
checkxlinkurl.template.feature:14 - 
org.apache.http.client.ClientProtocolException
-------
feature call (loop) failed at index: 6
caller: classpath:InspireTest/ngr/datasetrecords/def/checkxlinkurl.template.feature
arg: {"link":"/"}
checkxlinkurl.template.feature:14 - 
org.apache.http.client.ClientProtocolException
-------
feature call (loop) failed at index: 7
caller: classpath:InspireTest/ngr/datasetrecords/def/checkxlinkurl.template.feature
arg: {"link":"s"}
checkxlinkurl.template.feature:14 - 
org.apache.http.client.ClientProtocolException
-------
feature call (loop) failed at index: 8
caller: classpath:InspireTest/ngr/datasetrecords/def/checkxlinkurl.template.feature
arg: {"link":"t"}
checkxlinkurl.template.feature:14 - 
org.apache.http.client.ClientProtocolException
-------
feature call (loop) failed at index: 9
caller: classpath:InspireTest/ngr/datasetrecords/def/checkxlinkurl.template.feature
arg: {"link":"a"}
checkxlinkurl.template.feature:14 - 
org.apache.http.client.ClientProtocolException
-------
feature call (loop) failed at index: 10
caller: classpath:InspireTest/ngr/datasetrecords/def/checkxlinkurl.template.feature
arg: {"link":"n"}
checkxlinkurl.template.feature:14 - 
org.apache.http.client.ClientProtocolException
-------
feature call (loop) failed at index: 11
caller: classpath:InspireTest/ngr/datasetrecords/def/checkxlinkurl.template.feature
arg: {"link":"d"}
checkxlinkurl.template.feature:14 - 
org.apache.http.client.ClientProtocolException
-------
feature call (loop) failed at index: 12
caller: classpath:InspireTest/ngr/datasetrecords/def/checkxlinkurl.template.feature
arg: {"link":"a"}
checkxlinkurl.template.feature:14 - 
org.apache.http.client.ClientProtocolException
-------
feature call (loop) failed at index: 13
caller: classpath:InspireTest/ngr/datasetrecords/def/checkxlinkurl.template.feature
arg: {"link":"r"}
checkxlinkurl.template.feature:14 - 
org.apache.http.client.ClientProtocolException
-------
feature call (loop) failed at index: 14
caller: classpath:InspireTest/ngr/datasetrecords/def/checkxlinkurl.template.feature
arg: {"link":"d"}
checkxlinkurl.template.feature:14 - 
org.apache.http.client.ClientProtocolException
-------
feature call (loop) failed at index: 15
caller: classpath:InspireTest/ngr/datasetrecords/def/checkxlinkurl.template.feature
arg: {"link":"s"}
checkxlinkurl.template.feature:14 - 
org.apache.http.client.ClientProtocolException
-------
feature call (loop) failed at index: 16
caller: classpath:InspireTest/ngr/datasetrecords/def/checkxlinkurl.template.feature
arg: {"link":"."}
checkxlinkurl.template.feature:14 - 
org.apache.http.client.ClientProtocolException
-------
feature call (loop) failed at index: 17
caller: classpath:InspireTest/ngr/datasetrecords/def/checkxlinkurl.template.feature
arg: {"link":"i"}
checkxlinkurl.template.feature:14 - 
org.apache.http.client.ClientProtocolException
-------
feature call (loop) failed at index: 18
caller: classpath:InspireTest/ngr/datasetrecords/def/checkxlinkurl.template.feature
arg: {"link":"s"}
checkxlinkurl.template.feature:14 - 
org.apache.http.client.ClientProtocolException
-------
feature call (loop) failed at index: 19
caller: classpath:InspireTest/ngr/datasetrecords/def/checkxlinkurl.template.feature
arg: {"link":"o"}
checkxlinkurl.template.feature:14 - 
org.apache.http.client.ClientProtocolException
-------
feature call (loop) failed at index: 20
caller: classpath:InspireTest/ngr/datasetrecords/def/checkxlinkurl.template.feature
arg: {"link":"."}
checkxlinkurl.template.feature:14 - 
org.apache.http.client.ClientProtocolException
-------
feature call (loop) failed at index: 21
caller: classpath:InspireTest/ngr/datasetrecords/def/checkxlinkurl.template.feature
arg: {"link":"o"}
checkxlinkurl.template.feature:14 - 
org.apache.http.client.ClientProtocolException
-------
feature call (loop) failed at index: 22
caller: classpath:InspireTest/ngr/datasetrecords/def/checkxlinkurl.template.feature
arg: {"link":"r"}
checkxlinkurl.template.feature:14 - 
org.apache.http.client.ClientProtocolException
-------
feature call (loop) failed at index: 23
caller: classpath:InspireTest/ngr/datasetrecords/def/checkxlinkurl.template.feature
arg: {"link":"g"}
checkxlinkurl.template.feature:14 - 
org.apache.http.client.ClientProtocolException
-------
feature call (loop) failed at index: 24
caller: classpath:InspireTest/ngr/datasetrecords/def/checkxlinkurl.template.feature
arg: {"link":"/"}
checkxlinkurl.template.feature:14 - 
org.apache.http.client.ClientProtocolException
-------
feature call (loop) failed at index: 25
caller: classpath:InspireTest/ngr/datasetrecords/def/checkxlinkurl.template.feature
arg: {"link":"i"}
checkxlinkurl.template.feature:14 - 
org.apache.http.client.ClientProtocolException
-------
feature call (loop) failed at index: 26
caller: classpath:InspireTest/ngr/datasetrecords/def/checkxlinkurl.template.feature
arg: {"link":"t"}
checkxlinkurl.template.feature:14 - 
org.apache.http.client.ClientProtocolException
-------
feature call (loop) failed at index: 27
caller: classpath:InspireTest/ngr/datasetrecords/def/checkxlinkurl.template.feature
arg: {"link":"t"}
checkxlinkurl.template.feature:14 - 
org.apache.http.client.ClientProtocolException
-------
feature call (loop) failed at index: 28
caller: classpath:InspireTest/ngr/datasetrecords/def/checkxlinkurl.template.feature
arg: {"link":"f"}
checkxlinkurl.template.feature:14 - 
org.apache.http.client.ClientProtocolException
-------
feature call (loop) failed at index: 29
caller: classpath:InspireTest/ngr/datasetrecords/def/checkxlinkurl.template.feature
arg: {"link":"/"}
checkxlinkurl.template.feature:14 - 
org.apache.http.client.ClientProtocolException
-------
feature call (loop) failed at index: 30
caller: classpath:InspireTest/ngr/datasetrecords/def/checkxlinkurl.template.feature
arg: {"link":"P"}
checkxlinkurl.template.feature:14 - 
org.apache.http.client.ClientProtocolException
-------
feature call (loop) failed at index: 31
caller: classpath:InspireTest/ngr/datasetrecords/def/checkxlinkurl.template.feature
arg: {"link":"u"}
checkxlinkurl.template.feature:14 - 
org.apache.http.client.ClientProtocolException
-------
feature call (loop) failed at index: 32
caller: classpath:InspireTest/ngr/datasetrecords/def/checkxlinkurl.template.feature
arg: {"link":"b"}
checkxlinkurl.template.feature:14 - 
org.apache.http.client.ClientProtocolException
-------
feature call (loop) failed at index: 33
caller: classpath:InspireTest/ngr/datasetrecords/def/checkxlinkurl.template.feature
arg: {"link":"l"}
checkxlinkurl.template.feature:14 - 
org.apache.http.client.ClientProtocolException
-------
feature call (loop) failed at index: 34
caller: classpath:InspireTest/ngr/datasetrecords/def/checkxlinkurl.template.feature
arg: {"link":"i"}
checkxlinkurl.template.feature:14 - 
org.apache.http.client.ClientProtocolException
-------
feature call (loop) failed at index: 35
caller: classpath:InspireTest/ngr/datasetrecords/def/checkxlinkurl.template.feature
arg: {"link":"c"}
checkxlinkurl.template.feature:14 - 
org.apache.http.client.ClientProtocolException
-------
feature call (loop) failed at index: 36
caller: classpath:InspireTest/ngr/datasetrecords/def/checkxlinkurl.template.feature
arg: {"link":"l"}
checkxlinkurl.template.feature:14 - 
org.apache.http.client.ClientProtocolException
-------
feature call (loop) failed at index: 37
caller: classpath:InspireTest/ngr/datasetrecords/def/checkxlinkurl.template.feature
arg: {"link":"y"}
checkxlinkurl.template.feature:14 - 
org.apache.http.client.ClientProtocolException
-------
feature call (loop) failed at index: 38
caller: classpath:InspireTest/ngr/datasetrecords/def/checkxlinkurl.template.feature
arg: {"link":"A"}
checkxlinkurl.template.feature:14 - 
org.apache.http.client.ClientProtocolException
-------
feature call (loop) failed at index: 39
caller: classpath:InspireTest/ngr/datasetrecords/def/checkxlinkurl.template.feature
arg: {"link":"v"}
checkxlinkurl.template.feature:14 - 
org.apache.http.client.ClientProtocolException
-------
feature call (loop) failed at index: 40
caller: classpath:InspireTest/ngr/datasetrecords/def/checkxlinkurl.template.feature
arg: {"link":"a"}
checkxlinkurl.template.feature:14 - 
org.apache.http.client.ClientProtocolException
-------
feature call (loop) failed at index: 41
caller: classpath:InspireTest/ngr/datasetrecords/def/checkxlinkurl.template.feature
arg: {"link":"i"}
checkxlinkurl.template.feature:14 - 
org.apache.http.client.ClientProtocolException
-------
feature call (loop) failed at index: 42
caller: classpath:InspireTest/ngr/datasetrecords/def/checkxlinkurl.template.feature
arg: {"link":"l"}
checkxlinkurl.template.feature:14 - 
org.apache.http.client.ClientProtocolException
-------
feature call (loop) failed at index: 43
caller: classpath:InspireTest/ngr/datasetrecords/def/checkxlinkurl.template.feature
arg: {"link":"a"}
checkxlinkurl.template.feature:14 - 
org.apache.http.client.ClientProtocolException
-------
feature call (loop) failed at index: 44
caller: classpath:InspireTest/ngr/datasetrecords/def/checkxlinkurl.template.feature
arg: {"link":"b"}
checkxlinkurl.template.feature:14 - 
org.apache.http.client.ClientProtocolException
-------
feature call (loop) failed at index: 45
caller: classpath:InspireTest/ngr/datasetrecords/def/checkxlinkurl.template.feature
arg: {"link":"l"}
checkxlinkurl.template.feature:14 - 
org.apache.http.client.ClientProtocolException
-------
feature call (loop) failed at index: 46
caller: classpath:InspireTest/ngr/datasetrecords/def/checkxlinkurl.template.feature
arg: {"link":"e"}
checkxlinkurl.template.feature:14 - 
org.apache.http.client.ClientProtocolException
-------
feature call (loop) failed at index: 47
caller: classpath:InspireTest/ngr/datasetrecords/def/checkxlinkurl.template.feature
arg: {"link":"S"}
checkxlinkurl.template.feature:14 - 
org.apache.http.client.ClientProtocolException
-------
feature call (loop) failed at index: 48
caller: classpath:InspireTest/ngr/datasetrecords/def/checkxlinkurl.template.feature
arg: {"link":"t"}
checkxlinkurl.template.feature:14 - 
org.apache.http.client.ClientProtocolException
-------
feature call (loop) failed at index: 49
caller: classpath:InspireTest/ngr/datasetrecords/def/checkxlinkurl.template.feature
arg: {"link":"a"}
checkxlinkurl.template.feature:14 - 
org.apache.http.client.ClientProtocolException
-------
feature call (loop) failed at index: 50
caller: classpath:InspireTest/ngr/datasetrecords/def/checkxlinkurl.template.feature
arg: {"link":"n"}
checkxlinkurl.template.feature:14 - 
org.apache.http.client.ClientProtocolException
-------
feature call (loop) failed at index: 51
caller: classpath:InspireTest/ngr/datasetrecords/def/checkxlinkurl.template.feature
arg: {"link":"d"}
checkxlinkurl.template.feature:14 - 
org.apache.http.client.ClientProtocolException
-------
feature call (loop) failed at index: 52
caller: classpath:InspireTest/ngr/datasetrecords/def/checkxlinkurl.template.feature
arg: {"link":"a"}
checkxlinkurl.template.feature:14 - 
org.apache.http.client.ClientProtocolException
-------
feature call (loop) failed at index: 53
caller: classpath:InspireTest/ngr/datasetrecords/def/checkxlinkurl.template.feature
arg: {"link":"r"}
checkxlinkurl.template.feature:14 - 
org.apache.http.client.ClientProtocolException
-------
feature call (loop) failed at index: 54
caller: classpath:InspireTest/ngr/datasetrecords/def/checkxlinkurl.template.feature
arg: {"link":"d"}
checkxlinkurl.template.feature:14 - 
org.apache.http.client.ClientProtocolException
-------
feature call (loop) failed at index: 55
caller: classpath:InspireTest/ngr/datasetrecords/def/checkxlinkurl.template.feature
arg: {"link":"s"}
checkxlinkurl.template.feature:14 - 
org.apache.http.client.ClientProtocolException
-------
feature call (loop) failed at index: 56
caller: classpath:InspireTest/ngr/datasetrecords/def/checkxlinkurl.template.feature
arg: {"link":"/"}
checkxlinkurl.template.feature:14 - 
org.apache.http.client.ClientProtocolException
-------
feature call (loop) failed at index: 57
caller: classpath:InspireTest/ngr/datasetrecords/def/checkxlinkurl.template.feature
arg: {"link":"I"}
checkxlinkurl.template.feature:14 - 
org.apache.http.client.ClientProtocolException
-------
feature call (loop) failed at index: 58
caller: classpath:InspireTest/ngr/datasetrecords/def/checkxlinkurl.template.feature
arg: {"link":"S"}
checkxlinkurl.template.feature:14 - 
org.apache.http.client.ClientProtocolException
-------
feature call (loop) failed at index: 59
caller: classpath:InspireTest/ngr/datasetrecords/def/checkxlinkurl.template.feature
arg: {"link":"O"}
checkxlinkurl.template.feature:14 - 
org.apache.http.client.ClientProtocolException
-------
feature call (loop) failed at index: 60
caller: classpath:InspireTest/ngr/datasetrecords/def/checkxlinkurl.template.feature
arg: {"link":"_"}
checkxlinkurl.template.feature:14 - 
org.apache.http.client.ClientProtocolException
-------
feature call (loop) failed at index: 61
caller: classpath:InspireTest/ngr/datasetrecords/def/checkxlinkurl.template.feature
arg: {"link":"1"}
checkxlinkurl.template.feature:14 - 
org.apache.http.client.ClientProtocolException
-------
feature call (loop) failed at index: 62
caller: classpath:InspireTest/ngr/datasetrecords/def/checkxlinkurl.template.feature
arg: {"link":"9"}
checkxlinkurl.template.feature:14 - 
org.apache.http.client.ClientProtocolException
-------
feature call (loop) failed at index: 63
caller: classpath:InspireTest/ngr/datasetrecords/def/checkxlinkurl.template.feature
arg: {"link":"1"}
checkxlinkurl.template.feature:14 - 
org.apache.http.client.ClientProtocolException
-------
feature call (loop) failed at index: 64
caller: classpath:InspireTest/ngr/datasetrecords/def/checkxlinkurl.template.feature
arg: {"link":"3"}
checkxlinkurl.template.feature:14 - 
org.apache.http.client.ClientProtocolException
-------
feature call (loop) failed at index: 65
caller: classpath:InspireTest/ngr/datasetrecords/def/checkxlinkurl.template.feature
arg: {"link":"9"}
checkxlinkurl.template.feature:14 - 
org.apache.http.client.ClientProtocolException
-------
feature call (loop) failed at index: 66
caller: classpath:InspireTest/ngr/datasetrecords/def/checkxlinkurl.template.feature
arg: {"link":"_"}
checkxlinkurl.template.feature:14 - 
org.apache.http.client.ClientProtocolException
-------
feature call (loop) failed at index: 67
caller: classpath:InspireTest/ngr/datasetrecords/def/checkxlinkurl.template.feature
arg: {"link":"S"}
checkxlinkurl.template.feature:14 - 
org.apache.http.client.ClientProtocolException
-------
feature call (loop) failed at index: 68
caller: classpath:InspireTest/ngr/datasetrecords/def/checkxlinkurl.template.feature
arg: {"link":"c"}
checkxlinkurl.template.feature:14 - 
org.apache.http.client.ClientProtocolException
-------
feature call (loop) failed at index: 69
caller: classpath:InspireTest/ngr/datasetrecords/def/checkxlinkurl.template.feature
arg: {"link":"h"}
checkxlinkurl.template.feature:14 - 
org.apache.http.client.ClientProtocolException
-------
feature call (loop) failed at index: 70
caller: classpath:InspireTest/ngr/datasetrecords/def/checkxlinkurl.template.feature
arg: {"link":"e"}
checkxlinkurl.template.feature:14 - 
org.apache.http.client.ClientProtocolException
-------
feature call (loop) failed at index: 71
caller: classpath:InspireTest/ngr/datasetrecords/def/checkxlinkurl.template.feature
arg: {"link":"m"}
checkxlinkurl.template.feature:14 - 
org.apache.http.client.ClientProtocolException
-------
feature call (loop) failed at index: 72
caller: classpath:InspireTest/ngr/datasetrecords/def/checkxlinkurl.template.feature
arg: {"link":"a"}
checkxlinkurl.template.feature:14 - 
org.apache.http.client.ClientProtocolException
-------
feature call (loop) failed at index: 73
caller: classpath:InspireTest/ngr/datasetrecords/def/checkxlinkurl.template.feature
arg: {"link":"s"}
checkxlinkurl.template.feature:14 - 
org.apache.http.client.ClientProtocolException
-------
feature call (loop) failed at index: 74
caller: classpath:InspireTest/ngr/datasetrecords/def/checkxlinkurl.template.feature
arg: {"link":"/"}
checkxlinkurl.template.feature:14 - 
org.apache.http.client.ClientProtocolException
-------
feature call (loop) failed at index: 75
caller: classpath:InspireTest/ngr/datasetrecords/def/checkxlinkurl.template.feature
arg: {"link":"r"}
checkxlinkurl.template.feature:14 - 
org.apache.http.client.ClientProtocolException
-------
feature call (loop) failed at index: 76
caller: classpath:InspireTest/ngr/datasetrecords/def/checkxlinkurl.template.feature
arg: {"link":"e"}
checkxlinkurl.template.feature:14 - 
org.apache.http.client.ClientProtocolException
-------
feature call (loop) failed at index: 77
caller: classpath:InspireTest/ngr/datasetrecords/def/checkxlinkurl.template.feature
arg: {"link":"s"}
checkxlinkurl.template.feature:14 - 
org.apache.http.client.ClientProtocolException
-------
feature call (loop) failed at index: 78
caller: classpath:InspireTest/ngr/datasetrecords/def/checkxlinkurl.template.feature
arg: {"link":"o"}
checkxlinkurl.template.feature:14 - 
org.apache.http.client.ClientProtocolException
-------
feature call (loop) failed at index: 79
caller: classpath:InspireTest/ngr/datasetrecords/def/checkxlinkurl.template.feature
arg: {"link":"u"}
checkxlinkurl.template.feature:14 - 
org.apache.http.client.ClientProtocolException
-------
feature call (loop) failed at index: 80
caller: classpath:InspireTest/ngr/datasetrecords/def/checkxlinkurl.template.feature
arg: {"link":"r"}
checkxlinkurl.template.feature:14 - 
org.apache.http.client.ClientProtocolException
-------
feature call (loop) failed at index: 81
caller: classpath:InspireTest/ngr/datasetrecords/def/checkxlinkurl.template.feature
arg: {"link":"c"}
checkxlinkurl.template.feature:14 - 
org.apache.http.client.ClientProtocolException
-------
feature call (loop) failed at index: 82
caller: classpath:InspireTest/ngr/datasetrecords/def/checkxlinkurl.template.feature
arg: {"link":"e"}
checkxlinkurl.template.feature:14 - 
org.apache.http.client.ClientProtocolException
-------
feature call (loop) failed at index: 83
caller: classpath:InspireTest/ngr/datasetrecords/def/checkxlinkurl.template.feature
arg: {"link":"s"}
checkxlinkurl.template.feature:14 - 
org.apache.http.client.ClientProtocolException
-------
feature call (loop) failed at index: 84
caller: classpath:InspireTest/ngr/datasetrecords/def/checkxlinkurl.template.feature
arg: {"link":"/"}
checkxlinkurl.template.feature:14 - 
org.apache.http.client.ClientProtocolException
-------
feature call (loop) failed at index: 85
caller: classpath:InspireTest/ngr/datasetrecords/def/checkxlinkurl.template.feature
arg: {"link":"u"}
checkxlinkurl.template.feature:14 - 
org.apache.http.client.ClientProtocolException
-------
feature call (loop) failed at index: 86
caller: classpath:InspireTest/ngr/datasetrecords/def/checkxlinkurl.template.feature
arg: {"link":"o"}
checkxlinkurl.template.feature:14 - 
org.apache.http.client.ClientProtocolException
-------
feature call (loop) failed at index: 87
caller: classpath:InspireTest/ngr/datasetrecords/def/checkxlinkurl.template.feature
arg: {"link":"m"}
checkxlinkurl.template.feature:14 - 
org.apache.http.client.ClientProtocolException
-------
feature call (loop) failed at index: 88
caller: classpath:InspireTest/ngr/datasetrecords/def/checkxlinkurl.template.feature
arg: {"link":"/"}
checkxlinkurl.template.feature:14 - 
org.apache.http.client.ClientProtocolException
-------
feature call (loop) failed at index: 89
caller: classpath:InspireTest/ngr/datasetrecords/def/checkxlinkurl.template.feature
arg: {"link":"g"}
checkxlinkurl.template.feature:14 - 
org.apache.http.client.ClientProtocolException
-------
feature call (loop) failed at index: 90
caller: classpath:InspireTest/ngr/datasetrecords/def/checkxlinkurl.template.feature
arg: {"link":"m"}
checkxlinkurl.template.feature:14 - 
org.apache.http.client.ClientProtocolException
-------
feature call (loop) failed at index: 91
caller: classpath:InspireTest/ngr/datasetrecords/def/checkxlinkurl.template.feature
arg: {"link":"x"}
checkxlinkurl.template.feature:14 - 
org.apache.http.client.ClientProtocolException
-------
feature call (loop) failed at index: 92
caller: classpath:InspireTest/ngr/datasetrecords/def/checkxlinkurl.template.feature
arg: {"link":"U"}
checkxlinkurl.template.feature:14 - 
org.apache.http.client.ClientProtocolException
-------
feature call (loop) failed at index: 93
caller: classpath:InspireTest/ngr/datasetrecords/def/checkxlinkurl.template.feature
arg: {"link":"o"}
checkxlinkurl.template.feature:14 - 
org.apache.http.client.ClientProtocolException
-------
feature call (loop) failed at index: 94
caller: classpath:InspireTest/ngr/datasetrecords/def/checkxlinkurl.template.feature
arg: {"link":"m"}
checkxlinkurl.template.feature:14 - 
org.apache.http.client.ClientProtocolException
-------
feature call (loop) failed at index: 95
caller: classpath:InspireTest/ngr/datasetrecords/def/checkxlinkurl.template.feature
arg: {"link":"."}
checkxlinkurl.template.feature:14 - 
org.apache.http.client.ClientProtocolException
-------
feature call (loop) failed at index: 96
caller: classpath:InspireTest/ngr/datasetrecords/def/checkxlinkurl.template.feature
arg: {"link":"x"}
checkxlinkurl.template.feature:14 - 
org.apache.http.client.ClientProtocolException
-------
feature call (loop) failed at index: 97
caller: classpath:InspireTest/ngr/datasetrecords/def/checkxlinkurl.template.feature
arg: {"link":"m"}
checkxlinkurl.template.feature:14 - 
org.apache.http.client.ClientProtocolException
-------
feature call (loop) failed at index: 98
caller: classpath:InspireTest/ngr/datasetrecords/def/checkxlinkurl.template.feature
arg: {"link":"l"}
checkxlinkurl.template.feature:14 - 
org.apache.http.client.ClientProtocolException
-------
feature call (loop) failed at index: 99
caller: classpath:InspireTest/ngr/datasetrecords/def/checkxlinkurl.template.feature
arg: {"link":"#"}
checkxlinkurl.template.feature:14 - 
org.apache.http.client.ClientProtocolException
-------
feature call (loop) failed at index: 100
caller: classpath:InspireTest/ngr/datasetrecords/def/checkxlinkurl.template.feature
arg: {"link":"m"}
checkxlinkurl.template.feature:14 - 
org.apache.http.client.ClientProtocolException
[1.43:16] check-known-dataset-record.feature:79 - feature call (loop) failed: classpath:InspireTest/ngr/datasetrecords/def/checkxlinkurl.template.feature
caller: classpath:InspireTest/ngr/datasetrecords/check-known-dataset-record.feature
items: [{link=https://www.nationaalgeoregister.nl/geonetwork/srv/dut/catalog.search#/metadata/adn73c4a-ef03-4785-b7f6-942e86b385f5}, {link=http://rdfdata.eionet.europa.eu/inspirethemes/themes/10}, {link=urn:ogc:def:crs:EPSG::5709}]
errors:
-------
feature call (loop) failed at index: 1
caller: classpath:InspireTest/ngr/datasetrecords/def/checkxlinkurl.template.feature
arg: {"link":"http://rdfdata.eionet.europa.eu/inspirethemes/themes/10"}
checkxlinkurl.template.feature:15 - status code was: 404, expected: 200, response time: 200, url: http://rdfdata.eionet.europa.eu/inspirethemes/themes/10, response: 
-------
feature call (loop) failed at index: 2
caller: classpath:InspireTest/ngr/datasetrecords/def/checkxlinkurl.template.feature
arg: {"link":"urn:ogc:def:crs:EPSG::5709"}
checkxlinkurl.template.feature:14 - 
org.apache.http.client.ClientProtocolException: URI does not specify a valid host name: urn:ogc:def:crs:EPSG::5709
[1.44:16] check-known-dataset-record.feature:79 - feature call (loop) failed: classpath:InspireTest/ngr/datasetrecords/def/checkxlinkurl.template.feature
caller: classpath:InspireTest/ngr/datasetrecords/check-known-dataset-record.feature
items: [{link=http://www.opengis.net/def/crs/EPSG/0/http://www.opengis.net/def/crs/EPSG/0/4258}, {link=http://kadaster/70a0f618-9d4f-4be9-9d9d-11106ff6971c}]
errors:
-------
feature call (loop) failed at index: 1
caller: classpath:InspireTest/ngr/datasetrecords/def/checkxlinkurl.template.feature
arg: {"link":"http://kadaster/70a0f618-9d4f-4be9-9d9d-11106ff6971c"}
checkxlinkurl.template.feature:14 - 
java.net.UnknownHostException: kadaster
[1.45:16] check-known-dataset-record.feature:79 - feature call (loop) failed: classpath:InspireTest/ngr/datasetrecords/def/checkxlinkurl.template.feature
caller: classpath:InspireTest/ngr/datasetrecords/check-known-dataset-record.feature
items: [{link=https://www.nationaalgeoregister.nl/geonetwork/srv/dut/catalog.search#/metadata/4783ea4f-6b8c-4600-8af0-516f3556cfe9}, {link=http://rdfdata.eionet.europa.eu/inspirethemes/themes/24}, {link=}, {link=}, {link=}, {link=urn:ogc:def:crs:EPSG::5709}]
errors:
-------
feature call (loop) failed at index: 1
caller: classpath:InspireTest/ngr/datasetrecords/def/checkxlinkurl.template.feature
arg: {"link":"http://rdfdata.eionet.europa.eu/inspirethemes/themes/24"}
checkxlinkurl.template.feature:15 - status code was: 404, expected: 200, response time: 201, url: http://rdfdata.eionet.europa.eu/inspirethemes/themes/24, response: 
-------
feature call (loop) failed at index: 2
caller: classpath:InspireTest/ngr/datasetrecords/def/checkxlinkurl.template.feature
arg: {"link":""}
checkxlinkurl.template.feature:14 - 
org.apache.http.client.ClientProtocolException
-------
feature call (loop) failed at index: 3
caller: classpath:InspireTest/ngr/datasetrecords/def/checkxlinkurl.template.feature
arg: {"link":""}
checkxlinkurl.template.feature:14 - 
org.apache.http.client.ClientProtocolException
-------
feature call (loop) failed at index: 4
caller: classpath:InspireTest/ngr/datasetrecords/def/checkxlinkurl.template.feature
arg: {"link":""}
checkxlinkurl.template.feature:14 - 
org.apache.http.client.ClientProtocolException
-------
feature call (loop) failed at index: 5
caller: classpath:InspireTest/ngr/datasetrecords/def/checkxlinkurl.template.feature
arg: {"link":"urn:ogc:def:crs:EPSG::5709"}
checkxlinkurl.template.feature:14 - 
org.apache.http.client.ClientProtocolException: URI does not specify a valid host name: urn:ogc:def:crs:EPSG::5709
[1.46:16] check-known-dataset-record.feature:79 - feature call (loop) failed: classpath:InspireTest/ngr/datasetrecords/def/checkxlinkurl.template.feature
caller: classpath:InspireTest/ngr/datasetrecords/check-known-dataset-record.feature
items: [{link=https://nationaalgeoregister.nl/geonetwork/srv/resources66495385-8f7b-4661-85a7-11a2bbcbb6b9}, {link=http://rdfdata.eionet.europa.eu/inspirethemes/themes/13}, {link=http://geonetwork-opensource.org/inspire-theme#}, {link=https://www.nationaalgeoregister.nl/geonetwork/srv/eng/thesaurus.download?ref=external.theme.inspire-theme}]
errors:
-------
feature call (loop) failed at index: 0
caller: classpath:InspireTest/ngr/datasetrecords/def/checkxlinkurl.template.feature
arg: {"link":"https://nationaalgeoregister.nl/geonetwork/srv/resources66495385-8f7b-4661-85a7-11a2bbcbb6b9"}
checkxlinkurl.template.feature:15 - status code was: 404, expected: 200, response time: 281, url: https://nationaalgeoregister.nl/geonetwork/srv/resources66495385-8f7b-4661-85a7-11a2bbcbb6b9, response: 
-------
feature call (loop) failed at index: 1
caller: classpath:InspireTest/ngr/datasetrecords/def/checkxlinkurl.template.feature
arg: {"link":"http://rdfdata.eionet.europa.eu/inspirethemes/themes/13"}
checkxlinkurl.template.feature:15 - status code was: 404, expected: 200, response time: 200, url: http://rdfdata.eionet.europa.eu/inspirethemes/themes/13, response: 
-------
feature call (loop) failed at index: 2
caller: classpath:InspireTest/ngr/datasetrecords/def/checkxlinkurl.template.feature
arg: {"link":"http://geonetwork-opensource.org/inspire-theme#"}
checkxlinkurl.template.feature:15 - status code was: 404, expected: 200, response time: 400, url: http://geonetwork-opensource.org/inspire-theme#, response: 
-------
feature call (loop) failed at index: 3
caller: classpath:InspireTest/ngr/datasetrecords/def/checkxlinkurl.template.feature
arg: {"link":"https://www.nationaalgeoregister.nl/geonetwork/srv/eng/thesaurus.download?ref=external.theme.inspire-theme"}
checkxlinkurl.template.feature:15 - status code was: 500, expected: 200, response time: 333, url: https://www.nationaalgeoregister.nl/geonetwork/srv/eng/thesaurus.download?ref=external.theme.inspire-theme, response: 
[1.47:16] check-known-dataset-record.feature:79 - feature call (loop) failed: classpath:InspireTest/ngr/datasetrecords/def/checkxlinkurl.template.feature
caller: classpath:InspireTest/ngr/datasetrecords/check-known-dataset-record.feature
items: [{link=http://kadaster/2482250f-3b00-4439-9f93-f3118229b020}, {link=}, {link=}, {link=}]
errors:
-------
feature call (loop) failed at index: 0
caller: classpath:InspireTest/ngr/datasetrecords/def/checkxlinkurl.template.feature
arg: {"link":"http://kadaster/2482250f-3b00-4439-9f93-f3118229b020"}
checkxlinkurl.template.feature:14 - 
java.net.UnknownHostException: kadaster
-------
feature call (loop) failed at index: 1
caller: classpath:InspireTest/ngr/datasetrecords/def/checkxlinkurl.template.feature
arg: {"link":""}
checkxlinkurl.template.feature:14 - 
org.apache.http.client.ClientProtocolException
-------
feature call (loop) failed at index: 2
caller: classpath:InspireTest/ngr/datasetrecords/def/checkxlinkurl.template.feature
arg: {"link":""}
checkxlinkurl.template.feature:14 - 
org.apache.http.client.ClientProtocolException
-------
feature call (loop) failed at index: 3
caller: classpath:InspireTest/ngr/datasetrecords/def/checkxlinkurl.template.feature
arg: {"link":""}
checkxlinkurl.template.feature:14 - 
org.apache.http.client.ClientProtocolException
[1.48:16] check-known-dataset-record.feature:79 - feature call (loop) failed: classpath:InspireTest/ngr/datasetrecords/def/checkxlinkurl.template.feature
caller: classpath:InspireTest/ngr/datasetrecords/check-known-dataset-record.feature
items: [{link=http://www.opengis.net/def/crs/EPSG/0/https://www.opengis.net/def/crs/EPSG/0/4258}, {link=https://www.nationaalgeoregister.nl/geonetwork/srv/api/records4617f0e0-6af4-4ac0-9044-31df9d03071c}]
errors:
-------
feature call (loop) failed at index: 1
caller: classpath:InspireTest/ngr/datasetrecords/def/checkxlinkurl.template.feature
arg: {"link":"https://www.nationaalgeoregister.nl/geonetwork/srv/api/records4617f0e0-6af4-4ac0-9044-31df9d03071c"}
checkxlinkurl.template.feature:15 - status code was: 500, expected: 200, response time: 320, url: https://www.nationaalgeoregister.nl/geonetwork/srv/api/records4617f0e0-6af4-4ac0-9044-31df9d03071c, response: 
[1.49:16] check-known-dataset-record.feature:79 - feature call (loop) failed: classpath:InspireTest/ngr/datasetrecords/def/checkxlinkurl.template.feature
caller: classpath:InspireTest/ngr/datasetrecords/check-known-dataset-record.feature
items: [{link=https://nationaalgeoregister.nl/geonetwork/srv/resourcesce4a6d93-83d6-4397-afa1-d4117d5ce76b}, {link=http://rdfdata.eionet.europa.eu/inspirethemes/themes/34}, {link=http://geonetwork-opensource.org/inspire-theme#}, {link=https://www.nationaalgeoregister.nl/geonetwork/srv/eng/thesaurus.download?ref=external.theme.inspire-theme}]
errors:
-------
feature call (loop) failed at index: 0
caller: classpath:InspireTest/ngr/datasetrecords/def/checkxlinkurl.template.feature
arg: {"link":"https://nationaalgeoregister.nl/geonetwork/srv/resourcesce4a6d93-83d6-4397-afa1-d4117d5ce76b"}
checkxlinkurl.template.feature:15 - status code was: 404, expected: 200, response time: 281, url: https://nationaalgeoregister.nl/geonetwork/srv/resourcesce4a6d93-83d6-4397-afa1-d4117d5ce76b, response: 
-------
feature call (loop) failed at index: 1
caller: classpath:InspireTest/ngr/datasetrecords/def/checkxlinkurl.template.feature
arg: {"link":"http://rdfdata.eionet.europa.eu/inspirethemes/themes/34"}
checkxlinkurl.template.feature:15 - status code was: 404, expected: 200, response time: 201, url: http://rdfdata.eionet.europa.eu/inspirethemes/themes/34, response: 
-------
feature call (loop) failed at index: 2
caller: classpath:InspireTest/ngr/datasetrecords/def/checkxlinkurl.template.feature
arg: {"link":"http://geonetwork-opensource.org/inspire-theme#"}
checkxlinkurl.template.feature:15 - status code was: 404, expected: 200, response time: 400, url: http://geonetwork-opensource.org/inspire-theme#, response: 
-------
feature call (loop) failed at index: 3
caller: classpath:InspireTest/ngr/datasetrecords/def/checkxlinkurl.template.feature
arg: {"link":"https://www.nationaalgeoregister.nl/geonetwork/srv/eng/thesaurus.download?ref=external.theme.inspire-theme"}
checkxlinkurl.template.feature:15 - status code was: 500, expected: 200, response time: 323, url: https://www.nationaalgeoregister.nl/geonetwork/srv/eng/thesaurus.download?ref=external.theme.inspire-theme, response: 
[1.50:16] check-known-dataset-record.feature:79 - feature call (loop) failed: classpath:InspireTest/ngr/datasetrecords/def/checkxlinkurl.template.feature
caller: classpath:InspireTest/ngr/datasetrecords/check-known-dataset-record.feature
items: [{link=http://kadaster/06b6c650-cdb1-11dd-ad8b-0800200c9a80}]
errors:
-------
feature call (loop) failed at index: 0
caller: classpath:InspireTest/ngr/datasetrecords/def/checkxlinkurl.template.feature
arg: {"link":"http://kadaster/06b6c650-cdb1-11dd-ad8b-0800200c9a80"}
checkxlinkurl.template.feature:14 - 
java.net.UnknownHostException: kadaster
[1.51:16] check-known-dataset-record.feature:79 - feature call (loop) failed: classpath:InspireTest/ngr/datasetrecords/def/checkxlinkurl.template.feature
caller: classpath:InspireTest/ngr/datasetrecords/check-known-dataset-record.feature
items: [{link=https://data.rivm.nl/inspire/id#90bab79d-5f92-4aaa-8edc-99195438ef65}]
errors:
-------
feature call (loop) failed at index: 0
caller: classpath:InspireTest/ngr/datasetrecords/def/checkxlinkurl.template.feature
arg: {"link":"https://data.rivm.nl/inspire/id#90bab79d-5f92-4aaa-8edc-99195438ef65"}
checkxlinkurl.template.feature:14 - 
javax.net.ssl.SSLException: Connection reset
[1.52:16] check-known-dataset-record.feature:79 - feature call (loop) failed: classpath:InspireTest/ngr/datasetrecords/def/checkxlinkurl.template.feature
caller: classpath:InspireTest/ngr/datasetrecords/check-known-dataset-record.feature
items: [{link=http://kadaster/2482250f-3b00-4439-9f93-f3118229b014}, {link=}, {link=}, {link=}]
errors:
-------
feature call (loop) failed at index: 0
caller: classpath:InspireTest/ngr/datasetrecords/def/checkxlinkurl.template.feature
arg: {"link":"http://kadaster/2482250f-3b00-4439-9f93-f3118229b014"}
checkxlinkurl.template.feature:14 - 
java.net.UnknownHostException: kadaster
-------
feature call (loop) failed at index: 1
caller: classpath:InspireTest/ngr/datasetrecords/def/checkxlinkurl.template.feature
arg: {"link":""}
checkxlinkurl.template.feature:14 - 
org.apache.http.client.ClientProtocolException
-------
feature call (loop) failed at index: 2
caller: classpath:InspireTest/ngr/datasetrecords/def/checkxlinkurl.template.feature
arg: {"link":""}
checkxlinkurl.template.feature:14 - 
org.apache.http.client.ClientProtocolException
-------
feature call (loop) failed at index: 3
caller: classpath:InspireTest/ngr/datasetrecords/def/checkxlinkurl.template.feature
arg: {"link":""}
checkxlinkurl.template.feature:14 - 
org.apache.http.client.ClientProtocolException
[1.54:16] check-known-dataset-record.feature:79 - feature call (loop) failed: classpath:InspireTest/ngr/datasetrecords/def/checkxlinkurl.template.feature
caller: classpath:InspireTest/ngr/datasetrecords/check-known-dataset-record.feature
items: [{link=http://www.opengis.net/def/crs/EPSG/0/http://www.opengis.net/def/crs/EPSG/0/4258}, {link=http://kadaster/ed4caa3b-a49e-4a9a-8206-50a3cf451b9a}]
errors:
-------
feature call (loop) failed at index: 1
caller: classpath:InspireTest/ngr/datasetrecords/def/checkxlinkurl.template.feature
arg: {"link":"http://kadaster/ed4caa3b-a49e-4a9a-8206-50a3cf451b9a"}
checkxlinkurl.template.feature:14 - 
java.net.UnknownHostException: kadaster: Temporary failure in name resolution
[1.55:16] check-known-dataset-record.feature:79 - feature call (loop) failed: classpath:InspireTest/ngr/datasetrecords/def/checkxlinkurl.template.feature
caller: classpath:InspireTest/ngr/datasetrecords/check-known-dataset-record.feature
items: [{link=http://www.opengis.net/def/crs/EPSG/0/http://www.opengis.net/def/crs/EPSG/0/4258}, {link=http://kadaster/29f0fa66-3928-4e95-ae30-5b1eab818ac1}]
errors:
-------
feature call (loop) failed at index: 1
caller: classpath:InspireTest/ngr/datasetrecords/def/checkxlinkurl.template.feature
arg: {"link":"http://kadaster/29f0fa66-3928-4e95-ae30-5b1eab818ac1"}
checkxlinkurl.template.feature:14 - 
java.net.UnknownHostException: kadaster
[1.56:16] check-known-dataset-record.feature:79 - feature call (loop) failed: classpath:InspireTest/ngr/datasetrecords/def/checkxlinkurl.template.feature
caller: classpath:InspireTest/ngr/datasetrecords/check-known-dataset-record.feature
items: [{link=http://standaarden.overheid.nl/owms/terms/Ministerie_van_Landbouw,_Natuur_en_Voedselkwaliteit}, {link=http://www.nationaalgeoregister.nl/geonetwork/srv/dut/catalog.search#/metadata/a04afee4-47d5-45b7-b7a0-a6f86106af11}, {link=http://standaarden.overheid.nl/owms/terms/Ministerie_van_Landbouw,_Natuur_en_Voedselkwaliteit}, {link=http://standaarden.overheid.nl/owms/terms/Ministerie_van_Landbouw,_Natuur_en_Voedselkwaliteit}, {link=https://data.overheid.nl/organisatie/PDOK}]
errors:
-------
feature call (loop) failed at index: 4
caller: classpath:InspireTest/ngr/datasetrecords/def/checkxlinkurl.template.feature
arg: {"link":"https://data.overheid.nl/organisatie/PDOK"}
checkxlinkurl.template.feature:15 - status code was: 404, expected: 200, response time: 536, url: https://data.overheid.nl/organisatie/PDOK, response: 
[1.57:16] check-known-dataset-record.feature:79 - feature call (loop) failed: classpath:InspireTest/ngr/datasetrecords/def/checkxlinkurl.template.feature
caller: classpath:InspireTest/ngr/datasetrecords/check-known-dataset-record.feature
items: [{link=https://data.rivm.nl/inspire/id#722e3937-3e53-4048-97ef-1ced2c77f7dd}]
errors:
-------
feature call (loop) failed at index: 0
caller: classpath:InspireTest/ngr/datasetrecords/def/checkxlinkurl.template.feature
arg: {"link":"https://data.rivm.nl/inspire/id#722e3937-3e53-4048-97ef-1ced2c77f7dd"}
checkxlinkurl.template.feature:14 - 
javax.net.ssl.SSLException: Connection reset
[1.58:16] check-known-dataset-record.feature:79 - feature call (loop) failed: classpath:InspireTest/ngr/datasetrecords/def/checkxlinkurl.template.feature
caller: classpath:InspireTest/ngr/datasetrecords/check-known-dataset-record.feature
items: [{link=https://nationaalgeoregister.nl/geonetwork/srv/resources8bdf76b6-c9c9-4011-a7bc-022ae14a4024}, {link=http://rdfdata.eionet.europa.eu/inspirethemes/themes/24}, {link=http://geonetwork-opensource.org/inspire-theme#}, {link=https://www.nationaalgeoregister.nl/geonetwork/srv/eng/thesaurus.download?ref=external.theme.inspire-theme}]
errors:
-------
feature call (loop) failed at index: 0
caller: classpath:InspireTest/ngr/datasetrecords/def/checkxlinkurl.template.feature
arg: {"link":"https://nationaalgeoregister.nl/geonetwork/srv/resources8bdf76b6-c9c9-4011-a7bc-022ae14a4024"}
checkxlinkurl.template.feature:15 - status code was: 404, expected: 200, response time: 284, url: https://nationaalgeoregister.nl/geonetwork/srv/resources8bdf76b6-c9c9-4011-a7bc-022ae14a4024, response: 
-------
feature call (loop) failed at index: 1
caller: classpath:InspireTest/ngr/datasetrecords/def/checkxlinkurl.template.feature
arg: {"link":"http://rdfdata.eionet.europa.eu/inspirethemes/themes/24"}
checkxlinkurl.template.feature:15 - status code was: 404, expected: 200, response time: 200, url: http://rdfdata.eionet.europa.eu/inspirethemes/themes/24, response: 
-------
feature call (loop) failed at index: 2
caller: classpath:InspireTest/ngr/datasetrecords/def/checkxlinkurl.template.feature
arg: {"link":"http://geonetwork-opensource.org/inspire-theme#"}
checkxlinkurl.template.feature:15 - status code was: 404, expected: 200, response time: 397, url: http://geonetwork-opensource.org/inspire-theme#, response: 
-------
feature call (loop) failed at index: 3
caller: classpath:InspireTest/ngr/datasetrecords/def/checkxlinkurl.template.feature
arg: {"link":"https://www.nationaalgeoregister.nl/geonetwork/srv/eng/thesaurus.download?ref=external.theme.inspire-theme"}
checkxlinkurl.template.feature:15 - status code was: 500, expected: 200, response time: 335, url: https://www.nationaalgeoregister.nl/geonetwork/srv/eng/thesaurus.download?ref=external.theme.inspire-theme, response: 
[1.59:16] check-known-dataset-record.feature:79 - feature call (loop) failed: classpath:InspireTest/ngr/datasetrecords/def/checkxlinkurl.template.feature
caller: classpath:InspireTest/ngr/datasetrecords/check-known-dataset-record.feature
items: [{link=http://standaarden.overheid.nl/owms/terms/Ministerie_van_Landbouw,_Natuur_en_Voedselkwaliteit}, {link=http://nationaalgeoregister.nl/geonetwork/srv/dut/catalog.search#/metadata/19165027-a13a-4c19-9013-ec1fd191019d}, {link=http://standaarden.overheid.nl/owms/terms/Ministerie_van_Landbouw,_Natuur_en_Voedselkwaliteit}, {link=http://standaarden.overheid.nl/owms/terms/Ministerie_van_Landbouw,_Natuur_en_Voedselkwaliteit}, {link=https://data.overheid.nl/organisatie/PDOK}]
errors:
-------
feature call (loop) failed at index: 4
caller: classpath:InspireTest/ngr/datasetrecords/def/checkxlinkurl.template.feature
arg: {"link":"https://data.overheid.nl/organisatie/PDOK"}
checkxlinkurl.template.feature:15 - status code was: 404, expected: 200, response time: 651, url: https://data.overheid.nl/organisatie/PDOK, response: 
[1.60:16] check-known-dataset-record.feature:79 - feature call (loop) failed: classpath:InspireTest/ngr/datasetrecords/def/checkxlinkurl.template.feature
caller: classpath:InspireTest/ngr/datasetrecords/check-known-dataset-record.feature
items: [{link=https://www.nationaalgeoregister.nl/geonetwork/srv/api/recordsc3c004ad-5387-4b00-a225-9afbcaa5d31b}]
errors:
-------
feature call (loop) failed at index: 0
caller: classpath:InspireTest/ngr/datasetrecords/def/checkxlinkurl.template.feature
arg: {"link":"https://www.nationaalgeoregister.nl/geonetwork/srv/api/recordsc3c004ad-5387-4b00-a225-9afbcaa5d31b"}
checkxlinkurl.template.feature:15 - status code was: 500, expected: 200, response time: 309, url: https://www.nationaalgeoregister.nl/geonetwork/srv/api/recordsc3c004ad-5387-4b00-a225-9afbcaa5d31b, response: 
[1.61:16] check-known-dataset-record.feature:79 - feature call (loop) failed: classpath:InspireTest/ngr/datasetrecords/def/checkxlinkurl.template.feature
caller: classpath:InspireTest/ngr/datasetrecords/check-known-dataset-record.feature
items: [{link=https://www.nationaalgeoregister.nl/geonetwork/srv/api/records49807edc-0007-41aa-8809-d381f6713de4}, {link=https://creativecommons.org/publicdomain/zero/*/deed.nl}]
errors:
-------
feature call (loop) failed at index: 0
caller: classpath:InspireTest/ngr/datasetrecords/def/checkxlinkurl.template.feature
arg: {"link":"https://www.nationaalgeoregister.nl/geonetwork/srv/api/records49807edc-0007-41aa-8809-d381f6713de4"}
checkxlinkurl.template.feature:15 - status code was: 500, expected: 200, response time: 312, url: https://www.nationaalgeoregister.nl/geonetwork/srv/api/records49807edc-0007-41aa-8809-d381f6713de4, response: 
-------
feature call (loop) failed at index: 1
caller: classpath:InspireTest/ngr/datasetrecords/def/checkxlinkurl.template.feature
arg: {"link":"https://creativecommons.org/publicdomain/zero/*/deed.nl"}
checkxlinkurl.template.feature:15 - status code was: 404, expected: 200, response time: 111, url: https://creativecommons.org/publicdomain/zero/*/deed.nl, response: 
[1.62:16] check-known-dataset-record.feature:79 - feature call (loop) failed: classpath:InspireTest/ngr/datasetrecords/def/checkxlinkurl.template.feature
caller: classpath:InspireTest/ngr/datasetrecords/check-known-dataset-record.feature
items: [{link=https://www.nationaalgeoregister.nl/geonetwork/srv/api/records6e4a2001-fef7-471c-8286-4f859bc1131e}, {link=https://creativecommons.org/publicdomain/zero/*/deed.nl}]
errors:
-------
feature call (loop) failed at index: 0
caller: classpath:InspireTest/ngr/datasetrecords/def/checkxlinkurl.template.feature
arg: {"link":"https://www.nationaalgeoregister.nl/geonetwork/srv/api/records6e4a2001-fef7-471c-8286-4f859bc1131e"}
checkxlinkurl.template.feature:15 - status code was: 500, expected: 200, response time: 315, url: https://www.nationaalgeoregister.nl/geonetwork/srv/api/records6e4a2001-fef7-471c-8286-4f859bc1131e, response: 
-------
feature call (loop) failed at index: 1
caller: classpath:InspireTest/ngr/datasetrecords/def/checkxlinkurl.template.feature
arg: {"link":"https://creativecommons.org/publicdomain/zero/*/deed.nl"}
checkxlinkurl.template.feature:15 - status code was: 404, expected: 200, response time: 38, url: https://creativecommons.org/publicdomain/zero/*/deed.nl, response: 
[1.63:16] check-known-dataset-record.feature:47 - xpath does not exist: /GetRecordByIdResponse//@href on response
[1.64:16] check-known-dataset-record.feature:79 - feature call (loop) failed: classpath:InspireTest/ngr/datasetrecords/def/checkxlinkurl.template.feature
caller: classpath:InspireTest/ngr/datasetrecords/check-known-dataset-record.feature
items: [{link=https://www.nationaalgeoregister.nl/geonetwork/srv/dut/catalog.search#/metadata/7939fd42-cf88-42c5-ab3b-232cf232a3ac}, {link=http://rdfdata.eionet.europa.eu/inspirethemes/themes/10}, {link=urn:ogc:def:crs:EPSG::5709}]
errors:
-------
feature call (loop) failed at index: 1
caller: classpath:InspireTest/ngr/datasetrecords/def/checkxlinkurl.template.feature
arg: {"link":"http://rdfdata.eionet.europa.eu/inspirethemes/themes/10"}
checkxlinkurl.template.feature:15 - status code was: 404, expected: 200, response time: 200, url: http://rdfdata.eionet.europa.eu/inspirethemes/themes/10, response: 
-------
feature call (loop) failed at index: 2
caller: classpath:InspireTest/ngr/datasetrecords/def/checkxlinkurl.template.feature
arg: {"link":"urn:ogc:def:crs:EPSG::5709"}
checkxlinkurl.template.feature:14 - 
org.apache.http.client.ClientProtocolException: URI does not specify a valid host name: urn:ogc:def:crs:EPSG::5709
[1.65:16] check-known-dataset-record.feature:79 - feature call (loop) failed: classpath:InspireTest/ngr/datasetrecords/def/checkxlinkurl.template.feature
caller: classpath:InspireTest/ngr/datasetrecords/check-known-dataset-record.feature
items: [{link=https://www.nationaalgeoregister.nl/geonetwork/srv/dut/catalog.search#/metadata/cf69ec50-9849-4afd-853c-ee56211d336d}, {link=http://rdfdata.eionet.europa.eu/inspirethemes/themes/20}, {link=http://rdfdata.eionet.europa.eu/inspirethemes/themes/28}, {link=urn:ogc:def:crs:EPSG::5709}]
errors:
-------
feature call (loop) failed at index: 1
caller: classpath:InspireTest/ngr/datasetrecords/def/checkxlinkurl.template.feature
arg: {"link":"http://rdfdata.eionet.europa.eu/inspirethemes/themes/20"}
checkxlinkurl.template.feature:15 - status code was: 404, expected: 200, response time: 200, url: http://rdfdata.eionet.europa.eu/inspirethemes/themes/20, response: 
-------
feature call (loop) failed at index: 2
caller: classpath:InspireTest/ngr/datasetrecords/def/checkxlinkurl.template.feature
arg: {"link":"http://rdfdata.eionet.europa.eu/inspirethemes/themes/28"}
checkxlinkurl.template.feature:15 - status code was: 404, expected: 200, response time: 200, url: http://rdfdata.eionet.europa.eu/inspirethemes/themes/28, response: 
-------
feature call (loop) failed at index: 3
caller: classpath:InspireTest/ngr/datasetrecords/def/checkxlinkurl.template.feature
arg: {"link":"urn:ogc:def:crs:EPSG::5709"}
checkxlinkurl.template.feature:14 - 
org.apache.http.client.ClientProtocolException: URI does not specify a valid host name: urn:ogc:def:crs:EPSG::5709
[1.66:16] check-known-dataset-record.feature:79 - feature call (loop) failed: classpath:InspireTest/ngr/datasetrecords/def/checkxlinkurl.template.feature
caller: classpath:InspireTest/ngr/datasetrecords/check-known-dataset-record.feature
items: [{link=http://www.opengis.net/def/crs/EPSG/0/http://www.opengis.net/def/crs/EPSG/0/3034}, {link=http://nationaalgeoregister.nl/geonetwork/srv/dut/csw?SERVICE=CSW&version=2.0.2&REQUEST=GetRecordById&elementSetName=full&OutputSchema=http://www.isotc211.org/2005/gmd&ID=b6ee58a1-b097-4c6d-8600-eb81efc1468c}, {link=https://creativecommons.org/publicdomain/mark/*/deed.nl}, {link=}]
errors:
-------
feature call (loop) failed at index: 2
caller: classpath:InspireTest/ngr/datasetrecords/def/checkxlinkurl.template.feature
arg: {"link":"https://creativecommons.org/publicdomain/mark/*/deed.nl"}
checkxlinkurl.template.feature:15 - status code was: 404, expected: 200, response time: 97, url: https://creativecommons.org/publicdomain/mark/*/deed.nl, response: 
-------
feature call (loop) failed at index: 3
caller: classpath:InspireTest/ngr/datasetrecords/def/checkxlinkurl.template.feature
arg: {"link":""}
checkxlinkurl.template.feature:14 - 
org.apache.http.client.ClientProtocolException
[1.67:16] check-known-dataset-record.feature:79 - feature call (loop) failed: classpath:InspireTest/ngr/datasetrecords/def/checkxlinkurl.template.feature
caller: classpath:InspireTest/ngr/datasetrecords/check-known-dataset-record.feature
items: [{link=https://www.nationaalgeoregister.nl/geonetwork/srv/api/records/002d9127-c16d-4b8d-9f5e-102a8c8e36c4}]
errors:
-------
feature call (loop) failed at index: 0
caller: classpath:InspireTest/ngr/datasetrecords/def/checkxlinkurl.template.feature
arg: {"link":"https://www.nationaalgeoregister.nl/geonetwork/srv/api/records/002d9127-c16d-4b8d-9f5e-102a8c8e36c4"}
checkxlinkurl.template.feature:15 - status code was: 400, expected: 200, response time: 277, url: https://www.nationaalgeoregister.nl/geonetwork/srv/api/records/002d9127-c16d-4b8d-9f5e-102a8c8e36c4, response: 
[1.68:16] check-known-dataset-record.feature:79 - feature call (loop) failed: classpath:InspireTest/ngr/datasetrecords/def/checkxlinkurl.template.feature
caller: classpath:InspireTest/ngr/datasetrecords/check-known-dataset-record.feature
items: [{link=https://www.nationaalgeoregister.nl/geonetwork/srv/dut/catalog.search#/metadata/68ebd5c9-0ea1-4f22-9907-ec4c063cd3e2}, {link=http://rdfdata.eionet.europa.eu/inspirethemes/themes/20}, {link=urn:ogc:def:crs:EPSG::5709}]
errors:
-------
feature call (loop) failed at index: 1
caller: classpath:InspireTest/ngr/datasetrecords/def/checkxlinkurl.template.feature
arg: {"link":"http://rdfdata.eionet.europa.eu/inspirethemes/themes/20"}
checkxlinkurl.template.feature:15 - status code was: 404, expected: 200, response time: 215, url: http://rdfdata.eionet.europa.eu/inspirethemes/themes/20, response: 
-------
feature call (loop) failed at index: 2
caller: classpath:InspireTest/ngr/datasetrecords/def/checkxlinkurl.template.feature
arg: {"link":"urn:ogc:def:crs:EPSG::5709"}
checkxlinkurl.template.feature:14 - 
org.apache.http.client.ClientProtocolException: URI does not specify a valid host name: urn:ogc:def:crs:EPSG::5709
[1.69:16] check-known-dataset-record.feature:79 - feature call (loop) failed: classpath:InspireTest/ngr/datasetrecords/def/checkxlinkurl.template.feature
caller: classpath:InspireTest/ngr/datasetrecords/check-known-dataset-record.feature
items: [{link=http://www.opengis.net/def/crs/EPSG/0/http://www.opengis.net/def/crs/EPSG/0/3034}, {link=http://nationaalgeoregister.nl/geonetwork/srv/dut/csw?SERVICE=CSW&version=2.0.2&REQUEST=GetRecordById&elementSetName=full&OutputSchema=http://www.isotc211.org/2005/gmd&ID=58e7dc38-a498-4852-b4ef-908f5baa9056}, {link=https://creativecommons.org/publicdomain/mark/*/deed.nl}, {link=}]
errors:
-------
feature call (loop) failed at index: 2
caller: classpath:InspireTest/ngr/datasetrecords/def/checkxlinkurl.template.feature
arg: {"link":"https://creativecommons.org/publicdomain/mark/*/deed.nl"}
checkxlinkurl.template.feature:15 - status code was: 404, expected: 200, response time: 36, url: https://creativecommons.org/publicdomain/mark/*/deed.nl, response: 
-------
feature call (loop) failed at index: 3
caller: classpath:InspireTest/ngr/datasetrecords/def/checkxlinkurl.template.feature
arg: {"link":""}
checkxlinkurl.template.feature:14 - 
org.apache.http.client.ClientProtocolException
[1.70:16] check-known-dataset-record.feature:79 - feature call (loop) failed: classpath:InspireTest/ngr/datasetrecords/def/checkxlinkurl.template.feature
caller: classpath:InspireTest/ngr/datasetrecords/check-known-dataset-record.feature
items: [{link=http://www.opengis.net/def/crs/EPSG/0/ETRS89}, {link=https://www.nationaalgeoregister.nl/geonetwork/srv/api/records07575774-57a1-4419-bab4-6c88fdeb02b2}]
errors:
-------
feature call (loop) failed at index: 1
caller: classpath:InspireTest/ngr/datasetrecords/def/checkxlinkurl.template.feature
arg: {"link":"https://www.nationaalgeoregister.nl/geonetwork/srv/api/records07575774-57a1-4419-bab4-6c88fdeb02b2"}
checkxlinkurl.template.feature:15 - status code was: 500, expected: 200, response time: 489, url: https://www.nationaalgeoregister.nl/geonetwork/srv/api/records07575774-57a1-4419-bab4-6c88fdeb02b2, response: 
[1.71:16] check-known-dataset-record.feature:79 - feature call (loop) failed: classpath:InspireTest/ngr/datasetrecords/def/checkxlinkurl.template.feature
caller: classpath:InspireTest/ngr/datasetrecords/check-known-dataset-record.feature
items: [{link=https://data.rivm.nl/inspire/id#c6d62f69-7be0-4c19-a4af-d146c6a3c166}]
errors:
-------
feature call (loop) failed at index: 0
caller: classpath:InspireTest/ngr/datasetrecords/def/checkxlinkurl.template.feature
arg: {"link":"https://data.rivm.nl/inspire/id#c6d62f69-7be0-4c19-a4af-d146c6a3c166"}
checkxlinkurl.template.feature:14 - 
javax.net.ssl.SSLException: Connection reset
[1.72:16] check-known-dataset-record.feature:79 - feature call (loop) failed: classpath:InspireTest/ngr/datasetrecords/def/checkxlinkurl.template.feature
caller: classpath:InspireTest/ngr/datasetrecords/check-known-dataset-record.feature
items: [{link=http://www.opengis.net/def/crs/EPSG/0/http://www.opengis.net/def/crs/EPSG/0/3034}, {link=http://nationaalgeoregister.nl/geonetwork/srv/dut/csw?SERVICE=CSW&version=2.0.2&REQUEST=GetRecordById&elementSetName=full&OutputSchema=http://www.isotc211.org/2005/gmd&ID=88f76a94-ee4d-4e0c-9fde-91b692403e39}, {link=https://creativecommons.org/publicdomain/mark/*/deed.nl}, {link=}]
errors:
-------
feature call (loop) failed at index: 2
caller: classpath:InspireTest/ngr/datasetrecords/def/checkxlinkurl.template.feature
arg: {"link":"https://creativecommons.org/publicdomain/mark/*/deed.nl"}
checkxlinkurl.template.feature:15 - status code was: 404, expected: 200, response time: 35, url: https://creativecommons.org/publicdomain/mark/*/deed.nl, response: 
-------
feature call (loop) failed at index: 3
caller: classpath:InspireTest/ngr/datasetrecords/def/checkxlinkurl.template.feature
arg: {"link":""}
checkxlinkurl.template.feature:14 - 
org.apache.http.client.ClientProtocolException
[1.73:16] check-known-dataset-record.feature:79 - feature call (loop) failed: classpath:InspireTest/ngr/datasetrecords/def/checkxlinkurl.template.feature
caller: classpath:InspireTest/ngr/datasetrecords/check-known-dataset-record.feature
items: [{link=http://kadaster/2482250f-3b00-4439-9f93-f3118229b015}, {link=}, {link=}, {link=}]
errors:
-------
feature call (loop) failed at index: 0
caller: classpath:InspireTest/ngr/datasetrecords/def/checkxlinkurl.template.feature
arg: {"link":"http://kadaster/2482250f-3b00-4439-9f93-f3118229b015"}
checkxlinkurl.template.feature:14 - 
java.net.UnknownHostException: kadaster
-------
feature call (loop) failed at index: 1
caller: classpath:InspireTest/ngr/datasetrecords/def/checkxlinkurl.template.feature
arg: {"link":""}
checkxlinkurl.template.feature:14 - 
org.apache.http.client.ClientProtocolException
-------
feature call (loop) failed at index: 2
caller: classpath:InspireTest/ngr/datasetrecords/def/checkxlinkurl.template.feature
arg: {"link":""}
checkxlinkurl.template.feature:14 - 
org.apache.http.client.ClientProtocolException
-------
feature call (loop) failed at index: 3
caller: classpath:InspireTest/ngr/datasetrecords/def/checkxlinkurl.template.feature
arg: {"link":""}
checkxlinkurl.template.feature:14 - 
org.apache.http.client.ClientProtocolException
[1.74:16] check-known-dataset-record.feature:79 - feature call (loop) failed: classpath:InspireTest/ngr/datasetrecords/def/checkxlinkurl.template.feature
caller: classpath:InspireTest/ngr/datasetrecords/check-known-dataset-record.feature
items: [{link=http://kadaster/3bf3f7f3-8ac9-4203-bb95-2c932d5f0f3e}]
errors:
-------
feature call (loop) failed at index: 0
caller: classpath:InspireTest/ngr/datasetrecords/def/checkxlinkurl.template.feature
arg: {"link":"http://kadaster/3bf3f7f3-8ac9-4203-bb95-2c932d5f0f3e"}
checkxlinkurl.template.feature:14 - 
java.net.UnknownHostException: kadaster
[1.75:16] check-known-dataset-record.feature:79 - feature call (loop) failed: classpath:InspireTest/ngr/datasetrecords/def/checkxlinkurl.template.feature
caller: classpath:InspireTest/ngr/datasetrecords/check-known-dataset-record.feature
items: [{link=https://data.rivm.nl/inspire/id#b5ccab29-e2cc-4178-9f81-40c50e909754}]
errors:
-------
feature call (loop) failed at index: 0
caller: classpath:InspireTest/ngr/datasetrecords/def/checkxlinkurl.template.feature
arg: {"link":"https://data.rivm.nl/inspire/id#b5ccab29-e2cc-4178-9f81-40c50e909754"}
checkxlinkurl.template.feature:14 - 
javax.net.ssl.SSLException: Connection reset
[1.76:16] check-known-dataset-record.feature:79 - feature call (loop) failed: classpath:InspireTest/ngr/datasetrecords/def/checkxlinkurl.template.feature
caller: classpath:InspireTest/ngr/datasetrecords/check-known-dataset-record.feature
items: [{link=https://nationaalgeoregister.nl/geonetwork/srv/resources7d4d5090-8b18-4c30-a07a-9d738039112f}, {link=http://rdfdata.eionet.europa.eu/inspirethemes/themes/13}, {link=http://geonetwork-opensource.org/inspire-theme#}, {link=https://www.nationaalgeoregister.nl/geonetwork/srv/eng/thesaurus.download?ref=external.theme.inspire-theme}]
errors:
-------
feature call (loop) failed at index: 0
caller: classpath:InspireTest/ngr/datasetrecords/def/checkxlinkurl.template.feature
arg: {"link":"https://nationaalgeoregister.nl/geonetwork/srv/resources7d4d5090-8b18-4c30-a07a-9d738039112f"}
checkxlinkurl.template.feature:15 - status code was: 404, expected: 200, response time: 280, url: https://nationaalgeoregister.nl/geonetwork/srv/resources7d4d5090-8b18-4c30-a07a-9d738039112f, response: 
-------
feature call (loop) failed at index: 1
caller: classpath:InspireTest/ngr/datasetrecords/def/checkxlinkurl.template.feature
arg: {"link":"http://rdfdata.eionet.europa.eu/inspirethemes/themes/13"}
checkxlinkurl.template.feature:15 - status code was: 404, expected: 200, response time: 224, url: http://rdfdata.eionet.europa.eu/inspirethemes/themes/13, response: 
-------
feature call (loop) failed at index: 2
caller: classpath:InspireTest/ngr/datasetrecords/def/checkxlinkurl.template.feature
arg: {"link":"http://geonetwork-opensource.org/inspire-theme#"}
checkxlinkurl.template.feature:15 - status code was: 404, expected: 200, response time: 400, url: http://geonetwork-opensource.org/inspire-theme#, response: 
-------
feature call (loop) failed at index: 3
caller: classpath:InspireTest/ngr/datasetrecords/def/checkxlinkurl.template.feature
arg: {"link":"https://www.nationaalgeoregister.nl/geonetwork/srv/eng/thesaurus.download?ref=external.theme.inspire-theme"}
checkxlinkurl.template.feature:15 - status code was: 500, expected: 200, response time: 558, url: https://www.nationaalgeoregister.nl/geonetwork/srv/eng/thesaurus.download?ref=external.theme.inspire-theme, response: 
[1.77:16] check-known-dataset-record.feature:79 - feature call (loop) failed: classpath:InspireTest/ngr/datasetrecords/def/checkxlinkurl.template.feature
caller: classpath:InspireTest/ngr/datasetrecords/check-known-dataset-record.feature
items: [{link=https://www.nationaalgeoregister.nl/geonetwork/srv/api/records844404a2-9cd0-452e-b29a-74588777485a}]
errors:
-------
feature call (loop) failed at index: 0
caller: classpath:InspireTest/ngr/datasetrecords/def/checkxlinkurl.template.feature
arg: {"link":"https://www.nationaalgeoregister.nl/geonetwork/srv/api/records844404a2-9cd0-452e-b29a-74588777485a"}
checkxlinkurl.template.feature:15 - status code was: 500, expected: 200, response time: 319, url: https://www.nationaalgeoregister.nl/geonetwork/srv/api/records844404a2-9cd0-452e-b29a-74588777485a, response: 
[1.78:16] check-known-dataset-record.feature:79 - feature call (loop) failed: classpath:InspireTest/ngr/datasetrecords/def/checkxlinkurl.template.feature
caller: classpath:InspireTest/ngr/datasetrecords/check-known-dataset-record.feature
items: [{link=https://www.nationaalgeoregister.nl/geonetwork/srv/dut/catalog.search#/metadata/be1b1514-8d1f-48e1-9624-fee9b784138b}, {link=http://rdfdata.eionet.europa.eu/inspirethemes/themes/7}, {link=urn:ogc:def:crs:EPSG::5709}]
errors:
-------
feature call (loop) failed at index: 1
caller: classpath:InspireTest/ngr/datasetrecords/def/checkxlinkurl.template.feature
arg: {"link":"http://rdfdata.eionet.europa.eu/inspirethemes/themes/7"}
checkxlinkurl.template.feature:15 - status code was: 404, expected: 200, response time: 226, url: http://rdfdata.eionet.europa.eu/inspirethemes/themes/7, response: 
-------
feature call (loop) failed at index: 2
caller: classpath:InspireTest/ngr/datasetrecords/def/checkxlinkurl.template.feature
arg: {"link":"urn:ogc:def:crs:EPSG::5709"}
checkxlinkurl.template.feature:14 - 
org.apache.http.client.ClientProtocolException: URI does not specify a valid host name: urn:ogc:def:crs:EPSG::5709
[1.79:16] check-known-dataset-record.feature:79 - feature call (loop) failed: classpath:InspireTest/ngr/datasetrecords/def/checkxlinkurl.template.feature
caller: classpath:InspireTest/ngr/datasetrecords/check-known-dataset-record.feature
items: [{link=http://www.opengis.net/def/crs/EPSG/0/http://www.opengis.net/def/crs/EPSG/0/4258}, {link=http://kadaster/3b7bb05b-2d2e-4329-9a72-0eac19e315de}]
errors:
-------
feature call (loop) failed at index: 1
caller: classpath:InspireTest/ngr/datasetrecords/def/checkxlinkurl.template.feature
arg: {"link":"http://kadaster/3b7bb05b-2d2e-4329-9a72-0eac19e315de"}
checkxlinkurl.template.feature:14 - 
java.net.UnknownHostException: kadaster
[1.81:16] check-known-dataset-record.feature:79 - feature call (loop) failed: classpath:InspireTest/ngr/datasetrecords/def/checkxlinkurl.template.feature
caller: classpath:InspireTest/ngr/datasetrecords/check-known-dataset-record.feature
items: [{link=https://nationaalgeoregister.nl/geonetwork/srv/resources49e49382-674d-4ce8-9f4a-ba4dd2265eef}, {link=http://rdfdata.eionet.europa.eu/inspirethemes/themes/33}, {link=http://geonetwork-opensource.org/inspire-theme#}, {link=https://www.nationaalgeoregister.nl/geonetwork/srv/eng/thesaurus.download?ref=external.theme.inspire-theme}]
errors:
-------
feature call (loop) failed at index: 0
caller: classpath:InspireTest/ngr/datasetrecords/def/checkxlinkurl.template.feature
arg: {"link":"https://nationaalgeoregister.nl/geonetwork/srv/resources49e49382-674d-4ce8-9f4a-ba4dd2265eef"}
checkxlinkurl.template.feature:15 - status code was: 404, expected: 200, response time: 281, url: https://nationaalgeoregister.nl/geonetwork/srv/resources49e49382-674d-4ce8-9f4a-ba4dd2265eef, response: 
-------
feature call (loop) failed at index: 1
caller: classpath:InspireTest/ngr/datasetrecords/def/checkxlinkurl.template.feature
arg: {"link":"http://rdfdata.eionet.europa.eu/inspirethemes/themes/33"}
checkxlinkurl.template.feature:15 - status code was: 404, expected: 200, response time: 236, url: http://rdfdata.eionet.europa.eu/inspirethemes/themes/33, response: 
-------
feature call (loop) failed at index: 2
caller: classpath:InspireTest/ngr/datasetrecords/def/checkxlinkurl.template.feature
arg: {"link":"http://geonetwork-opensource.org/inspire-theme#"}
checkxlinkurl.template.feature:15 - status code was: 404, expected: 200, response time: 399, url: http://geonetwork-opensource.org/inspire-theme#, response: 
-------
feature call (loop) failed at index: 3
caller: classpath:InspireTest/ngr/datasetrecords/def/checkxlinkurl.template.feature
arg: {"link":"https://www.nationaalgeoregister.nl/geonetwork/srv/eng/thesaurus.download?ref=external.theme.inspire-theme"}
checkxlinkurl.template.feature:15 - status code was: 500, expected: 200, response time: 316, url: https://www.nationaalgeoregister.nl/geonetwork/srv/eng/thesaurus.download?ref=external.theme.inspire-theme, response: 
[1.82:16] check-known-dataset-record.feature:79 - feature call (loop) failed: classpath:InspireTest/ngr/datasetrecords/def/checkxlinkurl.template.feature
caller: classpath:InspireTest/ngr/datasetrecords/check-known-dataset-record.feature
items: [{link=http://www.opengis.net/def/crs/EPSG/0/http://www.opengis.net/def/crs/EPSG/0/4258}, {link=http://kadaster/df1a98c0-58ba-48ff-8825-b4fb6322c586}]
errors:
-------
feature call (loop) failed at index: 1
caller: classpath:InspireTest/ngr/datasetrecords/def/checkxlinkurl.template.feature
arg: {"link":"http://kadaster/df1a98c0-58ba-48ff-8825-b4fb6322c586"}
checkxlinkurl.template.feature:14 - 
java.net.UnknownHostException: kadaster
[1.83:16] check-known-dataset-record.feature:79 - feature call (loop) failed: classpath:InspireTest/ngr/datasetrecords/def/checkxlinkurl.template.feature
caller: classpath:InspireTest/ngr/datasetrecords/check-known-dataset-record.feature
items: [{link=}]
errors:
-------
feature call (loop) failed at index: 0
caller: classpath:InspireTest/ngr/datasetrecords/def/checkxlinkurl.template.feature
arg: {"link":""}
checkxlinkurl.template.feature:14 - 
org.apache.http.client.ClientProtocolException
[1.84:16] check-known-dataset-record.feature:79 - feature call (loop) failed: classpath:InspireTest/ngr/datasetrecords/def/checkxlinkurl.template.feature
caller: classpath:InspireTest/ngr/datasetrecords/check-known-dataset-record.feature
items: [{link=https://data.rivm.nl/inspire/id#a3b9f437-f571-4a00-b3c3-58e4354c244f}]
errors:
-------
feature call (loop) failed at index: 0
caller: classpath:InspireTest/ngr/datasetrecords/def/checkxlinkurl.template.feature
arg: {"link":"https://data.rivm.nl/inspire/id#a3b9f437-f571-4a00-b3c3-58e4354c244f"}
checkxlinkurl.template.feature:14 - 
javax.net.ssl.SSLException: Connection reset
[1.85:16] check-known-dataset-record.feature:79 - feature call (loop) failed: classpath:InspireTest/ngr/datasetrecords/def/checkxlinkurl.template.feature
caller: classpath:InspireTest/ngr/datasetrecords/check-known-dataset-record.feature
items: [{link=https://data.rivm.nl/inspire/id#a3095f95-0ec7-46ff-ae14-ce2173e8fafa}]
errors:
-------
feature call (loop) failed at index: 0
caller: classpath:InspireTest/ngr/datasetrecords/def/checkxlinkurl.template.feature
arg: {"link":"https://data.rivm.nl/inspire/id#a3095f95-0ec7-46ff-ae14-ce2173e8fafa"}
checkxlinkurl.template.feature:14 - 
javax.net.ssl.SSLException: Connection reset
[1.86:16] check-known-dataset-record.feature:79 - feature call (loop) failed: classpath:InspireTest/ngr/datasetrecords/def/checkxlinkurl.template.feature
caller: classpath:InspireTest/ngr/datasetrecords/check-known-dataset-record.feature
items: [{link=https://data.rivm.nl/inspire?id#505e9f1e-84bc-4856-9771-4295db998bb6}]
errors:
-------
feature call (loop) failed at index: 0
caller: classpath:InspireTest/ngr/datasetrecords/def/checkxlinkurl.template.feature
arg: {"link":"https://data.rivm.nl/inspire?id#505e9f1e-84bc-4856-9771-4295db998bb6"}
checkxlinkurl.template.feature:15 - status code was: 404, expected: 200, response time: 357, url: https://data.rivm.nl/inspire?id#505e9f1e-84bc-4856-9771-4295db998bb6, response: 
[1.87:16] check-known-dataset-record.feature:79 - feature call (loop) failed: classpath:InspireTest/ngr/datasetrecords/def/checkxlinkurl.template.feature
caller: classpath:InspireTest/ngr/datasetrecords/check-known-dataset-record.feature
items: [{link=https://data.rivm.nl/inspire/id#440c4a06-6924-4f9c-a9e2-6f61340f711b}]
errors:
-------
feature call (loop) failed at index: 0
caller: classpath:InspireTest/ngr/datasetrecords/def/checkxlinkurl.template.feature
arg: {"link":"https://data.rivm.nl/inspire/id#440c4a06-6924-4f9c-a9e2-6f61340f711b"}
checkxlinkurl.template.feature:14 - 
javax.net.ssl.SSLException: Connection reset
[1.88:16] check-known-dataset-record.feature:79 - feature call (loop) failed: classpath:InspireTest/ngr/datasetrecords/def/checkxlinkurl.template.feature
caller: classpath:InspireTest/ngr/datasetrecords/check-known-dataset-record.feature
items: [{link=https://data.rivm.nl/inspire/id#b867ba72-5a7c-41fe-b997-394b56dfbd25}]
errors:
-------
feature call (loop) failed at index: 0
caller: classpath:InspireTest/ngr/datasetrecords/def/checkxlinkurl.template.feature
arg: {"link":"https://data.rivm.nl/inspire/id#b867ba72-5a7c-41fe-b997-394b56dfbd25"}
checkxlinkurl.template.feature:14 - 
javax.net.ssl.SSLException: Connection reset
[1.89:16] check-known-dataset-record.feature:79 - feature call (loop) failed: classpath:InspireTest/ngr/datasetrecords/def/checkxlinkurl.template.feature
caller: classpath:InspireTest/ngr/datasetrecords/check-known-dataset-record.feature
items: [{link=https://data.rivm.nl/inspire/id#fd9c4f87-026e-4681-8d94-9702f3c83078}]
errors:
-------
feature call (loop) failed at index: 0
caller: classpath:InspireTest/ngr/datasetrecords/def/checkxlinkurl.template.feature
arg: {"link":"https://data.rivm.nl/inspire/id#fd9c4f87-026e-4681-8d94-9702f3c83078"}
checkxlinkurl.template.feature:14 - 
javax.net.ssl.SSLException: Connection reset
[1.90:16] check-known-dataset-record.feature:79 - feature call (loop) failed: classpath:InspireTest/ngr/datasetrecords/def/checkxlinkurl.template.feature
caller: classpath:InspireTest/ngr/datasetrecords/check-known-dataset-record.feature
items: [{link=u}, {link=r}, {link=n}, {link=:}, {link=o}, {link=g}, {link=c}, {link=:}, {link=d}, {link=e}, {link=f}, {link=:}, {link=c}, {link=r}, {link=s}, {link=:}, {link=E}, {link=P}, {link=S}, {link=G}, {link=:}, {link=:}, {link=5}, {link=6}, {link=2}, {link=1}]
errors:
-------
feature call (loop) failed at index: 0
caller: classpath:InspireTest/ngr/datasetrecords/def/checkxlinkurl.template.feature
arg: {"link":"u"}
checkxlinkurl.template.feature:14 - 
org.apache.http.client.ClientProtocolException
-------
feature call (loop) failed at index: 1
caller: classpath:InspireTest/ngr/datasetrecords/def/checkxlinkurl.template.feature
arg: {"link":"r"}
checkxlinkurl.template.feature:14 - 
org.apache.http.client.ClientProtocolException
-------
feature call (loop) failed at index: 2
caller: classpath:InspireTest/ngr/datasetrecords/def/checkxlinkurl.template.feature
arg: {"link":"n"}
checkxlinkurl.template.feature:14 - 
org.apache.http.client.ClientProtocolException
-------
feature call (loop) failed at index: 3
caller: classpath:InspireTest/ngr/datasetrecords/def/checkxlinkurl.template.feature
arg: {"link":":"}
checkxlinkurl.template.feature:14 - java.net.URISyntaxException: Expected scheme name at index 0: :
-------
feature call (loop) failed at index: 4
caller: classpath:InspireTest/ngr/datasetrecords/def/checkxlinkurl.template.feature
arg: {"link":"o"}
checkxlinkurl.template.feature:14 - 
org.apache.http.client.ClientProtocolException
-------
feature call (loop) failed at index: 5
caller: classpath:InspireTest/ngr/datasetrecords/def/checkxlinkurl.template.feature
arg: {"link":"g"}
checkxlinkurl.template.feature:14 - 
org.apache.http.client.ClientProtocolException
-------
feature call (loop) failed at index: 6
caller: classpath:InspireTest/ngr/datasetrecords/def/checkxlinkurl.template.feature
arg: {"link":"c"}
checkxlinkurl.template.feature:14 - 
org.apache.http.client.ClientProtocolException
-------
feature call (loop) failed at index: 7
caller: classpath:InspireTest/ngr/datasetrecords/def/checkxlinkurl.template.feature
arg: {"link":":"}
checkxlinkurl.template.feature:14 - java.net.URISyntaxException: Expected scheme name at index 0: :
-------
feature call (loop) failed at index: 8
caller: classpath:InspireTest/ngr/datasetrecords/def/checkxlinkurl.template.feature
arg: {"link":"d"}
checkxlinkurl.template.feature:14 - 
org.apache.http.client.ClientProtocolException
-------
feature call (loop) failed at index: 9
caller: classpath:InspireTest/ngr/datasetrecords/def/checkxlinkurl.template.feature
arg: {"link":"e"}
checkxlinkurl.template.feature:14 - 
org.apache.http.client.ClientProtocolException
-------
feature call (loop) failed at index: 10
caller: classpath:InspireTest/ngr/datasetrecords/def/checkxlinkurl.template.feature
arg: {"link":"f"}
checkxlinkurl.template.feature:14 - 
org.apache.http.client.ClientProtocolException
-------
feature call (loop) failed at index: 11
caller: classpath:InspireTest/ngr/datasetrecords/def/checkxlinkurl.template.feature
arg: {"link":":"}
checkxlinkurl.template.feature:14 - java.net.URISyntaxException: Expected scheme name at index 0: :
-------
feature call (loop) failed at index: 12
caller: classpath:InspireTest/ngr/datasetrecords/def/checkxlinkurl.template.feature
arg: {"link":"c"}
checkxlinkurl.template.feature:14 - 
org.apache.http.client.ClientProtocolException
-------
feature call (loop) failed at index: 13
caller: classpath:InspireTest/ngr/datasetrecords/def/checkxlinkurl.template.feature
arg: {"link":"r"}
checkxlinkurl.template.feature:14 - 
org.apache.http.client.ClientProtocolException
-------
feature call (loop) failed at index: 14
caller: classpath:InspireTest/ngr/datasetrecords/def/checkxlinkurl.template.feature
arg: {"link":"s"}
checkxlinkurl.template.feature:14 - 
org.apache.http.client.ClientProtocolException
-------
feature call (loop) failed at index: 15
caller: classpath:InspireTest/ngr/datasetrecords/def/checkxlinkurl.template.feature
arg: {"link":":"}
checkxlinkurl.template.feature:14 - java.net.URISyntaxException: Expected scheme name at index 0: :
-------
feature call (loop) failed at index: 16
caller: classpath:InspireTest/ngr/datasetrecords/def/checkxlinkurl.template.feature
arg: {"link":"E"}
checkxlinkurl.template.feature:14 - 
org.apache.http.client.ClientProtocolException
-------
feature call (loop) failed at index: 17
caller: classpath:InspireTest/ngr/datasetrecords/def/checkxlinkurl.template.feature
arg: {"link":"P"}
checkxlinkurl.template.feature:14 - 
org.apache.http.client.ClientProtocolException
-------
feature call (loop) failed at index: 18
caller: classpath:InspireTest/ngr/datasetrecords/def/checkxlinkurl.template.feature
arg: {"link":"S"}
checkxlinkurl.template.feature:14 - 
org.apache.http.client.ClientProtocolException
-------
feature call (loop) failed at index: 19
caller: classpath:InspireTest/ngr/datasetrecords/def/checkxlinkurl.template.feature
arg: {"link":"G"}
checkxlinkurl.template.feature:14 - 
org.apache.http.client.ClientProtocolException
-------
feature call (loop) failed at index: 20
caller: classpath:InspireTest/ngr/datasetrecords/def/checkxlinkurl.template.feature
arg: {"link":":"}
checkxlinkurl.template.feature:14 - java.net.URISyntaxException: Expected scheme name at index 0: :
-------
feature call (loop) failed at index: 21
caller: classpath:InspireTest/ngr/datasetrecords/def/checkxlinkurl.template.feature
arg: {"link":":"}
checkxlinkurl.template.feature:14 - java.net.URISyntaxException: Expected scheme name at index 0: :
-------
feature call (loop) failed at index: 22
caller: classpath:InspireTest/ngr/datasetrecords/def/checkxlinkurl.template.feature
arg: {"link":"5"}
checkxlinkurl.template.feature:14 - 
org.apache.http.client.ClientProtocolException
-------
feature call (loop) failed at index: 23
caller: classpath:InspireTest/ngr/datasetrecords/def/checkxlinkurl.template.feature
arg: {"link":"6"}
checkxlinkurl.template.feature:14 - 
org.apache.http.client.ClientProtocolException
-------
feature call (loop) failed at index: 24
caller: classpath:InspireTest/ngr/datasetrecords/def/checkxlinkurl.template.feature
arg: {"link":"2"}
checkxlinkurl.template.feature:14 - 
org.apache.http.client.ClientProtocolException
-------
feature call (loop) failed at index: 25
caller: classpath:InspireTest/ngr/datasetrecords/def/checkxlinkurl.template.feature
arg: {"link":"1"}
checkxlinkurl.template.feature:14 - 
org.apache.http.client.ClientProtocolException
[1.91:16] check-known-dataset-record.feature:79 - feature call (loop) failed: classpath:InspireTest/ngr/datasetrecords/def/checkxlinkurl.template.feature
caller: classpath:InspireTest/ngr/datasetrecords/check-known-dataset-record.feature
items: [{link=https://data.rivm.nl/inspire/id#4504a4b2-3179-44b3-a5a9-b67b693c514d}]
errors:
-------
feature call (loop) failed at index: 0
caller: classpath:InspireTest/ngr/datasetrecords/def/checkxlinkurl.template.feature
arg: {"link":"https://data.rivm.nl/inspire/id#4504a4b2-3179-44b3-a5a9-b67b693c514d"}
checkxlinkurl.template.feature:14 - 
javax.net.ssl.SSLException: Connection reset
[1.92:16] check-known-dataset-record.feature:79 - feature call (loop) failed: classpath:InspireTest/ngr/datasetrecords/def/checkxlinkurl.template.feature
caller: classpath:InspireTest/ngr/datasetrecords/check-known-dataset-record.feature
items: [{link=http://kadaster/06b6c650-cdb1-11dd-ad8b-0800200c9a81}]
errors:
-------
feature call (loop) failed at index: 0
caller: classpath:InspireTest/ngr/datasetrecords/def/checkxlinkurl.template.feature
arg: {"link":"http://kadaster/06b6c650-cdb1-11dd-ad8b-0800200c9a81"}
checkxlinkurl.template.feature:14 - 
java.net.UnknownHostException: kadaster
[1.93:16] check-known-dataset-record.feature:79 - feature call (loop) failed: classpath:InspireTest/ngr/datasetrecords/def/checkxlinkurl.template.feature
caller: classpath:InspireTest/ngr/datasetrecords/check-known-dataset-record.feature
items: [{link=http://kadaster/2482250f-3b00-4439-9f93-f3118229b023}, {link=}, {link=}, {link=}]
errors:
-------
feature call (loop) failed at index: 0
caller: classpath:InspireTest/ngr/datasetrecords/def/checkxlinkurl.template.feature
arg: {"link":"http://kadaster/2482250f-3b00-4439-9f93-f3118229b023"}
checkxlinkurl.template.feature:14 - 
java.net.UnknownHostException: kadaster
-------
feature call (loop) failed at index: 1
caller: classpath:InspireTest/ngr/datasetrecords/def/checkxlinkurl.template.feature
arg: {"link":""}
checkxlinkurl.template.feature:14 - 
org.apache.http.client.ClientProtocolException
-------
feature call (loop) failed at index: 2
caller: classpath:InspireTest/ngr/datasetrecords/def/checkxlinkurl.template.feature
arg: {"link":""}
checkxlinkurl.template.feature:14 - 
org.apache.http.client.ClientProtocolException
-------
feature call (loop) failed at index: 3
caller: classpath:InspireTest/ngr/datasetrecords/def/checkxlinkurl.template.feature
arg: {"link":""}
checkxlinkurl.template.feature:14 - 
org.apache.http.client.ClientProtocolException
[1.94:16] check-known-dataset-record.feature:79 - feature call (loop) failed: classpath:InspireTest/ngr/datasetrecords/def/checkxlinkurl.template.feature
caller: classpath:InspireTest/ngr/datasetrecords/check-known-dataset-record.feature
items: [{link=https://nationaalgeoregister.nl/geonetwork/srv/resourcese26eb6c9-c441-43e8-8db6-aabbf11578fd}, {link=http://rdfdata.eionet.europa.eu/inspirethemes/themes/16}, {link=http://geonetwork-opensource.org/inspire-theme#}, {link=https://www.nationaalgeoregister.nl/geonetwork/srv/eng/thesaurus.download?ref=external.theme.inspire-theme}]
errors:
-------
feature call (loop) failed at index: 0
caller: classpath:InspireTest/ngr/datasetrecords/def/checkxlinkurl.template.feature
arg: {"link":"https://nationaalgeoregister.nl/geonetwork/srv/resourcese26eb6c9-c441-43e8-8db6-aabbf11578fd"}
checkxlinkurl.template.feature:15 - status code was: 404, expected: 200, response time: 282, url: https://nationaalgeoregister.nl/geonetwork/srv/resourcese26eb6c9-c441-43e8-8db6-aabbf11578fd, response: 
-------
feature call (loop) failed at index: 1
caller: classpath:InspireTest/ngr/datasetrecords/def/checkxlinkurl.template.feature
arg: {"link":"http://rdfdata.eionet.europa.eu/inspirethemes/themes/16"}
checkxlinkurl.template.feature:15 - status code was: 404, expected: 200, response time: 225, url: http://rdfdata.eionet.europa.eu/inspirethemes/themes/16, response: 
-------
feature call (loop) failed at index: 2
caller: classpath:InspireTest/ngr/datasetrecords/def/checkxlinkurl.template.feature
arg: {"link":"http://geonetwork-opensource.org/inspire-theme#"}
checkxlinkurl.template.feature:15 - status code was: 404, expected: 200, response time: 399, url: http://geonetwork-opensource.org/inspire-theme#, response: 
-------
feature call (loop) failed at index: 3
caller: classpath:InspireTest/ngr/datasetrecords/def/checkxlinkurl.template.feature
arg: {"link":"https://www.nationaalgeoregister.nl/geonetwork/srv/eng/thesaurus.download?ref=external.theme.inspire-theme"}
checkxlinkurl.template.feature:15 - status code was: 500, expected: 200, response time: 316, url: https://www.nationaalgeoregister.nl/geonetwork/srv/eng/thesaurus.download?ref=external.theme.inspire-theme, response: 
[1.95:16] check-known-dataset-record.feature:79 - feature call (loop) failed: classpath:InspireTest/ngr/datasetrecords/def/checkxlinkurl.template.feature
caller: classpath:InspireTest/ngr/datasetrecords/check-known-dataset-record.feature
items: [{link=https://ngr.acceptatie.nationaalgeoregister.nl/geonetwork/srv/resources9d973c4a-ef03-4785-b7f6-942e86b385f7}, {link=www.hydro.nl}, {link=https://www.nationaalgeoregister.nl/geonetwork/srv/eng/thesaurus.download?ref=external.theme.inspire-theme}]
errors:
-------
feature call (loop) failed at index: 0
caller: classpath:InspireTest/ngr/datasetrecords/def/checkxlinkurl.template.feature
arg: {"link":"https://ngr.acceptatie.nationaalgeoregister.nl/geonetwork/srv/resources9d973c4a-ef03-4785-b7f6-942e86b385f7"}
checkxlinkurl.template.feature:15 - status code was: 404, expected: 200, response time: 283, url: https://ngr.acceptatie.nationaalgeoregister.nl/geonetwork/srv/resources9d973c4a-ef03-4785-b7f6-942e86b385f7, response: 
-------
feature call (loop) failed at index: 1
caller: classpath:InspireTest/ngr/datasetrecords/def/checkxlinkurl.template.feature
arg: {"link":"www.hydro.nl"}
checkxlinkurl.template.feature:14 - 
org.apache.http.client.ClientProtocolException
-------
feature call (loop) failed at index: 2
caller: classpath:InspireTest/ngr/datasetrecords/def/checkxlinkurl.template.feature
arg: {"link":"https://www.nationaalgeoregister.nl/geonetwork/srv/eng/thesaurus.download?ref=external.theme.inspire-theme"}
checkxlinkurl.template.feature:15 - status code was: 500, expected: 200, response time: 324, url: https://www.nationaalgeoregister.nl/geonetwork/srv/eng/thesaurus.download?ref=external.theme.inspire-theme, response: 
[1.96:16] check-known-dataset-record.feature:79 - feature call (loop) failed: classpath:InspireTest/ngr/datasetrecords/def/checkxlinkurl.template.feature
caller: classpath:InspireTest/ngr/datasetrecords/check-known-dataset-record.feature
items: [{link=https://monumentenregister.cultureelerfgoed.nl/sites/default/files/MRS/mrs-inspire.zip}]
errors:
-------
feature call (loop) failed at index: 0
caller: classpath:InspireTest/ngr/datasetrecords/def/checkxlinkurl.template.feature
arg: {"link":"https://monumentenregister.cultureelerfgoed.nl/sites/default/files/MRS/mrs-inspire.zip"}
checkxlinkurl.template.feature:15 - status code was: 404, expected: 200, response time: 752, url: https://monumentenregister.cultureelerfgoed.nl/sites/default/files/MRS/mrs-inspire.zip, response: 
[1.97:16] check-known-dataset-record.feature:79 - feature call (loop) failed: classpath:InspireTest/ngr/datasetrecords/def/checkxlinkurl.template.feature
caller: classpath:InspireTest/ngr/datasetrecords/check-known-dataset-record.feature
items: [{link=http://www.opengis.net/def/crs/EPSG/0/https://www.opengis.net/def/crs/EPSG/0/4258}, {link=https://www.nationaalgeoregister.nl/geonetwork/srv/api/recordsf1d27179-36eb-4376-8048-f51d2eb23a09}]
errors:
-------
feature call (loop) failed at index: 1
caller: classpath:InspireTest/ngr/datasetrecords/def/checkxlinkurl.template.feature
arg: {"link":"https://www.nationaalgeoregister.nl/geonetwork/srv/api/recordsf1d27179-36eb-4376-8048-f51d2eb23a09"}
checkxlinkurl.template.feature:15 - status code was: 500, expected: 200, response time: 309, url: https://www.nationaalgeoregister.nl/geonetwork/srv/api/recordsf1d27179-36eb-4376-8048-f51d2eb23a09, response: 
[1.99:16] check-known-dataset-record.feature:79 - feature call (loop) failed: classpath:InspireTest/ngr/datasetrecords/def/checkxlinkurl.template.feature
caller: classpath:InspireTest/ngr/datasetrecords/check-known-dataset-record.feature
items: [{link=https://www.nationaalgeoregister.nl/geonetwork/srv/dut/catalog.search#/metadata/50eef6be-619d-4e16-9b92-48971109b636}, {link=http://rdfdata.eionet.europa.eu/inspirethemes/themes/18}, {link=http://inspire.ec.europa.eu/metadata-codelist/PriorityDataset/MajorRoadsNoiseExposureDelineationNight-dir-2002-49}, {link=https://ngr.geocat.live/geonetwork/srv/eng/thesaurus.download?ref=external.theme.httpinspireeceuropaeumetadatacodelistPrioritydataset-Prioritydataset}, {link=urn:ogc:def:crs:EPSG::5709}]
errors:
-------
feature call (loop) failed at index: 1
caller: classpath:InspireTest/ngr/datasetrecords/def/checkxlinkurl.template.feature
arg: {"link":"http://rdfdata.eionet.europa.eu/inspirethemes/themes/18"}
checkxlinkurl.template.feature:15 - status code was: 404, expected: 200, response time: 238, url: http://rdfdata.eionet.europa.eu/inspirethemes/themes/18, response: 
-------
feature call (loop) failed at index: 3
caller: classpath:InspireTest/ngr/datasetrecords/def/checkxlinkurl.template.feature
arg: {"link":"https://ngr.geocat.live/geonetwork/srv/eng/thesaurus.download?ref=external.theme.httpinspireeceuropaeumetadatacodelistPrioritydataset-Prioritydataset"}
checkxlinkurl.template.feature:15 - status code was: 500, expected: 200, response time: 309, url: https://ngr.geocat.live/geonetwork/srv/eng/thesaurus.download?ref=external.theme.httpinspireeceuropaeumetadatacodelistPrioritydataset-Prioritydataset, response: 
-------
feature call (loop) failed at index: 4
caller: classpath:InspireTest/ngr/datasetrecords/def/checkxlinkurl.template.feature
arg: {"link":"urn:ogc:def:crs:EPSG::5709"}
checkxlinkurl.template.feature:14 - 
org.apache.http.client.ClientProtocolException: URI does not specify a valid host name: urn:ogc:def:crs:EPSG::5709
[1.100:16] check-known-dataset-record.feature:79 - feature call (loop) failed: classpath:InspireTest/ngr/datasetrecords/def/checkxlinkurl.template.feature
caller: classpath:InspireTest/ngr/datasetrecords/check-known-dataset-record.feature
items: [{link=http://kadaster/2482250f-3b00-4439-9f93-f3118229b018}, {link=}, {link=}, {link=}]
errors:
-------
feature call (loop) failed at index: 0
caller: classpath:InspireTest/ngr/datasetrecords/def/checkxlinkurl.template.feature
arg: {"link":"http://kadaster/2482250f-3b00-4439-9f93-f3118229b018"}
checkxlinkurl.template.feature:14 - 
java.net.UnknownHostException: kadaster
-------
feature call (loop) failed at index: 1
caller: classpath:InspireTest/ngr/datasetrecords/def/checkxlinkurl.template.feature
arg: {"link":""}
checkxlinkurl.template.feature:14 - 
org.apache.http.client.ClientProtocolException
-------
feature call (loop) failed at index: 2
caller: classpath:InspireTest/ngr/datasetrecords/def/checkxlinkurl.template.feature
arg: {"link":""}
checkxlinkurl.template.feature:14 - 
org.apache.http.client.ClientProtocolException
-------
feature call (loop) failed at index: 3
caller: classpath:InspireTest/ngr/datasetrecords/def/checkxlinkurl.template.feature
arg: {"link":""}
checkxlinkurl.template.feature:14 - 
org.apache.http.client.ClientProtocolException
[1.101:16] check-known-dataset-record.feature:79 - feature call (loop) failed: classpath:InspireTest/ngr/datasetrecords/def/checkxlinkurl.template.feature
caller: classpath:InspireTest/ngr/datasetrecords/check-known-dataset-record.feature
items: [{link=http://www.opengis.net/def/crs/EPSG/0/https://www.opengis.net/def/crs/EPSG/0/4258}, {link=https://www.nationaalgeoregister.nl/geonetwork/srv/api/recordsf44dac86-2228-412f-8355-e56446ca9933}, {link=www.hydro.nl}]
errors:
-------
feature call (loop) failed at index: 1
caller: classpath:InspireTest/ngr/datasetrecords/def/checkxlinkurl.template.feature
arg: {"link":"https://www.nationaalgeoregister.nl/geonetwork/srv/api/recordsf44dac86-2228-412f-8355-e56446ca9933"}
checkxlinkurl.template.feature:15 - status code was: 500, expected: 200, response time: 333, url: https://www.nationaalgeoregister.nl/geonetwork/srv/api/recordsf44dac86-2228-412f-8355-e56446ca9933, response: 
-------
feature call (loop) failed at index: 2
caller: classpath:InspireTest/ngr/datasetrecords/def/checkxlinkurl.template.feature
arg: {"link":"www.hydro.nl"}
checkxlinkurl.template.feature:14 - 
org.apache.http.client.ClientProtocolException
[1.102:16] check-known-dataset-record.feature:79 - feature call (loop) failed: classpath:InspireTest/ngr/datasetrecords/def/checkxlinkurl.template.feature
caller: classpath:InspireTest/ngr/datasetrecords/check-known-dataset-record.feature
items: [{link=https://data.rivm.nl/inspire/id#6e6bf543-e1e3-468d-afae-e88618ad9a65}]
errors:
-------
feature call (loop) failed at index: 0
caller: classpath:InspireTest/ngr/datasetrecords/def/checkxlinkurl.template.feature
arg: {"link":"https://data.rivm.nl/inspire/id#6e6bf543-e1e3-468d-afae-e88618ad9a65"}
checkxlinkurl.template.feature:14 - 
javax.net.ssl.SSLException: Connection reset
[1.103:16] check-known-dataset-record.feature:79 - feature call (loop) failed: classpath:InspireTest/ngr/datasetrecords/def/checkxlinkurl.template.feature
caller: classpath:InspireTest/ngr/datasetrecords/check-known-dataset-record.feature
items: [{link=h}, {link=t}, {link=t}, {link=p}, {link=s}, {link=:}, {link=/}, {link=/}, {link=w}, {link=w}, {link=w}, {link=.}, {link=n}, {link=a}, {link=t}, {link=i}, {link=o}, {link=n}, {link=a}, {link=a}, {link=l}, {link=g}, {link=e}, {link=o}, {link=r}, {link=e}, {link=g}, {link=i}, {link=s}, {link=t}, {link=e}, {link=r}, {link=.}, {link=n}, {link=l}, {link=:}, {link=4}, {link=4}, {link=3}, {link=/}, {link=g}, {link=e}, {link=o}, {link=n}, {link=e}, {link=t}, {link=w}, {link=o}, {link=r}, {link=k}, {link=/}, {link=s}, {link=r}, {link=v}, {link=/}, {link=e}, {link=n}, {link=g}, {link=/}, {link=t}, {link=h}, {link=e}, {link=s}, {link=a}, {link=u}, {link=r}, {link=u}, {link=s}, {link=.}, {link=d}, {link=o}, {link=w}, {link=n}, {link=l}, {link=o}, {link=a}, {link=d}, {link=?}, {link=r}, {link=e}, {link=f}, {link==}, {link=e}, {link=x}, {link=t}, {link=e}, {link=r}, {link=n}, {link=a}, {link=l}, {link=.}, {link=t}, {link=h}, {link=e}, {link=m}, {link=e}, {link=.}, {link=h}, {link=t}, {link=t}, {link=p}, {link=i}, {link=n}, {link=s}, {link=p}, {link=i}, {link=r}, {link=e}, {link=e}, {link=c}, {link=e}, {link=u}, {link=r}, {link=o}, {link=p}, {link=a}, {link=e}, {link=u}, {link=t}, {link=h}, {link=e}, {link=m}, {link=e}, {link=-}, {link=t}, {link=h}, {link=e}, {link=m}, {link=e}]
errors:
-------
feature call (loop) failed at index: 0
caller: classpath:InspireTest/ngr/datasetrecords/def/checkxlinkurl.template.feature
arg: {"link":"h"}
checkxlinkurl.template.feature:14 - 
org.apache.http.client.ClientProtocolException
-------
feature call (loop) failed at index: 1
caller: classpath:InspireTest/ngr/datasetrecords/def/checkxlinkurl.template.feature
arg: {"link":"t"}
checkxlinkurl.template.feature:14 - 
org.apache.http.client.ClientProtocolException
-------
feature call (loop) failed at index: 2
caller: classpath:InspireTest/ngr/datasetrecords/def/checkxlinkurl.template.feature
arg: {"link":"t"}
checkxlinkurl.template.feature:14 - 
org.apache.http.client.ClientProtocolException
-------
feature call (loop) failed at index: 3
caller: classpath:InspireTest/ngr/datasetrecords/def/checkxlinkurl.template.feature
arg: {"link":"p"}
checkxlinkurl.template.feature:14 - 
org.apache.http.client.ClientProtocolException
-------
feature call (loop) failed at index: 4
caller: classpath:InspireTest/ngr/datasetrecords/def/checkxlinkurl.template.feature
arg: {"link":"s"}
checkxlinkurl.template.feature:14 - 
org.apache.http.client.ClientProtocolException
-------
feature call (loop) failed at index: 5
caller: classpath:InspireTest/ngr/datasetrecords/def/checkxlinkurl.template.feature
arg: {"link":":"}
checkxlinkurl.template.feature:14 - java.net.URISyntaxException: Expected scheme name at index 0: :
-------
feature call (loop) failed at index: 6
caller: classpath:InspireTest/ngr/datasetrecords/def/checkxlinkurl.template.feature
arg: {"link":"/"}
checkxlinkurl.template.feature:14 - 
org.apache.http.client.ClientProtocolException
-------
feature call (loop) failed at index: 7
caller: classpath:InspireTest/ngr/datasetrecords/def/checkxlinkurl.template.feature
arg: {"link":"/"}
checkxlinkurl.template.feature:14 - 
org.apache.http.client.ClientProtocolException
-------
feature call (loop) failed at index: 8
caller: classpath:InspireTest/ngr/datasetrecords/def/checkxlinkurl.template.feature
arg: {"link":"w"}
checkxlinkurl.template.feature:14 - 
org.apache.http.client.ClientProtocolException
-------
feature call (loop) failed at index: 9
caller: classpath:InspireTest/ngr/datasetrecords/def/checkxlinkurl.template.feature
arg: {"link":"w"}
checkxlinkurl.template.feature:14 - 
org.apache.http.client.ClientProtocolException
-------
feature call (loop) failed at index: 10
caller: classpath:InspireTest/ngr/datasetrecords/def/checkxlinkurl.template.feature
arg: {"link":"w"}
checkxlinkurl.template.feature:14 - 
org.apache.http.client.ClientProtocolException
-------
feature call (loop) failed at index: 11
caller: classpath:InspireTest/ngr/datasetrecords/def/checkxlinkurl.template.feature
arg: {"link":"."}
checkxlinkurl.template.feature:14 - 
org.apache.http.client.ClientProtocolException
-------
feature call (loop) failed at index: 12
caller: classpath:InspireTest/ngr/datasetrecords/def/checkxlinkurl.template.feature
arg: {"link":"n"}
checkxlinkurl.template.feature:14 - 
org.apache.http.client.ClientProtocolException
-------
feature call (loop) failed at index: 13
caller: classpath:InspireTest/ngr/datasetrecords/def/checkxlinkurl.template.feature
arg: {"link":"a"}
checkxlinkurl.template.feature:14 - 
org.apache.http.client.ClientProtocolException
-------
feature call (loop) failed at index: 14
caller: classpath:InspireTest/ngr/datasetrecords/def/checkxlinkurl.template.feature
arg: {"link":"t"}
checkxlinkurl.template.feature:14 - 
org.apache.http.client.ClientProtocolException
-------
feature call (loop) failed at index: 15
caller: classpath:InspireTest/ngr/datasetrecords/def/checkxlinkurl.template.feature
arg: {"link":"i"}
checkxlinkurl.template.feature:14 - 
org.apache.http.client.ClientProtocolException
-------
feature call (loop) failed at index: 16
caller: classpath:InspireTest/ngr/datasetrecords/def/checkxlinkurl.template.feature
arg: {"link":"o"}
checkxlinkurl.template.feature:14 - 
org.apache.http.client.ClientProtocolException
-------
feature call (loop) failed at index: 17
caller: classpath:InspireTest/ngr/datasetrecords/def/checkxlinkurl.template.feature
arg: {"link":"n"}
checkxlinkurl.template.feature:14 - 
org.apache.http.client.ClientProtocolException
-------
feature call (loop) failed at index: 18
caller: classpath:InspireTest/ngr/datasetrecords/def/checkxlinkurl.template.feature
arg: {"link":"a"}
checkxlinkurl.template.feature:14 - 
org.apache.http.client.ClientProtocolException
-------
feature call (loop) failed at index: 19
caller: classpath:InspireTest/ngr/datasetrecords/def/checkxlinkurl.template.feature
arg: {"link":"a"}
checkxlinkurl.template.feature:14 - 
org.apache.http.client.ClientProtocolException
-------
feature call (loop) failed at index: 20
caller: classpath:InspireTest/ngr/datasetrecords/def/checkxlinkurl.template.feature
arg: {"link":"l"}
checkxlinkurl.template.feature:14 - 
org.apache.http.client.ClientProtocolException
-------
feature call (loop) failed at index: 21
caller: classpath:InspireTest/ngr/datasetrecords/def/checkxlinkurl.template.feature
arg: {"link":"g"}
checkxlinkurl.template.feature:14 - 
org.apache.http.client.ClientProtocolException
-------
feature call (loop) failed at index: 22
caller: classpath:InspireTest/ngr/datasetrecords/def/checkxlinkurl.template.feature
arg: {"link":"e"}
checkxlinkurl.template.feature:14 - 
org.apache.http.client.ClientProtocolException
-------
feature call (loop) failed at index: 23
caller: classpath:InspireTest/ngr/datasetrecords/def/checkxlinkurl.template.feature
arg: {"link":"o"}
checkxlinkurl.template.feature:14 - 
org.apache.http.client.ClientProtocolException
-------
feature call (loop) failed at index: 24
caller: classpath:InspireTest/ngr/datasetrecords/def/checkxlinkurl.template.feature
arg: {"link":"r"}
checkxlinkurl.template.feature:14 - 
org.apache.http.client.ClientProtocolException
-------
feature call (loop) failed at index: 25
caller: classpath:InspireTest/ngr/datasetrecords/def/checkxlinkurl.template.feature
arg: {"link":"e"}
checkxlinkurl.template.feature:14 - 
org.apache.http.client.ClientProtocolException
-------
feature call (loop) failed at index: 26
caller: classpath:InspireTest/ngr/datasetrecords/def/checkxlinkurl.template.feature
arg: {"link":"g"}
checkxlinkurl.template.feature:14 - 
org.apache.http.client.ClientProtocolException
-------
feature call (loop) failed at index: 27
caller: classpath:InspireTest/ngr/datasetrecords/def/checkxlinkurl.template.feature
arg: {"link":"i"}
checkxlinkurl.template.feature:14 - 
org.apache.http.client.ClientProtocolException
-------
feature call (loop) failed at index: 28
caller: classpath:InspireTest/ngr/datasetrecords/def/checkxlinkurl.template.feature
arg: {"link":"s"}
checkxlinkurl.template.feature:14 - 
org.apache.http.client.ClientProtocolException
-------
feature call (loop) failed at index: 29
caller: classpath:InspireTest/ngr/datasetrecords/def/checkxlinkurl.template.feature
arg: {"link":"t"}
checkxlinkurl.template.feature:14 - 
org.apache.http.client.ClientProtocolException
-------
feature call (loop) failed at index: 30
caller: classpath:InspireTest/ngr/datasetrecords/def/checkxlinkurl.template.feature
arg: {"link":"e"}
checkxlinkurl.template.feature:14 - 
org.apache.http.client.ClientProtocolException
-------
feature call (loop) failed at index: 31
caller: classpath:InspireTest/ngr/datasetrecords/def/checkxlinkurl.template.feature
arg: {"link":"r"}
checkxlinkurl.template.feature:14 - 
org.apache.http.client.ClientProtocolException
-------
feature call (loop) failed at index: 32
caller: classpath:InspireTest/ngr/datasetrecords/def/checkxlinkurl.template.feature
arg: {"link":"."}
checkxlinkurl.template.feature:14 - 
org.apache.http.client.ClientProtocolException
-------
feature call (loop) failed at index: 33
caller: classpath:InspireTest/ngr/datasetrecords/def/checkxlinkurl.template.feature
arg: {"link":"n"}
checkxlinkurl.template.feature:14 - 
org.apache.http.client.ClientProtocolException
-------
feature call (loop) failed at index: 34
caller: classpath:InspireTest/ngr/datasetrecords/def/checkxlinkurl.template.feature
arg: {"link":"l"}
checkxlinkurl.template.feature:14 - 
org.apache.http.client.ClientProtocolException
-------
feature call (loop) failed at index: 35
caller: classpath:InspireTest/ngr/datasetrecords/def/checkxlinkurl.template.feature
arg: {"link":":"}
checkxlinkurl.template.feature:14 - java.net.URISyntaxException: Expected scheme name at index 0: :
-------
feature call (loop) failed at index: 36
caller: classpath:InspireTest/ngr/datasetrecords/def/checkxlinkurl.template.feature
arg: {"link":"4"}
checkxlinkurl.template.feature:14 - 
org.apache.http.client.ClientProtocolException
-------
feature call (loop) failed at index: 37
caller: classpath:InspireTest/ngr/datasetrecords/def/checkxlinkurl.template.feature
arg: {"link":"4"}
checkxlinkurl.template.feature:14 - 
org.apache.http.client.ClientProtocolException
-------
feature call (loop) failed at index: 38
caller: classpath:InspireTest/ngr/datasetrecords/def/checkxlinkurl.template.feature
arg: {"link":"3"}
checkxlinkurl.template.feature:14 - 
org.apache.http.client.ClientProtocolException
-------
feature call (loop) failed at index: 39
caller: classpath:InspireTest/ngr/datasetrecords/def/checkxlinkurl.template.feature
arg: {"link":"/"}
checkxlinkurl.template.feature:14 - 
org.apache.http.client.ClientProtocolException
-------
feature call (loop) failed at index: 40
caller: classpath:InspireTest/ngr/datasetrecords/def/checkxlinkurl.template.feature
arg: {"link":"g"}
checkxlinkurl.template.feature:14 - 
org.apache.http.client.ClientProtocolException
-------
feature call (loop) failed at index: 41
caller: classpath:InspireTest/ngr/datasetrecords/def/checkxlinkurl.template.feature
arg: {"link":"e"}
checkxlinkurl.template.feature:14 - 
org.apache.http.client.ClientProtocolException
-------
feature call (loop) failed at index: 42
caller: classpath:InspireTest/ngr/datasetrecords/def/checkxlinkurl.template.feature
arg: {"link":"o"}
checkxlinkurl.template.feature:14 - 
org.apache.http.client.ClientProtocolException
-------
feature call (loop) failed at index: 43
caller: classpath:InspireTest/ngr/datasetrecords/def/checkxlinkurl.template.feature
arg: {"link":"n"}
checkxlinkurl.template.feature:14 - 
org.apache.http.client.ClientProtocolException
-------
feature call (loop) failed at index: 44
caller: classpath:InspireTest/ngr/datasetrecords/def/checkxlinkurl.template.feature
arg: {"link":"e"}
checkxlinkurl.template.feature:14 - 
org.apache.http.client.ClientProtocolException
-------
feature call (loop) failed at index: 45
caller: classpath:InspireTest/ngr/datasetrecords/def/checkxlinkurl.template.feature
arg: {"link":"t"}
checkxlinkurl.template.feature:14 - 
org.apache.http.client.ClientProtocolException
-------
feature call (loop) failed at index: 46
caller: classpath:InspireTest/ngr/datasetrecords/def/checkxlinkurl.template.feature
arg: {"link":"w"}
checkxlinkurl.template.feature:14 - 
org.apache.http.client.ClientProtocolException
-------
feature call (loop) failed at index: 47
caller: classpath:InspireTest/ngr/datasetrecords/def/checkxlinkurl.template.feature
arg: {"link":"o"}
checkxlinkurl.template.feature:14 - 
org.apache.http.client.ClientProtocolException
-------
feature call (loop) failed at index: 48
caller: classpath:InspireTest/ngr/datasetrecords/def/checkxlinkurl.template.feature
arg: {"link":"r"}
checkxlinkurl.template.feature:14 - 
org.apache.http.client.ClientProtocolException
-------
feature call (loop) failed at index: 49
caller: classpath:InspireTest/ngr/datasetrecords/def/checkxlinkurl.template.feature
arg: {"link":"k"}
checkxlinkurl.template.feature:14 - 
org.apache.http.client.ClientProtocolException
-------
feature call (loop) failed at index: 50
caller: classpath:InspireTest/ngr/datasetrecords/def/checkxlinkurl.template.feature
arg: {"link":"/"}
checkxlinkurl.template.feature:14 - 
org.apache.http.client.ClientProtocolException
-------
feature call (loop) failed at index: 51
caller: classpath:InspireTest/ngr/datasetrecords/def/checkxlinkurl.template.feature
arg: {"link":"s"}
checkxlinkurl.template.feature:14 - 
org.apache.http.client.ClientProtocolException
-------
feature call (loop) failed at index: 52
caller: classpath:InspireTest/ngr/datasetrecords/def/checkxlinkurl.template.feature
arg: {"link":"r"}
checkxlinkurl.template.feature:14 - 
org.apache.http.client.ClientProtocolException
-------
feature call (loop) failed at index: 53
caller: classpath:InspireTest/ngr/datasetrecords/def/checkxlinkurl.template.feature
arg: {"link":"v"}
checkxlinkurl.template.feature:14 - 
org.apache.http.client.ClientProtocolException
-------
feature call (loop) failed at index: 54
caller: classpath:InspireTest/ngr/datasetrecords/def/checkxlinkurl.template.feature
arg: {"link":"/"}
checkxlinkurl.template.feature:14 - 
org.apache.http.client.ClientProtocolException
-------
feature call (loop) failed at index: 55
caller: classpath:InspireTest/ngr/datasetrecords/def/checkxlinkurl.template.feature
arg: {"link":"e"}
checkxlinkurl.template.feature:14 - 
org.apache.http.client.ClientProtocolException
-------
feature call (loop) failed at index: 56
caller: classpath:InspireTest/ngr/datasetrecords/def/checkxlinkurl.template.feature
arg: {"link":"n"}
checkxlinkurl.template.feature:14 - 
org.apache.http.client.ClientProtocolException
-------
feature call (loop) failed at index: 57
caller: classpath:InspireTest/ngr/datasetrecords/def/checkxlinkurl.template.feature
arg: {"link":"g"}
checkxlinkurl.template.feature:14 - 
org.apache.http.client.ClientProtocolException
-------
feature call (loop) failed at index: 58
caller: classpath:InspireTest/ngr/datasetrecords/def/checkxlinkurl.template.feature
arg: {"link":"/"}
checkxlinkurl.template.feature:14 - 
org.apache.http.client.ClientProtocolException
-------
feature call (loop) failed at index: 59
caller: classpath:InspireTest/ngr/datasetrecords/def/checkxlinkurl.template.feature
arg: {"link":"t"}
checkxlinkurl.template.feature:14 - 
org.apache.http.client.ClientProtocolException
-------
feature call (loop) failed at index: 60
caller: classpath:InspireTest/ngr/datasetrecords/def/checkxlinkurl.template.feature
arg: {"link":"h"}
checkxlinkurl.template.feature:14 - 
org.apache.http.client.ClientProtocolException
-------
feature call (loop) failed at index: 61
caller: classpath:InspireTest/ngr/datasetrecords/def/checkxlinkurl.template.feature
arg: {"link":"e"}
checkxlinkurl.template.feature:14 - 
org.apache.http.client.ClientProtocolException
-------
feature call (loop) failed at index: 62
caller: classpath:InspireTest/ngr/datasetrecords/def/checkxlinkurl.template.feature
arg: {"link":"s"}
checkxlinkurl.template.feature:14 - 
org.apache.http.client.ClientProtocolException
-------
feature call (loop) failed at index: 63
caller: classpath:InspireTest/ngr/datasetrecords/def/checkxlinkurl.template.feature
arg: {"link":"a"}
checkxlinkurl.template.feature:14 - 
org.apache.http.client.ClientProtocolException
-------
feature call (loop) failed at index: 64
caller: classpath:InspireTest/ngr/datasetrecords/def/checkxlinkurl.template.feature
arg: {"link":"u"}
checkxlinkurl.template.feature:14 - 
org.apache.http.client.ClientProtocolException
-------
feature call (loop) failed at index: 65
caller: classpath:InspireTest/ngr/datasetrecords/def/checkxlinkurl.template.feature
arg: {"link":"r"}
checkxlinkurl.template.feature:14 - 
org.apache.http.client.ClientProtocolException
-------
feature call (loop) failed at index: 66
caller: classpath:InspireTest/ngr/datasetrecords/def/checkxlinkurl.template.feature
arg: {"link":"u"}
checkxlinkurl.template.feature:14 - 
org.apache.http.client.ClientProtocolException
-------
feature call (loop) failed at index: 67
caller: classpath:InspireTest/ngr/datasetrecords/def/checkxlinkurl.template.feature
arg: {"link":"s"}
checkxlinkurl.template.feature:14 - 
org.apache.http.client.ClientProtocolException
-------
feature call (loop) failed at index: 68
caller: classpath:InspireTest/ngr/datasetrecords/def/checkxlinkurl.template.feature
arg: {"link":"."}
checkxlinkurl.template.feature:14 - 
org.apache.http.client.ClientProtocolException
-------
feature call (loop) failed at index: 69
caller: classpath:InspireTest/ngr/datasetrecords/def/checkxlinkurl.template.feature
arg: {"link":"d"}
checkxlinkurl.template.feature:14 - 
org.apache.http.client.ClientProtocolException
-------
feature call (loop) failed at index: 70
caller: classpath:InspireTest/ngr/datasetrecords/def/checkxlinkurl.template.feature
arg: {"link":"o"}
checkxlinkurl.template.feature:14 - 
org.apache.http.client.ClientProtocolException
-------
feature call (loop) failed at index: 71
caller: classpath:InspireTest/ngr/datasetrecords/def/checkxlinkurl.template.feature
arg: {"link":"w"}
checkxlinkurl.template.feature:14 - 
org.apache.http.client.ClientProtocolException
-------
feature call (loop) failed at index: 72
caller: classpath:InspireTest/ngr/datasetrecords/def/checkxlinkurl.template.feature
arg: {"link":"n"}
checkxlinkurl.template.feature:14 - 
org.apache.http.client.ClientProtocolException
-------
feature call (loop) failed at index: 73
caller: classpath:InspireTest/ngr/datasetrecords/def/checkxlinkurl.template.feature
arg: {"link":"l"}
checkxlinkurl.template.feature:14 - 
org.apache.http.client.ClientProtocolException
-------
feature call (loop) failed at index: 74
caller: classpath:InspireTest/ngr/datasetrecords/def/checkxlinkurl.template.feature
arg: {"link":"o"}
checkxlinkurl.template.feature:14 - 
org.apache.http.client.ClientProtocolException
-------
feature call (loop) failed at index: 75
caller: classpath:InspireTest/ngr/datasetrecords/def/checkxlinkurl.template.feature
arg: {"link":"a"}
checkxlinkurl.template.feature:14 - 
org.apache.http.client.ClientProtocolException
-------
feature call (loop) failed at index: 76
caller: classpath:InspireTest/ngr/datasetrecords/def/checkxlinkurl.template.feature
arg: {"link":"d"}
checkxlinkurl.template.feature:14 - 
org.apache.http.client.ClientProtocolException
-------
feature call (loop) failed at index: 77
caller: classpath:InspireTest/ngr/datasetrecords/def/checkxlinkurl.template.feature
arg: {"link":"?"}
checkxlinkurl.template.feature:14 - 
org.apache.http.client.ClientProtocolException
-------
feature call (loop) failed at index: 78
caller: classpath:InspireTest/ngr/datasetrecords/def/checkxlinkurl.template.feature
arg: {"link":"r"}
checkxlinkurl.template.feature:14 - 
org.apache.http.client.ClientProtocolException
-------
feature call (loop) failed at index: 79
caller: classpath:InspireTest/ngr/datasetrecords/def/checkxlinkurl.template.feature
arg: {"link":"e"}
checkxlinkurl.template.feature:14 - 
org.apache.http.client.ClientProtocolException
-------
feature call (loop) failed at index: 80
caller: classpath:InspireTest/ngr/datasetrecords/def/checkxlinkurl.template.feature
arg: {"link":"f"}
checkxlinkurl.template.feature:14 - 
org.apache.http.client.ClientProtocolException
-------
feature call (loop) failed at index: 81
caller: classpath:InspireTest/ngr/datasetrecords/def/checkxlinkurl.template.feature
arg: {"link":"="}
checkxlinkurl.template.feature:14 - 
org.apache.http.client.ClientProtocolException
-------
feature call (loop) failed at index: 82
caller: classpath:InspireTest/ngr/datasetrecords/def/checkxlinkurl.template.feature
arg: {"link":"e"}
checkxlinkurl.template.feature:14 - 
org.apache.http.client.ClientProtocolException
-------
feature call (loop) failed at index: 83
caller: classpath:InspireTest/ngr/datasetrecords/def/checkxlinkurl.template.feature
arg: {"link":"x"}
checkxlinkurl.template.feature:14 - 
org.apache.http.client.ClientProtocolException
-------
feature call (loop) failed at index: 84
caller: classpath:InspireTest/ngr/datasetrecords/def/checkxlinkurl.template.feature
arg: {"link":"t"}
checkxlinkurl.template.feature:14 - 
org.apache.http.client.ClientProtocolException
-------
feature call (loop) failed at index: 85
caller: classpath:InspireTest/ngr/datasetrecords/def/checkxlinkurl.template.feature
arg: {"link":"e"}
checkxlinkurl.template.feature:14 - 
org.apache.http.client.ClientProtocolException
-------
feature call (loop) failed at index: 86
caller: classpath:InspireTest/ngr/datasetrecords/def/checkxlinkurl.template.feature
arg: {"link":"r"}
checkxlinkurl.template.feature:14 - 
org.apache.http.client.ClientProtocolException
-------
feature call (loop) failed at index: 87
caller: classpath:InspireTest/ngr/datasetrecords/def/checkxlinkurl.template.feature
arg: {"link":"n"}
checkxlinkurl.template.feature:14 - 
org.apache.http.client.ClientProtocolException
-------
feature call (loop) failed at index: 88
caller: classpath:InspireTest/ngr/datasetrecords/def/checkxlinkurl.template.feature
arg: {"link":"a"}
checkxlinkurl.template.feature:14 - 
org.apache.http.client.ClientProtocolException
-------
feature call (loop) failed at index: 89
caller: classpath:InspireTest/ngr/datasetrecords/def/checkxlinkurl.template.feature
arg: {"link":"l"}
checkxlinkurl.template.feature:14 - 
org.apache.http.client.ClientProtocolException
-------
feature call (loop) failed at index: 90
caller: classpath:InspireTest/ngr/datasetrecords/def/checkxlinkurl.template.feature
arg: {"link":"."}
checkxlinkurl.template.feature:14 - 
org.apache.http.client.ClientProtocolException
-------
feature call (loop) failed at index: 91
caller: classpath:InspireTest/ngr/datasetrecords/def/checkxlinkurl.template.feature
arg: {"link":"t"}
checkxlinkurl.template.feature:14 - 
org.apache.http.client.ClientProtocolException
-------
feature call (loop) failed at index: 92
caller: classpath:InspireTest/ngr/datasetrecords/def/checkxlinkurl.template.feature
arg: {"link":"h"}
checkxlinkurl.template.feature:14 - 
org.apache.http.client.ClientProtocolException
-------
feature call (loop) failed at index: 93
caller: classpath:InspireTest/ngr/datasetrecords/def/checkxlinkurl.template.feature
arg: {"link":"e"}
checkxlinkurl.template.feature:14 - 
org.apache.http.client.ClientProtocolException
-------
feature call (loop) failed at index: 94
caller: classpath:InspireTest/ngr/datasetrecords/def/checkxlinkurl.template.feature
arg: {"link":"m"}
checkxlinkurl.template.feature:14 - 
org.apache.http.client.ClientProtocolException
-------
feature call (loop) failed at index: 95
caller: classpath:InspireTest/ngr/datasetrecords/def/checkxlinkurl.template.feature
arg: {"link":"e"}
checkxlinkurl.template.feature:14 - 
org.apache.http.client.ClientProtocolException
-------
feature call (loop) failed at index: 96
caller: classpath:InspireTest/ngr/datasetrecords/def/checkxlinkurl.template.feature
arg: {"link":"."}
checkxlinkurl.template.feature:14 - 
org.apache.http.client.ClientProtocolException
-------
feature call (loop) failed at index: 97
caller: classpath:InspireTest/ngr/datasetrecords/def/checkxlinkurl.template.feature
arg: {"link":"h"}
checkxlinkurl.template.feature:14 - 
org.apache.http.client.ClientProtocolException
-------
feature call (loop) failed at index: 98
caller: classpath:InspireTest/ngr/datasetrecords/def/checkxlinkurl.template.feature
arg: {"link":"t"}
checkxlinkurl.template.feature:14 - 
org.apache.http.client.ClientProtocolException
-------
feature call (loop) failed at index: 99
caller: classpath:InspireTest/ngr/datasetrecords/def/checkxlinkurl.template.feature
arg: {"link":"t"}
checkxlinkurl.template.feature:14 - 
org.apache.http.client.ClientProtocolException
-------
feature call (loop) failed at index: 100
caller: classpath:InspireTest/ngr/datasetrecords/def/checkxlinkurl.template.feature
arg: {"link":"p"}
checkxlinkurl.template.feature:14 - 
org.apache.http.client.ClientProtocolException
-------
feature call (loop) failed at index: 101
caller: classpath:InspireTest/ngr/datasetrecords/def/checkxlinkurl.template.feature
arg: {"link":"i"}
checkxlinkurl.template.feature:14 - 
org.apache.http.client.ClientProtocolException
-------
feature call (loop) failed at index: 102
caller: classpath:InspireTest/ngr/datasetrecords/def/checkxlinkurl.template.feature
arg: {"link":"n"}
checkxlinkurl.template.feature:14 - 
org.apache.http.client.ClientProtocolException
-------
feature call (loop) failed at index: 103
caller: classpath:InspireTest/ngr/datasetrecords/def/checkxlinkurl.template.feature
arg: {"link":"s"}
checkxlinkurl.template.feature:14 - 
org.apache.http.client.ClientProtocolException
-------
feature call (loop) failed at index: 104
caller: classpath:InspireTest/ngr/datasetrecords/def/checkxlinkurl.template.feature
arg: {"link":"p"}
checkxlinkurl.template.feature:14 - 
org.apache.http.client.ClientProtocolException
-------
feature call (loop) failed at index: 105
caller: classpath:InspireTest/ngr/datasetrecords/def/checkxlinkurl.template.feature
arg: {"link":"i"}
checkxlinkurl.template.feature:14 - 
org.apache.http.client.ClientProtocolException
-------
feature call (loop) failed at index: 106
caller: classpath:InspireTest/ngr/datasetrecords/def/checkxlinkurl.template.feature
arg: {"link":"r"}
checkxlinkurl.template.feature:14 - 
org.apache.http.client.ClientProtocolException
-------
feature call (loop) failed at index: 107
caller: classpath:InspireTest/ngr/datasetrecords/def/checkxlinkurl.template.feature
arg: {"link":"e"}
checkxlinkurl.template.feature:14 - 
org.apache.http.client.ClientProtocolException
-------
feature call (loop) failed at index: 108
caller: classpath:InspireTest/ngr/datasetrecords/def/checkxlinkurl.template.feature
arg: {"link":"e"}
checkxlinkurl.template.feature:14 - 
org.apache.http.client.ClientProtocolException
-------
feature call (loop) failed at index: 109
caller: classpath:InspireTest/ngr/datasetrecords/def/checkxlinkurl.template.feature
arg: {"link":"c"}
checkxlinkurl.template.feature:14 - 
org.apache.http.client.ClientProtocolException
-------
feature call (loop) failed at index: 110
caller: classpath:InspireTest/ngr/datasetrecords/def/checkxlinkurl.template.feature
arg: {"link":"e"}
checkxlinkurl.template.feature:14 - 
org.apache.http.client.ClientProtocolException
-------
feature call (loop) failed at index: 111
caller: classpath:InspireTest/ngr/datasetrecords/def/checkxlinkurl.template.feature
arg: {"link":"u"}
checkxlinkurl.template.feature:14 - 
org.apache.http.client.ClientProtocolException
-------
feature call (loop) failed at index: 112
caller: classpath:InspireTest/ngr/datasetrecords/def/checkxlinkurl.template.feature
arg: {"link":"r"}
checkxlinkurl.template.feature:14 - 
org.apache.http.client.ClientProtocolException
-------
feature call (loop) failed at index: 113
caller: classpath:InspireTest/ngr/datasetrecords/def/checkxlinkurl.template.feature
arg: {"link":"o"}
checkxlinkurl.template.feature:14 - 
org.apache.http.client.ClientProtocolException
-------
feature call (loop) failed at index: 114
caller: classpath:InspireTest/ngr/datasetrecords/def/checkxlinkurl.template.feature
arg: {"link":"p"}
checkxlinkurl.template.feature:14 - 
org.apache.http.client.ClientProtocolException
-------
feature call (loop) failed at index: 115
caller: classpath:InspireTest/ngr/datasetrecords/def/checkxlinkurl.template.feature
arg: {"link":"a"}
checkxlinkurl.template.feature:14 - 
org.apache.http.client.ClientProtocolException
-------
feature call (loop) failed at index: 116
caller: classpath:InspireTest/ngr/datasetrecords/def/checkxlinkurl.template.feature
arg: {"link":"e"}
checkxlinkurl.template.feature:14 - 
org.apache.http.client.ClientProtocolException
-------
feature call (loop) failed at index: 117
caller: classpath:InspireTest/ngr/datasetrecords/def/checkxlinkurl.template.feature
arg: {"link":"u"}
checkxlinkurl.template.feature:14 - 
org.apache.http.client.ClientProtocolException
-------
feature call (loop) failed at index: 118
caller: classpath:InspireTest/ngr/datasetrecords/def/checkxlinkurl.template.feature
arg: {"link":"t"}
checkxlinkurl.template.feature:14 - 
org.apache.http.client.ClientProtocolException
-------
feature call (loop) failed at index: 119
caller: classpath:InspireTest/ngr/datasetrecords/def/checkxlinkurl.template.feature
arg: {"link":"h"}
checkxlinkurl.template.feature:14 - 
org.apache.http.client.ClientProtocolException
-------
feature call (loop) failed at index: 120
caller: classpath:InspireTest/ngr/datasetrecords/def/checkxlinkurl.template.feature
arg: {"link":"e"}
checkxlinkurl.template.feature:14 - 
org.apache.http.client.ClientProtocolException
-------
feature call (loop) failed at index: 121
caller: classpath:InspireTest/ngr/datasetrecords/def/checkxlinkurl.template.feature
arg: {"link":"m"}
checkxlinkurl.template.feature:14 - 
org.apache.http.client.ClientProtocolException
-------
feature call (loop) failed at index: 122
caller: classpath:InspireTest/ngr/datasetrecords/def/checkxlinkurl.template.feature
arg: {"link":"e"}
checkxlinkurl.template.feature:14 - 
org.apache.http.client.ClientProtocolException
-------
feature call (loop) failed at index: 123
caller: classpath:InspireTest/ngr/datasetrecords/def/checkxlinkurl.template.feature
arg: {"link":"-"}
checkxlinkurl.template.feature:14 - 
org.apache.http.client.ClientProtocolException
-------
feature call (loop) failed at index: 124
caller: classpath:InspireTest/ngr/datasetrecords/def/checkxlinkurl.template.feature
arg: {"link":"t"}
checkxlinkurl.template.feature:14 - 
org.apache.http.client.ClientProtocolException
-------
feature call (loop) failed at index: 125
caller: classpath:InspireTest/ngr/datasetrecords/def/checkxlinkurl.template.feature
arg: {"link":"h"}
checkxlinkurl.template.feature:14 - 
org.apache.http.client.ClientProtocolException
-------
feature call (loop) failed at index: 126
caller: classpath:InspireTest/ngr/datasetrecords/def/checkxlinkurl.template.feature
arg: {"link":"e"}
checkxlinkurl.template.feature:14 - 
org.apache.http.client.ClientProtocolException
-------
feature call (loop) failed at index: 127
caller: classpath:InspireTest/ngr/datasetrecords/def/checkxlinkurl.template.feature
arg: {"link":"m"}
checkxlinkurl.template.feature:14 - 
org.apache.http.client.ClientProtocolException
-------
feature call (loop) failed at index: 128
caller: classpath:InspireTest/ngr/datasetrecords/def/checkxlinkurl.template.feature
arg: {"link":"e"}
checkxlinkurl.template.feature:14 - 
org.apache.http.client.ClientProtocolException
[1.104:16] check-known-dataset-record.feature:79 - feature call (loop) failed: classpath:InspireTest/ngr/datasetrecords/def/checkxlinkurl.template.feature
caller: classpath:InspireTest/ngr/datasetrecords/check-known-dataset-record.feature
items: [{link=http://kadaster/2482250f-3b00-4439-9f93-f3118229b021}, {link=}, {link=}, {link=}]
errors:
-------
feature call (loop) failed at index: 0
caller: classpath:InspireTest/ngr/datasetrecords/def/checkxlinkurl.template.feature
arg: {"link":"http://kadaster/2482250f-3b00-4439-9f93-f3118229b021"}
checkxlinkurl.template.feature:14 - 
java.net.UnknownHostException: kadaster
-------
feature call (loop) failed at index: 1
caller: classpath:InspireTest/ngr/datasetrecords/def/checkxlinkurl.template.feature
arg: {"link":""}
checkxlinkurl.template.feature:14 - 
org.apache.http.client.ClientProtocolException
-------
feature call (loop) failed at index: 2
caller: classpath:InspireTest/ngr/datasetrecords/def/checkxlinkurl.template.feature
arg: {"link":""}
checkxlinkurl.template.feature:14 - 
org.apache.http.client.ClientProtocolException
-------
feature call (loop) failed at index: 3
caller: classpath:InspireTest/ngr/datasetrecords/def/checkxlinkurl.template.feature
arg: {"link":""}
checkxlinkurl.template.feature:14 - 
org.apache.http.client.ClientProtocolException
[1.105:16] check-known-dataset-record.feature:79 - feature call (loop) failed: classpath:InspireTest/ngr/datasetrecords/def/checkxlinkurl.template.feature
caller: classpath:InspireTest/ngr/datasetrecords/check-known-dataset-record.feature
items: [{link=http://www.opengis.net/def/crs/EPSG/0/http://www.opengis.net/def/crs/EPSG/0/4258}, {link=http://kadaster/0f9b8c87-80a6-435f-b3b3-e07c3918d344}]
errors:
-------
feature call (loop) failed at index: 1
caller: classpath:InspireTest/ngr/datasetrecords/def/checkxlinkurl.template.feature
arg: {"link":"http://kadaster/0f9b8c87-80a6-435f-b3b3-e07c3918d344"}
checkxlinkurl.template.feature:14 - 
java.net.UnknownHostException: kadaster: Temporary failure in name resolution
[1.106:16] check-known-dataset-record.feature:79 - feature call (loop) failed: classpath:InspireTest/ngr/datasetrecords/def/checkxlinkurl.template.feature
caller: classpath:InspireTest/ngr/datasetrecords/check-known-dataset-record.feature
items: [{link=https://www.nationaalgeoregister.nl/geonetwork/srv/api/records1b2abd21-3084-4db7-ab49-46866b4aac2b}, {link=https://creativecommons.org/publicdomain/zero/*/deed.nl}]
errors:
-------
feature call (loop) failed at index: 0
caller: classpath:InspireTest/ngr/datasetrecords/def/checkxlinkurl.template.feature
arg: {"link":"https://www.nationaalgeoregister.nl/geonetwork/srv/api/records1b2abd21-3084-4db7-ab49-46866b4aac2b"}
checkxlinkurl.template.feature:15 - status code was: 500, expected: 200, response time: 308, url: https://www.nationaalgeoregister.nl/geonetwork/srv/api/records1b2abd21-3084-4db7-ab49-46866b4aac2b, response: 
-------
feature call (loop) failed at index: 1
caller: classpath:InspireTest/ngr/datasetrecords/def/checkxlinkurl.template.feature
arg: {"link":"https://creativecommons.org/publicdomain/zero/*/deed.nl"}
checkxlinkurl.template.feature:15 - status code was: 404, expected: 200, response time: 36, url: https://creativecommons.org/publicdomain/zero/*/deed.nl, response: 
[1.107:16] check-known-dataset-record.feature:79 - feature call (loop) failed: classpath:InspireTest/ngr/datasetrecords/def/checkxlinkurl.template.feature
caller: classpath:InspireTest/ngr/datasetrecords/check-known-dataset-record.feature
items: [{link=https://data.rivm.nl/inspire/id#10fcd5a9-3804-48e3-bcbd-d816594dbb6f}]
errors:
-------
feature call (loop) failed at index: 0
caller: classpath:InspireTest/ngr/datasetrecords/def/checkxlinkurl.template.feature
arg: {"link":"https://data.rivm.nl/inspire/id#10fcd5a9-3804-48e3-bcbd-d816594dbb6f"}
checkxlinkurl.template.feature:14 - 
javax.net.ssl.SSLException: Connection reset
[1.108:16] check-known-dataset-record.feature:79 - feature call (loop) failed: classpath:InspireTest/ngr/datasetrecords/def/checkxlinkurl.template.feature
caller: classpath:InspireTest/ngr/datasetrecords/check-known-dataset-record.feature
items: [{link=https://data.rivm.nl/inspire/id#36a7e8cb-8300-4602-93d2-135943365a6f}]
errors:
-------
feature call (loop) failed at index: 0
caller: classpath:InspireTest/ngr/datasetrecords/def/checkxlinkurl.template.feature
arg: {"link":"https://data.rivm.nl/inspire/id#36a7e8cb-8300-4602-93d2-135943365a6f"}
checkxlinkurl.template.feature:14 - 
javax.net.ssl.SSLException: Connection reset
[1.109:16] check-known-dataset-record.feature:79 - feature call (loop) failed: classpath:InspireTest/ngr/datasetrecords/def/checkxlinkurl.template.feature
caller: classpath:InspireTest/ngr/datasetrecords/check-known-dataset-record.feature
items: [{link=https://www.nationaalgeoregister.nl/geonetwork/srv/api/records6c6be9c5-b09b-4dcf-a5fd-f149cbaca6fb}, {link=https://creativecommons.org/publicdomain/zero/*/deed.nl}]
errors:
-------
feature call (loop) failed at index: 0
caller: classpath:InspireTest/ngr/datasetrecords/def/checkxlinkurl.template.feature
arg: {"link":"https://www.nationaalgeoregister.nl/geonetwork/srv/api/records6c6be9c5-b09b-4dcf-a5fd-f149cbaca6fb"}
checkxlinkurl.template.feature:15 - status code was: 500, expected: 200, response time: 314, url: https://www.nationaalgeoregister.nl/geonetwork/srv/api/records6c6be9c5-b09b-4dcf-a5fd-f149cbaca6fb, response: 
-------
feature call (loop) failed at index: 1
caller: classpath:InspireTest/ngr/datasetrecords/def/checkxlinkurl.template.feature
arg: {"link":"https://creativecommons.org/publicdomain/zero/*/deed.nl"}
checkxlinkurl.template.feature:15 - status code was: 404, expected: 200, response time: 48, url: https://creativecommons.org/publicdomain/zero/*/deed.nl, response: 
[1.110:16] check-known-dataset-record.feature:79 - feature call (loop) failed: classpath:InspireTest/ngr/datasetrecords/def/checkxlinkurl.template.feature
caller: classpath:InspireTest/ngr/datasetrecords/check-known-dataset-record.feature
items: [{link=https://www.nationaalgeoregister.nl/geonetwork/srv/dut/catalog.search#/metadata/adn73c4a-ef03-4785-b7f6-942e86b385f7}, {link=http://rdfdata.eionet.europa.eu/inspirethemes/themes/10}, {link=urn:ogc:def:crs:EPSG::5709}]
errors:
-------
feature call (loop) failed at index: 1
caller: classpath:InspireTest/ngr/datasetrecords/def/checkxlinkurl.template.feature
arg: {"link":"http://rdfdata.eionet.europa.eu/inspirethemes/themes/10"}
checkxlinkurl.template.feature:15 - status code was: 404, expected: 200, response time: 210, url: http://rdfdata.eionet.europa.eu/inspirethemes/themes/10, response: 
-------
feature call (loop) failed at index: 2
caller: classpath:InspireTest/ngr/datasetrecords/def/checkxlinkurl.template.feature
arg: {"link":"urn:ogc:def:crs:EPSG::5709"}
checkxlinkurl.template.feature:14 - 
org.apache.http.client.ClientProtocolException: URI does not specify a valid host name: urn:ogc:def:crs:EPSG::5709
[1.111:16] check-known-dataset-record.feature:79 - feature call (loop) failed: classpath:InspireTest/ngr/datasetrecords/def/checkxlinkurl.template.feature
caller: classpath:InspireTest/ngr/datasetrecords/check-known-dataset-record.feature
items: [{link=https://ngr.acceptatie.nationaalgeoregister.nl/geonetwork/srv/resourcesc7a15080-2724-11e2-81c1-0800200c9a66}, {link=http://rdfdata.eionet.europa.eu/inspirethemes/themes/13}, {link=http://rdfdata.eionet.europa.eu/inspirethemes/themes/#}, {link=https://www.nationaalgeoregister.nl/geonetwork/srv/eng/thesaurus.download?ref=external.theme.inspire-theme}]
errors:
-------
feature call (loop) failed at index: 0
caller: classpath:InspireTest/ngr/datasetrecords/def/checkxlinkurl.template.feature
arg: {"link":"https://ngr.acceptatie.nationaalgeoregister.nl/geonetwork/srv/resourcesc7a15080-2724-11e2-81c1-0800200c9a66"}
checkxlinkurl.template.feature:15 - status code was: 404, expected: 200, response time: 291, url: https://ngr.acceptatie.nationaalgeoregister.nl/geonetwork/srv/resourcesc7a15080-2724-11e2-81c1-0800200c9a66, response: 
-------
feature call (loop) failed at index: 1
caller: classpath:InspireTest/ngr/datasetrecords/def/checkxlinkurl.template.feature
arg: {"link":"http://rdfdata.eionet.europa.eu/inspirethemes/themes/13"}
checkxlinkurl.template.feature:15 - status code was: 404, expected: 200, response time: 221, url: http://rdfdata.eionet.europa.eu/inspirethemes/themes/13, response: 
-------
feature call (loop) failed at index: 2
caller: classpath:InspireTest/ngr/datasetrecords/def/checkxlinkurl.template.feature
arg: {"link":"http://rdfdata.eionet.europa.eu/inspirethemes/themes/#"}
checkxlinkurl.template.feature:15 - status code was: 404, expected: 200, response time: 216, url: http://rdfdata.eionet.europa.eu/inspirethemes/themes/#, response: 
-------
feature call (loop) failed at index: 3
caller: classpath:InspireTest/ngr/datasetrecords/def/checkxlinkurl.template.feature
arg: {"link":"https://www.nationaalgeoregister.nl/geonetwork/srv/eng/thesaurus.download?ref=external.theme.inspire-theme"}
checkxlinkurl.template.feature:15 - status code was: 500, expected: 200, response time: 442, url: https://www.nationaalgeoregister.nl/geonetwork/srv/eng/thesaurus.download?ref=external.theme.inspire-theme, response: 
[1.112:16] check-known-dataset-record.feature:79 - feature call (loop) failed: classpath:InspireTest/ngr/datasetrecords/def/checkxlinkurl.template.feature
caller: classpath:InspireTest/ngr/datasetrecords/check-known-dataset-record.feature
items: [{link=http://www.opengis.net/def/crs/EPSG/0/NAP}, {link=https://ngr.acceptatie.nationaalgeoregister.nl/geonetwork/srv/resourcesd72ddff0-2724-11e2-81c1-0800200c9a66}]
errors:
-------
feature call (loop) failed at index: 1
caller: classpath:InspireTest/ngr/datasetrecords/def/checkxlinkurl.template.feature
arg: {"link":"https://ngr.acceptatie.nationaalgeoregister.nl/geonetwork/srv/resourcesd72ddff0-2724-11e2-81c1-0800200c9a66"}
checkxlinkurl.template.feature:15 - status code was: 404, expected: 200, response time: 287, url: https://ngr.acceptatie.nationaalgeoregister.nl/geonetwork/srv/resourcesd72ddff0-2724-11e2-81c1-0800200c9a66, response: 
[1.113:16] check-known-dataset-record.feature:79 - feature call (loop) failed: classpath:InspireTest/ngr/datasetrecords/def/checkxlinkurl.template.feature
caller: classpath:InspireTest/ngr/datasetrecords/check-known-dataset-record.feature
items: [{link=http://www.opengis.net/def/crs/EPSG/0/NAP}, {link=https://ngr.acceptatie.nationaalgeoregister.nl/geonetwork/srv/resourcesddf87610-2724-11e2-81c1-0800200c9a66}]
errors:
-------
feature call (loop) failed at index: 1
caller: classpath:InspireTest/ngr/datasetrecords/def/checkxlinkurl.template.feature
arg: {"link":"https://ngr.acceptatie.nationaalgeoregister.nl/geonetwork/srv/resourcesddf87610-2724-11e2-81c1-0800200c9a66"}
checkxlinkurl.template.feature:15 - status code was: 404, expected: 200, response time: 286, url: https://ngr.acceptatie.nationaalgeoregister.nl/geonetwork/srv/resourcesddf87610-2724-11e2-81c1-0800200c9a66, response: 
[1.114:16] check-known-dataset-record.feature:79 - feature call (loop) failed: classpath:InspireTest/ngr/datasetrecords/def/checkxlinkurl.template.feature
caller: classpath:InspireTest/ngr/datasetrecords/check-known-dataset-record.feature
items: [{link=https://www.nationaalgeoregister.nl/geonetwork/srv/dut/catalog.search#/metadata/wt-83730-e750-485a-9c0c-39bf9be72cf8}, {link=http://rdfdata.eionet.europa.eu/inspirethemes/themes/18}, {link=https://ngr.geocat.live/geonetwork/srv/eng/thesaurus.download?ref=external.theme.httpinspireeceuropaeumetadatacodelistPrioritydataset-Prioritydataset}]
errors:
-------
feature call (loop) failed at index: 1
caller: classpath:InspireTest/ngr/datasetrecords/def/checkxlinkurl.template.feature
arg: {"link":"http://rdfdata.eionet.europa.eu/inspirethemes/themes/18"}
checkxlinkurl.template.feature:15 - status code was: 404, expected: 200, response time: 566, url: http://rdfdata.eionet.europa.eu/inspirethemes/themes/18, response: 
-------
feature call (loop) failed at index: 2
caller: classpath:InspireTest/ngr/datasetrecords/def/checkxlinkurl.template.feature
arg: {"link":"https://ngr.geocat.live/geonetwork/srv/eng/thesaurus.download?ref=external.theme.httpinspireeceuropaeumetadatacodelistPrioritydataset-Prioritydataset"}
checkxlinkurl.template.feature:15 - status code was: 500, expected: 200, response time: 338, url: https://ngr.geocat.live/geonetwork/srv/eng/thesaurus.download?ref=external.theme.httpinspireeceuropaeumetadatacodelistPrioritydataset-Prioritydataset, response: 
[1.115:16] check-known-dataset-record.feature:79 - feature call (loop) failed: classpath:InspireTest/ngr/datasetrecords/def/checkxlinkurl.template.feature
caller: classpath:InspireTest/ngr/datasetrecords/check-known-dataset-record.feature
items: [{link=http://www.opengis.net/def/crs/EPSG/0/http://www.opengis.net/def/crs/EPSG/0/3034}, {link=http://nationaalgeoregister.nl/geonetwork/srv/dut/csw?SERVICE=CSW&version=2.0.2&REQUEST=GetRecordById&elementSetName=full&OutputSchema=http://www.isotc211.org/2005/gmd&ID=c829abeb-bfac-4224-8332-e7a9a89e692e}, {link=https://creativecommons.org/publicdomain/mark/*/deed.nl}, {link=}]
errors:
-------
feature call (loop) failed at index: 2
caller: classpath:InspireTest/ngr/datasetrecords/def/checkxlinkurl.template.feature
arg: {"link":"https://creativecommons.org/publicdomain/mark/*/deed.nl"}
checkxlinkurl.template.feature:15 - status code was: 404, expected: 200, response time: 37, url: https://creativecommons.org/publicdomain/mark/*/deed.nl, response: 
-------
feature call (loop) failed at index: 3
caller: classpath:InspireTest/ngr/datasetrecords/def/checkxlinkurl.template.feature
arg: {"link":""}
checkxlinkurl.template.feature:14 - 
org.apache.http.client.ClientProtocolException
[1.116:16] check-known-dataset-record.feature:79 - feature call (loop) failed: classpath:InspireTest/ngr/datasetrecords/def/checkxlinkurl.template.feature
caller: classpath:InspireTest/ngr/datasetrecords/check-known-dataset-record.feature
items: [{link=http://nationaalgeoregister.nl/geonetwork/srv/dut/csw?SERVICE=CSW&version=2.0.2&REQUEST=GetRecordById&elementSetName=full&OutputSchema=http://www.isotc211.org/2005/gmd&ID=df5ee213-e1bd-433b-80f7-4ea20f493ca8}, {link=https://creativecommons.org/publicdomain/mark/*/deed.nl}, {link=}]
errors:
-------
feature call (loop) failed at index: 1
caller: classpath:InspireTest/ngr/datasetrecords/def/checkxlinkurl.template.feature
arg: {"link":"https://creativecommons.org/publicdomain/mark/*/deed.nl"}
checkxlinkurl.template.feature:15 - status code was: 404, expected: 200, response time: 33, url: https://creativecommons.org/publicdomain/mark/*/deed.nl, response: 
-------
feature call (loop) failed at index: 2
caller: classpath:InspireTest/ngr/datasetrecords/def/checkxlinkurl.template.feature
arg: {"link":""}
checkxlinkurl.template.feature:14 - 
org.apache.http.client.ClientProtocolException
[1.117:16] check-known-dataset-record.feature:79 - feature call (loop) failed: classpath:InspireTest/ngr/datasetrecords/def/checkxlinkurl.template.feature
caller: classpath:InspireTest/ngr/datasetrecords/check-known-dataset-record.feature
items: [{link=http://www.opengis.net/def/crs/EPSG/0/http://www.opengis.net/def/crs/EPSG/0/3034}, {link=http://nationaalgeoregister.nl/geonetwork/srv/dut/csw?SERVICE=CSW&version=2.0.2&REQUEST=GetRecordById&elementSetName=full&OutputSchema=http://www.isotc211.org/2005/gmd&ID=34e6165f-1269-48d1-b255-0f05d163d692}, {link=https://creativecommons.org/publicdomain/mark/*/deed.nl}, {link=}]
errors:
-------
feature call (loop) failed at index: 2
caller: classpath:InspireTest/ngr/datasetrecords/def/checkxlinkurl.template.feature
arg: {"link":"https://creativecommons.org/publicdomain/mark/*/deed.nl"}
checkxlinkurl.template.feature:15 - status code was: 404, expected: 200, response time: 38, url: https://creativecommons.org/publicdomain/mark/*/deed.nl, response: 
-------
feature call (loop) failed at index: 3
caller: classpath:InspireTest/ngr/datasetrecords/def/checkxlinkurl.template.feature
arg: {"link":""}
checkxlinkurl.template.feature:14 - 
org.apache.http.client.ClientProtocolException
[1.118:16] check-known-dataset-record.feature:79 - feature call (loop) failed: classpath:InspireTest/ngr/datasetrecords/def/checkxlinkurl.template.feature
caller: classpath:InspireTest/ngr/datasetrecords/check-known-dataset-record.feature
items: [{link=http://www.opengis.net/def/crs/EPSG/0/http://www.opengis.net/def/crs/EPSG/0/3034}, {link=http://nationaalgeoregister.nl/geonetwork/srv/dut/csw?SERVICE=CSW&version=2.0.2&REQUEST=GetRecordById&elementSetName=full&OutputSchema=http://www.isotc211.org/2005/gmd&ID=41023936-009d-48ec-a90d-c966895463c1}, {link=https://creativecommons.org/publicdomain/mark/*/deed.nl}, {link=}]
errors:
-------
feature call (loop) failed at index: 2
caller: classpath:InspireTest/ngr/datasetrecords/def/checkxlinkurl.template.feature
arg: {"link":"https://creativecommons.org/publicdomain/mark/*/deed.nl"}
checkxlinkurl.template.feature:15 - status code was: 404, expected: 200, response time: 33, url: https://creativecommons.org/publicdomain/mark/*/deed.nl, response: 
-------
feature call (loop) failed at index: 3
caller: classpath:InspireTest/ngr/datasetrecords/def/checkxlinkurl.template.feature
arg: {"link":""}
checkxlinkurl.template.feature:14 - 
org.apache.http.client.ClientProtocolException
[1.120:16] check-known-dataset-record.feature:79 - feature call (loop) failed: classpath:InspireTest/ngr/datasetrecords/def/checkxlinkurl.template.feature
caller: classpath:InspireTest/ngr/datasetrecords/check-known-dataset-record.feature
items: [{link=https://www.nationaalgeoregister.nl/geonetwork/srv/dut/catalog.search#/metadata/eu-2c7040b-c448-451b-bf15-f2416ecaadd1}, {link=http://rdfdata.eionet.europa.eu/inspirethemes/themes/7}, {link=urn:ogc:def:crs:EPSG::5709}]
errors:
-------
feature call (loop) failed at index: 1
caller: classpath:InspireTest/ngr/datasetrecords/def/checkxlinkurl.template.feature
arg: {"link":"http://rdfdata.eionet.europa.eu/inspirethemes/themes/7"}
checkxlinkurl.template.feature:15 - status code was: 404, expected: 200, response time: 202, url: http://rdfdata.eionet.europa.eu/inspirethemes/themes/7, response: 
-------
feature call (loop) failed at index: 2
caller: classpath:InspireTest/ngr/datasetrecords/def/checkxlinkurl.template.feature
arg: {"link":"urn:ogc:def:crs:EPSG::5709"}
checkxlinkurl.template.feature:14 - 
org.apache.http.client.ClientProtocolException: URI does not specify a valid host name: urn:ogc:def:crs:EPSG::5709
[1.121:16] check-known-dataset-record.feature:79 - feature call (loop) failed: classpath:InspireTest/ngr/datasetrecords/def/checkxlinkurl.template.feature
caller: classpath:InspireTest/ngr/datasetrecords/check-known-dataset-record.feature
items: [{link=http://inspire.rdw.nl/www/download/Licentie-Geogedeeld-RDW.pdf}, {link=}]
errors:
-------
feature call (loop) failed at index: 1
caller: classpath:InspireTest/ngr/datasetrecords/def/checkxlinkurl.template.feature
arg: {"link":""}
checkxlinkurl.template.feature:14 - 
org.apache.http.client.ClientProtocolException
[1.122:16] check-known-dataset-record.feature:79 - feature call (loop) failed: classpath:InspireTest/ngr/datasetrecords/def/checkxlinkurl.template.feature
caller: classpath:InspireTest/ngr/datasetrecords/check-known-dataset-record.feature
items: [{link=http://www.opengis.net/def/crs/EPSG/0/https://www.opengis.net/def/crs/EPSG/0/4258}, {link=https://ngr.acceptatie.nationaalgeoregister.nl/geonetwork/srv/resourcesd7ab6903-1152-450b-b81d-042682dcfd03}]
errors:
-------
feature call (loop) failed at index: 1
caller: classpath:InspireTest/ngr/datasetrecords/def/checkxlinkurl.template.feature
arg: {"link":"https://ngr.acceptatie.nationaalgeoregister.nl/geonetwork/srv/resourcesd7ab6903-1152-450b-b81d-042682dcfd03"}
checkxlinkurl.template.feature:15 - status code was: 404, expected: 200, response time: 279, url: https://ngr.acceptatie.nationaalgeoregister.nl/geonetwork/srv/resourcesd7ab6903-1152-450b-b81d-042682dcfd03, response: 
[1.123:16] check-known-dataset-record.feature:79 - feature call (loop) failed: classpath:InspireTest/ngr/datasetrecords/def/checkxlinkurl.template.feature
caller: classpath:InspireTest/ngr/datasetrecords/check-known-dataset-record.feature
items: [{link=http://nationaalgeoregister.nl/geonetwork/srv/dut/csw?SERVICE=CSW&version=2.0.2&REQUEST=GetRecordById&elementSetName=full&OutputSchema=http://www.isotc211.org/2005/gmd&ID=2daad588-11ef-47de-9832-6fe2c3b93e6d}, {link=https://creativecommons.org/publicdomain/mark/*/deed.nl}, {link=}]
errors:
-------
feature call (loop) failed at index: 1
caller: classpath:InspireTest/ngr/datasetrecords/def/checkxlinkurl.template.feature
arg: {"link":"https://creativecommons.org/publicdomain/mark/*/deed.nl"}
checkxlinkurl.template.feature:15 - status code was: 404, expected: 200, response time: 61, url: https://creativecommons.org/publicdomain/mark/*/deed.nl, response: 
-------
feature call (loop) failed at index: 2
caller: classpath:InspireTest/ngr/datasetrecords/def/checkxlinkurl.template.feature
arg: {"link":""}
checkxlinkurl.template.feature:14 - 
org.apache.http.client.ClientProtocolException
[1.124:16] check-known-dataset-record.feature:79 - feature call (loop) failed: classpath:InspireTest/ngr/datasetrecords/def/checkxlinkurl.template.feature
caller: classpath:InspireTest/ngr/datasetrecords/check-known-dataset-record.feature
items: [{link=http://nationaalgeoregister.nl/geonetwork/srv/dut/csw?SERVICE=CSW&version=2.0.2&REQUEST=GetRecordById&elementSetName=full&OutputSchema=http://www.isotc211.org/2005/gmd&ID=f5f68d51-2ca4-4897-8227-d3938b2b0a7e}, {link=https://creativecommons.org/publicdomain/mark/*/deed.nl}, {link=}]
errors:
-------
feature call (loop) failed at index: 1
caller: classpath:InspireTest/ngr/datasetrecords/def/checkxlinkurl.template.feature
arg: {"link":"https://creativecommons.org/publicdomain/mark/*/deed.nl"}
checkxlinkurl.template.feature:15 - status code was: 404, expected: 200, response time: 39, url: https://creativecommons.org/publicdomain/mark/*/deed.nl, response: 
-------
feature call (loop) failed at index: 2
caller: classpath:InspireTest/ngr/datasetrecords/def/checkxlinkurl.template.feature
arg: {"link":""}
checkxlinkurl.template.feature:14 - 
org.apache.http.client.ClientProtocolException
[1.125:16] check-known-dataset-record.feature:79 - feature call (loop) failed: classpath:InspireTest/ngr/datasetrecords/def/checkxlinkurl.template.feature
caller: classpath:InspireTest/ngr/datasetrecords/check-known-dataset-record.feature
items: [{link=https://geodata.nationaalgeoregister.nl/cbsgebiedsindelingen/atom/cbsgebiedsindelingen.xml}, {link=https://www.iana.org/assignments/media-types/application/geopackage+sqlite3}, {link=}]
errors:
-------
feature call (loop) failed at index: 2
caller: classpath:InspireTest/ngr/datasetrecords/def/checkxlinkurl.template.feature
arg: {"link":""}
checkxlinkurl.template.feature:14 - 
org.apache.http.client.ClientProtocolException
[1.126:16] check-known-dataset-record.feature:79 - feature call (loop) failed: classpath:InspireTest/ngr/datasetrecords/def/checkxlinkurl.template.feature
caller: classpath:InspireTest/ngr/datasetrecords/check-known-dataset-record.feature
items: [{link=http://geodata.nationaalgeoregister.nl/cbsprovincies/extract/cbsprovincies.zip}, {link=}]
errors:
-------
feature call (loop) failed at index: 1
caller: classpath:InspireTest/ngr/datasetrecords/def/checkxlinkurl.template.feature
arg: {"link":""}
checkxlinkurl.template.feature:14 - 
org.apache.http.client.ClientProtocolException
[1.127:16] check-known-dataset-record.feature:79 - feature call (loop) failed: classpath:InspireTest/ngr/datasetrecords/def/checkxlinkurl.template.feature
caller: classpath:InspireTest/ngr/datasetrecords/check-known-dataset-record.feature
items: [{link=http://www.opengis.net/def/crs/EPSG/0/https://www.opengis.net/def/crs/EPSG/0/4258}, {link=https://www.nationaalgeoregister.nl:443/geonetwork/srv/api/records/a5241416-8401-4623-be61-57ef50447a41}]
errors:
-------
feature call (loop) failed at index: 1
caller: classpath:InspireTest/ngr/datasetrecords/def/checkxlinkurl.template.feature
arg: {"link":"https://www.nationaalgeoregister.nl:443/geonetwork/srv/api/records/a5241416-8401-4623-be61-57ef50447a41"}
checkxlinkurl.template.feature:15 - status code was: 400, expected: 200, response time: 275, url: https://www.nationaalgeoregister.nl:443/geonetwork/srv/api/records/a5241416-8401-4623-be61-57ef50447a41, response: 
[1.128:16] check-known-dataset-record.feature:79 - feature call (loop) failed: classpath:InspireTest/ngr/datasetrecords/def/checkxlinkurl.template.feature
caller: classpath:InspireTest/ngr/datasetrecords/check-known-dataset-record.feature
items: [{link=https://www.nationaalgeoregister.nl/geonetwork/srv/dut/catalog.search#/metadata/wt-3730-e750-485a-9c0c-39bf9be72cf9}, {link=http://rdfdata.eionet.europa.eu/inspirethemes/themes/18}, {link=https://ngr.geocat.live/geonetwork/srv/eng/thesaurus.download?ref=external.theme.httpinspireeceuropaeumetadatacodelistPrioritydataset-Prioritydataset}]
errors:
-------
feature call (loop) failed at index: 1
caller: classpath:InspireTest/ngr/datasetrecords/def/checkxlinkurl.template.feature
arg: {"link":"http://rdfdata.eionet.europa.eu/inspirethemes/themes/18"}
checkxlinkurl.template.feature:15 - status code was: 404, expected: 200, response time: 215, url: http://rdfdata.eionet.europa.eu/inspirethemes/themes/18, response: 
-------
feature call (loop) failed at index: 2
caller: classpath:InspireTest/ngr/datasetrecords/def/checkxlinkurl.template.feature
arg: {"link":"https://ngr.geocat.live/geonetwork/srv/eng/thesaurus.download?ref=external.theme.httpinspireeceuropaeumetadatacodelistPrioritydataset-Prioritydataset"}
checkxlinkurl.template.feature:15 - status code was: 500, expected: 200, response time: 305, url: https://ngr.geocat.live/geonetwork/srv/eng/thesaurus.download?ref=external.theme.httpinspireeceuropaeumetadatacodelistPrioritydataset-Prioritydataset, response: 
[1.129:16] check-known-dataset-record.feature:79 - feature call (loop) failed: classpath:InspireTest/ngr/datasetrecords/def/checkxlinkurl.template.feature
caller: classpath:InspireTest/ngr/datasetrecords/check-known-dataset-record.feature
items: [{link=https://nationaalgeoregister.nl/geonetwork/srv/resources052a3480-1031-4d29-ba55-01672e2c50d9}]
errors:
-------
feature call (loop) failed at index: 0
caller: classpath:InspireTest/ngr/datasetrecords/def/checkxlinkurl.template.feature
arg: {"link":"https://nationaalgeoregister.nl/geonetwork/srv/resources052a3480-1031-4d29-ba55-01672e2c50d9"}
checkxlinkurl.template.feature:15 - status code was: 404, expected: 200, response time: 280, url: https://nationaalgeoregister.nl/geonetwork/srv/resources052a3480-1031-4d29-ba55-01672e2c50d9, response: 
[1.130:16] check-known-dataset-record.feature:79 - feature call (loop) failed: classpath:InspireTest/ngr/datasetrecords/def/checkxlinkurl.template.feature
caller: classpath:InspireTest/ngr/datasetrecords/check-known-dataset-record.feature
items: [{link=}]
errors:
-------
feature call (loop) failed at index: 0
caller: classpath:InspireTest/ngr/datasetrecords/def/checkxlinkurl.template.feature
arg: {"link":""}
checkxlinkurl.template.feature:14 - 
org.apache.http.client.ClientProtocolException
[1.131:16] check-known-dataset-record.feature:79 - feature call (loop) failed: classpath:InspireTest/ngr/datasetrecords/def/checkxlinkurl.template.feature
caller: classpath:InspireTest/ngr/datasetrecords/check-known-dataset-record.feature
items: [{link=http://www.opengis.net/def/crs/EPSG/0/http://www.opengis.net/def/crs/EPSG/0/3034}, {link=http://nationaalgeoregister.nl/geonetwork/srv/dut/csw?SERVICE=CSW&version=2.0.2&REQUEST=GetRecordById&elementSetName=full&OutputSchema=http://www.isotc211.org/2005/gmd&ID=ca94a0cb-7561-4a10-a7d6-b840e56c33ff}, {link=https://creativecommons.org/publicdomain/mark/*/deed.nl}, {link=}]
errors:
-------
feature call (loop) failed at index: 2
caller: classpath:InspireTest/ngr/datasetrecords/def/checkxlinkurl.template.feature
arg: {"link":"https://creativecommons.org/publicdomain/mark/*/deed.nl"}
checkxlinkurl.template.feature:15 - status code was: 404, expected: 200, response time: 40, url: https://creativecommons.org/publicdomain/mark/*/deed.nl, response: 
-------
feature call (loop) failed at index: 3
caller: classpath:InspireTest/ngr/datasetrecords/def/checkxlinkurl.template.feature
arg: {"link":""}
checkxlinkurl.template.feature:14 - 
org.apache.http.client.ClientProtocolException
[1.132:16] check-known-dataset-record.feature:79 - feature call (loop) failed: classpath:InspireTest/ngr/datasetrecords/def/checkxlinkurl.template.feature
caller: classpath:InspireTest/ngr/datasetrecords/check-known-dataset-record.feature
items: [{link=http://www.opengis.net/def/crs/EPSG/0/http://www.opengis.net/def/crs/EPSG/0/3034}, {link=http://nationaalgeoregister.nl/geonetwork/srv/dut/csw?SERVICE=CSW&version=2.0.2&REQUEST=GetRecordById&elementSetName=full&OutputSchema=http://www.isotc211.org/2005/gmd&ID=998ba1dc-f6a6-49a3-a021-51f30d9b1d0e}, {link=https://creativecommons.org/publicdomain/mark/*/deed.nl}, {link=}]
errors:
-------
feature call (loop) failed at index: 2
caller: classpath:InspireTest/ngr/datasetrecords/def/checkxlinkurl.template.feature
arg: {"link":"https://creativecommons.org/publicdomain/mark/*/deed.nl"}
checkxlinkurl.template.feature:15 - status code was: 404, expected: 200, response time: 34, url: https://creativecommons.org/publicdomain/mark/*/deed.nl, response: 
-------
feature call (loop) failed at index: 3
caller: classpath:InspireTest/ngr/datasetrecords/def/checkxlinkurl.template.feature
arg: {"link":""}
checkxlinkurl.template.feature:14 - 
org.apache.http.client.ClientProtocolException
[1.133:16] check-known-dataset-record.feature:79 - feature call (loop) failed: classpath:InspireTest/ngr/datasetrecords/def/checkxlinkurl.template.feature
caller: classpath:InspireTest/ngr/datasetrecords/check-known-dataset-record.feature
items: [{link=http://www.opengis.net/def/crs/EPSG/0/http://www.opengis.net/def/crs/EPSG/0/3034}, {link=http://nationaalgeoregister.nl/geonetwork/srv/dut/csw?SERVICE=CSW&version=2.0.2&REQUEST=GetRecordById&elementSetName=full&OutputSchema=http://www.isotc211.org/2005/gmd&ID=49ab8bee-b467-486a-96ca-b950443c453a}, {link=https://creativecommons.org/publicdomain/mark/*/deed.nl}, {link=}]
errors:
-------
feature call (loop) failed at index: 2
caller: classpath:InspireTest/ngr/datasetrecords/def/checkxlinkurl.template.feature
arg: {"link":"https://creativecommons.org/publicdomain/mark/*/deed.nl"}
checkxlinkurl.template.feature:15 - status code was: 404, expected: 200, response time: 34, url: https://creativecommons.org/publicdomain/mark/*/deed.nl, response: 
-------
feature call (loop) failed at index: 3
caller: classpath:InspireTest/ngr/datasetrecords/def/checkxlinkurl.template.feature
arg: {"link":""}
checkxlinkurl.template.feature:14 - 
org.apache.http.client.ClientProtocolException
[1.134:16] check-known-dataset-record.feature:79 - feature call (loop) failed: classpath:InspireTest/ngr/datasetrecords/def/checkxlinkurl.template.feature
caller: classpath:InspireTest/ngr/datasetrecords/check-known-dataset-record.feature
items: [{link=http://www.opengis.net/def/crs/EPSG/0/http://www.opengis.net/def/crs/EPSG/0/3034}, {link=http://nationaalgeoregister.nl/geonetwork/srv/dut/csw?SERVICE=CSW&version=2.0.2&REQUEST=GetRecordById&elementSetName=full&OutputSchema=http://www.isotc211.org/2005/gmd&ID=c7d8d77b-8c47-4309-8c58-9b12b086407f}, {link=https://creativecommons.org/publicdomain/mark/*/deed.nl}, {link=}]
errors:
-------
feature call (loop) failed at index: 2
caller: classpath:InspireTest/ngr/datasetrecords/def/checkxlinkurl.template.feature
arg: {"link":"https://creativecommons.org/publicdomain/mark/*/deed.nl"}
checkxlinkurl.template.feature:15 - status code was: 404, expected: 200, response time: 54, url: https://creativecommons.org/publicdomain/mark/*/deed.nl, response: 
-------
feature call (loop) failed at index: 3
caller: classpath:InspireTest/ngr/datasetrecords/def/checkxlinkurl.template.feature
arg: {"link":""}
checkxlinkurl.template.feature:14 - 
org.apache.http.client.ClientProtocolException
[1.135:16] check-known-dataset-record.feature:79 - feature call (loop) failed: classpath:InspireTest/ngr/datasetrecords/def/checkxlinkurl.template.feature
caller: classpath:InspireTest/ngr/datasetrecords/check-known-dataset-record.feature
items: [{link=https://www.nationaalgeoregister.nl/geonetwork/srv/dut/catalog.search#/metadata/710c381c-ab2d-45d5-a45d-af2eba811e5f}, {link=http://rdfdata.eionet.europa.eu/inspirethemes/themes/8}, {link=urn:ogc:def:crs:EPSG::5709}]
errors:
-------
feature call (loop) failed at index: 1
caller: classpath:InspireTest/ngr/datasetrecords/def/checkxlinkurl.template.feature
arg: {"link":"http://rdfdata.eionet.europa.eu/inspirethemes/themes/8"}
checkxlinkurl.template.feature:15 - status code was: 404, expected: 200, response time: 202, url: http://rdfdata.eionet.europa.eu/inspirethemes/themes/8, response: 
-------
feature call (loop) failed at index: 2
caller: classpath:InspireTest/ngr/datasetrecords/def/checkxlinkurl.template.feature
arg: {"link":"urn:ogc:def:crs:EPSG::5709"}
checkxlinkurl.template.feature:14 - 
org.apache.http.client.ClientProtocolException: URI does not specify a valid host name: urn:ogc:def:crs:EPSG::5709
[1.136:16] check-known-dataset-record.feature:79 - feature call (loop) failed: classpath:InspireTest/ngr/datasetrecords/def/checkxlinkurl.template.feature
caller: classpath:InspireTest/ngr/datasetrecords/check-known-dataset-record.feature
items: [{link=http://www.opengis.net/def/crs/EPSG/0/http://www.opengis.net/def/crs/EPSG/0/3034}, {link=http://nationaalgeoregister.nl/geonetwork/srv/dut/csw?SERVICE=CSW&version=2.0.2&REQUEST=GetRecordById&elementSetName=full&OutputSchema=http://www.isotc211.org/2005/gmd&ID=60a2a7c2-d5b3-4ad5-b562-c448695357fb}, {link=https://creativecommons.org/publicdomain/mark/*/deed.nl}, {link=}]
errors:
-------
feature call (loop) failed at index: 2
caller: classpath:InspireTest/ngr/datasetrecords/def/checkxlinkurl.template.feature
arg: {"link":"https://creativecommons.org/publicdomain/mark/*/deed.nl"}
checkxlinkurl.template.feature:15 - status code was: 404, expected: 200, response time: 71, url: https://creativecommons.org/publicdomain/mark/*/deed.nl, response: 
-------
feature call (loop) failed at index: 3
caller: classpath:InspireTest/ngr/datasetrecords/def/checkxlinkurl.template.feature
arg: {"link":""}
checkxlinkurl.template.feature:14 - 
org.apache.http.client.ClientProtocolException
[1.137:16] check-known-dataset-record.feature:79 - feature call (loop) failed: classpath:InspireTest/ngr/datasetrecords/def/checkxlinkurl.template.feature
caller: classpath:InspireTest/ngr/datasetrecords/check-known-dataset-record.feature
items: [{link=http://www.opengis.net/def/crs/EPSG/0/http://www.opengis.net/def/crs/EPSG/0/3034}, {link=http://nationaalgeoregister.nl/geonetwork/srv/dut/csw?SERVICE=CSW&version=2.0.2&REQUEST=GetRecordById&elementSetName=full&OutputSchema=http://www.isotc211.org/2005/gmd&ID=f002bfc5-7d87-46b6-819e-8415422b65c9}, {link=https://creativecommons.org/publicdomain/mark/*/deed.nl}, {link=}]
errors:
-------
feature call (loop) failed at index: 2
caller: classpath:InspireTest/ngr/datasetrecords/def/checkxlinkurl.template.feature
arg: {"link":"https://creativecommons.org/publicdomain/mark/*/deed.nl"}
checkxlinkurl.template.feature:15 - status code was: 404, expected: 200, response time: 35, url: https://creativecommons.org/publicdomain/mark/*/deed.nl, response: 
-------
feature call (loop) failed at index: 3
caller: classpath:InspireTest/ngr/datasetrecords/def/checkxlinkurl.template.feature
arg: {"link":""}
checkxlinkurl.template.feature:14 - 
org.apache.http.client.ClientProtocolException
[1.138:16] check-known-dataset-record.feature:79 - feature call (loop) failed: classpath:InspireTest/ngr/datasetrecords/def/checkxlinkurl.template.feature
caller: classpath:InspireTest/ngr/datasetrecords/check-known-dataset-record.feature
items: [{link=http://www.opengis.net/def/crs/EPSG/0/http://www.opengis.net/def/crs/EPSG/0/3034}, {link=http://nationaalgeoregister.nl/geonetwork/srv/dut/csw?SERVICE=CSW&version=2.0.2&REQUEST=GetRecordById&elementSetName=full&OutputSchema=http://www.isotc211.org/2005/gmd&ID=cc408b2d-09a6-4b2b-9aa3-b46bfe2f00a5}, {link=https://creativecommons.org/publicdomain/mark/*/deed.nl}, {link=}]
errors:
-------
feature call (loop) failed at index: 2
caller: classpath:InspireTest/ngr/datasetrecords/def/checkxlinkurl.template.feature
arg: {"link":"https://creativecommons.org/publicdomain/mark/*/deed.nl"}
checkxlinkurl.template.feature:15 - status code was: 404, expected: 200, response time: 34, url: https://creativecommons.org/publicdomain/mark/*/deed.nl, response: 
-------
feature call (loop) failed at index: 3
caller: classpath:InspireTest/ngr/datasetrecords/def/checkxlinkurl.template.feature
arg: {"link":""}
checkxlinkurl.template.feature:14 - 
org.apache.http.client.ClientProtocolException
[1.139:16] check-known-dataset-record.feature:79 - feature call (loop) failed: classpath:InspireTest/ngr/datasetrecords/def/checkxlinkurl.template.feature
caller: classpath:InspireTest/ngr/datasetrecords/check-known-dataset-record.feature
items: [{link=https://www.nationaalgeoregister.nl/geonetwork/srv/dut/catalog.search#/metadata/110f9ec6-4464-462e-9765-83d90cefbeag}, {link=http://rdfdata.eionet.europa.eu/inspirethemes/themes/24}, {link=https://ngr.geocat.live/geonetwork/srv/eng/thesaurus.download?ref=external.theme.httpinspireeceuropaeumetadatacodelistPrioritydataset-Prioritydataset}, {link=urn:ogc:def:crs:EPSG::5709}]
errors:
-------
feature call (loop) failed at index: 1
caller: classpath:InspireTest/ngr/datasetrecords/def/checkxlinkurl.template.feature
arg: {"link":"http://rdfdata.eionet.europa.eu/inspirethemes/themes/24"}
checkxlinkurl.template.feature:15 - status code was: 404, expected: 200, response time: 200, url: http://rdfdata.eionet.europa.eu/inspirethemes/themes/24, response: 
-------
feature call (loop) failed at index: 2
caller: classpath:InspireTest/ngr/datasetrecords/def/checkxlinkurl.template.feature
arg: {"link":"https://ngr.geocat.live/geonetwork/srv/eng/thesaurus.download?ref=external.theme.httpinspireeceuropaeumetadatacodelistPrioritydataset-Prioritydataset"}
checkxlinkurl.template.feature:15 - status code was: 500, expected: 200, response time: 368, url: https://ngr.geocat.live/geonetwork/srv/eng/thesaurus.download?ref=external.theme.httpinspireeceuropaeumetadatacodelistPrioritydataset-Prioritydataset, response: 
-------
feature call (loop) failed at index: 3
caller: classpath:InspireTest/ngr/datasetrecords/def/checkxlinkurl.template.feature
arg: {"link":"urn:ogc:def:crs:EPSG::5709"}
checkxlinkurl.template.feature:14 - 
org.apache.http.client.ClientProtocolException: URI does not specify a valid host name: urn:ogc:def:crs:EPSG::5709
[1.140:16] check-known-dataset-record.feature:79 - feature call (loop) failed: classpath:InspireTest/ngr/datasetrecords/def/checkxlinkurl.template.feature
caller: classpath:InspireTest/ngr/datasetrecords/check-known-dataset-record.feature
items: [{link=http://www.opengis.net/def/crs/EPSG/0/http://www.opengis.net/def/crs/EPSG/0/3034}, {link=http://nationaalgeoregister.nl/geonetwork/srv/dut/csw?SERVICE=CSW&version=2.0.2&REQUEST=GetRecordById&elementSetName=full&OutputSchema=http://www.isotc211.org/2005/gmd&ID=f0821bfe-5a0a-11e9-8647-d663bd873d93}, {link=https://creativecommons.org/publicdomain/mark/*/deed.nl}, {link=}]
errors:
-------
feature call (loop) failed at index: 2
caller: classpath:InspireTest/ngr/datasetrecords/def/checkxlinkurl.template.feature
arg: {"link":"https://creativecommons.org/publicdomain/mark/*/deed.nl"}
checkxlinkurl.template.feature:15 - status code was: 404, expected: 200, response time: 55, url: https://creativecommons.org/publicdomain/mark/*/deed.nl, response: 
-------
feature call (loop) failed at index: 3
caller: classpath:InspireTest/ngr/datasetrecords/def/checkxlinkurl.template.feature
arg: {"link":""}
checkxlinkurl.template.feature:14 - 
org.apache.http.client.ClientProtocolException
[1.141:16] check-known-dataset-record.feature:79 - feature call (loop) failed: classpath:InspireTest/ngr/datasetrecords/def/checkxlinkurl.template.feature
caller: classpath:InspireTest/ngr/datasetrecords/check-known-dataset-record.feature
items: [{link=https://www.nationaalgeoregister.nl/geonetwork/srv/dut/catalog.search#/metadata/10f9ec6-4464-462e-9765-83d90cefbeab}, {link=http://rdfdata.eionet.europa.eu/inspirethemes/themes/24}, {link=https://ngr.geocat.live/geonetwork/srv/eng/thesaurus.download?ref=external.theme.httpinspireeceuropaeumetadatacodelistPrioritydataset-Prioritydataset}, {link=urn:ogc:def:crs:EPSG::5709}]
errors:
-------
feature call (loop) failed at index: 1
caller: classpath:InspireTest/ngr/datasetrecords/def/checkxlinkurl.template.feature
arg: {"link":"http://rdfdata.eionet.europa.eu/inspirethemes/themes/24"}
checkxlinkurl.template.feature:15 - status code was: 404, expected: 200, response time: 199, url: http://rdfdata.eionet.europa.eu/inspirethemes/themes/24, response: 
-------
feature call (loop) failed at index: 2
caller: classpath:InspireTest/ngr/datasetrecords/def/checkxlinkurl.template.feature
arg: {"link":"https://ngr.geocat.live/geonetwork/srv/eng/thesaurus.download?ref=external.theme.httpinspireeceuropaeumetadatacodelistPrioritydataset-Prioritydataset"}
checkxlinkurl.template.feature:15 - status code was: 500, expected: 200, response time: 374, url: https://ngr.geocat.live/geonetwork/srv/eng/thesaurus.download?ref=external.theme.httpinspireeceuropaeumetadatacodelistPrioritydataset-Prioritydataset, response: 
-------
feature call (loop) failed at index: 3
caller: classpath:InspireTest/ngr/datasetrecords/def/checkxlinkurl.template.feature
arg: {"link":"urn:ogc:def:crs:EPSG::5709"}
checkxlinkurl.template.feature:14 - 
org.apache.http.client.ClientProtocolException: URI does not specify a valid host name: urn:ogc:def:crs:EPSG::5709
[1.142:16] check-known-dataset-record.feature:79 - feature call (loop) failed: classpath:InspireTest/ngr/datasetrecords/def/checkxlinkurl.template.feature
caller: classpath:InspireTest/ngr/datasetrecords/check-known-dataset-record.feature
items: [{link=https://www.nationaalgeoregister.nl/geonetwork/srv/dut/catalog.search#/metadata/2e31680f-68b5-4ff3-94a4-9c24109ffd5e}, {link=http://rdfdata.eionet.europa.eu/inspirethemes/themes/24}, {link=https://ngr.geocat.live/geonetwork/srv/eng/thesaurus.download?ref=external.theme.httpinspireeceuropaeumetadatacodelistPrioritydataset-Prioritydataset}, {link=urn:ogc:def:crs:EPSG::5709}]
errors:
-------
feature call (loop) failed at index: 1
caller: classpath:InspireTest/ngr/datasetrecords/def/checkxlinkurl.template.feature
arg: {"link":"http://rdfdata.eionet.europa.eu/inspirethemes/themes/24"}
checkxlinkurl.template.feature:15 - status code was: 404, expected: 200, response time: 200, url: http://rdfdata.eionet.europa.eu/inspirethemes/themes/24, response: 
-------
feature call (loop) failed at index: 2
caller: classpath:InspireTest/ngr/datasetrecords/def/checkxlinkurl.template.feature
arg: {"link":"https://ngr.geocat.live/geonetwork/srv/eng/thesaurus.download?ref=external.theme.httpinspireeceuropaeumetadatacodelistPrioritydataset-Prioritydataset"}
checkxlinkurl.template.feature:15 - status code was: 500, expected: 200, response time: 308, url: https://ngr.geocat.live/geonetwork/srv/eng/thesaurus.download?ref=external.theme.httpinspireeceuropaeumetadatacodelistPrioritydataset-Prioritydataset, response: 
-------
feature call (loop) failed at index: 3
caller: classpath:InspireTest/ngr/datasetrecords/def/checkxlinkurl.template.feature
arg: {"link":"urn:ogc:def:crs:EPSG::5709"}
checkxlinkurl.template.feature:14 - 
org.apache.http.client.ClientProtocolException: URI does not specify a valid host name: urn:ogc:def:crs:EPSG::5709
[1.143:16] check-known-dataset-record.feature:79 - feature call (loop) failed: classpath:InspireTest/ngr/datasetrecords/def/checkxlinkurl.template.feature
caller: classpath:InspireTest/ngr/datasetrecords/check-known-dataset-record.feature
items: [{link=https://www.nationaalgeoregister.nl/geonetwork/srv/dut/catalog.search#/metadata/622a632a-c57b-44a2-83a4-e51223d5f15g}, {link=http://rdfdata.eionet.europa.eu/inspirethemes/themes/24}, {link=https://ngr.geocat.live/geonetwork/srv/eng/thesaurus.download?ref=external.theme.httpinspireeceuropaeumetadatacodelistPrioritydataset-Prioritydataset}, {link=urn:ogc:def:crs:EPSG::5709}]
errors:
-------
feature call (loop) failed at index: 1
caller: classpath:InspireTest/ngr/datasetrecords/def/checkxlinkurl.template.feature
arg: {"link":"http://rdfdata.eionet.europa.eu/inspirethemes/themes/24"}
checkxlinkurl.template.feature:15 - status code was: 404, expected: 200, response time: 200, url: http://rdfdata.eionet.europa.eu/inspirethemes/themes/24, response: 
-------
feature call (loop) failed at index: 2
caller: classpath:InspireTest/ngr/datasetrecords/def/checkxlinkurl.template.feature
arg: {"link":"https://ngr.geocat.live/geonetwork/srv/eng/thesaurus.download?ref=external.theme.httpinspireeceuropaeumetadatacodelistPrioritydataset-Prioritydataset"}
checkxlinkurl.template.feature:15 - status code was: 500, expected: 200, response time: 316, url: https://ngr.geocat.live/geonetwork/srv/eng/thesaurus.download?ref=external.theme.httpinspireeceuropaeumetadatacodelistPrioritydataset-Prioritydataset, response: 
-------
feature call (loop) failed at index: 3
caller: classpath:InspireTest/ngr/datasetrecords/def/checkxlinkurl.template.feature
arg: {"link":"urn:ogc:def:crs:EPSG::5709"}
checkxlinkurl.template.feature:14 - 
org.apache.http.client.ClientProtocolException: URI does not specify a valid host name: urn:ogc:def:crs:EPSG::5709
[1.144:16] check-known-dataset-record.feature:79 - feature call (loop) failed: classpath:InspireTest/ngr/datasetrecords/def/checkxlinkurl.template.feature
caller: classpath:InspireTest/ngr/datasetrecords/check-known-dataset-record.feature
items: [{link=https://www.nationaalgeoregister.nl/geonetwork/srv/dut/catalog.search#/metadata/krw-f7bb2351-9788-42ea-a58b-a5ee1842304e}, {link=http://rdfdata.eionet.europa.eu/inspirethemes/themes/24}, {link=https://ngr.geocat.live/geonetwork/srv/eng/thesaurus.download?ref=external.theme.httpinspireeceuropaeumetadatacodelistPrioritydataset-Prioritydataset}, {link=urn:ogc:def:crs:EPSG::5709}]
errors:
-------
feature call (loop) failed at index: 1
caller: classpath:InspireTest/ngr/datasetrecords/def/checkxlinkurl.template.feature
arg: {"link":"http://rdfdata.eionet.europa.eu/inspirethemes/themes/24"}
checkxlinkurl.template.feature:15 - status code was: 404, expected: 200, response time: 201, url: http://rdfdata.eionet.europa.eu/inspirethemes/themes/24, response: 
-------
feature call (loop) failed at index: 2
caller: classpath:InspireTest/ngr/datasetrecords/def/checkxlinkurl.template.feature
arg: {"link":"https://ngr.geocat.live/geonetwork/srv/eng/thesaurus.download?ref=external.theme.httpinspireeceuropaeumetadatacodelistPrioritydataset-Prioritydataset"}
checkxlinkurl.template.feature:15 - status code was: 500, expected: 200, response time: 322, url: https://ngr.geocat.live/geonetwork/srv/eng/thesaurus.download?ref=external.theme.httpinspireeceuropaeumetadatacodelistPrioritydataset-Prioritydataset, response: 
-------
feature call (loop) failed at index: 3
caller: classpath:InspireTest/ngr/datasetrecords/def/checkxlinkurl.template.feature
arg: {"link":"urn:ogc:def:crs:EPSG::5709"}
checkxlinkurl.template.feature:14 - 
org.apache.http.client.ClientProtocolException: URI does not specify a valid host name: urn:ogc:def:crs:EPSG::5709
[1.145:16] check-known-dataset-record.feature:47 - xpath does not exist: /GetRecordByIdResponse//@href on response
[1.146:16] check-known-dataset-record.feature:79 - feature call (loop) failed: classpath:InspireTest/ngr/datasetrecords/def/checkxlinkurl.template.feature
caller: classpath:InspireTest/ngr/datasetrecords/check-known-dataset-record.feature
items: [{link=https://www.nationaalgeoregister.nl/geonetwork/srv/dut/catalog.search#/metadata/110f9ec6-4464-462e-9765-83d90cefbead}, {link=http://rdfdata.eionet.europa.eu/inspirethemes/themes/24}, {link=https://ngr.geocat.live/geonetwork/srv/eng/thesaurus.download?ref=external.theme.httpinspireeceuropaeumetadatacodelistPrioritydataset-Prioritydataset}]
errors:
-------
feature call (loop) failed at index: 1
caller: classpath:InspireTest/ngr/datasetrecords/def/checkxlinkurl.template.feature
arg: {"link":"http://rdfdata.eionet.europa.eu/inspirethemes/themes/24"}
checkxlinkurl.template.feature:15 - status code was: 404, expected: 200, response time: 200, url: http://rdfdata.eionet.europa.eu/inspirethemes/themes/24, response: 
-------
feature call (loop) failed at index: 2
caller: classpath:InspireTest/ngr/datasetrecords/def/checkxlinkurl.template.feature
arg: {"link":"https://ngr.geocat.live/geonetwork/srv/eng/thesaurus.download?ref=external.theme.httpinspireeceuropaeumetadatacodelistPrioritydataset-Prioritydataset"}
checkxlinkurl.template.feature:15 - status code was: 500, expected: 200, response time: 326, url: https://ngr.geocat.live/geonetwork/srv/eng/thesaurus.download?ref=external.theme.httpinspireeceuropaeumetadatacodelistPrioritydataset-Prioritydataset, response: 
[1.147:16] check-known-dataset-record.feature:79 - feature call (loop) failed: classpath:InspireTest/ngr/datasetrecords/def/checkxlinkurl.template.feature
caller: classpath:InspireTest/ngr/datasetrecords/check-known-dataset-record.feature
items: [{link=http://www.opengis.net/def/crs/EPSG/0/https://www.opengis.net/def/crs/EPSG/0/4258}, {link=https://www.nationaalgeoregister.nl/geonetwork/srv/api/recordsbb11be63-bd38-4632-bf54-df44c423a529}]
errors:
-------
feature call (loop) failed at index: 1
caller: classpath:InspireTest/ngr/datasetrecords/def/checkxlinkurl.template.feature
arg: {"link":"https://www.nationaalgeoregister.nl/geonetwork/srv/api/recordsbb11be63-bd38-4632-bf54-df44c423a529"}
checkxlinkurl.template.feature:15 - status code was: 500, expected: 200, response time: 477, url: https://www.nationaalgeoregister.nl/geonetwork/srv/api/recordsbb11be63-bd38-4632-bf54-df44c423a529, response: 
[1.148:16] check-known-dataset-record.feature:79 - feature call (loop) failed: classpath:InspireTest/ngr/datasetrecords/def/checkxlinkurl.template.feature
caller: classpath:InspireTest/ngr/datasetrecords/check-known-dataset-record.feature
items: [{link=https://www.nationaalgeoregister.nl/geonetwork/srv/dut/catalog.search#/metadata/krw2006-c57b-44a2-83a4-e51223d5f15g}, {link=http://rdfdata.eionet.europa.eu/inspirethemes/themes/24}, {link=https://ngr.geocat.live/geonetwork/srv/eng/thesaurus.download?ref=external.theme.httpinspireeceuropaeumetadatacodelistPrioritydataset-Prioritydataset}, {link=urn:ogc:def:crs:EPSG::5709}]
errors:
-------
feature call (loop) failed at index: 1
caller: classpath:InspireTest/ngr/datasetrecords/def/checkxlinkurl.template.feature
arg: {"link":"http://rdfdata.eionet.europa.eu/inspirethemes/themes/24"}
checkxlinkurl.template.feature:15 - status code was: 404, expected: 200, response time: 200, url: http://rdfdata.eionet.europa.eu/inspirethemes/themes/24, response: 
-------
feature call (loop) failed at index: 2
caller: classpath:InspireTest/ngr/datasetrecords/def/checkxlinkurl.template.feature
arg: {"link":"https://ngr.geocat.live/geonetwork/srv/eng/thesaurus.download?ref=external.theme.httpinspireeceuropaeumetadatacodelistPrioritydataset-Prioritydataset"}
checkxlinkurl.template.feature:15 - status code was: 500, expected: 200, response time: 440, url: https://ngr.geocat.live/geonetwork/srv/eng/thesaurus.download?ref=external.theme.httpinspireeceuropaeumetadatacodelistPrioritydataset-Prioritydataset, response: 
-------
feature call (loop) failed at index: 3
caller: classpath:InspireTest/ngr/datasetrecords/def/checkxlinkurl.template.feature
arg: {"link":"urn:ogc:def:crs:EPSG::5709"}
checkxlinkurl.template.feature:14 - 
org.apache.http.client.ClientProtocolException: URI does not specify a valid host name: urn:ogc:def:crs:EPSG::5709
[1.149:16] check-known-dataset-record.feature:79 - feature call (loop) failed: classpath:InspireTest/ngr/datasetrecords/def/checkxlinkurl.template.feature
caller: classpath:InspireTest/ngr/datasetrecords/check-known-dataset-record.feature
items: [{link=https://www.nationaalgeoregister.nl/geonetwork/srv/dut/catalog.search#/metadata/krm-a905-9d8e-4758-83fa-28b057f185e3}, {link=http://rdfdata.eionet.europa.eu/inspirethemes/themes/24}, {link=https://ngr.geocat.live/geonetwork/srv/eng/thesaurus.download?ref=external.theme.httpinspireeceuropaeumetadatacodelistPrioritydataset-Prioritydataset}]
errors:
-------
feature call (loop) failed at index: 1
caller: classpath:InspireTest/ngr/datasetrecords/def/checkxlinkurl.template.feature
arg: {"link":"http://rdfdata.eionet.europa.eu/inspirethemes/themes/24"}
checkxlinkurl.template.feature:15 - status code was: 404, expected: 200, response time: 200, url: http://rdfdata.eionet.europa.eu/inspirethemes/themes/24, response: 
-------
feature call (loop) failed at index: 2
caller: classpath:InspireTest/ngr/datasetrecords/def/checkxlinkurl.template.feature
arg: {"link":"https://ngr.geocat.live/geonetwork/srv/eng/thesaurus.download?ref=external.theme.httpinspireeceuropaeumetadatacodelistPrioritydataset-Prioritydataset"}
checkxlinkurl.template.feature:15 - status code was: 500, expected: 200, response time: 470, url: https://ngr.geocat.live/geonetwork/srv/eng/thesaurus.download?ref=external.theme.httpinspireeceuropaeumetadatacodelistPrioritydataset-Prioritydataset, response: 
[1.150:16] check-known-dataset-record.feature:79 - feature call (loop) failed: classpath:InspireTest/ngr/datasetrecords/def/checkxlinkurl.template.feature
caller: classpath:InspireTest/ngr/datasetrecords/check-known-dataset-record.feature
items: [{link=https://www.nationaalgeoregister.nl/geonetwork/srv/dut/catalog.search#/metadata/krm-a905-9d8e-4758-83fa-28b057f185e4}, {link=http://rdfdata.eionet.europa.eu/inspirethemes/themes/24}, {link=https://ngr.geocat.live/geonetwork/srv/eng/thesaurus.download?ref=external.theme.httpinspireeceuropaeumetadatacodelistPrioritydataset-Prioritydataset}]
errors:
-------
feature call (loop) failed at index: 1
caller: classpath:InspireTest/ngr/datasetrecords/def/checkxlinkurl.template.feature
arg: {"link":"http://rdfdata.eionet.europa.eu/inspirethemes/themes/24"}
checkxlinkurl.template.feature:15 - status code was: 404, expected: 200, response time: 200, url: http://rdfdata.eionet.europa.eu/inspirethemes/themes/24, response: 
-------
feature call (loop) failed at index: 2
caller: classpath:InspireTest/ngr/datasetrecords/def/checkxlinkurl.template.feature
arg: {"link":"https://ngr.geocat.live/geonetwork/srv/eng/thesaurus.download?ref=external.theme.httpinspireeceuropaeumetadatacodelistPrioritydataset-Prioritydataset"}
checkxlinkurl.template.feature:15 - status code was: 500, expected: 200, response time: 345, url: https://ngr.geocat.live/geonetwork/srv/eng/thesaurus.download?ref=external.theme.httpinspireeceuropaeumetadatacodelistPrioritydataset-Prioritydataset, response: 
[1.151:16] check-known-dataset-record.feature:79 - feature call (loop) failed: classpath:InspireTest/ngr/datasetrecords/def/checkxlinkurl.template.feature
caller: classpath:InspireTest/ngr/datasetrecords/check-known-dataset-record.feature
items: [{link=https://www.nationaalgeoregister.nl/geonetwork/srv/dut/catalog.search#/metadata/110f9ec6-4464-462e-9765-83d90cefbeac}, {link=http://rdfdata.eionet.europa.eu/inspirethemes/themes/24}, {link=https://ngr.geocat.live/geonetwork/srv/eng/thesaurus.download?ref=external.theme.httpinspireeceuropaeumetadatacodelistPrioritydataset-Prioritydataset}]
errors:
-------
feature call (loop) failed at index: 1
caller: classpath:InspireTest/ngr/datasetrecords/def/checkxlinkurl.template.feature
arg: {"link":"http://rdfdata.eionet.europa.eu/inspirethemes/themes/24"}
checkxlinkurl.template.feature:15 - status code was: 404, expected: 200, response time: 200, url: http://rdfdata.eionet.europa.eu/inspirethemes/themes/24, response: 
-------
feature call (loop) failed at index: 2
caller: classpath:InspireTest/ngr/datasetrecords/def/checkxlinkurl.template.feature
arg: {"link":"https://ngr.geocat.live/geonetwork/srv/eng/thesaurus.download?ref=external.theme.httpinspireeceuropaeumetadatacodelistPrioritydataset-Prioritydataset"}
checkxlinkurl.template.feature:15 - status code was: 500, expected: 200, response time: 325, url: https://ngr.geocat.live/geonetwork/srv/eng/thesaurus.download?ref=external.theme.httpinspireeceuropaeumetadatacodelistPrioritydataset-Prioritydataset, response: 
[1.152:16] check-known-dataset-record.feature:79 - feature call (loop) failed: classpath:InspireTest/ngr/datasetrecords/def/checkxlinkurl.template.feature
caller: classpath:InspireTest/ngr/datasetrecords/check-known-dataset-record.feature
items: [{link=https://www.nationaalgeoregister.nl/geonetwork/srv/dut/catalog.search#/metadata/krw-782cab20-8328-45f1-a9b2-c27d07c14066}, {link=http://rdfdata.eionet.europa.eu/inspirethemes/themes/24}, {link=https://ngr.geocat.live/geonetwork/srv/eng/thesaurus.download?ref=external.theme.httpinspireeceuropaeumetadatacodelistPrioritydataset-Prioritydataset}, {link=urn:ogc:def:crs:EPSG::5709}]
errors:
-------
feature call (loop) failed at index: 1
caller: classpath:InspireTest/ngr/datasetrecords/def/checkxlinkurl.template.feature
arg: {"link":"http://rdfdata.eionet.europa.eu/inspirethemes/themes/24"}
checkxlinkurl.template.feature:15 - status code was: 404, expected: 200, response time: 200, url: http://rdfdata.eionet.europa.eu/inspirethemes/themes/24, response: 
-------
feature call (loop) failed at index: 2
caller: classpath:InspireTest/ngr/datasetrecords/def/checkxlinkurl.template.feature
arg: {"link":"https://ngr.geocat.live/geonetwork/srv/eng/thesaurus.download?ref=external.theme.httpinspireeceuropaeumetadatacodelistPrioritydataset-Prioritydataset"}
checkxlinkurl.template.feature:15 - status code was: 500, expected: 200, response time: 330, url: https://ngr.geocat.live/geonetwork/srv/eng/thesaurus.download?ref=external.theme.httpinspireeceuropaeumetadatacodelistPrioritydataset-Prioritydataset, response: 
-------
feature call (loop) failed at index: 3
caller: classpath:InspireTest/ngr/datasetrecords/def/checkxlinkurl.template.feature
arg: {"link":"urn:ogc:def:crs:EPSG::5709"}
checkxlinkurl.template.feature:14 - 
org.apache.http.client.ClientProtocolException: URI does not specify a valid host name: urn:ogc:def:crs:EPSG::5709
[1.153:16] check-known-dataset-record.feature:79 - feature call (loop) failed: classpath:InspireTest/ngr/datasetrecords/def/checkxlinkurl.template.feature
caller: classpath:InspireTest/ngr/datasetrecords/check-known-dataset-record.feature
items: [{link=https://www.nationaalgeoregister.nl/geonetwork/srv/dut/catalog.search#/metadata/891ddc2d-8949-4a45-be96-c65b87c41f13}, {link=http://rdfdata.eionet.europa.eu/inspirethemes/themes/20}, {link=https://ngr.geocat.live/geonetwork/srv/eng/thesaurus.download?ref=external.theme.httpinspireeceuropaeumetadatacodelistPrioritydataset-Prioritydataset}]
errors:
-------
feature call (loop) failed at index: 1
caller: classpath:InspireTest/ngr/datasetrecords/def/checkxlinkurl.template.feature
arg: {"link":"http://rdfdata.eionet.europa.eu/inspirethemes/themes/20"}
checkxlinkurl.template.feature:15 - status code was: 404, expected: 200, response time: 200, url: http://rdfdata.eionet.europa.eu/inspirethemes/themes/20, response: 
-------
feature call (loop) failed at index: 2
caller: classpath:InspireTest/ngr/datasetrecords/def/checkxlinkurl.template.feature
arg: {"link":"https://ngr.geocat.live/geonetwork/srv/eng/thesaurus.download?ref=external.theme.httpinspireeceuropaeumetadatacodelistPrioritydataset-Prioritydataset"}
checkxlinkurl.template.feature:15 - status code was: 500, expected: 200, response time: 336, url: https://ngr.geocat.live/geonetwork/srv/eng/thesaurus.download?ref=external.theme.httpinspireeceuropaeumetadatacodelistPrioritydataset-Prioritydataset, response: 
[1.154:16] check-known-dataset-record.feature:79 - feature call (loop) failed: classpath:InspireTest/ngr/datasetrecords/def/checkxlinkurl.template.feature
caller: classpath:InspireTest/ngr/datasetrecords/check-known-dataset-record.feature
items: [{link=http://kadaster/e2318c58-b1e6-4621-9c77-33b8a1fd0e76}]
errors:
-------
feature call (loop) failed at index: 0
caller: classpath:InspireTest/ngr/datasetrecords/def/checkxlinkurl.template.feature
arg: {"link":"http://kadaster/e2318c58-b1e6-4621-9c77-33b8a1fd0e76"}
checkxlinkurl.template.feature:14 - 
java.net.UnknownHostException: kadaster: Temporary failure in name resolution
[1.156:16] check-known-dataset-record.feature:79 - feature call (loop) failed: classpath:InspireTest/ngr/datasetrecords/def/checkxlinkurl.template.feature
caller: classpath:InspireTest/ngr/datasetrecords/check-known-dataset-record.feature
items: [{link=}]
errors:
-------
feature call (loop) failed at index: 0
caller: classpath:InspireTest/ngr/datasetrecords/def/checkxlinkurl.template.feature
arg: {"link":""}
checkxlinkurl.template.feature:14 - 
org.apache.http.client.ClientProtocolException
[1.157:16] check-known-dataset-record.feature:79 - feature call (loop) failed: classpath:InspireTest/ngr/datasetrecords/def/checkxlinkurl.template.feature
caller: classpath:InspireTest/ngr/datasetrecords/check-known-dataset-record.feature
items: [{link=http://services.rce.geovoorziening.nl/www/download/nl.xml}, {link=}, {link=}]
errors:
-------
feature call (loop) failed at index: 1
caller: classpath:InspireTest/ngr/datasetrecords/def/checkxlinkurl.template.feature
arg: {"link":""}
checkxlinkurl.template.feature:14 - 
org.apache.http.client.ClientProtocolException
-------
feature call (loop) failed at index: 2
caller: classpath:InspireTest/ngr/datasetrecords/def/checkxlinkurl.template.feature
arg: {"link":""}
checkxlinkurl.template.feature:14 - 
org.apache.http.client.ClientProtocolException
[1.158:16] check-known-dataset-record.feature:79 - feature call (loop) failed: classpath:InspireTest/ngr/datasetrecords/def/checkxlinkurl.template.feature
caller: classpath:InspireTest/ngr/datasetrecords/check-known-dataset-record.feature
items: [{link=https://www.nationaalgeoregister.nl/geonetwork/srv/dut/catalog.search#/metadata/a9b7026e-0a81-4813-93bd-ba49e6f28502}, {link=http://rdfdata.eionet.europa.eu/inspirethemes/themes/7}, {link=http://rdfdata.eionet.europa.eu/inspirethemes/themes/18}, {link=https://ngr.geocat.live/geonetwork/srv/eng/thesaurus.download?ref=external.theme.httpinspireeceuropaeumetadatacodelistPrioritydataset-Prioritydataset}, {link=urn:ogc:def:crs:EPSG::5709}]
errors:
-------
feature call (loop) failed at index: 1
caller: classpath:InspireTest/ngr/datasetrecords/def/checkxlinkurl.template.feature
arg: {"link":"http://rdfdata.eionet.europa.eu/inspirethemes/themes/7"}
checkxlinkurl.template.feature:15 - status code was: 404, expected: 200, response time: 274, url: http://rdfdata.eionet.europa.eu/inspirethemes/themes/7, response: 
-------
feature call (loop) failed at index: 2
caller: classpath:InspireTest/ngr/datasetrecords/def/checkxlinkurl.template.feature
arg: {"link":"http://rdfdata.eionet.europa.eu/inspirethemes/themes/18"}
checkxlinkurl.template.feature:15 - status code was: 404, expected: 200, response time: 200, url: http://rdfdata.eionet.europa.eu/inspirethemes/themes/18, response: 
-------
feature call (loop) failed at index: 3
caller: classpath:InspireTest/ngr/datasetrecords/def/checkxlinkurl.template.feature
arg: {"link":"https://ngr.geocat.live/geonetwork/srv/eng/thesaurus.download?ref=external.theme.httpinspireeceuropaeumetadatacodelistPrioritydataset-Prioritydataset"}
checkxlinkurl.template.feature:15 - status code was: 500, expected: 200, response time: 309, url: https://ngr.geocat.live/geonetwork/srv/eng/thesaurus.download?ref=external.theme.httpinspireeceuropaeumetadatacodelistPrioritydataset-Prioritydataset, response: 
-------
feature call (loop) failed at index: 4
caller: classpath:InspireTest/ngr/datasetrecords/def/checkxlinkurl.template.feature
arg: {"link":"urn:ogc:def:crs:EPSG::5709"}
checkxlinkurl.template.feature:14 - 
org.apache.http.client.ClientProtocolException: URI does not specify a valid host name: urn:ogc:def:crs:EPSG::5709
[1.161:16] check-known-dataset-record.feature:79 - feature call (loop) failed: classpath:InspireTest/ngr/datasetrecords/def/checkxlinkurl.template.feature
caller: classpath:InspireTest/ngr/datasetrecords/check-known-dataset-record.feature
items: [{link=}]
errors:
-------
feature call (loop) failed at index: 0
caller: classpath:InspireTest/ngr/datasetrecords/def/checkxlinkurl.template.feature
arg: {"link":""}
checkxlinkurl.template.feature:14 - 
org.apache.http.client.ClientProtocolException
[1.163:16] check-known-dataset-record.feature:79 - feature call (loop) failed: classpath:InspireTest/ngr/datasetrecords/def/checkxlinkurl.template.feature
caller: classpath:InspireTest/ngr/datasetrecords/check-known-dataset-record.feature
items: [{link=http://www.opengis.net/def/crs/EPSG/0/https://www.opengis.net/def/crs/EPSG/0/4258}, {link=https://www.nationaalgeoregister.nl/geonetwork/srv/api/records4cda487b-c467-490c-a843-6563fec016be}]
errors:
-------
feature call (loop) failed at index: 1
caller: classpath:InspireTest/ngr/datasetrecords/def/checkxlinkurl.template.feature
arg: {"link":"https://www.nationaalgeoregister.nl/geonetwork/srv/api/records4cda487b-c467-490c-a843-6563fec016be"}
checkxlinkurl.template.feature:15 - status code was: 500, expected: 200, response time: 449, url: https://www.nationaalgeoregister.nl/geonetwork/srv/api/records4cda487b-c467-490c-a843-6563fec016be, response: 
[1.164:16] check-known-dataset-record.feature:79 - feature call (loop) failed: classpath:InspireTest/ngr/datasetrecords/def/checkxlinkurl.template.feature
caller: classpath:InspireTest/ngr/datasetrecords/check-known-dataset-record.feature
items: [{link=https://www.nationaalgeoregister.nl/geonetwork/srv/dut/catalog.search#/metadata/ror-9d8e-4758-83fx-28b057f185e1}, {link=http://rdfdata.eionet.europa.eu/inspirethemes/themes/25}, {link=https://ngr.geocat.live/geonetwork/srv/eng/thesaurus.download?ref=external.theme.httpinspireeceuropaeumetadatacodelistPrioritydataset-Prioritydataset}, {link=urn:ogc:def:crs:EPSG::5709}]
errors:
-------
feature call (loop) failed at index: 1
caller: classpath:InspireTest/ngr/datasetrecords/def/checkxlinkurl.template.feature
arg: {"link":"http://rdfdata.eionet.europa.eu/inspirethemes/themes/25"}
checkxlinkurl.template.feature:15 - status code was: 404, expected: 200, response time: 200, url: http://rdfdata.eionet.europa.eu/inspirethemes/themes/25, response: 
-------
feature call (loop) failed at index: 2
caller: classpath:InspireTest/ngr/datasetrecords/def/checkxlinkurl.template.feature
arg: {"link":"https://ngr.geocat.live/geonetwork/srv/eng/thesaurus.download?ref=external.theme.httpinspireeceuropaeumetadatacodelistPrioritydataset-Prioritydataset"}
checkxlinkurl.template.feature:15 - status code was: 500, expected: 200, response time: 327, url: https://ngr.geocat.live/geonetwork/srv/eng/thesaurus.download?ref=external.theme.httpinspireeceuropaeumetadatacodelistPrioritydataset-Prioritydataset, response: 
-------
feature call (loop) failed at index: 3
caller: classpath:InspireTest/ngr/datasetrecords/def/checkxlinkurl.template.feature
arg: {"link":"urn:ogc:def:crs:EPSG::5709"}
checkxlinkurl.template.feature:14 - 
org.apache.http.client.ClientProtocolException: URI does not specify a valid host name: urn:ogc:def:crs:EPSG::5709
[1.165:16] check-known-dataset-record.feature:79 - feature call (loop) failed: classpath:InspireTest/ngr/datasetrecords/def/checkxlinkurl.template.feature
caller: classpath:InspireTest/ngr/datasetrecords/check-known-dataset-record.feature
items: [{link=https://www.nationaalgeoregister.nl/geonetwork/srv/dut/catalog.search#/metadata/ror-9d8e-4758-83fx-28b057f185g1}, {link=http://rdfdata.eionet.europa.eu/inspirethemes/themes/25}, {link=https://ngr.geocat.live/geonetwork/srv/eng/thesaurus.download?ref=external.theme.httpinspireeceuropaeumetadatacodelistPrioritydataset-Prioritydataset}, {link=urn:ogc:def:crs:EPSG::5709}]
errors:
-------
feature call (loop) failed at index: 1
caller: classpath:InspireTest/ngr/datasetrecords/def/checkxlinkurl.template.feature
arg: {"link":"http://rdfdata.eionet.europa.eu/inspirethemes/themes/25"}
checkxlinkurl.template.feature:15 - status code was: 404, expected: 200, response time: 203, url: http://rdfdata.eionet.europa.eu/inspirethemes/themes/25, response: 
-------
feature call (loop) failed at index: 2
caller: classpath:InspireTest/ngr/datasetrecords/def/checkxlinkurl.template.feature
arg: {"link":"https://ngr.geocat.live/geonetwork/srv/eng/thesaurus.download?ref=external.theme.httpinspireeceuropaeumetadatacodelistPrioritydataset-Prioritydataset"}
checkxlinkurl.template.feature:15 - status code was: 500, expected: 200, response time: 317, url: https://ngr.geocat.live/geonetwork/srv/eng/thesaurus.download?ref=external.theme.httpinspireeceuropaeumetadatacodelistPrioritydataset-Prioritydataset, response: 
-------
feature call (loop) failed at index: 3
caller: classpath:InspireTest/ngr/datasetrecords/def/checkxlinkurl.template.feature
arg: {"link":"urn:ogc:def:crs:EPSG::5709"}
checkxlinkurl.template.feature:14 - 
org.apache.http.client.ClientProtocolException: URI does not specify a valid host name: urn:ogc:def:crs:EPSG::5709
[1.166:16] check-known-dataset-record.feature:79 - feature call (loop) failed: classpath:InspireTest/ngr/datasetrecords/def/checkxlinkurl.template.feature
caller: classpath:InspireTest/ngr/datasetrecords/check-known-dataset-record.feature
items: [{link=https://www.nationaalgeoregister.nl/geonetwork/srv/dut/catalog.search#/metadata/ror-9d8e-4758-83fx-28b057f185f1}, {link=http://rdfdata.eionet.europa.eu/inspirethemes/themes/25}, {link=https://ngr.geocat.live/geonetwork/srv/eng/thesaurus.download?ref=external.theme.httpinspireeceuropaeumetadatacodelistPrioritydataset-Prioritydataset}, {link=urn:ogc:def:crs:EPSG::5709}]
errors:
-------
feature call (loop) failed at index: 1
caller: classpath:InspireTest/ngr/datasetrecords/def/checkxlinkurl.template.feature
arg: {"link":"http://rdfdata.eionet.europa.eu/inspirethemes/themes/25"}
checkxlinkurl.template.feature:15 - status code was: 404, expected: 200, response time: 200, url: http://rdfdata.eionet.europa.eu/inspirethemes/themes/25, response: 
-------
feature call (loop) failed at index: 2
caller: classpath:InspireTest/ngr/datasetrecords/def/checkxlinkurl.template.feature
arg: {"link":"https://ngr.geocat.live/geonetwork/srv/eng/thesaurus.download?ref=external.theme.httpinspireeceuropaeumetadatacodelistPrioritydataset-Prioritydataset"}
checkxlinkurl.template.feature:15 - status code was: 500, expected: 200, response time: 310, url: https://ngr.geocat.live/geonetwork/srv/eng/thesaurus.download?ref=external.theme.httpinspireeceuropaeumetadatacodelistPrioritydataset-Prioritydataset, response: 
-------
feature call (loop) failed at index: 3
caller: classpath:InspireTest/ngr/datasetrecords/def/checkxlinkurl.template.feature
arg: {"link":"urn:ogc:def:crs:EPSG::5709"}
checkxlinkurl.template.feature:14 - 
org.apache.http.client.ClientProtocolException: URI does not specify a valid host name: urn:ogc:def:crs:EPSG::5709
[1.167:16] check-known-dataset-record.feature:79 - feature call (loop) failed: classpath:InspireTest/ngr/datasetrecords/def/checkxlinkurl.template.feature
caller: classpath:InspireTest/ngr/datasetrecords/check-known-dataset-record.feature
items: [{link=https://www.nationaalgeoregister.nl/geonetwork/srv/dut/catalog.search#/metadata/uwwtd-9d8e-4758-83fa-28b057f185e3}, {link=http://rdfdata.eionet.europa.eu/inspirethemes/themes/24}, {link=https://ngr.geocat.live/geonetwork/srv/eng/thesaurus.download?ref=external.theme.httpinspireeceuropaeumetadatacodelistPrioritydataset-Prioritydataset}, {link=urn:ogc:def:crs:EPSG::5709}]
errors:
-------
feature call (loop) failed at index: 1
caller: classpath:InspireTest/ngr/datasetrecords/def/checkxlinkurl.template.feature
arg: {"link":"http://rdfdata.eionet.europa.eu/inspirethemes/themes/24"}
checkxlinkurl.template.feature:15 - status code was: 404, expected: 200, response time: 200, url: http://rdfdata.eionet.europa.eu/inspirethemes/themes/24, response: 
-------
feature call (loop) failed at index: 2
caller: classpath:InspireTest/ngr/datasetrecords/def/checkxlinkurl.template.feature
arg: {"link":"https://ngr.geocat.live/geonetwork/srv/eng/thesaurus.download?ref=external.theme.httpinspireeceuropaeumetadatacodelistPrioritydataset-Prioritydataset"}
checkxlinkurl.template.feature:15 - status code was: 500, expected: 200, response time: 311, url: https://ngr.geocat.live/geonetwork/srv/eng/thesaurus.download?ref=external.theme.httpinspireeceuropaeumetadatacodelistPrioritydataset-Prioritydataset, response: 
-------
feature call (loop) failed at index: 3
caller: classpath:InspireTest/ngr/datasetrecords/def/checkxlinkurl.template.feature
arg: {"link":"urn:ogc:def:crs:EPSG::5709"}
checkxlinkurl.template.feature:14 - 
org.apache.http.client.ClientProtocolException: URI does not specify a valid host name: urn:ogc:def:crs:EPSG::5709
[1.168:16] check-known-dataset-record.feature:79 - feature call (loop) failed: classpath:InspireTest/ngr/datasetrecords/def/checkxlinkurl.template.feature
caller: classpath:InspireTest/ngr/datasetrecords/check-known-dataset-record.feature
items: [{link=https://www.nationaalgeoregister.nl/geonetwork/srv/dut/catalog.search#/metadata/uwwtd-9d8e-4758-83fa-28b057f185e2}, {link=http://rdfdata.eionet.europa.eu/inspirethemes/themes/24}, {link=https://ngr.geocat.live/geonetwork/srv/eng/thesaurus.download?ref=external.theme.httpinspireeceuropaeumetadatacodelistPrioritydataset-Prioritydataset}, {link=urn:ogc:def:crs:EPSG::5709}]
errors:
-------
feature call (loop) failed at index: 1
caller: classpath:InspireTest/ngr/datasetrecords/def/checkxlinkurl.template.feature
arg: {"link":"http://rdfdata.eionet.europa.eu/inspirethemes/themes/24"}
checkxlinkurl.template.feature:15 - status code was: 404, expected: 200, response time: 201, url: http://rdfdata.eionet.europa.eu/inspirethemes/themes/24, response: 
-------
feature call (loop) failed at index: 2
caller: classpath:InspireTest/ngr/datasetrecords/def/checkxlinkurl.template.feature
arg: {"link":"https://ngr.geocat.live/geonetwork/srv/eng/thesaurus.download?ref=external.theme.httpinspireeceuropaeumetadatacodelistPrioritydataset-Prioritydataset"}
checkxlinkurl.template.feature:15 - status code was: 500, expected: 200, response time: 319, url: https://ngr.geocat.live/geonetwork/srv/eng/thesaurus.download?ref=external.theme.httpinspireeceuropaeumetadatacodelistPrioritydataset-Prioritydataset, response: 
-------
feature call (loop) failed at index: 3
caller: classpath:InspireTest/ngr/datasetrecords/def/checkxlinkurl.template.feature
arg: {"link":"urn:ogc:def:crs:EPSG::5709"}
checkxlinkurl.template.feature:14 - 
org.apache.http.client.ClientProtocolException: URI does not specify a valid host name: urn:ogc:def:crs:EPSG::5709
[1.169:16] check-known-dataset-record.feature:79 - feature call (loop) failed: classpath:InspireTest/ngr/datasetrecords/def/checkxlinkurl.template.feature
caller: classpath:InspireTest/ngr/datasetrecords/check-known-dataset-record.feature
items: [{link=https://www.nationaalgeoregister.nl/geonetwork/srv/dut/catalog.search#/metadata/uwwtd-9d8e-4758-83fa-28b057f185e1}, {link=http://rdfdata.eionet.europa.eu/inspirethemes/themes/24}, {link=https://ngr.geocat.live/geonetwork/srv/eng/thesaurus.download?ref=external.theme.httpinspireeceuropaeumetadatacodelistPrioritydataset-Prioritydataset}, {link=urn:ogc:def:crs:EPSG::5709}]
errors:
-------
feature call (loop) failed at index: 1
caller: classpath:InspireTest/ngr/datasetrecords/def/checkxlinkurl.template.feature
arg: {"link":"http://rdfdata.eionet.europa.eu/inspirethemes/themes/24"}
checkxlinkurl.template.feature:15 - status code was: 404, expected: 200, response time: 209, url: http://rdfdata.eionet.europa.eu/inspirethemes/themes/24, response: 
-------
feature call (loop) failed at index: 2
caller: classpath:InspireTest/ngr/datasetrecords/def/checkxlinkurl.template.feature
arg: {"link":"https://ngr.geocat.live/geonetwork/srv/eng/thesaurus.download?ref=external.theme.httpinspireeceuropaeumetadatacodelistPrioritydataset-Prioritydataset"}
checkxlinkurl.template.feature:15 - status code was: 500, expected: 200, response time: 309, url: https://ngr.geocat.live/geonetwork/srv/eng/thesaurus.download?ref=external.theme.httpinspireeceuropaeumetadatacodelistPrioritydataset-Prioritydataset, response: 
-------
feature call (loop) failed at index: 3
caller: classpath:InspireTest/ngr/datasetrecords/def/checkxlinkurl.template.feature
arg: {"link":"urn:ogc:def:crs:EPSG::5709"}
checkxlinkurl.template.feature:14 - 
org.apache.http.client.ClientProtocolException: URI does not specify a valid host name: urn:ogc:def:crs:EPSG::5709
[1.170:16] check-known-dataset-record.feature:79 - feature call (loop) failed: classpath:InspireTest/ngr/datasetrecords/def/checkxlinkurl.template.feature
caller: classpath:InspireTest/ngr/datasetrecords/check-known-dataset-record.feature
items: [{link=http://kadaster/79a1c01b-21ad-43e8-a5c2-23e3eeb95be2}, {link=}]
errors:
-------
feature call (loop) failed at index: 0
caller: classpath:InspireTest/ngr/datasetrecords/def/checkxlinkurl.template.feature
arg: {"link":"http://kadaster/79a1c01b-21ad-43e8-a5c2-23e3eeb95be2"}
checkxlinkurl.template.feature:14 - 
java.net.UnknownHostException: kadaster
-------
feature call (loop) failed at index: 1
caller: classpath:InspireTest/ngr/datasetrecords/def/checkxlinkurl.template.feature
arg: {"link":""}
checkxlinkurl.template.feature:14 - 
org.apache.http.client.ClientProtocolException
[1.171:16] check-known-dataset-record.feature:79 - feature call (loop) failed: classpath:InspireTest/ngr/datasetrecords/def/checkxlinkurl.template.feature
caller: classpath:InspireTest/ngr/datasetrecords/check-known-dataset-record.feature
items: [{link=http://www.opengis.net/def/crs/EPSG/0/https://www.opengis.net/def/crs/EPSG/0/4258}, {link=https://www.nationaalgeoregister.nl/geonetwork/srv/api/recordse8b84fae-00b3-49c1-80c1-df8f69f64e8c}]
errors:
-------
feature call (loop) failed at index: 1
caller: classpath:InspireTest/ngr/datasetrecords/def/checkxlinkurl.template.feature
arg: {"link":"https://www.nationaalgeoregister.nl/geonetwork/srv/api/recordse8b84fae-00b3-49c1-80c1-df8f69f64e8c"}
checkxlinkurl.template.feature:15 - status code was: 500, expected: 200, response time: 310, url: https://www.nationaalgeoregister.nl/geonetwork/srv/api/recordse8b84fae-00b3-49c1-80c1-df8f69f64e8c, response: 
[1.172:16] check-known-dataset-record.feature:79 - feature call (loop) failed: classpath:InspireTest/ngr/datasetrecords/def/checkxlinkurl.template.feature
caller: classpath:InspireTest/ngr/datasetrecords/check-known-dataset-record.feature
items: [{link=http://www.opengis.net/def/crs/EPSG/0/http://www.opengis.net/def/crs/EPSG/0/3034}, {link=http://nationaalgeoregister.nl/geonetwork/srv/dut/csw?SERVICE=CSW&version=2.0.2&REQUEST=GetRecordById&elementSetName=full&OutputSchema=http://www.isotc211.org/2005/gmd&ID=0f128799-cf18-4b37-a721-e62b068191f5}, {link=https://creativecommons.org/publicdomain/mark/*/deed.nl}, {link=}]
errors:
-------
feature call (loop) failed at index: 2
caller: classpath:InspireTest/ngr/datasetrecords/def/checkxlinkurl.template.feature
arg: {"link":"https://creativecommons.org/publicdomain/mark/*/deed.nl"}
checkxlinkurl.template.feature:15 - status code was: 404, expected: 200, response time: 30, url: https://creativecommons.org/publicdomain/mark/*/deed.nl, response: 
-------
feature call (loop) failed at index: 3
caller: classpath:InspireTest/ngr/datasetrecords/def/checkxlinkurl.template.feature
arg: {"link":""}
checkxlinkurl.template.feature:14 - 
org.apache.http.client.ClientProtocolException
[1.174:16] check-known-dataset-record.feature:79 - feature call (loop) failed: classpath:InspireTest/ngr/datasetrecords/def/checkxlinkurl.template.feature
caller: classpath:InspireTest/ngr/datasetrecords/check-known-dataset-record.feature
items: [{link=https://www.nationaalgeoregister.nl/geonetwork/srv/dut/catalog.search#/metadata/5a1adb58-0bbe-425d-b0fe-577a6c0a4228}, {link=http://rdfdata.eionet.europa.eu/inspirethemes/themes/10}, {link=urn:ogc:def:crs:EPSG::5709}]
errors:
-------
feature call (loop) failed at index: 1
caller: classpath:InspireTest/ngr/datasetrecords/def/checkxlinkurl.template.feature
arg: {"link":"http://rdfdata.eionet.europa.eu/inspirethemes/themes/10"}
checkxlinkurl.template.feature:15 - status code was: 404, expected: 200, response time: 200, url: http://rdfdata.eionet.europa.eu/inspirethemes/themes/10, response: 
-------
feature call (loop) failed at index: 2
caller: classpath:InspireTest/ngr/datasetrecords/def/checkxlinkurl.template.feature
arg: {"link":"urn:ogc:def:crs:EPSG::5709"}
checkxlinkurl.template.feature:14 - 
org.apache.http.client.ClientProtocolException: URI does not specify a valid host name: urn:ogc:def:crs:EPSG::5709
[1.175:16] check-known-dataset-record.feature:79 - feature call (loop) failed: classpath:InspireTest/ngr/datasetrecords/def/checkxlinkurl.template.feature
caller: classpath:InspireTest/ngr/datasetrecords/check-known-dataset-record.feature
items: [{link=http://kadaster/2482250f-3b00-4439-9f93-f3118229b024}, {link=}, {link=}, {link=}]
errors:
-------
feature call (loop) failed at index: 0
caller: classpath:InspireTest/ngr/datasetrecords/def/checkxlinkurl.template.feature
arg: {"link":"http://kadaster/2482250f-3b00-4439-9f93-f3118229b024"}
checkxlinkurl.template.feature:14 - 
java.net.UnknownHostException: kadaster
-------
feature call (loop) failed at index: 1
caller: classpath:InspireTest/ngr/datasetrecords/def/checkxlinkurl.template.feature
arg: {"link":""}
checkxlinkurl.template.feature:14 - 
org.apache.http.client.ClientProtocolException
-------
feature call (loop) failed at index: 2
caller: classpath:InspireTest/ngr/datasetrecords/def/checkxlinkurl.template.feature
arg: {"link":""}
checkxlinkurl.template.feature:14 - 
org.apache.http.client.ClientProtocolException
-------
feature call (loop) failed at index: 3
caller: classpath:InspireTest/ngr/datasetrecords/def/checkxlinkurl.template.feature
arg: {"link":""}
checkxlinkurl.template.feature:14 - 
org.apache.http.client.ClientProtocolException
[1.176:16] check-known-dataset-record.feature:79 - feature call (loop) failed: classpath:InspireTest/ngr/datasetrecords/def/checkxlinkurl.template.feature
caller: classpath:InspireTest/ngr/datasetrecords/check-known-dataset-record.feature
items: [{link=http://kadaster/e2318c58-b1e6-4621-9c77-33b8a1fd0124}]
errors:
-------
feature call (loop) failed at index: 0
caller: classpath:InspireTest/ngr/datasetrecords/def/checkxlinkurl.template.feature
arg: {"link":"http://kadaster/e2318c58-b1e6-4621-9c77-33b8a1fd0124"}
checkxlinkurl.template.feature:14 - 
java.net.UnknownHostException: kadaster
[1.178:16] check-known-dataset-record.feature:79 - feature call (loop) failed: classpath:InspireTest/ngr/datasetrecords/def/checkxlinkurl.template.feature
caller: classpath:InspireTest/ngr/datasetrecords/check-known-dataset-record.feature
items: [{link=http://kadaster/06b6c650-cdb1-11dd-ad8b-0800200c9a77}]
errors:
-------
feature call (loop) failed at index: 0
caller: classpath:InspireTest/ngr/datasetrecords/def/checkxlinkurl.template.feature
arg: {"link":"http://kadaster/06b6c650-cdb1-11dd-ad8b-0800200c9a77"}
checkxlinkurl.template.feature:14 - 
java.net.UnknownHostException: kadaster
[1.179:16] check-known-dataset-record.feature:79 - feature call (loop) failed: classpath:InspireTest/ngr/datasetrecords/def/checkxlinkurl.template.feature
caller: classpath:InspireTest/ngr/datasetrecords/check-known-dataset-record.feature
items: [{link=http://nationaalgeoregister.nl/geonetwork/srv/dut/csw?SERVICE=CSW&version=2.0.2&REQUEST=GetRecordById&elementSetName=full&OutputSchema=http://www.isotc211.org/2005/gmd&ID=bc2c53f6-c908-4d7c-a6c0-78d9a2855640}, {link=https://creativecommons.org/publicdomain/mark/*/deed.nl}, {link=}]
errors:
-------
feature call (loop) failed at index: 1
caller: classpath:InspireTest/ngr/datasetrecords/def/checkxlinkurl.template.feature
arg: {"link":"https://creativecommons.org/publicdomain/mark/*/deed.nl"}
checkxlinkurl.template.feature:15 - status code was: 404, expected: 200, response time: 42, url: https://creativecommons.org/publicdomain/mark/*/deed.nl, response: 
-------
feature call (loop) failed at index: 2
caller: classpath:InspireTest/ngr/datasetrecords/def/checkxlinkurl.template.feature
arg: {"link":""}
checkxlinkurl.template.feature:14 - 
org.apache.http.client.ClientProtocolException
[1.180:16] check-known-dataset-record.feature:79 - feature call (loop) failed: classpath:InspireTest/ngr/datasetrecords/def/checkxlinkurl.template.feature
caller: classpath:InspireTest/ngr/datasetrecords/check-known-dataset-record.feature
items: [{link=}]
errors:
-------
feature call (loop) failed at index: 0
caller: classpath:InspireTest/ngr/datasetrecords/def/checkxlinkurl.template.feature
arg: {"link":""}
checkxlinkurl.template.feature:14 - 
org.apache.http.client.ClientProtocolException
[1.181:16] check-known-dataset-record.feature:79 - feature call (loop) failed: classpath:InspireTest/ngr/datasetrecords/def/checkxlinkurl.template.feature
caller: classpath:InspireTest/ngr/datasetrecords/check-known-dataset-record.feature
items: [{link=http://www.opengis.net/def/crs/EPSG/0/http://www.opengis.net/def/crs/EPSG/0/4258}, {link=https://www.nationaalgeoregister.nl/geonetwork/srv/dut/catalog.search#/metadata/3387ef8a-9237-453a-aa4e-585d1e193550}, {link=https://creativecommons.org/publicdomain/mark/*/deed.nl}]
errors:
-------
feature call (loop) failed at index: 2
caller: classpath:InspireTest/ngr/datasetrecords/def/checkxlinkurl.template.feature
arg: {"link":"https://creativecommons.org/publicdomain/mark/*/deed.nl"}
checkxlinkurl.template.feature:15 - status code was: 404, expected: 200, response time: 33, url: https://creativecommons.org/publicdomain/mark/*/deed.nl, response: 
[1.182:16] check-known-dataset-record.feature:79 - feature call (loop) failed: classpath:InspireTest/ngr/datasetrecords/def/checkxlinkurl.template.feature
caller: classpath:InspireTest/ngr/datasetrecords/check-known-dataset-record.feature
items: [{link=https://data.rivm.nl/inspire/id#df9bc66f-941b-4c38-a104-1b8d940a53db}]
errors:
-------
feature call (loop) failed at index: 0
caller: classpath:InspireTest/ngr/datasetrecords/def/checkxlinkurl.template.feature
arg: {"link":"https://data.rivm.nl/inspire/id#df9bc66f-941b-4c38-a104-1b8d940a53db"}
checkxlinkurl.template.feature:14 - 
javax.net.ssl.SSLException: Connection reset
[1.183:16] check-known-dataset-record.feature:79 - feature call (loop) failed: classpath:InspireTest/ngr/datasetrecords/def/checkxlinkurl.template.feature
caller: classpath:InspireTest/ngr/datasetrecords/check-known-dataset-record.feature
items: [{link=http://standaarden.overheid.nl/owms/terms/Ministerie_van_Landbouw,_Natuur_en_Voedselkwaliteit}, {link=https://www.nationaalgeoregister.nl/geonetwork/srv/api/records3703b249-a0eb-484e-ba7a-10e31a55bcec}, {link=579}]
errors:
-------
feature call (loop) failed at index: 1
caller: classpath:InspireTest/ngr/datasetrecords/def/checkxlinkurl.template.feature
arg: {"link":"https://www.nationaalgeoregister.nl/geonetwork/srv/api/records3703b249-a0eb-484e-ba7a-10e31a55bcec"}
checkxlinkurl.template.feature:15 - status code was: 500, expected: 200, response time: 352, url: https://www.nationaalgeoregister.nl/geonetwork/srv/api/records3703b249-a0eb-484e-ba7a-10e31a55bcec, response: 
-------
feature call (loop) failed at index: 2
caller: classpath:InspireTest/ngr/datasetrecords/def/checkxlinkurl.template.feature
arg: {"link":"579"}
checkxlinkurl.template.feature:14 - 
org.apache.http.client.ClientProtocolException
[1.184:16] check-known-dataset-record.feature:79 - feature call (loop) failed: classpath:InspireTest/ngr/datasetrecords/def/checkxlinkurl.template.feature
caller: classpath:InspireTest/ngr/datasetrecords/check-known-dataset-record.feature
items: [{link=https://data.rivm.nl/inspire/id#a98a6cdb-61cd-4107-b775-2334e6772ed5}]
errors:
-------
feature call (loop) failed at index: 0
caller: classpath:InspireTest/ngr/datasetrecords/def/checkxlinkurl.template.feature
arg: {"link":"https://data.rivm.nl/inspire/id#a98a6cdb-61cd-4107-b775-2334e6772ed5"}
checkxlinkurl.template.feature:14 - 
javax.net.ssl.SSLException: Connection reset
[1.186:16] check-known-dataset-record.feature:79 - feature call (loop) failed: classpath:InspireTest/ngr/datasetrecords/def/checkxlinkurl.template.feature
caller: classpath:InspireTest/ngr/datasetrecords/check-known-dataset-record.feature
items: [{link=http://kadaster/2482250f-3b00-4439-9f93-f3118229b201}, {link=}, {link=}, {link=}, {link=}, {link=}]
errors:
-------
feature call (loop) failed at index: 0
caller: classpath:InspireTest/ngr/datasetrecords/def/checkxlinkurl.template.feature
arg: {"link":"http://kadaster/2482250f-3b00-4439-9f93-f3118229b201"}
checkxlinkurl.template.feature:14 - 
java.net.UnknownHostException: kadaster
-------
feature call (loop) failed at index: 1
caller: classpath:InspireTest/ngr/datasetrecords/def/checkxlinkurl.template.feature
arg: {"link":""}
checkxlinkurl.template.feature:14 - 
org.apache.http.client.ClientProtocolException
-------
feature call (loop) failed at index: 2
caller: classpath:InspireTest/ngr/datasetrecords/def/checkxlinkurl.template.feature
arg: {"link":""}
checkxlinkurl.template.feature:14 - 
org.apache.http.client.ClientProtocolException
-------
feature call (loop) failed at index: 3
caller: classpath:InspireTest/ngr/datasetrecords/def/checkxlinkurl.template.feature
arg: {"link":""}
checkxlinkurl.template.feature:14 - 
org.apache.http.client.ClientProtocolException
-------
feature call (loop) failed at index: 4
caller: classpath:InspireTest/ngr/datasetrecords/def/checkxlinkurl.template.feature
arg: {"link":""}
checkxlinkurl.template.feature:14 - 
org.apache.http.client.ClientProtocolException
-------
feature call (loop) failed at index: 5
caller: classpath:InspireTest/ngr/datasetrecords/def/checkxlinkurl.template.feature
arg: {"link":""}
checkxlinkurl.template.feature:14 - 
org.apache.http.client.ClientProtocolException
[1.187:16] check-known-dataset-record.feature:79 - feature call (loop) failed: classpath:InspireTest/ngr/datasetrecords/def/checkxlinkurl.template.feature
caller: classpath:InspireTest/ngr/datasetrecords/check-known-dataset-record.feature
items: [{link=http://kadaster/06b6c650-cdb1-11dd-ad8b-0800200c9a75}]
errors:
-------
feature call (loop) failed at index: 0
caller: classpath:InspireTest/ngr/datasetrecords/def/checkxlinkurl.template.feature
arg: {"link":"http://kadaster/06b6c650-cdb1-11dd-ad8b-0800200c9a75"}
checkxlinkurl.template.feature:14 - 
java.net.UnknownHostException: kadaster
[1.189:16] check-known-dataset-record.feature:79 - feature call (loop) failed: classpath:InspireTest/ngr/datasetrecords/def/checkxlinkurl.template.feature
caller: classpath:InspireTest/ngr/datasetrecords/check-known-dataset-record.feature
items: [{link=https://data.rivm.nl/inspire/id#6941b1f2-7ee6-4a1d-9cba-9071e3ca6cb3}]
errors:
-------
feature call (loop) failed at index: 0
caller: classpath:InspireTest/ngr/datasetrecords/def/checkxlinkurl.template.feature
arg: {"link":"https://data.rivm.nl/inspire/id#6941b1f2-7ee6-4a1d-9cba-9071e3ca6cb3"}
checkxlinkurl.template.feature:14 - 
javax.net.ssl.SSLException: Connection reset
[1.190:16] check-known-dataset-record.feature:79 - feature call (loop) failed: classpath:InspireTest/ngr/datasetrecords/def/checkxlinkurl.template.feature
caller: classpath:InspireTest/ngr/datasetrecords/check-known-dataset-record.feature
items: [{link=https://ngr.acceptatie.nationaalgeoregister.nl/geonetwork/srv/resources03671a9e-6aaf-464d-be99-9aad25cef9e3}, {link=http://standaarden.overheid.nl/owms/terms/Ministerie_van_Landbouw,_Natuur_en_Voedselkwaliteit}]
errors:
-------
feature call (loop) failed at index: 0
caller: classpath:InspireTest/ngr/datasetrecords/def/checkxlinkurl.template.feature
arg: {"link":"https://ngr.acceptatie.nationaalgeoregister.nl/geonetwork/srv/resources03671a9e-6aaf-464d-be99-9aad25cef9e3"}
checkxlinkurl.template.feature:15 - status code was: 404, expected: 200, response time: 288, url: https://ngr.acceptatie.nationaalgeoregister.nl/geonetwork/srv/resources03671a9e-6aaf-464d-be99-9aad25cef9e3, response: 
[1.192:16] check-known-dataset-record.feature:79 - feature call (loop) failed: classpath:InspireTest/ngr/datasetrecords/def/checkxlinkurl.template.feature
caller: classpath:InspireTest/ngr/datasetrecords/check-known-dataset-record.feature
items: [{link=https://www.nationaalgeoregister.nl/geonetwork/srv/dut/catalog.search#/metadata/wt-f5eb-b09f-4f6d-8397-8878a1b86238}, {link=http://rdfdata.eionet.europa.eu/inspirethemes/themes/18}, {link=https://ngr.geocat.live/geonetwork/srv/eng/thesaurus.download?ref=external.theme.httpinspireeceuropaeumetadatacodelistPrioritydataset-Prioritydataset}]
errors:
-------
feature call (loop) failed at index: 1
caller: classpath:InspireTest/ngr/datasetrecords/def/checkxlinkurl.template.feature
arg: {"link":"http://rdfdata.eionet.europa.eu/inspirethemes/themes/18"}
checkxlinkurl.template.feature:15 - status code was: 404, expected: 200, response time: 205, url: http://rdfdata.eionet.europa.eu/inspirethemes/themes/18, response: 
-------
feature call (loop) failed at index: 2
caller: classpath:InspireTest/ngr/datasetrecords/def/checkxlinkurl.template.feature
arg: {"link":"https://ngr.geocat.live/geonetwork/srv/eng/thesaurus.download?ref=external.theme.httpinspireeceuropaeumetadatacodelistPrioritydataset-Prioritydataset"}
checkxlinkurl.template.feature:15 - status code was: 500, expected: 200, response time: 309, url: https://ngr.geocat.live/geonetwork/srv/eng/thesaurus.download?ref=external.theme.httpinspireeceuropaeumetadatacodelistPrioritydataset-Prioritydataset, response: 
[1.193:16] check-known-dataset-record.feature:79 - feature call (loop) failed: classpath:InspireTest/ngr/datasetrecords/def/checkxlinkurl.template.feature
caller: classpath:InspireTest/ngr/datasetrecords/check-known-dataset-record.feature
items: [{link=https://www.nationaalgeoregister.nl/geonetwork/srv/dut/catalog.search#/metadata/a1960e70-22f4-4fd9-91a8-b605c6ceda3e}, {link=http://rdfdata.eionet.europa.eu/inspirethemes/themes/24}, {link=https://ngr.geocat.live/geonetwork/srv/eng/thesaurus.download?ref=external.theme.httpinspireeceuropaeumetadatacodelistPrioritydataset-Prioritydataset}]
errors:
-------
feature call (loop) failed at index: 1
caller: classpath:InspireTest/ngr/datasetrecords/def/checkxlinkurl.template.feature
arg: {"link":"http://rdfdata.eionet.europa.eu/inspirethemes/themes/24"}
checkxlinkurl.template.feature:15 - status code was: 404, expected: 200, response time: 203, url: http://rdfdata.eionet.europa.eu/inspirethemes/themes/24, response: 
-------
feature call (loop) failed at index: 2
caller: classpath:InspireTest/ngr/datasetrecords/def/checkxlinkurl.template.feature
arg: {"link":"https://ngr.geocat.live/geonetwork/srv/eng/thesaurus.download?ref=external.theme.httpinspireeceuropaeumetadatacodelistPrioritydataset-Prioritydataset"}
checkxlinkurl.template.feature:15 - status code was: 500, expected: 200, response time: 308, url: https://ngr.geocat.live/geonetwork/srv/eng/thesaurus.download?ref=external.theme.httpinspireeceuropaeumetadatacodelistPrioritydataset-Prioritydataset, response: 
[1.194:16] check-known-dataset-record.feature:79 - feature call (loop) failed: classpath:InspireTest/ngr/datasetrecords/def/checkxlinkurl.template.feature
caller: classpath:InspireTest/ngr/datasetrecords/check-known-dataset-record.feature
items: [{link=https://www.nationaalgeoregister.nl/geonetwork/srv/dut/catalog.search#/metadata/krw2006-68b5-4ff3-94a4-9c24109ffd5e}, {link=http://rdfdata.eionet.europa.eu/inspirethemes/themes/24}, {link=https://ngr.geocat.live/geonetwork/srv/eng/thesaurus.download?ref=external.theme.httpinspireeceuropaeumetadatacodelistPrioritydataset-Prioritydataset}, {link=urn:ogc:def:crs:EPSG::5709}]
errors:
-------
feature call (loop) failed at index: 1
caller: classpath:InspireTest/ngr/datasetrecords/def/checkxlinkurl.template.feature
arg: {"link":"http://rdfdata.eionet.europa.eu/inspirethemes/themes/24"}
checkxlinkurl.template.feature:15 - status code was: 404, expected: 200, response time: 202, url: http://rdfdata.eionet.europa.eu/inspirethemes/themes/24, response: 
-------
feature call (loop) failed at index: 2
caller: classpath:InspireTest/ngr/datasetrecords/def/checkxlinkurl.template.feature
arg: {"link":"https://ngr.geocat.live/geonetwork/srv/eng/thesaurus.download?ref=external.theme.httpinspireeceuropaeumetadatacodelistPrioritydataset-Prioritydataset"}
checkxlinkurl.template.feature:15 - status code was: 500, expected: 200, response time: 311, url: https://ngr.geocat.live/geonetwork/srv/eng/thesaurus.download?ref=external.theme.httpinspireeceuropaeumetadatacodelistPrioritydataset-Prioritydataset, response: 
-------
feature call (loop) failed at index: 3
caller: classpath:InspireTest/ngr/datasetrecords/def/checkxlinkurl.template.feature
arg: {"link":"urn:ogc:def:crs:EPSG::5709"}
checkxlinkurl.template.feature:14 - 
org.apache.http.client.ClientProtocolException: URI does not specify a valid host name: urn:ogc:def:crs:EPSG::5709
[1.195:16] check-known-dataset-record.feature:79 - feature call (loop) failed: classpath:InspireTest/ngr/datasetrecords/def/checkxlinkurl.template.feature
caller: classpath:InspireTest/ngr/datasetrecords/check-known-dataset-record.feature
items: [{link=https://ngr.acceptatie.nationaalgeoregister.nl/geonetwork/srv/resources34e95842-4e4e-46de-9198-79e8cd4d30dc}]
errors:
-------
feature call (loop) failed at index: 0
caller: classpath:InspireTest/ngr/datasetrecords/def/checkxlinkurl.template.feature
arg: {"link":"https://ngr.acceptatie.nationaalgeoregister.nl/geonetwork/srv/resources34e95842-4e4e-46de-9198-79e8cd4d30dc"}
checkxlinkurl.template.feature:15 - status code was: 404, expected: 200, response time: 279, url: https://ngr.acceptatie.nationaalgeoregister.nl/geonetwork/srv/resources34e95842-4e4e-46de-9198-79e8cd4d30dc, response: 
[1.196:16] check-known-dataset-record.feature:79 - feature call (loop) failed: classpath:InspireTest/ngr/datasetrecords/def/checkxlinkurl.template.feature
caller: classpath:InspireTest/ngr/datasetrecords/check-known-dataset-record.feature
items: [{link=http://standaarden.overheid.nl/owms/terms/Ministerie_van_Landbouw,_Natuur_en_Voedselkwaliteit}, {link=http://nationaalgeoregister.nl/geonetwork/srv/dut/catalog.search#/metadata/280ed37a-b8d2-4ac5-8567-04d84fad3a41}, {link=https://creativecommons.org/publicdomain/mark/*/deed.nl}, {link=https://data.overheid.nl/organisatie/PDOK}]
errors:
-------
feature call (loop) failed at index: 2
caller: classpath:InspireTest/ngr/datasetrecords/def/checkxlinkurl.template.feature
arg: {"link":"https://creativecommons.org/publicdomain/mark/*/deed.nl"}
checkxlinkurl.template.feature:15 - status code was: 404, expected: 200, response time: 36, url: https://creativecommons.org/publicdomain/mark/*/deed.nl, response: 
-------
feature call (loop) failed at index: 3
caller: classpath:InspireTest/ngr/datasetrecords/def/checkxlinkurl.template.feature
arg: {"link":"https://data.overheid.nl/organisatie/PDOK"}
checkxlinkurl.template.feature:15 - status code was: 404, expected: 200, response time: 356, url: https://data.overheid.nl/organisatie/PDOK, response: 

]]></system-out>
    <system-err><![CDATA[Warning: Nashorn engine is planned to be removed from a future JDK release
ERROR StatusLogger No log4j2 configuration file found. Using default configuration: logging only errors to the console. Set system property 'org.apache.logging.log4j.simplelog.StatusLogger.level' to TRACE to show Log4j2 internal initialization logging.
]]></system-err>
  </testcase>
</testsuite>