<?xml version="1.0" encoding="UTF-8"?>
<testsuite xmlns:xsi="http://www.w3.org/2001/XMLSchema-instance" xsi:noNamespaceSchemaLocation="https://maven.apache.org/surefire/maven-surefire-plugin/xsd/surefire-test-report-3.0.xsd" version="3.0" name="InspireTest.TestAll" time="183.338" tests="1" errors="0" skipped="0" failures="1">
  <properties>
    <property name="java.specification.version" value="13"/>
    <property name="sun.jnu.encoding" value="UTF-8"/>
    <property name="java.class.path" value="/home/runner/work/nl-ngr-validation/nl-ngr-validation/target/test-classes:/home/runner/work/nl-ngr-validation/nl-ngr-validation/target/classes:/home/runner/.m2/repository/com/intuit/karate/karate-apache/0.9.5/karate-apache-0.9.5.jar:/home/runner/.m2/repository/com/intuit/karate/karate-core/0.9.5/karate-core-0.9.5.jar:/home/runner/.m2/repository/com/jayway/jsonpath/json-path/2.4.0/json-path-2.4.0.jar:/home/runner/.m2/repository/net/minidev/json-smart/2.3/json-smart-2.3.jar:/home/runner/.m2/repository/net/minidev/accessors-smart/1.2/accessors-smart-1.2.jar:/home/runner/.m2/repository/info/cukes/cucumber-java/1.2.5/cucumber-java-1.2.5.jar:/home/runner/.m2/repository/info/cukes/cucumber-core/1.2.5/cucumber-core-1.2.5.jar:/home/runner/.m2/repository/org/yaml/snakeyaml/1.24/snakeyaml-1.24.jar:/home/runner/.m2/repository/de/siegmar/fastcsv/1.0.3/fastcsv-1.0.3.jar:/home/runner/.m2/repository/info/picocli/picocli/4.0.3/picocli-4.0.3.jar:/home/runner/.m2/repository/org/apache/httpcomponents/httpclient/4.5.11/httpclient-4.5.11.jar:/home/runner/.m2/repository/org/apache/httpcomponents/httpcore/4.4.13/httpcore-4.4.13.jar:/home/runner/.m2/repository/commons-codec/commons-codec/1.11/commons-codec-1.11.jar:/home/runner/.m2/repository/org/apache/httpcomponents/httpmime/4.5.11/httpmime-4.5.11.jar:/home/runner/.m2/repository/org/slf4j/jcl-over-slf4j/1.7.25/jcl-over-slf4j-1.7.25.jar:/home/runner/.m2/repository/org/slf4j/slf4j-api/1.7.25/slf4j-api-1.7.25.jar:/home/runner/.m2/repository/ch/qos/logback/logback-classic/1.2.3/logback-classic-1.2.3.jar:/home/runner/.m2/repository/ch/qos/logback/logback-core/1.2.3/logback-core-1.2.3.jar:/home/runner/.m2/repository/com/intuit/karate/karate-junit5/0.9.5/karate-junit5-0.9.5.jar:/home/runner/.m2/repository/org/junit/jupiter/junit-jupiter-api/5.6.2/junit-jupiter-api-5.6.2.jar:/home/runner/.m2/repository/org/apiguardian/apiguardian-api/1.1.0/apiguardian-api-1.1.0.jar:/home/runner/.m2/repository/org/opentest4j/opentest4j/1.2.0/opentest4j-1.2.0.jar:/home/runner/.m2/repository/org/junit/platform/junit-platform-commons/1.6.2/junit-platform-commons-1.6.2.jar:/home/runner/.m2/repository/org/junit/jupiter/junit-jupiter-engine/5.6.2/junit-jupiter-engine-5.6.2.jar:/home/runner/.m2/repository/org/junit/platform/junit-platform-engine/1.6.2/junit-platform-engine-1.6.2.jar:/home/runner/.m2/repository/net/masterthought/cucumber-reporting/3.13.0/cucumber-reporting-3.13.0.jar:/home/runner/.m2/repository/org/apache/logging/log4j/log4j-api/2.8.2/log4j-api-2.8.2.jar:/home/runner/.m2/repository/org/apache/logging/log4j/log4j-core/2.8.2/log4j-core-2.8.2.jar:/home/runner/.m2/repository/com/fasterxml/jackson/core/jackson-databind/2.8.6/jackson-databind-2.8.6.jar:/home/runner/.m2/repository/com/fasterxml/jackson/core/jackson-annotations/2.8.0/jackson-annotations-2.8.0.jar:/home/runner/.m2/repository/com/fasterxml/jackson/core/jackson-core/2.8.6/jackson-core-2.8.6.jar:/home/runner/.m2/repository/org/apache/velocity/velocity/1.7/velocity-1.7.jar:/home/runner/.m2/repository/commons-collections/commons-collections/3.2.1/commons-collections-3.2.1.jar:/home/runner/.m2/repository/commons-lang/commons-lang/2.4/commons-lang-2.4.jar:/home/runner/.m2/repository/velocity-tools/velocity-tools/1.4/velocity-tools-1.4.jar:/home/runner/.m2/repository/joda-time/joda-time/2.9.9/joda-time-2.9.9.jar:/home/runner/.m2/repository/org/apache/commons/commons-lang3/3.6/commons-lang3-3.6.jar:/home/runner/.m2/repository/commons-io/commons-io/2.5/commons-io-2.5.jar:/home/runner/.m2/repository/net/lingala/zip4j/zip4j/1.3.2/zip4j-1.3.2.jar:/home/runner/.m2/repository/org/codehaus/plexus/plexus-utils/3.0.24/plexus-utils-3.0.24.jar:/home/runner/.m2/repository/org/jsoup/jsoup/1.10.3/jsoup-1.10.3.jar:/home/runner/.m2/repository/com/googlecode/owasp-java-html-sanitizer/owasp-java-html-sanitizer/20170515.1/owasp-java-html-sanitizer-20170515.1.jar:/home/runner/.m2/repository/com/google/guava/guava/20.0/guava-20.0.jar:/home/runner/.m2/repository/commons-configuration/commons-configuration/1.6/commons-configuration-1.6.jar:/home/runner/.m2/repository/commons-logging/commons-logging/1.1.1/commons-logging-1.1.1.jar:/home/runner/.m2/repository/commons-digester/commons-digester/1.8/commons-digester-1.8.jar:/home/runner/.m2/repository/commons-beanutils/commons-beanutils/1.7.0/commons-beanutils-1.7.0.jar:/home/runner/.m2/repository/commons-beanutils/commons-beanutils-core/1.8.0/commons-beanutils-core-1.8.0.jar:/home/runner/.m2/repository/org/apache/maven/plugins/maven-surefire-plugin/3.0.0-M4/maven-surefire-plugin-3.0.0-M4.jar:/home/runner/.m2/repository/org/apache/maven/surefire/maven-surefire-common/3.0.0-M4/maven-surefire-common-3.0.0-M4.jar:/home/runner/.m2/repository/org/apache/maven/surefire/surefire-api/3.0.0-M4/surefire-api-3.0.0-M4.jar:/home/runner/.m2/repository/org/apache/maven/surefire/surefire-logger-api/3.0.0-M4/surefire-logger-api-3.0.0-M4.jar:/home/runner/.m2/repository/org/apache/maven/surefire/surefire-extensions-api/3.0.0-M4/surefire-extensions-api-3.0.0-M4.jar:/home/runner/.m2/repository/org/apache/maven/surefire/surefire-booter/3.0.0-M4/surefire-booter-3.0.0-M4.jar:/home/runner/.m2/repository/org/apache/maven/maven-toolchain/3.0-alpha-2/maven-toolchain-3.0-alpha-2.jar:/home/runner/.m2/repository/org/apache/maven/shared/maven-artifact-transfer/0.11.0/maven-artifact-transfer-0.11.0.jar:/home/runner/.m2/repository/org/apache/maven/shared/maven-common-artifact-filters/3.0.1/maven-common-artifact-filters-3.0.1.jar:/home/runner/.m2/repository/org/apache/maven/maven-model/3.0/maven-model-3.0.jar:/home/runner/.m2/repository/org/apache/maven/maven-plugin-api/3.0/maven-plugin-api-3.0.jar:/home/runner/.m2/repository/org/sonatype/sisu/sisu-inject-plexus/1.4.2/sisu-inject-plexus-1.4.2.jar:/home/runner/.m2/repository/org/codehaus/plexus/plexus-classworlds/2.2.3/plexus-classworlds-2.2.3.jar:/home/runner/.m2/repository/org/sonatype/sisu/sisu-inject-bean/1.4.2/sisu-inject-bean-1.4.2.jar:/home/runner/.m2/repository/org/sonatype/sisu/sisu-guice/2.1.7/sisu-guice-2.1.7-noaop.jar:/home/runner/.m2/repository/org/apache/maven/shared/maven-shared-utils/3.1.0/maven-shared-utils-3.1.0.jar:/home/runner/.m2/repository/org/codehaus/plexus/plexus-java/1.0.3/plexus-java-1.0.3.jar:/home/runner/.m2/repository/org/ow2/asm/asm/7.0/asm-7.0.jar:/home/runner/.m2/repository/com/thoughtworks/qdox/qdox/2.0-M9/qdox-2.0-M9.jar:/home/runner/.m2/repository/org/junit/jupiter/junit-jupiter/5.6.2/junit-jupiter-5.6.2.jar:/home/runner/.m2/repository/org/junit/jupiter/junit-jupiter-params/5.6.2/junit-jupiter-params-5.6.2.jar:"/>
    <property name="java.vm.vendor" value="Azul Systems, Inc."/>
    <property name="sun.arch.data.model" value="64"/>
    <property name="java.vendor.url" value="http://www.azulsystems.com/"/>
    <property name="user.timezone" value="Etc/UTC"/>
    <property name="os.name" value="Linux"/>
    <property name="java.vm.specification.version" value="13"/>
    <property name="sun.java.launcher" value="SUN_STANDARD"/>
    <property name="sun.boot.library.path" value="/opt/hostedtoolcache/jdk/13.0.4/x64/lib"/>
    <property name="sun.java.command" value="/home/runner/work/nl-ngr-validation/nl-ngr-validation/target/surefire/surefirebooter15379911295771891179.jar /home/runner/work/nl-ngr-validation/nl-ngr-validation/target/surefire 2020-09-21T10-54-11_182-jvmRun1 surefire9513034852958293905tmp surefire_08450650012260528011tmp"/>
    <property name="jdk.debug" value="release"/>
    <property name="surefire.test.class.path" value="/home/runner/work/nl-ngr-validation/nl-ngr-validation/target/test-classes:/home/runner/work/nl-ngr-validation/nl-ngr-validation/target/classes:/home/runner/.m2/repository/com/intuit/karate/karate-apache/0.9.5/karate-apache-0.9.5.jar:/home/runner/.m2/repository/com/intuit/karate/karate-core/0.9.5/karate-core-0.9.5.jar:/home/runner/.m2/repository/com/jayway/jsonpath/json-path/2.4.0/json-path-2.4.0.jar:/home/runner/.m2/repository/net/minidev/json-smart/2.3/json-smart-2.3.jar:/home/runner/.m2/repository/net/minidev/accessors-smart/1.2/accessors-smart-1.2.jar:/home/runner/.m2/repository/info/cukes/cucumber-java/1.2.5/cucumber-java-1.2.5.jar:/home/runner/.m2/repository/info/cukes/cucumber-core/1.2.5/cucumber-core-1.2.5.jar:/home/runner/.m2/repository/org/yaml/snakeyaml/1.24/snakeyaml-1.24.jar:/home/runner/.m2/repository/de/siegmar/fastcsv/1.0.3/fastcsv-1.0.3.jar:/home/runner/.m2/repository/info/picocli/picocli/4.0.3/picocli-4.0.3.jar:/home/runner/.m2/repository/org/apache/httpcomponents/httpclient/4.5.11/httpclient-4.5.11.jar:/home/runner/.m2/repository/org/apache/httpcomponents/httpcore/4.4.13/httpcore-4.4.13.jar:/home/runner/.m2/repository/commons-codec/commons-codec/1.11/commons-codec-1.11.jar:/home/runner/.m2/repository/org/apache/httpcomponents/httpmime/4.5.11/httpmime-4.5.11.jar:/home/runner/.m2/repository/org/slf4j/jcl-over-slf4j/1.7.25/jcl-over-slf4j-1.7.25.jar:/home/runner/.m2/repository/org/slf4j/slf4j-api/1.7.25/slf4j-api-1.7.25.jar:/home/runner/.m2/repository/ch/qos/logback/logback-classic/1.2.3/logback-classic-1.2.3.jar:/home/runner/.m2/repository/ch/qos/logback/logback-core/1.2.3/logback-core-1.2.3.jar:/home/runner/.m2/repository/com/intuit/karate/karate-junit5/0.9.5/karate-junit5-0.9.5.jar:/home/runner/.m2/repository/org/junit/jupiter/junit-jupiter-api/5.6.2/junit-jupiter-api-5.6.2.jar:/home/runner/.m2/repository/org/apiguardian/apiguardian-api/1.1.0/apiguardian-api-1.1.0.jar:/home/runner/.m2/repository/org/opentest4j/opentest4j/1.2.0/opentest4j-1.2.0.jar:/home/runner/.m2/repository/org/junit/platform/junit-platform-commons/1.6.2/junit-platform-commons-1.6.2.jar:/home/runner/.m2/repository/org/junit/jupiter/junit-jupiter-engine/5.6.2/junit-jupiter-engine-5.6.2.jar:/home/runner/.m2/repository/org/junit/platform/junit-platform-engine/1.6.2/junit-platform-engine-1.6.2.jar:/home/runner/.m2/repository/net/masterthought/cucumber-reporting/3.13.0/cucumber-reporting-3.13.0.jar:/home/runner/.m2/repository/org/apache/logging/log4j/log4j-api/2.8.2/log4j-api-2.8.2.jar:/home/runner/.m2/repository/org/apache/logging/log4j/log4j-core/2.8.2/log4j-core-2.8.2.jar:/home/runner/.m2/repository/com/fasterxml/jackson/core/jackson-databind/2.8.6/jackson-databind-2.8.6.jar:/home/runner/.m2/repository/com/fasterxml/jackson/core/jackson-annotations/2.8.0/jackson-annotations-2.8.0.jar:/home/runner/.m2/repository/com/fasterxml/jackson/core/jackson-core/2.8.6/jackson-core-2.8.6.jar:/home/runner/.m2/repository/org/apache/velocity/velocity/1.7/velocity-1.7.jar:/home/runner/.m2/repository/commons-collections/commons-collections/3.2.1/commons-collections-3.2.1.jar:/home/runner/.m2/repository/commons-lang/commons-lang/2.4/commons-lang-2.4.jar:/home/runner/.m2/repository/velocity-tools/velocity-tools/1.4/velocity-tools-1.4.jar:/home/runner/.m2/repository/joda-time/joda-time/2.9.9/joda-time-2.9.9.jar:/home/runner/.m2/repository/org/apache/commons/commons-lang3/3.6/commons-lang3-3.6.jar:/home/runner/.m2/repository/commons-io/commons-io/2.5/commons-io-2.5.jar:/home/runner/.m2/repository/net/lingala/zip4j/zip4j/1.3.2/zip4j-1.3.2.jar:/home/runner/.m2/repository/org/codehaus/plexus/plexus-utils/3.0.24/plexus-utils-3.0.24.jar:/home/runner/.m2/repository/org/jsoup/jsoup/1.10.3/jsoup-1.10.3.jar:/home/runner/.m2/repository/com/googlecode/owasp-java-html-sanitizer/owasp-java-html-sanitizer/20170515.1/owasp-java-html-sanitizer-20170515.1.jar:/home/runner/.m2/repository/com/google/guava/guava/20.0/guava-20.0.jar:/home/runner/.m2/repository/commons-configuration/commons-configuration/1.6/commons-configuration-1.6.jar:/home/runner/.m2/repository/commons-logging/commons-logging/1.1.1/commons-logging-1.1.1.jar:/home/runner/.m2/repository/commons-digester/commons-digester/1.8/commons-digester-1.8.jar:/home/runner/.m2/repository/commons-beanutils/commons-beanutils/1.7.0/commons-beanutils-1.7.0.jar:/home/runner/.m2/repository/commons-beanutils/commons-beanutils-core/1.8.0/commons-beanutils-core-1.8.0.jar:/home/runner/.m2/repository/org/apache/maven/plugins/maven-surefire-plugin/3.0.0-M4/maven-surefire-plugin-3.0.0-M4.jar:/home/runner/.m2/repository/org/apache/maven/surefire/maven-surefire-common/3.0.0-M4/maven-surefire-common-3.0.0-M4.jar:/home/runner/.m2/repository/org/apache/maven/surefire/surefire-api/3.0.0-M4/surefire-api-3.0.0-M4.jar:/home/runner/.m2/repository/org/apache/maven/surefire/surefire-logger-api/3.0.0-M4/surefire-logger-api-3.0.0-M4.jar:/home/runner/.m2/repository/org/apache/maven/surefire/surefire-extensions-api/3.0.0-M4/surefire-extensions-api-3.0.0-M4.jar:/home/runner/.m2/repository/org/apache/maven/surefire/surefire-booter/3.0.0-M4/surefire-booter-3.0.0-M4.jar:/home/runner/.m2/repository/org/apache/maven/maven-toolchain/3.0-alpha-2/maven-toolchain-3.0-alpha-2.jar:/home/runner/.m2/repository/org/apache/maven/shared/maven-artifact-transfer/0.11.0/maven-artifact-transfer-0.11.0.jar:/home/runner/.m2/repository/org/apache/maven/shared/maven-common-artifact-filters/3.0.1/maven-common-artifact-filters-3.0.1.jar:/home/runner/.m2/repository/org/apache/maven/maven-model/3.0/maven-model-3.0.jar:/home/runner/.m2/repository/org/apache/maven/maven-plugin-api/3.0/maven-plugin-api-3.0.jar:/home/runner/.m2/repository/org/sonatype/sisu/sisu-inject-plexus/1.4.2/sisu-inject-plexus-1.4.2.jar:/home/runner/.m2/repository/org/codehaus/plexus/plexus-classworlds/2.2.3/plexus-classworlds-2.2.3.jar:/home/runner/.m2/repository/org/sonatype/sisu/sisu-inject-bean/1.4.2/sisu-inject-bean-1.4.2.jar:/home/runner/.m2/repository/org/sonatype/sisu/sisu-guice/2.1.7/sisu-guice-2.1.7-noaop.jar:/home/runner/.m2/repository/org/apache/maven/shared/maven-shared-utils/3.1.0/maven-shared-utils-3.1.0.jar:/home/runner/.m2/repository/org/codehaus/plexus/plexus-java/1.0.3/plexus-java-1.0.3.jar:/home/runner/.m2/repository/org/ow2/asm/asm/7.0/asm-7.0.jar:/home/runner/.m2/repository/com/thoughtworks/qdox/qdox/2.0-M9/qdox-2.0-M9.jar:/home/runner/.m2/repository/org/junit/jupiter/junit-jupiter/5.6.2/junit-jupiter-5.6.2.jar:/home/runner/.m2/repository/org/junit/jupiter/junit-jupiter-params/5.6.2/junit-jupiter-params-5.6.2.jar:"/>
    <property name="sun.cpu.endian" value="little"/>
    <property name="user.home" value="/home/runner"/>
    <property name="user.language" value="en"/>
    <property name="java.specification.vendor" value="Oracle Corporation"/>
    <property name="java.version.date" value="2020-07-14"/>
    <property name="java.home" value="/opt/hostedtoolcache/jdk/13.0.4/x64"/>
    <property name="file.separator" value="/"/>
    <property name="basedir" value="/home/runner/work/nl-ngr-validation/nl-ngr-validation"/>
    <property name="java.vm.compressedOopsMode" value="32-bit"/>
    <property name="line.separator" value="&#10;"/>
    <property name="java.vm.specification.vendor" value="Oracle Corporation"/>
    <property name="jdk.vendor.version" value="Zulu13.33+25-CA"/>
    <property name="java.specification.name" value="Java Platform API Specification"/>
    <property name="surefire.real.class.path" value="/home/runner/work/nl-ngr-validation/nl-ngr-validation/target/surefire/surefirebooter15379911295771891179.jar"/>
    <property name="sun.management.compiler" value="HotSpot 64-Bit Tiered Compilers"/>
    <property name="java.runtime.version" value="13.0.4+8-MTS"/>
    <property name="user.name" value="runner"/>
    <property name="path.separator" value=":"/>
    <property name="os.version" value="5.4.0-1025-azure"/>
    <property name="java.runtime.name" value="OpenJDK Runtime Environment"/>
    <property name="file.encoding" value="UTF-8"/>
    <property name="java.vm.name" value="OpenJDK 64-Bit Server VM"/>
    <property name="java.vendor.version" value="Zulu13.33+25-CA"/>
    <property name="localRepository" value="/home/runner/.m2/repository"/>
    <property name="java.vendor.url.bug" value="http://www.azulsystems.com/support/"/>
    <property name="java.io.tmpdir" value="/tmp"/>
    <property name="java.version" value="13.0.4"/>
    <property name="user.dir" value="/home/runner/work/nl-ngr-validation/nl-ngr-validation"/>
    <property name="os.arch" value="amd64"/>
    <property name="java.vm.specification.name" value="Java Virtual Machine Specification"/>
    <property name="java.library.path" value="/usr/java/packages/lib:/usr/lib64:/lib64:/lib:/usr/lib"/>
    <property name="java.vm.info" value="mixed mode, sharing"/>
    <property name="java.vendor" value="Azul Systems, Inc."/>
    <property name="java.vm.version" value="13.0.4+8-MTS"/>
    <property name="sun.io.unicode.encoding" value="UnicodeLittle"/>
    <property name="java.class.version" value="57.0"/>
  </properties>
  <testcase name="testParallel" classname="InspireTest.TestAll" time="183.292">
    <failure type="org.opentest4j.AssertionFailedError"><![CDATA[org.opentest4j.AssertionFailedError: 
failed features:
InspireTest.ngr.datasetrecords.check-known-links: [1.28:4] check-known-links.feature:10 - feature call (loop) failed: classpath:InspireTest/ngr/datasetrecords/def/checkxlinkurl.template.feature
caller: classpath:InspireTest/ngr/datasetrecords/check-known-links.feature
items: [{link=http://inspire.ec.europa.eu/metadata-codelist/PriorityDataset#}]
errors:
-------
feature call (loop) failed at index: 0
caller: classpath:InspireTest/ngr/datasetrecords/def/checkxlinkurl.template.feature
arg: {"link":"http://inspire.ec.europa.eu/metadata-codelist/PriorityDataset#"}
checkxlinkurl.template.feature:14 - 
java.net.SocketTimeoutException: Read timed out
InspireTest.ngr.datasetrecords.ngr-check-dataset-record: [1.17:16] ngr-check-dataset-record.feature:48 - xpath does not exist: /GetRecordByIdResponse//@href on response
[1.61:16] ngr-check-dataset-record.feature:48 - xpath does not exist: /GetRecordByIdResponse//@href on response
[1.112:16] ngr-check-dataset-record.feature:48 - xpath does not exist: /GetRecordByIdResponse//@href on response
InspireTest.ngr.datasetrecords.check-known-dataset-record: [1.1:16] check-known-dataset-record.feature:79 - feature call (loop) failed: classpath:InspireTest/ngr/datasetrecords/def/checkxlinkurl.template.feature
caller: classpath:InspireTest/ngr/datasetrecords/check-known-dataset-record.feature
items: [{link=http://nationaalgeoregister.nl/geonetwork/srv/dut/catalog.search#/metadata/247a1d15-0a67-40ce-85be-1403c08f15a8}, {link=xlink:href=https://inspire.ec.europa.eu/id/document/tg/ps}, {link=https://data.overheid.nl/organisatie/PDOK}]
errors:
-------
feature call (loop) failed at index: 1
caller: classpath:InspireTest/ngr/datasetrecords/def/checkxlinkurl.template.feature
arg: {"link":"xlink:href=https://inspire.ec.europa.eu/id/document/tg/ps"}
checkxlinkurl.template.feature:14 - 
org.apache.http.client.ClientProtocolException: URI does not specify a valid host name: xlink:href=https://inspire.ec.europa.eu/id/document/tg/ps
-------
feature call (loop) failed at index: 2
caller: classpath:InspireTest/ngr/datasetrecords/def/checkxlinkurl.template.feature
arg: {"link":"https://data.overheid.nl/organisatie/PDOK"}
checkxlinkurl.template.feature:22 - path: $, actual: 404, expected: 200, reason: not equal (Integer)
[1.2:16] check-known-dataset-record.feature:79 - feature call (loop) failed: classpath:InspireTest/ngr/datasetrecords/def/checkxlinkurl.template.feature
caller: classpath:InspireTest/ngr/datasetrecords/check-known-dataset-record.feature
items: [{link=http://kadaster/06b6c650-cdb1-11dd-ad8b-0800200c9a79}]
errors:
-------
feature call (loop) failed at index: 0
caller: classpath:InspireTest/ngr/datasetrecords/def/checkxlinkurl.template.feature
arg: {"link":"http://kadaster/06b6c650-cdb1-11dd-ad8b-0800200c9a79"}
checkxlinkurl.template.feature:14 - 
java.net.UnknownHostException: kadaster: Temporary failure in name resolution
[1.3:16] check-known-dataset-record.feature:79 - feature call (loop) failed: classpath:InspireTest/ngr/datasetrecords/def/checkxlinkurl.template.feature
caller: classpath:InspireTest/ngr/datasetrecords/check-known-dataset-record.feature
items: [{link=https://data.rivm.nl/inspire/id#64d546c9-71d4-4c84-a04c-61c5d0734f65}]
errors:
-------
feature call (loop) failed at index: 0
caller: classpath:InspireTest/ngr/datasetrecords/def/checkxlinkurl.template.feature
arg: {"link":"https://data.rivm.nl/inspire/id#64d546c9-71d4-4c84-a04c-61c5d0734f65"}
checkxlinkurl.template.feature:14 - 
javax.net.ssl.SSLException: Connection reset
[1.4:16] check-known-dataset-record.feature:79 - feature call (loop) failed: classpath:InspireTest/ngr/datasetrecords/def/checkxlinkurl.template.feature
caller: classpath:InspireTest/ngr/datasetrecords/check-known-dataset-record.feature
items: [{link=http://www.opengis.net/def/crs/EPSG/0/https://www.opengis.net/def/crs/EPSG/0/4258}, {link=https://www.nationaalgeoregister.nl/geonetwork/srv/api/recordsbe6551de-a709-4c6d-a5e2-f63f0cf038ba}]
errors:
-------
feature call (loop) failed at index: 1
caller: classpath:InspireTest/ngr/datasetrecords/def/checkxlinkurl.template.feature
arg: {"link":"https://www.nationaalgeoregister.nl/geonetwork/srv/api/recordsbe6551de-a709-4c6d-a5e2-f63f0cf038ba"}
checkxlinkurl.template.feature:22 - path: $, actual: 500, expected: 200, reason: not equal (Integer)
[1.5:16] check-known-dataset-record.feature:79 - feature call (loop) failed: classpath:InspireTest/ngr/datasetrecords/def/checkxlinkurl.template.feature
caller: classpath:InspireTest/ngr/datasetrecords/check-known-dataset-record.feature
items: [{link=http://www.opengis.net/def/crs/EPSG/0/http://www.opengis.net/def/crs/EPSG/0/4258}, {link=http://kadaster/80b2d12c-32be-54fg-b6d3—34f4ffc06cf3}]
errors:
-------
feature call (loop) failed at index: 1
caller: classpath:InspireTest/ngr/datasetrecords/def/checkxlinkurl.template.feature
arg: {"link":"http://kadaster/80b2d12c-32be-54fg-b6d3\u201434f4ffc06cf3"}
checkxlinkurl.template.feature:14 - 
java.net.UnknownHostException: kadaster
[1.6:16] check-known-dataset-record.feature:79 - feature call (loop) failed: classpath:InspireTest/ngr/datasetrecords/def/checkxlinkurl.template.feature
caller: classpath:InspireTest/ngr/datasetrecords/check-known-dataset-record.feature
items: [{link=http://kadaster/2482250f-3b00-4439-9f93-f3118229b017}, {link=}, {link=}, {link=}]
errors:
-------
feature call (loop) failed at index: 0
caller: classpath:InspireTest/ngr/datasetrecords/def/checkxlinkurl.template.feature
arg: {"link":"http://kadaster/2482250f-3b00-4439-9f93-f3118229b017"}
checkxlinkurl.template.feature:14 - 
java.net.UnknownHostException: kadaster
-------
feature call (loop) failed at index: 1
caller: classpath:InspireTest/ngr/datasetrecords/def/checkxlinkurl.template.feature
arg: {"link":""}
checkxlinkurl.template.feature:14 - 
org.apache.http.client.ClientProtocolException
-------
feature call (loop) failed at index: 2
caller: classpath:InspireTest/ngr/datasetrecords/def/checkxlinkurl.template.feature
arg: {"link":""}
checkxlinkurl.template.feature:14 - 
org.apache.http.client.ClientProtocolException
-------
feature call (loop) failed at index: 3
caller: classpath:InspireTest/ngr/datasetrecords/def/checkxlinkurl.template.feature
arg: {"link":""}
checkxlinkurl.template.feature:14 - 
org.apache.http.client.ClientProtocolException
[1.7:16] check-known-dataset-record.feature:79 - feature call (loop) failed: classpath:InspireTest/ngr/datasetrecords/def/checkxlinkurl.template.feature
caller: classpath:InspireTest/ngr/datasetrecords/check-known-dataset-record.feature
items: [{link=h}, {link=t}, {link=t}, {link=p}, {link=:}, {link=/}, {link=/}, {link=s}, {link=t}, {link=a}, {link=n}, {link=d}, {link=a}, {link=r}, {link=d}, {link=s}, {link=.}, {link=i}, {link=s}, {link=o}, {link=.}, {link=o}, {link=r}, {link=g}, {link=/}, {link=i}, {link=t}, {link=t}, {link=f}, {link=/}, {link=P}, {link=u}, {link=b}, {link=l}, {link=i}, {link=c}, {link=l}, {link=y}, {link=A}, {link=v}, {link=a}, {link=i}, {link=l}, {link=a}, {link=b}, {link=l}, {link=e}, {link=S}, {link=t}, {link=a}, {link=n}, {link=d}, {link=a}, {link=r}, {link=d}, {link=s}, {link=/}, {link=I}, {link=S}, {link=O}, {link=_}, {link=1}, {link=9}, {link=1}, {link=3}, {link=9}, {link=_}, {link=S}, {link=c}, {link=h}, {link=e}, {link=m}, {link=a}, {link=s}, {link=/}, {link=r}, {link=e}, {link=s}, {link=o}, {link=u}, {link=r}, {link=c}, {link=e}, {link=s}, {link=/}, {link=u}, {link=o}, {link=m}, {link=/}, {link=g}, {link=m}, {link=x}, {link=U}, {link=o}, {link=m}, {link=.}, {link=x}, {link=m}, {link=l}, {link=#}, {link=m}]
errors:
-------
feature call (loop) failed at index: 0
caller: classpath:InspireTest/ngr/datasetrecords/def/checkxlinkurl.template.feature
arg: {"link":"h"}
checkxlinkurl.template.feature:14 - 
org.apache.http.client.ClientProtocolException
-------
feature call (loop) failed at index: 1
caller: classpath:InspireTest/ngr/datasetrecords/def/checkxlinkurl.template.feature
arg: {"link":"t"}
checkxlinkurl.template.feature:14 - 
org.apache.http.client.ClientProtocolException
-------
feature call (loop) failed at index: 2
caller: classpath:InspireTest/ngr/datasetrecords/def/checkxlinkurl.template.feature
arg: {"link":"t"}
checkxlinkurl.template.feature:14 - 
org.apache.http.client.ClientProtocolException
-------
feature call (loop) failed at index: 3
caller: classpath:InspireTest/ngr/datasetrecords/def/checkxlinkurl.template.feature
arg: {"link":"p"}
checkxlinkurl.template.feature:14 - 
org.apache.http.client.ClientProtocolException
-------
feature call (loop) failed at index: 4
caller: classpath:InspireTest/ngr/datasetrecords/def/checkxlinkurl.template.feature
arg: {"link":":"}
checkxlinkurl.template.feature:14 - java.net.URISyntaxException: Expected scheme name at index 0: :
-------
feature call (loop) failed at index: 5
caller: classpath:InspireTest/ngr/datasetrecords/def/checkxlinkurl.template.feature
arg: {"link":"/"}
checkxlinkurl.template.feature:14 - 
org.apache.http.client.ClientProtocolException
-------
feature call (loop) failed at index: 6
caller: classpath:InspireTest/ngr/datasetrecords/def/checkxlinkurl.template.feature
arg: {"link":"/"}
checkxlinkurl.template.feature:14 - 
org.apache.http.client.ClientProtocolException
-------
feature call (loop) failed at index: 7
caller: classpath:InspireTest/ngr/datasetrecords/def/checkxlinkurl.template.feature
arg: {"link":"s"}
checkxlinkurl.template.feature:14 - 
org.apache.http.client.ClientProtocolException
-------
feature call (loop) failed at index: 8
caller: classpath:InspireTest/ngr/datasetrecords/def/checkxlinkurl.template.feature
arg: {"link":"t"}
checkxlinkurl.template.feature:14 - 
org.apache.http.client.ClientProtocolException
-------
feature call (loop) failed at index: 9
caller: classpath:InspireTest/ngr/datasetrecords/def/checkxlinkurl.template.feature
arg: {"link":"a"}
checkxlinkurl.template.feature:14 - 
org.apache.http.client.ClientProtocolException
-------
feature call (loop) failed at index: 10
caller: classpath:InspireTest/ngr/datasetrecords/def/checkxlinkurl.template.feature
arg: {"link":"n"}
checkxlinkurl.template.feature:14 - 
org.apache.http.client.ClientProtocolException
-------
feature call (loop) failed at index: 11
caller: classpath:InspireTest/ngr/datasetrecords/def/checkxlinkurl.template.feature
arg: {"link":"d"}
checkxlinkurl.template.feature:14 - 
org.apache.http.client.ClientProtocolException
-------
feature call (loop) failed at index: 12
caller: classpath:InspireTest/ngr/datasetrecords/def/checkxlinkurl.template.feature
arg: {"link":"a"}
checkxlinkurl.template.feature:14 - 
org.apache.http.client.ClientProtocolException
-------
feature call (loop) failed at index: 13
caller: classpath:InspireTest/ngr/datasetrecords/def/checkxlinkurl.template.feature
arg: {"link":"r"}
checkxlinkurl.template.feature:14 - 
org.apache.http.client.ClientProtocolException
-------
feature call (loop) failed at index: 14
caller: classpath:InspireTest/ngr/datasetrecords/def/checkxlinkurl.template.feature
arg: {"link":"d"}
checkxlinkurl.template.feature:14 - 
org.apache.http.client.ClientProtocolException
-------
feature call (loop) failed at index: 15
caller: classpath:InspireTest/ngr/datasetrecords/def/checkxlinkurl.template.feature
arg: {"link":"s"}
checkxlinkurl.template.feature:14 - 
org.apache.http.client.ClientProtocolException
-------
feature call (loop) failed at index: 16
caller: classpath:InspireTest/ngr/datasetrecords/def/checkxlinkurl.template.feature
arg: {"link":"."}
checkxlinkurl.template.feature:14 - 
org.apache.http.client.ClientProtocolException
-------
feature call (loop) failed at index: 17
caller: classpath:InspireTest/ngr/datasetrecords/def/checkxlinkurl.template.feature
arg: {"link":"i"}
checkxlinkurl.template.feature:14 - 
org.apache.http.client.ClientProtocolException
-------
feature call (loop) failed at index: 18
caller: classpath:InspireTest/ngr/datasetrecords/def/checkxlinkurl.template.feature
arg: {"link":"s"}
checkxlinkurl.template.feature:14 - 
org.apache.http.client.ClientProtocolException
-------
feature call (loop) failed at index: 19
caller: classpath:InspireTest/ngr/datasetrecords/def/checkxlinkurl.template.feature
arg: {"link":"o"}
checkxlinkurl.template.feature:14 - 
org.apache.http.client.ClientProtocolException
-------
feature call (loop) failed at index: 20
caller: classpath:InspireTest/ngr/datasetrecords/def/checkxlinkurl.template.feature
arg: {"link":"."}
checkxlinkurl.template.feature:14 - 
org.apache.http.client.ClientProtocolException
-------
feature call (loop) failed at index: 21
caller: classpath:InspireTest/ngr/datasetrecords/def/checkxlinkurl.template.feature
arg: {"link":"o"}
checkxlinkurl.template.feature:14 - 
org.apache.http.client.ClientProtocolException
-------
feature call (loop) failed at index: 22
caller: classpath:InspireTest/ngr/datasetrecords/def/checkxlinkurl.template.feature
arg: {"link":"r"}
checkxlinkurl.template.feature:14 - 
org.apache.http.client.ClientProtocolException
-------
feature call (loop) failed at index: 23
caller: classpath:InspireTest/ngr/datasetrecords/def/checkxlinkurl.template.feature
arg: {"link":"g"}
checkxlinkurl.template.feature:14 - 
org.apache.http.client.ClientProtocolException
-------
feature call (loop) failed at index: 24
caller: classpath:InspireTest/ngr/datasetrecords/def/checkxlinkurl.template.feature
arg: {"link":"/"}
checkxlinkurl.template.feature:14 - 
org.apache.http.client.ClientProtocolException
-------
feature call (loop) failed at index: 25
caller: classpath:InspireTest/ngr/datasetrecords/def/checkxlinkurl.template.feature
arg: {"link":"i"}
checkxlinkurl.template.feature:14 - 
org.apache.http.client.ClientProtocolException
-------
feature call (loop) failed at index: 26
caller: classpath:InspireTest/ngr/datasetrecords/def/checkxlinkurl.template.feature
arg: {"link":"t"}
checkxlinkurl.template.feature:14 - 
org.apache.http.client.ClientProtocolException
-------
feature call (loop) failed at index: 27
caller: classpath:InspireTest/ngr/datasetrecords/def/checkxlinkurl.template.feature
arg: {"link":"t"}
checkxlinkurl.template.feature:14 - 
org.apache.http.client.ClientProtocolException
-------
feature call (loop) failed at index: 28
caller: classpath:InspireTest/ngr/datasetrecords/def/checkxlinkurl.template.feature
arg: {"link":"f"}
checkxlinkurl.template.feature:14 - 
org.apache.http.client.ClientProtocolException
-------
feature call (loop) failed at index: 29
caller: classpath:InspireTest/ngr/datasetrecords/def/checkxlinkurl.template.feature
arg: {"link":"/"}
checkxlinkurl.template.feature:14 - 
org.apache.http.client.ClientProtocolException
-------
feature call (loop) failed at index: 30
caller: classpath:InspireTest/ngr/datasetrecords/def/checkxlinkurl.template.feature
arg: {"link":"P"}
checkxlinkurl.template.feature:14 - 
org.apache.http.client.ClientProtocolException
-------
feature call (loop) failed at index: 31
caller: classpath:InspireTest/ngr/datasetrecords/def/checkxlinkurl.template.feature
arg: {"link":"u"}
checkxlinkurl.template.feature:14 - 
org.apache.http.client.ClientProtocolException
-------
feature call (loop) failed at index: 32
caller: classpath:InspireTest/ngr/datasetrecords/def/checkxlinkurl.template.feature
arg: {"link":"b"}
checkxlinkurl.template.feature:14 - 
org.apache.http.client.ClientProtocolException
-------
feature call (loop) failed at index: 33
caller: classpath:InspireTest/ngr/datasetrecords/def/checkxlinkurl.template.feature
arg: {"link":"l"}
checkxlinkurl.template.feature:14 - 
org.apache.http.client.ClientProtocolException
-------
feature call (loop) failed at index: 34
caller: classpath:InspireTest/ngr/datasetrecords/def/checkxlinkurl.template.feature
arg: {"link":"i"}
checkxlinkurl.template.feature:14 - 
org.apache.http.client.ClientProtocolException
-------
feature call (loop) failed at index: 35
caller: classpath:InspireTest/ngr/datasetrecords/def/checkxlinkurl.template.feature
arg: {"link":"c"}
checkxlinkurl.template.feature:14 - 
org.apache.http.client.ClientProtocolException
-------
feature call (loop) failed at index: 36
caller: classpath:InspireTest/ngr/datasetrecords/def/checkxlinkurl.template.feature
arg: {"link":"l"}
checkxlinkurl.template.feature:14 - 
org.apache.http.client.ClientProtocolException
-------
feature call (loop) failed at index: 37
caller: classpath:InspireTest/ngr/datasetrecords/def/checkxlinkurl.template.feature
arg: {"link":"y"}
checkxlinkurl.template.feature:14 - 
org.apache.http.client.ClientProtocolException
-------
feature call (loop) failed at index: 38
caller: classpath:InspireTest/ngr/datasetrecords/def/checkxlinkurl.template.feature
arg: {"link":"A"}
checkxlinkurl.template.feature:14 - 
org.apache.http.client.ClientProtocolException
-------
feature call (loop) failed at index: 39
caller: classpath:InspireTest/ngr/datasetrecords/def/checkxlinkurl.template.feature
arg: {"link":"v"}
checkxlinkurl.template.feature:14 - 
org.apache.http.client.ClientProtocolException
-------
feature call (loop) failed at index: 40
caller: classpath:InspireTest/ngr/datasetrecords/def/checkxlinkurl.template.feature
arg: {"link":"a"}
checkxlinkurl.template.feature:14 - 
org.apache.http.client.ClientProtocolException
-------
feature call (loop) failed at index: 41
caller: classpath:InspireTest/ngr/datasetrecords/def/checkxlinkurl.template.feature
arg: {"link":"i"}
checkxlinkurl.template.feature:14 - 
org.apache.http.client.ClientProtocolException
-------
feature call (loop) failed at index: 42
caller: classpath:InspireTest/ngr/datasetrecords/def/checkxlinkurl.template.feature
arg: {"link":"l"}
checkxlinkurl.template.feature:14 - 
org.apache.http.client.ClientProtocolException
-------
feature call (loop) failed at index: 43
caller: classpath:InspireTest/ngr/datasetrecords/def/checkxlinkurl.template.feature
arg: {"link":"a"}
checkxlinkurl.template.feature:14 - 
org.apache.http.client.ClientProtocolException
-------
feature call (loop) failed at index: 44
caller: classpath:InspireTest/ngr/datasetrecords/def/checkxlinkurl.template.feature
arg: {"link":"b"}
checkxlinkurl.template.feature:14 - 
org.apache.http.client.ClientProtocolException
-------
feature call (loop) failed at index: 45
caller: classpath:InspireTest/ngr/datasetrecords/def/checkxlinkurl.template.feature
arg: {"link":"l"}
checkxlinkurl.template.feature:14 - 
org.apache.http.client.ClientProtocolException
-------
feature call (loop) failed at index: 46
caller: classpath:InspireTest/ngr/datasetrecords/def/checkxlinkurl.template.feature
arg: {"link":"e"}
checkxlinkurl.template.feature:14 - 
org.apache.http.client.ClientProtocolException
-------
feature call (loop) failed at index: 47
caller: classpath:InspireTest/ngr/datasetrecords/def/checkxlinkurl.template.feature
arg: {"link":"S"}
checkxlinkurl.template.feature:14 - 
org.apache.http.client.ClientProtocolException
-------
feature call (loop) failed at index: 48
caller: classpath:InspireTest/ngr/datasetrecords/def/checkxlinkurl.template.feature
arg: {"link":"t"}
checkxlinkurl.template.feature:14 - 
org.apache.http.client.ClientProtocolException
-------
feature call (loop) failed at index: 49
caller: classpath:InspireTest/ngr/datasetrecords/def/checkxlinkurl.template.feature
arg: {"link":"a"}
checkxlinkurl.template.feature:14 - 
org.apache.http.client.ClientProtocolException
-------
feature call (loop) failed at index: 50
caller: classpath:InspireTest/ngr/datasetrecords/def/checkxlinkurl.template.feature
arg: {"link":"n"}
checkxlinkurl.template.feature:14 - 
org.apache.http.client.ClientProtocolException
-------
feature call (loop) failed at index: 51
caller: classpath:InspireTest/ngr/datasetrecords/def/checkxlinkurl.template.feature
arg: {"link":"d"}
checkxlinkurl.template.feature:14 - 
org.apache.http.client.ClientProtocolException
-------
feature call (loop) failed at index: 52
caller: classpath:InspireTest/ngr/datasetrecords/def/checkxlinkurl.template.feature
arg: {"link":"a"}
checkxlinkurl.template.feature:14 - 
org.apache.http.client.ClientProtocolException
-------
feature call (loop) failed at index: 53
caller: classpath:InspireTest/ngr/datasetrecords/def/checkxlinkurl.template.feature
arg: {"link":"r"}
checkxlinkurl.template.feature:14 - 
org.apache.http.client.ClientProtocolException
-------
feature call (loop) failed at index: 54
caller: classpath:InspireTest/ngr/datasetrecords/def/checkxlinkurl.template.feature
arg: {"link":"d"}
checkxlinkurl.template.feature:14 - 
org.apache.http.client.ClientProtocolException
-------
feature call (loop) failed at index: 55
caller: classpath:InspireTest/ngr/datasetrecords/def/checkxlinkurl.template.feature
arg: {"link":"s"}
checkxlinkurl.template.feature:14 - 
org.apache.http.client.ClientProtocolException
-------
feature call (loop) failed at index: 56
caller: classpath:InspireTest/ngr/datasetrecords/def/checkxlinkurl.template.feature
arg: {"link":"/"}
checkxlinkurl.template.feature:14 - 
org.apache.http.client.ClientProtocolException
-------
feature call (loop) failed at index: 57
caller: classpath:InspireTest/ngr/datasetrecords/def/checkxlinkurl.template.feature
arg: {"link":"I"}
checkxlinkurl.template.feature:14 - 
org.apache.http.client.ClientProtocolException
-------
feature call (loop) failed at index: 58
caller: classpath:InspireTest/ngr/datasetrecords/def/checkxlinkurl.template.feature
arg: {"link":"S"}
checkxlinkurl.template.feature:14 - 
org.apache.http.client.ClientProtocolException
-------
feature call (loop) failed at index: 59
caller: classpath:InspireTest/ngr/datasetrecords/def/checkxlinkurl.template.feature
arg: {"link":"O"}
checkxlinkurl.template.feature:14 - 
org.apache.http.client.ClientProtocolException
-------
feature call (loop) failed at index: 60
caller: classpath:InspireTest/ngr/datasetrecords/def/checkxlinkurl.template.feature
arg: {"link":"_"}
checkxlinkurl.template.feature:14 - 
org.apache.http.client.ClientProtocolException
-------
feature call (loop) failed at index: 61
caller: classpath:InspireTest/ngr/datasetrecords/def/checkxlinkurl.template.feature
arg: {"link":"1"}
checkxlinkurl.template.feature:14 - 
org.apache.http.client.ClientProtocolException
-------
feature call (loop) failed at index: 62
caller: classpath:InspireTest/ngr/datasetrecords/def/checkxlinkurl.template.feature
arg: {"link":"9"}
checkxlinkurl.template.feature:14 - 
org.apache.http.client.ClientProtocolException
-------
feature call (loop) failed at index: 63
caller: classpath:InspireTest/ngr/datasetrecords/def/checkxlinkurl.template.feature
arg: {"link":"1"}
checkxlinkurl.template.feature:14 - 
org.apache.http.client.ClientProtocolException
-------
feature call (loop) failed at index: 64
caller: classpath:InspireTest/ngr/datasetrecords/def/checkxlinkurl.template.feature
arg: {"link":"3"}
checkxlinkurl.template.feature:14 - 
org.apache.http.client.ClientProtocolException
-------
feature call (loop) failed at index: 65
caller: classpath:InspireTest/ngr/datasetrecords/def/checkxlinkurl.template.feature
arg: {"link":"9"}
checkxlinkurl.template.feature:14 - 
org.apache.http.client.ClientProtocolException
-------
feature call (loop) failed at index: 66
caller: classpath:InspireTest/ngr/datasetrecords/def/checkxlinkurl.template.feature
arg: {"link":"_"}
checkxlinkurl.template.feature:14 - 
org.apache.http.client.ClientProtocolException
-------
feature call (loop) failed at index: 67
caller: classpath:InspireTest/ngr/datasetrecords/def/checkxlinkurl.template.feature
arg: {"link":"S"}
checkxlinkurl.template.feature:14 - 
org.apache.http.client.ClientProtocolException
-------
feature call (loop) failed at index: 68
caller: classpath:InspireTest/ngr/datasetrecords/def/checkxlinkurl.template.feature
arg: {"link":"c"}
checkxlinkurl.template.feature:14 - 
org.apache.http.client.ClientProtocolException
-------
feature call (loop) failed at index: 69
caller: classpath:InspireTest/ngr/datasetrecords/def/checkxlinkurl.template.feature
arg: {"link":"h"}
checkxlinkurl.template.feature:14 - 
org.apache.http.client.ClientProtocolException
-------
feature call (loop) failed at index: 70
caller: classpath:InspireTest/ngr/datasetrecords/def/checkxlinkurl.template.feature
arg: {"link":"e"}
checkxlinkurl.template.feature:14 - 
org.apache.http.client.ClientProtocolException
-------
feature call (loop) failed at index: 71
caller: classpath:InspireTest/ngr/datasetrecords/def/checkxlinkurl.template.feature
arg: {"link":"m"}
checkxlinkurl.template.feature:14 - 
org.apache.http.client.ClientProtocolException
-------
feature call (loop) failed at index: 72
caller: classpath:InspireTest/ngr/datasetrecords/def/checkxlinkurl.template.feature
arg: {"link":"a"}
checkxlinkurl.template.feature:14 - 
org.apache.http.client.ClientProtocolException
-------
feature call (loop) failed at index: 73
caller: classpath:InspireTest/ngr/datasetrecords/def/checkxlinkurl.template.feature
arg: {"link":"s"}
checkxlinkurl.template.feature:14 - 
org.apache.http.client.ClientProtocolException
-------
feature call (loop) failed at index: 74
caller: classpath:InspireTest/ngr/datasetrecords/def/checkxlinkurl.template.feature
arg: {"link":"/"}
checkxlinkurl.template.feature:14 - 
org.apache.http.client.ClientProtocolException
-------
feature call (loop) failed at index: 75
caller: classpath:InspireTest/ngr/datasetrecords/def/checkxlinkurl.template.feature
arg: {"link":"r"}
checkxlinkurl.template.feature:14 - 
org.apache.http.client.ClientProtocolException
-------
feature call (loop) failed at index: 76
caller: classpath:InspireTest/ngr/datasetrecords/def/checkxlinkurl.template.feature
arg: {"link":"e"}
checkxlinkurl.template.feature:14 - 
org.apache.http.client.ClientProtocolException
-------
feature call (loop) failed at index: 77
caller: classpath:InspireTest/ngr/datasetrecords/def/checkxlinkurl.template.feature
arg: {"link":"s"}
checkxlinkurl.template.feature:14 - 
org.apache.http.client.ClientProtocolException
-------
feature call (loop) failed at index: 78
caller: classpath:InspireTest/ngr/datasetrecords/def/checkxlinkurl.template.feature
arg: {"link":"o"}
checkxlinkurl.template.feature:14 - 
org.apache.http.client.ClientProtocolException
-------
feature call (loop) failed at index: 79
caller: classpath:InspireTest/ngr/datasetrecords/def/checkxlinkurl.template.feature
arg: {"link":"u"}
checkxlinkurl.template.feature:14 - 
org.apache.http.client.ClientProtocolException
-------
feature call (loop) failed at index: 80
caller: classpath:InspireTest/ngr/datasetrecords/def/checkxlinkurl.template.feature
arg: {"link":"r"}
checkxlinkurl.template.feature:14 - 
org.apache.http.client.ClientProtocolException
-------
feature call (loop) failed at index: 81
caller: classpath:InspireTest/ngr/datasetrecords/def/checkxlinkurl.template.feature
arg: {"link":"c"}
checkxlinkurl.template.feature:14 - 
org.apache.http.client.ClientProtocolException
-------
feature call (loop) failed at index: 82
caller: classpath:InspireTest/ngr/datasetrecords/def/checkxlinkurl.template.feature
arg: {"link":"e"}
checkxlinkurl.template.feature:14 - 
org.apache.http.client.ClientProtocolException
-------
feature call (loop) failed at index: 83
caller: classpath:InspireTest/ngr/datasetrecords/def/checkxlinkurl.template.feature
arg: {"link":"s"}
checkxlinkurl.template.feature:14 - 
org.apache.http.client.ClientProtocolException
-------
feature call (loop) failed at index: 84
caller: classpath:InspireTest/ngr/datasetrecords/def/checkxlinkurl.template.feature
arg: {"link":"/"}
checkxlinkurl.template.feature:14 - 
org.apache.http.client.ClientProtocolException
-------
feature call (loop) failed at index: 85
caller: classpath:InspireTest/ngr/datasetrecords/def/checkxlinkurl.template.feature
arg: {"link":"u"}
checkxlinkurl.template.feature:14 - 
org.apache.http.client.ClientProtocolException
-------
feature call (loop) failed at index: 86
caller: classpath:InspireTest/ngr/datasetrecords/def/checkxlinkurl.template.feature
arg: {"link":"o"}
checkxlinkurl.template.feature:14 - 
org.apache.http.client.ClientProtocolException
-------
feature call (loop) failed at index: 87
caller: classpath:InspireTest/ngr/datasetrecords/def/checkxlinkurl.template.feature
arg: {"link":"m"}
checkxlinkurl.template.feature:14 - 
org.apache.http.client.ClientProtocolException
-------
feature call (loop) failed at index: 88
caller: classpath:InspireTest/ngr/datasetrecords/def/checkxlinkurl.template.feature
arg: {"link":"/"}
checkxlinkurl.template.feature:14 - 
org.apache.http.client.ClientProtocolException
-------
feature call (loop) failed at index: 89
caller: classpath:InspireTest/ngr/datasetrecords/def/checkxlinkurl.template.feature
arg: {"link":"g"}
checkxlinkurl.template.feature:14 - 
org.apache.http.client.ClientProtocolException
-------
feature call (loop) failed at index: 90
caller: classpath:InspireTest/ngr/datasetrecords/def/checkxlinkurl.template.feature
arg: {"link":"m"}
checkxlinkurl.template.feature:14 - 
org.apache.http.client.ClientProtocolException
-------
feature call (loop) failed at index: 91
caller: classpath:InspireTest/ngr/datasetrecords/def/checkxlinkurl.template.feature
arg: {"link":"x"}
checkxlinkurl.template.feature:14 - 
org.apache.http.client.ClientProtocolException
-------
feature call (loop) failed at index: 92
caller: classpath:InspireTest/ngr/datasetrecords/def/checkxlinkurl.template.feature
arg: {"link":"U"}
checkxlinkurl.template.feature:14 - 
org.apache.http.client.ClientProtocolException
-------
feature call (loop) failed at index: 93
caller: classpath:InspireTest/ngr/datasetrecords/def/checkxlinkurl.template.feature
arg: {"link":"o"}
checkxlinkurl.template.feature:14 - 
org.apache.http.client.ClientProtocolException
-------
feature call (loop) failed at index: 94
caller: classpath:InspireTest/ngr/datasetrecords/def/checkxlinkurl.template.feature
arg: {"link":"m"}
checkxlinkurl.template.feature:14 - 
org.apache.http.client.ClientProtocolException
-------
feature call (loop) failed at index: 95
caller: classpath:InspireTest/ngr/datasetrecords/def/checkxlinkurl.template.feature
arg: {"link":"."}
checkxlinkurl.template.feature:14 - 
org.apache.http.client.ClientProtocolException
-------
feature call (loop) failed at index: 96
caller: classpath:InspireTest/ngr/datasetrecords/def/checkxlinkurl.template.feature
arg: {"link":"x"}
checkxlinkurl.template.feature:14 - 
org.apache.http.client.ClientProtocolException
-------
feature call (loop) failed at index: 97
caller: classpath:InspireTest/ngr/datasetrecords/def/checkxlinkurl.template.feature
arg: {"link":"m"}
checkxlinkurl.template.feature:14 - 
org.apache.http.client.ClientProtocolException
-------
feature call (loop) failed at index: 98
caller: classpath:InspireTest/ngr/datasetrecords/def/checkxlinkurl.template.feature
arg: {"link":"l"}
checkxlinkurl.template.feature:14 - 
org.apache.http.client.ClientProtocolException
-------
feature call (loop) failed at index: 99
caller: classpath:InspireTest/ngr/datasetrecords/def/checkxlinkurl.template.feature
arg: {"link":"#"}
checkxlinkurl.template.feature:14 - 
org.apache.http.client.ClientProtocolException
-------
feature call (loop) failed at index: 100
caller: classpath:InspireTest/ngr/datasetrecords/def/checkxlinkurl.template.feature
arg: {"link":"m"}
checkxlinkurl.template.feature:14 - 
org.apache.http.client.ClientProtocolException
[1.9:16] check-known-dataset-record.feature:79 - feature call (loop) failed: classpath:InspireTest/ngr/datasetrecords/def/checkxlinkurl.template.feature
caller: classpath:InspireTest/ngr/datasetrecords/check-known-dataset-record.feature
items: [{link=http://www.opengis.net/def/crs/EPSG/0/http://www.opengis.net/def/crs/EPSG/0/4258}, {link=http://kadaster/70a0f618-9d4f-4be9-9d9d-11106ff6971c}]
errors:
-------
feature call (loop) failed at index: 1
caller: classpath:InspireTest/ngr/datasetrecords/def/checkxlinkurl.template.feature
arg: {"link":"http://kadaster/70a0f618-9d4f-4be9-9d9d-11106ff6971c"}
checkxlinkurl.template.feature:14 - 
java.net.UnknownHostException: kadaster
[1.10:16] check-known-dataset-record.feature:79 - feature call (loop) failed: classpath:InspireTest/ngr/datasetrecords/def/checkxlinkurl.template.feature
caller: classpath:InspireTest/ngr/datasetrecords/check-known-dataset-record.feature
items: [{link=http://kadaster/06b6c650-cdb1-11dd-ad8b-0800200c9a80}]
errors:
-------
feature call (loop) failed at index: 0
caller: classpath:InspireTest/ngr/datasetrecords/def/checkxlinkurl.template.feature
arg: {"link":"http://kadaster/06b6c650-cdb1-11dd-ad8b-0800200c9a80"}
checkxlinkurl.template.feature:14 - 
java.net.UnknownHostException: kadaster
[1.11:16] check-known-dataset-record.feature:79 - feature call (loop) failed: classpath:InspireTest/ngr/datasetrecords/def/checkxlinkurl.template.feature
caller: classpath:InspireTest/ngr/datasetrecords/check-known-dataset-record.feature
items: [{link=https://data.rivm.nl/inspire/id#90bab79d-5f92-4aaa-8edc-99195438ef65}]
errors:
-------
feature call (loop) failed at index: 0
caller: classpath:InspireTest/ngr/datasetrecords/def/checkxlinkurl.template.feature
arg: {"link":"https://data.rivm.nl/inspire/id#90bab79d-5f92-4aaa-8edc-99195438ef65"}
checkxlinkurl.template.feature:14 - 
javax.net.ssl.SSLException: Connection reset
[1.12:16] check-known-dataset-record.feature:79 - feature call (loop) failed: classpath:InspireTest/ngr/datasetrecords/def/checkxlinkurl.template.feature
caller: classpath:InspireTest/ngr/datasetrecords/check-known-dataset-record.feature
items: [{link=http://www.opengis.net/def/crs/EPSG/0/http://www.opengis.net/def/crs/EPSG/0/4258}, {link=http://kadaster/ed4caa3b-a49e-4a9a-8206-50a3cf451b9a}]
errors:
-------
feature call (loop) failed at index: 1
caller: classpath:InspireTest/ngr/datasetrecords/def/checkxlinkurl.template.feature
arg: {"link":"http://kadaster/ed4caa3b-a49e-4a9a-8206-50a3cf451b9a"}
checkxlinkurl.template.feature:14 - 
java.net.UnknownHostException: kadaster
[1.13:16] check-known-dataset-record.feature:79 - feature call (loop) failed: classpath:InspireTest/ngr/datasetrecords/def/checkxlinkurl.template.feature
caller: classpath:InspireTest/ngr/datasetrecords/check-known-dataset-record.feature
items: [{link=https://data.rivm.nl/inspire/id#722e3937-3e53-4048-97ef-1ced2c77f7dd}]
errors:
-------
feature call (loop) failed at index: 0
caller: classpath:InspireTest/ngr/datasetrecords/def/checkxlinkurl.template.feature
arg: {"link":"https://data.rivm.nl/inspire/id#722e3937-3e53-4048-97ef-1ced2c77f7dd"}
checkxlinkurl.template.feature:14 - 
javax.net.ssl.SSLException: Connection reset
[1.14:16] check-known-dataset-record.feature:79 - feature call (loop) failed: classpath:InspireTest/ngr/datasetrecords/def/checkxlinkurl.template.feature
caller: classpath:InspireTest/ngr/datasetrecords/check-known-dataset-record.feature
items: [{link=http://nationaalgeoregister.nl/geonetwork/srv/dut/catalog.search#/metadata/19165027-a13a-4c19-9013-ec1fd191019d}, {link=https://data.overheid.nl/organisatie/PDOK}]
errors:
-------
feature call (loop) failed at index: 1
caller: classpath:InspireTest/ngr/datasetrecords/def/checkxlinkurl.template.feature
arg: {"link":"https://data.overheid.nl/organisatie/PDOK"}
checkxlinkurl.template.feature:22 - path: $, actual: 404, expected: 200, reason: not equal (Integer)
[1.15:16] check-known-dataset-record.feature:47 - xpath does not exist: /GetRecordByIdResponse//@href on response
[1.16:16] check-known-dataset-record.feature:79 - feature call (loop) failed: classpath:InspireTest/ngr/datasetrecords/def/checkxlinkurl.template.feature
caller: classpath:InspireTest/ngr/datasetrecords/check-known-dataset-record.feature
items: [{link=https://www.nationaalgeoregister.nl/geonetwork/srv/api/recordsc3c004ad-5387-4b00-a225-9afbcaa5d31b}]
errors:
-------
feature call (loop) failed at index: 0
caller: classpath:InspireTest/ngr/datasetrecords/def/checkxlinkurl.template.feature
arg: {"link":"https://www.nationaalgeoregister.nl/geonetwork/srv/api/recordsc3c004ad-5387-4b00-a225-9afbcaa5d31b"}
checkxlinkurl.template.feature:22 - path: $, actual: 500, expected: 200, reason: not equal (Integer)
[1.17:16] check-known-dataset-record.feature:79 - feature call (loop) failed: classpath:InspireTest/ngr/datasetrecords/def/checkxlinkurl.template.feature
caller: classpath:InspireTest/ngr/datasetrecords/check-known-dataset-record.feature
items: [{link=http://kadaster/2482250f-3b00-4439-9f93-f3118229b015}, {link=}, {link=}, {link=}]
errors:
-------
feature call (loop) failed at index: 0
caller: classpath:InspireTest/ngr/datasetrecords/def/checkxlinkurl.template.feature
arg: {"link":"http://kadaster/2482250f-3b00-4439-9f93-f3118229b015"}
checkxlinkurl.template.feature:14 - 
java.net.UnknownHostException: kadaster
-------
feature call (loop) failed at index: 1
caller: classpath:InspireTest/ngr/datasetrecords/def/checkxlinkurl.template.feature
arg: {"link":""}
checkxlinkurl.template.feature:14 - 
org.apache.http.client.ClientProtocolException
-------
feature call (loop) failed at index: 2
caller: classpath:InspireTest/ngr/datasetrecords/def/checkxlinkurl.template.feature
arg: {"link":""}
checkxlinkurl.template.feature:14 - 
org.apache.http.client.ClientProtocolException
-------
feature call (loop) failed at index: 3
caller: classpath:InspireTest/ngr/datasetrecords/def/checkxlinkurl.template.feature
arg: {"link":""}
checkxlinkurl.template.feature:14 - 
org.apache.http.client.ClientProtocolException
[1.18:16] check-known-dataset-record.feature:79 - feature call (loop) failed: classpath:InspireTest/ngr/datasetrecords/def/checkxlinkurl.template.feature
caller: classpath:InspireTest/ngr/datasetrecords/check-known-dataset-record.feature
items: [{link=http://www.opengis.net/def/crs/EPSG/0/http://www.opengis.net/def/crs/EPSG/0/4258}, {link=http://kadaster/3b7bb05b-2d2e-4329-9a72-0eac19e315de}]
errors:
-------
feature call (loop) failed at index: 1
caller: classpath:InspireTest/ngr/datasetrecords/def/checkxlinkurl.template.feature
arg: {"link":"http://kadaster/3b7bb05b-2d2e-4329-9a72-0eac19e315de"}
checkxlinkurl.template.feature:14 - 
java.net.UnknownHostException: kadaster
[1.19:16] check-known-dataset-record.feature:79 - feature call (loop) failed: classpath:InspireTest/ngr/datasetrecords/def/checkxlinkurl.template.feature
caller: classpath:InspireTest/ngr/datasetrecords/check-known-dataset-record.feature
items: [{link=https://nationaalgeoregister.nl/geonetwork/srv/resources49e49382-674d-4ce8-9f4a-ba4dd2265eef}, {link=http://rdfdata.eionet.europa.eu/inspirethemes/themes/33}, {link=http://geonetwork-opensource.org/inspire-theme#}, {link=https://www.nationaalgeoregister.nl/geonetwork/srv/eng/thesaurus.download?ref=external.theme.inspire-theme}]
errors:
-------
feature call (loop) failed at index: 0
caller: classpath:InspireTest/ngr/datasetrecords/def/checkxlinkurl.template.feature
arg: {"link":"https://nationaalgeoregister.nl/geonetwork/srv/resources49e49382-674d-4ce8-9f4a-ba4dd2265eef"}
checkxlinkurl.template.feature:22 - path: $, actual: 404, expected: 200, reason: not equal (Integer)
-------
feature call (loop) failed at index: 1
caller: classpath:InspireTest/ngr/datasetrecords/def/checkxlinkurl.template.feature
arg: {"link":"http://rdfdata.eionet.europa.eu/inspirethemes/themes/33"}
checkxlinkurl.template.feature:22 - path: $, actual: 404, expected: 200, reason: not equal (Integer)
-------
feature call (loop) failed at index: 2
caller: classpath:InspireTest/ngr/datasetrecords/def/checkxlinkurl.template.feature
arg: {"link":"http://geonetwork-opensource.org/inspire-theme#"}
checkxlinkurl.template.feature:22 - path: $, actual: 404, expected: 200, reason: not equal (Integer)
-------
feature call (loop) failed at index: 3
caller: classpath:InspireTest/ngr/datasetrecords/def/checkxlinkurl.template.feature
arg: {"link":"https://www.nationaalgeoregister.nl/geonetwork/srv/eng/thesaurus.download?ref=external.theme.inspire-theme"}
checkxlinkurl.template.feature:22 - path: $, actual: 500, expected: 200, reason: not equal (Integer)
[1.20:16] check-known-dataset-record.feature:79 - feature call (loop) failed: classpath:InspireTest/ngr/datasetrecords/def/checkxlinkurl.template.feature
caller: classpath:InspireTest/ngr/datasetrecords/check-known-dataset-record.feature
items: [{link=http://www.opengis.net/def/crs/EPSG/0/http://www.opengis.net/def/crs/EPSG/0/4258}, {link=http://kadaster/df1a98c0-58ba-48ff-8825-b4fb6322c586}]
errors:
-------
feature call (loop) failed at index: 1
caller: classpath:InspireTest/ngr/datasetrecords/def/checkxlinkurl.template.feature
arg: {"link":"http://kadaster/df1a98c0-58ba-48ff-8825-b4fb6322c586"}
checkxlinkurl.template.feature:14 - 
java.net.UnknownHostException: kadaster
[1.21:16] check-known-dataset-record.feature:79 - feature call (loop) failed: classpath:InspireTest/ngr/datasetrecords/def/checkxlinkurl.template.feature
caller: classpath:InspireTest/ngr/datasetrecords/check-known-dataset-record.feature
items: [{link=https://data.rivm.nl/inspire/id#a3095f95-0ec7-46ff-ae14-ce2173e8fafa}]
errors:
-------
feature call (loop) failed at index: 0
caller: classpath:InspireTest/ngr/datasetrecords/def/checkxlinkurl.template.feature
arg: {"link":"https://data.rivm.nl/inspire/id#a3095f95-0ec7-46ff-ae14-ce2173e8fafa"}
checkxlinkurl.template.feature:14 - 
javax.net.ssl.SSLException: Connection reset
[1.22:16] check-known-dataset-record.feature:79 - feature call (loop) failed: classpath:InspireTest/ngr/datasetrecords/def/checkxlinkurl.template.feature
caller: classpath:InspireTest/ngr/datasetrecords/check-known-dataset-record.feature
items: [{link=https://data.rivm.nl/inspire?id#505e9f1e-84bc-4856-9771-4295db998bb6}]
errors:
-------
feature call (loop) failed at index: 0
caller: classpath:InspireTest/ngr/datasetrecords/def/checkxlinkurl.template.feature
arg: {"link":"https://data.rivm.nl/inspire?id#505e9f1e-84bc-4856-9771-4295db998bb6"}
checkxlinkurl.template.feature:22 - path: $, actual: 404, expected: 200, reason: not equal (Integer)
[1.23:16] check-known-dataset-record.feature:79 - feature call (loop) failed: classpath:InspireTest/ngr/datasetrecords/def/checkxlinkurl.template.feature
caller: classpath:InspireTest/ngr/datasetrecords/check-known-dataset-record.feature
items: [{link=https://monumentenregister.cultureelerfgoed.nl/sites/default/files/MRS/mrs-inspire.zip}]
errors:
-------
feature call (loop) failed at index: 0
caller: classpath:InspireTest/ngr/datasetrecords/def/checkxlinkurl.template.feature
arg: {"link":"https://monumentenregister.cultureelerfgoed.nl/sites/default/files/MRS/mrs-inspire.zip"}
checkxlinkurl.template.feature:22 - path: $, actual: 404, expected: 200, reason: not equal (Integer)
[1.24:16] check-known-dataset-record.feature:79 - feature call (loop) failed: classpath:InspireTest/ngr/datasetrecords/def/checkxlinkurl.template.feature
caller: classpath:InspireTest/ngr/datasetrecords/check-known-dataset-record.feature
items: [{link=http://www.opengis.net/def/crs/EPSG/0/http://www.opengis.net/def/crs/EPSG/0/4258}, {link=http://kadaster/0f9b8c87-80a6-435f-b3b3-e07c3918d344}]
errors:
-------
feature call (loop) failed at index: 1
caller: classpath:InspireTest/ngr/datasetrecords/def/checkxlinkurl.template.feature
arg: {"link":"http://kadaster/0f9b8c87-80a6-435f-b3b3-e07c3918d344"}
checkxlinkurl.template.feature:14 - 
java.net.UnknownHostException: kadaster
[1.25:16] check-known-dataset-record.feature:79 - feature call (loop) failed: classpath:InspireTest/ngr/datasetrecords/def/checkxlinkurl.template.feature
caller: classpath:InspireTest/ngr/datasetrecords/check-known-dataset-record.feature
items: [{link=https://data.rivm.nl/inspire/id#10fcd5a9-3804-48e3-bcbd-d816594dbb6f}]
errors:
-------
feature call (loop) failed at index: 0
caller: classpath:InspireTest/ngr/datasetrecords/def/checkxlinkurl.template.feature
arg: {"link":"https://data.rivm.nl/inspire/id#10fcd5a9-3804-48e3-bcbd-d816594dbb6f"}
checkxlinkurl.template.feature:14 - 
javax.net.ssl.SSLException: Connection reset
[1.28:16] check-known-dataset-record.feature:79 - feature call (loop) failed: classpath:InspireTest/ngr/datasetrecords/def/checkxlinkurl.template.feature
caller: classpath:InspireTest/ngr/datasetrecords/check-known-dataset-record.feature
items: [{link=https://ngr.acceptatie.nationaalgeoregister.nl/geonetwork/srv/resources34e95842-4e4e-46de-9198-79e8cd4d30dc}]
errors:
-------
feature call (loop) failed at index: 0
caller: classpath:InspireTest/ngr/datasetrecords/def/checkxlinkurl.template.feature
arg: {"link":"https://ngr.acceptatie.nationaalgeoregister.nl/geonetwork/srv/resources34e95842-4e4e-46de-9198-79e8cd4d30dc"}
checkxlinkurl.template.feature:22 - path: $, actual: 404, expected: 200, reason: not equal (Integer)
[1.29:16] check-known-dataset-record.feature:79 - feature call (loop) failed: classpath:InspireTest/ngr/datasetrecords/def/checkxlinkurl.template.feature
caller: classpath:InspireTest/ngr/datasetrecords/check-known-dataset-record.feature
items: [{link=https://www.nationaalgeoregister.nl/geonetwork/srv/dut/catalog.search#/metadata/5a1adb58-0bbe-425d-b0fe-577a6c0a4228}, {link=http://rdfdata.eionet.europa.eu/inspirethemes/themes/10}, {link=urn:ogc:def:crs:EPSG::5709}]
errors:
-------
feature call (loop) failed at index: 1
caller: classpath:InspireTest/ngr/datasetrecords/def/checkxlinkurl.template.feature
arg: {"link":"http://rdfdata.eionet.europa.eu/inspirethemes/themes/10"}
checkxlinkurl.template.feature:22 - path: $, actual: 404, expected: 200, reason: not equal (Integer)
-------
feature call (loop) failed at index: 2
caller: classpath:InspireTest/ngr/datasetrecords/def/checkxlinkurl.template.feature
arg: {"link":"urn:ogc:def:crs:EPSG::5709"}
checkxlinkurl.template.feature:14 - 
org.apache.http.client.ClientProtocolException: URI does not specify a valid host name: urn:ogc:def:crs:EPSG::5709
[1.30:16] check-known-dataset-record.feature:79 - feature call (loop) failed: classpath:InspireTest/ngr/datasetrecords/def/checkxlinkurl.template.feature
caller: classpath:InspireTest/ngr/datasetrecords/check-known-dataset-record.feature
items: [{link=https://www.nationaalgeoregister.nl/geonetwork/srv/dut/catalog.search#/metadata/7939fd42-cf88-42c5-ab3b-232cf232a3ac}, {link=http://rdfdata.eionet.europa.eu/inspirethemes/themes/10}, {link=urn:ogc:def:crs:EPSG::5709}]
errors:
-------
feature call (loop) failed at index: 1
caller: classpath:InspireTest/ngr/datasetrecords/def/checkxlinkurl.template.feature
arg: {"link":"http://rdfdata.eionet.europa.eu/inspirethemes/themes/10"}
checkxlinkurl.template.feature:22 - path: $, actual: 404, expected: 200, reason: not equal (Integer)
-------
feature call (loop) failed at index: 2
caller: classpath:InspireTest/ngr/datasetrecords/def/checkxlinkurl.template.feature
arg: {"link":"urn:ogc:def:crs:EPSG::5709"}
checkxlinkurl.template.feature:14 - 
org.apache.http.client.ClientProtocolException: URI does not specify a valid host name: urn:ogc:def:crs:EPSG::5709
[1.31:16] check-known-dataset-record.feature:79 - feature call (loop) failed: classpath:InspireTest/ngr/datasetrecords/def/checkxlinkurl.template.feature
caller: classpath:InspireTest/ngr/datasetrecords/check-known-dataset-record.feature
items: [{link=u}, {link=r}, {link=n}, {link=:}, {link=o}, {link=g}, {link=c}, {link=:}, {link=d}, {link=e}, {link=f}, {link=:}, {link=c}, {link=r}, {link=s}, {link=:}, {link=E}, {link=P}, {link=S}, {link=G}, {link=:}, {link=:}, {link=5}, {link=7}, {link=0}, {link=9}]
errors:
-------
feature call (loop) failed at index: 0
caller: classpath:InspireTest/ngr/datasetrecords/def/checkxlinkurl.template.feature
arg: {"link":"u"}
checkxlinkurl.template.feature:14 - 
org.apache.http.client.ClientProtocolException
-------
feature call (loop) failed at index: 1
caller: classpath:InspireTest/ngr/datasetrecords/def/checkxlinkurl.template.feature
arg: {"link":"r"}
checkxlinkurl.template.feature:14 - 
org.apache.http.client.ClientProtocolException
-------
feature call (loop) failed at index: 2
caller: classpath:InspireTest/ngr/datasetrecords/def/checkxlinkurl.template.feature
arg: {"link":"n"}
checkxlinkurl.template.feature:14 - 
org.apache.http.client.ClientProtocolException
-------
feature call (loop) failed at index: 3
caller: classpath:InspireTest/ngr/datasetrecords/def/checkxlinkurl.template.feature
arg: {"link":":"}
checkxlinkurl.template.feature:14 - java.net.URISyntaxException: Expected scheme name at index 0: :
-------
feature call (loop) failed at index: 4
caller: classpath:InspireTest/ngr/datasetrecords/def/checkxlinkurl.template.feature
arg: {"link":"o"}
checkxlinkurl.template.feature:14 - 
org.apache.http.client.ClientProtocolException
-------
feature call (loop) failed at index: 5
caller: classpath:InspireTest/ngr/datasetrecords/def/checkxlinkurl.template.feature
arg: {"link":"g"}
checkxlinkurl.template.feature:14 - 
org.apache.http.client.ClientProtocolException
-------
feature call (loop) failed at index: 6
caller: classpath:InspireTest/ngr/datasetrecords/def/checkxlinkurl.template.feature
arg: {"link":"c"}
checkxlinkurl.template.feature:14 - 
org.apache.http.client.ClientProtocolException
-------
feature call (loop) failed at index: 7
caller: classpath:InspireTest/ngr/datasetrecords/def/checkxlinkurl.template.feature
arg: {"link":":"}
checkxlinkurl.template.feature:14 - java.net.URISyntaxException: Expected scheme name at index 0: :
-------
feature call (loop) failed at index: 8
caller: classpath:InspireTest/ngr/datasetrecords/def/checkxlinkurl.template.feature
arg: {"link":"d"}
checkxlinkurl.template.feature:14 - 
org.apache.http.client.ClientProtocolException
-------
feature call (loop) failed at index: 9
caller: classpath:InspireTest/ngr/datasetrecords/def/checkxlinkurl.template.feature
arg: {"link":"e"}
checkxlinkurl.template.feature:14 - 
org.apache.http.client.ClientProtocolException
-------
feature call (loop) failed at index: 10
caller: classpath:InspireTest/ngr/datasetrecords/def/checkxlinkurl.template.feature
arg: {"link":"f"}
checkxlinkurl.template.feature:14 - 
org.apache.http.client.ClientProtocolException
-------
feature call (loop) failed at index: 11
caller: classpath:InspireTest/ngr/datasetrecords/def/checkxlinkurl.template.feature
arg: {"link":":"}
checkxlinkurl.template.feature:14 - java.net.URISyntaxException: Expected scheme name at index 0: :
-------
feature call (loop) failed at index: 12
caller: classpath:InspireTest/ngr/datasetrecords/def/checkxlinkurl.template.feature
arg: {"link":"c"}
checkxlinkurl.template.feature:14 - 
org.apache.http.client.ClientProtocolException
-------
feature call (loop) failed at index: 13
caller: classpath:InspireTest/ngr/datasetrecords/def/checkxlinkurl.template.feature
arg: {"link":"r"}
checkxlinkurl.template.feature:14 - 
org.apache.http.client.ClientProtocolException
-------
feature call (loop) failed at index: 14
caller: classpath:InspireTest/ngr/datasetrecords/def/checkxlinkurl.template.feature
arg: {"link":"s"}
checkxlinkurl.template.feature:14 - 
org.apache.http.client.ClientProtocolException
-------
feature call (loop) failed at index: 15
caller: classpath:InspireTest/ngr/datasetrecords/def/checkxlinkurl.template.feature
arg: {"link":":"}
checkxlinkurl.template.feature:14 - java.net.URISyntaxException: Expected scheme name at index 0: :
-------
feature call (loop) failed at index: 16
caller: classpath:InspireTest/ngr/datasetrecords/def/checkxlinkurl.template.feature
arg: {"link":"E"}
checkxlinkurl.template.feature:14 - 
org.apache.http.client.ClientProtocolException
-------
feature call (loop) failed at index: 17
caller: classpath:InspireTest/ngr/datasetrecords/def/checkxlinkurl.template.feature
arg: {"link":"P"}
checkxlinkurl.template.feature:14 - 
org.apache.http.client.ClientProtocolException
-------
feature call (loop) failed at index: 18
caller: classpath:InspireTest/ngr/datasetrecords/def/checkxlinkurl.template.feature
arg: {"link":"S"}
checkxlinkurl.template.feature:14 - 
org.apache.http.client.ClientProtocolException
-------
feature call (loop) failed at index: 19
caller: classpath:InspireTest/ngr/datasetrecords/def/checkxlinkurl.template.feature
arg: {"link":"G"}
checkxlinkurl.template.feature:14 - 
org.apache.http.client.ClientProtocolException
-------
feature call (loop) failed at index: 20
caller: classpath:InspireTest/ngr/datasetrecords/def/checkxlinkurl.template.feature
arg: {"link":":"}
checkxlinkurl.template.feature:14 - java.net.URISyntaxException: Expected scheme name at index 0: :
-------
feature call (loop) failed at index: 21
caller: classpath:InspireTest/ngr/datasetrecords/def/checkxlinkurl.template.feature
arg: {"link":":"}
checkxlinkurl.template.feature:14 - java.net.URISyntaxException: Expected scheme name at index 0: :
-------
feature call (loop) failed at index: 22
caller: classpath:InspireTest/ngr/datasetrecords/def/checkxlinkurl.template.feature
arg: {"link":"5"}
checkxlinkurl.template.feature:14 - 
org.apache.http.client.ClientProtocolException
-------
feature call (loop) failed at index: 23
caller: classpath:InspireTest/ngr/datasetrecords/def/checkxlinkurl.template.feature
arg: {"link":"7"}
checkxlinkurl.template.feature:14 - 
org.apache.http.client.ClientProtocolException
-------
feature call (loop) failed at index: 24
caller: classpath:InspireTest/ngr/datasetrecords/def/checkxlinkurl.template.feature
arg: {"link":"0"}
checkxlinkurl.template.feature:14 - 
org.apache.http.client.ClientProtocolException
-------
feature call (loop) failed at index: 25
caller: classpath:InspireTest/ngr/datasetrecords/def/checkxlinkurl.template.feature
arg: {"link":"9"}
checkxlinkurl.template.feature:14 - 
org.apache.http.client.ClientProtocolException
[1.32:16] check-known-dataset-record.feature:79 - feature call (loop) failed: classpath:InspireTest/ngr/datasetrecords/def/checkxlinkurl.template.feature
caller: classpath:InspireTest/ngr/datasetrecords/check-known-dataset-record.feature
items: [{link=https://www.nationaalgeoregister.nl/geonetwork/srv/dut/catalog.search#/metadata/8de2f5eb-b09f-4f6d-8397-8878a1b86238}, {link=http://rdfdata.eionet.europa.eu/inspirethemes/themes/18}, {link=https://ngr.geocat.live/geonetwork/srv/eng/thesaurus.download?ref=external.theme.httpinspireeceuropaeumetadatacodelistPrioritydataset-Prioritydataset}, {link=urn:ogc:def:crs:EPSG::5709}]
errors:
-------
feature call (loop) failed at index: 1
caller: classpath:InspireTest/ngr/datasetrecords/def/checkxlinkurl.template.feature
arg: {"link":"http://rdfdata.eionet.europa.eu/inspirethemes/themes/18"}
checkxlinkurl.template.feature:22 - path: $, actual: 404, expected: 200, reason: not equal (Integer)
-------
feature call (loop) failed at index: 2
caller: classpath:InspireTest/ngr/datasetrecords/def/checkxlinkurl.template.feature
arg: {"link":"https://ngr.geocat.live/geonetwork/srv/eng/thesaurus.download?ref=external.theme.httpinspireeceuropaeumetadatacodelistPrioritydataset-Prioritydataset"}
checkxlinkurl.template.feature:22 - path: $, actual: 500, expected: 200, reason: not equal (Integer)
-------
feature call (loop) failed at index: 3
caller: classpath:InspireTest/ngr/datasetrecords/def/checkxlinkurl.template.feature
arg: {"link":"urn:ogc:def:crs:EPSG::5709"}
checkxlinkurl.template.feature:14 - 
org.apache.http.client.ClientProtocolException: URI does not specify a valid host name: urn:ogc:def:crs:EPSG::5709
[1.33:16] check-known-dataset-record.feature:79 - feature call (loop) failed: classpath:InspireTest/ngr/datasetrecords/def/checkxlinkurl.template.feature
caller: classpath:InspireTest/ngr/datasetrecords/check-known-dataset-record.feature
items: [{link=https://www.nationaalgeoregister.nl/geonetwork/srv/dut/catalog.search#/metadata/eu-f297898-2640-44c2-bbe9-c0480da83794}, {link=http://rdfdata.eionet.europa.eu/inspirethemes/themes/8}, {link=urn:ogc:def:crs:EPSG::5709}]
errors:
-------
feature call (loop) failed at index: 1
caller: classpath:InspireTest/ngr/datasetrecords/def/checkxlinkurl.template.feature
arg: {"link":"http://rdfdata.eionet.europa.eu/inspirethemes/themes/8"}
checkxlinkurl.template.feature:22 - path: $, actual: 404, expected: 200, reason: not equal (Integer)
-------
feature call (loop) failed at index: 2
caller: classpath:InspireTest/ngr/datasetrecords/def/checkxlinkurl.template.feature
arg: {"link":"urn:ogc:def:crs:EPSG::5709"}
checkxlinkurl.template.feature:14 - 
org.apache.http.client.ClientProtocolException: URI does not specify a valid host name: urn:ogc:def:crs:EPSG::5709
[1.34:16] check-known-dataset-record.feature:79 - feature call (loop) failed: classpath:InspireTest/ngr/datasetrecords/def/checkxlinkurl.template.feature
caller: classpath:InspireTest/ngr/datasetrecords/check-known-dataset-record.feature
items: [{link=https://www.nationaalgeoregister.nl/geonetwork/srv/dut/catalog.search#/metadata/4783ea4f-6b8c-4600-8af0-516f3556cfe9}, {link=http://rdfdata.eionet.europa.eu/inspirethemes/themes/24}, {link=}, {link=}, {link=}, {link=urn:ogc:def:crs:EPSG::5709}]
errors:
-------
feature call (loop) failed at index: 1
caller: classpath:InspireTest/ngr/datasetrecords/def/checkxlinkurl.template.feature
arg: {"link":"http://rdfdata.eionet.europa.eu/inspirethemes/themes/24"}
checkxlinkurl.template.feature:22 - path: $, actual: 404, expected: 200, reason: not equal (Integer)
-------
feature call (loop) failed at index: 2
caller: classpath:InspireTest/ngr/datasetrecords/def/checkxlinkurl.template.feature
arg: {"link":""}
checkxlinkurl.template.feature:14 - 
org.apache.http.client.ClientProtocolException
-------
feature call (loop) failed at index: 3
caller: classpath:InspireTest/ngr/datasetrecords/def/checkxlinkurl.template.feature
arg: {"link":""}
checkxlinkurl.template.feature:14 - 
org.apache.http.client.ClientProtocolException
-------
feature call (loop) failed at index: 4
caller: classpath:InspireTest/ngr/datasetrecords/def/checkxlinkurl.template.feature
arg: {"link":""}
checkxlinkurl.template.feature:14 - 
org.apache.http.client.ClientProtocolException
-------
feature call (loop) failed at index: 5
caller: classpath:InspireTest/ngr/datasetrecords/def/checkxlinkurl.template.feature
arg: {"link":"urn:ogc:def:crs:EPSG::5709"}
checkxlinkurl.template.feature:14 - 
org.apache.http.client.ClientProtocolException: URI does not specify a valid host name: urn:ogc:def:crs:EPSG::5709
[1.35:16] check-known-dataset-record.feature:79 - feature call (loop) failed: classpath:InspireTest/ngr/datasetrecords/def/checkxlinkurl.template.feature
caller: classpath:InspireTest/ngr/datasetrecords/check-known-dataset-record.feature
items: [{link=https://data.rivm.nl/inspire/id#a3b9f437-f571-4a00-b3c3-58e4354c244f}]
errors:
-------
feature call (loop) failed at index: 0
caller: classpath:InspireTest/ngr/datasetrecords/def/checkxlinkurl.template.feature
arg: {"link":"https://data.rivm.nl/inspire/id#a3b9f437-f571-4a00-b3c3-58e4354c244f"}
checkxlinkurl.template.feature:14 - 
javax.net.ssl.SSLException: Connection reset
[1.36:16] check-known-dataset-record.feature:79 - feature call (loop) failed: classpath:InspireTest/ngr/datasetrecords/def/checkxlinkurl.template.feature
caller: classpath:InspireTest/ngr/datasetrecords/check-known-dataset-record.feature
items: [{link=https://www.nationaalgeoregister.nl/geonetwork/srv/dut/catalog.search#/metadata/50eef6be-619d-4e16-9b92-48971109b636}, {link=http://rdfdata.eionet.europa.eu/inspirethemes/themes/18}, {link=http://inspire.ec.europa.eu/metadata-codelist/PriorityDataset/MajorRoadsNoiseExposureDelineationNight-dir-2002-49}, {link=https://ngr.geocat.live/geonetwork/srv/eng/thesaurus.download?ref=external.theme.httpinspireeceuropaeumetadatacodelistPrioritydataset-Prioritydataset}, {link=urn:ogc:def:crs:EPSG::5709}]
errors:
-------
feature call (loop) failed at index: 1
caller: classpath:InspireTest/ngr/datasetrecords/def/checkxlinkurl.template.feature
arg: {"link":"http://rdfdata.eionet.europa.eu/inspirethemes/themes/18"}
checkxlinkurl.template.feature:22 - path: $, actual: 404, expected: 200, reason: not equal (Integer)
-------
feature call (loop) failed at index: 3
caller: classpath:InspireTest/ngr/datasetrecords/def/checkxlinkurl.template.feature
arg: {"link":"https://ngr.geocat.live/geonetwork/srv/eng/thesaurus.download?ref=external.theme.httpinspireeceuropaeumetadatacodelistPrioritydataset-Prioritydataset"}
checkxlinkurl.template.feature:22 - path: $, actual: 500, expected: 200, reason: not equal (Integer)
-------
feature call (loop) failed at index: 4
caller: classpath:InspireTest/ngr/datasetrecords/def/checkxlinkurl.template.feature
arg: {"link":"urn:ogc:def:crs:EPSG::5709"}
checkxlinkurl.template.feature:14 - 
org.apache.http.client.ClientProtocolException: URI does not specify a valid host name: urn:ogc:def:crs:EPSG::5709
[1.37:16] check-known-dataset-record.feature:79 - feature call (loop) failed: classpath:InspireTest/ngr/datasetrecords/def/checkxlinkurl.template.feature
caller: classpath:InspireTest/ngr/datasetrecords/check-known-dataset-record.feature
items: [{link=u}, {link=r}, {link=n}, {link=:}, {link=o}, {link=g}, {link=c}, {link=:}, {link=d}, {link=e}, {link=f}, {link=:}, {link=c}, {link=r}, {link=s}, {link=:}, {link=E}, {link=P}, {link=S}, {link=G}, {link=:}, {link=:}, {link=5}, {link=7}, {link=0}, {link=9}]
errors:
-------
feature call (loop) failed at index: 0
caller: classpath:InspireTest/ngr/datasetrecords/def/checkxlinkurl.template.feature
arg: {"link":"u"}
checkxlinkurl.template.feature:14 - 
org.apache.http.client.ClientProtocolException
-------
feature call (loop) failed at index: 1
caller: classpath:InspireTest/ngr/datasetrecords/def/checkxlinkurl.template.feature
arg: {"link":"r"}
checkxlinkurl.template.feature:14 - 
org.apache.http.client.ClientProtocolException
-------
feature call (loop) failed at index: 2
caller: classpath:InspireTest/ngr/datasetrecords/def/checkxlinkurl.template.feature
arg: {"link":"n"}
checkxlinkurl.template.feature:14 - 
org.apache.http.client.ClientProtocolException
-------
feature call (loop) failed at index: 3
caller: classpath:InspireTest/ngr/datasetrecords/def/checkxlinkurl.template.feature
arg: {"link":":"}
checkxlinkurl.template.feature:14 - java.net.URISyntaxException: Expected scheme name at index 0: :
-------
feature call (loop) failed at index: 4
caller: classpath:InspireTest/ngr/datasetrecords/def/checkxlinkurl.template.feature
arg: {"link":"o"}
checkxlinkurl.template.feature:14 - 
org.apache.http.client.ClientProtocolException
-------
feature call (loop) failed at index: 5
caller: classpath:InspireTest/ngr/datasetrecords/def/checkxlinkurl.template.feature
arg: {"link":"g"}
checkxlinkurl.template.feature:14 - 
org.apache.http.client.ClientProtocolException
-------
feature call (loop) failed at index: 6
caller: classpath:InspireTest/ngr/datasetrecords/def/checkxlinkurl.template.feature
arg: {"link":"c"}
checkxlinkurl.template.feature:14 - 
org.apache.http.client.ClientProtocolException
-------
feature call (loop) failed at index: 7
caller: classpath:InspireTest/ngr/datasetrecords/def/checkxlinkurl.template.feature
arg: {"link":":"}
checkxlinkurl.template.feature:14 - java.net.URISyntaxException: Expected scheme name at index 0: :
-------
feature call (loop) failed at index: 8
caller: classpath:InspireTest/ngr/datasetrecords/def/checkxlinkurl.template.feature
arg: {"link":"d"}
checkxlinkurl.template.feature:14 - 
org.apache.http.client.ClientProtocolException
-------
feature call (loop) failed at index: 9
caller: classpath:InspireTest/ngr/datasetrecords/def/checkxlinkurl.template.feature
arg: {"link":"e"}
checkxlinkurl.template.feature:14 - 
org.apache.http.client.ClientProtocolException
-------
feature call (loop) failed at index: 10
caller: classpath:InspireTest/ngr/datasetrecords/def/checkxlinkurl.template.feature
arg: {"link":"f"}
checkxlinkurl.template.feature:14 - 
org.apache.http.client.ClientProtocolException
-------
feature call (loop) failed at index: 11
caller: classpath:InspireTest/ngr/datasetrecords/def/checkxlinkurl.template.feature
arg: {"link":":"}
checkxlinkurl.template.feature:14 - java.net.URISyntaxException: Expected scheme name at index 0: :
-------
feature call (loop) failed at index: 12
caller: classpath:InspireTest/ngr/datasetrecords/def/checkxlinkurl.template.feature
arg: {"link":"c"}
checkxlinkurl.template.feature:14 - 
org.apache.http.client.ClientProtocolException
-------
feature call (loop) failed at index: 13
caller: classpath:InspireTest/ngr/datasetrecords/def/checkxlinkurl.template.feature
arg: {"link":"r"}
checkxlinkurl.template.feature:14 - 
org.apache.http.client.ClientProtocolException
-------
feature call (loop) failed at index: 14
caller: classpath:InspireTest/ngr/datasetrecords/def/checkxlinkurl.template.feature
arg: {"link":"s"}
checkxlinkurl.template.feature:14 - 
org.apache.http.client.ClientProtocolException
-------
feature call (loop) failed at index: 15
caller: classpath:InspireTest/ngr/datasetrecords/def/checkxlinkurl.template.feature
arg: {"link":":"}
checkxlinkurl.template.feature:14 - java.net.URISyntaxException: Expected scheme name at index 0: :
-------
feature call (loop) failed at index: 16
caller: classpath:InspireTest/ngr/datasetrecords/def/checkxlinkurl.template.feature
arg: {"link":"E"}
checkxlinkurl.template.feature:14 - 
org.apache.http.client.ClientProtocolException
-------
feature call (loop) failed at index: 17
caller: classpath:InspireTest/ngr/datasetrecords/def/checkxlinkurl.template.feature
arg: {"link":"P"}
checkxlinkurl.template.feature:14 - 
org.apache.http.client.ClientProtocolException
-------
feature call (loop) failed at index: 18
caller: classpath:InspireTest/ngr/datasetrecords/def/checkxlinkurl.template.feature
arg: {"link":"S"}
checkxlinkurl.template.feature:14 - 
org.apache.http.client.ClientProtocolException
-------
feature call (loop) failed at index: 19
caller: classpath:InspireTest/ngr/datasetrecords/def/checkxlinkurl.template.feature
arg: {"link":"G"}
checkxlinkurl.template.feature:14 - 
org.apache.http.client.ClientProtocolException
-------
feature call (loop) failed at index: 20
caller: classpath:InspireTest/ngr/datasetrecords/def/checkxlinkurl.template.feature
arg: {"link":":"}
checkxlinkurl.template.feature:14 - java.net.URISyntaxException: Expected scheme name at index 0: :
-------
feature call (loop) failed at index: 21
caller: classpath:InspireTest/ngr/datasetrecords/def/checkxlinkurl.template.feature
arg: {"link":":"}
checkxlinkurl.template.feature:14 - java.net.URISyntaxException: Expected scheme name at index 0: :
-------
feature call (loop) failed at index: 22
caller: classpath:InspireTest/ngr/datasetrecords/def/checkxlinkurl.template.feature
arg: {"link":"5"}
checkxlinkurl.template.feature:14 - 
org.apache.http.client.ClientProtocolException
-------
feature call (loop) failed at index: 23
caller: classpath:InspireTest/ngr/datasetrecords/def/checkxlinkurl.template.feature
arg: {"link":"7"}
checkxlinkurl.template.feature:14 - 
org.apache.http.client.ClientProtocolException
-------
feature call (loop) failed at index: 24
caller: classpath:InspireTest/ngr/datasetrecords/def/checkxlinkurl.template.feature
arg: {"link":"0"}
checkxlinkurl.template.feature:14 - 
org.apache.http.client.ClientProtocolException
-------
feature call (loop) failed at index: 25
caller: classpath:InspireTest/ngr/datasetrecords/def/checkxlinkurl.template.feature
arg: {"link":"9"}
checkxlinkurl.template.feature:14 - 
org.apache.http.client.ClientProtocolException
[1.38:16] check-known-dataset-record.feature:79 - feature call (loop) failed: classpath:InspireTest/ngr/datasetrecords/def/checkxlinkurl.template.feature
caller: classpath:InspireTest/ngr/datasetrecords/check-known-dataset-record.feature
items: [{link=https://www.nationaalgeoregister.nl/geonetwork/srv/dut/catalog.search#/metadata/cf69ec50-9849-4afd-853c-ee56211d336d}, {link=http://rdfdata.eionet.europa.eu/inspirethemes/themes/20}, {link=http://rdfdata.eionet.europa.eu/inspirethemes/themes/28}, {link=urn:ogc:def:crs:EPSG::5709}]
errors:
-------
feature call (loop) failed at index: 1
caller: classpath:InspireTest/ngr/datasetrecords/def/checkxlinkurl.template.feature
arg: {"link":"http://rdfdata.eionet.europa.eu/inspirethemes/themes/20"}
checkxlinkurl.template.feature:22 - path: $, actual: 404, expected: 200, reason: not equal (Integer)
-------
feature call (loop) failed at index: 2
caller: classpath:InspireTest/ngr/datasetrecords/def/checkxlinkurl.template.feature
arg: {"link":"http://rdfdata.eionet.europa.eu/inspirethemes/themes/28"}
checkxlinkurl.template.feature:22 - path: $, actual: 404, expected: 200, reason: not equal (Integer)
-------
feature call (loop) failed at index: 3
caller: classpath:InspireTest/ngr/datasetrecords/def/checkxlinkurl.template.feature
arg: {"link":"urn:ogc:def:crs:EPSG::5709"}
checkxlinkurl.template.feature:14 - 
org.apache.http.client.ClientProtocolException: URI does not specify a valid host name: urn:ogc:def:crs:EPSG::5709
[1.39:16] check-known-dataset-record.feature:79 - feature call (loop) failed: classpath:InspireTest/ngr/datasetrecords/def/checkxlinkurl.template.feature
caller: classpath:InspireTest/ngr/datasetrecords/check-known-dataset-record.feature
items: [{link=http://www.opengis.net/def/crs/EPSG/0/https://www.opengis.net/def/crs/EPSG/0/4258}, {link=https://www.nationaalgeoregister.nl/geonetwork/srv/api/recordsf44dac86-2228-412f-8355-e56446ca9933}, {link=www.hydro.nl}]
errors:
-------
feature call (loop) failed at index: 1
caller: classpath:InspireTest/ngr/datasetrecords/def/checkxlinkurl.template.feature
arg: {"link":"https://www.nationaalgeoregister.nl/geonetwork/srv/api/recordsf44dac86-2228-412f-8355-e56446ca9933"}
checkxlinkurl.template.feature:22 - path: $, actual: 500, expected: 200, reason: not equal (Integer)
-------
feature call (loop) failed at index: 2
caller: classpath:InspireTest/ngr/datasetrecords/def/checkxlinkurl.template.feature
arg: {"link":"www.hydro.nl"}
checkxlinkurl.template.feature:14 - 
org.apache.http.client.ClientProtocolException
[1.40:16] check-known-dataset-record.feature:79 - feature call (loop) failed: classpath:InspireTest/ngr/datasetrecords/def/checkxlinkurl.template.feature
caller: classpath:InspireTest/ngr/datasetrecords/check-known-dataset-record.feature
items: [{link=https://www.nationaalgeoregister.nl/geonetwork/srv/dut/catalog.search#/metadata/68ebd5c9-0ea1-4f22-9907-ec4c063cd3e2}, {link=http://rdfdata.eionet.europa.eu/inspirethemes/themes/20}, {link=urn:ogc:def:crs:EPSG::5709}]
errors:
-------
feature call (loop) failed at index: 1
caller: classpath:InspireTest/ngr/datasetrecords/def/checkxlinkurl.template.feature
arg: {"link":"http://rdfdata.eionet.europa.eu/inspirethemes/themes/20"}
checkxlinkurl.template.feature:22 - path: $, actual: 404, expected: 200, reason: not equal (Integer)
-------
feature call (loop) failed at index: 2
caller: classpath:InspireTest/ngr/datasetrecords/def/checkxlinkurl.template.feature
arg: {"link":"urn:ogc:def:crs:EPSG::5709"}
checkxlinkurl.template.feature:14 - 
org.apache.http.client.ClientProtocolException: URI does not specify a valid host name: urn:ogc:def:crs:EPSG::5709
[1.41:16] check-known-dataset-record.feature:79 - feature call (loop) failed: classpath:InspireTest/ngr/datasetrecords/def/checkxlinkurl.template.feature
caller: classpath:InspireTest/ngr/datasetrecords/check-known-dataset-record.feature
items: [{link=https://www.nationaalgeoregister.nl/geonetwork/srv/dut/catalog.search#/metadata/tbjk534p-wubf-crbp-cj25-d4161160gfim}, {link=http://rdfdata.eionet.europa.eu/inspirethemes/themes/28}, {link=https://ngr.geocat.live/geonetwork/srv/eng/thesaurus.download?ref=external.theme.httpinspireeceuropaeumetadatacodelistPrioritydataset-Prioritydataset}]
errors:
-------
feature call (loop) failed at index: 1
caller: classpath:InspireTest/ngr/datasetrecords/def/checkxlinkurl.template.feature
arg: {"link":"http://rdfdata.eionet.europa.eu/inspirethemes/themes/28"}
checkxlinkurl.template.feature:22 - path: $, actual: 404, expected: 200, reason: not equal (Integer)
-------
feature call (loop) failed at index: 2
caller: classpath:InspireTest/ngr/datasetrecords/def/checkxlinkurl.template.feature
arg: {"link":"https://ngr.geocat.live/geonetwork/srv/eng/thesaurus.download?ref=external.theme.httpinspireeceuropaeumetadatacodelistPrioritydataset-Prioritydataset"}
checkxlinkurl.template.feature:22 - path: $, actual: 500, expected: 200, reason: not equal (Integer)
[1.44:16] check-known-dataset-record.feature:79 - feature call (loop) failed: classpath:InspireTest/ngr/datasetrecords/def/checkxlinkurl.template.feature
caller: classpath:InspireTest/ngr/datasetrecords/check-known-dataset-record.feature
items: [{link=https://data.rivm.nl/inspire/id#df9bc66f-941b-4c38-a104-1b8d940a53db}]
errors:
-------
feature call (loop) failed at index: 0
caller: classpath:InspireTest/ngr/datasetrecords/def/checkxlinkurl.template.feature
arg: {"link":"https://data.rivm.nl/inspire/id#df9bc66f-941b-4c38-a104-1b8d940a53db"}
checkxlinkurl.template.feature:14 - 
javax.net.ssl.SSLException: Connection reset
[1.45:16] check-known-dataset-record.feature:79 - feature call (loop) failed: classpath:InspireTest/ngr/datasetrecords/def/checkxlinkurl.template.feature
caller: classpath:InspireTest/ngr/datasetrecords/check-known-dataset-record.feature
items: [{link=https://nationaalgeoregister.nl/geonetwork/srv/resources8bdf76b6-c9c9-4011-a7bc-022ae14a4024}, {link=http://rdfdata.eionet.europa.eu/inspirethemes/themes/24}, {link=http://geonetwork-opensource.org/inspire-theme#}, {link=https://www.nationaalgeoregister.nl/geonetwork/srv/eng/thesaurus.download?ref=external.theme.inspire-theme}]
errors:
-------
feature call (loop) failed at index: 0
caller: classpath:InspireTest/ngr/datasetrecords/def/checkxlinkurl.template.feature
arg: {"link":"https://nationaalgeoregister.nl/geonetwork/srv/resources8bdf76b6-c9c9-4011-a7bc-022ae14a4024"}
checkxlinkurl.template.feature:22 - path: $, actual: 404, expected: 200, reason: not equal (Integer)
-------
feature call (loop) failed at index: 1
caller: classpath:InspireTest/ngr/datasetrecords/def/checkxlinkurl.template.feature
arg: {"link":"http://rdfdata.eionet.europa.eu/inspirethemes/themes/24"}
checkxlinkurl.template.feature:22 - path: $, actual: 404, expected: 200, reason: not equal (Integer)
-------
feature call (loop) failed at index: 2
caller: classpath:InspireTest/ngr/datasetrecords/def/checkxlinkurl.template.feature
arg: {"link":"http://geonetwork-opensource.org/inspire-theme#"}
checkxlinkurl.template.feature:22 - path: $, actual: 404, expected: 200, reason: not equal (Integer)
-------
feature call (loop) failed at index: 3
caller: classpath:InspireTest/ngr/datasetrecords/def/checkxlinkurl.template.feature
arg: {"link":"https://www.nationaalgeoregister.nl/geonetwork/srv/eng/thesaurus.download?ref=external.theme.inspire-theme"}
checkxlinkurl.template.feature:22 - path: $, actual: 500, expected: 200, reason: not equal (Integer)
[1.46:16] check-known-dataset-record.feature:79 - feature call (loop) failed: classpath:InspireTest/ngr/datasetrecords/def/checkxlinkurl.template.feature
caller: classpath:InspireTest/ngr/datasetrecords/check-known-dataset-record.feature
items: [{link=https://ngr.acceptatie.nationaalgeoregister.nl/geonetwork/srv/resources9d973c4a-ef03-4785-b7f6-942e86b385f7}, {link=www.hydro.nl}, {link=https://www.nationaalgeoregister.nl/geonetwork/srv/eng/thesaurus.download?ref=external.theme.inspire-theme}]
errors:
-------
feature call (loop) failed at index: 0
caller: classpath:InspireTest/ngr/datasetrecords/def/checkxlinkurl.template.feature
arg: {"link":"https://ngr.acceptatie.nationaalgeoregister.nl/geonetwork/srv/resources9d973c4a-ef03-4785-b7f6-942e86b385f7"}
checkxlinkurl.template.feature:22 - path: $, actual: 404, expected: 200, reason: not equal (Integer)
-------
feature call (loop) failed at index: 1
caller: classpath:InspireTest/ngr/datasetrecords/def/checkxlinkurl.template.feature
arg: {"link":"www.hydro.nl"}
checkxlinkurl.template.feature:14 - 
org.apache.http.client.ClientProtocolException
-------
feature call (loop) failed at index: 2
caller: classpath:InspireTest/ngr/datasetrecords/def/checkxlinkurl.template.feature
arg: {"link":"https://www.nationaalgeoregister.nl/geonetwork/srv/eng/thesaurus.download?ref=external.theme.inspire-theme"}
checkxlinkurl.template.feature:22 - path: $, actual: 500, expected: 200, reason: not equal (Integer)
[1.47:16] check-known-dataset-record.feature:79 - feature call (loop) failed: classpath:InspireTest/ngr/datasetrecords/def/checkxlinkurl.template.feature
caller: classpath:InspireTest/ngr/datasetrecords/check-known-dataset-record.feature
items: [{link=http://www.opengis.net/def/crs/EPSG/0/https://www.opengis.net/def/crs/EPSG/0/4258}, {link=https://www.nationaalgeoregister.nl/geonetwork/srv/api/recordsc2225e5d-b46f-4e38-8445-ab10fd40c0dc}]
errors:
-------
feature call (loop) failed at index: 1
caller: classpath:InspireTest/ngr/datasetrecords/def/checkxlinkurl.template.feature
arg: {"link":"https://www.nationaalgeoregister.nl/geonetwork/srv/api/recordsc2225e5d-b46f-4e38-8445-ab10fd40c0dc"}
checkxlinkurl.template.feature:22 - path: $, actual: 500, expected: 200, reason: not equal (Integer)
[1.48:16] check-known-dataset-record.feature:79 - feature call (loop) failed: classpath:InspireTest/ngr/datasetrecords/def/checkxlinkurl.template.feature
caller: classpath:InspireTest/ngr/datasetrecords/check-known-dataset-record.feature
items: [{link=https://www.nationaalgeoregister.nl/geonetwork/srv/dut/catalog.search#/metadata/be1b1514-8d1f-48e1-9624-fee9b784138b}, {link=http://rdfdata.eionet.europa.eu/inspirethemes/themes/7}, {link=urn:ogc:def:crs:EPSG::5709}]
errors:
-------
feature call (loop) failed at index: 1
caller: classpath:InspireTest/ngr/datasetrecords/def/checkxlinkurl.template.feature
arg: {"link":"http://rdfdata.eionet.europa.eu/inspirethemes/themes/7"}
checkxlinkurl.template.feature:22 - path: $, actual: 404, expected: 200, reason: not equal (Integer)
-------
feature call (loop) failed at index: 2
caller: classpath:InspireTest/ngr/datasetrecords/def/checkxlinkurl.template.feature
arg: {"link":"urn:ogc:def:crs:EPSG::5709"}
checkxlinkurl.template.feature:14 - 
org.apache.http.client.ClientProtocolException: URI does not specify a valid host name: urn:ogc:def:crs:EPSG::5709
[1.49:16] check-known-dataset-record.feature:79 - feature call (loop) failed: classpath:InspireTest/ngr/datasetrecords/def/checkxlinkurl.template.feature
caller: classpath:InspireTest/ngr/datasetrecords/check-known-dataset-record.feature
items: [{link=https://www.nationaalgeoregister.nl/geonetwork/srv/api/records3e57ce43-7707-43ed-a4b9-72b3a6d812f8}]
errors:
-------
feature call (loop) failed at index: 0
caller: classpath:InspireTest/ngr/datasetrecords/def/checkxlinkurl.template.feature
arg: {"link":"https://www.nationaalgeoregister.nl/geonetwork/srv/api/records3e57ce43-7707-43ed-a4b9-72b3a6d812f8"}
checkxlinkurl.template.feature:22 - path: $, actual: 500, expected: 200, reason: not equal (Integer)
[1.50:16] check-known-dataset-record.feature:79 - feature call (loop) failed: classpath:InspireTest/ngr/datasetrecords/def/checkxlinkurl.template.feature
caller: classpath:InspireTest/ngr/datasetrecords/check-known-dataset-record.feature
items: [{link=http://www.opengis.net/def/crs/EPSG/0/http://www.opengis.net/def/crs/EPSG/0/3034}, {link=http://nationaalgeoregister.nl/geonetwork/srv/dut/csw?SERVICE=CSW&version=2.0.2&REQUEST=GetRecordById&elementSetName=full&OutputSchema=http://www.isotc211.org/2005/gmd&ID=58e7dc38-a498-4852-b4ef-908f5baa9056}, {link=https://creativecommons.org/publicdomain/mark/*/deed.nl}, {link=}]
errors:
-------
feature call (loop) failed at index: 2
caller: classpath:InspireTest/ngr/datasetrecords/def/checkxlinkurl.template.feature
arg: {"link":"https://creativecommons.org/publicdomain/mark/*/deed.nl"}
checkxlinkurl.template.feature:22 - path: $, actual: 404, expected: 200, reason: not equal (Integer)
-------
feature call (loop) failed at index: 3
caller: classpath:InspireTest/ngr/datasetrecords/def/checkxlinkurl.template.feature
arg: {"link":""}
checkxlinkurl.template.feature:14 - 
org.apache.http.client.ClientProtocolException
[1.51:16] check-known-dataset-record.feature:79 - feature call (loop) failed: classpath:InspireTest/ngr/datasetrecords/def/checkxlinkurl.template.feature
caller: classpath:InspireTest/ngr/datasetrecords/check-known-dataset-record.feature
items: [{link=http://www.nationaalgeoregister.nl/geonetwork/srv/dut/catalog.search#/metadata/a04afee4-47d5-45b7-b7a0-a6f86106af11}, {link=https://data.overheid.nl/organisatie/PDOK}]
errors:
-------
feature call (loop) failed at index: 1
caller: classpath:InspireTest/ngr/datasetrecords/def/checkxlinkurl.template.feature
arg: {"link":"https://data.overheid.nl/organisatie/PDOK"}
checkxlinkurl.template.feature:22 - path: $, actual: 404, expected: 200, reason: not equal (Integer)
[1.53:16] check-known-dataset-record.feature:79 - feature call (loop) failed: classpath:InspireTest/ngr/datasetrecords/def/checkxlinkurl.template.feature
caller: classpath:InspireTest/ngr/datasetrecords/check-known-dataset-record.feature
items: [{link=https://data.rivm.nl/inspire/id#a98a6cdb-61cd-4107-b775-2334e6772ed5}]
errors:
-------
feature call (loop) failed at index: 0
caller: classpath:InspireTest/ngr/datasetrecords/def/checkxlinkurl.template.feature
arg: {"link":"https://data.rivm.nl/inspire/id#a98a6cdb-61cd-4107-b775-2334e6772ed5"}
checkxlinkurl.template.feature:14 - 
javax.net.ssl.SSLException: Connection reset
[1.55:16] check-known-dataset-record.feature:79 - feature call (loop) failed: classpath:InspireTest/ngr/datasetrecords/def/checkxlinkurl.template.feature
caller: classpath:InspireTest/ngr/datasetrecords/check-known-dataset-record.feature
items: [{link=http://kadaster/2482250f-3b00-4439-9f93-f3118229b021}, {link=}, {link=}, {link=}]
errors:
-------
feature call (loop) failed at index: 0
caller: classpath:InspireTest/ngr/datasetrecords/def/checkxlinkurl.template.feature
arg: {"link":"http://kadaster/2482250f-3b00-4439-9f93-f3118229b021"}
checkxlinkurl.template.feature:14 - 
java.net.UnknownHostException: kadaster: Temporary failure in name resolution
-------
feature call (loop) failed at index: 1
caller: classpath:InspireTest/ngr/datasetrecords/def/checkxlinkurl.template.feature
arg: {"link":""}
checkxlinkurl.template.feature:14 - 
org.apache.http.client.ClientProtocolException
-------
feature call (loop) failed at index: 2
caller: classpath:InspireTest/ngr/datasetrecords/def/checkxlinkurl.template.feature
arg: {"link":""}
checkxlinkurl.template.feature:14 - 
org.apache.http.client.ClientProtocolException
-------
feature call (loop) failed at index: 3
caller: classpath:InspireTest/ngr/datasetrecords/def/checkxlinkurl.template.feature
arg: {"link":""}
checkxlinkurl.template.feature:14 - 
org.apache.http.client.ClientProtocolException
[1.56:16] check-known-dataset-record.feature:79 - feature call (loop) failed: classpath:InspireTest/ngr/datasetrecords/def/checkxlinkurl.template.feature
caller: classpath:InspireTest/ngr/datasetrecords/check-known-dataset-record.feature
items: [{link=https://www.nationaalgeoregister.nl/geonetwork/srv/api/records844404a2-9cd0-452e-b29a-74588777485a}]
errors:
-------
feature call (loop) failed at index: 0
caller: classpath:InspireTest/ngr/datasetrecords/def/checkxlinkurl.template.feature
arg: {"link":"https://www.nationaalgeoregister.nl/geonetwork/srv/api/records844404a2-9cd0-452e-b29a-74588777485a"}
checkxlinkurl.template.feature:22 - path: $, actual: 500, expected: 200, reason: not equal (Integer)
[1.57:16] check-known-dataset-record.feature:79 - feature call (loop) failed: classpath:InspireTest/ngr/datasetrecords/def/checkxlinkurl.template.feature
caller: classpath:InspireTest/ngr/datasetrecords/check-known-dataset-record.feature
items: [{link=https://nationaalgeoregister.nl/geonetwork/srv/resourcesff07bd5a-d6eb-11ea-87d0-0242ac130003}, {link=https://www.nationaalgeoregister.nl/geonetwork/srv/eng/thesaurus.download?ref=external.theme.inspire-theme}]
errors:
-------
feature call (loop) failed at index: 0
caller: classpath:InspireTest/ngr/datasetrecords/def/checkxlinkurl.template.feature
arg: {"link":"https://nationaalgeoregister.nl/geonetwork/srv/resourcesff07bd5a-d6eb-11ea-87d0-0242ac130003"}
checkxlinkurl.template.feature:22 - path: $, actual: 404, expected: 200, reason: not equal (Integer)
-------
feature call (loop) failed at index: 1
caller: classpath:InspireTest/ngr/datasetrecords/def/checkxlinkurl.template.feature
arg: {"link":"https://www.nationaalgeoregister.nl/geonetwork/srv/eng/thesaurus.download?ref=external.theme.inspire-theme"}
checkxlinkurl.template.feature:22 - path: $, actual: 500, expected: 200, reason: not equal (Integer)
[1.58:16] check-known-dataset-record.feature:79 - feature call (loop) failed: classpath:InspireTest/ngr/datasetrecords/def/checkxlinkurl.template.feature
caller: classpath:InspireTest/ngr/datasetrecords/check-known-dataset-record.feature
items: [{link=https://www.nationaalgeoregister.nl/geonetwork/srv/api/records6c6be9c5-b09b-4dcf-a5fd-f149cbaca6fb}, {link=https://creativecommons.org/publicdomain/zero/*/deed.nl}]
errors:
-------
feature call (loop) failed at index: 0
caller: classpath:InspireTest/ngr/datasetrecords/def/checkxlinkurl.template.feature
arg: {"link":"https://www.nationaalgeoregister.nl/geonetwork/srv/api/records6c6be9c5-b09b-4dcf-a5fd-f149cbaca6fb"}
checkxlinkurl.template.feature:22 - path: $, actual: 500, expected: 200, reason: not equal (Integer)
-------
feature call (loop) failed at index: 1
caller: classpath:InspireTest/ngr/datasetrecords/def/checkxlinkurl.template.feature
arg: {"link":"https://creativecommons.org/publicdomain/zero/*/deed.nl"}
checkxlinkurl.template.feature:22 - path: $, actual: 404, expected: 200, reason: not equal (Integer)
[1.59:16] check-known-dataset-record.feature:79 - feature call (loop) failed: classpath:InspireTest/ngr/datasetrecords/def/checkxlinkurl.template.feature
caller: classpath:InspireTest/ngr/datasetrecords/check-known-dataset-record.feature
items: [{link=http://www.opengis.net/def/crs/EPSG/0/http://www.opengis.net/def/crs/EPSG/0/4258}, {link=http://kadaster/ff1d6d44-aea1-4ad5-b084-9afea143f1bf}]
errors:
-------
feature call (loop) failed at index: 1
caller: classpath:InspireTest/ngr/datasetrecords/def/checkxlinkurl.template.feature
arg: {"link":"http://kadaster/ff1d6d44-aea1-4ad5-b084-9afea143f1bf"}
checkxlinkurl.template.feature:14 - 
java.net.UnknownHostException: kadaster
[1.60:16] check-known-dataset-record.feature:79 - feature call (loop) failed: classpath:InspireTest/ngr/datasetrecords/def/checkxlinkurl.template.feature
caller: classpath:InspireTest/ngr/datasetrecords/check-known-dataset-record.feature
items: [{link=https://www.nationaalgeoregister.nl/geonetwork/srv/dut/catalog.search#/metadata/25294679-adb9-4c39-a93b-6954ff9414ac}, {link=http://rdfdata.eionet.europa.eu/inspirethemes/themes/20}, {link=http://rdfdata.eionet.europa.eu/inspirethemes/themes/28}, {link=urn:ogc:def:crs:EPSG::5709}]
errors:
-------
feature call (loop) failed at index: 1
caller: classpath:InspireTest/ngr/datasetrecords/def/checkxlinkurl.template.feature
arg: {"link":"http://rdfdata.eionet.europa.eu/inspirethemes/themes/20"}
checkxlinkurl.template.feature:22 - path: $, actual: 404, expected: 200, reason: not equal (Integer)
-------
feature call (loop) failed at index: 2
caller: classpath:InspireTest/ngr/datasetrecords/def/checkxlinkurl.template.feature
arg: {"link":"http://rdfdata.eionet.europa.eu/inspirethemes/themes/28"}
checkxlinkurl.template.feature:22 - path: $, actual: 404, expected: 200, reason: not equal (Integer)
-------
feature call (loop) failed at index: 3
caller: classpath:InspireTest/ngr/datasetrecords/def/checkxlinkurl.template.feature
arg: {"link":"urn:ogc:def:crs:EPSG::5709"}
checkxlinkurl.template.feature:14 - 
org.apache.http.client.ClientProtocolException: URI does not specify a valid host name: urn:ogc:def:crs:EPSG::5709
[1.61:16] check-known-dataset-record.feature:79 - feature call (loop) failed: classpath:InspireTest/ngr/datasetrecords/def/checkxlinkurl.template.feature
caller: classpath:InspireTest/ngr/datasetrecords/check-known-dataset-record.feature
items: [{link=http://www.opengis.net/def/crs/EPSG/0/http://www.opengis.net/def/crs/EPSG/0/3034}, {link=http://nationaalgeoregister.nl/geonetwork/srv/dut/csw?SERVICE=CSW&version=2.0.2&REQUEST=GetRecordById&elementSetName=full&OutputSchema=http://www.isotc211.org/2005/gmd&ID=88f76a94-ee4d-4e0c-9fde-91b692403e39}, {link=https://creativecommons.org/publicdomain/mark/*/deed.nl}, {link=}]
errors:
-------
feature call (loop) failed at index: 2
caller: classpath:InspireTest/ngr/datasetrecords/def/checkxlinkurl.template.feature
arg: {"link":"https://creativecommons.org/publicdomain/mark/*/deed.nl"}
checkxlinkurl.template.feature:22 - path: $, actual: 404, expected: 200, reason: not equal (Integer)
-------
feature call (loop) failed at index: 3
caller: classpath:InspireTest/ngr/datasetrecords/def/checkxlinkurl.template.feature
arg: {"link":""}
checkxlinkurl.template.feature:14 - 
org.apache.http.client.ClientProtocolException
[1.62:16] check-known-dataset-record.feature:79 - feature call (loop) failed: classpath:InspireTest/ngr/datasetrecords/def/checkxlinkurl.template.feature
caller: classpath:InspireTest/ngr/datasetrecords/check-known-dataset-record.feature
items: [{link=https://www.nationaalgeoregister.nl/geonetwork/srv/dut/catalog.search#/metadata/eu-cb527d-f6db-4835-b0cd-deb245241254}, {link=http://rdfdata.eionet.europa.eu/inspirethemes/themes/7}, {link=http://inspire.ec.europa.eu/metadata-codelist/Prioritydataset/SurfaceWaterBodies-dir-2000-60}, {link=https://ngr.geocat.live/geonetwork/srv/eng/thesaurus.download?ref=external.theme.httpinspireeceuropaeumetadatacodelistPrioritydataset-Prioritydataset}]
errors:
-------
feature call (loop) failed at index: 1
caller: classpath:InspireTest/ngr/datasetrecords/def/checkxlinkurl.template.feature
arg: {"link":"http://rdfdata.eionet.europa.eu/inspirethemes/themes/7"}
checkxlinkurl.template.feature:22 - path: $, actual: 404, expected: 200, reason: not equal (Integer)
-------
feature call (loop) failed at index: 2
caller: classpath:InspireTest/ngr/datasetrecords/def/checkxlinkurl.template.feature
arg: {"link":"http://inspire.ec.europa.eu/metadata-codelist/Prioritydataset/SurfaceWaterBodies-dir-2000-60"}
checkxlinkurl.template.feature:22 - path: $, actual: 404, expected: 200, reason: not equal (Integer)
-------
feature call (loop) failed at index: 3
caller: classpath:InspireTest/ngr/datasetrecords/def/checkxlinkurl.template.feature
arg: {"link":"https://ngr.geocat.live/geonetwork/srv/eng/thesaurus.download?ref=external.theme.httpinspireeceuropaeumetadatacodelistPrioritydataset-Prioritydataset"}
checkxlinkurl.template.feature:22 - path: $, actual: 500, expected: 200, reason: not equal (Integer)
[1.63:16] check-known-dataset-record.feature:79 - feature call (loop) failed: classpath:InspireTest/ngr/datasetrecords/def/checkxlinkurl.template.feature
caller: classpath:InspireTest/ngr/datasetrecords/check-known-dataset-record.feature
items: [{link=https://ngr.acceptatie.nationaalgeoregister.nl/geonetwork/srv/resources03671a9e-6aaf-464d-be99-9aad25cef9e3}]
errors:
-------
feature call (loop) failed at index: 0
caller: classpath:InspireTest/ngr/datasetrecords/def/checkxlinkurl.template.feature
arg: {"link":"https://ngr.acceptatie.nationaalgeoregister.nl/geonetwork/srv/resources03671a9e-6aaf-464d-be99-9aad25cef9e3"}
checkxlinkurl.template.feature:22 - path: $, actual: 404, expected: 200, reason: not equal (Integer)
[1.64:16] check-known-dataset-record.feature:79 - feature call (loop) failed: classpath:InspireTest/ngr/datasetrecords/def/checkxlinkurl.template.feature
caller: classpath:InspireTest/ngr/datasetrecords/check-known-dataset-record.feature
items: [{link=https://ngr.acceptatie.nationaalgeoregister.nl/geonetwork/srv/resourcesbbe3c19d-12b0-4912-a6f4-46eb189e85ac}, {link=http://rdfdata.eionet.europa.eu/inspirethemes/themes/16}, {link=http://geonetwork-opensource.org/inspire-theme#}, {link=https://www.nationaalgeoregister.nl/geonetwork/srv/eng/thesaurus.download?ref=external.theme.inspire-theme}]
errors:
-------
feature call (loop) failed at index: 0
caller: classpath:InspireTest/ngr/datasetrecords/def/checkxlinkurl.template.feature
arg: {"link":"https://ngr.acceptatie.nationaalgeoregister.nl/geonetwork/srv/resourcesbbe3c19d-12b0-4912-a6f4-46eb189e85ac"}
checkxlinkurl.template.feature:22 - path: $, actual: 404, expected: 200, reason: not equal (Integer)
-------
feature call (loop) failed at index: 1
caller: classpath:InspireTest/ngr/datasetrecords/def/checkxlinkurl.template.feature
arg: {"link":"http://rdfdata.eionet.europa.eu/inspirethemes/themes/16"}
checkxlinkurl.template.feature:22 - path: $, actual: 404, expected: 200, reason: not equal (Integer)
-------
feature call (loop) failed at index: 2
caller: classpath:InspireTest/ngr/datasetrecords/def/checkxlinkurl.template.feature
arg: {"link":"http://geonetwork-opensource.org/inspire-theme#"}
checkxlinkurl.template.feature:22 - path: $, actual: 404, expected: 200, reason: not equal (Integer)
-------
feature call (loop) failed at index: 3
caller: classpath:InspireTest/ngr/datasetrecords/def/checkxlinkurl.template.feature
arg: {"link":"https://www.nationaalgeoregister.nl/geonetwork/srv/eng/thesaurus.download?ref=external.theme.inspire-theme"}
checkxlinkurl.template.feature:22 - path: $, actual: 500, expected: 200, reason: not equal (Integer)
[1.65:16] check-known-dataset-record.feature:79 - feature call (loop) failed: classpath:InspireTest/ngr/datasetrecords/def/checkxlinkurl.template.feature
caller: classpath:InspireTest/ngr/datasetrecords/check-known-dataset-record.feature
items: [{link=u}, {link=r}, {link=n}, {link=:}, {link=o}, {link=g}, {link=c}, {link=:}, {link=d}, {link=e}, {link=f}, {link=:}, {link=c}, {link=r}, {link=s}, {link=:}, {link=E}, {link=P}, {link=S}, {link=G}, {link=:}, {link=:}, {link=5}, {link=7}, {link=0}, {link=9}]
errors:
-------
feature call (loop) failed at index: 0
caller: classpath:InspireTest/ngr/datasetrecords/def/checkxlinkurl.template.feature
arg: {"link":"u"}
checkxlinkurl.template.feature:14 - 
org.apache.http.client.ClientProtocolException
-------
feature call (loop) failed at index: 1
caller: classpath:InspireTest/ngr/datasetrecords/def/checkxlinkurl.template.feature
arg: {"link":"r"}
checkxlinkurl.template.feature:14 - 
org.apache.http.client.ClientProtocolException
-------
feature call (loop) failed at index: 2
caller: classpath:InspireTest/ngr/datasetrecords/def/checkxlinkurl.template.feature
arg: {"link":"n"}
checkxlinkurl.template.feature:14 - 
org.apache.http.client.ClientProtocolException
-------
feature call (loop) failed at index: 3
caller: classpath:InspireTest/ngr/datasetrecords/def/checkxlinkurl.template.feature
arg: {"link":":"}
checkxlinkurl.template.feature:14 - java.net.URISyntaxException: Expected scheme name at index 0: :
-------
feature call (loop) failed at index: 4
caller: classpath:InspireTest/ngr/datasetrecords/def/checkxlinkurl.template.feature
arg: {"link":"o"}
checkxlinkurl.template.feature:14 - 
org.apache.http.client.ClientProtocolException
-------
feature call (loop) failed at index: 5
caller: classpath:InspireTest/ngr/datasetrecords/def/checkxlinkurl.template.feature
arg: {"link":"g"}
checkxlinkurl.template.feature:14 - 
org.apache.http.client.ClientProtocolException
-------
feature call (loop) failed at index: 6
caller: classpath:InspireTest/ngr/datasetrecords/def/checkxlinkurl.template.feature
arg: {"link":"c"}
checkxlinkurl.template.feature:14 - 
org.apache.http.client.ClientProtocolException
-------
feature call (loop) failed at index: 7
caller: classpath:InspireTest/ngr/datasetrecords/def/checkxlinkurl.template.feature
arg: {"link":":"}
checkxlinkurl.template.feature:14 - java.net.URISyntaxException: Expected scheme name at index 0: :
-------
feature call (loop) failed at index: 8
caller: classpath:InspireTest/ngr/datasetrecords/def/checkxlinkurl.template.feature
arg: {"link":"d"}
checkxlinkurl.template.feature:14 - 
org.apache.http.client.ClientProtocolException
-------
feature call (loop) failed at index: 9
caller: classpath:InspireTest/ngr/datasetrecords/def/checkxlinkurl.template.feature
arg: {"link":"e"}
checkxlinkurl.template.feature:14 - 
org.apache.http.client.ClientProtocolException
-------
feature call (loop) failed at index: 10
caller: classpath:InspireTest/ngr/datasetrecords/def/checkxlinkurl.template.feature
arg: {"link":"f"}
checkxlinkurl.template.feature:14 - 
org.apache.http.client.ClientProtocolException
-------
feature call (loop) failed at index: 11
caller: classpath:InspireTest/ngr/datasetrecords/def/checkxlinkurl.template.feature
arg: {"link":":"}
checkxlinkurl.template.feature:14 - java.net.URISyntaxException: Expected scheme name at index 0: :
-------
feature call (loop) failed at index: 12
caller: classpath:InspireTest/ngr/datasetrecords/def/checkxlinkurl.template.feature
arg: {"link":"c"}
checkxlinkurl.template.feature:14 - 
org.apache.http.client.ClientProtocolException
-------
feature call (loop) failed at index: 13
caller: classpath:InspireTest/ngr/datasetrecords/def/checkxlinkurl.template.feature
arg: {"link":"r"}
checkxlinkurl.template.feature:14 - 
org.apache.http.client.ClientProtocolException
-------
feature call (loop) failed at index: 14
caller: classpath:InspireTest/ngr/datasetrecords/def/checkxlinkurl.template.feature
arg: {"link":"s"}
checkxlinkurl.template.feature:14 - 
org.apache.http.client.ClientProtocolException
-------
feature call (loop) failed at index: 15
caller: classpath:InspireTest/ngr/datasetrecords/def/checkxlinkurl.template.feature
arg: {"link":":"}
checkxlinkurl.template.feature:14 - java.net.URISyntaxException: Expected scheme name at index 0: :
-------
feature call (loop) failed at index: 16
caller: classpath:InspireTest/ngr/datasetrecords/def/checkxlinkurl.template.feature
arg: {"link":"E"}
checkxlinkurl.template.feature:14 - 
org.apache.http.client.ClientProtocolException
-------
feature call (loop) failed at index: 17
caller: classpath:InspireTest/ngr/datasetrecords/def/checkxlinkurl.template.feature
arg: {"link":"P"}
checkxlinkurl.template.feature:14 - 
org.apache.http.client.ClientProtocolException
-------
feature call (loop) failed at index: 18
caller: classpath:InspireTest/ngr/datasetrecords/def/checkxlinkurl.template.feature
arg: {"link":"S"}
checkxlinkurl.template.feature:14 - 
org.apache.http.client.ClientProtocolException
-------
feature call (loop) failed at index: 19
caller: classpath:InspireTest/ngr/datasetrecords/def/checkxlinkurl.template.feature
arg: {"link":"G"}
checkxlinkurl.template.feature:14 - 
org.apache.http.client.ClientProtocolException
-------
feature call (loop) failed at index: 20
caller: classpath:InspireTest/ngr/datasetrecords/def/checkxlinkurl.template.feature
arg: {"link":":"}
checkxlinkurl.template.feature:14 - java.net.URISyntaxException: Expected scheme name at index 0: :
-------
feature call (loop) failed at index: 21
caller: classpath:InspireTest/ngr/datasetrecords/def/checkxlinkurl.template.feature
arg: {"link":":"}
checkxlinkurl.template.feature:14 - java.net.URISyntaxException: Expected scheme name at index 0: :
-------
feature call (loop) failed at index: 22
caller: classpath:InspireTest/ngr/datasetrecords/def/checkxlinkurl.template.feature
arg: {"link":"5"}
checkxlinkurl.template.feature:14 - 
org.apache.http.client.ClientProtocolException
-------
feature call (loop) failed at index: 23
caller: classpath:InspireTest/ngr/datasetrecords/def/checkxlinkurl.template.feature
arg: {"link":"7"}
checkxlinkurl.template.feature:14 - 
org.apache.http.client.ClientProtocolException
-------
feature call (loop) failed at index: 24
caller: classpath:InspireTest/ngr/datasetrecords/def/checkxlinkurl.template.feature
arg: {"link":"0"}
checkxlinkurl.template.feature:14 - 
org.apache.http.client.ClientProtocolException
-------
feature call (loop) failed at index: 25
caller: classpath:InspireTest/ngr/datasetrecords/def/checkxlinkurl.template.feature
arg: {"link":"9"}
checkxlinkurl.template.feature:14 - 
org.apache.http.client.ClientProtocolException
[1.66:16] check-known-dataset-record.feature:79 - feature call (loop) failed: classpath:InspireTest/ngr/datasetrecords/def/checkxlinkurl.template.feature
caller: classpath:InspireTest/ngr/datasetrecords/check-known-dataset-record.feature
items: [{link=http://kadaster/7c22107ea-5e31-4bbc-8e24-d15fe230062e}]
errors:
-------
feature call (loop) failed at index: 0
caller: classpath:InspireTest/ngr/datasetrecords/def/checkxlinkurl.template.feature
arg: {"link":"http://kadaster/7c22107ea-5e31-4bbc-8e24-d15fe230062e"}
checkxlinkurl.template.feature:14 - 
java.net.UnknownHostException: kadaster
[1.67:16] check-known-dataset-record.feature:79 - feature call (loop) failed: classpath:InspireTest/ngr/datasetrecords/def/checkxlinkurl.template.feature
caller: classpath:InspireTest/ngr/datasetrecords/check-known-dataset-record.feature
items: [{link=http://www.opengis.net/def/crs/EPSG/0/http://www.opengis.net/def/crs/EPSG/0/4258}, {link=http://kadaster/1d32fc50-cd5b-4425-b0df-16c7c7940e94}]
errors:
-------
feature call (loop) failed at index: 1
caller: classpath:InspireTest/ngr/datasetrecords/def/checkxlinkurl.template.feature
arg: {"link":"http://kadaster/1d32fc50-cd5b-4425-b0df-16c7c7940e94"}
checkxlinkurl.template.feature:14 - 
java.net.UnknownHostException: kadaster
[1.68:16] check-known-dataset-record.feature:79 - feature call (loop) failed: classpath:InspireTest/ngr/datasetrecords/def/checkxlinkurl.template.feature
caller: classpath:InspireTest/ngr/datasetrecords/check-known-dataset-record.feature
items: [{link=https://data.rivm.nl/inspire/id#b867ba72-5a7c-41fe-b997-394b56dfbd25}]
errors:
-------
feature call (loop) failed at index: 0
caller: classpath:InspireTest/ngr/datasetrecords/def/checkxlinkurl.template.feature
arg: {"link":"https://data.rivm.nl/inspire/id#b867ba72-5a7c-41fe-b997-394b56dfbd25"}
checkxlinkurl.template.feature:14 - 
javax.net.ssl.SSLException: Connection reset
[1.70:16] check-known-dataset-record.feature:79 - feature call (loop) failed: classpath:InspireTest/ngr/datasetrecords/def/checkxlinkurl.template.feature
caller: classpath:InspireTest/ngr/datasetrecords/check-known-dataset-record.feature
items: [{link=https://www.nationaalgeoregister.nl/geonetwork/srv/api/records1b2abd21-3084-4db7-ab49-46866b4aac2b}, {link=https://creativecommons.org/publicdomain/zero/*/deed.nl}]
errors:
-------
feature call (loop) failed at index: 0
caller: classpath:InspireTest/ngr/datasetrecords/def/checkxlinkurl.template.feature
arg: {"link":"https://www.nationaalgeoregister.nl/geonetwork/srv/api/records1b2abd21-3084-4db7-ab49-46866b4aac2b"}
checkxlinkurl.template.feature:22 - path: $, actual: 500, expected: 200, reason: not equal (Integer)
-------
feature call (loop) failed at index: 1
caller: classpath:InspireTest/ngr/datasetrecords/def/checkxlinkurl.template.feature
arg: {"link":"https://creativecommons.org/publicdomain/zero/*/deed.nl"}
checkxlinkurl.template.feature:22 - path: $, actual: 404, expected: 200, reason: not equal (Integer)
[1.71:16] check-known-dataset-record.feature:79 - feature call (loop) failed: classpath:InspireTest/ngr/datasetrecords/def/checkxlinkurl.template.feature
caller: classpath:InspireTest/ngr/datasetrecords/check-known-dataset-record.feature
items: [{link=http://kadaster/06b6c650-cdb1-11dd-ad8b-0800200c9a81}]
errors:
-------
feature call (loop) failed at index: 0
caller: classpath:InspireTest/ngr/datasetrecords/def/checkxlinkurl.template.feature
arg: {"link":"http://kadaster/06b6c650-cdb1-11dd-ad8b-0800200c9a81"}
checkxlinkurl.template.feature:14 - 
java.net.UnknownHostException: kadaster
[1.72:16] check-known-dataset-record.feature:79 - feature call (loop) failed: classpath:InspireTest/ngr/datasetrecords/def/checkxlinkurl.template.feature
caller: classpath:InspireTest/ngr/datasetrecords/check-known-dataset-record.feature
items: [{link=u}, {link=r}, {link=n}, {link=:}, {link=o}, {link=g}, {link=c}, {link=:}, {link=d}, {link=e}, {link=f}, {link=:}, {link=c}, {link=r}, {link=s}, {link=:}, {link=E}, {link=P}, {link=S}, {link=G}, {link=:}, {link=:}, {link=5}, {link=6}, {link=2}, {link=1}]
errors:
-------
feature call (loop) failed at index: 0
caller: classpath:InspireTest/ngr/datasetrecords/def/checkxlinkurl.template.feature
arg: {"link":"u"}
checkxlinkurl.template.feature:14 - 
org.apache.http.client.ClientProtocolException
-------
feature call (loop) failed at index: 1
caller: classpath:InspireTest/ngr/datasetrecords/def/checkxlinkurl.template.feature
arg: {"link":"r"}
checkxlinkurl.template.feature:14 - 
org.apache.http.client.ClientProtocolException
-------
feature call (loop) failed at index: 2
caller: classpath:InspireTest/ngr/datasetrecords/def/checkxlinkurl.template.feature
arg: {"link":"n"}
checkxlinkurl.template.feature:14 - 
org.apache.http.client.ClientProtocolException
-------
feature call (loop) failed at index: 3
caller: classpath:InspireTest/ngr/datasetrecords/def/checkxlinkurl.template.feature
arg: {"link":":"}
checkxlinkurl.template.feature:14 - java.net.URISyntaxException: Expected scheme name at index 0: :
-------
feature call (loop) failed at index: 4
caller: classpath:InspireTest/ngr/datasetrecords/def/checkxlinkurl.template.feature
arg: {"link":"o"}
checkxlinkurl.template.feature:14 - 
org.apache.http.client.ClientProtocolException
-------
feature call (loop) failed at index: 5
caller: classpath:InspireTest/ngr/datasetrecords/def/checkxlinkurl.template.feature
arg: {"link":"g"}
checkxlinkurl.template.feature:14 - 
org.apache.http.client.ClientProtocolException
-------
feature call (loop) failed at index: 6
caller: classpath:InspireTest/ngr/datasetrecords/def/checkxlinkurl.template.feature
arg: {"link":"c"}
checkxlinkurl.template.feature:14 - 
org.apache.http.client.ClientProtocolException
-------
feature call (loop) failed at index: 7
caller: classpath:InspireTest/ngr/datasetrecords/def/checkxlinkurl.template.feature
arg: {"link":":"}
checkxlinkurl.template.feature:14 - java.net.URISyntaxException: Expected scheme name at index 0: :
-------
feature call (loop) failed at index: 8
caller: classpath:InspireTest/ngr/datasetrecords/def/checkxlinkurl.template.feature
arg: {"link":"d"}
checkxlinkurl.template.feature:14 - 
org.apache.http.client.ClientProtocolException
-------
feature call (loop) failed at index: 9
caller: classpath:InspireTest/ngr/datasetrecords/def/checkxlinkurl.template.feature
arg: {"link":"e"}
checkxlinkurl.template.feature:14 - 
org.apache.http.client.ClientProtocolException
-------
feature call (loop) failed at index: 10
caller: classpath:InspireTest/ngr/datasetrecords/def/checkxlinkurl.template.feature
arg: {"link":"f"}
checkxlinkurl.template.feature:14 - 
org.apache.http.client.ClientProtocolException
-------
feature call (loop) failed at index: 11
caller: classpath:InspireTest/ngr/datasetrecords/def/checkxlinkurl.template.feature
arg: {"link":":"}
checkxlinkurl.template.feature:14 - java.net.URISyntaxException: Expected scheme name at index 0: :
-------
feature call (loop) failed at index: 12
caller: classpath:InspireTest/ngr/datasetrecords/def/checkxlinkurl.template.feature
arg: {"link":"c"}
checkxlinkurl.template.feature:14 - 
org.apache.http.client.ClientProtocolException
-------
feature call (loop) failed at index: 13
caller: classpath:InspireTest/ngr/datasetrecords/def/checkxlinkurl.template.feature
arg: {"link":"r"}
checkxlinkurl.template.feature:14 - 
org.apache.http.client.ClientProtocolException
-------
feature call (loop) failed at index: 14
caller: classpath:InspireTest/ngr/datasetrecords/def/checkxlinkurl.template.feature
arg: {"link":"s"}
checkxlinkurl.template.feature:14 - 
org.apache.http.client.ClientProtocolException
-------
feature call (loop) failed at index: 15
caller: classpath:InspireTest/ngr/datasetrecords/def/checkxlinkurl.template.feature
arg: {"link":":"}
checkxlinkurl.template.feature:14 - java.net.URISyntaxException: Expected scheme name at index 0: :
-------
feature call (loop) failed at index: 16
caller: classpath:InspireTest/ngr/datasetrecords/def/checkxlinkurl.template.feature
arg: {"link":"E"}
checkxlinkurl.template.feature:14 - 
org.apache.http.client.ClientProtocolException
-------
feature call (loop) failed at index: 17
caller: classpath:InspireTest/ngr/datasetrecords/def/checkxlinkurl.template.feature
arg: {"link":"P"}
checkxlinkurl.template.feature:14 - 
org.apache.http.client.ClientProtocolException
-------
feature call (loop) failed at index: 18
caller: classpath:InspireTest/ngr/datasetrecords/def/checkxlinkurl.template.feature
arg: {"link":"S"}
checkxlinkurl.template.feature:14 - 
org.apache.http.client.ClientProtocolException
-------
feature call (loop) failed at index: 19
caller: classpath:InspireTest/ngr/datasetrecords/def/checkxlinkurl.template.feature
arg: {"link":"G"}
checkxlinkurl.template.feature:14 - 
org.apache.http.client.ClientProtocolException
-------
feature call (loop) failed at index: 20
caller: classpath:InspireTest/ngr/datasetrecords/def/checkxlinkurl.template.feature
arg: {"link":":"}
checkxlinkurl.template.feature:14 - java.net.URISyntaxException: Expected scheme name at index 0: :
-------
feature call (loop) failed at index: 21
caller: classpath:InspireTest/ngr/datasetrecords/def/checkxlinkurl.template.feature
arg: {"link":":"}
checkxlinkurl.template.feature:14 - java.net.URISyntaxException: Expected scheme name at index 0: :
-------
feature call (loop) failed at index: 22
caller: classpath:InspireTest/ngr/datasetrecords/def/checkxlinkurl.template.feature
arg: {"link":"5"}
checkxlinkurl.template.feature:14 - 
org.apache.http.client.ClientProtocolException
-------
feature call (loop) failed at index: 23
caller: classpath:InspireTest/ngr/datasetrecords/def/checkxlinkurl.template.feature
arg: {"link":"6"}
checkxlinkurl.template.feature:14 - 
org.apache.http.client.ClientProtocolException
-------
feature call (loop) failed at index: 24
caller: classpath:InspireTest/ngr/datasetrecords/def/checkxlinkurl.template.feature
arg: {"link":"2"}
checkxlinkurl.template.feature:14 - 
org.apache.http.client.ClientProtocolException
-------
feature call (loop) failed at index: 25
caller: classpath:InspireTest/ngr/datasetrecords/def/checkxlinkurl.template.feature
arg: {"link":"1"}
checkxlinkurl.template.feature:14 - 
org.apache.http.client.ClientProtocolException
[1.73:16] check-known-dataset-record.feature:79 - feature call (loop) failed: classpath:InspireTest/ngr/datasetrecords/def/checkxlinkurl.template.feature
caller: classpath:InspireTest/ngr/datasetrecords/check-known-dataset-record.feature
items: [{link=https://data.rivm.nl/inspire/id#5cb4b489-67c8-44bc-85c5-424a80a53b3b}]
errors:
-------
feature call (loop) failed at index: 0
caller: classpath:InspireTest/ngr/datasetrecords/def/checkxlinkurl.template.feature
arg: {"link":"https://data.rivm.nl/inspire/id#5cb4b489-67c8-44bc-85c5-424a80a53b3b"}
checkxlinkurl.template.feature:14 - 
javax.net.ssl.SSLException: Connection reset
[1.75:16] check-known-dataset-record.feature:79 - feature call (loop) failed: classpath:InspireTest/ngr/datasetrecords/def/checkxlinkurl.template.feature
caller: classpath:InspireTest/ngr/datasetrecords/check-known-dataset-record.feature
items: [{link=http://www.opengis.net/def/crs/EPSG/0/http://www.opengis.net/def/crs/EPSG/0/4258}, {link=http://kadaster/9778afe6-2152-4a8f-ba32-9697625401e3}]
errors:
-------
feature call (loop) failed at index: 1
caller: classpath:InspireTest/ngr/datasetrecords/def/checkxlinkurl.template.feature
arg: {"link":"http://kadaster/9778afe6-2152-4a8f-ba32-9697625401e3"}
checkxlinkurl.template.feature:14 - 
java.net.UnknownHostException: kadaster
[1.76:16] check-known-dataset-record.feature:79 - feature call (loop) failed: classpath:InspireTest/ngr/datasetrecords/def/checkxlinkurl.template.feature
caller: classpath:InspireTest/ngr/datasetrecords/check-known-dataset-record.feature
items: [{link=https://data.rivm.nl/inspire/id#440c4a06-6924-4f9c-a9e2-6f61340f711b}]
errors:
-------
feature call (loop) failed at index: 0
caller: classpath:InspireTest/ngr/datasetrecords/def/checkxlinkurl.template.feature
arg: {"link":"https://data.rivm.nl/inspire/id#440c4a06-6924-4f9c-a9e2-6f61340f711b"}
checkxlinkurl.template.feature:14 - 
javax.net.ssl.SSLException: Connection reset
[1.77:16] check-known-dataset-record.feature:79 - feature call (loop) failed: classpath:InspireTest/ngr/datasetrecords/def/checkxlinkurl.template.feature
caller: classpath:InspireTest/ngr/datasetrecords/check-known-dataset-record.feature
items: [{link=http://www.opengis.net/def/crs/EPSG/0/http://www.opengis.net/def/crs/EPSG/0/4258}, {link=http://kadaster/7cdfa80a-cfbf-4324-978d-f1f141756b66}]
errors:
-------
feature call (loop) failed at index: 1
caller: classpath:InspireTest/ngr/datasetrecords/def/checkxlinkurl.template.feature
arg: {"link":"http://kadaster/7cdfa80a-cfbf-4324-978d-f1f141756b66"}
checkxlinkurl.template.feature:14 - 
java.net.UnknownHostException: kadaster
[1.78:16] check-known-dataset-record.feature:47 - xpath does not exist: /GetRecordByIdResponse//@href on response
[1.79:16] check-known-dataset-record.feature:79 - feature call (loop) failed: classpath:InspireTest/ngr/datasetrecords/def/checkxlinkurl.template.feature
caller: classpath:InspireTest/ngr/datasetrecords/check-known-dataset-record.feature
items: [{link=https://www.nationaalgeoregister.nl/geonetwork/srv/dut/catalog.search#/metadata/adn73c4a-ef03-4785-b7f6-942e86b385f7}, {link=http://rdfdata.eionet.europa.eu/inspirethemes/themes/10}, {link=urn:ogc:def:crs:EPSG::5709}]
errors:
-------
feature call (loop) failed at index: 1
caller: classpath:InspireTest/ngr/datasetrecords/def/checkxlinkurl.template.feature
arg: {"link":"http://rdfdata.eionet.europa.eu/inspirethemes/themes/10"}
checkxlinkurl.template.feature:22 - path: $, actual: 404, expected: 200, reason: not equal (Integer)
-------
feature call (loop) failed at index: 2
caller: classpath:InspireTest/ngr/datasetrecords/def/checkxlinkurl.template.feature
arg: {"link":"urn:ogc:def:crs:EPSG::5709"}
checkxlinkurl.template.feature:14 - 
org.apache.http.client.ClientProtocolException: URI does not specify a valid host name: urn:ogc:def:crs:EPSG::5709
[1.80:16] check-known-dataset-record.feature:79 - feature call (loop) failed: classpath:InspireTest/ngr/datasetrecords/def/checkxlinkurl.template.feature
caller: classpath:InspireTest/ngr/datasetrecords/check-known-dataset-record.feature
items: [{link=https://nationaalgeoregister.nl/geonetwork/srv/resources7d716522-fa1a-43b4-99c0-3a3480f9e218}, {link=https://www.nationaalgeoregister.nl/geonetwork/srv/eng/thesaurus.download?ref=external.theme.inspire-theme}]
errors:
-------
feature call (loop) failed at index: 0
caller: classpath:InspireTest/ngr/datasetrecords/def/checkxlinkurl.template.feature
arg: {"link":"https://nationaalgeoregister.nl/geonetwork/srv/resources7d716522-fa1a-43b4-99c0-3a3480f9e218"}
checkxlinkurl.template.feature:22 - path: $, actual: 404, expected: 200, reason: not equal (Integer)
-------
feature call (loop) failed at index: 1
caller: classpath:InspireTest/ngr/datasetrecords/def/checkxlinkurl.template.feature
arg: {"link":"https://www.nationaalgeoregister.nl/geonetwork/srv/eng/thesaurus.download?ref=external.theme.inspire-theme"}
checkxlinkurl.template.feature:22 - path: $, actual: 500, expected: 200, reason: not equal (Integer)
[1.81:16] check-known-dataset-record.feature:79 - feature call (loop) failed: classpath:InspireTest/ngr/datasetrecords/def/checkxlinkurl.template.feature
caller: classpath:InspireTest/ngr/datasetrecords/check-known-dataset-record.feature
items: [{link=https://www.nationaalgeoregister.nl/geonetwork/srv/api/records49807edc-0007-41aa-8809-d381f6713de4}, {link=https://creativecommons.org/publicdomain/zero/*/deed.nl}]
errors:
-------
feature call (loop) failed at index: 0
caller: classpath:InspireTest/ngr/datasetrecords/def/checkxlinkurl.template.feature
arg: {"link":"https://www.nationaalgeoregister.nl/geonetwork/srv/api/records49807edc-0007-41aa-8809-d381f6713de4"}
checkxlinkurl.template.feature:22 - path: $, actual: 500, expected: 200, reason: not equal (Integer)
-------
feature call (loop) failed at index: 1
caller: classpath:InspireTest/ngr/datasetrecords/def/checkxlinkurl.template.feature
arg: {"link":"https://creativecommons.org/publicdomain/zero/*/deed.nl"}
checkxlinkurl.template.feature:22 - path: $, actual: 404, expected: 200, reason: not equal (Integer)
[1.82:16] check-known-dataset-record.feature:79 - feature call (loop) failed: classpath:InspireTest/ngr/datasetrecords/def/checkxlinkurl.template.feature
caller: classpath:InspireTest/ngr/datasetrecords/check-known-dataset-record.feature
items: [{link=https://data.rivm.nl/inspire/id#1e3a98db-5d5e-4e61-8b64-1d132ddb439e}]
errors:
-------
feature call (loop) failed at index: 0
caller: classpath:InspireTest/ngr/datasetrecords/def/checkxlinkurl.template.feature
arg: {"link":"https://data.rivm.nl/inspire/id#1e3a98db-5d5e-4e61-8b64-1d132ddb439e"}
checkxlinkurl.template.feature:14 - 
javax.net.ssl.SSLException: Connection reset
[1.83:16] check-known-dataset-record.feature:79 - feature call (loop) failed: classpath:InspireTest/ngr/datasetrecords/def/checkxlinkurl.template.feature
caller: classpath:InspireTest/ngr/datasetrecords/check-known-dataset-record.feature
items: [{link=https://nationaalgeoregister.nl/geonetwork/srv/resourcesce4a6d93-83d6-4397-afa1-d4117d5ce76b}, {link=http://rdfdata.eionet.europa.eu/inspirethemes/themes/34}, {link=http://geonetwork-opensource.org/inspire-theme#}, {link=https://www.nationaalgeoregister.nl/geonetwork/srv/eng/thesaurus.download?ref=external.theme.inspire-theme}]
errors:
-------
feature call (loop) failed at index: 0
caller: classpath:InspireTest/ngr/datasetrecords/def/checkxlinkurl.template.feature
arg: {"link":"https://nationaalgeoregister.nl/geonetwork/srv/resourcesce4a6d93-83d6-4397-afa1-d4117d5ce76b"}
checkxlinkurl.template.feature:22 - path: $, actual: 404, expected: 200, reason: not equal (Integer)
-------
feature call (loop) failed at index: 1
caller: classpath:InspireTest/ngr/datasetrecords/def/checkxlinkurl.template.feature
arg: {"link":"http://rdfdata.eionet.europa.eu/inspirethemes/themes/34"}
checkxlinkurl.template.feature:22 - path: $, actual: 404, expected: 200, reason: not equal (Integer)
-------
feature call (loop) failed at index: 2
caller: classpath:InspireTest/ngr/datasetrecords/def/checkxlinkurl.template.feature
arg: {"link":"http://geonetwork-opensource.org/inspire-theme#"}
checkxlinkurl.template.feature:22 - path: $, actual: 404, expected: 200, reason: not equal (Integer)
-------
feature call (loop) failed at index: 3
caller: classpath:InspireTest/ngr/datasetrecords/def/checkxlinkurl.template.feature
arg: {"link":"https://www.nationaalgeoregister.nl/geonetwork/srv/eng/thesaurus.download?ref=external.theme.inspire-theme"}
checkxlinkurl.template.feature:22 - path: $, actual: 500, expected: 200, reason: not equal (Integer)
[1.84:16] check-known-dataset-record.feature:79 - feature call (loop) failed: classpath:InspireTest/ngr/datasetrecords/def/checkxlinkurl.template.feature
caller: classpath:InspireTest/ngr/datasetrecords/check-known-dataset-record.feature
items: [{link=https://www.nationaalgeoregister.nl/geonetwork/srv/api/records/002d9127-c16d-4b8d-9f5e-102a8c8e36c4}]
errors:
-------
feature call (loop) failed at index: 0
caller: classpath:InspireTest/ngr/datasetrecords/def/checkxlinkurl.template.feature
arg: {"link":"https://www.nationaalgeoregister.nl/geonetwork/srv/api/records/002d9127-c16d-4b8d-9f5e-102a8c8e36c4"}
checkxlinkurl.template.feature:22 - path: $, actual: 400, expected: 200, reason: not equal (Integer)
[1.85:16] check-known-dataset-record.feature:79 - feature call (loop) failed: classpath:InspireTest/ngr/datasetrecords/def/checkxlinkurl.template.feature
caller: classpath:InspireTest/ngr/datasetrecords/check-known-dataset-record.feature
items: [{link=https://nationaalgeoregister.nl/geonetwork/srv/resourcese26eb6c9-c441-43e8-8db6-aabbf11578fd}, {link=http://rdfdata.eionet.europa.eu/inspirethemes/themes/16}, {link=http://geonetwork-opensource.org/inspire-theme#}, {link=https://www.nationaalgeoregister.nl/geonetwork/srv/eng/thesaurus.download?ref=external.theme.inspire-theme}]
errors:
-------
feature call (loop) failed at index: 0
caller: classpath:InspireTest/ngr/datasetrecords/def/checkxlinkurl.template.feature
arg: {"link":"https://nationaalgeoregister.nl/geonetwork/srv/resourcese26eb6c9-c441-43e8-8db6-aabbf11578fd"}
checkxlinkurl.template.feature:22 - path: $, actual: 404, expected: 200, reason: not equal (Integer)
-------
feature call (loop) failed at index: 1
caller: classpath:InspireTest/ngr/datasetrecords/def/checkxlinkurl.template.feature
arg: {"link":"http://rdfdata.eionet.europa.eu/inspirethemes/themes/16"}
checkxlinkurl.template.feature:22 - path: $, actual: 404, expected: 200, reason: not equal (Integer)
-------
feature call (loop) failed at index: 2
caller: classpath:InspireTest/ngr/datasetrecords/def/checkxlinkurl.template.feature
arg: {"link":"http://geonetwork-opensource.org/inspire-theme#"}
checkxlinkurl.template.feature:22 - path: $, actual: 404, expected: 200, reason: not equal (Integer)
-------
feature call (loop) failed at index: 3
caller: classpath:InspireTest/ngr/datasetrecords/def/checkxlinkurl.template.feature
arg: {"link":"https://www.nationaalgeoregister.nl/geonetwork/srv/eng/thesaurus.download?ref=external.theme.inspire-theme"}
checkxlinkurl.template.feature:22 - path: $, actual: 500, expected: 200, reason: not equal (Integer)
[1.86:16] check-known-dataset-record.feature:79 - feature call (loop) failed: classpath:InspireTest/ngr/datasetrecords/def/checkxlinkurl.template.feature
caller: classpath:InspireTest/ngr/datasetrecords/check-known-dataset-record.feature
items: [{link=http://kadaster/3bf3f7f3-8ac9-4203-bb95-2c932d5f0f3e}]
errors:
-------
feature call (loop) failed at index: 0
caller: classpath:InspireTest/ngr/datasetrecords/def/checkxlinkurl.template.feature
arg: {"link":"http://kadaster/3bf3f7f3-8ac9-4203-bb95-2c932d5f0f3e"}
checkxlinkurl.template.feature:14 - 
java.net.UnknownHostException: kadaster
[1.87:16] check-known-dataset-record.feature:79 - feature call (loop) failed: classpath:InspireTest/ngr/datasetrecords/def/checkxlinkurl.template.feature
caller: classpath:InspireTest/ngr/datasetrecords/check-known-dataset-record.feature
items: [{link=https://www.nationaalgeoregister.nl/geonetwork/srv/api/records3703b249-a0eb-484e-ba7a-10e31a55bcec}, {link=579}]
errors:
-------
feature call (loop) failed at index: 0
caller: classpath:InspireTest/ngr/datasetrecords/def/checkxlinkurl.template.feature
arg: {"link":"https://www.nationaalgeoregister.nl/geonetwork/srv/api/records3703b249-a0eb-484e-ba7a-10e31a55bcec"}
checkxlinkurl.template.feature:22 - path: $, actual: 500, expected: 200, reason: not equal (Integer)
-------
feature call (loop) failed at index: 1
caller: classpath:InspireTest/ngr/datasetrecords/def/checkxlinkurl.template.feature
arg: {"link":"579"}
checkxlinkurl.template.feature:14 - 
org.apache.http.client.ClientProtocolException
[1.89:16] check-known-dataset-record.feature:79 - feature call (loop) failed: classpath:InspireTest/ngr/datasetrecords/def/checkxlinkurl.template.feature
caller: classpath:InspireTest/ngr/datasetrecords/check-known-dataset-record.feature
items: [{link=http://kadaster/2482250f-3b00-4439-9f93-f3118229b020}, {link=}, {link=}, {link=}]
errors:
-------
feature call (loop) failed at index: 0
caller: classpath:InspireTest/ngr/datasetrecords/def/checkxlinkurl.template.feature
arg: {"link":"http://kadaster/2482250f-3b00-4439-9f93-f3118229b020"}
checkxlinkurl.template.feature:14 - 
java.net.UnknownHostException: kadaster
-------
feature call (loop) failed at index: 1
caller: classpath:InspireTest/ngr/datasetrecords/def/checkxlinkurl.template.feature
arg: {"link":""}
checkxlinkurl.template.feature:14 - 
org.apache.http.client.ClientProtocolException
-------
feature call (loop) failed at index: 2
caller: classpath:InspireTest/ngr/datasetrecords/def/checkxlinkurl.template.feature
arg: {"link":""}
checkxlinkurl.template.feature:14 - 
org.apache.http.client.ClientProtocolException
-------
feature call (loop) failed at index: 3
caller: classpath:InspireTest/ngr/datasetrecords/def/checkxlinkurl.template.feature
arg: {"link":""}
checkxlinkurl.template.feature:14 - 
org.apache.http.client.ClientProtocolException
[1.90:16] check-known-dataset-record.feature:79 - feature call (loop) failed: classpath:InspireTest/ngr/datasetrecords/def/checkxlinkurl.template.feature
caller: classpath:InspireTest/ngr/datasetrecords/check-known-dataset-record.feature
items: [{link=http://kadaster/06b6c650-cdb1-11dd-ad8b-0800200c9a76}]
errors:
-------
feature call (loop) failed at index: 0
caller: classpath:InspireTest/ngr/datasetrecords/def/checkxlinkurl.template.feature
arg: {"link":"http://kadaster/06b6c650-cdb1-11dd-ad8b-0800200c9a76"}
checkxlinkurl.template.feature:14 - 
java.net.UnknownHostException: kadaster
[1.91:16] check-known-dataset-record.feature:79 - feature call (loop) failed: classpath:InspireTest/ngr/datasetrecords/def/checkxlinkurl.template.feature
caller: classpath:InspireTest/ngr/datasetrecords/check-known-dataset-record.feature
items: [{link=http://kadaster/2482250f-3b00-4439-9f93-f3118229b201}, {link=}, {link=}, {link=}, {link=}, {link=}]
errors:
-------
feature call (loop) failed at index: 0
caller: classpath:InspireTest/ngr/datasetrecords/def/checkxlinkurl.template.feature
arg: {"link":"http://kadaster/2482250f-3b00-4439-9f93-f3118229b201"}
checkxlinkurl.template.feature:14 - 
java.net.UnknownHostException: kadaster
-------
feature call (loop) failed at index: 1
caller: classpath:InspireTest/ngr/datasetrecords/def/checkxlinkurl.template.feature
arg: {"link":""}
checkxlinkurl.template.feature:14 - 
org.apache.http.client.ClientProtocolException
-------
feature call (loop) failed at index: 2
caller: classpath:InspireTest/ngr/datasetrecords/def/checkxlinkurl.template.feature
arg: {"link":""}
checkxlinkurl.template.feature:14 - 
org.apache.http.client.ClientProtocolException
-------
feature call (loop) failed at index: 3
caller: classpath:InspireTest/ngr/datasetrecords/def/checkxlinkurl.template.feature
arg: {"link":""}
checkxlinkurl.template.feature:14 - 
org.apache.http.client.ClientProtocolException
-------
feature call (loop) failed at index: 4
caller: classpath:InspireTest/ngr/datasetrecords/def/checkxlinkurl.template.feature
arg: {"link":""}
checkxlinkurl.template.feature:14 - 
org.apache.http.client.ClientProtocolException
-------
feature call (loop) failed at index: 5
caller: classpath:InspireTest/ngr/datasetrecords/def/checkxlinkurl.template.feature
arg: {"link":""}
checkxlinkurl.template.feature:14 - 
org.apache.http.client.ClientProtocolException
[1.93:16] check-known-dataset-record.feature:79 - feature call (loop) failed: classpath:InspireTest/ngr/datasetrecords/def/checkxlinkurl.template.feature
caller: classpath:InspireTest/ngr/datasetrecords/check-known-dataset-record.feature
items: [{link=https://geodata.nationaalgeoregister.nl/inspire/su-grid/wfs}, {link=}]
errors:
-------
feature call (loop) failed at index: 0
caller: classpath:InspireTest/ngr/datasetrecords/def/checkxlinkurl.template.feature
arg: {"link":"https://geodata.nationaalgeoregister.nl/inspire/su-grid/wfs"}
checkxlinkurl.template.feature:22 - path: $, actual: 400, expected: 200, reason: not equal (Integer)
-------
feature call (loop) failed at index: 1
caller: classpath:InspireTest/ngr/datasetrecords/def/checkxlinkurl.template.feature
arg: {"link":""}
checkxlinkurl.template.feature:14 - 
org.apache.http.client.ClientProtocolException
[1.95:16] check-known-dataset-record.feature:79 - feature call (loop) failed: classpath:InspireTest/ngr/datasetrecords/def/checkxlinkurl.template.feature
caller: classpath:InspireTest/ngr/datasetrecords/check-known-dataset-record.feature
items: [{link=https://www.nationaalgeoregister.nl/geonetwork/srv/api/records58d39928-f502-48c9-a8c1-03244dc181bf}]
errors:
-------
feature call (loop) failed at index: 0
caller: classpath:InspireTest/ngr/datasetrecords/def/checkxlinkurl.template.feature
arg: {"link":"https://www.nationaalgeoregister.nl/geonetwork/srv/api/records58d39928-f502-48c9-a8c1-03244dc181bf"}
checkxlinkurl.template.feature:22 - path: $, actual: 500, expected: 200, reason: not equal (Integer)
[1.96:16] check-known-dataset-record.feature:79 - feature call (loop) failed: classpath:InspireTest/ngr/datasetrecords/def/checkxlinkurl.template.feature
caller: classpath:InspireTest/ngr/datasetrecords/check-known-dataset-record.feature
items: [{link=http://www.opengis.net/def/crs/EPSG/0/http://www.opengis.net/def/crs/EPSG/0/4258}, {link=http://kadaster/cb4edbd2-2dca-4d44-92bb-b2202048b526}]
errors:
-------
feature call (loop) failed at index: 1
caller: classpath:InspireTest/ngr/datasetrecords/def/checkxlinkurl.template.feature
arg: {"link":"http://kadaster/cb4edbd2-2dca-4d44-92bb-b2202048b526"}
checkxlinkurl.template.feature:14 - 
java.net.UnknownHostException: kadaster
[1.97:16] check-known-dataset-record.feature:79 - feature call (loop) failed: classpath:InspireTest/ngr/datasetrecords/def/checkxlinkurl.template.feature
caller: classpath:InspireTest/ngr/datasetrecords/check-known-dataset-record.feature
items: [{link=https://data.rivm.nl/inspire/id#b5ccab29-e2cc-4178-9f81-40c50e909754}]
errors:
-------
feature call (loop) failed at index: 0
caller: classpath:InspireTest/ngr/datasetrecords/def/checkxlinkurl.template.feature
arg: {"link":"https://data.rivm.nl/inspire/id#b5ccab29-e2cc-4178-9f81-40c50e909754"}
checkxlinkurl.template.feature:14 - 
javax.net.ssl.SSLException: Connection reset
[1.98:16] check-known-dataset-record.feature:79 - feature call (loop) failed: classpath:InspireTest/ngr/datasetrecords/def/checkxlinkurl.template.feature
caller: classpath:InspireTest/ngr/datasetrecords/check-known-dataset-record.feature
items: [{link=http://kadaster/2482250f-3b00-4439-9f93-f3118229b018}, {link=}, {link=}, {link=}]
errors:
-------
feature call (loop) failed at index: 0
caller: classpath:InspireTest/ngr/datasetrecords/def/checkxlinkurl.template.feature
arg: {"link":"http://kadaster/2482250f-3b00-4439-9f93-f3118229b018"}
checkxlinkurl.template.feature:14 - 
java.net.UnknownHostException: kadaster
-------
feature call (loop) failed at index: 1
caller: classpath:InspireTest/ngr/datasetrecords/def/checkxlinkurl.template.feature
arg: {"link":""}
checkxlinkurl.template.feature:14 - 
org.apache.http.client.ClientProtocolException
-------
feature call (loop) failed at index: 2
caller: classpath:InspireTest/ngr/datasetrecords/def/checkxlinkurl.template.feature
arg: {"link":""}
checkxlinkurl.template.feature:14 - 
org.apache.http.client.ClientProtocolException
-------
feature call (loop) failed at index: 3
caller: classpath:InspireTest/ngr/datasetrecords/def/checkxlinkurl.template.feature
arg: {"link":""}
checkxlinkurl.template.feature:14 - 
org.apache.http.client.ClientProtocolException
[1.99:16] check-known-dataset-record.feature:79 - feature call (loop) failed: classpath:InspireTest/ngr/datasetrecords/def/checkxlinkurl.template.feature
caller: classpath:InspireTest/ngr/datasetrecords/check-known-dataset-record.feature
items: [{link=https://data.rivm.nl/inspire/id#fd9c4f87-026e-4681-8d94-9702f3c83078}]
errors:
-------
feature call (loop) failed at index: 0
caller: classpath:InspireTest/ngr/datasetrecords/def/checkxlinkurl.template.feature
arg: {"link":"https://data.rivm.nl/inspire/id#fd9c4f87-026e-4681-8d94-9702f3c83078"}
checkxlinkurl.template.feature:14 - 
javax.net.ssl.SSLException: Connection reset
[1.100:16] check-known-dataset-record.feature:79 - feature call (loop) failed: classpath:InspireTest/ngr/datasetrecords/def/checkxlinkurl.template.feature
caller: classpath:InspireTest/ngr/datasetrecords/check-known-dataset-record.feature
items: [{link=https://data.rivm.nl/inspire/id#7247293d-2113-44d8-b335-8167b2ec4d1b}]
errors:
-------
feature call (loop) failed at index: 0
caller: classpath:InspireTest/ngr/datasetrecords/def/checkxlinkurl.template.feature
arg: {"link":"https://data.rivm.nl/inspire/id#7247293d-2113-44d8-b335-8167b2ec4d1b"}
checkxlinkurl.template.feature:14 - 
javax.net.ssl.SSLException: Connection reset
[1.101:16] check-known-dataset-record.feature:79 - feature call (loop) failed: classpath:InspireTest/ngr/datasetrecords/def/checkxlinkurl.template.feature
caller: classpath:InspireTest/ngr/datasetrecords/check-known-dataset-record.feature
items: [{link=https://ngr.acceptatie.nationaalgeoregister.nl/geonetwork/srv/resourcesc7662717-9e43-4367-a344-723d73abbb3e}]
errors:
-------
feature call (loop) failed at index: 0
caller: classpath:InspireTest/ngr/datasetrecords/def/checkxlinkurl.template.feature
arg: {"link":"https://ngr.acceptatie.nationaalgeoregister.nl/geonetwork/srv/resourcesc7662717-9e43-4367-a344-723d73abbb3e"}
checkxlinkurl.template.feature:22 - path: $, actual: 404, expected: 200, reason: not equal (Integer)
[1.102:16] check-known-dataset-record.feature:79 - feature call (loop) failed: classpath:InspireTest/ngr/datasetrecords/def/checkxlinkurl.template.feature
caller: classpath:InspireTest/ngr/datasetrecords/check-known-dataset-record.feature
items: [{link=https://data.rivm.nl/inspire/id#e6ddc53d-04c4-435d-bedd-a5ace2dc0313}]
errors:
-------
feature call (loop) failed at index: 0
caller: classpath:InspireTest/ngr/datasetrecords/def/checkxlinkurl.template.feature
arg: {"link":"https://data.rivm.nl/inspire/id#e6ddc53d-04c4-435d-bedd-a5ace2dc0313"}
checkxlinkurl.template.feature:14 - 
javax.net.ssl.SSLException: Connection reset
[1.103:16] check-known-dataset-record.feature:79 - feature call (loop) failed: classpath:InspireTest/ngr/datasetrecords/def/checkxlinkurl.template.feature
caller: classpath:InspireTest/ngr/datasetrecords/check-known-dataset-record.feature
items: [{link=http://www.opengis.net/def/crs/EPSG/0/http://www.opengis.net/def/crs/EPSG/0/4258}, {link=http://kadaster/29f0fa66-3928-4e95-ae30-5b1eab818ac1}]
errors:
-------
feature call (loop) failed at index: 1
caller: classpath:InspireTest/ngr/datasetrecords/def/checkxlinkurl.template.feature
arg: {"link":"http://kadaster/29f0fa66-3928-4e95-ae30-5b1eab818ac1"}
checkxlinkurl.template.feature:14 - 
java.net.UnknownHostException: kadaster
[1.104:16] check-known-dataset-record.feature:79 - feature call (loop) failed: classpath:InspireTest/ngr/datasetrecords/def/checkxlinkurl.template.feature
caller: classpath:InspireTest/ngr/datasetrecords/check-known-dataset-record.feature
items: [{link=http://www.opengis.net/def/crs/EPSG/0/https://www.opengis.net/def/crs/EPSG/0/4258}, {link=https://www.nationaalgeoregister.nl/geonetwork/srv/api/records4617f0e0-6af4-4ac0-9044-31df9d03071c}]
errors:
-------
feature call (loop) failed at index: 1
caller: classpath:InspireTest/ngr/datasetrecords/def/checkxlinkurl.template.feature
arg: {"link":"https://www.nationaalgeoregister.nl/geonetwork/srv/api/records4617f0e0-6af4-4ac0-9044-31df9d03071c"}
checkxlinkurl.template.feature:22 - path: $, actual: 500, expected: 200, reason: not equal (Integer)
[1.105:16] check-known-dataset-record.feature:79 - feature call (loop) failed: classpath:InspireTest/ngr/datasetrecords/def/checkxlinkurl.template.feature
caller: classpath:InspireTest/ngr/datasetrecords/check-known-dataset-record.feature
items: [{link=https://data.rivm.nl/inspire/id#1de92b14-bc21-4f33-b0de-abd325e61804}]
errors:
-------
feature call (loop) failed at index: 0
caller: classpath:InspireTest/ngr/datasetrecords/def/checkxlinkurl.template.feature
arg: {"link":"https://data.rivm.nl/inspire/id#1de92b14-bc21-4f33-b0de-abd325e61804"}
checkxlinkurl.template.feature:14 - 
javax.net.ssl.SSLException: Connection reset
[1.106:16] check-known-dataset-record.feature:79 - feature call (loop) failed: classpath:InspireTest/ngr/datasetrecords/def/checkxlinkurl.template.feature
caller: classpath:InspireTest/ngr/datasetrecords/check-known-dataset-record.feature
items: [{link=http://www.opengis.net/def/crs/EPSG/0/https://www.opengis.net/def/crs/EPSG/0/4258}, {link=https://www.nationaalgeoregister.nl/geonetwork/srv/api/recordsf1d27179-36eb-4376-8048-f51d2eb23a09}]
errors:
-------
feature call (loop) failed at index: 1
caller: classpath:InspireTest/ngr/datasetrecords/def/checkxlinkurl.template.feature
arg: {"link":"https://www.nationaalgeoregister.nl/geonetwork/srv/api/recordsf1d27179-36eb-4376-8048-f51d2eb23a09"}
checkxlinkurl.template.feature:22 - path: $, actual: 500, expected: 200, reason: not equal (Integer)
[1.107:16] check-known-dataset-record.feature:79 - feature call (loop) failed: classpath:InspireTest/ngr/datasetrecords/def/checkxlinkurl.template.feature
caller: classpath:InspireTest/ngr/datasetrecords/check-known-dataset-record.feature
items: [{link=http://kadaster/2482250f-3b00-4439-9f93-f3118229b024}, {link=}, {link=}, {link=}]
errors:
-------
feature call (loop) failed at index: 0
caller: classpath:InspireTest/ngr/datasetrecords/def/checkxlinkurl.template.feature
arg: {"link":"http://kadaster/2482250f-3b00-4439-9f93-f3118229b024"}
checkxlinkurl.template.feature:14 - 
java.net.UnknownHostException: kadaster
-------
feature call (loop) failed at index: 1
caller: classpath:InspireTest/ngr/datasetrecords/def/checkxlinkurl.template.feature
arg: {"link":""}
checkxlinkurl.template.feature:14 - 
org.apache.http.client.ClientProtocolException
-------
feature call (loop) failed at index: 2
caller: classpath:InspireTest/ngr/datasetrecords/def/checkxlinkurl.template.feature
arg: {"link":""}
checkxlinkurl.template.feature:14 - 
org.apache.http.client.ClientProtocolException
-------
feature call (loop) failed at index: 3
caller: classpath:InspireTest/ngr/datasetrecords/def/checkxlinkurl.template.feature
arg: {"link":""}
checkxlinkurl.template.feature:14 - 
org.apache.http.client.ClientProtocolException
[1.108:16] check-known-dataset-record.feature:79 - feature call (loop) failed: classpath:InspireTest/ngr/datasetrecords/def/checkxlinkurl.template.feature
caller: classpath:InspireTest/ngr/datasetrecords/check-known-dataset-record.feature
items: [{link=h}, {link=t}, {link=t}, {link=p}, {link=s}, {link=:}, {link=/}, {link=/}, {link=w}, {link=w}, {link=w}, {link=.}, {link=n}, {link=a}, {link=t}, {link=i}, {link=o}, {link=n}, {link=a}, {link=a}, {link=l}, {link=g}, {link=e}, {link=o}, {link=r}, {link=e}, {link=g}, {link=i}, {link=s}, {link=t}, {link=e}, {link=r}, {link=.}, {link=n}, {link=l}, {link=:}, {link=4}, {link=4}, {link=3}, {link=/}, {link=g}, {link=e}, {link=o}, {link=n}, {link=e}, {link=t}, {link=w}, {link=o}, {link=r}, {link=k}, {link=/}, {link=s}, {link=r}, {link=v}, {link=/}, {link=e}, {link=n}, {link=g}, {link=/}, {link=t}, {link=h}, {link=e}, {link=s}, {link=a}, {link=u}, {link=r}, {link=u}, {link=s}, {link=.}, {link=d}, {link=o}, {link=w}, {link=n}, {link=l}, {link=o}, {link=a}, {link=d}, {link=?}, {link=r}, {link=e}, {link=f}, {link==}, {link=e}, {link=x}, {link=t}, {link=e}, {link=r}, {link=n}, {link=a}, {link=l}, {link=.}, {link=t}, {link=h}, {link=e}, {link=m}, {link=e}, {link=.}, {link=h}, {link=t}, {link=t}, {link=p}, {link=i}, {link=n}, {link=s}, {link=p}, {link=i}, {link=r}, {link=e}, {link=e}, {link=c}, {link=e}, {link=u}, {link=r}, {link=o}, {link=p}, {link=a}, {link=e}, {link=u}, {link=t}, {link=h}, {link=e}, {link=m}, {link=e}, {link=-}, {link=t}, {link=h}, {link=e}, {link=m}, {link=e}]
errors:
-------
feature call (loop) failed at index: 0
caller: classpath:InspireTest/ngr/datasetrecords/def/checkxlinkurl.template.feature
arg: {"link":"h"}
checkxlinkurl.template.feature:14 - 
org.apache.http.client.ClientProtocolException
-------
feature call (loop) failed at index: 1
caller: classpath:InspireTest/ngr/datasetrecords/def/checkxlinkurl.template.feature
arg: {"link":"t"}
checkxlinkurl.template.feature:14 - 
org.apache.http.client.ClientProtocolException
-------
feature call (loop) failed at index: 2
caller: classpath:InspireTest/ngr/datasetrecords/def/checkxlinkurl.template.feature
arg: {"link":"t"}
checkxlinkurl.template.feature:14 - 
org.apache.http.client.ClientProtocolException
-------
feature call (loop) failed at index: 3
caller: classpath:InspireTest/ngr/datasetrecords/def/checkxlinkurl.template.feature
arg: {"link":"p"}
checkxlinkurl.template.feature:14 - 
org.apache.http.client.ClientProtocolException
-------
feature call (loop) failed at index: 4
caller: classpath:InspireTest/ngr/datasetrecords/def/checkxlinkurl.template.feature
arg: {"link":"s"}
checkxlinkurl.template.feature:14 - 
org.apache.http.client.ClientProtocolException
-------
feature call (loop) failed at index: 5
caller: classpath:InspireTest/ngr/datasetrecords/def/checkxlinkurl.template.feature
arg: {"link":":"}
checkxlinkurl.template.feature:14 - java.net.URISyntaxException: Expected scheme name at index 0: :
-------
feature call (loop) failed at index: 6
caller: classpath:InspireTest/ngr/datasetrecords/def/checkxlinkurl.template.feature
arg: {"link":"/"}
checkxlinkurl.template.feature:14 - 
org.apache.http.client.ClientProtocolException
-------
feature call (loop) failed at index: 7
caller: classpath:InspireTest/ngr/datasetrecords/def/checkxlinkurl.template.feature
arg: {"link":"/"}
checkxlinkurl.template.feature:14 - 
org.apache.http.client.ClientProtocolException
-------
feature call (loop) failed at index: 8
caller: classpath:InspireTest/ngr/datasetrecords/def/checkxlinkurl.template.feature
arg: {"link":"w"}
checkxlinkurl.template.feature:14 - 
org.apache.http.client.ClientProtocolException
-------
feature call (loop) failed at index: 9
caller: classpath:InspireTest/ngr/datasetrecords/def/checkxlinkurl.template.feature
arg: {"link":"w"}
checkxlinkurl.template.feature:14 - 
org.apache.http.client.ClientProtocolException
-------
feature call (loop) failed at index: 10
caller: classpath:InspireTest/ngr/datasetrecords/def/checkxlinkurl.template.feature
arg: {"link":"w"}
checkxlinkurl.template.feature:14 - 
org.apache.http.client.ClientProtocolException
-------
feature call (loop) failed at index: 11
caller: classpath:InspireTest/ngr/datasetrecords/def/checkxlinkurl.template.feature
arg: {"link":"."}
checkxlinkurl.template.feature:14 - 
org.apache.http.client.ClientProtocolException
-------
feature call (loop) failed at index: 12
caller: classpath:InspireTest/ngr/datasetrecords/def/checkxlinkurl.template.feature
arg: {"link":"n"}
checkxlinkurl.template.feature:14 - 
org.apache.http.client.ClientProtocolException
-------
feature call (loop) failed at index: 13
caller: classpath:InspireTest/ngr/datasetrecords/def/checkxlinkurl.template.feature
arg: {"link":"a"}
checkxlinkurl.template.feature:14 - 
org.apache.http.client.ClientProtocolException
-------
feature call (loop) failed at index: 14
caller: classpath:InspireTest/ngr/datasetrecords/def/checkxlinkurl.template.feature
arg: {"link":"t"}
checkxlinkurl.template.feature:14 - 
org.apache.http.client.ClientProtocolException
-------
feature call (loop) failed at index: 15
caller: classpath:InspireTest/ngr/datasetrecords/def/checkxlinkurl.template.feature
arg: {"link":"i"}
checkxlinkurl.template.feature:14 - 
org.apache.http.client.ClientProtocolException
-------
feature call (loop) failed at index: 16
caller: classpath:InspireTest/ngr/datasetrecords/def/checkxlinkurl.template.feature
arg: {"link":"o"}
checkxlinkurl.template.feature:14 - 
org.apache.http.client.ClientProtocolException
-------
feature call (loop) failed at index: 17
caller: classpath:InspireTest/ngr/datasetrecords/def/checkxlinkurl.template.feature
arg: {"link":"n"}
checkxlinkurl.template.feature:14 - 
org.apache.http.client.ClientProtocolException
-------
feature call (loop) failed at index: 18
caller: classpath:InspireTest/ngr/datasetrecords/def/checkxlinkurl.template.feature
arg: {"link":"a"}
checkxlinkurl.template.feature:14 - 
org.apache.http.client.ClientProtocolException
-------
feature call (loop) failed at index: 19
caller: classpath:InspireTest/ngr/datasetrecords/def/checkxlinkurl.template.feature
arg: {"link":"a"}
checkxlinkurl.template.feature:14 - 
org.apache.http.client.ClientProtocolException
-------
feature call (loop) failed at index: 20
caller: classpath:InspireTest/ngr/datasetrecords/def/checkxlinkurl.template.feature
arg: {"link":"l"}
checkxlinkurl.template.feature:14 - 
org.apache.http.client.ClientProtocolException
-------
feature call (loop) failed at index: 21
caller: classpath:InspireTest/ngr/datasetrecords/def/checkxlinkurl.template.feature
arg: {"link":"g"}
checkxlinkurl.template.feature:14 - 
org.apache.http.client.ClientProtocolException
-------
feature call (loop) failed at index: 22
caller: classpath:InspireTest/ngr/datasetrecords/def/checkxlinkurl.template.feature
arg: {"link":"e"}
checkxlinkurl.template.feature:14 - 
org.apache.http.client.ClientProtocolException
-------
feature call (loop) failed at index: 23
caller: classpath:InspireTest/ngr/datasetrecords/def/checkxlinkurl.template.feature
arg: {"link":"o"}
checkxlinkurl.template.feature:14 - 
org.apache.http.client.ClientProtocolException
-------
feature call (loop) failed at index: 24
caller: classpath:InspireTest/ngr/datasetrecords/def/checkxlinkurl.template.feature
arg: {"link":"r"}
checkxlinkurl.template.feature:14 - 
org.apache.http.client.ClientProtocolException
-------
feature call (loop) failed at index: 25
caller: classpath:InspireTest/ngr/datasetrecords/def/checkxlinkurl.template.feature
arg: {"link":"e"}
checkxlinkurl.template.feature:14 - 
org.apache.http.client.ClientProtocolException
-------
feature call (loop) failed at index: 26
caller: classpath:InspireTest/ngr/datasetrecords/def/checkxlinkurl.template.feature
arg: {"link":"g"}
checkxlinkurl.template.feature:14 - 
org.apache.http.client.ClientProtocolException
-------
feature call (loop) failed at index: 27
caller: classpath:InspireTest/ngr/datasetrecords/def/checkxlinkurl.template.feature
arg: {"link":"i"}
checkxlinkurl.template.feature:14 - 
org.apache.http.client.ClientProtocolException
-------
feature call (loop) failed at index: 28
caller: classpath:InspireTest/ngr/datasetrecords/def/checkxlinkurl.template.feature
arg: {"link":"s"}
checkxlinkurl.template.feature:14 - 
org.apache.http.client.ClientProtocolException
-------
feature call (loop) failed at index: 29
caller: classpath:InspireTest/ngr/datasetrecords/def/checkxlinkurl.template.feature
arg: {"link":"t"}
checkxlinkurl.template.feature:14 - 
org.apache.http.client.ClientProtocolException
-------
feature call (loop) failed at index: 30
caller: classpath:InspireTest/ngr/datasetrecords/def/checkxlinkurl.template.feature
arg: {"link":"e"}
checkxlinkurl.template.feature:14 - 
org.apache.http.client.ClientProtocolException
-------
feature call (loop) failed at index: 31
caller: classpath:InspireTest/ngr/datasetrecords/def/checkxlinkurl.template.feature
arg: {"link":"r"}
checkxlinkurl.template.feature:14 - 
org.apache.http.client.ClientProtocolException
-------
feature call (loop) failed at index: 32
caller: classpath:InspireTest/ngr/datasetrecords/def/checkxlinkurl.template.feature
arg: {"link":"."}
checkxlinkurl.template.feature:14 - 
org.apache.http.client.ClientProtocolException
-------
feature call (loop) failed at index: 33
caller: classpath:InspireTest/ngr/datasetrecords/def/checkxlinkurl.template.feature
arg: {"link":"n"}
checkxlinkurl.template.feature:14 - 
org.apache.http.client.ClientProtocolException
-------
feature call (loop) failed at index: 34
caller: classpath:InspireTest/ngr/datasetrecords/def/checkxlinkurl.template.feature
arg: {"link":"l"}
checkxlinkurl.template.feature:14 - 
org.apache.http.client.ClientProtocolException
-------
feature call (loop) failed at index: 35
caller: classpath:InspireTest/ngr/datasetrecords/def/checkxlinkurl.template.feature
arg: {"link":":"}
checkxlinkurl.template.feature:14 - java.net.URISyntaxException: Expected scheme name at index 0: :
-------
feature call (loop) failed at index: 36
caller: classpath:InspireTest/ngr/datasetrecords/def/checkxlinkurl.template.feature
arg: {"link":"4"}
checkxlinkurl.template.feature:14 - 
org.apache.http.client.ClientProtocolException
-------
feature call (loop) failed at index: 37
caller: classpath:InspireTest/ngr/datasetrecords/def/checkxlinkurl.template.feature
arg: {"link":"4"}
checkxlinkurl.template.feature:14 - 
org.apache.http.client.ClientProtocolException
-------
feature call (loop) failed at index: 38
caller: classpath:InspireTest/ngr/datasetrecords/def/checkxlinkurl.template.feature
arg: {"link":"3"}
checkxlinkurl.template.feature:14 - 
org.apache.http.client.ClientProtocolException
-------
feature call (loop) failed at index: 39
caller: classpath:InspireTest/ngr/datasetrecords/def/checkxlinkurl.template.feature
arg: {"link":"/"}
checkxlinkurl.template.feature:14 - 
org.apache.http.client.ClientProtocolException
-------
feature call (loop) failed at index: 40
caller: classpath:InspireTest/ngr/datasetrecords/def/checkxlinkurl.template.feature
arg: {"link":"g"}
checkxlinkurl.template.feature:14 - 
org.apache.http.client.ClientProtocolException
-------
feature call (loop) failed at index: 41
caller: classpath:InspireTest/ngr/datasetrecords/def/checkxlinkurl.template.feature
arg: {"link":"e"}
checkxlinkurl.template.feature:14 - 
org.apache.http.client.ClientProtocolException
-------
feature call (loop) failed at index: 42
caller: classpath:InspireTest/ngr/datasetrecords/def/checkxlinkurl.template.feature
arg: {"link":"o"}
checkxlinkurl.template.feature:14 - 
org.apache.http.client.ClientProtocolException
-------
feature call (loop) failed at index: 43
caller: classpath:InspireTest/ngr/datasetrecords/def/checkxlinkurl.template.feature
arg: {"link":"n"}
checkxlinkurl.template.feature:14 - 
org.apache.http.client.ClientProtocolException
-------
feature call (loop) failed at index: 44
caller: classpath:InspireTest/ngr/datasetrecords/def/checkxlinkurl.template.feature
arg: {"link":"e"}
checkxlinkurl.template.feature:14 - 
org.apache.http.client.ClientProtocolException
-------
feature call (loop) failed at index: 45
caller: classpath:InspireTest/ngr/datasetrecords/def/checkxlinkurl.template.feature
arg: {"link":"t"}
checkxlinkurl.template.feature:14 - 
org.apache.http.client.ClientProtocolException
-------
feature call (loop) failed at index: 46
caller: classpath:InspireTest/ngr/datasetrecords/def/checkxlinkurl.template.feature
arg: {"link":"w"}
checkxlinkurl.template.feature:14 - 
org.apache.http.client.ClientProtocolException
-------
feature call (loop) failed at index: 47
caller: classpath:InspireTest/ngr/datasetrecords/def/checkxlinkurl.template.feature
arg: {"link":"o"}
checkxlinkurl.template.feature:14 - 
org.apache.http.client.ClientProtocolException
-------
feature call (loop) failed at index: 48
caller: classpath:InspireTest/ngr/datasetrecords/def/checkxlinkurl.template.feature
arg: {"link":"r"}
checkxlinkurl.template.feature:14 - 
org.apache.http.client.ClientProtocolException
-------
feature call (loop) failed at index: 49
caller: classpath:InspireTest/ngr/datasetrecords/def/checkxlinkurl.template.feature
arg: {"link":"k"}
checkxlinkurl.template.feature:14 - 
org.apache.http.client.ClientProtocolException
-------
feature call (loop) failed at index: 50
caller: classpath:InspireTest/ngr/datasetrecords/def/checkxlinkurl.template.feature
arg: {"link":"/"}
checkxlinkurl.template.feature:14 - 
org.apache.http.client.ClientProtocolException
-------
feature call (loop) failed at index: 51
caller: classpath:InspireTest/ngr/datasetrecords/def/checkxlinkurl.template.feature
arg: {"link":"s"}
checkxlinkurl.template.feature:14 - 
org.apache.http.client.ClientProtocolException
-------
feature call (loop) failed at index: 52
caller: classpath:InspireTest/ngr/datasetrecords/def/checkxlinkurl.template.feature
arg: {"link":"r"}
checkxlinkurl.template.feature:14 - 
org.apache.http.client.ClientProtocolException
-------
feature call (loop) failed at index: 53
caller: classpath:InspireTest/ngr/datasetrecords/def/checkxlinkurl.template.feature
arg: {"link":"v"}
checkxlinkurl.template.feature:14 - 
org.apache.http.client.ClientProtocolException
-------
feature call (loop) failed at index: 54
caller: classpath:InspireTest/ngr/datasetrecords/def/checkxlinkurl.template.feature
arg: {"link":"/"}
checkxlinkurl.template.feature:14 - 
org.apache.http.client.ClientProtocolException
-------
feature call (loop) failed at index: 55
caller: classpath:InspireTest/ngr/datasetrecords/def/checkxlinkurl.template.feature
arg: {"link":"e"}
checkxlinkurl.template.feature:14 - 
org.apache.http.client.ClientProtocolException
-------
feature call (loop) failed at index: 56
caller: classpath:InspireTest/ngr/datasetrecords/def/checkxlinkurl.template.feature
arg: {"link":"n"}
checkxlinkurl.template.feature:14 - 
org.apache.http.client.ClientProtocolException
-------
feature call (loop) failed at index: 57
caller: classpath:InspireTest/ngr/datasetrecords/def/checkxlinkurl.template.feature
arg: {"link":"g"}
checkxlinkurl.template.feature:14 - 
org.apache.http.client.ClientProtocolException
-------
feature call (loop) failed at index: 58
caller: classpath:InspireTest/ngr/datasetrecords/def/checkxlinkurl.template.feature
arg: {"link":"/"}
checkxlinkurl.template.feature:14 - 
org.apache.http.client.ClientProtocolException
-------
feature call (loop) failed at index: 59
caller: classpath:InspireTest/ngr/datasetrecords/def/checkxlinkurl.template.feature
arg: {"link":"t"}
checkxlinkurl.template.feature:14 - 
org.apache.http.client.ClientProtocolException
-------
feature call (loop) failed at index: 60
caller: classpath:InspireTest/ngr/datasetrecords/def/checkxlinkurl.template.feature
arg: {"link":"h"}
checkxlinkurl.template.feature:14 - 
org.apache.http.client.ClientProtocolException
-------
feature call (loop) failed at index: 61
caller: classpath:InspireTest/ngr/datasetrecords/def/checkxlinkurl.template.feature
arg: {"link":"e"}
checkxlinkurl.template.feature:14 - 
org.apache.http.client.ClientProtocolException
-------
feature call (loop) failed at index: 62
caller: classpath:InspireTest/ngr/datasetrecords/def/checkxlinkurl.template.feature
arg: {"link":"s"}
checkxlinkurl.template.feature:14 - 
org.apache.http.client.ClientProtocolException
-------
feature call (loop) failed at index: 63
caller: classpath:InspireTest/ngr/datasetrecords/def/checkxlinkurl.template.feature
arg: {"link":"a"}
checkxlinkurl.template.feature:14 - 
org.apache.http.client.ClientProtocolException
-------
feature call (loop) failed at index: 64
caller: classpath:InspireTest/ngr/datasetrecords/def/checkxlinkurl.template.feature
arg: {"link":"u"}
checkxlinkurl.template.feature:14 - 
org.apache.http.client.ClientProtocolException
-------
feature call (loop) failed at index: 65
caller: classpath:InspireTest/ngr/datasetrecords/def/checkxlinkurl.template.feature
arg: {"link":"r"}
checkxlinkurl.template.feature:14 - 
org.apache.http.client.ClientProtocolException
-------
feature call (loop) failed at index: 66
caller: classpath:InspireTest/ngr/datasetrecords/def/checkxlinkurl.template.feature
arg: {"link":"u"}
checkxlinkurl.template.feature:14 - 
org.apache.http.client.ClientProtocolException
-------
feature call (loop) failed at index: 67
caller: classpath:InspireTest/ngr/datasetrecords/def/checkxlinkurl.template.feature
arg: {"link":"s"}
checkxlinkurl.template.feature:14 - 
org.apache.http.client.ClientProtocolException
-------
feature call (loop) failed at index: 68
caller: classpath:InspireTest/ngr/datasetrecords/def/checkxlinkurl.template.feature
arg: {"link":"."}
checkxlinkurl.template.feature:14 - 
org.apache.http.client.ClientProtocolException
-------
feature call (loop) failed at index: 69
caller: classpath:InspireTest/ngr/datasetrecords/def/checkxlinkurl.template.feature
arg: {"link":"d"}
checkxlinkurl.template.feature:14 - 
org.apache.http.client.ClientProtocolException
-------
feature call (loop) failed at index: 70
caller: classpath:InspireTest/ngr/datasetrecords/def/checkxlinkurl.template.feature
arg: {"link":"o"}
checkxlinkurl.template.feature:14 - 
org.apache.http.client.ClientProtocolException
-------
feature call (loop) failed at index: 71
caller: classpath:InspireTest/ngr/datasetrecords/def/checkxlinkurl.template.feature
arg: {"link":"w"}
checkxlinkurl.template.feature:14 - 
org.apache.http.client.ClientProtocolException
-------
feature call (loop) failed at index: 72
caller: classpath:InspireTest/ngr/datasetrecords/def/checkxlinkurl.template.feature
arg: {"link":"n"}
checkxlinkurl.template.feature:14 - 
org.apache.http.client.ClientProtocolException
-------
feature call (loop) failed at index: 73
caller: classpath:InspireTest/ngr/datasetrecords/def/checkxlinkurl.template.feature
arg: {"link":"l"}
checkxlinkurl.template.feature:14 - 
org.apache.http.client.ClientProtocolException
-------
feature call (loop) failed at index: 74
caller: classpath:InspireTest/ngr/datasetrecords/def/checkxlinkurl.template.feature
arg: {"link":"o"}
checkxlinkurl.template.feature:14 - 
org.apache.http.client.ClientProtocolException
-------
feature call (loop) failed at index: 75
caller: classpath:InspireTest/ngr/datasetrecords/def/checkxlinkurl.template.feature
arg: {"link":"a"}
checkxlinkurl.template.feature:14 - 
org.apache.http.client.ClientProtocolException
-------
feature call (loop) failed at index: 76
caller: classpath:InspireTest/ngr/datasetrecords/def/checkxlinkurl.template.feature
arg: {"link":"d"}
checkxlinkurl.template.feature:14 - 
org.apache.http.client.ClientProtocolException
-------
feature call (loop) failed at index: 77
caller: classpath:InspireTest/ngr/datasetrecords/def/checkxlinkurl.template.feature
arg: {"link":"?"}
checkxlinkurl.template.feature:14 - 
org.apache.http.client.ClientProtocolException
-------
feature call (loop) failed at index: 78
caller: classpath:InspireTest/ngr/datasetrecords/def/checkxlinkurl.template.feature
arg: {"link":"r"}
checkxlinkurl.template.feature:14 - 
org.apache.http.client.ClientProtocolException
-------
feature call (loop) failed at index: 79
caller: classpath:InspireTest/ngr/datasetrecords/def/checkxlinkurl.template.feature
arg: {"link":"e"}
checkxlinkurl.template.feature:14 - 
org.apache.http.client.ClientProtocolException
-------
feature call (loop) failed at index: 80
caller: classpath:InspireTest/ngr/datasetrecords/def/checkxlinkurl.template.feature
arg: {"link":"f"}
checkxlinkurl.template.feature:14 - 
org.apache.http.client.ClientProtocolException
-------
feature call (loop) failed at index: 81
caller: classpath:InspireTest/ngr/datasetrecords/def/checkxlinkurl.template.feature
arg: {"link":"="}
checkxlinkurl.template.feature:14 - 
org.apache.http.client.ClientProtocolException
-------
feature call (loop) failed at index: 82
caller: classpath:InspireTest/ngr/datasetrecords/def/checkxlinkurl.template.feature
arg: {"link":"e"}
checkxlinkurl.template.feature:14 - 
org.apache.http.client.ClientProtocolException
-------
feature call (loop) failed at index: 83
caller: classpath:InspireTest/ngr/datasetrecords/def/checkxlinkurl.template.feature
arg: {"link":"x"}
checkxlinkurl.template.feature:14 - 
org.apache.http.client.ClientProtocolException
-------
feature call (loop) failed at index: 84
caller: classpath:InspireTest/ngr/datasetrecords/def/checkxlinkurl.template.feature
arg: {"link":"t"}
checkxlinkurl.template.feature:14 - 
org.apache.http.client.ClientProtocolException
-------
feature call (loop) failed at index: 85
caller: classpath:InspireTest/ngr/datasetrecords/def/checkxlinkurl.template.feature
arg: {"link":"e"}
checkxlinkurl.template.feature:14 - 
org.apache.http.client.ClientProtocolException
-------
feature call (loop) failed at index: 86
caller: classpath:InspireTest/ngr/datasetrecords/def/checkxlinkurl.template.feature
arg: {"link":"r"}
checkxlinkurl.template.feature:14 - 
org.apache.http.client.ClientProtocolException
-------
feature call (loop) failed at index: 87
caller: classpath:InspireTest/ngr/datasetrecords/def/checkxlinkurl.template.feature
arg: {"link":"n"}
checkxlinkurl.template.feature:14 - 
org.apache.http.client.ClientProtocolException
-------
feature call (loop) failed at index: 88
caller: classpath:InspireTest/ngr/datasetrecords/def/checkxlinkurl.template.feature
arg: {"link":"a"}
checkxlinkurl.template.feature:14 - 
org.apache.http.client.ClientProtocolException
-------
feature call (loop) failed at index: 89
caller: classpath:InspireTest/ngr/datasetrecords/def/checkxlinkurl.template.feature
arg: {"link":"l"}
checkxlinkurl.template.feature:14 - 
org.apache.http.client.ClientProtocolException
-------
feature call (loop) failed at index: 90
caller: classpath:InspireTest/ngr/datasetrecords/def/checkxlinkurl.template.feature
arg: {"link":"."}
checkxlinkurl.template.feature:14 - 
org.apache.http.client.ClientProtocolException
-------
feature call (loop) failed at index: 91
caller: classpath:InspireTest/ngr/datasetrecords/def/checkxlinkurl.template.feature
arg: {"link":"t"}
checkxlinkurl.template.feature:14 - 
org.apache.http.client.ClientProtocolException
-------
feature call (loop) failed at index: 92
caller: classpath:InspireTest/ngr/datasetrecords/def/checkxlinkurl.template.feature
arg: {"link":"h"}
checkxlinkurl.template.feature:14 - 
org.apache.http.client.ClientProtocolException
-------
feature call (loop) failed at index: 93
caller: classpath:InspireTest/ngr/datasetrecords/def/checkxlinkurl.template.feature
arg: {"link":"e"}
checkxlinkurl.template.feature:14 - 
org.apache.http.client.ClientProtocolException
-------
feature call (loop) failed at index: 94
caller: classpath:InspireTest/ngr/datasetrecords/def/checkxlinkurl.template.feature
arg: {"link":"m"}
checkxlinkurl.template.feature:14 - 
org.apache.http.client.ClientProtocolException
-------
feature call (loop) failed at index: 95
caller: classpath:InspireTest/ngr/datasetrecords/def/checkxlinkurl.template.feature
arg: {"link":"e"}
checkxlinkurl.template.feature:14 - 
org.apache.http.client.ClientProtocolException
-------
feature call (loop) failed at index: 96
caller: classpath:InspireTest/ngr/datasetrecords/def/checkxlinkurl.template.feature
arg: {"link":"."}
checkxlinkurl.template.feature:14 - 
org.apache.http.client.ClientProtocolException
-------
feature call (loop) failed at index: 97
caller: classpath:InspireTest/ngr/datasetrecords/def/checkxlinkurl.template.feature
arg: {"link":"h"}
checkxlinkurl.template.feature:14 - 
org.apache.http.client.ClientProtocolException
-------
feature call (loop) failed at index: 98
caller: classpath:InspireTest/ngr/datasetrecords/def/checkxlinkurl.template.feature
arg: {"link":"t"}
checkxlinkurl.template.feature:14 - 
org.apache.http.client.ClientProtocolException
-------
feature call (loop) failed at index: 99
caller: classpath:InspireTest/ngr/datasetrecords/def/checkxlinkurl.template.feature
arg: {"link":"t"}
checkxlinkurl.template.feature:14 - 
org.apache.http.client.ClientProtocolException
-------
feature call (loop) failed at index: 100
caller: classpath:InspireTest/ngr/datasetrecords/def/checkxlinkurl.template.feature
arg: {"link":"p"}
checkxlinkurl.template.feature:14 - 
org.apache.http.client.ClientProtocolException
-------
feature call (loop) failed at index: 101
caller: classpath:InspireTest/ngr/datasetrecords/def/checkxlinkurl.template.feature
arg: {"link":"i"}
checkxlinkurl.template.feature:14 - 
org.apache.http.client.ClientProtocolException
-------
feature call (loop) failed at index: 102
caller: classpath:InspireTest/ngr/datasetrecords/def/checkxlinkurl.template.feature
arg: {"link":"n"}
checkxlinkurl.template.feature:14 - 
org.apache.http.client.ClientProtocolException
-------
feature call (loop) failed at index: 103
caller: classpath:InspireTest/ngr/datasetrecords/def/checkxlinkurl.template.feature
arg: {"link":"s"}
checkxlinkurl.template.feature:14 - 
org.apache.http.client.ClientProtocolException
-------
feature call (loop) failed at index: 104
caller: classpath:InspireTest/ngr/datasetrecords/def/checkxlinkurl.template.feature
arg: {"link":"p"}
checkxlinkurl.template.feature:14 - 
org.apache.http.client.ClientProtocolException
-------
feature call (loop) failed at index: 105
caller: classpath:InspireTest/ngr/datasetrecords/def/checkxlinkurl.template.feature
arg: {"link":"i"}
checkxlinkurl.template.feature:14 - 
org.apache.http.client.ClientProtocolException
-------
feature call (loop) failed at index: 106
caller: classpath:InspireTest/ngr/datasetrecords/def/checkxlinkurl.template.feature
arg: {"link":"r"}
checkxlinkurl.template.feature:14 - 
org.apache.http.client.ClientProtocolException
-------
feature call (loop) failed at index: 107
caller: classpath:InspireTest/ngr/datasetrecords/def/checkxlinkurl.template.feature
arg: {"link":"e"}
checkxlinkurl.template.feature:14 - 
org.apache.http.client.ClientProtocolException
-------
feature call (loop) failed at index: 108
caller: classpath:InspireTest/ngr/datasetrecords/def/checkxlinkurl.template.feature
arg: {"link":"e"}
checkxlinkurl.template.feature:14 - 
org.apache.http.client.ClientProtocolException
-------
feature call (loop) failed at index: 109
caller: classpath:InspireTest/ngr/datasetrecords/def/checkxlinkurl.template.feature
arg: {"link":"c"}
checkxlinkurl.template.feature:14 - 
org.apache.http.client.ClientProtocolException
-------
feature call (loop) failed at index: 110
caller: classpath:InspireTest/ngr/datasetrecords/def/checkxlinkurl.template.feature
arg: {"link":"e"}
checkxlinkurl.template.feature:14 - 
org.apache.http.client.ClientProtocolException
-------
feature call (loop) failed at index: 111
caller: classpath:InspireTest/ngr/datasetrecords/def/checkxlinkurl.template.feature
arg: {"link":"u"}
checkxlinkurl.template.feature:14 - 
org.apache.http.client.ClientProtocolException
-------
feature call (loop) failed at index: 112
caller: classpath:InspireTest/ngr/datasetrecords/def/checkxlinkurl.template.feature
arg: {"link":"r"}
checkxlinkurl.template.feature:14 - 
org.apache.http.client.ClientProtocolException
-------
feature call (loop) failed at index: 113
caller: classpath:InspireTest/ngr/datasetrecords/def/checkxlinkurl.template.feature
arg: {"link":"o"}
checkxlinkurl.template.feature:14 - 
org.apache.http.client.ClientProtocolException
-------
feature call (loop) failed at index: 114
caller: classpath:InspireTest/ngr/datasetrecords/def/checkxlinkurl.template.feature
arg: {"link":"p"}
checkxlinkurl.template.feature:14 - 
org.apache.http.client.ClientProtocolException
-------
feature call (loop) failed at index: 115
caller: classpath:InspireTest/ngr/datasetrecords/def/checkxlinkurl.template.feature
arg: {"link":"a"}
checkxlinkurl.template.feature:14 - 
org.apache.http.client.ClientProtocolException
-------
feature call (loop) failed at index: 116
caller: classpath:InspireTest/ngr/datasetrecords/def/checkxlinkurl.template.feature
arg: {"link":"e"}
checkxlinkurl.template.feature:14 - 
org.apache.http.client.ClientProtocolException
-------
feature call (loop) failed at index: 117
caller: classpath:InspireTest/ngr/datasetrecords/def/checkxlinkurl.template.feature
arg: {"link":"u"}
checkxlinkurl.template.feature:14 - 
org.apache.http.client.ClientProtocolException
-------
feature call (loop) failed at index: 118
caller: classpath:InspireTest/ngr/datasetrecords/def/checkxlinkurl.template.feature
arg: {"link":"t"}
checkxlinkurl.template.feature:14 - 
org.apache.http.client.ClientProtocolException
-------
feature call (loop) failed at index: 119
caller: classpath:InspireTest/ngr/datasetrecords/def/checkxlinkurl.template.feature
arg: {"link":"h"}
checkxlinkurl.template.feature:14 - 
org.apache.http.client.ClientProtocolException
-------
feature call (loop) failed at index: 120
caller: classpath:InspireTest/ngr/datasetrecords/def/checkxlinkurl.template.feature
arg: {"link":"e"}
checkxlinkurl.template.feature:14 - 
org.apache.http.client.ClientProtocolException
-------
feature call (loop) failed at index: 121
caller: classpath:InspireTest/ngr/datasetrecords/def/checkxlinkurl.template.feature
arg: {"link":"m"}
checkxlinkurl.template.feature:14 - 
org.apache.http.client.ClientProtocolException
-------
feature call (loop) failed at index: 122
caller: classpath:InspireTest/ngr/datasetrecords/def/checkxlinkurl.template.feature
arg: {"link":"e"}
checkxlinkurl.template.feature:14 - 
org.apache.http.client.ClientProtocolException
-------
feature call (loop) failed at index: 123
caller: classpath:InspireTest/ngr/datasetrecords/def/checkxlinkurl.template.feature
arg: {"link":"-"}
checkxlinkurl.template.feature:14 - 
org.apache.http.client.ClientProtocolException
-------
feature call (loop) failed at index: 124
caller: classpath:InspireTest/ngr/datasetrecords/def/checkxlinkurl.template.feature
arg: {"link":"t"}
checkxlinkurl.template.feature:14 - 
org.apache.http.client.ClientProtocolException
-------
feature call (loop) failed at index: 125
caller: classpath:InspireTest/ngr/datasetrecords/def/checkxlinkurl.template.feature
arg: {"link":"h"}
checkxlinkurl.template.feature:14 - 
org.apache.http.client.ClientProtocolException
-------
feature call (loop) failed at index: 126
caller: classpath:InspireTest/ngr/datasetrecords/def/checkxlinkurl.template.feature
arg: {"link":"e"}
checkxlinkurl.template.feature:14 - 
org.apache.http.client.ClientProtocolException
-------
feature call (loop) failed at index: 127
caller: classpath:InspireTest/ngr/datasetrecords/def/checkxlinkurl.template.feature
arg: {"link":"m"}
checkxlinkurl.template.feature:14 - 
org.apache.http.client.ClientProtocolException
-------
feature call (loop) failed at index: 128
caller: classpath:InspireTest/ngr/datasetrecords/def/checkxlinkurl.template.feature
arg: {"link":"e"}
checkxlinkurl.template.feature:14 - 
org.apache.http.client.ClientProtocolException
[1.109:16] check-known-dataset-record.feature:79 - feature call (loop) failed: classpath:InspireTest/ngr/datasetrecords/def/checkxlinkurl.template.feature
caller: classpath:InspireTest/ngr/datasetrecords/check-known-dataset-record.feature
items: [{link=http://www.opengis.net/def/crs/EPSG/0/ETRS89}, {link=https://www.nationaalgeoregister.nl/geonetwork/srv/api/records07575774-57a1-4419-bab4-6c88fdeb02b2}]
errors:
-------
feature call (loop) failed at index: 1
caller: classpath:InspireTest/ngr/datasetrecords/def/checkxlinkurl.template.feature
arg: {"link":"https://www.nationaalgeoregister.nl/geonetwork/srv/api/records07575774-57a1-4419-bab4-6c88fdeb02b2"}
checkxlinkurl.template.feature:22 - path: $, actual: 500, expected: 200, reason: not equal (Integer)
[1.110:16] check-known-dataset-record.feature:79 - feature call (loop) failed: classpath:InspireTest/ngr/datasetrecords/def/checkxlinkurl.template.feature
caller: classpath:InspireTest/ngr/datasetrecords/check-known-dataset-record.feature
items: [{link=http://www.opengis.net/def/crs/EPSG/0/http://www.opengis.net/def/crs/EPSG/0/3034}, {link=http://nationaalgeoregister.nl/geonetwork/srv/dut/csw?SERVICE=CSW&version=2.0.2&REQUEST=GetRecordById&elementSetName=full&OutputSchema=http://www.isotc211.org/2005/gmd&ID=b6ee58a1-b097-4c6d-8600-eb81efc1468c}, {link=https://creativecommons.org/publicdomain/mark/*/deed.nl}, {link=}]
errors:
-------
feature call (loop) failed at index: 2
caller: classpath:InspireTest/ngr/datasetrecords/def/checkxlinkurl.template.feature
arg: {"link":"https://creativecommons.org/publicdomain/mark/*/deed.nl"}
checkxlinkurl.template.feature:22 - path: $, actual: 404, expected: 200, reason: not equal (Integer)
-------
feature call (loop) failed at index: 3
caller: classpath:InspireTest/ngr/datasetrecords/def/checkxlinkurl.template.feature
arg: {"link":""}
checkxlinkurl.template.feature:14 - 
org.apache.http.client.ClientProtocolException
[1.111:16] check-known-dataset-record.feature:79 - feature call (loop) failed: classpath:InspireTest/ngr/datasetrecords/def/checkxlinkurl.template.feature
caller: classpath:InspireTest/ngr/datasetrecords/check-known-dataset-record.feature
items: [{link=https://data.rivm.nl/inspire/id#36a7e8cb-8300-4602-93d2-135943365a6f}]
errors:
-------
feature call (loop) failed at index: 0
caller: classpath:InspireTest/ngr/datasetrecords/def/checkxlinkurl.template.feature
arg: {"link":"https://data.rivm.nl/inspire/id#36a7e8cb-8300-4602-93d2-135943365a6f"}
checkxlinkurl.template.feature:14 - 
javax.net.ssl.SSLException: Connection reset
[1.112:16] check-known-dataset-record.feature:79 - feature call (loop) failed: classpath:InspireTest/ngr/datasetrecords/def/checkxlinkurl.template.feature
caller: classpath:InspireTest/ngr/datasetrecords/check-known-dataset-record.feature
items: [{link=http://kadaster/2482250f-3b00-4439-9f93-f3118229b023}, {link=}, {link=}, {link=}]
errors:
-------
feature call (loop) failed at index: 0
caller: classpath:InspireTest/ngr/datasetrecords/def/checkxlinkurl.template.feature
arg: {"link":"http://kadaster/2482250f-3b00-4439-9f93-f3118229b023"}
checkxlinkurl.template.feature:14 - 
java.net.UnknownHostException: kadaster: Temporary failure in name resolution
-------
feature call (loop) failed at index: 1
caller: classpath:InspireTest/ngr/datasetrecords/def/checkxlinkurl.template.feature
arg: {"link":""}
checkxlinkurl.template.feature:14 - 
org.apache.http.client.ClientProtocolException
-------
feature call (loop) failed at index: 2
caller: classpath:InspireTest/ngr/datasetrecords/def/checkxlinkurl.template.feature
arg: {"link":""}
checkxlinkurl.template.feature:14 - 
org.apache.http.client.ClientProtocolException
-------
feature call (loop) failed at index: 3
caller: classpath:InspireTest/ngr/datasetrecords/def/checkxlinkurl.template.feature
arg: {"link":""}
checkxlinkurl.template.feature:14 - 
org.apache.http.client.ClientProtocolException
[1.113:16] check-known-dataset-record.feature:79 - feature call (loop) failed: classpath:InspireTest/ngr/datasetrecords/def/checkxlinkurl.template.feature
caller: classpath:InspireTest/ngr/datasetrecords/check-known-dataset-record.feature
items: [{link=https://www.nationaalgeoregister.nl/geonetwork/srv/api/records6e4a2001-fef7-471c-8286-4f859bc1131e}, {link=https://creativecommons.org/publicdomain/zero/*/deed.nl}]
errors:
-------
feature call (loop) failed at index: 0
caller: classpath:InspireTest/ngr/datasetrecords/def/checkxlinkurl.template.feature
arg: {"link":"https://www.nationaalgeoregister.nl/geonetwork/srv/api/records6e4a2001-fef7-471c-8286-4f859bc1131e"}
checkxlinkurl.template.feature:22 - path: $, actual: 500, expected: 200, reason: not equal (Integer)
-------
feature call (loop) failed at index: 1
caller: classpath:InspireTest/ngr/datasetrecords/def/checkxlinkurl.template.feature
arg: {"link":"https://creativecommons.org/publicdomain/zero/*/deed.nl"}
checkxlinkurl.template.feature:22 - path: $, actual: 404, expected: 200, reason: not equal (Integer)
[1.114:16] check-known-dataset-record.feature:79 - feature call (loop) failed: classpath:InspireTest/ngr/datasetrecords/def/checkxlinkurl.template.feature
caller: classpath:InspireTest/ngr/datasetrecords/check-known-dataset-record.feature
items: [{link=https://nationaalgeoregister.nl/geonetwork/srv/resources7d4d5090-8b18-4c30-a07a-9d738039112f}, {link=http://rdfdata.eionet.europa.eu/inspirethemes/themes/13}, {link=http://geonetwork-opensource.org/inspire-theme#}, {link=https://www.nationaalgeoregister.nl/geonetwork/srv/eng/thesaurus.download?ref=external.theme.inspire-theme}]
errors:
-------
feature call (loop) failed at index: 0
caller: classpath:InspireTest/ngr/datasetrecords/def/checkxlinkurl.template.feature
arg: {"link":"https://nationaalgeoregister.nl/geonetwork/srv/resources7d4d5090-8b18-4c30-a07a-9d738039112f"}
checkxlinkurl.template.feature:22 - path: $, actual: 404, expected: 200, reason: not equal (Integer)
-------
feature call (loop) failed at index: 1
caller: classpath:InspireTest/ngr/datasetrecords/def/checkxlinkurl.template.feature
arg: {"link":"http://rdfdata.eionet.europa.eu/inspirethemes/themes/13"}
checkxlinkurl.template.feature:22 - path: $, actual: 404, expected: 200, reason: not equal (Integer)
-------
feature call (loop) failed at index: 2
caller: classpath:InspireTest/ngr/datasetrecords/def/checkxlinkurl.template.feature
arg: {"link":"http://geonetwork-opensource.org/inspire-theme#"}
checkxlinkurl.template.feature:22 - path: $, actual: 404, expected: 200, reason: not equal (Integer)
-------
feature call (loop) failed at index: 3
caller: classpath:InspireTest/ngr/datasetrecords/def/checkxlinkurl.template.feature
arg: {"link":"https://www.nationaalgeoregister.nl/geonetwork/srv/eng/thesaurus.download?ref=external.theme.inspire-theme"}
checkxlinkurl.template.feature:22 - path: $, actual: 500, expected: 200, reason: not equal (Integer)
[1.115:16] check-known-dataset-record.feature:79 - feature call (loop) failed: classpath:InspireTest/ngr/datasetrecords/def/checkxlinkurl.template.feature
caller: classpath:InspireTest/ngr/datasetrecords/check-known-dataset-record.feature
items: [{link=http://www.opengis.net/def/crs/EPSG/0/http://www.opengis.net/def/crs/EPSG/0/4258}, {link=https://www.nationaalgeoregister.nl/geonetwork/srv/dut/catalog.search#/metadata/3387ef8a-9237-453a-aa4e-585d1e193550}, {link=https://creativecommons.org/publicdomain/mark/*/deed.nl}]
errors:
-------
feature call (loop) failed at index: 2
caller: classpath:InspireTest/ngr/datasetrecords/def/checkxlinkurl.template.feature
arg: {"link":"https://creativecommons.org/publicdomain/mark/*/deed.nl"}
checkxlinkurl.template.feature:22 - path: $, actual: 404, expected: 200, reason: not equal (Integer)
[1.116:16] check-known-dataset-record.feature:79 - feature call (loop) failed: classpath:InspireTest/ngr/datasetrecords/def/checkxlinkurl.template.feature
caller: classpath:InspireTest/ngr/datasetrecords/check-known-dataset-record.feature
items: [{link=https://data.rivm.nl/inspire/id#6941b1f2-7ee6-4a1d-9cba-9071e3ca6cb3}]
errors:
-------
feature call (loop) failed at index: 0
caller: classpath:InspireTest/ngr/datasetrecords/def/checkxlinkurl.template.feature
arg: {"link":"https://data.rivm.nl/inspire/id#6941b1f2-7ee6-4a1d-9cba-9071e3ca6cb3"}
checkxlinkurl.template.feature:14 - 
javax.net.ssl.SSLException: Connection reset
[1.117:16] check-known-dataset-record.feature:79 - feature call (loop) failed: classpath:InspireTest/ngr/datasetrecords/def/checkxlinkurl.template.feature
caller: classpath:InspireTest/ngr/datasetrecords/check-known-dataset-record.feature
items: [{link=https://www.nationaalgeoregister.nl/geonetwork/srv/dut/catalog.search#/metadata/adn73c4a-ef03-4785-b7f6-942e86b385f5}, {link=http://rdfdata.eionet.europa.eu/inspirethemes/themes/10}, {link=urn:ogc:def:crs:EPSG::5709}]
errors:
-------
feature call (loop) failed at index: 1
caller: classpath:InspireTest/ngr/datasetrecords/def/checkxlinkurl.template.feature
arg: {"link":"http://rdfdata.eionet.europa.eu/inspirethemes/themes/10"}
checkxlinkurl.template.feature:22 - path: $, actual: 404, expected: 200, reason: not equal (Integer)
-------
feature call (loop) failed at index: 2
caller: classpath:InspireTest/ngr/datasetrecords/def/checkxlinkurl.template.feature
arg: {"link":"urn:ogc:def:crs:EPSG::5709"}
checkxlinkurl.template.feature:14 - 
org.apache.http.client.ClientProtocolException: URI does not specify a valid host name: urn:ogc:def:crs:EPSG::5709
[1.118:16] check-known-dataset-record.feature:79 - feature call (loop) failed: classpath:InspireTest/ngr/datasetrecords/def/checkxlinkurl.template.feature
caller: classpath:InspireTest/ngr/datasetrecords/check-known-dataset-record.feature
items: [{link=https://data.rivm.nl/inspire/id#6e6bf543-e1e3-468d-afae-e88618ad9a65}]
errors:
-------
feature call (loop) failed at index: 0
caller: classpath:InspireTest/ngr/datasetrecords/def/checkxlinkurl.template.feature
arg: {"link":"https://data.rivm.nl/inspire/id#6e6bf543-e1e3-468d-afae-e88618ad9a65"}
checkxlinkurl.template.feature:14 - 
javax.net.ssl.SSLException: Connection reset
[1.119:16] check-known-dataset-record.feature:79 - feature call (loop) failed: classpath:InspireTest/ngr/datasetrecords/def/checkxlinkurl.template.feature
caller: classpath:InspireTest/ngr/datasetrecords/check-known-dataset-record.feature
items: [{link=}]
errors:
-------
feature call (loop) failed at index: 0
caller: classpath:InspireTest/ngr/datasetrecords/def/checkxlinkurl.template.feature
arg: {"link":""}
checkxlinkurl.template.feature:14 - 
org.apache.http.client.ClientProtocolException
[1.120:16] check-known-dataset-record.feature:79 - feature call (loop) failed: classpath:InspireTest/ngr/datasetrecords/def/checkxlinkurl.template.feature
caller: classpath:InspireTest/ngr/datasetrecords/check-known-dataset-record.feature
items: [{link=https://ngr.acceptatie.nationaalgeoregister.nl/geonetwork/srv/resourcesc7a15080-2724-11e2-81c1-0800200c9a66}, {link=http://rdfdata.eionet.europa.eu/inspirethemes/themes/13}, {link=http://rdfdata.eionet.europa.eu/inspirethemes/themes/#}, {link=https://www.nationaalgeoregister.nl/geonetwork/srv/eng/thesaurus.download?ref=external.theme.inspire-theme}]
errors:
-------
feature call (loop) failed at index: 0
caller: classpath:InspireTest/ngr/datasetrecords/def/checkxlinkurl.template.feature
arg: {"link":"https://ngr.acceptatie.nationaalgeoregister.nl/geonetwork/srv/resourcesc7a15080-2724-11e2-81c1-0800200c9a66"}
checkxlinkurl.template.feature:22 - path: $, actual: 404, expected: 200, reason: not equal (Integer)
-------
feature call (loop) failed at index: 1
caller: classpath:InspireTest/ngr/datasetrecords/def/checkxlinkurl.template.feature
arg: {"link":"http://rdfdata.eionet.europa.eu/inspirethemes/themes/13"}
checkxlinkurl.template.feature:22 - path: $, actual: 404, expected: 200, reason: not equal (Integer)
-------
feature call (loop) failed at index: 2
caller: classpath:InspireTest/ngr/datasetrecords/def/checkxlinkurl.template.feature
arg: {"link":"http://rdfdata.eionet.europa.eu/inspirethemes/themes/#"}
checkxlinkurl.template.feature:22 - path: $, actual: 404, expected: 200, reason: not equal (Integer)
-------
feature call (loop) failed at index: 3
caller: classpath:InspireTest/ngr/datasetrecords/def/checkxlinkurl.template.feature
arg: {"link":"https://www.nationaalgeoregister.nl/geonetwork/srv/eng/thesaurus.download?ref=external.theme.inspire-theme"}
checkxlinkurl.template.feature:22 - path: $, actual: 500, expected: 200, reason: not equal (Integer)
[1.121:16] check-known-dataset-record.feature:79 - feature call (loop) failed: classpath:InspireTest/ngr/datasetrecords/def/checkxlinkurl.template.feature
caller: classpath:InspireTest/ngr/datasetrecords/check-known-dataset-record.feature
items: [{link=http://www.opengis.net/def/crs/EPSG/0/NAP}, {link=https://ngr.acceptatie.nationaalgeoregister.nl/geonetwork/srv/resourcesd72ddff0-2724-11e2-81c1-0800200c9a66}]
errors:
-------
feature call (loop) failed at index: 1
caller: classpath:InspireTest/ngr/datasetrecords/def/checkxlinkurl.template.feature
arg: {"link":"https://ngr.acceptatie.nationaalgeoregister.nl/geonetwork/srv/resourcesd72ddff0-2724-11e2-81c1-0800200c9a66"}
checkxlinkurl.template.feature:22 - path: $, actual: 404, expected: 200, reason: not equal (Integer)
[1.122:16] check-known-dataset-record.feature:79 - feature call (loop) failed: classpath:InspireTest/ngr/datasetrecords/def/checkxlinkurl.template.feature
caller: classpath:InspireTest/ngr/datasetrecords/check-known-dataset-record.feature
items: [{link=http://www.opengis.net/def/crs/EPSG/0/NAP}, {link=https://ngr.acceptatie.nationaalgeoregister.nl/geonetwork/srv/resourcesddf87610-2724-11e2-81c1-0800200c9a66}]
errors:
-------
feature call (loop) failed at index: 1
caller: classpath:InspireTest/ngr/datasetrecords/def/checkxlinkurl.template.feature
arg: {"link":"https://ngr.acceptatie.nationaalgeoregister.nl/geonetwork/srv/resourcesddf87610-2724-11e2-81c1-0800200c9a66"}
checkxlinkurl.template.feature:22 - path: $, actual: 404, expected: 200, reason: not equal (Integer)
[1.123:16] check-known-dataset-record.feature:79 - feature call (loop) failed: classpath:InspireTest/ngr/datasetrecords/def/checkxlinkurl.template.feature
caller: classpath:InspireTest/ngr/datasetrecords/check-known-dataset-record.feature
items: [{link=http://www.opengis.net/def/crs/EPSG/0/http://www.opengis.net/def/crs/EPSG/0/3034}, {link=http://nationaalgeoregister.nl/geonetwork/srv/dut/csw?SERVICE=CSW&version=2.0.2&REQUEST=GetRecordById&elementSetName=full&OutputSchema=http://www.isotc211.org/2005/gmd&ID=34e6165f-1269-48d1-b255-0f05d163d692}, {link=https://creativecommons.org/publicdomain/mark/*/deed.nl}, {link=}]
errors:
-------
feature call (loop) failed at index: 2
caller: classpath:InspireTest/ngr/datasetrecords/def/checkxlinkurl.template.feature
arg: {"link":"https://creativecommons.org/publicdomain/mark/*/deed.nl"}
checkxlinkurl.template.feature:22 - path: $, actual: 404, expected: 200, reason: not equal (Integer)
-------
feature call (loop) failed at index: 3
caller: classpath:InspireTest/ngr/datasetrecords/def/checkxlinkurl.template.feature
arg: {"link":""}
checkxlinkurl.template.feature:14 - 
org.apache.http.client.ClientProtocolException
[1.124:16] check-known-dataset-record.feature:79 - feature call (loop) failed: classpath:InspireTest/ngr/datasetrecords/def/checkxlinkurl.template.feature
caller: classpath:InspireTest/ngr/datasetrecords/check-known-dataset-record.feature
items: [{link=http://geodata.nationaalgeoregister.nl/cbsprovincies/extract/cbsprovincies.zip}, {link=}]
errors:
-------
feature call (loop) failed at index: 1
caller: classpath:InspireTest/ngr/datasetrecords/def/checkxlinkurl.template.feature
arg: {"link":""}
checkxlinkurl.template.feature:14 - 
org.apache.http.client.ClientProtocolException
[1.125:16] check-known-dataset-record.feature:79 - feature call (loop) failed: classpath:InspireTest/ngr/datasetrecords/def/checkxlinkurl.template.feature
caller: classpath:InspireTest/ngr/datasetrecords/check-known-dataset-record.feature
items: [{link=https://www.nationaalgeoregister.nl/geonetwork/srv/dut/catalog.search#/metadata/eu-2c7040b-c448-451b-bf15-f2416ecaadd1}, {link=http://rdfdata.eionet.europa.eu/inspirethemes/themes/7}, {link=urn:ogc:def:crs:EPSG::5709}]
errors:
-------
feature call (loop) failed at index: 1
caller: classpath:InspireTest/ngr/datasetrecords/def/checkxlinkurl.template.feature
arg: {"link":"http://rdfdata.eionet.europa.eu/inspirethemes/themes/7"}
checkxlinkurl.template.feature:22 - path: $, actual: 404, expected: 200, reason: not equal (Integer)
-------
feature call (loop) failed at index: 2
caller: classpath:InspireTest/ngr/datasetrecords/def/checkxlinkurl.template.feature
arg: {"link":"urn:ogc:def:crs:EPSG::5709"}
checkxlinkurl.template.feature:14 - 
org.apache.http.client.ClientProtocolException: URI does not specify a valid host name: urn:ogc:def:crs:EPSG::5709
[1.126:16] check-known-dataset-record.feature:79 - feature call (loop) failed: classpath:InspireTest/ngr/datasetrecords/def/checkxlinkurl.template.feature
caller: classpath:InspireTest/ngr/datasetrecords/check-known-dataset-record.feature
items: [{link=http://www.opengis.net/def/crs/EPSG/0/https://www.opengis.net/def/crs/EPSG/0/4258}, {link=https://www.nationaalgeoregister.nl:443/geonetwork/srv/api/records/a5241416-8401-4623-be61-57ef50447a41}]
errors:
-------
feature call (loop) failed at index: 1
caller: classpath:InspireTest/ngr/datasetrecords/def/checkxlinkurl.template.feature
arg: {"link":"https://www.nationaalgeoregister.nl:443/geonetwork/srv/api/records/a5241416-8401-4623-be61-57ef50447a41"}
checkxlinkurl.template.feature:22 - path: $, actual: 400, expected: 200, reason: not equal (Integer)
[1.128:16] check-known-dataset-record.feature:79 - feature call (loop) failed: classpath:InspireTest/ngr/datasetrecords/def/checkxlinkurl.template.feature
caller: classpath:InspireTest/ngr/datasetrecords/check-known-dataset-record.feature
items: [{link=http://nationaalgeoregister.nl/geonetwork/srv/dut/csw?SERVICE=CSW&version=2.0.2&REQUEST=GetRecordById&elementSetName=full&OutputSchema=http://www.isotc211.org/2005/gmd&ID=2daad588-11ef-47de-9832-6fe2c3b93e6d}, {link=https://creativecommons.org/publicdomain/mark/*/deed.nl}, {link=}]
errors:
-------
feature call (loop) failed at index: 1
caller: classpath:InspireTest/ngr/datasetrecords/def/checkxlinkurl.template.feature
arg: {"link":"https://creativecommons.org/publicdomain/mark/*/deed.nl"}
checkxlinkurl.template.feature:22 - path: $, actual: 404, expected: 200, reason: not equal (Integer)
-------
feature call (loop) failed at index: 2
caller: classpath:InspireTest/ngr/datasetrecords/def/checkxlinkurl.template.feature
arg: {"link":""}
checkxlinkurl.template.feature:14 - 
org.apache.http.client.ClientProtocolException
[1.129:16] check-known-dataset-record.feature:79 - feature call (loop) failed: classpath:InspireTest/ngr/datasetrecords/def/checkxlinkurl.template.feature
caller: classpath:InspireTest/ngr/datasetrecords/check-known-dataset-record.feature
items: [{link=http://nationaalgeoregister.nl/geonetwork/srv/dut/csw?SERVICE=CSW&version=2.0.2&REQUEST=GetRecordById&elementSetName=full&OutputSchema=http://www.isotc211.org/2005/gmd&ID=bc2c53f6-c908-4d7c-a6c0-78d9a2855640}, {link=https://creativecommons.org/publicdomain/mark/*/deed.nl}, {link=}]
errors:
-------
feature call (loop) failed at index: 1
caller: classpath:InspireTest/ngr/datasetrecords/def/checkxlinkurl.template.feature
arg: {"link":"https://creativecommons.org/publicdomain/mark/*/deed.nl"}
checkxlinkurl.template.feature:22 - path: $, actual: 404, expected: 200, reason: not equal (Integer)
-------
feature call (loop) failed at index: 2
caller: classpath:InspireTest/ngr/datasetrecords/def/checkxlinkurl.template.feature
arg: {"link":""}
checkxlinkurl.template.feature:14 - 
org.apache.http.client.ClientProtocolException
[1.130:16] check-known-dataset-record.feature:79 - feature call (loop) failed: classpath:InspireTest/ngr/datasetrecords/def/checkxlinkurl.template.feature
caller: classpath:InspireTest/ngr/datasetrecords/check-known-dataset-record.feature
items: [{link=http://www.opengis.net/def/crs/EPSG/0/http://www.opengis.net/def/crs/EPSG/0/3034}, {link=http://nationaalgeoregister.nl/geonetwork/srv/dut/csw?SERVICE=CSW&version=2.0.2&REQUEST=GetRecordById&elementSetName=full&OutputSchema=http://www.isotc211.org/2005/gmd&ID=60a2a7c2-d5b3-4ad5-b562-c448695357fb}, {link=https://creativecommons.org/publicdomain/mark/*/deed.nl}, {link=}]
errors:
-------
feature call (loop) failed at index: 2
caller: classpath:InspireTest/ngr/datasetrecords/def/checkxlinkurl.template.feature
arg: {"link":"https://creativecommons.org/publicdomain/mark/*/deed.nl"}
checkxlinkurl.template.feature:22 - path: $, actual: 404, expected: 200, reason: not equal (Integer)
-------
feature call (loop) failed at index: 3
caller: classpath:InspireTest/ngr/datasetrecords/def/checkxlinkurl.template.feature
arg: {"link":""}
checkxlinkurl.template.feature:14 - 
org.apache.http.client.ClientProtocolException
[1.131:16] check-known-dataset-record.feature:79 - feature call (loop) failed: classpath:InspireTest/ngr/datasetrecords/def/checkxlinkurl.template.feature
caller: classpath:InspireTest/ngr/datasetrecords/check-known-dataset-record.feature
items: [{link=http://nationaalgeoregister.nl/geonetwork/srv/dut/csw?SERVICE=CSW&version=2.0.2&REQUEST=GetRecordById&elementSetName=full&OutputSchema=http://www.isotc211.org/2005/gmd&ID=f5f68d51-2ca4-4897-8227-d3938b2b0a7e}, {link=https://creativecommons.org/publicdomain/mark/*/deed.nl}, {link=}]
errors:
-------
feature call (loop) failed at index: 1
caller: classpath:InspireTest/ngr/datasetrecords/def/checkxlinkurl.template.feature
arg: {"link":"https://creativecommons.org/publicdomain/mark/*/deed.nl"}
checkxlinkurl.template.feature:22 - path: $, actual: 404, expected: 200, reason: not equal (Integer)
-------
feature call (loop) failed at index: 2
caller: classpath:InspireTest/ngr/datasetrecords/def/checkxlinkurl.template.feature
arg: {"link":""}
checkxlinkurl.template.feature:14 - 
org.apache.http.client.ClientProtocolException
[1.132:16] check-known-dataset-record.feature:79 - feature call (loop) failed: classpath:InspireTest/ngr/datasetrecords/def/checkxlinkurl.template.feature
caller: classpath:InspireTest/ngr/datasetrecords/check-known-dataset-record.feature
items: [{link=http://www.opengis.net/def/crs/EPSG/0/http://www.opengis.net/def/crs/EPSG/0/3034}, {link=http://nationaalgeoregister.nl/geonetwork/srv/dut/csw?SERVICE=CSW&version=2.0.2&REQUEST=GetRecordById&elementSetName=full&OutputSchema=http://www.isotc211.org/2005/gmd&ID=cc408b2d-09a6-4b2b-9aa3-b46bfe2f00a5}, {link=https://creativecommons.org/publicdomain/mark/*/deed.nl}, {link=}]
errors:
-------
feature call (loop) failed at index: 2
caller: classpath:InspireTest/ngr/datasetrecords/def/checkxlinkurl.template.feature
arg: {"link":"https://creativecommons.org/publicdomain/mark/*/deed.nl"}
checkxlinkurl.template.feature:22 - path: $, actual: 404, expected: 200, reason: not equal (Integer)
-------
feature call (loop) failed at index: 3
caller: classpath:InspireTest/ngr/datasetrecords/def/checkxlinkurl.template.feature
arg: {"link":""}
checkxlinkurl.template.feature:14 - 
org.apache.http.client.ClientProtocolException
[1.133:16] check-known-dataset-record.feature:79 - feature call (loop) failed: classpath:InspireTest/ngr/datasetrecords/def/checkxlinkurl.template.feature
caller: classpath:InspireTest/ngr/datasetrecords/check-known-dataset-record.feature
items: [{link=http://www.opengis.net/def/crs/EPSG/0/http://www.opengis.net/def/crs/EPSG/0/3034}, {link=http://nationaalgeoregister.nl/geonetwork/srv/dut/csw?SERVICE=CSW&version=2.0.2&REQUEST=GetRecordById&elementSetName=full&OutputSchema=http://www.isotc211.org/2005/gmd&ID=ca94a0cb-7561-4a10-a7d6-b840e56c33ff}, {link=https://creativecommons.org/publicdomain/mark/*/deed.nl}, {link=}]
errors:
-------
feature call (loop) failed at index: 2
caller: classpath:InspireTest/ngr/datasetrecords/def/checkxlinkurl.template.feature
arg: {"link":"https://creativecommons.org/publicdomain/mark/*/deed.nl"}
checkxlinkurl.template.feature:22 - path: $, actual: 404, expected: 200, reason: not equal (Integer)
-------
feature call (loop) failed at index: 3
caller: classpath:InspireTest/ngr/datasetrecords/def/checkxlinkurl.template.feature
arg: {"link":""}
checkxlinkurl.template.feature:14 - 
org.apache.http.client.ClientProtocolException
[1.134:16] check-known-dataset-record.feature:79 - feature call (loop) failed: classpath:InspireTest/ngr/datasetrecords/def/checkxlinkurl.template.feature
caller: classpath:InspireTest/ngr/datasetrecords/check-known-dataset-record.feature
items: [{link=http://www.opengis.net/def/crs/EPSG/0/http://www.opengis.net/def/crs/EPSG/0/3034}, {link=http://nationaalgeoregister.nl/geonetwork/srv/dut/csw?SERVICE=CSW&version=2.0.2&REQUEST=GetRecordById&elementSetName=full&OutputSchema=http://www.isotc211.org/2005/gmd&ID=998ba1dc-f6a6-49a3-a021-51f30d9b1d0e}, {link=https://creativecommons.org/publicdomain/mark/*/deed.nl}, {link=}]
errors:
-------
feature call (loop) failed at index: 2
caller: classpath:InspireTest/ngr/datasetrecords/def/checkxlinkurl.template.feature
arg: {"link":"https://creativecommons.org/publicdomain/mark/*/deed.nl"}
checkxlinkurl.template.feature:22 - path: $, actual: 404, expected: 200, reason: not equal (Integer)
-------
feature call (loop) failed at index: 3
caller: classpath:InspireTest/ngr/datasetrecords/def/checkxlinkurl.template.feature
arg: {"link":""}
checkxlinkurl.template.feature:14 - 
org.apache.http.client.ClientProtocolException
[1.135:16] check-known-dataset-record.feature:79 - feature call (loop) failed: classpath:InspireTest/ngr/datasetrecords/def/checkxlinkurl.template.feature
caller: classpath:InspireTest/ngr/datasetrecords/check-known-dataset-record.feature
items: [{link=http://www.opengis.net/def/crs/EPSG/0/http://www.opengis.net/def/crs/EPSG/0/3034}, {link=http://nationaalgeoregister.nl/geonetwork/srv/dut/csw?SERVICE=CSW&version=2.0.2&REQUEST=GetRecordById&elementSetName=full&OutputSchema=http://www.isotc211.org/2005/gmd&ID=49ab8bee-b467-486a-96ca-b950443c453a}, {link=https://creativecommons.org/publicdomain/mark/*/deed.nl}, {link=}]
errors:
-------
feature call (loop) failed at index: 2
caller: classpath:InspireTest/ngr/datasetrecords/def/checkxlinkurl.template.feature
arg: {"link":"https://creativecommons.org/publicdomain/mark/*/deed.nl"}
checkxlinkurl.template.feature:22 - path: $, actual: 404, expected: 200, reason: not equal (Integer)
-------
feature call (loop) failed at index: 3
caller: classpath:InspireTest/ngr/datasetrecords/def/checkxlinkurl.template.feature
arg: {"link":""}
checkxlinkurl.template.feature:14 - 
org.apache.http.client.ClientProtocolException
[1.136:16] check-known-dataset-record.feature:79 - feature call (loop) failed: classpath:InspireTest/ngr/datasetrecords/def/checkxlinkurl.template.feature
caller: classpath:InspireTest/ngr/datasetrecords/check-known-dataset-record.feature
items: [{link=http://www.opengis.net/def/crs/EPSG/0/http://www.opengis.net/def/crs/EPSG/0/3034}, {link=http://nationaalgeoregister.nl/geonetwork/srv/dut/csw?SERVICE=CSW&version=2.0.2&REQUEST=GetRecordById&elementSetName=full&OutputSchema=http://www.isotc211.org/2005/gmd&ID=f0821bfe-5a0a-11e9-8647-d663bd873d93}, {link=https://creativecommons.org/publicdomain/mark/*/deed.nl}, {link=}]
errors:
-------
feature call (loop) failed at index: 2
caller: classpath:InspireTest/ngr/datasetrecords/def/checkxlinkurl.template.feature
arg: {"link":"https://creativecommons.org/publicdomain/mark/*/deed.nl"}
checkxlinkurl.template.feature:22 - path: $, actual: 404, expected: 200, reason: not equal (Integer)
-------
feature call (loop) failed at index: 3
caller: classpath:InspireTest/ngr/datasetrecords/def/checkxlinkurl.template.feature
arg: {"link":""}
checkxlinkurl.template.feature:14 - 
org.apache.http.client.ClientProtocolException
[1.137:16] check-known-dataset-record.feature:79 - feature call (loop) failed: classpath:InspireTest/ngr/datasetrecords/def/checkxlinkurl.template.feature
caller: classpath:InspireTest/ngr/datasetrecords/check-known-dataset-record.feature
items: [{link=https://www.nationaalgeoregister.nl/geonetwork/srv/dut/catalog.search#/metadata/10f9ec6-4464-462e-9765-83d90cefbeab}, {link=http://rdfdata.eionet.europa.eu/inspirethemes/themes/24}, {link=https://ngr.geocat.live/geonetwork/srv/eng/thesaurus.download?ref=external.theme.httpinspireeceuropaeumetadatacodelistPrioritydataset-Prioritydataset}, {link=urn:ogc:def:crs:EPSG::5709}]
errors:
-------
feature call (loop) failed at index: 1
caller: classpath:InspireTest/ngr/datasetrecords/def/checkxlinkurl.template.feature
arg: {"link":"http://rdfdata.eionet.europa.eu/inspirethemes/themes/24"}
checkxlinkurl.template.feature:22 - path: $, actual: 404, expected: 200, reason: not equal (Integer)
-------
feature call (loop) failed at index: 2
caller: classpath:InspireTest/ngr/datasetrecords/def/checkxlinkurl.template.feature
arg: {"link":"https://ngr.geocat.live/geonetwork/srv/eng/thesaurus.download?ref=external.theme.httpinspireeceuropaeumetadatacodelistPrioritydataset-Prioritydataset"}
checkxlinkurl.template.feature:22 - path: $, actual: 500, expected: 200, reason: not equal (Integer)
-------
feature call (loop) failed at index: 3
caller: classpath:InspireTest/ngr/datasetrecords/def/checkxlinkurl.template.feature
arg: {"link":"urn:ogc:def:crs:EPSG::5709"}
checkxlinkurl.template.feature:14 - 
org.apache.http.client.ClientProtocolException: URI does not specify a valid host name: urn:ogc:def:crs:EPSG::5709
[1.138:16] check-known-dataset-record.feature:79 - feature call (loop) failed: classpath:InspireTest/ngr/datasetrecords/def/checkxlinkurl.template.feature
caller: classpath:InspireTest/ngr/datasetrecords/check-known-dataset-record.feature
items: [{link=https://www.nationaalgeoregister.nl/geonetwork/srv/dut/catalog.search#/metadata/krw-f7bb2351-9788-42ea-a58b-a5ee1842304e}, {link=http://rdfdata.eionet.europa.eu/inspirethemes/themes/24}, {link=https://ngr.geocat.live/geonetwork/srv/eng/thesaurus.download?ref=external.theme.httpinspireeceuropaeumetadatacodelistPrioritydataset-Prioritydataset}, {link=urn:ogc:def:crs:EPSG::5709}]
errors:
-------
feature call (loop) failed at index: 1
caller: classpath:InspireTest/ngr/datasetrecords/def/checkxlinkurl.template.feature
arg: {"link":"http://rdfdata.eionet.europa.eu/inspirethemes/themes/24"}
checkxlinkurl.template.feature:22 - path: $, actual: 404, expected: 200, reason: not equal (Integer)
-------
feature call (loop) failed at index: 2
caller: classpath:InspireTest/ngr/datasetrecords/def/checkxlinkurl.template.feature
arg: {"link":"https://ngr.geocat.live/geonetwork/srv/eng/thesaurus.download?ref=external.theme.httpinspireeceuropaeumetadatacodelistPrioritydataset-Prioritydataset"}
checkxlinkurl.template.feature:22 - path: $, actual: 500, expected: 200, reason: not equal (Integer)
-------
feature call (loop) failed at index: 3
caller: classpath:InspireTest/ngr/datasetrecords/def/checkxlinkurl.template.feature
arg: {"link":"urn:ogc:def:crs:EPSG::5709"}
checkxlinkurl.template.feature:14 - 
org.apache.http.client.ClientProtocolException: URI does not specify a valid host name: urn:ogc:def:crs:EPSG::5709
[1.139:16] check-known-dataset-record.feature:79 - feature call (loop) failed: classpath:InspireTest/ngr/datasetrecords/def/checkxlinkurl.template.feature
caller: classpath:InspireTest/ngr/datasetrecords/check-known-dataset-record.feature
items: [{link=http://www.opengis.net/def/crs/EPSG/0/https://www.opengis.net/def/crs/EPSG/0/4258}, {link=https://www.nationaalgeoregister.nl/geonetwork/srv/api/recordsbb11be63-bd38-4632-bf54-df44c423a529}]
errors:
-------
feature call (loop) failed at index: 1
caller: classpath:InspireTest/ngr/datasetrecords/def/checkxlinkurl.template.feature
arg: {"link":"https://www.nationaalgeoregister.nl/geonetwork/srv/api/recordsbb11be63-bd38-4632-bf54-df44c423a529"}
checkxlinkurl.template.feature:22 - path: $, actual: 500, expected: 200, reason: not equal (Integer)
[1.140:16] check-known-dataset-record.feature:47 - xpath does not exist: /GetRecordByIdResponse//@href on response
[1.141:16] check-known-dataset-record.feature:79 - feature call (loop) failed: classpath:InspireTest/ngr/datasetrecords/def/checkxlinkurl.template.feature
caller: classpath:InspireTest/ngr/datasetrecords/check-known-dataset-record.feature
items: [{link=}]
errors:
-------
feature call (loop) failed at index: 0
caller: classpath:InspireTest/ngr/datasetrecords/def/checkxlinkurl.template.feature
arg: {"link":""}
checkxlinkurl.template.feature:14 - 
org.apache.http.client.ClientProtocolException
[1.143:16] check-known-dataset-record.feature:79 - feature call (loop) failed: classpath:InspireTest/ngr/datasetrecords/def/checkxlinkurl.template.feature
caller: classpath:InspireTest/ngr/datasetrecords/check-known-dataset-record.feature
items: [{link=http://www.opengis.net/def/crs/EPSG/0/https://www.opengis.net/def/crs/EPSG/0/4258}, {link=https://www.nationaalgeoregister.nl/geonetwork/srv/api/records4cda487b-c467-490c-a843-6563fec016be}]
errors:
-------
feature call (loop) failed at index: 1
caller: classpath:InspireTest/ngr/datasetrecords/def/checkxlinkurl.template.feature
arg: {"link":"https://www.nationaalgeoregister.nl/geonetwork/srv/api/records4cda487b-c467-490c-a843-6563fec016be"}
checkxlinkurl.template.feature:22 - path: $, actual: 500, expected: 200, reason: not equal (Integer)
[1.144:16] check-known-dataset-record.feature:79 - feature call (loop) failed: classpath:InspireTest/ngr/datasetrecords/def/checkxlinkurl.template.feature
caller: classpath:InspireTest/ngr/datasetrecords/check-known-dataset-record.feature
items: [{link=https://www.nationaalgeoregister.nl/geonetwork/srv/dut/catalog.search#/metadata/uwwtd-9d8e-4758-83fa-28b057f185e3}, {link=http://rdfdata.eionet.europa.eu/inspirethemes/themes/24}, {link=https://ngr.geocat.live/geonetwork/srv/eng/thesaurus.download?ref=external.theme.httpinspireeceuropaeumetadatacodelistPrioritydataset-Prioritydataset}, {link=urn:ogc:def:crs:EPSG::5709}]
errors:
-------
feature call (loop) failed at index: 1
caller: classpath:InspireTest/ngr/datasetrecords/def/checkxlinkurl.template.feature
arg: {"link":"http://rdfdata.eionet.europa.eu/inspirethemes/themes/24"}
checkxlinkurl.template.feature:22 - path: $, actual: 404, expected: 200, reason: not equal (Integer)
-------
feature call (loop) failed at index: 2
caller: classpath:InspireTest/ngr/datasetrecords/def/checkxlinkurl.template.feature
arg: {"link":"https://ngr.geocat.live/geonetwork/srv/eng/thesaurus.download?ref=external.theme.httpinspireeceuropaeumetadatacodelistPrioritydataset-Prioritydataset"}
checkxlinkurl.template.feature:22 - path: $, actual: 500, expected: 200, reason: not equal (Integer)
-------
feature call (loop) failed at index: 3
caller: classpath:InspireTest/ngr/datasetrecords/def/checkxlinkurl.template.feature
arg: {"link":"urn:ogc:def:crs:EPSG::5709"}
checkxlinkurl.template.feature:14 - 
org.apache.http.client.ClientProtocolException: URI does not specify a valid host name: urn:ogc:def:crs:EPSG::5709
[1.145:16] check-known-dataset-record.feature:79 - feature call (loop) failed: classpath:InspireTest/ngr/datasetrecords/def/checkxlinkurl.template.feature
caller: classpath:InspireTest/ngr/datasetrecords/check-known-dataset-record.feature
items: [{link=http://kadaster/79a1c01b-21ad-43e8-a5c2-23e3eeb95be2}, {link=}]
errors:
-------
feature call (loop) failed at index: 0
caller: classpath:InspireTest/ngr/datasetrecords/def/checkxlinkurl.template.feature
arg: {"link":"http://kadaster/79a1c01b-21ad-43e8-a5c2-23e3eeb95be2"}
checkxlinkurl.template.feature:14 - 
java.net.UnknownHostException: kadaster
-------
feature call (loop) failed at index: 1
caller: classpath:InspireTest/ngr/datasetrecords/def/checkxlinkurl.template.feature
arg: {"link":""}
checkxlinkurl.template.feature:14 - 
org.apache.http.client.ClientProtocolException
[1.146:16] check-known-dataset-record.feature:79 - feature call (loop) failed: classpath:InspireTest/ngr/datasetrecords/def/checkxlinkurl.template.feature
caller: classpath:InspireTest/ngr/datasetrecords/check-known-dataset-record.feature
items: [{link=http://www.opengis.net/def/crs/EPSG/0/http://www.opengis.net/def/crs/EPSG/0/3034}, {link=http://nationaalgeoregister.nl/geonetwork/srv/dut/csw?SERVICE=CSW&version=2.0.2&REQUEST=GetRecordById&elementSetName=full&OutputSchema=http://www.isotc211.org/2005/gmd&ID=0f128799-cf18-4b37-a721-e62b068191f5}, {link=https://creativecommons.org/publicdomain/mark/*/deed.nl}, {link=}]
errors:
-------
feature call (loop) failed at index: 2
caller: classpath:InspireTest/ngr/datasetrecords/def/checkxlinkurl.template.feature
arg: {"link":"https://creativecommons.org/publicdomain/mark/*/deed.nl"}
checkxlinkurl.template.feature:22 - path: $, actual: 404, expected: 200, reason: not equal (Integer)
-------
feature call (loop) failed at index: 3
caller: classpath:InspireTest/ngr/datasetrecords/def/checkxlinkurl.template.feature
arg: {"link":""}
checkxlinkurl.template.feature:14 - 
org.apache.http.client.ClientProtocolException
[1.148:16] check-known-dataset-record.feature:79 - feature call (loop) failed: classpath:InspireTest/ngr/datasetrecords/def/checkxlinkurl.template.feature
caller: classpath:InspireTest/ngr/datasetrecords/check-known-dataset-record.feature
items: [{link=http://nationaalgeoregister.nl/geonetwork/srv/dut/csw?SERVICE=CSW&version=2.0.2&REQUEST=GetRecordById&elementSetName=full&OutputSchema=http://www.isotc211.org/2005/gmd&ID=df5ee213-e1bd-433b-80f7-4ea20f493ca8}, {link=https://creativecommons.org/publicdomain/mark/*/deed.nl}, {link=}]
errors:
-------
feature call (loop) failed at index: 1
caller: classpath:InspireTest/ngr/datasetrecords/def/checkxlinkurl.template.feature
arg: {"link":"https://creativecommons.org/publicdomain/mark/*/deed.nl"}
checkxlinkurl.template.feature:22 - path: $, actual: 404, expected: 200, reason: not equal (Integer)
-------
feature call (loop) failed at index: 2
caller: classpath:InspireTest/ngr/datasetrecords/def/checkxlinkurl.template.feature
arg: {"link":""}
checkxlinkurl.template.feature:14 - 
org.apache.http.client.ClientProtocolException
[1.149:16] check-known-dataset-record.feature:79 - feature call (loop) failed: classpath:InspireTest/ngr/datasetrecords/def/checkxlinkurl.template.feature
caller: classpath:InspireTest/ngr/datasetrecords/check-known-dataset-record.feature
items: [{link=https://www.nationaalgeoregister.nl/geonetwork/srv/dut/catalog.search#/metadata/krm-a905-9d8e-4758-83fa-28b057f185e3}, {link=http://rdfdata.eionet.europa.eu/inspirethemes/themes/24}, {link=https://ngr.geocat.live/geonetwork/srv/eng/thesaurus.download?ref=external.theme.httpinspireeceuropaeumetadatacodelistPrioritydataset-Prioritydataset}]
errors:
-------
feature call (loop) failed at index: 1
caller: classpath:InspireTest/ngr/datasetrecords/def/checkxlinkurl.template.feature
arg: {"link":"http://rdfdata.eionet.europa.eu/inspirethemes/themes/24"}
checkxlinkurl.template.feature:22 - path: $, actual: 404, expected: 200, reason: not equal (Integer)
-------
feature call (loop) failed at index: 2
caller: classpath:InspireTest/ngr/datasetrecords/def/checkxlinkurl.template.feature
arg: {"link":"https://ngr.geocat.live/geonetwork/srv/eng/thesaurus.download?ref=external.theme.httpinspireeceuropaeumetadatacodelistPrioritydataset-Prioritydataset"}
checkxlinkurl.template.feature:22 - path: $, actual: 500, expected: 200, reason: not equal (Integer)
[1.150:16] check-known-dataset-record.feature:79 - feature call (loop) failed: classpath:InspireTest/ngr/datasetrecords/def/checkxlinkurl.template.feature
caller: classpath:InspireTest/ngr/datasetrecords/check-known-dataset-record.feature
items: [{link=}]
errors:
-------
feature call (loop) failed at index: 0
caller: classpath:InspireTest/ngr/datasetrecords/def/checkxlinkurl.template.feature
arg: {"link":""}
checkxlinkurl.template.feature:14 - 
org.apache.http.client.ClientProtocolException
[1.152:16] check-known-dataset-record.feature:79 - feature call (loop) failed: classpath:InspireTest/ngr/datasetrecords/def/checkxlinkurl.template.feature
caller: classpath:InspireTest/ngr/datasetrecords/check-known-dataset-record.feature
items: [{link=}]
errors:
-------
feature call (loop) failed at index: 0
caller: classpath:InspireTest/ngr/datasetrecords/def/checkxlinkurl.template.feature
arg: {"link":""}
checkxlinkurl.template.feature:14 - 
org.apache.http.client.ClientProtocolException
[1.154:16] check-known-dataset-record.feature:79 - feature call (loop) failed: classpath:InspireTest/ngr/datasetrecords/def/checkxlinkurl.template.feature
caller: classpath:InspireTest/ngr/datasetrecords/check-known-dataset-record.feature
items: [{link=http://inspire.rdw.nl/www/download/Licentie-Geogedeeld-RDW.pdf}, {link=}]
errors:
-------
feature call (loop) failed at index: 1
caller: classpath:InspireTest/ngr/datasetrecords/def/checkxlinkurl.template.feature
arg: {"link":""}
checkxlinkurl.template.feature:14 - 
org.apache.http.client.ClientProtocolException
[1.155:16] check-known-dataset-record.feature:79 - feature call (loop) failed: classpath:InspireTest/ngr/datasetrecords/def/checkxlinkurl.template.feature
caller: classpath:InspireTest/ngr/datasetrecords/check-known-dataset-record.feature
items: [{link=https://www.nationaalgeoregister.nl/geonetwork/srv/dut/catalog.search#/metadata/wt-83730-e750-485a-9c0c-39bf9be72cf8}, {link=http://rdfdata.eionet.europa.eu/inspirethemes/themes/18}, {link=https://ngr.geocat.live/geonetwork/srv/eng/thesaurus.download?ref=external.theme.httpinspireeceuropaeumetadatacodelistPrioritydataset-Prioritydataset}]
errors:
-------
feature call (loop) failed at index: 1
caller: classpath:InspireTest/ngr/datasetrecords/def/checkxlinkurl.template.feature
arg: {"link":"http://rdfdata.eionet.europa.eu/inspirethemes/themes/18"}
checkxlinkurl.template.feature:22 - path: $, actual: 404, expected: 200, reason: not equal (Integer)
-------
feature call (loop) failed at index: 2
caller: classpath:InspireTest/ngr/datasetrecords/def/checkxlinkurl.template.feature
arg: {"link":"https://ngr.geocat.live/geonetwork/srv/eng/thesaurus.download?ref=external.theme.httpinspireeceuropaeumetadatacodelistPrioritydataset-Prioritydataset"}
checkxlinkurl.template.feature:22 - path: $, actual: 500, expected: 200, reason: not equal (Integer)
[1.156:16] check-known-dataset-record.feature:79 - feature call (loop) failed: classpath:InspireTest/ngr/datasetrecords/def/checkxlinkurl.template.feature
caller: classpath:InspireTest/ngr/datasetrecords/check-known-dataset-record.feature
items: [{link=http://www.opengis.net/def/crs/EPSG/0/https://www.opengis.net/def/crs/EPSG/0/4258}, {link=https://ngr.acceptatie.nationaalgeoregister.nl/geonetwork/srv/resourcesd7ab6903-1152-450b-b81d-042682dcfd03}]
errors:
-------
feature call (loop) failed at index: 1
caller: classpath:InspireTest/ngr/datasetrecords/def/checkxlinkurl.template.feature
arg: {"link":"https://ngr.acceptatie.nationaalgeoregister.nl/geonetwork/srv/resourcesd7ab6903-1152-450b-b81d-042682dcfd03"}
checkxlinkurl.template.feature:22 - path: $, actual: 404, expected: 200, reason: not equal (Integer)
[1.157:16] check-known-dataset-record.feature:79 - feature call (loop) failed: classpath:InspireTest/ngr/datasetrecords/def/checkxlinkurl.template.feature
caller: classpath:InspireTest/ngr/datasetrecords/check-known-dataset-record.feature
items: [{link=http://www.opengis.net/def/crs/EPSG/0/http://www.opengis.net/def/crs/EPSG/0/3034}, {link=http://nationaalgeoregister.nl/geonetwork/srv/dut/csw?SERVICE=CSW&version=2.0.2&REQUEST=GetRecordById&elementSetName=full&OutputSchema=http://www.isotc211.org/2005/gmd&ID=c829abeb-bfac-4224-8332-e7a9a89e692e}, {link=https://creativecommons.org/publicdomain/mark/*/deed.nl}, {link=}]
errors:
-------
feature call (loop) failed at index: 2
caller: classpath:InspireTest/ngr/datasetrecords/def/checkxlinkurl.template.feature
arg: {"link":"https://creativecommons.org/publicdomain/mark/*/deed.nl"}
checkxlinkurl.template.feature:22 - path: $, actual: 404, expected: 200, reason: not equal (Integer)
-------
feature call (loop) failed at index: 3
caller: classpath:InspireTest/ngr/datasetrecords/def/checkxlinkurl.template.feature
arg: {"link":""}
checkxlinkurl.template.feature:14 - 
org.apache.http.client.ClientProtocolException
[1.158:16] check-known-dataset-record.feature:79 - feature call (loop) failed: classpath:InspireTest/ngr/datasetrecords/def/checkxlinkurl.template.feature
caller: classpath:InspireTest/ngr/datasetrecords/check-known-dataset-record.feature
items: [{link=http://www.opengis.net/def/crs/EPSG/0/http://www.opengis.net/def/crs/EPSG/0/3034}, {link=http://nationaalgeoregister.nl/geonetwork/srv/dut/csw?SERVICE=CSW&version=2.0.2&REQUEST=GetRecordById&elementSetName=full&OutputSchema=http://www.isotc211.org/2005/gmd&ID=41023936-009d-48ec-a90d-c966895463c1}, {link=https://creativecommons.org/publicdomain/mark/*/deed.nl}, {link=}]
errors:
-------
feature call (loop) failed at index: 2
caller: classpath:InspireTest/ngr/datasetrecords/def/checkxlinkurl.template.feature
arg: {"link":"https://creativecommons.org/publicdomain/mark/*/deed.nl"}
checkxlinkurl.template.feature:22 - path: $, actual: 404, expected: 200, reason: not equal (Integer)
-------
feature call (loop) failed at index: 3
caller: classpath:InspireTest/ngr/datasetrecords/def/checkxlinkurl.template.feature
arg: {"link":""}
checkxlinkurl.template.feature:14 - 
org.apache.http.client.ClientProtocolException
[1.159:16] check-known-dataset-record.feature:79 - feature call (loop) failed: classpath:InspireTest/ngr/datasetrecords/def/checkxlinkurl.template.feature
caller: classpath:InspireTest/ngr/datasetrecords/check-known-dataset-record.feature
items: [{link=https://geodata.nationaalgeoregister.nl/cbsgebiedsindelingen/atom/cbsgebiedsindelingen.xml}, {link=}]
errors:
-------
feature call (loop) failed at index: 1
caller: classpath:InspireTest/ngr/datasetrecords/def/checkxlinkurl.template.feature
arg: {"link":""}
checkxlinkurl.template.feature:14 - 
org.apache.http.client.ClientProtocolException
[1.160:16] check-known-dataset-record.feature:79 - feature call (loop) failed: classpath:InspireTest/ngr/datasetrecords/def/checkxlinkurl.template.feature
caller: classpath:InspireTest/ngr/datasetrecords/check-known-dataset-record.feature
items: [{link=}]
errors:
-------
feature call (loop) failed at index: 0
caller: classpath:InspireTest/ngr/datasetrecords/def/checkxlinkurl.template.feature
arg: {"link":""}
checkxlinkurl.template.feature:14 - 
org.apache.http.client.ClientProtocolException
[1.161:16] check-known-dataset-record.feature:79 - feature call (loop) failed: classpath:InspireTest/ngr/datasetrecords/def/checkxlinkurl.template.feature
caller: classpath:InspireTest/ngr/datasetrecords/check-known-dataset-record.feature
items: [{link=https://www.nationaalgeoregister.nl/geonetwork/srv/dut/catalog.search#/metadata/wt-f5eb-b09f-4f6d-8397-8878a1b86238}, {link=http://rdfdata.eionet.europa.eu/inspirethemes/themes/18}, {link=https://ngr.geocat.live/geonetwork/srv/eng/thesaurus.download?ref=external.theme.httpinspireeceuropaeumetadatacodelistPrioritydataset-Prioritydataset}]
errors:
-------
feature call (loop) failed at index: 1
caller: classpath:InspireTest/ngr/datasetrecords/def/checkxlinkurl.template.feature
arg: {"link":"http://rdfdata.eionet.europa.eu/inspirethemes/themes/18"}
checkxlinkurl.template.feature:22 - path: $, actual: 404, expected: 200, reason: not equal (Integer)
-------
feature call (loop) failed at index: 2
caller: classpath:InspireTest/ngr/datasetrecords/def/checkxlinkurl.template.feature
arg: {"link":"https://ngr.geocat.live/geonetwork/srv/eng/thesaurus.download?ref=external.theme.httpinspireeceuropaeumetadatacodelistPrioritydataset-Prioritydataset"}
checkxlinkurl.template.feature:22 - path: $, actual: 500, expected: 200, reason: not equal (Integer)
[1.162:16] check-known-dataset-record.feature:79 - feature call (loop) failed: classpath:InspireTest/ngr/datasetrecords/def/checkxlinkurl.template.feature
caller: classpath:InspireTest/ngr/datasetrecords/check-known-dataset-record.feature
items: [{link=https://www.nationaalgeoregister.nl/geonetwork/srv/dut/catalog.search#/metadata/wt-3730-e750-485a-9c0c-39bf9be72cf9}, {link=http://rdfdata.eionet.europa.eu/inspirethemes/themes/18}, {link=https://ngr.geocat.live/geonetwork/srv/eng/thesaurus.download?ref=external.theme.httpinspireeceuropaeumetadatacodelistPrioritydataset-Prioritydataset}]
errors:
-------
feature call (loop) failed at index: 1
caller: classpath:InspireTest/ngr/datasetrecords/def/checkxlinkurl.template.feature
arg: {"link":"http://rdfdata.eionet.europa.eu/inspirethemes/themes/18"}
checkxlinkurl.template.feature:22 - path: $, actual: 404, expected: 200, reason: not equal (Integer)
-------
feature call (loop) failed at index: 2
caller: classpath:InspireTest/ngr/datasetrecords/def/checkxlinkurl.template.feature
arg: {"link":"https://ngr.geocat.live/geonetwork/srv/eng/thesaurus.download?ref=external.theme.httpinspireeceuropaeumetadatacodelistPrioritydataset-Prioritydataset"}
checkxlinkurl.template.feature:22 - path: $, actual: 500, expected: 200, reason: not equal (Integer)
[1.163:16] check-known-dataset-record.feature:79 - feature call (loop) failed: classpath:InspireTest/ngr/datasetrecords/def/checkxlinkurl.template.feature
caller: classpath:InspireTest/ngr/datasetrecords/check-known-dataset-record.feature
items: [{link=http://www.opengis.net/def/crs/EPSG/0/http://www.opengis.net/def/crs/EPSG/0/3034}, {link=http://nationaalgeoregister.nl/geonetwork/srv/dut/csw?SERVICE=CSW&version=2.0.2&REQUEST=GetRecordById&elementSetName=full&OutputSchema=http://www.isotc211.org/2005/gmd&ID=c7d8d77b-8c47-4309-8c58-9b12b086407f}, {link=https://creativecommons.org/publicdomain/mark/*/deed.nl}, {link=}]
errors:
-------
feature call (loop) failed at index: 2
caller: classpath:InspireTest/ngr/datasetrecords/def/checkxlinkurl.template.feature
arg: {"link":"https://creativecommons.org/publicdomain/mark/*/deed.nl"}
checkxlinkurl.template.feature:22 - path: $, actual: 404, expected: 200, reason: not equal (Integer)
-------
feature call (loop) failed at index: 3
caller: classpath:InspireTest/ngr/datasetrecords/def/checkxlinkurl.template.feature
arg: {"link":""}
checkxlinkurl.template.feature:14 - 
org.apache.http.client.ClientProtocolException
[1.164:16] check-known-dataset-record.feature:79 - feature call (loop) failed: classpath:InspireTest/ngr/datasetrecords/def/checkxlinkurl.template.feature
caller: classpath:InspireTest/ngr/datasetrecords/check-known-dataset-record.feature
items: [{link=https://nationaalgeoregister.nl/geonetwork/srv/resources052a3480-1031-4d29-ba55-01672e2c50d9}]
errors:
-------
feature call (loop) failed at index: 0
caller: classpath:InspireTest/ngr/datasetrecords/def/checkxlinkurl.template.feature
arg: {"link":"https://nationaalgeoregister.nl/geonetwork/srv/resources052a3480-1031-4d29-ba55-01672e2c50d9"}
checkxlinkurl.template.feature:22 - path: $, actual: 404, expected: 200, reason: not equal (Integer)
[1.165:16] check-known-dataset-record.feature:79 - feature call (loop) failed: classpath:InspireTest/ngr/datasetrecords/def/checkxlinkurl.template.feature
caller: classpath:InspireTest/ngr/datasetrecords/check-known-dataset-record.feature
items: [{link=https://www.nationaalgeoregister.nl/geonetwork/srv/dut/catalog.search#/metadata/krw2006-68b5-4ff3-94a4-9c24109ffd5e}, {link=http://rdfdata.eionet.europa.eu/inspirethemes/themes/24}, {link=https://ngr.geocat.live/geonetwork/srv/eng/thesaurus.download?ref=external.theme.httpinspireeceuropaeumetadatacodelistPrioritydataset-Prioritydataset}, {link=urn:ogc:def:crs:EPSG::5709}]
errors:
-------
feature call (loop) failed at index: 1
caller: classpath:InspireTest/ngr/datasetrecords/def/checkxlinkurl.template.feature
arg: {"link":"http://rdfdata.eionet.europa.eu/inspirethemes/themes/24"}
checkxlinkurl.template.feature:22 - path: $, actual: 404, expected: 200, reason: not equal (Integer)
-------
feature call (loop) failed at index: 2
caller: classpath:InspireTest/ngr/datasetrecords/def/checkxlinkurl.template.feature
arg: {"link":"https://ngr.geocat.live/geonetwork/srv/eng/thesaurus.download?ref=external.theme.httpinspireeceuropaeumetadatacodelistPrioritydataset-Prioritydataset"}
checkxlinkurl.template.feature:22 - path: $, actual: 500, expected: 200, reason: not equal (Integer)
-------
feature call (loop) failed at index: 3
caller: classpath:InspireTest/ngr/datasetrecords/def/checkxlinkurl.template.feature
arg: {"link":"urn:ogc:def:crs:EPSG::5709"}
checkxlinkurl.template.feature:14 - 
org.apache.http.client.ClientProtocolException: URI does not specify a valid host name: urn:ogc:def:crs:EPSG::5709
[1.166:16] check-known-dataset-record.feature:79 - feature call (loop) failed: classpath:InspireTest/ngr/datasetrecords/def/checkxlinkurl.template.feature
caller: classpath:InspireTest/ngr/datasetrecords/check-known-dataset-record.feature
items: [{link=https://www.nationaalgeoregister.nl/geonetwork/srv/dut/catalog.search#/metadata/2e31680f-68b5-4ff3-94a4-9c24109ffd5e}, {link=http://rdfdata.eionet.europa.eu/inspirethemes/themes/24}, {link=https://ngr.geocat.live/geonetwork/srv/eng/thesaurus.download?ref=external.theme.httpinspireeceuropaeumetadatacodelistPrioritydataset-Prioritydataset}, {link=urn:ogc:def:crs:EPSG::5709}]
errors:
-------
feature call (loop) failed at index: 1
caller: classpath:InspireTest/ngr/datasetrecords/def/checkxlinkurl.template.feature
arg: {"link":"http://rdfdata.eionet.europa.eu/inspirethemes/themes/24"}
checkxlinkurl.template.feature:22 - path: $, actual: 404, expected: 200, reason: not equal (Integer)
-------
feature call (loop) failed at index: 2
caller: classpath:InspireTest/ngr/datasetrecords/def/checkxlinkurl.template.feature
arg: {"link":"https://ngr.geocat.live/geonetwork/srv/eng/thesaurus.download?ref=external.theme.httpinspireeceuropaeumetadatacodelistPrioritydataset-Prioritydataset"}
checkxlinkurl.template.feature:22 - path: $, actual: 500, expected: 200, reason: not equal (Integer)
-------
feature call (loop) failed at index: 3
caller: classpath:InspireTest/ngr/datasetrecords/def/checkxlinkurl.template.feature
arg: {"link":"urn:ogc:def:crs:EPSG::5709"}
checkxlinkurl.template.feature:14 - 
org.apache.http.client.ClientProtocolException: URI does not specify a valid host name: urn:ogc:def:crs:EPSG::5709
[1.167:16] check-known-dataset-record.feature:79 - feature call (loop) failed: classpath:InspireTest/ngr/datasetrecords/def/checkxlinkurl.template.feature
caller: classpath:InspireTest/ngr/datasetrecords/check-known-dataset-record.feature
items: [{link=https://www.nationaalgeoregister.nl/geonetwork/srv/dut/catalog.search#/metadata/710c381c-ab2d-45d5-a45d-af2eba811e5f}, {link=http://rdfdata.eionet.europa.eu/inspirethemes/themes/8}, {link=urn:ogc:def:crs:EPSG::5709}]
errors:
-------
feature call (loop) failed at index: 1
caller: classpath:InspireTest/ngr/datasetrecords/def/checkxlinkurl.template.feature
arg: {"link":"http://rdfdata.eionet.europa.eu/inspirethemes/themes/8"}
checkxlinkurl.template.feature:22 - path: $, actual: 404, expected: 200, reason: not equal (Integer)
-------
feature call (loop) failed at index: 2
caller: classpath:InspireTest/ngr/datasetrecords/def/checkxlinkurl.template.feature
arg: {"link":"urn:ogc:def:crs:EPSG::5709"}
checkxlinkurl.template.feature:14 - 
org.apache.http.client.ClientProtocolException: URI does not specify a valid host name: urn:ogc:def:crs:EPSG::5709
[1.168:16] check-known-dataset-record.feature:79 - feature call (loop) failed: classpath:InspireTest/ngr/datasetrecords/def/checkxlinkurl.template.feature
caller: classpath:InspireTest/ngr/datasetrecords/check-known-dataset-record.feature
items: [{link=https://www.nationaalgeoregister.nl/geonetwork/srv/dut/catalog.search#/metadata/622a632a-c57b-44a2-83a4-e51223d5f15g}, {link=http://rdfdata.eionet.europa.eu/inspirethemes/themes/24}, {link=https://ngr.geocat.live/geonetwork/srv/eng/thesaurus.download?ref=external.theme.httpinspireeceuropaeumetadatacodelistPrioritydataset-Prioritydataset}, {link=urn:ogc:def:crs:EPSG::5709}]
errors:
-------
feature call (loop) failed at index: 1
caller: classpath:InspireTest/ngr/datasetrecords/def/checkxlinkurl.template.feature
arg: {"link":"http://rdfdata.eionet.europa.eu/inspirethemes/themes/24"}
checkxlinkurl.template.feature:22 - path: $, actual: 404, expected: 200, reason: not equal (Integer)
-------
feature call (loop) failed at index: 2
caller: classpath:InspireTest/ngr/datasetrecords/def/checkxlinkurl.template.feature
arg: {"link":"https://ngr.geocat.live/geonetwork/srv/eng/thesaurus.download?ref=external.theme.httpinspireeceuropaeumetadatacodelistPrioritydataset-Prioritydataset"}
checkxlinkurl.template.feature:22 - path: $, actual: 500, expected: 200, reason: not equal (Integer)
-------
feature call (loop) failed at index: 3
caller: classpath:InspireTest/ngr/datasetrecords/def/checkxlinkurl.template.feature
arg: {"link":"urn:ogc:def:crs:EPSG::5709"}
checkxlinkurl.template.feature:14 - 
org.apache.http.client.ClientProtocolException: URI does not specify a valid host name: urn:ogc:def:crs:EPSG::5709
[1.169:16] check-known-dataset-record.feature:79 - feature call (loop) failed: classpath:InspireTest/ngr/datasetrecords/def/checkxlinkurl.template.feature
caller: classpath:InspireTest/ngr/datasetrecords/check-known-dataset-record.feature
items: [{link=http://www.opengis.net/def/crs/EPSG/0/http://www.opengis.net/def/crs/EPSG/0/3034}, {link=http://nationaalgeoregister.nl/geonetwork/srv/dut/csw?SERVICE=CSW&version=2.0.2&REQUEST=GetRecordById&elementSetName=full&OutputSchema=http://www.isotc211.org/2005/gmd&ID=f002bfc5-7d87-46b6-819e-8415422b65c9}, {link=https://creativecommons.org/publicdomain/mark/*/deed.nl}, {link=}]
errors:
-------
feature call (loop) failed at index: 2
caller: classpath:InspireTest/ngr/datasetrecords/def/checkxlinkurl.template.feature
arg: {"link":"https://creativecommons.org/publicdomain/mark/*/deed.nl"}
checkxlinkurl.template.feature:22 - path: $, actual: 404, expected: 200, reason: not equal (Integer)
-------
feature call (loop) failed at index: 3
caller: classpath:InspireTest/ngr/datasetrecords/def/checkxlinkurl.template.feature
arg: {"link":""}
checkxlinkurl.template.feature:14 - 
org.apache.http.client.ClientProtocolException
[1.170:16] check-known-dataset-record.feature:79 - feature call (loop) failed: classpath:InspireTest/ngr/datasetrecords/def/checkxlinkurl.template.feature
caller: classpath:InspireTest/ngr/datasetrecords/check-known-dataset-record.feature
items: [{link=https://www.nationaalgeoregister.nl/geonetwork/srv/dut/catalog.search#/metadata/110f9ec6-4464-462e-9765-83d90cefbead}, {link=http://rdfdata.eionet.europa.eu/inspirethemes/themes/24}, {link=https://ngr.geocat.live/geonetwork/srv/eng/thesaurus.download?ref=external.theme.httpinspireeceuropaeumetadatacodelistPrioritydataset-Prioritydataset}]
errors:
-------
feature call (loop) failed at index: 1
caller: classpath:InspireTest/ngr/datasetrecords/def/checkxlinkurl.template.feature
arg: {"link":"http://rdfdata.eionet.europa.eu/inspirethemes/themes/24"}
checkxlinkurl.template.feature:22 - path: $, actual: 404, expected: 200, reason: not equal (Integer)
-------
feature call (loop) failed at index: 2
caller: classpath:InspireTest/ngr/datasetrecords/def/checkxlinkurl.template.feature
arg: {"link":"https://ngr.geocat.live/geonetwork/srv/eng/thesaurus.download?ref=external.theme.httpinspireeceuropaeumetadatacodelistPrioritydataset-Prioritydataset"}
checkxlinkurl.template.feature:22 - path: $, actual: 500, expected: 200, reason: not equal (Integer)
[1.171:16] check-known-dataset-record.feature:79 - feature call (loop) failed: classpath:InspireTest/ngr/datasetrecords/def/checkxlinkurl.template.feature
caller: classpath:InspireTest/ngr/datasetrecords/check-known-dataset-record.feature
items: [{link=https://www.nationaalgeoregister.nl/geonetwork/srv/dut/catalog.search#/metadata/110f9ec6-4464-462e-9765-83d90cefbeag}, {link=http://rdfdata.eionet.europa.eu/inspirethemes/themes/24}, {link=https://ngr.geocat.live/geonetwork/srv/eng/thesaurus.download?ref=external.theme.httpinspireeceuropaeumetadatacodelistPrioritydataset-Prioritydataset}, {link=urn:ogc:def:crs:EPSG::5709}]
errors:
-------
feature call (loop) failed at index: 1
caller: classpath:InspireTest/ngr/datasetrecords/def/checkxlinkurl.template.feature
arg: {"link":"http://rdfdata.eionet.europa.eu/inspirethemes/themes/24"}
checkxlinkurl.template.feature:22 - path: $, actual: 404, expected: 200, reason: not equal (Integer)
-------
feature call (loop) failed at index: 2
caller: classpath:InspireTest/ngr/datasetrecords/def/checkxlinkurl.template.feature
arg: {"link":"https://ngr.geocat.live/geonetwork/srv/eng/thesaurus.download?ref=external.theme.httpinspireeceuropaeumetadatacodelistPrioritydataset-Prioritydataset"}
checkxlinkurl.template.feature:22 - path: $, actual: 500, expected: 200, reason: not equal (Integer)
-------
feature call (loop) failed at index: 3
caller: classpath:InspireTest/ngr/datasetrecords/def/checkxlinkurl.template.feature
arg: {"link":"urn:ogc:def:crs:EPSG::5709"}
checkxlinkurl.template.feature:14 - 
org.apache.http.client.ClientProtocolException: URI does not specify a valid host name: urn:ogc:def:crs:EPSG::5709
[1.172:16] check-known-dataset-record.feature:79 - feature call (loop) failed: classpath:InspireTest/ngr/datasetrecords/def/checkxlinkurl.template.feature
caller: classpath:InspireTest/ngr/datasetrecords/check-known-dataset-record.feature
items: [{link=http://kadaster/e2318c58-b1e6-4621-9c77-33b8a1fd0124}]
errors:
-------
feature call (loop) failed at index: 0
caller: classpath:InspireTest/ngr/datasetrecords/def/checkxlinkurl.template.feature
arg: {"link":"http://kadaster/e2318c58-b1e6-4621-9c77-33b8a1fd0124"}
checkxlinkurl.template.feature:14 - 
java.net.UnknownHostException: kadaster: Temporary failure in name resolution
[1.173:16] check-known-dataset-record.feature:79 - feature call (loop) failed: classpath:InspireTest/ngr/datasetrecords/def/checkxlinkurl.template.feature
caller: classpath:InspireTest/ngr/datasetrecords/check-known-dataset-record.feature
items: [{link=https://www.nationaalgeoregister.nl/geonetwork/srv/dut/catalog.search#/metadata/krw2006-c57b-44a2-83a4-e51223d5f15g}, {link=http://rdfdata.eionet.europa.eu/inspirethemes/themes/24}, {link=https://ngr.geocat.live/geonetwork/srv/eng/thesaurus.download?ref=external.theme.httpinspireeceuropaeumetadatacodelistPrioritydataset-Prioritydataset}, {link=urn:ogc:def:crs:EPSG::5709}]
errors:
-------
feature call (loop) failed at index: 1
caller: classpath:InspireTest/ngr/datasetrecords/def/checkxlinkurl.template.feature
arg: {"link":"http://rdfdata.eionet.europa.eu/inspirethemes/themes/24"}
checkxlinkurl.template.feature:22 - path: $, actual: 404, expected: 200, reason: not equal (Integer)
-------
feature call (loop) failed at index: 2
caller: classpath:InspireTest/ngr/datasetrecords/def/checkxlinkurl.template.feature
arg: {"link":"https://ngr.geocat.live/geonetwork/srv/eng/thesaurus.download?ref=external.theme.httpinspireeceuropaeumetadatacodelistPrioritydataset-Prioritydataset"}
checkxlinkurl.template.feature:22 - path: $, actual: 500, expected: 200, reason: not equal (Integer)
-------
feature call (loop) failed at index: 3
caller: classpath:InspireTest/ngr/datasetrecords/def/checkxlinkurl.template.feature
arg: {"link":"urn:ogc:def:crs:EPSG::5709"}
checkxlinkurl.template.feature:14 - 
org.apache.http.client.ClientProtocolException: URI does not specify a valid host name: urn:ogc:def:crs:EPSG::5709
[1.174:16] check-known-dataset-record.feature:79 - feature call (loop) failed: classpath:InspireTest/ngr/datasetrecords/def/checkxlinkurl.template.feature
caller: classpath:InspireTest/ngr/datasetrecords/check-known-dataset-record.feature
items: [{link=https://www.nationaalgeoregister.nl/geonetwork/srv/dut/catalog.search#/metadata/110f9ec6-4464-462e-9765-83d90cefbeac}, {link=http://rdfdata.eionet.europa.eu/inspirethemes/themes/24}, {link=https://ngr.geocat.live/geonetwork/srv/eng/thesaurus.download?ref=external.theme.httpinspireeceuropaeumetadatacodelistPrioritydataset-Prioritydataset}]
errors:
-------
feature call (loop) failed at index: 1
caller: classpath:InspireTest/ngr/datasetrecords/def/checkxlinkurl.template.feature
arg: {"link":"http://rdfdata.eionet.europa.eu/inspirethemes/themes/24"}
checkxlinkurl.template.feature:22 - path: $, actual: 404, expected: 200, reason: not equal (Integer)
-------
feature call (loop) failed at index: 2
caller: classpath:InspireTest/ngr/datasetrecords/def/checkxlinkurl.template.feature
arg: {"link":"https://ngr.geocat.live/geonetwork/srv/eng/thesaurus.download?ref=external.theme.httpinspireeceuropaeumetadatacodelistPrioritydataset-Prioritydataset"}
checkxlinkurl.template.feature:22 - path: $, actual: 500, expected: 200, reason: not equal (Integer)
[1.175:16] check-known-dataset-record.feature:79 - feature call (loop) failed: classpath:InspireTest/ngr/datasetrecords/def/checkxlinkurl.template.feature
caller: classpath:InspireTest/ngr/datasetrecords/check-known-dataset-record.feature
items: [{link=https://www.nationaalgeoregister.nl/geonetwork/srv/dut/catalog.search#/metadata/krw-782cab20-8328-45f1-a9b2-c27d07c14066}, {link=http://rdfdata.eionet.europa.eu/inspirethemes/themes/24}, {link=https://ngr.geocat.live/geonetwork/srv/eng/thesaurus.download?ref=external.theme.httpinspireeceuropaeumetadatacodelistPrioritydataset-Prioritydataset}, {link=urn:ogc:def:crs:EPSG::5709}]
errors:
-------
feature call (loop) failed at index: 1
caller: classpath:InspireTest/ngr/datasetrecords/def/checkxlinkurl.template.feature
arg: {"link":"http://rdfdata.eionet.europa.eu/inspirethemes/themes/24"}
checkxlinkurl.template.feature:22 - path: $, actual: 404, expected: 200, reason: not equal (Integer)
-------
feature call (loop) failed at index: 2
caller: classpath:InspireTest/ngr/datasetrecords/def/checkxlinkurl.template.feature
arg: {"link":"https://ngr.geocat.live/geonetwork/srv/eng/thesaurus.download?ref=external.theme.httpinspireeceuropaeumetadatacodelistPrioritydataset-Prioritydataset"}
checkxlinkurl.template.feature:22 - path: $, actual: 500, expected: 200, reason: not equal (Integer)
-------
feature call (loop) failed at index: 3
caller: classpath:InspireTest/ngr/datasetrecords/def/checkxlinkurl.template.feature
arg: {"link":"urn:ogc:def:crs:EPSG::5709"}
checkxlinkurl.template.feature:14 - 
org.apache.http.client.ClientProtocolException: URI does not specify a valid host name: urn:ogc:def:crs:EPSG::5709
[1.176:16] check-known-dataset-record.feature:79 - feature call (loop) failed: classpath:InspireTest/ngr/datasetrecords/def/checkxlinkurl.template.feature
caller: classpath:InspireTest/ngr/datasetrecords/check-known-dataset-record.feature
items: [{link=https://www.nationaalgeoregister.nl/geonetwork/srv/dut/catalog.search#/metadata/krm-a905-9d8e-4758-83fa-28b057f185e4}, {link=http://rdfdata.eionet.europa.eu/inspirethemes/themes/24}, {link=https://ngr.geocat.live/geonetwork/srv/eng/thesaurus.download?ref=external.theme.httpinspireeceuropaeumetadatacodelistPrioritydataset-Prioritydataset}]
errors:
-------
feature call (loop) failed at index: 1
caller: classpath:InspireTest/ngr/datasetrecords/def/checkxlinkurl.template.feature
arg: {"link":"http://rdfdata.eionet.europa.eu/inspirethemes/themes/24"}
checkxlinkurl.template.feature:22 - path: $, actual: 404, expected: 200, reason: not equal (Integer)
-------
feature call (loop) failed at index: 2
caller: classpath:InspireTest/ngr/datasetrecords/def/checkxlinkurl.template.feature
arg: {"link":"https://ngr.geocat.live/geonetwork/srv/eng/thesaurus.download?ref=external.theme.httpinspireeceuropaeumetadatacodelistPrioritydataset-Prioritydataset"}
checkxlinkurl.template.feature:22 - path: $, actual: 500, expected: 200, reason: not equal (Integer)
[1.177:16] check-known-dataset-record.feature:79 - feature call (loop) failed: classpath:InspireTest/ngr/datasetrecords/def/checkxlinkurl.template.feature
caller: classpath:InspireTest/ngr/datasetrecords/check-known-dataset-record.feature
items: [{link=https://www.nationaalgeoregister.nl/geonetwork/srv/dut/catalog.search#/metadata/891ddc2d-8949-4a45-be96-c65b87c41f13}, {link=http://rdfdata.eionet.europa.eu/inspirethemes/themes/20}, {link=https://ngr.geocat.live/geonetwork/srv/eng/thesaurus.download?ref=external.theme.httpinspireeceuropaeumetadatacodelistPrioritydataset-Prioritydataset}]
errors:
-------
feature call (loop) failed at index: 1
caller: classpath:InspireTest/ngr/datasetrecords/def/checkxlinkurl.template.feature
arg: {"link":"http://rdfdata.eionet.europa.eu/inspirethemes/themes/20"}
checkxlinkurl.template.feature:22 - path: $, actual: 404, expected: 200, reason: not equal (Integer)
-------
feature call (loop) failed at index: 2
caller: classpath:InspireTest/ngr/datasetrecords/def/checkxlinkurl.template.feature
arg: {"link":"https://ngr.geocat.live/geonetwork/srv/eng/thesaurus.download?ref=external.theme.httpinspireeceuropaeumetadatacodelistPrioritydataset-Prioritydataset"}
checkxlinkurl.template.feature:22 - path: $, actual: 500, expected: 200, reason: not equal (Integer)
[1.178:16] check-known-dataset-record.feature:79 - feature call (loop) failed: classpath:InspireTest/ngr/datasetrecords/def/checkxlinkurl.template.feature
caller: classpath:InspireTest/ngr/datasetrecords/check-known-dataset-record.feature
items: [{link=http://kadaster/e2318c58-b1e6-4621-9c77-33b8a1fd0e76}]
errors:
-------
feature call (loop) failed at index: 0
caller: classpath:InspireTest/ngr/datasetrecords/def/checkxlinkurl.template.feature
arg: {"link":"http://kadaster/e2318c58-b1e6-4621-9c77-33b8a1fd0e76"}
checkxlinkurl.template.feature:14 - 
java.net.UnknownHostException: kadaster
[1.179:16] check-known-dataset-record.feature:79 - feature call (loop) failed: classpath:InspireTest/ngr/datasetrecords/def/checkxlinkurl.template.feature
caller: classpath:InspireTest/ngr/datasetrecords/check-known-dataset-record.feature
items: [{link=http://services.rce.geovoorziening.nl/www/download/nl.xml}, {link=}, {link=}]
errors:
-------
feature call (loop) failed at index: 1
caller: classpath:InspireTest/ngr/datasetrecords/def/checkxlinkurl.template.feature
arg: {"link":""}
checkxlinkurl.template.feature:14 - 
org.apache.http.client.ClientProtocolException
-------
feature call (loop) failed at index: 2
caller: classpath:InspireTest/ngr/datasetrecords/def/checkxlinkurl.template.feature
arg: {"link":""}
checkxlinkurl.template.feature:14 - 
org.apache.http.client.ClientProtocolException
[1.180:16] check-known-dataset-record.feature:79 - feature call (loop) failed: classpath:InspireTest/ngr/datasetrecords/def/checkxlinkurl.template.feature
caller: classpath:InspireTest/ngr/datasetrecords/check-known-dataset-record.feature
items: [{link=https://www.nationaalgeoregister.nl/geonetwork/srv/dut/catalog.search#/metadata/ror-9d8e-4758-83fx-28b057f185e1}, {link=http://rdfdata.eionet.europa.eu/inspirethemes/themes/25}, {link=https://ngr.geocat.live/geonetwork/srv/eng/thesaurus.download?ref=external.theme.httpinspireeceuropaeumetadatacodelistPrioritydataset-Prioritydataset}, {link=urn:ogc:def:crs:EPSG::5709}]
errors:
-------
feature call (loop) failed at index: 1
caller: classpath:InspireTest/ngr/datasetrecords/def/checkxlinkurl.template.feature
arg: {"link":"http://rdfdata.eionet.europa.eu/inspirethemes/themes/25"}
checkxlinkurl.template.feature:22 - path: $, actual: 404, expected: 200, reason: not equal (Integer)
-------
feature call (loop) failed at index: 2
caller: classpath:InspireTest/ngr/datasetrecords/def/checkxlinkurl.template.feature
arg: {"link":"https://ngr.geocat.live/geonetwork/srv/eng/thesaurus.download?ref=external.theme.httpinspireeceuropaeumetadatacodelistPrioritydataset-Prioritydataset"}
checkxlinkurl.template.feature:22 - path: $, actual: 500, expected: 200, reason: not equal (Integer)
-------
feature call (loop) failed at index: 3
caller: classpath:InspireTest/ngr/datasetrecords/def/checkxlinkurl.template.feature
arg: {"link":"urn:ogc:def:crs:EPSG::5709"}
checkxlinkurl.template.feature:14 - 
org.apache.http.client.ClientProtocolException: URI does not specify a valid host name: urn:ogc:def:crs:EPSG::5709
[1.181:16] check-known-dataset-record.feature:79 - feature call (loop) failed: classpath:InspireTest/ngr/datasetrecords/def/checkxlinkurl.template.feature
caller: classpath:InspireTest/ngr/datasetrecords/check-known-dataset-record.feature
items: [{link=https://www.nationaalgeoregister.nl/geonetwork/srv/dut/catalog.search#/metadata/ror-9d8e-4758-83fx-28b057f185g1}, {link=http://rdfdata.eionet.europa.eu/inspirethemes/themes/25}, {link=https://ngr.geocat.live/geonetwork/srv/eng/thesaurus.download?ref=external.theme.httpinspireeceuropaeumetadatacodelistPrioritydataset-Prioritydataset}, {link=urn:ogc:def:crs:EPSG::5709}]
errors:
-------
feature call (loop) failed at index: 1
caller: classpath:InspireTest/ngr/datasetrecords/def/checkxlinkurl.template.feature
arg: {"link":"http://rdfdata.eionet.europa.eu/inspirethemes/themes/25"}
checkxlinkurl.template.feature:22 - path: $, actual: 404, expected: 200, reason: not equal (Integer)
-------
feature call (loop) failed at index: 2
caller: classpath:InspireTest/ngr/datasetrecords/def/checkxlinkurl.template.feature
arg: {"link":"https://ngr.geocat.live/geonetwork/srv/eng/thesaurus.download?ref=external.theme.httpinspireeceuropaeumetadatacodelistPrioritydataset-Prioritydataset"}
checkxlinkurl.template.feature:22 - path: $, actual: 500, expected: 200, reason: not equal (Integer)
-------
feature call (loop) failed at index: 3
caller: classpath:InspireTest/ngr/datasetrecords/def/checkxlinkurl.template.feature
arg: {"link":"urn:ogc:def:crs:EPSG::5709"}
checkxlinkurl.template.feature:14 - 
org.apache.http.client.ClientProtocolException: URI does not specify a valid host name: urn:ogc:def:crs:EPSG::5709
[1.182:16] check-known-dataset-record.feature:79 - feature call (loop) failed: classpath:InspireTest/ngr/datasetrecords/def/checkxlinkurl.template.feature
caller: classpath:InspireTest/ngr/datasetrecords/check-known-dataset-record.feature
items: [{link=https://www.nationaalgeoregister.nl/geonetwork/srv/dut/catalog.search#/metadata/a9b7026e-0a81-4813-93bd-ba49e6f28502}, {link=http://rdfdata.eionet.europa.eu/inspirethemes/themes/7}, {link=http://rdfdata.eionet.europa.eu/inspirethemes/themes/18}, {link=https://ngr.geocat.live/geonetwork/srv/eng/thesaurus.download?ref=external.theme.httpinspireeceuropaeumetadatacodelistPrioritydataset-Prioritydataset}, {link=urn:ogc:def:crs:EPSG::5709}]
errors:
-------
feature call (loop) failed at index: 1
caller: classpath:InspireTest/ngr/datasetrecords/def/checkxlinkurl.template.feature
arg: {"link":"http://rdfdata.eionet.europa.eu/inspirethemes/themes/7"}
checkxlinkurl.template.feature:22 - path: $, actual: 404, expected: 200, reason: not equal (Integer)
-------
feature call (loop) failed at index: 2
caller: classpath:InspireTest/ngr/datasetrecords/def/checkxlinkurl.template.feature
arg: {"link":"http://rdfdata.eionet.europa.eu/inspirethemes/themes/18"}
checkxlinkurl.template.feature:22 - path: $, actual: 404, expected: 200, reason: not equal (Integer)
-------
feature call (loop) failed at index: 3
caller: classpath:InspireTest/ngr/datasetrecords/def/checkxlinkurl.template.feature
arg: {"link":"https://ngr.geocat.live/geonetwork/srv/eng/thesaurus.download?ref=external.theme.httpinspireeceuropaeumetadatacodelistPrioritydataset-Prioritydataset"}
checkxlinkurl.template.feature:22 - path: $, actual: 500, expected: 200, reason: not equal (Integer)
-------
feature call (loop) failed at index: 4
caller: classpath:InspireTest/ngr/datasetrecords/def/checkxlinkurl.template.feature
arg: {"link":"urn:ogc:def:crs:EPSG::5709"}
checkxlinkurl.template.feature:14 - 
org.apache.http.client.ClientProtocolException: URI does not specify a valid host name: urn:ogc:def:crs:EPSG::5709
[1.185:16] check-known-dataset-record.feature:79 - feature call (loop) failed: classpath:InspireTest/ngr/datasetrecords/def/checkxlinkurl.template.feature
caller: classpath:InspireTest/ngr/datasetrecords/check-known-dataset-record.feature
items: [{link=https://www.nationaalgeoregister.nl/geonetwork/srv/dut/catalog.search#/metadata/ror-9d8e-4758-83fx-28b057f185f1}, {link=http://rdfdata.eionet.europa.eu/inspirethemes/themes/25}, {link=https://ngr.geocat.live/geonetwork/srv/eng/thesaurus.download?ref=external.theme.httpinspireeceuropaeumetadatacodelistPrioritydataset-Prioritydataset}, {link=urn:ogc:def:crs:EPSG::5709}]
errors:
-------
feature call (loop) failed at index: 1
caller: classpath:InspireTest/ngr/datasetrecords/def/checkxlinkurl.template.feature
arg: {"link":"http://rdfdata.eionet.europa.eu/inspirethemes/themes/25"}
checkxlinkurl.template.feature:22 - path: $, actual: 404, expected: 200, reason: not equal (Integer)
-------
feature call (loop) failed at index: 2
caller: classpath:InspireTest/ngr/datasetrecords/def/checkxlinkurl.template.feature
arg: {"link":"https://ngr.geocat.live/geonetwork/srv/eng/thesaurus.download?ref=external.theme.httpinspireeceuropaeumetadatacodelistPrioritydataset-Prioritydataset"}
checkxlinkurl.template.feature:22 - path: $, actual: 500, expected: 200, reason: not equal (Integer)
-------
feature call (loop) failed at index: 3
caller: classpath:InspireTest/ngr/datasetrecords/def/checkxlinkurl.template.feature
arg: {"link":"urn:ogc:def:crs:EPSG::5709"}
checkxlinkurl.template.feature:14 - 
org.apache.http.client.ClientProtocolException: URI does not specify a valid host name: urn:ogc:def:crs:EPSG::5709
[1.186:16] check-known-dataset-record.feature:79 - feature call (loop) failed: classpath:InspireTest/ngr/datasetrecords/def/checkxlinkurl.template.feature
caller: classpath:InspireTest/ngr/datasetrecords/check-known-dataset-record.feature
items: [{link=https://www.nationaalgeoregister.nl/geonetwork/srv/dut/catalog.search#/metadata/uwwtd-9d8e-4758-83fa-28b057f185e2}, {link=http://rdfdata.eionet.europa.eu/inspirethemes/themes/24}, {link=https://ngr.geocat.live/geonetwork/srv/eng/thesaurus.download?ref=external.theme.httpinspireeceuropaeumetadatacodelistPrioritydataset-Prioritydataset}, {link=urn:ogc:def:crs:EPSG::5709}]
errors:
-------
feature call (loop) failed at index: 1
caller: classpath:InspireTest/ngr/datasetrecords/def/checkxlinkurl.template.feature
arg: {"link":"http://rdfdata.eionet.europa.eu/inspirethemes/themes/24"}
checkxlinkurl.template.feature:22 - path: $, actual: 404, expected: 200, reason: not equal (Integer)
-------
feature call (loop) failed at index: 2
caller: classpath:InspireTest/ngr/datasetrecords/def/checkxlinkurl.template.feature
arg: {"link":"https://ngr.geocat.live/geonetwork/srv/eng/thesaurus.download?ref=external.theme.httpinspireeceuropaeumetadatacodelistPrioritydataset-Prioritydataset"}
checkxlinkurl.template.feature:22 - path: $, actual: 500, expected: 200, reason: not equal (Integer)
-------
feature call (loop) failed at index: 3
caller: classpath:InspireTest/ngr/datasetrecords/def/checkxlinkurl.template.feature
arg: {"link":"urn:ogc:def:crs:EPSG::5709"}
checkxlinkurl.template.feature:14 - 
org.apache.http.client.ClientProtocolException: URI does not specify a valid host name: urn:ogc:def:crs:EPSG::5709
[1.187:16] check-known-dataset-record.feature:79 - feature call (loop) failed: classpath:InspireTest/ngr/datasetrecords/def/checkxlinkurl.template.feature
caller: classpath:InspireTest/ngr/datasetrecords/check-known-dataset-record.feature
items: [{link=https://www.nationaalgeoregister.nl/geonetwork/srv/dut/catalog.search#/metadata/uwwtd-9d8e-4758-83fa-28b057f185e1}, {link=http://rdfdata.eionet.europa.eu/inspirethemes/themes/24}, {link=https://ngr.geocat.live/geonetwork/srv/eng/thesaurus.download?ref=external.theme.httpinspireeceuropaeumetadatacodelistPrioritydataset-Prioritydataset}, {link=urn:ogc:def:crs:EPSG::5709}]
errors:
-------
feature call (loop) failed at index: 1
caller: classpath:InspireTest/ngr/datasetrecords/def/checkxlinkurl.template.feature
arg: {"link":"http://rdfdata.eionet.europa.eu/inspirethemes/themes/24"}
checkxlinkurl.template.feature:22 - path: $, actual: 404, expected: 200, reason: not equal (Integer)
-------
feature call (loop) failed at index: 2
caller: classpath:InspireTest/ngr/datasetrecords/def/checkxlinkurl.template.feature
arg: {"link":"https://ngr.geocat.live/geonetwork/srv/eng/thesaurus.download?ref=external.theme.httpinspireeceuropaeumetadatacodelistPrioritydataset-Prioritydataset"}
checkxlinkurl.template.feature:22 - path: $, actual: 500, expected: 200, reason: not equal (Integer)
-------
feature call (loop) failed at index: 3
caller: classpath:InspireTest/ngr/datasetrecords/def/checkxlinkurl.template.feature
arg: {"link":"urn:ogc:def:crs:EPSG::5709"}
checkxlinkurl.template.feature:14 - 
org.apache.http.client.ClientProtocolException: URI does not specify a valid host name: urn:ogc:def:crs:EPSG::5709
[1.188:16] check-known-dataset-record.feature:79 - feature call (loop) failed: classpath:InspireTest/ngr/datasetrecords/def/checkxlinkurl.template.feature
caller: classpath:InspireTest/ngr/datasetrecords/check-known-dataset-record.feature
items: [{link=http://kadaster/06b6c650-cdb1-11dd-ad8b-0800200c9a78}]
errors:
-------
feature call (loop) failed at index: 0
caller: classpath:InspireTest/ngr/datasetrecords/def/checkxlinkurl.template.feature
arg: {"link":"http://kadaster/06b6c650-cdb1-11dd-ad8b-0800200c9a78"}
checkxlinkurl.template.feature:14 - 
java.net.UnknownHostException: kadaster
[1.189:16] check-known-dataset-record.feature:79 - feature call (loop) failed: classpath:InspireTest/ngr/datasetrecords/def/checkxlinkurl.template.feature
caller: classpath:InspireTest/ngr/datasetrecords/check-known-dataset-record.feature
items: [{link=http://kadaster/06b6c650-cdb1-11dd-ad8b-0800200c9a77}]
errors:
-------
feature call (loop) failed at index: 0
caller: classpath:InspireTest/ngr/datasetrecords/def/checkxlinkurl.template.feature
arg: {"link":"http://kadaster/06b6c650-cdb1-11dd-ad8b-0800200c9a77"}
checkxlinkurl.template.feature:14 - 
java.net.UnknownHostException: kadaster
[1.190:16] check-known-dataset-record.feature:79 - feature call (loop) failed: classpath:InspireTest/ngr/datasetrecords/def/checkxlinkurl.template.feature
caller: classpath:InspireTest/ngr/datasetrecords/check-known-dataset-record.feature
items: [{link=https://data.rivm.nl/inspire/id#c6d62f69-7be0-4c19-a4af-d146c6a3c166}]
errors:
-------
feature call (loop) failed at index: 0
caller: classpath:InspireTest/ngr/datasetrecords/def/checkxlinkurl.template.feature
arg: {"link":"https://data.rivm.nl/inspire/id#c6d62f69-7be0-4c19-a4af-d146c6a3c166"}
checkxlinkurl.template.feature:14 - 
javax.net.ssl.SSLException: Connection reset
[1.191:16] check-known-dataset-record.feature:79 - feature call (loop) failed: classpath:InspireTest/ngr/datasetrecords/def/checkxlinkurl.template.feature
caller: classpath:InspireTest/ngr/datasetrecords/check-known-dataset-record.feature
items: [{link=https://www.nationaalgeoregister.nl/geonetwork/srv/api/records83dab947-387b-49df-8ad2-32bb10d46d38}]
errors:
-------
feature call (loop) failed at index: 0
caller: classpath:InspireTest/ngr/datasetrecords/def/checkxlinkurl.template.feature
arg: {"link":"https://www.nationaalgeoregister.nl/geonetwork/srv/api/records83dab947-387b-49df-8ad2-32bb10d46d38"}
checkxlinkurl.template.feature:22 - path: $, actual: 500, expected: 200, reason: not equal (Integer)
[1.192:16] check-known-dataset-record.feature:79 - feature call (loop) failed: classpath:InspireTest/ngr/datasetrecords/def/checkxlinkurl.template.feature
caller: classpath:InspireTest/ngr/datasetrecords/check-known-dataset-record.feature
items: [{link=https://data.rivm.nl/inspire/id#4504a4b2-3179-44b3-a5a9-b67b693c514d}]
errors:
-------
feature call (loop) failed at index: 0
caller: classpath:InspireTest/ngr/datasetrecords/def/checkxlinkurl.template.feature
arg: {"link":"https://data.rivm.nl/inspire/id#4504a4b2-3179-44b3-a5a9-b67b693c514d"}
checkxlinkurl.template.feature:14 - 
javax.net.ssl.SSLException: Connection reset
[1.193:16] check-known-dataset-record.feature:79 - feature call (loop) failed: classpath:InspireTest/ngr/datasetrecords/def/checkxlinkurl.template.feature
caller: classpath:InspireTest/ngr/datasetrecords/check-known-dataset-record.feature
items: [{link=http://kadaster/2482250f-3b00-4439-9f93-f3118229b014}, {link=}, {link=}, {link=}]
errors:
-------
feature call (loop) failed at index: 0
caller: classpath:InspireTest/ngr/datasetrecords/def/checkxlinkurl.template.feature
arg: {"link":"http://kadaster/2482250f-3b00-4439-9f93-f3118229b014"}
checkxlinkurl.template.feature:14 - 
java.net.UnknownHostException: kadaster
-------
feature call (loop) failed at index: 1
caller: classpath:InspireTest/ngr/datasetrecords/def/checkxlinkurl.template.feature
arg: {"link":""}
checkxlinkurl.template.feature:14 - 
org.apache.http.client.ClientProtocolException
-------
feature call (loop) failed at index: 2
caller: classpath:InspireTest/ngr/datasetrecords/def/checkxlinkurl.template.feature
arg: {"link":""}
checkxlinkurl.template.feature:14 - 
org.apache.http.client.ClientProtocolException
-------
feature call (loop) failed at index: 3
caller: classpath:InspireTest/ngr/datasetrecords/def/checkxlinkurl.template.feature
arg: {"link":""}
checkxlinkurl.template.feature:14 - 
org.apache.http.client.ClientProtocolException
[1.194:16] check-known-dataset-record.feature:79 - feature call (loop) failed: classpath:InspireTest/ngr/datasetrecords/def/checkxlinkurl.template.feature
caller: classpath:InspireTest/ngr/datasetrecords/check-known-dataset-record.feature
items: [{link=http://kadaster/06b6c650-cdb1-11dd-ad8b-0800200c9a75}]
errors:
-------
feature call (loop) failed at index: 0
caller: classpath:InspireTest/ngr/datasetrecords/def/checkxlinkurl.template.feature
arg: {"link":"http://kadaster/06b6c650-cdb1-11dd-ad8b-0800200c9a75"}
checkxlinkurl.template.feature:14 - 
java.net.UnknownHostException: kadaster
[1.195:16] check-known-dataset-record.feature:79 - feature call (loop) failed: classpath:InspireTest/ngr/datasetrecords/def/checkxlinkurl.template.feature
caller: classpath:InspireTest/ngr/datasetrecords/check-known-dataset-record.feature
items: [{link=http://www.opengis.net/def/crs/EPSG/0/https://www.opengis.net/def/crs/EPSG/0/4258}, {link=https://www.nationaalgeoregister.nl/geonetwork/srv/api/recordse8b84fae-00b3-49c1-80c1-df8f69f64e8c}]
errors:
-------
feature call (loop) failed at index: 1
caller: classpath:InspireTest/ngr/datasetrecords/def/checkxlinkurl.template.feature
arg: {"link":"https://www.nationaalgeoregister.nl/geonetwork/srv/api/recordse8b84fae-00b3-49c1-80c1-df8f69f64e8c"}
checkxlinkurl.template.feature:22 - path: $, actual: 500, expected: 200, reason: not equal (Integer)
[1.197:16] check-known-dataset-record.feature:79 - feature call (loop) failed: classpath:InspireTest/ngr/datasetrecords/def/checkxlinkurl.template.feature
caller: classpath:InspireTest/ngr/datasetrecords/check-known-dataset-record.feature
items: [{link=https://nationaalgeoregister.nl/geonetwork/srv/resources66495385-8f7b-4661-85a7-11a2bbcbb6b9}, {link=http://rdfdata.eionet.europa.eu/inspirethemes/themes/13}, {link=http://geonetwork-opensource.org/inspire-theme#}, {link=https://www.nationaalgeoregister.nl/geonetwork/srv/eng/thesaurus.download?ref=external.theme.inspire-theme}]
errors:
-------
feature call (loop) failed at index: 0
caller: classpath:InspireTest/ngr/datasetrecords/def/checkxlinkurl.template.feature
arg: {"link":"https://nationaalgeoregister.nl/geonetwork/srv/resources66495385-8f7b-4661-85a7-11a2bbcbb6b9"}
checkxlinkurl.template.feature:22 - path: $, actual: 404, expected: 200, reason: not equal (Integer)
-------
feature call (loop) failed at index: 1
caller: classpath:InspireTest/ngr/datasetrecords/def/checkxlinkurl.template.feature
arg: {"link":"http://rdfdata.eionet.europa.eu/inspirethemes/themes/13"}
checkxlinkurl.template.feature:22 - path: $, actual: 404, expected: 200, reason: not equal (Integer)
-------
feature call (loop) failed at index: 2
caller: classpath:InspireTest/ngr/datasetrecords/def/checkxlinkurl.template.feature
arg: {"link":"http://geonetwork-opensource.org/inspire-theme#"}
checkxlinkurl.template.feature:22 - path: $, actual: 404, expected: 200, reason: not equal (Integer)
-------
feature call (loop) failed at index: 3
caller: classpath:InspireTest/ngr/datasetrecords/def/checkxlinkurl.template.feature
arg: {"link":"https://www.nationaalgeoregister.nl/geonetwork/srv/eng/thesaurus.download?ref=external.theme.inspire-theme"}
checkxlinkurl.template.feature:22 - path: $, actual: 500, expected: 200, reason: not equal (Integer)
[1.198:16] check-known-dataset-record.feature:79 - feature call (loop) failed: classpath:InspireTest/ngr/datasetrecords/def/checkxlinkurl.template.feature
caller: classpath:InspireTest/ngr/datasetrecords/check-known-dataset-record.feature
items: [{link=https://www.nationaalgeoregister.nl/geonetwork/srv/dut/catalog.search#/metadata/a1960e70-22f4-4fd9-91a8-b605c6ceda3e}, {link=http://rdfdata.eionet.europa.eu/inspirethemes/themes/24}, {link=https://ngr.geocat.live/geonetwork/srv/eng/thesaurus.download?ref=external.theme.httpinspireeceuropaeumetadatacodelistPrioritydataset-Prioritydataset}]
errors:
-------
feature call (loop) failed at index: 1
caller: classpath:InspireTest/ngr/datasetrecords/def/checkxlinkurl.template.feature
arg: {"link":"http://rdfdata.eionet.europa.eu/inspirethemes/themes/24"}
checkxlinkurl.template.feature:22 - path: $, actual: 404, expected: 200, reason: not equal (Integer)
-------
feature call (loop) failed at index: 2
caller: classpath:InspireTest/ngr/datasetrecords/def/checkxlinkurl.template.feature
arg: {"link":"https://ngr.geocat.live/geonetwork/srv/eng/thesaurus.download?ref=external.theme.httpinspireeceuropaeumetadatacodelistPrioritydataset-Prioritydataset"}
checkxlinkurl.template.feature:22 - path: $, actual: 500, expected: 200, reason: not equal (Integer)
[1.199:16] check-known-dataset-record.feature:79 - feature call (loop) failed: classpath:InspireTest/ngr/datasetrecords/def/checkxlinkurl.template.feature
caller: classpath:InspireTest/ngr/datasetrecords/check-known-dataset-record.feature
items: [{link=http://nationaalgeoregister.nl/geonetwork/srv/dut/catalog.search#/metadata/280ed37a-b8d2-4ac5-8567-04d84fad3a41}, {link=https://creativecommons.org/publicdomain/mark/*/deed.nl}, {link=https://data.overheid.nl/organisatie/PDOK}]
errors:
-------
feature call (loop) failed at index: 1
caller: classpath:InspireTest/ngr/datasetrecords/def/checkxlinkurl.template.feature
arg: {"link":"https://creativecommons.org/publicdomain/mark/*/deed.nl"}
checkxlinkurl.template.feature:22 - path: $, actual: 404, expected: 200, reason: not equal (Integer)
-------
feature call (loop) failed at index: 2
caller: classpath:InspireTest/ngr/datasetrecords/def/checkxlinkurl.template.feature
arg: {"link":"https://data.overheid.nl/organisatie/PDOK"}
checkxlinkurl.template.feature:22 - path: $, actual: 404, expected: 200, reason: not equal (Integer)
 ==> expected: <0> but was: <183>
	at InspireTest.TestAll.testParallel(InspireTest.java:27)
]]></failure>
    <system-out><![CDATA[10:54:13.957 [main] INFO  com.intuit.karate.Runner - waiting for parallel features to complete ...
10:54:14.324 [pool-1-thread-4] INFO  com.intuit.karate - karate.env system property was:  
10:54:14.323 [ForkJoinPool-1-worker-7] INFO  com.intuit.karate - karate.env system property was:  
10:54:14.324 [ForkJoinPool-1-worker-5] INFO  com.intuit.karate - karate.env system property was:  
10:54:14.323 [pool-1-thread-2] INFO  com.intuit.karate - karate.env system property was:  
10:54:14.324 [pool-1-thread-1] INFO  com.intuit.karate - karate.env system property was:  
10:54:14.325 [ForkJoinPool-1-worker-3] INFO  com.intuit.karate - karate.env system property was:  
10:54:14.606 [pool-1-thread-2] INFO  com.intuit.karate - >> lock acquired, begin callonce: read('def/getcswbriefrecords.feature')
10:54:14.706 [pool-1-thread-4] INFO  com.intuit.karate - >> lock acquired, begin callonce: read('def/writedatasetcsvheader.template.feature')
10:54:14.801 [pool-1-thread-4] INFO  com.intuit.karate - [print] "datasetIdentifierCode","title","organisationName","email",
10:54:14.823 [pool-1-thread-4] INFO  com.intuit.karate - << lock released, cached callonce: read('def/writedatasetcsvheader.template.feature')
10:54:14.825 [pool-1-thread-4] INFO  com.intuit.karate - >> lock acquired, begin callonce: read('def/getdataset.template.feature')
10:54:14.888 [ForkJoinPool-1-worker-11] INFO  com.intuit.karate - [print] [
  "http://creativecommons.org/licenses/by/3.0/nl/"
]

10:54:14.902 [ForkJoinPool-1-worker-9] INFO  com.intuit.karate - [print] [
  "http://creativecommons.org/licenses/by/3.0/deed.nl"
]

10:54:14.906 [ForkJoinPool-1-worker-13] INFO  com.intuit.karate - [print] [
  "http://creativecommons.org/licenses/by/4.0/deed.nl"
]

10:54:14.959 [ForkJoinPool-1-worker-13] INFO  com.intuit.karate - [print]
10:54:14.961 [ForkJoinPool-1-worker-11] INFO  com.intuit.karate - [print]
10:54:14.965 [ForkJoinPool-1-worker-9] INFO  com.intuit.karate - [print]
10:54:14.982 [ForkJoinPool-1-worker-11] INFO  com.intuit.karate - [print] testing xlinkurl:http://creativecommons.org/licenses/by/3.0/nl/
10:54:14.982 [ForkJoinPool-1-worker-9] INFO  com.intuit.karate - [print] testing xlinkurl:http://creativecommons.org/licenses/by/3.0/deed.nl
10:54:14.984 [ForkJoinPool-1-worker-13] INFO  com.intuit.karate - [print] testing xlinkurl:http://creativecommons.org/licenses/by/4.0/deed.nl
10:54:15.183 [ForkJoinPool-1-worker-5] INFO  com.intuit.karate - [print] [
  "http://creativecommons.org/publicdomain/mark/1.0/deed.nl"
]

10:54:15.224 [ForkJoinPool-1-worker-5] INFO  com.intuit.karate - [print]
10:54:15.226 [ForkJoinPool-1-worker-5] INFO  com.intuit.karate - [print] testing xlinkurl:http://creativecommons.org/publicdomain/mark/1.0/deed.nl
10:54:15.256 [ForkJoinPool-1-worker-7] INFO  com.intuit.karate - [print] [
  "http://creativecommons.org/publicdomain/zero/1.0/deed.nl"
]

10:54:15.316 [ForkJoinPool-1-worker-7] INFO  com.intuit.karate - [print]
10:54:15.321 [pool-1-thread-4] INFO  com.intuit.karate - << lock released, cached callonce: read('def/getdataset.template.feature')
10:54:15.331 [ForkJoinPool-1-worker-7] INFO  com.intuit.karate - [print] testing xlinkurl:http://creativecommons.org/publicdomain/zero/1.0/deed.nl
10:54:15.349 [pool-1-thread-4] INFO  com.intuit.karate - [print] {
  "responseTime": 431,
  "callheaderresult": {
    "__arg": null,
    "line": "\"datasetIdentifierCode\",\"title\",\"organisationName\",\"email\",",
    "env": "dev",
    "myVarName": "someValue",
    "knownlinks": [
      "http://creativecommons.org/licenses/by/3.0/deed.nl",
      "http://creativecommons.org/licenses/by/3.0/nl/",
      "http://creativecommons.org/licenses/by/4.0/deed.nl",
      "http://creativecommons.org/publicdomain/mark/1.0/deed.nl",
      "http://creativecommons.org/publicdomain/zero/1.0/deed.nl",
      "http://data.europa.eu/eli/reg/2010/1089",
      "http://inspire.ec.europa.eu/applicationschema",
      "http://inspire.ec.europa.eu/applicationschema/of",
      "http://inspire.ec.europa.eu/id/document/tg/am",
      "http://inspire.ec.europa.eu/id/document/tg/au",
      "http://inspire.ec.europa.eu/id/document/tg/ef",
      "http://inspire.ec.europa.eu/id/document/tg/el",
      "http://inspire.ec.europa.eu/id/document/tg/hh",
      "http://inspire.ec.europa.eu/id/document/tg/hy",
      "http://inspire.ec.europa.eu/id/document/tg/nz",
      "http://inspire.ec.europa.eu/id/document/tg/of",
      "http://inspire.ec.europa.eu/id/document/tg/pf",
      "http://inspire.ec.europa.eu/id/document/tg/ps",
      "http://inspire.ec.europa.eu/id/document/tg/tn",
      "http://inspire.ec.europa.eu/id/document/tg/us",
      "http://inspire.ec.europa.eu/media-types/application/x-shapefile",
      "http://inspire.ec.europa.eu/metadata-codelist/ConditionsApplyingToAccessAndUse/noConditionsApply",
      "http://inspire.ec.europa.eu/metadata-codelist/LimitationsOnPublicAccess/INSPIRE_Directive_Article13_1f",
      "http://inspire.ec.europa.eu/metadata-codelist/LimitationsOnPublicAccess/noLimitations",
      "http://inspire.ec.europa.eu/metadata-codelist/OnLineDescriptionCode/accessPoint",
      "http://inspire.ec.europa.eu/metadata-codelist/OnLineDescriptionCode/endPoint",
      "http://inspire.ec.europa.eu/metadata-codelist/PriorityDataset",
      "http://inspire.ec.europa.eu/metadata-codelist/PriorityDataset#",
      "http://inspire.ec.europa.eu/metadata-codelist/PriorityDataset/ActualPollutantReleases-reg-2006-166",
      "http://inspire.ec.europa.eu/metadata-codelist/PriorityDataset/Agglomerations-dir-1991-271",
      "http://inspire.ec.europa.eu/metadata-codelist/PriorityDataset/BirdSpeciesDistribution-dir-2009-147",
      "http://inspire.ec.europa.eu/metadata-codelist/PriorityDataset/BirdsRange-dir-2009-147",
      "http://inspire.ec.europa.eu/metadata-codelist/PriorityDataset/CoastalWaters-dir-2000-60",
      "http://inspire.ec.europa.eu/metadata-codelist/PriorityDataset/DischargePointsToReceivingWaters-dir-1991-271",
      "http://inspire.ec.europa.eu/metadata-codelist/PriorityDataset/DrinkingWaterAbstractionPoints-dir-1998-83",
      "http://inspire.ec.europa.eu/metadata-codelist/PriorityDataset/EstablishmentsInvolvingDangerousSubstances-dir-2012-18",
      "http://inspire.ec.europa.eu/metadata-codelist/PriorityDataset/FloodedAreas-dir-2007-60",
      "http://inspire.ec.europa.eu/metadata-codelist/PriorityDataset/FloodRiskZones-dir-2007-60",
      "http://inspire.ec.europa.eu/metadata-codelist/PriorityDataset/HabitatTypesDistribution-dir-1992-43",
      "http://inspire.ec.europa.eu/metadata-codelist/PriorityDataset/HabitatTypesRange-dir-1992-43",
      "http://inspire.ec.europa.eu/metadata-codelist/PriorityDataset/IndustrialSites-EURegistry-reg-2006-166",
      "http://inspire.ec.europa.eu/metadata-codelist/PriorityDataset/InvasiveAlienSpeciesDistribution-reg-2014-1143",
      "http://inspire.ec.europa.eu/metadata-codelist/PriorityDataset/Lakes-dir-2000-60",
      "http://inspire.ec.europa.eu/metadata-codelist/PriorityDataset/MajorAirportsNoiseExposureDelineationDEN-dir-2002-49",
      "http://inspire.ec.europa.eu/metadata-codelist/PriorityDataset/MajorAirportsNoiseExposureDelineationNight-dir-2002-49",
      "http://inspire.ec.europa.eu/metadata-codelist/PriorityDataset/MajorRailwaysNoiseExposureDelineationDEN-dir-2002-49",
      "http://inspire.ec.europa.eu/metadata-codelist/PriorityDataset/MajorRailwaysNoiseExposureDelineationNight-dir-2002-49",
      "http://inspire.ec.europa.eu/metadata-codelist/PriorityDataset/MajorRoadsNoiseExposureDelineation-dir-2002-49",
      "http://inspire.ec.europa.eu/metadata-codelist/PriorityDataset/MajorRoadsNoiseExposureDelineationDEN-dir-2002-49",
      "http://inspire.ec.europa.eu/metadata-codelist/PriorityDataset/ManagementUnits-dir-2007-60",
      "http://inspire.ec.europa.eu/metadata-codelist/PriorityDataset/MarineAssessmentUnits-dir-2008-56",
      "http://inspire.ec.europa.eu/metadata-codelist/PriorityDataset/MonitoringStations-dir-2000-60",
      "http://inspire.ec.europa.eu/metadata-codelist/PriorityDataset/MonitoringStations-dir-2008-56",
      "http://inspire.ec.europa.eu/metadata-codelist/PriorityDataset/MSFDReportingUnits-dir-2008-56",
      "http://inspire.ec.europa.eu/metadata-codelist/PriorityDataset/NationallyDesignatedAreasCDDA",
      "http://inspire.ec.europa.eu/metadata-codelist/PriorityDataset/Natura2000Sites-dir-1992-43",
      "http://inspire.ec.europa.eu/metadata-codelist/PriorityDataset/Natura2000Sites-dir-2009-147",
      "http://inspire.ec.europa.eu/metadata-codelist/PriorityDataset/RiverBasinDistricts-dir-2000-60",
      "http://inspire.ec.europa.eu/metadata-codelist/PriorityDataset/RiverBasinDistrictsSubUnits-dir-2000-60",
      "http://inspire.ec.europa.eu/metadata-codelist/PriorityDataset/Rivers-dir-2000-60",
      "http://inspire.ec.europa.eu/metadata-codelist/PriorityDataset/SpeciesDistribution-dir-1992-43",
      "http://inspire.ec.europa.eu/metadata-codelist/PriorityDataset/SpeciesRange-dir-1992-43",
      "http://inspire.ec.europa.eu/metadata-codelist/PriorityDataset/SurfaceWaterBodies-dir-2000-60",
      "http://inspire.ec.europa.eu/metadata-codelist/PriorityDataset/TransitionalWaters-dir-2000-60",
      "http://inspire.ec.europa.eu/metadata-codelist/PriorityDataset/UrbanWasteWaterTreatmentPlants-dir-1991-271",
      "http://inspire.ec.europa.eu/metadata-codelist/SpatialDataServiceType/download",
      "http://inspire.ec.europa.eu/metadata-codelist/SpatialDataServiceType/http://inspire.ec.europa.eu/metadata-codelist/SpatialDataServiceType/download",
      "http://inspire.ec.europa.eu/metadata-codelist/SpatialDataServiceType/other",
      "http://inspire.ec.europa.eu/metadata-codelist/SpatialDataServiceType/view",
      "http://inspire.ec.europa.eu/metadata-codelist/SpatialScope",
      "http://inspire.ec.europa.eu/metadata-codelist/SpatialScope/european",
      "http://inspire.ec.europa.eu/metadata-codelist/SpatialScope/national",
      "http://inspire.ec.europa.eu/schemas/am/4.0/AreaManagementRestrictionRegulationZone.xsd",
      "http://inspire.ec.europa.eu/schemas/ef/4.0/EnvironmentalMonitoringFacilities.xsd",
      "http://inspire.ec.europa.eu/schemas/el-bas/4.0/ElevationBaseTypes.xsd",
      "http://inspire.ec.europa.eu/schemas/hh/4.0/HumanHealth.xsd",
      "http://inspire.ec.europa.eu/schemas/hy-n/4.0/HydroNetwork.xsd",
      "http://inspire.ec.europa.eu/schemas/hy/4.0/HydroBase.xsd",
      "http://inspire.ec.europa.eu/schemas/mu/3.0/MaritimeUnits.xsd",
      "http://inspire.ec.europa.eu/schemas/nz-core/4.0/NaturalRiskZonesCore.xsd",
      "http://inspire.ec.europa.eu/schemas/nz/0.0/NaturalRiskZones.xsd",
      "http://inspire.ec.europa.eu/schemas/of/4.0/OceanFeatures.xsd",
      "http://inspire.ec.europa.eu/schemas/pf/4.0/ProductionAndIndustrialFacilities.xsd",
      "http://inspire.ec.europa.eu/schemas/ps/4.0/ProtectedSites.xsd",
      "http://inspire.ec.europa.eu/schemas/tn-ro/4.0/RoadTransportNetwork.xsd",
      "http://inspire.ec.europa.eu/schemas/tn-w/4.0/WaterTransportNetwork.xsd",
      "http://inspire.ec.europa.eu/schemas/tn/4.0/CommonTransportElements.xsd",
      "http://inspire.ec.europa.eu/schemas/us-govserv/4.0/GovernmentalServices.xsd",
      "http://inspire.ec.europa.eu/theme#",
      "http://standaarden.overheid.nl/owms/terms/Ministerie_van_Economische_Zaken",
      "http://standaarden.overheid.nl/owms/terms/Ministerie_van_Landbouw,_Natuur_en_Voedselkwaliteit",
      "http://standaarden.overheid.nl/owms/terms/Rijksinstituut_voor_Volksgezondheid_en_Milieu",
      "http://standaarden.overheid.nl/owms/terms/RVO",
      "http://www.eionet.europa.eu/gemet/inspire_themes",
      "http://www.eionet.europa.eu/gemet/nl/inspire-theme/ac",
      "http://www.eionet.europa.eu/gemet/nl/inspire-theme/ad",
      "http://www.eionet.europa.eu/gemet/nl/inspire-theme/af",
      "http://www.eionet.europa.eu/gemet/nl/inspire-theme/am",
      "http://www.eionet.europa.eu/gemet/nl/inspire-theme/au",
      "http://www.eionet.europa.eu/gemet/nl/inspire-theme/bu",
      "http://www.eionet.europa.eu/gemet/nl/inspire-theme/cp",
      "http://www.eionet.europa.eu/gemet/nl/inspire-theme/ef",
      "http://www.eionet.europa.eu/gemet/nl/inspire-theme/er",
      "http://www.eionet.europa.eu/gemet/nl/inspire-theme/ge",
      "http://www.eionet.europa.eu/gemet/nl/inspire-theme/gn",
      "http://www.eionet.europa.eu/gemet/nl/inspire-theme/hb",
      "http://www.eionet.europa.eu/gemet/nl/inspire-theme/hh",
      "http://www.eionet.europa.eu/gemet/nl/inspire-theme/hy",
      "http://www.eionet.europa.eu/gemet/nl/inspire-theme/lc",
      "http://www.eionet.europa.eu/gemet/nl/inspire-theme/lu",
      "http://www.eionet.europa.eu/gemet/nl/inspire-theme/mf",
      "http://www.eionet.europa.eu/gemet/nl/inspire-theme/nz",
      "http://www.eionet.europa.eu/gemet/nl/inspire-theme/of",
      "http://www.eionet.europa.eu/gemet/nl/inspire-theme/oi",
      "http://www.eionet.europa.eu/gemet/nl/inspire-theme/pd",
      "http://www.eionet.europa.eu/gemet/nl/inspire-theme/pf",
      "http://www.eionet.europa.eu/gemet/nl/inspire-theme/ps",
      "http://www.eionet.europa.eu/gemet/nl/inspire-theme/rs",
      "http://www.eionet.europa.eu/gemet/nl/inspire-theme/sd",
      "http://www.eionet.europa.eu/gemet/nl/inspire-theme/so",
      "http://www.eionet.europa.eu/gemet/nl/inspire-theme/sr",
      "http://www.eionet.europa.eu/gemet/nl/inspire-theme/su",
      "http://www.eionet.europa.eu/gemet/nl/inspire-theme/tn",
      "http://www.eionet.europa.eu/gemet/nl/inspire-theme/us",
      "http://www.iana.org/assignments/media-types/application/gml+xml",
      "https://www.iana.org/assignments/media-types/application/geopackage+sqlite3",
      "https://www.iana.org/assignments/media-types/application/gml+xml",
      "https://www.iana.org/assignments/media-types/application/xml",
      "http://www.opengeospatial.org/standards/sos",
      "http://www.opengeospatial.org/standards/wcs",
      "http://www.opengeospatial.org/standards/wfs",
      "http://www.opengeospatial.org/standards/wms",
      "http://www.opengeospatial.org/standards/wmts",
      "http://www.opengis.net/def/crs/EPSG/0/3034",
      "http://www.opengis.net/def/crs/EPSG/0/3035",
      "http://www.opengis.net/def/crs/EPSG/0/3857",
      "http://www.opengis.net/def/crs/EPSG/0/4258",
      "http://www.opengis.net/def/crs/EPSG/0/4326",
      "http://www.opengis.net/def/crs/EPSG/0/5709",
      "http://www.opengis.net/def/crs/EPSG/0/5730",
      "http://www.opengis.net/def/crs/EPSG/0/5861",
      "http://www.opengis.net/def/crs/EPSG/0/23031",
      "http://www.opengis.net/def/crs/EPSG/0/25831",
      "http://www.opengis.net/def/crs/EPSG/0/25832",
      "http://www.opengis.net/def/crs/EPSG/0/28992",
      "http://www.opengis.net/def/crs/EPSG/0/EPSG:4326",
      "http://www.opengis.net/def/crs/EPSG/0/EPSG:28992",
      "http://www.opengis.net/def/crs/EPSG/0/epsg:28992",
      "http://www.opengis.net/def/serviceType/ogc/wcs",
      "http://www.opengis.net/def/serviceType/ogc/wfs",
      "http://www.opengis.net/def/serviceType/ogc/wms",
      "http://www.opengis.net/def/serviceType/ogc/wmts",
      "http://www.wur.nl/nl/Expertises-Dienstverlening/Onderzoeksinstituten/Environmental-Research.htm",
      "https://ec.europa.eu/eurostat/web/health/data/database",
      "https://geodata.cbs.nl/files/INSPIRE",
      "https://geodata.nationaalgeoregister.nl/elu/atom/elu.xml",
      "https://inspire.ec.europa.eu/id/document/tg/au",
      "https://inspire.ec.europa.eu/id/document/tg/of",
      "https://inspire.ec.europa.eu/id/document/tg/ps",
      "https://inspire.ec.europa.eu/schemas/ps/4.0/ProtectedSites.xsd",
      "https://ngr.geocat.live/geonetwork/srv/eng/thesaurus.download?ref=external.theme.httpinspireeceuropaeumetadatacodelistSpatialScope-SpatialScope",
      "https://tools.ietf.org/html/rfc4287",
      "https://tools.ietf.org/html/rfc5023",
      "https://www.cbs.nl/-/media/cbs/dossiers/nederland%20regionaal/wijk-en-buurtstatistieken/shape%202017%20versie%2020.zip",
      "https://www.cbs.nl/nl-nl/dossier/nederland-regionaal/geografische-data/wijk-en-buurtkaart-2016",
      "https://www.cbs.nl/nl-nl/dossier/nederland-regionaal/geografische-data/wijk-en-buurtkaart-2018",
      "https://www.cbs.nl/nl-nl/dossier/nederland-regionaal/geografische-data/wijk-en-buurtkaart-2019",
      "https://www.iana.org/assignments/media-types/application/gml+xml",
      "https://www.iana.org/assignments/media-types/application/zip",
      "https://www.iana.org/assignments/media-types/image/png",
      "https://www.nationaalgeoregister.nl",
      "https://www.nationaalgeoregister.nl/geonetwork/srv/eng/thesaurus.download?ref=external.theme.httpinspireeceuropaeumetadatacodelistPriorityDataset-PriorityDataset",
      "https://www.nationaalgeoregister.nl/geonetwork/srv/eng/thesaurus.download?ref=external.theme.httpinspireeceuropaeumetadatacodelistSpatialScope-SpatialScope",
      "https://www.nationaalgeoregister.nl/geonetwork/srv/eng/thesaurus.download?ref=external.theme.httpinspireeceuropaeutheme-theme",
      "https://www.nationaalgeoregister.nl:443/geonetwork/srv/eng/thesaurus.download?ref=external.theme.httpinspireeceuropaeuapplicationschema-applicationschema",
      "https://www.nationaalgeoregister.nl:443/geonetwork/srv/eng/thesaurus.download?ref=external.theme.httpinspireeceuropaeumetadatacodelistPriorityDataset-PriorityDataset",
      "https://www.nationaalgeoregister.nl:443/geonetwork/srv/eng/thesaurus.download?ref=external.theme.httpinspireeceuropaeumetadatacodelistSpatialScope-SpatialScope",
      "https://www.nationaalgeoregister.nl:443/geonetwork/srv/eng/thesaurus.download?ref=external.theme.httpinspireeceuropaeutheme-theme"
    ],
    "__loop": -1,
    "mystorage": StaticClass[storage.DataStorage],
    "db": storage.DataStorage@20420ee7
  },
  "env": "dev",
  "knownlinks": "#ref:net.minidev.json.JSONArray",
  "responseStatus": 200,
  "__loop": -1,
  "__arg": null,
  "responseType": "string",
  "responseHeaders": {
    "Connection": [
      "keep-alive"
    ],
    "Server": [
      "GitHub.com"
    ],
    "Content-Type": [
      "text/csv; charset=utf-8"
    ],
    "Strict-Transport-Security": [
      "max-age=31556952"
    ],
    "Last-Modified": [
      "Mon, 21 Sep 2020 04:27:48 GMT"
    ],
    "ETag": [
      "W/\"5f682bc4-c537\""
    ],
    "Access-Control-Allow-Origin": [
      "*"
    ],
    "Expires": [
      "Mon, 21 Sep 2020 11:04:15 GMT"
    ],
    "Cache-Control": [
      "max-age=600"
    ],
    "X-Proxy-Cache": [
      "MISS"
    ],
    "X-GitHub-Request-Id": [
      "E3FE:80FB:40358D:49189C:5F688655"
    ],
    "Accept-Ranges": [
      "bytes"
    ],
    "Date": [
      "Mon, 21 Sep 2020 10:54:15 GMT"
    ],
    "Via": [
      "1.1 varnish"
    ],
    "Age": [
      "0"
    ],
    "X-Served-By": [
      "cache-bwi5032-BWI"
    ],
    "X-Cache": [
      "MISS"
    ],
    "X-Cache-Hits": [
      "0"
    ],
    "X-Timer": [
      "S1600685655.199148,VS0,VE84"
    ],
    "Vary": [
      "Accept-Encoding"
    ],
    "X-Fastly-Request-ID": [
      "c7b69c7cf69e6d7082b03c1eb1e74c99c8c2d07d"
    ]
  },
  "response": "\"datasetIdentifierCode\",\"title\",\"organisationName\",\"email\",\n\"f99e915a-75e5-4c36-97f2-61eff692d85b\",\"Grondwateronderzoek onder INSPIRE\",\"[TNO Geologische Dienst Nederland, TNO Geologische Dienst Nederland, TNO Geologische Dienst Nederland]\",\"[info@dinoloket.nl, info@dinoloket.nl, info@dinoloket.nl]\",\n\"247a1d15-0a67-40ce-85be-1403c08f15a8\",\"Nationale Parken (INSPIRE Geharmoniseerd)\",\"no organisationName found in dataset record\",\"[geodatabeheer.giscc@rvo.nl, geodatabeheer.giscc@rvo.nl, info@minlnv.nl, , , ]\",\n\"81ff84ec-42a4-4481-840b-12713bbb5d38\",\"Geografische Namen\",\"[Kadaster, Kadaster, Kadaster]\",\"[PPB-GVA@kadaster.nl, kcc@kadaster.nl, kcc@kadaster.nl]\",\n\"f2f86edf-ac3a-48e8-9292-0544da2d7645\",\"Emissies naar het riool in 2015 vanuit de industrie\",\"no organisationName found in dataset record\",\"[emissieregistratie@rivm.nl, , emissieregistratie@rivm.nl]\",\n\"be6551de-a709-4c6d-a5e2-f63f0cf038ba\",\"Amplitude van het getij op de Noordzee\",\"[Ministerie van Defensie, Koninklijke Marine, Dienst der Hydrografie, Ministerie van Defensie, Koninklijke Marine, Dienst der Hydrografie, Ministerie van Defensie, Koninklijke Marine, Dienst der Hydrografie]\",\"[data@hydro.nl, data@hydro.nl, data@hydro.nl, ]\",\n\"b4ae622c-6201-49d8-bd2e-f7fce9206a1e\",\"Gebouwen (INSPIRE geharmoniseerd)\",\"[Kadaster, Kadaster]\",\"[PPB-GVA@kadaster.nl, kcc@kadaster.nl]\",\n\"74aca3eb-c38b-4214-9537-e0abc69e11b5\",\"Luchtfoto 2017 25cm RGB open data\",\"[Kadaster, Het Waterschapshuis, Kadaster, Eurosense, Eurosense, Eurosense, Kadaster, Kadaster]\",\"[PPB-GVA@kadaster.nl, info@hetwaterschapshuis.nl, kcc@kadaster.nl, , , , , , ]\",\n\"ed960299-a147-4c1a-bc57-41ff83a2264f\",\"Bodemkaart50000_versie2014\",\"[Wageningen Environmental Research, Wageningen Environmental Research (Alterra), Wageningen Environmental Research, Wageningen Environmental Research (Alterra), ALTERRA en voorafgaande instituten, ALTERRA en voorafgaande instituten, Alterra, Alterra, Alterra Wageningen UR, Alterra]\",\"[fokke.brouwer@wur.nl, GeoDesk@wur.nl, fokke.brouwer@wur.nl, GeoDesk@wur.nl]\",\n\"fe0e1e5f-512f-4bb1-bbf8-4028d3dfa24f\",\"Schelpdierpercelen\",\"[Ministerie van Economische Zaken - GIS Competence Center, PDOK]\",\"[geodatabeheer.giscc@rvo.nl, geodatabeheer.giscc@rvo.nl, BeheerPDOK@kadaster.nl]\",\n\"1c3afc74-cc34-44b7-938a-963e2350795a\",\"Hydrografie - Physical Waters (INSPIRE geharmoniseerd)\",\"[Kadaster, Kadaster]\",\"[PPB-GVA@kadaster.nl, kcc@kadaster.nl]\",\n\"4b282988-cb91-4bbc-b147-f653014917cb\",\"Hydrografie\",\"[Kadaster, Kadaster, Kadaster]\",\"[PPB-GVA@kadaster.nl, kcc@kadaster.nl, kcc@kadaster.nl]\",\n\"50a2c5e6-c8e7-425d-854e-26f578196bc9\",\"Afgevoerde hoeveelheid afval in 2011 vanuit de industrie\",\"no organisationName found in dataset record\",\"[emissieregistratie@rivm.nl, , emissieregistratie@rivm.nl]\",\n\"6c06740d-058f-4a12-bb3f-bf68efd03d09\",\"Vervoersnetwerken - Kabelbanen (INSPIRE geharmoniseerd)\",\"[Kadaster, Kadaster]\",\"[PPB-GVA@kadaster.nl, kcc@kadaster.nl]\",\n\"8a4f5c3b-aced-48fd-afb5-f1f1d0ef21d6\",\"Omgevingsdosisequivalenttempo Nationaal Meetnet Radioactiviteit 2011\",\"no organisationName found in dataset record\",\"[geodata@rivm.nl, , geodata@rivm.nl]\",\n\"19165027-a13a-4c19-9013-ec1fd191019d\",\"Wetlands (RAMSAR) (INSPIRE Geharmoniseerd)\",\"[, ]\",\"[geodatabeheer.giscc@rvo.nl, geodatabeheer.giscc@rvo.nl, geodatabeheer.giscc@rvo.nl, GeoDesk.CGI@wur.nl, beheer@pdok.nl, , ]\",\n\"fe45c540-e37d-11e4-b571-0800200c9a66\",\"Zwemwaterlocaties en zwemwaterkwaliteit - monsterpunten\",\"[Interprovinciaal Overleg, Interprovinciaal Overleg, Interprovinciaal Overleg, Interprovinciaal Overleg, Interprovinciaal Overleg]\",\"[inspire@gbo-provincies.nl, inspire@gbo-provincies.nl, inspire@gbo-provincies.nl]\",\n\"c3c004ad-5387-4b00-a225-9afbcaa5d31b\",\"Geluidkaart hoofdspoornet 2016 (Lden)\",\"[Ministerie van IenW, Ministerie van IenW]\",\"[sylvia.koolmees@minienw.nl, sylvia.koolmees@minienw.nl]\",\n\"1be28290-55fa-4486-b9d3-b9d147117863\",\"Luchtfoto 2016 25cm CIR open data\",\"[Kadaster, Het Waterschapshuis, Kadaster, Eurosense, Eurosense, Eurosense, Kadaster, Kadaster]\",\"[PPB-GVA@kadaster.nl, info@hetwaterschapshuis.nl, kcc@kadaster.nl, , , , , , ]\",\n\"31de946d-85d4-4c93-bb97-e25f4ef1401a\",\"Vervoersnetwerken - Luchttransport (INSPIRE geharmoniseerd)\",\"[Kadaster, Kadaster]\",\"[PPB-GVA@kadaster.nl, kcc@kadaster.nl]\",\n\"b61a773c-ecad-4e60-93e9-0a4caac0b52f\",\"Olie- en gasvelden onder INSPIRE\",\"[TNO Geologische Dienst Nederland, TNO Geologische Dienst Nederland, TNO Geologische Dienst Nederland]\",\"[info@dinoloket.nl, info@dinoloket.nl, info@dinoloket.nl]\",\n\"8f45b8ef-0ce8-463a-9059-5efdcecb785c\",\"Vervoersnetwerken - Wegen (INSPIRE geharmoniseerd)\",\"[Kadaster, Kadaster]\",\"[PPB-GVA@kadaster.nl, kcc@kadaster.nl]\",\n\"b3ec8793-7747-4da0-b6c3-aa384446a586\",\"Gemeten Fijn stof concentraties in buitenlucht.\",\"no organisationName found in dataset record\",\"[geodata@rivm.nl, geodata@rivm.nl]\",\n\"733559a5-201d-40e5-ad43-d1c7bae84d9f\",\"Gemeten Stikstofdioxide concentraties in buitenlucht.\",\"RIVM\",\"[geodata@rivm.nl, geodata@rivm.nl]\",\n\"493ab81b-75f8-4205-b030-6b2fd9eb4295\",\"INSPIRE geharmoniseerde Beschermde Gebieden - Cultuur Historie\",\"[Rijksdienst voor het Cultureel Erfgoed, Rijksdienst voor het Cultureel Erfgoed, Rijksdienst voor het Cultureel Erfgoed]\",\"[info@cultureelerfgoed.nl, info@cultureelerfgoed.nl, info@cultureelerfgoed.nl]\",\n\"e80ad426-1392-4349-9f80-14dae5f1bf57\",\"Kadastrale Percelen (INSPIRE geharmoniseerd)\",\"[Kadaster, Kadaster]\",\"[PPB-GVA@kadaster.nl, kcc@kadaster.nl, , ]\",\n\"e1e99000-ec47-4e9f-84a5-adad24fef0dc\",\"Natuurlijke alfa activiteitsconcentratie in lucht Nationaal Meetnet Radioactiviteit 2011\",\"no organisationName found in dataset record\",\"[geodata@rivm.nl, , geodata@rivm.nl]\",\n\"f273941e-9c3b-43bc-b886-2d50d0bf9348\",\"Habitatrichtlijn verspreidingsgebied van soorten\",\"[Ministerie van Economische Zaken - GIS Competence Center, Wageningen Environmental Research (Alterra), PDOK, CBS, Natuurloket, pgo's]\",\"[geodatabeheer.giscc@rvo.nl, GeoDesk.CGI@wur.nl, geodatabeheer.giscc@rvo.nl, beheerPDOK@kadaster.nl, , , ]\",\n\"76541ebb-a554-4540-a017-399d4bb4a860\",\"Population Distribution NL\",\"[Statistics Netherlands, Statistics Netherlands, Statistics Netherlandds, Statistics Netherlands]\",\"[infoservice@cbs.nl, infoservice@cbs.nl, infoservice@cbs.nl, , ]\",\n\"34e95842-4e4e-46de-9198-79e8cd4d30dc\",\"Geografische Namen (Nat) - Nederland\",\"[Ministerie van Defensie, Koninklijke Marine, Dienst der Hydrografie, Ministerie van Defensie, Koninklijke Marine, Dienst der Hydrografie, Ministerie van Defensie, Koninklijke Marine, Dienst der Hydrografie]\",\"[data@hydro.nl, data@hydro.nl, data@hydro.nl, , ]\",\n\"5a1adb58-0bbe-425d-b0fe-577a6c0a4228\",\"Actueel Hoogtebestand Nederland 1 (AHN1)\",\"[Rijkswaterstaat, stuurgroep AHN, , Rijkswaterstaat, Rijkswaterstaat]\",\"[servicedesk-data@rijkswaterstaat.nl, servicedesk-data@rijkswaterstaat.nl, , servicedesk-data@rijkswaterstaat.nl, servicedesk-data@rijkswaterstaat.nl]\",\n\"7939fd42-cf88-42c5-ab3b-232cf232a3ac\",\"Actueel Hoogtebestand Nederland 2 (AHN2)\",\"[Rijkswaterstaat, stuurgroep AHN, , Rijkswaterstaat, Rijkswaterstaat]\",\"[servicedesk-data@rijkswaterstaat.nl, servicedesk-data@rijkswaterstaat.nl, , servicedesk-data@rijkswaterstaat.nl, servicedesk-data@rijkswaterstaat.nl]\",\n\"9b583730-e750-485a-9c0c-39bf9be72cf9\",\"Geluidbelasting rijkswegen in Nederland 2006 (24-uurs gemiddelde)\",\"[Rijkswaterstaat, Rijkswaterstaat, , Rijkswaterstaat, Rijkswaterstaat]\",\"[servicedesk-data@rijkswaterstaat.nl, servicedesk-data@rijkswaterstaat.nl, , servicedesk-data@rijkswaterstaat.nl, servicedesk-data@rijkswaterstaat.nl]\",\n\"8de2f5eb-b09f-4f6d-8397-8878a1b86238\",\"Geluidbelasting rijkswegen in Nederland 2011 (24-uurs gemiddelde)\",\"[Rijkswaterstaat, Rijkswaterstaat, , Rijkswaterstaat, Rijkswaterstaat]\",\"[servicedesk-data@rijkswaterstaat.nl, servicedesk-data@rijkswaterstaat.nl, , servicedesk-data@rijkswaterstaat.nl, servicedesk-data@rijkswaterstaat.nl]\",\n\"eu-f297898-2640-44c2-bbe9-c0480da83794\",\"Hydrografie - Netwerk (INSPIRE geharmoniseerd) - WT\",\"[Rijkswaterstaat, Rijkswaterstaat, , Rijkswaterstaat, Wetransform]\",\"[servicedesk-data@rijkswaterstaat.nl, servicedesk-data@rijkswaterstaat.nl, , servicedesk-data@rijkswaterstaat.nl, info@wetransform.to]\",\n\"4783ea4f-6b8c-4600-8af0-516f3556cfe9\",\"Kaderrichtlijn Water - Register Beschermd Gebied - Schelpdierwater 2008\",\"[Rijkswaterstaat, Rijkswaterstaat, , Rijkswaterstaat, Rijkswaterstaat]\",\"[servicedesk-data@rijkswaterstaat.nl, servicedesk-data@rijkswaterstaat.nl, , servicedesk-data@rijkswaterstaat.nl, servicedesk-data@rijkswaterstaat.nl]\",\n\"5800f3b0-2ea2-4231-8165-216a7b26867f\",\"Gemeten Koolstofmonoxide concentraties in buitenlucht.\",\"RIVM\",\"[geodata@rivm.nl, geodata@rivm.nl]\",\n\"50eef6be-619d-4e16-9b92-48971109b636\",\"Geluidbelasting rijkswegen in Nederland 2011 (nacht gemiddelde)\",\"[Rijkswaterstaat, Rijkswaterstaat, , Rijkswaterstaat, Rijkswaterstaat]\",\"[servicedesk-data@rijkswaterstaat.nl, servicedesk-data@rijkswaterstaat.nl, , servicedesk-data@rijkswaterstaat.nl, servicedesk-data@rijkswaterstaat.nl]\",\n\"9b583730-e750-485a-9c0c-39bf9be72cf8\",\"Geluidbelasting rijkswegen in Nederland 2016 (24-uurs gemiddelde)\",\"[Rijkswaterstaat, Rijkswaterstaat, , Rijkswaterstaat, Rijkswaterstaat]\",\"[servicedesk-data@rijkswaterstaat.nl, servicedesk-data@rijkswaterstaat.nl, , servicedesk-data@rijkswaterstaat.nl, servicedesk-data@rijkswaterstaat.nl]\",\n\"cf69ec50-9849-4afd-853c-ee56211d336d\",\"Waterstanden en afvoeren actueel - Rijkswaterstaat\",\"[Rijkswaterstaat, Rijkswaterstaat, , Rijkswaterstaat, Rijkswaterstaat]\",\"[servicedesk-data@rijkswaterstaat.nl, servicedesk-data@rijkswaterstaat.nl, , servicedesk-data@rijkswaterstaat.nl, servicedesk-data@rijkswaterstaat.nl]\",\n\"f44dac86-2228-412f-8355-e56446ca9933\",\"Gebieden in de Eemsmonding en de Dollard\",\"[Ministerie van Defensie, Koninklijke Marine, Dienst der Hydrografie, Ministerie van Defensie, Koninklijke Marine, Dienst der Hydrografie]\",\"[data@hydro.nl, data@hydro.nl, data@hydro.nl]\",\n\"68ebd5c9-0ea1-4f22-9907-ec4c063cd3e2\",\"Landelijk zoet en zoutwatermeetnet - Rijkswaterstaat\",\"[Rijkswaterstaat, Rijkswaterstaat, , Rijkswaterstaat, Rijkswaterstaat]\",\"[servicedesk-data@rijkswaterstaat.nl, servicedesk-data@rijkswaterstaat.nl, , servicedesk-data@rijkswaterstaat.nl, servicedesk-data@rijkswaterstaat.nl]\",\n\"tbjk534p-wubf-crbp-cj25-d4161160gfim\",\"Kaderrichtlijn Mariene Strategie - Bevroren monitoringsdata\",\"[Rijkswaterstaat, Rijkswaterstaat, , Rijkswaterstaat, Rijkswaterstaat]\",\"[servicedesk-data@rijkswaterstaat.nl, servicedesk-data@rijkswaterstaat.nl, , servicedesk-data@rijkswaterstaat.nl, servicedesk-data@rijkswaterstaat.nl]\",\n\"cbeaebc3-815a-48af-a978-0e16892865fc\",\"Vogelrichtlijn verspreidingsgebied van soorten\",\"[Ministerie van Economische Zaken - GIS Competence Center, Wageningen Environmental Research (Alterra), PDOK, Sovon Vogelonderzoek Nederland]\",\"[geodatabeheer.giscc@rvo.nl, GeoDesk.CGI@wur.nl, geodatabeheer.giscc@rvo.nl, beheerPDOK@kadaster.nl, ]\",\n\"fcefa13c-44e2-4953-b6d6-1ddceebc57fc\",\"Vogelrichtlijn verspreiding van soorten\",\"[Ministerie van Economische Zaken - GIS Competence Center, Wageningen Environmental Research (Alterra), PDOK, Sovon Vogelonderzoek Nederland]\",\"[geodatabeheer.giscc@rvo.nl, GeoDesk.CGI@wur.nl, geodatabeheer.giscc@rvo.nl, beheerPDOK@kadaster.nl, ]\",\n\"af135cd8-d429-4fc7-b9e3-09e15217520d\",\"Gemeten fijnere fractie van Fijn stof concentraties in buitenlucht.\",\"no organisationName found in dataset record\",\"[geodata@rivm.nl, geodata@rivm.nl]\",\n\"24de356e-ec4d-4a18-9903-6401d222b77c\",\"Vergunningen Mijnbouwwet onder INSPIRE\",\"[TNO Geologische Dienst Nederland, TNO Geologische Dienst Nederland, TNO Geologische Dienst Nederland]\",\"[info@dinoloket.nl, info@dinoloket.nl, info@dinoloket.nl]\",\n\"a322184d-6285-4856-bb78-f450b30ffc0e\",\"Bathymetrie Nederlands deel van de Noordzee dieper dan 10 m LAT\",\"[Ministerie van Defensie, Koninklijke Marine, Dienst der Hydrografie, Ministerie van Defensie, Koninklijke Marine, Dienst der Hydrografie]\",\"[data@hydro.nl, data@hydro.nl, data@hydro.nl, , ]\",\n\"c2225e5d-b46f-4e38-8445-ab10fd40c0dc\",\"Blokindeling Nederlands Continentaal Plat\",\"[Ministerie van Defensie, Koninklijke Marine, Dienst der Hydrografie, Ministerie van Defensie, Koninklijke Marine, Dienst der Hydrografie, Ministerie van Defensie, Koninklijke Marine, Dienst der Hydrografie]\",\"[data@hydro.nl, data@hydro.nl, data@hydro.nl]\",\n\"be1b1514-8d1f-48e1-9624-fee9b784138b\",\"Vaarwegmarkeringen Nederland\",\"[Rijkswaterstaat, Rijkswaterstaat, , Rijkswaterstaat, Rijkswaterstaat]\",\"[servicedesk-data@rijkswaterstaat.nl, servicedesk-data@rijkswaterstaat.nl, , servicedesk-data@rijkswaterstaat.nl, servicedesk-data@rijkswaterstaat.nl]\",\n\"3e57ce43-7707-43ed-a4b9-72b3a6d812f8\",\"Geluidkaart hoofdspoornet 2011 (Lnight)\",\"[Ministerie van IenW, Ministerie van IenW]\",\"[sylvia.koolmees@minienw.nl, sylvia.koolmees@minienw.nl]\",\n\"58e7dc38-a498-4852-b4ef-908f5baa9056\",\"Begrenzingen van vergunde ontgrondingsgebieden voor zand- en grindwinning\",\"[Interprovinciaal Overleg, Interprovinciaal Overleg, Interprovinciaal Overleg]\",\"[inspire@gbo-provincies.nl, inspire@gbo-provincies.nl, inspire@gbo-provincies.nl]\",\n\"a04afee4-47d5-45b7-b7a0-a6f86106af11\",\"Mosselzaadinvanginstallaties\",\"no organisationName found in dataset record\",\"[geodatabeheer.giscc@rvo.nl, VR@minez.nl, geodatabeheer.giscc@rvo.nl, beheer@pdok.nl]\",\n\"12bb57cd-73e0-41ba-a1e9-6d986b9109d3\",\"Human Health NL NUTS2\",\"[Statistics Netherlands, Statistics Netherlands, Statistics Netherlandds, Statistics Netherlands]\",\"[infoservice@cbs.nl, infoservice@cbs.nl, infoservice@cbs.nl, , ]\",\n\"32a21114-8694-40ce-ab76-9dcd885c7861\",\"Kwaliteit van drinkwater in Nederland (2012)\",\"[RIVM, ]\",\"[geodata@rivm.nl, , geodata@rivm.nl]\",\n\"d845cef6-0e23-4212-a951-b69763e39ef0\",\"Windsnelheden op 100m hoogte (m/s)\",\"no organisationName found in dataset record\",\"[geodatabeheer.giscc@rvo.nl, geodatabeheer.giscc@rvo.nl, ]\",\n\"7f5d7945-8fa8-4d36-be4c-2fdb3c7d613b\",\"Luchtfoto 2018 25cm CIR open data\",\"[Kadaster, Het Waterschapshuis, Kadaster, Eurosense, Eurosense, Eurosense, Kadaster, Kadaster]\",\"[PPB-GVA@kadaster.nl, info@hetwaterschapshuis.nl, kcc@kadaster.nl, , , , , , ]\",\n\"844404a2-9cd0-452e-b29a-74588777485a\",\"Geluidkaart hoofdspoornet 2011 (Lden)\",\"[Ministerie van IenW, Ministerie van IenW]\",\"[sylvia.koolmees@minienw.nl, sylvia.koolmees@minienw.nl]\",\n\"3a72b9a4-cda9-11ea-87d0-0242ac130003\",\"Grondwater Monitoring Net\",\"[TNO Geologische Dienst Nederland, TNO Geologische Dienst Nederland, TNO Geologische Dienst Nederland]\",\"[info@bro.nl, Info@bro.nl, info@dinoloket.nl]\",\n\"380aa01e-dce7-11e3-9f07-901b0e19e163\",\"Netwerk van KNMI waarneemstations\",\"[Koninklijk Nederlands Meteorologisch Instituut (KNMI), Koninklijk Nederlands Meteorologisch Instituut (KNMI), Koninklijk Nederlands Meteorologisch Instituut (KNMI)]\",\"[datacentrum@knmi.nl, datacentrum@knmi.nl, datacentrum@knmi.nl]\",\n\"5951efa2-1ff3-4763-a966-a2f5497679ee\",\"Vervoersnetwerken - Waterwegen (INSPIRE geharmoniseerd)\",\"[Kadaster, Kadaster]\",\"[PPB-GVA@kadaster.nl, kcc@kadaster.nl]\",\n\"25294679-adb9-4c39-a93b-6954ff9414ac\",\"Waterstanden en afvoeren verwacht - Rijkswaterstaat\",\"[Rijkswaterstaat, Rijkswaterstaat, , Rijkswaterstaat, Rijkswaterstaat]\",\"[servicedesk-data@rijkswaterstaat.nl, servicedesk-data@rijkswaterstaat.nl, , servicedesk-data@rijkswaterstaat.nl, servicedesk-data@rijkswaterstaat.nl]\",\n\"88f76a94-ee4d-4e0c-9fde-91b692403e39\",\"Natuurbranden\",\"[Interprovinciaal Overleg, Interprovinciaal Overleg, Interprovinciaal Overleg]\",\"[inspire@gbo-provincies.nl, inspire@gbo-provincies.nl, inspire@gbo-provincies.nl]\",\n\"eu-cb527d-f6db-4835-b0cd-deb245241254\",\"Vervoersnetwerken - Wegen (INSPIRE geharmoniseerd) - RWS\",\"[Rijkswaterstaat, Rijkswaterstaat, , Beheer PDOK, Rijkswaterstaat]\",\"[servicedesk-data@rijkswaterstaat.nl, beheerPDOK@kadaster.nl, , beheerPDOK@kadaster.nl, servicedesk-data@rijkswaterstaat.nl]\",\n\"03671a9e-6aaf-464d-be99-9aad25cef9e3\",\"Habitatrichtlijn verspreidingsgebied van habitattypen\",\"[Ministerie van Economische Zaken - GIS Competence Center, , Wageningen Environmental Research (Alterra), PDOK, Alterra]\",\"[geodatabeheer.giscc@rvo.nl, , GeoDesk.CGI@wur.nl, geodatabeheer.giscc@rvo.nl, beheerPDOK@kadaster.nl, ]\",\n\"a7fb2234-f7b4-4a03-b282-f10947f42fb1\",\"Kaart van de bodemopbouw in Nederland 1:50.000 onder INSPIRE\",\"[TNO Geologische Dienst Nederland, Alterra, Wageningen UR, TNO Geologische Dienst Nederland]\",\"[info@dinoloket.nl, geodesk.cgi@wur.nl, info@dinoloket.nl]\",\n\"831f7bd7-c2ae-4336-bd2f-47ab20d7cdb7\",\"Vaarweg Informatie Nederland - bevaarbaarheid (VIN)\",\"[Rijkswaterstaat, Rijkswaterstaat, , Rijkswaterstaat, Rijkswaterstaat]\",\"[servicedesk-data@rijkswaterstaat.nl, servicedesk-data@rijkswaterstaat.nl, , servicedesk-data@rijkswaterstaat.nl, servicedesk-data@rijkswaterstaat.nl]\",\n\"9d9f1738-aced-47c9-aaa0-c62474a2dcfb\",\"Zeegebieden\",\"[Kadaster, Kadaster, Kadaster]\",\"[PPB-GVA@kadaster.nl, kcc@kadaster.nl, kcc@kadaster.nl]\",\n\"a5f961e9-ebdd-41e2-b8e8-ab33ed340a83\",\"Adressen (INSPIRE geharmoniseerd)\",\"[Kadaster, Kadaster]\",\"[PPB-GVA@kadaster.nl, kcc@kadaster.nl]\",\n\"f91c6ad6-62a5-46d0-8a5b-8a62e7a4b833\",\"Gemeten Stikstofmonoxide concentraties in buitenlucht.\",\"no organisationName found in dataset record\",\"[geodata@rivm.nl, geodata@rivm.nl]\",\n\"0d6ccccc-7cfb-4eaa-8dc5-8b433d19b121\",\"Landbouwbedrijven\",\"no organisationName found in dataset record\",\"[geodatabeheer.giscc@rvo.nl, gegevensvragenASB@rvo.nl, gegevensvragenASB@rvo.nl]\",\n\"64c987ec-dce6-11e3-8563-901b0e19e163\",\"Actuele synoptische weerwaarnemingen KNMI Nederland per 10 minuten (24 uur)\",\"[Koninklijk Nederlands Meteorologisch Instituut (KNMI), Koninklijk Nederlands Meteorologisch Instituut (KNMI), Koninklijk Nederlands Meteorologisch Instituut (KNMI)]\",\"[datacentrum@knmi.nl, datacentrum@knmi.nl, datacentrum@knmi.nl]\",\n\"29c17585-e702-463f-a5dc-99d34b17d333\",\"RDinfo\",\"[Kadaster, Dienst van Het Kadaster en Openbare Registers, Dienst voor het Kadaster en de Openbare Registers]\",\"[PPB-GVA@kadaster.nl, kcc@kadaster.nl, rd@kadaster.nl]\",\n\"73ec579e-c906-433a-b0b6-d3aa33421558\",\"Luchtvaartinformatie\",\"[Luchtverkeersleiding Nederland (LVNL), Luchtverkeersleiding Nederland (LVNL)]\",\"[AIS@LVNL.NL, AIS@LVNL.nl]\",\n\"2cc2c30c-91b8-412a-a060-e84d25272581\",\"Zones en agglomeraties (Richtlijn Luchtkwaliteit) 2013\",\"no organisationName found in dataset record\",\"[geodata@rivm.nl, , geodata@rivm.nl]\",\n\"d6b85d84-cdb9-4a6e-b799-cf8826e22a94\",\"Ligging industrie en CO2 emissies\",\"Ministerie van Economische Zaken - GIS Competence Center\",\"[geodatabeheer.giscc@rvo.nl, geodatabeheer.giscc@rvo.nl]\",\n\"791adbe3-772f-42cb-a3be-5a617bcecef0\",\"Zeegebieden (INSPIRE geharmoniseerd)\",\"[Kadaster, Kadaster]\",\"[PPB-GVA@kadaster.nl, kcc@kadaster.nl]\",\n\"500d396f-5ec6-4e4b-a151-5fb3cddd8082\",\"Gemeten Zwaveldioxide concentraties in buitenlucht.\",\"no organisationName found in dataset record\",\"[geodata@rivm.nl, geodata@rivm.nl]\",\n\"14657c9b-91e4-4355-8563-2911ad0e78e4\",\"Vervoersnetwerken - Gemeenschappelijke elementen (INSPIRE geharmoniseerd)\",\"[Kadaster, Kadaster]\",\"[PPB-GVA@kadaster.nl, kcc@kadaster.nl]\",\n\"edf79e6a-d73d-4def-8d22-0f495cc76a73\",\"Bronbestanden waterkwaliteit\",\"[Informatiehuis Water, Informatiehuis Water]\",\"[servicedesk@ihw.nl, servicedesk@ihw.nl]\",\n\"adn73c4a-ef03-4785-b7f6-942e86b385f7\",\"Bathymetrie Nederland - binnenwateren\",\"[Rijkswaterstaat, Rijkswaterstaat, , Rijkswaterstaat, Rijkswaterstaat]\",\"[servicedesk-data@rijkswaterstaat.nl, servicedesk-data@rijkswaterstaat.nl, , servicedesk-data@rijkswaterstaat.nl, servicedesk-data@rijkswaterstaat.nl]\",\n\"6050578f-0010-4bfa-b013-c8617b80ba62\",\"Grondwatersamenstellinggegevens KRW meetronde 2012 onder INSPIRE\",\"[TNO Geologische Dienst Nederland, TNO Geologische Dienst Nederland, TNO Geologische Dienst Nederland]\",\"[info@dinoloket.nl, info@dinoloket.nl, info@dinoloket.nl]\",\n\"b59f06c0-dce5-11e3-9c10-901b0e19e163\",\"Aardbevingen Nederland (KNMI)\",\"[Koninklijk Nederlands Meteorologisch Instituut (KNMI), Koninklijk Nederlands Meteorologisch Instituut (KNMI), Koninklijk Nederlands Meteorologisch Instituut (KNMI)]\",\"[datacentrum@knmi.nl, datacentrum@knmi.nl, datacentrum@knmi.nl]\",\n\"d9baa847-4652-4588-abe1-0b050f40f27f\",\"Ziekenhuizen in Nederland (september 2013)\",\"no organisationName found in dataset record\",\"[atlas@rivm.nl, , geodata@rivm.nl]\",\n\"e3b0da1e-0664-4025-b3f5-a54d74a26450\",\"zoutvelden en zoutproductieputten onder INSPIRE\",\"[TNO Geologische Dienst Nederland, TNO Geologische Dienst Nederland, TNO Geologische Dienst Nederland]\",\"[info@dinoloket.nl, info@dinoloket.nl, info@dinoloket.nl]\",\n\"002d9127-c16d-4b8d-9f5e-102a8c8e36c4\",\"Geluidkaart hoofdspoornet 2016 (Lnight)\",\"[Ministerie van IenW, Ministerie van IenW]\",\"[sylvia.koolmees@minienw.nl, sylvia.koolmees@minienw.nl]\",\n\"9dd9bf30-36e6-45ae-b368-bdef2720bdde\",\"Bodemkundig boormonsterprofiel onder INSPIRE\",\"[TNO Geologische Dienst Nederland, Alterra, Wageningen UR, TNO Geologische Dienst Nederland]\",\"[info@dinoloket.nl, geodesk.cgi@wur.nl, info@dinoloket.nl]\",\n\"1a40eb6f-4f33-4e15-a0b1-2d350ad2636e\",\"Geografische Namen (INSPIRE geharmoniseerd)\",\"[Kadaster, Kadaster]\",\"[PPB-GVA@kadaster.nl, kcc@kadaster.nl]\",\n\"3703b249-a0eb-484e-ba7a-10e31a55bcec\",\"Invasieve Exoten (INSPIRE Geharmoniseerd)\",\"Ministerie van Landbouw, Natuur en Voedselkwaliteit\",\"[geodatabeheer.giscc@rvo.nl, Geodatabeheer.GISCC@rvo.nl]\",\n\"10d1153e-778f-4995-9b6c-7c69b196cccb\",\"Statistical Units Vector\",\"[Statistics Netherlands, Statistics Netherlands, Statistics Netherlandds, Statistics Netherlands]\",\"[infoservice@cbs.nl, infoservice@cbs.nl, infoservice@cbs.nl, , ]\",\n\"5b274449-b6c2-4672-a32f-e0bd40975a53\",\"Luchtfoto 2018 25cm RGB open data\",\"[Kadaster, Het Waterschapshuis, Kadaster, Eurosense, Eurosense, Eurosense, Kadaster, Kadaster]\",\"[PPB-GVA@kadaster.nl, info@hetwaterschapshuis.nl, kcc@kadaster.nl, , , , , , ]\",\n\"c5c4a6d6-b850-473c-8ab5-af9c2c550809\",\"Administratieve Eenheden\",\"[Kadaster, Kadaster en Openbare Registers, Kadaster en de Openbare Registers]\",\"[PPB-GVA@kadaster.nl, kcc@kadaster.nl, kcc@kadaster.nl]\",\n\"29d5310f-dd0d-45ba-abad-b4ffc6b8785f\",\"TOP10NL\",\"[Kadaster, Kadaster, Kadaster, Kadaster, Kadaster, Kadaster, Kadaster, Kadaster, Kadaster]\",\"[PPB-GVA@kadaster.nl, kcc@kadaster.nl, kcc@kadaster.nl, , , , , , ]\",\n\"dc5b522e-3e14-4738-9e8e-2401e1b19ef2\",\"Potentieel koude en warmte uit open en gesloten WKO systemen (GJ/ha.jaar)\",\"[Ministerie van Economische Zaken - GIS Competence Center, Ministerie van Economische Zaken - GIS Competence Center]\",\"[geodatabeheer.giscc@rvo.nl, geodatabeheer.giscc@rvo.nl, geodatabeheer.giscc@rvo.nl]\",\n\"db8d613f-5edc-4467-9cc0-e2dcfb9d64a8\",\"Statistical Units Grid\",\"[Statistics Netherlands, Statistics Netherlands, Statistics Netherlandds, Statistics Netherlands]\",\"[infoservice@cbs.nl, infoservice@cbs.nl, infoservice@cbs.nl, , ]\",\n\"977e0e94-7aa9-4784-b2da-eaec44adb61b\",\"Habitatrichtlijn verspreiding van habitattypen\",\"[Ministerie van Economische Zaken - GIS Competence Center, Wageningen Environmental Research (Alterra), PDOK, Alterra]\",\"[geodatabeheer.giscc@rvo.nl, GeoDesk.CGI@wur.nl, geodatabeheer.giscc@rvo.nl, beheerPDOK@kadaster.nl, ]\",\n\"58d39928-f502-48c9-a8c1-03244dc181bf\",\"Geluidkaart Schiphol 2016 (Lnight)\",\"[Ministerie van IenW, Ministerie van IenW]\",\"[sylvia.koolmees@minienw.nl, sylvia.koolmees@minienw.nl]\",\n\"3a7dd0a6-d130-4c4c-b0ba-24365cf036e2\",\"Vervoersnetwerken - Spoorwegen (INSPIRE geharmoniseerd)\",\"[Kadaster, Kadaster]\",\"[PPB-GVA@kadaster.nl, kcc@kadaster.nl]\",\n\"588a4cb1-b442-4ac1-87e4-40401e353166\",\"Jaarcijfers Landelijk Meetnet Luchtkwaliteit 2012\",\"no organisationName found in dataset record\",\"[geodata@rivm.nl, , geodata@rivm.nl]\",\n\"7c24ea89-074e-4c4f-91e3-d38e813e9cb6\",\"Luchtfoto 2017 25cm CIR open data\",\"[Kadaster, Het Waterschapshuis, Kadaster, Eurosense, Eurosense, Eurosense, Kadaster, Kadaster]\",\"[PPB-GVA@kadaster.nl, info@hetwaterschapshuis.nl, kcc@kadaster.nl, , , , , , ]\",\n\"d8f370e8-123c-4ab3-9410-04f728327ac6\",\"Gemeten Ozon concentraties in buitenlucht.\",\"no organisationName found in dataset record\",\"[geodata@rivm.nl, geodata@rivm.nl]\",\n\"b3f66964-a8c1-456f-9799-9cafca2cb7b1\",\"Monitoring stations (Nitraatrichtlijn) ondiepe filters\",\"no organisationName found in dataset record\",\"[geodata@rivm.nl, , geodata@rivm.nl]\",\n\"c7662717-9e43-4367-a344-723d73abbb3e\",\"-Gegevens boormonsterprofiel onder PDOK\",\"[TNO Geologische Dienst Nederland, TNO Geologische Dienst Nederland]\",\"[info@dinoloket, info@dinoloket.nl]\",\n\"8b0b02a0-1e1b-4cda-bcfe-6fa0f738e38f\",\"Emissies naar het riool in 2011 vanuit de industrie\",\"no organisationName found in dataset record\",\"[emissieregistratie@rivm.nl, , emissieregistratie@rivm.nl]\",\n\"7dd1fd45-ace5-41e0-93a6-64e3be231717\",\"Administratieve Eenheden (INSPIRE geharmoniseerd)\",\"[Kadaster, Kadaster]\",\"[PPB-GVA@kadaster.nl, kcc@kadaster.nl]\",\n\"4617f0e0-6af4-4ac0-9044-31df9d03071c\",\"Gebieden in de territoriale zee\",\"[Ministerie van Defensie, Koninklijke Marine, Dienst der Hydrografie, Ministerie van Defensie, Koninklijke Marine, Dienst der Hydrografie, Ministerie van Defensie, Koninklijke Marine, Dienst der Hydrografie]\",\"[data@hydro.nl, data@hydro.nl, data@hydro.nl, , ]\",\n\"08b27bf0-e34a-4b30-9eac-5edadfb6a288\",\"Afgevoerde hoeveelheid afval in 2015 vanuit de industrie\",\"no organisationName found in dataset record\",\"[emissieregistratie@rivm.nl, , emissieregistratie@rivm.nl]\",\n\"f1d27179-36eb-4376-8048-f51d2eb23a09\",\"Nederlands deel PSSA Waddenzee\",\"[Ministerie van Defensie, Koninklijke Marine, Dienst der Hydrografie, Ministerie van Defensie, Koninklijke Marine, Dienst der Hydrografie, Ministerie van Defensie, Koninklijke Marine, Dienst der Hydrografie]\",\"[data@hydro.nl, data@hydro.nl, data@hydro.nl, , ]\",\n\"9ed6b8ed-254a-4745-a09a-3b57137d1b69\",\"Luchtfoto 2019 25cm CIR open data\",\"[Kadaster, Het Waterschapshuis, Kadaster, Geocart, Geocart, Geocart, Kadaster, Kadaster]\",\"[PPB-GVA@kadaster.nl, info@hetwaterschapshuis.nl, kcc@kadaster.nl, , , , , , ]\",\n\"a29917b9-3426-4041-a11b-69bcb2256904\",\"Kadastrale kaart v4\",\"[Kadaster, Kadaster en Openbare Registers, Dienst voor het Kadaster en de Openbare Registers]\",\"[PPB-GVA@kadaster.nl, kcc@kadaster.nl, kcc@kadaster.nl, , ]\",\n\"07575774-57a1-4419-bab4-6c88fdeb02b2\",\"Hydrografie waterschappen INSPIRE\",\"[Het Waterschapshuis, Het Waterschapshuis, Het Waterschapshuis, Het Waterschapshuis]\",\"[datastromen@hetwaterschapshuis.nl, datastromen@hetwaterschapshuis.nl, , datastromen@hetwaterschapshuis.nl]\",\n\"b6ee58a1-b097-4c6d-8600-eb81efc1468c\",\"Productie/industrie-inrichtingen (o.b.v. SBI-codes) uit {Risico Register Gevaarlijke stoffen (RRGS)}\",\"[Interprovinciaal Overleg, Interprovinciaal Overleg, Interprovinciaal Overleg]\",\"[inspire@gbo-provincies.nl, inspire@gbo-provincies.nl, inspire@gbo-provincies.nl]\",\n\"36a7e8cb-8300-4602-93d2-135943365a6f\",\"Monitoring stations (Nitraatrichtlijn) diepe filters\",\"no organisationName found in dataset record\",\"[geodata@rivm.nl, , geodata@rivm.nl]\",\n\"64ff8561-5c56-4cc1-ae0e-94366fb70b7e\",\"Luchtfoto 2019 25cm RGB open data\",\"[Kadaster, Het Waterschapshuis, Kadaster, Geocart, Geocart, Geocart, Kadaster, Kadaster]\",\"[PPB-GVA@kadaster.nl, info@hetwaterschapshuis.nl, kcc@kadaster.nl, , , , , , ]\",\n\"daa63e4c-dce6-11e3-991e-901b0e19e163\",\"Gecontroleerde klimatologische daggegevens KNMI Nederland\",\"[Koninklijk Nederlands Meteorologisch Instituut (KNMI), Koninklijk Nederlands Meteorologisch Instituut (KNMI), Koninklijk Nederlands Meteorologisch Instituut (KNMI)]\",\"[datacentrum@knmi.nl, datacentrum@knmi.nl, datacentrum@knmi.nl]\",\n\"6c1cf452-8c62-4046-99ab-640a5e184f9c\",\"Geologisch booronderzoek onder INSPIRE\",\"[TNO Geologische Dienst Nederland, TNO Geologische Dienst Nederland, TNO Geologische Dienst Nederland]\",\"[info@dinoloket.nl, info@dinoloket.nl, info@dinoloket.nl]\",\n\"3387ef8a-9237-453a-aa4e-585d1e193550\",\"Nationaal Beschermde Gebieden (CDDA) (INSPIRE geharmoniseerd)\",\"[Ministerie van Economische Zaken - GIS Competence Center, Ministerie van Landbouw, Natuur en Voedselkwaliteit, Ministerie van Economische Zaken - GIS Competence Center]\",\"[geodatabeheer.giscc@rvo.nl, geodatabeheer.giscc@rvo.nl, geodatabeheer.giscc@rvo.nl]\",\n\"d24ccb35-e9d2-41bf-b231-43083fc0c76d\",\"LCP emissies (Richtlijn Industriële emissies) 2016\",\"no organisationName found in dataset record\",\"[emissieregistratie@rivm.nl, , emissieregistratie@rivm.nl]\",\n\"adn73c4a-ef03-4785-b7f6-942e86b385f5\",\"Bathymetrie Nederland - kust\",\"[Rijkswaterstaat, Rijkswaterstaat, , Rijkswaterstaat, Rijkswaterstaat]\",\"[servicedesk-data@rijkswaterstaat.nl, servicedesk-data@rijkswaterstaat.nl, , servicedesk-data@rijkswaterstaat.nl, servicedesk-data@rijkswaterstaat.nl]\",\n\"ad6caa40-89ab-47e3-85ab-3f8e32024a71\",\"Emissies naar lucht en water in 2011 vanuit de industrie\",\"no organisationName found in dataset record\",\"[emissieregistratie@rivm.nl, , emissieregistratie@rivm.nl]\",\n\"afc450bd-65b3-4e59-b0fb-619869bf6ada\",\"Landelijk grondwaterregister - Faciliteiten voor productie en industrie\",\"[Interprovinciaal Overleg, Interprovinciaal Overleg, Interprovinciaal Overleg, Interprovinciaal Overleg, Interprovinciaal Overleg]\",\"[inspire@gbo-provincies.nl, inspire@gbo-provincies.nl, inspire@gbo-provincies.nl, , ]\",\n\"F646DFB9-5BF6-EAB9-042B-CAB6FF2DC275\",\"BRO Digital Geological Model (DGM)\",\"[TNO Geologische Dienst Nederland, TNO Geologische Dienst Nederland, TNO Geologische Dienst Nederland]\",\"[info@bro.nl, info@bro.nl, info@dinoloket.nl]\",\n\"E7D9F0D6-2B8D-6699-F26E-4A781228F2DD\",\"BRO REGIS II Hydrogeologisch model (HGM)\",\"[TNO Geologische Dienst Nederland, TNO Geologische Dienst Nederland, TNO Geologische Dienst Nederland]\",\"[info@bro.nl, info@bro.nl, info@dinoloket.nl]\",\n\"7D35598D-DFBF-C64D-0F1A-92A80A45EB14\",\"BRO GeoTOP (GTM)\",\"[TNO Geologische Dienst Nederland, TNO Geologische Dienst Nederland, TNO Geologische Dienst Nederland]\",\"[info@bro.nl, info@bro.nl, info@dinoloket.nl]\",\n\"34e6165f-1269-48d1-b255-0f05d163d692\",\"Geluidszones rondom bedrijventerreinen zowel provinciaal als gemeentelijk\",\"[Interprovinciaal Overleg, Interprovinciaal Overleg, Interprovinciaal Overleg]\",\"[inspire@gbo-provincies.nl, inspire@gbo-provincies.nl, inspire@gbo-provincies.nl]\",\n\"71c2b7d2-a1a8-4836-b8d4-7247d331b04d\",\"CBS Provincies 2012\",\"[Centraal Bureau voor de Statistiek, Centraal Bureau voor de Statistiek, Centraal Bureau voor de Statistiek, Kadaster]\",\"[infoservice@cbs.nl, infoservice@cbs.nl, infoservice@cbs.nl, , ]\",\n\"eu-2c7040b-c448-451b-bf15-f2416ecaadd1\",\"Vervoersnetwerken - Waterwegen (INSPIRE geharmoniseerd) - WT\",\"[Rijkswaterstaat, Rijkswaterstaat, , Rijkswaterstaat, Wetransform]\",\"[servicedesk-data@rijkswaterstaat.nl, servicedesk-data@rijkswaterstaat.nl, , servicedesk-data@rijkswaterstaat.nl, info@wetransform.to]\",\n\"a5241416-8401-4623-be61-57ef50447a41\",\"Maritieme grenzen - Noordzee\",\"[Ministerie van Defensie, Koninklijke Marine, Dienst der Hydrografie, Ministerie van Defensie, Koninklijke Marine, Dienst der Hydrografie, Ministerie van Defensie, Koninklijke Marine, Dienst der Hydrografie]\",\"[data@hydro.nl, data@hydro.nl, data@hydro.nl, , ]\",\n\"6318009c-7b11-4ab9-9929-735584dfb692\",\"Land Use 2015\",\"[Statistics Netherlands, Statistics Netherlands, PDOK]\",\"[infoservice@cbs.nl, infoservice@cbs.nl, , , ]\",\n\"2daad588-11ef-47de-9832-6fe2c3b93e6d\",\"Overstromingsrisicokaarten\",\"[Interprovinciaal Overleg, Interprovinciaal Overleg, Interprovinciaal Overleg]\",\"[inspire@gbo-provincies.nl, inspire@gbo-provincies.nl, inspire@gbo-provincies.nl]\",\n\"bc2c53f6-c908-4d7c-a6c0-78d9a2855640\",\"Overstromingsgevaarkaarten\",\"[Interprovinciaal Overleg, Interprovinciaal Overleg, Interprovinciaal Overleg]\",\"[inspire@gbo-provincies.nl, inspire@gbo-provincies.nl, inspire@gbo-provincies.nl]\",\n\"60a2a7c2-d5b3-4ad5-b562-c448695357fb\",\"Nationale Landschappen\",\"[Interprovinciaal Overleg, Interprovinciaal Overleg, Interprovinciaal Overleg]\",\"[inspire@gbo-provincies.nl, inspire@gbo-provincies.nl, inspire@gbo-provincies.nl]\",\n\"f5f68d51-2ca4-4897-8227-d3938b2b0a7e\",\"Afvalinrichtingen inclusief nucleaire inrichtingen\",\"[Interprovinciaal Overleg, Interprovinciaal Overleg, Interprovinciaal Overleg]\",\"[inspire@gbo-provincies.nl, inspire@gbo-provincies.nl, inspire@gbo-provincies.nl]\",\n\"cc408b2d-09a6-4b2b-9aa3-b46bfe2f00a5\",\"Stiltegebieden\",\"[Interprovinciaal Overleg, Interprovinciaal Overleg, Interprovinciaal Overleg]\",\"[inspire@gbo-provincies.nl, inspire@gbo-provincies.nl, inspire@gbo-provincies.nl]\",\n\"ca94a0cb-7561-4a10-a7d6-b840e56c33ff\",\"Provinciale monumenten\",\"[Interprovinciaal Overleg, Interprovinciaal Overleg, Interprovinciaal Overleg]\",\"[inspire@gbo-provincies.nl, inspire@gbo-provincies.nl, inspire@gbo-provincies.nl]\",\n\"998ba1dc-f6a6-49a3-a021-51f30d9b1d0e\",\"Wet Ammoniak en Veehouderij gebieden\",\"[Interprovinciaal Overleg, Interprovinciaal Overleg, Interprovinciaal Overleg]\",\"[inspire@gbo-provincies.nl, inspire@gbo-provincies.nl, inspire@gbo-provincies.nl]\",\n\"49ab8bee-b467-486a-96ca-b950443c453a\",\"Beschermde gebieden - Provincies (INSPIRE geharmoniseerd)\",\"[Interprovinciaal Overleg, Interprovinciaal Overleg, Interprovinciaal Overleg]\",\"[inspire@gbo-provincies.nl, inspire@gbo-provincies.nl, inspire@gbo-provincies.nl]\",\n\"f0821bfe-5a0a-11e9-8647-d663bd873d93\",\"NB-wetgebieden buiten Natura 2000\",\"[Interprovinciaal Overleg, Interprovinciaal Overleg, Interprovinciaal Overleg]\",\"[inspire@gbo-provincies.nl, inspire@gbo-provincies.nl, inspire@gbo-provincies.nl]\",\n\"110f9ec6-4464-462e-9765-83d90cefbeab\",\"Kaderrichtlijn Water - Stroomgebieddistricten Nederland EU2015\",\"[Informatiehuis Water, Informatiehuis Water, , Rijkswaterstaat, Rijkswaterstaat]\",\"[servicedesk@ihw.nl, servicedesk-data@rijkswaterstaat.nl, , servicedesk-data@rijkswaterstaat.nl, servicedesk-data@rijkswaterstaat.nl]\",\n\"krw-f7bb2351-9788-42ea-a58b-a5ee1842304e\",\"Kaderrichtlijn Water - Stroomgebieddistricten Nederland 2019 vlakken\",\"[Rijkswaterstaat, Rijkswaterstaat, , Rijkswaterstaat, Rijkswaterstaat]\",\"[servicedesk-data@rijkswaterstaat.nl, servicedesk-data@rijkswaterstaat.nl, , servicedesk-data@rijkswaterstaat.nl, servicedesk-data@rijkswaterstaat.nl]\",\n\"bb11be63-bd38-4632-bf54-df44c423a529\",\"Territoriale Zee volgens UNCLOS - Noordzee\",\"[Ministerie van Defensie, Koninklijke Marine, Dienst der Hydrografie, Ministerie van Defensie, Koninklijke Marine, Dienst der Hydrografie, Ministerie van Defensie, Koninklijke Marine, Dienst der Hydrografie]\",\"[data@hydro.nl, data@hydro.nl, data@hydro.nl, , ]\",\n\"c935f2ab-9b65-4dc4-94a0-73aeb840a941\",\"Overheidsdiensten\",\"[Kamer van Koophandel, Kamer van Koophandel]\",\"[erik.simonse@kvk.nl, erik.simonse@kvk.nl]\",\n\"26103042-50a1-4ee5-9c5b-857a2f8b7680\",\"Wijk- en Buurtkaart 2017 versie 3\",\"[Centraal Bureau voor de Statistiek, Centraal Bureau voor de Statistiek, Centraal Bureau voor de Statistiek, Kadaster]\",\"[infoservice@cbs.nl, infoservice@cbs.nl, infoservice@cbs.nl, , ]\",\n\"88a3c1ae-902e-4efa-8663-ddd836101929\",\"Werelderfgoed\",\"[Rijksdienst voor het Cultureel Erfgoed, Rijksdienst voor het Cultureel Erfgoed, Rijksdienst voor het Cultureel Erfgoed]\",\"[info@cultureelerfgoed.nl, info@cultureelerfgoed.nl, info@cultureelerfgoed.nl]\",\n\"4cda487b-c467-490c-a843-6563fec016be\",\"Aansluitende zone volgens UNCLOS - Noordzee\",\"[Ministerie van Defensie, Koninklijke Marine, Dienst der Hydrografie, Ministerie van Defensie, Koninklijke Marine, Dienst der Hydrografie, Ministerie van Defensie, Koninklijke Marine, Dienst der Hydrografie]\",\"[data@hydro.nl, data@hydro.nl, data@hydro.nl, , ]\",\n\"uwwtd-9d8e-4758-83fa-28b057f185e3\",\"Richtlijn Stedelijk Afvalwater - rioolwaterzuiveringsinstallaties Nederland EU2015\",\"[Rijkswaterstaat, Rijkswaterstaat, , Rijkswaterstaat, Rijkswaterstaat]\",\"[servicedesk-data@rijkswaterstaat.nl, servicedesk-data@rijkswaterstaat.nl, , servicedesk-data@rijkswaterstaat.nl, servicedesk-data@rijkswaterstaat.nl]\",\n\"0558a41c-b09a-47fa-b8db-9de6bfe4f494\",\"Gebouwen\",\"[Kadaster, Kadaster, Kadaster]\",\"[PPB-GVA@kadaster.nl, kcc@kadaster.nl, kcc@kadaster.nl]\",\n\"0f128799-cf18-4b37-a721-e62b068191f5\",\"Gebiedsbeheer, gebieden waar beperkingen gelden, gereguleerde gebieden en rapportage-eenheden - Provincies (INSPIRE geharmoniseerd)\",\"[Interprovinciaal Overleg, Interprovinciaal Overleg, Interprovinciaal Overleg]\",\"[inspire@gbo-provincies.nl, inspire@gbo-provincies.nl, inspire@gbo-provincies.nl]\",\n\"4e2ef670-cddd-11dd-ad8b-0800200c9a66\",\"Stads- en Dorpsgezichten\",\"[Rijksdienst voor het Cultureel Erfgoed, Rijksdienst voor het Cultureel Erfgoed, Rijksdienst voor het Cultureel Erfgoed]\",\"[info@cultureelerfgoed.nl, info@cultureelerfgoed.nl, info@cultureelerfgoed.nl]\",\n\"df5ee213-e1bd-433b-80f7-4ea20f493ca8\",\"Zwemwaterkwaliteit (provinciaal en Rijkswateren) uit {Zwemwaterregister}\",\"[Interprovinciaal Overleg, Interprovinciaal Overleg, Interprovinciaal Overleg]\",\"[inspire@gbo-provincies.nl, inspire@gbo-provincies.nl, inspire@gbo-provincies.nl]\",\n\"krm-a905-9d8e-4758-83fa-28b057f185e3\",\"Kaderrichtlijn Mariene Strategie - Rapportage eenheden Nederland EU2018\",\"[Rijkswaterstaat, Rijkswaterstaat, , Rijkswaterstaat, Rijkswaterstaat]\",\"[servicedesk-data@rijkswaterstaat.nl, servicedesk-data@rijkswaterstaat.nl, , servicedesk-data@rijkswaterstaat.nl, servicedesk-data@rijkswaterstaat.nl]\",\n\"6cde2ce7-3ecd-4785-b7b8-d62c3381efe9\",\"Wijk- en Buurtkaart 2016 versie 3\",\"[Centraal Bureau voor de Statistiek, Centraal Bureau voor de Statistiek, Centraal Bureau voor de Statistiek, Kadaster]\",\"[infoservice@cbs.nl, infoservice@cbs.nl, infoservice@cbs.nl, , ]\",\n\"28c4780a-1a44-4376-b283-14a50a481729\",\"Habitatrichtlijn verspreiding van soorten\",\"[Wageningen Environmental Research (Alterra), PDOK, CBS, Natuurloket, PGO's]\",\"[geodatabeheer.giscc@rvo.nl, GeoDesk.CGI@wur.nl, geodatabeheer.giscc@rvo.nl, beheerPDOK@kadaster.nl, , , ]\",\n\"ffefc3dc-dc8f-4589-ae22-a60bebcdf5cb\",\"Wijk- en Buurtkaart 2018 versie 2\",\"[Centraal Bureau voor de Statistiek, Centraal Bureau voor de Statistiek, Centraal Bureau voor de Statistiek, Kadaster]\",\"[infoservice@cbs.nl, infoservice@cbs.nl, infoservice@cbs.nl, , ]\",\n\"2d3dd6d2-2d2b-4b5f-9e30-86e19ed77a56\",\"Bestand Bodemgebruik 2015\",\"[Centraal Bureau voor de Statistiek, Centraal Bureau voor de Statistiek, PDOK]\",\"[infoservice@cbs.nl, infoservice@cbs.nl, , , ]\",\n\"fe2f9091-1962-4073-9e3b-3e4aeed488a5\",\"Beperkingen voor voertuigen (INSPIRE geharmoniseerde data)\",\"[RDW, RDW, RDW]\",\"[ontheffingen@rdw.nl, ontheffingen@rdw.nl, , ]\",\n\"wt-83730-e750-485a-9c0c-39bf9be72cf8\",\"Menselijke gezondheid en veiligheid - geluidbelasting rijkswegen 2016 (INSPIRE geharmoniseerd)\",\"[Rijkswaterstaat, Rijkswaterstaat, , Rijkswaterstaat, Wetransform]\",\"[servicedesk-data@rijkswaterstaat.nl, servicedesk-data@rijkswaterstaat.nl, , servicedesk-data@rijkswaterstaat.nl, info@wetransform.to]\",\n\"1249746f-c2a6-4639-98f2-251676b3528e\",\"Maritieme grenzen - basislijn Noordzee\",\"[Ministerie van Defensie, Koninklijke Marine, Dienst der Hydrografie, Ministerie van Defensie, Koninklijke Marine, Dienst der Hydrografie, Ministerie van Defensie, Koninklijke Marine, Dienst der Hydrografie]\",\"[data@hydro.nl, data@hydro.nl, data@hydro.nl]\",\n\"9986a7ef-e5e2-4a7a-9018-2e1f9631ba8c\",\"Zwemwater (provinciaal en Rijkswateren) uit {Zwemwaterregister}\",\"[Interprovinciaal Overleg, Interprovinciaal Overleg, Interprovinciaal Overleg]\",\"[inspire@gbo-provincies.nl, inspire@gbo-provincies.nl, inspire@gbo-provincies.nl]\",\n\"41023936-009d-48ec-a90d-c966895463c1\",\"Geluidszones rondom vliegvelden\",\"[Interprovinciaal Overleg, Interprovinciaal Overleg, Interprovinciaal Overleg]\",\"[inspire@gbo-provincies.nl, inspire@gbo-provincies.nl, inspire@gbo-provincies.nl]\",\n\"effe1ab0-073d-437c-af13-df5c5e07d6cd\",\"CBS gebiedsindelingen\",\"[Centraal Bureau voor de Statistiek, Centraal Bureau voor de Statistiek, Centraal Bureau voor de Statistiek, Kadaster]\",\"[infoservice@cbs.nl, infoservice@cbs.nl, infoservice@cbs.nl, , ]\",\n\"5c37d29a-006d-4136-8989-adfc35a1d4a7\",\"Wijk- en Buurtkaart 2019 versie 1\",\"[Centraal Bureau voor de Statistiek, Centraal Bureau voor de Statistiek, Centraal Bureau voor de Statistiek, Kadaster]\",\"[infoservice@cbs.nl, infoservice@cbs.nl, infoservice@cbs.nl, , ]\",\n\"wt-f5eb-b09f-4f6d-8397-8878a1b86238\",\"Menselijke gezondheid en veiligheid - geluidbelasting rijkswegen 2011 (INSPIRE geharmoniseerd)\",\"[Rijkswaterstaat, Rijkswaterstaat, , Rijkswaterstaat, Wetransform]\",\"[servicedesk-data@rijkswaterstaat.nl, servicedesk-data@rijkswaterstaat.nl, , servicedesk-data@rijkswaterstaat.nl, info@wetransform.to]\",\n\"wt-3730-e750-485a-9c0c-39bf9be72cf9\",\"Menselijke gezondheid en veiligheid -  geluidbelasting rijkswegen 2006 (INSPIRE geharmoniseerd)\",\"[Rijkswaterstaat, Rijkswaterstaat, , Rijkswaterstaat, Wetransform]\",\"[servicedesk-data@rijkswaterstaat.nl, servicedesk-data@rijkswaterstaat.nl, , servicedesk-data@rijkswaterstaat.nl, info@wetransform.to]\",\n\"c7d8d77b-8c47-4309-8c58-9b12b086407f\",\"Natuurnetwerk Nederland\",\"[Interprovinciaal Overleg, Interprovinciaal Overleg, Interprovinciaal Overleg]\",\"[inspire@gbo-provincies.nl, inspire@gbo-provincies.nl, inspire@gbo-provincies.nl]\",\n\"11a292bd-9022-4a9f-b1bf-02f5c89ad74a\",\"Totale potentie aardwarmte uit aquifers, INSPIRE\",\"[TNO Geologische Dienst Nederland, TNO Geologische Dienst Nederland, TNO Geologische Dienst Nederland]\",\"[info@dinoloket.nl, info@dinoloket.nl, info@dinoloket.nl]\",\n\"krw2006-68b5-4ff3-94a4-9c24109ffd5e\",\"Kaderrichtlijn Water - Oppervlaktewaterlichamen Nederland EU2009 vlakken\",\"[Rijkswaterstaat, Rijkswaterstaat, , Rijkswaterstaat, Rijkswaterstaat]\",\"[servicedesk-data@rijkswaterstaat.nl, servicedesk-data@rijkswaterstaat.nl, , servicedesk-data@rijkswaterstaat.nl, servicedesk-data@rijkswaterstaat.nl]\",\n\"2e31680f-68b5-4ff3-94a4-9c24109ffd5e\",\"Kaderrichtlijn Water - Oppervlaktewaterlichamen Nederland 2019 vlakken\",\"[Rijkswaterstaat, Rijkswaterstaat, , Rijkswaterstaat, Rijkswaterstaat]\",\"[servicedesk-data@rijkswaterstaat.nl, servicedesk-data@rijkswaterstaat.nl, , servicedesk-data@rijkswaterstaat.nl, servicedesk-data@rijkswaterstaat.nl]\",\n\"710c381c-ab2d-45d5-a45d-af2eba811e5f\",\"Nationaal Hydrologisch Instrumentarium (NHI) - netwerkschematisatie\",\"[Rijkswaterstaat, Rijkswaterstaat, , Rijkswaterstaat, Rijkswaterstaat]\",\"[servicedesk-data@rijkswaterstaat.nl, servicedesk-data@rijkswaterstaat.nl, , servicedesk-data@rijkswaterstaat.nl, servicedesk-data@rijkswaterstaat.nl]\",\n\"622a632a-c57b-44a2-83a4-e51223d5f15g\",\"Kaderrichtlijn Water - Oppervlaktewaterlichamen Nederland 2019 lijnen\",\"[Rijkswaterstaat, Rijkswaterstaat, , Rijkswaterstaat, Rijkswaterstaat]\",\"[servicedesk-data@rijkswaterstaat.nl, servicedesk-data@rijkswaterstaat.nl, , servicedesk-data@rijkswaterstaat.nl, servicedesk-data@rijkswaterstaat.nl]\",\n\"f002bfc5-7d87-46b6-819e-8415422b65c9\",\"Aardkundige waarden\",\"[Interprovinciaal Overleg, Interprovinciaal Overleg, Interprovinciaal Overleg]\",\"[inspire@gbo-provincies.nl, inspire@gbo-provincies.nl, inspire@gbo-provincies.nl]\",\n\"110f9ec6-4464-462e-9765-83d90cefbead\",\"Kaderrichtlijn Water - Oppervlaktewaterlichamen Nederland EU2015 vlakken\",\"[Informatiehuis Water, Informatiehuis Water, , Rijkswaterstaat, Informatiehuis Water]\",\"[servicedesk@ihw.nl, servicedesk-data@rijkswaterstaat.nl, , servicedesk-data@rijkswaterstaat.nl, servicedesk@ihw.nl]\",\n\"110f9ec6-4464-462e-9765-83d90cefbeag\",\"Kaderrichtlijn Water - Oppervlaktewaterlichamen Nederland EU2015 lijnen\",\"[Informatiehuis Water, Informatiehuis Water, , Rijkswaterstaat, Informatiehuis Water]\",\"[servicedesk@ihw.nl, servicedesk@ihw.nl, , servicedesk-data@rijkswaterstaat.nl, servicedesk@ihw.nl]\",\n\"e536d943-ecff-4d7a-9500-cc31a263a6af\",\"Publiekrechtelijke beperkingen\",\"[Kadaster, Kadaster]\",\"[PPB-GVA@kadaster.nl, kcc@kadaster.nl]\",\n\"krw2006-c57b-44a2-83a4-e51223d5f15g\",\"Kaderrichtlijn Water - Oppervlaktewaterlichamen Nederland EU2009 lijnen\",\"[Rijkswaterstaat, Rijkswaterstaat, , Rijkswaterstaat, Rijkswaterstaat]\",\"[servicedesk-data@rijkswaterstaat.nl, servicedesk-data@rijkswaterstaat.nl, , servicedesk-data@rijkswaterstaat.nl, servicedesk-data@rijkswaterstaat.nl]\",\n\"110f9ec6-4464-462e-9765-83d90cefbeac\",\"Kaderrichtlijn Water - Deelstroomgebieden Nederland EU2015\",\"[Informatiehuis Water, Informatiehuis Water, , Rijkswaterstaat, Rijkswaterstaat]\",\"[servicedesk@ihw.nl, servicedesk@ihw.nl, , servicedesk-data@rijkswaterstaat.nl, servicedesk-data@rijkswaterstaat.nl]\",\n\"krw-782cab20-8328-45f1-a9b2-c27d07c14066\",\"Kaderrichtlijn Water - Deelstroomgebieden Nederland 2019 vlakken\",\"[Rijkswaterstaat, Rijkswaterstaat, , Rijkswaterstaat, Rijkswaterstaat]\",\"[servicedesk-data@rijkswaterstaat.nl, servicedesk-data@rijkswaterstaat.nl, , servicedesk-data@rijkswaterstaat.nl, servicedesk-data@rijkswaterstaat.nl]\",\n\"krm-a905-9d8e-4758-83fa-28b057f185e4\",\"Kaderrichtlijn Mariene Strategie - Mariene wateren Nederland EU2018\",\"[Rijkswaterstaat, Rijkswaterstaat, , Rijkswaterstaat, Rijkswaterstaat]\",\"[servicedesk-data@rijkswaterstaat.nl, servicedesk-data@rijkswaterstaat.nl, , servicedesk-data@rijkswaterstaat.nl, servicedesk-data@rijkswaterstaat.nl]\",\n\"891ddc2d-8949-4a45-be96-c65b87c41f13\",\"Kaderrichtlijn Water - Monitoringlocaties Nederland EU2015\",\"[Informatiehuis Water, Informatiehuis Water, , Rijkswaterstaat, Rijkswaterstaat]\",\"[servicedesk@ihw.nl, servicedesk-data@rijkswaterstaat.nl, , servicedesk-data@rijkswaterstaat.nl, servicedesk-data@rijkswaterstaat.nl]\",\n\"17716ed7-ce0d-4bfd-8868-a398e5578a36\",\"Ruimtelijke plannen Wro: Ruimtelijkeplannen.nl\",\"[Kadaster, Kadaster]\",\"[PPB-GVA@kadaster.nl, ruimtelijkeplannen@kadaster.nl]\",\n\"6f84efeb-fc1d-4565-a721-80735ea57dbd\",\"Rijksmonumenten (verouderd)\",\"[Rijksdienst voor het Cultureel Erfgoed, Rijksdienst voor het Cultureel Erfgoed]\",\"[info@cultureelerfgoed.nl, info@cultureelerfgoed.nl]\",\n\"ror-9d8e-4758-83fx-28b057f185e1\",\"Richtlijn Overstromingsrisico - gebieden met Potentieel Significant Overstromingsrisico EU2018 vlakken\",\"[Rijkswaterstaat, Rijkswaterstaat, , Rijkswaterstaat, Rijkswaterstaat]\",\"[servicedesk-data@rijkswaterstaat.nl, servicedesk-data@rijkswaterstaat.nl, , servicedesk-data@rijkswaterstaat.nl, servicedesk-data@rijkswaterstaat.nl]\",\n\"ror-9d8e-4758-83fx-28b057f185g1\",\"Richtlijn Overstromingsrisico - gebieden met Potentieel Significant Overstromingsrisico EU2018 lijnen\",\"[Rijkswaterstaat, Rijkswaterstaat, , Rijkswaterstaat, Rijkswaterstaat]\",\"[servicedesk-data@rijkswaterstaat.nl, servicedesk-data@rijkswaterstaat.nl, , servicedesk-data@rijkswaterstaat.nl, servicedesk-data@rijkswaterstaat.nl]\",\n\"a9b7026e-0a81-4813-93bd-ba49e6f28502\",\"NWB - Wegen\",\"[Rijkswaterstaat, Rijkswaterstaat, , Rijkswaterstaat, Rijkswaterstaat]\",\"[servicedesk-data@rijkswaterstaat.nl, servicedesk-data@rijkswaterstaat.nl, , servicedesk-data@rijkswaterstaat.nl, servicedesk-data@rws.n]\",\n\"f605a24f-60cd-4c40-94c8-2186aba3ddd0\",\"CBS Vierkantstatistieken 500m\",\"[Centraal Bureau voor de Statistiek, Centraal Bureau voor de Statistiek, Centraal Bureau voor de Statistiek, Centraal Bureau voor de Statistiek]\",\"[infoservice@cbs.nl, infoservice@cbs.nl, infoservice@cbs.nl, ]\",\n\"1462bbce-ccd3-4362-83d8-4535ca8f44eb\",\"CBS Vierkantstatistieken 100m\",\"[Centraal Bureau voor de Statistiek, Centraal Bureau voor de Statistiek, Centraal Bureau voor de Statistiek, Centraal Bureau voor de Statistiek]\",\"[infoservice@cbs.nl, infoservice@cbs.nl, infoservice@cbs.nl, ]\",\n\"ror-9d8e-4758-83fx-28b057f185f1\",\"Richtlijn Overstromingsrisico - historische overstromingen EU2018\",\"[Rijkswaterstaat, Rijkswaterstaat, , Rijkswaterstaat, Rijkswaterstaat]\",\"[servicedesk-data@rijkswaterstaat.nl, servicedesk-data@rijkswaterstaat.nl, , servicedesk-data@rijkswaterstaat.nl, servicedesk-data@rijkswaterstaat.nl]\",\n\"uwwtd-9d8e-4758-83fa-28b057f185e2\",\"Richtlijn Stedelijk Afvalwater - lozingspunten Nederland EU2015\",\"[Rijkswaterstaat, Rijkswaterstaat, , Rijkswaterstaat, Rijkswaterstaat]\",\"[servicedesk-data@rijkswaterstaat.nl, servicedesk-data@rijkswaterstaat.nl, , servicedesk-data@rijkswaterstaat.nl, servicedesk-data@rijkswaterstaat.nl]\",\n\"uwwtd-9d8e-4758-83fa-28b057f185e1\",\"Richtlijn Stedelijk Afvalwater - agglomeraties Nederland EU2015\",\"[Rijkswaterstaat, Rijkswaterstaat, , Rijkswaterstaat, Rijkswaterstaat]\",\"[servicedesk-data@rijkswaterstaat.nl, servicedesk-data@rijkswaterstaat.nl, , servicedesk-data@rijkswaterstaat.nl, servicedesk-data@rijkswaterstaat.nl]\",\n\"af0c582f-9e6b-46e6-865a-fc3a2d5289b9\",\"Bodemgebruik\",\"[Kadaster, Kadaster, Kadaster]\",\"[PPB-GVA@kadaster.nl, kcc@kadaster.nl, kcc@kadaster.nl]\",\n\"76091be7-358a-4a44-8182-b4139c96c6a4\",\"Adressen\",\"[Kadaster, Kadaster, Kadaster]\",\"[PPB-GVA@kadaster.nl, kcc@kadaster.nl, kcc@kadaster.nl]\",\n\"f8d840bc-18df-4449-b797-b9adcb81d3ec\",\"Emissies naar lucht en water in 2015 vanuit de industrie\",\"no organisationName found in dataset record\",\"[emissieregistratie@rivm.nl, , emissieregistratie@rivm.nl]\",\n\"83dab947-387b-49df-8ad2-32bb10d46d38\",\"Geluidkaart Schiphol 2016 (Lden)\",\"[Ministerie van IenW, Ministerie van IenW]\",\"[sylvia.koolmees@minienw.nl, sylvia.koolmees@minienw.nl]\",\n\"d3c9efd6-fca7-49d6-92bb-5f507abece90\",\"Gemeten Ammoniak concentraties in buitenlucht.\",\"no organisationName found in dataset record\",\"[geodata@rivm.nl, geodata@rivm.nl]\",\n\"df15af6e-0d21-4437-a69f-802be3479bba\",\"Luchtfoto 2016 25cm RGB open data\",\"[Kadaster, Het Waterschapshuis, Kadaster, Eurosense, Eurosense, Eurosense, Kadaster, Kadaster]\",\"[PPB-GVA@kadaster.nl, info@hetwaterschapshuis.nl, kcc@kadaster.nl, , , , , , ]\",\n\"3eebf700-5abf-42e4-826c-03cfb497e366\",\"Vervoersnetwerken\",\"[Kadaster, Kadaster, Kadaster]\",\"[PPB-GVA@kadaster.nl, kcc@kadaster.nl, kcc@kadaster.nl]\",\n\"e8b84fae-00b3-49c1-80c1-df8f69f64e8c\",\"EEZ volgens UNCLOS - Noordzee\",\"[Ministerie van Defensie, Koninklijke Marine, Dienst der Hydrografie, Ministerie van Defensie, Koninklijke Marine, Dienst der Hydrografie, Ministerie van Defensie, Koninklijke Marine, Dienst der Hydrografie]\",\"[data@hydro.nl, data@hydro.nl, data@hydro.nl, , ]\",\n\"3d59fd06-9aec-4744-91e7-65e119f74569\",\"Mossel- en oesterhabitats\",\"[Ministerie van Economische Zaken - GIS Competence Center, Wageningen Marine Research, PDOK]\",\"[geodatabeheer.giscc@rvo.nl, geodatabeheer.giscc@rvo.nl, info@wur.nl, BeheerPDOK@kadaster.nl]\",\n\"80630ee7-3a15-4ea0-bdc0-a8aebfa2f204\",\"Oppervlaktegeologie, Geologische kaart onder INSPIRE\",\"[TNO Geologische Dienst Nederland, TNO Geologische Dienst Nederland, TNO Geologische Dienst Nederland]\",\"[info@dinoloket.nl, info@dinoloket.nl, info@dinoloket.nl]\",\n\"a1960e70-22f4-4fd9-91a8-b605c6ceda3e\",\"Kaderrichtlijn Water - Oppervlaktewaterlichamen Nederland EU2015 riviernetwerk\",\"[Informatiehuis Water, Informatiehuis Water, , Rijkswaterstaat, Rijkswaterstaat]\",\"[servicedesk@ihw.nl, servicedesk@ihw.nl, , servicedesk-data@rijkswaterstaat.nl, servicedesk-data@rijkswaterstaat.nl]\",\n\"280ed37a-b8d2-4ac5-8567-04d84fad3a41\",\"Natura 2000 (INSPIRE geharmoniseerd)\",\"Ministerie van Landbouw, Natuur en Voedselkwaliteit\",\"[geodatabeheer.giscc@rvo.nl, geodatabeheer.giscc@rvo.nl, beheer@pdok.nl]\",\n",
  "requestTimeStamp": 1600685654854,
  "myVarName": "someValue",
  "responseCookies": null
}

10:54:15.380 [ForkJoinPool-1-worker-9] INFO  com.intuit.karate - [print] [
  "http://data.europa.eu/eli/reg/2010/1089"
]

10:54:15.380 [ForkJoinPool-1-worker-11] INFO  com.intuit.karate - [print] [
  "http://inspire.ec.europa.eu/applicationschema"
]

10:54:15.381 [ForkJoinPool-1-worker-13] INFO  com.intuit.karate - [print] [
  "http://inspire.ec.europa.eu/applicationschema/of"
]

10:54:15.442 [ForkJoinPool-1-worker-11] INFO  com.intuit.karate - [print]
10:54:15.443 [ForkJoinPool-1-worker-13] INFO  com.intuit.karate - [print]
10:54:15.443 [ForkJoinPool-1-worker-11] INFO  com.intuit.karate - [print] testing xlinkurl:http://inspire.ec.europa.eu/applicationschema
10:54:15.444 [ForkJoinPool-1-worker-13] INFO  com.intuit.karate - [print] testing xlinkurl:http://inspire.ec.europa.eu/applicationschema/of
10:54:15.447 [ForkJoinPool-1-worker-9] INFO  com.intuit.karate - [print]
10:54:15.448 [ForkJoinPool-1-worker-9] INFO  com.intuit.karate - [print] testing xlinkurl:http://data.europa.eu/eli/reg/2010/1089
10:54:15.496 [ForkJoinPool-1-worker-5] INFO  com.intuit.karate - [print] [
  "http://inspire.ec.europa.eu/id/document/tg/am"
]

10:54:15.518 [pool-1-thread-4] INFO  com.intuit.karate - [print] [
  {
    "datasetIdentifierCode": "247a1d15-0a67-40ce-85be-1403c08f15a8",
    "title": "Nationale Parken (INSPIRE Geharmoniseerd)",
    "organisationName": "no organisationName found in dataset record",
    "email": "[geodatabeheer.giscc@rvo.nl, geodatabeheer.giscc@rvo.nl, info@minlnv.nl, , , ]"
  },
  {
    "datasetIdentifierCode": "81ff84ec-42a4-4481-840b-12713bbb5d38",
    "title": "Geografische Namen",
    "organisationName": "[Kadaster, Kadaster, Kadaster]",
    "email": "[PPB-GVA@kadaster.nl, kcc@kadaster.nl, kcc@kadaster.nl]"
  },
  {
    "datasetIdentifierCode": "f2f86edf-ac3a-48e8-9292-0544da2d7645",
    "title": "Emissies naar het riool in 2015 vanuit de industrie",
    "organisationName": "no organisationName found in dataset record",
    "email": "[emissieregistratie@rivm.nl, , emissieregistratie@rivm.nl]"
  },
  {
    "datasetIdentifierCode": "be6551de-a709-4c6d-a5e2-f63f0cf038ba",
    "title": "Amplitude van het getij op de Noordzee",
    "organisationName": "[Ministerie van Defensie, Koninklijke Marine, Dienst der Hydrografie, Ministerie van Defensie, Koninklijke Marine, Dienst der Hydrografie, Ministerie van Defensie, Koninklijke Marine, Dienst der Hydrografie]",
    "email": "[data@hydro.nl, data@hydro.nl, data@hydro.nl, ]"
  },
  {
    "datasetIdentifierCode": "b4ae622c-6201-49d8-bd2e-f7fce9206a1e",
    "title": "Gebouwen (INSPIRE geharmoniseerd)",
    "organisationName": "[Kadaster, Kadaster]",
    "email": "[PPB-GVA@kadaster.nl, kcc@kadaster.nl]"
  },
  {
    "datasetIdentifierCode": "74aca3eb-c38b-4214-9537-e0abc69e11b5",
    "title": "Luchtfoto 2017 25cm RGB open data",
    "organisationName": "[Kadaster, Het Waterschapshuis, Kadaster, Eurosense, Eurosense, Eurosense, Kadaster, Kadaster]",
    "email": "[PPB-GVA@kadaster.nl, info@hetwaterschapshuis.nl, kcc@kadaster.nl, , , , , , ]"
  },
  {
    "datasetIdentifierCode": "ed960299-a147-4c1a-bc57-41ff83a2264f",
    "title": "Bodemkaart50000_versie2014",
    "organisationName": "[Wageningen Environmental Research, Wageningen Environmental Research (Alterra), Wageningen Environmental Research, Wageningen Environmental Research (Alterra), ALTERRA en voorafgaande instituten, ALTERRA en voorafgaande instituten, Alterra, Alterra, Alterra Wageningen UR, Alterra]",
    "email": "[fokke.brouwer@wur.nl, GeoDesk@wur.nl, fokke.brouwer@wur.nl, GeoDesk@wur.nl]"
  },
  {
    "datasetIdentifierCode": "fe0e1e5f-512f-4bb1-bbf8-4028d3dfa24f",
    "title": "Schelpdierpercelen",
    "organisationName": "[Ministerie van Economische Zaken - GIS Competence Center, PDOK]",
    "email": "[geodatabeheer.giscc@rvo.nl, geodatabeheer.giscc@rvo.nl, BeheerPDOK@kadaster.nl]"
  },
  {
    "datasetIdentifierCode": "1c3afc74-cc34-44b7-938a-963e2350795a",
    "title": "Hydrografie - Physical Waters (INSPIRE geharmoniseerd)",
    "organisationName": "[Kadaster, Kadaster]",
    "email": "[PPB-GVA@kadaster.nl, kcc@kadaster.nl]"
  },
  {
    "datasetIdentifierCode": "4b282988-cb91-4bbc-b147-f653014917cb",
    "title": "Hydrografie",
    "organisationName": "[Kadaster, Kadaster, Kadaster]",
    "email": "[PPB-GVA@kadaster.nl, kcc@kadaster.nl, kcc@kadaster.nl]"
  },
  {
    "datasetIdentifierCode": "50a2c5e6-c8e7-425d-854e-26f578196bc9",
    "title": "Afgevoerde hoeveelheid afval in 2011 vanuit de industrie",
    "organisationName": "no organisationName found in dataset record",
    "email": "[emissieregistratie@rivm.nl, , emissieregistratie@rivm.nl]"
  },
  {
    "datasetIdentifierCode": "6c06740d-058f-4a12-bb3f-bf68efd03d09",
    "title": "Vervoersnetwerken - Kabelbanen (INSPIRE geharmoniseerd)",
    "organisationName": "[Kadaster, Kadaster]",
    "email": "[PPB-GVA@kadaster.nl, kcc@kadaster.nl]"
  },
  {
    "datasetIdentifierCode": "8a4f5c3b-aced-48fd-afb5-f1f1d0ef21d6",
    "title": "Omgevingsdosisequivalenttempo Nationaal Meetnet Radioactiviteit 2011",
    "organisationName": "no organisationName found in dataset record",
    "email": "[geodata@rivm.nl, , geodata@rivm.nl]"
  },
  {
    "datasetIdentifierCode": "19165027-a13a-4c19-9013-ec1fd191019d",
    "title": "Wetlands (RAMSAR) (INSPIRE Geharmoniseerd)",
    "organisationName": "[, ]",
    "email": "[geodatabeheer.giscc@rvo.nl, geodatabeheer.giscc@rvo.nl, geodatabeheer.giscc@rvo.nl, GeoDesk.CGI@wur.nl, beheer@pdok.nl, , ]"
  },
  {
    "datasetIdentifierCode": "fe45c540-e37d-11e4-b571-0800200c9a66",
    "title": "Zwemwaterlocaties en zwemwaterkwaliteit - monsterpunten",
    "organisationName": "[Interprovinciaal Overleg, Interprovinciaal Overleg, Interprovinciaal Overleg, Interprovinciaal Overleg, Interprovinciaal Overleg]",
    "email": "[inspire@gbo-provincies.nl, inspire@gbo-provincies.nl, inspire@gbo-provincies.nl]"
  },
  {
    "datasetIdentifierCode": "c3c004ad-5387-4b00-a225-9afbcaa5d31b",
    "title": "Geluidkaart hoofdspoornet 2016 (Lden)",
    "organisationName": "[Ministerie van IenW, Ministerie van IenW]",
    "email": "[sylvia.koolmees@minienw.nl, sylvia.koolmees@minienw.nl]"
  },
  {
    "datasetIdentifierCode": "1be28290-55fa-4486-b9d3-b9d147117863",
    "title": "Luchtfoto 2016 25cm CIR open data",
    "organisationName": "[Kadaster, Het Waterschapshuis, Kadaster, Eurosense, Eurosense, Eurosense, Kadaster, Kadaster]",
    "email": "[PPB-GVA@kadaster.nl, info@hetwaterschapshuis.nl, kcc@kadaster.nl, , , , , , ]"
  },
  {
    "datasetIdentifierCode": "31de946d-85d4-4c93-bb97-e25f4ef1401a",
    "title": "Vervoersnetwerken - Luchttransport (INSPIRE geharmoniseerd)",
    "organisationName": "[Kadaster, Kadaster]",
    "email": "[PPB-GVA@kadaster.nl, kcc@kadaster.nl]"
  },
  {
    "datasetIdentifierCode": "b61a773c-ecad-4e60-93e9-0a4caac0b52f",
    "title": "Olie- en gasvelden onder INSPIRE",
    "organisationName": "[TNO Geologische Dienst Nederland, TNO Geologische Dienst Nederland, TNO Geologische Dienst Nederland]",
    "email": "[info@dinoloket.nl, info@dinoloket.nl, info@dinoloket.nl]"
  },
  {
    "datasetIdentifierCode": "8f45b8ef-0ce8-463a-9059-5efdcecb785c",
    "title": "Vervoersnetwerken - Wegen (INSPIRE geharmoniseerd)",
    "organisationName": "[Kadaster, Kadaster]",
    "email": "[PPB-GVA@kadaster.nl, kcc@kadaster.nl]"
  },
  {
    "datasetIdentifierCode": "b3ec8793-7747-4da0-b6c3-aa384446a586",
    "title": "Gemeten Fijn stof concentraties in buitenlucht.",
    "organisationName": "no organisationName found in dataset record",
    "email": "[geodata@rivm.nl, geodata@rivm.nl]"
  },
  {
    "datasetIdentifierCode": "733559a5-201d-40e5-ad43-d1c7bae84d9f",
    "title": "Gemeten Stikstofdioxide concentraties in buitenlucht.",
    "organisationName": "RIVM",
    "email": "[geodata@rivm.nl, geodata@rivm.nl]"
  },
  {
    "datasetIdentifierCode": "493ab81b-75f8-4205-b030-6b2fd9eb4295",
    "title": "INSPIRE geharmoniseerde Beschermde Gebieden - Cultuur Historie",
    "organisationName": "[Rijksdienst voor het Cultureel Erfgoed, Rijksdienst voor het Cultureel Erfgoed, Rijksdienst voor het Cultureel Erfgoed]",
    "email": "[info@cultureelerfgoed.nl, info@cultureelerfgoed.nl, info@cultureelerfgoed.nl]"
  },
  {
    "datasetIdentifierCode": "e80ad426-1392-4349-9f80-14dae5f1bf57",
    "title": "Kadastrale Percelen (INSPIRE geharmoniseerd)",
    "organisationName": "[Kadaster, Kadaster]",
    "email": "[PPB-GVA@kadaster.nl, kcc@kadaster.nl, , ]"
  },
  {
    "datasetIdentifierCode": "e1e99000-ec47-4e9f-84a5-adad24fef0dc",
    "title": "Natuurlijke alfa activiteitsconcentratie in lucht Nationaal Meetnet Radioactiviteit 2011",
    "organisationName": "no organisationName found in dataset record",
    "email": "[geodata@rivm.nl, , geodata@rivm.nl]"
  },
  {
    "datasetIdentifierCode": "f273941e-9c3b-43bc-b886-2d50d0bf9348",
    "title": "Habitatrichtlijn verspreidingsgebied van soorten",
    "organisationName": "[Ministerie van Economische Zaken - GIS Competence Center, Wageningen Environmental Research (Alterra), PDOK, CBS, Natuurloket, pgo's]",
    "email": "[geodatabeheer.giscc@rvo.nl, GeoDesk.CGI@wur.nl, geodatabeheer.giscc@rvo.nl, beheerPDOK@kadaster.nl, , , ]"
  },
  {
    "datasetIdentifierCode": "76541ebb-a554-4540-a017-399d4bb4a860",
    "title": "Population Distribution NL",
    "organisationName": "[Statistics Netherlands, Statistics Netherlands, Statistics Netherlandds, Statistics Netherlands]",
    "email": "[infoservice@cbs.nl, infoservice@cbs.nl, infoservice@cbs.nl, , ]"
  },
  {
    "datasetIdentifierCode": "34e95842-4e4e-46de-9198-79e8cd4d30dc",
    "title": "Geografische Namen (Nat) - Nederland",
    "organisationName": "[Ministerie van Defensie, Koninklijke Marine, Dienst der Hydrografie, Ministerie van Defensie, Koninklijke Marine, Dienst der Hydrografie, Ministerie van Defensie, Koninklijke Marine, Dienst der Hydrografie]",
    "email": "[data@hydro.nl, data@hydro.nl, data@hydro.nl, , ]"
  },
  {
    "datasetIdentifierCode": "5a1adb58-0bbe-425d-b0fe-577a6c0a4228",
    "title": "Actueel Hoogtebestand Nederland 1 (AHN1)",
    "organisationName": "[Rijkswaterstaat, stuurgroep AHN, , Rijkswaterstaat, Rijkswaterstaat]",
    "email": "[servicedesk-data@rijkswaterstaat.nl, servicedesk-data@rijkswaterstaat.nl, , servicedesk-data@rijkswaterstaat.nl, servicedesk-data@rijkswaterstaat.nl]"
  },
  {
    "datasetIdentifierCode": "7939fd42-cf88-42c5-ab3b-232cf232a3ac",
    "title": "Actueel Hoogtebestand Nederland 2 (AHN2)",
    "organisationName": "[Rijkswaterstaat, stuurgroep AHN, , Rijkswaterstaat, Rijkswaterstaat]",
    "email": "[servicedesk-data@rijkswaterstaat.nl, servicedesk-data@rijkswaterstaat.nl, , servicedesk-data@rijkswaterstaat.nl, servicedesk-data@rijkswaterstaat.nl]"
  },
  {
    "datasetIdentifierCode": "9b583730-e750-485a-9c0c-39bf9be72cf9",
    "title": "Geluidbelasting rijkswegen in Nederland 2006 (24-uurs gemiddelde)",
    "organisationName": "[Rijkswaterstaat, Rijkswaterstaat, , Rijkswaterstaat, Rijkswaterstaat]",
    "email": "[servicedesk-data@rijkswaterstaat.nl, servicedesk-data@rijkswaterstaat.nl, , servicedesk-data@rijkswaterstaat.nl, servicedesk-data@rijkswaterstaat.nl]"
  },
  {
    "datasetIdentifierCode": "8de2f5eb-b09f-4f6d-8397-8878a1b86238",
    "title": "Geluidbelasting rijkswegen in Nederland 2011 (24-uurs gemiddelde)",
    "organisationName": "[Rijkswaterstaat, Rijkswaterstaat, , Rijkswaterstaat, Rijkswaterstaat]",
    "email": "[servicedesk-data@rijkswaterstaat.nl, servicedesk-data@rijkswaterstaat.nl, , servicedesk-data@rijkswaterstaat.nl, servicedesk-data@rijkswaterstaat.nl]"
  },
  {
    "datasetIdentifierCode": "eu-f297898-2640-44c2-bbe9-c0480da83794",
    "title": "Hydrografie - Netwerk (INSPIRE geharmoniseerd) - WT",
    "organisationName": "[Rijkswaterstaat, Rijkswaterstaat, , Rijkswaterstaat, Wetransform]",
    "email": "[servicedesk-data@rijkswaterstaat.nl, servicedesk-data@rijkswaterstaat.nl, , servicedesk-data@rijkswaterstaat.nl, info@wetransform.to]"
  },
  {
    "datasetIdentifierCode": "4783ea4f-6b8c-4600-8af0-516f3556cfe9",
    "title": "Kaderrichtlijn Water - Register Beschermd Gebied - Schelpdierwater 2008",
    "organisationName": "[Rijkswaterstaat, Rijkswaterstaat, , Rijkswaterstaat, Rijkswaterstaat]",
    "email": "[servicedesk-data@rijkswaterstaat.nl, servicedesk-data@rijkswaterstaat.nl, , servicedesk-data@rijkswaterstaat.nl, servicedesk-data@rijkswaterstaat.nl]"
  },
  {
    "datasetIdentifierCode": "5800f3b0-2ea2-4231-8165-216a7b26867f",
    "title": "Gemeten Koolstofmonoxide concentraties in buitenlucht.",
    "organisationName": "RIVM",
    "email": "[geodata@rivm.nl, geodata@rivm.nl]"
  },
  {
    "datasetIdentifierCode": "50eef6be-619d-4e16-9b92-48971109b636",
    "title": "Geluidbelasting rijkswegen in Nederland 2011 (nacht gemiddelde)",
    "organisationName": "[Rijkswaterstaat, Rijkswaterstaat, , Rijkswaterstaat, Rijkswaterstaat]",
    "email": "[servicedesk-data@rijkswaterstaat.nl, servicedesk-data@rijkswaterstaat.nl, , servicedesk-data@rijkswaterstaat.nl, servicedesk-data@rijkswaterstaat.nl]"
  },
  {
    "datasetIdentifierCode": "9b583730-e750-485a-9c0c-39bf9be72cf8",
    "title": "Geluidbelasting rijkswegen in Nederland 2016 (24-uurs gemiddelde)",
    "organisationName": "[Rijkswaterstaat, Rijkswaterstaat, , Rijkswaterstaat, Rijkswaterstaat]",
    "email": "[servicedesk-data@rijkswaterstaat.nl, servicedesk-data@rijkswaterstaat.nl, , servicedesk-data@rijkswaterstaat.nl, servicedesk-data@rijkswaterstaat.nl]"
  },
  {
    "datasetIdentifierCode": "cf69ec50-9849-4afd-853c-ee56211d336d",
    "title": "Waterstanden en afvoeren actueel - Rijkswaterstaat",
    "organisationName": "[Rijkswaterstaat, Rijkswaterstaat, , Rijkswaterstaat, Rijkswaterstaat]",
    "email": "[servicedesk-data@rijkswaterstaat.nl, servicedesk-data@rijkswaterstaat.nl, , servicedesk-data@rijkswaterstaat.nl, servicedesk-data@rijkswaterstaat.nl]"
  },
  {
    "datasetIdentifierCode": "f44dac86-2228-412f-8355-e56446ca9933",
    "title": "Gebieden in de Eemsmonding en de Dollard",
    "organisationName": "[Ministerie van Defensie, Koninklijke Marine, Dienst der Hydrografie, Ministerie van Defensie, Koninklijke Marine, Dienst der Hydrografie]",
    "email": "[data@hydro.nl, data@hydro.nl, data@hydro.nl]"
  },
  {
    "datasetIdentifierCode": "68ebd5c9-0ea1-4f22-9907-ec4c063cd3e2",
    "title": "Landelijk zoet en zoutwatermeetnet - Rijkswaterstaat",
    "organisationName": "[Rijkswaterstaat, Rijkswaterstaat, , Rijkswaterstaat, Rijkswaterstaat]",
    "email": "[servicedesk-data@rijkswaterstaat.nl, servicedesk-data@rijkswaterstaat.nl, , servicedesk-data@rijkswaterstaat.nl, servicedesk-data@rijkswaterstaat.nl]"
  },
  {
    "datasetIdentifierCode": "tbjk534p-wubf-crbp-cj25-d4161160gfim",
    "title": "Kaderrichtlijn Mariene Strategie - Bevroren monitoringsdata",
    "organisationName": "[Rijkswaterstaat, Rijkswaterstaat, , Rijkswaterstaat, Rijkswaterstaat]",
    "email": "[servicedesk-data@rijkswaterstaat.nl, servicedesk-data@rijkswaterstaat.nl, , servicedesk-data@rijkswaterstaat.nl, servicedesk-data@rijkswaterstaat.nl]"
  },
  {
    "datasetIdentifierCode": "cbeaebc3-815a-48af-a978-0e16892865fc",
    "title": "Vogelrichtlijn verspreidingsgebied van soorten",
    "organisationName": "[Ministerie van Economische Zaken - GIS Competence Center, Wageningen Environmental Research (Alterra), PDOK, Sovon Vogelonderzoek Nederland]",
    "email": "[geodatabeheer.giscc@rvo.nl, GeoDesk.CGI@wur.nl, geodatabeheer.giscc@rvo.nl, beheerPDOK@kadaster.nl, ]"
  },
  {
    "datasetIdentifierCode": "fcefa13c-44e2-4953-b6d6-1ddceebc57fc",
    "title": "Vogelrichtlijn verspreiding van soorten",
    "organisationName": "[Ministerie van Economische Zaken - GIS Competence Center, Wageningen Environmental Research (Alterra), PDOK, Sovon Vogelonderzoek Nederland]",
    "email": "[geodatabeheer.giscc@rvo.nl, GeoDesk.CGI@wur.nl, geodatabeheer.giscc@rvo.nl, beheerPDOK@kadaster.nl, ]"
  },
  {
    "datasetIdentifierCode": "af135cd8-d429-4fc7-b9e3-09e15217520d",
    "title": "Gemeten fijnere fractie van Fijn stof concentraties in buitenlucht.",
    "organisationName": "no organisationName found in dataset record",
    "email": "[geodata@rivm.nl, geodata@rivm.nl]"
  },
  {
    "datasetIdentifierCode": "24de356e-ec4d-4a18-9903-6401d222b77c",
    "title": "Vergunningen Mijnbouwwet onder INSPIRE",
    "organisationName": "[TNO Geologische Dienst Nederland, TNO Geologische Dienst Nederland, TNO Geologische Dienst Nederland]",
    "email": "[info@dinoloket.nl, info@dinoloket.nl, info@dinoloket.nl]"
  },
  {
    "datasetIdentifierCode": "a322184d-6285-4856-bb78-f450b30ffc0e",
    "title": "Bathymetrie Nederlands deel van de Noordzee dieper dan 10 m LAT",
    "organisationName": "[Ministerie van Defensie, Koninklijke Marine, Dienst der Hydrografie, Ministerie van Defensie, Koninklijke Marine, Dienst der Hydrografie]",
    "email": "[data@hydro.nl, data@hydro.nl, data@hydro.nl, , ]"
  },
  {
    "datasetIdentifierCode": "c2225e5d-b46f-4e38-8445-ab10fd40c0dc",
    "title": "Blokindeling Nederlands Continentaal Plat",
    "organisationName": "[Ministerie van Defensie, Koninklijke Marine, Dienst der Hydrografie, Ministerie van Defensie, Koninklijke Marine, Dienst der Hydrografie, Ministerie van Defensie, Koninklijke Marine, Dienst der Hydrografie]",
    "email": "[data@hydro.nl, data@hydro.nl, data@hydro.nl]"
  },
  {
    "datasetIdentifierCode": "be1b1514-8d1f-48e1-9624-fee9b784138b",
    "title": "Vaarwegmarkeringen Nederland",
    "organisationName": "[Rijkswaterstaat, Rijkswaterstaat, , Rijkswaterstaat, Rijkswaterstaat]",
    "email": "[servicedesk-data@rijkswaterstaat.nl, servicedesk-data@rijkswaterstaat.nl, , servicedesk-data@rijkswaterstaat.nl, servicedesk-data@rijkswaterstaat.nl]"
  },
  {
    "datasetIdentifierCode": "3e57ce43-7707-43ed-a4b9-72b3a6d812f8",
    "title": "Geluidkaart hoofdspoornet 2011 (Lnight)",
    "organisationName": "[Ministerie van IenW, Ministerie van IenW]",
    "email": "[sylvia.koolmees@minienw.nl, sylvia.koolmees@minienw.nl]"
  },
  {
    "datasetIdentifierCode": "58e7dc38-a498-4852-b4ef-908f5baa9056",
    "title": "Begrenzingen van vergunde ontgrondingsgebieden voor zand- en grindwinning",
    "organisationName": "[Interprovinciaal Overleg, Interprovinciaal Overleg, Interprovinciaal Overleg]",
    "email": "[inspire@gbo-provincies.nl, inspire@gbo-provincies.nl, inspire@gbo-provincies.nl]"
  },
  {
    "datasetIdentifierCode": "a04afee4-47d5-45b7-b7a0-a6f86106af11",
    "title": "Mosselzaadinvanginstallaties",
    "organisationName": "no organisationName found in dataset record",
    "email": "[geodatabeheer.giscc@rvo.nl, VR@minez.nl, geodatabeheer.giscc@rvo.nl, beheer@pdok.nl]"
  },
  {
    "datasetIdentifierCode": "12bb57cd-73e0-41ba-a1e9-6d986b9109d3",
    "title": "Human Health NL NUTS2",
    "organisationName": "[Statistics Netherlands, Statistics Netherlands, Statistics Netherlandds, Statistics Netherlands]",
    "email": "[infoservice@cbs.nl, infoservice@cbs.nl, infoservice@cbs.nl, , ]"
  },
  {
    "datasetIdentifierCode": "32a21114-8694-40ce-ab76-9dcd885c7861",
    "title": "Kwaliteit van drinkwater in Nederland (2012)",
    "organisationName": "[RIVM, ]",
    "email": "[geodata@rivm.nl, , geodata@rivm.nl]"
  },
  {
    "datasetIdentifierCode": "d845cef6-0e23-4212-a951-b69763e39ef0",
    "title": "Windsnelheden op 100m hoogte (m/s)",
    "organisationName": "no organisationName found in dataset record",
    "email": "[geodatabeheer.giscc@rvo.nl, geodatabeheer.giscc@rvo.nl, ]"
  },
  {
    "datasetIdentifierCode": "7f5d7945-8fa8-4d36-be4c-2fdb3c7d613b",
    "title": "Luchtfoto 2018 25cm CIR open data",
    "organisationName": "[Kadaster, Het Waterschapshuis, Kadaster, Eurosense, Eurosense, Eurosense, Kadaster, Kadaster]",
    "email": "[PPB-GVA@kadaster.nl, info@hetwaterschapshuis.nl, kcc@kadaster.nl, , , , , , ]"
  },
  {
    "datasetIdentifierCode": "844404a2-9cd0-452e-b29a-74588777485a",
    "title": "Geluidkaart hoofdspoornet 2011 (Lden)",
    "organisationName": "[Ministerie van IenW, Ministerie van IenW]",
    "email": "[sylvia.koolmees@minienw.nl, sylvia.koolmees@minienw.nl]"
  },
  {
    "datasetIdentifierCode": "3a72b9a4-cda9-11ea-87d0-0242ac130003",
    "title": "Grondwater Monitoring Net",
    "organisationName": "[TNO Geologische Dienst Nederland, TNO Geologische Dienst Nederland, TNO Geologische Dienst Nederland]",
    "email": "[info@bro.nl, Info@bro.nl, info@dinoloket.nl]"
  },
  {
    "datasetIdentifierCode": "380aa01e-dce7-11e3-9f07-901b0e19e163",
    "title": "Netwerk van KNMI waarneemstations",
    "organisationName": "[Koninklijk Nederlands Meteorologisch Instituut (KNMI), Koninklijk Nederlands Meteorologisch Instituut (KNMI), Koninklijk Nederlands Meteorologisch Instituut (KNMI)]",
    "email": "[datacentrum@knmi.nl, datacentrum@knmi.nl, datacentrum@knmi.nl]"
  },
  {
    "datasetIdentifierCode": "5951efa2-1ff3-4763-a966-a2f5497679ee",
    "title": "Vervoersnetwerken - Waterwegen (INSPIRE geharmoniseerd)",
    "organisationName": "[Kadaster, Kadaster]",
    "email": "[PPB-GVA@kadaster.nl, kcc@kadaster.nl]"
  },
  {
    "datasetIdentifierCode": "25294679-adb9-4c39-a93b-6954ff9414ac",
    "title": "Waterstanden en afvoeren verwacht - Rijkswaterstaat",
    "organisationName": "[Rijkswaterstaat, Rijkswaterstaat, , Rijkswaterstaat, Rijkswaterstaat]",
    "email": "[servicedesk-data@rijkswaterstaat.nl, servicedesk-data@rijkswaterstaat.nl, , servicedesk-data@rijkswaterstaat.nl, servicedesk-data@rijkswaterstaat.nl]"
  },
  {
    "datasetIdentifierCode": "88f76a94-ee4d-4e0c-9fde-91b692403e39",
    "title": "Natuurbranden",
    "organisationName": "[Interprovinciaal Overleg, Interprovinciaal Overleg, Interprovinciaal Overleg]",
    "email": "[inspire@gbo-provincies.nl, inspire@gbo-provincies.nl, inspire@gbo-provincies.nl]"
  },
  {
    "datasetIdentifierCode": "eu-cb527d-f6db-4835-b0cd-deb245241254",
    "title": "Vervoersnetwerken - Wegen (INSPIRE geharmoniseerd) - RWS",
    "organisationName": "[Rijkswaterstaat, Rijkswaterstaat, , Beheer PDOK, Rijkswaterstaat]",
    "email": "[servicedesk-data@rijkswaterstaat.nl, beheerPDOK@kadaster.nl, , beheerPDOK@kadaster.nl, servicedesk-data@rijkswaterstaat.nl]"
  },
  {
    "datasetIdentifierCode": "03671a9e-6aaf-464d-be99-9aad25cef9e3",
    "title": "Habitatrichtlijn verspreidingsgebied van habitattypen",
    "organisationName": "[Ministerie van Economische Zaken - GIS Competence Center, , Wageningen Environmental Research (Alterra), PDOK, Alterra]",
    "email": "[geodatabeheer.giscc@rvo.nl, , GeoDesk.CGI@wur.nl, geodatabeheer.giscc@rvo.nl, beheerPDOK@kadaster.nl, ]"
  },
  {
    "datasetIdentifierCode": "a7fb2234-f7b4-4a03-b282-f10947f42fb1",
    "title": "Kaart van de bodemopbouw in Nederland 1:50.000 onder INSPIRE",
    "organisationName": "[TNO Geologische Dienst Nederland, Alterra, Wageningen UR, TNO Geologische Dienst Nederland]",
    "email": "[info@dinoloket.nl, geodesk.cgi@wur.nl, info@dinoloket.nl]"
  },
  {
    "datasetIdentifierCode": "831f7bd7-c2ae-4336-bd2f-47ab20d7cdb7",
    "title": "Vaarweg Informatie Nederland - bevaarbaarheid (VIN)",
    "organisationName": "[Rijkswaterstaat, Rijkswaterstaat, , Rijkswaterstaat, Rijkswaterstaat]",
    "email": "[servicedesk-data@rijkswaterstaat.nl, servicedesk-data@rijkswaterstaat.nl, , servicedesk-data@rijkswaterstaat.nl, servicedesk-data@rijkswaterstaat.nl]"
  },
  {
    "datasetIdentifierCode": "9d9f1738-aced-47c9-aaa0-c62474a2dcfb",
    "title": "Zeegebieden",
    "organisationName": "[Kadaster, Kadaster, Kadaster]",
    "email": "[PPB-GVA@kadaster.nl, kcc@kadaster.nl, kcc@kadaster.nl]"
  },
  {
    "datasetIdentifierCode": "a5f961e9-ebdd-41e2-b8e8-ab33ed340a83",
    "title": "Adressen (INSPIRE geharmoniseerd)",
    "organisationName": "[Kadaster, Kadaster]",
    "email": "[PPB-GVA@kadaster.nl, kcc@kadaster.nl]"
  },
  {
    "datasetIdentifierCode": "f91c6ad6-62a5-46d0-8a5b-8a62e7a4b833",
    "title": "Gemeten Stikstofmonoxide concentraties in buitenlucht.",
    "organisationName": "no organisationName found in dataset record",
    "email": "[geodata@rivm.nl, geodata@rivm.nl]"
  },
  {
    "datasetIdentifierCode": "0d6ccccc-7cfb-4eaa-8dc5-8b433d19b121",
    "title": "Landbouwbedrijven",
    "organisationName": "no organisationName found in dataset record",
    "email": "[geodatabeheer.giscc@rvo.nl, gegevensvragenASB@rvo.nl, gegevensvragenASB@rvo.nl]"
  },
  {
    "datasetIdentifierCode": "64c987ec-dce6-11e3-8563-901b0e19e163",
    "title": "Actuele synoptische weerwaarnemingen KNMI Nederland per 10 minuten (24 uur)",
    "organisationName": "[Koninklijk Nederlands Meteorologisch Instituut (KNMI), Koninklijk Nederlands Meteorologisch Instituut (KNMI), Koninklijk Nederlands Meteorologisch Instituut (KNMI)]",
    "email": "[datacentrum@knmi.nl, datacentrum@knmi.nl, datacentrum@knmi.nl]"
  },
  {
    "datasetIdentifierCode": "29c17585-e702-463f-a5dc-99d34b17d333",
    "title": "RDinfo",
    "organisationName": "[Kadaster, Dienst van Het Kadaster en Openbare Registers, Dienst voor het Kadaster en de Openbare Registers]",
    "email": "[PPB-GVA@kadaster.nl, kcc@kadaster.nl, rd@kadaster.nl]"
  },
  {
    "datasetIdentifierCode": "73ec579e-c906-433a-b0b6-d3aa33421558",
    "title": "Luchtvaartinformatie",
    "organisationName": "[Luchtverkeersleiding Nederland (LVNL), Luchtverkeersleiding Nederland (LVNL)]",
    "email": "[AIS@LVNL.NL, AIS@LVNL.nl]"
  },
  {
    "datasetIdentifierCode": "2cc2c30c-91b8-412a-a060-e84d25272581",
    "title": "Zones en agglomeraties (Richtlijn Luchtkwaliteit) 2013",
    "organisationName": "no organisationName found in dataset record",
    "email": "[geodata@rivm.nl, , geodata@rivm.nl]"
  },
  {
    "datasetIdentifierCode": "d6b85d84-cdb9-4a6e-b799-cf8826e22a94",
    "title": "Ligging industrie en CO2 emissies",
    "organisationName": "Ministerie van Economische Zaken - GIS Competence Center",
    "email": "[geodatabeheer.giscc@rvo.nl, geodatabeheer.giscc@rvo.nl]"
  },
  {
    "datasetIdentifierCode": "791adbe3-772f-42cb-a3be-5a617bcecef0",
    "title": "Zeegebieden (INSPIRE geharmoniseerd)",
    "organisationName": "[Kadaster, Kadaster]",
    "email": "[PPB-GVA@kadaster.nl, kcc@kadaster.nl]"
  },
  {
    "datasetIdentifierCode": "500d396f-5ec6-4e4b-a151-5fb3cddd8082",
    "title": "Gemeten Zwaveldioxide concentraties in buitenlucht.",
    "organisationName": "no organisationName found in dataset record",
    "email": "[geodata@rivm.nl, geodata@rivm.nl]"
  },
  {
    "datasetIdentifierCode": "14657c9b-91e4-4355-8563-2911ad0e78e4",
    "title": "Vervoersnetwerken - Gemeenschappelijke elementen (INSPIRE geharmoniseerd)",
    "organisationName": "[Kadaster, Kadaster]",
    "email": "[PPB-GVA@kadaster.nl, kcc@kadaster.nl]"
  },
  {
    "datasetIdentifierCode": "edf79e6a-d73d-4def-8d22-0f495cc76a73",
    "title": "Bronbestanden waterkwaliteit",
    "organisationName": "[Informatiehuis Water, Informatiehuis Water]",
    "email": "[servicedesk@ihw.nl, servicedesk@ihw.nl]"
  },
  {
    "datasetIdentifierCode": "adn73c4a-ef03-4785-b7f6-942e86b385f7",
    "title": "Bathymetrie Nederland - binnenwateren",
    "organisationName": "[Rijkswaterstaat, Rijkswaterstaat, , Rijkswaterstaat, Rijkswaterstaat]",
    "email": "[servicedesk-data@rijkswaterstaat.nl, servicedesk-data@rijkswaterstaat.nl, , servicedesk-data@rijkswaterstaat.nl, servicedesk-data@rijkswaterstaat.nl]"
  },
  {
    "datasetIdentifierCode": "6050578f-0010-4bfa-b013-c8617b80ba62",
    "title": "Grondwatersamenstellinggegevens KRW meetronde 2012 onder INSPIRE",
    "organisationName": "[TNO Geologische Dienst Nederland, TNO Geologische Dienst Nederland, TNO Geologische Dienst Nederland]",
    "email": "[info@dinoloket.nl, info@dinoloket.nl, info@dinoloket.nl]"
  },
  {
    "datasetIdentifierCode": "b59f06c0-dce5-11e3-9c10-901b0e19e163",
    "title": "Aardbevingen Nederland (KNMI)",
    "organisationName": "[Koninklijk Nederlands Meteorologisch Instituut (KNMI), Koninklijk Nederlands Meteorologisch Instituut (KNMI), Koninklijk Nederlands Meteorologisch Instituut (KNMI)]",
    "email": "[datacentrum@knmi.nl, datacentrum@knmi.nl, datacentrum@knmi.nl]"
  },
  {
    "datasetIdentifierCode": "d9baa847-4652-4588-abe1-0b050f40f27f",
    "title": "Ziekenhuizen in Nederland (september 2013)",
    "organisationName": "no organisationName found in dataset record",
    "email": "[atlas@rivm.nl, , geodata@rivm.nl]"
  },
  {
    "datasetIdentifierCode": "e3b0da1e-0664-4025-b3f5-a54d74a26450",
    "title": "zoutvelden en zoutproductieputten onder INSPIRE",
    "organisationName": "[TNO Geologische Dienst Nederland, TNO Geologische Dienst Nederland, TNO Geologische Dienst Nederland]",
    "email": "[info@dinoloket.nl, info@dinoloket.nl, info@dinoloket.nl]"
  },
  {
    "datasetIdentifierCode": "002d9127-c16d-4b8d-9f5e-102a8c8e36c4",
    "title": "Geluidkaart hoofdspoornet 2016 (Lnight)",
    "organisationName": "[Ministerie van IenW, Ministerie van IenW]",
    "email": "[sylvia.koolmees@minienw.nl, sylvia.koolmees@minienw.nl]"
  },
  {
    "datasetIdentifierCode": "9dd9bf30-36e6-45ae-b368-bdef2720bdde",
    "title": "Bodemkundig boormonsterprofiel onder INSPIRE",
    "organisationName": "[TNO Geologische Dienst Nederland, Alterra, Wageningen UR, TNO Geologische Dienst Nederland]",
    "email": "[info@dinoloket.nl, geodesk.cgi@wur.nl, info@dinoloket.nl]"
  },
  {
    "datasetIdentifierCode": "1a40eb6f-4f33-4e15-a0b1-2d350ad2636e",
    "title": "Geografische Namen (INSPIRE geharmoniseerd)",
    "organisationName": "[Kadaster, Kadaster]",
    "email": "[PPB-GVA@kadaster.nl, kcc@kadaster.nl]"
  },
  {
    "datasetIdentifierCode": "3703b249-a0eb-484e-ba7a-10e31a55bcec",
    "title": "Invasieve Exoten (INSPIRE Geharmoniseerd)",
    "organisationName": "Ministerie van Landbouw, Natuur en Voedselkwaliteit",
    "email": "[geodatabeheer.giscc@rvo.nl, Geodatabeheer.GISCC@rvo.nl]"
  },
  {
    "datasetIdentifierCode": "10d1153e-778f-4995-9b6c-7c69b196cccb",
    "title": "Statistical Units Vector",
    "organisationName": "[Statistics Netherlands, Statistics Netherlands, Statistics Netherlandds, Statistics Netherlands]",
    "email": "[infoservice@cbs.nl, infoservice@cbs.nl, infoservice@cbs.nl, , ]"
  },
  {
    "datasetIdentifierCode": "5b274449-b6c2-4672-a32f-e0bd40975a53",
    "title": "Luchtfoto 2018 25cm RGB open data",
    "organisationName": "[Kadaster, Het Waterschapshuis, Kadaster, Eurosense, Eurosense, Eurosense, Kadaster, Kadaster]",
    "email": "[PPB-GVA@kadaster.nl, info@hetwaterschapshuis.nl, kcc@kadaster.nl, , , , , , ]"
  },
  {
    "datasetIdentifierCode": "c5c4a6d6-b850-473c-8ab5-af9c2c550809",
    "title": "Administratieve Eenheden",
    "organisationName": "[Kadaster, Kadaster en Openbare Registers, Kadaster en de Openbare Registers]",
    "email": "[PPB-GVA@kadaster.nl, kcc@kadaster.nl, kcc@kadaster.nl]"
  },
  {
    "datasetIdentifierCode": "29d5310f-dd0d-45ba-abad-b4ffc6b8785f",
    "title": "TOP10NL",
    "organisationName": "[Kadaster, Kadaster, Kadaster, Kadaster, Kadaster, Kadaster, Kadaster, Kadaster, Kadaster]",
    "email": "[PPB-GVA@kadaster.nl, kcc@kadaster.nl, kcc@kadaster.nl, , , , , , ]"
  },
  {
    "datasetIdentifierCode": "dc5b522e-3e14-4738-9e8e-2401e1b19ef2",
    "title": "Potentieel koude en warmte uit open en gesloten WKO systemen (GJ/ha.jaar)",
    "organisationName": "[Ministerie van Economische Zaken - GIS Competence Center, Ministerie van Economische Zaken - GIS Competence Center]",
    "email": "[geodatabeheer.giscc@rvo.nl, geodatabeheer.giscc@rvo.nl, geodatabeheer.giscc@rvo.nl]"
  },
  {
    "datasetIdentifierCode": "db8d613f-5edc-4467-9cc0-e2dcfb9d64a8",
    "title": "Statistical Units Grid",
    "organisationName": "[Statistics Netherlands, Statistics Netherlands, Statistics Netherlandds, Statistics Netherlands]",
    "email": "[infoservice@cbs.nl, infoservice@cbs.nl, infoservice@cbs.nl, , ]"
  },
  {
    "datasetIdentifierCode": "977e0e94-7aa9-4784-b2da-eaec44adb61b",
    "title": "Habitatrichtlijn verspreiding van habitattypen",
    "organisationName": "[Ministerie van Economische Zaken - GIS Competence Center, Wageningen Environmental Research (Alterra), PDOK, Alterra]",
    "email": "[geodatabeheer.giscc@rvo.nl, GeoDesk.CGI@wur.nl, geodatabeheer.giscc@rvo.nl, beheerPDOK@kadaster.nl, ]"
  },
  {
    "datasetIdentifierCode": "58d39928-f502-48c9-a8c1-03244dc181bf",
    "title": "Geluidkaart Schiphol 2016 (Lnight)",
    "organisationName": "[Ministerie van IenW, Ministerie van IenW]",
    "email": "[sylvia.koolmees@minienw.nl, sylvia.koolmees@minienw.nl]"
  },
  {
    "datasetIdentifierCode": "3a7dd0a6-d130-4c4c-b0ba-24365cf036e2",
    "title": "Vervoersnetwerken - Spoorwegen (INSPIRE geharmoniseerd)",
    "organisationName": "[Kadaster, Kadaster]",
    "email": "[PPB-GVA@kadaster.nl, kcc@kadaster.nl]"
  },
  {
    "datasetIdentifierCode": "588a4cb1-b442-4ac1-87e4-40401e353166",
    "title": "Jaarcijfers Landelijk Meetnet Luchtkwaliteit 2012",
    "organisationName": "no organisationName found in dataset record",
    "email": "[geodata@rivm.nl, , geodata@rivm.nl]"
  },
  {
    "datasetIdentifierCode": "7c24ea89-074e-4c4f-91e3-d38e813e9cb6",
    "title": "Luchtfoto 2017 25cm CIR open data",
    "organisationName": "[Kadaster, Het Waterschapshuis, Kadaster, Eurosense, Eurosense, Eurosense, Kadaster, Kadaster]",
    "email": "[PPB-GVA@kadaster.nl, info@hetwaterschapshuis.nl, kcc@kadaster.nl, , , , , , ]"
  },
  {
    "datasetIdentifierCode": "d8f370e8-123c-4ab3-9410-04f728327ac6",
    "title": "Gemeten Ozon concentraties in buitenlucht.",
    "organisationName": "no organisationName found in dataset record",
    "email": "[geodata@rivm.nl, geodata@rivm.nl]"
  },
  {
    "datasetIdentifierCode": "b3f66964-a8c1-456f-9799-9cafca2cb7b1",
    "title": "Monitoring stations (Nitraatrichtlijn) ondiepe filters",
    "organisationName": "no organisationName found in dataset record",
    "email": "[geodata@rivm.nl, , geodata@rivm.nl]"
  },
  {
    "datasetIdentifierCode": "c7662717-9e43-4367-a344-723d73abbb3e",
    "title": "-Gegevens boormonsterprofiel onder PDOK",
    "organisationName": "[TNO Geologische Dienst Nederland, TNO Geologische Dienst Nederland]",
    "email": "[info@dinoloket, info@dinoloket.nl]"
  },
  {
    "datasetIdentifierCode": "8b0b02a0-1e1b-4cda-bcfe-6fa0f738e38f",
    "title": "Emissies naar het riool in 2011 vanuit de industrie",
    "organisationName": "no organisationName found in dataset record",
    "email": "[emissieregistratie@rivm.nl, , emissieregistratie@rivm.nl]"
  },
  {
    "datasetIdentifierCode": "7dd1fd45-ace5-41e0-93a6-64e3be231717",
    "title": "Administratieve Eenheden (INSPIRE geharmoniseerd)",
    "organisationName": "[Kadaster, Kadaster]",
    "email": "[PPB-GVA@kadaster.nl, kcc@kadaster.nl]"
  },
  {
    "datasetIdentifierCode": "4617f0e0-6af4-4ac0-9044-31df9d03071c",
    "title": "Gebieden in de territoriale zee",
    "organisationName": "[Ministerie van Defensie, Koninklijke Marine, Dienst der Hydrografie, Ministerie van Defensie, Koninklijke Marine, Dienst der Hydrografie, Ministerie van Defensie, Koninklijke Marine, Dienst der Hydrografie]",
    "email": "[data@hydro.nl, data@hydro.nl, data@hydro.nl, , ]"
  },
  {
    "datasetIdentifierCode": "08b27bf0-e34a-4b30-9eac-5edadfb6a288",
    "title": "Afgevoerde hoeveelheid afval in 2015 vanuit de industrie",
    "organisationName": "no organisationName found in dataset record",
    "email": "[emissieregistratie@rivm.nl, , emissieregistratie@rivm.nl]"
  },
  {
    "datasetIdentifierCode": "f1d27179-36eb-4376-8048-f51d2eb23a09",
    "title": "Nederlands deel PSSA Waddenzee",
    "organisationName": "[Ministerie van Defensie, Koninklijke Marine, Dienst der Hydrografie, Ministerie van Defensie, Koninklijke Marine, Dienst der Hydrografie, Ministerie van Defensie, Koninklijke Marine, Dienst der Hydrografie]",
    "email": "[data@hydro.nl, data@hydro.nl, data@hydro.nl, , ]"
  },
  {
    "datasetIdentifierCode": "9ed6b8ed-254a-4745-a09a-3b57137d1b69",
    "title": "Luchtfoto 2019 25cm CIR open data",
    "organisationName": "[Kadaster, Het Waterschapshuis, Kadaster, Geocart, Geocart, Geocart, Kadaster, Kadaster]",
    "email": "[PPB-GVA@kadaster.nl, info@hetwaterschapshuis.nl, kcc@kadaster.nl, , , , , , ]"
  },
  {
    "datasetIdentifierCode": "a29917b9-3426-4041-a11b-69bcb2256904",
    "title": "Kadastrale kaart v4",
    "organisationName": "[Kadaster, Kadaster en Openbare Registers, Dienst voor het Kadaster en de Openbare Registers]",
    "email": "[PPB-GVA@kadaster.nl, kcc@kadaster.nl, kcc@kadaster.nl, , ]"
  },
  {
    "datasetIdentifierCode": "07575774-57a1-4419-bab4-6c88fdeb02b2",
    "title": "Hydrografie waterschappen INSPIRE",
    "organisationName": "[Het Waterschapshuis, Het Waterschapshuis, Het Waterschapshuis, Het Waterschapshuis]",
    "email": "[datastromen@hetwaterschapshuis.nl, datastromen@hetwaterschapshuis.nl, , datastromen@hetwaterschapshuis.nl]"
  },
  {
    "datasetIdentifierCode": "b6ee58a1-b097-4c6d-8600-eb81efc1468c",
    "title": "Productie/industrie-inrichtingen (o.b.v. SBI-codes) uit {Risico Register Gevaarlijke stoffen (RRGS)}",
    "organisationName": "[Interprovinciaal Overleg, Interprovinciaal Overleg, Interprovinciaal Overleg]",
    "email": "[inspire@gbo-provincies.nl, inspire@gbo-provincies.nl, inspire@gbo-provincies.nl]"
  },
  {
    "datasetIdentifierCode": "36a7e8cb-8300-4602-93d2-135943365a6f",
    "title": "Monitoring stations (Nitraatrichtlijn) diepe filters",
    "organisationName": "no organisationName found in dataset record",
    "email": "[geodata@rivm.nl, , geodata@rivm.nl]"
  },
  {
    "datasetIdentifierCode": "64ff8561-5c56-4cc1-ae0e-94366fb70b7e",
    "title": "Luchtfoto 2019 25cm RGB open data",
    "organisationName": "[Kadaster, Het Waterschapshuis, Kadaster, Geocart, Geocart, Geocart, Kadaster, Kadaster]",
    "email": "[PPB-GVA@kadaster.nl, info@hetwaterschapshuis.nl, kcc@kadaster.nl, , , , , , ]"
  },
  {
    "datasetIdentifierCode": "daa63e4c-dce6-11e3-991e-901b0e19e163",
    "title": "Gecontroleerde klimatologische daggegevens KNMI Nederland",
    "organisationName": "[Koninklijk Nederlands Meteorologisch Instituut (KNMI), Koninklijk Nederlands Meteorologisch Instituut (KNMI), Koninklijk Nederlands Meteorologisch Instituut (KNMI)]",
    "email": "[datacentrum@knmi.nl, datacentrum@knmi.nl, datacentrum@knmi.nl]"
  },
  {
    "datasetIdentifierCode": "6c1cf452-8c62-4046-99ab-640a5e184f9c",
    "title": "Geologisch booronderzoek onder INSPIRE",
    "organisationName": "[TNO Geologische Dienst Nederland, TNO Geologische Dienst Nederland, TNO Geologische Dienst Nederland]",
    "email": "[info@dinoloket.nl, info@dinoloket.nl, info@dinoloket.nl]"
  },
  {
    "datasetIdentifierCode": "3387ef8a-9237-453a-aa4e-585d1e193550",
    "title": "Nationaal Beschermde Gebieden (CDDA) (INSPIRE geharmoniseerd)",
    "organisationName": "[Ministerie van Economische Zaken - GIS Competence Center, Ministerie van Landbouw, Natuur en Voedselkwaliteit, Ministerie van Economische Zaken - GIS Competence Center]",
    "email": "[geodatabeheer.giscc@rvo.nl, geodatabeheer.giscc@rvo.nl, geodatabeheer.giscc@rvo.nl]"
  },
  {
    "datasetIdentifierCode": "d24ccb35-e9d2-41bf-b231-43083fc0c76d",
    "title": "LCP emissies (Richtlijn Industriële emissies) 2016",
    "organisationName": "no organisationName found in dataset record",
    "email": "[emissieregistratie@rivm.nl, , emissieregistratie@rivm.nl]"
  },
  {
    "datasetIdentifierCode": "adn73c4a-ef03-4785-b7f6-942e86b385f5",
    "title": "Bathymetrie Nederland - kust",
    "organisationName": "[Rijkswaterstaat, Rijkswaterstaat, , Rijkswaterstaat, Rijkswaterstaat]",
    "email": "[servicedesk-data@rijkswaterstaat.nl, servicedesk-data@rijkswaterstaat.nl, , servicedesk-data@rijkswaterstaat.nl, servicedesk-data@rijkswaterstaat.nl]"
  },
  {
    "datasetIdentifierCode": "ad6caa40-89ab-47e3-85ab-3f8e32024a71",
    "title": "Emissies naar lucht en water in 2011 vanuit de industrie",
    "organisationName": "no organisationName found in dataset record",
    "email": "[emissieregistratie@rivm.nl, , emissieregistratie@rivm.nl]"
  },
  {
    "datasetIdentifierCode": "afc450bd-65b3-4e59-b0fb-619869bf6ada",
    "title": "Landelijk grondwaterregister - Faciliteiten voor productie en industrie",
    "organisationName": "[Interprovinciaal Overleg, Interprovinciaal Overleg, Interprovinciaal Overleg, Interprovinciaal Overleg, Interprovinciaal Overleg]",
    "email": "[inspire@gbo-provincies.nl, inspire@gbo-provincies.nl, inspire@gbo-provincies.nl, , ]"
  },
  {
    "datasetIdentifierCode": "F646DFB9-5BF6-EAB9-042B-CAB6FF2DC275",
    "title": "BRO Digital Geological Model (DGM)",
    "organisationName": "[TNO Geologische Dienst Nederland, TNO Geologische Dienst Nederland, TNO Geologische Dienst Nederland]",
    "email": "[info@bro.nl, info@bro.nl, info@dinoloket.nl]"
  },
  {
    "datasetIdentifierCode": "E7D9F0D6-2B8D-6699-F26E-4A781228F2DD",
    "title": "BRO REGIS II Hydrogeologisch model (HGM)",
    "organisationName": "[TNO Geologische Dienst Nederland, TNO Geologische Dienst Nederland, TNO Geologische Dienst Nederland]",
    "email": "[info@bro.nl, info@bro.nl, info@dinoloket.nl]"
  },
  {
    "datasetIdentifierCode": "7D35598D-DFBF-C64D-0F1A-92A80A45EB14",
    "title": "BRO GeoTOP (GTM)",
    "organisationName": "[TNO Geologische Dienst Nederland, TNO Geologische Dienst Nederland, TNO Geologische Dienst Nederland]",
    "email": "[info@bro.nl, info@bro.nl, info@dinoloket.nl]"
  },
  {
    "datasetIdentifierCode": "34e6165f-1269-48d1-b255-0f05d163d692",
    "title": "Geluidszones rondom bedrijventerreinen zowel provinciaal als gemeentelijk",
    "organisationName": "[Interprovinciaal Overleg, Interprovinciaal Overleg, Interprovinciaal Overleg]",
    "email": "[inspire@gbo-provincies.nl, inspire@gbo-provincies.nl, inspire@gbo-provincies.nl]"
  },
  {
    "datasetIdentifierCode": "71c2b7d2-a1a8-4836-b8d4-7247d331b04d",
    "title": "CBS Provincies 2012",
    "organisationName": "[Centraal Bureau voor de Statistiek, Centraal Bureau voor de Statistiek, Centraal Bureau voor de Statistiek, Kadaster]",
    "email": "[infoservice@cbs.nl, infoservice@cbs.nl, infoservice@cbs.nl, , ]"
  },
  {
    "datasetIdentifierCode": "eu-2c7040b-c448-451b-bf15-f2416ecaadd1",
    "title": "Vervoersnetwerken - Waterwegen (INSPIRE geharmoniseerd) - WT",
    "organisationName": "[Rijkswaterstaat, Rijkswaterstaat, , Rijkswaterstaat, Wetransform]",
    "email": "[servicedesk-data@rijkswaterstaat.nl, servicedesk-data@rijkswaterstaat.nl, , servicedesk-data@rijkswaterstaat.nl, info@wetransform.to]"
  },
  {
    "datasetIdentifierCode": "a5241416-8401-4623-be61-57ef50447a41",
    "title": "Maritieme grenzen - Noordzee",
    "organisationName": "[Ministerie van Defensie, Koninklijke Marine, Dienst der Hydrografie, Ministerie van Defensie, Koninklijke Marine, Dienst der Hydrografie, Ministerie van Defensie, Koninklijke Marine, Dienst der Hydrografie]",
    "email": "[data@hydro.nl, data@hydro.nl, data@hydro.nl, , ]"
  },
  {
    "datasetIdentifierCode": "6318009c-7b11-4ab9-9929-735584dfb692",
    "title": "Land Use 2015",
    "organisationName": "[Statistics Netherlands, Statistics Netherlands, PDOK]",
    "email": "[infoservice@cbs.nl, infoservice@cbs.nl, , , ]"
  },
  {
    "datasetIdentifierCode": "2daad588-11ef-47de-9832-6fe2c3b93e6d",
    "title": "Overstromingsrisicokaarten",
    "organisationName": "[Interprovinciaal Overleg, Interprovinciaal Overleg, Interprovinciaal Overleg]",
    "email": "[inspire@gbo-provincies.nl, inspire@gbo-provincies.nl, inspire@gbo-provincies.nl]"
  },
  {
    "datasetIdentifierCode": "bc2c53f6-c908-4d7c-a6c0-78d9a2855640",
    "title": "Overstromingsgevaarkaarten",
    "organisationName": "[Interprovinciaal Overleg, Interprovinciaal Overleg, Interprovinciaal Overleg]",
    "email": "[inspire@gbo-provincies.nl, inspire@gbo-provincies.nl, inspire@gbo-provincies.nl]"
  },
  {
    "datasetIdentifierCode": "60a2a7c2-d5b3-4ad5-b562-c448695357fb",
    "title": "Nationale Landschappen",
    "organisationName": "[Interprovinciaal Overleg, Interprovinciaal Overleg, Interprovinciaal Overleg]",
    "email": "[inspire@gbo-provincies.nl, inspire@gbo-provincies.nl, inspire@gbo-provincies.nl]"
  },
  {
    "datasetIdentifierCode": "f5f68d51-2ca4-4897-8227-d3938b2b0a7e",
    "title": "Afvalinrichtingen inclusief nucleaire inrichtingen",
    "organisationName": "[Interprovinciaal Overleg, Interprovinciaal Overleg, Interprovinciaal Overleg]",
    "email": "[inspire@gbo-provincies.nl, inspire@gbo-provincies.nl, inspire@gbo-provincies.nl]"
  },
  {
    "datasetIdentifierCode": "cc408b2d-09a6-4b2b-9aa3-b46bfe2f00a5",
    "title": "Stiltegebieden",
    "organisationName": "[Interprovinciaal Overleg, Interprovinciaal Overleg, Interprovinciaal Overleg]",
    "email": "[inspire@gbo-provincies.nl, inspire@gbo-provincies.nl, inspire@gbo-provincies.nl]"
  },
  {
    "datasetIdentifierCode": "ca94a0cb-7561-4a10-a7d6-b840e56c33ff",
    "title": "Provinciale monumenten",
    "organisationName": "[Interprovinciaal Overleg, Interprovinciaal Overleg, Interprovinciaal Overleg]",
    "email": "[inspire@gbo-provincies.nl, inspire@gbo-provincies.nl, inspire@gbo-provincies.nl]"
  },
  {
    "datasetIdentifierCode": "998ba1dc-f6a6-49a3-a021-51f30d9b1d0e",
    "title": "Wet Ammoniak en Veehouderij gebieden",
    "organisationName": "[Interprovinciaal Overleg, Interprovinciaal Overleg, Interprovinciaal Overleg]",
    "email": "[inspire@gbo-provincies.nl, inspire@gbo-provincies.nl, inspire@gbo-provincies.nl]"
  },
  {
    "datasetIdentifierCode": "49ab8bee-b467-486a-96ca-b950443c453a",
    "title": "Beschermde gebieden - Provincies (INSPIRE geharmoniseerd)",
    "organisationName": "[Interprovinciaal Overleg, Interprovinciaal Overleg, Interprovinciaal Overleg]",
    "email": "[inspire@gbo-provincies.nl, inspire@gbo-provincies.nl, inspire@gbo-provincies.nl]"
  },
  {
    "datasetIdentifierCode": "f0821bfe-5a0a-11e9-8647-d663bd873d93",
    "title": "NB-wetgebieden buiten Natura 2000",
    "organisationName": "[Interprovinciaal Overleg, Interprovinciaal Overleg, Interprovinciaal Overleg]",
    "email": "[inspire@gbo-provincies.nl, inspire@gbo-provincies.nl, inspire@gbo-provincies.nl]"
  },
  {
    "datasetIdentifierCode": "110f9ec6-4464-462e-9765-83d90cefbeab",
    "title": "Kaderrichtlijn Water - Stroomgebieddistricten Nederland EU2015",
    "organisationName": "[Informatiehuis Water, Informatiehuis Water, , Rijkswaterstaat, Rijkswaterstaat]",
    "email": "[servicedesk@ihw.nl, servicedesk-data@rijkswaterstaat.nl, , servicedesk-data@rijkswaterstaat.nl, servicedesk-data@rijkswaterstaat.nl]"
  },
  {
    "datasetIdentifierCode": "krw-f7bb2351-9788-42ea-a58b-a5ee1842304e",
    "title": "Kaderrichtlijn Water - Stroomgebieddistricten Nederland 2019 vlakken",
    "organisationName": "[Rijkswaterstaat, Rijkswaterstaat, , Rijkswaterstaat, Rijkswaterstaat]",
    "email": "[servicedesk-data@rijkswaterstaat.nl, servicedesk-data@rijkswaterstaat.nl, , servicedesk-data@rijkswaterstaat.nl, servicedesk-data@rijkswaterstaat.nl]"
  },
  {
    "datasetIdentifierCode": "bb11be63-bd38-4632-bf54-df44c423a529",
    "title": "Territoriale Zee volgens UNCLOS - Noordzee",
    "organisationName": "[Ministerie van Defensie, Koninklijke Marine, Dienst der Hydrografie, Ministerie van Defensie, Koninklijke Marine, Dienst der Hydrografie, Ministerie van Defensie, Koninklijke Marine, Dienst der Hydrografie]",
    "email": "[data@hydro.nl, data@hydro.nl, data@hydro.nl, , ]"
  },
  {
    "datasetIdentifierCode": "c935f2ab-9b65-4dc4-94a0-73aeb840a941",
    "title": "Overheidsdiensten",
    "organisationName": "[Kamer van Koophandel, Kamer van Koophandel]",
    "email": "[erik.simonse@kvk.nl, erik.simonse@kvk.nl]"
  },
  {
    "datasetIdentifierCode": "26103042-50a1-4ee5-9c5b-857a2f8b7680",
    "title": "Wijk- en Buurtkaart 2017 versie 3",
    "organisationName": "[Centraal Bureau voor de Statistiek, Centraal Bureau voor de Statistiek, Centraal Bureau voor de Statistiek, Kadaster]",
    "email": "[infoservice@cbs.nl, infoservice@cbs.nl, infoservice@cbs.nl, , ]"
  },
  {
    "datasetIdentifierCode": "88a3c1ae-902e-4efa-8663-ddd836101929",
    "title": "Werelderfgoed",
    "organisationName": "[Rijksdienst voor het Cultureel Erfgoed, Rijksdienst voor het Cultureel Erfgoed, Rijksdienst voor het Cultureel Erfgoed]",
    "email": "[info@cultureelerfgoed.nl, info@cultureelerfgoed.nl, info@cultureelerfgoed.nl]"
  },
  {
    "datasetIdentifierCode": "4cda487b-c467-490c-a843-6563fec016be",
    "title": "Aansluitende zone volgens UNCLOS - Noordzee",
    "organisationName": "[Ministerie van Defensie, Koninklijke Marine, Dienst der Hydrografie, Ministerie van Defensie, Koninklijke Marine, Dienst der Hydrografie, Ministerie van Defensie, Koninklijke Marine, Dienst der Hydrografie]",
    "email": "[data@hydro.nl, data@hydro.nl, data@hydro.nl, , ]"
  },
  {
    "datasetIdentifierCode": "uwwtd-9d8e-4758-83fa-28b057f185e3",
    "title": "Richtlijn Stedelijk Afvalwater - rioolwaterzuiveringsinstallaties Nederland EU2015",
    "organisationName": "[Rijkswaterstaat, Rijkswaterstaat, , Rijkswaterstaat, Rijkswaterstaat]",
    "email": "[servicedesk-data@rijkswaterstaat.nl, servicedesk-data@rijkswaterstaat.nl, , servicedesk-data@rijkswaterstaat.nl, servicedesk-data@rijkswaterstaat.nl]"
  },
  {
    "datasetIdentifierCode": "0558a41c-b09a-47fa-b8db-9de6bfe4f494",
    "title": "Gebouwen",
    "organisationName": "[Kadaster, Kadaster, Kadaster]",
    "email": "[PPB-GVA@kadaster.nl, kcc@kadaster.nl, kcc@kadaster.nl]"
  },
  {
    "datasetIdentifierCode": "0f128799-cf18-4b37-a721-e62b068191f5",
    "title": "Gebiedsbeheer, gebieden waar beperkingen gelden, gereguleerde gebieden en rapportage-eenheden - Provincies (INSPIRE geharmoniseerd)",
    "organisationName": "[Interprovinciaal Overleg, Interprovinciaal Overleg, Interprovinciaal Overleg]",
    "email": "[inspire@gbo-provincies.nl, inspire@gbo-provincies.nl, inspire@gbo-provincies.nl]"
  },
  {
    "datasetIdentifierCode": "4e2ef670-cddd-11dd-ad8b-0800200c9a66",
    "title": "Stads- en Dorpsgezichten",
    "organisationName": "[Rijksdienst voor het Cultureel Erfgoed, Rijksdienst voor het Cultureel Erfgoed, Rijksdienst voor het Cultureel Erfgoed]",
    "email": "[info@cultureelerfgoed.nl, info@cultureelerfgoed.nl, info@cultureelerfgoed.nl]"
  },
  {
    "datasetIdentifierCode": "df5ee213-e1bd-433b-80f7-4ea20f493ca8",
    "title": "Zwemwaterkwaliteit (provinciaal en Rijkswateren) uit {Zwemwaterregister}",
    "organisationName": "[Interprovinciaal Overleg, Interprovinciaal Overleg, Interprovinciaal Overleg]",
    "email": "[inspire@gbo-provincies.nl, inspire@gbo-provincies.nl, inspire@gbo-provincies.nl]"
  },
  {
    "datasetIdentifierCode": "krm-a905-9d8e-4758-83fa-28b057f185e3",
    "title": "Kaderrichtlijn Mariene Strategie - Rapportage eenheden Nederland EU2018",
    "organisationName": "[Rijkswaterstaat, Rijkswaterstaat, , Rijkswaterstaat, Rijkswaterstaat]",
    "email": "[servicedesk-data@rijkswaterstaat.nl, servicedesk-data@rijkswaterstaat.nl, , servicedesk-data@rijkswaterstaat.nl, servicedesk-data@rijkswaterstaat.nl]"
  },
  {
    "datasetIdentifierCode": "6cde2ce7-3ecd-4785-b7b8-d62c3381efe9",
    "title": "Wijk- en Buurtkaart 2016 versie 3",
    "organisationName": "[Centraal Bureau voor de Statistiek, Centraal Bureau voor de Statistiek, Centraal Bureau voor de Statistiek, Kadaster]",
    "email": "[infoservice@cbs.nl, infoservice@cbs.nl, infoservice@cbs.nl, , ]"
  },
  {
    "datasetIdentifierCode": "28c4780a-1a44-4376-b283-14a50a481729",
    "title": "Habitatrichtlijn verspreiding van soorten",
    "organisationName": "[Wageningen Environmental Research (Alterra), PDOK, CBS, Natuurloket, PGO's]",
    "email": "[geodatabeheer.giscc@rvo.nl, GeoDesk.CGI@wur.nl, geodatabeheer.giscc@rvo.nl, beheerPDOK@kadaster.nl, , , ]"
  },
  {
    "datasetIdentifierCode": "ffefc3dc-dc8f-4589-ae22-a60bebcdf5cb",
    "title": "Wijk- en Buurtkaart 2018 versie 2",
    "organisationName": "[Centraal Bureau voor de Statistiek, Centraal Bureau voor de Statistiek, Centraal Bureau voor de Statistiek, Kadaster]",
    "email": "[infoservice@cbs.nl, infoservice@cbs.nl, infoservice@cbs.nl, , ]"
  },
  {
    "datasetIdentifierCode": "2d3dd6d2-2d2b-4b5f-9e30-86e19ed77a56",
    "title": "Bestand Bodemgebruik 2015",
    "organisationName": "[Centraal Bureau voor de Statistiek, Centraal Bureau voor de Statistiek, PDOK]",
    "email": "[infoservice@cbs.nl, infoservice@cbs.nl, , , ]"
  },
  {
    "datasetIdentifierCode": "fe2f9091-1962-4073-9e3b-3e4aeed488a5",
    "title": "Beperkingen voor voertuigen (INSPIRE geharmoniseerde data)",
    "organisationName": "[RDW, RDW, RDW]",
    "email": "[ontheffingen@rdw.nl, ontheffingen@rdw.nl, , ]"
  },
  {
    "datasetIdentifierCode": "wt-83730-e750-485a-9c0c-39bf9be72cf8",
    "title": "Menselijke gezondheid en veiligheid - geluidbelasting rijkswegen 2016 (INSPIRE geharmoniseerd)",
    "organisationName": "[Rijkswaterstaat, Rijkswaterstaat, , Rijkswaterstaat, Wetransform]",
    "email": "[servicedesk-data@rijkswaterstaat.nl, servicedesk-data@rijkswaterstaat.nl, , servicedesk-data@rijkswaterstaat.nl, info@wetransform.to]"
  },
  {
    "datasetIdentifierCode": "1249746f-c2a6-4639-98f2-251676b3528e",
    "title": "Maritieme grenzen - basislijn Noordzee",
    "organisationName": "[Ministerie van Defensie, Koninklijke Marine, Dienst der Hydrografie, Ministerie van Defensie, Koninklijke Marine, Dienst der Hydrografie, Ministerie van Defensie, Koninklijke Marine, Dienst der Hydrografie]",
    "email": "[data@hydro.nl, data@hydro.nl, data@hydro.nl]"
  },
  {
    "datasetIdentifierCode": "9986a7ef-e5e2-4a7a-9018-2e1f9631ba8c",
    "title": "Zwemwater (provinciaal en Rijkswateren) uit {Zwemwaterregister}",
    "organisationName": "[Interprovinciaal Overleg, Interprovinciaal Overleg, Interprovinciaal Overleg]",
    "email": "[inspire@gbo-provincies.nl, inspire@gbo-provincies.nl, inspire@gbo-provincies.nl]"
  },
  {
    "datasetIdentifierCode": "41023936-009d-48ec-a90d-c966895463c1",
    "title": "Geluidszones rondom vliegvelden",
    "organisationName": "[Interprovinciaal Overleg, Interprovinciaal Overleg, Interprovinciaal Overleg]",
    "email": "[inspire@gbo-provincies.nl, inspire@gbo-provincies.nl, inspire@gbo-provincies.nl]"
  },
  {
    "datasetIdentifierCode": "effe1ab0-073d-437c-af13-df5c5e07d6cd",
    "title": "CBS gebiedsindelingen",
    "organisationName": "[Centraal Bureau voor de Statistiek, Centraal Bureau voor de Statistiek, Centraal Bureau voor de Statistiek, Kadaster]",
    "email": "[infoservice@cbs.nl, infoservice@cbs.nl, infoservice@cbs.nl, , ]"
  },
  {
    "datasetIdentifierCode": "5c37d29a-006d-4136-8989-adfc35a1d4a7",
    "title": "Wijk- en Buurtkaart 2019 versie 1",
    "organisationName": "[Centraal Bureau voor de Statistiek, Centraal Bureau voor de Statistiek, Centraal Bureau voor de Statistiek, Kadaster]",
    "email": "[infoservice@cbs.nl, infoservice@cbs.nl, infoservice@cbs.nl, , ]"
  },
  {
    "datasetIdentifierCode": "wt-f5eb-b09f-4f6d-8397-8878a1b86238",
    "title": "Menselijke gezondheid en veiligheid - geluidbelasting rijkswegen 2011 (INSPIRE geharmoniseerd)",
    "organisationName": "[Rijkswaterstaat, Rijkswaterstaat, , Rijkswaterstaat, Wetransform]",
    "email": "[servicedesk-data@rijkswaterstaat.nl, servicedesk-data@rijkswaterstaat.nl, , servicedesk-data@rijkswaterstaat.nl, info@wetransform.to]"
  },
  {
    "datasetIdentifierCode": "wt-3730-e750-485a-9c0c-39bf9be72cf9",
    "title": "Menselijke gezondheid en veiligheid -  geluidbelasting rijkswegen 2006 (INSPIRE geharmoniseerd)",
    "organisationName": "[Rijkswaterstaat, Rijkswaterstaat, , Rijkswaterstaat, Wetransform]",
    "email": "[servicedesk-data@rijkswaterstaat.nl, servicedesk-data@rijkswaterstaat.nl, , servicedesk-data@rijkswaterstaat.nl, info@wetransform.to]"
  },
  {
    "datasetIdentifierCode": "c7d8d77b-8c47-4309-8c58-9b12b086407f",
    "title": "Natuurnetwerk Nederland",
    "organisationName": "[Interprovinciaal Overleg, Interprovinciaal Overleg, Interprovinciaal Overleg]",
    "email": "[inspire@gbo-provincies.nl, inspire@gbo-provincies.nl, inspire@gbo-provincies.nl]"
  },
  {
    "datasetIdentifierCode": "11a292bd-9022-4a9f-b1bf-02f5c89ad74a",
    "title": "Totale potentie aardwarmte uit aquifers, INSPIRE",
    "organisationName": "[TNO Geologische Dienst Nederland, TNO Geologische Dienst Nederland, TNO Geologische Dienst Nederland]",
    "email": "[info@dinoloket.nl, info@dinoloket.nl, info@dinoloket.nl]"
  },
  {
    "datasetIdentifierCode": "krw2006-68b5-4ff3-94a4-9c24109ffd5e",
    "title": "Kaderrichtlijn Water - Oppervlaktewaterlichamen Nederland EU2009 vlakken",
    "organisationName": "[Rijkswaterstaat, Rijkswaterstaat, , Rijkswaterstaat, Rijkswaterstaat]",
    "email": "[servicedesk-data@rijkswaterstaat.nl, servicedesk-data@rijkswaterstaat.nl, , servicedesk-data@rijkswaterstaat.nl, servicedesk-data@rijkswaterstaat.nl]"
  },
  {
    "datasetIdentifierCode": "2e31680f-68b5-4ff3-94a4-9c24109ffd5e",
    "title": "Kaderrichtlijn Water - Oppervlaktewaterlichamen Nederland 2019 vlakken",
    "organisationName": "[Rijkswaterstaat, Rijkswaterstaat, , Rijkswaterstaat, Rijkswaterstaat]",
    "email": "[servicedesk-data@rijkswaterstaat.nl, servicedesk-data@rijkswaterstaat.nl, , servicedesk-data@rijkswaterstaat.nl, servicedesk-data@rijkswaterstaat.nl]"
  },
  {
    "datasetIdentifierCode": "710c381c-ab2d-45d5-a45d-af2eba811e5f",
    "title": "Nationaal Hydrologisch Instrumentarium (NHI) - netwerkschematisatie",
    "organisationName": "[Rijkswaterstaat, Rijkswaterstaat, , Rijkswaterstaat, Rijkswaterstaat]",
    "email": "[servicedesk-data@rijkswaterstaat.nl, servicedesk-data@rijkswaterstaat.nl, , servicedesk-data@rijkswaterstaat.nl, servicedesk-data@rijkswaterstaat.nl]"
  },
  {
    "datasetIdentifierCode": "622a632a-c57b-44a2-83a4-e51223d5f15g",
    "title": "Kaderrichtlijn Water - Oppervlaktewaterlichamen Nederland 2019 lijnen",
    "organisationName": "[Rijkswaterstaat, Rijkswaterstaat, , Rijkswaterstaat, Rijkswaterstaat]",
    "email": "[servicedesk-data@rijkswaterstaat.nl, servicedesk-data@rijkswaterstaat.nl, , servicedesk-data@rijkswaterstaat.nl, servicedesk-data@rijkswaterstaat.nl]"
  },
  {
    "datasetIdentifierCode": "f002bfc5-7d87-46b6-819e-8415422b65c9",
    "title": "Aardkundige waarden",
    "organisationName": "[Interprovinciaal Overleg, Interprovinciaal Overleg, Interprovinciaal Overleg]",
    "email": "[inspire@gbo-provincies.nl, inspire@gbo-provincies.nl, inspire@gbo-provincies.nl]"
  },
  {
    "datasetIdentifierCode": "110f9ec6-4464-462e-9765-83d90cefbead",
    "title": "Kaderrichtlijn Water - Oppervlaktewaterlichamen Nederland EU2015 vlakken",
    "organisationName": "[Informatiehuis Water, Informatiehuis Water, , Rijkswaterstaat, Informatiehuis Water]",
    "email": "[servicedesk@ihw.nl, servicedesk-data@rijkswaterstaat.nl, , servicedesk-data@rijkswaterstaat.nl, servicedesk@ihw.nl]"
  },
  {
    "datasetIdentifierCode": "110f9ec6-4464-462e-9765-83d90cefbeag",
    "title": "Kaderrichtlijn Water - Oppervlaktewaterlichamen Nederland EU2015 lijnen",
    "organisationName": "[Informatiehuis Water, Informatiehuis Water, , Rijkswaterstaat, Informatiehuis Water]",
    "email": "[servicedesk@ihw.nl, servicedesk@ihw.nl, , servicedesk-data@rijkswaterstaat.nl, servicedesk@ihw.nl]"
  },
  {
    "datasetIdentifierCode": "e536d943-ecff-4d7a-9500-cc31a263a6af",
    "title": "Publiekrechtelijke beperkingen",
    "organisationName": "[Kadaster, Kadaster]",
    "email": "[PPB-GVA@kadaster.nl, kcc@kadaster.nl]"
  },
  {
    "datasetIdentifierCode": "krw2006-c57b-44a2-83a4-e51223d5f15g",
    "title": "Kaderrichtlijn Water - Oppervlaktewaterlichamen Nederland EU2009 lijnen",
    "organisationName": "[Rijkswaterstaat, Rijkswaterstaat, , Rijkswaterstaat, Rijkswaterstaat]",
    "email": "[servicedesk-data@rijkswaterstaat.nl, servicedesk-data@rijkswaterstaat.nl, , servicedesk-data@rijkswaterstaat.nl, servicedesk-data@rijkswaterstaat.nl]"
  },
  {
    "datasetIdentifierCode": "110f9ec6-4464-462e-9765-83d90cefbeac",
    "title": "Kaderrichtlijn Water - Deelstroomgebieden Nederland EU2015",
    "organisationName": "[Informatiehuis Water, Informatiehuis Water, , Rijkswaterstaat, Rijkswaterstaat]",
    "email": "[servicedesk@ihw.nl, servicedesk@ihw.nl, , servicedesk-data@rijkswaterstaat.nl, servicedesk-data@rijkswaterstaat.nl]"
  },
  {
    "datasetIdentifierCode": "krw-782cab20-8328-45f1-a9b2-c27d07c14066",
    "title": "Kaderrichtlijn Water - Deelstroomgebieden Nederland 2019 vlakken",
    "organisationName": "[Rijkswaterstaat, Rijkswaterstaat, , Rijkswaterstaat, Rijkswaterstaat]",
    "email": "[servicedesk-data@rijkswaterstaat.nl, servicedesk-data@rijkswaterstaat.nl, , servicedesk-data@rijkswaterstaat.nl, servicedesk-data@rijkswaterstaat.nl]"
  },
  {
    "datasetIdentifierCode": "krm-a905-9d8e-4758-83fa-28b057f185e4",
    "title": "Kaderrichtlijn Mariene Strategie - Mariene wateren Nederland EU2018",
    "organisationName": "[Rijkswaterstaat, Rijkswaterstaat, , Rijkswaterstaat, Rijkswaterstaat]",
    "email": "[servicedesk-data@rijkswaterstaat.nl, servicedesk-data@rijkswaterstaat.nl, , servicedesk-data@rijkswaterstaat.nl, servicedesk-data@rijkswaterstaat.nl]"
  },
  {
    "datasetIdentifierCode": "891ddc2d-8949-4a45-be96-c65b87c41f13",
    "title": "Kaderrichtlijn Water - Monitoringlocaties Nederland EU2015",
    "organisationName": "[Informatiehuis Water, Informatiehuis Water, , Rijkswaterstaat, Rijkswaterstaat]",
    "email": "[servicedesk@ihw.nl, servicedesk-data@rijkswaterstaat.nl, , servicedesk-data@rijkswaterstaat.nl, servicedesk-data@rijkswaterstaat.nl]"
  },
  {
    "datasetIdentifierCode": "17716ed7-ce0d-4bfd-8868-a398e5578a36",
    "title": "Ruimtelijke plannen Wro: Ruimtelijkeplannen.nl",
    "organisationName": "[Kadaster, Kadaster]",
    "email": "[PPB-GVA@kadaster.nl, ruimtelijkeplannen@kadaster.nl]"
  },
  {
    "datasetIdentifierCode": "6f84efeb-fc1d-4565-a721-80735ea57dbd",
    "title": "Rijksmonumenten (verouderd)",
    "organisationName": "[Rijksdienst voor het Cultureel Erfgoed, Rijksdienst voor het Cultureel Erfgoed]",
    "email": "[info@cultureelerfgoed.nl, info@cultureelerfgoed.nl]"
  },
  {
    "datasetIdentifierCode": "ror-9d8e-4758-83fx-28b057f185e1",
    "title": "Richtlijn Overstromingsrisico - gebieden met Potentieel Significant Overstromingsrisico EU2018 vlakken",
    "organisationName": "[Rijkswaterstaat, Rijkswaterstaat, , Rijkswaterstaat, Rijkswaterstaat]",
    "email": "[servicedesk-data@rijkswaterstaat.nl, servicedesk-data@rijkswaterstaat.nl, , servicedesk-data@rijkswaterstaat.nl, servicedesk-data@rijkswaterstaat.nl]"
  },
  {
    "datasetIdentifierCode": "ror-9d8e-4758-83fx-28b057f185g1",
    "title": "Richtlijn Overstromingsrisico - gebieden met Potentieel Significant Overstromingsrisico EU2018 lijnen",
    "organisationName": "[Rijkswaterstaat, Rijkswaterstaat, , Rijkswaterstaat, Rijkswaterstaat]",
    "email": "[servicedesk-data@rijkswaterstaat.nl, servicedesk-data@rijkswaterstaat.nl, , servicedesk-data@rijkswaterstaat.nl, servicedesk-data@rijkswaterstaat.nl]"
  },
  {
    "datasetIdentifierCode": "a9b7026e-0a81-4813-93bd-ba49e6f28502",
    "title": "NWB - Wegen",
    "organisationName": "[Rijkswaterstaat, Rijkswaterstaat, , Rijkswaterstaat, Rijkswaterstaat]",
    "email": "[servicedesk-data@rijkswaterstaat.nl, servicedesk-data@rijkswaterstaat.nl, , servicedesk-data@rijkswaterstaat.nl, servicedesk-data@rws.n]"
  },
  {
    "datasetIdentifierCode": "f605a24f-60cd-4c40-94c8-2186aba3ddd0",
    "title": "CBS Vierkantstatistieken 500m",
    "organisationName": "[Centraal Bureau voor de Statistiek, Centraal Bureau voor de Statistiek, Centraal Bureau voor de Statistiek, Centraal Bureau voor de Statistiek]",
    "email": "[infoservice@cbs.nl, infoservice@cbs.nl, infoservice@cbs.nl, ]"
  },
  {
    "datasetIdentifierCode": "1462bbce-ccd3-4362-83d8-4535ca8f44eb",
    "title": "CBS Vierkantstatistieken 100m",
    "organisationName": "[Centraal Bureau voor de Statistiek, Centraal Bureau voor de Statistiek, Centraal Bureau voor de Statistiek, Centraal Bureau voor de Statistiek]",
    "email": "[infoservice@cbs.nl, infoservice@cbs.nl, infoservice@cbs.nl, ]"
  },
  {
    "datasetIdentifierCode": "ror-9d8e-4758-83fx-28b057f185f1",
    "title": "Richtlijn Overstromingsrisico - historische overstromingen EU2018",
    "organisationName": "[Rijkswaterstaat, Rijkswaterstaat, , Rijkswaterstaat, Rijkswaterstaat]",
    "email": "[servicedesk-data@rijkswaterstaat.nl, servicedesk-data@rijkswaterstaat.nl, , servicedesk-data@rijkswaterstaat.nl, servicedesk-data@rijkswaterstaat.nl]"
  },
  {
    "datasetIdentifierCode": "uwwtd-9d8e-4758-83fa-28b057f185e2",
    "title": "Richtlijn Stedelijk Afvalwater - lozingspunten Nederland EU2015",
    "organisationName": "[Rijkswaterstaat, Rijkswaterstaat, , Rijkswaterstaat, Rijkswaterstaat]",
    "email": "[servicedesk-data@rijkswaterstaat.nl, servicedesk-data@rijkswaterstaat.nl, , servicedesk-data@rijkswaterstaat.nl, servicedesk-data@rijkswaterstaat.nl]"
  },
  {
    "datasetIdentifierCode": "uwwtd-9d8e-4758-83fa-28b057f185e1",
    "title": "Richtlijn Stedelijk Afvalwater - agglomeraties Nederland EU2015",
    "organisationName": "[Rijkswaterstaat, Rijkswaterstaat, , Rijkswaterstaat, Rijkswaterstaat]",
    "email": "[servicedesk-data@rijkswaterstaat.nl, servicedesk-data@rijkswaterstaat.nl, , servicedesk-data@rijkswaterstaat.nl, servicedesk-data@rijkswaterstaat.nl]"
  },
  {
    "datasetIdentifierCode": "af0c582f-9e6b-46e6-865a-fc3a2d5289b9",
    "title": "Bodemgebruik",
    "organisationName": "[Kadaster, Kadaster, Kadaster]",
    "email": "[PPB-GVA@kadaster.nl, kcc@kadaster.nl, kcc@kadaster.nl]"
  },
  {
    "datasetIdentifierCode": "76091be7-358a-4a44-8182-b4139c96c6a4",
    "title": "Adressen",
    "organisationName": "[Kadaster, Kadaster, Kadaster]",
    "email": "[PPB-GVA@kadaster.nl, kcc@kadaster.nl, kcc@kadaster.nl]"
  },
  {
    "datasetIdentifierCode": "f8d840bc-18df-4449-b797-b9adcb81d3ec",
    "title": "Emissies naar lucht en water in 2015 vanuit de industrie",
    "organisationName": "no organisationName found in dataset record",
    "email": "[emissieregistratie@rivm.nl, , emissieregistratie@rivm.nl]"
  },
  {
    "datasetIdentifierCode": "83dab947-387b-49df-8ad2-32bb10d46d38",
    "title": "Geluidkaart Schiphol 2016 (Lden)",
    "organisationName": "[Ministerie van IenW, Ministerie van IenW]",
    "email": "[sylvia.koolmees@minienw.nl, sylvia.koolmees@minienw.nl]"
  },
  {
    "datasetIdentifierCode": "d3c9efd6-fca7-49d6-92bb-5f507abece90",
    "title": "Gemeten Ammoniak concentraties in buitenlucht.",
    "organisationName": "no organisationName found in dataset record",
    "email": "[geodata@rivm.nl, geodata@rivm.nl]"
  },
  {
    "datasetIdentifierCode": "df15af6e-0d21-4437-a69f-802be3479bba",
    "title": "Luchtfoto 2016 25cm RGB open data",
    "organisationName": "[Kadaster, Het Waterschapshuis, Kadaster, Eurosense, Eurosense, Eurosense, Kadaster, Kadaster]",
    "email": "[PPB-GVA@kadaster.nl, info@hetwaterschapshuis.nl, kcc@kadaster.nl, , , , , , ]"
  },
  {
    "datasetIdentifierCode": "3eebf700-5abf-42e4-826c-03cfb497e366",
    "title": "Vervoersnetwerken",
    "organisationName": "[Kadaster, Kadaster, Kadaster]",
    "email": "[PPB-GVA@kadaster.nl, kcc@kadaster.nl, kcc@kadaster.nl]"
  },
  {
    "datasetIdentifierCode": "e8b84fae-00b3-49c1-80c1-df8f69f64e8c",
    "title": "EEZ volgens UNCLOS - Noordzee",
    "organisationName": "[Ministerie van Defensie, Koninklijke Marine, Dienst der Hydrografie, Ministerie van Defensie, Koninklijke Marine, Dienst der Hydrografie, Ministerie van Defensie, Koninklijke Marine, Dienst der Hydrografie]",
    "email": "[data@hydro.nl, data@hydro.nl, data@hydro.nl, , ]"
  },
  {
    "datasetIdentifierCode": "3d59fd06-9aec-4744-91e7-65e119f74569",
    "title": "Mossel- en oesterhabitats",
    "organisationName": "[Ministerie van Economische Zaken - GIS Competence Center, Wageningen Marine Research, PDOK]",
    "email": "[geodatabeheer.giscc@rvo.nl, geodatabeheer.giscc@rvo.nl, info@wur.nl, BeheerPDOK@kadaster.nl]"
  },
  {
    "datasetIdentifierCode": "80630ee7-3a15-4ea0-bdc0-a8aebfa2f204",
    "title": "Oppervlaktegeologie, Geologische kaart onder INSPIRE",
    "organisationName": "[TNO Geologische Dienst Nederland, TNO Geologische Dienst Nederland, TNO Geologische Dienst Nederland]",
    "email": "[info@dinoloket.nl, info@dinoloket.nl, info@dinoloket.nl]"
  },
  {
    "datasetIdentifierCode": "a1960e70-22f4-4fd9-91a8-b605c6ceda3e",
    "title": "Kaderrichtlijn Water - Oppervlaktewaterlichamen Nederland EU2015 riviernetwerk",
    "organisationName": "[Informatiehuis Water, Informatiehuis Water, , Rijkswaterstaat, Rijkswaterstaat]",
    "email": "[servicedesk@ihw.nl, servicedesk@ihw.nl, , servicedesk-data@rijkswaterstaat.nl, servicedesk-data@rijkswaterstaat.nl]"
  },
  {
    "datasetIdentifierCode": "280ed37a-b8d2-4ac5-8567-04d84fad3a41",
    "title": "Natura 2000 (INSPIRE geharmoniseerd)",
    "organisationName": "Ministerie van Landbouw, Natuur en Voedselkwaliteit",
    "email": "[geodatabeheer.giscc@rvo.nl, geodatabeheer.giscc@rvo.nl, beheer@pdok.nl]"
  }
]

10:54:15.569 [ForkJoinPool-1-worker-5] INFO  com.intuit.karate - [print]
10:54:15.619 [ForkJoinPool-1-worker-5] INFO  com.intuit.karate - [print] testing xlinkurl:http://inspire.ec.europa.eu/id/document/tg/am
10:54:15.576 [ForkJoinPool-1-worker-7] INFO  com.intuit.karate - [print] [
  "http://inspire.ec.europa.eu/id/document/tg/au"
]

10:54:15.650 [pool-1-thread-5] INFO  com.intuit.karate.Runner - <<pass>> feature 5 of 9: classpath:InspireTest/ngr/datasetrecords/def/getcswbriefrecordsjson.feature
---------------------------------------------------------
feature: classpath:InspireTest/ngr/datasetrecords/def/getcswbriefrecordsjson.feature
report: target/surefire-reports/InspireTest.ngr.datasetrecords.def.getcswbriefrecordsjson.json
scenarios:  1 | passed:  1 | failed:  0 | time: 0.5802
---------------------------------------------------------
10:54:15.657 [ForkJoinPool-1-worker-7] INFO  com.intuit.karate - [print]
10:54:15.665 [ForkJoinPool-1-worker-7] INFO  com.intuit.karate - [print] testing xlinkurl:http://inspire.ec.europa.eu/id/document/tg/au
10:54:15.662 [ForkJoinPool-1-worker-3] INFO  com.intuit.karate - [print] [
  "http://inspire.ec.europa.eu/id/document/tg/ef"
]

10:54:15.678 [pool-1-thread-3] INFO  com.intuit.karate.Runner - <<pass>> feature 3 of 9: classpath:InspireTest/ngr/datasetrecords/def/getcswcapabilities.feature
---------------------------------------------------------
feature: classpath:InspireTest/ngr/datasetrecords/def/getcswcapabilities.feature
report: target/surefire-reports/InspireTest.ngr.datasetrecords.def.getcswcapabilities.json
scenarios:  2 | passed:  2 | failed:  0 | time: 1.7135
---------------------------------------------------------
10:54:15.700 [ForkJoinPool-1-worker-3] INFO  com.intuit.karate - [print]
10:54:15.722 [ForkJoinPool-1-worker-3] INFO  com.intuit.karate - [print] testing xlinkurl:http://inspire.ec.europa.eu/id/document/tg/ef
10:54:16.887 [ForkJoinPool-1-worker-3] INFO  com.intuit.karate - [print] [
  "http://inspire.ec.europa.eu/id/document/tg/el"
]

10:54:16.892 [ForkJoinPool-1-worker-5] INFO  com.intuit.karate - [print] [
  "http://inspire.ec.europa.eu/id/document/tg/hh"
]

10:54:16.897 [ForkJoinPool-1-worker-7] INFO  com.intuit.karate - [print] [
  "http://inspire.ec.europa.eu/id/document/tg/hy"
]

10:54:16.904 [ForkJoinPool-1-worker-11] INFO  com.intuit.karate - [print] [
  "http://inspire.ec.europa.eu/id/document/tg/nz"
]

10:54:16.921 [ForkJoinPool-1-worker-5] INFO  com.intuit.karate - [print]
10:54:16.925 [ForkJoinPool-1-worker-3] INFO  com.intuit.karate - [print]
10:54:16.927 [ForkJoinPool-1-worker-7] INFO  com.intuit.karate - [print]
10:54:16.928 [ForkJoinPool-1-worker-7] INFO  com.intuit.karate - [print] testing xlinkurl:http://inspire.ec.europa.eu/id/document/tg/hy
10:54:16.931 [ForkJoinPool-1-worker-5] INFO  com.intuit.karate - [print] testing xlinkurl:http://inspire.ec.europa.eu/id/document/tg/hh
10:54:16.933 [ForkJoinPool-1-worker-3] INFO  com.intuit.karate - [print] testing xlinkurl:http://inspire.ec.europa.eu/id/document/tg/el
10:54:16.941 [ForkJoinPool-1-worker-11] INFO  com.intuit.karate - [print]
10:54:16.942 [ForkJoinPool-1-worker-11] INFO  com.intuit.karate - [print] testing xlinkurl:http://inspire.ec.europa.eu/id/document/tg/nz
10:54:17.681 [ForkJoinPool-1-worker-5] INFO  com.intuit.karate - [print] [
  "http://inspire.ec.europa.eu/id/document/tg/of"
]

10:54:17.683 [ForkJoinPool-1-worker-7] INFO  com.intuit.karate - [print] [
  "http://inspire.ec.europa.eu/id/document/tg/pf"
]

10:54:17.708 [ForkJoinPool-1-worker-3] INFO  com.intuit.karate - [print] [
  "http://inspire.ec.europa.eu/id/document/tg/ps"
]

10:54:17.711 [ForkJoinPool-1-worker-7] INFO  com.intuit.karate - [print]
10:54:17.711 [ForkJoinPool-1-worker-11] INFO  com.intuit.karate - [print] [
  "http://inspire.ec.europa.eu/id/document/tg/tn"
]

10:54:17.720 [ForkJoinPool-1-worker-5] INFO  com.intuit.karate - [print]
10:54:17.721 [ForkJoinPool-1-worker-5] INFO  com.intuit.karate - [print] testing xlinkurl:http://inspire.ec.europa.eu/id/document/tg/of
10:54:17.729 [ForkJoinPool-1-worker-3] INFO  com.intuit.karate - [print]
10:54:17.733 [ForkJoinPool-1-worker-7] INFO  com.intuit.karate - [print] testing xlinkurl:http://inspire.ec.europa.eu/id/document/tg/pf
10:54:17.736 [ForkJoinPool-1-worker-3] INFO  com.intuit.karate - [print] testing xlinkurl:http://inspire.ec.europa.eu/id/document/tg/ps
10:54:17.738 [ForkJoinPool-1-worker-11] INFO  com.intuit.karate - [print]
10:54:17.746 [ForkJoinPool-1-worker-11] INFO  com.intuit.karate - [print] testing xlinkurl:http://inspire.ec.europa.eu/id/document/tg/tn
10:54:18.466 [ForkJoinPool-1-worker-11] INFO  com.intuit.karate - [print] [
  "http://inspire.ec.europa.eu/id/document/tg/us"
]

10:54:18.472 [ForkJoinPool-1-worker-7] INFO  com.intuit.karate - [print] [
  "http://inspire.ec.europa.eu/media-types/application/x-shapefile"
]

10:54:18.478 [ForkJoinPool-1-worker-5] INFO  com.intuit.karate - [print] [
  "http://inspire.ec.europa.eu/metadata-codelist/ConditionsApplyingToAccessAndUse/noConditionsApply"
]

10:54:18.479 [ForkJoinPool-1-worker-3] INFO  com.intuit.karate - [print] [
  "http://inspire.ec.europa.eu/metadata-codelist/LimitationsOnPublicAccess/INSPIRE_Directive_Article13_1f"
]

10:54:18.485 [ForkJoinPool-1-worker-3] INFO  com.intuit.karate - [print]
10:54:18.486 [ForkJoinPool-1-worker-5] INFO  com.intuit.karate - [print]
10:54:18.494 [ForkJoinPool-1-worker-5] INFO  com.intuit.karate - [print] testing xlinkurl:http://inspire.ec.europa.eu/metadata-codelist/ConditionsApplyingToAccessAndUse/noConditionsApply
10:54:18.496 [ForkJoinPool-1-worker-7] INFO  com.intuit.karate - [print]
10:54:18.498 [ForkJoinPool-1-worker-7] INFO  com.intuit.karate - [print] testing xlinkurl:http://inspire.ec.europa.eu/media-types/application/x-shapefile
10:54:18.497 [ForkJoinPool-1-worker-3] INFO  com.intuit.karate - [print] testing xlinkurl:http://inspire.ec.europa.eu/metadata-codelist/LimitationsOnPublicAccess/INSPIRE_Directive_Article13_1f
10:54:18.501 [ForkJoinPool-1-worker-11] INFO  com.intuit.karate - [print]
10:54:18.510 [ForkJoinPool-1-worker-11] INFO  com.intuit.karate - [print] testing xlinkurl:http://inspire.ec.europa.eu/id/document/tg/us
10:54:18.984 [ForkJoinPool-1-worker-9] INFO  com.intuit.karate - [print] [
  "http://inspire.ec.europa.eu/metadata-codelist/LimitationsOnPublicAccess/noLimitations"
]

10:54:18.992 [ForkJoinPool-1-worker-9] INFO  com.intuit.karate - [print]
10:54:18.998 [ForkJoinPool-1-worker-9] INFO  com.intuit.karate - [print] testing xlinkurl:http://inspire.ec.europa.eu/metadata-codelist/LimitationsOnPublicAccess/noLimitations
10:54:21.055 [ForkJoinPool-1-worker-11] INFO  com.intuit.karate - [print] [
  "http://inspire.ec.europa.eu/metadata-codelist/OnLineDescriptionCode/accessPoint"
]

10:54:21.073 [ForkJoinPool-1-worker-11] INFO  com.intuit.karate - [print]
10:54:21.074 [ForkJoinPool-1-worker-11] INFO  com.intuit.karate - [print] testing xlinkurl:http://inspire.ec.europa.eu/metadata-codelist/OnLineDescriptionCode/accessPoint
10:54:24.289 [ForkJoinPool-1-worker-5] INFO  com.intuit.karate - [print] [
  "http://inspire.ec.europa.eu/metadata-codelist/OnLineDescriptionCode/endPoint"
]

10:54:24.300 [ForkJoinPool-1-worker-5] INFO  com.intuit.karate - [print]
10:54:24.302 [ForkJoinPool-1-worker-5] INFO  com.intuit.karate - [print] testing xlinkurl:http://inspire.ec.europa.eu/metadata-codelist/OnLineDescriptionCode/endPoint
10:54:25.343 [ForkJoinPool-1-worker-5] INFO  com.intuit.karate - [print] [
  "http://inspire.ec.europa.eu/metadata-codelist/PriorityDataset"
]

10:54:25.348 [ForkJoinPool-1-worker-5] INFO  com.intuit.karate - [print]
10:54:25.349 [ForkJoinPool-1-worker-5] INFO  com.intuit.karate - [print] testing xlinkurl:http://inspire.ec.europa.eu/metadata-codelist/PriorityDataset
10:54:30.665 [ForkJoinPool-1-worker-11] INFO  com.intuit.karate - [print] [
  "http://inspire.ec.europa.eu/metadata-codelist/PriorityDataset#"
]

10:54:30.672 [ForkJoinPool-1-worker-11] INFO  com.intuit.karate - [print]
10:54:30.674 [ForkJoinPool-1-worker-11] INFO  com.intuit.karate - [print] testing xlinkurl:http://inspire.ec.europa.eu/metadata-codelist/PriorityDataset#
10:54:31.472 [ForkJoinPool-1-worker-5] INFO  com.intuit.karate - [print] [
  "http://inspire.ec.europa.eu/metadata-codelist/PriorityDataset/ActualPollutantReleases-reg-2006-166"
]

10:54:31.478 [ForkJoinPool-1-worker-5] INFO  com.intuit.karate - [print]
10:54:31.484 [ForkJoinPool-1-worker-5] INFO  com.intuit.karate - [print] testing xlinkurl:http://inspire.ec.europa.eu/metadata-codelist/PriorityDataset/ActualPollutantReleases-reg-2006-166
10:54:34.540 [ForkJoinPool-1-worker-5] INFO  com.intuit.karate - [print] [
  "http://inspire.ec.europa.eu/metadata-codelist/PriorityDataset/Agglomerations-dir-1991-271"
]

10:54:34.552 [ForkJoinPool-1-worker-5] INFO  com.intuit.karate - [print]
10:54:34.555 [ForkJoinPool-1-worker-5] INFO  com.intuit.karate - [print] testing xlinkurl:http://inspire.ec.europa.eu/metadata-codelist/PriorityDataset/Agglomerations-dir-1991-271
10:54:37.559 [ForkJoinPool-1-worker-9] INFO  com.intuit.karate - [print] [
  "http://inspire.ec.europa.eu/metadata-codelist/PriorityDataset/BirdSpeciesDistribution-dir-2009-147"
]

10:54:37.565 [ForkJoinPool-1-worker-9] INFO  com.intuit.karate - [print]
10:54:37.568 [ForkJoinPool-1-worker-7] INFO  com.intuit.karate - [print] [
  "http://inspire.ec.europa.eu/metadata-codelist/PriorityDataset/BirdsRange-dir-2009-147"
]

10:54:37.572 [ForkJoinPool-1-worker-7] INFO  com.intuit.karate - [print]
10:54:37.573 [ForkJoinPool-1-worker-7] INFO  com.intuit.karate - [print] testing xlinkurl:http://inspire.ec.europa.eu/metadata-codelist/PriorityDataset/BirdsRange-dir-2009-147
10:54:37.574 [ForkJoinPool-1-worker-9] INFO  com.intuit.karate - [print] testing xlinkurl:http://inspire.ec.europa.eu/metadata-codelist/PriorityDataset/BirdSpeciesDistribution-dir-2009-147
10:54:40.490 [ForkJoinPool-1-worker-3] INFO  com.intuit.karate - [print] [
  "http://inspire.ec.europa.eu/metadata-codelist/PriorityDataset/CoastalWaters-dir-2000-60"
]

10:54:40.498 [ForkJoinPool-1-worker-3] INFO  com.intuit.karate - [print]
10:54:40.499 [ForkJoinPool-1-worker-3] INFO  com.intuit.karate - [print] testing xlinkurl:http://inspire.ec.europa.eu/metadata-codelist/PriorityDataset/CoastalWaters-dir-2000-60
10:54:44.683 [ForkJoinPool-1-worker-7] INFO  com.intuit.karate - [print] [
  "http://inspire.ec.europa.eu/metadata-codelist/PriorityDataset/DischargePointsToReceivingWaters-dir-1991-271"
]

10:54:44.689 [ForkJoinPool-1-worker-7] INFO  com.intuit.karate - [print]
10:54:44.691 [ForkJoinPool-1-worker-7] INFO  com.intuit.karate - [print] testing xlinkurl:http://inspire.ec.europa.eu/metadata-codelist/PriorityDataset/DischargePointsToReceivingWaters-dir-1991-271
10:54:46.549 [ForkJoinPool-1-worker-3] INFO  com.intuit.karate - [print] [
  "http://inspire.ec.europa.eu/metadata-codelist/PriorityDataset/DrinkingWaterAbstractionPoints-dir-1998-83"
]

10:54:46.557 [ForkJoinPool-1-worker-3] INFO  com.intuit.karate - [print]
10:54:46.559 [ForkJoinPool-1-worker-3] INFO  com.intuit.karate - [print] testing xlinkurl:http://inspire.ec.europa.eu/metadata-codelist/PriorityDataset/DrinkingWaterAbstractionPoints-dir-1998-83
10:54:47.613 [ForkJoinPool-1-worker-13] INFO  com.intuit.karate - [print] [
  "http://inspire.ec.europa.eu/metadata-codelist/PriorityDataset/EstablishmentsInvolvingDangerousSubstances-dir-2012-18"
]

10:54:47.618 [ForkJoinPool-1-worker-13] INFO  com.intuit.karate - [print]
10:54:47.619 [ForkJoinPool-1-worker-13] INFO  com.intuit.karate - [print] testing xlinkurl:http://inspire.ec.europa.eu/metadata-codelist/PriorityDataset/EstablishmentsInvolvingDangerousSubstances-dir-2012-18
10:54:49.642 [ForkJoinPool-1-worker-9] INFO  com.intuit.karate - [print] [
  "http://inspire.ec.europa.eu/metadata-codelist/PriorityDataset/FloodedAreas-dir-2007-60"
]

10:54:49.659 [ForkJoinPool-1-worker-9] INFO  com.intuit.karate - [print]
10:54:49.666 [ForkJoinPool-1-worker-9] INFO  com.intuit.karate - [print] testing xlinkurl:http://inspire.ec.europa.eu/metadata-codelist/PriorityDataset/FloodedAreas-dir-2007-60
10:54:51.602 [ForkJoinPool-1-worker-5] INFO  com.intuit.karate - [print] [
  "http://inspire.ec.europa.eu/metadata-codelist/PriorityDataset/FloodRiskZones-dir-2007-60"
]

10:54:51.609 [ForkJoinPool-1-worker-5] INFO  com.intuit.karate - [print]
10:54:51.610 [ForkJoinPool-1-worker-5] INFO  com.intuit.karate - [print] testing xlinkurl:http://inspire.ec.europa.eu/metadata-codelist/PriorityDataset/FloodRiskZones-dir-2007-60
10:54:53.626 [ForkJoinPool-1-worker-13] INFO  com.intuit.karate - [print] [
  "http://inspire.ec.europa.eu/metadata-codelist/PriorityDataset/HabitatTypesDistribution-dir-1992-43"
]

10:54:53.631 [ForkJoinPool-1-worker-13] INFO  com.intuit.karate - [print]
10:54:53.632 [ForkJoinPool-1-worker-13] INFO  com.intuit.karate - [print] testing xlinkurl:http://inspire.ec.europa.eu/metadata-codelist/PriorityDataset/HabitatTypesDistribution-dir-1992-43
10:54:55.728 [ForkJoinPool-1-worker-9] INFO  com.intuit.karate - [print] [
  "http://inspire.ec.europa.eu/metadata-codelist/PriorityDataset/HabitatTypesRange-dir-1992-43"
]

10:54:55.732 [ForkJoinPool-1-worker-9] INFO  com.intuit.karate - [print]
10:54:55.734 [ForkJoinPool-1-worker-9] INFO  com.intuit.karate - [print] testing xlinkurl:http://inspire.ec.europa.eu/metadata-codelist/PriorityDataset/HabitatTypesRange-dir-1992-43
10:54:57.652 [ForkJoinPool-1-worker-3] INFO  com.intuit.karate - [print] [
  "http://inspire.ec.europa.eu/metadata-codelist/PriorityDataset/IndustrialSites-EURegistry-reg-2006-166"
]

10:54:57.658 [ForkJoinPool-1-worker-3] INFO  com.intuit.karate - [print]
10:54:57.669 [ForkJoinPool-1-worker-3] INFO  com.intuit.karate - [print] testing xlinkurl:http://inspire.ec.europa.eu/metadata-codelist/PriorityDataset/IndustrialSites-EURegistry-reg-2006-166
10:54:57.694 [ForkJoinPool-1-worker-5] INFO  com.intuit.karate - [print] [
  "http://inspire.ec.europa.eu/metadata-codelist/PriorityDataset/InvasiveAlienSpeciesDistribution-reg-2014-1143"
]

10:54:57.699 [ForkJoinPool-1-worker-5] INFO  com.intuit.karate - [print]
10:54:57.702 [ForkJoinPool-1-worker-5] INFO  com.intuit.karate - [print] testing xlinkurl:http://inspire.ec.europa.eu/metadata-codelist/PriorityDataset/InvasiveAlienSpeciesDistribution-reg-2014-1143
10:54:57.702 [ForkJoinPool-1-worker-7] INFO  com.intuit.karate - [print] [
  "http://inspire.ec.europa.eu/metadata-codelist/PriorityDataset/Lakes-dir-2000-60"
]

10:54:57.708 [ForkJoinPool-1-worker-7] INFO  com.intuit.karate - [print]
10:54:57.708 [ForkJoinPool-1-worker-7] INFO  com.intuit.karate - [print] testing xlinkurl:http://inspire.ec.europa.eu/metadata-codelist/PriorityDataset/Lakes-dir-2000-60
10:55:00.707 [ForkJoinPool-1-worker-13] INFO  com.intuit.karate - [print] [
  "http://inspire.ec.europa.eu/metadata-codelist/PriorityDataset/MajorAirportsNoiseExposureDelineationDEN-dir-2002-49"
]

10:55:00.718 [ForkJoinPool-1-worker-13] INFO  com.intuit.karate - [print]
10:55:00.719 [ForkJoinPool-1-worker-13] INFO  com.intuit.karate - [print] testing xlinkurl:http://inspire.ec.europa.eu/metadata-codelist/PriorityDataset/MajorAirportsNoiseExposureDelineationDEN-dir-2002-49
10:55:02.751 [ForkJoinPool-1-worker-13] INFO  com.intuit.karate - [print] [
  "http://inspire.ec.europa.eu/metadata-codelist/PriorityDataset/MajorAirportsNoiseExposureDelineationNight-dir-2002-49"
]

10:55:02.755 [ForkJoinPool-1-worker-13] INFO  com.intuit.karate - [print]
10:55:02.756 [ForkJoinPool-1-worker-13] INFO  com.intuit.karate - [print] testing xlinkurl:http://inspire.ec.europa.eu/metadata-codelist/PriorityDataset/MajorAirportsNoiseExposureDelineationNight-dir-2002-49
10:55:05.798 [ForkJoinPool-1-worker-7] INFO  com.intuit.karate - [print] [
  "http://inspire.ec.europa.eu/metadata-codelist/PriorityDataset/MajorRailwaysNoiseExposureDelineationDEN-dir-2002-49"
]

10:55:05.803 [ForkJoinPool-1-worker-7] INFO  com.intuit.karate - [print]
10:55:05.804 [ForkJoinPool-1-worker-7] INFO  com.intuit.karate - [print] testing xlinkurl:http://inspire.ec.europa.eu/metadata-codelist/PriorityDataset/MajorRailwaysNoiseExposureDelineationDEN-dir-2002-49
10:55:07.967 [ForkJoinPool-1-worker-7] INFO  com.intuit.karate - [print] [
  "http://inspire.ec.europa.eu/metadata-codelist/PriorityDataset/MajorRailwaysNoiseExposureDelineationNight-dir-2002-49"
]

10:55:07.974 [ForkJoinPool-1-worker-7] INFO  com.intuit.karate - [print]
10:55:07.975 [ForkJoinPool-1-worker-7] INFO  com.intuit.karate - [print] testing xlinkurl:http://inspire.ec.europa.eu/metadata-codelist/PriorityDataset/MajorRailwaysNoiseExposureDelineationNight-dir-2002-49
10:55:09.943 [ForkJoinPool-1-worker-5] INFO  com.intuit.karate - [print] [
  "http://inspire.ec.europa.eu/metadata-codelist/PriorityDataset/MajorRoadsNoiseExposureDelineation-dir-2002-49"
]

10:55:09.949 [ForkJoinPool-1-worker-5] INFO  com.intuit.karate - [print]
10:55:09.950 [ForkJoinPool-1-worker-5] INFO  com.intuit.karate - [print] testing xlinkurl:http://inspire.ec.europa.eu/metadata-codelist/PriorityDataset/MajorRoadsNoiseExposureDelineation-dir-2002-49
10:55:11.323 [ForkJoinPool-1-worker-5] INFO  com.intuit.karate - [print] [
  "http://inspire.ec.europa.eu/metadata-codelist/PriorityDataset/MajorRoadsNoiseExposureDelineationDEN-dir-2002-49"
]

10:55:11.329 [ForkJoinPool-1-worker-5] INFO  com.intuit.karate - [print]
10:55:11.330 [ForkJoinPool-1-worker-5] INFO  com.intuit.karate - [print] testing xlinkurl:http://inspire.ec.europa.eu/metadata-codelist/PriorityDataset/MajorRoadsNoiseExposureDelineationDEN-dir-2002-49
10:55:11.800 [ForkJoinPool-1-worker-3] INFO  com.intuit.karate - [print] [
  "http://inspire.ec.europa.eu/metadata-codelist/PriorityDataset/ManagementUnits-dir-2007-60"
]

10:55:11.805 [ForkJoinPool-1-worker-3] INFO  com.intuit.karate - [print]
10:55:11.805 [ForkJoinPool-1-worker-3] INFO  com.intuit.karate - [print] testing xlinkurl:http://inspire.ec.europa.eu/metadata-codelist/PriorityDataset/ManagementUnits-dir-2007-60
10:55:13.051 [ForkJoinPool-1-worker-5] INFO  com.intuit.karate - [print] [
  "http://inspire.ec.europa.eu/metadata-codelist/PriorityDataset/MarineAssessmentUnits-dir-2008-56"
]

10:55:13.056 [ForkJoinPool-1-worker-5] INFO  com.intuit.karate - [print]
10:55:13.057 [ForkJoinPool-1-worker-5] INFO  com.intuit.karate - [print] testing xlinkurl:http://inspire.ec.europa.eu/metadata-codelist/PriorityDataset/MarineAssessmentUnits-dir-2008-56
10:55:14.945 [ForkJoinPool-1-worker-13] INFO  com.intuit.karate - [print] [
  "http://inspire.ec.europa.eu/metadata-codelist/PriorityDataset/MonitoringStations-dir-2000-60"
]

10:55:14.953 [ForkJoinPool-1-worker-13] INFO  com.intuit.karate - [print]
10:55:14.958 [ForkJoinPool-1-worker-13] INFO  com.intuit.karate - [print] testing xlinkurl:http://inspire.ec.europa.eu/metadata-codelist/PriorityDataset/MonitoringStations-dir-2000-60
10:55:16.746 [ForkJoinPool-1-worker-9] INFO  com.intuit.karate - [print] [
  "http://inspire.ec.europa.eu/metadata-codelist/PriorityDataset/MonitoringStations-dir-2008-56"
]

10:55:16.750 [ForkJoinPool-1-worker-9] INFO  com.intuit.karate - [print]
10:55:16.751 [ForkJoinPool-1-worker-9] INFO  com.intuit.karate - [print] testing xlinkurl:http://inspire.ec.europa.eu/metadata-codelist/PriorityDataset/MonitoringStations-dir-2008-56
10:55:19.815 [ForkJoinPool-1-worker-3] INFO  com.intuit.karate - [print] [
  "http://inspire.ec.europa.eu/metadata-codelist/PriorityDataset/MSFDReportingUnits-dir-2008-56"
]

10:55:19.825 [ForkJoinPool-1-worker-3] INFO  com.intuit.karate - [print]
10:55:19.826 [ForkJoinPool-1-worker-3] INFO  com.intuit.karate - [print] testing xlinkurl:http://inspire.ec.europa.eu/metadata-codelist/PriorityDataset/MSFDReportingUnits-dir-2008-56
10:55:22.154 [ForkJoinPool-1-worker-7] INFO  com.intuit.karate - [print] [
  "http://inspire.ec.europa.eu/metadata-codelist/PriorityDataset/NationallyDesignatedAreasCDDA"
]

10:55:22.185 [ForkJoinPool-1-worker-7] INFO  com.intuit.karate - [print]
10:55:22.186 [ForkJoinPool-1-worker-7] INFO  com.intuit.karate - [print] testing xlinkurl:http://inspire.ec.europa.eu/metadata-codelist/PriorityDataset/NationallyDesignatedAreasCDDA
10:55:25.150 [ForkJoinPool-1-worker-9] INFO  com.intuit.karate - [print] [
  "http://inspire.ec.europa.eu/metadata-codelist/PriorityDataset/Natura2000Sites-dir-1992-43"
]

10:55:25.155 [ForkJoinPool-1-worker-9] INFO  com.intuit.karate - [print]
10:55:25.156 [ForkJoinPool-1-worker-9] INFO  com.intuit.karate - [print] testing xlinkurl:http://inspire.ec.europa.eu/metadata-codelist/PriorityDataset/Natura2000Sites-dir-1992-43
10:55:25.390 [ForkJoinPool-1-worker-5] INFO  com.intuit.karate - [print] [
  "http://inspire.ec.europa.eu/metadata-codelist/PriorityDataset/Natura2000Sites-dir-2009-147"
]

10:55:25.394 [ForkJoinPool-1-worker-5] INFO  com.intuit.karate - [print]
10:55:25.396 [ForkJoinPool-1-worker-5] INFO  com.intuit.karate - [print] testing xlinkurl:http://inspire.ec.europa.eu/metadata-codelist/PriorityDataset/Natura2000Sites-dir-2009-147
10:55:26.877 [ForkJoinPool-1-worker-9] INFO  com.intuit.karate - [print] [
  "http://inspire.ec.europa.eu/metadata-codelist/PriorityDataset/RiverBasinDistricts-dir-2000-60"
]

10:55:26.882 [ForkJoinPool-1-worker-9] INFO  com.intuit.karate - [print]
10:55:26.883 [ForkJoinPool-1-worker-9] INFO  com.intuit.karate - [print] testing xlinkurl:http://inspire.ec.europa.eu/metadata-codelist/PriorityDataset/RiverBasinDistricts-dir-2000-60
10:55:30.866 [ForkJoinPool-1-worker-3] INFO  com.intuit.karate - [print] [
  "http://inspire.ec.europa.eu/metadata-codelist/PriorityDataset/RiverBasinDistrictsSubUnits-dir-2000-60"
]

10:55:30.872 [ForkJoinPool-1-worker-3] INFO  com.intuit.karate - [print]
10:55:30.873 [ForkJoinPool-1-worker-3] INFO  com.intuit.karate - [print] testing xlinkurl:http://inspire.ec.europa.eu/metadata-codelist/PriorityDataset/RiverBasinDistrictsSubUnits-dir-2000-60
10:55:31.278 [ForkJoinPool-1-worker-11] ERROR com.intuit.karate - java.net.SocketTimeoutException: Read timed out, http call failed after 60392 milliseconds for URL: http://inspire.ec.europa.eu/metadata-codelist/PriorityDataset#
10:55:31.279 [ForkJoinPool-1-worker-11] ERROR com.intuit.karate - http request failed: 
java.net.SocketTimeoutException: Read timed out
10:55:31.279 [ForkJoinPool-1-worker-11] ERROR com.intuit.karate - feature call (loop) failed at index: 0
caller: classpath:InspireTest/ngr/datasetrecords/def/checkxlinkurl.template.feature
arg: {"link":"http://inspire.ec.europa.eu/metadata-codelist/PriorityDataset#"}
checkxlinkurl.template.feature:14 - 
java.net.SocketTimeoutException: Read timed out
10:55:31.280 [ForkJoinPool-1-worker-11] INFO  com.intuit.karate - [print] [
  "http://inspire.ec.europa.eu/metadata-codelist/PriorityDataset/Rivers-dir-2000-60"
]

10:55:31.289 [ForkJoinPool-1-worker-11] INFO  com.intuit.karate - [print]
10:55:31.294 [ForkJoinPool-1-worker-11] INFO  com.intuit.karate - [print] testing xlinkurl:http://inspire.ec.europa.eu/metadata-codelist/PriorityDataset/Rivers-dir-2000-60
10:55:31.469 [ForkJoinPool-1-worker-5] INFO  com.intuit.karate - [print] [
  "http://inspire.ec.europa.eu/metadata-codelist/PriorityDataset/SpeciesDistribution-dir-1992-43"
]

10:55:31.475 [ForkJoinPool-1-worker-5] INFO  com.intuit.karate - [print]
10:55:31.477 [ForkJoinPool-1-worker-5] INFO  com.intuit.karate - [print] testing xlinkurl:http://inspire.ec.europa.eu/metadata-codelist/PriorityDataset/SpeciesDistribution-dir-1992-43
10:55:34.234 [ForkJoinPool-1-worker-7] INFO  com.intuit.karate - [print] [
  "http://inspire.ec.europa.eu/metadata-codelist/PriorityDataset/SpeciesRange-dir-1992-43"
]

10:55:34.248 [ForkJoinPool-1-worker-7] INFO  com.intuit.karate - [print]
10:55:34.249 [ForkJoinPool-1-worker-7] INFO  com.intuit.karate - [print] testing xlinkurl:http://inspire.ec.europa.eu/metadata-codelist/PriorityDataset/SpeciesRange-dir-1992-43
10:55:35.021 [ForkJoinPool-1-worker-11] INFO  com.intuit.karate - [print] [
  "http://inspire.ec.europa.eu/metadata-codelist/PriorityDataset/SurfaceWaterBodies-dir-2000-60"
]

10:55:35.026 [ForkJoinPool-1-worker-11] INFO  com.intuit.karate - [print]
10:55:35.027 [ForkJoinPool-1-worker-11] INFO  com.intuit.karate - [print] testing xlinkurl:http://inspire.ec.europa.eu/metadata-codelist/PriorityDataset/SurfaceWaterBodies-dir-2000-60
10:55:37.529 [ForkJoinPool-1-worker-5] INFO  com.intuit.karate - [print] [
  "http://inspire.ec.europa.eu/metadata-codelist/PriorityDataset/TransitionalWaters-dir-2000-60"
]

10:55:37.537 [ForkJoinPool-1-worker-5] INFO  com.intuit.karate - [print]
10:55:37.538 [ForkJoinPool-1-worker-5] INFO  com.intuit.karate - [print] testing xlinkurl:http://inspire.ec.europa.eu/metadata-codelist/PriorityDataset/TransitionalWaters-dir-2000-60
10:55:39.830 [ForkJoinPool-1-worker-9] INFO  com.intuit.karate - [print] [
  "http://inspire.ec.europa.eu/metadata-codelist/PriorityDataset/UrbanWasteWaterTreatmentPlants-dir-1991-271"
]

10:55:39.840 [ForkJoinPool-1-worker-9] INFO  com.intuit.karate - [print]
10:55:39.841 [ForkJoinPool-1-worker-9] INFO  com.intuit.karate - [print] testing xlinkurl:http://inspire.ec.europa.eu/metadata-codelist/PriorityDataset/UrbanWasteWaterTreatmentPlants-dir-1991-271
10:55:40.355 [ForkJoinPool-1-worker-7] INFO  com.intuit.karate - [print] [
  "http://inspire.ec.europa.eu/metadata-codelist/SpatialDataServiceType/download"
]

10:55:40.360 [ForkJoinPool-1-worker-7] INFO  com.intuit.karate - [print]
10:55:40.361 [ForkJoinPool-1-worker-7] INFO  com.intuit.karate - [print] testing xlinkurl:http://inspire.ec.europa.eu/metadata-codelist/SpatialDataServiceType/download
10:55:43.570 [ForkJoinPool-1-worker-5] INFO  com.intuit.karate - [print] [
  "http://inspire.ec.europa.eu/metadata-codelist/SpatialDataServiceType/http://inspire.ec.europa.eu/metadata-codelist/SpatialDataServiceType/download"
]

10:55:43.575 [ForkJoinPool-1-worker-5] INFO  com.intuit.karate - [print]
10:55:43.576 [ForkJoinPool-1-worker-5] INFO  com.intuit.karate - [print] testing xlinkurl:http://inspire.ec.europa.eu/metadata-codelist/SpatialDataServiceType/http://inspire.ec.europa.eu/metadata-codelist/SpatialDataServiceType/download
10:55:44.005 [ForkJoinPool-1-worker-11] INFO  com.intuit.karate - [print] [
  "http://inspire.ec.europa.eu/metadata-codelist/SpatialDataServiceType/other"
]

10:55:44.012 [ForkJoinPool-1-worker-11] INFO  com.intuit.karate - [print]
10:55:44.012 [ForkJoinPool-1-worker-11] INFO  com.intuit.karate - [print] testing xlinkurl:http://inspire.ec.europa.eu/metadata-codelist/SpatialDataServiceType/other
10:55:44.239 [ForkJoinPool-1-worker-5] INFO  com.intuit.karate - [print] [
  "http://inspire.ec.europa.eu/metadata-codelist/SpatialDataServiceType/view"
]

10:55:44.247 [ForkJoinPool-1-worker-5] INFO  com.intuit.karate - [print]
10:55:44.247 [ForkJoinPool-1-worker-5] INFO  com.intuit.karate - [print] testing xlinkurl:http://inspire.ec.europa.eu/metadata-codelist/SpatialDataServiceType/view
10:55:45.724 [ForkJoinPool-1-worker-11] INFO  com.intuit.karate - [print] [
  "http://inspire.ec.europa.eu/metadata-codelist/SpatialScope"
]

10:55:45.732 [ForkJoinPool-1-worker-11] INFO  com.intuit.karate - [print]
10:55:45.733 [ForkJoinPool-1-worker-11] INFO  com.intuit.karate - [print] testing xlinkurl:http://inspire.ec.europa.eu/metadata-codelist/SpatialScope
10:55:45.879 [ForkJoinPool-1-worker-9] INFO  com.intuit.karate - [print] [
  "http://inspire.ec.europa.eu/metadata-codelist/SpatialScope/european"
]

10:55:45.890 [ForkJoinPool-1-worker-9] INFO  com.intuit.karate - [print]
10:55:45.890 [ForkJoinPool-1-worker-9] INFO  com.intuit.karate - [print] testing xlinkurl:http://inspire.ec.europa.eu/metadata-codelist/SpatialScope/european
10:55:46.943 [ForkJoinPool-1-worker-3] INFO  com.intuit.karate - [print] [
  "http://inspire.ec.europa.eu/metadata-codelist/SpatialScope/national"
]

10:55:46.948 [ForkJoinPool-1-worker-3] INFO  com.intuit.karate - [print]
10:55:46.949 [ForkJoinPool-1-worker-3] INFO  com.intuit.karate - [print] testing xlinkurl:http://inspire.ec.europa.eu/metadata-codelist/SpatialScope/national
10:55:47.429 [ForkJoinPool-1-worker-11] INFO  com.intuit.karate - [print] [
  "http://inspire.ec.europa.eu/schemas/am/4.0/AreaManagementRestrictionRegulationZone.xsd"
]

10:55:47.434 [ForkJoinPool-1-worker-11] INFO  com.intuit.karate - [print]
10:55:47.434 [ForkJoinPool-1-worker-11] INFO  com.intuit.karate - [print] testing xlinkurl:http://inspire.ec.europa.eu/schemas/am/4.0/AreaManagementRestrictionRegulationZone.xsd
10:55:47.650 [ForkJoinPool-1-worker-11] INFO  com.intuit.karate - [print] [
  "http://inspire.ec.europa.eu/schemas/ef/4.0/EnvironmentalMonitoringFacilities.xsd"
]

10:55:47.658 [ForkJoinPool-1-worker-11] INFO  com.intuit.karate - [print]
10:55:47.659 [ForkJoinPool-1-worker-11] INFO  com.intuit.karate - [print] testing xlinkurl:http://inspire.ec.europa.eu/schemas/ef/4.0/EnvironmentalMonitoringFacilities.xsd
10:55:47.872 [ForkJoinPool-1-worker-11] INFO  com.intuit.karate - [print] [
  "http://inspire.ec.europa.eu/schemas/el-bas/4.0/ElevationBaseTypes.xsd"
]

10:55:47.879 [ForkJoinPool-1-worker-11] INFO  com.intuit.karate - [print]
10:55:47.880 [ForkJoinPool-1-worker-11] INFO  com.intuit.karate - [print] testing xlinkurl:http://inspire.ec.europa.eu/schemas/el-bas/4.0/ElevationBaseTypes.xsd
10:55:48.094 [ForkJoinPool-1-worker-11] INFO  com.intuit.karate - [print] [
  "http://inspire.ec.europa.eu/schemas/hh/4.0/HumanHealth.xsd"
]

10:55:48.099 [ForkJoinPool-1-worker-11] INFO  com.intuit.karate - [print]
10:55:48.101 [ForkJoinPool-1-worker-11] INFO  com.intuit.karate - [print] testing xlinkurl:http://inspire.ec.europa.eu/schemas/hh/4.0/HumanHealth.xsd
10:55:48.321 [ForkJoinPool-1-worker-11] INFO  com.intuit.karate - [print] [
  "http://inspire.ec.europa.eu/schemas/hy-n/4.0/HydroNetwork.xsd"
]

10:55:48.328 [ForkJoinPool-1-worker-11] INFO  com.intuit.karate - [print]
10:55:48.332 [ForkJoinPool-1-worker-11] INFO  com.intuit.karate - [print] testing xlinkurl:http://inspire.ec.europa.eu/schemas/hy-n/4.0/HydroNetwork.xsd
10:55:48.546 [ForkJoinPool-1-worker-11] INFO  com.intuit.karate - [print] [
  "http://inspire.ec.europa.eu/schemas/hy/4.0/HydroBase.xsd"
]

10:55:48.552 [ForkJoinPool-1-worker-11] INFO  com.intuit.karate - [print]
10:55:48.554 [ForkJoinPool-1-worker-11] INFO  com.intuit.karate - [print] testing xlinkurl:http://inspire.ec.europa.eu/schemas/hy/4.0/HydroBase.xsd
10:55:48.769 [ForkJoinPool-1-worker-11] INFO  com.intuit.karate - [print] [
  "http://inspire.ec.europa.eu/schemas/mu/3.0/MaritimeUnits.xsd"
]

10:55:48.775 [ForkJoinPool-1-worker-11] INFO  com.intuit.karate - [print]
10:55:48.775 [ForkJoinPool-1-worker-11] INFO  com.intuit.karate - [print] testing xlinkurl:http://inspire.ec.europa.eu/schemas/mu/3.0/MaritimeUnits.xsd
10:55:48.964 [ForkJoinPool-1-worker-3] INFO  com.intuit.karate - [print] [
  "http://inspire.ec.europa.eu/schemas/nz-core/4.0/NaturalRiskZonesCore.xsd"
]

10:55:48.972 [ForkJoinPool-1-worker-3] INFO  com.intuit.karate - [print]
10:55:48.973 [ForkJoinPool-1-worker-3] INFO  com.intuit.karate - [print] testing xlinkurl:http://inspire.ec.europa.eu/schemas/nz-core/4.0/NaturalRiskZonesCore.xsd
10:55:48.996 [ForkJoinPool-1-worker-11] INFO  com.intuit.karate - [print] [
  "http://inspire.ec.europa.eu/schemas/nz/0.0/NaturalRiskZones.xsd"
]

10:55:49.018 [ForkJoinPool-1-worker-11] INFO  com.intuit.karate - [print]
10:55:49.018 [ForkJoinPool-1-worker-11] INFO  com.intuit.karate - [print] testing xlinkurl:http://inspire.ec.europa.eu/schemas/nz/0.0/NaturalRiskZones.xsd
10:55:49.192 [ForkJoinPool-1-worker-3] INFO  com.intuit.karate - [print] [
  "http://inspire.ec.europa.eu/schemas/of/4.0/OceanFeatures.xsd"
]

10:55:49.202 [ForkJoinPool-1-worker-3] INFO  com.intuit.karate - [print]
10:55:49.203 [ForkJoinPool-1-worker-3] INFO  com.intuit.karate - [print] testing xlinkurl:http://inspire.ec.europa.eu/schemas/of/4.0/OceanFeatures.xsd
10:55:49.231 [ForkJoinPool-1-worker-11] INFO  com.intuit.karate - [print] [
  "http://inspire.ec.europa.eu/schemas/pf/4.0/ProductionAndIndustrialFacilities.xsd"
]

10:55:49.235 [ForkJoinPool-1-worker-11] INFO  com.intuit.karate - [print]
10:55:49.238 [ForkJoinPool-1-worker-11] INFO  com.intuit.karate - [print] testing xlinkurl:http://inspire.ec.europa.eu/schemas/pf/4.0/ProductionAndIndustrialFacilities.xsd
10:55:49.417 [ForkJoinPool-1-worker-3] INFO  com.intuit.karate - [print] [
  "http://inspire.ec.europa.eu/schemas/ps/4.0/ProtectedSites.xsd"
]

10:55:49.423 [ForkJoinPool-1-worker-3] INFO  com.intuit.karate - [print]
10:55:49.423 [ForkJoinPool-1-worker-3] INFO  com.intuit.karate - [print] testing xlinkurl:http://inspire.ec.europa.eu/schemas/ps/4.0/ProtectedSites.xsd
10:55:49.455 [ForkJoinPool-1-worker-11] INFO  com.intuit.karate - [print] [
  "http://inspire.ec.europa.eu/schemas/tn-ro/4.0/RoadTransportNetwork.xsd"
]

10:55:49.489 [ForkJoinPool-1-worker-11] INFO  com.intuit.karate - [print]
10:55:49.489 [ForkJoinPool-1-worker-11] INFO  com.intuit.karate - [print] testing xlinkurl:http://inspire.ec.europa.eu/schemas/tn-ro/4.0/RoadTransportNetwork.xsd
10:55:49.641 [ForkJoinPool-1-worker-3] INFO  com.intuit.karate - [print] [
  "http://inspire.ec.europa.eu/schemas/tn-w/4.0/WaterTransportNetwork.xsd"
]

10:55:49.647 [ForkJoinPool-1-worker-3] INFO  com.intuit.karate - [print]
10:55:49.647 [ForkJoinPool-1-worker-3] INFO  com.intuit.karate - [print] testing xlinkurl:http://inspire.ec.europa.eu/schemas/tn-w/4.0/WaterTransportNetwork.xsd
10:55:49.699 [ForkJoinPool-1-worker-11] INFO  com.intuit.karate - [print] [
  "http://inspire.ec.europa.eu/schemas/tn/4.0/CommonTransportElements.xsd"
]

10:55:49.704 [ForkJoinPool-1-worker-11] INFO  com.intuit.karate - [print]
10:55:49.705 [ForkJoinPool-1-worker-11] INFO  com.intuit.karate - [print] testing xlinkurl:http://inspire.ec.europa.eu/schemas/tn/4.0/CommonTransportElements.xsd
10:55:49.864 [ForkJoinPool-1-worker-3] INFO  com.intuit.karate - [print] [
  "http://inspire.ec.europa.eu/schemas/us-govserv/4.0/GovernmentalServices.xsd"
]

10:55:49.869 [ForkJoinPool-1-worker-3] INFO  com.intuit.karate - [print]
10:55:49.870 [ForkJoinPool-1-worker-3] INFO  com.intuit.karate - [print] testing xlinkurl:http://inspire.ec.europa.eu/schemas/us-govserv/4.0/GovernmentalServices.xsd
10:55:49.927 [ForkJoinPool-1-worker-11] INFO  com.intuit.karate - [print] [
  "http://inspire.ec.europa.eu/theme#"
]

10:55:49.933 [ForkJoinPool-1-worker-11] INFO  com.intuit.karate - [print]
10:55:49.934 [ForkJoinPool-1-worker-11] INFO  com.intuit.karate - [print] testing xlinkurl:http://inspire.ec.europa.eu/theme#
10:55:50.082 [ForkJoinPool-1-worker-3] INFO  com.intuit.karate - [print] [
  "http://standaarden.overheid.nl/owms/terms/Ministerie_van_Economische_Zaken"
]

10:55:50.087 [ForkJoinPool-1-worker-3] INFO  com.intuit.karate - [print]
10:55:50.090 [ForkJoinPool-1-worker-3] INFO  com.intuit.karate - [print] testing xlinkurl:http://standaarden.overheid.nl/owms/terms/Ministerie_van_Economische_Zaken
10:55:50.296 [ForkJoinPool-1-worker-5] INFO  com.intuit.karate - [print] [
  "http://standaarden.overheid.nl/owms/terms/Ministerie_van_Landbouw,_Natuur_en_Voedselkwaliteit"
]

10:55:50.302 [ForkJoinPool-1-worker-5] INFO  com.intuit.karate - [print]
10:55:50.302 [ForkJoinPool-1-worker-5] INFO  com.intuit.karate - [print] testing xlinkurl:http://standaarden.overheid.nl/owms/terms/Ministerie_van_Landbouw,_Natuur_en_Voedselkwaliteit
10:55:51.032 [ForkJoinPool-1-worker-5] INFO  com.intuit.karate - [print] [
  "http://standaarden.overheid.nl/owms/terms/Rijksinstituut_voor_Volksgezondheid_en_Milieu"
]

10:55:51.038 [ForkJoinPool-1-worker-5] INFO  com.intuit.karate - [print]
10:55:51.039 [ForkJoinPool-1-worker-5] INFO  com.intuit.karate - [print] testing xlinkurl:http://standaarden.overheid.nl/owms/terms/Rijksinstituut_voor_Volksgezondheid_en_Milieu
10:55:51.050 [ForkJoinPool-1-worker-3] INFO  com.intuit.karate - [print] [
  "http://standaarden.overheid.nl/owms/terms/RVO"
]

10:55:51.056 [ForkJoinPool-1-worker-3] INFO  com.intuit.karate - [print]
10:55:51.057 [ForkJoinPool-1-worker-3] INFO  com.intuit.karate - [print] testing xlinkurl:http://standaarden.overheid.nl/owms/terms/RVO
10:55:51.415 [ForkJoinPool-1-worker-7] INFO  com.intuit.karate - [print] [
  "http://www.eionet.europa.eu/gemet/inspire_themes"
]

10:55:51.420 [ForkJoinPool-1-worker-7] INFO  com.intuit.karate - [print]
10:55:51.420 [ForkJoinPool-1-worker-7] INFO  com.intuit.karate - [print] testing xlinkurl:http://www.eionet.europa.eu/gemet/inspire_themes
10:55:51.598 [ForkJoinPool-1-worker-5] INFO  com.intuit.karate - [print] [
  "http://www.eionet.europa.eu/gemet/nl/inspire-theme/ac"
]

10:55:51.603 [ForkJoinPool-1-worker-3] INFO  com.intuit.karate - [print] [
  "http://www.eionet.europa.eu/gemet/nl/inspire-theme/ad"
]

10:55:51.607 [ForkJoinPool-1-worker-5] INFO  com.intuit.karate - [print]
10:55:51.608 [ForkJoinPool-1-worker-3] INFO  com.intuit.karate - [print]
10:55:51.609 [ForkJoinPool-1-worker-3] INFO  com.intuit.karate - [print] testing xlinkurl:http://www.eionet.europa.eu/gemet/nl/inspire-theme/ad
10:55:51.611 [ForkJoinPool-1-worker-5] INFO  com.intuit.karate - [print] testing xlinkurl:http://www.eionet.europa.eu/gemet/nl/inspire-theme/ac
10:55:52.632 [ForkJoinPool-1-worker-3] INFO  com.intuit.karate - [print] [
  "http://www.eionet.europa.eu/gemet/nl/inspire-theme/af"
]

10:55:52.640 [ForkJoinPool-1-worker-5] INFO  com.intuit.karate - [print] [
  "http://www.eionet.europa.eu/gemet/nl/inspire-theme/am"
]

10:55:52.642 [ForkJoinPool-1-worker-3] INFO  com.intuit.karate - [print]
10:55:52.643 [ForkJoinPool-1-worker-3] INFO  com.intuit.karate - [print] testing xlinkurl:http://www.eionet.europa.eu/gemet/nl/inspire-theme/af
10:55:52.644 [ForkJoinPool-1-worker-5] INFO  com.intuit.karate - [print]
10:55:52.646 [ForkJoinPool-1-worker-5] INFO  com.intuit.karate - [print] testing xlinkurl:http://www.eionet.europa.eu/gemet/nl/inspire-theme/am
10:55:52.731 [ForkJoinPool-1-worker-7] INFO  com.intuit.karate - [print] [
  "http://www.eionet.europa.eu/gemet/nl/inspire-theme/au"
]

10:55:52.739 [ForkJoinPool-1-worker-7] INFO  com.intuit.karate - [print]
10:55:52.739 [ForkJoinPool-1-worker-7] INFO  com.intuit.karate - [print] testing xlinkurl:http://www.eionet.europa.eu/gemet/nl/inspire-theme/au
10:55:53.352 [ForkJoinPool-1-worker-5] INFO  com.intuit.karate - [print] [
  "http://www.eionet.europa.eu/gemet/nl/inspire-theme/bu"
]

10:55:53.354 [ForkJoinPool-1-worker-3] INFO  com.intuit.karate - [print] [
  "http://www.eionet.europa.eu/gemet/nl/inspire-theme/cp"
]

10:55:53.357 [ForkJoinPool-1-worker-5] INFO  com.intuit.karate - [print]
10:55:53.357 [ForkJoinPool-1-worker-5] INFO  com.intuit.karate - [print] testing xlinkurl:http://www.eionet.europa.eu/gemet/nl/inspire-theme/bu
10:55:53.357 [ForkJoinPool-1-worker-3] INFO  com.intuit.karate - [print]
10:55:53.357 [ForkJoinPool-1-worker-3] INFO  com.intuit.karate - [print] testing xlinkurl:http://www.eionet.europa.eu/gemet/nl/inspire-theme/cp
10:55:53.435 [ForkJoinPool-1-worker-7] INFO  com.intuit.karate - [print] [
  "http://www.eionet.europa.eu/gemet/nl/inspire-theme/ef"
]

10:55:53.439 [ForkJoinPool-1-worker-7] INFO  com.intuit.karate - [print]
10:55:53.440 [ForkJoinPool-1-worker-7] INFO  com.intuit.karate - [print] testing xlinkurl:http://www.eionet.europa.eu/gemet/nl/inspire-theme/ef
10:55:54.029 [ForkJoinPool-1-worker-3] INFO  com.intuit.karate - [print] [
  "http://www.eionet.europa.eu/gemet/nl/inspire-theme/er"
]

10:55:54.033 [ForkJoinPool-1-worker-3] INFO  com.intuit.karate - [print]
10:55:54.034 [ForkJoinPool-1-worker-3] INFO  com.intuit.karate - [print] testing xlinkurl:http://www.eionet.europa.eu/gemet/nl/inspire-theme/er
10:55:54.043 [ForkJoinPool-1-worker-5] INFO  com.intuit.karate - [print] [
  "http://www.eionet.europa.eu/gemet/nl/inspire-theme/ge"
]

10:55:54.047 [ForkJoinPool-1-worker-5] INFO  com.intuit.karate - [print]
10:55:54.048 [ForkJoinPool-1-worker-5] INFO  com.intuit.karate - [print] testing xlinkurl:http://www.eionet.europa.eu/gemet/nl/inspire-theme/ge
10:55:54.114 [ForkJoinPool-1-worker-7] INFO  com.intuit.karate - [print] [
  "http://www.eionet.europa.eu/gemet/nl/inspire-theme/gn"
]

10:55:54.119 [ForkJoinPool-1-worker-7] INFO  com.intuit.karate - [print]
10:55:54.120 [ForkJoinPool-1-worker-7] INFO  com.intuit.karate - [print] testing xlinkurl:http://www.eionet.europa.eu/gemet/nl/inspire-theme/gn
10:55:54.719 [ForkJoinPool-1-worker-3] INFO  com.intuit.karate - [print] [
  "http://www.eionet.europa.eu/gemet/nl/inspire-theme/hb"
]

10:55:54.726 [ForkJoinPool-1-worker-3] INFO  com.intuit.karate - [print]
10:55:54.727 [ForkJoinPool-1-worker-3] INFO  com.intuit.karate - [print] testing xlinkurl:http://www.eionet.europa.eu/gemet/nl/inspire-theme/hb
10:55:54.733 [ForkJoinPool-1-worker-5] INFO  com.intuit.karate - [print] [
  "http://www.eionet.europa.eu/gemet/nl/inspire-theme/hh"
]

10:55:54.743 [ForkJoinPool-1-worker-5] INFO  com.intuit.karate - [print]
10:55:54.744 [ForkJoinPool-1-worker-5] INFO  com.intuit.karate - [print] testing xlinkurl:http://www.eionet.europa.eu/gemet/nl/inspire-theme/hh
10:55:54.787 [ForkJoinPool-1-worker-7] INFO  com.intuit.karate - [print] [
  "http://www.eionet.europa.eu/gemet/nl/inspire-theme/hy"
]

10:55:54.791 [ForkJoinPool-1-worker-7] INFO  com.intuit.karate - [print]
10:55:54.791 [ForkJoinPool-1-worker-7] INFO  com.intuit.karate - [print] testing xlinkurl:http://www.eionet.europa.eu/gemet/nl/inspire-theme/hy
10:55:55.411 [ForkJoinPool-1-worker-3] INFO  com.intuit.karate - [print] [
  "http://www.eionet.europa.eu/gemet/nl/inspire-theme/lc"
]

10:55:55.416 [ForkJoinPool-1-worker-3] INFO  com.intuit.karate - [print]
10:55:55.416 [ForkJoinPool-1-worker-3] INFO  com.intuit.karate - [print] testing xlinkurl:http://www.eionet.europa.eu/gemet/nl/inspire-theme/lc
10:55:55.433 [ForkJoinPool-1-worker-5] INFO  com.intuit.karate - [print] [
  "http://www.eionet.europa.eu/gemet/nl/inspire-theme/lu"
]

10:55:55.437 [ForkJoinPool-1-worker-5] INFO  com.intuit.karate - [print]
10:55:55.437 [ForkJoinPool-1-worker-5] INFO  com.intuit.karate - [print] testing xlinkurl:http://www.eionet.europa.eu/gemet/nl/inspire-theme/lu
10:55:55.485 [ForkJoinPool-1-worker-7] INFO  com.intuit.karate - [print] [
  "http://www.eionet.europa.eu/gemet/nl/inspire-theme/mf"
]

10:55:55.491 [ForkJoinPool-1-worker-7] INFO  com.intuit.karate - [print]
10:55:55.497 [ForkJoinPool-1-worker-7] INFO  com.intuit.karate - [print] testing xlinkurl:http://www.eionet.europa.eu/gemet/nl/inspire-theme/mf
10:55:56.103 [ForkJoinPool-1-worker-3] INFO  com.intuit.karate - [print] [
  "http://www.eionet.europa.eu/gemet/nl/inspire-theme/nz"
]

10:55:56.107 [ForkJoinPool-1-worker-3] INFO  com.intuit.karate - [print]
10:55:56.108 [ForkJoinPool-1-worker-3] INFO  com.intuit.karate - [print] testing xlinkurl:http://www.eionet.europa.eu/gemet/nl/inspire-theme/nz
10:55:56.133 [ForkJoinPool-1-worker-5] INFO  com.intuit.karate - [print] [
  "http://www.eionet.europa.eu/gemet/nl/inspire-theme/of"
]

10:55:56.137 [ForkJoinPool-1-worker-5] INFO  com.intuit.karate - [print]
10:55:56.137 [ForkJoinPool-1-worker-5] INFO  com.intuit.karate - [print] testing xlinkurl:http://www.eionet.europa.eu/gemet/nl/inspire-theme/of
10:55:56.258 [ForkJoinPool-1-worker-7] INFO  com.intuit.karate - [print] [
  "http://www.eionet.europa.eu/gemet/nl/inspire-theme/oi"
]

10:55:56.263 [ForkJoinPool-1-worker-7] INFO  com.intuit.karate - [print]
10:55:56.263 [ForkJoinPool-1-worker-7] INFO  com.intuit.karate - [print] testing xlinkurl:http://www.eionet.europa.eu/gemet/nl/inspire-theme/oi
10:55:56.788 [ForkJoinPool-1-worker-3] INFO  com.intuit.karate - [print] [
  "http://www.eionet.europa.eu/gemet/nl/inspire-theme/pd"
]

10:55:56.805 [ForkJoinPool-1-worker-3] INFO  com.intuit.karate - [print]
10:55:56.806 [ForkJoinPool-1-worker-3] INFO  com.intuit.karate - [print] testing xlinkurl:http://www.eionet.europa.eu/gemet/nl/inspire-theme/pd
10:55:56.819 [ForkJoinPool-1-worker-5] INFO  com.intuit.karate - [print] [
  "http://www.eionet.europa.eu/gemet/nl/inspire-theme/pf"
]

10:55:56.824 [ForkJoinPool-1-worker-5] INFO  com.intuit.karate - [print]
10:55:56.825 [ForkJoinPool-1-worker-5] INFO  com.intuit.karate - [print] testing xlinkurl:http://www.eionet.europa.eu/gemet/nl/inspire-theme/pf
10:55:56.883 [ForkJoinPool-1-worker-9] INFO  com.intuit.karate - [print] [
  "http://www.eionet.europa.eu/gemet/nl/inspire-theme/ps"
]

10:55:56.888 [ForkJoinPool-1-worker-9] INFO  com.intuit.karate - [print]
10:55:56.890 [ForkJoinPool-1-worker-9] INFO  com.intuit.karate - [print] testing xlinkurl:http://www.eionet.europa.eu/gemet/nl/inspire-theme/ps
10:55:56.948 [ForkJoinPool-1-worker-7] INFO  com.intuit.karate - [print] [
  "http://www.eionet.europa.eu/gemet/nl/inspire-theme/rs"
]

10:55:56.952 [ForkJoinPool-1-worker-7] INFO  com.intuit.karate - [print]
10:55:56.953 [ForkJoinPool-1-worker-7] INFO  com.intuit.karate - [print] testing xlinkurl:http://www.eionet.europa.eu/gemet/nl/inspire-theme/rs
10:55:57.497 [ForkJoinPool-1-worker-3] INFO  com.intuit.karate - [print] [
  "http://www.eionet.europa.eu/gemet/nl/inspire-theme/sd"
]

10:55:57.501 [ForkJoinPool-1-worker-3] INFO  com.intuit.karate - [print]
10:55:57.502 [ForkJoinPool-1-worker-3] INFO  com.intuit.karate - [print] testing xlinkurl:http://www.eionet.europa.eu/gemet/nl/inspire-theme/sd
10:55:57.512 [ForkJoinPool-1-worker-5] INFO  com.intuit.karate - [print] [
  "http://www.eionet.europa.eu/gemet/nl/inspire-theme/so"
]

10:55:57.517 [ForkJoinPool-1-worker-5] INFO  com.intuit.karate - [print]
10:55:57.518 [ForkJoinPool-1-worker-5] INFO  com.intuit.karate - [print] testing xlinkurl:http://www.eionet.europa.eu/gemet/nl/inspire-theme/so
10:55:57.570 [ForkJoinPool-1-worker-9] INFO  com.intuit.karate - [print] [
  "http://www.eionet.europa.eu/gemet/nl/inspire-theme/sr"
]

10:55:57.575 [ForkJoinPool-1-worker-9] INFO  com.intuit.karate - [print]
10:55:57.575 [ForkJoinPool-1-worker-9] INFO  com.intuit.karate - [print] testing xlinkurl:http://www.eionet.europa.eu/gemet/nl/inspire-theme/sr
10:55:57.643 [ForkJoinPool-1-worker-7] INFO  com.intuit.karate - [print] [
  "http://www.eionet.europa.eu/gemet/nl/inspire-theme/su"
]

10:55:57.648 [ForkJoinPool-1-worker-7] INFO  com.intuit.karate - [print]
10:55:57.649 [ForkJoinPool-1-worker-7] INFO  com.intuit.karate - [print] testing xlinkurl:http://www.eionet.europa.eu/gemet/nl/inspire-theme/su
10:55:58.189 [ForkJoinPool-1-worker-3] INFO  com.intuit.karate - [print] [
  "http://www.eionet.europa.eu/gemet/nl/inspire-theme/tn"
]

10:55:58.197 [ForkJoinPool-1-worker-3] INFO  com.intuit.karate - [print]
10:55:58.197 [ForkJoinPool-1-worker-3] INFO  com.intuit.karate - [print] testing xlinkurl:http://www.eionet.europa.eu/gemet/nl/inspire-theme/tn
10:55:58.203 [ForkJoinPool-1-worker-5] INFO  com.intuit.karate - [print] [
  "http://www.eionet.europa.eu/gemet/nl/inspire-theme/us"
]

10:55:58.207 [ForkJoinPool-1-worker-5] INFO  com.intuit.karate - [print]
10:55:58.207 [ForkJoinPool-1-worker-5] INFO  com.intuit.karate - [print] testing xlinkurl:http://www.eionet.europa.eu/gemet/nl/inspire-theme/us
10:55:58.255 [ForkJoinPool-1-worker-9] INFO  com.intuit.karate - [print] [
  "http://www.iana.org/assignments/media-types/application/gml+xml"
]

10:55:58.261 [ForkJoinPool-1-worker-9] INFO  com.intuit.karate - [print]
10:55:58.262 [ForkJoinPool-1-worker-9] INFO  com.intuit.karate - [print] testing xlinkurl:http://www.iana.org/assignments/media-types/application/gml+xml
10:55:58.322 [ForkJoinPool-1-worker-7] INFO  com.intuit.karate - [print] [
  "https://www.iana.org/assignments/media-types/application/geopackage+sqlite3"
]

10:55:58.328 [ForkJoinPool-1-worker-7] INFO  com.intuit.karate - [print]
10:55:58.328 [ForkJoinPool-1-worker-7] INFO  com.intuit.karate - [print] testing xlinkurl:https://www.iana.org/assignments/media-types/application/geopackage+sqlite3
10:55:58.433 [ForkJoinPool-1-worker-9] INFO  com.intuit.karate - [print] [
  "https://www.iana.org/assignments/media-types/application/gml+xml"
]

10:55:58.438 [ForkJoinPool-1-worker-9] INFO  com.intuit.karate - [print]
10:55:58.438 [ForkJoinPool-1-worker-9] INFO  com.intuit.karate - [print] testing xlinkurl:https://www.iana.org/assignments/media-types/application/gml+xml
10:55:58.512 [ForkJoinPool-1-worker-7] INFO  com.intuit.karate - [print] [
  "https://www.iana.org/assignments/media-types/application/xml"
]

10:55:58.517 [ForkJoinPool-1-worker-7] INFO  com.intuit.karate - [print]
10:55:58.519 [ForkJoinPool-1-worker-7] INFO  com.intuit.karate - [print] testing xlinkurl:https://www.iana.org/assignments/media-types/application/xml
10:55:58.616 [ForkJoinPool-1-worker-9] INFO  com.intuit.karate - [print] [
  "http://www.opengeospatial.org/standards/sos"
]

10:55:58.621 [ForkJoinPool-1-worker-9] INFO  com.intuit.karate - [print]
10:55:58.622 [ForkJoinPool-1-worker-9] INFO  com.intuit.karate - [print] testing xlinkurl:http://www.opengeospatial.org/standards/sos
10:55:58.698 [ForkJoinPool-1-worker-7] INFO  com.intuit.karate - [print] [
  "http://www.opengeospatial.org/standards/wcs"
]

10:55:58.704 [ForkJoinPool-1-worker-7] INFO  com.intuit.karate - [print]
10:55:58.705 [ForkJoinPool-1-worker-7] INFO  com.intuit.karate - [print] testing xlinkurl:http://www.opengeospatial.org/standards/wcs
10:55:58.906 [ForkJoinPool-1-worker-5] INFO  com.intuit.karate - [print] [
  "http://www.opengeospatial.org/standards/wfs"
]

10:55:58.911 [ForkJoinPool-1-worker-5] INFO  com.intuit.karate - [print]
10:55:58.911 [ForkJoinPool-1-worker-5] INFO  com.intuit.karate - [print] testing xlinkurl:http://www.opengeospatial.org/standards/wfs
10:55:58.942 [ForkJoinPool-1-worker-3] INFO  com.intuit.karate - [print] [
  "http://www.opengeospatial.org/standards/wms"
]

10:55:58.946 [ForkJoinPool-1-worker-3] INFO  com.intuit.karate - [print]
10:55:58.947 [ForkJoinPool-1-worker-3] INFO  com.intuit.karate - [print] testing xlinkurl:http://www.opengeospatial.org/standards/wms
10:55:59.273 [ForkJoinPool-1-worker-5] INFO  com.intuit.karate - [print] [
  "http://www.opengeospatial.org/standards/wmts"
]

10:55:59.279 [ForkJoinPool-1-worker-5] INFO  com.intuit.karate - [print]
10:55:59.279 [ForkJoinPool-1-worker-5] INFO  com.intuit.karate - [print] testing xlinkurl:http://www.opengeospatial.org/standards/wmts
10:55:59.302 [ForkJoinPool-1-worker-9] INFO  com.intuit.karate - [print] [
  "http://www.opengis.net/def/crs/EPSG/0/3034"
]

10:55:59.302 [ForkJoinPool-1-worker-7] INFO  com.intuit.karate - [print] [
  "http://www.opengis.net/def/crs/EPSG/0/3035"
]

10:55:59.305 [ForkJoinPool-1-worker-9] INFO  com.intuit.karate - [print]
10:55:59.305 [ForkJoinPool-1-worker-9] INFO  com.intuit.karate - [print] testing xlinkurl:http://www.opengis.net/def/crs/EPSG/0/3034
10:55:59.308 [ForkJoinPool-1-worker-7] INFO  com.intuit.karate - [print]
10:55:59.308 [ForkJoinPool-1-worker-7] INFO  com.intuit.karate - [print] testing xlinkurl:http://www.opengis.net/def/crs/EPSG/0/3035
10:55:59.688 [ForkJoinPool-1-worker-9] INFO  com.intuit.karate - [print] [
  "http://www.opengis.net/def/crs/EPSG/0/3857"
]

10:55:59.694 [ForkJoinPool-1-worker-7] INFO  com.intuit.karate - [print] [
  "http://www.opengis.net/def/crs/EPSG/0/4258"
]

10:55:59.697 [ForkJoinPool-1-worker-9] INFO  com.intuit.karate - [print]
10:55:59.697 [ForkJoinPool-1-worker-9] INFO  com.intuit.karate - [print] testing xlinkurl:http://www.opengis.net/def/crs/EPSG/0/3857
10:55:59.702 [ForkJoinPool-1-worker-7] INFO  com.intuit.karate - [print]
10:55:59.702 [ForkJoinPool-1-worker-7] INFO  com.intuit.karate - [print] testing xlinkurl:http://www.opengis.net/def/crs/EPSG/0/4258
10:56:00.001 [ForkJoinPool-1-worker-9] INFO  com.intuit.karate - [print] [
  "http://www.opengis.net/def/crs/EPSG/0/4326"
]

10:56:00.005 [ForkJoinPool-1-worker-7] INFO  com.intuit.karate - [print] [
  "http://www.opengis.net/def/crs/EPSG/0/5709"
]

10:56:00.006 [ForkJoinPool-1-worker-9] INFO  com.intuit.karate - [print]
10:56:00.006 [ForkJoinPool-1-worker-9] INFO  com.intuit.karate - [print] testing xlinkurl:http://www.opengis.net/def/crs/EPSG/0/4326
10:56:00.010 [ForkJoinPool-1-worker-7] INFO  com.intuit.karate - [print]
10:56:00.011 [ForkJoinPool-1-worker-7] INFO  com.intuit.karate - [print] testing xlinkurl:http://www.opengis.net/def/crs/EPSG/0/5709
10:56:00.268 [ForkJoinPool-1-worker-3] INFO  com.intuit.karate - [print] [
  "http://www.opengis.net/def/crs/EPSG/0/5730"
]

10:56:00.272 [ForkJoinPool-1-worker-3] INFO  com.intuit.karate - [print]
10:56:00.273 [ForkJoinPool-1-worker-3] INFO  com.intuit.karate - [print] testing xlinkurl:http://www.opengis.net/def/crs/EPSG/0/5730
10:56:00.391 [ForkJoinPool-1-worker-9] INFO  com.intuit.karate - [print] [
  "http://www.opengis.net/def/crs/EPSG/0/5861"
]

10:56:00.391 [ForkJoinPool-1-worker-7] INFO  com.intuit.karate - [print] [
  "http://www.opengis.net/def/crs/EPSG/0/23031"
]

10:56:00.417 [ForkJoinPool-1-worker-7] INFO  com.intuit.karate - [print]
10:56:00.417 [ForkJoinPool-1-worker-7] INFO  com.intuit.karate - [print] testing xlinkurl:http://www.opengis.net/def/crs/EPSG/0/23031
10:56:00.420 [ForkJoinPool-1-worker-9] INFO  com.intuit.karate - [print]
10:56:00.422 [ForkJoinPool-1-worker-9] INFO  com.intuit.karate - [print] testing xlinkurl:http://www.opengis.net/def/crs/EPSG/0/5861
10:56:00.572 [ForkJoinPool-1-worker-3] INFO  com.intuit.karate - [print] [
  "http://www.opengis.net/def/crs/EPSG/0/25831"
]

10:56:00.576 [ForkJoinPool-1-worker-3] INFO  com.intuit.karate - [print]
10:56:00.577 [ForkJoinPool-1-worker-3] INFO  com.intuit.karate - [print] testing xlinkurl:http://www.opengis.net/def/crs/EPSG/0/25831
10:56:00.645 [ForkJoinPool-1-worker-5] INFO  com.intuit.karate - [print] [
  "http://www.opengis.net/def/crs/EPSG/0/25832"
]

10:56:00.650 [ForkJoinPool-1-worker-5] INFO  com.intuit.karate - [print]
10:56:00.651 [ForkJoinPool-1-worker-5] INFO  com.intuit.karate - [print] testing xlinkurl:http://www.opengis.net/def/crs/EPSG/0/25832
10:56:00.720 [ForkJoinPool-1-worker-7] INFO  com.intuit.karate - [print] [
  "http://www.opengis.net/def/crs/EPSG/0/28992"
]

10:56:00.724 [ForkJoinPool-1-worker-7] INFO  com.intuit.karate - [print]
10:56:00.725 [ForkJoinPool-1-worker-7] INFO  com.intuit.karate - [print] testing xlinkurl:http://www.opengis.net/def/crs/EPSG/0/28992
10:56:00.726 [ForkJoinPool-1-worker-9] INFO  com.intuit.karate - [print] [
  "http://www.opengis.net/def/crs/EPSG/0/EPSG:4326"
]

10:56:00.730 [ForkJoinPool-1-worker-9] INFO  com.intuit.karate - [print]
10:56:00.731 [ForkJoinPool-1-worker-9] INFO  com.intuit.karate - [print] testing xlinkurl:http://www.opengis.net/def/crs/EPSG/0/EPSG:4326
10:56:00.876 [ForkJoinPool-1-worker-3] INFO  com.intuit.karate - [print] [
  "http://www.opengis.net/def/crs/EPSG/0/EPSG:28992"
]

10:56:00.880 [ForkJoinPool-1-worker-3] INFO  com.intuit.karate - [print]
10:56:00.881 [ForkJoinPool-1-worker-3] INFO  com.intuit.karate - [print] testing xlinkurl:http://www.opengis.net/def/crs/EPSG/0/EPSG:28992
10:56:00.952 [ForkJoinPool-1-worker-5] INFO  com.intuit.karate - [print] [
  "http://www.opengis.net/def/crs/EPSG/0/epsg:28992"
]

10:56:00.958 [ForkJoinPool-1-worker-5] INFO  com.intuit.karate - [print]
10:56:00.959 [ForkJoinPool-1-worker-5] INFO  com.intuit.karate - [print] testing xlinkurl:http://www.opengis.net/def/crs/EPSG/0/epsg:28992
10:56:01.023 [ForkJoinPool-1-worker-9] INFO  com.intuit.karate - [print] [
  "http://www.opengis.net/def/serviceType/ogc/wcs"
]

10:56:01.027 [ForkJoinPool-1-worker-9] INFO  com.intuit.karate - [print]
10:56:01.027 [ForkJoinPool-1-worker-9] INFO  com.intuit.karate - [print] testing xlinkurl:http://www.opengis.net/def/serviceType/ogc/wcs
10:56:01.029 [ForkJoinPool-1-worker-7] INFO  com.intuit.karate - [print] [
  "http://www.opengis.net/def/serviceType/ogc/wfs"
]

10:56:01.039 [ForkJoinPool-1-worker-7] INFO  com.intuit.karate - [print]
10:56:01.040 [ForkJoinPool-1-worker-7] INFO  com.intuit.karate - [print] testing xlinkurl:http://www.opengis.net/def/serviceType/ogc/wfs
10:56:01.126 [ForkJoinPool-1-worker-11] INFO  com.intuit.karate - [print] [
  "http://www.opengis.net/def/serviceType/ogc/wms"
]

10:56:01.130 [ForkJoinPool-1-worker-11] INFO  com.intuit.karate - [print]
10:56:01.130 [ForkJoinPool-1-worker-11] INFO  com.intuit.karate - [print] testing xlinkurl:http://www.opengis.net/def/serviceType/ogc/wms
10:56:01.177 [ForkJoinPool-1-worker-3] INFO  com.intuit.karate - [print] [
  "http://www.opengis.net/def/serviceType/ogc/wmts"
]

10:56:01.182 [ForkJoinPool-1-worker-3] INFO  com.intuit.karate - [print]
10:56:01.182 [ForkJoinPool-1-worker-3] INFO  com.intuit.karate - [print] testing xlinkurl:http://www.opengis.net/def/serviceType/ogc/wmts
10:56:01.256 [ForkJoinPool-1-worker-5] INFO  com.intuit.karate - [print] [
  "http://www.wur.nl/nl/Expertises-Dienstverlening/Onderzoeksinstituten/Environmental-Research.htm"
]

10:56:01.260 [ForkJoinPool-1-worker-5] INFO  com.intuit.karate - [print]
10:56:01.261 [ForkJoinPool-1-worker-5] INFO  com.intuit.karate - [print] testing xlinkurl:http://www.wur.nl/nl/Expertises-Dienstverlening/Onderzoeksinstituten/Environmental-Research.htm
10:56:01.407 [ForkJoinPool-1-worker-9] INFO  com.intuit.karate - [print] [
  "https://ec.europa.eu/eurostat/web/health/data/database"
]

10:56:01.412 [ForkJoinPool-1-worker-9] INFO  com.intuit.karate - [print]
10:56:01.413 [ForkJoinPool-1-worker-9] INFO  com.intuit.karate - [print] testing xlinkurl:https://ec.europa.eu/eurostat/web/health/data/database
10:56:01.571 [ForkJoinPool-1-worker-7] INFO  com.intuit.karate - [print] [
  "https://geodata.cbs.nl/files/INSPIRE"
]

10:56:01.574 [ForkJoinPool-1-worker-7] INFO  com.intuit.karate - [print]
10:56:01.575 [ForkJoinPool-1-worker-7] INFO  com.intuit.karate - [print] testing xlinkurl:https://geodata.cbs.nl/files/INSPIRE
10:56:01.583 [ForkJoinPool-1-worker-11] INFO  com.intuit.karate - [print] [
  "https://geodata.nationaalgeoregister.nl/elu/atom/elu.xml"
]

10:56:01.587 [ForkJoinPool-1-worker-11] INFO  com.intuit.karate - [print]
10:56:01.587 [ForkJoinPool-1-worker-11] INFO  com.intuit.karate - [print] testing xlinkurl:https://geodata.nationaalgeoregister.nl/elu/atom/elu.xml
10:56:02.104 [ForkJoinPool-1-worker-11] INFO  com.intuit.karate - [print] [
  "https://inspire.ec.europa.eu/id/document/tg/au"
]

10:56:02.109 [ForkJoinPool-1-worker-11] INFO  com.intuit.karate - [print]
10:56:02.110 [ForkJoinPool-1-worker-11] INFO  com.intuit.karate - [print] testing xlinkurl:https://inspire.ec.europa.eu/id/document/tg/au
10:56:02.249 [ForkJoinPool-1-worker-5] INFO  com.intuit.karate - [print] [
  "https://inspire.ec.europa.eu/id/document/tg/of"
]

10:56:02.254 [ForkJoinPool-1-worker-5] INFO  com.intuit.karate - [print]
10:56:02.255 [ForkJoinPool-1-worker-5] INFO  com.intuit.karate - [print] testing xlinkurl:https://inspire.ec.europa.eu/id/document/tg/of
10:56:02.388 [ForkJoinPool-1-worker-7] INFO  com.intuit.karate - [print] [
  "https://inspire.ec.europa.eu/id/document/tg/ps"
]

10:56:02.392 [ForkJoinPool-1-worker-7] INFO  com.intuit.karate - [print]
10:56:02.392 [ForkJoinPool-1-worker-7] INFO  com.intuit.karate - [print] testing xlinkurl:https://inspire.ec.europa.eu/id/document/tg/ps
10:56:02.422 [ForkJoinPool-1-worker-3] INFO  com.intuit.karate - [print] [
  "https://inspire.ec.europa.eu/schemas/ps/4.0/ProtectedSites.xsd"
]

10:56:02.426 [ForkJoinPool-1-worker-3] INFO  com.intuit.karate - [print]
10:56:02.426 [ForkJoinPool-1-worker-3] INFO  com.intuit.karate - [print] testing xlinkurl:https://inspire.ec.europa.eu/schemas/ps/4.0/ProtectedSites.xsd
10:56:02.593 [ForkJoinPool-1-worker-11] INFO  com.intuit.karate - [print] [
  "https://ngr.geocat.live/geonetwork/srv/eng/thesaurus.download?ref=external.theme.httpinspireeceuropaeumetadatacodelistSpatialScope-SpatialScope"
]

10:56:02.598 [ForkJoinPool-1-worker-11] INFO  com.intuit.karate - [print]
10:56:02.599 [ForkJoinPool-1-worker-11] INFO  com.intuit.karate - [print] testing xlinkurl:https://ngr.geocat.live/geonetwork/srv/eng/thesaurus.download?ref=external.theme.httpinspireeceuropaeumetadatacodelistSpatialScope-SpatialScope
10:56:02.734 [ForkJoinPool-1-worker-5] INFO  com.intuit.karate - [print] [
  "https://tools.ietf.org/html/rfc4287"
]

10:56:02.739 [ForkJoinPool-1-worker-5] INFO  com.intuit.karate - [print]
10:56:02.739 [ForkJoinPool-1-worker-5] INFO  com.intuit.karate - [print] testing xlinkurl:https://tools.ietf.org/html/rfc4287
10:56:02.865 [ForkJoinPool-1-worker-3] INFO  com.intuit.karate - [print] [
  "https://tools.ietf.org/html/rfc5023"
]

10:56:02.872 [ForkJoinPool-1-worker-3] INFO  com.intuit.karate - [print]
10:56:02.873 [ForkJoinPool-1-worker-3] INFO  com.intuit.karate - [print] testing xlinkurl:https://tools.ietf.org/html/rfc5023
10:56:02.881 [ForkJoinPool-1-worker-7] INFO  com.intuit.karate - [print] [
  "https://www.cbs.nl/-/media/cbs/dossiers/nederland%20regionaal/wijk-en-buurtstatistieken/shape%202017%20versie%2020.zip"
]

10:56:02.885 [ForkJoinPool-1-worker-7] INFO  com.intuit.karate - [print]
10:56:02.886 [ForkJoinPool-1-worker-7] INFO  com.intuit.karate - [print] testing xlinkurl:https://www.cbs.nl/-/media/cbs/dossiers/nederland%20regionaal/wijk-en-buurtstatistieken/shape%202017%20versie%2020.zip
10:56:02.923 [ForkJoinPool-1-worker-11] INFO  com.intuit.karate - [print] [
  "https://www.cbs.nl/nl-nl/dossier/nederland-regionaal/geografische-data/wijk-en-buurtkaart-2016"
]

10:56:02.927 [ForkJoinPool-1-worker-11] INFO  com.intuit.karate - [print]
10:56:02.928 [ForkJoinPool-1-worker-11] INFO  com.intuit.karate - [print] testing xlinkurl:https://www.cbs.nl/nl-nl/dossier/nederland-regionaal/geografische-data/wijk-en-buurtkaart-2016
10:56:03.417 [ForkJoinPool-1-worker-7] INFO  com.intuit.karate - [print] [
  "https://www.cbs.nl/nl-nl/dossier/nederland-regionaal/geografische-data/wijk-en-buurtkaart-2018"
]

10:56:03.423 [ForkJoinPool-1-worker-7] INFO  com.intuit.karate - [print]
10:56:03.424 [ForkJoinPool-1-worker-7] INFO  com.intuit.karate - [print] testing xlinkurl:https://www.cbs.nl/nl-nl/dossier/nederland-regionaal/geografische-data/wijk-en-buurtkaart-2018
10:56:03.467 [ForkJoinPool-1-worker-11] INFO  com.intuit.karate - [print] [
  "https://www.cbs.nl/nl-nl/dossier/nederland-regionaal/geografische-data/wijk-en-buurtkaart-2019"
]

10:56:03.471 [ForkJoinPool-1-worker-11] INFO  com.intuit.karate - [print]
10:56:03.472 [ForkJoinPool-1-worker-11] INFO  com.intuit.karate - [print] testing xlinkurl:https://www.cbs.nl/nl-nl/dossier/nederland-regionaal/geografische-data/wijk-en-buurtkaart-2019
10:56:03.708 [ForkJoinPool-1-worker-9] INFO  com.intuit.karate - [print] [
  "https://www.iana.org/assignments/media-types/application/gml+xml"
]

10:56:03.710 [ForkJoinPool-1-worker-3] INFO  com.intuit.karate - [print] [
  "https://www.iana.org/assignments/media-types/application/zip"
]

10:56:03.713 [ForkJoinPool-1-worker-3] INFO  com.intuit.karate - [print]
10:56:03.713 [ForkJoinPool-1-worker-3] INFO  com.intuit.karate - [print] testing xlinkurl:https://www.iana.org/assignments/media-types/application/zip
10:56:03.717 [ForkJoinPool-1-worker-9] INFO  com.intuit.karate - [print]
10:56:03.718 [ForkJoinPool-1-worker-9] INFO  com.intuit.karate - [print] testing xlinkurl:https://www.iana.org/assignments/media-types/application/gml+xml
10:56:03.740 [ForkJoinPool-1-worker-5] INFO  com.intuit.karate - [print] [
  "https://www.iana.org/assignments/media-types/image/png"
]

10:56:03.746 [ForkJoinPool-1-worker-5] INFO  com.intuit.karate - [print]
10:56:03.746 [ForkJoinPool-1-worker-5] INFO  com.intuit.karate - [print] testing xlinkurl:https://www.iana.org/assignments/media-types/image/png
10:56:03.839 [ForkJoinPool-1-worker-7] INFO  com.intuit.karate - [print] [
  "https://www.nationaalgeoregister.nl"
]

10:56:03.858 [ForkJoinPool-1-worker-7] INFO  com.intuit.karate - [print]
10:56:03.859 [ForkJoinPool-1-worker-7] INFO  com.intuit.karate - [print] testing xlinkurl:https://www.nationaalgeoregister.nl
10:56:03.885 [ForkJoinPool-1-worker-11] INFO  com.intuit.karate - [print] [
  "https://www.nationaalgeoregister.nl/geonetwork/srv/eng/thesaurus.download?ref=external.theme.httpinspireeceuropaeumetadatacodelistPriorityDataset-PriorityDataset"
]

10:56:03.889 [ForkJoinPool-1-worker-11] INFO  com.intuit.karate - [print]
10:56:03.889 [ForkJoinPool-1-worker-11] INFO  com.intuit.karate - [print] testing xlinkurl:https://www.nationaalgeoregister.nl/geonetwork/srv/eng/thesaurus.download?ref=external.theme.httpinspireeceuropaeumetadatacodelistPriorityDataset-PriorityDataset
10:56:03.900 [ForkJoinPool-1-worker-9] INFO  com.intuit.karate - [print] [
  "https://www.nationaalgeoregister.nl/geonetwork/srv/eng/thesaurus.download?ref=external.theme.httpinspireeceuropaeumetadatacodelistSpatialScope-SpatialScope"
]

10:56:03.904 [ForkJoinPool-1-worker-9] INFO  com.intuit.karate - [print]
10:56:03.904 [ForkJoinPool-1-worker-9] INFO  com.intuit.karate - [print] testing xlinkurl:https://www.nationaalgeoregister.nl/geonetwork/srv/eng/thesaurus.download?ref=external.theme.httpinspireeceuropaeumetadatacodelistSpatialScope-SpatialScope
10:56:03.907 [ForkJoinPool-1-worker-3] INFO  com.intuit.karate - [print] [
  "https://www.nationaalgeoregister.nl/geonetwork/srv/eng/thesaurus.download?ref=external.theme.httpinspireeceuropaeutheme-theme"
]

10:56:03.914 [ForkJoinPool-1-worker-3] INFO  com.intuit.karate - [print]
10:56:03.914 [ForkJoinPool-1-worker-3] INFO  com.intuit.karate - [print] testing xlinkurl:https://www.nationaalgeoregister.nl/geonetwork/srv/eng/thesaurus.download?ref=external.theme.httpinspireeceuropaeutheme-theme
10:56:03.921 [ForkJoinPool-1-worker-5] INFO  com.intuit.karate - [print] [
  "https://www.nationaalgeoregister.nl:443/geonetwork/srv/eng/thesaurus.download?ref=external.theme.httpinspireeceuropaeuapplicationschema-applicationschema"
]

10:56:03.925 [ForkJoinPool-1-worker-5] INFO  com.intuit.karate - [print]
10:56:03.925 [ForkJoinPool-1-worker-5] INFO  com.intuit.karate - [print] testing xlinkurl:https://www.nationaalgeoregister.nl:443/geonetwork/srv/eng/thesaurus.download?ref=external.theme.httpinspireeceuropaeuapplicationschema-applicationschema
10:56:04.299 [ForkJoinPool-1-worker-9] INFO  com.intuit.karate - [print] [
  "https://www.nationaalgeoregister.nl:443/geonetwork/srv/eng/thesaurus.download?ref=external.theme.httpinspireeceuropaeumetadatacodelistPriorityDataset-PriorityDataset"
]

10:56:04.305 [ForkJoinPool-1-worker-5] INFO  com.intuit.karate - [print] [
  "https://www.nationaalgeoregister.nl:443/geonetwork/srv/eng/thesaurus.download?ref=external.theme.httpinspireeceuropaeumetadatacodelistSpatialScope-SpatialScope"
]

10:56:04.306 [ForkJoinPool-1-worker-11] INFO  com.intuit.karate - [print] [
  "https://www.nationaalgeoregister.nl:443/geonetwork/srv/eng/thesaurus.download?ref=external.theme.httpinspireeceuropaeutheme-theme"
]

10:56:04.316 [ForkJoinPool-1-worker-5] INFO  com.intuit.karate - [print]
10:56:04.320 [ForkJoinPool-1-worker-11] INFO  com.intuit.karate - [print]
10:56:04.323 [ForkJoinPool-1-worker-11] INFO  com.intuit.karate - [print] testing xlinkurl:https://www.nationaalgeoregister.nl:443/geonetwork/srv/eng/thesaurus.download?ref=external.theme.httpinspireeceuropaeutheme-theme
10:56:04.325 [ForkJoinPool-1-worker-5] INFO  com.intuit.karate - [print] testing xlinkurl:https://www.nationaalgeoregister.nl:443/geonetwork/srv/eng/thesaurus.download?ref=external.theme.httpinspireeceuropaeumetadatacodelistSpatialScope-SpatialScope
10:56:04.333 [ForkJoinPool-1-worker-9] INFO  com.intuit.karate - [print]
10:56:04.334 [ForkJoinPool-1-worker-9] INFO  com.intuit.karate - [print] testing xlinkurl:https://www.nationaalgeoregister.nl:443/geonetwork/srv/eng/thesaurus.download?ref=external.theme.httpinspireeceuropaeumetadatacodelistPriorityDataset-PriorityDataset
10:56:05.038 [ForkJoinPool-1-worker-3] INFO  com.intuit.karate - [print] title:Nationale Parken (INSPIRE Geharmoniseerd)
10:56:05.039 [ForkJoinPool-1-worker-3] INFO  com.intuit.karate - [print] Nationale Parken (INSPIRE Geharmoniseerd)
10:56:05.043 [ForkJoinPool-1-worker-3] INFO  com.intuit.karate - [print] [
  "geodatabeheer.giscc@rvo.nl",
  "geodatabeheer.giscc@rvo.nl",
  "info@minlnv.nl",
  "",
  "",
  ""
]

10:56:05.061 [ForkJoinPool-1-worker-3] INFO  com.intuit.karate - [print] organisation: no organisationName found in dataset record
10:56:05.138 [ForkJoinPool-1-worker-3] INFO  com.intuit.karate - [print] [
  "http://nationaalgeoregister.nl/geonetwork/srv/dut/catalog.search#/metadata/247a1d15-0a67-40ce-85be-1403c08f15a8",
  "xlink:href=https://inspire.ec.europa.eu/id/document/tg/ps",
  "https://data.overheid.nl/organisatie/PDOK"
]

10:56:05.144 [ForkJoinPool-1-worker-3] INFO  com.intuit.karate - [print]
10:56:05.145 [ForkJoinPool-1-worker-3] INFO  com.intuit.karate - [print] testing xlinkurl:http://nationaalgeoregister.nl/geonetwork/srv/dut/catalog.search#/metadata/247a1d15-0a67-40ce-85be-1403c08f15a8
10:56:05.227 [ForkJoinPool-1-worker-7] INFO  com.intuit.karate - [print] title:Geografische Namen
10:56:05.227 [ForkJoinPool-1-worker-7] INFO  com.intuit.karate - [print] Geografische Namen
10:56:05.235 [ForkJoinPool-1-worker-7] INFO  com.intuit.karate - [print] [
  "PPB-GVA@kadaster.nl",
  "kcc@kadaster.nl",
  "kcc@kadaster.nl"
]

10:56:05.240 [ForkJoinPool-1-worker-7] INFO  com.intuit.karate - [print] organisation: [
  "Kadaster",
  "Kadaster",
  "Kadaster"
]

10:56:05.258 [ForkJoinPool-1-worker-5] INFO  com.intuit.karate - [print] title:Emissies naar het riool in 2015 vanuit de industrie
10:56:05.258 [ForkJoinPool-1-worker-5] INFO  com.intuit.karate - [print] Emissies naar het riool in 2015 vanuit de industrie
10:56:05.261 [ForkJoinPool-1-worker-5] INFO  com.intuit.karate - [print] [
  "emissieregistratie@rivm.nl",
  "",
  "emissieregistratie@rivm.nl"
]

10:56:05.264 [ForkJoinPool-1-worker-5] INFO  com.intuit.karate - [print] organisation: no organisationName found in dataset record
10:56:05.278 [ForkJoinPool-1-worker-7] INFO  com.intuit.karate - [print] [
  "http://kadaster/06b6c650-cdb1-11dd-ad8b-0800200c9a79"
]

10:56:05.284 [ForkJoinPool-1-worker-7] INFO  com.intuit.karate - [print]
10:56:05.285 [ForkJoinPool-1-worker-7] INFO  com.intuit.karate - [print] testing xlinkurl:http://kadaster/06b6c650-cdb1-11dd-ad8b-0800200c9a79
10:56:05.288 [ForkJoinPool-1-worker-5] INFO  com.intuit.karate - [print] [
  "https://data.rivm.nl/inspire/id#64d546c9-71d4-4c84-a04c-61c5d0734f65"
]

10:56:05.295 [ForkJoinPool-1-worker-5] INFO  com.intuit.karate - [print]
10:56:05.296 [ForkJoinPool-1-worker-5] INFO  com.intuit.karate - [print] testing xlinkurl:https://data.rivm.nl/inspire/id#64d546c9-71d4-4c84-a04c-61c5d0734f65
10:56:05.320 [ForkJoinPool-1-worker-7] ERROR com.intuit.karate - java.net.UnknownHostException: kadaster: Temporary failure in name resolution, http call failed after 33 milliseconds for URL: http://kadaster/06b6c650-cdb1-11dd-ad8b-0800200c9a79
10:56:05.320 [ForkJoinPool-1-worker-7] ERROR com.intuit.karate - http request failed: 
java.net.UnknownHostException: kadaster: Temporary failure in name resolution
10:56:05.321 [ForkJoinPool-1-worker-7] ERROR com.intuit.karate - feature call (loop) failed at index: 0
caller: classpath:InspireTest/ngr/datasetrecords/def/checkxlinkurl.template.feature
arg: {"link":"http://kadaster/06b6c650-cdb1-11dd-ad8b-0800200c9a79"}
checkxlinkurl.template.feature:14 - 
java.net.UnknownHostException: kadaster: Temporary failure in name resolution
10:56:05.333 [ForkJoinPool-1-worker-9] INFO  com.intuit.karate - [print] title:Gebouwen (INSPIRE geharmoniseerd)
10:56:05.336 [ForkJoinPool-1-worker-9] INFO  com.intuit.karate - [print] Gebouwen (INSPIRE geharmoniseerd)
10:56:05.339 [ForkJoinPool-1-worker-9] INFO  com.intuit.karate - [print] [
  "PPB-GVA@kadaster.nl",
  "kcc@kadaster.nl"
]

10:56:05.343 [ForkJoinPool-1-worker-11] INFO  com.intuit.karate - [print] title:Amplitude van het getij op de Noordzee
10:56:05.344 [ForkJoinPool-1-worker-11] INFO  com.intuit.karate - [print] Amplitude van het getij op de Noordzee
10:56:05.344 [ForkJoinPool-1-worker-9] INFO  com.intuit.karate - [print] organisation: [
  "Kadaster",
  "Kadaster"
]

10:56:05.349 [ForkJoinPool-1-worker-11] INFO  com.intuit.karate - [print] [
  "data@hydro.nl",
  "data@hydro.nl",
  "data@hydro.nl",
  ""
]

10:56:05.356 [ForkJoinPool-1-worker-11] INFO  com.intuit.karate - [print] organisation: [
  "Ministerie van Defensie, Koninklijke Marine, Dienst der Hydrografie",
  "Ministerie van Defensie, Koninklijke Marine, Dienst der Hydrografie",
  "Ministerie van Defensie, Koninklijke Marine, Dienst der Hydrografie"
]

10:56:05.353 [ForkJoinPool-1-worker-9] INFO  com.intuit.karate - [print] [
  "http://www.opengis.net/def/crs/EPSG/0/http://www.opengis.net/def/crs/EPSG/0/4258",
  "http://kadaster/80b2d12c-32be-54fg-b6d3\u201434f4ffc06cf3"
]

10:56:05.366 [ForkJoinPool-1-worker-11] INFO  com.intuit.karate - [print] [
  "http://www.opengis.net/def/crs/EPSG/0/https://www.opengis.net/def/crs/EPSG/0/4258",
  "https://www.nationaalgeoregister.nl/geonetwork/srv/api/recordsbe6551de-a709-4c6d-a5e2-f63f0cf038ba"
]

10:56:05.372 [ForkJoinPool-1-worker-3] INFO  com.intuit.karate - [print]
10:56:05.373 [ForkJoinPool-1-worker-3] INFO  com.intuit.karate - [print] testing xlinkurl:xlink:href=https://inspire.ec.europa.eu/id/document/tg/ps
10:56:05.374 [ForkJoinPool-1-worker-3] ERROR com.intuit.karate - org.apache.http.client.ClientProtocolException: URI does not specify a valid host name: xlink:href=https://inspire.ec.europa.eu/id/document/tg/ps, http call failed after 0 milliseconds for URL: xlink:href=https://inspire.ec.europa.eu/id/document/tg/ps
10:56:05.376 [ForkJoinPool-1-worker-3] ERROR com.intuit.karate - http request failed: 
org.apache.http.client.ClientProtocolException: URI does not specify a valid host name: xlink:href=https://inspire.ec.europa.eu/id/document/tg/ps
10:56:05.377 [ForkJoinPool-1-worker-3] ERROR com.intuit.karate - feature call (loop) failed at index: 1
caller: classpath:InspireTest/ngr/datasetrecords/def/checkxlinkurl.template.feature
arg: {"link":"xlink:href=https://inspire.ec.europa.eu/id/document/tg/ps"}
checkxlinkurl.template.feature:14 - 
org.apache.http.client.ClientProtocolException: URI does not specify a valid host name: xlink:href=https://inspire.ec.europa.eu/id/document/tg/ps
10:56:05.379 [ForkJoinPool-1-worker-3] INFO  com.intuit.karate - [print]
10:56:05.380 [ForkJoinPool-1-worker-3] INFO  com.intuit.karate - [print] testing xlinkurl:https://data.overheid.nl/organisatie/PDOK
10:56:05.384 [ForkJoinPool-1-worker-9] INFO  com.intuit.karate - [print]
10:56:05.385 [ForkJoinPool-1-worker-9] INFO  com.intuit.karate - [print] testing xlinkurl:http://www.opengis.net/def/crs/EPSG/0/http://www.opengis.net/def/crs/EPSG/0/4258
10:56:05.390 [ForkJoinPool-1-worker-11] INFO  com.intuit.karate - [print]
10:56:05.391 [ForkJoinPool-1-worker-11] INFO  com.intuit.karate - [print] testing xlinkurl:http://www.opengis.net/def/crs/EPSG/0/https://www.opengis.net/def/crs/EPSG/0/4258
10:56:05.736 [ForkJoinPool-1-worker-11] INFO  com.intuit.karate - [print]
10:56:05.739 [ForkJoinPool-1-worker-11] INFO  com.intuit.karate - [print] testing xlinkurl:https://www.nationaalgeoregister.nl/geonetwork/srv/api/recordsbe6551de-a709-4c6d-a5e2-f63f0cf038ba
10:56:05.738 [ForkJoinPool-1-worker-9] INFO  com.intuit.karate - [print]
10:56:05.741 [ForkJoinPool-1-worker-9] INFO  com.intuit.karate - [print] testing xlinkurl:http://kadaster/80b2d12c-32be-54fg-b6d3—34f4ffc06cf3
10:56:05.751 [ForkJoinPool-1-worker-9] ERROR com.intuit.karate - java.net.UnknownHostException: kadaster, http call failed after 0 milliseconds for URL: http://kadaster/80b2d12c-32be-54fg-b6d3—34f4ffc06cf3
10:56:05.758 [ForkJoinPool-1-worker-9] ERROR com.intuit.karate - http request failed: 
java.net.UnknownHostException: kadaster
10:56:05.759 [ForkJoinPool-1-worker-9] ERROR com.intuit.karate - feature call (loop) failed at index: 1
caller: classpath:InspireTest/ngr/datasetrecords/def/checkxlinkurl.template.feature
arg: {"link":"http://kadaster/80b2d12c-32be-54fg-b6d3\u201434f4ffc06cf3"}
checkxlinkurl.template.feature:14 - 
java.net.UnknownHostException: kadaster
10:56:05.796 [ForkJoinPool-1-worker-5] ERROR com.intuit.karate - javax.net.ssl.SSLException: Connection reset, http call failed after 498 milliseconds for URL: https://data.rivm.nl/inspire/id#64d546c9-71d4-4c84-a04c-61c5d0734f65
10:56:05.796 [ForkJoinPool-1-worker-5] ERROR com.intuit.karate - http request failed: 
javax.net.ssl.SSLException: Connection reset
10:56:05.796 [ForkJoinPool-1-worker-5] ERROR com.intuit.karate - feature call (loop) failed at index: 0
caller: classpath:InspireTest/ngr/datasetrecords/def/checkxlinkurl.template.feature
arg: {"link":"https://data.rivm.nl/inspire/id#64d546c9-71d4-4c84-a04c-61c5d0734f65"}
checkxlinkurl.template.feature:14 - 
javax.net.ssl.SSLException: Connection reset
10:56:05.897 [ForkJoinPool-1-worker-7] INFO  com.intuit.karate - [print] title:Luchtfoto 2017 25cm RGB open data
10:56:05.898 [ForkJoinPool-1-worker-7] INFO  com.intuit.karate - [print] Luchtfoto 2017 25cm RGB open data
10:56:05.901 [ForkJoinPool-1-worker-7] INFO  com.intuit.karate - [print] [
  "PPB-GVA@kadaster.nl",
  "info@hetwaterschapshuis.nl",
  "kcc@kadaster.nl",
  "",
  "",
  "",
  "",
  "",
  ""
]

10:56:05.905 [ForkJoinPool-1-worker-7] INFO  com.intuit.karate - [print] organisation: [
  "Kadaster",
  "Het Waterschapshuis",
  "Kadaster",
  "Eurosense",
  "Eurosense",
  "Eurosense",
  "Kadaster",
  "Kadaster"
]

10:56:05.914 [ForkJoinPool-1-worker-7] INFO  com.intuit.karate - [print] [
  "http://kadaster/2482250f-3b00-4439-9f93-f3118229b017",
  "",
  "",
  ""
]

10:56:05.925 [ForkJoinPool-1-worker-7] INFO  com.intuit.karate - [print]
10:56:05.926 [ForkJoinPool-1-worker-7] INFO  com.intuit.karate - [print] testing xlinkurl:http://kadaster/2482250f-3b00-4439-9f93-f3118229b017
10:56:05.928 [ForkJoinPool-1-worker-7] ERROR com.intuit.karate - java.net.UnknownHostException: kadaster, http call failed after 0 milliseconds for URL: http://kadaster/2482250f-3b00-4439-9f93-f3118229b017
10:56:05.929 [ForkJoinPool-1-worker-7] ERROR com.intuit.karate - http request failed: 
java.net.UnknownHostException: kadaster
10:56:05.930 [ForkJoinPool-1-worker-7] ERROR com.intuit.karate - feature call (loop) failed at index: 0
caller: classpath:InspireTest/ngr/datasetrecords/def/checkxlinkurl.template.feature
arg: {"link":"http://kadaster/2482250f-3b00-4439-9f93-f3118229b017"}
checkxlinkurl.template.feature:14 - 
java.net.UnknownHostException: kadaster
10:56:05.933 [ForkJoinPool-1-worker-7] INFO  com.intuit.karate - [print]
10:56:05.934 [ForkJoinPool-1-worker-7] INFO  com.intuit.karate - [print] testing xlinkurl:
10:56:05.935 [ForkJoinPool-1-worker-7] ERROR com.intuit.karate - org.apache.http.client.ClientProtocolException, http call failed after 0 milliseconds for URL: 
10:56:05.936 [ForkJoinPool-1-worker-7] ERROR com.intuit.karate - http request failed: 
org.apache.http.client.ClientProtocolException
10:56:05.937 [ForkJoinPool-1-worker-7] ERROR com.intuit.karate - feature call (loop) failed at index: 1
caller: classpath:InspireTest/ngr/datasetrecords/def/checkxlinkurl.template.feature
arg: {"link":""}
checkxlinkurl.template.feature:14 - 
org.apache.http.client.ClientProtocolException
10:56:05.939 [ForkJoinPool-1-worker-7] INFO  com.intuit.karate - [print]
10:56:05.940 [ForkJoinPool-1-worker-7] INFO  com.intuit.karate - [print] testing xlinkurl:
10:56:05.941 [ForkJoinPool-1-worker-7] ERROR com.intuit.karate - org.apache.http.client.ClientProtocolException, http call failed after 0 milliseconds for URL: 
10:56:05.942 [ForkJoinPool-1-worker-7] ERROR com.intuit.karate - http request failed: 
org.apache.http.client.ClientProtocolException
10:56:05.943 [ForkJoinPool-1-worker-7] ERROR com.intuit.karate - feature call (loop) failed at index: 2
caller: classpath:InspireTest/ngr/datasetrecords/def/checkxlinkurl.template.feature
arg: {"link":""}
checkxlinkurl.template.feature:14 - 
org.apache.http.client.ClientProtocolException
10:56:05.945 [ForkJoinPool-1-worker-7] INFO  com.intuit.karate - [print]
10:56:05.946 [ForkJoinPool-1-worker-7] INFO  com.intuit.karate - [print] testing xlinkurl:
10:56:05.947 [ForkJoinPool-1-worker-7] ERROR com.intuit.karate - org.apache.http.client.ClientProtocolException, http call failed after 0 milliseconds for URL: 
10:56:05.948 [ForkJoinPool-1-worker-7] ERROR com.intuit.karate - http request failed: 
org.apache.http.client.ClientProtocolException
10:56:05.949 [ForkJoinPool-1-worker-7] ERROR com.intuit.karate - feature call (loop) failed at index: 3
caller: classpath:InspireTest/ngr/datasetrecords/def/checkxlinkurl.template.feature
arg: {"link":""}
checkxlinkurl.template.feature:14 - 
org.apache.http.client.ClientProtocolException
10:56:06.287 [ForkJoinPool-1-worker-11] ERROR com.intuit.karate - assertion failed: path: $, actual: 500, expected: 200, reason: not equal (Integer)
10:56:06.287 [ForkJoinPool-1-worker-11] ERROR com.intuit.karate - feature call (loop) failed at index: 1
caller: classpath:InspireTest/ngr/datasetrecords/def/checkxlinkurl.template.feature
arg: {"link":"https://www.nationaalgeoregister.nl/geonetwork/srv/api/recordsbe6551de-a709-4c6d-a5e2-f63f0cf038ba"}
checkxlinkurl.template.feature:22 - path: $, actual: 500, expected: 200, reason: not equal (Integer)
10:56:06.407 [ForkJoinPool-1-worker-9] INFO  com.intuit.karate - [print] title:Bodemkaart50000_versie2014
10:56:06.408 [ForkJoinPool-1-worker-9] INFO  com.intuit.karate - [print] Bodemkaart50000_versie2014
10:56:06.410 [ForkJoinPool-1-worker-9] INFO  com.intuit.karate - [print] [
  "fokke.brouwer@wur.nl",
  "GeoDesk@wur.nl",
  "fokke.brouwer@wur.nl",
  "GeoDesk@wur.nl"
]

10:56:06.413 [ForkJoinPool-1-worker-9] INFO  com.intuit.karate - [print] organisation: [
  "Wageningen Environmental Research",
  "Wageningen Environmental Research (Alterra)",
  "Wageningen Environmental Research",
  "Wageningen Environmental Research (Alterra)",
  "ALTERRA en voorafgaande instituten",
  "ALTERRA en voorafgaande instituten",
  "Alterra",
  "Alterra",
  "Alterra Wageningen UR",
  "Alterra"
]

10:56:06.449 [ForkJoinPool-1-worker-9] INFO  com.intuit.karate - [print] [
  "h",
  "t",
  "t",
  "p",
  ":",
  "/",
  "/",
  "s",
  "t",
  "a",
  "n",
  "d",
  "a",
  "r",
  "d",
  "s",
  ".",
  "i",
  "s",
  "o",
  ".",
  "o",
  "r",
  "g",
  "/",
  "i",
  "t",
  "t",
  "f",
  "/",
  "P",
  "u",
  "b",
  "l",
  "i",
  "c",
  "l",
  "y",
  "A",
  "v",
  "a",
  "i",
  "l",
  "a",
  "b",
  "l",
  "e",
  "S",
  "t",
  "a",
  "n",
  "d",
  "a",
  "r",
  "d",
  "s",
  "/",
  "I",
  "S",
  "O",
  "_",
  "1",
  "9",
  "1",
  "3",
  "9",
  "_",
  "S",
  "c",
  "h",
  "e",
  "m",
  "a",
  "s",
  "/",
  "r",
  "e",
  "s",
  "o",
  "u",
  "r",
  "c",
  "e",
  "s",
  "/",
  "u",
  "o",
  "m",
  "/",
  "g",
  "m",
  "x",
  "U",
  "o",
  "m",
  ".",
  "x",
  "m",
  "l",
  "#",
  "m"
]

10:56:06.451 [ForkJoinPool-1-worker-5] INFO  com.intuit.karate - [print] title:Schelpdierpercelen
10:56:06.456 [ForkJoinPool-1-worker-5] INFO  com.intuit.karate - [print] Schelpdierpercelen
10:56:06.457 [ForkJoinPool-1-worker-5] INFO  com.intuit.karate - [print] [
  "geodatabeheer.giscc@rvo.nl",
  "geodatabeheer.giscc@rvo.nl",
  "BeheerPDOK@kadaster.nl"
]

10:56:06.459 [ForkJoinPool-1-worker-5] INFO  com.intuit.karate - [print] organisation: [
  "Ministerie van Economische Zaken - GIS Competence Center",
  "PDOK"
]

10:56:06.467 [ForkJoinPool-1-worker-9] INFO  com.intuit.karate - [print]
10:56:06.470 [ForkJoinPool-1-worker-9] INFO  com.intuit.karate - [print] testing xlinkurl:h
10:56:06.472 [ForkJoinPool-1-worker-5] INFO  com.intuit.karate - [print] [
  "https://www.nationaalgeoregister.nl/geonetwork/srv/dut/catalog.search#/metadata/fe0e1e5f-512f-4bb1-bbf8-4028d3dfa24f"
]

10:56:06.473 [ForkJoinPool-1-worker-9] ERROR com.intuit.karate - org.apache.http.client.ClientProtocolException, http call failed after 0 milliseconds for URL: h
10:56:06.474 [ForkJoinPool-1-worker-9] ERROR com.intuit.karate - http request failed: 
org.apache.http.client.ClientProtocolException
10:56:06.475 [ForkJoinPool-1-worker-9] ERROR com.intuit.karate - feature call (loop) failed at index: 0
caller: classpath:InspireTest/ngr/datasetrecords/def/checkxlinkurl.template.feature
arg: {"link":"h"}
checkxlinkurl.template.feature:14 - 
org.apache.http.client.ClientProtocolException
10:56:06.480 [ForkJoinPool-1-worker-9] INFO  com.intuit.karate - [print]
10:56:06.480 [ForkJoinPool-1-worker-9] INFO  com.intuit.karate - [print] testing xlinkurl:t
10:56:06.482 [ForkJoinPool-1-worker-9] ERROR com.intuit.karate - org.apache.http.client.ClientProtocolException, http call failed after 0 milliseconds for URL: t
10:56:06.482 [ForkJoinPool-1-worker-9] ERROR com.intuit.karate - http request failed: 
org.apache.http.client.ClientProtocolException
10:56:06.485 [ForkJoinPool-1-worker-9] ERROR com.intuit.karate - feature call (loop) failed at index: 1
caller: classpath:InspireTest/ngr/datasetrecords/def/checkxlinkurl.template.feature
arg: {"link":"t"}
checkxlinkurl.template.feature:14 - 
org.apache.http.client.ClientProtocolException
10:56:06.488 [ForkJoinPool-1-worker-9] INFO  com.intuit.karate - [print]
10:56:06.488 [ForkJoinPool-1-worker-9] INFO  com.intuit.karate - [print] testing xlinkurl:t
10:56:06.490 [ForkJoinPool-1-worker-5] INFO  com.intuit.karate - [print]
10:56:06.491 [ForkJoinPool-1-worker-5] INFO  com.intuit.karate - [print] testing xlinkurl:https://www.nationaalgeoregister.nl/geonetwork/srv/dut/catalog.search#/metadata/fe0e1e5f-512f-4bb1-bbf8-4028d3dfa24f
10:56:06.491 [ForkJoinPool-1-worker-9] ERROR com.intuit.karate - org.apache.http.client.ClientProtocolException, http call failed after 0 milliseconds for URL: t
10:56:06.494 [ForkJoinPool-1-worker-9] ERROR com.intuit.karate - http request failed: 
org.apache.http.client.ClientProtocolException
10:56:06.495 [ForkJoinPool-1-worker-9] ERROR com.intuit.karate - feature call (loop) failed at index: 2
caller: classpath:InspireTest/ngr/datasetrecords/def/checkxlinkurl.template.feature
arg: {"link":"t"}
checkxlinkurl.template.feature:14 - 
org.apache.http.client.ClientProtocolException
10:56:06.497 [ForkJoinPool-1-worker-9] INFO  com.intuit.karate - [print]
10:56:06.497 [ForkJoinPool-1-worker-9] INFO  com.intuit.karate - [print] testing xlinkurl:p
10:56:06.498 [ForkJoinPool-1-worker-9] ERROR com.intuit.karate - org.apache.http.client.ClientProtocolException, http call failed after 0 milliseconds for URL: p
10:56:06.499 [ForkJoinPool-1-worker-9] ERROR com.intuit.karate - http request failed: 
org.apache.http.client.ClientProtocolException
10:56:06.500 [ForkJoinPool-1-worker-9] ERROR com.intuit.karate - feature call (loop) failed at index: 3
caller: classpath:InspireTest/ngr/datasetrecords/def/checkxlinkurl.template.feature
arg: {"link":"p"}
checkxlinkurl.template.feature:14 - 
org.apache.http.client.ClientProtocolException
10:56:06.502 [ForkJoinPool-1-worker-9] INFO  com.intuit.karate - [print]
10:56:06.510 [ForkJoinPool-1-worker-9] INFO  com.intuit.karate - [print] testing xlinkurl::
10:56:06.511 [ForkJoinPool-1-worker-9] ERROR com.intuit.karate - http request failed: java.net.URISyntaxException: Expected scheme name at index 0: :
10:56:06.512 [ForkJoinPool-1-worker-9] ERROR com.intuit.karate - feature call (loop) failed at index: 4
caller: classpath:InspireTest/ngr/datasetrecords/def/checkxlinkurl.template.feature
arg: {"link":":"}
checkxlinkurl.template.feature:14 - java.net.URISyntaxException: Expected scheme name at index 0: :
10:56:06.514 [ForkJoinPool-1-worker-9] INFO  com.intuit.karate - [print]
10:56:06.515 [ForkJoinPool-1-worker-9] INFO  com.intuit.karate - [print] testing xlinkurl:/
10:56:06.516 [ForkJoinPool-1-worker-9] ERROR com.intuit.karate - org.apache.http.client.ClientProtocolException, http call failed after 0 milliseconds for URL: /
10:56:06.517 [ForkJoinPool-1-worker-9] ERROR com.intuit.karate - http request failed: 
org.apache.http.client.ClientProtocolException
10:56:06.518 [ForkJoinPool-1-worker-9] ERROR com.intuit.karate - feature call (loop) failed at index: 5
caller: classpath:InspireTest/ngr/datasetrecords/def/checkxlinkurl.template.feature
arg: {"link":"/"}
checkxlinkurl.template.feature:14 - 
org.apache.http.client.ClientProtocolException
10:56:06.520 [ForkJoinPool-1-worker-9] INFO  com.intuit.karate - [print]
10:56:06.521 [ForkJoinPool-1-worker-9] INFO  com.intuit.karate - [print] testing xlinkurl:/
10:56:06.522 [ForkJoinPool-1-worker-9] ERROR com.intuit.karate - org.apache.http.client.ClientProtocolException, http call failed after 0 milliseconds for URL: /
10:56:06.523 [ForkJoinPool-1-worker-9] ERROR com.intuit.karate - http request failed: 
org.apache.http.client.ClientProtocolException
10:56:06.524 [ForkJoinPool-1-worker-9] ERROR com.intuit.karate - feature call (loop) failed at index: 6
caller: classpath:InspireTest/ngr/datasetrecords/def/checkxlinkurl.template.feature
arg: {"link":"/"}
checkxlinkurl.template.feature:14 - 
org.apache.http.client.ClientProtocolException
10:56:06.526 [ForkJoinPool-1-worker-9] INFO  com.intuit.karate - [print]
10:56:06.529 [ForkJoinPool-1-worker-9] INFO  com.intuit.karate - [print] testing xlinkurl:s
10:56:06.529 [ForkJoinPool-1-worker-9] ERROR com.intuit.karate - org.apache.http.client.ClientProtocolException, http call failed after 0 milliseconds for URL: s
10:56:06.530 [ForkJoinPool-1-worker-9] ERROR com.intuit.karate - http request failed: 
org.apache.http.client.ClientProtocolException
10:56:06.531 [ForkJoinPool-1-worker-9] ERROR com.intuit.karate - feature call (loop) failed at index: 7
caller: classpath:InspireTest/ngr/datasetrecords/def/checkxlinkurl.template.feature
arg: {"link":"s"}
checkxlinkurl.template.feature:14 - 
org.apache.http.client.ClientProtocolException
10:56:06.533 [ForkJoinPool-1-worker-9] INFO  com.intuit.karate - [print]
10:56:06.533 [ForkJoinPool-1-worker-9] INFO  com.intuit.karate - [print] testing xlinkurl:t
10:56:06.534 [ForkJoinPool-1-worker-9] ERROR com.intuit.karate - org.apache.http.client.ClientProtocolException, http call failed after 0 milliseconds for URL: t
10:56:06.534 [ForkJoinPool-1-worker-9] ERROR com.intuit.karate - http request failed: 
org.apache.http.client.ClientProtocolException
10:56:06.535 [ForkJoinPool-1-worker-9] ERROR com.intuit.karate - feature call (loop) failed at index: 8
caller: classpath:InspireTest/ngr/datasetrecords/def/checkxlinkurl.template.feature
arg: {"link":"t"}
checkxlinkurl.template.feature:14 - 
org.apache.http.client.ClientProtocolException
10:56:06.537 [ForkJoinPool-1-worker-9] INFO  com.intuit.karate - [print]
10:56:06.537 [ForkJoinPool-1-worker-9] INFO  com.intuit.karate - [print] testing xlinkurl:a
10:56:06.538 [ForkJoinPool-1-worker-9] ERROR com.intuit.karate - org.apache.http.client.ClientProtocolException, http call failed after 0 milliseconds for URL: a
10:56:06.538 [ForkJoinPool-1-worker-9] ERROR com.intuit.karate - http request failed: 
org.apache.http.client.ClientProtocolException
10:56:06.539 [ForkJoinPool-1-worker-9] ERROR com.intuit.karate - feature call (loop) failed at index: 9
caller: classpath:InspireTest/ngr/datasetrecords/def/checkxlinkurl.template.feature
arg: {"link":"a"}
checkxlinkurl.template.feature:14 - 
org.apache.http.client.ClientProtocolException
10:56:06.541 [ForkJoinPool-1-worker-9] INFO  com.intuit.karate - [print]
10:56:06.542 [ForkJoinPool-1-worker-9] INFO  com.intuit.karate - [print] testing xlinkurl:n
10:56:06.543 [ForkJoinPool-1-worker-9] ERROR com.intuit.karate - org.apache.http.client.ClientProtocolException, http call failed after 0 milliseconds for URL: n
10:56:06.543 [ForkJoinPool-1-worker-9] ERROR com.intuit.karate - http request failed: 
org.apache.http.client.ClientProtocolException
10:56:06.544 [ForkJoinPool-1-worker-9] ERROR com.intuit.karate - feature call (loop) failed at index: 10
caller: classpath:InspireTest/ngr/datasetrecords/def/checkxlinkurl.template.feature
arg: {"link":"n"}
checkxlinkurl.template.feature:14 - 
org.apache.http.client.ClientProtocolException
10:56:06.553 [ForkJoinPool-1-worker-9] INFO  com.intuit.karate - [print]
10:56:06.554 [ForkJoinPool-1-worker-9] INFO  com.intuit.karate - [print] testing xlinkurl:d
10:56:06.555 [ForkJoinPool-1-worker-9] ERROR com.intuit.karate - org.apache.http.client.ClientProtocolException, http call failed after 0 milliseconds for URL: d
10:56:06.556 [ForkJoinPool-1-worker-9] ERROR com.intuit.karate - http request failed: 
org.apache.http.client.ClientProtocolException
10:56:06.556 [ForkJoinPool-1-worker-9] ERROR com.intuit.karate - feature call (loop) failed at index: 11
caller: classpath:InspireTest/ngr/datasetrecords/def/checkxlinkurl.template.feature
arg: {"link":"d"}
checkxlinkurl.template.feature:14 - 
org.apache.http.client.ClientProtocolException
10:56:06.558 [ForkJoinPool-1-worker-9] INFO  com.intuit.karate - [print]
10:56:06.559 [ForkJoinPool-1-worker-9] INFO  com.intuit.karate - [print] testing xlinkurl:a
10:56:06.559 [ForkJoinPool-1-worker-9] ERROR com.intuit.karate - org.apache.http.client.ClientProtocolException, http call failed after 0 milliseconds for URL: a
10:56:06.560 [ForkJoinPool-1-worker-9] ERROR com.intuit.karate - http request failed: 
org.apache.http.client.ClientProtocolException
10:56:06.560 [ForkJoinPool-1-worker-9] ERROR com.intuit.karate - feature call (loop) failed at index: 12
caller: classpath:InspireTest/ngr/datasetrecords/def/checkxlinkurl.template.feature
arg: {"link":"a"}
checkxlinkurl.template.feature:14 - 
org.apache.http.client.ClientProtocolException
10:56:06.561 [ForkJoinPool-1-worker-9] INFO  com.intuit.karate - [print]
10:56:06.562 [ForkJoinPool-1-worker-9] INFO  com.intuit.karate - [print] testing xlinkurl:r
10:56:06.562 [ForkJoinPool-1-worker-9] ERROR com.intuit.karate - org.apache.http.client.ClientProtocolException, http call failed after 0 milliseconds for URL: r
10:56:06.563 [ForkJoinPool-1-worker-9] ERROR com.intuit.karate - http request failed: 
org.apache.http.client.ClientProtocolException
10:56:06.563 [ForkJoinPool-1-worker-9] ERROR com.intuit.karate - feature call (loop) failed at index: 13
caller: classpath:InspireTest/ngr/datasetrecords/def/checkxlinkurl.template.feature
arg: {"link":"r"}
checkxlinkurl.template.feature:14 - 
org.apache.http.client.ClientProtocolException
10:56:06.565 [ForkJoinPool-1-worker-9] INFO  com.intuit.karate - [print]
10:56:06.566 [ForkJoinPool-1-worker-9] INFO  com.intuit.karate - [print] testing xlinkurl:d
10:56:06.567 [ForkJoinPool-1-worker-9] ERROR com.intuit.karate - org.apache.http.client.ClientProtocolException, http call failed after 0 milliseconds for URL: d
10:56:06.567 [ForkJoinPool-1-worker-9] ERROR com.intuit.karate - http request failed: 
org.apache.http.client.ClientProtocolException
10:56:06.568 [ForkJoinPool-1-worker-9] ERROR com.intuit.karate - feature call (loop) failed at index: 14
caller: classpath:InspireTest/ngr/datasetrecords/def/checkxlinkurl.template.feature
arg: {"link":"d"}
checkxlinkurl.template.feature:14 - 
org.apache.http.client.ClientProtocolException
10:56:06.570 [ForkJoinPool-1-worker-9] INFO  com.intuit.karate - [print]
10:56:06.571 [ForkJoinPool-1-worker-9] INFO  com.intuit.karate - [print] testing xlinkurl:s
10:56:06.572 [ForkJoinPool-1-worker-9] ERROR com.intuit.karate - org.apache.http.client.ClientProtocolException, http call failed after 0 milliseconds for URL: s
10:56:06.572 [ForkJoinPool-1-worker-9] ERROR com.intuit.karate - http request failed: 
org.apache.http.client.ClientProtocolException
10:56:06.574 [ForkJoinPool-1-worker-9] ERROR com.intuit.karate - feature call (loop) failed at index: 15
caller: classpath:InspireTest/ngr/datasetrecords/def/checkxlinkurl.template.feature
arg: {"link":"s"}
checkxlinkurl.template.feature:14 - 
org.apache.http.client.ClientProtocolException
10:56:06.577 [ForkJoinPool-1-worker-9] INFO  com.intuit.karate - [print]
10:56:06.577 [ForkJoinPool-1-worker-9] INFO  com.intuit.karate - [print] testing xlinkurl:.
10:56:06.578 [ForkJoinPool-1-worker-9] ERROR com.intuit.karate - org.apache.http.client.ClientProtocolException, http call failed after 0 milliseconds for URL: .
10:56:06.579 [ForkJoinPool-1-worker-9] ERROR com.intuit.karate - http request failed: 
org.apache.http.client.ClientProtocolException
10:56:06.580 [ForkJoinPool-1-worker-9] ERROR com.intuit.karate - feature call (loop) failed at index: 16
caller: classpath:InspireTest/ngr/datasetrecords/def/checkxlinkurl.template.feature
arg: {"link":"."}
checkxlinkurl.template.feature:14 - 
org.apache.http.client.ClientProtocolException
10:56:06.581 [ForkJoinPool-1-worker-9] INFO  com.intuit.karate - [print]
10:56:06.582 [ForkJoinPool-1-worker-9] INFO  com.intuit.karate - [print] testing xlinkurl:i
10:56:06.583 [ForkJoinPool-1-worker-9] ERROR com.intuit.karate - org.apache.http.client.ClientProtocolException, http call failed after 0 milliseconds for URL: i
10:56:06.583 [ForkJoinPool-1-worker-9] ERROR com.intuit.karate - http request failed: 
org.apache.http.client.ClientProtocolException
10:56:06.583 [ForkJoinPool-1-worker-9] ERROR com.intuit.karate - feature call (loop) failed at index: 17
caller: classpath:InspireTest/ngr/datasetrecords/def/checkxlinkurl.template.feature
arg: {"link":"i"}
checkxlinkurl.template.feature:14 - 
org.apache.http.client.ClientProtocolException
10:56:06.586 [ForkJoinPool-1-worker-9] INFO  com.intuit.karate - [print]
10:56:06.588 [ForkJoinPool-1-worker-9] INFO  com.intuit.karate - [print] testing xlinkurl:s
10:56:06.589 [ForkJoinPool-1-worker-9] ERROR com.intuit.karate - org.apache.http.client.ClientProtocolException, http call failed after 0 milliseconds for URL: s
10:56:06.589 [ForkJoinPool-1-worker-9] ERROR com.intuit.karate - http request failed: 
org.apache.http.client.ClientProtocolException
10:56:06.589 [ForkJoinPool-1-worker-9] ERROR com.intuit.karate - feature call (loop) failed at index: 18
caller: classpath:InspireTest/ngr/datasetrecords/def/checkxlinkurl.template.feature
arg: {"link":"s"}
checkxlinkurl.template.feature:14 - 
org.apache.http.client.ClientProtocolException
10:56:06.590 [ForkJoinPool-1-worker-9] INFO  com.intuit.karate - [print]
10:56:06.591 [ForkJoinPool-1-worker-9] INFO  com.intuit.karate - [print] testing xlinkurl:o
10:56:06.591 [ForkJoinPool-1-worker-9] ERROR com.intuit.karate - org.apache.http.client.ClientProtocolException, http call failed after 0 milliseconds for URL: o
10:56:06.591 [ForkJoinPool-1-worker-9] ERROR com.intuit.karate - http request failed: 
org.apache.http.client.ClientProtocolException
10:56:06.593 [ForkJoinPool-1-worker-9] ERROR com.intuit.karate - feature call (loop) failed at index: 19
caller: classpath:InspireTest/ngr/datasetrecords/def/checkxlinkurl.template.feature
arg: {"link":"o"}
checkxlinkurl.template.feature:14 - 
org.apache.http.client.ClientProtocolException
10:56:06.596 [ForkJoinPool-1-worker-9] INFO  com.intuit.karate - [print]
10:56:06.597 [ForkJoinPool-1-worker-9] INFO  com.intuit.karate - [print] testing xlinkurl:.
10:56:06.598 [ForkJoinPool-1-worker-9] ERROR com.intuit.karate - org.apache.http.client.ClientProtocolException, http call failed after 0 milliseconds for URL: .
10:56:06.598 [ForkJoinPool-1-worker-9] ERROR com.intuit.karate - http request failed: 
org.apache.http.client.ClientProtocolException
10:56:06.598 [ForkJoinPool-1-worker-9] ERROR com.intuit.karate - feature call (loop) failed at index: 20
caller: classpath:InspireTest/ngr/datasetrecords/def/checkxlinkurl.template.feature
arg: {"link":"."}
checkxlinkurl.template.feature:14 - 
org.apache.http.client.ClientProtocolException
10:56:06.604 [ForkJoinPool-1-worker-9] INFO  com.intuit.karate - [print]
10:56:06.604 [ForkJoinPool-1-worker-9] INFO  com.intuit.karate - [print] testing xlinkurl:o
10:56:06.605 [ForkJoinPool-1-worker-9] ERROR com.intuit.karate - org.apache.http.client.ClientProtocolException, http call failed after 0 milliseconds for URL: o
10:56:06.605 [ForkJoinPool-1-worker-9] ERROR com.intuit.karate - http request failed: 
org.apache.http.client.ClientProtocolException
10:56:06.606 [ForkJoinPool-1-worker-9] ERROR com.intuit.karate - feature call (loop) failed at index: 21
caller: classpath:InspireTest/ngr/datasetrecords/def/checkxlinkurl.template.feature
arg: {"link":"o"}
checkxlinkurl.template.feature:14 - 
org.apache.http.client.ClientProtocolException
10:56:06.607 [ForkJoinPool-1-worker-9] INFO  com.intuit.karate - [print]
10:56:06.607 [ForkJoinPool-1-worker-9] INFO  com.intuit.karate - [print] testing xlinkurl:r
10:56:06.608 [ForkJoinPool-1-worker-9] ERROR com.intuit.karate - org.apache.http.client.ClientProtocolException, http call failed after 0 milliseconds for URL: r
10:56:06.608 [ForkJoinPool-1-worker-9] ERROR com.intuit.karate - http request failed: 
org.apache.http.client.ClientProtocolException
10:56:06.608 [ForkJoinPool-1-worker-9] ERROR com.intuit.karate - feature call (loop) failed at index: 22
caller: classpath:InspireTest/ngr/datasetrecords/def/checkxlinkurl.template.feature
arg: {"link":"r"}
checkxlinkurl.template.feature:14 - 
org.apache.http.client.ClientProtocolException
10:56:06.610 [ForkJoinPool-1-worker-9] INFO  com.intuit.karate - [print]
10:56:06.610 [ForkJoinPool-1-worker-9] INFO  com.intuit.karate - [print] testing xlinkurl:g
10:56:06.611 [ForkJoinPool-1-worker-9] ERROR com.intuit.karate - org.apache.http.client.ClientProtocolException, http call failed after 0 milliseconds for URL: g
10:56:06.611 [ForkJoinPool-1-worker-9] ERROR com.intuit.karate - http request failed: 
org.apache.http.client.ClientProtocolException
10:56:06.611 [ForkJoinPool-1-worker-9] ERROR com.intuit.karate - feature call (loop) failed at index: 23
caller: classpath:InspireTest/ngr/datasetrecords/def/checkxlinkurl.template.feature
arg: {"link":"g"}
checkxlinkurl.template.feature:14 - 
org.apache.http.client.ClientProtocolException
10:56:06.612 [ForkJoinPool-1-worker-9] INFO  com.intuit.karate - [print]
10:56:06.612 [ForkJoinPool-1-worker-9] INFO  com.intuit.karate - [print] testing xlinkurl:/
10:56:06.613 [ForkJoinPool-1-worker-9] ERROR com.intuit.karate - org.apache.http.client.ClientProtocolException, http call failed after 0 milliseconds for URL: /
10:56:06.613 [ForkJoinPool-1-worker-9] ERROR com.intuit.karate - http request failed: 
org.apache.http.client.ClientProtocolException
10:56:06.613 [ForkJoinPool-1-worker-9] ERROR com.intuit.karate - feature call (loop) failed at index: 24
caller: classpath:InspireTest/ngr/datasetrecords/def/checkxlinkurl.template.feature
arg: {"link":"/"}
checkxlinkurl.template.feature:14 - 
org.apache.http.client.ClientProtocolException
10:56:06.615 [ForkJoinPool-1-worker-9] INFO  com.intuit.karate - [print]
10:56:06.615 [ForkJoinPool-1-worker-9] INFO  com.intuit.karate - [print] testing xlinkurl:i
10:56:06.615 [ForkJoinPool-1-worker-9] ERROR com.intuit.karate - org.apache.http.client.ClientProtocolException, http call failed after 0 milliseconds for URL: i
10:56:06.615 [ForkJoinPool-1-worker-9] ERROR com.intuit.karate - http request failed: 
org.apache.http.client.ClientProtocolException
10:56:06.615 [ForkJoinPool-1-worker-9] ERROR com.intuit.karate - feature call (loop) failed at index: 25
caller: classpath:InspireTest/ngr/datasetrecords/def/checkxlinkurl.template.feature
arg: {"link":"i"}
checkxlinkurl.template.feature:14 - 
org.apache.http.client.ClientProtocolException
10:56:06.617 [ForkJoinPool-1-worker-9] INFO  com.intuit.karate - [print]
10:56:06.617 [ForkJoinPool-1-worker-9] INFO  com.intuit.karate - [print] testing xlinkurl:t
10:56:06.617 [ForkJoinPool-1-worker-9] ERROR com.intuit.karate - org.apache.http.client.ClientProtocolException, http call failed after 0 milliseconds for URL: t
10:56:06.618 [ForkJoinPool-1-worker-9] ERROR com.intuit.karate - http request failed: 
org.apache.http.client.ClientProtocolException
10:56:06.618 [ForkJoinPool-1-worker-9] ERROR com.intuit.karate - feature call (loop) failed at index: 26
caller: classpath:InspireTest/ngr/datasetrecords/def/checkxlinkurl.template.feature
arg: {"link":"t"}
checkxlinkurl.template.feature:14 - 
org.apache.http.client.ClientProtocolException
10:56:06.618 [ForkJoinPool-1-worker-9] INFO  com.intuit.karate - [print]
10:56:06.619 [ForkJoinPool-1-worker-9] INFO  com.intuit.karate - [print] testing xlinkurl:t
10:56:06.619 [ForkJoinPool-1-worker-9] ERROR com.intuit.karate - org.apache.http.client.ClientProtocolException, http call failed after 0 milliseconds for URL: t
10:56:06.619 [ForkJoinPool-1-worker-9] ERROR com.intuit.karate - http request failed: 
org.apache.http.client.ClientProtocolException
10:56:06.619 [ForkJoinPool-1-worker-9] ERROR com.intuit.karate - feature call (loop) failed at index: 27
caller: classpath:InspireTest/ngr/datasetrecords/def/checkxlinkurl.template.feature
arg: {"link":"t"}
checkxlinkurl.template.feature:14 - 
org.apache.http.client.ClientProtocolException
10:56:06.620 [ForkJoinPool-1-worker-9] INFO  com.intuit.karate - [print]
10:56:06.620 [ForkJoinPool-1-worker-9] INFO  com.intuit.karate - [print] testing xlinkurl:f
10:56:06.621 [ForkJoinPool-1-worker-9] ERROR com.intuit.karate - org.apache.http.client.ClientProtocolException, http call failed after 0 milliseconds for URL: f
10:56:06.630 [ForkJoinPool-1-worker-9] ERROR com.intuit.karate - http request failed: 
org.apache.http.client.ClientProtocolException
10:56:06.630 [ForkJoinPool-1-worker-9] ERROR com.intuit.karate - feature call (loop) failed at index: 28
caller: classpath:InspireTest/ngr/datasetrecords/def/checkxlinkurl.template.feature
arg: {"link":"f"}
checkxlinkurl.template.feature:14 - 
org.apache.http.client.ClientProtocolException
10:56:06.631 [ForkJoinPool-1-worker-9] INFO  com.intuit.karate - [print]
10:56:06.631 [ForkJoinPool-1-worker-9] INFO  com.intuit.karate - [print] testing xlinkurl:/
10:56:06.634 [ForkJoinPool-1-worker-9] ERROR com.intuit.karate - org.apache.http.client.ClientProtocolException, http call failed after 0 milliseconds for URL: /
10:56:06.634 [ForkJoinPool-1-worker-9] ERROR com.intuit.karate - http request failed: 
org.apache.http.client.ClientProtocolException
10:56:06.634 [ForkJoinPool-1-worker-9] ERROR com.intuit.karate - feature call (loop) failed at index: 29
caller: classpath:InspireTest/ngr/datasetrecords/def/checkxlinkurl.template.feature
arg: {"link":"/"}
checkxlinkurl.template.feature:14 - 
org.apache.http.client.ClientProtocolException
10:56:06.635 [ForkJoinPool-1-worker-9] INFO  com.intuit.karate - [print]
10:56:06.635 [ForkJoinPool-1-worker-9] INFO  com.intuit.karate - [print] testing xlinkurl:P
10:56:06.636 [ForkJoinPool-1-worker-9] ERROR com.intuit.karate - org.apache.http.client.ClientProtocolException, http call failed after 0 milliseconds for URL: P
10:56:06.636 [ForkJoinPool-1-worker-9] ERROR com.intuit.karate - http request failed: 
org.apache.http.client.ClientProtocolException
10:56:06.636 [ForkJoinPool-1-worker-9] ERROR com.intuit.karate - feature call (loop) failed at index: 30
caller: classpath:InspireTest/ngr/datasetrecords/def/checkxlinkurl.template.feature
arg: {"link":"P"}
checkxlinkurl.template.feature:14 - 
org.apache.http.client.ClientProtocolException
10:56:06.637 [ForkJoinPool-1-worker-9] INFO  com.intuit.karate - [print]
10:56:06.637 [ForkJoinPool-1-worker-9] INFO  com.intuit.karate - [print] testing xlinkurl:u
10:56:06.637 [ForkJoinPool-1-worker-9] ERROR com.intuit.karate - org.apache.http.client.ClientProtocolException, http call failed after 0 milliseconds for URL: u
10:56:06.638 [ForkJoinPool-1-worker-9] ERROR com.intuit.karate - http request failed: 
org.apache.http.client.ClientProtocolException
10:56:06.638 [ForkJoinPool-1-worker-9] ERROR com.intuit.karate - feature call (loop) failed at index: 31
caller: classpath:InspireTest/ngr/datasetrecords/def/checkxlinkurl.template.feature
arg: {"link":"u"}
checkxlinkurl.template.feature:14 - 
org.apache.http.client.ClientProtocolException
10:56:06.639 [ForkJoinPool-1-worker-9] INFO  com.intuit.karate - [print]
10:56:06.640 [ForkJoinPool-1-worker-9] INFO  com.intuit.karate - [print] testing xlinkurl:b
10:56:06.640 [ForkJoinPool-1-worker-9] ERROR com.intuit.karate - org.apache.http.client.ClientProtocolException, http call failed after 0 milliseconds for URL: b
10:56:06.657 [ForkJoinPool-1-worker-9] ERROR com.intuit.karate - http request failed: 
org.apache.http.client.ClientProtocolException
10:56:06.657 [ForkJoinPool-1-worker-9] ERROR com.intuit.karate - feature call (loop) failed at index: 32
caller: classpath:InspireTest/ngr/datasetrecords/def/checkxlinkurl.template.feature
arg: {"link":"b"}
checkxlinkurl.template.feature:14 - 
org.apache.http.client.ClientProtocolException
10:56:06.658 [ForkJoinPool-1-worker-7] INFO  com.intuit.karate - [print] title:Hydrografie - Physical Waters (INSPIRE geharmoniseerd)
10:56:06.661 [ForkJoinPool-1-worker-7] INFO  com.intuit.karate - [print] Hydrografie - Physical Waters (INSPIRE geharmoniseerd)
10:56:06.662 [ForkJoinPool-1-worker-9] INFO  com.intuit.karate - [print]
10:56:06.664 [ForkJoinPool-1-worker-9] INFO  com.intuit.karate - [print] testing xlinkurl:l
10:56:06.665 [ForkJoinPool-1-worker-7] INFO  com.intuit.karate - [print] [
  "PPB-GVA@kadaster.nl",
  "kcc@kadaster.nl"
]

10:56:06.667 [ForkJoinPool-1-worker-7] INFO  com.intuit.karate - [print] organisation: [
  "Kadaster",
  "Kadaster"
]

10:56:06.667 [ForkJoinPool-1-worker-9] ERROR com.intuit.karate - org.apache.http.client.ClientProtocolException, http call failed after 0 milliseconds for URL: l
10:56:06.671 [ForkJoinPool-1-worker-9] ERROR com.intuit.karate - http request failed: 
org.apache.http.client.ClientProtocolException
10:56:06.671 [ForkJoinPool-1-worker-9] ERROR com.intuit.karate - feature call (loop) failed at index: 33
caller: classpath:InspireTest/ngr/datasetrecords/def/checkxlinkurl.template.feature
arg: {"link":"l"}
checkxlinkurl.template.feature:14 - 
org.apache.http.client.ClientProtocolException
10:56:06.673 [ForkJoinPool-1-worker-9] INFO  com.intuit.karate - [print]
10:56:06.673 [ForkJoinPool-1-worker-9] INFO  com.intuit.karate - [print] testing xlinkurl:i
10:56:06.673 [ForkJoinPool-1-worker-9] ERROR com.intuit.karate - org.apache.http.client.ClientProtocolException, http call failed after 0 milliseconds for URL: i
10:56:06.674 [ForkJoinPool-1-worker-9] ERROR com.intuit.karate - http request failed: 
org.apache.http.client.ClientProtocolException
10:56:06.675 [ForkJoinPool-1-worker-9] ERROR com.intuit.karate - feature call (loop) failed at index: 34
caller: classpath:InspireTest/ngr/datasetrecords/def/checkxlinkurl.template.feature
arg: {"link":"i"}
checkxlinkurl.template.feature:14 - 
org.apache.http.client.ClientProtocolException
10:56:06.677 [ForkJoinPool-1-worker-9] INFO  com.intuit.karate - [print]
10:56:06.679 [ForkJoinPool-1-worker-9] INFO  com.intuit.karate - [print] testing xlinkurl:c
10:56:06.687 [ForkJoinPool-1-worker-9] ERROR com.intuit.karate - org.apache.http.client.ClientProtocolException, http call failed after 0 milliseconds for URL: c
10:56:06.689 [ForkJoinPool-1-worker-9] ERROR com.intuit.karate - http request failed: 
org.apache.http.client.ClientProtocolException
10:56:06.689 [ForkJoinPool-1-worker-9] ERROR com.intuit.karate - feature call (loop) failed at index: 35
caller: classpath:InspireTest/ngr/datasetrecords/def/checkxlinkurl.template.feature
arg: {"link":"c"}
checkxlinkurl.template.feature:14 - 
org.apache.http.client.ClientProtocolException
10:56:06.691 [ForkJoinPool-1-worker-9] INFO  com.intuit.karate - [print]
10:56:06.697 [ForkJoinPool-1-worker-9] INFO  com.intuit.karate - [print] testing xlinkurl:l
10:56:06.698 [ForkJoinPool-1-worker-9] ERROR com.intuit.karate - org.apache.http.client.ClientProtocolException, http call failed after 0 milliseconds for URL: l
10:56:06.698 [ForkJoinPool-1-worker-9] ERROR com.intuit.karate - http request failed: 
org.apache.http.client.ClientProtocolException
10:56:06.698 [ForkJoinPool-1-worker-9] ERROR com.intuit.karate - feature call (loop) failed at index: 36
caller: classpath:InspireTest/ngr/datasetrecords/def/checkxlinkurl.template.feature
arg: {"link":"l"}
checkxlinkurl.template.feature:14 - 
org.apache.http.client.ClientProtocolException
10:56:06.696 [ForkJoinPool-1-worker-7] INFO  com.intuit.karate - [print] [
  "http://www.opengis.net/def/crs/EPSG/0/http://www.opengis.net/def/crs/EPSG/0/4258",
  "http://kadaster/70a0f618-9d4f-4be9-9d9d-11106ff6971c"
]

10:56:06.705 [ForkJoinPool-1-worker-9] INFO  com.intuit.karate - [print]
10:56:06.705 [ForkJoinPool-1-worker-9] INFO  com.intuit.karate - [print] testing xlinkurl:y
10:56:06.706 [ForkJoinPool-1-worker-9] ERROR com.intuit.karate - org.apache.http.client.ClientProtocolException, http call failed after 0 milliseconds for URL: y
10:56:06.706 [ForkJoinPool-1-worker-9] ERROR com.intuit.karate - http request failed: 
org.apache.http.client.ClientProtocolException
10:56:06.706 [ForkJoinPool-1-worker-9] ERROR com.intuit.karate - feature call (loop) failed at index: 37
caller: classpath:InspireTest/ngr/datasetrecords/def/checkxlinkurl.template.feature
arg: {"link":"y"}
checkxlinkurl.template.feature:14 - 
org.apache.http.client.ClientProtocolException
10:56:06.707 [ForkJoinPool-1-worker-9] INFO  com.intuit.karate - [print]
10:56:06.707 [ForkJoinPool-1-worker-9] INFO  com.intuit.karate - [print] testing xlinkurl:A
10:56:06.710 [ForkJoinPool-1-worker-9] ERROR com.intuit.karate - org.apache.http.client.ClientProtocolException, http call failed after 0 milliseconds for URL: A
10:56:06.710 [ForkJoinPool-1-worker-9] ERROR com.intuit.karate - http request failed: 
org.apache.http.client.ClientProtocolException
10:56:06.711 [ForkJoinPool-1-worker-9] ERROR com.intuit.karate - feature call (loop) failed at index: 38
caller: classpath:InspireTest/ngr/datasetrecords/def/checkxlinkurl.template.feature
arg: {"link":"A"}
checkxlinkurl.template.feature:14 - 
org.apache.http.client.ClientProtocolException
10:56:06.712 [ForkJoinPool-1-worker-9] INFO  com.intuit.karate - [print]
10:56:06.713 [ForkJoinPool-1-worker-9] INFO  com.intuit.karate - [print] testing xlinkurl:v
10:56:06.708 [ForkJoinPool-1-worker-7] INFO  com.intuit.karate - [print]
10:56:06.713 [ForkJoinPool-1-worker-7] INFO  com.intuit.karate - [print] testing xlinkurl:http://www.opengis.net/def/crs/EPSG/0/http://www.opengis.net/def/crs/EPSG/0/4258
10:56:06.715 [ForkJoinPool-1-worker-9] ERROR com.intuit.karate - org.apache.http.client.ClientProtocolException, http call failed after 0 milliseconds for URL: v
10:56:06.715 [ForkJoinPool-1-worker-9] ERROR com.intuit.karate - http request failed: 
org.apache.http.client.ClientProtocolException
10:56:06.716 [ForkJoinPool-1-worker-9] ERROR com.intuit.karate - feature call (loop) failed at index: 39
caller: classpath:InspireTest/ngr/datasetrecords/def/checkxlinkurl.template.feature
arg: {"link":"v"}
checkxlinkurl.template.feature:14 - 
org.apache.http.client.ClientProtocolException
10:56:06.720 [ForkJoinPool-1-worker-9] INFO  com.intuit.karate - [print]
10:56:06.720 [ForkJoinPool-1-worker-9] INFO  com.intuit.karate - [print] testing xlinkurl:a
10:56:06.721 [ForkJoinPool-1-worker-9] ERROR com.intuit.karate - org.apache.http.client.ClientProtocolException, http call failed after 0 milliseconds for URL: a
10:56:06.721 [ForkJoinPool-1-worker-9] ERROR com.intuit.karate - http request failed: 
org.apache.http.client.ClientProtocolException
10:56:06.721 [ForkJoinPool-1-worker-9] ERROR com.intuit.karate - feature call (loop) failed at index: 40
caller: classpath:InspireTest/ngr/datasetrecords/def/checkxlinkurl.template.feature
arg: {"link":"a"}
checkxlinkurl.template.feature:14 - 
org.apache.http.client.ClientProtocolException
10:56:06.722 [ForkJoinPool-1-worker-9] INFO  com.intuit.karate - [print]
10:56:06.722 [ForkJoinPool-1-worker-9] INFO  com.intuit.karate - [print] testing xlinkurl:i
10:56:06.723 [ForkJoinPool-1-worker-9] ERROR com.intuit.karate - org.apache.http.client.ClientProtocolException, http call failed after 0 milliseconds for URL: i
10:56:06.723 [ForkJoinPool-1-worker-9] ERROR com.intuit.karate - http request failed: 
org.apache.http.client.ClientProtocolException
10:56:06.723 [ForkJoinPool-1-worker-9] ERROR com.intuit.karate - feature call (loop) failed at index: 41
caller: classpath:InspireTest/ngr/datasetrecords/def/checkxlinkurl.template.feature
arg: {"link":"i"}
checkxlinkurl.template.feature:14 - 
org.apache.http.client.ClientProtocolException
10:56:06.724 [ForkJoinPool-1-worker-9] INFO  com.intuit.karate - [print]
10:56:06.724 [ForkJoinPool-1-worker-9] INFO  com.intuit.karate - [print] testing xlinkurl:l
10:56:06.724 [ForkJoinPool-1-worker-9] ERROR com.intuit.karate - org.apache.http.client.ClientProtocolException, http call failed after 0 milliseconds for URL: l
10:56:06.724 [ForkJoinPool-1-worker-9] ERROR com.intuit.karate - http request failed: 
org.apache.http.client.ClientProtocolException
10:56:06.725 [ForkJoinPool-1-worker-9] ERROR com.intuit.karate - feature call (loop) failed at index: 42
caller: classpath:InspireTest/ngr/datasetrecords/def/checkxlinkurl.template.feature
arg: {"link":"l"}
checkxlinkurl.template.feature:14 - 
org.apache.http.client.ClientProtocolException
10:56:06.726 [ForkJoinPool-1-worker-9] INFO  com.intuit.karate - [print]
10:56:06.726 [ForkJoinPool-1-worker-9] INFO  com.intuit.karate - [print] testing xlinkurl:a
10:56:06.726 [ForkJoinPool-1-worker-9] ERROR com.intuit.karate - org.apache.http.client.ClientProtocolException, http call failed after 0 milliseconds for URL: a
10:56:06.726 [ForkJoinPool-1-worker-9] ERROR com.intuit.karate - http request failed: 
org.apache.http.client.ClientProtocolException
10:56:06.727 [ForkJoinPool-1-worker-9] ERROR com.intuit.karate - feature call (loop) failed at index: 43
caller: classpath:InspireTest/ngr/datasetrecords/def/checkxlinkurl.template.feature
arg: {"link":"a"}
checkxlinkurl.template.feature:14 - 
org.apache.http.client.ClientProtocolException
10:56:06.728 [ForkJoinPool-1-worker-9] INFO  com.intuit.karate - [print]
10:56:06.728 [ForkJoinPool-1-worker-9] INFO  com.intuit.karate - [print] testing xlinkurl:b
10:56:06.729 [ForkJoinPool-1-worker-9] ERROR com.intuit.karate - org.apache.http.client.ClientProtocolException, http call failed after 0 milliseconds for URL: b
10:56:06.729 [ForkJoinPool-1-worker-9] ERROR com.intuit.karate - http request failed: 
org.apache.http.client.ClientProtocolException
10:56:06.729 [ForkJoinPool-1-worker-9] ERROR com.intuit.karate - feature call (loop) failed at index: 44
caller: classpath:InspireTest/ngr/datasetrecords/def/checkxlinkurl.template.feature
arg: {"link":"b"}
checkxlinkurl.template.feature:14 - 
org.apache.http.client.ClientProtocolException
10:56:06.730 [ForkJoinPool-1-worker-9] INFO  com.intuit.karate - [print]
10:56:06.730 [ForkJoinPool-1-worker-9] INFO  com.intuit.karate - [print] testing xlinkurl:l
10:56:06.731 [ForkJoinPool-1-worker-9] ERROR com.intuit.karate - org.apache.http.client.ClientProtocolException, http call failed after 0 milliseconds for URL: l
10:56:06.731 [ForkJoinPool-1-worker-9] ERROR com.intuit.karate - http request failed: 
org.apache.http.client.ClientProtocolException
10:56:06.731 [ForkJoinPool-1-worker-9] ERROR com.intuit.karate - feature call (loop) failed at index: 45
caller: classpath:InspireTest/ngr/datasetrecords/def/checkxlinkurl.template.feature
arg: {"link":"l"}
checkxlinkurl.template.feature:14 - 
org.apache.http.client.ClientProtocolException
10:56:06.732 [ForkJoinPool-1-worker-9] INFO  com.intuit.karate - [print]
10:56:06.732 [ForkJoinPool-1-worker-9] INFO  com.intuit.karate - [print] testing xlinkurl:e
10:56:06.735 [ForkJoinPool-1-worker-3] ERROR com.intuit.karate - assertion failed: path: $, actual: 404, expected: 200, reason: not equal (Integer)
10:56:06.735 [ForkJoinPool-1-worker-3] ERROR com.intuit.karate - feature call (loop) failed at index: 2
caller: classpath:InspireTest/ngr/datasetrecords/def/checkxlinkurl.template.feature
arg: {"link":"https://data.overheid.nl/organisatie/PDOK"}
checkxlinkurl.template.feature:22 - path: $, actual: 404, expected: 200, reason: not equal (Integer)
10:56:06.745 [ForkJoinPool-1-worker-9] ERROR com.intuit.karate - org.apache.http.client.ClientProtocolException, http call failed after 0 milliseconds for URL: e
10:56:06.753 [ForkJoinPool-1-worker-9] ERROR com.intuit.karate - http request failed: 
org.apache.http.client.ClientProtocolException
10:56:06.754 [ForkJoinPool-1-worker-9] ERROR com.intuit.karate - feature call (loop) failed at index: 46
caller: classpath:InspireTest/ngr/datasetrecords/def/checkxlinkurl.template.feature
arg: {"link":"e"}
checkxlinkurl.template.feature:14 - 
org.apache.http.client.ClientProtocolException
10:56:06.755 [ForkJoinPool-1-worker-9] INFO  com.intuit.karate - [print]
10:56:06.756 [ForkJoinPool-1-worker-9] INFO  com.intuit.karate - [print] testing xlinkurl:S
10:56:06.757 [ForkJoinPool-1-worker-9] ERROR com.intuit.karate - org.apache.http.client.ClientProtocolException, http call failed after 0 milliseconds for URL: S
10:56:06.759 [ForkJoinPool-1-worker-9] ERROR com.intuit.karate - http request failed: 
org.apache.http.client.ClientProtocolException
10:56:06.759 [ForkJoinPool-1-worker-9] ERROR com.intuit.karate - feature call (loop) failed at index: 47
caller: classpath:InspireTest/ngr/datasetrecords/def/checkxlinkurl.template.feature
arg: {"link":"S"}
checkxlinkurl.template.feature:14 - 
org.apache.http.client.ClientProtocolException
10:56:06.760 [ForkJoinPool-1-worker-9] INFO  com.intuit.karate - [print]
10:56:06.760 [ForkJoinPool-1-worker-9] INFO  com.intuit.karate - [print] testing xlinkurl:t
10:56:06.761 [ForkJoinPool-1-worker-9] ERROR com.intuit.karate - org.apache.http.client.ClientProtocolException, http call failed after 0 milliseconds for URL: t
10:56:06.763 [ForkJoinPool-1-worker-9] ERROR com.intuit.karate - http request failed: 
org.apache.http.client.ClientProtocolException
10:56:06.763 [ForkJoinPool-1-worker-9] ERROR com.intuit.karate - feature call (loop) failed at index: 48
caller: classpath:InspireTest/ngr/datasetrecords/def/checkxlinkurl.template.feature
arg: {"link":"t"}
checkxlinkurl.template.feature:14 - 
org.apache.http.client.ClientProtocolException
10:56:06.764 [ForkJoinPool-1-worker-9] INFO  com.intuit.karate - [print]
10:56:06.765 [ForkJoinPool-1-worker-9] INFO  com.intuit.karate - [print] testing xlinkurl:a
10:56:06.765 [ForkJoinPool-1-worker-9] ERROR com.intuit.karate - org.apache.http.client.ClientProtocolException, http call failed after 0 milliseconds for URL: a
10:56:06.767 [ForkJoinPool-1-worker-9] ERROR com.intuit.karate - http request failed: 
org.apache.http.client.ClientProtocolException
10:56:06.767 [ForkJoinPool-1-worker-9] ERROR com.intuit.karate - feature call (loop) failed at index: 49
caller: classpath:InspireTest/ngr/datasetrecords/def/checkxlinkurl.template.feature
arg: {"link":"a"}
checkxlinkurl.template.feature:14 - 
org.apache.http.client.ClientProtocolException
10:56:06.768 [ForkJoinPool-1-worker-9] INFO  com.intuit.karate - [print]
10:56:06.769 [ForkJoinPool-1-worker-9] INFO  com.intuit.karate - [print] testing xlinkurl:n
10:56:06.770 [ForkJoinPool-1-worker-9] ERROR com.intuit.karate - org.apache.http.client.ClientProtocolException, http call failed after 0 milliseconds for URL: n
10:56:06.770 [ForkJoinPool-1-worker-9] ERROR com.intuit.karate - http request failed: 
org.apache.http.client.ClientProtocolException
10:56:06.770 [ForkJoinPool-1-worker-9] ERROR com.intuit.karate - feature call (loop) failed at index: 50
caller: classpath:InspireTest/ngr/datasetrecords/def/checkxlinkurl.template.feature
arg: {"link":"n"}
checkxlinkurl.template.feature:14 - 
org.apache.http.client.ClientProtocolException
10:56:06.771 [ForkJoinPool-1-worker-9] INFO  com.intuit.karate - [print]
10:56:06.771 [ForkJoinPool-1-worker-9] INFO  com.intuit.karate - [print] testing xlinkurl:d
10:56:06.772 [ForkJoinPool-1-worker-9] ERROR com.intuit.karate - org.apache.http.client.ClientProtocolException, http call failed after 0 milliseconds for URL: d
10:56:06.772 [ForkJoinPool-1-worker-9] ERROR com.intuit.karate - http request failed: 
org.apache.http.client.ClientProtocolException
10:56:06.772 [ForkJoinPool-1-worker-9] ERROR com.intuit.karate - feature call (loop) failed at index: 51
caller: classpath:InspireTest/ngr/datasetrecords/def/checkxlinkurl.template.feature
arg: {"link":"d"}
checkxlinkurl.template.feature:14 - 
org.apache.http.client.ClientProtocolException
10:56:06.782 [ForkJoinPool-1-worker-9] INFO  com.intuit.karate - [print]
10:56:06.784 [ForkJoinPool-1-worker-9] INFO  com.intuit.karate - [print] testing xlinkurl:a
10:56:06.785 [ForkJoinPool-1-worker-9] ERROR com.intuit.karate - org.apache.http.client.ClientProtocolException, http call failed after 0 milliseconds for URL: a
10:56:06.785 [ForkJoinPool-1-worker-9] ERROR com.intuit.karate - http request failed: 
org.apache.http.client.ClientProtocolException
10:56:06.785 [ForkJoinPool-1-worker-9] ERROR com.intuit.karate - feature call (loop) failed at index: 52
caller: classpath:InspireTest/ngr/datasetrecords/def/checkxlinkurl.template.feature
arg: {"link":"a"}
checkxlinkurl.template.feature:14 - 
org.apache.http.client.ClientProtocolException
10:56:06.787 [ForkJoinPool-1-worker-9] INFO  com.intuit.karate - [print]
10:56:06.794 [ForkJoinPool-1-worker-9] INFO  com.intuit.karate - [print] testing xlinkurl:r
10:56:06.794 [ForkJoinPool-1-worker-9] ERROR com.intuit.karate - org.apache.http.client.ClientProtocolException, http call failed after 0 milliseconds for URL: r
10:56:06.794 [ForkJoinPool-1-worker-9] ERROR com.intuit.karate - http request failed: 
org.apache.http.client.ClientProtocolException
10:56:06.795 [ForkJoinPool-1-worker-9] ERROR com.intuit.karate - feature call (loop) failed at index: 53
caller: classpath:InspireTest/ngr/datasetrecords/def/checkxlinkurl.template.feature
arg: {"link":"r"}
checkxlinkurl.template.feature:14 - 
org.apache.http.client.ClientProtocolException
10:56:06.796 [ForkJoinPool-1-worker-9] INFO  com.intuit.karate - [print]
10:56:06.802 [ForkJoinPool-1-worker-9] INFO  com.intuit.karate - [print] testing xlinkurl:d
10:56:06.802 [ForkJoinPool-1-worker-9] ERROR com.intuit.karate - org.apache.http.client.ClientProtocolException, http call failed after 0 milliseconds for URL: d
10:56:06.802 [ForkJoinPool-1-worker-9] ERROR com.intuit.karate - http request failed: 
org.apache.http.client.ClientProtocolException
10:56:06.802 [ForkJoinPool-1-worker-9] ERROR com.intuit.karate - feature call (loop) failed at index: 54
caller: classpath:InspireTest/ngr/datasetrecords/def/checkxlinkurl.template.feature
arg: {"link":"d"}
checkxlinkurl.template.feature:14 - 
org.apache.http.client.ClientProtocolException
10:56:06.804 [ForkJoinPool-1-worker-9] INFO  com.intuit.karate - [print]
10:56:06.810 [ForkJoinPool-1-worker-9] INFO  com.intuit.karate - [print] testing xlinkurl:s
10:56:06.810 [ForkJoinPool-1-worker-9] ERROR com.intuit.karate - org.apache.http.client.ClientProtocolException, http call failed after 0 milliseconds for URL: s
10:56:06.811 [ForkJoinPool-1-worker-9] ERROR com.intuit.karate - http request failed: 
org.apache.http.client.ClientProtocolException
10:56:06.811 [ForkJoinPool-1-worker-9] ERROR com.intuit.karate - feature call (loop) failed at index: 55
caller: classpath:InspireTest/ngr/datasetrecords/def/checkxlinkurl.template.feature
arg: {"link":"s"}
checkxlinkurl.template.feature:14 - 
org.apache.http.client.ClientProtocolException
10:56:06.812 [ForkJoinPool-1-worker-9] INFO  com.intuit.karate - [print]
10:56:06.812 [ForkJoinPool-1-worker-9] INFO  com.intuit.karate - [print] testing xlinkurl:/
10:56:06.813 [ForkJoinPool-1-worker-9] ERROR com.intuit.karate - org.apache.http.client.ClientProtocolException, http call failed after 0 milliseconds for URL: /
10:56:06.813 [ForkJoinPool-1-worker-9] ERROR com.intuit.karate - http request failed: 
org.apache.http.client.ClientProtocolException
10:56:06.813 [ForkJoinPool-1-worker-9] ERROR com.intuit.karate - feature call (loop) failed at index: 56
caller: classpath:InspireTest/ngr/datasetrecords/def/checkxlinkurl.template.feature
arg: {"link":"/"}
checkxlinkurl.template.feature:14 - 
org.apache.http.client.ClientProtocolException
10:56:06.814 [ForkJoinPool-1-worker-9] INFO  com.intuit.karate - [print]
10:56:06.821 [ForkJoinPool-1-worker-9] INFO  com.intuit.karate - [print] testing xlinkurl:I
10:56:06.822 [ForkJoinPool-1-worker-9] ERROR com.intuit.karate - org.apache.http.client.ClientProtocolException, http call failed after 0 milliseconds for URL: I
10:56:06.822 [ForkJoinPool-1-worker-9] ERROR com.intuit.karate - http request failed: 
org.apache.http.client.ClientProtocolException
10:56:06.822 [ForkJoinPool-1-worker-9] ERROR com.intuit.karate - feature call (loop) failed at index: 57
caller: classpath:InspireTest/ngr/datasetrecords/def/checkxlinkurl.template.feature
arg: {"link":"I"}
checkxlinkurl.template.feature:14 - 
org.apache.http.client.ClientProtocolException
10:56:06.828 [ForkJoinPool-1-worker-9] INFO  com.intuit.karate - [print]
10:56:06.828 [ForkJoinPool-1-worker-9] INFO  com.intuit.karate - [print] testing xlinkurl:S
10:56:06.828 [ForkJoinPool-1-worker-9] ERROR com.intuit.karate - org.apache.http.client.ClientProtocolException, http call failed after 0 milliseconds for URL: S
10:56:06.829 [ForkJoinPool-1-worker-9] ERROR com.intuit.karate - http request failed: 
org.apache.http.client.ClientProtocolException
10:56:06.829 [ForkJoinPool-1-worker-9] ERROR com.intuit.karate - feature call (loop) failed at index: 58
caller: classpath:InspireTest/ngr/datasetrecords/def/checkxlinkurl.template.feature
arg: {"link":"S"}
checkxlinkurl.template.feature:14 - 
org.apache.http.client.ClientProtocolException
10:56:06.830 [ForkJoinPool-1-worker-9] INFO  com.intuit.karate - [print]
10:56:06.830 [ForkJoinPool-1-worker-9] INFO  com.intuit.karate - [print] testing xlinkurl:O
10:56:06.830 [ForkJoinPool-1-worker-9] ERROR com.intuit.karate - org.apache.http.client.ClientProtocolException, http call failed after 0 milliseconds for URL: O
10:56:06.830 [ForkJoinPool-1-worker-9] ERROR com.intuit.karate - http request failed: 
org.apache.http.client.ClientProtocolException
10:56:06.831 [ForkJoinPool-1-worker-9] ERROR com.intuit.karate - feature call (loop) failed at index: 59
caller: classpath:InspireTest/ngr/datasetrecords/def/checkxlinkurl.template.feature
arg: {"link":"O"}
checkxlinkurl.template.feature:14 - 
org.apache.http.client.ClientProtocolException
10:56:06.831 [ForkJoinPool-1-worker-9] INFO  com.intuit.karate - [print]
10:56:06.832 [ForkJoinPool-1-worker-9] INFO  com.intuit.karate - [print] testing xlinkurl:_
10:56:06.833 [ForkJoinPool-1-worker-9] ERROR com.intuit.karate - org.apache.http.client.ClientProtocolException, http call failed after 0 milliseconds for URL: _
10:56:06.834 [ForkJoinPool-1-worker-9] ERROR com.intuit.karate - http request failed: 
org.apache.http.client.ClientProtocolException
10:56:06.834 [ForkJoinPool-1-worker-9] ERROR com.intuit.karate - feature call (loop) failed at index: 60
caller: classpath:InspireTest/ngr/datasetrecords/def/checkxlinkurl.template.feature
arg: {"link":"_"}
checkxlinkurl.template.feature:14 - 
org.apache.http.client.ClientProtocolException
10:56:06.843 [ForkJoinPool-1-worker-9] INFO  com.intuit.karate - [print]
10:56:06.844 [ForkJoinPool-1-worker-9] INFO  com.intuit.karate - [print] testing xlinkurl:1
10:56:06.845 [ForkJoinPool-1-worker-9] ERROR com.intuit.karate - org.apache.http.client.ClientProtocolException, http call failed after 0 milliseconds for URL: 1
10:56:06.845 [ForkJoinPool-1-worker-9] ERROR com.intuit.karate - http request failed: 
org.apache.http.client.ClientProtocolException
10:56:06.846 [ForkJoinPool-1-worker-9] ERROR com.intuit.karate - feature call (loop) failed at index: 61
caller: classpath:InspireTest/ngr/datasetrecords/def/checkxlinkurl.template.feature
arg: {"link":"1"}
checkxlinkurl.template.feature:14 - 
org.apache.http.client.ClientProtocolException
10:56:06.847 [ForkJoinPool-1-worker-9] INFO  com.intuit.karate - [print]
10:56:06.847 [ForkJoinPool-1-worker-9] INFO  com.intuit.karate - [print] testing xlinkurl:9
10:56:06.850 [ForkJoinPool-1-worker-9] ERROR com.intuit.karate - org.apache.http.client.ClientProtocolException, http call failed after 0 milliseconds for URL: 9
10:56:06.851 [ForkJoinPool-1-worker-9] ERROR com.intuit.karate - http request failed: 
org.apache.http.client.ClientProtocolException
10:56:06.851 [ForkJoinPool-1-worker-9] ERROR com.intuit.karate - feature call (loop) failed at index: 62
caller: classpath:InspireTest/ngr/datasetrecords/def/checkxlinkurl.template.feature
arg: {"link":"9"}
checkxlinkurl.template.feature:14 - 
org.apache.http.client.ClientProtocolException
10:56:06.852 [ForkJoinPool-1-worker-9] INFO  com.intuit.karate - [print]
10:56:06.852 [ForkJoinPool-1-worker-9] INFO  com.intuit.karate - [print] testing xlinkurl:1
10:56:06.853 [ForkJoinPool-1-worker-9] ERROR com.intuit.karate - org.apache.http.client.ClientProtocolException, http call failed after 0 milliseconds for URL: 1
10:56:06.854 [ForkJoinPool-1-worker-9] ERROR com.intuit.karate - http request failed: 
org.apache.http.client.ClientProtocolException
10:56:06.854 [ForkJoinPool-1-worker-9] ERROR com.intuit.karate - feature call (loop) failed at index: 63
caller: classpath:InspireTest/ngr/datasetrecords/def/checkxlinkurl.template.feature
arg: {"link":"1"}
checkxlinkurl.template.feature:14 - 
org.apache.http.client.ClientProtocolException
10:56:06.855 [ForkJoinPool-1-worker-9] INFO  com.intuit.karate - [print]
10:56:06.855 [ForkJoinPool-1-worker-9] INFO  com.intuit.karate - [print] testing xlinkurl:3
10:56:06.855 [ForkJoinPool-1-worker-9] ERROR com.intuit.karate - org.apache.http.client.ClientProtocolException, http call failed after 0 milliseconds for URL: 3
10:56:06.855 [ForkJoinPool-1-worker-9] ERROR com.intuit.karate - http request failed: 
org.apache.http.client.ClientProtocolException
10:56:06.855 [ForkJoinPool-1-worker-9] ERROR com.intuit.karate - feature call (loop) failed at index: 64
caller: classpath:InspireTest/ngr/datasetrecords/def/checkxlinkurl.template.feature
arg: {"link":"3"}
checkxlinkurl.template.feature:14 - 
org.apache.http.client.ClientProtocolException
10:56:06.859 [ForkJoinPool-1-worker-9] INFO  com.intuit.karate - [print]
10:56:06.859 [ForkJoinPool-1-worker-9] INFO  com.intuit.karate - [print] testing xlinkurl:9
10:56:06.859 [ForkJoinPool-1-worker-9] ERROR com.intuit.karate - org.apache.http.client.ClientProtocolException, http call failed after 0 milliseconds for URL: 9
10:56:06.860 [ForkJoinPool-1-worker-9] ERROR com.intuit.karate - http request failed: 
org.apache.http.client.ClientProtocolException
10:56:06.860 [ForkJoinPool-1-worker-9] ERROR com.intuit.karate - feature call (loop) failed at index: 65
caller: classpath:InspireTest/ngr/datasetrecords/def/checkxlinkurl.template.feature
arg: {"link":"9"}
checkxlinkurl.template.feature:14 - 
org.apache.http.client.ClientProtocolException
10:56:06.861 [ForkJoinPool-1-worker-9] INFO  com.intuit.karate - [print]
10:56:06.864 [ForkJoinPool-1-worker-9] INFO  com.intuit.karate - [print] testing xlinkurl:_
10:56:06.865 [ForkJoinPool-1-worker-9] ERROR com.intuit.karate - org.apache.http.client.ClientProtocolException, http call failed after 0 milliseconds for URL: _
10:56:06.865 [ForkJoinPool-1-worker-9] ERROR com.intuit.karate - http request failed: 
org.apache.http.client.ClientProtocolException
10:56:06.865 [ForkJoinPool-1-worker-9] ERROR com.intuit.karate - feature call (loop) failed at index: 66
caller: classpath:InspireTest/ngr/datasetrecords/def/checkxlinkurl.template.feature
arg: {"link":"_"}
checkxlinkurl.template.feature:14 - 
org.apache.http.client.ClientProtocolException
10:56:06.866 [ForkJoinPool-1-worker-9] INFO  com.intuit.karate - [print]
10:56:06.866 [ForkJoinPool-1-worker-9] INFO  com.intuit.karate - [print] testing xlinkurl:S
10:56:06.868 [ForkJoinPool-1-worker-9] ERROR com.intuit.karate - org.apache.http.client.ClientProtocolException, http call failed after 0 milliseconds for URL: S
10:56:06.868 [ForkJoinPool-1-worker-9] ERROR com.intuit.karate - http request failed: 
org.apache.http.client.ClientProtocolException
10:56:06.868 [ForkJoinPool-1-worker-9] ERROR com.intuit.karate - feature call (loop) failed at index: 67
caller: classpath:InspireTest/ngr/datasetrecords/def/checkxlinkurl.template.feature
arg: {"link":"S"}
checkxlinkurl.template.feature:14 - 
org.apache.http.client.ClientProtocolException
10:56:06.874 [ForkJoinPool-1-worker-9] INFO  com.intuit.karate - [print]
10:56:06.874 [ForkJoinPool-1-worker-9] INFO  com.intuit.karate - [print] testing xlinkurl:c
10:56:06.875 [ForkJoinPool-1-worker-11] INFO  com.intuit.karate - [print] title:Hydrografie
10:56:06.882 [ForkJoinPool-1-worker-11] INFO  com.intuit.karate - [print] Hydrografie
10:56:06.882 [ForkJoinPool-1-worker-9] ERROR com.intuit.karate - org.apache.http.client.ClientProtocolException, http call failed after 0 milliseconds for URL: c
10:56:06.882 [ForkJoinPool-1-worker-9] ERROR com.intuit.karate - http request failed: 
org.apache.http.client.ClientProtocolException
10:56:06.882 [ForkJoinPool-1-worker-9] ERROR com.intuit.karate - feature call (loop) failed at index: 68
caller: classpath:InspireTest/ngr/datasetrecords/def/checkxlinkurl.template.feature
arg: {"link":"c"}
checkxlinkurl.template.feature:14 - 
org.apache.http.client.ClientProtocolException
10:56:06.883 [ForkJoinPool-1-worker-11] INFO  com.intuit.karate - [print] [
  "PPB-GVA@kadaster.nl",
  "kcc@kadaster.nl",
  "kcc@kadaster.nl"
]

10:56:06.884 [ForkJoinPool-1-worker-9] INFO  com.intuit.karate - [print]
10:56:06.884 [ForkJoinPool-1-worker-9] INFO  com.intuit.karate - [print] testing xlinkurl:h
10:56:06.885 [ForkJoinPool-1-worker-9] ERROR com.intuit.karate - org.apache.http.client.ClientProtocolException, http call failed after 0 milliseconds for URL: h
10:56:06.885 [ForkJoinPool-1-worker-9] ERROR com.intuit.karate - http request failed: 
org.apache.http.client.ClientProtocolException
10:56:06.885 [ForkJoinPool-1-worker-9] ERROR com.intuit.karate - feature call (loop) failed at index: 69
caller: classpath:InspireTest/ngr/datasetrecords/def/checkxlinkurl.template.feature
arg: {"link":"h"}
checkxlinkurl.template.feature:14 - 
org.apache.http.client.ClientProtocolException
10:56:06.886 [ForkJoinPool-1-worker-9] INFO  com.intuit.karate - [print]
10:56:06.886 [ForkJoinPool-1-worker-9] INFO  com.intuit.karate - [print] testing xlinkurl:e
10:56:06.887 [ForkJoinPool-1-worker-9] ERROR com.intuit.karate - org.apache.http.client.ClientProtocolException, http call failed after 0 milliseconds for URL: e
10:56:06.887 [ForkJoinPool-1-worker-9] ERROR com.intuit.karate - http request failed: 
org.apache.http.client.ClientProtocolException
10:56:06.887 [ForkJoinPool-1-worker-9] ERROR com.intuit.karate - feature call (loop) failed at index: 70
caller: classpath:InspireTest/ngr/datasetrecords/def/checkxlinkurl.template.feature
arg: {"link":"e"}
checkxlinkurl.template.feature:14 - 
org.apache.http.client.ClientProtocolException
10:56:06.888 [ForkJoinPool-1-worker-9] INFO  com.intuit.karate - [print]
10:56:06.889 [ForkJoinPool-1-worker-9] INFO  com.intuit.karate - [print] testing xlinkurl:m
10:56:06.891 [ForkJoinPool-1-worker-9] ERROR com.intuit.karate - org.apache.http.client.ClientProtocolException, http call failed after 0 milliseconds for URL: m
10:56:06.891 [ForkJoinPool-1-worker-9] ERROR com.intuit.karate - http request failed: 
org.apache.http.client.ClientProtocolException
10:56:06.891 [ForkJoinPool-1-worker-9] ERROR com.intuit.karate - feature call (loop) failed at index: 71
caller: classpath:InspireTest/ngr/datasetrecords/def/checkxlinkurl.template.feature
arg: {"link":"m"}
checkxlinkurl.template.feature:14 - 
org.apache.http.client.ClientProtocolException
10:56:06.892 [ForkJoinPool-1-worker-9] INFO  com.intuit.karate - [print]
10:56:06.902 [ForkJoinPool-1-worker-9] INFO  com.intuit.karate - [print] testing xlinkurl:a
10:56:06.902 [ForkJoinPool-1-worker-9] ERROR com.intuit.karate - org.apache.http.client.ClientProtocolException, http call failed after 0 milliseconds for URL: a
10:56:06.890 [ForkJoinPool-1-worker-11] INFO  com.intuit.karate - [print] organisation: [
  "Kadaster",
  "Kadaster",
  "Kadaster"
]

10:56:06.907 [ForkJoinPool-1-worker-9] ERROR com.intuit.karate - http request failed: 
org.apache.http.client.ClientProtocolException
10:56:06.907 [ForkJoinPool-1-worker-9] ERROR com.intuit.karate - feature call (loop) failed at index: 72
caller: classpath:InspireTest/ngr/datasetrecords/def/checkxlinkurl.template.feature
arg: {"link":"a"}
checkxlinkurl.template.feature:14 - 
org.apache.http.client.ClientProtocolException
10:56:06.912 [ForkJoinPool-1-worker-11] INFO  com.intuit.karate - [print] [
  "http://kadaster/06b6c650-cdb1-11dd-ad8b-0800200c9a80"
]

10:56:06.914 [ForkJoinPool-1-worker-9] INFO  com.intuit.karate - [print]
10:56:06.914 [ForkJoinPool-1-worker-9] INFO  com.intuit.karate - [print] testing xlinkurl:s
10:56:06.914 [ForkJoinPool-1-worker-9] ERROR com.intuit.karate - org.apache.http.client.ClientProtocolException, http call failed after 0 milliseconds for URL: s
10:56:06.914 [ForkJoinPool-1-worker-9] ERROR com.intuit.karate - http request failed: 
org.apache.http.client.ClientProtocolException
10:56:06.915 [ForkJoinPool-1-worker-9] ERROR com.intuit.karate - feature call (loop) failed at index: 73
caller: classpath:InspireTest/ngr/datasetrecords/def/checkxlinkurl.template.feature
arg: {"link":"s"}
checkxlinkurl.template.feature:14 - 
org.apache.http.client.ClientProtocolException
10:56:06.916 [ForkJoinPool-1-worker-9] INFO  com.intuit.karate - [print]
10:56:06.916 [ForkJoinPool-1-worker-9] INFO  com.intuit.karate - [print] testing xlinkurl:/
10:56:06.916 [ForkJoinPool-1-worker-9] ERROR com.intuit.karate - org.apache.http.client.ClientProtocolException, http call failed after 0 milliseconds for URL: /
10:56:06.916 [ForkJoinPool-1-worker-9] ERROR com.intuit.karate - http request failed: 
org.apache.http.client.ClientProtocolException
10:56:06.916 [ForkJoinPool-1-worker-9] ERROR com.intuit.karate - feature call (loop) failed at index: 74
caller: classpath:InspireTest/ngr/datasetrecords/def/checkxlinkurl.template.feature
arg: {"link":"/"}
checkxlinkurl.template.feature:14 - 
org.apache.http.client.ClientProtocolException
10:56:06.936 [ForkJoinPool-1-worker-11] INFO  com.intuit.karate - [print]
10:56:06.936 [ForkJoinPool-1-worker-11] INFO  com.intuit.karate - [print] testing xlinkurl:http://kadaster/06b6c650-cdb1-11dd-ad8b-0800200c9a80
10:56:06.938 [ForkJoinPool-1-worker-11] ERROR com.intuit.karate - java.net.UnknownHostException: kadaster, http call failed after 0 milliseconds for URL: http://kadaster/06b6c650-cdb1-11dd-ad8b-0800200c9a80
10:56:06.938 [ForkJoinPool-1-worker-11] ERROR com.intuit.karate - http request failed: 
java.net.UnknownHostException: kadaster
10:56:06.938 [ForkJoinPool-1-worker-11] ERROR com.intuit.karate - feature call (loop) failed at index: 0
caller: classpath:InspireTest/ngr/datasetrecords/def/checkxlinkurl.template.feature
arg: {"link":"http://kadaster/06b6c650-cdb1-11dd-ad8b-0800200c9a80"}
checkxlinkurl.template.feature:14 - 
java.net.UnknownHostException: kadaster
10:56:06.938 [ForkJoinPool-1-worker-9] INFO  com.intuit.karate - [print]
10:56:06.938 [ForkJoinPool-1-worker-9] INFO  com.intuit.karate - [print] testing xlinkurl:r
10:56:06.939 [ForkJoinPool-1-worker-9] ERROR com.intuit.karate - org.apache.http.client.ClientProtocolException, http call failed after 0 milliseconds for URL: r
10:56:06.939 [ForkJoinPool-1-worker-9] ERROR com.intuit.karate - http request failed: 
org.apache.http.client.ClientProtocolException
10:56:06.939 [ForkJoinPool-1-worker-9] ERROR com.intuit.karate - feature call (loop) failed at index: 75
caller: classpath:InspireTest/ngr/datasetrecords/def/checkxlinkurl.template.feature
arg: {"link":"r"}
checkxlinkurl.template.feature:14 - 
org.apache.http.client.ClientProtocolException
10:56:06.940 [ForkJoinPool-1-worker-9] INFO  com.intuit.karate - [print]
10:56:06.940 [ForkJoinPool-1-worker-9] INFO  com.intuit.karate - [print] testing xlinkurl:e
10:56:06.940 [ForkJoinPool-1-worker-9] ERROR com.intuit.karate - org.apache.http.client.ClientProtocolException, http call failed after 0 milliseconds for URL: e
10:56:06.941 [ForkJoinPool-1-worker-9] ERROR com.intuit.karate - http request failed: 
org.apache.http.client.ClientProtocolException
10:56:06.941 [ForkJoinPool-1-worker-9] ERROR com.intuit.karate - feature call (loop) failed at index: 76
caller: classpath:InspireTest/ngr/datasetrecords/def/checkxlinkurl.template.feature
arg: {"link":"e"}
checkxlinkurl.template.feature:14 - 
org.apache.http.client.ClientProtocolException
10:56:06.941 [ForkJoinPool-1-worker-9] INFO  com.intuit.karate - [print]
10:56:06.949 [ForkJoinPool-1-worker-9] INFO  com.intuit.karate - [print] testing xlinkurl:s
10:56:06.954 [ForkJoinPool-1-worker-9] ERROR com.intuit.karate - org.apache.http.client.ClientProtocolException, http call failed after 0 milliseconds for URL: s
10:56:06.955 [ForkJoinPool-1-worker-9] ERROR com.intuit.karate - http request failed: 
org.apache.http.client.ClientProtocolException
10:56:06.955 [ForkJoinPool-1-worker-9] ERROR com.intuit.karate - feature call (loop) failed at index: 77
caller: classpath:InspireTest/ngr/datasetrecords/def/checkxlinkurl.template.feature
arg: {"link":"s"}
checkxlinkurl.template.feature:14 - 
org.apache.http.client.ClientProtocolException
10:56:06.957 [ForkJoinPool-1-worker-9] INFO  com.intuit.karate - [print]
10:56:06.957 [ForkJoinPool-1-worker-9] INFO  com.intuit.karate - [print] testing xlinkurl:o
10:56:06.957 [ForkJoinPool-1-worker-9] ERROR com.intuit.karate - org.apache.http.client.ClientProtocolException, http call failed after 0 milliseconds for URL: o
10:56:06.957 [ForkJoinPool-1-worker-9] ERROR com.intuit.karate - http request failed: 
org.apache.http.client.ClientProtocolException
10:56:06.958 [ForkJoinPool-1-worker-9] ERROR com.intuit.karate - feature call (loop) failed at index: 78
caller: classpath:InspireTest/ngr/datasetrecords/def/checkxlinkurl.template.feature
arg: {"link":"o"}
checkxlinkurl.template.feature:14 - 
org.apache.http.client.ClientProtocolException
10:56:06.959 [ForkJoinPool-1-worker-9] INFO  com.intuit.karate - [print]
10:56:06.966 [ForkJoinPool-1-worker-9] INFO  com.intuit.karate - [print] testing xlinkurl:u
10:56:06.966 [ForkJoinPool-1-worker-9] ERROR com.intuit.karate - org.apache.http.client.ClientProtocolException, http call failed after 0 milliseconds for URL: u
10:56:06.972 [ForkJoinPool-1-worker-9] ERROR com.intuit.karate - http request failed: 
org.apache.http.client.ClientProtocolException
10:56:06.972 [ForkJoinPool-1-worker-9] ERROR com.intuit.karate - feature call (loop) failed at index: 79
caller: classpath:InspireTest/ngr/datasetrecords/def/checkxlinkurl.template.feature
arg: {"link":"u"}
checkxlinkurl.template.feature:14 - 
org.apache.http.client.ClientProtocolException
10:56:06.974 [ForkJoinPool-1-worker-9] INFO  com.intuit.karate - [print]
10:56:06.974 [ForkJoinPool-1-worker-9] INFO  com.intuit.karate - [print] testing xlinkurl:r
10:56:06.978 [ForkJoinPool-1-worker-9] ERROR com.intuit.karate - org.apache.http.client.ClientProtocolException, http call failed after 0 milliseconds for URL: r
10:56:06.978 [ForkJoinPool-1-worker-9] ERROR com.intuit.karate - http request failed: 
org.apache.http.client.ClientProtocolException
10:56:06.978 [ForkJoinPool-1-worker-9] ERROR com.intuit.karate - feature call (loop) failed at index: 80
caller: classpath:InspireTest/ngr/datasetrecords/def/checkxlinkurl.template.feature
arg: {"link":"r"}
checkxlinkurl.template.feature:14 - 
org.apache.http.client.ClientProtocolException
10:56:06.979 [ForkJoinPool-1-worker-9] INFO  com.intuit.karate - [print]
10:56:06.981 [ForkJoinPool-1-worker-9] INFO  com.intuit.karate - [print] testing xlinkurl:c
10:56:06.981 [ForkJoinPool-1-worker-9] ERROR com.intuit.karate - org.apache.http.client.ClientProtocolException, http call failed after 0 milliseconds for URL: c
10:56:06.981 [ForkJoinPool-1-worker-9] ERROR com.intuit.karate - http request failed: 
org.apache.http.client.ClientProtocolException
10:56:06.981 [ForkJoinPool-1-worker-9] ERROR com.intuit.karate - feature call (loop) failed at index: 81
caller: classpath:InspireTest/ngr/datasetrecords/def/checkxlinkurl.template.feature
arg: {"link":"c"}
checkxlinkurl.template.feature:14 - 
org.apache.http.client.ClientProtocolException
10:56:06.982 [ForkJoinPool-1-worker-9] INFO  com.intuit.karate - [print]
10:56:06.986 [ForkJoinPool-1-worker-9] INFO  com.intuit.karate - [print] testing xlinkurl:e
10:56:06.986 [ForkJoinPool-1-worker-9] ERROR com.intuit.karate - org.apache.http.client.ClientProtocolException, http call failed after 0 milliseconds for URL: e
10:56:06.986 [ForkJoinPool-1-worker-9] ERROR com.intuit.karate - http request failed: 
org.apache.http.client.ClientProtocolException
10:56:06.986 [ForkJoinPool-1-worker-9] ERROR com.intuit.karate - feature call (loop) failed at index: 82
caller: classpath:InspireTest/ngr/datasetrecords/def/checkxlinkurl.template.feature
arg: {"link":"e"}
checkxlinkurl.template.feature:14 - 
org.apache.http.client.ClientProtocolException
10:56:06.987 [ForkJoinPool-1-worker-9] INFO  com.intuit.karate - [print]
10:56:06.988 [ForkJoinPool-1-worker-9] INFO  com.intuit.karate - [print] testing xlinkurl:s
10:56:06.988 [ForkJoinPool-1-worker-9] ERROR com.intuit.karate - org.apache.http.client.ClientProtocolException, http call failed after 0 milliseconds for URL: s
10:56:06.988 [ForkJoinPool-1-worker-9] ERROR com.intuit.karate - http request failed: 
org.apache.http.client.ClientProtocolException
10:56:06.988 [ForkJoinPool-1-worker-9] ERROR com.intuit.karate - feature call (loop) failed at index: 83
caller: classpath:InspireTest/ngr/datasetrecords/def/checkxlinkurl.template.feature
arg: {"link":"s"}
checkxlinkurl.template.feature:14 - 
org.apache.http.client.ClientProtocolException
10:56:06.991 [ForkJoinPool-1-worker-9] INFO  com.intuit.karate - [print]
10:56:06.994 [ForkJoinPool-1-worker-9] INFO  com.intuit.karate - [print] testing xlinkurl:/
10:56:07.002 [ForkJoinPool-1-worker-9] ERROR com.intuit.karate - org.apache.http.client.ClientProtocolException, http call failed after 0 milliseconds for URL: /
10:56:07.002 [ForkJoinPool-1-worker-9] ERROR com.intuit.karate - http request failed: 
org.apache.http.client.ClientProtocolException
10:56:07.002 [ForkJoinPool-1-worker-9] ERROR com.intuit.karate - feature call (loop) failed at index: 84
caller: classpath:InspireTest/ngr/datasetrecords/def/checkxlinkurl.template.feature
arg: {"link":"/"}
checkxlinkurl.template.feature:14 - 
org.apache.http.client.ClientProtocolException
10:56:07.004 [ForkJoinPool-1-worker-9] INFO  com.intuit.karate - [print]
10:56:07.005 [ForkJoinPool-1-worker-9] INFO  com.intuit.karate - [print] testing xlinkurl:u
10:56:07.005 [ForkJoinPool-1-worker-9] ERROR com.intuit.karate - org.apache.http.client.ClientProtocolException, http call failed after 0 milliseconds for URL: u
10:56:07.005 [ForkJoinPool-1-worker-9] ERROR com.intuit.karate - http request failed: 
org.apache.http.client.ClientProtocolException
10:56:07.006 [ForkJoinPool-1-worker-9] ERROR com.intuit.karate - feature call (loop) failed at index: 85
caller: classpath:InspireTest/ngr/datasetrecords/def/checkxlinkurl.template.feature
arg: {"link":"u"}
checkxlinkurl.template.feature:14 - 
org.apache.http.client.ClientProtocolException
10:56:07.007 [ForkJoinPool-1-worker-9] INFO  com.intuit.karate - [print]
10:56:07.007 [ForkJoinPool-1-worker-9] INFO  com.intuit.karate - [print] testing xlinkurl:o
10:56:07.012 [ForkJoinPool-1-worker-7] INFO  com.intuit.karate - [print]
10:56:07.012 [ForkJoinPool-1-worker-7] INFO  com.intuit.karate - [print] testing xlinkurl:http://kadaster/70a0f618-9d4f-4be9-9d9d-11106ff6971c
10:56:07.013 [ForkJoinPool-1-worker-7] ERROR com.intuit.karate - java.net.UnknownHostException: kadaster, http call failed after 0 milliseconds for URL: http://kadaster/70a0f618-9d4f-4be9-9d9d-11106ff6971c
10:56:07.022 [ForkJoinPool-1-worker-7] ERROR com.intuit.karate - http request failed: 
java.net.UnknownHostException: kadaster
10:56:07.022 [ForkJoinPool-1-worker-7] ERROR com.intuit.karate - feature call (loop) failed at index: 1
caller: classpath:InspireTest/ngr/datasetrecords/def/checkxlinkurl.template.feature
arg: {"link":"http://kadaster/70a0f618-9d4f-4be9-9d9d-11106ff6971c"}
checkxlinkurl.template.feature:14 - 
java.net.UnknownHostException: kadaster
10:56:07.025 [ForkJoinPool-1-worker-9] ERROR com.intuit.karate - org.apache.http.client.ClientProtocolException, http call failed after 0 milliseconds for URL: o
10:56:07.030 [ForkJoinPool-1-worker-9] ERROR com.intuit.karate - http request failed: 
org.apache.http.client.ClientProtocolException
10:56:07.031 [ForkJoinPool-1-worker-9] ERROR com.intuit.karate - feature call (loop) failed at index: 86
caller: classpath:InspireTest/ngr/datasetrecords/def/checkxlinkurl.template.feature
arg: {"link":"o"}
checkxlinkurl.template.feature:14 - 
org.apache.http.client.ClientProtocolException
10:56:07.032 [ForkJoinPool-1-worker-9] INFO  com.intuit.karate - [print]
10:56:07.034 [ForkJoinPool-1-worker-9] INFO  com.intuit.karate - [print] testing xlinkurl:m
10:56:07.034 [ForkJoinPool-1-worker-9] ERROR com.intuit.karate - org.apache.http.client.ClientProtocolException, http call failed after 0 milliseconds for URL: m
10:56:07.035 [ForkJoinPool-1-worker-9] ERROR com.intuit.karate - http request failed: 
org.apache.http.client.ClientProtocolException
10:56:07.042 [ForkJoinPool-1-worker-9] ERROR com.intuit.karate - feature call (loop) failed at index: 87
caller: classpath:InspireTest/ngr/datasetrecords/def/checkxlinkurl.template.feature
arg: {"link":"m"}
checkxlinkurl.template.feature:14 - 
org.apache.http.client.ClientProtocolException
10:56:07.043 [ForkJoinPool-1-worker-9] INFO  com.intuit.karate - [print]
10:56:07.044 [ForkJoinPool-1-worker-9] INFO  com.intuit.karate - [print] testing xlinkurl:/
10:56:07.045 [ForkJoinPool-1-worker-9] ERROR com.intuit.karate - org.apache.http.client.ClientProtocolException, http call failed after 0 milliseconds for URL: /
10:56:07.050 [ForkJoinPool-1-worker-9] ERROR com.intuit.karate - http request failed: 
org.apache.http.client.ClientProtocolException
10:56:07.050 [ForkJoinPool-1-worker-9] ERROR com.intuit.karate - feature call (loop) failed at index: 88
caller: classpath:InspireTest/ngr/datasetrecords/def/checkxlinkurl.template.feature
arg: {"link":"/"}
checkxlinkurl.template.feature:14 - 
org.apache.http.client.ClientProtocolException
10:56:07.052 [ForkJoinPool-1-worker-9] INFO  com.intuit.karate - [print]
10:56:07.053 [ForkJoinPool-1-worker-9] INFO  com.intuit.karate - [print] testing xlinkurl:g
10:56:07.058 [ForkJoinPool-1-worker-9] ERROR com.intuit.karate - org.apache.http.client.ClientProtocolException, http call failed after 0 milliseconds for URL: g
10:56:07.066 [ForkJoinPool-1-worker-9] ERROR com.intuit.karate - http request failed: 
org.apache.http.client.ClientProtocolException
10:56:07.066 [ForkJoinPool-1-worker-9] ERROR com.intuit.karate - feature call (loop) failed at index: 89
caller: classpath:InspireTest/ngr/datasetrecords/def/checkxlinkurl.template.feature
arg: {"link":"g"}
checkxlinkurl.template.feature:14 - 
org.apache.http.client.ClientProtocolException
10:56:07.068 [ForkJoinPool-1-worker-9] INFO  com.intuit.karate - [print]
10:56:07.072 [ForkJoinPool-1-worker-9] INFO  com.intuit.karate - [print] testing xlinkurl:m
10:56:07.073 [ForkJoinPool-1-worker-9] ERROR com.intuit.karate - org.apache.http.client.ClientProtocolException, http call failed after 0 milliseconds for URL: m
10:56:07.073 [ForkJoinPool-1-worker-9] ERROR com.intuit.karate - http request failed: 
org.apache.http.client.ClientProtocolException
10:56:07.074 [ForkJoinPool-1-worker-9] ERROR com.intuit.karate - feature call (loop) failed at index: 90
caller: classpath:InspireTest/ngr/datasetrecords/def/checkxlinkurl.template.feature
arg: {"link":"m"}
checkxlinkurl.template.feature:14 - 
org.apache.http.client.ClientProtocolException
10:56:07.082 [ForkJoinPool-1-worker-9] INFO  com.intuit.karate - [print]
10:56:07.088 [ForkJoinPool-1-worker-9] INFO  com.intuit.karate - [print] testing xlinkurl:x
10:56:07.090 [ForkJoinPool-1-worker-9] ERROR com.intuit.karate - org.apache.http.client.ClientProtocolException, http call failed after 0 milliseconds for URL: x
10:56:07.090 [ForkJoinPool-1-worker-9] ERROR com.intuit.karate - http request failed: 
org.apache.http.client.ClientProtocolException
10:56:07.091 [ForkJoinPool-1-worker-9] ERROR com.intuit.karate - feature call (loop) failed at index: 91
caller: classpath:InspireTest/ngr/datasetrecords/def/checkxlinkurl.template.feature
arg: {"link":"x"}
checkxlinkurl.template.feature:14 - 
org.apache.http.client.ClientProtocolException
10:56:07.092 [ForkJoinPool-1-worker-9] INFO  com.intuit.karate - [print]
10:56:07.095 [ForkJoinPool-1-worker-9] INFO  com.intuit.karate - [print] testing xlinkurl:U
10:56:07.095 [ForkJoinPool-1-worker-9] ERROR com.intuit.karate - org.apache.http.client.ClientProtocolException, http call failed after 0 milliseconds for URL: U
10:56:07.098 [ForkJoinPool-1-worker-9] ERROR com.intuit.karate - http request failed: 
org.apache.http.client.ClientProtocolException
10:56:07.098 [ForkJoinPool-1-worker-9] ERROR com.intuit.karate - feature call (loop) failed at index: 92
caller: classpath:InspireTest/ngr/datasetrecords/def/checkxlinkurl.template.feature
arg: {"link":"U"}
checkxlinkurl.template.feature:14 - 
org.apache.http.client.ClientProtocolException
10:56:07.103 [ForkJoinPool-1-worker-9] INFO  com.intuit.karate - [print]
10:56:07.110 [ForkJoinPool-1-worker-9] INFO  com.intuit.karate - [print] testing xlinkurl:o
10:56:07.114 [ForkJoinPool-1-worker-9] ERROR com.intuit.karate - org.apache.http.client.ClientProtocolException, http call failed after 0 milliseconds for URL: o
10:56:07.114 [ForkJoinPool-1-worker-9] ERROR com.intuit.karate - http request failed: 
org.apache.http.client.ClientProtocolException
10:56:07.114 [ForkJoinPool-1-worker-9] ERROR com.intuit.karate - feature call (loop) failed at index: 93
caller: classpath:InspireTest/ngr/datasetrecords/def/checkxlinkurl.template.feature
arg: {"link":"o"}
checkxlinkurl.template.feature:14 - 
org.apache.http.client.ClientProtocolException
10:56:07.115 [ForkJoinPool-1-worker-9] INFO  com.intuit.karate - [print]
10:56:07.117 [ForkJoinPool-1-worker-9] INFO  com.intuit.karate - [print] testing xlinkurl:m
10:56:07.118 [ForkJoinPool-1-worker-9] ERROR com.intuit.karate - org.apache.http.client.ClientProtocolException, http call failed after 0 milliseconds for URL: m
10:56:07.118 [ForkJoinPool-1-worker-9] ERROR com.intuit.karate - http request failed: 
org.apache.http.client.ClientProtocolException
10:56:07.119 [ForkJoinPool-1-worker-9] ERROR com.intuit.karate - feature call (loop) failed at index: 94
caller: classpath:InspireTest/ngr/datasetrecords/def/checkxlinkurl.template.feature
arg: {"link":"m"}
checkxlinkurl.template.feature:14 - 
org.apache.http.client.ClientProtocolException
10:56:07.120 [ForkJoinPool-1-worker-9] INFO  com.intuit.karate - [print]
10:56:07.122 [ForkJoinPool-1-worker-9] INFO  com.intuit.karate - [print] testing xlinkurl:.
10:56:07.122 [ForkJoinPool-1-worker-9] ERROR com.intuit.karate - org.apache.http.client.ClientProtocolException, http call failed after 0 milliseconds for URL: .
10:56:07.122 [ForkJoinPool-1-worker-9] ERROR com.intuit.karate - http request failed: 
org.apache.http.client.ClientProtocolException
10:56:07.122 [ForkJoinPool-1-worker-9] ERROR com.intuit.karate - feature call (loop) failed at index: 95
caller: classpath:InspireTest/ngr/datasetrecords/def/checkxlinkurl.template.feature
arg: {"link":"."}
checkxlinkurl.template.feature:14 - 
org.apache.http.client.ClientProtocolException
10:56:07.123 [ForkJoinPool-1-worker-9] INFO  com.intuit.karate - [print]
10:56:07.138 [ForkJoinPool-1-worker-9] INFO  com.intuit.karate - [print] testing xlinkurl:x
10:56:07.139 [ForkJoinPool-1-worker-9] ERROR com.intuit.karate - org.apache.http.client.ClientProtocolException, http call failed after 0 milliseconds for URL: x
10:56:07.139 [ForkJoinPool-1-worker-9] ERROR com.intuit.karate - http request failed: 
org.apache.http.client.ClientProtocolException
10:56:07.139 [ForkJoinPool-1-worker-9] ERROR com.intuit.karate - feature call (loop) failed at index: 96
caller: classpath:InspireTest/ngr/datasetrecords/def/checkxlinkurl.template.feature
arg: {"link":"x"}
checkxlinkurl.template.feature:14 - 
org.apache.http.client.ClientProtocolException
10:56:07.143 [ForkJoinPool-1-worker-9] INFO  com.intuit.karate - [print]
10:56:07.143 [ForkJoinPool-1-worker-9] INFO  com.intuit.karate - [print] testing xlinkurl:m
10:56:07.144 [ForkJoinPool-1-worker-9] ERROR com.intuit.karate - org.apache.http.client.ClientProtocolException, http call failed after 0 milliseconds for URL: m
10:56:07.144 [ForkJoinPool-1-worker-9] ERROR com.intuit.karate - http request failed: 
org.apache.http.client.ClientProtocolException
10:56:07.144 [ForkJoinPool-1-worker-9] ERROR com.intuit.karate - feature call (loop) failed at index: 97
caller: classpath:InspireTest/ngr/datasetrecords/def/checkxlinkurl.template.feature
arg: {"link":"m"}
checkxlinkurl.template.feature:14 - 
org.apache.http.client.ClientProtocolException
10:56:07.145 [ForkJoinPool-1-worker-9] INFO  com.intuit.karate - [print]
10:56:07.145 [ForkJoinPool-1-worker-9] INFO  com.intuit.karate - [print] testing xlinkurl:l
10:56:07.145 [ForkJoinPool-1-worker-9] ERROR com.intuit.karate - org.apache.http.client.ClientProtocolException, http call failed after 0 milliseconds for URL: l
10:56:07.148 [ForkJoinPool-1-worker-9] ERROR com.intuit.karate - http request failed: 
org.apache.http.client.ClientProtocolException
10:56:07.148 [ForkJoinPool-1-worker-9] ERROR com.intuit.karate - feature call (loop) failed at index: 98
caller: classpath:InspireTest/ngr/datasetrecords/def/checkxlinkurl.template.feature
arg: {"link":"l"}
checkxlinkurl.template.feature:14 - 
org.apache.http.client.ClientProtocolException
10:56:07.149 [ForkJoinPool-1-worker-9] INFO  com.intuit.karate - [print]
10:56:07.149 [ForkJoinPool-1-worker-9] INFO  com.intuit.karate - [print] testing xlinkurl:#
10:56:07.149 [ForkJoinPool-1-worker-9] ERROR com.intuit.karate - org.apache.http.client.ClientProtocolException, http call failed after 0 milliseconds for URL: #
10:56:07.150 [ForkJoinPool-1-worker-9] ERROR com.intuit.karate - http request failed: 
org.apache.http.client.ClientProtocolException
10:56:07.150 [ForkJoinPool-1-worker-9] ERROR com.intuit.karate - feature call (loop) failed at index: 99
caller: classpath:InspireTest/ngr/datasetrecords/def/checkxlinkurl.template.feature
arg: {"link":"#"}
checkxlinkurl.template.feature:14 - 
org.apache.http.client.ClientProtocolException
10:56:07.151 [ForkJoinPool-1-worker-9] INFO  com.intuit.karate - [print]
10:56:07.166 [ForkJoinPool-1-worker-9] INFO  com.intuit.karate - [print] testing xlinkurl:m
10:56:07.174 [ForkJoinPool-1-worker-9] ERROR com.intuit.karate - org.apache.http.client.ClientProtocolException, http call failed after 0 milliseconds for URL: m
10:56:07.174 [ForkJoinPool-1-worker-9] ERROR com.intuit.karate - http request failed: 
org.apache.http.client.ClientProtocolException
10:56:07.174 [ForkJoinPool-1-worker-9] ERROR com.intuit.karate - feature call (loop) failed at index: 100
caller: classpath:InspireTest/ngr/datasetrecords/def/checkxlinkurl.template.feature
arg: {"link":"m"}
checkxlinkurl.template.feature:14 - 
org.apache.http.client.ClientProtocolException
10:56:07.429 [ForkJoinPool-1-worker-3] INFO  com.intuit.karate - [print] title:Afgevoerde hoeveelheid afval in 2011 vanuit de industrie
10:56:07.429 [ForkJoinPool-1-worker-3] INFO  com.intuit.karate - [print] Afgevoerde hoeveelheid afval in 2011 vanuit de industrie
10:56:07.450 [ForkJoinPool-1-worker-3] INFO  com.intuit.karate - [print] [
  "emissieregistratie@rivm.nl",
  "",
  "emissieregistratie@rivm.nl"
]

10:56:07.452 [ForkJoinPool-1-worker-3] INFO  com.intuit.karate - [print] organisation: no organisationName found in dataset record
10:56:07.466 [ForkJoinPool-1-worker-3] INFO  com.intuit.karate - [print] [
  "https://data.rivm.nl/inspire/id#90bab79d-5f92-4aaa-8edc-99195438ef65"
]

10:56:07.476 [ForkJoinPool-1-worker-3] INFO  com.intuit.karate - [print]
10:56:07.487 [ForkJoinPool-1-worker-3] INFO  com.intuit.karate - [print] testing xlinkurl:https://data.rivm.nl/inspire/id#90bab79d-5f92-4aaa-8edc-99195438ef65
10:56:07.574 [ForkJoinPool-1-worker-7] INFO  com.intuit.karate - [print] title:Zwemwaterlocaties en zwemwaterkwaliteit - monsterpunten
10:56:07.575 [ForkJoinPool-1-worker-7] INFO  com.intuit.karate - [print] Zwemwaterlocaties en zwemwaterkwaliteit - monsterpunten
10:56:07.579 [ForkJoinPool-1-worker-7] INFO  com.intuit.karate - [print] [
  "inspire@gbo-provincies.nl",
  "inspire@gbo-provincies.nl",
  "inspire@gbo-provincies.nl"
]

10:56:07.585 [ForkJoinPool-1-worker-7] INFO  com.intuit.karate - [print] organisation: [
  "Interprovinciaal Overleg",
  "Interprovinciaal Overleg",
  "Interprovinciaal Overleg",
  "Interprovinciaal Overleg",
  "Interprovinciaal Overleg"
]

10:56:07.739 [pool-1-thread-1] INFO  com.intuit.karate.Runner - <<fail>> feature 1 of 9: classpath:InspireTest/ngr/datasetrecords/check-known-links.feature
---------------------------------------------------------
feature: classpath:InspireTest/ngr/datasetrecords/check-known-links.feature
report: target/surefire-reports/InspireTest.ngr.datasetrecords.check-known-links.json
scenarios: 178 | passed: 177 | failed:  1 | time: 658.7996
---------------------------------------------------------
10:56:07.811 [ForkJoinPool-1-worker-5] INFO  com.intuit.karate - [print] title:Omgevingsdosisequivalenttempo Nationaal Meetnet Radioactiviteit 2011
10:56:07.812 [ForkJoinPool-1-worker-5] INFO  com.intuit.karate - [print] Omgevingsdosisequivalenttempo Nationaal Meetnet Radioactiviteit 2011
10:56:07.814 [ForkJoinPool-1-worker-5] INFO  com.intuit.karate - [print] [
  "geodata@rivm.nl",
  "",
  "geodata@rivm.nl"
]

10:56:07.815 [ForkJoinPool-1-worker-5] INFO  com.intuit.karate - [print] organisation: no organisationName found in dataset record
10:56:07.824 [ForkJoinPool-1-worker-11] INFO  com.intuit.karate - [print] title:Vervoersnetwerken - Kabelbanen (INSPIRE geharmoniseerd)
10:56:07.825 [ForkJoinPool-1-worker-11] INFO  com.intuit.karate - [print] Vervoersnetwerken - Kabelbanen (INSPIRE geharmoniseerd)
10:56:07.828 [ForkJoinPool-1-worker-11] INFO  com.intuit.karate - [print] [
  "PPB-GVA@kadaster.nl",
  "kcc@kadaster.nl"
]

10:56:07.833 [ForkJoinPool-1-worker-11] INFO  com.intuit.karate - [print] organisation: [
  "Kadaster",
  "Kadaster"
]

10:56:07.830 [ForkJoinPool-1-worker-5] INFO  com.intuit.karate - [print] [
  "https://data.rivm.nl/inspire/id#722e3937-3e53-4048-97ef-1ced2c77f7dd"
]

10:56:07.848 [ForkJoinPool-1-worker-11] INFO  com.intuit.karate - [print] [
  "http://www.opengis.net/def/crs/EPSG/0/http://www.opengis.net/def/crs/EPSG/0/4258",
  "http://kadaster/ed4caa3b-a49e-4a9a-8206-50a3cf451b9a"
]

10:56:07.857 [ForkJoinPool-1-worker-11] INFO  com.intuit.karate - [print]
10:56:07.861 [ForkJoinPool-1-worker-5] INFO  com.intuit.karate - [print]
10:56:07.861 [ForkJoinPool-1-worker-3] ERROR com.intuit.karate - javax.net.ssl.SSLException: Connection reset, http call failed after 372 milliseconds for URL: https://data.rivm.nl/inspire/id#90bab79d-5f92-4aaa-8edc-99195438ef65
10:56:07.862 [ForkJoinPool-1-worker-3] ERROR com.intuit.karate - http request failed: 
javax.net.ssl.SSLException: Connection reset
10:56:07.862 [ForkJoinPool-1-worker-3] ERROR com.intuit.karate - feature call (loop) failed at index: 0
caller: classpath:InspireTest/ngr/datasetrecords/def/checkxlinkurl.template.feature
arg: {"link":"https://data.rivm.nl/inspire/id#90bab79d-5f92-4aaa-8edc-99195438ef65"}
checkxlinkurl.template.feature:14 - 
javax.net.ssl.SSLException: Connection reset
10:56:07.868 [ForkJoinPool-1-worker-5] INFO  com.intuit.karate - [print] testing xlinkurl:https://data.rivm.nl/inspire/id#722e3937-3e53-4048-97ef-1ced2c77f7dd
10:56:07.870 [ForkJoinPool-1-worker-11] INFO  com.intuit.karate - [print] testing xlinkurl:http://www.opengis.net/def/crs/EPSG/0/http://www.opengis.net/def/crs/EPSG/0/4258
10:56:07.950 [ForkJoinPool-1-worker-13] INFO  com.intuit.karate - [print] title:Wetlands (RAMSAR) (INSPIRE Geharmoniseerd)
10:56:07.952 [ForkJoinPool-1-worker-13] INFO  com.intuit.karate - [print] Wetlands (RAMSAR) (INSPIRE Geharmoniseerd)
10:56:07.955 [ForkJoinPool-1-worker-13] INFO  com.intuit.karate - [print] [
  "geodatabeheer.giscc@rvo.nl",
  "geodatabeheer.giscc@rvo.nl",
  "geodatabeheer.giscc@rvo.nl",
  "GeoDesk.CGI@wur.nl",
  "beheer@pdok.nl",
  "",
  ""
]

10:56:07.963 [ForkJoinPool-1-worker-13] INFO  com.intuit.karate - [print] organisation: [
  "",
  ""
]

10:56:07.969 [ForkJoinPool-1-worker-13] INFO  com.intuit.karate - [print] [
  "http://nationaalgeoregister.nl/geonetwork/srv/dut/catalog.search#/metadata/19165027-a13a-4c19-9013-ec1fd191019d",
  "https://data.overheid.nl/organisatie/PDOK"
]

10:56:07.978 [ForkJoinPool-1-worker-13] INFO  com.intuit.karate - [print]
10:56:07.978 [ForkJoinPool-1-worker-13] INFO  com.intuit.karate - [print] testing xlinkurl:http://nationaalgeoregister.nl/geonetwork/srv/dut/catalog.search#/metadata/19165027-a13a-4c19-9013-ec1fd191019d
10:56:08.045 [ForkJoinPool-1-worker-9] INFO  com.intuit.karate - [print] title:Geluidkaart hoofdspoornet 2016 (Lden)
10:56:08.045 [ForkJoinPool-1-worker-9] INFO  com.intuit.karate - [print] Geluidkaart hoofdspoornet 2016 (Lden)
10:56:08.051 [ForkJoinPool-1-worker-9] INFO  com.intuit.karate - [print] [
  "sylvia.koolmees@minienw.nl",
  "sylvia.koolmees@minienw.nl"
]

10:56:08.054 [ForkJoinPool-1-worker-9] INFO  com.intuit.karate - [print] organisation: [
  "Ministerie van IenW",
  "Ministerie van IenW"
]

10:56:08.060 [ForkJoinPool-1-worker-9] INFO  com.intuit.karate - [print] [
  "https://www.nationaalgeoregister.nl/geonetwork/srv/api/recordsc3c004ad-5387-4b00-a225-9afbcaa5d31b"
]

10:56:08.068 [ForkJoinPool-1-worker-9] INFO  com.intuit.karate - [print]
10:56:08.069 [ForkJoinPool-1-worker-9] INFO  com.intuit.karate - [print] testing xlinkurl:https://www.nationaalgeoregister.nl/geonetwork/srv/api/recordsc3c004ad-5387-4b00-a225-9afbcaa5d31b
10:56:08.168 [ForkJoinPool-1-worker-11] INFO  com.intuit.karate - [print]
10:56:08.172 [ForkJoinPool-1-worker-11] INFO  com.intuit.karate - [print] testing xlinkurl:http://kadaster/ed4caa3b-a49e-4a9a-8206-50a3cf451b9a
10:56:08.177 [ForkJoinPool-1-worker-11] ERROR com.intuit.karate - java.net.UnknownHostException: kadaster, http call failed after 3 milliseconds for URL: http://kadaster/ed4caa3b-a49e-4a9a-8206-50a3cf451b9a
10:56:08.178 [ForkJoinPool-1-worker-11] ERROR com.intuit.karate - http request failed: 
java.net.UnknownHostException: kadaster
10:56:08.179 [ForkJoinPool-1-worker-11] ERROR com.intuit.karate - feature call (loop) failed at index: 1
caller: classpath:InspireTest/ngr/datasetrecords/def/checkxlinkurl.template.feature
arg: {"link":"http://kadaster/ed4caa3b-a49e-4a9a-8206-50a3cf451b9a"}
checkxlinkurl.template.feature:14 - 
java.net.UnknownHostException: kadaster
10:56:08.226 [ForkJoinPool-1-worker-5] ERROR com.intuit.karate - javax.net.ssl.SSLException: Connection reset, http call failed after 357 milliseconds for URL: https://data.rivm.nl/inspire/id#722e3937-3e53-4048-97ef-1ced2c77f7dd
10:56:08.226 [ForkJoinPool-1-worker-5] ERROR com.intuit.karate - http request failed: 
javax.net.ssl.SSLException: Connection reset
10:56:08.226 [ForkJoinPool-1-worker-5] ERROR com.intuit.karate - feature call (loop) failed at index: 0
caller: classpath:InspireTest/ngr/datasetrecords/def/checkxlinkurl.template.feature
arg: {"link":"https://data.rivm.nl/inspire/id#722e3937-3e53-4048-97ef-1ced2c77f7dd"}
checkxlinkurl.template.feature:14 - 
javax.net.ssl.SSLException: Connection reset
10:56:08.265 [ForkJoinPool-1-worker-13] INFO  com.intuit.karate - [print]
10:56:08.266 [ForkJoinPool-1-worker-13] INFO  com.intuit.karate - [print] testing xlinkurl:https://data.overheid.nl/organisatie/PDOK
10:56:08.380 [ForkJoinPool-1-worker-7] INFO  com.intuit.karate - [print] title:Luchtfoto 2016 25cm CIR open data
10:56:08.381 [ForkJoinPool-1-worker-7] INFO  com.intuit.karate - [print] Luchtfoto 2016 25cm CIR open data
10:56:08.383 [ForkJoinPool-1-worker-7] INFO  com.intuit.karate - [print] [
  "PPB-GVA@kadaster.nl",
  "info@hetwaterschapshuis.nl",
  "kcc@kadaster.nl",
  "",
  "",
  "",
  "",
  "",
  ""
]

10:56:08.386 [ForkJoinPool-1-worker-7] INFO  com.intuit.karate - [print] organisation: [
  "Kadaster",
  "Het Waterschapshuis",
  "Kadaster",
  "Eurosense",
  "Eurosense",
  "Eurosense",
  "Kadaster",
  "Kadaster"
]

10:56:08.390 [ForkJoinPool-1-worker-7] INFO  com.intuit.karate - [print] [
  "http://kadaster/2482250f-3b00-4439-9f93-f3118229b015",
  "",
  "",
  ""
]

10:56:08.396 [ForkJoinPool-1-worker-7] INFO  com.intuit.karate - [print]
10:56:08.397 [ForkJoinPool-1-worker-7] INFO  com.intuit.karate - [print] testing xlinkurl:http://kadaster/2482250f-3b00-4439-9f93-f3118229b015
10:56:08.398 [ForkJoinPool-1-worker-7] ERROR com.intuit.karate - java.net.UnknownHostException: kadaster, http call failed after 0 milliseconds for URL: http://kadaster/2482250f-3b00-4439-9f93-f3118229b015
10:56:08.399 [ForkJoinPool-1-worker-7] ERROR com.intuit.karate - http request failed: 
java.net.UnknownHostException: kadaster
10:56:08.400 [ForkJoinPool-1-worker-7] ERROR com.intuit.karate - feature call (loop) failed at index: 0
caller: classpath:InspireTest/ngr/datasetrecords/def/checkxlinkurl.template.feature
arg: {"link":"http://kadaster/2482250f-3b00-4439-9f93-f3118229b015"}
checkxlinkurl.template.feature:14 - 
java.net.UnknownHostException: kadaster
10:56:08.402 [ForkJoinPool-1-worker-7] INFO  com.intuit.karate - [print]
10:56:08.403 [ForkJoinPool-1-worker-7] INFO  com.intuit.karate - [print] testing xlinkurl:
10:56:08.403 [ForkJoinPool-1-worker-7] ERROR com.intuit.karate - org.apache.http.client.ClientProtocolException, http call failed after 0 milliseconds for URL: 
10:56:08.404 [ForkJoinPool-1-worker-7] ERROR com.intuit.karate - http request failed: 
org.apache.http.client.ClientProtocolException
10:56:08.404 [ForkJoinPool-1-worker-7] ERROR com.intuit.karate - feature call (loop) failed at index: 1
caller: classpath:InspireTest/ngr/datasetrecords/def/checkxlinkurl.template.feature
arg: {"link":""}
checkxlinkurl.template.feature:14 - 
org.apache.http.client.ClientProtocolException
10:56:08.407 [ForkJoinPool-1-worker-7] INFO  com.intuit.karate - [print]
10:56:08.407 [ForkJoinPool-1-worker-7] INFO  com.intuit.karate - [print] testing xlinkurl:
10:56:08.407 [ForkJoinPool-1-worker-7] ERROR com.intuit.karate - org.apache.http.client.ClientProtocolException, http call failed after 0 milliseconds for URL: 
10:56:08.408 [ForkJoinPool-1-worker-7] ERROR com.intuit.karate - http request failed: 
org.apache.http.client.ClientProtocolException
10:56:08.408 [ForkJoinPool-1-worker-7] ERROR com.intuit.karate - feature call (loop) failed at index: 2
caller: classpath:InspireTest/ngr/datasetrecords/def/checkxlinkurl.template.feature
arg: {"link":""}
checkxlinkurl.template.feature:14 - 
org.apache.http.client.ClientProtocolException
10:56:08.408 [ForkJoinPool-1-worker-7] INFO  com.intuit.karate - [print]
10:56:08.410 [ForkJoinPool-1-worker-9] ERROR com.intuit.karate - assertion failed: path: $, actual: 500, expected: 200, reason: not equal (Integer)
10:56:08.410 [ForkJoinPool-1-worker-9] ERROR com.intuit.karate - feature call (loop) failed at index: 0
caller: classpath:InspireTest/ngr/datasetrecords/def/checkxlinkurl.template.feature
arg: {"link":"https://www.nationaalgeoregister.nl/geonetwork/srv/api/recordsc3c004ad-5387-4b00-a225-9afbcaa5d31b"}
checkxlinkurl.template.feature:22 - path: $, actual: 500, expected: 200, reason: not equal (Integer)
10:56:08.419 [ForkJoinPool-1-worker-7] INFO  com.intuit.karate - [print] testing xlinkurl:
10:56:08.420 [ForkJoinPool-1-worker-7] ERROR com.intuit.karate - org.apache.http.client.ClientProtocolException, http call failed after 0 milliseconds for URL: 
10:56:08.421 [ForkJoinPool-1-worker-7] ERROR com.intuit.karate - http request failed: 
org.apache.http.client.ClientProtocolException
10:56:08.422 [ForkJoinPool-1-worker-7] ERROR com.intuit.karate - feature call (loop) failed at index: 3
caller: classpath:InspireTest/ngr/datasetrecords/def/checkxlinkurl.template.feature
arg: {"link":""}
checkxlinkurl.template.feature:14 - 
org.apache.http.client.ClientProtocolException
10:56:08.575 [ForkJoinPool-1-worker-3] INFO  com.intuit.karate - [print] title:Vervoersnetwerken - Luchttransport (INSPIRE geharmoniseerd)
10:56:08.576 [ForkJoinPool-1-worker-3] INFO  com.intuit.karate - [print] Vervoersnetwerken - Luchttransport (INSPIRE geharmoniseerd)
10:56:08.578 [ForkJoinPool-1-worker-3] INFO  com.intuit.karate - [print] [
  "PPB-GVA@kadaster.nl",
  "kcc@kadaster.nl"
]

10:56:08.580 [ForkJoinPool-1-worker-3] INFO  com.intuit.karate - [print] organisation: [
  "Kadaster",
  "Kadaster"
]

10:56:08.586 [ForkJoinPool-1-worker-3] INFO  com.intuit.karate - [print] [
  "http://www.opengis.net/def/crs/EPSG/0/http://www.opengis.net/def/crs/EPSG/0/4258",
  "http://kadaster/3b7bb05b-2d2e-4329-9a72-0eac19e315de"
]

10:56:08.593 [ForkJoinPool-1-worker-3] INFO  com.intuit.karate - [print]
10:56:08.593 [ForkJoinPool-1-worker-3] INFO  com.intuit.karate - [print] testing xlinkurl:http://www.opengis.net/def/crs/EPSG/0/http://www.opengis.net/def/crs/EPSG/0/4258
10:56:08.906 [ForkJoinPool-1-worker-11] INFO  com.intuit.karate - [print] title:Olie- en gasvelden onder INSPIRE
10:56:08.906 [ForkJoinPool-1-worker-11] INFO  com.intuit.karate - [print] Olie- en gasvelden onder INSPIRE
10:56:08.908 [ForkJoinPool-1-worker-11] INFO  com.intuit.karate - [print] [
  "info@dinoloket.nl",
  "info@dinoloket.nl",
  "info@dinoloket.nl"
]

10:56:08.910 [ForkJoinPool-1-worker-11] INFO  com.intuit.karate - [print] organisation: [
  "TNO Geologische Dienst Nederland",
  "TNO Geologische Dienst Nederland",
  "TNO Geologische Dienst Nederland"
]

10:56:08.914 [ForkJoinPool-1-worker-11] INFO  com.intuit.karate - [print] [
  "https://nationaalgeoregister.nl/geonetwork/srv/resources49e49382-674d-4ce8-9f4a-ba4dd2265eef",
  "http://rdfdata.eionet.europa.eu/inspirethemes/themes/33",
  "http://geonetwork-opensource.org/inspire-theme#",
  "https://www.nationaalgeoregister.nl/geonetwork/srv/eng/thesaurus.download?ref=external.theme.inspire-theme"
]

10:56:08.920 [ForkJoinPool-1-worker-11] INFO  com.intuit.karate - [print]
10:56:08.920 [ForkJoinPool-1-worker-11] INFO  com.intuit.karate - [print] testing xlinkurl:https://nationaalgeoregister.nl/geonetwork/srv/resources49e49382-674d-4ce8-9f4a-ba4dd2265eef
10:56:08.942 [ForkJoinPool-1-worker-3] INFO  com.intuit.karate - [print]
10:56:08.942 [ForkJoinPool-1-worker-3] INFO  com.intuit.karate - [print] testing xlinkurl:http://kadaster/3b7bb05b-2d2e-4329-9a72-0eac19e315de
10:56:08.944 [ForkJoinPool-1-worker-3] ERROR com.intuit.karate - java.net.UnknownHostException: kadaster, http call failed after 1 milliseconds for URL: http://kadaster/3b7bb05b-2d2e-4329-9a72-0eac19e315de
10:56:08.944 [ForkJoinPool-1-worker-3] ERROR com.intuit.karate - http request failed: 
java.net.UnknownHostException: kadaster
10:56:08.944 [ForkJoinPool-1-worker-3] ERROR com.intuit.karate - feature call (loop) failed at index: 1
caller: classpath:InspireTest/ngr/datasetrecords/def/checkxlinkurl.template.feature
arg: {"link":"http://kadaster/3b7bb05b-2d2e-4329-9a72-0eac19e315de"}
checkxlinkurl.template.feature:14 - 
java.net.UnknownHostException: kadaster
10:56:09.006 [ForkJoinPool-1-worker-5] INFO  com.intuit.karate - [print] title:Vervoersnetwerken - Wegen (INSPIRE geharmoniseerd)
10:56:09.007 [ForkJoinPool-1-worker-5] INFO  com.intuit.karate - [print] Vervoersnetwerken - Wegen (INSPIRE geharmoniseerd)
10:56:09.008 [ForkJoinPool-1-worker-5] INFO  com.intuit.karate - [print] [
  "PPB-GVA@kadaster.nl",
  "kcc@kadaster.nl"
]

10:56:09.013 [ForkJoinPool-1-worker-5] INFO  com.intuit.karate - [print] organisation: [
  "Kadaster",
  "Kadaster"
]

10:56:09.018 [ForkJoinPool-1-worker-5] INFO  com.intuit.karate - [print] [
  "http://www.opengis.net/def/crs/EPSG/0/http://www.opengis.net/def/crs/EPSG/0/4258",
  "http://kadaster/df1a98c0-58ba-48ff-8825-b4fb6322c586"
]

10:56:09.032 [ForkJoinPool-1-worker-5] INFO  com.intuit.karate - [print]
10:56:09.033 [ForkJoinPool-1-worker-5] INFO  com.intuit.karate - [print] testing xlinkurl:http://www.opengis.net/def/crs/EPSG/0/http://www.opengis.net/def/crs/EPSG/0/4258
10:56:09.149 [ForkJoinPool-1-worker-9] INFO  com.intuit.karate - [print] title:Gemeten Fijn stof concentraties in buitenlucht.
10:56:09.152 [ForkJoinPool-1-worker-9] INFO  com.intuit.karate - [print] Gemeten Fijn stof concentraties in buitenlucht.
10:56:09.154 [ForkJoinPool-1-worker-9] INFO  com.intuit.karate - [print] [
  "geodata@rivm.nl",
  "geodata@rivm.nl"
]

10:56:09.156 [ForkJoinPool-1-worker-9] INFO  com.intuit.karate - [print] organisation: no organisationName found in dataset record
10:56:09.162 [ForkJoinPool-1-worker-9] INFO  com.intuit.karate - [print] [
  "https://data.rivm.nl/inspire/id#a3095f95-0ec7-46ff-ae14-ce2173e8fafa"
]

10:56:09.169 [ForkJoinPool-1-worker-9] INFO  com.intuit.karate - [print]
10:56:09.173 [ForkJoinPool-1-worker-9] INFO  com.intuit.karate - [print] testing xlinkurl:https://data.rivm.nl/inspire/id#a3095f95-0ec7-46ff-ae14-ce2173e8fafa
10:56:09.180 [ForkJoinPool-1-worker-7] INFO  com.intuit.karate - [print] title:Gemeten Stikstofdioxide concentraties in buitenlucht.
10:56:09.180 [ForkJoinPool-1-worker-7] INFO  com.intuit.karate - [print] Gemeten Stikstofdioxide concentraties in buitenlucht.
10:56:09.181 [ForkJoinPool-1-worker-7] INFO  com.intuit.karate - [print] [
  "geodata@rivm.nl",
  "geodata@rivm.nl"
]

10:56:09.182 [ForkJoinPool-1-worker-7] INFO  com.intuit.karate - [print] organisation: RIVM
10:56:09.185 [ForkJoinPool-1-worker-7] INFO  com.intuit.karate - [print] [
  "https://data.rivm.nl/inspire?id#505e9f1e-84bc-4856-9771-4295db998bb6"
]

10:56:09.190 [ForkJoinPool-1-worker-7] INFO  com.intuit.karate - [print]
10:56:09.190 [ForkJoinPool-1-worker-7] INFO  com.intuit.karate - [print] testing xlinkurl:https://data.rivm.nl/inspire?id#505e9f1e-84bc-4856-9771-4295db998bb6
10:56:09.214 [ForkJoinPool-1-worker-11] ERROR com.intuit.karate - assertion failed: path: $, actual: 404, expected: 200, reason: not equal (Integer)
10:56:09.215 [ForkJoinPool-1-worker-11] ERROR com.intuit.karate - feature call (loop) failed at index: 0
caller: classpath:InspireTest/ngr/datasetrecords/def/checkxlinkurl.template.feature
arg: {"link":"https://nationaalgeoregister.nl/geonetwork/srv/resources49e49382-674d-4ce8-9f4a-ba4dd2265eef"}
checkxlinkurl.template.feature:22 - path: $, actual: 404, expected: 200, reason: not equal (Integer)
10:56:09.217 [ForkJoinPool-1-worker-11] INFO  com.intuit.karate - [print]
10:56:09.218 [ForkJoinPool-1-worker-11] INFO  com.intuit.karate - [print] testing xlinkurl:http://rdfdata.eionet.europa.eu/inspirethemes/themes/33
10:56:09.327 [ForkJoinPool-1-worker-5] INFO  com.intuit.karate - [print]
10:56:09.328 [ForkJoinPool-1-worker-5] INFO  com.intuit.karate - [print] testing xlinkurl:http://kadaster/df1a98c0-58ba-48ff-8825-b4fb6322c586
10:56:09.330 [ForkJoinPool-1-worker-5] ERROR com.intuit.karate - java.net.UnknownHostException: kadaster, http call failed after 0 milliseconds for URL: http://kadaster/df1a98c0-58ba-48ff-8825-b4fb6322c586
10:56:09.331 [ForkJoinPool-1-worker-5] ERROR com.intuit.karate - http request failed: 
java.net.UnknownHostException: kadaster
10:56:09.331 [ForkJoinPool-1-worker-5] ERROR com.intuit.karate - feature call (loop) failed at index: 1
caller: classpath:InspireTest/ngr/datasetrecords/def/checkxlinkurl.template.feature
arg: {"link":"http://kadaster/df1a98c0-58ba-48ff-8825-b4fb6322c586"}
checkxlinkurl.template.feature:14 - 
java.net.UnknownHostException: kadaster
10:56:09.532 [ForkJoinPool-1-worker-9] ERROR com.intuit.karate - javax.net.ssl.SSLException: Connection reset, http call failed after 357 milliseconds for URL: https://data.rivm.nl/inspire/id#a3095f95-0ec7-46ff-ae14-ce2173e8fafa
10:56:09.532 [ForkJoinPool-1-worker-9] ERROR com.intuit.karate - http request failed: 
javax.net.ssl.SSLException: Connection reset
10:56:09.533 [ForkJoinPool-1-worker-9] ERROR com.intuit.karate - feature call (loop) failed at index: 0
caller: classpath:InspireTest/ngr/datasetrecords/def/checkxlinkurl.template.feature
arg: {"link":"https://data.rivm.nl/inspire/id#a3095f95-0ec7-46ff-ae14-ce2173e8fafa"}
checkxlinkurl.template.feature:14 - 
javax.net.ssl.SSLException: Connection reset
10:56:09.553 [ForkJoinPool-1-worker-7] ERROR com.intuit.karate - assertion failed: path: $, actual: 404, expected: 200, reason: not equal (Integer)
10:56:09.553 [ForkJoinPool-1-worker-7] ERROR com.intuit.karate - feature call (loop) failed at index: 0
caller: classpath:InspireTest/ngr/datasetrecords/def/checkxlinkurl.template.feature
arg: {"link":"https://data.rivm.nl/inspire?id#505e9f1e-84bc-4856-9771-4295db998bb6"}
checkxlinkurl.template.feature:22 - path: $, actual: 404, expected: 200, reason: not equal (Integer)
10:56:09.593 [ForkJoinPool-1-worker-13] ERROR com.intuit.karate - assertion failed: path: $, actual: 404, expected: 200, reason: not equal (Integer)
10:56:09.593 [ForkJoinPool-1-worker-13] ERROR com.intuit.karate - feature call (loop) failed at index: 1
caller: classpath:InspireTest/ngr/datasetrecords/def/checkxlinkurl.template.feature
arg: {"link":"https://data.overheid.nl/organisatie/PDOK"}
checkxlinkurl.template.feature:22 - path: $, actual: 404, expected: 200, reason: not equal (Integer)
10:56:09.624 [ForkJoinPool-1-worker-3] INFO  com.intuit.karate - [print] title:INSPIRE geharmoniseerde Beschermde Gebieden - Cultuur Historie
10:56:09.625 [ForkJoinPool-1-worker-3] INFO  com.intuit.karate - [print] INSPIRE geharmoniseerde Beschermde Gebieden - Cultuur Historie
10:56:09.628 [ForkJoinPool-1-worker-3] INFO  com.intuit.karate - [print] [
  "info@cultureelerfgoed.nl",
  "info@cultureelerfgoed.nl",
  "info@cultureelerfgoed.nl"
]

10:56:09.630 [ForkJoinPool-1-worker-3] INFO  com.intuit.karate - [print] organisation: [
  "Rijksdienst voor het Cultureel Erfgoed",
  "Rijksdienst voor het Cultureel Erfgoed",
  "Rijksdienst voor het Cultureel Erfgoed"
]

10:56:09.637 [ForkJoinPool-1-worker-3] INFO  com.intuit.karate - [print] [
  "https://monumentenregister.cultureelerfgoed.nl/sites/default/files/MRS/mrs-inspire.zip"
]

10:56:09.647 [ForkJoinPool-1-worker-3] INFO  com.intuit.karate - [print]
10:56:09.648 [ForkJoinPool-1-worker-3] INFO  com.intuit.karate - [print] testing xlinkurl:https://monumentenregister.cultureelerfgoed.nl/sites/default/files/MRS/mrs-inspire.zip
10:56:09.965 [ForkJoinPool-1-worker-11] ERROR com.intuit.karate - assertion failed: path: $, actual: 404, expected: 200, reason: not equal (Integer)
10:56:09.966 [ForkJoinPool-1-worker-11] ERROR com.intuit.karate - feature call (loop) failed at index: 1
caller: classpath:InspireTest/ngr/datasetrecords/def/checkxlinkurl.template.feature
arg: {"link":"http://rdfdata.eionet.europa.eu/inspirethemes/themes/33"}
checkxlinkurl.template.feature:22 - path: $, actual: 404, expected: 200, reason: not equal (Integer)
10:56:09.970 [ForkJoinPool-1-worker-11] INFO  com.intuit.karate - [print]
10:56:09.970 [ForkJoinPool-1-worker-11] INFO  com.intuit.karate - [print] testing xlinkurl:http://geonetwork-opensource.org/inspire-theme#
10:56:10.115 [ForkJoinPool-1-worker-5] INFO  com.intuit.karate - [print] title:Kadastrale Percelen (INSPIRE geharmoniseerd)
10:56:10.116 [ForkJoinPool-1-worker-5] INFO  com.intuit.karate - [print] Kadastrale Percelen (INSPIRE geharmoniseerd)
10:56:10.117 [ForkJoinPool-1-worker-5] INFO  com.intuit.karate - [print] [
  "PPB-GVA@kadaster.nl",
  "kcc@kadaster.nl",
  "",
  ""
]

10:56:10.119 [ForkJoinPool-1-worker-5] INFO  com.intuit.karate - [print] organisation: [
  "Kadaster",
  "Kadaster"
]

10:56:10.126 [ForkJoinPool-1-worker-5] INFO  com.intuit.karate - [print] [
  "http://www.opengis.net/def/crs/EPSG/0/http://www.opengis.net/def/crs/EPSG/0/4258",
  "http://kadaster/0f9b8c87-80a6-435f-b3b3-e07c3918d344"
]

10:56:10.133 [ForkJoinPool-1-worker-5] INFO  com.intuit.karate - [print]
10:56:10.134 [ForkJoinPool-1-worker-5] INFO  com.intuit.karate - [print] testing xlinkurl:http://www.opengis.net/def/crs/EPSG/0/http://www.opengis.net/def/crs/EPSG/0/4258
10:56:10.242 [ForkJoinPool-1-worker-9] INFO  com.intuit.karate - [print] title:Natuurlijke alfa activiteitsconcentratie in lucht Nationaal Meetnet Radioactiviteit 2011
10:56:10.243 [ForkJoinPool-1-worker-9] INFO  com.intuit.karate - [print] Natuurlijke alfa activiteitsconcentratie in lucht Nationaal Meetnet Radioactiviteit 2011
10:56:10.243 [ForkJoinPool-1-worker-9] INFO  com.intuit.karate - [print] [
  "geodata@rivm.nl",
  "",
  "geodata@rivm.nl"
]

10:56:10.244 [ForkJoinPool-1-worker-9] INFO  com.intuit.karate - [print] organisation: no organisationName found in dataset record
10:56:10.251 [ForkJoinPool-1-worker-9] INFO  com.intuit.karate - [print] [
  "https://data.rivm.nl/inspire/id#10fcd5a9-3804-48e3-bcbd-d816594dbb6f"
]

10:56:10.258 [ForkJoinPool-1-worker-9] INFO  com.intuit.karate - [print]
10:56:10.259 [ForkJoinPool-1-worker-9] INFO  com.intuit.karate - [print] testing xlinkurl:https://data.rivm.nl/inspire/id#10fcd5a9-3804-48e3-bcbd-d816594dbb6f
10:56:10.319 [ForkJoinPool-1-worker-7] INFO  com.intuit.karate - [print] title:Habitatrichtlijn verspreidingsgebied van soorten
10:56:10.320 [ForkJoinPool-1-worker-7] INFO  com.intuit.karate - [print] Habitatrichtlijn verspreidingsgebied van soorten
10:56:10.327 [ForkJoinPool-1-worker-7] INFO  com.intuit.karate - [print] [
  "geodatabeheer.giscc@rvo.nl",
  "GeoDesk.CGI@wur.nl",
  "geodatabeheer.giscc@rvo.nl",
  "beheerPDOK@kadaster.nl",
  "",
  "",
  ""
]

10:56:10.332 [ForkJoinPool-1-worker-7] INFO  com.intuit.karate - [print] organisation: [
  "Ministerie van Economische Zaken - GIS Competence Center",
  "Wageningen Environmental Research (Alterra)",
  "PDOK",
  "CBS",
  "Natuurloket",
  "pgo's"
]

10:56:10.336 [ForkJoinPool-1-worker-7] INFO  com.intuit.karate - [print] [
  "https://www.nationaalgeoregister.nl/geonetwork/srv/dut/catalog.search#/metadata/f273941e-9c3b-43bc-b886-2d50d0bf9348"
]

10:56:10.342 [ForkJoinPool-1-worker-7] INFO  com.intuit.karate - [print]
10:56:10.342 [ForkJoinPool-1-worker-7] INFO  com.intuit.karate - [print] testing xlinkurl:https://www.nationaalgeoregister.nl/geonetwork/srv/dut/catalog.search#/metadata/f273941e-9c3b-43bc-b886-2d50d0bf9348
10:56:10.375 [ForkJoinPool-1-worker-13] INFO  com.intuit.karate - [print] title:Population Distribution NL
10:56:10.376 [ForkJoinPool-1-worker-13] INFO  com.intuit.karate - [print] Population Distribution NL
10:56:10.377 [ForkJoinPool-1-worker-13] INFO  com.intuit.karate - [print] [
  "infoservice@cbs.nl",
  "infoservice@cbs.nl",
  "infoservice@cbs.nl",
  "",
  ""
]

10:56:10.378 [ForkJoinPool-1-worker-13] INFO  com.intuit.karate - [print] organisation: [
  "Statistics Netherlands",
  "Statistics Netherlands",
  "Statistics Netherlandds",
  "Statistics Netherlands"
]

10:56:10.380 [ForkJoinPool-1-worker-13] INFO  com.intuit.karate - [print] [
]

10:56:10.437 [ForkJoinPool-1-worker-5] INFO  com.intuit.karate - [print]
10:56:10.439 [ForkJoinPool-1-worker-5] INFO  com.intuit.karate - [print] testing xlinkurl:http://kadaster/0f9b8c87-80a6-435f-b3b3-e07c3918d344
10:56:10.440 [ForkJoinPool-1-worker-5] ERROR com.intuit.karate - java.net.UnknownHostException: kadaster, http call failed after 0 milliseconds for URL: http://kadaster/0f9b8c87-80a6-435f-b3b3-e07c3918d344
10:56:10.441 [ForkJoinPool-1-worker-5] ERROR com.intuit.karate - http request failed: 
java.net.UnknownHostException: kadaster
10:56:10.442 [ForkJoinPool-1-worker-5] ERROR com.intuit.karate - feature call (loop) failed at index: 1
caller: classpath:InspireTest/ngr/datasetrecords/def/checkxlinkurl.template.feature
arg: {"link":"http://kadaster/0f9b8c87-80a6-435f-b3b3-e07c3918d344"}
checkxlinkurl.template.feature:14 - 
java.net.UnknownHostException: kadaster
10:56:10.458 [ForkJoinPool-1-worker-3] ERROR com.intuit.karate - assertion failed: path: $, actual: 404, expected: 200, reason: not equal (Integer)
10:56:10.458 [ForkJoinPool-1-worker-3] ERROR com.intuit.karate - feature call (loop) failed at index: 0
caller: classpath:InspireTest/ngr/datasetrecords/def/checkxlinkurl.template.feature
arg: {"link":"https://monumentenregister.cultureelerfgoed.nl/sites/default/files/MRS/mrs-inspire.zip"}
checkxlinkurl.template.feature:22 - path: $, actual: 404, expected: 200, reason: not equal (Integer)
10:56:10.647 [ForkJoinPool-1-worker-9] ERROR com.intuit.karate - javax.net.ssl.SSLException: Connection reset, http call failed after 387 milliseconds for URL: https://data.rivm.nl/inspire/id#10fcd5a9-3804-48e3-bcbd-d816594dbb6f
10:56:10.647 [ForkJoinPool-1-worker-9] ERROR com.intuit.karate - http request failed: 
javax.net.ssl.SSLException: Connection reset
10:56:10.647 [ForkJoinPool-1-worker-9] ERROR com.intuit.karate - feature call (loop) failed at index: 0
caller: classpath:InspireTest/ngr/datasetrecords/def/checkxlinkurl.template.feature
arg: {"link":"https://data.rivm.nl/inspire/id#10fcd5a9-3804-48e3-bcbd-d816594dbb6f"}
checkxlinkurl.template.feature:14 - 
javax.net.ssl.SSLException: Connection reset
10:56:10.671 [ForkJoinPool-1-worker-11] ERROR com.intuit.karate - assertion failed: path: $, actual: 404, expected: 200, reason: not equal (Integer)
10:56:10.672 [ForkJoinPool-1-worker-11] ERROR com.intuit.karate - feature call (loop) failed at index: 2
caller: classpath:InspireTest/ngr/datasetrecords/def/checkxlinkurl.template.feature
arg: {"link":"http://geonetwork-opensource.org/inspire-theme#"}
checkxlinkurl.template.feature:22 - path: $, actual: 404, expected: 200, reason: not equal (Integer)
10:56:10.673 [ForkJoinPool-1-worker-11] INFO  com.intuit.karate - [print]
10:56:10.673 [ForkJoinPool-1-worker-11] INFO  com.intuit.karate - [print] testing xlinkurl:https://www.nationaalgeoregister.nl/geonetwork/srv/eng/thesaurus.download?ref=external.theme.inspire-theme
10:56:11.225 [ForkJoinPool-1-worker-9] INFO  com.intuit.karate - [print] title:Geluidbelasting rijkswegen in Nederland 2006 (24-uurs gemiddelde)
10:56:11.226 [ForkJoinPool-1-worker-9] INFO  com.intuit.karate - [print] Geluidbelasting rijkswegen in Nederland 2006 (24-uurs gemiddelde)
10:56:11.230 [ForkJoinPool-1-worker-11] ERROR com.intuit.karate - assertion failed: path: $, actual: 500, expected: 200, reason: not equal (Integer)
10:56:11.231 [ForkJoinPool-1-worker-11] ERROR com.intuit.karate - feature call (loop) failed at index: 3
caller: classpath:InspireTest/ngr/datasetrecords/def/checkxlinkurl.template.feature
arg: {"link":"https://www.nationaalgeoregister.nl/geonetwork/srv/eng/thesaurus.download?ref=external.theme.inspire-theme"}
checkxlinkurl.template.feature:22 - path: $, actual: 500, expected: 200, reason: not equal (Integer)
10:56:11.236 [ForkJoinPool-1-worker-9] INFO  com.intuit.karate - [print] [
  "servicedesk-data@rws.nl",
  "servicedesk-data@rws.nl",
  "servicedesk-data@rws.nl",
  "servicedesk-data@rws.nl",
  "servicedesk-data@rws.nl"
]

10:56:11.243 [ForkJoinPool-1-worker-13] INFO  com.intuit.karate - [print] title:Geografische Namen (Nat) - Nederland
10:56:11.243 [ForkJoinPool-1-worker-13] INFO  com.intuit.karate - [print] Geografische Namen (Nat) - Nederland
10:56:11.245 [ForkJoinPool-1-worker-13] INFO  com.intuit.karate - [print] [
  "data@hydro.nl",
  "data@hydro.nl",
  "data@hydro.nl",
  "",
  ""
]

10:56:11.247 [ForkJoinPool-1-worker-13] INFO  com.intuit.karate - [print] organisation: [
  "Ministerie van Defensie, Koninklijke Marine, Dienst der Hydrografie",
  "Ministerie van Defensie, Koninklijke Marine, Dienst der Hydrografie",
  "Ministerie van Defensie, Koninklijke Marine, Dienst der Hydrografie"
]

10:56:11.249 [ForkJoinPool-1-worker-9] INFO  com.intuit.karate - [print] organisation: [
  "Rijkswaterstaat",
  "Rijkswaterstaat",
  "Rijkswaterstaat",
  "Rijkswaterstaat",
  "Rijkswaterstaat"
]

10:56:11.254 [ForkJoinPool-1-worker-13] INFO  com.intuit.karate - [print] [
  "https://ngr.acceptatie.nationaalgeoregister.nl/geonetwork/srv/resources34e95842-4e4e-46de-9198-79e8cd4d30dc"
]

10:56:11.258 [ForkJoinPool-1-worker-9] INFO  com.intuit.karate - [print] [
  "u",
  "r",
  "n",
  ":",
  "o",
  "g",
  "c",
  ":",
  "d",
  "e",
  "f",
  ":",
  "c",
  "r",
  "s",
  ":",
  "E",
  "P",
  "S",
  "G",
  ":",
  ":",
  "5",
  "7",
  "0",
  "9"
]

10:56:11.264 [ForkJoinPool-1-worker-13] INFO  com.intuit.karate - [print]
10:56:11.266 [ForkJoinPool-1-worker-13] INFO  com.intuit.karate - [print] testing xlinkurl:https://ngr.acceptatie.nationaalgeoregister.nl/geonetwork/srv/resources34e95842-4e4e-46de-9198-79e8cd4d30dc
10:56:11.266 [ForkJoinPool-1-worker-9] INFO  com.intuit.karate - [print]
10:56:11.268 [ForkJoinPool-1-worker-9] INFO  com.intuit.karate - [print] testing xlinkurl:u
10:56:11.269 [ForkJoinPool-1-worker-9] ERROR com.intuit.karate - org.apache.http.client.ClientProtocolException, http call failed after 0 milliseconds for URL: u
10:56:11.269 [ForkJoinPool-1-worker-9] ERROR com.intuit.karate - http request failed: 
org.apache.http.client.ClientProtocolException
10:56:11.270 [ForkJoinPool-1-worker-9] ERROR com.intuit.karate - feature call (loop) failed at index: 0
caller: classpath:InspireTest/ngr/datasetrecords/def/checkxlinkurl.template.feature
arg: {"link":"u"}
checkxlinkurl.template.feature:14 - 
org.apache.http.client.ClientProtocolException
10:56:11.271 [ForkJoinPool-1-worker-9] INFO  com.intuit.karate - [print]
10:56:11.271 [ForkJoinPool-1-worker-9] INFO  com.intuit.karate - [print] testing xlinkurl:r
10:56:11.272 [ForkJoinPool-1-worker-9] ERROR com.intuit.karate - org.apache.http.client.ClientProtocolException, http call failed after 0 milliseconds for URL: r
10:56:11.272 [ForkJoinPool-1-worker-9] ERROR com.intuit.karate - http request failed: 
org.apache.http.client.ClientProtocolException
10:56:11.273 [ForkJoinPool-1-worker-9] ERROR com.intuit.karate - feature call (loop) failed at index: 1
caller: classpath:InspireTest/ngr/datasetrecords/def/checkxlinkurl.template.feature
arg: {"link":"r"}
checkxlinkurl.template.feature:14 - 
org.apache.http.client.ClientProtocolException
10:56:11.274 [ForkJoinPool-1-worker-9] INFO  com.intuit.karate - [print]
10:56:11.274 [ForkJoinPool-1-worker-9] INFO  com.intuit.karate - [print] testing xlinkurl:n
10:56:11.275 [ForkJoinPool-1-worker-9] ERROR com.intuit.karate - org.apache.http.client.ClientProtocolException, http call failed after 0 milliseconds for URL: n
10:56:11.275 [ForkJoinPool-1-worker-9] ERROR com.intuit.karate - http request failed: 
org.apache.http.client.ClientProtocolException
10:56:11.276 [ForkJoinPool-1-worker-9] ERROR com.intuit.karate - feature call (loop) failed at index: 2
caller: classpath:InspireTest/ngr/datasetrecords/def/checkxlinkurl.template.feature
arg: {"link":"n"}
checkxlinkurl.template.feature:14 - 
org.apache.http.client.ClientProtocolException
10:56:11.278 [ForkJoinPool-1-worker-9] INFO  com.intuit.karate - [print]
10:56:11.278 [ForkJoinPool-1-worker-9] INFO  com.intuit.karate - [print] testing xlinkurl::
10:56:11.279 [ForkJoinPool-1-worker-9] ERROR com.intuit.karate - http request failed: java.net.URISyntaxException: Expected scheme name at index 0: :
10:56:11.279 [ForkJoinPool-1-worker-9] ERROR com.intuit.karate - feature call (loop) failed at index: 3
caller: classpath:InspireTest/ngr/datasetrecords/def/checkxlinkurl.template.feature
arg: {"link":":"}
checkxlinkurl.template.feature:14 - java.net.URISyntaxException: Expected scheme name at index 0: :
10:56:11.281 [ForkJoinPool-1-worker-9] INFO  com.intuit.karate - [print]
10:56:11.281 [ForkJoinPool-1-worker-9] INFO  com.intuit.karate - [print] testing xlinkurl:o
10:56:11.283 [ForkJoinPool-1-worker-9] ERROR com.intuit.karate - org.apache.http.client.ClientProtocolException, http call failed after 0 milliseconds for URL: o
10:56:11.284 [ForkJoinPool-1-worker-9] ERROR com.intuit.karate - http request failed: 
org.apache.http.client.ClientProtocolException
10:56:11.284 [ForkJoinPool-1-worker-9] ERROR com.intuit.karate - feature call (loop) failed at index: 4
caller: classpath:InspireTest/ngr/datasetrecords/def/checkxlinkurl.template.feature
arg: {"link":"o"}
checkxlinkurl.template.feature:14 - 
org.apache.http.client.ClientProtocolException
10:56:11.286 [ForkJoinPool-1-worker-9] INFO  com.intuit.karate - [print]
10:56:11.286 [ForkJoinPool-1-worker-9] INFO  com.intuit.karate - [print] testing xlinkurl:g
10:56:11.287 [ForkJoinPool-1-worker-9] ERROR com.intuit.karate - org.apache.http.client.ClientProtocolException, http call failed after 0 milliseconds for URL: g
10:56:11.287 [ForkJoinPool-1-worker-9] ERROR com.intuit.karate - http request failed: 
org.apache.http.client.ClientProtocolException
10:56:11.288 [ForkJoinPool-1-worker-9] ERROR com.intuit.karate - feature call (loop) failed at index: 5
caller: classpath:InspireTest/ngr/datasetrecords/def/checkxlinkurl.template.feature
arg: {"link":"g"}
checkxlinkurl.template.feature:14 - 
org.apache.http.client.ClientProtocolException
10:56:11.289 [ForkJoinPool-1-worker-9] INFO  com.intuit.karate - [print]
10:56:11.290 [ForkJoinPool-1-worker-9] INFO  com.intuit.karate - [print] testing xlinkurl:c
10:56:11.290 [ForkJoinPool-1-worker-9] ERROR com.intuit.karate - org.apache.http.client.ClientProtocolException, http call failed after 0 milliseconds for URL: c
10:56:11.291 [ForkJoinPool-1-worker-9] ERROR com.intuit.karate - http request failed: 
org.apache.http.client.ClientProtocolException
10:56:11.291 [ForkJoinPool-1-worker-9] ERROR com.intuit.karate - feature call (loop) failed at index: 6
caller: classpath:InspireTest/ngr/datasetrecords/def/checkxlinkurl.template.feature
arg: {"link":"c"}
checkxlinkurl.template.feature:14 - 
org.apache.http.client.ClientProtocolException
10:56:11.298 [ForkJoinPool-1-worker-5] INFO  com.intuit.karate - [print] title:Actueel Hoogtebestand Nederland 1 (AHN1)
10:56:11.299 [ForkJoinPool-1-worker-5] INFO  com.intuit.karate - [print] Actueel Hoogtebestand Nederland 1 (AHN1)
10:56:11.300 [ForkJoinPool-1-worker-5] INFO  com.intuit.karate - [print] [
  "servicedesk-data@rijkswaterstaat.nl",
  "servicedesk-data@rijkswaterstaat.nl",
  "",
  "servicedesk-data@rijkswaterstaat.nl",
  "servicedesk-data@rijkswaterstaat.nl"
]

10:56:11.301 [ForkJoinPool-1-worker-9] INFO  com.intuit.karate - [print]
10:56:11.305 [ForkJoinPool-1-worker-9] INFO  com.intuit.karate - [print] testing xlinkurl::
10:56:11.305 [ForkJoinPool-1-worker-9] ERROR com.intuit.karate - http request failed: java.net.URISyntaxException: Expected scheme name at index 0: :
10:56:11.306 [ForkJoinPool-1-worker-9] ERROR com.intuit.karate - feature call (loop) failed at index: 7
caller: classpath:InspireTest/ngr/datasetrecords/def/checkxlinkurl.template.feature
arg: {"link":":"}
checkxlinkurl.template.feature:14 - java.net.URISyntaxException: Expected scheme name at index 0: :
10:56:11.306 [ForkJoinPool-1-worker-9] INFO  com.intuit.karate - [print]
10:56:11.307 [ForkJoinPool-1-worker-9] INFO  com.intuit.karate - [print] testing xlinkurl:d
10:56:11.307 [ForkJoinPool-1-worker-9] ERROR com.intuit.karate - org.apache.http.client.ClientProtocolException, http call failed after 0 milliseconds for URL: d
10:56:11.307 [ForkJoinPool-1-worker-9] ERROR com.intuit.karate - http request failed: 
org.apache.http.client.ClientProtocolException
10:56:11.307 [ForkJoinPool-1-worker-9] ERROR com.intuit.karate - feature call (loop) failed at index: 8
caller: classpath:InspireTest/ngr/datasetrecords/def/checkxlinkurl.template.feature
arg: {"link":"d"}
checkxlinkurl.template.feature:14 - 
org.apache.http.client.ClientProtocolException
10:56:11.308 [ForkJoinPool-1-worker-9] INFO  com.intuit.karate - [print]
10:56:11.308 [ForkJoinPool-1-worker-9] INFO  com.intuit.karate - [print] testing xlinkurl:e
10:56:11.309 [ForkJoinPool-1-worker-9] ERROR com.intuit.karate - org.apache.http.client.ClientProtocolException, http call failed after 0 milliseconds for URL: e
10:56:11.309 [ForkJoinPool-1-worker-9] ERROR com.intuit.karate - http request failed: 
org.apache.http.client.ClientProtocolException
10:56:11.309 [ForkJoinPool-1-worker-9] ERROR com.intuit.karate - feature call (loop) failed at index: 9
caller: classpath:InspireTest/ngr/datasetrecords/def/checkxlinkurl.template.feature
arg: {"link":"e"}
checkxlinkurl.template.feature:14 - 
org.apache.http.client.ClientProtocolException
10:56:11.310 [ForkJoinPool-1-worker-9] INFO  com.intuit.karate - [print]
10:56:11.311 [ForkJoinPool-1-worker-9] INFO  com.intuit.karate - [print] testing xlinkurl:f
10:56:11.312 [ForkJoinPool-1-worker-9] ERROR com.intuit.karate - org.apache.http.client.ClientProtocolException, http call failed after 0 milliseconds for URL: f
10:56:11.312 [ForkJoinPool-1-worker-9] ERROR com.intuit.karate - http request failed: 
org.apache.http.client.ClientProtocolException
10:56:11.312 [ForkJoinPool-1-worker-9] ERROR com.intuit.karate - feature call (loop) failed at index: 10
caller: classpath:InspireTest/ngr/datasetrecords/def/checkxlinkurl.template.feature
arg: {"link":"f"}
checkxlinkurl.template.feature:14 - 
org.apache.http.client.ClientProtocolException
10:56:11.312 [ForkJoinPool-1-worker-9] INFO  com.intuit.karate - [print]
10:56:11.313 [ForkJoinPool-1-worker-9] INFO  com.intuit.karate - [print] testing xlinkurl::
10:56:11.313 [ForkJoinPool-1-worker-9] ERROR com.intuit.karate - http request failed: java.net.URISyntaxException: Expected scheme name at index 0: :
10:56:11.313 [ForkJoinPool-1-worker-9] ERROR com.intuit.karate - feature call (loop) failed at index: 11
caller: classpath:InspireTest/ngr/datasetrecords/def/checkxlinkurl.template.feature
arg: {"link":":"}
checkxlinkurl.template.feature:14 - java.net.URISyntaxException: Expected scheme name at index 0: :
10:56:11.311 [ForkJoinPool-1-worker-5] INFO  com.intuit.karate - [print] organisation: [
  "Rijkswaterstaat",
  "stuurgroep AHN",
  "",
  "Rijkswaterstaat",
  "Rijkswaterstaat"
]

10:56:11.322 [ForkJoinPool-1-worker-9] INFO  com.intuit.karate - [print]
10:56:11.322 [ForkJoinPool-1-worker-9] INFO  com.intuit.karate - [print] testing xlinkurl:c
10:56:11.322 [ForkJoinPool-1-worker-9] ERROR com.intuit.karate - org.apache.http.client.ClientProtocolException, http call failed after 0 milliseconds for URL: c
10:56:11.326 [ForkJoinPool-1-worker-9] ERROR com.intuit.karate - http request failed: 
org.apache.http.client.ClientProtocolException
10:56:11.326 [ForkJoinPool-1-worker-9] ERROR com.intuit.karate - feature call (loop) failed at index: 12
caller: classpath:InspireTest/ngr/datasetrecords/def/checkxlinkurl.template.feature
arg: {"link":"c"}
checkxlinkurl.template.feature:14 - 
org.apache.http.client.ClientProtocolException
10:56:11.327 [ForkJoinPool-1-worker-9] INFO  com.intuit.karate - [print]
10:56:11.327 [ForkJoinPool-1-worker-9] INFO  com.intuit.karate - [print] testing xlinkurl:r
10:56:11.327 [ForkJoinPool-1-worker-9] ERROR com.intuit.karate - org.apache.http.client.ClientProtocolException, http call failed after 0 milliseconds for URL: r
10:56:11.328 [ForkJoinPool-1-worker-9] ERROR com.intuit.karate - http request failed: 
org.apache.http.client.ClientProtocolException
10:56:11.328 [ForkJoinPool-1-worker-9] ERROR com.intuit.karate - feature call (loop) failed at index: 13
caller: classpath:InspireTest/ngr/datasetrecords/def/checkxlinkurl.template.feature
arg: {"link":"r"}
checkxlinkurl.template.feature:14 - 
org.apache.http.client.ClientProtocolException
10:56:11.328 [ForkJoinPool-1-worker-9] INFO  com.intuit.karate - [print]
10:56:11.329 [ForkJoinPool-1-worker-9] INFO  com.intuit.karate - [print] testing xlinkurl:s
10:56:11.333 [ForkJoinPool-1-worker-9] ERROR com.intuit.karate - org.apache.http.client.ClientProtocolException, http call failed after 0 milliseconds for URL: s
10:56:11.333 [ForkJoinPool-1-worker-9] ERROR com.intuit.karate - http request failed: 
org.apache.http.client.ClientProtocolException
10:56:11.333 [ForkJoinPool-1-worker-9] ERROR com.intuit.karate - feature call (loop) failed at index: 14
caller: classpath:InspireTest/ngr/datasetrecords/def/checkxlinkurl.template.feature
arg: {"link":"s"}
checkxlinkurl.template.feature:14 - 
org.apache.http.client.ClientProtocolException
10:56:11.326 [ForkJoinPool-1-worker-5] INFO  com.intuit.karate - [print] [
  "https://www.nationaalgeoregister.nl/geonetwork/srv/dut/catalog.search#/metadata/5a1adb58-0bbe-425d-b0fe-577a6c0a4228",
  "http://rdfdata.eionet.europa.eu/inspirethemes/themes/10",
  "urn:ogc:def:crs:EPSG::5709"
]

10:56:11.341 [ForkJoinPool-1-worker-9] INFO  com.intuit.karate - [print]
10:56:11.342 [ForkJoinPool-1-worker-9] INFO  com.intuit.karate - [print] testing xlinkurl::
10:56:11.342 [ForkJoinPool-1-worker-9] ERROR com.intuit.karate - http request failed: java.net.URISyntaxException: Expected scheme name at index 0: :
10:56:11.342 [ForkJoinPool-1-worker-9] ERROR com.intuit.karate - feature call (loop) failed at index: 15
caller: classpath:InspireTest/ngr/datasetrecords/def/checkxlinkurl.template.feature
arg: {"link":":"}
checkxlinkurl.template.feature:14 - java.net.URISyntaxException: Expected scheme name at index 0: :
10:56:11.343 [ForkJoinPool-1-worker-9] INFO  com.intuit.karate - [print]
10:56:11.343 [ForkJoinPool-1-worker-5] INFO  com.intuit.karate - [print]
10:56:11.344 [ForkJoinPool-1-worker-5] INFO  com.intuit.karate - [print] testing xlinkurl:https://www.nationaalgeoregister.nl/geonetwork/srv/dut/catalog.search#/metadata/5a1adb58-0bbe-425d-b0fe-577a6c0a4228
10:56:11.343 [ForkJoinPool-1-worker-9] INFO  com.intuit.karate - [print] testing xlinkurl:E
10:56:11.345 [ForkJoinPool-1-worker-9] ERROR com.intuit.karate - org.apache.http.client.ClientProtocolException, http call failed after 0 milliseconds for URL: E
10:56:11.345 [ForkJoinPool-1-worker-9] ERROR com.intuit.karate - http request failed: 
org.apache.http.client.ClientProtocolException
10:56:11.345 [ForkJoinPool-1-worker-9] ERROR com.intuit.karate - feature call (loop) failed at index: 16
caller: classpath:InspireTest/ngr/datasetrecords/def/checkxlinkurl.template.feature
arg: {"link":"E"}
checkxlinkurl.template.feature:14 - 
org.apache.http.client.ClientProtocolException
10:56:11.345 [ForkJoinPool-1-worker-9] INFO  com.intuit.karate - [print]
10:56:11.352 [ForkJoinPool-1-worker-9] INFO  com.intuit.karate - [print] testing xlinkurl:P
10:56:11.350 [ForkJoinPool-1-worker-7] INFO  com.intuit.karate - [print] title:Geluidbelasting rijkswegen in Nederland 2011 (24-uurs gemiddelde)
10:56:11.352 [ForkJoinPool-1-worker-9] ERROR com.intuit.karate - org.apache.http.client.ClientProtocolException, http call failed after 0 milliseconds for URL: P
10:56:11.352 [ForkJoinPool-1-worker-9] ERROR com.intuit.karate - http request failed: 
org.apache.http.client.ClientProtocolException
10:56:11.353 [ForkJoinPool-1-worker-9] ERROR com.intuit.karate - feature call (loop) failed at index: 17
caller: classpath:InspireTest/ngr/datasetrecords/def/checkxlinkurl.template.feature
arg: {"link":"P"}
checkxlinkurl.template.feature:14 - 
org.apache.http.client.ClientProtocolException
10:56:11.353 [ForkJoinPool-1-worker-7] INFO  com.intuit.karate - [print] Geluidbelasting rijkswegen in Nederland 2011 (24-uurs gemiddelde)
10:56:11.358 [ForkJoinPool-1-worker-9] INFO  com.intuit.karate - [print]
10:56:11.358 [ForkJoinPool-1-worker-9] INFO  com.intuit.karate - [print] testing xlinkurl:S
10:56:11.359 [ForkJoinPool-1-worker-9] ERROR com.intuit.karate - org.apache.http.client.ClientProtocolException, http call failed after 0 milliseconds for URL: S
10:56:11.359 [ForkJoinPool-1-worker-9] ERROR com.intuit.karate - http request failed: 
org.apache.http.client.ClientProtocolException
10:56:11.359 [ForkJoinPool-1-worker-9] ERROR com.intuit.karate - feature call (loop) failed at index: 18
caller: classpath:InspireTest/ngr/datasetrecords/def/checkxlinkurl.template.feature
arg: {"link":"S"}
checkxlinkurl.template.feature:14 - 
org.apache.http.client.ClientProtocolException
10:56:11.360 [ForkJoinPool-1-worker-9] INFO  com.intuit.karate - [print]
10:56:11.360 [ForkJoinPool-1-worker-9] INFO  com.intuit.karate - [print] testing xlinkurl:G
10:56:11.360 [ForkJoinPool-1-worker-9] ERROR com.intuit.karate - org.apache.http.client.ClientProtocolException, http call failed after 0 milliseconds for URL: G
10:56:11.360 [ForkJoinPool-1-worker-9] ERROR com.intuit.karate - http request failed: 
org.apache.http.client.ClientProtocolException
10:56:11.360 [ForkJoinPool-1-worker-9] ERROR com.intuit.karate - feature call (loop) failed at index: 19
caller: classpath:InspireTest/ngr/datasetrecords/def/checkxlinkurl.template.feature
arg: {"link":"G"}
checkxlinkurl.template.feature:14 - 
org.apache.http.client.ClientProtocolException
10:56:11.361 [ForkJoinPool-1-worker-9] INFO  com.intuit.karate - [print]
10:56:11.361 [ForkJoinPool-1-worker-9] INFO  com.intuit.karate - [print] testing xlinkurl::
10:56:11.361 [ForkJoinPool-1-worker-9] ERROR com.intuit.karate - http request failed: java.net.URISyntaxException: Expected scheme name at index 0: :
10:56:11.362 [ForkJoinPool-1-worker-9] ERROR com.intuit.karate - feature call (loop) failed at index: 20
caller: classpath:InspireTest/ngr/datasetrecords/def/checkxlinkurl.template.feature
arg: {"link":":"}
checkxlinkurl.template.feature:14 - java.net.URISyntaxException: Expected scheme name at index 0: :
10:56:11.365 [ForkJoinPool-1-worker-9] INFO  com.intuit.karate - [print]
10:56:11.366 [ForkJoinPool-1-worker-9] INFO  com.intuit.karate - [print] testing xlinkurl::
10:56:11.366 [ForkJoinPool-1-worker-9] ERROR com.intuit.karate - http request failed: java.net.URISyntaxException: Expected scheme name at index 0: :
10:56:11.366 [ForkJoinPool-1-worker-9] ERROR com.intuit.karate - feature call (loop) failed at index: 21
caller: classpath:InspireTest/ngr/datasetrecords/def/checkxlinkurl.template.feature
arg: {"link":":"}
checkxlinkurl.template.feature:14 - java.net.URISyntaxException: Expected scheme name at index 0: :
10:56:11.367 [ForkJoinPool-1-worker-9] INFO  com.intuit.karate - [print]
10:56:11.367 [ForkJoinPool-1-worker-9] INFO  com.intuit.karate - [print] testing xlinkurl:5
10:56:11.367 [ForkJoinPool-1-worker-7] INFO  com.intuit.karate - [print] [
  "servicedesk-data@rijkswaterstaat.nl",
  "servicedesk-data@rijkswaterstaat.nl",
  "",
  "servicedesk-data@rijkswaterstaat.nl",
  "servicedesk-data@rijkswaterstaat.nl"
]

10:56:11.367 [ForkJoinPool-1-worker-9] ERROR com.intuit.karate - org.apache.http.client.ClientProtocolException, http call failed after 0 milliseconds for URL: 5
10:56:11.367 [ForkJoinPool-1-worker-9] ERROR com.intuit.karate - http request failed: 
org.apache.http.client.ClientProtocolException
10:56:11.367 [ForkJoinPool-1-worker-9] ERROR com.intuit.karate - feature call (loop) failed at index: 22
caller: classpath:InspireTest/ngr/datasetrecords/def/checkxlinkurl.template.feature
arg: {"link":"5"}
checkxlinkurl.template.feature:14 - 
org.apache.http.client.ClientProtocolException
10:56:11.368 [ForkJoinPool-1-worker-7] INFO  com.intuit.karate - [print] organisation: [
  "Rijkswaterstaat",
  "Rijkswaterstaat",
  "",
  "Rijkswaterstaat",
  "Rijkswaterstaat"
]

10:56:11.369 [ForkJoinPool-1-worker-9] INFO  com.intuit.karate - [print]
10:56:11.369 [ForkJoinPool-1-worker-9] INFO  com.intuit.karate - [print] testing xlinkurl:7
10:56:11.369 [ForkJoinPool-1-worker-9] ERROR com.intuit.karate - org.apache.http.client.ClientProtocolException, http call failed after 0 milliseconds for URL: 7
10:56:11.370 [ForkJoinPool-1-worker-9] ERROR com.intuit.karate - http request failed: 
org.apache.http.client.ClientProtocolException
10:56:11.370 [ForkJoinPool-1-worker-9] ERROR com.intuit.karate - feature call (loop) failed at index: 23
caller: classpath:InspireTest/ngr/datasetrecords/def/checkxlinkurl.template.feature
arg: {"link":"7"}
checkxlinkurl.template.feature:14 - 
org.apache.http.client.ClientProtocolException
10:56:11.375 [ForkJoinPool-1-worker-9] INFO  com.intuit.karate - [print]
10:56:11.376 [ForkJoinPool-1-worker-7] INFO  com.intuit.karate - [print] [
  "https://www.nationaalgeoregister.nl/geonetwork/srv/dut/catalog.search#/metadata/8de2f5eb-b09f-4f6d-8397-8878a1b86238",
  "http://rdfdata.eionet.europa.eu/inspirethemes/themes/18",
  "https://ngr.geocat.live/geonetwork/srv/eng/thesaurus.download?ref=external.theme.httpinspireeceuropaeumetadatacodelistPrioritydataset-Prioritydataset",
  "urn:ogc:def:crs:EPSG::5709"
]

10:56:11.381 [ForkJoinPool-1-worker-9] INFO  com.intuit.karate - [print] testing xlinkurl:0
10:56:11.382 [ForkJoinPool-1-worker-9] ERROR com.intuit.karate - org.apache.http.client.ClientProtocolException, http call failed after 0 milliseconds for URL: 0
10:56:11.382 [ForkJoinPool-1-worker-9] ERROR com.intuit.karate - http request failed: 
org.apache.http.client.ClientProtocolException
10:56:11.382 [ForkJoinPool-1-worker-9] ERROR com.intuit.karate - feature call (loop) failed at index: 24
caller: classpath:InspireTest/ngr/datasetrecords/def/checkxlinkurl.template.feature
arg: {"link":"0"}
checkxlinkurl.template.feature:14 - 
org.apache.http.client.ClientProtocolException
10:56:11.383 [ForkJoinPool-1-worker-9] INFO  com.intuit.karate - [print]
10:56:11.383 [ForkJoinPool-1-worker-9] INFO  com.intuit.karate - [print] testing xlinkurl:9
10:56:11.383 [ForkJoinPool-1-worker-9] ERROR com.intuit.karate - org.apache.http.client.ClientProtocolException, http call failed after 0 milliseconds for URL: 9
10:56:11.383 [ForkJoinPool-1-worker-9] ERROR com.intuit.karate - http request failed: 
org.apache.http.client.ClientProtocolException
10:56:11.384 [ForkJoinPool-1-worker-9] ERROR com.intuit.karate - feature call (loop) failed at index: 25
caller: classpath:InspireTest/ngr/datasetrecords/def/checkxlinkurl.template.feature
arg: {"link":"9"}
checkxlinkurl.template.feature:14 - 
org.apache.http.client.ClientProtocolException
10:56:11.396 [ForkJoinPool-1-worker-7] INFO  com.intuit.karate - [print]
10:56:11.396 [ForkJoinPool-1-worker-7] INFO  com.intuit.karate - [print] testing xlinkurl:https://www.nationaalgeoregister.nl/geonetwork/srv/dut/catalog.search#/metadata/8de2f5eb-b09f-4f6d-8397-8878a1b86238
10:56:11.401 [ForkJoinPool-1-worker-3] INFO  com.intuit.karate - [print] title:Actueel Hoogtebestand Nederland 2 (AHN2)
10:56:11.401 [ForkJoinPool-1-worker-3] INFO  com.intuit.karate - [print] Actueel Hoogtebestand Nederland 2 (AHN2)
10:56:11.411 [ForkJoinPool-1-worker-3] INFO  com.intuit.karate - [print] [
  "servicedesk-data@rijkswaterstaat.nl",
  "servicedesk-data@rijkswaterstaat.nl",
  "",
  "servicedesk-data@rijkswaterstaat.nl",
  "servicedesk-data@rijkswaterstaat.nl"
]

10:56:11.413 [ForkJoinPool-1-worker-3] INFO  com.intuit.karate - [print] organisation: [
  "Rijkswaterstaat",
  "stuurgroep AHN",
  "",
  "Rijkswaterstaat",
  "Rijkswaterstaat"
]

10:56:11.417 [ForkJoinPool-1-worker-3] INFO  com.intuit.karate - [print] [
  "https://www.nationaalgeoregister.nl/geonetwork/srv/dut/catalog.search#/metadata/7939fd42-cf88-42c5-ab3b-232cf232a3ac",
  "http://rdfdata.eionet.europa.eu/inspirethemes/themes/10",
  "urn:ogc:def:crs:EPSG::5709"
]

10:56:11.424 [ForkJoinPool-1-worker-3] INFO  com.intuit.karate - [print]
10:56:11.426 [ForkJoinPool-1-worker-3] INFO  com.intuit.karate - [print] testing xlinkurl:https://www.nationaalgeoregister.nl/geonetwork/srv/dut/catalog.search#/metadata/7939fd42-cf88-42c5-ab3b-232cf232a3ac
10:56:11.680 [ForkJoinPool-1-worker-5] INFO  com.intuit.karate - [print]
10:56:11.681 [ForkJoinPool-1-worker-5] INFO  com.intuit.karate - [print] testing xlinkurl:http://rdfdata.eionet.europa.eu/inspirethemes/themes/10
10:56:11.715 [ForkJoinPool-1-worker-13] ERROR com.intuit.karate - assertion failed: path: $, actual: 404, expected: 200, reason: not equal (Integer)
10:56:11.716 [ForkJoinPool-1-worker-13] ERROR com.intuit.karate - feature call (loop) failed at index: 0
caller: classpath:InspireTest/ngr/datasetrecords/def/checkxlinkurl.template.feature
arg: {"link":"https://ngr.acceptatie.nationaalgeoregister.nl/geonetwork/srv/resources34e95842-4e4e-46de-9198-79e8cd4d30dc"}
checkxlinkurl.template.feature:22 - path: $, actual: 404, expected: 200, reason: not equal (Integer)
10:56:11.771 [ForkJoinPool-1-worker-7] INFO  com.intuit.karate - [print]
10:56:11.772 [ForkJoinPool-1-worker-7] INFO  com.intuit.karate - [print] testing xlinkurl:http://rdfdata.eionet.europa.eu/inspirethemes/themes/18
10:56:11.785 [ForkJoinPool-1-worker-3] INFO  com.intuit.karate - [print]
10:56:11.785 [ForkJoinPool-1-worker-3] INFO  com.intuit.karate - [print] testing xlinkurl:http://rdfdata.eionet.europa.eu/inspirethemes/themes/10
10:56:11.949 [ForkJoinPool-1-worker-11] INFO  com.intuit.karate - [print] title:Hydrografie - Netwerk (INSPIRE geharmoniseerd) - WT
10:56:11.955 [ForkJoinPool-1-worker-11] INFO  com.intuit.karate - [print] Hydrografie - Netwerk (INSPIRE geharmoniseerd) - WT
10:56:11.957 [ForkJoinPool-1-worker-11] INFO  com.intuit.karate - [print] [
  "servicedesk-data@rijkswaterstaat.nl",
  "servicedesk-data@rijkswaterstaat.nl",
  "",
  "servicedesk-data@rijkswaterstaat.nl",
  "info@wetransform.to"
]

10:56:11.961 [ForkJoinPool-1-worker-11] INFO  com.intuit.karate - [print] organisation: [
  "Rijkswaterstaat",
  "Rijkswaterstaat",
  "",
  "Rijkswaterstaat",
  "Wetransform"
]

10:56:11.964 [ForkJoinPool-1-worker-11] INFO  com.intuit.karate - [print] [
  "https://www.nationaalgeoregister.nl/geonetwork/srv/dut/catalog.search#/metadata/eu-f297898-2640-44c2-bbe9-c0480da83794",
  "http://rdfdata.eionet.europa.eu/inspirethemes/themes/8",
  "urn:ogc:def:crs:EPSG::5709"
]

10:56:11.971 [ForkJoinPool-1-worker-11] INFO  com.intuit.karate - [print]
10:56:11.972 [ForkJoinPool-1-worker-11] INFO  com.intuit.karate - [print] testing xlinkurl:https://www.nationaalgeoregister.nl/geonetwork/srv/dut/catalog.search#/metadata/eu-f297898-2640-44c2-bbe9-c0480da83794
10:56:11.983 [ForkJoinPool-1-worker-7] ERROR com.intuit.karate - assertion failed: path: $, actual: 404, expected: 200, reason: not equal (Integer)
10:56:11.984 [ForkJoinPool-1-worker-7] ERROR com.intuit.karate - feature call (loop) failed at index: 1
caller: classpath:InspireTest/ngr/datasetrecords/def/checkxlinkurl.template.feature
arg: {"link":"http://rdfdata.eionet.europa.eu/inspirethemes/themes/18"}
checkxlinkurl.template.feature:22 - path: $, actual: 404, expected: 200, reason: not equal (Integer)
10:56:11.985 [ForkJoinPool-1-worker-7] INFO  com.intuit.karate - [print]
10:56:11.985 [ForkJoinPool-1-worker-7] INFO  com.intuit.karate - [print] testing xlinkurl:https://ngr.geocat.live/geonetwork/srv/eng/thesaurus.download?ref=external.theme.httpinspireeceuropaeumetadatacodelistPrioritydataset-Prioritydataset
10:56:12.030 [ForkJoinPool-1-worker-9] INFO  com.intuit.karate - [print] title:Kaderrichtlijn Water - Register Beschermd Gebied - Schelpdierwater 2008
10:56:12.030 [ForkJoinPool-1-worker-9] INFO  com.intuit.karate - [print] Kaderrichtlijn Water - Register Beschermd Gebied - Schelpdierwater 2008
10:56:12.031 [ForkJoinPool-1-worker-9] INFO  com.intuit.karate - [print] [
  "servicedesk-data@rijkswaterstaat.nl",
  "servicedesk-data@rijkswaterstaat.nl",
  "",
  "servicedesk-data@rijkswaterstaat.nl",
  "servicedesk-data@rijkswaterstaat.nl"
]

10:56:12.032 [ForkJoinPool-1-worker-9] INFO  com.intuit.karate - [print] organisation: [
  "Rijkswaterstaat",
  "Rijkswaterstaat",
  "",
  "Rijkswaterstaat",
  "Rijkswaterstaat"
]

10:56:12.037 [ForkJoinPool-1-worker-9] INFO  com.intuit.karate - [print] [
  "https://www.nationaalgeoregister.nl/geonetwork/srv/dut/catalog.search#/metadata/4783ea4f-6b8c-4600-8af0-516f3556cfe9",
  "http://rdfdata.eionet.europa.eu/inspirethemes/themes/24",
  "",
  "",
  "",
  "urn:ogc:def:crs:EPSG::5709"
]

10:56:12.044 [ForkJoinPool-1-worker-9] INFO  com.intuit.karate - [print]
10:56:12.044 [ForkJoinPool-1-worker-9] INFO  com.intuit.karate - [print] testing xlinkurl:https://www.nationaalgeoregister.nl/geonetwork/srv/dut/catalog.search#/metadata/4783ea4f-6b8c-4600-8af0-516f3556cfe9
10:56:12.226 [ForkJoinPool-1-worker-5] ERROR com.intuit.karate - assertion failed: path: $, actual: 404, expected: 200, reason: not equal (Integer)
10:56:12.226 [ForkJoinPool-1-worker-5] ERROR com.intuit.karate - feature call (loop) failed at index: 1
caller: classpath:InspireTest/ngr/datasetrecords/def/checkxlinkurl.template.feature
arg: {"link":"http://rdfdata.eionet.europa.eu/inspirethemes/themes/10"}
checkxlinkurl.template.feature:22 - path: $, actual: 404, expected: 200, reason: not equal (Integer)
10:56:12.227 [ForkJoinPool-1-worker-5] INFO  com.intuit.karate - [print]
10:56:12.228 [ForkJoinPool-1-worker-5] INFO  com.intuit.karate - [print] testing xlinkurl:urn:ogc:def:crs:EPSG::5709
10:56:12.228 [ForkJoinPool-1-worker-5] ERROR com.intuit.karate - org.apache.http.client.ClientProtocolException: URI does not specify a valid host name: urn:ogc:def:crs:EPSG::5709, http call failed after 0 milliseconds for URL: urn:ogc:def:crs:EPSG::5709
10:56:12.228 [ForkJoinPool-1-worker-5] ERROR com.intuit.karate - http request failed: 
org.apache.http.client.ClientProtocolException: URI does not specify a valid host name: urn:ogc:def:crs:EPSG::5709
10:56:12.228 [ForkJoinPool-1-worker-5] ERROR com.intuit.karate - feature call (loop) failed at index: 2
caller: classpath:InspireTest/ngr/datasetrecords/def/checkxlinkurl.template.feature
arg: {"link":"urn:ogc:def:crs:EPSG::5709"}
checkxlinkurl.template.feature:14 - 
org.apache.http.client.ClientProtocolException: URI does not specify a valid host name: urn:ogc:def:crs:EPSG::5709
10:56:12.305 [ForkJoinPool-1-worker-11] INFO  com.intuit.karate - [print]
10:56:12.306 [ForkJoinPool-1-worker-11] INFO  com.intuit.karate - [print] testing xlinkurl:http://rdfdata.eionet.europa.eu/inspirethemes/themes/8
10:56:12.324 [ForkJoinPool-1-worker-7] ERROR com.intuit.karate - assertion failed: path: $, actual: 500, expected: 200, reason: not equal (Integer)
10:56:12.326 [ForkJoinPool-1-worker-13] INFO  com.intuit.karate - [print] title:Gemeten Koolstofmonoxide concentraties in buitenlucht.
10:56:12.328 [ForkJoinPool-1-worker-7] ERROR com.intuit.karate - feature call (loop) failed at index: 2
caller: classpath:InspireTest/ngr/datasetrecords/def/checkxlinkurl.template.feature
arg: {"link":"https://ngr.geocat.live/geonetwork/srv/eng/thesaurus.download?ref=external.theme.httpinspireeceuropaeumetadatacodelistPrioritydataset-Prioritydataset"}
checkxlinkurl.template.feature:22 - path: $, actual: 500, expected: 200, reason: not equal (Integer)
10:56:12.331 [ForkJoinPool-1-worker-7] INFO  com.intuit.karate - [print]
10:56:12.332 [ForkJoinPool-1-worker-7] INFO  com.intuit.karate - [print] testing xlinkurl:urn:ogc:def:crs:EPSG::5709
10:56:12.333 [ForkJoinPool-1-worker-7] ERROR com.intuit.karate - org.apache.http.client.ClientProtocolException: URI does not specify a valid host name: urn:ogc:def:crs:EPSG::5709, http call failed after 0 milliseconds for URL: urn:ogc:def:crs:EPSG::5709
10:56:12.335 [ForkJoinPool-1-worker-7] ERROR com.intuit.karate - http request failed: 
org.apache.http.client.ClientProtocolException: URI does not specify a valid host name: urn:ogc:def:crs:EPSG::5709
10:56:12.336 [ForkJoinPool-1-worker-7] ERROR com.intuit.karate - feature call (loop) failed at index: 3
caller: classpath:InspireTest/ngr/datasetrecords/def/checkxlinkurl.template.feature
arg: {"link":"urn:ogc:def:crs:EPSG::5709"}
checkxlinkurl.template.feature:14 - 
org.apache.http.client.ClientProtocolException: URI does not specify a valid host name: urn:ogc:def:crs:EPSG::5709
10:56:12.333 [ForkJoinPool-1-worker-13] INFO  com.intuit.karate - [print] Gemeten Koolstofmonoxide concentraties in buitenlucht.
10:56:12.344 [ForkJoinPool-1-worker-13] INFO  com.intuit.karate - [print] [
  "geodata@rivm.nl",
  "geodata@rivm.nl"
]

10:56:12.346 [ForkJoinPool-1-worker-13] INFO  com.intuit.karate - [print] organisation: RIVM
10:56:12.349 [ForkJoinPool-1-worker-13] INFO  com.intuit.karate - [print] [
  "https://data.rivm.nl/inspire/id#a3b9f437-f571-4a00-b3c3-58e4354c244f"
]

10:56:12.367 [ForkJoinPool-1-worker-13] INFO  com.intuit.karate - [print]
10:56:12.367 [ForkJoinPool-1-worker-13] INFO  com.intuit.karate - [print] testing xlinkurl:https://data.rivm.nl/inspire/id#a3b9f437-f571-4a00-b3c3-58e4354c244f
10:56:12.374 [ForkJoinPool-1-worker-9] INFO  com.intuit.karate - [print]
10:56:12.375 [ForkJoinPool-1-worker-9] INFO  com.intuit.karate - [print] testing xlinkurl:http://rdfdata.eionet.europa.eu/inspirethemes/themes/24
10:56:12.509 [ForkJoinPool-1-worker-11] ERROR com.intuit.karate - assertion failed: path: $, actual: 404, expected: 200, reason: not equal (Integer)
10:56:12.509 [ForkJoinPool-1-worker-11] ERROR com.intuit.karate - feature call (loop) failed at index: 1
caller: classpath:InspireTest/ngr/datasetrecords/def/checkxlinkurl.template.feature
arg: {"link":"http://rdfdata.eionet.europa.eu/inspirethemes/themes/8"}
checkxlinkurl.template.feature:22 - path: $, actual: 404, expected: 200, reason: not equal (Integer)
10:56:12.511 [ForkJoinPool-1-worker-11] INFO  com.intuit.karate - [print]
10:56:12.512 [ForkJoinPool-1-worker-11] INFO  com.intuit.karate - [print] testing xlinkurl:urn:ogc:def:crs:EPSG::5709
10:56:12.513 [ForkJoinPool-1-worker-11] ERROR com.intuit.karate - org.apache.http.client.ClientProtocolException: URI does not specify a valid host name: urn:ogc:def:crs:EPSG::5709, http call failed after 0 milliseconds for URL: urn:ogc:def:crs:EPSG::5709
10:56:12.513 [ForkJoinPool-1-worker-11] ERROR com.intuit.karate - http request failed: 
org.apache.http.client.ClientProtocolException: URI does not specify a valid host name: urn:ogc:def:crs:EPSG::5709
10:56:12.513 [ForkJoinPool-1-worker-11] ERROR com.intuit.karate - feature call (loop) failed at index: 2
caller: classpath:InspireTest/ngr/datasetrecords/def/checkxlinkurl.template.feature
arg: {"link":"urn:ogc:def:crs:EPSG::5709"}
checkxlinkurl.template.feature:14 - 
org.apache.http.client.ClientProtocolException: URI does not specify a valid host name: urn:ogc:def:crs:EPSG::5709
10:56:12.578 [ForkJoinPool-1-worker-9] ERROR com.intuit.karate - assertion failed: path: $, actual: 404, expected: 200, reason: not equal (Integer)
10:56:12.579 [ForkJoinPool-1-worker-9] ERROR com.intuit.karate - feature call (loop) failed at index: 1
caller: classpath:InspireTest/ngr/datasetrecords/def/checkxlinkurl.template.feature
arg: {"link":"http://rdfdata.eionet.europa.eu/inspirethemes/themes/24"}
checkxlinkurl.template.feature:22 - path: $, actual: 404, expected: 200, reason: not equal (Integer)
10:56:12.580 [ForkJoinPool-1-worker-9] INFO  com.intuit.karate - [print]
10:56:12.580 [ForkJoinPool-1-worker-9] INFO  com.intuit.karate - [print] testing xlinkurl:
10:56:12.580 [ForkJoinPool-1-worker-9] ERROR com.intuit.karate - org.apache.http.client.ClientProtocolException, http call failed after 0 milliseconds for URL: 
10:56:12.580 [ForkJoinPool-1-worker-9] ERROR com.intuit.karate - http request failed: 
org.apache.http.client.ClientProtocolException
10:56:12.581 [ForkJoinPool-1-worker-9] ERROR com.intuit.karate - feature call (loop) failed at index: 2
caller: classpath:InspireTest/ngr/datasetrecords/def/checkxlinkurl.template.feature
arg: {"link":""}
checkxlinkurl.template.feature:14 - 
org.apache.http.client.ClientProtocolException
10:56:12.581 [ForkJoinPool-1-worker-9] INFO  com.intuit.karate - [print]
10:56:12.582 [ForkJoinPool-1-worker-9] INFO  com.intuit.karate - [print] testing xlinkurl:
10:56:12.582 [ForkJoinPool-1-worker-9] ERROR com.intuit.karate - org.apache.http.client.ClientProtocolException, http call failed after 0 milliseconds for URL: 
10:56:12.582 [ForkJoinPool-1-worker-9] ERROR com.intuit.karate - http request failed: 
org.apache.http.client.ClientProtocolException
10:56:12.582 [ForkJoinPool-1-worker-9] ERROR com.intuit.karate - feature call (loop) failed at index: 3
caller: classpath:InspireTest/ngr/datasetrecords/def/checkxlinkurl.template.feature
arg: {"link":""}
checkxlinkurl.template.feature:14 - 
org.apache.http.client.ClientProtocolException
10:56:12.583 [ForkJoinPool-1-worker-9] INFO  com.intuit.karate - [print]
10:56:12.583 [ForkJoinPool-1-worker-9] INFO  com.intuit.karate - [print] testing xlinkurl:
10:56:12.583 [ForkJoinPool-1-worker-9] ERROR com.intuit.karate - org.apache.http.client.ClientProtocolException, http call failed after 0 milliseconds for URL: 
10:56:12.583 [ForkJoinPool-1-worker-9] ERROR com.intuit.karate - http request failed: 
org.apache.http.client.ClientProtocolException
10:56:12.583 [ForkJoinPool-1-worker-9] ERROR com.intuit.karate - feature call (loop) failed at index: 4
caller: classpath:InspireTest/ngr/datasetrecords/def/checkxlinkurl.template.feature
arg: {"link":""}
checkxlinkurl.template.feature:14 - 
org.apache.http.client.ClientProtocolException
10:56:12.584 [ForkJoinPool-1-worker-9] INFO  com.intuit.karate - [print]
10:56:12.584 [ForkJoinPool-1-worker-9] INFO  com.intuit.karate - [print] testing xlinkurl:urn:ogc:def:crs:EPSG::5709
10:56:12.585 [ForkJoinPool-1-worker-9] ERROR com.intuit.karate - org.apache.http.client.ClientProtocolException: URI does not specify a valid host name: urn:ogc:def:crs:EPSG::5709, http call failed after 0 milliseconds for URL: urn:ogc:def:crs:EPSG::5709
10:56:12.585 [ForkJoinPool-1-worker-9] ERROR com.intuit.karate - http request failed: 
org.apache.http.client.ClientProtocolException: URI does not specify a valid host name: urn:ogc:def:crs:EPSG::5709
10:56:12.585 [ForkJoinPool-1-worker-9] ERROR com.intuit.karate - feature call (loop) failed at index: 5
caller: classpath:InspireTest/ngr/datasetrecords/def/checkxlinkurl.template.feature
arg: {"link":"urn:ogc:def:crs:EPSG::5709"}
checkxlinkurl.template.feature:14 - 
org.apache.http.client.ClientProtocolException: URI does not specify a valid host name: urn:ogc:def:crs:EPSG::5709
10:56:12.727 [ForkJoinPool-1-worker-13] ERROR com.intuit.karate - javax.net.ssl.SSLException: Connection reset, http call failed after 359 milliseconds for URL: https://data.rivm.nl/inspire/id#a3b9f437-f571-4a00-b3c3-58e4354c244f
10:56:12.727 [ForkJoinPool-1-worker-13] ERROR com.intuit.karate - http request failed: 
javax.net.ssl.SSLException: Connection reset
10:56:12.727 [ForkJoinPool-1-worker-13] ERROR com.intuit.karate - feature call (loop) failed at index: 0
caller: classpath:InspireTest/ngr/datasetrecords/def/checkxlinkurl.template.feature
arg: {"link":"https://data.rivm.nl/inspire/id#a3b9f437-f571-4a00-b3c3-58e4354c244f"}
checkxlinkurl.template.feature:14 - 
javax.net.ssl.SSLException: Connection reset
10:56:12.782 [ForkJoinPool-1-worker-5] INFO  com.intuit.karate - [print] title:Geluidbelasting rijkswegen in Nederland 2011 (nacht gemiddelde)
10:56:12.783 [ForkJoinPool-1-worker-5] INFO  com.intuit.karate - [print] Geluidbelasting rijkswegen in Nederland 2011 (nacht gemiddelde)
10:56:12.784 [ForkJoinPool-1-worker-5] INFO  com.intuit.karate - [print] [
  "servicedesk-data@rijkswaterstaat.nl",
  "servicedesk-data@rijkswaterstaat.nl",
  "",
  "servicedesk-data@rijkswaterstaat.nl",
  "servicedesk-data@rijkswaterstaat.nl"
]

10:56:12.787 [ForkJoinPool-1-worker-5] INFO  com.intuit.karate - [print] organisation: [
  "Rijkswaterstaat",
  "Rijkswaterstaat",
  "",
  "Rijkswaterstaat",
  "Rijkswaterstaat"
]

10:56:12.790 [ForkJoinPool-1-worker-5] INFO  com.intuit.karate - [print] [
  "https://www.nationaalgeoregister.nl/geonetwork/srv/dut/catalog.search#/metadata/50eef6be-619d-4e16-9b92-48971109b636",
  "http://rdfdata.eionet.europa.eu/inspirethemes/themes/18",
  "http://inspire.ec.europa.eu/metadata-codelist/PriorityDataset/MajorRoadsNoiseExposureDelineationNight-dir-2002-49",
  "https://ngr.geocat.live/geonetwork/srv/eng/thesaurus.download?ref=external.theme.httpinspireeceuropaeumetadatacodelistPrioritydataset-Prioritydataset",
  "urn:ogc:def:crs:EPSG::5709"
]

10:56:12.798 [ForkJoinPool-1-worker-5] INFO  com.intuit.karate - [print]
10:56:12.799 [ForkJoinPool-1-worker-5] INFO  com.intuit.karate - [print] testing xlinkurl:https://www.nationaalgeoregister.nl/geonetwork/srv/dut/catalog.search#/metadata/50eef6be-619d-4e16-9b92-48971109b636
10:56:12.804 [ForkJoinPool-1-worker-7] INFO  com.intuit.karate - [print] title:Geluidbelasting rijkswegen in Nederland 2016 (24-uurs gemiddelde)
10:56:12.805 [ForkJoinPool-1-worker-7] INFO  com.intuit.karate - [print] Geluidbelasting rijkswegen in Nederland 2016 (24-uurs gemiddelde)
10:56:12.808 [ForkJoinPool-1-worker-7] INFO  com.intuit.karate - [print] [
  "servicedesk-data@rws.nl",
  "servicedesk-data@rws.nl",
  "servicedesk-data@rws.nl",
  "servicedesk-data@rws.nl",
  "servicedesk-data@rws.nl"
]

10:56:12.811 [ForkJoinPool-1-worker-7] INFO  com.intuit.karate - [print] organisation: [
  "Rijkswaterstaat",
  "Rijkswaterstaat",
  "Rijkswaterstaat",
  "Rijkswaterstaat",
  "Rijkswaterstaat"
]

10:56:12.815 [ForkJoinPool-1-worker-7] INFO  com.intuit.karate - [print] [
  "u",
  "r",
  "n",
  ":",
  "o",
  "g",
  "c",
  ":",
  "d",
  "e",
  "f",
  ":",
  "c",
  "r",
  "s",
  ":",
  "E",
  "P",
  "S",
  "G",
  ":",
  ":",
  "5",
  "7",
  "0",
  "9"
]

10:56:12.823 [ForkJoinPool-1-worker-7] INFO  com.intuit.karate - [print]
10:56:12.823 [ForkJoinPool-1-worker-7] INFO  com.intuit.karate - [print] testing xlinkurl:u
10:56:12.824 [ForkJoinPool-1-worker-7] ERROR com.intuit.karate - org.apache.http.client.ClientProtocolException, http call failed after 0 milliseconds for URL: u
10:56:12.825 [ForkJoinPool-1-worker-7] ERROR com.intuit.karate - http request failed: 
org.apache.http.client.ClientProtocolException
10:56:12.826 [ForkJoinPool-1-worker-7] ERROR com.intuit.karate - feature call (loop) failed at index: 0
caller: classpath:InspireTest/ngr/datasetrecords/def/checkxlinkurl.template.feature
arg: {"link":"u"}
checkxlinkurl.template.feature:14 - 
org.apache.http.client.ClientProtocolException
10:56:12.828 [ForkJoinPool-1-worker-7] INFO  com.intuit.karate - [print]
10:56:12.828 [ForkJoinPool-1-worker-7] INFO  com.intuit.karate - [print] testing xlinkurl:r
10:56:12.829 [ForkJoinPool-1-worker-7] ERROR com.intuit.karate - org.apache.http.client.ClientProtocolException, http call failed after 0 milliseconds for URL: r
10:56:12.829 [ForkJoinPool-1-worker-7] ERROR com.intuit.karate - http request failed: 
org.apache.http.client.ClientProtocolException
10:56:12.830 [ForkJoinPool-1-worker-7] ERROR com.intuit.karate - feature call (loop) failed at index: 1
caller: classpath:InspireTest/ngr/datasetrecords/def/checkxlinkurl.template.feature
arg: {"link":"r"}
checkxlinkurl.template.feature:14 - 
org.apache.http.client.ClientProtocolException
10:56:12.841 [ForkJoinPool-1-worker-7] INFO  com.intuit.karate - [print]
10:56:12.841 [ForkJoinPool-1-worker-7] INFO  com.intuit.karate - [print] testing xlinkurl:n
10:56:12.842 [ForkJoinPool-1-worker-7] ERROR com.intuit.karate - org.apache.http.client.ClientProtocolException, http call failed after 0 milliseconds for URL: n
10:56:12.842 [ForkJoinPool-1-worker-7] ERROR com.intuit.karate - http request failed: 
org.apache.http.client.ClientProtocolException
10:56:12.842 [ForkJoinPool-1-worker-7] ERROR com.intuit.karate - feature call (loop) failed at index: 2
caller: classpath:InspireTest/ngr/datasetrecords/def/checkxlinkurl.template.feature
arg: {"link":"n"}
checkxlinkurl.template.feature:14 - 
org.apache.http.client.ClientProtocolException
10:56:12.843 [ForkJoinPool-1-worker-7] INFO  com.intuit.karate - [print]
10:56:12.843 [ForkJoinPool-1-worker-7] INFO  com.intuit.karate - [print] testing xlinkurl::
10:56:12.843 [ForkJoinPool-1-worker-7] ERROR com.intuit.karate - http request failed: java.net.URISyntaxException: Expected scheme name at index 0: :
10:56:12.843 [ForkJoinPool-1-worker-7] ERROR com.intuit.karate - feature call (loop) failed at index: 3
caller: classpath:InspireTest/ngr/datasetrecords/def/checkxlinkurl.template.feature
arg: {"link":":"}
checkxlinkurl.template.feature:14 - java.net.URISyntaxException: Expected scheme name at index 0: :
10:56:12.844 [ForkJoinPool-1-worker-7] INFO  com.intuit.karate - [print]
10:56:12.844 [ForkJoinPool-1-worker-7] INFO  com.intuit.karate - [print] testing xlinkurl:o
10:56:12.844 [ForkJoinPool-1-worker-7] ERROR com.intuit.karate - org.apache.http.client.ClientProtocolException, http call failed after 0 milliseconds for URL: o
10:56:12.844 [ForkJoinPool-1-worker-7] ERROR com.intuit.karate - http request failed: 
org.apache.http.client.ClientProtocolException
10:56:12.844 [ForkJoinPool-1-worker-7] ERROR com.intuit.karate - feature call (loop) failed at index: 4
caller: classpath:InspireTest/ngr/datasetrecords/def/checkxlinkurl.template.feature
arg: {"link":"o"}
checkxlinkurl.template.feature:14 - 
org.apache.http.client.ClientProtocolException
10:56:12.845 [ForkJoinPool-1-worker-7] INFO  com.intuit.karate - [print]
10:56:12.845 [ForkJoinPool-1-worker-7] INFO  com.intuit.karate - [print] testing xlinkurl:g
10:56:12.845 [ForkJoinPool-1-worker-7] ERROR com.intuit.karate - org.apache.http.client.ClientProtocolException, http call failed after 0 milliseconds for URL: g
10:56:12.845 [ForkJoinPool-1-worker-7] ERROR com.intuit.karate - http request failed: 
org.apache.http.client.ClientProtocolException
10:56:12.846 [ForkJoinPool-1-worker-7] ERROR com.intuit.karate - feature call (loop) failed at index: 5
caller: classpath:InspireTest/ngr/datasetrecords/def/checkxlinkurl.template.feature
arg: {"link":"g"}
checkxlinkurl.template.feature:14 - 
org.apache.http.client.ClientProtocolException
10:56:12.846 [ForkJoinPool-1-worker-7] INFO  com.intuit.karate - [print]
10:56:12.846 [ForkJoinPool-1-worker-7] INFO  com.intuit.karate - [print] testing xlinkurl:c
10:56:12.847 [ForkJoinPool-1-worker-7] ERROR com.intuit.karate - org.apache.http.client.ClientProtocolException, http call failed after 0 milliseconds for URL: c
10:56:12.847 [ForkJoinPool-1-worker-7] ERROR com.intuit.karate - http request failed: 
org.apache.http.client.ClientProtocolException
10:56:12.847 [ForkJoinPool-1-worker-7] ERROR com.intuit.karate - feature call (loop) failed at index: 6
caller: classpath:InspireTest/ngr/datasetrecords/def/checkxlinkurl.template.feature
arg: {"link":"c"}
checkxlinkurl.template.feature:14 - 
org.apache.http.client.ClientProtocolException
10:56:12.847 [ForkJoinPool-1-worker-7] INFO  com.intuit.karate - [print]
10:56:12.848 [ForkJoinPool-1-worker-7] INFO  com.intuit.karate - [print] testing xlinkurl::
10:56:12.848 [ForkJoinPool-1-worker-7] ERROR com.intuit.karate - http request failed: java.net.URISyntaxException: Expected scheme name at index 0: :
10:56:12.848 [ForkJoinPool-1-worker-7] ERROR com.intuit.karate - feature call (loop) failed at index: 7
caller: classpath:InspireTest/ngr/datasetrecords/def/checkxlinkurl.template.feature
arg: {"link":":"}
checkxlinkurl.template.feature:14 - java.net.URISyntaxException: Expected scheme name at index 0: :
10:56:12.848 [ForkJoinPool-1-worker-7] INFO  com.intuit.karate - [print]
10:56:12.848 [ForkJoinPool-1-worker-7] INFO  com.intuit.karate - [print] testing xlinkurl:d
10:56:12.849 [ForkJoinPool-1-worker-7] ERROR com.intuit.karate - org.apache.http.client.ClientProtocolException, http call failed after 0 milliseconds for URL: d
10:56:12.849 [ForkJoinPool-1-worker-7] ERROR com.intuit.karate - http request failed: 
org.apache.http.client.ClientProtocolException
10:56:12.849 [ForkJoinPool-1-worker-7] ERROR com.intuit.karate - feature call (loop) failed at index: 8
caller: classpath:InspireTest/ngr/datasetrecords/def/checkxlinkurl.template.feature
arg: {"link":"d"}
checkxlinkurl.template.feature:14 - 
org.apache.http.client.ClientProtocolException
10:56:12.860 [ForkJoinPool-1-worker-7] INFO  com.intuit.karate - [print]
10:56:12.860 [ForkJoinPool-1-worker-7] INFO  com.intuit.karate - [print] testing xlinkurl:e
10:56:12.860 [ForkJoinPool-1-worker-7] ERROR com.intuit.karate - org.apache.http.client.ClientProtocolException, http call failed after 0 milliseconds for URL: e
10:56:12.861 [ForkJoinPool-1-worker-7] ERROR com.intuit.karate - http request failed: 
org.apache.http.client.ClientProtocolException
10:56:12.861 [ForkJoinPool-1-worker-7] ERROR com.intuit.karate - feature call (loop) failed at index: 9
caller: classpath:InspireTest/ngr/datasetrecords/def/checkxlinkurl.template.feature
arg: {"link":"e"}
checkxlinkurl.template.feature:14 - 
org.apache.http.client.ClientProtocolException
10:56:12.862 [ForkJoinPool-1-worker-7] INFO  com.intuit.karate - [print]
10:56:12.862 [ForkJoinPool-1-worker-7] INFO  com.intuit.karate - [print] testing xlinkurl:f
10:56:12.862 [ForkJoinPool-1-worker-7] ERROR com.intuit.karate - org.apache.http.client.ClientProtocolException, http call failed after 0 milliseconds for URL: f
10:56:12.862 [ForkJoinPool-1-worker-7] ERROR com.intuit.karate - http request failed: 
org.apache.http.client.ClientProtocolException
10:56:12.862 [ForkJoinPool-1-worker-7] ERROR com.intuit.karate - feature call (loop) failed at index: 10
caller: classpath:InspireTest/ngr/datasetrecords/def/checkxlinkurl.template.feature
arg: {"link":"f"}
checkxlinkurl.template.feature:14 - 
org.apache.http.client.ClientProtocolException
10:56:12.863 [ForkJoinPool-1-worker-7] INFO  com.intuit.karate - [print]
10:56:12.863 [ForkJoinPool-1-worker-7] INFO  com.intuit.karate - [print] testing xlinkurl::
10:56:12.863 [ForkJoinPool-1-worker-7] ERROR com.intuit.karate - http request failed: java.net.URISyntaxException: Expected scheme name at index 0: :
10:56:12.863 [ForkJoinPool-1-worker-7] ERROR com.intuit.karate - feature call (loop) failed at index: 11
caller: classpath:InspireTest/ngr/datasetrecords/def/checkxlinkurl.template.feature
arg: {"link":":"}
checkxlinkurl.template.feature:14 - java.net.URISyntaxException: Expected scheme name at index 0: :
10:56:12.864 [ForkJoinPool-1-worker-7] INFO  com.intuit.karate - [print]
10:56:12.864 [ForkJoinPool-1-worker-7] INFO  com.intuit.karate - [print] testing xlinkurl:c
10:56:12.865 [ForkJoinPool-1-worker-7] ERROR com.intuit.karate - org.apache.http.client.ClientProtocolException, http call failed after 0 milliseconds for URL: c
10:56:12.865 [ForkJoinPool-1-worker-7] ERROR com.intuit.karate - http request failed: 
org.apache.http.client.ClientProtocolException
10:56:12.865 [ForkJoinPool-1-worker-7] ERROR com.intuit.karate - feature call (loop) failed at index: 12
caller: classpath:InspireTest/ngr/datasetrecords/def/checkxlinkurl.template.feature
arg: {"link":"c"}
checkxlinkurl.template.feature:14 - 
org.apache.http.client.ClientProtocolException
10:56:12.868 [ForkJoinPool-1-worker-7] INFO  com.intuit.karate - [print]
10:56:12.868 [ForkJoinPool-1-worker-7] INFO  com.intuit.karate - [print] testing xlinkurl:r
10:56:12.868 [ForkJoinPool-1-worker-7] ERROR com.intuit.karate - org.apache.http.client.ClientProtocolException, http call failed after 0 milliseconds for URL: r
10:56:12.868 [ForkJoinPool-1-worker-7] ERROR com.intuit.karate - http request failed: 
org.apache.http.client.ClientProtocolException
10:56:12.869 [ForkJoinPool-1-worker-7] ERROR com.intuit.karate - feature call (loop) failed at index: 13
caller: classpath:InspireTest/ngr/datasetrecords/def/checkxlinkurl.template.feature
arg: {"link":"r"}
checkxlinkurl.template.feature:14 - 
org.apache.http.client.ClientProtocolException
10:56:12.878 [ForkJoinPool-1-worker-7] INFO  com.intuit.karate - [print]
10:56:12.878 [ForkJoinPool-1-worker-7] INFO  com.intuit.karate - [print] testing xlinkurl:s
10:56:12.879 [ForkJoinPool-1-worker-7] ERROR com.intuit.karate - org.apache.http.client.ClientProtocolException, http call failed after 0 milliseconds for URL: s
10:56:12.879 [ForkJoinPool-1-worker-7] ERROR com.intuit.karate - http request failed: 
org.apache.http.client.ClientProtocolException
10:56:12.879 [ForkJoinPool-1-worker-7] ERROR com.intuit.karate - feature call (loop) failed at index: 14
caller: classpath:InspireTest/ngr/datasetrecords/def/checkxlinkurl.template.feature
arg: {"link":"s"}
checkxlinkurl.template.feature:14 - 
org.apache.http.client.ClientProtocolException
10:56:12.880 [ForkJoinPool-1-worker-7] INFO  com.intuit.karate - [print]
10:56:12.883 [ForkJoinPool-1-worker-7] INFO  com.intuit.karate - [print] testing xlinkurl::
10:56:12.883 [ForkJoinPool-1-worker-7] ERROR com.intuit.karate - http request failed: java.net.URISyntaxException: Expected scheme name at index 0: :
10:56:12.883 [ForkJoinPool-1-worker-7] ERROR com.intuit.karate - feature call (loop) failed at index: 15
caller: classpath:InspireTest/ngr/datasetrecords/def/checkxlinkurl.template.feature
arg: {"link":":"}
checkxlinkurl.template.feature:14 - java.net.URISyntaxException: Expected scheme name at index 0: :
10:56:12.884 [ForkJoinPool-1-worker-7] INFO  com.intuit.karate - [print]
10:56:12.884 [ForkJoinPool-1-worker-7] INFO  com.intuit.karate - [print] testing xlinkurl:E
10:56:12.885 [ForkJoinPool-1-worker-7] ERROR com.intuit.karate - org.apache.http.client.ClientProtocolException, http call failed after 0 milliseconds for URL: E
10:56:12.885 [ForkJoinPool-1-worker-7] ERROR com.intuit.karate - http request failed: 
org.apache.http.client.ClientProtocolException
10:56:12.885 [ForkJoinPool-1-worker-7] ERROR com.intuit.karate - feature call (loop) failed at index: 16
caller: classpath:InspireTest/ngr/datasetrecords/def/checkxlinkurl.template.feature
arg: {"link":"E"}
checkxlinkurl.template.feature:14 - 
org.apache.http.client.ClientProtocolException
10:56:12.886 [ForkJoinPool-1-worker-7] INFO  com.intuit.karate - [print]
10:56:12.886 [ForkJoinPool-1-worker-7] INFO  com.intuit.karate - [print] testing xlinkurl:P
10:56:12.894 [ForkJoinPool-1-worker-7] ERROR com.intuit.karate - org.apache.http.client.ClientProtocolException, http call failed after 0 milliseconds for URL: P
10:56:12.894 [ForkJoinPool-1-worker-7] ERROR com.intuit.karate - http request failed: 
org.apache.http.client.ClientProtocolException
10:56:12.894 [ForkJoinPool-1-worker-7] ERROR com.intuit.karate - feature call (loop) failed at index: 17
caller: classpath:InspireTest/ngr/datasetrecords/def/checkxlinkurl.template.feature
arg: {"link":"P"}
checkxlinkurl.template.feature:14 - 
org.apache.http.client.ClientProtocolException
10:56:12.895 [ForkJoinPool-1-worker-7] INFO  com.intuit.karate - [print]
10:56:12.895 [ForkJoinPool-1-worker-7] INFO  com.intuit.karate - [print] testing xlinkurl:S
10:56:12.896 [ForkJoinPool-1-worker-7] ERROR com.intuit.karate - org.apache.http.client.ClientProtocolException, http call failed after 0 milliseconds for URL: S
10:56:12.896 [ForkJoinPool-1-worker-7] ERROR com.intuit.karate - http request failed: 
org.apache.http.client.ClientProtocolException
10:56:12.896 [ForkJoinPool-1-worker-7] ERROR com.intuit.karate - feature call (loop) failed at index: 18
caller: classpath:InspireTest/ngr/datasetrecords/def/checkxlinkurl.template.feature
arg: {"link":"S"}
checkxlinkurl.template.feature:14 - 
org.apache.http.client.ClientProtocolException
10:56:12.897 [ForkJoinPool-1-worker-7] INFO  com.intuit.karate - [print]
10:56:12.897 [ForkJoinPool-1-worker-7] INFO  com.intuit.karate - [print] testing xlinkurl:G
10:56:12.897 [ForkJoinPool-1-worker-7] ERROR com.intuit.karate - org.apache.http.client.ClientProtocolException, http call failed after 0 milliseconds for URL: G
10:56:12.897 [ForkJoinPool-1-worker-7] ERROR com.intuit.karate - http request failed: 
org.apache.http.client.ClientProtocolException
10:56:12.897 [ForkJoinPool-1-worker-7] ERROR com.intuit.karate - feature call (loop) failed at index: 19
caller: classpath:InspireTest/ngr/datasetrecords/def/checkxlinkurl.template.feature
arg: {"link":"G"}
checkxlinkurl.template.feature:14 - 
org.apache.http.client.ClientProtocolException
10:56:12.898 [ForkJoinPool-1-worker-7] INFO  com.intuit.karate - [print]
10:56:12.898 [ForkJoinPool-1-worker-7] INFO  com.intuit.karate - [print] testing xlinkurl::
10:56:12.898 [ForkJoinPool-1-worker-7] ERROR com.intuit.karate - http request failed: java.net.URISyntaxException: Expected scheme name at index 0: :
10:56:12.898 [ForkJoinPool-1-worker-7] ERROR com.intuit.karate - feature call (loop) failed at index: 20
caller: classpath:InspireTest/ngr/datasetrecords/def/checkxlinkurl.template.feature
arg: {"link":":"}
checkxlinkurl.template.feature:14 - java.net.URISyntaxException: Expected scheme name at index 0: :
10:56:12.901 [ForkJoinPool-1-worker-7] INFO  com.intuit.karate - [print]
10:56:12.901 [ForkJoinPool-1-worker-7] INFO  com.intuit.karate - [print] testing xlinkurl::
10:56:12.901 [ForkJoinPool-1-worker-7] ERROR com.intuit.karate - http request failed: java.net.URISyntaxException: Expected scheme name at index 0: :
10:56:12.901 [ForkJoinPool-1-worker-7] ERROR com.intuit.karate - feature call (loop) failed at index: 21
caller: classpath:InspireTest/ngr/datasetrecords/def/checkxlinkurl.template.feature
arg: {"link":":"}
checkxlinkurl.template.feature:14 - java.net.URISyntaxException: Expected scheme name at index 0: :
10:56:12.902 [ForkJoinPool-1-worker-7] INFO  com.intuit.karate - [print]
10:56:12.902 [ForkJoinPool-1-worker-7] INFO  com.intuit.karate - [print] testing xlinkurl:5
10:56:12.903 [ForkJoinPool-1-worker-7] ERROR com.intuit.karate - org.apache.http.client.ClientProtocolException, http call failed after 0 milliseconds for URL: 5
10:56:12.903 [ForkJoinPool-1-worker-7] ERROR com.intuit.karate - http request failed: 
org.apache.http.client.ClientProtocolException
10:56:12.903 [ForkJoinPool-1-worker-7] ERROR com.intuit.karate - feature call (loop) failed at index: 22
caller: classpath:InspireTest/ngr/datasetrecords/def/checkxlinkurl.template.feature
arg: {"link":"5"}
checkxlinkurl.template.feature:14 - 
org.apache.http.client.ClientProtocolException
10:56:12.903 [ForkJoinPool-1-worker-7] INFO  com.intuit.karate - [print]
10:56:12.903 [ForkJoinPool-1-worker-7] INFO  com.intuit.karate - [print] testing xlinkurl:7
10:56:12.904 [ForkJoinPool-1-worker-7] ERROR com.intuit.karate - org.apache.http.client.ClientProtocolException, http call failed after 0 milliseconds for URL: 7
10:56:12.904 [ForkJoinPool-1-worker-7] ERROR com.intuit.karate - http request failed: 
org.apache.http.client.ClientProtocolException
10:56:12.904 [ForkJoinPool-1-worker-7] ERROR com.intuit.karate - feature call (loop) failed at index: 23
caller: classpath:InspireTest/ngr/datasetrecords/def/checkxlinkurl.template.feature
arg: {"link":"7"}
checkxlinkurl.template.feature:14 - 
org.apache.http.client.ClientProtocolException
10:56:12.908 [ForkJoinPool-1-worker-7] INFO  com.intuit.karate - [print]
10:56:12.908 [ForkJoinPool-1-worker-7] INFO  com.intuit.karate - [print] testing xlinkurl:0
10:56:12.909 [ForkJoinPool-1-worker-7] ERROR com.intuit.karate - org.apache.http.client.ClientProtocolException, http call failed after 0 milliseconds for URL: 0
10:56:12.909 [ForkJoinPool-1-worker-7] ERROR com.intuit.karate - http request failed: 
org.apache.http.client.ClientProtocolException
10:56:12.910 [ForkJoinPool-1-worker-7] ERROR com.intuit.karate - feature call (loop) failed at index: 24
caller: classpath:InspireTest/ngr/datasetrecords/def/checkxlinkurl.template.feature
arg: {"link":"0"}
checkxlinkurl.template.feature:14 - 
org.apache.http.client.ClientProtocolException
10:56:12.914 [ForkJoinPool-1-worker-7] INFO  com.intuit.karate - [print]
10:56:12.915 [ForkJoinPool-1-worker-7] INFO  com.intuit.karate - [print] testing xlinkurl:9
10:56:12.920 [ForkJoinPool-1-worker-7] ERROR com.intuit.karate - org.apache.http.client.ClientProtocolException, http call failed after 0 milliseconds for URL: 9
10:56:12.920 [ForkJoinPool-1-worker-7] ERROR com.intuit.karate - http request failed: 
org.apache.http.client.ClientProtocolException
10:56:12.920 [ForkJoinPool-1-worker-7] ERROR com.intuit.karate - feature call (loop) failed at index: 25
caller: classpath:InspireTest/ngr/datasetrecords/def/checkxlinkurl.template.feature
arg: {"link":"9"}
checkxlinkurl.template.feature:14 - 
org.apache.http.client.ClientProtocolException
10:56:13.010 [ForkJoinPool-1-worker-3] ERROR com.intuit.karate - assertion failed: path: $, actual: 404, expected: 200, reason: not equal (Integer)
10:56:13.010 [ForkJoinPool-1-worker-3] ERROR com.intuit.karate - feature call (loop) failed at index: 1
caller: classpath:InspireTest/ngr/datasetrecords/def/checkxlinkurl.template.feature
arg: {"link":"http://rdfdata.eionet.europa.eu/inspirethemes/themes/10"}
checkxlinkurl.template.feature:22 - path: $, actual: 404, expected: 200, reason: not equal (Integer)
10:56:13.011 [ForkJoinPool-1-worker-3] INFO  com.intuit.karate - [print]
10:56:13.012 [ForkJoinPool-1-worker-3] INFO  com.intuit.karate - [print] testing xlinkurl:urn:ogc:def:crs:EPSG::5709
10:56:13.021 [ForkJoinPool-1-worker-3] ERROR com.intuit.karate - org.apache.http.client.ClientProtocolException: URI does not specify a valid host name: urn:ogc:def:crs:EPSG::5709, http call failed after 0 milliseconds for URL: urn:ogc:def:crs:EPSG::5709
10:56:13.022 [ForkJoinPool-1-worker-3] ERROR com.intuit.karate - http request failed: 
org.apache.http.client.ClientProtocolException: URI does not specify a valid host name: urn:ogc:def:crs:EPSG::5709
10:56:13.023 [ForkJoinPool-1-worker-3] ERROR com.intuit.karate - feature call (loop) failed at index: 2
caller: classpath:InspireTest/ngr/datasetrecords/def/checkxlinkurl.template.feature
arg: {"link":"urn:ogc:def:crs:EPSG::5709"}
checkxlinkurl.template.feature:14 - 
org.apache.http.client.ClientProtocolException: URI does not specify a valid host name: urn:ogc:def:crs:EPSG::5709
10:56:13.139 [ForkJoinPool-1-worker-5] INFO  com.intuit.karate - [print]
10:56:13.140 [ForkJoinPool-1-worker-5] INFO  com.intuit.karate - [print] testing xlinkurl:http://rdfdata.eionet.europa.eu/inspirethemes/themes/18
10:56:13.250 [ForkJoinPool-1-worker-11] INFO  com.intuit.karate - [print] title:Waterstanden en afvoeren actueel - Rijkswaterstaat
10:56:13.251 [ForkJoinPool-1-worker-11] INFO  com.intuit.karate - [print] Waterstanden en afvoeren actueel - Rijkswaterstaat
10:56:13.253 [ForkJoinPool-1-worker-11] INFO  com.intuit.karate - [print] [
  "servicedesk-data@rijkswaterstaat.nl",
  "servicedesk-data@rijkswaterstaat.nl",
  "",
  "servicedesk-data@rijkswaterstaat.nl",
  "servicedesk-data@rijkswaterstaat.nl"
]

10:56:13.259 [ForkJoinPool-1-worker-11] INFO  com.intuit.karate - [print] organisation: [
  "Rijkswaterstaat",
  "Rijkswaterstaat",
  "",
  "Rijkswaterstaat",
  "Rijkswaterstaat"
]

10:56:13.262 [ForkJoinPool-1-worker-11] INFO  com.intuit.karate - [print] [
  "https://www.nationaalgeoregister.nl/geonetwork/srv/dut/catalog.search#/metadata/cf69ec50-9849-4afd-853c-ee56211d336d",
  "http://rdfdata.eionet.europa.eu/inspirethemes/themes/20",
  "http://rdfdata.eionet.europa.eu/inspirethemes/themes/28",
  "urn:ogc:def:crs:EPSG::5709"
]

10:56:13.268 [ForkJoinPool-1-worker-11] INFO  com.intuit.karate - [print]
10:56:13.270 [ForkJoinPool-1-worker-11] INFO  com.intuit.karate - [print] testing xlinkurl:https://www.nationaalgeoregister.nl/geonetwork/srv/dut/catalog.search#/metadata/cf69ec50-9849-4afd-853c-ee56211d336d
10:56:13.282 [ForkJoinPool-1-worker-9] INFO  com.intuit.karate - [print] title:Gebieden in de Eemsmonding en de Dollard
10:56:13.286 [ForkJoinPool-1-worker-9] INFO  com.intuit.karate - [print] Gebieden in de Eemsmonding en de Dollard
10:56:13.290 [ForkJoinPool-1-worker-9] INFO  com.intuit.karate - [print] [
  "data@hydro.nl",
  "data@hydro.nl",
  "data@hydro.nl"
]

10:56:13.292 [ForkJoinPool-1-worker-9] INFO  com.intuit.karate - [print] organisation: [
  "Ministerie van Defensie, Koninklijke Marine, Dienst der Hydrografie",
  "Ministerie van Defensie, Koninklijke Marine, Dienst der Hydrografie"
]

10:56:13.295 [ForkJoinPool-1-worker-9] INFO  com.intuit.karate - [print] [
  "http://www.opengis.net/def/crs/EPSG/0/https://www.opengis.net/def/crs/EPSG/0/4258",
  "https://www.nationaalgeoregister.nl/geonetwork/srv/api/recordsf44dac86-2228-412f-8355-e56446ca9933",
  "www.hydro.nl"
]

10:56:13.304 [ForkJoinPool-1-worker-9] INFO  com.intuit.karate - [print]
10:56:13.306 [ForkJoinPool-1-worker-9] INFO  com.intuit.karate - [print] testing xlinkurl:http://www.opengis.net/def/crs/EPSG/0/https://www.opengis.net/def/crs/EPSG/0/4258
10:56:13.348 [ForkJoinPool-1-worker-5] ERROR com.intuit.karate - assertion failed: path: $, actual: 404, expected: 200, reason: not equal (Integer)
10:56:13.348 [ForkJoinPool-1-worker-5] ERROR com.intuit.karate - feature call (loop) failed at index: 1
caller: classpath:InspireTest/ngr/datasetrecords/def/checkxlinkurl.template.feature
arg: {"link":"http://rdfdata.eionet.europa.eu/inspirethemes/themes/18"}
checkxlinkurl.template.feature:22 - path: $, actual: 404, expected: 200, reason: not equal (Integer)
10:56:13.357 [ForkJoinPool-1-worker-5] INFO  com.intuit.karate - [print]
10:56:13.358 [ForkJoinPool-1-worker-5] INFO  com.intuit.karate - [print] testing xlinkurl:http://inspire.ec.europa.eu/metadata-codelist/PriorityDataset/MajorRoadsNoiseExposureDelineationNight-dir-2002-49
10:56:13.421 [ForkJoinPool-1-worker-13] INFO  com.intuit.karate - [print] title:Landelijk zoet en zoutwatermeetnet - Rijkswaterstaat
10:56:13.423 [ForkJoinPool-1-worker-13] INFO  com.intuit.karate - [print] Landelijk zoet en zoutwatermeetnet - Rijkswaterstaat
10:56:13.425 [ForkJoinPool-1-worker-13] INFO  com.intuit.karate - [print] [
  "servicedesk-data@rijkswaterstaat.nl",
  "servicedesk-data@rijkswaterstaat.nl",
  "",
  "servicedesk-data@rijkswaterstaat.nl",
  "servicedesk-data@rijkswaterstaat.nl"
]

10:56:13.427 [ForkJoinPool-1-worker-13] INFO  com.intuit.karate - [print] organisation: [
  "Rijkswaterstaat",
  "Rijkswaterstaat",
  "",
  "Rijkswaterstaat",
  "Rijkswaterstaat"
]

10:56:13.430 [ForkJoinPool-1-worker-13] INFO  com.intuit.karate - [print] [
  "https://www.nationaalgeoregister.nl/geonetwork/srv/dut/catalog.search#/metadata/68ebd5c9-0ea1-4f22-9907-ec4c063cd3e2",
  "http://rdfdata.eionet.europa.eu/inspirethemes/themes/20",
  "urn:ogc:def:crs:EPSG::5709"
]

10:56:13.438 [ForkJoinPool-1-worker-13] INFO  com.intuit.karate - [print]
10:56:13.439 [ForkJoinPool-1-worker-13] INFO  com.intuit.karate - [print] testing xlinkurl:https://www.nationaalgeoregister.nl/geonetwork/srv/dut/catalog.search#/metadata/68ebd5c9-0ea1-4f22-9907-ec4c063cd3e2
10:56:13.611 [ForkJoinPool-1-worker-11] INFO  com.intuit.karate - [print]
10:56:13.611 [ForkJoinPool-1-worker-11] INFO  com.intuit.karate - [print] testing xlinkurl:http://rdfdata.eionet.europa.eu/inspirethemes/themes/20
10:56:13.623 [ForkJoinPool-1-worker-3] INFO  com.intuit.karate - [print] title:Vogelrichtlijn verspreidingsgebied van soorten
10:56:13.624 [ForkJoinPool-1-worker-3] INFO  com.intuit.karate - [print] Vogelrichtlijn verspreidingsgebied van soorten
10:56:13.626 [ForkJoinPool-1-worker-3] INFO  com.intuit.karate - [print] [
  "geodatabeheer.giscc@rvo.nl",
  "GeoDesk.CGI@wur.nl",
  "geodatabeheer.giscc@rvo.nl",
  "beheerPDOK@kadaster.nl",
  ""
]

10:56:13.635 [ForkJoinPool-1-worker-3] INFO  com.intuit.karate - [print] organisation: [
  "Ministerie van Economische Zaken - GIS Competence Center",
  "Wageningen Environmental Research (Alterra)",
  "PDOK",
  "Sovon Vogelonderzoek Nederland"
]

10:56:13.643 [ForkJoinPool-1-worker-9] INFO  com.intuit.karate - [print]
10:56:13.643 [ForkJoinPool-1-worker-9] INFO  com.intuit.karate - [print] testing xlinkurl:https://www.nationaalgeoregister.nl/geonetwork/srv/api/recordsf44dac86-2228-412f-8355-e56446ca9933
10:56:13.657 [ForkJoinPool-1-worker-7] INFO  com.intuit.karate - [print] title:Kaderrichtlijn Mariene Strategie - Bevroren monitoringsdata
10:56:13.657 [ForkJoinPool-1-worker-7] INFO  com.intuit.karate - [print] Kaderrichtlijn Mariene Strategie - Bevroren monitoringsdata
10:56:13.658 [ForkJoinPool-1-worker-7] INFO  com.intuit.karate - [print] [
  "servicedesk-data@rijkswaterstaat.nl",
  "servicedesk-data@rijkswaterstaat.nl",
  "",
  "servicedesk-data@rijkswaterstaat.nl",
  "servicedesk-data@rijkswaterstaat.nl"
]

10:56:13.659 [ForkJoinPool-1-worker-7] INFO  com.intuit.karate - [print] organisation: [
  "Rijkswaterstaat",
  "Rijkswaterstaat",
  "",
  "Rijkswaterstaat",
  "Rijkswaterstaat"
]

10:56:13.668 [ForkJoinPool-1-worker-3] INFO  com.intuit.karate - [print] [
  "https://www.nationaalgeoregister.nl/geonetwork/srv/dut/catalog.search#/metadata/cbeaebc3-815a-48af-a978-0e16892865fc"
]

10:56:13.683 [ForkJoinPool-1-worker-7] INFO  com.intuit.karate - [print] [
  "https://www.nationaalgeoregister.nl/geonetwork/srv/dut/catalog.search#/metadata/tbjk534p-wubf-crbp-cj25-d4161160gfim",
  "http://rdfdata.eionet.europa.eu/inspirethemes/themes/28",
  "https://ngr.geocat.live/geonetwork/srv/eng/thesaurus.download?ref=external.theme.httpinspireeceuropaeumetadatacodelistPrioritydataset-Prioritydataset"
]

10:56:13.700 [ForkJoinPool-1-worker-7] INFO  com.intuit.karate - [print]
10:56:13.704 [ForkJoinPool-1-worker-3] INFO  com.intuit.karate - [print]
10:56:13.711 [ForkJoinPool-1-worker-3] INFO  com.intuit.karate - [print] testing xlinkurl:https://www.nationaalgeoregister.nl/geonetwork/srv/dut/catalog.search#/metadata/cbeaebc3-815a-48af-a978-0e16892865fc
10:56:13.713 [ForkJoinPool-1-worker-7] INFO  com.intuit.karate - [print] testing xlinkurl:https://www.nationaalgeoregister.nl/geonetwork/srv/dut/catalog.search#/metadata/tbjk534p-wubf-crbp-cj25-d4161160gfim
10:56:13.772 [ForkJoinPool-1-worker-13] INFO  com.intuit.karate - [print]
10:56:13.774 [ForkJoinPool-1-worker-13] INFO  com.intuit.karate - [print] testing xlinkurl:http://rdfdata.eionet.europa.eu/inspirethemes/themes/20
10:56:13.816 [ForkJoinPool-1-worker-11] ERROR com.intuit.karate - assertion failed: path: $, actual: 404, expected: 200, reason: not equal (Integer)
10:56:13.816 [ForkJoinPool-1-worker-11] ERROR com.intuit.karate - feature call (loop) failed at index: 1
caller: classpath:InspireTest/ngr/datasetrecords/def/checkxlinkurl.template.feature
arg: {"link":"http://rdfdata.eionet.europa.eu/inspirethemes/themes/20"}
checkxlinkurl.template.feature:22 - path: $, actual: 404, expected: 200, reason: not equal (Integer)
10:56:13.817 [ForkJoinPool-1-worker-11] INFO  com.intuit.karate - [print]
10:56:13.818 [ForkJoinPool-1-worker-11] INFO  com.intuit.karate - [print] testing xlinkurl:http://rdfdata.eionet.europa.eu/inspirethemes/themes/28
10:56:13.957 [ForkJoinPool-1-worker-9] ERROR com.intuit.karate - assertion failed: path: $, actual: 500, expected: 200, reason: not equal (Integer)
10:56:13.959 [ForkJoinPool-1-worker-9] ERROR com.intuit.karate - feature call (loop) failed at index: 1
caller: classpath:InspireTest/ngr/datasetrecords/def/checkxlinkurl.template.feature
arg: {"link":"https://www.nationaalgeoregister.nl/geonetwork/srv/api/recordsf44dac86-2228-412f-8355-e56446ca9933"}
checkxlinkurl.template.feature:22 - path: $, actual: 500, expected: 200, reason: not equal (Integer)
10:56:13.961 [ForkJoinPool-1-worker-9] INFO  com.intuit.karate - [print]
10:56:13.962 [ForkJoinPool-1-worker-9] INFO  com.intuit.karate - [print] testing xlinkurl:www.hydro.nl
10:56:13.963 [ForkJoinPool-1-worker-9] ERROR com.intuit.karate - org.apache.http.client.ClientProtocolException, http call failed after 0 milliseconds for URL: www.hydro.nl
10:56:13.964 [ForkJoinPool-1-worker-9] ERROR com.intuit.karate - http request failed: 
org.apache.http.client.ClientProtocolException
10:56:13.965 [ForkJoinPool-1-worker-9] ERROR com.intuit.karate - feature call (loop) failed at index: 2
caller: classpath:InspireTest/ngr/datasetrecords/def/checkxlinkurl.template.feature
arg: {"link":"www.hydro.nl"}
checkxlinkurl.template.feature:14 - 
org.apache.http.client.ClientProtocolException
10:56:13.984 [ForkJoinPool-1-worker-13] ERROR com.intuit.karate - assertion failed: path: $, actual: 404, expected: 200, reason: not equal (Integer)
10:56:13.984 [ForkJoinPool-1-worker-13] ERROR com.intuit.karate - feature call (loop) failed at index: 1
caller: classpath:InspireTest/ngr/datasetrecords/def/checkxlinkurl.template.feature
arg: {"link":"http://rdfdata.eionet.europa.eu/inspirethemes/themes/20"}
checkxlinkurl.template.feature:22 - path: $, actual: 404, expected: 200, reason: not equal (Integer)
10:56:13.985 [ForkJoinPool-1-worker-13] INFO  com.intuit.karate - [print]
10:56:13.985 [ForkJoinPool-1-worker-13] INFO  com.intuit.karate - [print] testing xlinkurl:urn:ogc:def:crs:EPSG::5709
10:56:13.986 [ForkJoinPool-1-worker-13] ERROR com.intuit.karate - org.apache.http.client.ClientProtocolException: URI does not specify a valid host name: urn:ogc:def:crs:EPSG::5709, http call failed after 0 milliseconds for URL: urn:ogc:def:crs:EPSG::5709
10:56:13.986 [ForkJoinPool-1-worker-13] ERROR com.intuit.karate - http request failed: 
org.apache.http.client.ClientProtocolException: URI does not specify a valid host name: urn:ogc:def:crs:EPSG::5709
10:56:13.986 [ForkJoinPool-1-worker-13] ERROR com.intuit.karate - feature call (loop) failed at index: 2
caller: classpath:InspireTest/ngr/datasetrecords/def/checkxlinkurl.template.feature
arg: {"link":"urn:ogc:def:crs:EPSG::5709"}
checkxlinkurl.template.feature:14 - 
org.apache.http.client.ClientProtocolException: URI does not specify a valid host name: urn:ogc:def:crs:EPSG::5709
10:56:14.026 [ForkJoinPool-1-worker-11] ERROR com.intuit.karate - assertion failed: path: $, actual: 404, expected: 200, reason: not equal (Integer)
10:56:14.026 [ForkJoinPool-1-worker-11] ERROR com.intuit.karate - feature call (loop) failed at index: 2
caller: classpath:InspireTest/ngr/datasetrecords/def/checkxlinkurl.template.feature
arg: {"link":"http://rdfdata.eionet.europa.eu/inspirethemes/themes/28"}
checkxlinkurl.template.feature:22 - path: $, actual: 404, expected: 200, reason: not equal (Integer)
10:56:14.027 [ForkJoinPool-1-worker-11] INFO  com.intuit.karate - [print]
10:56:14.027 [ForkJoinPool-1-worker-11] INFO  com.intuit.karate - [print] testing xlinkurl:urn:ogc:def:crs:EPSG::5709
10:56:14.028 [ForkJoinPool-1-worker-11] ERROR com.intuit.karate - org.apache.http.client.ClientProtocolException: URI does not specify a valid host name: urn:ogc:def:crs:EPSG::5709, http call failed after 0 milliseconds for URL: urn:ogc:def:crs:EPSG::5709
10:56:14.028 [ForkJoinPool-1-worker-11] ERROR com.intuit.karate - http request failed: 
org.apache.http.client.ClientProtocolException: URI does not specify a valid host name: urn:ogc:def:crs:EPSG::5709
10:56:14.028 [ForkJoinPool-1-worker-11] ERROR com.intuit.karate - feature call (loop) failed at index: 3
caller: classpath:InspireTest/ngr/datasetrecords/def/checkxlinkurl.template.feature
arg: {"link":"urn:ogc:def:crs:EPSG::5709"}
checkxlinkurl.template.feature:14 - 
org.apache.http.client.ClientProtocolException: URI does not specify a valid host name: urn:ogc:def:crs:EPSG::5709
10:56:14.044 [ForkJoinPool-1-worker-7] INFO  com.intuit.karate - [print]
10:56:14.045 [ForkJoinPool-1-worker-7] INFO  com.intuit.karate - [print] testing xlinkurl:http://rdfdata.eionet.europa.eu/inspirethemes/themes/28
10:56:14.247 [ForkJoinPool-1-worker-7] ERROR com.intuit.karate - assertion failed: path: $, actual: 404, expected: 200, reason: not equal (Integer)
10:56:14.247 [ForkJoinPool-1-worker-7] ERROR com.intuit.karate - feature call (loop) failed at index: 1
caller: classpath:InspireTest/ngr/datasetrecords/def/checkxlinkurl.template.feature
arg: {"link":"http://rdfdata.eionet.europa.eu/inspirethemes/themes/28"}
checkxlinkurl.template.feature:22 - path: $, actual: 404, expected: 200, reason: not equal (Integer)
10:56:14.248 [ForkJoinPool-1-worker-7] INFO  com.intuit.karate - [print]
10:56:14.248 [ForkJoinPool-1-worker-7] INFO  com.intuit.karate - [print] testing xlinkurl:https://ngr.geocat.live/geonetwork/srv/eng/thesaurus.download?ref=external.theme.httpinspireeceuropaeumetadatacodelistPrioritydataset-Prioritydataset
10:56:14.365 [ForkJoinPool-1-worker-5] INFO  com.intuit.karate - [print]
10:56:14.366 [ForkJoinPool-1-worker-5] INFO  com.intuit.karate - [print] testing xlinkurl:https://ngr.geocat.live/geonetwork/srv/eng/thesaurus.download?ref=external.theme.httpinspireeceuropaeumetadatacodelistPrioritydataset-Prioritydataset
10:56:14.725 [ForkJoinPool-1-worker-13] INFO  com.intuit.karate - [print] title:Gemeten fijnere fractie van Fijn stof concentraties in buitenlucht.
10:56:14.727 [ForkJoinPool-1-worker-13] INFO  com.intuit.karate - [print] Gemeten fijnere fractie van Fijn stof concentraties in buitenlucht.
10:56:14.728 [ForkJoinPool-1-worker-13] INFO  com.intuit.karate - [print] [
  "geodata@rivm.nl",
  "geodata@rivm.nl"
]

10:56:14.730 [ForkJoinPool-1-worker-13] INFO  com.intuit.karate - [print] organisation: no organisationName found in dataset record
10:56:14.733 [ForkJoinPool-1-worker-13] INFO  com.intuit.karate - [print] [
  "https://data.rivm.nl/inspire/id#df9bc66f-941b-4c38-a104-1b8d940a53db"
]

10:56:14.738 [ForkJoinPool-1-worker-13] INFO  com.intuit.karate - [print]
10:56:14.739 [ForkJoinPool-1-worker-13] INFO  com.intuit.karate - [print] testing xlinkurl:https://data.rivm.nl/inspire/id#df9bc66f-941b-4c38-a104-1b8d940a53db
10:56:14.777 [ForkJoinPool-1-worker-7] ERROR com.intuit.karate - assertion failed: path: $, actual: 500, expected: 200, reason: not equal (Integer)
10:56:14.778 [ForkJoinPool-1-worker-7] ERROR com.intuit.karate - feature call (loop) failed at index: 2
caller: classpath:InspireTest/ngr/datasetrecords/def/checkxlinkurl.template.feature
arg: {"link":"https://ngr.geocat.live/geonetwork/srv/eng/thesaurus.download?ref=external.theme.httpinspireeceuropaeumetadatacodelistPrioritydataset-Prioritydataset"}
checkxlinkurl.template.feature:22 - path: $, actual: 500, expected: 200, reason: not equal (Integer)
10:56:14.790 [ForkJoinPool-1-worker-5] ERROR com.intuit.karate - assertion failed: path: $, actual: 500, expected: 200, reason: not equal (Integer)
10:56:14.790 [ForkJoinPool-1-worker-5] ERROR com.intuit.karate - feature call (loop) failed at index: 3
caller: classpath:InspireTest/ngr/datasetrecords/def/checkxlinkurl.template.feature
arg: {"link":"https://ngr.geocat.live/geonetwork/srv/eng/thesaurus.download?ref=external.theme.httpinspireeceuropaeumetadatacodelistPrioritydataset-Prioritydataset"}
checkxlinkurl.template.feature:22 - path: $, actual: 500, expected: 200, reason: not equal (Integer)
10:56:14.792 [ForkJoinPool-1-worker-5] INFO  com.intuit.karate - [print]
10:56:14.792 [ForkJoinPool-1-worker-5] INFO  com.intuit.karate - [print] testing xlinkurl:urn:ogc:def:crs:EPSG::5709
10:56:14.793 [ForkJoinPool-1-worker-5] ERROR com.intuit.karate - org.apache.http.client.ClientProtocolException: URI does not specify a valid host name: urn:ogc:def:crs:EPSG::5709, http call failed after 0 milliseconds for URL: urn:ogc:def:crs:EPSG::5709
10:56:14.793 [ForkJoinPool-1-worker-5] ERROR com.intuit.karate - http request failed: 
org.apache.http.client.ClientProtocolException: URI does not specify a valid host name: urn:ogc:def:crs:EPSG::5709
10:56:14.793 [ForkJoinPool-1-worker-5] ERROR com.intuit.karate - feature call (loop) failed at index: 4
caller: classpath:InspireTest/ngr/datasetrecords/def/checkxlinkurl.template.feature
arg: {"link":"urn:ogc:def:crs:EPSG::5709"}
checkxlinkurl.template.feature:14 - 
org.apache.http.client.ClientProtocolException: URI does not specify a valid host name: urn:ogc:def:crs:EPSG::5709
10:56:14.811 [ForkJoinPool-1-worker-9] INFO  com.intuit.karate - [print] title:Vogelrichtlijn verspreiding van soorten
10:56:14.814 [ForkJoinPool-1-worker-9] INFO  com.intuit.karate - [print] Vogelrichtlijn verspreiding van soorten
10:56:14.816 [ForkJoinPool-1-worker-9] INFO  com.intuit.karate - [print] [
  "geodatabeheer.giscc@rvo.nl",
  "GeoDesk.CGI@wur.nl",
  "geodatabeheer.giscc@rvo.nl",
  "beheerPDOK@kadaster.nl",
  ""
]

10:56:14.821 [ForkJoinPool-1-worker-9] INFO  com.intuit.karate - [print] organisation: [
  "Ministerie van Economische Zaken - GIS Competence Center",
  "Wageningen Environmental Research (Alterra)",
  "PDOK",
  "Sovon Vogelonderzoek Nederland"
]

10:56:14.826 [ForkJoinPool-1-worker-11] INFO  com.intuit.karate - [print] title:Vergunningen Mijnbouwwet onder INSPIRE
10:56:14.830 [ForkJoinPool-1-worker-11] INFO  com.intuit.karate - [print] Vergunningen Mijnbouwwet onder INSPIRE
10:56:14.831 [ForkJoinPool-1-worker-11] INFO  com.intuit.karate - [print] [
  "info@dinoloket.nl",
  "info@dinoloket.nl",
  "info@dinoloket.nl"
]

10:56:14.830 [ForkJoinPool-1-worker-9] INFO  com.intuit.karate - [print] [
  "https://www.nationaalgeoregister.nl/geonetwork/srv/dut/catalog.search#/metadata/fcefa13c-44e2-4953-b6d6-1ddceebc57fc"
]

10:56:14.837 [ForkJoinPool-1-worker-11] INFO  com.intuit.karate - [print] organisation: [
  "TNO Geologische Dienst Nederland",
  "TNO Geologische Dienst Nederland",
  "TNO Geologische Dienst Nederland"
]

10:56:14.842 [ForkJoinPool-1-worker-9] INFO  com.intuit.karate - [print]
10:56:14.843 [ForkJoinPool-1-worker-9] INFO  com.intuit.karate - [print] testing xlinkurl:https://www.nationaalgeoregister.nl/geonetwork/srv/dut/catalog.search#/metadata/fcefa13c-44e2-4953-b6d6-1ddceebc57fc
10:56:14.843 [ForkJoinPool-1-worker-11] INFO  com.intuit.karate - [print] [
  "https://nationaalgeoregister.nl/geonetwork/srv/resources8bdf76b6-c9c9-4011-a7bc-022ae14a4024",
  "http://rdfdata.eionet.europa.eu/inspirethemes/themes/24",
  "http://geonetwork-opensource.org/inspire-theme#",
  "https://www.nationaalgeoregister.nl/geonetwork/srv/eng/thesaurus.download?ref=external.theme.inspire-theme"
]

10:56:14.851 [ForkJoinPool-1-worker-11] INFO  com.intuit.karate - [print]
10:56:14.851 [ForkJoinPool-1-worker-11] INFO  com.intuit.karate - [print] testing xlinkurl:https://nationaalgeoregister.nl/geonetwork/srv/resources8bdf76b6-c9c9-4011-a7bc-022ae14a4024
10:56:14.930 [ForkJoinPool-1-worker-3] INFO  com.intuit.karate - [print] title:Bathymetrie Nederlands deel van de Noordzee dieper dan 10 m LAT
10:56:14.931 [ForkJoinPool-1-worker-3] INFO  com.intuit.karate - [print] Bathymetrie Nederlands deel van de Noordzee dieper dan 10 m LAT
10:56:14.936 [ForkJoinPool-1-worker-3] INFO  com.intuit.karate - [print] [
  "data@hydro.nl",
  "data@hydro.nl",
  "data@hydro.nl",
  "",
  ""
]

10:56:14.939 [ForkJoinPool-1-worker-3] INFO  com.intuit.karate - [print] organisation: [
  "Ministerie van Defensie, Koninklijke Marine, Dienst der Hydrografie",
  "Ministerie van Defensie, Koninklijke Marine, Dienst der Hydrografie"
]

10:56:14.946 [ForkJoinPool-1-worker-3] INFO  com.intuit.karate - [print] [
  "https://ngr.acceptatie.nationaalgeoregister.nl/geonetwork/srv/resources9d973c4a-ef03-4785-b7f6-942e86b385f7",
  "www.hydro.nl",
  "https://www.nationaalgeoregister.nl/geonetwork/srv/eng/thesaurus.download?ref=external.theme.inspire-theme"
]

10:56:14.952 [ForkJoinPool-1-worker-3] INFO  com.intuit.karate - [print]
10:56:14.953 [ForkJoinPool-1-worker-3] INFO  com.intuit.karate - [print] testing xlinkurl:https://ngr.acceptatie.nationaalgeoregister.nl/geonetwork/srv/resources9d973c4a-ef03-4785-b7f6-942e86b385f7
10:56:15.098 [ForkJoinPool-1-worker-13] ERROR com.intuit.karate - javax.net.ssl.SSLException: Connection reset, http call failed after 358 milliseconds for URL: https://data.rivm.nl/inspire/id#df9bc66f-941b-4c38-a104-1b8d940a53db
10:56:15.098 [ForkJoinPool-1-worker-13] ERROR com.intuit.karate - http request failed: 
javax.net.ssl.SSLException: Connection reset
10:56:15.098 [ForkJoinPool-1-worker-13] ERROR com.intuit.karate - feature call (loop) failed at index: 0
caller: classpath:InspireTest/ngr/datasetrecords/def/checkxlinkurl.template.feature
arg: {"link":"https://data.rivm.nl/inspire/id#df9bc66f-941b-4c38-a104-1b8d940a53db"}
checkxlinkurl.template.feature:14 - 
javax.net.ssl.SSLException: Connection reset
10:56:15.133 [ForkJoinPool-1-worker-11] ERROR com.intuit.karate - assertion failed: path: $, actual: 404, expected: 200, reason: not equal (Integer)
10:56:15.134 [ForkJoinPool-1-worker-11] ERROR com.intuit.karate - feature call (loop) failed at index: 0
caller: classpath:InspireTest/ngr/datasetrecords/def/checkxlinkurl.template.feature
arg: {"link":"https://nationaalgeoregister.nl/geonetwork/srv/resources8bdf76b6-c9c9-4011-a7bc-022ae14a4024"}
checkxlinkurl.template.feature:22 - path: $, actual: 404, expected: 200, reason: not equal (Integer)
10:56:15.135 [ForkJoinPool-1-worker-11] INFO  com.intuit.karate - [print]
10:56:15.135 [ForkJoinPool-1-worker-11] INFO  com.intuit.karate - [print] testing xlinkurl:http://rdfdata.eionet.europa.eu/inspirethemes/themes/24
10:56:15.244 [ForkJoinPool-1-worker-3] ERROR com.intuit.karate - assertion failed: path: $, actual: 404, expected: 200, reason: not equal (Integer)
10:56:15.244 [ForkJoinPool-1-worker-3] ERROR com.intuit.karate - feature call (loop) failed at index: 0
caller: classpath:InspireTest/ngr/datasetrecords/def/checkxlinkurl.template.feature
arg: {"link":"https://ngr.acceptatie.nationaalgeoregister.nl/geonetwork/srv/resources9d973c4a-ef03-4785-b7f6-942e86b385f7"}
checkxlinkurl.template.feature:22 - path: $, actual: 404, expected: 200, reason: not equal (Integer)
10:56:15.246 [ForkJoinPool-1-worker-3] INFO  com.intuit.karate - [print]
10:56:15.246 [ForkJoinPool-1-worker-3] INFO  com.intuit.karate - [print] testing xlinkurl:www.hydro.nl
10:56:15.247 [ForkJoinPool-1-worker-3] ERROR com.intuit.karate - org.apache.http.client.ClientProtocolException, http call failed after 0 milliseconds for URL: www.hydro.nl
10:56:15.247 [ForkJoinPool-1-worker-3] ERROR com.intuit.karate - http request failed: 
org.apache.http.client.ClientProtocolException
10:56:15.248 [ForkJoinPool-1-worker-3] ERROR com.intuit.karate - feature call (loop) failed at index: 1
caller: classpath:InspireTest/ngr/datasetrecords/def/checkxlinkurl.template.feature
arg: {"link":"www.hydro.nl"}
checkxlinkurl.template.feature:14 - 
org.apache.http.client.ClientProtocolException
10:56:15.249 [ForkJoinPool-1-worker-3] INFO  com.intuit.karate - [print]
10:56:15.250 [ForkJoinPool-1-worker-3] INFO  com.intuit.karate - [print] testing xlinkurl:https://www.nationaalgeoregister.nl/geonetwork/srv/eng/thesaurus.download?ref=external.theme.inspire-theme
10:56:15.343 [ForkJoinPool-1-worker-11] ERROR com.intuit.karate - assertion failed: path: $, actual: 404, expected: 200, reason: not equal (Integer)
10:56:15.344 [ForkJoinPool-1-worker-11] ERROR com.intuit.karate - feature call (loop) failed at index: 1
caller: classpath:InspireTest/ngr/datasetrecords/def/checkxlinkurl.template.feature
arg: {"link":"http://rdfdata.eionet.europa.eu/inspirethemes/themes/24"}
checkxlinkurl.template.feature:22 - path: $, actual: 404, expected: 200, reason: not equal (Integer)
10:56:15.346 [ForkJoinPool-1-worker-11] INFO  com.intuit.karate - [print]
10:56:15.347 [ForkJoinPool-1-worker-11] INFO  com.intuit.karate - [print] testing xlinkurl:http://geonetwork-opensource.org/inspire-theme#
10:56:15.470 [ForkJoinPool-1-worker-7] INFO  com.intuit.karate - [print] title:Blokindeling Nederlands Continentaal Plat
10:56:15.470 [ForkJoinPool-1-worker-7] INFO  com.intuit.karate - [print] Blokindeling Nederlands Continentaal Plat
10:56:15.471 [ForkJoinPool-1-worker-7] INFO  com.intuit.karate - [print] [
  "data@hydro.nl",
  "data@hydro.nl",
  "data@hydro.nl"
]

10:56:15.472 [ForkJoinPool-1-worker-7] INFO  com.intuit.karate - [print] organisation: [
  "Ministerie van Defensie, Koninklijke Marine, Dienst der Hydrografie",
  "Ministerie van Defensie, Koninklijke Marine, Dienst der Hydrografie",
  "Ministerie van Defensie, Koninklijke Marine, Dienst der Hydrografie"
]

10:56:15.474 [ForkJoinPool-1-worker-7] INFO  com.intuit.karate - [print] [
  "http://www.opengis.net/def/crs/EPSG/0/https://www.opengis.net/def/crs/EPSG/0/4258",
  "https://www.nationaalgeoregister.nl/geonetwork/srv/api/recordsc2225e5d-b46f-4e38-8445-ab10fd40c0dc"
]

10:56:15.480 [ForkJoinPool-1-worker-7] INFO  com.intuit.karate - [print]
10:56:15.480 [ForkJoinPool-1-worker-7] INFO  com.intuit.karate - [print] testing xlinkurl:http://www.opengis.net/def/crs/EPSG/0/https://www.opengis.net/def/crs/EPSG/0/4258
10:56:15.525 [ForkJoinPool-1-worker-5] INFO  com.intuit.karate - [print] title:Vaarwegmarkeringen Nederland
10:56:15.525 [ForkJoinPool-1-worker-5] INFO  com.intuit.karate - [print] Vaarwegmarkeringen Nederland
10:56:15.527 [ForkJoinPool-1-worker-5] INFO  com.intuit.karate - [print] [
  "servicedesk-data@rijkswaterstaat.nl",
  "servicedesk-data@rijkswaterstaat.nl",
  "",
  "servicedesk-data@rijkswaterstaat.nl",
  "servicedesk-data@rijkswaterstaat.nl"
]

10:56:15.529 [ForkJoinPool-1-worker-5] INFO  com.intuit.karate - [print] organisation: [
  "Rijkswaterstaat",
  "Rijkswaterstaat",
  "",
  "Rijkswaterstaat",
  "Rijkswaterstaat"
]

10:56:15.537 [ForkJoinPool-1-worker-5] INFO  com.intuit.karate - [print] [
  "https://www.nationaalgeoregister.nl/geonetwork/srv/dut/catalog.search#/metadata/be1b1514-8d1f-48e1-9624-fee9b784138b",
  "http://rdfdata.eionet.europa.eu/inspirethemes/themes/7",
  "urn:ogc:def:crs:EPSG::5709"
]

10:56:15.544 [ForkJoinPool-1-worker-5] INFO  com.intuit.karate - [print]
10:56:15.545 [ForkJoinPool-1-worker-5] INFO  com.intuit.karate - [print] testing xlinkurl:https://www.nationaalgeoregister.nl/geonetwork/srv/dut/catalog.search#/metadata/be1b1514-8d1f-48e1-9624-fee9b784138b
10:56:15.570 [ForkJoinPool-1-worker-3] ERROR com.intuit.karate - assertion failed: path: $, actual: 500, expected: 200, reason: not equal (Integer)
10:56:15.570 [ForkJoinPool-1-worker-3] ERROR com.intuit.karate - feature call (loop) failed at index: 2
caller: classpath:InspireTest/ngr/datasetrecords/def/checkxlinkurl.template.feature
arg: {"link":"https://www.nationaalgeoregister.nl/geonetwork/srv/eng/thesaurus.download?ref=external.theme.inspire-theme"}
checkxlinkurl.template.feature:22 - path: $, actual: 500, expected: 200, reason: not equal (Integer)
10:56:15.737 [ForkJoinPool-1-worker-13] INFO  com.intuit.karate - [print] title:Geluidkaart hoofdspoornet 2011 (Lnight)
10:56:15.738 [ForkJoinPool-1-worker-13] INFO  com.intuit.karate - [print] Geluidkaart hoofdspoornet 2011 (Lnight)
10:56:15.758 [ForkJoinPool-1-worker-13] INFO  com.intuit.karate - [print] [
  "sylvia.koolmees@minienw.nl",
  "sylvia.koolmees@minienw.nl"
]

10:56:15.759 [ForkJoinPool-1-worker-13] INFO  com.intuit.karate - [print] organisation: [
  "Ministerie van IenW",
  "Ministerie van IenW"
]

10:56:15.761 [ForkJoinPool-1-worker-13] INFO  com.intuit.karate - [print] [
  "https://www.nationaalgeoregister.nl/geonetwork/srv/api/records3e57ce43-7707-43ed-a4b9-72b3a6d812f8"
]

10:56:15.777 [ForkJoinPool-1-worker-13] INFO  com.intuit.karate - [print]
10:56:15.779 [ForkJoinPool-1-worker-13] INFO  com.intuit.karate - [print] testing xlinkurl:https://www.nationaalgeoregister.nl/geonetwork/srv/api/records3e57ce43-7707-43ed-a4b9-72b3a6d812f8
10:56:15.789 [ForkJoinPool-1-worker-7] INFO  com.intuit.karate - [print]
10:56:15.790 [ForkJoinPool-1-worker-7] INFO  com.intuit.karate - [print] testing xlinkurl:https://www.nationaalgeoregister.nl/geonetwork/srv/api/recordsc2225e5d-b46f-4e38-8445-ab10fd40c0dc
10:56:15.906 [ForkJoinPool-1-worker-5] INFO  com.intuit.karate - [print]
10:56:15.907 [ForkJoinPool-1-worker-5] INFO  com.intuit.karate - [print] testing xlinkurl:http://rdfdata.eionet.europa.eu/inspirethemes/themes/7
10:56:15.932 [ForkJoinPool-1-worker-9] INFO  com.intuit.karate - [print] title:Begrenzingen van vergunde ontgrondingsgebieden voor zand- en grindwinning
10:56:15.936 [ForkJoinPool-1-worker-9] INFO  com.intuit.karate - [print] Begrenzingen van vergunde ontgrondingsgebieden voor zand- en grindwinning
10:56:15.938 [ForkJoinPool-1-worker-9] INFO  com.intuit.karate - [print] [
  "inspire@gbo-provincies.nl",
  "inspire@gbo-provincies.nl",
  "inspire@gbo-provincies.nl"
]

10:56:15.940 [ForkJoinPool-1-worker-9] INFO  com.intuit.karate - [print] organisation: [
  "Interprovinciaal Overleg",
  "Interprovinciaal Overleg",
  "Interprovinciaal Overleg"
]

10:56:15.952 [ForkJoinPool-1-worker-9] INFO  com.intuit.karate - [print] [
  "http://www.opengis.net/def/crs/EPSG/0/http://www.opengis.net/def/crs/EPSG/0/3034",
  "http://nationaalgeoregister.nl/geonetwork/srv/dut/csw?SERVICE=CSW&version=2.0.2&REQUEST=GetRecordById&elementSetName=full&OutputSchema=http://www.isotc211.org/2005/gmd&ID=58e7dc38-a498-4852-b4ef-908f5baa9056",
  "https://creativecommons.org/publicdomain/mark/*/deed.nl",
  ""
]

10:56:15.966 [ForkJoinPool-1-worker-9] INFO  com.intuit.karate - [print]
10:56:15.967 [ForkJoinPool-1-worker-9] INFO  com.intuit.karate - [print] testing xlinkurl:http://www.opengis.net/def/crs/EPSG/0/http://www.opengis.net/def/crs/EPSG/0/3034
10:56:15.968 [ForkJoinPool-1-worker-11] ERROR com.intuit.karate - assertion failed: path: $, actual: 404, expected: 200, reason: not equal (Integer)
10:56:15.969 [ForkJoinPool-1-worker-11] ERROR com.intuit.karate - feature call (loop) failed at index: 2
caller: classpath:InspireTest/ngr/datasetrecords/def/checkxlinkurl.template.feature
arg: {"link":"http://geonetwork-opensource.org/inspire-theme#"}
checkxlinkurl.template.feature:22 - path: $, actual: 404, expected: 200, reason: not equal (Integer)
10:56:15.970 [ForkJoinPool-1-worker-11] INFO  com.intuit.karate - [print]
10:56:15.970 [ForkJoinPool-1-worker-11] INFO  com.intuit.karate - [print] testing xlinkurl:https://www.nationaalgeoregister.nl/geonetwork/srv/eng/thesaurus.download?ref=external.theme.inspire-theme
10:56:16.113 [ForkJoinPool-1-worker-5] ERROR com.intuit.karate - assertion failed: path: $, actual: 404, expected: 200, reason: not equal (Integer)
10:56:16.113 [ForkJoinPool-1-worker-5] ERROR com.intuit.karate - feature call (loop) failed at index: 1
caller: classpath:InspireTest/ngr/datasetrecords/def/checkxlinkurl.template.feature
arg: {"link":"http://rdfdata.eionet.europa.eu/inspirethemes/themes/7"}
checkxlinkurl.template.feature:22 - path: $, actual: 404, expected: 200, reason: not equal (Integer)
10:56:16.117 [ForkJoinPool-1-worker-5] INFO  com.intuit.karate - [print]
10:56:16.118 [ForkJoinPool-1-worker-5] INFO  com.intuit.karate - [print] testing xlinkurl:urn:ogc:def:crs:EPSG::5709
10:56:16.119 [ForkJoinPool-1-worker-5] ERROR com.intuit.karate - org.apache.http.client.ClientProtocolException: URI does not specify a valid host name: urn:ogc:def:crs:EPSG::5709, http call failed after 0 milliseconds for URL: urn:ogc:def:crs:EPSG::5709
10:56:16.120 [ForkJoinPool-1-worker-5] ERROR com.intuit.karate - http request failed: 
org.apache.http.client.ClientProtocolException: URI does not specify a valid host name: urn:ogc:def:crs:EPSG::5709
10:56:16.121 [ForkJoinPool-1-worker-5] ERROR com.intuit.karate - feature call (loop) failed at index: 2
caller: classpath:InspireTest/ngr/datasetrecords/def/checkxlinkurl.template.feature
arg: {"link":"urn:ogc:def:crs:EPSG::5709"}
checkxlinkurl.template.feature:14 - 
org.apache.http.client.ClientProtocolException: URI does not specify a valid host name: urn:ogc:def:crs:EPSG::5709
10:56:16.157 [ForkJoinPool-1-worker-3] INFO  com.intuit.karate - [print] title:Mosselzaadinvanginstallaties
10:56:16.157 [ForkJoinPool-1-worker-3] INFO  com.intuit.karate - [print] Mosselzaadinvanginstallaties
10:56:16.159 [ForkJoinPool-1-worker-3] INFO  com.intuit.karate - [print] [
  "geodatabeheer.giscc@rvo.nl",
  "VR@minez.nl",
  "geodatabeheer.giscc@rvo.nl",
  "beheer@pdok.nl"
]

10:56:16.160 [ForkJoinPool-1-worker-3] INFO  com.intuit.karate - [print] organisation: no organisationName found in dataset record
10:56:16.166 [ForkJoinPool-1-worker-3] INFO  com.intuit.karate - [print] [
  "http://www.nationaalgeoregister.nl/geonetwork/srv/dut/catalog.search#/metadata/a04afee4-47d5-45b7-b7a0-a6f86106af11",
  "https://data.overheid.nl/organisatie/PDOK"
]

10:56:16.173 [ForkJoinPool-1-worker-3] INFO  com.intuit.karate - [print]
10:56:16.174 [ForkJoinPool-1-worker-3] INFO  com.intuit.karate - [print] testing xlinkurl:http://www.nationaalgeoregister.nl/geonetwork/srv/dut/catalog.search#/metadata/a04afee4-47d5-45b7-b7a0-a6f86106af11
10:56:16.264 [ForkJoinPool-1-worker-7] ERROR com.intuit.karate - assertion failed: path: $, actual: 500, expected: 200, reason: not equal (Integer)
10:56:16.264 [ForkJoinPool-1-worker-7] ERROR com.intuit.karate - feature call (loop) failed at index: 1
caller: classpath:InspireTest/ngr/datasetrecords/def/checkxlinkurl.template.feature
arg: {"link":"https://www.nationaalgeoregister.nl/geonetwork/srv/api/recordsc2225e5d-b46f-4e38-8445-ab10fd40c0dc"}
checkxlinkurl.template.feature:22 - path: $, actual: 500, expected: 200, reason: not equal (Integer)
10:56:16.268 [ForkJoinPool-1-worker-13] ERROR com.intuit.karate - assertion failed: path: $, actual: 500, expected: 200, reason: not equal (Integer)
10:56:16.269 [ForkJoinPool-1-worker-13] ERROR com.intuit.karate - feature call (loop) failed at index: 0
caller: classpath:InspireTest/ngr/datasetrecords/def/checkxlinkurl.template.feature
arg: {"link":"https://www.nationaalgeoregister.nl/geonetwork/srv/api/records3e57ce43-7707-43ed-a4b9-72b3a6d812f8"}
checkxlinkurl.template.feature:22 - path: $, actual: 500, expected: 200, reason: not equal (Integer)
10:56:16.330 [ForkJoinPool-1-worker-11] ERROR com.intuit.karate - assertion failed: path: $, actual: 500, expected: 200, reason: not equal (Integer)
10:56:16.330 [ForkJoinPool-1-worker-11] ERROR com.intuit.karate - feature call (loop) failed at index: 3
caller: classpath:InspireTest/ngr/datasetrecords/def/checkxlinkurl.template.feature
arg: {"link":"https://www.nationaalgeoregister.nl/geonetwork/srv/eng/thesaurus.download?ref=external.theme.inspire-theme"}
checkxlinkurl.template.feature:22 - path: $, actual: 500, expected: 200, reason: not equal (Integer)
10:56:16.348 [ForkJoinPool-1-worker-9] INFO  com.intuit.karate - [print]
10:56:16.349 [ForkJoinPool-1-worker-9] INFO  com.intuit.karate - [print] testing xlinkurl:http://nationaalgeoregister.nl/geonetwork/srv/dut/csw?SERVICE=CSW&version=2.0.2&REQUEST=GetRecordById&elementSetName=full&OutputSchema=http://www.isotc211.org/2005/gmd&ID=58e7dc38-a498-4852-b4ef-908f5baa9056
10:56:16.421 [ForkJoinPool-1-worker-3] INFO  com.intuit.karate - [print]
10:56:16.421 [ForkJoinPool-1-worker-3] INFO  com.intuit.karate - [print] testing xlinkurl:https://data.overheid.nl/organisatie/PDOK
10:56:16.789 [ForkJoinPool-1-worker-5] INFO  com.intuit.karate - [print] title:Human Health NL NUTS2
10:56:16.789 [ForkJoinPool-1-worker-5] INFO  com.intuit.karate - [print] Human Health NL NUTS2
10:56:16.791 [ForkJoinPool-1-worker-5] INFO  com.intuit.karate - [print] [
  "infoservice@cbs.nl",
  "infoservice@cbs.nl",
  "infoservice@cbs.nl",
  "",
  ""
]

10:56:16.792 [ForkJoinPool-1-worker-5] INFO  com.intuit.karate - [print] organisation: [
  "Statistics Netherlands",
  "Statistics Netherlands",
  "Statistics Netherlandds",
  "Statistics Netherlands"
]

10:56:16.794 [ForkJoinPool-1-worker-5] INFO  com.intuit.karate - [print] [
]

10:56:16.847 [ForkJoinPool-1-worker-7] INFO  com.intuit.karate - [print] title:Kwaliteit van drinkwater in Nederland (2012)
10:56:16.848 [ForkJoinPool-1-worker-7] INFO  com.intuit.karate - [print] Kwaliteit van drinkwater in Nederland (2012)
10:56:16.849 [ForkJoinPool-1-worker-7] INFO  com.intuit.karate - [print] [
  "geodata@rivm.nl",
  "",
  "geodata@rivm.nl"
]

10:56:16.850 [ForkJoinPool-1-worker-7] INFO  com.intuit.karate - [print] organisation: [
  "RIVM",
  ""
]

10:56:16.852 [ForkJoinPool-1-worker-7] INFO  com.intuit.karate - [print] [
  "https://data.rivm.nl/inspire/id#a98a6cdb-61cd-4107-b775-2334e6772ed5"
]

10:56:16.859 [ForkJoinPool-1-worker-7] INFO  com.intuit.karate - [print]
10:56:16.859 [ForkJoinPool-1-worker-7] INFO  com.intuit.karate - [print] testing xlinkurl:https://data.rivm.nl/inspire/id#a98a6cdb-61cd-4107-b775-2334e6772ed5
10:56:17.006 [ForkJoinPool-1-worker-11] INFO  com.intuit.karate - [print] title:Luchtfoto 2018 25cm CIR open data
10:56:17.007 [ForkJoinPool-1-worker-11] INFO  com.intuit.karate - [print] Luchtfoto 2018 25cm CIR open data
10:56:17.009 [ForkJoinPool-1-worker-11] INFO  com.intuit.karate - [print] [
  "PPB-GVA@kadaster.nl",
  "info@hetwaterschapshuis.nl",
  "kcc@kadaster.nl",
  "",
  "",
  "",
  "",
  "",
  ""
]

10:56:17.011 [ForkJoinPool-1-worker-11] INFO  com.intuit.karate - [print] organisation: [
  "Kadaster",
  "Het Waterschapshuis",
  "Kadaster",
  "Eurosense",
  "Eurosense",
  "Eurosense",
  "Kadaster",
  "Kadaster"
]

10:56:17.014 [ForkJoinPool-1-worker-11] INFO  com.intuit.karate - [print] [
  "http://kadaster/2482250f-3b00-4439-9f93-f3118229b021",
  "",
  "",
  ""
]

10:56:17.022 [ForkJoinPool-1-worker-11] INFO  com.intuit.karate - [print]
10:56:17.023 [ForkJoinPool-1-worker-11] INFO  com.intuit.karate - [print] testing xlinkurl:http://kadaster/2482250f-3b00-4439-9f93-f3118229b021
10:56:17.031 [ForkJoinPool-1-worker-11] ERROR com.intuit.karate - java.net.UnknownHostException: kadaster: Temporary failure in name resolution, http call failed after 7 milliseconds for URL: http://kadaster/2482250f-3b00-4439-9f93-f3118229b021
10:56:17.032 [ForkJoinPool-1-worker-11] ERROR com.intuit.karate - http request failed: 
java.net.UnknownHostException: kadaster: Temporary failure in name resolution
10:56:17.032 [ForkJoinPool-1-worker-11] ERROR com.intuit.karate - feature call (loop) failed at index: 0
caller: classpath:InspireTest/ngr/datasetrecords/def/checkxlinkurl.template.feature
arg: {"link":"http://kadaster/2482250f-3b00-4439-9f93-f3118229b021"}
checkxlinkurl.template.feature:14 - 
java.net.UnknownHostException: kadaster: Temporary failure in name resolution
10:56:17.035 [ForkJoinPool-1-worker-11] INFO  com.intuit.karate - [print]
10:56:17.036 [ForkJoinPool-1-worker-11] INFO  com.intuit.karate - [print] testing xlinkurl:
10:56:17.037 [ForkJoinPool-1-worker-11] ERROR com.intuit.karate - org.apache.http.client.ClientProtocolException, http call failed after 0 milliseconds for URL: 
10:56:17.037 [ForkJoinPool-1-worker-11] ERROR com.intuit.karate - http request failed: 
org.apache.http.client.ClientProtocolException
10:56:17.038 [ForkJoinPool-1-worker-11] ERROR com.intuit.karate - feature call (loop) failed at index: 1
caller: classpath:InspireTest/ngr/datasetrecords/def/checkxlinkurl.template.feature
arg: {"link":""}
checkxlinkurl.template.feature:14 - 
org.apache.http.client.ClientProtocolException
10:56:17.040 [ForkJoinPool-1-worker-11] INFO  com.intuit.karate - [print]
10:56:17.045 [ForkJoinPool-1-worker-11] INFO  com.intuit.karate - [print] testing xlinkurl:
10:56:17.046 [ForkJoinPool-1-worker-11] ERROR com.intuit.karate - org.apache.http.client.ClientProtocolException, http call failed after 0 milliseconds for URL: 
10:56:17.047 [ForkJoinPool-1-worker-11] ERROR com.intuit.karate - http request failed: 
org.apache.http.client.ClientProtocolException
10:56:17.050 [ForkJoinPool-1-worker-9] INFO  com.intuit.karate - [print]
10:56:17.050 [ForkJoinPool-1-worker-9] INFO  com.intuit.karate - [print] testing xlinkurl:https://creativecommons.org/publicdomain/mark/*/deed.nl
10:56:17.052 [ForkJoinPool-1-worker-11] ERROR com.intuit.karate - feature call (loop) failed at index: 2
caller: classpath:InspireTest/ngr/datasetrecords/def/checkxlinkurl.template.feature
arg: {"link":""}
checkxlinkurl.template.feature:14 - 
org.apache.http.client.ClientProtocolException
10:56:17.057 [ForkJoinPool-1-worker-11] INFO  com.intuit.karate - [print]
10:56:17.060 [ForkJoinPool-1-worker-11] INFO  com.intuit.karate - [print] testing xlinkurl:
10:56:17.061 [ForkJoinPool-1-worker-11] ERROR com.intuit.karate - org.apache.http.client.ClientProtocolException, http call failed after 0 milliseconds for URL: 
10:56:17.062 [ForkJoinPool-1-worker-11] ERROR com.intuit.karate - http request failed: 
org.apache.http.client.ClientProtocolException
10:56:17.063 [ForkJoinPool-1-worker-11] ERROR com.intuit.karate - feature call (loop) failed at index: 3
caller: classpath:InspireTest/ngr/datasetrecords/def/checkxlinkurl.template.feature
arg: {"link":""}
checkxlinkurl.template.feature:14 - 
org.apache.http.client.ClientProtocolException
10:56:17.077 [ForkJoinPool-1-worker-13] INFO  com.intuit.karate - [print] title:Windsnelheden op 100m hoogte (m/s)
10:56:17.078 [ForkJoinPool-1-worker-13] INFO  com.intuit.karate - [print] Windsnelheden op 100m hoogte (m/s)
10:56:17.079 [ForkJoinPool-1-worker-13] INFO  com.intuit.karate - [print] [
  "geodatabeheer.giscc@rvo.nl",
  "geodatabeheer.giscc@rvo.nl",
  ""
]

10:56:17.081 [ForkJoinPool-1-worker-13] INFO  com.intuit.karate - [print] organisation: no organisationName found in dataset record
10:56:17.084 [ForkJoinPool-1-worker-13] INFO  com.intuit.karate - [print] [
  "https://nationaalgeoregister.nl/geonetwork/srv/dut/catalog.search#/metadata/d845cef6-0e23-4212-a951-b69763e39ef0"
]

10:56:17.094 [ForkJoinPool-1-worker-13] INFO  com.intuit.karate - [print]
10:56:17.094 [ForkJoinPool-1-worker-13] INFO  com.intuit.karate - [print] testing xlinkurl:https://nationaalgeoregister.nl/geonetwork/srv/dut/catalog.search#/metadata/d845cef6-0e23-4212-a951-b69763e39ef0
10:56:17.147 [ForkJoinPool-1-worker-9] ERROR com.intuit.karate - assertion failed: path: $, actual: 404, expected: 200, reason: not equal (Integer)
10:56:17.147 [ForkJoinPool-1-worker-9] ERROR com.intuit.karate - feature call (loop) failed at index: 2
caller: classpath:InspireTest/ngr/datasetrecords/def/checkxlinkurl.template.feature
arg: {"link":"https://creativecommons.org/publicdomain/mark/*/deed.nl"}
checkxlinkurl.template.feature:22 - path: $, actual: 404, expected: 200, reason: not equal (Integer)
10:56:17.152 [ForkJoinPool-1-worker-9] INFO  com.intuit.karate - [print]
10:56:17.152 [ForkJoinPool-1-worker-9] INFO  com.intuit.karate - [print] testing xlinkurl:
10:56:17.153 [ForkJoinPool-1-worker-9] ERROR com.intuit.karate - org.apache.http.client.ClientProtocolException, http call failed after 0 milliseconds for URL: 
10:56:17.154 [ForkJoinPool-1-worker-9] ERROR com.intuit.karate - http request failed: 
org.apache.http.client.ClientProtocolException
10:56:17.155 [ForkJoinPool-1-worker-9] ERROR com.intuit.karate - feature call (loop) failed at index: 3
caller: classpath:InspireTest/ngr/datasetrecords/def/checkxlinkurl.template.feature
arg: {"link":""}
checkxlinkurl.template.feature:14 - 
org.apache.http.client.ClientProtocolException
10:56:17.220 [ForkJoinPool-1-worker-7] ERROR com.intuit.karate - javax.net.ssl.SSLException: Connection reset, http call failed after 358 milliseconds for URL: https://data.rivm.nl/inspire/id#a98a6cdb-61cd-4107-b775-2334e6772ed5
10:56:17.221 [ForkJoinPool-1-worker-7] ERROR com.intuit.karate - http request failed: 
javax.net.ssl.SSLException: Connection reset
10:56:17.221 [ForkJoinPool-1-worker-7] ERROR com.intuit.karate - feature call (loop) failed at index: 0
caller: classpath:InspireTest/ngr/datasetrecords/def/checkxlinkurl.template.feature
arg: {"link":"https://data.rivm.nl/inspire/id#a98a6cdb-61cd-4107-b775-2334e6772ed5"}
checkxlinkurl.template.feature:14 - 
javax.net.ssl.SSLException: Connection reset
10:56:17.419 [ForkJoinPool-1-worker-3] ERROR com.intuit.karate - assertion failed: path: $, actual: 404, expected: 200, reason: not equal (Integer)
10:56:17.419 [ForkJoinPool-1-worker-3] ERROR com.intuit.karate - feature call (loop) failed at index: 1
caller: classpath:InspireTest/ngr/datasetrecords/def/checkxlinkurl.template.feature
arg: {"link":"https://data.overheid.nl/organisatie/PDOK"}
checkxlinkurl.template.feature:22 - path: $, actual: 404, expected: 200, reason: not equal (Integer)
10:56:17.431 [ForkJoinPool-1-worker-5] INFO  com.intuit.karate - [print] title:Geluidkaart hoofdspoornet 2011 (Lden)
10:56:17.432 [ForkJoinPool-1-worker-5] INFO  com.intuit.karate - [print] Geluidkaart hoofdspoornet 2011 (Lden)
10:56:17.433 [ForkJoinPool-1-worker-5] INFO  com.intuit.karate - [print] [
  "sylvia.koolmees@minienw.nl",
  "sylvia.koolmees@minienw.nl"
]

10:56:17.435 [ForkJoinPool-1-worker-5] INFO  com.intuit.karate - [print] organisation: [
  "Ministerie van IenW",
  "Ministerie van IenW"
]

10:56:17.437 [ForkJoinPool-1-worker-5] INFO  com.intuit.karate - [print] [
  "https://www.nationaalgeoregister.nl/geonetwork/srv/api/records844404a2-9cd0-452e-b29a-74588777485a"
]

10:56:17.450 [ForkJoinPool-1-worker-5] INFO  com.intuit.karate - [print]
10:56:17.451 [ForkJoinPool-1-worker-5] INFO  com.intuit.karate - [print] testing xlinkurl:https://www.nationaalgeoregister.nl/geonetwork/srv/api/records844404a2-9cd0-452e-b29a-74588777485a
10:56:17.634 [ForkJoinPool-1-worker-11] INFO  com.intuit.karate - [print] title:Grondwater Monitoring Net
10:56:17.634 [ForkJoinPool-1-worker-11] INFO  com.intuit.karate - [print] Grondwater Monitoring Net
10:56:17.636 [ForkJoinPool-1-worker-11] INFO  com.intuit.karate - [print] [
  "info@bro.nl",
  "Info@bro.nl",
  "info@dinoloket.nl"
]

10:56:17.637 [ForkJoinPool-1-worker-11] INFO  com.intuit.karate - [print] organisation: [
  "TNO Geologische Dienst Nederland",
  "TNO Geologische Dienst Nederland",
  "TNO Geologische Dienst Nederland"
]

10:56:17.643 [ForkJoinPool-1-worker-11] INFO  com.intuit.karate - [print] [
  "https://nationaalgeoregister.nl/geonetwork/srv/resourcesff07bd5a-d6eb-11ea-87d0-0242ac130003",
  "https://www.nationaalgeoregister.nl/geonetwork/srv/eng/thesaurus.download?ref=external.theme.inspire-theme"
]

10:56:17.648 [ForkJoinPool-1-worker-11] INFO  com.intuit.karate - [print]
10:56:17.648 [ForkJoinPool-1-worker-11] INFO  com.intuit.karate - [print] testing xlinkurl:https://nationaalgeoregister.nl/geonetwork/srv/resourcesff07bd5a-d6eb-11ea-87d0-0242ac130003
10:56:17.786 [ForkJoinPool-1-worker-5] ERROR com.intuit.karate - assertion failed: path: $, actual: 500, expected: 200, reason: not equal (Integer)
10:56:17.786 [ForkJoinPool-1-worker-5] ERROR com.intuit.karate - feature call (loop) failed at index: 0
caller: classpath:InspireTest/ngr/datasetrecords/def/checkxlinkurl.template.feature
arg: {"link":"https://www.nationaalgeoregister.nl/geonetwork/srv/api/records844404a2-9cd0-452e-b29a-74588777485a"}
checkxlinkurl.template.feature:22 - path: $, actual: 500, expected: 200, reason: not equal (Integer)
10:56:17.941 [ForkJoinPool-1-worker-9] INFO  com.intuit.karate - [print] title:Netwerk van KNMI waarneemstations
10:56:17.941 [ForkJoinPool-1-worker-9] INFO  com.intuit.karate - [print] Netwerk van KNMI waarneemstations
10:56:17.943 [ForkJoinPool-1-worker-9] INFO  com.intuit.karate - [print] [
  "datacentrum@knmi.nl",
  "datacentrum@knmi.nl",
  "datacentrum@knmi.nl"
]

10:56:17.949 [ForkJoinPool-1-worker-9] INFO  com.intuit.karate - [print] organisation: [
  "Koninklijk Nederlands Meteorologisch Instituut (KNMI)",
  "Koninklijk Nederlands Meteorologisch Instituut (KNMI)",
  "Koninklijk Nederlands Meteorologisch Instituut (KNMI)"
]

10:56:17.951 [ForkJoinPool-1-worker-9] INFO  com.intuit.karate - [print] [
  "https://www.nationaalgeoregister.nl/geonetwork/srv/api/records6c6be9c5-b09b-4dcf-a5fd-f149cbaca6fb",
  "https://creativecommons.org/publicdomain/zero/*/deed.nl"
]

10:56:17.948 [ForkJoinPool-1-worker-11] ERROR com.intuit.karate - assertion failed: path: $, actual: 404, expected: 200, reason: not equal (Integer)
10:56:17.954 [ForkJoinPool-1-worker-11] ERROR com.intuit.karate - feature call (loop) failed at index: 0
caller: classpath:InspireTest/ngr/datasetrecords/def/checkxlinkurl.template.feature
arg: {"link":"https://nationaalgeoregister.nl/geonetwork/srv/resourcesff07bd5a-d6eb-11ea-87d0-0242ac130003"}
checkxlinkurl.template.feature:22 - path: $, actual: 404, expected: 200, reason: not equal (Integer)
10:56:17.955 [ForkJoinPool-1-worker-11] INFO  com.intuit.karate - [print]
10:56:17.955 [ForkJoinPool-1-worker-11] INFO  com.intuit.karate - [print] testing xlinkurl:https://www.nationaalgeoregister.nl/geonetwork/srv/eng/thesaurus.download?ref=external.theme.inspire-theme
10:56:17.958 [ForkJoinPool-1-worker-9] INFO  com.intuit.karate - [print]
10:56:17.958 [ForkJoinPool-1-worker-9] INFO  com.intuit.karate - [print] testing xlinkurl:https://www.nationaalgeoregister.nl/geonetwork/srv/api/records6c6be9c5-b09b-4dcf-a5fd-f149cbaca6fb
10:56:18.021 [ForkJoinPool-1-worker-7] INFO  com.intuit.karate - [print] title:Vervoersnetwerken - Waterwegen (INSPIRE geharmoniseerd)
10:56:18.021 [ForkJoinPool-1-worker-7] INFO  com.intuit.karate - [print] Vervoersnetwerken - Waterwegen (INSPIRE geharmoniseerd)
10:56:18.022 [ForkJoinPool-1-worker-7] INFO  com.intuit.karate - [print] [
  "PPB-GVA@kadaster.nl",
  "kcc@kadaster.nl"
]

10:56:18.023 [ForkJoinPool-1-worker-7] INFO  com.intuit.karate - [print] organisation: [
  "Kadaster",
  "Kadaster"
]

10:56:18.025 [ForkJoinPool-1-worker-7] INFO  com.intuit.karate - [print] [
  "http://www.opengis.net/def/crs/EPSG/0/http://www.opengis.net/def/crs/EPSG/0/4258",
  "http://kadaster/ff1d6d44-aea1-4ad5-b084-9afea143f1bf"
]

10:56:18.030 [ForkJoinPool-1-worker-7] INFO  com.intuit.karate - [print]
10:56:18.030 [ForkJoinPool-1-worker-7] INFO  com.intuit.karate - [print] testing xlinkurl:http://www.opengis.net/def/crs/EPSG/0/http://www.opengis.net/def/crs/EPSG/0/4258
10:56:18.079 [ForkJoinPool-1-worker-3] INFO  com.intuit.karate - [print] title:Waterstanden en afvoeren verwacht - Rijkswaterstaat
10:56:18.079 [ForkJoinPool-1-worker-3] INFO  com.intuit.karate - [print] Waterstanden en afvoeren verwacht - Rijkswaterstaat
10:56:18.080 [ForkJoinPool-1-worker-3] INFO  com.intuit.karate - [print] [
  "servicedesk-data@rijkswaterstaat.nl",
  "servicedesk-data@rijkswaterstaat.nl",
  "",
  "servicedesk-data@rijkswaterstaat.nl",
  "servicedesk-data@rijkswaterstaat.nl"
]

10:56:18.081 [ForkJoinPool-1-worker-3] INFO  com.intuit.karate - [print] organisation: [
  "Rijkswaterstaat",
  "Rijkswaterstaat",
  "",
  "Rijkswaterstaat",
  "Rijkswaterstaat"
]

10:56:18.087 [ForkJoinPool-1-worker-3] INFO  com.intuit.karate - [print] [
  "https://www.nationaalgeoregister.nl/geonetwork/srv/dut/catalog.search#/metadata/25294679-adb9-4c39-a93b-6954ff9414ac",
  "http://rdfdata.eionet.europa.eu/inspirethemes/themes/20",
  "http://rdfdata.eionet.europa.eu/inspirethemes/themes/28",
  "urn:ogc:def:crs:EPSG::5709"
]

10:56:18.097 [ForkJoinPool-1-worker-3] INFO  com.intuit.karate - [print]
10:56:18.097 [ForkJoinPool-1-worker-3] INFO  com.intuit.karate - [print] testing xlinkurl:https://www.nationaalgeoregister.nl/geonetwork/srv/dut/catalog.search#/metadata/25294679-adb9-4c39-a93b-6954ff9414ac
10:56:18.136 [ForkJoinPool-1-worker-13] INFO  com.intuit.karate - [print] title:Natuurbranden
10:56:18.136 [ForkJoinPool-1-worker-13] INFO  com.intuit.karate - [print] Natuurbranden
10:56:18.137 [ForkJoinPool-1-worker-13] INFO  com.intuit.karate - [print] [
  "inspire@gbo-provincies.nl",
  "inspire@gbo-provincies.nl",
  "inspire@gbo-provincies.nl"
]

10:56:18.140 [ForkJoinPool-1-worker-13] INFO  com.intuit.karate - [print] organisation: [
  "Interprovinciaal Overleg",
  "Interprovinciaal Overleg",
  "Interprovinciaal Overleg"
]

10:56:18.143 [ForkJoinPool-1-worker-13] INFO  com.intuit.karate - [print] [
  "http://www.opengis.net/def/crs/EPSG/0/http://www.opengis.net/def/crs/EPSG/0/3034",
  "http://nationaalgeoregister.nl/geonetwork/srv/dut/csw?SERVICE=CSW&version=2.0.2&REQUEST=GetRecordById&elementSetName=full&OutputSchema=http://www.isotc211.org/2005/gmd&ID=88f76a94-ee4d-4e0c-9fde-91b692403e39",
  "https://creativecommons.org/publicdomain/mark/*/deed.nl",
  ""
]

10:56:18.149 [ForkJoinPool-1-worker-13] INFO  com.intuit.karate - [print]
10:56:18.152 [ForkJoinPool-1-worker-13] INFO  com.intuit.karate - [print] testing xlinkurl:http://www.opengis.net/def/crs/EPSG/0/http://www.opengis.net/def/crs/EPSG/0/3034
10:56:18.287 [ForkJoinPool-1-worker-9] ERROR com.intuit.karate - assertion failed: path: $, actual: 500, expected: 200, reason: not equal (Integer)
10:56:18.287 [ForkJoinPool-1-worker-9] ERROR com.intuit.karate - feature call (loop) failed at index: 0
caller: classpath:InspireTest/ngr/datasetrecords/def/checkxlinkurl.template.feature
arg: {"link":"https://www.nationaalgeoregister.nl/geonetwork/srv/api/records6c6be9c5-b09b-4dcf-a5fd-f149cbaca6fb"}
checkxlinkurl.template.feature:22 - path: $, actual: 500, expected: 200, reason: not equal (Integer)
10:56:18.291 [ForkJoinPool-1-worker-11] ERROR com.intuit.karate - assertion failed: path: $, actual: 500, expected: 200, reason: not equal (Integer)
10:56:18.291 [ForkJoinPool-1-worker-11] ERROR com.intuit.karate - feature call (loop) failed at index: 1
caller: classpath:InspireTest/ngr/datasetrecords/def/checkxlinkurl.template.feature
arg: {"link":"https://www.nationaalgeoregister.nl/geonetwork/srv/eng/thesaurus.download?ref=external.theme.inspire-theme"}
checkxlinkurl.template.feature:22 - path: $, actual: 500, expected: 200, reason: not equal (Integer)
10:56:18.297 [ForkJoinPool-1-worker-9] INFO  com.intuit.karate - [print]
10:56:18.297 [ForkJoinPool-1-worker-9] INFO  com.intuit.karate - [print] testing xlinkurl:https://creativecommons.org/publicdomain/zero/*/deed.nl
10:56:18.328 [ForkJoinPool-1-worker-7] INFO  com.intuit.karate - [print]
10:56:18.329 [ForkJoinPool-1-worker-7] INFO  com.intuit.karate - [print] testing xlinkurl:http://kadaster/ff1d6d44-aea1-4ad5-b084-9afea143f1bf
10:56:18.331 [ForkJoinPool-1-worker-7] ERROR com.intuit.karate - java.net.UnknownHostException: kadaster, http call failed after 1 milliseconds for URL: http://kadaster/ff1d6d44-aea1-4ad5-b084-9afea143f1bf
10:56:18.331 [ForkJoinPool-1-worker-7] ERROR com.intuit.karate - http request failed: 
java.net.UnknownHostException: kadaster
10:56:18.332 [ForkJoinPool-1-worker-7] ERROR com.intuit.karate - feature call (loop) failed at index: 1
caller: classpath:InspireTest/ngr/datasetrecords/def/checkxlinkurl.template.feature
arg: {"link":"http://kadaster/ff1d6d44-aea1-4ad5-b084-9afea143f1bf"}
checkxlinkurl.template.feature:14 - 
java.net.UnknownHostException: kadaster
10:56:18.350 [ForkJoinPool-1-worker-5] INFO  com.intuit.karate - [print] title:Vervoersnetwerken - Wegen (INSPIRE geharmoniseerd) - RWS
10:56:18.351 [ForkJoinPool-1-worker-5] INFO  com.intuit.karate - [print] Vervoersnetwerken - Wegen (INSPIRE geharmoniseerd) - RWS
10:56:18.353 [ForkJoinPool-1-worker-5] INFO  com.intuit.karate - [print] [
  "servicedesk-data@rijkswaterstaat.nl",
  "beheerPDOK@kadaster.nl",
  "",
  "beheerPDOK@kadaster.nl",
  "servicedesk-data@rijkswaterstaat.nl"
]

10:56:18.355 [ForkJoinPool-1-worker-5] INFO  com.intuit.karate - [print] organisation: [
  "Rijkswaterstaat",
  "Rijkswaterstaat",
  "",
  "Beheer PDOK",
  "Rijkswaterstaat"
]

10:56:18.358 [ForkJoinPool-1-worker-5] INFO  com.intuit.karate - [print] [
  "https://www.nationaalgeoregister.nl/geonetwork/srv/dut/catalog.search#/metadata/eu-cb527d-f6db-4835-b0cd-deb245241254",
  "http://rdfdata.eionet.europa.eu/inspirethemes/themes/7",
  "http://inspire.ec.europa.eu/metadata-codelist/Prioritydataset/SurfaceWaterBodies-dir-2000-60",
  "https://ngr.geocat.live/geonetwork/srv/eng/thesaurus.download?ref=external.theme.httpinspireeceuropaeumetadatacodelistPrioritydataset-Prioritydataset"
]

10:56:18.370 [ForkJoinPool-1-worker-5] INFO  com.intuit.karate - [print]
10:56:18.371 [ForkJoinPool-1-worker-5] INFO  com.intuit.karate - [print] testing xlinkurl:https://www.nationaalgeoregister.nl/geonetwork/srv/dut/catalog.search#/metadata/eu-cb527d-f6db-4835-b0cd-deb245241254
10:56:18.394 [ForkJoinPool-1-worker-9] ERROR com.intuit.karate - assertion failed: path: $, actual: 404, expected: 200, reason: not equal (Integer)
10:56:18.394 [ForkJoinPool-1-worker-9] ERROR com.intuit.karate - feature call (loop) failed at index: 1
caller: classpath:InspireTest/ngr/datasetrecords/def/checkxlinkurl.template.feature
arg: {"link":"https://creativecommons.org/publicdomain/zero/*/deed.nl"}
checkxlinkurl.template.feature:22 - path: $, actual: 404, expected: 200, reason: not equal (Integer)
10:56:18.411 [ForkJoinPool-1-worker-3] INFO  com.intuit.karate - [print]
10:56:18.411 [ForkJoinPool-1-worker-3] INFO  com.intuit.karate - [print] testing xlinkurl:http://rdfdata.eionet.europa.eu/inspirethemes/themes/20
10:56:18.450 [ForkJoinPool-1-worker-13] INFO  com.intuit.karate - [print]
10:56:18.450 [ForkJoinPool-1-worker-13] INFO  com.intuit.karate - [print] testing xlinkurl:http://nationaalgeoregister.nl/geonetwork/srv/dut/csw?SERVICE=CSW&version=2.0.2&REQUEST=GetRecordById&elementSetName=full&OutputSchema=http://www.isotc211.org/2005/gmd&ID=88f76a94-ee4d-4e0c-9fde-91b692403e39
10:56:18.615 [ForkJoinPool-1-worker-3] ERROR com.intuit.karate - assertion failed: path: $, actual: 404, expected: 200, reason: not equal (Integer)
10:56:18.615 [ForkJoinPool-1-worker-3] ERROR com.intuit.karate - feature call (loop) failed at index: 1
caller: classpath:InspireTest/ngr/datasetrecords/def/checkxlinkurl.template.feature
arg: {"link":"http://rdfdata.eionet.europa.eu/inspirethemes/themes/20"}
checkxlinkurl.template.feature:22 - path: $, actual: 404, expected: 200, reason: not equal (Integer)
10:56:18.617 [ForkJoinPool-1-worker-3] INFO  com.intuit.karate - [print]
10:56:18.618 [ForkJoinPool-1-worker-3] INFO  com.intuit.karate - [print] testing xlinkurl:http://rdfdata.eionet.europa.eu/inspirethemes/themes/28
10:56:18.749 [ForkJoinPool-1-worker-5] INFO  com.intuit.karate - [print]
10:56:18.749 [ForkJoinPool-1-worker-5] INFO  com.intuit.karate - [print] testing xlinkurl:http://rdfdata.eionet.europa.eu/inspirethemes/themes/7
10:56:18.831 [ForkJoinPool-1-worker-3] ERROR com.intuit.karate - assertion failed: path: $, actual: 404, expected: 200, reason: not equal (Integer)
10:56:18.831 [ForkJoinPool-1-worker-3] ERROR com.intuit.karate - feature call (loop) failed at index: 2
caller: classpath:InspireTest/ngr/datasetrecords/def/checkxlinkurl.template.feature
arg: {"link":"http://rdfdata.eionet.europa.eu/inspirethemes/themes/28"}
checkxlinkurl.template.feature:22 - path: $, actual: 404, expected: 200, reason: not equal (Integer)
10:56:18.834 [ForkJoinPool-1-worker-3] INFO  com.intuit.karate - [print]
10:56:18.834 [ForkJoinPool-1-worker-3] INFO  com.intuit.karate - [print] testing xlinkurl:urn:ogc:def:crs:EPSG::5709
10:56:18.835 [ForkJoinPool-1-worker-3] ERROR com.intuit.karate - org.apache.http.client.ClientProtocolException: URI does not specify a valid host name: urn:ogc:def:crs:EPSG::5709, http call failed after 0 milliseconds for URL: urn:ogc:def:crs:EPSG::5709
10:56:18.836 [ForkJoinPool-1-worker-3] ERROR com.intuit.karate - http request failed: 
org.apache.http.client.ClientProtocolException: URI does not specify a valid host name: urn:ogc:def:crs:EPSG::5709
10:56:18.836 [ForkJoinPool-1-worker-3] ERROR com.intuit.karate - feature call (loop) failed at index: 3
caller: classpath:InspireTest/ngr/datasetrecords/def/checkxlinkurl.template.feature
arg: {"link":"urn:ogc:def:crs:EPSG::5709"}
checkxlinkurl.template.feature:14 - 
org.apache.http.client.ClientProtocolException: URI does not specify a valid host name: urn:ogc:def:crs:EPSG::5709
10:56:18.904 [ForkJoinPool-1-worker-9] INFO  com.intuit.karate - [print] title:Vaarweg netwerk Nederland (VNDS) - bevaarbaarheidsinformatie
10:56:18.904 [ForkJoinPool-1-worker-9] INFO  com.intuit.karate - [print] Vaarweg netwerk Nederland (VNDS) - bevaarbaarheidsinformatie
10:56:18.906 [ForkJoinPool-1-worker-9] INFO  com.intuit.karate - [print] [
  "servicedesk-data@rws.nl",
  "servicedesk-data@rws.nl",
  "servicedesk-data@rws.nl",
  "servicedesk-data@rws.nl",
  "servicedesk-data@rws.nl"
]

10:56:18.908 [ForkJoinPool-1-worker-9] INFO  com.intuit.karate - [print] organisation: [
  "Rijkswaterstaat",
  "Rijkswaterstaat",
  "Rijkswaterstaat",
  "Rijkswaterstaat",
  "Rijkswaterstaat"
]

10:56:18.910 [ForkJoinPool-1-worker-9] INFO  com.intuit.karate - [print] [
  "u",
  "r",
  "n",
  ":",
  "o",
  "g",
  "c",
  ":",
  "d",
  "e",
  "f",
  ":",
  "c",
  "r",
  "s",
  ":",
  "E",
  "P",
  "S",
  "G",
  ":",
  ":",
  "5",
  "7",
  "0",
  "9"
]

10:56:18.916 [ForkJoinPool-1-worker-9] INFO  com.intuit.karate - [print]
10:56:18.917 [ForkJoinPool-1-worker-9] INFO  com.intuit.karate - [print] testing xlinkurl:u
10:56:18.918 [ForkJoinPool-1-worker-9] ERROR com.intuit.karate - org.apache.http.client.ClientProtocolException, http call failed after 0 milliseconds for URL: u
10:56:18.919 [ForkJoinPool-1-worker-9] ERROR com.intuit.karate - http request failed: 
org.apache.http.client.ClientProtocolException
10:56:18.920 [ForkJoinPool-1-worker-9] ERROR com.intuit.karate - feature call (loop) failed at index: 0
caller: classpath:InspireTest/ngr/datasetrecords/def/checkxlinkurl.template.feature
arg: {"link":"u"}
checkxlinkurl.template.feature:14 - 
org.apache.http.client.ClientProtocolException
10:56:18.922 [ForkJoinPool-1-worker-9] INFO  com.intuit.karate - [print]
10:56:18.922 [ForkJoinPool-1-worker-9] INFO  com.intuit.karate - [print] testing xlinkurl:r
10:56:18.923 [ForkJoinPool-1-worker-9] ERROR com.intuit.karate - org.apache.http.client.ClientProtocolException, http call failed after 0 milliseconds for URL: r
10:56:18.924 [ForkJoinPool-1-worker-9] ERROR com.intuit.karate - http request failed: 
org.apache.http.client.ClientProtocolException
10:56:18.925 [ForkJoinPool-1-worker-9] ERROR com.intuit.karate - feature call (loop) failed at index: 1
caller: classpath:InspireTest/ngr/datasetrecords/def/checkxlinkurl.template.feature
arg: {"link":"r"}
checkxlinkurl.template.feature:14 - 
org.apache.http.client.ClientProtocolException
10:56:18.927 [ForkJoinPool-1-worker-9] INFO  com.intuit.karate - [print]
10:56:18.927 [ForkJoinPool-1-worker-9] INFO  com.intuit.karate - [print] testing xlinkurl:n
10:56:18.928 [ForkJoinPool-1-worker-9] ERROR com.intuit.karate - org.apache.http.client.ClientProtocolException, http call failed after 0 milliseconds for URL: n
10:56:18.928 [ForkJoinPool-1-worker-9] ERROR com.intuit.karate - http request failed: 
org.apache.http.client.ClientProtocolException
10:56:18.929 [ForkJoinPool-1-worker-9] ERROR com.intuit.karate - feature call (loop) failed at index: 2
caller: classpath:InspireTest/ngr/datasetrecords/def/checkxlinkurl.template.feature
arg: {"link":"n"}
checkxlinkurl.template.feature:14 - 
org.apache.http.client.ClientProtocolException
10:56:18.931 [ForkJoinPool-1-worker-9] INFO  com.intuit.karate - [print]
10:56:18.933 [ForkJoinPool-1-worker-9] INFO  com.intuit.karate - [print] testing xlinkurl::
10:56:18.933 [ForkJoinPool-1-worker-9] ERROR com.intuit.karate - http request failed: java.net.URISyntaxException: Expected scheme name at index 0: :
10:56:18.933 [ForkJoinPool-1-worker-9] ERROR com.intuit.karate - feature call (loop) failed at index: 3
caller: classpath:InspireTest/ngr/datasetrecords/def/checkxlinkurl.template.feature
arg: {"link":":"}
checkxlinkurl.template.feature:14 - java.net.URISyntaxException: Expected scheme name at index 0: :
10:56:18.934 [ForkJoinPool-1-worker-9] INFO  com.intuit.karate - [print]
10:56:18.934 [ForkJoinPool-1-worker-9] INFO  com.intuit.karate - [print] testing xlinkurl:o
10:56:18.934 [ForkJoinPool-1-worker-9] ERROR com.intuit.karate - org.apache.http.client.ClientProtocolException, http call failed after 0 milliseconds for URL: o
10:56:18.934 [ForkJoinPool-1-worker-9] ERROR com.intuit.karate - http request failed: 
org.apache.http.client.ClientProtocolException
10:56:18.934 [ForkJoinPool-1-worker-9] ERROR com.intuit.karate - feature call (loop) failed at index: 4
caller: classpath:InspireTest/ngr/datasetrecords/def/checkxlinkurl.template.feature
arg: {"link":"o"}
checkxlinkurl.template.feature:14 - 
org.apache.http.client.ClientProtocolException
10:56:18.935 [ForkJoinPool-1-worker-9] INFO  com.intuit.karate - [print]
10:56:18.935 [ForkJoinPool-1-worker-9] INFO  com.intuit.karate - [print] testing xlinkurl:g
10:56:18.935 [ForkJoinPool-1-worker-9] ERROR com.intuit.karate - org.apache.http.client.ClientProtocolException, http call failed after 0 milliseconds for URL: g
10:56:18.935 [ForkJoinPool-1-worker-9] ERROR com.intuit.karate - http request failed: 
org.apache.http.client.ClientProtocolException
10:56:18.936 [ForkJoinPool-1-worker-9] ERROR com.intuit.karate - feature call (loop) failed at index: 5
caller: classpath:InspireTest/ngr/datasetrecords/def/checkxlinkurl.template.feature
arg: {"link":"g"}
checkxlinkurl.template.feature:14 - 
org.apache.http.client.ClientProtocolException
10:56:18.936 [ForkJoinPool-1-worker-11] INFO  com.intuit.karate - [print] title:Habitatrichtlijn verspreidingsgebied van habitattypen
10:56:18.936 [ForkJoinPool-1-worker-11] INFO  com.intuit.karate - [print] Habitatrichtlijn verspreidingsgebied van habitattypen
10:56:18.936 [ForkJoinPool-1-worker-9] INFO  com.intuit.karate - [print]
10:56:18.936 [ForkJoinPool-1-worker-9] INFO  com.intuit.karate - [print] testing xlinkurl:c
10:56:18.936 [ForkJoinPool-1-worker-9] ERROR com.intuit.karate - org.apache.http.client.ClientProtocolException, http call failed after 0 milliseconds for URL: c
10:56:18.937 [ForkJoinPool-1-worker-9] ERROR com.intuit.karate - http request failed: 
org.apache.http.client.ClientProtocolException
10:56:18.937 [ForkJoinPool-1-worker-9] ERROR com.intuit.karate - feature call (loop) failed at index: 6
caller: classpath:InspireTest/ngr/datasetrecords/def/checkxlinkurl.template.feature
arg: {"link":"c"}
checkxlinkurl.template.feature:14 - 
org.apache.http.client.ClientProtocolException
10:56:18.937 [ForkJoinPool-1-worker-11] INFO  com.intuit.karate - [print] [
  "geodatabeheer.giscc@rvo.nl",
  "",
  "GeoDesk.CGI@wur.nl",
  "geodatabeheer.giscc@rvo.nl",
  "beheerPDOK@kadaster.nl",
  ""
]

10:56:18.937 [ForkJoinPool-1-worker-9] INFO  com.intuit.karate - [print]
10:56:18.937 [ForkJoinPool-1-worker-9] INFO  com.intuit.karate - [print] testing xlinkurl::
10:56:18.937 [ForkJoinPool-1-worker-9] ERROR com.intuit.karate - http request failed: java.net.URISyntaxException: Expected scheme name at index 0: :
10:56:18.937 [ForkJoinPool-1-worker-9] ERROR com.intuit.karate - feature call (loop) failed at index: 7
caller: classpath:InspireTest/ngr/datasetrecords/def/checkxlinkurl.template.feature
arg: {"link":":"}
checkxlinkurl.template.feature:14 - java.net.URISyntaxException: Expected scheme name at index 0: :
10:56:18.942 [ForkJoinPool-1-worker-11] INFO  com.intuit.karate - [print] organisation: [
  "Ministerie van Economische Zaken - GIS Competence Center",
  "",
  "Wageningen Environmental Research (Alterra)",
  "PDOK",
  "Alterra"
]

10:56:18.964 [ForkJoinPool-1-worker-5] ERROR com.intuit.karate - assertion failed: path: $, actual: 404, expected: 200, reason: not equal (Integer)
10:56:18.964 [ForkJoinPool-1-worker-5] ERROR com.intuit.karate - feature call (loop) failed at index: 1
caller: classpath:InspireTest/ngr/datasetrecords/def/checkxlinkurl.template.feature
arg: {"link":"http://rdfdata.eionet.europa.eu/inspirethemes/themes/7"}
checkxlinkurl.template.feature:22 - path: $, actual: 404, expected: 200, reason: not equal (Integer)
10:56:18.965 [ForkJoinPool-1-worker-5] INFO  com.intuit.karate - [print]
10:56:18.965 [ForkJoinPool-1-worker-5] INFO  com.intuit.karate - [print] testing xlinkurl:http://inspire.ec.europa.eu/metadata-codelist/Prioritydataset/SurfaceWaterBodies-dir-2000-60
10:56:18.970 [ForkJoinPool-1-worker-9] INFO  com.intuit.karate - [print]
10:56:18.970 [ForkJoinPool-1-worker-9] INFO  com.intuit.karate - [print] testing xlinkurl:d
10:56:18.971 [ForkJoinPool-1-worker-9] ERROR com.intuit.karate - org.apache.http.client.ClientProtocolException, http call failed after 0 milliseconds for URL: d
10:56:18.971 [ForkJoinPool-1-worker-9] ERROR com.intuit.karate - http request failed: 
org.apache.http.client.ClientProtocolException
10:56:18.971 [ForkJoinPool-1-worker-9] ERROR com.intuit.karate - feature call (loop) failed at index: 8
caller: classpath:InspireTest/ngr/datasetrecords/def/checkxlinkurl.template.feature
arg: {"link":"d"}
checkxlinkurl.template.feature:14 - 
org.apache.http.client.ClientProtocolException
10:56:18.971 [ForkJoinPool-1-worker-11] INFO  com.intuit.karate - [print] [
  "https://ngr.acceptatie.nationaalgeoregister.nl/geonetwork/srv/resources03671a9e-6aaf-464d-be99-9aad25cef9e3"
]

10:56:18.975 [ForkJoinPool-1-worker-9] INFO  com.intuit.karate - [print]
10:56:18.975 [ForkJoinPool-1-worker-9] INFO  com.intuit.karate - [print] testing xlinkurl:e
10:56:18.976 [ForkJoinPool-1-worker-9] ERROR com.intuit.karate - org.apache.http.client.ClientProtocolException, http call failed after 0 milliseconds for URL: e
10:56:18.976 [ForkJoinPool-1-worker-9] ERROR com.intuit.karate - http request failed: 
org.apache.http.client.ClientProtocolException
10:56:18.976 [ForkJoinPool-1-worker-9] ERROR com.intuit.karate - feature call (loop) failed at index: 9
caller: classpath:InspireTest/ngr/datasetrecords/def/checkxlinkurl.template.feature
arg: {"link":"e"}
checkxlinkurl.template.feature:14 - 
org.apache.http.client.ClientProtocolException
10:56:18.976 [ForkJoinPool-1-worker-9] INFO  com.intuit.karate - [print]
10:56:18.977 [ForkJoinPool-1-worker-9] INFO  com.intuit.karate - [print] testing xlinkurl:f
10:56:18.977 [ForkJoinPool-1-worker-9] ERROR com.intuit.karate - org.apache.http.client.ClientProtocolException, http call failed after 0 milliseconds for URL: f
10:56:18.977 [ForkJoinPool-1-worker-9] ERROR com.intuit.karate - http request failed: 
org.apache.http.client.ClientProtocolException
10:56:18.977 [ForkJoinPool-1-worker-9] ERROR com.intuit.karate - feature call (loop) failed at index: 10
caller: classpath:InspireTest/ngr/datasetrecords/def/checkxlinkurl.template.feature
arg: {"link":"f"}
checkxlinkurl.template.feature:14 - 
org.apache.http.client.ClientProtocolException
10:56:18.980 [ForkJoinPool-1-worker-9] INFO  com.intuit.karate - [print]
10:56:18.982 [ForkJoinPool-1-worker-9] INFO  com.intuit.karate - [print] testing xlinkurl::
10:56:18.982 [ForkJoinPool-1-worker-9] ERROR com.intuit.karate - http request failed: java.net.URISyntaxException: Expected scheme name at index 0: :
10:56:18.982 [ForkJoinPool-1-worker-9] ERROR com.intuit.karate - feature call (loop) failed at index: 11
caller: classpath:InspireTest/ngr/datasetrecords/def/checkxlinkurl.template.feature
arg: {"link":":"}
checkxlinkurl.template.feature:14 - java.net.URISyntaxException: Expected scheme name at index 0: :
10:56:18.983 [ForkJoinPool-1-worker-9] INFO  com.intuit.karate - [print]
10:56:18.984 [ForkJoinPool-1-worker-9] INFO  com.intuit.karate - [print] testing xlinkurl:c
10:56:18.985 [ForkJoinPool-1-worker-9] ERROR com.intuit.karate - org.apache.http.client.ClientProtocolException, http call failed after 0 milliseconds for URL: c
10:56:18.984 [ForkJoinPool-1-worker-11] INFO  com.intuit.karate - [print]
10:56:18.986 [ForkJoinPool-1-worker-11] INFO  com.intuit.karate - [print] testing xlinkurl:https://ngr.acceptatie.nationaalgeoregister.nl/geonetwork/srv/resources03671a9e-6aaf-464d-be99-9aad25cef9e3
10:56:18.987 [ForkJoinPool-1-worker-9] ERROR com.intuit.karate - http request failed: 
org.apache.http.client.ClientProtocolException
10:56:18.987 [ForkJoinPool-1-worker-9] ERROR com.intuit.karate - feature call (loop) failed at index: 12
caller: classpath:InspireTest/ngr/datasetrecords/def/checkxlinkurl.template.feature
arg: {"link":"c"}
checkxlinkurl.template.feature:14 - 
org.apache.http.client.ClientProtocolException
10:56:18.988 [ForkJoinPool-1-worker-9] INFO  com.intuit.karate - [print]
10:56:18.989 [ForkJoinPool-1-worker-9] INFO  com.intuit.karate - [print] testing xlinkurl:r
10:56:18.989 [ForkJoinPool-1-worker-9] ERROR com.intuit.karate - org.apache.http.client.ClientProtocolException, http call failed after 0 milliseconds for URL: r
10:56:18.990 [ForkJoinPool-1-worker-9] ERROR com.intuit.karate - http request failed: 
org.apache.http.client.ClientProtocolException
10:56:18.990 [ForkJoinPool-1-worker-9] ERROR com.intuit.karate - feature call (loop) failed at index: 13
caller: classpath:InspireTest/ngr/datasetrecords/def/checkxlinkurl.template.feature
arg: {"link":"r"}
checkxlinkurl.template.feature:14 - 
org.apache.http.client.ClientProtocolException
10:56:18.991 [ForkJoinPool-1-worker-9] INFO  com.intuit.karate - [print]
10:56:18.992 [ForkJoinPool-1-worker-9] INFO  com.intuit.karate - [print] testing xlinkurl:s
10:56:18.993 [ForkJoinPool-1-worker-9] ERROR com.intuit.karate - org.apache.http.client.ClientProtocolException, http call failed after 0 milliseconds for URL: s
10:56:18.993 [ForkJoinPool-1-worker-9] ERROR com.intuit.karate - http request failed: 
org.apache.http.client.ClientProtocolException
10:56:18.993 [ForkJoinPool-1-worker-9] ERROR com.intuit.karate - feature call (loop) failed at index: 14
caller: classpath:InspireTest/ngr/datasetrecords/def/checkxlinkurl.template.feature
arg: {"link":"s"}
checkxlinkurl.template.feature:14 - 
org.apache.http.client.ClientProtocolException
10:56:18.994 [ForkJoinPool-1-worker-9] INFO  com.intuit.karate - [print]
10:56:18.995 [ForkJoinPool-1-worker-9] INFO  com.intuit.karate - [print] testing xlinkurl::
10:56:18.995 [ForkJoinPool-1-worker-9] ERROR com.intuit.karate - http request failed: java.net.URISyntaxException: Expected scheme name at index 0: :
10:56:18.996 [ForkJoinPool-1-worker-9] ERROR com.intuit.karate - feature call (loop) failed at index: 15
caller: classpath:InspireTest/ngr/datasetrecords/def/checkxlinkurl.template.feature
arg: {"link":":"}
checkxlinkurl.template.feature:14 - java.net.URISyntaxException: Expected scheme name at index 0: :
10:56:18.997 [ForkJoinPool-1-worker-9] INFO  com.intuit.karate - [print]
10:56:18.998 [ForkJoinPool-1-worker-9] INFO  com.intuit.karate - [print] testing xlinkurl:E
10:56:18.998 [ForkJoinPool-1-worker-9] ERROR com.intuit.karate - org.apache.http.client.ClientProtocolException, http call failed after 0 milliseconds for URL: E
10:56:18.999 [ForkJoinPool-1-worker-9] ERROR com.intuit.karate - http request failed: 
org.apache.http.client.ClientProtocolException
10:56:18.999 [ForkJoinPool-1-worker-9] ERROR com.intuit.karate - feature call (loop) failed at index: 16
caller: classpath:InspireTest/ngr/datasetrecords/def/checkxlinkurl.template.feature
arg: {"link":"E"}
checkxlinkurl.template.feature:14 - 
org.apache.http.client.ClientProtocolException
10:56:19.000 [ForkJoinPool-1-worker-9] INFO  com.intuit.karate - [print]
10:56:19.001 [ForkJoinPool-1-worker-9] INFO  com.intuit.karate - [print] testing xlinkurl:P
10:56:19.002 [ForkJoinPool-1-worker-9] ERROR com.intuit.karate - org.apache.http.client.ClientProtocolException, http call failed after 0 milliseconds for URL: P
10:56:19.003 [ForkJoinPool-1-worker-9] ERROR com.intuit.karate - http request failed: 
org.apache.http.client.ClientProtocolException
10:56:19.003 [ForkJoinPool-1-worker-9] ERROR com.intuit.karate - feature call (loop) failed at index: 17
caller: classpath:InspireTest/ngr/datasetrecords/def/checkxlinkurl.template.feature
arg: {"link":"P"}
checkxlinkurl.template.feature:14 - 
org.apache.http.client.ClientProtocolException
10:56:19.004 [ForkJoinPool-1-worker-9] INFO  com.intuit.karate - [print]
10:56:19.005 [ForkJoinPool-1-worker-9] INFO  com.intuit.karate - [print] testing xlinkurl:S
10:56:19.006 [ForkJoinPool-1-worker-9] ERROR com.intuit.karate - org.apache.http.client.ClientProtocolException, http call failed after 0 milliseconds for URL: S
10:56:19.007 [ForkJoinPool-1-worker-9] ERROR com.intuit.karate - http request failed: 
org.apache.http.client.ClientProtocolException
10:56:19.007 [ForkJoinPool-1-worker-9] ERROR com.intuit.karate - feature call (loop) failed at index: 18
caller: classpath:InspireTest/ngr/datasetrecords/def/checkxlinkurl.template.feature
arg: {"link":"S"}
checkxlinkurl.template.feature:14 - 
org.apache.http.client.ClientProtocolException
10:56:19.008 [ForkJoinPool-1-worker-9] INFO  com.intuit.karate - [print]
10:56:19.009 [ForkJoinPool-1-worker-9] INFO  com.intuit.karate - [print] testing xlinkurl:G
10:56:19.010 [ForkJoinPool-1-worker-9] ERROR com.intuit.karate - org.apache.http.client.ClientProtocolException, http call failed after 0 milliseconds for URL: G
10:56:19.013 [ForkJoinPool-1-worker-9] ERROR com.intuit.karate - http request failed: 
org.apache.http.client.ClientProtocolException
10:56:19.013 [ForkJoinPool-1-worker-9] ERROR com.intuit.karate - feature call (loop) failed at index: 19
caller: classpath:InspireTest/ngr/datasetrecords/def/checkxlinkurl.template.feature
arg: {"link":"G"}
checkxlinkurl.template.feature:14 - 
org.apache.http.client.ClientProtocolException
10:56:19.015 [ForkJoinPool-1-worker-13] INFO  com.intuit.karate - [print]
10:56:19.015 [ForkJoinPool-1-worker-13] INFO  com.intuit.karate - [print] testing xlinkurl:https://creativecommons.org/publicdomain/mark/*/deed.nl
10:56:19.016 [ForkJoinPool-1-worker-9] INFO  com.intuit.karate - [print]
10:56:19.016 [ForkJoinPool-1-worker-9] INFO  com.intuit.karate - [print] testing xlinkurl::
10:56:19.016 [ForkJoinPool-1-worker-9] ERROR com.intuit.karate - http request failed: java.net.URISyntaxException: Expected scheme name at index 0: :
10:56:19.017 [ForkJoinPool-1-worker-9] ERROR com.intuit.karate - feature call (loop) failed at index: 20
caller: classpath:InspireTest/ngr/datasetrecords/def/checkxlinkurl.template.feature
arg: {"link":":"}
checkxlinkurl.template.feature:14 - java.net.URISyntaxException: Expected scheme name at index 0: :
10:56:19.017 [ForkJoinPool-1-worker-9] INFO  com.intuit.karate - [print]
10:56:19.017 [ForkJoinPool-1-worker-9] INFO  com.intuit.karate - [print] testing xlinkurl::
10:56:19.017 [ForkJoinPool-1-worker-9] ERROR com.intuit.karate - http request failed: java.net.URISyntaxException: Expected scheme name at index 0: :
10:56:19.017 [ForkJoinPool-1-worker-9] ERROR com.intuit.karate - feature call (loop) failed at index: 21
caller: classpath:InspireTest/ngr/datasetrecords/def/checkxlinkurl.template.feature
arg: {"link":":"}
checkxlinkurl.template.feature:14 - java.net.URISyntaxException: Expected scheme name at index 0: :
10:56:19.018 [ForkJoinPool-1-worker-9] INFO  com.intuit.karate - [print]
10:56:19.019 [ForkJoinPool-1-worker-9] INFO  com.intuit.karate - [print] testing xlinkurl:5
10:56:19.020 [ForkJoinPool-1-worker-9] ERROR com.intuit.karate - org.apache.http.client.ClientProtocolException, http call failed after 0 milliseconds for URL: 5
10:56:19.020 [ForkJoinPool-1-worker-9] ERROR com.intuit.karate - http request failed: 
org.apache.http.client.ClientProtocolException
10:56:19.020 [ForkJoinPool-1-worker-9] ERROR com.intuit.karate - feature call (loop) failed at index: 22
caller: classpath:InspireTest/ngr/datasetrecords/def/checkxlinkurl.template.feature
arg: {"link":"5"}
checkxlinkurl.template.feature:14 - 
org.apache.http.client.ClientProtocolException
10:56:19.021 [ForkJoinPool-1-worker-9] INFO  com.intuit.karate - [print]
10:56:19.086 [ForkJoinPool-1-worker-9] INFO  com.intuit.karate - [print] testing xlinkurl:7
10:56:19.086 [ForkJoinPool-1-worker-9] ERROR com.intuit.karate - org.apache.http.client.ClientProtocolException, http call failed after 0 milliseconds for URL: 7
10:56:19.086 [ForkJoinPool-1-worker-9] ERROR com.intuit.karate - http request failed: 
org.apache.http.client.ClientProtocolException
10:56:19.087 [ForkJoinPool-1-worker-9] ERROR com.intuit.karate - feature call (loop) failed at index: 23
caller: classpath:InspireTest/ngr/datasetrecords/def/checkxlinkurl.template.feature
arg: {"link":"7"}
checkxlinkurl.template.feature:14 - 
org.apache.http.client.ClientProtocolException
10:56:19.089 [ForkJoinPool-1-worker-7] INFO  com.intuit.karate - [print] title:Kaart van de bodemopbouw in Nederland 1:50.000 onder INSPIRE
10:56:19.089 [ForkJoinPool-1-worker-7] INFO  com.intuit.karate - [print] Kaart van de bodemopbouw in Nederland 1:50.000 onder INSPIRE
10:56:19.089 [ForkJoinPool-1-worker-7] INFO  com.intuit.karate - [print] [
  "info@dinoloket.nl",
  "geodesk.cgi@wur.nl",
  "info@dinoloket.nl"
]

10:56:19.102 [ForkJoinPool-1-worker-9] INFO  com.intuit.karate - [print]
10:56:19.102 [ForkJoinPool-1-worker-9] INFO  com.intuit.karate - [print] testing xlinkurl:0
10:56:19.103 [ForkJoinPool-1-worker-9] ERROR com.intuit.karate - org.apache.http.client.ClientProtocolException, http call failed after 0 milliseconds for URL: 0
10:56:19.103 [ForkJoinPool-1-worker-9] ERROR com.intuit.karate - http request failed: 
org.apache.http.client.ClientProtocolException
10:56:19.103 [ForkJoinPool-1-worker-9] ERROR com.intuit.karate - feature call (loop) failed at index: 24
caller: classpath:InspireTest/ngr/datasetrecords/def/checkxlinkurl.template.feature
arg: {"link":"0"}
checkxlinkurl.template.feature:14 - 
org.apache.http.client.ClientProtocolException
10:56:19.104 [ForkJoinPool-1-worker-9] INFO  com.intuit.karate - [print]
10:56:19.104 [ForkJoinPool-1-worker-9] INFO  com.intuit.karate - [print] testing xlinkurl:9
10:56:19.104 [ForkJoinPool-1-worker-9] ERROR com.intuit.karate - org.apache.http.client.ClientProtocolException, http call failed after 0 milliseconds for URL: 9
10:56:19.104 [ForkJoinPool-1-worker-9] ERROR com.intuit.karate - http request failed: 
org.apache.http.client.ClientProtocolException
10:56:19.104 [ForkJoinPool-1-worker-9] ERROR com.intuit.karate - feature call (loop) failed at index: 25
caller: classpath:InspireTest/ngr/datasetrecords/def/checkxlinkurl.template.feature
arg: {"link":"9"}
checkxlinkurl.template.feature:14 - 
org.apache.http.client.ClientProtocolException
10:56:19.115 [ForkJoinPool-1-worker-7] INFO  com.intuit.karate - [print] organisation: [
  "TNO Geologische Dienst Nederland",
  "Alterra, Wageningen UR",
  "TNO Geologische Dienst Nederland"
]

10:56:19.119 [ForkJoinPool-1-worker-13] ERROR com.intuit.karate - assertion failed: path: $, actual: 404, expected: 200, reason: not equal (Integer)
10:56:19.119 [ForkJoinPool-1-worker-13] ERROR com.intuit.karate - feature call (loop) failed at index: 2
caller: classpath:InspireTest/ngr/datasetrecords/def/checkxlinkurl.template.feature
arg: {"link":"https://creativecommons.org/publicdomain/mark/*/deed.nl"}
checkxlinkurl.template.feature:22 - path: $, actual: 404, expected: 200, reason: not equal (Integer)
10:56:19.120 [ForkJoinPool-1-worker-13] INFO  com.intuit.karate - [print]
10:56:19.120 [ForkJoinPool-1-worker-13] INFO  com.intuit.karate - [print] testing xlinkurl:
10:56:19.121 [ForkJoinPool-1-worker-13] ERROR com.intuit.karate - org.apache.http.client.ClientProtocolException, http call failed after 0 milliseconds for URL: 
10:56:19.121 [ForkJoinPool-1-worker-13] ERROR com.intuit.karate - http request failed: 
org.apache.http.client.ClientProtocolException
10:56:19.121 [ForkJoinPool-1-worker-13] ERROR com.intuit.karate - feature call (loop) failed at index: 3
caller: classpath:InspireTest/ngr/datasetrecords/def/checkxlinkurl.template.feature
arg: {"link":""}
checkxlinkurl.template.feature:14 - 
org.apache.http.client.ClientProtocolException
10:56:19.131 [ForkJoinPool-1-worker-7] INFO  com.intuit.karate - [print] [
  "https://ngr.acceptatie.nationaalgeoregister.nl/geonetwork/srv/resourcesbbe3c19d-12b0-4912-a6f4-46eb189e85ac",
  "http://rdfdata.eionet.europa.eu/inspirethemes/themes/16",
  "http://geonetwork-opensource.org/inspire-theme#",
  "https://www.nationaalgeoregister.nl/geonetwork/srv/eng/thesaurus.download?ref=external.theme.inspire-theme"
]

10:56:19.148 [ForkJoinPool-1-worker-7] INFO  com.intuit.karate - [print]
10:56:19.149 [ForkJoinPool-1-worker-7] INFO  com.intuit.karate - [print] testing xlinkurl:https://ngr.acceptatie.nationaalgeoregister.nl/geonetwork/srv/resourcesbbe3c19d-12b0-4912-a6f4-46eb189e85ac
10:56:19.287 [ForkJoinPool-1-worker-11] ERROR com.intuit.karate - assertion failed: path: $, actual: 404, expected: 200, reason: not equal (Integer)
10:56:19.287 [ForkJoinPool-1-worker-11] ERROR com.intuit.karate - feature call (loop) failed at index: 0
caller: classpath:InspireTest/ngr/datasetrecords/def/checkxlinkurl.template.feature
arg: {"link":"https://ngr.acceptatie.nationaalgeoregister.nl/geonetwork/srv/resources03671a9e-6aaf-464d-be99-9aad25cef9e3"}
checkxlinkurl.template.feature:22 - path: $, actual: 404, expected: 200, reason: not equal (Integer)
10:56:19.436 [ForkJoinPool-1-worker-7] ERROR com.intuit.karate - assertion failed: path: $, actual: 404, expected: 200, reason: not equal (Integer)
10:56:19.436 [ForkJoinPool-1-worker-7] ERROR com.intuit.karate - feature call (loop) failed at index: 0
caller: classpath:InspireTest/ngr/datasetrecords/def/checkxlinkurl.template.feature
arg: {"link":"https://ngr.acceptatie.nationaalgeoregister.nl/geonetwork/srv/resourcesbbe3c19d-12b0-4912-a6f4-46eb189e85ac"}
checkxlinkurl.template.feature:22 - path: $, actual: 404, expected: 200, reason: not equal (Integer)
10:56:19.438 [ForkJoinPool-1-worker-7] INFO  com.intuit.karate - [print]
10:56:19.439 [ForkJoinPool-1-worker-7] INFO  com.intuit.karate - [print] testing xlinkurl:http://rdfdata.eionet.europa.eu/inspirethemes/themes/16
10:56:19.496 [ForkJoinPool-1-worker-3] INFO  com.intuit.karate - [print] title:Zeegebieden
10:56:19.497 [ForkJoinPool-1-worker-3] INFO  com.intuit.karate - [print] Zeegebieden
10:56:19.498 [ForkJoinPool-1-worker-3] INFO  com.intuit.karate - [print] [
  "PPB-GVA@kadaster.nl",
  "kcc@kadaster.nl",
  "kcc@kadaster.nl"
]

10:56:19.501 [ForkJoinPool-1-worker-3] INFO  com.intuit.karate - [print] organisation: [
  "Kadaster",
  "Kadaster",
  "Kadaster"
]

10:56:19.504 [ForkJoinPool-1-worker-3] INFO  com.intuit.karate - [print] [
  "http://kadaster/7c22107ea-5e31-4bbc-8e24-d15fe230062e"
]

10:56:19.508 [ForkJoinPool-1-worker-3] INFO  com.intuit.karate - [print]
10:56:19.508 [ForkJoinPool-1-worker-3] INFO  com.intuit.karate - [print] testing xlinkurl:http://kadaster/7c22107ea-5e31-4bbc-8e24-d15fe230062e
10:56:19.509 [ForkJoinPool-1-worker-3] ERROR com.intuit.karate - java.net.UnknownHostException: kadaster, http call failed after 0 milliseconds for URL: http://kadaster/7c22107ea-5e31-4bbc-8e24-d15fe230062e
10:56:19.509 [ForkJoinPool-1-worker-3] ERROR com.intuit.karate - http request failed: 
java.net.UnknownHostException: kadaster
10:56:19.509 [ForkJoinPool-1-worker-3] ERROR com.intuit.karate - feature call (loop) failed at index: 0
caller: classpath:InspireTest/ngr/datasetrecords/def/checkxlinkurl.template.feature
arg: {"link":"http://kadaster/7c22107ea-5e31-4bbc-8e24-d15fe230062e"}
checkxlinkurl.template.feature:14 - 
java.net.UnknownHostException: kadaster
10:56:19.636 [ForkJoinPool-1-worker-5] ERROR com.intuit.karate - assertion failed: path: $, actual: 404, expected: 200, reason: not equal (Integer)
10:56:19.636 [ForkJoinPool-1-worker-5] ERROR com.intuit.karate - feature call (loop) failed at index: 2
caller: classpath:InspireTest/ngr/datasetrecords/def/checkxlinkurl.template.feature
arg: {"link":"http://inspire.ec.europa.eu/metadata-codelist/Prioritydataset/SurfaceWaterBodies-dir-2000-60"}
checkxlinkurl.template.feature:22 - path: $, actual: 404, expected: 200, reason: not equal (Integer)
10:56:19.637 [ForkJoinPool-1-worker-5] INFO  com.intuit.karate - [print]
10:56:19.637 [ForkJoinPool-1-worker-5] INFO  com.intuit.karate - [print] testing xlinkurl:https://ngr.geocat.live/geonetwork/srv/eng/thesaurus.download?ref=external.theme.httpinspireeceuropaeumetadatacodelistPrioritydataset-Prioritydataset
10:56:19.644 [ForkJoinPool-1-worker-7] ERROR com.intuit.karate - assertion failed: path: $, actual: 404, expected: 200, reason: not equal (Integer)
10:56:19.644 [ForkJoinPool-1-worker-7] ERROR com.intuit.karate - feature call (loop) failed at index: 1
caller: classpath:InspireTest/ngr/datasetrecords/def/checkxlinkurl.template.feature
arg: {"link":"http://rdfdata.eionet.europa.eu/inspirethemes/themes/16"}
checkxlinkurl.template.feature:22 - path: $, actual: 404, expected: 200, reason: not equal (Integer)
10:56:19.645 [ForkJoinPool-1-worker-7] INFO  com.intuit.karate - [print]
10:56:19.645 [ForkJoinPool-1-worker-7] INFO  com.intuit.karate - [print] testing xlinkurl:http://geonetwork-opensource.org/inspire-theme#
10:56:19.651 [ForkJoinPool-1-worker-9] INFO  com.intuit.karate - [print] title:Adressen (INSPIRE geharmoniseerd)
10:56:19.651 [ForkJoinPool-1-worker-9] INFO  com.intuit.karate - [print] Adressen (INSPIRE geharmoniseerd)
10:56:19.651 [ForkJoinPool-1-worker-9] INFO  com.intuit.karate - [print] [
  "PPB-GVA@kadaster.nl",
  "kcc@kadaster.nl"
]

10:56:19.652 [ForkJoinPool-1-worker-9] INFO  com.intuit.karate - [print] organisation: [
  "Kadaster",
  "Kadaster"
]

10:56:19.656 [ForkJoinPool-1-worker-9] INFO  com.intuit.karate - [print] [
  "http://www.opengis.net/def/crs/EPSG/0/http://www.opengis.net/def/crs/EPSG/0/4258",
  "http://kadaster/1d32fc50-cd5b-4425-b0df-16c7c7940e94"
]

10:56:19.661 [ForkJoinPool-1-worker-9] INFO  com.intuit.karate - [print]
10:56:19.661 [ForkJoinPool-1-worker-9] INFO  com.intuit.karate - [print] testing xlinkurl:http://www.opengis.net/def/crs/EPSG/0/http://www.opengis.net/def/crs/EPSG/0/4258
10:56:19.787 [ForkJoinPool-1-worker-13] INFO  com.intuit.karate - [print] title:Gemeten Stikstofmonoxide concentraties in buitenlucht.
10:56:19.788 [ForkJoinPool-1-worker-13] INFO  com.intuit.karate - [print] Gemeten Stikstofmonoxide concentraties in buitenlucht.
10:56:19.789 [ForkJoinPool-1-worker-13] INFO  com.intuit.karate - [print] [
  "geodata@rivm.nl",
  "geodata@rivm.nl"
]

10:56:19.799 [ForkJoinPool-1-worker-13] INFO  com.intuit.karate - [print] organisation: no organisationName found in dataset record
10:56:19.801 [ForkJoinPool-1-worker-13] INFO  com.intuit.karate - [print] [
  "https://data.rivm.nl/inspire/id#b867ba72-5a7c-41fe-b997-394b56dfbd25"
]

10:56:19.814 [ForkJoinPool-1-worker-13] INFO  com.intuit.karate - [print]
10:56:19.815 [ForkJoinPool-1-worker-13] INFO  com.intuit.karate - [print] testing xlinkurl:https://data.rivm.nl/inspire/id#b867ba72-5a7c-41fe-b997-394b56dfbd25
10:56:19.897 [ForkJoinPool-1-worker-11] INFO  com.intuit.karate - [print] title:Landbouwbedrijven
10:56:19.897 [ForkJoinPool-1-worker-11] INFO  com.intuit.karate - [print] Landbouwbedrijven
10:56:19.898 [ForkJoinPool-1-worker-11] INFO  com.intuit.karate - [print] [
  "geodatabeheer.giscc@rvo.nl",
  "gegevensvragenASB@rvo.nl",
  "gegevensvragenASB@rvo.nl"
]

10:56:19.898 [ForkJoinPool-1-worker-11] INFO  com.intuit.karate - [print] organisation: no organisationName found in dataset record
10:56:19.900 [ForkJoinPool-1-worker-11] INFO  com.intuit.karate - [print] [
  "https://www.nationaalgeoregister.nl/geonetwork/srv/dut/catalog.search#/metadata/0d6ccccc-7cfb-4eaa-8dc5-8b433d19b121",
  "http://geogedeeld.geonovum.nl/"
]

10:56:19.904 [ForkJoinPool-1-worker-11] INFO  com.intuit.karate - [print]
10:56:19.905 [ForkJoinPool-1-worker-11] INFO  com.intuit.karate - [print] testing xlinkurl:https://www.nationaalgeoregister.nl/geonetwork/srv/dut/catalog.search#/metadata/0d6ccccc-7cfb-4eaa-8dc5-8b433d19b121
10:56:19.948 [ForkJoinPool-1-worker-5] ERROR com.intuit.karate - assertion failed: path: $, actual: 500, expected: 200, reason: not equal (Integer)
10:56:19.948 [ForkJoinPool-1-worker-5] ERROR com.intuit.karate - feature call (loop) failed at index: 3
caller: classpath:InspireTest/ngr/datasetrecords/def/checkxlinkurl.template.feature
arg: {"link":"https://ngr.geocat.live/geonetwork/srv/eng/thesaurus.download?ref=external.theme.httpinspireeceuropaeumetadatacodelistPrioritydataset-Prioritydataset"}
checkxlinkurl.template.feature:22 - path: $, actual: 500, expected: 200, reason: not equal (Integer)
10:56:19.955 [ForkJoinPool-1-worker-9] INFO  com.intuit.karate - [print]
10:56:19.955 [ForkJoinPool-1-worker-9] INFO  com.intuit.karate - [print] testing xlinkurl:http://kadaster/1d32fc50-cd5b-4425-b0df-16c7c7940e94
10:56:19.956 [ForkJoinPool-1-worker-9] ERROR com.intuit.karate - java.net.UnknownHostException: kadaster, http call failed after 0 milliseconds for URL: http://kadaster/1d32fc50-cd5b-4425-b0df-16c7c7940e94
10:56:19.956 [ForkJoinPool-1-worker-9] ERROR com.intuit.karate - http request failed: 
java.net.UnknownHostException: kadaster
10:56:19.956 [ForkJoinPool-1-worker-9] ERROR com.intuit.karate - feature call (loop) failed at index: 1
caller: classpath:InspireTest/ngr/datasetrecords/def/checkxlinkurl.template.feature
arg: {"link":"http://kadaster/1d32fc50-cd5b-4425-b0df-16c7c7940e94"}
checkxlinkurl.template.feature:14 - 
java.net.UnknownHostException: kadaster
10:56:20.065 [ForkJoinPool-1-worker-3] INFO  com.intuit.karate - [print] title:Actuele synoptische weerwaarnemingen KNMI Nederland per 10 minuten (24 uur)
10:56:20.065 [ForkJoinPool-1-worker-3] INFO  com.intuit.karate - [print] Actuele synoptische weerwaarnemingen KNMI Nederland per 10 minuten (24 uur)
10:56:20.067 [ForkJoinPool-1-worker-3] INFO  com.intuit.karate - [print] [
  "datacentrum@knmi.nl",
  "datacentrum@knmi.nl",
  "datacentrum@knmi.nl"
]

10:56:20.068 [ForkJoinPool-1-worker-3] INFO  com.intuit.karate - [print] organisation: [
  "Koninklijk Nederlands Meteorologisch Instituut (KNMI)",
  "Koninklijk Nederlands Meteorologisch Instituut (KNMI)",
  "Koninklijk Nederlands Meteorologisch Instituut (KNMI)"
]

10:56:20.072 [ForkJoinPool-1-worker-3] INFO  com.intuit.karate - [print] [
  "https://www.nationaalgeoregister.nl/geonetwork/srv/api/records1b2abd21-3084-4db7-ab49-46866b4aac2b",
  "https://creativecommons.org/publicdomain/zero/*/deed.nl"
]

10:56:20.078 [ForkJoinPool-1-worker-3] INFO  com.intuit.karate - [print]
10:56:20.079 [ForkJoinPool-1-worker-3] INFO  com.intuit.karate - [print] testing xlinkurl:https://www.nationaalgeoregister.nl/geonetwork/srv/api/records1b2abd21-3084-4db7-ab49-46866b4aac2b
10:56:20.176 [ForkJoinPool-1-worker-13] ERROR com.intuit.karate - javax.net.ssl.SSLException: Connection reset, http call failed after 360 milliseconds for URL: https://data.rivm.nl/inspire/id#b867ba72-5a7c-41fe-b997-394b56dfbd25
10:56:20.176 [ForkJoinPool-1-worker-13] ERROR com.intuit.karate - http request failed: 
javax.net.ssl.SSLException: Connection reset
10:56:20.176 [ForkJoinPool-1-worker-13] ERROR com.intuit.karate - feature call (loop) failed at index: 0
caller: classpath:InspireTest/ngr/datasetrecords/def/checkxlinkurl.template.feature
arg: {"link":"https://data.rivm.nl/inspire/id#b867ba72-5a7c-41fe-b997-394b56dfbd25"}
checkxlinkurl.template.feature:14 - 
javax.net.ssl.SSLException: Connection reset
10:56:20.237 [ForkJoinPool-1-worker-7] ERROR com.intuit.karate - assertion failed: path: $, actual: 404, expected: 200, reason: not equal (Integer)
10:56:20.237 [ForkJoinPool-1-worker-7] ERROR com.intuit.karate - feature call (loop) failed at index: 2
caller: classpath:InspireTest/ngr/datasetrecords/def/checkxlinkurl.template.feature
arg: {"link":"http://geonetwork-opensource.org/inspire-theme#"}
checkxlinkurl.template.feature:22 - path: $, actual: 404, expected: 200, reason: not equal (Integer)
10:56:20.238 [ForkJoinPool-1-worker-7] INFO  com.intuit.karate - [print]
10:56:20.239 [ForkJoinPool-1-worker-7] INFO  com.intuit.karate - [print] testing xlinkurl:https://www.nationaalgeoregister.nl/geonetwork/srv/eng/thesaurus.download?ref=external.theme.inspire-theme
10:56:20.258 [ForkJoinPool-1-worker-11] INFO  com.intuit.karate - [print]
10:56:20.258 [ForkJoinPool-1-worker-11] INFO  com.intuit.karate - [print] testing xlinkurl:http://geogedeeld.geonovum.nl/
10:56:20.391 [ForkJoinPool-1-worker-9] INFO  com.intuit.karate - [print] title:Luchtvaartinformatie
10:56:20.392 [ForkJoinPool-1-worker-9] INFO  com.intuit.karate - [print] Luchtvaartinformatie
10:56:20.393 [ForkJoinPool-1-worker-9] INFO  com.intuit.karate - [print] [
  "AIS@LVNL.NL",
  "AIS@LVNL.nl"
]

10:56:20.395 [ForkJoinPool-1-worker-9] INFO  com.intuit.karate - [print] organisation: [
  "Luchtverkeersleiding Nederland (LVNL)",
  "Luchtverkeersleiding Nederland (LVNL)"
]

10:56:20.397 [ForkJoinPool-1-worker-9] INFO  com.intuit.karate - [print] [
  "u",
  "r",
  "n",
  ":",
  "o",
  "g",
  "c",
  ":",
  "d",
  "e",
  "f",
  ":",
  "c",
  "r",
  "s",
  ":",
  "E",
  "P",
  "S",
  "G",
  ":",
  ":",
  "5",
  "6",
  "2",
  "1"
]

10:56:20.411 [ForkJoinPool-1-worker-9] INFO  com.intuit.karate - [print]
10:56:20.412 [ForkJoinPool-1-worker-9] INFO  com.intuit.karate - [print] testing xlinkurl:u
10:56:20.412 [ForkJoinPool-1-worker-9] ERROR com.intuit.karate - org.apache.http.client.ClientProtocolException, http call failed after 0 milliseconds for URL: u
10:56:20.412 [ForkJoinPool-1-worker-9] ERROR com.intuit.karate - http request failed: 
org.apache.http.client.ClientProtocolException
10:56:20.412 [ForkJoinPool-1-worker-9] ERROR com.intuit.karate - feature call (loop) failed at index: 0
caller: classpath:InspireTest/ngr/datasetrecords/def/checkxlinkurl.template.feature
arg: {"link":"u"}
checkxlinkurl.template.feature:14 - 
org.apache.http.client.ClientProtocolException
10:56:20.413 [ForkJoinPool-1-worker-9] INFO  com.intuit.karate - [print]
10:56:20.413 [ForkJoinPool-1-worker-9] INFO  com.intuit.karate - [print] testing xlinkurl:r
10:56:20.413 [ForkJoinPool-1-worker-9] ERROR com.intuit.karate - org.apache.http.client.ClientProtocolException, http call failed after 0 milliseconds for URL: r
10:56:20.413 [ForkJoinPool-1-worker-9] ERROR com.intuit.karate - http request failed: 
org.apache.http.client.ClientProtocolException
10:56:20.413 [ForkJoinPool-1-worker-9] ERROR com.intuit.karate - feature call (loop) failed at index: 1
caller: classpath:InspireTest/ngr/datasetrecords/def/checkxlinkurl.template.feature
arg: {"link":"r"}
checkxlinkurl.template.feature:14 - 
org.apache.http.client.ClientProtocolException
10:56:20.415 [ForkJoinPool-1-worker-3] ERROR com.intuit.karate - assertion failed: path: $, actual: 500, expected: 200, reason: not equal (Integer)
10:56:20.415 [ForkJoinPool-1-worker-3] ERROR com.intuit.karate - feature call (loop) failed at index: 0
caller: classpath:InspireTest/ngr/datasetrecords/def/checkxlinkurl.template.feature
arg: {"link":"https://www.nationaalgeoregister.nl/geonetwork/srv/api/records1b2abd21-3084-4db7-ab49-46866b4aac2b"}
checkxlinkurl.template.feature:22 - path: $, actual: 500, expected: 200, reason: not equal (Integer)
10:56:20.416 [ForkJoinPool-1-worker-3] INFO  com.intuit.karate - [print]
10:56:20.416 [ForkJoinPool-1-worker-3] INFO  com.intuit.karate - [print] testing xlinkurl:https://creativecommons.org/publicdomain/zero/*/deed.nl
10:56:20.424 [ForkJoinPool-1-worker-9] INFO  com.intuit.karate - [print]
10:56:20.424 [ForkJoinPool-1-worker-9] INFO  com.intuit.karate - [print] testing xlinkurl:n
10:56:20.425 [ForkJoinPool-1-worker-9] ERROR com.intuit.karate - org.apache.http.client.ClientProtocolException, http call failed after 0 milliseconds for URL: n
10:56:20.425 [ForkJoinPool-1-worker-9] ERROR com.intuit.karate - http request failed: 
org.apache.http.client.ClientProtocolException
10:56:20.425 [ForkJoinPool-1-worker-9] ERROR com.intuit.karate - feature call (loop) failed at index: 2
caller: classpath:InspireTest/ngr/datasetrecords/def/checkxlinkurl.template.feature
arg: {"link":"n"}
checkxlinkurl.template.feature:14 - 
org.apache.http.client.ClientProtocolException
10:56:20.426 [ForkJoinPool-1-worker-9] INFO  com.intuit.karate - [print]
10:56:20.426 [ForkJoinPool-1-worker-9] INFO  com.intuit.karate - [print] testing xlinkurl::
10:56:20.426 [ForkJoinPool-1-worker-9] ERROR com.intuit.karate - http request failed: java.net.URISyntaxException: Expected scheme name at index 0: :
10:56:20.426 [ForkJoinPool-1-worker-9] ERROR com.intuit.karate - feature call (loop) failed at index: 3
caller: classpath:InspireTest/ngr/datasetrecords/def/checkxlinkurl.template.feature
arg: {"link":":"}
checkxlinkurl.template.feature:14 - java.net.URISyntaxException: Expected scheme name at index 0: :
10:56:20.428 [ForkJoinPool-1-worker-9] INFO  com.intuit.karate - [print]
10:56:20.428 [ForkJoinPool-1-worker-9] INFO  com.intuit.karate - [print] testing xlinkurl:o
10:56:20.428 [ForkJoinPool-1-worker-9] ERROR com.intuit.karate - org.apache.http.client.ClientProtocolException, http call failed after 0 milliseconds for URL: o
10:56:20.428 [ForkJoinPool-1-worker-9] ERROR com.intuit.karate - http request failed: 
org.apache.http.client.ClientProtocolException
10:56:20.429 [ForkJoinPool-1-worker-9] ERROR com.intuit.karate - feature call (loop) failed at index: 4
caller: classpath:InspireTest/ngr/datasetrecords/def/checkxlinkurl.template.feature
arg: {"link":"o"}
checkxlinkurl.template.feature:14 - 
org.apache.http.client.ClientProtocolException
10:56:20.437 [ForkJoinPool-1-worker-9] INFO  com.intuit.karate - [print]
10:56:20.437 [ForkJoinPool-1-worker-9] INFO  com.intuit.karate - [print] testing xlinkurl:g
10:56:20.437 [ForkJoinPool-1-worker-9] ERROR com.intuit.karate - org.apache.http.client.ClientProtocolException, http call failed after 0 milliseconds for URL: g
10:56:20.437 [ForkJoinPool-1-worker-9] ERROR com.intuit.karate - http request failed: 
org.apache.http.client.ClientProtocolException
10:56:20.437 [ForkJoinPool-1-worker-9] ERROR com.intuit.karate - feature call (loop) failed at index: 5
caller: classpath:InspireTest/ngr/datasetrecords/def/checkxlinkurl.template.feature
arg: {"link":"g"}
checkxlinkurl.template.feature:14 - 
org.apache.http.client.ClientProtocolException
10:56:20.438 [ForkJoinPool-1-worker-9] INFO  com.intuit.karate - [print]
10:56:20.438 [ForkJoinPool-1-worker-9] INFO  com.intuit.karate - [print] testing xlinkurl:c
10:56:20.439 [ForkJoinPool-1-worker-9] ERROR com.intuit.karate - org.apache.http.client.ClientProtocolException, http call failed after 0 milliseconds for URL: c
10:56:20.439 [ForkJoinPool-1-worker-9] ERROR com.intuit.karate - http request failed: 
org.apache.http.client.ClientProtocolException
10:56:20.439 [ForkJoinPool-1-worker-9] ERROR com.intuit.karate - feature call (loop) failed at index: 6
caller: classpath:InspireTest/ngr/datasetrecords/def/checkxlinkurl.template.feature
arg: {"link":"c"}
checkxlinkurl.template.feature:14 - 
org.apache.http.client.ClientProtocolException
10:56:20.439 [ForkJoinPool-1-worker-9] INFO  com.intuit.karate - [print]
10:56:20.439 [ForkJoinPool-1-worker-9] INFO  com.intuit.karate - [print] testing xlinkurl::
10:56:20.440 [ForkJoinPool-1-worker-9] ERROR com.intuit.karate - http request failed: java.net.URISyntaxException: Expected scheme name at index 0: :
10:56:20.440 [ForkJoinPool-1-worker-9] ERROR com.intuit.karate - feature call (loop) failed at index: 7
caller: classpath:InspireTest/ngr/datasetrecords/def/checkxlinkurl.template.feature
arg: {"link":":"}
checkxlinkurl.template.feature:14 - java.net.URISyntaxException: Expected scheme name at index 0: :
10:56:20.440 [ForkJoinPool-1-worker-9] INFO  com.intuit.karate - [print]
10:56:20.440 [ForkJoinPool-1-worker-9] INFO  com.intuit.karate - [print] testing xlinkurl:d
10:56:20.441 [ForkJoinPool-1-worker-9] ERROR com.intuit.karate - org.apache.http.client.ClientProtocolException, http call failed after 0 milliseconds for URL: d
10:56:20.441 [ForkJoinPool-1-worker-9] ERROR com.intuit.karate - http request failed: 
org.apache.http.client.ClientProtocolException
10:56:20.441 [ForkJoinPool-1-worker-9] ERROR com.intuit.karate - feature call (loop) failed at index: 8
caller: classpath:InspireTest/ngr/datasetrecords/def/checkxlinkurl.template.feature
arg: {"link":"d"}
checkxlinkurl.template.feature:14 - 
org.apache.http.client.ClientProtocolException
10:56:20.445 [ForkJoinPool-1-worker-9] INFO  com.intuit.karate - [print]
10:56:20.445 [ForkJoinPool-1-worker-9] INFO  com.intuit.karate - [print] testing xlinkurl:e
10:56:20.446 [ForkJoinPool-1-worker-9] ERROR com.intuit.karate - org.apache.http.client.ClientProtocolException, http call failed after 0 milliseconds for URL: e
10:56:20.446 [ForkJoinPool-1-worker-9] ERROR com.intuit.karate - http request failed: 
org.apache.http.client.ClientProtocolException
10:56:20.446 [ForkJoinPool-1-worker-9] ERROR com.intuit.karate - feature call (loop) failed at index: 9
caller: classpath:InspireTest/ngr/datasetrecords/def/checkxlinkurl.template.feature
arg: {"link":"e"}
checkxlinkurl.template.feature:14 - 
org.apache.http.client.ClientProtocolException
10:56:20.446 [ForkJoinPool-1-worker-9] INFO  com.intuit.karate - [print]
10:56:20.446 [ForkJoinPool-1-worker-9] INFO  com.intuit.karate - [print] testing xlinkurl:f
10:56:20.451 [ForkJoinPool-1-worker-3] ERROR com.intuit.karate - assertion failed: path: $, actual: 404, expected: 200, reason: not equal (Integer)
10:56:20.451 [ForkJoinPool-1-worker-3] ERROR com.intuit.karate - feature call (loop) failed at index: 1
caller: classpath:InspireTest/ngr/datasetrecords/def/checkxlinkurl.template.feature
arg: {"link":"https://creativecommons.org/publicdomain/zero/*/deed.nl"}
checkxlinkurl.template.feature:22 - path: $, actual: 404, expected: 200, reason: not equal (Integer)
10:56:20.454 [ForkJoinPool-1-worker-9] ERROR com.intuit.karate - org.apache.http.client.ClientProtocolException, http call failed after 0 milliseconds for URL: f
10:56:20.455 [ForkJoinPool-1-worker-9] ERROR com.intuit.karate - http request failed: 
org.apache.http.client.ClientProtocolException
10:56:20.455 [ForkJoinPool-1-worker-9] ERROR com.intuit.karate - feature call (loop) failed at index: 10
caller: classpath:InspireTest/ngr/datasetrecords/def/checkxlinkurl.template.feature
arg: {"link":"f"}
checkxlinkurl.template.feature:14 - 
org.apache.http.client.ClientProtocolException
10:56:20.455 [ForkJoinPool-1-worker-9] INFO  com.intuit.karate - [print]
10:56:20.456 [ForkJoinPool-1-worker-9] INFO  com.intuit.karate - [print] testing xlinkurl::
10:56:20.456 [ForkJoinPool-1-worker-9] ERROR com.intuit.karate - http request failed: java.net.URISyntaxException: Expected scheme name at index 0: :
10:56:20.456 [ForkJoinPool-1-worker-9] ERROR com.intuit.karate - feature call (loop) failed at index: 11
caller: classpath:InspireTest/ngr/datasetrecords/def/checkxlinkurl.template.feature
arg: {"link":":"}
checkxlinkurl.template.feature:14 - java.net.URISyntaxException: Expected scheme name at index 0: :
10:56:20.461 [ForkJoinPool-1-worker-9] INFO  com.intuit.karate - [print]
10:56:20.461 [ForkJoinPool-1-worker-9] INFO  com.intuit.karate - [print] testing xlinkurl:c
10:56:20.461 [ForkJoinPool-1-worker-9] ERROR com.intuit.karate - org.apache.http.client.ClientProtocolException, http call failed after 0 milliseconds for URL: c
10:56:20.461 [ForkJoinPool-1-worker-9] ERROR com.intuit.karate - http request failed: 
org.apache.http.client.ClientProtocolException
10:56:20.461 [ForkJoinPool-1-worker-9] ERROR com.intuit.karate - feature call (loop) failed at index: 12
caller: classpath:InspireTest/ngr/datasetrecords/def/checkxlinkurl.template.feature
arg: {"link":"c"}
checkxlinkurl.template.feature:14 - 
org.apache.http.client.ClientProtocolException
10:56:20.462 [ForkJoinPool-1-worker-9] INFO  com.intuit.karate - [print]
10:56:20.462 [ForkJoinPool-1-worker-9] INFO  com.intuit.karate - [print] testing xlinkurl:r
10:56:20.463 [ForkJoinPool-1-worker-9] ERROR com.intuit.karate - org.apache.http.client.ClientProtocolException, http call failed after 0 milliseconds for URL: r
10:56:20.463 [ForkJoinPool-1-worker-9] ERROR com.intuit.karate - http request failed: 
org.apache.http.client.ClientProtocolException
10:56:20.463 [ForkJoinPool-1-worker-9] ERROR com.intuit.karate - feature call (loop) failed at index: 13
caller: classpath:InspireTest/ngr/datasetrecords/def/checkxlinkurl.template.feature
arg: {"link":"r"}
checkxlinkurl.template.feature:14 - 
org.apache.http.client.ClientProtocolException
10:56:20.463 [ForkJoinPool-1-worker-9] INFO  com.intuit.karate - [print]
10:56:20.463 [ForkJoinPool-1-worker-9] INFO  com.intuit.karate - [print] testing xlinkurl:s
10:56:20.464 [ForkJoinPool-1-worker-9] ERROR com.intuit.karate - org.apache.http.client.ClientProtocolException, http call failed after 0 milliseconds for URL: s
10:56:20.464 [ForkJoinPool-1-worker-9] ERROR com.intuit.karate - http request failed: 
org.apache.http.client.ClientProtocolException
10:56:20.464 [ForkJoinPool-1-worker-9] ERROR com.intuit.karate - feature call (loop) failed at index: 14
caller: classpath:InspireTest/ngr/datasetrecords/def/checkxlinkurl.template.feature
arg: {"link":"s"}
checkxlinkurl.template.feature:14 - 
org.apache.http.client.ClientProtocolException
10:56:20.464 [ForkJoinPool-1-worker-9] INFO  com.intuit.karate - [print]
10:56:20.465 [ForkJoinPool-1-worker-9] INFO  com.intuit.karate - [print] testing xlinkurl::
10:56:20.465 [ForkJoinPool-1-worker-9] ERROR com.intuit.karate - http request failed: java.net.URISyntaxException: Expected scheme name at index 0: :
10:56:20.465 [ForkJoinPool-1-worker-9] ERROR com.intuit.karate - feature call (loop) failed at index: 15
caller: classpath:InspireTest/ngr/datasetrecords/def/checkxlinkurl.template.feature
arg: {"link":":"}
checkxlinkurl.template.feature:14 - java.net.URISyntaxException: Expected scheme name at index 0: :
10:56:20.465 [ForkJoinPool-1-worker-9] INFO  com.intuit.karate - [print]
10:56:20.465 [ForkJoinPool-1-worker-9] INFO  com.intuit.karate - [print] testing xlinkurl:E
10:56:20.485 [ForkJoinPool-1-worker-9] ERROR com.intuit.karate - org.apache.http.client.ClientProtocolException, http call failed after 0 milliseconds for URL: E
10:56:20.486 [ForkJoinPool-1-worker-9] ERROR com.intuit.karate - http request failed: 
org.apache.http.client.ClientProtocolException
10:56:20.487 [ForkJoinPool-1-worker-9] ERROR com.intuit.karate - feature call (loop) failed at index: 16
caller: classpath:InspireTest/ngr/datasetrecords/def/checkxlinkurl.template.feature
arg: {"link":"E"}
checkxlinkurl.template.feature:14 - 
org.apache.http.client.ClientProtocolException
10:56:20.488 [ForkJoinPool-1-worker-9] INFO  com.intuit.karate - [print]
10:56:20.491 [ForkJoinPool-1-worker-9] INFO  com.intuit.karate - [print] testing xlinkurl:P
10:56:20.493 [ForkJoinPool-1-worker-9] ERROR com.intuit.karate - org.apache.http.client.ClientProtocolException, http call failed after 0 milliseconds for URL: P
10:56:20.495 [ForkJoinPool-1-worker-9] ERROR com.intuit.karate - http request failed: 
org.apache.http.client.ClientProtocolException
10:56:20.495 [ForkJoinPool-1-worker-9] ERROR com.intuit.karate - feature call (loop) failed at index: 17
caller: classpath:InspireTest/ngr/datasetrecords/def/checkxlinkurl.template.feature
arg: {"link":"P"}
checkxlinkurl.template.feature:14 - 
org.apache.http.client.ClientProtocolException
10:56:20.497 [ForkJoinPool-1-worker-9] INFO  com.intuit.karate - [print]
10:56:20.500 [ForkJoinPool-1-worker-9] INFO  com.intuit.karate - [print] testing xlinkurl:S
10:56:20.501 [ForkJoinPool-1-worker-9] ERROR com.intuit.karate - org.apache.http.client.ClientProtocolException, http call failed after 0 milliseconds for URL: S
10:56:20.509 [ForkJoinPool-1-worker-9] ERROR com.intuit.karate - http request failed: 
org.apache.http.client.ClientProtocolException
10:56:20.513 [ForkJoinPool-1-worker-9] ERROR com.intuit.karate - feature call (loop) failed at index: 18
caller: classpath:InspireTest/ngr/datasetrecords/def/checkxlinkurl.template.feature
arg: {"link":"S"}
checkxlinkurl.template.feature:14 - 
org.apache.http.client.ClientProtocolException
10:56:20.515 [ForkJoinPool-1-worker-9] INFO  com.intuit.karate - [print]
10:56:20.515 [ForkJoinPool-1-worker-9] INFO  com.intuit.karate - [print] testing xlinkurl:G
10:56:20.516 [ForkJoinPool-1-worker-9] ERROR com.intuit.karate - org.apache.http.client.ClientProtocolException, http call failed after 0 milliseconds for URL: G
10:56:20.516 [ForkJoinPool-1-worker-9] ERROR com.intuit.karate - http request failed: 
org.apache.http.client.ClientProtocolException
10:56:20.516 [ForkJoinPool-1-worker-9] ERROR com.intuit.karate - feature call (loop) failed at index: 19
caller: classpath:InspireTest/ngr/datasetrecords/def/checkxlinkurl.template.feature
arg: {"link":"G"}
checkxlinkurl.template.feature:14 - 
org.apache.http.client.ClientProtocolException
10:56:20.523 [ForkJoinPool-1-worker-9] INFO  com.intuit.karate - [print]
10:56:20.523 [ForkJoinPool-1-worker-9] INFO  com.intuit.karate - [print] testing xlinkurl::
10:56:20.523 [ForkJoinPool-1-worker-9] ERROR com.intuit.karate - http request failed: java.net.URISyntaxException: Expected scheme name at index 0: :
10:56:20.523 [ForkJoinPool-1-worker-9] ERROR com.intuit.karate - feature call (loop) failed at index: 20
caller: classpath:InspireTest/ngr/datasetrecords/def/checkxlinkurl.template.feature
arg: {"link":":"}
checkxlinkurl.template.feature:14 - java.net.URISyntaxException: Expected scheme name at index 0: :
10:56:20.526 [ForkJoinPool-1-worker-9] INFO  com.intuit.karate - [print]
10:56:20.527 [ForkJoinPool-1-worker-9] INFO  com.intuit.karate - [print] testing xlinkurl::
10:56:20.527 [ForkJoinPool-1-worker-9] ERROR com.intuit.karate - http request failed: java.net.URISyntaxException: Expected scheme name at index 0: :
10:56:20.528 [ForkJoinPool-1-worker-9] ERROR com.intuit.karate - feature call (loop) failed at index: 21
caller: classpath:InspireTest/ngr/datasetrecords/def/checkxlinkurl.template.feature
arg: {"link":":"}
checkxlinkurl.template.feature:14 - java.net.URISyntaxException: Expected scheme name at index 0: :
10:56:20.531 [ForkJoinPool-1-worker-9] INFO  com.intuit.karate - [print]
10:56:20.532 [ForkJoinPool-1-worker-9] INFO  com.intuit.karate - [print] testing xlinkurl:5
10:56:20.532 [ForkJoinPool-1-worker-9] ERROR com.intuit.karate - org.apache.http.client.ClientProtocolException, http call failed after 0 milliseconds for URL: 5
10:56:20.532 [ForkJoinPool-1-worker-9] ERROR com.intuit.karate - http request failed: 
org.apache.http.client.ClientProtocolException
10:56:20.532 [ForkJoinPool-1-worker-9] ERROR com.intuit.karate - feature call (loop) failed at index: 22
caller: classpath:InspireTest/ngr/datasetrecords/def/checkxlinkurl.template.feature
arg: {"link":"5"}
checkxlinkurl.template.feature:14 - 
org.apache.http.client.ClientProtocolException
10:56:20.534 [ForkJoinPool-1-worker-9] INFO  com.intuit.karate - [print]
10:56:20.534 [ForkJoinPool-1-worker-9] INFO  com.intuit.karate - [print] testing xlinkurl:6
10:56:20.535 [ForkJoinPool-1-worker-9] ERROR com.intuit.karate - org.apache.http.client.ClientProtocolException, http call failed after 0 milliseconds for URL: 6
10:56:20.537 [ForkJoinPool-1-worker-9] ERROR com.intuit.karate - http request failed: 
org.apache.http.client.ClientProtocolException
10:56:20.537 [ForkJoinPool-1-worker-9] ERROR com.intuit.karate - feature call (loop) failed at index: 23
caller: classpath:InspireTest/ngr/datasetrecords/def/checkxlinkurl.template.feature
arg: {"link":"6"}
checkxlinkurl.template.feature:14 - 
org.apache.http.client.ClientProtocolException
10:56:20.540 [ForkJoinPool-1-worker-9] INFO  com.intuit.karate - [print]
10:56:20.541 [ForkJoinPool-1-worker-9] INFO  com.intuit.karate - [print] testing xlinkurl:2
10:56:20.543 [ForkJoinPool-1-worker-9] ERROR com.intuit.karate - org.apache.http.client.ClientProtocolException, http call failed after 0 milliseconds for URL: 2
10:56:20.543 [ForkJoinPool-1-worker-9] ERROR com.intuit.karate - http request failed: 
org.apache.http.client.ClientProtocolException
10:56:20.543 [ForkJoinPool-1-worker-9] ERROR com.intuit.karate - feature call (loop) failed at index: 24
caller: classpath:InspireTest/ngr/datasetrecords/def/checkxlinkurl.template.feature
arg: {"link":"2"}
checkxlinkurl.template.feature:14 - 
org.apache.http.client.ClientProtocolException
10:56:20.545 [ForkJoinPool-1-worker-9] INFO  com.intuit.karate - [print]
10:56:20.546 [ForkJoinPool-1-worker-9] INFO  com.intuit.karate - [print] testing xlinkurl:1
10:56:20.547 [ForkJoinPool-1-worker-9] ERROR com.intuit.karate - org.apache.http.client.ClientProtocolException, http call failed after 0 milliseconds for URL: 1
10:56:20.549 [ForkJoinPool-1-worker-9] ERROR com.intuit.karate - http request failed: 
org.apache.http.client.ClientProtocolException
10:56:20.549 [ForkJoinPool-1-worker-9] ERROR com.intuit.karate - feature call (loop) failed at index: 25
caller: classpath:InspireTest/ngr/datasetrecords/def/checkxlinkurl.template.feature
arg: {"link":"1"}
checkxlinkurl.template.feature:14 - 
org.apache.http.client.ClientProtocolException
10:56:20.552 [ForkJoinPool-1-worker-7] ERROR com.intuit.karate - assertion failed: path: $, actual: 500, expected: 200, reason: not equal (Integer)
10:56:20.552 [ForkJoinPool-1-worker-7] ERROR com.intuit.karate - feature call (loop) failed at index: 3
caller: classpath:InspireTest/ngr/datasetrecords/def/checkxlinkurl.template.feature
arg: {"link":"https://www.nationaalgeoregister.nl/geonetwork/srv/eng/thesaurus.download?ref=external.theme.inspire-theme"}
checkxlinkurl.template.feature:22 - path: $, actual: 500, expected: 200, reason: not equal (Integer)
10:56:20.561 [ForkJoinPool-1-worker-5] INFO  com.intuit.karate - [print] title:RDinfo
10:56:20.564 [ForkJoinPool-1-worker-5] INFO  com.intuit.karate - [print] RDinfo
10:56:20.565 [ForkJoinPool-1-worker-5] INFO  com.intuit.karate - [print] [
  "PPB-GVA@kadaster.nl",
  "kcc@kadaster.nl",
  "rd@kadaster.nl"
]

10:56:20.566 [ForkJoinPool-1-worker-5] INFO  com.intuit.karate - [print] organisation: [
  "Kadaster",
  "Dienst van Het Kadaster en Openbare Registers",
  "Dienst voor het Kadaster en de Openbare Registers"
]

10:56:20.571 [ForkJoinPool-1-worker-5] INFO  com.intuit.karate - [print] [
  "http://kadaster/06b6c650-cdb1-11dd-ad8b-0800200c9a81"
]

10:56:20.578 [ForkJoinPool-1-worker-5] INFO  com.intuit.karate - [print]
10:56:20.578 [ForkJoinPool-1-worker-5] INFO  com.intuit.karate - [print] testing xlinkurl:http://kadaster/06b6c650-cdb1-11dd-ad8b-0800200c9a81
10:56:20.582 [ForkJoinPool-1-worker-5] ERROR com.intuit.karate - java.net.UnknownHostException: kadaster, http call failed after 0 milliseconds for URL: http://kadaster/06b6c650-cdb1-11dd-ad8b-0800200c9a81
10:56:20.586 [ForkJoinPool-1-worker-5] ERROR com.intuit.karate - http request failed: 
java.net.UnknownHostException: kadaster
10:56:20.586 [ForkJoinPool-1-worker-5] ERROR com.intuit.karate - feature call (loop) failed at index: 0
caller: classpath:InspireTest/ngr/datasetrecords/def/checkxlinkurl.template.feature
arg: {"link":"http://kadaster/06b6c650-cdb1-11dd-ad8b-0800200c9a81"}
checkxlinkurl.template.feature:14 - 
java.net.UnknownHostException: kadaster
10:56:21.032 [ForkJoinPool-1-worker-13] INFO  com.intuit.karate - [print] title:Zones en agglomeraties (Richtlijn Luchtkwaliteit) 2013
10:56:21.033 [ForkJoinPool-1-worker-13] INFO  com.intuit.karate - [print] Zones en agglomeraties (Richtlijn Luchtkwaliteit) 2013
10:56:21.035 [ForkJoinPool-1-worker-13] INFO  com.intuit.karate - [print] [
  "geodata@rivm.nl",
  "",
  "geodata@rivm.nl"
]

10:56:21.036 [ForkJoinPool-1-worker-13] INFO  com.intuit.karate - [print] organisation: no organisationName found in dataset record
10:56:21.039 [ForkJoinPool-1-worker-13] INFO  com.intuit.karate - [print] [
  "https://data.rivm.nl/inspire/id#5cb4b489-67c8-44bc-85c5-424a80a53b3b"
]

10:56:21.043 [ForkJoinPool-1-worker-13] INFO  com.intuit.karate - [print]
10:56:21.044 [ForkJoinPool-1-worker-13] INFO  com.intuit.karate - [print] testing xlinkurl:https://data.rivm.nl/inspire/id#5cb4b489-67c8-44bc-85c5-424a80a53b3b
10:56:21.305 [ForkJoinPool-1-worker-3] INFO  com.intuit.karate - [print] title:Ligging industrie en CO2 emissies
10:56:21.305 [ForkJoinPool-1-worker-3] INFO  com.intuit.karate - [print] Ligging industrie en CO2 emissies
10:56:21.306 [ForkJoinPool-1-worker-3] INFO  com.intuit.karate - [print] [
  "geodatabeheer.giscc@rvo.nl",
  "geodatabeheer.giscc@rvo.nl"
]

10:56:21.307 [ForkJoinPool-1-worker-3] INFO  com.intuit.karate - [print] organisation: Ministerie van Economische Zaken - GIS Competence Center
10:56:21.310 [ForkJoinPool-1-worker-3] INFO  com.intuit.karate - [print] [
  "https://www.nationaalgeoregister.nl/geonetwork/srv/dut/catalog.search#/metadata/d6b85d84-cdb9-4a6e-b799-cf8826e22a94"
]

10:56:21.315 [ForkJoinPool-1-worker-3] INFO  com.intuit.karate - [print]
10:56:21.315 [ForkJoinPool-1-worker-3] INFO  com.intuit.karate - [print] testing xlinkurl:https://www.nationaalgeoregister.nl/geonetwork/srv/dut/catalog.search#/metadata/d6b85d84-cdb9-4a6e-b799-cf8826e22a94
10:56:21.344 [ForkJoinPool-1-worker-11] INFO  com.intuit.karate - [print] title:Zeegebieden (INSPIRE geharmoniseerd)
10:56:21.344 [ForkJoinPool-1-worker-11] INFO  com.intuit.karate - [print] Zeegebieden (INSPIRE geharmoniseerd)
10:56:21.346 [ForkJoinPool-1-worker-11] INFO  com.intuit.karate - [print] [
  "PPB-GVA@kadaster.nl",
  "kcc@kadaster.nl"
]

10:56:21.348 [ForkJoinPool-1-worker-11] INFO  com.intuit.karate - [print] organisation: [
  "Kadaster",
  "Kadaster"
]

10:56:21.351 [ForkJoinPool-1-worker-11] INFO  com.intuit.karate - [print] [
  "http://www.opengis.net/def/crs/EPSG/0/http://www.opengis.net/def/crs/EPSG/0/4258",
  "http://kadaster/9778afe6-2152-4a8f-ba32-9697625401e3"
]

10:56:21.356 [ForkJoinPool-1-worker-11] INFO  com.intuit.karate - [print]
10:56:21.357 [ForkJoinPool-1-worker-11] INFO  com.intuit.karate - [print] testing xlinkurl:http://www.opengis.net/def/crs/EPSG/0/http://www.opengis.net/def/crs/EPSG/0/4258
10:56:21.407 [ForkJoinPool-1-worker-13] ERROR com.intuit.karate - javax.net.ssl.SSLException: Connection reset, http call failed after 362 milliseconds for URL: https://data.rivm.nl/inspire/id#5cb4b489-67c8-44bc-85c5-424a80a53b3b
10:56:21.407 [ForkJoinPool-1-worker-13] ERROR com.intuit.karate - http request failed: 
javax.net.ssl.SSLException: Connection reset
10:56:21.407 [ForkJoinPool-1-worker-13] ERROR com.intuit.karate - feature call (loop) failed at index: 0
caller: classpath:InspireTest/ngr/datasetrecords/def/checkxlinkurl.template.feature
arg: {"link":"https://data.rivm.nl/inspire/id#5cb4b489-67c8-44bc-85c5-424a80a53b3b"}
checkxlinkurl.template.feature:14 - 
javax.net.ssl.SSLException: Connection reset
10:56:21.488 [ForkJoinPool-1-worker-5] INFO  com.intuit.karate - [print] title:Bronbestanden waterkwaliteit
10:56:21.489 [ForkJoinPool-1-worker-5] INFO  com.intuit.karate - [print] Bronbestanden waterkwaliteit
10:56:21.491 [ForkJoinPool-1-worker-5] INFO  com.intuit.karate - [print] [
  "servicedesk@ihw.nl",
  "servicedesk@ihw.nl"
]

10:56:21.493 [ForkJoinPool-1-worker-5] INFO  com.intuit.karate - [print] organisation: [
  "Informatiehuis Water",
  "Informatiehuis Water"
]

10:56:21.560 [ForkJoinPool-1-worker-7] INFO  com.intuit.karate - [print] title:Vervoersnetwerken - Gemeenschappelijke elementen (INSPIRE geharmoniseerd)
10:56:21.561 [ForkJoinPool-1-worker-7] INFO  com.intuit.karate - [print] Vervoersnetwerken - Gemeenschappelijke elementen (INSPIRE geharmoniseerd)
10:56:21.564 [ForkJoinPool-1-worker-7] INFO  com.intuit.karate - [print] [
  "PPB-GVA@kadaster.nl",
  "kcc@kadaster.nl"
]

10:56:21.569 [ForkJoinPool-1-worker-7] INFO  com.intuit.karate - [print] organisation: [
  "Kadaster",
  "Kadaster"
]

10:56:21.572 [ForkJoinPool-1-worker-7] INFO  com.intuit.karate - [print] [
  "http://www.opengis.net/def/crs/EPSG/0/http://www.opengis.net/def/crs/EPSG/0/4258",
  "http://kadaster/7cdfa80a-cfbf-4324-978d-f1f141756b66"
]

10:56:21.578 [ForkJoinPool-1-worker-9] INFO  com.intuit.karate - [print] title:Gemeten Zwaveldioxide concentraties in buitenlucht.
10:56:21.578 [ForkJoinPool-1-worker-9] INFO  com.intuit.karate - [print] Gemeten Zwaveldioxide concentraties in buitenlucht.
10:56:21.580 [ForkJoinPool-1-worker-9] INFO  com.intuit.karate - [print] [
  "geodata@rivm.nl",
  "geodata@rivm.nl"
]

10:56:21.582 [ForkJoinPool-1-worker-9] INFO  com.intuit.karate - [print] organisation: no organisationName found in dataset record
10:56:21.584 [ForkJoinPool-1-worker-9] INFO  com.intuit.karate - [print] [
  "https://data.rivm.nl/inspire/id#440c4a06-6924-4f9c-a9e2-6f61340f711b"
]

10:56:21.596 [ForkJoinPool-1-worker-9] INFO  com.intuit.karate - [print]
10:56:21.603 [ForkJoinPool-1-worker-9] INFO  com.intuit.karate - [print] testing xlinkurl:https://data.rivm.nl/inspire/id#440c4a06-6924-4f9c-a9e2-6f61340f711b
10:56:21.598 [ForkJoinPool-1-worker-7] INFO  com.intuit.karate - [print]
10:56:21.604 [ForkJoinPool-1-worker-7] INFO  com.intuit.karate - [print] testing xlinkurl:http://www.opengis.net/def/crs/EPSG/0/http://www.opengis.net/def/crs/EPSG/0/4258
10:56:21.656 [ForkJoinPool-1-worker-11] INFO  com.intuit.karate - [print]
10:56:21.656 [ForkJoinPool-1-worker-11] INFO  com.intuit.karate - [print] testing xlinkurl:http://kadaster/9778afe6-2152-4a8f-ba32-9697625401e3
10:56:21.656 [ForkJoinPool-1-worker-11] ERROR com.intuit.karate - java.net.UnknownHostException: kadaster, http call failed after 0 milliseconds for URL: http://kadaster/9778afe6-2152-4a8f-ba32-9697625401e3
10:56:21.657 [ForkJoinPool-1-worker-11] ERROR com.intuit.karate - http request failed: 
java.net.UnknownHostException: kadaster
10:56:21.657 [ForkJoinPool-1-worker-11] ERROR com.intuit.karate - feature call (loop) failed at index: 1
caller: classpath:InspireTest/ngr/datasetrecords/def/checkxlinkurl.template.feature
arg: {"link":"http://kadaster/9778afe6-2152-4a8f-ba32-9697625401e3"}
checkxlinkurl.template.feature:14 - 
java.net.UnknownHostException: kadaster
10:56:21.910 [ForkJoinPool-1-worker-7] INFO  com.intuit.karate - [print]
10:56:21.911 [ForkJoinPool-1-worker-7] INFO  com.intuit.karate - [print] testing xlinkurl:http://kadaster/7cdfa80a-cfbf-4324-978d-f1f141756b66
10:56:21.913 [ForkJoinPool-1-worker-7] ERROR com.intuit.karate - java.net.UnknownHostException: kadaster, http call failed after 1 milliseconds for URL: http://kadaster/7cdfa80a-cfbf-4324-978d-f1f141756b66
10:56:21.913 [ForkJoinPool-1-worker-7] ERROR com.intuit.karate - http request failed: 
java.net.UnknownHostException: kadaster
10:56:21.913 [ForkJoinPool-1-worker-7] ERROR com.intuit.karate - feature call (loop) failed at index: 1
caller: classpath:InspireTest/ngr/datasetrecords/def/checkxlinkurl.template.feature
arg: {"link":"http://kadaster/7cdfa80a-cfbf-4324-978d-f1f141756b66"}
checkxlinkurl.template.feature:14 - 
java.net.UnknownHostException: kadaster
10:56:21.965 [ForkJoinPool-1-worker-9] ERROR com.intuit.karate - javax.net.ssl.SSLException: Connection reset, http call failed after 359 milliseconds for URL: https://data.rivm.nl/inspire/id#440c4a06-6924-4f9c-a9e2-6f61340f711b
10:56:21.966 [ForkJoinPool-1-worker-9] ERROR com.intuit.karate - http request failed: 
javax.net.ssl.SSLException: Connection reset
10:56:21.966 [ForkJoinPool-1-worker-9] ERROR com.intuit.karate - feature call (loop) failed at index: 0
caller: classpath:InspireTest/ngr/datasetrecords/def/checkxlinkurl.template.feature
arg: {"link":"https://data.rivm.nl/inspire/id#440c4a06-6924-4f9c-a9e2-6f61340f711b"}
checkxlinkurl.template.feature:14 - 
javax.net.ssl.SSLException: Connection reset
10:56:22.008 [ForkJoinPool-1-worker-13] INFO  com.intuit.karate - [print] title:Bathymetrie Nederland - binnenwateren
10:56:22.008 [ForkJoinPool-1-worker-13] INFO  com.intuit.karate - [print] Bathymetrie Nederland - binnenwateren
10:56:22.009 [ForkJoinPool-1-worker-13] INFO  com.intuit.karate - [print] [
  "servicedesk-data@rijkswaterstaat.nl",
  "servicedesk-data@rijkswaterstaat.nl",
  "",
  "servicedesk-data@rijkswaterstaat.nl",
  "servicedesk-data@rijkswaterstaat.nl"
]

10:56:22.010 [ForkJoinPool-1-worker-13] INFO  com.intuit.karate - [print] organisation: [
  "Rijkswaterstaat",
  "Rijkswaterstaat",
  "",
  "Rijkswaterstaat",
  "Rijkswaterstaat"
]

10:56:22.011 [ForkJoinPool-1-worker-13] INFO  com.intuit.karate - [print] [
  "https://www.nationaalgeoregister.nl/geonetwork/srv/dut/catalog.search#/metadata/adn73c4a-ef03-4785-b7f6-942e86b385f7",
  "http://rdfdata.eionet.europa.eu/inspirethemes/themes/10",
  "urn:ogc:def:crs:EPSG::5709"
]

10:56:22.016 [ForkJoinPool-1-worker-13] INFO  com.intuit.karate - [print]
10:56:22.016 [ForkJoinPool-1-worker-13] INFO  com.intuit.karate - [print] testing xlinkurl:https://www.nationaalgeoregister.nl/geonetwork/srv/dut/catalog.search#/metadata/adn73c4a-ef03-4785-b7f6-942e86b385f7
10:56:22.033 [ForkJoinPool-1-worker-5] INFO  com.intuit.karate - [print] title:Grondwatersamenstellinggegevens KRW meetronde 2012 onder INSPIRE
10:56:22.034 [ForkJoinPool-1-worker-5] INFO  com.intuit.karate - [print] Grondwatersamenstellinggegevens KRW meetronde 2012 onder INSPIRE
10:56:22.035 [ForkJoinPool-1-worker-5] INFO  com.intuit.karate - [print] [
  "info@dinoloket.nl",
  "info@dinoloket.nl",
  "info@dinoloket.nl"
]

10:56:22.037 [ForkJoinPool-1-worker-5] INFO  com.intuit.karate - [print] organisation: [
  "TNO Geologische Dienst Nederland",
  "TNO Geologische Dienst Nederland",
  "TNO Geologische Dienst Nederland"
]

10:56:22.039 [ForkJoinPool-1-worker-5] INFO  com.intuit.karate - [print] [
  "https://nationaalgeoregister.nl/geonetwork/srv/resources7d716522-fa1a-43b4-99c0-3a3480f9e218",
  "https://www.nationaalgeoregister.nl/geonetwork/srv/eng/thesaurus.download?ref=external.theme.inspire-theme"
]

10:56:22.045 [ForkJoinPool-1-worker-5] INFO  com.intuit.karate - [print]
10:56:22.046 [ForkJoinPool-1-worker-5] INFO  com.intuit.karate - [print] testing xlinkurl:https://nationaalgeoregister.nl/geonetwork/srv/resources7d716522-fa1a-43b4-99c0-3a3480f9e218
10:56:22.321 [ForkJoinPool-1-worker-11] INFO  com.intuit.karate - [print] title:Aardbevingen Nederland (KNMI)
10:56:22.321 [ForkJoinPool-1-worker-11] INFO  com.intuit.karate - [print] Aardbevingen Nederland (KNMI)
10:56:22.323 [ForkJoinPool-1-worker-11] INFO  com.intuit.karate - [print] [
  "datacentrum@knmi.nl",
  "datacentrum@knmi.nl",
  "datacentrum@knmi.nl"
]

10:56:22.324 [ForkJoinPool-1-worker-11] INFO  com.intuit.karate - [print] organisation: [
  "Koninklijk Nederlands Meteorologisch Instituut (KNMI)",
  "Koninklijk Nederlands Meteorologisch Instituut (KNMI)",
  "Koninklijk Nederlands Meteorologisch Instituut (KNMI)"
]

10:56:22.326 [ForkJoinPool-1-worker-11] INFO  com.intuit.karate - [print] [
  "https://www.nationaalgeoregister.nl/geonetwork/srv/api/records49807edc-0007-41aa-8809-d381f6713de4",
  "https://creativecommons.org/publicdomain/zero/*/deed.nl"
]

10:56:22.331 [ForkJoinPool-1-worker-11] INFO  com.intuit.karate - [print]
10:56:22.331 [ForkJoinPool-1-worker-11] INFO  com.intuit.karate - [print] testing xlinkurl:https://www.nationaalgeoregister.nl/geonetwork/srv/api/records49807edc-0007-41aa-8809-d381f6713de4
10:56:22.368 [ForkJoinPool-1-worker-5] ERROR com.intuit.karate - assertion failed: path: $, actual: 404, expected: 200, reason: not equal (Integer)
10:56:22.368 [ForkJoinPool-1-worker-5] ERROR com.intuit.karate - feature call (loop) failed at index: 0
caller: classpath:InspireTest/ngr/datasetrecords/def/checkxlinkurl.template.feature
arg: {"link":"https://nationaalgeoregister.nl/geonetwork/srv/resources7d716522-fa1a-43b4-99c0-3a3480f9e218"}
checkxlinkurl.template.feature:22 - path: $, actual: 404, expected: 200, reason: not equal (Integer)
10:56:22.370 [ForkJoinPool-1-worker-5] INFO  com.intuit.karate - [print]
10:56:22.370 [ForkJoinPool-1-worker-5] INFO  com.intuit.karate - [print] testing xlinkurl:https://www.nationaalgeoregister.nl/geonetwork/srv/eng/thesaurus.download?ref=external.theme.inspire-theme
10:56:22.420 [ForkJoinPool-1-worker-13] INFO  com.intuit.karate - [print]
10:56:22.420 [ForkJoinPool-1-worker-13] INFO  com.intuit.karate - [print] testing xlinkurl:http://rdfdata.eionet.europa.eu/inspirethemes/themes/10
10:56:22.458 [ForkJoinPool-1-worker-3] INFO  com.intuit.karate - [print] title:Ziekenhuizen in Nederland (september 2013)
10:56:22.458 [ForkJoinPool-1-worker-3] INFO  com.intuit.karate - [print] Ziekenhuizen in Nederland (september 2013)
10:56:22.462 [ForkJoinPool-1-worker-3] INFO  com.intuit.karate - [print] [
  "atlas@rivm.nl",
  "",
  "geodata@rivm.nl"
]

10:56:22.464 [ForkJoinPool-1-worker-3] INFO  com.intuit.karate - [print] organisation: no organisationName found in dataset record
10:56:22.466 [ForkJoinPool-1-worker-3] INFO  com.intuit.karate - [print] [
  "https://data.rivm.nl/inspire/id#1e3a98db-5d5e-4e61-8b64-1d132ddb439e"
]

10:56:22.473 [ForkJoinPool-1-worker-3] INFO  com.intuit.karate - [print]
10:56:22.479 [ForkJoinPool-1-worker-3] INFO  com.intuit.karate - [print] testing xlinkurl:https://data.rivm.nl/inspire/id#1e3a98db-5d5e-4e61-8b64-1d132ddb439e
10:56:22.590 [ForkJoinPool-1-worker-7] INFO  com.intuit.karate - [print] title:zoutvelden en zoutproductieputten onder INSPIRE
10:56:22.591 [ForkJoinPool-1-worker-7] INFO  com.intuit.karate - [print] zoutvelden en zoutproductieputten onder INSPIRE
10:56:22.592 [ForkJoinPool-1-worker-7] INFO  com.intuit.karate - [print] [
  "info@dinoloket.nl",
  "info@dinoloket.nl",
  "info@dinoloket.nl"
]

10:56:22.594 [ForkJoinPool-1-worker-7] INFO  com.intuit.karate - [print] organisation: [
  "TNO Geologische Dienst Nederland",
  "TNO Geologische Dienst Nederland",
  "TNO Geologische Dienst Nederland"
]

10:56:22.597 [ForkJoinPool-1-worker-7] INFO  com.intuit.karate - [print] [
  "https://nationaalgeoregister.nl/geonetwork/srv/resourcesce4a6d93-83d6-4397-afa1-d4117d5ce76b",
  "http://rdfdata.eionet.europa.eu/inspirethemes/themes/34",
  "http://geonetwork-opensource.org/inspire-theme#",
  "https://www.nationaalgeoregister.nl/geonetwork/srv/eng/thesaurus.download?ref=external.theme.inspire-theme"
]

10:56:22.605 [ForkJoinPool-1-worker-7] INFO  com.intuit.karate - [print]
10:56:22.607 [ForkJoinPool-1-worker-7] INFO  com.intuit.karate - [print] testing xlinkurl:https://nationaalgeoregister.nl/geonetwork/srv/resourcesce4a6d93-83d6-4397-afa1-d4117d5ce76b
10:56:22.623 [ForkJoinPool-1-worker-13] ERROR com.intuit.karate - assertion failed: path: $, actual: 404, expected: 200, reason: not equal (Integer)
10:56:22.624 [ForkJoinPool-1-worker-13] ERROR com.intuit.karate - feature call (loop) failed at index: 1
caller: classpath:InspireTest/ngr/datasetrecords/def/checkxlinkurl.template.feature
arg: {"link":"http://rdfdata.eionet.europa.eu/inspirethemes/themes/10"}
checkxlinkurl.template.feature:22 - path: $, actual: 404, expected: 200, reason: not equal (Integer)
10:56:22.627 [ForkJoinPool-1-worker-13] INFO  com.intuit.karate - [print]
10:56:22.628 [ForkJoinPool-1-worker-13] INFO  com.intuit.karate - [print] testing xlinkurl:urn:ogc:def:crs:EPSG::5709
10:56:22.629 [ForkJoinPool-1-worker-13] ERROR com.intuit.karate - org.apache.http.client.ClientProtocolException: URI does not specify a valid host name: urn:ogc:def:crs:EPSG::5709, http call failed after 0 milliseconds for URL: urn:ogc:def:crs:EPSG::5709
10:56:22.630 [ForkJoinPool-1-worker-13] ERROR com.intuit.karate - http request failed: 
org.apache.http.client.ClientProtocolException: URI does not specify a valid host name: urn:ogc:def:crs:EPSG::5709
10:56:22.631 [ForkJoinPool-1-worker-13] ERROR com.intuit.karate - feature call (loop) failed at index: 2
caller: classpath:InspireTest/ngr/datasetrecords/def/checkxlinkurl.template.feature
arg: {"link":"urn:ogc:def:crs:EPSG::5709"}
checkxlinkurl.template.feature:14 - 
org.apache.http.client.ClientProtocolException: URI does not specify a valid host name: urn:ogc:def:crs:EPSG::5709
10:56:22.686 [ForkJoinPool-1-worker-9] INFO  com.intuit.karate - [print] title:Geluidkaart hoofdspoornet 2016 (Lnight)
10:56:22.686 [ForkJoinPool-1-worker-9] INFO  com.intuit.karate - [print] Geluidkaart hoofdspoornet 2016 (Lnight)
10:56:22.689 [ForkJoinPool-1-worker-9] INFO  com.intuit.karate - [print] [
  "sylvia.koolmees@minienw.nl",
  "sylvia.koolmees@minienw.nl"
]

10:56:22.692 [ForkJoinPool-1-worker-9] INFO  com.intuit.karate - [print] organisation: [
  "Ministerie van IenW",
  "Ministerie van IenW"
]

10:56:22.694 [ForkJoinPool-1-worker-9] INFO  com.intuit.karate - [print] [
  "https://www.nationaalgeoregister.nl/geonetwork/srv/api/records/002d9127-c16d-4b8d-9f5e-102a8c8e36c4"
]

10:56:22.708 [ForkJoinPool-1-worker-9] INFO  com.intuit.karate - [print]
10:56:22.709 [ForkJoinPool-1-worker-9] INFO  com.intuit.karate - [print] testing xlinkurl:https://www.nationaalgeoregister.nl/geonetwork/srv/api/records/002d9127-c16d-4b8d-9f5e-102a8c8e36c4
10:56:22.803 [ForkJoinPool-1-worker-11] ERROR com.intuit.karate - assertion failed: path: $, actual: 500, expected: 200, reason: not equal (Integer)
10:56:22.803 [ForkJoinPool-1-worker-11] ERROR com.intuit.karate - feature call (loop) failed at index: 0
caller: classpath:InspireTest/ngr/datasetrecords/def/checkxlinkurl.template.feature
arg: {"link":"https://www.nationaalgeoregister.nl/geonetwork/srv/api/records49807edc-0007-41aa-8809-d381f6713de4"}
checkxlinkurl.template.feature:22 - path: $, actual: 500, expected: 200, reason: not equal (Integer)
10:56:22.804 [ForkJoinPool-1-worker-11] INFO  com.intuit.karate - [print]
10:56:22.804 [ForkJoinPool-1-worker-11] INFO  com.intuit.karate - [print] testing xlinkurl:https://creativecommons.org/publicdomain/zero/*/deed.nl
10:56:22.837 [ForkJoinPool-1-worker-3] ERROR com.intuit.karate - javax.net.ssl.SSLException: Connection reset, http call failed after 357 milliseconds for URL: https://data.rivm.nl/inspire/id#1e3a98db-5d5e-4e61-8b64-1d132ddb439e
10:56:22.837 [ForkJoinPool-1-worker-3] ERROR com.intuit.karate - http request failed: 
javax.net.ssl.SSLException: Connection reset
10:56:22.837 [ForkJoinPool-1-worker-3] ERROR com.intuit.karate - feature call (loop) failed at index: 0
caller: classpath:InspireTest/ngr/datasetrecords/def/checkxlinkurl.template.feature
arg: {"link":"https://data.rivm.nl/inspire/id#1e3a98db-5d5e-4e61-8b64-1d132ddb439e"}
checkxlinkurl.template.feature:14 - 
javax.net.ssl.SSLException: Connection reset
10:56:22.862 [ForkJoinPool-1-worker-11] ERROR com.intuit.karate - assertion failed: path: $, actual: 404, expected: 200, reason: not equal (Integer)
10:56:22.863 [ForkJoinPool-1-worker-11] ERROR com.intuit.karate - feature call (loop) failed at index: 1
caller: classpath:InspireTest/ngr/datasetrecords/def/checkxlinkurl.template.feature
arg: {"link":"https://creativecommons.org/publicdomain/zero/*/deed.nl"}
checkxlinkurl.template.feature:22 - path: $, actual: 404, expected: 200, reason: not equal (Integer)
10:56:22.916 [ForkJoinPool-1-worker-7] ERROR com.intuit.karate - assertion failed: path: $, actual: 404, expected: 200, reason: not equal (Integer)
10:56:22.916 [ForkJoinPool-1-worker-7] ERROR com.intuit.karate - feature call (loop) failed at index: 0
caller: classpath:InspireTest/ngr/datasetrecords/def/checkxlinkurl.template.feature
arg: {"link":"https://nationaalgeoregister.nl/geonetwork/srv/resourcesce4a6d93-83d6-4397-afa1-d4117d5ce76b"}
checkxlinkurl.template.feature:22 - path: $, actual: 404, expected: 200, reason: not equal (Integer)
10:56:22.917 [ForkJoinPool-1-worker-7] INFO  com.intuit.karate - [print]
10:56:22.917 [ForkJoinPool-1-worker-7] INFO  com.intuit.karate - [print] testing xlinkurl:http://rdfdata.eionet.europa.eu/inspirethemes/themes/34
10:56:22.981 [ForkJoinPool-1-worker-5] ERROR com.intuit.karate - assertion failed: path: $, actual: 500, expected: 200, reason: not equal (Integer)
10:56:22.981 [ForkJoinPool-1-worker-5] ERROR com.intuit.karate - feature call (loop) failed at index: 1
caller: classpath:InspireTest/ngr/datasetrecords/def/checkxlinkurl.template.feature
arg: {"link":"https://www.nationaalgeoregister.nl/geonetwork/srv/eng/thesaurus.download?ref=external.theme.inspire-theme"}
checkxlinkurl.template.feature:22 - path: $, actual: 500, expected: 200, reason: not equal (Integer)
10:56:22.997 [ForkJoinPool-1-worker-9] ERROR com.intuit.karate - assertion failed: path: $, actual: 400, expected: 200, reason: not equal (Integer)
10:56:22.997 [ForkJoinPool-1-worker-9] ERROR com.intuit.karate - feature call (loop) failed at index: 0
caller: classpath:InspireTest/ngr/datasetrecords/def/checkxlinkurl.template.feature
arg: {"link":"https://www.nationaalgeoregister.nl/geonetwork/srv/api/records/002d9127-c16d-4b8d-9f5e-102a8c8e36c4"}
checkxlinkurl.template.feature:22 - path: $, actual: 400, expected: 200, reason: not equal (Integer)
10:56:23.123 [ForkJoinPool-1-worker-7] ERROR com.intuit.karate - assertion failed: path: $, actual: 404, expected: 200, reason: not equal (Integer)
10:56:23.123 [ForkJoinPool-1-worker-7] ERROR com.intuit.karate - feature call (loop) failed at index: 1
caller: classpath:InspireTest/ngr/datasetrecords/def/checkxlinkurl.template.feature
arg: {"link":"http://rdfdata.eionet.europa.eu/inspirethemes/themes/34"}
checkxlinkurl.template.feature:22 - path: $, actual: 404, expected: 200, reason: not equal (Integer)
10:56:23.124 [ForkJoinPool-1-worker-7] INFO  com.intuit.karate - [print]
10:56:23.124 [ForkJoinPool-1-worker-7] INFO  com.intuit.karate - [print] testing xlinkurl:http://geonetwork-opensource.org/inspire-theme#
10:56:23.351 [ForkJoinPool-1-worker-13] INFO  com.intuit.karate - [print] title:Bodemkundig boormonsterprofiel onder INSPIRE
10:56:23.351 [ForkJoinPool-1-worker-13] INFO  com.intuit.karate - [print] Bodemkundig boormonsterprofiel onder INSPIRE
10:56:23.353 [ForkJoinPool-1-worker-13] INFO  com.intuit.karate - [print] [
  "info@dinoloket.nl",
  "geodesk.cgi@wur.nl",
  "info@dinoloket.nl"
]

10:56:23.355 [ForkJoinPool-1-worker-13] INFO  com.intuit.karate - [print] organisation: [
  "TNO Geologische Dienst Nederland",
  "Alterra, Wageningen UR",
  "TNO Geologische Dienst Nederland"
]

10:56:23.364 [ForkJoinPool-1-worker-13] INFO  com.intuit.karate - [print] [
  "https://nationaalgeoregister.nl/geonetwork/srv/resourcese26eb6c9-c441-43e8-8db6-aabbf11578fd",
  "http://rdfdata.eionet.europa.eu/inspirethemes/themes/16",
  "http://geonetwork-opensource.org/inspire-theme#",
  "https://www.nationaalgeoregister.nl/geonetwork/srv/eng/thesaurus.download?ref=external.theme.inspire-theme"
]

10:56:23.379 [ForkJoinPool-1-worker-13] INFO  com.intuit.karate - [print]
10:56:23.382 [ForkJoinPool-1-worker-13] INFO  com.intuit.karate - [print] testing xlinkurl:https://nationaalgeoregister.nl/geonetwork/srv/resourcese26eb6c9-c441-43e8-8db6-aabbf11578fd
10:56:23.504 [ForkJoinPool-1-worker-3] INFO  com.intuit.karate - [print] title:Geografische Namen (INSPIRE geharmoniseerd)
10:56:23.505 [ForkJoinPool-1-worker-3] INFO  com.intuit.karate - [print] Geografische Namen (INSPIRE geharmoniseerd)
10:56:23.507 [ForkJoinPool-1-worker-3] INFO  com.intuit.karate - [print] [
  "PPB-GVA@kadaster.nl",
  "kcc@kadaster.nl"
]

10:56:23.508 [ForkJoinPool-1-worker-3] INFO  com.intuit.karate - [print] organisation: [
  "Kadaster",
  "Kadaster"
]

10:56:23.512 [ForkJoinPool-1-worker-3] INFO  com.intuit.karate - [print] [
  "http://kadaster/3bf3f7f3-8ac9-4203-bb95-2c932d5f0f3e"
]

10:56:23.517 [ForkJoinPool-1-worker-3] INFO  com.intuit.karate - [print]
10:56:23.517 [ForkJoinPool-1-worker-3] INFO  com.intuit.karate - [print] testing xlinkurl:http://kadaster/3bf3f7f3-8ac9-4203-bb95-2c932d5f0f3e
10:56:23.518 [ForkJoinPool-1-worker-3] ERROR com.intuit.karate - java.net.UnknownHostException: kadaster, http call failed after 0 milliseconds for URL: http://kadaster/3bf3f7f3-8ac9-4203-bb95-2c932d5f0f3e
10:56:23.518 [ForkJoinPool-1-worker-3] ERROR com.intuit.karate - http request failed: 
java.net.UnknownHostException: kadaster
10:56:23.519 [ForkJoinPool-1-worker-3] ERROR com.intuit.karate - feature call (loop) failed at index: 0
caller: classpath:InspireTest/ngr/datasetrecords/def/checkxlinkurl.template.feature
arg: {"link":"http://kadaster/3bf3f7f3-8ac9-4203-bb95-2c932d5f0f3e"}
checkxlinkurl.template.feature:14 - 
java.net.UnknownHostException: kadaster
10:56:23.683 [ForkJoinPool-1-worker-11] INFO  com.intuit.karate - [print] title:Invasieve Exoten (INSPIRE Geharmoniseerd)
10:56:23.684 [ForkJoinPool-1-worker-11] INFO  com.intuit.karate - [print] Invasieve Exoten (INSPIRE Geharmoniseerd)
10:56:23.686 [ForkJoinPool-1-worker-11] INFO  com.intuit.karate - [print] [
  "geodatabeheer.giscc@rvo.nl",
  "Geodatabeheer.GISCC@rvo.nl"
]

10:56:23.687 [ForkJoinPool-1-worker-11] INFO  com.intuit.karate - [print] organisation: Ministerie van Landbouw, Natuur en Voedselkwaliteit
10:56:23.688 [ForkJoinPool-1-worker-11] INFO  com.intuit.karate - [print] [
  "https://www.nationaalgeoregister.nl/geonetwork/srv/api/records3703b249-a0eb-484e-ba7a-10e31a55bcec",
  "579"
]

10:56:23.693 [ForkJoinPool-1-worker-11] INFO  com.intuit.karate - [print]
10:56:23.694 [ForkJoinPool-1-worker-13] ERROR com.intuit.karate - assertion failed: path: $, actual: 404, expected: 200, reason: not equal (Integer)
10:56:23.694 [ForkJoinPool-1-worker-13] ERROR com.intuit.karate - feature call (loop) failed at index: 0
caller: classpath:InspireTest/ngr/datasetrecords/def/checkxlinkurl.template.feature
arg: {"link":"https://nationaalgeoregister.nl/geonetwork/srv/resourcese26eb6c9-c441-43e8-8db6-aabbf11578fd"}
checkxlinkurl.template.feature:22 - path: $, actual: 404, expected: 200, reason: not equal (Integer)
10:56:23.695 [ForkJoinPool-1-worker-13] INFO  com.intuit.karate - [print]
10:56:23.695 [ForkJoinPool-1-worker-13] INFO  com.intuit.karate - [print] testing xlinkurl:http://rdfdata.eionet.europa.eu/inspirethemes/themes/16
10:56:23.698 [ForkJoinPool-1-worker-11] INFO  com.intuit.karate - [print] testing xlinkurl:https://www.nationaalgeoregister.nl/geonetwork/srv/api/records3703b249-a0eb-484e-ba7a-10e31a55bcec
10:56:23.719 [ForkJoinPool-1-worker-7] ERROR com.intuit.karate - assertion failed: path: $, actual: 404, expected: 200, reason: not equal (Integer)
10:56:23.719 [ForkJoinPool-1-worker-7] ERROR com.intuit.karate - feature call (loop) failed at index: 2
caller: classpath:InspireTest/ngr/datasetrecords/def/checkxlinkurl.template.feature
arg: {"link":"http://geonetwork-opensource.org/inspire-theme#"}
checkxlinkurl.template.feature:22 - path: $, actual: 404, expected: 200, reason: not equal (Integer)
10:56:23.720 [ForkJoinPool-1-worker-7] INFO  com.intuit.karate - [print]
10:56:23.720 [ForkJoinPool-1-worker-7] INFO  com.intuit.karate - [print] testing xlinkurl:https://www.nationaalgeoregister.nl/geonetwork/srv/eng/thesaurus.download?ref=external.theme.inspire-theme
10:56:23.803 [ForkJoinPool-1-worker-5] INFO  com.intuit.karate - [print] title:Statistical Units Vector
10:56:23.804 [ForkJoinPool-1-worker-5] INFO  com.intuit.karate - [print] Statistical Units Vector
10:56:23.805 [ForkJoinPool-1-worker-5] INFO  com.intuit.karate - [print] [
  "infoservice@cbs.nl",
  "infoservice@cbs.nl",
  "infoservice@cbs.nl",
  "",
  ""
]

10:56:23.806 [ForkJoinPool-1-worker-5] INFO  com.intuit.karate - [print] organisation: [
  "Statistics Netherlands",
  "Statistics Netherlands",
  "Statistics Netherlandds",
  "Statistics Netherlands"
]

10:56:23.809 [ForkJoinPool-1-worker-5] INFO  com.intuit.karate - [print] [
  "https://geodata.nationaalgeoregister.nl/cbsgebiedsindelingen/atom/cbsgebiedsindelingen.xml"
]

10:56:23.816 [ForkJoinPool-1-worker-5] INFO  com.intuit.karate - [print]
10:56:23.816 [ForkJoinPool-1-worker-5] INFO  com.intuit.karate - [print] testing xlinkurl:https://geodata.nationaalgeoregister.nl/cbsgebiedsindelingen/atom/cbsgebiedsindelingen.xml
10:56:23.896 [ForkJoinPool-1-worker-13] ERROR com.intuit.karate - assertion failed: path: $, actual: 404, expected: 200, reason: not equal (Integer)
10:56:23.896 [ForkJoinPool-1-worker-13] ERROR com.intuit.karate - feature call (loop) failed at index: 1
caller: classpath:InspireTest/ngr/datasetrecords/def/checkxlinkurl.template.feature
arg: {"link":"http://rdfdata.eionet.europa.eu/inspirethemes/themes/16"}
checkxlinkurl.template.feature:22 - path: $, actual: 404, expected: 200, reason: not equal (Integer)
10:56:23.897 [ForkJoinPool-1-worker-13] INFO  com.intuit.karate - [print]
10:56:23.898 [ForkJoinPool-1-worker-13] INFO  com.intuit.karate - [print] testing xlinkurl:http://geonetwork-opensource.org/inspire-theme#
10:56:23.907 [ForkJoinPool-1-worker-9] INFO  com.intuit.karate - [print] title:Luchtfoto 2018 25cm RGB open data
10:56:23.907 [ForkJoinPool-1-worker-9] INFO  com.intuit.karate - [print] Luchtfoto 2018 25cm RGB open data
10:56:23.908 [ForkJoinPool-1-worker-9] INFO  com.intuit.karate - [print] [
  "PPB-GVA@kadaster.nl",
  "info@hetwaterschapshuis.nl",
  "kcc@kadaster.nl",
  "",
  "",
  "",
  "",
  "",
  ""
]

10:56:23.910 [ForkJoinPool-1-worker-9] INFO  com.intuit.karate - [print] organisation: [
  "Kadaster",
  "Het Waterschapshuis",
  "Kadaster",
  "Eurosense",
  "Eurosense",
  "Eurosense",
  "Kadaster",
  "Kadaster"
]

10:56:23.912 [ForkJoinPool-1-worker-9] INFO  com.intuit.karate - [print] [
  "http://kadaster/2482250f-3b00-4439-9f93-f3118229b020",
  "",
  "",
  ""
]

10:56:23.917 [ForkJoinPool-1-worker-9] INFO  com.intuit.karate - [print]
10:56:23.917 [ForkJoinPool-1-worker-9] INFO  com.intuit.karate - [print] testing xlinkurl:http://kadaster/2482250f-3b00-4439-9f93-f3118229b020
10:56:23.918 [ForkJoinPool-1-worker-9] ERROR com.intuit.karate - java.net.UnknownHostException: kadaster, http call failed after 0 milliseconds for URL: http://kadaster/2482250f-3b00-4439-9f93-f3118229b020
10:56:23.919 [ForkJoinPool-1-worker-9] ERROR com.intuit.karate - http request failed: 
java.net.UnknownHostException: kadaster
10:56:23.919 [ForkJoinPool-1-worker-9] ERROR com.intuit.karate - feature call (loop) failed at index: 0
caller: classpath:InspireTest/ngr/datasetrecords/def/checkxlinkurl.template.feature
arg: {"link":"http://kadaster/2482250f-3b00-4439-9f93-f3118229b020"}
checkxlinkurl.template.feature:14 - 
java.net.UnknownHostException: kadaster
10:56:23.919 [ForkJoinPool-1-worker-9] INFO  com.intuit.karate - [print]
10:56:23.920 [ForkJoinPool-1-worker-9] INFO  com.intuit.karate - [print] testing xlinkurl:
10:56:23.920 [ForkJoinPool-1-worker-9] ERROR com.intuit.karate - org.apache.http.client.ClientProtocolException, http call failed after 0 milliseconds for URL: 
10:56:23.920 [ForkJoinPool-1-worker-9] ERROR com.intuit.karate - http request failed: 
org.apache.http.client.ClientProtocolException
10:56:23.920 [ForkJoinPool-1-worker-9] ERROR com.intuit.karate - feature call (loop) failed at index: 1
caller: classpath:InspireTest/ngr/datasetrecords/def/checkxlinkurl.template.feature
arg: {"link":""}
checkxlinkurl.template.feature:14 - 
org.apache.http.client.ClientProtocolException
10:56:23.921 [ForkJoinPool-1-worker-9] INFO  com.intuit.karate - [print]
10:56:23.921 [ForkJoinPool-1-worker-9] INFO  com.intuit.karate - [print] testing xlinkurl:
10:56:23.922 [ForkJoinPool-1-worker-9] ERROR com.intuit.karate - org.apache.http.client.ClientProtocolException, http call failed after 0 milliseconds for URL: 
10:56:23.922 [ForkJoinPool-1-worker-9] ERROR com.intuit.karate - http request failed: 
org.apache.http.client.ClientProtocolException
10:56:23.922 [ForkJoinPool-1-worker-9] ERROR com.intuit.karate - feature call (loop) failed at index: 2
caller: classpath:InspireTest/ngr/datasetrecords/def/checkxlinkurl.template.feature
arg: {"link":""}
checkxlinkurl.template.feature:14 - 
org.apache.http.client.ClientProtocolException
10:56:23.923 [ForkJoinPool-1-worker-9] INFO  com.intuit.karate - [print]
10:56:23.923 [ForkJoinPool-1-worker-9] INFO  com.intuit.karate - [print] testing xlinkurl:
10:56:23.924 [ForkJoinPool-1-worker-9] ERROR com.intuit.karate - org.apache.http.client.ClientProtocolException, http call failed after 0 milliseconds for URL: 
10:56:23.924 [ForkJoinPool-1-worker-9] ERROR com.intuit.karate - http request failed: 
org.apache.http.client.ClientProtocolException
10:56:23.924 [ForkJoinPool-1-worker-9] ERROR com.intuit.karate - feature call (loop) failed at index: 3
caller: classpath:InspireTest/ngr/datasetrecords/def/checkxlinkurl.template.feature
arg: {"link":""}
checkxlinkurl.template.feature:14 - 
org.apache.http.client.ClientProtocolException
10:56:24.017 [ForkJoinPool-1-worker-11] ERROR com.intuit.karate - assertion failed: path: $, actual: 500, expected: 200, reason: not equal (Integer)
10:56:24.017 [ForkJoinPool-1-worker-11] ERROR com.intuit.karate - feature call (loop) failed at index: 0
caller: classpath:InspireTest/ngr/datasetrecords/def/checkxlinkurl.template.feature
arg: {"link":"https://www.nationaalgeoregister.nl/geonetwork/srv/api/records3703b249-a0eb-484e-ba7a-10e31a55bcec"}
checkxlinkurl.template.feature:22 - path: $, actual: 500, expected: 200, reason: not equal (Integer)
10:56:24.019 [ForkJoinPool-1-worker-11] INFO  com.intuit.karate - [print]
10:56:24.019 [ForkJoinPool-1-worker-11] INFO  com.intuit.karate - [print] testing xlinkurl:579
10:56:24.019 [ForkJoinPool-1-worker-11] ERROR com.intuit.karate - org.apache.http.client.ClientProtocolException, http call failed after 0 milliseconds for URL: 579
10:56:24.019 [ForkJoinPool-1-worker-11] ERROR com.intuit.karate - http request failed: 
org.apache.http.client.ClientProtocolException
10:56:24.019 [ForkJoinPool-1-worker-11] ERROR com.intuit.karate - feature call (loop) failed at index: 1
caller: classpath:InspireTest/ngr/datasetrecords/def/checkxlinkurl.template.feature
arg: {"link":"579"}
checkxlinkurl.template.feature:14 - 
org.apache.http.client.ClientProtocolException
10:56:24.059 [ForkJoinPool-1-worker-7] ERROR com.intuit.karate - assertion failed: path: $, actual: 500, expected: 200, reason: not equal (Integer)
10:56:24.059 [ForkJoinPool-1-worker-7] ERROR com.intuit.karate - feature call (loop) failed at index: 3
caller: classpath:InspireTest/ngr/datasetrecords/def/checkxlinkurl.template.feature
arg: {"link":"https://www.nationaalgeoregister.nl/geonetwork/srv/eng/thesaurus.download?ref=external.theme.inspire-theme"}
checkxlinkurl.template.feature:22 - path: $, actual: 500, expected: 200, reason: not equal (Integer)
10:56:24.083 [pool-1-thread-2] INFO  com.intuit.karate - [print] {
  "register": {
    "submitter": "Nominated submitting organisations for the central INSPIRE registers and INSPIRE register federation",
    "license": {
      "label": "Europa Legal Notice",
      "uri": "http://ec.europa.eu/geninfo/legal_notices_nl.htm"
    },
    "registry": {
      "id": "http://inspire.ec.europa.eu/registry",
      "label": {
        "text": "INSPIRE register",
        "lang": "nl"
      }
    },
    "containeditems": [
      {
        "metadata-codelist": {
          "itemclass": {
            "id": "MetadataCodeList",
            "label": {
              "text": "Metadata Code list",
              "lang": "nl"
            }
          },
          "id": "http://inspire.ec.europa.eu/metadata-codelist/ResourceType",
          "label": {
            "text": "Type bron",
            "lang": "nl"
          },
          "version": "0",
          "status": {
            "id": "http://inspire.ec.europa.eu/registry/status/valid",
            "label": {
              "text": "Geldig",
              "lang": "nl"
            }
          },
          "register": {
            "registry": {
              "id": "http://inspire.ec.europa.eu/registry",
              "label": {
                "text": "INSPIRE register",
                "lang": "nl"
              }
            },
            "id": "http://inspire.ec.europa.eu/metadata-codelist",
            "label": {
              "text": "INSPIRE metadata code list register",
              "lang": "nl"
            }
          }
        }
      },
      {
        "metadata-codelist": {
          "itemclass": {
            "id": "MetadataCodeList",
            "label": {
              "text": "Metadata Code list",
              "lang": "nl"
            }
          },
          "id": "http://inspire.ec.europa.eu/metadata-codelist/TopicCategory",
          "label": {
            "text": "Onderwerpcategoriecn overeenkomstig EN ISO 19115",
            "lang": "nl"
          },
          "version": "0",
          "status": {
            "id": "http://inspire.ec.europa.eu/registry/status/valid",
            "label": {
              "text": "Geldig",
              "lang": "nl"
            }
          },
          "register": {
            "registry": {
              "id": "http://inspire.ec.europa.eu/registry",
              "label": {
                "text": "INSPIRE register",
                "lang": "nl"
              }
            },
            "id": "http://inspire.ec.europa.eu/metadata-codelist",
            "label": {
              "text": "INSPIRE metadata code list register",
              "lang": "nl"
            }
          }
        }
      },
      {
        "metadata-codelist": {
          "itemclass": {
            "id": "MetadataCodeList",
            "label": {
              "text": "Metadata Code list",
              "lang": "nl"
            }
          },
          "id": "http://inspire.ec.europa.eu/metadata-codelist/SpatialDataServiceType",
          "label": {
            "text": "Type dienst met betrekking tot ruimtelijke gegevens",
            "lang": "nl"
          },
          "version": "0",
          "status": {
            "id": "http://inspire.ec.europa.eu/registry/status/valid",
            "label": {
              "text": "Geldig",
              "lang": "nl"
            }
          },
          "register": {
            "registry": {
              "id": "http://inspire.ec.europa.eu/registry",
              "label": {
                "text": "INSPIRE register",
                "lang": "nl"
              }
            },
            "id": "http://inspire.ec.europa.eu/metadata-codelist",
            "label": {
              "text": "INSPIRE metadata code list register",
              "lang": "nl"
            }
          }
        }
      },
      {
        "metadata-codelist": {
          "itemclass": {
            "id": "MetadataCodeList",
            "label": {
              "text": "Metadata Code list",
              "lang": "nl"
            }
          },
          "definition": {
            "text": "De trefwoorden zijn gebaseerd op de taxonomie voor geografische diensten (EN ISO 19119). Deze taxonomie bestaat uit categorieC+n; de subcategorieC+n definiC+ren het waardedomein van de classificatie van ruimtelijke-gegevensdiensten.",
            "lang": "nl"
          },
          "id": "http://inspire.ec.europa.eu/metadata-codelist/SpatialDataServiceCategory",
          "label": {
            "text": "Classificatie van diensten met betrekking tot ruimtelijke gegevens",
            "lang": "nl"
          },
          "version": "0",
          "status": {
            "id": "http://inspire.ec.europa.eu/registry/status/valid",
            "label": {
              "text": "Geldig",
              "lang": "nl"
            }
          },
          "register": {
            "registry": {
              "id": "http://inspire.ec.europa.eu/registry",
              "label": {
                "text": "INSPIRE register",
                "lang": "nl"
              }
            },
            "id": "http://inspire.ec.europa.eu/metadata-codelist",
            "label": {
              "text": "INSPIRE metadata code list register",
              "lang": "nl"
            }
          }
        }
      },
      {
        "metadata-codelist": {
          "itemclass": {
            "id": "MetadataCodeList",
            "label": {
              "text": "Metadata Code list",
              "lang": "nl"
            }
          },
          "id": "http://inspire.ec.europa.eu/metadata-codelist/DegreeOfConformity",
          "label": {
            "text": "Conformiteitsindicatie",
            "lang": "nl"
          },
          "version": "0",
          "status": {
            "id": "http://inspire.ec.europa.eu/registry/status/valid",
            "label": {
              "text": "Geldig",
              "lang": "nl"
            }
          },
          "register": {
            "registry": {
              "id": "http://inspire.ec.europa.eu/registry",
              "label": {
                "text": "INSPIRE register",
                "lang": "nl"
              }
            },
            "id": "http://inspire.ec.europa.eu/metadata-codelist",
            "label": {
              "text": "INSPIRE metadata code list register",
              "lang": "nl"
            }
          }
        }
      },
      {
        "metadata-codelist": {
          "itemclass": {
            "id": "MetadataCodeList",
            "label": {
              "text": "Metadata Code list",
              "lang": "nl"
            }
          },
          "id": "http://inspire.ec.europa.eu/metadata-codelist/ResponsiblePartyRole",
          "label": {
            "text": "Rol van de verantwoordelijke partij",
            "lang": "nl"
          },
          "version": "0",
          "status": {
            "id": "http://inspire.ec.europa.eu/registry/status/valid",
            "label": {
              "text": "Geldig",
              "lang": "nl"
            }
          },
          "register": {
            "registry": {
              "id": "http://inspire.ec.europa.eu/registry",
              "label": {
                "text": "INSPIRE register",
                "lang": "nl"
              }
            },
            "id": "http://inspire.ec.europa.eu/metadata-codelist",
            "label": {
              "text": "INSPIRE metadata code list register",
              "lang": "nl"
            }
          }
        }
      },
      {
        "metadata-codelist": {
          "itemclass": {
            "id": "MetadataCodeList",
            "label": {
              "text": "Metadata Code list",
              "lang": "nl"
            }
          },
          "id": "http://inspire.ec.europa.eu/metadata-codelist/LimitationsOnPublicAccess",
          "label": {
            "text": "Beperkingen op openbare toegang",
            "lang": "nl"
          },
          "version": "0",
          "status": {
            "id": "http://inspire.ec.europa.eu/registry/status/valid",
            "label": {
              "text": "Geldig",
              "lang": "nl"
            }
          },
          "register": {
            "registry": {
              "id": "http://inspire.ec.europa.eu/registry",
              "label": {
                "text": "INSPIRE register",
                "lang": "nl"
              }
            },
            "id": "http://inspire.ec.europa.eu/metadata-codelist",
            "label": {
              "text": "INSPIRE metadata code list register",
              "lang": "nl"
            }
          }
        }
      },
      {
        "metadata-codelist": {
          "itemclass": {
            "id": "MetadataCodeList",
            "label": {
              "text": "Metadata Code list",
              "lang": "nl"
            }
          },
          "id": "http://inspire.ec.europa.eu/metadata-codelist/ConditionsApplyingToAccessAndUse",
          "label": {
            "text": "Voorwaarden voor toegang en gebruik",
            "lang": "nl"
          },
          "version": "0",
          "status": {
            "id": "http://inspire.ec.europa.eu/registry/status/valid",
            "label": {
              "text": "Geldig",
              "lang": "nl"
            }
          },
          "register": {
            "registry": {
              "id": "http://inspire.ec.europa.eu/registry",
              "label": {
                "text": "INSPIRE register",
                "lang": "nl"
              }
            },
            "id": "http://inspire.ec.europa.eu/metadata-codelist",
            "label": {
              "text": "INSPIRE metadata code list register",
              "lang": "nl"
            }
          }
        }
      },
      {
        "metadata-codelist": {
          "itemclass": {
            "id": "MetadataCodeList",
            "label": {
              "text": "Metadata Code list",
              "lang": "nl"
            }
          },
          "id": "http://inspire.ec.europa.eu/metadata-codelist/QualityOfServiceCriteria",
          "label": {
            "text": "Service kwaliteit criteria code",
            "lang": "nl"
          },
          "version": "0",
          "status": {
            "id": "http://inspire.ec.europa.eu/registry/status/valid",
            "label": {
              "text": "Geldig",
              "lang": "nl"
            }
          },
          "register": {
            "registry": {
              "id": "http://inspire.ec.europa.eu/registry",
              "label": {
                "text": "INSPIRE register",
                "lang": "nl"
              }
            },
            "id": "http://inspire.ec.europa.eu/metadata-codelist",
            "label": {
              "text": "INSPIRE metadata code list register",
              "lang": "nl"
            }
          }
        }
      },
      {
        "metadata-codelist": {
          "itemclass": {
            "id": "MetadataCodeList",
            "label": {
              "text": "Metadata Code list",
              "lang": "nl"
            }
          },
          "definition": {
            "text": "Code describing the type of resource given in the Resource Locator metadata element.",
            "lang": "en"
          },
          "id": "http://inspire.ec.europa.eu/metadata-codelist/OnLineDescriptionCode",
          "label": {
            "text": "Online description code",
            "lang": "en"
          },
          "version": "0",
          "status": {
            "id": "http://inspire.ec.europa.eu/registry/status/valid",
            "label": {
              "text": "Geldig",
              "lang": "nl"
            }
          },
          "register": {
            "registry": {
              "id": "http://inspire.ec.europa.eu/registry",
              "label": {
                "text": "INSPIRE register",
                "lang": "nl"
              }
            },
            "id": "http://inspire.ec.europa.eu/metadata-codelist",
            "label": {
              "text": "INSPIRE metadata code list register",
              "lang": "nl"
            }
          }
        }
      },
      {
        "metadata-codelist": {
          "itemclass": {
            "id": "MetadataCodeList",
            "label": {
              "text": "Metadata Code list",
              "lang": "nl"
            }
          },
          "definition": {
            "text": "Lijst met datasets die gerelateerd zijn aan milieurapportage, die stapsgewijs door de lidstaten via de Europese infrastructuur voor ruimtelijke informatie beschikbaar moeten worden gesteld. Deze lijst geeft ook de lacunes in data weer die zijn geïdentificeerd tijdens de evaluatie van de implementatie en de geschiktheid van de richtlijn voor het beoogde doel (de zogenoemde REFIT evaluatie).",
            "lang": "nl"
          },
          "id": "http://inspire.ec.europa.eu/metadata-codelist/PriorityDataset",
          "label": {
            "text": "INSPIRE prioritaire dataset",
            "lang": "nl"
          },
          "version": "0",
          "status": {
            "id": "http://inspire.ec.europa.eu/registry/status/valid",
            "label": {
              "text": "Geldig",
              "lang": "nl"
            }
          },
          "register": {
            "registry": {
              "id": "http://inspire.ec.europa.eu/registry",
              "label": {
                "text": "INSPIRE register",
                "lang": "nl"
              }
            },
            "id": "http://inspire.ec.europa.eu/metadata-codelist",
            "label": {
              "text": "INSPIRE metadata code list register",
              "lang": "nl"
            }
          }
        }
      },
      {
        "metadata-codelist": {
          "itemclass": {
            "id": "MetadataCodeList",
            "label": {
              "text": "Metadata Code list",
              "lang": "nl"
            }
          },
          "description": {
            "text": "The spatial scope can be different from the actual geographical coverage, e.g. a national coastline data set may cover only a fraction of the full spatial extent of a country.\n The spatial scope of the data set does not necessarily reflect the administrative level responsible for collecting and maintaining the data, e.g. the responsibility for maintaining the data inside the national address data set can be at regional or local level.\n The code list contains values governed at the level of INSPIRE legal acts (governance level: Legal (EU)) and values governed at the level of INSPIRE Technical Guidelines (governance level: Technical (EU)). The former directly support the INSPIRE Monitoring and Reporting Decision, while the latter  provide additional options for tagging other data sets.",
            "lang": "en"
          },
          "definition": {
            "text": "Administrative level that the data set intends to cover.",
            "lang": "en"
          },
          "id": "http://inspire.ec.europa.eu/metadata-codelist/SpatialScope",
          "label": {
            "text": "Ruimtelijke dekking",
            "lang": "nl"
          },
          "version": "0",
          "status": {
            "id": "http://inspire.ec.europa.eu/registry/status/valid",
            "label": {
              "text": "Geldig",
              "lang": "nl"
            }
          },
          "register": {
            "registry": {
              "id": "http://inspire.ec.europa.eu/registry",
              "label": {
                "text": "INSPIRE register",
                "lang": "nl"
              }
            },
            "id": "http://inspire.ec.europa.eu/metadata-codelist",
            "label": {
              "text": "INSPIRE metadata code list register",
              "lang": "nl"
            }
          }
        }
      },
      {
        "metadata-codelist": {
          "itemclass": {
            "id": "MetadataCodeList",
            "label": {
              "text": "Metadata Code list",
              "lang": "nl"
            }
          },
          "description": {
            "text": "This code list is the result of the 'simplification of data-service linkages' activity performed in the context of the MIG-T data simplification action(2019.2).",
            "lang": "en"
          },
          "definition": {
            "text": "Set of OGC and RFC services that are in the scope of INSPIRE. This list aims at the better identification of the network services described within the metadata records.",
            "lang": "en"
          },
          "id": "http://inspire.ec.europa.eu/metadata-codelist/ProtocolValue",
          "label": {
            "text": "INSPIRE Protocol values",
            "lang": "en"
          },
          "version": "0",
          "status": {
            "id": "http://inspire.ec.europa.eu/registry/status/valid",
            "label": {
              "text": "Geldig",
              "lang": "nl"
            }
          },
          "register": {
            "registry": {
              "id": "http://inspire.ec.europa.eu/registry",
              "label": {
                "text": "INSPIRE register",
                "lang": "nl"
              }
            },
            "id": "http://inspire.ec.europa.eu/metadata-codelist",
            "label": {
              "text": "INSPIRE metadata code list register",
              "lang": "nl"
            }
          }
        }
      }
    ],
    "contentsummary": {
      "text": "The INSPIRE metadata code list register contains the code lists and their values, as defined in the INSPIRE implementing rules on metadata (Commission Regulation (EC) No 1205/2008).",
      "lang": "nl"
    },
    "registermanager": "Europese Commissie, Gemeenschappelijk Centrum voor onderzoek",
    "contactpoint": {
      "label": "JRC INSPIRE Registry Team",
      "email": "inspire-registry-dev@jrc.ec.europa.eu"
    },
    "language": "nl",
    "registerowner": "Europese Unie",
    "id": "http://inspire.ec.europa.eu/metadata-codelist",
    "label": {
      "text": "INSPIRE metadata code list register",
      "lang": "nl"
    },
    "registercontrolbody": "Control body for the central INSPIRE registers and INSPIRE register federation"
  }
}

10:56:24.085 [pool-1-thread-2] INFO  com.intuit.karate - [print] [
  "http://inspire.ec.europa.eu/metadata-codelist/ResourceType",
  "http://inspire.ec.europa.eu/metadata-codelist/TopicCategory",
  "http://inspire.ec.europa.eu/metadata-codelist/SpatialDataServiceType",
  "http://inspire.ec.europa.eu/metadata-codelist/SpatialDataServiceCategory",
  "http://inspire.ec.europa.eu/metadata-codelist/DegreeOfConformity",
  "http://inspire.ec.europa.eu/metadata-codelist/ResponsiblePartyRole",
  "http://inspire.ec.europa.eu/metadata-codelist/LimitationsOnPublicAccess",
  "http://inspire.ec.europa.eu/metadata-codelist/ConditionsApplyingToAccessAndUse",
  "http://inspire.ec.europa.eu/metadata-codelist/QualityOfServiceCriteria",
  "http://inspire.ec.europa.eu/metadata-codelist/OnLineDescriptionCode",
  "http://inspire.ec.europa.eu/metadata-codelist/PriorityDataset",
  "http://inspire.ec.europa.eu/metadata-codelist/SpatialScope",
  "http://inspire.ec.europa.eu/metadata-codelist/ProtocolValue"
]

10:56:24.085 [pool-1-thread-2] INFO  com.intuit.karate - << lock released, cached callonce: read('def/getcswbriefrecords.feature')
10:56:24.093 [pool-1-thread-2] INFO  com.intuit.karate - [print] {
  "responseTime": 432,
  "inspirecodelist": [
    "http://inspire.ec.europa.eu/metadata-codelist/ResourceType",
    "http://inspire.ec.europa.eu/metadata-codelist/TopicCategory",
    "http://inspire.ec.europa.eu/metadata-codelist/SpatialDataServiceType",
    "http://inspire.ec.europa.eu/metadata-codelist/SpatialDataServiceCategory",
    "http://inspire.ec.europa.eu/metadata-codelist/DegreeOfConformity",
    "http://inspire.ec.europa.eu/metadata-codelist/ResponsiblePartyRole",
    "http://inspire.ec.europa.eu/metadata-codelist/LimitationsOnPublicAccess",
    "http://inspire.ec.europa.eu/metadata-codelist/ConditionsApplyingToAccessAndUse",
    "http://inspire.ec.europa.eu/metadata-codelist/QualityOfServiceCriteria",
    "http://inspire.ec.europa.eu/metadata-codelist/OnLineDescriptionCode",
    "http://inspire.ec.europa.eu/metadata-codelist/PriorityDataset",
    "http://inspire.ec.europa.eu/metadata-codelist/SpatialScope",
    "http://inspire.ec.europa.eu/metadata-codelist/ProtocolValue"
  ],
  "env": "dev",
  "knownlinks": [
    "http://creativecommons.org/licenses/by/3.0/deed.nl",
    "http://creativecommons.org/licenses/by/3.0/nl/",
    "http://creativecommons.org/licenses/by/4.0/deed.nl",
    "http://creativecommons.org/publicdomain/mark/1.0/deed.nl",
    "http://creativecommons.org/publicdomain/zero/1.0/deed.nl",
    "http://data.europa.eu/eli/reg/2010/1089",
    "http://inspire.ec.europa.eu/applicationschema",
    "http://inspire.ec.europa.eu/applicationschema/of",
    "http://inspire.ec.europa.eu/id/document/tg/am",
    "http://inspire.ec.europa.eu/id/document/tg/au",
    "http://inspire.ec.europa.eu/id/document/tg/ef",
    "http://inspire.ec.europa.eu/id/document/tg/el",
    "http://inspire.ec.europa.eu/id/document/tg/hh",
    "http://inspire.ec.europa.eu/id/document/tg/hy",
    "http://inspire.ec.europa.eu/id/document/tg/nz",
    "http://inspire.ec.europa.eu/id/document/tg/of",
    "http://inspire.ec.europa.eu/id/document/tg/pf",
    "http://inspire.ec.europa.eu/id/document/tg/ps",
    "http://inspire.ec.europa.eu/id/document/tg/tn",
    "http://inspire.ec.europa.eu/id/document/tg/us",
    "http://inspire.ec.europa.eu/media-types/application/x-shapefile",
    "http://inspire.ec.europa.eu/metadata-codelist/ConditionsApplyingToAccessAndUse/noConditionsApply",
    "http://inspire.ec.europa.eu/metadata-codelist/LimitationsOnPublicAccess/INSPIRE_Directive_Article13_1f",
    "http://inspire.ec.europa.eu/metadata-codelist/LimitationsOnPublicAccess/noLimitations",
    "http://inspire.ec.europa.eu/metadata-codelist/OnLineDescriptionCode/accessPoint",
    "http://inspire.ec.europa.eu/metadata-codelist/OnLineDescriptionCode/endPoint",
    "http://inspire.ec.europa.eu/metadata-codelist/PriorityDataset",
    "http://inspire.ec.europa.eu/metadata-codelist/PriorityDataset#",
    "http://inspire.ec.europa.eu/metadata-codelist/PriorityDataset/ActualPollutantReleases-reg-2006-166",
    "http://inspire.ec.europa.eu/metadata-codelist/PriorityDataset/Agglomerations-dir-1991-271",
    "http://inspire.ec.europa.eu/metadata-codelist/PriorityDataset/BirdSpeciesDistribution-dir-2009-147",
    "http://inspire.ec.europa.eu/metadata-codelist/PriorityDataset/BirdsRange-dir-2009-147",
    "http://inspire.ec.europa.eu/metadata-codelist/PriorityDataset/CoastalWaters-dir-2000-60",
    "http://inspire.ec.europa.eu/metadata-codelist/PriorityDataset/DischargePointsToReceivingWaters-dir-1991-271",
    "http://inspire.ec.europa.eu/metadata-codelist/PriorityDataset/DrinkingWaterAbstractionPoints-dir-1998-83",
    "http://inspire.ec.europa.eu/metadata-codelist/PriorityDataset/EstablishmentsInvolvingDangerousSubstances-dir-2012-18",
    "http://inspire.ec.europa.eu/metadata-codelist/PriorityDataset/FloodedAreas-dir-2007-60",
    "http://inspire.ec.europa.eu/metadata-codelist/PriorityDataset/FloodRiskZones-dir-2007-60",
    "http://inspire.ec.europa.eu/metadata-codelist/PriorityDataset/HabitatTypesDistribution-dir-1992-43",
    "http://inspire.ec.europa.eu/metadata-codelist/PriorityDataset/HabitatTypesRange-dir-1992-43",
    "http://inspire.ec.europa.eu/metadata-codelist/PriorityDataset/IndustrialSites-EURegistry-reg-2006-166",
    "http://inspire.ec.europa.eu/metadata-codelist/PriorityDataset/InvasiveAlienSpeciesDistribution-reg-2014-1143",
    "http://inspire.ec.europa.eu/metadata-codelist/PriorityDataset/Lakes-dir-2000-60",
    "http://inspire.ec.europa.eu/metadata-codelist/PriorityDataset/MajorAirportsNoiseExposureDelineationDEN-dir-2002-49",
    "http://inspire.ec.europa.eu/metadata-codelist/PriorityDataset/MajorAirportsNoiseExposureDelineationNight-dir-2002-49",
    "http://inspire.ec.europa.eu/metadata-codelist/PriorityDataset/MajorRailwaysNoiseExposureDelineationDEN-dir-2002-49",
    "http://inspire.ec.europa.eu/metadata-codelist/PriorityDataset/MajorRailwaysNoiseExposureDelineationNight-dir-2002-49",
    "http://inspire.ec.europa.eu/metadata-codelist/PriorityDataset/MajorRoadsNoiseExposureDelineation-dir-2002-49",
    "http://inspire.ec.europa.eu/metadata-codelist/PriorityDataset/MajorRoadsNoiseExposureDelineationDEN-dir-2002-49",
    "http://inspire.ec.europa.eu/metadata-codelist/PriorityDataset/ManagementUnits-dir-2007-60",
    "http://inspire.ec.europa.eu/metadata-codelist/PriorityDataset/MarineAssessmentUnits-dir-2008-56",
    "http://inspire.ec.europa.eu/metadata-codelist/PriorityDataset/MonitoringStations-dir-2000-60",
    "http://inspire.ec.europa.eu/metadata-codelist/PriorityDataset/MonitoringStations-dir-2008-56",
    "http://inspire.ec.europa.eu/metadata-codelist/PriorityDataset/MSFDReportingUnits-dir-2008-56",
    "http://inspire.ec.europa.eu/metadata-codelist/PriorityDataset/NationallyDesignatedAreasCDDA",
    "http://inspire.ec.europa.eu/metadata-codelist/PriorityDataset/Natura2000Sites-dir-1992-43",
    "http://inspire.ec.europa.eu/metadata-codelist/PriorityDataset/Natura2000Sites-dir-2009-147",
    "http://inspire.ec.europa.eu/metadata-codelist/PriorityDataset/RiverBasinDistricts-dir-2000-60",
    "http://inspire.ec.europa.eu/metadata-codelist/PriorityDataset/RiverBasinDistrictsSubUnits-dir-2000-60",
    "http://inspire.ec.europa.eu/metadata-codelist/PriorityDataset/Rivers-dir-2000-60",
    "http://inspire.ec.europa.eu/metadata-codelist/PriorityDataset/SpeciesDistribution-dir-1992-43",
    "http://inspire.ec.europa.eu/metadata-codelist/PriorityDataset/SpeciesRange-dir-1992-43",
    "http://inspire.ec.europa.eu/metadata-codelist/PriorityDataset/SurfaceWaterBodies-dir-2000-60",
    "http://inspire.ec.europa.eu/metadata-codelist/PriorityDataset/TransitionalWaters-dir-2000-60",
    "http://inspire.ec.europa.eu/metadata-codelist/PriorityDataset/UrbanWasteWaterTreatmentPlants-dir-1991-271",
    "http://inspire.ec.europa.eu/metadata-codelist/SpatialDataServiceType/download",
    "http://inspire.ec.europa.eu/metadata-codelist/SpatialDataServiceType/http://inspire.ec.europa.eu/metadata-codelist/SpatialDataServiceType/download",
    "http://inspire.ec.europa.eu/metadata-codelist/SpatialDataServiceType/other",
    "http://inspire.ec.europa.eu/metadata-codelist/SpatialDataServiceType/view",
    "http://inspire.ec.europa.eu/metadata-codelist/SpatialScope",
    "http://inspire.ec.europa.eu/metadata-codelist/SpatialScope/european",
    "http://inspire.ec.europa.eu/metadata-codelist/SpatialScope/national",
    "http://inspire.ec.europa.eu/schemas/am/4.0/AreaManagementRestrictionRegulationZone.xsd",
    "http://inspire.ec.europa.eu/schemas/ef/4.0/EnvironmentalMonitoringFacilities.xsd",
    "http://inspire.ec.europa.eu/schemas/el-bas/4.0/ElevationBaseTypes.xsd",
    "http://inspire.ec.europa.eu/schemas/hh/4.0/HumanHealth.xsd",
    "http://inspire.ec.europa.eu/schemas/hy-n/4.0/HydroNetwork.xsd",
    "http://inspire.ec.europa.eu/schemas/hy/4.0/HydroBase.xsd",
    "http://inspire.ec.europa.eu/schemas/mu/3.0/MaritimeUnits.xsd",
    "http://inspire.ec.europa.eu/schemas/nz-core/4.0/NaturalRiskZonesCore.xsd",
    "http://inspire.ec.europa.eu/schemas/nz/0.0/NaturalRiskZones.xsd",
    "http://inspire.ec.europa.eu/schemas/of/4.0/OceanFeatures.xsd",
    "http://inspire.ec.europa.eu/schemas/pf/4.0/ProductionAndIndustrialFacilities.xsd",
    "http://inspire.ec.europa.eu/schemas/ps/4.0/ProtectedSites.xsd",
    "http://inspire.ec.europa.eu/schemas/tn-ro/4.0/RoadTransportNetwork.xsd",
    "http://inspire.ec.europa.eu/schemas/tn-w/4.0/WaterTransportNetwork.xsd",
    "http://inspire.ec.europa.eu/schemas/tn/4.0/CommonTransportElements.xsd",
    "http://inspire.ec.europa.eu/schemas/us-govserv/4.0/GovernmentalServices.xsd",
    "http://inspire.ec.europa.eu/theme#",
    "http://standaarden.overheid.nl/owms/terms/Ministerie_van_Economische_Zaken",
    "http://standaarden.overheid.nl/owms/terms/Ministerie_van_Landbouw,_Natuur_en_Voedselkwaliteit",
    "http://standaarden.overheid.nl/owms/terms/Rijksinstituut_voor_Volksgezondheid_en_Milieu",
    "http://standaarden.overheid.nl/owms/terms/RVO",
    "http://www.eionet.europa.eu/gemet/inspire_themes",
    "http://www.eionet.europa.eu/gemet/nl/inspire-theme/ac",
    "http://www.eionet.europa.eu/gemet/nl/inspire-theme/ad",
    "http://www.eionet.europa.eu/gemet/nl/inspire-theme/af",
    "http://www.eionet.europa.eu/gemet/nl/inspire-theme/am",
    "http://www.eionet.europa.eu/gemet/nl/inspire-theme/au",
    "http://www.eionet.europa.eu/gemet/nl/inspire-theme/bu",
    "http://www.eionet.europa.eu/gemet/nl/inspire-theme/cp",
    "http://www.eionet.europa.eu/gemet/nl/inspire-theme/ef",
    "http://www.eionet.europa.eu/gemet/nl/inspire-theme/er",
    "http://www.eionet.europa.eu/gemet/nl/inspire-theme/ge",
    "http://www.eionet.europa.eu/gemet/nl/inspire-theme/gn",
    "http://www.eionet.europa.eu/gemet/nl/inspire-theme/hb",
    "http://www.eionet.europa.eu/gemet/nl/inspire-theme/hh",
    "http://www.eionet.europa.eu/gemet/nl/inspire-theme/hy",
    "http://www.eionet.europa.eu/gemet/nl/inspire-theme/lc",
    "http://www.eionet.europa.eu/gemet/nl/inspire-theme/lu",
    "http://www.eionet.europa.eu/gemet/nl/inspire-theme/mf",
    "http://www.eionet.europa.eu/gemet/nl/inspire-theme/nz",
    "http://www.eionet.europa.eu/gemet/nl/inspire-theme/of",
    "http://www.eionet.europa.eu/gemet/nl/inspire-theme/oi",
    "http://www.eionet.europa.eu/gemet/nl/inspire-theme/pd",
    "http://www.eionet.europa.eu/gemet/nl/inspire-theme/pf",
    "http://www.eionet.europa.eu/gemet/nl/inspire-theme/ps",
    "http://www.eionet.europa.eu/gemet/nl/inspire-theme/rs",
    "http://www.eionet.europa.eu/gemet/nl/inspire-theme/sd",
    "http://www.eionet.europa.eu/gemet/nl/inspire-theme/so",
    "http://www.eionet.europa.eu/gemet/nl/inspire-theme/sr",
    "http://www.eionet.europa.eu/gemet/nl/inspire-theme/su",
    "http://www.eionet.europa.eu/gemet/nl/inspire-theme/tn",
    "http://www.eionet.europa.eu/gemet/nl/inspire-theme/us",
    "http://www.iana.org/assignments/media-types/application/gml+xml",
    "https://www.iana.org/assignments/media-types/application/geopackage+sqlite3",
    "https://www.iana.org/assignments/media-types/application/gml+xml",
    "https://www.iana.org/assignments/media-types/application/xml",
    "http://www.opengeospatial.org/standards/sos",
    "http://www.opengeospatial.org/standards/wcs",
    "http://www.opengeospatial.org/standards/wfs",
    "http://www.opengeospatial.org/standards/wms",
    "http://www.opengeospatial.org/standards/wmts",
    "http://www.opengis.net/def/crs/EPSG/0/3034",
    "http://www.opengis.net/def/crs/EPSG/0/3035",
    "http://www.opengis.net/def/crs/EPSG/0/3857",
    "http://www.opengis.net/def/crs/EPSG/0/4258",
    "http://www.opengis.net/def/crs/EPSG/0/4326",
    "http://www.opengis.net/def/crs/EPSG/0/5709",
    "http://www.opengis.net/def/crs/EPSG/0/5730",
    "http://www.opengis.net/def/crs/EPSG/0/5861",
    "http://www.opengis.net/def/crs/EPSG/0/23031",
    "http://www.opengis.net/def/crs/EPSG/0/25831",
    "http://www.opengis.net/def/crs/EPSG/0/25832",
    "http://www.opengis.net/def/crs/EPSG/0/28992",
    "http://www.opengis.net/def/crs/EPSG/0/EPSG:4326",
    "http://www.opengis.net/def/crs/EPSG/0/EPSG:28992",
    "http://www.opengis.net/def/crs/EPSG/0/epsg:28992",
    "http://www.opengis.net/def/serviceType/ogc/wcs",
    "http://www.opengis.net/def/serviceType/ogc/wfs",
    "http://www.opengis.net/def/serviceType/ogc/wms",
    "http://www.opengis.net/def/serviceType/ogc/wmts",
    "http://www.wur.nl/nl/Expertises-Dienstverlening/Onderzoeksinstituten/Environmental-Research.htm",
    "https://ec.europa.eu/eurostat/web/health/data/database",
    "https://geodata.cbs.nl/files/INSPIRE",
    "https://geodata.nationaalgeoregister.nl/elu/atom/elu.xml",
    "https://inspire.ec.europa.eu/id/document/tg/au",
    "https://inspire.ec.europa.eu/id/document/tg/of",
    "https://inspire.ec.europa.eu/id/document/tg/ps",
    "https://inspire.ec.europa.eu/schemas/ps/4.0/ProtectedSites.xsd",
    "https://ngr.geocat.live/geonetwork/srv/eng/thesaurus.download?ref=external.theme.httpinspireeceuropaeumetadatacodelistSpatialScope-SpatialScope",
    "https://tools.ietf.org/html/rfc4287",
    "https://tools.ietf.org/html/rfc5023",
    "https://www.cbs.nl/-/media/cbs/dossiers/nederland%20regionaal/wijk-en-buurtstatistieken/shape%202017%20versie%2020.zip",
    "https://www.cbs.nl/nl-nl/dossier/nederland-regionaal/geografische-data/wijk-en-buurtkaart-2016",
    "https://www.cbs.nl/nl-nl/dossier/nederland-regionaal/geografische-data/wijk-en-buurtkaart-2018",
    "https://www.cbs.nl/nl-nl/dossier/nederland-regionaal/geografische-data/wijk-en-buurtkaart-2019",
    "https://www.iana.org/assignments/media-types/application/gml+xml",
    "https://www.iana.org/assignments/media-types/application/zip",
    "https://www.iana.org/assignments/media-types/image/png",
    "https://www.nationaalgeoregister.nl",
    "https://www.nationaalgeoregister.nl/geonetwork/srv/eng/thesaurus.download?ref=external.theme.httpinspireeceuropaeumetadatacodelistPriorityDataset-PriorityDataset",
    "https://www.nationaalgeoregister.nl/geonetwork/srv/eng/thesaurus.download?ref=external.theme.httpinspireeceuropaeumetadatacodelistSpatialScope-SpatialScope",
    "https://www.nationaalgeoregister.nl/geonetwork/srv/eng/thesaurus.download?ref=external.theme.httpinspireeceuropaeutheme-theme",
    "https://www.nationaalgeoregister.nl:443/geonetwork/srv/eng/thesaurus.download?ref=external.theme.httpinspireeceuropaeuapplicationschema-applicationschema",
    "https://www.nationaalgeoregister.nl:443/geonetwork/srv/eng/thesaurus.download?ref=external.theme.httpinspireeceuropaeumetadatacodelistPriorityDataset-PriorityDataset",
    "https://www.nationaalgeoregister.nl:443/geonetwork/srv/eng/thesaurus.download?ref=external.theme.httpinspireeceuropaeumetadatacodelistSpatialScope-SpatialScope",
    "https://www.nationaalgeoregister.nl:443/geonetwork/srv/eng/thesaurus.download?ref=external.theme.httpinspireeceuropaeutheme-theme"
  ],
  "responseStatus": 200,
  "list": [
    {
      "datasetIdentifierCode": "f99e915a-75e5-4c36-97f2-61eff692d85b"
    },
    {
      "datasetIdentifierCode": "247a1d15-0a67-40ce-85be-1403c08f15a8"
    },
    {
      "datasetIdentifierCode": "81ff84ec-42a4-4481-840b-12713bbb5d38"
    },
    {
      "datasetIdentifierCode": "f2f86edf-ac3a-48e8-9292-0544da2d7645"
    },
    {
      "datasetIdentifierCode": "be6551de-a709-4c6d-a5e2-f63f0cf038ba"
    },
    {
      "datasetIdentifierCode": "b4ae622c-6201-49d8-bd2e-f7fce9206a1e"
    },
    {
      "datasetIdentifierCode": "74aca3eb-c38b-4214-9537-e0abc69e11b5"
    },
    {
      "datasetIdentifierCode": "ed960299-a147-4c1a-bc57-41ff83a2264f"
    },
    {
      "datasetIdentifierCode": "fe0e1e5f-512f-4bb1-bbf8-4028d3dfa24f"
    },
    {
      "datasetIdentifierCode": "1c3afc74-cc34-44b7-938a-963e2350795a"
    },
    {
      "datasetIdentifierCode": "4b282988-cb91-4bbc-b147-f653014917cb"
    },
    {
      "datasetIdentifierCode": "50a2c5e6-c8e7-425d-854e-26f578196bc9"
    },
    {
      "datasetIdentifierCode": "6c06740d-058f-4a12-bb3f-bf68efd03d09"
    },
    {
      "datasetIdentifierCode": "8a4f5c3b-aced-48fd-afb5-f1f1d0ef21d6"
    },
    {
      "datasetIdentifierCode": "19165027-a13a-4c19-9013-ec1fd191019d"
    },
    {
      "datasetIdentifierCode": "c3c004ad-5387-4b00-a225-9afbcaa5d31b"
    },
    {
      "datasetIdentifierCode": "fe45c540-e37d-11e4-b571-0800200c9a66"
    },
    {
      "datasetIdentifierCode": "1be28290-55fa-4486-b9d3-b9d147117863"
    },
    {
      "datasetIdentifierCode": "8f45b8ef-0ce8-463a-9059-5efdcecb785c"
    },
    {
      "datasetIdentifierCode": "b3ec8793-7747-4da0-b6c3-aa384446a586"
    },
    {
      "datasetIdentifierCode": "493ab81b-75f8-4205-b030-6b2fd9eb4295"
    },
    {
      "datasetIdentifierCode": "f273941e-9c3b-43bc-b886-2d50d0bf9348"
    },
    {
      "datasetIdentifierCode": "34e95842-4e4e-46de-9198-79e8cd4d30dc"
    },
    {
      "datasetIdentifierCode": "5a1adb58-0bbe-425d-b0fe-577a6c0a4228"
    },
    {
      "datasetIdentifierCode": "7939fd42-cf88-42c5-ab3b-232cf232a3ac"
    },
    {
      "datasetIdentifierCode": "8de2f5eb-b09f-4f6d-8397-8878a1b86238"
    },
    {
      "datasetIdentifierCode": "eu-f297898-2640-44c2-bbe9-c0480da83794"
    },
    {
      "datasetIdentifierCode": "4783ea4f-6b8c-4600-8af0-516f3556cfe9"
    },
    {
      "datasetIdentifierCode": "50eef6be-619d-4e16-9b92-48971109b636"
    },
    {
      "datasetIdentifierCode": "tbjk534p-wubf-crbp-cj25-d4161160gfim"
    },
    {
      "datasetIdentifierCode": "cf69ec50-9849-4afd-853c-ee56211d336d"
    },
    {
      "datasetIdentifierCode": "cbeaebc3-815a-48af-a978-0e16892865fc"
    },
    {
      "datasetIdentifierCode": "fcefa13c-44e2-4953-b6d6-1ddceebc57fc"
    },
    {
      "datasetIdentifierCode": "a322184d-6285-4856-bb78-f450b30ffc0e"
    },
    {
      "datasetIdentifierCode": "c2225e5d-b46f-4e38-8445-ab10fd40c0dc"
    },
    {
      "datasetIdentifierCode": "be1b1514-8d1f-48e1-9624-fee9b784138b"
    },
    {
      "datasetIdentifierCode": "3e57ce43-7707-43ed-a4b9-72b3a6d812f8"
    },
    {
      "datasetIdentifierCode": "58e7dc38-a498-4852-b4ef-908f5baa9056"
    },
    {
      "datasetIdentifierCode": "a04afee4-47d5-45b7-b7a0-a6f86106af11"
    },
    {
      "datasetIdentifierCode": "12bb57cd-73e0-41ba-a1e9-6d986b9109d3"
    },
    {
      "datasetIdentifierCode": "d845cef6-0e23-4212-a951-b69763e39ef0"
    },
    {
      "datasetIdentifierCode": "7f5d7945-8fa8-4d36-be4c-2fdb3c7d613b"
    },
    {
      "datasetIdentifierCode": "844404a2-9cd0-452e-b29a-74588777485a"
    },
    {
      "datasetIdentifierCode": "3a72b9a4-cda9-11ea-87d0-0242ac130003"
    },
    {
      "datasetIdentifierCode": "5951efa2-1ff3-4763-a966-a2f5497679ee"
    },
    {
      "datasetIdentifierCode": "25294679-adb9-4c39-a93b-6954ff9414ac"
    },
    {
      "datasetIdentifierCode": "eu-cb527d-f6db-4835-b0cd-deb245241254"
    },
    {
      "datasetIdentifierCode": "03671a9e-6aaf-464d-be99-9aad25cef9e3"
    },
    {
      "datasetIdentifierCode": "a7fb2234-f7b4-4a03-b282-f10947f42fb1"
    },
    {
      "datasetIdentifierCode": "9d9f1738-aced-47c9-aaa0-c62474a2dcfb"
    },
    {
      "datasetIdentifierCode": "a5f961e9-ebdd-41e2-b8e8-ab33ed340a83"
    },
    {
      "datasetIdentifierCode": "64c987ec-dce6-11e3-8563-901b0e19e163"
    },
    {
      "datasetIdentifierCode": "29c17585-e702-463f-a5dc-99d34b17d333"
    },
    {
      "datasetIdentifierCode": "2cc2c30c-91b8-412a-a060-e84d25272581"
    },
    {
      "datasetIdentifierCode": "d6b85d84-cdb9-4a6e-b799-cf8826e22a94"
    },
    {
      "datasetIdentifierCode": "791adbe3-772f-42cb-a3be-5a617bcecef0"
    },
    {
      "datasetIdentifierCode": "500d396f-5ec6-4e4b-a151-5fb3cddd8082"
    },
    {
      "datasetIdentifierCode": "14657c9b-91e4-4355-8563-2911ad0e78e4"
    },
    {
      "datasetIdentifierCode": "adn73c4a-ef03-4785-b7f6-942e86b385f7"
    },
    {
      "datasetIdentifierCode": "6050578f-0010-4bfa-b013-c8617b80ba62"
    },
    {
      "datasetIdentifierCode": "edf79e6a-d73d-4def-8d22-0f495cc76a73"
    },
    {
      "datasetIdentifierCode": "b59f06c0-dce5-11e3-9c10-901b0e19e163"
    },
    {
      "datasetIdentifierCode": "d9baa847-4652-4588-abe1-0b050f40f27f"
    },
    {
      "datasetIdentifierCode": "e3b0da1e-0664-4025-b3f5-a54d74a26450"
    },
    {
      "datasetIdentifierCode": "9dd9bf30-36e6-45ae-b368-bdef2720bdde"
    },
    {
      "datasetIdentifierCode": "3703b249-a0eb-484e-ba7a-10e31a55bcec"
    },
    {
      "datasetIdentifierCode": "10d1153e-778f-4995-9b6c-7c69b196cccb"
    },
    {
      "datasetIdentifierCode": "c5c4a6d6-b850-473c-8ab5-af9c2c550809"
    },
    {
      "datasetIdentifierCode": "29d5310f-dd0d-45ba-abad-b4ffc6b8785f"
    },
    {
      "datasetIdentifierCode": "dc5b522e-3e14-4738-9e8e-2401e1b19ef2"
    },
    {
      "datasetIdentifierCode": "db8d613f-5edc-4467-9cc0-e2dcfb9d64a8"
    },
    {
      "datasetIdentifierCode": "977e0e94-7aa9-4784-b2da-eaec44adb61b"
    },
    {
      "datasetIdentifierCode": "58d39928-f502-48c9-a8c1-03244dc181bf"
    },
    {
      "datasetIdentifierCode": "3a7dd0a6-d130-4c4c-b0ba-24365cf036e2"
    },
    {
      "datasetIdentifierCode": "588a4cb1-b442-4ac1-87e4-40401e353166"
    },
    {
      "datasetIdentifierCode": "7c24ea89-074e-4c4f-91e3-d38e813e9cb6"
    },
    {
      "datasetIdentifierCode": "d8f370e8-123c-4ab3-9410-04f728327ac6"
    },
    {
      "datasetIdentifierCode": "b3f66964-a8c1-456f-9799-9cafca2cb7b1"
    },
    {
      "datasetIdentifierCode": "c7662717-9e43-4367-a344-723d73abbb3e"
    },
    {
      "datasetIdentifierCode": "8b0b02a0-1e1b-4cda-bcfe-6fa0f738e38f"
    },
    {
      "datasetIdentifierCode": "7dd1fd45-ace5-41e0-93a6-64e3be231717"
    },
    {
      "datasetIdentifierCode": "4617f0e0-6af4-4ac0-9044-31df9d03071c"
    },
    {
      "datasetIdentifierCode": "08b27bf0-e34a-4b30-9eac-5edadfb6a288"
    },
    {
      "datasetIdentifierCode": "f1d27179-36eb-4376-8048-f51d2eb23a09"
    },
    {
      "datasetIdentifierCode": "a29917b9-3426-4041-a11b-69bcb2256904"
    },
    {
      "datasetIdentifierCode": "b6ee58a1-b097-4c6d-8600-eb81efc1468c"
    },
    {
      "datasetIdentifierCode": "36a7e8cb-8300-4602-93d2-135943365a6f"
    },
    {
      "datasetIdentifierCode": "daa63e4c-dce6-11e3-991e-901b0e19e163"
    },
    {
      "datasetIdentifierCode": "6c1cf452-8c62-4046-99ab-640a5e184f9c"
    },
    {
      "datasetIdentifierCode": "3387ef8a-9237-453a-aa4e-585d1e193550"
    },
    {
      "datasetIdentifierCode": "d24ccb35-e9d2-41bf-b231-43083fc0c76d"
    },
    {
      "datasetIdentifierCode": "adn73c4a-ef03-4785-b7f6-942e86b385f5"
    },
    {
      "datasetIdentifierCode": "ad6caa40-89ab-47e3-85ab-3f8e32024a71"
    },
    {
      "datasetIdentifierCode": "afc450bd-65b3-4e59-b0fb-619869bf6ada"
    },
    {
      "datasetIdentifierCode": "F646DFB9-5BF6-EAB9-042B-CAB6FF2DC275"
    },
    {
      "datasetIdentifierCode": "E7D9F0D6-2B8D-6699-F26E-4A781228F2DD"
    },
    {
      "datasetIdentifierCode": "71c2b7d2-a1a8-4836-b8d4-7247d331b04d"
    },
    {
      "datasetIdentifierCode": "eu-2c7040b-c448-451b-bf15-f2416ecaadd1"
    },
    {
      "datasetIdentifierCode": "a5241416-8401-4623-be61-57ef50447a41"
    },
    {
      "datasetIdentifierCode": "6318009c-7b11-4ab9-9929-735584dfb692"
    },
    {
      "datasetIdentifierCode": "2daad588-11ef-47de-9832-6fe2c3b93e6d"
    },
    {
      "datasetIdentifierCode": "f5f68d51-2ca4-4897-8227-d3938b2b0a7e"
    },
    {
      "datasetIdentifierCode": "60a2a7c2-d5b3-4ad5-b562-c448695357fb"
    },
    {
      "datasetIdentifierCode": "cc408b2d-09a6-4b2b-9aa3-b46bfe2f00a5"
    },
    {
      "datasetIdentifierCode": "ca94a0cb-7561-4a10-a7d6-b840e56c33ff"
    },
    {
      "datasetIdentifierCode": "998ba1dc-f6a6-49a3-a021-51f30d9b1d0e"
    },
    {
      "datasetIdentifierCode": "49ab8bee-b467-486a-96ca-b950443c453a"
    },
    {
      "datasetIdentifierCode": "f0821bfe-5a0a-11e9-8647-d663bd873d93"
    },
    {
      "datasetIdentifierCode": "110f9ec6-4464-462e-9765-83d90cefbeab"
    },
    {
      "datasetIdentifierCode": "krw-f7bb2351-9788-42ea-a58b-a5ee1842304e"
    },
    {
      "datasetIdentifierCode": "bb11be63-bd38-4632-bf54-df44c423a529"
    },
    {
      "datasetIdentifierCode": "c935f2ab-9b65-4dc4-94a0-73aeb840a941"
    },
    {
      "datasetIdentifierCode": "4cda487b-c467-490c-a843-6563fec016be"
    },
    {
      "datasetIdentifierCode": "uwwtd-9d8e-4758-83fa-28b057f185e3"
    },
    {
      "datasetIdentifierCode": "0558a41c-b09a-47fa-b8db-9de6bfe4f494"
    },
    {
      "datasetIdentifierCode": "0f128799-cf18-4b37-a721-e62b068191f5"
    },
    {
      "datasetIdentifierCode": "df5ee213-e1bd-433b-80f7-4ea20f493ca8"
    },
    {
      "datasetIdentifierCode": "6cde2ce7-3ecd-4785-b7b8-d62c3381efe9"
    },
    {
      "datasetIdentifierCode": "28c4780a-1a44-4376-b283-14a50a481729"
    },
    {
      "datasetIdentifierCode": "ffefc3dc-dc8f-4589-ae22-a60bebcdf5cb"
    },
    {
      "datasetIdentifierCode": "2d3dd6d2-2d2b-4b5f-9e30-86e19ed77a56"
    },
    {
      "datasetIdentifierCode": "wt-83730-e750-485a-9c0c-39bf9be72cf8"
    },
    {
      "datasetIdentifierCode": "9986a7ef-e5e2-4a7a-9018-2e1f9631ba8c"
    },
    {
      "datasetIdentifierCode": "41023936-009d-48ec-a90d-c966895463c1"
    },
    {
      "datasetIdentifierCode": "wt-f5eb-b09f-4f6d-8397-8878a1b86238"
    },
    {
      "datasetIdentifierCode": "wt-3730-e750-485a-9c0c-39bf9be72cf9"
    },
    {
      "datasetIdentifierCode": "c7d8d77b-8c47-4309-8c58-9b12b086407f"
    },
    {
      "datasetIdentifierCode": "11a292bd-9022-4a9f-b1bf-02f5c89ad74a"
    },
    {
      "datasetIdentifierCode": "krw2006-68b5-4ff3-94a4-9c24109ffd5e"
    },
    {
      "datasetIdentifierCode": "2e31680f-68b5-4ff3-94a4-9c24109ffd5e"
    },
    {
      "datasetIdentifierCode": "622a632a-c57b-44a2-83a4-e51223d5f15g"
    },
    {
      "datasetIdentifierCode": "710c381c-ab2d-45d5-a45d-af2eba811e5f"
    },
    {
      "datasetIdentifierCode": "f002bfc5-7d87-46b6-819e-8415422b65c9"
    },
    {
      "datasetIdentifierCode": "110f9ec6-4464-462e-9765-83d90cefbead"
    },
    {
      "datasetIdentifierCode": "110f9ec6-4464-462e-9765-83d90cefbeag"
    },
    {
      "datasetIdentifierCode": "krw2006-c57b-44a2-83a4-e51223d5f15g"
    },
    {
      "datasetIdentifierCode": "110f9ec6-4464-462e-9765-83d90cefbeac"
    },
    {
      "datasetIdentifierCode": "krw-782cab20-8328-45f1-a9b2-c27d07c14066"
    },
    {
      "datasetIdentifierCode": "krm-a905-9d8e-4758-83fa-28b057f185e4"
    },
    {
      "datasetIdentifierCode": "891ddc2d-8949-4a45-be96-c65b87c41f13"
    },
    {
      "datasetIdentifierCode": "17716ed7-ce0d-4bfd-8868-a398e5578a36"
    },
    {
      "datasetIdentifierCode": "ror-9d8e-4758-83fx-28b057f185e1"
    },
    {
      "datasetIdentifierCode": "ror-9d8e-4758-83fx-28b057f185g1"
    },
    {
      "datasetIdentifierCode": "a9b7026e-0a81-4813-93bd-ba49e6f28502"
    },
    {
      "datasetIdentifierCode": "f605a24f-60cd-4c40-94c8-2186aba3ddd0"
    },
    {
      "datasetIdentifierCode": "1462bbce-ccd3-4362-83d8-4535ca8f44eb"
    },
    {
      "datasetIdentifierCode": "ror-9d8e-4758-83fx-28b057f185f1"
    },
    {
      "datasetIdentifierCode": "uwwtd-9d8e-4758-83fa-28b057f185e2"
    },
    {
      "datasetIdentifierCode": "uwwtd-9d8e-4758-83fa-28b057f185e1"
    },
    {
      "datasetIdentifierCode": "76091be7-358a-4a44-8182-b4139c96c6a4"
    },
    {
      "datasetIdentifierCode": "af0c582f-9e6b-46e6-865a-fc3a2d5289b9"
    },
    {
      "datasetIdentifierCode": "f8d840bc-18df-4449-b797-b9adcb81d3ec"
    },
    {
      "datasetIdentifierCode": "83dab947-387b-49df-8ad2-32bb10d46d38"
    },
    {
      "datasetIdentifierCode": "d3c9efd6-fca7-49d6-92bb-5f507abece90"
    },
    {
      "datasetIdentifierCode": "df15af6e-0d21-4437-a69f-802be3479bba"
    },
    {
      "datasetIdentifierCode": "3eebf700-5abf-42e4-826c-03cfb497e366"
    },
    {
      "datasetIdentifierCode": "e8b84fae-00b3-49c1-80c1-df8f69f64e8c"
    },
    {
      "datasetIdentifierCode": "3d59fd06-9aec-4744-91e7-65e119f74569"
    },
    {
      "datasetIdentifierCode": "80630ee7-3a15-4ea0-bdc0-a8aebfa2f204"
    },
    {
      "datasetIdentifierCode": "a1960e70-22f4-4fd9-91a8-b605c6ceda3e"
    },
    {
      "datasetIdentifierCode": "34e6165f-1269-48d1-b255-0f05d163d692"
    },
    {
      "datasetIdentifierCode": "krm-a905-9d8e-4758-83fa-28b057f185e3"
    },
    {
      "datasetIdentifierCode": "88f76a94-ee4d-4e0c-9fde-91b692403e39"
    },
    {
      "datasetIdentifierCode": "76541ebb-a554-4540-a017-399d4bb4a860"
    },
    {
      "datasetIdentifierCode": "1a40eb6f-4f33-4e15-a0b1-2d350ad2636e"
    },
    {
      "datasetIdentifierCode": "1249746f-c2a6-4639-98f2-251676b3528e"
    },
    {
      "datasetIdentifierCode": "bc2c53f6-c908-4d7c-a6c0-78d9a2855640"
    },
    {
      "datasetIdentifierCode": "e80ad426-1392-4349-9f80-14dae5f1bf57"
    },
    {
      "datasetIdentifierCode": "5b274449-b6c2-4672-a32f-e0bd40975a53"
    },
    {
      "datasetIdentifierCode": "e536d943-ecff-4d7a-9500-cc31a263a6af"
    },
    {
      "datasetIdentifierCode": "effe1ab0-073d-437c-af13-df5c5e07d6cd"
    },
    {
      "datasetIdentifierCode": "b61a773c-ecad-4e60-93e9-0a4caac0b52f"
    },
    {
      "datasetIdentifierCode": "002d9127-c16d-4b8d-9f5e-102a8c8e36c4"
    },
    {
      "datasetIdentifierCode": "88a3c1ae-902e-4efa-8663-ddd836101929"
    },
    {
      "datasetIdentifierCode": "6f84efeb-fc1d-4565-a721-80735ea57dbd"
    },
    {
      "datasetIdentifierCode": "af135cd8-d429-4fc7-b9e3-09e15217520d"
    },
    {
      "datasetIdentifierCode": "733559a5-201d-40e5-ad43-d1c7bae84d9f"
    },
    {
      "datasetIdentifierCode": "4e2ef670-cddd-11dd-ad8b-0800200c9a66"
    },
    {
      "datasetIdentifierCode": "31de946d-85d4-4c93-bb97-e25f4ef1401a"
    },
    {
      "datasetIdentifierCode": "68ebd5c9-0ea1-4f22-9907-ec4c063cd3e2"
    },
    {
      "datasetIdentifierCode": "fe2f9091-1962-4073-9e3b-3e4aeed488a5"
    },
    {
      "datasetIdentifierCode": "5800f3b0-2ea2-4231-8165-216a7b26867f"
    },
    {
      "datasetIdentifierCode": "7D35598D-DFBF-C64D-0F1A-92A80A45EB14"
    },
    {
      "datasetIdentifierCode": "07575774-57a1-4419-bab4-6c88fdeb02b2"
    },
    {
      "datasetIdentifierCode": "5c37d29a-006d-4136-8989-adfc35a1d4a7"
    },
    {
      "datasetIdentifierCode": "9ed6b8ed-254a-4745-a09a-3b57137d1b69"
    },
    {
      "datasetIdentifierCode": "32a21114-8694-40ce-ab76-9dcd885c7861"
    },
    {
      "datasetIdentifierCode": "f91c6ad6-62a5-46d0-8a5b-8a62e7a4b833"
    },
    {
      "datasetIdentifierCode": "24de356e-ec4d-4a18-9903-6401d222b77c"
    },
    {
      "datasetIdentifierCode": "0d6ccccc-7cfb-4eaa-8dc5-8b433d19b121"
    },
    {
      "datasetIdentifierCode": "26103042-50a1-4ee5-9c5b-857a2f8b7680"
    },
    {
      "datasetIdentifierCode": "e1e99000-ec47-4e9f-84a5-adad24fef0dc"
    },
    {
      "datasetIdentifierCode": "380aa01e-dce7-11e3-9f07-901b0e19e163"
    },
    {
      "datasetIdentifierCode": "f44dac86-2228-412f-8355-e56446ca9933"
    },
    {
      "datasetIdentifierCode": "64ff8561-5c56-4cc1-ae0e-94366fb70b7e"
    },
    {
      "datasetIdentifierCode": "73ec579e-c906-433a-b0b6-d3aa33421558"
    },
    {
      "datasetIdentifierCode": "280ed37a-b8d2-4ac5-8567-04d84fad3a41"
    }
  ],
  "__loop": -1,
  "__arg": null,
  "responseType": "json",
  "responseHeaders": {
    "Date": [
      "Mon, 21 Sep 2020 10:56:23 GMT"
    ],
    "Server": [
      "Apache"
    ],
    "X-Frame-Options": [
      "SAMEORIGIN",
      "SAMEORIGIN"
    ],
    "Access-Control-Allow-Origin": [
      "*"
    ],
    "Last-Modified": [
      "Thu, 14 Nov 2019 14:31:35 GMT"
    ],
    "Accept-Ranges": [
      "bytes"
    ],
    "Content-Length": [
      "27700"
    ],
    "X-XSS-Protection": [
      "1; mode=block"
    ],
    "Content-Type": [
      "application/json"
    ],
    "Keep-Alive": [
      "timeout=3, max=100"
    ],
    "Connection": [
      "Keep-Alive"
    ]
  },
  "response": {
    "register": {
      "submitter": "Nominated submitting organisations for the central INSPIRE registers and INSPIRE register federation",
      "license": {
        "label": "Europa Legal Notice",
        "uri": "http://ec.europa.eu/geninfo/legal_notices_nl.htm"
      },
      "registry": {
        "id": "http://inspire.ec.europa.eu/registry",
        "label": {
          "text": "INSPIRE register",
          "lang": "nl"
        }
      },
      "containeditems": [
        {
          "metadata-codelist": {
            "itemclass": {
              "id": "MetadataCodeList",
              "label": {
                "text": "Metadata Code list",
                "lang": "nl"
              }
            },
            "id": "http://inspire.ec.europa.eu/metadata-codelist/ResourceType",
            "label": {
              "text": "Type bron",
              "lang": "nl"
            },
            "version": "0",
            "status": {
              "id": "http://inspire.ec.europa.eu/registry/status/valid",
              "label": {
                "text": "Geldig",
                "lang": "nl"
              }
            },
            "register": {
              "registry": {
                "id": "http://inspire.ec.europa.eu/registry",
                "label": {
                  "text": "INSPIRE register",
                  "lang": "nl"
                }
              },
              "id": "http://inspire.ec.europa.eu/metadata-codelist",
              "label": {
                "text": "INSPIRE metadata code list register",
                "lang": "nl"
              }
            }
          }
        },
        {
          "metadata-codelist": {
            "itemclass": {
              "id": "MetadataCodeList",
              "label": {
                "text": "Metadata Code list",
                "lang": "nl"
              }
            },
            "id": "http://inspire.ec.europa.eu/metadata-codelist/TopicCategory",
            "label": {
              "text": "Onderwerpcategoriecn overeenkomstig EN ISO 19115",
              "lang": "nl"
            },
            "version": "0",
            "status": {
              "id": "http://inspire.ec.europa.eu/registry/status/valid",
              "label": {
                "text": "Geldig",
                "lang": "nl"
              }
            },
            "register": {
              "registry": {
                "id": "http://inspire.ec.europa.eu/registry",
                "label": {
                  "text": "INSPIRE register",
                  "lang": "nl"
                }
              },
              "id": "http://inspire.ec.europa.eu/metadata-codelist",
              "label": {
                "text": "INSPIRE metadata code list register",
                "lang": "nl"
              }
            }
          }
        },
        {
          "metadata-codelist": {
            "itemclass": {
              "id": "MetadataCodeList",
              "label": {
                "text": "Metadata Code list",
                "lang": "nl"
              }
            },
            "id": "http://inspire.ec.europa.eu/metadata-codelist/SpatialDataServiceType",
            "label": {
              "text": "Type dienst met betrekking tot ruimtelijke gegevens",
              "lang": "nl"
            },
            "version": "0",
            "status": {
              "id": "http://inspire.ec.europa.eu/registry/status/valid",
              "label": {
                "text": "Geldig",
                "lang": "nl"
              }
            },
            "register": {
              "registry": {
                "id": "http://inspire.ec.europa.eu/registry",
                "label": {
                  "text": "INSPIRE register",
                  "lang": "nl"
                }
              },
              "id": "http://inspire.ec.europa.eu/metadata-codelist",
              "label": {
                "text": "INSPIRE metadata code list register",
                "lang": "nl"
              }
            }
          }
        },
        {
          "metadata-codelist": {
            "itemclass": {
              "id": "MetadataCodeList",
              "label": {
                "text": "Metadata Code list",
                "lang": "nl"
              }
            },
            "definition": {
              "text": "De trefwoorden zijn gebaseerd op de taxonomie voor geografische diensten (EN ISO 19119). Deze taxonomie bestaat uit categorieC+n; de subcategorieC+n definiC+ren het waardedomein van de classificatie van ruimtelijke-gegevensdiensten.",
              "lang": "nl"
            },
            "id": "http://inspire.ec.europa.eu/metadata-codelist/SpatialDataServiceCategory",
            "label": {
              "text": "Classificatie van diensten met betrekking tot ruimtelijke gegevens",
              "lang": "nl"
            },
            "version": "0",
            "status": {
              "id": "http://inspire.ec.europa.eu/registry/status/valid",
              "label": {
                "text": "Geldig",
                "lang": "nl"
              }
            },
            "register": {
              "registry": {
                "id": "http://inspire.ec.europa.eu/registry",
                "label": {
                  "text": "INSPIRE register",
                  "lang": "nl"
                }
              },
              "id": "http://inspire.ec.europa.eu/metadata-codelist",
              "label": {
                "text": "INSPIRE metadata code list register",
                "lang": "nl"
              }
            }
          }
        },
        {
          "metadata-codelist": {
            "itemclass": {
              "id": "MetadataCodeList",
              "label": {
                "text": "Metadata Code list",
                "lang": "nl"
              }
            },
            "id": "http://inspire.ec.europa.eu/metadata-codelist/DegreeOfConformity",
            "label": {
              "text": "Conformiteitsindicatie",
              "lang": "nl"
            },
            "version": "0",
            "status": {
              "id": "http://inspire.ec.europa.eu/registry/status/valid",
              "label": {
                "text": "Geldig",
                "lang": "nl"
              }
            },
            "register": {
              "registry": {
                "id": "http://inspire.ec.europa.eu/registry",
                "label": {
                  "text": "INSPIRE register",
                  "lang": "nl"
                }
              },
              "id": "http://inspire.ec.europa.eu/metadata-codelist",
              "label": {
                "text": "INSPIRE metadata code list register",
                "lang": "nl"
              }
            }
          }
        },
        {
          "metadata-codelist": {
            "itemclass": {
              "id": "MetadataCodeList",
              "label": {
                "text": "Metadata Code list",
                "lang": "nl"
              }
            },
            "id": "http://inspire.ec.europa.eu/metadata-codelist/ResponsiblePartyRole",
            "label": {
              "text": "Rol van de verantwoordelijke partij",
              "lang": "nl"
            },
            "version": "0",
            "status": {
              "id": "http://inspire.ec.europa.eu/registry/status/valid",
              "label": {
                "text": "Geldig",
                "lang": "nl"
              }
            },
            "register": {
              "registry": {
                "id": "http://inspire.ec.europa.eu/registry",
                "label": {
                  "text": "INSPIRE register",
                  "lang": "nl"
                }
              },
              "id": "http://inspire.ec.europa.eu/metadata-codelist",
              "label": {
                "text": "INSPIRE metadata code list register",
                "lang": "nl"
              }
            }
          }
        },
        {
          "metadata-codelist": {
            "itemclass": {
              "id": "MetadataCodeList",
              "label": {
                "text": "Metadata Code list",
                "lang": "nl"
              }
            },
            "id": "http://inspire.ec.europa.eu/metadata-codelist/LimitationsOnPublicAccess",
            "label": {
              "text": "Beperkingen op openbare toegang",
              "lang": "nl"
            },
            "version": "0",
            "status": {
              "id": "http://inspire.ec.europa.eu/registry/status/valid",
              "label": {
                "text": "Geldig",
                "lang": "nl"
              }
            },
            "register": {
              "registry": {
                "id": "http://inspire.ec.europa.eu/registry",
                "label": {
                  "text": "INSPIRE register",
                  "lang": "nl"
                }
              },
              "id": "http://inspire.ec.europa.eu/metadata-codelist",
              "label": {
                "text": "INSPIRE metadata code list register",
                "lang": "nl"
              }
            }
          }
        },
        {
          "metadata-codelist": {
            "itemclass": {
              "id": "MetadataCodeList",
              "label": {
                "text": "Metadata Code list",
                "lang": "nl"
              }
            },
            "id": "http://inspire.ec.europa.eu/metadata-codelist/ConditionsApplyingToAccessAndUse",
            "label": {
              "text": "Voorwaarden voor toegang en gebruik",
              "lang": "nl"
            },
            "version": "0",
            "status": {
              "id": "http://inspire.ec.europa.eu/registry/status/valid",
              "label": {
                "text": "Geldig",
                "lang": "nl"
              }
            },
            "register": {
              "registry": {
                "id": "http://inspire.ec.europa.eu/registry",
                "label": {
                  "text": "INSPIRE register",
                  "lang": "nl"
                }
              },
              "id": "http://inspire.ec.europa.eu/metadata-codelist",
              "label": {
                "text": "INSPIRE metadata code list register",
                "lang": "nl"
              }
            }
          }
        },
        {
          "metadata-codelist": {
            "itemclass": {
              "id": "MetadataCodeList",
              "label": {
                "text": "Metadata Code list",
                "lang": "nl"
              }
            },
            "id": "http://inspire.ec.europa.eu/metadata-codelist/QualityOfServiceCriteria",
            "label": {
              "text": "Service kwaliteit criteria code",
              "lang": "nl"
            },
            "version": "0",
            "status": {
              "id": "http://inspire.ec.europa.eu/registry/status/valid",
              "label": {
                "text": "Geldig",
                "lang": "nl"
              }
            },
            "register": {
              "registry": {
                "id": "http://inspire.ec.europa.eu/registry",
                "label": {
                  "text": "INSPIRE register",
                  "lang": "nl"
                }
              },
              "id": "http://inspire.ec.europa.eu/metadata-codelist",
              "label": {
                "text": "INSPIRE metadata code list register",
                "lang": "nl"
              }
            }
          }
        },
        {
          "metadata-codelist": {
            "itemclass": {
              "id": "MetadataCodeList",
              "label": {
                "text": "Metadata Code list",
                "lang": "nl"
              }
            },
            "definition": {
              "text": "Code describing the type of resource given in the Resource Locator metadata element.",
              "lang": "en"
            },
            "id": "http://inspire.ec.europa.eu/metadata-codelist/OnLineDescriptionCode",
            "label": {
              "text": "Online description code",
              "lang": "en"
            },
            "version": "0",
            "status": {
              "id": "http://inspire.ec.europa.eu/registry/status/valid",
              "label": {
                "text": "Geldig",
                "lang": "nl"
              }
            },
            "register": {
              "registry": {
                "id": "http://inspire.ec.europa.eu/registry",
                "label": {
                  "text": "INSPIRE register",
                  "lang": "nl"
                }
              },
              "id": "http://inspire.ec.europa.eu/metadata-codelist",
              "label": {
                "text": "INSPIRE metadata code list register",
                "lang": "nl"
              }
            }
          }
        },
        {
          "metadata-codelist": {
            "itemclass": {
              "id": "MetadataCodeList",
              "label": {
                "text": "Metadata Code list",
                "lang": "nl"
              }
            },
            "definition": {
              "text": "Lijst met datasets die gerelateerd zijn aan milieurapportage, die stapsgewijs door de lidstaten via de Europese infrastructuur voor ruimtelijke informatie beschikbaar moeten worden gesteld. Deze lijst geeft ook de lacunes in data weer die zijn geïdentificeerd tijdens de evaluatie van de implementatie en de geschiktheid van de richtlijn voor het beoogde doel (de zogenoemde REFIT evaluatie).",
              "lang": "nl"
            },
            "id": "http://inspire.ec.europa.eu/metadata-codelist/PriorityDataset",
            "label": {
              "text": "INSPIRE prioritaire dataset",
              "lang": "nl"
            },
            "version": "0",
            "status": {
              "id": "http://inspire.ec.europa.eu/registry/status/valid",
              "label": {
                "text": "Geldig",
                "lang": "nl"
              }
            },
            "register": {
              "registry": {
                "id": "http://inspire.ec.europa.eu/registry",
                "label": {
                  "text": "INSPIRE register",
                  "lang": "nl"
                }
              },
              "id": "http://inspire.ec.europa.eu/metadata-codelist",
              "label": {
                "text": "INSPIRE metadata code list register",
                "lang": "nl"
              }
            }
          }
        },
        {
          "metadata-codelist": {
            "itemclass": {
              "id": "MetadataCodeList",
              "label": {
                "text": "Metadata Code list",
                "lang": "nl"
              }
            },
            "description": {
              "text": "The spatial scope can be different from the actual geographical coverage, e.g. a national coastline data set may cover only a fraction of the full spatial extent of a country.\n The spatial scope of the data set does not necessarily reflect the administrative level responsible for collecting and maintaining the data, e.g. the responsibility for maintaining the data inside the national address data set can be at regional or local level.\n The code list contains values governed at the level of INSPIRE legal acts (governance level: Legal (EU)) and values governed at the level of INSPIRE Technical Guidelines (governance level: Technical (EU)). The former directly support the INSPIRE Monitoring and Reporting Decision, while the latter  provide additional options for tagging other data sets.",
              "lang": "en"
            },
            "definition": {
              "text": "Administrative level that the data set intends to cover.",
              "lang": "en"
            },
            "id": "http://inspire.ec.europa.eu/metadata-codelist/SpatialScope",
            "label": {
              "text": "Ruimtelijke dekking",
              "lang": "nl"
            },
            "version": "0",
            "status": {
              "id": "http://inspire.ec.europa.eu/registry/status/valid",
              "label": {
                "text": "Geldig",
                "lang": "nl"
              }
            },
            "register": {
              "registry": {
                "id": "http://inspire.ec.europa.eu/registry",
                "label": {
                  "text": "INSPIRE register",
                  "lang": "nl"
                }
              },
              "id": "http://inspire.ec.europa.eu/metadata-codelist",
              "label": {
                "text": "INSPIRE metadata code list register",
                "lang": "nl"
              }
            }
          }
        },
        {
          "metadata-codelist": {
            "itemclass": {
              "id": "MetadataCodeList",
              "label": {
                "text": "Metadata Code list",
                "lang": "nl"
              }
            },
            "description": {
              "text": "This code list is the result of the 'simplification of data-service linkages' activity performed in the context of the MIG-T data simplification action(2019.2).",
              "lang": "en"
            },
            "definition": {
              "text": "Set of OGC and RFC services that are in the scope of INSPIRE. This list aims at the better identification of the network services described within the metadata records.",
              "lang": "en"
            },
            "id": "http://inspire.ec.europa.eu/metadata-codelist/ProtocolValue",
            "label": {
              "text": "INSPIRE Protocol values",
              "lang": "en"
            },
            "version": "0",
            "status": {
              "id": "http://inspire.ec.europa.eu/registry/status/valid",
              "label": {
                "text": "Geldig",
                "lang": "nl"
              }
            },
            "register": {
              "registry": {
                "id": "http://inspire.ec.europa.eu/registry",
                "label": {
                  "text": "INSPIRE register",
                  "lang": "nl"
                }
              },
              "id": "http://inspire.ec.europa.eu/metadata-codelist",
              "label": {
                "text": "INSPIRE metadata code list register",
                "lang": "nl"
              }
            }
          }
        }
      ],
      "contentsummary": {
        "text": "The INSPIRE metadata code list register contains the code lists and their values, as defined in the INSPIRE implementing rules on metadata (Commission Regulation (EC) No 1205/2008).",
        "lang": "nl"
      },
      "registermanager": "Europese Commissie, Gemeenschappelijk Centrum voor onderzoek",
      "contactpoint": {
        "label": "JRC INSPIRE Registry Team",
        "email": "inspire-registry-dev@jrc.ec.europa.eu"
      },
      "language": "nl",
      "registerowner": "Europese Unie",
      "id": "http://inspire.ec.europa.eu/metadata-codelist",
      "label": {
        "text": "INSPIRE metadata code list register",
        "lang": "nl"
      },
      "registercontrolbody": "Control body for the central INSPIRE registers and INSPIRE register federation"
    }
  },
  "requestTimeStamp": 1600685783439,
  "json": [
    {
    },
    {
    },
    {
    },
    {
    },
    {
    },
    {
    },
    {
    },
    {
    },
    {
    },
    {
    },
    {
    },
    {
    },
    {
    },
    {
    },
    {
    },
    {
    },
    {
    },
    {
    },
    {
    },
    {
    },
    {
    },
    {
    },
    {
    },
    {
    },
    {
    },
    {
    },
    {
    },
    {
    },
    {
    },
    {
    },
    {
    },
    {
    },
    {
    },
    {
    },
    {
    },
    {
    },
    {
    },
    {
    },
    {
    },
    {
    },
    {
    },
    {
    },
    {
    },
    {
    },
    {
    },
    {
    },
    {
    },
    {
    },
    {
    },
    {
    },
    {
    },
    {
    },
    {
    },
    {
    },
    {
    },
    {
    },
    {
    },
    {
    },
    {
    },
    {
    },
    {
    },
    {
    },
    {
    },
    {
    },
    {
    },
    {
    },
    {
    },
    {
    },
    {
    },
    {
    },
    {
    },
    {
    },
    {
    },
    {
    },
    {
    },
    {
    },
    {
    },
    {
    },
    {
    },
    {
    },
    {
    },
    {
    },
    {
    },
    {
    },
    {
    },
    {
    },
    {
    },
    {
    },
    {
    },
    {
    },
    {
    },
    {
    },
    {
    },
    {
    },
    {
    },
    {
    },
    {
    },
    {
    },
    {
    },
    {
    },
    {
    },
    {
    },
    {
    },
    {
    },
    {
    },
    {
    },
    {
    },
    {
    },
    {
    },
    {
    },
    {
    },
    {
    },
    {
    },
    {
    },
    {
    },
    {
    },
    {
    },
    {
    },
    {
    },
    {
    },
    {
    },
    {
    },
    {
    },
    {
    },
    {
    },
    {
    },
    {
    },
    {
    },
    {
    },
    {
    },
    {
    },
    {
    },
    {
    },
    {
    },
    {
    },
    {
    },
    {
    },
    {
    },
    {
    },
    {
    },
    {
    },
    {
    },
    {
    },
    {
    },
    {
    },
    {
    },
    {
    },
    {
    },
    {
    },
    {
    },
    {
    },
    {
    },
    {
    },
    {
    },
    {
    },
    {
    },
    {
    },
    {
    },
    {
    },
    {
    },
    {
    },
    {
    },
    {
    },
    {
    },
    {
    },
    {
    },
    {
    },
    {
    },
    {
    },
    {
    },
    {
    },
    {
    },
    {
    },
    {
    },
    {
    },
    {
    },
    {
    },
    {
    },
    {
    },
    {
    },
    {
    },
    {
    },
    {
    },
    {
    },
    {
    },
    {
    },
    {
    },
    {
    },
    {
    },
    {
    },
    {
    },
    {
    },
    {
    },
    {
    },
    {
    },
    {
    },
    {
    }
  ],
  "myVarName": "someValue",
  "briefarray": [
    "f99e915a-75e5-4c36-97f2-61eff692d85b",
    "247a1d15-0a67-40ce-85be-1403c08f15a8",
    "81ff84ec-42a4-4481-840b-12713bbb5d38",
    "f2f86edf-ac3a-48e8-9292-0544da2d7645",
    "be6551de-a709-4c6d-a5e2-f63f0cf038ba",
    "b4ae622c-6201-49d8-bd2e-f7fce9206a1e",
    "74aca3eb-c38b-4214-9537-e0abc69e11b5",
    "ed960299-a147-4c1a-bc57-41ff83a2264f",
    "fe0e1e5f-512f-4bb1-bbf8-4028d3dfa24f",
    "1c3afc74-cc34-44b7-938a-963e2350795a",
    "4b282988-cb91-4bbc-b147-f653014917cb",
    "50a2c5e6-c8e7-425d-854e-26f578196bc9",
    "6c06740d-058f-4a12-bb3f-bf68efd03d09",
    "8a4f5c3b-aced-48fd-afb5-f1f1d0ef21d6",
    "19165027-a13a-4c19-9013-ec1fd191019d",
    "c3c004ad-5387-4b00-a225-9afbcaa5d31b",
    "fe45c540-e37d-11e4-b571-0800200c9a66",
    "1be28290-55fa-4486-b9d3-b9d147117863",
    "8f45b8ef-0ce8-463a-9059-5efdcecb785c",
    "b3ec8793-7747-4da0-b6c3-aa384446a586",
    "493ab81b-75f8-4205-b030-6b2fd9eb4295",
    "f273941e-9c3b-43bc-b886-2d50d0bf9348",
    "34e95842-4e4e-46de-9198-79e8cd4d30dc",
    "5a1adb58-0bbe-425d-b0fe-577a6c0a4228",
    "7939fd42-cf88-42c5-ab3b-232cf232a3ac",
    "8de2f5eb-b09f-4f6d-8397-8878a1b86238",
    "eu-f297898-2640-44c2-bbe9-c0480da83794",
    "4783ea4f-6b8c-4600-8af0-516f3556cfe9",
    "50eef6be-619d-4e16-9b92-48971109b636",
    "tbjk534p-wubf-crbp-cj25-d4161160gfim",
    "cf69ec50-9849-4afd-853c-ee56211d336d",
    "cbeaebc3-815a-48af-a978-0e16892865fc",
    "fcefa13c-44e2-4953-b6d6-1ddceebc57fc",
    "a322184d-6285-4856-bb78-f450b30ffc0e",
    "c2225e5d-b46f-4e38-8445-ab10fd40c0dc",
    "be1b1514-8d1f-48e1-9624-fee9b784138b",
    "3e57ce43-7707-43ed-a4b9-72b3a6d812f8",
    "58e7dc38-a498-4852-b4ef-908f5baa9056",
    "a04afee4-47d5-45b7-b7a0-a6f86106af11",
    "12bb57cd-73e0-41ba-a1e9-6d986b9109d3",
    "d845cef6-0e23-4212-a951-b69763e39ef0",
    "7f5d7945-8fa8-4d36-be4c-2fdb3c7d613b",
    "844404a2-9cd0-452e-b29a-74588777485a",
    "3a72b9a4-cda9-11ea-87d0-0242ac130003",
    "5951efa2-1ff3-4763-a966-a2f5497679ee",
    "25294679-adb9-4c39-a93b-6954ff9414ac",
    "eu-cb527d-f6db-4835-b0cd-deb245241254",
    "03671a9e-6aaf-464d-be99-9aad25cef9e3",
    "a7fb2234-f7b4-4a03-b282-f10947f42fb1",
    "9d9f1738-aced-47c9-aaa0-c62474a2dcfb",
    "a5f961e9-ebdd-41e2-b8e8-ab33ed340a83",
    "64c987ec-dce6-11e3-8563-901b0e19e163",
    "29c17585-e702-463f-a5dc-99d34b17d333",
    "2cc2c30c-91b8-412a-a060-e84d25272581",
    "d6b85d84-cdb9-4a6e-b799-cf8826e22a94",
    "791adbe3-772f-42cb-a3be-5a617bcecef0",
    "500d396f-5ec6-4e4b-a151-5fb3cddd8082",
    "14657c9b-91e4-4355-8563-2911ad0e78e4",
    "adn73c4a-ef03-4785-b7f6-942e86b385f7",
    "6050578f-0010-4bfa-b013-c8617b80ba62",
    "edf79e6a-d73d-4def-8d22-0f495cc76a73",
    "b59f06c0-dce5-11e3-9c10-901b0e19e163",
    "d9baa847-4652-4588-abe1-0b050f40f27f",
    "e3b0da1e-0664-4025-b3f5-a54d74a26450",
    "9dd9bf30-36e6-45ae-b368-bdef2720bdde",
    "3703b249-a0eb-484e-ba7a-10e31a55bcec",
    "10d1153e-778f-4995-9b6c-7c69b196cccb",
    "c5c4a6d6-b850-473c-8ab5-af9c2c550809",
    "29d5310f-dd0d-45ba-abad-b4ffc6b8785f",
    "dc5b522e-3e14-4738-9e8e-2401e1b19ef2",
    "db8d613f-5edc-4467-9cc0-e2dcfb9d64a8",
    "977e0e94-7aa9-4784-b2da-eaec44adb61b",
    "58d39928-f502-48c9-a8c1-03244dc181bf",
    "3a7dd0a6-d130-4c4c-b0ba-24365cf036e2",
    "588a4cb1-b442-4ac1-87e4-40401e353166",
    "7c24ea89-074e-4c4f-91e3-d38e813e9cb6",
    "d8f370e8-123c-4ab3-9410-04f728327ac6",
    "b3f66964-a8c1-456f-9799-9cafca2cb7b1",
    "c7662717-9e43-4367-a344-723d73abbb3e",
    "8b0b02a0-1e1b-4cda-bcfe-6fa0f738e38f",
    "7dd1fd45-ace5-41e0-93a6-64e3be231717",
    "4617f0e0-6af4-4ac0-9044-31df9d03071c",
    "08b27bf0-e34a-4b30-9eac-5edadfb6a288",
    "f1d27179-36eb-4376-8048-f51d2eb23a09",
    "a29917b9-3426-4041-a11b-69bcb2256904",
    "b6ee58a1-b097-4c6d-8600-eb81efc1468c",
    "36a7e8cb-8300-4602-93d2-135943365a6f",
    "daa63e4c-dce6-11e3-991e-901b0e19e163",
    "6c1cf452-8c62-4046-99ab-640a5e184f9c",
    "3387ef8a-9237-453a-aa4e-585d1e193550",
    "d24ccb35-e9d2-41bf-b231-43083fc0c76d",
    "adn73c4a-ef03-4785-b7f6-942e86b385f5",
    "ad6caa40-89ab-47e3-85ab-3f8e32024a71",
    "afc450bd-65b3-4e59-b0fb-619869bf6ada",
    "F646DFB9-5BF6-EAB9-042B-CAB6FF2DC275",
    "E7D9F0D6-2B8D-6699-F26E-4A781228F2DD",
    "71c2b7d2-a1a8-4836-b8d4-7247d331b04d",
    "eu-2c7040b-c448-451b-bf15-f2416ecaadd1",
    "a5241416-8401-4623-be61-57ef50447a41",
    "6318009c-7b11-4ab9-9929-735584dfb692",
    "2daad588-11ef-47de-9832-6fe2c3b93e6d",
    "f5f68d51-2ca4-4897-8227-d3938b2b0a7e",
    "60a2a7c2-d5b3-4ad5-b562-c448695357fb",
    "cc408b2d-09a6-4b2b-9aa3-b46bfe2f00a5",
    "ca94a0cb-7561-4a10-a7d6-b840e56c33ff",
    "998ba1dc-f6a6-49a3-a021-51f30d9b1d0e",
    "49ab8bee-b467-486a-96ca-b950443c453a",
    "f0821bfe-5a0a-11e9-8647-d663bd873d93",
    "110f9ec6-4464-462e-9765-83d90cefbeab",
    "krw-f7bb2351-9788-42ea-a58b-a5ee1842304e",
    "bb11be63-bd38-4632-bf54-df44c423a529",
    "c935f2ab-9b65-4dc4-94a0-73aeb840a941",
    "4cda487b-c467-490c-a843-6563fec016be",
    "uwwtd-9d8e-4758-83fa-28b057f185e3",
    "0558a41c-b09a-47fa-b8db-9de6bfe4f494",
    "0f128799-cf18-4b37-a721-e62b068191f5",
    "df5ee213-e1bd-433b-80f7-4ea20f493ca8",
    "6cde2ce7-3ecd-4785-b7b8-d62c3381efe9",
    "28c4780a-1a44-4376-b283-14a50a481729",
    "ffefc3dc-dc8f-4589-ae22-a60bebcdf5cb",
    "2d3dd6d2-2d2b-4b5f-9e30-86e19ed77a56",
    "wt-83730-e750-485a-9c0c-39bf9be72cf8",
    "9986a7ef-e5e2-4a7a-9018-2e1f9631ba8c",
    "41023936-009d-48ec-a90d-c966895463c1",
    "wt-f5eb-b09f-4f6d-8397-8878a1b86238",
    "wt-3730-e750-485a-9c0c-39bf9be72cf9",
    "c7d8d77b-8c47-4309-8c58-9b12b086407f",
    "11a292bd-9022-4a9f-b1bf-02f5c89ad74a",
    "krw2006-68b5-4ff3-94a4-9c24109ffd5e",
    "2e31680f-68b5-4ff3-94a4-9c24109ffd5e",
    "622a632a-c57b-44a2-83a4-e51223d5f15g",
    "710c381c-ab2d-45d5-a45d-af2eba811e5f",
    "f002bfc5-7d87-46b6-819e-8415422b65c9",
    "110f9ec6-4464-462e-9765-83d90cefbead",
    "110f9ec6-4464-462e-9765-83d90cefbeag",
    "krw2006-c57b-44a2-83a4-e51223d5f15g",
    "110f9ec6-4464-462e-9765-83d90cefbeac",
    "krw-782cab20-8328-45f1-a9b2-c27d07c14066",
    "krm-a905-9d8e-4758-83fa-28b057f185e4",
    "891ddc2d-8949-4a45-be96-c65b87c41f13",
    "17716ed7-ce0d-4bfd-8868-a398e5578a36",
    "ror-9d8e-4758-83fx-28b057f185e1",
    "ror-9d8e-4758-83fx-28b057f185g1",
    "a9b7026e-0a81-4813-93bd-ba49e6f28502",
    "f605a24f-60cd-4c40-94c8-2186aba3ddd0",
    "1462bbce-ccd3-4362-83d8-4535ca8f44eb",
    "ror-9d8e-4758-83fx-28b057f185f1",
    "uwwtd-9d8e-4758-83fa-28b057f185e2",
    "uwwtd-9d8e-4758-83fa-28b057f185e1",
    "76091be7-358a-4a44-8182-b4139c96c6a4",
    "af0c582f-9e6b-46e6-865a-fc3a2d5289b9",
    "f8d840bc-18df-4449-b797-b9adcb81d3ec",
    "83dab947-387b-49df-8ad2-32bb10d46d38",
    "d3c9efd6-fca7-49d6-92bb-5f507abece90",
    "df15af6e-0d21-4437-a69f-802be3479bba",
    "3eebf700-5abf-42e4-826c-03cfb497e366",
    "e8b84fae-00b3-49c1-80c1-df8f69f64e8c",
    "3d59fd06-9aec-4744-91e7-65e119f74569",
    "80630ee7-3a15-4ea0-bdc0-a8aebfa2f204",
    "a1960e70-22f4-4fd9-91a8-b605c6ceda3e",
    "34e6165f-1269-48d1-b255-0f05d163d692",
    "krm-a905-9d8e-4758-83fa-28b057f185e3",
    "88f76a94-ee4d-4e0c-9fde-91b692403e39",
    "76541ebb-a554-4540-a017-399d4bb4a860",
    "1a40eb6f-4f33-4e15-a0b1-2d350ad2636e",
    "1249746f-c2a6-4639-98f2-251676b3528e",
    "bc2c53f6-c908-4d7c-a6c0-78d9a2855640",
    "e80ad426-1392-4349-9f80-14dae5f1bf57",
    "5b274449-b6c2-4672-a32f-e0bd40975a53",
    "e536d943-ecff-4d7a-9500-cc31a263a6af",
    "effe1ab0-073d-437c-af13-df5c5e07d6cd",
    "b61a773c-ecad-4e60-93e9-0a4caac0b52f",
    "002d9127-c16d-4b8d-9f5e-102a8c8e36c4",
    "88a3c1ae-902e-4efa-8663-ddd836101929",
    "6f84efeb-fc1d-4565-a721-80735ea57dbd",
    "af135cd8-d429-4fc7-b9e3-09e15217520d",
    "733559a5-201d-40e5-ad43-d1c7bae84d9f",
    "4e2ef670-cddd-11dd-ad8b-0800200c9a66",
    "31de946d-85d4-4c93-bb97-e25f4ef1401a",
    "68ebd5c9-0ea1-4f22-9907-ec4c063cd3e2",
    "fe2f9091-1962-4073-9e3b-3e4aeed488a5",
    "5800f3b0-2ea2-4231-8165-216a7b26867f",
    "7D35598D-DFBF-C64D-0F1A-92A80A45EB14",
    "07575774-57a1-4419-bab4-6c88fdeb02b2",
    "5c37d29a-006d-4136-8989-adfc35a1d4a7",
    "9ed6b8ed-254a-4745-a09a-3b57137d1b69",
    "32a21114-8694-40ce-ab76-9dcd885c7861",
    "f91c6ad6-62a5-46d0-8a5b-8a62e7a4b833",
    "24de356e-ec4d-4a18-9903-6401d222b77c",
    "0d6ccccc-7cfb-4eaa-8dc5-8b433d19b121",
    "26103042-50a1-4ee5-9c5b-857a2f8b7680",
    "e1e99000-ec47-4e9f-84a5-adad24fef0dc",
    "380aa01e-dce7-11e3-9f07-901b0e19e163",
    "f44dac86-2228-412f-8355-e56446ca9933",
    "64ff8561-5c56-4cc1-ae0e-94366fb70b7e",
    "73ec579e-c906-433a-b0b6-d3aa33421558",
    "280ed37a-b8d2-4ac5-8567-04d84fad3a41"
  ],
  "responseCookies": {
    "JSESSIONID": {
      "name": "JSESSIONID",
      "value": "B0A1BF217EDDCB3AA9532039252C83F5",
      "domain": "nationaalgeoregister.nl",
      "path": "/geonetwork",
      "persistent": "false",
      "secure": "false"
    }
  }
}

10:56:24.132 [ForkJoinPool-1-worker-3] INFO  com.intuit.karate - [print] title:Administratieve Eenheden
10:56:24.132 [ForkJoinPool-1-worker-3] INFO  com.intuit.karate - [print] Administratieve Eenheden
10:56:24.133 [ForkJoinPool-1-worker-3] INFO  com.intuit.karate - [print] [
  "PPB-GVA@kadaster.nl",
  "kcc@kadaster.nl",
  "kcc@kadaster.nl"
]

10:56:24.134 [ForkJoinPool-1-worker-3] INFO  com.intuit.karate - [print] organisation: [
  "Kadaster",
  "Kadaster en Openbare Registers",
  "Kadaster en de Openbare Registers"
]

10:56:24.136 [ForkJoinPool-1-worker-3] INFO  com.intuit.karate - [print] [
  "http://kadaster/06b6c650-cdb1-11dd-ad8b-0800200c9a76"
]

10:56:24.156 [ForkJoinPool-1-worker-3] INFO  com.intuit.karate - [print]
10:56:24.162 [ForkJoinPool-1-worker-3] INFO  com.intuit.karate - [print] testing xlinkurl:http://kadaster/06b6c650-cdb1-11dd-ad8b-0800200c9a76
10:56:24.162 [ForkJoinPool-1-worker-3] ERROR com.intuit.karate - java.net.UnknownHostException: kadaster, http call failed after 0 milliseconds for URL: http://kadaster/06b6c650-cdb1-11dd-ad8b-0800200c9a76
10:56:24.163 [ForkJoinPool-1-worker-3] ERROR com.intuit.karate - http request failed: 
java.net.UnknownHostException: kadaster
10:56:24.163 [ForkJoinPool-1-worker-3] ERROR com.intuit.karate - feature call (loop) failed at index: 0
caller: classpath:InspireTest/ngr/datasetrecords/def/checkxlinkurl.template.feature
arg: {"link":"http://kadaster/06b6c650-cdb1-11dd-ad8b-0800200c9a76"}
checkxlinkurl.template.feature:14 - 
java.net.UnknownHostException: kadaster
10:56:24.489 [ForkJoinPool-1-worker-13] ERROR com.intuit.karate - assertion failed: path: $, actual: 404, expected: 200, reason: not equal (Integer)
10:56:24.489 [ForkJoinPool-1-worker-13] ERROR com.intuit.karate - feature call (loop) failed at index: 2
caller: classpath:InspireTest/ngr/datasetrecords/def/checkxlinkurl.template.feature
arg: {"link":"http://geonetwork-opensource.org/inspire-theme#"}
checkxlinkurl.template.feature:22 - path: $, actual: 404, expected: 200, reason: not equal (Integer)
10:56:24.490 [ForkJoinPool-1-worker-13] INFO  com.intuit.karate - [print]
10:56:24.490 [ForkJoinPool-1-worker-13] INFO  com.intuit.karate - [print] testing xlinkurl:https://www.nationaalgeoregister.nl/geonetwork/srv/eng/thesaurus.download?ref=external.theme.inspire-theme
10:56:24.612 [ForkJoinPool-1-worker-9] INFO  com.intuit.karate - [print] title:TOP10NL
10:56:24.612 [ForkJoinPool-1-worker-9] INFO  com.intuit.karate - [print] TOP10NL
10:56:24.613 [ForkJoinPool-1-worker-9] INFO  com.intuit.karate - [print] [
  "PPB-GVA@kadaster.nl",
  "kcc@kadaster.nl",
  "kcc@kadaster.nl",
  "",
  "",
  "",
  "",
  "",
  ""
]

10:56:24.615 [ForkJoinPool-1-worker-9] INFO  com.intuit.karate - [print] organisation: [
  "Kadaster",
  "Kadaster",
  "Kadaster",
  "Kadaster",
  "Kadaster",
  "Kadaster",
  "Kadaster",
  "Kadaster",
  "Kadaster"
]

10:56:24.620 [ForkJoinPool-1-worker-9] INFO  com.intuit.karate - [print] [
  "http://kadaster/2482250f-3b00-4439-9f93-f3118229b201",
  "",
  "",
  "",
  "",
  ""
]

10:56:24.632 [ForkJoinPool-1-worker-9] INFO  com.intuit.karate - [print]
10:56:24.632 [ForkJoinPool-1-worker-9] INFO  com.intuit.karate - [print] testing xlinkurl:http://kadaster/2482250f-3b00-4439-9f93-f3118229b201
10:56:24.633 [ForkJoinPool-1-worker-9] ERROR com.intuit.karate - java.net.UnknownHostException: kadaster, http call failed after 0 milliseconds for URL: http://kadaster/2482250f-3b00-4439-9f93-f3118229b201
10:56:24.633 [ForkJoinPool-1-worker-9] ERROR com.intuit.karate - http request failed: 
java.net.UnknownHostException: kadaster
10:56:24.633 [ForkJoinPool-1-worker-9] ERROR com.intuit.karate - feature call (loop) failed at index: 0
caller: classpath:InspireTest/ngr/datasetrecords/def/checkxlinkurl.template.feature
arg: {"link":"http://kadaster/2482250f-3b00-4439-9f93-f3118229b201"}
checkxlinkurl.template.feature:14 - 
java.net.UnknownHostException: kadaster
10:56:24.634 [ForkJoinPool-1-worker-9] INFO  com.intuit.karate - [print]
10:56:24.634 [ForkJoinPool-1-worker-9] INFO  com.intuit.karate - [print] testing xlinkurl:
10:56:24.634 [ForkJoinPool-1-worker-9] ERROR com.intuit.karate - org.apache.http.client.ClientProtocolException, http call failed after 0 milliseconds for URL: 
10:56:24.634 [ForkJoinPool-1-worker-9] ERROR com.intuit.karate - http request failed: 
org.apache.http.client.ClientProtocolException
10:56:24.634 [ForkJoinPool-1-worker-9] ERROR com.intuit.karate - feature call (loop) failed at index: 1
caller: classpath:InspireTest/ngr/datasetrecords/def/checkxlinkurl.template.feature
arg: {"link":""}
checkxlinkurl.template.feature:14 - 
org.apache.http.client.ClientProtocolException
10:56:24.646 [ForkJoinPool-1-worker-9] INFO  com.intuit.karate - [print]
10:56:24.646 [ForkJoinPool-1-worker-9] INFO  com.intuit.karate - [print] testing xlinkurl:
10:56:24.646 [ForkJoinPool-1-worker-9] ERROR com.intuit.karate - org.apache.http.client.ClientProtocolException, http call failed after 0 milliseconds for URL: 
10:56:24.646 [ForkJoinPool-1-worker-9] ERROR com.intuit.karate - http request failed: 
org.apache.http.client.ClientProtocolException
10:56:24.647 [ForkJoinPool-1-worker-9] ERROR com.intuit.karate - feature call (loop) failed at index: 2
caller: classpath:InspireTest/ngr/datasetrecords/def/checkxlinkurl.template.feature
arg: {"link":""}
checkxlinkurl.template.feature:14 - 
org.apache.http.client.ClientProtocolException
10:56:24.650 [ForkJoinPool-1-worker-9] INFO  com.intuit.karate - [print]
10:56:24.650 [ForkJoinPool-1-worker-9] INFO  com.intuit.karate - [print] testing xlinkurl:
10:56:24.651 [ForkJoinPool-1-worker-9] ERROR com.intuit.karate - org.apache.http.client.ClientProtocolException, http call failed after 0 milliseconds for URL: 
10:56:24.651 [ForkJoinPool-1-worker-9] ERROR com.intuit.karate - http request failed: 
org.apache.http.client.ClientProtocolException
10:56:24.651 [ForkJoinPool-1-worker-9] ERROR com.intuit.karate - feature call (loop) failed at index: 3
caller: classpath:InspireTest/ngr/datasetrecords/def/checkxlinkurl.template.feature
arg: {"link":""}
checkxlinkurl.template.feature:14 - 
org.apache.http.client.ClientProtocolException
10:56:24.652 [ForkJoinPool-1-worker-9] INFO  com.intuit.karate - [print]
10:56:24.652 [ForkJoinPool-1-worker-9] INFO  com.intuit.karate - [print] testing xlinkurl:
10:56:24.652 [ForkJoinPool-1-worker-9] ERROR com.intuit.karate - org.apache.http.client.ClientProtocolException, http call failed after 0 milliseconds for URL: 
10:56:24.652 [ForkJoinPool-1-worker-9] ERROR com.intuit.karate - http request failed: 
org.apache.http.client.ClientProtocolException
10:56:24.652 [ForkJoinPool-1-worker-9] ERROR com.intuit.karate - feature call (loop) failed at index: 4
caller: classpath:InspireTest/ngr/datasetrecords/def/checkxlinkurl.template.feature
arg: {"link":""}
checkxlinkurl.template.feature:14 - 
org.apache.http.client.ClientProtocolException
10:56:24.653 [ForkJoinPool-1-worker-9] INFO  com.intuit.karate - [print]
10:56:24.653 [ForkJoinPool-1-worker-9] INFO  com.intuit.karate - [print] testing xlinkurl:
10:56:24.653 [ForkJoinPool-1-worker-9] ERROR com.intuit.karate - org.apache.http.client.ClientProtocolException, http call failed after 0 milliseconds for URL: 
10:56:24.653 [ForkJoinPool-1-worker-9] ERROR com.intuit.karate - http request failed: 
org.apache.http.client.ClientProtocolException
10:56:24.653 [ForkJoinPool-1-worker-9] ERROR com.intuit.karate - feature call (loop) failed at index: 5
caller: classpath:InspireTest/ngr/datasetrecords/def/checkxlinkurl.template.feature
arg: {"link":""}
checkxlinkurl.template.feature:14 - 
org.apache.http.client.ClientProtocolException
10:56:24.675 [ForkJoinPool-1-worker-11] INFO  com.intuit.karate - [print] title:Potentieel koude en warmte uit open en gesloten WKO systemen (GJ/ha.jaar)
10:56:24.675 [ForkJoinPool-1-worker-11] INFO  com.intuit.karate - [print] Potentieel koude en warmte uit open en gesloten WKO systemen (GJ/ha.jaar)
10:56:24.676 [ForkJoinPool-1-worker-11] INFO  com.intuit.karate - [print] [
  "geodatabeheer.giscc@rvo.nl",
  "geodatabeheer.giscc@rvo.nl",
  "geodatabeheer.giscc@rvo.nl"
]

10:56:24.677 [ForkJoinPool-1-worker-11] INFO  com.intuit.karate - [print] organisation: [
  "Ministerie van Economische Zaken - GIS Competence Center",
  "Ministerie van Economische Zaken - GIS Competence Center"
]

10:56:24.678 [ForkJoinPool-1-worker-11] INFO  com.intuit.karate - [print] [
  "https://nationaalgeoregister.nl/geonetwork/srv/dut/catalog.search#/metadata/dc5b522e-3e14-4738-9e8e-2401e1b19ef2"
]

10:56:24.687 [ForkJoinPool-1-worker-7] INFO  com.intuit.karate - [print] title:Statistical Units Grid
10:56:24.688 [ForkJoinPool-1-worker-7] INFO  com.intuit.karate - [print] Statistical Units Grid
10:56:24.688 [ForkJoinPool-1-worker-7] INFO  com.intuit.karate - [print] [
  "infoservice@cbs.nl",
  "infoservice@cbs.nl",
  "infoservice@cbs.nl",
  "",
  ""
]

10:56:24.689 [ForkJoinPool-1-worker-7] INFO  com.intuit.karate - [print] organisation: [
  "Statistics Netherlands",
  "Statistics Netherlands",
  "Statistics Netherlandds",
  "Statistics Netherlands"
]

10:56:24.693 [ForkJoinPool-1-worker-7] INFO  com.intuit.karate - [print] [
  "https://geodata.nationaalgeoregister.nl/inspire/su-grid/wfs",
  ""
]

10:56:24.696 [ForkJoinPool-1-worker-11] INFO  com.intuit.karate - [print]
10:56:24.696 [ForkJoinPool-1-worker-11] INFO  com.intuit.karate - [print] testing xlinkurl:https://nationaalgeoregister.nl/geonetwork/srv/dut/catalog.search#/metadata/dc5b522e-3e14-4738-9e8e-2401e1b19ef2
10:56:24.707 [ForkJoinPool-1-worker-7] INFO  com.intuit.karate - [print]
10:56:24.707 [ForkJoinPool-1-worker-7] INFO  com.intuit.karate - [print] testing xlinkurl:https://geodata.nationaalgeoregister.nl/inspire/su-grid/wfs
10:56:24.752 [ForkJoinPool-1-worker-3] INFO  com.intuit.karate - [print] title:Habitatrichtlijn verspreiding van habitattypen
10:56:24.752 [ForkJoinPool-1-worker-3] INFO  com.intuit.karate - [print] Habitatrichtlijn verspreiding van habitattypen
10:56:24.753 [ForkJoinPool-1-worker-3] INFO  com.intuit.karate - [print] [
  "geodatabeheer.giscc@rvo.nl",
  "GeoDesk.CGI@wur.nl",
  "geodatabeheer.giscc@rvo.nl",
  "beheerPDOK@kadaster.nl",
  ""
]

10:56:24.755 [ForkJoinPool-1-worker-3] INFO  com.intuit.karate - [print] organisation: [
  "Ministerie van Economische Zaken - GIS Competence Center",
  "Wageningen Environmental Research (Alterra)",
  "PDOK",
  "Alterra"
]

10:56:24.759 [ForkJoinPool-1-worker-3] INFO  com.intuit.karate - [print] [
  "https://www.nationaalgeoregister.nl/geonetwork/srv/dut/catalog.search#/metadata/977e0e94-7aa9-4784-b2da-eaec44adb61b"
]

10:56:24.763 [ForkJoinPool-1-worker-3] INFO  com.intuit.karate - [print]
10:56:24.764 [ForkJoinPool-1-worker-3] INFO  com.intuit.karate - [print] testing xlinkurl:https://www.nationaalgeoregister.nl/geonetwork/srv/dut/catalog.search#/metadata/977e0e94-7aa9-4784-b2da-eaec44adb61b
10:56:24.817 [ForkJoinPool-1-worker-5] INFO  com.intuit.karate - [print] title:Geluidkaart Schiphol 2016 (Lnight)
10:56:24.817 [ForkJoinPool-1-worker-5] INFO  com.intuit.karate - [print] Geluidkaart Schiphol 2016 (Lnight)
10:56:24.818 [ForkJoinPool-1-worker-5] INFO  com.intuit.karate - [print] [
  "sylvia.koolmees@minienw.nl",
  "sylvia.koolmees@minienw.nl"
]

10:56:24.820 [ForkJoinPool-1-worker-5] INFO  com.intuit.karate - [print] organisation: [
  "Ministerie van IenW",
  "Ministerie van IenW"
]

10:56:24.821 [ForkJoinPool-1-worker-5] INFO  com.intuit.karate - [print] [
  "https://www.nationaalgeoregister.nl/geonetwork/srv/api/records58d39928-f502-48c9-a8c1-03244dc181bf"
]

10:56:24.839 [ForkJoinPool-1-worker-13] ERROR com.intuit.karate - assertion failed: path: $, actual: 500, expected: 200, reason: not equal (Integer)
10:56:24.839 [ForkJoinPool-1-worker-13] ERROR com.intuit.karate - feature call (loop) failed at index: 3
caller: classpath:InspireTest/ngr/datasetrecords/def/checkxlinkurl.template.feature
arg: {"link":"https://www.nationaalgeoregister.nl/geonetwork/srv/eng/thesaurus.download?ref=external.theme.inspire-theme"}
checkxlinkurl.template.feature:22 - path: $, actual: 500, expected: 200, reason: not equal (Integer)
10:56:24.847 [ForkJoinPool-1-worker-5] INFO  com.intuit.karate - [print]
10:56:24.847 [ForkJoinPool-1-worker-5] INFO  com.intuit.karate - [print] testing xlinkurl:https://www.nationaalgeoregister.nl/geonetwork/srv/api/records58d39928-f502-48c9-a8c1-03244dc181bf
10:56:25.152 [ForkJoinPool-1-worker-7] ERROR com.intuit.karate - assertion failed: path: $, actual: 400, expected: 200, reason: not equal (Integer)
10:56:25.152 [ForkJoinPool-1-worker-7] ERROR com.intuit.karate - feature call (loop) failed at index: 0
caller: classpath:InspireTest/ngr/datasetrecords/def/checkxlinkurl.template.feature
arg: {"link":"https://geodata.nationaalgeoregister.nl/inspire/su-grid/wfs"}
checkxlinkurl.template.feature:22 - path: $, actual: 400, expected: 200, reason: not equal (Integer)
10:56:25.153 [ForkJoinPool-1-worker-7] INFO  com.intuit.karate - [print]
10:56:25.154 [ForkJoinPool-1-worker-7] INFO  com.intuit.karate - [print] testing xlinkurl:
10:56:25.154 [ForkJoinPool-1-worker-7] ERROR com.intuit.karate - org.apache.http.client.ClientProtocolException, http call failed after 0 milliseconds for URL: 
10:56:25.154 [ForkJoinPool-1-worker-7] ERROR com.intuit.karate - http request failed: 
org.apache.http.client.ClientProtocolException
10:56:25.154 [ForkJoinPool-1-worker-7] ERROR com.intuit.karate - feature call (loop) failed at index: 1
caller: classpath:InspireTest/ngr/datasetrecords/def/checkxlinkurl.template.feature
arg: {"link":""}
checkxlinkurl.template.feature:14 - 
org.apache.http.client.ClientProtocolException
10:56:25.159 [ForkJoinPool-1-worker-5] ERROR com.intuit.karate - assertion failed: path: $, actual: 500, expected: 200, reason: not equal (Integer)
10:56:25.159 [ForkJoinPool-1-worker-5] ERROR com.intuit.karate - feature call (loop) failed at index: 0
caller: classpath:InspireTest/ngr/datasetrecords/def/checkxlinkurl.template.feature
arg: {"link":"https://www.nationaalgeoregister.nl/geonetwork/srv/api/records58d39928-f502-48c9-a8c1-03244dc181bf"}
checkxlinkurl.template.feature:22 - path: $, actual: 500, expected: 200, reason: not equal (Integer)
10:56:25.245 [ForkJoinPool-1-worker-9] INFO  com.intuit.karate - [print] title:Vervoersnetwerken - Spoorwegen (INSPIRE geharmoniseerd)
10:56:25.246 [ForkJoinPool-1-worker-9] INFO  com.intuit.karate - [print] Vervoersnetwerken - Spoorwegen (INSPIRE geharmoniseerd)
10:56:25.248 [ForkJoinPool-1-worker-9] INFO  com.intuit.karate - [print] [
  "PPB-GVA@kadaster.nl",
  "kcc@kadaster.nl"
]

10:56:25.249 [ForkJoinPool-1-worker-9] INFO  com.intuit.karate - [print] organisation: [
  "Kadaster",
  "Kadaster"
]

10:56:25.252 [ForkJoinPool-1-worker-9] INFO  com.intuit.karate - [print] [
  "http://www.opengis.net/def/crs/EPSG/0/http://www.opengis.net/def/crs/EPSG/0/4258",
  "http://kadaster/cb4edbd2-2dca-4d44-92bb-b2202048b526"
]

10:56:25.259 [ForkJoinPool-1-worker-9] INFO  com.intuit.karate - [print]
10:56:25.260 [ForkJoinPool-1-worker-9] INFO  com.intuit.karate - [print] testing xlinkurl:http://www.opengis.net/def/crs/EPSG/0/http://www.opengis.net/def/crs/EPSG/0/4258
10:56:25.403 [ForkJoinPool-1-worker-13] INFO  com.intuit.karate - [print] title:Jaarcijfers Landelijk Meetnet Luchtkwaliteit 2012
10:56:25.404 [ForkJoinPool-1-worker-13] INFO  com.intuit.karate - [print] Jaarcijfers Landelijk Meetnet Luchtkwaliteit 2012
10:56:25.404 [ForkJoinPool-1-worker-13] INFO  com.intuit.karate - [print] [
  "geodata@rivm.nl",
  "",
  "geodata@rivm.nl"
]

10:56:25.407 [ForkJoinPool-1-worker-13] INFO  com.intuit.karate - [print] organisation: no organisationName found in dataset record
10:56:25.409 [ForkJoinPool-1-worker-13] INFO  com.intuit.karate - [print] [
  "https://data.rivm.nl/inspire/id#b5ccab29-e2cc-4178-9f81-40c50e909754"
]

10:56:25.415 [ForkJoinPool-1-worker-13] INFO  com.intuit.karate - [print]
10:56:25.415 [ForkJoinPool-1-worker-13] INFO  com.intuit.karate - [print] testing xlinkurl:https://data.rivm.nl/inspire/id#b5ccab29-e2cc-4178-9f81-40c50e909754
10:56:25.609 [ForkJoinPool-1-worker-9] INFO  com.intuit.karate - [print]
10:56:25.609 [ForkJoinPool-1-worker-9] INFO  com.intuit.karate - [print] testing xlinkurl:http://kadaster/cb4edbd2-2dca-4d44-92bb-b2202048b526
10:56:25.610 [ForkJoinPool-1-worker-9] ERROR com.intuit.karate - java.net.UnknownHostException: kadaster, http call failed after 1 milliseconds for URL: http://kadaster/cb4edbd2-2dca-4d44-92bb-b2202048b526
10:56:25.610 [ForkJoinPool-1-worker-9] ERROR com.intuit.karate - http request failed: 
java.net.UnknownHostException: kadaster
10:56:25.610 [ForkJoinPool-1-worker-9] ERROR com.intuit.karate - feature call (loop) failed at index: 1
caller: classpath:InspireTest/ngr/datasetrecords/def/checkxlinkurl.template.feature
arg: {"link":"http://kadaster/cb4edbd2-2dca-4d44-92bb-b2202048b526"}
checkxlinkurl.template.feature:14 - 
java.net.UnknownHostException: kadaster
10:56:25.671 [ForkJoinPool-1-worker-11] INFO  com.intuit.karate - [print] title:Luchtfoto 2017 25cm CIR open data
10:56:25.672 [ForkJoinPool-1-worker-11] INFO  com.intuit.karate - [print] Luchtfoto 2017 25cm CIR open data
10:56:25.673 [ForkJoinPool-1-worker-11] INFO  com.intuit.karate - [print] [
  "PPB-GVA@kadaster.nl",
  "info@hetwaterschapshuis.nl",
  "kcc@kadaster.nl",
  "",
  "",
  "",
  "",
  "",
  ""
]

10:56:25.675 [ForkJoinPool-1-worker-11] INFO  com.intuit.karate - [print] organisation: [
  "Kadaster",
  "Het Waterschapshuis",
  "Kadaster",
  "Eurosense",
  "Eurosense",
  "Eurosense",
  "Kadaster",
  "Kadaster"
]

10:56:25.677 [ForkJoinPool-1-worker-11] INFO  com.intuit.karate - [print] [
  "http://kadaster/2482250f-3b00-4439-9f93-f3118229b018",
  "",
  "",
  ""
]

10:56:25.681 [ForkJoinPool-1-worker-11] INFO  com.intuit.karate - [print]
10:56:25.681 [ForkJoinPool-1-worker-11] INFO  com.intuit.karate - [print] testing xlinkurl:http://kadaster/2482250f-3b00-4439-9f93-f3118229b018
10:56:25.683 [ForkJoinPool-1-worker-11] ERROR com.intuit.karate - java.net.UnknownHostException: kadaster, http call failed after 1 milliseconds for URL: http://kadaster/2482250f-3b00-4439-9f93-f3118229b018
10:56:25.683 [ForkJoinPool-1-worker-11] ERROR com.intuit.karate - http request failed: 
java.net.UnknownHostException: kadaster
10:56:25.683 [ForkJoinPool-1-worker-11] ERROR com.intuit.karate - feature call (loop) failed at index: 0
caller: classpath:InspireTest/ngr/datasetrecords/def/checkxlinkurl.template.feature
arg: {"link":"http://kadaster/2482250f-3b00-4439-9f93-f3118229b018"}
checkxlinkurl.template.feature:14 - 
java.net.UnknownHostException: kadaster
10:56:25.685 [ForkJoinPool-1-worker-11] INFO  com.intuit.karate - [print]
10:56:25.685 [ForkJoinPool-1-worker-11] INFO  com.intuit.karate - [print] testing xlinkurl:
10:56:25.686 [ForkJoinPool-1-worker-11] ERROR com.intuit.karate - org.apache.http.client.ClientProtocolException, http call failed after 0 milliseconds for URL: 
10:56:25.686 [ForkJoinPool-1-worker-11] ERROR com.intuit.karate - http request failed: 
org.apache.http.client.ClientProtocolException
10:56:25.686 [ForkJoinPool-1-worker-11] ERROR com.intuit.karate - feature call (loop) failed at index: 1
caller: classpath:InspireTest/ngr/datasetrecords/def/checkxlinkurl.template.feature
arg: {"link":""}
checkxlinkurl.template.feature:14 - 
org.apache.http.client.ClientProtocolException
10:56:25.687 [ForkJoinPool-1-worker-11] INFO  com.intuit.karate - [print]
10:56:25.687 [ForkJoinPool-1-worker-11] INFO  com.intuit.karate - [print] testing xlinkurl:
10:56:25.687 [ForkJoinPool-1-worker-11] ERROR com.intuit.karate - org.apache.http.client.ClientProtocolException, http call failed after 0 milliseconds for URL: 
10:56:25.687 [ForkJoinPool-1-worker-11] ERROR com.intuit.karate - http request failed: 
org.apache.http.client.ClientProtocolException
10:56:25.687 [ForkJoinPool-1-worker-11] ERROR com.intuit.karate - feature call (loop) failed at index: 2
caller: classpath:InspireTest/ngr/datasetrecords/def/checkxlinkurl.template.feature
arg: {"link":""}
checkxlinkurl.template.feature:14 - 
org.apache.http.client.ClientProtocolException
10:56:25.688 [ForkJoinPool-1-worker-11] INFO  com.intuit.karate - [print]
10:56:25.688 [ForkJoinPool-1-worker-11] INFO  com.intuit.karate - [print] testing xlinkurl:
10:56:25.688 [ForkJoinPool-1-worker-11] ERROR com.intuit.karate - org.apache.http.client.ClientProtocolException, http call failed after 0 milliseconds for URL: 
10:56:25.689 [ForkJoinPool-1-worker-11] ERROR com.intuit.karate - http request failed: 
org.apache.http.client.ClientProtocolException
10:56:25.689 [ForkJoinPool-1-worker-11] ERROR com.intuit.karate - feature call (loop) failed at index: 3
caller: classpath:InspireTest/ngr/datasetrecords/def/checkxlinkurl.template.feature
arg: {"link":""}
checkxlinkurl.template.feature:14 - 
org.apache.http.client.ClientProtocolException
10:56:25.744 [ForkJoinPool-1-worker-5] INFO  com.intuit.karate - [print] title:-Gegevens boormonsterprofiel onder PDOK
10:56:25.744 [ForkJoinPool-1-worker-5] INFO  com.intuit.karate - [print] -Gegevens boormonsterprofiel onder PDOK
10:56:25.745 [ForkJoinPool-1-worker-5] INFO  com.intuit.karate - [print] [
  "info@dinoloket",
  "info@dinoloket.nl"
]

10:56:25.746 [ForkJoinPool-1-worker-5] INFO  com.intuit.karate - [print] organisation: [
  "TNO Geologische Dienst Nederland",
  "TNO Geologische Dienst Nederland"
]

10:56:25.747 [ForkJoinPool-1-worker-5] INFO  com.intuit.karate - [print] [
  "https://ngr.acceptatie.nationaalgeoregister.nl/geonetwork/srv/resourcesc7662717-9e43-4367-a344-723d73abbb3e"
]

10:56:25.752 [ForkJoinPool-1-worker-5] INFO  com.intuit.karate - [print]
10:56:25.752 [ForkJoinPool-1-worker-5] INFO  com.intuit.karate - [print] testing xlinkurl:https://ngr.acceptatie.nationaalgeoregister.nl/geonetwork/srv/resourcesc7662717-9e43-4367-a344-723d73abbb3e
10:56:25.772 [ForkJoinPool-1-worker-3] INFO  com.intuit.karate - [print] title:Gemeten Ozon concentraties in buitenlucht.
10:56:25.773 [ForkJoinPool-1-worker-3] INFO  com.intuit.karate - [print] Gemeten Ozon concentraties in buitenlucht.
10:56:25.774 [ForkJoinPool-1-worker-3] INFO  com.intuit.karate - [print] [
  "geodata@rivm.nl",
  "geodata@rivm.nl"
]

10:56:25.775 [ForkJoinPool-1-worker-3] INFO  com.intuit.karate - [print] organisation: no organisationName found in dataset record
10:56:25.777 [ForkJoinPool-1-worker-3] INFO  com.intuit.karate - [print] [
  "https://data.rivm.nl/inspire/id#fd9c4f87-026e-4681-8d94-9702f3c83078"
]

10:56:25.781 [ForkJoinPool-1-worker-13] ERROR com.intuit.karate - javax.net.ssl.SSLException: Connection reset, http call failed after 365 milliseconds for URL: https://data.rivm.nl/inspire/id#b5ccab29-e2cc-4178-9f81-40c50e909754
10:56:25.781 [ForkJoinPool-1-worker-13] ERROR com.intuit.karate - http request failed: 
javax.net.ssl.SSLException: Connection reset
10:56:25.781 [ForkJoinPool-1-worker-13] ERROR com.intuit.karate - feature call (loop) failed at index: 0
caller: classpath:InspireTest/ngr/datasetrecords/def/checkxlinkurl.template.feature
arg: {"link":"https://data.rivm.nl/inspire/id#b5ccab29-e2cc-4178-9f81-40c50e909754"}
checkxlinkurl.template.feature:14 - 
javax.net.ssl.SSLException: Connection reset
10:56:25.788 [ForkJoinPool-1-worker-3] INFO  com.intuit.karate - [print]
10:56:25.789 [ForkJoinPool-1-worker-3] INFO  com.intuit.karate - [print] testing xlinkurl:https://data.rivm.nl/inspire/id#fd9c4f87-026e-4681-8d94-9702f3c83078
10:56:25.814 [ForkJoinPool-1-worker-7] INFO  com.intuit.karate - [print] title:Monitoring stations (Nitraatrichtlijn) ondiepe filters
10:56:25.815 [ForkJoinPool-1-worker-7] INFO  com.intuit.karate - [print] Monitoring stations (Nitraatrichtlijn) ondiepe filters
10:56:25.816 [ForkJoinPool-1-worker-7] INFO  com.intuit.karate - [print] [
  "geodata@rivm.nl",
  "",
  "geodata@rivm.nl"
]

10:56:25.818 [ForkJoinPool-1-worker-7] INFO  com.intuit.karate - [print] organisation: no organisationName found in dataset record
10:56:25.820 [ForkJoinPool-1-worker-7] INFO  com.intuit.karate - [print] [
  "https://data.rivm.nl/inspire/id#7247293d-2113-44d8-b335-8167b2ec4d1b"
]

10:56:25.825 [ForkJoinPool-1-worker-7] INFO  com.intuit.karate - [print]
10:56:25.826 [ForkJoinPool-1-worker-7] INFO  com.intuit.karate - [print] testing xlinkurl:https://data.rivm.nl/inspire/id#7247293d-2113-44d8-b335-8167b2ec4d1b
10:56:26.033 [ForkJoinPool-1-worker-5] ERROR com.intuit.karate - assertion failed: path: $, actual: 404, expected: 200, reason: not equal (Integer)
10:56:26.034 [ForkJoinPool-1-worker-5] ERROR com.intuit.karate - feature call (loop) failed at index: 0
caller: classpath:InspireTest/ngr/datasetrecords/def/checkxlinkurl.template.feature
arg: {"link":"https://ngr.acceptatie.nationaalgeoregister.nl/geonetwork/srv/resourcesc7662717-9e43-4367-a344-723d73abbb3e"}
checkxlinkurl.template.feature:22 - path: $, actual: 404, expected: 200, reason: not equal (Integer)
10:56:26.150 [ForkJoinPool-1-worker-3] ERROR com.intuit.karate - javax.net.ssl.SSLException: Connection reset, http call failed after 360 milliseconds for URL: https://data.rivm.nl/inspire/id#fd9c4f87-026e-4681-8d94-9702f3c83078
10:56:26.150 [ForkJoinPool-1-worker-3] ERROR com.intuit.karate - http request failed: 
javax.net.ssl.SSLException: Connection reset
10:56:26.151 [ForkJoinPool-1-worker-3] ERROR com.intuit.karate - feature call (loop) failed at index: 0
caller: classpath:InspireTest/ngr/datasetrecords/def/checkxlinkurl.template.feature
arg: {"link":"https://data.rivm.nl/inspire/id#fd9c4f87-026e-4681-8d94-9702f3c83078"}
checkxlinkurl.template.feature:14 - 
javax.net.ssl.SSLException: Connection reset
10:56:26.158 [ForkJoinPool-1-worker-9] INFO  com.intuit.karate - [print] title:Emissies naar het riool in 2011 vanuit de industrie
10:56:26.158 [ForkJoinPool-1-worker-9] INFO  com.intuit.karate - [print] Emissies naar het riool in 2011 vanuit de industrie
10:56:26.159 [ForkJoinPool-1-worker-9] INFO  com.intuit.karate - [print] [
  "emissieregistratie@rivm.nl",
  "",
  "emissieregistratie@rivm.nl"
]

10:56:26.165 [ForkJoinPool-1-worker-9] INFO  com.intuit.karate - [print] organisation: no organisationName found in dataset record
10:56:26.171 [ForkJoinPool-1-worker-9] INFO  com.intuit.karate - [print] [
  "https://data.rivm.nl/inspire/id#e6ddc53d-04c4-435d-bedd-a5ace2dc0313"
]

10:56:26.178 [ForkJoinPool-1-worker-9] INFO  com.intuit.karate - [print]
10:56:26.179 [ForkJoinPool-1-worker-9] INFO  com.intuit.karate - [print] testing xlinkurl:https://data.rivm.nl/inspire/id#e6ddc53d-04c4-435d-bedd-a5ace2dc0313
10:56:26.185 [ForkJoinPool-1-worker-7] ERROR com.intuit.karate - javax.net.ssl.SSLException: Connection reset, http call failed after 359 milliseconds for URL: https://data.rivm.nl/inspire/id#7247293d-2113-44d8-b335-8167b2ec4d1b
10:56:26.185 [ForkJoinPool-1-worker-7] ERROR com.intuit.karate - http request failed: 
javax.net.ssl.SSLException: Connection reset
10:56:26.185 [ForkJoinPool-1-worker-7] ERROR com.intuit.karate - feature call (loop) failed at index: 0
caller: classpath:InspireTest/ngr/datasetrecords/def/checkxlinkurl.template.feature
arg: {"link":"https://data.rivm.nl/inspire/id#7247293d-2113-44d8-b335-8167b2ec4d1b"}
checkxlinkurl.template.feature:14 - 
javax.net.ssl.SSLException: Connection reset
10:56:26.275 [ForkJoinPool-1-worker-11] INFO  com.intuit.karate - [print] title:Administratieve Eenheden (INSPIRE geharmoniseerd)
10:56:26.279 [ForkJoinPool-1-worker-11] INFO  com.intuit.karate - [print] Administratieve Eenheden (INSPIRE geharmoniseerd)
10:56:26.280 [ForkJoinPool-1-worker-11] INFO  com.intuit.karate - [print] [
  "PPB-GVA@kadaster.nl",
  "kcc@kadaster.nl"
]

10:56:26.281 [ForkJoinPool-1-worker-11] INFO  com.intuit.karate - [print] organisation: [
  "Kadaster",
  "Kadaster"
]

10:56:26.283 [ForkJoinPool-1-worker-11] INFO  com.intuit.karate - [print] [
  "http://www.opengis.net/def/crs/EPSG/0/http://www.opengis.net/def/crs/EPSG/0/4258",
  "http://kadaster/29f0fa66-3928-4e95-ae30-5b1eab818ac1"
]

10:56:26.288 [ForkJoinPool-1-worker-11] INFO  com.intuit.karate - [print]
10:56:26.289 [ForkJoinPool-1-worker-11] INFO  com.intuit.karate - [print] testing xlinkurl:http://www.opengis.net/def/crs/EPSG/0/http://www.opengis.net/def/crs/EPSG/0/4258
10:56:26.343 [ForkJoinPool-1-worker-13] INFO  com.intuit.karate - [print] title:Gebieden in de territoriale zee
10:56:26.344 [ForkJoinPool-1-worker-13] INFO  com.intuit.karate - [print] Gebieden in de territoriale zee
10:56:26.345 [ForkJoinPool-1-worker-13] INFO  com.intuit.karate - [print] [
  "data@hydro.nl",
  "data@hydro.nl",
  "data@hydro.nl",
  "",
  ""
]

10:56:26.346 [ForkJoinPool-1-worker-13] INFO  com.intuit.karate - [print] organisation: [
  "Ministerie van Defensie, Koninklijke Marine, Dienst der Hydrografie",
  "Ministerie van Defensie, Koninklijke Marine, Dienst der Hydrografie",
  "Ministerie van Defensie, Koninklijke Marine, Dienst der Hydrografie"
]

10:56:26.348 [ForkJoinPool-1-worker-13] INFO  com.intuit.karate - [print] [
  "http://www.opengis.net/def/crs/EPSG/0/https://www.opengis.net/def/crs/EPSG/0/4258",
  "https://www.nationaalgeoregister.nl/geonetwork/srv/api/records4617f0e0-6af4-4ac0-9044-31df9d03071c"
]

10:56:26.353 [ForkJoinPool-1-worker-13] INFO  com.intuit.karate - [print]
10:56:26.354 [ForkJoinPool-1-worker-13] INFO  com.intuit.karate - [print] testing xlinkurl:http://www.opengis.net/def/crs/EPSG/0/https://www.opengis.net/def/crs/EPSG/0/4258
10:56:26.538 [ForkJoinPool-1-worker-9] ERROR com.intuit.karate - javax.net.ssl.SSLException: Connection reset, http call failed after 358 milliseconds for URL: https://data.rivm.nl/inspire/id#e6ddc53d-04c4-435d-bedd-a5ace2dc0313
10:56:26.538 [ForkJoinPool-1-worker-9] ERROR com.intuit.karate - http request failed: 
javax.net.ssl.SSLException: Connection reset
10:56:26.539 [ForkJoinPool-1-worker-9] ERROR com.intuit.karate - feature call (loop) failed at index: 0
caller: classpath:InspireTest/ngr/datasetrecords/def/checkxlinkurl.template.feature
arg: {"link":"https://data.rivm.nl/inspire/id#e6ddc53d-04c4-435d-bedd-a5ace2dc0313"}
checkxlinkurl.template.feature:14 - 
javax.net.ssl.SSLException: Connection reset
10:56:26.562 [ForkJoinPool-1-worker-5] INFO  com.intuit.karate - [print] title:Afgevoerde hoeveelheid afval in 2015 vanuit de industrie
10:56:26.562 [ForkJoinPool-1-worker-5] INFO  com.intuit.karate - [print] Afgevoerde hoeveelheid afval in 2015 vanuit de industrie
10:56:26.563 [ForkJoinPool-1-worker-5] INFO  com.intuit.karate - [print] [
  "emissieregistratie@rivm.nl",
  "",
  "emissieregistratie@rivm.nl"
]

10:56:26.564 [ForkJoinPool-1-worker-5] INFO  com.intuit.karate - [print] organisation: no organisationName found in dataset record
10:56:26.565 [ForkJoinPool-1-worker-5] INFO  com.intuit.karate - [print] [
  "https://data.rivm.nl/inspire/id#1de92b14-bc21-4f33-b0de-abd325e61804"
]

10:56:26.571 [ForkJoinPool-1-worker-5] INFO  com.intuit.karate - [print]
10:56:26.572 [ForkJoinPool-1-worker-5] INFO  com.intuit.karate - [print] testing xlinkurl:https://data.rivm.nl/inspire/id#1de92b14-bc21-4f33-b0de-abd325e61804
10:56:26.588 [ForkJoinPool-1-worker-11] INFO  com.intuit.karate - [print]
10:56:26.588 [ForkJoinPool-1-worker-11] INFO  com.intuit.karate - [print] testing xlinkurl:http://kadaster/29f0fa66-3928-4e95-ae30-5b1eab818ac1
10:56:26.589 [ForkJoinPool-1-worker-11] ERROR com.intuit.karate - java.net.UnknownHostException: kadaster, http call failed after 0 milliseconds for URL: http://kadaster/29f0fa66-3928-4e95-ae30-5b1eab818ac1
10:56:26.590 [ForkJoinPool-1-worker-11] ERROR com.intuit.karate - http request failed: 
java.net.UnknownHostException: kadaster
10:56:26.590 [ForkJoinPool-1-worker-11] ERROR com.intuit.karate - feature call (loop) failed at index: 1
caller: classpath:InspireTest/ngr/datasetrecords/def/checkxlinkurl.template.feature
arg: {"link":"http://kadaster/29f0fa66-3928-4e95-ae30-5b1eab818ac1"}
checkxlinkurl.template.feature:14 - 
java.net.UnknownHostException: kadaster
10:56:26.650 [ForkJoinPool-1-worker-13] INFO  com.intuit.karate - [print]
10:56:26.650 [ForkJoinPool-1-worker-13] INFO  com.intuit.karate - [print] testing xlinkurl:https://www.nationaalgeoregister.nl/geonetwork/srv/api/records4617f0e0-6af4-4ac0-9044-31df9d03071c
10:56:26.715 [ForkJoinPool-1-worker-3] INFO  com.intuit.karate - [print] title:Nederlands deel PSSA Waddenzee
10:56:26.715 [ForkJoinPool-1-worker-3] INFO  com.intuit.karate - [print] Nederlands deel PSSA Waddenzee
10:56:26.716 [ForkJoinPool-1-worker-3] INFO  com.intuit.karate - [print] [
  "data@hydro.nl",
  "data@hydro.nl",
  "data@hydro.nl",
  "",
  ""
]

10:56:26.718 [ForkJoinPool-1-worker-3] INFO  com.intuit.karate - [print] organisation: [
  "Ministerie van Defensie, Koninklijke Marine, Dienst der Hydrografie",
  "Ministerie van Defensie, Koninklijke Marine, Dienst der Hydrografie",
  "Ministerie van Defensie, Koninklijke Marine, Dienst der Hydrografie"
]

10:56:26.720 [ForkJoinPool-1-worker-3] INFO  com.intuit.karate - [print] [
  "http://www.opengis.net/def/crs/EPSG/0/https://www.opengis.net/def/crs/EPSG/0/4258",
  "https://www.nationaalgeoregister.nl/geonetwork/srv/api/recordsf1d27179-36eb-4376-8048-f51d2eb23a09"
]

10:56:26.724 [ForkJoinPool-1-worker-3] INFO  com.intuit.karate - [print]
10:56:26.724 [ForkJoinPool-1-worker-3] INFO  com.intuit.karate - [print] testing xlinkurl:http://www.opengis.net/def/crs/EPSG/0/https://www.opengis.net/def/crs/EPSG/0/4258
10:56:26.760 [ForkJoinPool-1-worker-7] INFO  com.intuit.karate - [print] title:Luchtfoto 2019 25cm CIR open data
10:56:26.760 [ForkJoinPool-1-worker-7] INFO  com.intuit.karate - [print] Luchtfoto 2019 25cm CIR open data
10:56:26.761 [ForkJoinPool-1-worker-7] INFO  com.intuit.karate - [print] [
  "PPB-GVA@kadaster.nl",
  "info@hetwaterschapshuis.nl",
  "kcc@kadaster.nl",
  "",
  "",
  "",
  "",
  "",
  ""
]

10:56:26.763 [ForkJoinPool-1-worker-7] INFO  com.intuit.karate - [print] organisation: [
  "Kadaster",
  "Het Waterschapshuis",
  "Kadaster",
  "Geocart",
  "Geocart",
  "Geocart",
  "Kadaster",
  "Kadaster"
]

10:56:26.765 [ForkJoinPool-1-worker-7] INFO  com.intuit.karate - [print] [
  "http://kadaster/2482250f-3b00-4439-9f93-f3118229b024",
  "",
  "",
  ""
]

10:56:26.770 [ForkJoinPool-1-worker-7] INFO  com.intuit.karate - [print]
10:56:26.770 [ForkJoinPool-1-worker-7] INFO  com.intuit.karate - [print] testing xlinkurl:http://kadaster/2482250f-3b00-4439-9f93-f3118229b024
10:56:26.772 [ForkJoinPool-1-worker-7] ERROR com.intuit.karate - java.net.UnknownHostException: kadaster, http call failed after 1 milliseconds for URL: http://kadaster/2482250f-3b00-4439-9f93-f3118229b024
10:56:26.772 [ForkJoinPool-1-worker-7] ERROR com.intuit.karate - http request failed: 
java.net.UnknownHostException: kadaster
10:56:26.772 [ForkJoinPool-1-worker-7] ERROR com.intuit.karate - feature call (loop) failed at index: 0
caller: classpath:InspireTest/ngr/datasetrecords/def/checkxlinkurl.template.feature
arg: {"link":"http://kadaster/2482250f-3b00-4439-9f93-f3118229b024"}
checkxlinkurl.template.feature:14 - 
java.net.UnknownHostException: kadaster
10:56:26.772 [ForkJoinPool-1-worker-7] INFO  com.intuit.karate - [print]
10:56:26.773 [ForkJoinPool-1-worker-7] INFO  com.intuit.karate - [print] testing xlinkurl:
10:56:26.774 [ForkJoinPool-1-worker-7] ERROR com.intuit.karate - org.apache.http.client.ClientProtocolException, http call failed after 0 milliseconds for URL: 
10:56:26.774 [ForkJoinPool-1-worker-7] ERROR com.intuit.karate - http request failed: 
org.apache.http.client.ClientProtocolException
10:56:26.774 [ForkJoinPool-1-worker-7] ERROR com.intuit.karate - feature call (loop) failed at index: 1
caller: classpath:InspireTest/ngr/datasetrecords/def/checkxlinkurl.template.feature
arg: {"link":""}
checkxlinkurl.template.feature:14 - 
org.apache.http.client.ClientProtocolException
10:56:26.776 [ForkJoinPool-1-worker-7] INFO  com.intuit.karate - [print]
10:56:26.776 [ForkJoinPool-1-worker-7] INFO  com.intuit.karate - [print] testing xlinkurl:
10:56:26.777 [ForkJoinPool-1-worker-7] ERROR com.intuit.karate - org.apache.http.client.ClientProtocolException, http call failed after 0 milliseconds for URL: 
10:56:26.777 [ForkJoinPool-1-worker-7] ERROR com.intuit.karate - http request failed: 
org.apache.http.client.ClientProtocolException
10:56:26.777 [ForkJoinPool-1-worker-7] ERROR com.intuit.karate - feature call (loop) failed at index: 2
caller: classpath:InspireTest/ngr/datasetrecords/def/checkxlinkurl.template.feature
arg: {"link":""}
checkxlinkurl.template.feature:14 - 
org.apache.http.client.ClientProtocolException
10:56:26.777 [ForkJoinPool-1-worker-7] INFO  com.intuit.karate - [print]
10:56:26.778 [ForkJoinPool-1-worker-7] INFO  com.intuit.karate - [print] testing xlinkurl:
10:56:26.782 [ForkJoinPool-1-worker-7] ERROR com.intuit.karate - org.apache.http.client.ClientProtocolException, http call failed after 0 milliseconds for URL: 
10:56:26.782 [ForkJoinPool-1-worker-7] ERROR com.intuit.karate - http request failed: 
org.apache.http.client.ClientProtocolException
10:56:26.782 [ForkJoinPool-1-worker-7] ERROR com.intuit.karate - feature call (loop) failed at index: 3
caller: classpath:InspireTest/ngr/datasetrecords/def/checkxlinkurl.template.feature
arg: {"link":""}
checkxlinkurl.template.feature:14 - 
org.apache.http.client.ClientProtocolException
10:56:26.929 [ForkJoinPool-1-worker-5] ERROR com.intuit.karate - javax.net.ssl.SSLException: Connection reset, http call failed after 356 milliseconds for URL: https://data.rivm.nl/inspire/id#1de92b14-bc21-4f33-b0de-abd325e61804
10:56:26.929 [ForkJoinPool-1-worker-5] ERROR com.intuit.karate - http request failed: 
javax.net.ssl.SSLException: Connection reset
10:56:26.929 [ForkJoinPool-1-worker-5] ERROR com.intuit.karate - feature call (loop) failed at index: 0
caller: classpath:InspireTest/ngr/datasetrecords/def/checkxlinkurl.template.feature
arg: {"link":"https://data.rivm.nl/inspire/id#1de92b14-bc21-4f33-b0de-abd325e61804"}
checkxlinkurl.template.feature:14 - 
javax.net.ssl.SSLException: Connection reset
10:56:26.956 [ForkJoinPool-1-worker-9] INFO  com.intuit.karate - [print] title:Kadastrale kaart v4
10:56:26.957 [ForkJoinPool-1-worker-9] INFO  com.intuit.karate - [print] Kadastrale kaart v4
10:56:26.958 [ForkJoinPool-1-worker-9] INFO  com.intuit.karate - [print] [
  "PPB-GVA@kadaster.nl",
  "kcc@kadaster.nl",
  "kcc@kadaster.nl",
  "",
  ""
]

10:56:26.994 [ForkJoinPool-1-worker-13] ERROR com.intuit.karate - assertion failed: path: $, actual: 500, expected: 200, reason: not equal (Integer)
10:56:26.994 [ForkJoinPool-1-worker-13] ERROR com.intuit.karate - feature call (loop) failed at index: 1
caller: classpath:InspireTest/ngr/datasetrecords/def/checkxlinkurl.template.feature
arg: {"link":"https://www.nationaalgeoregister.nl/geonetwork/srv/api/records4617f0e0-6af4-4ac0-9044-31df9d03071c"}
checkxlinkurl.template.feature:22 - path: $, actual: 500, expected: 200, reason: not equal (Integer)
10:56:26.997 [ForkJoinPool-1-worker-9] INFO  com.intuit.karate - [print] organisation: [
  "Kadaster",
  "Kadaster en Openbare Registers",
  "Dienst voor het Kadaster en de Openbare Registers"
]

10:56:27.000 [ForkJoinPool-1-worker-9] INFO  com.intuit.karate - [print] [
  "h",
  "t",
  "t",
  "p",
  "s",
  ":",
  "/",
  "/",
  "w",
  "w",
  "w",
  ".",
  "n",
  "a",
  "t",
  "i",
  "o",
  "n",
  "a",
  "a",
  "l",
  "g",
  "e",
  "o",
  "r",
  "e",
  "g",
  "i",
  "s",
  "t",
  "e",
  "r",
  ".",
  "n",
  "l",
  ":",
  "4",
  "4",
  "3",
  "/",
  "g",
  "e",
  "o",
  "n",
  "e",
  "t",
  "w",
  "o",
  "r",
  "k",
  "/",
  "s",
  "r",
  "v",
  "/",
  "e",
  "n",
  "g",
  "/",
  "t",
  "h",
  "e",
  "s",
  "a",
  "u",
  "r",
  "u",
  "s",
  ".",
  "d",
  "o",
  "w",
  "n",
  "l",
  "o",
  "a",
  "d",
  "?",
  "r",
  "e",
  "f",
  "=",
  "e",
  "x",
  "t",
  "e",
  "r",
  "n",
  "a",
  "l",
  ".",
  "t",
  "h",
  "e",
  "m",
  "e",
  ".",
  "h",
  "t",
  "t",
  "p",
  "i",
  "n",
  "s",
  "p",
  "i",
  "r",
  "e",
  "e",
  "c",
  "e",
  "u",
  "r",
  "o",
  "p",
  "a",
  "e",
  "u",
  "t",
  "h",
  "e",
  "m",
  "e",
  "-",
  "t",
  "h",
  "e",
  "m",
  "e"
]

10:56:27.012 [ForkJoinPool-1-worker-9] INFO  com.intuit.karate - [print]
10:56:27.014 [ForkJoinPool-1-worker-9] INFO  com.intuit.karate - [print] testing xlinkurl:h
10:56:27.014 [ForkJoinPool-1-worker-9] ERROR com.intuit.karate - org.apache.http.client.ClientProtocolException, http call failed after 0 milliseconds for URL: h
10:56:27.014 [ForkJoinPool-1-worker-9] ERROR com.intuit.karate - http request failed: 
org.apache.http.client.ClientProtocolException
10:56:27.020 [ForkJoinPool-1-worker-9] ERROR com.intuit.karate - feature call (loop) failed at index: 0
caller: classpath:InspireTest/ngr/datasetrecords/def/checkxlinkurl.template.feature
arg: {"link":"h"}
checkxlinkurl.template.feature:14 - 
org.apache.http.client.ClientProtocolException
10:56:27.022 [ForkJoinPool-1-worker-9] INFO  com.intuit.karate - [print]
10:56:27.022 [ForkJoinPool-1-worker-9] INFO  com.intuit.karate - [print] testing xlinkurl:t
10:56:27.022 [ForkJoinPool-1-worker-9] ERROR com.intuit.karate - org.apache.http.client.ClientProtocolException, http call failed after 0 milliseconds for URL: t
10:56:27.023 [ForkJoinPool-1-worker-9] ERROR com.intuit.karate - http request failed: 
org.apache.http.client.ClientProtocolException
10:56:27.023 [ForkJoinPool-1-worker-9] ERROR com.intuit.karate - feature call (loop) failed at index: 1
caller: classpath:InspireTest/ngr/datasetrecords/def/checkxlinkurl.template.feature
arg: {"link":"t"}
checkxlinkurl.template.feature:14 - 
org.apache.http.client.ClientProtocolException
10:56:27.024 [ForkJoinPool-1-worker-9] INFO  com.intuit.karate - [print]
10:56:27.024 [ForkJoinPool-1-worker-9] INFO  com.intuit.karate - [print] testing xlinkurl:t
10:56:27.024 [ForkJoinPool-1-worker-9] ERROR com.intuit.karate - org.apache.http.client.ClientProtocolException, http call failed after 0 milliseconds for URL: t
10:56:27.024 [ForkJoinPool-1-worker-9] ERROR com.intuit.karate - http request failed: 
org.apache.http.client.ClientProtocolException
10:56:27.024 [ForkJoinPool-1-worker-9] ERROR com.intuit.karate - feature call (loop) failed at index: 2
caller: classpath:InspireTest/ngr/datasetrecords/def/checkxlinkurl.template.feature
arg: {"link":"t"}
checkxlinkurl.template.feature:14 - 
org.apache.http.client.ClientProtocolException
10:56:27.025 [ForkJoinPool-1-worker-9] INFO  com.intuit.karate - [print]
10:56:27.025 [ForkJoinPool-1-worker-9] INFO  com.intuit.karate - [print] testing xlinkurl:p
10:56:27.025 [ForkJoinPool-1-worker-9] ERROR com.intuit.karate - org.apache.http.client.ClientProtocolException, http call failed after 0 milliseconds for URL: p
10:56:27.025 [ForkJoinPool-1-worker-9] ERROR com.intuit.karate - http request failed: 
org.apache.http.client.ClientProtocolException
10:56:27.025 [ForkJoinPool-1-worker-9] ERROR com.intuit.karate - feature call (loop) failed at index: 3
caller: classpath:InspireTest/ngr/datasetrecords/def/checkxlinkurl.template.feature
arg: {"link":"p"}
checkxlinkurl.template.feature:14 - 
org.apache.http.client.ClientProtocolException
10:56:27.026 [ForkJoinPool-1-worker-9] INFO  com.intuit.karate - [print]
10:56:27.026 [ForkJoinPool-1-worker-3] INFO  com.intuit.karate - [print]
10:56:27.029 [ForkJoinPool-1-worker-3] INFO  com.intuit.karate - [print] testing xlinkurl:https://www.nationaalgeoregister.nl/geonetwork/srv/api/recordsf1d27179-36eb-4376-8048-f51d2eb23a09
10:56:27.030 [ForkJoinPool-1-worker-9] INFO  com.intuit.karate - [print] testing xlinkurl:s
10:56:27.031 [ForkJoinPool-1-worker-9] ERROR com.intuit.karate - org.apache.http.client.ClientProtocolException, http call failed after 0 milliseconds for URL: s
10:56:27.031 [ForkJoinPool-1-worker-9] ERROR com.intuit.karate - http request failed: 
org.apache.http.client.ClientProtocolException
10:56:27.031 [ForkJoinPool-1-worker-9] ERROR com.intuit.karate - feature call (loop) failed at index: 4
caller: classpath:InspireTest/ngr/datasetrecords/def/checkxlinkurl.template.feature
arg: {"link":"s"}
checkxlinkurl.template.feature:14 - 
org.apache.http.client.ClientProtocolException
10:56:27.032 [ForkJoinPool-1-worker-9] INFO  com.intuit.karate - [print]
10:56:27.032 [ForkJoinPool-1-worker-9] INFO  com.intuit.karate - [print] testing xlinkurl::
10:56:27.032 [ForkJoinPool-1-worker-9] ERROR com.intuit.karate - http request failed: java.net.URISyntaxException: Expected scheme name at index 0: :
10:56:27.032 [ForkJoinPool-1-worker-9] ERROR com.intuit.karate - feature call (loop) failed at index: 5
caller: classpath:InspireTest/ngr/datasetrecords/def/checkxlinkurl.template.feature
arg: {"link":":"}
checkxlinkurl.template.feature:14 - java.net.URISyntaxException: Expected scheme name at index 0: :
10:56:27.033 [ForkJoinPool-1-worker-9] INFO  com.intuit.karate - [print]
10:56:27.035 [ForkJoinPool-1-worker-9] INFO  com.intuit.karate - [print] testing xlinkurl:/
10:56:27.036 [ForkJoinPool-1-worker-9] ERROR com.intuit.karate - org.apache.http.client.ClientProtocolException, http call failed after 0 milliseconds for URL: /
10:56:27.036 [ForkJoinPool-1-worker-9] ERROR com.intuit.karate - http request failed: 
org.apache.http.client.ClientProtocolException
10:56:27.036 [ForkJoinPool-1-worker-9] ERROR com.intuit.karate - feature call (loop) failed at index: 6
caller: classpath:InspireTest/ngr/datasetrecords/def/checkxlinkurl.template.feature
arg: {"link":"/"}
checkxlinkurl.template.feature:14 - 
org.apache.http.client.ClientProtocolException
10:56:27.037 [ForkJoinPool-1-worker-9] INFO  com.intuit.karate - [print]
10:56:27.037 [ForkJoinPool-1-worker-9] INFO  com.intuit.karate - [print] testing xlinkurl:/
10:56:27.037 [ForkJoinPool-1-worker-9] ERROR com.intuit.karate - org.apache.http.client.ClientProtocolException, http call failed after 0 milliseconds for URL: /
10:56:27.037 [ForkJoinPool-1-worker-9] ERROR com.intuit.karate - http request failed: 
org.apache.http.client.ClientProtocolException
10:56:27.037 [ForkJoinPool-1-worker-9] ERROR com.intuit.karate - feature call (loop) failed at index: 7
caller: classpath:InspireTest/ngr/datasetrecords/def/checkxlinkurl.template.feature
arg: {"link":"/"}
checkxlinkurl.template.feature:14 - 
org.apache.http.client.ClientProtocolException
10:56:27.041 [ForkJoinPool-1-worker-9] INFO  com.intuit.karate - [print]
10:56:27.042 [ForkJoinPool-1-worker-9] INFO  com.intuit.karate - [print] testing xlinkurl:w
10:56:27.042 [ForkJoinPool-1-worker-9] ERROR com.intuit.karate - org.apache.http.client.ClientProtocolException, http call failed after 0 milliseconds for URL: w
10:56:27.046 [ForkJoinPool-1-worker-9] ERROR com.intuit.karate - http request failed: 
org.apache.http.client.ClientProtocolException
10:56:27.049 [ForkJoinPool-1-worker-9] ERROR com.intuit.karate - feature call (loop) failed at index: 8
caller: classpath:InspireTest/ngr/datasetrecords/def/checkxlinkurl.template.feature
arg: {"link":"w"}
checkxlinkurl.template.feature:14 - 
org.apache.http.client.ClientProtocolException
10:56:27.050 [ForkJoinPool-1-worker-9] INFO  com.intuit.karate - [print]
10:56:27.050 [ForkJoinPool-1-worker-9] INFO  com.intuit.karate - [print] testing xlinkurl:w
10:56:27.051 [ForkJoinPool-1-worker-9] ERROR com.intuit.karate - org.apache.http.client.ClientProtocolException, http call failed after 0 milliseconds for URL: w
10:56:27.051 [ForkJoinPool-1-worker-9] ERROR com.intuit.karate - http request failed: 
org.apache.http.client.ClientProtocolException
10:56:27.051 [ForkJoinPool-1-worker-9] ERROR com.intuit.karate - feature call (loop) failed at index: 9
caller: classpath:InspireTest/ngr/datasetrecords/def/checkxlinkurl.template.feature
arg: {"link":"w"}
checkxlinkurl.template.feature:14 - 
org.apache.http.client.ClientProtocolException
10:56:27.052 [ForkJoinPool-1-worker-9] INFO  com.intuit.karate - [print]
10:56:27.052 [ForkJoinPool-1-worker-9] INFO  com.intuit.karate - [print] testing xlinkurl:w
10:56:27.052 [ForkJoinPool-1-worker-9] ERROR com.intuit.karate - org.apache.http.client.ClientProtocolException, http call failed after 0 milliseconds for URL: w
10:56:27.052 [ForkJoinPool-1-worker-9] ERROR com.intuit.karate - http request failed: 
org.apache.http.client.ClientProtocolException
10:56:27.052 [ForkJoinPool-1-worker-9] ERROR com.intuit.karate - feature call (loop) failed at index: 10
caller: classpath:InspireTest/ngr/datasetrecords/def/checkxlinkurl.template.feature
arg: {"link":"w"}
checkxlinkurl.template.feature:14 - 
org.apache.http.client.ClientProtocolException
10:56:27.053 [ForkJoinPool-1-worker-9] INFO  com.intuit.karate - [print]
10:56:27.056 [ForkJoinPool-1-worker-9] INFO  com.intuit.karate - [print] testing xlinkurl:.
10:56:27.064 [ForkJoinPool-1-worker-9] ERROR com.intuit.karate - org.apache.http.client.ClientProtocolException, http call failed after 0 milliseconds for URL: .
10:56:27.065 [ForkJoinPool-1-worker-9] ERROR com.intuit.karate - http request failed: 
org.apache.http.client.ClientProtocolException
10:56:27.065 [ForkJoinPool-1-worker-9] ERROR com.intuit.karate - feature call (loop) failed at index: 11
caller: classpath:InspireTest/ngr/datasetrecords/def/checkxlinkurl.template.feature
arg: {"link":"."}
checkxlinkurl.template.feature:14 - 
org.apache.http.client.ClientProtocolException
10:56:27.068 [ForkJoinPool-1-worker-9] INFO  com.intuit.karate - [print]
10:56:27.069 [ForkJoinPool-1-worker-9] INFO  com.intuit.karate - [print] testing xlinkurl:n
10:56:27.071 [ForkJoinPool-1-worker-9] ERROR com.intuit.karate - org.apache.http.client.ClientProtocolException, http call failed after 0 milliseconds for URL: n
10:56:27.071 [ForkJoinPool-1-worker-9] ERROR com.intuit.karate - http request failed: 
org.apache.http.client.ClientProtocolException
10:56:27.072 [ForkJoinPool-1-worker-9] ERROR com.intuit.karate - feature call (loop) failed at index: 12
caller: classpath:InspireTest/ngr/datasetrecords/def/checkxlinkurl.template.feature
arg: {"link":"n"}
checkxlinkurl.template.feature:14 - 
org.apache.http.client.ClientProtocolException
10:56:27.086 [ForkJoinPool-1-worker-9] INFO  com.intuit.karate - [print]
10:56:27.087 [ForkJoinPool-1-worker-9] INFO  com.intuit.karate - [print] testing xlinkurl:a
10:56:27.087 [ForkJoinPool-1-worker-9] ERROR com.intuit.karate - org.apache.http.client.ClientProtocolException, http call failed after 0 milliseconds for URL: a
10:56:27.087 [ForkJoinPool-1-worker-9] ERROR com.intuit.karate - http request failed: 
org.apache.http.client.ClientProtocolException
10:56:27.088 [ForkJoinPool-1-worker-9] ERROR com.intuit.karate - feature call (loop) failed at index: 13
caller: classpath:InspireTest/ngr/datasetrecords/def/checkxlinkurl.template.feature
arg: {"link":"a"}
checkxlinkurl.template.feature:14 - 
org.apache.http.client.ClientProtocolException
10:56:27.089 [ForkJoinPool-1-worker-9] INFO  com.intuit.karate - [print]
10:56:27.089 [ForkJoinPool-1-worker-9] INFO  com.intuit.karate - [print] testing xlinkurl:t
10:56:27.090 [ForkJoinPool-1-worker-9] ERROR com.intuit.karate - org.apache.http.client.ClientProtocolException, http call failed after 0 milliseconds for URL: t
10:56:27.090 [ForkJoinPool-1-worker-9] ERROR com.intuit.karate - http request failed: 
org.apache.http.client.ClientProtocolException
10:56:27.090 [ForkJoinPool-1-worker-9] ERROR com.intuit.karate - feature call (loop) failed at index: 14
caller: classpath:InspireTest/ngr/datasetrecords/def/checkxlinkurl.template.feature
arg: {"link":"t"}
checkxlinkurl.template.feature:14 - 
org.apache.http.client.ClientProtocolException
10:56:27.091 [ForkJoinPool-1-worker-9] INFO  com.intuit.karate - [print]
10:56:27.092 [ForkJoinPool-1-worker-9] INFO  com.intuit.karate - [print] testing xlinkurl:i
10:56:27.092 [ForkJoinPool-1-worker-9] ERROR com.intuit.karate - org.apache.http.client.ClientProtocolException, http call failed after 0 milliseconds for URL: i
10:56:27.092 [ForkJoinPool-1-worker-9] ERROR com.intuit.karate - http request failed: 
org.apache.http.client.ClientProtocolException
10:56:27.093 [ForkJoinPool-1-worker-9] ERROR com.intuit.karate - feature call (loop) failed at index: 15
caller: classpath:InspireTest/ngr/datasetrecords/def/checkxlinkurl.template.feature
arg: {"link":"i"}
checkxlinkurl.template.feature:14 - 
org.apache.http.client.ClientProtocolException
10:56:27.095 [ForkJoinPool-1-worker-9] INFO  com.intuit.karate - [print]
10:56:27.096 [ForkJoinPool-1-worker-9] INFO  com.intuit.karate - [print] testing xlinkurl:o
10:56:27.097 [ForkJoinPool-1-worker-9] ERROR com.intuit.karate - org.apache.http.client.ClientProtocolException, http call failed after 0 milliseconds for URL: o
10:56:27.097 [ForkJoinPool-1-worker-9] ERROR com.intuit.karate - http request failed: 
org.apache.http.client.ClientProtocolException
10:56:27.098 [ForkJoinPool-1-worker-9] ERROR com.intuit.karate - feature call (loop) failed at index: 16
caller: classpath:InspireTest/ngr/datasetrecords/def/checkxlinkurl.template.feature
arg: {"link":"o"}
checkxlinkurl.template.feature:14 - 
org.apache.http.client.ClientProtocolException
10:56:27.101 [ForkJoinPool-1-worker-9] INFO  com.intuit.karate - [print]
10:56:27.108 [ForkJoinPool-1-worker-9] INFO  com.intuit.karate - [print] testing xlinkurl:n
10:56:27.109 [ForkJoinPool-1-worker-9] ERROR com.intuit.karate - org.apache.http.client.ClientProtocolException, http call failed after 0 milliseconds for URL: n
10:56:27.109 [ForkJoinPool-1-worker-9] ERROR com.intuit.karate - http request failed: 
org.apache.http.client.ClientProtocolException
10:56:27.109 [ForkJoinPool-1-worker-9] ERROR com.intuit.karate - feature call (loop) failed at index: 17
caller: classpath:InspireTest/ngr/datasetrecords/def/checkxlinkurl.template.feature
arg: {"link":"n"}
checkxlinkurl.template.feature:14 - 
org.apache.http.client.ClientProtocolException
10:56:27.112 [ForkJoinPool-1-worker-9] INFO  com.intuit.karate - [print]
10:56:27.112 [ForkJoinPool-1-worker-9] INFO  com.intuit.karate - [print] testing xlinkurl:a
10:56:27.113 [ForkJoinPool-1-worker-9] ERROR com.intuit.karate - org.apache.http.client.ClientProtocolException, http call failed after 0 milliseconds for URL: a
10:56:27.113 [ForkJoinPool-1-worker-9] ERROR com.intuit.karate - http request failed: 
org.apache.http.client.ClientProtocolException
10:56:27.113 [ForkJoinPool-1-worker-9] ERROR com.intuit.karate - feature call (loop) failed at index: 18
caller: classpath:InspireTest/ngr/datasetrecords/def/checkxlinkurl.template.feature
arg: {"link":"a"}
checkxlinkurl.template.feature:14 - 
org.apache.http.client.ClientProtocolException
10:56:27.115 [ForkJoinPool-1-worker-9] INFO  com.intuit.karate - [print]
10:56:27.122 [ForkJoinPool-1-worker-9] INFO  com.intuit.karate - [print] testing xlinkurl:a
10:56:27.123 [ForkJoinPool-1-worker-9] ERROR com.intuit.karate - org.apache.http.client.ClientProtocolException, http call failed after 0 milliseconds for URL: a
10:56:27.123 [ForkJoinPool-1-worker-9] ERROR com.intuit.karate - http request failed: 
org.apache.http.client.ClientProtocolException
10:56:27.123 [ForkJoinPool-1-worker-9] ERROR com.intuit.karate - feature call (loop) failed at index: 19
caller: classpath:InspireTest/ngr/datasetrecords/def/checkxlinkurl.template.feature
arg: {"link":"a"}
checkxlinkurl.template.feature:14 - 
org.apache.http.client.ClientProtocolException
10:56:27.124 [ForkJoinPool-1-worker-9] INFO  com.intuit.karate - [print]
10:56:27.124 [ForkJoinPool-1-worker-9] INFO  com.intuit.karate - [print] testing xlinkurl:l
10:56:27.124 [ForkJoinPool-1-worker-9] ERROR com.intuit.karate - org.apache.http.client.ClientProtocolException, http call failed after 0 milliseconds for URL: l
10:56:27.124 [ForkJoinPool-1-worker-9] ERROR com.intuit.karate - http request failed: 
org.apache.http.client.ClientProtocolException
10:56:27.124 [ForkJoinPool-1-worker-9] ERROR com.intuit.karate - feature call (loop) failed at index: 20
caller: classpath:InspireTest/ngr/datasetrecords/def/checkxlinkurl.template.feature
arg: {"link":"l"}
checkxlinkurl.template.feature:14 - 
org.apache.http.client.ClientProtocolException
10:56:27.125 [ForkJoinPool-1-worker-9] INFO  com.intuit.karate - [print]
10:56:27.125 [ForkJoinPool-1-worker-9] INFO  com.intuit.karate - [print] testing xlinkurl:g
10:56:27.125 [ForkJoinPool-1-worker-9] ERROR com.intuit.karate - org.apache.http.client.ClientProtocolException, http call failed after 0 milliseconds for URL: g
10:56:27.134 [ForkJoinPool-1-worker-9] ERROR com.intuit.karate - http request failed: 
org.apache.http.client.ClientProtocolException
10:56:27.134 [ForkJoinPool-1-worker-9] ERROR com.intuit.karate - feature call (loop) failed at index: 21
caller: classpath:InspireTest/ngr/datasetrecords/def/checkxlinkurl.template.feature
arg: {"link":"g"}
checkxlinkurl.template.feature:14 - 
org.apache.http.client.ClientProtocolException
10:56:27.135 [ForkJoinPool-1-worker-9] INFO  com.intuit.karate - [print]
10:56:27.135 [ForkJoinPool-1-worker-9] INFO  com.intuit.karate - [print] testing xlinkurl:e
10:56:27.135 [ForkJoinPool-1-worker-9] ERROR com.intuit.karate - org.apache.http.client.ClientProtocolException, http call failed after 0 milliseconds for URL: e
10:56:27.135 [ForkJoinPool-1-worker-9] ERROR com.intuit.karate - http request failed: 
org.apache.http.client.ClientProtocolException
10:56:27.135 [ForkJoinPool-1-worker-9] ERROR com.intuit.karate - feature call (loop) failed at index: 22
caller: classpath:InspireTest/ngr/datasetrecords/def/checkxlinkurl.template.feature
arg: {"link":"e"}
checkxlinkurl.template.feature:14 - 
org.apache.http.client.ClientProtocolException
10:56:27.136 [ForkJoinPool-1-worker-9] INFO  com.intuit.karate - [print]
10:56:27.136 [ForkJoinPool-1-worker-9] INFO  com.intuit.karate - [print] testing xlinkurl:o
10:56:27.137 [ForkJoinPool-1-worker-9] ERROR com.intuit.karate - org.apache.http.client.ClientProtocolException, http call failed after 0 milliseconds for URL: o
10:56:27.137 [ForkJoinPool-1-worker-9] ERROR com.intuit.karate - http request failed: 
org.apache.http.client.ClientProtocolException
10:56:27.137 [ForkJoinPool-1-worker-9] ERROR com.intuit.karate - feature call (loop) failed at index: 23
caller: classpath:InspireTest/ngr/datasetrecords/def/checkxlinkurl.template.feature
arg: {"link":"o"}
checkxlinkurl.template.feature:14 - 
org.apache.http.client.ClientProtocolException
10:56:27.137 [ForkJoinPool-1-worker-9] INFO  com.intuit.karate - [print]
10:56:27.138 [ForkJoinPool-1-worker-9] INFO  com.intuit.karate - [print] testing xlinkurl:r
10:56:27.138 [ForkJoinPool-1-worker-9] ERROR com.intuit.karate - org.apache.http.client.ClientProtocolException, http call failed after 0 milliseconds for URL: r
10:56:27.138 [ForkJoinPool-1-worker-9] ERROR com.intuit.karate - http request failed: 
org.apache.http.client.ClientProtocolException
10:56:27.138 [ForkJoinPool-1-worker-9] ERROR com.intuit.karate - feature call (loop) failed at index: 24
caller: classpath:InspireTest/ngr/datasetrecords/def/checkxlinkurl.template.feature
arg: {"link":"r"}
checkxlinkurl.template.feature:14 - 
org.apache.http.client.ClientProtocolException
10:56:27.139 [ForkJoinPool-1-worker-9] INFO  com.intuit.karate - [print]
10:56:27.139 [ForkJoinPool-1-worker-9] INFO  com.intuit.karate - [print] testing xlinkurl:e
10:56:27.140 [ForkJoinPool-1-worker-9] ERROR com.intuit.karate - org.apache.http.client.ClientProtocolException, http call failed after 0 milliseconds for URL: e
10:56:27.140 [ForkJoinPool-1-worker-9] ERROR com.intuit.karate - http request failed: 
org.apache.http.client.ClientProtocolException
10:56:27.140 [ForkJoinPool-1-worker-9] ERROR com.intuit.karate - feature call (loop) failed at index: 25
caller: classpath:InspireTest/ngr/datasetrecords/def/checkxlinkurl.template.feature
arg: {"link":"e"}
checkxlinkurl.template.feature:14 - 
org.apache.http.client.ClientProtocolException
10:56:27.140 [ForkJoinPool-1-worker-9] INFO  com.intuit.karate - [print]
10:56:27.141 [ForkJoinPool-1-worker-9] INFO  com.intuit.karate - [print] testing xlinkurl:g
10:56:27.141 [ForkJoinPool-1-worker-9] ERROR com.intuit.karate - org.apache.http.client.ClientProtocolException, http call failed after 0 milliseconds for URL: g
10:56:27.141 [ForkJoinPool-1-worker-9] ERROR com.intuit.karate - http request failed: 
org.apache.http.client.ClientProtocolException
10:56:27.141 [ForkJoinPool-1-worker-9] ERROR com.intuit.karate - feature call (loop) failed at index: 26
caller: classpath:InspireTest/ngr/datasetrecords/def/checkxlinkurl.template.feature
arg: {"link":"g"}
checkxlinkurl.template.feature:14 - 
org.apache.http.client.ClientProtocolException
10:56:27.142 [ForkJoinPool-1-worker-9] INFO  com.intuit.karate - [print]
10:56:27.142 [ForkJoinPool-1-worker-9] INFO  com.intuit.karate - [print] testing xlinkurl:i
10:56:27.142 [ForkJoinPool-1-worker-9] ERROR com.intuit.karate - org.apache.http.client.ClientProtocolException, http call failed after 0 milliseconds for URL: i
10:56:27.150 [ForkJoinPool-1-worker-9] ERROR com.intuit.karate - http request failed: 
org.apache.http.client.ClientProtocolException
10:56:27.150 [ForkJoinPool-1-worker-9] ERROR com.intuit.karate - feature call (loop) failed at index: 27
caller: classpath:InspireTest/ngr/datasetrecords/def/checkxlinkurl.template.feature
arg: {"link":"i"}
checkxlinkurl.template.feature:14 - 
org.apache.http.client.ClientProtocolException
10:56:27.151 [ForkJoinPool-1-worker-9] INFO  com.intuit.karate - [print]
10:56:27.151 [ForkJoinPool-1-worker-9] INFO  com.intuit.karate - [print] testing xlinkurl:s
10:56:27.151 [ForkJoinPool-1-worker-9] ERROR com.intuit.karate - org.apache.http.client.ClientProtocolException, http call failed after 0 milliseconds for URL: s
10:56:27.151 [ForkJoinPool-1-worker-9] ERROR com.intuit.karate - http request failed: 
org.apache.http.client.ClientProtocolException
10:56:27.151 [ForkJoinPool-1-worker-9] ERROR com.intuit.karate - feature call (loop) failed at index: 28
caller: classpath:InspireTest/ngr/datasetrecords/def/checkxlinkurl.template.feature
arg: {"link":"s"}
checkxlinkurl.template.feature:14 - 
org.apache.http.client.ClientProtocolException
10:56:27.152 [ForkJoinPool-1-worker-9] INFO  com.intuit.karate - [print]
10:56:27.152 [ForkJoinPool-1-worker-9] INFO  com.intuit.karate - [print] testing xlinkurl:t
10:56:27.152 [ForkJoinPool-1-worker-9] ERROR com.intuit.karate - org.apache.http.client.ClientProtocolException, http call failed after 0 milliseconds for URL: t
10:56:27.153 [ForkJoinPool-1-worker-11] INFO  com.intuit.karate - [print] title:Hydrografie waterschappen INSPIRE
10:56:27.158 [ForkJoinPool-1-worker-9] ERROR com.intuit.karate - http request failed: 
org.apache.http.client.ClientProtocolException
10:56:27.158 [ForkJoinPool-1-worker-11] INFO  com.intuit.karate - [print] Hydrografie waterschappen INSPIRE
10:56:27.158 [ForkJoinPool-1-worker-9] ERROR com.intuit.karate - feature call (loop) failed at index: 29
caller: classpath:InspireTest/ngr/datasetrecords/def/checkxlinkurl.template.feature
arg: {"link":"t"}
checkxlinkurl.template.feature:14 - 
org.apache.http.client.ClientProtocolException
10:56:27.158 [ForkJoinPool-1-worker-9] INFO  com.intuit.karate - [print]
10:56:27.158 [ForkJoinPool-1-worker-11] INFO  com.intuit.karate - [print] [
  "datastromen@hetwaterschapshuis.nl",
  "datastromen@hetwaterschapshuis.nl",
  "",
  "datastromen@hetwaterschapshuis.nl"
]

10:56:27.159 [ForkJoinPool-1-worker-9] INFO  com.intuit.karate - [print] testing xlinkurl:e
10:56:27.159 [ForkJoinPool-1-worker-9] ERROR com.intuit.karate - org.apache.http.client.ClientProtocolException, http call failed after 0 milliseconds for URL: e
10:56:27.159 [ForkJoinPool-1-worker-9] ERROR com.intuit.karate - http request failed: 
org.apache.http.client.ClientProtocolException
10:56:27.159 [ForkJoinPool-1-worker-9] ERROR com.intuit.karate - feature call (loop) failed at index: 30
caller: classpath:InspireTest/ngr/datasetrecords/def/checkxlinkurl.template.feature
arg: {"link":"e"}
checkxlinkurl.template.feature:14 - 
org.apache.http.client.ClientProtocolException
10:56:27.159 [ForkJoinPool-1-worker-11] INFO  com.intuit.karate - [print] organisation: [
  "Het Waterschapshuis",
  "Het Waterschapshuis",
  "Het Waterschapshuis",
  "Het Waterschapshuis"
]

10:56:27.160 [ForkJoinPool-1-worker-9] INFO  com.intuit.karate - [print]
10:56:27.160 [ForkJoinPool-1-worker-9] INFO  com.intuit.karate - [print] testing xlinkurl:r
10:56:27.160 [ForkJoinPool-1-worker-9] ERROR com.intuit.karate - org.apache.http.client.ClientProtocolException, http call failed after 0 milliseconds for URL: r
10:56:27.160 [ForkJoinPool-1-worker-9] ERROR com.intuit.karate - http request failed: 
org.apache.http.client.ClientProtocolException
10:56:27.160 [ForkJoinPool-1-worker-9] ERROR com.intuit.karate - feature call (loop) failed at index: 31
caller: classpath:InspireTest/ngr/datasetrecords/def/checkxlinkurl.template.feature
arg: {"link":"r"}
checkxlinkurl.template.feature:14 - 
org.apache.http.client.ClientProtocolException
10:56:27.161 [ForkJoinPool-1-worker-9] INFO  com.intuit.karate - [print]
10:56:27.161 [ForkJoinPool-1-worker-9] INFO  com.intuit.karate - [print] testing xlinkurl:.
10:56:27.161 [ForkJoinPool-1-worker-11] INFO  com.intuit.karate - [print] [
  "http://www.opengis.net/def/crs/EPSG/0/ETRS89",
  "https://www.nationaalgeoregister.nl/geonetwork/srv/api/records07575774-57a1-4419-bab4-6c88fdeb02b2"
]

10:56:27.161 [ForkJoinPool-1-worker-9] ERROR com.intuit.karate - org.apache.http.client.ClientProtocolException, http call failed after 0 milliseconds for URL: .
10:56:27.161 [ForkJoinPool-1-worker-9] ERROR com.intuit.karate - http request failed: 
org.apache.http.client.ClientProtocolException
10:56:27.161 [ForkJoinPool-1-worker-9] ERROR com.intuit.karate - feature call (loop) failed at index: 32
caller: classpath:InspireTest/ngr/datasetrecords/def/checkxlinkurl.template.feature
arg: {"link":"."}
checkxlinkurl.template.feature:14 - 
org.apache.http.client.ClientProtocolException
10:56:27.162 [ForkJoinPool-1-worker-9] INFO  com.intuit.karate - [print]
10:56:27.162 [ForkJoinPool-1-worker-9] INFO  com.intuit.karate - [print] testing xlinkurl:n
10:56:27.162 [ForkJoinPool-1-worker-9] ERROR com.intuit.karate - org.apache.http.client.ClientProtocolException, http call failed after 0 milliseconds for URL: n
10:56:27.170 [ForkJoinPool-1-worker-9] ERROR com.intuit.karate - http request failed: 
org.apache.http.client.ClientProtocolException
10:56:27.170 [ForkJoinPool-1-worker-9] ERROR com.intuit.karate - feature call (loop) failed at index: 33
caller: classpath:InspireTest/ngr/datasetrecords/def/checkxlinkurl.template.feature
arg: {"link":"n"}
checkxlinkurl.template.feature:14 - 
org.apache.http.client.ClientProtocolException
10:56:27.172 [ForkJoinPool-1-worker-9] INFO  com.intuit.karate - [print]
10:56:27.172 [ForkJoinPool-1-worker-9] INFO  com.intuit.karate - [print] testing xlinkurl:l
10:56:27.172 [ForkJoinPool-1-worker-9] ERROR com.intuit.karate - org.apache.http.client.ClientProtocolException, http call failed after 0 milliseconds for URL: l
10:56:27.173 [ForkJoinPool-1-worker-9] ERROR com.intuit.karate - http request failed: 
org.apache.http.client.ClientProtocolException
10:56:27.173 [ForkJoinPool-1-worker-9] ERROR com.intuit.karate - feature call (loop) failed at index: 34
caller: classpath:InspireTest/ngr/datasetrecords/def/checkxlinkurl.template.feature
arg: {"link":"l"}
checkxlinkurl.template.feature:14 - 
org.apache.http.client.ClientProtocolException
10:56:27.179 [ForkJoinPool-1-worker-9] INFO  com.intuit.karate - [print]
10:56:27.179 [ForkJoinPool-1-worker-9] INFO  com.intuit.karate - [print] testing xlinkurl::
10:56:27.168 [ForkJoinPool-1-worker-11] INFO  com.intuit.karate - [print]
10:56:27.179 [ForkJoinPool-1-worker-9] ERROR com.intuit.karate - http request failed: java.net.URISyntaxException: Expected scheme name at index 0: :
10:56:27.180 [ForkJoinPool-1-worker-9] ERROR com.intuit.karate - feature call (loop) failed at index: 35
caller: classpath:InspireTest/ngr/datasetrecords/def/checkxlinkurl.template.feature
arg: {"link":":"}
checkxlinkurl.template.feature:14 - java.net.URISyntaxException: Expected scheme name at index 0: :
10:56:27.180 [ForkJoinPool-1-worker-11] INFO  com.intuit.karate - [print] testing xlinkurl:http://www.opengis.net/def/crs/EPSG/0/ETRS89
10:56:27.180 [ForkJoinPool-1-worker-9] INFO  com.intuit.karate - [print]
10:56:27.182 [ForkJoinPool-1-worker-9] INFO  com.intuit.karate - [print] testing xlinkurl:4
10:56:27.183 [ForkJoinPool-1-worker-9] ERROR com.intuit.karate - org.apache.http.client.ClientProtocolException, http call failed after 0 milliseconds for URL: 4
10:56:27.183 [ForkJoinPool-1-worker-9] ERROR com.intuit.karate - http request failed: 
org.apache.http.client.ClientProtocolException
10:56:27.183 [ForkJoinPool-1-worker-9] ERROR com.intuit.karate - feature call (loop) failed at index: 36
caller: classpath:InspireTest/ngr/datasetrecords/def/checkxlinkurl.template.feature
arg: {"link":"4"}
checkxlinkurl.template.feature:14 - 
org.apache.http.client.ClientProtocolException
10:56:27.184 [ForkJoinPool-1-worker-9] INFO  com.intuit.karate - [print]
10:56:27.186 [ForkJoinPool-1-worker-9] INFO  com.intuit.karate - [print] testing xlinkurl:4
10:56:27.193 [ForkJoinPool-1-worker-9] ERROR com.intuit.karate - org.apache.http.client.ClientProtocolException, http call failed after 0 milliseconds for URL: 4
10:56:27.193 [ForkJoinPool-1-worker-9] ERROR com.intuit.karate - http request failed: 
org.apache.http.client.ClientProtocolException
10:56:27.193 [ForkJoinPool-1-worker-9] ERROR com.intuit.karate - feature call (loop) failed at index: 37
caller: classpath:InspireTest/ngr/datasetrecords/def/checkxlinkurl.template.feature
arg: {"link":"4"}
checkxlinkurl.template.feature:14 - 
org.apache.http.client.ClientProtocolException
10:56:27.194 [ForkJoinPool-1-worker-9] INFO  com.intuit.karate - [print]
10:56:27.194 [ForkJoinPool-1-worker-9] INFO  com.intuit.karate - [print] testing xlinkurl:3
10:56:27.195 [ForkJoinPool-1-worker-9] ERROR com.intuit.karate - org.apache.http.client.ClientProtocolException, http call failed after 0 milliseconds for URL: 3
10:56:27.195 [ForkJoinPool-1-worker-9] ERROR com.intuit.karate - http request failed: 
org.apache.http.client.ClientProtocolException
10:56:27.196 [ForkJoinPool-1-worker-9] ERROR com.intuit.karate - feature call (loop) failed at index: 38
caller: classpath:InspireTest/ngr/datasetrecords/def/checkxlinkurl.template.feature
arg: {"link":"3"}
checkxlinkurl.template.feature:14 - 
org.apache.http.client.ClientProtocolException
10:56:27.198 [ForkJoinPool-1-worker-9] INFO  com.intuit.karate - [print]
10:56:27.199 [ForkJoinPool-1-worker-9] INFO  com.intuit.karate - [print] testing xlinkurl:/
10:56:27.199 [ForkJoinPool-1-worker-9] ERROR com.intuit.karate - org.apache.http.client.ClientProtocolException, http call failed after 0 milliseconds for URL: /
10:56:27.199 [ForkJoinPool-1-worker-9] ERROR com.intuit.karate - http request failed: 
org.apache.http.client.ClientProtocolException
10:56:27.199 [ForkJoinPool-1-worker-9] ERROR com.intuit.karate - feature call (loop) failed at index: 39
caller: classpath:InspireTest/ngr/datasetrecords/def/checkxlinkurl.template.feature
arg: {"link":"/"}
checkxlinkurl.template.feature:14 - 
org.apache.http.client.ClientProtocolException
10:56:27.200 [ForkJoinPool-1-worker-9] INFO  com.intuit.karate - [print]
10:56:27.201 [ForkJoinPool-1-worker-9] INFO  com.intuit.karate - [print] testing xlinkurl:g
10:56:27.201 [ForkJoinPool-1-worker-9] ERROR com.intuit.karate - org.apache.http.client.ClientProtocolException, http call failed after 0 milliseconds for URL: g
10:56:27.206 [ForkJoinPool-1-worker-9] ERROR com.intuit.karate - http request failed: 
org.apache.http.client.ClientProtocolException
10:56:27.206 [ForkJoinPool-1-worker-9] ERROR com.intuit.karate - feature call (loop) failed at index: 40
caller: classpath:InspireTest/ngr/datasetrecords/def/checkxlinkurl.template.feature
arg: {"link":"g"}
checkxlinkurl.template.feature:14 - 
org.apache.http.client.ClientProtocolException
10:56:27.207 [ForkJoinPool-1-worker-9] INFO  com.intuit.karate - [print]
10:56:27.212 [ForkJoinPool-1-worker-9] INFO  com.intuit.karate - [print] testing xlinkurl:e
10:56:27.213 [ForkJoinPool-1-worker-9] ERROR com.intuit.karate - org.apache.http.client.ClientProtocolException, http call failed after 0 milliseconds for URL: e
10:56:27.213 [ForkJoinPool-1-worker-9] ERROR com.intuit.karate - http request failed: 
org.apache.http.client.ClientProtocolException
10:56:27.213 [ForkJoinPool-1-worker-9] ERROR com.intuit.karate - feature call (loop) failed at index: 41
caller: classpath:InspireTest/ngr/datasetrecords/def/checkxlinkurl.template.feature
arg: {"link":"e"}
checkxlinkurl.template.feature:14 - 
org.apache.http.client.ClientProtocolException
10:56:27.214 [ForkJoinPool-1-worker-9] INFO  com.intuit.karate - [print]
10:56:27.220 [ForkJoinPool-1-worker-9] INFO  com.intuit.karate - [print] testing xlinkurl:o
10:56:27.221 [ForkJoinPool-1-worker-9] ERROR com.intuit.karate - org.apache.http.client.ClientProtocolException, http call failed after 0 milliseconds for URL: o
10:56:27.221 [ForkJoinPool-1-worker-9] ERROR com.intuit.karate - http request failed: 
org.apache.http.client.ClientProtocolException
10:56:27.221 [ForkJoinPool-1-worker-9] ERROR com.intuit.karate - feature call (loop) failed at index: 42
caller: classpath:InspireTest/ngr/datasetrecords/def/checkxlinkurl.template.feature
arg: {"link":"o"}
checkxlinkurl.template.feature:14 - 
org.apache.http.client.ClientProtocolException
10:56:27.222 [ForkJoinPool-1-worker-9] INFO  com.intuit.karate - [print]
10:56:27.222 [ForkJoinPool-1-worker-9] INFO  com.intuit.karate - [print] testing xlinkurl:n
10:56:27.227 [ForkJoinPool-1-worker-9] ERROR com.intuit.karate - org.apache.http.client.ClientProtocolException, http call failed after 0 milliseconds for URL: n
10:56:27.228 [ForkJoinPool-1-worker-9] ERROR com.intuit.karate - http request failed: 
org.apache.http.client.ClientProtocolException
10:56:27.228 [ForkJoinPool-1-worker-9] ERROR com.intuit.karate - feature call (loop) failed at index: 43
caller: classpath:InspireTest/ngr/datasetrecords/def/checkxlinkurl.template.feature
arg: {"link":"n"}
checkxlinkurl.template.feature:14 - 
org.apache.http.client.ClientProtocolException
10:56:27.229 [ForkJoinPool-1-worker-9] INFO  com.intuit.karate - [print]
10:56:27.231 [ForkJoinPool-1-worker-9] INFO  com.intuit.karate - [print] testing xlinkurl:e
10:56:27.231 [ForkJoinPool-1-worker-9] ERROR com.intuit.karate - org.apache.http.client.ClientProtocolException, http call failed after 0 milliseconds for URL: e
10:56:27.231 [ForkJoinPool-1-worker-9] ERROR com.intuit.karate - http request failed: 
org.apache.http.client.ClientProtocolException
10:56:27.231 [ForkJoinPool-1-worker-9] ERROR com.intuit.karate - feature call (loop) failed at index: 44
caller: classpath:InspireTest/ngr/datasetrecords/def/checkxlinkurl.template.feature
arg: {"link":"e"}
checkxlinkurl.template.feature:14 - 
org.apache.http.client.ClientProtocolException
10:56:27.232 [ForkJoinPool-1-worker-9] INFO  com.intuit.karate - [print]
10:56:27.232 [ForkJoinPool-1-worker-9] INFO  com.intuit.karate - [print] testing xlinkurl:t
10:56:27.233 [ForkJoinPool-1-worker-9] ERROR com.intuit.karate - org.apache.http.client.ClientProtocolException, http call failed after 0 milliseconds for URL: t
10:56:27.233 [ForkJoinPool-1-worker-9] ERROR com.intuit.karate - http request failed: 
org.apache.http.client.ClientProtocolException
10:56:27.233 [ForkJoinPool-1-worker-9] ERROR com.intuit.karate - feature call (loop) failed at index: 45
caller: classpath:InspireTest/ngr/datasetrecords/def/checkxlinkurl.template.feature
arg: {"link":"t"}
checkxlinkurl.template.feature:14 - 
org.apache.http.client.ClientProtocolException
10:56:27.234 [ForkJoinPool-1-worker-9] INFO  com.intuit.karate - [print]
10:56:27.239 [ForkJoinPool-1-worker-9] INFO  com.intuit.karate - [print] testing xlinkurl:w
10:56:27.240 [ForkJoinPool-1-worker-9] ERROR com.intuit.karate - org.apache.http.client.ClientProtocolException, http call failed after 0 milliseconds for URL: w
10:56:27.240 [ForkJoinPool-1-worker-9] ERROR com.intuit.karate - http request failed: 
org.apache.http.client.ClientProtocolException
10:56:27.240 [ForkJoinPool-1-worker-9] ERROR com.intuit.karate - feature call (loop) failed at index: 46
caller: classpath:InspireTest/ngr/datasetrecords/def/checkxlinkurl.template.feature
arg: {"link":"w"}
checkxlinkurl.template.feature:14 - 
org.apache.http.client.ClientProtocolException
10:56:27.240 [ForkJoinPool-1-worker-9] INFO  com.intuit.karate - [print]
10:56:27.241 [ForkJoinPool-1-worker-9] INFO  com.intuit.karate - [print] testing xlinkurl:o
10:56:27.241 [ForkJoinPool-1-worker-9] ERROR com.intuit.karate - org.apache.http.client.ClientProtocolException, http call failed after 0 milliseconds for URL: o
10:56:27.241 [ForkJoinPool-1-worker-9] ERROR com.intuit.karate - http request failed: 
org.apache.http.client.ClientProtocolException
10:56:27.241 [ForkJoinPool-1-worker-9] ERROR com.intuit.karate - feature call (loop) failed at index: 47
caller: classpath:InspireTest/ngr/datasetrecords/def/checkxlinkurl.template.feature
arg: {"link":"o"}
checkxlinkurl.template.feature:14 - 
org.apache.http.client.ClientProtocolException
10:56:27.242 [ForkJoinPool-1-worker-9] INFO  com.intuit.karate - [print]
10:56:27.242 [ForkJoinPool-1-worker-9] INFO  com.intuit.karate - [print] testing xlinkurl:r
10:56:27.243 [ForkJoinPool-1-worker-9] ERROR com.intuit.karate - org.apache.http.client.ClientProtocolException, http call failed after 0 milliseconds for URL: r
10:56:27.243 [ForkJoinPool-1-worker-9] ERROR com.intuit.karate - http request failed: 
org.apache.http.client.ClientProtocolException
10:56:27.243 [ForkJoinPool-1-worker-9] ERROR com.intuit.karate - feature call (loop) failed at index: 48
caller: classpath:InspireTest/ngr/datasetrecords/def/checkxlinkurl.template.feature
arg: {"link":"r"}
checkxlinkurl.template.feature:14 - 
org.apache.http.client.ClientProtocolException
10:56:27.244 [ForkJoinPool-1-worker-9] INFO  com.intuit.karate - [print]
10:56:27.244 [ForkJoinPool-1-worker-9] INFO  com.intuit.karate - [print] testing xlinkurl:k
10:56:27.244 [ForkJoinPool-1-worker-9] ERROR com.intuit.karate - org.apache.http.client.ClientProtocolException, http call failed after 0 milliseconds for URL: k
10:56:27.244 [ForkJoinPool-1-worker-9] ERROR com.intuit.karate - http request failed: 
org.apache.http.client.ClientProtocolException
10:56:27.244 [ForkJoinPool-1-worker-9] ERROR com.intuit.karate - feature call (loop) failed at index: 49
caller: classpath:InspireTest/ngr/datasetrecords/def/checkxlinkurl.template.feature
arg: {"link":"k"}
checkxlinkurl.template.feature:14 - 
org.apache.http.client.ClientProtocolException
10:56:27.245 [ForkJoinPool-1-worker-9] INFO  com.intuit.karate - [print]
10:56:27.252 [ForkJoinPool-1-worker-9] INFO  com.intuit.karate - [print] testing xlinkurl:/
10:56:27.252 [ForkJoinPool-1-worker-9] ERROR com.intuit.karate - org.apache.http.client.ClientProtocolException, http call failed after 0 milliseconds for URL: /
10:56:27.252 [ForkJoinPool-1-worker-9] ERROR com.intuit.karate - http request failed: 
org.apache.http.client.ClientProtocolException
10:56:27.252 [ForkJoinPool-1-worker-9] ERROR com.intuit.karate - feature call (loop) failed at index: 50
caller: classpath:InspireTest/ngr/datasetrecords/def/checkxlinkurl.template.feature
arg: {"link":"/"}
checkxlinkurl.template.feature:14 - 
org.apache.http.client.ClientProtocolException
10:56:27.253 [ForkJoinPool-1-worker-9] INFO  com.intuit.karate - [print]
10:56:27.253 [ForkJoinPool-1-worker-9] INFO  com.intuit.karate - [print] testing xlinkurl:s
10:56:27.254 [ForkJoinPool-1-worker-9] ERROR com.intuit.karate - org.apache.http.client.ClientProtocolException, http call failed after 0 milliseconds for URL: s
10:56:27.254 [ForkJoinPool-1-worker-9] ERROR com.intuit.karate - http request failed: 
org.apache.http.client.ClientProtocolException
10:56:27.254 [ForkJoinPool-1-worker-9] ERROR com.intuit.karate - feature call (loop) failed at index: 51
caller: classpath:InspireTest/ngr/datasetrecords/def/checkxlinkurl.template.feature
arg: {"link":"s"}
checkxlinkurl.template.feature:14 - 
org.apache.http.client.ClientProtocolException
10:56:27.254 [ForkJoinPool-1-worker-9] INFO  com.intuit.karate - [print]
10:56:27.254 [ForkJoinPool-1-worker-9] INFO  com.intuit.karate - [print] testing xlinkurl:r
10:56:27.255 [ForkJoinPool-1-worker-9] ERROR com.intuit.karate - org.apache.http.client.ClientProtocolException, http call failed after 0 milliseconds for URL: r
10:56:27.255 [ForkJoinPool-1-worker-9] ERROR com.intuit.karate - http request failed: 
org.apache.http.client.ClientProtocolException
10:56:27.255 [ForkJoinPool-1-worker-9] ERROR com.intuit.karate - feature call (loop) failed at index: 52
caller: classpath:InspireTest/ngr/datasetrecords/def/checkxlinkurl.template.feature
arg: {"link":"r"}
checkxlinkurl.template.feature:14 - 
org.apache.http.client.ClientProtocolException
10:56:27.255 [ForkJoinPool-1-worker-9] INFO  com.intuit.karate - [print]
10:56:27.255 [ForkJoinPool-1-worker-9] INFO  com.intuit.karate - [print] testing xlinkurl:v
10:56:27.256 [ForkJoinPool-1-worker-9] ERROR com.intuit.karate - org.apache.http.client.ClientProtocolException, http call failed after 0 milliseconds for URL: v
10:56:27.256 [ForkJoinPool-1-worker-9] ERROR com.intuit.karate - http request failed: 
org.apache.http.client.ClientProtocolException
10:56:27.256 [ForkJoinPool-1-worker-9] ERROR com.intuit.karate - feature call (loop) failed at index: 53
caller: classpath:InspireTest/ngr/datasetrecords/def/checkxlinkurl.template.feature
arg: {"link":"v"}
checkxlinkurl.template.feature:14 - 
org.apache.http.client.ClientProtocolException
10:56:27.256 [ForkJoinPool-1-worker-9] INFO  com.intuit.karate - [print]
10:56:27.256 [ForkJoinPool-1-worker-9] INFO  com.intuit.karate - [print] testing xlinkurl:/
10:56:27.257 [ForkJoinPool-1-worker-9] ERROR com.intuit.karate - org.apache.http.client.ClientProtocolException, http call failed after 0 milliseconds for URL: /
10:56:27.257 [ForkJoinPool-1-worker-9] ERROR com.intuit.karate - http request failed: 
org.apache.http.client.ClientProtocolException
10:56:27.257 [ForkJoinPool-1-worker-9] ERROR com.intuit.karate - feature call (loop) failed at index: 54
caller: classpath:InspireTest/ngr/datasetrecords/def/checkxlinkurl.template.feature
arg: {"link":"/"}
checkxlinkurl.template.feature:14 - 
org.apache.http.client.ClientProtocolException
10:56:27.259 [ForkJoinPool-1-worker-9] INFO  com.intuit.karate - [print]
10:56:27.259 [ForkJoinPool-1-worker-9] INFO  com.intuit.karate - [print] testing xlinkurl:e
10:56:27.259 [ForkJoinPool-1-worker-9] ERROR com.intuit.karate - org.apache.http.client.ClientProtocolException, http call failed after 0 milliseconds for URL: e
10:56:27.259 [ForkJoinPool-1-worker-9] ERROR com.intuit.karate - http request failed: 
org.apache.http.client.ClientProtocolException
10:56:27.259 [ForkJoinPool-1-worker-9] ERROR com.intuit.karate - feature call (loop) failed at index: 55
caller: classpath:InspireTest/ngr/datasetrecords/def/checkxlinkurl.template.feature
arg: {"link":"e"}
checkxlinkurl.template.feature:14 - 
org.apache.http.client.ClientProtocolException
10:56:27.262 [ForkJoinPool-1-worker-9] INFO  com.intuit.karate - [print]
10:56:27.262 [ForkJoinPool-1-worker-9] INFO  com.intuit.karate - [print] testing xlinkurl:n
10:56:27.262 [ForkJoinPool-1-worker-9] ERROR com.intuit.karate - org.apache.http.client.ClientProtocolException, http call failed after 0 milliseconds for URL: n
10:56:27.262 [ForkJoinPool-1-worker-9] ERROR com.intuit.karate - http request failed: 
org.apache.http.client.ClientProtocolException
10:56:27.262 [ForkJoinPool-1-worker-9] ERROR com.intuit.karate - feature call (loop) failed at index: 56
caller: classpath:InspireTest/ngr/datasetrecords/def/checkxlinkurl.template.feature
arg: {"link":"n"}
checkxlinkurl.template.feature:14 - 
org.apache.http.client.ClientProtocolException
10:56:27.263 [ForkJoinPool-1-worker-9] INFO  com.intuit.karate - [print]
10:56:27.263 [ForkJoinPool-1-worker-9] INFO  com.intuit.karate - [print] testing xlinkurl:g
10:56:27.268 [ForkJoinPool-1-worker-9] ERROR com.intuit.karate - org.apache.http.client.ClientProtocolException, http call failed after 0 milliseconds for URL: g
10:56:27.268 [ForkJoinPool-1-worker-9] ERROR com.intuit.karate - http request failed: 
org.apache.http.client.ClientProtocolException
10:56:27.268 [ForkJoinPool-1-worker-9] ERROR com.intuit.karate - feature call (loop) failed at index: 57
caller: classpath:InspireTest/ngr/datasetrecords/def/checkxlinkurl.template.feature
arg: {"link":"g"}
checkxlinkurl.template.feature:14 - 
org.apache.http.client.ClientProtocolException
10:56:27.269 [ForkJoinPool-1-worker-9] INFO  com.intuit.karate - [print]
10:56:27.269 [ForkJoinPool-1-worker-9] INFO  com.intuit.karate - [print] testing xlinkurl:/
10:56:27.269 [ForkJoinPool-1-worker-9] ERROR com.intuit.karate - org.apache.http.client.ClientProtocolException, http call failed after 0 milliseconds for URL: /
10:56:27.269 [ForkJoinPool-1-worker-9] ERROR com.intuit.karate - http request failed: 
org.apache.http.client.ClientProtocolException
10:56:27.269 [ForkJoinPool-1-worker-9] ERROR com.intuit.karate - feature call (loop) failed at index: 58
caller: classpath:InspireTest/ngr/datasetrecords/def/checkxlinkurl.template.feature
arg: {"link":"/"}
checkxlinkurl.template.feature:14 - 
org.apache.http.client.ClientProtocolException
10:56:27.270 [ForkJoinPool-1-worker-9] INFO  com.intuit.karate - [print]
10:56:27.270 [ForkJoinPool-1-worker-9] INFO  com.intuit.karate - [print] testing xlinkurl:t
10:56:27.270 [ForkJoinPool-1-worker-9] ERROR com.intuit.karate - org.apache.http.client.ClientProtocolException, http call failed after 0 milliseconds for URL: t
10:56:27.270 [ForkJoinPool-1-worker-9] ERROR com.intuit.karate - http request failed: 
org.apache.http.client.ClientProtocolException
10:56:27.271 [ForkJoinPool-1-worker-9] ERROR com.intuit.karate - feature call (loop) failed at index: 59
caller: classpath:InspireTest/ngr/datasetrecords/def/checkxlinkurl.template.feature
arg: {"link":"t"}
checkxlinkurl.template.feature:14 - 
org.apache.http.client.ClientProtocolException
10:56:27.271 [ForkJoinPool-1-worker-9] INFO  com.intuit.karate - [print]
10:56:27.271 [ForkJoinPool-1-worker-9] INFO  com.intuit.karate - [print] testing xlinkurl:h
10:56:27.272 [ForkJoinPool-1-worker-9] ERROR com.intuit.karate - org.apache.http.client.ClientProtocolException, http call failed after 0 milliseconds for URL: h
10:56:27.272 [ForkJoinPool-1-worker-9] ERROR com.intuit.karate - http request failed: 
org.apache.http.client.ClientProtocolException
10:56:27.272 [ForkJoinPool-1-worker-9] ERROR com.intuit.karate - feature call (loop) failed at index: 60
caller: classpath:InspireTest/ngr/datasetrecords/def/checkxlinkurl.template.feature
arg: {"link":"h"}
checkxlinkurl.template.feature:14 - 
org.apache.http.client.ClientProtocolException
10:56:27.272 [ForkJoinPool-1-worker-9] INFO  com.intuit.karate - [print]
10:56:27.282 [ForkJoinPool-1-worker-9] INFO  com.intuit.karate - [print] testing xlinkurl:e
10:56:27.282 [ForkJoinPool-1-worker-9] ERROR com.intuit.karate - org.apache.http.client.ClientProtocolException, http call failed after 0 milliseconds for URL: e
10:56:27.282 [ForkJoinPool-1-worker-9] ERROR com.intuit.karate - http request failed: 
org.apache.http.client.ClientProtocolException
10:56:27.282 [ForkJoinPool-1-worker-9] ERROR com.intuit.karate - feature call (loop) failed at index: 61
caller: classpath:InspireTest/ngr/datasetrecords/def/checkxlinkurl.template.feature
arg: {"link":"e"}
checkxlinkurl.template.feature:14 - 
org.apache.http.client.ClientProtocolException
10:56:27.283 [ForkJoinPool-1-worker-9] INFO  com.intuit.karate - [print]
10:56:27.283 [ForkJoinPool-1-worker-9] INFO  com.intuit.karate - [print] testing xlinkurl:s
10:56:27.284 [ForkJoinPool-1-worker-9] ERROR com.intuit.karate - org.apache.http.client.ClientProtocolException, http call failed after 0 milliseconds for URL: s
10:56:27.284 [ForkJoinPool-1-worker-9] ERROR com.intuit.karate - http request failed: 
org.apache.http.client.ClientProtocolException
10:56:27.284 [ForkJoinPool-1-worker-9] ERROR com.intuit.karate - feature call (loop) failed at index: 62
caller: classpath:InspireTest/ngr/datasetrecords/def/checkxlinkurl.template.feature
arg: {"link":"s"}
checkxlinkurl.template.feature:14 - 
org.apache.http.client.ClientProtocolException
10:56:27.284 [ForkJoinPool-1-worker-9] INFO  com.intuit.karate - [print]
10:56:27.285 [ForkJoinPool-1-worker-9] INFO  com.intuit.karate - [print] testing xlinkurl:a
10:56:27.285 [ForkJoinPool-1-worker-9] ERROR com.intuit.karate - org.apache.http.client.ClientProtocolException, http call failed after 0 milliseconds for URL: a
10:56:27.285 [ForkJoinPool-1-worker-9] ERROR com.intuit.karate - http request failed: 
org.apache.http.client.ClientProtocolException
10:56:27.285 [ForkJoinPool-1-worker-9] ERROR com.intuit.karate - feature call (loop) failed at index: 63
caller: classpath:InspireTest/ngr/datasetrecords/def/checkxlinkurl.template.feature
arg: {"link":"a"}
checkxlinkurl.template.feature:14 - 
org.apache.http.client.ClientProtocolException
10:56:27.286 [ForkJoinPool-1-worker-9] INFO  com.intuit.karate - [print]
10:56:27.286 [ForkJoinPool-1-worker-9] INFO  com.intuit.karate - [print] testing xlinkurl:u
10:56:27.286 [ForkJoinPool-1-worker-9] ERROR com.intuit.karate - org.apache.http.client.ClientProtocolException, http call failed after 0 milliseconds for URL: u
10:56:27.286 [ForkJoinPool-1-worker-9] ERROR com.intuit.karate - http request failed: 
org.apache.http.client.ClientProtocolException
10:56:27.286 [ForkJoinPool-1-worker-9] ERROR com.intuit.karate - feature call (loop) failed at index: 64
caller: classpath:InspireTest/ngr/datasetrecords/def/checkxlinkurl.template.feature
arg: {"link":"u"}
checkxlinkurl.template.feature:14 - 
org.apache.http.client.ClientProtocolException
10:56:27.287 [ForkJoinPool-1-worker-9] INFO  com.intuit.karate - [print]
10:56:27.287 [ForkJoinPool-1-worker-9] INFO  com.intuit.karate - [print] testing xlinkurl:r
10:56:27.287 [ForkJoinPool-1-worker-9] ERROR com.intuit.karate - org.apache.http.client.ClientProtocolException, http call failed after 0 milliseconds for URL: r
10:56:27.288 [ForkJoinPool-1-worker-9] ERROR com.intuit.karate - http request failed: 
org.apache.http.client.ClientProtocolException
10:56:27.288 [ForkJoinPool-1-worker-9] ERROR com.intuit.karate - feature call (loop) failed at index: 65
caller: classpath:InspireTest/ngr/datasetrecords/def/checkxlinkurl.template.feature
arg: {"link":"r"}
checkxlinkurl.template.feature:14 - 
org.apache.http.client.ClientProtocolException
10:56:27.289 [ForkJoinPool-1-worker-9] INFO  com.intuit.karate - [print]
10:56:27.289 [ForkJoinPool-1-worker-9] INFO  com.intuit.karate - [print] testing xlinkurl:u
10:56:27.289 [ForkJoinPool-1-worker-9] ERROR com.intuit.karate - org.apache.http.client.ClientProtocolException, http call failed after 0 milliseconds for URL: u
10:56:27.289 [ForkJoinPool-1-worker-9] ERROR com.intuit.karate - http request failed: 
org.apache.http.client.ClientProtocolException
10:56:27.289 [ForkJoinPool-1-worker-9] ERROR com.intuit.karate - feature call (loop) failed at index: 66
caller: classpath:InspireTest/ngr/datasetrecords/def/checkxlinkurl.template.feature
arg: {"link":"u"}
checkxlinkurl.template.feature:14 - 
org.apache.http.client.ClientProtocolException
10:56:27.290 [ForkJoinPool-1-worker-9] INFO  com.intuit.karate - [print]
10:56:27.290 [ForkJoinPool-1-worker-9] INFO  com.intuit.karate - [print] testing xlinkurl:s
10:56:27.290 [ForkJoinPool-1-worker-9] ERROR com.intuit.karate - org.apache.http.client.ClientProtocolException, http call failed after 0 milliseconds for URL: s
10:56:27.290 [ForkJoinPool-1-worker-9] ERROR com.intuit.karate - http request failed: 
org.apache.http.client.ClientProtocolException
10:56:27.290 [ForkJoinPool-1-worker-9] ERROR com.intuit.karate - feature call (loop) failed at index: 67
caller: classpath:InspireTest/ngr/datasetrecords/def/checkxlinkurl.template.feature
arg: {"link":"s"}
checkxlinkurl.template.feature:14 - 
org.apache.http.client.ClientProtocolException
10:56:27.297 [ForkJoinPool-1-worker-9] INFO  com.intuit.karate - [print]
10:56:27.298 [ForkJoinPool-1-worker-9] INFO  com.intuit.karate - [print] testing xlinkurl:.
10:56:27.298 [ForkJoinPool-1-worker-9] ERROR com.intuit.karate - org.apache.http.client.ClientProtocolException, http call failed after 0 milliseconds for URL: .
10:56:27.300 [ForkJoinPool-1-worker-9] ERROR com.intuit.karate - http request failed: 
org.apache.http.client.ClientProtocolException
10:56:27.300 [ForkJoinPool-1-worker-9] ERROR com.intuit.karate - feature call (loop) failed at index: 68
caller: classpath:InspireTest/ngr/datasetrecords/def/checkxlinkurl.template.feature
arg: {"link":"."}
checkxlinkurl.template.feature:14 - 
org.apache.http.client.ClientProtocolException
10:56:27.300 [ForkJoinPool-1-worker-9] INFO  com.intuit.karate - [print]
10:56:27.306 [ForkJoinPool-1-worker-9] INFO  com.intuit.karate - [print] testing xlinkurl:d
10:56:27.306 [ForkJoinPool-1-worker-9] ERROR com.intuit.karate - org.apache.http.client.ClientProtocolException, http call failed after 0 milliseconds for URL: d
10:56:27.306 [ForkJoinPool-1-worker-9] ERROR com.intuit.karate - http request failed: 
org.apache.http.client.ClientProtocolException
10:56:27.306 [ForkJoinPool-1-worker-9] ERROR com.intuit.karate - feature call (loop) failed at index: 69
caller: classpath:InspireTest/ngr/datasetrecords/def/checkxlinkurl.template.feature
arg: {"link":"d"}
checkxlinkurl.template.feature:14 - 
org.apache.http.client.ClientProtocolException
10:56:27.307 [ForkJoinPool-1-worker-9] INFO  com.intuit.karate - [print]
10:56:27.307 [ForkJoinPool-1-worker-9] INFO  com.intuit.karate - [print] testing xlinkurl:o
10:56:27.307 [ForkJoinPool-1-worker-9] ERROR com.intuit.karate - org.apache.http.client.ClientProtocolException, http call failed after 0 milliseconds for URL: o
10:56:27.307 [ForkJoinPool-1-worker-9] ERROR com.intuit.karate - http request failed: 
org.apache.http.client.ClientProtocolException
10:56:27.307 [ForkJoinPool-1-worker-9] ERROR com.intuit.karate - feature call (loop) failed at index: 70
caller: classpath:InspireTest/ngr/datasetrecords/def/checkxlinkurl.template.feature
arg: {"link":"o"}
checkxlinkurl.template.feature:14 - 
org.apache.http.client.ClientProtocolException
10:56:27.308 [ForkJoinPool-1-worker-9] INFO  com.intuit.karate - [print]
10:56:27.314 [ForkJoinPool-1-worker-9] INFO  com.intuit.karate - [print] testing xlinkurl:w
10:56:27.314 [ForkJoinPool-1-worker-9] ERROR com.intuit.karate - org.apache.http.client.ClientProtocolException, http call failed after 0 milliseconds for URL: w
10:56:27.314 [ForkJoinPool-1-worker-9] ERROR com.intuit.karate - http request failed: 
org.apache.http.client.ClientProtocolException
10:56:27.314 [ForkJoinPool-1-worker-9] ERROR com.intuit.karate - feature call (loop) failed at index: 71
caller: classpath:InspireTest/ngr/datasetrecords/def/checkxlinkurl.template.feature
arg: {"link":"w"}
checkxlinkurl.template.feature:14 - 
org.apache.http.client.ClientProtocolException
10:56:27.315 [ForkJoinPool-1-worker-9] INFO  com.intuit.karate - [print]
10:56:27.315 [ForkJoinPool-1-worker-9] INFO  com.intuit.karate - [print] testing xlinkurl:n
10:56:27.315 [ForkJoinPool-1-worker-9] ERROR com.intuit.karate - org.apache.http.client.ClientProtocolException, http call failed after 0 milliseconds for URL: n
10:56:27.322 [ForkJoinPool-1-worker-9] ERROR com.intuit.karate - http request failed: 
org.apache.http.client.ClientProtocolException
10:56:27.322 [ForkJoinPool-1-worker-9] ERROR com.intuit.karate - feature call (loop) failed at index: 72
caller: classpath:InspireTest/ngr/datasetrecords/def/checkxlinkurl.template.feature
arg: {"link":"n"}
checkxlinkurl.template.feature:14 - 
org.apache.http.client.ClientProtocolException
10:56:27.322 [ForkJoinPool-1-worker-9] INFO  com.intuit.karate - [print]
10:56:27.323 [ForkJoinPool-1-worker-9] INFO  com.intuit.karate - [print] testing xlinkurl:l
10:56:27.323 [ForkJoinPool-1-worker-9] ERROR com.intuit.karate - org.apache.http.client.ClientProtocolException, http call failed after 0 milliseconds for URL: l
10:56:27.323 [ForkJoinPool-1-worker-9] ERROR com.intuit.karate - http request failed: 
org.apache.http.client.ClientProtocolException
10:56:27.323 [ForkJoinPool-1-worker-9] ERROR com.intuit.karate - feature call (loop) failed at index: 73
caller: classpath:InspireTest/ngr/datasetrecords/def/checkxlinkurl.template.feature
arg: {"link":"l"}
checkxlinkurl.template.feature:14 - 
org.apache.http.client.ClientProtocolException
10:56:27.324 [ForkJoinPool-1-worker-9] INFO  com.intuit.karate - [print]
10:56:27.324 [ForkJoinPool-1-worker-9] INFO  com.intuit.karate - [print] testing xlinkurl:o
10:56:27.324 [ForkJoinPool-1-worker-9] ERROR com.intuit.karate - org.apache.http.client.ClientProtocolException, http call failed after 0 milliseconds for URL: o
10:56:27.324 [ForkJoinPool-1-worker-9] ERROR com.intuit.karate - http request failed: 
org.apache.http.client.ClientProtocolException
10:56:27.324 [ForkJoinPool-1-worker-9] ERROR com.intuit.karate - feature call (loop) failed at index: 74
caller: classpath:InspireTest/ngr/datasetrecords/def/checkxlinkurl.template.feature
arg: {"link":"o"}
checkxlinkurl.template.feature:14 - 
org.apache.http.client.ClientProtocolException
10:56:27.325 [ForkJoinPool-1-worker-9] INFO  com.intuit.karate - [print]
10:56:27.325 [ForkJoinPool-1-worker-9] INFO  com.intuit.karate - [print] testing xlinkurl:a
10:56:27.325 [ForkJoinPool-1-worker-9] ERROR com.intuit.karate - org.apache.http.client.ClientProtocolException, http call failed after 0 milliseconds for URL: a
10:56:27.325 [ForkJoinPool-1-worker-9] ERROR com.intuit.karate - http request failed: 
org.apache.http.client.ClientProtocolException
10:56:27.325 [ForkJoinPool-1-worker-9] ERROR com.intuit.karate - feature call (loop) failed at index: 75
caller: classpath:InspireTest/ngr/datasetrecords/def/checkxlinkurl.template.feature
arg: {"link":"a"}
checkxlinkurl.template.feature:14 - 
org.apache.http.client.ClientProtocolException
10:56:27.326 [ForkJoinPool-1-worker-9] INFO  com.intuit.karate - [print]
10:56:27.334 [ForkJoinPool-1-worker-9] INFO  com.intuit.karate - [print] testing xlinkurl:d
10:56:27.334 [ForkJoinPool-1-worker-9] ERROR com.intuit.karate - org.apache.http.client.ClientProtocolException, http call failed after 0 milliseconds for URL: d
10:56:27.334 [ForkJoinPool-1-worker-9] ERROR com.intuit.karate - http request failed: 
org.apache.http.client.ClientProtocolException
10:56:27.334 [ForkJoinPool-1-worker-9] ERROR com.intuit.karate - feature call (loop) failed at index: 76
caller: classpath:InspireTest/ngr/datasetrecords/def/checkxlinkurl.template.feature
arg: {"link":"d"}
checkxlinkurl.template.feature:14 - 
org.apache.http.client.ClientProtocolException
10:56:27.335 [ForkJoinPool-1-worker-9] INFO  com.intuit.karate - [print]
10:56:27.335 [ForkJoinPool-1-worker-9] INFO  com.intuit.karate - [print] testing xlinkurl:?
10:56:27.339 [ForkJoinPool-1-worker-9] ERROR com.intuit.karate - org.apache.http.client.ClientProtocolException, http call failed after 0 milliseconds for URL: ?
10:56:27.340 [ForkJoinPool-1-worker-9] ERROR com.intuit.karate - http request failed: 
org.apache.http.client.ClientProtocolException
10:56:27.340 [ForkJoinPool-1-worker-9] ERROR com.intuit.karate - feature call (loop) failed at index: 77
caller: classpath:InspireTest/ngr/datasetrecords/def/checkxlinkurl.template.feature
arg: {"link":"?"}
checkxlinkurl.template.feature:14 - 
org.apache.http.client.ClientProtocolException
10:56:27.340 [ForkJoinPool-1-worker-9] INFO  com.intuit.karate - [print]
10:56:27.341 [ForkJoinPool-1-worker-9] INFO  com.intuit.karate - [print] testing xlinkurl:r
10:56:27.341 [ForkJoinPool-1-worker-7] INFO  com.intuit.karate - [print] title:Productie/industrie-inrichtingen (o.b.v. SBI-codes) uit {Risico Register Gevaarlijke stoffen (RRGS)}
10:56:27.341 [ForkJoinPool-1-worker-9] ERROR com.intuit.karate - org.apache.http.client.ClientProtocolException, http call failed after 0 milliseconds for URL: r
10:56:27.342 [ForkJoinPool-1-worker-7] INFO  com.intuit.karate - [print] Productie/industrie-inrichtingen (o.b.v. SBI-codes) uit {Risico Register Gevaarlijke stoffen (RRGS)}
10:56:27.342 [ForkJoinPool-1-worker-9] ERROR com.intuit.karate - http request failed: 
org.apache.http.client.ClientProtocolException
10:56:27.342 [ForkJoinPool-1-worker-9] ERROR com.intuit.karate - feature call (loop) failed at index: 78
caller: classpath:InspireTest/ngr/datasetrecords/def/checkxlinkurl.template.feature
arg: {"link":"r"}
checkxlinkurl.template.feature:14 - 
org.apache.http.client.ClientProtocolException
10:56:27.343 [ForkJoinPool-1-worker-7] INFO  com.intuit.karate - [print] [
  "inspire@gbo-provincies.nl",
  "inspire@gbo-provincies.nl",
  "inspire@gbo-provincies.nl"
]

10:56:27.343 [ForkJoinPool-1-worker-9] INFO  com.intuit.karate - [print]
10:56:27.343 [ForkJoinPool-1-worker-9] INFO  com.intuit.karate - [print] testing xlinkurl:e
10:56:27.343 [ForkJoinPool-1-worker-9] ERROR com.intuit.karate - org.apache.http.client.ClientProtocolException, http call failed after 0 milliseconds for URL: e
10:56:27.343 [ForkJoinPool-1-worker-9] ERROR com.intuit.karate - http request failed: 
org.apache.http.client.ClientProtocolException
10:56:27.344 [ForkJoinPool-1-worker-9] ERROR com.intuit.karate - feature call (loop) failed at index: 79
caller: classpath:InspireTest/ngr/datasetrecords/def/checkxlinkurl.template.feature
arg: {"link":"e"}
checkxlinkurl.template.feature:14 - 
org.apache.http.client.ClientProtocolException
10:56:27.344 [ForkJoinPool-1-worker-3] ERROR com.intuit.karate - assertion failed: path: $, actual: 500, expected: 200, reason: not equal (Integer)
10:56:27.345 [ForkJoinPool-1-worker-3] ERROR com.intuit.karate - feature call (loop) failed at index: 1
caller: classpath:InspireTest/ngr/datasetrecords/def/checkxlinkurl.template.feature
arg: {"link":"https://www.nationaalgeoregister.nl/geonetwork/srv/api/recordsf1d27179-36eb-4376-8048-f51d2eb23a09"}
checkxlinkurl.template.feature:22 - path: $, actual: 500, expected: 200, reason: not equal (Integer)
10:56:27.345 [ForkJoinPool-1-worker-9] INFO  com.intuit.karate - [print]
10:56:27.345 [ForkJoinPool-1-worker-9] INFO  com.intuit.karate - [print] testing xlinkurl:f
10:56:27.345 [ForkJoinPool-1-worker-9] ERROR com.intuit.karate - org.apache.http.client.ClientProtocolException, http call failed after 0 milliseconds for URL: f
10:56:27.345 [ForkJoinPool-1-worker-9] ERROR com.intuit.karate - http request failed: 
org.apache.http.client.ClientProtocolException
10:56:27.345 [ForkJoinPool-1-worker-9] ERROR com.intuit.karate - feature call (loop) failed at index: 80
caller: classpath:InspireTest/ngr/datasetrecords/def/checkxlinkurl.template.feature
arg: {"link":"f"}
checkxlinkurl.template.feature:14 - 
org.apache.http.client.ClientProtocolException
10:56:27.347 [ForkJoinPool-1-worker-7] INFO  com.intuit.karate - [print] organisation: [
  "Interprovinciaal Overleg",
  "Interprovinciaal Overleg",
  "Interprovinciaal Overleg"
]

10:56:27.351 [ForkJoinPool-1-worker-7] INFO  com.intuit.karate - [print] [
  "http://www.opengis.net/def/crs/EPSG/0/http://www.opengis.net/def/crs/EPSG/0/3034",
  "http://nationaalgeoregister.nl/geonetwork/srv/dut/csw?SERVICE=CSW&version=2.0.2&REQUEST=GetRecordById&elementSetName=full&OutputSchema=http://www.isotc211.org/2005/gmd&ID=b6ee58a1-b097-4c6d-8600-eb81efc1468c",
  "https://creativecommons.org/publicdomain/mark/*/deed.nl",
  ""
]

10:56:27.358 [ForkJoinPool-1-worker-9] INFO  com.intuit.karate - [print]
10:56:27.358 [ForkJoinPool-1-worker-9] INFO  com.intuit.karate - [print] testing xlinkurl:=
10:56:27.358 [ForkJoinPool-1-worker-7] INFO  com.intuit.karate - [print]
10:56:27.358 [ForkJoinPool-1-worker-9] ERROR com.intuit.karate - org.apache.http.client.ClientProtocolException, http call failed after 0 milliseconds for URL: =
10:56:27.370 [ForkJoinPool-1-worker-9] ERROR com.intuit.karate - http request failed: 
org.apache.http.client.ClientProtocolException
10:56:27.370 [ForkJoinPool-1-worker-9] ERROR com.intuit.karate - feature call (loop) failed at index: 81
caller: classpath:InspireTest/ngr/datasetrecords/def/checkxlinkurl.template.feature
arg: {"link":"="}
checkxlinkurl.template.feature:14 - 
org.apache.http.client.ClientProtocolException
10:56:27.371 [ForkJoinPool-1-worker-9] INFO  com.intuit.karate - [print]
10:56:27.371 [ForkJoinPool-1-worker-9] INFO  com.intuit.karate - [print] testing xlinkurl:e
10:56:27.371 [ForkJoinPool-1-worker-9] ERROR com.intuit.karate - org.apache.http.client.ClientProtocolException, http call failed after 0 milliseconds for URL: e
10:56:27.371 [ForkJoinPool-1-worker-9] ERROR com.intuit.karate - http request failed: 
org.apache.http.client.ClientProtocolException
10:56:27.371 [ForkJoinPool-1-worker-9] ERROR com.intuit.karate - feature call (loop) failed at index: 82
caller: classpath:InspireTest/ngr/datasetrecords/def/checkxlinkurl.template.feature
arg: {"link":"e"}
checkxlinkurl.template.feature:14 - 
org.apache.http.client.ClientProtocolException
10:56:27.372 [ForkJoinPool-1-worker-9] INFO  com.intuit.karate - [print]
10:56:27.372 [ForkJoinPool-1-worker-9] INFO  com.intuit.karate - [print] testing xlinkurl:x
10:56:27.372 [ForkJoinPool-1-worker-9] ERROR com.intuit.karate - org.apache.http.client.ClientProtocolException, http call failed after 0 milliseconds for URL: x
10:56:27.372 [ForkJoinPool-1-worker-9] ERROR com.intuit.karate - http request failed: 
org.apache.http.client.ClientProtocolException
10:56:27.373 [ForkJoinPool-1-worker-9] ERROR com.intuit.karate - feature call (loop) failed at index: 83
caller: classpath:InspireTest/ngr/datasetrecords/def/checkxlinkurl.template.feature
arg: {"link":"x"}
checkxlinkurl.template.feature:14 - 
org.apache.http.client.ClientProtocolException
10:56:27.373 [ForkJoinPool-1-worker-9] INFO  com.intuit.karate - [print]
10:56:27.373 [ForkJoinPool-1-worker-9] INFO  com.intuit.karate - [print] testing xlinkurl:t
10:56:27.374 [ForkJoinPool-1-worker-9] ERROR com.intuit.karate - org.apache.http.client.ClientProtocolException, http call failed after 0 milliseconds for URL: t
10:56:27.374 [ForkJoinPool-1-worker-9] ERROR com.intuit.karate - http request failed: 
org.apache.http.client.ClientProtocolException
10:56:27.374 [ForkJoinPool-1-worker-9] ERROR com.intuit.karate - feature call (loop) failed at index: 84
caller: classpath:InspireTest/ngr/datasetrecords/def/checkxlinkurl.template.feature
arg: {"link":"t"}
checkxlinkurl.template.feature:14 - 
org.apache.http.client.ClientProtocolException
10:56:27.374 [ForkJoinPool-1-worker-9] INFO  com.intuit.karate - [print]
10:56:27.375 [ForkJoinPool-1-worker-9] INFO  com.intuit.karate - [print] testing xlinkurl:e
10:56:27.375 [ForkJoinPool-1-worker-9] ERROR com.intuit.karate - org.apache.http.client.ClientProtocolException, http call failed after 0 milliseconds for URL: e
10:56:27.375 [ForkJoinPool-1-worker-9] ERROR com.intuit.karate - http request failed: 
org.apache.http.client.ClientProtocolException
10:56:27.375 [ForkJoinPool-1-worker-9] ERROR com.intuit.karate - feature call (loop) failed at index: 85
caller: classpath:InspireTest/ngr/datasetrecords/def/checkxlinkurl.template.feature
arg: {"link":"e"}
checkxlinkurl.template.feature:14 - 
org.apache.http.client.ClientProtocolException
10:56:27.376 [ForkJoinPool-1-worker-9] INFO  com.intuit.karate - [print]
10:56:27.376 [ForkJoinPool-1-worker-9] INFO  com.intuit.karate - [print] testing xlinkurl:r
10:56:27.376 [ForkJoinPool-1-worker-9] ERROR com.intuit.karate - org.apache.http.client.ClientProtocolException, http call failed after 0 milliseconds for URL: r
10:56:27.376 [ForkJoinPool-1-worker-9] ERROR com.intuit.karate - http request failed: 
org.apache.http.client.ClientProtocolException
10:56:27.376 [ForkJoinPool-1-worker-9] ERROR com.intuit.karate - feature call (loop) failed at index: 86
caller: classpath:InspireTest/ngr/datasetrecords/def/checkxlinkurl.template.feature
arg: {"link":"r"}
checkxlinkurl.template.feature:14 - 
org.apache.http.client.ClientProtocolException
10:56:27.377 [ForkJoinPool-1-worker-9] INFO  com.intuit.karate - [print]
10:56:27.377 [ForkJoinPool-1-worker-9] INFO  com.intuit.karate - [print] testing xlinkurl:n
10:56:27.377 [ForkJoinPool-1-worker-9] ERROR com.intuit.karate - org.apache.http.client.ClientProtocolException, http call failed after 0 milliseconds for URL: n
10:56:27.376 [ForkJoinPool-1-worker-7] INFO  com.intuit.karate - [print] testing xlinkurl:http://www.opengis.net/def/crs/EPSG/0/http://www.opengis.net/def/crs/EPSG/0/3034
10:56:27.378 [ForkJoinPool-1-worker-9] ERROR com.intuit.karate - http request failed: 
org.apache.http.client.ClientProtocolException
10:56:27.378 [ForkJoinPool-1-worker-9] ERROR com.intuit.karate - feature call (loop) failed at index: 87
caller: classpath:InspireTest/ngr/datasetrecords/def/checkxlinkurl.template.feature
arg: {"link":"n"}
checkxlinkurl.template.feature:14 - 
org.apache.http.client.ClientProtocolException
10:56:27.379 [ForkJoinPool-1-worker-9] INFO  com.intuit.karate - [print]
10:56:27.379 [ForkJoinPool-1-worker-9] INFO  com.intuit.karate - [print] testing xlinkurl:a
10:56:27.379 [ForkJoinPool-1-worker-9] ERROR com.intuit.karate - org.apache.http.client.ClientProtocolException, http call failed after 0 milliseconds for URL: a
10:56:27.379 [ForkJoinPool-1-worker-9] ERROR com.intuit.karate - http request failed: 
org.apache.http.client.ClientProtocolException
10:56:27.379 [ForkJoinPool-1-worker-9] ERROR com.intuit.karate - feature call (loop) failed at index: 88
caller: classpath:InspireTest/ngr/datasetrecords/def/checkxlinkurl.template.feature
arg: {"link":"a"}
checkxlinkurl.template.feature:14 - 
org.apache.http.client.ClientProtocolException
10:56:27.380 [ForkJoinPool-1-worker-9] INFO  com.intuit.karate - [print]
10:56:27.380 [ForkJoinPool-1-worker-9] INFO  com.intuit.karate - [print] testing xlinkurl:l
10:56:27.390 [ForkJoinPool-1-worker-9] ERROR com.intuit.karate - org.apache.http.client.ClientProtocolException, http call failed after 0 milliseconds for URL: l
10:56:27.390 [ForkJoinPool-1-worker-9] ERROR com.intuit.karate - http request failed: 
org.apache.http.client.ClientProtocolException
10:56:27.390 [ForkJoinPool-1-worker-9] ERROR com.intuit.karate - feature call (loop) failed at index: 89
caller: classpath:InspireTest/ngr/datasetrecords/def/checkxlinkurl.template.feature
arg: {"link":"l"}
checkxlinkurl.template.feature:14 - 
org.apache.http.client.ClientProtocolException
10:56:27.391 [ForkJoinPool-1-worker-9] INFO  com.intuit.karate - [print]
10:56:27.391 [ForkJoinPool-1-worker-9] INFO  com.intuit.karate - [print] testing xlinkurl:.
10:56:27.391 [ForkJoinPool-1-worker-9] ERROR com.intuit.karate - org.apache.http.client.ClientProtocolException, http call failed after 0 milliseconds for URL: .
10:56:27.392 [ForkJoinPool-1-worker-9] ERROR com.intuit.karate - http request failed: 
org.apache.http.client.ClientProtocolException
10:56:27.392 [ForkJoinPool-1-worker-9] ERROR com.intuit.karate - feature call (loop) failed at index: 90
caller: classpath:InspireTest/ngr/datasetrecords/def/checkxlinkurl.template.feature
arg: {"link":"."}
checkxlinkurl.template.feature:14 - 
org.apache.http.client.ClientProtocolException
10:56:27.392 [ForkJoinPool-1-worker-9] INFO  com.intuit.karate - [print]
10:56:27.393 [ForkJoinPool-1-worker-9] INFO  com.intuit.karate - [print] testing xlinkurl:t
10:56:27.393 [ForkJoinPool-1-worker-9] ERROR com.intuit.karate - org.apache.http.client.ClientProtocolException, http call failed after 0 milliseconds for URL: t
10:56:27.393 [ForkJoinPool-1-worker-9] ERROR com.intuit.karate - http request failed: 
org.apache.http.client.ClientProtocolException
10:56:27.393 [ForkJoinPool-1-worker-9] ERROR com.intuit.karate - feature call (loop) failed at index: 91
caller: classpath:InspireTest/ngr/datasetrecords/def/checkxlinkurl.template.feature
arg: {"link":"t"}
checkxlinkurl.template.feature:14 - 
org.apache.http.client.ClientProtocolException
10:56:27.394 [ForkJoinPool-1-worker-9] INFO  com.intuit.karate - [print]
10:56:27.394 [ForkJoinPool-1-worker-9] INFO  com.intuit.karate - [print] testing xlinkurl:h
10:56:27.394 [ForkJoinPool-1-worker-9] ERROR com.intuit.karate - org.apache.http.client.ClientProtocolException, http call failed after 0 milliseconds for URL: h
10:56:27.394 [ForkJoinPool-1-worker-9] ERROR com.intuit.karate - http request failed: 
org.apache.http.client.ClientProtocolException
10:56:27.394 [ForkJoinPool-1-worker-9] ERROR com.intuit.karate - feature call (loop) failed at index: 92
caller: classpath:InspireTest/ngr/datasetrecords/def/checkxlinkurl.template.feature
arg: {"link":"h"}
checkxlinkurl.template.feature:14 - 
org.apache.http.client.ClientProtocolException
10:56:27.395 [ForkJoinPool-1-worker-9] INFO  com.intuit.karate - [print]
10:56:27.395 [ForkJoinPool-1-worker-9] INFO  com.intuit.karate - [print] testing xlinkurl:e
10:56:27.395 [ForkJoinPool-1-worker-9] ERROR com.intuit.karate - org.apache.http.client.ClientProtocolException, http call failed after 0 milliseconds for URL: e
10:56:27.395 [ForkJoinPool-1-worker-9] ERROR com.intuit.karate - http request failed: 
org.apache.http.client.ClientProtocolException
10:56:27.395 [ForkJoinPool-1-worker-9] ERROR com.intuit.karate - feature call (loop) failed at index: 93
caller: classpath:InspireTest/ngr/datasetrecords/def/checkxlinkurl.template.feature
arg: {"link":"e"}
checkxlinkurl.template.feature:14 - 
org.apache.http.client.ClientProtocolException
10:56:27.396 [ForkJoinPool-1-worker-9] INFO  com.intuit.karate - [print]
10:56:27.396 [ForkJoinPool-1-worker-9] INFO  com.intuit.karate - [print] testing xlinkurl:m
10:56:27.396 [ForkJoinPool-1-worker-9] ERROR com.intuit.karate - org.apache.http.client.ClientProtocolException, http call failed after 0 milliseconds for URL: m
10:56:27.396 [ForkJoinPool-1-worker-9] ERROR com.intuit.karate - http request failed: 
org.apache.http.client.ClientProtocolException
10:56:27.397 [ForkJoinPool-1-worker-9] ERROR com.intuit.karate - feature call (loop) failed at index: 94
caller: classpath:InspireTest/ngr/datasetrecords/def/checkxlinkurl.template.feature
arg: {"link":"m"}
checkxlinkurl.template.feature:14 - 
org.apache.http.client.ClientProtocolException
10:56:27.397 [ForkJoinPool-1-worker-9] INFO  com.intuit.karate - [print]
10:56:27.397 [ForkJoinPool-1-worker-9] INFO  com.intuit.karate - [print] testing xlinkurl:e
10:56:27.398 [ForkJoinPool-1-worker-9] ERROR com.intuit.karate - org.apache.http.client.ClientProtocolException, http call failed after 0 milliseconds for URL: e
10:56:27.398 [ForkJoinPool-1-worker-9] ERROR com.intuit.karate - http request failed: 
org.apache.http.client.ClientProtocolException
10:56:27.398 [ForkJoinPool-1-worker-9] ERROR com.intuit.karate - feature call (loop) failed at index: 95
caller: classpath:InspireTest/ngr/datasetrecords/def/checkxlinkurl.template.feature
arg: {"link":"e"}
checkxlinkurl.template.feature:14 - 
org.apache.http.client.ClientProtocolException
10:56:27.398 [ForkJoinPool-1-worker-9] INFO  com.intuit.karate - [print]
10:56:27.399 [ForkJoinPool-1-worker-9] INFO  com.intuit.karate - [print] testing xlinkurl:.
10:56:27.399 [ForkJoinPool-1-worker-9] ERROR com.intuit.karate - org.apache.http.client.ClientProtocolException, http call failed after 0 milliseconds for URL: .
10:56:27.399 [ForkJoinPool-1-worker-9] ERROR com.intuit.karate - http request failed: 
org.apache.http.client.ClientProtocolException
10:56:27.399 [ForkJoinPool-1-worker-9] ERROR com.intuit.karate - feature call (loop) failed at index: 96
caller: classpath:InspireTest/ngr/datasetrecords/def/checkxlinkurl.template.feature
arg: {"link":"."}
checkxlinkurl.template.feature:14 - 
org.apache.http.client.ClientProtocolException
10:56:27.400 [ForkJoinPool-1-worker-9] INFO  com.intuit.karate - [print]
10:56:27.402 [ForkJoinPool-1-worker-9] INFO  com.intuit.karate - [print] testing xlinkurl:h
10:56:27.402 [ForkJoinPool-1-worker-9] ERROR com.intuit.karate - org.apache.http.client.ClientProtocolException, http call failed after 0 milliseconds for URL: h
10:56:27.402 [ForkJoinPool-1-worker-9] ERROR com.intuit.karate - http request failed: 
org.apache.http.client.ClientProtocolException
10:56:27.402 [ForkJoinPool-1-worker-9] ERROR com.intuit.karate - feature call (loop) failed at index: 97
caller: classpath:InspireTest/ngr/datasetrecords/def/checkxlinkurl.template.feature
arg: {"link":"h"}
checkxlinkurl.template.feature:14 - 
org.apache.http.client.ClientProtocolException
10:56:27.403 [ForkJoinPool-1-worker-9] INFO  com.intuit.karate - [print]
10:56:27.403 [ForkJoinPool-1-worker-9] INFO  com.intuit.karate - [print] testing xlinkurl:t
10:56:27.403 [ForkJoinPool-1-worker-9] ERROR com.intuit.karate - org.apache.http.client.ClientProtocolException, http call failed after 0 milliseconds for URL: t
10:56:27.410 [ForkJoinPool-1-worker-9] ERROR com.intuit.karate - http request failed: 
org.apache.http.client.ClientProtocolException
10:56:27.410 [ForkJoinPool-1-worker-9] ERROR com.intuit.karate - feature call (loop) failed at index: 98
caller: classpath:InspireTest/ngr/datasetrecords/def/checkxlinkurl.template.feature
arg: {"link":"t"}
checkxlinkurl.template.feature:14 - 
org.apache.http.client.ClientProtocolException
10:56:27.411 [ForkJoinPool-1-worker-9] INFO  com.intuit.karate - [print]
10:56:27.411 [ForkJoinPool-1-worker-9] INFO  com.intuit.karate - [print] testing xlinkurl:t
10:56:27.412 [ForkJoinPool-1-worker-9] ERROR com.intuit.karate - org.apache.http.client.ClientProtocolException, http call failed after 0 milliseconds for URL: t
10:56:27.412 [ForkJoinPool-1-worker-9] ERROR com.intuit.karate - http request failed: 
org.apache.http.client.ClientProtocolException
10:56:27.412 [ForkJoinPool-1-worker-9] ERROR com.intuit.karate - feature call (loop) failed at index: 99
caller: classpath:InspireTest/ngr/datasetrecords/def/checkxlinkurl.template.feature
arg: {"link":"t"}
checkxlinkurl.template.feature:14 - 
org.apache.http.client.ClientProtocolException
10:56:27.413 [ForkJoinPool-1-worker-9] INFO  com.intuit.karate - [print]
10:56:27.413 [ForkJoinPool-1-worker-9] INFO  com.intuit.karate - [print] testing xlinkurl:p
10:56:27.413 [ForkJoinPool-1-worker-9] ERROR com.intuit.karate - org.apache.http.client.ClientProtocolException, http call failed after 0 milliseconds for URL: p
10:56:27.414 [ForkJoinPool-1-worker-9] ERROR com.intuit.karate - http request failed: 
org.apache.http.client.ClientProtocolException
10:56:27.414 [ForkJoinPool-1-worker-9] ERROR com.intuit.karate - feature call (loop) failed at index: 100
caller: classpath:InspireTest/ngr/datasetrecords/def/checkxlinkurl.template.feature
arg: {"link":"p"}
checkxlinkurl.template.feature:14 - 
org.apache.http.client.ClientProtocolException
10:56:27.416 [ForkJoinPool-1-worker-9] INFO  com.intuit.karate - [print]
10:56:27.416 [ForkJoinPool-1-worker-9] INFO  com.intuit.karate - [print] testing xlinkurl:i
10:56:27.416 [ForkJoinPool-1-worker-9] ERROR com.intuit.karate - org.apache.http.client.ClientProtocolException, http call failed after 0 milliseconds for URL: i
10:56:27.416 [ForkJoinPool-1-worker-9] ERROR com.intuit.karate - http request failed: 
org.apache.http.client.ClientProtocolException
10:56:27.416 [ForkJoinPool-1-worker-9] ERROR com.intuit.karate - feature call (loop) failed at index: 101
caller: classpath:InspireTest/ngr/datasetrecords/def/checkxlinkurl.template.feature
arg: {"link":"i"}
checkxlinkurl.template.feature:14 - 
org.apache.http.client.ClientProtocolException
10:56:27.417 [ForkJoinPool-1-worker-9] INFO  com.intuit.karate - [print]
10:56:27.421 [ForkJoinPool-1-worker-9] INFO  com.intuit.karate - [print] testing xlinkurl:n
10:56:27.421 [ForkJoinPool-1-worker-9] ERROR com.intuit.karate - org.apache.http.client.ClientProtocolException, http call failed after 0 milliseconds for URL: n
10:56:27.421 [ForkJoinPool-1-worker-9] ERROR com.intuit.karate - http request failed: 
org.apache.http.client.ClientProtocolException
10:56:27.421 [ForkJoinPool-1-worker-9] ERROR com.intuit.karate - feature call (loop) failed at index: 102
caller: classpath:InspireTest/ngr/datasetrecords/def/checkxlinkurl.template.feature
arg: {"link":"n"}
checkxlinkurl.template.feature:14 - 
org.apache.http.client.ClientProtocolException
10:56:27.422 [ForkJoinPool-1-worker-9] INFO  com.intuit.karate - [print]
10:56:27.422 [ForkJoinPool-1-worker-9] INFO  com.intuit.karate - [print] testing xlinkurl:s
10:56:27.423 [ForkJoinPool-1-worker-9] ERROR com.intuit.karate - org.apache.http.client.ClientProtocolException, http call failed after 0 milliseconds for URL: s
10:56:27.423 [ForkJoinPool-1-worker-9] ERROR com.intuit.karate - http request failed: 
org.apache.http.client.ClientProtocolException
10:56:27.423 [ForkJoinPool-1-worker-9] ERROR com.intuit.karate - feature call (loop) failed at index: 103
caller: classpath:InspireTest/ngr/datasetrecords/def/checkxlinkurl.template.feature
arg: {"link":"s"}
checkxlinkurl.template.feature:14 - 
org.apache.http.client.ClientProtocolException
10:56:27.424 [ForkJoinPool-1-worker-9] INFO  com.intuit.karate - [print]
10:56:27.426 [ForkJoinPool-1-worker-9] INFO  com.intuit.karate - [print] testing xlinkurl:p
10:56:27.426 [ForkJoinPool-1-worker-9] ERROR com.intuit.karate - org.apache.http.client.ClientProtocolException, http call failed after 0 milliseconds for URL: p
10:56:27.426 [ForkJoinPool-1-worker-9] ERROR com.intuit.karate - http request failed: 
org.apache.http.client.ClientProtocolException
10:56:27.426 [ForkJoinPool-1-worker-9] ERROR com.intuit.karate - feature call (loop) failed at index: 104
caller: classpath:InspireTest/ngr/datasetrecords/def/checkxlinkurl.template.feature
arg: {"link":"p"}
checkxlinkurl.template.feature:14 - 
org.apache.http.client.ClientProtocolException
10:56:27.427 [ForkJoinPool-1-worker-9] INFO  com.intuit.karate - [print]
10:56:27.434 [ForkJoinPool-1-worker-9] INFO  com.intuit.karate - [print] testing xlinkurl:i
10:56:27.434 [ForkJoinPool-1-worker-9] ERROR com.intuit.karate - org.apache.http.client.ClientProtocolException, http call failed after 0 milliseconds for URL: i
10:56:27.434 [ForkJoinPool-1-worker-9] ERROR com.intuit.karate - http request failed: 
org.apache.http.client.ClientProtocolException
10:56:27.434 [ForkJoinPool-1-worker-9] ERROR com.intuit.karate - feature call (loop) failed at index: 105
caller: classpath:InspireTest/ngr/datasetrecords/def/checkxlinkurl.template.feature
arg: {"link":"i"}
checkxlinkurl.template.feature:14 - 
org.apache.http.client.ClientProtocolException
10:56:27.435 [ForkJoinPool-1-worker-9] INFO  com.intuit.karate - [print]
10:56:27.435 [ForkJoinPool-1-worker-9] INFO  com.intuit.karate - [print] testing xlinkurl:r
10:56:27.440 [ForkJoinPool-1-worker-9] ERROR com.intuit.karate - org.apache.http.client.ClientProtocolException, http call failed after 0 milliseconds for URL: r
10:56:27.440 [ForkJoinPool-1-worker-9] ERROR com.intuit.karate - http request failed: 
org.apache.http.client.ClientProtocolException
10:56:27.440 [ForkJoinPool-1-worker-9] ERROR com.intuit.karate - feature call (loop) failed at index: 106
caller: classpath:InspireTest/ngr/datasetrecords/def/checkxlinkurl.template.feature
arg: {"link":"r"}
checkxlinkurl.template.feature:14 - 
org.apache.http.client.ClientProtocolException
10:56:27.441 [ForkJoinPool-1-worker-9] INFO  com.intuit.karate - [print]
10:56:27.441 [ForkJoinPool-1-worker-9] INFO  com.intuit.karate - [print] testing xlinkurl:e
10:56:27.441 [ForkJoinPool-1-worker-9] ERROR com.intuit.karate - org.apache.http.client.ClientProtocolException, http call failed after 0 milliseconds for URL: e
10:56:27.441 [ForkJoinPool-1-worker-9] ERROR com.intuit.karate - http request failed: 
org.apache.http.client.ClientProtocolException
10:56:27.441 [ForkJoinPool-1-worker-9] ERROR com.intuit.karate - feature call (loop) failed at index: 107
caller: classpath:InspireTest/ngr/datasetrecords/def/checkxlinkurl.template.feature
arg: {"link":"e"}
checkxlinkurl.template.feature:14 - 
org.apache.http.client.ClientProtocolException
10:56:27.442 [ForkJoinPool-1-worker-9] INFO  com.intuit.karate - [print]
10:56:27.442 [ForkJoinPool-1-worker-9] INFO  com.intuit.karate - [print] testing xlinkurl:e
10:56:27.442 [ForkJoinPool-1-worker-9] ERROR com.intuit.karate - org.apache.http.client.ClientProtocolException, http call failed after 0 milliseconds for URL: e
10:56:27.442 [ForkJoinPool-1-worker-9] ERROR com.intuit.karate - http request failed: 
org.apache.http.client.ClientProtocolException
10:56:27.442 [ForkJoinPool-1-worker-9] ERROR com.intuit.karate - feature call (loop) failed at index: 108
caller: classpath:InspireTest/ngr/datasetrecords/def/checkxlinkurl.template.feature
arg: {"link":"e"}
checkxlinkurl.template.feature:14 - 
org.apache.http.client.ClientProtocolException
10:56:27.443 [ForkJoinPool-1-worker-9] INFO  com.intuit.karate - [print]
10:56:27.443 [ForkJoinPool-1-worker-9] INFO  com.intuit.karate - [print] testing xlinkurl:c
10:56:27.450 [ForkJoinPool-1-worker-9] ERROR com.intuit.karate - org.apache.http.client.ClientProtocolException, http call failed after 0 milliseconds for URL: c
10:56:27.450 [ForkJoinPool-1-worker-9] ERROR com.intuit.karate - http request failed: 
org.apache.http.client.ClientProtocolException
10:56:27.450 [ForkJoinPool-1-worker-9] ERROR com.intuit.karate - feature call (loop) failed at index: 109
caller: classpath:InspireTest/ngr/datasetrecords/def/checkxlinkurl.template.feature
arg: {"link":"c"}
checkxlinkurl.template.feature:14 - 
org.apache.http.client.ClientProtocolException
10:56:27.451 [ForkJoinPool-1-worker-9] INFO  com.intuit.karate - [print]
10:56:27.458 [ForkJoinPool-1-worker-9] INFO  com.intuit.karate - [print] testing xlinkurl:e
10:56:27.458 [ForkJoinPool-1-worker-9] ERROR com.intuit.karate - org.apache.http.client.ClientProtocolException, http call failed after 0 milliseconds for URL: e
10:56:27.458 [ForkJoinPool-1-worker-9] ERROR com.intuit.karate - http request failed: 
org.apache.http.client.ClientProtocolException
10:56:27.458 [ForkJoinPool-1-worker-9] ERROR com.intuit.karate - feature call (loop) failed at index: 110
caller: classpath:InspireTest/ngr/datasetrecords/def/checkxlinkurl.template.feature
arg: {"link":"e"}
checkxlinkurl.template.feature:14 - 
org.apache.http.client.ClientProtocolException
10:56:27.459 [ForkJoinPool-1-worker-9] INFO  com.intuit.karate - [print]
10:56:27.459 [ForkJoinPool-1-worker-9] INFO  com.intuit.karate - [print] testing xlinkurl:u
10:56:27.460 [ForkJoinPool-1-worker-9] ERROR com.intuit.karate - org.apache.http.client.ClientProtocolException, http call failed after 0 milliseconds for URL: u
10:56:27.460 [ForkJoinPool-1-worker-9] ERROR com.intuit.karate - http request failed: 
org.apache.http.client.ClientProtocolException
10:56:27.460 [ForkJoinPool-1-worker-9] ERROR com.intuit.karate - feature call (loop) failed at index: 111
caller: classpath:InspireTest/ngr/datasetrecords/def/checkxlinkurl.template.feature
arg: {"link":"u"}
checkxlinkurl.template.feature:14 - 
org.apache.http.client.ClientProtocolException
10:56:27.461 [ForkJoinPool-1-worker-9] INFO  com.intuit.karate - [print]
10:56:27.461 [ForkJoinPool-1-worker-9] INFO  com.intuit.karate - [print] testing xlinkurl:r
10:56:27.461 [ForkJoinPool-1-worker-9] ERROR com.intuit.karate - org.apache.http.client.ClientProtocolException, http call failed after 0 milliseconds for URL: r
10:56:27.461 [ForkJoinPool-1-worker-9] ERROR com.intuit.karate - http request failed: 
org.apache.http.client.ClientProtocolException
10:56:27.462 [ForkJoinPool-1-worker-9] ERROR com.intuit.karate - feature call (loop) failed at index: 112
caller: classpath:InspireTest/ngr/datasetrecords/def/checkxlinkurl.template.feature
arg: {"link":"r"}
checkxlinkurl.template.feature:14 - 
org.apache.http.client.ClientProtocolException
10:56:27.462 [ForkJoinPool-1-worker-9] INFO  com.intuit.karate - [print]
10:56:27.462 [ForkJoinPool-1-worker-9] INFO  com.intuit.karate - [print] testing xlinkurl:o
10:56:27.463 [ForkJoinPool-1-worker-9] ERROR com.intuit.karate - org.apache.http.client.ClientProtocolException, http call failed after 0 milliseconds for URL: o
10:56:27.463 [ForkJoinPool-1-worker-9] ERROR com.intuit.karate - http request failed: 
org.apache.http.client.ClientProtocolException
10:56:27.463 [ForkJoinPool-1-worker-9] ERROR com.intuit.karate - feature call (loop) failed at index: 113
caller: classpath:InspireTest/ngr/datasetrecords/def/checkxlinkurl.template.feature
arg: {"link":"o"}
checkxlinkurl.template.feature:14 - 
org.apache.http.client.ClientProtocolException
10:56:27.463 [ForkJoinPool-1-worker-9] INFO  com.intuit.karate - [print]
10:56:27.469 [ForkJoinPool-1-worker-11] INFO  com.intuit.karate - [print]
10:56:27.470 [ForkJoinPool-1-worker-9] INFO  com.intuit.karate - [print] testing xlinkurl:p
10:56:27.470 [ForkJoinPool-1-worker-11] INFO  com.intuit.karate - [print] testing xlinkurl:https://www.nationaalgeoregister.nl/geonetwork/srv/api/records07575774-57a1-4419-bab4-6c88fdeb02b2
10:56:27.470 [ForkJoinPool-1-worker-9] ERROR com.intuit.karate - org.apache.http.client.ClientProtocolException, http call failed after 0 milliseconds for URL: p
10:56:27.470 [ForkJoinPool-1-worker-9] ERROR com.intuit.karate - http request failed: 
org.apache.http.client.ClientProtocolException
10:56:27.470 [ForkJoinPool-1-worker-9] ERROR com.intuit.karate - feature call (loop) failed at index: 114
caller: classpath:InspireTest/ngr/datasetrecords/def/checkxlinkurl.template.feature
arg: {"link":"p"}
checkxlinkurl.template.feature:14 - 
org.apache.http.client.ClientProtocolException
10:56:27.471 [ForkJoinPool-1-worker-9] INFO  com.intuit.karate - [print]
10:56:27.471 [ForkJoinPool-1-worker-9] INFO  com.intuit.karate - [print] testing xlinkurl:a
10:56:27.471 [ForkJoinPool-1-worker-9] ERROR com.intuit.karate - org.apache.http.client.ClientProtocolException, http call failed after 0 milliseconds for URL: a
10:56:27.471 [ForkJoinPool-1-worker-9] ERROR com.intuit.karate - http request failed: 
org.apache.http.client.ClientProtocolException
10:56:27.471 [ForkJoinPool-1-worker-9] ERROR com.intuit.karate - feature call (loop) failed at index: 115
caller: classpath:InspireTest/ngr/datasetrecords/def/checkxlinkurl.template.feature
arg: {"link":"a"}
checkxlinkurl.template.feature:14 - 
org.apache.http.client.ClientProtocolException
10:56:27.472 [ForkJoinPool-1-worker-9] INFO  com.intuit.karate - [print]
10:56:27.472 [ForkJoinPool-1-worker-9] INFO  com.intuit.karate - [print] testing xlinkurl:e
10:56:27.472 [ForkJoinPool-1-worker-9] ERROR com.intuit.karate - org.apache.http.client.ClientProtocolException, http call failed after 0 milliseconds for URL: e
10:56:27.473 [ForkJoinPool-1-worker-9] ERROR com.intuit.karate - http request failed: 
org.apache.http.client.ClientProtocolException
10:56:27.473 [ForkJoinPool-1-worker-9] ERROR com.intuit.karate - feature call (loop) failed at index: 116
caller: classpath:InspireTest/ngr/datasetrecords/def/checkxlinkurl.template.feature
arg: {"link":"e"}
checkxlinkurl.template.feature:14 - 
org.apache.http.client.ClientProtocolException
10:56:27.473 [ForkJoinPool-1-worker-9] INFO  com.intuit.karate - [print]
10:56:27.473 [ForkJoinPool-1-worker-9] INFO  com.intuit.karate - [print] testing xlinkurl:u
10:56:27.474 [ForkJoinPool-1-worker-9] ERROR com.intuit.karate - org.apache.http.client.ClientProtocolException, http call failed after 0 milliseconds for URL: u
10:56:27.474 [ForkJoinPool-1-worker-9] ERROR com.intuit.karate - http request failed: 
org.apache.http.client.ClientProtocolException
10:56:27.474 [ForkJoinPool-1-worker-9] ERROR com.intuit.karate - feature call (loop) failed at index: 117
caller: classpath:InspireTest/ngr/datasetrecords/def/checkxlinkurl.template.feature
arg: {"link":"u"}
checkxlinkurl.template.feature:14 - 
org.apache.http.client.ClientProtocolException
10:56:27.474 [ForkJoinPool-1-worker-9] INFO  com.intuit.karate - [print]
10:56:27.475 [ForkJoinPool-1-worker-9] INFO  com.intuit.karate - [print] testing xlinkurl:t
10:56:27.475 [ForkJoinPool-1-worker-9] ERROR com.intuit.karate - org.apache.http.client.ClientProtocolException, http call failed after 0 milliseconds for URL: t
10:56:27.475 [ForkJoinPool-1-worker-9] ERROR com.intuit.karate - http request failed: 
org.apache.http.client.ClientProtocolException
10:56:27.475 [ForkJoinPool-1-worker-9] ERROR com.intuit.karate - feature call (loop) failed at index: 118
caller: classpath:InspireTest/ngr/datasetrecords/def/checkxlinkurl.template.feature
arg: {"link":"t"}
checkxlinkurl.template.feature:14 - 
org.apache.http.client.ClientProtocolException
10:56:27.476 [ForkJoinPool-1-worker-9] INFO  com.intuit.karate - [print]
10:56:27.476 [ForkJoinPool-1-worker-9] INFO  com.intuit.karate - [print] testing xlinkurl:h
10:56:27.486 [ForkJoinPool-1-worker-9] ERROR com.intuit.karate - org.apache.http.client.ClientProtocolException, http call failed after 0 milliseconds for URL: h
10:56:27.486 [ForkJoinPool-1-worker-9] ERROR com.intuit.karate - http request failed: 
org.apache.http.client.ClientProtocolException
10:56:27.486 [ForkJoinPool-1-worker-9] ERROR com.intuit.karate - feature call (loop) failed at index: 119
caller: classpath:InspireTest/ngr/datasetrecords/def/checkxlinkurl.template.feature
arg: {"link":"h"}
checkxlinkurl.template.feature:14 - 
org.apache.http.client.ClientProtocolException
10:56:27.487 [ForkJoinPool-1-worker-9] INFO  com.intuit.karate - [print]
10:56:27.487 [ForkJoinPool-1-worker-9] INFO  com.intuit.karate - [print] testing xlinkurl:e
10:56:27.487 [ForkJoinPool-1-worker-9] ERROR com.intuit.karate - org.apache.http.client.ClientProtocolException, http call failed after 0 milliseconds for URL: e
10:56:27.487 [ForkJoinPool-1-worker-9] ERROR com.intuit.karate - http request failed: 
org.apache.http.client.ClientProtocolException
10:56:27.487 [ForkJoinPool-1-worker-5] INFO  com.intuit.karate - [print] title:Monitoring stations (Nitraatrichtlijn) diepe filters
10:56:27.488 [ForkJoinPool-1-worker-9] ERROR com.intuit.karate - feature call (loop) failed at index: 120
caller: classpath:InspireTest/ngr/datasetrecords/def/checkxlinkurl.template.feature
arg: {"link":"e"}
checkxlinkurl.template.feature:14 - 
org.apache.http.client.ClientProtocolException
10:56:27.488 [ForkJoinPool-1-worker-5] INFO  com.intuit.karate - [print] Monitoring stations (Nitraatrichtlijn) diepe filters
10:56:27.488 [ForkJoinPool-1-worker-5] INFO  com.intuit.karate - [print] [
  "geodata@rivm.nl",
  "",
  "geodata@rivm.nl"
]

10:56:27.488 [ForkJoinPool-1-worker-9] INFO  com.intuit.karate - [print]
10:56:27.488 [ForkJoinPool-1-worker-9] INFO  com.intuit.karate - [print] testing xlinkurl:m
10:56:27.489 [ForkJoinPool-1-worker-9] ERROR com.intuit.karate - org.apache.http.client.ClientProtocolException, http call failed after 0 milliseconds for URL: m
10:56:27.489 [ForkJoinPool-1-worker-9] ERROR com.intuit.karate - http request failed: 
org.apache.http.client.ClientProtocolException
10:56:27.489 [ForkJoinPool-1-worker-9] ERROR com.intuit.karate - feature call (loop) failed at index: 121
caller: classpath:InspireTest/ngr/datasetrecords/def/checkxlinkurl.template.feature
arg: {"link":"m"}
checkxlinkurl.template.feature:14 - 
org.apache.http.client.ClientProtocolException
10:56:27.490 [ForkJoinPool-1-worker-9] INFO  com.intuit.karate - [print]
10:56:27.490 [ForkJoinPool-1-worker-9] INFO  com.intuit.karate - [print] testing xlinkurl:e
10:56:27.490 [ForkJoinPool-1-worker-9] ERROR com.intuit.karate - org.apache.http.client.ClientProtocolException, http call failed after 0 milliseconds for URL: e
10:56:27.490 [ForkJoinPool-1-worker-9] ERROR com.intuit.karate - http request failed: 
org.apache.http.client.ClientProtocolException
10:56:27.490 [ForkJoinPool-1-worker-9] ERROR com.intuit.karate - feature call (loop) failed at index: 122
caller: classpath:InspireTest/ngr/datasetrecords/def/checkxlinkurl.template.feature
arg: {"link":"e"}
checkxlinkurl.template.feature:14 - 
org.apache.http.client.ClientProtocolException
10:56:27.491 [ForkJoinPool-1-worker-5] INFO  com.intuit.karate - [print] organisation: no organisationName found in dataset record
10:56:27.492 [ForkJoinPool-1-worker-9] INFO  com.intuit.karate - [print]
10:56:27.492 [ForkJoinPool-1-worker-9] INFO  com.intuit.karate - [print] testing xlinkurl:-
10:56:27.492 [ForkJoinPool-1-worker-9] ERROR com.intuit.karate - org.apache.http.client.ClientProtocolException, http call failed after 0 milliseconds for URL: -
10:56:27.492 [ForkJoinPool-1-worker-9] ERROR com.intuit.karate - http request failed: 
org.apache.http.client.ClientProtocolException
10:56:27.492 [ForkJoinPool-1-worker-9] ERROR com.intuit.karate - feature call (loop) failed at index: 123
caller: classpath:InspireTest/ngr/datasetrecords/def/checkxlinkurl.template.feature
arg: {"link":"-"}
checkxlinkurl.template.feature:14 - 
org.apache.http.client.ClientProtocolException
10:56:27.493 [ForkJoinPool-1-worker-5] INFO  com.intuit.karate - [print] [
  "https://data.rivm.nl/inspire/id#36a7e8cb-8300-4602-93d2-135943365a6f"
]

10:56:27.497 [ForkJoinPool-1-worker-9] INFO  com.intuit.karate - [print]
10:56:27.498 [ForkJoinPool-1-worker-9] INFO  com.intuit.karate - [print] testing xlinkurl:t
10:56:27.498 [ForkJoinPool-1-worker-9] ERROR com.intuit.karate - org.apache.http.client.ClientProtocolException, http call failed after 0 milliseconds for URL: t
10:56:27.498 [ForkJoinPool-1-worker-9] ERROR com.intuit.karate - http request failed: 
org.apache.http.client.ClientProtocolException
10:56:27.498 [ForkJoinPool-1-worker-9] ERROR com.intuit.karate - feature call (loop) failed at index: 124
caller: classpath:InspireTest/ngr/datasetrecords/def/checkxlinkurl.template.feature
arg: {"link":"t"}
checkxlinkurl.template.feature:14 - 
org.apache.http.client.ClientProtocolException
10:56:27.499 [ForkJoinPool-1-worker-9] INFO  com.intuit.karate - [print]
10:56:27.499 [ForkJoinPool-1-worker-9] INFO  com.intuit.karate - [print] testing xlinkurl:h
10:56:27.499 [ForkJoinPool-1-worker-9] ERROR com.intuit.karate - org.apache.http.client.ClientProtocolException, http call failed after 0 milliseconds for URL: h
10:56:27.499 [ForkJoinPool-1-worker-9] ERROR com.intuit.karate - http request failed: 
org.apache.http.client.ClientProtocolException
10:56:27.499 [ForkJoinPool-1-worker-9] ERROR com.intuit.karate - feature call (loop) failed at index: 125
caller: classpath:InspireTest/ngr/datasetrecords/def/checkxlinkurl.template.feature
arg: {"link":"h"}
checkxlinkurl.template.feature:14 - 
org.apache.http.client.ClientProtocolException
10:56:27.500 [ForkJoinPool-1-worker-9] INFO  com.intuit.karate - [print]
10:56:27.500 [ForkJoinPool-1-worker-9] INFO  com.intuit.karate - [print] testing xlinkurl:e
10:56:27.500 [ForkJoinPool-1-worker-5] INFO  com.intuit.karate - [print]
10:56:27.500 [ForkJoinPool-1-worker-9] ERROR com.intuit.karate - org.apache.http.client.ClientProtocolException, http call failed after 0 milliseconds for URL: e
10:56:27.500 [ForkJoinPool-1-worker-9] ERROR com.intuit.karate - http request failed: 
org.apache.http.client.ClientProtocolException
10:56:27.500 [ForkJoinPool-1-worker-5] INFO  com.intuit.karate - [print] testing xlinkurl:https://data.rivm.nl/inspire/id#36a7e8cb-8300-4602-93d2-135943365a6f
10:56:27.501 [ForkJoinPool-1-worker-9] ERROR com.intuit.karate - feature call (loop) failed at index: 126
caller: classpath:InspireTest/ngr/datasetrecords/def/checkxlinkurl.template.feature
arg: {"link":"e"}
checkxlinkurl.template.feature:14 - 
org.apache.http.client.ClientProtocolException
10:56:27.501 [ForkJoinPool-1-worker-9] INFO  com.intuit.karate - [print]
10:56:27.501 [ForkJoinPool-1-worker-9] INFO  com.intuit.karate - [print] testing xlinkurl:m
10:56:27.502 [ForkJoinPool-1-worker-9] ERROR com.intuit.karate - org.apache.http.client.ClientProtocolException, http call failed after 0 milliseconds for URL: m
10:56:27.502 [ForkJoinPool-1-worker-9] ERROR com.intuit.karate - http request failed: 
org.apache.http.client.ClientProtocolException
10:56:27.502 [ForkJoinPool-1-worker-9] ERROR com.intuit.karate - feature call (loop) failed at index: 127
caller: classpath:InspireTest/ngr/datasetrecords/def/checkxlinkurl.template.feature
arg: {"link":"m"}
checkxlinkurl.template.feature:14 - 
org.apache.http.client.ClientProtocolException
10:56:27.506 [ForkJoinPool-1-worker-9] INFO  com.intuit.karate - [print]
10:56:27.506 [ForkJoinPool-1-worker-9] INFO  com.intuit.karate - [print] testing xlinkurl:e
10:56:27.507 [ForkJoinPool-1-worker-9] ERROR com.intuit.karate - org.apache.http.client.ClientProtocolException, http call failed after 0 milliseconds for URL: e
10:56:27.507 [ForkJoinPool-1-worker-9] ERROR com.intuit.karate - http request failed: 
org.apache.http.client.ClientProtocolException
10:56:27.508 [ForkJoinPool-1-worker-9] ERROR com.intuit.karate - feature call (loop) failed at index: 128
caller: classpath:InspireTest/ngr/datasetrecords/def/checkxlinkurl.template.feature
arg: {"link":"e"}
checkxlinkurl.template.feature:14 - 
org.apache.http.client.ClientProtocolException
10:56:27.552 [ForkJoinPool-1-worker-13] INFO  com.intuit.karate - [print] title:Luchtfoto 2019 25cm RGB open data
10:56:27.552 [ForkJoinPool-1-worker-13] INFO  com.intuit.karate - [print] Luchtfoto 2019 25cm RGB open data
10:56:27.553 [ForkJoinPool-1-worker-13] INFO  com.intuit.karate - [print] [
  "PPB-GVA@kadaster.nl",
  "info@hetwaterschapshuis.nl",
  "kcc@kadaster.nl",
  "",
  "",
  "",
  "",
  "",
  ""
]

10:56:27.555 [ForkJoinPool-1-worker-13] INFO  com.intuit.karate - [print] organisation: [
  "Kadaster",
  "Het Waterschapshuis",
  "Kadaster",
  "Geocart",
  "Geocart",
  "Geocart",
  "Kadaster",
  "Kadaster"
]

10:56:27.563 [ForkJoinPool-1-worker-13] INFO  com.intuit.karate - [print] [
  "http://kadaster/2482250f-3b00-4439-9f93-f3118229b023",
  "",
  "",
  ""
]

10:56:27.569 [ForkJoinPool-1-worker-13] INFO  com.intuit.karate - [print]
10:56:27.569 [ForkJoinPool-1-worker-13] INFO  com.intuit.karate - [print] testing xlinkurl:http://kadaster/2482250f-3b00-4439-9f93-f3118229b023
10:56:27.614 [ForkJoinPool-1-worker-13] ERROR com.intuit.karate - java.net.UnknownHostException: kadaster: Temporary failure in name resolution, http call failed after 40 milliseconds for URL: http://kadaster/2482250f-3b00-4439-9f93-f3118229b023
10:56:27.614 [ForkJoinPool-1-worker-13] ERROR com.intuit.karate - http request failed: 
java.net.UnknownHostException: kadaster: Temporary failure in name resolution
10:56:27.614 [ForkJoinPool-1-worker-13] ERROR com.intuit.karate - feature call (loop) failed at index: 0
caller: classpath:InspireTest/ngr/datasetrecords/def/checkxlinkurl.template.feature
arg: {"link":"http://kadaster/2482250f-3b00-4439-9f93-f3118229b023"}
checkxlinkurl.template.feature:14 - 
java.net.UnknownHostException: kadaster: Temporary failure in name resolution
10:56:27.615 [ForkJoinPool-1-worker-13] INFO  com.intuit.karate - [print]
10:56:27.615 [ForkJoinPool-1-worker-13] INFO  com.intuit.karate - [print] testing xlinkurl:
10:56:27.616 [ForkJoinPool-1-worker-13] ERROR com.intuit.karate - org.apache.http.client.ClientProtocolException, http call failed after 0 milliseconds for URL: 
10:56:27.616 [ForkJoinPool-1-worker-13] ERROR com.intuit.karate - http request failed: 
org.apache.http.client.ClientProtocolException
10:56:27.616 [ForkJoinPool-1-worker-13] ERROR com.intuit.karate - feature call (loop) failed at index: 1
caller: classpath:InspireTest/ngr/datasetrecords/def/checkxlinkurl.template.feature
arg: {"link":""}
checkxlinkurl.template.feature:14 - 
org.apache.http.client.ClientProtocolException
10:56:27.617 [ForkJoinPool-1-worker-13] INFO  com.intuit.karate - [print]
10:56:27.617 [ForkJoinPool-1-worker-13] INFO  com.intuit.karate - [print] testing xlinkurl:
10:56:27.618 [ForkJoinPool-1-worker-13] ERROR com.intuit.karate - org.apache.http.client.ClientProtocolException, http call failed after 0 milliseconds for URL: 
10:56:27.618 [ForkJoinPool-1-worker-13] ERROR com.intuit.karate - http request failed: 
org.apache.http.client.ClientProtocolException
10:56:27.618 [ForkJoinPool-1-worker-13] ERROR com.intuit.karate - feature call (loop) failed at index: 2
caller: classpath:InspireTest/ngr/datasetrecords/def/checkxlinkurl.template.feature
arg: {"link":""}
checkxlinkurl.template.feature:14 - 
org.apache.http.client.ClientProtocolException
10:56:27.618 [ForkJoinPool-1-worker-13] INFO  com.intuit.karate - [print]
10:56:27.619 [ForkJoinPool-1-worker-13] INFO  com.intuit.karate - [print] testing xlinkurl:
10:56:27.619 [ForkJoinPool-1-worker-13] ERROR com.intuit.karate - org.apache.http.client.ClientProtocolException, http call failed after 0 milliseconds for URL: 
10:56:27.619 [ForkJoinPool-1-worker-13] ERROR com.intuit.karate - http request failed: 
org.apache.http.client.ClientProtocolException
10:56:27.619 [ForkJoinPool-1-worker-13] ERROR com.intuit.karate - feature call (loop) failed at index: 3
caller: classpath:InspireTest/ngr/datasetrecords/def/checkxlinkurl.template.feature
arg: {"link":""}
checkxlinkurl.template.feature:14 - 
org.apache.http.client.ClientProtocolException
10:56:27.678 [ForkJoinPool-1-worker-7] INFO  com.intuit.karate - [print]
10:56:27.678 [ForkJoinPool-1-worker-7] INFO  com.intuit.karate - [print] testing xlinkurl:http://nationaalgeoregister.nl/geonetwork/srv/dut/csw?SERVICE=CSW&version=2.0.2&REQUEST=GetRecordById&elementSetName=full&OutputSchema=http://www.isotc211.org/2005/gmd&ID=b6ee58a1-b097-4c6d-8600-eb81efc1468c
10:56:27.787 [ForkJoinPool-1-worker-11] ERROR com.intuit.karate - assertion failed: path: $, actual: 500, expected: 200, reason: not equal (Integer)
10:56:27.812 [ForkJoinPool-1-worker-11] ERROR com.intuit.karate - feature call (loop) failed at index: 1
caller: classpath:InspireTest/ngr/datasetrecords/def/checkxlinkurl.template.feature
arg: {"link":"https://www.nationaalgeoregister.nl/geonetwork/srv/api/records07575774-57a1-4419-bab4-6c88fdeb02b2"}
checkxlinkurl.template.feature:22 - path: $, actual: 500, expected: 200, reason: not equal (Integer)
10:56:27.861 [ForkJoinPool-1-worker-5] ERROR com.intuit.karate - javax.net.ssl.SSLException: Connection reset, http call failed after 360 milliseconds for URL: https://data.rivm.nl/inspire/id#36a7e8cb-8300-4602-93d2-135943365a6f
10:56:27.861 [ForkJoinPool-1-worker-5] ERROR com.intuit.karate - http request failed: 
javax.net.ssl.SSLException: Connection reset
10:56:27.861 [ForkJoinPool-1-worker-5] ERROR com.intuit.karate - feature call (loop) failed at index: 0
caller: classpath:InspireTest/ngr/datasetrecords/def/checkxlinkurl.template.feature
arg: {"link":"https://data.rivm.nl/inspire/id#36a7e8cb-8300-4602-93d2-135943365a6f"}
checkxlinkurl.template.feature:14 - 
javax.net.ssl.SSLException: Connection reset
10:56:27.953 [ForkJoinPool-1-worker-3] INFO  com.intuit.karate - [print] title:Gecontroleerde klimatologische daggegevens KNMI Nederland
10:56:27.953 [ForkJoinPool-1-worker-3] INFO  com.intuit.karate - [print] Gecontroleerde klimatologische daggegevens KNMI Nederland
10:56:27.954 [ForkJoinPool-1-worker-3] INFO  com.intuit.karate - [print] [
  "datacentrum@knmi.nl",
  "datacentrum@knmi.nl",
  "datacentrum@knmi.nl"
]

10:56:27.955 [ForkJoinPool-1-worker-3] INFO  com.intuit.karate - [print] organisation: [
  "Koninklijk Nederlands Meteorologisch Instituut (KNMI)",
  "Koninklijk Nederlands Meteorologisch Instituut (KNMI)",
  "Koninklijk Nederlands Meteorologisch Instituut (KNMI)"
]

10:56:27.960 [ForkJoinPool-1-worker-3] INFO  com.intuit.karate - [print] [
  "https://www.nationaalgeoregister.nl/geonetwork/srv/api/records6e4a2001-fef7-471c-8286-4f859bc1131e",
  "https://creativecommons.org/publicdomain/zero/*/deed.nl"
]

10:56:27.973 [ForkJoinPool-1-worker-3] INFO  com.intuit.karate - [print]
10:56:27.974 [ForkJoinPool-1-worker-3] INFO  com.intuit.karate - [print] testing xlinkurl:https://www.nationaalgeoregister.nl/geonetwork/srv/api/records6e4a2001-fef7-471c-8286-4f859bc1131e
10:56:28.111 [ForkJoinPool-1-worker-9] INFO  com.intuit.karate - [print] title:Geologisch booronderzoek onder INSPIRE
10:56:28.111 [ForkJoinPool-1-worker-9] INFO  com.intuit.karate - [print] Geologisch booronderzoek onder INSPIRE
10:56:28.112 [ForkJoinPool-1-worker-9] INFO  com.intuit.karate - [print] [
  "info@dinoloket.nl",
  "info@dinoloket.nl",
  "info@dinoloket.nl"
]

10:56:28.113 [ForkJoinPool-1-worker-9] INFO  com.intuit.karate - [print] organisation: [
  "TNO Geologische Dienst Nederland",
  "TNO Geologische Dienst Nederland",
  "TNO Geologische Dienst Nederland"
]

10:56:28.114 [ForkJoinPool-1-worker-9] INFO  com.intuit.karate - [print] [
  "https://nationaalgeoregister.nl/geonetwork/srv/resources7d4d5090-8b18-4c30-a07a-9d738039112f",
  "http://rdfdata.eionet.europa.eu/inspirethemes/themes/13",
  "http://geonetwork-opensource.org/inspire-theme#",
  "https://www.nationaalgeoregister.nl/geonetwork/srv/eng/thesaurus.download?ref=external.theme.inspire-theme"
]

10:56:28.119 [ForkJoinPool-1-worker-9] INFO  com.intuit.karate - [print]
10:56:28.119 [ForkJoinPool-1-worker-9] INFO  com.intuit.karate - [print] testing xlinkurl:https://nationaalgeoregister.nl/geonetwork/srv/resources7d4d5090-8b18-4c30-a07a-9d738039112f
10:56:28.207 [ForkJoinPool-1-worker-7] INFO  com.intuit.karate - [print]
10:56:28.207 [ForkJoinPool-1-worker-7] INFO  com.intuit.karate - [print] testing xlinkurl:https://creativecommons.org/publicdomain/mark/*/deed.nl
10:56:28.223 [ForkJoinPool-1-worker-13] INFO  com.intuit.karate - [print] title:Nationaal Beschermde Gebieden (CDDA) (INSPIRE geharmoniseerd)
10:56:28.223 [ForkJoinPool-1-worker-13] INFO  com.intuit.karate - [print] Nationaal Beschermde Gebieden (CDDA) (INSPIRE geharmoniseerd)
10:56:28.226 [ForkJoinPool-1-worker-13] INFO  com.intuit.karate - [print] [
  "geodatabeheer.giscc@rvo.nl",
  "geodatabeheer.giscc@rvo.nl",
  "geodatabeheer.giscc@rvo.nl"
]

10:56:28.231 [ForkJoinPool-1-worker-13] INFO  com.intuit.karate - [print] organisation: [
  "Ministerie van Economische Zaken - GIS Competence Center",
  "Ministerie van Landbouw, Natuur en Voedselkwaliteit",
  "Ministerie van Economische Zaken - GIS Competence Center"
]

10:56:28.233 [ForkJoinPool-1-worker-13] INFO  com.intuit.karate - [print] [
  "http://www.opengis.net/def/crs/EPSG/0/http://www.opengis.net/def/crs/EPSG/0/4258",
  "https://www.nationaalgeoregister.nl/geonetwork/srv/dut/catalog.search#/metadata/3387ef8a-9237-453a-aa4e-585d1e193550",
  "https://creativecommons.org/publicdomain/mark/*/deed.nl"
]

10:56:28.240 [ForkJoinPool-1-worker-13] INFO  com.intuit.karate - [print]
10:56:28.241 [ForkJoinPool-1-worker-13] INFO  com.intuit.karate - [print] testing xlinkurl:http://www.opengis.net/def/crs/EPSG/0/http://www.opengis.net/def/crs/EPSG/0/4258
10:56:28.243 [ForkJoinPool-1-worker-7] ERROR com.intuit.karate - assertion failed: path: $, actual: 404, expected: 200, reason: not equal (Integer)
10:56:28.243 [ForkJoinPool-1-worker-7] ERROR com.intuit.karate - feature call (loop) failed at index: 2
caller: classpath:InspireTest/ngr/datasetrecords/def/checkxlinkurl.template.feature
arg: {"link":"https://creativecommons.org/publicdomain/mark/*/deed.nl"}
checkxlinkurl.template.feature:22 - path: $, actual: 404, expected: 200, reason: not equal (Integer)
10:56:28.246 [ForkJoinPool-1-worker-7] INFO  com.intuit.karate - [print]
10:56:28.246 [ForkJoinPool-1-worker-7] INFO  com.intuit.karate - [print] testing xlinkurl:
10:56:28.247 [ForkJoinPool-1-worker-7] ERROR com.intuit.karate - org.apache.http.client.ClientProtocolException, http call failed after 0 milliseconds for URL: 
10:56:28.247 [ForkJoinPool-1-worker-7] ERROR com.intuit.karate - http request failed: 
org.apache.http.client.ClientProtocolException
10:56:28.247 [ForkJoinPool-1-worker-7] ERROR com.intuit.karate - feature call (loop) failed at index: 3
caller: classpath:InspireTest/ngr/datasetrecords/def/checkxlinkurl.template.feature
arg: {"link":""}
checkxlinkurl.template.feature:14 - 
org.apache.http.client.ClientProtocolException
10:56:28.292 [ForkJoinPool-1-worker-3] ERROR com.intuit.karate - assertion failed: path: $, actual: 500, expected: 200, reason: not equal (Integer)
10:56:28.292 [ForkJoinPool-1-worker-3] ERROR com.intuit.karate - feature call (loop) failed at index: 0
caller: classpath:InspireTest/ngr/datasetrecords/def/checkxlinkurl.template.feature
arg: {"link":"https://www.nationaalgeoregister.nl/geonetwork/srv/api/records6e4a2001-fef7-471c-8286-4f859bc1131e"}
checkxlinkurl.template.feature:22 - path: $, actual: 500, expected: 200, reason: not equal (Integer)
10:56:28.293 [ForkJoinPool-1-worker-3] INFO  com.intuit.karate - [print]
10:56:28.294 [ForkJoinPool-1-worker-3] INFO  com.intuit.karate - [print] testing xlinkurl:https://creativecommons.org/publicdomain/zero/*/deed.nl
10:56:28.334 [ForkJoinPool-1-worker-3] ERROR com.intuit.karate - assertion failed: path: $, actual: 404, expected: 200, reason: not equal (Integer)
10:56:28.334 [ForkJoinPool-1-worker-3] ERROR com.intuit.karate - feature call (loop) failed at index: 1
caller: classpath:InspireTest/ngr/datasetrecords/def/checkxlinkurl.template.feature
arg: {"link":"https://creativecommons.org/publicdomain/zero/*/deed.nl"}
checkxlinkurl.template.feature:22 - path: $, actual: 404, expected: 200, reason: not equal (Integer)
10:56:28.388 [ForkJoinPool-1-worker-11] INFO  com.intuit.karate - [print] title:LCP emissies (Richtlijn Industriële emissies) 2016
10:56:28.388 [ForkJoinPool-1-worker-11] INFO  com.intuit.karate - [print] LCP emissies (Richtlijn Industriële emissies) 2016
10:56:28.389 [ForkJoinPool-1-worker-11] INFO  com.intuit.karate - [print] [
  "emissieregistratie@rivm.nl",
  "",
  "emissieregistratie@rivm.nl"
]

10:56:28.390 [ForkJoinPool-1-worker-11] INFO  com.intuit.karate - [print] organisation: no organisationName found in dataset record
10:56:28.392 [ForkJoinPool-1-worker-11] INFO  com.intuit.karate - [print] [
  "https://data.rivm.nl/inspire/id#6941b1f2-7ee6-4a1d-9cba-9071e3ca6cb3"
]

10:56:28.397 [ForkJoinPool-1-worker-11] INFO  com.intuit.karate - [print]
10:56:28.398 [ForkJoinPool-1-worker-11] INFO  com.intuit.karate - [print] testing xlinkurl:https://data.rivm.nl/inspire/id#6941b1f2-7ee6-4a1d-9cba-9071e3ca6cb3
10:56:28.402 [ForkJoinPool-1-worker-9] ERROR com.intuit.karate - assertion failed: path: $, actual: 404, expected: 200, reason: not equal (Integer)
10:56:28.402 [ForkJoinPool-1-worker-9] ERROR com.intuit.karate - feature call (loop) failed at index: 0
caller: classpath:InspireTest/ngr/datasetrecords/def/checkxlinkurl.template.feature
arg: {"link":"https://nationaalgeoregister.nl/geonetwork/srv/resources7d4d5090-8b18-4c30-a07a-9d738039112f"}
checkxlinkurl.template.feature:22 - path: $, actual: 404, expected: 200, reason: not equal (Integer)
10:56:28.402 [ForkJoinPool-1-worker-9] INFO  com.intuit.karate - [print]
10:56:28.403 [ForkJoinPool-1-worker-9] INFO  com.intuit.karate - [print] testing xlinkurl:http://rdfdata.eionet.europa.eu/inspirethemes/themes/13
10:56:28.468 [ForkJoinPool-1-worker-5] INFO  com.intuit.karate - [print] title:Bathymetrie Nederland - kust
10:56:28.468 [ForkJoinPool-1-worker-5] INFO  com.intuit.karate - [print] Bathymetrie Nederland - kust
10:56:28.469 [ForkJoinPool-1-worker-5] INFO  com.intuit.karate - [print] [
  "servicedesk-data@rijkswaterstaat.nl",
  "servicedesk-data@rijkswaterstaat.nl",
  "",
  "servicedesk-data@rijkswaterstaat.nl",
  "servicedesk-data@rijkswaterstaat.nl"
]

10:56:28.471 [ForkJoinPool-1-worker-5] INFO  com.intuit.karate - [print] organisation: [
  "Rijkswaterstaat",
  "Rijkswaterstaat",
  "",
  "Rijkswaterstaat",
  "Rijkswaterstaat"
]

10:56:28.474 [ForkJoinPool-1-worker-5] INFO  com.intuit.karate - [print] [
  "https://www.nationaalgeoregister.nl/geonetwork/srv/dut/catalog.search#/metadata/adn73c4a-ef03-4785-b7f6-942e86b385f5",
  "http://rdfdata.eionet.europa.eu/inspirethemes/themes/10",
  "urn:ogc:def:crs:EPSG::5709"
]

10:56:28.479 [ForkJoinPool-1-worker-5] INFO  com.intuit.karate - [print]
10:56:28.480 [ForkJoinPool-1-worker-5] INFO  com.intuit.karate - [print] testing xlinkurl:https://www.nationaalgeoregister.nl/geonetwork/srv/dut/catalog.search#/metadata/adn73c4a-ef03-4785-b7f6-942e86b385f5
10:56:28.548 [ForkJoinPool-1-worker-13] INFO  com.intuit.karate - [print]
10:56:28.548 [ForkJoinPool-1-worker-13] INFO  com.intuit.karate - [print] testing xlinkurl:https://www.nationaalgeoregister.nl/geonetwork/srv/dut/catalog.search#/metadata/3387ef8a-9237-453a-aa4e-585d1e193550
10:56:28.605 [ForkJoinPool-1-worker-9] ERROR com.intuit.karate - assertion failed: path: $, actual: 404, expected: 200, reason: not equal (Integer)
10:56:28.606 [ForkJoinPool-1-worker-9] ERROR com.intuit.karate - feature call (loop) failed at index: 1
caller: classpath:InspireTest/ngr/datasetrecords/def/checkxlinkurl.template.feature
arg: {"link":"http://rdfdata.eionet.europa.eu/inspirethemes/themes/13"}
checkxlinkurl.template.feature:22 - path: $, actual: 404, expected: 200, reason: not equal (Integer)
10:56:28.606 [ForkJoinPool-1-worker-9] INFO  com.intuit.karate - [print]
10:56:28.607 [ForkJoinPool-1-worker-9] INFO  com.intuit.karate - [print] testing xlinkurl:http://geonetwork-opensource.org/inspire-theme#
10:56:28.756 [ForkJoinPool-1-worker-11] ERROR com.intuit.karate - javax.net.ssl.SSLException: Connection reset, http call failed after 357 milliseconds for URL: https://data.rivm.nl/inspire/id#6941b1f2-7ee6-4a1d-9cba-9071e3ca6cb3
10:56:28.756 [ForkJoinPool-1-worker-11] ERROR com.intuit.karate - http request failed: 
javax.net.ssl.SSLException: Connection reset
10:56:28.756 [ForkJoinPool-1-worker-11] ERROR com.intuit.karate - feature call (loop) failed at index: 0
caller: classpath:InspireTest/ngr/datasetrecords/def/checkxlinkurl.template.feature
arg: {"link":"https://data.rivm.nl/inspire/id#6941b1f2-7ee6-4a1d-9cba-9071e3ca6cb3"}
checkxlinkurl.template.feature:14 - 
javax.net.ssl.SSLException: Connection reset
10:56:28.817 [ForkJoinPool-1-worker-5] INFO  com.intuit.karate - [print]
10:56:28.817 [ForkJoinPool-1-worker-5] INFO  com.intuit.karate - [print] testing xlinkurl:http://rdfdata.eionet.europa.eu/inspirethemes/themes/10
10:56:28.884 [ForkJoinPool-1-worker-7] INFO  com.intuit.karate - [print] title:Emissies naar lucht en water in 2011 vanuit de industrie
10:56:28.885 [ForkJoinPool-1-worker-7] INFO  com.intuit.karate - [print] Emissies naar lucht en water in 2011 vanuit de industrie
10:56:28.885 [ForkJoinPool-1-worker-7] INFO  com.intuit.karate - [print] [
  "emissieregistratie@rivm.nl",
  "",
  "emissieregistratie@rivm.nl"
]

10:56:28.887 [ForkJoinPool-1-worker-7] INFO  com.intuit.karate - [print] organisation: no organisationName found in dataset record
10:56:28.889 [ForkJoinPool-1-worker-7] INFO  com.intuit.karate - [print] [
  "https://data.rivm.nl/inspire/id#6e6bf543-e1e3-468d-afae-e88618ad9a65"
]

10:56:28.898 [ForkJoinPool-1-worker-13] INFO  com.intuit.karate - [print]
10:56:28.898 [ForkJoinPool-1-worker-13] INFO  com.intuit.karate - [print] testing xlinkurl:https://creativecommons.org/publicdomain/mark/*/deed.nl
10:56:28.907 [ForkJoinPool-1-worker-7] INFO  com.intuit.karate - [print]
10:56:28.910 [ForkJoinPool-1-worker-7] INFO  com.intuit.karate - [print] testing xlinkurl:https://data.rivm.nl/inspire/id#6e6bf543-e1e3-468d-afae-e88618ad9a65
10:56:28.913 [ForkJoinPool-1-worker-3] INFO  com.intuit.karate - [print] title:Landelijk grondwaterregister - Faciliteiten voor productie en industrie
10:56:28.915 [ForkJoinPool-1-worker-3] INFO  com.intuit.karate - [print] Landelijk grondwaterregister - Faciliteiten voor productie en industrie
10:56:28.915 [ForkJoinPool-1-worker-3] INFO  com.intuit.karate - [print] [
  "inspire@gbo-provincies.nl",
  "inspire@gbo-provincies.nl",
  "inspire@gbo-provincies.nl",
  "",
  ""
]

10:56:28.922 [ForkJoinPool-1-worker-3] INFO  com.intuit.karate - [print] organisation: [
  "Interprovinciaal Overleg",
  "Interprovinciaal Overleg",
  "Interprovinciaal Overleg",
  "Interprovinciaal Overleg",
  "Interprovinciaal Overleg"
]

10:56:28.923 [ForkJoinPool-1-worker-3] INFO  com.intuit.karate - [print] [
  ""
]

10:56:28.930 [ForkJoinPool-1-worker-3] INFO  com.intuit.karate - [print]
10:56:28.930 [ForkJoinPool-1-worker-3] INFO  com.intuit.karate - [print] testing xlinkurl:
10:56:28.933 [ForkJoinPool-1-worker-3] ERROR com.intuit.karate - org.apache.http.client.ClientProtocolException, http call failed after 0 milliseconds for URL: 
10:56:28.934 [ForkJoinPool-1-worker-3] ERROR com.intuit.karate - http request failed: 
org.apache.http.client.ClientProtocolException
10:56:28.935 [ForkJoinPool-1-worker-3] ERROR com.intuit.karate - feature call (loop) failed at index: 0
caller: classpath:InspireTest/ngr/datasetrecords/def/checkxlinkurl.template.feature
arg: {"link":""}
checkxlinkurl.template.feature:14 - 
org.apache.http.client.ClientProtocolException
10:56:28.943 [ForkJoinPool-1-worker-13] ERROR com.intuit.karate - assertion failed: path: $, actual: 404, expected: 200, reason: not equal (Integer)
10:56:28.944 [ForkJoinPool-1-worker-13] ERROR com.intuit.karate - feature call (loop) failed at index: 2
caller: classpath:InspireTest/ngr/datasetrecords/def/checkxlinkurl.template.feature
arg: {"link":"https://creativecommons.org/publicdomain/mark/*/deed.nl"}
checkxlinkurl.template.feature:22 - path: $, actual: 404, expected: 200, reason: not equal (Integer)
10:56:29.020 [ForkJoinPool-1-worker-5] ERROR com.intuit.karate - assertion failed: path: $, actual: 404, expected: 200, reason: not equal (Integer)
10:56:29.021 [ForkJoinPool-1-worker-5] ERROR com.intuit.karate - feature call (loop) failed at index: 1
caller: classpath:InspireTest/ngr/datasetrecords/def/checkxlinkurl.template.feature
arg: {"link":"http://rdfdata.eionet.europa.eu/inspirethemes/themes/10"}
checkxlinkurl.template.feature:22 - path: $, actual: 404, expected: 200, reason: not equal (Integer)
10:56:29.022 [ForkJoinPool-1-worker-5] INFO  com.intuit.karate - [print]
10:56:29.022 [ForkJoinPool-1-worker-5] INFO  com.intuit.karate - [print] testing xlinkurl:urn:ogc:def:crs:EPSG::5709
10:56:29.022 [ForkJoinPool-1-worker-5] ERROR com.intuit.karate - org.apache.http.client.ClientProtocolException: URI does not specify a valid host name: urn:ogc:def:crs:EPSG::5709, http call failed after 0 milliseconds for URL: urn:ogc:def:crs:EPSG::5709
10:56:29.022 [ForkJoinPool-1-worker-5] ERROR com.intuit.karate - http request failed: 
org.apache.http.client.ClientProtocolException: URI does not specify a valid host name: urn:ogc:def:crs:EPSG::5709
10:56:29.022 [ForkJoinPool-1-worker-5] ERROR com.intuit.karate - feature call (loop) failed at index: 2
caller: classpath:InspireTest/ngr/datasetrecords/def/checkxlinkurl.template.feature
arg: {"link":"urn:ogc:def:crs:EPSG::5709"}
checkxlinkurl.template.feature:14 - 
org.apache.http.client.ClientProtocolException: URI does not specify a valid host name: urn:ogc:def:crs:EPSG::5709
10:56:29.200 [ForkJoinPool-1-worker-9] ERROR com.intuit.karate - assertion failed: path: $, actual: 404, expected: 200, reason: not equal (Integer)
10:56:29.200 [ForkJoinPool-1-worker-9] ERROR com.intuit.karate - feature call (loop) failed at index: 2
caller: classpath:InspireTest/ngr/datasetrecords/def/checkxlinkurl.template.feature
arg: {"link":"http://geonetwork-opensource.org/inspire-theme#"}
checkxlinkurl.template.feature:22 - path: $, actual: 404, expected: 200, reason: not equal (Integer)
10:56:29.202 [ForkJoinPool-1-worker-9] INFO  com.intuit.karate - [print]
10:56:29.202 [ForkJoinPool-1-worker-9] INFO  com.intuit.karate - [print] testing xlinkurl:https://www.nationaalgeoregister.nl/geonetwork/srv/eng/thesaurus.download?ref=external.theme.inspire-theme
10:56:29.272 [ForkJoinPool-1-worker-7] ERROR com.intuit.karate - javax.net.ssl.SSLException: Connection reset, http call failed after 358 milliseconds for URL: https://data.rivm.nl/inspire/id#6e6bf543-e1e3-468d-afae-e88618ad9a65
10:56:29.273 [ForkJoinPool-1-worker-7] ERROR com.intuit.karate - http request failed: 
javax.net.ssl.SSLException: Connection reset
10:56:29.273 [ForkJoinPool-1-worker-7] ERROR com.intuit.karate - feature call (loop) failed at index: 0
caller: classpath:InspireTest/ngr/datasetrecords/def/checkxlinkurl.template.feature
arg: {"link":"https://data.rivm.nl/inspire/id#6e6bf543-e1e3-468d-afae-e88618ad9a65"}
checkxlinkurl.template.feature:14 - 
javax.net.ssl.SSLException: Connection reset
10:56:29.348 [ForkJoinPool-1-worker-11] INFO  com.intuit.karate - [print] title:BRO Digital Geological Model (DGM)
10:56:29.348 [ForkJoinPool-1-worker-11] INFO  com.intuit.karate - [print] BRO Digital Geological Model (DGM)
10:56:29.349 [ForkJoinPool-1-worker-11] INFO  com.intuit.karate - [print] [
  "info@bro.nl",
  "info@bro.nl",
  "info@dinoloket.nl"
]

10:56:29.350 [ForkJoinPool-1-worker-11] INFO  com.intuit.karate - [print] organisation: [
  "TNO Geologische Dienst Nederland",
  "TNO Geologische Dienst Nederland",
  "TNO Geologische Dienst Nederland"
]

10:56:29.352 [ForkJoinPool-1-worker-11] INFO  com.intuit.karate - [print] [
  "https://ngr.acceptatie.nationaalgeoregister.nl/geonetwork/srv/resourcesc7a15080-2724-11e2-81c1-0800200c9a66",
  "http://rdfdata.eionet.europa.eu/inspirethemes/themes/13",
  "http://rdfdata.eionet.europa.eu/inspirethemes/themes/#",
  "https://www.nationaalgeoregister.nl/geonetwork/srv/eng/thesaurus.download?ref=external.theme.inspire-theme"
]

10:56:29.357 [ForkJoinPool-1-worker-11] INFO  com.intuit.karate - [print]
10:56:29.357 [ForkJoinPool-1-worker-11] INFO  com.intuit.karate - [print] testing xlinkurl:https://ngr.acceptatie.nationaalgeoregister.nl/geonetwork/srv/resourcesc7a15080-2724-11e2-81c1-0800200c9a66
10:56:29.545 [ForkJoinPool-1-worker-9] ERROR com.intuit.karate - assertion failed: path: $, actual: 500, expected: 200, reason: not equal (Integer)
10:56:29.545 [ForkJoinPool-1-worker-9] ERROR com.intuit.karate - feature call (loop) failed at index: 3
caller: classpath:InspireTest/ngr/datasetrecords/def/checkxlinkurl.template.feature
arg: {"link":"https://www.nationaalgeoregister.nl/geonetwork/srv/eng/thesaurus.download?ref=external.theme.inspire-theme"}
checkxlinkurl.template.feature:22 - path: $, actual: 500, expected: 200, reason: not equal (Integer)
10:56:29.582 [ForkJoinPool-1-worker-3] INFO  com.intuit.karate - [print] title:BRO REGIS II Hydrogeologisch model (HGM)
10:56:29.582 [ForkJoinPool-1-worker-3] INFO  com.intuit.karate - [print] BRO REGIS II Hydrogeologisch model (HGM)
10:56:29.582 [ForkJoinPool-1-worker-3] INFO  com.intuit.karate - [print] [
  "info@bro.nl",
  "info@bro.nl",
  "info@dinoloket.nl"
]

10:56:29.583 [ForkJoinPool-1-worker-3] INFO  com.intuit.karate - [print] organisation: [
  "TNO Geologische Dienst Nederland",
  "TNO Geologische Dienst Nederland",
  "TNO Geologische Dienst Nederland"
]

10:56:29.585 [ForkJoinPool-1-worker-3] INFO  com.intuit.karate - [print] [
  "http://www.opengis.net/def/crs/EPSG/0/NAP",
  "https://ngr.acceptatie.nationaalgeoregister.nl/geonetwork/srv/resourcesd72ddff0-2724-11e2-81c1-0800200c9a66"
]

10:56:29.589 [ForkJoinPool-1-worker-3] INFO  com.intuit.karate - [print]
10:56:29.590 [ForkJoinPool-1-worker-3] INFO  com.intuit.karate - [print] testing xlinkurl:http://www.opengis.net/def/crs/EPSG/0/NAP
10:56:29.626 [ForkJoinPool-1-worker-13] INFO  com.intuit.karate - [print] title:BRO GeoTOP (GTM)
10:56:29.627 [ForkJoinPool-1-worker-13] INFO  com.intuit.karate - [print] BRO GeoTOP (GTM)
10:56:29.628 [ForkJoinPool-1-worker-13] INFO  com.intuit.karate - [print] [
  "info@bro.nl",
  "info@bro.nl",
  "info@dinoloket.nl"
]

10:56:29.629 [ForkJoinPool-1-worker-13] INFO  com.intuit.karate - [print] organisation: [
  "TNO Geologische Dienst Nederland",
  "TNO Geologische Dienst Nederland",
  "TNO Geologische Dienst Nederland"
]

10:56:29.632 [ForkJoinPool-1-worker-13] INFO  com.intuit.karate - [print] [
  "http://www.opengis.net/def/crs/EPSG/0/NAP",
  "https://ngr.acceptatie.nationaalgeoregister.nl/geonetwork/srv/resourcesddf87610-2724-11e2-81c1-0800200c9a66"
]

10:56:29.637 [ForkJoinPool-1-worker-11] ERROR com.intuit.karate - assertion failed: path: $, actual: 404, expected: 200, reason: not equal (Integer)
10:56:29.637 [ForkJoinPool-1-worker-11] ERROR com.intuit.karate - feature call (loop) failed at index: 0
caller: classpath:InspireTest/ngr/datasetrecords/def/checkxlinkurl.template.feature
arg: {"link":"https://ngr.acceptatie.nationaalgeoregister.nl/geonetwork/srv/resourcesc7a15080-2724-11e2-81c1-0800200c9a66"}
checkxlinkurl.template.feature:22 - path: $, actual: 404, expected: 200, reason: not equal (Integer)
10:56:29.638 [ForkJoinPool-1-worker-11] INFO  com.intuit.karate - [print]
10:56:29.638 [ForkJoinPool-1-worker-11] INFO  com.intuit.karate - [print] testing xlinkurl:http://rdfdata.eionet.europa.eu/inspirethemes/themes/13
10:56:29.642 [ForkJoinPool-1-worker-13] INFO  com.intuit.karate - [print]
10:56:29.643 [ForkJoinPool-1-worker-13] INFO  com.intuit.karate - [print] testing xlinkurl:http://www.opengis.net/def/crs/EPSG/0/NAP
10:56:29.662 [ForkJoinPool-1-worker-5] INFO  com.intuit.karate - [print] title:Geluidszones rondom bedrijventerreinen zowel provinciaal als gemeentelijk
10:56:29.663 [ForkJoinPool-1-worker-5] INFO  com.intuit.karate - [print] Geluidszones rondom bedrijventerreinen zowel provinciaal als gemeentelijk
10:56:29.665 [ForkJoinPool-1-worker-5] INFO  com.intuit.karate - [print] [
  "inspire@gbo-provincies.nl",
  "inspire@gbo-provincies.nl",
  "inspire@gbo-provincies.nl"
]

10:56:29.666 [ForkJoinPool-1-worker-5] INFO  com.intuit.karate - [print] organisation: [
  "Interprovinciaal Overleg",
  "Interprovinciaal Overleg",
  "Interprovinciaal Overleg"
]

10:56:29.669 [ForkJoinPool-1-worker-5] INFO  com.intuit.karate - [print] [
  "http://www.opengis.net/def/crs/EPSG/0/http://www.opengis.net/def/crs/EPSG/0/3034",
  "http://nationaalgeoregister.nl/geonetwork/srv/dut/csw?SERVICE=CSW&version=2.0.2&REQUEST=GetRecordById&elementSetName=full&OutputSchema=http://www.isotc211.org/2005/gmd&ID=34e6165f-1269-48d1-b255-0f05d163d692",
  "https://creativecommons.org/publicdomain/mark/*/deed.nl",
  ""
]

10:56:29.675 [ForkJoinPool-1-worker-5] INFO  com.intuit.karate - [print]
10:56:29.675 [ForkJoinPool-1-worker-5] INFO  com.intuit.karate - [print] testing xlinkurl:http://www.opengis.net/def/crs/EPSG/0/http://www.opengis.net/def/crs/EPSG/0/3034
10:56:29.839 [ForkJoinPool-1-worker-11] ERROR com.intuit.karate - assertion failed: path: $, actual: 404, expected: 200, reason: not equal (Integer)
10:56:29.839 [ForkJoinPool-1-worker-11] ERROR com.intuit.karate - feature call (loop) failed at index: 1
caller: classpath:InspireTest/ngr/datasetrecords/def/checkxlinkurl.template.feature
arg: {"link":"http://rdfdata.eionet.europa.eu/inspirethemes/themes/13"}
checkxlinkurl.template.feature:22 - path: $, actual: 404, expected: 200, reason: not equal (Integer)
10:56:29.840 [ForkJoinPool-1-worker-11] INFO  com.intuit.karate - [print]
10:56:29.841 [ForkJoinPool-1-worker-11] INFO  com.intuit.karate - [print] testing xlinkurl:http://rdfdata.eionet.europa.eu/inspirethemes/themes/#
10:56:29.882 [ForkJoinPool-1-worker-7] INFO  com.intuit.karate - [print] title:CBS Provincies 2012
10:56:29.882 [ForkJoinPool-1-worker-7] INFO  com.intuit.karate - [print] CBS Provincies 2012
10:56:29.884 [ForkJoinPool-1-worker-7] INFO  com.intuit.karate - [print] [
  "infoservice@cbs.nl",
  "infoservice@cbs.nl",
  "infoservice@cbs.nl",
  "",
  ""
]

10:56:29.897 [ForkJoinPool-1-worker-3] INFO  com.intuit.karate - [print]
10:56:29.897 [ForkJoinPool-1-worker-3] INFO  com.intuit.karate - [print] testing xlinkurl:https://ngr.acceptatie.nationaalgeoregister.nl/geonetwork/srv/resourcesd72ddff0-2724-11e2-81c1-0800200c9a66
10:56:29.905 [ForkJoinPool-1-worker-7] INFO  com.intuit.karate - [print] organisation: [
  "Centraal Bureau voor de Statistiek",
  "Centraal Bureau voor de Statistiek",
  "Centraal Bureau voor de Statistiek",
  "Kadaster"
]

10:56:29.909 [ForkJoinPool-1-worker-7] INFO  com.intuit.karate - [print] [
  "http://geodata.nationaalgeoregister.nl/cbsprovincies/extract/cbsprovincies.zip",
  ""
]

10:56:29.915 [ForkJoinPool-1-worker-7] INFO  com.intuit.karate - [print]
10:56:29.916 [ForkJoinPool-1-worker-7] INFO  com.intuit.karate - [print] testing xlinkurl:http://geodata.nationaalgeoregister.nl/cbsprovincies/extract/cbsprovincies.zip
10:56:29.943 [ForkJoinPool-1-worker-13] INFO  com.intuit.karate - [print]
10:56:29.943 [ForkJoinPool-1-worker-13] INFO  com.intuit.karate - [print] testing xlinkurl:https://ngr.acceptatie.nationaalgeoregister.nl/geonetwork/srv/resourcesddf87610-2724-11e2-81c1-0800200c9a66
10:56:29.970 [ForkJoinPool-1-worker-5] INFO  com.intuit.karate - [print]
10:56:29.970 [ForkJoinPool-1-worker-5] INFO  com.intuit.karate - [print] testing xlinkurl:http://nationaalgeoregister.nl/geonetwork/srv/dut/csw?SERVICE=CSW&version=2.0.2&REQUEST=GetRecordById&elementSetName=full&OutputSchema=http://www.isotc211.org/2005/gmd&ID=34e6165f-1269-48d1-b255-0f05d163d692
10:56:30.045 [ForkJoinPool-1-worker-11] ERROR com.intuit.karate - assertion failed: path: $, actual: 404, expected: 200, reason: not equal (Integer)
10:56:30.045 [ForkJoinPool-1-worker-11] ERROR com.intuit.karate - feature call (loop) failed at index: 2
caller: classpath:InspireTest/ngr/datasetrecords/def/checkxlinkurl.template.feature
arg: {"link":"http://rdfdata.eionet.europa.eu/inspirethemes/themes/#"}
checkxlinkurl.template.feature:22 - path: $, actual: 404, expected: 200, reason: not equal (Integer)
10:56:30.047 [ForkJoinPool-1-worker-11] INFO  com.intuit.karate - [print]
10:56:30.047 [ForkJoinPool-1-worker-11] INFO  com.intuit.karate - [print] testing xlinkurl:https://www.nationaalgeoregister.nl/geonetwork/srv/eng/thesaurus.download?ref=external.theme.inspire-theme
10:56:30.114 [ForkJoinPool-1-worker-9] INFO  com.intuit.karate - [print] title:Vervoersnetwerken - Waterwegen (INSPIRE geharmoniseerd) - WT
10:56:30.114 [ForkJoinPool-1-worker-9] INFO  com.intuit.karate - [print] Vervoersnetwerken - Waterwegen (INSPIRE geharmoniseerd) - WT
10:56:30.115 [ForkJoinPool-1-worker-9] INFO  com.intuit.karate - [print] [
  "servicedesk-data@rijkswaterstaat.nl",
  "servicedesk-data@rijkswaterstaat.nl",
  "",
  "servicedesk-data@rijkswaterstaat.nl",
  "info@wetransform.to"
]

10:56:30.117 [ForkJoinPool-1-worker-9] INFO  com.intuit.karate - [print] organisation: [
  "Rijkswaterstaat",
  "Rijkswaterstaat",
  "",
  "Rijkswaterstaat",
  "Wetransform"
]

10:56:30.119 [ForkJoinPool-1-worker-9] INFO  com.intuit.karate - [print] [
  "https://www.nationaalgeoregister.nl/geonetwork/srv/dut/catalog.search#/metadata/eu-2c7040b-c448-451b-bf15-f2416ecaadd1",
  "http://rdfdata.eionet.europa.eu/inspirethemes/themes/7",
  "urn:ogc:def:crs:EPSG::5709"
]

10:56:30.132 [ForkJoinPool-1-worker-9] INFO  com.intuit.karate - [print]
10:56:30.132 [ForkJoinPool-1-worker-9] INFO  com.intuit.karate - [print] testing xlinkurl:https://www.nationaalgeoregister.nl/geonetwork/srv/dut/catalog.search#/metadata/eu-2c7040b-c448-451b-bf15-f2416ecaadd1
10:56:30.180 [ForkJoinPool-1-worker-3] ERROR com.intuit.karate - assertion failed: path: $, actual: 404, expected: 200, reason: not equal (Integer)
10:56:30.180 [ForkJoinPool-1-worker-3] ERROR com.intuit.karate - feature call (loop) failed at index: 1
caller: classpath:InspireTest/ngr/datasetrecords/def/checkxlinkurl.template.feature
arg: {"link":"https://ngr.acceptatie.nationaalgeoregister.nl/geonetwork/srv/resourcesd72ddff0-2724-11e2-81c1-0800200c9a66"}
checkxlinkurl.template.feature:22 - path: $, actual: 404, expected: 200, reason: not equal (Integer)
10:56:30.224 [ForkJoinPool-1-worker-7] INFO  com.intuit.karate - [print]
10:56:30.224 [ForkJoinPool-1-worker-7] INFO  com.intuit.karate - [print] testing xlinkurl:
10:56:30.225 [ForkJoinPool-1-worker-7] ERROR com.intuit.karate - org.apache.http.client.ClientProtocolException, http call failed after 0 milliseconds for URL: 
10:56:30.225 [ForkJoinPool-1-worker-7] ERROR com.intuit.karate - http request failed: 
org.apache.http.client.ClientProtocolException
10:56:30.225 [ForkJoinPool-1-worker-7] ERROR com.intuit.karate - feature call (loop) failed at index: 1
caller: classpath:InspireTest/ngr/datasetrecords/def/checkxlinkurl.template.feature
arg: {"link":""}
checkxlinkurl.template.feature:14 - 
org.apache.http.client.ClientProtocolException
10:56:30.233 [ForkJoinPool-1-worker-13] ERROR com.intuit.karate - assertion failed: path: $, actual: 404, expected: 200, reason: not equal (Integer)
10:56:30.233 [ForkJoinPool-1-worker-13] ERROR com.intuit.karate - feature call (loop) failed at index: 1
caller: classpath:InspireTest/ngr/datasetrecords/def/checkxlinkurl.template.feature
arg: {"link":"https://ngr.acceptatie.nationaalgeoregister.nl/geonetwork/srv/resourcesddf87610-2724-11e2-81c1-0800200c9a66"}
checkxlinkurl.template.feature:22 - path: $, actual: 404, expected: 200, reason: not equal (Integer)
10:56:30.379 [ForkJoinPool-1-worker-11] ERROR com.intuit.karate - assertion failed: path: $, actual: 500, expected: 200, reason: not equal (Integer)
10:56:30.379 [ForkJoinPool-1-worker-11] ERROR com.intuit.karate - feature call (loop) failed at index: 3
caller: classpath:InspireTest/ngr/datasetrecords/def/checkxlinkurl.template.feature
arg: {"link":"https://www.nationaalgeoregister.nl/geonetwork/srv/eng/thesaurus.download?ref=external.theme.inspire-theme"}
checkxlinkurl.template.feature:22 - path: $, actual: 500, expected: 200, reason: not equal (Integer)
10:56:30.485 [ForkJoinPool-1-worker-5] INFO  com.intuit.karate - [print]
10:56:30.485 [ForkJoinPool-1-worker-5] INFO  com.intuit.karate - [print] testing xlinkurl:https://creativecommons.org/publicdomain/mark/*/deed.nl
10:56:30.495 [ForkJoinPool-1-worker-9] INFO  com.intuit.karate - [print]
10:56:30.495 [ForkJoinPool-1-worker-9] INFO  com.intuit.karate - [print] testing xlinkurl:http://rdfdata.eionet.europa.eu/inspirethemes/themes/7
10:56:30.527 [ForkJoinPool-1-worker-5] ERROR com.intuit.karate - assertion failed: path: $, actual: 404, expected: 200, reason: not equal (Integer)
10:56:30.528 [ForkJoinPool-1-worker-5] ERROR com.intuit.karate - feature call (loop) failed at index: 2
caller: classpath:InspireTest/ngr/datasetrecords/def/checkxlinkurl.template.feature
arg: {"link":"https://creativecommons.org/publicdomain/mark/*/deed.nl"}
checkxlinkurl.template.feature:22 - path: $, actual: 404, expected: 200, reason: not equal (Integer)
10:56:30.530 [ForkJoinPool-1-worker-5] INFO  com.intuit.karate - [print]
10:56:30.532 [ForkJoinPool-1-worker-5] INFO  com.intuit.karate - [print] testing xlinkurl:
10:56:30.533 [ForkJoinPool-1-worker-5] ERROR com.intuit.karate - org.apache.http.client.ClientProtocolException, http call failed after 0 milliseconds for URL: 
10:56:30.534 [ForkJoinPool-1-worker-5] ERROR com.intuit.karate - http request failed: 
org.apache.http.client.ClientProtocolException
10:56:30.535 [ForkJoinPool-1-worker-5] ERROR com.intuit.karate - feature call (loop) failed at index: 3
caller: classpath:InspireTest/ngr/datasetrecords/def/checkxlinkurl.template.feature
arg: {"link":""}
checkxlinkurl.template.feature:14 - 
org.apache.http.client.ClientProtocolException
10:56:30.709 [ForkJoinPool-1-worker-9] ERROR com.intuit.karate - assertion failed: path: $, actual: 404, expected: 200, reason: not equal (Integer)
10:56:30.709 [ForkJoinPool-1-worker-9] ERROR com.intuit.karate - feature call (loop) failed at index: 1
caller: classpath:InspireTest/ngr/datasetrecords/def/checkxlinkurl.template.feature
arg: {"link":"http://rdfdata.eionet.europa.eu/inspirethemes/themes/7"}
checkxlinkurl.template.feature:22 - path: $, actual: 404, expected: 200, reason: not equal (Integer)
10:56:30.710 [ForkJoinPool-1-worker-9] INFO  com.intuit.karate - [print]
10:56:30.710 [ForkJoinPool-1-worker-9] INFO  com.intuit.karate - [print] testing xlinkurl:urn:ogc:def:crs:EPSG::5709
10:56:30.710 [ForkJoinPool-1-worker-9] ERROR com.intuit.karate - org.apache.http.client.ClientProtocolException: URI does not specify a valid host name: urn:ogc:def:crs:EPSG::5709, http call failed after 0 milliseconds for URL: urn:ogc:def:crs:EPSG::5709
10:56:30.710 [ForkJoinPool-1-worker-9] ERROR com.intuit.karate - http request failed: 
org.apache.http.client.ClientProtocolException: URI does not specify a valid host name: urn:ogc:def:crs:EPSG::5709
10:56:30.710 [ForkJoinPool-1-worker-9] ERROR com.intuit.karate - feature call (loop) failed at index: 2
caller: classpath:InspireTest/ngr/datasetrecords/def/checkxlinkurl.template.feature
arg: {"link":"urn:ogc:def:crs:EPSG::5709"}
checkxlinkurl.template.feature:14 - 
org.apache.http.client.ClientProtocolException: URI does not specify a valid host name: urn:ogc:def:crs:EPSG::5709
10:56:30.823 [ForkJoinPool-1-worker-3] INFO  com.intuit.karate - [print] title:Maritieme grenzen - Noordzee
10:56:30.824 [ForkJoinPool-1-worker-3] INFO  com.intuit.karate - [print] Maritieme grenzen - Noordzee
10:56:30.825 [ForkJoinPool-1-worker-3] INFO  com.intuit.karate - [print] [
  "data@hydro.nl",
  "data@hydro.nl",
  "data@hydro.nl",
  "",
  ""
]

10:56:30.827 [ForkJoinPool-1-worker-3] INFO  com.intuit.karate - [print] organisation: [
  "Ministerie van Defensie, Koninklijke Marine, Dienst der Hydrografie",
  "Ministerie van Defensie, Koninklijke Marine, Dienst der Hydrografie",
  "Ministerie van Defensie, Koninklijke Marine, Dienst der Hydrografie"
]

10:56:30.829 [ForkJoinPool-1-worker-3] INFO  com.intuit.karate - [print] [
  "http://www.opengis.net/def/crs/EPSG/0/https://www.opengis.net/def/crs/EPSG/0/4258",
  "https://www.nationaalgeoregister.nl:443/geonetwork/srv/api/records/a5241416-8401-4623-be61-57ef50447a41"
]

10:56:30.836 [ForkJoinPool-1-worker-3] INFO  com.intuit.karate - [print]
10:56:30.837 [ForkJoinPool-1-worker-3] INFO  com.intuit.karate - [print] testing xlinkurl:http://www.opengis.net/def/crs/EPSG/0/https://www.opengis.net/def/crs/EPSG/0/4258
10:56:30.875 [ForkJoinPool-1-worker-7] INFO  com.intuit.karate - [print] title:Land Use 2015
10:56:30.876 [ForkJoinPool-1-worker-7] INFO  com.intuit.karate - [print] Land Use 2015
10:56:30.877 [ForkJoinPool-1-worker-7] INFO  com.intuit.karate - [print] [
  "infoservice@cbs.nl",
  "infoservice@cbs.nl",
  "",
  "",
  ""
]

10:56:30.879 [ForkJoinPool-1-worker-7] INFO  com.intuit.karate - [print] organisation: [
  "Statistics Netherlands",
  "Statistics Netherlands",
  "PDOK"
]

10:56:30.881 [ForkJoinPool-1-worker-7] INFO  com.intuit.karate - [print] [
]

10:56:30.968 [ForkJoinPool-1-worker-13] INFO  com.intuit.karate - [print] title:Overstromingsrisicokaarten
10:56:30.969 [ForkJoinPool-1-worker-13] INFO  com.intuit.karate - [print] Overstromingsrisicokaarten
10:56:30.971 [ForkJoinPool-1-worker-13] INFO  com.intuit.karate - [print] [
  "inspire@gbo-provincies.nl",
  "inspire@gbo-provincies.nl",
  "inspire@gbo-provincies.nl"
]

10:56:30.975 [ForkJoinPool-1-worker-13] INFO  com.intuit.karate - [print] organisation: [
  "Interprovinciaal Overleg",
  "Interprovinciaal Overleg",
  "Interprovinciaal Overleg"
]

10:56:30.982 [ForkJoinPool-1-worker-13] INFO  com.intuit.karate - [print] [
  "http://nationaalgeoregister.nl/geonetwork/srv/dut/csw?SERVICE=CSW&version=2.0.2&REQUEST=GetRecordById&elementSetName=full&OutputSchema=http://www.isotc211.org/2005/gmd&ID=2daad588-11ef-47de-9832-6fe2c3b93e6d",
  "https://creativecommons.org/publicdomain/mark/*/deed.nl",
  ""
]

10:56:30.987 [ForkJoinPool-1-worker-13] INFO  com.intuit.karate - [print]
10:56:30.987 [ForkJoinPool-1-worker-13] INFO  com.intuit.karate - [print] testing xlinkurl:http://nationaalgeoregister.nl/geonetwork/srv/dut/csw?SERVICE=CSW&version=2.0.2&REQUEST=GetRecordById&elementSetName=full&OutputSchema=http://www.isotc211.org/2005/gmd&ID=2daad588-11ef-47de-9832-6fe2c3b93e6d
10:56:31.026 [ForkJoinPool-1-worker-11] INFO  com.intuit.karate - [print] title:Overstromingsgevaarkaarten
10:56:31.027 [ForkJoinPool-1-worker-11] INFO  com.intuit.karate - [print] Overstromingsgevaarkaarten
10:56:31.028 [ForkJoinPool-1-worker-11] INFO  com.intuit.karate - [print] [
  "inspire@gbo-provincies.nl",
  "inspire@gbo-provincies.nl",
  "inspire@gbo-provincies.nl"
]

10:56:31.030 [ForkJoinPool-1-worker-11] INFO  com.intuit.karate - [print] organisation: [
  "Interprovinciaal Overleg",
  "Interprovinciaal Overleg",
  "Interprovinciaal Overleg"
]

10:56:31.033 [ForkJoinPool-1-worker-11] INFO  com.intuit.karate - [print] [
  "http://nationaalgeoregister.nl/geonetwork/srv/dut/csw?SERVICE=CSW&version=2.0.2&REQUEST=GetRecordById&elementSetName=full&OutputSchema=http://www.isotc211.org/2005/gmd&ID=bc2c53f6-c908-4d7c-a6c0-78d9a2855640",
  "https://creativecommons.org/publicdomain/mark/*/deed.nl",
  ""
]

10:56:31.041 [ForkJoinPool-1-worker-11] INFO  com.intuit.karate - [print]
10:56:31.041 [ForkJoinPool-1-worker-11] INFO  com.intuit.karate - [print] testing xlinkurl:http://nationaalgeoregister.nl/geonetwork/srv/dut/csw?SERVICE=CSW&version=2.0.2&REQUEST=GetRecordById&elementSetName=full&OutputSchema=http://www.isotc211.org/2005/gmd&ID=bc2c53f6-c908-4d7c-a6c0-78d9a2855640
10:56:31.139 [ForkJoinPool-1-worker-3] INFO  com.intuit.karate - [print]
10:56:31.140 [ForkJoinPool-1-worker-3] INFO  com.intuit.karate - [print] testing xlinkurl:https://www.nationaalgeoregister.nl:443/geonetwork/srv/api/records/a5241416-8401-4623-be61-57ef50447a41
10:56:31.144 [ForkJoinPool-1-worker-5] INFO  com.intuit.karate - [print] title:Nationale Landschappen
10:56:31.145 [ForkJoinPool-1-worker-5] INFO  com.intuit.karate - [print] Nationale Landschappen
10:56:31.145 [ForkJoinPool-1-worker-5] INFO  com.intuit.karate - [print] [
  "inspire@gbo-provincies.nl",
  "inspire@gbo-provincies.nl",
  "inspire@gbo-provincies.nl"
]

10:56:31.147 [ForkJoinPool-1-worker-5] INFO  com.intuit.karate - [print] organisation: [
  "Interprovinciaal Overleg",
  "Interprovinciaal Overleg",
  "Interprovinciaal Overleg"
]

10:56:31.149 [ForkJoinPool-1-worker-5] INFO  com.intuit.karate - [print] [
  "http://www.opengis.net/def/crs/EPSG/0/http://www.opengis.net/def/crs/EPSG/0/3034",
  "http://nationaalgeoregister.nl/geonetwork/srv/dut/csw?SERVICE=CSW&version=2.0.2&REQUEST=GetRecordById&elementSetName=full&OutputSchema=http://www.isotc211.org/2005/gmd&ID=60a2a7c2-d5b3-4ad5-b562-c448695357fb",
  "https://creativecommons.org/publicdomain/mark/*/deed.nl",
  ""
]

10:56:31.155 [ForkJoinPool-1-worker-5] INFO  com.intuit.karate - [print]
10:56:31.155 [ForkJoinPool-1-worker-5] INFO  com.intuit.karate - [print] testing xlinkurl:http://www.opengis.net/def/crs/EPSG/0/http://www.opengis.net/def/crs/EPSG/0/3034
10:56:31.286 [ForkJoinPool-1-worker-9] INFO  com.intuit.karate - [print] title:Afvalinrichtingen inclusief nucleaire inrichtingen
10:56:31.286 [ForkJoinPool-1-worker-9] INFO  com.intuit.karate - [print] Afvalinrichtingen inclusief nucleaire inrichtingen
10:56:31.288 [ForkJoinPool-1-worker-9] INFO  com.intuit.karate - [print] [
  "inspire@gbo-provincies.nl",
  "inspire@gbo-provincies.nl",
  "inspire@gbo-provincies.nl"
]

10:56:31.290 [ForkJoinPool-1-worker-9] INFO  com.intuit.karate - [print] organisation: [
  "Interprovinciaal Overleg",
  "Interprovinciaal Overleg",
  "Interprovinciaal Overleg"
]

10:56:31.293 [ForkJoinPool-1-worker-9] INFO  com.intuit.karate - [print] [
  "http://nationaalgeoregister.nl/geonetwork/srv/dut/csw?SERVICE=CSW&version=2.0.2&REQUEST=GetRecordById&elementSetName=full&OutputSchema=http://www.isotc211.org/2005/gmd&ID=f5f68d51-2ca4-4897-8227-d3938b2b0a7e",
  "https://creativecommons.org/publicdomain/mark/*/deed.nl",
  ""
]

10:56:31.298 [ForkJoinPool-1-worker-9] INFO  com.intuit.karate - [print]
10:56:31.299 [ForkJoinPool-1-worker-9] INFO  com.intuit.karate - [print] testing xlinkurl:http://nationaalgeoregister.nl/geonetwork/srv/dut/csw?SERVICE=CSW&version=2.0.2&REQUEST=GetRecordById&elementSetName=full&OutputSchema=http://www.isotc211.org/2005/gmd&ID=f5f68d51-2ca4-4897-8227-d3938b2b0a7e
10:56:31.424 [ForkJoinPool-1-worker-3] ERROR com.intuit.karate - assertion failed: path: $, actual: 400, expected: 200, reason: not equal (Integer)
10:56:31.424 [ForkJoinPool-1-worker-3] ERROR com.intuit.karate - feature call (loop) failed at index: 1
caller: classpath:InspireTest/ngr/datasetrecords/def/checkxlinkurl.template.feature
arg: {"link":"https://www.nationaalgeoregister.nl:443/geonetwork/srv/api/records/a5241416-8401-4623-be61-57ef50447a41"}
checkxlinkurl.template.feature:22 - path: $, actual: 400, expected: 200, reason: not equal (Integer)
10:56:31.454 [ForkJoinPool-1-worker-5] INFO  com.intuit.karate - [print]
10:56:31.455 [ForkJoinPool-1-worker-5] INFO  com.intuit.karate - [print] testing xlinkurl:http://nationaalgeoregister.nl/geonetwork/srv/dut/csw?SERVICE=CSW&version=2.0.2&REQUEST=GetRecordById&elementSetName=full&OutputSchema=http://www.isotc211.org/2005/gmd&ID=60a2a7c2-d5b3-4ad5-b562-c448695357fb
10:56:31.463 [ForkJoinPool-1-worker-13] INFO  com.intuit.karate - [print]
10:56:31.463 [ForkJoinPool-1-worker-13] INFO  com.intuit.karate - [print] testing xlinkurl:https://creativecommons.org/publicdomain/mark/*/deed.nl
10:56:31.480 [ForkJoinPool-1-worker-7] INFO  com.intuit.karate - [print] title:Stiltegebieden
10:56:31.480 [ForkJoinPool-1-worker-7] INFO  com.intuit.karate - [print] Stiltegebieden
10:56:31.482 [ForkJoinPool-1-worker-7] INFO  com.intuit.karate - [print] [
  "inspire@gbo-provincies.nl",
  "inspire@gbo-provincies.nl",
  "inspire@gbo-provincies.nl"
]

10:56:31.483 [ForkJoinPool-1-worker-7] INFO  com.intuit.karate - [print] organisation: [
  "Interprovinciaal Overleg",
  "Interprovinciaal Overleg",
  "Interprovinciaal Overleg"
]

10:56:31.493 [ForkJoinPool-1-worker-7] INFO  com.intuit.karate - [print] [
  "http://www.opengis.net/def/crs/EPSG/0/http://www.opengis.net/def/crs/EPSG/0/3034",
  "http://nationaalgeoregister.nl/geonetwork/srv/dut/csw?SERVICE=CSW&version=2.0.2&REQUEST=GetRecordById&elementSetName=full&OutputSchema=http://www.isotc211.org/2005/gmd&ID=cc408b2d-09a6-4b2b-9aa3-b46bfe2f00a5",
  "https://creativecommons.org/publicdomain/mark/*/deed.nl",
  ""
]

10:56:31.499 [ForkJoinPool-1-worker-7] INFO  com.intuit.karate - [print]
10:56:31.500 [ForkJoinPool-1-worker-7] INFO  com.intuit.karate - [print] testing xlinkurl:http://www.opengis.net/def/crs/EPSG/0/http://www.opengis.net/def/crs/EPSG/0/3034
10:56:31.508 [ForkJoinPool-1-worker-13] ERROR com.intuit.karate - assertion failed: path: $, actual: 404, expected: 200, reason: not equal (Integer)
10:56:31.508 [ForkJoinPool-1-worker-13] ERROR com.intuit.karate - feature call (loop) failed at index: 1
caller: classpath:InspireTest/ngr/datasetrecords/def/checkxlinkurl.template.feature
arg: {"link":"https://creativecommons.org/publicdomain/mark/*/deed.nl"}
checkxlinkurl.template.feature:22 - path: $, actual: 404, expected: 200, reason: not equal (Integer)
10:56:31.510 [ForkJoinPool-1-worker-13] INFO  com.intuit.karate - [print]
10:56:31.511 [ForkJoinPool-1-worker-13] INFO  com.intuit.karate - [print] testing xlinkurl:
10:56:31.511 [ForkJoinPool-1-worker-13] ERROR com.intuit.karate - org.apache.http.client.ClientProtocolException, http call failed after 0 milliseconds for URL: 
10:56:31.512 [ForkJoinPool-1-worker-13] ERROR com.intuit.karate - http request failed: 
org.apache.http.client.ClientProtocolException
10:56:31.512 [ForkJoinPool-1-worker-13] ERROR com.intuit.karate - feature call (loop) failed at index: 2
caller: classpath:InspireTest/ngr/datasetrecords/def/checkxlinkurl.template.feature
arg: {"link":""}
checkxlinkurl.template.feature:14 - 
org.apache.http.client.ClientProtocolException
10:56:31.539 [ForkJoinPool-1-worker-11] INFO  com.intuit.karate - [print]
10:56:31.539 [ForkJoinPool-1-worker-11] INFO  com.intuit.karate - [print] testing xlinkurl:https://creativecommons.org/publicdomain/mark/*/deed.nl
10:56:31.574 [ForkJoinPool-1-worker-11] ERROR com.intuit.karate - assertion failed: path: $, actual: 404, expected: 200, reason: not equal (Integer)
10:56:31.574 [ForkJoinPool-1-worker-11] ERROR com.intuit.karate - feature call (loop) failed at index: 1
caller: classpath:InspireTest/ngr/datasetrecords/def/checkxlinkurl.template.feature
arg: {"link":"https://creativecommons.org/publicdomain/mark/*/deed.nl"}
checkxlinkurl.template.feature:22 - path: $, actual: 404, expected: 200, reason: not equal (Integer)
10:56:31.576 [ForkJoinPool-1-worker-11] INFO  com.intuit.karate - [print]
10:56:31.577 [ForkJoinPool-1-worker-11] INFO  com.intuit.karate - [print] testing xlinkurl:
10:56:31.577 [ForkJoinPool-1-worker-11] ERROR com.intuit.karate - org.apache.http.client.ClientProtocolException, http call failed after 0 milliseconds for URL: 
10:56:31.577 [ForkJoinPool-1-worker-11] ERROR com.intuit.karate - http request failed: 
org.apache.http.client.ClientProtocolException
10:56:31.578 [ForkJoinPool-1-worker-11] ERROR com.intuit.karate - feature call (loop) failed at index: 2
caller: classpath:InspireTest/ngr/datasetrecords/def/checkxlinkurl.template.feature
arg: {"link":""}
checkxlinkurl.template.feature:14 - 
org.apache.http.client.ClientProtocolException
10:56:31.799 [ForkJoinPool-1-worker-7] INFO  com.intuit.karate - [print]
10:56:31.799 [ForkJoinPool-1-worker-7] INFO  com.intuit.karate - [print] testing xlinkurl:http://nationaalgeoregister.nl/geonetwork/srv/dut/csw?SERVICE=CSW&version=2.0.2&REQUEST=GetRecordById&elementSetName=full&OutputSchema=http://www.isotc211.org/2005/gmd&ID=cc408b2d-09a6-4b2b-9aa3-b46bfe2f00a5
10:56:31.815 [ForkJoinPool-1-worker-9] INFO  com.intuit.karate - [print]
10:56:31.815 [ForkJoinPool-1-worker-9] INFO  com.intuit.karate - [print] testing xlinkurl:https://creativecommons.org/publicdomain/mark/*/deed.nl
10:56:31.852 [ForkJoinPool-1-worker-9] ERROR com.intuit.karate - assertion failed: path: $, actual: 404, expected: 200, reason: not equal (Integer)
10:56:31.852 [ForkJoinPool-1-worker-9] ERROR com.intuit.karate - feature call (loop) failed at index: 1
caller: classpath:InspireTest/ngr/datasetrecords/def/checkxlinkurl.template.feature
arg: {"link":"https://creativecommons.org/publicdomain/mark/*/deed.nl"}
checkxlinkurl.template.feature:22 - path: $, actual: 404, expected: 200, reason: not equal (Integer)
10:56:31.855 [ForkJoinPool-1-worker-9] INFO  com.intuit.karate - [print]
10:56:31.856 [ForkJoinPool-1-worker-9] INFO  com.intuit.karate - [print] testing xlinkurl:
10:56:31.857 [ForkJoinPool-1-worker-9] ERROR com.intuit.karate - org.apache.http.client.ClientProtocolException, http call failed after 0 milliseconds for URL: 
10:56:31.857 [ForkJoinPool-1-worker-9] ERROR com.intuit.karate - http request failed: 
org.apache.http.client.ClientProtocolException
10:56:31.858 [ForkJoinPool-1-worker-9] ERROR com.intuit.karate - feature call (loop) failed at index: 2
caller: classpath:InspireTest/ngr/datasetrecords/def/checkxlinkurl.template.feature
arg: {"link":""}
checkxlinkurl.template.feature:14 - 
org.apache.http.client.ClientProtocolException
10:56:31.973 [ForkJoinPool-1-worker-5] INFO  com.intuit.karate - [print]
10:56:31.974 [ForkJoinPool-1-worker-5] INFO  com.intuit.karate - [print] testing xlinkurl:https://creativecommons.org/publicdomain/mark/*/deed.nl
10:56:32.018 [ForkJoinPool-1-worker-5] ERROR com.intuit.karate - assertion failed: path: $, actual: 404, expected: 200, reason: not equal (Integer)
10:56:32.019 [ForkJoinPool-1-worker-5] ERROR com.intuit.karate - feature call (loop) failed at index: 2
caller: classpath:InspireTest/ngr/datasetrecords/def/checkxlinkurl.template.feature
arg: {"link":"https://creativecommons.org/publicdomain/mark/*/deed.nl"}
checkxlinkurl.template.feature:22 - path: $, actual: 404, expected: 200, reason: not equal (Integer)
10:56:32.021 [ForkJoinPool-1-worker-5] INFO  com.intuit.karate - [print]
10:56:32.022 [ForkJoinPool-1-worker-5] INFO  com.intuit.karate - [print] testing xlinkurl:
10:56:32.023 [ForkJoinPool-1-worker-5] ERROR com.intuit.karate - org.apache.http.client.ClientProtocolException, http call failed after 0 milliseconds for URL: 
10:56:32.024 [ForkJoinPool-1-worker-5] ERROR com.intuit.karate - http request failed: 
org.apache.http.client.ClientProtocolException
10:56:32.024 [ForkJoinPool-1-worker-5] ERROR com.intuit.karate - feature call (loop) failed at index: 3
caller: classpath:InspireTest/ngr/datasetrecords/def/checkxlinkurl.template.feature
arg: {"link":""}
checkxlinkurl.template.feature:14 - 
org.apache.http.client.ClientProtocolException
10:56:32.086 [ForkJoinPool-1-worker-3] INFO  com.intuit.karate - [print] title:Provinciale monumenten
10:56:32.086 [ForkJoinPool-1-worker-3] INFO  com.intuit.karate - [print] Provinciale monumenten
10:56:32.087 [ForkJoinPool-1-worker-3] INFO  com.intuit.karate - [print] [
  "inspire@gbo-provincies.nl",
  "inspire@gbo-provincies.nl",
  "inspire@gbo-provincies.nl"
]

10:56:32.087 [ForkJoinPool-1-worker-3] INFO  com.intuit.karate - [print] organisation: [
  "Interprovinciaal Overleg",
  "Interprovinciaal Overleg",
  "Interprovinciaal Overleg"
]

10:56:32.089 [ForkJoinPool-1-worker-3] INFO  com.intuit.karate - [print] [
  "http://www.opengis.net/def/crs/EPSG/0/http://www.opengis.net/def/crs/EPSG/0/3034",
  "http://nationaalgeoregister.nl/geonetwork/srv/dut/csw?SERVICE=CSW&version=2.0.2&REQUEST=GetRecordById&elementSetName=full&OutputSchema=http://www.isotc211.org/2005/gmd&ID=ca94a0cb-7561-4a10-a7d6-b840e56c33ff",
  "https://creativecommons.org/publicdomain/mark/*/deed.nl",
  ""
]

10:56:32.092 [ForkJoinPool-1-worker-3] INFO  com.intuit.karate - [print]
10:56:32.093 [ForkJoinPool-1-worker-3] INFO  com.intuit.karate - [print] testing xlinkurl:http://www.opengis.net/def/crs/EPSG/0/http://www.opengis.net/def/crs/EPSG/0/3034
10:56:32.182 [ForkJoinPool-1-worker-13] INFO  com.intuit.karate - [print] title:Wet Ammoniak en Veehouderij gebieden
10:56:32.182 [ForkJoinPool-1-worker-13] INFO  com.intuit.karate - [print] Wet Ammoniak en Veehouderij gebieden
10:56:32.182 [ForkJoinPool-1-worker-13] INFO  com.intuit.karate - [print] [
  "inspire@gbo-provincies.nl",
  "inspire@gbo-provincies.nl",
  "inspire@gbo-provincies.nl"
]

10:56:32.184 [ForkJoinPool-1-worker-13] INFO  com.intuit.karate - [print] organisation: [
  "Interprovinciaal Overleg",
  "Interprovinciaal Overleg",
  "Interprovinciaal Overleg"
]

10:56:32.187 [ForkJoinPool-1-worker-13] INFO  com.intuit.karate - [print] [
  "http://www.opengis.net/def/crs/EPSG/0/http://www.opengis.net/def/crs/EPSG/0/3034",
  "http://nationaalgeoregister.nl/geonetwork/srv/dut/csw?SERVICE=CSW&version=2.0.2&REQUEST=GetRecordById&elementSetName=full&OutputSchema=http://www.isotc211.org/2005/gmd&ID=998ba1dc-f6a6-49a3-a021-51f30d9b1d0e",
  "https://creativecommons.org/publicdomain/mark/*/deed.nl",
  ""
]

10:56:32.193 [ForkJoinPool-1-worker-13] INFO  com.intuit.karate - [print]
10:56:32.193 [ForkJoinPool-1-worker-13] INFO  com.intuit.karate - [print] testing xlinkurl:http://www.opengis.net/def/crs/EPSG/0/http://www.opengis.net/def/crs/EPSG/0/3034
10:56:32.332 [ForkJoinPool-1-worker-7] INFO  com.intuit.karate - [print]
10:56:32.332 [ForkJoinPool-1-worker-7] INFO  com.intuit.karate - [print] testing xlinkurl:https://creativecommons.org/publicdomain/mark/*/deed.nl
10:56:32.347 [ForkJoinPool-1-worker-11] INFO  com.intuit.karate - [print] title:Beschermde gebieden - Provincies (INSPIRE geharmoniseerd)
10:56:32.348 [ForkJoinPool-1-worker-11] INFO  com.intuit.karate - [print] Beschermde gebieden - Provincies (INSPIRE geharmoniseerd)
10:56:32.363 [ForkJoinPool-1-worker-11] INFO  com.intuit.karate - [print] [
  "inspire@gbo-provincies.nl",
  "inspire@gbo-provincies.nl",
  "inspire@gbo-provincies.nl"
]

10:56:32.367 [ForkJoinPool-1-worker-11] INFO  com.intuit.karate - [print] organisation: [
  "Interprovinciaal Overleg",
  "Interprovinciaal Overleg",
  "Interprovinciaal Overleg"
]

10:56:32.371 [ForkJoinPool-1-worker-11] INFO  com.intuit.karate - [print] [
  "http://www.opengis.net/def/crs/EPSG/0/http://www.opengis.net/def/crs/EPSG/0/3034",
  "http://nationaalgeoregister.nl/geonetwork/srv/dut/csw?SERVICE=CSW&version=2.0.2&REQUEST=GetRecordById&elementSetName=full&OutputSchema=http://www.isotc211.org/2005/gmd&ID=49ab8bee-b467-486a-96ca-b950443c453a",
  "https://creativecommons.org/publicdomain/mark/*/deed.nl",
  ""
]

10:56:32.377 [ForkJoinPool-1-worker-11] INFO  com.intuit.karate - [print]
10:56:32.378 [ForkJoinPool-1-worker-11] INFO  com.intuit.karate - [print] testing xlinkurl:http://www.opengis.net/def/crs/EPSG/0/http://www.opengis.net/def/crs/EPSG/0/3034
10:56:32.384 [ForkJoinPool-1-worker-3] INFO  com.intuit.karate - [print]
10:56:32.384 [ForkJoinPool-1-worker-3] INFO  com.intuit.karate - [print] testing xlinkurl:http://nationaalgeoregister.nl/geonetwork/srv/dut/csw?SERVICE=CSW&version=2.0.2&REQUEST=GetRecordById&elementSetName=full&OutputSchema=http://www.isotc211.org/2005/gmd&ID=ca94a0cb-7561-4a10-a7d6-b840e56c33ff
10:56:32.400 [ForkJoinPool-1-worker-7] ERROR com.intuit.karate - assertion failed: path: $, actual: 404, expected: 200, reason: not equal (Integer)
10:56:32.400 [ForkJoinPool-1-worker-7] ERROR com.intuit.karate - feature call (loop) failed at index: 2
caller: classpath:InspireTest/ngr/datasetrecords/def/checkxlinkurl.template.feature
arg: {"link":"https://creativecommons.org/publicdomain/mark/*/deed.nl"}
checkxlinkurl.template.feature:22 - path: $, actual: 404, expected: 200, reason: not equal (Integer)
10:56:32.401 [ForkJoinPool-1-worker-7] INFO  com.intuit.karate - [print]
10:56:32.401 [ForkJoinPool-1-worker-7] INFO  com.intuit.karate - [print] testing xlinkurl:
10:56:32.402 [ForkJoinPool-1-worker-7] ERROR com.intuit.karate - org.apache.http.client.ClientProtocolException, http call failed after 0 milliseconds for URL: 
10:56:32.402 [ForkJoinPool-1-worker-7] ERROR com.intuit.karate - http request failed: 
org.apache.http.client.ClientProtocolException
10:56:32.402 [ForkJoinPool-1-worker-7] ERROR com.intuit.karate - feature call (loop) failed at index: 3
caller: classpath:InspireTest/ngr/datasetrecords/def/checkxlinkurl.template.feature
arg: {"link":""}
checkxlinkurl.template.feature:14 - 
org.apache.http.client.ClientProtocolException
10:56:32.487 [ForkJoinPool-1-worker-13] INFO  com.intuit.karate - [print]
10:56:32.487 [ForkJoinPool-1-worker-13] INFO  com.intuit.karate - [print] testing xlinkurl:http://nationaalgeoregister.nl/geonetwork/srv/dut/csw?SERVICE=CSW&version=2.0.2&REQUEST=GetRecordById&elementSetName=full&OutputSchema=http://www.isotc211.org/2005/gmd&ID=998ba1dc-f6a6-49a3-a021-51f30d9b1d0e
10:56:32.536 [ForkJoinPool-1-worker-9] INFO  com.intuit.karate - [print] title:NB-wetgebieden buiten Natura 2000
10:56:32.537 [ForkJoinPool-1-worker-9] INFO  com.intuit.karate - [print] NB-wetgebieden buiten Natura 2000
10:56:32.540 [ForkJoinPool-1-worker-9] INFO  com.intuit.karate - [print] [
  "inspire@gbo-provincies.nl",
  "inspire@gbo-provincies.nl",
  "inspire@gbo-provincies.nl"
]

10:56:32.544 [ForkJoinPool-1-worker-9] INFO  com.intuit.karate - [print] organisation: [
  "Interprovinciaal Overleg",
  "Interprovinciaal Overleg",
  "Interprovinciaal Overleg"
]

10:56:32.550 [ForkJoinPool-1-worker-9] INFO  com.intuit.karate - [print] [
  "http://www.opengis.net/def/crs/EPSG/0/http://www.opengis.net/def/crs/EPSG/0/3034",
  "http://nationaalgeoregister.nl/geonetwork/srv/dut/csw?SERVICE=CSW&version=2.0.2&REQUEST=GetRecordById&elementSetName=full&OutputSchema=http://www.isotc211.org/2005/gmd&ID=f0821bfe-5a0a-11e9-8647-d663bd873d93",
  "https://creativecommons.org/publicdomain/mark/*/deed.nl",
  ""
]

10:56:32.556 [ForkJoinPool-1-worker-9] INFO  com.intuit.karate - [print]
10:56:32.562 [ForkJoinPool-1-worker-9] INFO  com.intuit.karate - [print] testing xlinkurl:http://www.opengis.net/def/crs/EPSG/0/http://www.opengis.net/def/crs/EPSG/0/3034
10:56:32.632 [ForkJoinPool-1-worker-5] INFO  com.intuit.karate - [print] title:Kaderrichtlijn Water - Stroomgebieddistricten Nederland EU2015
10:56:32.633 [ForkJoinPool-1-worker-5] INFO  com.intuit.karate - [print] Kaderrichtlijn Water - Stroomgebieddistricten Nederland EU2015
10:56:32.635 [ForkJoinPool-1-worker-5] INFO  com.intuit.karate - [print] [
  "servicedesk@ihw.nl",
  "servicedesk-data@rijkswaterstaat.nl",
  "",
  "servicedesk-data@rijkswaterstaat.nl",
  "servicedesk-data@rijkswaterstaat.nl"
]

10:56:32.637 [ForkJoinPool-1-worker-5] INFO  com.intuit.karate - [print] organisation: [
  "Informatiehuis Water",
  "Informatiehuis Water",
  "",
  "Rijkswaterstaat",
  "Rijkswaterstaat"
]

10:56:32.643 [ForkJoinPool-1-worker-5] INFO  com.intuit.karate - [print] [
  "https://www.nationaalgeoregister.nl/geonetwork/srv/dut/catalog.search#/metadata/10f9ec6-4464-462e-9765-83d90cefbeab",
  "http://rdfdata.eionet.europa.eu/inspirethemes/themes/24",
  "https://ngr.geocat.live/geonetwork/srv/eng/thesaurus.download?ref=external.theme.httpinspireeceuropaeumetadatacodelistPrioritydataset-Prioritydataset",
  "urn:ogc:def:crs:EPSG::5709"
]

10:56:32.659 [ForkJoinPool-1-worker-5] INFO  com.intuit.karate - [print]
10:56:32.661 [ForkJoinPool-1-worker-5] INFO  com.intuit.karate - [print] testing xlinkurl:https://www.nationaalgeoregister.nl/geonetwork/srv/dut/catalog.search#/metadata/10f9ec6-4464-462e-9765-83d90cefbeab
10:56:32.676 [ForkJoinPool-1-worker-11] INFO  com.intuit.karate - [print]
10:56:32.677 [ForkJoinPool-1-worker-11] INFO  com.intuit.karate - [print] testing xlinkurl:http://nationaalgeoregister.nl/geonetwork/srv/dut/csw?SERVICE=CSW&version=2.0.2&REQUEST=GetRecordById&elementSetName=full&OutputSchema=http://www.isotc211.org/2005/gmd&ID=49ab8bee-b467-486a-96ca-b950443c453a
10:56:32.857 [ForkJoinPool-1-worker-9] INFO  com.intuit.karate - [print]
10:56:32.858 [ForkJoinPool-1-worker-9] INFO  com.intuit.karate - [print] testing xlinkurl:http://nationaalgeoregister.nl/geonetwork/srv/dut/csw?SERVICE=CSW&version=2.0.2&REQUEST=GetRecordById&elementSetName=full&OutputSchema=http://www.isotc211.org/2005/gmd&ID=f0821bfe-5a0a-11e9-8647-d663bd873d93
10:56:32.884 [ForkJoinPool-1-worker-3] INFO  com.intuit.karate - [print]
10:56:32.884 [ForkJoinPool-1-worker-3] INFO  com.intuit.karate - [print] testing xlinkurl:https://creativecommons.org/publicdomain/mark/*/deed.nl
10:56:32.925 [ForkJoinPool-1-worker-3] ERROR com.intuit.karate - assertion failed: path: $, actual: 404, expected: 200, reason: not equal (Integer)
10:56:32.925 [ForkJoinPool-1-worker-3] ERROR com.intuit.karate - feature call (loop) failed at index: 2
caller: classpath:InspireTest/ngr/datasetrecords/def/checkxlinkurl.template.feature
arg: {"link":"https://creativecommons.org/publicdomain/mark/*/deed.nl"}
checkxlinkurl.template.feature:22 - path: $, actual: 404, expected: 200, reason: not equal (Integer)
10:56:32.926 [ForkJoinPool-1-worker-3] INFO  com.intuit.karate - [print]
10:56:32.926 [ForkJoinPool-1-worker-3] INFO  com.intuit.karate - [print] testing xlinkurl:
10:56:32.926 [ForkJoinPool-1-worker-3] ERROR com.intuit.karate - org.apache.http.client.ClientProtocolException, http call failed after 0 milliseconds for URL: 
10:56:32.926 [ForkJoinPool-1-worker-3] ERROR com.intuit.karate - http request failed: 
org.apache.http.client.ClientProtocolException
10:56:32.926 [ForkJoinPool-1-worker-3] ERROR com.intuit.karate - feature call (loop) failed at index: 3
caller: classpath:InspireTest/ngr/datasetrecords/def/checkxlinkurl.template.feature
arg: {"link":""}
checkxlinkurl.template.feature:14 - 
org.apache.http.client.ClientProtocolException
10:56:32.962 [ForkJoinPool-1-worker-13] INFO  com.intuit.karate - [print]
10:56:32.962 [ForkJoinPool-1-worker-13] INFO  com.intuit.karate - [print] testing xlinkurl:https://creativecommons.org/publicdomain/mark/*/deed.nl
10:56:32.999 [ForkJoinPool-1-worker-13] ERROR com.intuit.karate - assertion failed: path: $, actual: 404, expected: 200, reason: not equal (Integer)
10:56:32.999 [ForkJoinPool-1-worker-13] ERROR com.intuit.karate - feature call (loop) failed at index: 2
caller: classpath:InspireTest/ngr/datasetrecords/def/checkxlinkurl.template.feature
arg: {"link":"https://creativecommons.org/publicdomain/mark/*/deed.nl"}
checkxlinkurl.template.feature:22 - path: $, actual: 404, expected: 200, reason: not equal (Integer)
10:56:33.000 [ForkJoinPool-1-worker-13] INFO  com.intuit.karate - [print]
10:56:33.000 [ForkJoinPool-1-worker-13] INFO  com.intuit.karate - [print] testing xlinkurl:
10:56:33.001 [ForkJoinPool-1-worker-13] ERROR com.intuit.karate - org.apache.http.client.ClientProtocolException, http call failed after 0 milliseconds for URL: 
10:56:33.001 [ForkJoinPool-1-worker-13] ERROR com.intuit.karate - http request failed: 
org.apache.http.client.ClientProtocolException
10:56:33.001 [ForkJoinPool-1-worker-13] ERROR com.intuit.karate - feature call (loop) failed at index: 3
caller: classpath:InspireTest/ngr/datasetrecords/def/checkxlinkurl.template.feature
arg: {"link":""}
checkxlinkurl.template.feature:14 - 
org.apache.http.client.ClientProtocolException
10:56:33.002 [ForkJoinPool-1-worker-5] INFO  com.intuit.karate - [print]
10:56:33.003 [ForkJoinPool-1-worker-5] INFO  com.intuit.karate - [print] testing xlinkurl:http://rdfdata.eionet.europa.eu/inspirethemes/themes/24
10:56:33.023 [ForkJoinPool-1-worker-7] INFO  com.intuit.karate - [print] title:Kaderrichtlijn Water - Stroomgebieddistricten Nederland 2019 vlakken
10:56:33.024 [ForkJoinPool-1-worker-7] INFO  com.intuit.karate - [print] Kaderrichtlijn Water - Stroomgebieddistricten Nederland 2019 vlakken
10:56:33.026 [ForkJoinPool-1-worker-7] INFO  com.intuit.karate - [print] [
  "servicedesk-data@rijkswaterstaat.nl",
  "servicedesk-data@rijkswaterstaat.nl",
  "",
  "servicedesk-data@rijkswaterstaat.nl",
  "servicedesk-data@rijkswaterstaat.nl"
]

10:56:33.029 [ForkJoinPool-1-worker-7] INFO  com.intuit.karate - [print] organisation: [
  "Rijkswaterstaat",
  "Rijkswaterstaat",
  "",
  "Rijkswaterstaat",
  "Rijkswaterstaat"
]

10:56:33.033 [ForkJoinPool-1-worker-7] INFO  com.intuit.karate - [print] [
  "https://www.nationaalgeoregister.nl/geonetwork/srv/dut/catalog.search#/metadata/krw-f7bb2351-9788-42ea-a58b-a5ee1842304e",
  "http://rdfdata.eionet.europa.eu/inspirethemes/themes/24",
  "https://ngr.geocat.live/geonetwork/srv/eng/thesaurus.download?ref=external.theme.httpinspireeceuropaeumetadatacodelistPrioritydataset-Prioritydataset",
  "urn:ogc:def:crs:EPSG::5709"
]

10:56:33.041 [ForkJoinPool-1-worker-7] INFO  com.intuit.karate - [print]
10:56:33.042 [ForkJoinPool-1-worker-7] INFO  com.intuit.karate - [print] testing xlinkurl:https://www.nationaalgeoregister.nl/geonetwork/srv/dut/catalog.search#/metadata/krw-f7bb2351-9788-42ea-a58b-a5ee1842304e
10:56:33.203 [ForkJoinPool-1-worker-11] INFO  com.intuit.karate - [print]
10:56:33.204 [ForkJoinPool-1-worker-11] INFO  com.intuit.karate - [print] testing xlinkurl:https://creativecommons.org/publicdomain/mark/*/deed.nl
10:56:33.204 [ForkJoinPool-1-worker-5] ERROR com.intuit.karate - assertion failed: path: $, actual: 404, expected: 200, reason: not equal (Integer)
10:56:33.205 [ForkJoinPool-1-worker-5] ERROR com.intuit.karate - feature call (loop) failed at index: 1
caller: classpath:InspireTest/ngr/datasetrecords/def/checkxlinkurl.template.feature
arg: {"link":"http://rdfdata.eionet.europa.eu/inspirethemes/themes/24"}
checkxlinkurl.template.feature:22 - path: $, actual: 404, expected: 200, reason: not equal (Integer)
10:56:33.206 [ForkJoinPool-1-worker-5] INFO  com.intuit.karate - [print]
10:56:33.206 [ForkJoinPool-1-worker-5] INFO  com.intuit.karate - [print] testing xlinkurl:https://ngr.geocat.live/geonetwork/srv/eng/thesaurus.download?ref=external.theme.httpinspireeceuropaeumetadatacodelistPrioritydataset-Prioritydataset
10:56:33.249 [ForkJoinPool-1-worker-11] ERROR com.intuit.karate - assertion failed: path: $, actual: 404, expected: 200, reason: not equal (Integer)
10:56:33.250 [ForkJoinPool-1-worker-11] ERROR com.intuit.karate - feature call (loop) failed at index: 2
caller: classpath:InspireTest/ngr/datasetrecords/def/checkxlinkurl.template.feature
arg: {"link":"https://creativecommons.org/publicdomain/mark/*/deed.nl"}
checkxlinkurl.template.feature:22 - path: $, actual: 404, expected: 200, reason: not equal (Integer)
10:56:33.252 [ForkJoinPool-1-worker-11] INFO  com.intuit.karate - [print]
10:56:33.253 [ForkJoinPool-1-worker-11] INFO  com.intuit.karate - [print] testing xlinkurl:
10:56:33.254 [ForkJoinPool-1-worker-11] ERROR com.intuit.karate - org.apache.http.client.ClientProtocolException, http call failed after 0 milliseconds for URL: 
10:56:33.255 [ForkJoinPool-1-worker-11] ERROR com.intuit.karate - http request failed: 
org.apache.http.client.ClientProtocolException
10:56:33.256 [ForkJoinPool-1-worker-11] ERROR com.intuit.karate - feature call (loop) failed at index: 3
caller: classpath:InspireTest/ngr/datasetrecords/def/checkxlinkurl.template.feature
arg: {"link":""}
checkxlinkurl.template.feature:14 - 
org.apache.http.client.ClientProtocolException
10:56:33.365 [ForkJoinPool-1-worker-13] INFO  com.intuit.karate - [print] title:Overheidsdiensten
10:56:33.366 [ForkJoinPool-1-worker-13] INFO  com.intuit.karate - [print] Overheidsdiensten
10:56:33.368 [ForkJoinPool-1-worker-13] INFO  com.intuit.karate - [print] [
  "erik.simonse@kvk.nl",
  "erik.simonse@kvk.nl"
]

10:56:33.369 [ForkJoinPool-1-worker-13] INFO  com.intuit.karate - [print] organisation: [
  "Kamer van Koophandel",
  "Kamer van Koophandel"
]

10:56:33.371 [ForkJoinPool-1-worker-7] INFO  com.intuit.karate - [print]
10:56:33.373 [ForkJoinPool-1-worker-7] INFO  com.intuit.karate - [print] testing xlinkurl:http://rdfdata.eionet.europa.eu/inspirethemes/themes/24
10:56:33.427 [ForkJoinPool-1-worker-9] INFO  com.intuit.karate - [print]
10:56:33.429 [ForkJoinPool-1-worker-9] INFO  com.intuit.karate - [print] testing xlinkurl:https://creativecommons.org/publicdomain/mark/*/deed.nl
10:56:33.469 [ForkJoinPool-1-worker-9] ERROR com.intuit.karate - assertion failed: path: $, actual: 404, expected: 200, reason: not equal (Integer)
10:56:33.470 [ForkJoinPool-1-worker-9] ERROR com.intuit.karate - feature call (loop) failed at index: 2
caller: classpath:InspireTest/ngr/datasetrecords/def/checkxlinkurl.template.feature
arg: {"link":"https://creativecommons.org/publicdomain/mark/*/deed.nl"}
checkxlinkurl.template.feature:22 - path: $, actual: 404, expected: 200, reason: not equal (Integer)
10:56:33.472 [ForkJoinPool-1-worker-9] INFO  com.intuit.karate - [print]
10:56:33.473 [ForkJoinPool-1-worker-9] INFO  com.intuit.karate - [print] testing xlinkurl:
10:56:33.474 [ForkJoinPool-1-worker-9] ERROR com.intuit.karate - org.apache.http.client.ClientProtocolException, http call failed after 0 milliseconds for URL: 
10:56:33.474 [ForkJoinPool-1-worker-9] ERROR com.intuit.karate - http request failed: 
org.apache.http.client.ClientProtocolException
10:56:33.475 [ForkJoinPool-1-worker-9] ERROR com.intuit.karate - feature call (loop) failed at index: 3
caller: classpath:InspireTest/ngr/datasetrecords/def/checkxlinkurl.template.feature
arg: {"link":""}
checkxlinkurl.template.feature:14 - 
org.apache.http.client.ClientProtocolException
10:56:33.526 [ForkJoinPool-1-worker-5] ERROR com.intuit.karate - assertion failed: path: $, actual: 500, expected: 200, reason: not equal (Integer)
10:56:33.527 [ForkJoinPool-1-worker-5] ERROR com.intuit.karate - feature call (loop) failed at index: 2
caller: classpath:InspireTest/ngr/datasetrecords/def/checkxlinkurl.template.feature
arg: {"link":"https://ngr.geocat.live/geonetwork/srv/eng/thesaurus.download?ref=external.theme.httpinspireeceuropaeumetadatacodelistPrioritydataset-Prioritydataset"}
checkxlinkurl.template.feature:22 - path: $, actual: 500, expected: 200, reason: not equal (Integer)
10:56:33.530 [ForkJoinPool-1-worker-5] INFO  com.intuit.karate - [print]
10:56:33.536 [ForkJoinPool-1-worker-3] INFO  com.intuit.karate - [print] title:Territoriale Zee volgens UNCLOS - Noordzee
10:56:33.536 [ForkJoinPool-1-worker-3] INFO  com.intuit.karate - [print] Territoriale Zee volgens UNCLOS - Noordzee
10:56:33.537 [ForkJoinPool-1-worker-5] INFO  com.intuit.karate - [print] testing xlinkurl:urn:ogc:def:crs:EPSG::5709
10:56:33.538 [ForkJoinPool-1-worker-5] ERROR com.intuit.karate - org.apache.http.client.ClientProtocolException: URI does not specify a valid host name: urn:ogc:def:crs:EPSG::5709, http call failed after 0 milliseconds for URL: urn:ogc:def:crs:EPSG::5709
10:56:33.538 [ForkJoinPool-1-worker-5] ERROR com.intuit.karate - http request failed: 
org.apache.http.client.ClientProtocolException: URI does not specify a valid host name: urn:ogc:def:crs:EPSG::5709
10:56:33.538 [ForkJoinPool-1-worker-5] ERROR com.intuit.karate - feature call (loop) failed at index: 3
caller: classpath:InspireTest/ngr/datasetrecords/def/checkxlinkurl.template.feature
arg: {"link":"urn:ogc:def:crs:EPSG::5709"}
checkxlinkurl.template.feature:14 - 
org.apache.http.client.ClientProtocolException: URI does not specify a valid host name: urn:ogc:def:crs:EPSG::5709
10:56:33.541 [ForkJoinPool-1-worker-3] INFO  com.intuit.karate - [print] [
  "data@hydro.nl",
  "data@hydro.nl",
  "data@hydro.nl",
  "",
  ""
]

10:56:33.545 [ForkJoinPool-1-worker-3] INFO  com.intuit.karate - [print] organisation: [
  "Ministerie van Defensie, Koninklijke Marine, Dienst der Hydrografie",
  "Ministerie van Defensie, Koninklijke Marine, Dienst der Hydrografie",
  "Ministerie van Defensie, Koninklijke Marine, Dienst der Hydrografie"
]

10:56:33.551 [ForkJoinPool-1-worker-3] INFO  com.intuit.karate - [print] [
  "http://www.opengis.net/def/crs/EPSG/0/https://www.opengis.net/def/crs/EPSG/0/4258",
  "https://www.nationaalgeoregister.nl/geonetwork/srv/api/recordsbb11be63-bd38-4632-bf54-df44c423a529"
]

10:56:33.558 [ForkJoinPool-1-worker-3] INFO  com.intuit.karate - [print]
10:56:33.559 [ForkJoinPool-1-worker-3] INFO  com.intuit.karate - [print] testing xlinkurl:http://www.opengis.net/def/crs/EPSG/0/https://www.opengis.net/def/crs/EPSG/0/4258
10:56:33.577 [ForkJoinPool-1-worker-7] ERROR com.intuit.karate - assertion failed: path: $, actual: 404, expected: 200, reason: not equal (Integer)
10:56:33.577 [ForkJoinPool-1-worker-7] ERROR com.intuit.karate - feature call (loop) failed at index: 1
caller: classpath:InspireTest/ngr/datasetrecords/def/checkxlinkurl.template.feature
arg: {"link":"http://rdfdata.eionet.europa.eu/inspirethemes/themes/24"}
checkxlinkurl.template.feature:22 - path: $, actual: 404, expected: 200, reason: not equal (Integer)
10:56:33.580 [ForkJoinPool-1-worker-7] INFO  com.intuit.karate - [print]
10:56:33.581 [ForkJoinPool-1-worker-7] INFO  com.intuit.karate - [print] testing xlinkurl:https://ngr.geocat.live/geonetwork/srv/eng/thesaurus.download?ref=external.theme.httpinspireeceuropaeumetadatacodelistPrioritydataset-Prioritydataset
10:56:33.833 [ForkJoinPool-1-worker-11] INFO  com.intuit.karate - [print] title:Wijk- en Buurtkaart 2017 versie 3
10:56:33.838 [ForkJoinPool-1-worker-11] INFO  com.intuit.karate - [print] Wijk- en Buurtkaart 2017 versie 3
10:56:33.839 [ForkJoinPool-1-worker-11] INFO  com.intuit.karate - [print] [
  "infoservice@cbs.nl",
  "infoservice@cbs.nl",
  "infoservice@cbs.nl",
  "",
  ""
]

10:56:33.842 [ForkJoinPool-1-worker-11] INFO  com.intuit.karate - [print] organisation: [
  "Centraal Bureau voor de Statistiek",
  "Centraal Bureau voor de Statistiek",
  "Centraal Bureau voor de Statistiek",
  "Kadaster"
]

10:56:33.845 [ForkJoinPool-1-worker-11] INFO  com.intuit.karate - [print] [
  ""
]

10:56:33.849 [ForkJoinPool-1-worker-11] INFO  com.intuit.karate - [print]
10:56:33.849 [ForkJoinPool-1-worker-11] INFO  com.intuit.karate - [print] testing xlinkurl:
10:56:33.850 [ForkJoinPool-1-worker-11] ERROR com.intuit.karate - org.apache.http.client.ClientProtocolException, http call failed after 0 milliseconds for URL: 
10:56:33.851 [ForkJoinPool-1-worker-11] ERROR com.intuit.karate - http request failed: 
org.apache.http.client.ClientProtocolException
10:56:33.851 [ForkJoinPool-1-worker-11] ERROR com.intuit.karate - feature call (loop) failed at index: 0
caller: classpath:InspireTest/ngr/datasetrecords/def/checkxlinkurl.template.feature
arg: {"link":""}
checkxlinkurl.template.feature:14 - 
org.apache.http.client.ClientProtocolException
10:56:33.903 [ForkJoinPool-1-worker-3] INFO  com.intuit.karate - [print]
10:56:33.904 [ForkJoinPool-1-worker-3] INFO  com.intuit.karate - [print] testing xlinkurl:https://www.nationaalgeoregister.nl/geonetwork/srv/api/recordsbb11be63-bd38-4632-bf54-df44c423a529
10:56:34.040 [ForkJoinPool-1-worker-7] ERROR com.intuit.karate - assertion failed: path: $, actual: 500, expected: 200, reason: not equal (Integer)
10:56:34.040 [ForkJoinPool-1-worker-7] ERROR com.intuit.karate - feature call (loop) failed at index: 2
caller: classpath:InspireTest/ngr/datasetrecords/def/checkxlinkurl.template.feature
arg: {"link":"https://ngr.geocat.live/geonetwork/srv/eng/thesaurus.download?ref=external.theme.httpinspireeceuropaeumetadatacodelistPrioritydataset-Prioritydataset"}
checkxlinkurl.template.feature:22 - path: $, actual: 500, expected: 200, reason: not equal (Integer)
10:56:34.041 [ForkJoinPool-1-worker-7] INFO  com.intuit.karate - [print]
10:56:34.046 [ForkJoinPool-1-worker-7] INFO  com.intuit.karate - [print] testing xlinkurl:urn:ogc:def:crs:EPSG::5709
10:56:34.047 [ForkJoinPool-1-worker-7] ERROR com.intuit.karate - org.apache.http.client.ClientProtocolException: URI does not specify a valid host name: urn:ogc:def:crs:EPSG::5709, http call failed after 0 milliseconds for URL: urn:ogc:def:crs:EPSG::5709
10:56:34.048 [ForkJoinPool-1-worker-7] ERROR com.intuit.karate - http request failed: 
org.apache.http.client.ClientProtocolException: URI does not specify a valid host name: urn:ogc:def:crs:EPSG::5709
10:56:34.049 [ForkJoinPool-1-worker-7] ERROR com.intuit.karate - feature call (loop) failed at index: 3
caller: classpath:InspireTest/ngr/datasetrecords/def/checkxlinkurl.template.feature
arg: {"link":"urn:ogc:def:crs:EPSG::5709"}
checkxlinkurl.template.feature:14 - 
org.apache.http.client.ClientProtocolException: URI does not specify a valid host name: urn:ogc:def:crs:EPSG::5709
10:56:34.072 [ForkJoinPool-1-worker-13] INFO  com.intuit.karate - [print] title:Werelderfgoed
10:56:34.073 [ForkJoinPool-1-worker-13] INFO  com.intuit.karate - [print] Werelderfgoed
10:56:34.075 [ForkJoinPool-1-worker-13] INFO  com.intuit.karate - [print] [
  "info@cultureelerfgoed.nl",
  "info@cultureelerfgoed.nl",
  "info@cultureelerfgoed.nl"
]

10:56:34.077 [ForkJoinPool-1-worker-13] INFO  com.intuit.karate - [print] organisation: [
  "Rijksdienst voor het Cultureel Erfgoed",
  "Rijksdienst voor het Cultureel Erfgoed",
  "Rijksdienst voor het Cultureel Erfgoed"
]

10:56:34.079 [ForkJoinPool-1-worker-13] INFO  com.intuit.karate - [print] [
  "http://services.rce.geovoorziening.nl/www/download/nl.xml"
]

10:56:34.091 [ForkJoinPool-1-worker-13] INFO  com.intuit.karate - [print]
10:56:34.093 [ForkJoinPool-1-worker-13] INFO  com.intuit.karate - [print] testing xlinkurl:http://services.rce.geovoorziening.nl/www/download/nl.xml
10:56:34.243 [ForkJoinPool-1-worker-9] INFO  com.intuit.karate - [print] title:Aansluitende zone volgens UNCLOS - Noordzee
10:56:34.243 [ForkJoinPool-1-worker-9] INFO  com.intuit.karate - [print] Aansluitende zone volgens UNCLOS - Noordzee
10:56:34.244 [ForkJoinPool-1-worker-9] INFO  com.intuit.karate - [print] [
  "data@hydro.nl",
  "data@hydro.nl",
  "data@hydro.nl",
  "",
  ""
]

10:56:34.245 [ForkJoinPool-1-worker-9] INFO  com.intuit.karate - [print] organisation: [
  "Ministerie van Defensie, Koninklijke Marine, Dienst der Hydrografie",
  "Ministerie van Defensie, Koninklijke Marine, Dienst der Hydrografie",
  "Ministerie van Defensie, Koninklijke Marine, Dienst der Hydrografie"
]

10:56:34.246 [ForkJoinPool-1-worker-9] INFO  com.intuit.karate - [print] [
  "http://www.opengis.net/def/crs/EPSG/0/https://www.opengis.net/def/crs/EPSG/0/4258",
  "https://www.nationaalgeoregister.nl/geonetwork/srv/api/records4cda487b-c467-490c-a843-6563fec016be"
]

10:56:34.250 [ForkJoinPool-1-worker-9] INFO  com.intuit.karate - [print]
10:56:34.250 [ForkJoinPool-1-worker-9] INFO  com.intuit.karate - [print] testing xlinkurl:http://www.opengis.net/def/crs/EPSG/0/https://www.opengis.net/def/crs/EPSG/0/4258
10:56:34.333 [ForkJoinPool-1-worker-5] INFO  com.intuit.karate - [print] title:Richtlijn Stedelijk Afvalwater - rioolwaterzuiveringsinstallaties Nederland EU2015
10:56:34.333 [ForkJoinPool-1-worker-5] INFO  com.intuit.karate - [print] Richtlijn Stedelijk Afvalwater - rioolwaterzuiveringsinstallaties Nederland EU2015
10:56:34.334 [ForkJoinPool-1-worker-5] INFO  com.intuit.karate - [print] [
  "servicedesk-data@rijkswaterstaat.nl",
  "servicedesk-data@rijkswaterstaat.nl",
  "",
  "servicedesk-data@rijkswaterstaat.nl",
  "servicedesk-data@rijkswaterstaat.nl"
]

10:56:34.336 [ForkJoinPool-1-worker-5] INFO  com.intuit.karate - [print] organisation: [
  "Rijkswaterstaat",
  "Rijkswaterstaat",
  "",
  "Rijkswaterstaat",
  "Rijkswaterstaat"
]

10:56:34.339 [ForkJoinPool-1-worker-5] INFO  com.intuit.karate - [print] [
  "https://www.nationaalgeoregister.nl/geonetwork/srv/dut/catalog.search#/metadata/uwwtd-9d8e-4758-83fa-28b057f185e3",
  "http://rdfdata.eionet.europa.eu/inspirethemes/themes/24",
  "https://ngr.geocat.live/geonetwork/srv/eng/thesaurus.download?ref=external.theme.httpinspireeceuropaeumetadatacodelistPrioritydataset-Prioritydataset",
  "urn:ogc:def:crs:EPSG::5709"
]

10:56:34.362 [ForkJoinPool-1-worker-5] INFO  com.intuit.karate - [print]
10:56:34.362 [ForkJoinPool-1-worker-5] INFO  com.intuit.karate - [print] testing xlinkurl:https://www.nationaalgeoregister.nl/geonetwork/srv/dut/catalog.search#/metadata/uwwtd-9d8e-4758-83fa-28b057f185e3
10:56:34.406 [ForkJoinPool-1-worker-3] ERROR com.intuit.karate - assertion failed: path: $, actual: 500, expected: 200, reason: not equal (Integer)
10:56:34.406 [ForkJoinPool-1-worker-3] ERROR com.intuit.karate - feature call (loop) failed at index: 1
caller: classpath:InspireTest/ngr/datasetrecords/def/checkxlinkurl.template.feature
arg: {"link":"https://www.nationaalgeoregister.nl/geonetwork/srv/api/recordsbb11be63-bd38-4632-bf54-df44c423a529"}
checkxlinkurl.template.feature:22 - path: $, actual: 500, expected: 200, reason: not equal (Integer)
10:56:34.494 [ForkJoinPool-1-worker-11] INFO  com.intuit.karate - [print] title:Gebouwen
10:56:34.494 [ForkJoinPool-1-worker-11] INFO  com.intuit.karate - [print] Gebouwen
10:56:34.495 [ForkJoinPool-1-worker-11] INFO  com.intuit.karate - [print] [
  "PPB-GVA@kadaster.nl",
  "kcc@kadaster.nl",
  "kcc@kadaster.nl"
]

10:56:34.497 [ForkJoinPool-1-worker-11] INFO  com.intuit.karate - [print] organisation: [
  "Kadaster",
  "Kadaster",
  "Kadaster"
]

10:56:34.499 [ForkJoinPool-1-worker-11] INFO  com.intuit.karate - [print] [
  "http://kadaster/79a1c01b-21ad-43e8-a5c2-23e3eeb95be2",
  ""
]

10:56:34.519 [ForkJoinPool-1-worker-11] INFO  com.intuit.karate - [print]
10:56:34.519 [ForkJoinPool-1-worker-11] INFO  com.intuit.karate - [print] testing xlinkurl:http://kadaster/79a1c01b-21ad-43e8-a5c2-23e3eeb95be2
10:56:34.520 [ForkJoinPool-1-worker-11] ERROR com.intuit.karate - java.net.UnknownHostException: kadaster, http call failed after 0 milliseconds for URL: http://kadaster/79a1c01b-21ad-43e8-a5c2-23e3eeb95be2
10:56:34.520 [ForkJoinPool-1-worker-11] ERROR com.intuit.karate - http request failed: 
java.net.UnknownHostException: kadaster
10:56:34.520 [ForkJoinPool-1-worker-11] ERROR com.intuit.karate - feature call (loop) failed at index: 0
caller: classpath:InspireTest/ngr/datasetrecords/def/checkxlinkurl.template.feature
arg: {"link":"http://kadaster/79a1c01b-21ad-43e8-a5c2-23e3eeb95be2"}
checkxlinkurl.template.feature:14 - 
java.net.UnknownHostException: kadaster
10:56:34.523 [ForkJoinPool-1-worker-11] INFO  com.intuit.karate - [print]
10:56:34.523 [ForkJoinPool-1-worker-11] INFO  com.intuit.karate - [print] testing xlinkurl:
10:56:34.527 [ForkJoinPool-1-worker-11] ERROR com.intuit.karate - org.apache.http.client.ClientProtocolException, http call failed after 0 milliseconds for URL: 
10:56:34.527 [ForkJoinPool-1-worker-11] ERROR com.intuit.karate - http request failed: 
org.apache.http.client.ClientProtocolException
10:56:34.527 [ForkJoinPool-1-worker-11] ERROR com.intuit.karate - feature call (loop) failed at index: 1
caller: classpath:InspireTest/ngr/datasetrecords/def/checkxlinkurl.template.feature
arg: {"link":""}
checkxlinkurl.template.feature:14 - 
org.apache.http.client.ClientProtocolException
10:56:34.539 [ForkJoinPool-1-worker-9] INFO  com.intuit.karate - [print]
10:56:34.539 [ForkJoinPool-1-worker-9] INFO  com.intuit.karate - [print] testing xlinkurl:https://www.nationaalgeoregister.nl/geonetwork/srv/api/records4cda487b-c467-490c-a843-6563fec016be
10:56:34.608 [ForkJoinPool-1-worker-7] INFO  com.intuit.karate - [print] title:Gebiedsbeheer, gebieden waar beperkingen gelden, gereguleerde gebieden en rapportage-eenheden - Provincies (INSPIRE geharmoniseerd)
10:56:34.609 [ForkJoinPool-1-worker-7] INFO  com.intuit.karate - [print] Gebiedsbeheer, gebieden waar beperkingen gelden, gereguleerde gebieden en rapportage-eenheden - Provincies (INSPIRE geharmoniseerd)
10:56:34.611 [ForkJoinPool-1-worker-7] INFO  com.intuit.karate - [print] [
  "inspire@gbo-provincies.nl",
  "inspire@gbo-provincies.nl",
  "inspire@gbo-provincies.nl"
]

10:56:34.612 [ForkJoinPool-1-worker-7] INFO  com.intuit.karate - [print] organisation: [
  "Interprovinciaal Overleg",
  "Interprovinciaal Overleg",
  "Interprovinciaal Overleg"
]

10:56:34.615 [ForkJoinPool-1-worker-7] INFO  com.intuit.karate - [print] [
  "http://www.opengis.net/def/crs/EPSG/0/http://www.opengis.net/def/crs/EPSG/0/3034",
  "http://nationaalgeoregister.nl/geonetwork/srv/dut/csw?SERVICE=CSW&version=2.0.2&REQUEST=GetRecordById&elementSetName=full&OutputSchema=http://www.isotc211.org/2005/gmd&ID=0f128799-cf18-4b37-a721-e62b068191f5",
  "https://creativecommons.org/publicdomain/mark/*/deed.nl",
  ""
]

10:56:34.621 [ForkJoinPool-1-worker-7] INFO  com.intuit.karate - [print]
10:56:34.621 [ForkJoinPool-1-worker-7] INFO  com.intuit.karate - [print] testing xlinkurl:http://www.opengis.net/def/crs/EPSG/0/http://www.opengis.net/def/crs/EPSG/0/3034
10:56:34.849 [ForkJoinPool-1-worker-5] INFO  com.intuit.karate - [print]
10:56:34.850 [ForkJoinPool-1-worker-5] INFO  com.intuit.karate - [print] testing xlinkurl:http://rdfdata.eionet.europa.eu/inspirethemes/themes/24
10:56:34.867 [ForkJoinPool-1-worker-9] ERROR com.intuit.karate - assertion failed: path: $, actual: 500, expected: 200, reason: not equal (Integer)
10:56:34.867 [ForkJoinPool-1-worker-9] ERROR com.intuit.karate - feature call (loop) failed at index: 1
caller: classpath:InspireTest/ngr/datasetrecords/def/checkxlinkurl.template.feature
arg: {"link":"https://www.nationaalgeoregister.nl/geonetwork/srv/api/records4cda487b-c467-490c-a843-6563fec016be"}
checkxlinkurl.template.feature:22 - path: $, actual: 500, expected: 200, reason: not equal (Integer)
10:56:34.909 [ForkJoinPool-1-worker-7] INFO  com.intuit.karate - [print]
10:56:34.909 [ForkJoinPool-1-worker-7] INFO  com.intuit.karate - [print] testing xlinkurl:http://nationaalgeoregister.nl/geonetwork/srv/dut/csw?SERVICE=CSW&version=2.0.2&REQUEST=GetRecordById&elementSetName=full&OutputSchema=http://www.isotc211.org/2005/gmd&ID=0f128799-cf18-4b37-a721-e62b068191f5
10:56:34.952 [ForkJoinPool-1-worker-3] INFO  com.intuit.karate - [print] title:Stads- en Dorpsgezichten
10:56:34.952 [ForkJoinPool-1-worker-3] INFO  com.intuit.karate - [print] Stads- en Dorpsgezichten
10:56:34.953 [ForkJoinPool-1-worker-3] INFO  com.intuit.karate - [print] [
  "info@cultureelerfgoed.nl",
  "info@cultureelerfgoed.nl",
  "info@cultureelerfgoed.nl"
]

10:56:34.955 [ForkJoinPool-1-worker-3] INFO  com.intuit.karate - [print] organisation: [
  "Rijksdienst voor het Cultureel Erfgoed",
  "Rijksdienst voor het Cultureel Erfgoed",
  "Rijksdienst voor het Cultureel Erfgoed"
]

10:56:34.956 [ForkJoinPool-1-worker-3] INFO  com.intuit.karate - [print] [
  "http://services.rce.geovoorziening.nl/www/download/nl.xml"
]

10:56:34.966 [ForkJoinPool-1-worker-3] INFO  com.intuit.karate - [print]
10:56:34.967 [ForkJoinPool-1-worker-3] INFO  com.intuit.karate - [print] testing xlinkurl:http://services.rce.geovoorziening.nl/www/download/nl.xml
10:56:35.044 [ForkJoinPool-1-worker-11] INFO  com.intuit.karate - [print] title:Zwemwaterkwaliteit (provinciaal en Rijkswateren) uit {Zwemwaterregister}
10:56:35.044 [ForkJoinPool-1-worker-11] INFO  com.intuit.karate - [print] Zwemwaterkwaliteit (provinciaal en Rijkswateren) uit {Zwemwaterregister}
10:56:35.045 [ForkJoinPool-1-worker-11] INFO  com.intuit.karate - [print] [
  "inspire@gbo-provincies.nl",
  "inspire@gbo-provincies.nl",
  "inspire@gbo-provincies.nl"
]

10:56:35.046 [ForkJoinPool-1-worker-11] INFO  com.intuit.karate - [print] organisation: [
  "Interprovinciaal Overleg",
  "Interprovinciaal Overleg",
  "Interprovinciaal Overleg"
]

10:56:35.049 [ForkJoinPool-1-worker-11] INFO  com.intuit.karate - [print] [
  "http://nationaalgeoregister.nl/geonetwork/srv/dut/csw?SERVICE=CSW&version=2.0.2&REQUEST=GetRecordById&elementSetName=full&OutputSchema=http://www.isotc211.org/2005/gmd&ID=df5ee213-e1bd-433b-80f7-4ea20f493ca8",
  "https://creativecommons.org/publicdomain/mark/*/deed.nl",
  ""
]

10:56:35.052 [ForkJoinPool-1-worker-5] ERROR com.intuit.karate - assertion failed: path: $, actual: 404, expected: 200, reason: not equal (Integer)
10:56:35.053 [ForkJoinPool-1-worker-5] ERROR com.intuit.karate - feature call (loop) failed at index: 1
caller: classpath:InspireTest/ngr/datasetrecords/def/checkxlinkurl.template.feature
arg: {"link":"http://rdfdata.eionet.europa.eu/inspirethemes/themes/24"}
checkxlinkurl.template.feature:22 - path: $, actual: 404, expected: 200, reason: not equal (Integer)
10:56:35.053 [ForkJoinPool-1-worker-5] INFO  com.intuit.karate - [print]
10:56:35.054 [ForkJoinPool-1-worker-5] INFO  com.intuit.karate - [print] testing xlinkurl:https://ngr.geocat.live/geonetwork/srv/eng/thesaurus.download?ref=external.theme.httpinspireeceuropaeumetadatacodelistPrioritydataset-Prioritydataset
10:56:35.068 [ForkJoinPool-1-worker-11] INFO  com.intuit.karate - [print]
10:56:35.069 [ForkJoinPool-1-worker-11] INFO  com.intuit.karate - [print] testing xlinkurl:http://nationaalgeoregister.nl/geonetwork/srv/dut/csw?SERVICE=CSW&version=2.0.2&REQUEST=GetRecordById&elementSetName=full&OutputSchema=http://www.isotc211.org/2005/gmd&ID=df5ee213-e1bd-433b-80f7-4ea20f493ca8
10:56:35.196 [ForkJoinPool-1-worker-13] INFO  com.intuit.karate - [print] title:Kaderrichtlijn Mariene Strategie - Rapportage eenheden Nederland EU2018
10:56:35.196 [ForkJoinPool-1-worker-13] INFO  com.intuit.karate - [print] Kaderrichtlijn Mariene Strategie - Rapportage eenheden Nederland EU2018
10:56:35.197 [ForkJoinPool-1-worker-13] INFO  com.intuit.karate - [print] [
  "servicedesk-data@rijkswaterstaat.nl",
  "servicedesk-data@rijkswaterstaat.nl",
  "",
  "servicedesk-data@rijkswaterstaat.nl",
  "servicedesk-data@rijkswaterstaat.nl"
]

10:56:35.201 [ForkJoinPool-1-worker-13] INFO  com.intuit.karate - [print] organisation: [
  "Rijkswaterstaat",
  "Rijkswaterstaat",
  "",
  "Rijkswaterstaat",
  "Rijkswaterstaat"
]

10:56:35.204 [ForkJoinPool-1-worker-13] INFO  com.intuit.karate - [print] [
  "https://www.nationaalgeoregister.nl/geonetwork/srv/dut/catalog.search#/metadata/krm-a905-9d8e-4758-83fa-28b057f185e3",
  "http://rdfdata.eionet.europa.eu/inspirethemes/themes/24",
  "https://ngr.geocat.live/geonetwork/srv/eng/thesaurus.download?ref=external.theme.httpinspireeceuropaeumetadatacodelistPrioritydataset-Prioritydataset"
]

10:56:35.209 [ForkJoinPool-1-worker-13] INFO  com.intuit.karate - [print]
10:56:35.210 [ForkJoinPool-1-worker-13] INFO  com.intuit.karate - [print] testing xlinkurl:https://www.nationaalgeoregister.nl/geonetwork/srv/dut/catalog.search#/metadata/krm-a905-9d8e-4758-83fa-28b057f185e3
10:56:35.405 [ForkJoinPool-1-worker-7] INFO  com.intuit.karate - [print]
10:56:35.405 [ForkJoinPool-1-worker-7] INFO  com.intuit.karate - [print] testing xlinkurl:https://creativecommons.org/publicdomain/mark/*/deed.nl
10:56:35.440 [ForkJoinPool-1-worker-7] ERROR com.intuit.karate - assertion failed: path: $, actual: 404, expected: 200, reason: not equal (Integer)
10:56:35.441 [ForkJoinPool-1-worker-7] ERROR com.intuit.karate - feature call (loop) failed at index: 2
caller: classpath:InspireTest/ngr/datasetrecords/def/checkxlinkurl.template.feature
arg: {"link":"https://creativecommons.org/publicdomain/mark/*/deed.nl"}
checkxlinkurl.template.feature:22 - path: $, actual: 404, expected: 200, reason: not equal (Integer)
10:56:35.442 [ForkJoinPool-1-worker-7] INFO  com.intuit.karate - [print]
10:56:35.443 [ForkJoinPool-1-worker-7] INFO  com.intuit.karate - [print] testing xlinkurl:
10:56:35.443 [ForkJoinPool-1-worker-7] ERROR com.intuit.karate - org.apache.http.client.ClientProtocolException, http call failed after 0 milliseconds for URL: 
10:56:35.443 [ForkJoinPool-1-worker-7] ERROR com.intuit.karate - http request failed: 
org.apache.http.client.ClientProtocolException
10:56:35.447 [ForkJoinPool-1-worker-7] ERROR com.intuit.karate - feature call (loop) failed at index: 3
caller: classpath:InspireTest/ngr/datasetrecords/def/checkxlinkurl.template.feature
arg: {"link":""}
checkxlinkurl.template.feature:14 - 
org.apache.http.client.ClientProtocolException
10:56:35.527 [ForkJoinPool-1-worker-5] ERROR com.intuit.karate - assertion failed: path: $, actual: 500, expected: 200, reason: not equal (Integer)
10:56:35.528 [ForkJoinPool-1-worker-5] ERROR com.intuit.karate - feature call (loop) failed at index: 2
caller: classpath:InspireTest/ngr/datasetrecords/def/checkxlinkurl.template.feature
arg: {"link":"https://ngr.geocat.live/geonetwork/srv/eng/thesaurus.download?ref=external.theme.httpinspireeceuropaeumetadatacodelistPrioritydataset-Prioritydataset"}
checkxlinkurl.template.feature:22 - path: $, actual: 500, expected: 200, reason: not equal (Integer)
10:56:35.528 [ForkJoinPool-1-worker-5] INFO  com.intuit.karate - [print]
10:56:35.529 [ForkJoinPool-1-worker-5] INFO  com.intuit.karate - [print] testing xlinkurl:urn:ogc:def:crs:EPSG::5709
10:56:35.529 [ForkJoinPool-1-worker-5] ERROR com.intuit.karate - org.apache.http.client.ClientProtocolException: URI does not specify a valid host name: urn:ogc:def:crs:EPSG::5709, http call failed after 0 milliseconds for URL: urn:ogc:def:crs:EPSG::5709
10:56:35.529 [ForkJoinPool-1-worker-5] ERROR com.intuit.karate - http request failed: 
org.apache.http.client.ClientProtocolException: URI does not specify a valid host name: urn:ogc:def:crs:EPSG::5709
10:56:35.529 [ForkJoinPool-1-worker-5] ERROR com.intuit.karate - feature call (loop) failed at index: 3
caller: classpath:InspireTest/ngr/datasetrecords/def/checkxlinkurl.template.feature
arg: {"link":"urn:ogc:def:crs:EPSG::5709"}
checkxlinkurl.template.feature:14 - 
org.apache.http.client.ClientProtocolException: URI does not specify a valid host name: urn:ogc:def:crs:EPSG::5709
10:56:35.553 [ForkJoinPool-1-worker-13] INFO  com.intuit.karate - [print]
10:56:35.553 [ForkJoinPool-1-worker-13] INFO  com.intuit.karate - [print] testing xlinkurl:http://rdfdata.eionet.europa.eu/inspirethemes/themes/24
10:56:35.577 [ForkJoinPool-1-worker-9] INFO  com.intuit.karate - [print] title:Wijk- en Buurtkaart 2016 versie 3
10:56:35.577 [ForkJoinPool-1-worker-9] INFO  com.intuit.karate - [print] Wijk- en Buurtkaart 2016 versie 3
10:56:35.579 [ForkJoinPool-1-worker-9] INFO  com.intuit.karate - [print] [
  "infoservice@cbs.nl",
  "infoservice@cbs.nl",
  "infoservice@cbs.nl",
  "",
  ""
]

10:56:35.581 [ForkJoinPool-1-worker-9] INFO  com.intuit.karate - [print] organisation: [
  "Centraal Bureau voor de Statistiek",
  "Centraal Bureau voor de Statistiek",
  "Centraal Bureau voor de Statistiek",
  "Kadaster"
]

10:56:35.584 [ForkJoinPool-1-worker-9] INFO  com.intuit.karate - [print] [
  ""
]

10:56:35.589 [ForkJoinPool-1-worker-9] INFO  com.intuit.karate - [print]
10:56:35.589 [ForkJoinPool-1-worker-9] INFO  com.intuit.karate - [print] testing xlinkurl:
10:56:35.590 [ForkJoinPool-1-worker-9] ERROR com.intuit.karate - org.apache.http.client.ClientProtocolException, http call failed after 0 milliseconds for URL: 
10:56:35.590 [ForkJoinPool-1-worker-9] ERROR com.intuit.karate - http request failed: 
org.apache.http.client.ClientProtocolException
10:56:35.590 [ForkJoinPool-1-worker-9] ERROR com.intuit.karate - feature call (loop) failed at index: 0
caller: classpath:InspireTest/ngr/datasetrecords/def/checkxlinkurl.template.feature
arg: {"link":""}
checkxlinkurl.template.feature:14 - 
org.apache.http.client.ClientProtocolException
10:56:35.635 [ForkJoinPool-1-worker-11] INFO  com.intuit.karate - [print]
10:56:35.635 [ForkJoinPool-1-worker-11] INFO  com.intuit.karate - [print] testing xlinkurl:https://creativecommons.org/publicdomain/mark/*/deed.nl
10:56:35.673 [ForkJoinPool-1-worker-11] ERROR com.intuit.karate - assertion failed: path: $, actual: 404, expected: 200, reason: not equal (Integer)
10:56:35.673 [ForkJoinPool-1-worker-11] ERROR com.intuit.karate - feature call (loop) failed at index: 1
caller: classpath:InspireTest/ngr/datasetrecords/def/checkxlinkurl.template.feature
arg: {"link":"https://creativecommons.org/publicdomain/mark/*/deed.nl"}
checkxlinkurl.template.feature:22 - path: $, actual: 404, expected: 200, reason: not equal (Integer)
10:56:35.675 [ForkJoinPool-1-worker-11] INFO  com.intuit.karate - [print]
10:56:35.676 [ForkJoinPool-1-worker-11] INFO  com.intuit.karate - [print] testing xlinkurl:
10:56:35.676 [ForkJoinPool-1-worker-11] ERROR com.intuit.karate - org.apache.http.client.ClientProtocolException, http call failed after 0 milliseconds for URL: 
10:56:35.677 [ForkJoinPool-1-worker-11] ERROR com.intuit.karate - http request failed: 
org.apache.http.client.ClientProtocolException
10:56:35.677 [ForkJoinPool-1-worker-11] ERROR com.intuit.karate - feature call (loop) failed at index: 2
caller: classpath:InspireTest/ngr/datasetrecords/def/checkxlinkurl.template.feature
arg: {"link":""}
checkxlinkurl.template.feature:14 - 
org.apache.http.client.ClientProtocolException
10:56:35.753 [ForkJoinPool-1-worker-13] ERROR com.intuit.karate - assertion failed: path: $, actual: 404, expected: 200, reason: not equal (Integer)
10:56:35.754 [ForkJoinPool-1-worker-13] ERROR com.intuit.karate - feature call (loop) failed at index: 1
caller: classpath:InspireTest/ngr/datasetrecords/def/checkxlinkurl.template.feature
arg: {"link":"http://rdfdata.eionet.europa.eu/inspirethemes/themes/24"}
checkxlinkurl.template.feature:22 - path: $, actual: 404, expected: 200, reason: not equal (Integer)
10:56:35.754 [ForkJoinPool-1-worker-13] INFO  com.intuit.karate - [print]
10:56:35.755 [ForkJoinPool-1-worker-13] INFO  com.intuit.karate - [print] testing xlinkurl:https://ngr.geocat.live/geonetwork/srv/eng/thesaurus.download?ref=external.theme.httpinspireeceuropaeumetadatacodelistPrioritydataset-Prioritydataset
10:56:35.820 [ForkJoinPool-1-worker-3] INFO  com.intuit.karate - [print] title:Habitatrichtlijn verspreiding van soorten
10:56:35.820 [ForkJoinPool-1-worker-3] INFO  com.intuit.karate - [print] Habitatrichtlijn verspreiding van soorten
10:56:35.821 [ForkJoinPool-1-worker-3] INFO  com.intuit.karate - [print] [
  "geodatabeheer.giscc@rvo.nl",
  "GeoDesk.CGI@wur.nl",
  "geodatabeheer.giscc@rvo.nl",
  "beheerPDOK@kadaster.nl",
  "",
  "",
  ""
]

10:56:35.822 [ForkJoinPool-1-worker-3] INFO  com.intuit.karate - [print] organisation: [
  "Wageningen Environmental Research (Alterra)",
  "PDOK",
  "CBS",
  "Natuurloket",
  "PGO's"
]

10:56:35.826 [ForkJoinPool-1-worker-3] INFO  com.intuit.karate - [print] [
  "https://www.nationaalgeoregister.nl/geonetwork/srv/dut/catalog.search#/metadata/28c4780a-1a44-4376-b283-14a50a481729"
]

10:56:35.831 [ForkJoinPool-1-worker-3] INFO  com.intuit.karate - [print]
10:56:35.832 [ForkJoinPool-1-worker-3] INFO  com.intuit.karate - [print] testing xlinkurl:https://www.nationaalgeoregister.nl/geonetwork/srv/dut/catalog.search#/metadata/28c4780a-1a44-4376-b283-14a50a481729
10:56:36.096 [ForkJoinPool-1-worker-13] ERROR com.intuit.karate - assertion failed: path: $, actual: 500, expected: 200, reason: not equal (Integer)
10:56:36.097 [ForkJoinPool-1-worker-13] ERROR com.intuit.karate - feature call (loop) failed at index: 2
caller: classpath:InspireTest/ngr/datasetrecords/def/checkxlinkurl.template.feature
arg: {"link":"https://ngr.geocat.live/geonetwork/srv/eng/thesaurus.download?ref=external.theme.httpinspireeceuropaeumetadatacodelistPrioritydataset-Prioritydataset"}
checkxlinkurl.template.feature:22 - path: $, actual: 500, expected: 200, reason: not equal (Integer)
10:56:36.107 [ForkJoinPool-1-worker-7] INFO  com.intuit.karate - [print] title:Wijk- en Buurtkaart 2018 versie 2
10:56:36.108 [ForkJoinPool-1-worker-7] INFO  com.intuit.karate - [print] Wijk- en Buurtkaart 2018 versie 2
10:56:36.110 [ForkJoinPool-1-worker-7] INFO  com.intuit.karate - [print] [
  "infoservice@cbs.nl",
  "infoservice@cbs.nl",
  "infoservice@cbs.nl",
  "",
  ""
]

10:56:36.111 [ForkJoinPool-1-worker-7] INFO  com.intuit.karate - [print] organisation: [
  "Centraal Bureau voor de Statistiek",
  "Centraal Bureau voor de Statistiek",
  "Centraal Bureau voor de Statistiek",
  "Kadaster"
]

10:56:36.113 [ForkJoinPool-1-worker-7] INFO  com.intuit.karate - [print] [
  ""
]

10:56:36.122 [ForkJoinPool-1-worker-7] INFO  com.intuit.karate - [print]
10:56:36.122 [ForkJoinPool-1-worker-7] INFO  com.intuit.karate - [print] testing xlinkurl:
10:56:36.123 [ForkJoinPool-1-worker-7] ERROR com.intuit.karate - org.apache.http.client.ClientProtocolException, http call failed after 0 milliseconds for URL: 
10:56:36.123 [ForkJoinPool-1-worker-7] ERROR com.intuit.karate - http request failed: 
org.apache.http.client.ClientProtocolException
10:56:36.123 [ForkJoinPool-1-worker-7] ERROR com.intuit.karate - feature call (loop) failed at index: 0
caller: classpath:InspireTest/ngr/datasetrecords/def/checkxlinkurl.template.feature
arg: {"link":""}
checkxlinkurl.template.feature:14 - 
org.apache.http.client.ClientProtocolException
10:56:36.152 [ForkJoinPool-1-worker-5] INFO  com.intuit.karate - [print] title:Bestand Bodemgebruik 2015
10:56:36.153 [ForkJoinPool-1-worker-5] INFO  com.intuit.karate - [print] Bestand Bodemgebruik 2015
10:56:36.154 [ForkJoinPool-1-worker-5] INFO  com.intuit.karate - [print] [
  "infoservice@cbs.nl",
  "infoservice@cbs.nl",
  "",
  "",
  ""
]

10:56:36.157 [ForkJoinPool-1-worker-5] INFO  com.intuit.karate - [print] organisation: [
  "Centraal Bureau voor de Statistiek",
  "Centraal Bureau voor de Statistiek",
  "PDOK"
]

10:56:36.158 [ForkJoinPool-1-worker-5] INFO  com.intuit.karate - [print] [
  "http://geodata.nationaalgeoregister.nl/bestandbodemgebruik2015/extract/bestandbodemgebruik2015.zip"
]

10:56:36.164 [ForkJoinPool-1-worker-5] INFO  com.intuit.karate - [print]
10:56:36.164 [ForkJoinPool-1-worker-5] INFO  com.intuit.karate - [print] testing xlinkurl:http://geodata.nationaalgeoregister.nl/bestandbodemgebruik2015/extract/bestandbodemgebruik2015.zip
10:56:36.252 [ForkJoinPool-1-worker-9] INFO  com.intuit.karate - [print] title:Beperkingen voor voertuigen (INSPIRE geharmoniseerde data)
10:56:36.252 [ForkJoinPool-1-worker-9] INFO  com.intuit.karate - [print] Beperkingen voor voertuigen (INSPIRE geharmoniseerde data)
10:56:36.253 [ForkJoinPool-1-worker-9] INFO  com.intuit.karate - [print] [
  "ontheffingen@rdw.nl",
  "ontheffingen@rdw.nl",
  "",
  ""
]

10:56:36.257 [ForkJoinPool-1-worker-9] INFO  com.intuit.karate - [print] organisation: [
  "RDW",
  "RDW",
  "RDW"
]

10:56:36.258 [ForkJoinPool-1-worker-9] INFO  com.intuit.karate - [print] [
  "http://inspire.rdw.nl/www/download/Licentie-Geogedeeld-RDW.pdf",
  ""
]

10:56:36.266 [ForkJoinPool-1-worker-9] INFO  com.intuit.karate - [print]
10:56:36.267 [ForkJoinPool-1-worker-9] INFO  com.intuit.karate - [print] testing xlinkurl:http://inspire.rdw.nl/www/download/Licentie-Geogedeeld-RDW.pdf
10:56:36.291 [ForkJoinPool-1-worker-11] INFO  com.intuit.karate - [print] title:Menselijke gezondheid en veiligheid - geluidbelasting rijkswegen 2016 (INSPIRE geharmoniseerd)
10:56:36.292 [ForkJoinPool-1-worker-11] INFO  com.intuit.karate - [print] Menselijke gezondheid en veiligheid - geluidbelasting rijkswegen 2016 (INSPIRE geharmoniseerd)
10:56:36.294 [ForkJoinPool-1-worker-11] INFO  com.intuit.karate - [print] [
  "servicedesk-data@rijkswaterstaat.nl",
  "servicedesk-data@rijkswaterstaat.nl",
  "",
  "servicedesk-data@rijkswaterstaat.nl",
  "info@wetransform.to"
]

10:56:36.296 [ForkJoinPool-1-worker-11] INFO  com.intuit.karate - [print] organisation: [
  "Rijkswaterstaat",
  "Rijkswaterstaat",
  "",
  "Rijkswaterstaat",
  "Wetransform"
]

10:56:36.299 [ForkJoinPool-1-worker-11] INFO  com.intuit.karate - [print] [
  "https://www.nationaalgeoregister.nl/geonetwork/srv/dut/catalog.search#/metadata/wt-83730-e750-485a-9c0c-39bf9be72cf8",
  "http://rdfdata.eionet.europa.eu/inspirethemes/themes/18",
  "https://ngr.geocat.live/geonetwork/srv/eng/thesaurus.download?ref=external.theme.httpinspireeceuropaeumetadatacodelistPrioritydataset-Prioritydataset"
]

10:56:36.310 [ForkJoinPool-1-worker-11] INFO  com.intuit.karate - [print]
10:56:36.310 [ForkJoinPool-1-worker-11] INFO  com.intuit.karate - [print] testing xlinkurl:https://www.nationaalgeoregister.nl/geonetwork/srv/dut/catalog.search#/metadata/wt-83730-e750-485a-9c0c-39bf9be72cf8
10:56:36.574 [ForkJoinPool-1-worker-9] INFO  com.intuit.karate - [print]
10:56:36.574 [ForkJoinPool-1-worker-9] INFO  com.intuit.karate - [print] testing xlinkurl:
10:56:36.575 [ForkJoinPool-1-worker-9] ERROR com.intuit.karate - org.apache.http.client.ClientProtocolException, http call failed after 0 milliseconds for URL: 
10:56:36.575 [ForkJoinPool-1-worker-9] ERROR com.intuit.karate - http request failed: 
org.apache.http.client.ClientProtocolException
10:56:36.575 [ForkJoinPool-1-worker-9] ERROR com.intuit.karate - feature call (loop) failed at index: 1
caller: classpath:InspireTest/ngr/datasetrecords/def/checkxlinkurl.template.feature
arg: {"link":""}
checkxlinkurl.template.feature:14 - 
org.apache.http.client.ClientProtocolException
10:56:36.648 [ForkJoinPool-1-worker-11] INFO  com.intuit.karate - [print]
10:56:36.649 [ForkJoinPool-1-worker-11] INFO  com.intuit.karate - [print] testing xlinkurl:http://rdfdata.eionet.europa.eu/inspirethemes/themes/18
10:56:36.733 [ForkJoinPool-1-worker-3] INFO  com.intuit.karate - [print] title:Geluidszones rondom vliegvelden
10:56:36.733 [ForkJoinPool-1-worker-3] INFO  com.intuit.karate - [print] Geluidszones rondom vliegvelden
10:56:36.735 [ForkJoinPool-1-worker-3] INFO  com.intuit.karate - [print] [
  "inspire@gbo-provincies.nl",
  "inspire@gbo-provincies.nl",
  "inspire@gbo-provincies.nl"
]

10:56:36.736 [ForkJoinPool-1-worker-3] INFO  com.intuit.karate - [print] organisation: [
  "Interprovinciaal Overleg",
  "Interprovinciaal Overleg",
  "Interprovinciaal Overleg"
]

10:56:36.738 [ForkJoinPool-1-worker-13] INFO  com.intuit.karate - [print] title:Maritieme grenzen - basislijn Noordzee
10:56:36.739 [ForkJoinPool-1-worker-3] INFO  com.intuit.karate - [print] [
  "http://www.opengis.net/def/crs/EPSG/0/http://www.opengis.net/def/crs/EPSG/0/3034",
  "http://nationaalgeoregister.nl/geonetwork/srv/dut/csw?SERVICE=CSW&version=2.0.2&REQUEST=GetRecordById&elementSetName=full&OutputSchema=http://www.isotc211.org/2005/gmd&ID=41023936-009d-48ec-a90d-c966895463c1",
  "https://creativecommons.org/publicdomain/mark/*/deed.nl",
  ""
]

10:56:36.741 [ForkJoinPool-1-worker-13] INFO  com.intuit.karate - [print] Maritieme grenzen - basislijn Noordzee
10:56:36.742 [ForkJoinPool-1-worker-13] INFO  com.intuit.karate - [print] [
  "data@hydro.nl",
  "data@hydro.nl",
  "data@hydro.nl"
]

10:56:36.744 [ForkJoinPool-1-worker-13] INFO  com.intuit.karate - [print] organisation: [
  "Ministerie van Defensie, Koninklijke Marine, Dienst der Hydrografie",
  "Ministerie van Defensie, Koninklijke Marine, Dienst der Hydrografie",
  "Ministerie van Defensie, Koninklijke Marine, Dienst der Hydrografie"
]

10:56:36.748 [ForkJoinPool-1-worker-13] INFO  com.intuit.karate - [print] [
  "http://www.opengis.net/def/crs/EPSG/0/https://www.opengis.net/def/crs/EPSG/0/4258",
  "https://ngr.acceptatie.nationaalgeoregister.nl/geonetwork/srv/resourcesd7ab6903-1152-450b-b81d-042682dcfd03"
]

10:56:36.752 [ForkJoinPool-1-worker-13] INFO  com.intuit.karate - [print]
10:56:36.752 [ForkJoinPool-1-worker-13] INFO  com.intuit.karate - [print] testing xlinkurl:http://www.opengis.net/def/crs/EPSG/0/https://www.opengis.net/def/crs/EPSG/0/4258
10:56:36.754 [ForkJoinPool-1-worker-3] INFO  com.intuit.karate - [print]
10:56:36.755 [ForkJoinPool-1-worker-3] INFO  com.intuit.karate - [print] testing xlinkurl:http://www.opengis.net/def/crs/EPSG/0/http://www.opengis.net/def/crs/EPSG/0/3034
10:56:36.774 [ForkJoinPool-1-worker-7] INFO  com.intuit.karate - [print] title:Zwemwater (provinciaal en Rijkswateren) uit {Zwemwaterregister}
10:56:36.774 [ForkJoinPool-1-worker-7] INFO  com.intuit.karate - [print] Zwemwater (provinciaal en Rijkswateren) uit {Zwemwaterregister}
10:56:36.775 [ForkJoinPool-1-worker-7] INFO  com.intuit.karate - [print] [
  "inspire@gbo-provincies.nl",
  "inspire@gbo-provincies.nl",
  "inspire@gbo-provincies.nl"
]

10:56:36.780 [ForkJoinPool-1-worker-7] INFO  com.intuit.karate - [print] organisation: [
  "Interprovinciaal Overleg",
  "Interprovinciaal Overleg",
  "Interprovinciaal Overleg"
]

10:56:36.785 [ForkJoinPool-1-worker-7] INFO  com.intuit.karate - [print] [
  "http://www.opengis.net/def/crs/EPSG/0/http://www.opengis.net/def/crs/EPSG/0/3034",
  "http://nationaalgeoregister.nl/geonetwork/srv/dut/csw?SERVICE=CSW&version=2.0.2&REQUEST=GetRecordById&elementSetName=full&OutputSchema=http://www.isotc211.org/2005/gmd&ID=c829abeb-bfac-4224-8332-e7a9a89e692e",
  "https://creativecommons.org/publicdomain/mark/*/deed.nl",
  ""
]

10:56:36.791 [ForkJoinPool-1-worker-7] INFO  com.intuit.karate - [print]
10:56:36.794 [ForkJoinPool-1-worker-7] INFO  com.intuit.karate - [print] testing xlinkurl:http://www.opengis.net/def/crs/EPSG/0/http://www.opengis.net/def/crs/EPSG/0/3034
10:56:36.852 [ForkJoinPool-1-worker-11] ERROR com.intuit.karate - assertion failed: path: $, actual: 404, expected: 200, reason: not equal (Integer)
10:56:36.852 [ForkJoinPool-1-worker-11] ERROR com.intuit.karate - feature call (loop) failed at index: 1
caller: classpath:InspireTest/ngr/datasetrecords/def/checkxlinkurl.template.feature
arg: {"link":"http://rdfdata.eionet.europa.eu/inspirethemes/themes/18"}
checkxlinkurl.template.feature:22 - path: $, actual: 404, expected: 200, reason: not equal (Integer)
10:56:36.853 [ForkJoinPool-1-worker-11] INFO  com.intuit.karate - [print]
10:56:36.853 [ForkJoinPool-1-worker-11] INFO  com.intuit.karate - [print] testing xlinkurl:https://ngr.geocat.live/geonetwork/srv/eng/thesaurus.download?ref=external.theme.httpinspireeceuropaeumetadatacodelistPrioritydataset-Prioritydataset
10:56:37.057 [ForkJoinPool-1-worker-3] INFO  com.intuit.karate - [print]
10:56:37.057 [ForkJoinPool-1-worker-13] INFO  com.intuit.karate - [print]
10:56:37.058 [ForkJoinPool-1-worker-13] INFO  com.intuit.karate - [print] testing xlinkurl:https://ngr.acceptatie.nationaalgeoregister.nl/geonetwork/srv/resourcesd7ab6903-1152-450b-b81d-042682dcfd03
10:56:37.058 [ForkJoinPool-1-worker-3] INFO  com.intuit.karate - [print] testing xlinkurl:http://nationaalgeoregister.nl/geonetwork/srv/dut/csw?SERVICE=CSW&version=2.0.2&REQUEST=GetRecordById&elementSetName=full&OutputSchema=http://www.isotc211.org/2005/gmd&ID=41023936-009d-48ec-a90d-c966895463c1
10:56:37.084 [ForkJoinPool-1-worker-9] INFO  com.intuit.karate - [print] title:CBS gebiedsindelingen
10:56:37.085 [ForkJoinPool-1-worker-9] INFO  com.intuit.karate - [print] CBS gebiedsindelingen
10:56:37.086 [ForkJoinPool-1-worker-9] INFO  com.intuit.karate - [print] [
  "infoservice@cbs.nl",
  "infoservice@cbs.nl",
  "infoservice@cbs.nl",
  "",
  ""
]

10:56:37.087 [ForkJoinPool-1-worker-9] INFO  com.intuit.karate - [print] organisation: [
  "Centraal Bureau voor de Statistiek",
  "Centraal Bureau voor de Statistiek",
  "Centraal Bureau voor de Statistiek",
  "Kadaster"
]

10:56:37.090 [ForkJoinPool-1-worker-9] INFO  com.intuit.karate - [print] [
  "https://geodata.nationaalgeoregister.nl/cbsgebiedsindelingen/atom/cbsgebiedsindelingen.xml",
  ""
]

10:56:37.092 [ForkJoinPool-1-worker-7] INFO  com.intuit.karate - [print]
10:56:37.092 [ForkJoinPool-1-worker-7] INFO  com.intuit.karate - [print] testing xlinkurl:http://nationaalgeoregister.nl/geonetwork/srv/dut/csw?SERVICE=CSW&version=2.0.2&REQUEST=GetRecordById&elementSetName=full&OutputSchema=http://www.isotc211.org/2005/gmd&ID=c829abeb-bfac-4224-8332-e7a9a89e692e
10:56:37.095 [ForkJoinPool-1-worker-9] INFO  com.intuit.karate - [print]
10:56:37.096 [ForkJoinPool-1-worker-9] INFO  com.intuit.karate - [print] testing xlinkurl:https://geodata.nationaalgeoregister.nl/cbsgebiedsindelingen/atom/cbsgebiedsindelingen.xml
10:56:37.180 [ForkJoinPool-1-worker-11] ERROR com.intuit.karate - assertion failed: path: $, actual: 500, expected: 200, reason: not equal (Integer)
10:56:37.181 [ForkJoinPool-1-worker-11] ERROR com.intuit.karate - feature call (loop) failed at index: 2
caller: classpath:InspireTest/ngr/datasetrecords/def/checkxlinkurl.template.feature
arg: {"link":"https://ngr.geocat.live/geonetwork/srv/eng/thesaurus.download?ref=external.theme.httpinspireeceuropaeumetadatacodelistPrioritydataset-Prioritydataset"}
checkxlinkurl.template.feature:22 - path: $, actual: 500, expected: 200, reason: not equal (Integer)
10:56:37.357 [ForkJoinPool-1-worker-13] ERROR com.intuit.karate - assertion failed: path: $, actual: 404, expected: 200, reason: not equal (Integer)
10:56:37.357 [ForkJoinPool-1-worker-13] ERROR com.intuit.karate - feature call (loop) failed at index: 1
caller: classpath:InspireTest/ngr/datasetrecords/def/checkxlinkurl.template.feature
arg: {"link":"https://ngr.acceptatie.nationaalgeoregister.nl/geonetwork/srv/resourcesd7ab6903-1152-450b-b81d-042682dcfd03"}
checkxlinkurl.template.feature:22 - path: $, actual: 404, expected: 200, reason: not equal (Integer)
10:56:37.394 [ForkJoinPool-1-worker-7] INFO  com.intuit.karate - [print]
10:56:37.394 [ForkJoinPool-1-worker-7] INFO  com.intuit.karate - [print] testing xlinkurl:https://creativecommons.org/publicdomain/mark/*/deed.nl
10:56:37.431 [ForkJoinPool-1-worker-7] ERROR com.intuit.karate - assertion failed: path: $, actual: 404, expected: 200, reason: not equal (Integer)
10:56:37.431 [ForkJoinPool-1-worker-7] ERROR com.intuit.karate - feature call (loop) failed at index: 2
caller: classpath:InspireTest/ngr/datasetrecords/def/checkxlinkurl.template.feature
arg: {"link":"https://creativecommons.org/publicdomain/mark/*/deed.nl"}
checkxlinkurl.template.feature:22 - path: $, actual: 404, expected: 200, reason: not equal (Integer)
10:56:37.432 [ForkJoinPool-1-worker-7] INFO  com.intuit.karate - [print]
10:56:37.432 [ForkJoinPool-1-worker-7] INFO  com.intuit.karate - [print] testing xlinkurl:
10:56:37.432 [ForkJoinPool-1-worker-7] ERROR com.intuit.karate - org.apache.http.client.ClientProtocolException, http call failed after 0 milliseconds for URL: 
10:56:37.432 [ForkJoinPool-1-worker-7] ERROR com.intuit.karate - http request failed: 
org.apache.http.client.ClientProtocolException
10:56:37.432 [ForkJoinPool-1-worker-7] ERROR com.intuit.karate - feature call (loop) failed at index: 3
caller: classpath:InspireTest/ngr/datasetrecords/def/checkxlinkurl.template.feature
arg: {"link":""}
checkxlinkurl.template.feature:14 - 
org.apache.http.client.ClientProtocolException
10:56:37.548 [ForkJoinPool-1-worker-9] INFO  com.intuit.karate - [print]
10:56:37.549 [ForkJoinPool-1-worker-9] INFO  com.intuit.karate - [print] testing xlinkurl:
10:56:37.550 [ForkJoinPool-1-worker-9] ERROR com.intuit.karate - org.apache.http.client.ClientProtocolException, http call failed after 0 milliseconds for URL: 
10:56:37.551 [ForkJoinPool-1-worker-9] ERROR com.intuit.karate - http request failed: 
org.apache.http.client.ClientProtocolException
10:56:37.551 [ForkJoinPool-1-worker-9] ERROR com.intuit.karate - feature call (loop) failed at index: 1
caller: classpath:InspireTest/ngr/datasetrecords/def/checkxlinkurl.template.feature
arg: {"link":""}
checkxlinkurl.template.feature:14 - 
org.apache.http.client.ClientProtocolException
10:56:37.576 [ForkJoinPool-1-worker-3] INFO  com.intuit.karate - [print]
10:56:37.576 [ForkJoinPool-1-worker-3] INFO  com.intuit.karate - [print] testing xlinkurl:https://creativecommons.org/publicdomain/mark/*/deed.nl
10:56:37.611 [ForkJoinPool-1-worker-3] ERROR com.intuit.karate - assertion failed: path: $, actual: 404, expected: 200, reason: not equal (Integer)
10:56:37.613 [ForkJoinPool-1-worker-3] ERROR com.intuit.karate - feature call (loop) failed at index: 2
caller: classpath:InspireTest/ngr/datasetrecords/def/checkxlinkurl.template.feature
arg: {"link":"https://creativecommons.org/publicdomain/mark/*/deed.nl"}
checkxlinkurl.template.feature:22 - path: $, actual: 404, expected: 200, reason: not equal (Integer)
10:56:37.616 [ForkJoinPool-1-worker-3] INFO  com.intuit.karate - [print]
10:56:37.622 [ForkJoinPool-1-worker-3] INFO  com.intuit.karate - [print] testing xlinkurl:
10:56:37.623 [ForkJoinPool-1-worker-3] ERROR com.intuit.karate - org.apache.http.client.ClientProtocolException, http call failed after 0 milliseconds for URL: 
10:56:37.623 [ForkJoinPool-1-worker-3] ERROR com.intuit.karate - http request failed: 
org.apache.http.client.ClientProtocolException
10:56:37.624 [ForkJoinPool-1-worker-3] ERROR com.intuit.karate - feature call (loop) failed at index: 3
caller: classpath:InspireTest/ngr/datasetrecords/def/checkxlinkurl.template.feature
arg: {"link":""}
checkxlinkurl.template.feature:14 - 
org.apache.http.client.ClientProtocolException
10:56:37.761 [ForkJoinPool-1-worker-11] INFO  com.intuit.karate - [print] title:Wijk- en Buurtkaart 2019 versie 1
10:56:37.762 [ForkJoinPool-1-worker-11] INFO  com.intuit.karate - [print] Wijk- en Buurtkaart 2019 versie 1
10:56:37.764 [ForkJoinPool-1-worker-11] INFO  com.intuit.karate - [print] [
  "infoservice@cbs.nl",
  "infoservice@cbs.nl",
  "infoservice@cbs.nl",
  "",
  ""
]

10:56:37.766 [ForkJoinPool-1-worker-11] INFO  com.intuit.karate - [print] organisation: [
  "Centraal Bureau voor de Statistiek",
  "Centraal Bureau voor de Statistiek",
  "Centraal Bureau voor de Statistiek",
  "Kadaster"
]

10:56:37.768 [ForkJoinPool-1-worker-11] INFO  com.intuit.karate - [print] [
  ""
]

10:56:37.772 [ForkJoinPool-1-worker-11] INFO  com.intuit.karate - [print]
10:56:37.773 [ForkJoinPool-1-worker-11] INFO  com.intuit.karate - [print] testing xlinkurl:
10:56:37.773 [ForkJoinPool-1-worker-11] ERROR com.intuit.karate - org.apache.http.client.ClientProtocolException, http call failed after 0 milliseconds for URL: 
10:56:37.774 [ForkJoinPool-1-worker-11] ERROR com.intuit.karate - http request failed: 
org.apache.http.client.ClientProtocolException
10:56:37.774 [ForkJoinPool-1-worker-11] ERROR com.intuit.karate - feature call (loop) failed at index: 0
caller: classpath:InspireTest/ngr/datasetrecords/def/checkxlinkurl.template.feature
arg: {"link":""}
checkxlinkurl.template.feature:14 - 
org.apache.http.client.ClientProtocolException
10:56:38.044 [ForkJoinPool-1-worker-13] INFO  com.intuit.karate - [print] title:Menselijke gezondheid en veiligheid - geluidbelasting rijkswegen 2011 (INSPIRE geharmoniseerd)
10:56:38.044 [ForkJoinPool-1-worker-13] INFO  com.intuit.karate - [print] Menselijke gezondheid en veiligheid - geluidbelasting rijkswegen 2011 (INSPIRE geharmoniseerd)
10:56:38.047 [ForkJoinPool-1-worker-13] INFO  com.intuit.karate - [print] [
  "servicedesk-data@rijkswaterstaat.nl",
  "servicedesk-data@rijkswaterstaat.nl",
  "",
  "servicedesk-data@rijkswaterstaat.nl",
  "info@wetransform.to"
]

10:56:38.048 [ForkJoinPool-1-worker-13] INFO  com.intuit.karate - [print] organisation: [
  "Rijkswaterstaat",
  "Rijkswaterstaat",
  "",
  "Rijkswaterstaat",
  "Wetransform"
]

10:56:38.051 [ForkJoinPool-1-worker-13] INFO  com.intuit.karate - [print] [
  "https://www.nationaalgeoregister.nl/geonetwork/srv/dut/catalog.search#/metadata/wt-f5eb-b09f-4f6d-8397-8878a1b86238",
  "http://rdfdata.eionet.europa.eu/inspirethemes/themes/18",
  "https://ngr.geocat.live/geonetwork/srv/eng/thesaurus.download?ref=external.theme.httpinspireeceuropaeumetadatacodelistPrioritydataset-Prioritydataset"
]

10:56:38.055 [ForkJoinPool-1-worker-13] INFO  com.intuit.karate - [print]
10:56:38.055 [ForkJoinPool-1-worker-13] INFO  com.intuit.karate - [print] testing xlinkurl:https://www.nationaalgeoregister.nl/geonetwork/srv/dut/catalog.search#/metadata/wt-f5eb-b09f-4f6d-8397-8878a1b86238
10:56:38.189 [ForkJoinPool-1-worker-7] INFO  com.intuit.karate - [print] title:Menselijke gezondheid en veiligheid -  geluidbelasting rijkswegen 2006 (INSPIRE geharmoniseerd)
10:56:38.190 [ForkJoinPool-1-worker-7] INFO  com.intuit.karate - [print] Menselijke gezondheid en veiligheid -  geluidbelasting rijkswegen 2006 (INSPIRE geharmoniseerd)
10:56:38.191 [ForkJoinPool-1-worker-7] INFO  com.intuit.karate - [print] [
  "servicedesk-data@rijkswaterstaat.nl",
  "servicedesk-data@rijkswaterstaat.nl",
  "",
  "servicedesk-data@rijkswaterstaat.nl",
  "info@wetransform.to"
]

10:56:38.193 [ForkJoinPool-1-worker-7] INFO  com.intuit.karate - [print] organisation: [
  "Rijkswaterstaat",
  "Rijkswaterstaat",
  "",
  "Rijkswaterstaat",
  "Wetransform"
]

10:56:38.195 [ForkJoinPool-1-worker-7] INFO  com.intuit.karate - [print] [
  "https://www.nationaalgeoregister.nl/geonetwork/srv/dut/catalog.search#/metadata/wt-3730-e750-485a-9c0c-39bf9be72cf9",
  "http://rdfdata.eionet.europa.eu/inspirethemes/themes/18",
  "https://ngr.geocat.live/geonetwork/srv/eng/thesaurus.download?ref=external.theme.httpinspireeceuropaeumetadatacodelistPrioritydataset-Prioritydataset"
]

10:56:38.199 [ForkJoinPool-1-worker-7] INFO  com.intuit.karate - [print]
10:56:38.199 [ForkJoinPool-1-worker-7] INFO  com.intuit.karate - [print] testing xlinkurl:https://www.nationaalgeoregister.nl/geonetwork/srv/dut/catalog.search#/metadata/wt-3730-e750-485a-9c0c-39bf9be72cf9
10:56:38.302 [ForkJoinPool-1-worker-9] INFO  com.intuit.karate - [print] title:Natuurnetwerk Nederland
10:56:38.302 [ForkJoinPool-1-worker-9] INFO  com.intuit.karate - [print] Natuurnetwerk Nederland
10:56:38.303 [ForkJoinPool-1-worker-3] INFO  com.intuit.karate - [print] title:Totale potentie aardwarmte uit aquifers, INSPIRE
10:56:38.303 [ForkJoinPool-1-worker-3] INFO  com.intuit.karate - [print] Totale potentie aardwarmte uit aquifers, INSPIRE
10:56:38.303 [ForkJoinPool-1-worker-9] INFO  com.intuit.karate - [print] [
  "inspire@gbo-provincies.nl",
  "inspire@gbo-provincies.nl",
  "inspire@gbo-provincies.nl"
]

10:56:38.303 [ForkJoinPool-1-worker-3] INFO  com.intuit.karate - [print] [
  "info@dinoloket.nl",
  "info@dinoloket.nl",
  "info@dinoloket.nl"
]

10:56:38.304 [ForkJoinPool-1-worker-9] INFO  com.intuit.karate - [print] organisation: [
  "Interprovinciaal Overleg",
  "Interprovinciaal Overleg",
  "Interprovinciaal Overleg"
]

10:56:38.305 [ForkJoinPool-1-worker-3] INFO  com.intuit.karate - [print] organisation: [
  "TNO Geologische Dienst Nederland",
  "TNO Geologische Dienst Nederland",
  "TNO Geologische Dienst Nederland"
]

10:56:38.308 [ForkJoinPool-1-worker-9] INFO  com.intuit.karate - [print] [
  "http://www.opengis.net/def/crs/EPSG/0/http://www.opengis.net/def/crs/EPSG/0/3034",
  "http://nationaalgeoregister.nl/geonetwork/srv/dut/csw?SERVICE=CSW&version=2.0.2&REQUEST=GetRecordById&elementSetName=full&OutputSchema=http://www.isotc211.org/2005/gmd&ID=c7d8d77b-8c47-4309-8c58-9b12b086407f",
  "https://creativecommons.org/publicdomain/mark/*/deed.nl",
  ""
]

10:56:38.309 [ForkJoinPool-1-worker-3] INFO  com.intuit.karate - [print] [
  "https://nationaalgeoregister.nl/geonetwork/srv/resources052a3480-1031-4d29-ba55-01672e2c50d9"
]

10:56:38.312 [ForkJoinPool-1-worker-9] INFO  com.intuit.karate - [print]
10:56:38.313 [ForkJoinPool-1-worker-9] INFO  com.intuit.karate - [print] testing xlinkurl:http://www.opengis.net/def/crs/EPSG/0/http://www.opengis.net/def/crs/EPSG/0/3034
10:56:38.313 [ForkJoinPool-1-worker-3] INFO  com.intuit.karate - [print]
10:56:38.314 [ForkJoinPool-1-worker-3] INFO  com.intuit.karate - [print] testing xlinkurl:https://nationaalgeoregister.nl/geonetwork/srv/resources052a3480-1031-4d29-ba55-01672e2c50d9
10:56:38.370 [ForkJoinPool-1-worker-13] INFO  com.intuit.karate - [print]
10:56:38.371 [ForkJoinPool-1-worker-13] INFO  com.intuit.karate - [print] testing xlinkurl:http://rdfdata.eionet.europa.eu/inspirethemes/themes/18
10:56:38.410 [ForkJoinPool-1-worker-11] INFO  com.intuit.karate - [print] title:Kaderrichtlijn Water - Oppervlaktewaterlichamen Nederland EU2009 vlakken
10:56:38.410 [ForkJoinPool-1-worker-11] INFO  com.intuit.karate - [print] Kaderrichtlijn Water - Oppervlaktewaterlichamen Nederland EU2009 vlakken
10:56:38.411 [ForkJoinPool-1-worker-11] INFO  com.intuit.karate - [print] [
  "servicedesk-data@rijkswaterstaat.nl",
  "servicedesk-data@rijkswaterstaat.nl",
  "",
  "servicedesk-data@rijkswaterstaat.nl",
  "servicedesk-data@rijkswaterstaat.nl"
]

10:56:38.412 [ForkJoinPool-1-worker-11] INFO  com.intuit.karate - [print] organisation: [
  "Rijkswaterstaat",
  "Rijkswaterstaat",
  "",
  "Rijkswaterstaat",
  "Rijkswaterstaat"
]

10:56:38.414 [ForkJoinPool-1-worker-11] INFO  com.intuit.karate - [print] [
  "https://www.nationaalgeoregister.nl/geonetwork/srv/dut/catalog.search#/metadata/krw2006-68b5-4ff3-94a4-9c24109ffd5e",
  "http://rdfdata.eionet.europa.eu/inspirethemes/themes/24",
  "https://ngr.geocat.live/geonetwork/srv/eng/thesaurus.download?ref=external.theme.httpinspireeceuropaeumetadatacodelistPrioritydataset-Prioritydataset",
  "urn:ogc:def:crs:EPSG::5709"
]

10:56:38.418 [ForkJoinPool-1-worker-11] INFO  com.intuit.karate - [print]
10:56:38.419 [ForkJoinPool-1-worker-11] INFO  com.intuit.karate - [print] testing xlinkurl:https://www.nationaalgeoregister.nl/geonetwork/srv/dut/catalog.search#/metadata/krw2006-68b5-4ff3-94a4-9c24109ffd5e
10:56:38.519 [ForkJoinPool-1-worker-7] INFO  com.intuit.karate - [print]
10:56:38.520 [ForkJoinPool-1-worker-7] INFO  com.intuit.karate - [print] testing xlinkurl:http://rdfdata.eionet.europa.eu/inspirethemes/themes/18
10:56:38.571 [ForkJoinPool-1-worker-13] ERROR com.intuit.karate - assertion failed: path: $, actual: 404, expected: 200, reason: not equal (Integer)
10:56:38.572 [ForkJoinPool-1-worker-13] ERROR com.intuit.karate - feature call (loop) failed at index: 1
caller: classpath:InspireTest/ngr/datasetrecords/def/checkxlinkurl.template.feature
arg: {"link":"http://rdfdata.eionet.europa.eu/inspirethemes/themes/18"}
checkxlinkurl.template.feature:22 - path: $, actual: 404, expected: 200, reason: not equal (Integer)
10:56:38.573 [ForkJoinPool-1-worker-13] INFO  com.intuit.karate - [print]
10:56:38.573 [ForkJoinPool-1-worker-13] INFO  com.intuit.karate - [print] testing xlinkurl:https://ngr.geocat.live/geonetwork/srv/eng/thesaurus.download?ref=external.theme.httpinspireeceuropaeumetadatacodelistPrioritydataset-Prioritydataset
10:56:38.595 [ForkJoinPool-1-worker-3] ERROR com.intuit.karate - assertion failed: path: $, actual: 404, expected: 200, reason: not equal (Integer)
10:56:38.595 [ForkJoinPool-1-worker-3] ERROR com.intuit.karate - feature call (loop) failed at index: 0
caller: classpath:InspireTest/ngr/datasetrecords/def/checkxlinkurl.template.feature
arg: {"link":"https://nationaalgeoregister.nl/geonetwork/srv/resources052a3480-1031-4d29-ba55-01672e2c50d9"}
checkxlinkurl.template.feature:22 - path: $, actual: 404, expected: 200, reason: not equal (Integer)
10:56:38.608 [ForkJoinPool-1-worker-9] INFO  com.intuit.karate - [print]
10:56:38.608 [ForkJoinPool-1-worker-9] INFO  com.intuit.karate - [print] testing xlinkurl:http://nationaalgeoregister.nl/geonetwork/srv/dut/csw?SERVICE=CSW&version=2.0.2&REQUEST=GetRecordById&elementSetName=full&OutputSchema=http://www.isotc211.org/2005/gmd&ID=c7d8d77b-8c47-4309-8c58-9b12b086407f
10:56:38.720 [ForkJoinPool-1-worker-7] ERROR com.intuit.karate - assertion failed: path: $, actual: 404, expected: 200, reason: not equal (Integer)
10:56:38.720 [ForkJoinPool-1-worker-7] ERROR com.intuit.karate - feature call (loop) failed at index: 1
caller: classpath:InspireTest/ngr/datasetrecords/def/checkxlinkurl.template.feature
arg: {"link":"http://rdfdata.eionet.europa.eu/inspirethemes/themes/18"}
checkxlinkurl.template.feature:22 - path: $, actual: 404, expected: 200, reason: not equal (Integer)
10:56:38.721 [ForkJoinPool-1-worker-7] INFO  com.intuit.karate - [print]
10:56:38.721 [ForkJoinPool-1-worker-7] INFO  com.intuit.karate - [print] testing xlinkurl:https://ngr.geocat.live/geonetwork/srv/eng/thesaurus.download?ref=external.theme.httpinspireeceuropaeumetadatacodelistPrioritydataset-Prioritydataset
10:56:38.755 [ForkJoinPool-1-worker-11] INFO  com.intuit.karate - [print]
10:56:38.755 [ForkJoinPool-1-worker-11] INFO  com.intuit.karate - [print] testing xlinkurl:http://rdfdata.eionet.europa.eu/inspirethemes/themes/24
10:56:38.915 [ForkJoinPool-1-worker-13] ERROR com.intuit.karate - assertion failed: path: $, actual: 500, expected: 200, reason: not equal (Integer)
10:56:38.916 [ForkJoinPool-1-worker-13] ERROR com.intuit.karate - feature call (loop) failed at index: 2
caller: classpath:InspireTest/ngr/datasetrecords/def/checkxlinkurl.template.feature
arg: {"link":"https://ngr.geocat.live/geonetwork/srv/eng/thesaurus.download?ref=external.theme.httpinspireeceuropaeumetadatacodelistPrioritydataset-Prioritydataset"}
checkxlinkurl.template.feature:22 - path: $, actual: 500, expected: 200, reason: not equal (Integer)
10:56:38.956 [ForkJoinPool-1-worker-11] ERROR com.intuit.karate - assertion failed: path: $, actual: 404, expected: 200, reason: not equal (Integer)
10:56:38.956 [ForkJoinPool-1-worker-11] ERROR com.intuit.karate - feature call (loop) failed at index: 1
caller: classpath:InspireTest/ngr/datasetrecords/def/checkxlinkurl.template.feature
arg: {"link":"http://rdfdata.eionet.europa.eu/inspirethemes/themes/24"}
checkxlinkurl.template.feature:22 - path: $, actual: 404, expected: 200, reason: not equal (Integer)
10:56:38.957 [ForkJoinPool-1-worker-11] INFO  com.intuit.karate - [print]
10:56:38.957 [ForkJoinPool-1-worker-11] INFO  com.intuit.karate - [print] testing xlinkurl:https://ngr.geocat.live/geonetwork/srv/eng/thesaurus.download?ref=external.theme.httpinspireeceuropaeumetadatacodelistPrioritydataset-Prioritydataset
10:56:39.053 [ForkJoinPool-1-worker-7] ERROR com.intuit.karate - assertion failed: path: $, actual: 500, expected: 200, reason: not equal (Integer)
10:56:39.053 [ForkJoinPool-1-worker-7] ERROR com.intuit.karate - feature call (loop) failed at index: 2
caller: classpath:InspireTest/ngr/datasetrecords/def/checkxlinkurl.template.feature
arg: {"link":"https://ngr.geocat.live/geonetwork/srv/eng/thesaurus.download?ref=external.theme.httpinspireeceuropaeumetadatacodelistPrioritydataset-Prioritydataset"}
checkxlinkurl.template.feature:22 - path: $, actual: 500, expected: 200, reason: not equal (Integer)
10:56:39.113 [ForkJoinPool-1-worker-9] INFO  com.intuit.karate - [print]
10:56:39.113 [ForkJoinPool-1-worker-9] INFO  com.intuit.karate - [print] testing xlinkurl:https://creativecommons.org/publicdomain/mark/*/deed.nl
10:56:39.159 [ForkJoinPool-1-worker-9] ERROR com.intuit.karate - assertion failed: path: $, actual: 404, expected: 200, reason: not equal (Integer)
10:56:39.159 [ForkJoinPool-1-worker-9] ERROR com.intuit.karate - feature call (loop) failed at index: 2
caller: classpath:InspireTest/ngr/datasetrecords/def/checkxlinkurl.template.feature
arg: {"link":"https://creativecommons.org/publicdomain/mark/*/deed.nl"}
checkxlinkurl.template.feature:22 - path: $, actual: 404, expected: 200, reason: not equal (Integer)
10:56:39.160 [ForkJoinPool-1-worker-9] INFO  com.intuit.karate - [print]
10:56:39.160 [ForkJoinPool-1-worker-9] INFO  com.intuit.karate - [print] testing xlinkurl:
10:56:39.160 [ForkJoinPool-1-worker-9] ERROR com.intuit.karate - org.apache.http.client.ClientProtocolException, http call failed after 0 milliseconds for URL: 
10:56:39.160 [ForkJoinPool-1-worker-9] ERROR com.intuit.karate - http request failed: 
org.apache.http.client.ClientProtocolException
10:56:39.160 [ForkJoinPool-1-worker-9] ERROR com.intuit.karate - feature call (loop) failed at index: 3
caller: classpath:InspireTest/ngr/datasetrecords/def/checkxlinkurl.template.feature
arg: {"link":""}
checkxlinkurl.template.feature:14 - 
org.apache.http.client.ClientProtocolException
10:56:39.211 [ForkJoinPool-1-worker-3] INFO  com.intuit.karate - [print] title:Kaderrichtlijn Water - Oppervlaktewaterlichamen Nederland 2019 vlakken
10:56:39.211 [ForkJoinPool-1-worker-3] INFO  com.intuit.karate - [print] Kaderrichtlijn Water - Oppervlaktewaterlichamen Nederland 2019 vlakken
10:56:39.213 [ForkJoinPool-1-worker-3] INFO  com.intuit.karate - [print] [
  "servicedesk-data@rijkswaterstaat.nl",
  "servicedesk-data@rijkswaterstaat.nl",
  "",
  "servicedesk-data@rijkswaterstaat.nl",
  "servicedesk-data@rijkswaterstaat.nl"
]

10:56:39.216 [ForkJoinPool-1-worker-3] INFO  com.intuit.karate - [print] organisation: [
  "Rijkswaterstaat",
  "Rijkswaterstaat",
  "",
  "Rijkswaterstaat",
  "Rijkswaterstaat"
]

10:56:39.224 [ForkJoinPool-1-worker-3] INFO  com.intuit.karate - [print] [
  "https://www.nationaalgeoregister.nl/geonetwork/srv/dut/catalog.search#/metadata/2e31680f-68b5-4ff3-94a4-9c24109ffd5e",
  "http://rdfdata.eionet.europa.eu/inspirethemes/themes/24",
  "https://ngr.geocat.live/geonetwork/srv/eng/thesaurus.download?ref=external.theme.httpinspireeceuropaeumetadatacodelistPrioritydataset-Prioritydataset",
  "urn:ogc:def:crs:EPSG::5709"
]

10:56:39.232 [ForkJoinPool-1-worker-3] INFO  com.intuit.karate - [print]
10:56:39.233 [ForkJoinPool-1-worker-3] INFO  com.intuit.karate - [print] testing xlinkurl:https://www.nationaalgeoregister.nl/geonetwork/srv/dut/catalog.search#/metadata/2e31680f-68b5-4ff3-94a4-9c24109ffd5e
10:56:39.285 [ForkJoinPool-1-worker-11] ERROR com.intuit.karate - assertion failed: path: $, actual: 500, expected: 200, reason: not equal (Integer)
10:56:39.286 [ForkJoinPool-1-worker-11] ERROR com.intuit.karate - feature call (loop) failed at index: 2
caller: classpath:InspireTest/ngr/datasetrecords/def/checkxlinkurl.template.feature
arg: {"link":"https://ngr.geocat.live/geonetwork/srv/eng/thesaurus.download?ref=external.theme.httpinspireeceuropaeumetadatacodelistPrioritydataset-Prioritydataset"}
checkxlinkurl.template.feature:22 - path: $, actual: 500, expected: 200, reason: not equal (Integer)
10:56:39.287 [ForkJoinPool-1-worker-11] INFO  com.intuit.karate - [print]
10:56:39.287 [ForkJoinPool-1-worker-11] INFO  com.intuit.karate - [print] testing xlinkurl:urn:ogc:def:crs:EPSG::5709
10:56:39.287 [ForkJoinPool-1-worker-11] ERROR com.intuit.karate - org.apache.http.client.ClientProtocolException: URI does not specify a valid host name: urn:ogc:def:crs:EPSG::5709, http call failed after 0 milliseconds for URL: urn:ogc:def:crs:EPSG::5709
10:56:39.287 [ForkJoinPool-1-worker-11] ERROR com.intuit.karate - http request failed: 
org.apache.http.client.ClientProtocolException: URI does not specify a valid host name: urn:ogc:def:crs:EPSG::5709
10:56:39.287 [ForkJoinPool-1-worker-11] ERROR com.intuit.karate - feature call (loop) failed at index: 3
caller: classpath:InspireTest/ngr/datasetrecords/def/checkxlinkurl.template.feature
arg: {"link":"urn:ogc:def:crs:EPSG::5709"}
checkxlinkurl.template.feature:14 - 
org.apache.http.client.ClientProtocolException: URI does not specify a valid host name: urn:ogc:def:crs:EPSG::5709
10:56:39.472 [ForkJoinPool-1-worker-13] INFO  com.intuit.karate - [print] title:Nationaal Hydrologisch Instrumentarium (NHI) - netwerkschematisatie
10:56:39.473 [ForkJoinPool-1-worker-13] INFO  com.intuit.karate - [print] Nationaal Hydrologisch Instrumentarium (NHI) - netwerkschematisatie
10:56:39.474 [ForkJoinPool-1-worker-13] INFO  com.intuit.karate - [print] [
  "servicedesk-data@rijkswaterstaat.nl",
  "servicedesk-data@rijkswaterstaat.nl",
  "",
  "servicedesk-data@rijkswaterstaat.nl",
  "servicedesk-data@rijkswaterstaat.nl"
]

10:56:39.477 [ForkJoinPool-1-worker-13] INFO  com.intuit.karate - [print] organisation: [
  "Rijkswaterstaat",
  "Rijkswaterstaat",
  "",
  "Rijkswaterstaat",
  "Rijkswaterstaat"
]

10:56:39.479 [ForkJoinPool-1-worker-13] INFO  com.intuit.karate - [print] [
  "https://www.nationaalgeoregister.nl/geonetwork/srv/dut/catalog.search#/metadata/710c381c-ab2d-45d5-a45d-af2eba811e5f",
  "http://rdfdata.eionet.europa.eu/inspirethemes/themes/8",
  "urn:ogc:def:crs:EPSG::5709"
]

10:56:39.483 [ForkJoinPool-1-worker-13] INFO  com.intuit.karate - [print]
10:56:39.483 [ForkJoinPool-1-worker-13] INFO  com.intuit.karate - [print] testing xlinkurl:https://www.nationaalgeoregister.nl/geonetwork/srv/dut/catalog.search#/metadata/710c381c-ab2d-45d5-a45d-af2eba811e5f
10:56:39.555 [ForkJoinPool-1-worker-3] INFO  com.intuit.karate - [print]
10:56:39.555 [ForkJoinPool-1-worker-3] INFO  com.intuit.karate - [print] testing xlinkurl:http://rdfdata.eionet.europa.eu/inspirethemes/themes/24
10:56:39.629 [ForkJoinPool-1-worker-7] INFO  com.intuit.karate - [print] title:Kaderrichtlijn Water - Oppervlaktewaterlichamen Nederland 2019 lijnen
10:56:39.629 [ForkJoinPool-1-worker-7] INFO  com.intuit.karate - [print] Kaderrichtlijn Water - Oppervlaktewaterlichamen Nederland 2019 lijnen
10:56:39.630 [ForkJoinPool-1-worker-7] INFO  com.intuit.karate - [print] [
  "servicedesk-data@rijkswaterstaat.nl",
  "servicedesk-data@rijkswaterstaat.nl",
  "",
  "servicedesk-data@rijkswaterstaat.nl",
  "servicedesk-data@rijkswaterstaat.nl"
]

10:56:39.631 [ForkJoinPool-1-worker-7] INFO  com.intuit.karate - [print] organisation: [
  "Rijkswaterstaat",
  "Rijkswaterstaat",
  "",
  "Rijkswaterstaat",
  "Rijkswaterstaat"
]

10:56:39.632 [ForkJoinPool-1-worker-7] INFO  com.intuit.karate - [print] [
  "https://www.nationaalgeoregister.nl/geonetwork/srv/dut/catalog.search#/metadata/622a632a-c57b-44a2-83a4-e51223d5f15g",
  "http://rdfdata.eionet.europa.eu/inspirethemes/themes/24",
  "https://ngr.geocat.live/geonetwork/srv/eng/thesaurus.download?ref=external.theme.httpinspireeceuropaeumetadatacodelistPrioritydataset-Prioritydataset",
  "urn:ogc:def:crs:EPSG::5709"
]

10:56:39.637 [ForkJoinPool-1-worker-7] INFO  com.intuit.karate - [print]
10:56:39.637 [ForkJoinPool-1-worker-7] INFO  com.intuit.karate - [print] testing xlinkurl:https://www.nationaalgeoregister.nl/geonetwork/srv/dut/catalog.search#/metadata/622a632a-c57b-44a2-83a4-e51223d5f15g
10:56:39.714 [ForkJoinPool-1-worker-9] INFO  com.intuit.karate - [print] title:Aardkundige waarden
10:56:39.714 [ForkJoinPool-1-worker-9] INFO  com.intuit.karate - [print] Aardkundige waarden
10:56:39.716 [ForkJoinPool-1-worker-9] INFO  com.intuit.karate - [print] [
  "inspire@gbo-provincies.nl",
  "inspire@gbo-provincies.nl",
  "inspire@gbo-provincies.nl"
]

10:56:39.717 [ForkJoinPool-1-worker-9] INFO  com.intuit.karate - [print] organisation: [
  "Interprovinciaal Overleg",
  "Interprovinciaal Overleg",
  "Interprovinciaal Overleg"
]

10:56:39.719 [ForkJoinPool-1-worker-9] INFO  com.intuit.karate - [print] [
  "http://www.opengis.net/def/crs/EPSG/0/http://www.opengis.net/def/crs/EPSG/0/3034",
  "http://nationaalgeoregister.nl/geonetwork/srv/dut/csw?SERVICE=CSW&version=2.0.2&REQUEST=GetRecordById&elementSetName=full&OutputSchema=http://www.isotc211.org/2005/gmd&ID=f002bfc5-7d87-46b6-819e-8415422b65c9",
  "https://creativecommons.org/publicdomain/mark/*/deed.nl",
  ""
]

10:56:39.725 [ForkJoinPool-1-worker-9] INFO  com.intuit.karate - [print]
10:56:39.725 [ForkJoinPool-1-worker-9] INFO  com.intuit.karate - [print] testing xlinkurl:http://www.opengis.net/def/crs/EPSG/0/http://www.opengis.net/def/crs/EPSG/0/3034
10:56:39.756 [ForkJoinPool-1-worker-3] ERROR com.intuit.karate - assertion failed: path: $, actual: 404, expected: 200, reason: not equal (Integer)
10:56:39.756 [ForkJoinPool-1-worker-3] ERROR com.intuit.karate - feature call (loop) failed at index: 1
caller: classpath:InspireTest/ngr/datasetrecords/def/checkxlinkurl.template.feature
arg: {"link":"http://rdfdata.eionet.europa.eu/inspirethemes/themes/24"}
checkxlinkurl.template.feature:22 - path: $, actual: 404, expected: 200, reason: not equal (Integer)
10:56:39.759 [ForkJoinPool-1-worker-3] INFO  com.intuit.karate - [print]
10:56:39.759 [ForkJoinPool-1-worker-3] INFO  com.intuit.karate - [print] testing xlinkurl:https://ngr.geocat.live/geonetwork/srv/eng/thesaurus.download?ref=external.theme.httpinspireeceuropaeumetadatacodelistPrioritydataset-Prioritydataset
10:56:39.792 [ForkJoinPool-1-worker-13] INFO  com.intuit.karate - [print]
10:56:39.792 [ForkJoinPool-1-worker-13] INFO  com.intuit.karate - [print] testing xlinkurl:http://rdfdata.eionet.europa.eu/inspirethemes/themes/8
10:56:39.861 [ForkJoinPool-1-worker-11] INFO  com.intuit.karate - [print] title:Kaderrichtlijn Water - Oppervlaktewaterlichamen Nederland EU2015 vlakken
10:56:39.861 [ForkJoinPool-1-worker-11] INFO  com.intuit.karate - [print] Kaderrichtlijn Water - Oppervlaktewaterlichamen Nederland EU2015 vlakken
10:56:39.863 [ForkJoinPool-1-worker-11] INFO  com.intuit.karate - [print] [
  "servicedesk@ihw.nl",
  "servicedesk-data@rijkswaterstaat.nl",
  "",
  "servicedesk-data@rijkswaterstaat.nl",
  "servicedesk@ihw.nl"
]

10:56:39.864 [ForkJoinPool-1-worker-11] INFO  com.intuit.karate - [print] organisation: [
  "Informatiehuis Water",
  "Informatiehuis Water",
  "",
  "Rijkswaterstaat",
  "Informatiehuis Water"
]

10:56:39.867 [ForkJoinPool-1-worker-11] INFO  com.intuit.karate - [print] [
  "https://www.nationaalgeoregister.nl/geonetwork/srv/dut/catalog.search#/metadata/110f9ec6-4464-462e-9765-83d90cefbead",
  "http://rdfdata.eionet.europa.eu/inspirethemes/themes/24",
  "https://ngr.geocat.live/geonetwork/srv/eng/thesaurus.download?ref=external.theme.httpinspireeceuropaeumetadatacodelistPrioritydataset-Prioritydataset"
]

10:56:39.871 [ForkJoinPool-1-worker-11] INFO  com.intuit.karate - [print]
10:56:39.871 [ForkJoinPool-1-worker-11] INFO  com.intuit.karate - [print] testing xlinkurl:https://www.nationaalgeoregister.nl/geonetwork/srv/dut/catalog.search#/metadata/110f9ec6-4464-462e-9765-83d90cefbead
10:56:39.953 [ForkJoinPool-1-worker-7] INFO  com.intuit.karate - [print]
10:56:39.954 [ForkJoinPool-1-worker-7] INFO  com.intuit.karate - [print] testing xlinkurl:http://rdfdata.eionet.europa.eu/inspirethemes/themes/24
10:56:40.025 [ForkJoinPool-1-worker-9] INFO  com.intuit.karate - [print]
10:56:40.025 [ForkJoinPool-1-worker-9] INFO  com.intuit.karate - [print] testing xlinkurl:http://nationaalgeoregister.nl/geonetwork/srv/dut/csw?SERVICE=CSW&version=2.0.2&REQUEST=GetRecordById&elementSetName=full&OutputSchema=http://www.isotc211.org/2005/gmd&ID=f002bfc5-7d87-46b6-819e-8415422b65c9
10:56:40.034 [ForkJoinPool-1-worker-5] INFO  com.intuit.karate - [print] title:Kaderrichtlijn Water - Oppervlaktewaterlichamen Nederland EU2015 lijnen
10:56:40.034 [ForkJoinPool-1-worker-5] INFO  com.intuit.karate - [print] Kaderrichtlijn Water - Oppervlaktewaterlichamen Nederland EU2015 lijnen
10:56:40.035 [ForkJoinPool-1-worker-5] INFO  com.intuit.karate - [print] [
  "servicedesk@ihw.nl",
  "servicedesk@ihw.nl",
  "",
  "servicedesk-data@rijkswaterstaat.nl",
  "servicedesk@ihw.nl"
]

10:56:40.037 [ForkJoinPool-1-worker-5] INFO  com.intuit.karate - [print] organisation: [
  "Informatiehuis Water",
  "Informatiehuis Water",
  "",
  "Rijkswaterstaat",
  "Informatiehuis Water"
]

10:56:40.039 [ForkJoinPool-1-worker-5] INFO  com.intuit.karate - [print] [
  "https://www.nationaalgeoregister.nl/geonetwork/srv/dut/catalog.search#/metadata/110f9ec6-4464-462e-9765-83d90cefbeag",
  "http://rdfdata.eionet.europa.eu/inspirethemes/themes/24",
  "https://ngr.geocat.live/geonetwork/srv/eng/thesaurus.download?ref=external.theme.httpinspireeceuropaeumetadatacodelistPrioritydataset-Prioritydataset",
  "urn:ogc:def:crs:EPSG::5709"
]

10:56:40.043 [ForkJoinPool-1-worker-5] INFO  com.intuit.karate - [print]
10:56:40.043 [ForkJoinPool-1-worker-5] INFO  com.intuit.karate - [print] testing xlinkurl:https://www.nationaalgeoregister.nl/geonetwork/srv/dut/catalog.search#/metadata/110f9ec6-4464-462e-9765-83d90cefbeag
10:56:40.068 [ForkJoinPool-1-worker-3] ERROR com.intuit.karate - assertion failed: path: $, actual: 500, expected: 200, reason: not equal (Integer)
10:56:40.068 [ForkJoinPool-1-worker-3] ERROR com.intuit.karate - feature call (loop) failed at index: 2
caller: classpath:InspireTest/ngr/datasetrecords/def/checkxlinkurl.template.feature
arg: {"link":"https://ngr.geocat.live/geonetwork/srv/eng/thesaurus.download?ref=external.theme.httpinspireeceuropaeumetadatacodelistPrioritydataset-Prioritydataset"}
checkxlinkurl.template.feature:22 - path: $, actual: 500, expected: 200, reason: not equal (Integer)
10:56:40.070 [ForkJoinPool-1-worker-3] INFO  com.intuit.karate - [print]
10:56:40.070 [ForkJoinPool-1-worker-3] INFO  com.intuit.karate - [print] testing xlinkurl:urn:ogc:def:crs:EPSG::5709
10:56:40.070 [ForkJoinPool-1-worker-3] ERROR com.intuit.karate - org.apache.http.client.ClientProtocolException: URI does not specify a valid host name: urn:ogc:def:crs:EPSG::5709, http call failed after 0 milliseconds for URL: urn:ogc:def:crs:EPSG::5709
10:56:40.070 [ForkJoinPool-1-worker-3] ERROR com.intuit.karate - http request failed: 
org.apache.http.client.ClientProtocolException: URI does not specify a valid host name: urn:ogc:def:crs:EPSG::5709
10:56:40.071 [ForkJoinPool-1-worker-3] ERROR com.intuit.karate - feature call (loop) failed at index: 3
caller: classpath:InspireTest/ngr/datasetrecords/def/checkxlinkurl.template.feature
arg: {"link":"urn:ogc:def:crs:EPSG::5709"}
checkxlinkurl.template.feature:14 - 
org.apache.http.client.ClientProtocolException: URI does not specify a valid host name: urn:ogc:def:crs:EPSG::5709
10:56:40.160 [ForkJoinPool-1-worker-7] ERROR com.intuit.karate - assertion failed: path: $, actual: 404, expected: 200, reason: not equal (Integer)
10:56:40.160 [ForkJoinPool-1-worker-13] ERROR com.intuit.karate - assertion failed: path: $, actual: 404, expected: 200, reason: not equal (Integer)
10:56:40.160 [ForkJoinPool-1-worker-7] ERROR com.intuit.karate - feature call (loop) failed at index: 1
caller: classpath:InspireTest/ngr/datasetrecords/def/checkxlinkurl.template.feature
arg: {"link":"http://rdfdata.eionet.europa.eu/inspirethemes/themes/24"}
checkxlinkurl.template.feature:22 - path: $, actual: 404, expected: 200, reason: not equal (Integer)
10:56:40.160 [ForkJoinPool-1-worker-13] ERROR com.intuit.karate - feature call (loop) failed at index: 1
caller: classpath:InspireTest/ngr/datasetrecords/def/checkxlinkurl.template.feature
arg: {"link":"http://rdfdata.eionet.europa.eu/inspirethemes/themes/8"}
checkxlinkurl.template.feature:22 - path: $, actual: 404, expected: 200, reason: not equal (Integer)
10:56:40.161 [ForkJoinPool-1-worker-7] INFO  com.intuit.karate - [print]
10:56:40.161 [ForkJoinPool-1-worker-13] INFO  com.intuit.karate - [print]
10:56:40.161 [ForkJoinPool-1-worker-7] INFO  com.intuit.karate - [print] testing xlinkurl:https://ngr.geocat.live/geonetwork/srv/eng/thesaurus.download?ref=external.theme.httpinspireeceuropaeumetadatacodelistPrioritydataset-Prioritydataset
10:56:40.161 [ForkJoinPool-1-worker-13] INFO  com.intuit.karate - [print] testing xlinkurl:urn:ogc:def:crs:EPSG::5709
10:56:40.162 [ForkJoinPool-1-worker-13] ERROR com.intuit.karate - org.apache.http.client.ClientProtocolException: URI does not specify a valid host name: urn:ogc:def:crs:EPSG::5709, http call failed after 0 milliseconds for URL: urn:ogc:def:crs:EPSG::5709
10:56:40.162 [ForkJoinPool-1-worker-13] ERROR com.intuit.karate - http request failed: 
org.apache.http.client.ClientProtocolException: URI does not specify a valid host name: urn:ogc:def:crs:EPSG::5709
10:56:40.165 [ForkJoinPool-1-worker-13] ERROR com.intuit.karate - feature call (loop) failed at index: 2
caller: classpath:InspireTest/ngr/datasetrecords/def/checkxlinkurl.template.feature
arg: {"link":"urn:ogc:def:crs:EPSG::5709"}
checkxlinkurl.template.feature:14 - 
org.apache.http.client.ClientProtocolException: URI does not specify a valid host name: urn:ogc:def:crs:EPSG::5709
10:56:40.215 [ForkJoinPool-1-worker-11] INFO  com.intuit.karate - [print]
10:56:40.215 [ForkJoinPool-1-worker-11] INFO  com.intuit.karate - [print] testing xlinkurl:http://rdfdata.eionet.europa.eu/inspirethemes/themes/24
10:56:40.360 [ForkJoinPool-1-worker-5] INFO  com.intuit.karate - [print]
10:56:40.360 [ForkJoinPool-1-worker-5] INFO  com.intuit.karate - [print] testing xlinkurl:http://rdfdata.eionet.europa.eu/inspirethemes/themes/24
10:56:40.416 [ForkJoinPool-1-worker-11] ERROR com.intuit.karate - assertion failed: path: $, actual: 404, expected: 200, reason: not equal (Integer)
10:56:40.416 [ForkJoinPool-1-worker-11] ERROR com.intuit.karate - feature call (loop) failed at index: 1
caller: classpath:InspireTest/ngr/datasetrecords/def/checkxlinkurl.template.feature
arg: {"link":"http://rdfdata.eionet.europa.eu/inspirethemes/themes/24"}
checkxlinkurl.template.feature:22 - path: $, actual: 404, expected: 200, reason: not equal (Integer)
10:56:40.417 [ForkJoinPool-1-worker-11] INFO  com.intuit.karate - [print]
10:56:40.418 [ForkJoinPool-1-worker-11] INFO  com.intuit.karate - [print] testing xlinkurl:https://ngr.geocat.live/geonetwork/srv/eng/thesaurus.download?ref=external.theme.httpinspireeceuropaeumetadatacodelistPrioritydataset-Prioritydataset
10:56:40.492 [ForkJoinPool-1-worker-7] ERROR com.intuit.karate - assertion failed: path: $, actual: 500, expected: 200, reason: not equal (Integer)
10:56:40.492 [ForkJoinPool-1-worker-7] ERROR com.intuit.karate - feature call (loop) failed at index: 2
caller: classpath:InspireTest/ngr/datasetrecords/def/checkxlinkurl.template.feature
arg: {"link":"https://ngr.geocat.live/geonetwork/srv/eng/thesaurus.download?ref=external.theme.httpinspireeceuropaeumetadatacodelistPrioritydataset-Prioritydataset"}
checkxlinkurl.template.feature:22 - path: $, actual: 500, expected: 200, reason: not equal (Integer)
10:56:40.493 [ForkJoinPool-1-worker-7] INFO  com.intuit.karate - [print]
10:56:40.493 [ForkJoinPool-1-worker-7] INFO  com.intuit.karate - [print] testing xlinkurl:urn:ogc:def:crs:EPSG::5709
10:56:40.494 [ForkJoinPool-1-worker-7] ERROR com.intuit.karate - org.apache.http.client.ClientProtocolException: URI does not specify a valid host name: urn:ogc:def:crs:EPSG::5709, http call failed after 0 milliseconds for URL: urn:ogc:def:crs:EPSG::5709
10:56:40.494 [ForkJoinPool-1-worker-7] ERROR com.intuit.karate - http request failed: 
org.apache.http.client.ClientProtocolException: URI does not specify a valid host name: urn:ogc:def:crs:EPSG::5709
10:56:40.494 [ForkJoinPool-1-worker-7] ERROR com.intuit.karate - feature call (loop) failed at index: 3
caller: classpath:InspireTest/ngr/datasetrecords/def/checkxlinkurl.template.feature
arg: {"link":"urn:ogc:def:crs:EPSG::5709"}
checkxlinkurl.template.feature:14 - 
org.apache.http.client.ClientProtocolException: URI does not specify a valid host name: urn:ogc:def:crs:EPSG::5709
10:56:40.507 [ForkJoinPool-1-worker-9] INFO  com.intuit.karate - [print]
10:56:40.507 [ForkJoinPool-1-worker-9] INFO  com.intuit.karate - [print] testing xlinkurl:https://creativecommons.org/publicdomain/mark/*/deed.nl
10:56:40.562 [ForkJoinPool-1-worker-5] ERROR com.intuit.karate - assertion failed: path: $, actual: 404, expected: 200, reason: not equal (Integer)
10:56:40.563 [ForkJoinPool-1-worker-5] ERROR com.intuit.karate - feature call (loop) failed at index: 1
caller: classpath:InspireTest/ngr/datasetrecords/def/checkxlinkurl.template.feature
arg: {"link":"http://rdfdata.eionet.europa.eu/inspirethemes/themes/24"}
checkxlinkurl.template.feature:22 - path: $, actual: 404, expected: 200, reason: not equal (Integer)
10:56:40.564 [ForkJoinPool-1-worker-9] ERROR com.intuit.karate - assertion failed: path: $, actual: 404, expected: 200, reason: not equal (Integer)
10:56:40.564 [ForkJoinPool-1-worker-5] INFO  com.intuit.karate - [print]
10:56:40.564 [ForkJoinPool-1-worker-9] ERROR com.intuit.karate - feature call (loop) failed at index: 2
caller: classpath:InspireTest/ngr/datasetrecords/def/checkxlinkurl.template.feature
arg: {"link":"https://creativecommons.org/publicdomain/mark/*/deed.nl"}
checkxlinkurl.template.feature:22 - path: $, actual: 404, expected: 200, reason: not equal (Integer)
10:56:40.564 [ForkJoinPool-1-worker-5] INFO  com.intuit.karate - [print] testing xlinkurl:https://ngr.geocat.live/geonetwork/srv/eng/thesaurus.download?ref=external.theme.httpinspireeceuropaeumetadatacodelistPrioritydataset-Prioritydataset
10:56:40.571 [ForkJoinPool-1-worker-9] INFO  com.intuit.karate - [print]
10:56:40.571 [ForkJoinPool-1-worker-9] INFO  com.intuit.karate - [print] testing xlinkurl:
10:56:40.571 [ForkJoinPool-1-worker-9] ERROR com.intuit.karate - org.apache.http.client.ClientProtocolException, http call failed after 0 milliseconds for URL: 
10:56:40.571 [ForkJoinPool-1-worker-9] ERROR com.intuit.karate - http request failed: 
org.apache.http.client.ClientProtocolException
10:56:40.572 [ForkJoinPool-1-worker-9] ERROR com.intuit.karate - feature call (loop) failed at index: 3
caller: classpath:InspireTest/ngr/datasetrecords/def/checkxlinkurl.template.feature
arg: {"link":""}
checkxlinkurl.template.feature:14 - 
org.apache.http.client.ClientProtocolException
10:56:40.657 [ForkJoinPool-1-worker-3] INFO  com.intuit.karate - [print] title:Publiekrechtelijke beperkingen
10:56:40.657 [ForkJoinPool-1-worker-3] INFO  com.intuit.karate - [print] Publiekrechtelijke beperkingen
10:56:40.658 [ForkJoinPool-1-worker-3] INFO  com.intuit.karate - [print] [
  "PPB-GVA@kadaster.nl",
  "kcc@kadaster.nl"
]

10:56:40.659 [ForkJoinPool-1-worker-3] INFO  com.intuit.karate - [print] organisation: [
  "Kadaster",
  "Kadaster"
]

10:56:40.660 [ForkJoinPool-1-worker-3] INFO  com.intuit.karate - [print] [
  "http://kadaster/e2318c58-b1e6-4621-9c77-33b8a1fd0124"
]

10:56:40.666 [ForkJoinPool-1-worker-3] INFO  com.intuit.karate - [print]
10:56:40.667 [ForkJoinPool-1-worker-3] INFO  com.intuit.karate - [print] testing xlinkurl:http://kadaster/e2318c58-b1e6-4621-9c77-33b8a1fd0124
10:56:40.674 [ForkJoinPool-1-worker-3] ERROR com.intuit.karate - java.net.UnknownHostException: kadaster: Temporary failure in name resolution, http call failed after 7 milliseconds for URL: http://kadaster/e2318c58-b1e6-4621-9c77-33b8a1fd0124
10:56:40.674 [ForkJoinPool-1-worker-3] ERROR com.intuit.karate - http request failed: 
java.net.UnknownHostException: kadaster: Temporary failure in name resolution
10:56:40.674 [ForkJoinPool-1-worker-3] ERROR com.intuit.karate - feature call (loop) failed at index: 0
caller: classpath:InspireTest/ngr/datasetrecords/def/checkxlinkurl.template.feature
arg: {"link":"http://kadaster/e2318c58-b1e6-4621-9c77-33b8a1fd0124"}
checkxlinkurl.template.feature:14 - 
java.net.UnknownHostException: kadaster: Temporary failure in name resolution
10:56:40.699 [ForkJoinPool-1-worker-13] INFO  com.intuit.karate - [print] title:Kaderrichtlijn Water - Oppervlaktewaterlichamen Nederland EU2009 lijnen
10:56:40.699 [ForkJoinPool-1-worker-13] INFO  com.intuit.karate - [print] Kaderrichtlijn Water - Oppervlaktewaterlichamen Nederland EU2009 lijnen
10:56:40.700 [ForkJoinPool-1-worker-13] INFO  com.intuit.karate - [print] [
  "servicedesk-data@rijkswaterstaat.nl",
  "servicedesk-data@rijkswaterstaat.nl",
  "",
  "servicedesk-data@rijkswaterstaat.nl",
  "servicedesk-data@rijkswaterstaat.nl"
]

10:56:40.700 [ForkJoinPool-1-worker-13] INFO  com.intuit.karate - [print] organisation: [
  "Rijkswaterstaat",
  "Rijkswaterstaat",
  "",
  "Rijkswaterstaat",
  "Rijkswaterstaat"
]

10:56:40.702 [ForkJoinPool-1-worker-13] INFO  com.intuit.karate - [print] [
  "https://www.nationaalgeoregister.nl/geonetwork/srv/dut/catalog.search#/metadata/krw2006-c57b-44a2-83a4-e51223d5f15g",
  "http://rdfdata.eionet.europa.eu/inspirethemes/themes/24",
  "https://ngr.geocat.live/geonetwork/srv/eng/thesaurus.download?ref=external.theme.httpinspireeceuropaeumetadatacodelistPrioritydataset-Prioritydataset",
  "urn:ogc:def:crs:EPSG::5709"
]

10:56:40.706 [ForkJoinPool-1-worker-13] INFO  com.intuit.karate - [print]
10:56:40.706 [ForkJoinPool-1-worker-13] INFO  com.intuit.karate - [print] testing xlinkurl:https://www.nationaalgeoregister.nl/geonetwork/srv/dut/catalog.search#/metadata/krw2006-c57b-44a2-83a4-e51223d5f15g
10:56:40.725 [ForkJoinPool-1-worker-11] ERROR com.intuit.karate - assertion failed: path: $, actual: 500, expected: 200, reason: not equal (Integer)
10:56:40.726 [ForkJoinPool-1-worker-11] ERROR com.intuit.karate - feature call (loop) failed at index: 2
caller: classpath:InspireTest/ngr/datasetrecords/def/checkxlinkurl.template.feature
arg: {"link":"https://ngr.geocat.live/geonetwork/srv/eng/thesaurus.download?ref=external.theme.httpinspireeceuropaeumetadatacodelistPrioritydataset-Prioritydataset"}
checkxlinkurl.template.feature:22 - path: $, actual: 500, expected: 200, reason: not equal (Integer)
10:56:40.939 [ForkJoinPool-1-worker-5] ERROR com.intuit.karate - assertion failed: path: $, actual: 500, expected: 200, reason: not equal (Integer)
10:56:40.939 [ForkJoinPool-1-worker-5] ERROR com.intuit.karate - feature call (loop) failed at index: 2
caller: classpath:InspireTest/ngr/datasetrecords/def/checkxlinkurl.template.feature
arg: {"link":"https://ngr.geocat.live/geonetwork/srv/eng/thesaurus.download?ref=external.theme.httpinspireeceuropaeumetadatacodelistPrioritydataset-Prioritydataset"}
checkxlinkurl.template.feature:22 - path: $, actual: 500, expected: 200, reason: not equal (Integer)
10:56:40.940 [ForkJoinPool-1-worker-5] INFO  com.intuit.karate - [print]
10:56:40.940 [ForkJoinPool-1-worker-5] INFO  com.intuit.karate - [print] testing xlinkurl:urn:ogc:def:crs:EPSG::5709
10:56:40.941 [ForkJoinPool-1-worker-5] ERROR com.intuit.karate - org.apache.http.client.ClientProtocolException: URI does not specify a valid host name: urn:ogc:def:crs:EPSG::5709, http call failed after 0 milliseconds for URL: urn:ogc:def:crs:EPSG::5709
10:56:40.941 [ForkJoinPool-1-worker-5] ERROR com.intuit.karate - http request failed: 
org.apache.http.client.ClientProtocolException: URI does not specify a valid host name: urn:ogc:def:crs:EPSG::5709
10:56:40.941 [ForkJoinPool-1-worker-5] ERROR com.intuit.karate - feature call (loop) failed at index: 3
caller: classpath:InspireTest/ngr/datasetrecords/def/checkxlinkurl.template.feature
arg: {"link":"urn:ogc:def:crs:EPSG::5709"}
checkxlinkurl.template.feature:14 - 
org.apache.http.client.ClientProtocolException: URI does not specify a valid host name: urn:ogc:def:crs:EPSG::5709
10:56:41.043 [ForkJoinPool-1-worker-13] INFO  com.intuit.karate - [print]
10:56:41.043 [ForkJoinPool-1-worker-13] INFO  com.intuit.karate - [print] testing xlinkurl:http://rdfdata.eionet.europa.eu/inspirethemes/themes/24
10:56:41.069 [ForkJoinPool-1-worker-7] INFO  com.intuit.karate - [print] title:Kaderrichtlijn Water - Deelstroomgebieden Nederland EU2015
10:56:41.069 [ForkJoinPool-1-worker-7] INFO  com.intuit.karate - [print] Kaderrichtlijn Water - Deelstroomgebieden Nederland EU2015
10:56:41.071 [ForkJoinPool-1-worker-7] INFO  com.intuit.karate - [print] [
  "servicedesk@ihw.nl",
  "servicedesk@ihw.nl",
  "",
  "servicedesk-data@rijkswaterstaat.nl",
  "servicedesk-data@rijkswaterstaat.nl"
]

10:56:41.072 [ForkJoinPool-1-worker-7] INFO  com.intuit.karate - [print] organisation: [
  "Informatiehuis Water",
  "Informatiehuis Water",
  "",
  "Rijkswaterstaat",
  "Rijkswaterstaat"
]

10:56:41.074 [ForkJoinPool-1-worker-7] INFO  com.intuit.karate - [print] [
  "https://www.nationaalgeoregister.nl/geonetwork/srv/dut/catalog.search#/metadata/110f9ec6-4464-462e-9765-83d90cefbeac",
  "http://rdfdata.eionet.europa.eu/inspirethemes/themes/24",
  "https://ngr.geocat.live/geonetwork/srv/eng/thesaurus.download?ref=external.theme.httpinspireeceuropaeumetadatacodelistPrioritydataset-Prioritydataset"
]

10:56:41.082 [ForkJoinPool-1-worker-7] INFO  com.intuit.karate - [print]
10:56:41.082 [ForkJoinPool-1-worker-7] INFO  com.intuit.karate - [print] testing xlinkurl:https://www.nationaalgeoregister.nl/geonetwork/srv/dut/catalog.search#/metadata/110f9ec6-4464-462e-9765-83d90cefbeac
10:56:41.197 [ForkJoinPool-1-worker-9] INFO  com.intuit.karate - [print] title:Kaderrichtlijn Water - Deelstroomgebieden Nederland 2019 vlakken
10:56:41.197 [ForkJoinPool-1-worker-9] INFO  com.intuit.karate - [print] Kaderrichtlijn Water - Deelstroomgebieden Nederland 2019 vlakken
10:56:41.198 [ForkJoinPool-1-worker-9] INFO  com.intuit.karate - [print] [
  "servicedesk-data@rijkswaterstaat.nl",
  "servicedesk-data@rijkswaterstaat.nl",
  "",
  "servicedesk-data@rijkswaterstaat.nl",
  "servicedesk-data@rijkswaterstaat.nl"
]

10:56:41.199 [ForkJoinPool-1-worker-9] INFO  com.intuit.karate - [print] organisation: [
  "Rijkswaterstaat",
  "Rijkswaterstaat",
  "",
  "Rijkswaterstaat",
  "Rijkswaterstaat"
]

10:56:41.201 [ForkJoinPool-1-worker-9] INFO  com.intuit.karate - [print] [
  "https://www.nationaalgeoregister.nl/geonetwork/srv/dut/catalog.search#/metadata/krw-782cab20-8328-45f1-a9b2-c27d07c14066",
  "http://rdfdata.eionet.europa.eu/inspirethemes/themes/24",
  "https://ngr.geocat.live/geonetwork/srv/eng/thesaurus.download?ref=external.theme.httpinspireeceuropaeumetadatacodelistPrioritydataset-Prioritydataset",
  "urn:ogc:def:crs:EPSG::5709"
]

10:56:41.212 [ForkJoinPool-1-worker-9] INFO  com.intuit.karate - [print]
10:56:41.213 [ForkJoinPool-1-worker-9] INFO  com.intuit.karate - [print] testing xlinkurl:https://www.nationaalgeoregister.nl/geonetwork/srv/dut/catalog.search#/metadata/krw-782cab20-8328-45f1-a9b2-c27d07c14066
10:56:41.245 [ForkJoinPool-1-worker-13] ERROR com.intuit.karate - assertion failed: path: $, actual: 404, expected: 200, reason: not equal (Integer)
10:56:41.245 [ForkJoinPool-1-worker-13] ERROR com.intuit.karate - feature call (loop) failed at index: 1
caller: classpath:InspireTest/ngr/datasetrecords/def/checkxlinkurl.template.feature
arg: {"link":"http://rdfdata.eionet.europa.eu/inspirethemes/themes/24"}
checkxlinkurl.template.feature:22 - path: $, actual: 404, expected: 200, reason: not equal (Integer)
10:56:41.246 [ForkJoinPool-1-worker-3] INFO  com.intuit.karate - [print] title:Kaderrichtlijn Mariene Strategie - Mariene wateren Nederland EU2018
10:56:41.246 [ForkJoinPool-1-worker-13] INFO  com.intuit.karate - [print]
10:56:41.246 [ForkJoinPool-1-worker-3] INFO  com.intuit.karate - [print] Kaderrichtlijn Mariene Strategie - Mariene wateren Nederland EU2018
10:56:41.246 [ForkJoinPool-1-worker-13] INFO  com.intuit.karate - [print] testing xlinkurl:https://ngr.geocat.live/geonetwork/srv/eng/thesaurus.download?ref=external.theme.httpinspireeceuropaeumetadatacodelistPrioritydataset-Prioritydataset
10:56:41.246 [ForkJoinPool-1-worker-3] INFO  com.intuit.karate - [print] [
  "servicedesk-data@rijkswaterstaat.nl",
  "servicedesk-data@rijkswaterstaat.nl",
  "",
  "servicedesk-data@rijkswaterstaat.nl",
  "servicedesk-data@rijkswaterstaat.nl"
]

10:56:41.247 [ForkJoinPool-1-worker-3] INFO  com.intuit.karate - [print] organisation: [
  "Rijkswaterstaat",
  "Rijkswaterstaat",
  "",
  "Rijkswaterstaat",
  "Rijkswaterstaat"
]

10:56:41.249 [ForkJoinPool-1-worker-3] INFO  com.intuit.karate - [print] [
  "https://www.nationaalgeoregister.nl/geonetwork/srv/dut/catalog.search#/metadata/krm-a905-9d8e-4758-83fa-28b057f185e4",
  "http://rdfdata.eionet.europa.eu/inspirethemes/themes/24",
  "https://ngr.geocat.live/geonetwork/srv/eng/thesaurus.download?ref=external.theme.httpinspireeceuropaeumetadatacodelistPrioritydataset-Prioritydataset"
]

10:56:41.262 [ForkJoinPool-1-worker-3] INFO  com.intuit.karate - [print]
10:56:41.263 [ForkJoinPool-1-worker-3] INFO  com.intuit.karate - [print] testing xlinkurl:https://www.nationaalgeoregister.nl/geonetwork/srv/dut/catalog.search#/metadata/krm-a905-9d8e-4758-83fa-28b057f185e4
10:56:41.396 [ForkJoinPool-1-worker-11] INFO  com.intuit.karate - [print] title:Kaderrichtlijn Water - Monitoringlocaties Nederland EU2015
10:56:41.396 [ForkJoinPool-1-worker-11] INFO  com.intuit.karate - [print] Kaderrichtlijn Water - Monitoringlocaties Nederland EU2015
10:56:41.398 [ForkJoinPool-1-worker-11] INFO  com.intuit.karate - [print] [
  "servicedesk@ihw.nl",
  "servicedesk-data@rijkswaterstaat.nl",
  "",
  "servicedesk-data@rijkswaterstaat.nl",
  "servicedesk-data@rijkswaterstaat.nl"
]

10:56:41.401 [ForkJoinPool-1-worker-11] INFO  com.intuit.karate - [print] organisation: [
  "Informatiehuis Water",
  "Informatiehuis Water",
  "",
  "Rijkswaterstaat",
  "Rijkswaterstaat"
]

10:56:41.403 [ForkJoinPool-1-worker-11] INFO  com.intuit.karate - [print] [
  "https://www.nationaalgeoregister.nl/geonetwork/srv/dut/catalog.search#/metadata/891ddc2d-8949-4a45-be96-c65b87c41f13",
  "http://rdfdata.eionet.europa.eu/inspirethemes/themes/20",
  "https://ngr.geocat.live/geonetwork/srv/eng/thesaurus.download?ref=external.theme.httpinspireeceuropaeumetadatacodelistPrioritydataset-Prioritydataset"
]

10:56:41.406 [ForkJoinPool-1-worker-7] INFO  com.intuit.karate - [print]
10:56:41.406 [ForkJoinPool-1-worker-7] INFO  com.intuit.karate - [print] testing xlinkurl:http://rdfdata.eionet.europa.eu/inspirethemes/themes/24
10:56:41.407 [ForkJoinPool-1-worker-11] INFO  com.intuit.karate - [print]
10:56:41.408 [ForkJoinPool-1-worker-11] INFO  com.intuit.karate - [print] testing xlinkurl:https://www.nationaalgeoregister.nl/geonetwork/srv/dut/catalog.search#/metadata/891ddc2d-8949-4a45-be96-c65b87c41f13
10:56:41.522 [ForkJoinPool-1-worker-5] INFO  com.intuit.karate - [print] title:Ruimtelijke plannen Wro: Ruimtelijkeplannen.nl
10:56:41.523 [ForkJoinPool-1-worker-5] INFO  com.intuit.karate - [print] Ruimtelijke plannen Wro: Ruimtelijkeplannen.nl
10:56:41.524 [ForkJoinPool-1-worker-5] INFO  com.intuit.karate - [print] [
  "PPB-GVA@kadaster.nl",
  "ruimtelijkeplannen@kadaster.nl"
]

10:56:41.525 [ForkJoinPool-1-worker-5] INFO  com.intuit.karate - [print] organisation: [
  "Kadaster",
  "Kadaster"
]

10:56:41.527 [ForkJoinPool-1-worker-5] INFO  com.intuit.karate - [print] [
  "http://kadaster/e2318c58-b1e6-4621-9c77-33b8a1fd0e76"
]

10:56:41.533 [ForkJoinPool-1-worker-5] INFO  com.intuit.karate - [print]
10:56:41.533 [ForkJoinPool-1-worker-5] INFO  com.intuit.karate - [print] testing xlinkurl:http://kadaster/e2318c58-b1e6-4621-9c77-33b8a1fd0e76
10:56:41.535 [ForkJoinPool-1-worker-5] ERROR com.intuit.karate - java.net.UnknownHostException: kadaster, http call failed after 0 milliseconds for URL: http://kadaster/e2318c58-b1e6-4621-9c77-33b8a1fd0e76
10:56:41.535 [ForkJoinPool-1-worker-5] ERROR com.intuit.karate - http request failed: 
java.net.UnknownHostException: kadaster
10:56:41.535 [ForkJoinPool-1-worker-5] ERROR com.intuit.karate - feature call (loop) failed at index: 0
caller: classpath:InspireTest/ngr/datasetrecords/def/checkxlinkurl.template.feature
arg: {"link":"http://kadaster/e2318c58-b1e6-4621-9c77-33b8a1fd0e76"}
checkxlinkurl.template.feature:14 - 
java.net.UnknownHostException: kadaster
10:56:41.540 [ForkJoinPool-1-worker-9] INFO  com.intuit.karate - [print]
10:56:41.540 [ForkJoinPool-1-worker-9] INFO  com.intuit.karate - [print] testing xlinkurl:http://rdfdata.eionet.europa.eu/inspirethemes/themes/24
10:56:41.560 [ForkJoinPool-1-worker-13] ERROR com.intuit.karate - assertion failed: path: $, actual: 500, expected: 200, reason: not equal (Integer)
10:56:41.560 [ForkJoinPool-1-worker-13] ERROR com.intuit.karate - feature call (loop) failed at index: 2
caller: classpath:InspireTest/ngr/datasetrecords/def/checkxlinkurl.template.feature
arg: {"link":"https://ngr.geocat.live/geonetwork/srv/eng/thesaurus.download?ref=external.theme.httpinspireeceuropaeumetadatacodelistPrioritydataset-Prioritydataset"}
checkxlinkurl.template.feature:22 - path: $, actual: 500, expected: 200, reason: not equal (Integer)
10:56:41.561 [ForkJoinPool-1-worker-13] INFO  com.intuit.karate - [print]
10:56:41.561 [ForkJoinPool-1-worker-13] INFO  com.intuit.karate - [print] testing xlinkurl:urn:ogc:def:crs:EPSG::5709
10:56:41.561 [ForkJoinPool-1-worker-13] ERROR com.intuit.karate - org.apache.http.client.ClientProtocolException: URI does not specify a valid host name: urn:ogc:def:crs:EPSG::5709, http call failed after 0 milliseconds for URL: urn:ogc:def:crs:EPSG::5709
10:56:41.561 [ForkJoinPool-1-worker-13] ERROR com.intuit.karate - http request failed: 
org.apache.http.client.ClientProtocolException: URI does not specify a valid host name: urn:ogc:def:crs:EPSG::5709
10:56:41.561 [ForkJoinPool-1-worker-13] ERROR com.intuit.karate - feature call (loop) failed at index: 3
caller: classpath:InspireTest/ngr/datasetrecords/def/checkxlinkurl.template.feature
arg: {"link":"urn:ogc:def:crs:EPSG::5709"}
checkxlinkurl.template.feature:14 - 
org.apache.http.client.ClientProtocolException: URI does not specify a valid host name: urn:ogc:def:crs:EPSG::5709
10:56:41.579 [ForkJoinPool-1-worker-3] INFO  com.intuit.karate - [print]
10:56:41.580 [ForkJoinPool-1-worker-3] INFO  com.intuit.karate - [print] testing xlinkurl:http://rdfdata.eionet.europa.eu/inspirethemes/themes/24
10:56:41.608 [ForkJoinPool-1-worker-7] ERROR com.intuit.karate - assertion failed: path: $, actual: 404, expected: 200, reason: not equal (Integer)
10:56:41.608 [ForkJoinPool-1-worker-7] ERROR com.intuit.karate - feature call (loop) failed at index: 1
caller: classpath:InspireTest/ngr/datasetrecords/def/checkxlinkurl.template.feature
arg: {"link":"http://rdfdata.eionet.europa.eu/inspirethemes/themes/24"}
checkxlinkurl.template.feature:22 - path: $, actual: 404, expected: 200, reason: not equal (Integer)
10:56:41.609 [ForkJoinPool-1-worker-7] INFO  com.intuit.karate - [print]
10:56:41.610 [ForkJoinPool-1-worker-7] INFO  com.intuit.karate - [print] testing xlinkurl:https://ngr.geocat.live/geonetwork/srv/eng/thesaurus.download?ref=external.theme.httpinspireeceuropaeumetadatacodelistPrioritydataset-Prioritydataset
10:56:41.717 [ForkJoinPool-1-worker-11] INFO  com.intuit.karate - [print]
10:56:41.717 [ForkJoinPool-1-worker-11] INFO  com.intuit.karate - [print] testing xlinkurl:http://rdfdata.eionet.europa.eu/inspirethemes/themes/20
10:56:41.741 [ForkJoinPool-1-worker-9] ERROR com.intuit.karate - assertion failed: path: $, actual: 404, expected: 200, reason: not equal (Integer)
10:56:41.741 [ForkJoinPool-1-worker-9] ERROR com.intuit.karate - feature call (loop) failed at index: 1
caller: classpath:InspireTest/ngr/datasetrecords/def/checkxlinkurl.template.feature
arg: {"link":"http://rdfdata.eionet.europa.eu/inspirethemes/themes/24"}
checkxlinkurl.template.feature:22 - path: $, actual: 404, expected: 200, reason: not equal (Integer)
10:56:41.742 [ForkJoinPool-1-worker-9] INFO  com.intuit.karate - [print]
10:56:41.742 [ForkJoinPool-1-worker-9] INFO  com.intuit.karate - [print] testing xlinkurl:https://ngr.geocat.live/geonetwork/srv/eng/thesaurus.download?ref=external.theme.httpinspireeceuropaeumetadatacodelistPrioritydataset-Prioritydataset
10:56:41.781 [ForkJoinPool-1-worker-3] ERROR com.intuit.karate - assertion failed: path: $, actual: 404, expected: 200, reason: not equal (Integer)
10:56:41.781 [ForkJoinPool-1-worker-3] ERROR com.intuit.karate - feature call (loop) failed at index: 1
caller: classpath:InspireTest/ngr/datasetrecords/def/checkxlinkurl.template.feature
arg: {"link":"http://rdfdata.eionet.europa.eu/inspirethemes/themes/24"}
checkxlinkurl.template.feature:22 - path: $, actual: 404, expected: 200, reason: not equal (Integer)
10:56:41.782 [ForkJoinPool-1-worker-3] INFO  com.intuit.karate - [print]
10:56:41.782 [ForkJoinPool-1-worker-3] INFO  com.intuit.karate - [print] testing xlinkurl:https://ngr.geocat.live/geonetwork/srv/eng/thesaurus.download?ref=external.theme.httpinspireeceuropaeumetadatacodelistPrioritydataset-Prioritydataset
10:56:41.918 [ForkJoinPool-1-worker-11] ERROR com.intuit.karate - assertion failed: path: $, actual: 404, expected: 200, reason: not equal (Integer)
10:56:41.918 [ForkJoinPool-1-worker-11] ERROR com.intuit.karate - feature call (loop) failed at index: 1
caller: classpath:InspireTest/ngr/datasetrecords/def/checkxlinkurl.template.feature
arg: {"link":"http://rdfdata.eionet.europa.eu/inspirethemes/themes/20"}
checkxlinkurl.template.feature:22 - path: $, actual: 404, expected: 200, reason: not equal (Integer)
10:56:41.919 [ForkJoinPool-1-worker-11] INFO  com.intuit.karate - [print]
10:56:41.919 [ForkJoinPool-1-worker-11] INFO  com.intuit.karate - [print] testing xlinkurl:https://ngr.geocat.live/geonetwork/srv/eng/thesaurus.download?ref=external.theme.httpinspireeceuropaeumetadatacodelistPrioritydataset-Prioritydataset
10:56:41.934 [ForkJoinPool-1-worker-7] ERROR com.intuit.karate - assertion failed: path: $, actual: 500, expected: 200, reason: not equal (Integer)
10:56:41.934 [ForkJoinPool-1-worker-7] ERROR com.intuit.karate - feature call (loop) failed at index: 2
caller: classpath:InspireTest/ngr/datasetrecords/def/checkxlinkurl.template.feature
arg: {"link":"https://ngr.geocat.live/geonetwork/srv/eng/thesaurus.download?ref=external.theme.httpinspireeceuropaeumetadatacodelistPrioritydataset-Prioritydataset"}
checkxlinkurl.template.feature:22 - path: $, actual: 500, expected: 200, reason: not equal (Integer)
10:56:42.058 [ForkJoinPool-1-worker-9] ERROR com.intuit.karate - assertion failed: path: $, actual: 500, expected: 200, reason: not equal (Integer)
10:56:42.058 [ForkJoinPool-1-worker-9] ERROR com.intuit.karate - feature call (loop) failed at index: 2
caller: classpath:InspireTest/ngr/datasetrecords/def/checkxlinkurl.template.feature
arg: {"link":"https://ngr.geocat.live/geonetwork/srv/eng/thesaurus.download?ref=external.theme.httpinspireeceuropaeumetadatacodelistPrioritydataset-Prioritydataset"}
checkxlinkurl.template.feature:22 - path: $, actual: 500, expected: 200, reason: not equal (Integer)
10:56:42.060 [ForkJoinPool-1-worker-9] INFO  com.intuit.karate - [print]
10:56:42.060 [ForkJoinPool-1-worker-9] INFO  com.intuit.karate - [print] testing xlinkurl:urn:ogc:def:crs:EPSG::5709
10:56:42.060 [ForkJoinPool-1-worker-9] ERROR com.intuit.karate - org.apache.http.client.ClientProtocolException: URI does not specify a valid host name: urn:ogc:def:crs:EPSG::5709, http call failed after 0 milliseconds for URL: urn:ogc:def:crs:EPSG::5709
10:56:42.060 [ForkJoinPool-1-worker-9] ERROR com.intuit.karate - http request failed: 
org.apache.http.client.ClientProtocolException: URI does not specify a valid host name: urn:ogc:def:crs:EPSG::5709
10:56:42.061 [ForkJoinPool-1-worker-9] ERROR com.intuit.karate - feature call (loop) failed at index: 3
caller: classpath:InspireTest/ngr/datasetrecords/def/checkxlinkurl.template.feature
arg: {"link":"urn:ogc:def:crs:EPSG::5709"}
checkxlinkurl.template.feature:14 - 
org.apache.http.client.ClientProtocolException: URI does not specify a valid host name: urn:ogc:def:crs:EPSG::5709
10:56:42.066 [ForkJoinPool-1-worker-5] INFO  com.intuit.karate - [print] title:Rijksmonumenten (verouderd)
10:56:42.066 [ForkJoinPool-1-worker-5] INFO  com.intuit.karate - [print] Rijksmonumenten (verouderd)
10:56:42.067 [ForkJoinPool-1-worker-5] INFO  com.intuit.karate - [print] [
  "info@cultureelerfgoed.nl",
  "info@cultureelerfgoed.nl"
]

10:56:42.069 [ForkJoinPool-1-worker-5] INFO  com.intuit.karate - [print] organisation: [
  "Rijksdienst voor het Cultureel Erfgoed",
  "Rijksdienst voor het Cultureel Erfgoed"
]

10:56:42.073 [ForkJoinPool-1-worker-5] INFO  com.intuit.karate - [print] [
  "http://services.rce.geovoorziening.nl/www/download/nl.xml",
  "",
  ""
]

10:56:42.077 [ForkJoinPool-1-worker-5] INFO  com.intuit.karate - [print]
10:56:42.077 [ForkJoinPool-1-worker-5] INFO  com.intuit.karate - [print] testing xlinkurl:http://services.rce.geovoorziening.nl/www/download/nl.xml
10:56:42.091 [ForkJoinPool-1-worker-3] ERROR com.intuit.karate - assertion failed: path: $, actual: 500, expected: 200, reason: not equal (Integer)
10:56:42.091 [ForkJoinPool-1-worker-3] ERROR com.intuit.karate - feature call (loop) failed at index: 2
caller: classpath:InspireTest/ngr/datasetrecords/def/checkxlinkurl.template.feature
arg: {"link":"https://ngr.geocat.live/geonetwork/srv/eng/thesaurus.download?ref=external.theme.httpinspireeceuropaeumetadatacodelistPrioritydataset-Prioritydataset"}
checkxlinkurl.template.feature:22 - path: $, actual: 500, expected: 200, reason: not equal (Integer)
10:56:42.148 [ForkJoinPool-1-worker-13] INFO  com.intuit.karate - [print] title:Richtlijn Overstromingsrisico - gebieden met Potentieel Significant Overstromingsrisico EU2018 vlakken
10:56:42.150 [ForkJoinPool-1-worker-13] INFO  com.intuit.karate - [print] Richtlijn Overstromingsrisico - gebieden met Potentieel Significant Overstromingsrisico EU2018 vlakken
10:56:42.152 [ForkJoinPool-1-worker-13] INFO  com.intuit.karate - [print] [
  "servicedesk-data@rijkswaterstaat.nl",
  "servicedesk-data@rijkswaterstaat.nl",
  "",
  "servicedesk-data@rijkswaterstaat.nl",
  "servicedesk-data@rijkswaterstaat.nl"
]

10:56:42.156 [ForkJoinPool-1-worker-13] INFO  com.intuit.karate - [print] organisation: [
  "Rijkswaterstaat",
  "Rijkswaterstaat",
  "",
  "Rijkswaterstaat",
  "Rijkswaterstaat"
]

10:56:42.159 [ForkJoinPool-1-worker-13] INFO  com.intuit.karate - [print] [
  "https://www.nationaalgeoregister.nl/geonetwork/srv/dut/catalog.search#/metadata/ror-9d8e-4758-83fx-28b057f185e1",
  "http://rdfdata.eionet.europa.eu/inspirethemes/themes/25",
  "https://ngr.geocat.live/geonetwork/srv/eng/thesaurus.download?ref=external.theme.httpinspireeceuropaeumetadatacodelistPrioritydataset-Prioritydataset",
  "urn:ogc:def:crs:EPSG::5709"
]

10:56:42.167 [ForkJoinPool-1-worker-13] INFO  com.intuit.karate - [print]
10:56:42.169 [ForkJoinPool-1-worker-13] INFO  com.intuit.karate - [print] testing xlinkurl:https://www.nationaalgeoregister.nl/geonetwork/srv/dut/catalog.search#/metadata/ror-9d8e-4758-83fx-28b057f185e1
10:56:42.240 [ForkJoinPool-1-worker-11] ERROR com.intuit.karate - assertion failed: path: $, actual: 500, expected: 200, reason: not equal (Integer)
10:56:42.240 [ForkJoinPool-1-worker-11] ERROR com.intuit.karate - feature call (loop) failed at index: 2
caller: classpath:InspireTest/ngr/datasetrecords/def/checkxlinkurl.template.feature
arg: {"link":"https://ngr.geocat.live/geonetwork/srv/eng/thesaurus.download?ref=external.theme.httpinspireeceuropaeumetadatacodelistPrioritydataset-Prioritydataset"}
checkxlinkurl.template.feature:22 - path: $, actual: 500, expected: 200, reason: not equal (Integer)
10:56:42.281 [ForkJoinPool-1-worker-5] INFO  com.intuit.karate - [print]
10:56:42.281 [ForkJoinPool-1-worker-5] INFO  com.intuit.karate - [print] testing xlinkurl:
10:56:42.282 [ForkJoinPool-1-worker-5] ERROR com.intuit.karate - org.apache.http.client.ClientProtocolException, http call failed after 0 milliseconds for URL: 
10:56:42.282 [ForkJoinPool-1-worker-5] ERROR com.intuit.karate - http request failed: 
org.apache.http.client.ClientProtocolException
10:56:42.282 [ForkJoinPool-1-worker-5] ERROR com.intuit.karate - feature call (loop) failed at index: 1
caller: classpath:InspireTest/ngr/datasetrecords/def/checkxlinkurl.template.feature
arg: {"link":""}
checkxlinkurl.template.feature:14 - 
org.apache.http.client.ClientProtocolException
10:56:42.283 [ForkJoinPool-1-worker-5] INFO  com.intuit.karate - [print]
10:56:42.283 [ForkJoinPool-1-worker-5] INFO  com.intuit.karate - [print] testing xlinkurl:
10:56:42.283 [ForkJoinPool-1-worker-5] ERROR com.intuit.karate - org.apache.http.client.ClientProtocolException, http call failed after 0 milliseconds for URL: 
10:56:42.283 [ForkJoinPool-1-worker-5] ERROR com.intuit.karate - http request failed: 
org.apache.http.client.ClientProtocolException
10:56:42.283 [ForkJoinPool-1-worker-5] ERROR com.intuit.karate - feature call (loop) failed at index: 2
caller: classpath:InspireTest/ngr/datasetrecords/def/checkxlinkurl.template.feature
arg: {"link":""}
checkxlinkurl.template.feature:14 - 
org.apache.http.client.ClientProtocolException
10:56:42.480 [ForkJoinPool-1-worker-7] INFO  com.intuit.karate - [print] title:Richtlijn Overstromingsrisico - gebieden met Potentieel Significant Overstromingsrisico EU2018 lijnen
10:56:42.480 [ForkJoinPool-1-worker-7] INFO  com.intuit.karate - [print] Richtlijn Overstromingsrisico - gebieden met Potentieel Significant Overstromingsrisico EU2018 lijnen
10:56:42.482 [ForkJoinPool-1-worker-7] INFO  com.intuit.karate - [print] [
  "servicedesk-data@rijkswaterstaat.nl",
  "servicedesk-data@rijkswaterstaat.nl",
  "",
  "servicedesk-data@rijkswaterstaat.nl",
  "servicedesk-data@rijkswaterstaat.nl"
]

10:56:42.484 [ForkJoinPool-1-worker-7] INFO  com.intuit.karate - [print] organisation: [
  "Rijkswaterstaat",
  "Rijkswaterstaat",
  "",
  "Rijkswaterstaat",
  "Rijkswaterstaat"
]

10:56:42.486 [ForkJoinPool-1-worker-7] INFO  com.intuit.karate - [print] [
  "https://www.nationaalgeoregister.nl/geonetwork/srv/dut/catalog.search#/metadata/ror-9d8e-4758-83fx-28b057f185g1",
  "http://rdfdata.eionet.europa.eu/inspirethemes/themes/25",
  "https://ngr.geocat.live/geonetwork/srv/eng/thesaurus.download?ref=external.theme.httpinspireeceuropaeumetadatacodelistPrioritydataset-Prioritydataset",
  "urn:ogc:def:crs:EPSG::5709"
]

10:56:42.499 [ForkJoinPool-1-worker-7] INFO  com.intuit.karate - [print]
10:56:42.506 [ForkJoinPool-1-worker-7] INFO  com.intuit.karate - [print] testing xlinkurl:https://www.nationaalgeoregister.nl/geonetwork/srv/dut/catalog.search#/metadata/ror-9d8e-4758-83fx-28b057f185g1
10:56:42.564 [ForkJoinPool-1-worker-13] INFO  com.intuit.karate - [print]
10:56:42.565 [ForkJoinPool-1-worker-13] INFO  com.intuit.karate - [print] testing xlinkurl:http://rdfdata.eionet.europa.eu/inspirethemes/themes/25
10:56:42.624 [ForkJoinPool-1-worker-9] INFO  com.intuit.karate - [print] title:NWB - Wegen
10:56:42.625 [ForkJoinPool-1-worker-9] INFO  com.intuit.karate - [print] NWB - Wegen
10:56:42.626 [ForkJoinPool-1-worker-9] INFO  com.intuit.karate - [print] [
  "servicedesk-data@rijkswaterstaat.nl",
  "servicedesk-data@rijkswaterstaat.nl",
  "",
  "servicedesk-data@rijkswaterstaat.nl",
  "servicedesk-data@rws.n"
]

10:56:42.628 [ForkJoinPool-1-worker-9] INFO  com.intuit.karate - [print] organisation: [
  "Rijkswaterstaat",
  "Rijkswaterstaat",
  "",
  "Rijkswaterstaat",
  "Rijkswaterstaat"
]

10:56:42.639 [ForkJoinPool-1-worker-9] INFO  com.intuit.karate - [print] [
  "https://www.nationaalgeoregister.nl/geonetwork/srv/dut/catalog.search#/metadata/a9b7026e-0a81-4813-93bd-ba49e6f28502",
  "http://rdfdata.eionet.europa.eu/inspirethemes/themes/7",
  "http://rdfdata.eionet.europa.eu/inspirethemes/themes/18",
  "https://ngr.geocat.live/geonetwork/srv/eng/thesaurus.download?ref=external.theme.httpinspireeceuropaeumetadatacodelistPrioritydataset-Prioritydataset",
  "urn:ogc:def:crs:EPSG::5709"
]

10:56:42.647 [ForkJoinPool-1-worker-9] INFO  com.intuit.karate - [print]
10:56:42.648 [ForkJoinPool-1-worker-9] INFO  com.intuit.karate - [print] testing xlinkurl:https://www.nationaalgeoregister.nl/geonetwork/srv/dut/catalog.search#/metadata/a9b7026e-0a81-4813-93bd-ba49e6f28502
10:56:42.709 [ForkJoinPool-1-worker-3] INFO  com.intuit.karate - [print] title:CBS Vierkantstatistieken 500m
10:56:42.709 [ForkJoinPool-1-worker-3] INFO  com.intuit.karate - [print] CBS Vierkantstatistieken 500m
10:56:42.711 [ForkJoinPool-1-worker-3] INFO  com.intuit.karate - [print] [
  "infoservice@cbs.nl",
  "infoservice@cbs.nl",
  "infoservice@cbs.nl",
  ""
]

10:56:42.713 [ForkJoinPool-1-worker-3] INFO  com.intuit.karate - [print] organisation: [
  "Centraal Bureau voor de Statistiek",
  "Centraal Bureau voor de Statistiek",
  "Centraal Bureau voor de Statistiek",
  "Centraal Bureau voor de Statistiek"
]

10:56:42.716 [ForkJoinPool-1-worker-3] INFO  com.intuit.karate - [print] [
  "http://geodata.nationaalgeoregister.nl/cbsvierkanten500mv2/atom/cbsvierkanten500mv2.xml"
]

10:56:42.724 [ForkJoinPool-1-worker-3] INFO  com.intuit.karate - [print]
10:56:42.725 [ForkJoinPool-1-worker-3] INFO  com.intuit.karate - [print] testing xlinkurl:http://geodata.nationaalgeoregister.nl/cbsvierkanten500mv2/atom/cbsvierkanten500mv2.xml
10:56:42.767 [ForkJoinPool-1-worker-13] ERROR com.intuit.karate - assertion failed: path: $, actual: 404, expected: 200, reason: not equal (Integer)
10:56:42.768 [ForkJoinPool-1-worker-13] ERROR com.intuit.karate - feature call (loop) failed at index: 1
caller: classpath:InspireTest/ngr/datasetrecords/def/checkxlinkurl.template.feature
arg: {"link":"http://rdfdata.eionet.europa.eu/inspirethemes/themes/25"}
checkxlinkurl.template.feature:22 - path: $, actual: 404, expected: 200, reason: not equal (Integer)
10:56:42.769 [ForkJoinPool-1-worker-13] INFO  com.intuit.karate - [print]
10:56:42.769 [ForkJoinPool-1-worker-13] INFO  com.intuit.karate - [print] testing xlinkurl:https://ngr.geocat.live/geonetwork/srv/eng/thesaurus.download?ref=external.theme.httpinspireeceuropaeumetadatacodelistPrioritydataset-Prioritydataset
10:56:42.815 [ForkJoinPool-1-worker-11] INFO  com.intuit.karate - [print] title:CBS Vierkantstatistieken 100m
10:56:42.817 [ForkJoinPool-1-worker-11] INFO  com.intuit.karate - [print] CBS Vierkantstatistieken 100m
10:56:42.818 [ForkJoinPool-1-worker-11] INFO  com.intuit.karate - [print] [
  "infoservice@cbs.nl",
  "infoservice@cbs.nl",
  "infoservice@cbs.nl",
  ""
]

10:56:42.820 [ForkJoinPool-1-worker-11] INFO  com.intuit.karate - [print] organisation: [
  "Centraal Bureau voor de Statistiek",
  "Centraal Bureau voor de Statistiek",
  "Centraal Bureau voor de Statistiek",
  "Centraal Bureau voor de Statistiek"
]

10:56:42.822 [ForkJoinPool-1-worker-11] INFO  com.intuit.karate - [print] [
  "http://geodata.nationaalgeoregister.nl/cbsvierkanten100mv2/atom/cbsvierkanten100mv2.xml"
]

10:56:42.827 [ForkJoinPool-1-worker-11] INFO  com.intuit.karate - [print]
10:56:42.828 [ForkJoinPool-1-worker-11] INFO  com.intuit.karate - [print] testing xlinkurl:http://geodata.nationaalgeoregister.nl/cbsvierkanten100mv2/atom/cbsvierkanten100mv2.xml
10:56:42.843 [ForkJoinPool-1-worker-7] INFO  com.intuit.karate - [print]
10:56:42.843 [ForkJoinPool-1-worker-7] INFO  com.intuit.karate - [print] testing xlinkurl:http://rdfdata.eionet.europa.eu/inspirethemes/themes/25
10:56:42.935 [ForkJoinPool-1-worker-5] INFO  com.intuit.karate - [print] title:Richtlijn Overstromingsrisico - historische overstromingen EU2018
10:56:42.935 [ForkJoinPool-1-worker-5] INFO  com.intuit.karate - [print] Richtlijn Overstromingsrisico - historische overstromingen EU2018
10:56:42.936 [ForkJoinPool-1-worker-5] INFO  com.intuit.karate - [print] [
  "servicedesk-data@rijkswaterstaat.nl",
  "servicedesk-data@rijkswaterstaat.nl",
  "",
  "servicedesk-data@rijkswaterstaat.nl",
  "servicedesk-data@rijkswaterstaat.nl"
]

10:56:42.937 [ForkJoinPool-1-worker-5] INFO  com.intuit.karate - [print] organisation: [
  "Rijkswaterstaat",
  "Rijkswaterstaat",
  "",
  "Rijkswaterstaat",
  "Rijkswaterstaat"
]

10:56:42.938 [ForkJoinPool-1-worker-5] INFO  com.intuit.karate - [print] [
  "https://www.nationaalgeoregister.nl/geonetwork/srv/dut/catalog.search#/metadata/ror-9d8e-4758-83fx-28b057f185f1",
  "http://rdfdata.eionet.europa.eu/inspirethemes/themes/25",
  "https://ngr.geocat.live/geonetwork/srv/eng/thesaurus.download?ref=external.theme.httpinspireeceuropaeumetadatacodelistPrioritydataset-Prioritydataset",
  "urn:ogc:def:crs:EPSG::5709"
]

10:56:42.942 [ForkJoinPool-1-worker-5] INFO  com.intuit.karate - [print]
10:56:42.942 [ForkJoinPool-1-worker-5] INFO  com.intuit.karate - [print] testing xlinkurl:https://www.nationaalgeoregister.nl/geonetwork/srv/dut/catalog.search#/metadata/ror-9d8e-4758-83fx-28b057f185f1
10:56:42.964 [ForkJoinPool-1-worker-9] INFO  com.intuit.karate - [print]
10:56:42.964 [ForkJoinPool-1-worker-9] INFO  com.intuit.karate - [print] testing xlinkurl:http://rdfdata.eionet.europa.eu/inspirethemes/themes/7
10:56:43.044 [ForkJoinPool-1-worker-7] ERROR com.intuit.karate - assertion failed: path: $, actual: 404, expected: 200, reason: not equal (Integer)
10:56:43.044 [ForkJoinPool-1-worker-7] ERROR com.intuit.karate - feature call (loop) failed at index: 1
caller: classpath:InspireTest/ngr/datasetrecords/def/checkxlinkurl.template.feature
arg: {"link":"http://rdfdata.eionet.europa.eu/inspirethemes/themes/25"}
checkxlinkurl.template.feature:22 - path: $, actual: 404, expected: 200, reason: not equal (Integer)
10:56:43.045 [ForkJoinPool-1-worker-7] INFO  com.intuit.karate - [print]
10:56:43.045 [ForkJoinPool-1-worker-7] INFO  com.intuit.karate - [print] testing xlinkurl:https://ngr.geocat.live/geonetwork/srv/eng/thesaurus.download?ref=external.theme.httpinspireeceuropaeumetadatacodelistPrioritydataset-Prioritydataset
10:56:43.082 [ForkJoinPool-1-worker-13] ERROR com.intuit.karate - assertion failed: path: $, actual: 500, expected: 200, reason: not equal (Integer)
10:56:43.082 [ForkJoinPool-1-worker-13] ERROR com.intuit.karate - feature call (loop) failed at index: 2
caller: classpath:InspireTest/ngr/datasetrecords/def/checkxlinkurl.template.feature
arg: {"link":"https://ngr.geocat.live/geonetwork/srv/eng/thesaurus.download?ref=external.theme.httpinspireeceuropaeumetadatacodelistPrioritydataset-Prioritydataset"}
checkxlinkurl.template.feature:22 - path: $, actual: 500, expected: 200, reason: not equal (Integer)
10:56:43.085 [ForkJoinPool-1-worker-13] INFO  com.intuit.karate - [print]
10:56:43.085 [ForkJoinPool-1-worker-13] INFO  com.intuit.karate - [print] testing xlinkurl:urn:ogc:def:crs:EPSG::5709
10:56:43.088 [ForkJoinPool-1-worker-13] ERROR com.intuit.karate - org.apache.http.client.ClientProtocolException: URI does not specify a valid host name: urn:ogc:def:crs:EPSG::5709, http call failed after 0 milliseconds for URL: urn:ogc:def:crs:EPSG::5709
10:56:43.088 [ForkJoinPool-1-worker-13] ERROR com.intuit.karate - http request failed: 
org.apache.http.client.ClientProtocolException: URI does not specify a valid host name: urn:ogc:def:crs:EPSG::5709
10:56:43.089 [ForkJoinPool-1-worker-13] ERROR com.intuit.karate - feature call (loop) failed at index: 3
caller: classpath:InspireTest/ngr/datasetrecords/def/checkxlinkurl.template.feature
arg: {"link":"urn:ogc:def:crs:EPSG::5709"}
checkxlinkurl.template.feature:14 - 
org.apache.http.client.ClientProtocolException: URI does not specify a valid host name: urn:ogc:def:crs:EPSG::5709
10:56:43.165 [ForkJoinPool-1-worker-9] ERROR com.intuit.karate - assertion failed: path: $, actual: 404, expected: 200, reason: not equal (Integer)
10:56:43.165 [ForkJoinPool-1-worker-9] ERROR com.intuit.karate - feature call (loop) failed at index: 1
caller: classpath:InspireTest/ngr/datasetrecords/def/checkxlinkurl.template.feature
arg: {"link":"http://rdfdata.eionet.europa.eu/inspirethemes/themes/7"}
checkxlinkurl.template.feature:22 - path: $, actual: 404, expected: 200, reason: not equal (Integer)
10:56:43.167 [ForkJoinPool-1-worker-9] INFO  com.intuit.karate - [print]
10:56:43.167 [ForkJoinPool-1-worker-9] INFO  com.intuit.karate - [print] testing xlinkurl:http://rdfdata.eionet.europa.eu/inspirethemes/themes/18
10:56:43.253 [ForkJoinPool-1-worker-5] INFO  com.intuit.karate - [print]
10:56:43.254 [ForkJoinPool-1-worker-5] INFO  com.intuit.karate - [print] testing xlinkurl:http://rdfdata.eionet.europa.eu/inspirethemes/themes/25
10:56:43.368 [ForkJoinPool-1-worker-9] ERROR com.intuit.karate - assertion failed: path: $, actual: 404, expected: 200, reason: not equal (Integer)
10:56:43.368 [ForkJoinPool-1-worker-9] ERROR com.intuit.karate - feature call (loop) failed at index: 2
caller: classpath:InspireTest/ngr/datasetrecords/def/checkxlinkurl.template.feature
arg: {"link":"http://rdfdata.eionet.europa.eu/inspirethemes/themes/18"}
checkxlinkurl.template.feature:22 - path: $, actual: 404, expected: 200, reason: not equal (Integer)
10:56:43.369 [ForkJoinPool-1-worker-9] INFO  com.intuit.karate - [print]
10:56:43.369 [ForkJoinPool-1-worker-9] INFO  com.intuit.karate - [print] testing xlinkurl:https://ngr.geocat.live/geonetwork/srv/eng/thesaurus.download?ref=external.theme.httpinspireeceuropaeumetadatacodelistPrioritydataset-Prioritydataset
10:56:43.387 [ForkJoinPool-1-worker-7] ERROR com.intuit.karate - assertion failed: path: $, actual: 500, expected: 200, reason: not equal (Integer)
10:56:43.387 [ForkJoinPool-1-worker-7] ERROR com.intuit.karate - feature call (loop) failed at index: 2
caller: classpath:InspireTest/ngr/datasetrecords/def/checkxlinkurl.template.feature
arg: {"link":"https://ngr.geocat.live/geonetwork/srv/eng/thesaurus.download?ref=external.theme.httpinspireeceuropaeumetadatacodelistPrioritydataset-Prioritydataset"}
checkxlinkurl.template.feature:22 - path: $, actual: 500, expected: 200, reason: not equal (Integer)
10:56:43.388 [ForkJoinPool-1-worker-7] INFO  com.intuit.karate - [print]
10:56:43.388 [ForkJoinPool-1-worker-7] INFO  com.intuit.karate - [print] testing xlinkurl:urn:ogc:def:crs:EPSG::5709
10:56:43.388 [ForkJoinPool-1-worker-7] ERROR com.intuit.karate - org.apache.http.client.ClientProtocolException: URI does not specify a valid host name: urn:ogc:def:crs:EPSG::5709, http call failed after 0 milliseconds for URL: urn:ogc:def:crs:EPSG::5709
10:56:43.388 [ForkJoinPool-1-worker-7] ERROR com.intuit.karate - http request failed: 
org.apache.http.client.ClientProtocolException: URI does not specify a valid host name: urn:ogc:def:crs:EPSG::5709
10:56:43.389 [ForkJoinPool-1-worker-7] ERROR com.intuit.karate - feature call (loop) failed at index: 3
caller: classpath:InspireTest/ngr/datasetrecords/def/checkxlinkurl.template.feature
arg: {"link":"urn:ogc:def:crs:EPSG::5709"}
checkxlinkurl.template.feature:14 - 
org.apache.http.client.ClientProtocolException: URI does not specify a valid host name: urn:ogc:def:crs:EPSG::5709
10:56:43.457 [ForkJoinPool-1-worker-5] ERROR com.intuit.karate - assertion failed: path: $, actual: 404, expected: 200, reason: not equal (Integer)
10:56:43.457 [ForkJoinPool-1-worker-5] ERROR com.intuit.karate - feature call (loop) failed at index: 1
caller: classpath:InspireTest/ngr/datasetrecords/def/checkxlinkurl.template.feature
arg: {"link":"http://rdfdata.eionet.europa.eu/inspirethemes/themes/25"}
checkxlinkurl.template.feature:22 - path: $, actual: 404, expected: 200, reason: not equal (Integer)
10:56:43.462 [ForkJoinPool-1-worker-5] INFO  com.intuit.karate - [print]
10:56:43.462 [ForkJoinPool-1-worker-5] INFO  com.intuit.karate - [print] testing xlinkurl:https://ngr.geocat.live/geonetwork/srv/eng/thesaurus.download?ref=external.theme.httpinspireeceuropaeumetadatacodelistPrioritydataset-Prioritydataset
10:56:43.525 [ForkJoinPool-1-worker-3] INFO  com.intuit.karate - [print] title:Richtlijn Stedelijk Afvalwater - lozingspunten Nederland EU2015
10:56:43.526 [ForkJoinPool-1-worker-3] INFO  com.intuit.karate - [print] Richtlijn Stedelijk Afvalwater - lozingspunten Nederland EU2015
10:56:43.527 [ForkJoinPool-1-worker-3] INFO  com.intuit.karate - [print] [
  "servicedesk-data@rijkswaterstaat.nl",
  "servicedesk-data@rijkswaterstaat.nl",
  "",
  "servicedesk-data@rijkswaterstaat.nl",
  "servicedesk-data@rijkswaterstaat.nl"
]

10:56:43.529 [ForkJoinPool-1-worker-3] INFO  com.intuit.karate - [print] organisation: [
  "Rijkswaterstaat",
  "Rijkswaterstaat",
  "",
  "Rijkswaterstaat",
  "Rijkswaterstaat"
]

10:56:43.531 [ForkJoinPool-1-worker-3] INFO  com.intuit.karate - [print] [
  "https://www.nationaalgeoregister.nl/geonetwork/srv/dut/catalog.search#/metadata/uwwtd-9d8e-4758-83fa-28b057f185e2",
  "http://rdfdata.eionet.europa.eu/inspirethemes/themes/24",
  "https://ngr.geocat.live/geonetwork/srv/eng/thesaurus.download?ref=external.theme.httpinspireeceuropaeumetadatacodelistPrioritydataset-Prioritydataset",
  "urn:ogc:def:crs:EPSG::5709"
]

10:56:43.536 [ForkJoinPool-1-worker-3] INFO  com.intuit.karate - [print]
10:56:43.537 [ForkJoinPool-1-worker-3] INFO  com.intuit.karate - [print] testing xlinkurl:https://www.nationaalgeoregister.nl/geonetwork/srv/dut/catalog.search#/metadata/uwwtd-9d8e-4758-83fa-28b057f185e2
10:56:43.708 [ForkJoinPool-1-worker-13] INFO  com.intuit.karate - [print] title:Bodemgebruik
10:56:43.710 [ForkJoinPool-1-worker-13] INFO  com.intuit.karate - [print] Bodemgebruik
10:56:43.712 [ForkJoinPool-1-worker-13] INFO  com.intuit.karate - [print] [
  "PPB-GVA@kadaster.nl",
  "kcc@kadaster.nl",
  "kcc@kadaster.nl"
]

10:56:43.709 [ForkJoinPool-1-worker-9] ERROR com.intuit.karate - assertion failed: path: $, actual: 500, expected: 200, reason: not equal (Integer)
10:56:43.713 [ForkJoinPool-1-worker-9] ERROR com.intuit.karate - feature call (loop) failed at index: 3
caller: classpath:InspireTest/ngr/datasetrecords/def/checkxlinkurl.template.feature
arg: {"link":"https://ngr.geocat.live/geonetwork/srv/eng/thesaurus.download?ref=external.theme.httpinspireeceuropaeumetadatacodelistPrioritydataset-Prioritydataset"}
checkxlinkurl.template.feature:22 - path: $, actual: 500, expected: 200, reason: not equal (Integer)
10:56:43.716 [ForkJoinPool-1-worker-13] INFO  com.intuit.karate - [print] organisation: [
  "Kadaster",
  "Kadaster",
  "Kadaster"
]

10:56:43.718 [ForkJoinPool-1-worker-9] INFO  com.intuit.karate - [print]
10:56:43.722 [ForkJoinPool-1-worker-9] INFO  com.intuit.karate - [print] testing xlinkurl:urn:ogc:def:crs:EPSG::5709
10:56:43.723 [ForkJoinPool-1-worker-9] ERROR com.intuit.karate - org.apache.http.client.ClientProtocolException: URI does not specify a valid host name: urn:ogc:def:crs:EPSG::5709, http call failed after 0 milliseconds for URL: urn:ogc:def:crs:EPSG::5709
10:56:43.724 [ForkJoinPool-1-worker-9] ERROR com.intuit.karate - http request failed: 
org.apache.http.client.ClientProtocolException: URI does not specify a valid host name: urn:ogc:def:crs:EPSG::5709
10:56:43.725 [ForkJoinPool-1-worker-9] ERROR com.intuit.karate - feature call (loop) failed at index: 4
caller: classpath:InspireTest/ngr/datasetrecords/def/checkxlinkurl.template.feature
arg: {"link":"urn:ogc:def:crs:EPSG::5709"}
checkxlinkurl.template.feature:14 - 
org.apache.http.client.ClientProtocolException: URI does not specify a valid host name: urn:ogc:def:crs:EPSG::5709
10:56:43.730 [ForkJoinPool-1-worker-13] INFO  com.intuit.karate - [print] [
  "http://kadaster/06b6c650-cdb1-11dd-ad8b-0800200c9a78"
]

10:56:43.736 [ForkJoinPool-1-worker-13] INFO  com.intuit.karate - [print]
10:56:43.736 [ForkJoinPool-1-worker-13] INFO  com.intuit.karate - [print] testing xlinkurl:http://kadaster/06b6c650-cdb1-11dd-ad8b-0800200c9a78
10:56:43.737 [ForkJoinPool-1-worker-13] ERROR com.intuit.karate - java.net.UnknownHostException: kadaster, http call failed after 0 milliseconds for URL: http://kadaster/06b6c650-cdb1-11dd-ad8b-0800200c9a78
10:56:43.738 [ForkJoinPool-1-worker-13] ERROR com.intuit.karate - http request failed: 
java.net.UnknownHostException: kadaster
10:56:43.739 [ForkJoinPool-1-worker-13] ERROR com.intuit.karate - feature call (loop) failed at index: 0
caller: classpath:InspireTest/ngr/datasetrecords/def/checkxlinkurl.template.feature
arg: {"link":"http://kadaster/06b6c650-cdb1-11dd-ad8b-0800200c9a78"}
checkxlinkurl.template.feature:14 - 
java.net.UnknownHostException: kadaster
10:56:43.772 [ForkJoinPool-1-worker-11] INFO  com.intuit.karate - [print] title:Richtlijn Stedelijk Afvalwater - agglomeraties Nederland EU2015
10:56:43.775 [ForkJoinPool-1-worker-5] ERROR com.intuit.karate - assertion failed: path: $, actual: 500, expected: 200, reason: not equal (Integer)
10:56:43.777 [ForkJoinPool-1-worker-5] ERROR com.intuit.karate - feature call (loop) failed at index: 2
caller: classpath:InspireTest/ngr/datasetrecords/def/checkxlinkurl.template.feature
arg: {"link":"https://ngr.geocat.live/geonetwork/srv/eng/thesaurus.download?ref=external.theme.httpinspireeceuropaeumetadatacodelistPrioritydataset-Prioritydataset"}
checkxlinkurl.template.feature:22 - path: $, actual: 500, expected: 200, reason: not equal (Integer)
10:56:43.780 [ForkJoinPool-1-worker-11] INFO  com.intuit.karate - [print] Richtlijn Stedelijk Afvalwater - agglomeraties Nederland EU2015
10:56:43.780 [ForkJoinPool-1-worker-5] INFO  com.intuit.karate - [print]
10:56:43.780 [ForkJoinPool-1-worker-5] INFO  com.intuit.karate - [print] testing xlinkurl:urn:ogc:def:crs:EPSG::5709
10:56:43.781 [ForkJoinPool-1-worker-5] ERROR com.intuit.karate - org.apache.http.client.ClientProtocolException: URI does not specify a valid host name: urn:ogc:def:crs:EPSG::5709, http call failed after 0 milliseconds for URL: urn:ogc:def:crs:EPSG::5709
10:56:43.781 [ForkJoinPool-1-worker-5] ERROR com.intuit.karate - http request failed: 
org.apache.http.client.ClientProtocolException: URI does not specify a valid host name: urn:ogc:def:crs:EPSG::5709
10:56:43.781 [ForkJoinPool-1-worker-5] ERROR com.intuit.karate - feature call (loop) failed at index: 3
caller: classpath:InspireTest/ngr/datasetrecords/def/checkxlinkurl.template.feature
arg: {"link":"urn:ogc:def:crs:EPSG::5709"}
checkxlinkurl.template.feature:14 - 
org.apache.http.client.ClientProtocolException: URI does not specify a valid host name: urn:ogc:def:crs:EPSG::5709
10:56:43.781 [ForkJoinPool-1-worker-11] INFO  com.intuit.karate - [print] [
  "servicedesk-data@rijkswaterstaat.nl",
  "servicedesk-data@rijkswaterstaat.nl",
  "",
  "servicedesk-data@rijkswaterstaat.nl",
  "servicedesk-data@rijkswaterstaat.nl"
]

10:56:43.784 [ForkJoinPool-1-worker-11] INFO  com.intuit.karate - [print] organisation: [
  "Rijkswaterstaat",
  "Rijkswaterstaat",
  "",
  "Rijkswaterstaat",
  "Rijkswaterstaat"
]

10:56:43.785 [ForkJoinPool-1-worker-11] INFO  com.intuit.karate - [print] [
  "https://www.nationaalgeoregister.nl/geonetwork/srv/dut/catalog.search#/metadata/uwwtd-9d8e-4758-83fa-28b057f185e1",
  "http://rdfdata.eionet.europa.eu/inspirethemes/themes/24",
  "https://ngr.geocat.live/geonetwork/srv/eng/thesaurus.download?ref=external.theme.httpinspireeceuropaeumetadatacodelistPrioritydataset-Prioritydataset",
  "urn:ogc:def:crs:EPSG::5709"
]

10:56:43.792 [ForkJoinPool-1-worker-11] INFO  com.intuit.karate - [print]
10:56:43.792 [ForkJoinPool-1-worker-11] INFO  com.intuit.karate - [print] testing xlinkurl:https://www.nationaalgeoregister.nl/geonetwork/srv/dut/catalog.search#/metadata/uwwtd-9d8e-4758-83fa-28b057f185e1
10:56:43.865 [ForkJoinPool-1-worker-3] INFO  com.intuit.karate - [print]
10:56:43.866 [ForkJoinPool-1-worker-3] INFO  com.intuit.karate - [print] testing xlinkurl:http://rdfdata.eionet.europa.eu/inspirethemes/themes/24
10:56:43.953 [ForkJoinPool-1-worker-7] INFO  com.intuit.karate - [print] title:Adressen
10:56:43.953 [ForkJoinPool-1-worker-7] INFO  com.intuit.karate - [print] Adressen
10:56:43.954 [ForkJoinPool-1-worker-7] INFO  com.intuit.karate - [print] [
  "PPB-GVA@kadaster.nl",
  "kcc@kadaster.nl",
  "kcc@kadaster.nl"
]

10:56:43.955 [ForkJoinPool-1-worker-7] INFO  com.intuit.karate - [print] organisation: [
  "Kadaster",
  "Kadaster",
  "Kadaster"
]

10:56:43.956 [ForkJoinPool-1-worker-7] INFO  com.intuit.karate - [print] [
  "http://kadaster/06b6c650-cdb1-11dd-ad8b-0800200c9a77"
]

10:56:43.961 [ForkJoinPool-1-worker-7] INFO  com.intuit.karate - [print]
10:56:43.962 [ForkJoinPool-1-worker-7] INFO  com.intuit.karate - [print] testing xlinkurl:http://kadaster/06b6c650-cdb1-11dd-ad8b-0800200c9a77
10:56:43.963 [ForkJoinPool-1-worker-7] ERROR com.intuit.karate - java.net.UnknownHostException: kadaster, http call failed after 0 milliseconds for URL: http://kadaster/06b6c650-cdb1-11dd-ad8b-0800200c9a77
10:56:43.963 [ForkJoinPool-1-worker-7] ERROR com.intuit.karate - http request failed: 
java.net.UnknownHostException: kadaster
10:56:43.965 [ForkJoinPool-1-worker-7] ERROR com.intuit.karate - feature call (loop) failed at index: 0
caller: classpath:InspireTest/ngr/datasetrecords/def/checkxlinkurl.template.feature
arg: {"link":"http://kadaster/06b6c650-cdb1-11dd-ad8b-0800200c9a77"}
checkxlinkurl.template.feature:14 - 
java.net.UnknownHostException: kadaster
10:56:44.067 [ForkJoinPool-1-worker-3] ERROR com.intuit.karate - assertion failed: path: $, actual: 404, expected: 200, reason: not equal (Integer)
10:56:44.067 [ForkJoinPool-1-worker-3] ERROR com.intuit.karate - feature call (loop) failed at index: 1
caller: classpath:InspireTest/ngr/datasetrecords/def/checkxlinkurl.template.feature
arg: {"link":"http://rdfdata.eionet.europa.eu/inspirethemes/themes/24"}
checkxlinkurl.template.feature:22 - path: $, actual: 404, expected: 200, reason: not equal (Integer)
10:56:44.068 [ForkJoinPool-1-worker-3] INFO  com.intuit.karate - [print]
10:56:44.068 [ForkJoinPool-1-worker-3] INFO  com.intuit.karate - [print] testing xlinkurl:https://ngr.geocat.live/geonetwork/srv/eng/thesaurus.download?ref=external.theme.httpinspireeceuropaeumetadatacodelistPrioritydataset-Prioritydataset
10:56:44.125 [ForkJoinPool-1-worker-11] INFO  com.intuit.karate - [print]
10:56:44.125 [ForkJoinPool-1-worker-11] INFO  com.intuit.karate - [print] testing xlinkurl:http://rdfdata.eionet.europa.eu/inspirethemes/themes/24
10:56:44.326 [ForkJoinPool-1-worker-11] ERROR com.intuit.karate - assertion failed: path: $, actual: 404, expected: 200, reason: not equal (Integer)
10:56:44.326 [ForkJoinPool-1-worker-11] ERROR com.intuit.karate - feature call (loop) failed at index: 1
caller: classpath:InspireTest/ngr/datasetrecords/def/checkxlinkurl.template.feature
arg: {"link":"http://rdfdata.eionet.europa.eu/inspirethemes/themes/24"}
checkxlinkurl.template.feature:22 - path: $, actual: 404, expected: 200, reason: not equal (Integer)
10:56:44.327 [ForkJoinPool-1-worker-11] INFO  com.intuit.karate - [print]
10:56:44.327 [ForkJoinPool-1-worker-11] INFO  com.intuit.karate - [print] testing xlinkurl:https://ngr.geocat.live/geonetwork/srv/eng/thesaurus.download?ref=external.theme.httpinspireeceuropaeumetadatacodelistPrioritydataset-Prioritydataset
10:56:44.382 [ForkJoinPool-1-worker-3] ERROR com.intuit.karate - assertion failed: path: $, actual: 500, expected: 200, reason: not equal (Integer)
10:56:44.383 [ForkJoinPool-1-worker-3] ERROR com.intuit.karate - feature call (loop) failed at index: 2
caller: classpath:InspireTest/ngr/datasetrecords/def/checkxlinkurl.template.feature
arg: {"link":"https://ngr.geocat.live/geonetwork/srv/eng/thesaurus.download?ref=external.theme.httpinspireeceuropaeumetadatacodelistPrioritydataset-Prioritydataset"}
checkxlinkurl.template.feature:22 - path: $, actual: 500, expected: 200, reason: not equal (Integer)
10:56:44.388 [ForkJoinPool-1-worker-9] INFO  com.intuit.karate - [print] title:Emissies naar lucht en water in 2015 vanuit de industrie
10:56:44.390 [ForkJoinPool-1-worker-9] INFO  com.intuit.karate - [print] Emissies naar lucht en water in 2015 vanuit de industrie
10:56:44.391 [ForkJoinPool-1-worker-9] INFO  com.intuit.karate - [print] [
  "emissieregistratie@rivm.nl",
  "",
  "emissieregistratie@rivm.nl"
]

10:56:44.392 [ForkJoinPool-1-worker-9] INFO  com.intuit.karate - [print] organisation: no organisationName found in dataset record
10:56:44.394 [ForkJoinPool-1-worker-9] INFO  com.intuit.karate - [print] [
  "https://data.rivm.nl/inspire/id#c6d62f69-7be0-4c19-a4af-d146c6a3c166"
]

10:56:44.398 [ForkJoinPool-1-worker-3] INFO  com.intuit.karate - [print]
10:56:44.399 [ForkJoinPool-1-worker-3] INFO  com.intuit.karate - [print] testing xlinkurl:urn:ogc:def:crs:EPSG::5709
10:56:44.400 [ForkJoinPool-1-worker-3] ERROR com.intuit.karate - org.apache.http.client.ClientProtocolException: URI does not specify a valid host name: urn:ogc:def:crs:EPSG::5709, http call failed after 0 milliseconds for URL: urn:ogc:def:crs:EPSG::5709
10:56:44.402 [ForkJoinPool-1-worker-3] ERROR com.intuit.karate - http request failed: 
org.apache.http.client.ClientProtocolException: URI does not specify a valid host name: urn:ogc:def:crs:EPSG::5709
10:56:44.404 [ForkJoinPool-1-worker-3] ERROR com.intuit.karate - feature call (loop) failed at index: 3
caller: classpath:InspireTest/ngr/datasetrecords/def/checkxlinkurl.template.feature
arg: {"link":"urn:ogc:def:crs:EPSG::5709"}
checkxlinkurl.template.feature:14 - 
org.apache.http.client.ClientProtocolException: URI does not specify a valid host name: urn:ogc:def:crs:EPSG::5709
10:56:44.409 [ForkJoinPool-1-worker-9] INFO  com.intuit.karate - [print]
10:56:44.411 [ForkJoinPool-1-worker-9] INFO  com.intuit.karate - [print] testing xlinkurl:https://data.rivm.nl/inspire/id#c6d62f69-7be0-4c19-a4af-d146c6a3c166
10:56:44.450 [ForkJoinPool-1-worker-13] INFO  com.intuit.karate - [print] title:Geluidkaart Schiphol 2016 (Lden)
10:56:44.450 [ForkJoinPool-1-worker-13] INFO  com.intuit.karate - [print] Geluidkaart Schiphol 2016 (Lden)
10:56:44.451 [ForkJoinPool-1-worker-13] INFO  com.intuit.karate - [print] [
  "sylvia.koolmees@minienw.nl",
  "sylvia.koolmees@minienw.nl"
]

10:56:44.453 [ForkJoinPool-1-worker-13] INFO  com.intuit.karate - [print] organisation: [
  "Ministerie van IenW",
  "Ministerie van IenW"
]

10:56:44.454 [ForkJoinPool-1-worker-13] INFO  com.intuit.karate - [print] [
  "https://www.nationaalgeoregister.nl/geonetwork/srv/api/records83dab947-387b-49df-8ad2-32bb10d46d38"
]

10:56:44.459 [ForkJoinPool-1-worker-13] INFO  com.intuit.karate - [print]
10:56:44.459 [ForkJoinPool-1-worker-13] INFO  com.intuit.karate - [print] testing xlinkurl:https://www.nationaalgeoregister.nl/geonetwork/srv/api/records83dab947-387b-49df-8ad2-32bb10d46d38
10:56:44.485 [ForkJoinPool-1-worker-5] INFO  com.intuit.karate - [print] title:Gemeten Ammoniak concentraties in buitenlucht.
10:56:44.485 [ForkJoinPool-1-worker-5] INFO  com.intuit.karate - [print] Gemeten Ammoniak concentraties in buitenlucht.
10:56:44.486 [ForkJoinPool-1-worker-5] INFO  com.intuit.karate - [print] [
  "geodata@rivm.nl",
  "geodata@rivm.nl"
]

10:56:44.488 [ForkJoinPool-1-worker-5] INFO  com.intuit.karate - [print] organisation: no organisationName found in dataset record
10:56:44.505 [ForkJoinPool-1-worker-5] INFO  com.intuit.karate - [print] [
  "https://data.rivm.nl/inspire/id#4504a4b2-3179-44b3-a5a9-b67b693c514d"
]

10:56:44.510 [ForkJoinPool-1-worker-5] INFO  com.intuit.karate - [print]
10:56:44.511 [ForkJoinPool-1-worker-5] INFO  com.intuit.karate - [print] testing xlinkurl:https://data.rivm.nl/inspire/id#4504a4b2-3179-44b3-a5a9-b67b693c514d
10:56:44.591 [ForkJoinPool-1-worker-7] INFO  com.intuit.karate - [print] title:Luchtfoto 2016 25cm RGB open data
10:56:44.591 [ForkJoinPool-1-worker-7] INFO  com.intuit.karate - [print] Luchtfoto 2016 25cm RGB open data
10:56:44.593 [ForkJoinPool-1-worker-7] INFO  com.intuit.karate - [print] [
  "PPB-GVA@kadaster.nl",
  "info@hetwaterschapshuis.nl",
  "kcc@kadaster.nl",
  "",
  "",
  "",
  "",
  "",
  ""
]

10:56:44.596 [ForkJoinPool-1-worker-7] INFO  com.intuit.karate - [print] organisation: [
  "Kadaster",
  "Het Waterschapshuis",
  "Kadaster",
  "Eurosense",
  "Eurosense",
  "Eurosense",
  "Kadaster",
  "Kadaster"
]

10:56:44.602 [ForkJoinPool-1-worker-7] INFO  com.intuit.karate - [print] [
  "http://kadaster/2482250f-3b00-4439-9f93-f3118229b014",
  "",
  "",
  ""
]

10:56:44.614 [ForkJoinPool-1-worker-7] INFO  com.intuit.karate - [print]
10:56:44.614 [ForkJoinPool-1-worker-7] INFO  com.intuit.karate - [print] testing xlinkurl:http://kadaster/2482250f-3b00-4439-9f93-f3118229b014
10:56:44.615 [ForkJoinPool-1-worker-7] ERROR com.intuit.karate - java.net.UnknownHostException: kadaster, http call failed after 0 milliseconds for URL: http://kadaster/2482250f-3b00-4439-9f93-f3118229b014
10:56:44.615 [ForkJoinPool-1-worker-7] ERROR com.intuit.karate - http request failed: 
java.net.UnknownHostException: kadaster
10:56:44.615 [ForkJoinPool-1-worker-7] ERROR com.intuit.karate - feature call (loop) failed at index: 0
caller: classpath:InspireTest/ngr/datasetrecords/def/checkxlinkurl.template.feature
arg: {"link":"http://kadaster/2482250f-3b00-4439-9f93-f3118229b014"}
checkxlinkurl.template.feature:14 - 
java.net.UnknownHostException: kadaster
10:56:44.616 [ForkJoinPool-1-worker-7] INFO  com.intuit.karate - [print]
10:56:44.616 [ForkJoinPool-1-worker-7] INFO  com.intuit.karate - [print] testing xlinkurl:
10:56:44.616 [ForkJoinPool-1-worker-7] ERROR com.intuit.karate - org.apache.http.client.ClientProtocolException, http call failed after 0 milliseconds for URL: 
10:56:44.616 [ForkJoinPool-1-worker-7] ERROR com.intuit.karate - http request failed: 
org.apache.http.client.ClientProtocolException
10:56:44.616 [ForkJoinPool-1-worker-7] ERROR com.intuit.karate - feature call (loop) failed at index: 1
caller: classpath:InspireTest/ngr/datasetrecords/def/checkxlinkurl.template.feature
arg: {"link":""}
checkxlinkurl.template.feature:14 - 
org.apache.http.client.ClientProtocolException
10:56:44.617 [ForkJoinPool-1-worker-7] INFO  com.intuit.karate - [print]
10:56:44.617 [ForkJoinPool-1-worker-7] INFO  com.intuit.karate - [print] testing xlinkurl:
10:56:44.617 [ForkJoinPool-1-worker-7] ERROR com.intuit.karate - org.apache.http.client.ClientProtocolException, http call failed after 0 milliseconds for URL: 
10:56:44.617 [ForkJoinPool-1-worker-7] ERROR com.intuit.karate - http request failed: 
org.apache.http.client.ClientProtocolException
10:56:44.617 [ForkJoinPool-1-worker-7] ERROR com.intuit.karate - feature call (loop) failed at index: 2
caller: classpath:InspireTest/ngr/datasetrecords/def/checkxlinkurl.template.feature
arg: {"link":""}
checkxlinkurl.template.feature:14 - 
org.apache.http.client.ClientProtocolException
10:56:44.618 [ForkJoinPool-1-worker-7] INFO  com.intuit.karate - [print]
10:56:44.618 [ForkJoinPool-1-worker-7] INFO  com.intuit.karate - [print] testing xlinkurl:
10:56:44.618 [ForkJoinPool-1-worker-7] ERROR com.intuit.karate - org.apache.http.client.ClientProtocolException, http call failed after 0 milliseconds for URL: 
10:56:44.618 [ForkJoinPool-1-worker-7] ERROR com.intuit.karate - http request failed: 
org.apache.http.client.ClientProtocolException
10:56:44.618 [ForkJoinPool-1-worker-7] ERROR com.intuit.karate - feature call (loop) failed at index: 3
caller: classpath:InspireTest/ngr/datasetrecords/def/checkxlinkurl.template.feature
arg: {"link":""}
checkxlinkurl.template.feature:14 - 
org.apache.http.client.ClientProtocolException
10:56:44.640 [ForkJoinPool-1-worker-11] ERROR com.intuit.karate - assertion failed: path: $, actual: 500, expected: 200, reason: not equal (Integer)
10:56:44.640 [ForkJoinPool-1-worker-11] ERROR com.intuit.karate - feature call (loop) failed at index: 2
caller: classpath:InspireTest/ngr/datasetrecords/def/checkxlinkurl.template.feature
arg: {"link":"https://ngr.geocat.live/geonetwork/srv/eng/thesaurus.download?ref=external.theme.httpinspireeceuropaeumetadatacodelistPrioritydataset-Prioritydataset"}
checkxlinkurl.template.feature:22 - path: $, actual: 500, expected: 200, reason: not equal (Integer)
10:56:44.641 [ForkJoinPool-1-worker-11] INFO  com.intuit.karate - [print]
10:56:44.641 [ForkJoinPool-1-worker-11] INFO  com.intuit.karate - [print] testing xlinkurl:urn:ogc:def:crs:EPSG::5709
10:56:44.642 [ForkJoinPool-1-worker-11] ERROR com.intuit.karate - org.apache.http.client.ClientProtocolException: URI does not specify a valid host name: urn:ogc:def:crs:EPSG::5709, http call failed after 0 milliseconds for URL: urn:ogc:def:crs:EPSG::5709
10:56:44.642 [ForkJoinPool-1-worker-11] ERROR com.intuit.karate - http request failed: 
org.apache.http.client.ClientProtocolException: URI does not specify a valid host name: urn:ogc:def:crs:EPSG::5709
10:56:44.642 [ForkJoinPool-1-worker-11] ERROR com.intuit.karate - feature call (loop) failed at index: 3
caller: classpath:InspireTest/ngr/datasetrecords/def/checkxlinkurl.template.feature
arg: {"link":"urn:ogc:def:crs:EPSG::5709"}
checkxlinkurl.template.feature:14 - 
org.apache.http.client.ClientProtocolException: URI does not specify a valid host name: urn:ogc:def:crs:EPSG::5709
10:56:44.776 [ForkJoinPool-1-worker-9] ERROR com.intuit.karate - javax.net.ssl.SSLException: Connection reset, http call failed after 364 milliseconds for URL: https://data.rivm.nl/inspire/id#c6d62f69-7be0-4c19-a4af-d146c6a3c166
10:56:44.776 [ForkJoinPool-1-worker-9] ERROR com.intuit.karate - http request failed: 
javax.net.ssl.SSLException: Connection reset
10:56:44.776 [ForkJoinPool-1-worker-9] ERROR com.intuit.karate - feature call (loop) failed at index: 0
caller: classpath:InspireTest/ngr/datasetrecords/def/checkxlinkurl.template.feature
arg: {"link":"https://data.rivm.nl/inspire/id#c6d62f69-7be0-4c19-a4af-d146c6a3c166"}
checkxlinkurl.template.feature:14 - 
javax.net.ssl.SSLException: Connection reset
10:56:44.778 [ForkJoinPool-1-worker-13] ERROR com.intuit.karate - assertion failed: path: $, actual: 500, expected: 200, reason: not equal (Integer)
10:56:44.778 [ForkJoinPool-1-worker-13] ERROR com.intuit.karate - feature call (loop) failed at index: 0
caller: classpath:InspireTest/ngr/datasetrecords/def/checkxlinkurl.template.feature
arg: {"link":"https://www.nationaalgeoregister.nl/geonetwork/srv/api/records83dab947-387b-49df-8ad2-32bb10d46d38"}
checkxlinkurl.template.feature:22 - path: $, actual: 500, expected: 200, reason: not equal (Integer)
10:56:44.877 [ForkJoinPool-1-worker-5] ERROR com.intuit.karate - javax.net.ssl.SSLException: Connection reset, http call failed after 365 milliseconds for URL: https://data.rivm.nl/inspire/id#4504a4b2-3179-44b3-a5a9-b67b693c514d
10:56:44.877 [ForkJoinPool-1-worker-5] ERROR com.intuit.karate - http request failed: 
javax.net.ssl.SSLException: Connection reset
10:56:44.877 [ForkJoinPool-1-worker-5] ERROR com.intuit.karate - feature call (loop) failed at index: 0
caller: classpath:InspireTest/ngr/datasetrecords/def/checkxlinkurl.template.feature
arg: {"link":"https://data.rivm.nl/inspire/id#4504a4b2-3179-44b3-a5a9-b67b693c514d"}
checkxlinkurl.template.feature:14 - 
javax.net.ssl.SSLException: Connection reset
10:56:44.969 [ForkJoinPool-1-worker-3] INFO  com.intuit.karate - [print] title:Vervoersnetwerken
10:56:44.969 [ForkJoinPool-1-worker-3] INFO  com.intuit.karate - [print] Vervoersnetwerken
10:56:44.969 [ForkJoinPool-1-worker-3] INFO  com.intuit.karate - [print] [
  "PPB-GVA@kadaster.nl",
  "kcc@kadaster.nl",
  "kcc@kadaster.nl"
]

10:56:44.970 [ForkJoinPool-1-worker-3] INFO  com.intuit.karate - [print] organisation: [
  "Kadaster",
  "Kadaster",
  "Kadaster"
]

10:56:44.976 [ForkJoinPool-1-worker-3] INFO  com.intuit.karate - [print] [
  "http://kadaster/06b6c650-cdb1-11dd-ad8b-0800200c9a75"
]

10:56:44.982 [ForkJoinPool-1-worker-3] INFO  com.intuit.karate - [print]
10:56:44.982 [ForkJoinPool-1-worker-3] INFO  com.intuit.karate - [print] testing xlinkurl:http://kadaster/06b6c650-cdb1-11dd-ad8b-0800200c9a75
10:56:44.983 [ForkJoinPool-1-worker-3] ERROR com.intuit.karate - java.net.UnknownHostException: kadaster, http call failed after 0 milliseconds for URL: http://kadaster/06b6c650-cdb1-11dd-ad8b-0800200c9a75
10:56:44.984 [ForkJoinPool-1-worker-3] ERROR com.intuit.karate - http request failed: 
java.net.UnknownHostException: kadaster
10:56:44.985 [ForkJoinPool-1-worker-3] ERROR com.intuit.karate - feature call (loop) failed at index: 0
caller: classpath:InspireTest/ngr/datasetrecords/def/checkxlinkurl.template.feature
arg: {"link":"http://kadaster/06b6c650-cdb1-11dd-ad8b-0800200c9a75"}
checkxlinkurl.template.feature:14 - 
java.net.UnknownHostException: kadaster
10:56:45.221 [ForkJoinPool-1-worker-7] INFO  com.intuit.karate - [print] title:EEZ volgens UNCLOS - Noordzee
10:56:45.221 [ForkJoinPool-1-worker-7] INFO  com.intuit.karate - [print] EEZ volgens UNCLOS - Noordzee
10:56:45.222 [ForkJoinPool-1-worker-7] INFO  com.intuit.karate - [print] [
  "data@hydro.nl",
  "data@hydro.nl",
  "data@hydro.nl",
  "",
  ""
]

10:56:45.224 [ForkJoinPool-1-worker-7] INFO  com.intuit.karate - [print] organisation: [
  "Ministerie van Defensie, Koninklijke Marine, Dienst der Hydrografie",
  "Ministerie van Defensie, Koninklijke Marine, Dienst der Hydrografie",
  "Ministerie van Defensie, Koninklijke Marine, Dienst der Hydrografie"
]

10:56:45.225 [ForkJoinPool-1-worker-7] INFO  com.intuit.karate - [print] [
  "http://www.opengis.net/def/crs/EPSG/0/https://www.opengis.net/def/crs/EPSG/0/4258",
  "https://www.nationaalgeoregister.nl/geonetwork/srv/api/recordse8b84fae-00b3-49c1-80c1-df8f69f64e8c"
]

10:56:45.230 [ForkJoinPool-1-worker-7] INFO  com.intuit.karate - [print]
10:56:45.230 [ForkJoinPool-1-worker-7] INFO  com.intuit.karate - [print] testing xlinkurl:http://www.opengis.net/def/crs/EPSG/0/https://www.opengis.net/def/crs/EPSG/0/4258
10:56:45.309 [ForkJoinPool-1-worker-11] INFO  com.intuit.karate - [print] title:Mossel- en oesterhabitats
10:56:45.309 [ForkJoinPool-1-worker-11] INFO  com.intuit.karate - [print] Mossel- en oesterhabitats
10:56:45.312 [ForkJoinPool-1-worker-11] INFO  com.intuit.karate - [print] [
  "geodatabeheer.giscc@rvo.nl",
  "geodatabeheer.giscc@rvo.nl",
  "info@wur.nl",
  "BeheerPDOK@kadaster.nl"
]

10:56:45.314 [ForkJoinPool-1-worker-11] INFO  com.intuit.karate - [print] organisation: [
  "Ministerie van Economische Zaken - GIS Competence Center",
  "Wageningen Marine Research",
  "PDOK"
]

10:56:45.316 [ForkJoinPool-1-worker-11] INFO  com.intuit.karate - [print] [
  "https://www.nationaalgeoregister.nl/geonetwork/srv/dut/catalog.search#/metadata/3d59fd06-9aec-4744-91e7-65e119f74569"
]

10:56:45.321 [ForkJoinPool-1-worker-11] INFO  com.intuit.karate - [print]
10:56:45.321 [ForkJoinPool-1-worker-11] INFO  com.intuit.karate - [print] testing xlinkurl:https://www.nationaalgeoregister.nl/geonetwork/srv/dut/catalog.search#/metadata/3d59fd06-9aec-4744-91e7-65e119f74569
10:56:45.405 [ForkJoinPool-1-worker-9] INFO  com.intuit.karate - [print] title:Oppervlaktegeologie, Geologische kaart onder INSPIRE
10:56:45.405 [ForkJoinPool-1-worker-9] INFO  com.intuit.karate - [print] Oppervlaktegeologie, Geologische kaart onder INSPIRE
10:56:45.406 [ForkJoinPool-1-worker-9] INFO  com.intuit.karate - [print] [
  "info@dinoloket.nl",
  "info@dinoloket.nl",
  "info@dinoloket.nl"
]

10:56:45.406 [ForkJoinPool-1-worker-9] INFO  com.intuit.karate - [print] organisation: [
  "TNO Geologische Dienst Nederland",
  "TNO Geologische Dienst Nederland",
  "TNO Geologische Dienst Nederland"
]

10:56:45.408 [ForkJoinPool-1-worker-9] INFO  com.intuit.karate - [print] [
  "https://nationaalgeoregister.nl/geonetwork/srv/resources66495385-8f7b-4661-85a7-11a2bbcbb6b9",
  "http://rdfdata.eionet.europa.eu/inspirethemes/themes/13",
  "http://geonetwork-opensource.org/inspire-theme#",
  "https://www.nationaalgeoregister.nl/geonetwork/srv/eng/thesaurus.download?ref=external.theme.inspire-theme"
]

10:56:45.414 [ForkJoinPool-1-worker-9] INFO  com.intuit.karate - [print]
10:56:45.414 [ForkJoinPool-1-worker-9] INFO  com.intuit.karate - [print] testing xlinkurl:https://nationaalgeoregister.nl/geonetwork/srv/resources66495385-8f7b-4661-85a7-11a2bbcbb6b9
10:56:45.570 [ForkJoinPool-1-worker-13] INFO  com.intuit.karate - [print] title:Kaderrichtlijn Water - Oppervlaktewaterlichamen Nederland EU2015 riviernetwerk
10:56:45.572 [ForkJoinPool-1-worker-13] INFO  com.intuit.karate - [print] Kaderrichtlijn Water - Oppervlaktewaterlichamen Nederland EU2015 riviernetwerk
10:56:45.574 [ForkJoinPool-1-worker-13] INFO  com.intuit.karate - [print] [
  "servicedesk@ihw.nl",
  "servicedesk@ihw.nl",
  "",
  "servicedesk-data@rijkswaterstaat.nl",
  "servicedesk-data@rijkswaterstaat.nl"
]

10:56:45.576 [ForkJoinPool-1-worker-13] INFO  com.intuit.karate - [print] organisation: [
  "Informatiehuis Water",
  "Informatiehuis Water",
  "",
  "Rijkswaterstaat",
  "Rijkswaterstaat"
]

10:56:45.578 [ForkJoinPool-1-worker-7] INFO  com.intuit.karate - [print]
10:56:45.578 [ForkJoinPool-1-worker-7] INFO  com.intuit.karate - [print] testing xlinkurl:https://www.nationaalgeoregister.nl/geonetwork/srv/api/recordse8b84fae-00b3-49c1-80c1-df8f69f64e8c
10:56:45.574 [ForkJoinPool-1-worker-5] INFO  com.intuit.karate - [print] title:Natura 2000 (INSPIRE geharmoniseerd)
10:56:45.579 [ForkJoinPool-1-worker-5] INFO  com.intuit.karate - [print] Natura 2000 (INSPIRE geharmoniseerd)
10:56:45.580 [ForkJoinPool-1-worker-5] INFO  com.intuit.karate - [print] [
  "geodatabeheer.giscc@rvo.nl",
  "geodatabeheer.giscc@rvo.nl",
  "beheer@pdok.nl"
]

10:56:45.581 [ForkJoinPool-1-worker-5] INFO  com.intuit.karate - [print] organisation: Ministerie van Landbouw, Natuur en Voedselkwaliteit
10:56:45.583 [ForkJoinPool-1-worker-5] INFO  com.intuit.karate - [print] [
  "http://nationaalgeoregister.nl/geonetwork/srv/dut/catalog.search#/metadata/280ed37a-b8d2-4ac5-8567-04d84fad3a41",
  "https://creativecommons.org/publicdomain/mark/*/deed.nl",
  "https://data.overheid.nl/organisatie/PDOK"
]

10:56:45.586 [ForkJoinPool-1-worker-13] INFO  com.intuit.karate - [print] [
  "https://www.nationaalgeoregister.nl/geonetwork/srv/dut/catalog.search#/metadata/a1960e70-22f4-4fd9-91a8-b605c6ceda3e",
  "http://rdfdata.eionet.europa.eu/inspirethemes/themes/24",
  "https://ngr.geocat.live/geonetwork/srv/eng/thesaurus.download?ref=external.theme.httpinspireeceuropaeumetadatacodelistPrioritydataset-Prioritydataset"
]

10:56:45.600 [ForkJoinPool-1-worker-5] INFO  com.intuit.karate - [print]
10:56:45.603 [ForkJoinPool-1-worker-5] INFO  com.intuit.karate - [print] testing xlinkurl:http://nationaalgeoregister.nl/geonetwork/srv/dut/catalog.search#/metadata/280ed37a-b8d2-4ac5-8567-04d84fad3a41
10:56:45.603 [ForkJoinPool-1-worker-13] INFO  com.intuit.karate - [print]
10:56:45.605 [ForkJoinPool-1-worker-13] INFO  com.intuit.karate - [print] testing xlinkurl:https://www.nationaalgeoregister.nl/geonetwork/srv/dut/catalog.search#/metadata/a1960e70-22f4-4fd9-91a8-b605c6ceda3e
10:56:45.648 [ForkJoinPool-1-worker-3] INFO  com.intuit.karate - [print] title:Grondwateronderzoek onder INSPIRE
10:56:45.648 [ForkJoinPool-1-worker-3] INFO  com.intuit.karate - [print] Grondwateronderzoek onder INSPIRE
10:56:45.649 [ForkJoinPool-1-worker-3] INFO  com.intuit.karate - [print] [
  "info@dinoloket.nl",
  "info@dinoloket.nl",
  "info@dinoloket.nl"
]

10:56:45.650 [ForkJoinPool-1-worker-3] INFO  com.intuit.karate - [print] organisation: [
  "TNO Geologische Dienst Nederland",
  "TNO Geologische Dienst Nederland",
  "TNO Geologische Dienst Nederland"
]

10:56:45.698 [ForkJoinPool-1-worker-9] ERROR com.intuit.karate - assertion failed: path: $, actual: 404, expected: 200, reason: not equal (Integer)
10:56:45.698 [ForkJoinPool-1-worker-9] ERROR com.intuit.karate - feature call (loop) failed at index: 0
caller: classpath:InspireTest/ngr/datasetrecords/def/checkxlinkurl.template.feature
arg: {"link":"https://nationaalgeoregister.nl/geonetwork/srv/resources66495385-8f7b-4661-85a7-11a2bbcbb6b9"}
checkxlinkurl.template.feature:22 - path: $, actual: 404, expected: 200, reason: not equal (Integer)
10:56:45.702 [ForkJoinPool-1-worker-9] INFO  com.intuit.karate - [print]
10:56:45.702 [ForkJoinPool-1-worker-9] INFO  com.intuit.karate - [print] testing xlinkurl:http://rdfdata.eionet.europa.eu/inspirethemes/themes/13
10:56:45.711 [ForkJoinPool-1-worker-3] INFO  com.intuit.karate - [print] [
  "https://nationaalgeoregister.nl/geonetwork/srv/resources7e290e63-f991-4cc3-beff-1ff08ce2be77",
  "https://www.nationaalgeoregister.nl/geonetwork/srv/eng/thesaurus.download?ref=external.theme.inspire-theme"
]

10:56:45.823 [ForkJoinPool-1-worker-5] INFO  com.intuit.karate - [print]
10:56:45.823 [ForkJoinPool-1-worker-5] INFO  com.intuit.karate - [print] testing xlinkurl:https://creativecommons.org/publicdomain/mark/*/deed.nl
10:56:45.857 [ForkJoinPool-1-worker-5] ERROR com.intuit.karate - assertion failed: path: $, actual: 404, expected: 200, reason: not equal (Integer)
10:56:45.858 [ForkJoinPool-1-worker-5] ERROR com.intuit.karate - feature call (loop) failed at index: 1
caller: classpath:InspireTest/ngr/datasetrecords/def/checkxlinkurl.template.feature
arg: {"link":"https://creativecommons.org/publicdomain/mark/*/deed.nl"}
checkxlinkurl.template.feature:22 - path: $, actual: 404, expected: 200, reason: not equal (Integer)
10:56:45.860 [ForkJoinPool-1-worker-5] INFO  com.intuit.karate - [print]
10:56:45.860 [ForkJoinPool-1-worker-5] INFO  com.intuit.karate - [print] testing xlinkurl:https://data.overheid.nl/organisatie/PDOK
10:56:45.896 [ForkJoinPool-1-worker-7] ERROR com.intuit.karate - assertion failed: path: $, actual: 500, expected: 200, reason: not equal (Integer)
10:56:45.896 [ForkJoinPool-1-worker-7] ERROR com.intuit.karate - feature call (loop) failed at index: 1
caller: classpath:InspireTest/ngr/datasetrecords/def/checkxlinkurl.template.feature
arg: {"link":"https://www.nationaalgeoregister.nl/geonetwork/srv/api/recordse8b84fae-00b3-49c1-80c1-df8f69f64e8c"}
checkxlinkurl.template.feature:22 - path: $, actual: 500, expected: 200, reason: not equal (Integer)
10:56:45.903 [ForkJoinPool-1-worker-9] ERROR com.intuit.karate - assertion failed: path: $, actual: 404, expected: 200, reason: not equal (Integer)
10:56:45.903 [ForkJoinPool-1-worker-9] ERROR com.intuit.karate - feature call (loop) failed at index: 1
caller: classpath:InspireTest/ngr/datasetrecords/def/checkxlinkurl.template.feature
arg: {"link":"http://rdfdata.eionet.europa.eu/inspirethemes/themes/13"}
checkxlinkurl.template.feature:22 - path: $, actual: 404, expected: 200, reason: not equal (Integer)
10:56:45.904 [ForkJoinPool-1-worker-9] INFO  com.intuit.karate - [print]
10:56:45.904 [ForkJoinPool-1-worker-9] INFO  com.intuit.karate - [print] testing xlinkurl:http://geonetwork-opensource.org/inspire-theme#
10:56:45.943 [ForkJoinPool-1-worker-13] INFO  com.intuit.karate - [print]
10:56:45.943 [ForkJoinPool-1-worker-13] INFO  com.intuit.karate - [print] testing xlinkurl:http://rdfdata.eionet.europa.eu/inspirethemes/themes/24
10:56:46.148 [ForkJoinPool-1-worker-13] ERROR com.intuit.karate - assertion failed: path: $, actual: 404, expected: 200, reason: not equal (Integer)
10:56:46.148 [ForkJoinPool-1-worker-13] ERROR com.intuit.karate - feature call (loop) failed at index: 1
caller: classpath:InspireTest/ngr/datasetrecords/def/checkxlinkurl.template.feature
arg: {"link":"http://rdfdata.eionet.europa.eu/inspirethemes/themes/24"}
checkxlinkurl.template.feature:22 - path: $, actual: 404, expected: 200, reason: not equal (Integer)
10:56:46.149 [ForkJoinPool-1-worker-13] INFO  com.intuit.karate - [print]
10:56:46.149 [ForkJoinPool-1-worker-13] INFO  com.intuit.karate - [print] testing xlinkurl:https://ngr.geocat.live/geonetwork/srv/eng/thesaurus.download?ref=external.theme.httpinspireeceuropaeumetadatacodelistPrioritydataset-Prioritydataset
10:56:46.227 [ForkJoinPool-1-worker-11] INFO  com.intuit.karate - [print] title:Nationale Parken (INSPIRE Geharmoniseerd)
10:56:46.227 [ForkJoinPool-1-worker-11] INFO  com.intuit.karate - [print] Nationale Parken (INSPIRE Geharmoniseerd)
10:56:46.228 [ForkJoinPool-1-worker-11] INFO  com.intuit.karate - [print] [
  "geodatabeheer.giscc@rvo.nl",
  "geodatabeheer.giscc@rvo.nl",
  "info@minlnv.nl",
  "",
  "",
  ""
]

10:56:46.228 [ForkJoinPool-1-worker-11] INFO  com.intuit.karate - [print] organisation: no organisationName found in dataset record
10:56:46.233 [ForkJoinPool-1-worker-11] INFO  com.intuit.karate - [print] [
  "http://nationaalgeoregister.nl/geonetwork/srv/dut/catalog.search#/metadata/247a1d15-0a67-40ce-85be-1403c08f15a8",
  "xlink:href=https://inspire.ec.europa.eu/id/document/tg/ps",
  "https://data.overheid.nl/organisatie/PDOK"
]

10:56:46.330 [ForkJoinPool-1-worker-3] INFO  com.intuit.karate - [print] title:Geografische Namen
10:56:46.330 [ForkJoinPool-1-worker-3] INFO  com.intuit.karate - [print] Geografische Namen
10:56:46.331 [ForkJoinPool-1-worker-3] INFO  com.intuit.karate - [print] [
  "PPB-GVA@kadaster.nl",
  "kcc@kadaster.nl",
  "kcc@kadaster.nl"
]

10:56:46.332 [ForkJoinPool-1-worker-3] INFO  com.intuit.karate - [print] organisation: [
  "Kadaster",
  "Kadaster",
  "Kadaster"
]

10:56:46.336 [ForkJoinPool-1-worker-3] INFO  com.intuit.karate - [print] [
  "http://kadaster/06b6c650-cdb1-11dd-ad8b-0800200c9a79"
]

10:56:46.476 [ForkJoinPool-1-worker-13] ERROR com.intuit.karate - assertion failed: path: $, actual: 500, expected: 200, reason: not equal (Integer)
10:56:46.476 [ForkJoinPool-1-worker-13] ERROR com.intuit.karate - feature call (loop) failed at index: 2
caller: classpath:InspireTest/ngr/datasetrecords/def/checkxlinkurl.template.feature
arg: {"link":"https://ngr.geocat.live/geonetwork/srv/eng/thesaurus.download?ref=external.theme.httpinspireeceuropaeumetadatacodelistPrioritydataset-Prioritydataset"}
checkxlinkurl.template.feature:22 - path: $, actual: 500, expected: 200, reason: not equal (Integer)
10:56:46.480 [ForkJoinPool-1-worker-7] INFO  com.intuit.karate - [print] title:Emissies naar het riool in 2015 vanuit de industrie
10:56:46.480 [ForkJoinPool-1-worker-7] INFO  com.intuit.karate - [print] Emissies naar het riool in 2015 vanuit de industrie
10:56:46.481 [ForkJoinPool-1-worker-7] INFO  com.intuit.karate - [print] [
  "emissieregistratie@rivm.nl",
  "",
  "emissieregistratie@rivm.nl"
]

10:56:46.482 [ForkJoinPool-1-worker-7] INFO  com.intuit.karate - [print] organisation: no organisationName found in dataset record
10:56:46.486 [ForkJoinPool-1-worker-7] INFO  com.intuit.karate - [print] [
  "https://data.rivm.nl/inspire/id#64d546c9-71d4-4c84-a04c-61c5d0734f65"
]

10:56:46.596 [ForkJoinPool-1-worker-9] ERROR com.intuit.karate - assertion failed: path: $, actual: 404, expected: 200, reason: not equal (Integer)
10:56:46.596 [ForkJoinPool-1-worker-9] ERROR com.intuit.karate - feature call (loop) failed at index: 2
caller: classpath:InspireTest/ngr/datasetrecords/def/checkxlinkurl.template.feature
arg: {"link":"http://geonetwork-opensource.org/inspire-theme#"}
checkxlinkurl.template.feature:22 - path: $, actual: 404, expected: 200, reason: not equal (Integer)
10:56:46.598 [ForkJoinPool-1-worker-9] INFO  com.intuit.karate - [print]
10:56:46.599 [ForkJoinPool-1-worker-9] INFO  com.intuit.karate - [print] testing xlinkurl:https://www.nationaalgeoregister.nl/geonetwork/srv/eng/thesaurus.download?ref=external.theme.inspire-theme
10:56:46.877 [ForkJoinPool-1-worker-11] INFO  com.intuit.karate - [print] title:Amplitude van het getij op de Noordzee
10:56:46.877 [ForkJoinPool-1-worker-11] INFO  com.intuit.karate - [print] Amplitude van het getij op de Noordzee
10:56:46.878 [ForkJoinPool-1-worker-11] INFO  com.intuit.karate - [print] [
  "data@hydro.nl",
  "data@hydro.nl",
  "data@hydro.nl",
  ""
]

10:56:46.879 [ForkJoinPool-1-worker-11] INFO  com.intuit.karate - [print] organisation: [
  "Ministerie van Defensie, Koninklijke Marine, Dienst der Hydrografie",
  "Ministerie van Defensie, Koninklijke Marine, Dienst der Hydrografie",
  "Ministerie van Defensie, Koninklijke Marine, Dienst der Hydrografie"
]

10:56:46.884 [ForkJoinPool-1-worker-11] INFO  com.intuit.karate - [print] [
  "http://www.opengis.net/def/crs/EPSG/0/https://www.opengis.net/def/crs/EPSG/0/4258",
  "https://www.nationaalgeoregister.nl/geonetwork/srv/api/recordsbe6551de-a709-4c6d-a5e2-f63f0cf038ba"
]

10:56:46.996 [ForkJoinPool-1-worker-3] INFO  com.intuit.karate - [print] title:Gebouwen (INSPIRE geharmoniseerd)
10:56:46.997 [ForkJoinPool-1-worker-3] INFO  com.intuit.karate - [print] Gebouwen (INSPIRE geharmoniseerd)
10:56:46.999 [ForkJoinPool-1-worker-3] INFO  com.intuit.karate - [print] [
  "PPB-GVA@kadaster.nl",
  "kcc@kadaster.nl"
]

10:56:47.000 [ForkJoinPool-1-worker-3] INFO  com.intuit.karate - [print] organisation: [
  "Kadaster",
  "Kadaster"
]

10:56:47.005 [ForkJoinPool-1-worker-3] INFO  com.intuit.karate - [print] [
  "http://www.opengis.net/def/crs/EPSG/0/http://www.opengis.net/def/crs/EPSG/0/4258",
  "http://kadaster/80b2d12c-32be-54fg-b6d3\u201434f4ffc06cf3"
]

10:56:47.025 [ForkJoinPool-1-worker-7] INFO  com.intuit.karate - [print] title:Bodemkaart50000_versie2014
10:56:47.025 [ForkJoinPool-1-worker-7] INFO  com.intuit.karate - [print] Bodemkaart50000_versie2014
10:56:47.026 [ForkJoinPool-1-worker-7] INFO  com.intuit.karate - [print] [
  "fokke.brouwer@wur.nl",
  "GeoDesk@wur.nl",
  "fokke.brouwer@wur.nl",
  "GeoDesk@wur.nl"
]

10:56:47.028 [ForkJoinPool-1-worker-7] INFO  com.intuit.karate - [print] organisation: [
  "Wageningen Environmental Research",
  "Wageningen Environmental Research (Alterra)",
  "Wageningen Environmental Research",
  "Wageningen Environmental Research (Alterra)",
  "ALTERRA en voorafgaande instituten",
  "ALTERRA en voorafgaande instituten",
  "Alterra",
  "Alterra",
  "Alterra Wageningen UR",
  "Alterra"
]

10:56:47.033 [ForkJoinPool-1-worker-7] INFO  com.intuit.karate - [print] [
  "h",
  "t",
  "t",
  "p",
  ":",
  "/",
  "/",
  "s",
  "t",
  "a",
  "n",
  "d",
  "a",
  "r",
  "d",
  "s",
  ".",
  "i",
  "s",
  "o",
  ".",
  "o",
  "r",
  "g",
  "/",
  "i",
  "t",
  "t",
  "f",
  "/",
  "P",
  "u",
  "b",
  "l",
  "i",
  "c",
  "l",
  "y",
  "A",
  "v",
  "a",
  "i",
  "l",
  "a",
  "b",
  "l",
  "e",
  "S",
  "t",
  "a",
  "n",
  "d",
  "a",
  "r",
  "d",
  "s",
  "/",
  "I",
  "S",
  "O",
  "_",
  "1",
  "9",
  "1",
  "3",
  "9",
  "_",
  "S",
  "c",
  "h",
  "e",
  "m",
  "a",
  "s",
  "/",
  "r",
  "e",
  "s",
  "o",
  "u",
  "r",
  "c",
  "e",
  "s",
  "/",
  "u",
  "o",
  "m",
  "/",
  "g",
  "m",
  "x",
  "U",
  "o",
  "m",
  ".",
  "x",
  "m",
  "l",
  "#",
  "m"
]

10:56:47.162 [ForkJoinPool-1-worker-9] ERROR com.intuit.karate - assertion failed: path: $, actual: 500, expected: 200, reason: not equal (Integer)
10:56:47.162 [ForkJoinPool-1-worker-9] ERROR com.intuit.karate - feature call (loop) failed at index: 3
caller: classpath:InspireTest/ngr/datasetrecords/def/checkxlinkurl.template.feature
arg: {"link":"https://www.nationaalgeoregister.nl/geonetwork/srv/eng/thesaurus.download?ref=external.theme.inspire-theme"}
checkxlinkurl.template.feature:22 - path: $, actual: 500, expected: 200, reason: not equal (Integer)
10:56:47.235 [ForkJoinPool-1-worker-13] INFO  com.intuit.karate - [print] title:Luchtfoto 2017 25cm RGB open data
10:56:47.235 [ForkJoinPool-1-worker-13] INFO  com.intuit.karate - [print] Luchtfoto 2017 25cm RGB open data
10:56:47.237 [ForkJoinPool-1-worker-13] INFO  com.intuit.karate - [print] [
  "PPB-GVA@kadaster.nl",
  "info@hetwaterschapshuis.nl",
  "kcc@kadaster.nl",
  "",
  "",
  "",
  "",
  "",
  ""
]

10:56:47.239 [ForkJoinPool-1-worker-13] INFO  com.intuit.karate - [print] organisation: [
  "Kadaster",
  "Het Waterschapshuis",
  "Kadaster",
  "Eurosense",
  "Eurosense",
  "Eurosense",
  "Kadaster",
  "Kadaster"
]

10:56:47.245 [ForkJoinPool-1-worker-13] INFO  com.intuit.karate - [print] [
  "http://kadaster/2482250f-3b00-4439-9f93-f3118229b017",
  "",
  "",
  ""
]

10:56:47.401 [ForkJoinPool-1-worker-5] ERROR com.intuit.karate - assertion failed: path: $, actual: 404, expected: 200, reason: not equal (Integer)
10:56:47.401 [ForkJoinPool-1-worker-5] ERROR com.intuit.karate - feature call (loop) failed at index: 2
caller: classpath:InspireTest/ngr/datasetrecords/def/checkxlinkurl.template.feature
arg: {"link":"https://data.overheid.nl/organisatie/PDOK"}
checkxlinkurl.template.feature:22 - path: $, actual: 404, expected: 200, reason: not equal (Integer)
10:56:47.502 [ForkJoinPool-1-worker-11] INFO  com.intuit.karate - [print] title:Schelpdierpercelen
10:56:47.503 [ForkJoinPool-1-worker-11] INFO  com.intuit.karate - [print] Schelpdierpercelen
10:56:47.504 [ForkJoinPool-1-worker-11] INFO  com.intuit.karate - [print] [
  "geodatabeheer.giscc@rvo.nl",
  "geodatabeheer.giscc@rvo.nl",
  "BeheerPDOK@kadaster.nl"
]

10:56:47.505 [ForkJoinPool-1-worker-11] INFO  com.intuit.karate - [print] organisation: [
  "Ministerie van Economische Zaken - GIS Competence Center",
  "PDOK"
]

10:56:47.520 [ForkJoinPool-1-worker-11] INFO  com.intuit.karate - [print] [
  "https://www.nationaalgeoregister.nl/geonetwork/srv/dut/catalog.search#/metadata/fe0e1e5f-512f-4bb1-bbf8-4028d3dfa24f"
]

10:56:47.646 [ForkJoinPool-1-worker-7] INFO  com.intuit.karate - [print] title:Hydrografie
10:56:47.647 [ForkJoinPool-1-worker-7] INFO  com.intuit.karate - [print] Hydrografie
10:56:47.648 [ForkJoinPool-1-worker-7] INFO  com.intuit.karate - [print] [
  "PPB-GVA@kadaster.nl",
  "kcc@kadaster.nl",
  "kcc@kadaster.nl"
]

10:56:47.649 [ForkJoinPool-1-worker-7] INFO  com.intuit.karate - [print] organisation: [
  "Kadaster",
  "Kadaster",
  "Kadaster"
]

10:56:47.653 [ForkJoinPool-1-worker-7] INFO  com.intuit.karate - [print] [
  "http://kadaster/06b6c650-cdb1-11dd-ad8b-0800200c9a80"
]

10:56:47.676 [ForkJoinPool-1-worker-3] INFO  com.intuit.karate - [print] title:Hydrografie - Physical Waters (INSPIRE geharmoniseerd)
10:56:47.676 [ForkJoinPool-1-worker-3] INFO  com.intuit.karate - [print] Hydrografie - Physical Waters (INSPIRE geharmoniseerd)
10:56:47.677 [ForkJoinPool-1-worker-3] INFO  com.intuit.karate - [print] [
  "PPB-GVA@kadaster.nl",
  "kcc@kadaster.nl"
]

10:56:47.678 [ForkJoinPool-1-worker-3] INFO  com.intuit.karate - [print] organisation: [
  "Kadaster",
  "Kadaster"
]

10:56:47.694 [ForkJoinPool-1-worker-3] INFO  com.intuit.karate - [print] [
  "http://www.opengis.net/def/crs/EPSG/0/http://www.opengis.net/def/crs/EPSG/0/4258",
  "http://kadaster/70a0f618-9d4f-4be9-9d9d-11106ff6971c"
]

10:56:47.832 [ForkJoinPool-1-worker-9] INFO  com.intuit.karate - [print] title:Afgevoerde hoeveelheid afval in 2011 vanuit de industrie
10:56:47.833 [ForkJoinPool-1-worker-9] INFO  com.intuit.karate - [print] Afgevoerde hoeveelheid afval in 2011 vanuit de industrie
10:56:47.834 [ForkJoinPool-1-worker-9] INFO  com.intuit.karate - [print] [
  "emissieregistratie@rivm.nl",
  "",
  "emissieregistratie@rivm.nl"
]

10:56:47.836 [ForkJoinPool-1-worker-9] INFO  com.intuit.karate - [print] organisation: no organisationName found in dataset record
10:56:47.840 [ForkJoinPool-1-worker-9] INFO  com.intuit.karate - [print] [
  "https://data.rivm.nl/inspire/id#90bab79d-5f92-4aaa-8edc-99195438ef65"
]

10:56:47.962 [ForkJoinPool-1-worker-13] INFO  com.intuit.karate - [print] title:Vervoersnetwerken - Kabelbanen (INSPIRE geharmoniseerd)
10:56:47.962 [ForkJoinPool-1-worker-13] INFO  com.intuit.karate - [print] Vervoersnetwerken - Kabelbanen (INSPIRE geharmoniseerd)
10:56:47.964 [ForkJoinPool-1-worker-13] INFO  com.intuit.karate - [print] [
  "PPB-GVA@kadaster.nl",
  "kcc@kadaster.nl"
]

10:56:47.965 [ForkJoinPool-1-worker-13] INFO  com.intuit.karate - [print] organisation: [
  "Kadaster",
  "Kadaster"
]

10:56:47.982 [ForkJoinPool-1-worker-13] INFO  com.intuit.karate - [print] [
  "http://www.opengis.net/def/crs/EPSG/0/http://www.opengis.net/def/crs/EPSG/0/4258",
  "http://kadaster/ed4caa3b-a49e-4a9a-8206-50a3cf451b9a"
]

10:56:48.095 [ForkJoinPool-1-worker-5] INFO  com.intuit.karate - [print] title:Omgevingsdosisequivalenttempo Nationaal Meetnet Radioactiviteit 2011
10:56:48.097 [ForkJoinPool-1-worker-5] INFO  com.intuit.karate - [print] Omgevingsdosisequivalenttempo Nationaal Meetnet Radioactiviteit 2011
10:56:48.098 [ForkJoinPool-1-worker-5] INFO  com.intuit.karate - [print] [
  "geodata@rivm.nl",
  "",
  "geodata@rivm.nl"
]

10:56:48.099 [ForkJoinPool-1-worker-5] INFO  com.intuit.karate - [print] organisation: no organisationName found in dataset record
10:56:48.107 [ForkJoinPool-1-worker-5] INFO  com.intuit.karate - [print] [
  "https://data.rivm.nl/inspire/id#722e3937-3e53-4048-97ef-1ced2c77f7dd"
]

10:56:48.189 [ForkJoinPool-1-worker-11] INFO  com.intuit.karate - [print] title:Wetlands (RAMSAR) (INSPIRE Geharmoniseerd)
10:56:48.189 [ForkJoinPool-1-worker-11] INFO  com.intuit.karate - [print] Wetlands (RAMSAR) (INSPIRE Geharmoniseerd)
10:56:48.191 [ForkJoinPool-1-worker-11] INFO  com.intuit.karate - [print] [
  "geodatabeheer.giscc@rvo.nl",
  "geodatabeheer.giscc@rvo.nl",
  "geodatabeheer.giscc@rvo.nl",
  "GeoDesk.CGI@wur.nl",
  "beheer@pdok.nl",
  "",
  ""
]

10:56:48.197 [ForkJoinPool-1-worker-11] INFO  com.intuit.karate - [print] organisation: [
  "",
  ""
]

10:56:48.215 [ForkJoinPool-1-worker-11] INFO  com.intuit.karate - [print] [
  "http://nationaalgeoregister.nl/geonetwork/srv/dut/catalog.search#/metadata/19165027-a13a-4c19-9013-ec1fd191019d",
  "https://data.overheid.nl/organisatie/PDOK"
]

10:56:48.272 [ForkJoinPool-1-worker-3] INFO  com.intuit.karate - [print] title:Zwemwaterlocaties en zwemwaterkwaliteit - monsterpunten
10:56:48.272 [ForkJoinPool-1-worker-3] INFO  com.intuit.karate - [print] Zwemwaterlocaties en zwemwaterkwaliteit - monsterpunten
10:56:48.273 [ForkJoinPool-1-worker-3] INFO  com.intuit.karate - [print] [
  "inspire@gbo-provincies.nl",
  "inspire@gbo-provincies.nl",
  "inspire@gbo-provincies.nl"
]

10:56:48.274 [ForkJoinPool-1-worker-3] INFO  com.intuit.karate - [print] organisation: [
  "Interprovinciaal Overleg",
  "Interprovinciaal Overleg",
  "Interprovinciaal Overleg",
  "Interprovinciaal Overleg",
  "Interprovinciaal Overleg"
]

10:56:48.405 [ForkJoinPool-1-worker-7] INFO  com.intuit.karate - [print] title:Geluidkaart hoofdspoornet 2016 (Lden)
10:56:48.405 [ForkJoinPool-1-worker-7] INFO  com.intuit.karate - [print] Geluidkaart hoofdspoornet 2016 (Lden)
10:56:48.406 [ForkJoinPool-1-worker-7] INFO  com.intuit.karate - [print] [
  "sylvia.koolmees@minienw.nl",
  "sylvia.koolmees@minienw.nl"
]

10:56:48.407 [ForkJoinPool-1-worker-7] INFO  com.intuit.karate - [print] organisation: [
  "Ministerie van IenW",
  "Ministerie van IenW"
]

10:56:48.429 [ForkJoinPool-1-worker-7] INFO  com.intuit.karate - [print] [
  "https://www.nationaalgeoregister.nl/geonetwork/srv/api/recordsc3c004ad-5387-4b00-a225-9afbcaa5d31b"
]

10:56:48.631 [ForkJoinPool-1-worker-9] INFO  com.intuit.karate - [print] title:Luchtfoto 2016 25cm CIR open data
10:56:48.668 [ForkJoinPool-1-worker-9] INFO  com.intuit.karate - [print] Luchtfoto 2016 25cm CIR open data
10:56:48.669 [ForkJoinPool-1-worker-9] INFO  com.intuit.karate - [print] [
  "PPB-GVA@kadaster.nl",
  "info@hetwaterschapshuis.nl",
  "kcc@kadaster.nl",
  "",
  "",
  "",
  "",
  "",
  ""
]

10:56:48.672 [ForkJoinPool-1-worker-9] INFO  com.intuit.karate - [print] organisation: [
  "Kadaster",
  "Het Waterschapshuis",
  "Kadaster",
  "Eurosense",
  "Eurosense",
  "Eurosense",
  "Kadaster",
  "Kadaster"
]

10:56:48.701 [ForkJoinPool-1-worker-9] INFO  com.intuit.karate - [print] [
  "http://kadaster/2482250f-3b00-4439-9f93-f3118229b015",
  "",
  "",
  ""
]

10:56:48.767 [ForkJoinPool-1-worker-13] INFO  com.intuit.karate - [print] title:Vervoersnetwerken - Wegen (INSPIRE geharmoniseerd)
10:56:48.768 [ForkJoinPool-1-worker-13] INFO  com.intuit.karate - [print] Vervoersnetwerken - Wegen (INSPIRE geharmoniseerd)
10:56:48.769 [ForkJoinPool-1-worker-13] INFO  com.intuit.karate - [print] [
  "PPB-GVA@kadaster.nl",
  "kcc@kadaster.nl"
]

10:56:48.772 [ForkJoinPool-1-worker-13] INFO  com.intuit.karate - [print] organisation: [
  "Kadaster",
  "Kadaster"
]

10:56:48.782 [ForkJoinPool-1-worker-13] INFO  com.intuit.karate - [print] [
  "http://www.opengis.net/def/crs/EPSG/0/http://www.opengis.net/def/crs/EPSG/0/4258",
  "http://kadaster/df1a98c0-58ba-48ff-8825-b4fb6322c586"
]

10:56:48.822 [ForkJoinPool-1-worker-5] INFO  com.intuit.karate - [print] title:Gemeten Fijn stof concentraties in buitenlucht.
10:56:48.823 [ForkJoinPool-1-worker-5] INFO  com.intuit.karate - [print] Gemeten Fijn stof concentraties in buitenlucht.
10:56:48.824 [ForkJoinPool-1-worker-5] INFO  com.intuit.karate - [print] [
  "geodata@rivm.nl",
  "geodata@rivm.nl"
]

10:56:48.826 [ForkJoinPool-1-worker-5] INFO  com.intuit.karate - [print] organisation: no organisationName found in dataset record
10:56:48.844 [ForkJoinPool-1-worker-5] INFO  com.intuit.karate - [print] [
  "https://data.rivm.nl/inspire/id#a3095f95-0ec7-46ff-ae14-ce2173e8fafa"
]

10:56:48.867 [ForkJoinPool-1-worker-3] INFO  com.intuit.karate - [print] title:Habitatrichtlijn verspreidingsgebied van soorten
10:56:48.867 [ForkJoinPool-1-worker-3] INFO  com.intuit.karate - [print] Habitatrichtlijn verspreidingsgebied van soorten
10:56:48.871 [ForkJoinPool-1-worker-3] INFO  com.intuit.karate - [print] [
  "geodatabeheer.giscc@rvo.nl",
  "GeoDesk.CGI@wur.nl",
  "geodatabeheer.giscc@rvo.nl",
  "beheerPDOK@kadaster.nl",
  "",
  "",
  ""
]

10:56:48.872 [ForkJoinPool-1-worker-3] INFO  com.intuit.karate - [print] organisation: [
  "Ministerie van Economische Zaken - GIS Competence Center",
  "Wageningen Environmental Research (Alterra)",
  "PDOK",
  "CBS",
  "Natuurloket",
  "pgo's"
]

10:56:48.886 [ForkJoinPool-1-worker-3] INFO  com.intuit.karate - [print] [
  "https://www.nationaalgeoregister.nl/geonetwork/srv/dut/catalog.search#/metadata/f273941e-9c3b-43bc-b886-2d50d0bf9348"
]

10:56:49.031 [ForkJoinPool-1-worker-11] INFO  com.intuit.karate - [print] title:INSPIRE geharmoniseerde Beschermde Gebieden - Cultuur Historie
10:56:49.031 [ForkJoinPool-1-worker-11] INFO  com.intuit.karate - [print] INSPIRE geharmoniseerde Beschermde Gebieden - Cultuur Historie
10:56:49.033 [ForkJoinPool-1-worker-11] INFO  com.intuit.karate - [print] [
  "info@cultureelerfgoed.nl",
  "info@cultureelerfgoed.nl",
  "info@cultureelerfgoed.nl"
]

10:56:49.035 [ForkJoinPool-1-worker-11] INFO  com.intuit.karate - [print] organisation: [
  "Rijksdienst voor het Cultureel Erfgoed",
  "Rijksdienst voor het Cultureel Erfgoed",
  "Rijksdienst voor het Cultureel Erfgoed"
]

10:56:49.046 [ForkJoinPool-1-worker-11] INFO  com.intuit.karate - [print] [
  "https://monumentenregister.cultureelerfgoed.nl/sites/default/files/MRS/mrs-inspire.zip"
]

10:56:49.124 [ForkJoinPool-1-worker-7] INFO  com.intuit.karate - [print] title:Geografische Namen (Nat) - Nederland
10:56:49.125 [ForkJoinPool-1-worker-7] INFO  com.intuit.karate - [print] Geografische Namen (Nat) - Nederland
10:56:49.126 [ForkJoinPool-1-worker-7] INFO  com.intuit.karate - [print] [
  "data@hydro.nl",
  "data@hydro.nl",
  "data@hydro.nl",
  "",
  ""
]

10:56:49.128 [ForkJoinPool-1-worker-7] INFO  com.intuit.karate - [print] organisation: [
  "Ministerie van Defensie, Koninklijke Marine, Dienst der Hydrografie",
  "Ministerie van Defensie, Koninklijke Marine, Dienst der Hydrografie",
  "Ministerie van Defensie, Koninklijke Marine, Dienst der Hydrografie"
]

10:56:49.132 [ForkJoinPool-1-worker-7] INFO  com.intuit.karate - [print] [
  "https://ngr.acceptatie.nationaalgeoregister.nl/geonetwork/srv/resources34e95842-4e4e-46de-9198-79e8cd4d30dc"
]

10:56:49.406 [ForkJoinPool-1-worker-9] INFO  com.intuit.karate - [print] title:Actueel Hoogtebestand Nederland 1 (AHN1)
10:56:49.407 [ForkJoinPool-1-worker-9] INFO  com.intuit.karate - [print] Actueel Hoogtebestand Nederland 1 (AHN1)
10:56:49.409 [ForkJoinPool-1-worker-9] INFO  com.intuit.karate - [print] [
  "servicedesk-data@rijkswaterstaat.nl",
  "servicedesk-data@rijkswaterstaat.nl",
  "",
  "servicedesk-data@rijkswaterstaat.nl",
  "servicedesk-data@rijkswaterstaat.nl"
]

10:56:49.411 [ForkJoinPool-1-worker-9] INFO  com.intuit.karate - [print] organisation: [
  "Rijkswaterstaat",
  "stuurgroep AHN",
  "",
  "Rijkswaterstaat",
  "Rijkswaterstaat"
]

10:56:49.424 [ForkJoinPool-1-worker-9] INFO  com.intuit.karate - [print] [
  "https://www.nationaalgeoregister.nl/geonetwork/srv/dut/catalog.search#/metadata/5a1adb58-0bbe-425d-b0fe-577a6c0a4228",
  "http://rdfdata.eionet.europa.eu/inspirethemes/themes/10",
  "urn:ogc:def:crs:EPSG::5709"
]

10:56:49.430 [ForkJoinPool-1-worker-13] INFO  com.intuit.karate - [print] title:Actueel Hoogtebestand Nederland 2 (AHN2)
10:56:49.438 [ForkJoinPool-1-worker-13] INFO  com.intuit.karate - [print] Actueel Hoogtebestand Nederland 2 (AHN2)
10:56:49.440 [ForkJoinPool-1-worker-13] INFO  com.intuit.karate - [print] [
  "servicedesk-data@rijkswaterstaat.nl",
  "servicedesk-data@rijkswaterstaat.nl",
  "",
  "servicedesk-data@rijkswaterstaat.nl",
  "servicedesk-data@rijkswaterstaat.nl"
]

10:56:49.443 [ForkJoinPool-1-worker-13] INFO  com.intuit.karate - [print] organisation: [
  "Rijkswaterstaat",
  "stuurgroep AHN",
  "",
  "Rijkswaterstaat",
  "Rijkswaterstaat"
]

10:56:49.453 [ForkJoinPool-1-worker-13] INFO  com.intuit.karate - [print] [
  "https://www.nationaalgeoregister.nl/geonetwork/srv/dut/catalog.search#/metadata/7939fd42-cf88-42c5-ab3b-232cf232a3ac",
  "http://rdfdata.eionet.europa.eu/inspirethemes/themes/10",
  "urn:ogc:def:crs:EPSG::5709"
]

10:56:49.497 [ForkJoinPool-1-worker-3] INFO  com.intuit.karate - [print] title:Hydrografie - Netwerk (INSPIRE geharmoniseerd) - WT
10:56:49.497 [ForkJoinPool-1-worker-3] INFO  com.intuit.karate - [print] Hydrografie - Netwerk (INSPIRE geharmoniseerd) - WT
10:56:49.498 [ForkJoinPool-1-worker-3] INFO  com.intuit.karate - [print] [
  "servicedesk-data@rijkswaterstaat.nl",
  "servicedesk-data@rijkswaterstaat.nl",
  "",
  "servicedesk-data@rijkswaterstaat.nl",
  "info@wetransform.to"
]

10:56:49.499 [ForkJoinPool-1-worker-3] INFO  com.intuit.karate - [print] organisation: [
  "Rijkswaterstaat",
  "Rijkswaterstaat",
  "",
  "Rijkswaterstaat",
  "Wetransform"
]

10:56:49.508 [ForkJoinPool-1-worker-3] INFO  com.intuit.karate - [print] [
  "https://www.nationaalgeoregister.nl/geonetwork/srv/dut/catalog.search#/metadata/eu-f297898-2640-44c2-bbe9-c0480da83794",
  "http://rdfdata.eionet.europa.eu/inspirethemes/themes/8",
  "urn:ogc:def:crs:EPSG::5709"
]

10:56:49.589 [ForkJoinPool-1-worker-5] INFO  com.intuit.karate - [print] title:Geluidbelasting rijkswegen in Nederland 2011 (24-uurs gemiddelde)
10:56:49.590 [ForkJoinPool-1-worker-5] INFO  com.intuit.karate - [print] Geluidbelasting rijkswegen in Nederland 2011 (24-uurs gemiddelde)
10:56:49.591 [ForkJoinPool-1-worker-5] INFO  com.intuit.karate - [print] [
  "servicedesk-data@rijkswaterstaat.nl",
  "servicedesk-data@rijkswaterstaat.nl",
  "",
  "servicedesk-data@rijkswaterstaat.nl",
  "servicedesk-data@rijkswaterstaat.nl"
]

10:56:49.594 [ForkJoinPool-1-worker-5] INFO  com.intuit.karate - [print] organisation: [
  "Rijkswaterstaat",
  "Rijkswaterstaat",
  "",
  "Rijkswaterstaat",
  "Rijkswaterstaat"
]

10:56:49.608 [ForkJoinPool-1-worker-5] INFO  com.intuit.karate - [print] [
  "https://www.nationaalgeoregister.nl/geonetwork/srv/dut/catalog.search#/metadata/8de2f5eb-b09f-4f6d-8397-8878a1b86238",
  "http://rdfdata.eionet.europa.eu/inspirethemes/themes/18",
  "https://ngr.geocat.live/geonetwork/srv/eng/thesaurus.download?ref=external.theme.httpinspireeceuropaeumetadatacodelistPrioritydataset-Prioritydataset",
  "urn:ogc:def:crs:EPSG::5709"
]

10:56:49.765 [ForkJoinPool-1-worker-11] INFO  com.intuit.karate - [print] title:Kaderrichtlijn Water - Register Beschermd Gebied - Schelpdierwater 2008
10:56:49.765 [ForkJoinPool-1-worker-11] INFO  com.intuit.karate - [print] Kaderrichtlijn Water - Register Beschermd Gebied - Schelpdierwater 2008
10:56:49.767 [ForkJoinPool-1-worker-11] INFO  com.intuit.karate - [print] [
  "servicedesk-data@rijkswaterstaat.nl",
  "servicedesk-data@rijkswaterstaat.nl",
  "",
  "servicedesk-data@rijkswaterstaat.nl",
  "servicedesk-data@rijkswaterstaat.nl"
]

10:56:49.769 [ForkJoinPool-1-worker-11] INFO  com.intuit.karate - [print] organisation: [
  "Rijkswaterstaat",
  "Rijkswaterstaat",
  "",
  "Rijkswaterstaat",
  "Rijkswaterstaat"
]

10:56:49.775 [ForkJoinPool-1-worker-11] INFO  com.intuit.karate - [print] [
  "https://www.nationaalgeoregister.nl/geonetwork/srv/dut/catalog.search#/metadata/4783ea4f-6b8c-4600-8af0-516f3556cfe9",
  "http://rdfdata.eionet.europa.eu/inspirethemes/themes/24",
  "",
  "",
  "",
  "urn:ogc:def:crs:EPSG::5709"
]

10:56:49.864 [ForkJoinPool-1-worker-7] INFO  com.intuit.karate - [print] title:Geluidbelasting rijkswegen in Nederland 2011 (nacht gemiddelde)
10:56:49.865 [ForkJoinPool-1-worker-7] INFO  com.intuit.karate - [print] Geluidbelasting rijkswegen in Nederland 2011 (nacht gemiddelde)
10:56:49.866 [ForkJoinPool-1-worker-7] INFO  com.intuit.karate - [print] [
  "servicedesk-data@rijkswaterstaat.nl",
  "servicedesk-data@rijkswaterstaat.nl",
  "",
  "servicedesk-data@rijkswaterstaat.nl",
  "servicedesk-data@rijkswaterstaat.nl"
]

10:56:49.868 [ForkJoinPool-1-worker-7] INFO  com.intuit.karate - [print] organisation: [
  "Rijkswaterstaat",
  "Rijkswaterstaat",
  "",
  "Rijkswaterstaat",
  "Rijkswaterstaat"
]

10:56:49.877 [ForkJoinPool-1-worker-7] INFO  com.intuit.karate - [print] [
  "https://www.nationaalgeoregister.nl/geonetwork/srv/dut/catalog.search#/metadata/50eef6be-619d-4e16-9b92-48971109b636",
  "http://rdfdata.eionet.europa.eu/inspirethemes/themes/18",
  "http://inspire.ec.europa.eu/metadata-codelist/PriorityDataset/MajorRoadsNoiseExposureDelineationNight-dir-2002-49",
  "https://ngr.geocat.live/geonetwork/srv/eng/thesaurus.download?ref=external.theme.httpinspireeceuropaeumetadatacodelistPrioritydataset-Prioritydataset",
  "urn:ogc:def:crs:EPSG::5709"
]

10:56:50.131 [ForkJoinPool-1-worker-9] INFO  com.intuit.karate - [print] title:Kaderrichtlijn Mariene Strategie - Bevroren monitoringsdata
10:56:50.132 [ForkJoinPool-1-worker-9] INFO  com.intuit.karate - [print] Kaderrichtlijn Mariene Strategie - Bevroren monitoringsdata
10:56:50.133 [ForkJoinPool-1-worker-9] INFO  com.intuit.karate - [print] [
  "servicedesk-data@rijkswaterstaat.nl",
  "servicedesk-data@rijkswaterstaat.nl",
  "",
  "servicedesk-data@rijkswaterstaat.nl",
  "servicedesk-data@rijkswaterstaat.nl"
]

10:56:50.135 [ForkJoinPool-1-worker-9] INFO  com.intuit.karate - [print] organisation: [
  "Rijkswaterstaat",
  "Rijkswaterstaat",
  "",
  "Rijkswaterstaat",
  "Rijkswaterstaat"
]

10:56:50.154 [ForkJoinPool-1-worker-9] INFO  com.intuit.karate - [print] [
  "https://www.nationaalgeoregister.nl/geonetwork/srv/dut/catalog.search#/metadata/tbjk534p-wubf-crbp-cj25-d4161160gfim",
  "http://rdfdata.eionet.europa.eu/inspirethemes/themes/28",
  "https://ngr.geocat.live/geonetwork/srv/eng/thesaurus.download?ref=external.theme.httpinspireeceuropaeumetadatacodelistPrioritydataset-Prioritydataset"
]

10:56:50.258 [ForkJoinPool-1-worker-13] INFO  com.intuit.karate - [print] title:Waterstanden en afvoeren actueel - Rijkswaterstaat
10:56:50.259 [ForkJoinPool-1-worker-13] INFO  com.intuit.karate - [print] Waterstanden en afvoeren actueel - Rijkswaterstaat
10:56:50.261 [ForkJoinPool-1-worker-13] INFO  com.intuit.karate - [print] [
  "servicedesk-data@rijkswaterstaat.nl",
  "servicedesk-data@rijkswaterstaat.nl",
  "",
  "servicedesk-data@rijkswaterstaat.nl",
  "servicedesk-data@rijkswaterstaat.nl"
]

10:56:50.263 [ForkJoinPool-1-worker-13] INFO  com.intuit.karate - [print] organisation: [
  "Rijkswaterstaat",
  "Rijkswaterstaat",
  "",
  "Rijkswaterstaat",
  "Rijkswaterstaat"
]

10:56:50.268 [ForkJoinPool-1-worker-13] INFO  com.intuit.karate - [print] [
  "https://www.nationaalgeoregister.nl/geonetwork/srv/dut/catalog.search#/metadata/cf69ec50-9849-4afd-853c-ee56211d336d",
  "http://rdfdata.eionet.europa.eu/inspirethemes/themes/20",
  "http://rdfdata.eionet.europa.eu/inspirethemes/themes/28",
  "urn:ogc:def:crs:EPSG::5709"
]

10:56:50.429 [ForkJoinPool-1-worker-3] INFO  com.intuit.karate - [print] title:Vogelrichtlijn verspreidingsgebied van soorten
10:56:50.431 [ForkJoinPool-1-worker-3] INFO  com.intuit.karate - [print] Vogelrichtlijn verspreidingsgebied van soorten
10:56:50.432 [ForkJoinPool-1-worker-3] INFO  com.intuit.karate - [print] [
  "geodatabeheer.giscc@rvo.nl",
  "GeoDesk.CGI@wur.nl",
  "geodatabeheer.giscc@rvo.nl",
  "beheerPDOK@kadaster.nl",
  ""
]

10:56:50.434 [ForkJoinPool-1-worker-3] INFO  com.intuit.karate - [print] organisation: [
  "Ministerie van Economische Zaken - GIS Competence Center",
  "Wageningen Environmental Research (Alterra)",
  "PDOK",
  "Sovon Vogelonderzoek Nederland"
]

10:56:50.452 [ForkJoinPool-1-worker-3] INFO  com.intuit.karate - [print] [
  "https://www.nationaalgeoregister.nl/geonetwork/srv/dut/catalog.search#/metadata/cbeaebc3-815a-48af-a978-0e16892865fc"
]

10:56:50.494 [ForkJoinPool-1-worker-5] INFO  com.intuit.karate - [print] title:Vogelrichtlijn verspreiding van soorten
10:56:50.495 [ForkJoinPool-1-worker-5] INFO  com.intuit.karate - [print] Vogelrichtlijn verspreiding van soorten
10:56:50.496 [ForkJoinPool-1-worker-5] INFO  com.intuit.karate - [print] [
  "geodatabeheer.giscc@rvo.nl",
  "GeoDesk.CGI@wur.nl",
  "geodatabeheer.giscc@rvo.nl",
  "beheerPDOK@kadaster.nl",
  ""
]

10:56:50.497 [ForkJoinPool-1-worker-5] INFO  com.intuit.karate - [print] organisation: [
  "Ministerie van Economische Zaken - GIS Competence Center",
  "Wageningen Environmental Research (Alterra)",
  "PDOK",
  "Sovon Vogelonderzoek Nederland"
]

10:56:50.512 [ForkJoinPool-1-worker-11] INFO  com.intuit.karate - [print] title:Bathymetrie Nederlands deel van de Noordzee dieper dan 10 m LAT
10:56:50.512 [ForkJoinPool-1-worker-11] INFO  com.intuit.karate - [print] Bathymetrie Nederlands deel van de Noordzee dieper dan 10 m LAT
10:56:50.513 [ForkJoinPool-1-worker-11] INFO  com.intuit.karate - [print] [
  "data@hydro.nl",
  "data@hydro.nl",
  "data@hydro.nl",
  "",
  ""
]

10:56:50.515 [ForkJoinPool-1-worker-11] INFO  com.intuit.karate - [print] organisation: [
  "Ministerie van Defensie, Koninklijke Marine, Dienst der Hydrografie",
  "Ministerie van Defensie, Koninklijke Marine, Dienst der Hydrografie"
]

10:56:50.523 [ForkJoinPool-1-worker-11] INFO  com.intuit.karate - [print] [
  "https://ngr.acceptatie.nationaalgeoregister.nl/geonetwork/srv/resources9d973c4a-ef03-4785-b7f6-942e86b385f7",
  "www.hydro.nl",
  "https://www.nationaalgeoregister.nl/geonetwork/srv/eng/thesaurus.download?ref=external.theme.inspire-theme"
]

10:56:50.519 [ForkJoinPool-1-worker-5] INFO  com.intuit.karate - [print] [
  "https://www.nationaalgeoregister.nl/geonetwork/srv/dut/catalog.search#/metadata/fcefa13c-44e2-4953-b6d6-1ddceebc57fc"
]

10:56:50.559 [ForkJoinPool-1-worker-7] INFO  com.intuit.karate - [print] title:Blokindeling Nederlands Continentaal Plat
10:56:50.559 [ForkJoinPool-1-worker-7] INFO  com.intuit.karate - [print] Blokindeling Nederlands Continentaal Plat
10:56:50.561 [ForkJoinPool-1-worker-7] INFO  com.intuit.karate - [print] [
  "data@hydro.nl",
  "data@hydro.nl",
  "data@hydro.nl"
]

10:56:50.562 [ForkJoinPool-1-worker-7] INFO  com.intuit.karate - [print] organisation: [
  "Ministerie van Defensie, Koninklijke Marine, Dienst der Hydrografie",
  "Ministerie van Defensie, Koninklijke Marine, Dienst der Hydrografie",
  "Ministerie van Defensie, Koninklijke Marine, Dienst der Hydrografie"
]

10:56:50.579 [ForkJoinPool-1-worker-7] INFO  com.intuit.karate - [print] [
  "http://www.opengis.net/def/crs/EPSG/0/https://www.opengis.net/def/crs/EPSG/0/4258",
  "https://www.nationaalgeoregister.nl/geonetwork/srv/api/recordsc2225e5d-b46f-4e38-8445-ab10fd40c0dc"
]

10:56:50.781 [ForkJoinPool-1-worker-9] INFO  com.intuit.karate - [print] title:Vaarwegmarkeringen Nederland
10:56:50.781 [ForkJoinPool-1-worker-9] INFO  com.intuit.karate - [print] Vaarwegmarkeringen Nederland
10:56:50.783 [ForkJoinPool-1-worker-9] INFO  com.intuit.karate - [print] [
  "servicedesk-data@rijkswaterstaat.nl",
  "servicedesk-data@rijkswaterstaat.nl",
  "",
  "servicedesk-data@rijkswaterstaat.nl",
  "servicedesk-data@rijkswaterstaat.nl"
]

10:56:50.785 [ForkJoinPool-1-worker-9] INFO  com.intuit.karate - [print] organisation: [
  "Rijkswaterstaat",
  "Rijkswaterstaat",
  "",
  "Rijkswaterstaat",
  "Rijkswaterstaat"
]

10:56:50.794 [ForkJoinPool-1-worker-9] INFO  com.intuit.karate - [print] [
  "https://www.nationaalgeoregister.nl/geonetwork/srv/dut/catalog.search#/metadata/be1b1514-8d1f-48e1-9624-fee9b784138b",
  "http://rdfdata.eionet.europa.eu/inspirethemes/themes/7",
  "urn:ogc:def:crs:EPSG::5709"
]

10:56:50.838 [ForkJoinPool-1-worker-13] INFO  com.intuit.karate - [print] title:Geluidkaart hoofdspoornet 2011 (Lnight)
10:56:50.838 [ForkJoinPool-1-worker-13] INFO  com.intuit.karate - [print] Geluidkaart hoofdspoornet 2011 (Lnight)
10:56:50.839 [ForkJoinPool-1-worker-13] INFO  com.intuit.karate - [print] [
  "sylvia.koolmees@minienw.nl",
  "sylvia.koolmees@minienw.nl"
]

10:56:50.841 [ForkJoinPool-1-worker-13] INFO  com.intuit.karate - [print] organisation: [
  "Ministerie van IenW",
  "Ministerie van IenW"
]

10:56:50.845 [ForkJoinPool-1-worker-13] INFO  com.intuit.karate - [print] [
  "https://www.nationaalgeoregister.nl/geonetwork/srv/api/records3e57ce43-7707-43ed-a4b9-72b3a6d812f8"
]

10:56:51.003 [pool-1-thread-4] INFO  com.intuit.karate.Runner - <<fail>> feature 9 of 9: classpath:InspireTest/ngr/datasetrecords/check-known-dataset-record.feature
---------------------------------------------------------
feature: classpath:InspireTest/ngr/datasetrecords/check-known-dataset-record.feature
report: target/surefire-reports/InspireTest.ngr.datasetrecords.check-known-dataset-record.json
scenarios: 199 | passed: 20 | failed: 179 | time: 247.5520
---------------------------------------------------------
10:56:51.143 [ForkJoinPool-1-worker-11] INFO  com.intuit.karate - [print] title:Human Health NL NUTS2
10:56:51.143 [ForkJoinPool-1-worker-11] INFO  com.intuit.karate - [print] Human Health NL NUTS2
10:56:51.145 [ForkJoinPool-1-worker-11] INFO  com.intuit.karate - [print] [
  "infoservice@cbs.nl",
  "infoservice@cbs.nl",
  "infoservice@cbs.nl",
  "",
  ""
]

10:56:51.147 [ForkJoinPool-1-worker-11] INFO  com.intuit.karate - [print] organisation: [
  "Statistics Netherlands",
  "Statistics Netherlands",
  "Statistics Netherlandds",
  "Statistics Netherlands"
]

10:56:51.156 [ForkJoinPool-1-worker-11] INFO  com.intuit.karate - [print] [
]

10:56:51.176 [ForkJoinPool-1-worker-3] INFO  com.intuit.karate - [print] title:Begrenzingen van vergunde ontgrondingsgebieden voor zand- en grindwinning
10:56:51.178 [ForkJoinPool-1-worker-3] INFO  com.intuit.karate - [print] Begrenzingen van vergunde ontgrondingsgebieden voor zand- en grindwinning
10:56:51.180 [ForkJoinPool-1-worker-3] INFO  com.intuit.karate - [print] [
  "inspire@gbo-provincies.nl",
  "inspire@gbo-provincies.nl",
  "inspire@gbo-provincies.nl"
]

10:56:51.181 [ForkJoinPool-1-worker-3] INFO  com.intuit.karate - [print] organisation: [
  "Interprovinciaal Overleg",
  "Interprovinciaal Overleg",
  "Interprovinciaal Overleg"
]

10:56:51.189 [ForkJoinPool-1-worker-3] INFO  com.intuit.karate - [print] [
  "http://www.opengis.net/def/crs/EPSG/0/http://www.opengis.net/def/crs/EPSG/0/3034",
  "http://nationaalgeoregister.nl/geonetwork/srv/dut/csw?SERVICE=CSW&version=2.0.2&REQUEST=GetRecordById&elementSetName=full&OutputSchema=http://www.isotc211.org/2005/gmd&ID=58e7dc38-a498-4852-b4ef-908f5baa9056",
  "https://creativecommons.org/publicdomain/mark/*/deed.nl",
  ""
]

10:56:51.473 [ForkJoinPool-1-worker-5] INFO  com.intuit.karate - [print] title:Mosselzaadinvanginstallaties
10:56:51.473 [ForkJoinPool-1-worker-5] INFO  com.intuit.karate - [print] Mosselzaadinvanginstallaties
10:56:51.474 [ForkJoinPool-1-worker-5] INFO  com.intuit.karate - [print] [
  "geodatabeheer.giscc@rvo.nl",
  "VR@minez.nl",
  "geodatabeheer.giscc@rvo.nl",
  "beheer@pdok.nl"
]

10:56:51.476 [ForkJoinPool-1-worker-5] INFO  com.intuit.karate - [print] organisation: no organisationName found in dataset record
10:56:51.492 [ForkJoinPool-1-worker-5] INFO  com.intuit.karate - [print] [
  "http://www.nationaalgeoregister.nl/geonetwork/srv/dut/catalog.search#/metadata/a04afee4-47d5-45b7-b7a0-a6f86106af11",
  "https://data.overheid.nl/organisatie/PDOK"
]

10:56:51.504 [ForkJoinPool-1-worker-7] INFO  com.intuit.karate - [print] title:Windsnelheden op 100m hoogte (m/s)
10:56:51.505 [ForkJoinPool-1-worker-7] INFO  com.intuit.karate - [print] Windsnelheden op 100m hoogte (m/s)
10:56:51.506 [ForkJoinPool-1-worker-7] INFO  com.intuit.karate - [print] [
  "geodatabeheer.giscc@rvo.nl",
  "geodatabeheer.giscc@rvo.nl",
  ""
]

10:56:51.507 [ForkJoinPool-1-worker-7] INFO  com.intuit.karate - [print] organisation: no organisationName found in dataset record
10:56:51.519 [ForkJoinPool-1-worker-7] INFO  com.intuit.karate - [print] [
  "https://nationaalgeoregister.nl/geonetwork/srv/dut/catalog.search#/metadata/d845cef6-0e23-4212-a951-b69763e39ef0"
]

10:56:51.813 [ForkJoinPool-1-worker-9] INFO  com.intuit.karate - [print] title:Luchtfoto 2018 25cm CIR open data
10:56:51.813 [ForkJoinPool-1-worker-9] INFO  com.intuit.karate - [print] Luchtfoto 2018 25cm CIR open data
10:56:51.814 [ForkJoinPool-1-worker-9] INFO  com.intuit.karate - [print] [
  "PPB-GVA@kadaster.nl",
  "info@hetwaterschapshuis.nl",
  "kcc@kadaster.nl",
  "",
  "",
  "",
  "",
  "",
  ""
]

10:56:51.815 [ForkJoinPool-1-worker-9] INFO  com.intuit.karate - [print] organisation: [
  "Kadaster",
  "Het Waterschapshuis",
  "Kadaster",
  "Eurosense",
  "Eurosense",
  "Eurosense",
  "Kadaster",
  "Kadaster"
]

10:56:51.821 [ForkJoinPool-1-worker-9] INFO  com.intuit.karate - [print] [
  "http://kadaster/2482250f-3b00-4439-9f93-f3118229b021",
  "",
  "",
  ""
]

10:56:51.933 [ForkJoinPool-1-worker-13] INFO  com.intuit.karate - [print] title:Geluidkaart hoofdspoornet 2011 (Lden)
10:56:51.933 [ForkJoinPool-1-worker-13] INFO  com.intuit.karate - [print] Geluidkaart hoofdspoornet 2011 (Lden)
10:56:51.935 [ForkJoinPool-1-worker-13] INFO  com.intuit.karate - [print] [
  "sylvia.koolmees@minienw.nl",
  "sylvia.koolmees@minienw.nl"
]

10:56:51.936 [ForkJoinPool-1-worker-13] INFO  com.intuit.karate - [print] organisation: [
  "Ministerie van IenW",
  "Ministerie van IenW"
]

10:56:51.940 [ForkJoinPool-1-worker-13] INFO  com.intuit.karate - [print] [
  "https://www.nationaalgeoregister.nl/geonetwork/srv/api/records844404a2-9cd0-452e-b29a-74588777485a"
]

10:56:52.118 [ForkJoinPool-1-worker-3] INFO  com.intuit.karate - [print] title:Vervoersnetwerken - Waterwegen (INSPIRE geharmoniseerd)
10:56:52.118 [ForkJoinPool-1-worker-3] INFO  com.intuit.karate - [print] Vervoersnetwerken - Waterwegen (INSPIRE geharmoniseerd)
10:56:52.119 [ForkJoinPool-1-worker-3] INFO  com.intuit.karate - [print] [
  "PPB-GVA@kadaster.nl",
  "kcc@kadaster.nl"
]

10:56:52.120 [ForkJoinPool-1-worker-3] INFO  com.intuit.karate - [print] organisation: [
  "Kadaster",
  "Kadaster"
]

10:56:52.123 [ForkJoinPool-1-worker-3] INFO  com.intuit.karate - [print] [
  "http://www.opengis.net/def/crs/EPSG/0/http://www.opengis.net/def/crs/EPSG/0/4258",
  "http://kadaster/ff1d6d44-aea1-4ad5-b084-9afea143f1bf"
]

10:56:52.153 [ForkJoinPool-1-worker-11] INFO  com.intuit.karate - [print] title:Grondwater Monitoring Net
10:56:52.153 [ForkJoinPool-1-worker-11] INFO  com.intuit.karate - [print] Grondwater Monitoring Net
10:56:52.153 [ForkJoinPool-1-worker-11] INFO  com.intuit.karate - [print] [
  "info@bro.nl",
  "Info@bro.nl",
  "info@dinoloket.nl"
]

10:56:52.154 [ForkJoinPool-1-worker-11] INFO  com.intuit.karate - [print] organisation: [
  "TNO Geologische Dienst Nederland",
  "TNO Geologische Dienst Nederland",
  "TNO Geologische Dienst Nederland"
]

10:56:52.157 [ForkJoinPool-1-worker-11] INFO  com.intuit.karate - [print] [
  "https://nationaalgeoregister.nl/geonetwork/srv/resourcesff07bd5a-d6eb-11ea-87d0-0242ac130003",
  "https://www.nationaalgeoregister.nl/geonetwork/srv/eng/thesaurus.download?ref=external.theme.inspire-theme"
]

10:56:52.362 [ForkJoinPool-1-worker-5] INFO  com.intuit.karate - [print] title:Waterstanden en afvoeren verwacht - Rijkswaterstaat
10:56:52.362 [ForkJoinPool-1-worker-5] INFO  com.intuit.karate - [print] Waterstanden en afvoeren verwacht - Rijkswaterstaat
10:56:52.364 [ForkJoinPool-1-worker-5] INFO  com.intuit.karate - [print] [
  "servicedesk-data@rijkswaterstaat.nl",
  "servicedesk-data@rijkswaterstaat.nl",
  "",
  "servicedesk-data@rijkswaterstaat.nl",
  "servicedesk-data@rijkswaterstaat.nl"
]

10:56:52.366 [ForkJoinPool-1-worker-5] INFO  com.intuit.karate - [print] organisation: [
  "Rijkswaterstaat",
  "Rijkswaterstaat",
  "",
  "Rijkswaterstaat",
  "Rijkswaterstaat"
]

10:56:52.373 [ForkJoinPool-1-worker-5] INFO  com.intuit.karate - [print] [
  "https://www.nationaalgeoregister.nl/geonetwork/srv/dut/catalog.search#/metadata/25294679-adb9-4c39-a93b-6954ff9414ac",
  "http://rdfdata.eionet.europa.eu/inspirethemes/themes/20",
  "http://rdfdata.eionet.europa.eu/inspirethemes/themes/28",
  "urn:ogc:def:crs:EPSG::5709"
]

10:56:52.465 [ForkJoinPool-1-worker-7] INFO  com.intuit.karate - [print] title:Vervoersnetwerken - Wegen (INSPIRE geharmoniseerd) - RWS
10:56:52.465 [ForkJoinPool-1-worker-7] INFO  com.intuit.karate - [print] Vervoersnetwerken - Wegen (INSPIRE geharmoniseerd) - RWS
10:56:52.467 [ForkJoinPool-1-worker-7] INFO  com.intuit.karate - [print] [
  "servicedesk-data@rijkswaterstaat.nl",
  "beheerPDOK@kadaster.nl",
  "",
  "beheerPDOK@kadaster.nl",
  "servicedesk-data@rijkswaterstaat.nl"
]

10:56:52.471 [ForkJoinPool-1-worker-7] INFO  com.intuit.karate - [print] organisation: [
  "Rijkswaterstaat",
  "Rijkswaterstaat",
  "",
  "Beheer PDOK",
  "Rijkswaterstaat"
]

10:56:52.477 [ForkJoinPool-1-worker-7] INFO  com.intuit.karate - [print] [
  "https://www.nationaalgeoregister.nl/geonetwork/srv/dut/catalog.search#/metadata/eu-cb527d-f6db-4835-b0cd-deb245241254",
  "http://rdfdata.eionet.europa.eu/inspirethemes/themes/7",
  "http://inspire.ec.europa.eu/metadata-codelist/Prioritydataset/SurfaceWaterBodies-dir-2000-60",
  "https://ngr.geocat.live/geonetwork/srv/eng/thesaurus.download?ref=external.theme.httpinspireeceuropaeumetadatacodelistPrioritydataset-Prioritydataset"
]

10:56:52.673 [ForkJoinPool-1-worker-13] INFO  com.intuit.karate - [print] title:Kaart van de bodemopbouw in Nederland 1:50.000 onder INSPIRE
10:56:52.673 [ForkJoinPool-1-worker-13] INFO  com.intuit.karate - [print] Kaart van de bodemopbouw in Nederland 1:50.000 onder INSPIRE
10:56:52.674 [ForkJoinPool-1-worker-13] INFO  com.intuit.karate - [print] [
  "info@dinoloket.nl",
  "geodesk.cgi@wur.nl",
  "info@dinoloket.nl"
]

10:56:52.677 [ForkJoinPool-1-worker-13] INFO  com.intuit.karate - [print] organisation: [
  "TNO Geologische Dienst Nederland",
  "Alterra, Wageningen UR",
  "TNO Geologische Dienst Nederland"
]

10:56:52.681 [ForkJoinPool-1-worker-13] INFO  com.intuit.karate - [print] [
  "https://ngr.acceptatie.nationaalgeoregister.nl/geonetwork/srv/resourcesbbe3c19d-12b0-4912-a6f4-46eb189e85ac",
  "http://rdfdata.eionet.europa.eu/inspirethemes/themes/16",
  "http://geonetwork-opensource.org/inspire-theme#",
  "https://www.nationaalgeoregister.nl/geonetwork/srv/eng/thesaurus.download?ref=external.theme.inspire-theme"
]

10:56:52.689 [ForkJoinPool-1-worker-9] INFO  com.intuit.karate - [print] title:Habitatrichtlijn verspreidingsgebied van habitattypen
10:56:52.690 [ForkJoinPool-1-worker-9] INFO  com.intuit.karate - [print] Habitatrichtlijn verspreidingsgebied van habitattypen
10:56:52.691 [ForkJoinPool-1-worker-9] INFO  com.intuit.karate - [print] [
  "geodatabeheer.giscc@rvo.nl",
  "",
  "GeoDesk.CGI@wur.nl",
  "geodatabeheer.giscc@rvo.nl",
  "beheerPDOK@kadaster.nl",
  ""
]

10:56:52.693 [ForkJoinPool-1-worker-9] INFO  com.intuit.karate - [print] organisation: [
  "Ministerie van Economische Zaken - GIS Competence Center",
  "",
  "Wageningen Environmental Research (Alterra)",
  "PDOK",
  "Alterra"
]

10:56:52.696 [ForkJoinPool-1-worker-9] INFO  com.intuit.karate - [print] [
  "https://ngr.acceptatie.nationaalgeoregister.nl/geonetwork/srv/resources03671a9e-6aaf-464d-be99-9aad25cef9e3"
]

10:56:52.785 [ForkJoinPool-1-worker-3] INFO  com.intuit.karate - [print] title:Zeegebieden
10:56:52.785 [ForkJoinPool-1-worker-3] INFO  com.intuit.karate - [print] Zeegebieden
10:56:52.786 [ForkJoinPool-1-worker-3] INFO  com.intuit.karate - [print] [
  "PPB-GVA@kadaster.nl",
  "kcc@kadaster.nl",
  "kcc@kadaster.nl"
]

10:56:52.788 [ForkJoinPool-1-worker-3] INFO  com.intuit.karate - [print] organisation: [
  "Kadaster",
  "Kadaster",
  "Kadaster"
]

10:56:52.793 [ForkJoinPool-1-worker-3] INFO  com.intuit.karate - [print] [
  "http://kadaster/7c22107ea-5e31-4bbc-8e24-d15fe230062e"
]

10:56:52.883 [ForkJoinPool-1-worker-11] INFO  com.intuit.karate - [print] title:Adressen (INSPIRE geharmoniseerd)
10:56:52.883 [ForkJoinPool-1-worker-11] INFO  com.intuit.karate - [print] Adressen (INSPIRE geharmoniseerd)
10:56:52.884 [ForkJoinPool-1-worker-11] INFO  com.intuit.karate - [print] [
  "PPB-GVA@kadaster.nl",
  "kcc@kadaster.nl"
]

10:56:52.885 [ForkJoinPool-1-worker-11] INFO  com.intuit.karate - [print] organisation: [
  "Kadaster",
  "Kadaster"
]

10:56:52.889 [ForkJoinPool-1-worker-11] INFO  com.intuit.karate - [print] [
  "http://www.opengis.net/def/crs/EPSG/0/http://www.opengis.net/def/crs/EPSG/0/4258",
  "http://kadaster/1d32fc50-cd5b-4425-b0df-16c7c7940e94"
]

10:56:53.118 [ForkJoinPool-1-worker-5] INFO  com.intuit.karate - [print] title:Actuele synoptische weerwaarnemingen KNMI Nederland per 10 minuten (24 uur)
10:56:53.118 [ForkJoinPool-1-worker-5] INFO  com.intuit.karate - [print] Actuele synoptische weerwaarnemingen KNMI Nederland per 10 minuten (24 uur)
10:56:53.120 [ForkJoinPool-1-worker-5] INFO  com.intuit.karate - [print] [
  "datacentrum@knmi.nl",
  "datacentrum@knmi.nl",
  "datacentrum@knmi.nl"
]

10:56:53.122 [ForkJoinPool-1-worker-5] INFO  com.intuit.karate - [print] organisation: [
  "Koninklijk Nederlands Meteorologisch Instituut (KNMI)",
  "Koninklijk Nederlands Meteorologisch Instituut (KNMI)",
  "Koninklijk Nederlands Meteorologisch Instituut (KNMI)"
]

10:56:53.129 [ForkJoinPool-1-worker-5] INFO  com.intuit.karate - [print] [
  "https://www.nationaalgeoregister.nl/geonetwork/srv/api/records1b2abd21-3084-4db7-ab49-46866b4aac2b",
  "https://creativecommons.org/publicdomain/zero/*/deed.nl"
]

10:56:53.208 [ForkJoinPool-1-worker-7] INFO  com.intuit.karate - [print] title:RDinfo
10:56:53.208 [ForkJoinPool-1-worker-7] INFO  com.intuit.karate - [print] RDinfo
10:56:53.208 [ForkJoinPool-1-worker-7] INFO  com.intuit.karate - [print] [
  "PPB-GVA@kadaster.nl",
  "kcc@kadaster.nl",
  "rd@kadaster.nl"
]

10:56:53.210 [ForkJoinPool-1-worker-7] INFO  com.intuit.karate - [print] organisation: [
  "Kadaster",
  "Dienst van Het Kadaster en Openbare Registers",
  "Dienst voor het Kadaster en de Openbare Registers"
]

10:56:53.215 [ForkJoinPool-1-worker-7] INFO  com.intuit.karate - [print] [
  "http://kadaster/06b6c650-cdb1-11dd-ad8b-0800200c9a81"
]

10:56:53.372 [ForkJoinPool-1-worker-13] INFO  com.intuit.karate - [print] title:Zones en agglomeraties (Richtlijn Luchtkwaliteit) 2013
10:56:53.373 [ForkJoinPool-1-worker-13] INFO  com.intuit.karate - [print] Zones en agglomeraties (Richtlijn Luchtkwaliteit) 2013
10:56:53.374 [ForkJoinPool-1-worker-13] INFO  com.intuit.karate - [print] [
  "geodata@rivm.nl",
  "",
  "geodata@rivm.nl"
]

10:56:53.375 [ForkJoinPool-1-worker-13] INFO  com.intuit.karate - [print] organisation: no organisationName found in dataset record
10:56:53.380 [ForkJoinPool-1-worker-13] INFO  com.intuit.karate - [print] [
  "https://data.rivm.nl/inspire/id#5cb4b489-67c8-44bc-85c5-424a80a53b3b"
]

10:56:53.536 [ForkJoinPool-1-worker-9] INFO  com.intuit.karate - [print] title:Ligging industrie en CO2 emissies
10:56:53.537 [ForkJoinPool-1-worker-9] INFO  com.intuit.karate - [print] Ligging industrie en CO2 emissies
10:56:53.538 [ForkJoinPool-1-worker-9] INFO  com.intuit.karate - [print] [
  "geodatabeheer.giscc@rvo.nl",
  "geodatabeheer.giscc@rvo.nl"
]

10:56:53.540 [ForkJoinPool-1-worker-9] INFO  com.intuit.karate - [print] organisation: Ministerie van Economische Zaken - GIS Competence Center
10:56:53.556 [ForkJoinPool-1-worker-9] INFO  com.intuit.karate - [print] [
  "https://www.nationaalgeoregister.nl/geonetwork/srv/dut/catalog.search#/metadata/d6b85d84-cdb9-4a6e-b799-cf8826e22a94"
]

10:56:53.594 [ForkJoinPool-1-worker-3] INFO  com.intuit.karate - [print] title:Zeegebieden (INSPIRE geharmoniseerd)
10:56:53.595 [ForkJoinPool-1-worker-3] INFO  com.intuit.karate - [print] Zeegebieden (INSPIRE geharmoniseerd)
10:56:53.596 [ForkJoinPool-1-worker-3] INFO  com.intuit.karate - [print] [
  "PPB-GVA@kadaster.nl",
  "kcc@kadaster.nl"
]

10:56:53.599 [ForkJoinPool-1-worker-3] INFO  com.intuit.karate - [print] organisation: [
  "Kadaster",
  "Kadaster"
]

10:56:53.602 [ForkJoinPool-1-worker-3] INFO  com.intuit.karate - [print] [
  "http://www.opengis.net/def/crs/EPSG/0/http://www.opengis.net/def/crs/EPSG/0/4258",
  "http://kadaster/9778afe6-2152-4a8f-ba32-9697625401e3"
]

10:56:53.665 [ForkJoinPool-1-worker-11] INFO  com.intuit.karate - [print] title:Gemeten Zwaveldioxide concentraties in buitenlucht.
10:56:53.665 [ForkJoinPool-1-worker-11] INFO  com.intuit.karate - [print] Gemeten Zwaveldioxide concentraties in buitenlucht.
10:56:53.665 [ForkJoinPool-1-worker-11] INFO  com.intuit.karate - [print] [
  "geodata@rivm.nl",
  "geodata@rivm.nl"
]

10:56:53.669 [ForkJoinPool-1-worker-11] INFO  com.intuit.karate - [print] organisation: no organisationName found in dataset record
10:56:53.672 [ForkJoinPool-1-worker-11] INFO  com.intuit.karate - [print] [
  "https://data.rivm.nl/inspire/id#440c4a06-6924-4f9c-a9e2-6f61340f711b"
]

10:56:53.802 [ForkJoinPool-1-worker-5] INFO  com.intuit.karate - [print] title:Vervoersnetwerken - Gemeenschappelijke elementen (INSPIRE geharmoniseerd)
10:56:53.803 [ForkJoinPool-1-worker-5] INFO  com.intuit.karate - [print] Vervoersnetwerken - Gemeenschappelijke elementen (INSPIRE geharmoniseerd)
10:56:53.805 [ForkJoinPool-1-worker-5] INFO  com.intuit.karate - [print] [
  "PPB-GVA@kadaster.nl",
  "kcc@kadaster.nl"
]

10:56:53.806 [ForkJoinPool-1-worker-5] INFO  com.intuit.karate - [print] organisation: [
  "Kadaster",
  "Kadaster"
]

10:56:53.811 [ForkJoinPool-1-worker-5] INFO  com.intuit.karate - [print] [
  "http://www.opengis.net/def/crs/EPSG/0/http://www.opengis.net/def/crs/EPSG/0/4258",
  "http://kadaster/7cdfa80a-cfbf-4324-978d-f1f141756b66"
]

10:56:53.888 [ForkJoinPool-1-worker-7] INFO  com.intuit.karate - [print] title:Bathymetrie Nederland - binnenwateren
10:56:53.888 [ForkJoinPool-1-worker-7] INFO  com.intuit.karate - [print] Bathymetrie Nederland - binnenwateren
10:56:53.889 [ForkJoinPool-1-worker-7] INFO  com.intuit.karate - [print] [
  "servicedesk-data@rijkswaterstaat.nl",
  "servicedesk-data@rijkswaterstaat.nl",
  "",
  "servicedesk-data@rijkswaterstaat.nl",
  "servicedesk-data@rijkswaterstaat.nl"
]

10:56:53.891 [ForkJoinPool-1-worker-7] INFO  com.intuit.karate - [print] organisation: [
  "Rijkswaterstaat",
  "Rijkswaterstaat",
  "",
  "Rijkswaterstaat",
  "Rijkswaterstaat"
]

10:56:53.896 [ForkJoinPool-1-worker-7] INFO  com.intuit.karate - [print] [
  "https://www.nationaalgeoregister.nl/geonetwork/srv/dut/catalog.search#/metadata/adn73c4a-ef03-4785-b7f6-942e86b385f7",
  "http://rdfdata.eionet.europa.eu/inspirethemes/themes/10",
  "urn:ogc:def:crs:EPSG::5709"
]

10:56:53.990 [ForkJoinPool-1-worker-9] INFO  com.intuit.karate - [print] title:Bronbestanden waterkwaliteit
10:56:53.990 [ForkJoinPool-1-worker-9] INFO  com.intuit.karate - [print] Bronbestanden waterkwaliteit
10:56:53.991 [ForkJoinPool-1-worker-9] INFO  com.intuit.karate - [print] [
  "servicedesk@ihw.nl",
  "servicedesk@ihw.nl"
]

10:56:53.992 [ForkJoinPool-1-worker-9] INFO  com.intuit.karate - [print] organisation: [
  "Informatiehuis Water",
  "Informatiehuis Water"
]

10:56:54.105 [ForkJoinPool-1-worker-13] INFO  com.intuit.karate - [print] title:Grondwatersamenstellinggegevens KRW meetronde 2012 onder INSPIRE
10:56:54.105 [ForkJoinPool-1-worker-13] INFO  com.intuit.karate - [print] Grondwatersamenstellinggegevens KRW meetronde 2012 onder INSPIRE
10:56:54.106 [ForkJoinPool-1-worker-13] INFO  com.intuit.karate - [print] [
  "info@dinoloket.nl",
  "info@dinoloket.nl",
  "info@dinoloket.nl"
]

10:56:54.107 [ForkJoinPool-1-worker-13] INFO  com.intuit.karate - [print] organisation: [
  "TNO Geologische Dienst Nederland",
  "TNO Geologische Dienst Nederland",
  "TNO Geologische Dienst Nederland"
]

10:56:54.111 [ForkJoinPool-1-worker-13] INFO  com.intuit.karate - [print] [
  "https://nationaalgeoregister.nl/geonetwork/srv/resources7d716522-fa1a-43b4-99c0-3a3480f9e218",
  "https://www.nationaalgeoregister.nl/geonetwork/srv/eng/thesaurus.download?ref=external.theme.inspire-theme"
]

10:56:54.316 [ForkJoinPool-1-worker-3] INFO  com.intuit.karate - [print] title:Aardbevingen Nederland (KNMI)
10:56:54.316 [ForkJoinPool-1-worker-3] INFO  com.intuit.karate - [print] Aardbevingen Nederland (KNMI)
10:56:54.317 [ForkJoinPool-1-worker-3] INFO  com.intuit.karate - [print] [
  "datacentrum@knmi.nl",
  "datacentrum@knmi.nl",
  "datacentrum@knmi.nl"
]

10:56:54.318 [ForkJoinPool-1-worker-3] INFO  com.intuit.karate - [print] organisation: [
  "Koninklijk Nederlands Meteorologisch Instituut (KNMI)",
  "Koninklijk Nederlands Meteorologisch Instituut (KNMI)",
  "Koninklijk Nederlands Meteorologisch Instituut (KNMI)"
]

10:56:54.321 [ForkJoinPool-1-worker-3] INFO  com.intuit.karate - [print] [
  "https://www.nationaalgeoregister.nl/geonetwork/srv/api/records49807edc-0007-41aa-8809-d381f6713de4",
  "https://creativecommons.org/publicdomain/zero/*/deed.nl"
]

10:56:54.423 [ForkJoinPool-1-worker-11] INFO  com.intuit.karate - [print] title:Ziekenhuizen in Nederland (september 2013)
10:56:54.423 [ForkJoinPool-1-worker-11] INFO  com.intuit.karate - [print] Ziekenhuizen in Nederland (september 2013)
10:56:54.424 [ForkJoinPool-1-worker-11] INFO  com.intuit.karate - [print] [
  "atlas@rivm.nl",
  "",
  "geodata@rivm.nl"
]

10:56:54.425 [ForkJoinPool-1-worker-11] INFO  com.intuit.karate - [print] organisation: no organisationName found in dataset record
10:56:54.430 [ForkJoinPool-1-worker-11] INFO  com.intuit.karate - [print] [
  "https://data.rivm.nl/inspire/id#1e3a98db-5d5e-4e61-8b64-1d132ddb439e"
]

10:56:54.482 [ForkJoinPool-1-worker-7] INFO  com.intuit.karate - [print] title:Bodemkundig boormonsterprofiel onder INSPIRE
10:56:54.482 [ForkJoinPool-1-worker-7] INFO  com.intuit.karate - [print] Bodemkundig boormonsterprofiel onder INSPIRE
10:56:54.483 [ForkJoinPool-1-worker-7] INFO  com.intuit.karate - [print] [
  "info@dinoloket.nl",
  "geodesk.cgi@wur.nl",
  "info@dinoloket.nl"
]

10:56:54.484 [ForkJoinPool-1-worker-7] INFO  com.intuit.karate - [print] organisation: [
  "TNO Geologische Dienst Nederland",
  "Alterra, Wageningen UR",
  "TNO Geologische Dienst Nederland"
]

10:56:54.492 [ForkJoinPool-1-worker-7] INFO  com.intuit.karate - [print] [
  "https://nationaalgeoregister.nl/geonetwork/srv/resourcese26eb6c9-c441-43e8-8db6-aabbf11578fd",
  "http://rdfdata.eionet.europa.eu/inspirethemes/themes/16",
  "http://geonetwork-opensource.org/inspire-theme#",
  "https://www.nationaalgeoregister.nl/geonetwork/srv/eng/thesaurus.download?ref=external.theme.inspire-theme"
]

10:56:54.512 [ForkJoinPool-1-worker-5] INFO  com.intuit.karate - [print] title:zoutvelden en zoutproductieputten onder INSPIRE
10:56:54.512 [ForkJoinPool-1-worker-5] INFO  com.intuit.karate - [print] zoutvelden en zoutproductieputten onder INSPIRE
10:56:54.513 [ForkJoinPool-1-worker-5] INFO  com.intuit.karate - [print] [
  "info@dinoloket.nl",
  "info@dinoloket.nl",
  "info@dinoloket.nl"
]

10:56:54.513 [ForkJoinPool-1-worker-5] INFO  com.intuit.karate - [print] organisation: [
  "TNO Geologische Dienst Nederland",
  "TNO Geologische Dienst Nederland",
  "TNO Geologische Dienst Nederland"
]

10:56:54.517 [ForkJoinPool-1-worker-5] INFO  com.intuit.karate - [print] [
  "https://nationaalgeoregister.nl/geonetwork/srv/resourcesce4a6d93-83d6-4397-afa1-d4117d5ce76b",
  "http://rdfdata.eionet.europa.eu/inspirethemes/themes/34",
  "http://geonetwork-opensource.org/inspire-theme#",
  "https://www.nationaalgeoregister.nl/geonetwork/srv/eng/thesaurus.download?ref=external.theme.inspire-theme"
]

10:56:54.649 [ForkJoinPool-1-worker-9] INFO  com.intuit.karate - [print] title:Invasieve Exoten (INSPIRE Geharmoniseerd)
10:56:54.650 [ForkJoinPool-1-worker-9] INFO  com.intuit.karate - [print] Invasieve Exoten (INSPIRE Geharmoniseerd)
10:56:54.651 [ForkJoinPool-1-worker-9] INFO  com.intuit.karate - [print] [
  "geodatabeheer.giscc@rvo.nl",
  "Geodatabeheer.GISCC@rvo.nl"
]

10:56:54.652 [ForkJoinPool-1-worker-9] INFO  com.intuit.karate - [print] organisation: Ministerie van Landbouw, Natuur en Voedselkwaliteit
10:56:54.655 [ForkJoinPool-1-worker-9] INFO  com.intuit.karate - [print] [
  "https://www.nationaalgeoregister.nl/geonetwork/srv/api/records3703b249-a0eb-484e-ba7a-10e31a55bcec",
  "579"
]

10:56:54.720 [ForkJoinPool-1-worker-13] INFO  com.intuit.karate - [print] title:Statistical Units Vector
10:56:54.720 [ForkJoinPool-1-worker-13] INFO  com.intuit.karate - [print] Statistical Units Vector
10:56:54.721 [ForkJoinPool-1-worker-13] INFO  com.intuit.karate - [print] [
  "infoservice@cbs.nl",
  "infoservice@cbs.nl",
  "infoservice@cbs.nl",
  "",
  ""
]

10:56:54.722 [ForkJoinPool-1-worker-13] INFO  com.intuit.karate - [print] organisation: [
  "Statistics Netherlands",
  "Statistics Netherlands",
  "Statistics Netherlandds",
  "Statistics Netherlands"
]

10:56:54.727 [ForkJoinPool-1-worker-13] INFO  com.intuit.karate - [print] [
  "https://geodata.nationaalgeoregister.nl/cbsgebiedsindelingen/atom/cbsgebiedsindelingen.xml"
]

10:56:54.924 [ForkJoinPool-1-worker-3] INFO  com.intuit.karate - [print] title:Administratieve Eenheden
10:56:54.924 [ForkJoinPool-1-worker-3] INFO  com.intuit.karate - [print] Administratieve Eenheden
10:56:54.925 [ForkJoinPool-1-worker-3] INFO  com.intuit.karate - [print] [
  "PPB-GVA@kadaster.nl",
  "kcc@kadaster.nl",
  "kcc@kadaster.nl"
]

10:56:54.926 [ForkJoinPool-1-worker-3] INFO  com.intuit.karate - [print] organisation: [
  "Kadaster",
  "Kadaster en Openbare Registers",
  "Kadaster en de Openbare Registers"
]

10:56:54.929 [ForkJoinPool-1-worker-3] INFO  com.intuit.karate - [print] [
  "http://kadaster/06b6c650-cdb1-11dd-ad8b-0800200c9a76"
]

10:56:55.111 [ForkJoinPool-1-worker-5] INFO  com.intuit.karate - [print] title:Statistical Units Grid
10:56:55.111 [ForkJoinPool-1-worker-5] INFO  com.intuit.karate - [print] Statistical Units Grid
10:56:55.112 [ForkJoinPool-1-worker-5] INFO  com.intuit.karate - [print] [
  "infoservice@cbs.nl",
  "infoservice@cbs.nl",
  "infoservice@cbs.nl",
  "",
  ""
]

10:56:55.112 [ForkJoinPool-1-worker-5] INFO  com.intuit.karate - [print] organisation: [
  "Statistics Netherlands",
  "Statistics Netherlands",
  "Statistics Netherlandds",
  "Statistics Netherlands"
]

10:56:55.117 [ForkJoinPool-1-worker-5] INFO  com.intuit.karate - [print] [
  "https://geodata.nationaalgeoregister.nl/inspire/su-grid/wfs",
  ""
]

10:56:55.125 [ForkJoinPool-1-worker-11] INFO  com.intuit.karate - [print] title:TOP10NL
10:56:55.126 [ForkJoinPool-1-worker-11] INFO  com.intuit.karate - [print] TOP10NL
10:56:55.127 [ForkJoinPool-1-worker-11] INFO  com.intuit.karate - [print] [
  "PPB-GVA@kadaster.nl",
  "kcc@kadaster.nl",
  "kcc@kadaster.nl",
  "",
  "",
  "",
  "",
  "",
  ""
]

10:56:55.129 [ForkJoinPool-1-worker-11] INFO  com.intuit.karate - [print] organisation: [
  "Kadaster",
  "Kadaster",
  "Kadaster",
  "Kadaster",
  "Kadaster",
  "Kadaster",
  "Kadaster",
  "Kadaster",
  "Kadaster"
]

10:56:55.135 [ForkJoinPool-1-worker-11] INFO  com.intuit.karate - [print] [
  "http://kadaster/2482250f-3b00-4439-9f93-f3118229b201",
  "",
  "",
  "",
  "",
  ""
]

10:56:55.152 [ForkJoinPool-1-worker-7] INFO  com.intuit.karate - [print] title:Potentieel koude en warmte uit open en gesloten WKO systemen (GJ/ha.jaar)
10:56:55.152 [ForkJoinPool-1-worker-7] INFO  com.intuit.karate - [print] Potentieel koude en warmte uit open en gesloten WKO systemen (GJ/ha.jaar)
10:56:55.152 [ForkJoinPool-1-worker-7] INFO  com.intuit.karate - [print] [
  "geodatabeheer.giscc@rvo.nl",
  "geodatabeheer.giscc@rvo.nl",
  "geodatabeheer.giscc@rvo.nl"
]

10:56:55.153 [ForkJoinPool-1-worker-7] INFO  com.intuit.karate - [print] organisation: [
  "Ministerie van Economische Zaken - GIS Competence Center",
  "Ministerie van Economische Zaken - GIS Competence Center"
]

10:56:55.156 [ForkJoinPool-1-worker-7] INFO  com.intuit.karate - [print] [
  "https://nationaalgeoregister.nl/geonetwork/srv/dut/catalog.search#/metadata/dc5b522e-3e14-4738-9e8e-2401e1b19ef2"
]

10:56:55.252 [ForkJoinPool-1-worker-9] INFO  com.intuit.karate - [print] title:Habitatrichtlijn verspreiding van habitattypen
10:56:55.253 [ForkJoinPool-1-worker-9] INFO  com.intuit.karate - [print] Habitatrichtlijn verspreiding van habitattypen
10:56:55.253 [ForkJoinPool-1-worker-9] INFO  com.intuit.karate - [print] [
  "geodatabeheer.giscc@rvo.nl",
  "GeoDesk.CGI@wur.nl",
  "geodatabeheer.giscc@rvo.nl",
  "beheerPDOK@kadaster.nl",
  ""
]

10:56:55.254 [ForkJoinPool-1-worker-9] INFO  com.intuit.karate - [print] organisation: [
  "Ministerie van Economische Zaken - GIS Competence Center",
  "Wageningen Environmental Research (Alterra)",
  "PDOK",
  "Alterra"
]

10:56:55.259 [ForkJoinPool-1-worker-9] INFO  com.intuit.karate - [print] [
  "https://www.nationaalgeoregister.nl/geonetwork/srv/dut/catalog.search#/metadata/977e0e94-7aa9-4784-b2da-eaec44adb61b"
]

10:56:55.308 [ForkJoinPool-1-worker-13] INFO  com.intuit.karate - [print] title:Geluidkaart Schiphol 2016 (Lnight)
10:56:55.308 [ForkJoinPool-1-worker-13] INFO  com.intuit.karate - [print] Geluidkaart Schiphol 2016 (Lnight)
10:56:55.310 [ForkJoinPool-1-worker-13] INFO  com.intuit.karate - [print] [
  "sylvia.koolmees@minienw.nl",
  "sylvia.koolmees@minienw.nl"
]

10:56:55.311 [ForkJoinPool-1-worker-13] INFO  com.intuit.karate - [print] organisation: [
  "Ministerie van IenW",
  "Ministerie van IenW"
]

10:56:55.315 [ForkJoinPool-1-worker-13] INFO  com.intuit.karate - [print] [
  "https://www.nationaalgeoregister.nl/geonetwork/srv/api/records58d39928-f502-48c9-a8c1-03244dc181bf"
]

10:56:55.502 [ForkJoinPool-1-worker-3] INFO  com.intuit.karate - [print] title:Vervoersnetwerken - Spoorwegen (INSPIRE geharmoniseerd)
10:56:55.502 [ForkJoinPool-1-worker-3] INFO  com.intuit.karate - [print] Vervoersnetwerken - Spoorwegen (INSPIRE geharmoniseerd)
10:56:55.503 [ForkJoinPool-1-worker-3] INFO  com.intuit.karate - [print] [
  "PPB-GVA@kadaster.nl",
  "kcc@kadaster.nl"
]

10:56:55.505 [ForkJoinPool-1-worker-3] INFO  com.intuit.karate - [print] organisation: [
  "Kadaster",
  "Kadaster"
]

10:56:55.508 [ForkJoinPool-1-worker-3] INFO  com.intuit.karate - [print] [
  "http://www.opengis.net/def/crs/EPSG/0/http://www.opengis.net/def/crs/EPSG/0/4258",
  "http://kadaster/cb4edbd2-2dca-4d44-92bb-b2202048b526"
]

10:56:55.703 [ForkJoinPool-1-worker-5] INFO  com.intuit.karate - [print] title:Jaarcijfers Landelijk Meetnet Luchtkwaliteit 2012
10:56:55.703 [ForkJoinPool-1-worker-5] INFO  com.intuit.karate - [print] Jaarcijfers Landelijk Meetnet Luchtkwaliteit 2012
10:56:55.704 [ForkJoinPool-1-worker-5] INFO  com.intuit.karate - [print] [
  "geodata@rivm.nl",
  "",
  "geodata@rivm.nl"
]

10:56:55.705 [ForkJoinPool-1-worker-5] INFO  com.intuit.karate - [print] organisation: no organisationName found in dataset record
10:56:55.708 [ForkJoinPool-1-worker-5] INFO  com.intuit.karate - [print] [
  "https://data.rivm.nl/inspire/id#b5ccab29-e2cc-4178-9f81-40c50e909754"
]

10:56:55.805 [ForkJoinPool-1-worker-11] INFO  com.intuit.karate - [print] title:Luchtfoto 2017 25cm CIR open data
10:56:55.805 [ForkJoinPool-1-worker-11] INFO  com.intuit.karate - [print] Luchtfoto 2017 25cm CIR open data
10:56:55.807 [ForkJoinPool-1-worker-11] INFO  com.intuit.karate - [print] [
  "PPB-GVA@kadaster.nl",
  "info@hetwaterschapshuis.nl",
  "kcc@kadaster.nl",
  "",
  "",
  "",
  "",
  "",
  ""
]

10:56:55.808 [ForkJoinPool-1-worker-11] INFO  com.intuit.karate - [print] organisation: [
  "Kadaster",
  "Het Waterschapshuis",
  "Kadaster",
  "Eurosense",
  "Eurosense",
  "Eurosense",
  "Kadaster",
  "Kadaster"
]

10:56:55.812 [ForkJoinPool-1-worker-11] INFO  com.intuit.karate - [print] [
  "http://kadaster/2482250f-3b00-4439-9f93-f3118229b018",
  "",
  "",
  ""
]

10:56:55.901 [ForkJoinPool-1-worker-7] INFO  com.intuit.karate - [print] title:Gemeten Ozon concentraties in buitenlucht.
10:56:55.901 [ForkJoinPool-1-worker-7] INFO  com.intuit.karate - [print] Gemeten Ozon concentraties in buitenlucht.
10:56:55.902 [ForkJoinPool-1-worker-7] INFO  com.intuit.karate - [print] [
  "geodata@rivm.nl",
  "geodata@rivm.nl"
]

10:56:55.904 [ForkJoinPool-1-worker-7] INFO  com.intuit.karate - [print] organisation: no organisationName found in dataset record
10:56:55.910 [ForkJoinPool-1-worker-7] INFO  com.intuit.karate - [print] [
  "https://data.rivm.nl/inspire/id#fd9c4f87-026e-4681-8d94-9702f3c83078"
]

10:56:56.045 [ForkJoinPool-1-worker-13] INFO  com.intuit.karate - [print] title:-Gegevens boormonsterprofiel onder PDOK
10:56:56.045 [ForkJoinPool-1-worker-13] INFO  com.intuit.karate - [print] -Gegevens boormonsterprofiel onder PDOK
10:56:56.045 [ForkJoinPool-1-worker-13] INFO  com.intuit.karate - [print] [
  "info@dinoloket",
  "info@dinoloket.nl"
]

10:56:56.046 [ForkJoinPool-1-worker-13] INFO  com.intuit.karate - [print] organisation: [
  "TNO Geologische Dienst Nederland",
  "TNO Geologische Dienst Nederland"
]

10:56:56.049 [ForkJoinPool-1-worker-13] INFO  com.intuit.karate - [print] [
  "https://ngr.acceptatie.nationaalgeoregister.nl/geonetwork/srv/resourcesc7662717-9e43-4367-a344-723d73abbb3e"
]

10:56:56.057 [ForkJoinPool-1-worker-9] INFO  com.intuit.karate - [print] title:Monitoring stations (Nitraatrichtlijn) ondiepe filters
10:56:56.057 [ForkJoinPool-1-worker-9] INFO  com.intuit.karate - [print] Monitoring stations (Nitraatrichtlijn) ondiepe filters
10:56:56.057 [ForkJoinPool-1-worker-9] INFO  com.intuit.karate - [print] [
  "geodata@rivm.nl",
  "",
  "geodata@rivm.nl"
]

10:56:56.058 [ForkJoinPool-1-worker-9] INFO  com.intuit.karate - [print] organisation: no organisationName found in dataset record
10:56:56.062 [ForkJoinPool-1-worker-9] INFO  com.intuit.karate - [print] [
  "https://data.rivm.nl/inspire/id#7247293d-2113-44d8-b335-8167b2ec4d1b"
]

10:56:56.164 [ForkJoinPool-1-worker-3] INFO  com.intuit.karate - [print] title:Emissies naar het riool in 2011 vanuit de industrie
10:56:56.164 [ForkJoinPool-1-worker-3] INFO  com.intuit.karate - [print] Emissies naar het riool in 2011 vanuit de industrie
10:56:56.165 [ForkJoinPool-1-worker-3] INFO  com.intuit.karate - [print] [
  "emissieregistratie@rivm.nl",
  "",
  "emissieregistratie@rivm.nl"
]

10:56:56.166 [ForkJoinPool-1-worker-3] INFO  com.intuit.karate - [print] organisation: no organisationName found in dataset record
10:56:56.170 [ForkJoinPool-1-worker-3] INFO  com.intuit.karate - [print] [
  "https://data.rivm.nl/inspire/id#e6ddc53d-04c4-435d-bedd-a5ace2dc0313"
]

10:56:56.370 [ForkJoinPool-1-worker-5] INFO  com.intuit.karate - [print] title:Administratieve Eenheden (INSPIRE geharmoniseerd)
10:56:56.370 [ForkJoinPool-1-worker-5] INFO  com.intuit.karate - [print] Administratieve Eenheden (INSPIRE geharmoniseerd)
10:56:56.371 [ForkJoinPool-1-worker-5] INFO  com.intuit.karate - [print] [
  "PPB-GVA@kadaster.nl",
  "kcc@kadaster.nl"
]

10:56:56.372 [ForkJoinPool-1-worker-5] INFO  com.intuit.karate - [print] organisation: [
  "Kadaster",
  "Kadaster"
]

10:56:56.376 [ForkJoinPool-1-worker-5] INFO  com.intuit.karate - [print] [
  "http://www.opengis.net/def/crs/EPSG/0/http://www.opengis.net/def/crs/EPSG/0/4258",
  "http://kadaster/29f0fa66-3928-4e95-ae30-5b1eab818ac1"
]

10:56:56.504 [ForkJoinPool-1-worker-11] INFO  com.intuit.karate - [print] title:Gebieden in de territoriale zee
10:56:56.504 [ForkJoinPool-1-worker-11] INFO  com.intuit.karate - [print] Gebieden in de territoriale zee
10:56:56.505 [ForkJoinPool-1-worker-11] INFO  com.intuit.karate - [print] [
  "data@hydro.nl",
  "data@hydro.nl",
  "data@hydro.nl",
  "",
  ""
]

10:56:56.506 [ForkJoinPool-1-worker-11] INFO  com.intuit.karate - [print] organisation: [
  "Ministerie van Defensie, Koninklijke Marine, Dienst der Hydrografie",
  "Ministerie van Defensie, Koninklijke Marine, Dienst der Hydrografie",
  "Ministerie van Defensie, Koninklijke Marine, Dienst der Hydrografie"
]

10:56:56.512 [ForkJoinPool-1-worker-11] INFO  com.intuit.karate - [print] [
  "http://www.opengis.net/def/crs/EPSG/0/https://www.opengis.net/def/crs/EPSG/0/4258",
  "https://www.nationaalgeoregister.nl/geonetwork/srv/api/records4617f0e0-6af4-4ac0-9044-31df9d03071c"
]

10:56:56.547 [ForkJoinPool-1-worker-9] INFO  com.intuit.karate - [print] title:Kadastrale kaart v4
10:56:56.547 [ForkJoinPool-1-worker-9] INFO  com.intuit.karate - [print] Kadastrale kaart v4
10:56:56.548 [ForkJoinPool-1-worker-9] INFO  com.intuit.karate - [print] [
  "PPB-GVA@kadaster.nl",
  "kcc@kadaster.nl",
  "kcc@kadaster.nl",
  "",
  ""
]

10:56:56.549 [ForkJoinPool-1-worker-9] INFO  com.intuit.karate - [print] organisation: [
  "Kadaster",
  "Kadaster en Openbare Registers",
  "Dienst voor het Kadaster en de Openbare Registers"
]

10:56:56.555 [ForkJoinPool-1-worker-9] INFO  com.intuit.karate - [print] [
  "h",
  "t",
  "t",
  "p",
  "s",
  ":",
  "/",
  "/",
  "w",
  "w",
  "w",
  ".",
  "n",
  "a",
  "t",
  "i",
  "o",
  "n",
  "a",
  "a",
  "l",
  "g",
  "e",
  "o",
  "r",
  "e",
  "g",
  "i",
  "s",
  "t",
  "e",
  "r",
  ".",
  "n",
  "l",
  ":",
  "4",
  "4",
  "3",
  "/",
  "g",
  "e",
  "o",
  "n",
  "e",
  "t",
  "w",
  "o",
  "r",
  "k",
  "/",
  "s",
  "r",
  "v",
  "/",
  "e",
  "n",
  "g",
  "/",
  "t",
  "h",
  "e",
  "s",
  "a",
  "u",
  "r",
  "u",
  "s",
  ".",
  "d",
  "o",
  "w",
  "n",
  "l",
  "o",
  "a",
  "d",
  "?",
  "r",
  "e",
  "f",
  "=",
  "e",
  "x",
  "t",
  "e",
  "r",
  "n",
  "a",
  "l",
  ".",
  "t",
  "h",
  "e",
  "m",
  "e",
  ".",
  "h",
  "t",
  "t",
  "p",
  "i",
  "n",
  "s",
  "p",
  "i",
  "r",
  "e",
  "e",
  "c",
  "e",
  "u",
  "r",
  "o",
  "p",
  "a",
  "e",
  "u",
  "t",
  "h",
  "e",
  "m",
  "e",
  "-",
  "t",
  "h",
  "e",
  "m",
  "e"
]

10:56:56.556 [ForkJoinPool-1-worker-7] INFO  com.intuit.karate - [print] title:Afgevoerde hoeveelheid afval in 2015 vanuit de industrie
10:56:56.560 [ForkJoinPool-1-worker-7] INFO  com.intuit.karate - [print] Afgevoerde hoeveelheid afval in 2015 vanuit de industrie
10:56:56.561 [ForkJoinPool-1-worker-7] INFO  com.intuit.karate - [print] [
  "emissieregistratie@rivm.nl",
  "",
  "emissieregistratie@rivm.nl"
]

10:56:56.562 [ForkJoinPool-1-worker-7] INFO  com.intuit.karate - [print] organisation: no organisationName found in dataset record
10:56:56.566 [ForkJoinPool-1-worker-7] INFO  com.intuit.karate - [print] [
  "https://data.rivm.nl/inspire/id#1de92b14-bc21-4f33-b0de-abd325e61804"
]

10:56:56.659 [ForkJoinPool-1-worker-13] INFO  com.intuit.karate - [print] title:Nederlands deel PSSA Waddenzee
10:56:56.662 [ForkJoinPool-1-worker-13] INFO  com.intuit.karate - [print] Nederlands deel PSSA Waddenzee
10:56:56.663 [ForkJoinPool-1-worker-13] INFO  com.intuit.karate - [print] [
  "data@hydro.nl",
  "data@hydro.nl",
  "data@hydro.nl",
  "",
  ""
]

10:56:56.664 [ForkJoinPool-1-worker-13] INFO  com.intuit.karate - [print] organisation: [
  "Ministerie van Defensie, Koninklijke Marine, Dienst der Hydrografie",
  "Ministerie van Defensie, Koninklijke Marine, Dienst der Hydrografie",
  "Ministerie van Defensie, Koninklijke Marine, Dienst der Hydrografie"
]

10:56:56.670 [ForkJoinPool-1-worker-13] INFO  com.intuit.karate - [print] [
  "http://www.opengis.net/def/crs/EPSG/0/https://www.opengis.net/def/crs/EPSG/0/4258",
  "https://www.nationaalgeoregister.nl/geonetwork/srv/api/recordsf1d27179-36eb-4376-8048-f51d2eb23a09"
]

10:56:56.771 [ForkJoinPool-1-worker-3] INFO  com.intuit.karate - [print] title:Productie/industrie-inrichtingen (o.b.v. SBI-codes) uit {Risico Register Gevaarlijke stoffen (RRGS)}
10:56:56.773 [ForkJoinPool-1-worker-3] INFO  com.intuit.karate - [print] Productie/industrie-inrichtingen (o.b.v. SBI-codes) uit {Risico Register Gevaarlijke stoffen (RRGS)}
10:56:56.774 [ForkJoinPool-1-worker-3] INFO  com.intuit.karate - [print] [
  "inspire@gbo-provincies.nl",
  "inspire@gbo-provincies.nl",
  "inspire@gbo-provincies.nl"
]

10:56:56.775 [ForkJoinPool-1-worker-3] INFO  com.intuit.karate - [print] organisation: [
  "Interprovinciaal Overleg",
  "Interprovinciaal Overleg",
  "Interprovinciaal Overleg"
]

10:56:56.781 [ForkJoinPool-1-worker-3] INFO  com.intuit.karate - [print] [
  "http://www.opengis.net/def/crs/EPSG/0/http://www.opengis.net/def/crs/EPSG/0/3034",
  "http://nationaalgeoregister.nl/geonetwork/srv/dut/csw?SERVICE=CSW&version=2.0.2&REQUEST=GetRecordById&elementSetName=full&OutputSchema=http://www.isotc211.org/2005/gmd&ID=b6ee58a1-b097-4c6d-8600-eb81efc1468c",
  "https://creativecommons.org/publicdomain/mark/*/deed.nl",
  ""
]

10:56:56.978 [ForkJoinPool-1-worker-5] INFO  com.intuit.karate - [print] title:Monitoring stations (Nitraatrichtlijn) diepe filters
10:56:56.978 [ForkJoinPool-1-worker-5] INFO  com.intuit.karate - [print] Monitoring stations (Nitraatrichtlijn) diepe filters
10:56:56.982 [ForkJoinPool-1-worker-5] INFO  com.intuit.karate - [print] [
  "geodata@rivm.nl",
  "",
  "geodata@rivm.nl"
]

10:56:56.984 [ForkJoinPool-1-worker-5] INFO  com.intuit.karate - [print] organisation: no organisationName found in dataset record
10:56:56.988 [ForkJoinPool-1-worker-5] INFO  com.intuit.karate - [print] [
  "https://data.rivm.nl/inspire/id#36a7e8cb-8300-4602-93d2-135943365a6f"
]

10:56:57.147 [ForkJoinPool-1-worker-11] INFO  com.intuit.karate - [print] title:Gecontroleerde klimatologische daggegevens KNMI Nederland
10:56:57.147 [ForkJoinPool-1-worker-11] INFO  com.intuit.karate - [print] Gecontroleerde klimatologische daggegevens KNMI Nederland
10:56:57.148 [ForkJoinPool-1-worker-11] INFO  com.intuit.karate - [print] [
  "datacentrum@knmi.nl",
  "datacentrum@knmi.nl",
  "datacentrum@knmi.nl"
]

10:56:57.150 [ForkJoinPool-1-worker-11] INFO  com.intuit.karate - [print] organisation: [
  "Koninklijk Nederlands Meteorologisch Instituut (KNMI)",
  "Koninklijk Nederlands Meteorologisch Instituut (KNMI)",
  "Koninklijk Nederlands Meteorologisch Instituut (KNMI)"
]

10:56:57.161 [ForkJoinPool-1-worker-11] INFO  com.intuit.karate - [print] [
  "https://www.nationaalgeoregister.nl/geonetwork/srv/api/records6e4a2001-fef7-471c-8286-4f859bc1131e",
  "https://creativecommons.org/publicdomain/zero/*/deed.nl"
]

10:56:57.211 [ForkJoinPool-1-worker-9] INFO  com.intuit.karate - [print] title:Geologisch booronderzoek onder INSPIRE
10:56:57.211 [ForkJoinPool-1-worker-9] INFO  com.intuit.karate - [print] Geologisch booronderzoek onder INSPIRE
10:56:57.212 [ForkJoinPool-1-worker-9] INFO  com.intuit.karate - [print] [
  "info@dinoloket.nl",
  "info@dinoloket.nl",
  "info@dinoloket.nl"
]

10:56:57.214 [ForkJoinPool-1-worker-9] INFO  com.intuit.karate - [print] organisation: [
  "TNO Geologische Dienst Nederland",
  "TNO Geologische Dienst Nederland",
  "TNO Geologische Dienst Nederland"
]

10:56:57.218 [ForkJoinPool-1-worker-9] INFO  com.intuit.karate - [print] [
  "https://nationaalgeoregister.nl/geonetwork/srv/resources7d4d5090-8b18-4c30-a07a-9d738039112f",
  "http://rdfdata.eionet.europa.eu/inspirethemes/themes/13",
  "http://geonetwork-opensource.org/inspire-theme#",
  "https://www.nationaalgeoregister.nl/geonetwork/srv/eng/thesaurus.download?ref=external.theme.inspire-theme"
]

10:56:57.321 [ForkJoinPool-1-worker-7] INFO  com.intuit.karate - [print] title:Nationaal Beschermde Gebieden (CDDA) (INSPIRE geharmoniseerd)
10:56:57.322 [ForkJoinPool-1-worker-7] INFO  com.intuit.karate - [print] Nationaal Beschermde Gebieden (CDDA) (INSPIRE geharmoniseerd)
10:56:57.323 [ForkJoinPool-1-worker-7] INFO  com.intuit.karate - [print] [
  "geodatabeheer.giscc@rvo.nl",
  "geodatabeheer.giscc@rvo.nl",
  "geodatabeheer.giscc@rvo.nl"
]

10:56:57.324 [ForkJoinPool-1-worker-7] INFO  com.intuit.karate - [print] organisation: [
  "Ministerie van Economische Zaken - GIS Competence Center",
  "Ministerie van Landbouw, Natuur en Voedselkwaliteit",
  "Ministerie van Economische Zaken - GIS Competence Center"
]

10:56:57.331 [ForkJoinPool-1-worker-7] INFO  com.intuit.karate - [print] [
  "http://www.opengis.net/def/crs/EPSG/0/http://www.opengis.net/def/crs/EPSG/0/4258",
  "https://www.nationaalgeoregister.nl/geonetwork/srv/dut/catalog.search#/metadata/3387ef8a-9237-453a-aa4e-585d1e193550",
  "https://creativecommons.org/publicdomain/mark/*/deed.nl"
]

10:56:57.443 [ForkJoinPool-1-worker-13] INFO  com.intuit.karate - [print] title:LCP emissies (Richtlijn Industriële emissies) 2016
10:56:57.443 [ForkJoinPool-1-worker-13] INFO  com.intuit.karate - [print] LCP emissies (Richtlijn Industriële emissies) 2016
10:56:57.444 [ForkJoinPool-1-worker-13] INFO  com.intuit.karate - [print] [
  "emissieregistratie@rivm.nl",
  "",
  "emissieregistratie@rivm.nl"
]

10:56:57.445 [ForkJoinPool-1-worker-13] INFO  com.intuit.karate - [print] organisation: no organisationName found in dataset record
10:56:57.449 [ForkJoinPool-1-worker-13] INFO  com.intuit.karate - [print] [
  "https://data.rivm.nl/inspire/id#6941b1f2-7ee6-4a1d-9cba-9071e3ca6cb3"
]

10:56:57.485 [ForkJoinPool-1-worker-3] INFO  com.intuit.karate - [print] title:Bathymetrie Nederland - kust
10:56:57.486 [ForkJoinPool-1-worker-3] INFO  com.intuit.karate - [print] Bathymetrie Nederland - kust
10:56:57.488 [ForkJoinPool-1-worker-3] INFO  com.intuit.karate - [print] [
  "servicedesk-data@rijkswaterstaat.nl",
  "servicedesk-data@rijkswaterstaat.nl",
  "",
  "servicedesk-data@rijkswaterstaat.nl",
  "servicedesk-data@rijkswaterstaat.nl"
]

10:56:57.489 [ForkJoinPool-1-worker-3] INFO  com.intuit.karate - [print] organisation: [
  "Rijkswaterstaat",
  "Rijkswaterstaat",
  "",
  "Rijkswaterstaat",
  "Rijkswaterstaat"
]

10:56:57.494 [ForkJoinPool-1-worker-3] INFO  com.intuit.karate - [print] [
  "https://www.nationaalgeoregister.nl/geonetwork/srv/dut/catalog.search#/metadata/adn73c4a-ef03-4785-b7f6-942e86b385f5",
  "http://rdfdata.eionet.europa.eu/inspirethemes/themes/10",
  "urn:ogc:def:crs:EPSG::5709"
]

10:56:57.574 [ForkJoinPool-1-worker-5] INFO  com.intuit.karate - [print] title:Emissies naar lucht en water in 2011 vanuit de industrie
10:56:57.574 [ForkJoinPool-1-worker-5] INFO  com.intuit.karate - [print] Emissies naar lucht en water in 2011 vanuit de industrie
10:56:57.574 [ForkJoinPool-1-worker-5] INFO  com.intuit.karate - [print] [
  "emissieregistratie@rivm.nl",
  "",
  "emissieregistratie@rivm.nl"
]

10:56:57.575 [ForkJoinPool-1-worker-5] INFO  com.intuit.karate - [print] organisation: no organisationName found in dataset record
10:56:57.579 [ForkJoinPool-1-worker-5] INFO  com.intuit.karate - [print] [
  "https://data.rivm.nl/inspire/id#6e6bf543-e1e3-468d-afae-e88618ad9a65"
]

10:56:57.888 [ForkJoinPool-1-worker-9] INFO  com.intuit.karate - [print] title:BRO Digital Geological Model (DGM)
10:56:57.888 [ForkJoinPool-1-worker-9] INFO  com.intuit.karate - [print] BRO Digital Geological Model (DGM)
10:56:57.889 [ForkJoinPool-1-worker-9] INFO  com.intuit.karate - [print] [
  "info@bro.nl",
  "info@bro.nl",
  "info@dinoloket.nl"
]

10:56:57.890 [ForkJoinPool-1-worker-9] INFO  com.intuit.karate - [print] organisation: [
  "TNO Geologische Dienst Nederland",
  "TNO Geologische Dienst Nederland",
  "TNO Geologische Dienst Nederland"
]

10:56:57.893 [ForkJoinPool-1-worker-9] INFO  com.intuit.karate - [print] [
  "https://ngr.acceptatie.nationaalgeoregister.nl/geonetwork/srv/resourcesc7a15080-2724-11e2-81c1-0800200c9a66",
  "http://rdfdata.eionet.europa.eu/inspirethemes/themes/13",
  "http://rdfdata.eionet.europa.eu/inspirethemes/themes/#",
  "https://www.nationaalgeoregister.nl/geonetwork/srv/eng/thesaurus.download?ref=external.theme.inspire-theme"
]

10:56:57.900 [ForkJoinPool-1-worker-11] INFO  com.intuit.karate - [print] title:Landelijk grondwaterregister - Faciliteiten voor productie en industrie
10:56:57.902 [ForkJoinPool-1-worker-11] INFO  com.intuit.karate - [print] Landelijk grondwaterregister - Faciliteiten voor productie en industrie
10:56:57.903 [ForkJoinPool-1-worker-11] INFO  com.intuit.karate - [print] [
  "inspire@gbo-provincies.nl",
  "inspire@gbo-provincies.nl",
  "inspire@gbo-provincies.nl",
  "",
  ""
]

10:56:57.905 [ForkJoinPool-1-worker-11] INFO  com.intuit.karate - [print] organisation: [
  "Interprovinciaal Overleg",
  "Interprovinciaal Overleg",
  "Interprovinciaal Overleg",
  "Interprovinciaal Overleg",
  "Interprovinciaal Overleg"
]

10:56:57.914 [ForkJoinPool-1-worker-7] INFO  com.intuit.karate - [print] title:BRO REGIS II Hydrogeologisch model (HGM)
10:56:57.914 [ForkJoinPool-1-worker-7] INFO  com.intuit.karate - [print] BRO REGIS II Hydrogeologisch model (HGM)
10:56:57.915 [ForkJoinPool-1-worker-7] INFO  com.intuit.karate - [print] [
  "info@bro.nl",
  "info@bro.nl",
  "info@dinoloket.nl"
]

10:56:57.916 [ForkJoinPool-1-worker-7] INFO  com.intuit.karate - [print] organisation: [
  "TNO Geologische Dienst Nederland",
  "TNO Geologische Dienst Nederland",
  "TNO Geologische Dienst Nederland"
]

10:56:57.919 [ForkJoinPool-1-worker-7] INFO  com.intuit.karate - [print] [
  "http://www.opengis.net/def/crs/EPSG/0/NAP",
  "https://ngr.acceptatie.nationaalgeoregister.nl/geonetwork/srv/resourcesd72ddff0-2724-11e2-81c1-0800200c9a66"
]

10:56:57.922 [ForkJoinPool-1-worker-11] INFO  com.intuit.karate - [print] [
  ""
]

10:56:58.012 [ForkJoinPool-1-worker-13] INFO  com.intuit.karate - [print] title:CBS Provincies 2012
10:56:58.012 [ForkJoinPool-1-worker-13] INFO  com.intuit.karate - [print] CBS Provincies 2012
10:56:58.014 [ForkJoinPool-1-worker-13] INFO  com.intuit.karate - [print] [
  "infoservice@cbs.nl",
  "infoservice@cbs.nl",
  "infoservice@cbs.nl",
  "",
  ""
]

10:56:58.018 [ForkJoinPool-1-worker-13] INFO  com.intuit.karate - [print] organisation: [
  "Centraal Bureau voor de Statistiek",
  "Centraal Bureau voor de Statistiek",
  "Centraal Bureau voor de Statistiek",
  "Kadaster"
]

10:56:58.022 [ForkJoinPool-1-worker-13] INFO  com.intuit.karate - [print] [
  "http://geodata.nationaalgeoregister.nl/cbsprovincies/extract/cbsprovincies.zip",
  ""
]

10:56:58.138 [ForkJoinPool-1-worker-3] INFO  com.intuit.karate - [print] title:Vervoersnetwerken - Waterwegen (INSPIRE geharmoniseerd) - WT
10:56:58.138 [ForkJoinPool-1-worker-3] INFO  com.intuit.karate - [print] Vervoersnetwerken - Waterwegen (INSPIRE geharmoniseerd) - WT
10:56:58.140 [ForkJoinPool-1-worker-3] INFO  com.intuit.karate - [print] [
  "servicedesk-data@rijkswaterstaat.nl",
  "servicedesk-data@rijkswaterstaat.nl",
  "",
  "servicedesk-data@rijkswaterstaat.nl",
  "info@wetransform.to"
]

10:56:58.141 [ForkJoinPool-1-worker-3] INFO  com.intuit.karate - [print] organisation: [
  "Rijkswaterstaat",
  "Rijkswaterstaat",
  "",
  "Rijkswaterstaat",
  "Wetransform"
]

10:56:58.146 [ForkJoinPool-1-worker-3] INFO  com.intuit.karate - [print] [
  "https://www.nationaalgeoregister.nl/geonetwork/srv/dut/catalog.search#/metadata/eu-2c7040b-c448-451b-bf15-f2416ecaadd1",
  "http://rdfdata.eionet.europa.eu/inspirethemes/themes/7",
  "urn:ogc:def:crs:EPSG::5709"
]

10:56:58.212 [ForkJoinPool-1-worker-5] INFO  com.intuit.karate - [print] title:Maritieme grenzen - Noordzee
10:56:58.212 [ForkJoinPool-1-worker-5] INFO  com.intuit.karate - [print] Maritieme grenzen - Noordzee
10:56:58.213 [ForkJoinPool-1-worker-5] INFO  com.intuit.karate - [print] [
  "data@hydro.nl",
  "data@hydro.nl",
  "data@hydro.nl",
  "",
  ""
]

10:56:58.214 [ForkJoinPool-1-worker-5] INFO  com.intuit.karate - [print] organisation: [
  "Ministerie van Defensie, Koninklijke Marine, Dienst der Hydrografie",
  "Ministerie van Defensie, Koninklijke Marine, Dienst der Hydrografie",
  "Ministerie van Defensie, Koninklijke Marine, Dienst der Hydrografie"
]

10:56:58.219 [ForkJoinPool-1-worker-5] INFO  com.intuit.karate - [print] [
  "http://www.opengis.net/def/crs/EPSG/0/https://www.opengis.net/def/crs/EPSG/0/4258",
  "https://www.nationaalgeoregister.nl:443/geonetwork/srv/api/records/a5241416-8401-4623-be61-57ef50447a41"
]

10:56:58.484 [ForkJoinPool-1-worker-9] INFO  com.intuit.karate - [print] title:Land Use 2015
10:56:58.484 [ForkJoinPool-1-worker-9] INFO  com.intuit.karate - [print] Land Use 2015
10:56:58.485 [ForkJoinPool-1-worker-9] INFO  com.intuit.karate - [print] [
  "infoservice@cbs.nl",
  "infoservice@cbs.nl",
  "",
  "",
  ""
]

10:56:58.486 [ForkJoinPool-1-worker-9] INFO  com.intuit.karate - [print] organisation: [
  "Statistics Netherlands",
  "Statistics Netherlands",
  "PDOK"
]

10:56:58.490 [ForkJoinPool-1-worker-9] INFO  com.intuit.karate - [print] [
]

10:56:58.590 [ForkJoinPool-1-worker-7] INFO  com.intuit.karate - [print] title:Overstromingsrisicokaarten
10:56:58.590 [ForkJoinPool-1-worker-7] INFO  com.intuit.karate - [print] Overstromingsrisicokaarten
10:56:58.591 [ForkJoinPool-1-worker-7] INFO  com.intuit.karate - [print] [
  "inspire@gbo-provincies.nl",
  "inspire@gbo-provincies.nl",
  "inspire@gbo-provincies.nl"
]

10:56:58.591 [ForkJoinPool-1-worker-7] INFO  com.intuit.karate - [print] organisation: [
  "Interprovinciaal Overleg",
  "Interprovinciaal Overleg",
  "Interprovinciaal Overleg"
]

10:56:58.595 [ForkJoinPool-1-worker-7] INFO  com.intuit.karate - [print] [
  "http://nationaalgeoregister.nl/geonetwork/srv/dut/csw?SERVICE=CSW&version=2.0.2&REQUEST=GetRecordById&elementSetName=full&OutputSchema=http://www.isotc211.org/2005/gmd&ID=2daad588-11ef-47de-9832-6fe2c3b93e6d",
  "https://creativecommons.org/publicdomain/mark/*/deed.nl",
  ""
]

10:56:58.669 [ForkJoinPool-1-worker-11] INFO  com.intuit.karate - [print] title:Afvalinrichtingen inclusief nucleaire inrichtingen
10:56:58.670 [ForkJoinPool-1-worker-11] INFO  com.intuit.karate - [print] Afvalinrichtingen inclusief nucleaire inrichtingen
10:56:58.671 [ForkJoinPool-1-worker-11] INFO  com.intuit.karate - [print] [
  "inspire@gbo-provincies.nl",
  "inspire@gbo-provincies.nl",
  "inspire@gbo-provincies.nl"
]

10:56:58.672 [ForkJoinPool-1-worker-11] INFO  com.intuit.karate - [print] organisation: [
  "Interprovinciaal Overleg",
  "Interprovinciaal Overleg",
  "Interprovinciaal Overleg"
]

10:56:58.678 [ForkJoinPool-1-worker-11] INFO  com.intuit.karate - [print] [
  "http://nationaalgeoregister.nl/geonetwork/srv/dut/csw?SERVICE=CSW&version=2.0.2&REQUEST=GetRecordById&elementSetName=full&OutputSchema=http://www.isotc211.org/2005/gmd&ID=f5f68d51-2ca4-4897-8227-d3938b2b0a7e",
  "https://creativecommons.org/publicdomain/mark/*/deed.nl",
  ""
]

10:56:58.789 [ForkJoinPool-1-worker-13] INFO  com.intuit.karate - [print] title:Nationale Landschappen
10:56:58.790 [ForkJoinPool-1-worker-13] INFO  com.intuit.karate - [print] Nationale Landschappen
10:56:58.791 [ForkJoinPool-1-worker-13] INFO  com.intuit.karate - [print] [
  "inspire@gbo-provincies.nl",
  "inspire@gbo-provincies.nl",
  "inspire@gbo-provincies.nl"
]

10:56:58.793 [ForkJoinPool-1-worker-13] INFO  com.intuit.karate - [print] organisation: [
  "Interprovinciaal Overleg",
  "Interprovinciaal Overleg",
  "Interprovinciaal Overleg"
]

10:56:58.798 [ForkJoinPool-1-worker-13] INFO  com.intuit.karate - [print] [
  "http://www.opengis.net/def/crs/EPSG/0/http://www.opengis.net/def/crs/EPSG/0/3034",
  "http://nationaalgeoregister.nl/geonetwork/srv/dut/csw?SERVICE=CSW&version=2.0.2&REQUEST=GetRecordById&elementSetName=full&OutputSchema=http://www.isotc211.org/2005/gmd&ID=60a2a7c2-d5b3-4ad5-b562-c448695357fb",
  "https://creativecommons.org/publicdomain/mark/*/deed.nl",
  ""
]

10:56:58.829 [ForkJoinPool-1-worker-3] INFO  com.intuit.karate - [print] title:Stiltegebieden
10:56:58.830 [ForkJoinPool-1-worker-3] INFO  com.intuit.karate - [print] Stiltegebieden
10:56:58.831 [ForkJoinPool-1-worker-3] INFO  com.intuit.karate - [print] [
  "inspire@gbo-provincies.nl",
  "inspire@gbo-provincies.nl",
  "inspire@gbo-provincies.nl"
]

10:56:58.833 [ForkJoinPool-1-worker-3] INFO  com.intuit.karate - [print] organisation: [
  "Interprovinciaal Overleg",
  "Interprovinciaal Overleg",
  "Interprovinciaal Overleg"
]

10:56:58.837 [ForkJoinPool-1-worker-3] INFO  com.intuit.karate - [print] [
  "http://www.opengis.net/def/crs/EPSG/0/http://www.opengis.net/def/crs/EPSG/0/3034",
  "http://nationaalgeoregister.nl/geonetwork/srv/dut/csw?SERVICE=CSW&version=2.0.2&REQUEST=GetRecordById&elementSetName=full&OutputSchema=http://www.isotc211.org/2005/gmd&ID=cc408b2d-09a6-4b2b-9aa3-b46bfe2f00a5",
  "https://creativecommons.org/publicdomain/mark/*/deed.nl",
  ""
]

10:56:58.902 [ForkJoinPool-1-worker-5] INFO  com.intuit.karate - [print] title:Provinciale monumenten
10:56:58.902 [ForkJoinPool-1-worker-5] INFO  com.intuit.karate - [print] Provinciale monumenten
10:56:58.904 [ForkJoinPool-1-worker-5] INFO  com.intuit.karate - [print] [
  "inspire@gbo-provincies.nl",
  "inspire@gbo-provincies.nl",
  "inspire@gbo-provincies.nl"
]

10:56:58.906 [ForkJoinPool-1-worker-5] INFO  com.intuit.karate - [print] organisation: [
  "Interprovinciaal Overleg",
  "Interprovinciaal Overleg",
  "Interprovinciaal Overleg"
]

10:56:58.910 [ForkJoinPool-1-worker-5] INFO  com.intuit.karate - [print] [
  "http://www.opengis.net/def/crs/EPSG/0/http://www.opengis.net/def/crs/EPSG/0/3034",
  "http://nationaalgeoregister.nl/geonetwork/srv/dut/csw?SERVICE=CSW&version=2.0.2&REQUEST=GetRecordById&elementSetName=full&OutputSchema=http://www.isotc211.org/2005/gmd&ID=ca94a0cb-7561-4a10-a7d6-b840e56c33ff",
  "https://creativecommons.org/publicdomain/mark/*/deed.nl",
  ""
]

10:56:59.166 [ForkJoinPool-1-worker-9] INFO  com.intuit.karate - [print] title:Wet Ammoniak en Veehouderij gebieden
10:56:59.166 [ForkJoinPool-1-worker-9] INFO  com.intuit.karate - [print] Wet Ammoniak en Veehouderij gebieden
10:56:59.167 [ForkJoinPool-1-worker-9] INFO  com.intuit.karate - [print] [
  "inspire@gbo-provincies.nl",
  "inspire@gbo-provincies.nl",
  "inspire@gbo-provincies.nl"
]

10:56:59.169 [ForkJoinPool-1-worker-9] INFO  com.intuit.karate - [print] organisation: [
  "Interprovinciaal Overleg",
  "Interprovinciaal Overleg",
  "Interprovinciaal Overleg"
]

10:56:59.172 [ForkJoinPool-1-worker-9] INFO  com.intuit.karate - [print] [
  "http://www.opengis.net/def/crs/EPSG/0/http://www.opengis.net/def/crs/EPSG/0/3034",
  "http://nationaalgeoregister.nl/geonetwork/srv/dut/csw?SERVICE=CSW&version=2.0.2&REQUEST=GetRecordById&elementSetName=full&OutputSchema=http://www.isotc211.org/2005/gmd&ID=998ba1dc-f6a6-49a3-a021-51f30d9b1d0e",
  "https://creativecommons.org/publicdomain/mark/*/deed.nl",
  ""
]

10:56:59.232 [ForkJoinPool-1-worker-7] INFO  com.intuit.karate - [print] title:Beschermde gebieden - Provincies (INSPIRE geharmoniseerd)
10:56:59.232 [ForkJoinPool-1-worker-7] INFO  com.intuit.karate - [print] Beschermde gebieden - Provincies (INSPIRE geharmoniseerd)
10:56:59.233 [ForkJoinPool-1-worker-7] INFO  com.intuit.karate - [print] [
  "inspire@gbo-provincies.nl",
  "inspire@gbo-provincies.nl",
  "inspire@gbo-provincies.nl"
]

10:56:59.234 [ForkJoinPool-1-worker-7] INFO  com.intuit.karate - [print] organisation: [
  "Interprovinciaal Overleg",
  "Interprovinciaal Overleg",
  "Interprovinciaal Overleg"
]

10:56:59.238 [ForkJoinPool-1-worker-7] INFO  com.intuit.karate - [print] [
  "http://www.opengis.net/def/crs/EPSG/0/http://www.opengis.net/def/crs/EPSG/0/3034",
  "http://nationaalgeoregister.nl/geonetwork/srv/dut/csw?SERVICE=CSW&version=2.0.2&REQUEST=GetRecordById&elementSetName=full&OutputSchema=http://www.isotc211.org/2005/gmd&ID=49ab8bee-b467-486a-96ca-b950443c453a",
  "https://creativecommons.org/publicdomain/mark/*/deed.nl",
  ""
]

10:56:59.432 [ForkJoinPool-1-worker-11] INFO  com.intuit.karate - [print] title:NB-wetgebieden buiten Natura 2000
10:56:59.432 [ForkJoinPool-1-worker-11] INFO  com.intuit.karate - [print] NB-wetgebieden buiten Natura 2000
10:56:59.432 [ForkJoinPool-1-worker-11] INFO  com.intuit.karate - [print] [
  "inspire@gbo-provincies.nl",
  "inspire@gbo-provincies.nl",
  "inspire@gbo-provincies.nl"
]

10:56:59.434 [ForkJoinPool-1-worker-11] INFO  com.intuit.karate - [print] organisation: [
  "Interprovinciaal Overleg",
  "Interprovinciaal Overleg",
  "Interprovinciaal Overleg"
]

10:56:59.438 [ForkJoinPool-1-worker-11] INFO  com.intuit.karate - [print] [
  "http://www.opengis.net/def/crs/EPSG/0/http://www.opengis.net/def/crs/EPSG/0/3034",
  "http://nationaalgeoregister.nl/geonetwork/srv/dut/csw?SERVICE=CSW&version=2.0.2&REQUEST=GetRecordById&elementSetName=full&OutputSchema=http://www.isotc211.org/2005/gmd&ID=f0821bfe-5a0a-11e9-8647-d663bd873d93",
  "https://creativecommons.org/publicdomain/mark/*/deed.nl",
  ""
]

10:56:59.592 [ForkJoinPool-1-worker-13] INFO  com.intuit.karate - [print] title:Kaderrichtlijn Water - Stroomgebieddistricten Nederland EU2015
10:56:59.592 [ForkJoinPool-1-worker-13] INFO  com.intuit.karate - [print] Kaderrichtlijn Water - Stroomgebieddistricten Nederland EU2015
10:56:59.593 [ForkJoinPool-1-worker-13] INFO  com.intuit.karate - [print] [
  "servicedesk@ihw.nl",
  "servicedesk-data@rijkswaterstaat.nl",
  "",
  "servicedesk-data@rijkswaterstaat.nl",
  "servicedesk-data@rijkswaterstaat.nl"
]

10:56:59.594 [ForkJoinPool-1-worker-13] INFO  com.intuit.karate - [print] organisation: [
  "Informatiehuis Water",
  "Informatiehuis Water",
  "",
  "Rijkswaterstaat",
  "Rijkswaterstaat"
]

10:56:59.598 [ForkJoinPool-1-worker-13] INFO  com.intuit.karate - [print] [
  "https://www.nationaalgeoregister.nl/geonetwork/srv/dut/catalog.search#/metadata/10f9ec6-4464-462e-9765-83d90cefbeab",
  "http://rdfdata.eionet.europa.eu/inspirethemes/themes/24",
  "https://ngr.geocat.live/geonetwork/srv/eng/thesaurus.download?ref=external.theme.httpinspireeceuropaeumetadatacodelistPrioritydataset-Prioritydataset",
  "urn:ogc:def:crs:EPSG::5709"
]

10:56:59.670 [ForkJoinPool-1-worker-9] INFO  com.intuit.karate - [print] title:Overheidsdiensten
10:56:59.670 [ForkJoinPool-1-worker-9] INFO  com.intuit.karate - [print] Overheidsdiensten
10:56:59.671 [ForkJoinPool-1-worker-9] INFO  com.intuit.karate - [print] [
  "erik.simonse@kvk.nl",
  "erik.simonse@kvk.nl"
]

10:56:59.672 [ForkJoinPool-1-worker-9] INFO  com.intuit.karate - [print] organisation: [
  "Kamer van Koophandel",
  "Kamer van Koophandel"
]

10:56:59.721 [ForkJoinPool-1-worker-3] INFO  com.intuit.karate - [print] title:Kaderrichtlijn Water - Stroomgebieddistricten Nederland 2019 vlakken
10:56:59.722 [ForkJoinPool-1-worker-3] INFO  com.intuit.karate - [print] Kaderrichtlijn Water - Stroomgebieddistricten Nederland 2019 vlakken
10:56:59.723 [ForkJoinPool-1-worker-3] INFO  com.intuit.karate - [print] [
  "servicedesk-data@rijkswaterstaat.nl",
  "servicedesk-data@rijkswaterstaat.nl",
  "",
  "servicedesk-data@rijkswaterstaat.nl",
  "servicedesk-data@rijkswaterstaat.nl"
]

10:56:59.724 [ForkJoinPool-1-worker-3] INFO  com.intuit.karate - [print] organisation: [
  "Rijkswaterstaat",
  "Rijkswaterstaat",
  "",
  "Rijkswaterstaat",
  "Rijkswaterstaat"
]

10:56:59.730 [ForkJoinPool-1-worker-3] INFO  com.intuit.karate - [print] [
  "https://www.nationaalgeoregister.nl/geonetwork/srv/dut/catalog.search#/metadata/krw-f7bb2351-9788-42ea-a58b-a5ee1842304e",
  "http://rdfdata.eionet.europa.eu/inspirethemes/themes/24",
  "https://ngr.geocat.live/geonetwork/srv/eng/thesaurus.download?ref=external.theme.httpinspireeceuropaeumetadatacodelistPrioritydataset-Prioritydataset",
  "urn:ogc:def:crs:EPSG::5709"
]

10:56:59.808 [ForkJoinPool-1-worker-5] INFO  com.intuit.karate - [print] title:Territoriale Zee volgens UNCLOS - Noordzee
10:56:59.808 [ForkJoinPool-1-worker-5] INFO  com.intuit.karate - [print] Territoriale Zee volgens UNCLOS - Noordzee
10:56:59.809 [ForkJoinPool-1-worker-5] INFO  com.intuit.karate - [print] [
  "data@hydro.nl",
  "data@hydro.nl",
  "data@hydro.nl",
  "",
  ""
]

10:56:59.810 [ForkJoinPool-1-worker-5] INFO  com.intuit.karate - [print] organisation: [
  "Ministerie van Defensie, Koninklijke Marine, Dienst der Hydrografie",
  "Ministerie van Defensie, Koninklijke Marine, Dienst der Hydrografie",
  "Ministerie van Defensie, Koninklijke Marine, Dienst der Hydrografie"
]

10:56:59.814 [ForkJoinPool-1-worker-5] INFO  com.intuit.karate - [print] [
  "http://www.opengis.net/def/crs/EPSG/0/https://www.opengis.net/def/crs/EPSG/0/4258",
  "https://www.nationaalgeoregister.nl/geonetwork/srv/api/recordsbb11be63-bd38-4632-bf54-df44c423a529"
]

10:57:00.104 [ForkJoinPool-1-worker-7] INFO  com.intuit.karate - [print] title:Aansluitende zone volgens UNCLOS - Noordzee
10:57:00.104 [ForkJoinPool-1-worker-7] INFO  com.intuit.karate - [print] Aansluitende zone volgens UNCLOS - Noordzee
10:57:00.105 [ForkJoinPool-1-worker-7] INFO  com.intuit.karate - [print] [
  "data@hydro.nl",
  "data@hydro.nl",
  "data@hydro.nl",
  "",
  ""
]

10:57:00.106 [ForkJoinPool-1-worker-7] INFO  com.intuit.karate - [print] organisation: [
  "Ministerie van Defensie, Koninklijke Marine, Dienst der Hydrografie",
  "Ministerie van Defensie, Koninklijke Marine, Dienst der Hydrografie",
  "Ministerie van Defensie, Koninklijke Marine, Dienst der Hydrografie"
]

10:57:00.110 [ForkJoinPool-1-worker-7] INFO  com.intuit.karate - [print] [
  "http://www.opengis.net/def/crs/EPSG/0/https://www.opengis.net/def/crs/EPSG/0/4258",
  "https://www.nationaalgeoregister.nl/geonetwork/srv/api/records4cda487b-c467-490c-a843-6563fec016be"
]

10:57:00.302 [ForkJoinPool-1-worker-11] INFO  com.intuit.karate - [print] title:Richtlijn Stedelijk Afvalwater - rioolwaterzuiveringsinstallaties Nederland EU2015
10:57:00.302 [ForkJoinPool-1-worker-11] INFO  com.intuit.karate - [print] Richtlijn Stedelijk Afvalwater - rioolwaterzuiveringsinstallaties Nederland EU2015
10:57:00.303 [ForkJoinPool-1-worker-11] INFO  com.intuit.karate - [print] [
  "servicedesk-data@rijkswaterstaat.nl",
  "servicedesk-data@rijkswaterstaat.nl",
  "",
  "servicedesk-data@rijkswaterstaat.nl",
  "servicedesk-data@rijkswaterstaat.nl"
]

10:57:00.303 [ForkJoinPool-1-worker-11] INFO  com.intuit.karate - [print] organisation: [
  "Rijkswaterstaat",
  "Rijkswaterstaat",
  "",
  "Rijkswaterstaat",
  "Rijkswaterstaat"
]

10:57:00.307 [ForkJoinPool-1-worker-11] INFO  com.intuit.karate - [print] [
  "https://www.nationaalgeoregister.nl/geonetwork/srv/dut/catalog.search#/metadata/uwwtd-9d8e-4758-83fa-28b057f185e3",
  "http://rdfdata.eionet.europa.eu/inspirethemes/themes/24",
  "https://ngr.geocat.live/geonetwork/srv/eng/thesaurus.download?ref=external.theme.httpinspireeceuropaeumetadatacodelistPrioritydataset-Prioritydataset",
  "urn:ogc:def:crs:EPSG::5709"
]

10:57:00.394 [ForkJoinPool-1-worker-9] INFO  com.intuit.karate - [print] title:Gebiedsbeheer, gebieden waar beperkingen gelden, gereguleerde gebieden en rapportage-eenheden - Provincies (INSPIRE geharmoniseerd)
10:57:00.394 [ForkJoinPool-1-worker-9] INFO  com.intuit.karate - [print] Gebiedsbeheer, gebieden waar beperkingen gelden, gereguleerde gebieden en rapportage-eenheden - Provincies (INSPIRE geharmoniseerd)
10:57:00.395 [ForkJoinPool-1-worker-9] INFO  com.intuit.karate - [print] [
  "inspire@gbo-provincies.nl",
  "inspire@gbo-provincies.nl",
  "inspire@gbo-provincies.nl"
]

10:57:00.397 [ForkJoinPool-1-worker-9] INFO  com.intuit.karate - [print] organisation: [
  "Interprovinciaal Overleg",
  "Interprovinciaal Overleg",
  "Interprovinciaal Overleg"
]

10:57:00.401 [ForkJoinPool-1-worker-9] INFO  com.intuit.karate - [print] [
  "http://www.opengis.net/def/crs/EPSG/0/http://www.opengis.net/def/crs/EPSG/0/3034",
  "http://nationaalgeoregister.nl/geonetwork/srv/dut/csw?SERVICE=CSW&version=2.0.2&REQUEST=GetRecordById&elementSetName=full&OutputSchema=http://www.isotc211.org/2005/gmd&ID=0f128799-cf18-4b37-a721-e62b068191f5",
  "https://creativecommons.org/publicdomain/mark/*/deed.nl",
  ""
]

10:57:00.440 [ForkJoinPool-1-worker-13] INFO  com.intuit.karate - [print] title:Gebouwen
10:57:00.440 [ForkJoinPool-1-worker-13] INFO  com.intuit.karate - [print] Gebouwen
10:57:00.442 [ForkJoinPool-1-worker-13] INFO  com.intuit.karate - [print] [
  "PPB-GVA@kadaster.nl",
  "kcc@kadaster.nl",
  "kcc@kadaster.nl"
]

10:57:00.443 [ForkJoinPool-1-worker-13] INFO  com.intuit.karate - [print] organisation: [
  "Kadaster",
  "Kadaster",
  "Kadaster"
]

10:57:00.446 [ForkJoinPool-1-worker-13] INFO  com.intuit.karate - [print] [
  "http://kadaster/79a1c01b-21ad-43e8-a5c2-23e3eeb95be2",
  ""
]

10:57:00.574 [ForkJoinPool-1-worker-3] INFO  com.intuit.karate - [print] title:Zwemwaterkwaliteit (provinciaal en Rijkswateren) uit {Zwemwaterregister}
10:57:00.574 [ForkJoinPool-1-worker-3] INFO  com.intuit.karate - [print] Zwemwaterkwaliteit (provinciaal en Rijkswateren) uit {Zwemwaterregister}
10:57:00.574 [ForkJoinPool-1-worker-3] INFO  com.intuit.karate - [print] [
  "inspire@gbo-provincies.nl",
  "inspire@gbo-provincies.nl",
  "inspire@gbo-provincies.nl"
]

10:57:00.575 [ForkJoinPool-1-worker-3] INFO  com.intuit.karate - [print] organisation: [
  "Interprovinciaal Overleg",
  "Interprovinciaal Overleg",
  "Interprovinciaal Overleg"
]

10:57:00.580 [ForkJoinPool-1-worker-3] INFO  com.intuit.karate - [print] [
  "http://nationaalgeoregister.nl/geonetwork/srv/dut/csw?SERVICE=CSW&version=2.0.2&REQUEST=GetRecordById&elementSetName=full&OutputSchema=http://www.isotc211.org/2005/gmd&ID=df5ee213-e1bd-433b-80f7-4ea20f493ca8",
  "https://creativecommons.org/publicdomain/mark/*/deed.nl",
  ""
]

10:57:00.716 [ForkJoinPool-1-worker-5] INFO  com.intuit.karate - [print] title:Wijk- en Buurtkaart 2016 versie 3
10:57:00.716 [ForkJoinPool-1-worker-5] INFO  com.intuit.karate - [print] Wijk- en Buurtkaart 2016 versie 3
10:57:00.717 [ForkJoinPool-1-worker-5] INFO  com.intuit.karate - [print] [
  "infoservice@cbs.nl",
  "infoservice@cbs.nl",
  "infoservice@cbs.nl",
  "",
  ""
]

10:57:00.718 [ForkJoinPool-1-worker-5] INFO  com.intuit.karate - [print] organisation: [
  "Centraal Bureau voor de Statistiek",
  "Centraal Bureau voor de Statistiek",
  "Centraal Bureau voor de Statistiek",
  "Kadaster"
]

10:57:00.722 [ForkJoinPool-1-worker-5] INFO  com.intuit.karate - [print] [
  ""
]

10:57:00.743 [ForkJoinPool-1-worker-7] INFO  com.intuit.karate - [print] title:Habitatrichtlijn verspreiding van soorten
10:57:00.743 [ForkJoinPool-1-worker-7] INFO  com.intuit.karate - [print] Habitatrichtlijn verspreiding van soorten
10:57:00.744 [ForkJoinPool-1-worker-7] INFO  com.intuit.karate - [print] [
  "geodatabeheer.giscc@rvo.nl",
  "GeoDesk.CGI@wur.nl",
  "geodatabeheer.giscc@rvo.nl",
  "beheerPDOK@kadaster.nl",
  "",
  "",
  ""
]

10:57:00.745 [ForkJoinPool-1-worker-7] INFO  com.intuit.karate - [print] organisation: [
  "Wageningen Environmental Research (Alterra)",
  "PDOK",
  "CBS",
  "Natuurloket",
  "PGO's"
]

10:57:00.749 [ForkJoinPool-1-worker-7] INFO  com.intuit.karate - [print] [
  "https://www.nationaalgeoregister.nl/geonetwork/srv/dut/catalog.search#/metadata/28c4780a-1a44-4376-b283-14a50a481729"
]

10:57:00.924 [ForkJoinPool-1-worker-11] INFO  com.intuit.karate - [print] title:Wijk- en Buurtkaart 2018 versie 2
10:57:00.925 [ForkJoinPool-1-worker-11] INFO  com.intuit.karate - [print] Wijk- en Buurtkaart 2018 versie 2
10:57:00.926 [ForkJoinPool-1-worker-11] INFO  com.intuit.karate - [print] [
  "infoservice@cbs.nl",
  "infoservice@cbs.nl",
  "infoservice@cbs.nl",
  "",
  ""
]

10:57:00.928 [ForkJoinPool-1-worker-11] INFO  com.intuit.karate - [print] organisation: [
  "Centraal Bureau voor de Statistiek",
  "Centraal Bureau voor de Statistiek",
  "Centraal Bureau voor de Statistiek",
  "Kadaster"
]

10:57:00.933 [ForkJoinPool-1-worker-11] INFO  com.intuit.karate - [print] [
  ""
]

10:57:01.027 [ForkJoinPool-1-worker-9] INFO  com.intuit.karate - [print] title:Bestand Bodemgebruik 2015
10:57:01.027 [ForkJoinPool-1-worker-9] INFO  com.intuit.karate - [print] Bestand Bodemgebruik 2015
10:57:01.029 [ForkJoinPool-1-worker-9] INFO  com.intuit.karate - [print] [
  "infoservice@cbs.nl",
  "infoservice@cbs.nl",
  "",
  "",
  ""
]

10:57:01.030 [ForkJoinPool-1-worker-9] INFO  com.intuit.karate - [print] organisation: [
  "Centraal Bureau voor de Statistiek",
  "Centraal Bureau voor de Statistiek",
  "PDOK"
]

10:57:01.033 [ForkJoinPool-1-worker-9] INFO  com.intuit.karate - [print] [
  "http://geodata.nationaalgeoregister.nl/bestandbodemgebruik2015/extract/bestandbodemgebruik2015.zip"
]

10:57:01.068 [ForkJoinPool-1-worker-13] INFO  com.intuit.karate - [print] title:Menselijke gezondheid en veiligheid - geluidbelasting rijkswegen 2016 (INSPIRE geharmoniseerd)
10:57:01.070 [ForkJoinPool-1-worker-13] INFO  com.intuit.karate - [print] Menselijke gezondheid en veiligheid - geluidbelasting rijkswegen 2016 (INSPIRE geharmoniseerd)
10:57:01.071 [ForkJoinPool-1-worker-13] INFO  com.intuit.karate - [print] [
  "servicedesk-data@rijkswaterstaat.nl",
  "servicedesk-data@rijkswaterstaat.nl",
  "",
  "servicedesk-data@rijkswaterstaat.nl",
  "info@wetransform.to"
]

10:57:01.073 [ForkJoinPool-1-worker-13] INFO  com.intuit.karate - [print] organisation: [
  "Rijkswaterstaat",
  "Rijkswaterstaat",
  "",
  "Rijkswaterstaat",
  "Wetransform"
]

10:57:01.078 [ForkJoinPool-1-worker-13] INFO  com.intuit.karate - [print] [
  "https://www.nationaalgeoregister.nl/geonetwork/srv/dut/catalog.search#/metadata/wt-83730-e750-485a-9c0c-39bf9be72cf8",
  "http://rdfdata.eionet.europa.eu/inspirethemes/themes/18",
  "https://ngr.geocat.live/geonetwork/srv/eng/thesaurus.download?ref=external.theme.httpinspireeceuropaeumetadatacodelistPrioritydataset-Prioritydataset"
]

10:57:01.216 [ForkJoinPool-1-worker-3] INFO  com.intuit.karate - [print] title:Zwemwater (provinciaal en Rijkswateren) uit {Zwemwaterregister}
10:57:01.217 [ForkJoinPool-1-worker-3] INFO  com.intuit.karate - [print] Zwemwater (provinciaal en Rijkswateren) uit {Zwemwaterregister}
10:57:01.219 [ForkJoinPool-1-worker-3] INFO  com.intuit.karate - [print] [
  "inspire@gbo-provincies.nl",
  "inspire@gbo-provincies.nl",
  "inspire@gbo-provincies.nl"
]

10:57:01.227 [ForkJoinPool-1-worker-3] INFO  com.intuit.karate - [print] organisation: [
  "Interprovinciaal Overleg",
  "Interprovinciaal Overleg",
  "Interprovinciaal Overleg"
]

10:57:01.234 [ForkJoinPool-1-worker-3] INFO  com.intuit.karate - [print] [
  "http://www.opengis.net/def/crs/EPSG/0/http://www.opengis.net/def/crs/EPSG/0/3034",
  "http://nationaalgeoregister.nl/geonetwork/srv/dut/csw?SERVICE=CSW&version=2.0.2&REQUEST=GetRecordById&elementSetName=full&OutputSchema=http://www.isotc211.org/2005/gmd&ID=c829abeb-bfac-4224-8332-e7a9a89e692e",
  "https://creativecommons.org/publicdomain/mark/*/deed.nl",
  ""
]

10:57:01.342 [ForkJoinPool-1-worker-5] INFO  com.intuit.karate - [print] title:Geluidszones rondom vliegvelden
10:57:01.342 [ForkJoinPool-1-worker-5] INFO  com.intuit.karate - [print] Geluidszones rondom vliegvelden
10:57:01.343 [ForkJoinPool-1-worker-5] INFO  com.intuit.karate - [print] [
  "inspire@gbo-provincies.nl",
  "inspire@gbo-provincies.nl",
  "inspire@gbo-provincies.nl"
]

10:57:01.344 [ForkJoinPool-1-worker-5] INFO  com.intuit.karate - [print] organisation: [
  "Interprovinciaal Overleg",
  "Interprovinciaal Overleg",
  "Interprovinciaal Overleg"
]

10:57:01.347 [ForkJoinPool-1-worker-5] INFO  com.intuit.karate - [print] [
  "http://www.opengis.net/def/crs/EPSG/0/http://www.opengis.net/def/crs/EPSG/0/3034",
  "http://nationaalgeoregister.nl/geonetwork/srv/dut/csw?SERVICE=CSW&version=2.0.2&REQUEST=GetRecordById&elementSetName=full&OutputSchema=http://www.isotc211.org/2005/gmd&ID=41023936-009d-48ec-a90d-c966895463c1",
  "https://creativecommons.org/publicdomain/mark/*/deed.nl",
  ""
]

10:57:01.392 [ForkJoinPool-1-worker-7] INFO  com.intuit.karate - [print] title:Menselijke gezondheid en veiligheid - geluidbelasting rijkswegen 2011 (INSPIRE geharmoniseerd)
10:57:01.392 [ForkJoinPool-1-worker-7] INFO  com.intuit.karate - [print] Menselijke gezondheid en veiligheid - geluidbelasting rijkswegen 2011 (INSPIRE geharmoniseerd)
10:57:01.393 [ForkJoinPool-1-worker-7] INFO  com.intuit.karate - [print] [
  "servicedesk-data@rijkswaterstaat.nl",
  "servicedesk-data@rijkswaterstaat.nl",
  "",
  "servicedesk-data@rijkswaterstaat.nl",
  "info@wetransform.to"
]

10:57:01.395 [ForkJoinPool-1-worker-7] INFO  com.intuit.karate - [print] organisation: [
  "Rijkswaterstaat",
  "Rijkswaterstaat",
  "",
  "Rijkswaterstaat",
  "Wetransform"
]

10:57:01.399 [ForkJoinPool-1-worker-7] INFO  com.intuit.karate - [print] [
  "https://www.nationaalgeoregister.nl/geonetwork/srv/dut/catalog.search#/metadata/wt-f5eb-b09f-4f6d-8397-8878a1b86238",
  "http://rdfdata.eionet.europa.eu/inspirethemes/themes/18",
  "https://ngr.geocat.live/geonetwork/srv/eng/thesaurus.download?ref=external.theme.httpinspireeceuropaeumetadatacodelistPrioritydataset-Prioritydataset"
]

10:57:01.600 [ForkJoinPool-1-worker-11] INFO  com.intuit.karate - [print] title:Menselijke gezondheid en veiligheid -  geluidbelasting rijkswegen 2006 (INSPIRE geharmoniseerd)
10:57:01.600 [ForkJoinPool-1-worker-11] INFO  com.intuit.karate - [print] Menselijke gezondheid en veiligheid -  geluidbelasting rijkswegen 2006 (INSPIRE geharmoniseerd)
10:57:01.601 [ForkJoinPool-1-worker-11] INFO  com.intuit.karate - [print] [
  "servicedesk-data@rijkswaterstaat.nl",
  "servicedesk-data@rijkswaterstaat.nl",
  "",
  "servicedesk-data@rijkswaterstaat.nl",
  "info@wetransform.to"
]

10:57:01.602 [ForkJoinPool-1-worker-11] INFO  com.intuit.karate - [print] organisation: [
  "Rijkswaterstaat",
  "Rijkswaterstaat",
  "",
  "Rijkswaterstaat",
  "Wetransform"
]

10:57:01.605 [ForkJoinPool-1-worker-11] INFO  com.intuit.karate - [print] [
  "https://www.nationaalgeoregister.nl/geonetwork/srv/dut/catalog.search#/metadata/wt-3730-e750-485a-9c0c-39bf9be72cf9",
  "http://rdfdata.eionet.europa.eu/inspirethemes/themes/18",
  "https://ngr.geocat.live/geonetwork/srv/eng/thesaurus.download?ref=external.theme.httpinspireeceuropaeumetadatacodelistPrioritydataset-Prioritydataset"
]

10:57:01.619 [ForkJoinPool-1-worker-9] INFO  com.intuit.karate - [print] title:Natuurnetwerk Nederland
10:57:01.623 [ForkJoinPool-1-worker-9] INFO  com.intuit.karate - [print] Natuurnetwerk Nederland
10:57:01.623 [ForkJoinPool-1-worker-9] INFO  com.intuit.karate - [print] [
  "inspire@gbo-provincies.nl",
  "inspire@gbo-provincies.nl",
  "inspire@gbo-provincies.nl"
]

10:57:01.624 [ForkJoinPool-1-worker-9] INFO  com.intuit.karate - [print] organisation: [
  "Interprovinciaal Overleg",
  "Interprovinciaal Overleg",
  "Interprovinciaal Overleg"
]

10:57:01.630 [ForkJoinPool-1-worker-9] INFO  com.intuit.karate - [print] [
  "http://www.opengis.net/def/crs/EPSG/0/http://www.opengis.net/def/crs/EPSG/0/3034",
  "http://nationaalgeoregister.nl/geonetwork/srv/dut/csw?SERVICE=CSW&version=2.0.2&REQUEST=GetRecordById&elementSetName=full&OutputSchema=http://www.isotc211.org/2005/gmd&ID=c7d8d77b-8c47-4309-8c58-9b12b086407f",
  "https://creativecommons.org/publicdomain/mark/*/deed.nl",
  ""
]

10:57:01.753 [ForkJoinPool-1-worker-13] INFO  com.intuit.karate - [print] title:Totale potentie aardwarmte uit aquifers, INSPIRE
10:57:01.754 [ForkJoinPool-1-worker-13] INFO  com.intuit.karate - [print] Totale potentie aardwarmte uit aquifers, INSPIRE
10:57:01.754 [ForkJoinPool-1-worker-13] INFO  com.intuit.karate - [print] [
  "info@dinoloket.nl",
  "info@dinoloket.nl",
  "info@dinoloket.nl"
]

10:57:01.755 [ForkJoinPool-1-worker-13] INFO  com.intuit.karate - [print] organisation: [
  "TNO Geologische Dienst Nederland",
  "TNO Geologische Dienst Nederland",
  "TNO Geologische Dienst Nederland"
]

10:57:01.758 [ForkJoinPool-1-worker-13] INFO  com.intuit.karate - [print] [
  "https://nationaalgeoregister.nl/geonetwork/srv/resources052a3480-1031-4d29-ba55-01672e2c50d9"
]

10:57:01.872 [ForkJoinPool-1-worker-3] INFO  com.intuit.karate - [print] title:Kaderrichtlijn Water - Oppervlaktewaterlichamen Nederland EU2009 vlakken
10:57:01.872 [ForkJoinPool-1-worker-3] INFO  com.intuit.karate - [print] Kaderrichtlijn Water - Oppervlaktewaterlichamen Nederland EU2009 vlakken
10:57:01.873 [ForkJoinPool-1-worker-3] INFO  com.intuit.karate - [print] [
  "servicedesk-data@rijkswaterstaat.nl",
  "servicedesk-data@rijkswaterstaat.nl",
  "",
  "servicedesk-data@rijkswaterstaat.nl",
  "servicedesk-data@rijkswaterstaat.nl"
]

10:57:01.875 [ForkJoinPool-1-worker-3] INFO  com.intuit.karate - [print] organisation: [
  "Rijkswaterstaat",
  "Rijkswaterstaat",
  "",
  "Rijkswaterstaat",
  "Rijkswaterstaat"
]

10:57:01.879 [ForkJoinPool-1-worker-3] INFO  com.intuit.karate - [print] [
  "https://www.nationaalgeoregister.nl/geonetwork/srv/dut/catalog.search#/metadata/krw2006-68b5-4ff3-94a4-9c24109ffd5e",
  "http://rdfdata.eionet.europa.eu/inspirethemes/themes/24",
  "https://ngr.geocat.live/geonetwork/srv/eng/thesaurus.download?ref=external.theme.httpinspireeceuropaeumetadatacodelistPrioritydataset-Prioritydataset",
  "urn:ogc:def:crs:EPSG::5709"
]

10:57:01.929 [ForkJoinPool-1-worker-5] INFO  com.intuit.karate - [print] title:Kaderrichtlijn Water - Oppervlaktewaterlichamen Nederland 2019 vlakken
10:57:01.929 [ForkJoinPool-1-worker-5] INFO  com.intuit.karate - [print] Kaderrichtlijn Water - Oppervlaktewaterlichamen Nederland 2019 vlakken
10:57:01.930 [ForkJoinPool-1-worker-5] INFO  com.intuit.karate - [print] [
  "servicedesk-data@rijkswaterstaat.nl",
  "servicedesk-data@rijkswaterstaat.nl",
  "",
  "servicedesk-data@rijkswaterstaat.nl",
  "servicedesk-data@rijkswaterstaat.nl"
]

10:57:01.932 [ForkJoinPool-1-worker-5] INFO  com.intuit.karate - [print] organisation: [
  "Rijkswaterstaat",
  "Rijkswaterstaat",
  "",
  "Rijkswaterstaat",
  "Rijkswaterstaat"
]

10:57:01.938 [ForkJoinPool-1-worker-5] INFO  com.intuit.karate - [print] [
  "https://www.nationaalgeoregister.nl/geonetwork/srv/dut/catalog.search#/metadata/2e31680f-68b5-4ff3-94a4-9c24109ffd5e",
  "http://rdfdata.eionet.europa.eu/inspirethemes/themes/24",
  "https://ngr.geocat.live/geonetwork/srv/eng/thesaurus.download?ref=external.theme.httpinspireeceuropaeumetadatacodelistPrioritydataset-Prioritydataset",
  "urn:ogc:def:crs:EPSG::5709"
]

10:57:02.012 [ForkJoinPool-1-worker-7] INFO  com.intuit.karate - [print] title:Kaderrichtlijn Water - Oppervlaktewaterlichamen Nederland 2019 lijnen
10:57:02.013 [ForkJoinPool-1-worker-7] INFO  com.intuit.karate - [print] Kaderrichtlijn Water - Oppervlaktewaterlichamen Nederland 2019 lijnen
10:57:02.013 [ForkJoinPool-1-worker-7] INFO  com.intuit.karate - [print] [
  "servicedesk-data@rijkswaterstaat.nl",
  "servicedesk-data@rijkswaterstaat.nl",
  "",
  "servicedesk-data@rijkswaterstaat.nl",
  "servicedesk-data@rijkswaterstaat.nl"
]

10:57:02.014 [ForkJoinPool-1-worker-7] INFO  com.intuit.karate - [print] organisation: [
  "Rijkswaterstaat",
  "Rijkswaterstaat",
  "",
  "Rijkswaterstaat",
  "Rijkswaterstaat"
]

10:57:02.017 [ForkJoinPool-1-worker-7] INFO  com.intuit.karate - [print] [
  "https://www.nationaalgeoregister.nl/geonetwork/srv/dut/catalog.search#/metadata/622a632a-c57b-44a2-83a4-e51223d5f15g",
  "http://rdfdata.eionet.europa.eu/inspirethemes/themes/24",
  "https://ngr.geocat.live/geonetwork/srv/eng/thesaurus.download?ref=external.theme.httpinspireeceuropaeumetadatacodelistPrioritydataset-Prioritydataset",
  "urn:ogc:def:crs:EPSG::5709"
]

10:57:02.292 [ForkJoinPool-1-worker-11] INFO  com.intuit.karate - [print] title:Nationaal Hydrologisch Instrumentarium (NHI) - netwerkschematisatie
10:57:02.292 [ForkJoinPool-1-worker-11] INFO  com.intuit.karate - [print] Nationaal Hydrologisch Instrumentarium (NHI) - netwerkschematisatie
10:57:02.293 [ForkJoinPool-1-worker-11] INFO  com.intuit.karate - [print] [
  "servicedesk-data@rijkswaterstaat.nl",
  "servicedesk-data@rijkswaterstaat.nl",
  "",
  "servicedesk-data@rijkswaterstaat.nl",
  "servicedesk-data@rijkswaterstaat.nl"
]

10:57:02.294 [ForkJoinPool-1-worker-11] INFO  com.intuit.karate - [print] organisation: [
  "Rijkswaterstaat",
  "Rijkswaterstaat",
  "",
  "Rijkswaterstaat",
  "Rijkswaterstaat"
]

10:57:02.297 [ForkJoinPool-1-worker-11] INFO  com.intuit.karate - [print] [
  "https://www.nationaalgeoregister.nl/geonetwork/srv/dut/catalog.search#/metadata/710c381c-ab2d-45d5-a45d-af2eba811e5f",
  "http://rdfdata.eionet.europa.eu/inspirethemes/themes/8",
  "urn:ogc:def:crs:EPSG::5709"
]

10:57:02.347 [ForkJoinPool-1-worker-9] INFO  com.intuit.karate - [print] title:Aardkundige waarden
10:57:02.347 [ForkJoinPool-1-worker-9] INFO  com.intuit.karate - [print] Aardkundige waarden
10:57:02.347 [ForkJoinPool-1-worker-9] INFO  com.intuit.karate - [print] [
  "inspire@gbo-provincies.nl",
  "inspire@gbo-provincies.nl",
  "inspire@gbo-provincies.nl"
]

10:57:02.348 [ForkJoinPool-1-worker-9] INFO  com.intuit.karate - [print] organisation: [
  "Interprovinciaal Overleg",
  "Interprovinciaal Overleg",
  "Interprovinciaal Overleg"
]

10:57:02.351 [ForkJoinPool-1-worker-9] INFO  com.intuit.karate - [print] [
  "http://www.opengis.net/def/crs/EPSG/0/http://www.opengis.net/def/crs/EPSG/0/3034",
  "http://nationaalgeoregister.nl/geonetwork/srv/dut/csw?SERVICE=CSW&version=2.0.2&REQUEST=GetRecordById&elementSetName=full&OutputSchema=http://www.isotc211.org/2005/gmd&ID=f002bfc5-7d87-46b6-819e-8415422b65c9",
  "https://creativecommons.org/publicdomain/mark/*/deed.nl",
  ""
]

10:57:02.422 [ForkJoinPool-1-worker-13] INFO  com.intuit.karate - [print] title:Kaderrichtlijn Water - Oppervlaktewaterlichamen Nederland EU2015 vlakken
10:57:02.423 [ForkJoinPool-1-worker-13] INFO  com.intuit.karate - [print] Kaderrichtlijn Water - Oppervlaktewaterlichamen Nederland EU2015 vlakken
10:57:02.424 [ForkJoinPool-1-worker-13] INFO  com.intuit.karate - [print] [
  "servicedesk@ihw.nl",
  "servicedesk-data@rijkswaterstaat.nl",
  "",
  "servicedesk-data@rijkswaterstaat.nl",
  "servicedesk@ihw.nl"
]

10:57:02.426 [ForkJoinPool-1-worker-13] INFO  com.intuit.karate - [print] organisation: [
  "Informatiehuis Water",
  "Informatiehuis Water",
  "",
  "Rijkswaterstaat",
  "Informatiehuis Water"
]

10:57:02.429 [ForkJoinPool-1-worker-13] INFO  com.intuit.karate - [print] [
  "https://www.nationaalgeoregister.nl/geonetwork/srv/dut/catalog.search#/metadata/110f9ec6-4464-462e-9765-83d90cefbead",
  "http://rdfdata.eionet.europa.eu/inspirethemes/themes/24",
  "https://ngr.geocat.live/geonetwork/srv/eng/thesaurus.download?ref=external.theme.httpinspireeceuropaeumetadatacodelistPrioritydataset-Prioritydataset"
]

10:57:02.618 [ForkJoinPool-1-worker-3] INFO  com.intuit.karate - [print] title:Kaderrichtlijn Water - Oppervlaktewaterlichamen Nederland EU2015 lijnen
10:57:02.618 [ForkJoinPool-1-worker-3] INFO  com.intuit.karate - [print] Kaderrichtlijn Water - Oppervlaktewaterlichamen Nederland EU2015 lijnen
10:57:02.619 [ForkJoinPool-1-worker-3] INFO  com.intuit.karate - [print] [
  "servicedesk@ihw.nl",
  "servicedesk@ihw.nl",
  "",
  "servicedesk-data@rijkswaterstaat.nl",
  "servicedesk@ihw.nl"
]

10:57:02.620 [ForkJoinPool-1-worker-3] INFO  com.intuit.karate - [print] organisation: [
  "Informatiehuis Water",
  "Informatiehuis Water",
  "",
  "Rijkswaterstaat",
  "Informatiehuis Water"
]

10:57:02.623 [ForkJoinPool-1-worker-3] INFO  com.intuit.karate - [print] [
  "https://www.nationaalgeoregister.nl/geonetwork/srv/dut/catalog.search#/metadata/110f9ec6-4464-462e-9765-83d90cefbeag",
  "http://rdfdata.eionet.europa.eu/inspirethemes/themes/24",
  "https://ngr.geocat.live/geonetwork/srv/eng/thesaurus.download?ref=external.theme.httpinspireeceuropaeumetadatacodelistPrioritydataset-Prioritydataset",
  "urn:ogc:def:crs:EPSG::5709"
]

10:57:02.636 [ForkJoinPool-1-worker-5] INFO  com.intuit.karate - [print] title:Kaderrichtlijn Water - Oppervlaktewaterlichamen Nederland EU2009 lijnen
10:57:02.636 [ForkJoinPool-1-worker-5] INFO  com.intuit.karate - [print] Kaderrichtlijn Water - Oppervlaktewaterlichamen Nederland EU2009 lijnen
10:57:02.637 [ForkJoinPool-1-worker-5] INFO  com.intuit.karate - [print] [
  "servicedesk-data@rijkswaterstaat.nl",
  "servicedesk-data@rijkswaterstaat.nl",
  "",
  "servicedesk-data@rijkswaterstaat.nl",
  "servicedesk-data@rijkswaterstaat.nl"
]

10:57:02.637 [ForkJoinPool-1-worker-5] INFO  com.intuit.karate - [print] organisation: [
  "Rijkswaterstaat",
  "Rijkswaterstaat",
  "",
  "Rijkswaterstaat",
  "Rijkswaterstaat"
]

10:57:02.643 [ForkJoinPool-1-worker-5] INFO  com.intuit.karate - [print] [
  "https://www.nationaalgeoregister.nl/geonetwork/srv/dut/catalog.search#/metadata/krw2006-c57b-44a2-83a4-e51223d5f15g",
  "http://rdfdata.eionet.europa.eu/inspirethemes/themes/24",
  "https://ngr.geocat.live/geonetwork/srv/eng/thesaurus.download?ref=external.theme.httpinspireeceuropaeumetadatacodelistPrioritydataset-Prioritydataset",
  "urn:ogc:def:crs:EPSG::5709"
]

10:57:02.707 [ForkJoinPool-1-worker-7] INFO  com.intuit.karate - [print] title:Kaderrichtlijn Water - Deelstroomgebieden Nederland EU2015
10:57:02.707 [ForkJoinPool-1-worker-7] INFO  com.intuit.karate - [print] Kaderrichtlijn Water - Deelstroomgebieden Nederland EU2015
10:57:02.708 [ForkJoinPool-1-worker-7] INFO  com.intuit.karate - [print] [
  "servicedesk@ihw.nl",
  "servicedesk@ihw.nl",
  "",
  "servicedesk-data@rijkswaterstaat.nl",
  "servicedesk-data@rijkswaterstaat.nl"
]

10:57:02.712 [ForkJoinPool-1-worker-7] INFO  com.intuit.karate - [print] organisation: [
  "Informatiehuis Water",
  "Informatiehuis Water",
  "",
  "Rijkswaterstaat",
  "Rijkswaterstaat"
]

10:57:02.716 [ForkJoinPool-1-worker-7] INFO  com.intuit.karate - [print] [
  "https://www.nationaalgeoregister.nl/geonetwork/srv/dut/catalog.search#/metadata/110f9ec6-4464-462e-9765-83d90cefbeac",
  "http://rdfdata.eionet.europa.eu/inspirethemes/themes/24",
  "https://ngr.geocat.live/geonetwork/srv/eng/thesaurus.download?ref=external.theme.httpinspireeceuropaeumetadatacodelistPrioritydataset-Prioritydataset"
]

10:57:02.860 [ForkJoinPool-1-worker-11] INFO  com.intuit.karate - [print] title:Kaderrichtlijn Water - Deelstroomgebieden Nederland 2019 vlakken
10:57:02.860 [ForkJoinPool-1-worker-11] INFO  com.intuit.karate - [print] Kaderrichtlijn Water - Deelstroomgebieden Nederland 2019 vlakken
10:57:02.861 [ForkJoinPool-1-worker-11] INFO  com.intuit.karate - [print] [
  "servicedesk-data@rijkswaterstaat.nl",
  "servicedesk-data@rijkswaterstaat.nl",
  "",
  "servicedesk-data@rijkswaterstaat.nl",
  "servicedesk-data@rijkswaterstaat.nl"
]

10:57:02.862 [ForkJoinPool-1-worker-11] INFO  com.intuit.karate - [print] organisation: [
  "Rijkswaterstaat",
  "Rijkswaterstaat",
  "",
  "Rijkswaterstaat",
  "Rijkswaterstaat"
]

10:57:02.865 [ForkJoinPool-1-worker-11] INFO  com.intuit.karate - [print] [
  "https://www.nationaalgeoregister.nl/geonetwork/srv/dut/catalog.search#/metadata/krw-782cab20-8328-45f1-a9b2-c27d07c14066",
  "http://rdfdata.eionet.europa.eu/inspirethemes/themes/24",
  "https://ngr.geocat.live/geonetwork/srv/eng/thesaurus.download?ref=external.theme.httpinspireeceuropaeumetadatacodelistPrioritydataset-Prioritydataset",
  "urn:ogc:def:crs:EPSG::5709"
]

10:57:02.888 [ForkJoinPool-1-worker-9] INFO  com.intuit.karate - [print] title:Kaderrichtlijn Mariene Strategie - Mariene wateren Nederland EU2018
10:57:02.888 [ForkJoinPool-1-worker-9] INFO  com.intuit.karate - [print] Kaderrichtlijn Mariene Strategie - Mariene wateren Nederland EU2018
10:57:02.889 [ForkJoinPool-1-worker-9] INFO  com.intuit.karate - [print] [
  "servicedesk-data@rijkswaterstaat.nl",
  "servicedesk-data@rijkswaterstaat.nl",
  "",
  "servicedesk-data@rijkswaterstaat.nl",
  "servicedesk-data@rijkswaterstaat.nl"
]

10:57:02.890 [ForkJoinPool-1-worker-9] INFO  com.intuit.karate - [print] organisation: [
  "Rijkswaterstaat",
  "Rijkswaterstaat",
  "",
  "Rijkswaterstaat",
  "Rijkswaterstaat"
]

10:57:02.893 [ForkJoinPool-1-worker-9] INFO  com.intuit.karate - [print] [
  "https://www.nationaalgeoregister.nl/geonetwork/srv/dut/catalog.search#/metadata/krm-a905-9d8e-4758-83fa-28b057f185e4",
  "http://rdfdata.eionet.europa.eu/inspirethemes/themes/24",
  "https://ngr.geocat.live/geonetwork/srv/eng/thesaurus.download?ref=external.theme.httpinspireeceuropaeumetadatacodelistPrioritydataset-Prioritydataset"
]

10:57:02.995 [ForkJoinPool-1-worker-13] INFO  com.intuit.karate - [print] title:Kaderrichtlijn Water - Monitoringlocaties Nederland EU2015
10:57:02.995 [ForkJoinPool-1-worker-13] INFO  com.intuit.karate - [print] Kaderrichtlijn Water - Monitoringlocaties Nederland EU2015
10:57:02.997 [ForkJoinPool-1-worker-13] INFO  com.intuit.karate - [print] [
  "servicedesk@ihw.nl",
  "servicedesk-data@rijkswaterstaat.nl",
  "",
  "servicedesk-data@rijkswaterstaat.nl",
  "servicedesk-data@rijkswaterstaat.nl"
]

10:57:02.998 [ForkJoinPool-1-worker-13] INFO  com.intuit.karate - [print] organisation: [
  "Informatiehuis Water",
  "Informatiehuis Water",
  "",
  "Rijkswaterstaat",
  "Rijkswaterstaat"
]

10:57:03.002 [ForkJoinPool-1-worker-13] INFO  com.intuit.karate - [print] [
  "https://www.nationaalgeoregister.nl/geonetwork/srv/dut/catalog.search#/metadata/891ddc2d-8949-4a45-be96-c65b87c41f13",
  "http://rdfdata.eionet.europa.eu/inspirethemes/themes/20",
  "https://ngr.geocat.live/geonetwork/srv/eng/thesaurus.download?ref=external.theme.httpinspireeceuropaeumetadatacodelistPrioritydataset-Prioritydataset"
]

10:57:03.304 [ForkJoinPool-1-worker-3] INFO  com.intuit.karate - [print] title:Ruimtelijke plannen Wro: Ruimtelijkeplannen.nl
10:57:03.304 [ForkJoinPool-1-worker-3] INFO  com.intuit.karate - [print] Ruimtelijke plannen Wro: Ruimtelijkeplannen.nl
10:57:03.305 [ForkJoinPool-1-worker-3] INFO  com.intuit.karate - [print] [
  "PPB-GVA@kadaster.nl",
  "ruimtelijkeplannen@kadaster.nl"
]

10:57:03.307 [ForkJoinPool-1-worker-3] INFO  com.intuit.karate - [print] organisation: [
  "Kadaster",
  "Kadaster"
]

10:57:03.310 [ForkJoinPool-1-worker-3] INFO  com.intuit.karate - [print] [
  "http://kadaster/e2318c58-b1e6-4621-9c77-33b8a1fd0e76"
]

10:57:03.383 [ForkJoinPool-1-worker-7] INFO  com.intuit.karate - [print] title:Richtlijn Overstromingsrisico - gebieden met Potentieel Significant Overstromingsrisico EU2018 lijnen
10:57:03.383 [ForkJoinPool-1-worker-7] INFO  com.intuit.karate - [print] Richtlijn Overstromingsrisico - gebieden met Potentieel Significant Overstromingsrisico EU2018 lijnen
10:57:03.383 [ForkJoinPool-1-worker-7] INFO  com.intuit.karate - [print] [
  "servicedesk-data@rijkswaterstaat.nl",
  "servicedesk-data@rijkswaterstaat.nl",
  "",
  "servicedesk-data@rijkswaterstaat.nl",
  "servicedesk-data@rijkswaterstaat.nl"
]

10:57:03.385 [ForkJoinPool-1-worker-7] INFO  com.intuit.karate - [print] organisation: [
  "Rijkswaterstaat",
  "Rijkswaterstaat",
  "",
  "Rijkswaterstaat",
  "Rijkswaterstaat"
]

10:57:03.388 [ForkJoinPool-1-worker-7] INFO  com.intuit.karate - [print] [
  "https://www.nationaalgeoregister.nl/geonetwork/srv/dut/catalog.search#/metadata/ror-9d8e-4758-83fx-28b057f185g1",
  "http://rdfdata.eionet.europa.eu/inspirethemes/themes/25",
  "https://ngr.geocat.live/geonetwork/srv/eng/thesaurus.download?ref=external.theme.httpinspireeceuropaeumetadatacodelistPrioritydataset-Prioritydataset",
  "urn:ogc:def:crs:EPSG::5709"
]

10:57:03.412 [ForkJoinPool-1-worker-5] INFO  com.intuit.karate - [print] title:Richtlijn Overstromingsrisico - gebieden met Potentieel Significant Overstromingsrisico EU2018 vlakken
10:57:03.412 [ForkJoinPool-1-worker-5] INFO  com.intuit.karate - [print] Richtlijn Overstromingsrisico - gebieden met Potentieel Significant Overstromingsrisico EU2018 vlakken
10:57:03.413 [ForkJoinPool-1-worker-5] INFO  com.intuit.karate - [print] [
  "servicedesk-data@rijkswaterstaat.nl",
  "servicedesk-data@rijkswaterstaat.nl",
  "",
  "servicedesk-data@rijkswaterstaat.nl",
  "servicedesk-data@rijkswaterstaat.nl"
]

10:57:03.415 [ForkJoinPool-1-worker-5] INFO  com.intuit.karate - [print] organisation: [
  "Rijkswaterstaat",
  "Rijkswaterstaat",
  "",
  "Rijkswaterstaat",
  "Rijkswaterstaat"
]

10:57:03.420 [ForkJoinPool-1-worker-5] INFO  com.intuit.karate - [print] [
  "https://www.nationaalgeoregister.nl/geonetwork/srv/dut/catalog.search#/metadata/ror-9d8e-4758-83fx-28b057f185e1",
  "http://rdfdata.eionet.europa.eu/inspirethemes/themes/25",
  "https://ngr.geocat.live/geonetwork/srv/eng/thesaurus.download?ref=external.theme.httpinspireeceuropaeumetadatacodelistPrioritydataset-Prioritydataset",
  "urn:ogc:def:crs:EPSG::5709"
]

10:57:03.485 [ForkJoinPool-1-worker-11] INFO  com.intuit.karate - [print] title:NWB - Wegen
10:57:03.485 [ForkJoinPool-1-worker-11] INFO  com.intuit.karate - [print] NWB - Wegen
10:57:03.487 [ForkJoinPool-1-worker-11] INFO  com.intuit.karate - [print] [
  "servicedesk-data@rijkswaterstaat.nl",
  "servicedesk-data@rijkswaterstaat.nl",
  "",
  "servicedesk-data@rijkswaterstaat.nl",
  "servicedesk-data@rws.n"
]

10:57:03.488 [ForkJoinPool-1-worker-11] INFO  com.intuit.karate - [print] organisation: [
  "Rijkswaterstaat",
  "Rijkswaterstaat",
  "",
  "Rijkswaterstaat",
  "Rijkswaterstaat"
]

10:57:03.492 [ForkJoinPool-1-worker-11] INFO  com.intuit.karate - [print] [
  "https://www.nationaalgeoregister.nl/geonetwork/srv/dut/catalog.search#/metadata/a9b7026e-0a81-4813-93bd-ba49e6f28502",
  "http://rdfdata.eionet.europa.eu/inspirethemes/themes/7",
  "http://rdfdata.eionet.europa.eu/inspirethemes/themes/18",
  "https://ngr.geocat.live/geonetwork/srv/eng/thesaurus.download?ref=external.theme.httpinspireeceuropaeumetadatacodelistPrioritydataset-Prioritydataset",
  "urn:ogc:def:crs:EPSG::5709"
]

10:57:03.550 [ForkJoinPool-1-worker-9] INFO  com.intuit.karate - [print] title:CBS Vierkantstatistieken 500m
10:57:03.550 [ForkJoinPool-1-worker-9] INFO  com.intuit.karate - [print] CBS Vierkantstatistieken 500m
10:57:03.552 [ForkJoinPool-1-worker-9] INFO  com.intuit.karate - [print] [
  "infoservice@cbs.nl",
  "infoservice@cbs.nl",
  "infoservice@cbs.nl",
  ""
]

10:57:03.553 [ForkJoinPool-1-worker-9] INFO  com.intuit.karate - [print] organisation: [
  "Centraal Bureau voor de Statistiek",
  "Centraal Bureau voor de Statistiek",
  "Centraal Bureau voor de Statistiek",
  "Centraal Bureau voor de Statistiek"
]

10:57:03.557 [ForkJoinPool-1-worker-9] INFO  com.intuit.karate - [print] [
  "http://geodata.nationaalgeoregister.nl/cbsvierkanten500mv2/atom/cbsvierkanten500mv2.xml"
]

10:57:03.575 [ForkJoinPool-1-worker-13] INFO  com.intuit.karate - [print] title:CBS Vierkantstatistieken 100m
10:57:03.575 [ForkJoinPool-1-worker-13] INFO  com.intuit.karate - [print] CBS Vierkantstatistieken 100m
10:57:03.576 [ForkJoinPool-1-worker-13] INFO  com.intuit.karate - [print] [
  "infoservice@cbs.nl",
  "infoservice@cbs.nl",
  "infoservice@cbs.nl",
  ""
]

10:57:03.577 [ForkJoinPool-1-worker-13] INFO  com.intuit.karate - [print] organisation: [
  "Centraal Bureau voor de Statistiek",
  "Centraal Bureau voor de Statistiek",
  "Centraal Bureau voor de Statistiek",
  "Centraal Bureau voor de Statistiek"
]

10:57:03.581 [ForkJoinPool-1-worker-13] INFO  com.intuit.karate - [print] [
  "http://geodata.nationaalgeoregister.nl/cbsvierkanten100mv2/atom/cbsvierkanten100mv2.xml"
]

10:57:03.889 [ForkJoinPool-1-worker-3] INFO  com.intuit.karate - [print] title:Richtlijn Overstromingsrisico - historische overstromingen EU2018
10:57:03.889 [ForkJoinPool-1-worker-3] INFO  com.intuit.karate - [print] Richtlijn Overstromingsrisico - historische overstromingen EU2018
10:57:03.891 [ForkJoinPool-1-worker-3] INFO  com.intuit.karate - [print] [
  "servicedesk-data@rijkswaterstaat.nl",
  "servicedesk-data@rijkswaterstaat.nl",
  "",
  "servicedesk-data@rijkswaterstaat.nl",
  "servicedesk-data@rijkswaterstaat.nl"
]

10:57:03.892 [ForkJoinPool-1-worker-3] INFO  com.intuit.karate - [print] organisation: [
  "Rijkswaterstaat",
  "Rijkswaterstaat",
  "",
  "Rijkswaterstaat",
  "Rijkswaterstaat"
]

10:57:03.896 [ForkJoinPool-1-worker-3] INFO  com.intuit.karate - [print] [
  "https://www.nationaalgeoregister.nl/geonetwork/srv/dut/catalog.search#/metadata/ror-9d8e-4758-83fx-28b057f185f1",
  "http://rdfdata.eionet.europa.eu/inspirethemes/themes/25",
  "https://ngr.geocat.live/geonetwork/srv/eng/thesaurus.download?ref=external.theme.httpinspireeceuropaeumetadatacodelistPrioritydataset-Prioritydataset",
  "urn:ogc:def:crs:EPSG::5709"
]

10:57:03.974 [ForkJoinPool-1-worker-7] INFO  com.intuit.karate - [print] title:Richtlijn Stedelijk Afvalwater - lozingspunten Nederland EU2015
10:57:03.974 [ForkJoinPool-1-worker-7] INFO  com.intuit.karate - [print] Richtlijn Stedelijk Afvalwater - lozingspunten Nederland EU2015
10:57:03.974 [ForkJoinPool-1-worker-7] INFO  com.intuit.karate - [print] [
  "servicedesk-data@rijkswaterstaat.nl",
  "servicedesk-data@rijkswaterstaat.nl",
  "",
  "servicedesk-data@rijkswaterstaat.nl",
  "servicedesk-data@rijkswaterstaat.nl"
]

10:57:03.975 [ForkJoinPool-1-worker-7] INFO  com.intuit.karate - [print] organisation: [
  "Rijkswaterstaat",
  "Rijkswaterstaat",
  "",
  "Rijkswaterstaat",
  "Rijkswaterstaat"
]

10:57:03.978 [ForkJoinPool-1-worker-7] INFO  com.intuit.karate - [print] [
  "https://www.nationaalgeoregister.nl/geonetwork/srv/dut/catalog.search#/metadata/uwwtd-9d8e-4758-83fa-28b057f185e2",
  "http://rdfdata.eionet.europa.eu/inspirethemes/themes/24",
  "https://ngr.geocat.live/geonetwork/srv/eng/thesaurus.download?ref=external.theme.httpinspireeceuropaeumetadatacodelistPrioritydataset-Prioritydataset",
  "urn:ogc:def:crs:EPSG::5709"
]

10:57:04.111 [ForkJoinPool-1-worker-5] INFO  com.intuit.karate - [print] title:Richtlijn Stedelijk Afvalwater - agglomeraties Nederland EU2015
10:57:04.111 [ForkJoinPool-1-worker-5] INFO  com.intuit.karate - [print] Richtlijn Stedelijk Afvalwater - agglomeraties Nederland EU2015
10:57:04.112 [ForkJoinPool-1-worker-5] INFO  com.intuit.karate - [print] [
  "servicedesk-data@rijkswaterstaat.nl",
  "servicedesk-data@rijkswaterstaat.nl",
  "",
  "servicedesk-data@rijkswaterstaat.nl",
  "servicedesk-data@rijkswaterstaat.nl"
]

10:57:04.113 [ForkJoinPool-1-worker-5] INFO  com.intuit.karate - [print] organisation: [
  "Rijkswaterstaat",
  "Rijkswaterstaat",
  "",
  "Rijkswaterstaat",
  "Rijkswaterstaat"
]

10:57:04.118 [ForkJoinPool-1-worker-5] INFO  com.intuit.karate - [print] [
  "https://www.nationaalgeoregister.nl/geonetwork/srv/dut/catalog.search#/metadata/uwwtd-9d8e-4758-83fa-28b057f185e1",
  "http://rdfdata.eionet.europa.eu/inspirethemes/themes/24",
  "https://ngr.geocat.live/geonetwork/srv/eng/thesaurus.download?ref=external.theme.httpinspireeceuropaeumetadatacodelistPrioritydataset-Prioritydataset",
  "urn:ogc:def:crs:EPSG::5709"
]

10:57:04.139 [ForkJoinPool-1-worker-9] INFO  com.intuit.karate - [print] title:Bodemgebruik
10:57:04.139 [ForkJoinPool-1-worker-9] INFO  com.intuit.karate - [print] Bodemgebruik
10:57:04.139 [ForkJoinPool-1-worker-9] INFO  com.intuit.karate - [print] [
  "PPB-GVA@kadaster.nl",
  "kcc@kadaster.nl",
  "kcc@kadaster.nl"
]

10:57:04.140 [ForkJoinPool-1-worker-9] INFO  com.intuit.karate - [print] organisation: [
  "Kadaster",
  "Kadaster",
  "Kadaster"
]

10:57:04.144 [ForkJoinPool-1-worker-9] INFO  com.intuit.karate - [print] [
  "http://kadaster/06b6c650-cdb1-11dd-ad8b-0800200c9a78"
]

10:57:04.167 [ForkJoinPool-1-worker-11] INFO  com.intuit.karate - [print] title:Adressen
10:57:04.167 [ForkJoinPool-1-worker-11] INFO  com.intuit.karate - [print] Adressen
10:57:04.167 [ForkJoinPool-1-worker-11] INFO  com.intuit.karate - [print] [
  "PPB-GVA@kadaster.nl",
  "kcc@kadaster.nl",
  "kcc@kadaster.nl"
]

10:57:04.168 [ForkJoinPool-1-worker-11] INFO  com.intuit.karate - [print] organisation: [
  "Kadaster",
  "Kadaster",
  "Kadaster"
]

10:57:04.171 [ForkJoinPool-1-worker-11] INFO  com.intuit.karate - [print] [
  "http://kadaster/06b6c650-cdb1-11dd-ad8b-0800200c9a77"
]

10:57:04.241 [ForkJoinPool-1-worker-13] INFO  com.intuit.karate - [print] title:Emissies naar lucht en water in 2015 vanuit de industrie
10:57:04.241 [ForkJoinPool-1-worker-13] INFO  com.intuit.karate - [print] Emissies naar lucht en water in 2015 vanuit de industrie
10:57:04.241 [ForkJoinPool-1-worker-13] INFO  com.intuit.karate - [print] [
  "emissieregistratie@rivm.nl",
  "",
  "emissieregistratie@rivm.nl"
]

10:57:04.242 [ForkJoinPool-1-worker-13] INFO  com.intuit.karate - [print] organisation: no organisationName found in dataset record
10:57:04.246 [ForkJoinPool-1-worker-13] INFO  com.intuit.karate - [print] [
  "https://data.rivm.nl/inspire/id#c6d62f69-7be0-4c19-a4af-d146c6a3c166"
]

10:57:04.584 [ForkJoinPool-1-worker-3] INFO  com.intuit.karate - [print] title:Geluidkaart Schiphol 2016 (Lden)
10:57:04.584 [ForkJoinPool-1-worker-3] INFO  com.intuit.karate - [print] Geluidkaart Schiphol 2016 (Lden)
10:57:04.585 [ForkJoinPool-1-worker-3] INFO  com.intuit.karate - [print] [
  "sylvia.koolmees@minienw.nl",
  "sylvia.koolmees@minienw.nl"
]

10:57:04.586 [ForkJoinPool-1-worker-3] INFO  com.intuit.karate - [print] organisation: [
  "Ministerie van IenW",
  "Ministerie van IenW"
]

10:57:04.589 [ForkJoinPool-1-worker-3] INFO  com.intuit.karate - [print] [
  "https://www.nationaalgeoregister.nl/geonetwork/srv/api/records83dab947-387b-49df-8ad2-32bb10d46d38"
]

10:57:04.638 [ForkJoinPool-1-worker-7] INFO  com.intuit.karate - [print] title:Gemeten Ammoniak concentraties in buitenlucht.
10:57:04.638 [ForkJoinPool-1-worker-7] INFO  com.intuit.karate - [print] Gemeten Ammoniak concentraties in buitenlucht.
10:57:04.639 [ForkJoinPool-1-worker-7] INFO  com.intuit.karate - [print] [
  "geodata@rivm.nl",
  "geodata@rivm.nl"
]

10:57:04.640 [ForkJoinPool-1-worker-7] INFO  com.intuit.karate - [print] organisation: no organisationName found in dataset record
10:57:04.642 [ForkJoinPool-1-worker-7] INFO  com.intuit.karate - [print] [
  "https://data.rivm.nl/inspire/id#4504a4b2-3179-44b3-a5a9-b67b693c514d"
]

10:57:04.856 [ForkJoinPool-1-worker-9] INFO  com.intuit.karate - [print] title:Vervoersnetwerken
10:57:04.856 [ForkJoinPool-1-worker-9] INFO  com.intuit.karate - [print] Vervoersnetwerken
10:57:04.857 [ForkJoinPool-1-worker-9] INFO  com.intuit.karate - [print] [
  "PPB-GVA@kadaster.nl",
  "kcc@kadaster.nl",
  "kcc@kadaster.nl"
]

10:57:04.858 [ForkJoinPool-1-worker-9] INFO  com.intuit.karate - [print] organisation: [
  "Kadaster",
  "Kadaster",
  "Kadaster"
]

10:57:04.863 [ForkJoinPool-1-worker-9] INFO  com.intuit.karate - [print] [
  "http://kadaster/06b6c650-cdb1-11dd-ad8b-0800200c9a75"
]

10:57:04.909 [ForkJoinPool-1-worker-5] INFO  com.intuit.karate - [print] title:Luchtfoto 2016 25cm RGB open data
10:57:04.909 [ForkJoinPool-1-worker-5] INFO  com.intuit.karate - [print] Luchtfoto 2016 25cm RGB open data
10:57:04.910 [ForkJoinPool-1-worker-5] INFO  com.intuit.karate - [print] [
  "PPB-GVA@kadaster.nl",
  "info@hetwaterschapshuis.nl",
  "kcc@kadaster.nl",
  "",
  "",
  "",
  "",
  "",
  ""
]

10:57:04.911 [ForkJoinPool-1-worker-5] INFO  com.intuit.karate - [print] organisation: [
  "Kadaster",
  "Het Waterschapshuis",
  "Kadaster",
  "Eurosense",
  "Eurosense",
  "Eurosense",
  "Kadaster",
  "Kadaster"
]

10:57:04.915 [ForkJoinPool-1-worker-5] INFO  com.intuit.karate - [print] [
  "http://kadaster/2482250f-3b00-4439-9f93-f3118229b014",
  "",
  "",
  ""
]

10:57:04.943 [ForkJoinPool-1-worker-11] INFO  com.intuit.karate - [print] title:EEZ volgens UNCLOS - Noordzee
10:57:04.944 [ForkJoinPool-1-worker-11] INFO  com.intuit.karate - [print] EEZ volgens UNCLOS - Noordzee
10:57:04.944 [ForkJoinPool-1-worker-11] INFO  com.intuit.karate - [print] [
  "data@hydro.nl",
  "data@hydro.nl",
  "data@hydro.nl",
  "",
  ""
]

10:57:04.945 [ForkJoinPool-1-worker-11] INFO  com.intuit.karate - [print] organisation: [
  "Ministerie van Defensie, Koninklijke Marine, Dienst der Hydrografie",
  "Ministerie van Defensie, Koninklijke Marine, Dienst der Hydrografie",
  "Ministerie van Defensie, Koninklijke Marine, Dienst der Hydrografie"
]

10:57:04.949 [ForkJoinPool-1-worker-11] INFO  com.intuit.karate - [print] [
  "http://www.opengis.net/def/crs/EPSG/0/https://www.opengis.net/def/crs/EPSG/0/4258",
  "https://www.nationaalgeoregister.nl/geonetwork/srv/api/recordse8b84fae-00b3-49c1-80c1-df8f69f64e8c"
]

10:57:04.952 [ForkJoinPool-1-worker-13] INFO  com.intuit.karate - [print] title:Mossel- en oesterhabitats
10:57:04.953 [ForkJoinPool-1-worker-13] INFO  com.intuit.karate - [print] Mossel- en oesterhabitats
10:57:04.953 [ForkJoinPool-1-worker-13] INFO  com.intuit.karate - [print] [
  "geodatabeheer.giscc@rvo.nl",
  "geodatabeheer.giscc@rvo.nl",
  "info@wur.nl",
  "BeheerPDOK@kadaster.nl"
]

10:57:04.954 [ForkJoinPool-1-worker-13] INFO  com.intuit.karate - [print] organisation: [
  "Ministerie van Economische Zaken - GIS Competence Center",
  "Wageningen Marine Research",
  "PDOK"
]

10:57:04.957 [ForkJoinPool-1-worker-13] INFO  com.intuit.karate - [print] [
  "https://www.nationaalgeoregister.nl/geonetwork/srv/dut/catalog.search#/metadata/3d59fd06-9aec-4744-91e7-65e119f74569"
]

10:57:05.224 [ForkJoinPool-1-worker-3] INFO  com.intuit.karate - [print] title:Oppervlaktegeologie, Geologische kaart onder INSPIRE
10:57:05.224 [ForkJoinPool-1-worker-3] INFO  com.intuit.karate - [print] Oppervlaktegeologie, Geologische kaart onder INSPIRE
10:57:05.225 [ForkJoinPool-1-worker-3] INFO  com.intuit.karate - [print] [
  "info@dinoloket.nl",
  "info@dinoloket.nl",
  "info@dinoloket.nl"
]

10:57:05.225 [ForkJoinPool-1-worker-3] INFO  com.intuit.karate - [print] organisation: [
  "TNO Geologische Dienst Nederland",
  "TNO Geologische Dienst Nederland",
  "TNO Geologische Dienst Nederland"
]

10:57:05.229 [ForkJoinPool-1-worker-3] INFO  com.intuit.karate - [print] [
  "https://nationaalgeoregister.nl/geonetwork/srv/resources66495385-8f7b-4661-85a7-11a2bbcbb6b9",
  "http://rdfdata.eionet.europa.eu/inspirethemes/themes/13",
  "http://geonetwork-opensource.org/inspire-theme#",
  "https://www.nationaalgeoregister.nl/geonetwork/srv/eng/thesaurus.download?ref=external.theme.inspire-theme"
]

10:57:05.297 [ForkJoinPool-1-worker-7] INFO  com.intuit.karate - [print] title:Kaderrichtlijn Water - Oppervlaktewaterlichamen Nederland EU2015 riviernetwerk
10:57:05.297 [ForkJoinPool-1-worker-7] INFO  com.intuit.karate - [print] Kaderrichtlijn Water - Oppervlaktewaterlichamen Nederland EU2015 riviernetwerk
10:57:05.298 [ForkJoinPool-1-worker-7] INFO  com.intuit.karate - [print] [
  "servicedesk@ihw.nl",
  "servicedesk@ihw.nl",
  "",
  "servicedesk-data@rijkswaterstaat.nl",
  "servicedesk-data@rijkswaterstaat.nl"
]

10:57:05.299 [ForkJoinPool-1-worker-7] INFO  com.intuit.karate - [print] organisation: [
  "Informatiehuis Water",
  "Informatiehuis Water",
  "",
  "Rijkswaterstaat",
  "Rijkswaterstaat"
]

10:57:05.304 [ForkJoinPool-1-worker-7] INFO  com.intuit.karate - [print] [
  "https://www.nationaalgeoregister.nl/geonetwork/srv/dut/catalog.search#/metadata/a1960e70-22f4-4fd9-91a8-b605c6ceda3e",
  "http://rdfdata.eionet.europa.eu/inspirethemes/themes/24",
  "https://ngr.geocat.live/geonetwork/srv/eng/thesaurus.download?ref=external.theme.httpinspireeceuropaeumetadatacodelistPrioritydataset-Prioritydataset"
]

10:57:05.584 [ForkJoinPool-1-worker-9] INFO  com.intuit.karate - [print] title:Geluidszones rondom bedrijventerreinen zowel provinciaal als gemeentelijk
10:57:05.585 [ForkJoinPool-1-worker-9] INFO  com.intuit.karate - [print] Geluidszones rondom bedrijventerreinen zowel provinciaal als gemeentelijk
10:57:05.586 [ForkJoinPool-1-worker-9] INFO  com.intuit.karate - [print] [
  "inspire@gbo-provincies.nl",
  "inspire@gbo-provincies.nl",
  "inspire@gbo-provincies.nl"
]

10:57:05.587 [ForkJoinPool-1-worker-9] INFO  com.intuit.karate - [print] organisation: [
  "Interprovinciaal Overleg",
  "Interprovinciaal Overleg",
  "Interprovinciaal Overleg"
]

10:57:05.591 [ForkJoinPool-1-worker-9] INFO  com.intuit.karate - [print] [
  "http://www.opengis.net/def/crs/EPSG/0/http://www.opengis.net/def/crs/EPSG/0/3034",
  "http://nationaalgeoregister.nl/geonetwork/srv/dut/csw?SERVICE=CSW&version=2.0.2&REQUEST=GetRecordById&elementSetName=full&OutputSchema=http://www.isotc211.org/2005/gmd&ID=34e6165f-1269-48d1-b255-0f05d163d692",
  "https://creativecommons.org/publicdomain/mark/*/deed.nl",
  ""
]

10:57:05.666 [ForkJoinPool-1-worker-5] INFO  com.intuit.karate - [print] title:Kaderrichtlijn Mariene Strategie - Rapportage eenheden Nederland EU2018
10:57:05.666 [ForkJoinPool-1-worker-5] INFO  com.intuit.karate - [print] Kaderrichtlijn Mariene Strategie - Rapportage eenheden Nederland EU2018
10:57:05.667 [ForkJoinPool-1-worker-5] INFO  com.intuit.karate - [print] [
  "servicedesk-data@rijkswaterstaat.nl",
  "servicedesk-data@rijkswaterstaat.nl",
  "",
  "servicedesk-data@rijkswaterstaat.nl",
  "servicedesk-data@rijkswaterstaat.nl"
]

10:57:05.668 [ForkJoinPool-1-worker-5] INFO  com.intuit.karate - [print] organisation: [
  "Rijkswaterstaat",
  "Rijkswaterstaat",
  "",
  "Rijkswaterstaat",
  "Rijkswaterstaat"
]

10:57:05.671 [ForkJoinPool-1-worker-5] INFO  com.intuit.karate - [print] [
  "https://www.nationaalgeoregister.nl/geonetwork/srv/dut/catalog.search#/metadata/krm-a905-9d8e-4758-83fa-28b057f185e3",
  "http://rdfdata.eionet.europa.eu/inspirethemes/themes/24",
  "https://ngr.geocat.live/geonetwork/srv/eng/thesaurus.download?ref=external.theme.httpinspireeceuropaeumetadatacodelistPrioritydataset-Prioritydataset"
]

10:57:05.690 [ForkJoinPool-1-worker-11] INFO  com.intuit.karate - [print] title:Population Distribution NL
10:57:05.690 [ForkJoinPool-1-worker-11] INFO  com.intuit.karate - [print] Population Distribution NL
10:57:05.693 [ForkJoinPool-1-worker-11] INFO  com.intuit.karate - [print] [
  "infoservice@cbs.nl",
  "infoservice@cbs.nl",
  "infoservice@cbs.nl",
  "",
  ""
]

10:57:05.695 [ForkJoinPool-1-worker-11] INFO  com.intuit.karate - [print] organisation: [
  "Statistics Netherlands",
  "Statistics Netherlands",
  "Statistics Netherlandds",
  "Statistics Netherlands"
]

10:57:05.701 [ForkJoinPool-1-worker-11] INFO  com.intuit.karate - [print] [
]

10:57:05.750 [ForkJoinPool-1-worker-13] INFO  com.intuit.karate - [print] title:Natuurbranden
10:57:05.750 [ForkJoinPool-1-worker-13] INFO  com.intuit.karate - [print] Natuurbranden
10:57:05.751 [ForkJoinPool-1-worker-13] INFO  com.intuit.karate - [print] [
  "inspire@gbo-provincies.nl",
  "inspire@gbo-provincies.nl",
  "inspire@gbo-provincies.nl"
]

10:57:05.752 [ForkJoinPool-1-worker-13] INFO  com.intuit.karate - [print] organisation: [
  "Interprovinciaal Overleg",
  "Interprovinciaal Overleg",
  "Interprovinciaal Overleg"
]

10:57:05.755 [ForkJoinPool-1-worker-13] INFO  com.intuit.karate - [print] [
  "http://www.opengis.net/def/crs/EPSG/0/http://www.opengis.net/def/crs/EPSG/0/3034",
  "http://nationaalgeoregister.nl/geonetwork/srv/dut/csw?SERVICE=CSW&version=2.0.2&REQUEST=GetRecordById&elementSetName=full&OutputSchema=http://www.isotc211.org/2005/gmd&ID=88f76a94-ee4d-4e0c-9fde-91b692403e39",
  "https://creativecommons.org/publicdomain/mark/*/deed.nl",
  ""
]

10:57:05.876 [ForkJoinPool-1-worker-3] INFO  com.intuit.karate - [print] title:Geografische Namen (INSPIRE geharmoniseerd)
10:57:05.877 [ForkJoinPool-1-worker-3] INFO  com.intuit.karate - [print] Geografische Namen (INSPIRE geharmoniseerd)
10:57:05.878 [ForkJoinPool-1-worker-3] INFO  com.intuit.karate - [print] [
  "PPB-GVA@kadaster.nl",
  "kcc@kadaster.nl"
]

10:57:05.878 [ForkJoinPool-1-worker-3] INFO  com.intuit.karate - [print] organisation: [
  "Kadaster",
  "Kadaster"
]

10:57:05.883 [ForkJoinPool-1-worker-7] INFO  com.intuit.karate - [print] title:Maritieme grenzen - basislijn Noordzee
10:57:05.883 [ForkJoinPool-1-worker-7] INFO  com.intuit.karate - [print] Maritieme grenzen - basislijn Noordzee
10:57:05.884 [ForkJoinPool-1-worker-7] INFO  com.intuit.karate - [print] [
  "data@hydro.nl",
  "data@hydro.nl",
  "data@hydro.nl"
]

10:57:05.885 [ForkJoinPool-1-worker-7] INFO  com.intuit.karate - [print] organisation: [
  "Ministerie van Defensie, Koninklijke Marine, Dienst der Hydrografie",
  "Ministerie van Defensie, Koninklijke Marine, Dienst der Hydrografie",
  "Ministerie van Defensie, Koninklijke Marine, Dienst der Hydrografie"
]

10:57:05.888 [ForkJoinPool-1-worker-7] INFO  com.intuit.karate - [print] [
  "http://www.opengis.net/def/crs/EPSG/0/https://www.opengis.net/def/crs/EPSG/0/4258",
  "https://ngr.acceptatie.nationaalgeoregister.nl/geonetwork/srv/resourcesd7ab6903-1152-450b-b81d-042682dcfd03"
]

10:57:05.890 [ForkJoinPool-1-worker-3] INFO  com.intuit.karate - [print] [
  "http://kadaster/3bf3f7f3-8ac9-4203-bb95-2c932d5f0f3e"
]

10:57:06.173 [ForkJoinPool-1-worker-9] INFO  com.intuit.karate - [print] title:Overstromingsgevaarkaarten
10:57:06.173 [ForkJoinPool-1-worker-9] INFO  com.intuit.karate - [print] Overstromingsgevaarkaarten
10:57:06.174 [ForkJoinPool-1-worker-9] INFO  com.intuit.karate - [print] [
  "inspire@gbo-provincies.nl",
  "inspire@gbo-provincies.nl",
  "inspire@gbo-provincies.nl"
]

10:57:06.175 [ForkJoinPool-1-worker-9] INFO  com.intuit.karate - [print] organisation: [
  "Interprovinciaal Overleg",
  "Interprovinciaal Overleg",
  "Interprovinciaal Overleg"
]

10:57:06.180 [ForkJoinPool-1-worker-9] INFO  com.intuit.karate - [print] [
  "http://nationaalgeoregister.nl/geonetwork/srv/dut/csw?SERVICE=CSW&version=2.0.2&REQUEST=GetRecordById&elementSetName=full&OutputSchema=http://www.isotc211.org/2005/gmd&ID=bc2c53f6-c908-4d7c-a6c0-78d9a2855640",
  "https://creativecommons.org/publicdomain/mark/*/deed.nl",
  ""
]

10:57:06.283 [ForkJoinPool-1-worker-5] INFO  com.intuit.karate - [print] title:Kadastrale Percelen (INSPIRE geharmoniseerd)
10:57:06.283 [ForkJoinPool-1-worker-5] INFO  com.intuit.karate - [print] Kadastrale Percelen (INSPIRE geharmoniseerd)
10:57:06.285 [ForkJoinPool-1-worker-5] INFO  com.intuit.karate - [print] [
  "PPB-GVA@kadaster.nl",
  "kcc@kadaster.nl",
  "",
  ""
]

10:57:06.285 [ForkJoinPool-1-worker-5] INFO  com.intuit.karate - [print] organisation: [
  "Kadaster",
  "Kadaster"
]

10:57:06.289 [ForkJoinPool-1-worker-5] INFO  com.intuit.karate - [print] [
  "http://www.opengis.net/def/crs/EPSG/0/http://www.opengis.net/def/crs/EPSG/0/4258",
  "http://kadaster/0f9b8c87-80a6-435f-b3b3-e07c3918d344"
]

10:57:06.293 [ForkJoinPool-1-worker-11] INFO  com.intuit.karate - [print] title:Luchtfoto 2018 25cm RGB open data
10:57:06.294 [ForkJoinPool-1-worker-11] INFO  com.intuit.karate - [print] Luchtfoto 2018 25cm RGB open data
10:57:06.296 [ForkJoinPool-1-worker-11] INFO  com.intuit.karate - [print] [
  "PPB-GVA@kadaster.nl",
  "info@hetwaterschapshuis.nl",
  "kcc@kadaster.nl",
  "",
  "",
  "",
  "",
  "",
  ""
]

10:57:06.298 [ForkJoinPool-1-worker-11] INFO  com.intuit.karate - [print] organisation: [
  "Kadaster",
  "Het Waterschapshuis",
  "Kadaster",
  "Eurosense",
  "Eurosense",
  "Eurosense",
  "Kadaster",
  "Kadaster"
]

10:57:06.302 [ForkJoinPool-1-worker-11] INFO  com.intuit.karate - [print] [
  "http://kadaster/2482250f-3b00-4439-9f93-f3118229b020",
  "",
  "",
  ""
]

10:57:06.410 [ForkJoinPool-1-worker-13] INFO  com.intuit.karate - [print] title:Publiekrechtelijke beperkingen
10:57:06.410 [ForkJoinPool-1-worker-13] INFO  com.intuit.karate - [print] Publiekrechtelijke beperkingen
10:57:06.411 [ForkJoinPool-1-worker-13] INFO  com.intuit.karate - [print] [
  "PPB-GVA@kadaster.nl",
  "kcc@kadaster.nl"
]

10:57:06.412 [ForkJoinPool-1-worker-13] INFO  com.intuit.karate - [print] organisation: [
  "Kadaster",
  "Kadaster"
]

10:57:06.417 [ForkJoinPool-1-worker-13] INFO  com.intuit.karate - [print] [
  "http://kadaster/e2318c58-b1e6-4621-9c77-33b8a1fd0124"
]

10:57:06.489 [ForkJoinPool-1-worker-7] INFO  com.intuit.karate - [print] title:CBS gebiedsindelingen
10:57:06.489 [ForkJoinPool-1-worker-7] INFO  com.intuit.karate - [print] CBS gebiedsindelingen
10:57:06.490 [ForkJoinPool-1-worker-7] INFO  com.intuit.karate - [print] [
  "infoservice@cbs.nl",
  "infoservice@cbs.nl",
  "infoservice@cbs.nl",
  "",
  ""
]

10:57:06.491 [ForkJoinPool-1-worker-7] INFO  com.intuit.karate - [print] organisation: [
  "Centraal Bureau voor de Statistiek",
  "Centraal Bureau voor de Statistiek",
  "Centraal Bureau voor de Statistiek",
  "Kadaster"
]

10:57:06.494 [ForkJoinPool-1-worker-7] INFO  com.intuit.karate - [print] [
  "https://geodata.nationaalgeoregister.nl/cbsgebiedsindelingen/atom/cbsgebiedsindelingen.xml",
  ""
]

10:57:06.656 [ForkJoinPool-1-worker-3] INFO  com.intuit.karate - [print] title:Olie- en gasvelden onder INSPIRE
10:57:06.656 [ForkJoinPool-1-worker-3] INFO  com.intuit.karate - [print] Olie- en gasvelden onder INSPIRE
10:57:06.656 [ForkJoinPool-1-worker-3] INFO  com.intuit.karate - [print] [
  "info@dinoloket.nl",
  "info@dinoloket.nl",
  "info@dinoloket.nl"
]

10:57:06.657 [ForkJoinPool-1-worker-3] INFO  com.intuit.karate - [print] organisation: [
  "TNO Geologische Dienst Nederland",
  "TNO Geologische Dienst Nederland",
  "TNO Geologische Dienst Nederland"
]

10:57:06.660 [ForkJoinPool-1-worker-3] INFO  com.intuit.karate - [print] [
  "https://nationaalgeoregister.nl/geonetwork/srv/resources49e49382-674d-4ce8-9f4a-ba4dd2265eef",
  "http://rdfdata.eionet.europa.eu/inspirethemes/themes/33",
  "http://geonetwork-opensource.org/inspire-theme#",
  "https://www.nationaalgeoregister.nl/geonetwork/srv/eng/thesaurus.download?ref=external.theme.inspire-theme"
]

10:57:07.000 [ForkJoinPool-1-worker-5] INFO  com.intuit.karate - [print] title:Werelderfgoed
10:57:07.000 [ForkJoinPool-1-worker-5] INFO  com.intuit.karate - [print] Werelderfgoed
10:57:07.001 [ForkJoinPool-1-worker-5] INFO  com.intuit.karate - [print] [
  "info@cultureelerfgoed.nl",
  "info@cultureelerfgoed.nl",
  "info@cultureelerfgoed.nl"
]

10:57:07.002 [ForkJoinPool-1-worker-5] INFO  com.intuit.karate - [print] organisation: [
  "Rijksdienst voor het Cultureel Erfgoed",
  "Rijksdienst voor het Cultureel Erfgoed",
  "Rijksdienst voor het Cultureel Erfgoed"
]

10:57:07.005 [ForkJoinPool-1-worker-5] INFO  com.intuit.karate - [print] [
  "http://services.rce.geovoorziening.nl/www/download/nl.xml"
]

10:57:07.049 [ForkJoinPool-1-worker-9] INFO  com.intuit.karate - [print] title:Geluidkaart hoofdspoornet 2016 (Lnight)
10:57:07.049 [ForkJoinPool-1-worker-9] INFO  com.intuit.karate - [print] Geluidkaart hoofdspoornet 2016 (Lnight)
10:57:07.050 [ForkJoinPool-1-worker-9] INFO  com.intuit.karate - [print] [
  "sylvia.koolmees@minienw.nl",
  "sylvia.koolmees@minienw.nl"
]

10:57:07.051 [ForkJoinPool-1-worker-9] INFO  com.intuit.karate - [print] organisation: [
  "Ministerie van IenW",
  "Ministerie van IenW"
]

10:57:07.055 [ForkJoinPool-1-worker-9] INFO  com.intuit.karate - [print] [
  "https://www.nationaalgeoregister.nl/geonetwork/srv/api/records/002d9127-c16d-4b8d-9f5e-102a8c8e36c4"
]

10:57:07.097 [ForkJoinPool-1-worker-11] INFO  com.intuit.karate - [print] title:Rijksmonumenten (verouderd)
10:57:07.098 [ForkJoinPool-1-worker-11] INFO  com.intuit.karate - [print] Rijksmonumenten (verouderd)
10:57:07.099 [ForkJoinPool-1-worker-11] INFO  com.intuit.karate - [print] [
  "info@cultureelerfgoed.nl",
  "info@cultureelerfgoed.nl"
]

10:57:07.102 [ForkJoinPool-1-worker-11] INFO  com.intuit.karate - [print] organisation: [
  "Rijksdienst voor het Cultureel Erfgoed",
  "Rijksdienst voor het Cultureel Erfgoed"
]

10:57:07.107 [ForkJoinPool-1-worker-11] INFO  com.intuit.karate - [print] [
  "http://services.rce.geovoorziening.nl/www/download/nl.xml",
  "",
  ""
]

10:57:07.211 [ForkJoinPool-1-worker-13] INFO  com.intuit.karate - [print] title:Gemeten fijnere fractie van Fijn stof concentraties in buitenlucht.
10:57:07.211 [ForkJoinPool-1-worker-13] INFO  com.intuit.karate - [print] Gemeten fijnere fractie van Fijn stof concentraties in buitenlucht.
10:57:07.217 [ForkJoinPool-1-worker-13] INFO  com.intuit.karate - [print] [
  "geodata@rivm.nl",
  "geodata@rivm.nl"
]

10:57:07.218 [ForkJoinPool-1-worker-13] INFO  com.intuit.karate - [print] organisation: no organisationName found in dataset record
10:57:07.222 [ForkJoinPool-1-worker-7] INFO  com.intuit.karate - [print] title:Gemeten Stikstofdioxide concentraties in buitenlucht.
10:57:07.222 [ForkJoinPool-1-worker-7] INFO  com.intuit.karate - [print] Gemeten Stikstofdioxide concentraties in buitenlucht.
10:57:07.223 [ForkJoinPool-1-worker-7] INFO  com.intuit.karate - [print] [
  "geodata@rivm.nl",
  "geodata@rivm.nl"
]

10:57:07.224 [ForkJoinPool-1-worker-7] INFO  com.intuit.karate - [print] organisation: RIVM
10:57:07.228 [ForkJoinPool-1-worker-7] INFO  com.intuit.karate - [print] [
  "https://data.rivm.nl/inspire?id#505e9f1e-84bc-4856-9771-4295db998bb6"
]

10:57:07.231 [ForkJoinPool-1-worker-13] INFO  com.intuit.karate - [print] [
  "https://data.rivm.nl/inspire/id#df9bc66f-941b-4c38-a104-1b8d940a53db"
]

10:57:07.404 [ForkJoinPool-1-worker-3] INFO  com.intuit.karate - [print] title:Stads- en Dorpsgezichten
10:57:07.404 [ForkJoinPool-1-worker-3] INFO  com.intuit.karate - [print] Stads- en Dorpsgezichten
10:57:07.405 [ForkJoinPool-1-worker-3] INFO  com.intuit.karate - [print] [
  "info@cultureelerfgoed.nl",
  "info@cultureelerfgoed.nl",
  "info@cultureelerfgoed.nl"
]

10:57:07.407 [ForkJoinPool-1-worker-3] INFO  com.intuit.karate - [print] organisation: [
  "Rijksdienst voor het Cultureel Erfgoed",
  "Rijksdienst voor het Cultureel Erfgoed",
  "Rijksdienst voor het Cultureel Erfgoed"
]

10:57:07.412 [ForkJoinPool-1-worker-3] INFO  com.intuit.karate - [print] [
  "http://services.rce.geovoorziening.nl/www/download/nl.xml"
]

10:57:07.698 [ForkJoinPool-1-worker-5] INFO  com.intuit.karate - [print] title:Vervoersnetwerken - Luchttransport (INSPIRE geharmoniseerd)
10:57:07.699 [ForkJoinPool-1-worker-5] INFO  com.intuit.karate - [print] Vervoersnetwerken - Luchttransport (INSPIRE geharmoniseerd)
10:57:07.700 [ForkJoinPool-1-worker-5] INFO  com.intuit.karate - [print] [
  "PPB-GVA@kadaster.nl",
  "kcc@kadaster.nl"
]

10:57:07.701 [ForkJoinPool-1-worker-5] INFO  com.intuit.karate - [print] organisation: [
  "Kadaster",
  "Kadaster"
]

10:57:07.704 [ForkJoinPool-1-worker-5] INFO  com.intuit.karate - [print] [
  "http://www.opengis.net/def/crs/EPSG/0/http://www.opengis.net/def/crs/EPSG/0/4258",
  "http://kadaster/3b7bb05b-2d2e-4329-9a72-0eac19e315de"
]

10:57:07.876 [ForkJoinPool-1-worker-11] INFO  com.intuit.karate - [print] title:Beperkingen voor voertuigen (INSPIRE geharmoniseerde data)
10:57:07.876 [ForkJoinPool-1-worker-11] INFO  com.intuit.karate - [print] Beperkingen voor voertuigen (INSPIRE geharmoniseerde data)
10:57:07.877 [ForkJoinPool-1-worker-11] INFO  com.intuit.karate - [print] [
  "ontheffingen@rdw.nl",
  "ontheffingen@rdw.nl",
  "",
  ""
]

10:57:07.879 [ForkJoinPool-1-worker-11] INFO  com.intuit.karate - [print] organisation: [
  "RDW",
  "RDW",
  "RDW"
]

10:57:07.886 [ForkJoinPool-1-worker-11] INFO  com.intuit.karate - [print] [
  "http://inspire.rdw.nl/www/download/Licentie-Geogedeeld-RDW.pdf",
  ""
]

10:57:07.947 [ForkJoinPool-1-worker-7] INFO  com.intuit.karate - [print] title:Gemeten Koolstofmonoxide concentraties in buitenlucht.
10:57:07.947 [ForkJoinPool-1-worker-7] INFO  com.intuit.karate - [print] Gemeten Koolstofmonoxide concentraties in buitenlucht.
10:57:07.947 [ForkJoinPool-1-worker-7] INFO  com.intuit.karate - [print] [
  "geodata@rivm.nl",
  "geodata@rivm.nl"
]

10:57:07.948 [ForkJoinPool-1-worker-7] INFO  com.intuit.karate - [print] organisation: RIVM
10:57:07.951 [ForkJoinPool-1-worker-7] INFO  com.intuit.karate - [print] [
  "https://data.rivm.nl/inspire/id#a3b9f437-f571-4a00-b3c3-58e4354c244f"
]

10:57:07.960 [ForkJoinPool-1-worker-9] INFO  com.intuit.karate - [print] title:Landelijk zoet en zoutwatermeetnet - Rijkswaterstaat
10:57:07.960 [ForkJoinPool-1-worker-9] INFO  com.intuit.karate - [print] Landelijk zoet en zoutwatermeetnet - Rijkswaterstaat
10:57:07.961 [ForkJoinPool-1-worker-9] INFO  com.intuit.karate - [print] [
  "servicedesk-data@rijkswaterstaat.nl",
  "servicedesk-data@rijkswaterstaat.nl",
  "",
  "servicedesk-data@rijkswaterstaat.nl",
  "servicedesk-data@rijkswaterstaat.nl"
]

10:57:07.962 [ForkJoinPool-1-worker-9] INFO  com.intuit.karate - [print] organisation: [
  "Rijkswaterstaat",
  "Rijkswaterstaat",
  "",
  "Rijkswaterstaat",
  "Rijkswaterstaat"
]

10:57:07.965 [ForkJoinPool-1-worker-9] INFO  com.intuit.karate - [print] [
  "https://www.nationaalgeoregister.nl/geonetwork/srv/dut/catalog.search#/metadata/68ebd5c9-0ea1-4f22-9907-ec4c063cd3e2",
  "http://rdfdata.eionet.europa.eu/inspirethemes/themes/20",
  "urn:ogc:def:crs:EPSG::5709"
]

10:57:08.092 [ForkJoinPool-1-worker-13] INFO  com.intuit.karate - [print] title:BRO GeoTOP (GTM)
10:57:08.092 [ForkJoinPool-1-worker-13] INFO  com.intuit.karate - [print] BRO GeoTOP (GTM)
10:57:08.093 [ForkJoinPool-1-worker-13] INFO  com.intuit.karate - [print] [
  "info@bro.nl",
  "info@bro.nl",
  "info@dinoloket.nl"
]

10:57:08.094 [ForkJoinPool-1-worker-13] INFO  com.intuit.karate - [print] organisation: [
  "TNO Geologische Dienst Nederland",
  "TNO Geologische Dienst Nederland",
  "TNO Geologische Dienst Nederland"
]

10:57:08.097 [ForkJoinPool-1-worker-13] INFO  com.intuit.karate - [print] [
  "http://www.opengis.net/def/crs/EPSG/0/NAP",
  "https://ngr.acceptatie.nationaalgeoregister.nl/geonetwork/srv/resourcesddf87610-2724-11e2-81c1-0800200c9a66"
]

10:57:08.195 [ForkJoinPool-1-worker-3] INFO  com.intuit.karate - [print] title:Hydrografie waterschappen INSPIRE
10:57:08.196 [ForkJoinPool-1-worker-3] INFO  com.intuit.karate - [print] Hydrografie waterschappen INSPIRE
10:57:08.196 [ForkJoinPool-1-worker-3] INFO  com.intuit.karate - [print] [
  "datastromen@hetwaterschapshuis.nl",
  "datastromen@hetwaterschapshuis.nl",
  "",
  "datastromen@hetwaterschapshuis.nl"
]

10:57:08.198 [ForkJoinPool-1-worker-3] INFO  com.intuit.karate - [print] organisation: [
  "Het Waterschapshuis",
  "Het Waterschapshuis",
  "Het Waterschapshuis",
  "Het Waterschapshuis"
]

10:57:08.203 [ForkJoinPool-1-worker-3] INFO  com.intuit.karate - [print] [
  "http://www.opengis.net/def/crs/EPSG/0/ETRS89",
  "https://www.nationaalgeoregister.nl/geonetwork/srv/api/records07575774-57a1-4419-bab4-6c88fdeb02b2"
]

10:57:08.428 [ForkJoinPool-1-worker-5] INFO  com.intuit.karate - [print] title:Wijk- en Buurtkaart 2019 versie 1
10:57:08.428 [ForkJoinPool-1-worker-5] INFO  com.intuit.karate - [print] Wijk- en Buurtkaart 2019 versie 1
10:57:08.430 [ForkJoinPool-1-worker-5] INFO  com.intuit.karate - [print] [
  "infoservice@cbs.nl",
  "infoservice@cbs.nl",
  "infoservice@cbs.nl",
  "",
  ""
]

10:57:08.431 [ForkJoinPool-1-worker-5] INFO  com.intuit.karate - [print] organisation: [
  "Centraal Bureau voor de Statistiek",
  "Centraal Bureau voor de Statistiek",
  "Centraal Bureau voor de Statistiek",
  "Kadaster"
]

10:57:08.436 [ForkJoinPool-1-worker-5] INFO  com.intuit.karate - [print] [
  ""
]

10:57:08.623 [ForkJoinPool-1-worker-7] INFO  com.intuit.karate - [print] title:Kwaliteit van drinkwater in Nederland (2012)
10:57:08.623 [ForkJoinPool-1-worker-7] INFO  com.intuit.karate - [print] Kwaliteit van drinkwater in Nederland (2012)
10:57:08.624 [ForkJoinPool-1-worker-7] INFO  com.intuit.karate - [print] [
  "geodata@rivm.nl",
  "",
  "geodata@rivm.nl"
]

10:57:08.625 [ForkJoinPool-1-worker-7] INFO  com.intuit.karate - [print] organisation: [
  "RIVM",
  ""
]

10:57:08.643 [ForkJoinPool-1-worker-7] INFO  com.intuit.karate - [print] [
  "https://data.rivm.nl/inspire/id#a98a6cdb-61cd-4107-b775-2334e6772ed5"
]

10:57:08.646 [ForkJoinPool-1-worker-11] INFO  com.intuit.karate - [print] title:Luchtfoto 2019 25cm CIR open data
10:57:08.646 [ForkJoinPool-1-worker-11] INFO  com.intuit.karate - [print] Luchtfoto 2019 25cm CIR open data
10:57:08.648 [ForkJoinPool-1-worker-11] INFO  com.intuit.karate - [print] [
  "PPB-GVA@kadaster.nl",
  "info@hetwaterschapshuis.nl",
  "kcc@kadaster.nl",
  "",
  "",
  "",
  "",
  "",
  ""
]

10:57:08.649 [ForkJoinPool-1-worker-11] INFO  com.intuit.karate - [print] organisation: [
  "Kadaster",
  "Het Waterschapshuis",
  "Kadaster",
  "Geocart",
  "Geocart",
  "Geocart",
  "Kadaster",
  "Kadaster"
]

10:57:08.654 [ForkJoinPool-1-worker-11] INFO  com.intuit.karate - [print] [
  "http://kadaster/2482250f-3b00-4439-9f93-f3118229b024",
  "",
  "",
  ""
]

10:57:08.764 [ForkJoinPool-1-worker-9] INFO  com.intuit.karate - [print] title:Gemeten Stikstofmonoxide concentraties in buitenlucht.
10:57:08.764 [ForkJoinPool-1-worker-9] INFO  com.intuit.karate - [print] Gemeten Stikstofmonoxide concentraties in buitenlucht.
10:57:08.765 [ForkJoinPool-1-worker-9] INFO  com.intuit.karate - [print] [
  "geodata@rivm.nl",
  "geodata@rivm.nl"
]

10:57:08.766 [ForkJoinPool-1-worker-9] INFO  com.intuit.karate - [print] organisation: no organisationName found in dataset record
10:57:08.769 [ForkJoinPool-1-worker-9] INFO  com.intuit.karate - [print] [
  "https://data.rivm.nl/inspire/id#b867ba72-5a7c-41fe-b997-394b56dfbd25"
]

10:57:08.795 [ForkJoinPool-1-worker-13] INFO  com.intuit.karate - [print] title:Vergunningen Mijnbouwwet onder INSPIRE
10:57:08.795 [ForkJoinPool-1-worker-13] INFO  com.intuit.karate - [print] Vergunningen Mijnbouwwet onder INSPIRE
10:57:08.795 [ForkJoinPool-1-worker-13] INFO  com.intuit.karate - [print] [
  "info@dinoloket.nl",
  "info@dinoloket.nl",
  "info@dinoloket.nl"
]

10:57:08.796 [ForkJoinPool-1-worker-13] INFO  com.intuit.karate - [print] organisation: [
  "TNO Geologische Dienst Nederland",
  "TNO Geologische Dienst Nederland",
  "TNO Geologische Dienst Nederland"
]

10:57:08.799 [ForkJoinPool-1-worker-13] INFO  com.intuit.karate - [print] [
  "https://nationaalgeoregister.nl/geonetwork/srv/resources8bdf76b6-c9c9-4011-a7bc-022ae14a4024",
  "http://rdfdata.eionet.europa.eu/inspirethemes/themes/24",
  "http://geonetwork-opensource.org/inspire-theme#",
  "https://www.nationaalgeoregister.nl/geonetwork/srv/eng/thesaurus.download?ref=external.theme.inspire-theme"
]

10:57:08.867 [ForkJoinPool-1-worker-3] INFO  com.intuit.karate - [print] title:Landbouwbedrijven
10:57:08.868 [ForkJoinPool-1-worker-3] INFO  com.intuit.karate - [print] Landbouwbedrijven
10:57:08.869 [ForkJoinPool-1-worker-3] INFO  com.intuit.karate - [print] [
  "geodatabeheer.giscc@rvo.nl",
  "gegevensvragenASB@rvo.nl",
  "gegevensvragenASB@rvo.nl"
]

10:57:08.870 [ForkJoinPool-1-worker-3] INFO  com.intuit.karate - [print] organisation: no organisationName found in dataset record
10:57:08.874 [ForkJoinPool-1-worker-3] INFO  com.intuit.karate - [print] [
  "https://www.nationaalgeoregister.nl/geonetwork/srv/dut/catalog.search#/metadata/0d6ccccc-7cfb-4eaa-8dc5-8b433d19b121",
  "http://geogedeeld.geonovum.nl/"
]

10:57:09.095 [ForkJoinPool-1-worker-5] INFO  com.intuit.karate - [print] title:Wijk- en Buurtkaart 2017 versie 3
10:57:09.096 [ForkJoinPool-1-worker-5] INFO  com.intuit.karate - [print] Wijk- en Buurtkaart 2017 versie 3
10:57:09.097 [ForkJoinPool-1-worker-5] INFO  com.intuit.karate - [print] [
  "infoservice@cbs.nl",
  "infoservice@cbs.nl",
  "infoservice@cbs.nl",
  "",
  ""
]

10:57:09.099 [ForkJoinPool-1-worker-5] INFO  com.intuit.karate - [print] organisation: [
  "Centraal Bureau voor de Statistiek",
  "Centraal Bureau voor de Statistiek",
  "Centraal Bureau voor de Statistiek",
  "Kadaster"
]

10:57:09.108 [ForkJoinPool-1-worker-5] INFO  com.intuit.karate - [print] [
  ""
]

10:57:09.310 [ForkJoinPool-1-worker-7] INFO  com.intuit.karate - [print] title:Natuurlijke alfa activiteitsconcentratie in lucht Nationaal Meetnet Radioactiviteit 2011
10:57:09.310 [ForkJoinPool-1-worker-7] INFO  com.intuit.karate - [print] Natuurlijke alfa activiteitsconcentratie in lucht Nationaal Meetnet Radioactiviteit 2011
10:57:09.311 [ForkJoinPool-1-worker-7] INFO  com.intuit.karate - [print] [
  "geodata@rivm.nl",
  "",
  "geodata@rivm.nl"
]

10:57:09.313 [ForkJoinPool-1-worker-7] INFO  com.intuit.karate - [print] organisation: no organisationName found in dataset record
10:57:09.316 [ForkJoinPool-1-worker-7] INFO  com.intuit.karate - [print] [
  "https://data.rivm.nl/inspire/id#10fcd5a9-3804-48e3-bcbd-d816594dbb6f"
]

10:57:09.426 [ForkJoinPool-1-worker-11] INFO  com.intuit.karate - [print] title:Netwerk van KNMI waarneemstations
10:57:09.426 [ForkJoinPool-1-worker-11] INFO  com.intuit.karate - [print] Netwerk van KNMI waarneemstations
10:57:09.428 [ForkJoinPool-1-worker-11] INFO  com.intuit.karate - [print] [
  "datacentrum@knmi.nl",
  "datacentrum@knmi.nl",
  "datacentrum@knmi.nl"
]

10:57:09.429 [ForkJoinPool-1-worker-11] INFO  com.intuit.karate - [print] organisation: [
  "Koninklijk Nederlands Meteorologisch Instituut (KNMI)",
  "Koninklijk Nederlands Meteorologisch Instituut (KNMI)",
  "Koninklijk Nederlands Meteorologisch Instituut (KNMI)"
]

10:57:09.434 [ForkJoinPool-1-worker-11] INFO  com.intuit.karate - [print] [
  "https://www.nationaalgeoregister.nl/geonetwork/srv/api/records6c6be9c5-b09b-4dcf-a5fd-f149cbaca6fb",
  "https://creativecommons.org/publicdomain/zero/*/deed.nl"
]

10:57:09.469 [ForkJoinPool-1-worker-3] INFO  com.intuit.karate - [print] title:Luchtvaartinformatie
10:57:09.469 [ForkJoinPool-1-worker-3] INFO  com.intuit.karate - [print] Luchtvaartinformatie
10:57:09.471 [ForkJoinPool-1-worker-3] INFO  com.intuit.karate - [print] [
  "AIS@LVNL.NL",
  "AIS@LVNL.nl"
]

10:57:09.471 [ForkJoinPool-1-worker-3] INFO  com.intuit.karate - [print] organisation: [
  "Luchtverkeersleiding Nederland (LVNL)",
  "Luchtverkeersleiding Nederland (LVNL)"
]

10:57:09.474 [ForkJoinPool-1-worker-3] INFO  com.intuit.karate - [print] [
  "u",
  "r",
  "n",
  ":",
  "o",
  "g",
  "c",
  ":",
  "d",
  "e",
  "f",
  ":",
  "c",
  "r",
  "s",
  ":",
  "E",
  "P",
  "S",
  "G",
  ":",
  ":",
  "5",
  "6",
  "2",
  "1"
]

10:57:09.507 [ForkJoinPool-1-worker-9] INFO  com.intuit.karate - [print] title:Gebieden in de Eemsmonding en de Dollard
10:57:09.508 [ForkJoinPool-1-worker-9] INFO  com.intuit.karate - [print] Gebieden in de Eemsmonding en de Dollard
10:57:09.509 [ForkJoinPool-1-worker-9] INFO  com.intuit.karate - [print] [
  "data@hydro.nl",
  "data@hydro.nl",
  "data@hydro.nl"
]

10:57:09.512 [ForkJoinPool-1-worker-9] INFO  com.intuit.karate - [print] organisation: [
  "Ministerie van Defensie, Koninklijke Marine, Dienst der Hydrografie",
  "Ministerie van Defensie, Koninklijke Marine, Dienst der Hydrografie"
]

10:57:09.515 [ForkJoinPool-1-worker-9] INFO  com.intuit.karate - [print] [
  "http://www.opengis.net/def/crs/EPSG/0/https://www.opengis.net/def/crs/EPSG/0/4258",
  "https://www.nationaalgeoregister.nl/geonetwork/srv/api/recordsf44dac86-2228-412f-8355-e56446ca9933",
  "www.hydro.nl"
]

10:57:09.609 [ForkJoinPool-1-worker-13] INFO  com.intuit.karate - [print] title:Luchtfoto 2019 25cm RGB open data
10:57:09.609 [ForkJoinPool-1-worker-13] INFO  com.intuit.karate - [print] Luchtfoto 2019 25cm RGB open data
10:57:09.610 [ForkJoinPool-1-worker-13] INFO  com.intuit.karate - [print] [
  "PPB-GVA@kadaster.nl",
  "info@hetwaterschapshuis.nl",
  "kcc@kadaster.nl",
  "",
  "",
  "",
  "",
  "",
  ""
]

10:57:09.611 [ForkJoinPool-1-worker-13] INFO  com.intuit.karate - [print] organisation: [
  "Kadaster",
  "Het Waterschapshuis",
  "Kadaster",
  "Geocart",
  "Geocart",
  "Geocart",
  "Kadaster",
  "Kadaster"
]

10:57:09.614 [ForkJoinPool-1-worker-13] INFO  com.intuit.karate - [print] [
  "http://kadaster/2482250f-3b00-4439-9f93-f3118229b023",
  "",
  "",
  ""
]

10:57:09.709 [ForkJoinPool-1-worker-5] INFO  com.intuit.karate - [print] title:Natura 2000 (INSPIRE geharmoniseerd)
10:57:09.709 [ForkJoinPool-1-worker-5] INFO  com.intuit.karate - [print] Natura 2000 (INSPIRE geharmoniseerd)
10:57:09.710 [ForkJoinPool-1-worker-5] INFO  com.intuit.karate - [print] [
  "geodatabeheer.giscc@rvo.nl",
  "geodatabeheer.giscc@rvo.nl",
  "beheer@pdok.nl"
]

10:57:09.712 [ForkJoinPool-1-worker-5] INFO  com.intuit.karate - [print] organisation: Ministerie van Landbouw, Natuur en Voedselkwaliteit
10:57:09.715 [ForkJoinPool-1-worker-5] INFO  com.intuit.karate - [print] [
  "http://nationaalgeoregister.nl/geonetwork/srv/dut/catalog.search#/metadata/280ed37a-b8d2-4ac5-8567-04d84fad3a41",
  "https://creativecommons.org/publicdomain/mark/*/deed.nl",
  "https://data.overheid.nl/organisatie/PDOK"
]

10:57:11.110 [pool-1-thread-2] INFO  com.intuit.karate.Runner - <<fail>> feature 2 of 9: classpath:InspireTest/ngr/datasetrecords/ngr-check-dataset-record.feature
---------------------------------------------------------
feature: classpath:InspireTest/ngr/datasetrecords/ngr-check-dataset-record.feature
report: target/surefire-reports/InspireTest.ngr.datasetrecords.ngr-check-dataset-record.json
scenarios: 197 | passed: 194 | failed:  3 | time: 139.3423
---------------------------------------------------------
Karate version: 0.9.5
======================================================
elapsed: 177.74 | threads:    6 | thread time: 1047.99 
features:     5 | ignored:    4 | efficiency: 0.98
scenarios:  577 | passed:   394 | failed: 183
======================================================
failed features:
InspireTest.ngr.datasetrecords.check-known-links: [1.28:4] check-known-links.feature:10 - feature call (loop) failed: classpath:InspireTest/ngr/datasetrecords/def/checkxlinkurl.template.feature
caller: classpath:InspireTest/ngr/datasetrecords/check-known-links.feature
items: [{link=http://inspire.ec.europa.eu/metadata-codelist/PriorityDataset#}]
errors:
-------
feature call (loop) failed at index: 0
caller: classpath:InspireTest/ngr/datasetrecords/def/checkxlinkurl.template.feature
arg: {"link":"http://inspire.ec.europa.eu/metadata-codelist/PriorityDataset#"}
checkxlinkurl.template.feature:14 - 
java.net.SocketTimeoutException: Read timed out
InspireTest.ngr.datasetrecords.ngr-check-dataset-record: [1.17:16] ngr-check-dataset-record.feature:48 - xpath does not exist: /GetRecordByIdResponse//@href on response
[1.61:16] ngr-check-dataset-record.feature:48 - xpath does not exist: /GetRecordByIdResponse//@href on response
[1.112:16] ngr-check-dataset-record.feature:48 - xpath does not exist: /GetRecordByIdResponse//@href on response
InspireTest.ngr.datasetrecords.check-known-dataset-record: [1.1:16] check-known-dataset-record.feature:79 - feature call (loop) failed: classpath:InspireTest/ngr/datasetrecords/def/checkxlinkurl.template.feature
caller: classpath:InspireTest/ngr/datasetrecords/check-known-dataset-record.feature
items: [{link=http://nationaalgeoregister.nl/geonetwork/srv/dut/catalog.search#/metadata/247a1d15-0a67-40ce-85be-1403c08f15a8}, {link=xlink:href=https://inspire.ec.europa.eu/id/document/tg/ps}, {link=https://data.overheid.nl/organisatie/PDOK}]
errors:
-------
feature call (loop) failed at index: 1
caller: classpath:InspireTest/ngr/datasetrecords/def/checkxlinkurl.template.feature
arg: {"link":"xlink:href=https://inspire.ec.europa.eu/id/document/tg/ps"}
checkxlinkurl.template.feature:14 - 
org.apache.http.client.ClientProtocolException: URI does not specify a valid host name: xlink:href=https://inspire.ec.europa.eu/id/document/tg/ps
-------
feature call (loop) failed at index: 2
caller: classpath:InspireTest/ngr/datasetrecords/def/checkxlinkurl.template.feature
arg: {"link":"https://data.overheid.nl/organisatie/PDOK"}
checkxlinkurl.template.feature:22 - path: $, actual: 404, expected: 200, reason: not equal (Integer)
[1.2:16] check-known-dataset-record.feature:79 - feature call (loop) failed: classpath:InspireTest/ngr/datasetrecords/def/checkxlinkurl.template.feature
caller: classpath:InspireTest/ngr/datasetrecords/check-known-dataset-record.feature
items: [{link=http://kadaster/06b6c650-cdb1-11dd-ad8b-0800200c9a79}]
errors:
-------
feature call (loop) failed at index: 0
caller: classpath:InspireTest/ngr/datasetrecords/def/checkxlinkurl.template.feature
arg: {"link":"http://kadaster/06b6c650-cdb1-11dd-ad8b-0800200c9a79"}
checkxlinkurl.template.feature:14 - 
java.net.UnknownHostException: kadaster: Temporary failure in name resolution
[1.3:16] check-known-dataset-record.feature:79 - feature call (loop) failed: classpath:InspireTest/ngr/datasetrecords/def/checkxlinkurl.template.feature
caller: classpath:InspireTest/ngr/datasetrecords/check-known-dataset-record.feature
items: [{link=https://data.rivm.nl/inspire/id#64d546c9-71d4-4c84-a04c-61c5d0734f65}]
errors:
-------
feature call (loop) failed at index: 0
caller: classpath:InspireTest/ngr/datasetrecords/def/checkxlinkurl.template.feature
arg: {"link":"https://data.rivm.nl/inspire/id#64d546c9-71d4-4c84-a04c-61c5d0734f65"}
checkxlinkurl.template.feature:14 - 
javax.net.ssl.SSLException: Connection reset
[1.4:16] check-known-dataset-record.feature:79 - feature call (loop) failed: classpath:InspireTest/ngr/datasetrecords/def/checkxlinkurl.template.feature
caller: classpath:InspireTest/ngr/datasetrecords/check-known-dataset-record.feature
items: [{link=http://www.opengis.net/def/crs/EPSG/0/https://www.opengis.net/def/crs/EPSG/0/4258}, {link=https://www.nationaalgeoregister.nl/geonetwork/srv/api/recordsbe6551de-a709-4c6d-a5e2-f63f0cf038ba}]
errors:
-------
feature call (loop) failed at index: 1
caller: classpath:InspireTest/ngr/datasetrecords/def/checkxlinkurl.template.feature
arg: {"link":"https://www.nationaalgeoregister.nl/geonetwork/srv/api/recordsbe6551de-a709-4c6d-a5e2-f63f0cf038ba"}
checkxlinkurl.template.feature:22 - path: $, actual: 500, expected: 200, reason: not equal (Integer)
[1.5:16] check-known-dataset-record.feature:79 - feature call (loop) failed: classpath:InspireTest/ngr/datasetrecords/def/checkxlinkurl.template.feature
caller: classpath:InspireTest/ngr/datasetrecords/check-known-dataset-record.feature
items: [{link=http://www.opengis.net/def/crs/EPSG/0/http://www.opengis.net/def/crs/EPSG/0/4258}, {link=http://kadaster/80b2d12c-32be-54fg-b6d3—34f4ffc06cf3}]
errors:
-------
feature call (loop) failed at index: 1
caller: classpath:InspireTest/ngr/datasetrecords/def/checkxlinkurl.template.feature
arg: {"link":"http://kadaster/80b2d12c-32be-54fg-b6d3\u201434f4ffc06cf3"}
checkxlinkurl.template.feature:14 - 
java.net.UnknownHostException: kadaster
[1.6:16] check-known-dataset-record.feature:79 - feature call (loop) failed: classpath:InspireTest/ngr/datasetrecords/def/checkxlinkurl.template.feature
caller: classpath:InspireTest/ngr/datasetrecords/check-known-dataset-record.feature
items: [{link=http://kadaster/2482250f-3b00-4439-9f93-f3118229b017}, {link=}, {link=}, {link=}]
errors:
-------
feature call (loop) failed at index: 0
caller: classpath:InspireTest/ngr/datasetrecords/def/checkxlinkurl.template.feature
arg: {"link":"http://kadaster/2482250f-3b00-4439-9f93-f3118229b017"}
checkxlinkurl.template.feature:14 - 
java.net.UnknownHostException: kadaster
-------
feature call (loop) failed at index: 1
caller: classpath:InspireTest/ngr/datasetrecords/def/checkxlinkurl.template.feature
arg: {"link":""}
checkxlinkurl.template.feature:14 - 
org.apache.http.client.ClientProtocolException
-------
feature call (loop) failed at index: 2
caller: classpath:InspireTest/ngr/datasetrecords/def/checkxlinkurl.template.feature
arg: {"link":""}
checkxlinkurl.template.feature:14 - 
org.apache.http.client.ClientProtocolException
-------
feature call (loop) failed at index: 3
caller: classpath:InspireTest/ngr/datasetrecords/def/checkxlinkurl.template.feature
arg: {"link":""}
checkxlinkurl.template.feature:14 - 
org.apache.http.client.ClientProtocolException
[1.7:16] check-known-dataset-record.feature:79 - feature call (loop) failed: classpath:InspireTest/ngr/datasetrecords/def/checkxlinkurl.template.feature
caller: classpath:InspireTest/ngr/datasetrecords/check-known-dataset-record.feature
items: [{link=h}, {link=t}, {link=t}, {link=p}, {link=:}, {link=/}, {link=/}, {link=s}, {link=t}, {link=a}, {link=n}, {link=d}, {link=a}, {link=r}, {link=d}, {link=s}, {link=.}, {link=i}, {link=s}, {link=o}, {link=.}, {link=o}, {link=r}, {link=g}, {link=/}, {link=i}, {link=t}, {link=t}, {link=f}, {link=/}, {link=P}, {link=u}, {link=b}, {link=l}, {link=i}, {link=c}, {link=l}, {link=y}, {link=A}, {link=v}, {link=a}, {link=i}, {link=l}, {link=a}, {link=b}, {link=l}, {link=e}, {link=S}, {link=t}, {link=a}, {link=n}, {link=d}, {link=a}, {link=r}, {link=d}, {link=s}, {link=/}, {link=I}, {link=S}, {link=O}, {link=_}, {link=1}, {link=9}, {link=1}, {link=3}, {link=9}, {link=_}, {link=S}, {link=c}, {link=h}, {link=e}, {link=m}, {link=a}, {link=s}, {link=/}, {link=r}, {link=e}, {link=s}, {link=o}, {link=u}, {link=r}, {link=c}, {link=e}, {link=s}, {link=/}, {link=u}, {link=o}, {link=m}, {link=/}, {link=g}, {link=m}, {link=x}, {link=U}, {link=o}, {link=m}, {link=.}, {link=x}, {link=m}, {link=l}, {link=#}, {link=m}]
errors:
-------
feature call (loop) failed at index: 0
caller: classpath:InspireTest/ngr/datasetrecords/def/checkxlinkurl.template.feature
arg: {"link":"h"}
checkxlinkurl.template.feature:14 - 
org.apache.http.client.ClientProtocolException
-------
feature call (loop) failed at index: 1
caller: classpath:InspireTest/ngr/datasetrecords/def/checkxlinkurl.template.feature
arg: {"link":"t"}
checkxlinkurl.template.feature:14 - 
org.apache.http.client.ClientProtocolException
-------
feature call (loop) failed at index: 2
caller: classpath:InspireTest/ngr/datasetrecords/def/checkxlinkurl.template.feature
arg: {"link":"t"}
checkxlinkurl.template.feature:14 - 
org.apache.http.client.ClientProtocolException
-------
feature call (loop) failed at index: 3
caller: classpath:InspireTest/ngr/datasetrecords/def/checkxlinkurl.template.feature
arg: {"link":"p"}
checkxlinkurl.template.feature:14 - 
org.apache.http.client.ClientProtocolException
-------
feature call (loop) failed at index: 4
caller: classpath:InspireTest/ngr/datasetrecords/def/checkxlinkurl.template.feature
arg: {"link":":"}
checkxlinkurl.template.feature:14 - java.net.URISyntaxException: Expected scheme name at index 0: :
-------
feature call (loop) failed at index: 5
caller: classpath:InspireTest/ngr/datasetrecords/def/checkxlinkurl.template.feature
arg: {"link":"/"}
checkxlinkurl.template.feature:14 - 
org.apache.http.client.ClientProtocolException
-------
feature call (loop) failed at index: 6
caller: classpath:InspireTest/ngr/datasetrecords/def/checkxlinkurl.template.feature
arg: {"link":"/"}
checkxlinkurl.template.feature:14 - 
org.apache.http.client.ClientProtocolException
-------
feature call (loop) failed at index: 7
caller: classpath:InspireTest/ngr/datasetrecords/def/checkxlinkurl.template.feature
arg: {"link":"s"}
checkxlinkurl.template.feature:14 - 
org.apache.http.client.ClientProtocolException
-------
feature call (loop) failed at index: 8
caller: classpath:InspireTest/ngr/datasetrecords/def/checkxlinkurl.template.feature
arg: {"link":"t"}
checkxlinkurl.template.feature:14 - 
org.apache.http.client.ClientProtocolException
-------
feature call (loop) failed at index: 9
caller: classpath:InspireTest/ngr/datasetrecords/def/checkxlinkurl.template.feature
arg: {"link":"a"}
checkxlinkurl.template.feature:14 - 
org.apache.http.client.ClientProtocolException
-------
feature call (loop) failed at index: 10
caller: classpath:InspireTest/ngr/datasetrecords/def/checkxlinkurl.template.feature
arg: {"link":"n"}
checkxlinkurl.template.feature:14 - 
org.apache.http.client.ClientProtocolException
-------
feature call (loop) failed at index: 11
caller: classpath:InspireTest/ngr/datasetrecords/def/checkxlinkurl.template.feature
arg: {"link":"d"}
checkxlinkurl.template.feature:14 - 
org.apache.http.client.ClientProtocolException
-------
feature call (loop) failed at index: 12
caller: classpath:InspireTest/ngr/datasetrecords/def/checkxlinkurl.template.feature
arg: {"link":"a"}
checkxlinkurl.template.feature:14 - 
org.apache.http.client.ClientProtocolException
-------
feature call (loop) failed at index: 13
caller: classpath:InspireTest/ngr/datasetrecords/def/checkxlinkurl.template.feature
arg: {"link":"r"}
checkxlinkurl.template.feature:14 - 
org.apache.http.client.ClientProtocolException
-------
feature call (loop) failed at index: 14
caller: classpath:InspireTest/ngr/datasetrecords/def/checkxlinkurl.template.feature
arg: {"link":"d"}
checkxlinkurl.template.feature:14 - 
org.apache.http.client.ClientProtocolException
-------
feature call (loop) failed at index: 15
caller: classpath:InspireTest/ngr/datasetrecords/def/checkxlinkurl.template.feature
arg: {"link":"s"}
checkxlinkurl.template.feature:14 - 
org.apache.http.client.ClientProtocolException
-------
feature call (loop) failed at index: 16
caller: classpath:InspireTest/ngr/datasetrecords/def/checkxlinkurl.template.feature
arg: {"link":"."}
checkxlinkurl.template.feature:14 - 
org.apache.http.client.ClientProtocolException
-------
feature call (loop) failed at index: 17
caller: classpath:InspireTest/ngr/datasetrecords/def/checkxlinkurl.template.feature
arg: {"link":"i"}
checkxlinkurl.template.feature:14 - 
org.apache.http.client.ClientProtocolException
-------
feature call (loop) failed at index: 18
caller: classpath:InspireTest/ngr/datasetrecords/def/checkxlinkurl.template.feature
arg: {"link":"s"}
checkxlinkurl.template.feature:14 - 
org.apache.http.client.ClientProtocolException
-------
feature call (loop) failed at index: 19
caller: classpath:InspireTest/ngr/datasetrecords/def/checkxlinkurl.template.feature
arg: {"link":"o"}
checkxlinkurl.template.feature:14 - 
org.apache.http.client.ClientProtocolException
-------
feature call (loop) failed at index: 20
caller: classpath:InspireTest/ngr/datasetrecords/def/checkxlinkurl.template.feature
arg: {"link":"."}
checkxlinkurl.template.feature:14 - 
org.apache.http.client.ClientProtocolException
-------
feature call (loop) failed at index: 21
caller: classpath:InspireTest/ngr/datasetrecords/def/checkxlinkurl.template.feature
arg: {"link":"o"}
checkxlinkurl.template.feature:14 - 
org.apache.http.client.ClientProtocolException
-------
feature call (loop) failed at index: 22
caller: classpath:InspireTest/ngr/datasetrecords/def/checkxlinkurl.template.feature
arg: {"link":"r"}
checkxlinkurl.template.feature:14 - 
org.apache.http.client.ClientProtocolException
-------
feature call (loop) failed at index: 23
caller: classpath:InspireTest/ngr/datasetrecords/def/checkxlinkurl.template.feature
arg: {"link":"g"}
checkxlinkurl.template.feature:14 - 
org.apache.http.client.ClientProtocolException
-------
feature call (loop) failed at index: 24
caller: classpath:InspireTest/ngr/datasetrecords/def/checkxlinkurl.template.feature
arg: {"link":"/"}
checkxlinkurl.template.feature:14 - 
org.apache.http.client.ClientProtocolException
-------
feature call (loop) failed at index: 25
caller: classpath:InspireTest/ngr/datasetrecords/def/checkxlinkurl.template.feature
arg: {"link":"i"}
checkxlinkurl.template.feature:14 - 
org.apache.http.client.ClientProtocolException
-------
feature call (loop) failed at index: 26
caller: classpath:InspireTest/ngr/datasetrecords/def/checkxlinkurl.template.feature
arg: {"link":"t"}
checkxlinkurl.template.feature:14 - 
org.apache.http.client.ClientProtocolException
-------
feature call (loop) failed at index: 27
caller: classpath:InspireTest/ngr/datasetrecords/def/checkxlinkurl.template.feature
arg: {"link":"t"}
checkxlinkurl.template.feature:14 - 
org.apache.http.client.ClientProtocolException
-------
feature call (loop) failed at index: 28
caller: classpath:InspireTest/ngr/datasetrecords/def/checkxlinkurl.template.feature
arg: {"link":"f"}
checkxlinkurl.template.feature:14 - 
org.apache.http.client.ClientProtocolException
-------
feature call (loop) failed at index: 29
caller: classpath:InspireTest/ngr/datasetrecords/def/checkxlinkurl.template.feature
arg: {"link":"/"}
checkxlinkurl.template.feature:14 - 
org.apache.http.client.ClientProtocolException
-------
feature call (loop) failed at index: 30
caller: classpath:InspireTest/ngr/datasetrecords/def/checkxlinkurl.template.feature
arg: {"link":"P"}
checkxlinkurl.template.feature:14 - 
org.apache.http.client.ClientProtocolException
-------
feature call (loop) failed at index: 31
caller: classpath:InspireTest/ngr/datasetrecords/def/checkxlinkurl.template.feature
arg: {"link":"u"}
checkxlinkurl.template.feature:14 - 
org.apache.http.client.ClientProtocolException
-------
feature call (loop) failed at index: 32
caller: classpath:InspireTest/ngr/datasetrecords/def/checkxlinkurl.template.feature
arg: {"link":"b"}
checkxlinkurl.template.feature:14 - 
org.apache.http.client.ClientProtocolException
-------
feature call (loop) failed at index: 33
caller: classpath:InspireTest/ngr/datasetrecords/def/checkxlinkurl.template.feature
arg: {"link":"l"}
checkxlinkurl.template.feature:14 - 
org.apache.http.client.ClientProtocolException
-------
feature call (loop) failed at index: 34
caller: classpath:InspireTest/ngr/datasetrecords/def/checkxlinkurl.template.feature
arg: {"link":"i"}
checkxlinkurl.template.feature:14 - 
org.apache.http.client.ClientProtocolException
-------
feature call (loop) failed at index: 35
caller: classpath:InspireTest/ngr/datasetrecords/def/checkxlinkurl.template.feature
arg: {"link":"c"}
checkxlinkurl.template.feature:14 - 
org.apache.http.client.ClientProtocolException
-------
feature call (loop) failed at index: 36
caller: classpath:InspireTest/ngr/datasetrecords/def/checkxlinkurl.template.feature
arg: {"link":"l"}
checkxlinkurl.template.feature:14 - 
org.apache.http.client.ClientProtocolException
-------
feature call (loop) failed at index: 37
caller: classpath:InspireTest/ngr/datasetrecords/def/checkxlinkurl.template.feature
arg: {"link":"y"}
checkxlinkurl.template.feature:14 - 
org.apache.http.client.ClientProtocolException
-------
feature call (loop) failed at index: 38
caller: classpath:InspireTest/ngr/datasetrecords/def/checkxlinkurl.template.feature
arg: {"link":"A"}
checkxlinkurl.template.feature:14 - 
org.apache.http.client.ClientProtocolException
-------
feature call (loop) failed at index: 39
caller: classpath:InspireTest/ngr/datasetrecords/def/checkxlinkurl.template.feature
arg: {"link":"v"}
checkxlinkurl.template.feature:14 - 
org.apache.http.client.ClientProtocolException
-------
feature call (loop) failed at index: 40
caller: classpath:InspireTest/ngr/datasetrecords/def/checkxlinkurl.template.feature
arg: {"link":"a"}
checkxlinkurl.template.feature:14 - 
org.apache.http.client.ClientProtocolException
-------
feature call (loop) failed at index: 41
caller: classpath:InspireTest/ngr/datasetrecords/def/checkxlinkurl.template.feature
arg: {"link":"i"}
checkxlinkurl.template.feature:14 - 
org.apache.http.client.ClientProtocolException
-------
feature call (loop) failed at index: 42
caller: classpath:InspireTest/ngr/datasetrecords/def/checkxlinkurl.template.feature
arg: {"link":"l"}
checkxlinkurl.template.feature:14 - 
org.apache.http.client.ClientProtocolException
-------
feature call (loop) failed at index: 43
caller: classpath:InspireTest/ngr/datasetrecords/def/checkxlinkurl.template.feature
arg: {"link":"a"}
checkxlinkurl.template.feature:14 - 
org.apache.http.client.ClientProtocolException
-------
feature call (loop) failed at index: 44
caller: classpath:InspireTest/ngr/datasetrecords/def/checkxlinkurl.template.feature
arg: {"link":"b"}
checkxlinkurl.template.feature:14 - 
org.apache.http.client.ClientProtocolException
-------
feature call (loop) failed at index: 45
caller: classpath:InspireTest/ngr/datasetrecords/def/checkxlinkurl.template.feature
arg: {"link":"l"}
checkxlinkurl.template.feature:14 - 
org.apache.http.client.ClientProtocolException
-------
feature call (loop) failed at index: 46
caller: classpath:InspireTest/ngr/datasetrecords/def/checkxlinkurl.template.feature
arg: {"link":"e"}
checkxlinkurl.template.feature:14 - 
org.apache.http.client.ClientProtocolException
-------
feature call (loop) failed at index: 47
caller: classpath:InspireTest/ngr/datasetrecords/def/checkxlinkurl.template.feature
arg: {"link":"S"}
checkxlinkurl.template.feature:14 - 
org.apache.http.client.ClientProtocolException
-------
feature call (loop) failed at index: 48
caller: classpath:InspireTest/ngr/datasetrecords/def/checkxlinkurl.template.feature
arg: {"link":"t"}
checkxlinkurl.template.feature:14 - 
org.apache.http.client.ClientProtocolException
-------
feature call (loop) failed at index: 49
caller: classpath:InspireTest/ngr/datasetrecords/def/checkxlinkurl.template.feature
arg: {"link":"a"}
checkxlinkurl.template.feature:14 - 
org.apache.http.client.ClientProtocolException
-------
feature call (loop) failed at index: 50
caller: classpath:InspireTest/ngr/datasetrecords/def/checkxlinkurl.template.feature
arg: {"link":"n"}
checkxlinkurl.template.feature:14 - 
org.apache.http.client.ClientProtocolException
-------
feature call (loop) failed at index: 51
caller: classpath:InspireTest/ngr/datasetrecords/def/checkxlinkurl.template.feature
arg: {"link":"d"}
checkxlinkurl.template.feature:14 - 
org.apache.http.client.ClientProtocolException
-------
feature call (loop) failed at index: 52
caller: classpath:InspireTest/ngr/datasetrecords/def/checkxlinkurl.template.feature
arg: {"link":"a"}
checkxlinkurl.template.feature:14 - 
org.apache.http.client.ClientProtocolException
-------
feature call (loop) failed at index: 53
caller: classpath:InspireTest/ngr/datasetrecords/def/checkxlinkurl.template.feature
arg: {"link":"r"}
checkxlinkurl.template.feature:14 - 
org.apache.http.client.ClientProtocolException
-------
feature call (loop) failed at index: 54
caller: classpath:InspireTest/ngr/datasetrecords/def/checkxlinkurl.template.feature
arg: {"link":"d"}
checkxlinkurl.template.feature:14 - 
org.apache.http.client.ClientProtocolException
-------
feature call (loop) failed at index: 55
caller: classpath:InspireTest/ngr/datasetrecords/def/checkxlinkurl.template.feature
arg: {"link":"s"}
checkxlinkurl.template.feature:14 - 
org.apache.http.client.ClientProtocolException
-------
feature call (loop) failed at index: 56
caller: classpath:InspireTest/ngr/datasetrecords/def/checkxlinkurl.template.feature
arg: {"link":"/"}
checkxlinkurl.template.feature:14 - 
org.apache.http.client.ClientProtocolException
-------
feature call (loop) failed at index: 57
caller: classpath:InspireTest/ngr/datasetrecords/def/checkxlinkurl.template.feature
arg: {"link":"I"}
checkxlinkurl.template.feature:14 - 
org.apache.http.client.ClientProtocolException
-------
feature call (loop) failed at index: 58
caller: classpath:InspireTest/ngr/datasetrecords/def/checkxlinkurl.template.feature
arg: {"link":"S"}
checkxlinkurl.template.feature:14 - 
org.apache.http.client.ClientProtocolException
-------
feature call (loop) failed at index: 59
caller: classpath:InspireTest/ngr/datasetrecords/def/checkxlinkurl.template.feature
arg: {"link":"O"}
checkxlinkurl.template.feature:14 - 
org.apache.http.client.ClientProtocolException
-------
feature call (loop) failed at index: 60
caller: classpath:InspireTest/ngr/datasetrecords/def/checkxlinkurl.template.feature
arg: {"link":"_"}
checkxlinkurl.template.feature:14 - 
org.apache.http.client.ClientProtocolException
-------
feature call (loop) failed at index: 61
caller: classpath:InspireTest/ngr/datasetrecords/def/checkxlinkurl.template.feature
arg: {"link":"1"}
checkxlinkurl.template.feature:14 - 
org.apache.http.client.ClientProtocolException
-------
feature call (loop) failed at index: 62
caller: classpath:InspireTest/ngr/datasetrecords/def/checkxlinkurl.template.feature
arg: {"link":"9"}
checkxlinkurl.template.feature:14 - 
org.apache.http.client.ClientProtocolException
-------
feature call (loop) failed at index: 63
caller: classpath:InspireTest/ngr/datasetrecords/def/checkxlinkurl.template.feature
arg: {"link":"1"}
checkxlinkurl.template.feature:14 - 
org.apache.http.client.ClientProtocolException
-------
feature call (loop) failed at index: 64
caller: classpath:InspireTest/ngr/datasetrecords/def/checkxlinkurl.template.feature
arg: {"link":"3"}
checkxlinkurl.template.feature:14 - 
org.apache.http.client.ClientProtocolException
-------
feature call (loop) failed at index: 65
caller: classpath:InspireTest/ngr/datasetrecords/def/checkxlinkurl.template.feature
arg: {"link":"9"}
checkxlinkurl.template.feature:14 - 
org.apache.http.client.ClientProtocolException
-------
feature call (loop) failed at index: 66
caller: classpath:InspireTest/ngr/datasetrecords/def/checkxlinkurl.template.feature
arg: {"link":"_"}
checkxlinkurl.template.feature:14 - 
org.apache.http.client.ClientProtocolException
-------
feature call (loop) failed at index: 67
caller: classpath:InspireTest/ngr/datasetrecords/def/checkxlinkurl.template.feature
arg: {"link":"S"}
checkxlinkurl.template.feature:14 - 
org.apache.http.client.ClientProtocolException
-------
feature call (loop) failed at index: 68
caller: classpath:InspireTest/ngr/datasetrecords/def/checkxlinkurl.template.feature
arg: {"link":"c"}
checkxlinkurl.template.feature:14 - 
org.apache.http.client.ClientProtocolException
-------
feature call (loop) failed at index: 69
caller: classpath:InspireTest/ngr/datasetrecords/def/checkxlinkurl.template.feature
arg: {"link":"h"}
checkxlinkurl.template.feature:14 - 
org.apache.http.client.ClientProtocolException
-------
feature call (loop) failed at index: 70
caller: classpath:InspireTest/ngr/datasetrecords/def/checkxlinkurl.template.feature
arg: {"link":"e"}
checkxlinkurl.template.feature:14 - 
org.apache.http.client.ClientProtocolException
-------
feature call (loop) failed at index: 71
caller: classpath:InspireTest/ngr/datasetrecords/def/checkxlinkurl.template.feature
arg: {"link":"m"}
checkxlinkurl.template.feature:14 - 
org.apache.http.client.ClientProtocolException
-------
feature call (loop) failed at index: 72
caller: classpath:InspireTest/ngr/datasetrecords/def/checkxlinkurl.template.feature
arg: {"link":"a"}
checkxlinkurl.template.feature:14 - 
org.apache.http.client.ClientProtocolException
-------
feature call (loop) failed at index: 73
caller: classpath:InspireTest/ngr/datasetrecords/def/checkxlinkurl.template.feature
arg: {"link":"s"}
checkxlinkurl.template.feature:14 - 
org.apache.http.client.ClientProtocolException
-------
feature call (loop) failed at index: 74
caller: classpath:InspireTest/ngr/datasetrecords/def/checkxlinkurl.template.feature
arg: {"link":"/"}
checkxlinkurl.template.feature:14 - 
org.apache.http.client.ClientProtocolException
-------
feature call (loop) failed at index: 75
caller: classpath:InspireTest/ngr/datasetrecords/def/checkxlinkurl.template.feature
arg: {"link":"r"}
checkxlinkurl.template.feature:14 - 
org.apache.http.client.ClientProtocolException
-------
feature call (loop) failed at index: 76
caller: classpath:InspireTest/ngr/datasetrecords/def/checkxlinkurl.template.feature
arg: {"link":"e"}
checkxlinkurl.template.feature:14 - 
org.apache.http.client.ClientProtocolException
-------
feature call (loop) failed at index: 77
caller: classpath:InspireTest/ngr/datasetrecords/def/checkxlinkurl.template.feature
arg: {"link":"s"}
checkxlinkurl.template.feature:14 - 
org.apache.http.client.ClientProtocolException
-------
feature call (loop) failed at index: 78
caller: classpath:InspireTest/ngr/datasetrecords/def/checkxlinkurl.template.feature
arg: {"link":"o"}
checkxlinkurl.template.feature:14 - 
org.apache.http.client.ClientProtocolException
-------
feature call (loop) failed at index: 79
caller: classpath:InspireTest/ngr/datasetrecords/def/checkxlinkurl.template.feature
arg: {"link":"u"}
checkxlinkurl.template.feature:14 - 
org.apache.http.client.ClientProtocolException
-------
feature call (loop) failed at index: 80
caller: classpath:InspireTest/ngr/datasetrecords/def/checkxlinkurl.template.feature
arg: {"link":"r"}
checkxlinkurl.template.feature:14 - 
org.apache.http.client.ClientProtocolException
-------
feature call (loop) failed at index: 81
caller: classpath:InspireTest/ngr/datasetrecords/def/checkxlinkurl.template.feature
arg: {"link":"c"}
checkxlinkurl.template.feature:14 - 
org.apache.http.client.ClientProtocolException
-------
feature call (loop) failed at index: 82
caller: classpath:InspireTest/ngr/datasetrecords/def/checkxlinkurl.template.feature
arg: {"link":"e"}
checkxlinkurl.template.feature:14 - 
org.apache.http.client.ClientProtocolException
-------
feature call (loop) failed at index: 83
caller: classpath:InspireTest/ngr/datasetrecords/def/checkxlinkurl.template.feature
arg: {"link":"s"}
checkxlinkurl.template.feature:14 - 
org.apache.http.client.ClientProtocolException
-------
feature call (loop) failed at index: 84
caller: classpath:InspireTest/ngr/datasetrecords/def/checkxlinkurl.template.feature
arg: {"link":"/"}
checkxlinkurl.template.feature:14 - 
org.apache.http.client.ClientProtocolException
-------
feature call (loop) failed at index: 85
caller: classpath:InspireTest/ngr/datasetrecords/def/checkxlinkurl.template.feature
arg: {"link":"u"}
checkxlinkurl.template.feature:14 - 
org.apache.http.client.ClientProtocolException
-------
feature call (loop) failed at index: 86
caller: classpath:InspireTest/ngr/datasetrecords/def/checkxlinkurl.template.feature
arg: {"link":"o"}
checkxlinkurl.template.feature:14 - 
org.apache.http.client.ClientProtocolException
-------
feature call (loop) failed at index: 87
caller: classpath:InspireTest/ngr/datasetrecords/def/checkxlinkurl.template.feature
arg: {"link":"m"}
checkxlinkurl.template.feature:14 - 
org.apache.http.client.ClientProtocolException
-------
feature call (loop) failed at index: 88
caller: classpath:InspireTest/ngr/datasetrecords/def/checkxlinkurl.template.feature
arg: {"link":"/"}
checkxlinkurl.template.feature:14 - 
org.apache.http.client.ClientProtocolException
-------
feature call (loop) failed at index: 89
caller: classpath:InspireTest/ngr/datasetrecords/def/checkxlinkurl.template.feature
arg: {"link":"g"}
checkxlinkurl.template.feature:14 - 
org.apache.http.client.ClientProtocolException
-------
feature call (loop) failed at index: 90
caller: classpath:InspireTest/ngr/datasetrecords/def/checkxlinkurl.template.feature
arg: {"link":"m"}
checkxlinkurl.template.feature:14 - 
org.apache.http.client.ClientProtocolException
-------
feature call (loop) failed at index: 91
caller: classpath:InspireTest/ngr/datasetrecords/def/checkxlinkurl.template.feature
arg: {"link":"x"}
checkxlinkurl.template.feature:14 - 
org.apache.http.client.ClientProtocolException
-------
feature call (loop) failed at index: 92
caller: classpath:InspireTest/ngr/datasetrecords/def/checkxlinkurl.template.feature
arg: {"link":"U"}
checkxlinkurl.template.feature:14 - 
org.apache.http.client.ClientProtocolException
-------
feature call (loop) failed at index: 93
caller: classpath:InspireTest/ngr/datasetrecords/def/checkxlinkurl.template.feature
arg: {"link":"o"}
checkxlinkurl.template.feature:14 - 
org.apache.http.client.ClientProtocolException
-------
feature call (loop) failed at index: 94
caller: classpath:InspireTest/ngr/datasetrecords/def/checkxlinkurl.template.feature
arg: {"link":"m"}
checkxlinkurl.template.feature:14 - 
org.apache.http.client.ClientProtocolException
-------
feature call (loop) failed at index: 95
caller: classpath:InspireTest/ngr/datasetrecords/def/checkxlinkurl.template.feature
arg: {"link":"."}
checkxlinkurl.template.feature:14 - 
org.apache.http.client.ClientProtocolException
-------
feature call (loop) failed at index: 96
caller: classpath:InspireTest/ngr/datasetrecords/def/checkxlinkurl.template.feature
arg: {"link":"x"}
checkxlinkurl.template.feature:14 - 
org.apache.http.client.ClientProtocolException
-------
feature call (loop) failed at index: 97
caller: classpath:InspireTest/ngr/datasetrecords/def/checkxlinkurl.template.feature
arg: {"link":"m"}
checkxlinkurl.template.feature:14 - 
org.apache.http.client.ClientProtocolException
-------
feature call (loop) failed at index: 98
caller: classpath:InspireTest/ngr/datasetrecords/def/checkxlinkurl.template.feature
arg: {"link":"l"}
checkxlinkurl.template.feature:14 - 
org.apache.http.client.ClientProtocolException
-------
feature call (loop) failed at index: 99
caller: classpath:InspireTest/ngr/datasetrecords/def/checkxlinkurl.template.feature
arg: {"link":"#"}
checkxlinkurl.template.feature:14 - 
org.apache.http.client.ClientProtocolException
-------
feature call (loop) failed at index: 100
caller: classpath:InspireTest/ngr/datasetrecords/def/checkxlinkurl.template.feature
arg: {"link":"m"}
checkxlinkurl.template.feature:14 - 
org.apache.http.client.ClientProtocolException
[1.9:16] check-known-dataset-record.feature:79 - feature call (loop) failed: classpath:InspireTest/ngr/datasetrecords/def/checkxlinkurl.template.feature
caller: classpath:InspireTest/ngr/datasetrecords/check-known-dataset-record.feature
items: [{link=http://www.opengis.net/def/crs/EPSG/0/http://www.opengis.net/def/crs/EPSG/0/4258}, {link=http://kadaster/70a0f618-9d4f-4be9-9d9d-11106ff6971c}]
errors:
-------
feature call (loop) failed at index: 1
caller: classpath:InspireTest/ngr/datasetrecords/def/checkxlinkurl.template.feature
arg: {"link":"http://kadaster/70a0f618-9d4f-4be9-9d9d-11106ff6971c"}
checkxlinkurl.template.feature:14 - 
java.net.UnknownHostException: kadaster
[1.10:16] check-known-dataset-record.feature:79 - feature call (loop) failed: classpath:InspireTest/ngr/datasetrecords/def/checkxlinkurl.template.feature
caller: classpath:InspireTest/ngr/datasetrecords/check-known-dataset-record.feature
items: [{link=http://kadaster/06b6c650-cdb1-11dd-ad8b-0800200c9a80}]
errors:
-------
feature call (loop) failed at index: 0
caller: classpath:InspireTest/ngr/datasetrecords/def/checkxlinkurl.template.feature
arg: {"link":"http://kadaster/06b6c650-cdb1-11dd-ad8b-0800200c9a80"}
checkxlinkurl.template.feature:14 - 
java.net.UnknownHostException: kadaster
[1.11:16] check-known-dataset-record.feature:79 - feature call (loop) failed: classpath:InspireTest/ngr/datasetrecords/def/checkxlinkurl.template.feature
caller: classpath:InspireTest/ngr/datasetrecords/check-known-dataset-record.feature
items: [{link=https://data.rivm.nl/inspire/id#90bab79d-5f92-4aaa-8edc-99195438ef65}]
errors:
-------
feature call (loop) failed at index: 0
caller: classpath:InspireTest/ngr/datasetrecords/def/checkxlinkurl.template.feature
arg: {"link":"https://data.rivm.nl/inspire/id#90bab79d-5f92-4aaa-8edc-99195438ef65"}
checkxlinkurl.template.feature:14 - 
javax.net.ssl.SSLException: Connection reset
[1.12:16] check-known-dataset-record.feature:79 - feature call (loop) failed: classpath:InspireTest/ngr/datasetrecords/def/checkxlinkurl.template.feature
caller: classpath:InspireTest/ngr/datasetrecords/check-known-dataset-record.feature
items: [{link=http://www.opengis.net/def/crs/EPSG/0/http://www.opengis.net/def/crs/EPSG/0/4258}, {link=http://kadaster/ed4caa3b-a49e-4a9a-8206-50a3cf451b9a}]
errors:
-------
feature call (loop) failed at index: 1
caller: classpath:InspireTest/ngr/datasetrecords/def/checkxlinkurl.template.feature
arg: {"link":"http://kadaster/ed4caa3b-a49e-4a9a-8206-50a3cf451b9a"}
checkxlinkurl.template.feature:14 - 
java.net.UnknownHostException: kadaster
[1.13:16] check-known-dataset-record.feature:79 - feature call (loop) failed: classpath:InspireTest/ngr/datasetrecords/def/checkxlinkurl.template.feature
caller: classpath:InspireTest/ngr/datasetrecords/check-known-dataset-record.feature
items: [{link=https://data.rivm.nl/inspire/id#722e3937-3e53-4048-97ef-1ced2c77f7dd}]
errors:
-------
feature call (loop) failed at index: 0
caller: classpath:InspireTest/ngr/datasetrecords/def/checkxlinkurl.template.feature
arg: {"link":"https://data.rivm.nl/inspire/id#722e3937-3e53-4048-97ef-1ced2c77f7dd"}
checkxlinkurl.template.feature:14 - 
javax.net.ssl.SSLException: Connection reset
[1.14:16] check-known-dataset-record.feature:79 - feature call (loop) failed: classpath:InspireTest/ngr/datasetrecords/def/checkxlinkurl.template.feature
caller: classpath:InspireTest/ngr/datasetrecords/check-known-dataset-record.feature
items: [{link=http://nationaalgeoregister.nl/geonetwork/srv/dut/catalog.search#/metadata/19165027-a13a-4c19-9013-ec1fd191019d}, {link=https://data.overheid.nl/organisatie/PDOK}]
errors:
-------
feature call (loop) failed at index: 1
caller: classpath:InspireTest/ngr/datasetrecords/def/checkxlinkurl.template.feature
arg: {"link":"https://data.overheid.nl/organisatie/PDOK"}
checkxlinkurl.template.feature:22 - path: $, actual: 404, expected: 200, reason: not equal (Integer)
[1.15:16] check-known-dataset-record.feature:47 - xpath does not exist: /GetRecordByIdResponse//@href on response
[1.16:16] check-known-dataset-record.feature:79 - feature call (loop) failed: classpath:InspireTest/ngr/datasetrecords/def/checkxlinkurl.template.feature
caller: classpath:InspireTest/ngr/datasetrecords/check-known-dataset-record.feature
items: [{link=https://www.nationaalgeoregister.nl/geonetwork/srv/api/recordsc3c004ad-5387-4b00-a225-9afbcaa5d31b}]
errors:
-------
feature call (loop) failed at index: 0
caller: classpath:InspireTest/ngr/datasetrecords/def/checkxlinkurl.template.feature
arg: {"link":"https://www.nationaalgeoregister.nl/geonetwork/srv/api/recordsc3c004ad-5387-4b00-a225-9afbcaa5d31b"}
checkxlinkurl.template.feature:22 - path: $, actual: 500, expected: 200, reason: not equal (Integer)
[1.17:16] check-known-dataset-record.feature:79 - feature call (loop) failed: classpath:InspireTest/ngr/datasetrecords/def/checkxlinkurl.template.feature
caller: classpath:InspireTest/ngr/datasetrecords/check-known-dataset-record.feature
items: [{link=http://kadaster/2482250f-3b00-4439-9f93-f3118229b015}, {link=}, {link=}, {link=}]
errors:
-------
feature call (loop) failed at index: 0
caller: classpath:InspireTest/ngr/datasetrecords/def/checkxlinkurl.template.feature
arg: {"link":"http://kadaster/2482250f-3b00-4439-9f93-f3118229b015"}
checkxlinkurl.template.feature:14 - 
java.net.UnknownHostException: kadaster
-------
feature call (loop) failed at index: 1
caller: classpath:InspireTest/ngr/datasetrecords/def/checkxlinkurl.template.feature
arg: {"link":""}
checkxlinkurl.template.feature:14 - 
org.apache.http.client.ClientProtocolException
-------
feature call (loop) failed at index: 2
caller: classpath:InspireTest/ngr/datasetrecords/def/checkxlinkurl.template.feature
arg: {"link":""}
checkxlinkurl.template.feature:14 - 
org.apache.http.client.ClientProtocolException
-------
feature call (loop) failed at index: 3
caller: classpath:InspireTest/ngr/datasetrecords/def/checkxlinkurl.template.feature
arg: {"link":""}
checkxlinkurl.template.feature:14 - 
org.apache.http.client.ClientProtocolException
[1.18:16] check-known-dataset-record.feature:79 - feature call (loop) failed: classpath:InspireTest/ngr/datasetrecords/def/checkxlinkurl.template.feature
caller: classpath:InspireTest/ngr/datasetrecords/check-known-dataset-record.feature
items: [{link=http://www.opengis.net/def/crs/EPSG/0/http://www.opengis.net/def/crs/EPSG/0/4258}, {link=http://kadaster/3b7bb05b-2d2e-4329-9a72-0eac19e315de}]
errors:
-------
feature call (loop) failed at index: 1
caller: classpath:InspireTest/ngr/datasetrecords/def/checkxlinkurl.template.feature
arg: {"link":"http://kadaster/3b7bb05b-2d2e-4329-9a72-0eac19e315de"}
checkxlinkurl.template.feature:14 - 
java.net.UnknownHostException: kadaster
[1.19:16] check-known-dataset-record.feature:79 - feature call (loop) failed: classpath:InspireTest/ngr/datasetrecords/def/checkxlinkurl.template.feature
caller: classpath:InspireTest/ngr/datasetrecords/check-known-dataset-record.feature
items: [{link=https://nationaalgeoregister.nl/geonetwork/srv/resources49e49382-674d-4ce8-9f4a-ba4dd2265eef}, {link=http://rdfdata.eionet.europa.eu/inspirethemes/themes/33}, {link=http://geonetwork-opensource.org/inspire-theme#}, {link=https://www.nationaalgeoregister.nl/geonetwork/srv/eng/thesaurus.download?ref=external.theme.inspire-theme}]
errors:
-------
feature call (loop) failed at index: 0
caller: classpath:InspireTest/ngr/datasetrecords/def/checkxlinkurl.template.feature
arg: {"link":"https://nationaalgeoregister.nl/geonetwork/srv/resources49e49382-674d-4ce8-9f4a-ba4dd2265eef"}
checkxlinkurl.template.feature:22 - path: $, actual: 404, expected: 200, reason: not equal (Integer)
-------
feature call (loop) failed at index: 1
caller: classpath:InspireTest/ngr/datasetrecords/def/checkxlinkurl.template.feature
arg: {"link":"http://rdfdata.eionet.europa.eu/inspirethemes/themes/33"}
checkxlinkurl.template.feature:22 - path: $, actual: 404, expected: 200, reason: not equal (Integer)
-------
feature call (loop) failed at index: 2
caller: classpath:InspireTest/ngr/datasetrecords/def/checkxlinkurl.template.feature
arg: {"link":"http://geonetwork-opensource.org/inspire-theme#"}
checkxlinkurl.template.feature:22 - path: $, actual: 404, expected: 200, reason: not equal (Integer)
-------
feature call (loop) failed at index: 3
caller: classpath:InspireTest/ngr/datasetrecords/def/checkxlinkurl.template.feature
arg: {"link":"https://www.nationaalgeoregister.nl/geonetwork/srv/eng/thesaurus.download?ref=external.theme.inspire-theme"}
checkxlinkurl.template.feature:22 - path: $, actual: 500, expected: 200, reason: not equal (Integer)
[1.20:16] check-known-dataset-record.feature:79 - feature call (loop) failed: classpath:InspireTest/ngr/datasetrecords/def/checkxlinkurl.template.feature
caller: classpath:InspireTest/ngr/datasetrecords/check-known-dataset-record.feature
items: [{link=http://www.opengis.net/def/crs/EPSG/0/http://www.opengis.net/def/crs/EPSG/0/4258}, {link=http://kadaster/df1a98c0-58ba-48ff-8825-b4fb6322c586}]
errors:
-------
feature call (loop) failed at index: 1
caller: classpath:InspireTest/ngr/datasetrecords/def/checkxlinkurl.template.feature
arg: {"link":"http://kadaster/df1a98c0-58ba-48ff-8825-b4fb6322c586"}
checkxlinkurl.template.feature:14 - 
java.net.UnknownHostException: kadaster
[1.21:16] check-known-dataset-record.feature:79 - feature call (loop) failed: classpath:InspireTest/ngr/datasetrecords/def/checkxlinkurl.template.feature
caller: classpath:InspireTest/ngr/datasetrecords/check-known-dataset-record.feature
items: [{link=https://data.rivm.nl/inspire/id#a3095f95-0ec7-46ff-ae14-ce2173e8fafa}]
errors:
-------
feature call (loop) failed at index: 0
caller: classpath:InspireTest/ngr/datasetrecords/def/checkxlinkurl.template.feature
arg: {"link":"https://data.rivm.nl/inspire/id#a3095f95-0ec7-46ff-ae14-ce2173e8fafa"}
checkxlinkurl.template.feature:14 - 
javax.net.ssl.SSLException: Connection reset
[1.22:16] check-known-dataset-record.feature:79 - feature call (loop) failed: classpath:InspireTest/ngr/datasetrecords/def/checkxlinkurl.template.feature
caller: classpath:InspireTest/ngr/datasetrecords/check-known-dataset-record.feature
items: [{link=https://data.rivm.nl/inspire?id#505e9f1e-84bc-4856-9771-4295db998bb6}]
errors:
-------
feature call (loop) failed at index: 0
caller: classpath:InspireTest/ngr/datasetrecords/def/checkxlinkurl.template.feature
arg: {"link":"https://data.rivm.nl/inspire?id#505e9f1e-84bc-4856-9771-4295db998bb6"}
checkxlinkurl.template.feature:22 - path: $, actual: 404, expected: 200, reason: not equal (Integer)
[1.23:16] check-known-dataset-record.feature:79 - feature call (loop) failed: classpath:InspireTest/ngr/datasetrecords/def/checkxlinkurl.template.feature
caller: classpath:InspireTest/ngr/datasetrecords/check-known-dataset-record.feature
items: [{link=https://monumentenregister.cultureelerfgoed.nl/sites/default/files/MRS/mrs-inspire.zip}]
errors:
-------
feature call (loop) failed at index: 0
caller: classpath:InspireTest/ngr/datasetrecords/def/checkxlinkurl.template.feature
arg: {"link":"https://monumentenregister.cultureelerfgoed.nl/sites/default/files/MRS/mrs-inspire.zip"}
checkxlinkurl.template.feature:22 - path: $, actual: 404, expected: 200, reason: not equal (Integer)
[1.24:16] check-known-dataset-record.feature:79 - feature call (loop) failed: classpath:InspireTest/ngr/datasetrecords/def/checkxlinkurl.template.feature
caller: classpath:InspireTest/ngr/datasetrecords/check-known-dataset-record.feature
items: [{link=http://www.opengis.net/def/crs/EPSG/0/http://www.opengis.net/def/crs/EPSG/0/4258}, {link=http://kadaster/0f9b8c87-80a6-435f-b3b3-e07c3918d344}]
errors:
-------
feature call (loop) failed at index: 1
caller: classpath:InspireTest/ngr/datasetrecords/def/checkxlinkurl.template.feature
arg: {"link":"http://kadaster/0f9b8c87-80a6-435f-b3b3-e07c3918d344"}
checkxlinkurl.template.feature:14 - 
java.net.UnknownHostException: kadaster
[1.25:16] check-known-dataset-record.feature:79 - feature call (loop) failed: classpath:InspireTest/ngr/datasetrecords/def/checkxlinkurl.template.feature
caller: classpath:InspireTest/ngr/datasetrecords/check-known-dataset-record.feature
items: [{link=https://data.rivm.nl/inspire/id#10fcd5a9-3804-48e3-bcbd-d816594dbb6f}]
errors:
-------
feature call (loop) failed at index: 0
caller: classpath:InspireTest/ngr/datasetrecords/def/checkxlinkurl.template.feature
arg: {"link":"https://data.rivm.nl/inspire/id#10fcd5a9-3804-48e3-bcbd-d816594dbb6f"}
checkxlinkurl.template.feature:14 - 
javax.net.ssl.SSLException: Connection reset
[1.28:16] check-known-dataset-record.feature:79 - feature call (loop) failed: classpath:InspireTest/ngr/datasetrecords/def/checkxlinkurl.template.feature
caller: classpath:InspireTest/ngr/datasetrecords/check-known-dataset-record.feature
items: [{link=https://ngr.acceptatie.nationaalgeoregister.nl/geonetwork/srv/resources34e95842-4e4e-46de-9198-79e8cd4d30dc}]
errors:
-------
feature call (loop) failed at index: 0
caller: classpath:InspireTest/ngr/datasetrecords/def/checkxlinkurl.template.feature
arg: {"link":"https://ngr.acceptatie.nationaalgeoregister.nl/geonetwork/srv/resources34e95842-4e4e-46de-9198-79e8cd4d30dc"}
checkxlinkurl.template.feature:22 - path: $, actual: 404, expected: 200, reason: not equal (Integer)
[1.29:16] check-known-dataset-record.feature:79 - feature call (loop) failed: classpath:InspireTest/ngr/datasetrecords/def/checkxlinkurl.template.feature
caller: classpath:InspireTest/ngr/datasetrecords/check-known-dataset-record.feature
items: [{link=https://www.nationaalgeoregister.nl/geonetwork/srv/dut/catalog.search#/metadata/5a1adb58-0bbe-425d-b0fe-577a6c0a4228}, {link=http://rdfdata.eionet.europa.eu/inspirethemes/themes/10}, {link=urn:ogc:def:crs:EPSG::5709}]
errors:
-------
feature call (loop) failed at index: 1
caller: classpath:InspireTest/ngr/datasetrecords/def/checkxlinkurl.template.feature
arg: {"link":"http://rdfdata.eionet.europa.eu/inspirethemes/themes/10"}
checkxlinkurl.template.feature:22 - path: $, actual: 404, expected: 200, reason: not equal (Integer)
-------
feature call (loop) failed at index: 2
caller: classpath:InspireTest/ngr/datasetrecords/def/checkxlinkurl.template.feature
arg: {"link":"urn:ogc:def:crs:EPSG::5709"}
checkxlinkurl.template.feature:14 - 
org.apache.http.client.ClientProtocolException: URI does not specify a valid host name: urn:ogc:def:crs:EPSG::5709
[1.30:16] check-known-dataset-record.feature:79 - feature call (loop) failed: classpath:InspireTest/ngr/datasetrecords/def/checkxlinkurl.template.feature
caller: classpath:InspireTest/ngr/datasetrecords/check-known-dataset-record.feature
items: [{link=https://www.nationaalgeoregister.nl/geonetwork/srv/dut/catalog.search#/metadata/7939fd42-cf88-42c5-ab3b-232cf232a3ac}, {link=http://rdfdata.eionet.europa.eu/inspirethemes/themes/10}, {link=urn:ogc:def:crs:EPSG::5709}]
errors:
-------
feature call (loop) failed at index: 1
caller: classpath:InspireTest/ngr/datasetrecords/def/checkxlinkurl.template.feature
arg: {"link":"http://rdfdata.eionet.europa.eu/inspirethemes/themes/10"}
checkxlinkurl.template.feature:22 - path: $, actual: 404, expected: 200, reason: not equal (Integer)
-------
feature call (loop) failed at index: 2
caller: classpath:InspireTest/ngr/datasetrecords/def/checkxlinkurl.template.feature
arg: {"link":"urn:ogc:def:crs:EPSG::5709"}
checkxlinkurl.template.feature:14 - 
org.apache.http.client.ClientProtocolException: URI does not specify a valid host name: urn:ogc:def:crs:EPSG::5709
[1.31:16] check-known-dataset-record.feature:79 - feature call (loop) failed: classpath:InspireTest/ngr/datasetrecords/def/checkxlinkurl.template.feature
caller: classpath:InspireTest/ngr/datasetrecords/check-known-dataset-record.feature
items: [{link=u}, {link=r}, {link=n}, {link=:}, {link=o}, {link=g}, {link=c}, {link=:}, {link=d}, {link=e}, {link=f}, {link=:}, {link=c}, {link=r}, {link=s}, {link=:}, {link=E}, {link=P}, {link=S}, {link=G}, {link=:}, {link=:}, {link=5}, {link=7}, {link=0}, {link=9}]
errors:
-------
feature call (loop) failed at index: 0
caller: classpath:InspireTest/ngr/datasetrecords/def/checkxlinkurl.template.feature
arg: {"link":"u"}
checkxlinkurl.template.feature:14 - 
org.apache.http.client.ClientProtocolException
-------
feature call (loop) failed at index: 1
caller: classpath:InspireTest/ngr/datasetrecords/def/checkxlinkurl.template.feature
arg: {"link":"r"}
checkxlinkurl.template.feature:14 - 
org.apache.http.client.ClientProtocolException
-------
feature call (loop) failed at index: 2
caller: classpath:InspireTest/ngr/datasetrecords/def/checkxlinkurl.template.feature
arg: {"link":"n"}
checkxlinkurl.template.feature:14 - 
org.apache.http.client.ClientProtocolException
-------
feature call (loop) failed at index: 3
caller: classpath:InspireTest/ngr/datasetrecords/def/checkxlinkurl.template.feature
arg: {"link":":"}
checkxlinkurl.template.feature:14 - java.net.URISyntaxException: Expected scheme name at index 0: :
-------
feature call (loop) failed at index: 4
caller: classpath:InspireTest/ngr/datasetrecords/def/checkxlinkurl.template.feature
arg: {"link":"o"}
checkxlinkurl.template.feature:14 - 
org.apache.http.client.ClientProtocolException
-------
feature call (loop) failed at index: 5
caller: classpath:InspireTest/ngr/datasetrecords/def/checkxlinkurl.template.feature
arg: {"link":"g"}
checkxlinkurl.template.feature:14 - 
org.apache.http.client.ClientProtocolException
-------
feature call (loop) failed at index: 6
caller: classpath:InspireTest/ngr/datasetrecords/def/checkxlinkurl.template.feature
arg: {"link":"c"}
checkxlinkurl.template.feature:14 - 
org.apache.http.client.ClientProtocolException
-------
feature call (loop) failed at index: 7
caller: classpath:InspireTest/ngr/datasetrecords/def/checkxlinkurl.template.feature
arg: {"link":":"}
checkxlinkurl.template.feature:14 - java.net.URISyntaxException: Expected scheme name at index 0: :
-------
feature call (loop) failed at index: 8
caller: classpath:InspireTest/ngr/datasetrecords/def/checkxlinkurl.template.feature
arg: {"link":"d"}
checkxlinkurl.template.feature:14 - 
org.apache.http.client.ClientProtocolException
-------
feature call (loop) failed at index: 9
caller: classpath:InspireTest/ngr/datasetrecords/def/checkxlinkurl.template.feature
arg: {"link":"e"}
checkxlinkurl.template.feature:14 - 
org.apache.http.client.ClientProtocolException
-------
feature call (loop) failed at index: 10
caller: classpath:InspireTest/ngr/datasetrecords/def/checkxlinkurl.template.feature
arg: {"link":"f"}
checkxlinkurl.template.feature:14 - 
org.apache.http.client.ClientProtocolException
-------
feature call (loop) failed at index: 11
caller: classpath:InspireTest/ngr/datasetrecords/def/checkxlinkurl.template.feature
arg: {"link":":"}
checkxlinkurl.template.feature:14 - java.net.URISyntaxException: Expected scheme name at index 0: :
-------
feature call (loop) failed at index: 12
caller: classpath:InspireTest/ngr/datasetrecords/def/checkxlinkurl.template.feature
arg: {"link":"c"}
checkxlinkurl.template.feature:14 - 
org.apache.http.client.ClientProtocolException
-------
feature call (loop) failed at index: 13
caller: classpath:InspireTest/ngr/datasetrecords/def/checkxlinkurl.template.feature
arg: {"link":"r"}
checkxlinkurl.template.feature:14 - 
org.apache.http.client.ClientProtocolException
-------
feature call (loop) failed at index: 14
caller: classpath:InspireTest/ngr/datasetrecords/def/checkxlinkurl.template.feature
arg: {"link":"s"}
checkxlinkurl.template.feature:14 - 
org.apache.http.client.ClientProtocolException
-------
feature call (loop) failed at index: 15
caller: classpath:InspireTest/ngr/datasetrecords/def/checkxlinkurl.template.feature
arg: {"link":":"}
checkxlinkurl.template.feature:14 - java.net.URISyntaxException: Expected scheme name at index 0: :
-------
feature call (loop) failed at index: 16
caller: classpath:InspireTest/ngr/datasetrecords/def/checkxlinkurl.template.feature
arg: {"link":"E"}
checkxlinkurl.template.feature:14 - 
org.apache.http.client.ClientProtocolException
-------
feature call (loop) failed at index: 17
caller: classpath:InspireTest/ngr/datasetrecords/def/checkxlinkurl.template.feature
arg: {"link":"P"}
checkxlinkurl.template.feature:14 - 
org.apache.http.client.ClientProtocolException
-------
feature call (loop) failed at index: 18
caller: classpath:InspireTest/ngr/datasetrecords/def/checkxlinkurl.template.feature
arg: {"link":"S"}
checkxlinkurl.template.feature:14 - 
org.apache.http.client.ClientProtocolException
-------
feature call (loop) failed at index: 19
caller: classpath:InspireTest/ngr/datasetrecords/def/checkxlinkurl.template.feature
arg: {"link":"G"}
checkxlinkurl.template.feature:14 - 
org.apache.http.client.ClientProtocolException
-------
feature call (loop) failed at index: 20
caller: classpath:InspireTest/ngr/datasetrecords/def/checkxlinkurl.template.feature
arg: {"link":":"}
checkxlinkurl.template.feature:14 - java.net.URISyntaxException: Expected scheme name at index 0: :
-------
feature call (loop) failed at index: 21
caller: classpath:InspireTest/ngr/datasetrecords/def/checkxlinkurl.template.feature
arg: {"link":":"}
checkxlinkurl.template.feature:14 - java.net.URISyntaxException: Expected scheme name at index 0: :
-------
feature call (loop) failed at index: 22
caller: classpath:InspireTest/ngr/datasetrecords/def/checkxlinkurl.template.feature
arg: {"link":"5"}
checkxlinkurl.template.feature:14 - 
org.apache.http.client.ClientProtocolException
-------
feature call (loop) failed at index: 23
caller: classpath:InspireTest/ngr/datasetrecords/def/checkxlinkurl.template.feature
arg: {"link":"7"}
checkxlinkurl.template.feature:14 - 
org.apache.http.client.ClientProtocolException
-------
feature call (loop) failed at index: 24
caller: classpath:InspireTest/ngr/datasetrecords/def/checkxlinkurl.template.feature
arg: {"link":"0"}
checkxlinkurl.template.feature:14 - 
org.apache.http.client.ClientProtocolException
-------
feature call (loop) failed at index: 25
caller: classpath:InspireTest/ngr/datasetrecords/def/checkxlinkurl.template.feature
arg: {"link":"9"}
checkxlinkurl.template.feature:14 - 
org.apache.http.client.ClientProtocolException
[1.32:16] check-known-dataset-record.feature:79 - feature call (loop) failed: classpath:InspireTest/ngr/datasetrecords/def/checkxlinkurl.template.feature
caller: classpath:InspireTest/ngr/datasetrecords/check-known-dataset-record.feature
items: [{link=https://www.nationaalgeoregister.nl/geonetwork/srv/dut/catalog.search#/metadata/8de2f5eb-b09f-4f6d-8397-8878a1b86238}, {link=http://rdfdata.eionet.europa.eu/inspirethemes/themes/18}, {link=https://ngr.geocat.live/geonetwork/srv/eng/thesaurus.download?ref=external.theme.httpinspireeceuropaeumetadatacodelistPrioritydataset-Prioritydataset}, {link=urn:ogc:def:crs:EPSG::5709}]
errors:
-------
feature call (loop) failed at index: 1
caller: classpath:InspireTest/ngr/datasetrecords/def/checkxlinkurl.template.feature
arg: {"link":"http://rdfdata.eionet.europa.eu/inspirethemes/themes/18"}
checkxlinkurl.template.feature:22 - path: $, actual: 404, expected: 200, reason: not equal (Integer)
-------
feature call (loop) failed at index: 2
caller: classpath:InspireTest/ngr/datasetrecords/def/checkxlinkurl.template.feature
arg: {"link":"https://ngr.geocat.live/geonetwork/srv/eng/thesaurus.download?ref=external.theme.httpinspireeceuropaeumetadatacodelistPrioritydataset-Prioritydataset"}
checkxlinkurl.template.feature:22 - path: $, actual: 500, expected: 200, reason: not equal (Integer)
-------
feature call (loop) failed at index: 3
caller: classpath:InspireTest/ngr/datasetrecords/def/checkxlinkurl.template.feature
arg: {"link":"urn:ogc:def:crs:EPSG::5709"}
checkxlinkurl.template.feature:14 - 
org.apache.http.client.ClientProtocolException: URI does not specify a valid host name: urn:ogc:def:crs:EPSG::5709
[1.33:16] check-known-dataset-record.feature:79 - feature call (loop) failed: classpath:InspireTest/ngr/datasetrecords/def/checkxlinkurl.template.feature
caller: classpath:InspireTest/ngr/datasetrecords/check-known-dataset-record.feature
items: [{link=https://www.nationaalgeoregister.nl/geonetwork/srv/dut/catalog.search#/metadata/eu-f297898-2640-44c2-bbe9-c0480da83794}, {link=http://rdfdata.eionet.europa.eu/inspirethemes/themes/8}, {link=urn:ogc:def:crs:EPSG::5709}]
errors:
-------
feature call (loop) failed at index: 1
caller: classpath:InspireTest/ngr/datasetrecords/def/checkxlinkurl.template.feature
arg: {"link":"http://rdfdata.eionet.europa.eu/inspirethemes/themes/8"}
checkxlinkurl.template.feature:22 - path: $, actual: 404, expected: 200, reason: not equal (Integer)
-------
feature call (loop) failed at index: 2
caller: classpath:InspireTest/ngr/datasetrecords/def/checkxlinkurl.template.feature
arg: {"link":"urn:ogc:def:crs:EPSG::5709"}
checkxlinkurl.template.feature:14 - 
org.apache.http.client.ClientProtocolException: URI does not specify a valid host name: urn:ogc:def:crs:EPSG::5709
[1.34:16] check-known-dataset-record.feature:79 - feature call (loop) failed: classpath:InspireTest/ngr/datasetrecords/def/checkxlinkurl.template.feature
caller: classpath:InspireTest/ngr/datasetrecords/check-known-dataset-record.feature
items: [{link=https://www.nationaalgeoregister.nl/geonetwork/srv/dut/catalog.search#/metadata/4783ea4f-6b8c-4600-8af0-516f3556cfe9}, {link=http://rdfdata.eionet.europa.eu/inspirethemes/themes/24}, {link=}, {link=}, {link=}, {link=urn:ogc:def:crs:EPSG::5709}]
errors:
-------
feature call (loop) failed at index: 1
caller: classpath:InspireTest/ngr/datasetrecords/def/checkxlinkurl.template.feature
arg: {"link":"http://rdfdata.eionet.europa.eu/inspirethemes/themes/24"}
checkxlinkurl.template.feature:22 - path: $, actual: 404, expected: 200, reason: not equal (Integer)
-------
feature call (loop) failed at index: 2
caller: classpath:InspireTest/ngr/datasetrecords/def/checkxlinkurl.template.feature
arg: {"link":""}
checkxlinkurl.template.feature:14 - 
org.apache.http.client.ClientProtocolException
-------
feature call (loop) failed at index: 3
caller: classpath:InspireTest/ngr/datasetrecords/def/checkxlinkurl.template.feature
arg: {"link":""}
checkxlinkurl.template.feature:14 - 
org.apache.http.client.ClientProtocolException
-------
feature call (loop) failed at index: 4
caller: classpath:InspireTest/ngr/datasetrecords/def/checkxlinkurl.template.feature
arg: {"link":""}
checkxlinkurl.template.feature:14 - 
org.apache.http.client.ClientProtocolException
-------
feature call (loop) failed at index: 5
caller: classpath:InspireTest/ngr/datasetrecords/def/checkxlinkurl.template.feature
arg: {"link":"urn:ogc:def:crs:EPSG::5709"}
checkxlinkurl.template.feature:14 - 
org.apache.http.client.ClientProtocolException: URI does not specify a valid host name: urn:ogc:def:crs:EPSG::5709
[1.35:16] check-known-dataset-record.feature:79 - feature call (loop) failed: classpath:InspireTest/ngr/datasetrecords/def/checkxlinkurl.template.feature
caller: classpath:InspireTest/ngr/datasetrecords/check-known-dataset-record.feature
items: [{link=https://data.rivm.nl/inspire/id#a3b9f437-f571-4a00-b3c3-58e4354c244f}]
errors:
-------
feature call (loop) failed at index: 0
caller: classpath:InspireTest/ngr/datasetrecords/def/checkxlinkurl.template.feature
arg: {"link":"https://data.rivm.nl/inspire/id#a3b9f437-f571-4a00-b3c3-58e4354c244f"}
checkxlinkurl.template.feature:14 - 
javax.net.ssl.SSLException: Connection reset
[1.36:16] check-known-dataset-record.feature:79 - feature call (loop) failed: classpath:InspireTest/ngr/datasetrecords/def/checkxlinkurl.template.feature
caller: classpath:InspireTest/ngr/datasetrecords/check-known-dataset-record.feature
items: [{link=https://www.nationaalgeoregister.nl/geonetwork/srv/dut/catalog.search#/metadata/50eef6be-619d-4e16-9b92-48971109b636}, {link=http://rdfdata.eionet.europa.eu/inspirethemes/themes/18}, {link=http://inspire.ec.europa.eu/metadata-codelist/PriorityDataset/MajorRoadsNoiseExposureDelineationNight-dir-2002-49}, {link=https://ngr.geocat.live/geonetwork/srv/eng/thesaurus.download?ref=external.theme.httpinspireeceuropaeumetadatacodelistPrioritydataset-Prioritydataset}, {link=urn:ogc:def:crs:EPSG::5709}]
errors:
-------
feature call (loop) failed at index: 1
caller: classpath:InspireTest/ngr/datasetrecords/def/checkxlinkurl.template.feature
arg: {"link":"http://rdfdata.eionet.europa.eu/inspirethemes/themes/18"}
checkxlinkurl.template.feature:22 - path: $, actual: 404, expected: 200, reason: not equal (Integer)
-------
feature call (loop) failed at index: 3
caller: classpath:InspireTest/ngr/datasetrecords/def/checkxlinkurl.template.feature
arg: {"link":"https://ngr.geocat.live/geonetwork/srv/eng/thesaurus.download?ref=external.theme.httpinspireeceuropaeumetadatacodelistPrioritydataset-Prioritydataset"}
checkxlinkurl.template.feature:22 - path: $, actual: 500, expected: 200, reason: not equal (Integer)
-------
feature call (loop) failed at index: 4
caller: classpath:InspireTest/ngr/datasetrecords/def/checkxlinkurl.template.feature
arg: {"link":"urn:ogc:def:crs:EPSG::5709"}
checkxlinkurl.template.feature:14 - 
org.apache.http.client.ClientProtocolException: URI does not specify a valid host name: urn:ogc:def:crs:EPSG::5709
[1.37:16] check-known-dataset-record.feature:79 - feature call (loop) failed: classpath:InspireTest/ngr/datasetrecords/def/checkxlinkurl.template.feature
caller: classpath:InspireTest/ngr/datasetrecords/check-known-dataset-record.feature
items: [{link=u}, {link=r}, {link=n}, {link=:}, {link=o}, {link=g}, {link=c}, {link=:}, {link=d}, {link=e}, {link=f}, {link=:}, {link=c}, {link=r}, {link=s}, {link=:}, {link=E}, {link=P}, {link=S}, {link=G}, {link=:}, {link=:}, {link=5}, {link=7}, {link=0}, {link=9}]
errors:
-------
feature call (loop) failed at index: 0
caller: classpath:InspireTest/ngr/datasetrecords/def/checkxlinkurl.template.feature
arg: {"link":"u"}
checkxlinkurl.template.feature:14 - 
org.apache.http.client.ClientProtocolException
-------
feature call (loop) failed at index: 1
caller: classpath:InspireTest/ngr/datasetrecords/def/checkxlinkurl.template.feature
arg: {"link":"r"}
checkxlinkurl.template.feature:14 - 
org.apache.http.client.ClientProtocolException
-------
feature call (loop) failed at index: 2
caller: classpath:InspireTest/ngr/datasetrecords/def/checkxlinkurl.template.feature
arg: {"link":"n"}
checkxlinkurl.template.feature:14 - 
org.apache.http.client.ClientProtocolException
-------
feature call (loop) failed at index: 3
caller: classpath:InspireTest/ngr/datasetrecords/def/checkxlinkurl.template.feature
arg: {"link":":"}
checkxlinkurl.template.feature:14 - java.net.URISyntaxException: Expected scheme name at index 0: :
-------
feature call (loop) failed at index: 4
caller: classpath:InspireTest/ngr/datasetrecords/def/checkxlinkurl.template.feature
arg: {"link":"o"}
checkxlinkurl.template.feature:14 - 
org.apache.http.client.ClientProtocolException
-------
feature call (loop) failed at index: 5
caller: classpath:InspireTest/ngr/datasetrecords/def/checkxlinkurl.template.feature
arg: {"link":"g"}
checkxlinkurl.template.feature:14 - 
org.apache.http.client.ClientProtocolException
-------
feature call (loop) failed at index: 6
caller: classpath:InspireTest/ngr/datasetrecords/def/checkxlinkurl.template.feature
arg: {"link":"c"}
checkxlinkurl.template.feature:14 - 
org.apache.http.client.ClientProtocolException
-------
feature call (loop) failed at index: 7
caller: classpath:InspireTest/ngr/datasetrecords/def/checkxlinkurl.template.feature
arg: {"link":":"}
checkxlinkurl.template.feature:14 - java.net.URISyntaxException: Expected scheme name at index 0: :
-------
feature call (loop) failed at index: 8
caller: classpath:InspireTest/ngr/datasetrecords/def/checkxlinkurl.template.feature
arg: {"link":"d"}
checkxlinkurl.template.feature:14 - 
org.apache.http.client.ClientProtocolException
-------
feature call (loop) failed at index: 9
caller: classpath:InspireTest/ngr/datasetrecords/def/checkxlinkurl.template.feature
arg: {"link":"e"}
checkxlinkurl.template.feature:14 - 
org.apache.http.client.ClientProtocolException
-------
feature call (loop) failed at index: 10
caller: classpath:InspireTest/ngr/datasetrecords/def/checkxlinkurl.template.feature
arg: {"link":"f"}
checkxlinkurl.template.feature:14 - 
org.apache.http.client.ClientProtocolException
-------
feature call (loop) failed at index: 11
caller: classpath:InspireTest/ngr/datasetrecords/def/checkxlinkurl.template.feature
arg: {"link":":"}
checkxlinkurl.template.feature:14 - java.net.URISyntaxException: Expected scheme name at index 0: :
-------
feature call (loop) failed at index: 12
caller: classpath:InspireTest/ngr/datasetrecords/def/checkxlinkurl.template.feature
arg: {"link":"c"}
checkxlinkurl.template.feature:14 - 
org.apache.http.client.ClientProtocolException
-------
feature call (loop) failed at index: 13
caller: classpath:InspireTest/ngr/datasetrecords/def/checkxlinkurl.template.feature
arg: {"link":"r"}
checkxlinkurl.template.feature:14 - 
org.apache.http.client.ClientProtocolException
-------
feature call (loop) failed at index: 14
caller: classpath:InspireTest/ngr/datasetrecords/def/checkxlinkurl.template.feature
arg: {"link":"s"}
checkxlinkurl.template.feature:14 - 
org.apache.http.client.ClientProtocolException
-------
feature call (loop) failed at index: 15
caller: classpath:InspireTest/ngr/datasetrecords/def/checkxlinkurl.template.feature
arg: {"link":":"}
checkxlinkurl.template.feature:14 - java.net.URISyntaxException: Expected scheme name at index 0: :
-------
feature call (loop) failed at index: 16
caller: classpath:InspireTest/ngr/datasetrecords/def/checkxlinkurl.template.feature
arg: {"link":"E"}
checkxlinkurl.template.feature:14 - 
org.apache.http.client.ClientProtocolException
-------
feature call (loop) failed at index: 17
caller: classpath:InspireTest/ngr/datasetrecords/def/checkxlinkurl.template.feature
arg: {"link":"P"}
checkxlinkurl.template.feature:14 - 
org.apache.http.client.ClientProtocolException
-------
feature call (loop) failed at index: 18
caller: classpath:InspireTest/ngr/datasetrecords/def/checkxlinkurl.template.feature
arg: {"link":"S"}
checkxlinkurl.template.feature:14 - 
org.apache.http.client.ClientProtocolException
-------
feature call (loop) failed at index: 19
caller: classpath:InspireTest/ngr/datasetrecords/def/checkxlinkurl.template.feature
arg: {"link":"G"}
checkxlinkurl.template.feature:14 - 
org.apache.http.client.ClientProtocolException
-------
feature call (loop) failed at index: 20
caller: classpath:InspireTest/ngr/datasetrecords/def/checkxlinkurl.template.feature
arg: {"link":":"}
checkxlinkurl.template.feature:14 - java.net.URISyntaxException: Expected scheme name at index 0: :
-------
feature call (loop) failed at index: 21
caller: classpath:InspireTest/ngr/datasetrecords/def/checkxlinkurl.template.feature
arg: {"link":":"}
checkxlinkurl.template.feature:14 - java.net.URISyntaxException: Expected scheme name at index 0: :
-------
feature call (loop) failed at index: 22
caller: classpath:InspireTest/ngr/datasetrecords/def/checkxlinkurl.template.feature
arg: {"link":"5"}
checkxlinkurl.template.feature:14 - 
org.apache.http.client.ClientProtocolException
-------
feature call (loop) failed at index: 23
caller: classpath:InspireTest/ngr/datasetrecords/def/checkxlinkurl.template.feature
arg: {"link":"7"}
checkxlinkurl.template.feature:14 - 
org.apache.http.client.ClientProtocolException
-------
feature call (loop) failed at index: 24
caller: classpath:InspireTest/ngr/datasetrecords/def/checkxlinkurl.template.feature
arg: {"link":"0"}
checkxlinkurl.template.feature:14 - 
org.apache.http.client.ClientProtocolException
-------
feature call (loop) failed at index: 25
caller: classpath:InspireTest/ngr/datasetrecords/def/checkxlinkurl.template.feature
arg: {"link":"9"}
checkxlinkurl.template.feature:14 - 
org.apache.http.client.ClientProtocolException
[1.38:16] check-known-dataset-record.feature:79 - feature call (loop) failed: classpath:InspireTest/ngr/datasetrecords/def/checkxlinkurl.template.feature
caller: classpath:InspireTest/ngr/datasetrecords/check-known-dataset-record.feature
items: [{link=https://www.nationaalgeoregister.nl/geonetwork/srv/dut/catalog.search#/metadata/cf69ec50-9849-4afd-853c-ee56211d336d}, {link=http://rdfdata.eionet.europa.eu/inspirethemes/themes/20}, {link=http://rdfdata.eionet.europa.eu/inspirethemes/themes/28}, {link=urn:ogc:def:crs:EPSG::5709}]
errors:
-------
feature call (loop) failed at index: 1
caller: classpath:InspireTest/ngr/datasetrecords/def/checkxlinkurl.template.feature
arg: {"link":"http://rdfdata.eionet.europa.eu/inspirethemes/themes/20"}
checkxlinkurl.template.feature:22 - path: $, actual: 404, expected: 200, reason: not equal (Integer)
-------
feature call (loop) failed at index: 2
caller: classpath:InspireTest/ngr/datasetrecords/def/checkxlinkurl.template.feature
arg: {"link":"http://rdfdata.eionet.europa.eu/inspirethemes/themes/28"}
checkxlinkurl.template.feature:22 - path: $, actual: 404, expected: 200, reason: not equal (Integer)
-------
feature call (loop) failed at index: 3
caller: classpath:InspireTest/ngr/datasetrecords/def/checkxlinkurl.template.feature
arg: {"link":"urn:ogc:def:crs:EPSG::5709"}
checkxlinkurl.template.feature:14 - 
org.apache.http.client.ClientProtocolException: URI does not specify a valid host name: urn:ogc:def:crs:EPSG::5709
[1.39:16] check-known-dataset-record.feature:79 - feature call (loop) failed: classpath:InspireTest/ngr/datasetrecords/def/checkxlinkurl.template.feature
caller: classpath:InspireTest/ngr/datasetrecords/check-known-dataset-record.feature
items: [{link=http://www.opengis.net/def/crs/EPSG/0/https://www.opengis.net/def/crs/EPSG/0/4258}, {link=https://www.nationaalgeoregister.nl/geonetwork/srv/api/recordsf44dac86-2228-412f-8355-e56446ca9933}, {link=www.hydro.nl}]
errors:
-------
feature call (loop) failed at index: 1
caller: classpath:InspireTest/ngr/datasetrecords/def/checkxlinkurl.template.feature
arg: {"link":"https://www.nationaalgeoregister.nl/geonetwork/srv/api/recordsf44dac86-2228-412f-8355-e56446ca9933"}
checkxlinkurl.template.feature:22 - path: $, actual: 500, expected: 200, reason: not equal (Integer)
-------
feature call (loop) failed at index: 2
caller: classpath:InspireTest/ngr/datasetrecords/def/checkxlinkurl.template.feature
arg: {"link":"www.hydro.nl"}
checkxlinkurl.template.feature:14 - 
org.apache.http.client.ClientProtocolException
[1.40:16] check-known-dataset-record.feature:79 - feature call (loop) failed: classpath:InspireTest/ngr/datasetrecords/def/checkxlinkurl.template.feature
caller: classpath:InspireTest/ngr/datasetrecords/check-known-dataset-record.feature
items: [{link=https://www.nationaalgeoregister.nl/geonetwork/srv/dut/catalog.search#/metadata/68ebd5c9-0ea1-4f22-9907-ec4c063cd3e2}, {link=http://rdfdata.eionet.europa.eu/inspirethemes/themes/20}, {link=urn:ogc:def:crs:EPSG::5709}]
errors:
-------
feature call (loop) failed at index: 1
caller: classpath:InspireTest/ngr/datasetrecords/def/checkxlinkurl.template.feature
arg: {"link":"http://rdfdata.eionet.europa.eu/inspirethemes/themes/20"}
checkxlinkurl.template.feature:22 - path: $, actual: 404, expected: 200, reason: not equal (Integer)
-------
feature call (loop) failed at index: 2
caller: classpath:InspireTest/ngr/datasetrecords/def/checkxlinkurl.template.feature
arg: {"link":"urn:ogc:def:crs:EPSG::5709"}
checkxlinkurl.template.feature:14 - 
org.apache.http.client.ClientProtocolException: URI does not specify a valid host name: urn:ogc:def:crs:EPSG::5709
[1.41:16] check-known-dataset-record.feature:79 - feature call (loop) failed: classpath:InspireTest/ngr/datasetrecords/def/checkxlinkurl.template.feature
caller: classpath:InspireTest/ngr/datasetrecords/check-known-dataset-record.feature
items: [{link=https://www.nationaalgeoregister.nl/geonetwork/srv/dut/catalog.search#/metadata/tbjk534p-wubf-crbp-cj25-d4161160gfim}, {link=http://rdfdata.eionet.europa.eu/inspirethemes/themes/28}, {link=https://ngr.geocat.live/geonetwork/srv/eng/thesaurus.download?ref=external.theme.httpinspireeceuropaeumetadatacodelistPrioritydataset-Prioritydataset}]
errors:
-------
feature call (loop) failed at index: 1
caller: classpath:InspireTest/ngr/datasetrecords/def/checkxlinkurl.template.feature
arg: {"link":"http://rdfdata.eionet.europa.eu/inspirethemes/themes/28"}
checkxlinkurl.template.feature:22 - path: $, actual: 404, expected: 200, reason: not equal (Integer)
-------
feature call (loop) failed at index: 2
caller: classpath:InspireTest/ngr/datasetrecords/def/checkxlinkurl.template.feature
arg: {"link":"https://ngr.geocat.live/geonetwork/srv/eng/thesaurus.download?ref=external.theme.httpinspireeceuropaeumetadatacodelistPrioritydataset-Prioritydataset"}
checkxlinkurl.template.feature:22 - path: $, actual: 500, expected: 200, reason: not equal (Integer)
[1.44:16] check-known-dataset-record.feature:79 - feature call (loop) failed: classpath:InspireTest/ngr/datasetrecords/def/checkxlinkurl.template.feature
caller: classpath:InspireTest/ngr/datasetrecords/check-known-dataset-record.feature
items: [{link=https://data.rivm.nl/inspire/id#df9bc66f-941b-4c38-a104-1b8d940a53db}]
errors:
-------
feature call (loop) failed at index: 0
caller: classpath:InspireTest/ngr/datasetrecords/def/checkxlinkurl.template.feature
arg: {"link":"https://data.rivm.nl/inspire/id#df9bc66f-941b-4c38-a104-1b8d940a53db"}
checkxlinkurl.template.feature:14 - 
javax.net.ssl.SSLException: Connection reset
[1.45:16] check-known-dataset-record.feature:79 - feature call (loop) failed: classpath:InspireTest/ngr/datasetrecords/def/checkxlinkurl.template.feature
caller: classpath:InspireTest/ngr/datasetrecords/check-known-dataset-record.feature
items: [{link=https://nationaalgeoregister.nl/geonetwork/srv/resources8bdf76b6-c9c9-4011-a7bc-022ae14a4024}, {link=http://rdfdata.eionet.europa.eu/inspirethemes/themes/24}, {link=http://geonetwork-opensource.org/inspire-theme#}, {link=https://www.nationaalgeoregister.nl/geonetwork/srv/eng/thesaurus.download?ref=external.theme.inspire-theme}]
errors:
-------
feature call (loop) failed at index: 0
caller: classpath:InspireTest/ngr/datasetrecords/def/checkxlinkurl.template.feature
arg: {"link":"https://nationaalgeoregister.nl/geonetwork/srv/resources8bdf76b6-c9c9-4011-a7bc-022ae14a4024"}
checkxlinkurl.template.feature:22 - path: $, actual: 404, expected: 200, reason: not equal (Integer)
-------
feature call (loop) failed at index: 1
caller: classpath:InspireTest/ngr/datasetrecords/def/checkxlinkurl.template.feature
arg: {"link":"http://rdfdata.eionet.europa.eu/inspirethemes/themes/24"}
checkxlinkurl.template.feature:22 - path: $, actual: 404, expected: 200, reason: not equal (Integer)
-------
feature call (loop) failed at index: 2
caller: classpath:InspireTest/ngr/datasetrecords/def/checkxlinkurl.template.feature
arg: {"link":"http://geonetwork-opensource.org/inspire-theme#"}
checkxlinkurl.template.feature:22 - path: $, actual: 404, expected: 200, reason: not equal (Integer)
-------
feature call (loop) failed at index: 3
caller: classpath:InspireTest/ngr/datasetrecords/def/checkxlinkurl.template.feature
arg: {"link":"https://www.nationaalgeoregister.nl/geonetwork/srv/eng/thesaurus.download?ref=external.theme.inspire-theme"}
checkxlinkurl.template.feature:22 - path: $, actual: 500, expected: 200, reason: not equal (Integer)
[1.46:16] check-known-dataset-record.feature:79 - feature call (loop) failed: classpath:InspireTest/ngr/datasetrecords/def/checkxlinkurl.template.feature
caller: classpath:InspireTest/ngr/datasetrecords/check-known-dataset-record.feature
items: [{link=https://ngr.acceptatie.nationaalgeoregister.nl/geonetwork/srv/resources9d973c4a-ef03-4785-b7f6-942e86b385f7}, {link=www.hydro.nl}, {link=https://www.nationaalgeoregister.nl/geonetwork/srv/eng/thesaurus.download?ref=external.theme.inspire-theme}]
errors:
-------
feature call (loop) failed at index: 0
caller: classpath:InspireTest/ngr/datasetrecords/def/checkxlinkurl.template.feature
arg: {"link":"https://ngr.acceptatie.nationaalgeoregister.nl/geonetwork/srv/resources9d973c4a-ef03-4785-b7f6-942e86b385f7"}
checkxlinkurl.template.feature:22 - path: $, actual: 404, expected: 200, reason: not equal (Integer)
-------
feature call (loop) failed at index: 1
caller: classpath:InspireTest/ngr/datasetrecords/def/checkxlinkurl.template.feature
arg: {"link":"www.hydro.nl"}
checkxlinkurl.template.feature:14 - 
org.apache.http.client.ClientProtocolException
-------
feature call (loop) failed at index: 2
caller: classpath:InspireTest/ngr/datasetrecords/def/checkxlinkurl.template.feature
arg: {"link":"https://www.nationaalgeoregister.nl/geonetwork/srv/eng/thesaurus.download?ref=external.theme.inspire-theme"}
checkxlinkurl.template.feature:22 - path: $, actual: 500, expected: 200, reason: not equal (Integer)
[1.47:16] check-known-dataset-record.feature:79 - feature call (loop) failed: classpath:InspireTest/ngr/datasetrecords/def/checkxlinkurl.template.feature
caller: classpath:InspireTest/ngr/datasetrecords/check-known-dataset-record.feature
items: [{link=http://www.opengis.net/def/crs/EPSG/0/https://www.opengis.net/def/crs/EPSG/0/4258}, {link=https://www.nationaalgeoregister.nl/geonetwork/srv/api/recordsc2225e5d-b46f-4e38-8445-ab10fd40c0dc}]
errors:
-------
feature call (loop) failed at index: 1
caller: classpath:InspireTest/ngr/datasetrecords/def/checkxlinkurl.template.feature
arg: {"link":"https://www.nationaalgeoregister.nl/geonetwork/srv/api/recordsc2225e5d-b46f-4e38-8445-ab10fd40c0dc"}
checkxlinkurl.template.feature:22 - path: $, actual: 500, expected: 200, reason: not equal (Integer)
[1.48:16] check-known-dataset-record.feature:79 - feature call (loop) failed: classpath:InspireTest/ngr/datasetrecords/def/checkxlinkurl.template.feature
caller: classpath:InspireTest/ngr/datasetrecords/check-known-dataset-record.feature
items: [{link=https://www.nationaalgeoregister.nl/geonetwork/srv/dut/catalog.search#/metadata/be1b1514-8d1f-48e1-9624-fee9b784138b}, {link=http://rdfdata.eionet.europa.eu/inspirethemes/themes/7}, {link=urn:ogc:def:crs:EPSG::5709}]
errors:
-------
feature call (loop) failed at index: 1
caller: classpath:InspireTest/ngr/datasetrecords/def/checkxlinkurl.template.feature
arg: {"link":"http://rdfdata.eionet.europa.eu/inspirethemes/themes/7"}
checkxlinkurl.template.feature:22 - path: $, actual: 404, expected: 200, reason: not equal (Integer)
-------
feature call (loop) failed at index: 2
caller: classpath:InspireTest/ngr/datasetrecords/def/checkxlinkurl.template.feature
arg: {"link":"urn:ogc:def:crs:EPSG::5709"}
checkxlinkurl.template.feature:14 - 
org.apache.http.client.ClientProtocolException: URI does not specify a valid host name: urn:ogc:def:crs:EPSG::5709
[1.49:16] check-known-dataset-record.feature:79 - feature call (loop) failed: classpath:InspireTest/ngr/datasetrecords/def/checkxlinkurl.template.feature
caller: classpath:InspireTest/ngr/datasetrecords/check-known-dataset-record.feature
items: [{link=https://www.nationaalgeoregister.nl/geonetwork/srv/api/records3e57ce43-7707-43ed-a4b9-72b3a6d812f8}]
errors:
-------
feature call (loop) failed at index: 0
caller: classpath:InspireTest/ngr/datasetrecords/def/checkxlinkurl.template.feature
arg: {"link":"https://www.nationaalgeoregister.nl/geonetwork/srv/api/records3e57ce43-7707-43ed-a4b9-72b3a6d812f8"}
checkxlinkurl.template.feature:22 - path: $, actual: 500, expected: 200, reason: not equal (Integer)
[1.50:16] check-known-dataset-record.feature:79 - feature call (loop) failed: classpath:InspireTest/ngr/datasetrecords/def/checkxlinkurl.template.feature
caller: classpath:InspireTest/ngr/datasetrecords/check-known-dataset-record.feature
items: [{link=http://www.opengis.net/def/crs/EPSG/0/http://www.opengis.net/def/crs/EPSG/0/3034}, {link=http://nationaalgeoregister.nl/geonetwork/srv/dut/csw?SERVICE=CSW&version=2.0.2&REQUEST=GetRecordById&elementSetName=full&OutputSchema=http://www.isotc211.org/2005/gmd&ID=58e7dc38-a498-4852-b4ef-908f5baa9056}, {link=https://creativecommons.org/publicdomain/mark/*/deed.nl}, {link=}]
errors:
-------
feature call (loop) failed at index: 2
caller: classpath:InspireTest/ngr/datasetrecords/def/checkxlinkurl.template.feature
arg: {"link":"https://creativecommons.org/publicdomain/mark/*/deed.nl"}
checkxlinkurl.template.feature:22 - path: $, actual: 404, expected: 200, reason: not equal (Integer)
-------
feature call (loop) failed at index: 3
caller: classpath:InspireTest/ngr/datasetrecords/def/checkxlinkurl.template.feature
arg: {"link":""}
checkxlinkurl.template.feature:14 - 
org.apache.http.client.ClientProtocolException
[1.51:16] check-known-dataset-record.feature:79 - feature call (loop) failed: classpath:InspireTest/ngr/datasetrecords/def/checkxlinkurl.template.feature
caller: classpath:InspireTest/ngr/datasetrecords/check-known-dataset-record.feature
items: [{link=http://www.nationaalgeoregister.nl/geonetwork/srv/dut/catalog.search#/metadata/a04afee4-47d5-45b7-b7a0-a6f86106af11}, {link=https://data.overheid.nl/organisatie/PDOK}]
errors:
-------
feature call (loop) failed at index: 1
caller: classpath:InspireTest/ngr/datasetrecords/def/checkxlinkurl.template.feature
arg: {"link":"https://data.overheid.nl/organisatie/PDOK"}
checkxlinkurl.template.feature:22 - path: $, actual: 404, expected: 200, reason: not equal (Integer)
[1.53:16] check-known-dataset-record.feature:79 - feature call (loop) failed: classpath:InspireTest/ngr/datasetrecords/def/checkxlinkurl.template.feature
caller: classpath:InspireTest/ngr/datasetrecords/check-known-dataset-record.feature
items: [{link=https://data.rivm.nl/inspire/id#a98a6cdb-61cd-4107-b775-2334e6772ed5}]
errors:
-------
feature call (loop) failed at index: 0
caller: classpath:InspireTest/ngr/datasetrecords/def/checkxlinkurl.template.feature
arg: {"link":"https://data.rivm.nl/inspire/id#a98a6cdb-61cd-4107-b775-2334e6772ed5"}
checkxlinkurl.template.feature:14 - 
javax.net.ssl.SSLException: Connection reset
[1.55:16] check-known-dataset-record.feature:79 - feature call (loop) failed: classpath:InspireTest/ngr/datasetrecords/def/checkxlinkurl.template.feature
caller: classpath:InspireTest/ngr/datasetrecords/check-known-dataset-record.feature
items: [{link=http://kadaster/2482250f-3b00-4439-9f93-f3118229b021}, {link=}, {link=}, {link=}]
errors:
-------
feature call (loop) failed at index: 0
caller: classpath:InspireTest/ngr/datasetrecords/def/checkxlinkurl.template.feature
arg: {"link":"http://kadaster/2482250f-3b00-4439-9f93-f3118229b021"}
checkxlinkurl.template.feature:14 - 
java.net.UnknownHostException: kadaster: Temporary failure in name resolution
-------
feature call (loop) failed at index: 1
caller: classpath:InspireTest/ngr/datasetrecords/def/checkxlinkurl.template.feature
arg: {"link":""}
checkxlinkurl.template.feature:14 - 
org.apache.http.client.ClientProtocolException
-------
feature call (loop) failed at index: 2
caller: classpath:InspireTest/ngr/datasetrecords/def/checkxlinkurl.template.feature
arg: {"link":""}
checkxlinkurl.template.feature:14 - 
org.apache.http.client.ClientProtocolException
-------
feature call (loop) failed at index: 3
caller: classpath:InspireTest/ngr/datasetrecords/def/checkxlinkurl.template.feature
arg: {"link":""}
checkxlinkurl.template.feature:14 - 
org.apache.http.client.ClientProtocolException
[1.56:16] check-known-dataset-record.feature:79 - feature call (loop) failed: classpath:InspireTest/ngr/datasetrecords/def/checkxlinkurl.template.feature
caller: classpath:InspireTest/ngr/datasetrecords/check-known-dataset-record.feature
items: [{link=https://www.nationaalgeoregister.nl/geonetwork/srv/api/records844404a2-9cd0-452e-b29a-74588777485a}]
errors:
-------
feature call (loop) failed at index: 0
caller: classpath:InspireTest/ngr/datasetrecords/def/checkxlinkurl.template.feature
arg: {"link":"https://www.nationaalgeoregister.nl/geonetwork/srv/api/records844404a2-9cd0-452e-b29a-74588777485a"}
checkxlinkurl.template.feature:22 - path: $, actual: 500, expected: 200, reason: not equal (Integer)
[1.57:16] check-known-dataset-record.feature:79 - feature call (loop) failed: classpath:InspireTest/ngr/datasetrecords/def/checkxlinkurl.template.feature
caller: classpath:InspireTest/ngr/datasetrecords/check-known-dataset-record.feature
items: [{link=https://nationaalgeoregister.nl/geonetwork/srv/resourcesff07bd5a-d6eb-11ea-87d0-0242ac130003}, {link=https://www.nationaalgeoregister.nl/geonetwork/srv/eng/thesaurus.download?ref=external.theme.inspire-theme}]
errors:
-------
feature call (loop) failed at index: 0
caller: classpath:InspireTest/ngr/datasetrecords/def/checkxlinkurl.template.feature
arg: {"link":"https://nationaalgeoregister.nl/geonetwork/srv/resourcesff07bd5a-d6eb-11ea-87d0-0242ac130003"}
checkxlinkurl.template.feature:22 - path: $, actual: 404, expected: 200, reason: not equal (Integer)
-------
feature call (loop) failed at index: 1
caller: classpath:InspireTest/ngr/datasetrecords/def/checkxlinkurl.template.feature
arg: {"link":"https://www.nationaalgeoregister.nl/geonetwork/srv/eng/thesaurus.download?ref=external.theme.inspire-theme"}
checkxlinkurl.template.feature:22 - path: $, actual: 500, expected: 200, reason: not equal (Integer)
[1.58:16] check-known-dataset-record.feature:79 - feature call (loop) failed: classpath:InspireTest/ngr/datasetrecords/def/checkxlinkurl.template.feature
caller: classpath:InspireTest/ngr/datasetrecords/check-known-dataset-record.feature
items: [{link=https://www.nationaalgeoregister.nl/geonetwork/srv/api/records6c6be9c5-b09b-4dcf-a5fd-f149cbaca6fb}, {link=https://creativecommons.org/publicdomain/zero/*/deed.nl}]
errors:
-------
feature call (loop) failed at index: 0
caller: classpath:InspireTest/ngr/datasetrecords/def/checkxlinkurl.template.feature
arg: {"link":"https://www.nationaalgeoregister.nl/geonetwork/srv/api/records6c6be9c5-b09b-4dcf-a5fd-f149cbaca6fb"}
checkxlinkurl.template.feature:22 - path: $, actual: 500, expected: 200, reason: not equal (Integer)
-------
feature call (loop) failed at index: 1
caller: classpath:InspireTest/ngr/datasetrecords/def/checkxlinkurl.template.feature
arg: {"link":"https://creativecommons.org/publicdomain/zero/*/deed.nl"}
checkxlinkurl.template.feature:22 - path: $, actual: 404, expected: 200, reason: not equal (Integer)
[1.59:16] check-known-dataset-record.feature:79 - feature call (loop) failed: classpath:InspireTest/ngr/datasetrecords/def/checkxlinkurl.template.feature
caller: classpath:InspireTest/ngr/datasetrecords/check-known-dataset-record.feature
items: [{link=http://www.opengis.net/def/crs/EPSG/0/http://www.opengis.net/def/crs/EPSG/0/4258}, {link=http://kadaster/ff1d6d44-aea1-4ad5-b084-9afea143f1bf}]
errors:
-------
feature call (loop) failed at index: 1
caller: classpath:InspireTest/ngr/datasetrecords/def/checkxlinkurl.template.feature
arg: {"link":"http://kadaster/ff1d6d44-aea1-4ad5-b084-9afea143f1bf"}
checkxlinkurl.template.feature:14 - 
java.net.UnknownHostException: kadaster
[1.60:16] check-known-dataset-record.feature:79 - feature call (loop) failed: classpath:InspireTest/ngr/datasetrecords/def/checkxlinkurl.template.feature
caller: classpath:InspireTest/ngr/datasetrecords/check-known-dataset-record.feature
items: [{link=https://www.nationaalgeoregister.nl/geonetwork/srv/dut/catalog.search#/metadata/25294679-adb9-4c39-a93b-6954ff9414ac}, {link=http://rdfdata.eionet.europa.eu/inspirethemes/themes/20}, {link=http://rdfdata.eionet.europa.eu/inspirethemes/themes/28}, {link=urn:ogc:def:crs:EPSG::5709}]
errors:
-------
feature call (loop) failed at index: 1
caller: classpath:InspireTest/ngr/datasetrecords/def/checkxlinkurl.template.feature
arg: {"link":"http://rdfdata.eionet.europa.eu/inspirethemes/themes/20"}
checkxlinkurl.template.feature:22 - path: $, actual: 404, expected: 200, reason: not equal (Integer)
-------
feature call (loop) failed at index: 2
caller: classpath:InspireTest/ngr/datasetrecords/def/checkxlinkurl.template.feature
arg: {"link":"http://rdfdata.eionet.europa.eu/inspirethemes/themes/28"}
checkxlinkurl.template.feature:22 - path: $, actual: 404, expected: 200, reason: not equal (Integer)
-------
feature call (loop) failed at index: 3
caller: classpath:InspireTest/ngr/datasetrecords/def/checkxlinkurl.template.feature
arg: {"link":"urn:ogc:def:crs:EPSG::5709"}
checkxlinkurl.template.feature:14 - 
org.apache.http.client.ClientProtocolException: URI does not specify a valid host name: urn:ogc:def:crs:EPSG::5709
[1.61:16] check-known-dataset-record.feature:79 - feature call (loop) failed: classpath:InspireTest/ngr/datasetrecords/def/checkxlinkurl.template.feature
caller: classpath:InspireTest/ngr/datasetrecords/check-known-dataset-record.feature
items: [{link=http://www.opengis.net/def/crs/EPSG/0/http://www.opengis.net/def/crs/EPSG/0/3034}, {link=http://nationaalgeoregister.nl/geonetwork/srv/dut/csw?SERVICE=CSW&version=2.0.2&REQUEST=GetRecordById&elementSetName=full&OutputSchema=http://www.isotc211.org/2005/gmd&ID=88f76a94-ee4d-4e0c-9fde-91b692403e39}, {link=https://creativecommons.org/publicdomain/mark/*/deed.nl}, {link=}]
errors:
-------
feature call (loop) failed at index: 2
caller: classpath:InspireTest/ngr/datasetrecords/def/checkxlinkurl.template.feature
arg: {"link":"https://creativecommons.org/publicdomain/mark/*/deed.nl"}
checkxlinkurl.template.feature:22 - path: $, actual: 404, expected: 200, reason: not equal (Integer)
-------
feature call (loop) failed at index: 3
caller: classpath:InspireTest/ngr/datasetrecords/def/checkxlinkurl.template.feature
arg: {"link":""}
checkxlinkurl.template.feature:14 - 
org.apache.http.client.ClientProtocolException
[1.62:16] check-known-dataset-record.feature:79 - feature call (loop) failed: classpath:InspireTest/ngr/datasetrecords/def/checkxlinkurl.template.feature
caller: classpath:InspireTest/ngr/datasetrecords/check-known-dataset-record.feature
items: [{link=https://www.nationaalgeoregister.nl/geonetwork/srv/dut/catalog.search#/metadata/eu-cb527d-f6db-4835-b0cd-deb245241254}, {link=http://rdfdata.eionet.europa.eu/inspirethemes/themes/7}, {link=http://inspire.ec.europa.eu/metadata-codelist/Prioritydataset/SurfaceWaterBodies-dir-2000-60}, {link=https://ngr.geocat.live/geonetwork/srv/eng/thesaurus.download?ref=external.theme.httpinspireeceuropaeumetadatacodelistPrioritydataset-Prioritydataset}]
errors:
-------
feature call (loop) failed at index: 1
caller: classpath:InspireTest/ngr/datasetrecords/def/checkxlinkurl.template.feature
arg: {"link":"http://rdfdata.eionet.europa.eu/inspirethemes/themes/7"}
checkxlinkurl.template.feature:22 - path: $, actual: 404, expected: 200, reason: not equal (Integer)
-------
feature call (loop) failed at index: 2
caller: classpath:InspireTest/ngr/datasetrecords/def/checkxlinkurl.template.feature
arg: {"link":"http://inspire.ec.europa.eu/metadata-codelist/Prioritydataset/SurfaceWaterBodies-dir-2000-60"}
checkxlinkurl.template.feature:22 - path: $, actual: 404, expected: 200, reason: not equal (Integer)
-------
feature call (loop) failed at index: 3
caller: classpath:InspireTest/ngr/datasetrecords/def/checkxlinkurl.template.feature
arg: {"link":"https://ngr.geocat.live/geonetwork/srv/eng/thesaurus.download?ref=external.theme.httpinspireeceuropaeumetadatacodelistPrioritydataset-Prioritydataset"}
checkxlinkurl.template.feature:22 - path: $, actual: 500, expected: 200, reason: not equal (Integer)
[1.63:16] check-known-dataset-record.feature:79 - feature call (loop) failed: classpath:InspireTest/ngr/datasetrecords/def/checkxlinkurl.template.feature
caller: classpath:InspireTest/ngr/datasetrecords/check-known-dataset-record.feature
items: [{link=https://ngr.acceptatie.nationaalgeoregister.nl/geonetwork/srv/resources03671a9e-6aaf-464d-be99-9aad25cef9e3}]
errors:
-------
feature call (loop) failed at index: 0
caller: classpath:InspireTest/ngr/datasetrecords/def/checkxlinkurl.template.feature
arg: {"link":"https://ngr.acceptatie.nationaalgeoregister.nl/geonetwork/srv/resources03671a9e-6aaf-464d-be99-9aad25cef9e3"}
checkxlinkurl.template.feature:22 - path: $, actual: 404, expected: 200, reason: not equal (Integer)
[1.64:16] check-known-dataset-record.feature:79 - feature call (loop) failed: classpath:InspireTest/ngr/datasetrecords/def/checkxlinkurl.template.feature
caller: classpath:InspireTest/ngr/datasetrecords/check-known-dataset-record.feature
items: [{link=https://ngr.acceptatie.nationaalgeoregister.nl/geonetwork/srv/resourcesbbe3c19d-12b0-4912-a6f4-46eb189e85ac}, {link=http://rdfdata.eionet.europa.eu/inspirethemes/themes/16}, {link=http://geonetwork-opensource.org/inspire-theme#}, {link=https://www.nationaalgeoregister.nl/geonetwork/srv/eng/thesaurus.download?ref=external.theme.inspire-theme}]
errors:
-------
feature call (loop) failed at index: 0
caller: classpath:InspireTest/ngr/datasetrecords/def/checkxlinkurl.template.feature
arg: {"link":"https://ngr.acceptatie.nationaalgeoregister.nl/geonetwork/srv/resourcesbbe3c19d-12b0-4912-a6f4-46eb189e85ac"}
checkxlinkurl.template.feature:22 - path: $, actual: 404, expected: 200, reason: not equal (Integer)
-------
feature call (loop) failed at index: 1
caller: classpath:InspireTest/ngr/datasetrecords/def/checkxlinkurl.template.feature
arg: {"link":"http://rdfdata.eionet.europa.eu/inspirethemes/themes/16"}
checkxlinkurl.template.feature:22 - path: $, actual: 404, expected: 200, reason: not equal (Integer)
-------
feature call (loop) failed at index: 2
caller: classpath:InspireTest/ngr/datasetrecords/def/checkxlinkurl.template.feature
arg: {"link":"http://geonetwork-opensource.org/inspire-theme#"}
checkxlinkurl.template.feature:22 - path: $, actual: 404, expected: 200, reason: not equal (Integer)
-------
feature call (loop) failed at index: 3
caller: classpath:InspireTest/ngr/datasetrecords/def/checkxlinkurl.template.feature
arg: {"link":"https://www.nationaalgeoregister.nl/geonetwork/srv/eng/thesaurus.download?ref=external.theme.inspire-theme"}
checkxlinkurl.template.feature:22 - path: $, actual: 500, expected: 200, reason: not equal (Integer)
[1.65:16] check-known-dataset-record.feature:79 - feature call (loop) failed: classpath:InspireTest/ngr/datasetrecords/def/checkxlinkurl.template.feature
caller: classpath:InspireTest/ngr/datasetrecords/check-known-dataset-record.feature
items: [{link=u}, {link=r}, {link=n}, {link=:}, {link=o}, {link=g}, {link=c}, {link=:}, {link=d}, {link=e}, {link=f}, {link=:}, {link=c}, {link=r}, {link=s}, {link=:}, {link=E}, {link=P}, {link=S}, {link=G}, {link=:}, {link=:}, {link=5}, {link=7}, {link=0}, {link=9}]
errors:
-------
feature call (loop) failed at index: 0
caller: classpath:InspireTest/ngr/datasetrecords/def/checkxlinkurl.template.feature
arg: {"link":"u"}
checkxlinkurl.template.feature:14 - 
org.apache.http.client.ClientProtocolException
-------
feature call (loop) failed at index: 1
caller: classpath:InspireTest/ngr/datasetrecords/def/checkxlinkurl.template.feature
arg: {"link":"r"}
checkxlinkurl.template.feature:14 - 
org.apache.http.client.ClientProtocolException
-------
feature call (loop) failed at index: 2
caller: classpath:InspireTest/ngr/datasetrecords/def/checkxlinkurl.template.feature
arg: {"link":"n"}
checkxlinkurl.template.feature:14 - 
org.apache.http.client.ClientProtocolException
-------
feature call (loop) failed at index: 3
caller: classpath:InspireTest/ngr/datasetrecords/def/checkxlinkurl.template.feature
arg: {"link":":"}
checkxlinkurl.template.feature:14 - java.net.URISyntaxException: Expected scheme name at index 0: :
-------
feature call (loop) failed at index: 4
caller: classpath:InspireTest/ngr/datasetrecords/def/checkxlinkurl.template.feature
arg: {"link":"o"}
checkxlinkurl.template.feature:14 - 
org.apache.http.client.ClientProtocolException
-------
feature call (loop) failed at index: 5
caller: classpath:InspireTest/ngr/datasetrecords/def/checkxlinkurl.template.feature
arg: {"link":"g"}
checkxlinkurl.template.feature:14 - 
org.apache.http.client.ClientProtocolException
-------
feature call (loop) failed at index: 6
caller: classpath:InspireTest/ngr/datasetrecords/def/checkxlinkurl.template.feature
arg: {"link":"c"}
checkxlinkurl.template.feature:14 - 
org.apache.http.client.ClientProtocolException
-------
feature call (loop) failed at index: 7
caller: classpath:InspireTest/ngr/datasetrecords/def/checkxlinkurl.template.feature
arg: {"link":":"}
checkxlinkurl.template.feature:14 - java.net.URISyntaxException: Expected scheme name at index 0: :
-------
feature call (loop) failed at index: 8
caller: classpath:InspireTest/ngr/datasetrecords/def/checkxlinkurl.template.feature
arg: {"link":"d"}
checkxlinkurl.template.feature:14 - 
org.apache.http.client.ClientProtocolException
-------
feature call (loop) failed at index: 9
caller: classpath:InspireTest/ngr/datasetrecords/def/checkxlinkurl.template.feature
arg: {"link":"e"}
checkxlinkurl.template.feature:14 - 
org.apache.http.client.ClientProtocolException
-------
feature call (loop) failed at index: 10
caller: classpath:InspireTest/ngr/datasetrecords/def/checkxlinkurl.template.feature
arg: {"link":"f"}
checkxlinkurl.template.feature:14 - 
org.apache.http.client.ClientProtocolException
-------
feature call (loop) failed at index: 11
caller: classpath:InspireTest/ngr/datasetrecords/def/checkxlinkurl.template.feature
arg: {"link":":"}
checkxlinkurl.template.feature:14 - java.net.URISyntaxException: Expected scheme name at index 0: :
-------
feature call (loop) failed at index: 12
caller: classpath:InspireTest/ngr/datasetrecords/def/checkxlinkurl.template.feature
arg: {"link":"c"}
checkxlinkurl.template.feature:14 - 
org.apache.http.client.ClientProtocolException
-------
feature call (loop) failed at index: 13
caller: classpath:InspireTest/ngr/datasetrecords/def/checkxlinkurl.template.feature
arg: {"link":"r"}
checkxlinkurl.template.feature:14 - 
org.apache.http.client.ClientProtocolException
-------
feature call (loop) failed at index: 14
caller: classpath:InspireTest/ngr/datasetrecords/def/checkxlinkurl.template.feature
arg: {"link":"s"}
checkxlinkurl.template.feature:14 - 
org.apache.http.client.ClientProtocolException
-------
feature call (loop) failed at index: 15
caller: classpath:InspireTest/ngr/datasetrecords/def/checkxlinkurl.template.feature
arg: {"link":":"}
checkxlinkurl.template.feature:14 - java.net.URISyntaxException: Expected scheme name at index 0: :
-------
feature call (loop) failed at index: 16
caller: classpath:InspireTest/ngr/datasetrecords/def/checkxlinkurl.template.feature
arg: {"link":"E"}
checkxlinkurl.template.feature:14 - 
org.apache.http.client.ClientProtocolException
-------
feature call (loop) failed at index: 17
caller: classpath:InspireTest/ngr/datasetrecords/def/checkxlinkurl.template.feature
arg: {"link":"P"}
checkxlinkurl.template.feature:14 - 
org.apache.http.client.ClientProtocolException
-------
feature call (loop) failed at index: 18
caller: classpath:InspireTest/ngr/datasetrecords/def/checkxlinkurl.template.feature
arg: {"link":"S"}
checkxlinkurl.template.feature:14 - 
org.apache.http.client.ClientProtocolException
-------
feature call (loop) failed at index: 19
caller: classpath:InspireTest/ngr/datasetrecords/def/checkxlinkurl.template.feature
arg: {"link":"G"}
checkxlinkurl.template.feature:14 - 
org.apache.http.client.ClientProtocolException
-------
feature call (loop) failed at index: 20
caller: classpath:InspireTest/ngr/datasetrecords/def/checkxlinkurl.template.feature
arg: {"link":":"}
checkxlinkurl.template.feature:14 - java.net.URISyntaxException: Expected scheme name at index 0: :
-------
feature call (loop) failed at index: 21
caller: classpath:InspireTest/ngr/datasetrecords/def/checkxlinkurl.template.feature
arg: {"link":":"}
checkxlinkurl.template.feature:14 - java.net.URISyntaxException: Expected scheme name at index 0: :
-------
feature call (loop) failed at index: 22
caller: classpath:InspireTest/ngr/datasetrecords/def/checkxlinkurl.template.feature
arg: {"link":"5"}
checkxlinkurl.template.feature:14 - 
org.apache.http.client.ClientProtocolException
-------
feature call (loop) failed at index: 23
caller: classpath:InspireTest/ngr/datasetrecords/def/checkxlinkurl.template.feature
arg: {"link":"7"}
checkxlinkurl.template.feature:14 - 
org.apache.http.client.ClientProtocolException
-------
feature call (loop) failed at index: 24
caller: classpath:InspireTest/ngr/datasetrecords/def/checkxlinkurl.template.feature
arg: {"link":"0"}
checkxlinkurl.template.feature:14 - 
org.apache.http.client.ClientProtocolException
-------
feature call (loop) failed at index: 25
caller: classpath:InspireTest/ngr/datasetrecords/def/checkxlinkurl.template.feature
arg: {"link":"9"}
checkxlinkurl.template.feature:14 - 
org.apache.http.client.ClientProtocolException
[1.66:16] check-known-dataset-record.feature:79 - feature call (loop) failed: classpath:InspireTest/ngr/datasetrecords/def/checkxlinkurl.template.feature
caller: classpath:InspireTest/ngr/datasetrecords/check-known-dataset-record.feature
items: [{link=http://kadaster/7c22107ea-5e31-4bbc-8e24-d15fe230062e}]
errors:
-------
feature call (loop) failed at index: 0
caller: classpath:InspireTest/ngr/datasetrecords/def/checkxlinkurl.template.feature
arg: {"link":"http://kadaster/7c22107ea-5e31-4bbc-8e24-d15fe230062e"}
checkxlinkurl.template.feature:14 - 
java.net.UnknownHostException: kadaster
[1.67:16] check-known-dataset-record.feature:79 - feature call (loop) failed: classpath:InspireTest/ngr/datasetrecords/def/checkxlinkurl.template.feature
caller: classpath:InspireTest/ngr/datasetrecords/check-known-dataset-record.feature
items: [{link=http://www.opengis.net/def/crs/EPSG/0/http://www.opengis.net/def/crs/EPSG/0/4258}, {link=http://kadaster/1d32fc50-cd5b-4425-b0df-16c7c7940e94}]
errors:
-------
feature call (loop) failed at index: 1
caller: classpath:InspireTest/ngr/datasetrecords/def/checkxlinkurl.template.feature
arg: {"link":"http://kadaster/1d32fc50-cd5b-4425-b0df-16c7c7940e94"}
checkxlinkurl.template.feature:14 - 
java.net.UnknownHostException: kadaster
[1.68:16] check-known-dataset-record.feature:79 - feature call (loop) failed: classpath:InspireTest/ngr/datasetrecords/def/checkxlinkurl.template.feature
caller: classpath:InspireTest/ngr/datasetrecords/check-known-dataset-record.feature
items: [{link=https://data.rivm.nl/inspire/id#b867ba72-5a7c-41fe-b997-394b56dfbd25}]
errors:
-------
feature call (loop) failed at index: 0
caller: classpath:InspireTest/ngr/datasetrecords/def/checkxlinkurl.template.feature
arg: {"link":"https://data.rivm.nl/inspire/id#b867ba72-5a7c-41fe-b997-394b56dfbd25"}
checkxlinkurl.template.feature:14 - 
javax.net.ssl.SSLException: Connection reset
[1.70:16] check-known-dataset-record.feature:79 - feature call (loop) failed: classpath:InspireTest/ngr/datasetrecords/def/checkxlinkurl.template.feature
caller: classpath:InspireTest/ngr/datasetrecords/check-known-dataset-record.feature
items: [{link=https://www.nationaalgeoregister.nl/geonetwork/srv/api/records1b2abd21-3084-4db7-ab49-46866b4aac2b}, {link=https://creativecommons.org/publicdomain/zero/*/deed.nl}]
errors:
-------
feature call (loop) failed at index: 0
caller: classpath:InspireTest/ngr/datasetrecords/def/checkxlinkurl.template.feature
arg: {"link":"https://www.nationaalgeoregister.nl/geonetwork/srv/api/records1b2abd21-3084-4db7-ab49-46866b4aac2b"}
checkxlinkurl.template.feature:22 - path: $, actual: 500, expected: 200, reason: not equal (Integer)
-------
feature call (loop) failed at index: 1
caller: classpath:InspireTest/ngr/datasetrecords/def/checkxlinkurl.template.feature
arg: {"link":"https://creativecommons.org/publicdomain/zero/*/deed.nl"}
checkxlinkurl.template.feature:22 - path: $, actual: 404, expected: 200, reason: not equal (Integer)
[1.71:16] check-known-dataset-record.feature:79 - feature call (loop) failed: classpath:InspireTest/ngr/datasetrecords/def/checkxlinkurl.template.feature
caller: classpath:InspireTest/ngr/datasetrecords/check-known-dataset-record.feature
items: [{link=http://kadaster/06b6c650-cdb1-11dd-ad8b-0800200c9a81}]
errors:
-------
feature call (loop) failed at index: 0
caller: classpath:InspireTest/ngr/datasetrecords/def/checkxlinkurl.template.feature
arg: {"link":"http://kadaster/06b6c650-cdb1-11dd-ad8b-0800200c9a81"}
checkxlinkurl.template.feature:14 - 
java.net.UnknownHostException: kadaster
[1.72:16] check-known-dataset-record.feature:79 - feature call (loop) failed: classpath:InspireTest/ngr/datasetrecords/def/checkxlinkurl.template.feature
caller: classpath:InspireTest/ngr/datasetrecords/check-known-dataset-record.feature
items: [{link=u}, {link=r}, {link=n}, {link=:}, {link=o}, {link=g}, {link=c}, {link=:}, {link=d}, {link=e}, {link=f}, {link=:}, {link=c}, {link=r}, {link=s}, {link=:}, {link=E}, {link=P}, {link=S}, {link=G}, {link=:}, {link=:}, {link=5}, {link=6}, {link=2}, {link=1}]
errors:
-------
feature call (loop) failed at index: 0
caller: classpath:InspireTest/ngr/datasetrecords/def/checkxlinkurl.template.feature
arg: {"link":"u"}
checkxlinkurl.template.feature:14 - 
org.apache.http.client.ClientProtocolException
-------
feature call (loop) failed at index: 1
caller: classpath:InspireTest/ngr/datasetrecords/def/checkxlinkurl.template.feature
arg: {"link":"r"}
checkxlinkurl.template.feature:14 - 
org.apache.http.client.ClientProtocolException
-------
feature call (loop) failed at index: 2
caller: classpath:InspireTest/ngr/datasetrecords/def/checkxlinkurl.template.feature
arg: {"link":"n"}
checkxlinkurl.template.feature:14 - 
org.apache.http.client.ClientProtocolException
-------
feature call (loop) failed at index: 3
caller: classpath:InspireTest/ngr/datasetrecords/def/checkxlinkurl.template.feature
arg: {"link":":"}
checkxlinkurl.template.feature:14 - java.net.URISyntaxException: Expected scheme name at index 0: :
-------
feature call (loop) failed at index: 4
caller: classpath:InspireTest/ngr/datasetrecords/def/checkxlinkurl.template.feature
arg: {"link":"o"}
checkxlinkurl.template.feature:14 - 
org.apache.http.client.ClientProtocolException
-------
feature call (loop) failed at index: 5
caller: classpath:InspireTest/ngr/datasetrecords/def/checkxlinkurl.template.feature
arg: {"link":"g"}
checkxlinkurl.template.feature:14 - 
org.apache.http.client.ClientProtocolException
-------
feature call (loop) failed at index: 6
caller: classpath:InspireTest/ngr/datasetrecords/def/checkxlinkurl.template.feature
arg: {"link":"c"}
checkxlinkurl.template.feature:14 - 
org.apache.http.client.ClientProtocolException
-------
feature call (loop) failed at index: 7
caller: classpath:InspireTest/ngr/datasetrecords/def/checkxlinkurl.template.feature
arg: {"link":":"}
checkxlinkurl.template.feature:14 - java.net.URISyntaxException: Expected scheme name at index 0: :
-------
feature call (loop) failed at index: 8
caller: classpath:InspireTest/ngr/datasetrecords/def/checkxlinkurl.template.feature
arg: {"link":"d"}
checkxlinkurl.template.feature:14 - 
org.apache.http.client.ClientProtocolException
-------
feature call (loop) failed at index: 9
caller: classpath:InspireTest/ngr/datasetrecords/def/checkxlinkurl.template.feature
arg: {"link":"e"}
checkxlinkurl.template.feature:14 - 
org.apache.http.client.ClientProtocolException
-------
feature call (loop) failed at index: 10
caller: classpath:InspireTest/ngr/datasetrecords/def/checkxlinkurl.template.feature
arg: {"link":"f"}
checkxlinkurl.template.feature:14 - 
org.apache.http.client.ClientProtocolException
-------
feature call (loop) failed at index: 11
caller: classpath:InspireTest/ngr/datasetrecords/def/checkxlinkurl.template.feature
arg: {"link":":"}
checkxlinkurl.template.feature:14 - java.net.URISyntaxException: Expected scheme name at index 0: :
-------
feature call (loop) failed at index: 12
caller: classpath:InspireTest/ngr/datasetrecords/def/checkxlinkurl.template.feature
arg: {"link":"c"}
checkxlinkurl.template.feature:14 - 
org.apache.http.client.ClientProtocolException
-------
feature call (loop) failed at index: 13
caller: classpath:InspireTest/ngr/datasetrecords/def/checkxlinkurl.template.feature
arg: {"link":"r"}
checkxlinkurl.template.feature:14 - 
org.apache.http.client.ClientProtocolException
-------
feature call (loop) failed at index: 14
caller: classpath:InspireTest/ngr/datasetrecords/def/checkxlinkurl.template.feature
arg: {"link":"s"}
checkxlinkurl.template.feature:14 - 
org.apache.http.client.ClientProtocolException
-------
feature call (loop) failed at index: 15
caller: classpath:InspireTest/ngr/datasetrecords/def/checkxlinkurl.template.feature
arg: {"link":":"}
checkxlinkurl.template.feature:14 - java.net.URISyntaxException: Expected scheme name at index 0: :
-------
feature call (loop) failed at index: 16
caller: classpath:InspireTest/ngr/datasetrecords/def/checkxlinkurl.template.feature
arg: {"link":"E"}
checkxlinkurl.template.feature:14 - 
org.apache.http.client.ClientProtocolException
-------
feature call (loop) failed at index: 17
caller: classpath:InspireTest/ngr/datasetrecords/def/checkxlinkurl.template.feature
arg: {"link":"P"}
checkxlinkurl.template.feature:14 - 
org.apache.http.client.ClientProtocolException
-------
feature call (loop) failed at index: 18
caller: classpath:InspireTest/ngr/datasetrecords/def/checkxlinkurl.template.feature
arg: {"link":"S"}
checkxlinkurl.template.feature:14 - 
org.apache.http.client.ClientProtocolException
-------
feature call (loop) failed at index: 19
caller: classpath:InspireTest/ngr/datasetrecords/def/checkxlinkurl.template.feature
arg: {"link":"G"}
checkxlinkurl.template.feature:14 - 
org.apache.http.client.ClientProtocolException
-------
feature call (loop) failed at index: 20
caller: classpath:InspireTest/ngr/datasetrecords/def/checkxlinkurl.template.feature
arg: {"link":":"}
checkxlinkurl.template.feature:14 - java.net.URISyntaxException: Expected scheme name at index 0: :
-------
feature call (loop) failed at index: 21
caller: classpath:InspireTest/ngr/datasetrecords/def/checkxlinkurl.template.feature
arg: {"link":":"}
checkxlinkurl.template.feature:14 - java.net.URISyntaxException: Expected scheme name at index 0: :
-------
feature call (loop) failed at index: 22
caller: classpath:InspireTest/ngr/datasetrecords/def/checkxlinkurl.template.feature
arg: {"link":"5"}
checkxlinkurl.template.feature:14 - 
org.apache.http.client.ClientProtocolException
-------
feature call (loop) failed at index: 23
caller: classpath:InspireTest/ngr/datasetrecords/def/checkxlinkurl.template.feature
arg: {"link":"6"}
checkxlinkurl.template.feature:14 - 
org.apache.http.client.ClientProtocolException
-------
feature call (loop) failed at index: 24
caller: classpath:InspireTest/ngr/datasetrecords/def/checkxlinkurl.template.feature
arg: {"link":"2"}
checkxlinkurl.template.feature:14 - 
org.apache.http.client.ClientProtocolException
-------
feature call (loop) failed at index: 25
caller: classpath:InspireTest/ngr/datasetrecords/def/checkxlinkurl.template.feature
arg: {"link":"1"}
checkxlinkurl.template.feature:14 - 
org.apache.http.client.ClientProtocolException
[1.73:16] check-known-dataset-record.feature:79 - feature call (loop) failed: classpath:InspireTest/ngr/datasetrecords/def/checkxlinkurl.template.feature
caller: classpath:InspireTest/ngr/datasetrecords/check-known-dataset-record.feature
items: [{link=https://data.rivm.nl/inspire/id#5cb4b489-67c8-44bc-85c5-424a80a53b3b}]
errors:
-------
feature call (loop) failed at index: 0
caller: classpath:InspireTest/ngr/datasetrecords/def/checkxlinkurl.template.feature
arg: {"link":"https://data.rivm.nl/inspire/id#5cb4b489-67c8-44bc-85c5-424a80a53b3b"}
checkxlinkurl.template.feature:14 - 
javax.net.ssl.SSLException: Connection reset
[1.75:16] check-known-dataset-record.feature:79 - feature call (loop) failed: classpath:InspireTest/ngr/datasetrecords/def/checkxlinkurl.template.feature
caller: classpath:InspireTest/ngr/datasetrecords/check-known-dataset-record.feature
items: [{link=http://www.opengis.net/def/crs/EPSG/0/http://www.opengis.net/def/crs/EPSG/0/4258}, {link=http://kadaster/9778afe6-2152-4a8f-ba32-9697625401e3}]
errors:
-------
feature call (loop) failed at index: 1
caller: classpath:InspireTest/ngr/datasetrecords/def/checkxlinkurl.template.feature
arg: {"link":"http://kadaster/9778afe6-2152-4a8f-ba32-9697625401e3"}
checkxlinkurl.template.feature:14 - 
java.net.UnknownHostException: kadaster
[1.76:16] check-known-dataset-record.feature:79 - feature call (loop) failed: classpath:InspireTest/ngr/datasetrecords/def/checkxlinkurl.template.feature
caller: classpath:InspireTest/ngr/datasetrecords/check-known-dataset-record.feature
items: [{link=https://data.rivm.nl/inspire/id#440c4a06-6924-4f9c-a9e2-6f61340f711b}]
errors:
-------
feature call (loop) failed at index: 0
caller: classpath:InspireTest/ngr/datasetrecords/def/checkxlinkurl.template.feature
arg: {"link":"https://data.rivm.nl/inspire/id#440c4a06-6924-4f9c-a9e2-6f61340f711b"}
checkxlinkurl.template.feature:14 - 
javax.net.ssl.SSLException: Connection reset
[1.77:16] check-known-dataset-record.feature:79 - feature call (loop) failed: classpath:InspireTest/ngr/datasetrecords/def/checkxlinkurl.template.feature
caller: classpath:InspireTest/ngr/datasetrecords/check-known-dataset-record.feature
items: [{link=http://www.opengis.net/def/crs/EPSG/0/http://www.opengis.net/def/crs/EPSG/0/4258}, {link=http://kadaster/7cdfa80a-cfbf-4324-978d-f1f141756b66}]
errors:
-------
feature call (loop) failed at index: 1
caller: classpath:InspireTest/ngr/datasetrecords/def/checkxlinkurl.template.feature
arg: {"link":"http://kadaster/7cdfa80a-cfbf-4324-978d-f1f141756b66"}
checkxlinkurl.template.feature:14 - 
java.net.UnknownHostException: kadaster
[1.78:16] check-known-dataset-record.feature:47 - xpath does not exist: /GetRecordByIdResponse//@href on response
[1.79:16] check-known-dataset-record.feature:79 - feature call (loop) failed: classpath:InspireTest/ngr/datasetrecords/def/checkxlinkurl.template.feature
caller: classpath:InspireTest/ngr/datasetrecords/check-known-dataset-record.feature
items: [{link=https://www.nationaalgeoregister.nl/geonetwork/srv/dut/catalog.search#/metadata/adn73c4a-ef03-4785-b7f6-942e86b385f7}, {link=http://rdfdata.eionet.europa.eu/inspirethemes/themes/10}, {link=urn:ogc:def:crs:EPSG::5709}]
errors:
-------
feature call (loop) failed at index: 1
caller: classpath:InspireTest/ngr/datasetrecords/def/checkxlinkurl.template.feature
arg: {"link":"http://rdfdata.eionet.europa.eu/inspirethemes/themes/10"}
checkxlinkurl.template.feature:22 - path: $, actual: 404, expected: 200, reason: not equal (Integer)
-------
feature call (loop) failed at index: 2
caller: classpath:InspireTest/ngr/datasetrecords/def/checkxlinkurl.template.feature
arg: {"link":"urn:ogc:def:crs:EPSG::5709"}
checkxlinkurl.template.feature:14 - 
org.apache.http.client.ClientProtocolException: URI does not specify a valid host name: urn:ogc:def:crs:EPSG::5709
[1.80:16] check-known-dataset-record.feature:79 - feature call (loop) failed: classpath:InspireTest/ngr/datasetrecords/def/checkxlinkurl.template.feature
caller: classpath:InspireTest/ngr/datasetrecords/check-known-dataset-record.feature
items: [{link=https://nationaalgeoregister.nl/geonetwork/srv/resources7d716522-fa1a-43b4-99c0-3a3480f9e218}, {link=https://www.nationaalgeoregister.nl/geonetwork/srv/eng/thesaurus.download?ref=external.theme.inspire-theme}]
errors:
-------
feature call (loop) failed at index: 0
caller: classpath:InspireTest/ngr/datasetrecords/def/checkxlinkurl.template.feature
arg: {"link":"https://nationaalgeoregister.nl/geonetwork/srv/resources7d716522-fa1a-43b4-99c0-3a3480f9e218"}
checkxlinkurl.template.feature:22 - path: $, actual: 404, expected: 200, reason: not equal (Integer)
-------
feature call (loop) failed at index: 1
caller: classpath:InspireTest/ngr/datasetrecords/def/checkxlinkurl.template.feature
arg: {"link":"https://www.nationaalgeoregister.nl/geonetwork/srv/eng/thesaurus.download?ref=external.theme.inspire-theme"}
checkxlinkurl.template.feature:22 - path: $, actual: 500, expected: 200, reason: not equal (Integer)
[1.81:16] check-known-dataset-record.feature:79 - feature call (loop) failed: classpath:InspireTest/ngr/datasetrecords/def/checkxlinkurl.template.feature
caller: classpath:InspireTest/ngr/datasetrecords/check-known-dataset-record.feature
items: [{link=https://www.nationaalgeoregister.nl/geonetwork/srv/api/records49807edc-0007-41aa-8809-d381f6713de4}, {link=https://creativecommons.org/publicdomain/zero/*/deed.nl}]
errors:
-------
feature call (loop) failed at index: 0
caller: classpath:InspireTest/ngr/datasetrecords/def/checkxlinkurl.template.feature
arg: {"link":"https://www.nationaalgeoregister.nl/geonetwork/srv/api/records49807edc-0007-41aa-8809-d381f6713de4"}
checkxlinkurl.template.feature:22 - path: $, actual: 500, expected: 200, reason: not equal (Integer)
-------
feature call (loop) failed at index: 1
caller: classpath:InspireTest/ngr/datasetrecords/def/checkxlinkurl.template.feature
arg: {"link":"https://creativecommons.org/publicdomain/zero/*/deed.nl"}
checkxlinkurl.template.feature:22 - path: $, actual: 404, expected: 200, reason: not equal (Integer)
[1.82:16] check-known-dataset-record.feature:79 - feature call (loop) failed: classpath:InspireTest/ngr/datasetrecords/def/checkxlinkurl.template.feature
caller: classpath:InspireTest/ngr/datasetrecords/check-known-dataset-record.feature
items: [{link=https://data.rivm.nl/inspire/id#1e3a98db-5d5e-4e61-8b64-1d132ddb439e}]
errors:
-------
feature call (loop) failed at index: 0
caller: classpath:InspireTest/ngr/datasetrecords/def/checkxlinkurl.template.feature
arg: {"link":"https://data.rivm.nl/inspire/id#1e3a98db-5d5e-4e61-8b64-1d132ddb439e"}
checkxlinkurl.template.feature:14 - 
javax.net.ssl.SSLException: Connection reset
[1.83:16] check-known-dataset-record.feature:79 - feature call (loop) failed: classpath:InspireTest/ngr/datasetrecords/def/checkxlinkurl.template.feature
caller: classpath:InspireTest/ngr/datasetrecords/check-known-dataset-record.feature
items: [{link=https://nationaalgeoregister.nl/geonetwork/srv/resourcesce4a6d93-83d6-4397-afa1-d4117d5ce76b}, {link=http://rdfdata.eionet.europa.eu/inspirethemes/themes/34}, {link=http://geonetwork-opensource.org/inspire-theme#}, {link=https://www.nationaalgeoregister.nl/geonetwork/srv/eng/thesaurus.download?ref=external.theme.inspire-theme}]
errors:
-------
feature call (loop) failed at index: 0
caller: classpath:InspireTest/ngr/datasetrecords/def/checkxlinkurl.template.feature
arg: {"link":"https://nationaalgeoregister.nl/geonetwork/srv/resourcesce4a6d93-83d6-4397-afa1-d4117d5ce76b"}
checkxlinkurl.template.feature:22 - path: $, actual: 404, expected: 200, reason: not equal (Integer)
-------
feature call (loop) failed at index: 1
caller: classpath:InspireTest/ngr/datasetrecords/def/checkxlinkurl.template.feature
arg: {"link":"http://rdfdata.eionet.europa.eu/inspirethemes/themes/34"}
checkxlinkurl.template.feature:22 - path: $, actual: 404, expected: 200, reason: not equal (Integer)
-------
feature call (loop) failed at index: 2
caller: classpath:InspireTest/ngr/datasetrecords/def/checkxlinkurl.template.feature
arg: {"link":"http://geonetwork-opensource.org/inspire-theme#"}
checkxlinkurl.template.feature:22 - path: $, actual: 404, expected: 200, reason: not equal (Integer)
-------
feature call (loop) failed at index: 3
caller: classpath:InspireTest/ngr/datasetrecords/def/checkxlinkurl.template.feature
arg: {"link":"https://www.nationaalgeoregister.nl/geonetwork/srv/eng/thesaurus.download?ref=external.theme.inspire-theme"}
checkxlinkurl.template.feature:22 - path: $, actual: 500, expected: 200, reason: not equal (Integer)
[1.84:16] check-known-dataset-record.feature:79 - feature call (loop) failed: classpath:InspireTest/ngr/datasetrecords/def/checkxlinkurl.template.feature
caller: classpath:InspireTest/ngr/datasetrecords/check-known-dataset-record.feature
items: [{link=https://www.nationaalgeoregister.nl/geonetwork/srv/api/records/002d9127-c16d-4b8d-9f5e-102a8c8e36c4}]
errors:
-------
feature call (loop) failed at index: 0
caller: classpath:InspireTest/ngr/datasetrecords/def/checkxlinkurl.template.feature
arg: {"link":"https://www.nationaalgeoregister.nl/geonetwork/srv/api/records/002d9127-c16d-4b8d-9f5e-102a8c8e36c4"}
checkxlinkurl.template.feature:22 - path: $, actual: 400, expected: 200, reason: not equal (Integer)
[1.85:16] check-known-dataset-record.feature:79 - feature call (loop) failed: classpath:InspireTest/ngr/datasetrecords/def/checkxlinkurl.template.feature
caller: classpath:InspireTest/ngr/datasetrecords/check-known-dataset-record.feature
items: [{link=https://nationaalgeoregister.nl/geonetwork/srv/resourcese26eb6c9-c441-43e8-8db6-aabbf11578fd}, {link=http://rdfdata.eionet.europa.eu/inspirethemes/themes/16}, {link=http://geonetwork-opensource.org/inspire-theme#}, {link=https://www.nationaalgeoregister.nl/geonetwork/srv/eng/thesaurus.download?ref=external.theme.inspire-theme}]
errors:
-------
feature call (loop) failed at index: 0
caller: classpath:InspireTest/ngr/datasetrecords/def/checkxlinkurl.template.feature
arg: {"link":"https://nationaalgeoregister.nl/geonetwork/srv/resourcese26eb6c9-c441-43e8-8db6-aabbf11578fd"}
checkxlinkurl.template.feature:22 - path: $, actual: 404, expected: 200, reason: not equal (Integer)
-------
feature call (loop) failed at index: 1
caller: classpath:InspireTest/ngr/datasetrecords/def/checkxlinkurl.template.feature
arg: {"link":"http://rdfdata.eionet.europa.eu/inspirethemes/themes/16"}
checkxlinkurl.template.feature:22 - path: $, actual: 404, expected: 200, reason: not equal (Integer)
-------
feature call (loop) failed at index: 2
caller: classpath:InspireTest/ngr/datasetrecords/def/checkxlinkurl.template.feature
arg: {"link":"http://geonetwork-opensource.org/inspire-theme#"}
checkxlinkurl.template.feature:22 - path: $, actual: 404, expected: 200, reason: not equal (Integer)
-------
feature call (loop) failed at index: 3
caller: classpath:InspireTest/ngr/datasetrecords/def/checkxlinkurl.template.feature
arg: {"link":"https://www.nationaalgeoregister.nl/geonetwork/srv/eng/thesaurus.download?ref=external.theme.inspire-theme"}
checkxlinkurl.template.feature:22 - path: $, actual: 500, expected: 200, reason: not equal (Integer)
[1.86:16] check-known-dataset-record.feature:79 - feature call (loop) failed: classpath:InspireTest/ngr/datasetrecords/def/checkxlinkurl.template.feature
caller: classpath:InspireTest/ngr/datasetrecords/check-known-dataset-record.feature
items: [{link=http://kadaster/3bf3f7f3-8ac9-4203-bb95-2c932d5f0f3e}]
errors:
-------
feature call (loop) failed at index: 0
caller: classpath:InspireTest/ngr/datasetrecords/def/checkxlinkurl.template.feature
arg: {"link":"http://kadaster/3bf3f7f3-8ac9-4203-bb95-2c932d5f0f3e"}
checkxlinkurl.template.feature:14 - 
java.net.UnknownHostException: kadaster
[1.87:16] check-known-dataset-record.feature:79 - feature call (loop) failed: classpath:InspireTest/ngr/datasetrecords/def/checkxlinkurl.template.feature
caller: classpath:InspireTest/ngr/datasetrecords/check-known-dataset-record.feature
items: [{link=https://www.nationaalgeoregister.nl/geonetwork/srv/api/records3703b249-a0eb-484e-ba7a-10e31a55bcec}, {link=579}]
errors:
-------
feature call (loop) failed at index: 0
caller: classpath:InspireTest/ngr/datasetrecords/def/checkxlinkurl.template.feature
arg: {"link":"https://www.nationaalgeoregister.nl/geonetwork/srv/api/records3703b249-a0eb-484e-ba7a-10e31a55bcec"}
checkxlinkurl.template.feature:22 - path: $, actual: 500, expected: 200, reason: not equal (Integer)
-------
feature call (loop) failed at index: 1
caller: classpath:InspireTest/ngr/datasetrecords/def/checkxlinkurl.template.feature
arg: {"link":"579"}
checkxlinkurl.template.feature:14 - 
org.apache.http.client.ClientProtocolException
[1.89:16] check-known-dataset-record.feature:79 - feature call (loop) failed: classpath:InspireTest/ngr/datasetrecords/def/checkxlinkurl.template.feature
caller: classpath:InspireTest/ngr/datasetrecords/check-known-dataset-record.feature
items: [{link=http://kadaster/2482250f-3b00-4439-9f93-f3118229b020}, {link=}, {link=}, {link=}]
errors:
-------
feature call (loop) failed at index: 0
caller: classpath:InspireTest/ngr/datasetrecords/def/checkxlinkurl.template.feature
arg: {"link":"http://kadaster/2482250f-3b00-4439-9f93-f3118229b020"}
checkxlinkurl.template.feature:14 - 
java.net.UnknownHostException: kadaster
-------
feature call (loop) failed at index: 1
caller: classpath:InspireTest/ngr/datasetrecords/def/checkxlinkurl.template.feature
arg: {"link":""}
checkxlinkurl.template.feature:14 - 
org.apache.http.client.ClientProtocolException
-------
feature call (loop) failed at index: 2
caller: classpath:InspireTest/ngr/datasetrecords/def/checkxlinkurl.template.feature
arg: {"link":""}
checkxlinkurl.template.feature:14 - 
org.apache.http.client.ClientProtocolException
-------
feature call (loop) failed at index: 3
caller: classpath:InspireTest/ngr/datasetrecords/def/checkxlinkurl.template.feature
arg: {"link":""}
checkxlinkurl.template.feature:14 - 
org.apache.http.client.ClientProtocolException
[1.90:16] check-known-dataset-record.feature:79 - feature call (loop) failed: classpath:InspireTest/ngr/datasetrecords/def/checkxlinkurl.template.feature
caller: classpath:InspireTest/ngr/datasetrecords/check-known-dataset-record.feature
items: [{link=http://kadaster/06b6c650-cdb1-11dd-ad8b-0800200c9a76}]
errors:
-------
feature call (loop) failed at index: 0
caller: classpath:InspireTest/ngr/datasetrecords/def/checkxlinkurl.template.feature
arg: {"link":"http://kadaster/06b6c650-cdb1-11dd-ad8b-0800200c9a76"}
checkxlinkurl.template.feature:14 - 
java.net.UnknownHostException: kadaster
[1.91:16] check-known-dataset-record.feature:79 - feature call (loop) failed: classpath:InspireTest/ngr/datasetrecords/def/checkxlinkurl.template.feature
caller: classpath:InspireTest/ngr/datasetrecords/check-known-dataset-record.feature
items: [{link=http://kadaster/2482250f-3b00-4439-9f93-f3118229b201}, {link=}, {link=}, {link=}, {link=}, {link=}]
errors:
-------
feature call (loop) failed at index: 0
caller: classpath:InspireTest/ngr/datasetrecords/def/checkxlinkurl.template.feature
arg: {"link":"http://kadaster/2482250f-3b00-4439-9f93-f3118229b201"}
checkxlinkurl.template.feature:14 - 
java.net.UnknownHostException: kadaster
-------
feature call (loop) failed at index: 1
caller: classpath:InspireTest/ngr/datasetrecords/def/checkxlinkurl.template.feature
arg: {"link":""}
checkxlinkurl.template.feature:14 - 
org.apache.http.client.ClientProtocolException
-------
feature call (loop) failed at index: 2
caller: classpath:InspireTest/ngr/datasetrecords/def/checkxlinkurl.template.feature
arg: {"link":""}
checkxlinkurl.template.feature:14 - 
org.apache.http.client.ClientProtocolException
-------
feature call (loop) failed at index: 3
caller: classpath:InspireTest/ngr/datasetrecords/def/checkxlinkurl.template.feature
arg: {"link":""}
checkxlinkurl.template.feature:14 - 
org.apache.http.client.ClientProtocolException
-------
feature call (loop) failed at index: 4
caller: classpath:InspireTest/ngr/datasetrecords/def/checkxlinkurl.template.feature
arg: {"link":""}
checkxlinkurl.template.feature:14 - 
org.apache.http.client.ClientProtocolException
-------
feature call (loop) failed at index: 5
caller: classpath:InspireTest/ngr/datasetrecords/def/checkxlinkurl.template.feature
arg: {"link":""}
checkxlinkurl.template.feature:14 - 
org.apache.http.client.ClientProtocolException
[1.93:16] check-known-dataset-record.feature:79 - feature call (loop) failed: classpath:InspireTest/ngr/datasetrecords/def/checkxlinkurl.template.feature
caller: classpath:InspireTest/ngr/datasetrecords/check-known-dataset-record.feature
items: [{link=https://geodata.nationaalgeoregister.nl/inspire/su-grid/wfs}, {link=}]
errors:
-------
feature call (loop) failed at index: 0
caller: classpath:InspireTest/ngr/datasetrecords/def/checkxlinkurl.template.feature
arg: {"link":"https://geodata.nationaalgeoregister.nl/inspire/su-grid/wfs"}
checkxlinkurl.template.feature:22 - path: $, actual: 400, expected: 200, reason: not equal (Integer)
-------
feature call (loop) failed at index: 1
caller: classpath:InspireTest/ngr/datasetrecords/def/checkxlinkurl.template.feature
arg: {"link":""}
checkxlinkurl.template.feature:14 - 
org.apache.http.client.ClientProtocolException
[1.95:16] check-known-dataset-record.feature:79 - feature call (loop) failed: classpath:InspireTest/ngr/datasetrecords/def/checkxlinkurl.template.feature
caller: classpath:InspireTest/ngr/datasetrecords/check-known-dataset-record.feature
items: [{link=https://www.nationaalgeoregister.nl/geonetwork/srv/api/records58d39928-f502-48c9-a8c1-03244dc181bf}]
errors:
-------
feature call (loop) failed at index: 0
caller: classpath:InspireTest/ngr/datasetrecords/def/checkxlinkurl.template.feature
arg: {"link":"https://www.nationaalgeoregister.nl/geonetwork/srv/api/records58d39928-f502-48c9-a8c1-03244dc181bf"}
checkxlinkurl.template.feature:22 - path: $, actual: 500, expected: 200, reason: not equal (Integer)
[1.96:16] check-known-dataset-record.feature:79 - feature call (loop) failed: classpath:InspireTest/ngr/datasetrecords/def/checkxlinkurl.template.feature
caller: classpath:InspireTest/ngr/datasetrecords/check-known-dataset-record.feature
items: [{link=http://www.opengis.net/def/crs/EPSG/0/http://www.opengis.net/def/crs/EPSG/0/4258}, {link=http://kadaster/cb4edbd2-2dca-4d44-92bb-b2202048b526}]
errors:
-------
feature call (loop) failed at index: 1
caller: classpath:InspireTest/ngr/datasetrecords/def/checkxlinkurl.template.feature
arg: {"link":"http://kadaster/cb4edbd2-2dca-4d44-92bb-b2202048b526"}
checkxlinkurl.template.feature:14 - 
java.net.UnknownHostException: kadaster
[1.97:16] check-known-dataset-record.feature:79 - feature call (loop) failed: classpath:InspireTest/ngr/datasetrecords/def/checkxlinkurl.template.feature
caller: classpath:InspireTest/ngr/datasetrecords/check-known-dataset-record.feature
items: [{link=https://data.rivm.nl/inspire/id#b5ccab29-e2cc-4178-9f81-40c50e909754}]
errors:
-------
feature call (loop) failed at index: 0
caller: classpath:InspireTest/ngr/datasetrecords/def/checkxlinkurl.template.feature
arg: {"link":"https://data.rivm.nl/inspire/id#b5ccab29-e2cc-4178-9f81-40c50e909754"}
checkxlinkurl.template.feature:14 - 
javax.net.ssl.SSLException: Connection reset
[1.98:16] check-known-dataset-record.feature:79 - feature call (loop) failed: classpath:InspireTest/ngr/datasetrecords/def/checkxlinkurl.template.feature
caller: classpath:InspireTest/ngr/datasetrecords/check-known-dataset-record.feature
items: [{link=http://kadaster/2482250f-3b00-4439-9f93-f3118229b018}, {link=}, {link=}, {link=}]
errors:
-------
feature call (loop) failed at index: 0
caller: classpath:InspireTest/ngr/datasetrecords/def/checkxlinkurl.template.feature
arg: {"link":"http://kadaster/2482250f-3b00-4439-9f93-f3118229b018"}
checkxlinkurl.template.feature:14 - 
java.net.UnknownHostException: kadaster
-------
feature call (loop) failed at index: 1
caller: classpath:InspireTest/ngr/datasetrecords/def/checkxlinkurl.template.feature
arg: {"link":""}
checkxlinkurl.template.feature:14 - 
org.apache.http.client.ClientProtocolException
-------
feature call (loop) failed at index: 2
caller: classpath:InspireTest/ngr/datasetrecords/def/checkxlinkurl.template.feature
arg: {"link":""}
checkxlinkurl.template.feature:14 - 
org.apache.http.client.ClientProtocolException
-------
feature call (loop) failed at index: 3
caller: classpath:InspireTest/ngr/datasetrecords/def/checkxlinkurl.template.feature
arg: {"link":""}
checkxlinkurl.template.feature:14 - 
org.apache.http.client.ClientProtocolException
[1.99:16] check-known-dataset-record.feature:79 - feature call (loop) failed: classpath:InspireTest/ngr/datasetrecords/def/checkxlinkurl.template.feature
caller: classpath:InspireTest/ngr/datasetrecords/check-known-dataset-record.feature
items: [{link=https://data.rivm.nl/inspire/id#fd9c4f87-026e-4681-8d94-9702f3c83078}]
errors:
-------
feature call (loop) failed at index: 0
caller: classpath:InspireTest/ngr/datasetrecords/def/checkxlinkurl.template.feature
arg: {"link":"https://data.rivm.nl/inspire/id#fd9c4f87-026e-4681-8d94-9702f3c83078"}
checkxlinkurl.template.feature:14 - 
javax.net.ssl.SSLException: Connection reset
[1.100:16] check-known-dataset-record.feature:79 - feature call (loop) failed: classpath:InspireTest/ngr/datasetrecords/def/checkxlinkurl.template.feature
caller: classpath:InspireTest/ngr/datasetrecords/check-known-dataset-record.feature
items: [{link=https://data.rivm.nl/inspire/id#7247293d-2113-44d8-b335-8167b2ec4d1b}]
errors:
-------
feature call (loop) failed at index: 0
caller: classpath:InspireTest/ngr/datasetrecords/def/checkxlinkurl.template.feature
arg: {"link":"https://data.rivm.nl/inspire/id#7247293d-2113-44d8-b335-8167b2ec4d1b"}
checkxlinkurl.template.feature:14 - 
javax.net.ssl.SSLException: Connection reset
[1.101:16] check-known-dataset-record.feature:79 - feature call (loop) failed: classpath:InspireTest/ngr/datasetrecords/def/checkxlinkurl.template.feature
caller: classpath:InspireTest/ngr/datasetrecords/check-known-dataset-record.feature
items: [{link=https://ngr.acceptatie.nationaalgeoregister.nl/geonetwork/srv/resourcesc7662717-9e43-4367-a344-723d73abbb3e}]
errors:
-------
feature call (loop) failed at index: 0
caller: classpath:InspireTest/ngr/datasetrecords/def/checkxlinkurl.template.feature
arg: {"link":"https://ngr.acceptatie.nationaalgeoregister.nl/geonetwork/srv/resourcesc7662717-9e43-4367-a344-723d73abbb3e"}
checkxlinkurl.template.feature:22 - path: $, actual: 404, expected: 200, reason: not equal (Integer)
[1.102:16] check-known-dataset-record.feature:79 - feature call (loop) failed: classpath:InspireTest/ngr/datasetrecords/def/checkxlinkurl.template.feature
caller: classpath:InspireTest/ngr/datasetrecords/check-known-dataset-record.feature
items: [{link=https://data.rivm.nl/inspire/id#e6ddc53d-04c4-435d-bedd-a5ace2dc0313}]
errors:
-------
feature call (loop) failed at index: 0
caller: classpath:InspireTest/ngr/datasetrecords/def/checkxlinkurl.template.feature
arg: {"link":"https://data.rivm.nl/inspire/id#e6ddc53d-04c4-435d-bedd-a5ace2dc0313"}
checkxlinkurl.template.feature:14 - 
javax.net.ssl.SSLException: Connection reset
[1.103:16] check-known-dataset-record.feature:79 - feature call (loop) failed: classpath:InspireTest/ngr/datasetrecords/def/checkxlinkurl.template.feature
caller: classpath:InspireTest/ngr/datasetrecords/check-known-dataset-record.feature
items: [{link=http://www.opengis.net/def/crs/EPSG/0/http://www.opengis.net/def/crs/EPSG/0/4258}, {link=http://kadaster/29f0fa66-3928-4e95-ae30-5b1eab818ac1}]
errors:
-------
feature call (loop) failed at index: 1
caller: classpath:InspireTest/ngr/datasetrecords/def/checkxlinkurl.template.feature
arg: {"link":"http://kadaster/29f0fa66-3928-4e95-ae30-5b1eab818ac1"}
checkxlinkurl.template.feature:14 - 
java.net.UnknownHostException: kadaster
[1.104:16] check-known-dataset-record.feature:79 - feature call (loop) failed: classpath:InspireTest/ngr/datasetrecords/def/checkxlinkurl.template.feature
caller: classpath:InspireTest/ngr/datasetrecords/check-known-dataset-record.feature
items: [{link=http://www.opengis.net/def/crs/EPSG/0/https://www.opengis.net/def/crs/EPSG/0/4258}, {link=https://www.nationaalgeoregister.nl/geonetwork/srv/api/records4617f0e0-6af4-4ac0-9044-31df9d03071c}]
errors:
-------
feature call (loop) failed at index: 1
caller: classpath:InspireTest/ngr/datasetrecords/def/checkxlinkurl.template.feature
arg: {"link":"https://www.nationaalgeoregister.nl/geonetwork/srv/api/records4617f0e0-6af4-4ac0-9044-31df9d03071c"}
checkxlinkurl.template.feature:22 - path: $, actual: 500, expected: 200, reason: not equal (Integer)
[1.105:16] check-known-dataset-record.feature:79 - feature call (loop) failed: classpath:InspireTest/ngr/datasetrecords/def/checkxlinkurl.template.feature
caller: classpath:InspireTest/ngr/datasetrecords/check-known-dataset-record.feature
items: [{link=https://data.rivm.nl/inspire/id#1de92b14-bc21-4f33-b0de-abd325e61804}]
errors:
-------
feature call (loop) failed at index: 0
caller: classpath:InspireTest/ngr/datasetrecords/def/checkxlinkurl.template.feature
arg: {"link":"https://data.rivm.nl/inspire/id#1de92b14-bc21-4f33-b0de-abd325e61804"}
checkxlinkurl.template.feature:14 - 
javax.net.ssl.SSLException: Connection reset
[1.106:16] check-known-dataset-record.feature:79 - feature call (loop) failed: classpath:InspireTest/ngr/datasetrecords/def/checkxlinkurl.template.feature
caller: classpath:InspireTest/ngr/datasetrecords/check-known-dataset-record.feature
items: [{link=http://www.opengis.net/def/crs/EPSG/0/https://www.opengis.net/def/crs/EPSG/0/4258}, {link=https://www.nationaalgeoregister.nl/geonetwork/srv/api/recordsf1d27179-36eb-4376-8048-f51d2eb23a09}]
errors:
-------
feature call (loop) failed at index: 1
caller: classpath:InspireTest/ngr/datasetrecords/def/checkxlinkurl.template.feature
arg: {"link":"https://www.nationaalgeoregister.nl/geonetwork/srv/api/recordsf1d27179-36eb-4376-8048-f51d2eb23a09"}
checkxlinkurl.template.feature:22 - path: $, actual: 500, expected: 200, reason: not equal (Integer)
[1.107:16] check-known-dataset-record.feature:79 - feature call (loop) failed: classpath:InspireTest/ngr/datasetrecords/def/checkxlinkurl.template.feature
caller: classpath:InspireTest/ngr/datasetrecords/check-known-dataset-record.feature
items: [{link=http://kadaster/2482250f-3b00-4439-9f93-f3118229b024}, {link=}, {link=}, {link=}]
errors:
-------
feature call (loop) failed at index: 0
caller: classpath:InspireTest/ngr/datasetrecords/def/checkxlinkurl.template.feature
arg: {"link":"http://kadaster/2482250f-3b00-4439-9f93-f3118229b024"}
checkxlinkurl.template.feature:14 - 
java.net.UnknownHostException: kadaster
-------
feature call (loop) failed at index: 1
caller: classpath:InspireTest/ngr/datasetrecords/def/checkxlinkurl.template.feature
arg: {"link":""}
checkxlinkurl.template.feature:14 - 
org.apache.http.client.ClientProtocolException
-------
feature call (loop) failed at index: 2
caller: classpath:InspireTest/ngr/datasetrecords/def/checkxlinkurl.template.feature
arg: {"link":""}
checkxlinkurl.template.feature:14 - 
org.apache.http.client.ClientProtocolException
-------
feature call (loop) failed at index: 3
caller: classpath:InspireTest/ngr/datasetrecords/def/checkxlinkurl.template.feature
arg: {"link":""}
checkxlinkurl.template.feature:14 - 
org.apache.http.client.ClientProtocolException
[1.108:16] check-known-dataset-record.feature:79 - feature call (loop) failed: classpath:InspireTest/ngr/datasetrecords/def/checkxlinkurl.template.feature
caller: classpath:InspireTest/ngr/datasetrecords/check-known-dataset-record.feature
items: [{link=h}, {link=t}, {link=t}, {link=p}, {link=s}, {link=:}, {link=/}, {link=/}, {link=w}, {link=w}, {link=w}, {link=.}, {link=n}, {link=a}, {link=t}, {link=i}, {link=o}, {link=n}, {link=a}, {link=a}, {link=l}, {link=g}, {link=e}, {link=o}, {link=r}, {link=e}, {link=g}, {link=i}, {link=s}, {link=t}, {link=e}, {link=r}, {link=.}, {link=n}, {link=l}, {link=:}, {link=4}, {link=4}, {link=3}, {link=/}, {link=g}, {link=e}, {link=o}, {link=n}, {link=e}, {link=t}, {link=w}, {link=o}, {link=r}, {link=k}, {link=/}, {link=s}, {link=r}, {link=v}, {link=/}, {link=e}, {link=n}, {link=g}, {link=/}, {link=t}, {link=h}, {link=e}, {link=s}, {link=a}, {link=u}, {link=r}, {link=u}, {link=s}, {link=.}, {link=d}, {link=o}, {link=w}, {link=n}, {link=l}, {link=o}, {link=a}, {link=d}, {link=?}, {link=r}, {link=e}, {link=f}, {link==}, {link=e}, {link=x}, {link=t}, {link=e}, {link=r}, {link=n}, {link=a}, {link=l}, {link=.}, {link=t}, {link=h}, {link=e}, {link=m}, {link=e}, {link=.}, {link=h}, {link=t}, {link=t}, {link=p}, {link=i}, {link=n}, {link=s}, {link=p}, {link=i}, {link=r}, {link=e}, {link=e}, {link=c}, {link=e}, {link=u}, {link=r}, {link=o}, {link=p}, {link=a}, {link=e}, {link=u}, {link=t}, {link=h}, {link=e}, {link=m}, {link=e}, {link=-}, {link=t}, {link=h}, {link=e}, {link=m}, {link=e}]
errors:
-------
feature call (loop) failed at index: 0
caller: classpath:InspireTest/ngr/datasetrecords/def/checkxlinkurl.template.feature
arg: {"link":"h"}
checkxlinkurl.template.feature:14 - 
org.apache.http.client.ClientProtocolException
-------
feature call (loop) failed at index: 1
caller: classpath:InspireTest/ngr/datasetrecords/def/checkxlinkurl.template.feature
arg: {"link":"t"}
checkxlinkurl.template.feature:14 - 
org.apache.http.client.ClientProtocolException
-------
feature call (loop) failed at index: 2
caller: classpath:InspireTest/ngr/datasetrecords/def/checkxlinkurl.template.feature
arg: {"link":"t"}
checkxlinkurl.template.feature:14 - 
org.apache.http.client.ClientProtocolException
-------
feature call (loop) failed at index: 3
caller: classpath:InspireTest/ngr/datasetrecords/def/checkxlinkurl.template.feature
arg: {"link":"p"}
checkxlinkurl.template.feature:14 - 
org.apache.http.client.ClientProtocolException
-------
feature call (loop) failed at index: 4
caller: classpath:InspireTest/ngr/datasetrecords/def/checkxlinkurl.template.feature
arg: {"link":"s"}
checkxlinkurl.template.feature:14 - 
org.apache.http.client.ClientProtocolException
-------
feature call (loop) failed at index: 5
caller: classpath:InspireTest/ngr/datasetrecords/def/checkxlinkurl.template.feature
arg: {"link":":"}
checkxlinkurl.template.feature:14 - java.net.URISyntaxException: Expected scheme name at index 0: :
-------
feature call (loop) failed at index: 6
caller: classpath:InspireTest/ngr/datasetrecords/def/checkxlinkurl.template.feature
arg: {"link":"/"}
checkxlinkurl.template.feature:14 - 
org.apache.http.client.ClientProtocolException
-------
feature call (loop) failed at index: 7
caller: classpath:InspireTest/ngr/datasetrecords/def/checkxlinkurl.template.feature
arg: {"link":"/"}
checkxlinkurl.template.feature:14 - 
org.apache.http.client.ClientProtocolException
-------
feature call (loop) failed at index: 8
caller: classpath:InspireTest/ngr/datasetrecords/def/checkxlinkurl.template.feature
arg: {"link":"w"}
checkxlinkurl.template.feature:14 - 
org.apache.http.client.ClientProtocolException
-------
feature call (loop) failed at index: 9
caller: classpath:InspireTest/ngr/datasetrecords/def/checkxlinkurl.template.feature
arg: {"link":"w"}
checkxlinkurl.template.feature:14 - 
org.apache.http.client.ClientProtocolException
-------
feature call (loop) failed at index: 10
caller: classpath:InspireTest/ngr/datasetrecords/def/checkxlinkurl.template.feature
arg: {"link":"w"}
checkxlinkurl.template.feature:14 - 
org.apache.http.client.ClientProtocolException
-------
feature call (loop) failed at index: 11
caller: classpath:InspireTest/ngr/datasetrecords/def/checkxlinkurl.template.feature
arg: {"link":"."}
checkxlinkurl.template.feature:14 - 
org.apache.http.client.ClientProtocolException
-------
feature call (loop) failed at index: 12
caller: classpath:InspireTest/ngr/datasetrecords/def/checkxlinkurl.template.feature
arg: {"link":"n"}
checkxlinkurl.template.feature:14 - 
org.apache.http.client.ClientProtocolException
-------
feature call (loop) failed at index: 13
caller: classpath:InspireTest/ngr/datasetrecords/def/checkxlinkurl.template.feature
arg: {"link":"a"}
checkxlinkurl.template.feature:14 - 
org.apache.http.client.ClientProtocolException
-------
feature call (loop) failed at index: 14
caller: classpath:InspireTest/ngr/datasetrecords/def/checkxlinkurl.template.feature
arg: {"link":"t"}
checkxlinkurl.template.feature:14 - 
org.apache.http.client.ClientProtocolException
-------
feature call (loop) failed at index: 15
caller: classpath:InspireTest/ngr/datasetrecords/def/checkxlinkurl.template.feature
arg: {"link":"i"}
checkxlinkurl.template.feature:14 - 
org.apache.http.client.ClientProtocolException
-------
feature call (loop) failed at index: 16
caller: classpath:InspireTest/ngr/datasetrecords/def/checkxlinkurl.template.feature
arg: {"link":"o"}
checkxlinkurl.template.feature:14 - 
org.apache.http.client.ClientProtocolException
-------
feature call (loop) failed at index: 17
caller: classpath:InspireTest/ngr/datasetrecords/def/checkxlinkurl.template.feature
arg: {"link":"n"}
checkxlinkurl.template.feature:14 - 
org.apache.http.client.ClientProtocolException
-------
feature call (loop) failed at index: 18
caller: classpath:InspireTest/ngr/datasetrecords/def/checkxlinkurl.template.feature
arg: {"link":"a"}
checkxlinkurl.template.feature:14 - 
org.apache.http.client.ClientProtocolException
-------
feature call (loop) failed at index: 19
caller: classpath:InspireTest/ngr/datasetrecords/def/checkxlinkurl.template.feature
arg: {"link":"a"}
checkxlinkurl.template.feature:14 - 
org.apache.http.client.ClientProtocolException
-------
feature call (loop) failed at index: 20
caller: classpath:InspireTest/ngr/datasetrecords/def/checkxlinkurl.template.feature
arg: {"link":"l"}
checkxlinkurl.template.feature:14 - 
org.apache.http.client.ClientProtocolException
-------
feature call (loop) failed at index: 21
caller: classpath:InspireTest/ngr/datasetrecords/def/checkxlinkurl.template.feature
arg: {"link":"g"}
checkxlinkurl.template.feature:14 - 
org.apache.http.client.ClientProtocolException
-------
feature call (loop) failed at index: 22
caller: classpath:InspireTest/ngr/datasetrecords/def/checkxlinkurl.template.feature
arg: {"link":"e"}
checkxlinkurl.template.feature:14 - 
org.apache.http.client.ClientProtocolException
-------
feature call (loop) failed at index: 23
caller: classpath:InspireTest/ngr/datasetrecords/def/checkxlinkurl.template.feature
arg: {"link":"o"}
checkxlinkurl.template.feature:14 - 
org.apache.http.client.ClientProtocolException
-------
feature call (loop) failed at index: 24
caller: classpath:InspireTest/ngr/datasetrecords/def/checkxlinkurl.template.feature
arg: {"link":"r"}
checkxlinkurl.template.feature:14 - 
org.apache.http.client.ClientProtocolException
-------
feature call (loop) failed at index: 25
caller: classpath:InspireTest/ngr/datasetrecords/def/checkxlinkurl.template.feature
arg: {"link":"e"}
checkxlinkurl.template.feature:14 - 
org.apache.http.client.ClientProtocolException
-------
feature call (loop) failed at index: 26
caller: classpath:InspireTest/ngr/datasetrecords/def/checkxlinkurl.template.feature
arg: {"link":"g"}
checkxlinkurl.template.feature:14 - 
org.apache.http.client.ClientProtocolException
-------
feature call (loop) failed at index: 27
caller: classpath:InspireTest/ngr/datasetrecords/def/checkxlinkurl.template.feature
arg: {"link":"i"}
checkxlinkurl.template.feature:14 - 
org.apache.http.client.ClientProtocolException
-------
feature call (loop) failed at index: 28
caller: classpath:InspireTest/ngr/datasetrecords/def/checkxlinkurl.template.feature
arg: {"link":"s"}
checkxlinkurl.template.feature:14 - 
org.apache.http.client.ClientProtocolException
-------
feature call (loop) failed at index: 29
caller: classpath:InspireTest/ngr/datasetrecords/def/checkxlinkurl.template.feature
arg: {"link":"t"}
checkxlinkurl.template.feature:14 - 
org.apache.http.client.ClientProtocolException
-------
feature call (loop) failed at index: 30
caller: classpath:InspireTest/ngr/datasetrecords/def/checkxlinkurl.template.feature
arg: {"link":"e"}
checkxlinkurl.template.feature:14 - 
org.apache.http.client.ClientProtocolException
-------
feature call (loop) failed at index: 31
caller: classpath:InspireTest/ngr/datasetrecords/def/checkxlinkurl.template.feature
arg: {"link":"r"}
checkxlinkurl.template.feature:14 - 
org.apache.http.client.ClientProtocolException
-------
feature call (loop) failed at index: 32
caller: classpath:InspireTest/ngr/datasetrecords/def/checkxlinkurl.template.feature
arg: {"link":"."}
checkxlinkurl.template.feature:14 - 
org.apache.http.client.ClientProtocolException
-------
feature call (loop) failed at index: 33
caller: classpath:InspireTest/ngr/datasetrecords/def/checkxlinkurl.template.feature
arg: {"link":"n"}
checkxlinkurl.template.feature:14 - 
org.apache.http.client.ClientProtocolException
-------
feature call (loop) failed at index: 34
caller: classpath:InspireTest/ngr/datasetrecords/def/checkxlinkurl.template.feature
arg: {"link":"l"}
checkxlinkurl.template.feature:14 - 
org.apache.http.client.ClientProtocolException
-------
feature call (loop) failed at index: 35
caller: classpath:InspireTest/ngr/datasetrecords/def/checkxlinkurl.template.feature
arg: {"link":":"}
checkxlinkurl.template.feature:14 - java.net.URISyntaxException: Expected scheme name at index 0: :
-------
feature call (loop) failed at index: 36
caller: classpath:InspireTest/ngr/datasetrecords/def/checkxlinkurl.template.feature
arg: {"link":"4"}
checkxlinkurl.template.feature:14 - 
org.apache.http.client.ClientProtocolException
-------
feature call (loop) failed at index: 37
caller: classpath:InspireTest/ngr/datasetrecords/def/checkxlinkurl.template.feature
arg: {"link":"4"}
checkxlinkurl.template.feature:14 - 
org.apache.http.client.ClientProtocolException
-------
feature call (loop) failed at index: 38
caller: classpath:InspireTest/ngr/datasetrecords/def/checkxlinkurl.template.feature
arg: {"link":"3"}
checkxlinkurl.template.feature:14 - 
org.apache.http.client.ClientProtocolException
-------
feature call (loop) failed at index: 39
caller: classpath:InspireTest/ngr/datasetrecords/def/checkxlinkurl.template.feature
arg: {"link":"/"}
checkxlinkurl.template.feature:14 - 
org.apache.http.client.ClientProtocolException
-------
feature call (loop) failed at index: 40
caller: classpath:InspireTest/ngr/datasetrecords/def/checkxlinkurl.template.feature
arg: {"link":"g"}
checkxlinkurl.template.feature:14 - 
org.apache.http.client.ClientProtocolException
-------
feature call (loop) failed at index: 41
caller: classpath:InspireTest/ngr/datasetrecords/def/checkxlinkurl.template.feature
arg: {"link":"e"}
checkxlinkurl.template.feature:14 - 
org.apache.http.client.ClientProtocolException
-------
feature call (loop) failed at index: 42
caller: classpath:InspireTest/ngr/datasetrecords/def/checkxlinkurl.template.feature
arg: {"link":"o"}
checkxlinkurl.template.feature:14 - 
org.apache.http.client.ClientProtocolException
-------
feature call (loop) failed at index: 43
caller: classpath:InspireTest/ngr/datasetrecords/def/checkxlinkurl.template.feature
arg: {"link":"n"}
checkxlinkurl.template.feature:14 - 
org.apache.http.client.ClientProtocolException
-------
feature call (loop) failed at index: 44
caller: classpath:InspireTest/ngr/datasetrecords/def/checkxlinkurl.template.feature
arg: {"link":"e"}
checkxlinkurl.template.feature:14 - 
org.apache.http.client.ClientProtocolException
-------
feature call (loop) failed at index: 45
caller: classpath:InspireTest/ngr/datasetrecords/def/checkxlinkurl.template.feature
arg: {"link":"t"}
checkxlinkurl.template.feature:14 - 
org.apache.http.client.ClientProtocolException
-------
feature call (loop) failed at index: 46
caller: classpath:InspireTest/ngr/datasetrecords/def/checkxlinkurl.template.feature
arg: {"link":"w"}
checkxlinkurl.template.feature:14 - 
org.apache.http.client.ClientProtocolException
-------
feature call (loop) failed at index: 47
caller: classpath:InspireTest/ngr/datasetrecords/def/checkxlinkurl.template.feature
arg: {"link":"o"}
checkxlinkurl.template.feature:14 - 
org.apache.http.client.ClientProtocolException
-------
feature call (loop) failed at index: 48
caller: classpath:InspireTest/ngr/datasetrecords/def/checkxlinkurl.template.feature
arg: {"link":"r"}
checkxlinkurl.template.feature:14 - 
org.apache.http.client.ClientProtocolException
-------
feature call (loop) failed at index: 49
caller: classpath:InspireTest/ngr/datasetrecords/def/checkxlinkurl.template.feature
arg: {"link":"k"}
checkxlinkurl.template.feature:14 - 
org.apache.http.client.ClientProtocolException
-------
feature call (loop) failed at index: 50
caller: classpath:InspireTest/ngr/datasetrecords/def/checkxlinkurl.template.feature
arg: {"link":"/"}
checkxlinkurl.template.feature:14 - 
org.apache.http.client.ClientProtocolException
-------
feature call (loop) failed at index: 51
caller: classpath:InspireTest/ngr/datasetrecords/def/checkxlinkurl.template.feature
arg: {"link":"s"}
checkxlinkurl.template.feature:14 - 
org.apache.http.client.ClientProtocolException
-------
feature call (loop) failed at index: 52
caller: classpath:InspireTest/ngr/datasetrecords/def/checkxlinkurl.template.feature
arg: {"link":"r"}
checkxlinkurl.template.feature:14 - 
org.apache.http.client.ClientProtocolException
-------
feature call (loop) failed at index: 53
caller: classpath:InspireTest/ngr/datasetrecords/def/checkxlinkurl.template.feature
arg: {"link":"v"}
checkxlinkurl.template.feature:14 - 
org.apache.http.client.ClientProtocolException
-------
feature call (loop) failed at index: 54
caller: classpath:InspireTest/ngr/datasetrecords/def/checkxlinkurl.template.feature
arg: {"link":"/"}
checkxlinkurl.template.feature:14 - 
org.apache.http.client.ClientProtocolException
-------
feature call (loop) failed at index: 55
caller: classpath:InspireTest/ngr/datasetrecords/def/checkxlinkurl.template.feature
arg: {"link":"e"}
checkxlinkurl.template.feature:14 - 
org.apache.http.client.ClientProtocolException
-------
feature call (loop) failed at index: 56
caller: classpath:InspireTest/ngr/datasetrecords/def/checkxlinkurl.template.feature
arg: {"link":"n"}
checkxlinkurl.template.feature:14 - 
org.apache.http.client.ClientProtocolException
-------
feature call (loop) failed at index: 57
caller: classpath:InspireTest/ngr/datasetrecords/def/checkxlinkurl.template.feature
arg: {"link":"g"}
checkxlinkurl.template.feature:14 - 
org.apache.http.client.ClientProtocolException
-------
feature call (loop) failed at index: 58
caller: classpath:InspireTest/ngr/datasetrecords/def/checkxlinkurl.template.feature
arg: {"link":"/"}
checkxlinkurl.template.feature:14 - 
org.apache.http.client.ClientProtocolException
-------
feature call (loop) failed at index: 59
caller: classpath:InspireTest/ngr/datasetrecords/def/checkxlinkurl.template.feature
arg: {"link":"t"}
checkxlinkurl.template.feature:14 - 
org.apache.http.client.ClientProtocolException
-------
feature call (loop) failed at index: 60
caller: classpath:InspireTest/ngr/datasetrecords/def/checkxlinkurl.template.feature
arg: {"link":"h"}
checkxlinkurl.template.feature:14 - 
org.apache.http.client.ClientProtocolException
-------
feature call (loop) failed at index: 61
caller: classpath:InspireTest/ngr/datasetrecords/def/checkxlinkurl.template.feature
arg: {"link":"e"}
checkxlinkurl.template.feature:14 - 
org.apache.http.client.ClientProtocolException
-------
feature call (loop) failed at index: 62
caller: classpath:InspireTest/ngr/datasetrecords/def/checkxlinkurl.template.feature
arg: {"link":"s"}
checkxlinkurl.template.feature:14 - 
org.apache.http.client.ClientProtocolException
-------
feature call (loop) failed at index: 63
caller: classpath:InspireTest/ngr/datasetrecords/def/checkxlinkurl.template.feature
arg: {"link":"a"}
checkxlinkurl.template.feature:14 - 
org.apache.http.client.ClientProtocolException
-------
feature call (loop) failed at index: 64
caller: classpath:InspireTest/ngr/datasetrecords/def/checkxlinkurl.template.feature
arg: {"link":"u"}
checkxlinkurl.template.feature:14 - 
org.apache.http.client.ClientProtocolException
-------
feature call (loop) failed at index: 65
caller: classpath:InspireTest/ngr/datasetrecords/def/checkxlinkurl.template.feature
arg: {"link":"r"}
checkxlinkurl.template.feature:14 - 
org.apache.http.client.ClientProtocolException
-------
feature call (loop) failed at index: 66
caller: classpath:InspireTest/ngr/datasetrecords/def/checkxlinkurl.template.feature
arg: {"link":"u"}
checkxlinkurl.template.feature:14 - 
org.apache.http.client.ClientProtocolException
-------
feature call (loop) failed at index: 67
caller: classpath:InspireTest/ngr/datasetrecords/def/checkxlinkurl.template.feature
arg: {"link":"s"}
checkxlinkurl.template.feature:14 - 
org.apache.http.client.ClientProtocolException
-------
feature call (loop) failed at index: 68
caller: classpath:InspireTest/ngr/datasetrecords/def/checkxlinkurl.template.feature
arg: {"link":"."}
checkxlinkurl.template.feature:14 - 
org.apache.http.client.ClientProtocolException
-------
feature call (loop) failed at index: 69
caller: classpath:InspireTest/ngr/datasetrecords/def/checkxlinkurl.template.feature
arg: {"link":"d"}
checkxlinkurl.template.feature:14 - 
org.apache.http.client.ClientProtocolException
-------
feature call (loop) failed at index: 70
caller: classpath:InspireTest/ngr/datasetrecords/def/checkxlinkurl.template.feature
arg: {"link":"o"}
checkxlinkurl.template.feature:14 - 
org.apache.http.client.ClientProtocolException
-------
feature call (loop) failed at index: 71
caller: classpath:InspireTest/ngr/datasetrecords/def/checkxlinkurl.template.feature
arg: {"link":"w"}
checkxlinkurl.template.feature:14 - 
org.apache.http.client.ClientProtocolException
-------
feature call (loop) failed at index: 72
caller: classpath:InspireTest/ngr/datasetrecords/def/checkxlinkurl.template.feature
arg: {"link":"n"}
checkxlinkurl.template.feature:14 - 
org.apache.http.client.ClientProtocolException
-------
feature call (loop) failed at index: 73
caller: classpath:InspireTest/ngr/datasetrecords/def/checkxlinkurl.template.feature
arg: {"link":"l"}
checkxlinkurl.template.feature:14 - 
org.apache.http.client.ClientProtocolException
-------
feature call (loop) failed at index: 74
caller: classpath:InspireTest/ngr/datasetrecords/def/checkxlinkurl.template.feature
arg: {"link":"o"}
checkxlinkurl.template.feature:14 - 
org.apache.http.client.ClientProtocolException
-------
feature call (loop) failed at index: 75
caller: classpath:InspireTest/ngr/datasetrecords/def/checkxlinkurl.template.feature
arg: {"link":"a"}
checkxlinkurl.template.feature:14 - 
org.apache.http.client.ClientProtocolException
-------
feature call (loop) failed at index: 76
caller: classpath:InspireTest/ngr/datasetrecords/def/checkxlinkurl.template.feature
arg: {"link":"d"}
checkxlinkurl.template.feature:14 - 
org.apache.http.client.ClientProtocolException
-------
feature call (loop) failed at index: 77
caller: classpath:InspireTest/ngr/datasetrecords/def/checkxlinkurl.template.feature
arg: {"link":"?"}
checkxlinkurl.template.feature:14 - 
org.apache.http.client.ClientProtocolException
-------
feature call (loop) failed at index: 78
caller: classpath:InspireTest/ngr/datasetrecords/def/checkxlinkurl.template.feature
arg: {"link":"r"}
checkxlinkurl.template.feature:14 - 
org.apache.http.client.ClientProtocolException
-------
feature call (loop) failed at index: 79
caller: classpath:InspireTest/ngr/datasetrecords/def/checkxlinkurl.template.feature
arg: {"link":"e"}
checkxlinkurl.template.feature:14 - 
org.apache.http.client.ClientProtocolException
-------
feature call (loop) failed at index: 80
caller: classpath:InspireTest/ngr/datasetrecords/def/checkxlinkurl.template.feature
arg: {"link":"f"}
checkxlinkurl.template.feature:14 - 
org.apache.http.client.ClientProtocolException
-------
feature call (loop) failed at index: 81
caller: classpath:InspireTest/ngr/datasetrecords/def/checkxlinkurl.template.feature
arg: {"link":"="}
checkxlinkurl.template.feature:14 - 
org.apache.http.client.ClientProtocolException
-------
feature call (loop) failed at index: 82
caller: classpath:InspireTest/ngr/datasetrecords/def/checkxlinkurl.template.feature
arg: {"link":"e"}
checkxlinkurl.template.feature:14 - 
org.apache.http.client.ClientProtocolException
-------
feature call (loop) failed at index: 83
caller: classpath:InspireTest/ngr/datasetrecords/def/checkxlinkurl.template.feature
arg: {"link":"x"}
checkxlinkurl.template.feature:14 - 
org.apache.http.client.ClientProtocolException
-------
feature call (loop) failed at index: 84
caller: classpath:InspireTest/ngr/datasetrecords/def/checkxlinkurl.template.feature
arg: {"link":"t"}
checkxlinkurl.template.feature:14 - 
org.apache.http.client.ClientProtocolException
-------
feature call (loop) failed at index: 85
caller: classpath:InspireTest/ngr/datasetrecords/def/checkxlinkurl.template.feature
arg: {"link":"e"}
checkxlinkurl.template.feature:14 - 
org.apache.http.client.ClientProtocolException
-------
feature call (loop) failed at index: 86
caller: classpath:InspireTest/ngr/datasetrecords/def/checkxlinkurl.template.feature
arg: {"link":"r"}
checkxlinkurl.template.feature:14 - 
org.apache.http.client.ClientProtocolException
-------
feature call (loop) failed at index: 87
caller: classpath:InspireTest/ngr/datasetrecords/def/checkxlinkurl.template.feature
arg: {"link":"n"}
checkxlinkurl.template.feature:14 - 
org.apache.http.client.ClientProtocolException
-------
feature call (loop) failed at index: 88
caller: classpath:InspireTest/ngr/datasetrecords/def/checkxlinkurl.template.feature
arg: {"link":"a"}
checkxlinkurl.template.feature:14 - 
org.apache.http.client.ClientProtocolException
-------
feature call (loop) failed at index: 89
caller: classpath:InspireTest/ngr/datasetrecords/def/checkxlinkurl.template.feature
arg: {"link":"l"}
checkxlinkurl.template.feature:14 - 
org.apache.http.client.ClientProtocolException
-------
feature call (loop) failed at index: 90
caller: classpath:InspireTest/ngr/datasetrecords/def/checkxlinkurl.template.feature
arg: {"link":"."}
checkxlinkurl.template.feature:14 - 
org.apache.http.client.ClientProtocolException
-------
feature call (loop) failed at index: 91
caller: classpath:InspireTest/ngr/datasetrecords/def/checkxlinkurl.template.feature
arg: {"link":"t"}
checkxlinkurl.template.feature:14 - 
org.apache.http.client.ClientProtocolException
-------
feature call (loop) failed at index: 92
caller: classpath:InspireTest/ngr/datasetrecords/def/checkxlinkurl.template.feature
arg: {"link":"h"}
checkxlinkurl.template.feature:14 - 
org.apache.http.client.ClientProtocolException
-------
feature call (loop) failed at index: 93
caller: classpath:InspireTest/ngr/datasetrecords/def/checkxlinkurl.template.feature
arg: {"link":"e"}
checkxlinkurl.template.feature:14 - 
org.apache.http.client.ClientProtocolException
-------
feature call (loop) failed at index: 94
caller: classpath:InspireTest/ngr/datasetrecords/def/checkxlinkurl.template.feature
arg: {"link":"m"}
checkxlinkurl.template.feature:14 - 
org.apache.http.client.ClientProtocolException
-------
feature call (loop) failed at index: 95
caller: classpath:InspireTest/ngr/datasetrecords/def/checkxlinkurl.template.feature
arg: {"link":"e"}
checkxlinkurl.template.feature:14 - 
org.apache.http.client.ClientProtocolException
-------
feature call (loop) failed at index: 96
caller: classpath:InspireTest/ngr/datasetrecords/def/checkxlinkurl.template.feature
arg: {"link":"."}
checkxlinkurl.template.feature:14 - 
org.apache.http.client.ClientProtocolException
-------
feature call (loop) failed at index: 97
caller: classpath:InspireTest/ngr/datasetrecords/def/checkxlinkurl.template.feature
arg: {"link":"h"}
checkxlinkurl.template.feature:14 - 
org.apache.http.client.ClientProtocolException
-------
feature call (loop) failed at index: 98
caller: classpath:InspireTest/ngr/datasetrecords/def/checkxlinkurl.template.feature
arg: {"link":"t"}
checkxlinkurl.template.feature:14 - 
org.apache.http.client.ClientProtocolException
-------
feature call (loop) failed at index: 99
caller: classpath:InspireTest/ngr/datasetrecords/def/checkxlinkurl.template.feature
arg: {"link":"t"}
checkxlinkurl.template.feature:14 - 
org.apache.http.client.ClientProtocolException
-------
feature call (loop) failed at index: 100
caller: classpath:InspireTest/ngr/datasetrecords/def/checkxlinkurl.template.feature
arg: {"link":"p"}
checkxlinkurl.template.feature:14 - 
org.apache.http.client.ClientProtocolException
-------
feature call (loop) failed at index: 101
caller: classpath:InspireTest/ngr/datasetrecords/def/checkxlinkurl.template.feature
arg: {"link":"i"}
checkxlinkurl.template.feature:14 - 
org.apache.http.client.ClientProtocolException
-------
feature call (loop) failed at index: 102
caller: classpath:InspireTest/ngr/datasetrecords/def/checkxlinkurl.template.feature
arg: {"link":"n"}
checkxlinkurl.template.feature:14 - 
org.apache.http.client.ClientProtocolException
-------
feature call (loop) failed at index: 103
caller: classpath:InspireTest/ngr/datasetrecords/def/checkxlinkurl.template.feature
arg: {"link":"s"}
checkxlinkurl.template.feature:14 - 
org.apache.http.client.ClientProtocolException
-------
feature call (loop) failed at index: 104
caller: classpath:InspireTest/ngr/datasetrecords/def/checkxlinkurl.template.feature
arg: {"link":"p"}
checkxlinkurl.template.feature:14 - 
org.apache.http.client.ClientProtocolException
-------
feature call (loop) failed at index: 105
caller: classpath:InspireTest/ngr/datasetrecords/def/checkxlinkurl.template.feature
arg: {"link":"i"}
checkxlinkurl.template.feature:14 - 
org.apache.http.client.ClientProtocolException
-------
feature call (loop) failed at index: 106
caller: classpath:InspireTest/ngr/datasetrecords/def/checkxlinkurl.template.feature
arg: {"link":"r"}
checkxlinkurl.template.feature:14 - 
org.apache.http.client.ClientProtocolException
-------
feature call (loop) failed at index: 107
caller: classpath:InspireTest/ngr/datasetrecords/def/checkxlinkurl.template.feature
arg: {"link":"e"}
checkxlinkurl.template.feature:14 - 
org.apache.http.client.ClientProtocolException
-------
feature call (loop) failed at index: 108
caller: classpath:InspireTest/ngr/datasetrecords/def/checkxlinkurl.template.feature
arg: {"link":"e"}
checkxlinkurl.template.feature:14 - 
org.apache.http.client.ClientProtocolException
-------
feature call (loop) failed at index: 109
caller: classpath:InspireTest/ngr/datasetrecords/def/checkxlinkurl.template.feature
arg: {"link":"c"}
checkxlinkurl.template.feature:14 - 
org.apache.http.client.ClientProtocolException
-------
feature call (loop) failed at index: 110
caller: classpath:InspireTest/ngr/datasetrecords/def/checkxlinkurl.template.feature
arg: {"link":"e"}
checkxlinkurl.template.feature:14 - 
org.apache.http.client.ClientProtocolException
-------
feature call (loop) failed at index: 111
caller: classpath:InspireTest/ngr/datasetrecords/def/checkxlinkurl.template.feature
arg: {"link":"u"}
checkxlinkurl.template.feature:14 - 
org.apache.http.client.ClientProtocolException
-------
feature call (loop) failed at index: 112
caller: classpath:InspireTest/ngr/datasetrecords/def/checkxlinkurl.template.feature
arg: {"link":"r"}
checkxlinkurl.template.feature:14 - 
org.apache.http.client.ClientProtocolException
-------
feature call (loop) failed at index: 113
caller: classpath:InspireTest/ngr/datasetrecords/def/checkxlinkurl.template.feature
arg: {"link":"o"}
checkxlinkurl.template.feature:14 - 
org.apache.http.client.ClientProtocolException
-------
feature call (loop) failed at index: 114
caller: classpath:InspireTest/ngr/datasetrecords/def/checkxlinkurl.template.feature
arg: {"link":"p"}
checkxlinkurl.template.feature:14 - 
org.apache.http.client.ClientProtocolException
-------
feature call (loop) failed at index: 115
caller: classpath:InspireTest/ngr/datasetrecords/def/checkxlinkurl.template.feature
arg: {"link":"a"}
checkxlinkurl.template.feature:14 - 
org.apache.http.client.ClientProtocolException
-------
feature call (loop) failed at index: 116
caller: classpath:InspireTest/ngr/datasetrecords/def/checkxlinkurl.template.feature
arg: {"link":"e"}
checkxlinkurl.template.feature:14 - 
org.apache.http.client.ClientProtocolException
-------
feature call (loop) failed at index: 117
caller: classpath:InspireTest/ngr/datasetrecords/def/checkxlinkurl.template.feature
arg: {"link":"u"}
checkxlinkurl.template.feature:14 - 
org.apache.http.client.ClientProtocolException
-------
feature call (loop) failed at index: 118
caller: classpath:InspireTest/ngr/datasetrecords/def/checkxlinkurl.template.feature
arg: {"link":"t"}
checkxlinkurl.template.feature:14 - 
org.apache.http.client.ClientProtocolException
-------
feature call (loop) failed at index: 119
caller: classpath:InspireTest/ngr/datasetrecords/def/checkxlinkurl.template.feature
arg: {"link":"h"}
checkxlinkurl.template.feature:14 - 
org.apache.http.client.ClientProtocolException
-------
feature call (loop) failed at index: 120
caller: classpath:InspireTest/ngr/datasetrecords/def/checkxlinkurl.template.feature
arg: {"link":"e"}
checkxlinkurl.template.feature:14 - 
org.apache.http.client.ClientProtocolException
-------
feature call (loop) failed at index: 121
caller: classpath:InspireTest/ngr/datasetrecords/def/checkxlinkurl.template.feature
arg: {"link":"m"}
checkxlinkurl.template.feature:14 - 
org.apache.http.client.ClientProtocolException
-------
feature call (loop) failed at index: 122
caller: classpath:InspireTest/ngr/datasetrecords/def/checkxlinkurl.template.feature
arg: {"link":"e"}
checkxlinkurl.template.feature:14 - 
org.apache.http.client.ClientProtocolException
-------
feature call (loop) failed at index: 123
caller: classpath:InspireTest/ngr/datasetrecords/def/checkxlinkurl.template.feature
arg: {"link":"-"}
checkxlinkurl.template.feature:14 - 
org.apache.http.client.ClientProtocolException
-------
feature call (loop) failed at index: 124
caller: classpath:InspireTest/ngr/datasetrecords/def/checkxlinkurl.template.feature
arg: {"link":"t"}
checkxlinkurl.template.feature:14 - 
org.apache.http.client.ClientProtocolException
-------
feature call (loop) failed at index: 125
caller: classpath:InspireTest/ngr/datasetrecords/def/checkxlinkurl.template.feature
arg: {"link":"h"}
checkxlinkurl.template.feature:14 - 
org.apache.http.client.ClientProtocolException
-------
feature call (loop) failed at index: 126
caller: classpath:InspireTest/ngr/datasetrecords/def/checkxlinkurl.template.feature
arg: {"link":"e"}
checkxlinkurl.template.feature:14 - 
org.apache.http.client.ClientProtocolException
-------
feature call (loop) failed at index: 127
caller: classpath:InspireTest/ngr/datasetrecords/def/checkxlinkurl.template.feature
arg: {"link":"m"}
checkxlinkurl.template.feature:14 - 
org.apache.http.client.ClientProtocolException
-------
feature call (loop) failed at index: 128
caller: classpath:InspireTest/ngr/datasetrecords/def/checkxlinkurl.template.feature
arg: {"link":"e"}
checkxlinkurl.template.feature:14 - 
org.apache.http.client.ClientProtocolException
[1.109:16] check-known-dataset-record.feature:79 - feature call (loop) failed: classpath:InspireTest/ngr/datasetrecords/def/checkxlinkurl.template.feature
caller: classpath:InspireTest/ngr/datasetrecords/check-known-dataset-record.feature
items: [{link=http://www.opengis.net/def/crs/EPSG/0/ETRS89}, {link=https://www.nationaalgeoregister.nl/geonetwork/srv/api/records07575774-57a1-4419-bab4-6c88fdeb02b2}]
errors:
-------
feature call (loop) failed at index: 1
caller: classpath:InspireTest/ngr/datasetrecords/def/checkxlinkurl.template.feature
arg: {"link":"https://www.nationaalgeoregister.nl/geonetwork/srv/api/records07575774-57a1-4419-bab4-6c88fdeb02b2"}
checkxlinkurl.template.feature:22 - path: $, actual: 500, expected: 200, reason: not equal (Integer)
[1.110:16] check-known-dataset-record.feature:79 - feature call (loop) failed: classpath:InspireTest/ngr/datasetrecords/def/checkxlinkurl.template.feature
caller: classpath:InspireTest/ngr/datasetrecords/check-known-dataset-record.feature
items: [{link=http://www.opengis.net/def/crs/EPSG/0/http://www.opengis.net/def/crs/EPSG/0/3034}, {link=http://nationaalgeoregister.nl/geonetwork/srv/dut/csw?SERVICE=CSW&version=2.0.2&REQUEST=GetRecordById&elementSetName=full&OutputSchema=http://www.isotc211.org/2005/gmd&ID=b6ee58a1-b097-4c6d-8600-eb81efc1468c}, {link=https://creativecommons.org/publicdomain/mark/*/deed.nl}, {link=}]
errors:
-------
feature call (loop) failed at index: 2
caller: classpath:InspireTest/ngr/datasetrecords/def/checkxlinkurl.template.feature
arg: {"link":"https://creativecommons.org/publicdomain/mark/*/deed.nl"}
checkxlinkurl.template.feature:22 - path: $, actual: 404, expected: 200, reason: not equal (Integer)
-------
feature call (loop) failed at index: 3
caller: classpath:InspireTest/ngr/datasetrecords/def/checkxlinkurl.template.feature
arg: {"link":""}
checkxlinkurl.template.feature:14 - 
org.apache.http.client.ClientProtocolException
[1.111:16] check-known-dataset-record.feature:79 - feature call (loop) failed: classpath:InspireTest/ngr/datasetrecords/def/checkxlinkurl.template.feature
caller: classpath:InspireTest/ngr/datasetrecords/check-known-dataset-record.feature
items: [{link=https://data.rivm.nl/inspire/id#36a7e8cb-8300-4602-93d2-135943365a6f}]
errors:
-------
feature call (loop) failed at index: 0
caller: classpath:InspireTest/ngr/datasetrecords/def/checkxlinkurl.template.feature
arg: {"link":"https://data.rivm.nl/inspire/id#36a7e8cb-8300-4602-93d2-135943365a6f"}
checkxlinkurl.template.feature:14 - 
javax.net.ssl.SSLException: Connection reset
[1.112:16] check-known-dataset-record.feature:79 - feature call (loop) failed: classpath:InspireTest/ngr/datasetrecords/def/checkxlinkurl.template.feature
caller: classpath:InspireTest/ngr/datasetrecords/check-known-dataset-record.feature
items: [{link=http://kadaster/2482250f-3b00-4439-9f93-f3118229b023}, {link=}, {link=}, {link=}]
errors:
-------
feature call (loop) failed at index: 0
caller: classpath:InspireTest/ngr/datasetrecords/def/checkxlinkurl.template.feature
arg: {"link":"http://kadaster/2482250f-3b00-4439-9f93-f3118229b023"}
checkxlinkurl.template.feature:14 - 
java.net.UnknownHostException: kadaster: Temporary failure in name resolution
-------
feature call (loop) failed at index: 1
caller: classpath:InspireTest/ngr/datasetrecords/def/checkxlinkurl.template.feature
arg: {"link":""}
checkxlinkurl.template.feature:14 - 
org.apache.http.client.ClientProtocolException
-------
feature call (loop) failed at index: 2
caller: classpath:InspireTest/ngr/datasetrecords/def/checkxlinkurl.template.feature
arg: {"link":""}
checkxlinkurl.template.feature:14 - 
org.apache.http.client.ClientProtocolException
-------
feature call (loop) failed at index: 3
caller: classpath:InspireTest/ngr/datasetrecords/def/checkxlinkurl.template.feature
arg: {"link":""}
checkxlinkurl.template.feature:14 - 
org.apache.http.client.ClientProtocolException
[1.113:16] check-known-dataset-record.feature:79 - feature call (loop) failed: classpath:InspireTest/ngr/datasetrecords/def/checkxlinkurl.template.feature
caller: classpath:InspireTest/ngr/datasetrecords/check-known-dataset-record.feature
items: [{link=https://www.nationaalgeoregister.nl/geonetwork/srv/api/records6e4a2001-fef7-471c-8286-4f859bc1131e}, {link=https://creativecommons.org/publicdomain/zero/*/deed.nl}]
errors:
-------
feature call (loop) failed at index: 0
caller: classpath:InspireTest/ngr/datasetrecords/def/checkxlinkurl.template.feature
arg: {"link":"https://www.nationaalgeoregister.nl/geonetwork/srv/api/records6e4a2001-fef7-471c-8286-4f859bc1131e"}
checkxlinkurl.template.feature:22 - path: $, actual: 500, expected: 200, reason: not equal (Integer)
-------
feature call (loop) failed at index: 1
caller: classpath:InspireTest/ngr/datasetrecords/def/checkxlinkurl.template.feature
arg: {"link":"https://creativecommons.org/publicdomain/zero/*/deed.nl"}
checkxlinkurl.template.feature:22 - path: $, actual: 404, expected: 200, reason: not equal (Integer)
[1.114:16] check-known-dataset-record.feature:79 - feature call (loop) failed: classpath:InspireTest/ngr/datasetrecords/def/checkxlinkurl.template.feature
caller: classpath:InspireTest/ngr/datasetrecords/check-known-dataset-record.feature
items: [{link=https://nationaalgeoregister.nl/geonetwork/srv/resources7d4d5090-8b18-4c30-a07a-9d738039112f}, {link=http://rdfdata.eionet.europa.eu/inspirethemes/themes/13}, {link=http://geonetwork-opensource.org/inspire-theme#}, {link=https://www.nationaalgeoregister.nl/geonetwork/srv/eng/thesaurus.download?ref=external.theme.inspire-theme}]
errors:
-------
feature call (loop) failed at index: 0
caller: classpath:InspireTest/ngr/datasetrecords/def/checkxlinkurl.template.feature
arg: {"link":"https://nationaalgeoregister.nl/geonetwork/srv/resources7d4d5090-8b18-4c30-a07a-9d738039112f"}
checkxlinkurl.template.feature:22 - path: $, actual: 404, expected: 200, reason: not equal (Integer)
-------
feature call (loop) failed at index: 1
caller: classpath:InspireTest/ngr/datasetrecords/def/checkxlinkurl.template.feature
arg: {"link":"http://rdfdata.eionet.europa.eu/inspirethemes/themes/13"}
checkxlinkurl.template.feature:22 - path: $, actual: 404, expected: 200, reason: not equal (Integer)
-------
feature call (loop) failed at index: 2
caller: classpath:InspireTest/ngr/datasetrecords/def/checkxlinkurl.template.feature
arg: {"link":"http://geonetwork-opensource.org/inspire-theme#"}
checkxlinkurl.template.feature:22 - path: $, actual: 404, expected: 200, reason: not equal (Integer)
-------
feature call (loop) failed at index: 3
caller: classpath:InspireTest/ngr/datasetrecords/def/checkxlinkurl.template.feature
arg: {"link":"https://www.nationaalgeoregister.nl/geonetwork/srv/eng/thesaurus.download?ref=external.theme.inspire-theme"}
checkxlinkurl.template.feature:22 - path: $, actual: 500, expected: 200, reason: not equal (Integer)
[1.115:16] check-known-dataset-record.feature:79 - feature call (loop) failed: classpath:InspireTest/ngr/datasetrecords/def/checkxlinkurl.template.feature
caller: classpath:InspireTest/ngr/datasetrecords/check-known-dataset-record.feature
items: [{link=http://www.opengis.net/def/crs/EPSG/0/http://www.opengis.net/def/crs/EPSG/0/4258}, {link=https://www.nationaalgeoregister.nl/geonetwork/srv/dut/catalog.search#/metadata/3387ef8a-9237-453a-aa4e-585d1e193550}, {link=https://creativecommons.org/publicdomain/mark/*/deed.nl}]
errors:
-------
feature call (loop) failed at index: 2
caller: classpath:InspireTest/ngr/datasetrecords/def/checkxlinkurl.template.feature
arg: {"link":"https://creativecommons.org/publicdomain/mark/*/deed.nl"}
checkxlinkurl.template.feature:22 - path: $, actual: 404, expected: 200, reason: not equal (Integer)
[1.116:16] check-known-dataset-record.feature:79 - feature call (loop) failed: classpath:InspireTest/ngr/datasetrecords/def/checkxlinkurl.template.feature
caller: classpath:InspireTest/ngr/datasetrecords/check-known-dataset-record.feature
items: [{link=https://data.rivm.nl/inspire/id#6941b1f2-7ee6-4a1d-9cba-9071e3ca6cb3}]
errors:
-------
feature call (loop) failed at index: 0
caller: classpath:InspireTest/ngr/datasetrecords/def/checkxlinkurl.template.feature
arg: {"link":"https://data.rivm.nl/inspire/id#6941b1f2-7ee6-4a1d-9cba-9071e3ca6cb3"}
checkxlinkurl.template.feature:14 - 
javax.net.ssl.SSLException: Connection reset
[1.117:16] check-known-dataset-record.feature:79 - feature call (loop) failed: classpath:InspireTest/ngr/datasetrecords/def/checkxlinkurl.template.feature
caller: classpath:InspireTest/ngr/datasetrecords/check-known-dataset-record.feature
items: [{link=https://www.nationaalgeoregister.nl/geonetwork/srv/dut/catalog.search#/metadata/adn73c4a-ef03-4785-b7f6-942e86b385f5}, {link=http://rdfdata.eionet.europa.eu/inspirethemes/themes/10}, {link=urn:ogc:def:crs:EPSG::5709}]
errors:
-------
feature call (loop) failed at index: 1
caller: classpath:InspireTest/ngr/datasetrecords/def/checkxlinkurl.template.feature
arg: {"link":"http://rdfdata.eionet.europa.eu/inspirethemes/themes/10"}
checkxlinkurl.template.feature:22 - path: $, actual: 404, expected: 200, reason: not equal (Integer)
-------
feature call (loop) failed at index: 2
caller: classpath:InspireTest/ngr/datasetrecords/def/checkxlinkurl.template.feature
arg: {"link":"urn:ogc:def:crs:EPSG::5709"}
checkxlinkurl.template.feature:14 - 
org.apache.http.client.ClientProtocolException: URI does not specify a valid host name: urn:ogc:def:crs:EPSG::5709
[1.118:16] check-known-dataset-record.feature:79 - feature call (loop) failed: classpath:InspireTest/ngr/datasetrecords/def/checkxlinkurl.template.feature
caller: classpath:InspireTest/ngr/datasetrecords/check-known-dataset-record.feature
items: [{link=https://data.rivm.nl/inspire/id#6e6bf543-e1e3-468d-afae-e88618ad9a65}]
errors:
-------
feature call (loop) failed at index: 0
caller: classpath:InspireTest/ngr/datasetrecords/def/checkxlinkurl.template.feature
arg: {"link":"https://data.rivm.nl/inspire/id#6e6bf543-e1e3-468d-afae-e88618ad9a65"}
checkxlinkurl.template.feature:14 - 
javax.net.ssl.SSLException: Connection reset
[1.119:16] check-known-dataset-record.feature:79 - feature call (loop) failed: classpath:InspireTest/ngr/datasetrecords/def/checkxlinkurl.template.feature
caller: classpath:InspireTest/ngr/datasetrecords/check-known-dataset-record.feature
items: [{link=}]
errors:
-------
feature call (loop) failed at index: 0
caller: classpath:InspireTest/ngr/datasetrecords/def/checkxlinkurl.template.feature
arg: {"link":""}
checkxlinkurl.template.feature:14 - 
org.apache.http.client.ClientProtocolException
[1.120:16] check-known-dataset-record.feature:79 - feature call (loop) failed: classpath:InspireTest/ngr/datasetrecords/def/checkxlinkurl.template.feature
caller: classpath:InspireTest/ngr/datasetrecords/check-known-dataset-record.feature
items: [{link=https://ngr.acceptatie.nationaalgeoregister.nl/geonetwork/srv/resourcesc7a15080-2724-11e2-81c1-0800200c9a66}, {link=http://rdfdata.eionet.europa.eu/inspirethemes/themes/13}, {link=http://rdfdata.eionet.europa.eu/inspirethemes/themes/#}, {link=https://www.nationaalgeoregister.nl/geonetwork/srv/eng/thesaurus.download?ref=external.theme.inspire-theme}]
errors:
-------
feature call (loop) failed at index: 0
caller: classpath:InspireTest/ngr/datasetrecords/def/checkxlinkurl.template.feature
arg: {"link":"https://ngr.acceptatie.nationaalgeoregister.nl/geonetwork/srv/resourcesc7a15080-2724-11e2-81c1-0800200c9a66"}
checkxlinkurl.template.feature:22 - path: $, actual: 404, expected: 200, reason: not equal (Integer)
-------
feature call (loop) failed at index: 1
caller: classpath:InspireTest/ngr/datasetrecords/def/checkxlinkurl.template.feature
arg: {"link":"http://rdfdata.eionet.europa.eu/inspirethemes/themes/13"}
checkxlinkurl.template.feature:22 - path: $, actual: 404, expected: 200, reason: not equal (Integer)
-------
feature call (loop) failed at index: 2
caller: classpath:InspireTest/ngr/datasetrecords/def/checkxlinkurl.template.feature
arg: {"link":"http://rdfdata.eionet.europa.eu/inspirethemes/themes/#"}
checkxlinkurl.template.feature:22 - path: $, actual: 404, expected: 200, reason: not equal (Integer)
-------
feature call (loop) failed at index: 3
caller: classpath:InspireTest/ngr/datasetrecords/def/checkxlinkurl.template.feature
arg: {"link":"https://www.nationaalgeoregister.nl/geonetwork/srv/eng/thesaurus.download?ref=external.theme.inspire-theme"}
checkxlinkurl.template.feature:22 - path: $, actual: 500, expected: 200, reason: not equal (Integer)
[1.121:16] check-known-dataset-record.feature:79 - feature call (loop) failed: classpath:InspireTest/ngr/datasetrecords/def/checkxlinkurl.template.feature
caller: classpath:InspireTest/ngr/datasetrecords/check-known-dataset-record.feature
items: [{link=http://www.opengis.net/def/crs/EPSG/0/NAP}, {link=https://ngr.acceptatie.nationaalgeoregister.nl/geonetwork/srv/resourcesd72ddff0-2724-11e2-81c1-0800200c9a66}]
errors:
-------
feature call (loop) failed at index: 1
caller: classpath:InspireTest/ngr/datasetrecords/def/checkxlinkurl.template.feature
arg: {"link":"https://ngr.acceptatie.nationaalgeoregister.nl/geonetwork/srv/resourcesd72ddff0-2724-11e2-81c1-0800200c9a66"}
checkxlinkurl.template.feature:22 - path: $, actual: 404, expected: 200, reason: not equal (Integer)
[1.122:16] check-known-dataset-record.feature:79 - feature call (loop) failed: classpath:InspireTest/ngr/datasetrecords/def/checkxlinkurl.template.feature
caller: classpath:InspireTest/ngr/datasetrecords/check-known-dataset-record.feature
items: [{link=http://www.opengis.net/def/crs/EPSG/0/NAP}, {link=https://ngr.acceptatie.nationaalgeoregister.nl/geonetwork/srv/resourcesddf87610-2724-11e2-81c1-0800200c9a66}]
errors:
-------
feature call (loop) failed at index: 1
caller: classpath:InspireTest/ngr/datasetrecords/def/checkxlinkurl.template.feature
arg: {"link":"https://ngr.acceptatie.nationaalgeoregister.nl/geonetwork/srv/resourcesddf87610-2724-11e2-81c1-0800200c9a66"}
checkxlinkurl.template.feature:22 - path: $, actual: 404, expected: 200, reason: not equal (Integer)
[1.123:16] check-known-dataset-record.feature:79 - feature call (loop) failed: classpath:InspireTest/ngr/datasetrecords/def/checkxlinkurl.template.feature
caller: classpath:InspireTest/ngr/datasetrecords/check-known-dataset-record.feature
items: [{link=http://www.opengis.net/def/crs/EPSG/0/http://www.opengis.net/def/crs/EPSG/0/3034}, {link=http://nationaalgeoregister.nl/geonetwork/srv/dut/csw?SERVICE=CSW&version=2.0.2&REQUEST=GetRecordById&elementSetName=full&OutputSchema=http://www.isotc211.org/2005/gmd&ID=34e6165f-1269-48d1-b255-0f05d163d692}, {link=https://creativecommons.org/publicdomain/mark/*/deed.nl}, {link=}]
errors:
-------
feature call (loop) failed at index: 2
caller: classpath:InspireTest/ngr/datasetrecords/def/checkxlinkurl.template.feature
arg: {"link":"https://creativecommons.org/publicdomain/mark/*/deed.nl"}
checkxlinkurl.template.feature:22 - path: $, actual: 404, expected: 200, reason: not equal (Integer)
-------
feature call (loop) failed at index: 3
caller: classpath:InspireTest/ngr/datasetrecords/def/checkxlinkurl.template.feature
arg: {"link":""}
checkxlinkurl.template.feature:14 - 
org.apache.http.client.ClientProtocolException
[1.124:16] check-known-dataset-record.feature:79 - feature call (loop) failed: classpath:InspireTest/ngr/datasetrecords/def/checkxlinkurl.template.feature
caller: classpath:InspireTest/ngr/datasetrecords/check-known-dataset-record.feature
items: [{link=http://geodata.nationaalgeoregister.nl/cbsprovincies/extract/cbsprovincies.zip}, {link=}]
errors:
-------
feature call (loop) failed at index: 1
caller: classpath:InspireTest/ngr/datasetrecords/def/checkxlinkurl.template.feature
arg: {"link":""}
checkxlinkurl.template.feature:14 - 
org.apache.http.client.ClientProtocolException
[1.125:16] check-known-dataset-record.feature:79 - feature call (loop) failed: classpath:InspireTest/ngr/datasetrecords/def/checkxlinkurl.template.feature
caller: classpath:InspireTest/ngr/datasetrecords/check-known-dataset-record.feature
items: [{link=https://www.nationaalgeoregister.nl/geonetwork/srv/dut/catalog.search#/metadata/eu-2c7040b-c448-451b-bf15-f2416ecaadd1}, {link=http://rdfdata.eionet.europa.eu/inspirethemes/themes/7}, {link=urn:ogc:def:crs:EPSG::5709}]
errors:
-------
feature call (loop) failed at index: 1
caller: classpath:InspireTest/ngr/datasetrecords/def/checkxlinkurl.template.feature
arg: {"link":"http://rdfdata.eionet.europa.eu/inspirethemes/themes/7"}
checkxlinkurl.template.feature:22 - path: $, actual: 404, expected: 200, reason: not equal (Integer)
-------
feature call (loop) failed at index: 2
caller: classpath:InspireTest/ngr/datasetrecords/def/checkxlinkurl.template.feature
arg: {"link":"urn:ogc:def:crs:EPSG::5709"}
checkxlinkurl.template.feature:14 - 
org.apache.http.client.ClientProtocolException: URI does not specify a valid host name: urn:ogc:def:crs:EPSG::5709
[1.126:16] check-known-dataset-record.feature:79 - feature call (loop) failed: classpath:InspireTest/ngr/datasetrecords/def/checkxlinkurl.template.feature
caller: classpath:InspireTest/ngr/datasetrecords/check-known-dataset-record.feature
items: [{link=http://www.opengis.net/def/crs/EPSG/0/https://www.opengis.net/def/crs/EPSG/0/4258}, {link=https://www.nationaalgeoregister.nl:443/geonetwork/srv/api/records/a5241416-8401-4623-be61-57ef50447a41}]
errors:
-------
feature call (loop) failed at index: 1
caller: classpath:InspireTest/ngr/datasetrecords/def/checkxlinkurl.template.feature
arg: {"link":"https://www.nationaalgeoregister.nl:443/geonetwork/srv/api/records/a5241416-8401-4623-be61-57ef50447a41"}
checkxlinkurl.template.feature:22 - path: $, actual: 400, expected: 200, reason: not equal (Integer)
[1.128:16] check-known-dataset-record.feature:79 - feature call (loop) failed: classpath:InspireTest/ngr/datasetrecords/def/checkxlinkurl.template.feature
caller: classpath:InspireTest/ngr/datasetrecords/check-known-dataset-record.feature
items: [{link=http://nationaalgeoregister.nl/geonetwork/srv/dut/csw?SERVICE=CSW&version=2.0.2&REQUEST=GetRecordById&elementSetName=full&OutputSchema=http://www.isotc211.org/2005/gmd&ID=2daad588-11ef-47de-9832-6fe2c3b93e6d}, {link=https://creativecommons.org/publicdomain/mark/*/deed.nl}, {link=}]
errors:
-------
feature call (loop) failed at index: 1
caller: classpath:InspireTest/ngr/datasetrecords/def/checkxlinkurl.template.feature
arg: {"link":"https://creativecommons.org/publicdomain/mark/*/deed.nl"}
checkxlinkurl.template.feature:22 - path: $, actual: 404, expected: 200, reason: not equal (Integer)
-------
feature call (loop) failed at index: 2
caller: classpath:InspireTest/ngr/datasetrecords/def/checkxlinkurl.template.feature
arg: {"link":""}
checkxlinkurl.template.feature:14 - 
org.apache.http.client.ClientProtocolException
[1.129:16] check-known-dataset-record.feature:79 - feature call (loop) failed: classpath:InspireTest/ngr/datasetrecords/def/checkxlinkurl.template.feature
caller: classpath:InspireTest/ngr/datasetrecords/check-known-dataset-record.feature
items: [{link=http://nationaalgeoregister.nl/geonetwork/srv/dut/csw?SERVICE=CSW&version=2.0.2&REQUEST=GetRecordById&elementSetName=full&OutputSchema=http://www.isotc211.org/2005/gmd&ID=bc2c53f6-c908-4d7c-a6c0-78d9a2855640}, {link=https://creativecommons.org/publicdomain/mark/*/deed.nl}, {link=}]
errors:
-------
feature call (loop) failed at index: 1
caller: classpath:InspireTest/ngr/datasetrecords/def/checkxlinkurl.template.feature
arg: {"link":"https://creativecommons.org/publicdomain/mark/*/deed.nl"}
checkxlinkurl.template.feature:22 - path: $, actual: 404, expected: 200, reason: not equal (Integer)
-------
feature call (loop) failed at index: 2
caller: classpath:InspireTest/ngr/datasetrecords/def/checkxlinkurl.template.feature
arg: {"link":""}
checkxlinkurl.template.feature:14 - 
org.apache.http.client.ClientProtocolException
[1.130:16] check-known-dataset-record.feature:79 - feature call (loop) failed: classpath:InspireTest/ngr/datasetrecords/def/checkxlinkurl.template.feature
caller: classpath:InspireTest/ngr/datasetrecords/check-known-dataset-record.feature
items: [{link=http://www.opengis.net/def/crs/EPSG/0/http://www.opengis.net/def/crs/EPSG/0/3034}, {link=http://nationaalgeoregister.nl/geonetwork/srv/dut/csw?SERVICE=CSW&version=2.0.2&REQUEST=GetRecordById&elementSetName=full&OutputSchema=http://www.isotc211.org/2005/gmd&ID=60a2a7c2-d5b3-4ad5-b562-c448695357fb}, {link=https://creativecommons.org/publicdomain/mark/*/deed.nl}, {link=}]
errors:
-------
feature call (loop) failed at index: 2
caller: classpath:InspireTest/ngr/datasetrecords/def/checkxlinkurl.template.feature
arg: {"link":"https://creativecommons.org/publicdomain/mark/*/deed.nl"}
checkxlinkurl.template.feature:22 - path: $, actual: 404, expected: 200, reason: not equal (Integer)
-------
feature call (loop) failed at index: 3
caller: classpath:InspireTest/ngr/datasetrecords/def/checkxlinkurl.template.feature
arg: {"link":""}
checkxlinkurl.template.feature:14 - 
org.apache.http.client.ClientProtocolException
[1.131:16] check-known-dataset-record.feature:79 - feature call (loop) failed: classpath:InspireTest/ngr/datasetrecords/def/checkxlinkurl.template.feature
caller: classpath:InspireTest/ngr/datasetrecords/check-known-dataset-record.feature
items: [{link=http://nationaalgeoregister.nl/geonetwork/srv/dut/csw?SERVICE=CSW&version=2.0.2&REQUEST=GetRecordById&elementSetName=full&OutputSchema=http://www.isotc211.org/2005/gmd&ID=f5f68d51-2ca4-4897-8227-d3938b2b0a7e}, {link=https://creativecommons.org/publicdomain/mark/*/deed.nl}, {link=}]
errors:
-------
feature call (loop) failed at index: 1
caller: classpath:InspireTest/ngr/datasetrecords/def/checkxlinkurl.template.feature
arg: {"link":"https://creativecommons.org/publicdomain/mark/*/deed.nl"}
checkxlinkurl.template.feature:22 - path: $, actual: 404, expected: 200, reason: not equal (Integer)
-------
feature call (loop) failed at index: 2
caller: classpath:InspireTest/ngr/datasetrecords/def/checkxlinkurl.template.feature
arg: {"link":""}
checkxlinkurl.template.feature:14 - 
org.apache.http.client.ClientProtocolException
[1.132:16] check-known-dataset-record.feature:79 - feature call (loop) failed: classpath:InspireTest/ngr/datasetrecords/def/checkxlinkurl.template.feature
caller: classpath:InspireTest/ngr/datasetrecords/check-known-dataset-record.feature
items: [{link=http://www.opengis.net/def/crs/EPSG/0/http://www.opengis.net/def/crs/EPSG/0/3034}, {link=http://nationaalgeoregister.nl/geonetwork/srv/dut/csw?SERVICE=CSW&version=2.0.2&REQUEST=GetRecordById&elementSetName=full&OutputSchema=http://www.isotc211.org/2005/gmd&ID=cc408b2d-09a6-4b2b-9aa3-b46bfe2f00a5}, {link=https://creativecommons.org/publicdomain/mark/*/deed.nl}, {link=}]
errors:
-------
feature call (loop) failed at index: 2
caller: classpath:InspireTest/ngr/datasetrecords/def/checkxlinkurl.template.feature
arg: {"link":"https://creativecommons.org/publicdomain/mark/*/deed.nl"}
checkxlinkurl.template.feature:22 - path: $, actual: 404, expected: 200, reason: not equal (Integer)
-------
feature call (loop) failed at index: 3
caller: classpath:InspireTest/ngr/datasetrecords/def/checkxlinkurl.template.feature
arg: {"link":""}
checkxlinkurl.template.feature:14 - 
org.apache.http.client.ClientProtocolException
[1.133:16] check-known-dataset-record.feature:79 - feature call (loop) failed: classpath:InspireTest/ngr/datasetrecords/def/checkxlinkurl.template.feature
caller: classpath:InspireTest/ngr/datasetrecords/check-known-dataset-record.feature
items: [{link=http://www.opengis.net/def/crs/EPSG/0/http://www.opengis.net/def/crs/EPSG/0/3034}, {link=http://nationaalgeoregister.nl/geonetwork/srv/dut/csw?SERVICE=CSW&version=2.0.2&REQUEST=GetRecordById&elementSetName=full&OutputSchema=http://www.isotc211.org/2005/gmd&ID=ca94a0cb-7561-4a10-a7d6-b840e56c33ff}, {link=https://creativecommons.org/publicdomain/mark/*/deed.nl}, {link=}]
errors:
-------
feature call (loop) failed at index: 2
caller: classpath:InspireTest/ngr/datasetrecords/def/checkxlinkurl.template.feature
arg: {"link":"https://creativecommons.org/publicdomain/mark/*/deed.nl"}
checkxlinkurl.template.feature:22 - path: $, actual: 404, expected: 200, reason: not equal (Integer)
-------
feature call (loop) failed at index: 3
caller: classpath:InspireTest/ngr/datasetrecords/def/checkxlinkurl.template.feature
arg: {"link":""}
checkxlinkurl.template.feature:14 - 
org.apache.http.client.ClientProtocolException
[1.134:16] check-known-dataset-record.feature:79 - feature call (loop) failed: classpath:InspireTest/ngr/datasetrecords/def/checkxlinkurl.template.feature
caller: classpath:InspireTest/ngr/datasetrecords/check-known-dataset-record.feature
items: [{link=http://www.opengis.net/def/crs/EPSG/0/http://www.opengis.net/def/crs/EPSG/0/3034}, {link=http://nationaalgeoregister.nl/geonetwork/srv/dut/csw?SERVICE=CSW&version=2.0.2&REQUEST=GetRecordById&elementSetName=full&OutputSchema=http://www.isotc211.org/2005/gmd&ID=998ba1dc-f6a6-49a3-a021-51f30d9b1d0e}, {link=https://creativecommons.org/publicdomain/mark/*/deed.nl}, {link=}]
errors:
-------
feature call (loop) failed at index: 2
caller: classpath:InspireTest/ngr/datasetrecords/def/checkxlinkurl.template.feature
arg: {"link":"https://creativecommons.org/publicdomain/mark/*/deed.nl"}
checkxlinkurl.template.feature:22 - path: $, actual: 404, expected: 200, reason: not equal (Integer)
-------
feature call (loop) failed at index: 3
caller: classpath:InspireTest/ngr/datasetrecords/def/checkxlinkurl.template.feature
arg: {"link":""}
checkxlinkurl.template.feature:14 - 
org.apache.http.client.ClientProtocolException
[1.135:16] check-known-dataset-record.feature:79 - feature call (loop) failed: classpath:InspireTest/ngr/datasetrecords/def/checkxlinkurl.template.feature
caller: classpath:InspireTest/ngr/datasetrecords/check-known-dataset-record.feature
items: [{link=http://www.opengis.net/def/crs/EPSG/0/http://www.opengis.net/def/crs/EPSG/0/3034}, {link=http://nationaalgeoregister.nl/geonetwork/srv/dut/csw?SERVICE=CSW&version=2.0.2&REQUEST=GetRecordById&elementSetName=full&OutputSchema=http://www.isotc211.org/2005/gmd&ID=49ab8bee-b467-486a-96ca-b950443c453a}, {link=https://creativecommons.org/publicdomain/mark/*/deed.nl}, {link=}]
errors:
-------
feature call (loop) failed at index: 2
caller: classpath:InspireTest/ngr/datasetrecords/def/checkxlinkurl.template.feature
arg: {"link":"https://creativecommons.org/publicdomain/mark/*/deed.nl"}
checkxlinkurl.template.feature:22 - path: $, actual: 404, expected: 200, reason: not equal (Integer)
-------
feature call (loop) failed at index: 3
caller: classpath:InspireTest/ngr/datasetrecords/def/checkxlinkurl.template.feature
arg: {"link":""}
checkxlinkurl.template.feature:14 - 
org.apache.http.client.ClientProtocolException
[1.136:16] check-known-dataset-record.feature:79 - feature call (loop) failed: classpath:InspireTest/ngr/datasetrecords/def/checkxlinkurl.template.feature
caller: classpath:InspireTest/ngr/datasetrecords/check-known-dataset-record.feature
items: [{link=http://www.opengis.net/def/crs/EPSG/0/http://www.opengis.net/def/crs/EPSG/0/3034}, {link=http://nationaalgeoregister.nl/geonetwork/srv/dut/csw?SERVICE=CSW&version=2.0.2&REQUEST=GetRecordById&elementSetName=full&OutputSchema=http://www.isotc211.org/2005/gmd&ID=f0821bfe-5a0a-11e9-8647-d663bd873d93}, {link=https://creativecommons.org/publicdomain/mark/*/deed.nl}, {link=}]
errors:
-------
feature call (loop) failed at index: 2
caller: classpath:InspireTest/ngr/datasetrecords/def/checkxlinkurl.template.feature
arg: {"link":"https://creativecommons.org/publicdomain/mark/*/deed.nl"}
checkxlinkurl.template.feature:22 - path: $, actual: 404, expected: 200, reason: not equal (Integer)
-------
feature call (loop) failed at index: 3
caller: classpath:InspireTest/ngr/datasetrecords/def/checkxlinkurl.template.feature
arg: {"link":""}
checkxlinkurl.template.feature:14 - 
org.apache.http.client.ClientProtocolException
[1.137:16] check-known-dataset-record.feature:79 - feature call (loop) failed: classpath:InspireTest/ngr/datasetrecords/def/checkxlinkurl.template.feature
caller: classpath:InspireTest/ngr/datasetrecords/check-known-dataset-record.feature
items: [{link=https://www.nationaalgeoregister.nl/geonetwork/srv/dut/catalog.search#/metadata/10f9ec6-4464-462e-9765-83d90cefbeab}, {link=http://rdfdata.eionet.europa.eu/inspirethemes/themes/24}, {link=https://ngr.geocat.live/geonetwork/srv/eng/thesaurus.download?ref=external.theme.httpinspireeceuropaeumetadatacodelistPrioritydataset-Prioritydataset}, {link=urn:ogc:def:crs:EPSG::5709}]
errors:
-------
feature call (loop) failed at index: 1
caller: classpath:InspireTest/ngr/datasetrecords/def/checkxlinkurl.template.feature
arg: {"link":"http://rdfdata.eionet.europa.eu/inspirethemes/themes/24"}
checkxlinkurl.template.feature:22 - path: $, actual: 404, expected: 200, reason: not equal (Integer)
-------
feature call (loop) failed at index: 2
caller: classpath:InspireTest/ngr/datasetrecords/def/checkxlinkurl.template.feature
arg: {"link":"https://ngr.geocat.live/geonetwork/srv/eng/thesaurus.download?ref=external.theme.httpinspireeceuropaeumetadatacodelistPrioritydataset-Prioritydataset"}
checkxlinkurl.template.feature:22 - path: $, actual: 500, expected: 200, reason: not equal (Integer)
-------
feature call (loop) failed at index: 3
caller: classpath:InspireTest/ngr/datasetrecords/def/checkxlinkurl.template.feature
arg: {"link":"urn:ogc:def:crs:EPSG::5709"}
checkxlinkurl.template.feature:14 - 
org.apache.http.client.ClientProtocolException: URI does not specify a valid host name: urn:ogc:def:crs:EPSG::5709
[1.138:16] check-known-dataset-record.feature:79 - feature call (loop) failed: classpath:InspireTest/ngr/datasetrecords/def/checkxlinkurl.template.feature
caller: classpath:InspireTest/ngr/datasetrecords/check-known-dataset-record.feature
items: [{link=https://www.nationaalgeoregister.nl/geonetwork/srv/dut/catalog.search#/metadata/krw-f7bb2351-9788-42ea-a58b-a5ee1842304e}, {link=http://rdfdata.eionet.europa.eu/inspirethemes/themes/24}, {link=https://ngr.geocat.live/geonetwork/srv/eng/thesaurus.download?ref=external.theme.httpinspireeceuropaeumetadatacodelistPrioritydataset-Prioritydataset}, {link=urn:ogc:def:crs:EPSG::5709}]
errors:
-------
feature call (loop) failed at index: 1
caller: classpath:InspireTest/ngr/datasetrecords/def/checkxlinkurl.template.feature
arg: {"link":"http://rdfdata.eionet.europa.eu/inspirethemes/themes/24"}
checkxlinkurl.template.feature:22 - path: $, actual: 404, expected: 200, reason: not equal (Integer)
-------
feature call (loop) failed at index: 2
caller: classpath:InspireTest/ngr/datasetrecords/def/checkxlinkurl.template.feature
arg: {"link":"https://ngr.geocat.live/geonetwork/srv/eng/thesaurus.download?ref=external.theme.httpinspireeceuropaeumetadatacodelistPrioritydataset-Prioritydataset"}
checkxlinkurl.template.feature:22 - path: $, actual: 500, expected: 200, reason: not equal (Integer)
-------
feature call (loop) failed at index: 3
caller: classpath:InspireTest/ngr/datasetrecords/def/checkxlinkurl.template.feature
arg: {"link":"urn:ogc:def:crs:EPSG::5709"}
checkxlinkurl.template.feature:14 - 
org.apache.http.client.ClientProtocolException: URI does not specify a valid host name: urn:ogc:def:crs:EPSG::5709
[1.139:16] check-known-dataset-record.feature:79 - feature call (loop) failed: classpath:InspireTest/ngr/datasetrecords/def/checkxlinkurl.template.feature
caller: classpath:InspireTest/ngr/datasetrecords/check-known-dataset-record.feature
items: [{link=http://www.opengis.net/def/crs/EPSG/0/https://www.opengis.net/def/crs/EPSG/0/4258}, {link=https://www.nationaalgeoregister.nl/geonetwork/srv/api/recordsbb11be63-bd38-4632-bf54-df44c423a529}]
errors:
-------
feature call (loop) failed at index: 1
caller: classpath:InspireTest/ngr/datasetrecords/def/checkxlinkurl.template.feature
arg: {"link":"https://www.nationaalgeoregister.nl/geonetwork/srv/api/recordsbb11be63-bd38-4632-bf54-df44c423a529"}
checkxlinkurl.template.feature:22 - path: $, actual: 500, expected: 200, reason: not equal (Integer)
[1.140:16] check-known-dataset-record.feature:47 - xpath does not exist: /GetRecordByIdResponse//@href on response
[1.141:16] check-known-dataset-record.feature:79 - feature call (loop) failed: classpath:InspireTest/ngr/datasetrecords/def/checkxlinkurl.template.feature
caller: classpath:InspireTest/ngr/datasetrecords/check-known-dataset-record.feature
items: [{link=}]
errors:
-------
feature call (loop) failed at index: 0
caller: classpath:InspireTest/ngr/datasetrecords/def/checkxlinkurl.template.feature
arg: {"link":""}
checkxlinkurl.template.feature:14 - 
org.apache.http.client.ClientProtocolException
[1.143:16] check-known-dataset-record.feature:79 - feature call (loop) failed: classpath:InspireTest/ngr/datasetrecords/def/checkxlinkurl.template.feature
caller: classpath:InspireTest/ngr/datasetrecords/check-known-dataset-record.feature
items: [{link=http://www.opengis.net/def/crs/EPSG/0/https://www.opengis.net/def/crs/EPSG/0/4258}, {link=https://www.nationaalgeoregister.nl/geonetwork/srv/api/records4cda487b-c467-490c-a843-6563fec016be}]
errors:
-------
feature call (loop) failed at index: 1
caller: classpath:InspireTest/ngr/datasetrecords/def/checkxlinkurl.template.feature
arg: {"link":"https://www.nationaalgeoregister.nl/geonetwork/srv/api/records4cda487b-c467-490c-a843-6563fec016be"}
checkxlinkurl.template.feature:22 - path: $, actual: 500, expected: 200, reason: not equal (Integer)
[1.144:16] check-known-dataset-record.feature:79 - feature call (loop) failed: classpath:InspireTest/ngr/datasetrecords/def/checkxlinkurl.template.feature
caller: classpath:InspireTest/ngr/datasetrecords/check-known-dataset-record.feature
items: [{link=https://www.nationaalgeoregister.nl/geonetwork/srv/dut/catalog.search#/metadata/uwwtd-9d8e-4758-83fa-28b057f185e3}, {link=http://rdfdata.eionet.europa.eu/inspirethemes/themes/24}, {link=https://ngr.geocat.live/geonetwork/srv/eng/thesaurus.download?ref=external.theme.httpinspireeceuropaeumetadatacodelistPrioritydataset-Prioritydataset}, {link=urn:ogc:def:crs:EPSG::5709}]
errors:
-------
feature call (loop) failed at index: 1
caller: classpath:InspireTest/ngr/datasetrecords/def/checkxlinkurl.template.feature
arg: {"link":"http://rdfdata.eionet.europa.eu/inspirethemes/themes/24"}
checkxlinkurl.template.feature:22 - path: $, actual: 404, expected: 200, reason: not equal (Integer)
-------
feature call (loop) failed at index: 2
caller: classpath:InspireTest/ngr/datasetrecords/def/checkxlinkurl.template.feature
arg: {"link":"https://ngr.geocat.live/geonetwork/srv/eng/thesaurus.download?ref=external.theme.httpinspireeceuropaeumetadatacodelistPrioritydataset-Prioritydataset"}
checkxlinkurl.template.feature:22 - path: $, actual: 500, expected: 200, reason: not equal (Integer)
-------
feature call (loop) failed at index: 3
caller: classpath:InspireTest/ngr/datasetrecords/def/checkxlinkurl.template.feature
arg: {"link":"urn:ogc:def:crs:EPSG::5709"}
checkxlinkurl.template.feature:14 - 
org.apache.http.client.ClientProtocolException: URI does not specify a valid host name: urn:ogc:def:crs:EPSG::5709
[1.145:16] check-known-dataset-record.feature:79 - feature call (loop) failed: classpath:InspireTest/ngr/datasetrecords/def/checkxlinkurl.template.feature
caller: classpath:InspireTest/ngr/datasetrecords/check-known-dataset-record.feature
items: [{link=http://kadaster/79a1c01b-21ad-43e8-a5c2-23e3eeb95be2}, {link=}]
errors:
-------
feature call (loop) failed at index: 0
caller: classpath:InspireTest/ngr/datasetrecords/def/checkxlinkurl.template.feature
arg: {"link":"http://kadaster/79a1c01b-21ad-43e8-a5c2-23e3eeb95be2"}
checkxlinkurl.template.feature:14 - 
java.net.UnknownHostException: kadaster
-------
feature call (loop) failed at index: 1
caller: classpath:InspireTest/ngr/datasetrecords/def/checkxlinkurl.template.feature
arg: {"link":""}
checkxlinkurl.template.feature:14 - 
org.apache.http.client.ClientProtocolException
[1.146:16] check-known-dataset-record.feature:79 - feature call (loop) failed: classpath:InspireTest/ngr/datasetrecords/def/checkxlinkurl.template.feature
caller: classpath:InspireTest/ngr/datasetrecords/check-known-dataset-record.feature
items: [{link=http://www.opengis.net/def/crs/EPSG/0/http://www.opengis.net/def/crs/EPSG/0/3034}, {link=http://nationaalgeoregister.nl/geonetwork/srv/dut/csw?SERVICE=CSW&version=2.0.2&REQUEST=GetRecordById&elementSetName=full&OutputSchema=http://www.isotc211.org/2005/gmd&ID=0f128799-cf18-4b37-a721-e62b068191f5}, {link=https://creativecommons.org/publicdomain/mark/*/deed.nl}, {link=}]
errors:
-------
feature call (loop) failed at index: 2
caller: classpath:InspireTest/ngr/datasetrecords/def/checkxlinkurl.template.feature
arg: {"link":"https://creativecommons.org/publicdomain/mark/*/deed.nl"}
checkxlinkurl.template.feature:22 - path: $, actual: 404, expected: 200, reason: not equal (Integer)
-------
feature call (loop) failed at index: 3
caller: classpath:InspireTest/ngr/datasetrecords/def/checkxlinkurl.template.feature
arg: {"link":""}
checkxlinkurl.template.feature:14 - 
org.apache.http.client.ClientProtocolException
[1.148:16] check-known-dataset-record.feature:79 - feature call (loop) failed: classpath:InspireTest/ngr/datasetrecords/def/checkxlinkurl.template.feature
caller: classpath:InspireTest/ngr/datasetrecords/check-known-dataset-record.feature
items: [{link=http://nationaalgeoregister.nl/geonetwork/srv/dut/csw?SERVICE=CSW&version=2.0.2&REQUEST=GetRecordById&elementSetName=full&OutputSchema=http://www.isotc211.org/2005/gmd&ID=df5ee213-e1bd-433b-80f7-4ea20f493ca8}, {link=https://creativecommons.org/publicdomain/mark/*/deed.nl}, {link=}]
errors:
-------
feature call (loop) failed at index: 1
caller: classpath:InspireTest/ngr/datasetrecords/def/checkxlinkurl.template.feature
arg: {"link":"https://creativecommons.org/publicdomain/mark/*/deed.nl"}
checkxlinkurl.template.feature:22 - path: $, actual: 404, expected: 200, reason: not equal (Integer)
-------
feature call (loop) failed at index: 2
caller: classpath:InspireTest/ngr/datasetrecords/def/checkxlinkurl.template.feature
arg: {"link":""}
checkxlinkurl.template.feature:14 - 
org.apache.http.client.ClientProtocolException
[1.149:16] check-known-dataset-record.feature:79 - feature call (loop) failed: classpath:InspireTest/ngr/datasetrecords/def/checkxlinkurl.template.feature
caller: classpath:InspireTest/ngr/datasetrecords/check-known-dataset-record.feature
items: [{link=https://www.nationaalgeoregister.nl/geonetwork/srv/dut/catalog.search#/metadata/krm-a905-9d8e-4758-83fa-28b057f185e3}, {link=http://rdfdata.eionet.europa.eu/inspirethemes/themes/24}, {link=https://ngr.geocat.live/geonetwork/srv/eng/thesaurus.download?ref=external.theme.httpinspireeceuropaeumetadatacodelistPrioritydataset-Prioritydataset}]
errors:
-------
feature call (loop) failed at index: 1
caller: classpath:InspireTest/ngr/datasetrecords/def/checkxlinkurl.template.feature
arg: {"link":"http://rdfdata.eionet.europa.eu/inspirethemes/themes/24"}
checkxlinkurl.template.feature:22 - path: $, actual: 404, expected: 200, reason: not equal (Integer)
-------
feature call (loop) failed at index: 2
caller: classpath:InspireTest/ngr/datasetrecords/def/checkxlinkurl.template.feature
arg: {"link":"https://ngr.geocat.live/geonetwork/srv/eng/thesaurus.download?ref=external.theme.httpinspireeceuropaeumetadatacodelistPrioritydataset-Prioritydataset"}
checkxlinkurl.template.feature:22 - path: $, actual: 500, expected: 200, reason: not equal (Integer)
[1.150:16] check-known-dataset-record.feature:79 - feature call (loop) failed: classpath:InspireTest/ngr/datasetrecords/def/checkxlinkurl.template.feature
caller: classpath:InspireTest/ngr/datasetrecords/check-known-dataset-record.feature
items: [{link=}]
errors:
-------
feature call (loop) failed at index: 0
caller: classpath:InspireTest/ngr/datasetrecords/def/checkxlinkurl.template.feature
arg: {"link":""}
checkxlinkurl.template.feature:14 - 
org.apache.http.client.ClientProtocolException
[1.152:16] check-known-dataset-record.feature:79 - feature call (loop) failed: classpath:InspireTest/ngr/datasetrecords/def/checkxlinkurl.template.feature
caller: classpath:InspireTest/ngr/datasetrecords/check-known-dataset-record.feature
items: [{link=}]
errors:
-------
feature call (loop) failed at index: 0
caller: classpath:InspireTest/ngr/datasetrecords/def/checkxlinkurl.template.feature
arg: {"link":""}
checkxlinkurl.template.feature:14 - 
org.apache.http.client.ClientProtocolException
[1.154:16] check-known-dataset-record.feature:79 - feature call (loop) failed: classpath:InspireTest/ngr/datasetrecords/def/checkxlinkurl.template.feature
caller: classpath:InspireTest/ngr/datasetrecords/check-known-dataset-record.feature
items: [{link=http://inspire.rdw.nl/www/download/Licentie-Geogedeeld-RDW.pdf}, {link=}]
errors:
-------
feature call (loop) failed at index: 1
caller: classpath:InspireTest/ngr/datasetrecords/def/checkxlinkurl.template.feature
arg: {"link":""}
checkxlinkurl.template.feature:14 - 
org.apache.http.client.ClientProtocolException
[1.155:16] check-known-dataset-record.feature:79 - feature call (loop) failed: classpath:InspireTest/ngr/datasetrecords/def/checkxlinkurl.template.feature
caller: classpath:InspireTest/ngr/datasetrecords/check-known-dataset-record.feature
items: [{link=https://www.nationaalgeoregister.nl/geonetwork/srv/dut/catalog.search#/metadata/wt-83730-e750-485a-9c0c-39bf9be72cf8}, {link=http://rdfdata.eionet.europa.eu/inspirethemes/themes/18}, {link=https://ngr.geocat.live/geonetwork/srv/eng/thesaurus.download?ref=external.theme.httpinspireeceuropaeumetadatacodelistPrioritydataset-Prioritydataset}]
errors:
-------
feature call (loop) failed at index: 1
caller: classpath:InspireTest/ngr/datasetrecords/def/checkxlinkurl.template.feature
arg: {"link":"http://rdfdata.eionet.europa.eu/inspirethemes/themes/18"}
checkxlinkurl.template.feature:22 - path: $, actual: 404, expected: 200, reason: not equal (Integer)
-------
feature call (loop) failed at index: 2
caller: classpath:InspireTest/ngr/datasetrecords/def/checkxlinkurl.template.feature
arg: {"link":"https://ngr.geocat.live/geonetwork/srv/eng/thesaurus.download?ref=external.theme.httpinspireeceuropaeumetadatacodelistPrioritydataset-Prioritydataset"}
checkxlinkurl.template.feature:22 - path: $, actual: 500, expected: 200, reason: not equal (Integer)
[1.156:16] check-known-dataset-record.feature:79 - feature call (loop) failed: classpath:InspireTest/ngr/datasetrecords/def/checkxlinkurl.template.feature
caller: classpath:InspireTest/ngr/datasetrecords/check-known-dataset-record.feature
items: [{link=http://www.opengis.net/def/crs/EPSG/0/https://www.opengis.net/def/crs/EPSG/0/4258}, {link=https://ngr.acceptatie.nationaalgeoregister.nl/geonetwork/srv/resourcesd7ab6903-1152-450b-b81d-042682dcfd03}]
errors:
-------
feature call (loop) failed at index: 1
caller: classpath:InspireTest/ngr/datasetrecords/def/checkxlinkurl.template.feature
arg: {"link":"https://ngr.acceptatie.nationaalgeoregister.nl/geonetwork/srv/resourcesd7ab6903-1152-450b-b81d-042682dcfd03"}
checkxlinkurl.template.feature:22 - path: $, actual: 404, expected: 200, reason: not equal (Integer)
[1.157:16] check-known-dataset-record.feature:79 - feature call (loop) failed: classpath:InspireTest/ngr/datasetrecords/def/checkxlinkurl.template.feature
caller: classpath:InspireTest/ngr/datasetrecords/check-known-dataset-record.feature
items: [{link=http://www.opengis.net/def/crs/EPSG/0/http://www.opengis.net/def/crs/EPSG/0/3034}, {link=http://nationaalgeoregister.nl/geonetwork/srv/dut/csw?SERVICE=CSW&version=2.0.2&REQUEST=GetRecordById&elementSetName=full&OutputSchema=http://www.isotc211.org/2005/gmd&ID=c829abeb-bfac-4224-8332-e7a9a89e692e}, {link=https://creativecommons.org/publicdomain/mark/*/deed.nl}, {link=}]
errors:
-------
feature call (loop) failed at index: 2
caller: classpath:InspireTest/ngr/datasetrecords/def/checkxlinkurl.template.feature
arg: {"link":"https://creativecommons.org/publicdomain/mark/*/deed.nl"}
checkxlinkurl.template.feature:22 - path: $, actual: 404, expected: 200, reason: not equal (Integer)
-------
feature call (loop) failed at index: 3
caller: classpath:InspireTest/ngr/datasetrecords/def/checkxlinkurl.template.feature
arg: {"link":""}
checkxlinkurl.template.feature:14 - 
org.apache.http.client.ClientProtocolException
[1.158:16] check-known-dataset-record.feature:79 - feature call (loop) failed: classpath:InspireTest/ngr/datasetrecords/def/checkxlinkurl.template.feature
caller: classpath:InspireTest/ngr/datasetrecords/check-known-dataset-record.feature
items: [{link=http://www.opengis.net/def/crs/EPSG/0/http://www.opengis.net/def/crs/EPSG/0/3034}, {link=http://nationaalgeoregister.nl/geonetwork/srv/dut/csw?SERVICE=CSW&version=2.0.2&REQUEST=GetRecordById&elementSetName=full&OutputSchema=http://www.isotc211.org/2005/gmd&ID=41023936-009d-48ec-a90d-c966895463c1}, {link=https://creativecommons.org/publicdomain/mark/*/deed.nl}, {link=}]
errors:
-------
feature call (loop) failed at index: 2
caller: classpath:InspireTest/ngr/datasetrecords/def/checkxlinkurl.template.feature
arg: {"link":"https://creativecommons.org/publicdomain/mark/*/deed.nl"}
checkxlinkurl.template.feature:22 - path: $, actual: 404, expected: 200, reason: not equal (Integer)
-------
feature call (loop) failed at index: 3
caller: classpath:InspireTest/ngr/datasetrecords/def/checkxlinkurl.template.feature
arg: {"link":""}
checkxlinkurl.template.feature:14 - 
org.apache.http.client.ClientProtocolException
[1.159:16] check-known-dataset-record.feature:79 - feature call (loop) failed: classpath:InspireTest/ngr/datasetrecords/def/checkxlinkurl.template.feature
caller: classpath:InspireTest/ngr/datasetrecords/check-known-dataset-record.feature
items: [{link=https://geodata.nationaalgeoregister.nl/cbsgebiedsindelingen/atom/cbsgebiedsindelingen.xml}, {link=}]
errors:
-------
feature call (loop) failed at index: 1
caller: classpath:InspireTest/ngr/datasetrecords/def/checkxlinkurl.template.feature
arg: {"link":""}
checkxlinkurl.template.feature:14 - 
org.apache.http.client.ClientProtocolException
[1.160:16] check-known-dataset-record.feature:79 - feature call (loop) failed: classpath:InspireTest/ngr/datasetrecords/def/checkxlinkurl.template.feature
caller: classpath:InspireTest/ngr/datasetrecords/check-known-dataset-record.feature
items: [{link=}]
errors:
-------
feature call (loop) failed at index: 0
caller: classpath:InspireTest/ngr/datasetrecords/def/checkxlinkurl.template.feature
arg: {"link":""}
checkxlinkurl.template.feature:14 - 
org.apache.http.client.ClientProtocolException
[1.161:16] check-known-dataset-record.feature:79 - feature call (loop) failed: classpath:InspireTest/ngr/datasetrecords/def/checkxlinkurl.template.feature
caller: classpath:InspireTest/ngr/datasetrecords/check-known-dataset-record.feature
items: [{link=https://www.nationaalgeoregister.nl/geonetwork/srv/dut/catalog.search#/metadata/wt-f5eb-b09f-4f6d-8397-8878a1b86238}, {link=http://rdfdata.eionet.europa.eu/inspirethemes/themes/18}, {link=https://ngr.geocat.live/geonetwork/srv/eng/thesaurus.download?ref=external.theme.httpinspireeceuropaeumetadatacodelistPrioritydataset-Prioritydataset}]
errors:
-------
feature call (loop) failed at index: 1
caller: classpath:InspireTest/ngr/datasetrecords/def/checkxlinkurl.template.feature
arg: {"link":"http://rdfdata.eionet.europa.eu/inspirethemes/themes/18"}
checkxlinkurl.template.feature:22 - path: $, actual: 404, expected: 200, reason: not equal (Integer)
-------
feature call (loop) failed at index: 2
caller: classpath:InspireTest/ngr/datasetrecords/def/checkxlinkurl.template.feature
arg: {"link":"https://ngr.geocat.live/geonetwork/srv/eng/thesaurus.download?ref=external.theme.httpinspireeceuropaeumetadatacodelistPrioritydataset-Prioritydataset"}
checkxlinkurl.template.feature:22 - path: $, actual: 500, expected: 200, reason: not equal (Integer)
[1.162:16] check-known-dataset-record.feature:79 - feature call (loop) failed: classpath:InspireTest/ngr/datasetrecords/def/checkxlinkurl.template.feature
caller: classpath:InspireTest/ngr/datasetrecords/check-known-dataset-record.feature
items: [{link=https://www.nationaalgeoregister.nl/geonetwork/srv/dut/catalog.search#/metadata/wt-3730-e750-485a-9c0c-39bf9be72cf9}, {link=http://rdfdata.eionet.europa.eu/inspirethemes/themes/18}, {link=https://ngr.geocat.live/geonetwork/srv/eng/thesaurus.download?ref=external.theme.httpinspireeceuropaeumetadatacodelistPrioritydataset-Prioritydataset}]
errors:
-------
feature call (loop) failed at index: 1
caller: classpath:InspireTest/ngr/datasetrecords/def/checkxlinkurl.template.feature
arg: {"link":"http://rdfdata.eionet.europa.eu/inspirethemes/themes/18"}
checkxlinkurl.template.feature:22 - path: $, actual: 404, expected: 200, reason: not equal (Integer)
-------
feature call (loop) failed at index: 2
caller: classpath:InspireTest/ngr/datasetrecords/def/checkxlinkurl.template.feature
arg: {"link":"https://ngr.geocat.live/geonetwork/srv/eng/thesaurus.download?ref=external.theme.httpinspireeceuropaeumetadatacodelistPrioritydataset-Prioritydataset"}
checkxlinkurl.template.feature:22 - path: $, actual: 500, expected: 200, reason: not equal (Integer)
[1.163:16] check-known-dataset-record.feature:79 - feature call (loop) failed: classpath:InspireTest/ngr/datasetrecords/def/checkxlinkurl.template.feature
caller: classpath:InspireTest/ngr/datasetrecords/check-known-dataset-record.feature
items: [{link=http://www.opengis.net/def/crs/EPSG/0/http://www.opengis.net/def/crs/EPSG/0/3034}, {link=http://nationaalgeoregister.nl/geonetwork/srv/dut/csw?SERVICE=CSW&version=2.0.2&REQUEST=GetRecordById&elementSetName=full&OutputSchema=http://www.isotc211.org/2005/gmd&ID=c7d8d77b-8c47-4309-8c58-9b12b086407f}, {link=https://creativecommons.org/publicdomain/mark/*/deed.nl}, {link=}]
errors:
-------
feature call (loop) failed at index: 2
caller: classpath:InspireTest/ngr/datasetrecords/def/checkxlinkurl.template.feature
arg: {"link":"https://creativecommons.org/publicdomain/mark/*/deed.nl"}
checkxlinkurl.template.feature:22 - path: $, actual: 404, expected: 200, reason: not equal (Integer)
-------
feature call (loop) failed at index: 3
caller: classpath:InspireTest/ngr/datasetrecords/def/checkxlinkurl.template.feature
arg: {"link":""}
checkxlinkurl.template.feature:14 - 
org.apache.http.client.ClientProtocolException
[1.164:16] check-known-dataset-record.feature:79 - feature call (loop) failed: classpath:InspireTest/ngr/datasetrecords/def/checkxlinkurl.template.feature
caller: classpath:InspireTest/ngr/datasetrecords/check-known-dataset-record.feature
items: [{link=https://nationaalgeoregister.nl/geonetwork/srv/resources052a3480-1031-4d29-ba55-01672e2c50d9}]
errors:
-------
feature call (loop) failed at index: 0
caller: classpath:InspireTest/ngr/datasetrecords/def/checkxlinkurl.template.feature
arg: {"link":"https://nationaalgeoregister.nl/geonetwork/srv/resources052a3480-1031-4d29-ba55-01672e2c50d9"}
checkxlinkurl.template.feature:22 - path: $, actual: 404, expected: 200, reason: not equal (Integer)
[1.165:16] check-known-dataset-record.feature:79 - feature call (loop) failed: classpath:InspireTest/ngr/datasetrecords/def/checkxlinkurl.template.feature
caller: classpath:InspireTest/ngr/datasetrecords/check-known-dataset-record.feature
items: [{link=https://www.nationaalgeoregister.nl/geonetwork/srv/dut/catalog.search#/metadata/krw2006-68b5-4ff3-94a4-9c24109ffd5e}, {link=http://rdfdata.eionet.europa.eu/inspirethemes/themes/24}, {link=https://ngr.geocat.live/geonetwork/srv/eng/thesaurus.download?ref=external.theme.httpinspireeceuropaeumetadatacodelistPrioritydataset-Prioritydataset}, {link=urn:ogc:def:crs:EPSG::5709}]
errors:
-------
feature call (loop) failed at index: 1
caller: classpath:InspireTest/ngr/datasetrecords/def/checkxlinkurl.template.feature
arg: {"link":"http://rdfdata.eionet.europa.eu/inspirethemes/themes/24"}
checkxlinkurl.template.feature:22 - path: $, actual: 404, expected: 200, reason: not equal (Integer)
-------
feature call (loop) failed at index: 2
caller: classpath:InspireTest/ngr/datasetrecords/def/checkxlinkurl.template.feature
arg: {"link":"https://ngr.geocat.live/geonetwork/srv/eng/thesaurus.download?ref=external.theme.httpinspireeceuropaeumetadatacodelistPrioritydataset-Prioritydataset"}
checkxlinkurl.template.feature:22 - path: $, actual: 500, expected: 200, reason: not equal (Integer)
-------
feature call (loop) failed at index: 3
caller: classpath:InspireTest/ngr/datasetrecords/def/checkxlinkurl.template.feature
arg: {"link":"urn:ogc:def:crs:EPSG::5709"}
checkxlinkurl.template.feature:14 - 
org.apache.http.client.ClientProtocolException: URI does not specify a valid host name: urn:ogc:def:crs:EPSG::5709
[1.166:16] check-known-dataset-record.feature:79 - feature call (loop) failed: classpath:InspireTest/ngr/datasetrecords/def/checkxlinkurl.template.feature
caller: classpath:InspireTest/ngr/datasetrecords/check-known-dataset-record.feature
items: [{link=https://www.nationaalgeoregister.nl/geonetwork/srv/dut/catalog.search#/metadata/2e31680f-68b5-4ff3-94a4-9c24109ffd5e}, {link=http://rdfdata.eionet.europa.eu/inspirethemes/themes/24}, {link=https://ngr.geocat.live/geonetwork/srv/eng/thesaurus.download?ref=external.theme.httpinspireeceuropaeumetadatacodelistPrioritydataset-Prioritydataset}, {link=urn:ogc:def:crs:EPSG::5709}]
errors:
-------
feature call (loop) failed at index: 1
caller: classpath:InspireTest/ngr/datasetrecords/def/checkxlinkurl.template.feature
arg: {"link":"http://rdfdata.eionet.europa.eu/inspirethemes/themes/24"}
checkxlinkurl.template.feature:22 - path: $, actual: 404, expected: 200, reason: not equal (Integer)
-------
feature call (loop) failed at index: 2
caller: classpath:InspireTest/ngr/datasetrecords/def/checkxlinkurl.template.feature
arg: {"link":"https://ngr.geocat.live/geonetwork/srv/eng/thesaurus.download?ref=external.theme.httpinspireeceuropaeumetadatacodelistPrioritydataset-Prioritydataset"}
checkxlinkurl.template.feature:22 - path: $, actual: 500, expected: 200, reason: not equal (Integer)
-------
feature call (loop) failed at index: 3
caller: classpath:InspireTest/ngr/datasetrecords/def/checkxlinkurl.template.feature
arg: {"link":"urn:ogc:def:crs:EPSG::5709"}
checkxlinkurl.template.feature:14 - 
org.apache.http.client.ClientProtocolException: URI does not specify a valid host name: urn:ogc:def:crs:EPSG::5709
[1.167:16] check-known-dataset-record.feature:79 - feature call (loop) failed: classpath:InspireTest/ngr/datasetrecords/def/checkxlinkurl.template.feature
caller: classpath:InspireTest/ngr/datasetrecords/check-known-dataset-record.feature
items: [{link=https://www.nationaalgeoregister.nl/geonetwork/srv/dut/catalog.search#/metadata/710c381c-ab2d-45d5-a45d-af2eba811e5f}, {link=http://rdfdata.eionet.europa.eu/inspirethemes/themes/8}, {link=urn:ogc:def:crs:EPSG::5709}]
errors:
-------
feature call (loop) failed at index: 1
caller: classpath:InspireTest/ngr/datasetrecords/def/checkxlinkurl.template.feature
arg: {"link":"http://rdfdata.eionet.europa.eu/inspirethemes/themes/8"}
checkxlinkurl.template.feature:22 - path: $, actual: 404, expected: 200, reason: not equal (Integer)
-------
feature call (loop) failed at index: 2
caller: classpath:InspireTest/ngr/datasetrecords/def/checkxlinkurl.template.feature
arg: {"link":"urn:ogc:def:crs:EPSG::5709"}
checkxlinkurl.template.feature:14 - 
org.apache.http.client.ClientProtocolException: URI does not specify a valid host name: urn:ogc:def:crs:EPSG::5709
[1.168:16] check-known-dataset-record.feature:79 - feature call (loop) failed: classpath:InspireTest/ngr/datasetrecords/def/checkxlinkurl.template.feature
caller: classpath:InspireTest/ngr/datasetrecords/check-known-dataset-record.feature
items: [{link=https://www.nationaalgeoregister.nl/geonetwork/srv/dut/catalog.search#/metadata/622a632a-c57b-44a2-83a4-e51223d5f15g}, {link=http://rdfdata.eionet.europa.eu/inspirethemes/themes/24}, {link=https://ngr.geocat.live/geonetwork/srv/eng/thesaurus.download?ref=external.theme.httpinspireeceuropaeumetadatacodelistPrioritydataset-Prioritydataset}, {link=urn:ogc:def:crs:EPSG::5709}]
errors:
-------
feature call (loop) failed at index: 1
caller: classpath:InspireTest/ngr/datasetrecords/def/checkxlinkurl.template.feature
arg: {"link":"http://rdfdata.eionet.europa.eu/inspirethemes/themes/24"}
checkxlinkurl.template.feature:22 - path: $, actual: 404, expected: 200, reason: not equal (Integer)
-------
feature call (loop) failed at index: 2
caller: classpath:InspireTest/ngr/datasetrecords/def/checkxlinkurl.template.feature
arg: {"link":"https://ngr.geocat.live/geonetwork/srv/eng/thesaurus.download?ref=external.theme.httpinspireeceuropaeumetadatacodelistPrioritydataset-Prioritydataset"}
checkxlinkurl.template.feature:22 - path: $, actual: 500, expected: 200, reason: not equal (Integer)
-------
feature call (loop) failed at index: 3
caller: classpath:InspireTest/ngr/datasetrecords/def/checkxlinkurl.template.feature
arg: {"link":"urn:ogc:def:crs:EPSG::5709"}
checkxlinkurl.template.feature:14 - 
org.apache.http.client.ClientProtocolException: URI does not specify a valid host name: urn:ogc:def:crs:EPSG::5709
[1.169:16] check-known-dataset-record.feature:79 - feature call (loop) failed: classpath:InspireTest/ngr/datasetrecords/def/checkxlinkurl.template.feature
caller: classpath:InspireTest/ngr/datasetrecords/check-known-dataset-record.feature
items: [{link=http://www.opengis.net/def/crs/EPSG/0/http://www.opengis.net/def/crs/EPSG/0/3034}, {link=http://nationaalgeoregister.nl/geonetwork/srv/dut/csw?SERVICE=CSW&version=2.0.2&REQUEST=GetRecordById&elementSetName=full&OutputSchema=http://www.isotc211.org/2005/gmd&ID=f002bfc5-7d87-46b6-819e-8415422b65c9}, {link=https://creativecommons.org/publicdomain/mark/*/deed.nl}, {link=}]
errors:
-------
feature call (loop) failed at index: 2
caller: classpath:InspireTest/ngr/datasetrecords/def/checkxlinkurl.template.feature
arg: {"link":"https://creativecommons.org/publicdomain/mark/*/deed.nl"}
checkxlinkurl.template.feature:22 - path: $, actual: 404, expected: 200, reason: not equal (Integer)
-------
feature call (loop) failed at index: 3
caller: classpath:InspireTest/ngr/datasetrecords/def/checkxlinkurl.template.feature
arg: {"link":""}
checkxlinkurl.template.feature:14 - 
org.apache.http.client.ClientProtocolException
[1.170:16] check-known-dataset-record.feature:79 - feature call (loop) failed: classpath:InspireTest/ngr/datasetrecords/def/checkxlinkurl.template.feature
caller: classpath:InspireTest/ngr/datasetrecords/check-known-dataset-record.feature
items: [{link=https://www.nationaalgeoregister.nl/geonetwork/srv/dut/catalog.search#/metadata/110f9ec6-4464-462e-9765-83d90cefbead}, {link=http://rdfdata.eionet.europa.eu/inspirethemes/themes/24}, {link=https://ngr.geocat.live/geonetwork/srv/eng/thesaurus.download?ref=external.theme.httpinspireeceuropaeumetadatacodelistPrioritydataset-Prioritydataset}]
errors:
-------
feature call (loop) failed at index: 1
caller: classpath:InspireTest/ngr/datasetrecords/def/checkxlinkurl.template.feature
arg: {"link":"http://rdfdata.eionet.europa.eu/inspirethemes/themes/24"}
checkxlinkurl.template.feature:22 - path: $, actual: 404, expected: 200, reason: not equal (Integer)
-------
feature call (loop) failed at index: 2
caller: classpath:InspireTest/ngr/datasetrecords/def/checkxlinkurl.template.feature
arg: {"link":"https://ngr.geocat.live/geonetwork/srv/eng/thesaurus.download?ref=external.theme.httpinspireeceuropaeumetadatacodelistPrioritydataset-Prioritydataset"}
checkxlinkurl.template.feature:22 - path: $, actual: 500, expected: 200, reason: not equal (Integer)
[1.171:16] check-known-dataset-record.feature:79 - feature call (loop) failed: classpath:InspireTest/ngr/datasetrecords/def/checkxlinkurl.template.feature
caller: classpath:InspireTest/ngr/datasetrecords/check-known-dataset-record.feature
items: [{link=https://www.nationaalgeoregister.nl/geonetwork/srv/dut/catalog.search#/metadata/110f9ec6-4464-462e-9765-83d90cefbeag}, {link=http://rdfdata.eionet.europa.eu/inspirethemes/themes/24}, {link=https://ngr.geocat.live/geonetwork/srv/eng/thesaurus.download?ref=external.theme.httpinspireeceuropaeumetadatacodelistPrioritydataset-Prioritydataset}, {link=urn:ogc:def:crs:EPSG::5709}]
errors:
-------
feature call (loop) failed at index: 1
caller: classpath:InspireTest/ngr/datasetrecords/def/checkxlinkurl.template.feature
arg: {"link":"http://rdfdata.eionet.europa.eu/inspirethemes/themes/24"}
checkxlinkurl.template.feature:22 - path: $, actual: 404, expected: 200, reason: not equal (Integer)
-------
feature call (loop) failed at index: 2
caller: classpath:InspireTest/ngr/datasetrecords/def/checkxlinkurl.template.feature
arg: {"link":"https://ngr.geocat.live/geonetwork/srv/eng/thesaurus.download?ref=external.theme.httpinspireeceuropaeumetadatacodelistPrioritydataset-Prioritydataset"}
checkxlinkurl.template.feature:22 - path: $, actual: 500, expected: 200, reason: not equal (Integer)
-------
feature call (loop) failed at index: 3
caller: classpath:InspireTest/ngr/datasetrecords/def/checkxlinkurl.template.feature
arg: {"link":"urn:ogc:def:crs:EPSG::5709"}
checkxlinkurl.template.feature:14 - 
org.apache.http.client.ClientProtocolException: URI does not specify a valid host name: urn:ogc:def:crs:EPSG::5709
[1.172:16] check-known-dataset-record.feature:79 - feature call (loop) failed: classpath:InspireTest/ngr/datasetrecords/def/checkxlinkurl.template.feature
caller: classpath:InspireTest/ngr/datasetrecords/check-known-dataset-record.feature
items: [{link=http://kadaster/e2318c58-b1e6-4621-9c77-33b8a1fd0124}]
errors:
-------
feature call (loop) failed at index: 0
caller: classpath:InspireTest/ngr/datasetrecords/def/checkxlinkurl.template.feature
arg: {"link":"http://kadaster/e2318c58-b1e6-4621-9c77-33b8a1fd0124"}
checkxlinkurl.template.feature:14 - 
java.net.UnknownHostException: kadaster: Temporary failure in name resolution
[1.173:16] check-known-dataset-record.feature:79 - feature call (loop) failed: classpath:InspireTest/ngr/datasetrecords/def/checkxlinkurl.template.feature
caller: classpath:InspireTest/ngr/datasetrecords/check-known-dataset-record.feature
items: [{link=https://www.nationaalgeoregister.nl/geonetwork/srv/dut/catalog.search#/metadata/krw2006-c57b-44a2-83a4-e51223d5f15g}, {link=http://rdfdata.eionet.europa.eu/inspirethemes/themes/24}, {link=https://ngr.geocat.live/geonetwork/srv/eng/thesaurus.download?ref=external.theme.httpinspireeceuropaeumetadatacodelistPrioritydataset-Prioritydataset}, {link=urn:ogc:def:crs:EPSG::5709}]
errors:
-------
feature call (loop) failed at index: 1
caller: classpath:InspireTest/ngr/datasetrecords/def/checkxlinkurl.template.feature
arg: {"link":"http://rdfdata.eionet.europa.eu/inspirethemes/themes/24"}
checkxlinkurl.template.feature:22 - path: $, actual: 404, expected: 200, reason: not equal (Integer)
-------
feature call (loop) failed at index: 2
caller: classpath:InspireTest/ngr/datasetrecords/def/checkxlinkurl.template.feature
arg: {"link":"https://ngr.geocat.live/geonetwork/srv/eng/thesaurus.download?ref=external.theme.httpinspireeceuropaeumetadatacodelistPrioritydataset-Prioritydataset"}
checkxlinkurl.template.feature:22 - path: $, actual: 500, expected: 200, reason: not equal (Integer)
-------
feature call (loop) failed at index: 3
caller: classpath:InspireTest/ngr/datasetrecords/def/checkxlinkurl.template.feature
arg: {"link":"urn:ogc:def:crs:EPSG::5709"}
checkxlinkurl.template.feature:14 - 
org.apache.http.client.ClientProtocolException: URI does not specify a valid host name: urn:ogc:def:crs:EPSG::5709
[1.174:16] check-known-dataset-record.feature:79 - feature call (loop) failed: classpath:InspireTest/ngr/datasetrecords/def/checkxlinkurl.template.feature
caller: classpath:InspireTest/ngr/datasetrecords/check-known-dataset-record.feature
items: [{link=https://www.nationaalgeoregister.nl/geonetwork/srv/dut/catalog.search#/metadata/110f9ec6-4464-462e-9765-83d90cefbeac}, {link=http://rdfdata.eionet.europa.eu/inspirethemes/themes/24}, {link=https://ngr.geocat.live/geonetwork/srv/eng/thesaurus.download?ref=external.theme.httpinspireeceuropaeumetadatacodelistPrioritydataset-Prioritydataset}]
errors:
-------
feature call (loop) failed at index: 1
caller: classpath:InspireTest/ngr/datasetrecords/def/checkxlinkurl.template.feature
arg: {"link":"http://rdfdata.eionet.europa.eu/inspirethemes/themes/24"}
checkxlinkurl.template.feature:22 - path: $, actual: 404, expected: 200, reason: not equal (Integer)
-------
feature call (loop) failed at index: 2
caller: classpath:InspireTest/ngr/datasetrecords/def/checkxlinkurl.template.feature
arg: {"link":"https://ngr.geocat.live/geonetwork/srv/eng/thesaurus.download?ref=external.theme.httpinspireeceuropaeumetadatacodelistPrioritydataset-Prioritydataset"}
checkxlinkurl.template.feature:22 - path: $, actual: 500, expected: 200, reason: not equal (Integer)
[1.175:16] check-known-dataset-record.feature:79 - feature call (loop) failed: classpath:InspireTest/ngr/datasetrecords/def/checkxlinkurl.template.feature
caller: classpath:InspireTest/ngr/datasetrecords/check-known-dataset-record.feature
items: [{link=https://www.nationaalgeoregister.nl/geonetwork/srv/dut/catalog.search#/metadata/krw-782cab20-8328-45f1-a9b2-c27d07c14066}, {link=http://rdfdata.eionet.europa.eu/inspirethemes/themes/24}, {link=https://ngr.geocat.live/geonetwork/srv/eng/thesaurus.download?ref=external.theme.httpinspireeceuropaeumetadatacodelistPrioritydataset-Prioritydataset}, {link=urn:ogc:def:crs:EPSG::5709}]
errors:
-------
feature call (loop) failed at index: 1
caller: classpath:InspireTest/ngr/datasetrecords/def/checkxlinkurl.template.feature
arg: {"link":"http://rdfdata.eionet.europa.eu/inspirethemes/themes/24"}
checkxlinkurl.template.feature:22 - path: $, actual: 404, expected: 200, reason: not equal (Integer)
-------
feature call (loop) failed at index: 2
caller: classpath:InspireTest/ngr/datasetrecords/def/checkxlinkurl.template.feature
arg: {"link":"https://ngr.geocat.live/geonetwork/srv/eng/thesaurus.download?ref=external.theme.httpinspireeceuropaeumetadatacodelistPrioritydataset-Prioritydataset"}
checkxlinkurl.template.feature:22 - path: $, actual: 500, expected: 200, reason: not equal (Integer)
-------
feature call (loop) failed at index: 3
caller: classpath:InspireTest/ngr/datasetrecords/def/checkxlinkurl.template.feature
arg: {"link":"urn:ogc:def:crs:EPSG::5709"}
checkxlinkurl.template.feature:14 - 
org.apache.http.client.ClientProtocolException: URI does not specify a valid host name: urn:ogc:def:crs:EPSG::5709
[1.176:16] check-known-dataset-record.feature:79 - feature call (loop) failed: classpath:InspireTest/ngr/datasetrecords/def/checkxlinkurl.template.feature
caller: classpath:InspireTest/ngr/datasetrecords/check-known-dataset-record.feature
items: [{link=https://www.nationaalgeoregister.nl/geonetwork/srv/dut/catalog.search#/metadata/krm-a905-9d8e-4758-83fa-28b057f185e4}, {link=http://rdfdata.eionet.europa.eu/inspirethemes/themes/24}, {link=https://ngr.geocat.live/geonetwork/srv/eng/thesaurus.download?ref=external.theme.httpinspireeceuropaeumetadatacodelistPrioritydataset-Prioritydataset}]
errors:
-------
feature call (loop) failed at index: 1
caller: classpath:InspireTest/ngr/datasetrecords/def/checkxlinkurl.template.feature
arg: {"link":"http://rdfdata.eionet.europa.eu/inspirethemes/themes/24"}
checkxlinkurl.template.feature:22 - path: $, actual: 404, expected: 200, reason: not equal (Integer)
-------
feature call (loop) failed at index: 2
caller: classpath:InspireTest/ngr/datasetrecords/def/checkxlinkurl.template.feature
arg: {"link":"https://ngr.geocat.live/geonetwork/srv/eng/thesaurus.download?ref=external.theme.httpinspireeceuropaeumetadatacodelistPrioritydataset-Prioritydataset"}
checkxlinkurl.template.feature:22 - path: $, actual: 500, expected: 200, reason: not equal (Integer)
[1.177:16] check-known-dataset-record.feature:79 - feature call (loop) failed: classpath:InspireTest/ngr/datasetrecords/def/checkxlinkurl.template.feature
caller: classpath:InspireTest/ngr/datasetrecords/check-known-dataset-record.feature
items: [{link=https://www.nationaalgeoregister.nl/geonetwork/srv/dut/catalog.search#/metadata/891ddc2d-8949-4a45-be96-c65b87c41f13}, {link=http://rdfdata.eionet.europa.eu/inspirethemes/themes/20}, {link=https://ngr.geocat.live/geonetwork/srv/eng/thesaurus.download?ref=external.theme.httpinspireeceuropaeumetadatacodelistPrioritydataset-Prioritydataset}]
errors:
-------
feature call (loop) failed at index: 1
caller: classpath:InspireTest/ngr/datasetrecords/def/checkxlinkurl.template.feature
arg: {"link":"http://rdfdata.eionet.europa.eu/inspirethemes/themes/20"}
checkxlinkurl.template.feature:22 - path: $, actual: 404, expected: 200, reason: not equal (Integer)
-------
feature call (loop) failed at index: 2
caller: classpath:InspireTest/ngr/datasetrecords/def/checkxlinkurl.template.feature
arg: {"link":"https://ngr.geocat.live/geonetwork/srv/eng/thesaurus.download?ref=external.theme.httpinspireeceuropaeumetadatacodelistPrioritydataset-Prioritydataset"}
checkxlinkurl.template.feature:22 - path: $, actual: 500, expected: 200, reason: not equal (Integer)
[1.178:16] check-known-dataset-record.feature:79 - feature call (loop) failed: classpath:InspireTest/ngr/datasetrecords/def/checkxlinkurl.template.feature
caller: classpath:InspireTest/ngr/datasetrecords/check-known-dataset-record.feature
items: [{link=http://kadaster/e2318c58-b1e6-4621-9c77-33b8a1fd0e76}]
errors:
-------
feature call (loop) failed at index: 0
caller: classpath:InspireTest/ngr/datasetrecords/def/checkxlinkurl.template.feature
arg: {"link":"http://kadaster/e2318c58-b1e6-4621-9c77-33b8a1fd0e76"}
checkxlinkurl.template.feature:14 - 
java.net.UnknownHostException: kadaster
[1.179:16] check-known-dataset-record.feature:79 - feature call (loop) failed: classpath:InspireTest/ngr/datasetrecords/def/checkxlinkurl.template.feature
caller: classpath:InspireTest/ngr/datasetrecords/check-known-dataset-record.feature
items: [{link=http://services.rce.geovoorziening.nl/www/download/nl.xml}, {link=}, {link=}]
errors:
-------
feature call (loop) failed at index: 1
caller: classpath:InspireTest/ngr/datasetrecords/def/checkxlinkurl.template.feature
arg: {"link":""}
checkxlinkurl.template.feature:14 - 
org.apache.http.client.ClientProtocolException
-------
feature call (loop) failed at index: 2
caller: classpath:InspireTest/ngr/datasetrecords/def/checkxlinkurl.template.feature
arg: {"link":""}
checkxlinkurl.template.feature:14 - 
org.apache.http.client.ClientProtocolException
[1.180:16] check-known-dataset-record.feature:79 - feature call (loop) failed: classpath:InspireTest/ngr/datasetrecords/def/checkxlinkurl.template.feature
caller: classpath:InspireTest/ngr/datasetrecords/check-known-dataset-record.feature
items: [{link=https://www.nationaalgeoregister.nl/geonetwork/srv/dut/catalog.search#/metadata/ror-9d8e-4758-83fx-28b057f185e1}, {link=http://rdfdata.eionet.europa.eu/inspirethemes/themes/25}, {link=https://ngr.geocat.live/geonetwork/srv/eng/thesaurus.download?ref=external.theme.httpinspireeceuropaeumetadatacodelistPrioritydataset-Prioritydataset}, {link=urn:ogc:def:crs:EPSG::5709}]
errors:
-------
feature call (loop) failed at index: 1
caller: classpath:InspireTest/ngr/datasetrecords/def/checkxlinkurl.template.feature
arg: {"link":"http://rdfdata.eionet.europa.eu/inspirethemes/themes/25"}
checkxlinkurl.template.feature:22 - path: $, actual: 404, expected: 200, reason: not equal (Integer)
-------
feature call (loop) failed at index: 2
caller: classpath:InspireTest/ngr/datasetrecords/def/checkxlinkurl.template.feature
arg: {"link":"https://ngr.geocat.live/geonetwork/srv/eng/thesaurus.download?ref=external.theme.httpinspireeceuropaeumetadatacodelistPrioritydataset-Prioritydataset"}
checkxlinkurl.template.feature:22 - path: $, actual: 500, expected: 200, reason: not equal (Integer)
-------
feature call (loop) failed at index: 3
caller: classpath:InspireTest/ngr/datasetrecords/def/checkxlinkurl.template.feature
arg: {"link":"urn:ogc:def:crs:EPSG::5709"}
checkxlinkurl.template.feature:14 - 
org.apache.http.client.ClientProtocolException: URI does not specify a valid host name: urn:ogc:def:crs:EPSG::5709
[1.181:16] check-known-dataset-record.feature:79 - feature call (loop) failed: classpath:InspireTest/ngr/datasetrecords/def/checkxlinkurl.template.feature
caller: classpath:InspireTest/ngr/datasetrecords/check-known-dataset-record.feature
items: [{link=https://www.nationaalgeoregister.nl/geonetwork/srv/dut/catalog.search#/metadata/ror-9d8e-4758-83fx-28b057f185g1}, {link=http://rdfdata.eionet.europa.eu/inspirethemes/themes/25}, {link=https://ngr.geocat.live/geonetwork/srv/eng/thesaurus.download?ref=external.theme.httpinspireeceuropaeumetadatacodelistPrioritydataset-Prioritydataset}, {link=urn:ogc:def:crs:EPSG::5709}]
errors:
-------
feature call (loop) failed at index: 1
caller: classpath:InspireTest/ngr/datasetrecords/def/checkxlinkurl.template.feature
arg: {"link":"http://rdfdata.eionet.europa.eu/inspirethemes/themes/25"}
checkxlinkurl.template.feature:22 - path: $, actual: 404, expected: 200, reason: not equal (Integer)
-------
feature call (loop) failed at index: 2
caller: classpath:InspireTest/ngr/datasetrecords/def/checkxlinkurl.template.feature
arg: {"link":"https://ngr.geocat.live/geonetwork/srv/eng/thesaurus.download?ref=external.theme.httpinspireeceuropaeumetadatacodelistPrioritydataset-Prioritydataset"}
checkxlinkurl.template.feature:22 - path: $, actual: 500, expected: 200, reason: not equal (Integer)
-------
feature call (loop) failed at index: 3
caller: classpath:InspireTest/ngr/datasetrecords/def/checkxlinkurl.template.feature
arg: {"link":"urn:ogc:def:crs:EPSG::5709"}
checkxlinkurl.template.feature:14 - 
org.apache.http.client.ClientProtocolException: URI does not specify a valid host name: urn:ogc:def:crs:EPSG::5709
[1.182:16] check-known-dataset-record.feature:79 - feature call (loop) failed: classpath:InspireTest/ngr/datasetrecords/def/checkxlinkurl.template.feature
caller: classpath:InspireTest/ngr/datasetrecords/check-known-dataset-record.feature
items: [{link=https://www.nationaalgeoregister.nl/geonetwork/srv/dut/catalog.search#/metadata/a9b7026e-0a81-4813-93bd-ba49e6f28502}, {link=http://rdfdata.eionet.europa.eu/inspirethemes/themes/7}, {link=http://rdfdata.eionet.europa.eu/inspirethemes/themes/18}, {link=https://ngr.geocat.live/geonetwork/srv/eng/thesaurus.download?ref=external.theme.httpinspireeceuropaeumetadatacodelistPrioritydataset-Prioritydataset}, {link=urn:ogc:def:crs:EPSG::5709}]
errors:
-------
feature call (loop) failed at index: 1
caller: classpath:InspireTest/ngr/datasetrecords/def/checkxlinkurl.template.feature
arg: {"link":"http://rdfdata.eionet.europa.eu/inspirethemes/themes/7"}
checkxlinkurl.template.feature:22 - path: $, actual: 404, expected: 200, reason: not equal (Integer)
-------
feature call (loop) failed at index: 2
caller: classpath:InspireTest/ngr/datasetrecords/def/checkxlinkurl.template.feature
arg: {"link":"http://rdfdata.eionet.europa.eu/inspirethemes/themes/18"}
checkxlinkurl.template.feature:22 - path: $, actual: 404, expected: 200, reason: not equal (Integer)
-------
feature call (loop) failed at index: 3
caller: classpath:InspireTest/ngr/datasetrecords/def/checkxlinkurl.template.feature
arg: {"link":"https://ngr.geocat.live/geonetwork/srv/eng/thesaurus.download?ref=external.theme.httpinspireeceuropaeumetadatacodelistPrioritydataset-Prioritydataset"}
checkxlinkurl.template.feature:22 - path: $, actual: 500, expected: 200, reason: not equal (Integer)
-------
feature call (loop) failed at index: 4
caller: classpath:InspireTest/ngr/datasetrecords/def/checkxlinkurl.template.feature
arg: {"link":"urn:ogc:def:crs:EPSG::5709"}
checkxlinkurl.template.feature:14 - 
org.apache.http.client.ClientProtocolException: URI does not specify a valid host name: urn:ogc:def:crs:EPSG::5709
[1.185:16] check-known-dataset-record.feature:79 - feature call (loop) failed: classpath:InspireTest/ngr/datasetrecords/def/checkxlinkurl.template.feature
caller: classpath:InspireTest/ngr/datasetrecords/check-known-dataset-record.feature
items: [{link=https://www.nationaalgeoregister.nl/geonetwork/srv/dut/catalog.search#/metadata/ror-9d8e-4758-83fx-28b057f185f1}, {link=http://rdfdata.eionet.europa.eu/inspirethemes/themes/25}, {link=https://ngr.geocat.live/geonetwork/srv/eng/thesaurus.download?ref=external.theme.httpinspireeceuropaeumetadatacodelistPrioritydataset-Prioritydataset}, {link=urn:ogc:def:crs:EPSG::5709}]
errors:
-------
feature call (loop) failed at index: 1
caller: classpath:InspireTest/ngr/datasetrecords/def/checkxlinkurl.template.feature
arg: {"link":"http://rdfdata.eionet.europa.eu/inspirethemes/themes/25"}
checkxlinkurl.template.feature:22 - path: $, actual: 404, expected: 200, reason: not equal (Integer)
-------
feature call (loop) failed at index: 2
caller: classpath:InspireTest/ngr/datasetrecords/def/checkxlinkurl.template.feature
arg: {"link":"https://ngr.geocat.live/geonetwork/srv/eng/thesaurus.download?ref=external.theme.httpinspireeceuropaeumetadatacodelistPrioritydataset-Prioritydataset"}
checkxlinkurl.template.feature:22 - path: $, actual: 500, expected: 200, reason: not equal (Integer)
-------
feature call (loop) failed at index: 3
caller: classpath:InspireTest/ngr/datasetrecords/def/checkxlinkurl.template.feature
arg: {"link":"urn:ogc:def:crs:EPSG::5709"}
checkxlinkurl.template.feature:14 - 
org.apache.http.client.ClientProtocolException: URI does not specify a valid host name: urn:ogc:def:crs:EPSG::5709
[1.186:16] check-known-dataset-record.feature:79 - feature call (loop) failed: classpath:InspireTest/ngr/datasetrecords/def/checkxlinkurl.template.feature
caller: classpath:InspireTest/ngr/datasetrecords/check-known-dataset-record.feature
items: [{link=https://www.nationaalgeoregister.nl/geonetwork/srv/dut/catalog.search#/metadata/uwwtd-9d8e-4758-83fa-28b057f185e2}, {link=http://rdfdata.eionet.europa.eu/inspirethemes/themes/24}, {link=https://ngr.geocat.live/geonetwork/srv/eng/thesaurus.download?ref=external.theme.httpinspireeceuropaeumetadatacodelistPrioritydataset-Prioritydataset}, {link=urn:ogc:def:crs:EPSG::5709}]
errors:
-------
feature call (loop) failed at index: 1
caller: classpath:InspireTest/ngr/datasetrecords/def/checkxlinkurl.template.feature
arg: {"link":"http://rdfdata.eionet.europa.eu/inspirethemes/themes/24"}
checkxlinkurl.template.feature:22 - path: $, actual: 404, expected: 200, reason: not equal (Integer)
-------
feature call (loop) failed at index: 2
caller: classpath:InspireTest/ngr/datasetrecords/def/checkxlinkurl.template.feature
arg: {"link":"https://ngr.geocat.live/geonetwork/srv/eng/thesaurus.download?ref=external.theme.httpinspireeceuropaeumetadatacodelistPrioritydataset-Prioritydataset"}
checkxlinkurl.template.feature:22 - path: $, actual: 500, expected: 200, reason: not equal (Integer)
-------
feature call (loop) failed at index: 3
caller: classpath:InspireTest/ngr/datasetrecords/def/checkxlinkurl.template.feature
arg: {"link":"urn:ogc:def:crs:EPSG::5709"}
checkxlinkurl.template.feature:14 - 
org.apache.http.client.ClientProtocolException: URI does not specify a valid host name: urn:ogc:def:crs:EPSG::5709
[1.187:16] check-known-dataset-record.feature:79 - feature call (loop) failed: classpath:InspireTest/ngr/datasetrecords/def/checkxlinkurl.template.feature
caller: classpath:InspireTest/ngr/datasetrecords/check-known-dataset-record.feature
items: [{link=https://www.nationaalgeoregister.nl/geonetwork/srv/dut/catalog.search#/metadata/uwwtd-9d8e-4758-83fa-28b057f185e1}, {link=http://rdfdata.eionet.europa.eu/inspirethemes/themes/24}, {link=https://ngr.geocat.live/geonetwork/srv/eng/thesaurus.download?ref=external.theme.httpinspireeceuropaeumetadatacodelistPrioritydataset-Prioritydataset}, {link=urn:ogc:def:crs:EPSG::5709}]
errors:
-------
feature call (loop) failed at index: 1
caller: classpath:InspireTest/ngr/datasetrecords/def/checkxlinkurl.template.feature
arg: {"link":"http://rdfdata.eionet.europa.eu/inspirethemes/themes/24"}
checkxlinkurl.template.feature:22 - path: $, actual: 404, expected: 200, reason: not equal (Integer)
-------
feature call (loop) failed at index: 2
caller: classpath:InspireTest/ngr/datasetrecords/def/checkxlinkurl.template.feature
arg: {"link":"https://ngr.geocat.live/geonetwork/srv/eng/thesaurus.download?ref=external.theme.httpinspireeceuropaeumetadatacodelistPrioritydataset-Prioritydataset"}
checkxlinkurl.template.feature:22 - path: $, actual: 500, expected: 200, reason: not equal (Integer)
-------
feature call (loop) failed at index: 3
caller: classpath:InspireTest/ngr/datasetrecords/def/checkxlinkurl.template.feature
arg: {"link":"urn:ogc:def:crs:EPSG::5709"}
checkxlinkurl.template.feature:14 - 
org.apache.http.client.ClientProtocolException: URI does not specify a valid host name: urn:ogc:def:crs:EPSG::5709
[1.188:16] check-known-dataset-record.feature:79 - feature call (loop) failed: classpath:InspireTest/ngr/datasetrecords/def/checkxlinkurl.template.feature
caller: classpath:InspireTest/ngr/datasetrecords/check-known-dataset-record.feature
items: [{link=http://kadaster/06b6c650-cdb1-11dd-ad8b-0800200c9a78}]
errors:
-------
feature call (loop) failed at index: 0
caller: classpath:InspireTest/ngr/datasetrecords/def/checkxlinkurl.template.feature
arg: {"link":"http://kadaster/06b6c650-cdb1-11dd-ad8b-0800200c9a78"}
checkxlinkurl.template.feature:14 - 
java.net.UnknownHostException: kadaster
[1.189:16] check-known-dataset-record.feature:79 - feature call (loop) failed: classpath:InspireTest/ngr/datasetrecords/def/checkxlinkurl.template.feature
caller: classpath:InspireTest/ngr/datasetrecords/check-known-dataset-record.feature
items: [{link=http://kadaster/06b6c650-cdb1-11dd-ad8b-0800200c9a77}]
errors:
-------
feature call (loop) failed at index: 0
caller: classpath:InspireTest/ngr/datasetrecords/def/checkxlinkurl.template.feature
arg: {"link":"http://kadaster/06b6c650-cdb1-11dd-ad8b-0800200c9a77"}
checkxlinkurl.template.feature:14 - 
java.net.UnknownHostException: kadaster
[1.190:16] check-known-dataset-record.feature:79 - feature call (loop) failed: classpath:InspireTest/ngr/datasetrecords/def/checkxlinkurl.template.feature
caller: classpath:InspireTest/ngr/datasetrecords/check-known-dataset-record.feature
items: [{link=https://data.rivm.nl/inspire/id#c6d62f69-7be0-4c19-a4af-d146c6a3c166}]
errors:
-------
feature call (loop) failed at index: 0
caller: classpath:InspireTest/ngr/datasetrecords/def/checkxlinkurl.template.feature
arg: {"link":"https://data.rivm.nl/inspire/id#c6d62f69-7be0-4c19-a4af-d146c6a3c166"}
checkxlinkurl.template.feature:14 - 
javax.net.ssl.SSLException: Connection reset
[1.191:16] check-known-dataset-record.feature:79 - feature call (loop) failed: classpath:InspireTest/ngr/datasetrecords/def/checkxlinkurl.template.feature
caller: classpath:InspireTest/ngr/datasetrecords/check-known-dataset-record.feature
items: [{link=https://www.nationaalgeoregister.nl/geonetwork/srv/api/records83dab947-387b-49df-8ad2-32bb10d46d38}]
errors:
-------
feature call (loop) failed at index: 0
caller: classpath:InspireTest/ngr/datasetrecords/def/checkxlinkurl.template.feature
arg: {"link":"https://www.nationaalgeoregister.nl/geonetwork/srv/api/records83dab947-387b-49df-8ad2-32bb10d46d38"}
checkxlinkurl.template.feature:22 - path: $, actual: 500, expected: 200, reason: not equal (Integer)
[1.192:16] check-known-dataset-record.feature:79 - feature call (loop) failed: classpath:InspireTest/ngr/datasetrecords/def/checkxlinkurl.template.feature
caller: classpath:InspireTest/ngr/datasetrecords/check-known-dataset-record.feature
items: [{link=https://data.rivm.nl/inspire/id#4504a4b2-3179-44b3-a5a9-b67b693c514d}]
errors:
-------
feature call (loop) failed at index: 0
caller: classpath:InspireTest/ngr/datasetrecords/def/checkxlinkurl.template.feature
arg: {"link":"https://data.rivm.nl/inspire/id#4504a4b2-3179-44b3-a5a9-b67b693c514d"}
checkxlinkurl.template.feature:14 - 
javax.net.ssl.SSLException: Connection reset
[1.193:16] check-known-dataset-record.feature:79 - feature call (loop) failed: classpath:InspireTest/ngr/datasetrecords/def/checkxlinkurl.template.feature
caller: classpath:InspireTest/ngr/datasetrecords/check-known-dataset-record.feature
items: [{link=http://kadaster/2482250f-3b00-4439-9f93-f3118229b014}, {link=}, {link=}, {link=}]
errors:
-------
feature call (loop) failed at index: 0
caller: classpath:InspireTest/ngr/datasetrecords/def/checkxlinkurl.template.feature
arg: {"link":"http://kadaster/2482250f-3b00-4439-9f93-f3118229b014"}
checkxlinkurl.template.feature:14 - 
java.net.UnknownHostException: kadaster
-------
feature call (loop) failed at index: 1
caller: classpath:InspireTest/ngr/datasetrecords/def/checkxlinkurl.template.feature
arg: {"link":""}
checkxlinkurl.template.feature:14 - 
org.apache.http.client.ClientProtocolException
-------
feature call (loop) failed at index: 2
caller: classpath:InspireTest/ngr/datasetrecords/def/checkxlinkurl.template.feature
arg: {"link":""}
checkxlinkurl.template.feature:14 - 
org.apache.http.client.ClientProtocolException
-------
feature call (loop) failed at index: 3
caller: classpath:InspireTest/ngr/datasetrecords/def/checkxlinkurl.template.feature
arg: {"link":""}
checkxlinkurl.template.feature:14 - 
org.apache.http.client.ClientProtocolException
[1.194:16] check-known-dataset-record.feature:79 - feature call (loop) failed: classpath:InspireTest/ngr/datasetrecords/def/checkxlinkurl.template.feature
caller: classpath:InspireTest/ngr/datasetrecords/check-known-dataset-record.feature
items: [{link=http://kadaster/06b6c650-cdb1-11dd-ad8b-0800200c9a75}]
errors:
-------
feature call (loop) failed at index: 0
caller: classpath:InspireTest/ngr/datasetrecords/def/checkxlinkurl.template.feature
arg: {"link":"http://kadaster/06b6c650-cdb1-11dd-ad8b-0800200c9a75"}
checkxlinkurl.template.feature:14 - 
java.net.UnknownHostException: kadaster
[1.195:16] check-known-dataset-record.feature:79 - feature call (loop) failed: classpath:InspireTest/ngr/datasetrecords/def/checkxlinkurl.template.feature
caller: classpath:InspireTest/ngr/datasetrecords/check-known-dataset-record.feature
items: [{link=http://www.opengis.net/def/crs/EPSG/0/https://www.opengis.net/def/crs/EPSG/0/4258}, {link=https://www.nationaalgeoregister.nl/geonetwork/srv/api/recordse8b84fae-00b3-49c1-80c1-df8f69f64e8c}]
errors:
-------
feature call (loop) failed at index: 1
caller: classpath:InspireTest/ngr/datasetrecords/def/checkxlinkurl.template.feature
arg: {"link":"https://www.nationaalgeoregister.nl/geonetwork/srv/api/recordse8b84fae-00b3-49c1-80c1-df8f69f64e8c"}
checkxlinkurl.template.feature:22 - path: $, actual: 500, expected: 200, reason: not equal (Integer)
[1.197:16] check-known-dataset-record.feature:79 - feature call (loop) failed: classpath:InspireTest/ngr/datasetrecords/def/checkxlinkurl.template.feature
caller: classpath:InspireTest/ngr/datasetrecords/check-known-dataset-record.feature
items: [{link=https://nationaalgeoregister.nl/geonetwork/srv/resources66495385-8f7b-4661-85a7-11a2bbcbb6b9}, {link=http://rdfdata.eionet.europa.eu/inspirethemes/themes/13}, {link=http://geonetwork-opensource.org/inspire-theme#}, {link=https://www.nationaalgeoregister.nl/geonetwork/srv/eng/thesaurus.download?ref=external.theme.inspire-theme}]
errors:
-------
feature call (loop) failed at index: 0
caller: classpath:InspireTest/ngr/datasetrecords/def/checkxlinkurl.template.feature
arg: {"link":"https://nationaalgeoregister.nl/geonetwork/srv/resources66495385-8f7b-4661-85a7-11a2bbcbb6b9"}
checkxlinkurl.template.feature:22 - path: $, actual: 404, expected: 200, reason: not equal (Integer)
-------
feature call (loop) failed at index: 1
caller: classpath:InspireTest/ngr/datasetrecords/def/checkxlinkurl.template.feature
arg: {"link":"http://rdfdata.eionet.europa.eu/inspirethemes/themes/13"}
checkxlinkurl.template.feature:22 - path: $, actual: 404, expected: 200, reason: not equal (Integer)
-------
feature call (loop) failed at index: 2
caller: classpath:InspireTest/ngr/datasetrecords/def/checkxlinkurl.template.feature
arg: {"link":"http://geonetwork-opensource.org/inspire-theme#"}
checkxlinkurl.template.feature:22 - path: $, actual: 404, expected: 200, reason: not equal (Integer)
-------
feature call (loop) failed at index: 3
caller: classpath:InspireTest/ngr/datasetrecords/def/checkxlinkurl.template.feature
arg: {"link":"https://www.nationaalgeoregister.nl/geonetwork/srv/eng/thesaurus.download?ref=external.theme.inspire-theme"}
checkxlinkurl.template.feature:22 - path: $, actual: 500, expected: 200, reason: not equal (Integer)
[1.198:16] check-known-dataset-record.feature:79 - feature call (loop) failed: classpath:InspireTest/ngr/datasetrecords/def/checkxlinkurl.template.feature
caller: classpath:InspireTest/ngr/datasetrecords/check-known-dataset-record.feature
items: [{link=https://www.nationaalgeoregister.nl/geonetwork/srv/dut/catalog.search#/metadata/a1960e70-22f4-4fd9-91a8-b605c6ceda3e}, {link=http://rdfdata.eionet.europa.eu/inspirethemes/themes/24}, {link=https://ngr.geocat.live/geonetwork/srv/eng/thesaurus.download?ref=external.theme.httpinspireeceuropaeumetadatacodelistPrioritydataset-Prioritydataset}]
errors:
-------
feature call (loop) failed at index: 1
caller: classpath:InspireTest/ngr/datasetrecords/def/checkxlinkurl.template.feature
arg: {"link":"http://rdfdata.eionet.europa.eu/inspirethemes/themes/24"}
checkxlinkurl.template.feature:22 - path: $, actual: 404, expected: 200, reason: not equal (Integer)
-------
feature call (loop) failed at index: 2
caller: classpath:InspireTest/ngr/datasetrecords/def/checkxlinkurl.template.feature
arg: {"link":"https://ngr.geocat.live/geonetwork/srv/eng/thesaurus.download?ref=external.theme.httpinspireeceuropaeumetadatacodelistPrioritydataset-Prioritydataset"}
checkxlinkurl.template.feature:22 - path: $, actual: 500, expected: 200, reason: not equal (Integer)
[1.199:16] check-known-dataset-record.feature:79 - feature call (loop) failed: classpath:InspireTest/ngr/datasetrecords/def/checkxlinkurl.template.feature
caller: classpath:InspireTest/ngr/datasetrecords/check-known-dataset-record.feature
items: [{link=http://nationaalgeoregister.nl/geonetwork/srv/dut/catalog.search#/metadata/280ed37a-b8d2-4ac5-8567-04d84fad3a41}, {link=https://creativecommons.org/publicdomain/mark/*/deed.nl}, {link=https://data.overheid.nl/organisatie/PDOK}]
errors:
-------
feature call (loop) failed at index: 1
caller: classpath:InspireTest/ngr/datasetrecords/def/checkxlinkurl.template.feature
arg: {"link":"https://creativecommons.org/publicdomain/mark/*/deed.nl"}
checkxlinkurl.template.feature:22 - path: $, actual: 404, expected: 200, reason: not equal (Integer)
-------
feature call (loop) failed at index: 2
caller: classpath:InspireTest/ngr/datasetrecords/def/checkxlinkurl.template.feature
arg: {"link":"https://data.overheid.nl/organisatie/PDOK"}
checkxlinkurl.template.feature:22 - path: $, actual: 404, expected: 200, reason: not equal (Integer)

]]></system-out>
    <system-err><![CDATA[Warning: Nashorn engine is planned to be removed from a future JDK release
ERROR StatusLogger No log4j2 configuration file found. Using default configuration: logging only errors to the console. Set system property 'org.apache.logging.log4j.simplelog.StatusLogger.level' to TRACE to show Log4j2 internal initialization logging.
]]></system-err>
  </testcase>
</testsuite>