<?xml version="1.0" encoding="UTF-8"?>
<testsuite xmlns:xsi="http://www.w3.org/2001/XMLSchema-instance" xsi:noNamespaceSchemaLocation="https://maven.apache.org/surefire/maven-surefire-plugin/xsd/surefire-test-report-3.0.xsd" version="3.0" name="InspireTest.TestAll" time="164.105" tests="1" errors="0" skipped="0" failures="1">
  <properties>
    <property name="java.specification.version" value="13"/>
    <property name="sun.jnu.encoding" value="UTF-8"/>
    <property name="java.class.path" value="/home/runner/work/nl-ngr-validation/nl-ngr-validation/target/test-classes:/home/runner/work/nl-ngr-validation/nl-ngr-validation/target/classes:/home/runner/.m2/repository/com/intuit/karate/karate-apache/0.9.5/karate-apache-0.9.5.jar:/home/runner/.m2/repository/com/intuit/karate/karate-core/0.9.5/karate-core-0.9.5.jar:/home/runner/.m2/repository/com/jayway/jsonpath/json-path/2.4.0/json-path-2.4.0.jar:/home/runner/.m2/repository/net/minidev/json-smart/2.3/json-smart-2.3.jar:/home/runner/.m2/repository/net/minidev/accessors-smart/1.2/accessors-smart-1.2.jar:/home/runner/.m2/repository/info/cukes/cucumber-java/1.2.5/cucumber-java-1.2.5.jar:/home/runner/.m2/repository/info/cukes/cucumber-core/1.2.5/cucumber-core-1.2.5.jar:/home/runner/.m2/repository/org/yaml/snakeyaml/1.24/snakeyaml-1.24.jar:/home/runner/.m2/repository/de/siegmar/fastcsv/1.0.3/fastcsv-1.0.3.jar:/home/runner/.m2/repository/info/picocli/picocli/4.0.3/picocli-4.0.3.jar:/home/runner/.m2/repository/org/apache/httpcomponents/httpclient/4.5.11/httpclient-4.5.11.jar:/home/runner/.m2/repository/org/apache/httpcomponents/httpcore/4.4.13/httpcore-4.4.13.jar:/home/runner/.m2/repository/commons-codec/commons-codec/1.11/commons-codec-1.11.jar:/home/runner/.m2/repository/org/apache/httpcomponents/httpmime/4.5.11/httpmime-4.5.11.jar:/home/runner/.m2/repository/org/slf4j/jcl-over-slf4j/1.7.25/jcl-over-slf4j-1.7.25.jar:/home/runner/.m2/repository/org/slf4j/slf4j-api/1.7.25/slf4j-api-1.7.25.jar:/home/runner/.m2/repository/ch/qos/logback/logback-classic/1.2.3/logback-classic-1.2.3.jar:/home/runner/.m2/repository/ch/qos/logback/logback-core/1.2.3/logback-core-1.2.3.jar:/home/runner/.m2/repository/com/intuit/karate/karate-junit5/0.9.5/karate-junit5-0.9.5.jar:/home/runner/.m2/repository/org/junit/jupiter/junit-jupiter-api/5.6.2/junit-jupiter-api-5.6.2.jar:/home/runner/.m2/repository/org/apiguardian/apiguardian-api/1.1.0/apiguardian-api-1.1.0.jar:/home/runner/.m2/repository/org/opentest4j/opentest4j/1.2.0/opentest4j-1.2.0.jar:/home/runner/.m2/repository/org/junit/platform/junit-platform-commons/1.6.2/junit-platform-commons-1.6.2.jar:/home/runner/.m2/repository/org/junit/jupiter/junit-jupiter-engine/5.6.2/junit-jupiter-engine-5.6.2.jar:/home/runner/.m2/repository/org/junit/platform/junit-platform-engine/1.6.2/junit-platform-engine-1.6.2.jar:/home/runner/.m2/repository/net/masterthought/cucumber-reporting/3.13.0/cucumber-reporting-3.13.0.jar:/home/runner/.m2/repository/org/apache/logging/log4j/log4j-api/2.8.2/log4j-api-2.8.2.jar:/home/runner/.m2/repository/org/apache/logging/log4j/log4j-core/2.8.2/log4j-core-2.8.2.jar:/home/runner/.m2/repository/com/fasterxml/jackson/core/jackson-databind/2.8.6/jackson-databind-2.8.6.jar:/home/runner/.m2/repository/com/fasterxml/jackson/core/jackson-annotations/2.8.0/jackson-annotations-2.8.0.jar:/home/runner/.m2/repository/com/fasterxml/jackson/core/jackson-core/2.8.6/jackson-core-2.8.6.jar:/home/runner/.m2/repository/org/apache/velocity/velocity/1.7/velocity-1.7.jar:/home/runner/.m2/repository/commons-collections/commons-collections/3.2.1/commons-collections-3.2.1.jar:/home/runner/.m2/repository/commons-lang/commons-lang/2.4/commons-lang-2.4.jar:/home/runner/.m2/repository/velocity-tools/velocity-tools/1.4/velocity-tools-1.4.jar:/home/runner/.m2/repository/joda-time/joda-time/2.9.9/joda-time-2.9.9.jar:/home/runner/.m2/repository/org/apache/commons/commons-lang3/3.6/commons-lang3-3.6.jar:/home/runner/.m2/repository/commons-io/commons-io/2.5/commons-io-2.5.jar:/home/runner/.m2/repository/net/lingala/zip4j/zip4j/1.3.2/zip4j-1.3.2.jar:/home/runner/.m2/repository/org/codehaus/plexus/plexus-utils/3.0.24/plexus-utils-3.0.24.jar:/home/runner/.m2/repository/org/jsoup/jsoup/1.10.3/jsoup-1.10.3.jar:/home/runner/.m2/repository/com/googlecode/owasp-java-html-sanitizer/owasp-java-html-sanitizer/20170515.1/owasp-java-html-sanitizer-20170515.1.jar:/home/runner/.m2/repository/com/google/guava/guava/20.0/guava-20.0.jar:/home/runner/.m2/repository/commons-configuration/commons-configuration/1.6/commons-configuration-1.6.jar:/home/runner/.m2/repository/commons-logging/commons-logging/1.1.1/commons-logging-1.1.1.jar:/home/runner/.m2/repository/commons-digester/commons-digester/1.8/commons-digester-1.8.jar:/home/runner/.m2/repository/commons-beanutils/commons-beanutils/1.7.0/commons-beanutils-1.7.0.jar:/home/runner/.m2/repository/commons-beanutils/commons-beanutils-core/1.8.0/commons-beanutils-core-1.8.0.jar:/home/runner/.m2/repository/org/apache/maven/plugins/maven-surefire-plugin/3.0.0-M4/maven-surefire-plugin-3.0.0-M4.jar:/home/runner/.m2/repository/org/apache/maven/surefire/maven-surefire-common/3.0.0-M4/maven-surefire-common-3.0.0-M4.jar:/home/runner/.m2/repository/org/apache/maven/surefire/surefire-api/3.0.0-M4/surefire-api-3.0.0-M4.jar:/home/runner/.m2/repository/org/apache/maven/surefire/surefire-logger-api/3.0.0-M4/surefire-logger-api-3.0.0-M4.jar:/home/runner/.m2/repository/org/apache/maven/surefire/surefire-extensions-api/3.0.0-M4/surefire-extensions-api-3.0.0-M4.jar:/home/runner/.m2/repository/org/apache/maven/surefire/surefire-booter/3.0.0-M4/surefire-booter-3.0.0-M4.jar:/home/runner/.m2/repository/org/apache/maven/maven-toolchain/3.0-alpha-2/maven-toolchain-3.0-alpha-2.jar:/home/runner/.m2/repository/org/apache/maven/shared/maven-artifact-transfer/0.11.0/maven-artifact-transfer-0.11.0.jar:/home/runner/.m2/repository/org/apache/maven/shared/maven-common-artifact-filters/3.0.1/maven-common-artifact-filters-3.0.1.jar:/home/runner/.m2/repository/org/apache/maven/maven-model/3.0/maven-model-3.0.jar:/home/runner/.m2/repository/org/apache/maven/maven-plugin-api/3.0/maven-plugin-api-3.0.jar:/home/runner/.m2/repository/org/sonatype/sisu/sisu-inject-plexus/1.4.2/sisu-inject-plexus-1.4.2.jar:/home/runner/.m2/repository/org/codehaus/plexus/plexus-classworlds/2.2.3/plexus-classworlds-2.2.3.jar:/home/runner/.m2/repository/org/sonatype/sisu/sisu-inject-bean/1.4.2/sisu-inject-bean-1.4.2.jar:/home/runner/.m2/repository/org/sonatype/sisu/sisu-guice/2.1.7/sisu-guice-2.1.7-noaop.jar:/home/runner/.m2/repository/org/apache/maven/shared/maven-shared-utils/3.1.0/maven-shared-utils-3.1.0.jar:/home/runner/.m2/repository/org/codehaus/plexus/plexus-java/1.0.3/plexus-java-1.0.3.jar:/home/runner/.m2/repository/org/ow2/asm/asm/7.0/asm-7.0.jar:/home/runner/.m2/repository/com/thoughtworks/qdox/qdox/2.0-M9/qdox-2.0-M9.jar:/home/runner/.m2/repository/org/junit/jupiter/junit-jupiter/5.6.2/junit-jupiter-5.6.2.jar:/home/runner/.m2/repository/org/junit/jupiter/junit-jupiter-params/5.6.2/junit-jupiter-params-5.6.2.jar:"/>
    <property name="java.vm.vendor" value="Azul Systems, Inc."/>
    <property name="sun.arch.data.model" value="64"/>
    <property name="java.vendor.url" value="http://www.azulsystems.com/"/>
    <property name="user.timezone" value="Etc/UTC"/>
    <property name="os.name" value="Linux"/>
    <property name="java.vm.specification.version" value="13"/>
    <property name="sun.java.launcher" value="SUN_STANDARD"/>
    <property name="sun.boot.library.path" value="/opt/hostedtoolcache/jdk/13.0.4/x64/lib"/>
    <property name="sun.java.command" value="/home/runner/work/nl-ngr-validation/nl-ngr-validation/target/surefire/surefirebooter9597022201970405885.jar /home/runner/work/nl-ngr-validation/nl-ngr-validation/target/surefire 2020-09-17T20-12-31_966-jvmRun1 surefire17547140835963601987tmp surefire_05362956314069502776tmp"/>
    <property name="jdk.debug" value="release"/>
    <property name="surefire.test.class.path" value="/home/runner/work/nl-ngr-validation/nl-ngr-validation/target/test-classes:/home/runner/work/nl-ngr-validation/nl-ngr-validation/target/classes:/home/runner/.m2/repository/com/intuit/karate/karate-apache/0.9.5/karate-apache-0.9.5.jar:/home/runner/.m2/repository/com/intuit/karate/karate-core/0.9.5/karate-core-0.9.5.jar:/home/runner/.m2/repository/com/jayway/jsonpath/json-path/2.4.0/json-path-2.4.0.jar:/home/runner/.m2/repository/net/minidev/json-smart/2.3/json-smart-2.3.jar:/home/runner/.m2/repository/net/minidev/accessors-smart/1.2/accessors-smart-1.2.jar:/home/runner/.m2/repository/info/cukes/cucumber-java/1.2.5/cucumber-java-1.2.5.jar:/home/runner/.m2/repository/info/cukes/cucumber-core/1.2.5/cucumber-core-1.2.5.jar:/home/runner/.m2/repository/org/yaml/snakeyaml/1.24/snakeyaml-1.24.jar:/home/runner/.m2/repository/de/siegmar/fastcsv/1.0.3/fastcsv-1.0.3.jar:/home/runner/.m2/repository/info/picocli/picocli/4.0.3/picocli-4.0.3.jar:/home/runner/.m2/repository/org/apache/httpcomponents/httpclient/4.5.11/httpclient-4.5.11.jar:/home/runner/.m2/repository/org/apache/httpcomponents/httpcore/4.4.13/httpcore-4.4.13.jar:/home/runner/.m2/repository/commons-codec/commons-codec/1.11/commons-codec-1.11.jar:/home/runner/.m2/repository/org/apache/httpcomponents/httpmime/4.5.11/httpmime-4.5.11.jar:/home/runner/.m2/repository/org/slf4j/jcl-over-slf4j/1.7.25/jcl-over-slf4j-1.7.25.jar:/home/runner/.m2/repository/org/slf4j/slf4j-api/1.7.25/slf4j-api-1.7.25.jar:/home/runner/.m2/repository/ch/qos/logback/logback-classic/1.2.3/logback-classic-1.2.3.jar:/home/runner/.m2/repository/ch/qos/logback/logback-core/1.2.3/logback-core-1.2.3.jar:/home/runner/.m2/repository/com/intuit/karate/karate-junit5/0.9.5/karate-junit5-0.9.5.jar:/home/runner/.m2/repository/org/junit/jupiter/junit-jupiter-api/5.6.2/junit-jupiter-api-5.6.2.jar:/home/runner/.m2/repository/org/apiguardian/apiguardian-api/1.1.0/apiguardian-api-1.1.0.jar:/home/runner/.m2/repository/org/opentest4j/opentest4j/1.2.0/opentest4j-1.2.0.jar:/home/runner/.m2/repository/org/junit/platform/junit-platform-commons/1.6.2/junit-platform-commons-1.6.2.jar:/home/runner/.m2/repository/org/junit/jupiter/junit-jupiter-engine/5.6.2/junit-jupiter-engine-5.6.2.jar:/home/runner/.m2/repository/org/junit/platform/junit-platform-engine/1.6.2/junit-platform-engine-1.6.2.jar:/home/runner/.m2/repository/net/masterthought/cucumber-reporting/3.13.0/cucumber-reporting-3.13.0.jar:/home/runner/.m2/repository/org/apache/logging/log4j/log4j-api/2.8.2/log4j-api-2.8.2.jar:/home/runner/.m2/repository/org/apache/logging/log4j/log4j-core/2.8.2/log4j-core-2.8.2.jar:/home/runner/.m2/repository/com/fasterxml/jackson/core/jackson-databind/2.8.6/jackson-databind-2.8.6.jar:/home/runner/.m2/repository/com/fasterxml/jackson/core/jackson-annotations/2.8.0/jackson-annotations-2.8.0.jar:/home/runner/.m2/repository/com/fasterxml/jackson/core/jackson-core/2.8.6/jackson-core-2.8.6.jar:/home/runner/.m2/repository/org/apache/velocity/velocity/1.7/velocity-1.7.jar:/home/runner/.m2/repository/commons-collections/commons-collections/3.2.1/commons-collections-3.2.1.jar:/home/runner/.m2/repository/commons-lang/commons-lang/2.4/commons-lang-2.4.jar:/home/runner/.m2/repository/velocity-tools/velocity-tools/1.4/velocity-tools-1.4.jar:/home/runner/.m2/repository/joda-time/joda-time/2.9.9/joda-time-2.9.9.jar:/home/runner/.m2/repository/org/apache/commons/commons-lang3/3.6/commons-lang3-3.6.jar:/home/runner/.m2/repository/commons-io/commons-io/2.5/commons-io-2.5.jar:/home/runner/.m2/repository/net/lingala/zip4j/zip4j/1.3.2/zip4j-1.3.2.jar:/home/runner/.m2/repository/org/codehaus/plexus/plexus-utils/3.0.24/plexus-utils-3.0.24.jar:/home/runner/.m2/repository/org/jsoup/jsoup/1.10.3/jsoup-1.10.3.jar:/home/runner/.m2/repository/com/googlecode/owasp-java-html-sanitizer/owasp-java-html-sanitizer/20170515.1/owasp-java-html-sanitizer-20170515.1.jar:/home/runner/.m2/repository/com/google/guava/guava/20.0/guava-20.0.jar:/home/runner/.m2/repository/commons-configuration/commons-configuration/1.6/commons-configuration-1.6.jar:/home/runner/.m2/repository/commons-logging/commons-logging/1.1.1/commons-logging-1.1.1.jar:/home/runner/.m2/repository/commons-digester/commons-digester/1.8/commons-digester-1.8.jar:/home/runner/.m2/repository/commons-beanutils/commons-beanutils/1.7.0/commons-beanutils-1.7.0.jar:/home/runner/.m2/repository/commons-beanutils/commons-beanutils-core/1.8.0/commons-beanutils-core-1.8.0.jar:/home/runner/.m2/repository/org/apache/maven/plugins/maven-surefire-plugin/3.0.0-M4/maven-surefire-plugin-3.0.0-M4.jar:/home/runner/.m2/repository/org/apache/maven/surefire/maven-surefire-common/3.0.0-M4/maven-surefire-common-3.0.0-M4.jar:/home/runner/.m2/repository/org/apache/maven/surefire/surefire-api/3.0.0-M4/surefire-api-3.0.0-M4.jar:/home/runner/.m2/repository/org/apache/maven/surefire/surefire-logger-api/3.0.0-M4/surefire-logger-api-3.0.0-M4.jar:/home/runner/.m2/repository/org/apache/maven/surefire/surefire-extensions-api/3.0.0-M4/surefire-extensions-api-3.0.0-M4.jar:/home/runner/.m2/repository/org/apache/maven/surefire/surefire-booter/3.0.0-M4/surefire-booter-3.0.0-M4.jar:/home/runner/.m2/repository/org/apache/maven/maven-toolchain/3.0-alpha-2/maven-toolchain-3.0-alpha-2.jar:/home/runner/.m2/repository/org/apache/maven/shared/maven-artifact-transfer/0.11.0/maven-artifact-transfer-0.11.0.jar:/home/runner/.m2/repository/org/apache/maven/shared/maven-common-artifact-filters/3.0.1/maven-common-artifact-filters-3.0.1.jar:/home/runner/.m2/repository/org/apache/maven/maven-model/3.0/maven-model-3.0.jar:/home/runner/.m2/repository/org/apache/maven/maven-plugin-api/3.0/maven-plugin-api-3.0.jar:/home/runner/.m2/repository/org/sonatype/sisu/sisu-inject-plexus/1.4.2/sisu-inject-plexus-1.4.2.jar:/home/runner/.m2/repository/org/codehaus/plexus/plexus-classworlds/2.2.3/plexus-classworlds-2.2.3.jar:/home/runner/.m2/repository/org/sonatype/sisu/sisu-inject-bean/1.4.2/sisu-inject-bean-1.4.2.jar:/home/runner/.m2/repository/org/sonatype/sisu/sisu-guice/2.1.7/sisu-guice-2.1.7-noaop.jar:/home/runner/.m2/repository/org/apache/maven/shared/maven-shared-utils/3.1.0/maven-shared-utils-3.1.0.jar:/home/runner/.m2/repository/org/codehaus/plexus/plexus-java/1.0.3/plexus-java-1.0.3.jar:/home/runner/.m2/repository/org/ow2/asm/asm/7.0/asm-7.0.jar:/home/runner/.m2/repository/com/thoughtworks/qdox/qdox/2.0-M9/qdox-2.0-M9.jar:/home/runner/.m2/repository/org/junit/jupiter/junit-jupiter/5.6.2/junit-jupiter-5.6.2.jar:/home/runner/.m2/repository/org/junit/jupiter/junit-jupiter-params/5.6.2/junit-jupiter-params-5.6.2.jar:"/>
    <property name="sun.cpu.endian" value="little"/>
    <property name="user.home" value="/home/runner"/>
    <property name="user.language" value="en"/>
    <property name="java.specification.vendor" value="Oracle Corporation"/>
    <property name="java.version.date" value="2020-07-14"/>
    <property name="java.home" value="/opt/hostedtoolcache/jdk/13.0.4/x64"/>
    <property name="file.separator" value="/"/>
    <property name="basedir" value="/home/runner/work/nl-ngr-validation/nl-ngr-validation"/>
    <property name="java.vm.compressedOopsMode" value="32-bit"/>
    <property name="line.separator" value="&#10;"/>
    <property name="java.vm.specification.vendor" value="Oracle Corporation"/>
    <property name="jdk.vendor.version" value="Zulu13.33+25-CA"/>
    <property name="java.specification.name" value="Java Platform API Specification"/>
    <property name="surefire.real.class.path" value="/home/runner/work/nl-ngr-validation/nl-ngr-validation/target/surefire/surefirebooter9597022201970405885.jar"/>
    <property name="sun.management.compiler" value="HotSpot 64-Bit Tiered Compilers"/>
    <property name="java.runtime.version" value="13.0.4+8-MTS"/>
    <property name="user.name" value="runner"/>
    <property name="path.separator" value=":"/>
    <property name="os.version" value="5.4.0-1025-azure"/>
    <property name="java.runtime.name" value="OpenJDK Runtime Environment"/>
    <property name="file.encoding" value="UTF-8"/>
    <property name="java.vm.name" value="OpenJDK 64-Bit Server VM"/>
    <property name="java.vendor.version" value="Zulu13.33+25-CA"/>
    <property name="localRepository" value="/home/runner/.m2/repository"/>
    <property name="java.vendor.url.bug" value="http://www.azulsystems.com/support/"/>
    <property name="java.io.tmpdir" value="/tmp"/>
    <property name="java.version" value="13.0.4"/>
    <property name="user.dir" value="/home/runner/work/nl-ngr-validation/nl-ngr-validation"/>
    <property name="os.arch" value="amd64"/>
    <property name="java.vm.specification.name" value="Java Virtual Machine Specification"/>
    <property name="java.library.path" value="/usr/java/packages/lib:/usr/lib64:/lib64:/lib:/usr/lib"/>
    <property name="java.vm.info" value="mixed mode, sharing"/>
    <property name="java.vendor" value="Azul Systems, Inc."/>
    <property name="java.vm.version" value="13.0.4+8-MTS"/>
    <property name="sun.io.unicode.encoding" value="UnicodeLittle"/>
    <property name="java.class.version" value="57.0"/>
  </properties>
  <testcase name="testParallel" classname="InspireTest.TestAll" time="164.04">
    <failure type="org.opentest4j.AssertionFailedError"><![CDATA[org.opentest4j.AssertionFailedError: 
failed features:
InspireTest.ngr.datasetrecords.check-known-links: [1.22:4] check-known-links.feature:10 - feature call (loop) failed: classpath:InspireTest/ngr/datasetrecords/def/checkxlinkurl.template.feature
caller: classpath:InspireTest/ngr/datasetrecords/check-known-links.feature
items: [{link=http://inspire.ec.europa.eu/metadata-codelist/ConditionsApplyingToAccessAndUse/noConditionsApply}]
errors:
-------
feature call (loop) failed at index: 0
caller: classpath:InspireTest/ngr/datasetrecords/def/checkxlinkurl.template.feature
arg: {"link":"http://inspire.ec.europa.eu/metadata-codelist/ConditionsApplyingToAccessAndUse/noConditionsApply"}
checkxlinkurl.template.feature:14 - 
java.net.SocketTimeoutException: Read timed out
[1.23:4] check-known-links.feature:10 - feature call (loop) failed: classpath:InspireTest/ngr/datasetrecords/def/checkxlinkurl.template.feature
caller: classpath:InspireTest/ngr/datasetrecords/check-known-links.feature
items: [{link=http://inspire.ec.europa.eu/metadata-codelist/LimitationsOnPublicAccess/INSPIRE_Directive_Article13_1f}]
errors:
-------
feature call (loop) failed at index: 0
caller: classpath:InspireTest/ngr/datasetrecords/def/checkxlinkurl.template.feature
arg: {"link":"http://inspire.ec.europa.eu/metadata-codelist/LimitationsOnPublicAccess/INSPIRE_Directive_Article13_1f"}
checkxlinkurl.template.feature:14 - 
java.net.SocketTimeoutException: Read timed out
[1.26:4] check-known-links.feature:10 - feature call (loop) failed: classpath:InspireTest/ngr/datasetrecords/def/checkxlinkurl.template.feature
caller: classpath:InspireTest/ngr/datasetrecords/check-known-links.feature
items: [{link=http://inspire.ec.europa.eu/metadata-codelist/OnLineDescriptionCode/endPoint}]
errors:
-------
feature call (loop) failed at index: 0
caller: classpath:InspireTest/ngr/datasetrecords/def/checkxlinkurl.template.feature
arg: {"link":"http://inspire.ec.europa.eu/metadata-codelist/OnLineDescriptionCode/endPoint"}
checkxlinkurl.template.feature:14 - 
java.net.SocketTimeoutException: Read timed out
[1.27:4] check-known-links.feature:10 - feature call (loop) failed: classpath:InspireTest/ngr/datasetrecords/def/checkxlinkurl.template.feature
caller: classpath:InspireTest/ngr/datasetrecords/check-known-links.feature
items: [{link=http://inspire.ec.europa.eu/metadata-codelist/PriorityDataset}]
errors:
-------
feature call (loop) failed at index: 0
caller: classpath:InspireTest/ngr/datasetrecords/def/checkxlinkurl.template.feature
arg: {"link":"http://inspire.ec.europa.eu/metadata-codelist/PriorityDataset"}
checkxlinkurl.template.feature:14 - 
java.net.SocketTimeoutException: Read timed out
[1.32:4] check-known-links.feature:10 - feature call (loop) failed: classpath:InspireTest/ngr/datasetrecords/def/checkxlinkurl.template.feature
caller: classpath:InspireTest/ngr/datasetrecords/check-known-links.feature
items: [{link=http://inspire.ec.europa.eu/metadata-codelist/PriorityDataset/BirdsRange-dir-2009-147}]
errors:
-------
feature call (loop) failed at index: 0
caller: classpath:InspireTest/ngr/datasetrecords/def/checkxlinkurl.template.feature
arg: {"link":"http://inspire.ec.europa.eu/metadata-codelist/PriorityDataset/BirdsRange-dir-2009-147"}
checkxlinkurl.template.feature:14 - 
java.net.SocketTimeoutException: Read timed out
[1.45:4] check-known-links.feature:10 - feature call (loop) failed: classpath:InspireTest/ngr/datasetrecords/def/checkxlinkurl.template.feature
caller: classpath:InspireTest/ngr/datasetrecords/check-known-links.feature
items: [{link=http://inspire.ec.europa.eu/metadata-codelist/PriorityDataset/MajorAirportsNoiseExposureDelineationNight-dir-2002-49}]
errors:
-------
feature call (loop) failed at index: 0
caller: classpath:InspireTest/ngr/datasetrecords/def/checkxlinkurl.template.feature
arg: {"link":"http://inspire.ec.europa.eu/metadata-codelist/PriorityDataset/MajorAirportsNoiseExposureDelineationNight-dir-2002-49"}
checkxlinkurl.template.feature:14 - 
java.net.SocketTimeoutException: Read timed out
[1.47:4] check-known-links.feature:10 - feature call (loop) failed: classpath:InspireTest/ngr/datasetrecords/def/checkxlinkurl.template.feature
caller: classpath:InspireTest/ngr/datasetrecords/check-known-links.feature
items: [{link=http://inspire.ec.europa.eu/metadata-codelist/PriorityDataset/MajorRailwaysNoiseExposureDelineationNight-dir-2002-49}]
errors:
-------
feature call (loop) failed at index: 0
caller: classpath:InspireTest/ngr/datasetrecords/def/checkxlinkurl.template.feature
arg: {"link":"http://inspire.ec.europa.eu/metadata-codelist/PriorityDataset/MajorRailwaysNoiseExposureDelineationNight-dir-2002-49"}
checkxlinkurl.template.feature:14 - 
java.net.SocketTimeoutException: Read timed out
[1.50:4] check-known-links.feature:10 - feature call (loop) failed: classpath:InspireTest/ngr/datasetrecords/def/checkxlinkurl.template.feature
caller: classpath:InspireTest/ngr/datasetrecords/check-known-links.feature
items: [{link=http://inspire.ec.europa.eu/metadata-codelist/PriorityDataset/ManagementUnits-dir-2007-60}]
errors:
-------
feature call (loop) failed at index: 0
caller: classpath:InspireTest/ngr/datasetrecords/def/checkxlinkurl.template.feature
arg: {"link":"http://inspire.ec.europa.eu/metadata-codelist/PriorityDataset/ManagementUnits-dir-2007-60"}
checkxlinkurl.template.feature:14 - 
java.net.SocketTimeoutException: Read timed out
[1.58:4] check-known-links.feature:10 - feature call (loop) failed: classpath:InspireTest/ngr/datasetrecords/def/checkxlinkurl.template.feature
caller: classpath:InspireTest/ngr/datasetrecords/check-known-links.feature
items: [{link=http://inspire.ec.europa.eu/metadata-codelist/PriorityDataset/RiverBasinDistricts-dir-2000-60}]
errors:
-------
feature call (loop) failed at index: 0
caller: classpath:InspireTest/ngr/datasetrecords/def/checkxlinkurl.template.feature
arg: {"link":"http://inspire.ec.europa.eu/metadata-codelist/PriorityDataset/RiverBasinDistricts-dir-2000-60"}
checkxlinkurl.template.feature:14 - 
org.apache.http.conn.HttpHostConnectException: Connect to inspire.ec.europa.eu:443 [inspire.ec.europa.eu/139.191.229.30] failed: Connection refused
InspireTest.ngr.datasetrecords.ngr-check-dataset-record: [1.1:16] ngr-check-dataset-record.feature:69 - feature call (loop) failed: classpath:InspireTest/ngr/datasetrecords/def/checkxlinkurl.template.feature
caller: classpath:InspireTest/ngr/datasetrecords/ngr-check-dataset-record.feature
items: [{link=https://nationaalgeoregister.nl/geonetwork/srv/resources49e49382-674d-4ce8-9f4a-ba4dd2265eef}, {link=http://rdfdata.eionet.europa.eu/inspirethemes/themes/33}, {link=http://geonetwork-opensource.org/inspire-theme#}, {link=https://www.nationaalgeoregister.nl/geonetwork/srv/eng/thesaurus.download?ref=external.theme.inspire-theme}]
errors:
-------
feature call (loop) failed at index: 0
caller: classpath:InspireTest/ngr/datasetrecords/def/checkxlinkurl.template.feature
arg: {"link":"https://nationaalgeoregister.nl/geonetwork/srv/resources49e49382-674d-4ce8-9f4a-ba4dd2265eef"}
checkxlinkurl.template.feature:15 - status code was: 404, expected: 200, response time: 285, url: https://nationaalgeoregister.nl/geonetwork/srv/resources49e49382-674d-4ce8-9f4a-ba4dd2265eef, response: 
-------
feature call (loop) failed at index: 1
caller: classpath:InspireTest/ngr/datasetrecords/def/checkxlinkurl.template.feature
arg: {"link":"http://rdfdata.eionet.europa.eu/inspirethemes/themes/33"}
checkxlinkurl.template.feature:15 - status code was: 404, expected: 200, response time: 478, url: http://rdfdata.eionet.europa.eu/inspirethemes/themes/33, response: 
-------
feature call (loop) failed at index: 2
caller: classpath:InspireTest/ngr/datasetrecords/def/checkxlinkurl.template.feature
arg: {"link":"http://geonetwork-opensource.org/inspire-theme#"}
checkxlinkurl.template.feature:15 - status code was: 404, expected: 200, response time: 397, url: http://geonetwork-opensource.org/inspire-theme#, response: 
-------
feature call (loop) failed at index: 3
caller: classpath:InspireTest/ngr/datasetrecords/def/checkxlinkurl.template.feature
arg: {"link":"https://www.nationaalgeoregister.nl/geonetwork/srv/eng/thesaurus.download?ref=external.theme.inspire-theme"}
checkxlinkurl.template.feature:15 - status code was: 500, expected: 200, response time: 321, url: https://www.nationaalgeoregister.nl/geonetwork/srv/eng/thesaurus.download?ref=external.theme.inspire-theme, response: 
[1.3:16] ngr-check-dataset-record.feature:69 - feature call (loop) failed: classpath:InspireTest/ngr/datasetrecords/def/checkxlinkurl.template.feature
caller: classpath:InspireTest/ngr/datasetrecords/ngr-check-dataset-record.feature
items: [{link=http://www.opengis.net/def/crs/EPSG/0/http://www.opengis.net/def/crs/EPSG/0/4258}, {link=http://kadaster/29f0fa66-3928-4e95-ae30-5b1eab818ac1}]
errors:
-------
feature call (loop) failed at index: 1
caller: classpath:InspireTest/ngr/datasetrecords/def/checkxlinkurl.template.feature
arg: {"link":"http://kadaster/29f0fa66-3928-4e95-ae30-5b1eab818ac1"}
checkxlinkurl.template.feature:14 - 
java.net.UnknownHostException: kadaster: Temporary failure in name resolution
[1.4:16] ngr-check-dataset-record.feature:69 - feature call (loop) failed: classpath:InspireTest/ngr/datasetrecords/def/checkxlinkurl.template.feature
caller: classpath:InspireTest/ngr/datasetrecords/ngr-check-dataset-record.feature
items: [{link=https://nationaalgeoregister.nl/geonetwork/srv/resources7e290e63-f991-4cc3-beff-1ff08ce2be77}, {link=https://www.nationaalgeoregister.nl/geonetwork/srv/eng/thesaurus.download?ref=external.theme.inspire-theme}]
errors:
-------
feature call (loop) failed at index: 0
caller: classpath:InspireTest/ngr/datasetrecords/def/checkxlinkurl.template.feature
arg: {"link":"https://nationaalgeoregister.nl/geonetwork/srv/resources7e290e63-f991-4cc3-beff-1ff08ce2be77"}
checkxlinkurl.template.feature:15 - status code was: 404, expected: 200, response time: 281, url: https://nationaalgeoregister.nl/geonetwork/srv/resources7e290e63-f991-4cc3-beff-1ff08ce2be77, response: 
-------
feature call (loop) failed at index: 1
caller: classpath:InspireTest/ngr/datasetrecords/def/checkxlinkurl.template.feature
arg: {"link":"https://www.nationaalgeoregister.nl/geonetwork/srv/eng/thesaurus.download?ref=external.theme.inspire-theme"}
checkxlinkurl.template.feature:15 - status code was: 500, expected: 200, response time: 346, url: https://www.nationaalgeoregister.nl/geonetwork/srv/eng/thesaurus.download?ref=external.theme.inspire-theme, response: 
[1.5:16] ngr-check-dataset-record.feature:69 - feature call (loop) failed: classpath:InspireTest/ngr/datasetrecords/def/checkxlinkurl.template.feature
caller: classpath:InspireTest/ngr/datasetrecords/ngr-check-dataset-record.feature
items: [{link=https://www.nationaalgeoregister.nl/geonetwork/srv/api/records/002d9127-c16d-4b8d-9f5e-102a8c8e36c4}]
errors:
-------
feature call (loop) failed at index: 0
caller: classpath:InspireTest/ngr/datasetrecords/def/checkxlinkurl.template.feature
arg: {"link":"https://www.nationaalgeoregister.nl/geonetwork/srv/api/records/002d9127-c16d-4b8d-9f5e-102a8c8e36c4"}
checkxlinkurl.template.feature:15 - status code was: 400, expected: 200, response time: 280, url: https://www.nationaalgeoregister.nl/geonetwork/srv/api/records/002d9127-c16d-4b8d-9f5e-102a8c8e36c4, response: 
[1.6:16] ngr-check-dataset-record.feature:69 - feature call (loop) failed: classpath:InspireTest/ngr/datasetrecords/def/checkxlinkurl.template.feature
caller: classpath:InspireTest/ngr/datasetrecords/ngr-check-dataset-record.feature
items: [{link=http://standaarden.overheid.nl/owms/terms/Ministerie_van_Landbouw,_Natuur_en_Voedselkwaliteit}, {link=https://www.nationaalgeoregister.nl/geonetwork/srv/api/records3703b249-a0eb-484e-ba7a-10e31a55bcec}, {link=579}]
errors:
-------
feature call (loop) failed at index: 1
caller: classpath:InspireTest/ngr/datasetrecords/def/checkxlinkurl.template.feature
arg: {"link":"https://www.nationaalgeoregister.nl/geonetwork/srv/api/records3703b249-a0eb-484e-ba7a-10e31a55bcec"}
checkxlinkurl.template.feature:15 - status code was: 500, expected: 200, response time: 465, url: https://www.nationaalgeoregister.nl/geonetwork/srv/api/records3703b249-a0eb-484e-ba7a-10e31a55bcec, response: 
-------
feature call (loop) failed at index: 2
caller: classpath:InspireTest/ngr/datasetrecords/def/checkxlinkurl.template.feature
arg: {"link":"579"}
checkxlinkurl.template.feature:14 - 
org.apache.http.client.ClientProtocolException
[1.8:16] ngr-check-dataset-record.feature:69 - feature call (loop) failed: classpath:InspireTest/ngr/datasetrecords/def/checkxlinkurl.template.feature
caller: classpath:InspireTest/ngr/datasetrecords/ngr-check-dataset-record.feature
items: [{link=https://nationaalgeoregister.nl/geonetwork/srv/resourcesff07bd5a-d6eb-11ea-87d0-0242ac130003}, {link=https://www.nationaalgeoregister.nl/geonetwork/srv/eng/thesaurus.download?ref=external.theme.inspire-theme}]
errors:
-------
feature call (loop) failed at index: 0
caller: classpath:InspireTest/ngr/datasetrecords/def/checkxlinkurl.template.feature
arg: {"link":"https://nationaalgeoregister.nl/geonetwork/srv/resourcesff07bd5a-d6eb-11ea-87d0-0242ac130003"}
checkxlinkurl.template.feature:15 - status code was: 404, expected: 200, response time: 296, url: https://nationaalgeoregister.nl/geonetwork/srv/resourcesff07bd5a-d6eb-11ea-87d0-0242ac130003, response: 
-------
feature call (loop) failed at index: 1
caller: classpath:InspireTest/ngr/datasetrecords/def/checkxlinkurl.template.feature
arg: {"link":"https://www.nationaalgeoregister.nl/geonetwork/srv/eng/thesaurus.download?ref=external.theme.inspire-theme"}
checkxlinkurl.template.feature:15 - status code was: 500, expected: 200, response time: 434, url: https://www.nationaalgeoregister.nl/geonetwork/srv/eng/thesaurus.download?ref=external.theme.inspire-theme, response: 
[1.9:16] ngr-check-dataset-record.feature:69 - feature call (loop) failed: classpath:InspireTest/ngr/datasetrecords/def/checkxlinkurl.template.feature
caller: classpath:InspireTest/ngr/datasetrecords/ngr-check-dataset-record.feature
items: [{link=https://data.rivm.nl/inspire/id#10fcd5a9-3804-48e3-bcbd-d816594dbb6f}]
errors:
-------
feature call (loop) failed at index: 0
caller: classpath:InspireTest/ngr/datasetrecords/def/checkxlinkurl.template.feature
arg: {"link":"https://data.rivm.nl/inspire/id#10fcd5a9-3804-48e3-bcbd-d816594dbb6f"}
checkxlinkurl.template.feature:14 - 
javax.net.ssl.SSLException: Connection reset
[1.10:16] ngr-check-dataset-record.feature:69 - feature call (loop) failed: classpath:InspireTest/ngr/datasetrecords/def/checkxlinkurl.template.feature
caller: classpath:InspireTest/ngr/datasetrecords/ngr-check-dataset-record.feature
items: [{link=https://data.rivm.nl/inspire/id#6e6bf543-e1e3-468d-afae-e88618ad9a65}]
errors:
-------
feature call (loop) failed at index: 0
caller: classpath:InspireTest/ngr/datasetrecords/def/checkxlinkurl.template.feature
arg: {"link":"https://data.rivm.nl/inspire/id#6e6bf543-e1e3-468d-afae-e88618ad9a65"}
checkxlinkurl.template.feature:14 - 
javax.net.ssl.SSLException: Connection reset
[1.11:16] ngr-check-dataset-record.feature:69 - feature call (loop) failed: classpath:InspireTest/ngr/datasetrecords/def/checkxlinkurl.template.feature
caller: classpath:InspireTest/ngr/datasetrecords/ngr-check-dataset-record.feature
items: [{link=http://standaarden.overheid.nl/owms/terms/Ministerie_van_Landbouw,_Natuur_en_Voedselkwaliteit}, {link=http://nationaalgeoregister.nl/geonetwork/srv/dut/catalog.search#/metadata/247a1d15-0a67-40ce-85be-1403c08f15a8}, {link=http://standaarden.overheid.nl/owms/terms/Ministerie_van_Landbouw,_Natuur_en_Voedselkwaliteit}, {link=http://standaarden.overheid.nl/owms/terms/Ministerie_van_Landbouw,_Natuur_en_Voedselkwaliteit}, {link=xlink:href=https://inspire.ec.europa.eu/id/document/tg/ps}, {link=https://data.overheid.nl/organisatie/PDOK}]
errors:
-------
feature call (loop) failed at index: 4
caller: classpath:InspireTest/ngr/datasetrecords/def/checkxlinkurl.template.feature
arg: {"link":"xlink:href=https://inspire.ec.europa.eu/id/document/tg/ps"}
checkxlinkurl.template.feature:14 - 
org.apache.http.client.ClientProtocolException: URI does not specify a valid host name: xlink:href=https://inspire.ec.europa.eu/id/document/tg/ps
-------
feature call (loop) failed at index: 5
caller: classpath:InspireTest/ngr/datasetrecords/def/checkxlinkurl.template.feature
arg: {"link":"https://data.overheid.nl/organisatie/PDOK"}
checkxlinkurl.template.feature:15 - status code was: 404, expected: 200, response time: 787, url: https://data.overheid.nl/organisatie/PDOK, response: 
[1.12:16] ngr-check-dataset-record.feature:69 - feature call (loop) failed: classpath:InspireTest/ngr/datasetrecords/def/checkxlinkurl.template.feature
caller: classpath:InspireTest/ngr/datasetrecords/ngr-check-dataset-record.feature
items: [{link=https://data.rivm.nl/inspire/id#722e3937-3e53-4048-97ef-1ced2c77f7dd}]
errors:
-------
feature call (loop) failed at index: 0
caller: classpath:InspireTest/ngr/datasetrecords/def/checkxlinkurl.template.feature
arg: {"link":"https://data.rivm.nl/inspire/id#722e3937-3e53-4048-97ef-1ced2c77f7dd"}
checkxlinkurl.template.feature:14 - 
javax.net.ssl.SSLException: Connection reset
[1.13:16] ngr-check-dataset-record.feature:69 - feature call (loop) failed: classpath:InspireTest/ngr/datasetrecords/def/checkxlinkurl.template.feature
caller: classpath:InspireTest/ngr/datasetrecords/ngr-check-dataset-record.feature
items: [{link=http://www.opengis.net/def/crs/EPSG/0/http://www.opengis.net/def/crs/EPSG/0/4258}, {link=http://kadaster/df1a98c0-58ba-48ff-8825-b4fb6322c586}]
errors:
-------
feature call (loop) failed at index: 1
caller: classpath:InspireTest/ngr/datasetrecords/def/checkxlinkurl.template.feature
arg: {"link":"http://kadaster/df1a98c0-58ba-48ff-8825-b4fb6322c586"}
checkxlinkurl.template.feature:14 - 
java.net.UnknownHostException: kadaster
[1.14:16] ngr-check-dataset-record.feature:69 - feature call (loop) failed: classpath:InspireTest/ngr/datasetrecords/def/checkxlinkurl.template.feature
caller: classpath:InspireTest/ngr/datasetrecords/ngr-check-dataset-record.feature
items: [{link=http://www.opengis.net/def/crs/EPSG/0/http://www.opengis.net/def/crs/EPSG/0/4258}, {link=http://kadaster/ed4caa3b-a49e-4a9a-8206-50a3cf451b9a}]
errors:
-------
feature call (loop) failed at index: 1
caller: classpath:InspireTest/ngr/datasetrecords/def/checkxlinkurl.template.feature
arg: {"link":"http://kadaster/ed4caa3b-a49e-4a9a-8206-50a3cf451b9a"}
checkxlinkurl.template.feature:14 - 
java.net.UnknownHostException: kadaster
[1.15:16] ngr-check-dataset-record.feature:69 - feature call (loop) failed: classpath:InspireTest/ngr/datasetrecords/def/checkxlinkurl.template.feature
caller: classpath:InspireTest/ngr/datasetrecords/ngr-check-dataset-record.feature
items: [{link=http://kadaster/06b6c650-cdb1-11dd-ad8b-0800200c9a78}]
errors:
-------
feature call (loop) failed at index: 0
caller: classpath:InspireTest/ngr/datasetrecords/def/checkxlinkurl.template.feature
arg: {"link":"http://kadaster/06b6c650-cdb1-11dd-ad8b-0800200c9a78"}
checkxlinkurl.template.feature:14 - 
java.net.UnknownHostException: kadaster
[1.16:16] ngr-check-dataset-record.feature:69 - feature call (loop) failed: classpath:InspireTest/ngr/datasetrecords/def/checkxlinkurl.template.feature
caller: classpath:InspireTest/ngr/datasetrecords/ngr-check-dataset-record.feature
items: [{link=http://kadaster/7c22107ea-5e31-4bbc-8e24-d15fe230062e}]
errors:
-------
feature call (loop) failed at index: 0
caller: classpath:InspireTest/ngr/datasetrecords/def/checkxlinkurl.template.feature
arg: {"link":"http://kadaster/7c22107ea-5e31-4bbc-8e24-d15fe230062e"}
checkxlinkurl.template.feature:14 - 
java.net.UnknownHostException: kadaster
[1.17:16] ngr-check-dataset-record.feature:69 - feature call (loop) failed: classpath:InspireTest/ngr/datasetrecords/def/checkxlinkurl.template.feature
caller: classpath:InspireTest/ngr/datasetrecords/ngr-check-dataset-record.feature
items: [{link=http://www.opengis.net/def/crs/EPSG/0/http://www.opengis.net/def/crs/EPSG/0/4258}, {link=http://kadaster/3b7bb05b-2d2e-4329-9a72-0eac19e315de}]
errors:
-------
feature call (loop) failed at index: 1
caller: classpath:InspireTest/ngr/datasetrecords/def/checkxlinkurl.template.feature
arg: {"link":"http://kadaster/3b7bb05b-2d2e-4329-9a72-0eac19e315de"}
checkxlinkurl.template.feature:14 - 
java.net.UnknownHostException: kadaster
[1.18:16] ngr-check-dataset-record.feature:69 - feature call (loop) failed: classpath:InspireTest/ngr/datasetrecords/def/checkxlinkurl.template.feature
caller: classpath:InspireTest/ngr/datasetrecords/ngr-check-dataset-record.feature
items: [{link=http://kadaster/06b6c650-cdb1-11dd-ad8b-0800200c9a80}]
errors:
-------
feature call (loop) failed at index: 0
caller: classpath:InspireTest/ngr/datasetrecords/def/checkxlinkurl.template.feature
arg: {"link":"http://kadaster/06b6c650-cdb1-11dd-ad8b-0800200c9a80"}
checkxlinkurl.template.feature:14 - 
java.net.UnknownHostException: kadaster
[1.19:16] ngr-check-dataset-record.feature:69 - feature call (loop) failed: classpath:InspireTest/ngr/datasetrecords/def/checkxlinkurl.template.feature
caller: classpath:InspireTest/ngr/datasetrecords/ngr-check-dataset-record.feature
items: [{link=http://www.opengis.net/def/crs/EPSG/0/http://www.opengis.net/def/crs/EPSG/0/4258}, {link=http://kadaster/70a0f618-9d4f-4be9-9d9d-11106ff6971c}]
errors:
-------
feature call (loop) failed at index: 1
caller: classpath:InspireTest/ngr/datasetrecords/def/checkxlinkurl.template.feature
arg: {"link":"http://kadaster/70a0f618-9d4f-4be9-9d9d-11106ff6971c"}
checkxlinkurl.template.feature:14 - 
java.net.UnknownHostException: kadaster
[1.20:16] ngr-check-dataset-record.feature:69 - feature call (loop) failed: classpath:InspireTest/ngr/datasetrecords/def/checkxlinkurl.template.feature
caller: classpath:InspireTest/ngr/datasetrecords/ngr-check-dataset-record.feature
items: [{link=http://www.opengis.net/def/crs/EPSG/0/http://www.opengis.net/def/crs/EPSG/0/4258}, {link=http://kadaster/cb4edbd2-2dca-4d44-92bb-b2202048b526}]
errors:
-------
feature call (loop) failed at index: 1
caller: classpath:InspireTest/ngr/datasetrecords/def/checkxlinkurl.template.feature
arg: {"link":"http://kadaster/cb4edbd2-2dca-4d44-92bb-b2202048b526"}
checkxlinkurl.template.feature:14 - 
java.net.UnknownHostException: kadaster
[1.22:16] ngr-check-dataset-record.feature:69 - feature call (loop) failed: classpath:InspireTest/ngr/datasetrecords/def/checkxlinkurl.template.feature
caller: classpath:InspireTest/ngr/datasetrecords/ngr-check-dataset-record.feature
items: [{link=https://nationaalgeoregister.nl/geonetwork/srv/resources8bdf76b6-c9c9-4011-a7bc-022ae14a4024}, {link=http://rdfdata.eionet.europa.eu/inspirethemes/themes/24}, {link=http://geonetwork-opensource.org/inspire-theme#}, {link=https://www.nationaalgeoregister.nl/geonetwork/srv/eng/thesaurus.download?ref=external.theme.inspire-theme}]
errors:
-------
feature call (loop) failed at index: 0
caller: classpath:InspireTest/ngr/datasetrecords/def/checkxlinkurl.template.feature
arg: {"link":"https://nationaalgeoregister.nl/geonetwork/srv/resources8bdf76b6-c9c9-4011-a7bc-022ae14a4024"}
checkxlinkurl.template.feature:15 - status code was: 404, expected: 200, response time: 295, url: https://nationaalgeoregister.nl/geonetwork/srv/resources8bdf76b6-c9c9-4011-a7bc-022ae14a4024, response: 
-------
feature call (loop) failed at index: 1
caller: classpath:InspireTest/ngr/datasetrecords/def/checkxlinkurl.template.feature
arg: {"link":"http://rdfdata.eionet.europa.eu/inspirethemes/themes/24"}
checkxlinkurl.template.feature:15 - status code was: 404, expected: 200, response time: 204, url: http://rdfdata.eionet.europa.eu/inspirethemes/themes/24, response: 
-------
feature call (loop) failed at index: 2
caller: classpath:InspireTest/ngr/datasetrecords/def/checkxlinkurl.template.feature
arg: {"link":"http://geonetwork-opensource.org/inspire-theme#"}
checkxlinkurl.template.feature:15 - status code was: 404, expected: 200, response time: 397, url: http://geonetwork-opensource.org/inspire-theme#, response: 
-------
feature call (loop) failed at index: 3
caller: classpath:InspireTest/ngr/datasetrecords/def/checkxlinkurl.template.feature
arg: {"link":"https://www.nationaalgeoregister.nl/geonetwork/srv/eng/thesaurus.download?ref=external.theme.inspire-theme"}
checkxlinkurl.template.feature:15 - status code was: 500, expected: 200, response time: 486, url: https://www.nationaalgeoregister.nl/geonetwork/srv/eng/thesaurus.download?ref=external.theme.inspire-theme, response: 
[1.23:16] ngr-check-dataset-record.feature:69 - feature call (loop) failed: classpath:InspireTest/ngr/datasetrecords/def/checkxlinkurl.template.feature
caller: classpath:InspireTest/ngr/datasetrecords/ngr-check-dataset-record.feature
items: [{link=https://data.rivm.nl/inspire/id#7247293d-2113-44d8-b335-8167b2ec4d1b}]
errors:
-------
feature call (loop) failed at index: 0
caller: classpath:InspireTest/ngr/datasetrecords/def/checkxlinkurl.template.feature
arg: {"link":"https://data.rivm.nl/inspire/id#7247293d-2113-44d8-b335-8167b2ec4d1b"}
checkxlinkurl.template.feature:14 - 
javax.net.ssl.SSLException: Connection reset
[1.24:16] ngr-check-dataset-record.feature:69 - feature call (loop) failed: classpath:InspireTest/ngr/datasetrecords/def/checkxlinkurl.template.feature
caller: classpath:InspireTest/ngr/datasetrecords/ngr-check-dataset-record.feature
items: [{link=https://www.nationaalgeoregister.nl/geonetwork/srv/api/records844404a2-9cd0-452e-b29a-74588777485a}]
errors:
-------
feature call (loop) failed at index: 0
caller: classpath:InspireTest/ngr/datasetrecords/def/checkxlinkurl.template.feature
arg: {"link":"https://www.nationaalgeoregister.nl/geonetwork/srv/api/records844404a2-9cd0-452e-b29a-74588777485a"}
checkxlinkurl.template.feature:15 - status code was: 500, expected: 200, response time: 323, url: https://www.nationaalgeoregister.nl/geonetwork/srv/api/records844404a2-9cd0-452e-b29a-74588777485a, response: 
[1.25:16] ngr-check-dataset-record.feature:69 - feature call (loop) failed: classpath:InspireTest/ngr/datasetrecords/def/checkxlinkurl.template.feature
caller: classpath:InspireTest/ngr/datasetrecords/ngr-check-dataset-record.feature
items: [{link=http://kadaster/06b6c650-cdb1-11dd-ad8b-0800200c9a79}]
errors:
-------
feature call (loop) failed at index: 0
caller: classpath:InspireTest/ngr/datasetrecords/def/checkxlinkurl.template.feature
arg: {"link":"http://kadaster/06b6c650-cdb1-11dd-ad8b-0800200c9a79"}
checkxlinkurl.template.feature:14 - 
java.net.UnknownHostException: kadaster
[1.26:16] ngr-check-dataset-record.feature:69 - feature call (loop) failed: classpath:InspireTest/ngr/datasetrecords/def/checkxlinkurl.template.feature
caller: classpath:InspireTest/ngr/datasetrecords/ngr-check-dataset-record.feature
items: [{link=https://www.nationaalgeoregister.nl/geonetwork/srv/api/records6c6be9c5-b09b-4dcf-a5fd-f149cbaca6fb}, {link=https://creativecommons.org/publicdomain/zero/*/deed.nl}]
errors:
-------
feature call (loop) failed at index: 0
caller: classpath:InspireTest/ngr/datasetrecords/def/checkxlinkurl.template.feature
arg: {"link":"https://www.nationaalgeoregister.nl/geonetwork/srv/api/records6c6be9c5-b09b-4dcf-a5fd-f149cbaca6fb"}
checkxlinkurl.template.feature:15 - status code was: 500, expected: 200, response time: 335, url: https://www.nationaalgeoregister.nl/geonetwork/srv/api/records6c6be9c5-b09b-4dcf-a5fd-f149cbaca6fb, response: 
-------
feature call (loop) failed at index: 1
caller: classpath:InspireTest/ngr/datasetrecords/def/checkxlinkurl.template.feature
arg: {"link":"https://creativecommons.org/publicdomain/zero/*/deed.nl"}
checkxlinkurl.template.feature:15 - status code was: 404, expected: 200, response time: 107, url: https://creativecommons.org/publicdomain/zero/*/deed.nl, response: 
[1.27:16] ngr-check-dataset-record.feature:69 - feature call (loop) failed: classpath:InspireTest/ngr/datasetrecords/def/checkxlinkurl.template.feature
caller: classpath:InspireTest/ngr/datasetrecords/ngr-check-dataset-record.feature
items: [{link=https://ngr.acceptatie.nationaalgeoregister.nl/geonetwork/srv/resourcesbbe3c19d-12b0-4912-a6f4-46eb189e85ac}, {link=http://rdfdata.eionet.europa.eu/inspirethemes/themes/16}, {link=http://geonetwork-opensource.org/inspire-theme#}, {link=https://www.nationaalgeoregister.nl/geonetwork/srv/eng/thesaurus.download?ref=external.theme.inspire-theme}]
errors:
-------
feature call (loop) failed at index: 0
caller: classpath:InspireTest/ngr/datasetrecords/def/checkxlinkurl.template.feature
arg: {"link":"https://ngr.acceptatie.nationaalgeoregister.nl/geonetwork/srv/resourcesbbe3c19d-12b0-4912-a6f4-46eb189e85ac"}
checkxlinkurl.template.feature:15 - status code was: 404, expected: 200, response time: 419, url: https://ngr.acceptatie.nationaalgeoregister.nl/geonetwork/srv/resourcesbbe3c19d-12b0-4912-a6f4-46eb189e85ac, response: 
-------
feature call (loop) failed at index: 1
caller: classpath:InspireTest/ngr/datasetrecords/def/checkxlinkurl.template.feature
arg: {"link":"http://rdfdata.eionet.europa.eu/inspirethemes/themes/16"}
checkxlinkurl.template.feature:15 - status code was: 404, expected: 200, response time: 200, url: http://rdfdata.eionet.europa.eu/inspirethemes/themes/16, response: 
-------
feature call (loop) failed at index: 2
caller: classpath:InspireTest/ngr/datasetrecords/def/checkxlinkurl.template.feature
arg: {"link":"http://geonetwork-opensource.org/inspire-theme#"}
checkxlinkurl.template.feature:15 - status code was: 404, expected: 200, response time: 397, url: http://geonetwork-opensource.org/inspire-theme#, response: 
-------
feature call (loop) failed at index: 3
caller: classpath:InspireTest/ngr/datasetrecords/def/checkxlinkurl.template.feature
arg: {"link":"https://www.nationaalgeoregister.nl/geonetwork/srv/eng/thesaurus.download?ref=external.theme.inspire-theme"}
checkxlinkurl.template.feature:15 - status code was: 500, expected: 200, response time: 315, url: https://www.nationaalgeoregister.nl/geonetwork/srv/eng/thesaurus.download?ref=external.theme.inspire-theme, response: 
[1.28:16] ngr-check-dataset-record.feature:69 - feature call (loop) failed: classpath:InspireTest/ngr/datasetrecords/def/checkxlinkurl.template.feature
caller: classpath:InspireTest/ngr/datasetrecords/ngr-check-dataset-record.feature
items: [{link=https://ngr.acceptatie.nationaalgeoregister.nl/geonetwork/srv/resourcesc7662717-9e43-4367-a344-723d73abbb3e}]
errors:
-------
feature call (loop) failed at index: 0
caller: classpath:InspireTest/ngr/datasetrecords/def/checkxlinkurl.template.feature
arg: {"link":"https://ngr.acceptatie.nationaalgeoregister.nl/geonetwork/srv/resourcesc7662717-9e43-4367-a344-723d73abbb3e"}
checkxlinkurl.template.feature:15 - status code was: 404, expected: 200, response time: 351, url: https://ngr.acceptatie.nationaalgeoregister.nl/geonetwork/srv/resourcesc7662717-9e43-4367-a344-723d73abbb3e, response: 
[1.30:16] ngr-check-dataset-record.feature:69 - feature call (loop) failed: classpath:InspireTest/ngr/datasetrecords/def/checkxlinkurl.template.feature
caller: classpath:InspireTest/ngr/datasetrecords/ngr-check-dataset-record.feature
items: [{link=https://nationaalgeoregister.nl/geonetwork/srv/resources66495385-8f7b-4661-85a7-11a2bbcbb6b9}, {link=http://rdfdata.eionet.europa.eu/inspirethemes/themes/13}, {link=http://geonetwork-opensource.org/inspire-theme#}, {link=https://www.nationaalgeoregister.nl/geonetwork/srv/eng/thesaurus.download?ref=external.theme.inspire-theme}]
errors:
-------
feature call (loop) failed at index: 0
caller: classpath:InspireTest/ngr/datasetrecords/def/checkxlinkurl.template.feature
arg: {"link":"https://nationaalgeoregister.nl/geonetwork/srv/resources66495385-8f7b-4661-85a7-11a2bbcbb6b9"}
checkxlinkurl.template.feature:15 - status code was: 404, expected: 200, response time: 297, url: https://nationaalgeoregister.nl/geonetwork/srv/resources66495385-8f7b-4661-85a7-11a2bbcbb6b9, response: 
-------
feature call (loop) failed at index: 1
caller: classpath:InspireTest/ngr/datasetrecords/def/checkxlinkurl.template.feature
arg: {"link":"http://rdfdata.eionet.europa.eu/inspirethemes/themes/13"}
checkxlinkurl.template.feature:15 - status code was: 404, expected: 200, response time: 201, url: http://rdfdata.eionet.europa.eu/inspirethemes/themes/13, response: 
-------
feature call (loop) failed at index: 2
caller: classpath:InspireTest/ngr/datasetrecords/def/checkxlinkurl.template.feature
arg: {"link":"http://geonetwork-opensource.org/inspire-theme#"}
checkxlinkurl.template.feature:15 - status code was: 404, expected: 200, response time: 414, url: http://geonetwork-opensource.org/inspire-theme#, response: 
-------
feature call (loop) failed at index: 3
caller: classpath:InspireTest/ngr/datasetrecords/def/checkxlinkurl.template.feature
arg: {"link":"https://www.nationaalgeoregister.nl/geonetwork/srv/eng/thesaurus.download?ref=external.theme.inspire-theme"}
checkxlinkurl.template.feature:15 - status code was: 500, expected: 200, response time: 316, url: https://www.nationaalgeoregister.nl/geonetwork/srv/eng/thesaurus.download?ref=external.theme.inspire-theme, response: 
[1.31:16] ngr-check-dataset-record.feature:69 - feature call (loop) failed: classpath:InspireTest/ngr/datasetrecords/def/checkxlinkurl.template.feature
caller: classpath:InspireTest/ngr/datasetrecords/ngr-check-dataset-record.feature
items: [{link=https://data.rivm.nl/inspire/id#e6ddc53d-04c4-435d-bedd-a5ace2dc0313}]
errors:
-------
feature call (loop) failed at index: 0
caller: classpath:InspireTest/ngr/datasetrecords/def/checkxlinkurl.template.feature
arg: {"link":"https://data.rivm.nl/inspire/id#e6ddc53d-04c4-435d-bedd-a5ace2dc0313"}
checkxlinkurl.template.feature:14 - 
javax.net.ssl.SSLException: Connection reset
[1.32:16] ngr-check-dataset-record.feature:69 - feature call (loop) failed: classpath:InspireTest/ngr/datasetrecords/def/checkxlinkurl.template.feature
caller: classpath:InspireTest/ngr/datasetrecords/ngr-check-dataset-record.feature
items: [{link=https://ngr.acceptatie.nationaalgeoregister.nl/geonetwork/srv/resources03671a9e-6aaf-464d-be99-9aad25cef9e3}, {link=http://standaarden.overheid.nl/owms/terms/Ministerie_van_Landbouw,_Natuur_en_Voedselkwaliteit}]
errors:
-------
feature call (loop) failed at index: 0
caller: classpath:InspireTest/ngr/datasetrecords/def/checkxlinkurl.template.feature
arg: {"link":"https://ngr.acceptatie.nationaalgeoregister.nl/geonetwork/srv/resources03671a9e-6aaf-464d-be99-9aad25cef9e3"}
checkxlinkurl.template.feature:15 - status code was: 404, expected: 200, response time: 283, url: https://ngr.acceptatie.nationaalgeoregister.nl/geonetwork/srv/resources03671a9e-6aaf-464d-be99-9aad25cef9e3, response: 
[1.33:16] ngr-check-dataset-record.feature:69 - feature call (loop) failed: classpath:InspireTest/ngr/datasetrecords/def/checkxlinkurl.template.feature
caller: classpath:InspireTest/ngr/datasetrecords/ngr-check-dataset-record.feature
items: [{link=http://kadaster/2482250f-3b00-4439-9f93-f3118229b201}, {link=}, {link=}, {link=}, {link=}, {link=}]
errors:
-------
feature call (loop) failed at index: 0
caller: classpath:InspireTest/ngr/datasetrecords/def/checkxlinkurl.template.feature
arg: {"link":"http://kadaster/2482250f-3b00-4439-9f93-f3118229b201"}
checkxlinkurl.template.feature:14 - 
java.net.UnknownHostException: kadaster
-------
feature call (loop) failed at index: 1
caller: classpath:InspireTest/ngr/datasetrecords/def/checkxlinkurl.template.feature
arg: {"link":""}
checkxlinkurl.template.feature:14 - 
org.apache.http.client.ClientProtocolException
-------
feature call (loop) failed at index: 2
caller: classpath:InspireTest/ngr/datasetrecords/def/checkxlinkurl.template.feature
arg: {"link":""}
checkxlinkurl.template.feature:14 - 
org.apache.http.client.ClientProtocolException
-------
feature call (loop) failed at index: 3
caller: classpath:InspireTest/ngr/datasetrecords/def/checkxlinkurl.template.feature
arg: {"link":""}
checkxlinkurl.template.feature:14 - 
org.apache.http.client.ClientProtocolException
-------
feature call (loop) failed at index: 4
caller: classpath:InspireTest/ngr/datasetrecords/def/checkxlinkurl.template.feature
arg: {"link":""}
checkxlinkurl.template.feature:14 - 
org.apache.http.client.ClientProtocolException
-------
feature call (loop) failed at index: 5
caller: classpath:InspireTest/ngr/datasetrecords/def/checkxlinkurl.template.feature
arg: {"link":""}
checkxlinkurl.template.feature:14 - 
org.apache.http.client.ClientProtocolException
[1.34:16] ngr-check-dataset-record.feature:69 - feature call (loop) failed: classpath:InspireTest/ngr/datasetrecords/def/checkxlinkurl.template.feature
caller: classpath:InspireTest/ngr/datasetrecords/ngr-check-dataset-record.feature
items: [{link=https://data.rivm.nl/inspire/id#a98a6cdb-61cd-4107-b775-2334e6772ed5}]
errors:
-------
feature call (loop) failed at index: 0
caller: classpath:InspireTest/ngr/datasetrecords/def/checkxlinkurl.template.feature
arg: {"link":"https://data.rivm.nl/inspire/id#a98a6cdb-61cd-4107-b775-2334e6772ed5"}
checkxlinkurl.template.feature:14 - 
javax.net.ssl.SSLException: Connection reset
[1.35:16] ngr-check-dataset-record.feature:69 - feature call (loop) failed: classpath:InspireTest/ngr/datasetrecords/def/checkxlinkurl.template.feature
caller: classpath:InspireTest/ngr/datasetrecords/ngr-check-dataset-record.feature
items: [{link=https://data.rivm.nl/inspire/id#90bab79d-5f92-4aaa-8edc-99195438ef65}]
errors:
-------
feature call (loop) failed at index: 0
caller: classpath:InspireTest/ngr/datasetrecords/def/checkxlinkurl.template.feature
arg: {"link":"https://data.rivm.nl/inspire/id#90bab79d-5f92-4aaa-8edc-99195438ef65"}
checkxlinkurl.template.feature:14 - 
javax.net.ssl.SSLException: Connection reset
[1.36:16] ngr-check-dataset-record.feature:37 - xpath does not exist: /GetRecordByIdResponse//@href on response
[1.37:16] ngr-check-dataset-record.feature:69 - feature call (loop) failed: classpath:InspireTest/ngr/datasetrecords/def/checkxlinkurl.template.feature
caller: classpath:InspireTest/ngr/datasetrecords/ngr-check-dataset-record.feature
items: [{link=http://www.opengis.net/def/crs/EPSG/0/http://www.opengis.net/def/crs/EPSG/0/3034}, {link=http://nationaalgeoregister.nl/geonetwork/srv/dut/csw?SERVICE=CSW&version=2.0.2&REQUEST=GetRecordById&elementSetName=full&OutputSchema=http://www.isotc211.org/2005/gmd&ID=b6ee58a1-b097-4c6d-8600-eb81efc1468c}, {link=https://creativecommons.org/publicdomain/mark/*/deed.nl}, {link=}]
errors:
-------
feature call (loop) failed at index: 2
caller: classpath:InspireTest/ngr/datasetrecords/def/checkxlinkurl.template.feature
arg: {"link":"https://creativecommons.org/publicdomain/mark/*/deed.nl"}
checkxlinkurl.template.feature:15 - status code was: 404, expected: 200, response time: 104, url: https://creativecommons.org/publicdomain/mark/*/deed.nl, response: 
-------
feature call (loop) failed at index: 3
caller: classpath:InspireTest/ngr/datasetrecords/def/checkxlinkurl.template.feature
arg: {"link":""}
checkxlinkurl.template.feature:14 - 
org.apache.http.client.ClientProtocolException
[1.38:16] ngr-check-dataset-record.feature:69 - feature call (loop) failed: classpath:InspireTest/ngr/datasetrecords/def/checkxlinkurl.template.feature
caller: classpath:InspireTest/ngr/datasetrecords/ngr-check-dataset-record.feature
items: [{link=http://www.opengis.net/def/crs/EPSG/0/http://www.opengis.net/def/crs/EPSG/0/4258}, {link=http://kadaster/9778afe6-2152-4a8f-ba32-9697625401e3}]
errors:
-------
feature call (loop) failed at index: 1
caller: classpath:InspireTest/ngr/datasetrecords/def/checkxlinkurl.template.feature
arg: {"link":"http://kadaster/9778afe6-2152-4a8f-ba32-9697625401e3"}
checkxlinkurl.template.feature:14 - 
java.net.UnknownHostException: kadaster
[1.39:16] ngr-check-dataset-record.feature:69 - feature call (loop) failed: classpath:InspireTest/ngr/datasetrecords/def/checkxlinkurl.template.feature
caller: classpath:InspireTest/ngr/datasetrecords/ngr-check-dataset-record.feature
items: [{link=http://www.opengis.net/def/crs/EPSG/0/NAP}, {link=https://ngr.acceptatie.nationaalgeoregister.nl/geonetwork/srv/resourcesddf87610-2724-11e2-81c1-0800200c9a66}]
errors:
-------
feature call (loop) failed at index: 1
caller: classpath:InspireTest/ngr/datasetrecords/def/checkxlinkurl.template.feature
arg: {"link":"https://ngr.acceptatie.nationaalgeoregister.nl/geonetwork/srv/resourcesddf87610-2724-11e2-81c1-0800200c9a66"}
checkxlinkurl.template.feature:15 - status code was: 404, expected: 200, response time: 281, url: https://ngr.acceptatie.nationaalgeoregister.nl/geonetwork/srv/resourcesddf87610-2724-11e2-81c1-0800200c9a66, response: 
[1.40:16] ngr-check-dataset-record.feature:69 - feature call (loop) failed: classpath:InspireTest/ngr/datasetrecords/def/checkxlinkurl.template.feature
caller: classpath:InspireTest/ngr/datasetrecords/ngr-check-dataset-record.feature
items: [{link=http://www.opengis.net/def/crs/EPSG/0/http://www.opengis.net/def/crs/EPSG/0/3034}, {link=http://nationaalgeoregister.nl/geonetwork/srv/dut/csw?SERVICE=CSW&version=2.0.2&REQUEST=GetRecordById&elementSetName=full&OutputSchema=http://www.isotc211.org/2005/gmd&ID=c829abeb-bfac-4224-8332-e7a9a89e692e}, {link=https://creativecommons.org/publicdomain/mark/*/deed.nl}, {link=}]
errors:
-------
feature call (loop) failed at index: 2
caller: classpath:InspireTest/ngr/datasetrecords/def/checkxlinkurl.template.feature
arg: {"link":"https://creativecommons.org/publicdomain/mark/*/deed.nl"}
checkxlinkurl.template.feature:15 - status code was: 404, expected: 200, response time: 53, url: https://creativecommons.org/publicdomain/mark/*/deed.nl, response: 
-------
feature call (loop) failed at index: 3
caller: classpath:InspireTest/ngr/datasetrecords/def/checkxlinkurl.template.feature
arg: {"link":""}
checkxlinkurl.template.feature:14 - 
org.apache.http.client.ClientProtocolException
[1.41:16] ngr-check-dataset-record.feature:69 - feature call (loop) failed: classpath:InspireTest/ngr/datasetrecords/def/checkxlinkurl.template.feature
caller: classpath:InspireTest/ngr/datasetrecords/ngr-check-dataset-record.feature
items: [{link=http://nationaalgeoregister.nl/geonetwork/srv/dut/csw?SERVICE=CSW&version=2.0.2&REQUEST=GetRecordById&elementSetName=full&OutputSchema=http://www.isotc211.org/2005/gmd&ID=df5ee213-e1bd-433b-80f7-4ea20f493ca8}, {link=https://creativecommons.org/publicdomain/mark/*/deed.nl}, {link=}]
errors:
-------
feature call (loop) failed at index: 1
caller: classpath:InspireTest/ngr/datasetrecords/def/checkxlinkurl.template.feature
arg: {"link":"https://creativecommons.org/publicdomain/mark/*/deed.nl"}
checkxlinkurl.template.feature:15 - status code was: 404, expected: 200, response time: 40, url: https://creativecommons.org/publicdomain/mark/*/deed.nl, response: 
-------
feature call (loop) failed at index: 2
caller: classpath:InspireTest/ngr/datasetrecords/def/checkxlinkurl.template.feature
arg: {"link":""}
checkxlinkurl.template.feature:14 - 
org.apache.http.client.ClientProtocolException
[1.42:16] ngr-check-dataset-record.feature:69 - feature call (loop) failed: classpath:InspireTest/ngr/datasetrecords/def/checkxlinkurl.template.feature
caller: classpath:InspireTest/ngr/datasetrecords/ngr-check-dataset-record.feature
items: [{link=http://www.opengis.net/def/crs/EPSG/0/http://www.opengis.net/def/crs/EPSG/0/3034}, {link=http://nationaalgeoregister.nl/geonetwork/srv/dut/csw?SERVICE=CSW&version=2.0.2&REQUEST=GetRecordById&elementSetName=full&OutputSchema=http://www.isotc211.org/2005/gmd&ID=34e6165f-1269-48d1-b255-0f05d163d692}, {link=https://creativecommons.org/publicdomain/mark/*/deed.nl}, {link=}]
errors:
-------
feature call (loop) failed at index: 2
caller: classpath:InspireTest/ngr/datasetrecords/def/checkxlinkurl.template.feature
arg: {"link":"https://creativecommons.org/publicdomain/mark/*/deed.nl"}
checkxlinkurl.template.feature:15 - status code was: 404, expected: 200, response time: 40, url: https://creativecommons.org/publicdomain/mark/*/deed.nl, response: 
-------
feature call (loop) failed at index: 3
caller: classpath:InspireTest/ngr/datasetrecords/def/checkxlinkurl.template.feature
arg: {"link":""}
checkxlinkurl.template.feature:14 - 
org.apache.http.client.ClientProtocolException
[1.43:16] ngr-check-dataset-record.feature:69 - feature call (loop) failed: classpath:InspireTest/ngr/datasetrecords/def/checkxlinkurl.template.feature
caller: classpath:InspireTest/ngr/datasetrecords/ngr-check-dataset-record.feature
items: [{link=http://www.opengis.net/def/crs/EPSG/0/https://www.opengis.net/def/crs/EPSG/0/4258}, {link=https://ngr.acceptatie.nationaalgeoregister.nl/geonetwork/srv/resourcesd7ab6903-1152-450b-b81d-042682dcfd03}]
errors:
-------
feature call (loop) failed at index: 1
caller: classpath:InspireTest/ngr/datasetrecords/def/checkxlinkurl.template.feature
arg: {"link":"https://ngr.acceptatie.nationaalgeoregister.nl/geonetwork/srv/resourcesd7ab6903-1152-450b-b81d-042682dcfd03"}
checkxlinkurl.template.feature:15 - status code was: 404, expected: 200, response time: 280, url: https://ngr.acceptatie.nationaalgeoregister.nl/geonetwork/srv/resourcesd7ab6903-1152-450b-b81d-042682dcfd03, response: 
[1.45:16] ngr-check-dataset-record.feature:69 - feature call (loop) failed: classpath:InspireTest/ngr/datasetrecords/def/checkxlinkurl.template.feature
caller: classpath:InspireTest/ngr/datasetrecords/ngr-check-dataset-record.feature
items: [{link=http://www.opengis.net/def/crs/EPSG/0/https://www.opengis.net/def/crs/EPSG/0/4258}, {link=https://www.nationaalgeoregister.nl:443/geonetwork/srv/api/records/a5241416-8401-4623-be61-57ef50447a41}]
errors:
-------
feature call (loop) failed at index: 1
caller: classpath:InspireTest/ngr/datasetrecords/def/checkxlinkurl.template.feature
arg: {"link":"https://www.nationaalgeoregister.nl:443/geonetwork/srv/api/records/a5241416-8401-4623-be61-57ef50447a41"}
checkxlinkurl.template.feature:15 - status code was: 400, expected: 200, response time: 276, url: https://www.nationaalgeoregister.nl:443/geonetwork/srv/api/records/a5241416-8401-4623-be61-57ef50447a41, response: 
[1.46:16] ngr-check-dataset-record.feature:69 - feature call (loop) failed: classpath:InspireTest/ngr/datasetrecords/def/checkxlinkurl.template.feature
caller: classpath:InspireTest/ngr/datasetrecords/ngr-check-dataset-record.feature
items: [{link=https://nationaalgeoregister.nl/geonetwork/srv/resources052a3480-1031-4d29-ba55-01672e2c50d9}]
errors:
-------
feature call (loop) failed at index: 0
caller: classpath:InspireTest/ngr/datasetrecords/def/checkxlinkurl.template.feature
arg: {"link":"https://nationaalgeoregister.nl/geonetwork/srv/resources052a3480-1031-4d29-ba55-01672e2c50d9"}
checkxlinkurl.template.feature:15 - status code was: 404, expected: 200, response time: 282, url: https://nationaalgeoregister.nl/geonetwork/srv/resources052a3480-1031-4d29-ba55-01672e2c50d9, response: 
[1.49:16] ngr-check-dataset-record.feature:69 - feature call (loop) failed: classpath:InspireTest/ngr/datasetrecords/def/checkxlinkurl.template.feature
caller: classpath:InspireTest/ngr/datasetrecords/ngr-check-dataset-record.feature
items: [{link=http://kadaster/06b6c650-cdb1-11dd-ad8b-0800200c9a77}]
errors:
-------
feature call (loop) failed at index: 0
caller: classpath:InspireTest/ngr/datasetrecords/def/checkxlinkurl.template.feature
arg: {"link":"http://kadaster/06b6c650-cdb1-11dd-ad8b-0800200c9a77"}
checkxlinkurl.template.feature:14 - 
java.net.UnknownHostException: kadaster
[1.50:16] ngr-check-dataset-record.feature:69 - feature call (loop) failed: classpath:InspireTest/ngr/datasetrecords/def/checkxlinkurl.template.feature
caller: classpath:InspireTest/ngr/datasetrecords/ngr-check-dataset-record.feature
items: [{link=http://kadaster/79a1c01b-21ad-43e8-a5c2-23e3eeb95be2}, {link=}]
errors:
-------
feature call (loop) failed at index: 0
caller: classpath:InspireTest/ngr/datasetrecords/def/checkxlinkurl.template.feature
arg: {"link":"http://kadaster/79a1c01b-21ad-43e8-a5c2-23e3eeb95be2"}
checkxlinkurl.template.feature:14 - 
java.net.UnknownHostException: kadaster
-------
feature call (loop) failed at index: 1
caller: classpath:InspireTest/ngr/datasetrecords/def/checkxlinkurl.template.feature
arg: {"link":""}
checkxlinkurl.template.feature:14 - 
org.apache.http.client.ClientProtocolException
[1.51:16] ngr-check-dataset-record.feature:69 - feature call (loop) failed: classpath:InspireTest/ngr/datasetrecords/def/checkxlinkurl.template.feature
caller: classpath:InspireTest/ngr/datasetrecords/ngr-check-dataset-record.feature
items: [{link=http://www.opengis.net/def/crs/EPSG/0/http://www.opengis.net/def/crs/EPSG/0/3034}, {link=http://nationaalgeoregister.nl/geonetwork/srv/dut/csw?SERVICE=CSW&version=2.0.2&REQUEST=GetRecordById&elementSetName=full&OutputSchema=http://www.isotc211.org/2005/gmd&ID=0f128799-cf18-4b37-a721-e62b068191f5}, {link=https://creativecommons.org/publicdomain/mark/*/deed.nl}, {link=}]
errors:
-------
feature call (loop) failed at index: 2
caller: classpath:InspireTest/ngr/datasetrecords/def/checkxlinkurl.template.feature
arg: {"link":"https://creativecommons.org/publicdomain/mark/*/deed.nl"}
checkxlinkurl.template.feature:15 - status code was: 404, expected: 200, response time: 66, url: https://creativecommons.org/publicdomain/mark/*/deed.nl, response: 
-------
feature call (loop) failed at index: 3
caller: classpath:InspireTest/ngr/datasetrecords/def/checkxlinkurl.template.feature
arg: {"link":""}
checkxlinkurl.template.feature:14 - 
org.apache.http.client.ClientProtocolException
[1.52:16] ngr-check-dataset-record.feature:69 - feature call (loop) failed: classpath:InspireTest/ngr/datasetrecords/def/checkxlinkurl.template.feature
caller: classpath:InspireTest/ngr/datasetrecords/ngr-check-dataset-record.feature
items: [{link=}]
errors:
-------
feature call (loop) failed at index: 0
caller: classpath:InspireTest/ngr/datasetrecords/def/checkxlinkurl.template.feature
arg: {"link":""}
checkxlinkurl.template.feature:14 - 
org.apache.http.client.ClientProtocolException
[1.53:16] ngr-check-dataset-record.feature:69 - feature call (loop) failed: classpath:InspireTest/ngr/datasetrecords/def/checkxlinkurl.template.feature
caller: classpath:InspireTest/ngr/datasetrecords/ngr-check-dataset-record.feature
items: [{link=u}, {link=r}, {link=n}, {link=:}, {link=o}, {link=g}, {link=c}, {link=:}, {link=d}, {link=e}, {link=f}, {link=:}, {link=c}, {link=r}, {link=s}, {link=:}, {link=E}, {link=P}, {link=S}, {link=G}, {link=:}, {link=:}, {link=5}, {link=6}, {link=2}, {link=1}]
errors:
-------
feature call (loop) failed at index: 0
caller: classpath:InspireTest/ngr/datasetrecords/def/checkxlinkurl.template.feature
arg: {"link":"u"}
checkxlinkurl.template.feature:14 - 
org.apache.http.client.ClientProtocolException
-------
feature call (loop) failed at index: 1
caller: classpath:InspireTest/ngr/datasetrecords/def/checkxlinkurl.template.feature
arg: {"link":"r"}
checkxlinkurl.template.feature:14 - 
org.apache.http.client.ClientProtocolException
-------
feature call (loop) failed at index: 2
caller: classpath:InspireTest/ngr/datasetrecords/def/checkxlinkurl.template.feature
arg: {"link":"n"}
checkxlinkurl.template.feature:14 - 
org.apache.http.client.ClientProtocolException
-------
feature call (loop) failed at index: 3
caller: classpath:InspireTest/ngr/datasetrecords/def/checkxlinkurl.template.feature
arg: {"link":":"}
checkxlinkurl.template.feature:14 - java.net.URISyntaxException: Expected scheme name at index 0: :
-------
feature call (loop) failed at index: 4
caller: classpath:InspireTest/ngr/datasetrecords/def/checkxlinkurl.template.feature
arg: {"link":"o"}
checkxlinkurl.template.feature:14 - 
org.apache.http.client.ClientProtocolException
-------
feature call (loop) failed at index: 5
caller: classpath:InspireTest/ngr/datasetrecords/def/checkxlinkurl.template.feature
arg: {"link":"g"}
checkxlinkurl.template.feature:14 - 
org.apache.http.client.ClientProtocolException
-------
feature call (loop) failed at index: 6
caller: classpath:InspireTest/ngr/datasetrecords/def/checkxlinkurl.template.feature
arg: {"link":"c"}
checkxlinkurl.template.feature:14 - 
org.apache.http.client.ClientProtocolException
-------
feature call (loop) failed at index: 7
caller: classpath:InspireTest/ngr/datasetrecords/def/checkxlinkurl.template.feature
arg: {"link":":"}
checkxlinkurl.template.feature:14 - java.net.URISyntaxException: Expected scheme name at index 0: :
-------
feature call (loop) failed at index: 8
caller: classpath:InspireTest/ngr/datasetrecords/def/checkxlinkurl.template.feature
arg: {"link":"d"}
checkxlinkurl.template.feature:14 - 
org.apache.http.client.ClientProtocolException
-------
feature call (loop) failed at index: 9
caller: classpath:InspireTest/ngr/datasetrecords/def/checkxlinkurl.template.feature
arg: {"link":"e"}
checkxlinkurl.template.feature:14 - 
org.apache.http.client.ClientProtocolException
-------
feature call (loop) failed at index: 10
caller: classpath:InspireTest/ngr/datasetrecords/def/checkxlinkurl.template.feature
arg: {"link":"f"}
checkxlinkurl.template.feature:14 - 
org.apache.http.client.ClientProtocolException
-------
feature call (loop) failed at index: 11
caller: classpath:InspireTest/ngr/datasetrecords/def/checkxlinkurl.template.feature
arg: {"link":":"}
checkxlinkurl.template.feature:14 - java.net.URISyntaxException: Expected scheme name at index 0: :
-------
feature call (loop) failed at index: 12
caller: classpath:InspireTest/ngr/datasetrecords/def/checkxlinkurl.template.feature
arg: {"link":"c"}
checkxlinkurl.template.feature:14 - 
org.apache.http.client.ClientProtocolException
-------
feature call (loop) failed at index: 13
caller: classpath:InspireTest/ngr/datasetrecords/def/checkxlinkurl.template.feature
arg: {"link":"r"}
checkxlinkurl.template.feature:14 - 
org.apache.http.client.ClientProtocolException
-------
feature call (loop) failed at index: 14
caller: classpath:InspireTest/ngr/datasetrecords/def/checkxlinkurl.template.feature
arg: {"link":"s"}
checkxlinkurl.template.feature:14 - 
org.apache.http.client.ClientProtocolException
-------
feature call (loop) failed at index: 15
caller: classpath:InspireTest/ngr/datasetrecords/def/checkxlinkurl.template.feature
arg: {"link":":"}
checkxlinkurl.template.feature:14 - java.net.URISyntaxException: Expected scheme name at index 0: :
-------
feature call (loop) failed at index: 16
caller: classpath:InspireTest/ngr/datasetrecords/def/checkxlinkurl.template.feature
arg: {"link":"E"}
checkxlinkurl.template.feature:14 - 
org.apache.http.client.ClientProtocolException
-------
feature call (loop) failed at index: 17
caller: classpath:InspireTest/ngr/datasetrecords/def/checkxlinkurl.template.feature
arg: {"link":"P"}
checkxlinkurl.template.feature:14 - 
org.apache.http.client.ClientProtocolException
-------
feature call (loop) failed at index: 18
caller: classpath:InspireTest/ngr/datasetrecords/def/checkxlinkurl.template.feature
arg: {"link":"S"}
checkxlinkurl.template.feature:14 - 
org.apache.http.client.ClientProtocolException
-------
feature call (loop) failed at index: 19
caller: classpath:InspireTest/ngr/datasetrecords/def/checkxlinkurl.template.feature
arg: {"link":"G"}
checkxlinkurl.template.feature:14 - 
org.apache.http.client.ClientProtocolException
-------
feature call (loop) failed at index: 20
caller: classpath:InspireTest/ngr/datasetrecords/def/checkxlinkurl.template.feature
arg: {"link":":"}
checkxlinkurl.template.feature:14 - java.net.URISyntaxException: Expected scheme name at index 0: :
-------
feature call (loop) failed at index: 21
caller: classpath:InspireTest/ngr/datasetrecords/def/checkxlinkurl.template.feature
arg: {"link":":"}
checkxlinkurl.template.feature:14 - java.net.URISyntaxException: Expected scheme name at index 0: :
-------
feature call (loop) failed at index: 22
caller: classpath:InspireTest/ngr/datasetrecords/def/checkxlinkurl.template.feature
arg: {"link":"5"}
checkxlinkurl.template.feature:14 - 
org.apache.http.client.ClientProtocolException
-------
feature call (loop) failed at index: 23
caller: classpath:InspireTest/ngr/datasetrecords/def/checkxlinkurl.template.feature
arg: {"link":"6"}
checkxlinkurl.template.feature:14 - 
org.apache.http.client.ClientProtocolException
-------
feature call (loop) failed at index: 24
caller: classpath:InspireTest/ngr/datasetrecords/def/checkxlinkurl.template.feature
arg: {"link":"2"}
checkxlinkurl.template.feature:14 - 
org.apache.http.client.ClientProtocolException
-------
feature call (loop) failed at index: 25
caller: classpath:InspireTest/ngr/datasetrecords/def/checkxlinkurl.template.feature
arg: {"link":"1"}
checkxlinkurl.template.feature:14 - 
org.apache.http.client.ClientProtocolException
[1.54:16] ngr-check-dataset-record.feature:69 - feature call (loop) failed: classpath:InspireTest/ngr/datasetrecords/def/checkxlinkurl.template.feature
caller: classpath:InspireTest/ngr/datasetrecords/ngr-check-dataset-record.feature
items: [{link=http://kadaster/e2318c58-b1e6-4621-9c77-33b8a1fd0e76}]
errors:
-------
feature call (loop) failed at index: 0
caller: classpath:InspireTest/ngr/datasetrecords/def/checkxlinkurl.template.feature
arg: {"link":"http://kadaster/e2318c58-b1e6-4621-9c77-33b8a1fd0e76"}
checkxlinkurl.template.feature:14 - 
java.net.UnknownHostException: kadaster
[1.55:16] ngr-check-dataset-record.feature:69 - feature call (loop) failed: classpath:InspireTest/ngr/datasetrecords/def/checkxlinkurl.template.feature
caller: classpath:InspireTest/ngr/datasetrecords/ngr-check-dataset-record.feature
items: [{link=https://geodata.nationaalgeoregister.nl/inspire/su-grid/wfs}, {link=}]
errors:
-------
feature call (loop) failed at index: 0
caller: classpath:InspireTest/ngr/datasetrecords/def/checkxlinkurl.template.feature
arg: {"link":"https://geodata.nationaalgeoregister.nl/inspire/su-grid/wfs"}
checkxlinkurl.template.feature:15 - status code was: 400, expected: 200, response time: 454, url: https://geodata.nationaalgeoregister.nl/inspire/su-grid/wfs, response: 
-------
feature call (loop) failed at index: 1
caller: classpath:InspireTest/ngr/datasetrecords/def/checkxlinkurl.template.feature
arg: {"link":""}
checkxlinkurl.template.feature:14 - 
org.apache.http.client.ClientProtocolException
[1.56:16] ngr-check-dataset-record.feature:69 - feature call (loop) failed: classpath:InspireTest/ngr/datasetrecords/def/checkxlinkurl.template.feature
caller: classpath:InspireTest/ngr/datasetrecords/ngr-check-dataset-record.feature
items: [{link=http://www.opengis.net/def/crs/EPSG/0/http://www.opengis.net/def/crs/EPSG/0/3034}, {link=http://nationaalgeoregister.nl/geonetwork/srv/dut/csw?SERVICE=CSW&version=2.0.2&REQUEST=GetRecordById&elementSetName=full&OutputSchema=http://www.isotc211.org/2005/gmd&ID=60a2a7c2-d5b3-4ad5-b562-c448695357fb}, {link=https://creativecommons.org/publicdomain/mark/*/deed.nl}, {link=}]
errors:
-------
feature call (loop) failed at index: 2
caller: classpath:InspireTest/ngr/datasetrecords/def/checkxlinkurl.template.feature
arg: {"link":"https://creativecommons.org/publicdomain/mark/*/deed.nl"}
checkxlinkurl.template.feature:15 - status code was: 404, expected: 200, response time: 49, url: https://creativecommons.org/publicdomain/mark/*/deed.nl, response: 
-------
feature call (loop) failed at index: 3
caller: classpath:InspireTest/ngr/datasetrecords/def/checkxlinkurl.template.feature
arg: {"link":""}
checkxlinkurl.template.feature:14 - 
org.apache.http.client.ClientProtocolException
[1.57:16] ngr-check-dataset-record.feature:69 - feature call (loop) failed: classpath:InspireTest/ngr/datasetrecords/def/checkxlinkurl.template.feature
caller: classpath:InspireTest/ngr/datasetrecords/ngr-check-dataset-record.feature
items: [{link=https://data.rivm.nl/inspire/id#5cb4b489-67c8-44bc-85c5-424a80a53b3b}]
errors:
-------
feature call (loop) failed at index: 0
caller: classpath:InspireTest/ngr/datasetrecords/def/checkxlinkurl.template.feature
arg: {"link":"https://data.rivm.nl/inspire/id#5cb4b489-67c8-44bc-85c5-424a80a53b3b"}
checkxlinkurl.template.feature:14 - 
javax.net.ssl.SSLException: Connection reset
[1.58:16] ngr-check-dataset-record.feature:69 - feature call (loop) failed: classpath:InspireTest/ngr/datasetrecords/def/checkxlinkurl.template.feature
caller: classpath:InspireTest/ngr/datasetrecords/ngr-check-dataset-record.feature
items: [{link=http://services.rce.geovoorziening.nl/www/download/nl.xml}, {link=}, {link=}]
errors:
-------
feature call (loop) failed at index: 1
caller: classpath:InspireTest/ngr/datasetrecords/def/checkxlinkurl.template.feature
arg: {"link":""}
checkxlinkurl.template.feature:14 - 
org.apache.http.client.ClientProtocolException
-------
feature call (loop) failed at index: 2
caller: classpath:InspireTest/ngr/datasetrecords/def/checkxlinkurl.template.feature
arg: {"link":""}
checkxlinkurl.template.feature:14 - 
org.apache.http.client.ClientProtocolException
[1.59:16] ngr-check-dataset-record.feature:69 - feature call (loop) failed: classpath:InspireTest/ngr/datasetrecords/def/checkxlinkurl.template.feature
caller: classpath:InspireTest/ngr/datasetrecords/ngr-check-dataset-record.feature
items: [{link=http://www.opengis.net/def/crs/EPSG/0/http://www.opengis.net/def/crs/EPSG/0/3034}, {link=http://nationaalgeoregister.nl/geonetwork/srv/dut/csw?SERVICE=CSW&version=2.0.2&REQUEST=GetRecordById&elementSetName=full&OutputSchema=http://www.isotc211.org/2005/gmd&ID=c7d8d77b-8c47-4309-8c58-9b12b086407f}, {link=https://creativecommons.org/publicdomain/mark/*/deed.nl}, {link=}]
errors:
-------
feature call (loop) failed at index: 2
caller: classpath:InspireTest/ngr/datasetrecords/def/checkxlinkurl.template.feature
arg: {"link":"https://creativecommons.org/publicdomain/mark/*/deed.nl"}
checkxlinkurl.template.feature:15 - status code was: 404, expected: 200, response time: 57, url: https://creativecommons.org/publicdomain/mark/*/deed.nl, response: 
-------
feature call (loop) failed at index: 3
caller: classpath:InspireTest/ngr/datasetrecords/def/checkxlinkurl.template.feature
arg: {"link":""}
checkxlinkurl.template.feature:14 - 
org.apache.http.client.ClientProtocolException
[1.60:16] ngr-check-dataset-record.feature:69 - feature call (loop) failed: classpath:InspireTest/ngr/datasetrecords/def/checkxlinkurl.template.feature
caller: classpath:InspireTest/ngr/datasetrecords/ngr-check-dataset-record.feature
items: [{link=https://www.nationaalgeoregister.nl/geonetwork/srv/api/records83dab947-387b-49df-8ad2-32bb10d46d38}]
errors:
-------
feature call (loop) failed at index: 0
caller: classpath:InspireTest/ngr/datasetrecords/def/checkxlinkurl.template.feature
arg: {"link":"https://www.nationaalgeoregister.nl/geonetwork/srv/api/records83dab947-387b-49df-8ad2-32bb10d46d38"}
checkxlinkurl.template.feature:15 - status code was: 500, expected: 200, response time: 452, url: https://www.nationaalgeoregister.nl/geonetwork/srv/api/records83dab947-387b-49df-8ad2-32bb10d46d38, response: 
[1.61:16] ngr-check-dataset-record.feature:69 - feature call (loop) failed: classpath:InspireTest/ngr/datasetrecords/def/checkxlinkurl.template.feature
caller: classpath:InspireTest/ngr/datasetrecords/ngr-check-dataset-record.feature
items: [{link=http://www.opengis.net/def/crs/EPSG/0/http://www.opengis.net/def/crs/EPSG/0/4258}, {link=http://kadaster/ff1d6d44-aea1-4ad5-b084-9afea143f1bf}]
errors:
-------
feature call (loop) failed at index: 1
caller: classpath:InspireTest/ngr/datasetrecords/def/checkxlinkurl.template.feature
arg: {"link":"http://kadaster/ff1d6d44-aea1-4ad5-b084-9afea143f1bf"}
checkxlinkurl.template.feature:14 - 
java.net.UnknownHostException: kadaster
[1.62:16] ngr-check-dataset-record.feature:69 - feature call (loop) failed: classpath:InspireTest/ngr/datasetrecords/def/checkxlinkurl.template.feature
caller: classpath:InspireTest/ngr/datasetrecords/ngr-check-dataset-record.feature
items: [{link=https://data.rivm.nl/inspire/id#64d546c9-71d4-4c84-a04c-61c5d0734f65}]
errors:
-------
feature call (loop) failed at index: 0
caller: classpath:InspireTest/ngr/datasetrecords/def/checkxlinkurl.template.feature
arg: {"link":"https://data.rivm.nl/inspire/id#64d546c9-71d4-4c84-a04c-61c5d0734f65"}
checkxlinkurl.template.feature:14 - 
javax.net.ssl.SSLException: Connection reset
[1.63:16] ngr-check-dataset-record.feature:37 - xpath does not exist: /GetRecordByIdResponse//@href on response
[1.64:16] ngr-check-dataset-record.feature:69 - feature call (loop) failed: classpath:InspireTest/ngr/datasetrecords/def/checkxlinkurl.template.feature
caller: classpath:InspireTest/ngr/datasetrecords/ngr-check-dataset-record.feature
items: [{link=}]
errors:
-------
feature call (loop) failed at index: 0
caller: classpath:InspireTest/ngr/datasetrecords/def/checkxlinkurl.template.feature
arg: {"link":""}
checkxlinkurl.template.feature:14 - 
org.apache.http.client.ClientProtocolException
[1.65:16] ngr-check-dataset-record.feature:69 - feature call (loop) failed: classpath:InspireTest/ngr/datasetrecords/def/checkxlinkurl.template.feature
caller: classpath:InspireTest/ngr/datasetrecords/ngr-check-dataset-record.feature
items: [{link=https://www.nationaalgeoregister.nl/geonetwork/srv/dut/catalog.search#/metadata/5a1adb58-0bbe-425d-b0fe-577a6c0a4228}, {link=http://rdfdata.eionet.europa.eu/inspirethemes/themes/10}, {link=urn:ogc:def:crs:EPSG::5709}]
errors:
-------
feature call (loop) failed at index: 1
caller: classpath:InspireTest/ngr/datasetrecords/def/checkxlinkurl.template.feature
arg: {"link":"http://rdfdata.eionet.europa.eu/inspirethemes/themes/10"}
checkxlinkurl.template.feature:15 - status code was: 404, expected: 200, response time: 200, url: http://rdfdata.eionet.europa.eu/inspirethemes/themes/10, response: 
-------
feature call (loop) failed at index: 2
caller: classpath:InspireTest/ngr/datasetrecords/def/checkxlinkurl.template.feature
arg: {"link":"urn:ogc:def:crs:EPSG::5709"}
checkxlinkurl.template.feature:14 - 
org.apache.http.client.ClientProtocolException: URI does not specify a valid host name: urn:ogc:def:crs:EPSG::5709
[1.66:16] ngr-check-dataset-record.feature:69 - feature call (loop) failed: classpath:InspireTest/ngr/datasetrecords/def/checkxlinkurl.template.feature
caller: classpath:InspireTest/ngr/datasetrecords/ngr-check-dataset-record.feature
items: [{link=https://www.nationaalgeoregister.nl/geonetwork/srv/dut/catalog.search#/metadata/wt-f5eb-b09f-4f6d-8397-8878a1b86238}, {link=http://rdfdata.eionet.europa.eu/inspirethemes/themes/18}, {link=https://ngr.geocat.live/geonetwork/srv/eng/thesaurus.download?ref=external.theme.httpinspireeceuropaeumetadatacodelistPrioritydataset-Prioritydataset}]
errors:
-------
feature call (loop) failed at index: 1
caller: classpath:InspireTest/ngr/datasetrecords/def/checkxlinkurl.template.feature
arg: {"link":"http://rdfdata.eionet.europa.eu/inspirethemes/themes/18"}
checkxlinkurl.template.feature:15 - status code was: 404, expected: 200, response time: 199, url: http://rdfdata.eionet.europa.eu/inspirethemes/themes/18, response: 
-------
feature call (loop) failed at index: 2
caller: classpath:InspireTest/ngr/datasetrecords/def/checkxlinkurl.template.feature
arg: {"link":"https://ngr.geocat.live/geonetwork/srv/eng/thesaurus.download?ref=external.theme.httpinspireeceuropaeumetadatacodelistPrioritydataset-Prioritydataset"}
checkxlinkurl.template.feature:15 - status code was: 500, expected: 200, response time: 310, url: https://ngr.geocat.live/geonetwork/srv/eng/thesaurus.download?ref=external.theme.httpinspireeceuropaeumetadatacodelistPrioritydataset-Prioritydataset, response: 
[1.67:16] ngr-check-dataset-record.feature:69 - feature call (loop) failed: classpath:InspireTest/ngr/datasetrecords/def/checkxlinkurl.template.feature
caller: classpath:InspireTest/ngr/datasetrecords/ngr-check-dataset-record.feature
items: [{link=https://www.nationaalgeoregister.nl/geonetwork/srv/dut/catalog.search#/metadata/wt-3730-e750-485a-9c0c-39bf9be72cf9}, {link=http://rdfdata.eionet.europa.eu/inspirethemes/themes/18}, {link=https://ngr.geocat.live/geonetwork/srv/eng/thesaurus.download?ref=external.theme.httpinspireeceuropaeumetadatacodelistPrioritydataset-Prioritydataset}]
errors:
-------
feature call (loop) failed at index: 1
caller: classpath:InspireTest/ngr/datasetrecords/def/checkxlinkurl.template.feature
arg: {"link":"http://rdfdata.eionet.europa.eu/inspirethemes/themes/18"}
checkxlinkurl.template.feature:15 - status code was: 404, expected: 200, response time: 213, url: http://rdfdata.eionet.europa.eu/inspirethemes/themes/18, response: 
-------
feature call (loop) failed at index: 2
caller: classpath:InspireTest/ngr/datasetrecords/def/checkxlinkurl.template.feature
arg: {"link":"https://ngr.geocat.live/geonetwork/srv/eng/thesaurus.download?ref=external.theme.httpinspireeceuropaeumetadatacodelistPrioritydataset-Prioritydataset"}
checkxlinkurl.template.feature:15 - status code was: 500, expected: 200, response time: 469, url: https://ngr.geocat.live/geonetwork/srv/eng/thesaurus.download?ref=external.theme.httpinspireeceuropaeumetadatacodelistPrioritydataset-Prioritydataset, response: 
[1.68:16] ngr-check-dataset-record.feature:69 - feature call (loop) failed: classpath:InspireTest/ngr/datasetrecords/def/checkxlinkurl.template.feature
caller: classpath:InspireTest/ngr/datasetrecords/ngr-check-dataset-record.feature
items: [{link=https://www.nationaalgeoregister.nl/geonetwork/srv/dut/catalog.search#/metadata/50eef6be-619d-4e16-9b92-48971109b636}, {link=http://rdfdata.eionet.europa.eu/inspirethemes/themes/18}, {link=http://inspire.ec.europa.eu/metadata-codelist/PriorityDataset/MajorRoadsNoiseExposureDelineationNight-dir-2002-49}, {link=https://ngr.geocat.live/geonetwork/srv/eng/thesaurus.download?ref=external.theme.httpinspireeceuropaeumetadatacodelistPrioritydataset-Prioritydataset}, {link=urn:ogc:def:crs:EPSG::5709}]
errors:
-------
feature call (loop) failed at index: 1
caller: classpath:InspireTest/ngr/datasetrecords/def/checkxlinkurl.template.feature
arg: {"link":"http://rdfdata.eionet.europa.eu/inspirethemes/themes/18"}
checkxlinkurl.template.feature:15 - status code was: 404, expected: 200, response time: 201, url: http://rdfdata.eionet.europa.eu/inspirethemes/themes/18, response: 
-------
feature call (loop) failed at index: 3
caller: classpath:InspireTest/ngr/datasetrecords/def/checkxlinkurl.template.feature
arg: {"link":"https://ngr.geocat.live/geonetwork/srv/eng/thesaurus.download?ref=external.theme.httpinspireeceuropaeumetadatacodelistPrioritydataset-Prioritydataset"}
checkxlinkurl.template.feature:15 - status code was: 500, expected: 200, response time: 314, url: https://ngr.geocat.live/geonetwork/srv/eng/thesaurus.download?ref=external.theme.httpinspireeceuropaeumetadatacodelistPrioritydataset-Prioritydataset, response: 
-------
feature call (loop) failed at index: 4
caller: classpath:InspireTest/ngr/datasetrecords/def/checkxlinkurl.template.feature
arg: {"link":"urn:ogc:def:crs:EPSG::5709"}
checkxlinkurl.template.feature:14 - 
org.apache.http.client.ClientProtocolException: URI does not specify a valid host name: urn:ogc:def:crs:EPSG::5709
[1.69:16] ngr-check-dataset-record.feature:69 - feature call (loop) failed: classpath:InspireTest/ngr/datasetrecords/def/checkxlinkurl.template.feature
caller: classpath:InspireTest/ngr/datasetrecords/ngr-check-dataset-record.feature
items: [{link=https://www.nationaalgeoregister.nl/geonetwork/srv/dut/catalog.search#/metadata/8de2f5eb-b09f-4f6d-8397-8878a1b86238}, {link=http://rdfdata.eionet.europa.eu/inspirethemes/themes/18}, {link=https://ngr.geocat.live/geonetwork/srv/eng/thesaurus.download?ref=external.theme.httpinspireeceuropaeumetadatacodelistPrioritydataset-Prioritydataset}, {link=urn:ogc:def:crs:EPSG::5709}]
errors:
-------
feature call (loop) failed at index: 1
caller: classpath:InspireTest/ngr/datasetrecords/def/checkxlinkurl.template.feature
arg: {"link":"http://rdfdata.eionet.europa.eu/inspirethemes/themes/18"}
checkxlinkurl.template.feature:15 - status code was: 404, expected: 200, response time: 200, url: http://rdfdata.eionet.europa.eu/inspirethemes/themes/18, response: 
-------
feature call (loop) failed at index: 2
caller: classpath:InspireTest/ngr/datasetrecords/def/checkxlinkurl.template.feature
arg: {"link":"https://ngr.geocat.live/geonetwork/srv/eng/thesaurus.download?ref=external.theme.httpinspireeceuropaeumetadatacodelistPrioritydataset-Prioritydataset"}
checkxlinkurl.template.feature:15 - status code was: 500, expected: 200, response time: 821, url: https://ngr.geocat.live/geonetwork/srv/eng/thesaurus.download?ref=external.theme.httpinspireeceuropaeumetadatacodelistPrioritydataset-Prioritydataset, response: 
-------
feature call (loop) failed at index: 3
caller: classpath:InspireTest/ngr/datasetrecords/def/checkxlinkurl.template.feature
arg: {"link":"urn:ogc:def:crs:EPSG::5709"}
checkxlinkurl.template.feature:14 - 
org.apache.http.client.ClientProtocolException: URI does not specify a valid host name: urn:ogc:def:crs:EPSG::5709
[1.70:16] ngr-check-dataset-record.feature:69 - feature call (loop) failed: classpath:InspireTest/ngr/datasetrecords/def/checkxlinkurl.template.feature
caller: classpath:InspireTest/ngr/datasetrecords/ngr-check-dataset-record.feature
items: [{link=https://www.nationaalgeoregister.nl/geonetwork/srv/dut/catalog.search#/metadata/9b583730-e750-485a-9c0c-39bf9be72cf9}, {link=http://rdfdata.eionet.europa.eu/inspirethemes/themes/18}, {link=https://ngr.geocat.live/geonetwork/srv/eng/thesaurus.download?ref=external.theme.httpinspireeceuropaeumetadatacodelistPrioritydataset-Prioritydataset}, {link=urn:ogc:def:crs:EPSG::5709}]
errors:
-------
feature call (loop) failed at index: 1
caller: classpath:InspireTest/ngr/datasetrecords/def/checkxlinkurl.template.feature
arg: {"link":"http://rdfdata.eionet.europa.eu/inspirethemes/themes/18"}
checkxlinkurl.template.feature:15 - status code was: 404, expected: 200, response time: 203, url: http://rdfdata.eionet.europa.eu/inspirethemes/themes/18, response: 
-------
feature call (loop) failed at index: 2
caller: classpath:InspireTest/ngr/datasetrecords/def/checkxlinkurl.template.feature
arg: {"link":"https://ngr.geocat.live/geonetwork/srv/eng/thesaurus.download?ref=external.theme.httpinspireeceuropaeumetadatacodelistPrioritydataset-Prioritydataset"}
checkxlinkurl.template.feature:15 - status code was: 500, expected: 200, response time: 316, url: https://ngr.geocat.live/geonetwork/srv/eng/thesaurus.download?ref=external.theme.httpinspireeceuropaeumetadatacodelistPrioritydataset-Prioritydataset, response: 
-------
feature call (loop) failed at index: 3
caller: classpath:InspireTest/ngr/datasetrecords/def/checkxlinkurl.template.feature
arg: {"link":"urn:ogc:def:crs:EPSG::5709"}
checkxlinkurl.template.feature:14 - 
org.apache.http.client.ClientProtocolException: URI does not specify a valid host name: urn:ogc:def:crs:EPSG::5709
[1.71:16] ngr-check-dataset-record.feature:69 - feature call (loop) failed: classpath:InspireTest/ngr/datasetrecords/def/checkxlinkurl.template.feature
caller: classpath:InspireTest/ngr/datasetrecords/ngr-check-dataset-record.feature
items: [{link=https://www.nationaalgeoregister.nl/geonetwork/srv/dut/catalog.search#/metadata/9b583730-e750-485a-9c0c-39bf9be72cf8}, {link=http://rdfdata.eionet.europa.eu/inspirethemes/themes/18}, {link=https://ngr.geocat.live/geonetwork/srv/eng/thesaurus.download?ref=external.theme.httpinspireeceuropaeumetadatacodelistPrioritydataset-Prioritydataset}]
errors:
-------
feature call (loop) failed at index: 1
caller: classpath:InspireTest/ngr/datasetrecords/def/checkxlinkurl.template.feature
arg: {"link":"http://rdfdata.eionet.europa.eu/inspirethemes/themes/18"}
checkxlinkurl.template.feature:15 - status code was: 404, expected: 200, response time: 199, url: http://rdfdata.eionet.europa.eu/inspirethemes/themes/18, response: 
-------
feature call (loop) failed at index: 2
caller: classpath:InspireTest/ngr/datasetrecords/def/checkxlinkurl.template.feature
arg: {"link":"https://ngr.geocat.live/geonetwork/srv/eng/thesaurus.download?ref=external.theme.httpinspireeceuropaeumetadatacodelistPrioritydataset-Prioritydataset"}
checkxlinkurl.template.feature:15 - status code was: 500, expected: 200, response time: 793, url: https://ngr.geocat.live/geonetwork/srv/eng/thesaurus.download?ref=external.theme.httpinspireeceuropaeumetadatacodelistPrioritydataset-Prioritydataset, response: 
[1.72:16] ngr-check-dataset-record.feature:69 - feature call (loop) failed: classpath:InspireTest/ngr/datasetrecords/def/checkxlinkurl.template.feature
caller: classpath:InspireTest/ngr/datasetrecords/ngr-check-dataset-record.feature
items: [{link=https://www.nationaalgeoregister.nl/geonetwork/srv/dut/catalog.search#/metadata/krm-a905-9d8e-4758-83fa-28b057f185e3}, {link=http://rdfdata.eionet.europa.eu/inspirethemes/themes/24}, {link=https://ngr.geocat.live/geonetwork/srv/eng/thesaurus.download?ref=external.theme.httpinspireeceuropaeumetadatacodelistPrioritydataset-Prioritydataset}]
errors:
-------
feature call (loop) failed at index: 1
caller: classpath:InspireTest/ngr/datasetrecords/def/checkxlinkurl.template.feature
arg: {"link":"http://rdfdata.eionet.europa.eu/inspirethemes/themes/24"}
checkxlinkurl.template.feature:15 - status code was: 404, expected: 200, response time: 201, url: http://rdfdata.eionet.europa.eu/inspirethemes/themes/24, response: 
-------
feature call (loop) failed at index: 2
caller: classpath:InspireTest/ngr/datasetrecords/def/checkxlinkurl.template.feature
arg: {"link":"https://ngr.geocat.live/geonetwork/srv/eng/thesaurus.download?ref=external.theme.httpinspireeceuropaeumetadatacodelistPrioritydataset-Prioritydataset"}
checkxlinkurl.template.feature:15 - status code was: 500, expected: 200, response time: 521, url: https://ngr.geocat.live/geonetwork/srv/eng/thesaurus.download?ref=external.theme.httpinspireeceuropaeumetadatacodelistPrioritydataset-Prioritydataset, response: 
[1.73:16] ngr-check-dataset-record.feature:69 - feature call (loop) failed: classpath:InspireTest/ngr/datasetrecords/def/checkxlinkurl.template.feature
caller: classpath:InspireTest/ngr/datasetrecords/ngr-check-dataset-record.feature
items: [{link=https://www.nationaalgeoregister.nl/geonetwork/srv/dut/catalog.search#/metadata/krm-a905-9d8e-4758-83fa-28b057f185e4}, {link=http://rdfdata.eionet.europa.eu/inspirethemes/themes/24}, {link=https://ngr.geocat.live/geonetwork/srv/eng/thesaurus.download?ref=external.theme.httpinspireeceuropaeumetadatacodelistPrioritydataset-Prioritydataset}]
errors:
-------
feature call (loop) failed at index: 1
caller: classpath:InspireTest/ngr/datasetrecords/def/checkxlinkurl.template.feature
arg: {"link":"http://rdfdata.eionet.europa.eu/inspirethemes/themes/24"}
checkxlinkurl.template.feature:15 - status code was: 404, expected: 200, response time: 199, url: http://rdfdata.eionet.europa.eu/inspirethemes/themes/24, response: 
-------
feature call (loop) failed at index: 2
caller: classpath:InspireTest/ngr/datasetrecords/def/checkxlinkurl.template.feature
arg: {"link":"https://ngr.geocat.live/geonetwork/srv/eng/thesaurus.download?ref=external.theme.httpinspireeceuropaeumetadatacodelistPrioritydataset-Prioritydataset"}
checkxlinkurl.template.feature:15 - status code was: 500, expected: 200, response time: 441, url: https://ngr.geocat.live/geonetwork/srv/eng/thesaurus.download?ref=external.theme.httpinspireeceuropaeumetadatacodelistPrioritydataset-Prioritydataset, response: 
[1.74:16] ngr-check-dataset-record.feature:69 - feature call (loop) failed: classpath:InspireTest/ngr/datasetrecords/def/checkxlinkurl.template.feature
caller: classpath:InspireTest/ngr/datasetrecords/ngr-check-dataset-record.feature
items: [{link=https://www.nationaalgeoregister.nl/geonetwork/srv/dut/catalog.search#/metadata/tbjk534p-wubf-crbp-cj25-d4161160gfim}, {link=http://rdfdata.eionet.europa.eu/inspirethemes/themes/28}, {link=https://ngr.geocat.live/geonetwork/srv/eng/thesaurus.download?ref=external.theme.httpinspireeceuropaeumetadatacodelistPrioritydataset-Prioritydataset}]
errors:
-------
feature call (loop) failed at index: 1
caller: classpath:InspireTest/ngr/datasetrecords/def/checkxlinkurl.template.feature
arg: {"link":"http://rdfdata.eionet.europa.eu/inspirethemes/themes/28"}
checkxlinkurl.template.feature:15 - status code was: 404, expected: 200, response time: 201, url: http://rdfdata.eionet.europa.eu/inspirethemes/themes/28, response: 
-------
feature call (loop) failed at index: 2
caller: classpath:InspireTest/ngr/datasetrecords/def/checkxlinkurl.template.feature
arg: {"link":"https://ngr.geocat.live/geonetwork/srv/eng/thesaurus.download?ref=external.theme.httpinspireeceuropaeumetadatacodelistPrioritydataset-Prioritydataset"}
checkxlinkurl.template.feature:15 - status code was: 500, expected: 200, response time: 408, url: https://ngr.geocat.live/geonetwork/srv/eng/thesaurus.download?ref=external.theme.httpinspireeceuropaeumetadatacodelistPrioritydataset-Prioritydataset, response: 
[1.75:16] ngr-check-dataset-record.feature:69 - feature call (loop) failed: classpath:InspireTest/ngr/datasetrecords/def/checkxlinkurl.template.feature
caller: classpath:InspireTest/ngr/datasetrecords/ngr-check-dataset-record.feature
items: [{link=https://www.nationaalgeoregister.nl/geonetwork/srv/dut/catalog.search#/metadata/krw2006-c57b-44a2-83a4-e51223d5f15g}, {link=http://rdfdata.eionet.europa.eu/inspirethemes/themes/24}, {link=https://ngr.geocat.live/geonetwork/srv/eng/thesaurus.download?ref=external.theme.httpinspireeceuropaeumetadatacodelistPrioritydataset-Prioritydataset}, {link=urn:ogc:def:crs:EPSG::5709}]
errors:
-------
feature call (loop) failed at index: 1
caller: classpath:InspireTest/ngr/datasetrecords/def/checkxlinkurl.template.feature
arg: {"link":"http://rdfdata.eionet.europa.eu/inspirethemes/themes/24"}
checkxlinkurl.template.feature:15 - status code was: 404, expected: 200, response time: 201, url: http://rdfdata.eionet.europa.eu/inspirethemes/themes/24, response: 
-------
feature call (loop) failed at index: 2
caller: classpath:InspireTest/ngr/datasetrecords/def/checkxlinkurl.template.feature
arg: {"link":"https://ngr.geocat.live/geonetwork/srv/eng/thesaurus.download?ref=external.theme.httpinspireeceuropaeumetadatacodelistPrioritydataset-Prioritydataset"}
checkxlinkurl.template.feature:15 - status code was: 500, expected: 200, response time: 363, url: https://ngr.geocat.live/geonetwork/srv/eng/thesaurus.download?ref=external.theme.httpinspireeceuropaeumetadatacodelistPrioritydataset-Prioritydataset, response: 
-------
feature call (loop) failed at index: 3
caller: classpath:InspireTest/ngr/datasetrecords/def/checkxlinkurl.template.feature
arg: {"link":"urn:ogc:def:crs:EPSG::5709"}
checkxlinkurl.template.feature:14 - 
org.apache.http.client.ClientProtocolException: URI does not specify a valid host name: urn:ogc:def:crs:EPSG::5709
[1.76:16] ngr-check-dataset-record.feature:69 - feature call (loop) failed: classpath:InspireTest/ngr/datasetrecords/def/checkxlinkurl.template.feature
caller: classpath:InspireTest/ngr/datasetrecords/ngr-check-dataset-record.feature
items: [{link=https://www.nationaalgeoregister.nl/geonetwork/srv/dut/catalog.search#/metadata/622a632a-c57b-44a2-83a4-e51223d5f15g}, {link=http://rdfdata.eionet.europa.eu/inspirethemes/themes/24}, {link=https://ngr.geocat.live/geonetwork/srv/eng/thesaurus.download?ref=external.theme.httpinspireeceuropaeumetadatacodelistPrioritydataset-Prioritydataset}, {link=urn:ogc:def:crs:EPSG::5709}]
errors:
-------
feature call (loop) failed at index: 1
caller: classpath:InspireTest/ngr/datasetrecords/def/checkxlinkurl.template.feature
arg: {"link":"http://rdfdata.eionet.europa.eu/inspirethemes/themes/24"}
checkxlinkurl.template.feature:15 - status code was: 404, expected: 200, response time: 201, url: http://rdfdata.eionet.europa.eu/inspirethemes/themes/24, response: 
-------
feature call (loop) failed at index: 2
caller: classpath:InspireTest/ngr/datasetrecords/def/checkxlinkurl.template.feature
arg: {"link":"https://ngr.geocat.live/geonetwork/srv/eng/thesaurus.download?ref=external.theme.httpinspireeceuropaeumetadatacodelistPrioritydataset-Prioritydataset"}
checkxlinkurl.template.feature:15 - status code was: 500, expected: 200, response time: 353, url: https://ngr.geocat.live/geonetwork/srv/eng/thesaurus.download?ref=external.theme.httpinspireeceuropaeumetadatacodelistPrioritydataset-Prioritydataset, response: 
-------
feature call (loop) failed at index: 3
caller: classpath:InspireTest/ngr/datasetrecords/def/checkxlinkurl.template.feature
arg: {"link":"urn:ogc:def:crs:EPSG::5709"}
checkxlinkurl.template.feature:14 - 
org.apache.http.client.ClientProtocolException: URI does not specify a valid host name: urn:ogc:def:crs:EPSG::5709
[1.77:16] ngr-check-dataset-record.feature:69 - feature call (loop) failed: classpath:InspireTest/ngr/datasetrecords/def/checkxlinkurl.template.feature
caller: classpath:InspireTest/ngr/datasetrecords/ngr-check-dataset-record.feature
items: [{link=https://www.nationaalgeoregister.nl/geonetwork/srv/dut/catalog.search#/metadata/a1960e70-22f4-4fd9-91a8-b605c6ceda3e}, {link=http://rdfdata.eionet.europa.eu/inspirethemes/themes/24}, {link=https://ngr.geocat.live/geonetwork/srv/eng/thesaurus.download?ref=external.theme.httpinspireeceuropaeumetadatacodelistPrioritydataset-Prioritydataset}]
errors:
-------
feature call (loop) failed at index: 1
caller: classpath:InspireTest/ngr/datasetrecords/def/checkxlinkurl.template.feature
arg: {"link":"http://rdfdata.eionet.europa.eu/inspirethemes/themes/24"}
checkxlinkurl.template.feature:15 - status code was: 404, expected: 200, response time: 200, url: http://rdfdata.eionet.europa.eu/inspirethemes/themes/24, response: 
-------
feature call (loop) failed at index: 2
caller: classpath:InspireTest/ngr/datasetrecords/def/checkxlinkurl.template.feature
arg: {"link":"https://ngr.geocat.live/geonetwork/srv/eng/thesaurus.download?ref=external.theme.httpinspireeceuropaeumetadatacodelistPrioritydataset-Prioritydataset"}
checkxlinkurl.template.feature:15 - status code was: 500, expected: 200, response time: 340, url: https://ngr.geocat.live/geonetwork/srv/eng/thesaurus.download?ref=external.theme.httpinspireeceuropaeumetadatacodelistPrioritydataset-Prioritydataset, response: 
[1.78:16] ngr-check-dataset-record.feature:69 - feature call (loop) failed: classpath:InspireTest/ngr/datasetrecords/def/checkxlinkurl.template.feature
caller: classpath:InspireTest/ngr/datasetrecords/ngr-check-dataset-record.feature
items: [{link=https://www.nationaalgeoregister.nl/geonetwork/srv/dut/catalog.search#/metadata/110f9ec6-4464-462e-9765-83d90cefbead}, {link=http://rdfdata.eionet.europa.eu/inspirethemes/themes/24}, {link=https://ngr.geocat.live/geonetwork/srv/eng/thesaurus.download?ref=external.theme.httpinspireeceuropaeumetadatacodelistPrioritydataset-Prioritydataset}]
errors:
-------
feature call (loop) failed at index: 1
caller: classpath:InspireTest/ngr/datasetrecords/def/checkxlinkurl.template.feature
arg: {"link":"http://rdfdata.eionet.europa.eu/inspirethemes/themes/24"}
checkxlinkurl.template.feature:15 - status code was: 404, expected: 200, response time: 200, url: http://rdfdata.eionet.europa.eu/inspirethemes/themes/24, response: 
-------
feature call (loop) failed at index: 2
caller: classpath:InspireTest/ngr/datasetrecords/def/checkxlinkurl.template.feature
arg: {"link":"https://ngr.geocat.live/geonetwork/srv/eng/thesaurus.download?ref=external.theme.httpinspireeceuropaeumetadatacodelistPrioritydataset-Prioritydataset"}
checkxlinkurl.template.feature:15 - status code was: 500, expected: 200, response time: 334, url: https://ngr.geocat.live/geonetwork/srv/eng/thesaurus.download?ref=external.theme.httpinspireeceuropaeumetadatacodelistPrioritydataset-Prioritydataset, response: 
[1.79:16] ngr-check-dataset-record.feature:69 - feature call (loop) failed: classpath:InspireTest/ngr/datasetrecords/def/checkxlinkurl.template.feature
caller: classpath:InspireTest/ngr/datasetrecords/ngr-check-dataset-record.feature
items: [{link=https://www.nationaalgeoregister.nl/geonetwork/srv/dut/catalog.search#/metadata/110f9ec6-4464-462e-9765-83d90cefbeag}, {link=http://rdfdata.eionet.europa.eu/inspirethemes/themes/24}, {link=https://ngr.geocat.live/geonetwork/srv/eng/thesaurus.download?ref=external.theme.httpinspireeceuropaeumetadatacodelistPrioritydataset-Prioritydataset}, {link=urn:ogc:def:crs:EPSG::5709}]
errors:
-------
feature call (loop) failed at index: 1
caller: classpath:InspireTest/ngr/datasetrecords/def/checkxlinkurl.template.feature
arg: {"link":"http://rdfdata.eionet.europa.eu/inspirethemes/themes/24"}
checkxlinkurl.template.feature:15 - status code was: 404, expected: 200, response time: 201, url: http://rdfdata.eionet.europa.eu/inspirethemes/themes/24, response: 
-------
feature call (loop) failed at index: 2
caller: classpath:InspireTest/ngr/datasetrecords/def/checkxlinkurl.template.feature
arg: {"link":"https://ngr.geocat.live/geonetwork/srv/eng/thesaurus.download?ref=external.theme.httpinspireeceuropaeumetadatacodelistPrioritydataset-Prioritydataset"}
checkxlinkurl.template.feature:15 - status code was: 500, expected: 200, response time: 331, url: https://ngr.geocat.live/geonetwork/srv/eng/thesaurus.download?ref=external.theme.httpinspireeceuropaeumetadatacodelistPrioritydataset-Prioritydataset, response: 
-------
feature call (loop) failed at index: 3
caller: classpath:InspireTest/ngr/datasetrecords/def/checkxlinkurl.template.feature
arg: {"link":"urn:ogc:def:crs:EPSG::5709"}
checkxlinkurl.template.feature:14 - 
org.apache.http.client.ClientProtocolException: URI does not specify a valid host name: urn:ogc:def:crs:EPSG::5709
[1.80:16] ngr-check-dataset-record.feature:69 - feature call (loop) failed: classpath:InspireTest/ngr/datasetrecords/def/checkxlinkurl.template.feature
caller: classpath:InspireTest/ngr/datasetrecords/ngr-check-dataset-record.feature
items: [{link=https://www.nationaalgeoregister.nl/geonetwork/srv/dut/catalog.search#/metadata/891ddc2d-8949-4a45-be96-c65b87c41f13}, {link=http://rdfdata.eionet.europa.eu/inspirethemes/themes/20}, {link=https://ngr.geocat.live/geonetwork/srv/eng/thesaurus.download?ref=external.theme.httpinspireeceuropaeumetadatacodelistPrioritydataset-Prioritydataset}]
errors:
-------
feature call (loop) failed at index: 1
caller: classpath:InspireTest/ngr/datasetrecords/def/checkxlinkurl.template.feature
arg: {"link":"http://rdfdata.eionet.europa.eu/inspirethemes/themes/20"}
checkxlinkurl.template.feature:15 - status code was: 404, expected: 200, response time: 199, url: http://rdfdata.eionet.europa.eu/inspirethemes/themes/20, response: 
-------
feature call (loop) failed at index: 2
caller: classpath:InspireTest/ngr/datasetrecords/def/checkxlinkurl.template.feature
arg: {"link":"https://ngr.geocat.live/geonetwork/srv/eng/thesaurus.download?ref=external.theme.httpinspireeceuropaeumetadatacodelistPrioritydataset-Prioritydataset"}
checkxlinkurl.template.feature:15 - status code was: 500, expected: 200, response time: 316, url: https://ngr.geocat.live/geonetwork/srv/eng/thesaurus.download?ref=external.theme.httpinspireeceuropaeumetadatacodelistPrioritydataset-Prioritydataset, response: 
[1.81:16] ngr-check-dataset-record.feature:69 - feature call (loop) failed: classpath:InspireTest/ngr/datasetrecords/def/checkxlinkurl.template.feature
caller: classpath:InspireTest/ngr/datasetrecords/ngr-check-dataset-record.feature
items: [{link=https://www.nationaalgeoregister.nl/geonetwork/srv/dut/catalog.search#/metadata/ror-9d8e-4758-83fx-28b057f185e1}, {link=http://rdfdata.eionet.europa.eu/inspirethemes/themes/25}, {link=https://ngr.geocat.live/geonetwork/srv/eng/thesaurus.download?ref=external.theme.httpinspireeceuropaeumetadatacodelistPrioritydataset-Prioritydataset}, {link=urn:ogc:def:crs:EPSG::5709}]
errors:
-------
feature call (loop) failed at index: 1
caller: classpath:InspireTest/ngr/datasetrecords/def/checkxlinkurl.template.feature
arg: {"link":"http://rdfdata.eionet.europa.eu/inspirethemes/themes/25"}
checkxlinkurl.template.feature:15 - status code was: 404, expected: 200, response time: 199, url: http://rdfdata.eionet.europa.eu/inspirethemes/themes/25, response: 
-------
feature call (loop) failed at index: 2
caller: classpath:InspireTest/ngr/datasetrecords/def/checkxlinkurl.template.feature
arg: {"link":"https://ngr.geocat.live/geonetwork/srv/eng/thesaurus.download?ref=external.theme.httpinspireeceuropaeumetadatacodelistPrioritydataset-Prioritydataset"}
checkxlinkurl.template.feature:15 - status code was: 500, expected: 200, response time: 342, url: https://ngr.geocat.live/geonetwork/srv/eng/thesaurus.download?ref=external.theme.httpinspireeceuropaeumetadatacodelistPrioritydataset-Prioritydataset, response: 
-------
feature call (loop) failed at index: 3
caller: classpath:InspireTest/ngr/datasetrecords/def/checkxlinkurl.template.feature
arg: {"link":"urn:ogc:def:crs:EPSG::5709"}
checkxlinkurl.template.feature:14 - 
org.apache.http.client.ClientProtocolException: URI does not specify a valid host name: urn:ogc:def:crs:EPSG::5709
[1.82:16] ngr-check-dataset-record.feature:69 - feature call (loop) failed: classpath:InspireTest/ngr/datasetrecords/def/checkxlinkurl.template.feature
caller: classpath:InspireTest/ngr/datasetrecords/ngr-check-dataset-record.feature
items: [{link=https://www.nationaalgeoregister.nl/geonetwork/srv/dut/catalog.search#/metadata/a9b7026e-0a81-4813-93bd-ba49e6f28502}, {link=http://rdfdata.eionet.europa.eu/inspirethemes/themes/7}, {link=http://rdfdata.eionet.europa.eu/inspirethemes/themes/18}, {link=https://ngr.geocat.live/geonetwork/srv/eng/thesaurus.download?ref=external.theme.httpinspireeceuropaeumetadatacodelistPrioritydataset-Prioritydataset}, {link=urn:ogc:def:crs:EPSG::5709}]
errors:
-------
feature call (loop) failed at index: 1
caller: classpath:InspireTest/ngr/datasetrecords/def/checkxlinkurl.template.feature
arg: {"link":"http://rdfdata.eionet.europa.eu/inspirethemes/themes/7"}
checkxlinkurl.template.feature:15 - status code was: 404, expected: 200, response time: 200, url: http://rdfdata.eionet.europa.eu/inspirethemes/themes/7, response: 
-------
feature call (loop) failed at index: 2
caller: classpath:InspireTest/ngr/datasetrecords/def/checkxlinkurl.template.feature
arg: {"link":"http://rdfdata.eionet.europa.eu/inspirethemes/themes/18"}
checkxlinkurl.template.feature:15 - status code was: 404, expected: 200, response time: 199, url: http://rdfdata.eionet.europa.eu/inspirethemes/themes/18, response: 
-------
feature call (loop) failed at index: 3
caller: classpath:InspireTest/ngr/datasetrecords/def/checkxlinkurl.template.feature
arg: {"link":"https://ngr.geocat.live/geonetwork/srv/eng/thesaurus.download?ref=external.theme.httpinspireeceuropaeumetadatacodelistPrioritydataset-Prioritydataset"}
checkxlinkurl.template.feature:15 - status code was: 500, expected: 200, response time: 349, url: https://ngr.geocat.live/geonetwork/srv/eng/thesaurus.download?ref=external.theme.httpinspireeceuropaeumetadatacodelistPrioritydataset-Prioritydataset, response: 
-------
feature call (loop) failed at index: 4
caller: classpath:InspireTest/ngr/datasetrecords/def/checkxlinkurl.template.feature
arg: {"link":"urn:ogc:def:crs:EPSG::5709"}
checkxlinkurl.template.feature:14 - 
org.apache.http.client.ClientProtocolException: URI does not specify a valid host name: urn:ogc:def:crs:EPSG::5709
[1.83:16] ngr-check-dataset-record.feature:69 - feature call (loop) failed: classpath:InspireTest/ngr/datasetrecords/def/checkxlinkurl.template.feature
caller: classpath:InspireTest/ngr/datasetrecords/ngr-check-dataset-record.feature
items: [{link=https://www.nationaalgeoregister.nl/geonetwork/srv/dut/catalog.search#/metadata/10f9ec6-4464-462e-9765-83d90cefbeab}, {link=http://rdfdata.eionet.europa.eu/inspirethemes/themes/24}, {link=https://ngr.geocat.live/geonetwork/srv/eng/thesaurus.download?ref=external.theme.httpinspireeceuropaeumetadatacodelistPrioritydataset-Prioritydataset}, {link=urn:ogc:def:crs:EPSG::5709}]
errors:
-------
feature call (loop) failed at index: 1
caller: classpath:InspireTest/ngr/datasetrecords/def/checkxlinkurl.template.feature
arg: {"link":"http://rdfdata.eionet.europa.eu/inspirethemes/themes/24"}
checkxlinkurl.template.feature:15 - status code was: 404, expected: 200, response time: 200, url: http://rdfdata.eionet.europa.eu/inspirethemes/themes/24, response: 
-------
feature call (loop) failed at index: 2
caller: classpath:InspireTest/ngr/datasetrecords/def/checkxlinkurl.template.feature
arg: {"link":"https://ngr.geocat.live/geonetwork/srv/eng/thesaurus.download?ref=external.theme.httpinspireeceuropaeumetadatacodelistPrioritydataset-Prioritydataset"}
checkxlinkurl.template.feature:15 - status code was: 500, expected: 200, response time: 336, url: https://ngr.geocat.live/geonetwork/srv/eng/thesaurus.download?ref=external.theme.httpinspireeceuropaeumetadatacodelistPrioritydataset-Prioritydataset, response: 
-------
feature call (loop) failed at index: 3
caller: classpath:InspireTest/ngr/datasetrecords/def/checkxlinkurl.template.feature
arg: {"link":"urn:ogc:def:crs:EPSG::5709"}
checkxlinkurl.template.feature:14 - 
org.apache.http.client.ClientProtocolException: URI does not specify a valid host name: urn:ogc:def:crs:EPSG::5709
[1.84:16] ngr-check-dataset-record.feature:69 - feature call (loop) failed: classpath:InspireTest/ngr/datasetrecords/def/checkxlinkurl.template.feature
caller: classpath:InspireTest/ngr/datasetrecords/ngr-check-dataset-record.feature
items: [{link=https://www.nationaalgeoregister.nl/geonetwork/srv/dut/catalog.search#/metadata/2e31680f-68b5-4ff3-94a4-9c24109ffd5e}, {link=http://rdfdata.eionet.europa.eu/inspirethemes/themes/24}, {link=https://ngr.geocat.live/geonetwork/srv/eng/thesaurus.download?ref=external.theme.httpinspireeceuropaeumetadatacodelistPrioritydataset-Prioritydataset}, {link=urn:ogc:def:crs:EPSG::5709}]
errors:
-------
feature call (loop) failed at index: 1
caller: classpath:InspireTest/ngr/datasetrecords/def/checkxlinkurl.template.feature
arg: {"link":"http://rdfdata.eionet.europa.eu/inspirethemes/themes/24"}
checkxlinkurl.template.feature:15 - status code was: 404, expected: 200, response time: 200, url: http://rdfdata.eionet.europa.eu/inspirethemes/themes/24, response: 
-------
feature call (loop) failed at index: 2
caller: classpath:InspireTest/ngr/datasetrecords/def/checkxlinkurl.template.feature
arg: {"link":"https://ngr.geocat.live/geonetwork/srv/eng/thesaurus.download?ref=external.theme.httpinspireeceuropaeumetadatacodelistPrioritydataset-Prioritydataset"}
checkxlinkurl.template.feature:15 - status code was: 500, expected: 200, response time: 319, url: https://ngr.geocat.live/geonetwork/srv/eng/thesaurus.download?ref=external.theme.httpinspireeceuropaeumetadatacodelistPrioritydataset-Prioritydataset, response: 
-------
feature call (loop) failed at index: 3
caller: classpath:InspireTest/ngr/datasetrecords/def/checkxlinkurl.template.feature
arg: {"link":"urn:ogc:def:crs:EPSG::5709"}
checkxlinkurl.template.feature:14 - 
org.apache.http.client.ClientProtocolException: URI does not specify a valid host name: urn:ogc:def:crs:EPSG::5709
[1.85:16] ngr-check-dataset-record.feature:69 - feature call (loop) failed: classpath:InspireTest/ngr/datasetrecords/def/checkxlinkurl.template.feature
caller: classpath:InspireTest/ngr/datasetrecords/ngr-check-dataset-record.feature
items: [{link=https://www.nationaalgeoregister.nl/geonetwork/srv/dut/catalog.search#/metadata/710c381c-ab2d-45d5-a45d-af2eba811e5f}, {link=http://rdfdata.eionet.europa.eu/inspirethemes/themes/8}, {link=urn:ogc:def:crs:EPSG::5709}]
errors:
-------
feature call (loop) failed at index: 1
caller: classpath:InspireTest/ngr/datasetrecords/def/checkxlinkurl.template.feature
arg: {"link":"http://rdfdata.eionet.europa.eu/inspirethemes/themes/8"}
checkxlinkurl.template.feature:15 - status code was: 404, expected: 200, response time: 200, url: http://rdfdata.eionet.europa.eu/inspirethemes/themes/8, response: 
-------
feature call (loop) failed at index: 2
caller: classpath:InspireTest/ngr/datasetrecords/def/checkxlinkurl.template.feature
arg: {"link":"urn:ogc:def:crs:EPSG::5709"}
checkxlinkurl.template.feature:14 - 
org.apache.http.client.ClientProtocolException: URI does not specify a valid host name: urn:ogc:def:crs:EPSG::5709
[1.86:16] ngr-check-dataset-record.feature:69 - feature call (loop) failed: classpath:InspireTest/ngr/datasetrecords/def/checkxlinkurl.template.feature
caller: classpath:InspireTest/ngr/datasetrecords/ngr-check-dataset-record.feature
items: [{link=https://www.nationaalgeoregister.nl/geonetwork/srv/dut/catalog.search#/metadata/4783ea4f-6b8c-4600-8af0-516f3556cfe9}, {link=http://rdfdata.eionet.europa.eu/inspirethemes/themes/24}, {link=}, {link=}, {link=}, {link=urn:ogc:def:crs:EPSG::5709}]
errors:
-------
feature call (loop) failed at index: 1
caller: classpath:InspireTest/ngr/datasetrecords/def/checkxlinkurl.template.feature
arg: {"link":"http://rdfdata.eionet.europa.eu/inspirethemes/themes/24"}
checkxlinkurl.template.feature:15 - status code was: 404, expected: 200, response time: 199, url: http://rdfdata.eionet.europa.eu/inspirethemes/themes/24, response: 
-------
feature call (loop) failed at index: 2
caller: classpath:InspireTest/ngr/datasetrecords/def/checkxlinkurl.template.feature
arg: {"link":""}
checkxlinkurl.template.feature:14 - 
org.apache.http.client.ClientProtocolException
-------
feature call (loop) failed at index: 3
caller: classpath:InspireTest/ngr/datasetrecords/def/checkxlinkurl.template.feature
arg: {"link":""}
checkxlinkurl.template.feature:14 - 
org.apache.http.client.ClientProtocolException
-------
feature call (loop) failed at index: 4
caller: classpath:InspireTest/ngr/datasetrecords/def/checkxlinkurl.template.feature
arg: {"link":""}
checkxlinkurl.template.feature:14 - 
org.apache.http.client.ClientProtocolException
-------
feature call (loop) failed at index: 5
caller: classpath:InspireTest/ngr/datasetrecords/def/checkxlinkurl.template.feature
arg: {"link":"urn:ogc:def:crs:EPSG::5709"}
checkxlinkurl.template.feature:14 - 
org.apache.http.client.ClientProtocolException: URI does not specify a valid host name: urn:ogc:def:crs:EPSG::5709
[1.87:16] ngr-check-dataset-record.feature:69 - feature call (loop) failed: classpath:InspireTest/ngr/datasetrecords/def/checkxlinkurl.template.feature
caller: classpath:InspireTest/ngr/datasetrecords/ngr-check-dataset-record.feature
items: [{link=https://www.nationaalgeoregister.nl/geonetwork/srv/dut/catalog.search#/metadata/eu-2c7040b-c448-451b-bf15-f2416ecaadd1}, {link=http://rdfdata.eionet.europa.eu/inspirethemes/themes/7}, {link=urn:ogc:def:crs:EPSG::5709}]
errors:
-------
feature call (loop) failed at index: 1
caller: classpath:InspireTest/ngr/datasetrecords/def/checkxlinkurl.template.feature
arg: {"link":"http://rdfdata.eionet.europa.eu/inspirethemes/themes/7"}
checkxlinkurl.template.feature:15 - status code was: 404, expected: 200, response time: 200, url: http://rdfdata.eionet.europa.eu/inspirethemes/themes/7, response: 
-------
feature call (loop) failed at index: 2
caller: classpath:InspireTest/ngr/datasetrecords/def/checkxlinkurl.template.feature
arg: {"link":"urn:ogc:def:crs:EPSG::5709"}
checkxlinkurl.template.feature:14 - 
org.apache.http.client.ClientProtocolException: URI does not specify a valid host name: urn:ogc:def:crs:EPSG::5709
[1.88:16] ngr-check-dataset-record.feature:69 - feature call (loop) failed: classpath:InspireTest/ngr/datasetrecords/def/checkxlinkurl.template.feature
caller: classpath:InspireTest/ngr/datasetrecords/ngr-check-dataset-record.feature
items: [{link=https://www.nationaalgeoregister.nl/geonetwork/srv/dut/catalog.search#/metadata/eu-cb527d-f6db-4835-b0cd-deb245241254}, {link=http://rdfdata.eionet.europa.eu/inspirethemes/themes/7}, {link=http://inspire.ec.europa.eu/metadata-codelist/Prioritydataset/SurfaceWaterBodies-dir-2000-60}, {link=https://ngr.geocat.live/geonetwork/srv/eng/thesaurus.download?ref=external.theme.httpinspireeceuropaeumetadatacodelistPrioritydataset-Prioritydataset}]
errors:
-------
feature call (loop) failed at index: 1
caller: classpath:InspireTest/ngr/datasetrecords/def/checkxlinkurl.template.feature
arg: {"link":"http://rdfdata.eionet.europa.eu/inspirethemes/themes/7"}
checkxlinkurl.template.feature:15 - status code was: 404, expected: 200, response time: 211, url: http://rdfdata.eionet.europa.eu/inspirethemes/themes/7, response: 
-------
feature call (loop) failed at index: 2
caller: classpath:InspireTest/ngr/datasetrecords/def/checkxlinkurl.template.feature
arg: {"link":"http://inspire.ec.europa.eu/metadata-codelist/Prioritydataset/SurfaceWaterBodies-dir-2000-60"}
checkxlinkurl.template.feature:15 - status code was: 404, expected: 200, response time: 430, url: http://inspire.ec.europa.eu/metadata-codelist/Prioritydataset/SurfaceWaterBodies-dir-2000-60, response: 
-------
feature call (loop) failed at index: 3
caller: classpath:InspireTest/ngr/datasetrecords/def/checkxlinkurl.template.feature
arg: {"link":"https://ngr.geocat.live/geonetwork/srv/eng/thesaurus.download?ref=external.theme.httpinspireeceuropaeumetadatacodelistPrioritydataset-Prioritydataset"}
checkxlinkurl.template.feature:15 - status code was: 500, expected: 200, response time: 457, url: https://ngr.geocat.live/geonetwork/srv/eng/thesaurus.download?ref=external.theme.httpinspireeceuropaeumetadatacodelistPrioritydataset-Prioritydataset, response: 
[1.89:16] ngr-check-dataset-record.feature:69 - feature call (loop) failed: classpath:InspireTest/ngr/datasetrecords/def/checkxlinkurl.template.feature
caller: classpath:InspireTest/ngr/datasetrecords/ngr-check-dataset-record.feature
items: [{link=https://www.nationaalgeoregister.nl/geonetwork/srv/dut/catalog.search#/metadata/be1b1514-8d1f-48e1-9624-fee9b784138b}, {link=http://rdfdata.eionet.europa.eu/inspirethemes/themes/7}, {link=urn:ogc:def:crs:EPSG::5709}]
errors:
-------
feature call (loop) failed at index: 1
caller: classpath:InspireTest/ngr/datasetrecords/def/checkxlinkurl.template.feature
arg: {"link":"http://rdfdata.eionet.europa.eu/inspirethemes/themes/7"}
checkxlinkurl.template.feature:15 - status code was: 404, expected: 200, response time: 199, url: http://rdfdata.eionet.europa.eu/inspirethemes/themes/7, response: 
-------
feature call (loop) failed at index: 2
caller: classpath:InspireTest/ngr/datasetrecords/def/checkxlinkurl.template.feature
arg: {"link":"urn:ogc:def:crs:EPSG::5709"}
checkxlinkurl.template.feature:14 - 
org.apache.http.client.ClientProtocolException: URI does not specify a valid host name: urn:ogc:def:crs:EPSG::5709
[1.90:16] ngr-check-dataset-record.feature:69 - feature call (loop) failed: classpath:InspireTest/ngr/datasetrecords/def/checkxlinkurl.template.feature
caller: classpath:InspireTest/ngr/datasetrecords/ngr-check-dataset-record.feature
items: [{link=http://kadaster/3bf3f7f3-8ac9-4203-bb95-2c932d5f0f3e}]
errors:
-------
feature call (loop) failed at index: 0
caller: classpath:InspireTest/ngr/datasetrecords/def/checkxlinkurl.template.feature
arg: {"link":"http://kadaster/3bf3f7f3-8ac9-4203-bb95-2c932d5f0f3e"}
checkxlinkurl.template.feature:14 - 
java.net.UnknownHostException: kadaster: Temporary failure in name resolution
[1.92:16] ngr-check-dataset-record.feature:69 - feature call (loop) failed: classpath:InspireTest/ngr/datasetrecords/def/checkxlinkurl.template.feature
caller: classpath:InspireTest/ngr/datasetrecords/ngr-check-dataset-record.feature
items: [{link=https://nationaalgeoregister.nl/geonetwork/srv/resourcese26eb6c9-c441-43e8-8db6-aabbf11578fd}, {link=http://rdfdata.eionet.europa.eu/inspirethemes/themes/16}, {link=http://geonetwork-opensource.org/inspire-theme#}, {link=https://www.nationaalgeoregister.nl/geonetwork/srv/eng/thesaurus.download?ref=external.theme.inspire-theme}]
errors:
-------
feature call (loop) failed at index: 0
caller: classpath:InspireTest/ngr/datasetrecords/def/checkxlinkurl.template.feature
arg: {"link":"https://nationaalgeoregister.nl/geonetwork/srv/resourcese26eb6c9-c441-43e8-8db6-aabbf11578fd"}
checkxlinkurl.template.feature:15 - status code was: 404, expected: 200, response time: 286, url: https://nationaalgeoregister.nl/geonetwork/srv/resourcese26eb6c9-c441-43e8-8db6-aabbf11578fd, response: 
-------
feature call (loop) failed at index: 1
caller: classpath:InspireTest/ngr/datasetrecords/def/checkxlinkurl.template.feature
arg: {"link":"http://rdfdata.eionet.europa.eu/inspirethemes/themes/16"}
checkxlinkurl.template.feature:15 - status code was: 404, expected: 200, response time: 207, url: http://rdfdata.eionet.europa.eu/inspirethemes/themes/16, response: 
-------
feature call (loop) failed at index: 2
caller: classpath:InspireTest/ngr/datasetrecords/def/checkxlinkurl.template.feature
arg: {"link":"http://geonetwork-opensource.org/inspire-theme#"}
checkxlinkurl.template.feature:15 - status code was: 404, expected: 200, response time: 399, url: http://geonetwork-opensource.org/inspire-theme#, response: 
-------
feature call (loop) failed at index: 3
caller: classpath:InspireTest/ngr/datasetrecords/def/checkxlinkurl.template.feature
arg: {"link":"https://www.nationaalgeoregister.nl/geonetwork/srv/eng/thesaurus.download?ref=external.theme.inspire-theme"}
checkxlinkurl.template.feature:15 - status code was: 500, expected: 200, response time: 471, url: https://www.nationaalgeoregister.nl/geonetwork/srv/eng/thesaurus.download?ref=external.theme.inspire-theme, response: 
[1.93:16] ngr-check-dataset-record.feature:69 - feature call (loop) failed: classpath:InspireTest/ngr/datasetrecords/def/checkxlinkurl.template.feature
caller: classpath:InspireTest/ngr/datasetrecords/ngr-check-dataset-record.feature
items: [{link=http://www.opengis.net/def/crs/EPSG/0/NAP}, {link=https://ngr.acceptatie.nationaalgeoregister.nl/geonetwork/srv/resourcesd72ddff0-2724-11e2-81c1-0800200c9a66}]
errors:
-------
feature call (loop) failed at index: 1
caller: classpath:InspireTest/ngr/datasetrecords/def/checkxlinkurl.template.feature
arg: {"link":"https://ngr.acceptatie.nationaalgeoregister.nl/geonetwork/srv/resourcesd72ddff0-2724-11e2-81c1-0800200c9a66"}
checkxlinkurl.template.feature:15 - status code was: 404, expected: 200, response time: 284, url: https://ngr.acceptatie.nationaalgeoregister.nl/geonetwork/srv/resourcesd72ddff0-2724-11e2-81c1-0800200c9a66, response: 
[1.94:16] ngr-check-dataset-record.feature:69 - feature call (loop) failed: classpath:InspireTest/ngr/datasetrecords/def/checkxlinkurl.template.feature
caller: classpath:InspireTest/ngr/datasetrecords/ngr-check-dataset-record.feature
items: [{link=https://ngr.acceptatie.nationaalgeoregister.nl/geonetwork/srv/resourcesc7a15080-2724-11e2-81c1-0800200c9a66}, {link=http://rdfdata.eionet.europa.eu/inspirethemes/themes/13}, {link=http://rdfdata.eionet.europa.eu/inspirethemes/themes/#}, {link=https://www.nationaalgeoregister.nl/geonetwork/srv/eng/thesaurus.download?ref=external.theme.inspire-theme}]
errors:
-------
feature call (loop) failed at index: 0
caller: classpath:InspireTest/ngr/datasetrecords/def/checkxlinkurl.template.feature
arg: {"link":"https://ngr.acceptatie.nationaalgeoregister.nl/geonetwork/srv/resourcesc7a15080-2724-11e2-81c1-0800200c9a66"}
checkxlinkurl.template.feature:15 - status code was: 404, expected: 200, response time: 280, url: https://ngr.acceptatie.nationaalgeoregister.nl/geonetwork/srv/resourcesc7a15080-2724-11e2-81c1-0800200c9a66, response: 
-------
feature call (loop) failed at index: 1
caller: classpath:InspireTest/ngr/datasetrecords/def/checkxlinkurl.template.feature
arg: {"link":"http://rdfdata.eionet.europa.eu/inspirethemes/themes/13"}
checkxlinkurl.template.feature:15 - status code was: 404, expected: 200, response time: 199, url: http://rdfdata.eionet.europa.eu/inspirethemes/themes/13, response: 
-------
feature call (loop) failed at index: 2
caller: classpath:InspireTest/ngr/datasetrecords/def/checkxlinkurl.template.feature
arg: {"link":"http://rdfdata.eionet.europa.eu/inspirethemes/themes/#"}
checkxlinkurl.template.feature:15 - status code was: 404, expected: 200, response time: 202, url: http://rdfdata.eionet.europa.eu/inspirethemes/themes/#, response: 
-------
feature call (loop) failed at index: 3
caller: classpath:InspireTest/ngr/datasetrecords/def/checkxlinkurl.template.feature
arg: {"link":"https://www.nationaalgeoregister.nl/geonetwork/srv/eng/thesaurus.download?ref=external.theme.inspire-theme"}
checkxlinkurl.template.feature:15 - status code was: 500, expected: 200, response time: 384, url: https://www.nationaalgeoregister.nl/geonetwork/srv/eng/thesaurus.download?ref=external.theme.inspire-theme, response: 
[1.95:16] ngr-check-dataset-record.feature:37 - xpath does not exist: /GetRecordByIdResponse//@href on response
[1.97:16] ngr-check-dataset-record.feature:69 - feature call (loop) failed: classpath:InspireTest/ngr/datasetrecords/def/checkxlinkurl.template.feature
caller: classpath:InspireTest/ngr/datasetrecords/ngr-check-dataset-record.feature
items: [{link=https://monumentenregister.cultureelerfgoed.nl/sites/default/files/MRS/mrs-inspire.zip}]
errors:
-------
feature call (loop) failed at index: 0
caller: classpath:InspireTest/ngr/datasetrecords/def/checkxlinkurl.template.feature
arg: {"link":"https://monumentenregister.cultureelerfgoed.nl/sites/default/files/MRS/mrs-inspire.zip"}
checkxlinkurl.template.feature:15 - status code was: 404, expected: 200, response time: 791, url: https://monumentenregister.cultureelerfgoed.nl/sites/default/files/MRS/mrs-inspire.zip, response: 
[1.98:16] ngr-check-dataset-record.feature:69 - feature call (loop) failed: classpath:InspireTest/ngr/datasetrecords/def/checkxlinkurl.template.feature
caller: classpath:InspireTest/ngr/datasetrecords/ngr-check-dataset-record.feature
items: [{link=http://nationaalgeoregister.nl/geonetwork/srv/dut/csw?SERVICE=CSW&version=2.0.2&REQUEST=GetRecordById&elementSetName=full&OutputSchema=http://www.isotc211.org/2005/gmd&ID=f5f68d51-2ca4-4897-8227-d3938b2b0a7e}, {link=https://creativecommons.org/publicdomain/mark/*/deed.nl}, {link=}]
errors:
-------
feature call (loop) failed at index: 1
caller: classpath:InspireTest/ngr/datasetrecords/def/checkxlinkurl.template.feature
arg: {"link":"https://creativecommons.org/publicdomain/mark/*/deed.nl"}
checkxlinkurl.template.feature:15 - status code was: 404, expected: 200, response time: 39, url: https://creativecommons.org/publicdomain/mark/*/deed.nl, response: 
-------
feature call (loop) failed at index: 2
caller: classpath:InspireTest/ngr/datasetrecords/def/checkxlinkurl.template.feature
arg: {"link":""}
checkxlinkurl.template.feature:14 - 
org.apache.http.client.ClientProtocolException
[1.99:16] ngr-check-dataset-record.feature:69 - feature call (loop) failed: classpath:InspireTest/ngr/datasetrecords/def/checkxlinkurl.template.feature
caller: classpath:InspireTest/ngr/datasetrecords/ngr-check-dataset-record.feature
items: [{link=http://www.opengis.net/def/crs/EPSG/0/https://www.opengis.net/def/crs/EPSG/0/4258}, {link=https://www.nationaalgeoregister.nl/geonetwork/srv/api/recordse8b84fae-00b3-49c1-80c1-df8f69f64e8c}]
errors:
-------
feature call (loop) failed at index: 1
caller: classpath:InspireTest/ngr/datasetrecords/def/checkxlinkurl.template.feature
arg: {"link":"https://www.nationaalgeoregister.nl/geonetwork/srv/api/recordse8b84fae-00b3-49c1-80c1-df8f69f64e8c"}
checkxlinkurl.template.feature:15 - status code was: 500, expected: 200, response time: 544, url: https://www.nationaalgeoregister.nl/geonetwork/srv/api/recordse8b84fae-00b3-49c1-80c1-df8f69f64e8c, response: 
[1.100:16] ngr-check-dataset-record.feature:69 - feature call (loop) failed: classpath:InspireTest/ngr/datasetrecords/def/checkxlinkurl.template.feature
caller: classpath:InspireTest/ngr/datasetrecords/ngr-check-dataset-record.feature
items: [{link=http://www.opengis.net/def/crs/EPSG/0/http://www.opengis.net/def/crs/EPSG/0/3034}, {link=http://nationaalgeoregister.nl/geonetwork/srv/dut/csw?SERVICE=CSW&version=2.0.2&REQUEST=GetRecordById&elementSetName=full&OutputSchema=http://www.isotc211.org/2005/gmd&ID=88f76a94-ee4d-4e0c-9fde-91b692403e39}, {link=https://creativecommons.org/publicdomain/mark/*/deed.nl}, {link=}]
errors:
-------
feature call (loop) failed at index: 2
caller: classpath:InspireTest/ngr/datasetrecords/def/checkxlinkurl.template.feature
arg: {"link":"https://creativecommons.org/publicdomain/mark/*/deed.nl"}
checkxlinkurl.template.feature:15 - status code was: 404, expected: 200, response time: 46, url: https://creativecommons.org/publicdomain/mark/*/deed.nl, response: 
-------
feature call (loop) failed at index: 3
caller: classpath:InspireTest/ngr/datasetrecords/def/checkxlinkurl.template.feature
arg: {"link":""}
checkxlinkurl.template.feature:14 - 
org.apache.http.client.ClientProtocolException
[1.102:16] ngr-check-dataset-record.feature:69 - feature call (loop) failed: classpath:InspireTest/ngr/datasetrecords/def/checkxlinkurl.template.feature
caller: classpath:InspireTest/ngr/datasetrecords/ngr-check-dataset-record.feature
items: [{link=https://www.nationaalgeoregister.nl/geonetwork/srv/api/records3e57ce43-7707-43ed-a4b9-72b3a6d812f8}]
errors:
-------
feature call (loop) failed at index: 0
caller: classpath:InspireTest/ngr/datasetrecords/def/checkxlinkurl.template.feature
arg: {"link":"https://www.nationaalgeoregister.nl/geonetwork/srv/api/records3e57ce43-7707-43ed-a4b9-72b3a6d812f8"}
checkxlinkurl.template.feature:15 - status code was: 500, expected: 200, response time: 309, url: https://www.nationaalgeoregister.nl/geonetwork/srv/api/records3e57ce43-7707-43ed-a4b9-72b3a6d812f8, response: 
[1.103:16] ngr-check-dataset-record.feature:69 - feature call (loop) failed: classpath:InspireTest/ngr/datasetrecords/def/checkxlinkurl.template.feature
caller: classpath:InspireTest/ngr/datasetrecords/ngr-check-dataset-record.feature
items: [{link=http://www.opengis.net/def/crs/EPSG/0/https://www.opengis.net/def/crs/EPSG/0/4258}, {link=https://www.nationaalgeoregister.nl/geonetwork/srv/api/recordsc2225e5d-b46f-4e38-8445-ab10fd40c0dc}]
errors:
-------
feature call (loop) failed at index: 1
caller: classpath:InspireTest/ngr/datasetrecords/def/checkxlinkurl.template.feature
arg: {"link":"https://www.nationaalgeoregister.nl/geonetwork/srv/api/recordsc2225e5d-b46f-4e38-8445-ab10fd40c0dc"}
checkxlinkurl.template.feature:15 - status code was: 500, expected: 200, response time: 308, url: https://www.nationaalgeoregister.nl/geonetwork/srv/api/recordsc2225e5d-b46f-4e38-8445-ab10fd40c0dc, response: 
[1.105:16] ngr-check-dataset-record.feature:69 - feature call (loop) failed: classpath:InspireTest/ngr/datasetrecords/def/checkxlinkurl.template.feature
caller: classpath:InspireTest/ngr/datasetrecords/ngr-check-dataset-record.feature
items: [{link=https://www.nationaalgeoregister.nl/geonetwork/srv/dut/catalog.search#/metadata/krw2006-68b5-4ff3-94a4-9c24109ffd5e}, {link=http://rdfdata.eionet.europa.eu/inspirethemes/themes/24}, {link=https://ngr.geocat.live/geonetwork/srv/eng/thesaurus.download?ref=external.theme.httpinspireeceuropaeumetadatacodelistPrioritydataset-Prioritydataset}, {link=urn:ogc:def:crs:EPSG::5709}]
errors:
-------
feature call (loop) failed at index: 1
caller: classpath:InspireTest/ngr/datasetrecords/def/checkxlinkurl.template.feature
arg: {"link":"http://rdfdata.eionet.europa.eu/inspirethemes/themes/24"}
checkxlinkurl.template.feature:15 - status code was: 404, expected: 200, response time: 203, url: http://rdfdata.eionet.europa.eu/inspirethemes/themes/24, response: 
-------
feature call (loop) failed at index: 2
caller: classpath:InspireTest/ngr/datasetrecords/def/checkxlinkurl.template.feature
arg: {"link":"https://ngr.geocat.live/geonetwork/srv/eng/thesaurus.download?ref=external.theme.httpinspireeceuropaeumetadatacodelistPrioritydataset-Prioritydataset"}
checkxlinkurl.template.feature:15 - status code was: 500, expected: 200, response time: 308, url: https://ngr.geocat.live/geonetwork/srv/eng/thesaurus.download?ref=external.theme.httpinspireeceuropaeumetadatacodelistPrioritydataset-Prioritydataset, response: 
-------
feature call (loop) failed at index: 3
caller: classpath:InspireTest/ngr/datasetrecords/def/checkxlinkurl.template.feature
arg: {"link":"urn:ogc:def:crs:EPSG::5709"}
checkxlinkurl.template.feature:14 - 
org.apache.http.client.ClientProtocolException: URI does not specify a valid host name: urn:ogc:def:crs:EPSG::5709
[1.106:16] ngr-check-dataset-record.feature:69 - feature call (loop) failed: classpath:InspireTest/ngr/datasetrecords/def/checkxlinkurl.template.feature
caller: classpath:InspireTest/ngr/datasetrecords/ngr-check-dataset-record.feature
items: [{link=https://www.nationaalgeoregister.nl/geonetwork/srv/dut/catalog.search#/metadata/7939fd42-cf88-42c5-ab3b-232cf232a3ac}, {link=http://rdfdata.eionet.europa.eu/inspirethemes/themes/10}, {link=urn:ogc:def:crs:EPSG::5709}]
errors:
-------
feature call (loop) failed at index: 1
caller: classpath:InspireTest/ngr/datasetrecords/def/checkxlinkurl.template.feature
arg: {"link":"http://rdfdata.eionet.europa.eu/inspirethemes/themes/10"}
checkxlinkurl.template.feature:15 - status code was: 404, expected: 200, response time: 202, url: http://rdfdata.eionet.europa.eu/inspirethemes/themes/10, response: 
-------
feature call (loop) failed at index: 2
caller: classpath:InspireTest/ngr/datasetrecords/def/checkxlinkurl.template.feature
arg: {"link":"urn:ogc:def:crs:EPSG::5709"}
checkxlinkurl.template.feature:14 - 
org.apache.http.client.ClientProtocolException: URI does not specify a valid host name: urn:ogc:def:crs:EPSG::5709
[1.107:16] ngr-check-dataset-record.feature:69 - feature call (loop) failed: classpath:InspireTest/ngr/datasetrecords/def/checkxlinkurl.template.feature
caller: classpath:InspireTest/ngr/datasetrecords/ngr-check-dataset-record.feature
items: [{link=https://nationaalgeoregister.nl/geonetwork/srv/resources7d4d5090-8b18-4c30-a07a-9d738039112f}, {link=http://rdfdata.eionet.europa.eu/inspirethemes/themes/13}, {link=http://geonetwork-opensource.org/inspire-theme#}, {link=https://www.nationaalgeoregister.nl/geonetwork/srv/eng/thesaurus.download?ref=external.theme.inspire-theme}]
errors:
-------
feature call (loop) failed at index: 0
caller: classpath:InspireTest/ngr/datasetrecords/def/checkxlinkurl.template.feature
arg: {"link":"https://nationaalgeoregister.nl/geonetwork/srv/resources7d4d5090-8b18-4c30-a07a-9d738039112f"}
checkxlinkurl.template.feature:15 - status code was: 404, expected: 200, response time: 287, url: https://nationaalgeoregister.nl/geonetwork/srv/resources7d4d5090-8b18-4c30-a07a-9d738039112f, response: 
-------
feature call (loop) failed at index: 1
caller: classpath:InspireTest/ngr/datasetrecords/def/checkxlinkurl.template.feature
arg: {"link":"http://rdfdata.eionet.europa.eu/inspirethemes/themes/13"}
checkxlinkurl.template.feature:15 - status code was: 404, expected: 200, response time: 199, url: http://rdfdata.eionet.europa.eu/inspirethemes/themes/13, response: 
-------
feature call (loop) failed at index: 2
caller: classpath:InspireTest/ngr/datasetrecords/def/checkxlinkurl.template.feature
arg: {"link":"http://geonetwork-opensource.org/inspire-theme#"}
checkxlinkurl.template.feature:15 - status code was: 404, expected: 200, response time: 400, url: http://geonetwork-opensource.org/inspire-theme#, response: 
-------
feature call (loop) failed at index: 3
caller: classpath:InspireTest/ngr/datasetrecords/def/checkxlinkurl.template.feature
arg: {"link":"https://www.nationaalgeoregister.nl/geonetwork/srv/eng/thesaurus.download?ref=external.theme.inspire-theme"}
checkxlinkurl.template.feature:15 - status code was: 500, expected: 200, response time: 312, url: https://www.nationaalgeoregister.nl/geonetwork/srv/eng/thesaurus.download?ref=external.theme.inspire-theme, response: 
[1.108:16] ngr-check-dataset-record.feature:69 - feature call (loop) failed: classpath:InspireTest/ngr/datasetrecords/def/checkxlinkurl.template.feature
caller: classpath:InspireTest/ngr/datasetrecords/ngr-check-dataset-record.feature
items: [{link=https://www.nationaalgeoregister.nl/geonetwork/srv/dut/catalog.search#/metadata/eu-f297898-2640-44c2-bbe9-c0480da83794}, {link=http://rdfdata.eionet.europa.eu/inspirethemes/themes/8}, {link=urn:ogc:def:crs:EPSG::5709}]
errors:
-------
feature call (loop) failed at index: 1
caller: classpath:InspireTest/ngr/datasetrecords/def/checkxlinkurl.template.feature
arg: {"link":"http://rdfdata.eionet.europa.eu/inspirethemes/themes/8"}
checkxlinkurl.template.feature:15 - status code was: 404, expected: 200, response time: 200, url: http://rdfdata.eionet.europa.eu/inspirethemes/themes/8, response: 
-------
feature call (loop) failed at index: 2
caller: classpath:InspireTest/ngr/datasetrecords/def/checkxlinkurl.template.feature
arg: {"link":"urn:ogc:def:crs:EPSG::5709"}
checkxlinkurl.template.feature:14 - 
org.apache.http.client.ClientProtocolException: URI does not specify a valid host name: urn:ogc:def:crs:EPSG::5709
[1.110:16] ngr-check-dataset-record.feature:69 - feature call (loop) failed: classpath:InspireTest/ngr/datasetrecords/def/checkxlinkurl.template.feature
caller: classpath:InspireTest/ngr/datasetrecords/ngr-check-dataset-record.feature
items: [{link=http://kadaster/06b6c650-cdb1-11dd-ad8b-0800200c9a76}]
errors:
-------
feature call (loop) failed at index: 0
caller: classpath:InspireTest/ngr/datasetrecords/def/checkxlinkurl.template.feature
arg: {"link":"http://kadaster/06b6c650-cdb1-11dd-ad8b-0800200c9a76"}
checkxlinkurl.template.feature:14 - 
java.net.UnknownHostException: kadaster
[1.111:16] ngr-check-dataset-record.feature:69 - feature call (loop) failed: classpath:InspireTest/ngr/datasetrecords/def/checkxlinkurl.template.feature
caller: classpath:InspireTest/ngr/datasetrecords/ngr-check-dataset-record.feature
items: [{link=http://nationaalgeoregister.nl/geonetwork/srv/dut/csw?SERVICE=CSW&version=2.0.2&REQUEST=GetRecordById&elementSetName=full&OutputSchema=http://www.isotc211.org/2005/gmd&ID=bc2c53f6-c908-4d7c-a6c0-78d9a2855640}, {link=https://creativecommons.org/publicdomain/mark/*/deed.nl}, {link=}]
errors:
-------
feature call (loop) failed at index: 1
caller: classpath:InspireTest/ngr/datasetrecords/def/checkxlinkurl.template.feature
arg: {"link":"https://creativecommons.org/publicdomain/mark/*/deed.nl"}
checkxlinkurl.template.feature:15 - status code was: 404, expected: 200, response time: 49, url: https://creativecommons.org/publicdomain/mark/*/deed.nl, response: 
-------
feature call (loop) failed at index: 2
caller: classpath:InspireTest/ngr/datasetrecords/def/checkxlinkurl.template.feature
arg: {"link":""}
checkxlinkurl.template.feature:14 - 
org.apache.http.client.ClientProtocolException
[1.112:16] ngr-check-dataset-record.feature:69 - feature call (loop) failed: classpath:InspireTest/ngr/datasetrecords/def/checkxlinkurl.template.feature
caller: classpath:InspireTest/ngr/datasetrecords/ngr-check-dataset-record.feature
items: [{link=}]
errors:
-------
feature call (loop) failed at index: 0
caller: classpath:InspireTest/ngr/datasetrecords/def/checkxlinkurl.template.feature
arg: {"link":""}
checkxlinkurl.template.feature:14 - 
org.apache.http.client.ClientProtocolException
[1.113:16] ngr-check-dataset-record.feature:69 - feature call (loop) failed: classpath:InspireTest/ngr/datasetrecords/def/checkxlinkurl.template.feature
caller: classpath:InspireTest/ngr/datasetrecords/ngr-check-dataset-record.feature
items: [{link=http://www.opengis.net/def/crs/EPSG/0/https://www.opengis.net/def/crs/EPSG/0/4258}, {link=https://www.nationaalgeoregister.nl/geonetwork/srv/api/recordsbe6551de-a709-4c6d-a5e2-f63f0cf038ba}]
errors:
-------
feature call (loop) failed at index: 1
caller: classpath:InspireTest/ngr/datasetrecords/def/checkxlinkurl.template.feature
arg: {"link":"https://www.nationaalgeoregister.nl/geonetwork/srv/api/recordsbe6551de-a709-4c6d-a5e2-f63f0cf038ba"}
checkxlinkurl.template.feature:15 - status code was: 500, expected: 200, response time: 312, url: https://www.nationaalgeoregister.nl/geonetwork/srv/api/recordsbe6551de-a709-4c6d-a5e2-f63f0cf038ba, response: 
[1.114:16] ngr-check-dataset-record.feature:69 - feature call (loop) failed: classpath:InspireTest/ngr/datasetrecords/def/checkxlinkurl.template.feature
caller: classpath:InspireTest/ngr/datasetrecords/ngr-check-dataset-record.feature
items: [{link=http://www.opengis.net/def/crs/EPSG/0/http://www.opengis.net/def/crs/EPSG/0/3034}, {link=http://nationaalgeoregister.nl/geonetwork/srv/dut/csw?SERVICE=CSW&version=2.0.2&REQUEST=GetRecordById&elementSetName=full&OutputSchema=http://www.isotc211.org/2005/gmd&ID=f0821bfe-5a0a-11e9-8647-d663bd873d93}, {link=https://creativecommons.org/publicdomain/mark/*/deed.nl}, {link=}]
errors:
-------
feature call (loop) failed at index: 2
caller: classpath:InspireTest/ngr/datasetrecords/def/checkxlinkurl.template.feature
arg: {"link":"https://creativecommons.org/publicdomain/mark/*/deed.nl"}
checkxlinkurl.template.feature:15 - status code was: 404, expected: 200, response time: 39, url: https://creativecommons.org/publicdomain/mark/*/deed.nl, response: 
-------
feature call (loop) failed at index: 3
caller: classpath:InspireTest/ngr/datasetrecords/def/checkxlinkurl.template.feature
arg: {"link":""}
checkxlinkurl.template.feature:14 - 
org.apache.http.client.ClientProtocolException
[1.115:16] ngr-check-dataset-record.feature:69 - feature call (loop) failed: classpath:InspireTest/ngr/datasetrecords/def/checkxlinkurl.template.feature
caller: classpath:InspireTest/ngr/datasetrecords/ngr-check-dataset-record.feature
items: [{link=https://nationaalgeoregister.nl/geonetwork/srv/resources7d716522-fa1a-43b4-99c0-3a3480f9e218}, {link=https://www.nationaalgeoregister.nl/geonetwork/srv/eng/thesaurus.download?ref=external.theme.inspire-theme}]
errors:
-------
feature call (loop) failed at index: 0
caller: classpath:InspireTest/ngr/datasetrecords/def/checkxlinkurl.template.feature
arg: {"link":"https://nationaalgeoregister.nl/geonetwork/srv/resources7d716522-fa1a-43b4-99c0-3a3480f9e218"}
checkxlinkurl.template.feature:15 - status code was: 404, expected: 200, response time: 293, url: https://nationaalgeoregister.nl/geonetwork/srv/resources7d716522-fa1a-43b4-99c0-3a3480f9e218, response: 
-------
feature call (loop) failed at index: 1
caller: classpath:InspireTest/ngr/datasetrecords/def/checkxlinkurl.template.feature
arg: {"link":"https://www.nationaalgeoregister.nl/geonetwork/srv/eng/thesaurus.download?ref=external.theme.inspire-theme"}
checkxlinkurl.template.feature:15 - status code was: 500, expected: 200, response time: 313, url: https://www.nationaalgeoregister.nl/geonetwork/srv/eng/thesaurus.download?ref=external.theme.inspire-theme, response: 
[1.116:16] ngr-check-dataset-record.feature:69 - feature call (loop) failed: classpath:InspireTest/ngr/datasetrecords/def/checkxlinkurl.template.feature
caller: classpath:InspireTest/ngr/datasetrecords/ngr-check-dataset-record.feature
items: [{link=http://standaarden.overheid.nl/owms/terms/Ministerie_van_Landbouw,_Natuur_en_Voedselkwaliteit}, {link=http://standaarden.overheid.nl/owms/terms/Ministerie_van_Landbouw,_Natuur_en_Voedselkwaliteit}, {link=http://standaarden.overheid.nl/owms/terms/Ministerie_van_Landbouw,_Natuur_en_Voedselkwaliteit}, {link=https://data.overheid.nl/organisatie/PDOK}]
errors:
-------
feature call (loop) failed at index: 3
caller: classpath:InspireTest/ngr/datasetrecords/def/checkxlinkurl.template.feature
arg: {"link":"https://data.overheid.nl/organisatie/PDOK"}
checkxlinkurl.template.feature:15 - status code was: 404, expected: 200, response time: 1378, url: https://data.overheid.nl/organisatie/PDOK, response: 
[1.117:16] ngr-check-dataset-record.feature:69 - feature call (loop) failed: classpath:InspireTest/ngr/datasetrecords/def/checkxlinkurl.template.feature
caller: classpath:InspireTest/ngr/datasetrecords/ngr-check-dataset-record.feature
items: [{link=http://www.opengis.net/def/crs/EPSG/0/http://www.opengis.net/def/crs/EPSG/0/4258}, {link=http://kadaster/1d32fc50-cd5b-4425-b0df-16c7c7940e94}]
errors:
-------
feature call (loop) failed at index: 1
caller: classpath:InspireTest/ngr/datasetrecords/def/checkxlinkurl.template.feature
arg: {"link":"http://kadaster/1d32fc50-cd5b-4425-b0df-16c7c7940e94"}
checkxlinkurl.template.feature:14 - 
java.net.UnknownHostException: kadaster
[1.118:16] ngr-check-dataset-record.feature:69 - feature call (loop) failed: classpath:InspireTest/ngr/datasetrecords/def/checkxlinkurl.template.feature
caller: classpath:InspireTest/ngr/datasetrecords/ngr-check-dataset-record.feature
items: [{link=https://www.nationaalgeoregister.nl/geonetwork/srv/dut/catalog.search#/metadata/ror-9d8e-4758-83fx-28b057f185f1}, {link=http://rdfdata.eionet.europa.eu/inspirethemes/themes/25}, {link=https://ngr.geocat.live/geonetwork/srv/eng/thesaurus.download?ref=external.theme.httpinspireeceuropaeumetadatacodelistPrioritydataset-Prioritydataset}, {link=urn:ogc:def:crs:EPSG::5709}]
errors:
-------
feature call (loop) failed at index: 1
caller: classpath:InspireTest/ngr/datasetrecords/def/checkxlinkurl.template.feature
arg: {"link":"http://rdfdata.eionet.europa.eu/inspirethemes/themes/25"}
checkxlinkurl.template.feature:15 - status code was: 404, expected: 200, response time: 198, url: http://rdfdata.eionet.europa.eu/inspirethemes/themes/25, response: 
-------
feature call (loop) failed at index: 2
caller: classpath:InspireTest/ngr/datasetrecords/def/checkxlinkurl.template.feature
arg: {"link":"https://ngr.geocat.live/geonetwork/srv/eng/thesaurus.download?ref=external.theme.httpinspireeceuropaeumetadatacodelistPrioritydataset-Prioritydataset"}
checkxlinkurl.template.feature:15 - status code was: 500, expected: 200, response time: 317, url: https://ngr.geocat.live/geonetwork/srv/eng/thesaurus.download?ref=external.theme.httpinspireeceuropaeumetadatacodelistPrioritydataset-Prioritydataset, response: 
-------
feature call (loop) failed at index: 3
caller: classpath:InspireTest/ngr/datasetrecords/def/checkxlinkurl.template.feature
arg: {"link":"urn:ogc:def:crs:EPSG::5709"}
checkxlinkurl.template.feature:14 - 
org.apache.http.client.ClientProtocolException: URI does not specify a valid host name: urn:ogc:def:crs:EPSG::5709
[1.119:16] ngr-check-dataset-record.feature:69 - feature call (loop) failed: classpath:InspireTest/ngr/datasetrecords/def/checkxlinkurl.template.feature
caller: classpath:InspireTest/ngr/datasetrecords/ngr-check-dataset-record.feature
items: [{link=https://data.rivm.nl/inspire/id#1de92b14-bc21-4f33-b0de-abd325e61804}]
errors:
-------
feature call (loop) failed at index: 0
caller: classpath:InspireTest/ngr/datasetrecords/def/checkxlinkurl.template.feature
arg: {"link":"https://data.rivm.nl/inspire/id#1de92b14-bc21-4f33-b0de-abd325e61804"}
checkxlinkurl.template.feature:14 - 
javax.net.ssl.SSLException: Connection reset
[1.120:16] ngr-check-dataset-record.feature:69 - feature call (loop) failed: classpath:InspireTest/ngr/datasetrecords/def/checkxlinkurl.template.feature
caller: classpath:InspireTest/ngr/datasetrecords/ngr-check-dataset-record.feature
items: [{link=http://kadaster/e2318c58-b1e6-4621-9c77-33b8a1fd0124}]
errors:
-------
feature call (loop) failed at index: 0
caller: classpath:InspireTest/ngr/datasetrecords/def/checkxlinkurl.template.feature
arg: {"link":"http://kadaster/e2318c58-b1e6-4621-9c77-33b8a1fd0124"}
checkxlinkurl.template.feature:14 - 
java.net.UnknownHostException: kadaster
[1.121:16] ngr-check-dataset-record.feature:69 - feature call (loop) failed: classpath:InspireTest/ngr/datasetrecords/def/checkxlinkurl.template.feature
caller: classpath:InspireTest/ngr/datasetrecords/ngr-check-dataset-record.feature
items: [{link=https://www.nationaalgeoregister.nl/geonetwork/srv/api/records6e4a2001-fef7-471c-8286-4f859bc1131e}, {link=https://creativecommons.org/publicdomain/zero/*/deed.nl}]
errors:
-------
feature call (loop) failed at index: 0
caller: classpath:InspireTest/ngr/datasetrecords/def/checkxlinkurl.template.feature
arg: {"link":"https://www.nationaalgeoregister.nl/geonetwork/srv/api/records6e4a2001-fef7-471c-8286-4f859bc1131e"}
checkxlinkurl.template.feature:15 - status code was: 500, expected: 200, response time: 326, url: https://www.nationaalgeoregister.nl/geonetwork/srv/api/records6e4a2001-fef7-471c-8286-4f859bc1131e, response: 
-------
feature call (loop) failed at index: 1
caller: classpath:InspireTest/ngr/datasetrecords/def/checkxlinkurl.template.feature
arg: {"link":"https://creativecommons.org/publicdomain/zero/*/deed.nl"}
checkxlinkurl.template.feature:15 - status code was: 404, expected: 200, response time: 38, url: https://creativecommons.org/publicdomain/zero/*/deed.nl, response: 
[1.122:16] ngr-check-dataset-record.feature:69 - feature call (loop) failed: classpath:InspireTest/ngr/datasetrecords/def/checkxlinkurl.template.feature
caller: classpath:InspireTest/ngr/datasetrecords/ngr-check-dataset-record.feature
items: [{link=http://www.opengis.net/def/crs/EPSG/0/https://www.opengis.net/def/crs/EPSG/0/4258}, {link=https://www.nationaalgeoregister.nl/geonetwork/srv/api/recordsbb11be63-bd38-4632-bf54-df44c423a529}]
errors:
-------
feature call (loop) failed at index: 1
caller: classpath:InspireTest/ngr/datasetrecords/def/checkxlinkurl.template.feature
arg: {"link":"https://www.nationaalgeoregister.nl/geonetwork/srv/api/recordsbb11be63-bd38-4632-bf54-df44c423a529"}
checkxlinkurl.template.feature:15 - status code was: 500, expected: 200, response time: 324, url: https://www.nationaalgeoregister.nl/geonetwork/srv/api/recordsbb11be63-bd38-4632-bf54-df44c423a529, response: 
[1.123:16] ngr-check-dataset-record.feature:69 - feature call (loop) failed: classpath:InspireTest/ngr/datasetrecords/def/checkxlinkurl.template.feature
caller: classpath:InspireTest/ngr/datasetrecords/ngr-check-dataset-record.feature
items: [{link=h}, {link=t}, {link=t}, {link=p}, {link=s}, {link=:}, {link=/}, {link=/}, {link=w}, {link=w}, {link=w}, {link=.}, {link=n}, {link=a}, {link=t}, {link=i}, {link=o}, {link=n}, {link=a}, {link=a}, {link=l}, {link=g}, {link=e}, {link=o}, {link=r}, {link=e}, {link=g}, {link=i}, {link=s}, {link=t}, {link=e}, {link=r}, {link=.}, {link=n}, {link=l}, {link=:}, {link=4}, {link=4}, {link=3}, {link=/}, {link=g}, {link=e}, {link=o}, {link=n}, {link=e}, {link=t}, {link=w}, {link=o}, {link=r}, {link=k}, {link=/}, {link=s}, {link=r}, {link=v}, {link=/}, {link=e}, {link=n}, {link=g}, {link=/}, {link=t}, {link=h}, {link=e}, {link=s}, {link=a}, {link=u}, {link=r}, {link=u}, {link=s}, {link=.}, {link=d}, {link=o}, {link=w}, {link=n}, {link=l}, {link=o}, {link=a}, {link=d}, {link=?}, {link=r}, {link=e}, {link=f}, {link==}, {link=e}, {link=x}, {link=t}, {link=e}, {link=r}, {link=n}, {link=a}, {link=l}, {link=.}, {link=t}, {link=h}, {link=e}, {link=m}, {link=e}, {link=.}, {link=h}, {link=t}, {link=t}, {link=p}, {link=i}, {link=n}, {link=s}, {link=p}, {link=i}, {link=r}, {link=e}, {link=e}, {link=c}, {link=e}, {link=u}, {link=r}, {link=o}, {link=p}, {link=a}, {link=e}, {link=u}, {link=t}, {link=h}, {link=e}, {link=m}, {link=e}, {link=-}, {link=t}, {link=h}, {link=e}, {link=m}, {link=e}]
errors:
-------
feature call (loop) failed at index: 0
caller: classpath:InspireTest/ngr/datasetrecords/def/checkxlinkurl.template.feature
arg: {"link":"h"}
checkxlinkurl.template.feature:14 - 
org.apache.http.client.ClientProtocolException
-------
feature call (loop) failed at index: 1
caller: classpath:InspireTest/ngr/datasetrecords/def/checkxlinkurl.template.feature
arg: {"link":"t"}
checkxlinkurl.template.feature:14 - 
org.apache.http.client.ClientProtocolException
-------
feature call (loop) failed at index: 2
caller: classpath:InspireTest/ngr/datasetrecords/def/checkxlinkurl.template.feature
arg: {"link":"t"}
checkxlinkurl.template.feature:14 - 
org.apache.http.client.ClientProtocolException
-------
feature call (loop) failed at index: 3
caller: classpath:InspireTest/ngr/datasetrecords/def/checkxlinkurl.template.feature
arg: {"link":"p"}
checkxlinkurl.template.feature:14 - 
org.apache.http.client.ClientProtocolException
-------
feature call (loop) failed at index: 4
caller: classpath:InspireTest/ngr/datasetrecords/def/checkxlinkurl.template.feature
arg: {"link":"s"}
checkxlinkurl.template.feature:14 - 
org.apache.http.client.ClientProtocolException
-------
feature call (loop) failed at index: 5
caller: classpath:InspireTest/ngr/datasetrecords/def/checkxlinkurl.template.feature
arg: {"link":":"}
checkxlinkurl.template.feature:14 - java.net.URISyntaxException: Expected scheme name at index 0: :
-------
feature call (loop) failed at index: 6
caller: classpath:InspireTest/ngr/datasetrecords/def/checkxlinkurl.template.feature
arg: {"link":"/"}
checkxlinkurl.template.feature:14 - 
org.apache.http.client.ClientProtocolException
-------
feature call (loop) failed at index: 7
caller: classpath:InspireTest/ngr/datasetrecords/def/checkxlinkurl.template.feature
arg: {"link":"/"}
checkxlinkurl.template.feature:14 - 
org.apache.http.client.ClientProtocolException
-------
feature call (loop) failed at index: 8
caller: classpath:InspireTest/ngr/datasetrecords/def/checkxlinkurl.template.feature
arg: {"link":"w"}
checkxlinkurl.template.feature:14 - 
org.apache.http.client.ClientProtocolException
-------
feature call (loop) failed at index: 9
caller: classpath:InspireTest/ngr/datasetrecords/def/checkxlinkurl.template.feature
arg: {"link":"w"}
checkxlinkurl.template.feature:14 - 
org.apache.http.client.ClientProtocolException
-------
feature call (loop) failed at index: 10
caller: classpath:InspireTest/ngr/datasetrecords/def/checkxlinkurl.template.feature
arg: {"link":"w"}
checkxlinkurl.template.feature:14 - 
org.apache.http.client.ClientProtocolException
-------
feature call (loop) failed at index: 11
caller: classpath:InspireTest/ngr/datasetrecords/def/checkxlinkurl.template.feature
arg: {"link":"."}
checkxlinkurl.template.feature:14 - 
org.apache.http.client.ClientProtocolException
-------
feature call (loop) failed at index: 12
caller: classpath:InspireTest/ngr/datasetrecords/def/checkxlinkurl.template.feature
arg: {"link":"n"}
checkxlinkurl.template.feature:14 - 
org.apache.http.client.ClientProtocolException
-------
feature call (loop) failed at index: 13
caller: classpath:InspireTest/ngr/datasetrecords/def/checkxlinkurl.template.feature
arg: {"link":"a"}
checkxlinkurl.template.feature:14 - 
org.apache.http.client.ClientProtocolException
-------
feature call (loop) failed at index: 14
caller: classpath:InspireTest/ngr/datasetrecords/def/checkxlinkurl.template.feature
arg: {"link":"t"}
checkxlinkurl.template.feature:14 - 
org.apache.http.client.ClientProtocolException
-------
feature call (loop) failed at index: 15
caller: classpath:InspireTest/ngr/datasetrecords/def/checkxlinkurl.template.feature
arg: {"link":"i"}
checkxlinkurl.template.feature:14 - 
org.apache.http.client.ClientProtocolException
-------
feature call (loop) failed at index: 16
caller: classpath:InspireTest/ngr/datasetrecords/def/checkxlinkurl.template.feature
arg: {"link":"o"}
checkxlinkurl.template.feature:14 - 
org.apache.http.client.ClientProtocolException
-------
feature call (loop) failed at index: 17
caller: classpath:InspireTest/ngr/datasetrecords/def/checkxlinkurl.template.feature
arg: {"link":"n"}
checkxlinkurl.template.feature:14 - 
org.apache.http.client.ClientProtocolException
-------
feature call (loop) failed at index: 18
caller: classpath:InspireTest/ngr/datasetrecords/def/checkxlinkurl.template.feature
arg: {"link":"a"}
checkxlinkurl.template.feature:14 - 
org.apache.http.client.ClientProtocolException
-------
feature call (loop) failed at index: 19
caller: classpath:InspireTest/ngr/datasetrecords/def/checkxlinkurl.template.feature
arg: {"link":"a"}
checkxlinkurl.template.feature:14 - 
org.apache.http.client.ClientProtocolException
-------
feature call (loop) failed at index: 20
caller: classpath:InspireTest/ngr/datasetrecords/def/checkxlinkurl.template.feature
arg: {"link":"l"}
checkxlinkurl.template.feature:14 - 
org.apache.http.client.ClientProtocolException
-------
feature call (loop) failed at index: 21
caller: classpath:InspireTest/ngr/datasetrecords/def/checkxlinkurl.template.feature
arg: {"link":"g"}
checkxlinkurl.template.feature:14 - 
org.apache.http.client.ClientProtocolException
-------
feature call (loop) failed at index: 22
caller: classpath:InspireTest/ngr/datasetrecords/def/checkxlinkurl.template.feature
arg: {"link":"e"}
checkxlinkurl.template.feature:14 - 
org.apache.http.client.ClientProtocolException
-------
feature call (loop) failed at index: 23
caller: classpath:InspireTest/ngr/datasetrecords/def/checkxlinkurl.template.feature
arg: {"link":"o"}
checkxlinkurl.template.feature:14 - 
org.apache.http.client.ClientProtocolException
-------
feature call (loop) failed at index: 24
caller: classpath:InspireTest/ngr/datasetrecords/def/checkxlinkurl.template.feature
arg: {"link":"r"}
checkxlinkurl.template.feature:14 - 
org.apache.http.client.ClientProtocolException
-------
feature call (loop) failed at index: 25
caller: classpath:InspireTest/ngr/datasetrecords/def/checkxlinkurl.template.feature
arg: {"link":"e"}
checkxlinkurl.template.feature:14 - 
org.apache.http.client.ClientProtocolException
-------
feature call (loop) failed at index: 26
caller: classpath:InspireTest/ngr/datasetrecords/def/checkxlinkurl.template.feature
arg: {"link":"g"}
checkxlinkurl.template.feature:14 - 
org.apache.http.client.ClientProtocolException
-------
feature call (loop) failed at index: 27
caller: classpath:InspireTest/ngr/datasetrecords/def/checkxlinkurl.template.feature
arg: {"link":"i"}
checkxlinkurl.template.feature:14 - 
org.apache.http.client.ClientProtocolException
-------
feature call (loop) failed at index: 28
caller: classpath:InspireTest/ngr/datasetrecords/def/checkxlinkurl.template.feature
arg: {"link":"s"}
checkxlinkurl.template.feature:14 - 
org.apache.http.client.ClientProtocolException
-------
feature call (loop) failed at index: 29
caller: classpath:InspireTest/ngr/datasetrecords/def/checkxlinkurl.template.feature
arg: {"link":"t"}
checkxlinkurl.template.feature:14 - 
org.apache.http.client.ClientProtocolException
-------
feature call (loop) failed at index: 30
caller: classpath:InspireTest/ngr/datasetrecords/def/checkxlinkurl.template.feature
arg: {"link":"e"}
checkxlinkurl.template.feature:14 - 
org.apache.http.client.ClientProtocolException
-------
feature call (loop) failed at index: 31
caller: classpath:InspireTest/ngr/datasetrecords/def/checkxlinkurl.template.feature
arg: {"link":"r"}
checkxlinkurl.template.feature:14 - 
org.apache.http.client.ClientProtocolException
-------
feature call (loop) failed at index: 32
caller: classpath:InspireTest/ngr/datasetrecords/def/checkxlinkurl.template.feature
arg: {"link":"."}
checkxlinkurl.template.feature:14 - 
org.apache.http.client.ClientProtocolException
-------
feature call (loop) failed at index: 33
caller: classpath:InspireTest/ngr/datasetrecords/def/checkxlinkurl.template.feature
arg: {"link":"n"}
checkxlinkurl.template.feature:14 - 
org.apache.http.client.ClientProtocolException
-------
feature call (loop) failed at index: 34
caller: classpath:InspireTest/ngr/datasetrecords/def/checkxlinkurl.template.feature
arg: {"link":"l"}
checkxlinkurl.template.feature:14 - 
org.apache.http.client.ClientProtocolException
-------
feature call (loop) failed at index: 35
caller: classpath:InspireTest/ngr/datasetrecords/def/checkxlinkurl.template.feature
arg: {"link":":"}
checkxlinkurl.template.feature:14 - java.net.URISyntaxException: Expected scheme name at index 0: :
-------
feature call (loop) failed at index: 36
caller: classpath:InspireTest/ngr/datasetrecords/def/checkxlinkurl.template.feature
arg: {"link":"4"}
checkxlinkurl.template.feature:14 - 
org.apache.http.client.ClientProtocolException
-------
feature call (loop) failed at index: 37
caller: classpath:InspireTest/ngr/datasetrecords/def/checkxlinkurl.template.feature
arg: {"link":"4"}
checkxlinkurl.template.feature:14 - 
org.apache.http.client.ClientProtocolException
-------
feature call (loop) failed at index: 38
caller: classpath:InspireTest/ngr/datasetrecords/def/checkxlinkurl.template.feature
arg: {"link":"3"}
checkxlinkurl.template.feature:14 - 
org.apache.http.client.ClientProtocolException
-------
feature call (loop) failed at index: 39
caller: classpath:InspireTest/ngr/datasetrecords/def/checkxlinkurl.template.feature
arg: {"link":"/"}
checkxlinkurl.template.feature:14 - 
org.apache.http.client.ClientProtocolException
-------
feature call (loop) failed at index: 40
caller: classpath:InspireTest/ngr/datasetrecords/def/checkxlinkurl.template.feature
arg: {"link":"g"}
checkxlinkurl.template.feature:14 - 
org.apache.http.client.ClientProtocolException
-------
feature call (loop) failed at index: 41
caller: classpath:InspireTest/ngr/datasetrecords/def/checkxlinkurl.template.feature
arg: {"link":"e"}
checkxlinkurl.template.feature:14 - 
org.apache.http.client.ClientProtocolException
-------
feature call (loop) failed at index: 42
caller: classpath:InspireTest/ngr/datasetrecords/def/checkxlinkurl.template.feature
arg: {"link":"o"}
checkxlinkurl.template.feature:14 - 
org.apache.http.client.ClientProtocolException
-------
feature call (loop) failed at index: 43
caller: classpath:InspireTest/ngr/datasetrecords/def/checkxlinkurl.template.feature
arg: {"link":"n"}
checkxlinkurl.template.feature:14 - 
org.apache.http.client.ClientProtocolException
-------
feature call (loop) failed at index: 44
caller: classpath:InspireTest/ngr/datasetrecords/def/checkxlinkurl.template.feature
arg: {"link":"e"}
checkxlinkurl.template.feature:14 - 
org.apache.http.client.ClientProtocolException
-------
feature call (loop) failed at index: 45
caller: classpath:InspireTest/ngr/datasetrecords/def/checkxlinkurl.template.feature
arg: {"link":"t"}
checkxlinkurl.template.feature:14 - 
org.apache.http.client.ClientProtocolException
-------
feature call (loop) failed at index: 46
caller: classpath:InspireTest/ngr/datasetrecords/def/checkxlinkurl.template.feature
arg: {"link":"w"}
checkxlinkurl.template.feature:14 - 
org.apache.http.client.ClientProtocolException
-------
feature call (loop) failed at index: 47
caller: classpath:InspireTest/ngr/datasetrecords/def/checkxlinkurl.template.feature
arg: {"link":"o"}
checkxlinkurl.template.feature:14 - 
org.apache.http.client.ClientProtocolException
-------
feature call (loop) failed at index: 48
caller: classpath:InspireTest/ngr/datasetrecords/def/checkxlinkurl.template.feature
arg: {"link":"r"}
checkxlinkurl.template.feature:14 - 
org.apache.http.client.ClientProtocolException
-------
feature call (loop) failed at index: 49
caller: classpath:InspireTest/ngr/datasetrecords/def/checkxlinkurl.template.feature
arg: {"link":"k"}
checkxlinkurl.template.feature:14 - 
org.apache.http.client.ClientProtocolException
-------
feature call (loop) failed at index: 50
caller: classpath:InspireTest/ngr/datasetrecords/def/checkxlinkurl.template.feature
arg: {"link":"/"}
checkxlinkurl.template.feature:14 - 
org.apache.http.client.ClientProtocolException
-------
feature call (loop) failed at index: 51
caller: classpath:InspireTest/ngr/datasetrecords/def/checkxlinkurl.template.feature
arg: {"link":"s"}
checkxlinkurl.template.feature:14 - 
org.apache.http.client.ClientProtocolException
-------
feature call (loop) failed at index: 52
caller: classpath:InspireTest/ngr/datasetrecords/def/checkxlinkurl.template.feature
arg: {"link":"r"}
checkxlinkurl.template.feature:14 - 
org.apache.http.client.ClientProtocolException
-------
feature call (loop) failed at index: 53
caller: classpath:InspireTest/ngr/datasetrecords/def/checkxlinkurl.template.feature
arg: {"link":"v"}
checkxlinkurl.template.feature:14 - 
org.apache.http.client.ClientProtocolException
-------
feature call (loop) failed at index: 54
caller: classpath:InspireTest/ngr/datasetrecords/def/checkxlinkurl.template.feature
arg: {"link":"/"}
checkxlinkurl.template.feature:14 - 
org.apache.http.client.ClientProtocolException
-------
feature call (loop) failed at index: 55
caller: classpath:InspireTest/ngr/datasetrecords/def/checkxlinkurl.template.feature
arg: {"link":"e"}
checkxlinkurl.template.feature:14 - 
org.apache.http.client.ClientProtocolException
-------
feature call (loop) failed at index: 56
caller: classpath:InspireTest/ngr/datasetrecords/def/checkxlinkurl.template.feature
arg: {"link":"n"}
checkxlinkurl.template.feature:14 - 
org.apache.http.client.ClientProtocolException
-------
feature call (loop) failed at index: 57
caller: classpath:InspireTest/ngr/datasetrecords/def/checkxlinkurl.template.feature
arg: {"link":"g"}
checkxlinkurl.template.feature:14 - 
org.apache.http.client.ClientProtocolException
-------
feature call (loop) failed at index: 58
caller: classpath:InspireTest/ngr/datasetrecords/def/checkxlinkurl.template.feature
arg: {"link":"/"}
checkxlinkurl.template.feature:14 - 
org.apache.http.client.ClientProtocolException
-------
feature call (loop) failed at index: 59
caller: classpath:InspireTest/ngr/datasetrecords/def/checkxlinkurl.template.feature
arg: {"link":"t"}
checkxlinkurl.template.feature:14 - 
org.apache.http.client.ClientProtocolException
-------
feature call (loop) failed at index: 60
caller: classpath:InspireTest/ngr/datasetrecords/def/checkxlinkurl.template.feature
arg: {"link":"h"}
checkxlinkurl.template.feature:14 - 
org.apache.http.client.ClientProtocolException
-------
feature call (loop) failed at index: 61
caller: classpath:InspireTest/ngr/datasetrecords/def/checkxlinkurl.template.feature
arg: {"link":"e"}
checkxlinkurl.template.feature:14 - 
org.apache.http.client.ClientProtocolException
-------
feature call (loop) failed at index: 62
caller: classpath:InspireTest/ngr/datasetrecords/def/checkxlinkurl.template.feature
arg: {"link":"s"}
checkxlinkurl.template.feature:14 - 
org.apache.http.client.ClientProtocolException
-------
feature call (loop) failed at index: 63
caller: classpath:InspireTest/ngr/datasetrecords/def/checkxlinkurl.template.feature
arg: {"link":"a"}
checkxlinkurl.template.feature:14 - 
org.apache.http.client.ClientProtocolException
-------
feature call (loop) failed at index: 64
caller: classpath:InspireTest/ngr/datasetrecords/def/checkxlinkurl.template.feature
arg: {"link":"u"}
checkxlinkurl.template.feature:14 - 
org.apache.http.client.ClientProtocolException
-------
feature call (loop) failed at index: 65
caller: classpath:InspireTest/ngr/datasetrecords/def/checkxlinkurl.template.feature
arg: {"link":"r"}
checkxlinkurl.template.feature:14 - 
org.apache.http.client.ClientProtocolException
-------
feature call (loop) failed at index: 66
caller: classpath:InspireTest/ngr/datasetrecords/def/checkxlinkurl.template.feature
arg: {"link":"u"}
checkxlinkurl.template.feature:14 - 
org.apache.http.client.ClientProtocolException
-------
feature call (loop) failed at index: 67
caller: classpath:InspireTest/ngr/datasetrecords/def/checkxlinkurl.template.feature
arg: {"link":"s"}
checkxlinkurl.template.feature:14 - 
org.apache.http.client.ClientProtocolException
-------
feature call (loop) failed at index: 68
caller: classpath:InspireTest/ngr/datasetrecords/def/checkxlinkurl.template.feature
arg: {"link":"."}
checkxlinkurl.template.feature:14 - 
org.apache.http.client.ClientProtocolException
-------
feature call (loop) failed at index: 69
caller: classpath:InspireTest/ngr/datasetrecords/def/checkxlinkurl.template.feature
arg: {"link":"d"}
checkxlinkurl.template.feature:14 - 
org.apache.http.client.ClientProtocolException
-------
feature call (loop) failed at index: 70
caller: classpath:InspireTest/ngr/datasetrecords/def/checkxlinkurl.template.feature
arg: {"link":"o"}
checkxlinkurl.template.feature:14 - 
org.apache.http.client.ClientProtocolException
-------
feature call (loop) failed at index: 71
caller: classpath:InspireTest/ngr/datasetrecords/def/checkxlinkurl.template.feature
arg: {"link":"w"}
checkxlinkurl.template.feature:14 - 
org.apache.http.client.ClientProtocolException
-------
feature call (loop) failed at index: 72
caller: classpath:InspireTest/ngr/datasetrecords/def/checkxlinkurl.template.feature
arg: {"link":"n"}
checkxlinkurl.template.feature:14 - 
org.apache.http.client.ClientProtocolException
-------
feature call (loop) failed at index: 73
caller: classpath:InspireTest/ngr/datasetrecords/def/checkxlinkurl.template.feature
arg: {"link":"l"}
checkxlinkurl.template.feature:14 - 
org.apache.http.client.ClientProtocolException
-------
feature call (loop) failed at index: 74
caller: classpath:InspireTest/ngr/datasetrecords/def/checkxlinkurl.template.feature
arg: {"link":"o"}
checkxlinkurl.template.feature:14 - 
org.apache.http.client.ClientProtocolException
-------
feature call (loop) failed at index: 75
caller: classpath:InspireTest/ngr/datasetrecords/def/checkxlinkurl.template.feature
arg: {"link":"a"}
checkxlinkurl.template.feature:14 - 
org.apache.http.client.ClientProtocolException
-------
feature call (loop) failed at index: 76
caller: classpath:InspireTest/ngr/datasetrecords/def/checkxlinkurl.template.feature
arg: {"link":"d"}
checkxlinkurl.template.feature:14 - 
org.apache.http.client.ClientProtocolException
-------
feature call (loop) failed at index: 77
caller: classpath:InspireTest/ngr/datasetrecords/def/checkxlinkurl.template.feature
arg: {"link":"?"}
checkxlinkurl.template.feature:14 - 
org.apache.http.client.ClientProtocolException
-------
feature call (loop) failed at index: 78
caller: classpath:InspireTest/ngr/datasetrecords/def/checkxlinkurl.template.feature
arg: {"link":"r"}
checkxlinkurl.template.feature:14 - 
org.apache.http.client.ClientProtocolException
-------
feature call (loop) failed at index: 79
caller: classpath:InspireTest/ngr/datasetrecords/def/checkxlinkurl.template.feature
arg: {"link":"e"}
checkxlinkurl.template.feature:14 - 
org.apache.http.client.ClientProtocolException
-------
feature call (loop) failed at index: 80
caller: classpath:InspireTest/ngr/datasetrecords/def/checkxlinkurl.template.feature
arg: {"link":"f"}
checkxlinkurl.template.feature:14 - 
org.apache.http.client.ClientProtocolException
-------
feature call (loop) failed at index: 81
caller: classpath:InspireTest/ngr/datasetrecords/def/checkxlinkurl.template.feature
arg: {"link":"="}
checkxlinkurl.template.feature:14 - 
org.apache.http.client.ClientProtocolException
-------
feature call (loop) failed at index: 82
caller: classpath:InspireTest/ngr/datasetrecords/def/checkxlinkurl.template.feature
arg: {"link":"e"}
checkxlinkurl.template.feature:14 - 
org.apache.http.client.ClientProtocolException
-------
feature call (loop) failed at index: 83
caller: classpath:InspireTest/ngr/datasetrecords/def/checkxlinkurl.template.feature
arg: {"link":"x"}
checkxlinkurl.template.feature:14 - 
org.apache.http.client.ClientProtocolException
-------
feature call (loop) failed at index: 84
caller: classpath:InspireTest/ngr/datasetrecords/def/checkxlinkurl.template.feature
arg: {"link":"t"}
checkxlinkurl.template.feature:14 - 
org.apache.http.client.ClientProtocolException
-------
feature call (loop) failed at index: 85
caller: classpath:InspireTest/ngr/datasetrecords/def/checkxlinkurl.template.feature
arg: {"link":"e"}
checkxlinkurl.template.feature:14 - 
org.apache.http.client.ClientProtocolException
-------
feature call (loop) failed at index: 86
caller: classpath:InspireTest/ngr/datasetrecords/def/checkxlinkurl.template.feature
arg: {"link":"r"}
checkxlinkurl.template.feature:14 - 
org.apache.http.client.ClientProtocolException
-------
feature call (loop) failed at index: 87
caller: classpath:InspireTest/ngr/datasetrecords/def/checkxlinkurl.template.feature
arg: {"link":"n"}
checkxlinkurl.template.feature:14 - 
org.apache.http.client.ClientProtocolException
-------
feature call (loop) failed at index: 88
caller: classpath:InspireTest/ngr/datasetrecords/def/checkxlinkurl.template.feature
arg: {"link":"a"}
checkxlinkurl.template.feature:14 - 
org.apache.http.client.ClientProtocolException
-------
feature call (loop) failed at index: 89
caller: classpath:InspireTest/ngr/datasetrecords/def/checkxlinkurl.template.feature
arg: {"link":"l"}
checkxlinkurl.template.feature:14 - 
org.apache.http.client.ClientProtocolException
-------
feature call (loop) failed at index: 90
caller: classpath:InspireTest/ngr/datasetrecords/def/checkxlinkurl.template.feature
arg: {"link":"."}
checkxlinkurl.template.feature:14 - 
org.apache.http.client.ClientProtocolException
-------
feature call (loop) failed at index: 91
caller: classpath:InspireTest/ngr/datasetrecords/def/checkxlinkurl.template.feature
arg: {"link":"t"}
checkxlinkurl.template.feature:14 - 
org.apache.http.client.ClientProtocolException
-------
feature call (loop) failed at index: 92
caller: classpath:InspireTest/ngr/datasetrecords/def/checkxlinkurl.template.feature
arg: {"link":"h"}
checkxlinkurl.template.feature:14 - 
org.apache.http.client.ClientProtocolException
-------
feature call (loop) failed at index: 93
caller: classpath:InspireTest/ngr/datasetrecords/def/checkxlinkurl.template.feature
arg: {"link":"e"}
checkxlinkurl.template.feature:14 - 
org.apache.http.client.ClientProtocolException
-------
feature call (loop) failed at index: 94
caller: classpath:InspireTest/ngr/datasetrecords/def/checkxlinkurl.template.feature
arg: {"link":"m"}
checkxlinkurl.template.feature:14 - 
org.apache.http.client.ClientProtocolException
-------
feature call (loop) failed at index: 95
caller: classpath:InspireTest/ngr/datasetrecords/def/checkxlinkurl.template.feature
arg: {"link":"e"}
checkxlinkurl.template.feature:14 - 
org.apache.http.client.ClientProtocolException
-------
feature call (loop) failed at index: 96
caller: classpath:InspireTest/ngr/datasetrecords/def/checkxlinkurl.template.feature
arg: {"link":"."}
checkxlinkurl.template.feature:14 - 
org.apache.http.client.ClientProtocolException
-------
feature call (loop) failed at index: 97
caller: classpath:InspireTest/ngr/datasetrecords/def/checkxlinkurl.template.feature
arg: {"link":"h"}
checkxlinkurl.template.feature:14 - 
org.apache.http.client.ClientProtocolException
-------
feature call (loop) failed at index: 98
caller: classpath:InspireTest/ngr/datasetrecords/def/checkxlinkurl.template.feature
arg: {"link":"t"}
checkxlinkurl.template.feature:14 - 
org.apache.http.client.ClientProtocolException
-------
feature call (loop) failed at index: 99
caller: classpath:InspireTest/ngr/datasetrecords/def/checkxlinkurl.template.feature
arg: {"link":"t"}
checkxlinkurl.template.feature:14 - 
org.apache.http.client.ClientProtocolException
-------
feature call (loop) failed at index: 100
caller: classpath:InspireTest/ngr/datasetrecords/def/checkxlinkurl.template.feature
arg: {"link":"p"}
checkxlinkurl.template.feature:14 - 
org.apache.http.client.ClientProtocolException
-------
feature call (loop) failed at index: 101
caller: classpath:InspireTest/ngr/datasetrecords/def/checkxlinkurl.template.feature
arg: {"link":"i"}
checkxlinkurl.template.feature:14 - 
org.apache.http.client.ClientProtocolException
-------
feature call (loop) failed at index: 102
caller: classpath:InspireTest/ngr/datasetrecords/def/checkxlinkurl.template.feature
arg: {"link":"n"}
checkxlinkurl.template.feature:14 - 
org.apache.http.client.ClientProtocolException
-------
feature call (loop) failed at index: 103
caller: classpath:InspireTest/ngr/datasetrecords/def/checkxlinkurl.template.feature
arg: {"link":"s"}
checkxlinkurl.template.feature:14 - 
org.apache.http.client.ClientProtocolException
-------
feature call (loop) failed at index: 104
caller: classpath:InspireTest/ngr/datasetrecords/def/checkxlinkurl.template.feature
arg: {"link":"p"}
checkxlinkurl.template.feature:14 - 
org.apache.http.client.ClientProtocolException
-------
feature call (loop) failed at index: 105
caller: classpath:InspireTest/ngr/datasetrecords/def/checkxlinkurl.template.feature
arg: {"link":"i"}
checkxlinkurl.template.feature:14 - 
org.apache.http.client.ClientProtocolException
-------
feature call (loop) failed at index: 106
caller: classpath:InspireTest/ngr/datasetrecords/def/checkxlinkurl.template.feature
arg: {"link":"r"}
checkxlinkurl.template.feature:14 - 
org.apache.http.client.ClientProtocolException
-------
feature call (loop) failed at index: 107
caller: classpath:InspireTest/ngr/datasetrecords/def/checkxlinkurl.template.feature
arg: {"link":"e"}
checkxlinkurl.template.feature:14 - 
org.apache.http.client.ClientProtocolException
-------
feature call (loop) failed at index: 108
caller: classpath:InspireTest/ngr/datasetrecords/def/checkxlinkurl.template.feature
arg: {"link":"e"}
checkxlinkurl.template.feature:14 - 
org.apache.http.client.ClientProtocolException
-------
feature call (loop) failed at index: 109
caller: classpath:InspireTest/ngr/datasetrecords/def/checkxlinkurl.template.feature
arg: {"link":"c"}
checkxlinkurl.template.feature:14 - 
org.apache.http.client.ClientProtocolException
-------
feature call (loop) failed at index: 110
caller: classpath:InspireTest/ngr/datasetrecords/def/checkxlinkurl.template.feature
arg: {"link":"e"}
checkxlinkurl.template.feature:14 - 
org.apache.http.client.ClientProtocolException
-------
feature call (loop) failed at index: 111
caller: classpath:InspireTest/ngr/datasetrecords/def/checkxlinkurl.template.feature
arg: {"link":"u"}
checkxlinkurl.template.feature:14 - 
org.apache.http.client.ClientProtocolException
-------
feature call (loop) failed at index: 112
caller: classpath:InspireTest/ngr/datasetrecords/def/checkxlinkurl.template.feature
arg: {"link":"r"}
checkxlinkurl.template.feature:14 - 
org.apache.http.client.ClientProtocolException
-------
feature call (loop) failed at index: 113
caller: classpath:InspireTest/ngr/datasetrecords/def/checkxlinkurl.template.feature
arg: {"link":"o"}
checkxlinkurl.template.feature:14 - 
org.apache.http.client.ClientProtocolException
-------
feature call (loop) failed at index: 114
caller: classpath:InspireTest/ngr/datasetrecords/def/checkxlinkurl.template.feature
arg: {"link":"p"}
checkxlinkurl.template.feature:14 - 
org.apache.http.client.ClientProtocolException
-------
feature call (loop) failed at index: 115
caller: classpath:InspireTest/ngr/datasetrecords/def/checkxlinkurl.template.feature
arg: {"link":"a"}
checkxlinkurl.template.feature:14 - 
org.apache.http.client.ClientProtocolException
-------
feature call (loop) failed at index: 116
caller: classpath:InspireTest/ngr/datasetrecords/def/checkxlinkurl.template.feature
arg: {"link":"e"}
checkxlinkurl.template.feature:14 - 
org.apache.http.client.ClientProtocolException
-------
feature call (loop) failed at index: 117
caller: classpath:InspireTest/ngr/datasetrecords/def/checkxlinkurl.template.feature
arg: {"link":"u"}
checkxlinkurl.template.feature:14 - 
org.apache.http.client.ClientProtocolException
-------
feature call (loop) failed at index: 118
caller: classpath:InspireTest/ngr/datasetrecords/def/checkxlinkurl.template.feature
arg: {"link":"t"}
checkxlinkurl.template.feature:14 - 
org.apache.http.client.ClientProtocolException
-------
feature call (loop) failed at index: 119
caller: classpath:InspireTest/ngr/datasetrecords/def/checkxlinkurl.template.feature
arg: {"link":"h"}
checkxlinkurl.template.feature:14 - 
org.apache.http.client.ClientProtocolException
-------
feature call (loop) failed at index: 120
caller: classpath:InspireTest/ngr/datasetrecords/def/checkxlinkurl.template.feature
arg: {"link":"e"}
checkxlinkurl.template.feature:14 - 
org.apache.http.client.ClientProtocolException
-------
feature call (loop) failed at index: 121
caller: classpath:InspireTest/ngr/datasetrecords/def/checkxlinkurl.template.feature
arg: {"link":"m"}
checkxlinkurl.template.feature:14 - 
org.apache.http.client.ClientProtocolException
-------
feature call (loop) failed at index: 122
caller: classpath:InspireTest/ngr/datasetrecords/def/checkxlinkurl.template.feature
arg: {"link":"e"}
checkxlinkurl.template.feature:14 - 
org.apache.http.client.ClientProtocolException
-------
feature call (loop) failed at index: 123
caller: classpath:InspireTest/ngr/datasetrecords/def/checkxlinkurl.template.feature
arg: {"link":"-"}
checkxlinkurl.template.feature:14 - 
org.apache.http.client.ClientProtocolException
-------
feature call (loop) failed at index: 124
caller: classpath:InspireTest/ngr/datasetrecords/def/checkxlinkurl.template.feature
arg: {"link":"t"}
checkxlinkurl.template.feature:14 - 
org.apache.http.client.ClientProtocolException
-------
feature call (loop) failed at index: 125
caller: classpath:InspireTest/ngr/datasetrecords/def/checkxlinkurl.template.feature
arg: {"link":"h"}
checkxlinkurl.template.feature:14 - 
org.apache.http.client.ClientProtocolException
-------
feature call (loop) failed at index: 126
caller: classpath:InspireTest/ngr/datasetrecords/def/checkxlinkurl.template.feature
arg: {"link":"e"}
checkxlinkurl.template.feature:14 - 
org.apache.http.client.ClientProtocolException
-------
feature call (loop) failed at index: 127
caller: classpath:InspireTest/ngr/datasetrecords/def/checkxlinkurl.template.feature
arg: {"link":"m"}
checkxlinkurl.template.feature:14 - 
org.apache.http.client.ClientProtocolException
-------
feature call (loop) failed at index: 128
caller: classpath:InspireTest/ngr/datasetrecords/def/checkxlinkurl.template.feature
arg: {"link":"e"}
checkxlinkurl.template.feature:14 - 
org.apache.http.client.ClientProtocolException
[1.124:16] ngr-check-dataset-record.feature:69 - feature call (loop) failed: classpath:InspireTest/ngr/datasetrecords/def/checkxlinkurl.template.feature
caller: classpath:InspireTest/ngr/datasetrecords/ngr-check-dataset-record.feature
items: [{link=https://data.rivm.nl/inspire/id#b5ccab29-e2cc-4178-9f81-40c50e909754}]
errors:
-------
feature call (loop) failed at index: 0
caller: classpath:InspireTest/ngr/datasetrecords/def/checkxlinkurl.template.feature
arg: {"link":"https://data.rivm.nl/inspire/id#b5ccab29-e2cc-4178-9f81-40c50e909754"}
checkxlinkurl.template.feature:14 - 
javax.net.ssl.SSLException: Connection reset
[1.125:16] ngr-check-dataset-record.feature:69 - feature call (loop) failed: classpath:InspireTest/ngr/datasetrecords/def/checkxlinkurl.template.feature
caller: classpath:InspireTest/ngr/datasetrecords/ngr-check-dataset-record.feature
items: [{link=http://www.opengis.net/def/crs/EPSG/0/ETRS89}, {link=https://www.nationaalgeoregister.nl/geonetwork/srv/api/records07575774-57a1-4419-bab4-6c88fdeb02b2}]
errors:
-------
feature call (loop) failed at index: 1
caller: classpath:InspireTest/ngr/datasetrecords/def/checkxlinkurl.template.feature
arg: {"link":"https://www.nationaalgeoregister.nl/geonetwork/srv/api/records07575774-57a1-4419-bab4-6c88fdeb02b2"}
checkxlinkurl.template.feature:15 - status code was: 500, expected: 200, response time: 314, url: https://www.nationaalgeoregister.nl/geonetwork/srv/api/records07575774-57a1-4419-bab4-6c88fdeb02b2, response: 
[1.126:16] ngr-check-dataset-record.feature:69 - feature call (loop) failed: classpath:InspireTest/ngr/datasetrecords/def/checkxlinkurl.template.feature
caller: classpath:InspireTest/ngr/datasetrecords/ngr-check-dataset-record.feature
items: [{link=https://www.nationaalgeoregister.nl/geonetwork/srv/dut/catalog.search#/metadata/krw-782cab20-8328-45f1-a9b2-c27d07c14066}, {link=http://rdfdata.eionet.europa.eu/inspirethemes/themes/24}, {link=https://ngr.geocat.live/geonetwork/srv/eng/thesaurus.download?ref=external.theme.httpinspireeceuropaeumetadatacodelistPrioritydataset-Prioritydataset}, {link=urn:ogc:def:crs:EPSG::5709}]
errors:
-------
feature call (loop) failed at index: 1
caller: classpath:InspireTest/ngr/datasetrecords/def/checkxlinkurl.template.feature
arg: {"link":"http://rdfdata.eionet.europa.eu/inspirethemes/themes/24"}
checkxlinkurl.template.feature:15 - status code was: 404, expected: 200, response time: 199, url: http://rdfdata.eionet.europa.eu/inspirethemes/themes/24, response: 
-------
feature call (loop) failed at index: 2
caller: classpath:InspireTest/ngr/datasetrecords/def/checkxlinkurl.template.feature
arg: {"link":"https://ngr.geocat.live/geonetwork/srv/eng/thesaurus.download?ref=external.theme.httpinspireeceuropaeumetadatacodelistPrioritydataset-Prioritydataset"}
checkxlinkurl.template.feature:15 - status code was: 500, expected: 200, response time: 607, url: https://ngr.geocat.live/geonetwork/srv/eng/thesaurus.download?ref=external.theme.httpinspireeceuropaeumetadatacodelistPrioritydataset-Prioritydataset, response: 
-------
feature call (loop) failed at index: 3
caller: classpath:InspireTest/ngr/datasetrecords/def/checkxlinkurl.template.feature
arg: {"link":"urn:ogc:def:crs:EPSG::5709"}
checkxlinkurl.template.feature:14 - 
org.apache.http.client.ClientProtocolException: URI does not specify a valid host name: urn:ogc:def:crs:EPSG::5709
[1.127:16] ngr-check-dataset-record.feature:69 - feature call (loop) failed: classpath:InspireTest/ngr/datasetrecords/def/checkxlinkurl.template.feature
caller: classpath:InspireTest/ngr/datasetrecords/ngr-check-dataset-record.feature
items: [{link=http://www.opengis.net/def/crs/EPSG/0/http://www.opengis.net/def/crs/EPSG/0/3034}, {link=http://nationaalgeoregister.nl/geonetwork/srv/dut/csw?SERVICE=CSW&version=2.0.2&REQUEST=GetRecordById&elementSetName=full&OutputSchema=http://www.isotc211.org/2005/gmd&ID=41023936-009d-48ec-a90d-c966895463c1}, {link=https://creativecommons.org/publicdomain/mark/*/deed.nl}, {link=}]
errors:
-------
feature call (loop) failed at index: 2
caller: classpath:InspireTest/ngr/datasetrecords/def/checkxlinkurl.template.feature
arg: {"link":"https://creativecommons.org/publicdomain/mark/*/deed.nl"}
checkxlinkurl.template.feature:15 - status code was: 404, expected: 200, response time: 43, url: https://creativecommons.org/publicdomain/mark/*/deed.nl, response: 
-------
feature call (loop) failed at index: 3
caller: classpath:InspireTest/ngr/datasetrecords/def/checkxlinkurl.template.feature
arg: {"link":""}
checkxlinkurl.template.feature:14 - 
org.apache.http.client.ClientProtocolException
[1.128:16] ngr-check-dataset-record.feature:69 - feature call (loop) failed: classpath:InspireTest/ngr/datasetrecords/def/checkxlinkurl.template.feature
caller: classpath:InspireTest/ngr/datasetrecords/ngr-check-dataset-record.feature
items: [{link=http://kadaster/06b6c650-cdb1-11dd-ad8b-0800200c9a81}]
errors:
-------
feature call (loop) failed at index: 0
caller: classpath:InspireTest/ngr/datasetrecords/def/checkxlinkurl.template.feature
arg: {"link":"http://kadaster/06b6c650-cdb1-11dd-ad8b-0800200c9a81"}
checkxlinkurl.template.feature:14 - 
java.net.UnknownHostException: kadaster
[1.129:16] ngr-check-dataset-record.feature:69 - feature call (loop) failed: classpath:InspireTest/ngr/datasetrecords/def/checkxlinkurl.template.feature
caller: classpath:InspireTest/ngr/datasetrecords/ngr-check-dataset-record.feature
items: [{link=http://www.opengis.net/def/crs/EPSG/0/http://www.opengis.net/def/crs/EPSG/0/4258}, {link=http://kadaster/7cdfa80a-cfbf-4324-978d-f1f141756b66}]
errors:
-------
feature call (loop) failed at index: 1
caller: classpath:InspireTest/ngr/datasetrecords/def/checkxlinkurl.template.feature
arg: {"link":"http://kadaster/7cdfa80a-cfbf-4324-978d-f1f141756b66"}
checkxlinkurl.template.feature:14 - 
java.net.UnknownHostException: kadaster
[1.130:16] ngr-check-dataset-record.feature:69 - feature call (loop) failed: classpath:InspireTest/ngr/datasetrecords/def/checkxlinkurl.template.feature
caller: classpath:InspireTest/ngr/datasetrecords/ngr-check-dataset-record.feature
items: [{link=https://www.nationaalgeoregister.nl/geonetwork/srv/api/records58d39928-f502-48c9-a8c1-03244dc181bf}]
errors:
-------
feature call (loop) failed at index: 0
caller: classpath:InspireTest/ngr/datasetrecords/def/checkxlinkurl.template.feature
arg: {"link":"https://www.nationaalgeoregister.nl/geonetwork/srv/api/records58d39928-f502-48c9-a8c1-03244dc181bf"}
checkxlinkurl.template.feature:15 - status code was: 500, expected: 200, response time: 427, url: https://www.nationaalgeoregister.nl/geonetwork/srv/api/records58d39928-f502-48c9-a8c1-03244dc181bf, response: 
[1.131:16] ngr-check-dataset-record.feature:69 - feature call (loop) failed: classpath:InspireTest/ngr/datasetrecords/def/checkxlinkurl.template.feature
caller: classpath:InspireTest/ngr/datasetrecords/ngr-check-dataset-record.feature
items: [{link=http://kadaster/2482250f-3b00-4439-9f93-f3118229b015}, {link=}, {link=}, {link=}]
errors:
-------
feature call (loop) failed at index: 0
caller: classpath:InspireTest/ngr/datasetrecords/def/checkxlinkurl.template.feature
arg: {"link":"http://kadaster/2482250f-3b00-4439-9f93-f3118229b015"}
checkxlinkurl.template.feature:14 - 
java.net.UnknownHostException: kadaster
-------
feature call (loop) failed at index: 1
caller: classpath:InspireTest/ngr/datasetrecords/def/checkxlinkurl.template.feature
arg: {"link":""}
checkxlinkurl.template.feature:14 - 
org.apache.http.client.ClientProtocolException
-------
feature call (loop) failed at index: 2
caller: classpath:InspireTest/ngr/datasetrecords/def/checkxlinkurl.template.feature
arg: {"link":""}
checkxlinkurl.template.feature:14 - 
org.apache.http.client.ClientProtocolException
-------
feature call (loop) failed at index: 3
caller: classpath:InspireTest/ngr/datasetrecords/def/checkxlinkurl.template.feature
arg: {"link":""}
checkxlinkurl.template.feature:14 - 
org.apache.http.client.ClientProtocolException
[1.132:16] ngr-check-dataset-record.feature:69 - feature call (loop) failed: classpath:InspireTest/ngr/datasetrecords/def/checkxlinkurl.template.feature
caller: classpath:InspireTest/ngr/datasetrecords/ngr-check-dataset-record.feature
items: [{link=http://kadaster/2482250f-3b00-4439-9f93-f3118229b018}, {link=}, {link=}, {link=}]
errors:
-------
feature call (loop) failed at index: 0
caller: classpath:InspireTest/ngr/datasetrecords/def/checkxlinkurl.template.feature
arg: {"link":"http://kadaster/2482250f-3b00-4439-9f93-f3118229b018"}
checkxlinkurl.template.feature:14 - 
java.net.UnknownHostException: kadaster
-------
feature call (loop) failed at index: 1
caller: classpath:InspireTest/ngr/datasetrecords/def/checkxlinkurl.template.feature
arg: {"link":""}
checkxlinkurl.template.feature:14 - 
org.apache.http.client.ClientProtocolException
-------
feature call (loop) failed at index: 2
caller: classpath:InspireTest/ngr/datasetrecords/def/checkxlinkurl.template.feature
arg: {"link":""}
checkxlinkurl.template.feature:14 - 
org.apache.http.client.ClientProtocolException
-------
feature call (loop) failed at index: 3
caller: classpath:InspireTest/ngr/datasetrecords/def/checkxlinkurl.template.feature
arg: {"link":""}
checkxlinkurl.template.feature:14 - 
org.apache.http.client.ClientProtocolException
[1.133:16] ngr-check-dataset-record.feature:69 - feature call (loop) failed: classpath:InspireTest/ngr/datasetrecords/def/checkxlinkurl.template.feature
caller: classpath:InspireTest/ngr/datasetrecords/ngr-check-dataset-record.feature
items: [{link=https://www.nationaalgeoregister.nl/geonetwork/srv/dut/catalog.search#/metadata/adn73c4a-ef03-4785-b7f6-942e86b385f7}, {link=http://rdfdata.eionet.europa.eu/inspirethemes/themes/10}, {link=urn:ogc:def:crs:EPSG::5709}]
errors:
-------
feature call (loop) failed at index: 1
caller: classpath:InspireTest/ngr/datasetrecords/def/checkxlinkurl.template.feature
arg: {"link":"http://rdfdata.eionet.europa.eu/inspirethemes/themes/10"}
checkxlinkurl.template.feature:15 - status code was: 404, expected: 200, response time: 226, url: http://rdfdata.eionet.europa.eu/inspirethemes/themes/10, response: 
-------
feature call (loop) failed at index: 2
caller: classpath:InspireTest/ngr/datasetrecords/def/checkxlinkurl.template.feature
arg: {"link":"urn:ogc:def:crs:EPSG::5709"}
checkxlinkurl.template.feature:14 - 
org.apache.http.client.ClientProtocolException: URI does not specify a valid host name: urn:ogc:def:crs:EPSG::5709
[1.134:16] ngr-check-dataset-record.feature:69 - feature call (loop) failed: classpath:InspireTest/ngr/datasetrecords/def/checkxlinkurl.template.feature
caller: classpath:InspireTest/ngr/datasetrecords/ngr-check-dataset-record.feature
items: [{link=https://geodata.nationaalgeoregister.nl/cbsgebiedsindelingen/atom/cbsgebiedsindelingen.xml}, {link=https://www.iana.org/assignments/media-types/application/geopackage+sqlite3}, {link=}]
errors:
-------
feature call (loop) failed at index: 2
caller: classpath:InspireTest/ngr/datasetrecords/def/checkxlinkurl.template.feature
arg: {"link":""}
checkxlinkurl.template.feature:14 - 
org.apache.http.client.ClientProtocolException
[1.135:16] ngr-check-dataset-record.feature:69 - feature call (loop) failed: classpath:InspireTest/ngr/datasetrecords/def/checkxlinkurl.template.feature
caller: classpath:InspireTest/ngr/datasetrecords/ngr-check-dataset-record.feature
items: [{link=http://kadaster/06b6c650-cdb1-11dd-ad8b-0800200c9a75}]
errors:
-------
feature call (loop) failed at index: 0
caller: classpath:InspireTest/ngr/datasetrecords/def/checkxlinkurl.template.feature
arg: {"link":"http://kadaster/06b6c650-cdb1-11dd-ad8b-0800200c9a75"}
checkxlinkurl.template.feature:14 - 
java.net.UnknownHostException: kadaster
[1.136:16] ngr-check-dataset-record.feature:69 - feature call (loop) failed: classpath:InspireTest/ngr/datasetrecords/def/checkxlinkurl.template.feature
caller: classpath:InspireTest/ngr/datasetrecords/ngr-check-dataset-record.feature
items: [{link=https://www.nationaalgeoregister.nl/geonetwork/srv/dut/catalog.search#/metadata/25294679-adb9-4c39-a93b-6954ff9414ac}, {link=http://rdfdata.eionet.europa.eu/inspirethemes/themes/20}, {link=http://rdfdata.eionet.europa.eu/inspirethemes/themes/28}, {link=urn:ogc:def:crs:EPSG::5709}]
errors:
-------
feature call (loop) failed at index: 1
caller: classpath:InspireTest/ngr/datasetrecords/def/checkxlinkurl.template.feature
arg: {"link":"http://rdfdata.eionet.europa.eu/inspirethemes/themes/20"}
checkxlinkurl.template.feature:15 - status code was: 404, expected: 200, response time: 220, url: http://rdfdata.eionet.europa.eu/inspirethemes/themes/20, response: 
-------
feature call (loop) failed at index: 2
caller: classpath:InspireTest/ngr/datasetrecords/def/checkxlinkurl.template.feature
arg: {"link":"http://rdfdata.eionet.europa.eu/inspirethemes/themes/28"}
checkxlinkurl.template.feature:15 - status code was: 404, expected: 200, response time: 210, url: http://rdfdata.eionet.europa.eu/inspirethemes/themes/28, response: 
-------
feature call (loop) failed at index: 3
caller: classpath:InspireTest/ngr/datasetrecords/def/checkxlinkurl.template.feature
arg: {"link":"urn:ogc:def:crs:EPSG::5709"}
checkxlinkurl.template.feature:14 - 
org.apache.http.client.ClientProtocolException: URI does not specify a valid host name: urn:ogc:def:crs:EPSG::5709
[1.138:16] ngr-check-dataset-record.feature:69 - feature call (loop) failed: classpath:InspireTest/ngr/datasetrecords/def/checkxlinkurl.template.feature
caller: classpath:InspireTest/ngr/datasetrecords/ngr-check-dataset-record.feature
items: [{link=https://data.rivm.nl/inspire/id#c6d62f69-7be0-4c19-a4af-d146c6a3c166}]
errors:
-------
feature call (loop) failed at index: 0
caller: classpath:InspireTest/ngr/datasetrecords/def/checkxlinkurl.template.feature
arg: {"link":"https://data.rivm.nl/inspire/id#c6d62f69-7be0-4c19-a4af-d146c6a3c166"}
checkxlinkurl.template.feature:14 - 
javax.net.ssl.SSLException: Connection reset
[1.139:16] ngr-check-dataset-record.feature:69 - feature call (loop) failed: classpath:InspireTest/ngr/datasetrecords/def/checkxlinkurl.template.feature
caller: classpath:InspireTest/ngr/datasetrecords/ngr-check-dataset-record.feature
items: [{link=http://www.opengis.net/def/crs/EPSG/0/https://www.opengis.net/def/crs/EPSG/0/4258}, {link=https://www.nationaalgeoregister.nl/geonetwork/srv/api/records4617f0e0-6af4-4ac0-9044-31df9d03071c}]
errors:
-------
feature call (loop) failed at index: 1
caller: classpath:InspireTest/ngr/datasetrecords/def/checkxlinkurl.template.feature
arg: {"link":"https://www.nationaalgeoregister.nl/geonetwork/srv/api/records4617f0e0-6af4-4ac0-9044-31df9d03071c"}
checkxlinkurl.template.feature:15 - status code was: 500, expected: 200, response time: 505, url: https://www.nationaalgeoregister.nl/geonetwork/srv/api/records4617f0e0-6af4-4ac0-9044-31df9d03071c, response: 
[1.140:16] ngr-check-dataset-record.feature:69 - feature call (loop) failed: classpath:InspireTest/ngr/datasetrecords/def/checkxlinkurl.template.feature
caller: classpath:InspireTest/ngr/datasetrecords/ngr-check-dataset-record.feature
items: [{link=http://www.opengis.net/def/crs/EPSG/0/http://www.opengis.net/def/crs/EPSG/0/4258}, {link=http://kadaster/80b2d12c-32be-54fg-b6d3—34f4ffc06cf3}]
errors:
-------
feature call (loop) failed at index: 1
caller: classpath:InspireTest/ngr/datasetrecords/def/checkxlinkurl.template.feature
arg: {"link":"http://kadaster/80b2d12c-32be-54fg-b6d3\u201434f4ffc06cf3"}
checkxlinkurl.template.feature:14 - 
java.net.UnknownHostException: kadaster
[1.141:16] ngr-check-dataset-record.feature:69 - feature call (loop) failed: classpath:InspireTest/ngr/datasetrecords/def/checkxlinkurl.template.feature
caller: classpath:InspireTest/ngr/datasetrecords/ngr-check-dataset-record.feature
items: [{link=http://www.opengis.net/def/crs/EPSG/0/http://www.opengis.net/def/crs/EPSG/0/4258}, {link=http://kadaster/0f9b8c87-80a6-435f-b3b3-e07c3918d344}]
errors:
-------
feature call (loop) failed at index: 1
caller: classpath:InspireTest/ngr/datasetrecords/def/checkxlinkurl.template.feature
arg: {"link":"http://kadaster/0f9b8c87-80a6-435f-b3b3-e07c3918d344"}
checkxlinkurl.template.feature:14 - 
java.net.UnknownHostException: kadaster
[1.142:16] ngr-check-dataset-record.feature:69 - feature call (loop) failed: classpath:InspireTest/ngr/datasetrecords/def/checkxlinkurl.template.feature
caller: classpath:InspireTest/ngr/datasetrecords/ngr-check-dataset-record.feature
items: [{link=http://kadaster/2482250f-3b00-4439-9f93-f3118229b020}, {link=}, {link=}, {link=}]
errors:
-------
feature call (loop) failed at index: 0
caller: classpath:InspireTest/ngr/datasetrecords/def/checkxlinkurl.template.feature
arg: {"link":"http://kadaster/2482250f-3b00-4439-9f93-f3118229b020"}
checkxlinkurl.template.feature:14 - 
java.net.UnknownHostException: kadaster
-------
feature call (loop) failed at index: 1
caller: classpath:InspireTest/ngr/datasetrecords/def/checkxlinkurl.template.feature
arg: {"link":""}
checkxlinkurl.template.feature:14 - 
org.apache.http.client.ClientProtocolException
-------
feature call (loop) failed at index: 2
caller: classpath:InspireTest/ngr/datasetrecords/def/checkxlinkurl.template.feature
arg: {"link":""}
checkxlinkurl.template.feature:14 - 
org.apache.http.client.ClientProtocolException
-------
feature call (loop) failed at index: 3
caller: classpath:InspireTest/ngr/datasetrecords/def/checkxlinkurl.template.feature
arg: {"link":""}
checkxlinkurl.template.feature:14 - 
org.apache.http.client.ClientProtocolException
[1.143:16] ngr-check-dataset-record.feature:69 - feature call (loop) failed: classpath:InspireTest/ngr/datasetrecords/def/checkxlinkurl.template.feature
caller: classpath:InspireTest/ngr/datasetrecords/ngr-check-dataset-record.feature
items: [{link=http://kadaster/2482250f-3b00-4439-9f93-f3118229b017}, {link=}, {link=}, {link=}]
errors:
-------
feature call (loop) failed at index: 0
caller: classpath:InspireTest/ngr/datasetrecords/def/checkxlinkurl.template.feature
arg: {"link":"http://kadaster/2482250f-3b00-4439-9f93-f3118229b017"}
checkxlinkurl.template.feature:14 - 
java.net.UnknownHostException: kadaster
-------
feature call (loop) failed at index: 1
caller: classpath:InspireTest/ngr/datasetrecords/def/checkxlinkurl.template.feature
arg: {"link":""}
checkxlinkurl.template.feature:14 - 
org.apache.http.client.ClientProtocolException
-------
feature call (loop) failed at index: 2
caller: classpath:InspireTest/ngr/datasetrecords/def/checkxlinkurl.template.feature
arg: {"link":""}
checkxlinkurl.template.feature:14 - 
org.apache.http.client.ClientProtocolException
-------
feature call (loop) failed at index: 3
caller: classpath:InspireTest/ngr/datasetrecords/def/checkxlinkurl.template.feature
arg: {"link":""}
checkxlinkurl.template.feature:14 - 
org.apache.http.client.ClientProtocolException
[1.144:16] ngr-check-dataset-record.feature:69 - feature call (loop) failed: classpath:InspireTest/ngr/datasetrecords/def/checkxlinkurl.template.feature
caller: classpath:InspireTest/ngr/datasetrecords/ngr-check-dataset-record.feature
items: [{link=https://www.nationaalgeoregister.nl/geonetwork/srv/dut/catalog.search#/metadata/adn73c4a-ef03-4785-b7f6-942e86b385f5}, {link=http://rdfdata.eionet.europa.eu/inspirethemes/themes/10}, {link=urn:ogc:def:crs:EPSG::5709}]
errors:
-------
feature call (loop) failed at index: 1
caller: classpath:InspireTest/ngr/datasetrecords/def/checkxlinkurl.template.feature
arg: {"link":"http://rdfdata.eionet.europa.eu/inspirethemes/themes/10"}
checkxlinkurl.template.feature:15 - status code was: 404, expected: 200, response time: 222, url: http://rdfdata.eionet.europa.eu/inspirethemes/themes/10, response: 
-------
feature call (loop) failed at index: 2
caller: classpath:InspireTest/ngr/datasetrecords/def/checkxlinkurl.template.feature
arg: {"link":"urn:ogc:def:crs:EPSG::5709"}
checkxlinkurl.template.feature:14 - 
org.apache.http.client.ClientProtocolException: URI does not specify a valid host name: urn:ogc:def:crs:EPSG::5709
[1.145:16] ngr-check-dataset-record.feature:69 - feature call (loop) failed: classpath:InspireTest/ngr/datasetrecords/def/checkxlinkurl.template.feature
caller: classpath:InspireTest/ngr/datasetrecords/ngr-check-dataset-record.feature
items: [{link=https://www.nationaalgeoregister.nl/geonetwork/srv/dut/catalog.search#/metadata/wt-83730-e750-485a-9c0c-39bf9be72cf8}, {link=http://rdfdata.eionet.europa.eu/inspirethemes/themes/18}, {link=https://ngr.geocat.live/geonetwork/srv/eng/thesaurus.download?ref=external.theme.httpinspireeceuropaeumetadatacodelistPrioritydataset-Prioritydataset}]
errors:
-------
feature call (loop) failed at index: 1
caller: classpath:InspireTest/ngr/datasetrecords/def/checkxlinkurl.template.feature
arg: {"link":"http://rdfdata.eionet.europa.eu/inspirethemes/themes/18"}
checkxlinkurl.template.feature:15 - status code was: 404, expected: 200, response time: 214, url: http://rdfdata.eionet.europa.eu/inspirethemes/themes/18, response: 
-------
feature call (loop) failed at index: 2
caller: classpath:InspireTest/ngr/datasetrecords/def/checkxlinkurl.template.feature
arg: {"link":"https://ngr.geocat.live/geonetwork/srv/eng/thesaurus.download?ref=external.theme.httpinspireeceuropaeumetadatacodelistPrioritydataset-Prioritydataset"}
checkxlinkurl.template.feature:15 - status code was: 500, expected: 200, response time: 315, url: https://ngr.geocat.live/geonetwork/srv/eng/thesaurus.download?ref=external.theme.httpinspireeceuropaeumetadatacodelistPrioritydataset-Prioritydataset, response: 
[1.147:16] ngr-check-dataset-record.feature:69 - feature call (loop) failed: classpath:InspireTest/ngr/datasetrecords/def/checkxlinkurl.template.feature
caller: classpath:InspireTest/ngr/datasetrecords/ngr-check-dataset-record.feature
items: [{link=https://data.rivm.nl/inspire/id#1e3a98db-5d5e-4e61-8b64-1d132ddb439e}]
errors:
-------
feature call (loop) failed at index: 0
caller: classpath:InspireTest/ngr/datasetrecords/def/checkxlinkurl.template.feature
arg: {"link":"https://data.rivm.nl/inspire/id#1e3a98db-5d5e-4e61-8b64-1d132ddb439e"}
checkxlinkurl.template.feature:14 - 
javax.net.ssl.SSLException: Connection reset
[1.148:16] ngr-check-dataset-record.feature:69 - feature call (loop) failed: classpath:InspireTest/ngr/datasetrecords/def/checkxlinkurl.template.feature
caller: classpath:InspireTest/ngr/datasetrecords/ngr-check-dataset-record.feature
items: [{link=http://www.opengis.net/def/crs/EPSG/0/https://www.opengis.net/def/crs/EPSG/0/4258}, {link=https://www.nationaalgeoregister.nl/geonetwork/srv/api/records4cda487b-c467-490c-a843-6563fec016be}]
errors:
-------
feature call (loop) failed at index: 1
caller: classpath:InspireTest/ngr/datasetrecords/def/checkxlinkurl.template.feature
arg: {"link":"https://www.nationaalgeoregister.nl/geonetwork/srv/api/records4cda487b-c467-490c-a843-6563fec016be"}
checkxlinkurl.template.feature:15 - status code was: 500, expected: 200, response time: 323, url: https://www.nationaalgeoregister.nl/geonetwork/srv/api/records4cda487b-c467-490c-a843-6563fec016be, response: 
[1.149:16] ngr-check-dataset-record.feature:69 - feature call (loop) failed: classpath:InspireTest/ngr/datasetrecords/def/checkxlinkurl.template.feature
caller: classpath:InspireTest/ngr/datasetrecords/ngr-check-dataset-record.feature
items: [{link=https://www.nationaalgeoregister.nl/geonetwork/srv/dut/catalog.search#/metadata/110f9ec6-4464-462e-9765-83d90cefbeac}, {link=http://rdfdata.eionet.europa.eu/inspirethemes/themes/24}, {link=https://ngr.geocat.live/geonetwork/srv/eng/thesaurus.download?ref=external.theme.httpinspireeceuropaeumetadatacodelistPrioritydataset-Prioritydataset}]
errors:
-------
feature call (loop) failed at index: 1
caller: classpath:InspireTest/ngr/datasetrecords/def/checkxlinkurl.template.feature
arg: {"link":"http://rdfdata.eionet.europa.eu/inspirethemes/themes/24"}
checkxlinkurl.template.feature:15 - status code was: 404, expected: 200, response time: 202, url: http://rdfdata.eionet.europa.eu/inspirethemes/themes/24, response: 
-------
feature call (loop) failed at index: 2
caller: classpath:InspireTest/ngr/datasetrecords/def/checkxlinkurl.template.feature
arg: {"link":"https://ngr.geocat.live/geonetwork/srv/eng/thesaurus.download?ref=external.theme.httpinspireeceuropaeumetadatacodelistPrioritydataset-Prioritydataset"}
checkxlinkurl.template.feature:15 - status code was: 500, expected: 200, response time: 324, url: https://ngr.geocat.live/geonetwork/srv/eng/thesaurus.download?ref=external.theme.httpinspireeceuropaeumetadatacodelistPrioritydataset-Prioritydataset, response: 
[1.150:16] ngr-check-dataset-record.feature:69 - feature call (loop) failed: classpath:InspireTest/ngr/datasetrecords/def/checkxlinkurl.template.feature
caller: classpath:InspireTest/ngr/datasetrecords/ngr-check-dataset-record.feature
items: [{link=https://data.rivm.nl/inspire/id#b867ba72-5a7c-41fe-b997-394b56dfbd25}]
errors:
-------
feature call (loop) failed at index: 0
caller: classpath:InspireTest/ngr/datasetrecords/def/checkxlinkurl.template.feature
arg: {"link":"https://data.rivm.nl/inspire/id#b867ba72-5a7c-41fe-b997-394b56dfbd25"}
checkxlinkurl.template.feature:14 - 
javax.net.ssl.SSLException: Connection reset
[1.151:16] ngr-check-dataset-record.feature:69 - feature call (loop) failed: classpath:InspireTest/ngr/datasetrecords/def/checkxlinkurl.template.feature
caller: classpath:InspireTest/ngr/datasetrecords/ngr-check-dataset-record.feature
items: [{link=https://data.rivm.nl/inspire/id#df9bc66f-941b-4c38-a104-1b8d940a53db}]
errors:
-------
feature call (loop) failed at index: 0
caller: classpath:InspireTest/ngr/datasetrecords/def/checkxlinkurl.template.feature
arg: {"link":"https://data.rivm.nl/inspire/id#df9bc66f-941b-4c38-a104-1b8d940a53db"}
checkxlinkurl.template.feature:14 - 
javax.net.ssl.SSLException: Connection reset
[1.152:16] ngr-check-dataset-record.feature:69 - feature call (loop) failed: classpath:InspireTest/ngr/datasetrecords/def/checkxlinkurl.template.feature
caller: classpath:InspireTest/ngr/datasetrecords/ngr-check-dataset-record.feature
items: [{link=https://data.rivm.nl/inspire/id#a3b9f437-f571-4a00-b3c3-58e4354c244f}]
errors:
-------
feature call (loop) failed at index: 0
caller: classpath:InspireTest/ngr/datasetrecords/def/checkxlinkurl.template.feature
arg: {"link":"https://data.rivm.nl/inspire/id#a3b9f437-f571-4a00-b3c3-58e4354c244f"}
checkxlinkurl.template.feature:14 - 
javax.net.ssl.SSLException: Connection reset
[1.153:16] ngr-check-dataset-record.feature:69 - feature call (loop) failed: classpath:InspireTest/ngr/datasetrecords/def/checkxlinkurl.template.feature
caller: classpath:InspireTest/ngr/datasetrecords/ngr-check-dataset-record.feature
items: [{link=https://data.rivm.nl/inspire/id#a3095f95-0ec7-46ff-ae14-ce2173e8fafa}]
errors:
-------
feature call (loop) failed at index: 0
caller: classpath:InspireTest/ngr/datasetrecords/def/checkxlinkurl.template.feature
arg: {"link":"https://data.rivm.nl/inspire/id#a3095f95-0ec7-46ff-ae14-ce2173e8fafa"}
checkxlinkurl.template.feature:14 - 
javax.net.ssl.SSLException: Connection reset
[1.154:16] ngr-check-dataset-record.feature:69 - feature call (loop) failed: classpath:InspireTest/ngr/datasetrecords/def/checkxlinkurl.template.feature
caller: classpath:InspireTest/ngr/datasetrecords/ngr-check-dataset-record.feature
items: [{link=https://data.rivm.nl/inspire/id#fd9c4f87-026e-4681-8d94-9702f3c83078}]
errors:
-------
feature call (loop) failed at index: 0
caller: classpath:InspireTest/ngr/datasetrecords/def/checkxlinkurl.template.feature
arg: {"link":"https://data.rivm.nl/inspire/id#fd9c4f87-026e-4681-8d94-9702f3c83078"}
checkxlinkurl.template.feature:14 - 
javax.net.ssl.SSLException: Connection reset
[1.155:16] ngr-check-dataset-record.feature:69 - feature call (loop) failed: classpath:InspireTest/ngr/datasetrecords/def/checkxlinkurl.template.feature
caller: classpath:InspireTest/ngr/datasetrecords/ngr-check-dataset-record.feature
items: [{link=https://www.nationaalgeoregister.nl/geonetwork/srv/dut/catalog.search#/metadata/ror-9d8e-4758-83fx-28b057f185g1}, {link=http://rdfdata.eionet.europa.eu/inspirethemes/themes/25}, {link=https://ngr.geocat.live/geonetwork/srv/eng/thesaurus.download?ref=external.theme.httpinspireeceuropaeumetadatacodelistPrioritydataset-Prioritydataset}, {link=urn:ogc:def:crs:EPSG::5709}]
errors:
-------
feature call (loop) failed at index: 1
caller: classpath:InspireTest/ngr/datasetrecords/def/checkxlinkurl.template.feature
arg: {"link":"http://rdfdata.eionet.europa.eu/inspirethemes/themes/25"}
checkxlinkurl.template.feature:15 - status code was: 404, expected: 200, response time: 228, url: http://rdfdata.eionet.europa.eu/inspirethemes/themes/25, response: 
-------
feature call (loop) failed at index: 2
caller: classpath:InspireTest/ngr/datasetrecords/def/checkxlinkurl.template.feature
arg: {"link":"https://ngr.geocat.live/geonetwork/srv/eng/thesaurus.download?ref=external.theme.httpinspireeceuropaeumetadatacodelistPrioritydataset-Prioritydataset"}
checkxlinkurl.template.feature:15 - status code was: 500, expected: 200, response time: 311, url: https://ngr.geocat.live/geonetwork/srv/eng/thesaurus.download?ref=external.theme.httpinspireeceuropaeumetadatacodelistPrioritydataset-Prioritydataset, response: 
-------
feature call (loop) failed at index: 3
caller: classpath:InspireTest/ngr/datasetrecords/def/checkxlinkurl.template.feature
arg: {"link":"urn:ogc:def:crs:EPSG::5709"}
checkxlinkurl.template.feature:14 - 
org.apache.http.client.ClientProtocolException: URI does not specify a valid host name: urn:ogc:def:crs:EPSG::5709
[1.156:16] ngr-check-dataset-record.feature:69 - feature call (loop) failed: classpath:InspireTest/ngr/datasetrecords/def/checkxlinkurl.template.feature
caller: classpath:InspireTest/ngr/datasetrecords/ngr-check-dataset-record.feature
items: [{link=http://www.opengis.net/def/crs/EPSG/0/http://www.opengis.net/def/crs/EPSG/0/4258}, {link=https://www.nationaalgeoregister.nl/geonetwork/srv/dut/catalog.search#/metadata/3387ef8a-9237-453a-aa4e-585d1e193550}, {link=https://creativecommons.org/publicdomain/mark/*/deed.nl}]
errors:
-------
feature call (loop) failed at index: 2
caller: classpath:InspireTest/ngr/datasetrecords/def/checkxlinkurl.template.feature
arg: {"link":"https://creativecommons.org/publicdomain/mark/*/deed.nl"}
checkxlinkurl.template.feature:15 - status code was: 404, expected: 200, response time: 66, url: https://creativecommons.org/publicdomain/mark/*/deed.nl, response: 
[1.157:16] ngr-check-dataset-record.feature:69 - feature call (loop) failed: classpath:InspireTest/ngr/datasetrecords/def/checkxlinkurl.template.feature
caller: classpath:InspireTest/ngr/datasetrecords/ngr-check-dataset-record.feature
items: [{link=https://www.nationaalgeoregister.nl/geonetwork/srv/api/records1b2abd21-3084-4db7-ab49-46866b4aac2b}, {link=https://creativecommons.org/publicdomain/zero/*/deed.nl}]
errors:
-------
feature call (loop) failed at index: 0
caller: classpath:InspireTest/ngr/datasetrecords/def/checkxlinkurl.template.feature
arg: {"link":"https://www.nationaalgeoregister.nl/geonetwork/srv/api/records1b2abd21-3084-4db7-ab49-46866b4aac2b"}
checkxlinkurl.template.feature:15 - status code was: 500, expected: 200, response time: 314, url: https://www.nationaalgeoregister.nl/geonetwork/srv/api/records1b2abd21-3084-4db7-ab49-46866b4aac2b, response: 
-------
feature call (loop) failed at index: 1
caller: classpath:InspireTest/ngr/datasetrecords/def/checkxlinkurl.template.feature
arg: {"link":"https://creativecommons.org/publicdomain/zero/*/deed.nl"}
checkxlinkurl.template.feature:15 - status code was: 404, expected: 200, response time: 41, url: https://creativecommons.org/publicdomain/zero/*/deed.nl, response: 
[1.158:16] ngr-check-dataset-record.feature:69 - feature call (loop) failed: classpath:InspireTest/ngr/datasetrecords/def/checkxlinkurl.template.feature
caller: classpath:InspireTest/ngr/datasetrecords/ngr-check-dataset-record.feature
items: [{link=https://www.nationaalgeoregister.nl/geonetwork/srv/api/records49807edc-0007-41aa-8809-d381f6713de4}, {link=https://creativecommons.org/publicdomain/zero/*/deed.nl}]
errors:
-------
feature call (loop) failed at index: 0
caller: classpath:InspireTest/ngr/datasetrecords/def/checkxlinkurl.template.feature
arg: {"link":"https://www.nationaalgeoregister.nl/geonetwork/srv/api/records49807edc-0007-41aa-8809-d381f6713de4"}
checkxlinkurl.template.feature:15 - status code was: 500, expected: 200, response time: 317, url: https://www.nationaalgeoregister.nl/geonetwork/srv/api/records49807edc-0007-41aa-8809-d381f6713de4, response: 
-------
feature call (loop) failed at index: 1
caller: classpath:InspireTest/ngr/datasetrecords/def/checkxlinkurl.template.feature
arg: {"link":"https://creativecommons.org/publicdomain/zero/*/deed.nl"}
checkxlinkurl.template.feature:15 - status code was: 404, expected: 200, response time: 37, url: https://creativecommons.org/publicdomain/zero/*/deed.nl, response: 
[1.159:16] ngr-check-dataset-record.feature:69 - feature call (loop) failed: classpath:InspireTest/ngr/datasetrecords/def/checkxlinkurl.template.feature
caller: classpath:InspireTest/ngr/datasetrecords/ngr-check-dataset-record.feature
items: [{link=https://data.rivm.nl/inspire/id#4504a4b2-3179-44b3-a5a9-b67b693c514d}]
errors:
-------
feature call (loop) failed at index: 0
caller: classpath:InspireTest/ngr/datasetrecords/def/checkxlinkurl.template.feature
arg: {"link":"https://data.rivm.nl/inspire/id#4504a4b2-3179-44b3-a5a9-b67b693c514d"}
checkxlinkurl.template.feature:14 - 
javax.net.ssl.SSLException: Connection reset
[1.160:16] ngr-check-dataset-record.feature:69 - feature call (loop) failed: classpath:InspireTest/ngr/datasetrecords/def/checkxlinkurl.template.feature
caller: classpath:InspireTest/ngr/datasetrecords/ngr-check-dataset-record.feature
items: [{link=https://data.rivm.nl/inspire/id#440c4a06-6924-4f9c-a9e2-6f61340f711b}]
errors:
-------
feature call (loop) failed at index: 0
caller: classpath:InspireTest/ngr/datasetrecords/def/checkxlinkurl.template.feature
arg: {"link":"https://data.rivm.nl/inspire/id#440c4a06-6924-4f9c-a9e2-6f61340f711b"}
checkxlinkurl.template.feature:14 - 
javax.net.ssl.SSLException: Connection reset
[1.161:16] ngr-check-dataset-record.feature:69 - feature call (loop) failed: classpath:InspireTest/ngr/datasetrecords/def/checkxlinkurl.template.feature
caller: classpath:InspireTest/ngr/datasetrecords/ngr-check-dataset-record.feature
items: [{link=https://data.rivm.nl/inspire?id#505e9f1e-84bc-4856-9771-4295db998bb6}]
errors:
-------
feature call (loop) failed at index: 0
caller: classpath:InspireTest/ngr/datasetrecords/def/checkxlinkurl.template.feature
arg: {"link":"https://data.rivm.nl/inspire?id#505e9f1e-84bc-4856-9771-4295db998bb6"}
checkxlinkurl.template.feature:15 - status code was: 404, expected: 200, response time: 361, url: https://data.rivm.nl/inspire?id#505e9f1e-84bc-4856-9771-4295db998bb6, response: 
[1.162:16] ngr-check-dataset-record.feature:69 - feature call (loop) failed: classpath:InspireTest/ngr/datasetrecords/def/checkxlinkurl.template.feature
caller: classpath:InspireTest/ngr/datasetrecords/ngr-check-dataset-record.feature
items: [{link=http://www.opengis.net/def/crs/EPSG/0/http://www.opengis.net/def/crs/EPSG/0/3034}, {link=http://nationaalgeoregister.nl/geonetwork/srv/dut/csw?SERVICE=CSW&version=2.0.2&REQUEST=GetRecordById&elementSetName=full&OutputSchema=http://www.isotc211.org/2005/gmd&ID=49ab8bee-b467-486a-96ca-b950443c453a}, {link=https://creativecommons.org/publicdomain/mark/*/deed.nl}, {link=}]
errors:
-------
feature call (loop) failed at index: 2
caller: classpath:InspireTest/ngr/datasetrecords/def/checkxlinkurl.template.feature
arg: {"link":"https://creativecommons.org/publicdomain/mark/*/deed.nl"}
checkxlinkurl.template.feature:15 - status code was: 404, expected: 200, response time: 45, url: https://creativecommons.org/publicdomain/mark/*/deed.nl, response: 
-------
feature call (loop) failed at index: 3
caller: classpath:InspireTest/ngr/datasetrecords/def/checkxlinkurl.template.feature
arg: {"link":""}
checkxlinkurl.template.feature:14 - 
org.apache.http.client.ClientProtocolException
[1.163:16] ngr-check-dataset-record.feature:69 - feature call (loop) failed: classpath:InspireTest/ngr/datasetrecords/def/checkxlinkurl.template.feature
caller: classpath:InspireTest/ngr/datasetrecords/ngr-check-dataset-record.feature
items: [{link=http://www.opengis.net/def/crs/EPSG/0/http://www.opengis.net/def/crs/EPSG/0/3034}, {link=http://nationaalgeoregister.nl/geonetwork/srv/dut/csw?SERVICE=CSW&version=2.0.2&REQUEST=GetRecordById&elementSetName=full&OutputSchema=http://www.isotc211.org/2005/gmd&ID=58e7dc38-a498-4852-b4ef-908f5baa9056}, {link=https://creativecommons.org/publicdomain/mark/*/deed.nl}, {link=}]
errors:
-------
feature call (loop) failed at index: 2
caller: classpath:InspireTest/ngr/datasetrecords/def/checkxlinkurl.template.feature
arg: {"link":"https://creativecommons.org/publicdomain/mark/*/deed.nl"}
checkxlinkurl.template.feature:15 - status code was: 404, expected: 200, response time: 37, url: https://creativecommons.org/publicdomain/mark/*/deed.nl, response: 
-------
feature call (loop) failed at index: 3
caller: classpath:InspireTest/ngr/datasetrecords/def/checkxlinkurl.template.feature
arg: {"link":""}
checkxlinkurl.template.feature:14 - 
org.apache.http.client.ClientProtocolException
[1.164:16] ngr-check-dataset-record.feature:69 - feature call (loop) failed: classpath:InspireTest/ngr/datasetrecords/def/checkxlinkurl.template.feature
caller: classpath:InspireTest/ngr/datasetrecords/ngr-check-dataset-record.feature
items: [{link=https://ngr.acceptatie.nationaalgeoregister.nl/geonetwork/srv/resources9d973c4a-ef03-4785-b7f6-942e86b385f7}, {link=www.hydro.nl}, {link=https://www.nationaalgeoregister.nl/geonetwork/srv/eng/thesaurus.download?ref=external.theme.inspire-theme}]
errors:
-------
feature call (loop) failed at index: 0
caller: classpath:InspireTest/ngr/datasetrecords/def/checkxlinkurl.template.feature
arg: {"link":"https://ngr.acceptatie.nationaalgeoregister.nl/geonetwork/srv/resources9d973c4a-ef03-4785-b7f6-942e86b385f7"}
checkxlinkurl.template.feature:15 - status code was: 404, expected: 200, response time: 280, url: https://ngr.acceptatie.nationaalgeoregister.nl/geonetwork/srv/resources9d973c4a-ef03-4785-b7f6-942e86b385f7, response: 
-------
feature call (loop) failed at index: 1
caller: classpath:InspireTest/ngr/datasetrecords/def/checkxlinkurl.template.feature
arg: {"link":"www.hydro.nl"}
checkxlinkurl.template.feature:14 - 
org.apache.http.client.ClientProtocolException
-------
feature call (loop) failed at index: 2
caller: classpath:InspireTest/ngr/datasetrecords/def/checkxlinkurl.template.feature
arg: {"link":"https://www.nationaalgeoregister.nl/geonetwork/srv/eng/thesaurus.download?ref=external.theme.inspire-theme"}
checkxlinkurl.template.feature:15 - status code was: 500, expected: 200, response time: 735, url: https://www.nationaalgeoregister.nl/geonetwork/srv/eng/thesaurus.download?ref=external.theme.inspire-theme, response: 
[1.165:16] ngr-check-dataset-record.feature:69 - feature call (loop) failed: classpath:InspireTest/ngr/datasetrecords/def/checkxlinkurl.template.feature
caller: classpath:InspireTest/ngr/datasetrecords/ngr-check-dataset-record.feature
items: [{link=https://www.nationaalgeoregister.nl/geonetwork/srv/dut/catalog.search#/metadata/cf69ec50-9849-4afd-853c-ee56211d336d}, {link=http://rdfdata.eionet.europa.eu/inspirethemes/themes/20}, {link=http://rdfdata.eionet.europa.eu/inspirethemes/themes/28}, {link=urn:ogc:def:crs:EPSG::5709}]
errors:
-------
feature call (loop) failed at index: 1
caller: classpath:InspireTest/ngr/datasetrecords/def/checkxlinkurl.template.feature
arg: {"link":"http://rdfdata.eionet.europa.eu/inspirethemes/themes/20"}
checkxlinkurl.template.feature:15 - status code was: 404, expected: 200, response time: 204, url: http://rdfdata.eionet.europa.eu/inspirethemes/themes/20, response: 
-------
feature call (loop) failed at index: 2
caller: classpath:InspireTest/ngr/datasetrecords/def/checkxlinkurl.template.feature
arg: {"link":"http://rdfdata.eionet.europa.eu/inspirethemes/themes/28"}
checkxlinkurl.template.feature:15 - status code was: 404, expected: 200, response time: 200, url: http://rdfdata.eionet.europa.eu/inspirethemes/themes/28, response: 
-------
feature call (loop) failed at index: 3
caller: classpath:InspireTest/ngr/datasetrecords/def/checkxlinkurl.template.feature
arg: {"link":"urn:ogc:def:crs:EPSG::5709"}
checkxlinkurl.template.feature:14 - 
org.apache.http.client.ClientProtocolException: URI does not specify a valid host name: urn:ogc:def:crs:EPSG::5709
[1.167:16] ngr-check-dataset-record.feature:69 - feature call (loop) failed: classpath:InspireTest/ngr/datasetrecords/def/checkxlinkurl.template.feature
caller: classpath:InspireTest/ngr/datasetrecords/ngr-check-dataset-record.feature
items: [{link=h}, {link=t}, {link=t}, {link=p}, {link=:}, {link=/}, {link=/}, {link=s}, {link=t}, {link=a}, {link=n}, {link=d}, {link=a}, {link=r}, {link=d}, {link=s}, {link=.}, {link=i}, {link=s}, {link=o}, {link=.}, {link=o}, {link=r}, {link=g}, {link=/}, {link=i}, {link=t}, {link=t}, {link=f}, {link=/}, {link=P}, {link=u}, {link=b}, {link=l}, {link=i}, {link=c}, {link=l}, {link=y}, {link=A}, {link=v}, {link=a}, {link=i}, {link=l}, {link=a}, {link=b}, {link=l}, {link=e}, {link=S}, {link=t}, {link=a}, {link=n}, {link=d}, {link=a}, {link=r}, {link=d}, {link=s}, {link=/}, {link=I}, {link=S}, {link=O}, {link=_}, {link=1}, {link=9}, {link=1}, {link=3}, {link=9}, {link=_}, {link=S}, {link=c}, {link=h}, {link=e}, {link=m}, {link=a}, {link=s}, {link=/}, {link=r}, {link=e}, {link=s}, {link=o}, {link=u}, {link=r}, {link=c}, {link=e}, {link=s}, {link=/}, {link=u}, {link=o}, {link=m}, {link=/}, {link=g}, {link=m}, {link=x}, {link=U}, {link=o}, {link=m}, {link=.}, {link=x}, {link=m}, {link=l}, {link=#}, {link=m}]
errors:
-------
feature call (loop) failed at index: 0
caller: classpath:InspireTest/ngr/datasetrecords/def/checkxlinkurl.template.feature
arg: {"link":"h"}
checkxlinkurl.template.feature:14 - 
org.apache.http.client.ClientProtocolException
-------
feature call (loop) failed at index: 1
caller: classpath:InspireTest/ngr/datasetrecords/def/checkxlinkurl.template.feature
arg: {"link":"t"}
checkxlinkurl.template.feature:14 - 
org.apache.http.client.ClientProtocolException
-------
feature call (loop) failed at index: 2
caller: classpath:InspireTest/ngr/datasetrecords/def/checkxlinkurl.template.feature
arg: {"link":"t"}
checkxlinkurl.template.feature:14 - 
org.apache.http.client.ClientProtocolException
-------
feature call (loop) failed at index: 3
caller: classpath:InspireTest/ngr/datasetrecords/def/checkxlinkurl.template.feature
arg: {"link":"p"}
checkxlinkurl.template.feature:14 - 
org.apache.http.client.ClientProtocolException
-------
feature call (loop) failed at index: 4
caller: classpath:InspireTest/ngr/datasetrecords/def/checkxlinkurl.template.feature
arg: {"link":":"}
checkxlinkurl.template.feature:14 - java.net.URISyntaxException: Expected scheme name at index 0: :
-------
feature call (loop) failed at index: 5
caller: classpath:InspireTest/ngr/datasetrecords/def/checkxlinkurl.template.feature
arg: {"link":"/"}
checkxlinkurl.template.feature:14 - 
org.apache.http.client.ClientProtocolException
-------
feature call (loop) failed at index: 6
caller: classpath:InspireTest/ngr/datasetrecords/def/checkxlinkurl.template.feature
arg: {"link":"/"}
checkxlinkurl.template.feature:14 - 
org.apache.http.client.ClientProtocolException
-------
feature call (loop) failed at index: 7
caller: classpath:InspireTest/ngr/datasetrecords/def/checkxlinkurl.template.feature
arg: {"link":"s"}
checkxlinkurl.template.feature:14 - 
org.apache.http.client.ClientProtocolException
-------
feature call (loop) failed at index: 8
caller: classpath:InspireTest/ngr/datasetrecords/def/checkxlinkurl.template.feature
arg: {"link":"t"}
checkxlinkurl.template.feature:14 - 
org.apache.http.client.ClientProtocolException
-------
feature call (loop) failed at index: 9
caller: classpath:InspireTest/ngr/datasetrecords/def/checkxlinkurl.template.feature
arg: {"link":"a"}
checkxlinkurl.template.feature:14 - 
org.apache.http.client.ClientProtocolException
-------
feature call (loop) failed at index: 10
caller: classpath:InspireTest/ngr/datasetrecords/def/checkxlinkurl.template.feature
arg: {"link":"n"}
checkxlinkurl.template.feature:14 - 
org.apache.http.client.ClientProtocolException
-------
feature call (loop) failed at index: 11
caller: classpath:InspireTest/ngr/datasetrecords/def/checkxlinkurl.template.feature
arg: {"link":"d"}
checkxlinkurl.template.feature:14 - 
org.apache.http.client.ClientProtocolException
-------
feature call (loop) failed at index: 12
caller: classpath:InspireTest/ngr/datasetrecords/def/checkxlinkurl.template.feature
arg: {"link":"a"}
checkxlinkurl.template.feature:14 - 
org.apache.http.client.ClientProtocolException
-------
feature call (loop) failed at index: 13
caller: classpath:InspireTest/ngr/datasetrecords/def/checkxlinkurl.template.feature
arg: {"link":"r"}
checkxlinkurl.template.feature:14 - 
org.apache.http.client.ClientProtocolException
-------
feature call (loop) failed at index: 14
caller: classpath:InspireTest/ngr/datasetrecords/def/checkxlinkurl.template.feature
arg: {"link":"d"}
checkxlinkurl.template.feature:14 - 
org.apache.http.client.ClientProtocolException
-------
feature call (loop) failed at index: 15
caller: classpath:InspireTest/ngr/datasetrecords/def/checkxlinkurl.template.feature
arg: {"link":"s"}
checkxlinkurl.template.feature:14 - 
org.apache.http.client.ClientProtocolException
-------
feature call (loop) failed at index: 16
caller: classpath:InspireTest/ngr/datasetrecords/def/checkxlinkurl.template.feature
arg: {"link":"."}
checkxlinkurl.template.feature:14 - 
org.apache.http.client.ClientProtocolException
-------
feature call (loop) failed at index: 17
caller: classpath:InspireTest/ngr/datasetrecords/def/checkxlinkurl.template.feature
arg: {"link":"i"}
checkxlinkurl.template.feature:14 - 
org.apache.http.client.ClientProtocolException
-------
feature call (loop) failed at index: 18
caller: classpath:InspireTest/ngr/datasetrecords/def/checkxlinkurl.template.feature
arg: {"link":"s"}
checkxlinkurl.template.feature:14 - 
org.apache.http.client.ClientProtocolException
-------
feature call (loop) failed at index: 19
caller: classpath:InspireTest/ngr/datasetrecords/def/checkxlinkurl.template.feature
arg: {"link":"o"}
checkxlinkurl.template.feature:14 - 
org.apache.http.client.ClientProtocolException
-------
feature call (loop) failed at index: 20
caller: classpath:InspireTest/ngr/datasetrecords/def/checkxlinkurl.template.feature
arg: {"link":"."}
checkxlinkurl.template.feature:14 - 
org.apache.http.client.ClientProtocolException
-------
feature call (loop) failed at index: 21
caller: classpath:InspireTest/ngr/datasetrecords/def/checkxlinkurl.template.feature
arg: {"link":"o"}
checkxlinkurl.template.feature:14 - 
org.apache.http.client.ClientProtocolException
-------
feature call (loop) failed at index: 22
caller: classpath:InspireTest/ngr/datasetrecords/def/checkxlinkurl.template.feature
arg: {"link":"r"}
checkxlinkurl.template.feature:14 - 
org.apache.http.client.ClientProtocolException
-------
feature call (loop) failed at index: 23
caller: classpath:InspireTest/ngr/datasetrecords/def/checkxlinkurl.template.feature
arg: {"link":"g"}
checkxlinkurl.template.feature:14 - 
org.apache.http.client.ClientProtocolException
-------
feature call (loop) failed at index: 24
caller: classpath:InspireTest/ngr/datasetrecords/def/checkxlinkurl.template.feature
arg: {"link":"/"}
checkxlinkurl.template.feature:14 - 
org.apache.http.client.ClientProtocolException
-------
feature call (loop) failed at index: 25
caller: classpath:InspireTest/ngr/datasetrecords/def/checkxlinkurl.template.feature
arg: {"link":"i"}
checkxlinkurl.template.feature:14 - 
org.apache.http.client.ClientProtocolException
-------
feature call (loop) failed at index: 26
caller: classpath:InspireTest/ngr/datasetrecords/def/checkxlinkurl.template.feature
arg: {"link":"t"}
checkxlinkurl.template.feature:14 - 
org.apache.http.client.ClientProtocolException
-------
feature call (loop) failed at index: 27
caller: classpath:InspireTest/ngr/datasetrecords/def/checkxlinkurl.template.feature
arg: {"link":"t"}
checkxlinkurl.template.feature:14 - 
org.apache.http.client.ClientProtocolException
-------
feature call (loop) failed at index: 28
caller: classpath:InspireTest/ngr/datasetrecords/def/checkxlinkurl.template.feature
arg: {"link":"f"}
checkxlinkurl.template.feature:14 - 
org.apache.http.client.ClientProtocolException
-------
feature call (loop) failed at index: 29
caller: classpath:InspireTest/ngr/datasetrecords/def/checkxlinkurl.template.feature
arg: {"link":"/"}
checkxlinkurl.template.feature:14 - 
org.apache.http.client.ClientProtocolException
-------
feature call (loop) failed at index: 30
caller: classpath:InspireTest/ngr/datasetrecords/def/checkxlinkurl.template.feature
arg: {"link":"P"}
checkxlinkurl.template.feature:14 - 
org.apache.http.client.ClientProtocolException
-------
feature call (loop) failed at index: 31
caller: classpath:InspireTest/ngr/datasetrecords/def/checkxlinkurl.template.feature
arg: {"link":"u"}
checkxlinkurl.template.feature:14 - 
org.apache.http.client.ClientProtocolException
-------
feature call (loop) failed at index: 32
caller: classpath:InspireTest/ngr/datasetrecords/def/checkxlinkurl.template.feature
arg: {"link":"b"}
checkxlinkurl.template.feature:14 - 
org.apache.http.client.ClientProtocolException
-------
feature call (loop) failed at index: 33
caller: classpath:InspireTest/ngr/datasetrecords/def/checkxlinkurl.template.feature
arg: {"link":"l"}
checkxlinkurl.template.feature:14 - 
org.apache.http.client.ClientProtocolException
-------
feature call (loop) failed at index: 34
caller: classpath:InspireTest/ngr/datasetrecords/def/checkxlinkurl.template.feature
arg: {"link":"i"}
checkxlinkurl.template.feature:14 - 
org.apache.http.client.ClientProtocolException
-------
feature call (loop) failed at index: 35
caller: classpath:InspireTest/ngr/datasetrecords/def/checkxlinkurl.template.feature
arg: {"link":"c"}
checkxlinkurl.template.feature:14 - 
org.apache.http.client.ClientProtocolException
-------
feature call (loop) failed at index: 36
caller: classpath:InspireTest/ngr/datasetrecords/def/checkxlinkurl.template.feature
arg: {"link":"l"}
checkxlinkurl.template.feature:14 - 
org.apache.http.client.ClientProtocolException
-------
feature call (loop) failed at index: 37
caller: classpath:InspireTest/ngr/datasetrecords/def/checkxlinkurl.template.feature
arg: {"link":"y"}
checkxlinkurl.template.feature:14 - 
org.apache.http.client.ClientProtocolException
-------
feature call (loop) failed at index: 38
caller: classpath:InspireTest/ngr/datasetrecords/def/checkxlinkurl.template.feature
arg: {"link":"A"}
checkxlinkurl.template.feature:14 - 
org.apache.http.client.ClientProtocolException
-------
feature call (loop) failed at index: 39
caller: classpath:InspireTest/ngr/datasetrecords/def/checkxlinkurl.template.feature
arg: {"link":"v"}
checkxlinkurl.template.feature:14 - 
org.apache.http.client.ClientProtocolException
-------
feature call (loop) failed at index: 40
caller: classpath:InspireTest/ngr/datasetrecords/def/checkxlinkurl.template.feature
arg: {"link":"a"}
checkxlinkurl.template.feature:14 - 
org.apache.http.client.ClientProtocolException
-------
feature call (loop) failed at index: 41
caller: classpath:InspireTest/ngr/datasetrecords/def/checkxlinkurl.template.feature
arg: {"link":"i"}
checkxlinkurl.template.feature:14 - 
org.apache.http.client.ClientProtocolException
-------
feature call (loop) failed at index: 42
caller: classpath:InspireTest/ngr/datasetrecords/def/checkxlinkurl.template.feature
arg: {"link":"l"}
checkxlinkurl.template.feature:14 - 
org.apache.http.client.ClientProtocolException
-------
feature call (loop) failed at index: 43
caller: classpath:InspireTest/ngr/datasetrecords/def/checkxlinkurl.template.feature
arg: {"link":"a"}
checkxlinkurl.template.feature:14 - 
org.apache.http.client.ClientProtocolException
-------
feature call (loop) failed at index: 44
caller: classpath:InspireTest/ngr/datasetrecords/def/checkxlinkurl.template.feature
arg: {"link":"b"}
checkxlinkurl.template.feature:14 - 
org.apache.http.client.ClientProtocolException
-------
feature call (loop) failed at index: 45
caller: classpath:InspireTest/ngr/datasetrecords/def/checkxlinkurl.template.feature
arg: {"link":"l"}
checkxlinkurl.template.feature:14 - 
org.apache.http.client.ClientProtocolException
-------
feature call (loop) failed at index: 46
caller: classpath:InspireTest/ngr/datasetrecords/def/checkxlinkurl.template.feature
arg: {"link":"e"}
checkxlinkurl.template.feature:14 - 
org.apache.http.client.ClientProtocolException
-------
feature call (loop) failed at index: 47
caller: classpath:InspireTest/ngr/datasetrecords/def/checkxlinkurl.template.feature
arg: {"link":"S"}
checkxlinkurl.template.feature:14 - 
org.apache.http.client.ClientProtocolException
-------
feature call (loop) failed at index: 48
caller: classpath:InspireTest/ngr/datasetrecords/def/checkxlinkurl.template.feature
arg: {"link":"t"}
checkxlinkurl.template.feature:14 - 
org.apache.http.client.ClientProtocolException
-------
feature call (loop) failed at index: 49
caller: classpath:InspireTest/ngr/datasetrecords/def/checkxlinkurl.template.feature
arg: {"link":"a"}
checkxlinkurl.template.feature:14 - 
org.apache.http.client.ClientProtocolException
-------
feature call (loop) failed at index: 50
caller: classpath:InspireTest/ngr/datasetrecords/def/checkxlinkurl.template.feature
arg: {"link":"n"}
checkxlinkurl.template.feature:14 - 
org.apache.http.client.ClientProtocolException
-------
feature call (loop) failed at index: 51
caller: classpath:InspireTest/ngr/datasetrecords/def/checkxlinkurl.template.feature
arg: {"link":"d"}
checkxlinkurl.template.feature:14 - 
org.apache.http.client.ClientProtocolException
-------
feature call (loop) failed at index: 52
caller: classpath:InspireTest/ngr/datasetrecords/def/checkxlinkurl.template.feature
arg: {"link":"a"}
checkxlinkurl.template.feature:14 - 
org.apache.http.client.ClientProtocolException
-------
feature call (loop) failed at index: 53
caller: classpath:InspireTest/ngr/datasetrecords/def/checkxlinkurl.template.feature
arg: {"link":"r"}
checkxlinkurl.template.feature:14 - 
org.apache.http.client.ClientProtocolException
-------
feature call (loop) failed at index: 54
caller: classpath:InspireTest/ngr/datasetrecords/def/checkxlinkurl.template.feature
arg: {"link":"d"}
checkxlinkurl.template.feature:14 - 
org.apache.http.client.ClientProtocolException
-------
feature call (loop) failed at index: 55
caller: classpath:InspireTest/ngr/datasetrecords/def/checkxlinkurl.template.feature
arg: {"link":"s"}
checkxlinkurl.template.feature:14 - 
org.apache.http.client.ClientProtocolException
-------
feature call (loop) failed at index: 56
caller: classpath:InspireTest/ngr/datasetrecords/def/checkxlinkurl.template.feature
arg: {"link":"/"}
checkxlinkurl.template.feature:14 - 
org.apache.http.client.ClientProtocolException
-------
feature call (loop) failed at index: 57
caller: classpath:InspireTest/ngr/datasetrecords/def/checkxlinkurl.template.feature
arg: {"link":"I"}
checkxlinkurl.template.feature:14 - 
org.apache.http.client.ClientProtocolException
-------
feature call (loop) failed at index: 58
caller: classpath:InspireTest/ngr/datasetrecords/def/checkxlinkurl.template.feature
arg: {"link":"S"}
checkxlinkurl.template.feature:14 - 
org.apache.http.client.ClientProtocolException
-------
feature call (loop) failed at index: 59
caller: classpath:InspireTest/ngr/datasetrecords/def/checkxlinkurl.template.feature
arg: {"link":"O"}
checkxlinkurl.template.feature:14 - 
org.apache.http.client.ClientProtocolException
-------
feature call (loop) failed at index: 60
caller: classpath:InspireTest/ngr/datasetrecords/def/checkxlinkurl.template.feature
arg: {"link":"_"}
checkxlinkurl.template.feature:14 - 
org.apache.http.client.ClientProtocolException
-------
feature call (loop) failed at index: 61
caller: classpath:InspireTest/ngr/datasetrecords/def/checkxlinkurl.template.feature
arg: {"link":"1"}
checkxlinkurl.template.feature:14 - 
org.apache.http.client.ClientProtocolException
-------
feature call (loop) failed at index: 62
caller: classpath:InspireTest/ngr/datasetrecords/def/checkxlinkurl.template.feature
arg: {"link":"9"}
checkxlinkurl.template.feature:14 - 
org.apache.http.client.ClientProtocolException
-------
feature call (loop) failed at index: 63
caller: classpath:InspireTest/ngr/datasetrecords/def/checkxlinkurl.template.feature
arg: {"link":"1"}
checkxlinkurl.template.feature:14 - 
org.apache.http.client.ClientProtocolException
-------
feature call (loop) failed at index: 64
caller: classpath:InspireTest/ngr/datasetrecords/def/checkxlinkurl.template.feature
arg: {"link":"3"}
checkxlinkurl.template.feature:14 - 
org.apache.http.client.ClientProtocolException
-------
feature call (loop) failed at index: 65
caller: classpath:InspireTest/ngr/datasetrecords/def/checkxlinkurl.template.feature
arg: {"link":"9"}
checkxlinkurl.template.feature:14 - 
org.apache.http.client.ClientProtocolException
-------
feature call (loop) failed at index: 66
caller: classpath:InspireTest/ngr/datasetrecords/def/checkxlinkurl.template.feature
arg: {"link":"_"}
checkxlinkurl.template.feature:14 - 
org.apache.http.client.ClientProtocolException
-------
feature call (loop) failed at index: 67
caller: classpath:InspireTest/ngr/datasetrecords/def/checkxlinkurl.template.feature
arg: {"link":"S"}
checkxlinkurl.template.feature:14 - 
org.apache.http.client.ClientProtocolException
-------
feature call (loop) failed at index: 68
caller: classpath:InspireTest/ngr/datasetrecords/def/checkxlinkurl.template.feature
arg: {"link":"c"}
checkxlinkurl.template.feature:14 - 
org.apache.http.client.ClientProtocolException
-------
feature call (loop) failed at index: 69
caller: classpath:InspireTest/ngr/datasetrecords/def/checkxlinkurl.template.feature
arg: {"link":"h"}
checkxlinkurl.template.feature:14 - 
org.apache.http.client.ClientProtocolException
-------
feature call (loop) failed at index: 70
caller: classpath:InspireTest/ngr/datasetrecords/def/checkxlinkurl.template.feature
arg: {"link":"e"}
checkxlinkurl.template.feature:14 - 
org.apache.http.client.ClientProtocolException
-------
feature call (loop) failed at index: 71
caller: classpath:InspireTest/ngr/datasetrecords/def/checkxlinkurl.template.feature
arg: {"link":"m"}
checkxlinkurl.template.feature:14 - 
org.apache.http.client.ClientProtocolException
-------
feature call (loop) failed at index: 72
caller: classpath:InspireTest/ngr/datasetrecords/def/checkxlinkurl.template.feature
arg: {"link":"a"}
checkxlinkurl.template.feature:14 - 
org.apache.http.client.ClientProtocolException
-------
feature call (loop) failed at index: 73
caller: classpath:InspireTest/ngr/datasetrecords/def/checkxlinkurl.template.feature
arg: {"link":"s"}
checkxlinkurl.template.feature:14 - 
org.apache.http.client.ClientProtocolException
-------
feature call (loop) failed at index: 74
caller: classpath:InspireTest/ngr/datasetrecords/def/checkxlinkurl.template.feature
arg: {"link":"/"}
checkxlinkurl.template.feature:14 - 
org.apache.http.client.ClientProtocolException
-------
feature call (loop) failed at index: 75
caller: classpath:InspireTest/ngr/datasetrecords/def/checkxlinkurl.template.feature
arg: {"link":"r"}
checkxlinkurl.template.feature:14 - 
org.apache.http.client.ClientProtocolException
-------
feature call (loop) failed at index: 76
caller: classpath:InspireTest/ngr/datasetrecords/def/checkxlinkurl.template.feature
arg: {"link":"e"}
checkxlinkurl.template.feature:14 - 
org.apache.http.client.ClientProtocolException
-------
feature call (loop) failed at index: 77
caller: classpath:InspireTest/ngr/datasetrecords/def/checkxlinkurl.template.feature
arg: {"link":"s"}
checkxlinkurl.template.feature:14 - 
org.apache.http.client.ClientProtocolException
-------
feature call (loop) failed at index: 78
caller: classpath:InspireTest/ngr/datasetrecords/def/checkxlinkurl.template.feature
arg: {"link":"o"}
checkxlinkurl.template.feature:14 - 
org.apache.http.client.ClientProtocolException
-------
feature call (loop) failed at index: 79
caller: classpath:InspireTest/ngr/datasetrecords/def/checkxlinkurl.template.feature
arg: {"link":"u"}
checkxlinkurl.template.feature:14 - 
org.apache.http.client.ClientProtocolException
-------
feature call (loop) failed at index: 80
caller: classpath:InspireTest/ngr/datasetrecords/def/checkxlinkurl.template.feature
arg: {"link":"r"}
checkxlinkurl.template.feature:14 - 
org.apache.http.client.ClientProtocolException
-------
feature call (loop) failed at index: 81
caller: classpath:InspireTest/ngr/datasetrecords/def/checkxlinkurl.template.feature
arg: {"link":"c"}
checkxlinkurl.template.feature:14 - 
org.apache.http.client.ClientProtocolException
-------
feature call (loop) failed at index: 82
caller: classpath:InspireTest/ngr/datasetrecords/def/checkxlinkurl.template.feature
arg: {"link":"e"}
checkxlinkurl.template.feature:14 - 
org.apache.http.client.ClientProtocolException
-------
feature call (loop) failed at index: 83
caller: classpath:InspireTest/ngr/datasetrecords/def/checkxlinkurl.template.feature
arg: {"link":"s"}
checkxlinkurl.template.feature:14 - 
org.apache.http.client.ClientProtocolException
-------
feature call (loop) failed at index: 84
caller: classpath:InspireTest/ngr/datasetrecords/def/checkxlinkurl.template.feature
arg: {"link":"/"}
checkxlinkurl.template.feature:14 - 
org.apache.http.client.ClientProtocolException
-------
feature call (loop) failed at index: 85
caller: classpath:InspireTest/ngr/datasetrecords/def/checkxlinkurl.template.feature
arg: {"link":"u"}
checkxlinkurl.template.feature:14 - 
org.apache.http.client.ClientProtocolException
-------
feature call (loop) failed at index: 86
caller: classpath:InspireTest/ngr/datasetrecords/def/checkxlinkurl.template.feature
arg: {"link":"o"}
checkxlinkurl.template.feature:14 - 
org.apache.http.client.ClientProtocolException
-------
feature call (loop) failed at index: 87
caller: classpath:InspireTest/ngr/datasetrecords/def/checkxlinkurl.template.feature
arg: {"link":"m"}
checkxlinkurl.template.feature:14 - 
org.apache.http.client.ClientProtocolException
-------
feature call (loop) failed at index: 88
caller: classpath:InspireTest/ngr/datasetrecords/def/checkxlinkurl.template.feature
arg: {"link":"/"}
checkxlinkurl.template.feature:14 - 
org.apache.http.client.ClientProtocolException
-------
feature call (loop) failed at index: 89
caller: classpath:InspireTest/ngr/datasetrecords/def/checkxlinkurl.template.feature
arg: {"link":"g"}
checkxlinkurl.template.feature:14 - 
org.apache.http.client.ClientProtocolException
-------
feature call (loop) failed at index: 90
caller: classpath:InspireTest/ngr/datasetrecords/def/checkxlinkurl.template.feature
arg: {"link":"m"}
checkxlinkurl.template.feature:14 - 
org.apache.http.client.ClientProtocolException
-------
feature call (loop) failed at index: 91
caller: classpath:InspireTest/ngr/datasetrecords/def/checkxlinkurl.template.feature
arg: {"link":"x"}
checkxlinkurl.template.feature:14 - 
org.apache.http.client.ClientProtocolException
-------
feature call (loop) failed at index: 92
caller: classpath:InspireTest/ngr/datasetrecords/def/checkxlinkurl.template.feature
arg: {"link":"U"}
checkxlinkurl.template.feature:14 - 
org.apache.http.client.ClientProtocolException
-------
feature call (loop) failed at index: 93
caller: classpath:InspireTest/ngr/datasetrecords/def/checkxlinkurl.template.feature
arg: {"link":"o"}
checkxlinkurl.template.feature:14 - 
org.apache.http.client.ClientProtocolException
-------
feature call (loop) failed at index: 94
caller: classpath:InspireTest/ngr/datasetrecords/def/checkxlinkurl.template.feature
arg: {"link":"m"}
checkxlinkurl.template.feature:14 - 
org.apache.http.client.ClientProtocolException
-------
feature call (loop) failed at index: 95
caller: classpath:InspireTest/ngr/datasetrecords/def/checkxlinkurl.template.feature
arg: {"link":"."}
checkxlinkurl.template.feature:14 - 
org.apache.http.client.ClientProtocolException
-------
feature call (loop) failed at index: 96
caller: classpath:InspireTest/ngr/datasetrecords/def/checkxlinkurl.template.feature
arg: {"link":"x"}
checkxlinkurl.template.feature:14 - 
org.apache.http.client.ClientProtocolException
-------
feature call (loop) failed at index: 97
caller: classpath:InspireTest/ngr/datasetrecords/def/checkxlinkurl.template.feature
arg: {"link":"m"}
checkxlinkurl.template.feature:14 - 
org.apache.http.client.ClientProtocolException
-------
feature call (loop) failed at index: 98
caller: classpath:InspireTest/ngr/datasetrecords/def/checkxlinkurl.template.feature
arg: {"link":"l"}
checkxlinkurl.template.feature:14 - 
org.apache.http.client.ClientProtocolException
-------
feature call (loop) failed at index: 99
caller: classpath:InspireTest/ngr/datasetrecords/def/checkxlinkurl.template.feature
arg: {"link":"#"}
checkxlinkurl.template.feature:14 - 
org.apache.http.client.ClientProtocolException
-------
feature call (loop) failed at index: 100
caller: classpath:InspireTest/ngr/datasetrecords/def/checkxlinkurl.template.feature
arg: {"link":"m"}
checkxlinkurl.template.feature:14 - 
org.apache.http.client.ClientProtocolException
[1.168:16] ngr-check-dataset-record.feature:69 - feature call (loop) failed: classpath:InspireTest/ngr/datasetrecords/def/checkxlinkurl.template.feature
caller: classpath:InspireTest/ngr/datasetrecords/ngr-check-dataset-record.feature
items: [{link=http://www.opengis.net/def/crs/EPSG/0/http://www.opengis.net/def/crs/EPSG/0/3034}, {link=http://nationaalgeoregister.nl/geonetwork/srv/dut/csw?SERVICE=CSW&version=2.0.2&REQUEST=GetRecordById&elementSetName=full&OutputSchema=http://www.isotc211.org/2005/gmd&ID=998ba1dc-f6a6-49a3-a021-51f30d9b1d0e}, {link=https://creativecommons.org/publicdomain/mark/*/deed.nl}, {link=}]
errors:
-------
feature call (loop) failed at index: 2
caller: classpath:InspireTest/ngr/datasetrecords/def/checkxlinkurl.template.feature
arg: {"link":"https://creativecommons.org/publicdomain/mark/*/deed.nl"}
checkxlinkurl.template.feature:15 - status code was: 404, expected: 200, response time: 39, url: https://creativecommons.org/publicdomain/mark/*/deed.nl, response: 
-------
feature call (loop) failed at index: 3
caller: classpath:InspireTest/ngr/datasetrecords/def/checkxlinkurl.template.feature
arg: {"link":""}
checkxlinkurl.template.feature:14 - 
org.apache.http.client.ClientProtocolException
[1.169:16] ngr-check-dataset-record.feature:69 - feature call (loop) failed: classpath:InspireTest/ngr/datasetrecords/def/checkxlinkurl.template.feature
caller: classpath:InspireTest/ngr/datasetrecords/ngr-check-dataset-record.feature
items: [{link=https://www.nationaalgeoregister.nl/geonetwork/srv/dut/catalog.search#/metadata/krw-f7bb2351-9788-42ea-a58b-a5ee1842304e}, {link=http://rdfdata.eionet.europa.eu/inspirethemes/themes/24}, {link=https://ngr.geocat.live/geonetwork/srv/eng/thesaurus.download?ref=external.theme.httpinspireeceuropaeumetadatacodelistPrioritydataset-Prioritydataset}, {link=urn:ogc:def:crs:EPSG::5709}]
errors:
-------
feature call (loop) failed at index: 1
caller: classpath:InspireTest/ngr/datasetrecords/def/checkxlinkurl.template.feature
arg: {"link":"http://rdfdata.eionet.europa.eu/inspirethemes/themes/24"}
checkxlinkurl.template.feature:15 - status code was: 404, expected: 200, response time: 200, url: http://rdfdata.eionet.europa.eu/inspirethemes/themes/24, response: 
-------
feature call (loop) failed at index: 2
caller: classpath:InspireTest/ngr/datasetrecords/def/checkxlinkurl.template.feature
arg: {"link":"https://ngr.geocat.live/geonetwork/srv/eng/thesaurus.download?ref=external.theme.httpinspireeceuropaeumetadatacodelistPrioritydataset-Prioritydataset"}
checkxlinkurl.template.feature:15 - status code was: 500, expected: 200, response time: 327, url: https://ngr.geocat.live/geonetwork/srv/eng/thesaurus.download?ref=external.theme.httpinspireeceuropaeumetadatacodelistPrioritydataset-Prioritydataset, response: 
-------
feature call (loop) failed at index: 3
caller: classpath:InspireTest/ngr/datasetrecords/def/checkxlinkurl.template.feature
arg: {"link":"urn:ogc:def:crs:EPSG::5709"}
checkxlinkurl.template.feature:14 - 
org.apache.http.client.ClientProtocolException: URI does not specify a valid host name: urn:ogc:def:crs:EPSG::5709
[1.170:16] ngr-check-dataset-record.feature:69 - feature call (loop) failed: classpath:InspireTest/ngr/datasetrecords/def/checkxlinkurl.template.feature
caller: classpath:InspireTest/ngr/datasetrecords/ngr-check-dataset-record.feature
items: [{link=https://ngr.acceptatie.nationaalgeoregister.nl/geonetwork/srv/resources34e95842-4e4e-46de-9198-79e8cd4d30dc}]
errors:
-------
feature call (loop) failed at index: 0
caller: classpath:InspireTest/ngr/datasetrecords/def/checkxlinkurl.template.feature
arg: {"link":"https://ngr.acceptatie.nationaalgeoregister.nl/geonetwork/srv/resources34e95842-4e4e-46de-9198-79e8cd4d30dc"}
checkxlinkurl.template.feature:15 - status code was: 404, expected: 200, response time: 284, url: https://ngr.acceptatie.nationaalgeoregister.nl/geonetwork/srv/resources34e95842-4e4e-46de-9198-79e8cd4d30dc, response: 
[1.173:16] ngr-check-dataset-record.feature:69 - feature call (loop) failed: classpath:InspireTest/ngr/datasetrecords/def/checkxlinkurl.template.feature
caller: classpath:InspireTest/ngr/datasetrecords/ngr-check-dataset-record.feature
items: [{link=}]
errors:
-------
feature call (loop) failed at index: 0
caller: classpath:InspireTest/ngr/datasetrecords/def/checkxlinkurl.template.feature
arg: {"link":""}
checkxlinkurl.template.feature:14 - 
org.apache.http.client.ClientProtocolException
[1.174:16] ngr-check-dataset-record.feature:69 - feature call (loop) failed: classpath:InspireTest/ngr/datasetrecords/def/checkxlinkurl.template.feature
caller: classpath:InspireTest/ngr/datasetrecords/ngr-check-dataset-record.feature
items: [{link=http://www.opengis.net/def/crs/EPSG/0/http://www.opengis.net/def/crs/EPSG/0/3034}, {link=http://nationaalgeoregister.nl/geonetwork/srv/dut/csw?SERVICE=CSW&version=2.0.2&REQUEST=GetRecordById&elementSetName=full&OutputSchema=http://www.isotc211.org/2005/gmd&ID=ca94a0cb-7561-4a10-a7d6-b840e56c33ff}, {link=https://creativecommons.org/publicdomain/mark/*/deed.nl}, {link=}]
errors:
-------
feature call (loop) failed at index: 2
caller: classpath:InspireTest/ngr/datasetrecords/def/checkxlinkurl.template.feature
arg: {"link":"https://creativecommons.org/publicdomain/mark/*/deed.nl"}
checkxlinkurl.template.feature:15 - status code was: 404, expected: 200, response time: 35, url: https://creativecommons.org/publicdomain/mark/*/deed.nl, response: 
-------
feature call (loop) failed at index: 3
caller: classpath:InspireTest/ngr/datasetrecords/def/checkxlinkurl.template.feature
arg: {"link":""}
checkxlinkurl.template.feature:14 - 
org.apache.http.client.ClientProtocolException
[1.175:16] ngr-check-dataset-record.feature:69 - feature call (loop) failed: classpath:InspireTest/ngr/datasetrecords/def/checkxlinkurl.template.feature
caller: classpath:InspireTest/ngr/datasetrecords/ngr-check-dataset-record.feature
items: [{link=http://www.opengis.net/def/crs/EPSG/0/http://www.opengis.net/def/crs/EPSG/0/3034}, {link=http://nationaalgeoregister.nl/geonetwork/srv/dut/csw?SERVICE=CSW&version=2.0.2&REQUEST=GetRecordById&elementSetName=full&OutputSchema=http://www.isotc211.org/2005/gmd&ID=f002bfc5-7d87-46b6-819e-8415422b65c9}, {link=https://creativecommons.org/publicdomain/mark/*/deed.nl}, {link=}]
errors:
-------
feature call (loop) failed at index: 2
caller: classpath:InspireTest/ngr/datasetrecords/def/checkxlinkurl.template.feature
arg: {"link":"https://creativecommons.org/publicdomain/mark/*/deed.nl"}
checkxlinkurl.template.feature:15 - status code was: 404, expected: 200, response time: 51, url: https://creativecommons.org/publicdomain/mark/*/deed.nl, response: 
-------
feature call (loop) failed at index: 3
caller: classpath:InspireTest/ngr/datasetrecords/def/checkxlinkurl.template.feature
arg: {"link":""}
checkxlinkurl.template.feature:14 - 
org.apache.http.client.ClientProtocolException
[1.176:16] ngr-check-dataset-record.feature:69 - feature call (loop) failed: classpath:InspireTest/ngr/datasetrecords/def/checkxlinkurl.template.feature
caller: classpath:InspireTest/ngr/datasetrecords/ngr-check-dataset-record.feature
items: [{link=http://www.opengis.net/def/crs/EPSG/0/https://www.opengis.net/def/crs/EPSG/0/4258}, {link=https://www.nationaalgeoregister.nl/geonetwork/srv/api/recordsf1d27179-36eb-4376-8048-f51d2eb23a09}]
errors:
-------
feature call (loop) failed at index: 1
caller: classpath:InspireTest/ngr/datasetrecords/def/checkxlinkurl.template.feature
arg: {"link":"https://www.nationaalgeoregister.nl/geonetwork/srv/api/recordsf1d27179-36eb-4376-8048-f51d2eb23a09"}
checkxlinkurl.template.feature:15 - status code was: 500, expected: 200, response time: 486, url: https://www.nationaalgeoregister.nl/geonetwork/srv/api/recordsf1d27179-36eb-4376-8048-f51d2eb23a09, response: 
[1.179:16] ngr-check-dataset-record.feature:69 - feature call (loop) failed: classpath:InspireTest/ngr/datasetrecords/def/checkxlinkurl.template.feature
caller: classpath:InspireTest/ngr/datasetrecords/ngr-check-dataset-record.feature
items: [{link=http://nationaalgeoregister.nl/geonetwork/srv/dut/csw?SERVICE=CSW&version=2.0.2&REQUEST=GetRecordById&elementSetName=full&OutputSchema=http://www.isotc211.org/2005/gmd&ID=2daad588-11ef-47de-9832-6fe2c3b93e6d}, {link=https://creativecommons.org/publicdomain/mark/*/deed.nl}, {link=}]
errors:
-------
feature call (loop) failed at index: 1
caller: classpath:InspireTest/ngr/datasetrecords/def/checkxlinkurl.template.feature
arg: {"link":"https://creativecommons.org/publicdomain/mark/*/deed.nl"}
checkxlinkurl.template.feature:15 - status code was: 404, expected: 200, response time: 38, url: https://creativecommons.org/publicdomain/mark/*/deed.nl, response: 
-------
feature call (loop) failed at index: 2
caller: classpath:InspireTest/ngr/datasetrecords/def/checkxlinkurl.template.feature
arg: {"link":""}
checkxlinkurl.template.feature:14 - 
org.apache.http.client.ClientProtocolException
[1.180:16] ngr-check-dataset-record.feature:69 - feature call (loop) failed: classpath:InspireTest/ngr/datasetrecords/def/checkxlinkurl.template.feature
caller: classpath:InspireTest/ngr/datasetrecords/ngr-check-dataset-record.feature
items: [{link=http://standaarden.overheid.nl/owms/terms/Ministerie_van_Landbouw,_Natuur_en_Voedselkwaliteit}, {link=http://nationaalgeoregister.nl/geonetwork/srv/dut/catalog.search#/metadata/19165027-a13a-4c19-9013-ec1fd191019d}, {link=http://standaarden.overheid.nl/owms/terms/Ministerie_van_Landbouw,_Natuur_en_Voedselkwaliteit}, {link=http://standaarden.overheid.nl/owms/terms/Ministerie_van_Landbouw,_Natuur_en_Voedselkwaliteit}, {link=https://data.overheid.nl/organisatie/PDOK}]
errors:
-------
feature call (loop) failed at index: 4
caller: classpath:InspireTest/ngr/datasetrecords/def/checkxlinkurl.template.feature
arg: {"link":"https://data.overheid.nl/organisatie/PDOK"}
checkxlinkurl.template.feature:15 - status code was: 404, expected: 200, response time: 584, url: https://data.overheid.nl/organisatie/PDOK, response: 
[1.181:16] ngr-check-dataset-record.feature:69 - feature call (loop) failed: classpath:InspireTest/ngr/datasetrecords/def/checkxlinkurl.template.feature
caller: classpath:InspireTest/ngr/datasetrecords/ngr-check-dataset-record.feature
items: [{link=https://nationaalgeoregister.nl/geonetwork/srv/resourcesce4a6d93-83d6-4397-afa1-d4117d5ce76b}, {link=http://rdfdata.eionet.europa.eu/inspirethemes/themes/34}, {link=http://geonetwork-opensource.org/inspire-theme#}, {link=https://www.nationaalgeoregister.nl/geonetwork/srv/eng/thesaurus.download?ref=external.theme.inspire-theme}]
errors:
-------
feature call (loop) failed at index: 0
caller: classpath:InspireTest/ngr/datasetrecords/def/checkxlinkurl.template.feature
arg: {"link":"https://nationaalgeoregister.nl/geonetwork/srv/resourcesce4a6d93-83d6-4397-afa1-d4117d5ce76b"}
checkxlinkurl.template.feature:15 - status code was: 404, expected: 200, response time: 289, url: https://nationaalgeoregister.nl/geonetwork/srv/resourcesce4a6d93-83d6-4397-afa1-d4117d5ce76b, response: 
-------
feature call (loop) failed at index: 1
caller: classpath:InspireTest/ngr/datasetrecords/def/checkxlinkurl.template.feature
arg: {"link":"http://rdfdata.eionet.europa.eu/inspirethemes/themes/34"}
checkxlinkurl.template.feature:15 - status code was: 404, expected: 200, response time: 200, url: http://rdfdata.eionet.europa.eu/inspirethemes/themes/34, response: 
-------
feature call (loop) failed at index: 2
caller: classpath:InspireTest/ngr/datasetrecords/def/checkxlinkurl.template.feature
arg: {"link":"http://geonetwork-opensource.org/inspire-theme#"}
checkxlinkurl.template.feature:15 - status code was: 404, expected: 200, response time: 399, url: http://geonetwork-opensource.org/inspire-theme#, response: 
-------
feature call (loop) failed at index: 3
caller: classpath:InspireTest/ngr/datasetrecords/def/checkxlinkurl.template.feature
arg: {"link":"https://www.nationaalgeoregister.nl/geonetwork/srv/eng/thesaurus.download?ref=external.theme.inspire-theme"}
checkxlinkurl.template.feature:15 - status code was: 500, expected: 200, response time: 330, url: https://www.nationaalgeoregister.nl/geonetwork/srv/eng/thesaurus.download?ref=external.theme.inspire-theme, response: 
[1.183:16] ngr-check-dataset-record.feature:69 - feature call (loop) failed: classpath:InspireTest/ngr/datasetrecords/def/checkxlinkurl.template.feature
caller: classpath:InspireTest/ngr/datasetrecords/ngr-check-dataset-record.feature
items: [{link=https://data.rivm.nl/inspire/id#6941b1f2-7ee6-4a1d-9cba-9071e3ca6cb3}]
errors:
-------
feature call (loop) failed at index: 0
caller: classpath:InspireTest/ngr/datasetrecords/def/checkxlinkurl.template.feature
arg: {"link":"https://data.rivm.nl/inspire/id#6941b1f2-7ee6-4a1d-9cba-9071e3ca6cb3"}
checkxlinkurl.template.feature:14 - 
javax.net.ssl.SSLException: Connection reset
[1.184:16] ngr-check-dataset-record.feature:69 - feature call (loop) failed: classpath:InspireTest/ngr/datasetrecords/def/checkxlinkurl.template.feature
caller: classpath:InspireTest/ngr/datasetrecords/ngr-check-dataset-record.feature
items: [{link=http://kadaster/2482250f-3b00-4439-9f93-f3118229b014}, {link=}, {link=}, {link=}]
errors:
-------
feature call (loop) failed at index: 0
caller: classpath:InspireTest/ngr/datasetrecords/def/checkxlinkurl.template.feature
arg: {"link":"http://kadaster/2482250f-3b00-4439-9f93-f3118229b014"}
checkxlinkurl.template.feature:14 - 
java.net.UnknownHostException: kadaster: Temporary failure in name resolution
-------
feature call (loop) failed at index: 1
caller: classpath:InspireTest/ngr/datasetrecords/def/checkxlinkurl.template.feature
arg: {"link":""}
checkxlinkurl.template.feature:14 - 
org.apache.http.client.ClientProtocolException
-------
feature call (loop) failed at index: 2
caller: classpath:InspireTest/ngr/datasetrecords/def/checkxlinkurl.template.feature
arg: {"link":""}
checkxlinkurl.template.feature:14 - 
org.apache.http.client.ClientProtocolException
-------
feature call (loop) failed at index: 3
caller: classpath:InspireTest/ngr/datasetrecords/def/checkxlinkurl.template.feature
arg: {"link":""}
checkxlinkurl.template.feature:14 - 
org.apache.http.client.ClientProtocolException
[1.185:16] ngr-check-dataset-record.feature:69 - feature call (loop) failed: classpath:InspireTest/ngr/datasetrecords/def/checkxlinkurl.template.feature
caller: classpath:InspireTest/ngr/datasetrecords/ngr-check-dataset-record.feature
items: [{link=http://kadaster/2482250f-3b00-4439-9f93-f3118229b021}, {link=}, {link=}, {link=}]
errors:
-------
feature call (loop) failed at index: 0
caller: classpath:InspireTest/ngr/datasetrecords/def/checkxlinkurl.template.feature
arg: {"link":"http://kadaster/2482250f-3b00-4439-9f93-f3118229b021"}
checkxlinkurl.template.feature:14 - 
java.net.UnknownHostException: kadaster
-------
feature call (loop) failed at index: 1
caller: classpath:InspireTest/ngr/datasetrecords/def/checkxlinkurl.template.feature
arg: {"link":""}
checkxlinkurl.template.feature:14 - 
org.apache.http.client.ClientProtocolException
-------
feature call (loop) failed at index: 2
caller: classpath:InspireTest/ngr/datasetrecords/def/checkxlinkurl.template.feature
arg: {"link":""}
checkxlinkurl.template.feature:14 - 
org.apache.http.client.ClientProtocolException
-------
feature call (loop) failed at index: 3
caller: classpath:InspireTest/ngr/datasetrecords/def/checkxlinkurl.template.feature
arg: {"link":""}
checkxlinkurl.template.feature:14 - 
org.apache.http.client.ClientProtocolException
[1.186:16] ngr-check-dataset-record.feature:69 - feature call (loop) failed: classpath:InspireTest/ngr/datasetrecords/def/checkxlinkurl.template.feature
caller: classpath:InspireTest/ngr/datasetrecords/ngr-check-dataset-record.feature
items: [{link=http://kadaster/2482250f-3b00-4439-9f93-f3118229b024}, {link=}, {link=}, {link=}]
errors:
-------
feature call (loop) failed at index: 0
caller: classpath:InspireTest/ngr/datasetrecords/def/checkxlinkurl.template.feature
arg: {"link":"http://kadaster/2482250f-3b00-4439-9f93-f3118229b024"}
checkxlinkurl.template.feature:14 - 
java.net.UnknownHostException: kadaster
-------
feature call (loop) failed at index: 1
caller: classpath:InspireTest/ngr/datasetrecords/def/checkxlinkurl.template.feature
arg: {"link":""}
checkxlinkurl.template.feature:14 - 
org.apache.http.client.ClientProtocolException
-------
feature call (loop) failed at index: 2
caller: classpath:InspireTest/ngr/datasetrecords/def/checkxlinkurl.template.feature
arg: {"link":""}
checkxlinkurl.template.feature:14 - 
org.apache.http.client.ClientProtocolException
-------
feature call (loop) failed at index: 3
caller: classpath:InspireTest/ngr/datasetrecords/def/checkxlinkurl.template.feature
arg: {"link":""}
checkxlinkurl.template.feature:14 - 
org.apache.http.client.ClientProtocolException
[1.187:16] ngr-check-dataset-record.feature:69 - feature call (loop) failed: classpath:InspireTest/ngr/datasetrecords/def/checkxlinkurl.template.feature
caller: classpath:InspireTest/ngr/datasetrecords/ngr-check-dataset-record.feature
items: [{link=http://kadaster/2482250f-3b00-4439-9f93-f3118229b023}, {link=}, {link=}, {link=}]
errors:
-------
feature call (loop) failed at index: 0
caller: classpath:InspireTest/ngr/datasetrecords/def/checkxlinkurl.template.feature
arg: {"link":"http://kadaster/2482250f-3b00-4439-9f93-f3118229b023"}
checkxlinkurl.template.feature:14 - 
java.net.UnknownHostException: kadaster
-------
feature call (loop) failed at index: 1
caller: classpath:InspireTest/ngr/datasetrecords/def/checkxlinkurl.template.feature
arg: {"link":""}
checkxlinkurl.template.feature:14 - 
org.apache.http.client.ClientProtocolException
-------
feature call (loop) failed at index: 2
caller: classpath:InspireTest/ngr/datasetrecords/def/checkxlinkurl.template.feature
arg: {"link":""}
checkxlinkurl.template.feature:14 - 
org.apache.http.client.ClientProtocolException
-------
feature call (loop) failed at index: 3
caller: classpath:InspireTest/ngr/datasetrecords/def/checkxlinkurl.template.feature
arg: {"link":""}
checkxlinkurl.template.feature:14 - 
org.apache.http.client.ClientProtocolException
[1.188:16] ngr-check-dataset-record.feature:69 - feature call (loop) failed: classpath:InspireTest/ngr/datasetrecords/def/checkxlinkurl.template.feature
caller: classpath:InspireTest/ngr/datasetrecords/ngr-check-dataset-record.feature
items: [{link=http://geodata.nationaalgeoregister.nl/cbsprovincies/extract/cbsprovincies.zip}, {link=}]
errors:
-------
feature call (loop) failed at index: 1
caller: classpath:InspireTest/ngr/datasetrecords/def/checkxlinkurl.template.feature
arg: {"link":""}
checkxlinkurl.template.feature:14 - 
org.apache.http.client.ClientProtocolException
[1.189:16] ngr-check-dataset-record.feature:69 - feature call (loop) failed: classpath:InspireTest/ngr/datasetrecords/def/checkxlinkurl.template.feature
caller: classpath:InspireTest/ngr/datasetrecords/ngr-check-dataset-record.feature
items: [{link=http://www.opengis.net/def/crs/EPSG/0/https://www.opengis.net/def/crs/EPSG/0/4258}, {link=https://www.nationaalgeoregister.nl/geonetwork/srv/api/recordsf44dac86-2228-412f-8355-e56446ca9933}, {link=www.hydro.nl}]
errors:
-------
feature call (loop) failed at index: 1
caller: classpath:InspireTest/ngr/datasetrecords/def/checkxlinkurl.template.feature
arg: {"link":"https://www.nationaalgeoregister.nl/geonetwork/srv/api/recordsf44dac86-2228-412f-8355-e56446ca9933"}
checkxlinkurl.template.feature:15 - status code was: 500, expected: 200, response time: 350, url: https://www.nationaalgeoregister.nl/geonetwork/srv/api/recordsf44dac86-2228-412f-8355-e56446ca9933, response: 
-------
feature call (loop) failed at index: 2
caller: classpath:InspireTest/ngr/datasetrecords/def/checkxlinkurl.template.feature
arg: {"link":"www.hydro.nl"}
checkxlinkurl.template.feature:14 - 
org.apache.http.client.ClientProtocolException
[1.190:16] ngr-check-dataset-record.feature:69 - feature call (loop) failed: classpath:InspireTest/ngr/datasetrecords/def/checkxlinkurl.template.feature
caller: classpath:InspireTest/ngr/datasetrecords/ngr-check-dataset-record.feature
items: [{link=https://www.nationaalgeoregister.nl/geonetwork/srv/dut/catalog.search#/metadata/uwwtd-9d8e-4758-83fa-28b057f185e3}, {link=http://rdfdata.eionet.europa.eu/inspirethemes/themes/24}, {link=https://ngr.geocat.live/geonetwork/srv/eng/thesaurus.download?ref=external.theme.httpinspireeceuropaeumetadatacodelistPrioritydataset-Prioritydataset}, {link=urn:ogc:def:crs:EPSG::5709}]
errors:
-------
feature call (loop) failed at index: 1
caller: classpath:InspireTest/ngr/datasetrecords/def/checkxlinkurl.template.feature
arg: {"link":"http://rdfdata.eionet.europa.eu/inspirethemes/themes/24"}
checkxlinkurl.template.feature:15 - status code was: 404, expected: 200, response time: 200, url: http://rdfdata.eionet.europa.eu/inspirethemes/themes/24, response: 
-------
feature call (loop) failed at index: 2
caller: classpath:InspireTest/ngr/datasetrecords/def/checkxlinkurl.template.feature
arg: {"link":"https://ngr.geocat.live/geonetwork/srv/eng/thesaurus.download?ref=external.theme.httpinspireeceuropaeumetadatacodelistPrioritydataset-Prioritydataset"}
checkxlinkurl.template.feature:15 - status code was: 500, expected: 200, response time: 316, url: https://ngr.geocat.live/geonetwork/srv/eng/thesaurus.download?ref=external.theme.httpinspireeceuropaeumetadatacodelistPrioritydataset-Prioritydataset, response: 
-------
feature call (loop) failed at index: 3
caller: classpath:InspireTest/ngr/datasetrecords/def/checkxlinkurl.template.feature
arg: {"link":"urn:ogc:def:crs:EPSG::5709"}
checkxlinkurl.template.feature:14 - 
org.apache.http.client.ClientProtocolException: URI does not specify a valid host name: urn:ogc:def:crs:EPSG::5709
[1.191:16] ngr-check-dataset-record.feature:69 - feature call (loop) failed: classpath:InspireTest/ngr/datasetrecords/def/checkxlinkurl.template.feature
caller: classpath:InspireTest/ngr/datasetrecords/ngr-check-dataset-record.feature
items: [{link=https://www.nationaalgeoregister.nl/geonetwork/srv/dut/catalog.search#/metadata/uwwtd-9d8e-4758-83fa-28b057f185e1}, {link=http://rdfdata.eionet.europa.eu/inspirethemes/themes/24}, {link=https://ngr.geocat.live/geonetwork/srv/eng/thesaurus.download?ref=external.theme.httpinspireeceuropaeumetadatacodelistPrioritydataset-Prioritydataset}, {link=urn:ogc:def:crs:EPSG::5709}]
errors:
-------
feature call (loop) failed at index: 1
caller: classpath:InspireTest/ngr/datasetrecords/def/checkxlinkurl.template.feature
arg: {"link":"http://rdfdata.eionet.europa.eu/inspirethemes/themes/24"}
checkxlinkurl.template.feature:15 - status code was: 404, expected: 200, response time: 199, url: http://rdfdata.eionet.europa.eu/inspirethemes/themes/24, response: 
-------
feature call (loop) failed at index: 2
caller: classpath:InspireTest/ngr/datasetrecords/def/checkxlinkurl.template.feature
arg: {"link":"https://ngr.geocat.live/geonetwork/srv/eng/thesaurus.download?ref=external.theme.httpinspireeceuropaeumetadatacodelistPrioritydataset-Prioritydataset"}
checkxlinkurl.template.feature:15 - status code was: 500, expected: 200, response time: 311, url: https://ngr.geocat.live/geonetwork/srv/eng/thesaurus.download?ref=external.theme.httpinspireeceuropaeumetadatacodelistPrioritydataset-Prioritydataset, response: 
-------
feature call (loop) failed at index: 3
caller: classpath:InspireTest/ngr/datasetrecords/def/checkxlinkurl.template.feature
arg: {"link":"urn:ogc:def:crs:EPSG::5709"}
checkxlinkurl.template.feature:14 - 
org.apache.http.client.ClientProtocolException: URI does not specify a valid host name: urn:ogc:def:crs:EPSG::5709
[1.192:16] ngr-check-dataset-record.feature:69 - feature call (loop) failed: classpath:InspireTest/ngr/datasetrecords/def/checkxlinkurl.template.feature
caller: classpath:InspireTest/ngr/datasetrecords/ngr-check-dataset-record.feature
items: [{link=https://www.nationaalgeoregister.nl/geonetwork/srv/dut/catalog.search#/metadata/uwwtd-9d8e-4758-83fa-28b057f185e2}, {link=http://rdfdata.eionet.europa.eu/inspirethemes/themes/24}, {link=https://ngr.geocat.live/geonetwork/srv/eng/thesaurus.download?ref=external.theme.httpinspireeceuropaeumetadatacodelistPrioritydataset-Prioritydataset}, {link=urn:ogc:def:crs:EPSG::5709}]
errors:
-------
feature call (loop) failed at index: 1
caller: classpath:InspireTest/ngr/datasetrecords/def/checkxlinkurl.template.feature
arg: {"link":"http://rdfdata.eionet.europa.eu/inspirethemes/themes/24"}
checkxlinkurl.template.feature:15 - status code was: 404, expected: 200, response time: 200, url: http://rdfdata.eionet.europa.eu/inspirethemes/themes/24, response: 
-------
feature call (loop) failed at index: 2
caller: classpath:InspireTest/ngr/datasetrecords/def/checkxlinkurl.template.feature
arg: {"link":"https://ngr.geocat.live/geonetwork/srv/eng/thesaurus.download?ref=external.theme.httpinspireeceuropaeumetadatacodelistPrioritydataset-Prioritydataset"}
checkxlinkurl.template.feature:15 - status code was: 500, expected: 200, response time: 309, url: https://ngr.geocat.live/geonetwork/srv/eng/thesaurus.download?ref=external.theme.httpinspireeceuropaeumetadatacodelistPrioritydataset-Prioritydataset, response: 
-------
feature call (loop) failed at index: 3
caller: classpath:InspireTest/ngr/datasetrecords/def/checkxlinkurl.template.feature
arg: {"link":"urn:ogc:def:crs:EPSG::5709"}
checkxlinkurl.template.feature:14 - 
org.apache.http.client.ClientProtocolException: URI does not specify a valid host name: urn:ogc:def:crs:EPSG::5709
[1.193:16] ngr-check-dataset-record.feature:69 - feature call (loop) failed: classpath:InspireTest/ngr/datasetrecords/def/checkxlinkurl.template.feature
caller: classpath:InspireTest/ngr/datasetrecords/ngr-check-dataset-record.feature
items: [{link=}]
errors:
-------
feature call (loop) failed at index: 0
caller: classpath:InspireTest/ngr/datasetrecords/def/checkxlinkurl.template.feature
arg: {"link":""}
checkxlinkurl.template.feature:14 - 
org.apache.http.client.ClientProtocolException
[1.194:16] ngr-check-dataset-record.feature:69 - feature call (loop) failed: classpath:InspireTest/ngr/datasetrecords/def/checkxlinkurl.template.feature
caller: classpath:InspireTest/ngr/datasetrecords/ngr-check-dataset-record.feature
items: [{link=http://www.opengis.net/def/crs/EPSG/0/http://www.opengis.net/def/crs/EPSG/0/3034}, {link=http://nationaalgeoregister.nl/geonetwork/srv/dut/csw?SERVICE=CSW&version=2.0.2&REQUEST=GetRecordById&elementSetName=full&OutputSchema=http://www.isotc211.org/2005/gmd&ID=cc408b2d-09a6-4b2b-9aa3-b46bfe2f00a5}, {link=https://creativecommons.org/publicdomain/mark/*/deed.nl}, {link=}]
errors:
-------
feature call (loop) failed at index: 2
caller: classpath:InspireTest/ngr/datasetrecords/def/checkxlinkurl.template.feature
arg: {"link":"https://creativecommons.org/publicdomain/mark/*/deed.nl"}
checkxlinkurl.template.feature:15 - status code was: 404, expected: 200, response time: 48, url: https://creativecommons.org/publicdomain/mark/*/deed.nl, response: 
-------
feature call (loop) failed at index: 3
caller: classpath:InspireTest/ngr/datasetrecords/def/checkxlinkurl.template.feature
arg: {"link":""}
checkxlinkurl.template.feature:14 - 
org.apache.http.client.ClientProtocolException
[1.195:16] ngr-check-dataset-record.feature:69 - feature call (loop) failed: classpath:InspireTest/ngr/datasetrecords/def/checkxlinkurl.template.feature
caller: classpath:InspireTest/ngr/datasetrecords/ngr-check-dataset-record.feature
items: [{link=https://data.rivm.nl/inspire/id#36a7e8cb-8300-4602-93d2-135943365a6f}]
errors:
-------
feature call (loop) failed at index: 0
caller: classpath:InspireTest/ngr/datasetrecords/def/checkxlinkurl.template.feature
arg: {"link":"https://data.rivm.nl/inspire/id#36a7e8cb-8300-4602-93d2-135943365a6f"}
checkxlinkurl.template.feature:14 - 
javax.net.ssl.SSLException: Connection reset
[1.196:16] ngr-check-dataset-record.feature:69 - feature call (loop) failed: classpath:InspireTest/ngr/datasetrecords/def/checkxlinkurl.template.feature
caller: classpath:InspireTest/ngr/datasetrecords/ngr-check-dataset-record.feature
items: [{link=http://inspire.rdw.nl/www/download/Licentie-Geogedeeld-RDW.pdf}, {link=}]
errors:
-------
feature call (loop) failed at index: 1
caller: classpath:InspireTest/ngr/datasetrecords/def/checkxlinkurl.template.feature
arg: {"link":""}
checkxlinkurl.template.feature:14 - 
org.apache.http.client.ClientProtocolException
[1.197:16] ngr-check-dataset-record.feature:69 - feature call (loop) failed: classpath:InspireTest/ngr/datasetrecords/def/checkxlinkurl.template.feature
caller: classpath:InspireTest/ngr/datasetrecords/ngr-check-dataset-record.feature
items: [{link=https://www.nationaalgeoregister.nl/geonetwork/srv/dut/catalog.search#/metadata/68ebd5c9-0ea1-4f22-9907-ec4c063cd3e2}, {link=http://rdfdata.eionet.europa.eu/inspirethemes/themes/20}, {link=urn:ogc:def:crs:EPSG::5709}]
errors:
-------
feature call (loop) failed at index: 1
caller: classpath:InspireTest/ngr/datasetrecords/def/checkxlinkurl.template.feature
arg: {"link":"http://rdfdata.eionet.europa.eu/inspirethemes/themes/20"}
checkxlinkurl.template.feature:15 - status code was: 404, expected: 200, response time: 200, url: http://rdfdata.eionet.europa.eu/inspirethemes/themes/20, response: 
-------
feature call (loop) failed at index: 2
caller: classpath:InspireTest/ngr/datasetrecords/def/checkxlinkurl.template.feature
arg: {"link":"urn:ogc:def:crs:EPSG::5709"}
checkxlinkurl.template.feature:14 - 
org.apache.http.client.ClientProtocolException: URI does not specify a valid host name: urn:ogc:def:crs:EPSG::5709
[1.198:16] ngr-check-dataset-record.feature:69 - feature call (loop) failed: classpath:InspireTest/ngr/datasetrecords/def/checkxlinkurl.template.feature
caller: classpath:InspireTest/ngr/datasetrecords/ngr-check-dataset-record.feature
items: [{link=https://www.nationaalgeoregister.nl/geonetwork/srv/api/recordsc3c004ad-5387-4b00-a225-9afbcaa5d31b}]
errors:
-------
feature call (loop) failed at index: 0
caller: classpath:InspireTest/ngr/datasetrecords/def/checkxlinkurl.template.feature
arg: {"link":"https://www.nationaalgeoregister.nl/geonetwork/srv/api/recordsc3c004ad-5387-4b00-a225-9afbcaa5d31b"}
checkxlinkurl.template.feature:15 - status code was: 500, expected: 200, response time: 312, url: https://www.nationaalgeoregister.nl/geonetwork/srv/api/recordsc3c004ad-5387-4b00-a225-9afbcaa5d31b, response: 
[1.199:16] ngr-check-dataset-record.feature:69 - feature call (loop) failed: classpath:InspireTest/ngr/datasetrecords/def/checkxlinkurl.template.feature
caller: classpath:InspireTest/ngr/datasetrecords/ngr-check-dataset-record.feature
items: [{link=http://standaarden.overheid.nl/owms/terms/Ministerie_van_Landbouw,_Natuur_en_Voedselkwaliteit}, {link=http://nationaalgeoregister.nl/geonetwork/srv/dut/catalog.search#/metadata/280ed37a-b8d2-4ac5-8567-04d84fad3a41}, {link=https://creativecommons.org/publicdomain/mark/*/deed.nl}, {link=https://data.overheid.nl/organisatie/PDOK}]
errors:
-------
feature call (loop) failed at index: 2
caller: classpath:InspireTest/ngr/datasetrecords/def/checkxlinkurl.template.feature
arg: {"link":"https://creativecommons.org/publicdomain/mark/*/deed.nl"}
checkxlinkurl.template.feature:15 - status code was: 404, expected: 200, response time: 37, url: https://creativecommons.org/publicdomain/mark/*/deed.nl, response: 
-------
feature call (loop) failed at index: 3
caller: classpath:InspireTest/ngr/datasetrecords/def/checkxlinkurl.template.feature
arg: {"link":"https://data.overheid.nl/organisatie/PDOK"}
checkxlinkurl.template.feature:15 - status code was: 404, expected: 200, response time: 557, url: https://data.overheid.nl/organisatie/PDOK, response: 
 ==> expected: <0> but was: <188>
	at InspireTest.TestAll.testParallel(InspireTest.java:27)
]]></failure>
    <system-out><![CDATA[20:12:34.869 [main] INFO  com.intuit.karate.Runner - waiting for parallel features to complete ...
20:12:35.168 [pool-1-thread-2] INFO  com.intuit.karate - karate.env system property was:  
20:12:35.171 [ForkJoinPool-1-worker-5] INFO  com.intuit.karate - karate.env system property was:  
20:12:35.180 [pool-1-thread-1] INFO  com.intuit.karate - karate.env system property was:  
20:12:35.190 [ForkJoinPool-1-worker-19] INFO  com.intuit.karate - karate.env system property was:  
20:12:35.452 [pool-1-thread-2] INFO  com.intuit.karate - >> lock acquired, begin callonce: read('def/getcswbriefrecords.feature')
20:12:35.666 [ForkJoinPool-1-worker-23] INFO  com.intuit.karate - [print] [
  "http://creativecommons.org/licenses/by/3.0/deed.nl"
]

20:12:35.682 [ForkJoinPool-1-worker-9] INFO  com.intuit.karate - [print] [
  "http://creativecommons.org/licenses/by/3.0/nl/"
]

20:12:35.709 [ForkJoinPool-1-worker-13] INFO  com.intuit.karate - [print] [
  "http://creativecommons.org/publicdomain/mark/1.0/deed.nl"
]

20:12:35.734 [ForkJoinPool-1-worker-27] INFO  com.intuit.karate - [print] [
  "http://creativecommons.org/licenses/by/4.0/deed.nl"
]

20:12:35.735 [ForkJoinPool-1-worker-31] INFO  com.intuit.karate - [print] [
  "http://creativecommons.org/publicdomain/zero/1.0/deed.nl"
]

20:12:35.742 [ForkJoinPool-1-worker-9] INFO  com.intuit.karate - [print]
20:12:35.746 [ForkJoinPool-1-worker-13] INFO  com.intuit.karate - [print]
20:12:35.750 [ForkJoinPool-1-worker-23] INFO  com.intuit.karate - [print]
20:12:35.753 [ForkJoinPool-1-worker-27] INFO  com.intuit.karate - [print]
20:12:35.758 [ForkJoinPool-1-worker-31] INFO  com.intuit.karate - [print]
20:12:35.767 [ForkJoinPool-1-worker-17] INFO  com.intuit.karate - [print] [
  "http://data.europa.eu/eli/reg/2010/1089"
]

20:12:35.770 [ForkJoinPool-1-worker-3] INFO  com.intuit.karate - [print] [
  "http://inspire.ec.europa.eu/applicationschema"
]

20:12:35.773 [ForkJoinPool-1-worker-21] INFO  com.intuit.karate - [print] [
  "http://inspire.ec.europa.eu/applicationschema/of"
]

20:12:35.796 [ForkJoinPool-1-worker-21] INFO  com.intuit.karate - [print]
20:12:35.796 [ForkJoinPool-1-worker-23] INFO  com.intuit.karate - [print] testing xlinkurl:http://creativecommons.org/licenses/by/3.0/deed.nl
20:12:35.798 [ForkJoinPool-1-worker-9] INFO  com.intuit.karate - [print] testing xlinkurl:http://creativecommons.org/licenses/by/3.0/nl/
20:12:35.799 [ForkJoinPool-1-worker-31] INFO  com.intuit.karate - [print] testing xlinkurl:http://creativecommons.org/publicdomain/zero/1.0/deed.nl
20:12:35.799 [ForkJoinPool-1-worker-27] INFO  com.intuit.karate - [print] testing xlinkurl:http://creativecommons.org/licenses/by/4.0/deed.nl
20:12:35.799 [ForkJoinPool-1-worker-13] INFO  com.intuit.karate - [print] testing xlinkurl:http://creativecommons.org/publicdomain/mark/1.0/deed.nl
20:12:35.822 [ForkJoinPool-1-worker-21] INFO  com.intuit.karate - [print] testing xlinkurl:http://inspire.ec.europa.eu/applicationschema/of
20:12:35.835 [ForkJoinPool-1-worker-3] INFO  com.intuit.karate - [print]
20:12:35.837 [ForkJoinPool-1-worker-3] INFO  com.intuit.karate - [print] testing xlinkurl:http://inspire.ec.europa.eu/applicationschema
20:12:35.834 [ForkJoinPool-1-worker-17] INFO  com.intuit.karate - [print]
20:12:35.844 [ForkJoinPool-1-worker-17] INFO  com.intuit.karate - [print] testing xlinkurl:http://data.europa.eu/eli/reg/2010/1089
20:12:36.023 [ForkJoinPool-1-worker-19] INFO  com.intuit.karate - [print] [
  "http://inspire.ec.europa.eu/id/document/tg/am"
]

20:12:36.027 [ForkJoinPool-1-worker-5] INFO  com.intuit.karate - [print] [
  "http://inspire.ec.europa.eu/id/document/tg/au"
]

20:12:36.090 [ForkJoinPool-1-worker-19] INFO  com.intuit.karate - [print]
20:12:36.096 [ForkJoinPool-1-worker-5] INFO  com.intuit.karate - [print]
20:12:36.098 [ForkJoinPool-1-worker-19] INFO  com.intuit.karate - [print] testing xlinkurl:http://inspire.ec.europa.eu/id/document/tg/am
20:12:36.098 [ForkJoinPool-1-worker-5] INFO  com.intuit.karate - [print] testing xlinkurl:http://inspire.ec.europa.eu/id/document/tg/au
20:12:36.264 [pool-1-thread-3] INFO  com.intuit.karate.Runner - <<pass>> feature 3 of 6: classpath:InspireTest/ngr/datasetrecords/def/getcswcapabilities.feature
---------------------------------------------------------
feature: classpath:InspireTest/ngr/datasetrecords/def/getcswcapabilities.feature
report: target/surefire-reports/InspireTest.ngr.datasetrecords.def.getcswcapabilities.json
scenarios:  1 | passed:  1 | failed:  0 | time: 0.6058
---------------------------------------------------------
20:12:36.270 [pool-1-thread-4] INFO  com.intuit.karate.Runner - <<pass>> feature 4 of 6: classpath:InspireTest/ngr/datasetrecords/def/getcswbriefrecordsjson.feature
---------------------------------------------------------
feature: classpath:InspireTest/ngr/datasetrecords/def/getcswbriefrecordsjson.feature
report: target/surefire-reports/InspireTest.ngr.datasetrecords.def.getcswbriefrecordsjson.json
scenarios:  1 | passed:  1 | failed:  0 | time: 0.5804
---------------------------------------------------------
20:12:36.456 [ForkJoinPool-1-worker-27] INFO  com.intuit.karate - [print] [
  "http://inspire.ec.europa.eu/id/document/tg/ef"
]

20:12:36.458 [ForkJoinPool-1-worker-31] INFO  com.intuit.karate - [print] [
  "http://inspire.ec.europa.eu/id/document/tg/el"
]

20:12:36.459 [ForkJoinPool-1-worker-23] INFO  com.intuit.karate - [print] [
  "http://inspire.ec.europa.eu/id/document/tg/hy"
]

20:12:36.458 [ForkJoinPool-1-worker-9] INFO  com.intuit.karate - [print] [
  "http://inspire.ec.europa.eu/id/document/tg/hh"
]

20:12:36.481 [ForkJoinPool-1-worker-9] INFO  com.intuit.karate - [print]
20:12:36.488 [ForkJoinPool-1-worker-23] INFO  com.intuit.karate - [print]
20:12:36.495 [ForkJoinPool-1-worker-27] INFO  com.intuit.karate - [print]
20:12:36.524 [ForkJoinPool-1-worker-27] INFO  com.intuit.karate - [print] testing xlinkurl:http://inspire.ec.europa.eu/id/document/tg/ef
20:12:36.503 [ForkJoinPool-1-worker-31] INFO  com.intuit.karate - [print]
20:12:36.527 [ForkJoinPool-1-worker-31] INFO  com.intuit.karate - [print] testing xlinkurl:http://inspire.ec.europa.eu/id/document/tg/el
20:12:36.503 [ForkJoinPool-1-worker-23] INFO  com.intuit.karate - [print] testing xlinkurl:http://inspire.ec.europa.eu/id/document/tg/hy
20:12:36.521 [ForkJoinPool-1-worker-9] INFO  com.intuit.karate - [print] testing xlinkurl:http://inspire.ec.europa.eu/id/document/tg/hh
20:12:37.425 [ForkJoinPool-1-worker-13] INFO  com.intuit.karate - [print] [
  "http://inspire.ec.europa.eu/id/document/tg/nz"
]

20:12:37.434 [ForkJoinPool-1-worker-13] INFO  com.intuit.karate - [print]
20:12:37.435 [ForkJoinPool-1-worker-13] INFO  com.intuit.karate - [print] testing xlinkurl:http://inspire.ec.europa.eu/id/document/tg/nz
20:12:38.066 [ForkJoinPool-1-worker-23] INFO  com.intuit.karate - [print] [
  "http://inspire.ec.europa.eu/id/document/tg/of"
]

20:12:38.076 [ForkJoinPool-1-worker-23] INFO  com.intuit.karate - [print]
20:12:38.081 [ForkJoinPool-1-worker-23] INFO  com.intuit.karate - [print] testing xlinkurl:http://inspire.ec.europa.eu/id/document/tg/of
20:12:38.149 [ForkJoinPool-1-worker-31] INFO  com.intuit.karate - [print] [
  "http://inspire.ec.europa.eu/id/document/tg/pf"
]

20:12:38.183 [ForkJoinPool-1-worker-27] INFO  com.intuit.karate - [print] [
  "http://inspire.ec.europa.eu/id/document/tg/ps"
]

20:12:38.184 [ForkJoinPool-1-worker-9] INFO  com.intuit.karate - [print] [
  "http://inspire.ec.europa.eu/id/document/tg/us"
]

20:12:38.186 [ForkJoinPool-1-worker-5] INFO  com.intuit.karate - [print] [
  "http://inspire.ec.europa.eu/id/document/tg/tn"
]

20:12:38.190 [ForkJoinPool-1-worker-19] INFO  com.intuit.karate - [print] [
  "http://inspire.ec.europa.eu/media-types/application/x-shapefile"
]

20:12:38.192 [ForkJoinPool-1-worker-27] INFO  com.intuit.karate - [print]
20:12:38.197 [ForkJoinPool-1-worker-27] INFO  com.intuit.karate - [print] testing xlinkurl:http://inspire.ec.europa.eu/id/document/tg/ps
20:12:38.200 [ForkJoinPool-1-worker-31] INFO  com.intuit.karate - [print]
20:12:38.207 [ForkJoinPool-1-worker-31] INFO  com.intuit.karate - [print] testing xlinkurl:http://inspire.ec.europa.eu/id/document/tg/pf
20:12:38.204 [ForkJoinPool-1-worker-5] INFO  com.intuit.karate - [print]
20:12:38.210 [ForkJoinPool-1-worker-5] INFO  com.intuit.karate - [print] testing xlinkurl:http://inspire.ec.europa.eu/id/document/tg/tn
20:12:38.206 [ForkJoinPool-1-worker-19] INFO  com.intuit.karate - [print]
20:12:38.209 [ForkJoinPool-1-worker-9] INFO  com.intuit.karate - [print]
20:12:38.219 [ForkJoinPool-1-worker-9] INFO  com.intuit.karate - [print] testing xlinkurl:http://inspire.ec.europa.eu/id/document/tg/us
20:12:38.225 [ForkJoinPool-1-worker-19] INFO  com.intuit.karate - [print] testing xlinkurl:http://inspire.ec.europa.eu/media-types/application/x-shapefile
20:12:38.317 [ForkJoinPool-1-worker-13] INFO  com.intuit.karate - [print] [
  "http://inspire.ec.europa.eu/metadata-codelist/ConditionsApplyingToAccessAndUse/noConditionsApply"
]

20:12:38.328 [ForkJoinPool-1-worker-13] INFO  com.intuit.karate - [print]
20:12:38.329 [ForkJoinPool-1-worker-13] INFO  com.intuit.karate - [print] testing xlinkurl:http://inspire.ec.europa.eu/metadata-codelist/ConditionsApplyingToAccessAndUse/noConditionsApply
20:12:38.620 [ForkJoinPool-1-worker-17] INFO  com.intuit.karate - [print] [
  "http://inspire.ec.europa.eu/metadata-codelist/LimitationsOnPublicAccess/INSPIRE_Directive_Article13_1f"
]

20:12:38.630 [ForkJoinPool-1-worker-17] INFO  com.intuit.karate - [print]
20:12:38.638 [ForkJoinPool-1-worker-17] INFO  com.intuit.karate - [print] testing xlinkurl:http://inspire.ec.europa.eu/metadata-codelist/LimitationsOnPublicAccess/INSPIRE_Directive_Article13_1f
20:12:38.776 [ForkJoinPool-1-worker-23] INFO  com.intuit.karate - [print] [
  "http://inspire.ec.europa.eu/metadata-codelist/LimitationsOnPublicAccess/noLimitations"
]

20:12:38.784 [ForkJoinPool-1-worker-23] INFO  com.intuit.karate - [print]
20:12:38.785 [ForkJoinPool-1-worker-23] INFO  com.intuit.karate - [print] testing xlinkurl:http://inspire.ec.europa.eu/metadata-codelist/LimitationsOnPublicAccess/noLimitations
20:12:38.912 [ForkJoinPool-1-worker-31] INFO  com.intuit.karate - [print] [
  "http://inspire.ec.europa.eu/metadata-codelist/OnLineDescriptionCode/accessPoint"
]

20:12:38.918 [ForkJoinPool-1-worker-31] INFO  com.intuit.karate - [print]
20:12:38.919 [ForkJoinPool-1-worker-31] INFO  com.intuit.karate - [print] testing xlinkurl:http://inspire.ec.europa.eu/metadata-codelist/OnLineDescriptionCode/accessPoint
20:12:39.595 [ForkJoinPool-1-worker-9] INFO  com.intuit.karate - [print] [
  "http://inspire.ec.europa.eu/metadata-codelist/OnLineDescriptionCode/endPoint"
]

20:12:39.600 [ForkJoinPool-1-worker-27] INFO  com.intuit.karate - [print] [
  "http://inspire.ec.europa.eu/metadata-codelist/PriorityDataset"
]

20:12:39.605 [ForkJoinPool-1-worker-27] INFO  com.intuit.karate - [print]
20:12:39.606 [ForkJoinPool-1-worker-27] INFO  com.intuit.karate - [print] testing xlinkurl:http://inspire.ec.europa.eu/metadata-codelist/PriorityDataset
20:12:39.610 [ForkJoinPool-1-worker-9] INFO  com.intuit.karate - [print]
20:12:39.611 [ForkJoinPool-1-worker-9] INFO  com.intuit.karate - [print] testing xlinkurl:http://inspire.ec.europa.eu/metadata-codelist/OnLineDescriptionCode/endPoint
20:12:39.617 [ForkJoinPool-1-worker-5] INFO  com.intuit.karate - [print] [
  "http://inspire.ec.europa.eu/metadata-codelist/PriorityDataset#"
]

20:12:39.623 [ForkJoinPool-1-worker-5] INFO  com.intuit.karate - [print]
20:12:39.624 [ForkJoinPool-1-worker-5] INFO  com.intuit.karate - [print] testing xlinkurl:http://inspire.ec.europa.eu/metadata-codelist/PriorityDataset#
20:12:46.053 [ForkJoinPool-1-worker-5] INFO  com.intuit.karate - [print] [
  "http://inspire.ec.europa.eu/metadata-codelist/PriorityDataset/ActualPollutantReleases-reg-2006-166"
]

20:12:46.062 [ForkJoinPool-1-worker-5] INFO  com.intuit.karate - [print]
20:12:46.063 [ForkJoinPool-1-worker-5] INFO  com.intuit.karate - [print] testing xlinkurl:http://inspire.ec.europa.eu/metadata-codelist/PriorityDataset/ActualPollutantReleases-reg-2006-166
20:12:51.842 [ForkJoinPool-1-worker-21] INFO  com.intuit.karate - [print] [
  "http://inspire.ec.europa.eu/metadata-codelist/PriorityDataset/Agglomerations-dir-1991-271"
]

20:12:51.853 [ForkJoinPool-1-worker-21] INFO  com.intuit.karate - [print]
20:12:51.855 [ForkJoinPool-1-worker-21] INFO  com.intuit.karate - [print] testing xlinkurl:http://inspire.ec.europa.eu/metadata-codelist/PriorityDataset/Agglomerations-dir-1991-271
20:12:52.114 [ForkJoinPool-1-worker-5] INFO  com.intuit.karate - [print] [
  "http://inspire.ec.europa.eu/metadata-codelist/PriorityDataset/BirdSpeciesDistribution-dir-2009-147"
]

20:12:52.121 [ForkJoinPool-1-worker-5] INFO  com.intuit.karate - [print]
20:12:52.122 [ForkJoinPool-1-worker-5] INFO  com.intuit.karate - [print] testing xlinkurl:http://inspire.ec.europa.eu/metadata-codelist/PriorityDataset/BirdSpeciesDistribution-dir-2009-147
20:12:55.047 [ForkJoinPool-1-worker-23] INFO  com.intuit.karate - [print] [
  "http://inspire.ec.europa.eu/metadata-codelist/PriorityDataset/BirdsRange-dir-2009-147"
]

20:12:55.059 [ForkJoinPool-1-worker-23] INFO  com.intuit.karate - [print]
20:12:55.060 [ForkJoinPool-1-worker-23] INFO  com.intuit.karate - [print] testing xlinkurl:http://inspire.ec.europa.eu/metadata-codelist/PriorityDataset/BirdsRange-dir-2009-147
20:12:55.847 [ForkJoinPool-1-worker-5] INFO  com.intuit.karate - [print] [
  "http://inspire.ec.europa.eu/metadata-codelist/PriorityDataset/CoastalWaters-dir-2000-60"
]

20:12:55.855 [ForkJoinPool-1-worker-5] INFO  com.intuit.karate - [print]
20:12:55.855 [ForkJoinPool-1-worker-5] INFO  com.intuit.karate - [print] testing xlinkurl:http://inspire.ec.europa.eu/metadata-codelist/PriorityDataset/CoastalWaters-dir-2000-60
20:12:57.915 [ForkJoinPool-1-worker-21] INFO  com.intuit.karate - [print] [
  "http://inspire.ec.europa.eu/metadata-codelist/PriorityDataset/DischargePointsToReceivingWaters-dir-1991-271"
]

20:12:57.923 [ForkJoinPool-1-worker-21] INFO  com.intuit.karate - [print]
20:12:57.924 [ForkJoinPool-1-worker-21] INFO  com.intuit.karate - [print] testing xlinkurl:http://inspire.ec.europa.eu/metadata-codelist/PriorityDataset/DischargePointsToReceivingWaters-dir-1991-271
20:12:59.785 [ForkJoinPool-1-worker-3] INFO  com.intuit.karate - [print] [
  "http://inspire.ec.europa.eu/metadata-codelist/PriorityDataset/DrinkingWaterAbstractionPoints-dir-1998-83"
]

20:12:59.791 [ForkJoinPool-1-worker-3] INFO  com.intuit.karate - [print]
20:12:59.792 [ForkJoinPool-1-worker-3] INFO  com.intuit.karate - [print] testing xlinkurl:http://inspire.ec.europa.eu/metadata-codelist/PriorityDataset/DrinkingWaterAbstractionPoints-dir-1998-83
20:13:01.885 [ForkJoinPool-1-worker-5] INFO  com.intuit.karate - [print] [
  "http://inspire.ec.europa.eu/metadata-codelist/PriorityDataset/EstablishmentsInvolvingDangerousSubstances-dir-2012-18"
]

20:13:01.892 [ForkJoinPool-1-worker-5] INFO  com.intuit.karate - [print]
20:13:01.903 [ForkJoinPool-1-worker-5] INFO  com.intuit.karate - [print] testing xlinkurl:http://inspire.ec.europa.eu/metadata-codelist/PriorityDataset/EstablishmentsInvolvingDangerousSubstances-dir-2012-18
20:13:03.985 [ForkJoinPool-1-worker-21] INFO  com.intuit.karate - [print] [
  "http://inspire.ec.europa.eu/metadata-codelist/PriorityDataset/FloodedAreas-dir-2007-60"
]

20:13:03.991 [ForkJoinPool-1-worker-21] INFO  com.intuit.karate - [print]
20:13:03.991 [ForkJoinPool-1-worker-21] INFO  com.intuit.karate - [print] testing xlinkurl:http://inspire.ec.europa.eu/metadata-codelist/PriorityDataset/FloodedAreas-dir-2007-60
20:13:04.065 [ForkJoinPool-1-worker-31] INFO  com.intuit.karate - [print] [
  "http://inspire.ec.europa.eu/metadata-codelist/PriorityDataset/FloodRiskZones-dir-2007-60"
]

20:13:04.071 [ForkJoinPool-1-worker-31] INFO  com.intuit.karate - [print]
20:13:04.071 [ForkJoinPool-1-worker-31] INFO  com.intuit.karate - [print] testing xlinkurl:http://inspire.ec.europa.eu/metadata-codelist/PriorityDataset/FloodRiskZones-dir-2007-60
20:13:05.835 [ForkJoinPool-1-worker-3] INFO  com.intuit.karate - [print] [
  "http://inspire.ec.europa.eu/metadata-codelist/PriorityDataset/HabitatTypesDistribution-dir-1992-43"
]

20:13:05.843 [ForkJoinPool-1-worker-3] INFO  com.intuit.karate - [print]
20:13:05.843 [ForkJoinPool-1-worker-3] INFO  com.intuit.karate - [print] testing xlinkurl:http://inspire.ec.europa.eu/metadata-codelist/PriorityDataset/HabitatTypesDistribution-dir-1992-43
20:13:07.948 [ForkJoinPool-1-worker-5] INFO  com.intuit.karate - [print] [
  "http://inspire.ec.europa.eu/metadata-codelist/PriorityDataset/HabitatTypesRange-dir-1992-43"
]

20:13:07.955 [ForkJoinPool-1-worker-5] INFO  com.intuit.karate - [print]
20:13:07.956 [ForkJoinPool-1-worker-5] INFO  com.intuit.karate - [print] testing xlinkurl:http://inspire.ec.europa.eu/metadata-codelist/PriorityDataset/HabitatTypesRange-dir-1992-43
20:13:08.041 [ForkJoinPool-1-worker-19] INFO  com.intuit.karate - [print] [
  "http://inspire.ec.europa.eu/metadata-codelist/PriorityDataset/IndustrialSites-EURegistry-reg-2006-166"
]

20:13:08.048 [ForkJoinPool-1-worker-19] INFO  com.intuit.karate - [print]
20:13:08.050 [ForkJoinPool-1-worker-19] INFO  com.intuit.karate - [print] testing xlinkurl:http://inspire.ec.europa.eu/metadata-codelist/PriorityDataset/IndustrialSites-EURegistry-reg-2006-166
20:13:08.899 [ForkJoinPool-1-worker-13] ERROR com.intuit.karate - java.net.SocketTimeoutException: Read timed out, http call failed after 30356 milliseconds for URL: http://inspire.ec.europa.eu/metadata-codelist/ConditionsApplyingToAccessAndUse/noConditionsApply
20:13:08.900 [ForkJoinPool-1-worker-13] ERROR com.intuit.karate - http request failed: 
java.net.SocketTimeoutException: Read timed out
20:13:08.900 [ForkJoinPool-1-worker-13] ERROR com.intuit.karate - feature call (loop) failed at index: 0
caller: classpath:InspireTest/ngr/datasetrecords/def/checkxlinkurl.template.feature
arg: {"link":"http://inspire.ec.europa.eu/metadata-codelist/ConditionsApplyingToAccessAndUse/noConditionsApply"}
checkxlinkurl.template.feature:14 - 
java.net.SocketTimeoutException: Read timed out
20:13:08.901 [ForkJoinPool-1-worker-13] INFO  com.intuit.karate - [print] [
  "http://inspire.ec.europa.eu/metadata-codelist/PriorityDataset/InvasiveAlienSpeciesDistribution-reg-2014-1143"
]

20:13:08.908 [ForkJoinPool-1-worker-13] INFO  com.intuit.karate - [print]
20:13:08.909 [ForkJoinPool-1-worker-13] INFO  com.intuit.karate - [print] testing xlinkurl:http://inspire.ec.europa.eu/metadata-codelist/PriorityDataset/InvasiveAlienSpeciesDistribution-reg-2014-1143
20:13:09.199 [ForkJoinPool-1-worker-17] ERROR com.intuit.karate - java.net.SocketTimeoutException: Read timed out, http call failed after 30346 milliseconds for URL: http://inspire.ec.europa.eu/metadata-codelist/LimitationsOnPublicAccess/INSPIRE_Directive_Article13_1f
20:13:09.200 [ForkJoinPool-1-worker-17] ERROR com.intuit.karate - http request failed: 
java.net.SocketTimeoutException: Read timed out
20:13:09.200 [ForkJoinPool-1-worker-17] ERROR com.intuit.karate - feature call (loop) failed at index: 0
caller: classpath:InspireTest/ngr/datasetrecords/def/checkxlinkurl.template.feature
arg: {"link":"http://inspire.ec.europa.eu/metadata-codelist/LimitationsOnPublicAccess/INSPIRE_Directive_Article13_1f"}
checkxlinkurl.template.feature:14 - 
java.net.SocketTimeoutException: Read timed out
20:13:09.201 [ForkJoinPool-1-worker-17] INFO  com.intuit.karate - [print] [
  "http://inspire.ec.europa.eu/metadata-codelist/PriorityDataset/Lakes-dir-2000-60"
]

20:13:09.208 [ForkJoinPool-1-worker-17] INFO  com.intuit.karate - [print]
20:13:09.209 [ForkJoinPool-1-worker-17] INFO  com.intuit.karate - [print] testing xlinkurl:http://inspire.ec.europa.eu/metadata-codelist/PriorityDataset/Lakes-dir-2000-60
20:13:10.148 [ForkJoinPool-1-worker-27] ERROR com.intuit.karate - java.net.SocketTimeoutException: Read timed out, http call failed after 30329 milliseconds for URL: http://inspire.ec.europa.eu/metadata-codelist/PriorityDataset
20:13:10.148 [ForkJoinPool-1-worker-27] ERROR com.intuit.karate - http request failed: 
java.net.SocketTimeoutException: Read timed out
20:13:10.149 [ForkJoinPool-1-worker-27] ERROR com.intuit.karate - feature call (loop) failed at index: 0
caller: classpath:InspireTest/ngr/datasetrecords/def/checkxlinkurl.template.feature
arg: {"link":"http://inspire.ec.europa.eu/metadata-codelist/PriorityDataset"}
checkxlinkurl.template.feature:14 - 
java.net.SocketTimeoutException: Read timed out
20:13:10.149 [ForkJoinPool-1-worker-27] INFO  com.intuit.karate - [print] [
  "http://inspire.ec.europa.eu/metadata-codelist/PriorityDataset/MajorAirportsNoiseExposureDelineationDEN-dir-2002-49"
]

20:13:10.157 [ForkJoinPool-1-worker-27] INFO  com.intuit.karate - [print]
20:13:10.158 [ForkJoinPool-1-worker-27] INFO  com.intuit.karate - [print] testing xlinkurl:http://inspire.ec.europa.eu/metadata-codelist/PriorityDataset/MajorAirportsNoiseExposureDelineationDEN-dir-2002-49
20:13:10.177 [ForkJoinPool-1-worker-9] ERROR com.intuit.karate - java.net.SocketTimeoutException: Read timed out, http call failed after 30351 milliseconds for URL: http://inspire.ec.europa.eu/metadata-codelist/OnLineDescriptionCode/endPoint
20:13:10.177 [ForkJoinPool-1-worker-9] ERROR com.intuit.karate - http request failed: 
java.net.SocketTimeoutException: Read timed out
20:13:10.178 [ForkJoinPool-1-worker-9] ERROR com.intuit.karate - feature call (loop) failed at index: 0
caller: classpath:InspireTest/ngr/datasetrecords/def/checkxlinkurl.template.feature
arg: {"link":"http://inspire.ec.europa.eu/metadata-codelist/OnLineDescriptionCode/endPoint"}
checkxlinkurl.template.feature:14 - 
java.net.SocketTimeoutException: Read timed out
20:13:10.178 [ForkJoinPool-1-worker-9] INFO  com.intuit.karate - [print] [
  "http://inspire.ec.europa.eu/metadata-codelist/PriorityDataset/MajorAirportsNoiseExposureDelineationNight-dir-2002-49"
]

20:13:10.183 [ForkJoinPool-1-worker-9] INFO  com.intuit.karate - [print]
20:13:10.191 [ForkJoinPool-1-worker-9] INFO  com.intuit.karate - [print] testing xlinkurl:http://inspire.ec.europa.eu/metadata-codelist/PriorityDataset/MajorAirportsNoiseExposureDelineationNight-dir-2002-49
20:13:11.152 [ForkJoinPool-1-worker-31] INFO  com.intuit.karate - [print] [
  "http://inspire.ec.europa.eu/metadata-codelist/PriorityDataset/MajorRailwaysNoiseExposureDelineationDEN-dir-2002-49"
]

20:13:11.160 [ForkJoinPool-1-worker-31] INFO  com.intuit.karate - [print]
20:13:11.160 [ForkJoinPool-1-worker-31] INFO  com.intuit.karate - [print] testing xlinkurl:http://inspire.ec.europa.eu/metadata-codelist/PriorityDataset/MajorRailwaysNoiseExposureDelineationDEN-dir-2002-49
20:13:11.938 [ForkJoinPool-1-worker-3] INFO  com.intuit.karate - [print] [
  "http://inspire.ec.europa.eu/metadata-codelist/PriorityDataset/MajorRailwaysNoiseExposureDelineationNight-dir-2002-49"
]

20:13:11.944 [ForkJoinPool-1-worker-3] INFO  com.intuit.karate - [print]
20:13:11.945 [ForkJoinPool-1-worker-3] INFO  com.intuit.karate - [print] testing xlinkurl:http://inspire.ec.europa.eu/metadata-codelist/PriorityDataset/MajorRailwaysNoiseExposureDelineationNight-dir-2002-49
20:13:12.930 [ForkJoinPool-1-worker-17] INFO  com.intuit.karate - [print] [
  "http://inspire.ec.europa.eu/metadata-codelist/PriorityDataset/MajorRoadsNoiseExposureDelineation-dir-2002-49"
]

20:13:12.936 [ForkJoinPool-1-worker-17] INFO  com.intuit.karate - [print]
20:13:12.936 [ForkJoinPool-1-worker-17] INFO  com.intuit.karate - [print] testing xlinkurl:http://inspire.ec.europa.eu/metadata-codelist/PriorityDataset/MajorRoadsNoiseExposureDelineation-dir-2002-49
20:13:15.001 [ForkJoinPool-1-worker-13] INFO  com.intuit.karate - [print] [
  "http://inspire.ec.europa.eu/metadata-codelist/PriorityDataset/MajorRoadsNoiseExposureDelineationDEN-dir-2002-49"
]

20:13:15.008 [ForkJoinPool-1-worker-13] INFO  com.intuit.karate - [print]
20:13:15.009 [ForkJoinPool-1-worker-13] INFO  com.intuit.karate - [print] testing xlinkurl:http://inspire.ec.europa.eu/metadata-codelist/PriorityDataset/MajorRoadsNoiseExposureDelineationDEN-dir-2002-49
20:13:15.092 [ForkJoinPool-1-worker-21] INFO  com.intuit.karate - [print] [
  "http://inspire.ec.europa.eu/metadata-codelist/PriorityDataset/ManagementUnits-dir-2007-60"
]

20:13:15.099 [ForkJoinPool-1-worker-21] INFO  com.intuit.karate - [print]
20:13:15.100 [ForkJoinPool-1-worker-21] INFO  com.intuit.karate - [print] testing xlinkurl:http://inspire.ec.europa.eu/metadata-codelist/PriorityDataset/ManagementUnits-dir-2007-60
20:13:16.954 [ForkJoinPool-1-worker-5] INFO  com.intuit.karate - [print] [
  "http://inspire.ec.europa.eu/metadata-codelist/PriorityDataset/MarineAssessmentUnits-dir-2008-56"
]

20:13:16.961 [ForkJoinPool-1-worker-5] INFO  com.intuit.karate - [print]
20:13:16.961 [ForkJoinPool-1-worker-5] INFO  com.intuit.karate - [print] testing xlinkurl:http://inspire.ec.europa.eu/metadata-codelist/PriorityDataset/MarineAssessmentUnits-dir-2008-56
20:13:17.318 [ForkJoinPool-1-worker-31] INFO  com.intuit.karate - [print] [
  "http://inspire.ec.europa.eu/metadata-codelist/PriorityDataset/MonitoringStations-dir-2000-60"
]

20:13:17.328 [ForkJoinPool-1-worker-31] INFO  com.intuit.karate - [print]
20:13:17.332 [ForkJoinPool-1-worker-31] INFO  com.intuit.karate - [print] testing xlinkurl:http://inspire.ec.europa.eu/metadata-codelist/PriorityDataset/MonitoringStations-dir-2000-60
20:13:21.046 [ForkJoinPool-1-worker-31] INFO  com.intuit.karate - [print] [
  "http://inspire.ec.europa.eu/metadata-codelist/PriorityDataset/MonitoringStations-dir-2008-56"
]

20:13:21.052 [ForkJoinPool-1-worker-31] INFO  com.intuit.karate - [print]
20:13:21.055 [ForkJoinPool-1-worker-31] INFO  com.intuit.karate - [print] testing xlinkurl:http://inspire.ec.europa.eu/metadata-codelist/PriorityDataset/MonitoringStations-dir-2008-56
20:13:22.979 [ForkJoinPool-1-worker-5] INFO  com.intuit.karate - [print] [
  "http://inspire.ec.europa.eu/metadata-codelist/PriorityDataset/MSFDReportingUnits-dir-2008-56"
]

20:13:22.985 [ForkJoinPool-1-worker-5] INFO  com.intuit.karate - [print]
20:13:22.985 [ForkJoinPool-1-worker-5] INFO  com.intuit.karate - [print] testing xlinkurl:http://inspire.ec.europa.eu/metadata-codelist/PriorityDataset/MSFDReportingUnits-dir-2008-56
20:13:24.237 [ForkJoinPool-1-worker-17] INFO  com.intuit.karate - [print] [
  "http://inspire.ec.europa.eu/metadata-codelist/PriorityDataset/NationallyDesignatedAreasCDDA"
]

20:13:24.244 [ForkJoinPool-1-worker-17] INFO  com.intuit.karate - [print]
20:13:24.245 [ForkJoinPool-1-worker-17] INFO  com.intuit.karate - [print] testing xlinkurl:http://inspire.ec.europa.eu/metadata-codelist/PriorityDataset/NationallyDesignatedAreasCDDA
20:13:24.248 [ForkJoinPool-1-worker-19] INFO  com.intuit.karate - [print] [
  "http://inspire.ec.europa.eu/metadata-codelist/PriorityDataset/Natura2000Sites-dir-1992-43"
]

20:13:24.253 [ForkJoinPool-1-worker-19] INFO  com.intuit.karate - [print]
20:13:24.253 [ForkJoinPool-1-worker-19] INFO  com.intuit.karate - [print] testing xlinkurl:http://inspire.ec.europa.eu/metadata-codelist/PriorityDataset/Natura2000Sites-dir-1992-43
20:13:25.622 [ForkJoinPool-1-worker-23] ERROR com.intuit.karate - java.net.SocketTimeoutException: Read timed out, http call failed after 30351 milliseconds for URL: http://inspire.ec.europa.eu/metadata-codelist/PriorityDataset/BirdsRange-dir-2009-147
20:13:25.623 [ForkJoinPool-1-worker-23] ERROR com.intuit.karate - http request failed: 
java.net.SocketTimeoutException: Read timed out
20:13:25.623 [ForkJoinPool-1-worker-23] ERROR com.intuit.karate - feature call (loop) failed at index: 0
caller: classpath:InspireTest/ngr/datasetrecords/def/checkxlinkurl.template.feature
arg: {"link":"http://inspire.ec.europa.eu/metadata-codelist/PriorityDataset/BirdsRange-dir-2009-147"}
checkxlinkurl.template.feature:14 - 
java.net.SocketTimeoutException: Read timed out
20:13:25.624 [ForkJoinPool-1-worker-23] INFO  com.intuit.karate - [print] [
  "http://inspire.ec.europa.eu/metadata-codelist/PriorityDataset/Natura2000Sites-dir-2009-147"
]

20:13:25.631 [ForkJoinPool-1-worker-23] INFO  com.intuit.karate - [print]
20:13:25.632 [ForkJoinPool-1-worker-23] INFO  com.intuit.karate - [print] testing xlinkurl:http://inspire.ec.europa.eu/metadata-codelist/PriorityDataset/Natura2000Sites-dir-2009-147
20:13:26.115 [ForkJoinPool-1-worker-13] INFO  com.intuit.karate - [print] [
  "http://inspire.ec.europa.eu/metadata-codelist/PriorityDataset/RiverBasinDistricts-dir-2000-60"
]

20:13:26.121 [ForkJoinPool-1-worker-13] INFO  com.intuit.karate - [print]
20:13:26.121 [ForkJoinPool-1-worker-13] INFO  com.intuit.karate - [print] testing xlinkurl:http://inspire.ec.europa.eu/metadata-codelist/PriorityDataset/RiverBasinDistricts-dir-2000-60
20:13:26.435 [ForkJoinPool-1-worker-13] ERROR com.intuit.karate - org.apache.http.conn.HttpHostConnectException: Connect to inspire.ec.europa.eu:443 [inspire.ec.europa.eu/139.191.229.30] failed: Connection refused, http call failed after 106 milliseconds for URL: http://inspire.ec.europa.eu/metadata-codelist/PriorityDataset/RiverBasinDistricts-dir-2000-60
20:13:26.436 [ForkJoinPool-1-worker-13] ERROR com.intuit.karate - http request failed: 
org.apache.http.conn.HttpHostConnectException: Connect to inspire.ec.europa.eu:443 [inspire.ec.europa.eu/139.191.229.30] failed: Connection refused
20:13:26.437 [ForkJoinPool-1-worker-13] ERROR com.intuit.karate - feature call (loop) failed at index: 0
caller: classpath:InspireTest/ngr/datasetrecords/def/checkxlinkurl.template.feature
arg: {"link":"http://inspire.ec.europa.eu/metadata-codelist/PriorityDataset/RiverBasinDistricts-dir-2000-60"}
checkxlinkurl.template.feature:14 - 
org.apache.http.conn.HttpHostConnectException: Connect to inspire.ec.europa.eu:443 [inspire.ec.europa.eu/139.191.229.30] failed: Connection refused
20:13:26.437 [ForkJoinPool-1-worker-13] INFO  com.intuit.karate - [print] [
  "http://inspire.ec.europa.eu/metadata-codelist/PriorityDataset/RiverBasinDistrictsSubUnits-dir-2000-60"
]

20:13:26.442 [ForkJoinPool-1-worker-13] INFO  com.intuit.karate - [print]
20:13:26.443 [ForkJoinPool-1-worker-13] INFO  com.intuit.karate - [print] testing xlinkurl:http://inspire.ec.europa.eu/metadata-codelist/PriorityDataset/RiverBasinDistrictsSubUnits-dir-2000-60
20:13:29.066 [ForkJoinPool-1-worker-5] INFO  com.intuit.karate - [print] [
  "http://inspire.ec.europa.eu/metadata-codelist/PriorityDataset/Rivers-dir-2000-60"
]

20:13:29.072 [ForkJoinPool-1-worker-5] INFO  com.intuit.karate - [print]
20:13:29.072 [ForkJoinPool-1-worker-5] INFO  com.intuit.karate - [print] testing xlinkurl:http://inspire.ec.europa.eu/metadata-codelist/PriorityDataset/Rivers-dir-2000-60
20:13:31.671 [ForkJoinPool-1-worker-23] INFO  com.intuit.karate - [print] [
  "http://inspire.ec.europa.eu/metadata-codelist/PriorityDataset/SpeciesDistribution-dir-1992-43"
]

20:13:31.684 [ForkJoinPool-1-worker-23] INFO  com.intuit.karate - [print]
20:13:31.685 [ForkJoinPool-1-worker-23] INFO  com.intuit.karate - [print] testing xlinkurl:http://inspire.ec.europa.eu/metadata-codelist/PriorityDataset/SpeciesDistribution-dir-1992-43
20:13:32.102 [ForkJoinPool-1-worker-31] INFO  com.intuit.karate - [print] [
  "http://inspire.ec.europa.eu/metadata-codelist/PriorityDataset/SpeciesRange-dir-1992-43"
]

20:13:32.108 [ForkJoinPool-1-worker-31] INFO  com.intuit.karate - [print]
20:13:32.109 [ForkJoinPool-1-worker-31] INFO  com.intuit.karate - [print] testing xlinkurl:http://inspire.ec.europa.eu/metadata-codelist/PriorityDataset/SpeciesRange-dir-1992-43
20:13:32.797 [ForkJoinPool-1-worker-31] INFO  com.intuit.karate - [print] [
  "http://inspire.ec.europa.eu/metadata-codelist/PriorityDataset/SurfaceWaterBodies-dir-2000-60"
]

20:13:32.803 [ForkJoinPool-1-worker-31] INFO  com.intuit.karate - [print]
20:13:32.803 [ForkJoinPool-1-worker-31] INFO  com.intuit.karate - [print] testing xlinkurl:http://inspire.ec.europa.eu/metadata-codelist/PriorityDataset/SurfaceWaterBodies-dir-2000-60
20:13:34.463 [ForkJoinPool-1-worker-13] INFO  com.intuit.karate - [print] [
  "http://inspire.ec.europa.eu/metadata-codelist/PriorityDataset/TransitionalWaters-dir-2000-60"
]

20:13:34.483 [ForkJoinPool-1-worker-13] INFO  com.intuit.karate - [print]
20:13:34.484 [ForkJoinPool-1-worker-13] INFO  com.intuit.karate - [print] testing xlinkurl:http://inspire.ec.europa.eu/metadata-codelist/PriorityDataset/TransitionalWaters-dir-2000-60
20:13:35.124 [ForkJoinPool-1-worker-5] INFO  com.intuit.karate - [print] [
  "http://inspire.ec.europa.eu/metadata-codelist/PriorityDataset/UrbanWasteWaterTreatmentPlants-dir-1991-271"
]

20:13:35.139 [ForkJoinPool-1-worker-5] INFO  com.intuit.karate - [print]
20:13:35.139 [ForkJoinPool-1-worker-5] INFO  com.intuit.karate - [print] testing xlinkurl:http://inspire.ec.europa.eu/metadata-codelist/PriorityDataset/UrbanWasteWaterTreatmentPlants-dir-1991-271
20:13:35.270 [ForkJoinPool-1-worker-27] INFO  com.intuit.karate - [print] [
  "http://inspire.ec.europa.eu/metadata-codelist/SpatialDataServiceType/download"
]

20:13:35.276 [ForkJoinPool-1-worker-27] INFO  com.intuit.karate - [print]
20:13:35.279 [ForkJoinPool-1-worker-27] INFO  com.intuit.karate - [print] testing xlinkurl:http://inspire.ec.europa.eu/metadata-codelist/SpatialDataServiceType/download
20:13:35.967 [ForkJoinPool-1-worker-27] INFO  com.intuit.karate - [print] [
  "http://inspire.ec.europa.eu/metadata-codelist/SpatialDataServiceType/http://inspire.ec.europa.eu/metadata-codelist/SpatialDataServiceType/download"
]

20:13:35.974 [ForkJoinPool-1-worker-27] INFO  com.intuit.karate - [print]
20:13:35.975 [ForkJoinPool-1-worker-27] INFO  com.intuit.karate - [print] testing xlinkurl:http://inspire.ec.europa.eu/metadata-codelist/SpatialDataServiceType/http://inspire.ec.europa.eu/metadata-codelist/SpatialDataServiceType/download
20:13:36.632 [ForkJoinPool-1-worker-27] INFO  com.intuit.karate - [print] [
  "http://inspire.ec.europa.eu/metadata-codelist/SpatialDataServiceType/other"
]

20:13:36.640 [ForkJoinPool-1-worker-27] INFO  com.intuit.karate - [print]
20:13:36.640 [ForkJoinPool-1-worker-27] INFO  com.intuit.karate - [print] testing xlinkurl:http://inspire.ec.europa.eu/metadata-codelist/SpatialDataServiceType/other
20:13:38.536 [ForkJoinPool-1-worker-13] INFO  com.intuit.karate - [print] [
  "http://inspire.ec.europa.eu/metadata-codelist/SpatialDataServiceType/view"
]

20:13:38.541 [ForkJoinPool-1-worker-13] INFO  com.intuit.karate - [print]
20:13:38.542 [ForkJoinPool-1-worker-13] INFO  com.intuit.karate - [print] testing xlinkurl:http://inspire.ec.europa.eu/metadata-codelist/SpatialDataServiceType/view
20:13:40.694 [ForkJoinPool-1-worker-23] INFO  com.intuit.karate - [print] [
  "http://inspire.ec.europa.eu/metadata-codelist/SpatialScope"
]

20:13:40.700 [ForkJoinPool-1-worker-23] INFO  com.intuit.karate - [print]
20:13:40.701 [ForkJoinPool-1-worker-23] INFO  com.intuit.karate - [print] testing xlinkurl:http://inspire.ec.europa.eu/metadata-codelist/SpatialScope
20:13:40.759 [ForkJoinPool-1-worker-9] ERROR com.intuit.karate - java.net.SocketTimeoutException: Read timed out, http call failed after 30357 milliseconds for URL: http://inspire.ec.europa.eu/metadata-codelist/PriorityDataset/MajorAirportsNoiseExposureDelineationNight-dir-2002-49
20:13:40.759 [ForkJoinPool-1-worker-9] ERROR com.intuit.karate - http request failed: 
java.net.SocketTimeoutException: Read timed out
20:13:40.759 [ForkJoinPool-1-worker-9] ERROR com.intuit.karate - feature call (loop) failed at index: 0
caller: classpath:InspireTest/ngr/datasetrecords/def/checkxlinkurl.template.feature
arg: {"link":"http://inspire.ec.europa.eu/metadata-codelist/PriorityDataset/MajorAirportsNoiseExposureDelineationNight-dir-2002-49"}
checkxlinkurl.template.feature:14 - 
java.net.SocketTimeoutException: Read timed out
20:13:40.760 [ForkJoinPool-1-worker-9] INFO  com.intuit.karate - [print] [
  "http://inspire.ec.europa.eu/metadata-codelist/SpatialScope/european"
]

20:13:40.766 [ForkJoinPool-1-worker-9] INFO  com.intuit.karate - [print]
20:13:40.766 [ForkJoinPool-1-worker-9] INFO  com.intuit.karate - [print] testing xlinkurl:http://inspire.ec.europa.eu/metadata-codelist/SpatialScope/european
20:13:41.287 [ForkJoinPool-1-worker-17] INFO  com.intuit.karate - [print] [
  "http://inspire.ec.europa.eu/metadata-codelist/SpatialScope/national"
]

20:13:41.321 [ForkJoinPool-1-worker-17] INFO  com.intuit.karate - [print]
20:13:41.322 [ForkJoinPool-1-worker-17] INFO  com.intuit.karate - [print] testing xlinkurl:http://inspire.ec.europa.eu/metadata-codelist/SpatialScope/national
20:13:42.063 [ForkJoinPool-1-worker-17] INFO  com.intuit.karate - [print] [
  "http://inspire.ec.europa.eu/schemas/am/4.0/AreaManagementRestrictionRegulationZone.xsd"
]

20:13:42.069 [ForkJoinPool-1-worker-17] INFO  com.intuit.karate - [print]
20:13:42.069 [ForkJoinPool-1-worker-17] INFO  com.intuit.karate - [print] testing xlinkurl:http://inspire.ec.europa.eu/schemas/am/4.0/AreaManagementRestrictionRegulationZone.xsd
20:13:42.288 [ForkJoinPool-1-worker-17] INFO  com.intuit.karate - [print] [
  "http://inspire.ec.europa.eu/schemas/ef/4.0/EnvironmentalMonitoringFacilities.xsd"
]

20:13:42.295 [ForkJoinPool-1-worker-17] INFO  com.intuit.karate - [print]
20:13:42.296 [ForkJoinPool-1-worker-17] INFO  com.intuit.karate - [print] testing xlinkurl:http://inspire.ec.europa.eu/schemas/ef/4.0/EnvironmentalMonitoringFacilities.xsd
20:13:42.505 [ForkJoinPool-1-worker-3] ERROR com.intuit.karate - java.net.SocketTimeoutException: Read timed out, http call failed after 30351 milliseconds for URL: http://inspire.ec.europa.eu/metadata-codelist/PriorityDataset/MajorRailwaysNoiseExposureDelineationNight-dir-2002-49
20:13:42.505 [ForkJoinPool-1-worker-3] ERROR com.intuit.karate - http request failed: 
java.net.SocketTimeoutException: Read timed out
20:13:42.505 [ForkJoinPool-1-worker-3] ERROR com.intuit.karate - feature call (loop) failed at index: 0
caller: classpath:InspireTest/ngr/datasetrecords/def/checkxlinkurl.template.feature
arg: {"link":"http://inspire.ec.europa.eu/metadata-codelist/PriorityDataset/MajorRailwaysNoiseExposureDelineationNight-dir-2002-49"}
checkxlinkurl.template.feature:14 - 
java.net.SocketTimeoutException: Read timed out
20:13:42.506 [ForkJoinPool-1-worker-3] INFO  com.intuit.karate - [print] [
  "http://inspire.ec.europa.eu/schemas/el-bas/4.0/ElevationBaseTypes.xsd"
]

20:13:42.514 [ForkJoinPool-1-worker-3] INFO  com.intuit.karate - [print]
20:13:42.516 [ForkJoinPool-1-worker-3] INFO  com.intuit.karate - [print] testing xlinkurl:http://inspire.ec.europa.eu/schemas/el-bas/4.0/ElevationBaseTypes.xsd
20:13:42.516 [ForkJoinPool-1-worker-17] INFO  com.intuit.karate - [print] [
  "http://inspire.ec.europa.eu/schemas/hh/4.0/HumanHealth.xsd"
]

20:13:42.526 [ForkJoinPool-1-worker-17] INFO  com.intuit.karate - [print]
20:13:42.526 [ForkJoinPool-1-worker-17] INFO  com.intuit.karate - [print] testing xlinkurl:http://inspire.ec.europa.eu/schemas/hh/4.0/HumanHealth.xsd
20:13:42.731 [ForkJoinPool-1-worker-27] INFO  com.intuit.karate - [print] [
  "http://inspire.ec.europa.eu/schemas/hy-n/4.0/HydroNetwork.xsd"
]

20:13:42.737 [ForkJoinPool-1-worker-3] INFO  com.intuit.karate - [print] [
  "http://inspire.ec.europa.eu/schemas/hy/4.0/HydroBase.xsd"
]

20:13:42.741 [ForkJoinPool-1-worker-27] INFO  com.intuit.karate - [print]
20:13:42.742 [ForkJoinPool-1-worker-27] INFO  com.intuit.karate - [print] testing xlinkurl:http://inspire.ec.europa.eu/schemas/hy-n/4.0/HydroNetwork.xsd
20:13:42.744 [ForkJoinPool-1-worker-17] INFO  com.intuit.karate - [print] [
  "http://inspire.ec.europa.eu/schemas/mu/3.0/MaritimeUnits.xsd"
]

20:13:42.748 [ForkJoinPool-1-worker-17] INFO  com.intuit.karate - [print]
20:13:42.749 [ForkJoinPool-1-worker-17] INFO  com.intuit.karate - [print] testing xlinkurl:http://inspire.ec.europa.eu/schemas/mu/3.0/MaritimeUnits.xsd
20:13:42.742 [ForkJoinPool-1-worker-3] INFO  com.intuit.karate - [print]
20:13:42.750 [ForkJoinPool-1-worker-3] INFO  com.intuit.karate - [print] testing xlinkurl:http://inspire.ec.europa.eu/schemas/hy/4.0/HydroBase.xsd
20:13:42.968 [ForkJoinPool-1-worker-3] INFO  com.intuit.karate - [print] [
  "http://inspire.ec.europa.eu/schemas/nz-core/4.0/NaturalRiskZonesCore.xsd"
]

20:13:42.969 [ForkJoinPool-1-worker-27] INFO  com.intuit.karate - [print] [
  "http://inspire.ec.europa.eu/schemas/nz/0.0/NaturalRiskZones.xsd"
]

20:13:42.975 [ForkJoinPool-1-worker-27] INFO  com.intuit.karate - [print]
20:13:42.975 [ForkJoinPool-1-worker-27] INFO  com.intuit.karate - [print] testing xlinkurl:http://inspire.ec.europa.eu/schemas/nz/0.0/NaturalRiskZones.xsd
20:13:42.976 [ForkJoinPool-1-worker-17] INFO  com.intuit.karate - [print] [
  "http://inspire.ec.europa.eu/schemas/of/4.0/OceanFeatures.xsd"
]

20:13:42.981 [ForkJoinPool-1-worker-17] INFO  com.intuit.karate - [print]
20:13:42.981 [ForkJoinPool-1-worker-17] INFO  com.intuit.karate - [print] testing xlinkurl:http://inspire.ec.europa.eu/schemas/of/4.0/OceanFeatures.xsd
20:13:42.986 [ForkJoinPool-1-worker-3] INFO  com.intuit.karate - [print]
20:13:42.987 [ForkJoinPool-1-worker-3] INFO  com.intuit.karate - [print] testing xlinkurl:http://inspire.ec.europa.eu/schemas/nz-core/4.0/NaturalRiskZonesCore.xsd
20:13:43.726 [ForkJoinPool-1-worker-27] INFO  com.intuit.karate - [print] [
  "http://inspire.ec.europa.eu/schemas/pf/4.0/ProductionAndIndustrialFacilities.xsd"
]

20:13:43.731 [ForkJoinPool-1-worker-27] INFO  com.intuit.karate - [print]
20:13:43.731 [ForkJoinPool-1-worker-27] INFO  com.intuit.karate - [print] testing xlinkurl:http://inspire.ec.europa.eu/schemas/pf/4.0/ProductionAndIndustrialFacilities.xsd
20:13:43.733 [ForkJoinPool-1-worker-3] INFO  com.intuit.karate - [print] [
  "http://inspire.ec.europa.eu/schemas/ps/4.0/ProtectedSites.xsd"
]

20:13:43.737 [ForkJoinPool-1-worker-3] INFO  com.intuit.karate - [print]
20:13:43.738 [ForkJoinPool-1-worker-3] INFO  com.intuit.karate - [print] testing xlinkurl:http://inspire.ec.europa.eu/schemas/ps/4.0/ProtectedSites.xsd
20:13:44.297 [ForkJoinPool-1-worker-17] INFO  com.intuit.karate - [print] [
  "http://inspire.ec.europa.eu/schemas/tn-ro/4.0/RoadTransportNetwork.xsd"
]

20:13:44.303 [ForkJoinPool-1-worker-17] INFO  com.intuit.karate - [print]
20:13:44.303 [ForkJoinPool-1-worker-17] INFO  com.intuit.karate - [print] testing xlinkurl:http://inspire.ec.europa.eu/schemas/tn-ro/4.0/RoadTransportNetwork.xsd
20:13:44.733 [ForkJoinPool-1-worker-27] INFO  com.intuit.karate - [print] [
  "http://inspire.ec.europa.eu/schemas/tn-w/4.0/WaterTransportNetwork.xsd"
]

20:13:44.739 [ForkJoinPool-1-worker-27] INFO  com.intuit.karate - [print]
20:13:44.740 [ForkJoinPool-1-worker-3] INFO  com.intuit.karate - [print] [
  "http://inspire.ec.europa.eu/schemas/tn/4.0/CommonTransportElements.xsd"
]

20:13:44.744 [ForkJoinPool-1-worker-3] INFO  com.intuit.karate - [print]
20:13:44.745 [ForkJoinPool-1-worker-3] INFO  com.intuit.karate - [print] testing xlinkurl:http://inspire.ec.europa.eu/schemas/tn/4.0/CommonTransportElements.xsd
20:13:44.752 [ForkJoinPool-1-worker-27] INFO  com.intuit.karate - [print] testing xlinkurl:http://inspire.ec.europa.eu/schemas/tn-w/4.0/WaterTransportNetwork.xsd
20:13:45.356 [ForkJoinPool-1-worker-17] INFO  com.intuit.karate - [print] [
  "http://inspire.ec.europa.eu/schemas/us-govserv/4.0/GovernmentalServices.xsd"
]

20:13:45.362 [ForkJoinPool-1-worker-17] INFO  com.intuit.karate - [print]
20:13:45.366 [ForkJoinPool-1-worker-17] INFO  com.intuit.karate - [print] testing xlinkurl:http://inspire.ec.europa.eu/schemas/us-govserv/4.0/GovernmentalServices.xsd
20:13:45.667 [ForkJoinPool-1-worker-21] ERROR com.intuit.karate - java.net.SocketTimeoutException: Read timed out, http call failed after 30352 milliseconds for URL: http://inspire.ec.europa.eu/metadata-codelist/PriorityDataset/ManagementUnits-dir-2007-60
20:13:45.668 [ForkJoinPool-1-worker-21] ERROR com.intuit.karate - http request failed: 
java.net.SocketTimeoutException: Read timed out
20:13:45.668 [ForkJoinPool-1-worker-21] ERROR com.intuit.karate - feature call (loop) failed at index: 0
caller: classpath:InspireTest/ngr/datasetrecords/def/checkxlinkurl.template.feature
arg: {"link":"http://inspire.ec.europa.eu/metadata-codelist/PriorityDataset/ManagementUnits-dir-2007-60"}
checkxlinkurl.template.feature:14 - 
java.net.SocketTimeoutException: Read timed out
20:13:45.669 [ForkJoinPool-1-worker-21] INFO  com.intuit.karate - [print] [
  "http://inspire.ec.europa.eu/theme#"
]

20:13:45.675 [ForkJoinPool-1-worker-21] INFO  com.intuit.karate - [print]
20:13:45.678 [ForkJoinPool-1-worker-21] INFO  com.intuit.karate - [print] testing xlinkurl:http://inspire.ec.europa.eu/theme#
20:13:45.702 [ForkJoinPool-1-worker-3] INFO  com.intuit.karate - [print] [
  "http://standaarden.overheid.nl/owms/terms/Ministerie_van_Economische_Zaken"
]

20:13:45.705 [ForkJoinPool-1-worker-27] INFO  com.intuit.karate - [print] [
  "http://standaarden.overheid.nl/owms/terms/Rijksinstituut_voor_Volksgezondheid_en_Milieu"
]

20:13:45.707 [ForkJoinPool-1-worker-3] INFO  com.intuit.karate - [print]
20:13:45.708 [ForkJoinPool-1-worker-3] INFO  com.intuit.karate - [print] testing xlinkurl:http://standaarden.overheid.nl/owms/terms/Ministerie_van_Economische_Zaken
20:13:45.709 [ForkJoinPool-1-worker-27] INFO  com.intuit.karate - [print]
20:13:45.709 [ForkJoinPool-1-worker-27] INFO  com.intuit.karate - [print] testing xlinkurl:http://standaarden.overheid.nl/owms/terms/Rijksinstituut_voor_Volksgezondheid_en_Milieu
20:13:45.744 [ForkJoinPool-1-worker-17] INFO  com.intuit.karate - [print] [
  "http://standaarden.overheid.nl/owms/terms/RVO"
]

20:13:45.748 [ForkJoinPool-1-worker-17] INFO  com.intuit.karate - [print]
20:13:45.749 [ForkJoinPool-1-worker-17] INFO  com.intuit.karate - [print] testing xlinkurl:http://standaarden.overheid.nl/owms/terms/RVO
20:13:45.823 [ForkJoinPool-1-worker-13] INFO  com.intuit.karate - [print] [
  "http://www.eionet.europa.eu/gemet/inspire_themes"
]

20:13:45.829 [ForkJoinPool-1-worker-13] INFO  com.intuit.karate - [print]
20:13:45.829 [ForkJoinPool-1-worker-13] INFO  com.intuit.karate - [print] testing xlinkurl:http://www.eionet.europa.eu/gemet/inspire_themes
20:13:46.514 [ForkJoinPool-1-worker-27] INFO  com.intuit.karate - [print] [
  "http://www.eionet.europa.eu/gemet/nl/inspire-theme/ac"
]

20:13:46.519 [ForkJoinPool-1-worker-27] INFO  com.intuit.karate - [print]
20:13:46.522 [ForkJoinPool-1-worker-17] INFO  com.intuit.karate - [print] [
  "http://www.eionet.europa.eu/gemet/nl/inspire-theme/ad"
]

20:13:46.524 [ForkJoinPool-1-worker-27] INFO  com.intuit.karate - [print] testing xlinkurl:http://www.eionet.europa.eu/gemet/nl/inspire-theme/ac
20:13:46.526 [ForkJoinPool-1-worker-17] INFO  com.intuit.karate - [print]
20:13:46.527 [ForkJoinPool-1-worker-17] INFO  com.intuit.karate - [print] testing xlinkurl:http://www.eionet.europa.eu/gemet/nl/inspire-theme/ad
20:13:46.551 [ForkJoinPool-1-worker-3] INFO  com.intuit.karate - [print] [
  "http://www.eionet.europa.eu/gemet/nl/inspire-theme/af"
]

20:13:46.554 [ForkJoinPool-1-worker-3] INFO  com.intuit.karate - [print]
20:13:46.555 [ForkJoinPool-1-worker-3] INFO  com.intuit.karate - [print] testing xlinkurl:http://www.eionet.europa.eu/gemet/nl/inspire-theme/af
20:13:47.221 [ForkJoinPool-1-worker-17] INFO  com.intuit.karate - [print] [
  "http://www.eionet.europa.eu/gemet/nl/inspire-theme/am"
]

20:13:47.228 [ForkJoinPool-1-worker-17] INFO  com.intuit.karate - [print]
20:13:47.228 [ForkJoinPool-1-worker-17] INFO  com.intuit.karate - [print] testing xlinkurl:http://www.eionet.europa.eu/gemet/nl/inspire-theme/am
20:13:47.229 [ForkJoinPool-1-worker-27] INFO  com.intuit.karate - [print] [
  "http://www.eionet.europa.eu/gemet/nl/inspire-theme/au"
]

20:13:47.233 [ForkJoinPool-1-worker-13] INFO  com.intuit.karate - [print] [
  "http://www.eionet.europa.eu/gemet/nl/inspire-theme/bu"
]

20:13:47.235 [ForkJoinPool-1-worker-27] INFO  com.intuit.karate - [print]
20:13:47.236 [ForkJoinPool-1-worker-27] INFO  com.intuit.karate - [print] testing xlinkurl:http://www.eionet.europa.eu/gemet/nl/inspire-theme/au
20:13:47.238 [ForkJoinPool-1-worker-13] INFO  com.intuit.karate - [print]
20:13:47.239 [ForkJoinPool-1-worker-13] INFO  com.intuit.karate - [print] testing xlinkurl:http://www.eionet.europa.eu/gemet/nl/inspire-theme/bu
20:13:47.286 [ForkJoinPool-1-worker-3] INFO  com.intuit.karate - [print] [
  "http://www.eionet.europa.eu/gemet/nl/inspire-theme/cp"
]

20:13:47.293 [ForkJoinPool-1-worker-3] INFO  com.intuit.karate - [print]
20:13:47.294 [ForkJoinPool-1-worker-3] INFO  com.intuit.karate - [print] testing xlinkurl:http://www.eionet.europa.eu/gemet/nl/inspire-theme/cp
20:13:47.918 [ForkJoinPool-1-worker-17] INFO  com.intuit.karate - [print] [
  "http://www.eionet.europa.eu/gemet/nl/inspire-theme/ef"
]

20:13:47.920 [ForkJoinPool-1-worker-13] INFO  com.intuit.karate - [print] [
  "http://www.eionet.europa.eu/gemet/nl/inspire-theme/er"
]

20:13:47.937 [ForkJoinPool-1-worker-17] INFO  com.intuit.karate - [print]
20:13:47.941 [ForkJoinPool-1-worker-17] INFO  com.intuit.karate - [print] testing xlinkurl:http://www.eionet.europa.eu/gemet/nl/inspire-theme/ef
20:13:47.939 [ForkJoinPool-1-worker-27] INFO  com.intuit.karate - [print] [
  "http://www.eionet.europa.eu/gemet/nl/inspire-theme/ge"
]

20:13:47.940 [ForkJoinPool-1-worker-13] INFO  com.intuit.karate - [print]
20:13:47.947 [ForkJoinPool-1-worker-27] INFO  com.intuit.karate - [print]
20:13:47.947 [ForkJoinPool-1-worker-27] INFO  com.intuit.karate - [print] testing xlinkurl:http://www.eionet.europa.eu/gemet/nl/inspire-theme/ge
20:13:47.950 [ForkJoinPool-1-worker-13] INFO  com.intuit.karate - [print] testing xlinkurl:http://www.eionet.europa.eu/gemet/nl/inspire-theme/er
20:13:47.986 [ForkJoinPool-1-worker-3] INFO  com.intuit.karate - [print] [
  "http://www.eionet.europa.eu/gemet/nl/inspire-theme/gn"
]

20:13:47.990 [ForkJoinPool-1-worker-3] INFO  com.intuit.karate - [print]
20:13:47.990 [ForkJoinPool-1-worker-3] INFO  com.intuit.karate - [print] testing xlinkurl:http://www.eionet.europa.eu/gemet/nl/inspire-theme/gn
20:13:48.658 [ForkJoinPool-1-worker-13] INFO  com.intuit.karate - [print] [
  "http://www.eionet.europa.eu/gemet/nl/inspire-theme/hb"
]

20:13:48.664 [ForkJoinPool-1-worker-13] INFO  com.intuit.karate - [print]
20:13:48.664 [ForkJoinPool-1-worker-13] INFO  com.intuit.karate - [print] testing xlinkurl:http://www.eionet.europa.eu/gemet/nl/inspire-theme/hb
20:13:48.665 [ForkJoinPool-1-worker-17] INFO  com.intuit.karate - [print] [
  "http://www.eionet.europa.eu/gemet/nl/inspire-theme/hh"
]

20:13:48.669 [ForkJoinPool-1-worker-27] INFO  com.intuit.karate - [print] [
  "http://www.eionet.europa.eu/gemet/nl/inspire-theme/hy"
]

20:13:48.670 [ForkJoinPool-1-worker-17] INFO  com.intuit.karate - [print]
20:13:48.671 [ForkJoinPool-1-worker-17] INFO  com.intuit.karate - [print] testing xlinkurl:http://www.eionet.europa.eu/gemet/nl/inspire-theme/hh
20:13:48.677 [ForkJoinPool-1-worker-27] INFO  com.intuit.karate - [print]
20:13:48.677 [ForkJoinPool-1-worker-27] INFO  com.intuit.karate - [print] testing xlinkurl:http://www.eionet.europa.eu/gemet/nl/inspire-theme/hy
20:13:48.752 [ForkJoinPool-1-worker-3] INFO  com.intuit.karate - [print] [
  "http://www.eionet.europa.eu/gemet/nl/inspire-theme/lc"
]

20:13:48.757 [ForkJoinPool-1-worker-3] INFO  com.intuit.karate - [print]
20:13:48.757 [ForkJoinPool-1-worker-3] INFO  com.intuit.karate - [print] testing xlinkurl:http://www.eionet.europa.eu/gemet/nl/inspire-theme/lc
20:13:48.861 [ForkJoinPool-1-worker-31] INFO  com.intuit.karate - [print] [
  "http://www.eionet.europa.eu/gemet/nl/inspire-theme/lu"
]

20:13:48.867 [ForkJoinPool-1-worker-31] INFO  com.intuit.karate - [print]
20:13:48.867 [ForkJoinPool-1-worker-31] INFO  com.intuit.karate - [print] testing xlinkurl:http://www.eionet.europa.eu/gemet/nl/inspire-theme/lu
20:13:49.372 [ForkJoinPool-1-worker-17] INFO  com.intuit.karate - [print] [
  "http://www.eionet.europa.eu/gemet/nl/inspire-theme/mf"
]

20:13:49.377 [ForkJoinPool-1-worker-17] INFO  com.intuit.karate - [print]
20:13:49.378 [ForkJoinPool-1-worker-17] INFO  com.intuit.karate - [print] testing xlinkurl:http://www.eionet.europa.eu/gemet/nl/inspire-theme/mf
20:13:49.380 [ForkJoinPool-1-worker-27] INFO  com.intuit.karate - [print] [
  "http://www.eionet.europa.eu/gemet/nl/inspire-theme/nz"
]

20:13:49.385 [ForkJoinPool-1-worker-13] INFO  com.intuit.karate - [print] [
  "http://www.eionet.europa.eu/gemet/nl/inspire-theme/of"
]

20:13:49.388 [ForkJoinPool-1-worker-13] INFO  com.intuit.karate - [print]
20:13:49.389 [ForkJoinPool-1-worker-13] INFO  com.intuit.karate - [print] testing xlinkurl:http://www.eionet.europa.eu/gemet/nl/inspire-theme/of
20:13:49.390 [ForkJoinPool-1-worker-27] INFO  com.intuit.karate - [print]
20:13:49.391 [ForkJoinPool-1-worker-27] INFO  com.intuit.karate - [print] testing xlinkurl:http://www.eionet.europa.eu/gemet/nl/inspire-theme/nz
20:13:49.452 [ForkJoinPool-1-worker-3] INFO  com.intuit.karate - [print] [
  "http://www.eionet.europa.eu/gemet/nl/inspire-theme/oi"
]

20:13:49.458 [ForkJoinPool-1-worker-3] INFO  com.intuit.karate - [print]
20:13:49.459 [ForkJoinPool-1-worker-3] INFO  com.intuit.karate - [print] testing xlinkurl:http://www.eionet.europa.eu/gemet/nl/inspire-theme/oi
20:13:49.567 [ForkJoinPool-1-worker-31] INFO  com.intuit.karate - [print] [
  "http://www.eionet.europa.eu/gemet/nl/inspire-theme/pd"
]

20:13:49.577 [ForkJoinPool-1-worker-31] INFO  com.intuit.karate - [print]
20:13:49.578 [ForkJoinPool-1-worker-31] INFO  com.intuit.karate - [print] testing xlinkurl:http://www.eionet.europa.eu/gemet/nl/inspire-theme/pd
20:13:50.063 [ForkJoinPool-1-worker-9] INFO  com.intuit.karate - [print] [
  "http://www.eionet.europa.eu/gemet/nl/inspire-theme/pf"
]

20:13:50.068 [ForkJoinPool-1-worker-9] INFO  com.intuit.karate - [print]
20:13:50.070 [ForkJoinPool-1-worker-9] INFO  com.intuit.karate - [print] testing xlinkurl:http://www.eionet.europa.eu/gemet/nl/inspire-theme/pf
20:13:50.087 [ForkJoinPool-1-worker-17] INFO  com.intuit.karate - [print] [
  "http://www.eionet.europa.eu/gemet/nl/inspire-theme/ps"
]

20:13:50.090 [ForkJoinPool-1-worker-17] INFO  com.intuit.karate - [print]
20:13:50.090 [ForkJoinPool-1-worker-17] INFO  com.intuit.karate - [print] testing xlinkurl:http://www.eionet.europa.eu/gemet/nl/inspire-theme/ps
20:13:50.115 [ForkJoinPool-1-worker-27] INFO  com.intuit.karate - [print] [
  "http://www.eionet.europa.eu/gemet/nl/inspire-theme/rs"
]

20:13:50.115 [ForkJoinPool-1-worker-13] INFO  com.intuit.karate - [print] [
  "http://www.eionet.europa.eu/gemet/nl/inspire-theme/sd"
]

20:13:50.121 [ForkJoinPool-1-worker-13] INFO  com.intuit.karate - [print]
20:13:50.122 [ForkJoinPool-1-worker-27] INFO  com.intuit.karate - [print]
20:13:50.122 [ForkJoinPool-1-worker-27] INFO  com.intuit.karate - [print] testing xlinkurl:http://www.eionet.europa.eu/gemet/nl/inspire-theme/rs
20:13:50.123 [ForkJoinPool-1-worker-13] INFO  com.intuit.karate - [print] testing xlinkurl:http://www.eionet.europa.eu/gemet/nl/inspire-theme/sd
20:13:50.158 [ForkJoinPool-1-worker-3] INFO  com.intuit.karate - [print] [
  "http://www.eionet.europa.eu/gemet/nl/inspire-theme/so"
]

20:13:50.161 [ForkJoinPool-1-worker-3] INFO  com.intuit.karate - [print]
20:13:50.161 [ForkJoinPool-1-worker-3] INFO  com.intuit.karate - [print] testing xlinkurl:http://www.eionet.europa.eu/gemet/nl/inspire-theme/so
20:13:50.283 [ForkJoinPool-1-worker-31] INFO  com.intuit.karate - [print] [
  "http://www.eionet.europa.eu/gemet/nl/inspire-theme/sr"
]

20:13:50.289 [ForkJoinPool-1-worker-31] INFO  com.intuit.karate - [print]
20:13:50.290 [ForkJoinPool-1-worker-31] INFO  com.intuit.karate - [print] testing xlinkurl:http://www.eionet.europa.eu/gemet/nl/inspire-theme/sr
20:13:50.768 [ForkJoinPool-1-worker-9] INFO  com.intuit.karate - [print] [
  "http://www.eionet.europa.eu/gemet/nl/inspire-theme/su"
]

20:13:50.776 [ForkJoinPool-1-worker-9] INFO  com.intuit.karate - [print]
20:13:50.776 [ForkJoinPool-1-worker-9] INFO  com.intuit.karate - [print] testing xlinkurl:http://www.eionet.europa.eu/gemet/nl/inspire-theme/su
20:13:50.780 [ForkJoinPool-1-worker-17] INFO  com.intuit.karate - [print] [
  "http://www.eionet.europa.eu/gemet/nl/inspire-theme/tn"
]

20:13:50.784 [ForkJoinPool-1-worker-17] INFO  com.intuit.karate - [print]
20:13:50.784 [ForkJoinPool-1-worker-17] INFO  com.intuit.karate - [print] testing xlinkurl:http://www.eionet.europa.eu/gemet/nl/inspire-theme/tn
20:13:50.812 [ForkJoinPool-1-worker-13] INFO  com.intuit.karate - [print] [
  "http://www.eionet.europa.eu/gemet/nl/inspire-theme/us"
]

20:13:50.817 [ForkJoinPool-1-worker-13] INFO  com.intuit.karate - [print]
20:13:50.819 [ForkJoinPool-1-worker-13] INFO  com.intuit.karate - [print] testing xlinkurl:http://www.eionet.europa.eu/gemet/nl/inspire-theme/us
20:13:50.838 [ForkJoinPool-1-worker-27] INFO  com.intuit.karate - [print] [
  "http://www.iana.org/assignments/media-types/application/gml+xml"
]

20:13:50.843 [ForkJoinPool-1-worker-3] INFO  com.intuit.karate - [print] [
  "http://www.nationaalgeoregister.nl/geonetwork/srv/dut/catalog.search#/metadata/a04afee4-47d5-45b7-b7a0-a6f86106af11"
]

20:13:50.846 [ForkJoinPool-1-worker-3] INFO  com.intuit.karate - [print]
20:13:50.847 [ForkJoinPool-1-worker-3] INFO  com.intuit.karate - [print] testing xlinkurl:http://www.nationaalgeoregister.nl/geonetwork/srv/dut/catalog.search#/metadata/a04afee4-47d5-45b7-b7a0-a6f86106af11
20:13:50.848 [ForkJoinPool-1-worker-27] INFO  com.intuit.karate - [print]
20:13:50.848 [ForkJoinPool-1-worker-27] INFO  com.intuit.karate - [print] testing xlinkurl:http://www.iana.org/assignments/media-types/application/gml+xml
20:13:50.969 [ForkJoinPool-1-worker-31] INFO  com.intuit.karate - [print] [
  "http://www.opengeospatial.org/standards/sos"
]

20:13:50.974 [ForkJoinPool-1-worker-31] INFO  com.intuit.karate - [print]
20:13:50.974 [ForkJoinPool-1-worker-31] INFO  com.intuit.karate - [print] testing xlinkurl:http://www.opengeospatial.org/standards/sos
20:13:51.015 [ForkJoinPool-1-worker-27] INFO  com.intuit.karate - [print] [
  "http://www.opengeospatial.org/standards/wcs"
]

20:13:51.020 [ForkJoinPool-1-worker-27] INFO  com.intuit.karate - [print]
20:13:51.021 [ForkJoinPool-1-worker-27] INFO  com.intuit.karate - [print] testing xlinkurl:http://www.opengeospatial.org/standards/wcs
20:13:51.073 [ForkJoinPool-1-worker-19] INFO  com.intuit.karate - [print] [
  "http://www.opengeospatial.org/standards/wfs"
]

20:13:51.078 [ForkJoinPool-1-worker-19] INFO  com.intuit.karate - [print]
20:13:51.079 [ForkJoinPool-1-worker-19] INFO  com.intuit.karate - [print] testing xlinkurl:http://www.opengeospatial.org/standards/wfs
20:13:51.107 [ForkJoinPool-1-worker-23] INFO  com.intuit.karate - [print] [
  "http://www.opengeospatial.org/standards/wms"
]

20:13:51.113 [ForkJoinPool-1-worker-23] INFO  com.intuit.karate - [print]
20:13:51.113 [ForkJoinPool-1-worker-23] INFO  com.intuit.karate - [print] testing xlinkurl:http://www.opengeospatial.org/standards/wms
20:13:51.348 [ForkJoinPool-1-worker-3] INFO  com.intuit.karate - [print] [
  "http://www.opengeospatial.org/standards/wmts"
]

20:13:51.352 [ForkJoinPool-1-worker-3] INFO  com.intuit.karate - [print]
20:13:51.353 [ForkJoinPool-1-worker-3] INFO  com.intuit.karate - [print] testing xlinkurl:http://www.opengeospatial.org/standards/wmts
20:13:51.360 [ForkJoinPool-1-worker-27] INFO  com.intuit.karate - [print] [
  "http://www.opengis.net/def/crs/EPSG/0/3034"
]

20:13:51.364 [ForkJoinPool-1-worker-27] INFO  com.intuit.karate - [print]
20:13:51.365 [ForkJoinPool-1-worker-27] INFO  com.intuit.karate - [print] testing xlinkurl:http://www.opengis.net/def/crs/EPSG/0/3034
20:13:51.391 [ForkJoinPool-1-worker-31] INFO  com.intuit.karate - [print] [
  "http://www.opengis.net/def/crs/EPSG/0/3035"
]

20:13:51.396 [ForkJoinPool-1-worker-19] INFO  com.intuit.karate - [print] [
  "http://www.opengis.net/def/crs/EPSG/0/3857"
]

20:13:51.397 [ForkJoinPool-1-worker-31] INFO  com.intuit.karate - [print]
20:13:51.397 [ForkJoinPool-1-worker-31] INFO  com.intuit.karate - [print] testing xlinkurl:http://www.opengis.net/def/crs/EPSG/0/3035
20:13:51.400 [ForkJoinPool-1-worker-19] INFO  com.intuit.karate - [print]
20:13:51.401 [ForkJoinPool-1-worker-19] INFO  com.intuit.karate - [print] testing xlinkurl:http://www.opengis.net/def/crs/EPSG/0/3857
20:13:51.447 [ForkJoinPool-1-worker-23] INFO  com.intuit.karate - [print] [
  "http://www.opengis.net/def/crs/EPSG/0/4258"
]

20:13:51.453 [ForkJoinPool-1-worker-23] INFO  com.intuit.karate - [print]
20:13:51.458 [ForkJoinPool-1-worker-23] INFO  com.intuit.karate - [print] testing xlinkurl:http://www.opengis.net/def/crs/EPSG/0/4258
20:13:51.475 [ForkJoinPool-1-worker-17] INFO  com.intuit.karate - [print] [
  "http://www.opengis.net/def/crs/EPSG/0/4326"
]

20:13:51.479 [ForkJoinPool-1-worker-17] INFO  com.intuit.karate - [print]
20:13:51.479 [ForkJoinPool-1-worker-17] INFO  com.intuit.karate - [print] testing xlinkurl:http://www.opengis.net/def/crs/EPSG/0/4326
20:13:51.487 [ForkJoinPool-1-worker-9] INFO  com.intuit.karate - [print] [
  "http://www.opengis.net/def/crs/EPSG/0/5709"
]

20:13:51.491 [ForkJoinPool-1-worker-9] INFO  com.intuit.karate - [print]
20:13:51.491 [ForkJoinPool-1-worker-9] INFO  com.intuit.karate - [print] testing xlinkurl:http://www.opengis.net/def/crs/EPSG/0/5709
20:13:51.535 [ForkJoinPool-1-worker-13] INFO  com.intuit.karate - [print] [
  "http://www.opengis.net/def/crs/EPSG/0/5730"
]

20:13:51.540 [ForkJoinPool-1-worker-13] INFO  com.intuit.karate - [print]
20:13:51.541 [ForkJoinPool-1-worker-13] INFO  com.intuit.karate - [print] testing xlinkurl:http://www.opengis.net/def/crs/EPSG/0/5730
20:13:51.701 [ForkJoinPool-1-worker-3] INFO  com.intuit.karate - [print] [
  "http://www.opengis.net/def/crs/EPSG/0/5861"
]

20:13:51.703 [ForkJoinPool-1-worker-21] INFO  com.intuit.karate - [print] [
  "http://www.opengis.net/def/crs/EPSG/0/23031"
]

20:13:51.707 [ForkJoinPool-1-worker-3] INFO  com.intuit.karate - [print]
20:13:51.708 [ForkJoinPool-1-worker-3] INFO  com.intuit.karate - [print] testing xlinkurl:http://www.opengis.net/def/crs/EPSG/0/5861
20:13:51.709 [ForkJoinPool-1-worker-21] INFO  com.intuit.karate - [print]
20:13:51.709 [ForkJoinPool-1-worker-21] INFO  com.intuit.karate - [print] testing xlinkurl:http://www.opengis.net/def/crs/EPSG/0/23031
20:13:51.813 [ForkJoinPool-1-worker-19] INFO  com.intuit.karate - [print] [
  "http://www.opengis.net/def/crs/EPSG/0/25831"
]

20:13:51.817 [ForkJoinPool-1-worker-19] INFO  com.intuit.karate - [print]
20:13:51.817 [ForkJoinPool-1-worker-19] INFO  com.intuit.karate - [print] testing xlinkurl:http://www.opengis.net/def/crs/EPSG/0/25831
20:13:51.823 [ForkJoinPool-1-worker-17] INFO  com.intuit.karate - [print] [
  "http://www.opengis.net/def/crs/EPSG/0/25832"
]

20:13:51.827 [ForkJoinPool-1-worker-17] INFO  com.intuit.karate - [print]
20:13:51.827 [ForkJoinPool-1-worker-17] INFO  com.intuit.karate - [print] testing xlinkurl:http://www.opengis.net/def/crs/EPSG/0/25832
20:13:51.831 [ForkJoinPool-1-worker-27] INFO  com.intuit.karate - [print] [
  "http://www.opengis.net/def/crs/EPSG/0/28992"
]

20:13:51.835 [ForkJoinPool-1-worker-27] INFO  com.intuit.karate - [print]
20:13:51.836 [ForkJoinPool-1-worker-27] INFO  com.intuit.karate - [print] testing xlinkurl:http://www.opengis.net/def/crs/EPSG/0/28992
20:13:51.840 [ForkJoinPool-1-worker-31] INFO  com.intuit.karate - [print] [
  "http://www.opengis.net/def/crs/EPSG/0/EPSG:4326"
]

20:13:51.843 [ForkJoinPool-1-worker-31] INFO  com.intuit.karate - [print]
20:13:51.844 [ForkJoinPool-1-worker-31] INFO  com.intuit.karate - [print] testing xlinkurl:http://www.opengis.net/def/crs/EPSG/0/EPSG:4326
20:13:51.847 [ForkJoinPool-1-worker-9] INFO  com.intuit.karate - [print] [
  "http://www.opengis.net/def/crs/EPSG/0/EPSG:28992"
]

20:13:51.850 [ForkJoinPool-1-worker-9] INFO  com.intuit.karate - [print]
20:13:51.850 [ForkJoinPool-1-worker-9] INFO  com.intuit.karate - [print] testing xlinkurl:http://www.opengis.net/def/crs/EPSG/0/EPSG:28992
20:13:51.858 [ForkJoinPool-1-worker-23] INFO  com.intuit.karate - [print] [
  "http://www.opengis.net/def/crs/EPSG/0/epsg:28992"
]

20:13:51.861 [ForkJoinPool-1-worker-23] INFO  com.intuit.karate - [print]
20:13:51.861 [ForkJoinPool-1-worker-23] INFO  com.intuit.karate - [print] testing xlinkurl:http://www.opengis.net/def/crs/EPSG/0/epsg:28992
20:13:51.868 [ForkJoinPool-1-worker-13] INFO  com.intuit.karate - [print] [
  "http://www.opengis.net/def/serviceType/ogc/wcs"
]

20:13:51.870 [ForkJoinPool-1-worker-13] INFO  com.intuit.karate - [print]
20:13:51.871 [ForkJoinPool-1-worker-13] INFO  com.intuit.karate - [print] testing xlinkurl:http://www.opengis.net/def/serviceType/ogc/wcs
20:13:52.013 [ForkJoinPool-1-worker-21] INFO  com.intuit.karate - [print] [
  "http://www.opengis.net/def/serviceType/ogc/wfs"
]

20:13:52.019 [ForkJoinPool-1-worker-21] INFO  com.intuit.karate - [print]
20:13:52.019 [ForkJoinPool-1-worker-21] INFO  com.intuit.karate - [print] testing xlinkurl:http://www.opengis.net/def/serviceType/ogc/wfs
20:13:52.021 [ForkJoinPool-1-worker-3] INFO  com.intuit.karate - [print] [
  "http://www.opengis.net/def/serviceType/ogc/wms"
]

20:13:52.024 [ForkJoinPool-1-worker-3] INFO  com.intuit.karate - [print]
20:13:52.025 [ForkJoinPool-1-worker-3] INFO  com.intuit.karate - [print] testing xlinkurl:http://www.opengis.net/def/serviceType/ogc/wms
20:13:52.121 [ForkJoinPool-1-worker-19] INFO  com.intuit.karate - [print] [
  "http://www.opengis.net/def/serviceType/ogc/wmts"
]

20:13:52.126 [ForkJoinPool-1-worker-19] INFO  com.intuit.karate - [print]
20:13:52.126 [ForkJoinPool-1-worker-19] INFO  com.intuit.karate - [print] testing xlinkurl:http://www.opengis.net/def/serviceType/ogc/wmts
20:13:52.232 [ForkJoinPool-1-worker-17] INFO  com.intuit.karate - [print] [
  "http://www.wur.nl/nl/Expertises-Dienstverlening/Onderzoeksinstituten/Environmental-Research.htm"
]

20:13:52.237 [ForkJoinPool-1-worker-17] INFO  com.intuit.karate - [print]
20:13:52.238 [ForkJoinPool-1-worker-17] INFO  com.intuit.karate - [print] testing xlinkurl:http://www.wur.nl/nl/Expertises-Dienstverlening/Onderzoeksinstituten/Environmental-Research.htm
20:13:53.232 [ForkJoinPool-1-worker-27] INFO  com.intuit.karate - [print] [
  "https://ec.europa.eu/eurostat/web/health/data/database"
]

20:13:53.236 [ForkJoinPool-1-worker-31] INFO  com.intuit.karate - [print] [
  "https://geodata.cbs.nl/files/INSPIRE"
]

20:13:53.241 [ForkJoinPool-1-worker-27] INFO  com.intuit.karate - [print]
20:13:53.244 [ForkJoinPool-1-worker-27] INFO  com.intuit.karate - [print] testing xlinkurl:https://ec.europa.eu/eurostat/web/health/data/database
20:13:53.241 [ForkJoinPool-1-worker-31] INFO  com.intuit.karate - [print]
20:13:53.244 [ForkJoinPool-1-worker-31] INFO  com.intuit.karate - [print] testing xlinkurl:https://geodata.cbs.nl/files/INSPIRE
20:13:53.801 [ForkJoinPool-1-worker-9] INFO  com.intuit.karate - [print] [
  "https://geodata.nationaalgeoregister.nl/elu/atom/elu.xml"
]

20:13:53.805 [ForkJoinPool-1-worker-23] INFO  com.intuit.karate - [print] [
  "https://inspire.ec.europa.eu/id/document/tg/au"
]

20:13:53.808 [ForkJoinPool-1-worker-23] INFO  com.intuit.karate - [print]
20:13:53.808 [ForkJoinPool-1-worker-23] INFO  com.intuit.karate - [print] testing xlinkurl:https://inspire.ec.europa.eu/id/document/tg/au
20:13:53.811 [ForkJoinPool-1-worker-9] INFO  com.intuit.karate - [print]
20:13:53.811 [ForkJoinPool-1-worker-9] INFO  com.intuit.karate - [print] testing xlinkurl:https://geodata.nationaalgeoregister.nl/elu/atom/elu.xml
20:13:53.851 [ForkJoinPool-1-worker-27] INFO  com.intuit.karate - [print] [
  "https://inspire.ec.europa.eu/id/document/tg/of"
]

20:13:53.856 [ForkJoinPool-1-worker-27] INFO  com.intuit.karate - [print]
20:13:53.857 [ForkJoinPool-1-worker-27] INFO  com.intuit.karate - [print] testing xlinkurl:https://inspire.ec.europa.eu/id/document/tg/of
20:13:53.885 [ForkJoinPool-1-worker-17] INFO  com.intuit.karate - [print] [
  "https://inspire.ec.europa.eu/id/document/tg/ps"
]

20:13:53.890 [ForkJoinPool-1-worker-17] INFO  com.intuit.karate - [print]
20:13:53.890 [ForkJoinPool-1-worker-17] INFO  com.intuit.karate - [print] testing xlinkurl:https://inspire.ec.europa.eu/id/document/tg/ps
20:13:53.984 [ForkJoinPool-1-worker-13] INFO  com.intuit.karate - [print] [
  "https://inspire.ec.europa.eu/schemas/ps/4.0/ProtectedSites.xsd"
]

20:13:53.989 [ForkJoinPool-1-worker-13] INFO  com.intuit.karate - [print]
20:13:53.990 [ForkJoinPool-1-worker-13] INFO  com.intuit.karate - [print] testing xlinkurl:https://inspire.ec.europa.eu/schemas/ps/4.0/ProtectedSites.xsd
20:13:53.991 [ForkJoinPool-1-worker-21] INFO  com.intuit.karate - [print] [
  "https://nationaalgeoregister.nl/geonetwork/srv/dut/catalog.search#/metadata/d845cef6-0e23-4212-a951-b69763e39ef0"
]

20:13:53.994 [ForkJoinPool-1-worker-19] INFO  com.intuit.karate - [print] [
  "https://ngr.geocat.live/geonetwork/srv/eng/thesaurus.download?ref=external.theme.httpinspireeceuropaeumetadatacodelistSpatialScope-SpatialScope"
]

20:13:53.997 [ForkJoinPool-1-worker-3] INFO  com.intuit.karate - [print] [
  "https://tools.ietf.org/html/rfc4287"
]

20:13:54.003 [ForkJoinPool-1-worker-21] INFO  com.intuit.karate - [print]
20:13:54.004 [ForkJoinPool-1-worker-19] INFO  com.intuit.karate - [print]
20:13:54.005 [ForkJoinPool-1-worker-19] INFO  com.intuit.karate - [print] testing xlinkurl:https://ngr.geocat.live/geonetwork/srv/eng/thesaurus.download?ref=external.theme.httpinspireeceuropaeumetadatacodelistSpatialScope-SpatialScope
20:13:54.003 [ForkJoinPool-1-worker-3] INFO  com.intuit.karate - [print]
20:13:54.004 [ForkJoinPool-1-worker-21] INFO  com.intuit.karate - [print] testing xlinkurl:https://nationaalgeoregister.nl/geonetwork/srv/dut/catalog.search#/metadata/d845cef6-0e23-4212-a951-b69763e39ef0
20:13:54.008 [ForkJoinPool-1-worker-3] INFO  com.intuit.karate - [print] testing xlinkurl:https://tools.ietf.org/html/rfc4287
20:13:54.190 [ForkJoinPool-1-worker-31] INFO  com.intuit.karate - [print] [
  "https://tools.ietf.org/html/rfc5023"
]

20:13:54.195 [ForkJoinPool-1-worker-31] INFO  com.intuit.karate - [print]
20:13:54.196 [ForkJoinPool-1-worker-31] INFO  com.intuit.karate - [print] testing xlinkurl:https://tools.ietf.org/html/rfc5023
20:13:54.333 [ForkJoinPool-1-worker-19] INFO  com.intuit.karate - [print] [
  "https://www.cbs.nl/-/media/cbs/dossiers/nederland%20regionaal/wijk-en-buurtstatistieken/shape%202017%20versie%2020.zip"
]

20:13:54.338 [ForkJoinPool-1-worker-19] INFO  com.intuit.karate - [print]
20:13:54.339 [ForkJoinPool-1-worker-19] INFO  com.intuit.karate - [print] testing xlinkurl:https://www.cbs.nl/-/media/cbs/dossiers/nederland%20regionaal/wijk-en-buurtstatistieken/shape%202017%20versie%2020.zip
20:13:54.355 [ForkJoinPool-1-worker-21] INFO  com.intuit.karate - [print] [
  "https://www.cbs.nl/nl-nl/dossier/nederland-regionaal/geografische-data/wijk-en-buurtkaart-2016"
]

20:13:54.357 [ForkJoinPool-1-worker-9] INFO  com.intuit.karate - [print] [
  "https://www.cbs.nl/nl-nl/dossier/nederland-regionaal/geografische-data/wijk-en-buurtkaart-2018"
]

20:13:54.359 [ForkJoinPool-1-worker-21] INFO  com.intuit.karate - [print]
20:13:54.360 [ForkJoinPool-1-worker-21] INFO  com.intuit.karate - [print] testing xlinkurl:https://www.cbs.nl/nl-nl/dossier/nederland-regionaal/geografische-data/wijk-en-buurtkaart-2016
20:13:54.360 [ForkJoinPool-1-worker-9] INFO  com.intuit.karate - [print]
20:13:54.366 [ForkJoinPool-1-worker-9] INFO  com.intuit.karate - [print] testing xlinkurl:https://www.cbs.nl/nl-nl/dossier/nederland-regionaal/geografische-data/wijk-en-buurtkaart-2018
20:13:54.373 [ForkJoinPool-1-worker-23] INFO  com.intuit.karate - [print] [
  "https://www.cbs.nl/nl-nl/dossier/nederland-regionaal/geografische-data/wijk-en-buurtkaart-2019"
]

20:13:54.377 [ForkJoinPool-1-worker-23] INFO  com.intuit.karate - [print]
20:13:54.377 [ForkJoinPool-1-worker-23] INFO  com.intuit.karate - [print] testing xlinkurl:https://www.cbs.nl/nl-nl/dossier/nederland-regionaal/geografische-data/wijk-en-buurtkaart-2019
20:13:54.409 [ForkJoinPool-1-worker-17] INFO  com.intuit.karate - [print] [
  "https://www.iana.org/assignments/media-types/application/gml+xml"
]

20:13:54.413 [ForkJoinPool-1-worker-17] INFO  com.intuit.karate - [print]
20:13:54.413 [ForkJoinPool-1-worker-17] INFO  com.intuit.karate - [print] testing xlinkurl:https://www.iana.org/assignments/media-types/application/gml+xml
20:13:54.431 [ForkJoinPool-1-worker-13] INFO  com.intuit.karate - [print] [
  "https://www.iana.org/assignments/media-types/application/zip"
]

20:13:54.434 [ForkJoinPool-1-worker-13] INFO  com.intuit.karate - [print]
20:13:54.434 [ForkJoinPool-1-worker-13] INFO  com.intuit.karate - [print] testing xlinkurl:https://www.iana.org/assignments/media-types/application/zip
20:13:54.438 [ForkJoinPool-1-worker-27] INFO  com.intuit.karate - [print] [
  "https://www.iana.org/assignments/media-types/image/png"
]

20:13:54.442 [ForkJoinPool-1-worker-27] INFO  com.intuit.karate - [print]
20:13:54.447 [ForkJoinPool-1-worker-27] INFO  com.intuit.karate - [print] testing xlinkurl:https://www.iana.org/assignments/media-types/image/png
20:13:54.589 [ForkJoinPool-1-worker-17] INFO  com.intuit.karate - [print] [
  "https://www.nationaalgeoregister.nl"
]

20:13:54.594 [ForkJoinPool-1-worker-17] INFO  com.intuit.karate - [print]
20:13:54.595 [ForkJoinPool-1-worker-17] INFO  com.intuit.karate - [print] testing xlinkurl:https://www.nationaalgeoregister.nl
20:13:54.616 [ForkJoinPool-1-worker-13] INFO  com.intuit.karate - [print] [
  "https://www.nationaalgeoregister.nl/geonetwork/srv/dut/catalog.search#/metadata/0d6ccccc-7cfb-4eaa-8dc5-8b433d19b121"
]

20:13:54.620 [ForkJoinPool-1-worker-27] INFO  com.intuit.karate - [print] [
  "https://www.nationaalgeoregister.nl/geonetwork/srv/eng/thesaurus.download?ref=external.theme.httpinspireeceuropaeumetadatacodelistPriorityDataset-PriorityDataset"
]

20:13:54.621 [ForkJoinPool-1-worker-13] INFO  com.intuit.karate - [print]
20:13:54.621 [ForkJoinPool-1-worker-13] INFO  com.intuit.karate - [print] testing xlinkurl:https://www.nationaalgeoregister.nl/geonetwork/srv/dut/catalog.search#/metadata/0d6ccccc-7cfb-4eaa-8dc5-8b433d19b121
20:13:54.624 [ForkJoinPool-1-worker-27] INFO  com.intuit.karate - [print]
20:13:54.624 [ForkJoinPool-1-worker-27] INFO  com.intuit.karate - [print] testing xlinkurl:https://www.nationaalgeoregister.nl/geonetwork/srv/eng/thesaurus.download?ref=external.theme.httpinspireeceuropaeumetadatacodelistPriorityDataset-PriorityDataset
20:13:54.841 [ForkJoinPool-1-worker-19] INFO  com.intuit.karate - [print] [
  "https://www.nationaalgeoregister.nl/geonetwork/srv/eng/thesaurus.download?ref=external.theme.httpinspireeceuropaeumetadatacodelistSpatialScope-SpatialScope"
]

20:13:54.848 [ForkJoinPool-1-worker-19] INFO  com.intuit.karate - [print]
20:13:54.848 [ForkJoinPool-1-worker-19] INFO  com.intuit.karate - [print] testing xlinkurl:https://www.nationaalgeoregister.nl/geonetwork/srv/eng/thesaurus.download?ref=external.theme.httpinspireeceuropaeumetadatacodelistSpatialScope-SpatialScope
20:13:54.883 [ForkJoinPool-1-worker-21] INFO  com.intuit.karate - [print] [
  "https://www.nationaalgeoregister.nl/geonetwork/srv/eng/thesaurus.download?ref=external.theme.httpinspireeceuropaeutheme-theme"
]

20:13:54.887 [ForkJoinPool-1-worker-21] INFO  com.intuit.karate - [print]
20:13:54.887 [ForkJoinPool-1-worker-21] INFO  com.intuit.karate - [print] testing xlinkurl:https://www.nationaalgeoregister.nl/geonetwork/srv/eng/thesaurus.download?ref=external.theme.httpinspireeceuropaeutheme-theme
20:13:54.904 [ForkJoinPool-1-worker-27] INFO  com.intuit.karate - [print] [
  "https://www.nationaalgeoregister.nl:443/geonetwork/srv/eng/thesaurus.download?ref=external.theme.httpinspireeceuropaeuapplicationschema-applicationschema"
]

20:13:54.907 [ForkJoinPool-1-worker-27] INFO  com.intuit.karate - [print]
20:13:54.908 [ForkJoinPool-1-worker-27] INFO  com.intuit.karate - [print] testing xlinkurl:https://www.nationaalgeoregister.nl:443/geonetwork/srv/eng/thesaurus.download?ref=external.theme.httpinspireeceuropaeuapplicationschema-applicationschema
20:13:54.912 [ForkJoinPool-1-worker-9] INFO  com.intuit.karate - [print] [
  "https://www.nationaalgeoregister.nl:443/geonetwork/srv/eng/thesaurus.download?ref=external.theme.httpinspireeceuropaeumetadatacodelistPriorityDataset-PriorityDataset"
]

20:13:54.915 [ForkJoinPool-1-worker-9] INFO  com.intuit.karate - [print]
20:13:54.915 [ForkJoinPool-1-worker-9] INFO  com.intuit.karate - [print] testing xlinkurl:https://www.nationaalgeoregister.nl:443/geonetwork/srv/eng/thesaurus.download?ref=external.theme.httpinspireeceuropaeumetadatacodelistPriorityDataset-PriorityDataset
20:13:54.939 [ForkJoinPool-1-worker-13] INFO  com.intuit.karate - [print] [
  "https://www.nationaalgeoregister.nl:443/geonetwork/srv/eng/thesaurus.download?ref=external.theme.httpinspireeceuropaeumetadatacodelistSpatialScope-SpatialScope"
]

20:13:54.947 [ForkJoinPool-1-worker-13] INFO  com.intuit.karate - [print]
20:13:54.948 [ForkJoinPool-1-worker-13] INFO  com.intuit.karate - [print] testing xlinkurl:https://www.nationaalgeoregister.nl:443/geonetwork/srv/eng/thesaurus.download?ref=external.theme.httpinspireeceuropaeumetadatacodelistSpatialScope-SpatialScope
20:13:54.984 [ForkJoinPool-1-worker-23] INFO  com.intuit.karate - [print] [
  "https://www.nationaalgeoregister.nl:443/geonetwork/srv/eng/thesaurus.download?ref=external.theme.httpinspireeceuropaeutheme-theme"
]

20:13:54.988 [ForkJoinPool-1-worker-23] INFO  com.intuit.karate - [print]
20:13:54.988 [ForkJoinPool-1-worker-23] INFO  com.intuit.karate - [print] testing xlinkurl:https://www.nationaalgeoregister.nl:443/geonetwork/srv/eng/thesaurus.download?ref=external.theme.httpinspireeceuropaeutheme-theme
20:13:57.500 [pool-1-thread-1] INFO  com.intuit.karate.Runner - <<fail>> feature 1 of 6: classpath:InspireTest/ngr/datasetrecords/check-known-links.feature
---------------------------------------------------------
feature: classpath:InspireTest/ngr/datasetrecords/check-known-links.feature
report: target/surefire-reports/InspireTest.ngr.datasetrecords.check-known-links.json
scenarios: 177 | passed: 168 | failed:  9 | time: 797.6568
---------------------------------------------------------
20:14:42.032 [pool-1-thread-2] INFO  com.intuit.karate - [print] {
  "register": {
    "submitter": "Nominated submitting organisations for the central INSPIRE registers and INSPIRE register federation",
    "license": {
      "label": "Europa Legal Notice",
      "uri": "http://ec.europa.eu/geninfo/legal_notices_nl.htm"
    },
    "registry": {
      "id": "http://inspire.ec.europa.eu/registry",
      "label": {
        "text": "INSPIRE register",
        "lang": "nl"
      }
    },
    "containeditems": [
      {
        "metadata-codelist": {
          "itemclass": {
            "id": "MetadataCodeList",
            "label": {
              "text": "Metadata Code list",
              "lang": "nl"
            }
          },
          "id": "http://inspire.ec.europa.eu/metadata-codelist/ResourceType",
          "label": {
            "text": "Type bron",
            "lang": "nl"
          },
          "version": "0",
          "status": {
            "id": "http://inspire.ec.europa.eu/registry/status/valid",
            "label": {
              "text": "Geldig",
              "lang": "nl"
            }
          },
          "register": {
            "registry": {
              "id": "http://inspire.ec.europa.eu/registry",
              "label": {
                "text": "INSPIRE register",
                "lang": "nl"
              }
            },
            "id": "http://inspire.ec.europa.eu/metadata-codelist",
            "label": {
              "text": "INSPIRE metadata code list register",
              "lang": "nl"
            }
          }
        }
      },
      {
        "metadata-codelist": {
          "itemclass": {
            "id": "MetadataCodeList",
            "label": {
              "text": "Metadata Code list",
              "lang": "nl"
            }
          },
          "id": "http://inspire.ec.europa.eu/metadata-codelist/TopicCategory",
          "label": {
            "text": "Onderwerpcategoriecn overeenkomstig EN ISO 19115",
            "lang": "nl"
          },
          "version": "0",
          "status": {
            "id": "http://inspire.ec.europa.eu/registry/status/valid",
            "label": {
              "text": "Geldig",
              "lang": "nl"
            }
          },
          "register": {
            "registry": {
              "id": "http://inspire.ec.europa.eu/registry",
              "label": {
                "text": "INSPIRE register",
                "lang": "nl"
              }
            },
            "id": "http://inspire.ec.europa.eu/metadata-codelist",
            "label": {
              "text": "INSPIRE metadata code list register",
              "lang": "nl"
            }
          }
        }
      },
      {
        "metadata-codelist": {
          "itemclass": {
            "id": "MetadataCodeList",
            "label": {
              "text": "Metadata Code list",
              "lang": "nl"
            }
          },
          "id": "http://inspire.ec.europa.eu/metadata-codelist/SpatialDataServiceType",
          "label": {
            "text": "Type dienst met betrekking tot ruimtelijke gegevens",
            "lang": "nl"
          },
          "version": "0",
          "status": {
            "id": "http://inspire.ec.europa.eu/registry/status/valid",
            "label": {
              "text": "Geldig",
              "lang": "nl"
            }
          },
          "register": {
            "registry": {
              "id": "http://inspire.ec.europa.eu/registry",
              "label": {
                "text": "INSPIRE register",
                "lang": "nl"
              }
            },
            "id": "http://inspire.ec.europa.eu/metadata-codelist",
            "label": {
              "text": "INSPIRE metadata code list register",
              "lang": "nl"
            }
          }
        }
      },
      {
        "metadata-codelist": {
          "itemclass": {
            "id": "MetadataCodeList",
            "label": {
              "text": "Metadata Code list",
              "lang": "nl"
            }
          },
          "definition": {
            "text": "De trefwoorden zijn gebaseerd op de taxonomie voor geografische diensten (EN ISO 19119). Deze taxonomie bestaat uit categorieC+n; de subcategorieC+n definiC+ren het waardedomein van de classificatie van ruimtelijke-gegevensdiensten.",
            "lang": "nl"
          },
          "id": "http://inspire.ec.europa.eu/metadata-codelist/SpatialDataServiceCategory",
          "label": {
            "text": "Classificatie van diensten met betrekking tot ruimtelijke gegevens",
            "lang": "nl"
          },
          "version": "0",
          "status": {
            "id": "http://inspire.ec.europa.eu/registry/status/valid",
            "label": {
              "text": "Geldig",
              "lang": "nl"
            }
          },
          "register": {
            "registry": {
              "id": "http://inspire.ec.europa.eu/registry",
              "label": {
                "text": "INSPIRE register",
                "lang": "nl"
              }
            },
            "id": "http://inspire.ec.europa.eu/metadata-codelist",
            "label": {
              "text": "INSPIRE metadata code list register",
              "lang": "nl"
            }
          }
        }
      },
      {
        "metadata-codelist": {
          "itemclass": {
            "id": "MetadataCodeList",
            "label": {
              "text": "Metadata Code list",
              "lang": "nl"
            }
          },
          "id": "http://inspire.ec.europa.eu/metadata-codelist/DegreeOfConformity",
          "label": {
            "text": "Conformiteitsindicatie",
            "lang": "nl"
          },
          "version": "0",
          "status": {
            "id": "http://inspire.ec.europa.eu/registry/status/valid",
            "label": {
              "text": "Geldig",
              "lang": "nl"
            }
          },
          "register": {
            "registry": {
              "id": "http://inspire.ec.europa.eu/registry",
              "label": {
                "text": "INSPIRE register",
                "lang": "nl"
              }
            },
            "id": "http://inspire.ec.europa.eu/metadata-codelist",
            "label": {
              "text": "INSPIRE metadata code list register",
              "lang": "nl"
            }
          }
        }
      },
      {
        "metadata-codelist": {
          "itemclass": {
            "id": "MetadataCodeList",
            "label": {
              "text": "Metadata Code list",
              "lang": "nl"
            }
          },
          "id": "http://inspire.ec.europa.eu/metadata-codelist/ResponsiblePartyRole",
          "label": {
            "text": "Rol van de verantwoordelijke partij",
            "lang": "nl"
          },
          "version": "0",
          "status": {
            "id": "http://inspire.ec.europa.eu/registry/status/valid",
            "label": {
              "text": "Geldig",
              "lang": "nl"
            }
          },
          "register": {
            "registry": {
              "id": "http://inspire.ec.europa.eu/registry",
              "label": {
                "text": "INSPIRE register",
                "lang": "nl"
              }
            },
            "id": "http://inspire.ec.europa.eu/metadata-codelist",
            "label": {
              "text": "INSPIRE metadata code list register",
              "lang": "nl"
            }
          }
        }
      },
      {
        "metadata-codelist": {
          "itemclass": {
            "id": "MetadataCodeList",
            "label": {
              "text": "Metadata Code list",
              "lang": "nl"
            }
          },
          "id": "http://inspire.ec.europa.eu/metadata-codelist/LimitationsOnPublicAccess",
          "label": {
            "text": "Beperkingen op openbare toegang",
            "lang": "nl"
          },
          "version": "0",
          "status": {
            "id": "http://inspire.ec.europa.eu/registry/status/valid",
            "label": {
              "text": "Geldig",
              "lang": "nl"
            }
          },
          "register": {
            "registry": {
              "id": "http://inspire.ec.europa.eu/registry",
              "label": {
                "text": "INSPIRE register",
                "lang": "nl"
              }
            },
            "id": "http://inspire.ec.europa.eu/metadata-codelist",
            "label": {
              "text": "INSPIRE metadata code list register",
              "lang": "nl"
            }
          }
        }
      },
      {
        "metadata-codelist": {
          "itemclass": {
            "id": "MetadataCodeList",
            "label": {
              "text": "Metadata Code list",
              "lang": "nl"
            }
          },
          "id": "http://inspire.ec.europa.eu/metadata-codelist/ConditionsApplyingToAccessAndUse",
          "label": {
            "text": "Voorwaarden voor toegang en gebruik",
            "lang": "nl"
          },
          "version": "0",
          "status": {
            "id": "http://inspire.ec.europa.eu/registry/status/valid",
            "label": {
              "text": "Geldig",
              "lang": "nl"
            }
          },
          "register": {
            "registry": {
              "id": "http://inspire.ec.europa.eu/registry",
              "label": {
                "text": "INSPIRE register",
                "lang": "nl"
              }
            },
            "id": "http://inspire.ec.europa.eu/metadata-codelist",
            "label": {
              "text": "INSPIRE metadata code list register",
              "lang": "nl"
            }
          }
        }
      },
      {
        "metadata-codelist": {
          "itemclass": {
            "id": "MetadataCodeList",
            "label": {
              "text": "Metadata Code list",
              "lang": "nl"
            }
          },
          "id": "http://inspire.ec.europa.eu/metadata-codelist/QualityOfServiceCriteria",
          "label": {
            "text": "Service kwaliteit criteria code",
            "lang": "nl"
          },
          "version": "0",
          "status": {
            "id": "http://inspire.ec.europa.eu/registry/status/valid",
            "label": {
              "text": "Geldig",
              "lang": "nl"
            }
          },
          "register": {
            "registry": {
              "id": "http://inspire.ec.europa.eu/registry",
              "label": {
                "text": "INSPIRE register",
                "lang": "nl"
              }
            },
            "id": "http://inspire.ec.europa.eu/metadata-codelist",
            "label": {
              "text": "INSPIRE metadata code list register",
              "lang": "nl"
            }
          }
        }
      },
      {
        "metadata-codelist": {
          "itemclass": {
            "id": "MetadataCodeList",
            "label": {
              "text": "Metadata Code list",
              "lang": "nl"
            }
          },
          "definition": {
            "text": "Code describing the type of resource given in the Resource Locator metadata element.",
            "lang": "en"
          },
          "id": "http://inspire.ec.europa.eu/metadata-codelist/OnLineDescriptionCode",
          "label": {
            "text": "Online description code",
            "lang": "en"
          },
          "version": "0",
          "status": {
            "id": "http://inspire.ec.europa.eu/registry/status/valid",
            "label": {
              "text": "Geldig",
              "lang": "nl"
            }
          },
          "register": {
            "registry": {
              "id": "http://inspire.ec.europa.eu/registry",
              "label": {
                "text": "INSPIRE register",
                "lang": "nl"
              }
            },
            "id": "http://inspire.ec.europa.eu/metadata-codelist",
            "label": {
              "text": "INSPIRE metadata code list register",
              "lang": "nl"
            }
          }
        }
      },
      {
        "metadata-codelist": {
          "itemclass": {
            "id": "MetadataCodeList",
            "label": {
              "text": "Metadata Code list",
              "lang": "nl"
            }
          },
          "definition": {
            "text": "Lijst met datasets die gerelateerd zijn aan milieurapportage, die stapsgewijs door de lidstaten via de Europese infrastructuur voor ruimtelijke informatie beschikbaar moeten worden gesteld. Deze lijst geeft ook de lacunes in data weer die zijn geïdentificeerd tijdens de evaluatie van de implementatie en de geschiktheid van de richtlijn voor het beoogde doel (de zogenoemde REFIT evaluatie).",
            "lang": "nl"
          },
          "id": "http://inspire.ec.europa.eu/metadata-codelist/PriorityDataset",
          "label": {
            "text": "INSPIRE prioritaire dataset",
            "lang": "nl"
          },
          "version": "0",
          "status": {
            "id": "http://inspire.ec.europa.eu/registry/status/valid",
            "label": {
              "text": "Geldig",
              "lang": "nl"
            }
          },
          "register": {
            "registry": {
              "id": "http://inspire.ec.europa.eu/registry",
              "label": {
                "text": "INSPIRE register",
                "lang": "nl"
              }
            },
            "id": "http://inspire.ec.europa.eu/metadata-codelist",
            "label": {
              "text": "INSPIRE metadata code list register",
              "lang": "nl"
            }
          }
        }
      },
      {
        "metadata-codelist": {
          "itemclass": {
            "id": "MetadataCodeList",
            "label": {
              "text": "Metadata Code list",
              "lang": "nl"
            }
          },
          "description": {
            "text": "The spatial scope can be different from the actual geographical coverage, e.g. a national coastline data set may cover only a fraction of the full spatial extent of a country.\n The spatial scope of the data set does not necessarily reflect the administrative level responsible for collecting and maintaining the data, e.g. the responsibility for maintaining the data inside the national address data set can be at regional or local level.\n The code list contains values governed at the level of INSPIRE legal acts (governance level: Legal (EU)) and values governed at the level of INSPIRE Technical Guidelines (governance level: Technical (EU)). The former directly support the INSPIRE Monitoring and Reporting Decision, while the latter  provide additional options for tagging other data sets.",
            "lang": "en"
          },
          "definition": {
            "text": "Administrative level that the data set intends to cover.",
            "lang": "en"
          },
          "id": "http://inspire.ec.europa.eu/metadata-codelist/SpatialScope",
          "label": {
            "text": "Ruimtelijke dekking",
            "lang": "nl"
          },
          "version": "0",
          "status": {
            "id": "http://inspire.ec.europa.eu/registry/status/valid",
            "label": {
              "text": "Geldig",
              "lang": "nl"
            }
          },
          "register": {
            "registry": {
              "id": "http://inspire.ec.europa.eu/registry",
              "label": {
                "text": "INSPIRE register",
                "lang": "nl"
              }
            },
            "id": "http://inspire.ec.europa.eu/metadata-codelist",
            "label": {
              "text": "INSPIRE metadata code list register",
              "lang": "nl"
            }
          }
        }
      },
      {
        "metadata-codelist": {
          "itemclass": {
            "id": "MetadataCodeList",
            "label": {
              "text": "Metadata Code list",
              "lang": "nl"
            }
          },
          "description": {
            "text": "This code list is the result of the 'simplification of data-service linkages' activity performed in the context of the MIG-T data simplification action(2019.2).",
            "lang": "en"
          },
          "definition": {
            "text": "Set of OGC and RFC services that are in the scope of INSPIRE. This list aims at the better identification of the network services described within the metadata records.",
            "lang": "en"
          },
          "id": "http://inspire.ec.europa.eu/metadata-codelist/ProtocolValue",
          "label": {
            "text": "INSPIRE Protocol values",
            "lang": "en"
          },
          "version": "0",
          "status": {
            "id": "http://inspire.ec.europa.eu/registry/status/valid",
            "label": {
              "text": "Geldig",
              "lang": "nl"
            }
          },
          "register": {
            "registry": {
              "id": "http://inspire.ec.europa.eu/registry",
              "label": {
                "text": "INSPIRE register",
                "lang": "nl"
              }
            },
            "id": "http://inspire.ec.europa.eu/metadata-codelist",
            "label": {
              "text": "INSPIRE metadata code list register",
              "lang": "nl"
            }
          }
        }
      }
    ],
    "contentsummary": {
      "text": "The INSPIRE metadata code list register contains the code lists and their values, as defined in the INSPIRE implementing rules on metadata (Commission Regulation (EC) No 1205/2008).",
      "lang": "nl"
    },
    "registermanager": "Europese Commissie, Gemeenschappelijk Centrum voor onderzoek",
    "contactpoint": {
      "label": "JRC INSPIRE Registry Team",
      "email": "inspire-registry-dev@jrc.ec.europa.eu"
    },
    "language": "nl",
    "registerowner": "Europese Unie",
    "id": "http://inspire.ec.europa.eu/metadata-codelist",
    "label": {
      "text": "INSPIRE metadata code list register",
      "lang": "nl"
    },
    "registercontrolbody": "Control body for the central INSPIRE registers and INSPIRE register federation"
  }
}

20:14:42.075 [pool-1-thread-2] INFO  com.intuit.karate - [print] [
  "http://inspire.ec.europa.eu/metadata-codelist/ResourceType",
  "http://inspire.ec.europa.eu/metadata-codelist/TopicCategory",
  "http://inspire.ec.europa.eu/metadata-codelist/SpatialDataServiceType",
  "http://inspire.ec.europa.eu/metadata-codelist/SpatialDataServiceCategory",
  "http://inspire.ec.europa.eu/metadata-codelist/DegreeOfConformity",
  "http://inspire.ec.europa.eu/metadata-codelist/ResponsiblePartyRole",
  "http://inspire.ec.europa.eu/metadata-codelist/LimitationsOnPublicAccess",
  "http://inspire.ec.europa.eu/metadata-codelist/ConditionsApplyingToAccessAndUse",
  "http://inspire.ec.europa.eu/metadata-codelist/QualityOfServiceCriteria",
  "http://inspire.ec.europa.eu/metadata-codelist/OnLineDescriptionCode",
  "http://inspire.ec.europa.eu/metadata-codelist/PriorityDataset",
  "http://inspire.ec.europa.eu/metadata-codelist/SpatialScope",
  "http://inspire.ec.europa.eu/metadata-codelist/ProtocolValue"
]

20:14:42.083 [pool-1-thread-2] INFO  com.intuit.karate - << lock released, cached callonce: read('def/getcswbriefrecords.feature')
20:14:42.086 [pool-1-thread-2] INFO  com.intuit.karate - [print] {
  "responseTime": 436,
  "inspirecodelist": [
    "http://inspire.ec.europa.eu/metadata-codelist/ResourceType",
    "http://inspire.ec.europa.eu/metadata-codelist/TopicCategory",
    "http://inspire.ec.europa.eu/metadata-codelist/SpatialDataServiceType",
    "http://inspire.ec.europa.eu/metadata-codelist/SpatialDataServiceCategory",
    "http://inspire.ec.europa.eu/metadata-codelist/DegreeOfConformity",
    "http://inspire.ec.europa.eu/metadata-codelist/ResponsiblePartyRole",
    "http://inspire.ec.europa.eu/metadata-codelist/LimitationsOnPublicAccess",
    "http://inspire.ec.europa.eu/metadata-codelist/ConditionsApplyingToAccessAndUse",
    "http://inspire.ec.europa.eu/metadata-codelist/QualityOfServiceCriteria",
    "http://inspire.ec.europa.eu/metadata-codelist/OnLineDescriptionCode",
    "http://inspire.ec.europa.eu/metadata-codelist/PriorityDataset",
    "http://inspire.ec.europa.eu/metadata-codelist/SpatialScope",
    "http://inspire.ec.europa.eu/metadata-codelist/ProtocolValue"
  ],
  "env": "dev",
  "knownlinks": [
    "http://creativecommons.org/licenses/by/3.0/deed.nl",
    "http://creativecommons.org/licenses/by/3.0/nl/",
    "http://creativecommons.org/licenses/by/4.0/deed.nl",
    "http://creativecommons.org/publicdomain/mark/1.0/deed.nl",
    "http://creativecommons.org/publicdomain/zero/1.0/deed.nl",
    "http://data.europa.eu/eli/reg/2010/1089",
    "http://inspire.ec.europa.eu/applicationschema",
    "http://inspire.ec.europa.eu/applicationschema/of",
    "http://inspire.ec.europa.eu/id/document/tg/am",
    "http://inspire.ec.europa.eu/id/document/tg/au",
    "http://inspire.ec.europa.eu/id/document/tg/ef",
    "http://inspire.ec.europa.eu/id/document/tg/el",
    "http://inspire.ec.europa.eu/id/document/tg/hh",
    "http://inspire.ec.europa.eu/id/document/tg/hy",
    "http://inspire.ec.europa.eu/id/document/tg/nz",
    "http://inspire.ec.europa.eu/id/document/tg/of",
    "http://inspire.ec.europa.eu/id/document/tg/pf",
    "http://inspire.ec.europa.eu/id/document/tg/ps",
    "http://inspire.ec.europa.eu/id/document/tg/tn",
    "http://inspire.ec.europa.eu/id/document/tg/us",
    "http://inspire.ec.europa.eu/media-types/application/x-shapefile",
    "http://inspire.ec.europa.eu/metadata-codelist/ConditionsApplyingToAccessAndUse/noConditionsApply",
    "http://inspire.ec.europa.eu/metadata-codelist/LimitationsOnPublicAccess/INSPIRE_Directive_Article13_1f",
    "http://inspire.ec.europa.eu/metadata-codelist/LimitationsOnPublicAccess/noLimitations",
    "http://inspire.ec.europa.eu/metadata-codelist/OnLineDescriptionCode/accessPoint",
    "http://inspire.ec.europa.eu/metadata-codelist/OnLineDescriptionCode/endPoint",
    "http://inspire.ec.europa.eu/metadata-codelist/PriorityDataset",
    "http://inspire.ec.europa.eu/metadata-codelist/PriorityDataset#",
    "http://inspire.ec.europa.eu/metadata-codelist/PriorityDataset/ActualPollutantReleases-reg-2006-166",
    "http://inspire.ec.europa.eu/metadata-codelist/PriorityDataset/Agglomerations-dir-1991-271",
    "http://inspire.ec.europa.eu/metadata-codelist/PriorityDataset/BirdSpeciesDistribution-dir-2009-147",
    "http://inspire.ec.europa.eu/metadata-codelist/PriorityDataset/BirdsRange-dir-2009-147",
    "http://inspire.ec.europa.eu/metadata-codelist/PriorityDataset/CoastalWaters-dir-2000-60",
    "http://inspire.ec.europa.eu/metadata-codelist/PriorityDataset/DischargePointsToReceivingWaters-dir-1991-271",
    "http://inspire.ec.europa.eu/metadata-codelist/PriorityDataset/DrinkingWaterAbstractionPoints-dir-1998-83",
    "http://inspire.ec.europa.eu/metadata-codelist/PriorityDataset/EstablishmentsInvolvingDangerousSubstances-dir-2012-18",
    "http://inspire.ec.europa.eu/metadata-codelist/PriorityDataset/FloodedAreas-dir-2007-60",
    "http://inspire.ec.europa.eu/metadata-codelist/PriorityDataset/FloodRiskZones-dir-2007-60",
    "http://inspire.ec.europa.eu/metadata-codelist/PriorityDataset/HabitatTypesDistribution-dir-1992-43",
    "http://inspire.ec.europa.eu/metadata-codelist/PriorityDataset/HabitatTypesRange-dir-1992-43",
    "http://inspire.ec.europa.eu/metadata-codelist/PriorityDataset/IndustrialSites-EURegistry-reg-2006-166",
    "http://inspire.ec.europa.eu/metadata-codelist/PriorityDataset/InvasiveAlienSpeciesDistribution-reg-2014-1143",
    "http://inspire.ec.europa.eu/metadata-codelist/PriorityDataset/Lakes-dir-2000-60",
    "http://inspire.ec.europa.eu/metadata-codelist/PriorityDataset/MajorAirportsNoiseExposureDelineationDEN-dir-2002-49",
    "http://inspire.ec.europa.eu/metadata-codelist/PriorityDataset/MajorAirportsNoiseExposureDelineationNight-dir-2002-49",
    "http://inspire.ec.europa.eu/metadata-codelist/PriorityDataset/MajorRailwaysNoiseExposureDelineationDEN-dir-2002-49",
    "http://inspire.ec.europa.eu/metadata-codelist/PriorityDataset/MajorRailwaysNoiseExposureDelineationNight-dir-2002-49",
    "http://inspire.ec.europa.eu/metadata-codelist/PriorityDataset/MajorRoadsNoiseExposureDelineation-dir-2002-49",
    "http://inspire.ec.europa.eu/metadata-codelist/PriorityDataset/MajorRoadsNoiseExposureDelineationDEN-dir-2002-49",
    "http://inspire.ec.europa.eu/metadata-codelist/PriorityDataset/ManagementUnits-dir-2007-60",
    "http://inspire.ec.europa.eu/metadata-codelist/PriorityDataset/MarineAssessmentUnits-dir-2008-56",
    "http://inspire.ec.europa.eu/metadata-codelist/PriorityDataset/MonitoringStations-dir-2000-60",
    "http://inspire.ec.europa.eu/metadata-codelist/PriorityDataset/MonitoringStations-dir-2008-56",
    "http://inspire.ec.europa.eu/metadata-codelist/PriorityDataset/MSFDReportingUnits-dir-2008-56",
    "http://inspire.ec.europa.eu/metadata-codelist/PriorityDataset/NationallyDesignatedAreasCDDA",
    "http://inspire.ec.europa.eu/metadata-codelist/PriorityDataset/Natura2000Sites-dir-1992-43",
    "http://inspire.ec.europa.eu/metadata-codelist/PriorityDataset/Natura2000Sites-dir-2009-147",
    "http://inspire.ec.europa.eu/metadata-codelist/PriorityDataset/RiverBasinDistricts-dir-2000-60",
    "http://inspire.ec.europa.eu/metadata-codelist/PriorityDataset/RiverBasinDistrictsSubUnits-dir-2000-60",
    "http://inspire.ec.europa.eu/metadata-codelist/PriorityDataset/Rivers-dir-2000-60",
    "http://inspire.ec.europa.eu/metadata-codelist/PriorityDataset/SpeciesDistribution-dir-1992-43",
    "http://inspire.ec.europa.eu/metadata-codelist/PriorityDataset/SpeciesRange-dir-1992-43",
    "http://inspire.ec.europa.eu/metadata-codelist/PriorityDataset/SurfaceWaterBodies-dir-2000-60",
    "http://inspire.ec.europa.eu/metadata-codelist/PriorityDataset/TransitionalWaters-dir-2000-60",
    "http://inspire.ec.europa.eu/metadata-codelist/PriorityDataset/UrbanWasteWaterTreatmentPlants-dir-1991-271",
    "http://inspire.ec.europa.eu/metadata-codelist/SpatialDataServiceType/download",
    "http://inspire.ec.europa.eu/metadata-codelist/SpatialDataServiceType/http://inspire.ec.europa.eu/metadata-codelist/SpatialDataServiceType/download",
    "http://inspire.ec.europa.eu/metadata-codelist/SpatialDataServiceType/other",
    "http://inspire.ec.europa.eu/metadata-codelist/SpatialDataServiceType/view",
    "http://inspire.ec.europa.eu/metadata-codelist/SpatialScope",
    "http://inspire.ec.europa.eu/metadata-codelist/SpatialScope/european",
    "http://inspire.ec.europa.eu/metadata-codelist/SpatialScope/national",
    "http://inspire.ec.europa.eu/schemas/am/4.0/AreaManagementRestrictionRegulationZone.xsd",
    "http://inspire.ec.europa.eu/schemas/ef/4.0/EnvironmentalMonitoringFacilities.xsd",
    "http://inspire.ec.europa.eu/schemas/el-bas/4.0/ElevationBaseTypes.xsd",
    "http://inspire.ec.europa.eu/schemas/hh/4.0/HumanHealth.xsd",
    "http://inspire.ec.europa.eu/schemas/hy-n/4.0/HydroNetwork.xsd",
    "http://inspire.ec.europa.eu/schemas/hy/4.0/HydroBase.xsd",
    "http://inspire.ec.europa.eu/schemas/mu/3.0/MaritimeUnits.xsd",
    "http://inspire.ec.europa.eu/schemas/nz-core/4.0/NaturalRiskZonesCore.xsd",
    "http://inspire.ec.europa.eu/schemas/nz/0.0/NaturalRiskZones.xsd",
    "http://inspire.ec.europa.eu/schemas/of/4.0/OceanFeatures.xsd",
    "http://inspire.ec.europa.eu/schemas/pf/4.0/ProductionAndIndustrialFacilities.xsd",
    "http://inspire.ec.europa.eu/schemas/ps/4.0/ProtectedSites.xsd",
    "http://inspire.ec.europa.eu/schemas/tn-ro/4.0/RoadTransportNetwork.xsd",
    "http://inspire.ec.europa.eu/schemas/tn-w/4.0/WaterTransportNetwork.xsd",
    "http://inspire.ec.europa.eu/schemas/tn/4.0/CommonTransportElements.xsd",
    "http://inspire.ec.europa.eu/schemas/us-govserv/4.0/GovernmentalServices.xsd",
    "http://inspire.ec.europa.eu/theme#",
    "http://standaarden.overheid.nl/owms/terms/Ministerie_van_Economische_Zaken",
    "http://standaarden.overheid.nl/owms/terms/Rijksinstituut_voor_Volksgezondheid_en_Milieu",
    "http://standaarden.overheid.nl/owms/terms/RVO",
    "http://www.eionet.europa.eu/gemet/inspire_themes",
    "http://www.eionet.europa.eu/gemet/nl/inspire-theme/ac",
    "http://www.eionet.europa.eu/gemet/nl/inspire-theme/ad",
    "http://www.eionet.europa.eu/gemet/nl/inspire-theme/af",
    "http://www.eionet.europa.eu/gemet/nl/inspire-theme/am",
    "http://www.eionet.europa.eu/gemet/nl/inspire-theme/au",
    "http://www.eionet.europa.eu/gemet/nl/inspire-theme/bu",
    "http://www.eionet.europa.eu/gemet/nl/inspire-theme/cp",
    "http://www.eionet.europa.eu/gemet/nl/inspire-theme/ef",
    "http://www.eionet.europa.eu/gemet/nl/inspire-theme/er",
    "http://www.eionet.europa.eu/gemet/nl/inspire-theme/ge",
    "http://www.eionet.europa.eu/gemet/nl/inspire-theme/gn",
    "http://www.eionet.europa.eu/gemet/nl/inspire-theme/hb",
    "http://www.eionet.europa.eu/gemet/nl/inspire-theme/hh",
    "http://www.eionet.europa.eu/gemet/nl/inspire-theme/hy",
    "http://www.eionet.europa.eu/gemet/nl/inspire-theme/lc",
    "http://www.eionet.europa.eu/gemet/nl/inspire-theme/lu",
    "http://www.eionet.europa.eu/gemet/nl/inspire-theme/mf",
    "http://www.eionet.europa.eu/gemet/nl/inspire-theme/nz",
    "http://www.eionet.europa.eu/gemet/nl/inspire-theme/of",
    "http://www.eionet.europa.eu/gemet/nl/inspire-theme/oi",
    "http://www.eionet.europa.eu/gemet/nl/inspire-theme/pd",
    "http://www.eionet.europa.eu/gemet/nl/inspire-theme/pf",
    "http://www.eionet.europa.eu/gemet/nl/inspire-theme/ps",
    "http://www.eionet.europa.eu/gemet/nl/inspire-theme/rs",
    "http://www.eionet.europa.eu/gemet/nl/inspire-theme/sd",
    "http://www.eionet.europa.eu/gemet/nl/inspire-theme/so",
    "http://www.eionet.europa.eu/gemet/nl/inspire-theme/sr",
    "http://www.eionet.europa.eu/gemet/nl/inspire-theme/su",
    "http://www.eionet.europa.eu/gemet/nl/inspire-theme/tn",
    "http://www.eionet.europa.eu/gemet/nl/inspire-theme/us",
    "http://www.iana.org/assignments/media-types/application/gml+xml",
    "http://www.nationaalgeoregister.nl/geonetwork/srv/dut/catalog.search#/metadata/a04afee4-47d5-45b7-b7a0-a6f86106af11",
    "http://www.opengeospatial.org/standards/sos",
    "http://www.opengeospatial.org/standards/wcs",
    "http://www.opengeospatial.org/standards/wfs",
    "http://www.opengeospatial.org/standards/wms",
    "http://www.opengeospatial.org/standards/wmts",
    "http://www.opengis.net/def/crs/EPSG/0/3034",
    "http://www.opengis.net/def/crs/EPSG/0/3035",
    "http://www.opengis.net/def/crs/EPSG/0/3857",
    "http://www.opengis.net/def/crs/EPSG/0/4258",
    "http://www.opengis.net/def/crs/EPSG/0/4326",
    "http://www.opengis.net/def/crs/EPSG/0/5709",
    "http://www.opengis.net/def/crs/EPSG/0/5730",
    "http://www.opengis.net/def/crs/EPSG/0/5861",
    "http://www.opengis.net/def/crs/EPSG/0/23031",
    "http://www.opengis.net/def/crs/EPSG/0/25831",
    "http://www.opengis.net/def/crs/EPSG/0/25832",
    "http://www.opengis.net/def/crs/EPSG/0/28992",
    "http://www.opengis.net/def/crs/EPSG/0/EPSG:4326",
    "http://www.opengis.net/def/crs/EPSG/0/EPSG:28992",
    "http://www.opengis.net/def/crs/EPSG/0/epsg:28992",
    "http://www.opengis.net/def/serviceType/ogc/wcs",
    "http://www.opengis.net/def/serviceType/ogc/wfs",
    "http://www.opengis.net/def/serviceType/ogc/wms",
    "http://www.opengis.net/def/serviceType/ogc/wmts",
    "http://www.wur.nl/nl/Expertises-Dienstverlening/Onderzoeksinstituten/Environmental-Research.htm",
    "https://ec.europa.eu/eurostat/web/health/data/database",
    "https://geodata.cbs.nl/files/INSPIRE",
    "https://geodata.nationaalgeoregister.nl/elu/atom/elu.xml",
    "https://inspire.ec.europa.eu/id/document/tg/au",
    "https://inspire.ec.europa.eu/id/document/tg/of",
    "https://inspire.ec.europa.eu/id/document/tg/ps",
    "https://inspire.ec.europa.eu/schemas/ps/4.0/ProtectedSites.xsd",
    "https://nationaalgeoregister.nl/geonetwork/srv/dut/catalog.search#/metadata/d845cef6-0e23-4212-a951-b69763e39ef0",
    "https://ngr.geocat.live/geonetwork/srv/eng/thesaurus.download?ref=external.theme.httpinspireeceuropaeumetadatacodelistSpatialScope-SpatialScope",
    "https://tools.ietf.org/html/rfc4287",
    "https://tools.ietf.org/html/rfc5023",
    "https://www.cbs.nl/-/media/cbs/dossiers/nederland%20regionaal/wijk-en-buurtstatistieken/shape%202017%20versie%2020.zip",
    "https://www.cbs.nl/nl-nl/dossier/nederland-regionaal/geografische-data/wijk-en-buurtkaart-2016",
    "https://www.cbs.nl/nl-nl/dossier/nederland-regionaal/geografische-data/wijk-en-buurtkaart-2018",
    "https://www.cbs.nl/nl-nl/dossier/nederland-regionaal/geografische-data/wijk-en-buurtkaart-2019",
    "https://www.iana.org/assignments/media-types/application/gml+xml",
    "https://www.iana.org/assignments/media-types/application/zip",
    "https://www.iana.org/assignments/media-types/image/png",
    "https://www.nationaalgeoregister.nl",
    "https://www.nationaalgeoregister.nl/geonetwork/srv/dut/catalog.search#/metadata/0d6ccccc-7cfb-4eaa-8dc5-8b433d19b121",
    "https://www.nationaalgeoregister.nl/geonetwork/srv/eng/thesaurus.download?ref=external.theme.httpinspireeceuropaeumetadatacodelistPriorityDataset-PriorityDataset",
    "https://www.nationaalgeoregister.nl/geonetwork/srv/eng/thesaurus.download?ref=external.theme.httpinspireeceuropaeumetadatacodelistSpatialScope-SpatialScope",
    "https://www.nationaalgeoregister.nl/geonetwork/srv/eng/thesaurus.download?ref=external.theme.httpinspireeceuropaeutheme-theme",
    "https://www.nationaalgeoregister.nl:443/geonetwork/srv/eng/thesaurus.download?ref=external.theme.httpinspireeceuropaeuapplicationschema-applicationschema",
    "https://www.nationaalgeoregister.nl:443/geonetwork/srv/eng/thesaurus.download?ref=external.theme.httpinspireeceuropaeumetadatacodelistPriorityDataset-PriorityDataset",
    "https://www.nationaalgeoregister.nl:443/geonetwork/srv/eng/thesaurus.download?ref=external.theme.httpinspireeceuropaeumetadatacodelistSpatialScope-SpatialScope",
    "https://www.nationaalgeoregister.nl:443/geonetwork/srv/eng/thesaurus.download?ref=external.theme.httpinspireeceuropaeutheme-theme"
  ],
  "responseStatus": 200,
  "list": [
    {
      "datasetIdentifierCode": "b61a773c-ecad-4e60-93e9-0a4caac0b52f"
    },
    {
      "datasetIdentifierCode": "fcefa13c-44e2-4953-b6d6-1ddceebc57fc"
    },
    {
      "datasetIdentifierCode": "7dd1fd45-ace5-41e0-93a6-64e3be231717"
    },
    {
      "datasetIdentifierCode": "f99e915a-75e5-4c36-97f2-61eff692d85b"
    },
    {
      "datasetIdentifierCode": "002d9127-c16d-4b8d-9f5e-102a8c8e36c4"
    },
    {
      "datasetIdentifierCode": "3703b249-a0eb-484e-ba7a-10e31a55bcec"
    },
    {
      "datasetIdentifierCode": "977e0e94-7aa9-4784-b2da-eaec44adb61b"
    },
    {
      "datasetIdentifierCode": "3a72b9a4-cda9-11ea-87d0-0242ac130003"
    },
    {
      "datasetIdentifierCode": "e1e99000-ec47-4e9f-84a5-adad24fef0dc"
    },
    {
      "datasetIdentifierCode": "ad6caa40-89ab-47e3-85ab-3f8e32024a71"
    },
    {
      "datasetIdentifierCode": "247a1d15-0a67-40ce-85be-1403c08f15a8"
    },
    {
      "datasetIdentifierCode": "8a4f5c3b-aced-48fd-afb5-f1f1d0ef21d6"
    },
    {
      "datasetIdentifierCode": "8f45b8ef-0ce8-463a-9059-5efdcecb785c"
    },
    {
      "datasetIdentifierCode": "6c06740d-058f-4a12-bb3f-bf68efd03d09"
    },
    {
      "datasetIdentifierCode": "af0c582f-9e6b-46e6-865a-fc3a2d5289b9"
    },
    {
      "datasetIdentifierCode": "9d9f1738-aced-47c9-aaa0-c62474a2dcfb"
    },
    {
      "datasetIdentifierCode": "31de946d-85d4-4c93-bb97-e25f4ef1401a"
    },
    {
      "datasetIdentifierCode": "4b282988-cb91-4bbc-b147-f653014917cb"
    },
    {
      "datasetIdentifierCode": "1c3afc74-cc34-44b7-938a-963e2350795a"
    },
    {
      "datasetIdentifierCode": "3a7dd0a6-d130-4c4c-b0ba-24365cf036e2"
    },
    {
      "datasetIdentifierCode": "d845cef6-0e23-4212-a951-b69763e39ef0"
    },
    {
      "datasetIdentifierCode": "24de356e-ec4d-4a18-9903-6401d222b77c"
    },
    {
      "datasetIdentifierCode": "b3f66964-a8c1-456f-9799-9cafca2cb7b1"
    },
    {
      "datasetIdentifierCode": "844404a2-9cd0-452e-b29a-74588777485a"
    },
    {
      "datasetIdentifierCode": "81ff84ec-42a4-4481-840b-12713bbb5d38"
    },
    {
      "datasetIdentifierCode": "380aa01e-dce7-11e3-9f07-901b0e19e163"
    },
    {
      "datasetIdentifierCode": "a7fb2234-f7b4-4a03-b282-f10947f42fb1"
    },
    {
      "datasetIdentifierCode": "c7662717-9e43-4367-a344-723d73abbb3e"
    },
    {
      "datasetIdentifierCode": "28c4780a-1a44-4376-b283-14a50a481729"
    },
    {
      "datasetIdentifierCode": "80630ee7-3a15-4ea0-bdc0-a8aebfa2f204"
    },
    {
      "datasetIdentifierCode": "8b0b02a0-1e1b-4cda-bcfe-6fa0f738e38f"
    },
    {
      "datasetIdentifierCode": "03671a9e-6aaf-464d-be99-9aad25cef9e3"
    },
    {
      "datasetIdentifierCode": "29d5310f-dd0d-45ba-abad-b4ffc6b8785f"
    },
    {
      "datasetIdentifierCode": "32a21114-8694-40ce-ab76-9dcd885c7861"
    },
    {
      "datasetIdentifierCode": "50a2c5e6-c8e7-425d-854e-26f578196bc9"
    },
    {
      "datasetIdentifierCode": "fe45c540-e37d-11e4-b571-0800200c9a66"
    },
    {
      "datasetIdentifierCode": "b6ee58a1-b097-4c6d-8600-eb81efc1468c"
    },
    {
      "datasetIdentifierCode": "791adbe3-772f-42cb-a3be-5a617bcecef0"
    },
    {
      "datasetIdentifierCode": "7D35598D-DFBF-C64D-0F1A-92A80A45EB14"
    },
    {
      "datasetIdentifierCode": "9986a7ef-e5e2-4a7a-9018-2e1f9631ba8c"
    },
    {
      "datasetIdentifierCode": "df5ee213-e1bd-433b-80f7-4ea20f493ca8"
    },
    {
      "datasetIdentifierCode": "34e6165f-1269-48d1-b255-0f05d163d692"
    },
    {
      "datasetIdentifierCode": "1249746f-c2a6-4639-98f2-251676b3528e"
    },
    {
      "datasetIdentifierCode": "6318009c-7b11-4ab9-9929-735584dfb692"
    },
    {
      "datasetIdentifierCode": "a5241416-8401-4623-be61-57ef50447a41"
    },
    {
      "datasetIdentifierCode": "11a292bd-9022-4a9f-b1bf-02f5c89ad74a"
    },
    {
      "datasetIdentifierCode": "88a3c1ae-902e-4efa-8663-ddd836101929"
    },
    {
      "datasetIdentifierCode": "f605a24f-60cd-4c40-94c8-2186aba3ddd0"
    },
    {
      "datasetIdentifierCode": "76091be7-358a-4a44-8182-b4139c96c6a4"
    },
    {
      "datasetIdentifierCode": "0558a41c-b09a-47fa-b8db-9de6bfe4f494"
    },
    {
      "datasetIdentifierCode": "0f128799-cf18-4b37-a721-e62b068191f5"
    },
    {
      "datasetIdentifierCode": "6cde2ce7-3ecd-4785-b7b8-d62c3381efe9"
    },
    {
      "datasetIdentifierCode": "73ec579e-c906-433a-b0b6-d3aa33421558"
    },
    {
      "datasetIdentifierCode": "17716ed7-ce0d-4bfd-8868-a398e5578a36"
    },
    {
      "datasetIdentifierCode": "db8d613f-5edc-4467-9cc0-e2dcfb9d64a8"
    },
    {
      "datasetIdentifierCode": "60a2a7c2-d5b3-4ad5-b562-c448695357fb"
    },
    {
      "datasetIdentifierCode": "2cc2c30c-91b8-412a-a060-e84d25272581"
    },
    {
      "datasetIdentifierCode": "6f84efeb-fc1d-4565-a721-80735ea57dbd"
    },
    {
      "datasetIdentifierCode": "c7d8d77b-8c47-4309-8c58-9b12b086407f"
    },
    {
      "datasetIdentifierCode": "83dab947-387b-49df-8ad2-32bb10d46d38"
    },
    {
      "datasetIdentifierCode": "5951efa2-1ff3-4763-a966-a2f5497679ee"
    },
    {
      "datasetIdentifierCode": "f2f86edf-ac3a-48e8-9292-0544da2d7645"
    },
    {
      "datasetIdentifierCode": "c935f2ab-9b65-4dc4-94a0-73aeb840a941"
    },
    {
      "datasetIdentifierCode": "ffefc3dc-dc8f-4589-ae22-a60bebcdf5cb"
    },
    {
      "datasetIdentifierCode": "5a1adb58-0bbe-425d-b0fe-577a6c0a4228"
    },
    {
      "datasetIdentifierCode": "wt-f5eb-b09f-4f6d-8397-8878a1b86238"
    },
    {
      "datasetIdentifierCode": "wt-3730-e750-485a-9c0c-39bf9be72cf9"
    },
    {
      "datasetIdentifierCode": "50eef6be-619d-4e16-9b92-48971109b636"
    },
    {
      "datasetIdentifierCode": "8de2f5eb-b09f-4f6d-8397-8878a1b86238"
    },
    {
      "datasetIdentifierCode": "9b583730-e750-485a-9c0c-39bf9be72cf9"
    },
    {
      "datasetIdentifierCode": "9b583730-e750-485a-9c0c-39bf9be72cf8"
    },
    {
      "datasetIdentifierCode": "krm-a905-9d8e-4758-83fa-28b057f185e3"
    },
    {
      "datasetIdentifierCode": "krm-a905-9d8e-4758-83fa-28b057f185e4"
    },
    {
      "datasetIdentifierCode": "tbjk534p-wubf-crbp-cj25-d4161160gfim"
    },
    {
      "datasetIdentifierCode": "krw2006-c57b-44a2-83a4-e51223d5f15g"
    },
    {
      "datasetIdentifierCode": "622a632a-c57b-44a2-83a4-e51223d5f15g"
    },
    {
      "datasetIdentifierCode": "a1960e70-22f4-4fd9-91a8-b605c6ceda3e"
    },
    {
      "datasetIdentifierCode": "110f9ec6-4464-462e-9765-83d90cefbead"
    },
    {
      "datasetIdentifierCode": "110f9ec6-4464-462e-9765-83d90cefbeag"
    },
    {
      "datasetIdentifierCode": "891ddc2d-8949-4a45-be96-c65b87c41f13"
    },
    {
      "datasetIdentifierCode": "ror-9d8e-4758-83fx-28b057f185e1"
    },
    {
      "datasetIdentifierCode": "a9b7026e-0a81-4813-93bd-ba49e6f28502"
    },
    {
      "datasetIdentifierCode": "110f9ec6-4464-462e-9765-83d90cefbeab"
    },
    {
      "datasetIdentifierCode": "2e31680f-68b5-4ff3-94a4-9c24109ffd5e"
    },
    {
      "datasetIdentifierCode": "710c381c-ab2d-45d5-a45d-af2eba811e5f"
    },
    {
      "datasetIdentifierCode": "4783ea4f-6b8c-4600-8af0-516f3556cfe9"
    },
    {
      "datasetIdentifierCode": "eu-2c7040b-c448-451b-bf15-f2416ecaadd1"
    },
    {
      "datasetIdentifierCode": "eu-cb527d-f6db-4835-b0cd-deb245241254"
    },
    {
      "datasetIdentifierCode": "be1b1514-8d1f-48e1-9624-fee9b784138b"
    },
    {
      "datasetIdentifierCode": "1a40eb6f-4f33-4e15-a0b1-2d350ad2636e"
    },
    {
      "datasetIdentifierCode": "cbeaebc3-815a-48af-a978-0e16892865fc"
    },
    {
      "datasetIdentifierCode": "9dd9bf30-36e6-45ae-b368-bdef2720bdde"
    },
    {
      "datasetIdentifierCode": "E7D9F0D6-2B8D-6699-F26E-4A781228F2DD"
    },
    {
      "datasetIdentifierCode": "F646DFB9-5BF6-EAB9-042B-CAB6FF2DC275"
    },
    {
      "datasetIdentifierCode": "edf79e6a-d73d-4def-8d22-0f495cc76a73"
    },
    {
      "datasetIdentifierCode": "2d3dd6d2-2d2b-4b5f-9e30-86e19ed77a56"
    },
    {
      "datasetIdentifierCode": "493ab81b-75f8-4205-b030-6b2fd9eb4295"
    },
    {
      "datasetIdentifierCode": "f5f68d51-2ca4-4897-8227-d3938b2b0a7e"
    },
    {
      "datasetIdentifierCode": "e8b84fae-00b3-49c1-80c1-df8f69f64e8c"
    },
    {
      "datasetIdentifierCode": "88f76a94-ee4d-4e0c-9fde-91b692403e39"
    },
    {
      "datasetIdentifierCode": "f273941e-9c3b-43bc-b886-2d50d0bf9348"
    },
    {
      "datasetIdentifierCode": "3e57ce43-7707-43ed-a4b9-72b3a6d812f8"
    },
    {
      "datasetIdentifierCode": "c2225e5d-b46f-4e38-8445-ab10fd40c0dc"
    },
    {
      "datasetIdentifierCode": "10d1153e-778f-4995-9b6c-7c69b196cccb"
    },
    {
      "datasetIdentifierCode": "krw2006-68b5-4ff3-94a4-9c24109ffd5e"
    },
    {
      "datasetIdentifierCode": "7939fd42-cf88-42c5-ab3b-232cf232a3ac"
    },
    {
      "datasetIdentifierCode": "6c1cf452-8c62-4046-99ab-640a5e184f9c"
    },
    {
      "datasetIdentifierCode": "eu-f297898-2640-44c2-bbe9-c0480da83794"
    },
    {
      "datasetIdentifierCode": "3d59fd06-9aec-4744-91e7-65e119f74569"
    },
    {
      "datasetIdentifierCode": "c5c4a6d6-b850-473c-8ab5-af9c2c550809"
    },
    {
      "datasetIdentifierCode": "bc2c53f6-c908-4d7c-a6c0-78d9a2855640"
    },
    {
      "datasetIdentifierCode": "26103042-50a1-4ee5-9c5b-857a2f8b7680"
    },
    {
      "datasetIdentifierCode": "be6551de-a709-4c6d-a5e2-f63f0cf038ba"
    },
    {
      "datasetIdentifierCode": "f0821bfe-5a0a-11e9-8647-d663bd873d93"
    },
    {
      "datasetIdentifierCode": "6050578f-0010-4bfa-b013-c8617b80ba62"
    },
    {
      "datasetIdentifierCode": "a04afee4-47d5-45b7-b7a0-a6f86106af11"
    },
    {
      "datasetIdentifierCode": "a5f961e9-ebdd-41e2-b8e8-ab33ed340a83"
    },
    {
      "datasetIdentifierCode": "ror-9d8e-4758-83fx-28b057f185f1"
    },
    {
      "datasetIdentifierCode": "08b27bf0-e34a-4b30-9eac-5edadfb6a288"
    },
    {
      "datasetIdentifierCode": "e536d943-ecff-4d7a-9500-cc31a263a6af"
    },
    {
      "datasetIdentifierCode": "daa63e4c-dce6-11e3-991e-901b0e19e163"
    },
    {
      "datasetIdentifierCode": "bb11be63-bd38-4632-bf54-df44c423a529"
    },
    {
      "datasetIdentifierCode": "a29917b9-3426-4041-a11b-69bcb2256904"
    },
    {
      "datasetIdentifierCode": "588a4cb1-b442-4ac1-87e4-40401e353166"
    },
    {
      "datasetIdentifierCode": "07575774-57a1-4419-bab4-6c88fdeb02b2"
    },
    {
      "datasetIdentifierCode": "krw-782cab20-8328-45f1-a9b2-c27d07c14066"
    },
    {
      "datasetIdentifierCode": "41023936-009d-48ec-a90d-c966895463c1"
    },
    {
      "datasetIdentifierCode": "29c17585-e702-463f-a5dc-99d34b17d333"
    },
    {
      "datasetIdentifierCode": "14657c9b-91e4-4355-8563-2911ad0e78e4"
    },
    {
      "datasetIdentifierCode": "58d39928-f502-48c9-a8c1-03244dc181bf"
    },
    {
      "datasetIdentifierCode": "1be28290-55fa-4486-b9d3-b9d147117863"
    },
    {
      "datasetIdentifierCode": "7c24ea89-074e-4c4f-91e3-d38e813e9cb6"
    },
    {
      "datasetIdentifierCode": "adn73c4a-ef03-4785-b7f6-942e86b385f7"
    },
    {
      "datasetIdentifierCode": "effe1ab0-073d-437c-af13-df5c5e07d6cd"
    },
    {
      "datasetIdentifierCode": "3eebf700-5abf-42e4-826c-03cfb497e366"
    },
    {
      "datasetIdentifierCode": "25294679-adb9-4c39-a93b-6954ff9414ac"
    },
    {
      "datasetIdentifierCode": "d6b85d84-cdb9-4a6e-b799-cf8826e22a94"
    },
    {
      "datasetIdentifierCode": "f8d840bc-18df-4449-b797-b9adcb81d3ec"
    },
    {
      "datasetIdentifierCode": "4617f0e0-6af4-4ac0-9044-31df9d03071c"
    },
    {
      "datasetIdentifierCode": "b4ae622c-6201-49d8-bd2e-f7fce9206a1e"
    },
    {
      "datasetIdentifierCode": "e80ad426-1392-4349-9f80-14dae5f1bf57"
    },
    {
      "datasetIdentifierCode": "5b274449-b6c2-4672-a32f-e0bd40975a53"
    },
    {
      "datasetIdentifierCode": "74aca3eb-c38b-4214-9537-e0abc69e11b5"
    },
    {
      "datasetIdentifierCode": "adn73c4a-ef03-4785-b7f6-942e86b385f5"
    },
    {
      "datasetIdentifierCode": "wt-83730-e750-485a-9c0c-39bf9be72cf8"
    },
    {
      "datasetIdentifierCode": "1462bbce-ccd3-4362-83d8-4535ca8f44eb"
    },
    {
      "datasetIdentifierCode": "d9baa847-4652-4588-abe1-0b050f40f27f"
    },
    {
      "datasetIdentifierCode": "4cda487b-c467-490c-a843-6563fec016be"
    },
    {
      "datasetIdentifierCode": "110f9ec6-4464-462e-9765-83d90cefbeac"
    },
    {
      "datasetIdentifierCode": "f91c6ad6-62a5-46d0-8a5b-8a62e7a4b833"
    },
    {
      "datasetIdentifierCode": "af135cd8-d429-4fc7-b9e3-09e15217520d"
    },
    {
      "datasetIdentifierCode": "5800f3b0-2ea2-4231-8165-216a7b26867f"
    },
    {
      "datasetIdentifierCode": "b3ec8793-7747-4da0-b6c3-aa384446a586"
    },
    {
      "datasetIdentifierCode": "d8f370e8-123c-4ab3-9410-04f728327ac6"
    },
    {
      "datasetIdentifierCode": "ror-9d8e-4758-83fx-28b057f185g1"
    },
    {
      "datasetIdentifierCode": "3387ef8a-9237-453a-aa4e-585d1e193550"
    },
    {
      "datasetIdentifierCode": "64c987ec-dce6-11e3-8563-901b0e19e163"
    },
    {
      "datasetIdentifierCode": "b59f06c0-dce5-11e3-9c10-901b0e19e163"
    },
    {
      "datasetIdentifierCode": "d3c9efd6-fca7-49d6-92bb-5f507abece90"
    },
    {
      "datasetIdentifierCode": "500d396f-5ec6-4e4b-a151-5fb3cddd8082"
    },
    {
      "datasetIdentifierCode": "733559a5-201d-40e5-ad43-d1c7bae84d9f"
    },
    {
      "datasetIdentifierCode": "49ab8bee-b467-486a-96ca-b950443c453a"
    },
    {
      "datasetIdentifierCode": "58e7dc38-a498-4852-b4ef-908f5baa9056"
    },
    {
      "datasetIdentifierCode": "a322184d-6285-4856-bb78-f450b30ffc0e"
    },
    {
      "datasetIdentifierCode": "cf69ec50-9849-4afd-853c-ee56211d336d"
    },
    {
      "datasetIdentifierCode": "4e2ef670-cddd-11dd-ad8b-0800200c9a66"
    },
    {
      "datasetIdentifierCode": "ed960299-a147-4c1a-bc57-41ff83a2264f"
    },
    {
      "datasetIdentifierCode": "998ba1dc-f6a6-49a3-a021-51f30d9b1d0e"
    },
    {
      "datasetIdentifierCode": "krw-f7bb2351-9788-42ea-a58b-a5ee1842304e"
    },
    {
      "datasetIdentifierCode": "34e95842-4e4e-46de-9198-79e8cd4d30dc"
    },
    {
      "datasetIdentifierCode": "12bb57cd-73e0-41ba-a1e9-6d986b9109d3"
    },
    {
      "datasetIdentifierCode": "76541ebb-a554-4540-a017-399d4bb4a860"
    },
    {
      "datasetIdentifierCode": "5c37d29a-006d-4136-8989-adfc35a1d4a7"
    },
    {
      "datasetIdentifierCode": "ca94a0cb-7561-4a10-a7d6-b840e56c33ff"
    },
    {
      "datasetIdentifierCode": "f002bfc5-7d87-46b6-819e-8415422b65c9"
    },
    {
      "datasetIdentifierCode": "f1d27179-36eb-4376-8048-f51d2eb23a09"
    },
    {
      "datasetIdentifierCode": "fe0e1e5f-512f-4bb1-bbf8-4028d3dfa24f"
    },
    {
      "datasetIdentifierCode": "0d6ccccc-7cfb-4eaa-8dc5-8b433d19b121"
    },
    {
      "datasetIdentifierCode": "2daad588-11ef-47de-9832-6fe2c3b93e6d"
    },
    {
      "datasetIdentifierCode": "19165027-a13a-4c19-9013-ec1fd191019d"
    },
    {
      "datasetIdentifierCode": "e3b0da1e-0664-4025-b3f5-a54d74a26450"
    },
    {
      "datasetIdentifierCode": "dc5b522e-3e14-4738-9e8e-2401e1b19ef2"
    },
    {
      "datasetIdentifierCode": "d24ccb35-e9d2-41bf-b231-43083fc0c76d"
    },
    {
      "datasetIdentifierCode": "df15af6e-0d21-4437-a69f-802be3479bba"
    },
    {
      "datasetIdentifierCode": "7f5d7945-8fa8-4d36-be4c-2fdb3c7d613b"
    },
    {
      "datasetIdentifierCode": "9ed6b8ed-254a-4745-a09a-3b57137d1b69"
    },
    {
      "datasetIdentifierCode": "64ff8561-5c56-4cc1-ae0e-94366fb70b7e"
    },
    {
      "datasetIdentifierCode": "71c2b7d2-a1a8-4836-b8d4-7247d331b04d"
    },
    {
      "datasetIdentifierCode": "f44dac86-2228-412f-8355-e56446ca9933"
    },
    {
      "datasetIdentifierCode": "uwwtd-9d8e-4758-83fa-28b057f185e3"
    },
    {
      "datasetIdentifierCode": "uwwtd-9d8e-4758-83fa-28b057f185e1"
    },
    {
      "datasetIdentifierCode": "uwwtd-9d8e-4758-83fa-28b057f185e2"
    },
    {
      "datasetIdentifierCode": "afc450bd-65b3-4e59-b0fb-619869bf6ada"
    },
    {
      "datasetIdentifierCode": "cc408b2d-09a6-4b2b-9aa3-b46bfe2f00a5"
    },
    {
      "datasetIdentifierCode": "36a7e8cb-8300-4602-93d2-135943365a6f"
    },
    {
      "datasetIdentifierCode": "fe2f9091-1962-4073-9e3b-3e4aeed488a5"
    },
    {
      "datasetIdentifierCode": "68ebd5c9-0ea1-4f22-9907-ec4c063cd3e2"
    },
    {
      "datasetIdentifierCode": "c3c004ad-5387-4b00-a225-9afbcaa5d31b"
    },
    {
      "datasetIdentifierCode": "280ed37a-b8d2-4ac5-8567-04d84fad3a41"
    }
  ],
  "__loop": -1,
  "__arg": null,
  "responseType": "json",
  "responseHeaders": {
    "Date": [
      "Thu, 17 Sep 2020 20:14:41 GMT"
    ],
    "Server": [
      "Apache"
    ],
    "X-Frame-Options": [
      "SAMEORIGIN",
      "SAMEORIGIN"
    ],
    "Access-Control-Allow-Origin": [
      "*"
    ],
    "Last-Modified": [
      "Thu, 14 Nov 2019 14:31:35 GMT"
    ],
    "Accept-Ranges": [
      "bytes"
    ],
    "Content-Length": [
      "27700"
    ],
    "X-XSS-Protection": [
      "1; mode=block"
    ],
    "Content-Type": [
      "application/json"
    ],
    "Keep-Alive": [
      "timeout=3, max=100"
    ],
    "Connection": [
      "Keep-Alive"
    ]
  },
  "response": {
    "register": {
      "submitter": "Nominated submitting organisations for the central INSPIRE registers and INSPIRE register federation",
      "license": {
        "label": "Europa Legal Notice",
        "uri": "http://ec.europa.eu/geninfo/legal_notices_nl.htm"
      },
      "registry": {
        "id": "http://inspire.ec.europa.eu/registry",
        "label": {
          "text": "INSPIRE register",
          "lang": "nl"
        }
      },
      "containeditems": [
        {
          "metadata-codelist": {
            "itemclass": {
              "id": "MetadataCodeList",
              "label": {
                "text": "Metadata Code list",
                "lang": "nl"
              }
            },
            "id": "http://inspire.ec.europa.eu/metadata-codelist/ResourceType",
            "label": {
              "text": "Type bron",
              "lang": "nl"
            },
            "version": "0",
            "status": {
              "id": "http://inspire.ec.europa.eu/registry/status/valid",
              "label": {
                "text": "Geldig",
                "lang": "nl"
              }
            },
            "register": {
              "registry": {
                "id": "http://inspire.ec.europa.eu/registry",
                "label": {
                  "text": "INSPIRE register",
                  "lang": "nl"
                }
              },
              "id": "http://inspire.ec.europa.eu/metadata-codelist",
              "label": {
                "text": "INSPIRE metadata code list register",
                "lang": "nl"
              }
            }
          }
        },
        {
          "metadata-codelist": {
            "itemclass": {
              "id": "MetadataCodeList",
              "label": {
                "text": "Metadata Code list",
                "lang": "nl"
              }
            },
            "id": "http://inspire.ec.europa.eu/metadata-codelist/TopicCategory",
            "label": {
              "text": "Onderwerpcategoriecn overeenkomstig EN ISO 19115",
              "lang": "nl"
            },
            "version": "0",
            "status": {
              "id": "http://inspire.ec.europa.eu/registry/status/valid",
              "label": {
                "text": "Geldig",
                "lang": "nl"
              }
            },
            "register": {
              "registry": {
                "id": "http://inspire.ec.europa.eu/registry",
                "label": {
                  "text": "INSPIRE register",
                  "lang": "nl"
                }
              },
              "id": "http://inspire.ec.europa.eu/metadata-codelist",
              "label": {
                "text": "INSPIRE metadata code list register",
                "lang": "nl"
              }
            }
          }
        },
        {
          "metadata-codelist": {
            "itemclass": {
              "id": "MetadataCodeList",
              "label": {
                "text": "Metadata Code list",
                "lang": "nl"
              }
            },
            "id": "http://inspire.ec.europa.eu/metadata-codelist/SpatialDataServiceType",
            "label": {
              "text": "Type dienst met betrekking tot ruimtelijke gegevens",
              "lang": "nl"
            },
            "version": "0",
            "status": {
              "id": "http://inspire.ec.europa.eu/registry/status/valid",
              "label": {
                "text": "Geldig",
                "lang": "nl"
              }
            },
            "register": {
              "registry": {
                "id": "http://inspire.ec.europa.eu/registry",
                "label": {
                  "text": "INSPIRE register",
                  "lang": "nl"
                }
              },
              "id": "http://inspire.ec.europa.eu/metadata-codelist",
              "label": {
                "text": "INSPIRE metadata code list register",
                "lang": "nl"
              }
            }
          }
        },
        {
          "metadata-codelist": {
            "itemclass": {
              "id": "MetadataCodeList",
              "label": {
                "text": "Metadata Code list",
                "lang": "nl"
              }
            },
            "definition": {
              "text": "De trefwoorden zijn gebaseerd op de taxonomie voor geografische diensten (EN ISO 19119). Deze taxonomie bestaat uit categorieC+n; de subcategorieC+n definiC+ren het waardedomein van de classificatie van ruimtelijke-gegevensdiensten.",
              "lang": "nl"
            },
            "id": "http://inspire.ec.europa.eu/metadata-codelist/SpatialDataServiceCategory",
            "label": {
              "text": "Classificatie van diensten met betrekking tot ruimtelijke gegevens",
              "lang": "nl"
            },
            "version": "0",
            "status": {
              "id": "http://inspire.ec.europa.eu/registry/status/valid",
              "label": {
                "text": "Geldig",
                "lang": "nl"
              }
            },
            "register": {
              "registry": {
                "id": "http://inspire.ec.europa.eu/registry",
                "label": {
                  "text": "INSPIRE register",
                  "lang": "nl"
                }
              },
              "id": "http://inspire.ec.europa.eu/metadata-codelist",
              "label": {
                "text": "INSPIRE metadata code list register",
                "lang": "nl"
              }
            }
          }
        },
        {
          "metadata-codelist": {
            "itemclass": {
              "id": "MetadataCodeList",
              "label": {
                "text": "Metadata Code list",
                "lang": "nl"
              }
            },
            "id": "http://inspire.ec.europa.eu/metadata-codelist/DegreeOfConformity",
            "label": {
              "text": "Conformiteitsindicatie",
              "lang": "nl"
            },
            "version": "0",
            "status": {
              "id": "http://inspire.ec.europa.eu/registry/status/valid",
              "label": {
                "text": "Geldig",
                "lang": "nl"
              }
            },
            "register": {
              "registry": {
                "id": "http://inspire.ec.europa.eu/registry",
                "label": {
                  "text": "INSPIRE register",
                  "lang": "nl"
                }
              },
              "id": "http://inspire.ec.europa.eu/metadata-codelist",
              "label": {
                "text": "INSPIRE metadata code list register",
                "lang": "nl"
              }
            }
          }
        },
        {
          "metadata-codelist": {
            "itemclass": {
              "id": "MetadataCodeList",
              "label": {
                "text": "Metadata Code list",
                "lang": "nl"
              }
            },
            "id": "http://inspire.ec.europa.eu/metadata-codelist/ResponsiblePartyRole",
            "label": {
              "text": "Rol van de verantwoordelijke partij",
              "lang": "nl"
            },
            "version": "0",
            "status": {
              "id": "http://inspire.ec.europa.eu/registry/status/valid",
              "label": {
                "text": "Geldig",
                "lang": "nl"
              }
            },
            "register": {
              "registry": {
                "id": "http://inspire.ec.europa.eu/registry",
                "label": {
                  "text": "INSPIRE register",
                  "lang": "nl"
                }
              },
              "id": "http://inspire.ec.europa.eu/metadata-codelist",
              "label": {
                "text": "INSPIRE metadata code list register",
                "lang": "nl"
              }
            }
          }
        },
        {
          "metadata-codelist": {
            "itemclass": {
              "id": "MetadataCodeList",
              "label": {
                "text": "Metadata Code list",
                "lang": "nl"
              }
            },
            "id": "http://inspire.ec.europa.eu/metadata-codelist/LimitationsOnPublicAccess",
            "label": {
              "text": "Beperkingen op openbare toegang",
              "lang": "nl"
            },
            "version": "0",
            "status": {
              "id": "http://inspire.ec.europa.eu/registry/status/valid",
              "label": {
                "text": "Geldig",
                "lang": "nl"
              }
            },
            "register": {
              "registry": {
                "id": "http://inspire.ec.europa.eu/registry",
                "label": {
                  "text": "INSPIRE register",
                  "lang": "nl"
                }
              },
              "id": "http://inspire.ec.europa.eu/metadata-codelist",
              "label": {
                "text": "INSPIRE metadata code list register",
                "lang": "nl"
              }
            }
          }
        },
        {
          "metadata-codelist": {
            "itemclass": {
              "id": "MetadataCodeList",
              "label": {
                "text": "Metadata Code list",
                "lang": "nl"
              }
            },
            "id": "http://inspire.ec.europa.eu/metadata-codelist/ConditionsApplyingToAccessAndUse",
            "label": {
              "text": "Voorwaarden voor toegang en gebruik",
              "lang": "nl"
            },
            "version": "0",
            "status": {
              "id": "http://inspire.ec.europa.eu/registry/status/valid",
              "label": {
                "text": "Geldig",
                "lang": "nl"
              }
            },
            "register": {
              "registry": {
                "id": "http://inspire.ec.europa.eu/registry",
                "label": {
                  "text": "INSPIRE register",
                  "lang": "nl"
                }
              },
              "id": "http://inspire.ec.europa.eu/metadata-codelist",
              "label": {
                "text": "INSPIRE metadata code list register",
                "lang": "nl"
              }
            }
          }
        },
        {
          "metadata-codelist": {
            "itemclass": {
              "id": "MetadataCodeList",
              "label": {
                "text": "Metadata Code list",
                "lang": "nl"
              }
            },
            "id": "http://inspire.ec.europa.eu/metadata-codelist/QualityOfServiceCriteria",
            "label": {
              "text": "Service kwaliteit criteria code",
              "lang": "nl"
            },
            "version": "0",
            "status": {
              "id": "http://inspire.ec.europa.eu/registry/status/valid",
              "label": {
                "text": "Geldig",
                "lang": "nl"
              }
            },
            "register": {
              "registry": {
                "id": "http://inspire.ec.europa.eu/registry",
                "label": {
                  "text": "INSPIRE register",
                  "lang": "nl"
                }
              },
              "id": "http://inspire.ec.europa.eu/metadata-codelist",
              "label": {
                "text": "INSPIRE metadata code list register",
                "lang": "nl"
              }
            }
          }
        },
        {
          "metadata-codelist": {
            "itemclass": {
              "id": "MetadataCodeList",
              "label": {
                "text": "Metadata Code list",
                "lang": "nl"
              }
            },
            "definition": {
              "text": "Code describing the type of resource given in the Resource Locator metadata element.",
              "lang": "en"
            },
            "id": "http://inspire.ec.europa.eu/metadata-codelist/OnLineDescriptionCode",
            "label": {
              "text": "Online description code",
              "lang": "en"
            },
            "version": "0",
            "status": {
              "id": "http://inspire.ec.europa.eu/registry/status/valid",
              "label": {
                "text": "Geldig",
                "lang": "nl"
              }
            },
            "register": {
              "registry": {
                "id": "http://inspire.ec.europa.eu/registry",
                "label": {
                  "text": "INSPIRE register",
                  "lang": "nl"
                }
              },
              "id": "http://inspire.ec.europa.eu/metadata-codelist",
              "label": {
                "text": "INSPIRE metadata code list register",
                "lang": "nl"
              }
            }
          }
        },
        {
          "metadata-codelist": {
            "itemclass": {
              "id": "MetadataCodeList",
              "label": {
                "text": "Metadata Code list",
                "lang": "nl"
              }
            },
            "definition": {
              "text": "Lijst met datasets die gerelateerd zijn aan milieurapportage, die stapsgewijs door de lidstaten via de Europese infrastructuur voor ruimtelijke informatie beschikbaar moeten worden gesteld. Deze lijst geeft ook de lacunes in data weer die zijn geïdentificeerd tijdens de evaluatie van de implementatie en de geschiktheid van de richtlijn voor het beoogde doel (de zogenoemde REFIT evaluatie).",
              "lang": "nl"
            },
            "id": "http://inspire.ec.europa.eu/metadata-codelist/PriorityDataset",
            "label": {
              "text": "INSPIRE prioritaire dataset",
              "lang": "nl"
            },
            "version": "0",
            "status": {
              "id": "http://inspire.ec.europa.eu/registry/status/valid",
              "label": {
                "text": "Geldig",
                "lang": "nl"
              }
            },
            "register": {
              "registry": {
                "id": "http://inspire.ec.europa.eu/registry",
                "label": {
                  "text": "INSPIRE register",
                  "lang": "nl"
                }
              },
              "id": "http://inspire.ec.europa.eu/metadata-codelist",
              "label": {
                "text": "INSPIRE metadata code list register",
                "lang": "nl"
              }
            }
          }
        },
        {
          "metadata-codelist": {
            "itemclass": {
              "id": "MetadataCodeList",
              "label": {
                "text": "Metadata Code list",
                "lang": "nl"
              }
            },
            "description": {
              "text": "The spatial scope can be different from the actual geographical coverage, e.g. a national coastline data set may cover only a fraction of the full spatial extent of a country.\n The spatial scope of the data set does not necessarily reflect the administrative level responsible for collecting and maintaining the data, e.g. the responsibility for maintaining the data inside the national address data set can be at regional or local level.\n The code list contains values governed at the level of INSPIRE legal acts (governance level: Legal (EU)) and values governed at the level of INSPIRE Technical Guidelines (governance level: Technical (EU)). The former directly support the INSPIRE Monitoring and Reporting Decision, while the latter  provide additional options for tagging other data sets.",
              "lang": "en"
            },
            "definition": {
              "text": "Administrative level that the data set intends to cover.",
              "lang": "en"
            },
            "id": "http://inspire.ec.europa.eu/metadata-codelist/SpatialScope",
            "label": {
              "text": "Ruimtelijke dekking",
              "lang": "nl"
            },
            "version": "0",
            "status": {
              "id": "http://inspire.ec.europa.eu/registry/status/valid",
              "label": {
                "text": "Geldig",
                "lang": "nl"
              }
            },
            "register": {
              "registry": {
                "id": "http://inspire.ec.europa.eu/registry",
                "label": {
                  "text": "INSPIRE register",
                  "lang": "nl"
                }
              },
              "id": "http://inspire.ec.europa.eu/metadata-codelist",
              "label": {
                "text": "INSPIRE metadata code list register",
                "lang": "nl"
              }
            }
          }
        },
        {
          "metadata-codelist": {
            "itemclass": {
              "id": "MetadataCodeList",
              "label": {
                "text": "Metadata Code list",
                "lang": "nl"
              }
            },
            "description": {
              "text": "This code list is the result of the 'simplification of data-service linkages' activity performed in the context of the MIG-T data simplification action(2019.2).",
              "lang": "en"
            },
            "definition": {
              "text": "Set of OGC and RFC services that are in the scope of INSPIRE. This list aims at the better identification of the network services described within the metadata records.",
              "lang": "en"
            },
            "id": "http://inspire.ec.europa.eu/metadata-codelist/ProtocolValue",
            "label": {
              "text": "INSPIRE Protocol values",
              "lang": "en"
            },
            "version": "0",
            "status": {
              "id": "http://inspire.ec.europa.eu/registry/status/valid",
              "label": {
                "text": "Geldig",
                "lang": "nl"
              }
            },
            "register": {
              "registry": {
                "id": "http://inspire.ec.europa.eu/registry",
                "label": {
                  "text": "INSPIRE register",
                  "lang": "nl"
                }
              },
              "id": "http://inspire.ec.europa.eu/metadata-codelist",
              "label": {
                "text": "INSPIRE metadata code list register",
                "lang": "nl"
              }
            }
          }
        }
      ],
      "contentsummary": {
        "text": "The INSPIRE metadata code list register contains the code lists and their values, as defined in the INSPIRE implementing rules on metadata (Commission Regulation (EC) No 1205/2008).",
        "lang": "nl"
      },
      "registermanager": "Europese Commissie, Gemeenschappelijk Centrum voor onderzoek",
      "contactpoint": {
        "label": "JRC INSPIRE Registry Team",
        "email": "inspire-registry-dev@jrc.ec.europa.eu"
      },
      "language": "nl",
      "registerowner": "Europese Unie",
      "id": "http://inspire.ec.europa.eu/metadata-codelist",
      "label": {
        "text": "INSPIRE metadata code list register",
        "lang": "nl"
      },
      "registercontrolbody": "Control body for the central INSPIRE registers and INSPIRE register federation"
    }
  },
  "requestTimeStamp": 1600373681383,
  "json": [
    {
    },
    {
    },
    {
    },
    {
    },
    {
    },
    {
    },
    {
    },
    {
    },
    {
    },
    {
    },
    {
    },
    {
    },
    {
    },
    {
    },
    {
    },
    {
    },
    {
    },
    {
    },
    {
    },
    {
    },
    {
    },
    {
    },
    {
    },
    {
    },
    {
    },
    {
    },
    {
    },
    {
    },
    {
    },
    {
    },
    {
    },
    {
    },
    {
    },
    {
    },
    {
    },
    {
    },
    {
    },
    {
    },
    {
    },
    {
    },
    {
    },
    {
    },
    {
    },
    {
    },
    {
    },
    {
    },
    {
    },
    {
    },
    {
    },
    {
    },
    {
    },
    {
    },
    {
    },
    {
    },
    {
    },
    {
    },
    {
    },
    {
    },
    {
    },
    {
    },
    {
    },
    {
    },
    {
    },
    {
    },
    {
    },
    {
    },
    {
    },
    {
    },
    {
    },
    {
    },
    {
    },
    {
    },
    {
    },
    {
    },
    {
    },
    {
    },
    {
    },
    {
    },
    {
    },
    {
    },
    {
    },
    {
    },
    {
    },
    {
    },
    {
    },
    {
    },
    {
    },
    {
    },
    {
    },
    {
    },
    {
    },
    {
    },
    {
    },
    {
    },
    {
    },
    {
    },
    {
    },
    {
    },
    {
    },
    {
    },
    {
    },
    {
    },
    {
    },
    {
    },
    {
    },
    {
    },
    {
    },
    {
    },
    {
    },
    {
    },
    {
    },
    {
    },
    {
    },
    {
    },
    {
    },
    {
    },
    {
    },
    {
    },
    {
    },
    {
    },
    {
    },
    {
    },
    {
    },
    {
    },
    {
    },
    {
    },
    {
    },
    {
    },
    {
    },
    {
    },
    {
    },
    {
    },
    {
    },
    {
    },
    {
    },
    {
    },
    {
    },
    {
    },
    {
    },
    {
    },
    {
    },
    {
    },
    {
    },
    {
    },
    {
    },
    {
    },
    {
    },
    {
    },
    {
    },
    {
    },
    {
    },
    {
    },
    {
    },
    {
    },
    {
    },
    {
    },
    {
    },
    {
    },
    {
    },
    {
    },
    {
    },
    {
    },
    {
    },
    {
    },
    {
    },
    {
    },
    {
    },
    {
    },
    {
    },
    {
    },
    {
    },
    {
    },
    {
    },
    {
    },
    {
    },
    {
    },
    {
    },
    {
    },
    {
    },
    {
    },
    {
    },
    {
    },
    {
    },
    {
    },
    {
    },
    {
    },
    {
    },
    {
    },
    {
    },
    {
    },
    {
    },
    {
    },
    {
    },
    {
    },
    {
    },
    {
    },
    {
    },
    {
    },
    {
    }
  ],
  "myVarName": "someValue",
  "briefarray": [
    "b61a773c-ecad-4e60-93e9-0a4caac0b52f",
    "fcefa13c-44e2-4953-b6d6-1ddceebc57fc",
    "7dd1fd45-ace5-41e0-93a6-64e3be231717",
    "f99e915a-75e5-4c36-97f2-61eff692d85b",
    "002d9127-c16d-4b8d-9f5e-102a8c8e36c4",
    "3703b249-a0eb-484e-ba7a-10e31a55bcec",
    "977e0e94-7aa9-4784-b2da-eaec44adb61b",
    "3a72b9a4-cda9-11ea-87d0-0242ac130003",
    "e1e99000-ec47-4e9f-84a5-adad24fef0dc",
    "ad6caa40-89ab-47e3-85ab-3f8e32024a71",
    "247a1d15-0a67-40ce-85be-1403c08f15a8",
    "8a4f5c3b-aced-48fd-afb5-f1f1d0ef21d6",
    "8f45b8ef-0ce8-463a-9059-5efdcecb785c",
    "6c06740d-058f-4a12-bb3f-bf68efd03d09",
    "af0c582f-9e6b-46e6-865a-fc3a2d5289b9",
    "9d9f1738-aced-47c9-aaa0-c62474a2dcfb",
    "31de946d-85d4-4c93-bb97-e25f4ef1401a",
    "4b282988-cb91-4bbc-b147-f653014917cb",
    "1c3afc74-cc34-44b7-938a-963e2350795a",
    "3a7dd0a6-d130-4c4c-b0ba-24365cf036e2",
    "d845cef6-0e23-4212-a951-b69763e39ef0",
    "24de356e-ec4d-4a18-9903-6401d222b77c",
    "b3f66964-a8c1-456f-9799-9cafca2cb7b1",
    "844404a2-9cd0-452e-b29a-74588777485a",
    "81ff84ec-42a4-4481-840b-12713bbb5d38",
    "380aa01e-dce7-11e3-9f07-901b0e19e163",
    "a7fb2234-f7b4-4a03-b282-f10947f42fb1",
    "c7662717-9e43-4367-a344-723d73abbb3e",
    "28c4780a-1a44-4376-b283-14a50a481729",
    "80630ee7-3a15-4ea0-bdc0-a8aebfa2f204",
    "8b0b02a0-1e1b-4cda-bcfe-6fa0f738e38f",
    "03671a9e-6aaf-464d-be99-9aad25cef9e3",
    "29d5310f-dd0d-45ba-abad-b4ffc6b8785f",
    "32a21114-8694-40ce-ab76-9dcd885c7861",
    "50a2c5e6-c8e7-425d-854e-26f578196bc9",
    "fe45c540-e37d-11e4-b571-0800200c9a66",
    "b6ee58a1-b097-4c6d-8600-eb81efc1468c",
    "791adbe3-772f-42cb-a3be-5a617bcecef0",
    "7D35598D-DFBF-C64D-0F1A-92A80A45EB14",
    "9986a7ef-e5e2-4a7a-9018-2e1f9631ba8c",
    "df5ee213-e1bd-433b-80f7-4ea20f493ca8",
    "34e6165f-1269-48d1-b255-0f05d163d692",
    "1249746f-c2a6-4639-98f2-251676b3528e",
    "6318009c-7b11-4ab9-9929-735584dfb692",
    "a5241416-8401-4623-be61-57ef50447a41",
    "11a292bd-9022-4a9f-b1bf-02f5c89ad74a",
    "88a3c1ae-902e-4efa-8663-ddd836101929",
    "f605a24f-60cd-4c40-94c8-2186aba3ddd0",
    "76091be7-358a-4a44-8182-b4139c96c6a4",
    "0558a41c-b09a-47fa-b8db-9de6bfe4f494",
    "0f128799-cf18-4b37-a721-e62b068191f5",
    "6cde2ce7-3ecd-4785-b7b8-d62c3381efe9",
    "73ec579e-c906-433a-b0b6-d3aa33421558",
    "17716ed7-ce0d-4bfd-8868-a398e5578a36",
    "db8d613f-5edc-4467-9cc0-e2dcfb9d64a8",
    "60a2a7c2-d5b3-4ad5-b562-c448695357fb",
    "2cc2c30c-91b8-412a-a060-e84d25272581",
    "6f84efeb-fc1d-4565-a721-80735ea57dbd",
    "c7d8d77b-8c47-4309-8c58-9b12b086407f",
    "83dab947-387b-49df-8ad2-32bb10d46d38",
    "5951efa2-1ff3-4763-a966-a2f5497679ee",
    "f2f86edf-ac3a-48e8-9292-0544da2d7645",
    "c935f2ab-9b65-4dc4-94a0-73aeb840a941",
    "ffefc3dc-dc8f-4589-ae22-a60bebcdf5cb",
    "5a1adb58-0bbe-425d-b0fe-577a6c0a4228",
    "wt-f5eb-b09f-4f6d-8397-8878a1b86238",
    "wt-3730-e750-485a-9c0c-39bf9be72cf9",
    "50eef6be-619d-4e16-9b92-48971109b636",
    "8de2f5eb-b09f-4f6d-8397-8878a1b86238",
    "9b583730-e750-485a-9c0c-39bf9be72cf9",
    "9b583730-e750-485a-9c0c-39bf9be72cf8",
    "krm-a905-9d8e-4758-83fa-28b057f185e3",
    "krm-a905-9d8e-4758-83fa-28b057f185e4",
    "tbjk534p-wubf-crbp-cj25-d4161160gfim",
    "krw2006-c57b-44a2-83a4-e51223d5f15g",
    "622a632a-c57b-44a2-83a4-e51223d5f15g",
    "a1960e70-22f4-4fd9-91a8-b605c6ceda3e",
    "110f9ec6-4464-462e-9765-83d90cefbead",
    "110f9ec6-4464-462e-9765-83d90cefbeag",
    "891ddc2d-8949-4a45-be96-c65b87c41f13",
    "ror-9d8e-4758-83fx-28b057f185e1",
    "a9b7026e-0a81-4813-93bd-ba49e6f28502",
    "110f9ec6-4464-462e-9765-83d90cefbeab",
    "2e31680f-68b5-4ff3-94a4-9c24109ffd5e",
    "710c381c-ab2d-45d5-a45d-af2eba811e5f",
    "4783ea4f-6b8c-4600-8af0-516f3556cfe9",
    "eu-2c7040b-c448-451b-bf15-f2416ecaadd1",
    "eu-cb527d-f6db-4835-b0cd-deb245241254",
    "be1b1514-8d1f-48e1-9624-fee9b784138b",
    "1a40eb6f-4f33-4e15-a0b1-2d350ad2636e",
    "cbeaebc3-815a-48af-a978-0e16892865fc",
    "9dd9bf30-36e6-45ae-b368-bdef2720bdde",
    "E7D9F0D6-2B8D-6699-F26E-4A781228F2DD",
    "F646DFB9-5BF6-EAB9-042B-CAB6FF2DC275",
    "edf79e6a-d73d-4def-8d22-0f495cc76a73",
    "2d3dd6d2-2d2b-4b5f-9e30-86e19ed77a56",
    "493ab81b-75f8-4205-b030-6b2fd9eb4295",
    "f5f68d51-2ca4-4897-8227-d3938b2b0a7e",
    "e8b84fae-00b3-49c1-80c1-df8f69f64e8c",
    "88f76a94-ee4d-4e0c-9fde-91b692403e39",
    "f273941e-9c3b-43bc-b886-2d50d0bf9348",
    "3e57ce43-7707-43ed-a4b9-72b3a6d812f8",
    "c2225e5d-b46f-4e38-8445-ab10fd40c0dc",
    "10d1153e-778f-4995-9b6c-7c69b196cccb",
    "krw2006-68b5-4ff3-94a4-9c24109ffd5e",
    "7939fd42-cf88-42c5-ab3b-232cf232a3ac",
    "6c1cf452-8c62-4046-99ab-640a5e184f9c",
    "eu-f297898-2640-44c2-bbe9-c0480da83794",
    "3d59fd06-9aec-4744-91e7-65e119f74569",
    "c5c4a6d6-b850-473c-8ab5-af9c2c550809",
    "bc2c53f6-c908-4d7c-a6c0-78d9a2855640",
    "26103042-50a1-4ee5-9c5b-857a2f8b7680",
    "be6551de-a709-4c6d-a5e2-f63f0cf038ba",
    "f0821bfe-5a0a-11e9-8647-d663bd873d93",
    "6050578f-0010-4bfa-b013-c8617b80ba62",
    "a04afee4-47d5-45b7-b7a0-a6f86106af11",
    "a5f961e9-ebdd-41e2-b8e8-ab33ed340a83",
    "ror-9d8e-4758-83fx-28b057f185f1",
    "08b27bf0-e34a-4b30-9eac-5edadfb6a288",
    "e536d943-ecff-4d7a-9500-cc31a263a6af",
    "daa63e4c-dce6-11e3-991e-901b0e19e163",
    "bb11be63-bd38-4632-bf54-df44c423a529",
    "a29917b9-3426-4041-a11b-69bcb2256904",
    "588a4cb1-b442-4ac1-87e4-40401e353166",
    "07575774-57a1-4419-bab4-6c88fdeb02b2",
    "krw-782cab20-8328-45f1-a9b2-c27d07c14066",
    "41023936-009d-48ec-a90d-c966895463c1",
    "29c17585-e702-463f-a5dc-99d34b17d333",
    "14657c9b-91e4-4355-8563-2911ad0e78e4",
    "58d39928-f502-48c9-a8c1-03244dc181bf",
    "1be28290-55fa-4486-b9d3-b9d147117863",
    "7c24ea89-074e-4c4f-91e3-d38e813e9cb6",
    "adn73c4a-ef03-4785-b7f6-942e86b385f7",
    "effe1ab0-073d-437c-af13-df5c5e07d6cd",
    "3eebf700-5abf-42e4-826c-03cfb497e366",
    "25294679-adb9-4c39-a93b-6954ff9414ac",
    "d6b85d84-cdb9-4a6e-b799-cf8826e22a94",
    "f8d840bc-18df-4449-b797-b9adcb81d3ec",
    "4617f0e0-6af4-4ac0-9044-31df9d03071c",
    "b4ae622c-6201-49d8-bd2e-f7fce9206a1e",
    "e80ad426-1392-4349-9f80-14dae5f1bf57",
    "5b274449-b6c2-4672-a32f-e0bd40975a53",
    "74aca3eb-c38b-4214-9537-e0abc69e11b5",
    "adn73c4a-ef03-4785-b7f6-942e86b385f5",
    "wt-83730-e750-485a-9c0c-39bf9be72cf8",
    "1462bbce-ccd3-4362-83d8-4535ca8f44eb",
    "d9baa847-4652-4588-abe1-0b050f40f27f",
    "4cda487b-c467-490c-a843-6563fec016be",
    "110f9ec6-4464-462e-9765-83d90cefbeac",
    "f91c6ad6-62a5-46d0-8a5b-8a62e7a4b833",
    "af135cd8-d429-4fc7-b9e3-09e15217520d",
    "5800f3b0-2ea2-4231-8165-216a7b26867f",
    "b3ec8793-7747-4da0-b6c3-aa384446a586",
    "d8f370e8-123c-4ab3-9410-04f728327ac6",
    "ror-9d8e-4758-83fx-28b057f185g1",
    "3387ef8a-9237-453a-aa4e-585d1e193550",
    "64c987ec-dce6-11e3-8563-901b0e19e163",
    "b59f06c0-dce5-11e3-9c10-901b0e19e163",
    "d3c9efd6-fca7-49d6-92bb-5f507abece90",
    "500d396f-5ec6-4e4b-a151-5fb3cddd8082",
    "733559a5-201d-40e5-ad43-d1c7bae84d9f",
    "49ab8bee-b467-486a-96ca-b950443c453a",
    "58e7dc38-a498-4852-b4ef-908f5baa9056",
    "a322184d-6285-4856-bb78-f450b30ffc0e",
    "cf69ec50-9849-4afd-853c-ee56211d336d",
    "4e2ef670-cddd-11dd-ad8b-0800200c9a66",
    "ed960299-a147-4c1a-bc57-41ff83a2264f",
    "998ba1dc-f6a6-49a3-a021-51f30d9b1d0e",
    "krw-f7bb2351-9788-42ea-a58b-a5ee1842304e",
    "34e95842-4e4e-46de-9198-79e8cd4d30dc",
    "12bb57cd-73e0-41ba-a1e9-6d986b9109d3",
    "76541ebb-a554-4540-a017-399d4bb4a860",
    "5c37d29a-006d-4136-8989-adfc35a1d4a7",
    "ca94a0cb-7561-4a10-a7d6-b840e56c33ff",
    "f002bfc5-7d87-46b6-819e-8415422b65c9",
    "f1d27179-36eb-4376-8048-f51d2eb23a09",
    "fe0e1e5f-512f-4bb1-bbf8-4028d3dfa24f",
    "0d6ccccc-7cfb-4eaa-8dc5-8b433d19b121",
    "2daad588-11ef-47de-9832-6fe2c3b93e6d",
    "19165027-a13a-4c19-9013-ec1fd191019d",
    "e3b0da1e-0664-4025-b3f5-a54d74a26450",
    "dc5b522e-3e14-4738-9e8e-2401e1b19ef2",
    "d24ccb35-e9d2-41bf-b231-43083fc0c76d",
    "df15af6e-0d21-4437-a69f-802be3479bba",
    "7f5d7945-8fa8-4d36-be4c-2fdb3c7d613b",
    "9ed6b8ed-254a-4745-a09a-3b57137d1b69",
    "64ff8561-5c56-4cc1-ae0e-94366fb70b7e",
    "71c2b7d2-a1a8-4836-b8d4-7247d331b04d",
    "f44dac86-2228-412f-8355-e56446ca9933",
    "uwwtd-9d8e-4758-83fa-28b057f185e3",
    "uwwtd-9d8e-4758-83fa-28b057f185e1",
    "uwwtd-9d8e-4758-83fa-28b057f185e2",
    "afc450bd-65b3-4e59-b0fb-619869bf6ada",
    "cc408b2d-09a6-4b2b-9aa3-b46bfe2f00a5",
    "36a7e8cb-8300-4602-93d2-135943365a6f",
    "fe2f9091-1962-4073-9e3b-3e4aeed488a5",
    "68ebd5c9-0ea1-4f22-9907-ec4c063cd3e2",
    "c3c004ad-5387-4b00-a225-9afbcaa5d31b",
    "280ed37a-b8d2-4ac5-8567-04d84fad3a41"
  ],
  "responseCookies": {
    "JSESSIONID": {
      "name": "JSESSIONID",
      "value": "C07C1AEB7D4FB02C5BB6935571AA09A8",
      "domain": "nationaalgeoregister.nl",
      "path": "/geonetwork",
      "persistent": "false",
      "secure": "false"
    }
  }
}

20:14:43.273 [ForkJoinPool-1-worker-3] INFO  com.intuit.karate - [print] title:Vogelrichtlijn verspreiding van soorten
20:14:43.274 [ForkJoinPool-1-worker-3] INFO  com.intuit.karate - [print] Vogelrichtlijn verspreiding van soorten
20:14:43.307 [ForkJoinPool-1-worker-5] INFO  com.intuit.karate - [print] title:Olie- en gasvelden onder INSPIRE
20:14:43.310 [ForkJoinPool-1-worker-5] INFO  com.intuit.karate - [print] Olie- en gasvelden onder INSPIRE
20:14:43.421 [ForkJoinPool-1-worker-3] INFO  com.intuit.karate - [print] [
  "https://www.nationaalgeoregister.nl/geonetwork/srv/dut/catalog.search#/metadata/fcefa13c-44e2-4953-b6d6-1ddceebc57fc",
  "http://standaarden.overheid.nl/owms/terms/Ministerie_van_Landbouw,_Natuur_en_Voedselkwaliteit"
]

20:14:43.422 [ForkJoinPool-1-worker-5] INFO  com.intuit.karate - [print] [
  "https://nationaalgeoregister.nl/geonetwork/srv/resources49e49382-674d-4ce8-9f4a-ba4dd2265eef",
  "http://rdfdata.eionet.europa.eu/inspirethemes/themes/33",
  "http://geonetwork-opensource.org/inspire-theme#",
  "https://www.nationaalgeoregister.nl/geonetwork/srv/eng/thesaurus.download?ref=external.theme.inspire-theme"
]

20:14:43.435 [ForkJoinPool-1-worker-5] INFO  com.intuit.karate - [print]
20:14:43.439 [ForkJoinPool-1-worker-5] INFO  com.intuit.karate - [print] testing xlinkurl:https://nationaalgeoregister.nl/geonetwork/srv/resources49e49382-674d-4ce8-9f4a-ba4dd2265eef
20:14:43.446 [ForkJoinPool-1-worker-9] INFO  com.intuit.karate - [print] title:Invasieve Exoten (INSPIRE Geharmoniseerd)
20:14:43.452 [ForkJoinPool-1-worker-9] INFO  com.intuit.karate - [print] Invasieve Exoten (INSPIRE Geharmoniseerd)
20:14:43.455 [ForkJoinPool-1-worker-3] INFO  com.intuit.karate - [print]
20:14:43.458 [ForkJoinPool-1-worker-3] INFO  com.intuit.karate - [print] testing xlinkurl:https://www.nationaalgeoregister.nl/geonetwork/srv/dut/catalog.search#/metadata/fcefa13c-44e2-4953-b6d6-1ddceebc57fc
20:14:43.464 [ForkJoinPool-1-worker-9] INFO  com.intuit.karate - [print] [
  "http://standaarden.overheid.nl/owms/terms/Ministerie_van_Landbouw,_Natuur_en_Voedselkwaliteit",
  "https://www.nationaalgeoregister.nl/geonetwork/srv/api/records3703b249-a0eb-484e-ba7a-10e31a55bcec",
  "579"
]

20:14:43.491 [ForkJoinPool-1-worker-9] INFO  com.intuit.karate - [print]
20:14:43.501 [ForkJoinPool-1-worker-21] INFO  com.intuit.karate - [print] title:Grondwater Monitoring Net
20:14:43.502 [ForkJoinPool-1-worker-9] INFO  com.intuit.karate - [print] testing xlinkurl:http://standaarden.overheid.nl/owms/terms/Ministerie_van_Landbouw,_Natuur_en_Voedselkwaliteit
20:14:43.504 [ForkJoinPool-1-worker-21] INFO  com.intuit.karate - [print] Grondwater Monitoring Net
20:14:43.508 [ForkJoinPool-1-worker-21] INFO  com.intuit.karate - [print] [
  "https://nationaalgeoregister.nl/geonetwork/srv/resourcesff07bd5a-d6eb-11ea-87d0-0242ac130003",
  "https://www.nationaalgeoregister.nl/geonetwork/srv/eng/thesaurus.download?ref=external.theme.inspire-theme"
]

20:14:43.534 [ForkJoinPool-1-worker-21] INFO  com.intuit.karate - [print]
20:14:43.534 [ForkJoinPool-1-worker-21] INFO  com.intuit.karate - [print] testing xlinkurl:https://nationaalgeoregister.nl/geonetwork/srv/resourcesff07bd5a-d6eb-11ea-87d0-0242ac130003
20:14:43.593 [ForkJoinPool-1-worker-13] INFO  com.intuit.karate - [print] title:Geluidkaart hoofdspoornet 2016 (Lnight)
20:14:43.594 [ForkJoinPool-1-worker-13] INFO  com.intuit.karate - [print] Geluidkaart hoofdspoornet 2016 (Lnight)
20:14:43.602 [ForkJoinPool-1-worker-13] INFO  com.intuit.karate - [print] [
  "https://www.nationaalgeoregister.nl/geonetwork/srv/api/records/002d9127-c16d-4b8d-9f5e-102a8c8e36c4"
]

20:14:43.614 [ForkJoinPool-1-worker-13] INFO  com.intuit.karate - [print]
20:14:43.618 [ForkJoinPool-1-worker-13] INFO  com.intuit.karate - [print] testing xlinkurl:https://www.nationaalgeoregister.nl/geonetwork/srv/api/records/002d9127-c16d-4b8d-9f5e-102a8c8e36c4
20:14:43.686 [ForkJoinPool-1-worker-23] INFO  com.intuit.karate - [print] title:Grondwateronderzoek onder INSPIRE
20:14:43.686 [ForkJoinPool-1-worker-23] INFO  com.intuit.karate - [print] Grondwateronderzoek onder INSPIRE
20:14:43.690 [ForkJoinPool-1-worker-23] INFO  com.intuit.karate - [print] [
  "https://nationaalgeoregister.nl/geonetwork/srv/resources7e290e63-f991-4cc3-beff-1ff08ce2be77",
  "https://www.nationaalgeoregister.nl/geonetwork/srv/eng/thesaurus.download?ref=external.theme.inspire-theme"
]

20:14:43.696 [ForkJoinPool-1-worker-23] INFO  com.intuit.karate - [print]
20:14:43.697 [ForkJoinPool-1-worker-23] INFO  com.intuit.karate - [print] testing xlinkurl:https://nationaalgeoregister.nl/geonetwork/srv/resources7e290e63-f991-4cc3-beff-1ff08ce2be77
20:14:43.725 [ForkJoinPool-1-worker-5] ERROR com.intuit.karate - status code was: 404, expected: 200, response time: 285, url: https://nationaalgeoregister.nl/geonetwork/srv/resources49e49382-674d-4ce8-9f4a-ba4dd2265eef, response: 
20:14:43.725 [ForkJoinPool-1-worker-5] ERROR com.intuit.karate - feature call (loop) failed at index: 0
caller: classpath:InspireTest/ngr/datasetrecords/def/checkxlinkurl.template.feature
arg: {"link":"https://nationaalgeoregister.nl/geonetwork/srv/resources49e49382-674d-4ce8-9f4a-ba4dd2265eef"}
checkxlinkurl.template.feature:15 - status code was: 404, expected: 200, response time: 285, url: https://nationaalgeoregister.nl/geonetwork/srv/resources49e49382-674d-4ce8-9f4a-ba4dd2265eef, response: 
20:14:43.728 [ForkJoinPool-1-worker-5] INFO  com.intuit.karate - [print]
20:14:43.728 [ForkJoinPool-1-worker-5] INFO  com.intuit.karate - [print] testing xlinkurl:http://rdfdata.eionet.europa.eu/inspirethemes/themes/33
20:14:43.796 [ForkJoinPool-1-worker-3] INFO  com.intuit.karate - [print]
20:14:43.797 [ForkJoinPool-1-worker-3] INFO  com.intuit.karate - [print] testing xlinkurl:http://standaarden.overheid.nl/owms/terms/Ministerie_van_Landbouw,_Natuur_en_Voedselkwaliteit
20:14:43.801 [ForkJoinPool-1-worker-17] INFO  com.intuit.karate - [print] title:Emissies naar lucht en water in 2011 vanuit de industrie
20:14:43.801 [ForkJoinPool-1-worker-17] INFO  com.intuit.karate - [print] Emissies naar lucht en water in 2011 vanuit de industrie
20:14:43.812 [ForkJoinPool-1-worker-31] INFO  com.intuit.karate - [print] title:Administratieve Eenheden (INSPIRE geharmoniseerd)
20:14:43.814 [ForkJoinPool-1-worker-31] INFO  com.intuit.karate - [print] Administratieve Eenheden (INSPIRE geharmoniseerd)
20:14:43.823 [ForkJoinPool-1-worker-19] INFO  com.intuit.karate - [print] title:Natuurlijke alfa activiteitsconcentratie in lucht Nationaal Meetnet Radioactiviteit 2011
20:14:43.823 [ForkJoinPool-1-worker-19] INFO  com.intuit.karate - [print] Natuurlijke alfa activiteitsconcentratie in lucht Nationaal Meetnet Radioactiviteit 2011
20:14:43.826 [ForkJoinPool-1-worker-17] INFO  com.intuit.karate - [print] [
  "https://data.rivm.nl/inspire/id#6e6bf543-e1e3-468d-afae-e88618ad9a65"
]

20:14:43.832 [ForkJoinPool-1-worker-21] ERROR com.intuit.karate - status code was: 404, expected: 200, response time: 296, url: https://nationaalgeoregister.nl/geonetwork/srv/resourcesff07bd5a-d6eb-11ea-87d0-0242ac130003, response: 
20:14:43.832 [ForkJoinPool-1-worker-21] ERROR com.intuit.karate - feature call (loop) failed at index: 0
caller: classpath:InspireTest/ngr/datasetrecords/def/checkxlinkurl.template.feature
arg: {"link":"https://nationaalgeoregister.nl/geonetwork/srv/resourcesff07bd5a-d6eb-11ea-87d0-0242ac130003"}
checkxlinkurl.template.feature:15 - status code was: 404, expected: 200, response time: 296, url: https://nationaalgeoregister.nl/geonetwork/srv/resourcesff07bd5a-d6eb-11ea-87d0-0242ac130003, response: 
20:14:43.835 [ForkJoinPool-1-worker-19] INFO  com.intuit.karate - [print] [
  "https://data.rivm.nl/inspire/id#10fcd5a9-3804-48e3-bcbd-d816594dbb6f"
]

20:14:43.836 [ForkJoinPool-1-worker-21] INFO  com.intuit.karate - [print]
20:14:43.839 [ForkJoinPool-1-worker-31] INFO  com.intuit.karate - [print] [
  "http://www.opengis.net/def/crs/EPSG/0/http://www.opengis.net/def/crs/EPSG/0/4258",
  "http://kadaster/29f0fa66-3928-4e95-ae30-5b1eab818ac1"
]

20:14:43.843 [ForkJoinPool-1-worker-21] INFO  com.intuit.karate - [print] testing xlinkurl:https://www.nationaalgeoregister.nl/geonetwork/srv/eng/thesaurus.download?ref=external.theme.inspire-theme
20:14:43.851 [ForkJoinPool-1-worker-27] INFO  com.intuit.karate - [print] title:Habitatrichtlijn verspreiding van habitattypen
20:14:43.851 [ForkJoinPool-1-worker-27] INFO  com.intuit.karate - [print] Habitatrichtlijn verspreiding van habitattypen
20:14:43.854 [ForkJoinPool-1-worker-19] INFO  com.intuit.karate - [print]
20:14:43.860 [ForkJoinPool-1-worker-19] INFO  com.intuit.karate - [print] testing xlinkurl:https://data.rivm.nl/inspire/id#10fcd5a9-3804-48e3-bcbd-d816594dbb6f
20:14:43.840 [ForkJoinPool-1-worker-17] INFO  com.intuit.karate - [print]
20:14:43.858 [ForkJoinPool-1-worker-31] INFO  com.intuit.karate - [print]
20:14:43.861 [ForkJoinPool-1-worker-17] INFO  com.intuit.karate - [print] testing xlinkurl:https://data.rivm.nl/inspire/id#6e6bf543-e1e3-468d-afae-e88618ad9a65
20:14:43.862 [ForkJoinPool-1-worker-31] INFO  com.intuit.karate - [print] testing xlinkurl:http://www.opengis.net/def/crs/EPSG/0/http://www.opengis.net/def/crs/EPSG/0/4258
20:14:43.864 [ForkJoinPool-1-worker-27] INFO  com.intuit.karate - [print] [
  "https://www.nationaalgeoregister.nl/geonetwork/srv/dut/catalog.search#/metadata/977e0e94-7aa9-4784-b2da-eaec44adb61b",
  "http://standaarden.overheid.nl/owms/terms/Ministerie_van_Landbouw,_Natuur_en_Voedselkwaliteit"
]

20:14:43.869 [ForkJoinPool-1-worker-27] INFO  com.intuit.karate - [print]
20:14:43.870 [ForkJoinPool-1-worker-27] INFO  com.intuit.karate - [print] testing xlinkurl:https://www.nationaalgeoregister.nl/geonetwork/srv/dut/catalog.search#/metadata/977e0e94-7aa9-4784-b2da-eaec44adb61b
20:14:43.904 [ForkJoinPool-1-worker-13] ERROR com.intuit.karate - status code was: 400, expected: 200, response time: 280, url: https://www.nationaalgeoregister.nl/geonetwork/srv/api/records/002d9127-c16d-4b8d-9f5e-102a8c8e36c4, response: 
20:14:43.905 [ForkJoinPool-1-worker-13] ERROR com.intuit.karate - feature call (loop) failed at index: 0
caller: classpath:InspireTest/ngr/datasetrecords/def/checkxlinkurl.template.feature
arg: {"link":"https://www.nationaalgeoregister.nl/geonetwork/srv/api/records/002d9127-c16d-4b8d-9f5e-102a8c8e36c4"}
checkxlinkurl.template.feature:15 - status code was: 400, expected: 200, response time: 280, url: https://www.nationaalgeoregister.nl/geonetwork/srv/api/records/002d9127-c16d-4b8d-9f5e-102a8c8e36c4, response: 
20:14:43.979 [ForkJoinPool-1-worker-23] ERROR com.intuit.karate - status code was: 404, expected: 200, response time: 281, url: https://nationaalgeoregister.nl/geonetwork/srv/resources7e290e63-f991-4cc3-beff-1ff08ce2be77, response: 
20:14:43.979 [ForkJoinPool-1-worker-23] ERROR com.intuit.karate - feature call (loop) failed at index: 0
caller: classpath:InspireTest/ngr/datasetrecords/def/checkxlinkurl.template.feature
arg: {"link":"https://nationaalgeoregister.nl/geonetwork/srv/resources7e290e63-f991-4cc3-beff-1ff08ce2be77"}
checkxlinkurl.template.feature:15 - status code was: 404, expected: 200, response time: 281, url: https://nationaalgeoregister.nl/geonetwork/srv/resources7e290e63-f991-4cc3-beff-1ff08ce2be77, response: 
20:14:43.983 [ForkJoinPool-1-worker-23] INFO  com.intuit.karate - [print]
20:14:43.983 [ForkJoinPool-1-worker-23] INFO  com.intuit.karate - [print] testing xlinkurl:https://www.nationaalgeoregister.nl/geonetwork/srv/eng/thesaurus.download?ref=external.theme.inspire-theme
20:14:44.187 [ForkJoinPool-1-worker-9] INFO  com.intuit.karate - [print]
20:14:44.189 [ForkJoinPool-1-worker-9] INFO  com.intuit.karate - [print] testing xlinkurl:https://www.nationaalgeoregister.nl/geonetwork/srv/api/records3703b249-a0eb-484e-ba7a-10e31a55bcec
20:14:44.207 [ForkJoinPool-1-worker-5] ERROR com.intuit.karate - status code was: 404, expected: 200, response time: 478, url: http://rdfdata.eionet.europa.eu/inspirethemes/themes/33, response: 
20:14:44.208 [ForkJoinPool-1-worker-5] ERROR com.intuit.karate - feature call (loop) failed at index: 1
caller: classpath:InspireTest/ngr/datasetrecords/def/checkxlinkurl.template.feature
arg: {"link":"http://rdfdata.eionet.europa.eu/inspirethemes/themes/33"}
checkxlinkurl.template.feature:15 - status code was: 404, expected: 200, response time: 478, url: http://rdfdata.eionet.europa.eu/inspirethemes/themes/33, response: 
20:14:44.209 [ForkJoinPool-1-worker-5] INFO  com.intuit.karate - [print]
20:14:44.212 [ForkJoinPool-1-worker-31] INFO  com.intuit.karate - [print]
20:14:44.212 [ForkJoinPool-1-worker-31] INFO  com.intuit.karate - [print] testing xlinkurl:http://kadaster/29f0fa66-3928-4e95-ae30-5b1eab818ac1
20:14:44.213 [ForkJoinPool-1-worker-5] INFO  com.intuit.karate - [print] testing xlinkurl:http://geonetwork-opensource.org/inspire-theme#
20:14:44.244 [ForkJoinPool-1-worker-31] ERROR com.intuit.karate - java.net.UnknownHostException: kadaster: Temporary failure in name resolution, http call failed after 31 milliseconds for URL: http://kadaster/29f0fa66-3928-4e95-ae30-5b1eab818ac1
20:14:44.245 [ForkJoinPool-1-worker-31] ERROR com.intuit.karate - http request failed: 
java.net.UnknownHostException: kadaster: Temporary failure in name resolution
20:14:44.246 [ForkJoinPool-1-worker-31] ERROR com.intuit.karate - feature call (loop) failed at index: 1
caller: classpath:InspireTest/ngr/datasetrecords/def/checkxlinkurl.template.feature
arg: {"link":"http://kadaster/29f0fa66-3928-4e95-ae30-5b1eab818ac1"}
checkxlinkurl.template.feature:14 - 
java.net.UnknownHostException: kadaster: Temporary failure in name resolution
20:14:44.279 [ForkJoinPool-1-worker-21] ERROR com.intuit.karate - status code was: 500, expected: 200, response time: 434, url: https://www.nationaalgeoregister.nl/geonetwork/srv/eng/thesaurus.download?ref=external.theme.inspire-theme, response: 
20:14:44.279 [ForkJoinPool-1-worker-21] ERROR com.intuit.karate - feature call (loop) failed at index: 1
caller: classpath:InspireTest/ngr/datasetrecords/def/checkxlinkurl.template.feature
arg: {"link":"https://www.nationaalgeoregister.nl/geonetwork/srv/eng/thesaurus.download?ref=external.theme.inspire-theme"}
checkxlinkurl.template.feature:15 - status code was: 500, expected: 200, response time: 434, url: https://www.nationaalgeoregister.nl/geonetwork/srv/eng/thesaurus.download?ref=external.theme.inspire-theme, response: 
20:14:44.291 [ForkJoinPool-1-worker-27] INFO  com.intuit.karate - [print]
20:14:44.291 [ForkJoinPool-1-worker-27] INFO  com.intuit.karate - [print] testing xlinkurl:http://standaarden.overheid.nl/owms/terms/Ministerie_van_Landbouw,_Natuur_en_Voedselkwaliteit
20:14:44.331 [ForkJoinPool-1-worker-23] ERROR com.intuit.karate - status code was: 500, expected: 200, response time: 346, url: https://www.nationaalgeoregister.nl/geonetwork/srv/eng/thesaurus.download?ref=external.theme.inspire-theme, response: 
20:14:44.332 [ForkJoinPool-1-worker-23] ERROR com.intuit.karate - feature call (loop) failed at index: 1
caller: classpath:InspireTest/ngr/datasetrecords/def/checkxlinkurl.template.feature
arg: {"link":"https://www.nationaalgeoregister.nl/geonetwork/srv/eng/thesaurus.download?ref=external.theme.inspire-theme"}
checkxlinkurl.template.feature:15 - status code was: 500, expected: 200, response time: 346, url: https://www.nationaalgeoregister.nl/geonetwork/srv/eng/thesaurus.download?ref=external.theme.inspire-theme, response: 
20:14:44.339 [ForkJoinPool-1-worker-19] ERROR com.intuit.karate - javax.net.ssl.SSLException: Connection reset, http call failed after 479 milliseconds for URL: https://data.rivm.nl/inspire/id#10fcd5a9-3804-48e3-bcbd-d816594dbb6f
20:14:44.339 [ForkJoinPool-1-worker-19] ERROR com.intuit.karate - http request failed: 
javax.net.ssl.SSLException: Connection reset
20:14:44.340 [ForkJoinPool-1-worker-19] ERROR com.intuit.karate - feature call (loop) failed at index: 0
caller: classpath:InspireTest/ngr/datasetrecords/def/checkxlinkurl.template.feature
arg: {"link":"https://data.rivm.nl/inspire/id#10fcd5a9-3804-48e3-bcbd-d816594dbb6f"}
checkxlinkurl.template.feature:14 - 
javax.net.ssl.SSLException: Connection reset
20:14:44.341 [ForkJoinPool-1-worker-17] ERROR com.intuit.karate - javax.net.ssl.SSLException: Connection reset, http call failed after 479 milliseconds for URL: https://data.rivm.nl/inspire/id#6e6bf543-e1e3-468d-afae-e88618ad9a65
20:14:44.341 [ForkJoinPool-1-worker-17] ERROR com.intuit.karate - http request failed: 
javax.net.ssl.SSLException: Connection reset
20:14:44.341 [ForkJoinPool-1-worker-17] ERROR com.intuit.karate - feature call (loop) failed at index: 0
caller: classpath:InspireTest/ngr/datasetrecords/def/checkxlinkurl.template.feature
arg: {"link":"https://data.rivm.nl/inspire/id#6e6bf543-e1e3-468d-afae-e88618ad9a65"}
checkxlinkurl.template.feature:14 - 
javax.net.ssl.SSLException: Connection reset
20:14:44.465 [ForkJoinPool-1-worker-13] INFO  com.intuit.karate - [print] title:Nationale Parken (INSPIRE Geharmoniseerd)
20:14:44.465 [ForkJoinPool-1-worker-13] INFO  com.intuit.karate - [print] Nationale Parken (INSPIRE Geharmoniseerd)
20:14:44.468 [ForkJoinPool-1-worker-13] INFO  com.intuit.karate - [print] [
  "http://standaarden.overheid.nl/owms/terms/Ministerie_van_Landbouw,_Natuur_en_Voedselkwaliteit",
  "http://nationaalgeoregister.nl/geonetwork/srv/dut/catalog.search#/metadata/247a1d15-0a67-40ce-85be-1403c08f15a8",
  "http://standaarden.overheid.nl/owms/terms/Ministerie_van_Landbouw,_Natuur_en_Voedselkwaliteit",
  "http://standaarden.overheid.nl/owms/terms/Ministerie_van_Landbouw,_Natuur_en_Voedselkwaliteit",
  "xlink:href=https://inspire.ec.europa.eu/id/document/tg/ps",
  "https://data.overheid.nl/organisatie/PDOK"
]

20:14:44.474 [ForkJoinPool-1-worker-13] INFO  com.intuit.karate - [print]
20:14:44.474 [ForkJoinPool-1-worker-13] INFO  com.intuit.karate - [print] testing xlinkurl:http://standaarden.overheid.nl/owms/terms/Ministerie_van_Landbouw,_Natuur_en_Voedselkwaliteit
20:14:44.655 [ForkJoinPool-1-worker-9] ERROR com.intuit.karate - status code was: 500, expected: 200, response time: 465, url: https://www.nationaalgeoregister.nl/geonetwork/srv/api/records3703b249-a0eb-484e-ba7a-10e31a55bcec, response: 
20:14:44.656 [ForkJoinPool-1-worker-9] ERROR com.intuit.karate - feature call (loop) failed at index: 1
caller: classpath:InspireTest/ngr/datasetrecords/def/checkxlinkurl.template.feature
arg: {"link":"https://www.nationaalgeoregister.nl/geonetwork/srv/api/records3703b249-a0eb-484e-ba7a-10e31a55bcec"}
checkxlinkurl.template.feature:15 - status code was: 500, expected: 200, response time: 465, url: https://www.nationaalgeoregister.nl/geonetwork/srv/api/records3703b249-a0eb-484e-ba7a-10e31a55bcec, response: 
20:14:44.657 [ForkJoinPool-1-worker-9] INFO  com.intuit.karate - [print]
20:14:44.658 [ForkJoinPool-1-worker-9] INFO  com.intuit.karate - [print] testing xlinkurl:579
20:14:44.659 [ForkJoinPool-1-worker-9] ERROR com.intuit.karate - org.apache.http.client.ClientProtocolException, http call failed after 0 milliseconds for URL: 579
20:14:44.660 [ForkJoinPool-1-worker-9] ERROR com.intuit.karate - http request failed: 
org.apache.http.client.ClientProtocolException
20:14:44.660 [ForkJoinPool-1-worker-9] ERROR com.intuit.karate - feature call (loop) failed at index: 2
caller: classpath:InspireTest/ngr/datasetrecords/def/checkxlinkurl.template.feature
arg: {"link":"579"}
checkxlinkurl.template.feature:14 - 
org.apache.http.client.ClientProtocolException
20:14:44.905 [ForkJoinPool-1-worker-5] ERROR com.intuit.karate - status code was: 404, expected: 200, response time: 397, url: http://geonetwork-opensource.org/inspire-theme#, response: 
20:14:44.905 [ForkJoinPool-1-worker-5] ERROR com.intuit.karate - feature call (loop) failed at index: 2
caller: classpath:InspireTest/ngr/datasetrecords/def/checkxlinkurl.template.feature
arg: {"link":"http://geonetwork-opensource.org/inspire-theme#"}
checkxlinkurl.template.feature:15 - status code was: 404, expected: 200, response time: 397, url: http://geonetwork-opensource.org/inspire-theme#, response: 
20:14:44.908 [ForkJoinPool-1-worker-5] INFO  com.intuit.karate - [print]
20:14:44.908 [ForkJoinPool-1-worker-5] INFO  com.intuit.karate - [print] testing xlinkurl:https://www.nationaalgeoregister.nl/geonetwork/srv/eng/thesaurus.download?ref=external.theme.inspire-theme
20:14:44.934 [ForkJoinPool-1-worker-31] INFO  com.intuit.karate - [print] title:Omgevingsdosisequivalenttempo Nationaal Meetnet Radioactiviteit 2011
20:14:44.934 [ForkJoinPool-1-worker-31] INFO  com.intuit.karate - [print] Omgevingsdosisequivalenttempo Nationaal Meetnet Radioactiviteit 2011
20:14:44.938 [ForkJoinPool-1-worker-31] INFO  com.intuit.karate - [print] [
  "https://data.rivm.nl/inspire/id#722e3937-3e53-4048-97ef-1ced2c77f7dd"
]

20:14:44.945 [ForkJoinPool-1-worker-31] INFO  com.intuit.karate - [print]
20:14:44.946 [ForkJoinPool-1-worker-31] INFO  com.intuit.karate - [print] testing xlinkurl:https://data.rivm.nl/inspire/id#722e3937-3e53-4048-97ef-1ced2c77f7dd
20:14:44.997 [ForkJoinPool-1-worker-21] INFO  com.intuit.karate - [print] title:Vervoersnetwerken - Wegen (INSPIRE geharmoniseerd)
20:14:45.003 [ForkJoinPool-1-worker-21] INFO  com.intuit.karate - [print] Vervoersnetwerken - Wegen (INSPIRE geharmoniseerd)
20:14:45.008 [ForkJoinPool-1-worker-21] INFO  com.intuit.karate - [print] [
  "http://www.opengis.net/def/crs/EPSG/0/http://www.opengis.net/def/crs/EPSG/0/4258",
  "http://kadaster/df1a98c0-58ba-48ff-8825-b4fb6322c586"
]

20:14:45.016 [ForkJoinPool-1-worker-13] INFO  com.intuit.karate - [print]
20:14:45.017 [ForkJoinPool-1-worker-13] INFO  com.intuit.karate - [print] testing xlinkurl:http://nationaalgeoregister.nl/geonetwork/srv/dut/catalog.search#/metadata/247a1d15-0a67-40ce-85be-1403c08f15a8
20:14:45.024 [ForkJoinPool-1-worker-23] INFO  com.intuit.karate - [print] title:Vervoersnetwerken - Kabelbanen (INSPIRE geharmoniseerd)
20:14:45.025 [ForkJoinPool-1-worker-23] INFO  com.intuit.karate - [print] Vervoersnetwerken - Kabelbanen (INSPIRE geharmoniseerd)
20:14:45.032 [ForkJoinPool-1-worker-23] INFO  com.intuit.karate - [print] [
  "http://www.opengis.net/def/crs/EPSG/0/http://www.opengis.net/def/crs/EPSG/0/4258",
  "http://kadaster/ed4caa3b-a49e-4a9a-8206-50a3cf451b9a"
]

20:14:45.039 [ForkJoinPool-1-worker-21] INFO  com.intuit.karate - [print]
20:14:45.040 [ForkJoinPool-1-worker-21] INFO  com.intuit.karate - [print] testing xlinkurl:http://www.opengis.net/def/crs/EPSG/0/http://www.opengis.net/def/crs/EPSG/0/4258
20:14:45.044 [ForkJoinPool-1-worker-23] INFO  com.intuit.karate - [print]
20:14:45.045 [ForkJoinPool-1-worker-23] INFO  com.intuit.karate - [print] testing xlinkurl:http://www.opengis.net/def/crs/EPSG/0/http://www.opengis.net/def/crs/EPSG/0/4258
20:14:45.058 [ForkJoinPool-1-worker-19] INFO  com.intuit.karate - [print] title:Bodemgebruik
20:14:45.059 [ForkJoinPool-1-worker-19] INFO  com.intuit.karate - [print] Bodemgebruik
20:14:45.064 [ForkJoinPool-1-worker-19] INFO  com.intuit.karate - [print] [
  "http://kadaster/06b6c650-cdb1-11dd-ad8b-0800200c9a78"
]

20:14:45.073 [ForkJoinPool-1-worker-19] INFO  com.intuit.karate - [print]
20:14:45.074 [ForkJoinPool-1-worker-19] INFO  com.intuit.karate - [print] testing xlinkurl:http://kadaster/06b6c650-cdb1-11dd-ad8b-0800200c9a78
20:14:45.076 [ForkJoinPool-1-worker-19] ERROR com.intuit.karate - java.net.UnknownHostException: kadaster, http call failed after 0 milliseconds for URL: http://kadaster/06b6c650-cdb1-11dd-ad8b-0800200c9a78
20:14:45.077 [ForkJoinPool-1-worker-19] ERROR com.intuit.karate - http request failed: 
java.net.UnknownHostException: kadaster
20:14:45.078 [ForkJoinPool-1-worker-19] ERROR com.intuit.karate - feature call (loop) failed at index: 0
caller: classpath:InspireTest/ngr/datasetrecords/def/checkxlinkurl.template.feature
arg: {"link":"http://kadaster/06b6c650-cdb1-11dd-ad8b-0800200c9a78"}
checkxlinkurl.template.feature:14 - 
java.net.UnknownHostException: kadaster
20:14:45.123 [ForkJoinPool-1-worker-17] INFO  com.intuit.karate - [print] title:Zeegebieden
20:14:45.124 [ForkJoinPool-1-worker-17] INFO  com.intuit.karate - [print] Zeegebieden
20:14:45.132 [ForkJoinPool-1-worker-17] INFO  com.intuit.karate - [print] [
  "http://kadaster/7c22107ea-5e31-4bbc-8e24-d15fe230062e"
]

20:14:45.137 [ForkJoinPool-1-worker-17] INFO  com.intuit.karate - [print]
20:14:45.138 [ForkJoinPool-1-worker-17] INFO  com.intuit.karate - [print] testing xlinkurl:http://kadaster/7c22107ea-5e31-4bbc-8e24-d15fe230062e
20:14:45.139 [ForkJoinPool-1-worker-17] ERROR com.intuit.karate - java.net.UnknownHostException: kadaster, http call failed after 0 milliseconds for URL: http://kadaster/7c22107ea-5e31-4bbc-8e24-d15fe230062e
20:14:45.140 [ForkJoinPool-1-worker-17] ERROR com.intuit.karate - http request failed: 
java.net.UnknownHostException: kadaster
20:14:45.141 [ForkJoinPool-1-worker-17] ERROR com.intuit.karate - feature call (loop) failed at index: 0
caller: classpath:InspireTest/ngr/datasetrecords/def/checkxlinkurl.template.feature
arg: {"link":"http://kadaster/7c22107ea-5e31-4bbc-8e24-d15fe230062e"}
checkxlinkurl.template.feature:14 - 
java.net.UnknownHostException: kadaster
20:14:45.224 [ForkJoinPool-1-worker-3] INFO  com.intuit.karate - [print] title:Vervoersnetwerken - Luchttransport (INSPIRE geharmoniseerd)
20:14:45.224 [ForkJoinPool-1-worker-3] INFO  com.intuit.karate - [print] Vervoersnetwerken - Luchttransport (INSPIRE geharmoniseerd)
20:14:45.230 [ForkJoinPool-1-worker-5] ERROR com.intuit.karate - status code was: 500, expected: 200, response time: 321, url: https://www.nationaalgeoregister.nl/geonetwork/srv/eng/thesaurus.download?ref=external.theme.inspire-theme, response: 
20:14:45.230 [ForkJoinPool-1-worker-5] ERROR com.intuit.karate - feature call (loop) failed at index: 3
caller: classpath:InspireTest/ngr/datasetrecords/def/checkxlinkurl.template.feature
arg: {"link":"https://www.nationaalgeoregister.nl/geonetwork/srv/eng/thesaurus.download?ref=external.theme.inspire-theme"}
checkxlinkurl.template.feature:15 - status code was: 500, expected: 200, response time: 321, url: https://www.nationaalgeoregister.nl/geonetwork/srv/eng/thesaurus.download?ref=external.theme.inspire-theme, response: 
20:14:45.238 [ForkJoinPool-1-worker-3] INFO  com.intuit.karate - [print] [
  "http://www.opengis.net/def/crs/EPSG/0/http://www.opengis.net/def/crs/EPSG/0/4258",
  "http://kadaster/3b7bb05b-2d2e-4329-9a72-0eac19e315de"
]

20:14:45.248 [ForkJoinPool-1-worker-3] INFO  com.intuit.karate - [print]
20:14:45.248 [ForkJoinPool-1-worker-3] INFO  com.intuit.karate - [print] testing xlinkurl:http://www.opengis.net/def/crs/EPSG/0/http://www.opengis.net/def/crs/EPSG/0/4258
20:14:45.250 [ForkJoinPool-1-worker-9] INFO  com.intuit.karate - [print] title:Hydrografie
20:14:45.251 [ForkJoinPool-1-worker-9] INFO  com.intuit.karate - [print] Hydrografie
20:14:45.255 [ForkJoinPool-1-worker-13] INFO  com.intuit.karate - [print]
20:14:45.255 [ForkJoinPool-1-worker-13] INFO  com.intuit.karate - [print] testing xlinkurl:http://standaarden.overheid.nl/owms/terms/Ministerie_van_Landbouw,_Natuur_en_Voedselkwaliteit
20:14:45.259 [ForkJoinPool-1-worker-9] INFO  com.intuit.karate - [print] [
  "http://kadaster/06b6c650-cdb1-11dd-ad8b-0800200c9a80"
]

20:14:45.264 [ForkJoinPool-1-worker-9] INFO  com.intuit.karate - [print]
20:14:45.265 [ForkJoinPool-1-worker-9] INFO  com.intuit.karate - [print] testing xlinkurl:http://kadaster/06b6c650-cdb1-11dd-ad8b-0800200c9a80
20:14:45.267 [ForkJoinPool-1-worker-9] ERROR com.intuit.karate - java.net.UnknownHostException: kadaster, http call failed after 0 milliseconds for URL: http://kadaster/06b6c650-cdb1-11dd-ad8b-0800200c9a80
20:14:45.267 [ForkJoinPool-1-worker-9] ERROR com.intuit.karate - http request failed: 
java.net.UnknownHostException: kadaster
20:14:45.268 [ForkJoinPool-1-worker-9] ERROR com.intuit.karate - feature call (loop) failed at index: 0
caller: classpath:InspireTest/ngr/datasetrecords/def/checkxlinkurl.template.feature
arg: {"link":"http://kadaster/06b6c650-cdb1-11dd-ad8b-0800200c9a80"}
checkxlinkurl.template.feature:14 - 
java.net.UnknownHostException: kadaster
20:14:45.304 [ForkJoinPool-1-worker-31] ERROR com.intuit.karate - javax.net.ssl.SSLException: Connection reset, http call failed after 357 milliseconds for URL: https://data.rivm.nl/inspire/id#722e3937-3e53-4048-97ef-1ced2c77f7dd
20:14:45.304 [ForkJoinPool-1-worker-31] ERROR com.intuit.karate - http request failed: 
javax.net.ssl.SSLException: Connection reset
20:14:45.304 [ForkJoinPool-1-worker-31] ERROR com.intuit.karate - feature call (loop) failed at index: 0
caller: classpath:InspireTest/ngr/datasetrecords/def/checkxlinkurl.template.feature
arg: {"link":"https://data.rivm.nl/inspire/id#722e3937-3e53-4048-97ef-1ced2c77f7dd"}
checkxlinkurl.template.feature:14 - 
javax.net.ssl.SSLException: Connection reset
20:14:45.335 [ForkJoinPool-1-worker-21] INFO  com.intuit.karate - [print]
20:14:45.335 [ForkJoinPool-1-worker-21] INFO  com.intuit.karate - [print] testing xlinkurl:http://kadaster/df1a98c0-58ba-48ff-8825-b4fb6322c586
20:14:45.336 [ForkJoinPool-1-worker-21] ERROR com.intuit.karate - java.net.UnknownHostException: kadaster, http call failed after 0 milliseconds for URL: http://kadaster/df1a98c0-58ba-48ff-8825-b4fb6322c586
20:14:45.337 [ForkJoinPool-1-worker-21] ERROR com.intuit.karate - http request failed: 
java.net.UnknownHostException: kadaster
20:14:45.337 [ForkJoinPool-1-worker-21] ERROR com.intuit.karate - feature call (loop) failed at index: 1
caller: classpath:InspireTest/ngr/datasetrecords/def/checkxlinkurl.template.feature
arg: {"link":"http://kadaster/df1a98c0-58ba-48ff-8825-b4fb6322c586"}
checkxlinkurl.template.feature:14 - 
java.net.UnknownHostException: kadaster
20:14:45.341 [ForkJoinPool-1-worker-23] INFO  com.intuit.karate - [print]
20:14:45.341 [ForkJoinPool-1-worker-23] INFO  com.intuit.karate - [print] testing xlinkurl:http://kadaster/ed4caa3b-a49e-4a9a-8206-50a3cf451b9a
20:14:45.341 [ForkJoinPool-1-worker-23] ERROR com.intuit.karate - java.net.UnknownHostException: kadaster, http call failed after 0 milliseconds for URL: http://kadaster/ed4caa3b-a49e-4a9a-8206-50a3cf451b9a
20:14:45.341 [ForkJoinPool-1-worker-23] ERROR com.intuit.karate - http request failed: 
java.net.UnknownHostException: kadaster
20:14:45.341 [ForkJoinPool-1-worker-23] ERROR com.intuit.karate - feature call (loop) failed at index: 1
caller: classpath:InspireTest/ngr/datasetrecords/def/checkxlinkurl.template.feature
arg: {"link":"http://kadaster/ed4caa3b-a49e-4a9a-8206-50a3cf451b9a"}
checkxlinkurl.template.feature:14 - 
java.net.UnknownHostException: kadaster
20:14:45.400 [ForkJoinPool-1-worker-27] INFO  com.intuit.karate - [print] title:Hydrografie - Physical Waters (INSPIRE geharmoniseerd)
20:14:45.401 [ForkJoinPool-1-worker-27] INFO  com.intuit.karate - [print] Hydrografie - Physical Waters (INSPIRE geharmoniseerd)
20:14:45.404 [ForkJoinPool-1-worker-27] INFO  com.intuit.karate - [print] [
  "http://www.opengis.net/def/crs/EPSG/0/http://www.opengis.net/def/crs/EPSG/0/4258",
  "http://kadaster/70a0f618-9d4f-4be9-9d9d-11106ff6971c"
]

20:14:45.411 [ForkJoinPool-1-worker-27] INFO  com.intuit.karate - [print]
20:14:45.411 [ForkJoinPool-1-worker-27] INFO  com.intuit.karate - [print] testing xlinkurl:http://www.opengis.net/def/crs/EPSG/0/http://www.opengis.net/def/crs/EPSG/0/4258
20:14:45.542 [ForkJoinPool-1-worker-3] INFO  com.intuit.karate - [print]
20:14:45.543 [ForkJoinPool-1-worker-3] INFO  com.intuit.karate - [print] testing xlinkurl:http://kadaster/3b7bb05b-2d2e-4329-9a72-0eac19e315de
20:14:45.544 [ForkJoinPool-1-worker-3] ERROR com.intuit.karate - java.net.UnknownHostException: kadaster, http call failed after 0 milliseconds for URL: http://kadaster/3b7bb05b-2d2e-4329-9a72-0eac19e315de
20:14:45.545 [ForkJoinPool-1-worker-3] ERROR com.intuit.karate - http request failed: 
java.net.UnknownHostException: kadaster
20:14:45.546 [ForkJoinPool-1-worker-3] ERROR com.intuit.karate - feature call (loop) failed at index: 1
caller: classpath:InspireTest/ngr/datasetrecords/def/checkxlinkurl.template.feature
arg: {"link":"http://kadaster/3b7bb05b-2d2e-4329-9a72-0eac19e315de"}
checkxlinkurl.template.feature:14 - 
java.net.UnknownHostException: kadaster
20:14:45.647 [ForkJoinPool-1-worker-19] INFO  com.intuit.karate - [print] title:Vervoersnetwerken - Spoorwegen (INSPIRE geharmoniseerd)
20:14:45.648 [ForkJoinPool-1-worker-19] INFO  com.intuit.karate - [print] Vervoersnetwerken - Spoorwegen (INSPIRE geharmoniseerd)
20:14:45.651 [ForkJoinPool-1-worker-19] INFO  com.intuit.karate - [print] [
  "http://www.opengis.net/def/crs/EPSG/0/http://www.opengis.net/def/crs/EPSG/0/4258",
  "http://kadaster/cb4edbd2-2dca-4d44-92bb-b2202048b526"
]

20:14:45.657 [ForkJoinPool-1-worker-19] INFO  com.intuit.karate - [print]
20:14:45.658 [ForkJoinPool-1-worker-19] INFO  com.intuit.karate - [print] testing xlinkurl:http://www.opengis.net/def/crs/EPSG/0/http://www.opengis.net/def/crs/EPSG/0/4258
20:14:45.709 [ForkJoinPool-1-worker-27] INFO  com.intuit.karate - [print]
20:14:45.710 [ForkJoinPool-1-worker-27] INFO  com.intuit.karate - [print] testing xlinkurl:http://kadaster/70a0f618-9d4f-4be9-9d9d-11106ff6971c
20:14:45.712 [ForkJoinPool-1-worker-27] ERROR com.intuit.karate - java.net.UnknownHostException: kadaster, http call failed after 1 milliseconds for URL: http://kadaster/70a0f618-9d4f-4be9-9d9d-11106ff6971c
20:14:45.713 [ForkJoinPool-1-worker-27] ERROR com.intuit.karate - http request failed: 
java.net.UnknownHostException: kadaster
20:14:45.713 [ForkJoinPool-1-worker-27] ERROR com.intuit.karate - feature call (loop) failed at index: 1
caller: classpath:InspireTest/ngr/datasetrecords/def/checkxlinkurl.template.feature
arg: {"link":"http://kadaster/70a0f618-9d4f-4be9-9d9d-11106ff6971c"}
checkxlinkurl.template.feature:14 - 
java.net.UnknownHostException: kadaster
20:14:45.770 [ForkJoinPool-1-worker-17] INFO  com.intuit.karate - [print] title:Windsnelheden op 100m hoogte (m/s)
20:14:45.770 [ForkJoinPool-1-worker-17] INFO  com.intuit.karate - [print] Windsnelheden op 100m hoogte (m/s)
20:14:45.773 [ForkJoinPool-1-worker-17] INFO  com.intuit.karate - [print] [
]

20:14:45.788 [ForkJoinPool-1-worker-13] INFO  com.intuit.karate - [print]
20:14:45.788 [ForkJoinPool-1-worker-13] INFO  com.intuit.karate - [print] testing xlinkurl:http://standaarden.overheid.nl/owms/terms/Ministerie_van_Landbouw,_Natuur_en_Voedselkwaliteit
20:14:45.865 [ForkJoinPool-1-worker-5] INFO  com.intuit.karate - [print] title:Vergunningen Mijnbouwwet onder INSPIRE
20:14:45.865 [ForkJoinPool-1-worker-5] INFO  com.intuit.karate - [print] Vergunningen Mijnbouwwet onder INSPIRE
20:14:45.869 [ForkJoinPool-1-worker-5] INFO  com.intuit.karate - [print] [
  "https://nationaalgeoregister.nl/geonetwork/srv/resources8bdf76b6-c9c9-4011-a7bc-022ae14a4024",
  "http://rdfdata.eionet.europa.eu/inspirethemes/themes/24",
  "http://geonetwork-opensource.org/inspire-theme#",
  "https://www.nationaalgeoregister.nl/geonetwork/srv/eng/thesaurus.download?ref=external.theme.inspire-theme"
]

20:14:45.884 [ForkJoinPool-1-worker-5] INFO  com.intuit.karate - [print]
20:14:45.885 [ForkJoinPool-1-worker-5] INFO  com.intuit.karate - [print] testing xlinkurl:https://nationaalgeoregister.nl/geonetwork/srv/resources8bdf76b6-c9c9-4011-a7bc-022ae14a4024
20:14:45.938 [ForkJoinPool-1-worker-9] INFO  com.intuit.karate - [print] title:Monitoring stations (Nitraatrichtlijn) ondiepe filters
20:14:45.938 [ForkJoinPool-1-worker-9] INFO  com.intuit.karate - [print] Monitoring stations (Nitraatrichtlijn) ondiepe filters
20:14:45.943 [ForkJoinPool-1-worker-9] INFO  com.intuit.karate - [print] [
  "https://data.rivm.nl/inspire/id#7247293d-2113-44d8-b335-8167b2ec4d1b"
]

20:14:45.953 [ForkJoinPool-1-worker-19] INFO  com.intuit.karate - [print]
20:14:45.953 [ForkJoinPool-1-worker-19] INFO  com.intuit.karate - [print] testing xlinkurl:http://kadaster/cb4edbd2-2dca-4d44-92bb-b2202048b526
20:14:45.955 [ForkJoinPool-1-worker-19] ERROR com.intuit.karate - java.net.UnknownHostException: kadaster, http call failed after 1 milliseconds for URL: http://kadaster/cb4edbd2-2dca-4d44-92bb-b2202048b526
20:14:45.955 [ForkJoinPool-1-worker-19] ERROR com.intuit.karate - http request failed: 
java.net.UnknownHostException: kadaster
20:14:45.956 [ForkJoinPool-1-worker-19] ERROR com.intuit.karate - feature call (loop) failed at index: 1
caller: classpath:InspireTest/ngr/datasetrecords/def/checkxlinkurl.template.feature
arg: {"link":"http://kadaster/cb4edbd2-2dca-4d44-92bb-b2202048b526"}
checkxlinkurl.template.feature:14 - 
java.net.UnknownHostException: kadaster
20:14:45.962 [ForkJoinPool-1-worker-9] INFO  com.intuit.karate - [print]
20:14:45.964 [ForkJoinPool-1-worker-9] INFO  com.intuit.karate - [print] testing xlinkurl:https://data.rivm.nl/inspire/id#7247293d-2113-44d8-b335-8167b2ec4d1b
20:14:46.037 [ForkJoinPool-1-worker-31] INFO  com.intuit.karate - [print] title:Geluidkaart hoofdspoornet 2011 (Lden)
20:14:46.038 [ForkJoinPool-1-worker-31] INFO  com.intuit.karate - [print] Geluidkaart hoofdspoornet 2011 (Lden)
20:14:46.040 [ForkJoinPool-1-worker-31] INFO  com.intuit.karate - [print] [
  "https://www.nationaalgeoregister.nl/geonetwork/srv/api/records844404a2-9cd0-452e-b29a-74588777485a"
]

20:14:46.047 [ForkJoinPool-1-worker-31] INFO  com.intuit.karate - [print]
20:14:46.047 [ForkJoinPool-1-worker-31] INFO  com.intuit.karate - [print] testing xlinkurl:https://www.nationaalgeoregister.nl/geonetwork/srv/api/records844404a2-9cd0-452e-b29a-74588777485a
20:14:46.085 [ForkJoinPool-1-worker-23] INFO  com.intuit.karate - [print] title:Netwerk van KNMI waarneemstations
20:14:46.085 [ForkJoinPool-1-worker-23] INFO  com.intuit.karate - [print] Netwerk van KNMI waarneemstations
20:14:46.089 [ForkJoinPool-1-worker-23] INFO  com.intuit.karate - [print] [
  "https://www.nationaalgeoregister.nl/geonetwork/srv/api/records6c6be9c5-b09b-4dcf-a5fd-f149cbaca6fb",
  "https://creativecommons.org/publicdomain/zero/*/deed.nl"
]

20:14:46.102 [ForkJoinPool-1-worker-23] INFO  com.intuit.karate - [print]
20:14:46.104 [ForkJoinPool-1-worker-23] INFO  com.intuit.karate - [print] testing xlinkurl:https://www.nationaalgeoregister.nl/geonetwork/srv/api/records6c6be9c5-b09b-4dcf-a5fd-f149cbaca6fb
20:14:46.164 [ForkJoinPool-1-worker-21] INFO  com.intuit.karate - [print] title:Geografische Namen
20:14:46.170 [ForkJoinPool-1-worker-21] INFO  com.intuit.karate - [print] Geografische Namen
20:14:46.172 [ForkJoinPool-1-worker-21] INFO  com.intuit.karate - [print] [
  "http://kadaster/06b6c650-cdb1-11dd-ad8b-0800200c9a79"
]

20:14:46.182 [ForkJoinPool-1-worker-5] ERROR com.intuit.karate - status code was: 404, expected: 200, response time: 295, url: https://nationaalgeoregister.nl/geonetwork/srv/resources8bdf76b6-c9c9-4011-a7bc-022ae14a4024, response: 
20:14:46.184 [ForkJoinPool-1-worker-5] ERROR com.intuit.karate - feature call (loop) failed at index: 0
caller: classpath:InspireTest/ngr/datasetrecords/def/checkxlinkurl.template.feature
arg: {"link":"https://nationaalgeoregister.nl/geonetwork/srv/resources8bdf76b6-c9c9-4011-a7bc-022ae14a4024"}
checkxlinkurl.template.feature:15 - status code was: 404, expected: 200, response time: 295, url: https://nationaalgeoregister.nl/geonetwork/srv/resources8bdf76b6-c9c9-4011-a7bc-022ae14a4024, response: 
20:14:46.190 [ForkJoinPool-1-worker-5] INFO  com.intuit.karate - [print]
20:14:46.190 [ForkJoinPool-1-worker-5] INFO  com.intuit.karate - [print] testing xlinkurl:http://rdfdata.eionet.europa.eu/inspirethemes/themes/24
20:14:46.202 [ForkJoinPool-1-worker-21] INFO  com.intuit.karate - [print]
20:14:46.208 [ForkJoinPool-1-worker-21] INFO  com.intuit.karate - [print] testing xlinkurl:http://kadaster/06b6c650-cdb1-11dd-ad8b-0800200c9a79
20:14:46.209 [ForkJoinPool-1-worker-21] ERROR com.intuit.karate - java.net.UnknownHostException: kadaster, http call failed after 0 milliseconds for URL: http://kadaster/06b6c650-cdb1-11dd-ad8b-0800200c9a79
20:14:46.209 [ForkJoinPool-1-worker-21] ERROR com.intuit.karate - http request failed: 
java.net.UnknownHostException: kadaster
20:14:46.210 [ForkJoinPool-1-worker-3] INFO  com.intuit.karate - [print] title:Kaart van de bodemopbouw in Nederland 1:50.000 onder INSPIRE
20:14:46.210 [ForkJoinPool-1-worker-3] INFO  com.intuit.karate - [print] Kaart van de bodemopbouw in Nederland 1:50.000 onder INSPIRE
20:14:46.210 [ForkJoinPool-1-worker-21] ERROR com.intuit.karate - feature call (loop) failed at index: 0
caller: classpath:InspireTest/ngr/datasetrecords/def/checkxlinkurl.template.feature
arg: {"link":"http://kadaster/06b6c650-cdb1-11dd-ad8b-0800200c9a79"}
checkxlinkurl.template.feature:14 - 
java.net.UnknownHostException: kadaster
20:14:46.212 [ForkJoinPool-1-worker-3] INFO  com.intuit.karate - [print] [
  "https://ngr.acceptatie.nationaalgeoregister.nl/geonetwork/srv/resourcesbbe3c19d-12b0-4912-a6f4-46eb189e85ac",
  "http://rdfdata.eionet.europa.eu/inspirethemes/themes/16",
  "http://geonetwork-opensource.org/inspire-theme#",
  "https://www.nationaalgeoregister.nl/geonetwork/srv/eng/thesaurus.download?ref=external.theme.inspire-theme"
]

20:14:46.225 [ForkJoinPool-1-worker-3] INFO  com.intuit.karate - [print]
20:14:46.225 [ForkJoinPool-1-worker-3] INFO  com.intuit.karate - [print] testing xlinkurl:https://ngr.acceptatie.nationaalgeoregister.nl/geonetwork/srv/resourcesbbe3c19d-12b0-4912-a6f4-46eb189e85ac
20:14:46.269 [ForkJoinPool-1-worker-27] INFO  com.intuit.karate - [print] title:-Gegevens boormonsterprofiel onder PDOK
20:14:46.270 [ForkJoinPool-1-worker-27] INFO  com.intuit.karate - [print] -Gegevens boormonsterprofiel onder PDOK
20:14:46.275 [ForkJoinPool-1-worker-27] INFO  com.intuit.karate - [print] [
  "https://ngr.acceptatie.nationaalgeoregister.nl/geonetwork/srv/resourcesc7662717-9e43-4367-a344-723d73abbb3e"
]

20:14:46.293 [ForkJoinPool-1-worker-27] INFO  com.intuit.karate - [print]
20:14:46.298 [ForkJoinPool-1-worker-27] INFO  com.intuit.karate - [print] testing xlinkurl:https://ngr.acceptatie.nationaalgeoregister.nl/geonetwork/srv/resourcesc7662717-9e43-4367-a344-723d73abbb3e
20:14:46.311 [ForkJoinPool-1-worker-13] INFO  com.intuit.karate - [print]
20:14:46.312 [ForkJoinPool-1-worker-13] INFO  com.intuit.karate - [print] testing xlinkurl:xlink:href=https://inspire.ec.europa.eu/id/document/tg/ps
20:14:46.312 [ForkJoinPool-1-worker-13] ERROR com.intuit.karate - org.apache.http.client.ClientProtocolException: URI does not specify a valid host name: xlink:href=https://inspire.ec.europa.eu/id/document/tg/ps, http call failed after 0 milliseconds for URL: xlink:href=https://inspire.ec.europa.eu/id/document/tg/ps
20:14:46.312 [ForkJoinPool-1-worker-13] ERROR com.intuit.karate - http request failed: 
org.apache.http.client.ClientProtocolException: URI does not specify a valid host name: xlink:href=https://inspire.ec.europa.eu/id/document/tg/ps
20:14:46.312 [ForkJoinPool-1-worker-13] ERROR com.intuit.karate - feature call (loop) failed at index: 4
caller: classpath:InspireTest/ngr/datasetrecords/def/checkxlinkurl.template.feature
arg: {"link":"xlink:href=https://inspire.ec.europa.eu/id/document/tg/ps"}
checkxlinkurl.template.feature:14 - 
org.apache.http.client.ClientProtocolException: URI does not specify a valid host name: xlink:href=https://inspire.ec.europa.eu/id/document/tg/ps
20:14:46.314 [ForkJoinPool-1-worker-13] INFO  com.intuit.karate - [print]
20:14:46.314 [ForkJoinPool-1-worker-13] INFO  com.intuit.karate - [print] testing xlinkurl:https://data.overheid.nl/organisatie/PDOK
20:14:46.360 [ForkJoinPool-1-worker-9] ERROR com.intuit.karate - javax.net.ssl.SSLException: Connection reset, http call failed after 393 milliseconds for URL: https://data.rivm.nl/inspire/id#7247293d-2113-44d8-b335-8167b2ec4d1b
20:14:46.360 [ForkJoinPool-1-worker-9] ERROR com.intuit.karate - http request failed: 
javax.net.ssl.SSLException: Connection reset
20:14:46.360 [ForkJoinPool-1-worker-9] ERROR com.intuit.karate - feature call (loop) failed at index: 0
caller: classpath:InspireTest/ngr/datasetrecords/def/checkxlinkurl.template.feature
arg: {"link":"https://data.rivm.nl/inspire/id#7247293d-2113-44d8-b335-8167b2ec4d1b"}
checkxlinkurl.template.feature:14 - 
javax.net.ssl.SSLException: Connection reset
20:14:46.374 [ForkJoinPool-1-worker-31] ERROR com.intuit.karate - status code was: 500, expected: 200, response time: 323, url: https://www.nationaalgeoregister.nl/geonetwork/srv/api/records844404a2-9cd0-452e-b29a-74588777485a, response: 
20:14:46.374 [ForkJoinPool-1-worker-31] ERROR com.intuit.karate - feature call (loop) failed at index: 0
caller: classpath:InspireTest/ngr/datasetrecords/def/checkxlinkurl.template.feature
arg: {"link":"https://www.nationaalgeoregister.nl/geonetwork/srv/api/records844404a2-9cd0-452e-b29a-74588777485a"}
checkxlinkurl.template.feature:15 - status code was: 500, expected: 200, response time: 323, url: https://www.nationaalgeoregister.nl/geonetwork/srv/api/records844404a2-9cd0-452e-b29a-74588777485a, response: 
20:14:46.395 [ForkJoinPool-1-worker-5] ERROR com.intuit.karate - status code was: 404, expected: 200, response time: 204, url: http://rdfdata.eionet.europa.eu/inspirethemes/themes/24, response: 
20:14:46.395 [ForkJoinPool-1-worker-5] ERROR com.intuit.karate - feature call (loop) failed at index: 1
caller: classpath:InspireTest/ngr/datasetrecords/def/checkxlinkurl.template.feature
arg: {"link":"http://rdfdata.eionet.europa.eu/inspirethemes/themes/24"}
checkxlinkurl.template.feature:15 - status code was: 404, expected: 200, response time: 204, url: http://rdfdata.eionet.europa.eu/inspirethemes/themes/24, response: 
20:14:46.396 [ForkJoinPool-1-worker-5] INFO  com.intuit.karate - [print]
20:14:46.397 [ForkJoinPool-1-worker-5] INFO  com.intuit.karate - [print] testing xlinkurl:http://geonetwork-opensource.org/inspire-theme#
20:14:46.442 [ForkJoinPool-1-worker-17] INFO  com.intuit.karate - [print] title:Habitatrichtlijn verspreiding van soorten
20:14:46.442 [ForkJoinPool-1-worker-17] INFO  com.intuit.karate - [print] Habitatrichtlijn verspreiding van soorten
20:14:46.446 [ForkJoinPool-1-worker-23] ERROR com.intuit.karate - status code was: 500, expected: 200, response time: 335, url: https://www.nationaalgeoregister.nl/geonetwork/srv/api/records6c6be9c5-b09b-4dcf-a5fd-f149cbaca6fb, response: 
20:14:46.447 [ForkJoinPool-1-worker-23] ERROR com.intuit.karate - feature call (loop) failed at index: 0
caller: classpath:InspireTest/ngr/datasetrecords/def/checkxlinkurl.template.feature
arg: {"link":"https://www.nationaalgeoregister.nl/geonetwork/srv/api/records6c6be9c5-b09b-4dcf-a5fd-f149cbaca6fb"}
checkxlinkurl.template.feature:15 - status code was: 500, expected: 200, response time: 335, url: https://www.nationaalgeoregister.nl/geonetwork/srv/api/records6c6be9c5-b09b-4dcf-a5fd-f149cbaca6fb, response: 
20:14:46.448 [ForkJoinPool-1-worker-23] INFO  com.intuit.karate - [print]
20:14:46.448 [ForkJoinPool-1-worker-23] INFO  com.intuit.karate - [print] testing xlinkurl:https://creativecommons.org/publicdomain/zero/*/deed.nl
20:14:46.453 [ForkJoinPool-1-worker-17] INFO  com.intuit.karate - [print] [
  "http://standaarden.overheid.nl/owms/terms/Ministerie_van_Landbouw,_Natuur_en_Voedselkwaliteit",
  "https://www.nationaalgeoregister.nl/geonetwork/srv/dut/catalog.search#/metadata/28c4780a-1a44-4376-b283-14a50a481729",
  "http://standaarden.overheid.nl/owms/terms/Ministerie_van_Landbouw,_Natuur_en_Voedselkwaliteit"
]

20:14:46.461 [ForkJoinPool-1-worker-17] INFO  com.intuit.karate - [print]
20:14:46.462 [ForkJoinPool-1-worker-17] INFO  com.intuit.karate - [print] testing xlinkurl:http://standaarden.overheid.nl/owms/terms/Ministerie_van_Landbouw,_Natuur_en_Voedselkwaliteit
20:14:46.557 [ForkJoinPool-1-worker-23] ERROR com.intuit.karate - status code was: 404, expected: 200, response time: 107, url: https://creativecommons.org/publicdomain/zero/*/deed.nl, response: 
20:14:46.557 [ForkJoinPool-1-worker-23] ERROR com.intuit.karate - feature call (loop) failed at index: 1
caller: classpath:InspireTest/ngr/datasetrecords/def/checkxlinkurl.template.feature
arg: {"link":"https://creativecommons.org/publicdomain/zero/*/deed.nl"}
checkxlinkurl.template.feature:15 - status code was: 404, expected: 200, response time: 107, url: https://creativecommons.org/publicdomain/zero/*/deed.nl, response: 
20:14:46.571 [ForkJoinPool-1-worker-19] INFO  com.intuit.karate - [print] title:Oppervlaktegeologie, Geologische kaart onder INSPIRE
20:14:46.579 [ForkJoinPool-1-worker-19] INFO  com.intuit.karate - [print] Oppervlaktegeologie, Geologische kaart onder INSPIRE
20:14:46.582 [ForkJoinPool-1-worker-19] INFO  com.intuit.karate - [print] [
  "https://nationaalgeoregister.nl/geonetwork/srv/resources66495385-8f7b-4661-85a7-11a2bbcbb6b9",
  "http://rdfdata.eionet.europa.eu/inspirethemes/themes/13",
  "http://geonetwork-opensource.org/inspire-theme#",
  "https://www.nationaalgeoregister.nl/geonetwork/srv/eng/thesaurus.download?ref=external.theme.inspire-theme"
]

20:14:46.594 [ForkJoinPool-1-worker-19] INFO  com.intuit.karate - [print]
20:14:46.598 [ForkJoinPool-1-worker-19] INFO  com.intuit.karate - [print] testing xlinkurl:https://nationaalgeoregister.nl/geonetwork/srv/resources66495385-8f7b-4661-85a7-11a2bbcbb6b9
20:14:46.645 [ForkJoinPool-1-worker-3] ERROR com.intuit.karate - status code was: 404, expected: 200, response time: 419, url: https://ngr.acceptatie.nationaalgeoregister.nl/geonetwork/srv/resourcesbbe3c19d-12b0-4912-a6f4-46eb189e85ac, response: 
20:14:46.645 [ForkJoinPool-1-worker-3] ERROR com.intuit.karate - feature call (loop) failed at index: 0
caller: classpath:InspireTest/ngr/datasetrecords/def/checkxlinkurl.template.feature
arg: {"link":"https://ngr.acceptatie.nationaalgeoregister.nl/geonetwork/srv/resourcesbbe3c19d-12b0-4912-a6f4-46eb189e85ac"}
checkxlinkurl.template.feature:15 - status code was: 404, expected: 200, response time: 419, url: https://ngr.acceptatie.nationaalgeoregister.nl/geonetwork/srv/resourcesbbe3c19d-12b0-4912-a6f4-46eb189e85ac, response: 
20:14:46.647 [ForkJoinPool-1-worker-3] INFO  com.intuit.karate - [print]
20:14:46.647 [ForkJoinPool-1-worker-3] INFO  com.intuit.karate - [print] testing xlinkurl:http://rdfdata.eionet.europa.eu/inspirethemes/themes/16
20:14:46.651 [ForkJoinPool-1-worker-27] ERROR com.intuit.karate - status code was: 404, expected: 200, response time: 351, url: https://ngr.acceptatie.nationaalgeoregister.nl/geonetwork/srv/resourcesc7662717-9e43-4367-a344-723d73abbb3e, response: 
20:14:46.651 [ForkJoinPool-1-worker-27] ERROR com.intuit.karate - feature call (loop) failed at index: 0
caller: classpath:InspireTest/ngr/datasetrecords/def/checkxlinkurl.template.feature
arg: {"link":"https://ngr.acceptatie.nationaalgeoregister.nl/geonetwork/srv/resourcesc7662717-9e43-4367-a344-723d73abbb3e"}
checkxlinkurl.template.feature:15 - status code was: 404, expected: 200, response time: 351, url: https://ngr.acceptatie.nationaalgeoregister.nl/geonetwork/srv/resourcesc7662717-9e43-4367-a344-723d73abbb3e, response: 
20:14:46.759 [ForkJoinPool-1-worker-21] INFO  com.intuit.karate - [print] title:Emissies naar het riool in 2011 vanuit de industrie
20:14:46.759 [ForkJoinPool-1-worker-21] INFO  com.intuit.karate - [print] Emissies naar het riool in 2011 vanuit de industrie
20:14:46.768 [ForkJoinPool-1-worker-21] INFO  com.intuit.karate - [print] [
  "https://data.rivm.nl/inspire/id#e6ddc53d-04c4-435d-bedd-a5ace2dc0313"
]

20:14:46.772 [ForkJoinPool-1-worker-21] INFO  com.intuit.karate - [print]
20:14:46.773 [ForkJoinPool-1-worker-21] INFO  com.intuit.karate - [print] testing xlinkurl:https://data.rivm.nl/inspire/id#e6ddc53d-04c4-435d-bedd-a5ace2dc0313
20:14:46.848 [ForkJoinPool-1-worker-3] ERROR com.intuit.karate - status code was: 404, expected: 200, response time: 200, url: http://rdfdata.eionet.europa.eu/inspirethemes/themes/16, response: 
20:14:46.848 [ForkJoinPool-1-worker-3] ERROR com.intuit.karate - feature call (loop) failed at index: 1
caller: classpath:InspireTest/ngr/datasetrecords/def/checkxlinkurl.template.feature
arg: {"link":"http://rdfdata.eionet.europa.eu/inspirethemes/themes/16"}
checkxlinkurl.template.feature:15 - status code was: 404, expected: 200, response time: 200, url: http://rdfdata.eionet.europa.eu/inspirethemes/themes/16, response: 
20:14:46.849 [ForkJoinPool-1-worker-3] INFO  com.intuit.karate - [print]
20:14:46.850 [ForkJoinPool-1-worker-3] INFO  com.intuit.karate - [print] testing xlinkurl:http://geonetwork-opensource.org/inspire-theme#
20:14:46.897 [ForkJoinPool-1-worker-19] ERROR com.intuit.karate - status code was: 404, expected: 200, response time: 297, url: https://nationaalgeoregister.nl/geonetwork/srv/resources66495385-8f7b-4661-85a7-11a2bbcbb6b9, response: 
20:14:46.898 [ForkJoinPool-1-worker-19] ERROR com.intuit.karate - feature call (loop) failed at index: 0
caller: classpath:InspireTest/ngr/datasetrecords/def/checkxlinkurl.template.feature
arg: {"link":"https://nationaalgeoregister.nl/geonetwork/srv/resources66495385-8f7b-4661-85a7-11a2bbcbb6b9"}
checkxlinkurl.template.feature:15 - status code was: 404, expected: 200, response time: 297, url: https://nationaalgeoregister.nl/geonetwork/srv/resources66495385-8f7b-4661-85a7-11a2bbcbb6b9, response: 
20:14:46.901 [ForkJoinPool-1-worker-19] INFO  com.intuit.karate - [print]
20:14:46.902 [ForkJoinPool-1-worker-19] INFO  com.intuit.karate - [print] testing xlinkurl:http://rdfdata.eionet.europa.eu/inspirethemes/themes/13
20:14:46.935 [ForkJoinPool-1-worker-31] INFO  com.intuit.karate - [print] title:TOP10NL
20:14:46.936 [ForkJoinPool-1-worker-31] INFO  com.intuit.karate - [print] TOP10NL
20:14:46.942 [ForkJoinPool-1-worker-31] INFO  com.intuit.karate - [print] [
  "http://kadaster/2482250f-3b00-4439-9f93-f3118229b201",
  "",
  "",
  "",
  "",
  ""
]

20:14:46.967 [ForkJoinPool-1-worker-31] INFO  com.intuit.karate - [print]
20:14:46.967 [ForkJoinPool-1-worker-31] INFO  com.intuit.karate - [print] testing xlinkurl:http://kadaster/2482250f-3b00-4439-9f93-f3118229b201
20:14:46.968 [ForkJoinPool-1-worker-31] ERROR com.intuit.karate - java.net.UnknownHostException: kadaster, http call failed after 0 milliseconds for URL: http://kadaster/2482250f-3b00-4439-9f93-f3118229b201
20:14:46.968 [ForkJoinPool-1-worker-31] ERROR com.intuit.karate - http request failed: 
java.net.UnknownHostException: kadaster
20:14:46.969 [ForkJoinPool-1-worker-31] ERROR com.intuit.karate - feature call (loop) failed at index: 0
caller: classpath:InspireTest/ngr/datasetrecords/def/checkxlinkurl.template.feature
arg: {"link":"http://kadaster/2482250f-3b00-4439-9f93-f3118229b201"}
checkxlinkurl.template.feature:14 - 
java.net.UnknownHostException: kadaster
20:14:46.969 [ForkJoinPool-1-worker-31] INFO  com.intuit.karate - [print]
20:14:46.970 [ForkJoinPool-1-worker-31] INFO  com.intuit.karate - [print] testing xlinkurl:
20:14:46.970 [ForkJoinPool-1-worker-31] ERROR com.intuit.karate - org.apache.http.client.ClientProtocolException, http call failed after 0 milliseconds for URL: 
20:14:46.970 [ForkJoinPool-1-worker-31] ERROR com.intuit.karate - http request failed: 
org.apache.http.client.ClientProtocolException
20:14:46.971 [ForkJoinPool-1-worker-31] ERROR com.intuit.karate - feature call (loop) failed at index: 1
caller: classpath:InspireTest/ngr/datasetrecords/def/checkxlinkurl.template.feature
arg: {"link":""}
checkxlinkurl.template.feature:14 - 
org.apache.http.client.ClientProtocolException
20:14:46.979 [ForkJoinPool-1-worker-31] INFO  com.intuit.karate - [print]
20:14:46.979 [ForkJoinPool-1-worker-31] INFO  com.intuit.karate - [print] testing xlinkurl:
20:14:46.980 [ForkJoinPool-1-worker-31] ERROR com.intuit.karate - org.apache.http.client.ClientProtocolException, http call failed after 0 milliseconds for URL: 
20:14:46.980 [ForkJoinPool-1-worker-31] ERROR com.intuit.karate - http request failed: 
org.apache.http.client.ClientProtocolException
20:14:46.980 [ForkJoinPool-1-worker-31] ERROR com.intuit.karate - feature call (loop) failed at index: 2
caller: classpath:InspireTest/ngr/datasetrecords/def/checkxlinkurl.template.feature
arg: {"link":""}
checkxlinkurl.template.feature:14 - 
org.apache.http.client.ClientProtocolException
20:14:46.982 [ForkJoinPool-1-worker-31] INFO  com.intuit.karate - [print]
20:14:46.982 [ForkJoinPool-1-worker-31] INFO  com.intuit.karate - [print] testing xlinkurl:
20:14:46.983 [ForkJoinPool-1-worker-31] ERROR com.intuit.karate - org.apache.http.client.ClientProtocolException, http call failed after 0 milliseconds for URL: 
20:14:46.983 [ForkJoinPool-1-worker-31] ERROR com.intuit.karate - http request failed: 
org.apache.http.client.ClientProtocolException
20:14:46.983 [ForkJoinPool-1-worker-31] ERROR com.intuit.karate - feature call (loop) failed at index: 3
caller: classpath:InspireTest/ngr/datasetrecords/def/checkxlinkurl.template.feature
arg: {"link":""}
checkxlinkurl.template.feature:14 - 
org.apache.http.client.ClientProtocolException
20:14:46.984 [ForkJoinPool-1-worker-31] INFO  com.intuit.karate - [print]
20:14:46.985 [ForkJoinPool-1-worker-31] INFO  com.intuit.karate - [print] testing xlinkurl:
20:14:46.986 [ForkJoinPool-1-worker-31] ERROR com.intuit.karate - org.apache.http.client.ClientProtocolException, http call failed after 0 milliseconds for URL: 
20:14:46.987 [ForkJoinPool-1-worker-31] ERROR com.intuit.karate - http request failed: 
org.apache.http.client.ClientProtocolException
20:14:46.987 [ForkJoinPool-1-worker-31] ERROR com.intuit.karate - feature call (loop) failed at index: 4
caller: classpath:InspireTest/ngr/datasetrecords/def/checkxlinkurl.template.feature
arg: {"link":""}
checkxlinkurl.template.feature:14 - 
org.apache.http.client.ClientProtocolException
20:14:46.989 [ForkJoinPool-1-worker-31] INFO  com.intuit.karate - [print]
20:14:46.989 [ForkJoinPool-1-worker-31] INFO  com.intuit.karate - [print] testing xlinkurl:
20:14:46.989 [ForkJoinPool-1-worker-31] ERROR com.intuit.karate - org.apache.http.client.ClientProtocolException, http call failed after 0 milliseconds for URL: 
20:14:46.989 [ForkJoinPool-1-worker-31] ERROR com.intuit.karate - http request failed: 
org.apache.http.client.ClientProtocolException
20:14:46.989 [ForkJoinPool-1-worker-31] ERROR com.intuit.karate - feature call (loop) failed at index: 5
caller: classpath:InspireTest/ngr/datasetrecords/def/checkxlinkurl.template.feature
arg: {"link":""}
checkxlinkurl.template.feature:14 - 
org.apache.http.client.ClientProtocolException
20:14:46.990 [ForkJoinPool-1-worker-5] ERROR com.intuit.karate - status code was: 404, expected: 200, response time: 397, url: http://geonetwork-opensource.org/inspire-theme#, response: 
20:14:46.990 [ForkJoinPool-1-worker-5] ERROR com.intuit.karate - feature call (loop) failed at index: 2
caller: classpath:InspireTest/ngr/datasetrecords/def/checkxlinkurl.template.feature
arg: {"link":"http://geonetwork-opensource.org/inspire-theme#"}
checkxlinkurl.template.feature:15 - status code was: 404, expected: 200, response time: 397, url: http://geonetwork-opensource.org/inspire-theme#, response: 
20:14:46.991 [ForkJoinPool-1-worker-5] INFO  com.intuit.karate - [print]
20:14:46.991 [ForkJoinPool-1-worker-5] INFO  com.intuit.karate - [print] testing xlinkurl:https://www.nationaalgeoregister.nl/geonetwork/srv/eng/thesaurus.download?ref=external.theme.inspire-theme
20:14:47.005 [ForkJoinPool-1-worker-9] INFO  com.intuit.karate - [print] title:Habitatrichtlijn verspreidingsgebied van habitattypen
20:14:47.005 [ForkJoinPool-1-worker-9] INFO  com.intuit.karate - [print] Habitatrichtlijn verspreidingsgebied van habitattypen
20:14:47.007 [ForkJoinPool-1-worker-9] INFO  com.intuit.karate - [print] [
  "https://ngr.acceptatie.nationaalgeoregister.nl/geonetwork/srv/resources03671a9e-6aaf-464d-be99-9aad25cef9e3",
  "http://standaarden.overheid.nl/owms/terms/Ministerie_van_Landbouw,_Natuur_en_Voedselkwaliteit"
]

20:14:47.012 [ForkJoinPool-1-worker-9] INFO  com.intuit.karate - [print]
20:14:47.012 [ForkJoinPool-1-worker-9] INFO  com.intuit.karate - [print] testing xlinkurl:https://ngr.acceptatie.nationaalgeoregister.nl/geonetwork/srv/resources03671a9e-6aaf-464d-be99-9aad25cef9e3
20:14:47.019 [ForkJoinPool-1-worker-17] INFO  com.intuit.karate - [print]
20:14:47.019 [ForkJoinPool-1-worker-17] INFO  com.intuit.karate - [print] testing xlinkurl:https://www.nationaalgeoregister.nl/geonetwork/srv/dut/catalog.search#/metadata/28c4780a-1a44-4376-b283-14a50a481729
20:14:47.104 [ForkJoinPool-1-worker-19] ERROR com.intuit.karate - status code was: 404, expected: 200, response time: 201, url: http://rdfdata.eionet.europa.eu/inspirethemes/themes/13, response: 
20:14:47.105 [ForkJoinPool-1-worker-19] ERROR com.intuit.karate - feature call (loop) failed at index: 1
caller: classpath:InspireTest/ngr/datasetrecords/def/checkxlinkurl.template.feature
arg: {"link":"http://rdfdata.eionet.europa.eu/inspirethemes/themes/13"}
checkxlinkurl.template.feature:15 - status code was: 404, expected: 200, response time: 201, url: http://rdfdata.eionet.europa.eu/inspirethemes/themes/13, response: 
20:14:47.106 [ForkJoinPool-1-worker-19] INFO  com.intuit.karate - [print]
20:14:47.107 [ForkJoinPool-1-worker-19] INFO  com.intuit.karate - [print] testing xlinkurl:http://geonetwork-opensource.org/inspire-theme#
20:14:47.113 [ForkJoinPool-1-worker-23] INFO  com.intuit.karate - [print] title:Kwaliteit van drinkwater in Nederland (2012)
20:14:47.113 [ForkJoinPool-1-worker-23] INFO  com.intuit.karate - [print] Kwaliteit van drinkwater in Nederland (2012)
20:14:47.117 [ForkJoinPool-1-worker-23] INFO  com.intuit.karate - [print] [
  "https://data.rivm.nl/inspire/id#a98a6cdb-61cd-4107-b775-2334e6772ed5"
]

20:14:47.122 [ForkJoinPool-1-worker-23] INFO  com.intuit.karate - [print]
20:14:47.123 [ForkJoinPool-1-worker-23] INFO  com.intuit.karate - [print] testing xlinkurl:https://data.rivm.nl/inspire/id#a98a6cdb-61cd-4107-b775-2334e6772ed5
20:14:47.132 [ForkJoinPool-1-worker-21] ERROR com.intuit.karate - javax.net.ssl.SSLException: Connection reset, http call failed after 359 milliseconds for URL: https://data.rivm.nl/inspire/id#e6ddc53d-04c4-435d-bedd-a5ace2dc0313
20:14:47.132 [ForkJoinPool-1-worker-21] ERROR com.intuit.karate - http request failed: 
javax.net.ssl.SSLException: Connection reset
20:14:47.132 [ForkJoinPool-1-worker-21] ERROR com.intuit.karate - feature call (loop) failed at index: 0
caller: classpath:InspireTest/ngr/datasetrecords/def/checkxlinkurl.template.feature
arg: {"link":"https://data.rivm.nl/inspire/id#e6ddc53d-04c4-435d-bedd-a5ace2dc0313"}
checkxlinkurl.template.feature:14 - 
javax.net.ssl.SSLException: Connection reset
20:14:47.273 [ForkJoinPool-1-worker-27] INFO  com.intuit.karate - [print] title:Afgevoerde hoeveelheid afval in 2011 vanuit de industrie
20:14:47.274 [ForkJoinPool-1-worker-27] INFO  com.intuit.karate - [print] Afgevoerde hoeveelheid afval in 2011 vanuit de industrie
20:14:47.276 [ForkJoinPool-1-worker-27] INFO  com.intuit.karate - [print] [
  "https://data.rivm.nl/inspire/id#90bab79d-5f92-4aaa-8edc-99195438ef65"
]

20:14:47.284 [ForkJoinPool-1-worker-27] INFO  com.intuit.karate - [print]
20:14:47.284 [ForkJoinPool-1-worker-27] INFO  com.intuit.karate - [print] testing xlinkurl:https://data.rivm.nl/inspire/id#90bab79d-5f92-4aaa-8edc-99195438ef65
20:14:47.295 [ForkJoinPool-1-worker-9] ERROR com.intuit.karate - status code was: 404, expected: 200, response time: 283, url: https://ngr.acceptatie.nationaalgeoregister.nl/geonetwork/srv/resources03671a9e-6aaf-464d-be99-9aad25cef9e3, response: 
20:14:47.295 [ForkJoinPool-1-worker-9] ERROR com.intuit.karate - feature call (loop) failed at index: 0
caller: classpath:InspireTest/ngr/datasetrecords/def/checkxlinkurl.template.feature
arg: {"link":"https://ngr.acceptatie.nationaalgeoregister.nl/geonetwork/srv/resources03671a9e-6aaf-464d-be99-9aad25cef9e3"}
checkxlinkurl.template.feature:15 - status code was: 404, expected: 200, response time: 283, url: https://ngr.acceptatie.nationaalgeoregister.nl/geonetwork/srv/resources03671a9e-6aaf-464d-be99-9aad25cef9e3, response: 
20:14:47.296 [ForkJoinPool-1-worker-9] INFO  com.intuit.karate - [print]
20:14:47.296 [ForkJoinPool-1-worker-9] INFO  com.intuit.karate - [print] testing xlinkurl:http://standaarden.overheid.nl/owms/terms/Ministerie_van_Landbouw,_Natuur_en_Voedselkwaliteit
20:14:47.439 [ForkJoinPool-1-worker-31] INFO  com.intuit.karate - [print] title:Zwemwaterlocaties en zwemwaterkwaliteit - monsterpunten
20:14:47.440 [ForkJoinPool-1-worker-31] INFO  com.intuit.karate - [print] Zwemwaterlocaties en zwemwaterkwaliteit - monsterpunten
20:14:47.442 [ForkJoinPool-1-worker-3] ERROR com.intuit.karate - status code was: 404, expected: 200, response time: 397, url: http://geonetwork-opensource.org/inspire-theme#, response: 
20:14:47.443 [ForkJoinPool-1-worker-3] ERROR com.intuit.karate - feature call (loop) failed at index: 2
caller: classpath:InspireTest/ngr/datasetrecords/def/checkxlinkurl.template.feature
arg: {"link":"http://geonetwork-opensource.org/inspire-theme#"}
checkxlinkurl.template.feature:15 - status code was: 404, expected: 200, response time: 397, url: http://geonetwork-opensource.org/inspire-theme#, response: 
20:14:47.444 [ForkJoinPool-1-worker-3] INFO  com.intuit.karate - [print]
20:14:47.444 [ForkJoinPool-1-worker-3] INFO  com.intuit.karate - [print] testing xlinkurl:https://www.nationaalgeoregister.nl/geonetwork/srv/eng/thesaurus.download?ref=external.theme.inspire-theme
20:14:47.478 [ForkJoinPool-1-worker-5] ERROR com.intuit.karate - status code was: 500, expected: 200, response time: 486, url: https://www.nationaalgeoregister.nl/geonetwork/srv/eng/thesaurus.download?ref=external.theme.inspire-theme, response: 
20:14:47.479 [ForkJoinPool-1-worker-5] ERROR com.intuit.karate - feature call (loop) failed at index: 3
caller: classpath:InspireTest/ngr/datasetrecords/def/checkxlinkurl.template.feature
arg: {"link":"https://www.nationaalgeoregister.nl/geonetwork/srv/eng/thesaurus.download?ref=external.theme.inspire-theme"}
checkxlinkurl.template.feature:15 - status code was: 500, expected: 200, response time: 486, url: https://www.nationaalgeoregister.nl/geonetwork/srv/eng/thesaurus.download?ref=external.theme.inspire-theme, response: 
20:14:47.483 [ForkJoinPool-1-worker-23] ERROR com.intuit.karate - javax.net.ssl.SSLException: Connection reset, http call failed after 359 milliseconds for URL: https://data.rivm.nl/inspire/id#a98a6cdb-61cd-4107-b775-2334e6772ed5
20:14:47.483 [ForkJoinPool-1-worker-23] ERROR com.intuit.karate - http request failed: 
javax.net.ssl.SSLException: Connection reset
20:14:47.483 [ForkJoinPool-1-worker-23] ERROR com.intuit.karate - feature call (loop) failed at index: 0
caller: classpath:InspireTest/ngr/datasetrecords/def/checkxlinkurl.template.feature
arg: {"link":"https://data.rivm.nl/inspire/id#a98a6cdb-61cd-4107-b775-2334e6772ed5"}
checkxlinkurl.template.feature:14 - 
javax.net.ssl.SSLException: Connection reset
20:14:47.569 [ForkJoinPool-1-worker-17] INFO  com.intuit.karate - [print]
20:14:47.569 [ForkJoinPool-1-worker-17] INFO  com.intuit.karate - [print] testing xlinkurl:http://standaarden.overheid.nl/owms/terms/Ministerie_van_Landbouw,_Natuur_en_Voedselkwaliteit
20:14:47.642 [ForkJoinPool-1-worker-27] ERROR com.intuit.karate - javax.net.ssl.SSLException: Connection reset, http call failed after 356 milliseconds for URL: https://data.rivm.nl/inspire/id#90bab79d-5f92-4aaa-8edc-99195438ef65
20:14:47.642 [ForkJoinPool-1-worker-27] ERROR com.intuit.karate - http request failed: 
javax.net.ssl.SSLException: Connection reset
20:14:47.642 [ForkJoinPool-1-worker-27] ERROR com.intuit.karate - feature call (loop) failed at index: 0
caller: classpath:InspireTest/ngr/datasetrecords/def/checkxlinkurl.template.feature
arg: {"link":"https://data.rivm.nl/inspire/id#90bab79d-5f92-4aaa-8edc-99195438ef65"}
checkxlinkurl.template.feature:14 - 
javax.net.ssl.SSLException: Connection reset
20:14:47.657 [ForkJoinPool-1-worker-21] INFO  com.intuit.karate - [print] title:Productie/industrie-inrichtingen (o.b.v. SBI-codes) uit {Risico Register Gevaarlijke stoffen (RRGS)}
20:14:47.657 [ForkJoinPool-1-worker-21] INFO  com.intuit.karate - [print] Productie/industrie-inrichtingen (o.b.v. SBI-codes) uit {Risico Register Gevaarlijke stoffen (RRGS)}
20:14:47.660 [ForkJoinPool-1-worker-21] INFO  com.intuit.karate - [print] [
  "http://www.opengis.net/def/crs/EPSG/0/http://www.opengis.net/def/crs/EPSG/0/3034",
  "http://nationaalgeoregister.nl/geonetwork/srv/dut/csw?SERVICE=CSW&version=2.0.2&REQUEST=GetRecordById&elementSetName=full&OutputSchema=http://www.isotc211.org/2005/gmd&ID=b6ee58a1-b097-4c6d-8600-eb81efc1468c",
  "https://creativecommons.org/publicdomain/mark/*/deed.nl",
  ""
]

20:14:47.673 [ForkJoinPool-1-worker-21] INFO  com.intuit.karate - [print]
20:14:47.674 [ForkJoinPool-1-worker-21] INFO  com.intuit.karate - [print] testing xlinkurl:http://www.opengis.net/def/crs/EPSG/0/http://www.opengis.net/def/crs/EPSG/0/3034
20:14:47.724 [ForkJoinPool-1-worker-19] ERROR com.intuit.karate - status code was: 404, expected: 200, response time: 414, url: http://geonetwork-opensource.org/inspire-theme#, response: 
20:14:47.725 [ForkJoinPool-1-worker-19] ERROR com.intuit.karate - feature call (loop) failed at index: 2
caller: classpath:InspireTest/ngr/datasetrecords/def/checkxlinkurl.template.feature
arg: {"link":"http://geonetwork-opensource.org/inspire-theme#"}
checkxlinkurl.template.feature:15 - status code was: 404, expected: 200, response time: 414, url: http://geonetwork-opensource.org/inspire-theme#, response: 
20:14:47.726 [ForkJoinPool-1-worker-19] INFO  com.intuit.karate - [print]
20:14:47.726 [ForkJoinPool-1-worker-19] INFO  com.intuit.karate - [print] testing xlinkurl:https://www.nationaalgeoregister.nl/geonetwork/srv/eng/thesaurus.download?ref=external.theme.inspire-theme
20:14:47.760 [ForkJoinPool-1-worker-3] ERROR com.intuit.karate - status code was: 500, expected: 200, response time: 315, url: https://www.nationaalgeoregister.nl/geonetwork/srv/eng/thesaurus.download?ref=external.theme.inspire-theme, response: 
20:14:47.760 [ForkJoinPool-1-worker-3] ERROR com.intuit.karate - feature call (loop) failed at index: 3
caller: classpath:InspireTest/ngr/datasetrecords/def/checkxlinkurl.template.feature
arg: {"link":"https://www.nationaalgeoregister.nl/geonetwork/srv/eng/thesaurus.download?ref=external.theme.inspire-theme"}
checkxlinkurl.template.feature:15 - status code was: 500, expected: 200, response time: 315, url: https://www.nationaalgeoregister.nl/geonetwork/srv/eng/thesaurus.download?ref=external.theme.inspire-theme, response: 
20:14:47.967 [ForkJoinPool-1-worker-13] ERROR com.intuit.karate - status code was: 404, expected: 200, response time: 787, url: https://data.overheid.nl/organisatie/PDOK, response: 
20:14:47.967 [ForkJoinPool-1-worker-13] ERROR com.intuit.karate - feature call (loop) failed at index: 5
caller: classpath:InspireTest/ngr/datasetrecords/def/checkxlinkurl.template.feature
arg: {"link":"https://data.overheid.nl/organisatie/PDOK"}
checkxlinkurl.template.feature:15 - status code was: 404, expected: 200, response time: 787, url: https://data.overheid.nl/organisatie/PDOK, response: 
20:14:47.972 [ForkJoinPool-1-worker-21] INFO  com.intuit.karate - [print]
20:14:47.973 [ForkJoinPool-1-worker-21] INFO  com.intuit.karate - [print] testing xlinkurl:http://nationaalgeoregister.nl/geonetwork/srv/dut/csw?SERVICE=CSW&version=2.0.2&REQUEST=GetRecordById&elementSetName=full&OutputSchema=http://www.isotc211.org/2005/gmd&ID=b6ee58a1-b097-4c6d-8600-eb81efc1468c
20:14:47.980 [ForkJoinPool-1-worker-31] INFO  com.intuit.karate - [print] title:Zeegebieden (INSPIRE geharmoniseerd)
20:14:47.980 [ForkJoinPool-1-worker-31] INFO  com.intuit.karate - [print] Zeegebieden (INSPIRE geharmoniseerd)
20:14:47.983 [ForkJoinPool-1-worker-31] INFO  com.intuit.karate - [print] [
  "http://www.opengis.net/def/crs/EPSG/0/http://www.opengis.net/def/crs/EPSG/0/4258",
  "http://kadaster/9778afe6-2152-4a8f-ba32-9697625401e3"
]

20:14:47.992 [ForkJoinPool-1-worker-31] INFO  com.intuit.karate - [print]
20:14:47.993 [ForkJoinPool-1-worker-31] INFO  com.intuit.karate - [print] testing xlinkurl:http://www.opengis.net/def/crs/EPSG/0/http://www.opengis.net/def/crs/EPSG/0/4258
20:14:48.040 [ForkJoinPool-1-worker-23] INFO  com.intuit.karate - [print] title:Zwemwater (provinciaal en Rijkswateren) uit {Zwemwaterregister}
20:14:48.040 [ForkJoinPool-1-worker-23] INFO  com.intuit.karate - [print] Zwemwater (provinciaal en Rijkswateren) uit {Zwemwaterregister}
20:14:48.043 [ForkJoinPool-1-worker-19] ERROR com.intuit.karate - status code was: 500, expected: 200, response time: 316, url: https://www.nationaalgeoregister.nl/geonetwork/srv/eng/thesaurus.download?ref=external.theme.inspire-theme, response: 
20:14:48.043 [ForkJoinPool-1-worker-19] ERROR com.intuit.karate - feature call (loop) failed at index: 3
caller: classpath:InspireTest/ngr/datasetrecords/def/checkxlinkurl.template.feature
arg: {"link":"https://www.nationaalgeoregister.nl/geonetwork/srv/eng/thesaurus.download?ref=external.theme.inspire-theme"}
checkxlinkurl.template.feature:15 - status code was: 500, expected: 200, response time: 316, url: https://www.nationaalgeoregister.nl/geonetwork/srv/eng/thesaurus.download?ref=external.theme.inspire-theme, response: 
20:14:48.049 [ForkJoinPool-1-worker-23] INFO  com.intuit.karate - [print] [
  "http://www.opengis.net/def/crs/EPSG/0/http://www.opengis.net/def/crs/EPSG/0/3034",
  "http://nationaalgeoregister.nl/geonetwork/srv/dut/csw?SERVICE=CSW&version=2.0.2&REQUEST=GetRecordById&elementSetName=full&OutputSchema=http://www.isotc211.org/2005/gmd&ID=c829abeb-bfac-4224-8332-e7a9a89e692e",
  "https://creativecommons.org/publicdomain/mark/*/deed.nl",
  ""
]

20:14:48.054 [ForkJoinPool-1-worker-23] INFO  com.intuit.karate - [print]
20:14:48.054 [ForkJoinPool-1-worker-23] INFO  com.intuit.karate - [print] testing xlinkurl:http://www.opengis.net/def/crs/EPSG/0/http://www.opengis.net/def/crs/EPSG/0/3034
20:14:48.114 [ForkJoinPool-1-worker-5] INFO  com.intuit.karate - [print] title:BRO GeoTOP (GTM)
20:14:48.114 [ForkJoinPool-1-worker-5] INFO  com.intuit.karate - [print] BRO GeoTOP (GTM)
20:14:48.120 [ForkJoinPool-1-worker-5] INFO  com.intuit.karate - [print] [
  "http://www.opengis.net/def/crs/EPSG/0/NAP",
  "https://ngr.acceptatie.nationaalgeoregister.nl/geonetwork/srv/resourcesddf87610-2724-11e2-81c1-0800200c9a66"
]

20:14:48.124 [ForkJoinPool-1-worker-5] INFO  com.intuit.karate - [print]
20:14:48.125 [ForkJoinPool-1-worker-5] INFO  com.intuit.karate - [print] testing xlinkurl:http://www.opengis.net/def/crs/EPSG/0/NAP
20:14:48.268 [ForkJoinPool-1-worker-27] INFO  com.intuit.karate - [print] title:Zwemwaterkwaliteit (provinciaal en Rijkswateren) uit {Zwemwaterregister}
20:14:48.268 [ForkJoinPool-1-worker-27] INFO  com.intuit.karate - [print] Zwemwaterkwaliteit (provinciaal en Rijkswateren) uit {Zwemwaterregister}
20:14:48.270 [ForkJoinPool-1-worker-27] INFO  com.intuit.karate - [print] [
  "http://nationaalgeoregister.nl/geonetwork/srv/dut/csw?SERVICE=CSW&version=2.0.2&REQUEST=GetRecordById&elementSetName=full&OutputSchema=http://www.isotc211.org/2005/gmd&ID=df5ee213-e1bd-433b-80f7-4ea20f493ca8",
  "https://creativecommons.org/publicdomain/mark/*/deed.nl",
  ""
]

20:14:48.276 [ForkJoinPool-1-worker-27] INFO  com.intuit.karate - [print]
20:14:48.276 [ForkJoinPool-1-worker-27] INFO  com.intuit.karate - [print] testing xlinkurl:http://nationaalgeoregister.nl/geonetwork/srv/dut/csw?SERVICE=CSW&version=2.0.2&REQUEST=GetRecordById&elementSetName=full&OutputSchema=http://www.isotc211.org/2005/gmd&ID=df5ee213-e1bd-433b-80f7-4ea20f493ca8
20:14:48.294 [ForkJoinPool-1-worker-31] INFO  com.intuit.karate - [print]
20:14:48.294 [ForkJoinPool-1-worker-31] INFO  com.intuit.karate - [print] testing xlinkurl:http://kadaster/9778afe6-2152-4a8f-ba32-9697625401e3
20:14:48.295 [ForkJoinPool-1-worker-31] ERROR com.intuit.karate - java.net.UnknownHostException: kadaster, http call failed after 0 milliseconds for URL: http://kadaster/9778afe6-2152-4a8f-ba32-9697625401e3
20:14:48.295 [ForkJoinPool-1-worker-31] ERROR com.intuit.karate - http request failed: 
java.net.UnknownHostException: kadaster
20:14:48.295 [ForkJoinPool-1-worker-31] ERROR com.intuit.karate - feature call (loop) failed at index: 1
caller: classpath:InspireTest/ngr/datasetrecords/def/checkxlinkurl.template.feature
arg: {"link":"http://kadaster/9778afe6-2152-4a8f-ba32-9697625401e3"}
checkxlinkurl.template.feature:14 - 
java.net.UnknownHostException: kadaster
20:14:48.324 [ForkJoinPool-1-worker-3] INFO  com.intuit.karate - [print] title:Geluidszones rondom bedrijventerreinen zowel provinciaal als gemeentelijk
20:14:48.324 [ForkJoinPool-1-worker-3] INFO  com.intuit.karate - [print] Geluidszones rondom bedrijventerreinen zowel provinciaal als gemeentelijk
20:14:48.326 [ForkJoinPool-1-worker-3] INFO  com.intuit.karate - [print] [
  "http://www.opengis.net/def/crs/EPSG/0/http://www.opengis.net/def/crs/EPSG/0/3034",
  "http://nationaalgeoregister.nl/geonetwork/srv/dut/csw?SERVICE=CSW&version=2.0.2&REQUEST=GetRecordById&elementSetName=full&OutputSchema=http://www.isotc211.org/2005/gmd&ID=34e6165f-1269-48d1-b255-0f05d163d692",
  "https://creativecommons.org/publicdomain/mark/*/deed.nl",
  ""
]

20:14:48.334 [ForkJoinPool-1-worker-3] INFO  com.intuit.karate - [print]
20:14:48.334 [ForkJoinPool-1-worker-3] INFO  com.intuit.karate - [print] testing xlinkurl:http://www.opengis.net/def/crs/EPSG/0/http://www.opengis.net/def/crs/EPSG/0/3034
20:14:48.347 [ForkJoinPool-1-worker-23] INFO  com.intuit.karate - [print]
20:14:48.347 [ForkJoinPool-1-worker-23] INFO  com.intuit.karate - [print] testing xlinkurl:http://nationaalgeoregister.nl/geonetwork/srv/dut/csw?SERVICE=CSW&version=2.0.2&REQUEST=GetRecordById&elementSetName=full&OutputSchema=http://www.isotc211.org/2005/gmd&ID=c829abeb-bfac-4224-8332-e7a9a89e692e
20:14:48.395 [ForkJoinPool-1-worker-9] INFO  com.intuit.karate - [print] title:Maritieme grenzen - basislijn Noordzee
20:14:48.395 [ForkJoinPool-1-worker-9] INFO  com.intuit.karate - [print] Maritieme grenzen - basislijn Noordzee
20:14:48.400 [ForkJoinPool-1-worker-9] INFO  com.intuit.karate - [print] [
  "http://www.opengis.net/def/crs/EPSG/0/https://www.opengis.net/def/crs/EPSG/0/4258",
  "https://ngr.acceptatie.nationaalgeoregister.nl/geonetwork/srv/resourcesd7ab6903-1152-450b-b81d-042682dcfd03"
]

20:14:48.407 [ForkJoinPool-1-worker-9] INFO  com.intuit.karate - [print]
20:14:48.407 [ForkJoinPool-1-worker-9] INFO  com.intuit.karate - [print] testing xlinkurl:http://www.opengis.net/def/crs/EPSG/0/https://www.opengis.net/def/crs/EPSG/0/4258
20:14:48.427 [ForkJoinPool-1-worker-5] INFO  com.intuit.karate - [print]
20:14:48.427 [ForkJoinPool-1-worker-5] INFO  com.intuit.karate - [print] testing xlinkurl:https://ngr.acceptatie.nationaalgeoregister.nl/geonetwork/srv/resourcesddf87610-2724-11e2-81c1-0800200c9a66
20:14:48.552 [ForkJoinPool-1-worker-21] INFO  com.intuit.karate - [print]
20:14:48.553 [ForkJoinPool-1-worker-21] INFO  com.intuit.karate - [print] testing xlinkurl:https://creativecommons.org/publicdomain/mark/*/deed.nl
20:14:48.628 [ForkJoinPool-1-worker-3] INFO  com.intuit.karate - [print]
20:14:48.629 [ForkJoinPool-1-worker-3] INFO  com.intuit.karate - [print] testing xlinkurl:http://nationaalgeoregister.nl/geonetwork/srv/dut/csw?SERVICE=CSW&version=2.0.2&REQUEST=GetRecordById&elementSetName=full&OutputSchema=http://www.isotc211.org/2005/gmd&ID=34e6165f-1269-48d1-b255-0f05d163d692
20:14:48.657 [ForkJoinPool-1-worker-19] INFO  com.intuit.karate - [print] title:Maritieme grenzen - Noordzee
20:14:48.659 [ForkJoinPool-1-worker-19] INFO  com.intuit.karate - [print] Maritieme grenzen - Noordzee
20:14:48.661 [ForkJoinPool-1-worker-19] INFO  com.intuit.karate - [print] [
  "http://www.opengis.net/def/crs/EPSG/0/https://www.opengis.net/def/crs/EPSG/0/4258",
  "https://www.nationaalgeoregister.nl:443/geonetwork/srv/api/records/a5241416-8401-4623-be61-57ef50447a41"
]

20:14:48.659 [ForkJoinPool-1-worker-21] ERROR com.intuit.karate - status code was: 404, expected: 200, response time: 104, url: https://creativecommons.org/publicdomain/mark/*/deed.nl, response: 
20:14:48.665 [ForkJoinPool-1-worker-21] ERROR com.intuit.karate - feature call (loop) failed at index: 2
caller: classpath:InspireTest/ngr/datasetrecords/def/checkxlinkurl.template.feature
arg: {"link":"https://creativecommons.org/publicdomain/mark/*/deed.nl"}
checkxlinkurl.template.feature:15 - status code was: 404, expected: 200, response time: 104, url: https://creativecommons.org/publicdomain/mark/*/deed.nl, response: 
20:14:48.667 [ForkJoinPool-1-worker-21] INFO  com.intuit.karate - [print]
20:14:48.668 [ForkJoinPool-1-worker-21] INFO  com.intuit.karate - [print] testing xlinkurl:
20:14:48.669 [ForkJoinPool-1-worker-21] ERROR com.intuit.karate - org.apache.http.client.ClientProtocolException, http call failed after 0 milliseconds for URL: 
20:14:48.669 [ForkJoinPool-1-worker-21] ERROR com.intuit.karate - http request failed: 
org.apache.http.client.ClientProtocolException
20:14:48.670 [ForkJoinPool-1-worker-21] ERROR com.intuit.karate - feature call (loop) failed at index: 3
caller: classpath:InspireTest/ngr/datasetrecords/def/checkxlinkurl.template.feature
arg: {"link":""}
checkxlinkurl.template.feature:14 - 
org.apache.http.client.ClientProtocolException
20:14:48.675 [ForkJoinPool-1-worker-13] INFO  com.intuit.karate - [print] title:Land Use 2015
20:14:48.675 [ForkJoinPool-1-worker-13] INFO  com.intuit.karate - [print] Land Use 2015
20:14:48.677 [ForkJoinPool-1-worker-19] INFO  com.intuit.karate - [print]
20:14:48.677 [ForkJoinPool-1-worker-19] INFO  com.intuit.karate - [print] testing xlinkurl:http://www.opengis.net/def/crs/EPSG/0/https://www.opengis.net/def/crs/EPSG/0/4258
20:14:48.677 [ForkJoinPool-1-worker-13] INFO  com.intuit.karate - [print] [
]

20:14:48.693 [ForkJoinPool-1-worker-23] INFO  com.intuit.karate - [print]
20:14:48.693 [ForkJoinPool-1-worker-23] INFO  com.intuit.karate - [print] testing xlinkurl:https://creativecommons.org/publicdomain/mark/*/deed.nl
20:14:48.700 [ForkJoinPool-1-worker-9] INFO  com.intuit.karate - [print]
20:14:48.700 [ForkJoinPool-1-worker-9] INFO  com.intuit.karate - [print] testing xlinkurl:https://ngr.acceptatie.nationaalgeoregister.nl/geonetwork/srv/resourcesd7ab6903-1152-450b-b81d-042682dcfd03
20:14:48.709 [ForkJoinPool-1-worker-5] ERROR com.intuit.karate - status code was: 404, expected: 200, response time: 281, url: https://ngr.acceptatie.nationaalgeoregister.nl/geonetwork/srv/resourcesddf87610-2724-11e2-81c1-0800200c9a66, response: 
20:14:48.709 [ForkJoinPool-1-worker-5] ERROR com.intuit.karate - feature call (loop) failed at index: 1
caller: classpath:InspireTest/ngr/datasetrecords/def/checkxlinkurl.template.feature
arg: {"link":"https://ngr.acceptatie.nationaalgeoregister.nl/geonetwork/srv/resourcesddf87610-2724-11e2-81c1-0800200c9a66"}
checkxlinkurl.template.feature:15 - status code was: 404, expected: 200, response time: 281, url: https://ngr.acceptatie.nationaalgeoregister.nl/geonetwork/srv/resourcesddf87610-2724-11e2-81c1-0800200c9a66, response: 
20:14:48.719 [ForkJoinPool-1-worker-17] INFO  com.intuit.karate - [print] title:Totale potentie aardwarmte uit aquifers, INSPIRE
20:14:48.719 [ForkJoinPool-1-worker-17] INFO  com.intuit.karate - [print] Totale potentie aardwarmte uit aquifers, INSPIRE
20:14:48.721 [ForkJoinPool-1-worker-17] INFO  com.intuit.karate - [print] [
  "https://nationaalgeoregister.nl/geonetwork/srv/resources052a3480-1031-4d29-ba55-01672e2c50d9"
]

20:14:48.727 [ForkJoinPool-1-worker-17] INFO  com.intuit.karate - [print]
20:14:48.727 [ForkJoinPool-1-worker-17] INFO  com.intuit.karate - [print] testing xlinkurl:https://nationaalgeoregister.nl/geonetwork/srv/resources052a3480-1031-4d29-ba55-01672e2c50d9
20:14:48.747 [ForkJoinPool-1-worker-23] ERROR com.intuit.karate - status code was: 404, expected: 200, response time: 53, url: https://creativecommons.org/publicdomain/mark/*/deed.nl, response: 
20:14:48.747 [ForkJoinPool-1-worker-23] ERROR com.intuit.karate - feature call (loop) failed at index: 2
caller: classpath:InspireTest/ngr/datasetrecords/def/checkxlinkurl.template.feature
arg: {"link":"https://creativecommons.org/publicdomain/mark/*/deed.nl"}
checkxlinkurl.template.feature:15 - status code was: 404, expected: 200, response time: 53, url: https://creativecommons.org/publicdomain/mark/*/deed.nl, response: 
20:14:48.748 [ForkJoinPool-1-worker-23] INFO  com.intuit.karate - [print]
20:14:48.748 [ForkJoinPool-1-worker-23] INFO  com.intuit.karate - [print] testing xlinkurl:
20:14:48.748 [ForkJoinPool-1-worker-23] ERROR com.intuit.karate - org.apache.http.client.ClientProtocolException, http call failed after 0 milliseconds for URL: 
20:14:48.748 [ForkJoinPool-1-worker-23] ERROR com.intuit.karate - http request failed: 
org.apache.http.client.ClientProtocolException
20:14:48.749 [ForkJoinPool-1-worker-23] ERROR com.intuit.karate - feature call (loop) failed at index: 3
caller: classpath:InspireTest/ngr/datasetrecords/def/checkxlinkurl.template.feature
arg: {"link":""}
checkxlinkurl.template.feature:14 - 
org.apache.http.client.ClientProtocolException
20:14:48.793 [ForkJoinPool-1-worker-27] INFO  com.intuit.karate - [print]
20:14:48.794 [ForkJoinPool-1-worker-27] INFO  com.intuit.karate - [print] testing xlinkurl:https://creativecommons.org/publicdomain/mark/*/deed.nl
20:14:48.835 [ForkJoinPool-1-worker-27] ERROR com.intuit.karate - status code was: 404, expected: 200, response time: 40, url: https://creativecommons.org/publicdomain/mark/*/deed.nl, response: 
20:14:48.835 [ForkJoinPool-1-worker-27] ERROR com.intuit.karate - feature call (loop) failed at index: 1
caller: classpath:InspireTest/ngr/datasetrecords/def/checkxlinkurl.template.feature
arg: {"link":"https://creativecommons.org/publicdomain/mark/*/deed.nl"}
checkxlinkurl.template.feature:15 - status code was: 404, expected: 200, response time: 40, url: https://creativecommons.org/publicdomain/mark/*/deed.nl, response: 
20:14:48.836 [ForkJoinPool-1-worker-27] INFO  com.intuit.karate - [print]
20:14:48.837 [ForkJoinPool-1-worker-27] INFO  com.intuit.karate - [print] testing xlinkurl:
20:14:48.837 [ForkJoinPool-1-worker-27] ERROR com.intuit.karate - org.apache.http.client.ClientProtocolException, http call failed after 0 milliseconds for URL: 
20:14:48.837 [ForkJoinPool-1-worker-27] ERROR com.intuit.karate - http request failed: 
org.apache.http.client.ClientProtocolException
20:14:48.837 [ForkJoinPool-1-worker-27] ERROR com.intuit.karate - feature call (loop) failed at index: 2
caller: classpath:InspireTest/ngr/datasetrecords/def/checkxlinkurl.template.feature
arg: {"link":""}
checkxlinkurl.template.feature:14 - 
org.apache.http.client.ClientProtocolException
20:14:48.870 [ForkJoinPool-1-worker-31] INFO  com.intuit.karate - [print] title:Werelderfgoed
20:14:48.870 [ForkJoinPool-1-worker-31] INFO  com.intuit.karate - [print] Werelderfgoed
20:14:48.872 [ForkJoinPool-1-worker-31] INFO  com.intuit.karate - [print] [
  "http://services.rce.geovoorziening.nl/www/download/nl.xml"
]

20:14:48.878 [ForkJoinPool-1-worker-31] INFO  com.intuit.karate - [print]
20:14:48.878 [ForkJoinPool-1-worker-31] INFO  com.intuit.karate - [print] testing xlinkurl:http://services.rce.geovoorziening.nl/www/download/nl.xml
20:14:48.977 [ForkJoinPool-1-worker-19] INFO  com.intuit.karate - [print]
20:14:48.978 [ForkJoinPool-1-worker-19] INFO  com.intuit.karate - [print] testing xlinkurl:https://www.nationaalgeoregister.nl:443/geonetwork/srv/api/records/a5241416-8401-4623-be61-57ef50447a41
20:14:48.981 [ForkJoinPool-1-worker-9] ERROR com.intuit.karate - status code was: 404, expected: 200, response time: 280, url: https://ngr.acceptatie.nationaalgeoregister.nl/geonetwork/srv/resourcesd7ab6903-1152-450b-b81d-042682dcfd03, response: 
20:14:48.981 [ForkJoinPool-1-worker-9] ERROR com.intuit.karate - feature call (loop) failed at index: 1
caller: classpath:InspireTest/ngr/datasetrecords/def/checkxlinkurl.template.feature
arg: {"link":"https://ngr.acceptatie.nationaalgeoregister.nl/geonetwork/srv/resourcesd7ab6903-1152-450b-b81d-042682dcfd03"}
checkxlinkurl.template.feature:15 - status code was: 404, expected: 200, response time: 280, url: https://ngr.acceptatie.nationaalgeoregister.nl/geonetwork/srv/resourcesd7ab6903-1152-450b-b81d-042682dcfd03, response: 
20:14:49.010 [ForkJoinPool-1-worker-17] ERROR com.intuit.karate - status code was: 404, expected: 200, response time: 282, url: https://nationaalgeoregister.nl/geonetwork/srv/resources052a3480-1031-4d29-ba55-01672e2c50d9, response: 
20:14:49.010 [ForkJoinPool-1-worker-17] ERROR com.intuit.karate - feature call (loop) failed at index: 0
caller: classpath:InspireTest/ngr/datasetrecords/def/checkxlinkurl.template.feature
arg: {"link":"https://nationaalgeoregister.nl/geonetwork/srv/resources052a3480-1031-4d29-ba55-01672e2c50d9"}
checkxlinkurl.template.feature:15 - status code was: 404, expected: 200, response time: 282, url: https://nationaalgeoregister.nl/geonetwork/srv/resources052a3480-1031-4d29-ba55-01672e2c50d9, response: 
20:14:49.138 [ForkJoinPool-1-worker-3] INFO  com.intuit.karate - [print]
20:14:49.139 [ForkJoinPool-1-worker-3] INFO  com.intuit.karate - [print] testing xlinkurl:https://creativecommons.org/publicdomain/mark/*/deed.nl
20:14:49.179 [ForkJoinPool-1-worker-3] ERROR com.intuit.karate - status code was: 404, expected: 200, response time: 40, url: https://creativecommons.org/publicdomain/mark/*/deed.nl, response: 
20:14:49.180 [ForkJoinPool-1-worker-3] ERROR com.intuit.karate - feature call (loop) failed at index: 2
caller: classpath:InspireTest/ngr/datasetrecords/def/checkxlinkurl.template.feature
arg: {"link":"https://creativecommons.org/publicdomain/mark/*/deed.nl"}
checkxlinkurl.template.feature:15 - status code was: 404, expected: 200, response time: 40, url: https://creativecommons.org/publicdomain/mark/*/deed.nl, response: 
20:14:49.183 [ForkJoinPool-1-worker-3] INFO  com.intuit.karate - [print]
20:14:49.183 [ForkJoinPool-1-worker-3] INFO  com.intuit.karate - [print] testing xlinkurl:
20:14:49.184 [ForkJoinPool-1-worker-3] ERROR com.intuit.karate - org.apache.http.client.ClientProtocolException, http call failed after 0 milliseconds for URL: 
20:14:49.185 [ForkJoinPool-1-worker-3] ERROR com.intuit.karate - http request failed: 
org.apache.http.client.ClientProtocolException
20:14:49.186 [ForkJoinPool-1-worker-3] ERROR com.intuit.karate - feature call (loop) failed at index: 3
caller: classpath:InspireTest/ngr/datasetrecords/def/checkxlinkurl.template.feature
arg: {"link":""}
checkxlinkurl.template.feature:14 - 
org.apache.http.client.ClientProtocolException
20:14:49.255 [ForkJoinPool-1-worker-19] ERROR com.intuit.karate - status code was: 400, expected: 200, response time: 276, url: https://www.nationaalgeoregister.nl:443/geonetwork/srv/api/records/a5241416-8401-4623-be61-57ef50447a41, response: 
20:14:49.255 [ForkJoinPool-1-worker-19] ERROR com.intuit.karate - feature call (loop) failed at index: 1
caller: classpath:InspireTest/ngr/datasetrecords/def/checkxlinkurl.template.feature
arg: {"link":"https://www.nationaalgeoregister.nl:443/geonetwork/srv/api/records/a5241416-8401-4623-be61-57ef50447a41"}
checkxlinkurl.template.feature:15 - status code was: 400, expected: 200, response time: 276, url: https://www.nationaalgeoregister.nl:443/geonetwork/srv/api/records/a5241416-8401-4623-be61-57ef50447a41, response: 
20:14:49.357 [ForkJoinPool-1-worker-13] INFO  com.intuit.karate - [print] title:Adressen
20:14:49.357 [ForkJoinPool-1-worker-13] INFO  com.intuit.karate - [print] Adressen
20:14:49.360 [ForkJoinPool-1-worker-13] INFO  com.intuit.karate - [print] [
  "http://kadaster/06b6c650-cdb1-11dd-ad8b-0800200c9a77"
]

20:14:49.363 [ForkJoinPool-1-worker-9] INFO  com.intuit.karate - [print] title:Luchtvaartinformatie
20:14:49.363 [ForkJoinPool-1-worker-9] INFO  com.intuit.karate - [print] Luchtvaartinformatie
20:14:49.371 [ForkJoinPool-1-worker-13] INFO  com.intuit.karate - [print]
20:14:49.375 [ForkJoinPool-1-worker-13] INFO  com.intuit.karate - [print] testing xlinkurl:http://kadaster/06b6c650-cdb1-11dd-ad8b-0800200c9a77
20:14:49.379 [ForkJoinPool-1-worker-21] INFO  com.intuit.karate - [print] title:CBS Vierkantstatistieken 500m
20:14:49.383 [ForkJoinPool-1-worker-21] INFO  com.intuit.karate - [print] CBS Vierkantstatistieken 500m
20:14:49.386 [ForkJoinPool-1-worker-21] INFO  com.intuit.karate - [print] [
  "http://geodata.nationaalgeoregister.nl/cbsvierkanten500mv2/atom/cbsvierkanten500mv2.xml"
]

20:14:49.379 [ForkJoinPool-1-worker-13] ERROR com.intuit.karate - java.net.UnknownHostException: kadaster, http call failed after 0 milliseconds for URL: http://kadaster/06b6c650-cdb1-11dd-ad8b-0800200c9a77
20:14:49.383 [ForkJoinPool-1-worker-9] INFO  com.intuit.karate - [print] [
  "u",
  "r",
  "n",
  ":",
  "o",
  "g",
  "c",
  ":",
  "d",
  "e",
  "f",
  ":",
  "c",
  "r",
  "s",
  ":",
  "E",
  "P",
  "S",
  "G",
  ":",
  ":",
  "5",
  "6",
  "2",
  "1"
]

20:14:49.383 [ForkJoinPool-1-worker-5] INFO  com.intuit.karate - [print] title:Gebouwen
20:14:49.395 [ForkJoinPool-1-worker-5] INFO  com.intuit.karate - [print] Gebouwen
20:14:49.397 [ForkJoinPool-1-worker-5] INFO  com.intuit.karate - [print] [
  "http://kadaster/79a1c01b-21ad-43e8-a5c2-23e3eeb95be2",
  ""
]

20:14:49.400 [ForkJoinPool-1-worker-13] ERROR com.intuit.karate - http request failed: 
java.net.UnknownHostException: kadaster
20:14:49.401 [ForkJoinPool-1-worker-13] ERROR com.intuit.karate - feature call (loop) failed at index: 0
caller: classpath:InspireTest/ngr/datasetrecords/def/checkxlinkurl.template.feature
arg: {"link":"http://kadaster/06b6c650-cdb1-11dd-ad8b-0800200c9a77"}
checkxlinkurl.template.feature:14 - 
java.net.UnknownHostException: kadaster
20:14:49.401 [ForkJoinPool-1-worker-9] INFO  com.intuit.karate - [print]
20:14:49.403 [ForkJoinPool-1-worker-9] INFO  com.intuit.karate - [print] testing xlinkurl:u
20:14:49.404 [ForkJoinPool-1-worker-9] ERROR com.intuit.karate - org.apache.http.client.ClientProtocolException, http call failed after 0 milliseconds for URL: u
20:14:49.404 [ForkJoinPool-1-worker-9] ERROR com.intuit.karate - http request failed: 
org.apache.http.client.ClientProtocolException
20:14:49.404 [ForkJoinPool-1-worker-9] ERROR com.intuit.karate - feature call (loop) failed at index: 0
caller: classpath:InspireTest/ngr/datasetrecords/def/checkxlinkurl.template.feature
arg: {"link":"u"}
checkxlinkurl.template.feature:14 - 
org.apache.http.client.ClientProtocolException
20:14:49.405 [ForkJoinPool-1-worker-9] INFO  com.intuit.karate - [print]
20:14:49.406 [ForkJoinPool-1-worker-9] INFO  com.intuit.karate - [print] testing xlinkurl:r
20:14:49.406 [ForkJoinPool-1-worker-9] ERROR com.intuit.karate - org.apache.http.client.ClientProtocolException, http call failed after 0 milliseconds for URL: r
20:14:49.407 [ForkJoinPool-1-worker-9] ERROR com.intuit.karate - http request failed: 
org.apache.http.client.ClientProtocolException
20:14:49.407 [ForkJoinPool-1-worker-9] ERROR com.intuit.karate - feature call (loop) failed at index: 1
caller: classpath:InspireTest/ngr/datasetrecords/def/checkxlinkurl.template.feature
arg: {"link":"r"}
checkxlinkurl.template.feature:14 - 
org.apache.http.client.ClientProtocolException
20:14:49.408 [ForkJoinPool-1-worker-9] INFO  com.intuit.karate - [print]
20:14:49.411 [ForkJoinPool-1-worker-9] INFO  com.intuit.karate - [print] testing xlinkurl:n
20:14:49.412 [ForkJoinPool-1-worker-9] ERROR com.intuit.karate - org.apache.http.client.ClientProtocolException, http call failed after 0 milliseconds for URL: n
20:14:49.418 [ForkJoinPool-1-worker-9] ERROR com.intuit.karate - http request failed: 
org.apache.http.client.ClientProtocolException
20:14:49.419 [ForkJoinPool-1-worker-9] ERROR com.intuit.karate - feature call (loop) failed at index: 2
caller: classpath:InspireTest/ngr/datasetrecords/def/checkxlinkurl.template.feature
arg: {"link":"n"}
checkxlinkurl.template.feature:14 - 
org.apache.http.client.ClientProtocolException
20:14:49.420 [ForkJoinPool-1-worker-9] INFO  com.intuit.karate - [print]
20:14:49.421 [ForkJoinPool-1-worker-9] INFO  com.intuit.karate - [print] testing xlinkurl::
20:14:49.421 [ForkJoinPool-1-worker-9] ERROR com.intuit.karate - http request failed: java.net.URISyntaxException: Expected scheme name at index 0: :
20:14:49.423 [ForkJoinPool-1-worker-9] ERROR com.intuit.karate - feature call (loop) failed at index: 3
caller: classpath:InspireTest/ngr/datasetrecords/def/checkxlinkurl.template.feature
arg: {"link":":"}
checkxlinkurl.template.feature:14 - java.net.URISyntaxException: Expected scheme name at index 0: :
20:14:49.424 [ForkJoinPool-1-worker-9] INFO  com.intuit.karate - [print]
20:14:49.425 [ForkJoinPool-1-worker-9] INFO  com.intuit.karate - [print] testing xlinkurl:o
20:14:49.425 [ForkJoinPool-1-worker-9] ERROR com.intuit.karate - org.apache.http.client.ClientProtocolException, http call failed after 0 milliseconds for URL: o
20:14:49.421 [ForkJoinPool-1-worker-5] INFO  com.intuit.karate - [print]
20:14:49.426 [ForkJoinPool-1-worker-5] INFO  com.intuit.karate - [print] testing xlinkurl:http://kadaster/79a1c01b-21ad-43e8-a5c2-23e3eeb95be2
20:14:49.427 [ForkJoinPool-1-worker-5] ERROR com.intuit.karate - java.net.UnknownHostException: kadaster, http call failed after 0 milliseconds for URL: http://kadaster/79a1c01b-21ad-43e8-a5c2-23e3eeb95be2
20:14:49.428 [ForkJoinPool-1-worker-5] ERROR com.intuit.karate - http request failed: 
java.net.UnknownHostException: kadaster
20:14:49.428 [ForkJoinPool-1-worker-5] ERROR com.intuit.karate - feature call (loop) failed at index: 0
caller: classpath:InspireTest/ngr/datasetrecords/def/checkxlinkurl.template.feature
arg: {"link":"http://kadaster/79a1c01b-21ad-43e8-a5c2-23e3eeb95be2"}
checkxlinkurl.template.feature:14 - 
java.net.UnknownHostException: kadaster
20:14:49.423 [ForkJoinPool-1-worker-21] INFO  com.intuit.karate - [print]
20:14:49.429 [ForkJoinPool-1-worker-21] INFO  com.intuit.karate - [print] testing xlinkurl:http://geodata.nationaalgeoregister.nl/cbsvierkanten500mv2/atom/cbsvierkanten500mv2.xml
20:14:49.430 [ForkJoinPool-1-worker-9] ERROR com.intuit.karate - http request failed: 
org.apache.http.client.ClientProtocolException
20:14:49.431 [ForkJoinPool-1-worker-9] ERROR com.intuit.karate - feature call (loop) failed at index: 4
caller: classpath:InspireTest/ngr/datasetrecords/def/checkxlinkurl.template.feature
arg: {"link":"o"}
checkxlinkurl.template.feature:14 - 
org.apache.http.client.ClientProtocolException
20:14:49.432 [ForkJoinPool-1-worker-9] INFO  com.intuit.karate - [print]
20:14:49.433 [ForkJoinPool-1-worker-9] INFO  com.intuit.karate - [print] testing xlinkurl:g
20:14:49.431 [ForkJoinPool-1-worker-5] INFO  com.intuit.karate - [print]
20:14:49.434 [ForkJoinPool-1-worker-5] INFO  com.intuit.karate - [print] testing xlinkurl:
20:14:49.434 [ForkJoinPool-1-worker-5] ERROR com.intuit.karate - org.apache.http.client.ClientProtocolException, http call failed after 0 milliseconds for URL: 
20:14:49.434 [ForkJoinPool-1-worker-5] ERROR com.intuit.karate - http request failed: 
org.apache.http.client.ClientProtocolException
20:14:49.434 [ForkJoinPool-1-worker-5] ERROR com.intuit.karate - feature call (loop) failed at index: 1
caller: classpath:InspireTest/ngr/datasetrecords/def/checkxlinkurl.template.feature
arg: {"link":""}
checkxlinkurl.template.feature:14 - 
org.apache.http.client.ClientProtocolException
20:14:49.437 [ForkJoinPool-1-worker-9] ERROR com.intuit.karate - org.apache.http.client.ClientProtocolException, http call failed after 0 milliseconds for URL: g
20:14:49.437 [ForkJoinPool-1-worker-9] ERROR com.intuit.karate - http request failed: 
org.apache.http.client.ClientProtocolException
20:14:49.442 [ForkJoinPool-1-worker-9] ERROR com.intuit.karate - feature call (loop) failed at index: 5
caller: classpath:InspireTest/ngr/datasetrecords/def/checkxlinkurl.template.feature
arg: {"link":"g"}
checkxlinkurl.template.feature:14 - 
org.apache.http.client.ClientProtocolException
20:14:49.443 [ForkJoinPool-1-worker-9] INFO  com.intuit.karate - [print]
20:14:49.445 [ForkJoinPool-1-worker-9] INFO  com.intuit.karate - [print] testing xlinkurl:c
20:14:49.446 [ForkJoinPool-1-worker-9] ERROR com.intuit.karate - org.apache.http.client.ClientProtocolException, http call failed after 0 milliseconds for URL: c
20:14:49.447 [ForkJoinPool-1-worker-9] ERROR com.intuit.karate - http request failed: 
org.apache.http.client.ClientProtocolException
20:14:49.447 [ForkJoinPool-1-worker-9] ERROR com.intuit.karate - feature call (loop) failed at index: 6
caller: classpath:InspireTest/ngr/datasetrecords/def/checkxlinkurl.template.feature
arg: {"link":"c"}
checkxlinkurl.template.feature:14 - 
org.apache.http.client.ClientProtocolException
20:14:49.448 [ForkJoinPool-1-worker-9] INFO  com.intuit.karate - [print]
20:14:49.449 [ForkJoinPool-1-worker-9] INFO  com.intuit.karate - [print] testing xlinkurl::
20:14:49.449 [ForkJoinPool-1-worker-9] ERROR com.intuit.karate - http request failed: java.net.URISyntaxException: Expected scheme name at index 0: :
20:14:49.449 [ForkJoinPool-1-worker-9] ERROR com.intuit.karate - feature call (loop) failed at index: 7
caller: classpath:InspireTest/ngr/datasetrecords/def/checkxlinkurl.template.feature
arg: {"link":":"}
checkxlinkurl.template.feature:14 - java.net.URISyntaxException: Expected scheme name at index 0: :
20:14:49.450 [ForkJoinPool-1-worker-9] INFO  com.intuit.karate - [print]
20:14:49.451 [ForkJoinPool-1-worker-9] INFO  com.intuit.karate - [print] testing xlinkurl:d
20:14:49.452 [ForkJoinPool-1-worker-9] ERROR com.intuit.karate - org.apache.http.client.ClientProtocolException, http call failed after 0 milliseconds for URL: d
20:14:49.452 [ForkJoinPool-1-worker-9] ERROR com.intuit.karate - http request failed: 
org.apache.http.client.ClientProtocolException
20:14:49.452 [ForkJoinPool-1-worker-9] ERROR com.intuit.karate - feature call (loop) failed at index: 8
caller: classpath:InspireTest/ngr/datasetrecords/def/checkxlinkurl.template.feature
arg: {"link":"d"}
checkxlinkurl.template.feature:14 - 
org.apache.http.client.ClientProtocolException
20:14:49.453 [ForkJoinPool-1-worker-9] INFO  com.intuit.karate - [print]
20:14:49.454 [ForkJoinPool-1-worker-9] INFO  com.intuit.karate - [print] testing xlinkurl:e
20:14:49.455 [ForkJoinPool-1-worker-9] ERROR com.intuit.karate - org.apache.http.client.ClientProtocolException, http call failed after 0 milliseconds for URL: e
20:14:49.455 [ForkJoinPool-1-worker-9] ERROR com.intuit.karate - http request failed: 
org.apache.http.client.ClientProtocolException
20:14:49.455 [ForkJoinPool-1-worker-9] ERROR com.intuit.karate - feature call (loop) failed at index: 9
caller: classpath:InspireTest/ngr/datasetrecords/def/checkxlinkurl.template.feature
arg: {"link":"e"}
checkxlinkurl.template.feature:14 - 
org.apache.http.client.ClientProtocolException
20:14:49.461 [ForkJoinPool-1-worker-23] INFO  com.intuit.karate - [print] title:Gebiedsbeheer, gebieden waar beperkingen gelden, gereguleerde gebieden en rapportage-eenheden - Provincies (INSPIRE geharmoniseerd)
20:14:49.461 [ForkJoinPool-1-worker-23] INFO  com.intuit.karate - [print] Gebiedsbeheer, gebieden waar beperkingen gelden, gereguleerde gebieden en rapportage-eenheden - Provincies (INSPIRE geharmoniseerd)
20:14:49.464 [ForkJoinPool-1-worker-23] INFO  com.intuit.karate - [print] [
  "http://www.opengis.net/def/crs/EPSG/0/http://www.opengis.net/def/crs/EPSG/0/3034",
  "http://nationaalgeoregister.nl/geonetwork/srv/dut/csw?SERVICE=CSW&version=2.0.2&REQUEST=GetRecordById&elementSetName=full&OutputSchema=http://www.isotc211.org/2005/gmd&ID=0f128799-cf18-4b37-a721-e62b068191f5",
  "https://creativecommons.org/publicdomain/mark/*/deed.nl",
  ""
]

20:14:49.464 [ForkJoinPool-1-worker-9] INFO  com.intuit.karate - [print]
20:14:49.466 [ForkJoinPool-1-worker-9] INFO  com.intuit.karate - [print] testing xlinkurl:f
20:14:49.467 [ForkJoinPool-1-worker-9] ERROR com.intuit.karate - org.apache.http.client.ClientProtocolException, http call failed after 0 milliseconds for URL: f
20:14:49.468 [ForkJoinPool-1-worker-9] ERROR com.intuit.karate - http request failed: 
org.apache.http.client.ClientProtocolException
20:14:49.468 [ForkJoinPool-1-worker-9] ERROR com.intuit.karate - feature call (loop) failed at index: 10
caller: classpath:InspireTest/ngr/datasetrecords/def/checkxlinkurl.template.feature
arg: {"link":"f"}
checkxlinkurl.template.feature:14 - 
org.apache.http.client.ClientProtocolException
20:14:49.475 [ForkJoinPool-1-worker-9] INFO  com.intuit.karate - [print]
20:14:49.475 [ForkJoinPool-1-worker-9] INFO  com.intuit.karate - [print] testing xlinkurl::
20:14:49.475 [ForkJoinPool-1-worker-9] ERROR com.intuit.karate - http request failed: java.net.URISyntaxException: Expected scheme name at index 0: :
20:14:49.475 [ForkJoinPool-1-worker-9] ERROR com.intuit.karate - feature call (loop) failed at index: 11
caller: classpath:InspireTest/ngr/datasetrecords/def/checkxlinkurl.template.feature
arg: {"link":":"}
checkxlinkurl.template.feature:14 - java.net.URISyntaxException: Expected scheme name at index 0: :
20:14:49.476 [ForkJoinPool-1-worker-9] INFO  com.intuit.karate - [print]
20:14:49.476 [ForkJoinPool-1-worker-9] INFO  com.intuit.karate - [print] testing xlinkurl:c
20:14:49.476 [ForkJoinPool-1-worker-9] ERROR com.intuit.karate - org.apache.http.client.ClientProtocolException, http call failed after 0 milliseconds for URL: c
20:14:49.476 [ForkJoinPool-1-worker-9] ERROR com.intuit.karate - http request failed: 
org.apache.http.client.ClientProtocolException
20:14:49.477 [ForkJoinPool-1-worker-9] ERROR com.intuit.karate - feature call (loop) failed at index: 12
caller: classpath:InspireTest/ngr/datasetrecords/def/checkxlinkurl.template.feature
arg: {"link":"c"}
checkxlinkurl.template.feature:14 - 
org.apache.http.client.ClientProtocolException
20:14:49.477 [ForkJoinPool-1-worker-9] INFO  com.intuit.karate - [print]
20:14:49.477 [ForkJoinPool-1-worker-9] INFO  com.intuit.karate - [print] testing xlinkurl:r
20:14:49.478 [ForkJoinPool-1-worker-9] ERROR com.intuit.karate - org.apache.http.client.ClientProtocolException, http call failed after 0 milliseconds for URL: r
20:14:49.478 [ForkJoinPool-1-worker-9] ERROR com.intuit.karate - http request failed: 
org.apache.http.client.ClientProtocolException
20:14:49.478 [ForkJoinPool-1-worker-9] ERROR com.intuit.karate - feature call (loop) failed at index: 13
caller: classpath:InspireTest/ngr/datasetrecords/def/checkxlinkurl.template.feature
arg: {"link":"r"}
checkxlinkurl.template.feature:14 - 
org.apache.http.client.ClientProtocolException
20:14:49.484 [ForkJoinPool-1-worker-9] INFO  com.intuit.karate - [print]
20:14:49.484 [ForkJoinPool-1-worker-9] INFO  com.intuit.karate - [print] testing xlinkurl:s
20:14:49.485 [ForkJoinPool-1-worker-9] ERROR com.intuit.karate - org.apache.http.client.ClientProtocolException, http call failed after 0 milliseconds for URL: s
20:14:49.485 [ForkJoinPool-1-worker-9] ERROR com.intuit.karate - http request failed: 
org.apache.http.client.ClientProtocolException
20:14:49.485 [ForkJoinPool-1-worker-9] ERROR com.intuit.karate - feature call (loop) failed at index: 14
caller: classpath:InspireTest/ngr/datasetrecords/def/checkxlinkurl.template.feature
arg: {"link":"s"}
checkxlinkurl.template.feature:14 - 
org.apache.http.client.ClientProtocolException
20:14:49.485 [ForkJoinPool-1-worker-9] INFO  com.intuit.karate - [print]
20:14:49.486 [ForkJoinPool-1-worker-9] INFO  com.intuit.karate - [print] testing xlinkurl::
20:14:49.486 [ForkJoinPool-1-worker-9] ERROR com.intuit.karate - http request failed: java.net.URISyntaxException: Expected scheme name at index 0: :
20:14:49.486 [ForkJoinPool-1-worker-9] ERROR com.intuit.karate - feature call (loop) failed at index: 15
caller: classpath:InspireTest/ngr/datasetrecords/def/checkxlinkurl.template.feature
arg: {"link":":"}
checkxlinkurl.template.feature:14 - java.net.URISyntaxException: Expected scheme name at index 0: :
20:14:49.490 [ForkJoinPool-1-worker-23] INFO  com.intuit.karate - [print]
20:14:49.491 [ForkJoinPool-1-worker-23] INFO  com.intuit.karate - [print] testing xlinkurl:http://www.opengis.net/def/crs/EPSG/0/http://www.opengis.net/def/crs/EPSG/0/3034
20:14:49.492 [ForkJoinPool-1-worker-9] INFO  com.intuit.karate - [print]
20:14:49.492 [ForkJoinPool-1-worker-9] INFO  com.intuit.karate - [print] testing xlinkurl:E
20:14:49.493 [ForkJoinPool-1-worker-9] ERROR com.intuit.karate - org.apache.http.client.ClientProtocolException, http call failed after 0 milliseconds for URL: E
20:14:49.493 [ForkJoinPool-1-worker-9] ERROR com.intuit.karate - http request failed: 
org.apache.http.client.ClientProtocolException
20:14:49.493 [ForkJoinPool-1-worker-9] ERROR com.intuit.karate - feature call (loop) failed at index: 16
caller: classpath:InspireTest/ngr/datasetrecords/def/checkxlinkurl.template.feature
arg: {"link":"E"}
checkxlinkurl.template.feature:14 - 
org.apache.http.client.ClientProtocolException
20:14:49.493 [ForkJoinPool-1-worker-9] INFO  com.intuit.karate - [print]
20:14:49.494 [ForkJoinPool-1-worker-9] INFO  com.intuit.karate - [print] testing xlinkurl:P
20:14:49.494 [ForkJoinPool-1-worker-9] ERROR com.intuit.karate - org.apache.http.client.ClientProtocolException, http call failed after 0 milliseconds for URL: P
20:14:49.494 [ForkJoinPool-1-worker-9] ERROR com.intuit.karate - http request failed: 
org.apache.http.client.ClientProtocolException
20:14:49.497 [ForkJoinPool-1-worker-9] ERROR com.intuit.karate - feature call (loop) failed at index: 17
caller: classpath:InspireTest/ngr/datasetrecords/def/checkxlinkurl.template.feature
arg: {"link":"P"}
checkxlinkurl.template.feature:14 - 
org.apache.http.client.ClientProtocolException
20:14:49.498 [ForkJoinPool-1-worker-9] INFO  com.intuit.karate - [print]
20:14:49.498 [ForkJoinPool-1-worker-9] INFO  com.intuit.karate - [print] testing xlinkurl:S
20:14:49.498 [ForkJoinPool-1-worker-9] ERROR com.intuit.karate - org.apache.http.client.ClientProtocolException, http call failed after 0 milliseconds for URL: S
20:14:49.498 [ForkJoinPool-1-worker-9] ERROR com.intuit.karate - http request failed: 
org.apache.http.client.ClientProtocolException
20:14:49.498 [ForkJoinPool-1-worker-9] ERROR com.intuit.karate - feature call (loop) failed at index: 18
caller: classpath:InspireTest/ngr/datasetrecords/def/checkxlinkurl.template.feature
arg: {"link":"S"}
checkxlinkurl.template.feature:14 - 
org.apache.http.client.ClientProtocolException
20:14:49.502 [ForkJoinPool-1-worker-9] INFO  com.intuit.karate - [print]
20:14:49.503 [ForkJoinPool-1-worker-9] INFO  com.intuit.karate - [print] testing xlinkurl:G
20:14:49.503 [ForkJoinPool-1-worker-9] ERROR com.intuit.karate - org.apache.http.client.ClientProtocolException, http call failed after 0 milliseconds for URL: G
20:14:49.503 [ForkJoinPool-1-worker-9] ERROR com.intuit.karate - http request failed: 
org.apache.http.client.ClientProtocolException
20:14:49.503 [ForkJoinPool-1-worker-9] ERROR com.intuit.karate - feature call (loop) failed at index: 19
caller: classpath:InspireTest/ngr/datasetrecords/def/checkxlinkurl.template.feature
arg: {"link":"G"}
checkxlinkurl.template.feature:14 - 
org.apache.http.client.ClientProtocolException
20:14:49.504 [ForkJoinPool-1-worker-9] INFO  com.intuit.karate - [print]
20:14:49.504 [ForkJoinPool-1-worker-9] INFO  com.intuit.karate - [print] testing xlinkurl::
20:14:49.504 [ForkJoinPool-1-worker-9] ERROR com.intuit.karate - http request failed: java.net.URISyntaxException: Expected scheme name at index 0: :
20:14:49.507 [ForkJoinPool-1-worker-9] ERROR com.intuit.karate - feature call (loop) failed at index: 20
caller: classpath:InspireTest/ngr/datasetrecords/def/checkxlinkurl.template.feature
arg: {"link":":"}
checkxlinkurl.template.feature:14 - java.net.URISyntaxException: Expected scheme name at index 0: :
20:14:49.508 [ForkJoinPool-1-worker-9] INFO  com.intuit.karate - [print]
20:14:49.508 [ForkJoinPool-1-worker-9] INFO  com.intuit.karate - [print] testing xlinkurl::
20:14:49.508 [ForkJoinPool-1-worker-9] ERROR com.intuit.karate - http request failed: java.net.URISyntaxException: Expected scheme name at index 0: :
20:14:49.509 [ForkJoinPool-1-worker-9] ERROR com.intuit.karate - feature call (loop) failed at index: 21
caller: classpath:InspireTest/ngr/datasetrecords/def/checkxlinkurl.template.feature
arg: {"link":":"}
checkxlinkurl.template.feature:14 - java.net.URISyntaxException: Expected scheme name at index 0: :
20:14:49.509 [ForkJoinPool-1-worker-9] INFO  com.intuit.karate - [print]
20:14:49.510 [ForkJoinPool-1-worker-9] INFO  com.intuit.karate - [print] testing xlinkurl:5
20:14:49.510 [ForkJoinPool-1-worker-9] ERROR com.intuit.karate - org.apache.http.client.ClientProtocolException, http call failed after 0 milliseconds for URL: 5
20:14:49.510 [ForkJoinPool-1-worker-9] ERROR com.intuit.karate - http request failed: 
org.apache.http.client.ClientProtocolException
20:14:49.510 [ForkJoinPool-1-worker-9] ERROR com.intuit.karate - feature call (loop) failed at index: 22
caller: classpath:InspireTest/ngr/datasetrecords/def/checkxlinkurl.template.feature
arg: {"link":"5"}
checkxlinkurl.template.feature:14 - 
org.apache.http.client.ClientProtocolException
20:14:49.516 [ForkJoinPool-1-worker-9] INFO  com.intuit.karate - [print]
20:14:49.517 [ForkJoinPool-1-worker-9] INFO  com.intuit.karate - [print] testing xlinkurl:6
20:14:49.517 [ForkJoinPool-1-worker-9] ERROR com.intuit.karate - org.apache.http.client.ClientProtocolException, http call failed after 0 milliseconds for URL: 6
20:14:49.517 [ForkJoinPool-1-worker-9] ERROR com.intuit.karate - http request failed: 
org.apache.http.client.ClientProtocolException
20:14:49.518 [ForkJoinPool-1-worker-9] ERROR com.intuit.karate - feature call (loop) failed at index: 23
caller: classpath:InspireTest/ngr/datasetrecords/def/checkxlinkurl.template.feature
arg: {"link":"6"}
checkxlinkurl.template.feature:14 - 
org.apache.http.client.ClientProtocolException
20:14:49.520 [ForkJoinPool-1-worker-9] INFO  com.intuit.karate - [print]
20:14:49.520 [ForkJoinPool-1-worker-9] INFO  com.intuit.karate - [print] testing xlinkurl:2
20:14:49.520 [ForkJoinPool-1-worker-9] ERROR com.intuit.karate - org.apache.http.client.ClientProtocolException, http call failed after 0 milliseconds for URL: 2
20:14:49.521 [ForkJoinPool-1-worker-9] ERROR com.intuit.karate - http request failed: 
org.apache.http.client.ClientProtocolException
20:14:49.521 [ForkJoinPool-1-worker-9] ERROR com.intuit.karate - feature call (loop) failed at index: 24
caller: classpath:InspireTest/ngr/datasetrecords/def/checkxlinkurl.template.feature
arg: {"link":"2"}
checkxlinkurl.template.feature:14 - 
org.apache.http.client.ClientProtocolException
20:14:49.530 [ForkJoinPool-1-worker-9] INFO  com.intuit.karate - [print]
20:14:49.530 [ForkJoinPool-1-worker-9] INFO  com.intuit.karate - [print] testing xlinkurl:1
20:14:49.531 [ForkJoinPool-1-worker-9] ERROR com.intuit.karate - org.apache.http.client.ClientProtocolException, http call failed after 0 milliseconds for URL: 1
20:14:49.531 [ForkJoinPool-1-worker-9] ERROR com.intuit.karate - http request failed: 
org.apache.http.client.ClientProtocolException
20:14:49.531 [ForkJoinPool-1-worker-9] ERROR com.intuit.karate - feature call (loop) failed at index: 25
caller: classpath:InspireTest/ngr/datasetrecords/def/checkxlinkurl.template.feature
arg: {"link":"1"}
checkxlinkurl.template.feature:14 - 
org.apache.http.client.ClientProtocolException
20:14:49.537 [ForkJoinPool-1-worker-27] INFO  com.intuit.karate - [print] title:Wijk- en Buurtkaart 2016 versie 3
20:14:49.537 [ForkJoinPool-1-worker-27] INFO  com.intuit.karate - [print] Wijk- en Buurtkaart 2016 versie 3
20:14:49.539 [ForkJoinPool-1-worker-27] INFO  com.intuit.karate - [print] [
  ""
]

20:14:49.555 [ForkJoinPool-1-worker-27] INFO  com.intuit.karate - [print]
20:14:49.560 [ForkJoinPool-1-worker-27] INFO  com.intuit.karate - [print] testing xlinkurl:
20:14:49.560 [ForkJoinPool-1-worker-27] ERROR com.intuit.karate - org.apache.http.client.ClientProtocolException, http call failed after 0 milliseconds for URL: 
20:14:49.561 [ForkJoinPool-1-worker-27] ERROR com.intuit.karate - http request failed: 
org.apache.http.client.ClientProtocolException
20:14:49.561 [ForkJoinPool-1-worker-27] ERROR com.intuit.karate - feature call (loop) failed at index: 0
caller: classpath:InspireTest/ngr/datasetrecords/def/checkxlinkurl.template.feature
arg: {"link":""}
checkxlinkurl.template.feature:14 - 
org.apache.http.client.ClientProtocolException
20:14:49.696 [ForkJoinPool-1-worker-17] INFO  com.intuit.karate - [print] title:Ruimtelijke plannen Wro: Ruimtelijkeplannen.nl
20:14:49.701 [ForkJoinPool-1-worker-17] INFO  com.intuit.karate - [print] Ruimtelijke plannen Wro: Ruimtelijkeplannen.nl
20:14:49.709 [ForkJoinPool-1-worker-17] INFO  com.intuit.karate - [print] [
  "http://kadaster/e2318c58-b1e6-4621-9c77-33b8a1fd0e76"
]

20:14:49.721 [ForkJoinPool-1-worker-3] INFO  com.intuit.karate - [print] title:Statistical Units Grid
20:14:49.721 [ForkJoinPool-1-worker-3] INFO  com.intuit.karate - [print] Statistical Units Grid
20:14:49.724 [ForkJoinPool-1-worker-3] INFO  com.intuit.karate - [print] [
  "https://geodata.nationaalgeoregister.nl/inspire/su-grid/wfs",
  ""
]

20:14:49.727 [ForkJoinPool-1-worker-17] INFO  com.intuit.karate - [print]
20:14:49.730 [ForkJoinPool-1-worker-17] INFO  com.intuit.karate - [print] testing xlinkurl:http://kadaster/e2318c58-b1e6-4621-9c77-33b8a1fd0e76
20:14:49.731 [ForkJoinPool-1-worker-3] INFO  com.intuit.karate - [print]
20:14:49.732 [ForkJoinPool-1-worker-3] INFO  com.intuit.karate - [print] testing xlinkurl:https://geodata.nationaalgeoregister.nl/inspire/su-grid/wfs
20:14:49.732 [ForkJoinPool-1-worker-17] ERROR com.intuit.karate - java.net.UnknownHostException: kadaster, http call failed after 1 milliseconds for URL: http://kadaster/e2318c58-b1e6-4621-9c77-33b8a1fd0e76
20:14:49.738 [ForkJoinPool-1-worker-17] ERROR com.intuit.karate - http request failed: 
java.net.UnknownHostException: kadaster
20:14:49.739 [ForkJoinPool-1-worker-17] ERROR com.intuit.karate - feature call (loop) failed at index: 0
caller: classpath:InspireTest/ngr/datasetrecords/def/checkxlinkurl.template.feature
arg: {"link":"http://kadaster/e2318c58-b1e6-4621-9c77-33b8a1fd0e76"}
checkxlinkurl.template.feature:14 - 
java.net.UnknownHostException: kadaster
20:14:49.794 [ForkJoinPool-1-worker-23] INFO  com.intuit.karate - [print]
20:14:49.806 [ForkJoinPool-1-worker-23] INFO  com.intuit.karate - [print] testing xlinkurl:http://nationaalgeoregister.nl/geonetwork/srv/dut/csw?SERVICE=CSW&version=2.0.2&REQUEST=GetRecordById&elementSetName=full&OutputSchema=http://www.isotc211.org/2005/gmd&ID=0f128799-cf18-4b37-a721-e62b068191f5
20:14:49.810 [ForkJoinPool-1-worker-19] INFO  com.intuit.karate - [print] title:Nationale Landschappen
20:14:49.811 [ForkJoinPool-1-worker-19] INFO  com.intuit.karate - [print] Nationale Landschappen
20:14:49.814 [ForkJoinPool-1-worker-19] INFO  com.intuit.karate - [print] [
  "http://www.opengis.net/def/crs/EPSG/0/http://www.opengis.net/def/crs/EPSG/0/3034",
  "http://nationaalgeoregister.nl/geonetwork/srv/dut/csw?SERVICE=CSW&version=2.0.2&REQUEST=GetRecordById&elementSetName=full&OutputSchema=http://www.isotc211.org/2005/gmd&ID=60a2a7c2-d5b3-4ad5-b562-c448695357fb",
  "https://creativecommons.org/publicdomain/mark/*/deed.nl",
  ""
]

20:14:49.822 [ForkJoinPool-1-worker-19] INFO  com.intuit.karate - [print]
20:14:49.824 [ForkJoinPool-1-worker-19] INFO  com.intuit.karate - [print] testing xlinkurl:http://www.opengis.net/def/crs/EPSG/0/http://www.opengis.net/def/crs/EPSG/0/3034
20:14:49.917 [ForkJoinPool-1-worker-31] INFO  com.intuit.karate - [print] title:Zones en agglomeraties (Richtlijn Luchtkwaliteit) 2013
20:14:49.918 [ForkJoinPool-1-worker-31] INFO  com.intuit.karate - [print] Zones en agglomeraties (Richtlijn Luchtkwaliteit) 2013
20:14:49.922 [ForkJoinPool-1-worker-31] INFO  com.intuit.karate - [print] [
  "https://data.rivm.nl/inspire/id#5cb4b489-67c8-44bc-85c5-424a80a53b3b"
]

20:14:49.928 [ForkJoinPool-1-worker-31] INFO  com.intuit.karate - [print]
20:14:49.928 [ForkJoinPool-1-worker-31] INFO  com.intuit.karate - [print] testing xlinkurl:https://data.rivm.nl/inspire/id#5cb4b489-67c8-44bc-85c5-424a80a53b3b
20:14:50.011 [ForkJoinPool-1-worker-13] INFO  com.intuit.karate - [print] title:Rijksmonumenten (verouderd)
20:14:50.012 [ForkJoinPool-1-worker-13] INFO  com.intuit.karate - [print] Rijksmonumenten (verouderd)
20:14:50.014 [ForkJoinPool-1-worker-13] INFO  com.intuit.karate - [print] [
  "http://services.rce.geovoorziening.nl/www/download/nl.xml",
  "",
  ""
]

20:14:50.027 [ForkJoinPool-1-worker-13] INFO  com.intuit.karate - [print]
20:14:50.027 [ForkJoinPool-1-worker-13] INFO  com.intuit.karate - [print] testing xlinkurl:http://services.rce.geovoorziening.nl/www/download/nl.xml
20:14:50.059 [ForkJoinPool-1-worker-5] INFO  com.intuit.karate - [print] title:Natuurnetwerk Nederland
20:14:50.060 [ForkJoinPool-1-worker-5] INFO  com.intuit.karate - [print] Natuurnetwerk Nederland
20:14:50.063 [ForkJoinPool-1-worker-5] INFO  com.intuit.karate - [print] [
  "http://www.opengis.net/def/crs/EPSG/0/http://www.opengis.net/def/crs/EPSG/0/3034",
  "http://nationaalgeoregister.nl/geonetwork/srv/dut/csw?SERVICE=CSW&version=2.0.2&REQUEST=GetRecordById&elementSetName=full&OutputSchema=http://www.isotc211.org/2005/gmd&ID=c7d8d77b-8c47-4309-8c58-9b12b086407f",
  "https://creativecommons.org/publicdomain/mark/*/deed.nl",
  ""
]

20:14:50.083 [ForkJoinPool-1-worker-5] INFO  com.intuit.karate - [print]
20:14:50.084 [ForkJoinPool-1-worker-5] INFO  com.intuit.karate - [print] testing xlinkurl:http://www.opengis.net/def/crs/EPSG/0/http://www.opengis.net/def/crs/EPSG/0/3034
20:14:50.126 [ForkJoinPool-1-worker-9] INFO  com.intuit.karate - [print] title:Geluidkaart Schiphol 2016 (Lden)
20:14:50.127 [ForkJoinPool-1-worker-9] INFO  com.intuit.karate - [print] Geluidkaart Schiphol 2016 (Lden)
20:14:50.127 [ForkJoinPool-1-worker-19] INFO  com.intuit.karate - [print]
20:14:50.128 [ForkJoinPool-1-worker-19] INFO  com.intuit.karate - [print] testing xlinkurl:http://nationaalgeoregister.nl/geonetwork/srv/dut/csw?SERVICE=CSW&version=2.0.2&REQUEST=GetRecordById&elementSetName=full&OutputSchema=http://www.isotc211.org/2005/gmd&ID=60a2a7c2-d5b3-4ad5-b562-c448695357fb
20:14:50.131 [ForkJoinPool-1-worker-9] INFO  com.intuit.karate - [print] [
  "https://www.nationaalgeoregister.nl/geonetwork/srv/api/records83dab947-387b-49df-8ad2-32bb10d46d38"
]

20:14:50.140 [ForkJoinPool-1-worker-9] INFO  com.intuit.karate - [print]
20:14:50.141 [ForkJoinPool-1-worker-9] INFO  com.intuit.karate - [print] testing xlinkurl:https://www.nationaalgeoregister.nl/geonetwork/srv/api/records83dab947-387b-49df-8ad2-32bb10d46d38
20:14:50.164 [ForkJoinPool-1-worker-17] INFO  com.intuit.karate - [print] title:Overheidsdiensten
20:14:50.165 [ForkJoinPool-1-worker-17] INFO  com.intuit.karate - [print] Overheidsdiensten
20:14:50.194 [ForkJoinPool-1-worker-3] ERROR com.intuit.karate - status code was: 400, expected: 200, response time: 454, url: https://geodata.nationaalgeoregister.nl/inspire/su-grid/wfs, response: 
20:14:50.195 [ForkJoinPool-1-worker-3] ERROR com.intuit.karate - feature call (loop) failed at index: 0
caller: classpath:InspireTest/ngr/datasetrecords/def/checkxlinkurl.template.feature
arg: {"link":"https://geodata.nationaalgeoregister.nl/inspire/su-grid/wfs"}
checkxlinkurl.template.feature:15 - status code was: 400, expected: 200, response time: 454, url: https://geodata.nationaalgeoregister.nl/inspire/su-grid/wfs, response: 
20:14:50.196 [ForkJoinPool-1-worker-3] INFO  com.intuit.karate - [print]
20:14:50.196 [ForkJoinPool-1-worker-3] INFO  com.intuit.karate - [print] testing xlinkurl:
20:14:50.196 [ForkJoinPool-1-worker-3] ERROR com.intuit.karate - org.apache.http.client.ClientProtocolException, http call failed after 0 milliseconds for URL: 
20:14:50.196 [ForkJoinPool-1-worker-3] ERROR com.intuit.karate - http request failed: 
org.apache.http.client.ClientProtocolException
20:14:50.196 [ForkJoinPool-1-worker-3] ERROR com.intuit.karate - feature call (loop) failed at index: 1
caller: classpath:InspireTest/ngr/datasetrecords/def/checkxlinkurl.template.feature
arg: {"link":""}
checkxlinkurl.template.feature:14 - 
org.apache.http.client.ClientProtocolException
20:14:50.200 [ForkJoinPool-1-worker-27] INFO  com.intuit.karate - [print] title:Vervoersnetwerken - Waterwegen (INSPIRE geharmoniseerd)
20:14:50.200 [ForkJoinPool-1-worker-27] INFO  com.intuit.karate - [print] Vervoersnetwerken - Waterwegen (INSPIRE geharmoniseerd)
20:14:50.202 [ForkJoinPool-1-worker-27] INFO  com.intuit.karate - [print] [
  "http://www.opengis.net/def/crs/EPSG/0/http://www.opengis.net/def/crs/EPSG/0/4258",
  "http://kadaster/ff1d6d44-aea1-4ad5-b084-9afea143f1bf"
]

20:14:50.210 [ForkJoinPool-1-worker-13] INFO  com.intuit.karate - [print]
20:14:50.211 [ForkJoinPool-1-worker-13] INFO  com.intuit.karate - [print] testing xlinkurl:
20:14:50.211 [ForkJoinPool-1-worker-13] ERROR com.intuit.karate - org.apache.http.client.ClientProtocolException, http call failed after 0 milliseconds for URL: 
20:14:50.211 [ForkJoinPool-1-worker-13] ERROR com.intuit.karate - http request failed: 
org.apache.http.client.ClientProtocolException
20:14:50.211 [ForkJoinPool-1-worker-13] ERROR com.intuit.karate - feature call (loop) failed at index: 1
caller: classpath:InspireTest/ngr/datasetrecords/def/checkxlinkurl.template.feature
arg: {"link":""}
checkxlinkurl.template.feature:14 - 
org.apache.http.client.ClientProtocolException
20:14:50.212 [ForkJoinPool-1-worker-13] INFO  com.intuit.karate - [print]
20:14:50.212 [ForkJoinPool-1-worker-13] INFO  com.intuit.karate - [print] testing xlinkurl:
20:14:50.212 [ForkJoinPool-1-worker-13] ERROR com.intuit.karate - org.apache.http.client.ClientProtocolException, http call failed after 0 milliseconds for URL: 
20:14:50.212 [ForkJoinPool-1-worker-13] ERROR com.intuit.karate - http request failed: 
org.apache.http.client.ClientProtocolException
20:14:50.212 [ForkJoinPool-1-worker-13] ERROR com.intuit.karate - feature call (loop) failed at index: 2
caller: classpath:InspireTest/ngr/datasetrecords/def/checkxlinkurl.template.feature
arg: {"link":""}
checkxlinkurl.template.feature:14 - 
org.apache.http.client.ClientProtocolException
20:14:50.221 [ForkJoinPool-1-worker-27] INFO  com.intuit.karate - [print]
20:14:50.222 [ForkJoinPool-1-worker-27] INFO  com.intuit.karate - [print] testing xlinkurl:http://www.opengis.net/def/crs/EPSG/0/http://www.opengis.net/def/crs/EPSG/0/4258
20:14:50.228 [ForkJoinPool-1-worker-21] INFO  com.intuit.karate - [print] title:Emissies naar het riool in 2015 vanuit de industrie
20:14:50.228 [ForkJoinPool-1-worker-21] INFO  com.intuit.karate - [print] Emissies naar het riool in 2015 vanuit de industrie
20:14:50.247 [ForkJoinPool-1-worker-21] INFO  com.intuit.karate - [print] [
  "https://data.rivm.nl/inspire/id#64d546c9-71d4-4c84-a04c-61c5d0734f65"
]

20:14:50.254 [ForkJoinPool-1-worker-21] INFO  com.intuit.karate - [print]
20:14:50.254 [ForkJoinPool-1-worker-21] INFO  com.intuit.karate - [print] testing xlinkurl:https://data.rivm.nl/inspire/id#64d546c9-71d4-4c84-a04c-61c5d0734f65
20:14:50.286 [ForkJoinPool-1-worker-31] ERROR com.intuit.karate - javax.net.ssl.SSLException: Connection reset, http call failed after 356 milliseconds for URL: https://data.rivm.nl/inspire/id#5cb4b489-67c8-44bc-85c5-424a80a53b3b
20:14:50.286 [ForkJoinPool-1-worker-31] ERROR com.intuit.karate - http request failed: 
javax.net.ssl.SSLException: Connection reset
20:14:50.286 [ForkJoinPool-1-worker-31] ERROR com.intuit.karate - feature call (loop) failed at index: 0
caller: classpath:InspireTest/ngr/datasetrecords/def/checkxlinkurl.template.feature
arg: {"link":"https://data.rivm.nl/inspire/id#5cb4b489-67c8-44bc-85c5-424a80a53b3b"}
checkxlinkurl.template.feature:14 - 
javax.net.ssl.SSLException: Connection reset
20:14:50.292 [ForkJoinPool-1-worker-23] INFO  com.intuit.karate - [print]
20:14:50.292 [ForkJoinPool-1-worker-23] INFO  com.intuit.karate - [print] testing xlinkurl:https://creativecommons.org/publicdomain/mark/*/deed.nl
20:14:50.359 [ForkJoinPool-1-worker-23] ERROR com.intuit.karate - status code was: 404, expected: 200, response time: 66, url: https://creativecommons.org/publicdomain/mark/*/deed.nl, response: 
20:14:50.359 [ForkJoinPool-1-worker-23] ERROR com.intuit.karate - feature call (loop) failed at index: 2
caller: classpath:InspireTest/ngr/datasetrecords/def/checkxlinkurl.template.feature
arg: {"link":"https://creativecommons.org/publicdomain/mark/*/deed.nl"}
checkxlinkurl.template.feature:15 - status code was: 404, expected: 200, response time: 66, url: https://creativecommons.org/publicdomain/mark/*/deed.nl, response: 
20:14:50.360 [ForkJoinPool-1-worker-23] INFO  com.intuit.karate - [print]
20:14:50.361 [ForkJoinPool-1-worker-23] INFO  com.intuit.karate - [print] testing xlinkurl:
20:14:50.361 [ForkJoinPool-1-worker-23] ERROR com.intuit.karate - org.apache.http.client.ClientProtocolException, http call failed after 0 milliseconds for URL: 
20:14:50.361 [ForkJoinPool-1-worker-23] ERROR com.intuit.karate - http request failed: 
org.apache.http.client.ClientProtocolException
20:14:50.361 [ForkJoinPool-1-worker-23] ERROR com.intuit.karate - feature call (loop) failed at index: 3
caller: classpath:InspireTest/ngr/datasetrecords/def/checkxlinkurl.template.feature
arg: {"link":""}
checkxlinkurl.template.feature:14 - 
org.apache.http.client.ClientProtocolException
20:14:50.389 [ForkJoinPool-1-worker-5] INFO  com.intuit.karate - [print]
20:14:50.389 [ForkJoinPool-1-worker-5] INFO  com.intuit.karate - [print] testing xlinkurl:http://nationaalgeoregister.nl/geonetwork/srv/dut/csw?SERVICE=CSW&version=2.0.2&REQUEST=GetRecordById&elementSetName=full&OutputSchema=http://www.isotc211.org/2005/gmd&ID=c7d8d77b-8c47-4309-8c58-9b12b086407f
20:14:50.519 [ForkJoinPool-1-worker-27] INFO  com.intuit.karate - [print]
20:14:50.519 [ForkJoinPool-1-worker-27] INFO  com.intuit.karate - [print] testing xlinkurl:http://kadaster/ff1d6d44-aea1-4ad5-b084-9afea143f1bf
20:14:50.520 [ForkJoinPool-1-worker-27] ERROR com.intuit.karate - java.net.UnknownHostException: kadaster, http call failed after 0 milliseconds for URL: http://kadaster/ff1d6d44-aea1-4ad5-b084-9afea143f1bf
20:14:50.520 [ForkJoinPool-1-worker-27] ERROR com.intuit.karate - http request failed: 
java.net.UnknownHostException: kadaster
20:14:50.520 [ForkJoinPool-1-worker-27] ERROR com.intuit.karate - feature call (loop) failed at index: 1
caller: classpath:InspireTest/ngr/datasetrecords/def/checkxlinkurl.template.feature
arg: {"link":"http://kadaster/ff1d6d44-aea1-4ad5-b084-9afea143f1bf"}
checkxlinkurl.template.feature:14 - 
java.net.UnknownHostException: kadaster
20:14:50.594 [ForkJoinPool-1-worker-9] ERROR com.intuit.karate - status code was: 500, expected: 200, response time: 452, url: https://www.nationaalgeoregister.nl/geonetwork/srv/api/records83dab947-387b-49df-8ad2-32bb10d46d38, response: 
20:14:50.594 [ForkJoinPool-1-worker-9] ERROR com.intuit.karate - feature call (loop) failed at index: 0
caller: classpath:InspireTest/ngr/datasetrecords/def/checkxlinkurl.template.feature
arg: {"link":"https://www.nationaalgeoregister.nl/geonetwork/srv/api/records83dab947-387b-49df-8ad2-32bb10d46d38"}
checkxlinkurl.template.feature:15 - status code was: 500, expected: 200, response time: 452, url: https://www.nationaalgeoregister.nl/geonetwork/srv/api/records83dab947-387b-49df-8ad2-32bb10d46d38, response: 
20:14:50.611 [ForkJoinPool-1-worker-21] ERROR com.intuit.karate - javax.net.ssl.SSLException: Connection reset, http call failed after 355 milliseconds for URL: https://data.rivm.nl/inspire/id#64d546c9-71d4-4c84-a04c-61c5d0734f65
20:14:50.611 [ForkJoinPool-1-worker-21] ERROR com.intuit.karate - http request failed: 
javax.net.ssl.SSLException: Connection reset
20:14:50.611 [ForkJoinPool-1-worker-21] ERROR com.intuit.karate - feature call (loop) failed at index: 0
caller: classpath:InspireTest/ngr/datasetrecords/def/checkxlinkurl.template.feature
arg: {"link":"https://data.rivm.nl/inspire/id#64d546c9-71d4-4c84-a04c-61c5d0734f65"}
checkxlinkurl.template.feature:14 - 
javax.net.ssl.SSLException: Connection reset
20:14:50.725 [ForkJoinPool-1-worker-19] INFO  com.intuit.karate - [print]
20:14:50.725 [ForkJoinPool-1-worker-19] INFO  com.intuit.karate - [print] testing xlinkurl:https://creativecommons.org/publicdomain/mark/*/deed.nl
20:14:50.738 [ForkJoinPool-1-worker-17] INFO  com.intuit.karate - [print] title:Wijk- en Buurtkaart 2018 versie 2
20:14:50.739 [ForkJoinPool-1-worker-17] INFO  com.intuit.karate - [print] Wijk- en Buurtkaart 2018 versie 2
20:14:50.741 [ForkJoinPool-1-worker-17] INFO  com.intuit.karate - [print] [
  ""
]

20:14:50.746 [ForkJoinPool-1-worker-17] INFO  com.intuit.karate - [print]
20:14:50.747 [ForkJoinPool-1-worker-17] INFO  com.intuit.karate - [print] testing xlinkurl:
20:14:50.748 [ForkJoinPool-1-worker-17] ERROR com.intuit.karate - org.apache.http.client.ClientProtocolException, http call failed after 0 milliseconds for URL: 
20:14:50.749 [ForkJoinPool-1-worker-17] ERROR com.intuit.karate - http request failed: 
org.apache.http.client.ClientProtocolException
20:14:50.750 [ForkJoinPool-1-worker-17] ERROR com.intuit.karate - feature call (loop) failed at index: 0
caller: classpath:InspireTest/ngr/datasetrecords/def/checkxlinkurl.template.feature
arg: {"link":""}
checkxlinkurl.template.feature:14 - 
org.apache.http.client.ClientProtocolException
20:14:50.775 [ForkJoinPool-1-worker-19] ERROR com.intuit.karate - status code was: 404, expected: 200, response time: 49, url: https://creativecommons.org/publicdomain/mark/*/deed.nl, response: 
20:14:50.775 [ForkJoinPool-1-worker-19] ERROR com.intuit.karate - feature call (loop) failed at index: 2
caller: classpath:InspireTest/ngr/datasetrecords/def/checkxlinkurl.template.feature
arg: {"link":"https://creativecommons.org/publicdomain/mark/*/deed.nl"}
checkxlinkurl.template.feature:15 - status code was: 404, expected: 200, response time: 49, url: https://creativecommons.org/publicdomain/mark/*/deed.nl, response: 
20:14:50.776 [ForkJoinPool-1-worker-19] INFO  com.intuit.karate - [print]
20:14:50.776 [ForkJoinPool-1-worker-19] INFO  com.intuit.karate - [print] testing xlinkurl:
20:14:50.776 [ForkJoinPool-1-worker-19] ERROR com.intuit.karate - org.apache.http.client.ClientProtocolException, http call failed after 0 milliseconds for URL: 
20:14:50.776 [ForkJoinPool-1-worker-19] ERROR com.intuit.karate - http request failed: 
org.apache.http.client.ClientProtocolException
20:14:50.776 [ForkJoinPool-1-worker-19] ERROR com.intuit.karate - feature call (loop) failed at index: 3
caller: classpath:InspireTest/ngr/datasetrecords/def/checkxlinkurl.template.feature
arg: {"link":""}
checkxlinkurl.template.feature:14 - 
org.apache.http.client.ClientProtocolException
20:14:50.878 [ForkJoinPool-1-worker-3] INFO  com.intuit.karate - [print] title:Actueel Hoogtebestand Nederland 1 (AHN1)
20:14:50.878 [ForkJoinPool-1-worker-3] INFO  com.intuit.karate - [print] Actueel Hoogtebestand Nederland 1 (AHN1)
20:14:50.881 [ForkJoinPool-1-worker-3] INFO  com.intuit.karate - [print] [
  "https://www.nationaalgeoregister.nl/geonetwork/srv/dut/catalog.search#/metadata/5a1adb58-0bbe-425d-b0fe-577a6c0a4228",
  "http://rdfdata.eionet.europa.eu/inspirethemes/themes/10",
  "urn:ogc:def:crs:EPSG::5709"
]

20:14:50.887 [ForkJoinPool-1-worker-3] INFO  com.intuit.karate - [print]
20:14:50.887 [ForkJoinPool-1-worker-3] INFO  com.intuit.karate - [print] testing xlinkurl:https://www.nationaalgeoregister.nl/geonetwork/srv/dut/catalog.search#/metadata/5a1adb58-0bbe-425d-b0fe-577a6c0a4228
20:14:50.895 [ForkJoinPool-1-worker-13] INFO  com.intuit.karate - [print] title:Menselijke gezondheid en veiligheid - geluidbelasting rijkswegen 2011 (INSPIRE geharmoniseerd)
20:14:50.895 [ForkJoinPool-1-worker-13] INFO  com.intuit.karate - [print] Menselijke gezondheid en veiligheid - geluidbelasting rijkswegen 2011 (INSPIRE geharmoniseerd)
20:14:50.897 [ForkJoinPool-1-worker-13] INFO  com.intuit.karate - [print] [
  "https://www.nationaalgeoregister.nl/geonetwork/srv/dut/catalog.search#/metadata/wt-f5eb-b09f-4f6d-8397-8878a1b86238",
  "http://rdfdata.eionet.europa.eu/inspirethemes/themes/18",
  "https://ngr.geocat.live/geonetwork/srv/eng/thesaurus.download?ref=external.theme.httpinspireeceuropaeumetadatacodelistPrioritydataset-Prioritydataset"
]

20:14:50.902 [ForkJoinPool-1-worker-13] INFO  com.intuit.karate - [print]
20:14:50.903 [ForkJoinPool-1-worker-13] INFO  com.intuit.karate - [print] testing xlinkurl:https://www.nationaalgeoregister.nl/geonetwork/srv/dut/catalog.search#/metadata/wt-f5eb-b09f-4f6d-8397-8878a1b86238
20:14:50.976 [ForkJoinPool-1-worker-9] INFO  com.intuit.karate - [print] title:Geluidbelasting rijkswegen in Nederland 2006 (24-uurs gemiddelde)
20:14:50.977 [ForkJoinPool-1-worker-9] INFO  com.intuit.karate - [print] Geluidbelasting rijkswegen in Nederland 2006 (24-uurs gemiddelde)
20:14:50.979 [ForkJoinPool-1-worker-9] INFO  com.intuit.karate - [print] [
  "https://www.nationaalgeoregister.nl/geonetwork/srv/dut/catalog.search#/metadata/9b583730-e750-485a-9c0c-39bf9be72cf9",
  "http://rdfdata.eionet.europa.eu/inspirethemes/themes/18",
  "https://ngr.geocat.live/geonetwork/srv/eng/thesaurus.download?ref=external.theme.httpinspireeceuropaeumetadatacodelistPrioritydataset-Prioritydataset",
  "urn:ogc:def:crs:EPSG::5709"
]

20:14:50.987 [ForkJoinPool-1-worker-9] INFO  com.intuit.karate - [print]
20:14:50.987 [ForkJoinPool-1-worker-9] INFO  com.intuit.karate - [print] testing xlinkurl:https://www.nationaalgeoregister.nl/geonetwork/srv/dut/catalog.search#/metadata/9b583730-e750-485a-9c0c-39bf9be72cf9
20:14:51.031 [ForkJoinPool-1-worker-5] INFO  com.intuit.karate - [print]
20:14:51.031 [ForkJoinPool-1-worker-5] INFO  com.intuit.karate - [print] testing xlinkurl:https://creativecommons.org/publicdomain/mark/*/deed.nl
20:14:51.052 [ForkJoinPool-1-worker-31] INFO  com.intuit.karate - [print] title:Menselijke gezondheid en veiligheid -  geluidbelasting rijkswegen 2006 (INSPIRE geharmoniseerd)
20:14:51.053 [ForkJoinPool-1-worker-31] INFO  com.intuit.karate - [print] Menselijke gezondheid en veiligheid -  geluidbelasting rijkswegen 2006 (INSPIRE geharmoniseerd)
20:14:51.055 [ForkJoinPool-1-worker-31] INFO  com.intuit.karate - [print] [
  "https://www.nationaalgeoregister.nl/geonetwork/srv/dut/catalog.search#/metadata/wt-3730-e750-485a-9c0c-39bf9be72cf9",
  "http://rdfdata.eionet.europa.eu/inspirethemes/themes/18",
  "https://ngr.geocat.live/geonetwork/srv/eng/thesaurus.download?ref=external.theme.httpinspireeceuropaeumetadatacodelistPrioritydataset-Prioritydataset"
]

20:14:51.071 [ForkJoinPool-1-worker-31] INFO  com.intuit.karate - [print]
20:14:51.072 [ForkJoinPool-1-worker-31] INFO  com.intuit.karate - [print] testing xlinkurl:https://www.nationaalgeoregister.nl/geonetwork/srv/dut/catalog.search#/metadata/wt-3730-e750-485a-9c0c-39bf9be72cf9
20:14:51.090 [ForkJoinPool-1-worker-5] ERROR com.intuit.karate - status code was: 404, expected: 200, response time: 57, url: https://creativecommons.org/publicdomain/mark/*/deed.nl, response: 
20:14:51.091 [ForkJoinPool-1-worker-5] ERROR com.intuit.karate - feature call (loop) failed at index: 2
caller: classpath:InspireTest/ngr/datasetrecords/def/checkxlinkurl.template.feature
arg: {"link":"https://creativecommons.org/publicdomain/mark/*/deed.nl"}
checkxlinkurl.template.feature:15 - status code was: 404, expected: 200, response time: 57, url: https://creativecommons.org/publicdomain/mark/*/deed.nl, response: 
20:14:51.098 [ForkJoinPool-1-worker-5] INFO  com.intuit.karate - [print]
20:14:51.101 [ForkJoinPool-1-worker-5] INFO  com.intuit.karate - [print] testing xlinkurl:
20:14:51.096 [ForkJoinPool-1-worker-23] INFO  com.intuit.karate - [print] title:Geluidbelasting rijkswegen in Nederland 2011 (nacht gemiddelde)
20:14:51.102 [ForkJoinPool-1-worker-23] INFO  com.intuit.karate - [print] Geluidbelasting rijkswegen in Nederland 2011 (nacht gemiddelde)
20:14:51.103 [ForkJoinPool-1-worker-5] ERROR com.intuit.karate - org.apache.http.client.ClientProtocolException, http call failed after 0 milliseconds for URL: 
20:14:51.103 [ForkJoinPool-1-worker-5] ERROR com.intuit.karate - http request failed: 
org.apache.http.client.ClientProtocolException
20:14:51.104 [ForkJoinPool-1-worker-5] ERROR com.intuit.karate - feature call (loop) failed at index: 3
caller: classpath:InspireTest/ngr/datasetrecords/def/checkxlinkurl.template.feature
arg: {"link":""}
checkxlinkurl.template.feature:14 - 
org.apache.http.client.ClientProtocolException
20:14:51.107 [ForkJoinPool-1-worker-23] INFO  com.intuit.karate - [print] [
  "https://www.nationaalgeoregister.nl/geonetwork/srv/dut/catalog.search#/metadata/50eef6be-619d-4e16-9b92-48971109b636",
  "http://rdfdata.eionet.europa.eu/inspirethemes/themes/18",
  "http://inspire.ec.europa.eu/metadata-codelist/PriorityDataset/MajorRoadsNoiseExposureDelineationNight-dir-2002-49",
  "https://ngr.geocat.live/geonetwork/srv/eng/thesaurus.download?ref=external.theme.httpinspireeceuropaeumetadatacodelistPrioritydataset-Prioritydataset",
  "urn:ogc:def:crs:EPSG::5709"
]

20:14:51.117 [ForkJoinPool-1-worker-21] INFO  com.intuit.karate - [print] title:Geluidbelasting rijkswegen in Nederland 2016 (24-uurs gemiddelde)
20:14:51.120 [ForkJoinPool-1-worker-21] INFO  com.intuit.karate - [print] Geluidbelasting rijkswegen in Nederland 2016 (24-uurs gemiddelde)
20:14:51.124 [ForkJoinPool-1-worker-21] INFO  com.intuit.karate - [print] [
  "https://www.nationaalgeoregister.nl/geonetwork/srv/dut/catalog.search#/metadata/9b583730-e750-485a-9c0c-39bf9be72cf8",
  "http://rdfdata.eionet.europa.eu/inspirethemes/themes/18",
  "https://ngr.geocat.live/geonetwork/srv/eng/thesaurus.download?ref=external.theme.httpinspireeceuropaeumetadatacodelistPrioritydataset-Prioritydataset"
]

20:14:51.133 [ForkJoinPool-1-worker-27] INFO  com.intuit.karate - [print] title:Geluidbelasting rijkswegen in Nederland 2011 (24-uurs gemiddelde)
20:14:51.133 [ForkJoinPool-1-worker-27] INFO  com.intuit.karate - [print] Geluidbelasting rijkswegen in Nederland 2011 (24-uurs gemiddelde)
20:14:51.138 [ForkJoinPool-1-worker-23] INFO  com.intuit.karate - [print]
20:14:51.139 [ForkJoinPool-1-worker-23] INFO  com.intuit.karate - [print] testing xlinkurl:https://www.nationaalgeoregister.nl/geonetwork/srv/dut/catalog.search#/metadata/50eef6be-619d-4e16-9b92-48971109b636
20:14:51.142 [ForkJoinPool-1-worker-21] INFO  com.intuit.karate - [print]
20:14:51.143 [ForkJoinPool-1-worker-21] INFO  com.intuit.karate - [print] testing xlinkurl:https://www.nationaalgeoregister.nl/geonetwork/srv/dut/catalog.search#/metadata/9b583730-e750-485a-9c0c-39bf9be72cf8
20:14:51.142 [ForkJoinPool-1-worker-27] INFO  com.intuit.karate - [print] [
  "https://www.nationaalgeoregister.nl/geonetwork/srv/dut/catalog.search#/metadata/8de2f5eb-b09f-4f6d-8397-8878a1b86238",
  "http://rdfdata.eionet.europa.eu/inspirethemes/themes/18",
  "https://ngr.geocat.live/geonetwork/srv/eng/thesaurus.download?ref=external.theme.httpinspireeceuropaeumetadatacodelistPrioritydataset-Prioritydataset",
  "urn:ogc:def:crs:EPSG::5709"
]

20:14:51.156 [ForkJoinPool-1-worker-27] INFO  com.intuit.karate - [print]
20:14:51.157 [ForkJoinPool-1-worker-27] INFO  com.intuit.karate - [print] testing xlinkurl:https://www.nationaalgeoregister.nl/geonetwork/srv/dut/catalog.search#/metadata/8de2f5eb-b09f-4f6d-8397-8878a1b86238
20:14:51.207 [ForkJoinPool-1-worker-3] INFO  com.intuit.karate - [print]
20:14:51.208 [ForkJoinPool-1-worker-3] INFO  com.intuit.karate - [print] testing xlinkurl:http://rdfdata.eionet.europa.eu/inspirethemes/themes/10
20:14:51.214 [ForkJoinPool-1-worker-13] INFO  com.intuit.karate - [print]
20:14:51.214 [ForkJoinPool-1-worker-13] INFO  com.intuit.karate - [print] testing xlinkurl:http://rdfdata.eionet.europa.eu/inspirethemes/themes/18
20:14:51.311 [ForkJoinPool-1-worker-9] INFO  com.intuit.karate - [print]
20:14:51.311 [ForkJoinPool-1-worker-9] INFO  com.intuit.karate - [print] testing xlinkurl:http://rdfdata.eionet.europa.eu/inspirethemes/themes/18
20:14:51.406 [ForkJoinPool-1-worker-31] INFO  com.intuit.karate - [print]
20:14:51.407 [ForkJoinPool-1-worker-31] INFO  com.intuit.karate - [print] testing xlinkurl:http://rdfdata.eionet.europa.eu/inspirethemes/themes/18
20:14:51.408 [ForkJoinPool-1-worker-3] ERROR com.intuit.karate - status code was: 404, expected: 200, response time: 200, url: http://rdfdata.eionet.europa.eu/inspirethemes/themes/10, response: 
20:14:51.409 [ForkJoinPool-1-worker-3] ERROR com.intuit.karate - feature call (loop) failed at index: 1
caller: classpath:InspireTest/ngr/datasetrecords/def/checkxlinkurl.template.feature
arg: {"link":"http://rdfdata.eionet.europa.eu/inspirethemes/themes/10"}
checkxlinkurl.template.feature:15 - status code was: 404, expected: 200, response time: 200, url: http://rdfdata.eionet.europa.eu/inspirethemes/themes/10, response: 
20:14:51.409 [ForkJoinPool-1-worker-3] INFO  com.intuit.karate - [print]
20:14:51.409 [ForkJoinPool-1-worker-3] INFO  com.intuit.karate - [print] testing xlinkurl:urn:ogc:def:crs:EPSG::5709
20:14:51.410 [ForkJoinPool-1-worker-3] ERROR com.intuit.karate - org.apache.http.client.ClientProtocolException: URI does not specify a valid host name: urn:ogc:def:crs:EPSG::5709, http call failed after 0 milliseconds for URL: urn:ogc:def:crs:EPSG::5709
20:14:51.410 [ForkJoinPool-1-worker-3] ERROR com.intuit.karate - http request failed: 
org.apache.http.client.ClientProtocolException: URI does not specify a valid host name: urn:ogc:def:crs:EPSG::5709
20:14:51.412 [ForkJoinPool-1-worker-3] ERROR com.intuit.karate - feature call (loop) failed at index: 2
caller: classpath:InspireTest/ngr/datasetrecords/def/checkxlinkurl.template.feature
arg: {"link":"urn:ogc:def:crs:EPSG::5709"}
checkxlinkurl.template.feature:14 - 
org.apache.http.client.ClientProtocolException: URI does not specify a valid host name: urn:ogc:def:crs:EPSG::5709
20:14:51.414 [ForkJoinPool-1-worker-13] ERROR com.intuit.karate - status code was: 404, expected: 200, response time: 199, url: http://rdfdata.eionet.europa.eu/inspirethemes/themes/18, response: 
20:14:51.414 [ForkJoinPool-1-worker-13] ERROR com.intuit.karate - feature call (loop) failed at index: 1
caller: classpath:InspireTest/ngr/datasetrecords/def/checkxlinkurl.template.feature
arg: {"link":"http://rdfdata.eionet.europa.eu/inspirethemes/themes/18"}
checkxlinkurl.template.feature:15 - status code was: 404, expected: 200, response time: 199, url: http://rdfdata.eionet.europa.eu/inspirethemes/themes/18, response: 
20:14:51.415 [ForkJoinPool-1-worker-13] INFO  com.intuit.karate - [print]
20:14:51.415 [ForkJoinPool-1-worker-13] INFO  com.intuit.karate - [print] testing xlinkurl:https://ngr.geocat.live/geonetwork/srv/eng/thesaurus.download?ref=external.theme.httpinspireeceuropaeumetadatacodelistPrioritydataset-Prioritydataset
20:14:51.464 [ForkJoinPool-1-worker-17] INFO  com.intuit.karate - [print] title:Kaderrichtlijn Mariene Strategie - Rapportage eenheden Nederland EU2018
20:14:51.464 [ForkJoinPool-1-worker-17] INFO  com.intuit.karate - [print] Kaderrichtlijn Mariene Strategie - Rapportage eenheden Nederland EU2018
20:14:51.468 [ForkJoinPool-1-worker-17] INFO  com.intuit.karate - [print] [
  "https://www.nationaalgeoregister.nl/geonetwork/srv/dut/catalog.search#/metadata/krm-a905-9d8e-4758-83fa-28b057f185e3",
  "http://rdfdata.eionet.europa.eu/inspirethemes/themes/24",
  "https://ngr.geocat.live/geonetwork/srv/eng/thesaurus.download?ref=external.theme.httpinspireeceuropaeumetadatacodelistPrioritydataset-Prioritydataset"
]

20:14:51.470 [ForkJoinPool-1-worker-21] INFO  com.intuit.karate - [print]
20:14:51.470 [ForkJoinPool-1-worker-21] INFO  com.intuit.karate - [print] testing xlinkurl:http://rdfdata.eionet.europa.eu/inspirethemes/themes/18
20:14:51.476 [ForkJoinPool-1-worker-23] INFO  com.intuit.karate - [print]
20:14:51.476 [ForkJoinPool-1-worker-23] INFO  com.intuit.karate - [print] testing xlinkurl:http://rdfdata.eionet.europa.eu/inspirethemes/themes/18
20:14:51.479 [ForkJoinPool-1-worker-17] INFO  com.intuit.karate - [print]
20:14:51.479 [ForkJoinPool-1-worker-17] INFO  com.intuit.karate - [print] testing xlinkurl:https://www.nationaalgeoregister.nl/geonetwork/srv/dut/catalog.search#/metadata/krm-a905-9d8e-4758-83fa-28b057f185e3
20:14:51.483 [ForkJoinPool-1-worker-19] INFO  com.intuit.karate - [print] title:Kaderrichtlijn Mariene Strategie - Mariene wateren Nederland EU2018
20:14:51.483 [ForkJoinPool-1-worker-19] INFO  com.intuit.karate - [print] Kaderrichtlijn Mariene Strategie - Mariene wateren Nederland EU2018
20:14:51.485 [ForkJoinPool-1-worker-19] INFO  com.intuit.karate - [print] [
  "https://www.nationaalgeoregister.nl/geonetwork/srv/dut/catalog.search#/metadata/krm-a905-9d8e-4758-83fa-28b057f185e4",
  "http://rdfdata.eionet.europa.eu/inspirethemes/themes/24",
  "https://ngr.geocat.live/geonetwork/srv/eng/thesaurus.download?ref=external.theme.httpinspireeceuropaeumetadatacodelistPrioritydataset-Prioritydataset"
]

20:14:51.494 [ForkJoinPool-1-worker-27] INFO  com.intuit.karate - [print]
20:14:51.494 [ForkJoinPool-1-worker-27] INFO  com.intuit.karate - [print] testing xlinkurl:http://rdfdata.eionet.europa.eu/inspirethemes/themes/18
20:14:51.494 [ForkJoinPool-1-worker-19] INFO  com.intuit.karate - [print]
20:14:51.495 [ForkJoinPool-1-worker-19] INFO  com.intuit.karate - [print] testing xlinkurl:https://www.nationaalgeoregister.nl/geonetwork/srv/dut/catalog.search#/metadata/krm-a905-9d8e-4758-83fa-28b057f185e4
20:14:51.515 [ForkJoinPool-1-worker-9] ERROR com.intuit.karate - status code was: 404, expected: 200, response time: 203, url: http://rdfdata.eionet.europa.eu/inspirethemes/themes/18, response: 
20:14:51.515 [ForkJoinPool-1-worker-9] ERROR com.intuit.karate - feature call (loop) failed at index: 1
caller: classpath:InspireTest/ngr/datasetrecords/def/checkxlinkurl.template.feature
arg: {"link":"http://rdfdata.eionet.europa.eu/inspirethemes/themes/18"}
checkxlinkurl.template.feature:15 - status code was: 404, expected: 200, response time: 203, url: http://rdfdata.eionet.europa.eu/inspirethemes/themes/18, response: 
20:14:51.516 [ForkJoinPool-1-worker-9] INFO  com.intuit.karate - [print]
20:14:51.516 [ForkJoinPool-1-worker-9] INFO  com.intuit.karate - [print] testing xlinkurl:https://ngr.geocat.live/geonetwork/srv/eng/thesaurus.download?ref=external.theme.httpinspireeceuropaeumetadatacodelistPrioritydataset-Prioritydataset
20:14:51.621 [ForkJoinPool-1-worker-31] ERROR com.intuit.karate - status code was: 404, expected: 200, response time: 213, url: http://rdfdata.eionet.europa.eu/inspirethemes/themes/18, response: 
20:14:51.622 [ForkJoinPool-1-worker-31] ERROR com.intuit.karate - feature call (loop) failed at index: 1
caller: classpath:InspireTest/ngr/datasetrecords/def/checkxlinkurl.template.feature
arg: {"link":"http://rdfdata.eionet.europa.eu/inspirethemes/themes/18"}
checkxlinkurl.template.feature:15 - status code was: 404, expected: 200, response time: 213, url: http://rdfdata.eionet.europa.eu/inspirethemes/themes/18, response: 
20:14:51.623 [ForkJoinPool-1-worker-31] INFO  com.intuit.karate - [print]
20:14:51.623 [ForkJoinPool-1-worker-31] INFO  com.intuit.karate - [print] testing xlinkurl:https://ngr.geocat.live/geonetwork/srv/eng/thesaurus.download?ref=external.theme.httpinspireeceuropaeumetadatacodelistPrioritydataset-Prioritydataset
20:14:51.667 [ForkJoinPool-1-worker-5] INFO  com.intuit.karate - [print] title:Kaderrichtlijn Mariene Strategie - Bevroren monitoringsdata
20:14:51.668 [ForkJoinPool-1-worker-5] INFO  com.intuit.karate - [print] Kaderrichtlijn Mariene Strategie - Bevroren monitoringsdata
20:14:51.671 [ForkJoinPool-1-worker-21] ERROR com.intuit.karate - status code was: 404, expected: 200, response time: 199, url: http://rdfdata.eionet.europa.eu/inspirethemes/themes/18, response: 
20:14:51.671 [ForkJoinPool-1-worker-21] ERROR com.intuit.karate - feature call (loop) failed at index: 1
caller: classpath:InspireTest/ngr/datasetrecords/def/checkxlinkurl.template.feature
arg: {"link":"http://rdfdata.eionet.europa.eu/inspirethemes/themes/18"}
checkxlinkurl.template.feature:15 - status code was: 404, expected: 200, response time: 199, url: http://rdfdata.eionet.europa.eu/inspirethemes/themes/18, response: 
20:14:51.672 [ForkJoinPool-1-worker-21] INFO  com.intuit.karate - [print]
20:14:51.672 [ForkJoinPool-1-worker-21] INFO  com.intuit.karate - [print] testing xlinkurl:https://ngr.geocat.live/geonetwork/srv/eng/thesaurus.download?ref=external.theme.httpinspireeceuropaeumetadatacodelistPrioritydataset-Prioritydataset
20:14:51.678 [ForkJoinPool-1-worker-23] ERROR com.intuit.karate - status code was: 404, expected: 200, response time: 201, url: http://rdfdata.eionet.europa.eu/inspirethemes/themes/18, response: 
20:14:51.678 [ForkJoinPool-1-worker-23] ERROR com.intuit.karate - feature call (loop) failed at index: 1
caller: classpath:InspireTest/ngr/datasetrecords/def/checkxlinkurl.template.feature
arg: {"link":"http://rdfdata.eionet.europa.eu/inspirethemes/themes/18"}
checkxlinkurl.template.feature:15 - status code was: 404, expected: 200, response time: 201, url: http://rdfdata.eionet.europa.eu/inspirethemes/themes/18, response: 
20:14:51.679 [ForkJoinPool-1-worker-23] INFO  com.intuit.karate - [print]
20:14:51.679 [ForkJoinPool-1-worker-23] INFO  com.intuit.karate - [print] testing xlinkurl:http://inspire.ec.europa.eu/metadata-codelist/PriorityDataset/MajorRoadsNoiseExposureDelineationNight-dir-2002-49
20:14:51.679 [ForkJoinPool-1-worker-5] INFO  com.intuit.karate - [print] [
  "https://www.nationaalgeoregister.nl/geonetwork/srv/dut/catalog.search#/metadata/tbjk534p-wubf-crbp-cj25-d4161160gfim",
  "http://rdfdata.eionet.europa.eu/inspirethemes/themes/28",
  "https://ngr.geocat.live/geonetwork/srv/eng/thesaurus.download?ref=external.theme.httpinspireeceuropaeumetadatacodelistPrioritydataset-Prioritydataset"
]

20:14:51.688 [ForkJoinPool-1-worker-5] INFO  com.intuit.karate - [print]
20:14:51.694 [ForkJoinPool-1-worker-27] ERROR com.intuit.karate - status code was: 404, expected: 200, response time: 200, url: http://rdfdata.eionet.europa.eu/inspirethemes/themes/18, response: 
20:14:51.694 [ForkJoinPool-1-worker-27] ERROR com.intuit.karate - feature call (loop) failed at index: 1
caller: classpath:InspireTest/ngr/datasetrecords/def/checkxlinkurl.template.feature
arg: {"link":"http://rdfdata.eionet.europa.eu/inspirethemes/themes/18"}
checkxlinkurl.template.feature:15 - status code was: 404, expected: 200, response time: 200, url: http://rdfdata.eionet.europa.eu/inspirethemes/themes/18, response: 
20:14:51.695 [ForkJoinPool-1-worker-27] INFO  com.intuit.karate - [print]
20:14:51.695 [ForkJoinPool-1-worker-27] INFO  com.intuit.karate - [print] testing xlinkurl:https://ngr.geocat.live/geonetwork/srv/eng/thesaurus.download?ref=external.theme.httpinspireeceuropaeumetadatacodelistPrioritydataset-Prioritydataset
20:14:51.696 [ForkJoinPool-1-worker-5] INFO  com.intuit.karate - [print] testing xlinkurl:https://www.nationaalgeoregister.nl/geonetwork/srv/dut/catalog.search#/metadata/tbjk534p-wubf-crbp-cj25-d4161160gfim
20:14:51.727 [ForkJoinPool-1-worker-13] ERROR com.intuit.karate - status code was: 500, expected: 200, response time: 310, url: https://ngr.geocat.live/geonetwork/srv/eng/thesaurus.download?ref=external.theme.httpinspireeceuropaeumetadatacodelistPrioritydataset-Prioritydataset, response: 
20:14:51.727 [ForkJoinPool-1-worker-13] ERROR com.intuit.karate - feature call (loop) failed at index: 2
caller: classpath:InspireTest/ngr/datasetrecords/def/checkxlinkurl.template.feature
arg: {"link":"https://ngr.geocat.live/geonetwork/srv/eng/thesaurus.download?ref=external.theme.httpinspireeceuropaeumetadatacodelistPrioritydataset-Prioritydataset"}
checkxlinkurl.template.feature:15 - status code was: 500, expected: 200, response time: 310, url: https://ngr.geocat.live/geonetwork/srv/eng/thesaurus.download?ref=external.theme.httpinspireeceuropaeumetadatacodelistPrioritydataset-Prioritydataset, response: 
20:14:51.803 [ForkJoinPool-1-worker-17] INFO  com.intuit.karate - [print]
20:14:51.804 [ForkJoinPool-1-worker-17] INFO  com.intuit.karate - [print] testing xlinkurl:http://rdfdata.eionet.europa.eu/inspirethemes/themes/24
20:14:51.817 [ForkJoinPool-1-worker-19] INFO  com.intuit.karate - [print]
20:14:51.818 [ForkJoinPool-1-worker-19] INFO  com.intuit.karate - [print] testing xlinkurl:http://rdfdata.eionet.europa.eu/inspirethemes/themes/24
20:14:51.833 [ForkJoinPool-1-worker-9] ERROR com.intuit.karate - status code was: 500, expected: 200, response time: 316, url: https://ngr.geocat.live/geonetwork/srv/eng/thesaurus.download?ref=external.theme.httpinspireeceuropaeumetadatacodelistPrioritydataset-Prioritydataset, response: 
20:14:51.834 [ForkJoinPool-1-worker-9] ERROR com.intuit.karate - feature call (loop) failed at index: 2
caller: classpath:InspireTest/ngr/datasetrecords/def/checkxlinkurl.template.feature
arg: {"link":"https://ngr.geocat.live/geonetwork/srv/eng/thesaurus.download?ref=external.theme.httpinspireeceuropaeumetadatacodelistPrioritydataset-Prioritydataset"}
checkxlinkurl.template.feature:15 - status code was: 500, expected: 200, response time: 316, url: https://ngr.geocat.live/geonetwork/srv/eng/thesaurus.download?ref=external.theme.httpinspireeceuropaeumetadatacodelistPrioritydataset-Prioritydataset, response: 
20:14:51.835 [ForkJoinPool-1-worker-9] INFO  com.intuit.karate - [print]
20:14:51.835 [ForkJoinPool-1-worker-9] INFO  com.intuit.karate - [print] testing xlinkurl:urn:ogc:def:crs:EPSG::5709
20:14:51.839 [ForkJoinPool-1-worker-9] ERROR com.intuit.karate - org.apache.http.client.ClientProtocolException: URI does not specify a valid host name: urn:ogc:def:crs:EPSG::5709, http call failed after 0 milliseconds for URL: urn:ogc:def:crs:EPSG::5709
20:14:51.840 [ForkJoinPool-1-worker-9] ERROR com.intuit.karate - http request failed: 
org.apache.http.client.ClientProtocolException: URI does not specify a valid host name: urn:ogc:def:crs:EPSG::5709
20:14:51.840 [ForkJoinPool-1-worker-9] ERROR com.intuit.karate - feature call (loop) failed at index: 3
caller: classpath:InspireTest/ngr/datasetrecords/def/checkxlinkurl.template.feature
arg: {"link":"urn:ogc:def:crs:EPSG::5709"}
checkxlinkurl.template.feature:14 - 
org.apache.http.client.ClientProtocolException: URI does not specify a valid host name: urn:ogc:def:crs:EPSG::5709
20:14:52.007 [ForkJoinPool-1-worker-17] ERROR com.intuit.karate - status code was: 404, expected: 200, response time: 201, url: http://rdfdata.eionet.europa.eu/inspirethemes/themes/24, response: 
20:14:52.007 [ForkJoinPool-1-worker-17] ERROR com.intuit.karate - feature call (loop) failed at index: 1
caller: classpath:InspireTest/ngr/datasetrecords/def/checkxlinkurl.template.feature
arg: {"link":"http://rdfdata.eionet.europa.eu/inspirethemes/themes/24"}
checkxlinkurl.template.feature:15 - status code was: 404, expected: 200, response time: 201, url: http://rdfdata.eionet.europa.eu/inspirethemes/themes/24, response: 
20:14:52.008 [ForkJoinPool-1-worker-17] INFO  com.intuit.karate - [print]
20:14:52.009 [ForkJoinPool-1-worker-17] INFO  com.intuit.karate - [print] testing xlinkurl:https://ngr.geocat.live/geonetwork/srv/eng/thesaurus.download?ref=external.theme.httpinspireeceuropaeumetadatacodelistPrioritydataset-Prioritydataset
20:14:52.019 [ForkJoinPool-1-worker-19] ERROR com.intuit.karate - status code was: 404, expected: 200, response time: 199, url: http://rdfdata.eionet.europa.eu/inspirethemes/themes/24, response: 
20:14:52.019 [ForkJoinPool-1-worker-19] ERROR com.intuit.karate - feature call (loop) failed at index: 1
caller: classpath:InspireTest/ngr/datasetrecords/def/checkxlinkurl.template.feature
arg: {"link":"http://rdfdata.eionet.europa.eu/inspirethemes/themes/24"}
checkxlinkurl.template.feature:15 - status code was: 404, expected: 200, response time: 199, url: http://rdfdata.eionet.europa.eu/inspirethemes/themes/24, response: 
20:14:52.020 [ForkJoinPool-1-worker-19] INFO  com.intuit.karate - [print]
20:14:52.020 [ForkJoinPool-1-worker-19] INFO  com.intuit.karate - [print] testing xlinkurl:https://ngr.geocat.live/geonetwork/srv/eng/thesaurus.download?ref=external.theme.httpinspireeceuropaeumetadatacodelistPrioritydataset-Prioritydataset
20:14:52.094 [ForkJoinPool-1-worker-31] ERROR com.intuit.karate - status code was: 500, expected: 200, response time: 469, url: https://ngr.geocat.live/geonetwork/srv/eng/thesaurus.download?ref=external.theme.httpinspireeceuropaeumetadatacodelistPrioritydataset-Prioritydataset, response: 
20:14:52.094 [ForkJoinPool-1-worker-31] ERROR com.intuit.karate - feature call (loop) failed at index: 2
caller: classpath:InspireTest/ngr/datasetrecords/def/checkxlinkurl.template.feature
arg: {"link":"https://ngr.geocat.live/geonetwork/srv/eng/thesaurus.download?ref=external.theme.httpinspireeceuropaeumetadatacodelistPrioritydataset-Prioritydataset"}
checkxlinkurl.template.feature:15 - status code was: 500, expected: 200, response time: 469, url: https://ngr.geocat.live/geonetwork/srv/eng/thesaurus.download?ref=external.theme.httpinspireeceuropaeumetadatacodelistPrioritydataset-Prioritydataset, response: 
20:14:52.119 [ForkJoinPool-1-worker-3] INFO  com.intuit.karate - [print] title:Kaderrichtlijn Water - Oppervlaktewaterlichamen Nederland EU2009 lijnen
20:14:52.119 [ForkJoinPool-1-worker-3] INFO  com.intuit.karate - [print] Kaderrichtlijn Water - Oppervlaktewaterlichamen Nederland EU2009 lijnen
20:14:52.128 [ForkJoinPool-1-worker-3] INFO  com.intuit.karate - [print] [
  "https://www.nationaalgeoregister.nl/geonetwork/srv/dut/catalog.search#/metadata/krw2006-c57b-44a2-83a4-e51223d5f15g",
  "http://rdfdata.eionet.europa.eu/inspirethemes/themes/24",
  "https://ngr.geocat.live/geonetwork/srv/eng/thesaurus.download?ref=external.theme.httpinspireeceuropaeumetadatacodelistPrioritydataset-Prioritydataset",
  "urn:ogc:def:crs:EPSG::5709"
]

20:14:52.148 [ForkJoinPool-1-worker-3] INFO  com.intuit.karate - [print]
20:14:52.149 [ForkJoinPool-1-worker-3] INFO  com.intuit.karate - [print] testing xlinkurl:https://www.nationaalgeoregister.nl/geonetwork/srv/dut/catalog.search#/metadata/krw2006-c57b-44a2-83a4-e51223d5f15g
20:14:52.449 [ForkJoinPool-1-worker-13] INFO  com.intuit.karate - [print] title:Kaderrichtlijn Water - Oppervlaktewaterlichamen Nederland 2019 lijnen
20:14:52.449 [ForkJoinPool-1-worker-13] INFO  com.intuit.karate - [print] Kaderrichtlijn Water - Oppervlaktewaterlichamen Nederland 2019 lijnen
20:14:52.452 [ForkJoinPool-1-worker-13] INFO  com.intuit.karate - [print] [
  "https://www.nationaalgeoregister.nl/geonetwork/srv/dut/catalog.search#/metadata/622a632a-c57b-44a2-83a4-e51223d5f15g",
  "http://rdfdata.eionet.europa.eu/inspirethemes/themes/24",
  "https://ngr.geocat.live/geonetwork/srv/eng/thesaurus.download?ref=external.theme.httpinspireeceuropaeumetadatacodelistPrioritydataset-Prioritydataset",
  "urn:ogc:def:crs:EPSG::5709"
]

20:14:52.460 [ForkJoinPool-1-worker-13] INFO  com.intuit.karate - [print]
20:14:52.460 [ForkJoinPool-1-worker-13] INFO  com.intuit.karate - [print] testing xlinkurl:https://www.nationaalgeoregister.nl/geonetwork/srv/dut/catalog.search#/metadata/622a632a-c57b-44a2-83a4-e51223d5f15g
20:14:52.462 [ForkJoinPool-1-worker-19] ERROR com.intuit.karate - status code was: 500, expected: 200, response time: 441, url: https://ngr.geocat.live/geonetwork/srv/eng/thesaurus.download?ref=external.theme.httpinspireeceuropaeumetadatacodelistPrioritydataset-Prioritydataset, response: 
20:14:52.462 [ForkJoinPool-1-worker-19] ERROR com.intuit.karate - feature call (loop) failed at index: 2
caller: classpath:InspireTest/ngr/datasetrecords/def/checkxlinkurl.template.feature
arg: {"link":"https://ngr.geocat.live/geonetwork/srv/eng/thesaurus.download?ref=external.theme.httpinspireeceuropaeumetadatacodelistPrioritydataset-Prioritydataset"}
checkxlinkurl.template.feature:15 - status code was: 500, expected: 200, response time: 441, url: https://ngr.geocat.live/geonetwork/srv/eng/thesaurus.download?ref=external.theme.httpinspireeceuropaeumetadatacodelistPrioritydataset-Prioritydataset, response: 
20:14:52.467 [ForkJoinPool-1-worker-21] ERROR com.intuit.karate - status code was: 500, expected: 200, response time: 793, url: https://ngr.geocat.live/geonetwork/srv/eng/thesaurus.download?ref=external.theme.httpinspireeceuropaeumetadatacodelistPrioritydataset-Prioritydataset, response: 
20:14:52.467 [ForkJoinPool-1-worker-21] ERROR com.intuit.karate - feature call (loop) failed at index: 2
caller: classpath:InspireTest/ngr/datasetrecords/def/checkxlinkurl.template.feature
arg: {"link":"https://ngr.geocat.live/geonetwork/srv/eng/thesaurus.download?ref=external.theme.httpinspireeceuropaeumetadatacodelistPrioritydataset-Prioritydataset"}
checkxlinkurl.template.feature:15 - status code was: 500, expected: 200, response time: 793, url: https://ngr.geocat.live/geonetwork/srv/eng/thesaurus.download?ref=external.theme.httpinspireeceuropaeumetadatacodelistPrioritydataset-Prioritydataset, response: 
20:14:52.485 [ForkJoinPool-1-worker-5] INFO  com.intuit.karate - [print]
20:14:52.485 [ForkJoinPool-1-worker-5] INFO  com.intuit.karate - [print] testing xlinkurl:http://rdfdata.eionet.europa.eu/inspirethemes/themes/28
20:14:52.516 [ForkJoinPool-1-worker-27] ERROR com.intuit.karate - status code was: 500, expected: 200, response time: 821, url: https://ngr.geocat.live/geonetwork/srv/eng/thesaurus.download?ref=external.theme.httpinspireeceuropaeumetadatacodelistPrioritydataset-Prioritydataset, response: 
20:14:52.516 [ForkJoinPool-1-worker-27] ERROR com.intuit.karate - feature call (loop) failed at index: 2
caller: classpath:InspireTest/ngr/datasetrecords/def/checkxlinkurl.template.feature
arg: {"link":"https://ngr.geocat.live/geonetwork/srv/eng/thesaurus.download?ref=external.theme.httpinspireeceuropaeumetadatacodelistPrioritydataset-Prioritydataset"}
checkxlinkurl.template.feature:15 - status code was: 500, expected: 200, response time: 821, url: https://ngr.geocat.live/geonetwork/srv/eng/thesaurus.download?ref=external.theme.httpinspireeceuropaeumetadatacodelistPrioritydataset-Prioritydataset, response: 
20:14:52.517 [ForkJoinPool-1-worker-27] INFO  com.intuit.karate - [print]
20:14:52.518 [ForkJoinPool-1-worker-27] INFO  com.intuit.karate - [print] testing xlinkurl:urn:ogc:def:crs:EPSG::5709
20:14:52.518 [ForkJoinPool-1-worker-27] ERROR com.intuit.karate - org.apache.http.client.ClientProtocolException: URI does not specify a valid host name: urn:ogc:def:crs:EPSG::5709, http call failed after 0 milliseconds for URL: urn:ogc:def:crs:EPSG::5709
20:14:52.518 [ForkJoinPool-1-worker-27] ERROR com.intuit.karate - http request failed: 
org.apache.http.client.ClientProtocolException: URI does not specify a valid host name: urn:ogc:def:crs:EPSG::5709
20:14:52.520 [ForkJoinPool-1-worker-27] ERROR com.intuit.karate - feature call (loop) failed at index: 3
caller: classpath:InspireTest/ngr/datasetrecords/def/checkxlinkurl.template.feature
arg: {"link":"urn:ogc:def:crs:EPSG::5709"}
checkxlinkurl.template.feature:14 - 
org.apache.http.client.ClientProtocolException: URI does not specify a valid host name: urn:ogc:def:crs:EPSG::5709
20:14:52.530 [ForkJoinPool-1-worker-17] ERROR com.intuit.karate - status code was: 500, expected: 200, response time: 521, url: https://ngr.geocat.live/geonetwork/srv/eng/thesaurus.download?ref=external.theme.httpinspireeceuropaeumetadatacodelistPrioritydataset-Prioritydataset, response: 
20:14:52.531 [ForkJoinPool-1-worker-17] ERROR com.intuit.karate - feature call (loop) failed at index: 2
caller: classpath:InspireTest/ngr/datasetrecords/def/checkxlinkurl.template.feature
arg: {"link":"https://ngr.geocat.live/geonetwork/srv/eng/thesaurus.download?ref=external.theme.httpinspireeceuropaeumetadatacodelistPrioritydataset-Prioritydataset"}
checkxlinkurl.template.feature:15 - status code was: 500, expected: 200, response time: 521, url: https://ngr.geocat.live/geonetwork/srv/eng/thesaurus.download?ref=external.theme.httpinspireeceuropaeumetadatacodelistPrioritydataset-Prioritydataset, response: 
20:14:52.541 [ForkJoinPool-1-worker-3] INFO  com.intuit.karate - [print]
20:14:52.541 [ForkJoinPool-1-worker-3] INFO  com.intuit.karate - [print] testing xlinkurl:http://rdfdata.eionet.europa.eu/inspirethemes/themes/24
20:14:52.584 [ForkJoinPool-1-worker-9] INFO  com.intuit.karate - [print] title:Kaderrichtlijn Water - Oppervlaktewaterlichamen Nederland EU2015 riviernetwerk
20:14:52.584 [ForkJoinPool-1-worker-9] INFO  com.intuit.karate - [print] Kaderrichtlijn Water - Oppervlaktewaterlichamen Nederland EU2015 riviernetwerk
20:14:52.588 [ForkJoinPool-1-worker-9] INFO  com.intuit.karate - [print] [
  "https://www.nationaalgeoregister.nl/geonetwork/srv/dut/catalog.search#/metadata/a1960e70-22f4-4fd9-91a8-b605c6ceda3e",
  "http://rdfdata.eionet.europa.eu/inspirethemes/themes/24",
  "https://ngr.geocat.live/geonetwork/srv/eng/thesaurus.download?ref=external.theme.httpinspireeceuropaeumetadatacodelistPrioritydataset-Prioritydataset"
]

20:14:52.595 [ForkJoinPool-1-worker-9] INFO  com.intuit.karate - [print]
20:14:52.597 [ForkJoinPool-1-worker-9] INFO  com.intuit.karate - [print] testing xlinkurl:https://www.nationaalgeoregister.nl/geonetwork/srv/dut/catalog.search#/metadata/a1960e70-22f4-4fd9-91a8-b605c6ceda3e
20:14:52.686 [ForkJoinPool-1-worker-5] ERROR com.intuit.karate - status code was: 404, expected: 200, response time: 201, url: http://rdfdata.eionet.europa.eu/inspirethemes/themes/28, response: 
20:14:52.687 [ForkJoinPool-1-worker-5] ERROR com.intuit.karate - feature call (loop) failed at index: 1
caller: classpath:InspireTest/ngr/datasetrecords/def/checkxlinkurl.template.feature
arg: {"link":"http://rdfdata.eionet.europa.eu/inspirethemes/themes/28"}
checkxlinkurl.template.feature:15 - status code was: 404, expected: 200, response time: 201, url: http://rdfdata.eionet.europa.eu/inspirethemes/themes/28, response: 
20:14:52.688 [ForkJoinPool-1-worker-5] INFO  com.intuit.karate - [print]
20:14:52.688 [ForkJoinPool-1-worker-5] INFO  com.intuit.karate - [print] testing xlinkurl:https://ngr.geocat.live/geonetwork/srv/eng/thesaurus.download?ref=external.theme.httpinspireeceuropaeumetadatacodelistPrioritydataset-Prioritydataset
20:14:52.743 [ForkJoinPool-1-worker-3] ERROR com.intuit.karate - status code was: 404, expected: 200, response time: 201, url: http://rdfdata.eionet.europa.eu/inspirethemes/themes/24, response: 
20:14:52.743 [ForkJoinPool-1-worker-3] ERROR com.intuit.karate - feature call (loop) failed at index: 1
caller: classpath:InspireTest/ngr/datasetrecords/def/checkxlinkurl.template.feature
arg: {"link":"http://rdfdata.eionet.europa.eu/inspirethemes/themes/24"}
checkxlinkurl.template.feature:15 - status code was: 404, expected: 200, response time: 201, url: http://rdfdata.eionet.europa.eu/inspirethemes/themes/24, response: 
20:14:52.744 [ForkJoinPool-1-worker-3] INFO  com.intuit.karate - [print]
20:14:52.744 [ForkJoinPool-1-worker-3] INFO  com.intuit.karate - [print] testing xlinkurl:https://ngr.geocat.live/geonetwork/srv/eng/thesaurus.download?ref=external.theme.httpinspireeceuropaeumetadatacodelistPrioritydataset-Prioritydataset
20:14:52.850 [ForkJoinPool-1-worker-13] INFO  com.intuit.karate - [print]
20:14:52.851 [ForkJoinPool-1-worker-13] INFO  com.intuit.karate - [print] testing xlinkurl:http://rdfdata.eionet.europa.eu/inspirethemes/themes/24
20:14:52.851 [ForkJoinPool-1-worker-31] INFO  com.intuit.karate - [print] title:Kaderrichtlijn Water - Oppervlaktewaterlichamen Nederland EU2015 vlakken
20:14:52.852 [ForkJoinPool-1-worker-31] INFO  com.intuit.karate - [print] Kaderrichtlijn Water - Oppervlaktewaterlichamen Nederland EU2015 vlakken
20:14:52.854 [ForkJoinPool-1-worker-31] INFO  com.intuit.karate - [print] [
  "https://www.nationaalgeoregister.nl/geonetwork/srv/dut/catalog.search#/metadata/110f9ec6-4464-462e-9765-83d90cefbead",
  "http://rdfdata.eionet.europa.eu/inspirethemes/themes/24",
  "https://ngr.geocat.live/geonetwork/srv/eng/thesaurus.download?ref=external.theme.httpinspireeceuropaeumetadatacodelistPrioritydataset-Prioritydataset"
]

20:14:52.858 [ForkJoinPool-1-worker-31] INFO  com.intuit.karate - [print]
20:14:52.859 [ForkJoinPool-1-worker-31] INFO  com.intuit.karate - [print] testing xlinkurl:https://www.nationaalgeoregister.nl/geonetwork/srv/dut/catalog.search#/metadata/110f9ec6-4464-462e-9765-83d90cefbead
20:14:52.946 [ForkJoinPool-1-worker-9] INFO  com.intuit.karate - [print]
20:14:52.947 [ForkJoinPool-1-worker-9] INFO  com.intuit.karate - [print] testing xlinkurl:http://rdfdata.eionet.europa.eu/inspirethemes/themes/24
20:14:53.057 [ForkJoinPool-1-worker-13] ERROR com.intuit.karate - status code was: 404, expected: 200, response time: 201, url: http://rdfdata.eionet.europa.eu/inspirethemes/themes/24, response: 
20:14:53.058 [ForkJoinPool-1-worker-13] ERROR com.intuit.karate - feature call (loop) failed at index: 1
caller: classpath:InspireTest/ngr/datasetrecords/def/checkxlinkurl.template.feature
arg: {"link":"http://rdfdata.eionet.europa.eu/inspirethemes/themes/24"}
checkxlinkurl.template.feature:15 - status code was: 404, expected: 200, response time: 201, url: http://rdfdata.eionet.europa.eu/inspirethemes/themes/24, response: 
20:14:53.059 [ForkJoinPool-1-worker-13] INFO  com.intuit.karate - [print]
20:14:53.059 [ForkJoinPool-1-worker-13] INFO  com.intuit.karate - [print] testing xlinkurl:https://ngr.geocat.live/geonetwork/srv/eng/thesaurus.download?ref=external.theme.httpinspireeceuropaeumetadatacodelistPrioritydataset-Prioritydataset
20:14:53.097 [ForkJoinPool-1-worker-5] ERROR com.intuit.karate - status code was: 500, expected: 200, response time: 408, url: https://ngr.geocat.live/geonetwork/srv/eng/thesaurus.download?ref=external.theme.httpinspireeceuropaeumetadatacodelistPrioritydataset-Prioritydataset, response: 
20:14:53.097 [ForkJoinPool-1-worker-5] ERROR com.intuit.karate - feature call (loop) failed at index: 2
caller: classpath:InspireTest/ngr/datasetrecords/def/checkxlinkurl.template.feature
arg: {"link":"https://ngr.geocat.live/geonetwork/srv/eng/thesaurus.download?ref=external.theme.httpinspireeceuropaeumetadatacodelistPrioritydataset-Prioritydataset"}
checkxlinkurl.template.feature:15 - status code was: 500, expected: 200, response time: 408, url: https://ngr.geocat.live/geonetwork/srv/eng/thesaurus.download?ref=external.theme.httpinspireeceuropaeumetadatacodelistPrioritydataset-Prioritydataset, response: 
20:14:53.108 [ForkJoinPool-1-worker-3] ERROR com.intuit.karate - status code was: 500, expected: 200, response time: 363, url: https://ngr.geocat.live/geonetwork/srv/eng/thesaurus.download?ref=external.theme.httpinspireeceuropaeumetadatacodelistPrioritydataset-Prioritydataset, response: 
20:14:53.108 [ForkJoinPool-1-worker-3] ERROR com.intuit.karate - feature call (loop) failed at index: 2
caller: classpath:InspireTest/ngr/datasetrecords/def/checkxlinkurl.template.feature
arg: {"link":"https://ngr.geocat.live/geonetwork/srv/eng/thesaurus.download?ref=external.theme.httpinspireeceuropaeumetadatacodelistPrioritydataset-Prioritydataset"}
checkxlinkurl.template.feature:15 - status code was: 500, expected: 200, response time: 363, url: https://ngr.geocat.live/geonetwork/srv/eng/thesaurus.download?ref=external.theme.httpinspireeceuropaeumetadatacodelistPrioritydataset-Prioritydataset, response: 
20:14:53.109 [ForkJoinPool-1-worker-3] INFO  com.intuit.karate - [print]
20:14:53.110 [ForkJoinPool-1-worker-3] INFO  com.intuit.karate - [print] testing xlinkurl:urn:ogc:def:crs:EPSG::5709
20:14:53.110 [ForkJoinPool-1-worker-3] ERROR com.intuit.karate - org.apache.http.client.ClientProtocolException: URI does not specify a valid host name: urn:ogc:def:crs:EPSG::5709, http call failed after 0 milliseconds for URL: urn:ogc:def:crs:EPSG::5709
20:14:53.110 [ForkJoinPool-1-worker-3] ERROR com.intuit.karate - http request failed: 
org.apache.http.client.ClientProtocolException: URI does not specify a valid host name: urn:ogc:def:crs:EPSG::5709
20:14:53.110 [ForkJoinPool-1-worker-3] ERROR com.intuit.karate - feature call (loop) failed at index: 3
caller: classpath:InspireTest/ngr/datasetrecords/def/checkxlinkurl.template.feature
arg: {"link":"urn:ogc:def:crs:EPSG::5709"}
checkxlinkurl.template.feature:14 - 
org.apache.http.client.ClientProtocolException: URI does not specify a valid host name: urn:ogc:def:crs:EPSG::5709
20:14:53.150 [ForkJoinPool-1-worker-9] ERROR com.intuit.karate - status code was: 404, expected: 200, response time: 200, url: http://rdfdata.eionet.europa.eu/inspirethemes/themes/24, response: 
20:14:53.151 [ForkJoinPool-1-worker-9] ERROR com.intuit.karate - feature call (loop) failed at index: 1
caller: classpath:InspireTest/ngr/datasetrecords/def/checkxlinkurl.template.feature
arg: {"link":"http://rdfdata.eionet.europa.eu/inspirethemes/themes/24"}
checkxlinkurl.template.feature:15 - status code was: 404, expected: 200, response time: 200, url: http://rdfdata.eionet.europa.eu/inspirethemes/themes/24, response: 
20:14:53.152 [ForkJoinPool-1-worker-9] INFO  com.intuit.karate - [print]
20:14:53.152 [ForkJoinPool-1-worker-9] INFO  com.intuit.karate - [print] testing xlinkurl:https://ngr.geocat.live/geonetwork/srv/eng/thesaurus.download?ref=external.theme.httpinspireeceuropaeumetadatacodelistPrioritydataset-Prioritydataset
20:14:53.189 [ForkJoinPool-1-worker-31] INFO  com.intuit.karate - [print]
20:14:53.189 [ForkJoinPool-1-worker-31] INFO  com.intuit.karate - [print] testing xlinkurl:http://rdfdata.eionet.europa.eu/inspirethemes/themes/24
20:14:53.346 [ForkJoinPool-1-worker-21] INFO  com.intuit.karate - [print] title:Kaderrichtlijn Water - Monitoringlocaties Nederland EU2015
20:14:53.347 [ForkJoinPool-1-worker-21] INFO  com.intuit.karate - [print] Kaderrichtlijn Water - Monitoringlocaties Nederland EU2015
20:14:53.349 [ForkJoinPool-1-worker-21] INFO  com.intuit.karate - [print] [
  "https://www.nationaalgeoregister.nl/geonetwork/srv/dut/catalog.search#/metadata/891ddc2d-8949-4a45-be96-c65b87c41f13",
  "http://rdfdata.eionet.europa.eu/inspirethemes/themes/20",
  "https://ngr.geocat.live/geonetwork/srv/eng/thesaurus.download?ref=external.theme.httpinspireeceuropaeumetadatacodelistPrioritydataset-Prioritydataset"
]

20:14:53.354 [ForkJoinPool-1-worker-21] INFO  com.intuit.karate - [print]
20:14:53.355 [ForkJoinPool-1-worker-21] INFO  com.intuit.karate - [print] testing xlinkurl:https://www.nationaalgeoregister.nl/geonetwork/srv/dut/catalog.search#/metadata/891ddc2d-8949-4a45-be96-c65b87c41f13
20:14:53.378 [ForkJoinPool-1-worker-19] INFO  com.intuit.karate - [print] title:Kaderrichtlijn Water - Oppervlaktewaterlichamen Nederland EU2015 lijnen
20:14:53.378 [ForkJoinPool-1-worker-19] INFO  com.intuit.karate - [print] Kaderrichtlijn Water - Oppervlaktewaterlichamen Nederland EU2015 lijnen
20:14:53.381 [ForkJoinPool-1-worker-19] INFO  com.intuit.karate - [print] [
  "https://www.nationaalgeoregister.nl/geonetwork/srv/dut/catalog.search#/metadata/110f9ec6-4464-462e-9765-83d90cefbeag",
  "http://rdfdata.eionet.europa.eu/inspirethemes/themes/24",
  "https://ngr.geocat.live/geonetwork/srv/eng/thesaurus.download?ref=external.theme.httpinspireeceuropaeumetadatacodelistPrioritydataset-Prioritydataset",
  "urn:ogc:def:crs:EPSG::5709"
]

20:14:53.388 [ForkJoinPool-1-worker-19] INFO  com.intuit.karate - [print]
20:14:53.388 [ForkJoinPool-1-worker-19] INFO  com.intuit.karate - [print] testing xlinkurl:https://www.nationaalgeoregister.nl/geonetwork/srv/dut/catalog.search#/metadata/110f9ec6-4464-462e-9765-83d90cefbeag
20:14:53.390 [ForkJoinPool-1-worker-31] ERROR com.intuit.karate - status code was: 404, expected: 200, response time: 200, url: http://rdfdata.eionet.europa.eu/inspirethemes/themes/24, response: 
20:14:53.390 [ForkJoinPool-1-worker-31] ERROR com.intuit.karate - feature call (loop) failed at index: 1
caller: classpath:InspireTest/ngr/datasetrecords/def/checkxlinkurl.template.feature
arg: {"link":"http://rdfdata.eionet.europa.eu/inspirethemes/themes/24"}
checkxlinkurl.template.feature:15 - status code was: 404, expected: 200, response time: 200, url: http://rdfdata.eionet.europa.eu/inspirethemes/themes/24, response: 
20:14:53.391 [ForkJoinPool-1-worker-31] INFO  com.intuit.karate - [print]
20:14:53.391 [ForkJoinPool-1-worker-31] INFO  com.intuit.karate - [print] testing xlinkurl:https://ngr.geocat.live/geonetwork/srv/eng/thesaurus.download?ref=external.theme.httpinspireeceuropaeumetadatacodelistPrioritydataset-Prioritydataset
20:14:53.402 [ForkJoinPool-1-worker-27] INFO  com.intuit.karate - [print] title:Richtlijn Overstromingsrisico - gebieden met Potentieel Significant Overstromingsrisico EU2018 vlakken
20:14:53.402 [ForkJoinPool-1-worker-27] INFO  com.intuit.karate - [print] Richtlijn Overstromingsrisico - gebieden met Potentieel Significant Overstromingsrisico EU2018 vlakken
20:14:53.404 [ForkJoinPool-1-worker-27] INFO  com.intuit.karate - [print] [
  "https://www.nationaalgeoregister.nl/geonetwork/srv/dut/catalog.search#/metadata/ror-9d8e-4758-83fx-28b057f185e1",
  "http://rdfdata.eionet.europa.eu/inspirethemes/themes/25",
  "https://ngr.geocat.live/geonetwork/srv/eng/thesaurus.download?ref=external.theme.httpinspireeceuropaeumetadatacodelistPrioritydataset-Prioritydataset",
  "urn:ogc:def:crs:EPSG::5709"
]

20:14:53.413 [ForkJoinPool-1-worker-13] ERROR com.intuit.karate - status code was: 500, expected: 200, response time: 353, url: https://ngr.geocat.live/geonetwork/srv/eng/thesaurus.download?ref=external.theme.httpinspireeceuropaeumetadatacodelistPrioritydataset-Prioritydataset, response: 
20:14:53.413 [ForkJoinPool-1-worker-13] ERROR com.intuit.karate - feature call (loop) failed at index: 2
caller: classpath:InspireTest/ngr/datasetrecords/def/checkxlinkurl.template.feature
arg: {"link":"https://ngr.geocat.live/geonetwork/srv/eng/thesaurus.download?ref=external.theme.httpinspireeceuropaeumetadatacodelistPrioritydataset-Prioritydataset"}
checkxlinkurl.template.feature:15 - status code was: 500, expected: 200, response time: 353, url: https://ngr.geocat.live/geonetwork/srv/eng/thesaurus.download?ref=external.theme.httpinspireeceuropaeumetadatacodelistPrioritydataset-Prioritydataset, response: 
20:14:53.414 [ForkJoinPool-1-worker-13] INFO  com.intuit.karate - [print]
20:14:53.414 [ForkJoinPool-1-worker-13] INFO  com.intuit.karate - [print] testing xlinkurl:urn:ogc:def:crs:EPSG::5709
20:14:53.414 [ForkJoinPool-1-worker-13] ERROR com.intuit.karate - org.apache.http.client.ClientProtocolException: URI does not specify a valid host name: urn:ogc:def:crs:EPSG::5709, http call failed after 0 milliseconds for URL: urn:ogc:def:crs:EPSG::5709
20:14:53.414 [ForkJoinPool-1-worker-13] ERROR com.intuit.karate - http request failed: 
org.apache.http.client.ClientProtocolException: URI does not specify a valid host name: urn:ogc:def:crs:EPSG::5709
20:14:53.414 [ForkJoinPool-1-worker-13] ERROR com.intuit.karate - feature call (loop) failed at index: 3
caller: classpath:InspireTest/ngr/datasetrecords/def/checkxlinkurl.template.feature
arg: {"link":"urn:ogc:def:crs:EPSG::5709"}
checkxlinkurl.template.feature:14 - 
org.apache.http.client.ClientProtocolException: URI does not specify a valid host name: urn:ogc:def:crs:EPSG::5709
20:14:53.423 [ForkJoinPool-1-worker-27] INFO  com.intuit.karate - [print]
20:14:53.423 [ForkJoinPool-1-worker-27] INFO  com.intuit.karate - [print] testing xlinkurl:https://www.nationaalgeoregister.nl/geonetwork/srv/dut/catalog.search#/metadata/ror-9d8e-4758-83fx-28b057f185e1
20:14:53.469 [ForkJoinPool-1-worker-17] INFO  com.intuit.karate - [print] title:NWB - Wegen
20:14:53.469 [ForkJoinPool-1-worker-17] INFO  com.intuit.karate - [print] NWB - Wegen
20:14:53.472 [ForkJoinPool-1-worker-17] INFO  com.intuit.karate - [print] [
  "https://www.nationaalgeoregister.nl/geonetwork/srv/dut/catalog.search#/metadata/a9b7026e-0a81-4813-93bd-ba49e6f28502",
  "http://rdfdata.eionet.europa.eu/inspirethemes/themes/7",
  "http://rdfdata.eionet.europa.eu/inspirethemes/themes/18",
  "https://ngr.geocat.live/geonetwork/srv/eng/thesaurus.download?ref=external.theme.httpinspireeceuropaeumetadatacodelistPrioritydataset-Prioritydataset",
  "urn:ogc:def:crs:EPSG::5709"
]

20:14:53.482 [ForkJoinPool-1-worker-17] INFO  com.intuit.karate - [print]
20:14:53.482 [ForkJoinPool-1-worker-17] INFO  com.intuit.karate - [print] testing xlinkurl:https://www.nationaalgeoregister.nl/geonetwork/srv/dut/catalog.search#/metadata/a9b7026e-0a81-4813-93bd-ba49e6f28502
20:14:53.493 [ForkJoinPool-1-worker-9] ERROR com.intuit.karate - status code was: 500, expected: 200, response time: 340, url: https://ngr.geocat.live/geonetwork/srv/eng/thesaurus.download?ref=external.theme.httpinspireeceuropaeumetadatacodelistPrioritydataset-Prioritydataset, response: 
20:14:53.494 [ForkJoinPool-1-worker-9] ERROR com.intuit.karate - feature call (loop) failed at index: 2
caller: classpath:InspireTest/ngr/datasetrecords/def/checkxlinkurl.template.feature
arg: {"link":"https://ngr.geocat.live/geonetwork/srv/eng/thesaurus.download?ref=external.theme.httpinspireeceuropaeumetadatacodelistPrioritydataset-Prioritydataset"}
checkxlinkurl.template.feature:15 - status code was: 500, expected: 200, response time: 340, url: https://ngr.geocat.live/geonetwork/srv/eng/thesaurus.download?ref=external.theme.httpinspireeceuropaeumetadatacodelistPrioritydataset-Prioritydataset, response: 
20:14:53.690 [ForkJoinPool-1-worker-21] INFO  com.intuit.karate - [print]
20:14:53.690 [ForkJoinPool-1-worker-21] INFO  com.intuit.karate - [print] testing xlinkurl:http://rdfdata.eionet.europa.eu/inspirethemes/themes/20
20:14:53.726 [ForkJoinPool-1-worker-31] ERROR com.intuit.karate - status code was: 500, expected: 200, response time: 334, url: https://ngr.geocat.live/geonetwork/srv/eng/thesaurus.download?ref=external.theme.httpinspireeceuropaeumetadatacodelistPrioritydataset-Prioritydataset, response: 
20:14:53.726 [ForkJoinPool-1-worker-31] ERROR com.intuit.karate - feature call (loop) failed at index: 2
caller: classpath:InspireTest/ngr/datasetrecords/def/checkxlinkurl.template.feature
arg: {"link":"https://ngr.geocat.live/geonetwork/srv/eng/thesaurus.download?ref=external.theme.httpinspireeceuropaeumetadatacodelistPrioritydataset-Prioritydataset"}
checkxlinkurl.template.feature:15 - status code was: 500, expected: 200, response time: 334, url: https://ngr.geocat.live/geonetwork/srv/eng/thesaurus.download?ref=external.theme.httpinspireeceuropaeumetadatacodelistPrioritydataset-Prioritydataset, response: 
20:14:53.765 [ForkJoinPool-1-worker-27] INFO  com.intuit.karate - [print]
20:14:53.766 [ForkJoinPool-1-worker-27] INFO  com.intuit.karate - [print] testing xlinkurl:http://rdfdata.eionet.europa.eu/inspirethemes/themes/25
20:14:53.806 [ForkJoinPool-1-worker-19] INFO  com.intuit.karate - [print]
20:14:53.806 [ForkJoinPool-1-worker-19] INFO  com.intuit.karate - [print] testing xlinkurl:http://rdfdata.eionet.europa.eu/inspirethemes/themes/24
20:14:53.887 [ForkJoinPool-1-worker-17] INFO  com.intuit.karate - [print]
20:14:53.887 [ForkJoinPool-1-worker-17] INFO  com.intuit.karate - [print] testing xlinkurl:http://rdfdata.eionet.europa.eu/inspirethemes/themes/7
20:14:53.891 [ForkJoinPool-1-worker-21] ERROR com.intuit.karate - status code was: 404, expected: 200, response time: 199, url: http://rdfdata.eionet.europa.eu/inspirethemes/themes/20, response: 
20:14:53.891 [ForkJoinPool-1-worker-21] ERROR com.intuit.karate - feature call (loop) failed at index: 1
caller: classpath:InspireTest/ngr/datasetrecords/def/checkxlinkurl.template.feature
arg: {"link":"http://rdfdata.eionet.europa.eu/inspirethemes/themes/20"}
checkxlinkurl.template.feature:15 - status code was: 404, expected: 200, response time: 199, url: http://rdfdata.eionet.europa.eu/inspirethemes/themes/20, response: 
20:14:53.892 [ForkJoinPool-1-worker-21] INFO  com.intuit.karate - [print]
20:14:53.892 [ForkJoinPool-1-worker-21] INFO  com.intuit.karate - [print] testing xlinkurl:https://ngr.geocat.live/geonetwork/srv/eng/thesaurus.download?ref=external.theme.httpinspireeceuropaeumetadatacodelistPrioritydataset-Prioritydataset
20:14:53.909 [ForkJoinPool-1-worker-3] INFO  com.intuit.karate - [print] title:Kaderrichtlijn Water - Oppervlaktewaterlichamen Nederland 2019 vlakken
20:14:53.909 [ForkJoinPool-1-worker-3] INFO  com.intuit.karate - [print] Kaderrichtlijn Water - Oppervlaktewaterlichamen Nederland 2019 vlakken
20:14:53.912 [ForkJoinPool-1-worker-3] INFO  com.intuit.karate - [print] [
  "https://www.nationaalgeoregister.nl/geonetwork/srv/dut/catalog.search#/metadata/2e31680f-68b5-4ff3-94a4-9c24109ffd5e",
  "http://rdfdata.eionet.europa.eu/inspirethemes/themes/24",
  "https://ngr.geocat.live/geonetwork/srv/eng/thesaurus.download?ref=external.theme.httpinspireeceuropaeumetadatacodelistPrioritydataset-Prioritydataset",
  "urn:ogc:def:crs:EPSG::5709"
]

20:14:53.912 [ForkJoinPool-1-worker-5] INFO  com.intuit.karate - [print] title:Kaderrichtlijn Water - Stroomgebieddistricten Nederland EU2015
20:14:53.914 [ForkJoinPool-1-worker-5] INFO  com.intuit.karate - [print] Kaderrichtlijn Water - Stroomgebieddistricten Nederland EU2015
20:14:53.916 [ForkJoinPool-1-worker-5] INFO  com.intuit.karate - [print] [
  "https://www.nationaalgeoregister.nl/geonetwork/srv/dut/catalog.search#/metadata/10f9ec6-4464-462e-9765-83d90cefbeab",
  "http://rdfdata.eionet.europa.eu/inspirethemes/themes/24",
  "https://ngr.geocat.live/geonetwork/srv/eng/thesaurus.download?ref=external.theme.httpinspireeceuropaeumetadatacodelistPrioritydataset-Prioritydataset",
  "urn:ogc:def:crs:EPSG::5709"
]

20:14:53.920 [ForkJoinPool-1-worker-3] INFO  com.intuit.karate - [print]
20:14:53.943 [ForkJoinPool-1-worker-3] INFO  com.intuit.karate - [print] testing xlinkurl:https://www.nationaalgeoregister.nl/geonetwork/srv/dut/catalog.search#/metadata/2e31680f-68b5-4ff3-94a4-9c24109ffd5e
20:14:53.949 [ForkJoinPool-1-worker-5] INFO  com.intuit.karate - [print]
20:14:53.949 [ForkJoinPool-1-worker-5] INFO  com.intuit.karate - [print] testing xlinkurl:https://www.nationaalgeoregister.nl/geonetwork/srv/dut/catalog.search#/metadata/10f9ec6-4464-462e-9765-83d90cefbeab
20:14:53.966 [ForkJoinPool-1-worker-27] ERROR com.intuit.karate - status code was: 404, expected: 200, response time: 199, url: http://rdfdata.eionet.europa.eu/inspirethemes/themes/25, response: 
20:14:53.966 [ForkJoinPool-1-worker-27] ERROR com.intuit.karate - feature call (loop) failed at index: 1
caller: classpath:InspireTest/ngr/datasetrecords/def/checkxlinkurl.template.feature
arg: {"link":"http://rdfdata.eionet.europa.eu/inspirethemes/themes/25"}
checkxlinkurl.template.feature:15 - status code was: 404, expected: 200, response time: 199, url: http://rdfdata.eionet.europa.eu/inspirethemes/themes/25, response: 
20:14:53.967 [ForkJoinPool-1-worker-27] INFO  com.intuit.karate - [print]
20:14:53.967 [ForkJoinPool-1-worker-27] INFO  com.intuit.karate - [print] testing xlinkurl:https://ngr.geocat.live/geonetwork/srv/eng/thesaurus.download?ref=external.theme.httpinspireeceuropaeumetadatacodelistPrioritydataset-Prioritydataset
20:14:54.008 [ForkJoinPool-1-worker-19] ERROR com.intuit.karate - status code was: 404, expected: 200, response time: 201, url: http://rdfdata.eionet.europa.eu/inspirethemes/themes/24, response: 
20:14:54.008 [ForkJoinPool-1-worker-19] ERROR com.intuit.karate - feature call (loop) failed at index: 1
caller: classpath:InspireTest/ngr/datasetrecords/def/checkxlinkurl.template.feature
arg: {"link":"http://rdfdata.eionet.europa.eu/inspirethemes/themes/24"}
checkxlinkurl.template.feature:15 - status code was: 404, expected: 200, response time: 201, url: http://rdfdata.eionet.europa.eu/inspirethemes/themes/24, response: 
20:14:54.009 [ForkJoinPool-1-worker-19] INFO  com.intuit.karate - [print]
20:14:54.009 [ForkJoinPool-1-worker-19] INFO  com.intuit.karate - [print] testing xlinkurl:https://ngr.geocat.live/geonetwork/srv/eng/thesaurus.download?ref=external.theme.httpinspireeceuropaeumetadatacodelistPrioritydataset-Prioritydataset
20:14:54.088 [ForkJoinPool-1-worker-17] ERROR com.intuit.karate - status code was: 404, expected: 200, response time: 200, url: http://rdfdata.eionet.europa.eu/inspirethemes/themes/7, response: 
20:14:54.088 [ForkJoinPool-1-worker-17] ERROR com.intuit.karate - feature call (loop) failed at index: 1
caller: classpath:InspireTest/ngr/datasetrecords/def/checkxlinkurl.template.feature
arg: {"link":"http://rdfdata.eionet.europa.eu/inspirethemes/themes/7"}
checkxlinkurl.template.feature:15 - status code was: 404, expected: 200, response time: 200, url: http://rdfdata.eionet.europa.eu/inspirethemes/themes/7, response: 
20:14:54.090 [ForkJoinPool-1-worker-17] INFO  com.intuit.karate - [print]
20:14:54.090 [ForkJoinPool-1-worker-17] INFO  com.intuit.karate - [print] testing xlinkurl:http://rdfdata.eionet.europa.eu/inspirethemes/themes/18
20:14:54.150 [ForkJoinPool-1-worker-13] INFO  com.intuit.karate - [print] title:Nationaal Hydrologisch Instrumentarium (NHI) - netwerkschematisatie
20:14:54.151 [ForkJoinPool-1-worker-13] INFO  com.intuit.karate - [print] Nationaal Hydrologisch Instrumentarium (NHI) - netwerkschematisatie
20:14:54.153 [ForkJoinPool-1-worker-13] INFO  com.intuit.karate - [print] [
  "https://www.nationaalgeoregister.nl/geonetwork/srv/dut/catalog.search#/metadata/710c381c-ab2d-45d5-a45d-af2eba811e5f",
  "http://rdfdata.eionet.europa.eu/inspirethemes/themes/8",
  "urn:ogc:def:crs:EPSG::5709"
]

20:14:54.162 [ForkJoinPool-1-worker-13] INFO  com.intuit.karate - [print]
20:14:54.162 [ForkJoinPool-1-worker-13] INFO  com.intuit.karate - [print] testing xlinkurl:https://www.nationaalgeoregister.nl/geonetwork/srv/dut/catalog.search#/metadata/710c381c-ab2d-45d5-a45d-af2eba811e5f
20:14:54.209 [ForkJoinPool-1-worker-21] ERROR com.intuit.karate - status code was: 500, expected: 200, response time: 316, url: https://ngr.geocat.live/geonetwork/srv/eng/thesaurus.download?ref=external.theme.httpinspireeceuropaeumetadatacodelistPrioritydataset-Prioritydataset, response: 
20:14:54.209 [ForkJoinPool-1-worker-21] ERROR com.intuit.karate - feature call (loop) failed at index: 2
caller: classpath:InspireTest/ngr/datasetrecords/def/checkxlinkurl.template.feature
arg: {"link":"https://ngr.geocat.live/geonetwork/srv/eng/thesaurus.download?ref=external.theme.httpinspireeceuropaeumetadatacodelistPrioritydataset-Prioritydataset"}
checkxlinkurl.template.feature:15 - status code was: 500, expected: 200, response time: 316, url: https://ngr.geocat.live/geonetwork/srv/eng/thesaurus.download?ref=external.theme.httpinspireeceuropaeumetadatacodelistPrioritydataset-Prioritydataset, response: 
20:14:54.234 [ForkJoinPool-1-worker-9] INFO  com.intuit.karate - [print] title:Kaderrichtlijn Water - Register Beschermd Gebied - Schelpdierwater 2008
20:14:54.234 [ForkJoinPool-1-worker-9] INFO  com.intuit.karate - [print] Kaderrichtlijn Water - Register Beschermd Gebied - Schelpdierwater 2008
20:14:54.236 [ForkJoinPool-1-worker-9] INFO  com.intuit.karate - [print] [
  "https://www.nationaalgeoregister.nl/geonetwork/srv/dut/catalog.search#/metadata/4783ea4f-6b8c-4600-8af0-516f3556cfe9",
  "http://rdfdata.eionet.europa.eu/inspirethemes/themes/24",
  "",
  "",
  "",
  "urn:ogc:def:crs:EPSG::5709"
]

20:14:54.241 [ForkJoinPool-1-worker-9] INFO  com.intuit.karate - [print]
20:14:54.241 [ForkJoinPool-1-worker-9] INFO  com.intuit.karate - [print] testing xlinkurl:https://www.nationaalgeoregister.nl/geonetwork/srv/dut/catalog.search#/metadata/4783ea4f-6b8c-4600-8af0-516f3556cfe9
20:14:54.254 [ForkJoinPool-1-worker-3] INFO  com.intuit.karate - [print]
20:14:54.255 [ForkJoinPool-1-worker-3] INFO  com.intuit.karate - [print] testing xlinkurl:http://rdfdata.eionet.europa.eu/inspirethemes/themes/24
20:14:54.293 [ForkJoinPool-1-worker-17] ERROR com.intuit.karate - status code was: 404, expected: 200, response time: 199, url: http://rdfdata.eionet.europa.eu/inspirethemes/themes/18, response: 
20:14:54.293 [ForkJoinPool-1-worker-17] ERROR com.intuit.karate - feature call (loop) failed at index: 2
caller: classpath:InspireTest/ngr/datasetrecords/def/checkxlinkurl.template.feature
arg: {"link":"http://rdfdata.eionet.europa.eu/inspirethemes/themes/18"}
checkxlinkurl.template.feature:15 - status code was: 404, expected: 200, response time: 199, url: http://rdfdata.eionet.europa.eu/inspirethemes/themes/18, response: 
20:14:54.294 [ForkJoinPool-1-worker-17] INFO  com.intuit.karate - [print]
20:14:54.294 [ForkJoinPool-1-worker-17] INFO  com.intuit.karate - [print] testing xlinkurl:https://ngr.geocat.live/geonetwork/srv/eng/thesaurus.download?ref=external.theme.httpinspireeceuropaeumetadatacodelistPrioritydataset-Prioritydataset
20:14:54.310 [ForkJoinPool-1-worker-27] ERROR com.intuit.karate - status code was: 500, expected: 200, response time: 342, url: https://ngr.geocat.live/geonetwork/srv/eng/thesaurus.download?ref=external.theme.httpinspireeceuropaeumetadatacodelistPrioritydataset-Prioritydataset, response: 
20:14:54.310 [ForkJoinPool-1-worker-27] ERROR com.intuit.karate - feature call (loop) failed at index: 2
caller: classpath:InspireTest/ngr/datasetrecords/def/checkxlinkurl.template.feature
arg: {"link":"https://ngr.geocat.live/geonetwork/srv/eng/thesaurus.download?ref=external.theme.httpinspireeceuropaeumetadatacodelistPrioritydataset-Prioritydataset"}
checkxlinkurl.template.feature:15 - status code was: 500, expected: 200, response time: 342, url: https://ngr.geocat.live/geonetwork/srv/eng/thesaurus.download?ref=external.theme.httpinspireeceuropaeumetadatacodelistPrioritydataset-Prioritydataset, response: 
20:14:54.312 [ForkJoinPool-1-worker-27] INFO  com.intuit.karate - [print]
20:14:54.312 [ForkJoinPool-1-worker-27] INFO  com.intuit.karate - [print] testing xlinkurl:urn:ogc:def:crs:EPSG::5709
20:14:54.312 [ForkJoinPool-1-worker-27] ERROR com.intuit.karate - org.apache.http.client.ClientProtocolException: URI does not specify a valid host name: urn:ogc:def:crs:EPSG::5709, http call failed after 0 milliseconds for URL: urn:ogc:def:crs:EPSG::5709
20:14:54.313 [ForkJoinPool-1-worker-27] ERROR com.intuit.karate - http request failed: 
org.apache.http.client.ClientProtocolException: URI does not specify a valid host name: urn:ogc:def:crs:EPSG::5709
20:14:54.314 [ForkJoinPool-1-worker-27] ERROR com.intuit.karate - feature call (loop) failed at index: 3
caller: classpath:InspireTest/ngr/datasetrecords/def/checkxlinkurl.template.feature
arg: {"link":"urn:ogc:def:crs:EPSG::5709"}
checkxlinkurl.template.feature:14 - 
org.apache.http.client.ClientProtocolException: URI does not specify a valid host name: urn:ogc:def:crs:EPSG::5709
20:14:54.318 [ForkJoinPool-1-worker-5] INFO  com.intuit.karate - [print]
20:14:54.319 [ForkJoinPool-1-worker-5] INFO  com.intuit.karate - [print] testing xlinkurl:http://rdfdata.eionet.europa.eu/inspirethemes/themes/24
20:14:54.340 [ForkJoinPool-1-worker-19] ERROR com.intuit.karate - status code was: 500, expected: 200, response time: 331, url: https://ngr.geocat.live/geonetwork/srv/eng/thesaurus.download?ref=external.theme.httpinspireeceuropaeumetadatacodelistPrioritydataset-Prioritydataset, response: 
20:14:54.340 [ForkJoinPool-1-worker-19] ERROR com.intuit.karate - feature call (loop) failed at index: 2
caller: classpath:InspireTest/ngr/datasetrecords/def/checkxlinkurl.template.feature
arg: {"link":"https://ngr.geocat.live/geonetwork/srv/eng/thesaurus.download?ref=external.theme.httpinspireeceuropaeumetadatacodelistPrioritydataset-Prioritydataset"}
checkxlinkurl.template.feature:15 - status code was: 500, expected: 200, response time: 331, url: https://ngr.geocat.live/geonetwork/srv/eng/thesaurus.download?ref=external.theme.httpinspireeceuropaeumetadatacodelistPrioritydataset-Prioritydataset, response: 
20:14:54.341 [ForkJoinPool-1-worker-19] INFO  com.intuit.karate - [print]
20:14:54.341 [ForkJoinPool-1-worker-19] INFO  com.intuit.karate - [print] testing xlinkurl:urn:ogc:def:crs:EPSG::5709
20:14:54.341 [ForkJoinPool-1-worker-19] ERROR com.intuit.karate - org.apache.http.client.ClientProtocolException: URI does not specify a valid host name: urn:ogc:def:crs:EPSG::5709, http call failed after 0 milliseconds for URL: urn:ogc:def:crs:EPSG::5709
20:14:54.341 [ForkJoinPool-1-worker-19] ERROR com.intuit.karate - http request failed: 
org.apache.http.client.ClientProtocolException: URI does not specify a valid host name: urn:ogc:def:crs:EPSG::5709
20:14:54.341 [ForkJoinPool-1-worker-19] ERROR com.intuit.karate - feature call (loop) failed at index: 3
caller: classpath:InspireTest/ngr/datasetrecords/def/checkxlinkurl.template.feature
arg: {"link":"urn:ogc:def:crs:EPSG::5709"}
checkxlinkurl.template.feature:14 - 
org.apache.http.client.ClientProtocolException: URI does not specify a valid host name: urn:ogc:def:crs:EPSG::5709
20:14:54.395 [ForkJoinPool-1-worker-31] INFO  com.intuit.karate - [print] title:Vervoersnetwerken - Waterwegen (INSPIRE geharmoniseerd) - WT
20:14:54.396 [ForkJoinPool-1-worker-31] INFO  com.intuit.karate - [print] Vervoersnetwerken - Waterwegen (INSPIRE geharmoniseerd) - WT
20:14:54.398 [ForkJoinPool-1-worker-31] INFO  com.intuit.karate - [print] [
  "https://www.nationaalgeoregister.nl/geonetwork/srv/dut/catalog.search#/metadata/eu-2c7040b-c448-451b-bf15-f2416ecaadd1",
  "http://rdfdata.eionet.europa.eu/inspirethemes/themes/7",
  "urn:ogc:def:crs:EPSG::5709"
]

20:14:54.407 [ForkJoinPool-1-worker-31] INFO  com.intuit.karate - [print]
20:14:54.407 [ForkJoinPool-1-worker-31] INFO  com.intuit.karate - [print] testing xlinkurl:https://www.nationaalgeoregister.nl/geonetwork/srv/dut/catalog.search#/metadata/eu-2c7040b-c448-451b-bf15-f2416ecaadd1
20:14:54.455 [ForkJoinPool-1-worker-3] ERROR com.intuit.karate - status code was: 404, expected: 200, response time: 200, url: http://rdfdata.eionet.europa.eu/inspirethemes/themes/24, response: 
20:14:54.456 [ForkJoinPool-1-worker-3] ERROR com.intuit.karate - feature call (loop) failed at index: 1
caller: classpath:InspireTest/ngr/datasetrecords/def/checkxlinkurl.template.feature
arg: {"link":"http://rdfdata.eionet.europa.eu/inspirethemes/themes/24"}
checkxlinkurl.template.feature:15 - status code was: 404, expected: 200, response time: 200, url: http://rdfdata.eionet.europa.eu/inspirethemes/themes/24, response: 
20:14:54.457 [ForkJoinPool-1-worker-3] INFO  com.intuit.karate - [print]
20:14:54.457 [ForkJoinPool-1-worker-3] INFO  com.intuit.karate - [print] testing xlinkurl:https://ngr.geocat.live/geonetwork/srv/eng/thesaurus.download?ref=external.theme.httpinspireeceuropaeumetadatacodelistPrioritydataset-Prioritydataset
20:14:54.476 [ForkJoinPool-1-worker-13] INFO  com.intuit.karate - [print]
20:14:54.476 [ForkJoinPool-1-worker-13] INFO  com.intuit.karate - [print] testing xlinkurl:http://rdfdata.eionet.europa.eu/inspirethemes/themes/8
20:14:54.519 [ForkJoinPool-1-worker-5] ERROR com.intuit.karate - status code was: 404, expected: 200, response time: 200, url: http://rdfdata.eionet.europa.eu/inspirethemes/themes/24, response: 
20:14:54.519 [ForkJoinPool-1-worker-5] ERROR com.intuit.karate - feature call (loop) failed at index: 1
caller: classpath:InspireTest/ngr/datasetrecords/def/checkxlinkurl.template.feature
arg: {"link":"http://rdfdata.eionet.europa.eu/inspirethemes/themes/24"}
checkxlinkurl.template.feature:15 - status code was: 404, expected: 200, response time: 200, url: http://rdfdata.eionet.europa.eu/inspirethemes/themes/24, response: 
20:14:54.520 [ForkJoinPool-1-worker-5] INFO  com.intuit.karate - [print]
20:14:54.520 [ForkJoinPool-1-worker-5] INFO  com.intuit.karate - [print] testing xlinkurl:https://ngr.geocat.live/geonetwork/srv/eng/thesaurus.download?ref=external.theme.httpinspireeceuropaeumetadatacodelistPrioritydataset-Prioritydataset
20:14:54.557 [ForkJoinPool-1-worker-9] INFO  com.intuit.karate - [print]
20:14:54.558 [ForkJoinPool-1-worker-9] INFO  com.intuit.karate - [print] testing xlinkurl:http://rdfdata.eionet.europa.eu/inspirethemes/themes/24
20:14:54.643 [ForkJoinPool-1-worker-17] ERROR com.intuit.karate - status code was: 500, expected: 200, response time: 349, url: https://ngr.geocat.live/geonetwork/srv/eng/thesaurus.download?ref=external.theme.httpinspireeceuropaeumetadatacodelistPrioritydataset-Prioritydataset, response: 
20:14:54.644 [ForkJoinPool-1-worker-17] ERROR com.intuit.karate - feature call (loop) failed at index: 3
caller: classpath:InspireTest/ngr/datasetrecords/def/checkxlinkurl.template.feature
arg: {"link":"https://ngr.geocat.live/geonetwork/srv/eng/thesaurus.download?ref=external.theme.httpinspireeceuropaeumetadatacodelistPrioritydataset-Prioritydataset"}
checkxlinkurl.template.feature:15 - status code was: 500, expected: 200, response time: 349, url: https://ngr.geocat.live/geonetwork/srv/eng/thesaurus.download?ref=external.theme.httpinspireeceuropaeumetadatacodelistPrioritydataset-Prioritydataset, response: 
20:14:54.645 [ForkJoinPool-1-worker-17] INFO  com.intuit.karate - [print]
20:14:54.645 [ForkJoinPool-1-worker-17] INFO  com.intuit.karate - [print] testing xlinkurl:urn:ogc:def:crs:EPSG::5709
20:14:54.645 [ForkJoinPool-1-worker-17] ERROR com.intuit.karate - org.apache.http.client.ClientProtocolException: URI does not specify a valid host name: urn:ogc:def:crs:EPSG::5709, http call failed after 0 milliseconds for URL: urn:ogc:def:crs:EPSG::5709
20:14:54.648 [ForkJoinPool-1-worker-17] ERROR com.intuit.karate - http request failed: 
org.apache.http.client.ClientProtocolException: URI does not specify a valid host name: urn:ogc:def:crs:EPSG::5709
20:14:54.648 [ForkJoinPool-1-worker-17] ERROR com.intuit.karate - feature call (loop) failed at index: 4
caller: classpath:InspireTest/ngr/datasetrecords/def/checkxlinkurl.template.feature
arg: {"link":"urn:ogc:def:crs:EPSG::5709"}
checkxlinkurl.template.feature:14 - 
org.apache.http.client.ClientProtocolException: URI does not specify a valid host name: urn:ogc:def:crs:EPSG::5709
20:14:54.677 [ForkJoinPool-1-worker-13] ERROR com.intuit.karate - status code was: 404, expected: 200, response time: 200, url: http://rdfdata.eionet.europa.eu/inspirethemes/themes/8, response: 
20:14:54.677 [ForkJoinPool-1-worker-13] ERROR com.intuit.karate - feature call (loop) failed at index: 1
caller: classpath:InspireTest/ngr/datasetrecords/def/checkxlinkurl.template.feature
arg: {"link":"http://rdfdata.eionet.europa.eu/inspirethemes/themes/8"}
checkxlinkurl.template.feature:15 - status code was: 404, expected: 200, response time: 200, url: http://rdfdata.eionet.europa.eu/inspirethemes/themes/8, response: 
20:14:54.678 [ForkJoinPool-1-worker-13] INFO  com.intuit.karate - [print]
20:14:54.678 [ForkJoinPool-1-worker-13] INFO  com.intuit.karate - [print] testing xlinkurl:urn:ogc:def:crs:EPSG::5709
20:14:54.678 [ForkJoinPool-1-worker-13] ERROR com.intuit.karate - org.apache.http.client.ClientProtocolException: URI does not specify a valid host name: urn:ogc:def:crs:EPSG::5709, http call failed after 0 milliseconds for URL: urn:ogc:def:crs:EPSG::5709
20:14:54.679 [ForkJoinPool-1-worker-13] ERROR com.intuit.karate - http request failed: 
org.apache.http.client.ClientProtocolException: URI does not specify a valid host name: urn:ogc:def:crs:EPSG::5709
20:14:54.679 [ForkJoinPool-1-worker-13] ERROR com.intuit.karate - feature call (loop) failed at index: 2
caller: classpath:InspireTest/ngr/datasetrecords/def/checkxlinkurl.template.feature
arg: {"link":"urn:ogc:def:crs:EPSG::5709"}
checkxlinkurl.template.feature:14 - 
org.apache.http.client.ClientProtocolException: URI does not specify a valid host name: urn:ogc:def:crs:EPSG::5709
20:14:54.722 [ForkJoinPool-1-worker-31] INFO  com.intuit.karate - [print]
20:14:54.722 [ForkJoinPool-1-worker-31] INFO  com.intuit.karate - [print] testing xlinkurl:http://rdfdata.eionet.europa.eu/inspirethemes/themes/7
20:14:54.758 [ForkJoinPool-1-worker-9] ERROR com.intuit.karate - status code was: 404, expected: 200, response time: 199, url: http://rdfdata.eionet.europa.eu/inspirethemes/themes/24, response: 
20:14:54.758 [ForkJoinPool-1-worker-9] ERROR com.intuit.karate - feature call (loop) failed at index: 1
caller: classpath:InspireTest/ngr/datasetrecords/def/checkxlinkurl.template.feature
arg: {"link":"http://rdfdata.eionet.europa.eu/inspirethemes/themes/24"}
checkxlinkurl.template.feature:15 - status code was: 404, expected: 200, response time: 199, url: http://rdfdata.eionet.europa.eu/inspirethemes/themes/24, response: 
20:14:54.758 [ForkJoinPool-1-worker-9] INFO  com.intuit.karate - [print]
20:14:54.758 [ForkJoinPool-1-worker-9] INFO  com.intuit.karate - [print] testing xlinkurl:
20:14:54.759 [ForkJoinPool-1-worker-9] ERROR com.intuit.karate - org.apache.http.client.ClientProtocolException, http call failed after 0 milliseconds for URL: 
20:14:54.759 [ForkJoinPool-1-worker-9] ERROR com.intuit.karate - http request failed: 
org.apache.http.client.ClientProtocolException
20:14:54.759 [ForkJoinPool-1-worker-9] ERROR com.intuit.karate - feature call (loop) failed at index: 2
caller: classpath:InspireTest/ngr/datasetrecords/def/checkxlinkurl.template.feature
arg: {"link":""}
checkxlinkurl.template.feature:14 - 
org.apache.http.client.ClientProtocolException
20:14:54.759 [ForkJoinPool-1-worker-9] INFO  com.intuit.karate - [print]
20:14:54.760 [ForkJoinPool-1-worker-9] INFO  com.intuit.karate - [print] testing xlinkurl:
20:14:54.760 [ForkJoinPool-1-worker-9] ERROR com.intuit.karate - org.apache.http.client.ClientProtocolException, http call failed after 0 milliseconds for URL: 
20:14:54.760 [ForkJoinPool-1-worker-9] ERROR com.intuit.karate - http request failed: 
org.apache.http.client.ClientProtocolException
20:14:54.760 [ForkJoinPool-1-worker-9] ERROR com.intuit.karate - feature call (loop) failed at index: 3
caller: classpath:InspireTest/ngr/datasetrecords/def/checkxlinkurl.template.feature
arg: {"link":""}
checkxlinkurl.template.feature:14 - 
org.apache.http.client.ClientProtocolException
20:14:54.761 [ForkJoinPool-1-worker-9] INFO  com.intuit.karate - [print]
20:14:54.761 [ForkJoinPool-1-worker-9] INFO  com.intuit.karate - [print] testing xlinkurl:
20:14:54.761 [ForkJoinPool-1-worker-9] ERROR com.intuit.karate - org.apache.http.client.ClientProtocolException, http call failed after 0 milliseconds for URL: 
20:14:54.761 [ForkJoinPool-1-worker-9] ERROR com.intuit.karate - http request failed: 
org.apache.http.client.ClientProtocolException
20:14:54.761 [ForkJoinPool-1-worker-9] ERROR com.intuit.karate - feature call (loop) failed at index: 4
caller: classpath:InspireTest/ngr/datasetrecords/def/checkxlinkurl.template.feature
arg: {"link":""}
checkxlinkurl.template.feature:14 - 
org.apache.http.client.ClientProtocolException
20:14:54.762 [ForkJoinPool-1-worker-9] INFO  com.intuit.karate - [print]
20:14:54.762 [ForkJoinPool-1-worker-9] INFO  com.intuit.karate - [print] testing xlinkurl:urn:ogc:def:crs:EPSG::5709
20:14:54.762 [ForkJoinPool-1-worker-9] ERROR com.intuit.karate - org.apache.http.client.ClientProtocolException: URI does not specify a valid host name: urn:ogc:def:crs:EPSG::5709, http call failed after 0 milliseconds for URL: urn:ogc:def:crs:EPSG::5709
20:14:54.763 [ForkJoinPool-1-worker-9] ERROR com.intuit.karate - http request failed: 
org.apache.http.client.ClientProtocolException: URI does not specify a valid host name: urn:ogc:def:crs:EPSG::5709
20:14:54.763 [ForkJoinPool-1-worker-9] ERROR com.intuit.karate - feature call (loop) failed at index: 5
caller: classpath:InspireTest/ngr/datasetrecords/def/checkxlinkurl.template.feature
arg: {"link":"urn:ogc:def:crs:EPSG::5709"}
checkxlinkurl.template.feature:14 - 
org.apache.http.client.ClientProtocolException: URI does not specify a valid host name: urn:ogc:def:crs:EPSG::5709
20:14:54.776 [ForkJoinPool-1-worker-3] ERROR com.intuit.karate - status code was: 500, expected: 200, response time: 319, url: https://ngr.geocat.live/geonetwork/srv/eng/thesaurus.download?ref=external.theme.httpinspireeceuropaeumetadatacodelistPrioritydataset-Prioritydataset, response: 
20:14:54.776 [ForkJoinPool-1-worker-3] ERROR com.intuit.karate - feature call (loop) failed at index: 2
caller: classpath:InspireTest/ngr/datasetrecords/def/checkxlinkurl.template.feature
arg: {"link":"https://ngr.geocat.live/geonetwork/srv/eng/thesaurus.download?ref=external.theme.httpinspireeceuropaeumetadatacodelistPrioritydataset-Prioritydataset"}
checkxlinkurl.template.feature:15 - status code was: 500, expected: 200, response time: 319, url: https://ngr.geocat.live/geonetwork/srv/eng/thesaurus.download?ref=external.theme.httpinspireeceuropaeumetadatacodelistPrioritydataset-Prioritydataset, response: 
20:14:54.777 [ForkJoinPool-1-worker-3] INFO  com.intuit.karate - [print]
20:14:54.777 [ForkJoinPool-1-worker-3] INFO  com.intuit.karate - [print] testing xlinkurl:urn:ogc:def:crs:EPSG::5709
20:14:54.777 [ForkJoinPool-1-worker-3] ERROR com.intuit.karate - org.apache.http.client.ClientProtocolException: URI does not specify a valid host name: urn:ogc:def:crs:EPSG::5709, http call failed after 0 milliseconds for URL: urn:ogc:def:crs:EPSG::5709
20:14:54.777 [ForkJoinPool-1-worker-3] ERROR com.intuit.karate - http request failed: 
org.apache.http.client.ClientProtocolException: URI does not specify a valid host name: urn:ogc:def:crs:EPSG::5709
20:14:54.778 [ForkJoinPool-1-worker-3] ERROR com.intuit.karate - feature call (loop) failed at index: 3
caller: classpath:InspireTest/ngr/datasetrecords/def/checkxlinkurl.template.feature
arg: {"link":"urn:ogc:def:crs:EPSG::5709"}
checkxlinkurl.template.feature:14 - 
org.apache.http.client.ClientProtocolException: URI does not specify a valid host name: urn:ogc:def:crs:EPSG::5709
20:14:54.817 [ForkJoinPool-1-worker-21] INFO  com.intuit.karate - [print] title:Vervoersnetwerken - Wegen (INSPIRE geharmoniseerd) - RWS
20:14:54.818 [ForkJoinPool-1-worker-21] INFO  com.intuit.karate - [print] Vervoersnetwerken - Wegen (INSPIRE geharmoniseerd) - RWS
20:14:54.820 [ForkJoinPool-1-worker-21] INFO  com.intuit.karate - [print] [
  "https://www.nationaalgeoregister.nl/geonetwork/srv/dut/catalog.search#/metadata/eu-cb527d-f6db-4835-b0cd-deb245241254",
  "http://rdfdata.eionet.europa.eu/inspirethemes/themes/7",
  "http://inspire.ec.europa.eu/metadata-codelist/Prioritydataset/SurfaceWaterBodies-dir-2000-60",
  "https://ngr.geocat.live/geonetwork/srv/eng/thesaurus.download?ref=external.theme.httpinspireeceuropaeumetadatacodelistPrioritydataset-Prioritydataset"
]

20:14:54.825 [ForkJoinPool-1-worker-21] INFO  com.intuit.karate - [print]
20:14:54.826 [ForkJoinPool-1-worker-21] INFO  com.intuit.karate - [print] testing xlinkurl:https://www.nationaalgeoregister.nl/geonetwork/srv/dut/catalog.search#/metadata/eu-cb527d-f6db-4835-b0cd-deb245241254
20:14:54.857 [ForkJoinPool-1-worker-5] ERROR com.intuit.karate - status code was: 500, expected: 200, response time: 336, url: https://ngr.geocat.live/geonetwork/srv/eng/thesaurus.download?ref=external.theme.httpinspireeceuropaeumetadatacodelistPrioritydataset-Prioritydataset, response: 
20:14:54.857 [ForkJoinPool-1-worker-5] ERROR com.intuit.karate - feature call (loop) failed at index: 2
caller: classpath:InspireTest/ngr/datasetrecords/def/checkxlinkurl.template.feature
arg: {"link":"https://ngr.geocat.live/geonetwork/srv/eng/thesaurus.download?ref=external.theme.httpinspireeceuropaeumetadatacodelistPrioritydataset-Prioritydataset"}
checkxlinkurl.template.feature:15 - status code was: 500, expected: 200, response time: 336, url: https://ngr.geocat.live/geonetwork/srv/eng/thesaurus.download?ref=external.theme.httpinspireeceuropaeumetadatacodelistPrioritydataset-Prioritydataset, response: 
20:14:54.859 [ForkJoinPool-1-worker-5] INFO  com.intuit.karate - [print]
20:14:54.860 [ForkJoinPool-1-worker-5] INFO  com.intuit.karate - [print] testing xlinkurl:urn:ogc:def:crs:EPSG::5709
20:14:54.860 [ForkJoinPool-1-worker-5] ERROR com.intuit.karate - org.apache.http.client.ClientProtocolException: URI does not specify a valid host name: urn:ogc:def:crs:EPSG::5709, http call failed after 0 milliseconds for URL: urn:ogc:def:crs:EPSG::5709
20:14:54.860 [ForkJoinPool-1-worker-5] ERROR com.intuit.karate - http request failed: 
org.apache.http.client.ClientProtocolException: URI does not specify a valid host name: urn:ogc:def:crs:EPSG::5709
20:14:54.860 [ForkJoinPool-1-worker-5] ERROR com.intuit.karate - feature call (loop) failed at index: 3
caller: classpath:InspireTest/ngr/datasetrecords/def/checkxlinkurl.template.feature
arg: {"link":"urn:ogc:def:crs:EPSG::5709"}
checkxlinkurl.template.feature:14 - 
org.apache.http.client.ClientProtocolException: URI does not specify a valid host name: urn:ogc:def:crs:EPSG::5709
20:14:54.901 [ForkJoinPool-1-worker-27] INFO  com.intuit.karate - [print] title:Vaarwegmarkeringen Nederland
20:14:54.901 [ForkJoinPool-1-worker-27] INFO  com.intuit.karate - [print] Vaarwegmarkeringen Nederland
20:14:54.904 [ForkJoinPool-1-worker-27] INFO  com.intuit.karate - [print] [
  "https://www.nationaalgeoregister.nl/geonetwork/srv/dut/catalog.search#/metadata/be1b1514-8d1f-48e1-9624-fee9b784138b",
  "http://rdfdata.eionet.europa.eu/inspirethemes/themes/7",
  "urn:ogc:def:crs:EPSG::5709"
]

20:14:54.910 [ForkJoinPool-1-worker-27] INFO  com.intuit.karate - [print]
20:14:54.910 [ForkJoinPool-1-worker-27] INFO  com.intuit.karate - [print] testing xlinkurl:https://www.nationaalgeoregister.nl/geonetwork/srv/dut/catalog.search#/metadata/be1b1514-8d1f-48e1-9624-fee9b784138b
20:14:54.923 [ForkJoinPool-1-worker-31] ERROR com.intuit.karate - status code was: 404, expected: 200, response time: 200, url: http://rdfdata.eionet.europa.eu/inspirethemes/themes/7, response: 
20:14:54.923 [ForkJoinPool-1-worker-31] ERROR com.intuit.karate - feature call (loop) failed at index: 1
caller: classpath:InspireTest/ngr/datasetrecords/def/checkxlinkurl.template.feature
arg: {"link":"http://rdfdata.eionet.europa.eu/inspirethemes/themes/7"}
checkxlinkurl.template.feature:15 - status code was: 404, expected: 200, response time: 200, url: http://rdfdata.eionet.europa.eu/inspirethemes/themes/7, response: 
20:14:54.924 [ForkJoinPool-1-worker-31] INFO  com.intuit.karate - [print]
20:14:54.924 [ForkJoinPool-1-worker-31] INFO  com.intuit.karate - [print] testing xlinkurl:urn:ogc:def:crs:EPSG::5709
20:14:54.925 [ForkJoinPool-1-worker-31] ERROR com.intuit.karate - org.apache.http.client.ClientProtocolException: URI does not specify a valid host name: urn:ogc:def:crs:EPSG::5709, http call failed after 0 milliseconds for URL: urn:ogc:def:crs:EPSG::5709
20:14:54.925 [ForkJoinPool-1-worker-31] ERROR com.intuit.karate - http request failed: 
org.apache.http.client.ClientProtocolException: URI does not specify a valid host name: urn:ogc:def:crs:EPSG::5709
20:14:54.925 [ForkJoinPool-1-worker-31] ERROR com.intuit.karate - feature call (loop) failed at index: 2
caller: classpath:InspireTest/ngr/datasetrecords/def/checkxlinkurl.template.feature
arg: {"link":"urn:ogc:def:crs:EPSG::5709"}
checkxlinkurl.template.feature:14 - 
org.apache.http.client.ClientProtocolException: URI does not specify a valid host name: urn:ogc:def:crs:EPSG::5709
20:14:55.018 [ForkJoinPool-1-worker-19] INFO  com.intuit.karate - [print] title:Geografische Namen (INSPIRE geharmoniseerd)
20:14:55.018 [ForkJoinPool-1-worker-19] INFO  com.intuit.karate - [print] Geografische Namen (INSPIRE geharmoniseerd)
20:14:55.020 [ForkJoinPool-1-worker-19] INFO  com.intuit.karate - [print] [
  "http://kadaster/3bf3f7f3-8ac9-4203-bb95-2c932d5f0f3e"
]

20:14:55.029 [ForkJoinPool-1-worker-19] INFO  com.intuit.karate - [print]
20:14:55.029 [ForkJoinPool-1-worker-19] INFO  com.intuit.karate - [print] testing xlinkurl:http://kadaster/3bf3f7f3-8ac9-4203-bb95-2c932d5f0f3e
20:14:55.042 [ForkJoinPool-1-worker-19] ERROR com.intuit.karate - java.net.UnknownHostException: kadaster: Temporary failure in name resolution, http call failed after 12 milliseconds for URL: http://kadaster/3bf3f7f3-8ac9-4203-bb95-2c932d5f0f3e
20:14:55.043 [ForkJoinPool-1-worker-19] ERROR com.intuit.karate - http request failed: 
java.net.UnknownHostException: kadaster: Temporary failure in name resolution
20:14:55.043 [ForkJoinPool-1-worker-19] ERROR com.intuit.karate - feature call (loop) failed at index: 0
caller: classpath:InspireTest/ngr/datasetrecords/def/checkxlinkurl.template.feature
arg: {"link":"http://kadaster/3bf3f7f3-8ac9-4203-bb95-2c932d5f0f3e"}
checkxlinkurl.template.feature:14 - 
java.net.UnknownHostException: kadaster: Temporary failure in name resolution
20:14:55.162 [ForkJoinPool-1-worker-21] INFO  com.intuit.karate - [print]
20:14:55.163 [ForkJoinPool-1-worker-21] INFO  com.intuit.karate - [print] testing xlinkurl:http://rdfdata.eionet.europa.eu/inspirethemes/themes/7
20:14:55.265 [ForkJoinPool-1-worker-27] INFO  com.intuit.karate - [print]
20:14:55.272 [ForkJoinPool-1-worker-27] INFO  com.intuit.karate - [print] testing xlinkurl:http://rdfdata.eionet.europa.eu/inspirethemes/themes/7
20:14:55.271 [ForkJoinPool-1-worker-5] INFO  com.intuit.karate - [print] title:Bronbestanden waterkwaliteit
20:14:55.273 [ForkJoinPool-1-worker-5] INFO  com.intuit.karate - [print] Bronbestanden waterkwaliteit
20:14:55.301 [ForkJoinPool-1-worker-13] INFO  com.intuit.karate - [print] title:Bodemkundig boormonsterprofiel onder INSPIRE
20:14:55.302 [ForkJoinPool-1-worker-13] INFO  com.intuit.karate - [print] Bodemkundig boormonsterprofiel onder INSPIRE
20:14:55.304 [ForkJoinPool-1-worker-13] INFO  com.intuit.karate - [print] [
  "https://nationaalgeoregister.nl/geonetwork/srv/resourcese26eb6c9-c441-43e8-8db6-aabbf11578fd",
  "http://rdfdata.eionet.europa.eu/inspirethemes/themes/16",
  "http://geonetwork-opensource.org/inspire-theme#",
  "https://www.nationaalgeoregister.nl/geonetwork/srv/eng/thesaurus.download?ref=external.theme.inspire-theme"
]

20:14:55.309 [ForkJoinPool-1-worker-13] INFO  com.intuit.karate - [print]
20:14:55.317 [ForkJoinPool-1-worker-17] INFO  com.intuit.karate - [print] title:Vogelrichtlijn verspreidingsgebied van soorten
20:14:55.324 [ForkJoinPool-1-worker-17] INFO  com.intuit.karate - [print] Vogelrichtlijn verspreidingsgebied van soorten
20:14:55.325 [ForkJoinPool-1-worker-17] INFO  com.intuit.karate - [print] [
  "https://www.nationaalgeoregister.nl/geonetwork/srv/dut/catalog.search#/metadata/cbeaebc3-815a-48af-a978-0e16892865fc",
  "http://standaarden.overheid.nl/owms/terms/Ministerie_van_Landbouw,_Natuur_en_Voedselkwaliteit"
]

20:14:55.339 [ForkJoinPool-1-worker-17] INFO  com.intuit.karate - [print]
20:14:55.339 [ForkJoinPool-1-worker-17] INFO  com.intuit.karate - [print] testing xlinkurl:https://www.nationaalgeoregister.nl/geonetwork/srv/dut/catalog.search#/metadata/cbeaebc3-815a-48af-a978-0e16892865fc
20:14:55.340 [ForkJoinPool-1-worker-13] INFO  com.intuit.karate - [print] testing xlinkurl:https://nationaalgeoregister.nl/geonetwork/srv/resourcese26eb6c9-c441-43e8-8db6-aabbf11578fd
20:14:55.355 [ForkJoinPool-1-worker-9] INFO  com.intuit.karate - [print] title:BRO REGIS II Hydrogeologisch model (HGM)
20:14:55.358 [ForkJoinPool-1-worker-9] INFO  com.intuit.karate - [print] BRO REGIS II Hydrogeologisch model (HGM)
20:14:55.360 [ForkJoinPool-1-worker-9] INFO  com.intuit.karate - [print] [
  "http://www.opengis.net/def/crs/EPSG/0/NAP",
  "https://ngr.acceptatie.nationaalgeoregister.nl/geonetwork/srv/resourcesd72ddff0-2724-11e2-81c1-0800200c9a66"
]

20:14:55.367 [ForkJoinPool-1-worker-9] INFO  com.intuit.karate - [print]
20:14:55.367 [ForkJoinPool-1-worker-9] INFO  com.intuit.karate - [print] testing xlinkurl:http://www.opengis.net/def/crs/EPSG/0/NAP
20:14:55.375 [ForkJoinPool-1-worker-21] ERROR com.intuit.karate - status code was: 404, expected: 200, response time: 211, url: http://rdfdata.eionet.europa.eu/inspirethemes/themes/7, response: 
20:14:55.375 [ForkJoinPool-1-worker-21] ERROR com.intuit.karate - feature call (loop) failed at index: 1
caller: classpath:InspireTest/ngr/datasetrecords/def/checkxlinkurl.template.feature
arg: {"link":"http://rdfdata.eionet.europa.eu/inspirethemes/themes/7"}
checkxlinkurl.template.feature:15 - status code was: 404, expected: 200, response time: 211, url: http://rdfdata.eionet.europa.eu/inspirethemes/themes/7, response: 
20:14:55.376 [ForkJoinPool-1-worker-21] INFO  com.intuit.karate - [print]
20:14:55.376 [ForkJoinPool-1-worker-21] INFO  com.intuit.karate - [print] testing xlinkurl:http://inspire.ec.europa.eu/metadata-codelist/Prioritydataset/SurfaceWaterBodies-dir-2000-60
20:14:55.460 [ForkJoinPool-1-worker-3] INFO  com.intuit.karate - [print] title:BRO Digital Geological Model (DGM)
20:14:55.460 [ForkJoinPool-1-worker-3] INFO  com.intuit.karate - [print] BRO Digital Geological Model (DGM)
20:14:55.462 [ForkJoinPool-1-worker-3] INFO  com.intuit.karate - [print] [
  "https://ngr.acceptatie.nationaalgeoregister.nl/geonetwork/srv/resourcesc7a15080-2724-11e2-81c1-0800200c9a66",
  "http://rdfdata.eionet.europa.eu/inspirethemes/themes/13",
  "http://rdfdata.eionet.europa.eu/inspirethemes/themes/#",
  "https://www.nationaalgeoregister.nl/geonetwork/srv/eng/thesaurus.download?ref=external.theme.inspire-theme"
]

20:14:55.467 [ForkJoinPool-1-worker-3] INFO  com.intuit.karate - [print]
20:14:55.470 [ForkJoinPool-1-worker-3] INFO  com.intuit.karate - [print] testing xlinkurl:https://ngr.acceptatie.nationaalgeoregister.nl/geonetwork/srv/resourcesc7a15080-2724-11e2-81c1-0800200c9a66
20:14:55.474 [ForkJoinPool-1-worker-27] ERROR com.intuit.karate - status code was: 404, expected: 200, response time: 199, url: http://rdfdata.eionet.europa.eu/inspirethemes/themes/7, response: 
20:14:55.474 [ForkJoinPool-1-worker-27] ERROR com.intuit.karate - feature call (loop) failed at index: 1
caller: classpath:InspireTest/ngr/datasetrecords/def/checkxlinkurl.template.feature
arg: {"link":"http://rdfdata.eionet.europa.eu/inspirethemes/themes/7"}
checkxlinkurl.template.feature:15 - status code was: 404, expected: 200, response time: 199, url: http://rdfdata.eionet.europa.eu/inspirethemes/themes/7, response: 
20:14:55.475 [ForkJoinPool-1-worker-27] INFO  com.intuit.karate - [print]
20:14:55.475 [ForkJoinPool-1-worker-27] INFO  com.intuit.karate - [print] testing xlinkurl:urn:ogc:def:crs:EPSG::5709
20:14:55.475 [ForkJoinPool-1-worker-27] ERROR com.intuit.karate - org.apache.http.client.ClientProtocolException: URI does not specify a valid host name: urn:ogc:def:crs:EPSG::5709, http call failed after 0 milliseconds for URL: urn:ogc:def:crs:EPSG::5709
20:14:55.475 [ForkJoinPool-1-worker-27] ERROR com.intuit.karate - http request failed: 
org.apache.http.client.ClientProtocolException: URI does not specify a valid host name: urn:ogc:def:crs:EPSG::5709
20:14:55.475 [ForkJoinPool-1-worker-27] ERROR com.intuit.karate - feature call (loop) failed at index: 2
caller: classpath:InspireTest/ngr/datasetrecords/def/checkxlinkurl.template.feature
arg: {"link":"urn:ogc:def:crs:EPSG::5709"}
checkxlinkurl.template.feature:14 - 
org.apache.http.client.ClientProtocolException: URI does not specify a valid host name: urn:ogc:def:crs:EPSG::5709
20:14:55.536 [ForkJoinPool-1-worker-31] INFO  com.intuit.karate - [print] title:Bestand Bodemgebruik 2015
20:14:55.537 [ForkJoinPool-1-worker-31] INFO  com.intuit.karate - [print] Bestand Bodemgebruik 2015
20:14:55.539 [ForkJoinPool-1-worker-31] INFO  com.intuit.karate - [print] [
  "http://geodata.nationaalgeoregister.nl/bestandbodemgebruik2015/extract/bestandbodemgebruik2015.zip"
]

20:14:55.551 [ForkJoinPool-1-worker-31] INFO  com.intuit.karate - [print]
20:14:55.551 [ForkJoinPool-1-worker-31] INFO  com.intuit.karate - [print] testing xlinkurl:http://geodata.nationaalgeoregister.nl/bestandbodemgebruik2015/extract/bestandbodemgebruik2015.zip
20:14:55.575 [ForkJoinPool-1-worker-19] INFO  com.intuit.karate - [print] title:INSPIRE geharmoniseerde Beschermde Gebieden - Cultuur Historie
20:14:55.576 [ForkJoinPool-1-worker-19] INFO  com.intuit.karate - [print] INSPIRE geharmoniseerde Beschermde Gebieden - Cultuur Historie
20:14:55.578 [ForkJoinPool-1-worker-19] INFO  com.intuit.karate - [print] [
  "https://monumentenregister.cultureelerfgoed.nl/sites/default/files/MRS/mrs-inspire.zip"
]

20:14:55.587 [ForkJoinPool-1-worker-19] INFO  com.intuit.karate - [print]
20:14:55.588 [ForkJoinPool-1-worker-19] INFO  com.intuit.karate - [print] testing xlinkurl:https://monumentenregister.cultureelerfgoed.nl/sites/default/files/MRS/mrs-inspire.zip
20:14:55.627 [ForkJoinPool-1-worker-13] ERROR com.intuit.karate - status code was: 404, expected: 200, response time: 286, url: https://nationaalgeoregister.nl/geonetwork/srv/resourcese26eb6c9-c441-43e8-8db6-aabbf11578fd, response: 
20:14:55.627 [ForkJoinPool-1-worker-13] ERROR com.intuit.karate - feature call (loop) failed at index: 0
caller: classpath:InspireTest/ngr/datasetrecords/def/checkxlinkurl.template.feature
arg: {"link":"https://nationaalgeoregister.nl/geonetwork/srv/resourcese26eb6c9-c441-43e8-8db6-aabbf11578fd"}
checkxlinkurl.template.feature:15 - status code was: 404, expected: 200, response time: 286, url: https://nationaalgeoregister.nl/geonetwork/srv/resourcese26eb6c9-c441-43e8-8db6-aabbf11578fd, response: 
20:14:55.628 [ForkJoinPool-1-worker-13] INFO  com.intuit.karate - [print]
20:14:55.629 [ForkJoinPool-1-worker-13] INFO  com.intuit.karate - [print] testing xlinkurl:http://rdfdata.eionet.europa.eu/inspirethemes/themes/16
20:14:55.658 [ForkJoinPool-1-worker-17] INFO  com.intuit.karate - [print]
20:14:55.658 [ForkJoinPool-1-worker-17] INFO  com.intuit.karate - [print] testing xlinkurl:http://standaarden.overheid.nl/owms/terms/Ministerie_van_Landbouw,_Natuur_en_Voedselkwaliteit
20:14:55.714 [ForkJoinPool-1-worker-9] INFO  com.intuit.karate - [print]
20:14:55.715 [ForkJoinPool-1-worker-9] INFO  com.intuit.karate - [print] testing xlinkurl:https://ngr.acceptatie.nationaalgeoregister.nl/geonetwork/srv/resourcesd72ddff0-2724-11e2-81c1-0800200c9a66
20:14:55.752 [ForkJoinPool-1-worker-3] ERROR com.intuit.karate - status code was: 404, expected: 200, response time: 280, url: https://ngr.acceptatie.nationaalgeoregister.nl/geonetwork/srv/resourcesc7a15080-2724-11e2-81c1-0800200c9a66, response: 
20:14:55.752 [ForkJoinPool-1-worker-3] ERROR com.intuit.karate - feature call (loop) failed at index: 0
caller: classpath:InspireTest/ngr/datasetrecords/def/checkxlinkurl.template.feature
arg: {"link":"https://ngr.acceptatie.nationaalgeoregister.nl/geonetwork/srv/resourcesc7a15080-2724-11e2-81c1-0800200c9a66"}
checkxlinkurl.template.feature:15 - status code was: 404, expected: 200, response time: 280, url: https://ngr.acceptatie.nationaalgeoregister.nl/geonetwork/srv/resourcesc7a15080-2724-11e2-81c1-0800200c9a66, response: 
20:14:55.753 [ForkJoinPool-1-worker-3] INFO  com.intuit.karate - [print]
20:14:55.753 [ForkJoinPool-1-worker-3] INFO  com.intuit.karate - [print] testing xlinkurl:http://rdfdata.eionet.europa.eu/inspirethemes/themes/13
20:14:55.805 [ForkJoinPool-1-worker-5] INFO  com.intuit.karate - [print] title:Afvalinrichtingen inclusief nucleaire inrichtingen
20:14:55.805 [ForkJoinPool-1-worker-5] INFO  com.intuit.karate - [print] Afvalinrichtingen inclusief nucleaire inrichtingen
20:14:55.807 [ForkJoinPool-1-worker-5] INFO  com.intuit.karate - [print] [
  "http://nationaalgeoregister.nl/geonetwork/srv/dut/csw?SERVICE=CSW&version=2.0.2&REQUEST=GetRecordById&elementSetName=full&OutputSchema=http://www.isotc211.org/2005/gmd&ID=f5f68d51-2ca4-4897-8227-d3938b2b0a7e",
  "https://creativecommons.org/publicdomain/mark/*/deed.nl",
  ""
]

20:14:55.814 [ForkJoinPool-1-worker-5] INFO  com.intuit.karate - [print]
20:14:55.815 [ForkJoinPool-1-worker-5] INFO  com.intuit.karate - [print] testing xlinkurl:http://nationaalgeoregister.nl/geonetwork/srv/dut/csw?SERVICE=CSW&version=2.0.2&REQUEST=GetRecordById&elementSetName=full&OutputSchema=http://www.isotc211.org/2005/gmd&ID=f5f68d51-2ca4-4897-8227-d3938b2b0a7e
20:14:55.837 [ForkJoinPool-1-worker-13] ERROR com.intuit.karate - status code was: 404, expected: 200, response time: 207, url: http://rdfdata.eionet.europa.eu/inspirethemes/themes/16, response: 
20:14:55.837 [ForkJoinPool-1-worker-13] ERROR com.intuit.karate - feature call (loop) failed at index: 1
caller: classpath:InspireTest/ngr/datasetrecords/def/checkxlinkurl.template.feature
arg: {"link":"http://rdfdata.eionet.europa.eu/inspirethemes/themes/16"}
checkxlinkurl.template.feature:15 - status code was: 404, expected: 200, response time: 207, url: http://rdfdata.eionet.europa.eu/inspirethemes/themes/16, response: 
20:14:55.838 [ForkJoinPool-1-worker-13] INFO  com.intuit.karate - [print]
20:14:55.839 [ForkJoinPool-1-worker-13] INFO  com.intuit.karate - [print] testing xlinkurl:http://geonetwork-opensource.org/inspire-theme#
20:14:55.953 [ForkJoinPool-1-worker-3] ERROR com.intuit.karate - status code was: 404, expected: 200, response time: 199, url: http://rdfdata.eionet.europa.eu/inspirethemes/themes/13, response: 
20:14:55.953 [ForkJoinPool-1-worker-3] ERROR com.intuit.karate - feature call (loop) failed at index: 1
caller: classpath:InspireTest/ngr/datasetrecords/def/checkxlinkurl.template.feature
arg: {"link":"http://rdfdata.eionet.europa.eu/inspirethemes/themes/13"}
checkxlinkurl.template.feature:15 - status code was: 404, expected: 200, response time: 199, url: http://rdfdata.eionet.europa.eu/inspirethemes/themes/13, response: 
20:14:55.954 [ForkJoinPool-1-worker-3] INFO  com.intuit.karate - [print]
20:14:55.955 [ForkJoinPool-1-worker-3] INFO  com.intuit.karate - [print] testing xlinkurl:http://rdfdata.eionet.europa.eu/inspirethemes/themes/#
20:14:55.999 [ForkJoinPool-1-worker-9] ERROR com.intuit.karate - status code was: 404, expected: 200, response time: 284, url: https://ngr.acceptatie.nationaalgeoregister.nl/geonetwork/srv/resourcesd72ddff0-2724-11e2-81c1-0800200c9a66, response: 
20:14:56.000 [ForkJoinPool-1-worker-9] ERROR com.intuit.karate - feature call (loop) failed at index: 1
caller: classpath:InspireTest/ngr/datasetrecords/def/checkxlinkurl.template.feature
arg: {"link":"https://ngr.acceptatie.nationaalgeoregister.nl/geonetwork/srv/resourcesd72ddff0-2724-11e2-81c1-0800200c9a66"}
checkxlinkurl.template.feature:15 - status code was: 404, expected: 200, response time: 284, url: https://ngr.acceptatie.nationaalgeoregister.nl/geonetwork/srv/resourcesd72ddff0-2724-11e2-81c1-0800200c9a66, response: 
20:14:56.003 [ForkJoinPool-1-worker-27] INFO  com.intuit.karate - [print] title:EEZ volgens UNCLOS - Noordzee
20:14:56.007 [ForkJoinPool-1-worker-27] INFO  com.intuit.karate - [print] EEZ volgens UNCLOS - Noordzee
20:14:56.013 [ForkJoinPool-1-worker-21] ERROR com.intuit.karate - status code was: 404, expected: 200, response time: 430, url: http://inspire.ec.europa.eu/metadata-codelist/Prioritydataset/SurfaceWaterBodies-dir-2000-60, response: 
20:14:56.013 [ForkJoinPool-1-worker-21] ERROR com.intuit.karate - feature call (loop) failed at index: 2
caller: classpath:InspireTest/ngr/datasetrecords/def/checkxlinkurl.template.feature
arg: {"link":"http://inspire.ec.europa.eu/metadata-codelist/Prioritydataset/SurfaceWaterBodies-dir-2000-60"}
checkxlinkurl.template.feature:15 - status code was: 404, expected: 200, response time: 430, url: http://inspire.ec.europa.eu/metadata-codelist/Prioritydataset/SurfaceWaterBodies-dir-2000-60, response: 
20:14:56.014 [ForkJoinPool-1-worker-21] INFO  com.intuit.karate - [print]
20:14:56.014 [ForkJoinPool-1-worker-21] INFO  com.intuit.karate - [print] testing xlinkurl:https://ngr.geocat.live/geonetwork/srv/eng/thesaurus.download?ref=external.theme.httpinspireeceuropaeumetadatacodelistPrioritydataset-Prioritydataset
20:14:56.017 [ForkJoinPool-1-worker-27] INFO  com.intuit.karate - [print] [
  "http://www.opengis.net/def/crs/EPSG/0/https://www.opengis.net/def/crs/EPSG/0/4258",
  "https://www.nationaalgeoregister.nl/geonetwork/srv/api/recordse8b84fae-00b3-49c1-80c1-df8f69f64e8c"
]

20:14:56.021 [ForkJoinPool-1-worker-27] INFO  com.intuit.karate - [print]
20:14:56.026 [ForkJoinPool-1-worker-27] INFO  com.intuit.karate - [print] testing xlinkurl:http://www.opengis.net/def/crs/EPSG/0/https://www.opengis.net/def/crs/EPSG/0/4258
20:14:56.157 [ForkJoinPool-1-worker-3] ERROR com.intuit.karate - status code was: 404, expected: 200, response time: 202, url: http://rdfdata.eionet.europa.eu/inspirethemes/themes/#, response: 
20:14:56.158 [ForkJoinPool-1-worker-3] ERROR com.intuit.karate - feature call (loop) failed at index: 2
caller: classpath:InspireTest/ngr/datasetrecords/def/checkxlinkurl.template.feature
arg: {"link":"http://rdfdata.eionet.europa.eu/inspirethemes/themes/#"}
checkxlinkurl.template.feature:15 - status code was: 404, expected: 200, response time: 202, url: http://rdfdata.eionet.europa.eu/inspirethemes/themes/#, response: 
20:14:56.160 [ForkJoinPool-1-worker-3] INFO  com.intuit.karate - [print]
20:14:56.160 [ForkJoinPool-1-worker-3] INFO  com.intuit.karate - [print] testing xlinkurl:https://www.nationaalgeoregister.nl/geonetwork/srv/eng/thesaurus.download?ref=external.theme.inspire-theme
20:14:56.327 [ForkJoinPool-1-worker-27] INFO  com.intuit.karate - [print]
20:14:56.327 [ForkJoinPool-1-worker-27] INFO  com.intuit.karate - [print] testing xlinkurl:https://www.nationaalgeoregister.nl/geonetwork/srv/api/recordse8b84fae-00b3-49c1-80c1-df8f69f64e8c
20:14:56.381 [ForkJoinPool-1-worker-19] ERROR com.intuit.karate - status code was: 404, expected: 200, response time: 791, url: https://monumentenregister.cultureelerfgoed.nl/sites/default/files/MRS/mrs-inspire.zip, response: 
20:14:56.381 [ForkJoinPool-1-worker-19] ERROR com.intuit.karate - feature call (loop) failed at index: 0
caller: classpath:InspireTest/ngr/datasetrecords/def/checkxlinkurl.template.feature
arg: {"link":"https://monumentenregister.cultureelerfgoed.nl/sites/default/files/MRS/mrs-inspire.zip"}
checkxlinkurl.template.feature:15 - status code was: 404, expected: 200, response time: 791, url: https://monumentenregister.cultureelerfgoed.nl/sites/default/files/MRS/mrs-inspire.zip, response: 
20:14:56.423 [ForkJoinPool-1-worker-5] INFO  com.intuit.karate - [print]
20:14:56.423 [ForkJoinPool-1-worker-5] INFO  com.intuit.karate - [print] testing xlinkurl:https://creativecommons.org/publicdomain/mark/*/deed.nl
20:14:56.433 [ForkJoinPool-1-worker-13] ERROR com.intuit.karate - status code was: 404, expected: 200, response time: 399, url: http://geonetwork-opensource.org/inspire-theme#, response: 
20:14:56.433 [ForkJoinPool-1-worker-13] ERROR com.intuit.karate - feature call (loop) failed at index: 2
caller: classpath:InspireTest/ngr/datasetrecords/def/checkxlinkurl.template.feature
arg: {"link":"http://geonetwork-opensource.org/inspire-theme#"}
checkxlinkurl.template.feature:15 - status code was: 404, expected: 200, response time: 399, url: http://geonetwork-opensource.org/inspire-theme#, response: 
20:14:56.434 [ForkJoinPool-1-worker-13] INFO  com.intuit.karate - [print]
20:14:56.434 [ForkJoinPool-1-worker-13] INFO  com.intuit.karate - [print] testing xlinkurl:https://www.nationaalgeoregister.nl/geonetwork/srv/eng/thesaurus.download?ref=external.theme.inspire-theme
20:14:56.463 [ForkJoinPool-1-worker-5] ERROR com.intuit.karate - status code was: 404, expected: 200, response time: 39, url: https://creativecommons.org/publicdomain/mark/*/deed.nl, response: 
20:14:56.463 [ForkJoinPool-1-worker-5] ERROR com.intuit.karate - feature call (loop) failed at index: 1
caller: classpath:InspireTest/ngr/datasetrecords/def/checkxlinkurl.template.feature
arg: {"link":"https://creativecommons.org/publicdomain/mark/*/deed.nl"}
checkxlinkurl.template.feature:15 - status code was: 404, expected: 200, response time: 39, url: https://creativecommons.org/publicdomain/mark/*/deed.nl, response: 
20:14:56.464 [ForkJoinPool-1-worker-5] INFO  com.intuit.karate - [print]
20:14:56.464 [ForkJoinPool-1-worker-5] INFO  com.intuit.karate - [print] testing xlinkurl:
20:14:56.464 [ForkJoinPool-1-worker-5] ERROR com.intuit.karate - org.apache.http.client.ClientProtocolException, http call failed after 0 milliseconds for URL: 
20:14:56.465 [ForkJoinPool-1-worker-5] ERROR com.intuit.karate - http request failed: 
org.apache.http.client.ClientProtocolException
20:14:56.465 [ForkJoinPool-1-worker-5] ERROR com.intuit.karate - feature call (loop) failed at index: 2
caller: classpath:InspireTest/ngr/datasetrecords/def/checkxlinkurl.template.feature
arg: {"link":""}
checkxlinkurl.template.feature:14 - 
org.apache.http.client.ClientProtocolException
20:14:56.471 [ForkJoinPool-1-worker-21] ERROR com.intuit.karate - status code was: 500, expected: 200, response time: 457, url: https://ngr.geocat.live/geonetwork/srv/eng/thesaurus.download?ref=external.theme.httpinspireeceuropaeumetadatacodelistPrioritydataset-Prioritydataset, response: 
20:14:56.471 [ForkJoinPool-1-worker-21] ERROR com.intuit.karate - feature call (loop) failed at index: 3
caller: classpath:InspireTest/ngr/datasetrecords/def/checkxlinkurl.template.feature
arg: {"link":"https://ngr.geocat.live/geonetwork/srv/eng/thesaurus.download?ref=external.theme.httpinspireeceuropaeumetadatacodelistPrioritydataset-Prioritydataset"}
checkxlinkurl.template.feature:15 - status code was: 500, expected: 200, response time: 457, url: https://ngr.geocat.live/geonetwork/srv/eng/thesaurus.download?ref=external.theme.httpinspireeceuropaeumetadatacodelistPrioritydataset-Prioritydataset, response: 
20:14:56.545 [ForkJoinPool-1-worker-3] ERROR com.intuit.karate - status code was: 500, expected: 200, response time: 384, url: https://www.nationaalgeoregister.nl/geonetwork/srv/eng/thesaurus.download?ref=external.theme.inspire-theme, response: 
20:14:56.545 [ForkJoinPool-1-worker-3] ERROR com.intuit.karate - feature call (loop) failed at index: 3
caller: classpath:InspireTest/ngr/datasetrecords/def/checkxlinkurl.template.feature
arg: {"link":"https://www.nationaalgeoregister.nl/geonetwork/srv/eng/thesaurus.download?ref=external.theme.inspire-theme"}
checkxlinkurl.template.feature:15 - status code was: 500, expected: 200, response time: 384, url: https://www.nationaalgeoregister.nl/geonetwork/srv/eng/thesaurus.download?ref=external.theme.inspire-theme, response: 
20:14:56.615 [ForkJoinPool-1-worker-9] INFO  com.intuit.karate - [print] title:Natuurbranden
20:14:56.615 [ForkJoinPool-1-worker-9] INFO  com.intuit.karate - [print] Natuurbranden
20:14:56.617 [ForkJoinPool-1-worker-9] INFO  com.intuit.karate - [print] [
  "http://www.opengis.net/def/crs/EPSG/0/http://www.opengis.net/def/crs/EPSG/0/3034",
  "http://nationaalgeoregister.nl/geonetwork/srv/dut/csw?SERVICE=CSW&version=2.0.2&REQUEST=GetRecordById&elementSetName=full&OutputSchema=http://www.isotc211.org/2005/gmd&ID=88f76a94-ee4d-4e0c-9fde-91b692403e39",
  "https://creativecommons.org/publicdomain/mark/*/deed.nl",
  ""
]

20:14:56.622 [ForkJoinPool-1-worker-9] INFO  com.intuit.karate - [print]
20:14:56.623 [ForkJoinPool-1-worker-9] INFO  com.intuit.karate - [print] testing xlinkurl:http://www.opengis.net/def/crs/EPSG/0/http://www.opengis.net/def/crs/EPSG/0/3034
20:14:56.801 [ForkJoinPool-1-worker-17] INFO  com.intuit.karate - [print] title:Habitatrichtlijn verspreidingsgebied van soorten
20:14:56.801 [ForkJoinPool-1-worker-17] INFO  com.intuit.karate - [print] Habitatrichtlijn verspreidingsgebied van soorten
20:14:56.804 [ForkJoinPool-1-worker-17] INFO  com.intuit.karate - [print] [
  "https://www.nationaalgeoregister.nl/geonetwork/srv/dut/catalog.search#/metadata/f273941e-9c3b-43bc-b886-2d50d0bf9348",
  "http://standaarden.overheid.nl/owms/terms/Ministerie_van_Landbouw,_Natuur_en_Voedselkwaliteit"
]

20:14:56.808 [ForkJoinPool-1-worker-17] INFO  com.intuit.karate - [print]
20:14:56.808 [ForkJoinPool-1-worker-17] INFO  com.intuit.karate - [print] testing xlinkurl:https://www.nationaalgeoregister.nl/geonetwork/srv/dut/catalog.search#/metadata/f273941e-9c3b-43bc-b886-2d50d0bf9348
20:14:56.873 [ForkJoinPool-1-worker-27] ERROR com.intuit.karate - status code was: 500, expected: 200, response time: 544, url: https://www.nationaalgeoregister.nl/geonetwork/srv/api/recordse8b84fae-00b3-49c1-80c1-df8f69f64e8c, response: 
20:14:56.873 [ForkJoinPool-1-worker-27] ERROR com.intuit.karate - feature call (loop) failed at index: 1
caller: classpath:InspireTest/ngr/datasetrecords/def/checkxlinkurl.template.feature
arg: {"link":"https://www.nationaalgeoregister.nl/geonetwork/srv/api/recordse8b84fae-00b3-49c1-80c1-df8f69f64e8c"}
checkxlinkurl.template.feature:15 - status code was: 500, expected: 200, response time: 544, url: https://www.nationaalgeoregister.nl/geonetwork/srv/api/recordse8b84fae-00b3-49c1-80c1-df8f69f64e8c, response: 
20:14:56.905 [ForkJoinPool-1-worker-13] ERROR com.intuit.karate - status code was: 500, expected: 200, response time: 471, url: https://www.nationaalgeoregister.nl/geonetwork/srv/eng/thesaurus.download?ref=external.theme.inspire-theme, response: 
20:14:56.905 [ForkJoinPool-1-worker-13] ERROR com.intuit.karate - feature call (loop) failed at index: 3
caller: classpath:InspireTest/ngr/datasetrecords/def/checkxlinkurl.template.feature
arg: {"link":"https://www.nationaalgeoregister.nl/geonetwork/srv/eng/thesaurus.download?ref=external.theme.inspire-theme"}
checkxlinkurl.template.feature:15 - status code was: 500, expected: 200, response time: 471, url: https://www.nationaalgeoregister.nl/geonetwork/srv/eng/thesaurus.download?ref=external.theme.inspire-theme, response: 
20:14:56.914 [ForkJoinPool-1-worker-9] INFO  com.intuit.karate - [print]
20:14:56.914 [ForkJoinPool-1-worker-9] INFO  com.intuit.karate - [print] testing xlinkurl:http://nationaalgeoregister.nl/geonetwork/srv/dut/csw?SERVICE=CSW&version=2.0.2&REQUEST=GetRecordById&elementSetName=full&OutputSchema=http://www.isotc211.org/2005/gmd&ID=88f76a94-ee4d-4e0c-9fde-91b692403e39
20:14:56.943 [ForkJoinPool-1-worker-19] INFO  com.intuit.karate - [print] title:Geluidkaart hoofdspoornet 2011 (Lnight)
20:14:56.944 [ForkJoinPool-1-worker-19] INFO  com.intuit.karate - [print] Geluidkaart hoofdspoornet 2011 (Lnight)
20:14:56.946 [ForkJoinPool-1-worker-19] INFO  com.intuit.karate - [print] [
  "https://www.nationaalgeoregister.nl/geonetwork/srv/api/records3e57ce43-7707-43ed-a4b9-72b3a6d812f8"
]

20:14:56.951 [ForkJoinPool-1-worker-19] INFO  com.intuit.karate - [print]
20:14:56.951 [ForkJoinPool-1-worker-19] INFO  com.intuit.karate - [print] testing xlinkurl:https://www.nationaalgeoregister.nl/geonetwork/srv/api/records3e57ce43-7707-43ed-a4b9-72b3a6d812f8
20:14:57.065 [ForkJoinPool-1-worker-5] INFO  com.intuit.karate - [print] title:Blokindeling Nederlands Continentaal Plat
20:14:57.065 [ForkJoinPool-1-worker-5] INFO  com.intuit.karate - [print] Blokindeling Nederlands Continentaal Plat
20:14:57.067 [ForkJoinPool-1-worker-5] INFO  com.intuit.karate - [print] [
  "http://www.opengis.net/def/crs/EPSG/0/https://www.opengis.net/def/crs/EPSG/0/4258",
  "https://www.nationaalgeoregister.nl/geonetwork/srv/api/recordsc2225e5d-b46f-4e38-8445-ab10fd40c0dc"
]

20:14:57.071 [ForkJoinPool-1-worker-5] INFO  com.intuit.karate - [print]
20:14:57.071 [ForkJoinPool-1-worker-5] INFO  com.intuit.karate - [print] testing xlinkurl:http://www.opengis.net/def/crs/EPSG/0/https://www.opengis.net/def/crs/EPSG/0/4258
20:14:57.129 [ForkJoinPool-1-worker-17] INFO  com.intuit.karate - [print]
20:14:57.130 [ForkJoinPool-1-worker-17] INFO  com.intuit.karate - [print] testing xlinkurl:http://standaarden.overheid.nl/owms/terms/Ministerie_van_Landbouw,_Natuur_en_Voedselkwaliteit
20:14:57.228 [ForkJoinPool-1-worker-21] INFO  com.intuit.karate - [print] title:Statistical Units Vector
20:14:57.228 [ForkJoinPool-1-worker-21] INFO  com.intuit.karate - [print] Statistical Units Vector
20:14:57.230 [ForkJoinPool-1-worker-21] INFO  com.intuit.karate - [print] [
  "https://geodata.nationaalgeoregister.nl/cbsgebiedsindelingen/atom/cbsgebiedsindelingen.xml"
]

20:14:57.232 [ForkJoinPool-1-worker-3] INFO  com.intuit.karate - [print] title:Kaderrichtlijn Water - Oppervlaktewaterlichamen Nederland EU2009 vlakken
20:14:57.233 [ForkJoinPool-1-worker-3] INFO  com.intuit.karate - [print] Kaderrichtlijn Water - Oppervlaktewaterlichamen Nederland EU2009 vlakken
20:14:57.235 [ForkJoinPool-1-worker-21] INFO  com.intuit.karate - [print]
20:14:57.235 [ForkJoinPool-1-worker-21] INFO  com.intuit.karate - [print] testing xlinkurl:https://geodata.nationaalgeoregister.nl/cbsgebiedsindelingen/atom/cbsgebiedsindelingen.xml
20:14:57.237 [ForkJoinPool-1-worker-3] INFO  com.intuit.karate - [print] [
  "https://www.nationaalgeoregister.nl/geonetwork/srv/dut/catalog.search#/metadata/krw2006-68b5-4ff3-94a4-9c24109ffd5e",
  "http://rdfdata.eionet.europa.eu/inspirethemes/themes/24",
  "https://ngr.geocat.live/geonetwork/srv/eng/thesaurus.download?ref=external.theme.httpinspireeceuropaeumetadatacodelistPrioritydataset-Prioritydataset",
  "urn:ogc:def:crs:EPSG::5709"
]

20:14:57.242 [ForkJoinPool-1-worker-3] INFO  com.intuit.karate - [print]
20:14:57.243 [ForkJoinPool-1-worker-3] INFO  com.intuit.karate - [print] testing xlinkurl:https://www.nationaalgeoregister.nl/geonetwork/srv/dut/catalog.search#/metadata/krw2006-68b5-4ff3-94a4-9c24109ffd5e
20:14:57.264 [ForkJoinPool-1-worker-19] ERROR com.intuit.karate - status code was: 500, expected: 200, response time: 309, url: https://www.nationaalgeoregister.nl/geonetwork/srv/api/records3e57ce43-7707-43ed-a4b9-72b3a6d812f8, response: 
20:14:57.264 [ForkJoinPool-1-worker-19] ERROR com.intuit.karate - feature call (loop) failed at index: 0
caller: classpath:InspireTest/ngr/datasetrecords/def/checkxlinkurl.template.feature
arg: {"link":"https://www.nationaalgeoregister.nl/geonetwork/srv/api/records3e57ce43-7707-43ed-a4b9-72b3a6d812f8"}
checkxlinkurl.template.feature:15 - status code was: 500, expected: 200, response time: 309, url: https://www.nationaalgeoregister.nl/geonetwork/srv/api/records3e57ce43-7707-43ed-a4b9-72b3a6d812f8, response: 
20:14:57.368 [ForkJoinPool-1-worker-5] INFO  com.intuit.karate - [print]
20:14:57.368 [ForkJoinPool-1-worker-5] INFO  com.intuit.karate - [print] testing xlinkurl:https://www.nationaalgeoregister.nl/geonetwork/srv/api/recordsc2225e5d-b46f-4e38-8445-ab10fd40c0dc
20:14:57.414 [ForkJoinPool-1-worker-27] INFO  com.intuit.karate - [print] title:Actueel Hoogtebestand Nederland 2 (AHN2)
20:14:57.415 [ForkJoinPool-1-worker-27] INFO  com.intuit.karate - [print] Actueel Hoogtebestand Nederland 2 (AHN2)
20:14:57.418 [ForkJoinPool-1-worker-27] INFO  com.intuit.karate - [print] [
  "https://www.nationaalgeoregister.nl/geonetwork/srv/dut/catalog.search#/metadata/7939fd42-cf88-42c5-ab3b-232cf232a3ac",
  "http://rdfdata.eionet.europa.eu/inspirethemes/themes/10",
  "urn:ogc:def:crs:EPSG::5709"
]

20:14:57.421 [ForkJoinPool-1-worker-9] INFO  com.intuit.karate - [print]
20:14:57.421 [ForkJoinPool-1-worker-9] INFO  com.intuit.karate - [print] testing xlinkurl:https://creativecommons.org/publicdomain/mark/*/deed.nl
20:14:57.431 [ForkJoinPool-1-worker-27] INFO  com.intuit.karate - [print]
20:14:57.432 [ForkJoinPool-1-worker-27] INFO  com.intuit.karate - [print] testing xlinkurl:https://www.nationaalgeoregister.nl/geonetwork/srv/dut/catalog.search#/metadata/7939fd42-cf88-42c5-ab3b-232cf232a3ac
20:14:57.452 [ForkJoinPool-1-worker-13] INFO  com.intuit.karate - [print] title:Geologisch booronderzoek onder INSPIRE
20:14:57.453 [ForkJoinPool-1-worker-13] INFO  com.intuit.karate - [print] Geologisch booronderzoek onder INSPIRE
20:14:57.455 [ForkJoinPool-1-worker-13] INFO  com.intuit.karate - [print] [
  "https://nationaalgeoregister.nl/geonetwork/srv/resources7d4d5090-8b18-4c30-a07a-9d738039112f",
  "http://rdfdata.eionet.europa.eu/inspirethemes/themes/13",
  "http://geonetwork-opensource.org/inspire-theme#",
  "https://www.nationaalgeoregister.nl/geonetwork/srv/eng/thesaurus.download?ref=external.theme.inspire-theme"
]

20:14:57.464 [ForkJoinPool-1-worker-13] INFO  com.intuit.karate - [print]
20:14:57.465 [ForkJoinPool-1-worker-13] INFO  com.intuit.karate - [print] testing xlinkurl:https://nationaalgeoregister.nl/geonetwork/srv/resources7d4d5090-8b18-4c30-a07a-9d738039112f
20:14:57.472 [ForkJoinPool-1-worker-9] ERROR com.intuit.karate - status code was: 404, expected: 200, response time: 46, url: https://creativecommons.org/publicdomain/mark/*/deed.nl, response: 
20:14:57.472 [ForkJoinPool-1-worker-9] ERROR com.intuit.karate - feature call (loop) failed at index: 2
caller: classpath:InspireTest/ngr/datasetrecords/def/checkxlinkurl.template.feature
arg: {"link":"https://creativecommons.org/publicdomain/mark/*/deed.nl"}
checkxlinkurl.template.feature:15 - status code was: 404, expected: 200, response time: 46, url: https://creativecommons.org/publicdomain/mark/*/deed.nl, response: 
20:14:57.473 [ForkJoinPool-1-worker-9] INFO  com.intuit.karate - [print]
20:14:57.473 [ForkJoinPool-1-worker-9] INFO  com.intuit.karate - [print] testing xlinkurl:
20:14:57.473 [ForkJoinPool-1-worker-9] ERROR com.intuit.karate - org.apache.http.client.ClientProtocolException, http call failed after 0 milliseconds for URL: 
20:14:57.473 [ForkJoinPool-1-worker-9] ERROR com.intuit.karate - http request failed: 
org.apache.http.client.ClientProtocolException
20:14:57.473 [ForkJoinPool-1-worker-9] ERROR com.intuit.karate - feature call (loop) failed at index: 3
caller: classpath:InspireTest/ngr/datasetrecords/def/checkxlinkurl.template.feature
arg: {"link":""}
checkxlinkurl.template.feature:14 - 
org.apache.http.client.ClientProtocolException
20:14:57.583 [ForkJoinPool-1-worker-3] INFO  com.intuit.karate - [print]
20:14:57.584 [ForkJoinPool-1-worker-3] INFO  com.intuit.karate - [print] testing xlinkurl:http://rdfdata.eionet.europa.eu/inspirethemes/themes/24
20:14:57.677 [ForkJoinPool-1-worker-5] ERROR com.intuit.karate - status code was: 500, expected: 200, response time: 308, url: https://www.nationaalgeoregister.nl/geonetwork/srv/api/recordsc2225e5d-b46f-4e38-8445-ab10fd40c0dc, response: 
20:14:57.677 [ForkJoinPool-1-worker-5] ERROR com.intuit.karate - feature call (loop) failed at index: 1
caller: classpath:InspireTest/ngr/datasetrecords/def/checkxlinkurl.template.feature
arg: {"link":"https://www.nationaalgeoregister.nl/geonetwork/srv/api/recordsc2225e5d-b46f-4e38-8445-ab10fd40c0dc"}
checkxlinkurl.template.feature:15 - status code was: 500, expected: 200, response time: 308, url: https://www.nationaalgeoregister.nl/geonetwork/srv/api/recordsc2225e5d-b46f-4e38-8445-ab10fd40c0dc, response: 
20:14:57.687 [ForkJoinPool-1-worker-23] INFO  com.intuit.karate - [print]
20:14:57.687 [ForkJoinPool-1-worker-23] INFO  com.intuit.karate - [print] testing xlinkurl:https://ngr.geocat.live/geonetwork/srv/eng/thesaurus.download?ref=external.theme.httpinspireeceuropaeumetadatacodelistPrioritydataset-Prioritydataset
20:14:57.751 [ForkJoinPool-1-worker-27] INFO  com.intuit.karate - [print]
20:14:57.751 [ForkJoinPool-1-worker-27] INFO  com.intuit.karate - [print] testing xlinkurl:http://rdfdata.eionet.europa.eu/inspirethemes/themes/10
20:14:57.753 [ForkJoinPool-1-worker-13] ERROR com.intuit.karate - status code was: 404, expected: 200, response time: 287, url: https://nationaalgeoregister.nl/geonetwork/srv/resources7d4d5090-8b18-4c30-a07a-9d738039112f, response: 
20:14:57.754 [ForkJoinPool-1-worker-13] ERROR com.intuit.karate - feature call (loop) failed at index: 0
caller: classpath:InspireTest/ngr/datasetrecords/def/checkxlinkurl.template.feature
arg: {"link":"https://nationaalgeoregister.nl/geonetwork/srv/resources7d4d5090-8b18-4c30-a07a-9d738039112f"}
checkxlinkurl.template.feature:15 - status code was: 404, expected: 200, response time: 287, url: https://nationaalgeoregister.nl/geonetwork/srv/resources7d4d5090-8b18-4c30-a07a-9d738039112f, response: 
20:14:57.754 [ForkJoinPool-1-worker-13] INFO  com.intuit.karate - [print]
20:14:57.754 [ForkJoinPool-1-worker-13] INFO  com.intuit.karate - [print] testing xlinkurl:http://rdfdata.eionet.europa.eu/inspirethemes/themes/13
20:14:57.788 [ForkJoinPool-1-worker-3] ERROR com.intuit.karate - status code was: 404, expected: 200, response time: 203, url: http://rdfdata.eionet.europa.eu/inspirethemes/themes/24, response: 
20:14:57.788 [ForkJoinPool-1-worker-3] ERROR com.intuit.karate - feature call (loop) failed at index: 1
caller: classpath:InspireTest/ngr/datasetrecords/def/checkxlinkurl.template.feature
arg: {"link":"http://rdfdata.eionet.europa.eu/inspirethemes/themes/24"}
checkxlinkurl.template.feature:15 - status code was: 404, expected: 200, response time: 203, url: http://rdfdata.eionet.europa.eu/inspirethemes/themes/24, response: 
20:14:57.789 [ForkJoinPool-1-worker-3] INFO  com.intuit.karate - [print]
20:14:57.789 [ForkJoinPool-1-worker-3] INFO  com.intuit.karate - [print] testing xlinkurl:https://ngr.geocat.live/geonetwork/srv/eng/thesaurus.download?ref=external.theme.httpinspireeceuropaeumetadatacodelistPrioritydataset-Prioritydataset
20:14:57.827 [ForkJoinPool-1-worker-19] INFO  com.intuit.karate - [print] title:Hydrografie - Netwerk (INSPIRE geharmoniseerd) - WT
20:14:57.828 [ForkJoinPool-1-worker-19] INFO  com.intuit.karate - [print] Hydrografie - Netwerk (INSPIRE geharmoniseerd) - WT
20:14:57.832 [ForkJoinPool-1-worker-19] INFO  com.intuit.karate - [print] [
  "https://www.nationaalgeoregister.nl/geonetwork/srv/dut/catalog.search#/metadata/eu-f297898-2640-44c2-bbe9-c0480da83794",
  "http://rdfdata.eionet.europa.eu/inspirethemes/themes/8",
  "urn:ogc:def:crs:EPSG::5709"
]

20:14:57.837 [ForkJoinPool-1-worker-19] INFO  com.intuit.karate - [print]
20:14:57.838 [ForkJoinPool-1-worker-19] INFO  com.intuit.karate - [print] testing xlinkurl:https://www.nationaalgeoregister.nl/geonetwork/srv/dut/catalog.search#/metadata/eu-f297898-2640-44c2-bbe9-c0480da83794
20:14:57.953 [ForkJoinPool-1-worker-27] ERROR com.intuit.karate - status code was: 404, expected: 200, response time: 202, url: http://rdfdata.eionet.europa.eu/inspirethemes/themes/10, response: 
20:14:57.954 [ForkJoinPool-1-worker-13] ERROR com.intuit.karate - status code was: 404, expected: 200, response time: 199, url: http://rdfdata.eionet.europa.eu/inspirethemes/themes/13, response: 
20:14:57.954 [ForkJoinPool-1-worker-27] ERROR com.intuit.karate - feature call (loop) failed at index: 1
caller: classpath:InspireTest/ngr/datasetrecords/def/checkxlinkurl.template.feature
arg: {"link":"http://rdfdata.eionet.europa.eu/inspirethemes/themes/10"}
checkxlinkurl.template.feature:15 - status code was: 404, expected: 200, response time: 202, url: http://rdfdata.eionet.europa.eu/inspirethemes/themes/10, response: 
20:14:57.954 [ForkJoinPool-1-worker-13] ERROR com.intuit.karate - feature call (loop) failed at index: 1
caller: classpath:InspireTest/ngr/datasetrecords/def/checkxlinkurl.template.feature
arg: {"link":"http://rdfdata.eionet.europa.eu/inspirethemes/themes/13"}
checkxlinkurl.template.feature:15 - status code was: 404, expected: 200, response time: 199, url: http://rdfdata.eionet.europa.eu/inspirethemes/themes/13, response: 
20:14:57.956 [ForkJoinPool-1-worker-27] INFO  com.intuit.karate - [print]
20:14:57.956 [ForkJoinPool-1-worker-27] INFO  com.intuit.karate - [print] testing xlinkurl:urn:ogc:def:crs:EPSG::5709
20:14:57.957 [ForkJoinPool-1-worker-27] ERROR com.intuit.karate - org.apache.http.client.ClientProtocolException: URI does not specify a valid host name: urn:ogc:def:crs:EPSG::5709, http call failed after 0 milliseconds for URL: urn:ogc:def:crs:EPSG::5709
20:14:57.957 [ForkJoinPool-1-worker-27] ERROR com.intuit.karate - http request failed: 
org.apache.http.client.ClientProtocolException: URI does not specify a valid host name: urn:ogc:def:crs:EPSG::5709
20:14:57.957 [ForkJoinPool-1-worker-27] ERROR com.intuit.karate - feature call (loop) failed at index: 2
caller: classpath:InspireTest/ngr/datasetrecords/def/checkxlinkurl.template.feature
arg: {"link":"urn:ogc:def:crs:EPSG::5709"}
checkxlinkurl.template.feature:14 - 
org.apache.http.client.ClientProtocolException: URI does not specify a valid host name: urn:ogc:def:crs:EPSG::5709
20:14:57.959 [ForkJoinPool-1-worker-13] INFO  com.intuit.karate - [print]
20:14:57.959 [ForkJoinPool-1-worker-13] INFO  com.intuit.karate - [print] testing xlinkurl:http://geonetwork-opensource.org/inspire-theme#
20:14:58.002 [ForkJoinPool-1-worker-23] ERROR com.intuit.karate - status code was: 500, expected: 200, response time: 314, url: https://ngr.geocat.live/geonetwork/srv/eng/thesaurus.download?ref=external.theme.httpinspireeceuropaeumetadatacodelistPrioritydataset-Prioritydataset, response: 
20:14:58.002 [ForkJoinPool-1-worker-23] ERROR com.intuit.karate - feature call (loop) failed at index: 3
caller: classpath:InspireTest/ngr/datasetrecords/def/checkxlinkurl.template.feature
arg: {"link":"https://ngr.geocat.live/geonetwork/srv/eng/thesaurus.download?ref=external.theme.httpinspireeceuropaeumetadatacodelistPrioritydataset-Prioritydataset"}
checkxlinkurl.template.feature:15 - status code was: 500, expected: 200, response time: 314, url: https://ngr.geocat.live/geonetwork/srv/eng/thesaurus.download?ref=external.theme.httpinspireeceuropaeumetadatacodelistPrioritydataset-Prioritydataset, response: 
20:14:58.003 [ForkJoinPool-1-worker-23] INFO  com.intuit.karate - [print]
20:14:58.004 [ForkJoinPool-1-worker-23] INFO  com.intuit.karate - [print] testing xlinkurl:urn:ogc:def:crs:EPSG::5709
20:14:58.004 [ForkJoinPool-1-worker-23] ERROR com.intuit.karate - org.apache.http.client.ClientProtocolException: URI does not specify a valid host name: urn:ogc:def:crs:EPSG::5709, http call failed after 0 milliseconds for URL: urn:ogc:def:crs:EPSG::5709
20:14:58.004 [ForkJoinPool-1-worker-23] ERROR com.intuit.karate - http request failed: 
org.apache.http.client.ClientProtocolException: URI does not specify a valid host name: urn:ogc:def:crs:EPSG::5709
20:14:58.004 [ForkJoinPool-1-worker-23] ERROR com.intuit.karate - feature call (loop) failed at index: 4
caller: classpath:InspireTest/ngr/datasetrecords/def/checkxlinkurl.template.feature
arg: {"link":"urn:ogc:def:crs:EPSG::5709"}
checkxlinkurl.template.feature:14 - 
org.apache.http.client.ClientProtocolException: URI does not specify a valid host name: urn:ogc:def:crs:EPSG::5709
20:14:58.017 [ForkJoinPool-1-worker-9] INFO  com.intuit.karate - [print] title:Mossel- en oesterhabitats
20:14:58.019 [ForkJoinPool-1-worker-9] INFO  com.intuit.karate - [print] Mossel- en oesterhabitats
20:14:58.021 [ForkJoinPool-1-worker-9] INFO  com.intuit.karate - [print] [
  "https://www.nationaalgeoregister.nl/geonetwork/srv/dut/catalog.search#/metadata/3d59fd06-9aec-4744-91e7-65e119f74569",
  "http://standaarden.overheid.nl/owms/terms/Ministerie_van_Landbouw,_Natuur_en_Voedselkwaliteit"
]

20:14:58.031 [ForkJoinPool-1-worker-9] INFO  com.intuit.karate - [print]
20:14:58.032 [ForkJoinPool-1-worker-9] INFO  com.intuit.karate - [print] testing xlinkurl:https://www.nationaalgeoregister.nl/geonetwork/srv/dut/catalog.search#/metadata/3d59fd06-9aec-4744-91e7-65e119f74569
20:14:58.099 [ForkJoinPool-1-worker-3] ERROR com.intuit.karate - status code was: 500, expected: 200, response time: 308, url: https://ngr.geocat.live/geonetwork/srv/eng/thesaurus.download?ref=external.theme.httpinspireeceuropaeumetadatacodelistPrioritydataset-Prioritydataset, response: 
20:14:58.100 [ForkJoinPool-1-worker-3] ERROR com.intuit.karate - feature call (loop) failed at index: 2
caller: classpath:InspireTest/ngr/datasetrecords/def/checkxlinkurl.template.feature
arg: {"link":"https://ngr.geocat.live/geonetwork/srv/eng/thesaurus.download?ref=external.theme.httpinspireeceuropaeumetadatacodelistPrioritydataset-Prioritydataset"}
checkxlinkurl.template.feature:15 - status code was: 500, expected: 200, response time: 308, url: https://ngr.geocat.live/geonetwork/srv/eng/thesaurus.download?ref=external.theme.httpinspireeceuropaeumetadatacodelistPrioritydataset-Prioritydataset, response: 
20:14:58.101 [ForkJoinPool-1-worker-3] INFO  com.intuit.karate - [print]
20:14:58.101 [ForkJoinPool-1-worker-3] INFO  com.intuit.karate - [print] testing xlinkurl:urn:ogc:def:crs:EPSG::5709
20:14:58.101 [ForkJoinPool-1-worker-3] ERROR com.intuit.karate - org.apache.http.client.ClientProtocolException: URI does not specify a valid host name: urn:ogc:def:crs:EPSG::5709, http call failed after 0 milliseconds for URL: urn:ogc:def:crs:EPSG::5709
20:14:58.101 [ForkJoinPool-1-worker-3] ERROR com.intuit.karate - http request failed: 
org.apache.http.client.ClientProtocolException: URI does not specify a valid host name: urn:ogc:def:crs:EPSG::5709
20:14:58.101 [ForkJoinPool-1-worker-3] ERROR com.intuit.karate - feature call (loop) failed at index: 3
caller: classpath:InspireTest/ngr/datasetrecords/def/checkxlinkurl.template.feature
arg: {"link":"urn:ogc:def:crs:EPSG::5709"}
checkxlinkurl.template.feature:14 - 
org.apache.http.client.ClientProtocolException: URI does not specify a valid host name: urn:ogc:def:crs:EPSG::5709
20:14:58.156 [ForkJoinPool-1-worker-19] INFO  com.intuit.karate - [print]
20:14:58.158 [ForkJoinPool-1-worker-19] INFO  com.intuit.karate - [print] testing xlinkurl:http://rdfdata.eionet.europa.eu/inspirethemes/themes/8
20:14:58.221 [ForkJoinPool-1-worker-21] INFO  com.intuit.karate - [print] title:Administratieve Eenheden
20:14:58.221 [ForkJoinPool-1-worker-21] INFO  com.intuit.karate - [print] Administratieve Eenheden
20:14:58.223 [ForkJoinPool-1-worker-21] INFO  com.intuit.karate - [print] [
  "http://kadaster/06b6c650-cdb1-11dd-ad8b-0800200c9a76"
]

20:14:58.227 [ForkJoinPool-1-worker-21] INFO  com.intuit.karate - [print]
20:14:58.228 [ForkJoinPool-1-worker-21] INFO  com.intuit.karate - [print] testing xlinkurl:http://kadaster/06b6c650-cdb1-11dd-ad8b-0800200c9a76
20:14:58.232 [ForkJoinPool-1-worker-21] ERROR com.intuit.karate - java.net.UnknownHostException: kadaster, http call failed after 0 milliseconds for URL: http://kadaster/06b6c650-cdb1-11dd-ad8b-0800200c9a76
20:14:58.233 [ForkJoinPool-1-worker-21] ERROR com.intuit.karate - http request failed: 
java.net.UnknownHostException: kadaster
20:14:58.234 [ForkJoinPool-1-worker-21] ERROR com.intuit.karate - feature call (loop) failed at index: 0
caller: classpath:InspireTest/ngr/datasetrecords/def/checkxlinkurl.template.feature
arg: {"link":"http://kadaster/06b6c650-cdb1-11dd-ad8b-0800200c9a76"}
checkxlinkurl.template.feature:14 - 
java.net.UnknownHostException: kadaster
20:14:58.302 [ForkJoinPool-1-worker-17] INFO  com.intuit.karate - [print] title:Wijk- en Buurtkaart 2017 versie 3
20:14:58.305 [ForkJoinPool-1-worker-17] INFO  com.intuit.karate - [print] Wijk- en Buurtkaart 2017 versie 3
20:14:58.307 [ForkJoinPool-1-worker-17] INFO  com.intuit.karate - [print] [
  ""
]

20:14:58.312 [ForkJoinPool-1-worker-17] INFO  com.intuit.karate - [print]
20:14:58.313 [ForkJoinPool-1-worker-17] INFO  com.intuit.karate - [print] testing xlinkurl:
20:14:58.314 [ForkJoinPool-1-worker-17] ERROR com.intuit.karate - org.apache.http.client.ClientProtocolException, http call failed after 0 milliseconds for URL: 
20:14:58.315 [ForkJoinPool-1-worker-17] ERROR com.intuit.karate - http request failed: 
org.apache.http.client.ClientProtocolException
20:14:58.316 [ForkJoinPool-1-worker-17] ERROR com.intuit.karate - feature call (loop) failed at index: 0
caller: classpath:InspireTest/ngr/datasetrecords/def/checkxlinkurl.template.feature
arg: {"link":""}
checkxlinkurl.template.feature:14 - 
org.apache.http.client.ClientProtocolException
20:14:58.329 [ForkJoinPool-1-worker-5] INFO  com.intuit.karate - [print] title:Overstromingsgevaarkaarten
20:14:58.331 [ForkJoinPool-1-worker-5] INFO  com.intuit.karate - [print] Overstromingsgevaarkaarten
20:14:58.335 [ForkJoinPool-1-worker-5] INFO  com.intuit.karate - [print] [
  "http://nationaalgeoregister.nl/geonetwork/srv/dut/csw?SERVICE=CSW&version=2.0.2&REQUEST=GetRecordById&elementSetName=full&OutputSchema=http://www.isotc211.org/2005/gmd&ID=bc2c53f6-c908-4d7c-a6c0-78d9a2855640",
  "https://creativecommons.org/publicdomain/mark/*/deed.nl",
  ""
]

20:14:58.343 [ForkJoinPool-1-worker-5] INFO  com.intuit.karate - [print]
20:14:58.344 [ForkJoinPool-1-worker-5] INFO  com.intuit.karate - [print] testing xlinkurl:http://nationaalgeoregister.nl/geonetwork/srv/dut/csw?SERVICE=CSW&version=2.0.2&REQUEST=GetRecordById&elementSetName=full&OutputSchema=http://www.isotc211.org/2005/gmd&ID=bc2c53f6-c908-4d7c-a6c0-78d9a2855640
20:14:58.359 [ForkJoinPool-1-worker-19] ERROR com.intuit.karate - status code was: 404, expected: 200, response time: 200, url: http://rdfdata.eionet.europa.eu/inspirethemes/themes/8, response: 
20:14:58.360 [ForkJoinPool-1-worker-19] ERROR com.intuit.karate - feature call (loop) failed at index: 1
caller: classpath:InspireTest/ngr/datasetrecords/def/checkxlinkurl.template.feature
arg: {"link":"http://rdfdata.eionet.europa.eu/inspirethemes/themes/8"}
checkxlinkurl.template.feature:15 - status code was: 404, expected: 200, response time: 200, url: http://rdfdata.eionet.europa.eu/inspirethemes/themes/8, response: 
20:14:58.360 [ForkJoinPool-1-worker-19] INFO  com.intuit.karate - [print]
20:14:58.360 [ForkJoinPool-1-worker-19] INFO  com.intuit.karate - [print] testing xlinkurl:urn:ogc:def:crs:EPSG::5709
20:14:58.361 [ForkJoinPool-1-worker-19] ERROR com.intuit.karate - org.apache.http.client.ClientProtocolException: URI does not specify a valid host name: urn:ogc:def:crs:EPSG::5709, http call failed after 0 milliseconds for URL: urn:ogc:def:crs:EPSG::5709
20:14:58.361 [ForkJoinPool-1-worker-19] ERROR com.intuit.karate - http request failed: 
org.apache.http.client.ClientProtocolException: URI does not specify a valid host name: urn:ogc:def:crs:EPSG::5709
20:14:58.361 [ForkJoinPool-1-worker-19] ERROR com.intuit.karate - feature call (loop) failed at index: 2
caller: classpath:InspireTest/ngr/datasetrecords/def/checkxlinkurl.template.feature
arg: {"link":"urn:ogc:def:crs:EPSG::5709"}
checkxlinkurl.template.feature:14 - 
org.apache.http.client.ClientProtocolException: URI does not specify a valid host name: urn:ogc:def:crs:EPSG::5709
20:14:58.369 [ForkJoinPool-1-worker-9] INFO  com.intuit.karate - [print]
20:14:58.369 [ForkJoinPool-1-worker-9] INFO  com.intuit.karate - [print] testing xlinkurl:http://standaarden.overheid.nl/owms/terms/Ministerie_van_Landbouw,_Natuur_en_Voedselkwaliteit
20:14:58.492 [ForkJoinPool-1-worker-27] INFO  com.intuit.karate - [print] title:Amplitude van het getij op de Noordzee
20:14:58.492 [ForkJoinPool-1-worker-27] INFO  com.intuit.karate - [print] Amplitude van het getij op de Noordzee
20:14:58.494 [ForkJoinPool-1-worker-27] INFO  com.intuit.karate - [print] [
  "http://www.opengis.net/def/crs/EPSG/0/https://www.opengis.net/def/crs/EPSG/0/4258",
  "https://www.nationaalgeoregister.nl/geonetwork/srv/api/recordsbe6551de-a709-4c6d-a5e2-f63f0cf038ba"
]

20:14:58.499 [ForkJoinPool-1-worker-27] INFO  com.intuit.karate - [print]
20:14:58.499 [ForkJoinPool-1-worker-27] INFO  com.intuit.karate - [print] testing xlinkurl:http://www.opengis.net/def/crs/EPSG/0/https://www.opengis.net/def/crs/EPSG/0/4258
20:14:58.557 [ForkJoinPool-1-worker-13] ERROR com.intuit.karate - status code was: 404, expected: 200, response time: 400, url: http://geonetwork-opensource.org/inspire-theme#, response: 
20:14:58.557 [ForkJoinPool-1-worker-13] ERROR com.intuit.karate - feature call (loop) failed at index: 2
caller: classpath:InspireTest/ngr/datasetrecords/def/checkxlinkurl.template.feature
arg: {"link":"http://geonetwork-opensource.org/inspire-theme#"}
checkxlinkurl.template.feature:15 - status code was: 404, expected: 200, response time: 400, url: http://geonetwork-opensource.org/inspire-theme#, response: 
20:14:58.558 [ForkJoinPool-1-worker-13] INFO  com.intuit.karate - [print]
20:14:58.558 [ForkJoinPool-1-worker-13] INFO  com.intuit.karate - [print] testing xlinkurl:https://www.nationaalgeoregister.nl/geonetwork/srv/eng/thesaurus.download?ref=external.theme.inspire-theme
20:14:58.588 [ForkJoinPool-1-worker-23] INFO  com.intuit.karate - [print] title:NB-wetgebieden buiten Natura 2000
20:14:58.589 [ForkJoinPool-1-worker-23] INFO  com.intuit.karate - [print] NB-wetgebieden buiten Natura 2000
20:14:58.591 [ForkJoinPool-1-worker-23] INFO  com.intuit.karate - [print] [
  "http://www.opengis.net/def/crs/EPSG/0/http://www.opengis.net/def/crs/EPSG/0/3034",
  "http://nationaalgeoregister.nl/geonetwork/srv/dut/csw?SERVICE=CSW&version=2.0.2&REQUEST=GetRecordById&elementSetName=full&OutputSchema=http://www.isotc211.org/2005/gmd&ID=f0821bfe-5a0a-11e9-8647-d663bd873d93",
  "https://creativecommons.org/publicdomain/mark/*/deed.nl",
  ""
]

20:14:58.598 [ForkJoinPool-1-worker-23] INFO  com.intuit.karate - [print]
20:14:58.598 [ForkJoinPool-1-worker-23] INFO  com.intuit.karate - [print] testing xlinkurl:http://www.opengis.net/def/crs/EPSG/0/http://www.opengis.net/def/crs/EPSG/0/3034
20:14:58.687 [ForkJoinPool-1-worker-3] INFO  com.intuit.karate - [print] title:Grondwatersamenstellinggegevens KRW meetronde 2012 onder INSPIRE
20:14:58.688 [ForkJoinPool-1-worker-3] INFO  com.intuit.karate - [print] Grondwatersamenstellinggegevens KRW meetronde 2012 onder INSPIRE
20:14:58.690 [ForkJoinPool-1-worker-3] INFO  com.intuit.karate - [print] [
  "https://nationaalgeoregister.nl/geonetwork/srv/resources7d716522-fa1a-43b4-99c0-3a3480f9e218",
  "https://www.nationaalgeoregister.nl/geonetwork/srv/eng/thesaurus.download?ref=external.theme.inspire-theme"
]

20:14:58.694 [ForkJoinPool-1-worker-3] INFO  com.intuit.karate - [print]
20:14:58.695 [ForkJoinPool-1-worker-3] INFO  com.intuit.karate - [print] testing xlinkurl:https://nationaalgeoregister.nl/geonetwork/srv/resources7d716522-fa1a-43b4-99c0-3a3480f9e218
20:14:58.788 [ForkJoinPool-1-worker-21] INFO  com.intuit.karate - [print] title:Mosselzaadinvanginstallaties
20:14:58.789 [ForkJoinPool-1-worker-21] INFO  com.intuit.karate - [print] Mosselzaadinvanginstallaties
20:14:58.791 [ForkJoinPool-1-worker-21] INFO  com.intuit.karate - [print] [
  "http://standaarden.overheid.nl/owms/terms/Ministerie_van_Landbouw,_Natuur_en_Voedselkwaliteit",
  "http://standaarden.overheid.nl/owms/terms/Ministerie_van_Landbouw,_Natuur_en_Voedselkwaliteit",
  "http://standaarden.overheid.nl/owms/terms/Ministerie_van_Landbouw,_Natuur_en_Voedselkwaliteit",
  "https://data.overheid.nl/organisatie/PDOK"
]

20:14:58.795 [ForkJoinPool-1-worker-27] INFO  com.intuit.karate - [print]
20:14:58.796 [ForkJoinPool-1-worker-27] INFO  com.intuit.karate - [print] testing xlinkurl:https://www.nationaalgeoregister.nl/geonetwork/srv/api/recordsbe6551de-a709-4c6d-a5e2-f63f0cf038ba
20:14:58.801 [ForkJoinPool-1-worker-21] INFO  com.intuit.karate - [print]
20:14:58.805 [ForkJoinPool-1-worker-21] INFO  com.intuit.karate - [print] testing xlinkurl:http://standaarden.overheid.nl/owms/terms/Ministerie_van_Landbouw,_Natuur_en_Voedselkwaliteit
20:14:58.810 [ForkJoinPool-1-worker-5] INFO  com.intuit.karate - [print]
20:14:58.810 [ForkJoinPool-1-worker-5] INFO  com.intuit.karate - [print] testing xlinkurl:https://creativecommons.org/publicdomain/mark/*/deed.nl
20:14:58.856 [ForkJoinPool-1-worker-17] INFO  com.intuit.karate - [print] title:Adressen (INSPIRE geharmoniseerd)
20:14:58.857 [ForkJoinPool-1-worker-17] INFO  com.intuit.karate - [print] Adressen (INSPIRE geharmoniseerd)
20:14:58.858 [ForkJoinPool-1-worker-17] INFO  com.intuit.karate - [print] [
  "http://www.opengis.net/def/crs/EPSG/0/http://www.opengis.net/def/crs/EPSG/0/4258",
  "http://kadaster/1d32fc50-cd5b-4425-b0df-16c7c7940e94"
]

20:14:58.859 [ForkJoinPool-1-worker-5] ERROR com.intuit.karate - status code was: 404, expected: 200, response time: 49, url: https://creativecommons.org/publicdomain/mark/*/deed.nl, response: 
20:14:58.860 [ForkJoinPool-1-worker-5] ERROR com.intuit.karate - feature call (loop) failed at index: 1
caller: classpath:InspireTest/ngr/datasetrecords/def/checkxlinkurl.template.feature
arg: {"link":"https://creativecommons.org/publicdomain/mark/*/deed.nl"}
checkxlinkurl.template.feature:15 - status code was: 404, expected: 200, response time: 49, url: https://creativecommons.org/publicdomain/mark/*/deed.nl, response: 
20:14:58.862 [ForkJoinPool-1-worker-5] INFO  com.intuit.karate - [print]
20:14:58.862 [ForkJoinPool-1-worker-5] INFO  com.intuit.karate - [print] testing xlinkurl:
20:14:58.863 [ForkJoinPool-1-worker-5] ERROR com.intuit.karate - org.apache.http.client.ClientProtocolException, http call failed after 0 milliseconds for URL: 
20:14:58.863 [ForkJoinPool-1-worker-5] ERROR com.intuit.karate - http request failed: 
org.apache.http.client.ClientProtocolException
20:14:58.863 [ForkJoinPool-1-worker-5] ERROR com.intuit.karate - feature call (loop) failed at index: 2
caller: classpath:InspireTest/ngr/datasetrecords/def/checkxlinkurl.template.feature
arg: {"link":""}
checkxlinkurl.template.feature:14 - 
org.apache.http.client.ClientProtocolException
20:14:58.868 [ForkJoinPool-1-worker-17] INFO  com.intuit.karate - [print]
20:14:58.871 [ForkJoinPool-1-worker-13] ERROR com.intuit.karate - status code was: 500, expected: 200, response time: 312, url: https://www.nationaalgeoregister.nl/geonetwork/srv/eng/thesaurus.download?ref=external.theme.inspire-theme, response: 
20:14:58.871 [ForkJoinPool-1-worker-13] ERROR com.intuit.karate - feature call (loop) failed at index: 3
caller: classpath:InspireTest/ngr/datasetrecords/def/checkxlinkurl.template.feature
arg: {"link":"https://www.nationaalgeoregister.nl/geonetwork/srv/eng/thesaurus.download?ref=external.theme.inspire-theme"}
checkxlinkurl.template.feature:15 - status code was: 500, expected: 200, response time: 312, url: https://www.nationaalgeoregister.nl/geonetwork/srv/eng/thesaurus.download?ref=external.theme.inspire-theme, response: 
20:14:58.872 [ForkJoinPool-1-worker-17] INFO  com.intuit.karate - [print] testing xlinkurl:http://www.opengis.net/def/crs/EPSG/0/http://www.opengis.net/def/crs/EPSG/0/4258
20:14:58.896 [ForkJoinPool-1-worker-23] INFO  com.intuit.karate - [print]
20:14:58.897 [ForkJoinPool-1-worker-23] INFO  com.intuit.karate - [print] testing xlinkurl:http://nationaalgeoregister.nl/geonetwork/srv/dut/csw?SERVICE=CSW&version=2.0.2&REQUEST=GetRecordById&elementSetName=full&OutputSchema=http://www.isotc211.org/2005/gmd&ID=f0821bfe-5a0a-11e9-8647-d663bd873d93
20:14:58.913 [ForkJoinPool-1-worker-19] INFO  com.intuit.karate - [print] title:Richtlijn Overstromingsrisico - historische overstromingen EU2018
20:14:58.914 [ForkJoinPool-1-worker-19] INFO  com.intuit.karate - [print] Richtlijn Overstromingsrisico - historische overstromingen EU2018
20:14:58.916 [ForkJoinPool-1-worker-19] INFO  com.intuit.karate - [print] [
  "https://www.nationaalgeoregister.nl/geonetwork/srv/dut/catalog.search#/metadata/ror-9d8e-4758-83fx-28b057f185f1",
  "http://rdfdata.eionet.europa.eu/inspirethemes/themes/25",
  "https://ngr.geocat.live/geonetwork/srv/eng/thesaurus.download?ref=external.theme.httpinspireeceuropaeumetadatacodelistPrioritydataset-Prioritydataset",
  "urn:ogc:def:crs:EPSG::5709"
]

20:14:58.921 [ForkJoinPool-1-worker-19] INFO  com.intuit.karate - [print]
20:14:58.922 [ForkJoinPool-1-worker-19] INFO  com.intuit.karate - [print] testing xlinkurl:https://www.nationaalgeoregister.nl/geonetwork/srv/dut/catalog.search#/metadata/ror-9d8e-4758-83fx-28b057f185f1
20:14:58.988 [ForkJoinPool-1-worker-3] ERROR com.intuit.karate - status code was: 404, expected: 200, response time: 293, url: https://nationaalgeoregister.nl/geonetwork/srv/resources7d716522-fa1a-43b4-99c0-3a3480f9e218, response: 
20:14:58.988 [ForkJoinPool-1-worker-3] ERROR com.intuit.karate - feature call (loop) failed at index: 0
caller: classpath:InspireTest/ngr/datasetrecords/def/checkxlinkurl.template.feature
arg: {"link":"https://nationaalgeoregister.nl/geonetwork/srv/resources7d716522-fa1a-43b4-99c0-3a3480f9e218"}
checkxlinkurl.template.feature:15 - status code was: 404, expected: 200, response time: 293, url: https://nationaalgeoregister.nl/geonetwork/srv/resources7d716522-fa1a-43b4-99c0-3a3480f9e218, response: 
20:14:58.989 [ForkJoinPool-1-worker-3] INFO  com.intuit.karate - [print]
20:14:58.989 [ForkJoinPool-1-worker-3] INFO  com.intuit.karate - [print] testing xlinkurl:https://www.nationaalgeoregister.nl/geonetwork/srv/eng/thesaurus.download?ref=external.theme.inspire-theme
20:14:59.108 [ForkJoinPool-1-worker-27] ERROR com.intuit.karate - status code was: 500, expected: 200, response time: 312, url: https://www.nationaalgeoregister.nl/geonetwork/srv/api/recordsbe6551de-a709-4c6d-a5e2-f63f0cf038ba, response: 
20:14:59.108 [ForkJoinPool-1-worker-27] ERROR com.intuit.karate - feature call (loop) failed at index: 1
caller: classpath:InspireTest/ngr/datasetrecords/def/checkxlinkurl.template.feature
arg: {"link":"https://www.nationaalgeoregister.nl/geonetwork/srv/api/recordsbe6551de-a709-4c6d-a5e2-f63f0cf038ba"}
checkxlinkurl.template.feature:15 - status code was: 500, expected: 200, response time: 312, url: https://www.nationaalgeoregister.nl/geonetwork/srv/api/recordsbe6551de-a709-4c6d-a5e2-f63f0cf038ba, response: 
20:14:59.168 [ForkJoinPool-1-worker-17] INFO  com.intuit.karate - [print]
20:14:59.168 [ForkJoinPool-1-worker-17] INFO  com.intuit.karate - [print] testing xlinkurl:http://kadaster/1d32fc50-cd5b-4425-b0df-16c7c7940e94
20:14:59.168 [ForkJoinPool-1-worker-17] ERROR com.intuit.karate - java.net.UnknownHostException: kadaster, http call failed after 0 milliseconds for URL: http://kadaster/1d32fc50-cd5b-4425-b0df-16c7c7940e94
20:14:59.168 [ForkJoinPool-1-worker-17] ERROR com.intuit.karate - http request failed: 
java.net.UnknownHostException: kadaster
20:14:59.168 [ForkJoinPool-1-worker-17] ERROR com.intuit.karate - feature call (loop) failed at index: 1
caller: classpath:InspireTest/ngr/datasetrecords/def/checkxlinkurl.template.feature
arg: {"link":"http://kadaster/1d32fc50-cd5b-4425-b0df-16c7c7940e94"}
checkxlinkurl.template.feature:14 - 
java.net.UnknownHostException: kadaster
20:14:59.251 [ForkJoinPool-1-worker-19] INFO  com.intuit.karate - [print]
20:14:59.252 [ForkJoinPool-1-worker-19] INFO  com.intuit.karate - [print] testing xlinkurl:http://rdfdata.eionet.europa.eu/inspirethemes/themes/25
20:14:59.303 [ForkJoinPool-1-worker-3] ERROR com.intuit.karate - status code was: 500, expected: 200, response time: 313, url: https://www.nationaalgeoregister.nl/geonetwork/srv/eng/thesaurus.download?ref=external.theme.inspire-theme, response: 
20:14:59.303 [ForkJoinPool-1-worker-3] ERROR com.intuit.karate - feature call (loop) failed at index: 1
caller: classpath:InspireTest/ngr/datasetrecords/def/checkxlinkurl.template.feature
arg: {"link":"https://www.nationaalgeoregister.nl/geonetwork/srv/eng/thesaurus.download?ref=external.theme.inspire-theme"}
checkxlinkurl.template.feature:15 - status code was: 500, expected: 200, response time: 313, url: https://www.nationaalgeoregister.nl/geonetwork/srv/eng/thesaurus.download?ref=external.theme.inspire-theme, response: 
20:14:59.400 [ForkJoinPool-1-worker-21] INFO  com.intuit.karate - [print]
20:14:59.401 [ForkJoinPool-1-worker-21] INFO  com.intuit.karate - [print] testing xlinkurl:http://standaarden.overheid.nl/owms/terms/Ministerie_van_Landbouw,_Natuur_en_Voedselkwaliteit
20:14:59.419 [ForkJoinPool-1-worker-23] INFO  com.intuit.karate - [print]
20:14:59.419 [ForkJoinPool-1-worker-23] INFO  com.intuit.karate - [print] testing xlinkurl:https://creativecommons.org/publicdomain/mark/*/deed.nl
20:14:59.452 [ForkJoinPool-1-worker-19] ERROR com.intuit.karate - status code was: 404, expected: 200, response time: 198, url: http://rdfdata.eionet.europa.eu/inspirethemes/themes/25, response: 
20:14:59.452 [ForkJoinPool-1-worker-19] ERROR com.intuit.karate - feature call (loop) failed at index: 1
caller: classpath:InspireTest/ngr/datasetrecords/def/checkxlinkurl.template.feature
arg: {"link":"http://rdfdata.eionet.europa.eu/inspirethemes/themes/25"}
checkxlinkurl.template.feature:15 - status code was: 404, expected: 200, response time: 198, url: http://rdfdata.eionet.europa.eu/inspirethemes/themes/25, response: 
20:14:59.453 [ForkJoinPool-1-worker-19] INFO  com.intuit.karate - [print]
20:14:59.453 [ForkJoinPool-1-worker-19] INFO  com.intuit.karate - [print] testing xlinkurl:https://ngr.geocat.live/geonetwork/srv/eng/thesaurus.download?ref=external.theme.httpinspireeceuropaeumetadatacodelistPrioritydataset-Prioritydataset
20:14:59.459 [ForkJoinPool-1-worker-23] ERROR com.intuit.karate - status code was: 404, expected: 200, response time: 39, url: https://creativecommons.org/publicdomain/mark/*/deed.nl, response: 
20:14:59.460 [ForkJoinPool-1-worker-23] ERROR com.intuit.karate - feature call (loop) failed at index: 2
caller: classpath:InspireTest/ngr/datasetrecords/def/checkxlinkurl.template.feature
arg: {"link":"https://creativecommons.org/publicdomain/mark/*/deed.nl"}
checkxlinkurl.template.feature:15 - status code was: 404, expected: 200, response time: 39, url: https://creativecommons.org/publicdomain/mark/*/deed.nl, response: 
20:14:59.461 [ForkJoinPool-1-worker-23] INFO  com.intuit.karate - [print]
20:14:59.462 [ForkJoinPool-1-worker-23] INFO  com.intuit.karate - [print] testing xlinkurl:
20:14:59.463 [ForkJoinPool-1-worker-23] ERROR com.intuit.karate - org.apache.http.client.ClientProtocolException, http call failed after 0 milliseconds for URL: 
20:14:59.463 [ForkJoinPool-1-worker-23] ERROR com.intuit.karate - http request failed: 
org.apache.http.client.ClientProtocolException
20:14:59.464 [ForkJoinPool-1-worker-23] ERROR com.intuit.karate - feature call (loop) failed at index: 3
caller: classpath:InspireTest/ngr/datasetrecords/def/checkxlinkurl.template.feature
arg: {"link":""}
checkxlinkurl.template.feature:14 - 
org.apache.http.client.ClientProtocolException
20:14:59.469 [ForkJoinPool-1-worker-5] INFO  com.intuit.karate - [print] title:Afgevoerde hoeveelheid afval in 2015 vanuit de industrie
20:14:59.470 [ForkJoinPool-1-worker-5] INFO  com.intuit.karate - [print] Afgevoerde hoeveelheid afval in 2015 vanuit de industrie
20:14:59.472 [ForkJoinPool-1-worker-5] INFO  com.intuit.karate - [print] [
  "https://data.rivm.nl/inspire/id#1de92b14-bc21-4f33-b0de-abd325e61804"
]

20:14:59.479 [ForkJoinPool-1-worker-5] INFO  com.intuit.karate - [print]
20:14:59.480 [ForkJoinPool-1-worker-5] INFO  com.intuit.karate - [print] testing xlinkurl:https://data.rivm.nl/inspire/id#1de92b14-bc21-4f33-b0de-abd325e61804
20:14:59.551 [ForkJoinPool-1-worker-13] INFO  com.intuit.karate - [print] title:Publiekrechtelijke beperkingen
20:14:59.551 [ForkJoinPool-1-worker-13] INFO  com.intuit.karate - [print] Publiekrechtelijke beperkingen
20:14:59.554 [ForkJoinPool-1-worker-13] INFO  com.intuit.karate - [print] [
  "http://kadaster/e2318c58-b1e6-4621-9c77-33b8a1fd0124"
]

20:14:59.559 [ForkJoinPool-1-worker-13] INFO  com.intuit.karate - [print]
20:14:59.559 [ForkJoinPool-1-worker-13] INFO  com.intuit.karate - [print] testing xlinkurl:http://kadaster/e2318c58-b1e6-4621-9c77-33b8a1fd0124
20:14:59.560 [ForkJoinPool-1-worker-13] ERROR com.intuit.karate - java.net.UnknownHostException: kadaster, http call failed after 0 milliseconds for URL: http://kadaster/e2318c58-b1e6-4621-9c77-33b8a1fd0124
20:14:59.561 [ForkJoinPool-1-worker-13] ERROR com.intuit.karate - http request failed: 
java.net.UnknownHostException: kadaster
20:14:59.562 [ForkJoinPool-1-worker-13] ERROR com.intuit.karate - feature call (loop) failed at index: 0
caller: classpath:InspireTest/ngr/datasetrecords/def/checkxlinkurl.template.feature
arg: {"link":"http://kadaster/e2318c58-b1e6-4621-9c77-33b8a1fd0124"}
checkxlinkurl.template.feature:14 - 
java.net.UnknownHostException: kadaster
20:14:59.577 [ForkJoinPool-1-worker-27] INFO  com.intuit.karate - [print] title:Kadastrale kaart v4
20:14:59.577 [ForkJoinPool-1-worker-27] INFO  com.intuit.karate - [print] Kadastrale kaart v4
20:14:59.582 [ForkJoinPool-1-worker-9] INFO  com.intuit.karate - [print] title:Gecontroleerde klimatologische daggegevens KNMI Nederland
20:14:59.582 [ForkJoinPool-1-worker-9] INFO  com.intuit.karate - [print] Gecontroleerde klimatologische daggegevens KNMI Nederland
20:14:59.584 [ForkJoinPool-1-worker-9] INFO  com.intuit.karate - [print] [
  "https://www.nationaalgeoregister.nl/geonetwork/srv/api/records6e4a2001-fef7-471c-8286-4f859bc1131e",
  "https://creativecommons.org/publicdomain/zero/*/deed.nl"
]

20:14:59.586 [ForkJoinPool-1-worker-27] INFO  com.intuit.karate - [print] [
  "h",
  "t",
  "t",
  "p",
  "s",
  ":",
  "/",
  "/",
  "w",
  "w",
  "w",
  ".",
  "n",
  "a",
  "t",
  "i",
  "o",
  "n",
  "a",
  "a",
  "l",
  "g",
  "e",
  "o",
  "r",
  "e",
  "g",
  "i",
  "s",
  "t",
  "e",
  "r",
  ".",
  "n",
  "l",
  ":",
  "4",
  "4",
  "3",
  "/",
  "g",
  "e",
  "o",
  "n",
  "e",
  "t",
  "w",
  "o",
  "r",
  "k",
  "/",
  "s",
  "r",
  "v",
  "/",
  "e",
  "n",
  "g",
  "/",
  "t",
  "h",
  "e",
  "s",
  "a",
  "u",
  "r",
  "u",
  "s",
  ".",
  "d",
  "o",
  "w",
  "n",
  "l",
  "o",
  "a",
  "d",
  "?",
  "r",
  "e",
  "f",
  "=",
  "e",
  "x",
  "t",
  "e",
  "r",
  "n",
  "a",
  "l",
  ".",
  "t",
  "h",
  "e",
  "m",
  "e",
  ".",
  "h",
  "t",
  "t",
  "p",
  "i",
  "n",
  "s",
  "p",
  "i",
  "r",
  "e",
  "e",
  "c",
  "e",
  "u",
  "r",
  "o",
  "p",
  "a",
  "e",
  "u",
  "t",
  "h",
  "e",
  "m",
  "e",
  "-",
  "t",
  "h",
  "e",
  "m",
  "e"
]

20:14:59.591 [ForkJoinPool-1-worker-27] INFO  com.intuit.karate - [print]
20:14:59.592 [ForkJoinPool-1-worker-27] INFO  com.intuit.karate - [print] testing xlinkurl:h
20:14:59.593 [ForkJoinPool-1-worker-27] ERROR com.intuit.karate - org.apache.http.client.ClientProtocolException, http call failed after 0 milliseconds for URL: h
20:14:59.594 [ForkJoinPool-1-worker-27] ERROR com.intuit.karate - http request failed: 
org.apache.http.client.ClientProtocolException
20:14:59.594 [ForkJoinPool-1-worker-27] ERROR com.intuit.karate - feature call (loop) failed at index: 0
caller: classpath:InspireTest/ngr/datasetrecords/def/checkxlinkurl.template.feature
arg: {"link":"h"}
checkxlinkurl.template.feature:14 - 
org.apache.http.client.ClientProtocolException
20:14:59.595 [ForkJoinPool-1-worker-9] INFO  com.intuit.karate - [print]
20:14:59.595 [ForkJoinPool-1-worker-9] INFO  com.intuit.karate - [print] testing xlinkurl:https://www.nationaalgeoregister.nl/geonetwork/srv/api/records6e4a2001-fef7-471c-8286-4f859bc1131e
20:14:59.597 [ForkJoinPool-1-worker-27] INFO  com.intuit.karate - [print]
20:14:59.598 [ForkJoinPool-1-worker-27] INFO  com.intuit.karate - [print] testing xlinkurl:t
20:14:59.598 [ForkJoinPool-1-worker-27] ERROR com.intuit.karate - org.apache.http.client.ClientProtocolException, http call failed after 0 milliseconds for URL: t
20:14:59.599 [ForkJoinPool-1-worker-27] ERROR com.intuit.karate - http request failed: 
org.apache.http.client.ClientProtocolException
20:14:59.599 [ForkJoinPool-1-worker-27] ERROR com.intuit.karate - feature call (loop) failed at index: 1
caller: classpath:InspireTest/ngr/datasetrecords/def/checkxlinkurl.template.feature
arg: {"link":"t"}
checkxlinkurl.template.feature:14 - 
org.apache.http.client.ClientProtocolException
20:14:59.600 [ForkJoinPool-1-worker-27] INFO  com.intuit.karate - [print]
20:14:59.600 [ForkJoinPool-1-worker-27] INFO  com.intuit.karate - [print] testing xlinkurl:t
20:14:59.601 [ForkJoinPool-1-worker-27] ERROR com.intuit.karate - org.apache.http.client.ClientProtocolException, http call failed after 0 milliseconds for URL: t
20:14:59.601 [ForkJoinPool-1-worker-27] ERROR com.intuit.karate - http request failed: 
org.apache.http.client.ClientProtocolException
20:14:59.602 [ForkJoinPool-1-worker-27] ERROR com.intuit.karate - feature call (loop) failed at index: 2
caller: classpath:InspireTest/ngr/datasetrecords/def/checkxlinkurl.template.feature
arg: {"link":"t"}
checkxlinkurl.template.feature:14 - 
org.apache.http.client.ClientProtocolException
20:14:59.603 [ForkJoinPool-1-worker-27] INFO  com.intuit.karate - [print]
20:14:59.603 [ForkJoinPool-1-worker-27] INFO  com.intuit.karate - [print] testing xlinkurl:p
20:14:59.604 [ForkJoinPool-1-worker-27] ERROR com.intuit.karate - org.apache.http.client.ClientProtocolException, http call failed after 0 milliseconds for URL: p
20:14:59.604 [ForkJoinPool-1-worker-27] ERROR com.intuit.karate - http request failed: 
org.apache.http.client.ClientProtocolException
20:14:59.604 [ForkJoinPool-1-worker-27] ERROR com.intuit.karate - feature call (loop) failed at index: 3
caller: classpath:InspireTest/ngr/datasetrecords/def/checkxlinkurl.template.feature
arg: {"link":"p"}
checkxlinkurl.template.feature:14 - 
org.apache.http.client.ClientProtocolException
20:14:59.605 [ForkJoinPool-1-worker-27] INFO  com.intuit.karate - [print]
20:14:59.606 [ForkJoinPool-1-worker-27] INFO  com.intuit.karate - [print] testing xlinkurl:s
20:14:59.606 [ForkJoinPool-1-worker-27] ERROR com.intuit.karate - org.apache.http.client.ClientProtocolException, http call failed after 0 milliseconds for URL: s
20:14:59.607 [ForkJoinPool-1-worker-27] ERROR com.intuit.karate - http request failed: 
org.apache.http.client.ClientProtocolException
20:14:59.607 [ForkJoinPool-1-worker-27] ERROR com.intuit.karate - feature call (loop) failed at index: 4
caller: classpath:InspireTest/ngr/datasetrecords/def/checkxlinkurl.template.feature
arg: {"link":"s"}
checkxlinkurl.template.feature:14 - 
org.apache.http.client.ClientProtocolException
20:14:59.608 [ForkJoinPool-1-worker-27] INFO  com.intuit.karate - [print]
20:14:59.608 [ForkJoinPool-1-worker-27] INFO  com.intuit.karate - [print] testing xlinkurl::
20:14:59.609 [ForkJoinPool-1-worker-27] ERROR com.intuit.karate - http request failed: java.net.URISyntaxException: Expected scheme name at index 0: :
20:14:59.609 [ForkJoinPool-1-worker-27] ERROR com.intuit.karate - feature call (loop) failed at index: 5
caller: classpath:InspireTest/ngr/datasetrecords/def/checkxlinkurl.template.feature
arg: {"link":":"}
checkxlinkurl.template.feature:14 - java.net.URISyntaxException: Expected scheme name at index 0: :
20:14:59.611 [ForkJoinPool-1-worker-27] INFO  com.intuit.karate - [print]
20:14:59.611 [ForkJoinPool-1-worker-27] INFO  com.intuit.karate - [print] testing xlinkurl:/
20:14:59.612 [ForkJoinPool-1-worker-27] ERROR com.intuit.karate - org.apache.http.client.ClientProtocolException, http call failed after 0 milliseconds for URL: /
20:14:59.612 [ForkJoinPool-1-worker-27] ERROR com.intuit.karate - http request failed: 
org.apache.http.client.ClientProtocolException
20:14:59.612 [ForkJoinPool-1-worker-27] ERROR com.intuit.karate - feature call (loop) failed at index: 6
caller: classpath:InspireTest/ngr/datasetrecords/def/checkxlinkurl.template.feature
arg: {"link":"/"}
checkxlinkurl.template.feature:14 - 
org.apache.http.client.ClientProtocolException
20:14:59.614 [ForkJoinPool-1-worker-27] INFO  com.intuit.karate - [print]
20:14:59.614 [ForkJoinPool-1-worker-27] INFO  com.intuit.karate - [print] testing xlinkurl:/
20:14:59.614 [ForkJoinPool-1-worker-27] ERROR com.intuit.karate - org.apache.http.client.ClientProtocolException, http call failed after 0 milliseconds for URL: /
20:14:59.615 [ForkJoinPool-1-worker-27] ERROR com.intuit.karate - http request failed: 
org.apache.http.client.ClientProtocolException
20:14:59.615 [ForkJoinPool-1-worker-27] ERROR com.intuit.karate - feature call (loop) failed at index: 7
caller: classpath:InspireTest/ngr/datasetrecords/def/checkxlinkurl.template.feature
arg: {"link":"/"}
checkxlinkurl.template.feature:14 - 
org.apache.http.client.ClientProtocolException
20:14:59.616 [ForkJoinPool-1-worker-27] INFO  com.intuit.karate - [print]
20:14:59.616 [ForkJoinPool-1-worker-27] INFO  com.intuit.karate - [print] testing xlinkurl:w
20:14:59.617 [ForkJoinPool-1-worker-27] ERROR com.intuit.karate - org.apache.http.client.ClientProtocolException, http call failed after 0 milliseconds for URL: w
20:14:59.617 [ForkJoinPool-1-worker-27] ERROR com.intuit.karate - http request failed: 
org.apache.http.client.ClientProtocolException
20:14:59.617 [ForkJoinPool-1-worker-27] ERROR com.intuit.karate - feature call (loop) failed at index: 8
caller: classpath:InspireTest/ngr/datasetrecords/def/checkxlinkurl.template.feature
arg: {"link":"w"}
checkxlinkurl.template.feature:14 - 
org.apache.http.client.ClientProtocolException
20:14:59.618 [ForkJoinPool-1-worker-27] INFO  com.intuit.karate - [print]
20:14:59.618 [ForkJoinPool-1-worker-27] INFO  com.intuit.karate - [print] testing xlinkurl:w
20:14:59.619 [ForkJoinPool-1-worker-27] ERROR com.intuit.karate - org.apache.http.client.ClientProtocolException, http call failed after 0 milliseconds for URL: w
20:14:59.619 [ForkJoinPool-1-worker-27] ERROR com.intuit.karate - http request failed: 
org.apache.http.client.ClientProtocolException
20:14:59.619 [ForkJoinPool-1-worker-27] ERROR com.intuit.karate - feature call (loop) failed at index: 9
caller: classpath:InspireTest/ngr/datasetrecords/def/checkxlinkurl.template.feature
arg: {"link":"w"}
checkxlinkurl.template.feature:14 - 
org.apache.http.client.ClientProtocolException
20:14:59.623 [ForkJoinPool-1-worker-27] INFO  com.intuit.karate - [print]
20:14:59.624 [ForkJoinPool-1-worker-27] INFO  com.intuit.karate - [print] testing xlinkurl:w
20:14:59.624 [ForkJoinPool-1-worker-27] ERROR com.intuit.karate - org.apache.http.client.ClientProtocolException, http call failed after 0 milliseconds for URL: w
20:14:59.624 [ForkJoinPool-1-worker-27] ERROR com.intuit.karate - http request failed: 
org.apache.http.client.ClientProtocolException
20:14:59.625 [ForkJoinPool-1-worker-27] ERROR com.intuit.karate - feature call (loop) failed at index: 10
caller: classpath:InspireTest/ngr/datasetrecords/def/checkxlinkurl.template.feature
arg: {"link":"w"}
checkxlinkurl.template.feature:14 - 
org.apache.http.client.ClientProtocolException
20:14:59.626 [ForkJoinPool-1-worker-27] INFO  com.intuit.karate - [print]
20:14:59.626 [ForkJoinPool-1-worker-27] INFO  com.intuit.karate - [print] testing xlinkurl:.
20:14:59.626 [ForkJoinPool-1-worker-27] ERROR com.intuit.karate - org.apache.http.client.ClientProtocolException, http call failed after 0 milliseconds for URL: .
20:14:59.626 [ForkJoinPool-1-worker-27] ERROR com.intuit.karate - http request failed: 
org.apache.http.client.ClientProtocolException
20:14:59.627 [ForkJoinPool-1-worker-27] ERROR com.intuit.karate - feature call (loop) failed at index: 11
caller: classpath:InspireTest/ngr/datasetrecords/def/checkxlinkurl.template.feature
arg: {"link":"."}
checkxlinkurl.template.feature:14 - 
org.apache.http.client.ClientProtocolException
20:14:59.631 [ForkJoinPool-1-worker-27] INFO  com.intuit.karate - [print]
20:14:59.631 [ForkJoinPool-1-worker-27] INFO  com.intuit.karate - [print] testing xlinkurl:n
20:14:59.633 [ForkJoinPool-1-worker-27] ERROR com.intuit.karate - org.apache.http.client.ClientProtocolException, http call failed after 0 milliseconds for URL: n
20:14:59.633 [ForkJoinPool-1-worker-27] ERROR com.intuit.karate - http request failed: 
org.apache.http.client.ClientProtocolException
20:14:59.634 [ForkJoinPool-1-worker-27] ERROR com.intuit.karate - feature call (loop) failed at index: 12
caller: classpath:InspireTest/ngr/datasetrecords/def/checkxlinkurl.template.feature
arg: {"link":"n"}
checkxlinkurl.template.feature:14 - 
org.apache.http.client.ClientProtocolException
20:14:59.635 [ForkJoinPool-1-worker-27] INFO  com.intuit.karate - [print]
20:14:59.635 [ForkJoinPool-1-worker-27] INFO  com.intuit.karate - [print] testing xlinkurl:a
20:14:59.636 [ForkJoinPool-1-worker-27] ERROR com.intuit.karate - org.apache.http.client.ClientProtocolException, http call failed after 0 milliseconds for URL: a
20:14:59.636 [ForkJoinPool-1-worker-27] ERROR com.intuit.karate - http request failed: 
org.apache.http.client.ClientProtocolException
20:14:59.637 [ForkJoinPool-1-worker-27] ERROR com.intuit.karate - feature call (loop) failed at index: 13
caller: classpath:InspireTest/ngr/datasetrecords/def/checkxlinkurl.template.feature
arg: {"link":"a"}
checkxlinkurl.template.feature:14 - 
org.apache.http.client.ClientProtocolException
20:14:59.638 [ForkJoinPool-1-worker-27] INFO  com.intuit.karate - [print]
20:14:59.638 [ForkJoinPool-1-worker-27] INFO  com.intuit.karate - [print] testing xlinkurl:t
20:14:59.638 [ForkJoinPool-1-worker-27] ERROR com.intuit.karate - org.apache.http.client.ClientProtocolException, http call failed after 0 milliseconds for URL: t
20:14:59.639 [ForkJoinPool-1-worker-27] ERROR com.intuit.karate - http request failed: 
org.apache.http.client.ClientProtocolException
20:14:59.639 [ForkJoinPool-1-worker-27] ERROR com.intuit.karate - feature call (loop) failed at index: 14
caller: classpath:InspireTest/ngr/datasetrecords/def/checkxlinkurl.template.feature
arg: {"link":"t"}
checkxlinkurl.template.feature:14 - 
org.apache.http.client.ClientProtocolException
20:14:59.641 [ForkJoinPool-1-worker-27] INFO  com.intuit.karate - [print]
20:14:59.641 [ForkJoinPool-1-worker-27] INFO  com.intuit.karate - [print] testing xlinkurl:i
20:14:59.641 [ForkJoinPool-1-worker-27] ERROR com.intuit.karate - org.apache.http.client.ClientProtocolException, http call failed after 0 milliseconds for URL: i
20:14:59.642 [ForkJoinPool-1-worker-27] ERROR com.intuit.karate - http request failed: 
org.apache.http.client.ClientProtocolException
20:14:59.642 [ForkJoinPool-1-worker-27] ERROR com.intuit.karate - feature call (loop) failed at index: 15
caller: classpath:InspireTest/ngr/datasetrecords/def/checkxlinkurl.template.feature
arg: {"link":"i"}
checkxlinkurl.template.feature:14 - 
org.apache.http.client.ClientProtocolException
20:14:59.648 [ForkJoinPool-1-worker-27] INFO  com.intuit.karate - [print]
20:14:59.649 [ForkJoinPool-1-worker-27] INFO  com.intuit.karate - [print] testing xlinkurl:o
20:14:59.649 [ForkJoinPool-1-worker-27] ERROR com.intuit.karate - org.apache.http.client.ClientProtocolException, http call failed after 0 milliseconds for URL: o
20:14:59.649 [ForkJoinPool-1-worker-27] ERROR com.intuit.karate - http request failed: 
org.apache.http.client.ClientProtocolException
20:14:59.650 [ForkJoinPool-1-worker-27] ERROR com.intuit.karate - feature call (loop) failed at index: 16
caller: classpath:InspireTest/ngr/datasetrecords/def/checkxlinkurl.template.feature
arg: {"link":"o"}
checkxlinkurl.template.feature:14 - 
org.apache.http.client.ClientProtocolException
20:14:59.651 [ForkJoinPool-1-worker-27] INFO  com.intuit.karate - [print]
20:14:59.652 [ForkJoinPool-1-worker-27] INFO  com.intuit.karate - [print] testing xlinkurl:n
20:14:59.652 [ForkJoinPool-1-worker-27] ERROR com.intuit.karate - org.apache.http.client.ClientProtocolException, http call failed after 0 milliseconds for URL: n
20:14:59.652 [ForkJoinPool-1-worker-27] ERROR com.intuit.karate - http request failed: 
org.apache.http.client.ClientProtocolException
20:14:59.653 [ForkJoinPool-1-worker-27] ERROR com.intuit.karate - feature call (loop) failed at index: 17
caller: classpath:InspireTest/ngr/datasetrecords/def/checkxlinkurl.template.feature
arg: {"link":"n"}
checkxlinkurl.template.feature:14 - 
org.apache.http.client.ClientProtocolException
20:14:59.655 [ForkJoinPool-1-worker-27] INFO  com.intuit.karate - [print]
20:14:59.655 [ForkJoinPool-1-worker-27] INFO  com.intuit.karate - [print] testing xlinkurl:a
20:14:59.658 [ForkJoinPool-1-worker-27] ERROR com.intuit.karate - org.apache.http.client.ClientProtocolException, http call failed after 0 milliseconds for URL: a
20:14:59.660 [ForkJoinPool-1-worker-27] ERROR com.intuit.karate - http request failed: 
org.apache.http.client.ClientProtocolException
20:14:59.660 [ForkJoinPool-1-worker-27] ERROR com.intuit.karate - feature call (loop) failed at index: 18
caller: classpath:InspireTest/ngr/datasetrecords/def/checkxlinkurl.template.feature
arg: {"link":"a"}
checkxlinkurl.template.feature:14 - 
org.apache.http.client.ClientProtocolException
20:14:59.665 [ForkJoinPool-1-worker-27] INFO  com.intuit.karate - [print]
20:14:59.666 [ForkJoinPool-1-worker-27] INFO  com.intuit.karate - [print] testing xlinkurl:a
20:14:59.666 [ForkJoinPool-1-worker-27] ERROR com.intuit.karate - org.apache.http.client.ClientProtocolException, http call failed after 0 milliseconds for URL: a
20:14:59.667 [ForkJoinPool-1-worker-27] ERROR com.intuit.karate - http request failed: 
org.apache.http.client.ClientProtocolException
20:14:59.667 [ForkJoinPool-1-worker-27] ERROR com.intuit.karate - feature call (loop) failed at index: 19
caller: classpath:InspireTest/ngr/datasetrecords/def/checkxlinkurl.template.feature
arg: {"link":"a"}
checkxlinkurl.template.feature:14 - 
org.apache.http.client.ClientProtocolException
20:14:59.668 [ForkJoinPool-1-worker-27] INFO  com.intuit.karate - [print]
20:14:59.669 [ForkJoinPool-1-worker-27] INFO  com.intuit.karate - [print] testing xlinkurl:l
20:14:59.669 [ForkJoinPool-1-worker-27] ERROR com.intuit.karate - org.apache.http.client.ClientProtocolException, http call failed after 0 milliseconds for URL: l
20:14:59.670 [ForkJoinPool-1-worker-27] ERROR com.intuit.karate - http request failed: 
org.apache.http.client.ClientProtocolException
20:14:59.671 [ForkJoinPool-1-worker-27] ERROR com.intuit.karate - feature call (loop) failed at index: 20
caller: classpath:InspireTest/ngr/datasetrecords/def/checkxlinkurl.template.feature
arg: {"link":"l"}
checkxlinkurl.template.feature:14 - 
org.apache.http.client.ClientProtocolException
20:14:59.672 [ForkJoinPool-1-worker-27] INFO  com.intuit.karate - [print]
20:14:59.676 [ForkJoinPool-1-worker-27] INFO  com.intuit.karate - [print] testing xlinkurl:g
20:14:59.676 [ForkJoinPool-1-worker-31] INFO  com.intuit.karate - [print] title:Territoriale Zee volgens UNCLOS - Noordzee
20:14:59.676 [ForkJoinPool-1-worker-31] INFO  com.intuit.karate - [print] Territoriale Zee volgens UNCLOS - Noordzee
20:14:59.677 [ForkJoinPool-1-worker-27] ERROR com.intuit.karate - org.apache.http.client.ClientProtocolException, http call failed after 0 milliseconds for URL: g
20:14:59.677 [ForkJoinPool-1-worker-27] ERROR com.intuit.karate - http request failed: 
org.apache.http.client.ClientProtocolException
20:14:59.677 [ForkJoinPool-1-worker-27] ERROR com.intuit.karate - feature call (loop) failed at index: 21
caller: classpath:InspireTest/ngr/datasetrecords/def/checkxlinkurl.template.feature
arg: {"link":"g"}
checkxlinkurl.template.feature:14 - 
org.apache.http.client.ClientProtocolException
20:14:59.678 [ForkJoinPool-1-worker-31] INFO  com.intuit.karate - [print] [
  "http://www.opengis.net/def/crs/EPSG/0/https://www.opengis.net/def/crs/EPSG/0/4258",
  "https://www.nationaalgeoregister.nl/geonetwork/srv/api/recordsbb11be63-bd38-4632-bf54-df44c423a529"
]

20:14:59.683 [ForkJoinPool-1-worker-31] INFO  com.intuit.karate - [print]
20:14:59.683 [ForkJoinPool-1-worker-31] INFO  com.intuit.karate - [print] testing xlinkurl:http://www.opengis.net/def/crs/EPSG/0/https://www.opengis.net/def/crs/EPSG/0/4258
20:14:59.684 [ForkJoinPool-1-worker-27] INFO  com.intuit.karate - [print]
20:14:59.685 [ForkJoinPool-1-worker-27] INFO  com.intuit.karate - [print] testing xlinkurl:e
20:14:59.685 [ForkJoinPool-1-worker-27] ERROR com.intuit.karate - org.apache.http.client.ClientProtocolException, http call failed after 0 milliseconds for URL: e
20:14:59.685 [ForkJoinPool-1-worker-27] ERROR com.intuit.karate - http request failed: 
org.apache.http.client.ClientProtocolException
20:14:59.699 [ForkJoinPool-1-worker-27] ERROR com.intuit.karate - feature call (loop) failed at index: 22
caller: classpath:InspireTest/ngr/datasetrecords/def/checkxlinkurl.template.feature
arg: {"link":"e"}
checkxlinkurl.template.feature:14 - 
org.apache.http.client.ClientProtocolException
20:14:59.701 [ForkJoinPool-1-worker-27] INFO  com.intuit.karate - [print]
20:14:59.701 [ForkJoinPool-1-worker-27] INFO  com.intuit.karate - [print] testing xlinkurl:o
20:14:59.701 [ForkJoinPool-1-worker-27] ERROR com.intuit.karate - org.apache.http.client.ClientProtocolException, http call failed after 0 milliseconds for URL: o
20:14:59.701 [ForkJoinPool-1-worker-27] ERROR com.intuit.karate - http request failed: 
org.apache.http.client.ClientProtocolException
20:14:59.702 [ForkJoinPool-1-worker-27] ERROR com.intuit.karate - feature call (loop) failed at index: 23
caller: classpath:InspireTest/ngr/datasetrecords/def/checkxlinkurl.template.feature
arg: {"link":"o"}
checkxlinkurl.template.feature:14 - 
org.apache.http.client.ClientProtocolException
20:14:59.702 [ForkJoinPool-1-worker-27] INFO  com.intuit.karate - [print]
20:14:59.702 [ForkJoinPool-1-worker-27] INFO  com.intuit.karate - [print] testing xlinkurl:r
20:14:59.703 [ForkJoinPool-1-worker-27] ERROR com.intuit.karate - org.apache.http.client.ClientProtocolException, http call failed after 0 milliseconds for URL: r
20:14:59.703 [ForkJoinPool-1-worker-27] ERROR com.intuit.karate - http request failed: 
org.apache.http.client.ClientProtocolException
20:14:59.703 [ForkJoinPool-1-worker-27] ERROR com.intuit.karate - feature call (loop) failed at index: 24
caller: classpath:InspireTest/ngr/datasetrecords/def/checkxlinkurl.template.feature
arg: {"link":"r"}
checkxlinkurl.template.feature:14 - 
org.apache.http.client.ClientProtocolException
20:14:59.703 [ForkJoinPool-1-worker-27] INFO  com.intuit.karate - [print]
20:14:59.703 [ForkJoinPool-1-worker-27] INFO  com.intuit.karate - [print] testing xlinkurl:e
20:14:59.704 [ForkJoinPool-1-worker-27] ERROR com.intuit.karate - org.apache.http.client.ClientProtocolException, http call failed after 0 milliseconds for URL: e
20:14:59.704 [ForkJoinPool-1-worker-27] ERROR com.intuit.karate - http request failed: 
org.apache.http.client.ClientProtocolException
20:14:59.704 [ForkJoinPool-1-worker-27] ERROR com.intuit.karate - feature call (loop) failed at index: 25
caller: classpath:InspireTest/ngr/datasetrecords/def/checkxlinkurl.template.feature
arg: {"link":"e"}
checkxlinkurl.template.feature:14 - 
org.apache.http.client.ClientProtocolException
20:14:59.704 [ForkJoinPool-1-worker-27] INFO  com.intuit.karate - [print]
20:14:59.704 [ForkJoinPool-1-worker-27] INFO  com.intuit.karate - [print] testing xlinkurl:g
20:14:59.705 [ForkJoinPool-1-worker-27] ERROR com.intuit.karate - org.apache.http.client.ClientProtocolException, http call failed after 0 milliseconds for URL: g
20:14:59.705 [ForkJoinPool-1-worker-27] ERROR com.intuit.karate - http request failed: 
org.apache.http.client.ClientProtocolException
20:14:59.705 [ForkJoinPool-1-worker-27] ERROR com.intuit.karate - feature call (loop) failed at index: 26
caller: classpath:InspireTest/ngr/datasetrecords/def/checkxlinkurl.template.feature
arg: {"link":"g"}
checkxlinkurl.template.feature:14 - 
org.apache.http.client.ClientProtocolException
20:14:59.706 [ForkJoinPool-1-worker-27] INFO  com.intuit.karate - [print]
20:14:59.717 [ForkJoinPool-1-worker-27] INFO  com.intuit.karate - [print] testing xlinkurl:i
20:14:59.721 [ForkJoinPool-1-worker-27] ERROR com.intuit.karate - org.apache.http.client.ClientProtocolException, http call failed after 0 milliseconds for URL: i
20:14:59.721 [ForkJoinPool-1-worker-27] ERROR com.intuit.karate - http request failed: 
org.apache.http.client.ClientProtocolException
20:14:59.725 [ForkJoinPool-1-worker-27] ERROR com.intuit.karate - feature call (loop) failed at index: 27
caller: classpath:InspireTest/ngr/datasetrecords/def/checkxlinkurl.template.feature
arg: {"link":"i"}
checkxlinkurl.template.feature:14 - 
org.apache.http.client.ClientProtocolException
20:14:59.727 [ForkJoinPool-1-worker-27] INFO  com.intuit.karate - [print]
20:14:59.727 [ForkJoinPool-1-worker-27] INFO  com.intuit.karate - [print] testing xlinkurl:s
20:14:59.728 [ForkJoinPool-1-worker-27] ERROR com.intuit.karate - org.apache.http.client.ClientProtocolException, http call failed after 0 milliseconds for URL: s
20:14:59.728 [ForkJoinPool-1-worker-27] ERROR com.intuit.karate - http request failed: 
org.apache.http.client.ClientProtocolException
20:14:59.730 [ForkJoinPool-1-worker-27] ERROR com.intuit.karate - feature call (loop) failed at index: 28
caller: classpath:InspireTest/ngr/datasetrecords/def/checkxlinkurl.template.feature
arg: {"link":"s"}
checkxlinkurl.template.feature:14 - 
org.apache.http.client.ClientProtocolException
20:14:59.731 [ForkJoinPool-1-worker-27] INFO  com.intuit.karate - [print]
20:14:59.736 [ForkJoinPool-1-worker-27] INFO  com.intuit.karate - [print] testing xlinkurl:t
20:14:59.737 [ForkJoinPool-1-worker-27] ERROR com.intuit.karate - org.apache.http.client.ClientProtocolException, http call failed after 0 milliseconds for URL: t
20:14:59.737 [ForkJoinPool-1-worker-27] ERROR com.intuit.karate - http request failed: 
org.apache.http.client.ClientProtocolException
20:14:59.738 [ForkJoinPool-1-worker-27] ERROR com.intuit.karate - feature call (loop) failed at index: 29
caller: classpath:InspireTest/ngr/datasetrecords/def/checkxlinkurl.template.feature
arg: {"link":"t"}
checkxlinkurl.template.feature:14 - 
org.apache.http.client.ClientProtocolException
20:14:59.740 [ForkJoinPool-1-worker-27] INFO  com.intuit.karate - [print]
20:14:59.740 [ForkJoinPool-1-worker-27] INFO  com.intuit.karate - [print] testing xlinkurl:e
20:14:59.741 [ForkJoinPool-1-worker-27] ERROR com.intuit.karate - org.apache.http.client.ClientProtocolException, http call failed after 0 milliseconds for URL: e
20:14:59.741 [ForkJoinPool-1-worker-27] ERROR com.intuit.karate - http request failed: 
org.apache.http.client.ClientProtocolException
20:14:59.742 [ForkJoinPool-1-worker-27] ERROR com.intuit.karate - feature call (loop) failed at index: 30
caller: classpath:InspireTest/ngr/datasetrecords/def/checkxlinkurl.template.feature
arg: {"link":"e"}
checkxlinkurl.template.feature:14 - 
org.apache.http.client.ClientProtocolException
20:14:59.744 [ForkJoinPool-1-worker-27] INFO  com.intuit.karate - [print]
20:14:59.744 [ForkJoinPool-1-worker-27] INFO  com.intuit.karate - [print] testing xlinkurl:r
20:14:59.745 [ForkJoinPool-1-worker-27] ERROR com.intuit.karate - org.apache.http.client.ClientProtocolException, http call failed after 0 milliseconds for URL: r
20:14:59.745 [ForkJoinPool-1-worker-27] ERROR com.intuit.karate - http request failed: 
org.apache.http.client.ClientProtocolException
20:14:59.747 [ForkJoinPool-1-worker-27] ERROR com.intuit.karate - feature call (loop) failed at index: 31
caller: classpath:InspireTest/ngr/datasetrecords/def/checkxlinkurl.template.feature
arg: {"link":"r"}
checkxlinkurl.template.feature:14 - 
org.apache.http.client.ClientProtocolException
20:14:59.748 [ForkJoinPool-1-worker-27] INFO  com.intuit.karate - [print]
20:14:59.749 [ForkJoinPool-1-worker-27] INFO  com.intuit.karate - [print] testing xlinkurl:.
20:14:59.749 [ForkJoinPool-1-worker-27] ERROR com.intuit.karate - org.apache.http.client.ClientProtocolException, http call failed after 0 milliseconds for URL: .
20:14:59.749 [ForkJoinPool-1-worker-27] ERROR com.intuit.karate - http request failed: 
org.apache.http.client.ClientProtocolException
20:14:59.755 [ForkJoinPool-1-worker-27] ERROR com.intuit.karate - feature call (loop) failed at index: 32
caller: classpath:InspireTest/ngr/datasetrecords/def/checkxlinkurl.template.feature
arg: {"link":"."}
checkxlinkurl.template.feature:14 - 
org.apache.http.client.ClientProtocolException
20:14:59.757 [ForkJoinPool-1-worker-27] INFO  com.intuit.karate - [print]
20:14:59.757 [ForkJoinPool-1-worker-27] INFO  com.intuit.karate - [print] testing xlinkurl:n
20:14:59.758 [ForkJoinPool-1-worker-27] ERROR com.intuit.karate - org.apache.http.client.ClientProtocolException, http call failed after 0 milliseconds for URL: n
20:14:59.758 [ForkJoinPool-1-worker-27] ERROR com.intuit.karate - http request failed: 
org.apache.http.client.ClientProtocolException
20:14:59.759 [ForkJoinPool-1-worker-27] ERROR com.intuit.karate - feature call (loop) failed at index: 33
caller: classpath:InspireTest/ngr/datasetrecords/def/checkxlinkurl.template.feature
arg: {"link":"n"}
checkxlinkurl.template.feature:14 - 
org.apache.http.client.ClientProtocolException
20:14:59.761 [ForkJoinPool-1-worker-27] INFO  com.intuit.karate - [print]
20:14:59.761 [ForkJoinPool-1-worker-27] INFO  com.intuit.karate - [print] testing xlinkurl:l
20:14:59.762 [ForkJoinPool-1-worker-27] ERROR com.intuit.karate - org.apache.http.client.ClientProtocolException, http call failed after 0 milliseconds for URL: l
20:14:59.762 [ForkJoinPool-1-worker-27] ERROR com.intuit.karate - http request failed: 
org.apache.http.client.ClientProtocolException
20:14:59.763 [ForkJoinPool-1-worker-27] ERROR com.intuit.karate - feature call (loop) failed at index: 34
caller: classpath:InspireTest/ngr/datasetrecords/def/checkxlinkurl.template.feature
arg: {"link":"l"}
checkxlinkurl.template.feature:14 - 
org.apache.http.client.ClientProtocolException
20:14:59.765 [ForkJoinPool-1-worker-27] INFO  com.intuit.karate - [print]
20:14:59.766 [ForkJoinPool-1-worker-27] INFO  com.intuit.karate - [print] testing xlinkurl::
20:14:59.766 [ForkJoinPool-1-worker-27] ERROR com.intuit.karate - http request failed: java.net.URISyntaxException: Expected scheme name at index 0: :
20:14:59.767 [ForkJoinPool-1-worker-27] ERROR com.intuit.karate - feature call (loop) failed at index: 35
caller: classpath:InspireTest/ngr/datasetrecords/def/checkxlinkurl.template.feature
arg: {"link":":"}
checkxlinkurl.template.feature:14 - java.net.URISyntaxException: Expected scheme name at index 0: :
20:14:59.769 [ForkJoinPool-1-worker-27] INFO  com.intuit.karate - [print]
20:14:59.770 [ForkJoinPool-1-worker-27] INFO  com.intuit.karate - [print] testing xlinkurl:4
20:14:59.771 [ForkJoinPool-1-worker-19] ERROR com.intuit.karate - status code was: 500, expected: 200, response time: 317, url: https://ngr.geocat.live/geonetwork/srv/eng/thesaurus.download?ref=external.theme.httpinspireeceuropaeumetadatacodelistPrioritydataset-Prioritydataset, response: 
20:14:59.771 [ForkJoinPool-1-worker-19] ERROR com.intuit.karate - feature call (loop) failed at index: 2
caller: classpath:InspireTest/ngr/datasetrecords/def/checkxlinkurl.template.feature
arg: {"link":"https://ngr.geocat.live/geonetwork/srv/eng/thesaurus.download?ref=external.theme.httpinspireeceuropaeumetadatacodelistPrioritydataset-Prioritydataset"}
checkxlinkurl.template.feature:15 - status code was: 500, expected: 200, response time: 317, url: https://ngr.geocat.live/geonetwork/srv/eng/thesaurus.download?ref=external.theme.httpinspireeceuropaeumetadatacodelistPrioritydataset-Prioritydataset, response: 
20:14:59.771 [ForkJoinPool-1-worker-27] ERROR com.intuit.karate - org.apache.http.client.ClientProtocolException, http call failed after 0 milliseconds for URL: 4
20:14:59.771 [ForkJoinPool-1-worker-27] ERROR com.intuit.karate - http request failed: 
org.apache.http.client.ClientProtocolException
20:14:59.771 [ForkJoinPool-1-worker-19] INFO  com.intuit.karate - [print]
20:14:59.771 [ForkJoinPool-1-worker-19] INFO  com.intuit.karate - [print] testing xlinkurl:urn:ogc:def:crs:EPSG::5709
20:14:59.771 [ForkJoinPool-1-worker-27] ERROR com.intuit.karate - feature call (loop) failed at index: 36
caller: classpath:InspireTest/ngr/datasetrecords/def/checkxlinkurl.template.feature
arg: {"link":"4"}
checkxlinkurl.template.feature:14 - 
org.apache.http.client.ClientProtocolException
20:14:59.772 [ForkJoinPool-1-worker-19] ERROR com.intuit.karate - org.apache.http.client.ClientProtocolException: URI does not specify a valid host name: urn:ogc:def:crs:EPSG::5709, http call failed after 0 milliseconds for URL: urn:ogc:def:crs:EPSG::5709
20:14:59.772 [ForkJoinPool-1-worker-19] ERROR com.intuit.karate - http request failed: 
org.apache.http.client.ClientProtocolException: URI does not specify a valid host name: urn:ogc:def:crs:EPSG::5709
20:14:59.772 [ForkJoinPool-1-worker-19] ERROR com.intuit.karate - feature call (loop) failed at index: 3
caller: classpath:InspireTest/ngr/datasetrecords/def/checkxlinkurl.template.feature
arg: {"link":"urn:ogc:def:crs:EPSG::5709"}
checkxlinkurl.template.feature:14 - 
org.apache.http.client.ClientProtocolException: URI does not specify a valid host name: urn:ogc:def:crs:EPSG::5709
20:14:59.772 [ForkJoinPool-1-worker-27] INFO  com.intuit.karate - [print]
20:14:59.772 [ForkJoinPool-1-worker-27] INFO  com.intuit.karate - [print] testing xlinkurl:4
20:14:59.773 [ForkJoinPool-1-worker-27] ERROR com.intuit.karate - org.apache.http.client.ClientProtocolException, http call failed after 0 milliseconds for URL: 4
20:14:59.773 [ForkJoinPool-1-worker-27] ERROR com.intuit.karate - http request failed: 
org.apache.http.client.ClientProtocolException
20:14:59.773 [ForkJoinPool-1-worker-27] ERROR com.intuit.karate - feature call (loop) failed at index: 37
caller: classpath:InspireTest/ngr/datasetrecords/def/checkxlinkurl.template.feature
arg: {"link":"4"}
checkxlinkurl.template.feature:14 - 
org.apache.http.client.ClientProtocolException
20:14:59.787 [ForkJoinPool-1-worker-27] INFO  com.intuit.karate - [print]
20:14:59.787 [ForkJoinPool-1-worker-27] INFO  com.intuit.karate - [print] testing xlinkurl:3
20:14:59.787 [ForkJoinPool-1-worker-27] ERROR com.intuit.karate - org.apache.http.client.ClientProtocolException, http call failed after 0 milliseconds for URL: 3
20:14:59.787 [ForkJoinPool-1-worker-27] ERROR com.intuit.karate - http request failed: 
org.apache.http.client.ClientProtocolException
20:14:59.787 [ForkJoinPool-1-worker-27] ERROR com.intuit.karate - feature call (loop) failed at index: 38
caller: classpath:InspireTest/ngr/datasetrecords/def/checkxlinkurl.template.feature
arg: {"link":"3"}
checkxlinkurl.template.feature:14 - 
org.apache.http.client.ClientProtocolException
20:14:59.788 [ForkJoinPool-1-worker-27] INFO  com.intuit.karate - [print]
20:14:59.788 [ForkJoinPool-1-worker-27] INFO  com.intuit.karate - [print] testing xlinkurl:/
20:14:59.788 [ForkJoinPool-1-worker-27] ERROR com.intuit.karate - org.apache.http.client.ClientProtocolException, http call failed after 0 milliseconds for URL: /
20:14:59.789 [ForkJoinPool-1-worker-27] ERROR com.intuit.karate - http request failed: 
org.apache.http.client.ClientProtocolException
20:14:59.789 [ForkJoinPool-1-worker-27] ERROR com.intuit.karate - feature call (loop) failed at index: 39
caller: classpath:InspireTest/ngr/datasetrecords/def/checkxlinkurl.template.feature
arg: {"link":"/"}
checkxlinkurl.template.feature:14 - 
org.apache.http.client.ClientProtocolException
20:14:59.789 [ForkJoinPool-1-worker-27] INFO  com.intuit.karate - [print]
20:14:59.789 [ForkJoinPool-1-worker-27] INFO  com.intuit.karate - [print] testing xlinkurl:g
20:14:59.790 [ForkJoinPool-1-worker-27] ERROR com.intuit.karate - org.apache.http.client.ClientProtocolException, http call failed after 0 milliseconds for URL: g
20:14:59.790 [ForkJoinPool-1-worker-27] ERROR com.intuit.karate - http request failed: 
org.apache.http.client.ClientProtocolException
20:14:59.790 [ForkJoinPool-1-worker-27] ERROR com.intuit.karate - feature call (loop) failed at index: 40
caller: classpath:InspireTest/ngr/datasetrecords/def/checkxlinkurl.template.feature
arg: {"link":"g"}
checkxlinkurl.template.feature:14 - 
org.apache.http.client.ClientProtocolException
20:14:59.793 [ForkJoinPool-1-worker-27] INFO  com.intuit.karate - [print]
20:14:59.793 [ForkJoinPool-1-worker-27] INFO  com.intuit.karate - [print] testing xlinkurl:e
20:14:59.793 [ForkJoinPool-1-worker-27] ERROR com.intuit.karate - org.apache.http.client.ClientProtocolException, http call failed after 0 milliseconds for URL: e
20:14:59.794 [ForkJoinPool-1-worker-27] ERROR com.intuit.karate - http request failed: 
org.apache.http.client.ClientProtocolException
20:14:59.794 [ForkJoinPool-1-worker-27] ERROR com.intuit.karate - feature call (loop) failed at index: 41
caller: classpath:InspireTest/ngr/datasetrecords/def/checkxlinkurl.template.feature
arg: {"link":"e"}
checkxlinkurl.template.feature:14 - 
org.apache.http.client.ClientProtocolException
20:14:59.795 [ForkJoinPool-1-worker-27] INFO  com.intuit.karate - [print]
20:14:59.795 [ForkJoinPool-1-worker-27] INFO  com.intuit.karate - [print] testing xlinkurl:o
20:14:59.795 [ForkJoinPool-1-worker-27] ERROR com.intuit.karate - org.apache.http.client.ClientProtocolException, http call failed after 0 milliseconds for URL: o
20:14:59.802 [ForkJoinPool-1-worker-27] ERROR com.intuit.karate - http request failed: 
org.apache.http.client.ClientProtocolException
20:14:59.803 [ForkJoinPool-1-worker-27] ERROR com.intuit.karate - feature call (loop) failed at index: 42
caller: classpath:InspireTest/ngr/datasetrecords/def/checkxlinkurl.template.feature
arg: {"link":"o"}
checkxlinkurl.template.feature:14 - 
org.apache.http.client.ClientProtocolException
20:14:59.807 [ForkJoinPool-1-worker-27] INFO  com.intuit.karate - [print]
20:14:59.808 [ForkJoinPool-1-worker-27] INFO  com.intuit.karate - [print] testing xlinkurl:n
20:14:59.808 [ForkJoinPool-1-worker-27] ERROR com.intuit.karate - org.apache.http.client.ClientProtocolException, http call failed after 0 milliseconds for URL: n
20:14:59.808 [ForkJoinPool-1-worker-27] ERROR com.intuit.karate - http request failed: 
org.apache.http.client.ClientProtocolException
20:14:59.808 [ForkJoinPool-1-worker-27] ERROR com.intuit.karate - feature call (loop) failed at index: 43
caller: classpath:InspireTest/ngr/datasetrecords/def/checkxlinkurl.template.feature
arg: {"link":"n"}
checkxlinkurl.template.feature:14 - 
org.apache.http.client.ClientProtocolException
20:14:59.810 [ForkJoinPool-1-worker-27] INFO  com.intuit.karate - [print]
20:14:59.810 [ForkJoinPool-1-worker-27] INFO  com.intuit.karate - [print] testing xlinkurl:e
20:14:59.811 [ForkJoinPool-1-worker-27] ERROR com.intuit.karate - org.apache.http.client.ClientProtocolException, http call failed after 0 milliseconds for URL: e
20:14:59.811 [ForkJoinPool-1-worker-27] ERROR com.intuit.karate - http request failed: 
org.apache.http.client.ClientProtocolException
20:14:59.811 [ForkJoinPool-1-worker-27] ERROR com.intuit.karate - feature call (loop) failed at index: 44
caller: classpath:InspireTest/ngr/datasetrecords/def/checkxlinkurl.template.feature
arg: {"link":"e"}
checkxlinkurl.template.feature:14 - 
org.apache.http.client.ClientProtocolException
20:14:59.811 [ForkJoinPool-1-worker-27] INFO  com.intuit.karate - [print]
20:14:59.812 [ForkJoinPool-1-worker-27] INFO  com.intuit.karate - [print] testing xlinkurl:t
20:14:59.812 [ForkJoinPool-1-worker-27] ERROR com.intuit.karate - org.apache.http.client.ClientProtocolException, http call failed after 0 milliseconds for URL: t
20:14:59.812 [ForkJoinPool-1-worker-27] ERROR com.intuit.karate - http request failed: 
org.apache.http.client.ClientProtocolException
20:14:59.812 [ForkJoinPool-1-worker-27] ERROR com.intuit.karate - feature call (loop) failed at index: 45
caller: classpath:InspireTest/ngr/datasetrecords/def/checkxlinkurl.template.feature
arg: {"link":"t"}
checkxlinkurl.template.feature:14 - 
org.apache.http.client.ClientProtocolException
20:14:59.813 [ForkJoinPool-1-worker-27] INFO  com.intuit.karate - [print]
20:14:59.813 [ForkJoinPool-1-worker-27] INFO  com.intuit.karate - [print] testing xlinkurl:w
20:14:59.813 [ForkJoinPool-1-worker-27] ERROR com.intuit.karate - org.apache.http.client.ClientProtocolException, http call failed after 0 milliseconds for URL: w
20:14:59.813 [ForkJoinPool-1-worker-27] ERROR com.intuit.karate - http request failed: 
org.apache.http.client.ClientProtocolException
20:14:59.813 [ForkJoinPool-1-worker-27] ERROR com.intuit.karate - feature call (loop) failed at index: 46
caller: classpath:InspireTest/ngr/datasetrecords/def/checkxlinkurl.template.feature
arg: {"link":"w"}
checkxlinkurl.template.feature:14 - 
org.apache.http.client.ClientProtocolException
20:14:59.814 [ForkJoinPool-1-worker-27] INFO  com.intuit.karate - [print]
20:14:59.818 [ForkJoinPool-1-worker-27] INFO  com.intuit.karate - [print] testing xlinkurl:o
20:14:59.825 [ForkJoinPool-1-worker-17] INFO  com.intuit.karate - [print] title:Jaarcijfers Landelijk Meetnet Luchtkwaliteit 2012
20:14:59.825 [ForkJoinPool-1-worker-17] INFO  com.intuit.karate - [print] Jaarcijfers Landelijk Meetnet Luchtkwaliteit 2012
20:14:59.828 [ForkJoinPool-1-worker-17] INFO  com.intuit.karate - [print] [
  "https://data.rivm.nl/inspire/id#b5ccab29-e2cc-4178-9f81-40c50e909754"
]

20:14:59.833 [ForkJoinPool-1-worker-17] INFO  com.intuit.karate - [print]
20:14:59.833 [ForkJoinPool-1-worker-27] ERROR com.intuit.karate - org.apache.http.client.ClientProtocolException, http call failed after 0 milliseconds for URL: o
20:14:59.833 [ForkJoinPool-1-worker-27] ERROR com.intuit.karate - http request failed: 
org.apache.http.client.ClientProtocolException
20:14:59.834 [ForkJoinPool-1-worker-27] ERROR com.intuit.karate - feature call (loop) failed at index: 47
caller: classpath:InspireTest/ngr/datasetrecords/def/checkxlinkurl.template.feature
arg: {"link":"o"}
checkxlinkurl.template.feature:14 - 
org.apache.http.client.ClientProtocolException
20:14:59.837 [ForkJoinPool-1-worker-27] INFO  com.intuit.karate - [print]
20:14:59.838 [ForkJoinPool-1-worker-27] INFO  com.intuit.karate - [print] testing xlinkurl:r
20:14:59.838 [ForkJoinPool-1-worker-27] ERROR com.intuit.karate - org.apache.http.client.ClientProtocolException, http call failed after 0 milliseconds for URL: r
20:14:59.838 [ForkJoinPool-1-worker-27] ERROR com.intuit.karate - http request failed: 
org.apache.http.client.ClientProtocolException
20:14:59.838 [ForkJoinPool-1-worker-27] ERROR com.intuit.karate - feature call (loop) failed at index: 48
caller: classpath:InspireTest/ngr/datasetrecords/def/checkxlinkurl.template.feature
arg: {"link":"r"}
checkxlinkurl.template.feature:14 - 
org.apache.http.client.ClientProtocolException
20:14:59.839 [ForkJoinPool-1-worker-27] INFO  com.intuit.karate - [print]
20:14:59.839 [ForkJoinPool-1-worker-27] INFO  com.intuit.karate - [print] testing xlinkurl:k
20:14:59.839 [ForkJoinPool-1-worker-27] ERROR com.intuit.karate - org.apache.http.client.ClientProtocolException, http call failed after 0 milliseconds for URL: k
20:14:59.839 [ForkJoinPool-1-worker-27] ERROR com.intuit.karate - http request failed: 
org.apache.http.client.ClientProtocolException
20:14:59.839 [ForkJoinPool-1-worker-27] ERROR com.intuit.karate - feature call (loop) failed at index: 49
caller: classpath:InspireTest/ngr/datasetrecords/def/checkxlinkurl.template.feature
arg: {"link":"k"}
checkxlinkurl.template.feature:14 - 
org.apache.http.client.ClientProtocolException
20:14:59.840 [ForkJoinPool-1-worker-27] INFO  com.intuit.karate - [print]
20:14:59.840 [ForkJoinPool-1-worker-27] INFO  com.intuit.karate - [print] testing xlinkurl:/
20:14:59.840 [ForkJoinPool-1-worker-27] ERROR com.intuit.karate - org.apache.http.client.ClientProtocolException, http call failed after 0 milliseconds for URL: /
20:14:59.840 [ForkJoinPool-1-worker-27] ERROR com.intuit.karate - http request failed: 
org.apache.http.client.ClientProtocolException
20:14:59.840 [ForkJoinPool-1-worker-5] ERROR com.intuit.karate - javax.net.ssl.SSLException: Connection reset, http call failed after 358 milliseconds for URL: https://data.rivm.nl/inspire/id#1de92b14-bc21-4f33-b0de-abd325e61804
20:14:59.840 [ForkJoinPool-1-worker-5] ERROR com.intuit.karate - http request failed: 
javax.net.ssl.SSLException: Connection reset
20:14:59.841 [ForkJoinPool-1-worker-5] ERROR com.intuit.karate - feature call (loop) failed at index: 0
caller: classpath:InspireTest/ngr/datasetrecords/def/checkxlinkurl.template.feature
arg: {"link":"https://data.rivm.nl/inspire/id#1de92b14-bc21-4f33-b0de-abd325e61804"}
checkxlinkurl.template.feature:14 - 
javax.net.ssl.SSLException: Connection reset
20:14:59.844 [ForkJoinPool-1-worker-17] INFO  com.intuit.karate - [print] testing xlinkurl:https://data.rivm.nl/inspire/id#b5ccab29-e2cc-4178-9f81-40c50e909754
20:14:59.846 [ForkJoinPool-1-worker-27] ERROR com.intuit.karate - feature call (loop) failed at index: 50
caller: classpath:InspireTest/ngr/datasetrecords/def/checkxlinkurl.template.feature
arg: {"link":"/"}
checkxlinkurl.template.feature:14 - 
org.apache.http.client.ClientProtocolException
20:14:59.846 [ForkJoinPool-1-worker-27] INFO  com.intuit.karate - [print]
20:14:59.846 [ForkJoinPool-1-worker-27] INFO  com.intuit.karate - [print] testing xlinkurl:s
20:14:59.850 [ForkJoinPool-1-worker-27] ERROR com.intuit.karate - org.apache.http.client.ClientProtocolException, http call failed after 0 milliseconds for URL: s
20:14:59.850 [ForkJoinPool-1-worker-27] ERROR com.intuit.karate - http request failed: 
org.apache.http.client.ClientProtocolException
20:14:59.851 [ForkJoinPool-1-worker-27] ERROR com.intuit.karate - feature call (loop) failed at index: 51
caller: classpath:InspireTest/ngr/datasetrecords/def/checkxlinkurl.template.feature
arg: {"link":"s"}
checkxlinkurl.template.feature:14 - 
org.apache.http.client.ClientProtocolException
20:14:59.851 [ForkJoinPool-1-worker-27] INFO  com.intuit.karate - [print]
20:14:59.852 [ForkJoinPool-1-worker-27] INFO  com.intuit.karate - [print] testing xlinkurl:r
20:14:59.853 [ForkJoinPool-1-worker-27] ERROR com.intuit.karate - org.apache.http.client.ClientProtocolException, http call failed after 0 milliseconds for URL: r
20:14:59.853 [ForkJoinPool-1-worker-27] ERROR com.intuit.karate - http request failed: 
org.apache.http.client.ClientProtocolException
20:14:59.855 [ForkJoinPool-1-worker-27] ERROR com.intuit.karate - feature call (loop) failed at index: 52
caller: classpath:InspireTest/ngr/datasetrecords/def/checkxlinkurl.template.feature
arg: {"link":"r"}
checkxlinkurl.template.feature:14 - 
org.apache.http.client.ClientProtocolException
20:14:59.858 [ForkJoinPool-1-worker-27] INFO  com.intuit.karate - [print]
20:14:59.859 [ForkJoinPool-1-worker-27] INFO  com.intuit.karate - [print] testing xlinkurl:v
20:14:59.859 [ForkJoinPool-1-worker-27] ERROR com.intuit.karate - org.apache.http.client.ClientProtocolException, http call failed after 0 milliseconds for URL: v
20:14:59.860 [ForkJoinPool-1-worker-27] ERROR com.intuit.karate - http request failed: 
org.apache.http.client.ClientProtocolException
20:14:59.860 [ForkJoinPool-1-worker-27] ERROR com.intuit.karate - feature call (loop) failed at index: 53
caller: classpath:InspireTest/ngr/datasetrecords/def/checkxlinkurl.template.feature
arg: {"link":"v"}
checkxlinkurl.template.feature:14 - 
org.apache.http.client.ClientProtocolException
20:14:59.860 [ForkJoinPool-1-worker-27] INFO  com.intuit.karate - [print]
20:14:59.861 [ForkJoinPool-1-worker-27] INFO  com.intuit.karate - [print] testing xlinkurl:/
20:14:59.862 [ForkJoinPool-1-worker-27] ERROR com.intuit.karate - org.apache.http.client.ClientProtocolException, http call failed after 0 milliseconds for URL: /
20:14:59.865 [ForkJoinPool-1-worker-27] ERROR com.intuit.karate - http request failed: 
org.apache.http.client.ClientProtocolException
20:14:59.865 [ForkJoinPool-1-worker-27] ERROR com.intuit.karate - feature call (loop) failed at index: 54
caller: classpath:InspireTest/ngr/datasetrecords/def/checkxlinkurl.template.feature
arg: {"link":"/"}
checkxlinkurl.template.feature:14 - 
org.apache.http.client.ClientProtocolException
20:14:59.866 [ForkJoinPool-1-worker-27] INFO  com.intuit.karate - [print]
20:14:59.866 [ForkJoinPool-1-worker-27] INFO  com.intuit.karate - [print] testing xlinkurl:e
20:14:59.866 [ForkJoinPool-1-worker-27] ERROR com.intuit.karate - org.apache.http.client.ClientProtocolException, http call failed after 0 milliseconds for URL: e
20:14:59.866 [ForkJoinPool-1-worker-27] ERROR com.intuit.karate - http request failed: 
org.apache.http.client.ClientProtocolException
20:14:59.867 [ForkJoinPool-1-worker-27] ERROR com.intuit.karate - feature call (loop) failed at index: 55
caller: classpath:InspireTest/ngr/datasetrecords/def/checkxlinkurl.template.feature
arg: {"link":"e"}
checkxlinkurl.template.feature:14 - 
org.apache.http.client.ClientProtocolException
20:14:59.867 [ForkJoinPool-1-worker-27] INFO  com.intuit.karate - [print]
20:14:59.867 [ForkJoinPool-1-worker-27] INFO  com.intuit.karate - [print] testing xlinkurl:n
20:14:59.868 [ForkJoinPool-1-worker-27] ERROR com.intuit.karate - org.apache.http.client.ClientProtocolException, http call failed after 0 milliseconds for URL: n
20:14:59.868 [ForkJoinPool-1-worker-27] ERROR com.intuit.karate - http request failed: 
org.apache.http.client.ClientProtocolException
20:14:59.868 [ForkJoinPool-1-worker-27] ERROR com.intuit.karate - feature call (loop) failed at index: 56
caller: classpath:InspireTest/ngr/datasetrecords/def/checkxlinkurl.template.feature
arg: {"link":"n"}
checkxlinkurl.template.feature:14 - 
org.apache.http.client.ClientProtocolException
20:14:59.872 [ForkJoinPool-1-worker-3] INFO  com.intuit.karate - [print] title:Hydrografie waterschappen INSPIRE
20:14:59.872 [ForkJoinPool-1-worker-3] INFO  com.intuit.karate - [print] Hydrografie waterschappen INSPIRE
20:14:59.878 [ForkJoinPool-1-worker-3] INFO  com.intuit.karate - [print] [
  "http://www.opengis.net/def/crs/EPSG/0/ETRS89",
  "https://www.nationaalgeoregister.nl/geonetwork/srv/api/records07575774-57a1-4419-bab4-6c88fdeb02b2"
]

20:14:59.881 [ForkJoinPool-1-worker-27] INFO  com.intuit.karate - [print]
20:14:59.881 [ForkJoinPool-1-worker-27] INFO  com.intuit.karate - [print] testing xlinkurl:g
20:14:59.883 [ForkJoinPool-1-worker-27] ERROR com.intuit.karate - org.apache.http.client.ClientProtocolException, http call failed after 0 milliseconds for URL: g
20:14:59.883 [ForkJoinPool-1-worker-27] ERROR com.intuit.karate - http request failed: 
org.apache.http.client.ClientProtocolException
20:14:59.883 [ForkJoinPool-1-worker-27] ERROR com.intuit.karate - feature call (loop) failed at index: 57
caller: classpath:InspireTest/ngr/datasetrecords/def/checkxlinkurl.template.feature
arg: {"link":"g"}
checkxlinkurl.template.feature:14 - 
org.apache.http.client.ClientProtocolException
20:14:59.887 [ForkJoinPool-1-worker-27] INFO  com.intuit.karate - [print]
20:14:59.887 [ForkJoinPool-1-worker-27] INFO  com.intuit.karate - [print] testing xlinkurl:/
20:14:59.887 [ForkJoinPool-1-worker-27] ERROR com.intuit.karate - org.apache.http.client.ClientProtocolException, http call failed after 0 milliseconds for URL: /
20:14:59.887 [ForkJoinPool-1-worker-27] ERROR com.intuit.karate - http request failed: 
org.apache.http.client.ClientProtocolException
20:14:59.887 [ForkJoinPool-1-worker-27] ERROR com.intuit.karate - feature call (loop) failed at index: 58
caller: classpath:InspireTest/ngr/datasetrecords/def/checkxlinkurl.template.feature
arg: {"link":"/"}
checkxlinkurl.template.feature:14 - 
org.apache.http.client.ClientProtocolException
20:14:59.887 [ForkJoinPool-1-worker-3] INFO  com.intuit.karate - [print]
20:14:59.889 [ForkJoinPool-1-worker-3] INFO  com.intuit.karate - [print] testing xlinkurl:http://www.opengis.net/def/crs/EPSG/0/ETRS89
20:14:59.888 [ForkJoinPool-1-worker-27] INFO  com.intuit.karate - [print]
20:14:59.894 [ForkJoinPool-1-worker-27] INFO  com.intuit.karate - [print] testing xlinkurl:t
20:14:59.895 [ForkJoinPool-1-worker-27] ERROR com.intuit.karate - org.apache.http.client.ClientProtocolException, http call failed after 0 milliseconds for URL: t
20:14:59.895 [ForkJoinPool-1-worker-27] ERROR com.intuit.karate - http request failed: 
org.apache.http.client.ClientProtocolException
20:14:59.895 [ForkJoinPool-1-worker-27] ERROR com.intuit.karate - feature call (loop) failed at index: 59
caller: classpath:InspireTest/ngr/datasetrecords/def/checkxlinkurl.template.feature
arg: {"link":"t"}
checkxlinkurl.template.feature:14 - 
org.apache.http.client.ClientProtocolException
20:14:59.895 [ForkJoinPool-1-worker-27] INFO  com.intuit.karate - [print]
20:14:59.896 [ForkJoinPool-1-worker-27] INFO  com.intuit.karate - [print] testing xlinkurl:h
20:14:59.896 [ForkJoinPool-1-worker-27] ERROR com.intuit.karate - org.apache.http.client.ClientProtocolException, http call failed after 0 milliseconds for URL: h
20:14:59.896 [ForkJoinPool-1-worker-27] ERROR com.intuit.karate - http request failed: 
org.apache.http.client.ClientProtocolException
20:14:59.896 [ForkJoinPool-1-worker-27] ERROR com.intuit.karate - feature call (loop) failed at index: 60
caller: classpath:InspireTest/ngr/datasetrecords/def/checkxlinkurl.template.feature
arg: {"link":"h"}
checkxlinkurl.template.feature:14 - 
org.apache.http.client.ClientProtocolException
20:14:59.897 [ForkJoinPool-1-worker-27] INFO  com.intuit.karate - [print]
20:14:59.897 [ForkJoinPool-1-worker-27] INFO  com.intuit.karate - [print] testing xlinkurl:e
20:14:59.897 [ForkJoinPool-1-worker-27] ERROR com.intuit.karate - org.apache.http.client.ClientProtocolException, http call failed after 0 milliseconds for URL: e
20:14:59.902 [ForkJoinPool-1-worker-27] ERROR com.intuit.karate - http request failed: 
org.apache.http.client.ClientProtocolException
20:14:59.902 [ForkJoinPool-1-worker-27] ERROR com.intuit.karate - feature call (loop) failed at index: 61
caller: classpath:InspireTest/ngr/datasetrecords/def/checkxlinkurl.template.feature
arg: {"link":"e"}
checkxlinkurl.template.feature:14 - 
org.apache.http.client.ClientProtocolException
20:14:59.905 [ForkJoinPool-1-worker-27] INFO  com.intuit.karate - [print]
20:14:59.906 [ForkJoinPool-1-worker-27] INFO  com.intuit.karate - [print] testing xlinkurl:s
20:14:59.906 [ForkJoinPool-1-worker-27] ERROR com.intuit.karate - org.apache.http.client.ClientProtocolException, http call failed after 0 milliseconds for URL: s
20:14:59.906 [ForkJoinPool-1-worker-27] ERROR com.intuit.karate - http request failed: 
org.apache.http.client.ClientProtocolException
20:14:59.906 [ForkJoinPool-1-worker-27] ERROR com.intuit.karate - feature call (loop) failed at index: 62
caller: classpath:InspireTest/ngr/datasetrecords/def/checkxlinkurl.template.feature
arg: {"link":"s"}
checkxlinkurl.template.feature:14 - 
org.apache.http.client.ClientProtocolException
20:14:59.907 [ForkJoinPool-1-worker-27] INFO  com.intuit.karate - [print]
20:14:59.907 [ForkJoinPool-1-worker-27] INFO  com.intuit.karate - [print] testing xlinkurl:a
20:14:59.907 [ForkJoinPool-1-worker-27] ERROR com.intuit.karate - org.apache.http.client.ClientProtocolException, http call failed after 0 milliseconds for URL: a
20:14:59.907 [ForkJoinPool-1-worker-27] ERROR com.intuit.karate - http request failed: 
org.apache.http.client.ClientProtocolException
20:14:59.908 [ForkJoinPool-1-worker-27] ERROR com.intuit.karate - feature call (loop) failed at index: 63
caller: classpath:InspireTest/ngr/datasetrecords/def/checkxlinkurl.template.feature
arg: {"link":"a"}
checkxlinkurl.template.feature:14 - 
org.apache.http.client.ClientProtocolException
20:14:59.908 [ForkJoinPool-1-worker-27] INFO  com.intuit.karate - [print]
20:14:59.910 [ForkJoinPool-1-worker-27] INFO  com.intuit.karate - [print] testing xlinkurl:u
20:14:59.912 [ForkJoinPool-1-worker-27] ERROR com.intuit.karate - org.apache.http.client.ClientProtocolException, http call failed after 0 milliseconds for URL: u
20:14:59.912 [ForkJoinPool-1-worker-27] ERROR com.intuit.karate - http request failed: 
org.apache.http.client.ClientProtocolException
20:14:59.912 [ForkJoinPool-1-worker-27] ERROR com.intuit.karate - feature call (loop) failed at index: 64
caller: classpath:InspireTest/ngr/datasetrecords/def/checkxlinkurl.template.feature
arg: {"link":"u"}
checkxlinkurl.template.feature:14 - 
org.apache.http.client.ClientProtocolException
20:14:59.913 [ForkJoinPool-1-worker-27] INFO  com.intuit.karate - [print]
20:14:59.916 [ForkJoinPool-1-worker-27] INFO  com.intuit.karate - [print] testing xlinkurl:r
20:14:59.916 [ForkJoinPool-1-worker-27] ERROR com.intuit.karate - org.apache.http.client.ClientProtocolException, http call failed after 0 milliseconds for URL: r
20:14:59.916 [ForkJoinPool-1-worker-27] ERROR com.intuit.karate - http request failed: 
org.apache.http.client.ClientProtocolException
20:14:59.916 [ForkJoinPool-1-worker-27] ERROR com.intuit.karate - feature call (loop) failed at index: 65
caller: classpath:InspireTest/ngr/datasetrecords/def/checkxlinkurl.template.feature
arg: {"link":"r"}
checkxlinkurl.template.feature:14 - 
org.apache.http.client.ClientProtocolException
20:14:59.917 [ForkJoinPool-1-worker-27] INFO  com.intuit.karate - [print]
20:14:59.918 [ForkJoinPool-1-worker-27] INFO  com.intuit.karate - [print] testing xlinkurl:u
20:14:59.919 [ForkJoinPool-1-worker-27] ERROR com.intuit.karate - org.apache.http.client.ClientProtocolException, http call failed after 0 milliseconds for URL: u
20:14:59.919 [ForkJoinPool-1-worker-27] ERROR com.intuit.karate - http request failed: 
org.apache.http.client.ClientProtocolException
20:14:59.919 [ForkJoinPool-1-worker-27] ERROR com.intuit.karate - feature call (loop) failed at index: 66
caller: classpath:InspireTest/ngr/datasetrecords/def/checkxlinkurl.template.feature
arg: {"link":"u"}
checkxlinkurl.template.feature:14 - 
org.apache.http.client.ClientProtocolException
20:14:59.919 [ForkJoinPool-1-worker-27] INFO  com.intuit.karate - [print]
20:14:59.920 [ForkJoinPool-1-worker-27] INFO  com.intuit.karate - [print] testing xlinkurl:s
20:14:59.920 [ForkJoinPool-1-worker-27] ERROR com.intuit.karate - org.apache.http.client.ClientProtocolException, http call failed after 0 milliseconds for URL: s
20:14:59.920 [ForkJoinPool-1-worker-27] ERROR com.intuit.karate - http request failed: 
org.apache.http.client.ClientProtocolException
20:14:59.921 [ForkJoinPool-1-worker-27] ERROR com.intuit.karate - feature call (loop) failed at index: 67
caller: classpath:InspireTest/ngr/datasetrecords/def/checkxlinkurl.template.feature
arg: {"link":"s"}
checkxlinkurl.template.feature:14 - 
org.apache.http.client.ClientProtocolException
20:14:59.921 [ForkJoinPool-1-worker-27] INFO  com.intuit.karate - [print]
20:14:59.921 [ForkJoinPool-1-worker-27] INFO  com.intuit.karate - [print] testing xlinkurl:.
20:14:59.922 [ForkJoinPool-1-worker-27] ERROR com.intuit.karate - org.apache.http.client.ClientProtocolException, http call failed after 0 milliseconds for URL: .
20:14:59.922 [ForkJoinPool-1-worker-27] ERROR com.intuit.karate - http request failed: 
org.apache.http.client.ClientProtocolException
20:14:59.922 [ForkJoinPool-1-worker-27] ERROR com.intuit.karate - feature call (loop) failed at index: 68
caller: classpath:InspireTest/ngr/datasetrecords/def/checkxlinkurl.template.feature
arg: {"link":"."}
checkxlinkurl.template.feature:14 - 
org.apache.http.client.ClientProtocolException
20:14:59.922 [ForkJoinPool-1-worker-9] ERROR com.intuit.karate - status code was: 500, expected: 200, response time: 326, url: https://www.nationaalgeoregister.nl/geonetwork/srv/api/records6e4a2001-fef7-471c-8286-4f859bc1131e, response: 
20:14:59.922 [ForkJoinPool-1-worker-9] ERROR com.intuit.karate - feature call (loop) failed at index: 0
caller: classpath:InspireTest/ngr/datasetrecords/def/checkxlinkurl.template.feature
arg: {"link":"https://www.nationaalgeoregister.nl/geonetwork/srv/api/records6e4a2001-fef7-471c-8286-4f859bc1131e"}
checkxlinkurl.template.feature:15 - status code was: 500, expected: 200, response time: 326, url: https://www.nationaalgeoregister.nl/geonetwork/srv/api/records6e4a2001-fef7-471c-8286-4f859bc1131e, response: 
20:14:59.923 [ForkJoinPool-1-worker-27] INFO  com.intuit.karate - [print]
20:14:59.923 [ForkJoinPool-1-worker-27] INFO  com.intuit.karate - [print] testing xlinkurl:d
20:14:59.923 [ForkJoinPool-1-worker-27] ERROR com.intuit.karate - org.apache.http.client.ClientProtocolException, http call failed after 0 milliseconds for URL: d
20:14:59.923 [ForkJoinPool-1-worker-9] INFO  com.intuit.karate - [print]
20:14:59.923 [ForkJoinPool-1-worker-27] ERROR com.intuit.karate - http request failed: 
org.apache.http.client.ClientProtocolException
20:14:59.923 [ForkJoinPool-1-worker-27] ERROR com.intuit.karate - feature call (loop) failed at index: 69
caller: classpath:InspireTest/ngr/datasetrecords/def/checkxlinkurl.template.feature
arg: {"link":"d"}
checkxlinkurl.template.feature:14 - 
org.apache.http.client.ClientProtocolException
20:14:59.923 [ForkJoinPool-1-worker-9] INFO  com.intuit.karate - [print] testing xlinkurl:https://creativecommons.org/publicdomain/zero/*/deed.nl
20:14:59.934 [ForkJoinPool-1-worker-27] INFO  com.intuit.karate - [print]
20:14:59.935 [ForkJoinPool-1-worker-27] INFO  com.intuit.karate - [print] testing xlinkurl:o
20:14:59.935 [ForkJoinPool-1-worker-27] ERROR com.intuit.karate - org.apache.http.client.ClientProtocolException, http call failed after 0 milliseconds for URL: o
20:14:59.935 [ForkJoinPool-1-worker-27] ERROR com.intuit.karate - http request failed: 
org.apache.http.client.ClientProtocolException
20:14:59.935 [ForkJoinPool-1-worker-27] ERROR com.intuit.karate - feature call (loop) failed at index: 70
caller: classpath:InspireTest/ngr/datasetrecords/def/checkxlinkurl.template.feature
arg: {"link":"o"}
checkxlinkurl.template.feature:14 - 
org.apache.http.client.ClientProtocolException
20:14:59.936 [ForkJoinPool-1-worker-27] INFO  com.intuit.karate - [print]
20:14:59.942 [ForkJoinPool-1-worker-27] INFO  com.intuit.karate - [print] testing xlinkurl:w
20:14:59.942 [ForkJoinPool-1-worker-27] ERROR com.intuit.karate - org.apache.http.client.ClientProtocolException, http call failed after 0 milliseconds for URL: w
20:14:59.942 [ForkJoinPool-1-worker-27] ERROR com.intuit.karate - http request failed: 
org.apache.http.client.ClientProtocolException
20:14:59.942 [ForkJoinPool-1-worker-27] ERROR com.intuit.karate - feature call (loop) failed at index: 71
caller: classpath:InspireTest/ngr/datasetrecords/def/checkxlinkurl.template.feature
arg: {"link":"w"}
checkxlinkurl.template.feature:14 - 
org.apache.http.client.ClientProtocolException
20:14:59.943 [ForkJoinPool-1-worker-27] INFO  com.intuit.karate - [print]
20:14:59.943 [ForkJoinPool-1-worker-27] INFO  com.intuit.karate - [print] testing xlinkurl:n
20:14:59.944 [ForkJoinPool-1-worker-27] ERROR com.intuit.karate - org.apache.http.client.ClientProtocolException, http call failed after 0 milliseconds for URL: n
20:14:59.944 [ForkJoinPool-1-worker-27] ERROR com.intuit.karate - http request failed: 
org.apache.http.client.ClientProtocolException
20:14:59.944 [ForkJoinPool-1-worker-27] ERROR com.intuit.karate - feature call (loop) failed at index: 72
caller: classpath:InspireTest/ngr/datasetrecords/def/checkxlinkurl.template.feature
arg: {"link":"n"}
checkxlinkurl.template.feature:14 - 
org.apache.http.client.ClientProtocolException
20:14:59.946 [ForkJoinPool-1-worker-27] INFO  com.intuit.karate - [print]
20:14:59.946 [ForkJoinPool-1-worker-27] INFO  com.intuit.karate - [print] testing xlinkurl:l
20:14:59.949 [ForkJoinPool-1-worker-27] ERROR com.intuit.karate - org.apache.http.client.ClientProtocolException, http call failed after 0 milliseconds for URL: l
20:14:59.949 [ForkJoinPool-1-worker-27] ERROR com.intuit.karate - http request failed: 
org.apache.http.client.ClientProtocolException
20:14:59.949 [ForkJoinPool-1-worker-27] ERROR com.intuit.karate - feature call (loop) failed at index: 73
caller: classpath:InspireTest/ngr/datasetrecords/def/checkxlinkurl.template.feature
arg: {"link":"l"}
checkxlinkurl.template.feature:14 - 
org.apache.http.client.ClientProtocolException
20:14:59.950 [ForkJoinPool-1-worker-27] INFO  com.intuit.karate - [print]
20:14:59.950 [ForkJoinPool-1-worker-27] INFO  com.intuit.karate - [print] testing xlinkurl:o
20:14:59.950 [ForkJoinPool-1-worker-27] ERROR com.intuit.karate - org.apache.http.client.ClientProtocolException, http call failed after 0 milliseconds for URL: o
20:14:59.950 [ForkJoinPool-1-worker-27] ERROR com.intuit.karate - http request failed: 
org.apache.http.client.ClientProtocolException
20:14:59.951 [ForkJoinPool-1-worker-27] ERROR com.intuit.karate - feature call (loop) failed at index: 74
caller: classpath:InspireTest/ngr/datasetrecords/def/checkxlinkurl.template.feature
arg: {"link":"o"}
checkxlinkurl.template.feature:14 - 
org.apache.http.client.ClientProtocolException
20:14:59.951 [ForkJoinPool-1-worker-27] INFO  com.intuit.karate - [print]
20:14:59.951 [ForkJoinPool-1-worker-27] INFO  com.intuit.karate - [print] testing xlinkurl:a
20:14:59.952 [ForkJoinPool-1-worker-27] ERROR com.intuit.karate - org.apache.http.client.ClientProtocolException, http call failed after 0 milliseconds for URL: a
20:14:59.952 [ForkJoinPool-1-worker-27] ERROR com.intuit.karate - http request failed: 
org.apache.http.client.ClientProtocolException
20:14:59.952 [ForkJoinPool-1-worker-27] ERROR com.intuit.karate - feature call (loop) failed at index: 75
caller: classpath:InspireTest/ngr/datasetrecords/def/checkxlinkurl.template.feature
arg: {"link":"a"}
checkxlinkurl.template.feature:14 - 
org.apache.http.client.ClientProtocolException
20:14:59.952 [ForkJoinPool-1-worker-27] INFO  com.intuit.karate - [print]
20:14:59.953 [ForkJoinPool-1-worker-27] INFO  com.intuit.karate - [print] testing xlinkurl:d
20:14:59.953 [ForkJoinPool-1-worker-27] ERROR com.intuit.karate - org.apache.http.client.ClientProtocolException, http call failed after 0 milliseconds for URL: d
20:14:59.953 [ForkJoinPool-1-worker-27] ERROR com.intuit.karate - http request failed: 
org.apache.http.client.ClientProtocolException
20:14:59.953 [ForkJoinPool-1-worker-27] ERROR com.intuit.karate - feature call (loop) failed at index: 76
caller: classpath:InspireTest/ngr/datasetrecords/def/checkxlinkurl.template.feature
arg: {"link":"d"}
checkxlinkurl.template.feature:14 - 
org.apache.http.client.ClientProtocolException
20:14:59.954 [ForkJoinPool-1-worker-27] INFO  com.intuit.karate - [print]
20:14:59.954 [ForkJoinPool-1-worker-27] INFO  com.intuit.karate - [print] testing xlinkurl:?
20:14:59.957 [ForkJoinPool-1-worker-27] ERROR com.intuit.karate - org.apache.http.client.ClientProtocolException, http call failed after 0 milliseconds for URL: ?
20:14:59.957 [ForkJoinPool-1-worker-27] ERROR com.intuit.karate - http request failed: 
org.apache.http.client.ClientProtocolException
20:14:59.957 [ForkJoinPool-1-worker-27] ERROR com.intuit.karate - feature call (loop) failed at index: 77
caller: classpath:InspireTest/ngr/datasetrecords/def/checkxlinkurl.template.feature
arg: {"link":"?"}
checkxlinkurl.template.feature:14 - 
org.apache.http.client.ClientProtocolException
20:14:59.958 [ForkJoinPool-1-worker-27] INFO  com.intuit.karate - [print]
20:14:59.958 [ForkJoinPool-1-worker-27] INFO  com.intuit.karate - [print] testing xlinkurl:r
20:14:59.958 [ForkJoinPool-1-worker-27] ERROR com.intuit.karate - org.apache.http.client.ClientProtocolException, http call failed after 0 milliseconds for URL: r
20:14:59.958 [ForkJoinPool-1-worker-27] ERROR com.intuit.karate - http request failed: 
org.apache.http.client.ClientProtocolException
20:14:59.959 [ForkJoinPool-1-worker-27] ERROR com.intuit.karate - feature call (loop) failed at index: 78
caller: classpath:InspireTest/ngr/datasetrecords/def/checkxlinkurl.template.feature
arg: {"link":"r"}
checkxlinkurl.template.feature:14 - 
org.apache.http.client.ClientProtocolException
20:14:59.962 [ForkJoinPool-1-worker-9] ERROR com.intuit.karate - status code was: 404, expected: 200, response time: 38, url: https://creativecommons.org/publicdomain/zero/*/deed.nl, response: 
20:14:59.962 [ForkJoinPool-1-worker-9] ERROR com.intuit.karate - feature call (loop) failed at index: 1
caller: classpath:InspireTest/ngr/datasetrecords/def/checkxlinkurl.template.feature
arg: {"link":"https://creativecommons.org/publicdomain/zero/*/deed.nl"}
checkxlinkurl.template.feature:15 - status code was: 404, expected: 200, response time: 38, url: https://creativecommons.org/publicdomain/zero/*/deed.nl, response: 
20:14:59.965 [ForkJoinPool-1-worker-27] INFO  com.intuit.karate - [print]
20:14:59.965 [ForkJoinPool-1-worker-27] INFO  com.intuit.karate - [print] testing xlinkurl:e
20:14:59.965 [ForkJoinPool-1-worker-27] ERROR com.intuit.karate - org.apache.http.client.ClientProtocolException, http call failed after 0 milliseconds for URL: e
20:14:59.965 [ForkJoinPool-1-worker-27] ERROR com.intuit.karate - http request failed: 
org.apache.http.client.ClientProtocolException
20:14:59.966 [ForkJoinPool-1-worker-27] ERROR com.intuit.karate - feature call (loop) failed at index: 79
caller: classpath:InspireTest/ngr/datasetrecords/def/checkxlinkurl.template.feature
arg: {"link":"e"}
checkxlinkurl.template.feature:14 - 
org.apache.http.client.ClientProtocolException
20:14:59.966 [ForkJoinPool-1-worker-27] INFO  com.intuit.karate - [print]
20:14:59.966 [ForkJoinPool-1-worker-27] INFO  com.intuit.karate - [print] testing xlinkurl:f
20:14:59.967 [ForkJoinPool-1-worker-27] ERROR com.intuit.karate - org.apache.http.client.ClientProtocolException, http call failed after 0 milliseconds for URL: f
20:14:59.967 [ForkJoinPool-1-worker-27] ERROR com.intuit.karate - http request failed: 
org.apache.http.client.ClientProtocolException
20:14:59.967 [ForkJoinPool-1-worker-27] ERROR com.intuit.karate - feature call (loop) failed at index: 80
caller: classpath:InspireTest/ngr/datasetrecords/def/checkxlinkurl.template.feature
arg: {"link":"f"}
checkxlinkurl.template.feature:14 - 
org.apache.http.client.ClientProtocolException
20:14:59.967 [ForkJoinPool-1-worker-27] INFO  com.intuit.karate - [print]
20:14:59.967 [ForkJoinPool-1-worker-27] INFO  com.intuit.karate - [print] testing xlinkurl:=
20:14:59.980 [ForkJoinPool-1-worker-31] INFO  com.intuit.karate - [print]
20:14:59.980 [ForkJoinPool-1-worker-31] INFO  com.intuit.karate - [print] testing xlinkurl:https://www.nationaalgeoregister.nl/geonetwork/srv/api/recordsbb11be63-bd38-4632-bf54-df44c423a529
20:14:59.983 [ForkJoinPool-1-worker-27] ERROR com.intuit.karate - org.apache.http.client.ClientProtocolException, http call failed after 0 milliseconds for URL: =
20:14:59.984 [ForkJoinPool-1-worker-27] ERROR com.intuit.karate - http request failed: 
org.apache.http.client.ClientProtocolException
20:14:59.984 [ForkJoinPool-1-worker-27] ERROR com.intuit.karate - feature call (loop) failed at index: 81
caller: classpath:InspireTest/ngr/datasetrecords/def/checkxlinkurl.template.feature
arg: {"link":"="}
checkxlinkurl.template.feature:14 - 
org.apache.http.client.ClientProtocolException
20:14:59.985 [ForkJoinPool-1-worker-27] INFO  com.intuit.karate - [print]
20:14:59.985 [ForkJoinPool-1-worker-27] INFO  com.intuit.karate - [print] testing xlinkurl:e
20:14:59.985 [ForkJoinPool-1-worker-27] ERROR com.intuit.karate - org.apache.http.client.ClientProtocolException, http call failed after 0 milliseconds for URL: e
20:14:59.985 [ForkJoinPool-1-worker-27] ERROR com.intuit.karate - http request failed: 
org.apache.http.client.ClientProtocolException
20:14:59.986 [ForkJoinPool-1-worker-27] ERROR com.intuit.karate - feature call (loop) failed at index: 82
caller: classpath:InspireTest/ngr/datasetrecords/def/checkxlinkurl.template.feature
arg: {"link":"e"}
checkxlinkurl.template.feature:14 - 
org.apache.http.client.ClientProtocolException
20:14:59.986 [ForkJoinPool-1-worker-27] INFO  com.intuit.karate - [print]
20:14:59.987 [ForkJoinPool-1-worker-27] INFO  com.intuit.karate - [print] testing xlinkurl:x
20:14:59.987 [ForkJoinPool-1-worker-27] ERROR com.intuit.karate - org.apache.http.client.ClientProtocolException, http call failed after 0 milliseconds for URL: x
20:14:59.987 [ForkJoinPool-1-worker-27] ERROR com.intuit.karate - http request failed: 
org.apache.http.client.ClientProtocolException
20:14:59.987 [ForkJoinPool-1-worker-27] ERROR com.intuit.karate - feature call (loop) failed at index: 83
caller: classpath:InspireTest/ngr/datasetrecords/def/checkxlinkurl.template.feature
arg: {"link":"x"}
checkxlinkurl.template.feature:14 - 
org.apache.http.client.ClientProtocolException
20:14:59.988 [ForkJoinPool-1-worker-27] INFO  com.intuit.karate - [print]
20:14:59.988 [ForkJoinPool-1-worker-27] INFO  com.intuit.karate - [print] testing xlinkurl:t
20:14:59.988 [ForkJoinPool-1-worker-27] ERROR com.intuit.karate - org.apache.http.client.ClientProtocolException, http call failed after 0 milliseconds for URL: t
20:14:59.989 [ForkJoinPool-1-worker-27] ERROR com.intuit.karate - http request failed: 
org.apache.http.client.ClientProtocolException
20:14:59.989 [ForkJoinPool-1-worker-27] ERROR com.intuit.karate - feature call (loop) failed at index: 84
caller: classpath:InspireTest/ngr/datasetrecords/def/checkxlinkurl.template.feature
arg: {"link":"t"}
checkxlinkurl.template.feature:14 - 
org.apache.http.client.ClientProtocolException
20:14:59.989 [ForkJoinPool-1-worker-21] INFO  com.intuit.karate - [print]
20:14:59.989 [ForkJoinPool-1-worker-21] INFO  com.intuit.karate - [print] testing xlinkurl:http://standaarden.overheid.nl/owms/terms/Ministerie_van_Landbouw,_Natuur_en_Voedselkwaliteit
20:14:59.989 [ForkJoinPool-1-worker-27] INFO  com.intuit.karate - [print]
20:14:59.989 [ForkJoinPool-1-worker-27] INFO  com.intuit.karate - [print] testing xlinkurl:e
20:14:59.990 [ForkJoinPool-1-worker-27] ERROR com.intuit.karate - org.apache.http.client.ClientProtocolException, http call failed after 0 milliseconds for URL: e
20:14:59.990 [ForkJoinPool-1-worker-27] ERROR com.intuit.karate - http request failed: 
org.apache.http.client.ClientProtocolException
20:14:59.990 [ForkJoinPool-1-worker-27] ERROR com.intuit.karate - feature call (loop) failed at index: 85
caller: classpath:InspireTest/ngr/datasetrecords/def/checkxlinkurl.template.feature
arg: {"link":"e"}
checkxlinkurl.template.feature:14 - 
org.apache.http.client.ClientProtocolException
20:14:59.998 [ForkJoinPool-1-worker-27] INFO  com.intuit.karate - [print]
20:14:59.999 [ForkJoinPool-1-worker-27] INFO  com.intuit.karate - [print] testing xlinkurl:r
20:14:59.999 [ForkJoinPool-1-worker-27] ERROR com.intuit.karate - org.apache.http.client.ClientProtocolException, http call failed after 0 milliseconds for URL: r
20:14:59.999 [ForkJoinPool-1-worker-27] ERROR com.intuit.karate - http request failed: 
org.apache.http.client.ClientProtocolException
20:14:59.999 [ForkJoinPool-1-worker-27] ERROR com.intuit.karate - feature call (loop) failed at index: 86
caller: classpath:InspireTest/ngr/datasetrecords/def/checkxlinkurl.template.feature
arg: {"link":"r"}
checkxlinkurl.template.feature:14 - 
org.apache.http.client.ClientProtocolException
20:15:00.000 [ForkJoinPool-1-worker-27] INFO  com.intuit.karate - [print]
20:15:00.000 [ForkJoinPool-1-worker-27] INFO  com.intuit.karate - [print] testing xlinkurl:n
20:15:00.000 [ForkJoinPool-1-worker-27] ERROR com.intuit.karate - org.apache.http.client.ClientProtocolException, http call failed after 0 milliseconds for URL: n
20:15:00.000 [ForkJoinPool-1-worker-27] ERROR com.intuit.karate - http request failed: 
org.apache.http.client.ClientProtocolException
20:15:00.000 [ForkJoinPool-1-worker-27] ERROR com.intuit.karate - feature call (loop) failed at index: 87
caller: classpath:InspireTest/ngr/datasetrecords/def/checkxlinkurl.template.feature
arg: {"link":"n"}
checkxlinkurl.template.feature:14 - 
org.apache.http.client.ClientProtocolException
20:15:00.001 [ForkJoinPool-1-worker-27] INFO  com.intuit.karate - [print]
20:15:00.004 [ForkJoinPool-1-worker-27] INFO  com.intuit.karate - [print] testing xlinkurl:a
20:15:00.004 [ForkJoinPool-1-worker-27] ERROR com.intuit.karate - org.apache.http.client.ClientProtocolException, http call failed after 0 milliseconds for URL: a
20:15:00.004 [ForkJoinPool-1-worker-27] ERROR com.intuit.karate - http request failed: 
org.apache.http.client.ClientProtocolException
20:15:00.004 [ForkJoinPool-1-worker-27] ERROR com.intuit.karate - feature call (loop) failed at index: 88
caller: classpath:InspireTest/ngr/datasetrecords/def/checkxlinkurl.template.feature
arg: {"link":"a"}
checkxlinkurl.template.feature:14 - 
org.apache.http.client.ClientProtocolException
20:15:00.006 [ForkJoinPool-1-worker-23] INFO  com.intuit.karate - [print] title:Kaderrichtlijn Water - Deelstroomgebieden Nederland 2019 vlakken
20:15:00.006 [ForkJoinPool-1-worker-23] INFO  com.intuit.karate - [print] Kaderrichtlijn Water - Deelstroomgebieden Nederland 2019 vlakken
20:15:00.008 [ForkJoinPool-1-worker-23] INFO  com.intuit.karate - [print] [
  "https://www.nationaalgeoregister.nl/geonetwork/srv/dut/catalog.search#/metadata/krw-782cab20-8328-45f1-a9b2-c27d07c14066",
  "http://rdfdata.eionet.europa.eu/inspirethemes/themes/24",
  "https://ngr.geocat.live/geonetwork/srv/eng/thesaurus.download?ref=external.theme.httpinspireeceuropaeumetadatacodelistPrioritydataset-Prioritydataset",
  "urn:ogc:def:crs:EPSG::5709"
]

20:15:00.009 [ForkJoinPool-1-worker-27] INFO  com.intuit.karate - [print]
20:15:00.019 [ForkJoinPool-1-worker-23] INFO  com.intuit.karate - [print]
20:15:00.029 [ForkJoinPool-1-worker-27] INFO  com.intuit.karate - [print] testing xlinkurl:l
20:15:00.038 [ForkJoinPool-1-worker-23] INFO  com.intuit.karate - [print] testing xlinkurl:https://www.nationaalgeoregister.nl/geonetwork/srv/dut/catalog.search#/metadata/krw-782cab20-8328-45f1-a9b2-c27d07c14066
20:15:00.038 [ForkJoinPool-1-worker-27] ERROR com.intuit.karate - org.apache.http.client.ClientProtocolException, http call failed after 0 milliseconds for URL: l
20:15:00.040 [ForkJoinPool-1-worker-27] ERROR com.intuit.karate - http request failed: 
org.apache.http.client.ClientProtocolException
20:15:00.040 [ForkJoinPool-1-worker-27] ERROR com.intuit.karate - feature call (loop) failed at index: 89
caller: classpath:InspireTest/ngr/datasetrecords/def/checkxlinkurl.template.feature
arg: {"link":"l"}
checkxlinkurl.template.feature:14 - 
org.apache.http.client.ClientProtocolException
20:15:00.042 [ForkJoinPool-1-worker-27] INFO  com.intuit.karate - [print]
20:15:00.042 [ForkJoinPool-1-worker-27] INFO  com.intuit.karate - [print] testing xlinkurl:.
20:15:00.042 [ForkJoinPool-1-worker-27] ERROR com.intuit.karate - org.apache.http.client.ClientProtocolException, http call failed after 0 milliseconds for URL: .
20:15:00.042 [ForkJoinPool-1-worker-27] ERROR com.intuit.karate - http request failed: 
org.apache.http.client.ClientProtocolException
20:15:00.045 [ForkJoinPool-1-worker-27] ERROR com.intuit.karate - feature call (loop) failed at index: 90
caller: classpath:InspireTest/ngr/datasetrecords/def/checkxlinkurl.template.feature
arg: {"link":"."}
checkxlinkurl.template.feature:14 - 
org.apache.http.client.ClientProtocolException
20:15:00.047 [ForkJoinPool-1-worker-27] INFO  com.intuit.karate - [print]
20:15:00.048 [ForkJoinPool-1-worker-27] INFO  com.intuit.karate - [print] testing xlinkurl:t
20:15:00.050 [ForkJoinPool-1-worker-27] ERROR com.intuit.karate - org.apache.http.client.ClientProtocolException, http call failed after 0 milliseconds for URL: t
20:15:00.051 [ForkJoinPool-1-worker-27] ERROR com.intuit.karate - http request failed: 
org.apache.http.client.ClientProtocolException
20:15:00.055 [ForkJoinPool-1-worker-27] ERROR com.intuit.karate - feature call (loop) failed at index: 91
caller: classpath:InspireTest/ngr/datasetrecords/def/checkxlinkurl.template.feature
arg: {"link":"t"}
checkxlinkurl.template.feature:14 - 
org.apache.http.client.ClientProtocolException
20:15:00.057 [ForkJoinPool-1-worker-27] INFO  com.intuit.karate - [print]
20:15:00.058 [ForkJoinPool-1-worker-27] INFO  com.intuit.karate - [print] testing xlinkurl:h
20:15:00.059 [ForkJoinPool-1-worker-27] ERROR com.intuit.karate - org.apache.http.client.ClientProtocolException, http call failed after 0 milliseconds for URL: h
20:15:00.060 [ForkJoinPool-1-worker-27] ERROR com.intuit.karate - http request failed: 
org.apache.http.client.ClientProtocolException
20:15:00.061 [ForkJoinPool-1-worker-27] ERROR com.intuit.karate - feature call (loop) failed at index: 92
caller: classpath:InspireTest/ngr/datasetrecords/def/checkxlinkurl.template.feature
arg: {"link":"h"}
checkxlinkurl.template.feature:14 - 
org.apache.http.client.ClientProtocolException
20:15:00.062 [ForkJoinPool-1-worker-27] INFO  com.intuit.karate - [print]
20:15:00.063 [ForkJoinPool-1-worker-27] INFO  com.intuit.karate - [print] testing xlinkurl:e
20:15:00.064 [ForkJoinPool-1-worker-27] ERROR com.intuit.karate - org.apache.http.client.ClientProtocolException, http call failed after 0 milliseconds for URL: e
20:15:00.066 [ForkJoinPool-1-worker-27] ERROR com.intuit.karate - http request failed: 
org.apache.http.client.ClientProtocolException
20:15:00.067 [ForkJoinPool-1-worker-27] ERROR com.intuit.karate - feature call (loop) failed at index: 93
caller: classpath:InspireTest/ngr/datasetrecords/def/checkxlinkurl.template.feature
arg: {"link":"e"}
checkxlinkurl.template.feature:14 - 
org.apache.http.client.ClientProtocolException
20:15:00.068 [ForkJoinPool-1-worker-27] INFO  com.intuit.karate - [print]
20:15:00.078 [ForkJoinPool-1-worker-27] INFO  com.intuit.karate - [print] testing xlinkurl:m
20:15:00.079 [ForkJoinPool-1-worker-27] ERROR com.intuit.karate - org.apache.http.client.ClientProtocolException, http call failed after 0 milliseconds for URL: m
20:15:00.081 [ForkJoinPool-1-worker-27] ERROR com.intuit.karate - http request failed: 
org.apache.http.client.ClientProtocolException
20:15:00.081 [ForkJoinPool-1-worker-27] ERROR com.intuit.karate - feature call (loop) failed at index: 94
caller: classpath:InspireTest/ngr/datasetrecords/def/checkxlinkurl.template.feature
arg: {"link":"m"}
checkxlinkurl.template.feature:14 - 
org.apache.http.client.ClientProtocolException
20:15:00.082 [ForkJoinPool-1-worker-27] INFO  com.intuit.karate - [print]
20:15:00.084 [ForkJoinPool-1-worker-27] INFO  com.intuit.karate - [print] testing xlinkurl:e
20:15:00.085 [ForkJoinPool-1-worker-27] ERROR com.intuit.karate - org.apache.http.client.ClientProtocolException, http call failed after 0 milliseconds for URL: e
20:15:00.086 [ForkJoinPool-1-worker-27] ERROR com.intuit.karate - http request failed: 
org.apache.http.client.ClientProtocolException
20:15:00.086 [ForkJoinPool-1-worker-27] ERROR com.intuit.karate - feature call (loop) failed at index: 95
caller: classpath:InspireTest/ngr/datasetrecords/def/checkxlinkurl.template.feature
arg: {"link":"e"}
checkxlinkurl.template.feature:14 - 
org.apache.http.client.ClientProtocolException
20:15:00.088 [ForkJoinPool-1-worker-27] INFO  com.intuit.karate - [print]
20:15:00.089 [ForkJoinPool-1-worker-27] INFO  com.intuit.karate - [print] testing xlinkurl:.
20:15:00.090 [ForkJoinPool-1-worker-27] ERROR com.intuit.karate - org.apache.http.client.ClientProtocolException, http call failed after 0 milliseconds for URL: .
20:15:00.091 [ForkJoinPool-1-worker-27] ERROR com.intuit.karate - http request failed: 
org.apache.http.client.ClientProtocolException
20:15:00.092 [ForkJoinPool-1-worker-27] ERROR com.intuit.karate - feature call (loop) failed at index: 96
caller: classpath:InspireTest/ngr/datasetrecords/def/checkxlinkurl.template.feature
arg: {"link":"."}
checkxlinkurl.template.feature:14 - 
org.apache.http.client.ClientProtocolException
20:15:00.093 [ForkJoinPool-1-worker-27] INFO  com.intuit.karate - [print]
20:15:00.097 [ForkJoinPool-1-worker-27] INFO  com.intuit.karate - [print] testing xlinkurl:h
20:15:00.098 [ForkJoinPool-1-worker-27] ERROR com.intuit.karate - org.apache.http.client.ClientProtocolException, http call failed after 0 milliseconds for URL: h
20:15:00.098 [ForkJoinPool-1-worker-27] ERROR com.intuit.karate - http request failed: 
org.apache.http.client.ClientProtocolException
20:15:00.099 [ForkJoinPool-1-worker-13] INFO  com.intuit.karate - [print] title:Geluidszones rondom vliegvelden
20:15:00.099 [ForkJoinPool-1-worker-13] INFO  com.intuit.karate - [print] Geluidszones rondom vliegvelden
20:15:00.099 [ForkJoinPool-1-worker-27] ERROR com.intuit.karate - feature call (loop) failed at index: 97
caller: classpath:InspireTest/ngr/datasetrecords/def/checkxlinkurl.template.feature
arg: {"link":"h"}
checkxlinkurl.template.feature:14 - 
org.apache.http.client.ClientProtocolException
20:15:00.108 [ForkJoinPool-1-worker-13] INFO  com.intuit.karate - [print] [
  "http://www.opengis.net/def/crs/EPSG/0/http://www.opengis.net/def/crs/EPSG/0/3034",
  "http://nationaalgeoregister.nl/geonetwork/srv/dut/csw?SERVICE=CSW&version=2.0.2&REQUEST=GetRecordById&elementSetName=full&OutputSchema=http://www.isotc211.org/2005/gmd&ID=41023936-009d-48ec-a90d-c966895463c1",
  "https://creativecommons.org/publicdomain/mark/*/deed.nl",
  ""
]

20:15:00.115 [ForkJoinPool-1-worker-27] INFO  com.intuit.karate - [print]
20:15:00.115 [ForkJoinPool-1-worker-27] INFO  com.intuit.karate - [print] testing xlinkurl:t
20:15:00.118 [ForkJoinPool-1-worker-13] INFO  com.intuit.karate - [print]
20:15:00.119 [ForkJoinPool-1-worker-13] INFO  com.intuit.karate - [print] testing xlinkurl:http://www.opengis.net/def/crs/EPSG/0/http://www.opengis.net/def/crs/EPSG/0/3034
20:15:00.121 [ForkJoinPool-1-worker-27] ERROR com.intuit.karate - org.apache.http.client.ClientProtocolException, http call failed after 0 milliseconds for URL: t
20:15:00.121 [ForkJoinPool-1-worker-27] ERROR com.intuit.karate - http request failed: 
org.apache.http.client.ClientProtocolException
20:15:00.121 [ForkJoinPool-1-worker-27] ERROR com.intuit.karate - feature call (loop) failed at index: 98
caller: classpath:InspireTest/ngr/datasetrecords/def/checkxlinkurl.template.feature
arg: {"link":"t"}
checkxlinkurl.template.feature:14 - 
org.apache.http.client.ClientProtocolException
20:15:00.123 [ForkJoinPool-1-worker-27] INFO  com.intuit.karate - [print]
20:15:00.123 [ForkJoinPool-1-worker-27] INFO  com.intuit.karate - [print] testing xlinkurl:t
20:15:00.123 [ForkJoinPool-1-worker-27] ERROR com.intuit.karate - org.apache.http.client.ClientProtocolException, http call failed after 0 milliseconds for URL: t
20:15:00.130 [ForkJoinPool-1-worker-27] ERROR com.intuit.karate - http request failed: 
org.apache.http.client.ClientProtocolException
20:15:00.130 [ForkJoinPool-1-worker-27] ERROR com.intuit.karate - feature call (loop) failed at index: 99
caller: classpath:InspireTest/ngr/datasetrecords/def/checkxlinkurl.template.feature
arg: {"link":"t"}
checkxlinkurl.template.feature:14 - 
org.apache.http.client.ClientProtocolException
20:15:00.131 [ForkJoinPool-1-worker-27] INFO  com.intuit.karate - [print]
20:15:00.131 [ForkJoinPool-1-worker-27] INFO  com.intuit.karate - [print] testing xlinkurl:p
20:15:00.132 [ForkJoinPool-1-worker-27] ERROR com.intuit.karate - org.apache.http.client.ClientProtocolException, http call failed after 0 milliseconds for URL: p
20:15:00.132 [ForkJoinPool-1-worker-27] ERROR com.intuit.karate - http request failed: 
org.apache.http.client.ClientProtocolException
20:15:00.132 [ForkJoinPool-1-worker-27] ERROR com.intuit.karate - feature call (loop) failed at index: 100
caller: classpath:InspireTest/ngr/datasetrecords/def/checkxlinkurl.template.feature
arg: {"link":"p"}
checkxlinkurl.template.feature:14 - 
org.apache.http.client.ClientProtocolException
20:15:00.133 [ForkJoinPool-1-worker-27] INFO  com.intuit.karate - [print]
20:15:00.133 [ForkJoinPool-1-worker-27] INFO  com.intuit.karate - [print] testing xlinkurl:i
20:15:00.134 [ForkJoinPool-1-worker-27] ERROR com.intuit.karate - org.apache.http.client.ClientProtocolException, http call failed after 0 milliseconds for URL: i
20:15:00.134 [ForkJoinPool-1-worker-27] ERROR com.intuit.karate - http request failed: 
org.apache.http.client.ClientProtocolException
20:15:00.134 [ForkJoinPool-1-worker-27] ERROR com.intuit.karate - feature call (loop) failed at index: 101
caller: classpath:InspireTest/ngr/datasetrecords/def/checkxlinkurl.template.feature
arg: {"link":"i"}
checkxlinkurl.template.feature:14 - 
org.apache.http.client.ClientProtocolException
20:15:00.135 [ForkJoinPool-1-worker-27] INFO  com.intuit.karate - [print]
20:15:00.135 [ForkJoinPool-1-worker-27] INFO  com.intuit.karate - [print] testing xlinkurl:n
20:15:00.135 [ForkJoinPool-1-worker-27] ERROR com.intuit.karate - org.apache.http.client.ClientProtocolException, http call failed after 0 milliseconds for URL: n
20:15:00.135 [ForkJoinPool-1-worker-27] ERROR com.intuit.karate - http request failed: 
org.apache.http.client.ClientProtocolException
20:15:00.135 [ForkJoinPool-1-worker-27] ERROR com.intuit.karate - feature call (loop) failed at index: 102
caller: classpath:InspireTest/ngr/datasetrecords/def/checkxlinkurl.template.feature
arg: {"link":"n"}
checkxlinkurl.template.feature:14 - 
org.apache.http.client.ClientProtocolException
20:15:00.136 [ForkJoinPool-1-worker-27] INFO  com.intuit.karate - [print]
20:15:00.136 [ForkJoinPool-1-worker-27] INFO  com.intuit.karate - [print] testing xlinkurl:s
20:15:00.136 [ForkJoinPool-1-worker-27] ERROR com.intuit.karate - org.apache.http.client.ClientProtocolException, http call failed after 0 milliseconds for URL: s
20:15:00.136 [ForkJoinPool-1-worker-27] ERROR com.intuit.karate - http request failed: 
org.apache.http.client.ClientProtocolException
20:15:00.136 [ForkJoinPool-1-worker-27] ERROR com.intuit.karate - feature call (loop) failed at index: 103
caller: classpath:InspireTest/ngr/datasetrecords/def/checkxlinkurl.template.feature
arg: {"link":"s"}
checkxlinkurl.template.feature:14 - 
org.apache.http.client.ClientProtocolException
20:15:00.137 [ForkJoinPool-1-worker-27] INFO  com.intuit.karate - [print]
20:15:00.138 [ForkJoinPool-1-worker-27] INFO  com.intuit.karate - [print] testing xlinkurl:p
20:15:00.138 [ForkJoinPool-1-worker-27] ERROR com.intuit.karate - org.apache.http.client.ClientProtocolException, http call failed after 0 milliseconds for URL: p
20:15:00.138 [ForkJoinPool-1-worker-27] ERROR com.intuit.karate - http request failed: 
org.apache.http.client.ClientProtocolException
20:15:00.138 [ForkJoinPool-1-worker-27] ERROR com.intuit.karate - feature call (loop) failed at index: 104
caller: classpath:InspireTest/ngr/datasetrecords/def/checkxlinkurl.template.feature
arg: {"link":"p"}
checkxlinkurl.template.feature:14 - 
org.apache.http.client.ClientProtocolException
20:15:00.139 [ForkJoinPool-1-worker-27] INFO  com.intuit.karate - [print]
20:15:00.139 [ForkJoinPool-1-worker-27] INFO  com.intuit.karate - [print] testing xlinkurl:i
20:15:00.139 [ForkJoinPool-1-worker-27] ERROR com.intuit.karate - org.apache.http.client.ClientProtocolException, http call failed after 0 milliseconds for URL: i
20:15:00.139 [ForkJoinPool-1-worker-27] ERROR com.intuit.karate - http request failed: 
org.apache.http.client.ClientProtocolException
20:15:00.139 [ForkJoinPool-1-worker-27] ERROR com.intuit.karate - feature call (loop) failed at index: 105
caller: classpath:InspireTest/ngr/datasetrecords/def/checkxlinkurl.template.feature
arg: {"link":"i"}
checkxlinkurl.template.feature:14 - 
org.apache.http.client.ClientProtocolException
20:15:00.140 [ForkJoinPool-1-worker-27] INFO  com.intuit.karate - [print]
20:15:00.140 [ForkJoinPool-1-worker-27] INFO  com.intuit.karate - [print] testing xlinkurl:r
20:15:00.140 [ForkJoinPool-1-worker-27] ERROR com.intuit.karate - org.apache.http.client.ClientProtocolException, http call failed after 0 milliseconds for URL: r
20:15:00.140 [ForkJoinPool-1-worker-27] ERROR com.intuit.karate - http request failed: 
org.apache.http.client.ClientProtocolException
20:15:00.140 [ForkJoinPool-1-worker-27] ERROR com.intuit.karate - feature call (loop) failed at index: 106
caller: classpath:InspireTest/ngr/datasetrecords/def/checkxlinkurl.template.feature
arg: {"link":"r"}
checkxlinkurl.template.feature:14 - 
org.apache.http.client.ClientProtocolException
20:15:00.141 [ForkJoinPool-1-worker-27] INFO  com.intuit.karate - [print]
20:15:00.141 [ForkJoinPool-1-worker-27] INFO  com.intuit.karate - [print] testing xlinkurl:e
20:15:00.141 [ForkJoinPool-1-worker-27] ERROR com.intuit.karate - org.apache.http.client.ClientProtocolException, http call failed after 0 milliseconds for URL: e
20:15:00.141 [ForkJoinPool-1-worker-27] ERROR com.intuit.karate - http request failed: 
org.apache.http.client.ClientProtocolException
20:15:00.158 [ForkJoinPool-1-worker-27] ERROR com.intuit.karate - feature call (loop) failed at index: 107
caller: classpath:InspireTest/ngr/datasetrecords/def/checkxlinkurl.template.feature
arg: {"link":"e"}
checkxlinkurl.template.feature:14 - 
org.apache.http.client.ClientProtocolException
20:15:00.159 [ForkJoinPool-1-worker-27] INFO  com.intuit.karate - [print]
20:15:00.159 [ForkJoinPool-1-worker-27] INFO  com.intuit.karate - [print] testing xlinkurl:e
20:15:00.160 [ForkJoinPool-1-worker-27] ERROR com.intuit.karate - org.apache.http.client.ClientProtocolException, http call failed after 0 milliseconds for URL: e
20:15:00.160 [ForkJoinPool-1-worker-27] ERROR com.intuit.karate - http request failed: 
org.apache.http.client.ClientProtocolException
20:15:00.161 [ForkJoinPool-1-worker-27] ERROR com.intuit.karate - feature call (loop) failed at index: 108
caller: classpath:InspireTest/ngr/datasetrecords/def/checkxlinkurl.template.feature
arg: {"link":"e"}
checkxlinkurl.template.feature:14 - 
org.apache.http.client.ClientProtocolException
20:15:00.170 [ForkJoinPool-1-worker-27] INFO  com.intuit.karate - [print]
20:15:00.170 [ForkJoinPool-1-worker-27] INFO  com.intuit.karate - [print] testing xlinkurl:c
20:15:00.171 [ForkJoinPool-1-worker-27] ERROR com.intuit.karate - org.apache.http.client.ClientProtocolException, http call failed after 0 milliseconds for URL: c
20:15:00.171 [ForkJoinPool-1-worker-27] ERROR com.intuit.karate - http request failed: 
org.apache.http.client.ClientProtocolException
20:15:00.171 [ForkJoinPool-1-worker-27] ERROR com.intuit.karate - feature call (loop) failed at index: 109
caller: classpath:InspireTest/ngr/datasetrecords/def/checkxlinkurl.template.feature
arg: {"link":"c"}
checkxlinkurl.template.feature:14 - 
org.apache.http.client.ClientProtocolException
20:15:00.171 [ForkJoinPool-1-worker-27] INFO  com.intuit.karate - [print]
20:15:00.172 [ForkJoinPool-1-worker-27] INFO  com.intuit.karate - [print] testing xlinkurl:e
20:15:00.172 [ForkJoinPool-1-worker-27] ERROR com.intuit.karate - org.apache.http.client.ClientProtocolException, http call failed after 0 milliseconds for URL: e
20:15:00.172 [ForkJoinPool-1-worker-27] ERROR com.intuit.karate - http request failed: 
org.apache.http.client.ClientProtocolException
20:15:00.172 [ForkJoinPool-1-worker-27] ERROR com.intuit.karate - feature call (loop) failed at index: 110
caller: classpath:InspireTest/ngr/datasetrecords/def/checkxlinkurl.template.feature
arg: {"link":"e"}
checkxlinkurl.template.feature:14 - 
org.apache.http.client.ClientProtocolException
20:15:00.173 [ForkJoinPool-1-worker-27] INFO  com.intuit.karate - [print]
20:15:00.173 [ForkJoinPool-1-worker-27] INFO  com.intuit.karate - [print] testing xlinkurl:u
20:15:00.173 [ForkJoinPool-1-worker-27] ERROR com.intuit.karate - org.apache.http.client.ClientProtocolException, http call failed after 0 milliseconds for URL: u
20:15:00.173 [ForkJoinPool-1-worker-27] ERROR com.intuit.karate - http request failed: 
org.apache.http.client.ClientProtocolException
20:15:00.173 [ForkJoinPool-1-worker-27] ERROR com.intuit.karate - feature call (loop) failed at index: 111
caller: classpath:InspireTest/ngr/datasetrecords/def/checkxlinkurl.template.feature
arg: {"link":"u"}
checkxlinkurl.template.feature:14 - 
org.apache.http.client.ClientProtocolException
20:15:00.178 [ForkJoinPool-1-worker-27] INFO  com.intuit.karate - [print]
20:15:00.178 [ForkJoinPool-1-worker-27] INFO  com.intuit.karate - [print] testing xlinkurl:r
20:15:00.179 [ForkJoinPool-1-worker-27] ERROR com.intuit.karate - org.apache.http.client.ClientProtocolException, http call failed after 0 milliseconds for URL: r
20:15:00.179 [ForkJoinPool-1-worker-27] ERROR com.intuit.karate - http request failed: 
org.apache.http.client.ClientProtocolException
20:15:00.179 [ForkJoinPool-1-worker-27] ERROR com.intuit.karate - feature call (loop) failed at index: 112
caller: classpath:InspireTest/ngr/datasetrecords/def/checkxlinkurl.template.feature
arg: {"link":"r"}
checkxlinkurl.template.feature:14 - 
org.apache.http.client.ClientProtocolException
20:15:00.179 [ForkJoinPool-1-worker-27] INFO  com.intuit.karate - [print]
20:15:00.179 [ForkJoinPool-1-worker-27] INFO  com.intuit.karate - [print] testing xlinkurl:o
20:15:00.180 [ForkJoinPool-1-worker-27] ERROR com.intuit.karate - org.apache.http.client.ClientProtocolException, http call failed after 0 milliseconds for URL: o
20:15:00.180 [ForkJoinPool-1-worker-27] ERROR com.intuit.karate - http request failed: 
org.apache.http.client.ClientProtocolException
20:15:00.180 [ForkJoinPool-1-worker-27] ERROR com.intuit.karate - feature call (loop) failed at index: 113
caller: classpath:InspireTest/ngr/datasetrecords/def/checkxlinkurl.template.feature
arg: {"link":"o"}
checkxlinkurl.template.feature:14 - 
org.apache.http.client.ClientProtocolException
20:15:00.180 [ForkJoinPool-1-worker-27] INFO  com.intuit.karate - [print]
20:15:00.181 [ForkJoinPool-1-worker-27] INFO  com.intuit.karate - [print] testing xlinkurl:p
20:15:00.181 [ForkJoinPool-1-worker-27] ERROR com.intuit.karate - org.apache.http.client.ClientProtocolException, http call failed after 0 milliseconds for URL: p
20:15:00.181 [ForkJoinPool-1-worker-27] ERROR com.intuit.karate - http request failed: 
org.apache.http.client.ClientProtocolException
20:15:00.181 [ForkJoinPool-1-worker-27] ERROR com.intuit.karate - feature call (loop) failed at index: 114
caller: classpath:InspireTest/ngr/datasetrecords/def/checkxlinkurl.template.feature
arg: {"link":"p"}
checkxlinkurl.template.feature:14 - 
org.apache.http.client.ClientProtocolException
20:15:00.182 [ForkJoinPool-1-worker-27] INFO  com.intuit.karate - [print]
20:15:00.182 [ForkJoinPool-1-worker-27] INFO  com.intuit.karate - [print] testing xlinkurl:a
20:15:00.182 [ForkJoinPool-1-worker-27] ERROR com.intuit.karate - org.apache.http.client.ClientProtocolException, http call failed after 0 milliseconds for URL: a
20:15:00.182 [ForkJoinPool-1-worker-27] ERROR com.intuit.karate - http request failed: 
org.apache.http.client.ClientProtocolException
20:15:00.182 [ForkJoinPool-1-worker-27] ERROR com.intuit.karate - feature call (loop) failed at index: 115
caller: classpath:InspireTest/ngr/datasetrecords/def/checkxlinkurl.template.feature
arg: {"link":"a"}
checkxlinkurl.template.feature:14 - 
org.apache.http.client.ClientProtocolException
20:15:00.183 [ForkJoinPool-1-worker-27] INFO  com.intuit.karate - [print]
20:15:00.183 [ForkJoinPool-1-worker-27] INFO  com.intuit.karate - [print] testing xlinkurl:e
20:15:00.183 [ForkJoinPool-1-worker-27] ERROR com.intuit.karate - org.apache.http.client.ClientProtocolException, http call failed after 0 milliseconds for URL: e
20:15:00.183 [ForkJoinPool-1-worker-27] ERROR com.intuit.karate - http request failed: 
org.apache.http.client.ClientProtocolException
20:15:00.183 [ForkJoinPool-1-worker-27] ERROR com.intuit.karate - feature call (loop) failed at index: 116
caller: classpath:InspireTest/ngr/datasetrecords/def/checkxlinkurl.template.feature
arg: {"link":"e"}
checkxlinkurl.template.feature:14 - 
org.apache.http.client.ClientProtocolException
20:15:00.184 [ForkJoinPool-1-worker-27] INFO  com.intuit.karate - [print]
20:15:00.184 [ForkJoinPool-1-worker-27] INFO  com.intuit.karate - [print] testing xlinkurl:u
20:15:00.184 [ForkJoinPool-1-worker-27] ERROR com.intuit.karate - org.apache.http.client.ClientProtocolException, http call failed after 0 milliseconds for URL: u
20:15:00.184 [ForkJoinPool-1-worker-27] ERROR com.intuit.karate - http request failed: 
org.apache.http.client.ClientProtocolException
20:15:00.184 [ForkJoinPool-1-worker-27] ERROR com.intuit.karate - feature call (loop) failed at index: 117
caller: classpath:InspireTest/ngr/datasetrecords/def/checkxlinkurl.template.feature
arg: {"link":"u"}
checkxlinkurl.template.feature:14 - 
org.apache.http.client.ClientProtocolException
20:15:00.185 [ForkJoinPool-1-worker-27] INFO  com.intuit.karate - [print]
20:15:00.185 [ForkJoinPool-1-worker-27] INFO  com.intuit.karate - [print] testing xlinkurl:t
20:15:00.185 [ForkJoinPool-1-worker-27] ERROR com.intuit.karate - org.apache.http.client.ClientProtocolException, http call failed after 0 milliseconds for URL: t
20:15:00.186 [ForkJoinPool-1-worker-27] ERROR com.intuit.karate - http request failed: 
org.apache.http.client.ClientProtocolException
20:15:00.186 [ForkJoinPool-1-worker-27] ERROR com.intuit.karate - feature call (loop) failed at index: 118
caller: classpath:InspireTest/ngr/datasetrecords/def/checkxlinkurl.template.feature
arg: {"link":"t"}
checkxlinkurl.template.feature:14 - 
org.apache.http.client.ClientProtocolException
20:15:00.188 [ForkJoinPool-1-worker-3] INFO  com.intuit.karate - [print]
20:15:00.189 [ForkJoinPool-1-worker-3] INFO  com.intuit.karate - [print] testing xlinkurl:https://www.nationaalgeoregister.nl/geonetwork/srv/api/records07575774-57a1-4419-bab4-6c88fdeb02b2
20:15:00.201 [ForkJoinPool-1-worker-17] ERROR com.intuit.karate - javax.net.ssl.SSLException: Connection reset, http call failed after 356 milliseconds for URL: https://data.rivm.nl/inspire/id#b5ccab29-e2cc-4178-9f81-40c50e909754
20:15:00.201 [ForkJoinPool-1-worker-17] ERROR com.intuit.karate - http request failed: 
javax.net.ssl.SSLException: Connection reset
20:15:00.201 [ForkJoinPool-1-worker-17] ERROR com.intuit.karate - feature call (loop) failed at index: 0
caller: classpath:InspireTest/ngr/datasetrecords/def/checkxlinkurl.template.feature
arg: {"link":"https://data.rivm.nl/inspire/id#b5ccab29-e2cc-4178-9f81-40c50e909754"}
checkxlinkurl.template.feature:14 - 
javax.net.ssl.SSLException: Connection reset
20:15:00.222 [ForkJoinPool-1-worker-27] INFO  com.intuit.karate - [print]
20:15:00.223 [ForkJoinPool-1-worker-27] INFO  com.intuit.karate - [print] testing xlinkurl:h
20:15:00.223 [ForkJoinPool-1-worker-27] ERROR com.intuit.karate - org.apache.http.client.ClientProtocolException, http call failed after 0 milliseconds for URL: h
20:15:00.223 [ForkJoinPool-1-worker-27] ERROR com.intuit.karate - http request failed: 
org.apache.http.client.ClientProtocolException
20:15:00.223 [ForkJoinPool-1-worker-27] ERROR com.intuit.karate - feature call (loop) failed at index: 119
caller: classpath:InspireTest/ngr/datasetrecords/def/checkxlinkurl.template.feature
arg: {"link":"h"}
checkxlinkurl.template.feature:14 - 
org.apache.http.client.ClientProtocolException
20:15:00.224 [ForkJoinPool-1-worker-27] INFO  com.intuit.karate - [print]
20:15:00.224 [ForkJoinPool-1-worker-27] INFO  com.intuit.karate - [print] testing xlinkurl:e
20:15:00.225 [ForkJoinPool-1-worker-27] ERROR com.intuit.karate - org.apache.http.client.ClientProtocolException, http call failed after 0 milliseconds for URL: e
20:15:00.225 [ForkJoinPool-1-worker-27] ERROR com.intuit.karate - http request failed: 
org.apache.http.client.ClientProtocolException
20:15:00.225 [ForkJoinPool-1-worker-27] ERROR com.intuit.karate - feature call (loop) failed at index: 120
caller: classpath:InspireTest/ngr/datasetrecords/def/checkxlinkurl.template.feature
arg: {"link":"e"}
checkxlinkurl.template.feature:14 - 
org.apache.http.client.ClientProtocolException
20:15:00.225 [ForkJoinPool-1-worker-27] INFO  com.intuit.karate - [print]
20:15:00.225 [ForkJoinPool-1-worker-27] INFO  com.intuit.karate - [print] testing xlinkurl:m
20:15:00.226 [ForkJoinPool-1-worker-27] ERROR com.intuit.karate - org.apache.http.client.ClientProtocolException, http call failed after 0 milliseconds for URL: m
20:15:00.226 [ForkJoinPool-1-worker-27] ERROR com.intuit.karate - http request failed: 
org.apache.http.client.ClientProtocolException
20:15:00.226 [ForkJoinPool-1-worker-27] ERROR com.intuit.karate - feature call (loop) failed at index: 121
caller: classpath:InspireTest/ngr/datasetrecords/def/checkxlinkurl.template.feature
arg: {"link":"m"}
checkxlinkurl.template.feature:14 - 
org.apache.http.client.ClientProtocolException
20:15:00.236 [ForkJoinPool-1-worker-27] INFO  com.intuit.karate - [print]
20:15:00.236 [ForkJoinPool-1-worker-27] INFO  com.intuit.karate - [print] testing xlinkurl:e
20:15:00.237 [ForkJoinPool-1-worker-27] ERROR com.intuit.karate - org.apache.http.client.ClientProtocolException, http call failed after 0 milliseconds for URL: e
20:15:00.237 [ForkJoinPool-1-worker-27] ERROR com.intuit.karate - http request failed: 
org.apache.http.client.ClientProtocolException
20:15:00.237 [ForkJoinPool-1-worker-27] ERROR com.intuit.karate - feature call (loop) failed at index: 122
caller: classpath:InspireTest/ngr/datasetrecords/def/checkxlinkurl.template.feature
arg: {"link":"e"}
checkxlinkurl.template.feature:14 - 
org.apache.http.client.ClientProtocolException
20:15:00.237 [ForkJoinPool-1-worker-27] INFO  com.intuit.karate - [print]
20:15:00.238 [ForkJoinPool-1-worker-27] INFO  com.intuit.karate - [print] testing xlinkurl:-
20:15:00.238 [ForkJoinPool-1-worker-27] ERROR com.intuit.karate - org.apache.http.client.ClientProtocolException, http call failed after 0 milliseconds for URL: -
20:15:00.238 [ForkJoinPool-1-worker-27] ERROR com.intuit.karate - http request failed: 
org.apache.http.client.ClientProtocolException
20:15:00.238 [ForkJoinPool-1-worker-27] ERROR com.intuit.karate - feature call (loop) failed at index: 123
caller: classpath:InspireTest/ngr/datasetrecords/def/checkxlinkurl.template.feature
arg: {"link":"-"}
checkxlinkurl.template.feature:14 - 
org.apache.http.client.ClientProtocolException
20:15:00.239 [ForkJoinPool-1-worker-27] INFO  com.intuit.karate - [print]
20:15:00.239 [ForkJoinPool-1-worker-27] INFO  com.intuit.karate - [print] testing xlinkurl:t
20:15:00.239 [ForkJoinPool-1-worker-27] ERROR com.intuit.karate - org.apache.http.client.ClientProtocolException, http call failed after 0 milliseconds for URL: t
20:15:00.239 [ForkJoinPool-1-worker-27] ERROR com.intuit.karate - http request failed: 
org.apache.http.client.ClientProtocolException
20:15:00.239 [ForkJoinPool-1-worker-27] ERROR com.intuit.karate - feature call (loop) failed at index: 124
caller: classpath:InspireTest/ngr/datasetrecords/def/checkxlinkurl.template.feature
arg: {"link":"t"}
checkxlinkurl.template.feature:14 - 
org.apache.http.client.ClientProtocolException
20:15:00.240 [ForkJoinPool-1-worker-27] INFO  com.intuit.karate - [print]
20:15:00.240 [ForkJoinPool-1-worker-27] INFO  com.intuit.karate - [print] testing xlinkurl:h
20:15:00.240 [ForkJoinPool-1-worker-27] ERROR com.intuit.karate - org.apache.http.client.ClientProtocolException, http call failed after 0 milliseconds for URL: h
20:15:00.240 [ForkJoinPool-1-worker-27] ERROR com.intuit.karate - http request failed: 
org.apache.http.client.ClientProtocolException
20:15:00.240 [ForkJoinPool-1-worker-27] ERROR com.intuit.karate - feature call (loop) failed at index: 125
caller: classpath:InspireTest/ngr/datasetrecords/def/checkxlinkurl.template.feature
arg: {"link":"h"}
checkxlinkurl.template.feature:14 - 
org.apache.http.client.ClientProtocolException
20:15:00.241 [ForkJoinPool-1-worker-27] INFO  com.intuit.karate - [print]
20:15:00.241 [ForkJoinPool-1-worker-27] INFO  com.intuit.karate - [print] testing xlinkurl:e
20:15:00.241 [ForkJoinPool-1-worker-27] ERROR com.intuit.karate - org.apache.http.client.ClientProtocolException, http call failed after 0 milliseconds for URL: e
20:15:00.241 [ForkJoinPool-1-worker-27] ERROR com.intuit.karate - http request failed: 
org.apache.http.client.ClientProtocolException
20:15:00.241 [ForkJoinPool-1-worker-27] ERROR com.intuit.karate - feature call (loop) failed at index: 126
caller: classpath:InspireTest/ngr/datasetrecords/def/checkxlinkurl.template.feature
arg: {"link":"e"}
checkxlinkurl.template.feature:14 - 
org.apache.http.client.ClientProtocolException
20:15:00.242 [ForkJoinPool-1-worker-27] INFO  com.intuit.karate - [print]
20:15:00.242 [ForkJoinPool-1-worker-27] INFO  com.intuit.karate - [print] testing xlinkurl:m
20:15:00.243 [ForkJoinPool-1-worker-27] ERROR com.intuit.karate - org.apache.http.client.ClientProtocolException, http call failed after 0 milliseconds for URL: m
20:15:00.243 [ForkJoinPool-1-worker-27] ERROR com.intuit.karate - http request failed: 
org.apache.http.client.ClientProtocolException
20:15:00.243 [ForkJoinPool-1-worker-27] ERROR com.intuit.karate - feature call (loop) failed at index: 127
caller: classpath:InspireTest/ngr/datasetrecords/def/checkxlinkurl.template.feature
arg: {"link":"m"}
checkxlinkurl.template.feature:14 - 
org.apache.http.client.ClientProtocolException
20:15:00.243 [ForkJoinPool-1-worker-27] INFO  com.intuit.karate - [print]
20:15:00.243 [ForkJoinPool-1-worker-27] INFO  com.intuit.karate - [print] testing xlinkurl:e
20:15:00.244 [ForkJoinPool-1-worker-27] ERROR com.intuit.karate - org.apache.http.client.ClientProtocolException, http call failed after 0 milliseconds for URL: e
20:15:00.244 [ForkJoinPool-1-worker-27] ERROR com.intuit.karate - http request failed: 
org.apache.http.client.ClientProtocolException
20:15:00.244 [ForkJoinPool-1-worker-27] ERROR com.intuit.karate - feature call (loop) failed at index: 128
caller: classpath:InspireTest/ngr/datasetrecords/def/checkxlinkurl.template.feature
arg: {"link":"e"}
checkxlinkurl.template.feature:14 - 
org.apache.http.client.ClientProtocolException
20:15:00.307 [ForkJoinPool-1-worker-31] ERROR com.intuit.karate - status code was: 500, expected: 200, response time: 324, url: https://www.nationaalgeoregister.nl/geonetwork/srv/api/recordsbb11be63-bd38-4632-bf54-df44c423a529, response: 
20:15:00.308 [ForkJoinPool-1-worker-31] ERROR com.intuit.karate - feature call (loop) failed at index: 1
caller: classpath:InspireTest/ngr/datasetrecords/def/checkxlinkurl.template.feature
arg: {"link":"https://www.nationaalgeoregister.nl/geonetwork/srv/api/recordsbb11be63-bd38-4632-bf54-df44c423a529"}
checkxlinkurl.template.feature:15 - status code was: 500, expected: 200, response time: 324, url: https://www.nationaalgeoregister.nl/geonetwork/srv/api/recordsbb11be63-bd38-4632-bf54-df44c423a529, response: 
20:15:00.371 [ForkJoinPool-1-worker-19] INFO  com.intuit.karate - [print] title:RDinfo
20:15:00.371 [ForkJoinPool-1-worker-19] INFO  com.intuit.karate - [print] RDinfo
20:15:00.373 [ForkJoinPool-1-worker-5] INFO  com.intuit.karate - [print] title:Vervoersnetwerken - Gemeenschappelijke elementen (INSPIRE geharmoniseerd)
20:15:00.373 [ForkJoinPool-1-worker-5] INFO  com.intuit.karate - [print] Vervoersnetwerken - Gemeenschappelijke elementen (INSPIRE geharmoniseerd)
20:15:00.382 [ForkJoinPool-1-worker-5] INFO  com.intuit.karate - [print] [
  "http://www.opengis.net/def/crs/EPSG/0/http://www.opengis.net/def/crs/EPSG/0/4258",
  "http://kadaster/7cdfa80a-cfbf-4324-978d-f1f141756b66"
]

20:15:00.385 [ForkJoinPool-1-worker-19] INFO  com.intuit.karate - [print] [
  "http://kadaster/06b6c650-cdb1-11dd-ad8b-0800200c9a81"
]

20:15:00.389 [ForkJoinPool-1-worker-19] INFO  com.intuit.karate - [print]
20:15:00.389 [ForkJoinPool-1-worker-19] INFO  com.intuit.karate - [print] testing xlinkurl:http://kadaster/06b6c650-cdb1-11dd-ad8b-0800200c9a81
20:15:00.390 [ForkJoinPool-1-worker-19] ERROR com.intuit.karate - java.net.UnknownHostException: kadaster, http call failed after 0 milliseconds for URL: http://kadaster/06b6c650-cdb1-11dd-ad8b-0800200c9a81
20:15:00.390 [ForkJoinPool-1-worker-19] ERROR com.intuit.karate - http request failed: 
java.net.UnknownHostException: kadaster
20:15:00.390 [ForkJoinPool-1-worker-19] ERROR com.intuit.karate - feature call (loop) failed at index: 0
caller: classpath:InspireTest/ngr/datasetrecords/def/checkxlinkurl.template.feature
arg: {"link":"http://kadaster/06b6c650-cdb1-11dd-ad8b-0800200c9a81"}
checkxlinkurl.template.feature:14 - 
java.net.UnknownHostException: kadaster
20:15:00.390 [ForkJoinPool-1-worker-23] INFO  com.intuit.karate - [print]
20:15:00.391 [ForkJoinPool-1-worker-23] INFO  com.intuit.karate - [print] testing xlinkurl:http://rdfdata.eionet.europa.eu/inspirethemes/themes/24
20:15:00.392 [ForkJoinPool-1-worker-5] INFO  com.intuit.karate - [print]
20:15:00.396 [ForkJoinPool-1-worker-5] INFO  com.intuit.karate - [print] testing xlinkurl:http://www.opengis.net/def/crs/EPSG/0/http://www.opengis.net/def/crs/EPSG/0/4258
20:15:00.439 [ForkJoinPool-1-worker-13] INFO  com.intuit.karate - [print]
20:15:00.440 [ForkJoinPool-1-worker-13] INFO  com.intuit.karate - [print] testing xlinkurl:http://nationaalgeoregister.nl/geonetwork/srv/dut/csw?SERVICE=CSW&version=2.0.2&REQUEST=GetRecordById&elementSetName=full&OutputSchema=http://www.isotc211.org/2005/gmd&ID=41023936-009d-48ec-a90d-c966895463c1
20:15:00.503 [ForkJoinPool-1-worker-3] ERROR com.intuit.karate - status code was: 500, expected: 200, response time: 314, url: https://www.nationaalgeoregister.nl/geonetwork/srv/api/records07575774-57a1-4419-bab4-6c88fdeb02b2, response: 
20:15:00.504 [ForkJoinPool-1-worker-3] ERROR com.intuit.karate - feature call (loop) failed at index: 1
caller: classpath:InspireTest/ngr/datasetrecords/def/checkxlinkurl.template.feature
arg: {"link":"https://www.nationaalgeoregister.nl/geonetwork/srv/api/records07575774-57a1-4419-bab4-6c88fdeb02b2"}
checkxlinkurl.template.feature:15 - status code was: 500, expected: 200, response time: 314, url: https://www.nationaalgeoregister.nl/geonetwork/srv/api/records07575774-57a1-4419-bab4-6c88fdeb02b2, response: 
20:15:00.531 [ForkJoinPool-1-worker-9] INFO  com.intuit.karate - [print] title:Geluidkaart Schiphol 2016 (Lnight)
20:15:00.532 [ForkJoinPool-1-worker-9] INFO  com.intuit.karate - [print] Geluidkaart Schiphol 2016 (Lnight)
20:15:00.534 [ForkJoinPool-1-worker-9] INFO  com.intuit.karate - [print] [
  "https://www.nationaalgeoregister.nl/geonetwork/srv/api/records58d39928-f502-48c9-a8c1-03244dc181bf"
]

20:15:00.539 [ForkJoinPool-1-worker-9] INFO  com.intuit.karate - [print]
20:15:00.540 [ForkJoinPool-1-worker-9] INFO  com.intuit.karate - [print] testing xlinkurl:https://www.nationaalgeoregister.nl/geonetwork/srv/api/records58d39928-f502-48c9-a8c1-03244dc181bf
20:15:00.588 [ForkJoinPool-1-worker-21] INFO  com.intuit.karate - [print]
20:15:00.589 [ForkJoinPool-1-worker-21] INFO  com.intuit.karate - [print] testing xlinkurl:https://data.overheid.nl/organisatie/PDOK
20:15:00.590 [ForkJoinPool-1-worker-23] ERROR com.intuit.karate - status code was: 404, expected: 200, response time: 199, url: http://rdfdata.eionet.europa.eu/inspirethemes/themes/24, response: 
20:15:00.591 [ForkJoinPool-1-worker-23] ERROR com.intuit.karate - feature call (loop) failed at index: 1
caller: classpath:InspireTest/ngr/datasetrecords/def/checkxlinkurl.template.feature
arg: {"link":"http://rdfdata.eionet.europa.eu/inspirethemes/themes/24"}
checkxlinkurl.template.feature:15 - status code was: 404, expected: 200, response time: 199, url: http://rdfdata.eionet.europa.eu/inspirethemes/themes/24, response: 
20:15:00.591 [ForkJoinPool-1-worker-23] INFO  com.intuit.karate - [print]
20:15:00.591 [ForkJoinPool-1-worker-23] INFO  com.intuit.karate - [print] testing xlinkurl:https://ngr.geocat.live/geonetwork/srv/eng/thesaurus.download?ref=external.theme.httpinspireeceuropaeumetadatacodelistPrioritydataset-Prioritydataset
20:15:00.697 [ForkJoinPool-1-worker-5] INFO  com.intuit.karate - [print]
20:15:00.702 [ForkJoinPool-1-worker-5] INFO  com.intuit.karate - [print] testing xlinkurl:http://kadaster/7cdfa80a-cfbf-4324-978d-f1f141756b66
20:15:00.703 [ForkJoinPool-1-worker-5] ERROR com.intuit.karate - java.net.UnknownHostException: kadaster, http call failed after 0 milliseconds for URL: http://kadaster/7cdfa80a-cfbf-4324-978d-f1f141756b66
20:15:00.704 [ForkJoinPool-1-worker-5] ERROR com.intuit.karate - http request failed: 
java.net.UnknownHostException: kadaster
20:15:00.704 [ForkJoinPool-1-worker-5] ERROR com.intuit.karate - feature call (loop) failed at index: 1
caller: classpath:InspireTest/ngr/datasetrecords/def/checkxlinkurl.template.feature
arg: {"link":"http://kadaster/7cdfa80a-cfbf-4324-978d-f1f141756b66"}
checkxlinkurl.template.feature:14 - 
java.net.UnknownHostException: kadaster
20:15:00.751 [ForkJoinPool-1-worker-17] INFO  com.intuit.karate - [print] title:Luchtfoto 2016 25cm CIR open data
20:15:00.751 [ForkJoinPool-1-worker-17] INFO  com.intuit.karate - [print] Luchtfoto 2016 25cm CIR open data
20:15:00.755 [ForkJoinPool-1-worker-17] INFO  com.intuit.karate - [print] [
  "http://kadaster/2482250f-3b00-4439-9f93-f3118229b015",
  "",
  "",
  ""
]

20:15:00.759 [ForkJoinPool-1-worker-17] INFO  com.intuit.karate - [print]
20:15:00.759 [ForkJoinPool-1-worker-17] INFO  com.intuit.karate - [print] testing xlinkurl:http://kadaster/2482250f-3b00-4439-9f93-f3118229b015
20:15:00.760 [ForkJoinPool-1-worker-17] ERROR com.intuit.karate - java.net.UnknownHostException: kadaster, http call failed after 0 milliseconds for URL: http://kadaster/2482250f-3b00-4439-9f93-f3118229b015
20:15:00.761 [ForkJoinPool-1-worker-17] ERROR com.intuit.karate - http request failed: 
java.net.UnknownHostException: kadaster
20:15:00.761 [ForkJoinPool-1-worker-17] ERROR com.intuit.karate - feature call (loop) failed at index: 0
caller: classpath:InspireTest/ngr/datasetrecords/def/checkxlinkurl.template.feature
arg: {"link":"http://kadaster/2482250f-3b00-4439-9f93-f3118229b015"}
checkxlinkurl.template.feature:14 - 
java.net.UnknownHostException: kadaster
20:15:00.762 [ForkJoinPool-1-worker-17] INFO  com.intuit.karate - [print]
20:15:00.763 [ForkJoinPool-1-worker-17] INFO  com.intuit.karate - [print] testing xlinkurl:
20:15:00.763 [ForkJoinPool-1-worker-17] ERROR com.intuit.karate - org.apache.http.client.ClientProtocolException, http call failed after 0 milliseconds for URL: 
20:15:00.764 [ForkJoinPool-1-worker-17] ERROR com.intuit.karate - http request failed: 
org.apache.http.client.ClientProtocolException
20:15:00.764 [ForkJoinPool-1-worker-17] ERROR com.intuit.karate - feature call (loop) failed at index: 1
caller: classpath:InspireTest/ngr/datasetrecords/def/checkxlinkurl.template.feature
arg: {"link":""}
checkxlinkurl.template.feature:14 - 
org.apache.http.client.ClientProtocolException
20:15:00.764 [ForkJoinPool-1-worker-17] INFO  com.intuit.karate - [print]
20:15:00.764 [ForkJoinPool-1-worker-17] INFO  com.intuit.karate - [print] testing xlinkurl:
20:15:00.764 [ForkJoinPool-1-worker-17] ERROR com.intuit.karate - org.apache.http.client.ClientProtocolException, http call failed after 0 milliseconds for URL: 
20:15:00.764 [ForkJoinPool-1-worker-17] ERROR com.intuit.karate - http request failed: 
org.apache.http.client.ClientProtocolException
20:15:00.765 [ForkJoinPool-1-worker-17] ERROR com.intuit.karate - feature call (loop) failed at index: 2
caller: classpath:InspireTest/ngr/datasetrecords/def/checkxlinkurl.template.feature
arg: {"link":""}
checkxlinkurl.template.feature:14 - 
org.apache.http.client.ClientProtocolException
20:15:00.766 [ForkJoinPool-1-worker-17] INFO  com.intuit.karate - [print]
20:15:00.766 [ForkJoinPool-1-worker-17] INFO  com.intuit.karate - [print] testing xlinkurl:
20:15:00.766 [ForkJoinPool-1-worker-17] ERROR com.intuit.karate - org.apache.http.client.ClientProtocolException, http call failed after 0 milliseconds for URL: 
20:15:00.766 [ForkJoinPool-1-worker-17] ERROR com.intuit.karate - http request failed: 
org.apache.http.client.ClientProtocolException
20:15:00.766 [ForkJoinPool-1-worker-17] ERROR com.intuit.karate - feature call (loop) failed at index: 3
caller: classpath:InspireTest/ngr/datasetrecords/def/checkxlinkurl.template.feature
arg: {"link":""}
checkxlinkurl.template.feature:14 - 
org.apache.http.client.ClientProtocolException
20:15:00.965 [ForkJoinPool-1-worker-13] INFO  com.intuit.karate - [print]
20:15:00.966 [ForkJoinPool-1-worker-13] INFO  com.intuit.karate - [print] testing xlinkurl:https://creativecommons.org/publicdomain/mark/*/deed.nl
20:15:00.968 [ForkJoinPool-1-worker-27] INFO  com.intuit.karate - [print] title:Luchtfoto 2017 25cm CIR open data
20:15:00.968 [ForkJoinPool-1-worker-27] INFO  com.intuit.karate - [print] Luchtfoto 2017 25cm CIR open data
20:15:00.968 [ForkJoinPool-1-worker-9] ERROR com.intuit.karate - status code was: 500, expected: 200, response time: 427, url: https://www.nationaalgeoregister.nl/geonetwork/srv/api/records58d39928-f502-48c9-a8c1-03244dc181bf, response: 
20:15:00.968 [ForkJoinPool-1-worker-9] ERROR com.intuit.karate - feature call (loop) failed at index: 0
caller: classpath:InspireTest/ngr/datasetrecords/def/checkxlinkurl.template.feature
arg: {"link":"https://www.nationaalgeoregister.nl/geonetwork/srv/api/records58d39928-f502-48c9-a8c1-03244dc181bf"}
checkxlinkurl.template.feature:15 - status code was: 500, expected: 200, response time: 427, url: https://www.nationaalgeoregister.nl/geonetwork/srv/api/records58d39928-f502-48c9-a8c1-03244dc181bf, response: 
20:15:00.974 [ForkJoinPool-1-worker-27] INFO  com.intuit.karate - [print] [
  "http://kadaster/2482250f-3b00-4439-9f93-f3118229b018",
  "",
  "",
  ""
]

20:15:00.979 [ForkJoinPool-1-worker-27] INFO  com.intuit.karate - [print]
20:15:00.981 [ForkJoinPool-1-worker-27] INFO  com.intuit.karate - [print] testing xlinkurl:http://kadaster/2482250f-3b00-4439-9f93-f3118229b018
20:15:00.982 [ForkJoinPool-1-worker-27] ERROR com.intuit.karate - java.net.UnknownHostException: kadaster, http call failed after 0 milliseconds for URL: http://kadaster/2482250f-3b00-4439-9f93-f3118229b018
20:15:00.983 [ForkJoinPool-1-worker-27] ERROR com.intuit.karate - http request failed: 
java.net.UnknownHostException: kadaster
20:15:00.984 [ForkJoinPool-1-worker-27] ERROR com.intuit.karate - feature call (loop) failed at index: 0
caller: classpath:InspireTest/ngr/datasetrecords/def/checkxlinkurl.template.feature
arg: {"link":"http://kadaster/2482250f-3b00-4439-9f93-f3118229b018"}
checkxlinkurl.template.feature:14 - 
java.net.UnknownHostException: kadaster
20:15:00.985 [ForkJoinPool-1-worker-27] INFO  com.intuit.karate - [print]
20:15:00.986 [ForkJoinPool-1-worker-27] INFO  com.intuit.karate - [print] testing xlinkurl:
20:15:00.987 [ForkJoinPool-1-worker-27] ERROR com.intuit.karate - org.apache.http.client.ClientProtocolException, http call failed after 0 milliseconds for URL: 
20:15:00.987 [ForkJoinPool-1-worker-27] ERROR com.intuit.karate - http request failed: 
org.apache.http.client.ClientProtocolException
20:15:00.988 [ForkJoinPool-1-worker-27] ERROR com.intuit.karate - feature call (loop) failed at index: 1
caller: classpath:InspireTest/ngr/datasetrecords/def/checkxlinkurl.template.feature
arg: {"link":""}
checkxlinkurl.template.feature:14 - 
org.apache.http.client.ClientProtocolException
20:15:00.990 [ForkJoinPool-1-worker-27] INFO  com.intuit.karate - [print]
20:15:00.990 [ForkJoinPool-1-worker-27] INFO  com.intuit.karate - [print] testing xlinkurl:
20:15:00.991 [ForkJoinPool-1-worker-27] ERROR com.intuit.karate - org.apache.http.client.ClientProtocolException, http call failed after 0 milliseconds for URL: 
20:15:00.992 [ForkJoinPool-1-worker-27] ERROR com.intuit.karate - http request failed: 
org.apache.http.client.ClientProtocolException
20:15:00.993 [ForkJoinPool-1-worker-27] ERROR com.intuit.karate - feature call (loop) failed at index: 2
caller: classpath:InspireTest/ngr/datasetrecords/def/checkxlinkurl.template.feature
arg: {"link":""}
checkxlinkurl.template.feature:14 - 
org.apache.http.client.ClientProtocolException
20:15:00.994 [ForkJoinPool-1-worker-27] INFO  com.intuit.karate - [print]
20:15:00.995 [ForkJoinPool-1-worker-27] INFO  com.intuit.karate - [print] testing xlinkurl:
20:15:00.996 [ForkJoinPool-1-worker-27] ERROR com.intuit.karate - org.apache.http.client.ClientProtocolException, http call failed after 0 milliseconds for URL: 
20:15:00.997 [ForkJoinPool-1-worker-27] ERROR com.intuit.karate - http request failed: 
org.apache.http.client.ClientProtocolException
20:15:00.997 [ForkJoinPool-1-worker-27] ERROR com.intuit.karate - feature call (loop) failed at index: 3
caller: classpath:InspireTest/ngr/datasetrecords/def/checkxlinkurl.template.feature
arg: {"link":""}
checkxlinkurl.template.feature:14 - 
org.apache.http.client.ClientProtocolException
20:15:01.009 [ForkJoinPool-1-worker-13] ERROR com.intuit.karate - status code was: 404, expected: 200, response time: 43, url: https://creativecommons.org/publicdomain/mark/*/deed.nl, response: 
20:15:01.009 [ForkJoinPool-1-worker-13] ERROR com.intuit.karate - feature call (loop) failed at index: 2
caller: classpath:InspireTest/ngr/datasetrecords/def/checkxlinkurl.template.feature
arg: {"link":"https://creativecommons.org/publicdomain/mark/*/deed.nl"}
checkxlinkurl.template.feature:15 - status code was: 404, expected: 200, response time: 43, url: https://creativecommons.org/publicdomain/mark/*/deed.nl, response: 
20:15:01.010 [ForkJoinPool-1-worker-13] INFO  com.intuit.karate - [print]
20:15:01.010 [ForkJoinPool-1-worker-13] INFO  com.intuit.karate - [print] testing xlinkurl:
20:15:01.010 [ForkJoinPool-1-worker-13] ERROR com.intuit.karate - org.apache.http.client.ClientProtocolException, http call failed after 0 milliseconds for URL: 
20:15:01.010 [ForkJoinPool-1-worker-13] ERROR com.intuit.karate - http request failed: 
org.apache.http.client.ClientProtocolException
20:15:01.010 [ForkJoinPool-1-worker-13] ERROR com.intuit.karate - feature call (loop) failed at index: 3
caller: classpath:InspireTest/ngr/datasetrecords/def/checkxlinkurl.template.feature
arg: {"link":""}
checkxlinkurl.template.feature:14 - 
org.apache.http.client.ClientProtocolException
20:15:01.064 [ForkJoinPool-1-worker-31] INFO  com.intuit.karate - [print] title:Bathymetrie Nederland - binnenwateren
20:15:01.064 [ForkJoinPool-1-worker-31] INFO  com.intuit.karate - [print] Bathymetrie Nederland - binnenwateren
20:15:01.067 [ForkJoinPool-1-worker-31] INFO  com.intuit.karate - [print] [
  "https://www.nationaalgeoregister.nl/geonetwork/srv/dut/catalog.search#/metadata/adn73c4a-ef03-4785-b7f6-942e86b385f7",
  "http://rdfdata.eionet.europa.eu/inspirethemes/themes/10",
  "urn:ogc:def:crs:EPSG::5709"
]

20:15:01.074 [ForkJoinPool-1-worker-31] INFO  com.intuit.karate - [print]
20:15:01.075 [ForkJoinPool-1-worker-31] INFO  com.intuit.karate - [print] testing xlinkurl:https://www.nationaalgeoregister.nl/geonetwork/srv/dut/catalog.search#/metadata/adn73c4a-ef03-4785-b7f6-942e86b385f7
20:15:01.106 [ForkJoinPool-1-worker-19] INFO  com.intuit.karate - [print] title:CBS gebiedsindelingen
20:15:01.107 [ForkJoinPool-1-worker-19] INFO  com.intuit.karate - [print] CBS gebiedsindelingen
20:15:01.109 [ForkJoinPool-1-worker-19] INFO  com.intuit.karate - [print] [
  "https://geodata.nationaalgeoregister.nl/cbsgebiedsindelingen/atom/cbsgebiedsindelingen.xml",
  "https://www.iana.org/assignments/media-types/application/geopackage+sqlite3",
  ""
]

20:15:01.114 [ForkJoinPool-1-worker-19] INFO  com.intuit.karate - [print]
20:15:01.115 [ForkJoinPool-1-worker-19] INFO  com.intuit.karate - [print] testing xlinkurl:https://geodata.nationaalgeoregister.nl/cbsgebiedsindelingen/atom/cbsgebiedsindelingen.xml
20:15:01.185 [ForkJoinPool-1-worker-3] INFO  com.intuit.karate - [print] title:Vervoersnetwerken
20:15:01.185 [ForkJoinPool-1-worker-3] INFO  com.intuit.karate - [print] Vervoersnetwerken
20:15:01.186 [ForkJoinPool-1-worker-3] INFO  com.intuit.karate - [print] [
  "http://kadaster/06b6c650-cdb1-11dd-ad8b-0800200c9a75"
]

20:15:01.191 [ForkJoinPool-1-worker-3] INFO  com.intuit.karate - [print]
20:15:01.191 [ForkJoinPool-1-worker-3] INFO  com.intuit.karate - [print] testing xlinkurl:http://kadaster/06b6c650-cdb1-11dd-ad8b-0800200c9a75
20:15:01.192 [ForkJoinPool-1-worker-3] ERROR com.intuit.karate - java.net.UnknownHostException: kadaster, http call failed after 0 milliseconds for URL: http://kadaster/06b6c650-cdb1-11dd-ad8b-0800200c9a75
20:15:01.193 [ForkJoinPool-1-worker-3] ERROR com.intuit.karate - http request failed: 
java.net.UnknownHostException: kadaster
20:15:01.193 [ForkJoinPool-1-worker-3] ERROR com.intuit.karate - feature call (loop) failed at index: 0
caller: classpath:InspireTest/ngr/datasetrecords/def/checkxlinkurl.template.feature
arg: {"link":"http://kadaster/06b6c650-cdb1-11dd-ad8b-0800200c9a75"}
checkxlinkurl.template.feature:14 - 
java.net.UnknownHostException: kadaster
20:15:01.199 [ForkJoinPool-1-worker-23] ERROR com.intuit.karate - status code was: 500, expected: 200, response time: 607, url: https://ngr.geocat.live/geonetwork/srv/eng/thesaurus.download?ref=external.theme.httpinspireeceuropaeumetadatacodelistPrioritydataset-Prioritydataset, response: 
20:15:01.199 [ForkJoinPool-1-worker-23] ERROR com.intuit.karate - feature call (loop) failed at index: 2
caller: classpath:InspireTest/ngr/datasetrecords/def/checkxlinkurl.template.feature
arg: {"link":"https://ngr.geocat.live/geonetwork/srv/eng/thesaurus.download?ref=external.theme.httpinspireeceuropaeumetadatacodelistPrioritydataset-Prioritydataset"}
checkxlinkurl.template.feature:15 - status code was: 500, expected: 200, response time: 607, url: https://ngr.geocat.live/geonetwork/srv/eng/thesaurus.download?ref=external.theme.httpinspireeceuropaeumetadatacodelistPrioritydataset-Prioritydataset, response: 
20:15:01.199 [ForkJoinPool-1-worker-23] INFO  com.intuit.karate - [print]
20:15:01.199 [ForkJoinPool-1-worker-23] INFO  com.intuit.karate - [print] testing xlinkurl:urn:ogc:def:crs:EPSG::5709
20:15:01.200 [ForkJoinPool-1-worker-23] ERROR com.intuit.karate - org.apache.http.client.ClientProtocolException: URI does not specify a valid host name: urn:ogc:def:crs:EPSG::5709, http call failed after 0 milliseconds for URL: urn:ogc:def:crs:EPSG::5709
20:15:01.200 [ForkJoinPool-1-worker-23] ERROR com.intuit.karate - http request failed: 
org.apache.http.client.ClientProtocolException: URI does not specify a valid host name: urn:ogc:def:crs:EPSG::5709
20:15:01.200 [ForkJoinPool-1-worker-23] ERROR com.intuit.karate - feature call (loop) failed at index: 3
caller: classpath:InspireTest/ngr/datasetrecords/def/checkxlinkurl.template.feature
arg: {"link":"urn:ogc:def:crs:EPSG::5709"}
checkxlinkurl.template.feature:14 - 
org.apache.http.client.ClientProtocolException: URI does not specify a valid host name: urn:ogc:def:crs:EPSG::5709
20:15:01.407 [ForkJoinPool-1-worker-17] INFO  com.intuit.karate - [print] title:Ligging industrie en CO2 emissies
20:15:01.413 [ForkJoinPool-1-worker-17] INFO  com.intuit.karate - [print] Ligging industrie en CO2 emissies
20:15:01.415 [ForkJoinPool-1-worker-17] INFO  com.intuit.karate - [print] [
  "https://www.nationaalgeoregister.nl/geonetwork/srv/dut/catalog.search#/metadata/d6b85d84-cdb9-4a6e-b799-cf8826e22a94"
]

20:15:01.422 [ForkJoinPool-1-worker-17] INFO  com.intuit.karate - [print]
20:15:01.423 [ForkJoinPool-1-worker-17] INFO  com.intuit.karate - [print] testing xlinkurl:https://www.nationaalgeoregister.nl/geonetwork/srv/dut/catalog.search#/metadata/d6b85d84-cdb9-4a6e-b799-cf8826e22a94
20:15:01.433 [ForkJoinPool-1-worker-5] INFO  com.intuit.karate - [print] title:Waterstanden en afvoeren verwacht - Rijkswaterstaat
20:15:01.434 [ForkJoinPool-1-worker-5] INFO  com.intuit.karate - [print] Waterstanden en afvoeren verwacht - Rijkswaterstaat
20:15:01.436 [ForkJoinPool-1-worker-5] INFO  com.intuit.karate - [print] [
  "https://www.nationaalgeoregister.nl/geonetwork/srv/dut/catalog.search#/metadata/25294679-adb9-4c39-a93b-6954ff9414ac",
  "http://rdfdata.eionet.europa.eu/inspirethemes/themes/20",
  "http://rdfdata.eionet.europa.eu/inspirethemes/themes/28",
  "urn:ogc:def:crs:EPSG::5709"
]

20:15:01.441 [ForkJoinPool-1-worker-5] INFO  com.intuit.karate - [print]
20:15:01.441 [ForkJoinPool-1-worker-5] INFO  com.intuit.karate - [print] testing xlinkurl:https://www.nationaalgeoregister.nl/geonetwork/srv/dut/catalog.search#/metadata/25294679-adb9-4c39-a93b-6954ff9414ac
20:15:01.510 [ForkJoinPool-1-worker-9] INFO  com.intuit.karate - [print] title:Emissies naar lucht en water in 2015 vanuit de industrie
20:15:01.510 [ForkJoinPool-1-worker-9] INFO  com.intuit.karate - [print] Emissies naar lucht en water in 2015 vanuit de industrie
20:15:01.512 [ForkJoinPool-1-worker-9] INFO  com.intuit.karate - [print] [
  "https://data.rivm.nl/inspire/id#c6d62f69-7be0-4c19-a4af-d146c6a3c166"
]

20:15:01.518 [ForkJoinPool-1-worker-9] INFO  com.intuit.karate - [print]
20:15:01.519 [ForkJoinPool-1-worker-9] INFO  com.intuit.karate - [print] testing xlinkurl:https://data.rivm.nl/inspire/id#c6d62f69-7be0-4c19-a4af-d146c6a3c166
20:15:01.534 [ForkJoinPool-1-worker-19] INFO  com.intuit.karate - [print]
20:15:01.534 [ForkJoinPool-1-worker-19] INFO  com.intuit.karate - [print] testing xlinkurl:https://www.iana.org/assignments/media-types/application/geopackage+sqlite3
20:15:01.563 [ForkJoinPool-1-worker-31] INFO  com.intuit.karate - [print]
20:15:01.563 [ForkJoinPool-1-worker-31] INFO  com.intuit.karate - [print] testing xlinkurl:http://rdfdata.eionet.europa.eu/inspirethemes/themes/10
20:15:01.589 [ForkJoinPool-1-worker-27] INFO  com.intuit.karate - [print] title:Gebieden in de territoriale zee
20:15:01.589 [ForkJoinPool-1-worker-27] INFO  com.intuit.karate - [print] Gebieden in de territoriale zee
20:15:01.591 [ForkJoinPool-1-worker-27] INFO  com.intuit.karate - [print] [
  "http://www.opengis.net/def/crs/EPSG/0/https://www.opengis.net/def/crs/EPSG/0/4258",
  "https://www.nationaalgeoregister.nl/geonetwork/srv/api/records4617f0e0-6af4-4ac0-9044-31df9d03071c"
]

20:15:01.597 [ForkJoinPool-1-worker-27] INFO  com.intuit.karate - [print]
20:15:01.598 [ForkJoinPool-1-worker-27] INFO  com.intuit.karate - [print] testing xlinkurl:http://www.opengis.net/def/crs/EPSG/0/https://www.opengis.net/def/crs/EPSG/0/4258
20:15:01.765 [ForkJoinPool-1-worker-5] INFO  com.intuit.karate - [print]
20:15:01.765 [ForkJoinPool-1-worker-5] INFO  com.intuit.karate - [print] testing xlinkurl:http://rdfdata.eionet.europa.eu/inspirethemes/themes/20
20:15:01.771 [ForkJoinPool-1-worker-19] INFO  com.intuit.karate - [print]
20:15:01.771 [ForkJoinPool-1-worker-19] INFO  com.intuit.karate - [print] testing xlinkurl:
20:15:01.772 [ForkJoinPool-1-worker-19] ERROR com.intuit.karate - org.apache.http.client.ClientProtocolException, http call failed after 0 milliseconds for URL: 
20:15:01.772 [ForkJoinPool-1-worker-19] ERROR com.intuit.karate - http request failed: 
org.apache.http.client.ClientProtocolException
20:15:01.772 [ForkJoinPool-1-worker-19] ERROR com.intuit.karate - feature call (loop) failed at index: 2
caller: classpath:InspireTest/ngr/datasetrecords/def/checkxlinkurl.template.feature
arg: {"link":""}
checkxlinkurl.template.feature:14 - 
org.apache.http.client.ClientProtocolException
20:15:01.772 [ForkJoinPool-1-worker-13] INFO  com.intuit.karate - [print] title:Gebouwen (INSPIRE geharmoniseerd)
20:15:01.772 [ForkJoinPool-1-worker-13] INFO  com.intuit.karate - [print] Gebouwen (INSPIRE geharmoniseerd)
20:15:01.775 [ForkJoinPool-1-worker-13] INFO  com.intuit.karate - [print] [
  "http://www.opengis.net/def/crs/EPSG/0/http://www.opengis.net/def/crs/EPSG/0/4258",
  "http://kadaster/80b2d12c-32be-54fg-b6d3\u201434f4ffc06cf3"
]

20:15:01.786 [ForkJoinPool-1-worker-23] INFO  com.intuit.karate - [print] title:Luchtfoto 2018 25cm RGB open data
20:15:01.787 [ForkJoinPool-1-worker-23] INFO  com.intuit.karate - [print] Luchtfoto 2018 25cm RGB open data
20:15:01.789 [ForkJoinPool-1-worker-31] ERROR com.intuit.karate - status code was: 404, expected: 200, response time: 226, url: http://rdfdata.eionet.europa.eu/inspirethemes/themes/10, response: 
20:15:01.789 [ForkJoinPool-1-worker-23] INFO  com.intuit.karate - [print] [
  "http://kadaster/2482250f-3b00-4439-9f93-f3118229b020",
  "",
  "",
  ""
]

20:15:01.789 [ForkJoinPool-1-worker-31] ERROR com.intuit.karate - feature call (loop) failed at index: 1
caller: classpath:InspireTest/ngr/datasetrecords/def/checkxlinkurl.template.feature
arg: {"link":"http://rdfdata.eionet.europa.eu/inspirethemes/themes/10"}
checkxlinkurl.template.feature:15 - status code was: 404, expected: 200, response time: 226, url: http://rdfdata.eionet.europa.eu/inspirethemes/themes/10, response: 
20:15:01.790 [ForkJoinPool-1-worker-31] INFO  com.intuit.karate - [print]
20:15:01.790 [ForkJoinPool-1-worker-31] INFO  com.intuit.karate - [print] testing xlinkurl:urn:ogc:def:crs:EPSG::5709
20:15:01.791 [ForkJoinPool-1-worker-13] INFO  com.intuit.karate - [print]
20:15:01.791 [ForkJoinPool-1-worker-13] INFO  com.intuit.karate - [print] testing xlinkurl:http://www.opengis.net/def/crs/EPSG/0/http://www.opengis.net/def/crs/EPSG/0/4258
20:15:01.791 [ForkJoinPool-1-worker-31] ERROR com.intuit.karate - org.apache.http.client.ClientProtocolException: URI does not specify a valid host name: urn:ogc:def:crs:EPSG::5709, http call failed after 0 milliseconds for URL: urn:ogc:def:crs:EPSG::5709
20:15:01.791 [ForkJoinPool-1-worker-31] ERROR com.intuit.karate - http request failed: 
org.apache.http.client.ClientProtocolException: URI does not specify a valid host name: urn:ogc:def:crs:EPSG::5709
20:15:01.791 [ForkJoinPool-1-worker-31] ERROR com.intuit.karate - feature call (loop) failed at index: 2
caller: classpath:InspireTest/ngr/datasetrecords/def/checkxlinkurl.template.feature
arg: {"link":"urn:ogc:def:crs:EPSG::5709"}
checkxlinkurl.template.feature:14 - 
org.apache.http.client.ClientProtocolException: URI does not specify a valid host name: urn:ogc:def:crs:EPSG::5709
20:15:01.808 [ForkJoinPool-1-worker-23] INFO  com.intuit.karate - [print]
20:15:01.809 [ForkJoinPool-1-worker-23] INFO  com.intuit.karate - [print] testing xlinkurl:http://kadaster/2482250f-3b00-4439-9f93-f3118229b020
20:15:01.810 [ForkJoinPool-1-worker-23] ERROR com.intuit.karate - java.net.UnknownHostException: kadaster, http call failed after 0 milliseconds for URL: http://kadaster/2482250f-3b00-4439-9f93-f3118229b020
20:15:01.810 [ForkJoinPool-1-worker-23] ERROR com.intuit.karate - http request failed: 
java.net.UnknownHostException: kadaster
20:15:01.811 [ForkJoinPool-1-worker-23] ERROR com.intuit.karate - feature call (loop) failed at index: 0
caller: classpath:InspireTest/ngr/datasetrecords/def/checkxlinkurl.template.feature
arg: {"link":"http://kadaster/2482250f-3b00-4439-9f93-f3118229b020"}
checkxlinkurl.template.feature:14 - 
java.net.UnknownHostException: kadaster
20:15:01.816 [ForkJoinPool-1-worker-23] INFO  com.intuit.karate - [print]
20:15:01.816 [ForkJoinPool-1-worker-3] INFO  com.intuit.karate - [print] title:Kadastrale Percelen (INSPIRE geharmoniseerd)
20:15:01.817 [ForkJoinPool-1-worker-3] INFO  com.intuit.karate - [print] Kadastrale Percelen (INSPIRE geharmoniseerd)
20:15:01.819 [ForkJoinPool-1-worker-3] INFO  com.intuit.karate - [print] [
  "http://www.opengis.net/def/crs/EPSG/0/http://www.opengis.net/def/crs/EPSG/0/4258",
  "http://kadaster/0f9b8c87-80a6-435f-b3b3-e07c3918d344"
]

20:15:01.823 [ForkJoinPool-1-worker-3] INFO  com.intuit.karate - [print]
20:15:01.823 [ForkJoinPool-1-worker-23] INFO  com.intuit.karate - [print] testing xlinkurl:
20:15:01.824 [ForkJoinPool-1-worker-23] ERROR com.intuit.karate - org.apache.http.client.ClientProtocolException, http call failed after 0 milliseconds for URL: 
20:15:01.824 [ForkJoinPool-1-worker-23] ERROR com.intuit.karate - http request failed: 
org.apache.http.client.ClientProtocolException
20:15:01.824 [ForkJoinPool-1-worker-23] ERROR com.intuit.karate - feature call (loop) failed at index: 1
caller: classpath:InspireTest/ngr/datasetrecords/def/checkxlinkurl.template.feature
arg: {"link":""}
checkxlinkurl.template.feature:14 - 
org.apache.http.client.ClientProtocolException
20:15:01.825 [ForkJoinPool-1-worker-3] INFO  com.intuit.karate - [print] testing xlinkurl:http://www.opengis.net/def/crs/EPSG/0/http://www.opengis.net/def/crs/EPSG/0/4258
20:15:01.827 [ForkJoinPool-1-worker-23] INFO  com.intuit.karate - [print]
20:15:01.827 [ForkJoinPool-1-worker-23] INFO  com.intuit.karate - [print] testing xlinkurl:
20:15:01.827 [ForkJoinPool-1-worker-23] ERROR com.intuit.karate - org.apache.http.client.ClientProtocolException, http call failed after 0 milliseconds for URL: 
20:15:01.827 [ForkJoinPool-1-worker-23] ERROR com.intuit.karate - http request failed: 
org.apache.http.client.ClientProtocolException
20:15:01.828 [ForkJoinPool-1-worker-23] ERROR com.intuit.karate - feature call (loop) failed at index: 2
caller: classpath:InspireTest/ngr/datasetrecords/def/checkxlinkurl.template.feature
arg: {"link":""}
checkxlinkurl.template.feature:14 - 
org.apache.http.client.ClientProtocolException
20:15:01.828 [ForkJoinPool-1-worker-23] INFO  com.intuit.karate - [print]
20:15:01.828 [ForkJoinPool-1-worker-23] INFO  com.intuit.karate - [print] testing xlinkurl:
20:15:01.828 [ForkJoinPool-1-worker-23] ERROR com.intuit.karate - org.apache.http.client.ClientProtocolException, http call failed after 0 milliseconds for URL: 
20:15:01.828 [ForkJoinPool-1-worker-23] ERROR com.intuit.karate - http request failed: 
org.apache.http.client.ClientProtocolException
20:15:01.829 [ForkJoinPool-1-worker-23] ERROR com.intuit.karate - feature call (loop) failed at index: 3
caller: classpath:InspireTest/ngr/datasetrecords/def/checkxlinkurl.template.feature
arg: {"link":""}
checkxlinkurl.template.feature:14 - 
org.apache.http.client.ClientProtocolException
20:15:01.879 [ForkJoinPool-1-worker-9] ERROR com.intuit.karate - javax.net.ssl.SSLException: Connection reset, http call failed after 359 milliseconds for URL: https://data.rivm.nl/inspire/id#c6d62f69-7be0-4c19-a4af-d146c6a3c166
20:15:01.879 [ForkJoinPool-1-worker-9] ERROR com.intuit.karate - http request failed: 
javax.net.ssl.SSLException: Connection reset
20:15:01.879 [ForkJoinPool-1-worker-9] ERROR com.intuit.karate - feature call (loop) failed at index: 0
caller: classpath:InspireTest/ngr/datasetrecords/def/checkxlinkurl.template.feature
arg: {"link":"https://data.rivm.nl/inspire/id#c6d62f69-7be0-4c19-a4af-d146c6a3c166"}
checkxlinkurl.template.feature:14 - 
javax.net.ssl.SSLException: Connection reset
20:15:01.908 [ForkJoinPool-1-worker-27] INFO  com.intuit.karate - [print]
20:15:01.908 [ForkJoinPool-1-worker-27] INFO  com.intuit.karate - [print] testing xlinkurl:https://www.nationaalgeoregister.nl/geonetwork/srv/api/records4617f0e0-6af4-4ac0-9044-31df9d03071c
20:15:01.985 [ForkJoinPool-1-worker-5] ERROR com.intuit.karate - status code was: 404, expected: 200, response time: 220, url: http://rdfdata.eionet.europa.eu/inspirethemes/themes/20, response: 
20:15:01.986 [ForkJoinPool-1-worker-5] ERROR com.intuit.karate - feature call (loop) failed at index: 1
caller: classpath:InspireTest/ngr/datasetrecords/def/checkxlinkurl.template.feature
arg: {"link":"http://rdfdata.eionet.europa.eu/inspirethemes/themes/20"}
checkxlinkurl.template.feature:15 - status code was: 404, expected: 200, response time: 220, url: http://rdfdata.eionet.europa.eu/inspirethemes/themes/20, response: 
20:15:01.987 [ForkJoinPool-1-worker-5] INFO  com.intuit.karate - [print]
20:15:01.987 [ForkJoinPool-1-worker-5] INFO  com.intuit.karate - [print] testing xlinkurl:http://rdfdata.eionet.europa.eu/inspirethemes/themes/28
20:15:02.090 [ForkJoinPool-1-worker-13] INFO  com.intuit.karate - [print]
20:15:02.090 [ForkJoinPool-1-worker-13] INFO  com.intuit.karate - [print] testing xlinkurl:http://kadaster/80b2d12c-32be-54fg-b6d3—34f4ffc06cf3
20:15:02.099 [ForkJoinPool-1-worker-13] ERROR com.intuit.karate - java.net.UnknownHostException: kadaster, http call failed after 0 milliseconds for URL: http://kadaster/80b2d12c-32be-54fg-b6d3—34f4ffc06cf3
20:15:02.101 [ForkJoinPool-1-worker-13] ERROR com.intuit.karate - http request failed: 
java.net.UnknownHostException: kadaster
20:15:02.101 [ForkJoinPool-1-worker-13] ERROR com.intuit.karate - feature call (loop) failed at index: 1
caller: classpath:InspireTest/ngr/datasetrecords/def/checkxlinkurl.template.feature
arg: {"link":"http://kadaster/80b2d12c-32be-54fg-b6d3\u201434f4ffc06cf3"}
checkxlinkurl.template.feature:14 - 
java.net.UnknownHostException: kadaster
20:15:02.114 [ForkJoinPool-1-worker-3] INFO  com.intuit.karate - [print]
20:15:02.114 [ForkJoinPool-1-worker-3] INFO  com.intuit.karate - [print] testing xlinkurl:http://kadaster/0f9b8c87-80a6-435f-b3b3-e07c3918d344
20:15:02.115 [ForkJoinPool-1-worker-3] ERROR com.intuit.karate - java.net.UnknownHostException: kadaster, http call failed after 0 milliseconds for URL: http://kadaster/0f9b8c87-80a6-435f-b3b3-e07c3918d344
20:15:02.115 [ForkJoinPool-1-worker-3] ERROR com.intuit.karate - http request failed: 
java.net.UnknownHostException: kadaster
20:15:02.115 [ForkJoinPool-1-worker-3] ERROR com.intuit.karate - feature call (loop) failed at index: 1
caller: classpath:InspireTest/ngr/datasetrecords/def/checkxlinkurl.template.feature
arg: {"link":"http://kadaster/0f9b8c87-80a6-435f-b3b3-e07c3918d344"}
checkxlinkurl.template.feature:14 - 
java.net.UnknownHostException: kadaster
20:15:02.198 [ForkJoinPool-1-worker-5] ERROR com.intuit.karate - status code was: 404, expected: 200, response time: 210, url: http://rdfdata.eionet.europa.eu/inspirethemes/themes/28, response: 
20:15:02.198 [ForkJoinPool-1-worker-5] ERROR com.intuit.karate - feature call (loop) failed at index: 2
caller: classpath:InspireTest/ngr/datasetrecords/def/checkxlinkurl.template.feature
arg: {"link":"http://rdfdata.eionet.europa.eu/inspirethemes/themes/28"}
checkxlinkurl.template.feature:15 - status code was: 404, expected: 200, response time: 210, url: http://rdfdata.eionet.europa.eu/inspirethemes/themes/28, response: 
20:15:02.200 [ForkJoinPool-1-worker-5] INFO  com.intuit.karate - [print]
20:15:02.200 [ForkJoinPool-1-worker-5] INFO  com.intuit.karate - [print] testing xlinkurl:urn:ogc:def:crs:EPSG::5709
20:15:02.201 [ForkJoinPool-1-worker-5] ERROR com.intuit.karate - org.apache.http.client.ClientProtocolException: URI does not specify a valid host name: urn:ogc:def:crs:EPSG::5709, http call failed after 0 milliseconds for URL: urn:ogc:def:crs:EPSG::5709
20:15:02.201 [ForkJoinPool-1-worker-5] ERROR com.intuit.karate - http request failed: 
org.apache.http.client.ClientProtocolException: URI does not specify a valid host name: urn:ogc:def:crs:EPSG::5709
20:15:02.201 [ForkJoinPool-1-worker-5] ERROR com.intuit.karate - feature call (loop) failed at index: 3
caller: classpath:InspireTest/ngr/datasetrecords/def/checkxlinkurl.template.feature
arg: {"link":"urn:ogc:def:crs:EPSG::5709"}
checkxlinkurl.template.feature:14 - 
org.apache.http.client.ClientProtocolException: URI does not specify a valid host name: urn:ogc:def:crs:EPSG::5709
20:15:02.318 [ForkJoinPool-1-worker-19] INFO  com.intuit.karate - [print] title:Bathymetrie Nederland - kust
20:15:02.318 [ForkJoinPool-1-worker-19] INFO  com.intuit.karate - [print] Bathymetrie Nederland - kust
20:15:02.320 [ForkJoinPool-1-worker-19] INFO  com.intuit.karate - [print] [
  "https://www.nationaalgeoregister.nl/geonetwork/srv/dut/catalog.search#/metadata/adn73c4a-ef03-4785-b7f6-942e86b385f5",
  "http://rdfdata.eionet.europa.eu/inspirethemes/themes/10",
  "urn:ogc:def:crs:EPSG::5709"
]

20:15:02.325 [ForkJoinPool-1-worker-19] INFO  com.intuit.karate - [print]
20:15:02.326 [ForkJoinPool-1-worker-19] INFO  com.intuit.karate - [print] testing xlinkurl:https://www.nationaalgeoregister.nl/geonetwork/srv/dut/catalog.search#/metadata/adn73c4a-ef03-4785-b7f6-942e86b385f5
20:15:02.385 [ForkJoinPool-1-worker-17] INFO  com.intuit.karate - [print] title:Luchtfoto 2017 25cm RGB open data
20:15:02.388 [ForkJoinPool-1-worker-17] INFO  com.intuit.karate - [print] Luchtfoto 2017 25cm RGB open data
20:15:02.390 [ForkJoinPool-1-worker-17] INFO  com.intuit.karate - [print] [
  "http://kadaster/2482250f-3b00-4439-9f93-f3118229b017",
  "",
  "",
  ""
]

20:15:02.396 [ForkJoinPool-1-worker-17] INFO  com.intuit.karate - [print]
20:15:02.397 [ForkJoinPool-1-worker-17] INFO  com.intuit.karate - [print] testing xlinkurl:http://kadaster/2482250f-3b00-4439-9f93-f3118229b017
20:15:02.398 [ForkJoinPool-1-worker-17] ERROR com.intuit.karate - java.net.UnknownHostException: kadaster, http call failed after 0 milliseconds for URL: http://kadaster/2482250f-3b00-4439-9f93-f3118229b017
20:15:02.399 [ForkJoinPool-1-worker-17] ERROR com.intuit.karate - http request failed: 
java.net.UnknownHostException: kadaster
20:15:02.399 [ForkJoinPool-1-worker-17] ERROR com.intuit.karate - feature call (loop) failed at index: 0
caller: classpath:InspireTest/ngr/datasetrecords/def/checkxlinkurl.template.feature
arg: {"link":"http://kadaster/2482250f-3b00-4439-9f93-f3118229b017"}
checkxlinkurl.template.feature:14 - 
java.net.UnknownHostException: kadaster
20:15:02.404 [ForkJoinPool-1-worker-17] INFO  com.intuit.karate - [print]
20:15:02.405 [ForkJoinPool-1-worker-17] INFO  com.intuit.karate - [print] testing xlinkurl:
20:15:02.405 [ForkJoinPool-1-worker-17] ERROR com.intuit.karate - org.apache.http.client.ClientProtocolException, http call failed after 0 milliseconds for URL: 
20:15:02.406 [ForkJoinPool-1-worker-17] ERROR com.intuit.karate - http request failed: 
org.apache.http.client.ClientProtocolException
20:15:02.407 [ForkJoinPool-1-worker-17] ERROR com.intuit.karate - feature call (loop) failed at index: 1
caller: classpath:InspireTest/ngr/datasetrecords/def/checkxlinkurl.template.feature
arg: {"link":""}
checkxlinkurl.template.feature:14 - 
org.apache.http.client.ClientProtocolException
20:15:02.411 [ForkJoinPool-1-worker-17] INFO  com.intuit.karate - [print]
20:15:02.412 [ForkJoinPool-1-worker-17] INFO  com.intuit.karate - [print] testing xlinkurl:
20:15:02.413 [ForkJoinPool-1-worker-17] ERROR com.intuit.karate - org.apache.http.client.ClientProtocolException, http call failed after 0 milliseconds for URL: 
20:15:02.413 [ForkJoinPool-1-worker-27] ERROR com.intuit.karate - status code was: 500, expected: 200, response time: 505, url: https://www.nationaalgeoregister.nl/geonetwork/srv/api/records4617f0e0-6af4-4ac0-9044-31df9d03071c, response: 
20:15:02.414 [ForkJoinPool-1-worker-27] ERROR com.intuit.karate - feature call (loop) failed at index: 1
caller: classpath:InspireTest/ngr/datasetrecords/def/checkxlinkurl.template.feature
arg: {"link":"https://www.nationaalgeoregister.nl/geonetwork/srv/api/records4617f0e0-6af4-4ac0-9044-31df9d03071c"}
checkxlinkurl.template.feature:15 - status code was: 500, expected: 200, response time: 505, url: https://www.nationaalgeoregister.nl/geonetwork/srv/api/records4617f0e0-6af4-4ac0-9044-31df9d03071c, response: 
20:15:02.420 [ForkJoinPool-1-worker-31] INFO  com.intuit.karate - [print] title:Menselijke gezondheid en veiligheid - geluidbelasting rijkswegen 2016 (INSPIRE geharmoniseerd)
20:15:02.420 [ForkJoinPool-1-worker-31] INFO  com.intuit.karate - [print] Menselijke gezondheid en veiligheid - geluidbelasting rijkswegen 2016 (INSPIRE geharmoniseerd)
20:15:02.422 [ForkJoinPool-1-worker-31] INFO  com.intuit.karate - [print] [
  "https://www.nationaalgeoregister.nl/geonetwork/srv/dut/catalog.search#/metadata/wt-83730-e750-485a-9c0c-39bf9be72cf8",
  "http://rdfdata.eionet.europa.eu/inspirethemes/themes/18",
  "https://ngr.geocat.live/geonetwork/srv/eng/thesaurus.download?ref=external.theme.httpinspireeceuropaeumetadatacodelistPrioritydataset-Prioritydataset"
]

20:15:02.425 [ForkJoinPool-1-worker-31] INFO  com.intuit.karate - [print]
20:15:02.425 [ForkJoinPool-1-worker-31] INFO  com.intuit.karate - [print] testing xlinkurl:https://www.nationaalgeoregister.nl/geonetwork/srv/dut/catalog.search#/metadata/wt-83730-e750-485a-9c0c-39bf9be72cf8
20:15:02.433 [ForkJoinPool-1-worker-17] ERROR com.intuit.karate - http request failed: 
org.apache.http.client.ClientProtocolException
20:15:02.434 [ForkJoinPool-1-worker-17] ERROR com.intuit.karate - feature call (loop) failed at index: 2
caller: classpath:InspireTest/ngr/datasetrecords/def/checkxlinkurl.template.feature
arg: {"link":""}
checkxlinkurl.template.feature:14 - 
org.apache.http.client.ClientProtocolException
20:15:02.439 [ForkJoinPool-1-worker-17] INFO  com.intuit.karate - [print]
20:15:02.440 [ForkJoinPool-1-worker-17] INFO  com.intuit.karate - [print] testing xlinkurl:
20:15:02.441 [ForkJoinPool-1-worker-17] ERROR com.intuit.karate - org.apache.http.client.ClientProtocolException, http call failed after 0 milliseconds for URL: 
20:15:02.441 [ForkJoinPool-1-worker-17] ERROR com.intuit.karate - http request failed: 
org.apache.http.client.ClientProtocolException
20:15:02.442 [ForkJoinPool-1-worker-17] ERROR com.intuit.karate - feature call (loop) failed at index: 3
caller: classpath:InspireTest/ngr/datasetrecords/def/checkxlinkurl.template.feature
arg: {"link":""}
checkxlinkurl.template.feature:14 - 
org.apache.http.client.ClientProtocolException
20:15:02.490 [ForkJoinPool-1-worker-23] INFO  com.intuit.karate - [print] title:CBS Vierkantstatistieken 100m
20:15:02.491 [ForkJoinPool-1-worker-23] INFO  com.intuit.karate - [print] CBS Vierkantstatistieken 100m
20:15:02.493 [ForkJoinPool-1-worker-23] INFO  com.intuit.karate - [print] [
  "http://geodata.nationaalgeoregister.nl/cbsvierkanten100mv2/atom/cbsvierkanten100mv2.xml"
]

20:15:02.500 [ForkJoinPool-1-worker-23] INFO  com.intuit.karate - [print]
20:15:02.501 [ForkJoinPool-1-worker-23] INFO  com.intuit.karate - [print] testing xlinkurl:http://geodata.nationaalgeoregister.nl/cbsvierkanten100mv2/atom/cbsvierkanten100mv2.xml
20:15:02.536 [ForkJoinPool-1-worker-9] INFO  com.intuit.karate - [print] title:Ziekenhuizen in Nederland (september 2013)
20:15:02.537 [ForkJoinPool-1-worker-9] INFO  com.intuit.karate - [print] Ziekenhuizen in Nederland (september 2013)
20:15:02.539 [ForkJoinPool-1-worker-9] INFO  com.intuit.karate - [print] [
  "https://data.rivm.nl/inspire/id#1e3a98db-5d5e-4e61-8b64-1d132ddb439e"
]

20:15:02.542 [ForkJoinPool-1-worker-21] ERROR com.intuit.karate - status code was: 404, expected: 200, response time: 1378, url: https://data.overheid.nl/organisatie/PDOK, response: 
20:15:02.543 [ForkJoinPool-1-worker-21] ERROR com.intuit.karate - feature call (loop) failed at index: 3
caller: classpath:InspireTest/ngr/datasetrecords/def/checkxlinkurl.template.feature
arg: {"link":"https://data.overheid.nl/organisatie/PDOK"}
checkxlinkurl.template.feature:15 - status code was: 404, expected: 200, response time: 1378, url: https://data.overheid.nl/organisatie/PDOK, response: 
20:15:02.556 [ForkJoinPool-1-worker-9] INFO  com.intuit.karate - [print]
20:15:02.557 [ForkJoinPool-1-worker-9] INFO  com.intuit.karate - [print] testing xlinkurl:https://data.rivm.nl/inspire/id#1e3a98db-5d5e-4e61-8b64-1d132ddb439e
20:15:02.645 [ForkJoinPool-1-worker-13] INFO  com.intuit.karate - [print] title:Aansluitende zone volgens UNCLOS - Noordzee
20:15:02.646 [ForkJoinPool-1-worker-13] INFO  com.intuit.karate - [print] Aansluitende zone volgens UNCLOS - Noordzee
20:15:02.648 [ForkJoinPool-1-worker-13] INFO  com.intuit.karate - [print] [
  "http://www.opengis.net/def/crs/EPSG/0/https://www.opengis.net/def/crs/EPSG/0/4258",
  "https://www.nationaalgeoregister.nl/geonetwork/srv/api/records4cda487b-c467-490c-a843-6563fec016be"
]

20:15:02.655 [ForkJoinPool-1-worker-13] INFO  com.intuit.karate - [print]
20:15:02.656 [ForkJoinPool-1-worker-13] INFO  com.intuit.karate - [print] testing xlinkurl:http://www.opengis.net/def/crs/EPSG/0/https://www.opengis.net/def/crs/EPSG/0/4258
20:15:02.669 [ForkJoinPool-1-worker-19] INFO  com.intuit.karate - [print]
20:15:02.669 [ForkJoinPool-1-worker-19] INFO  com.intuit.karate - [print] testing xlinkurl:http://rdfdata.eionet.europa.eu/inspirethemes/themes/10
20:15:02.750 [ForkJoinPool-1-worker-3] INFO  com.intuit.karate - [print] title:Kaderrichtlijn Water - Deelstroomgebieden Nederland EU2015
20:15:02.751 [ForkJoinPool-1-worker-3] INFO  com.intuit.karate - [print] Kaderrichtlijn Water - Deelstroomgebieden Nederland EU2015
20:15:02.754 [ForkJoinPool-1-worker-3] INFO  com.intuit.karate - [print] [
  "https://www.nationaalgeoregister.nl/geonetwork/srv/dut/catalog.search#/metadata/110f9ec6-4464-462e-9765-83d90cefbeac",
  "http://rdfdata.eionet.europa.eu/inspirethemes/themes/24",
  "https://ngr.geocat.live/geonetwork/srv/eng/thesaurus.download?ref=external.theme.httpinspireeceuropaeumetadatacodelistPrioritydataset-Prioritydataset"
]

20:15:02.760 [ForkJoinPool-1-worker-3] INFO  com.intuit.karate - [print]
20:15:02.761 [ForkJoinPool-1-worker-3] INFO  com.intuit.karate - [print] testing xlinkurl:https://www.nationaalgeoregister.nl/geonetwork/srv/dut/catalog.search#/metadata/110f9ec6-4464-462e-9765-83d90cefbeac
20:15:02.763 [ForkJoinPool-1-worker-31] INFO  com.intuit.karate - [print]
20:15:02.763 [ForkJoinPool-1-worker-31] INFO  com.intuit.karate - [print] testing xlinkurl:http://rdfdata.eionet.europa.eu/inspirethemes/themes/18
20:15:02.811 [ForkJoinPool-1-worker-5] INFO  com.intuit.karate - [print] title:Gemeten Stikstofmonoxide concentraties in buitenlucht.
20:15:02.811 [ForkJoinPool-1-worker-5] INFO  com.intuit.karate - [print] Gemeten Stikstofmonoxide concentraties in buitenlucht.
20:15:02.813 [ForkJoinPool-1-worker-5] INFO  com.intuit.karate - [print] [
  "https://data.rivm.nl/inspire/id#b867ba72-5a7c-41fe-b997-394b56dfbd25"
]

20:15:02.818 [ForkJoinPool-1-worker-5] INFO  com.intuit.karate - [print]
20:15:02.819 [ForkJoinPool-1-worker-5] INFO  com.intuit.karate - [print] testing xlinkurl:https://data.rivm.nl/inspire/id#b867ba72-5a7c-41fe-b997-394b56dfbd25
20:15:02.892 [ForkJoinPool-1-worker-19] ERROR com.intuit.karate - status code was: 404, expected: 200, response time: 222, url: http://rdfdata.eionet.europa.eu/inspirethemes/themes/10, response: 
20:15:02.892 [ForkJoinPool-1-worker-19] ERROR com.intuit.karate - feature call (loop) failed at index: 1
caller: classpath:InspireTest/ngr/datasetrecords/def/checkxlinkurl.template.feature
arg: {"link":"http://rdfdata.eionet.europa.eu/inspirethemes/themes/10"}
checkxlinkurl.template.feature:15 - status code was: 404, expected: 200, response time: 222, url: http://rdfdata.eionet.europa.eu/inspirethemes/themes/10, response: 
20:15:02.893 [ForkJoinPool-1-worker-19] INFO  com.intuit.karate - [print]
20:15:02.894 [ForkJoinPool-1-worker-19] INFO  com.intuit.karate - [print] testing xlinkurl:urn:ogc:def:crs:EPSG::5709
20:15:02.894 [ForkJoinPool-1-worker-19] ERROR com.intuit.karate - org.apache.http.client.ClientProtocolException: URI does not specify a valid host name: urn:ogc:def:crs:EPSG::5709, http call failed after 0 milliseconds for URL: urn:ogc:def:crs:EPSG::5709
20:15:02.894 [ForkJoinPool-1-worker-19] ERROR com.intuit.karate - http request failed: 
org.apache.http.client.ClientProtocolException: URI does not specify a valid host name: urn:ogc:def:crs:EPSG::5709
20:15:02.894 [ForkJoinPool-1-worker-19] ERROR com.intuit.karate - feature call (loop) failed at index: 2
caller: classpath:InspireTest/ngr/datasetrecords/def/checkxlinkurl.template.feature
arg: {"link":"urn:ogc:def:crs:EPSG::5709"}
checkxlinkurl.template.feature:14 - 
org.apache.http.client.ClientProtocolException: URI does not specify a valid host name: urn:ogc:def:crs:EPSG::5709
20:15:02.920 [ForkJoinPool-1-worker-9] ERROR com.intuit.karate - javax.net.ssl.SSLException: Connection reset, http call failed after 362 milliseconds for URL: https://data.rivm.nl/inspire/id#1e3a98db-5d5e-4e61-8b64-1d132ddb439e
20:15:02.920 [ForkJoinPool-1-worker-9] ERROR com.intuit.karate - http request failed: 
javax.net.ssl.SSLException: Connection reset
20:15:02.920 [ForkJoinPool-1-worker-9] ERROR com.intuit.karate - feature call (loop) failed at index: 0
caller: classpath:InspireTest/ngr/datasetrecords/def/checkxlinkurl.template.feature
arg: {"link":"https://data.rivm.nl/inspire/id#1e3a98db-5d5e-4e61-8b64-1d132ddb439e"}
checkxlinkurl.template.feature:14 - 
javax.net.ssl.SSLException: Connection reset
20:15:02.927 [ForkJoinPool-1-worker-27] INFO  com.intuit.karate - [print] title:Gemeten fijnere fractie van Fijn stof concentraties in buitenlucht.
20:15:02.927 [ForkJoinPool-1-worker-27] INFO  com.intuit.karate - [print] Gemeten fijnere fractie van Fijn stof concentraties in buitenlucht.
20:15:02.928 [ForkJoinPool-1-worker-27] INFO  com.intuit.karate - [print] [
  "https://data.rivm.nl/inspire/id#df9bc66f-941b-4c38-a104-1b8d940a53db"
]

20:15:02.932 [ForkJoinPool-1-worker-27] INFO  com.intuit.karate - [print]
20:15:02.933 [ForkJoinPool-1-worker-27] INFO  com.intuit.karate - [print] testing xlinkurl:https://data.rivm.nl/inspire/id#df9bc66f-941b-4c38-a104-1b8d940a53db
20:15:02.955 [ForkJoinPool-1-worker-13] INFO  com.intuit.karate - [print]
20:15:02.955 [ForkJoinPool-1-worker-13] INFO  com.intuit.karate - [print] testing xlinkurl:https://www.nationaalgeoregister.nl/geonetwork/srv/api/records4cda487b-c467-490c-a843-6563fec016be
20:15:02.977 [ForkJoinPool-1-worker-31] ERROR com.intuit.karate - status code was: 404, expected: 200, response time: 214, url: http://rdfdata.eionet.europa.eu/inspirethemes/themes/18, response: 
20:15:02.977 [ForkJoinPool-1-worker-31] ERROR com.intuit.karate - feature call (loop) failed at index: 1
caller: classpath:InspireTest/ngr/datasetrecords/def/checkxlinkurl.template.feature
arg: {"link":"http://rdfdata.eionet.europa.eu/inspirethemes/themes/18"}
checkxlinkurl.template.feature:15 - status code was: 404, expected: 200, response time: 214, url: http://rdfdata.eionet.europa.eu/inspirethemes/themes/18, response: 
20:15:02.978 [ForkJoinPool-1-worker-31] INFO  com.intuit.karate - [print]
20:15:02.978 [ForkJoinPool-1-worker-31] INFO  com.intuit.karate - [print] testing xlinkurl:https://ngr.geocat.live/geonetwork/srv/eng/thesaurus.download?ref=external.theme.httpinspireeceuropaeumetadatacodelistPrioritydataset-Prioritydataset
20:15:03.056 [ForkJoinPool-1-worker-17] INFO  com.intuit.karate - [print] title:Gemeten Koolstofmonoxide concentraties in buitenlucht.
20:15:03.057 [ForkJoinPool-1-worker-17] INFO  com.intuit.karate - [print] Gemeten Koolstofmonoxide concentraties in buitenlucht.
20:15:03.058 [ForkJoinPool-1-worker-17] INFO  com.intuit.karate - [print] [
  "https://data.rivm.nl/inspire/id#a3b9f437-f571-4a00-b3c3-58e4354c244f"
]

20:15:03.064 [ForkJoinPool-1-worker-17] INFO  com.intuit.karate - [print]
20:15:03.064 [ForkJoinPool-1-worker-17] INFO  com.intuit.karate - [print] testing xlinkurl:https://data.rivm.nl/inspire/id#a3b9f437-f571-4a00-b3c3-58e4354c244f
20:15:03.072 [ForkJoinPool-1-worker-3] INFO  com.intuit.karate - [print]
20:15:03.072 [ForkJoinPool-1-worker-3] INFO  com.intuit.karate - [print] testing xlinkurl:http://rdfdata.eionet.europa.eu/inspirethemes/themes/24
20:15:03.098 [ForkJoinPool-1-worker-21] INFO  com.intuit.karate - [print] title:Gemeten Fijn stof concentraties in buitenlucht.
20:15:03.098 [ForkJoinPool-1-worker-21] INFO  com.intuit.karate - [print] Gemeten Fijn stof concentraties in buitenlucht.
20:15:03.100 [ForkJoinPool-1-worker-21] INFO  com.intuit.karate - [print] [
  "https://data.rivm.nl/inspire/id#a3095f95-0ec7-46ff-ae14-ce2173e8fafa"
]

20:15:03.103 [ForkJoinPool-1-worker-21] INFO  com.intuit.karate - [print]
20:15:03.103 [ForkJoinPool-1-worker-21] INFO  com.intuit.karate - [print] testing xlinkurl:https://data.rivm.nl/inspire/id#a3095f95-0ec7-46ff-ae14-ce2173e8fafa
20:15:03.177 [ForkJoinPool-1-worker-5] ERROR com.intuit.karate - javax.net.ssl.SSLException: Connection reset, http call failed after 357 milliseconds for URL: https://data.rivm.nl/inspire/id#b867ba72-5a7c-41fe-b997-394b56dfbd25
20:15:03.177 [ForkJoinPool-1-worker-5] ERROR com.intuit.karate - http request failed: 
javax.net.ssl.SSLException: Connection reset
20:15:03.177 [ForkJoinPool-1-worker-5] ERROR com.intuit.karate - feature call (loop) failed at index: 0
caller: classpath:InspireTest/ngr/datasetrecords/def/checkxlinkurl.template.feature
arg: {"link":"https://data.rivm.nl/inspire/id#b867ba72-5a7c-41fe-b997-394b56dfbd25"}
checkxlinkurl.template.feature:14 - 
javax.net.ssl.SSLException: Connection reset
20:15:03.257 [ForkJoinPool-1-worker-23] INFO  com.intuit.karate - [print] title:Gemeten Ozon concentraties in buitenlucht.
20:15:03.257 [ForkJoinPool-1-worker-23] INFO  com.intuit.karate - [print] Gemeten Ozon concentraties in buitenlucht.
20:15:03.258 [ForkJoinPool-1-worker-23] INFO  com.intuit.karate - [print] [
  "https://data.rivm.nl/inspire/id#fd9c4f87-026e-4681-8d94-9702f3c83078"
]

20:15:03.263 [ForkJoinPool-1-worker-23] INFO  com.intuit.karate - [print]
20:15:03.263 [ForkJoinPool-1-worker-23] INFO  com.intuit.karate - [print] testing xlinkurl:https://data.rivm.nl/inspire/id#fd9c4f87-026e-4681-8d94-9702f3c83078
20:15:03.274 [ForkJoinPool-1-worker-3] ERROR com.intuit.karate - status code was: 404, expected: 200, response time: 202, url: http://rdfdata.eionet.europa.eu/inspirethemes/themes/24, response: 
20:15:03.274 [ForkJoinPool-1-worker-3] ERROR com.intuit.karate - feature call (loop) failed at index: 1
caller: classpath:InspireTest/ngr/datasetrecords/def/checkxlinkurl.template.feature
arg: {"link":"http://rdfdata.eionet.europa.eu/inspirethemes/themes/24"}
checkxlinkurl.template.feature:15 - status code was: 404, expected: 200, response time: 202, url: http://rdfdata.eionet.europa.eu/inspirethemes/themes/24, response: 
20:15:03.275 [ForkJoinPool-1-worker-3] INFO  com.intuit.karate - [print]
20:15:03.275 [ForkJoinPool-1-worker-3] INFO  com.intuit.karate - [print] testing xlinkurl:https://ngr.geocat.live/geonetwork/srv/eng/thesaurus.download?ref=external.theme.httpinspireeceuropaeumetadatacodelistPrioritydataset-Prioritydataset
20:15:03.280 [ForkJoinPool-1-worker-13] ERROR com.intuit.karate - status code was: 500, expected: 200, response time: 323, url: https://www.nationaalgeoregister.nl/geonetwork/srv/api/records4cda487b-c467-490c-a843-6563fec016be, response: 
20:15:03.280 [ForkJoinPool-1-worker-13] ERROR com.intuit.karate - feature call (loop) failed at index: 1
caller: classpath:InspireTest/ngr/datasetrecords/def/checkxlinkurl.template.feature
arg: {"link":"https://www.nationaalgeoregister.nl/geonetwork/srv/api/records4cda487b-c467-490c-a843-6563fec016be"}
checkxlinkurl.template.feature:15 - status code was: 500, expected: 200, response time: 323, url: https://www.nationaalgeoregister.nl/geonetwork/srv/api/records4cda487b-c467-490c-a843-6563fec016be, response: 
20:15:03.289 [ForkJoinPool-1-worker-27] ERROR com.intuit.karate - javax.net.ssl.SSLException: Connection reset, http call failed after 355 milliseconds for URL: https://data.rivm.nl/inspire/id#df9bc66f-941b-4c38-a104-1b8d940a53db
20:15:03.289 [ForkJoinPool-1-worker-27] ERROR com.intuit.karate - http request failed: 
javax.net.ssl.SSLException: Connection reset
20:15:03.289 [ForkJoinPool-1-worker-27] ERROR com.intuit.karate - feature call (loop) failed at index: 0
caller: classpath:InspireTest/ngr/datasetrecords/def/checkxlinkurl.template.feature
arg: {"link":"https://data.rivm.nl/inspire/id#df9bc66f-941b-4c38-a104-1b8d940a53db"}
checkxlinkurl.template.feature:14 - 
javax.net.ssl.SSLException: Connection reset
20:15:03.294 [ForkJoinPool-1-worker-31] ERROR com.intuit.karate - status code was: 500, expected: 200, response time: 315, url: https://ngr.geocat.live/geonetwork/srv/eng/thesaurus.download?ref=external.theme.httpinspireeceuropaeumetadatacodelistPrioritydataset-Prioritydataset, response: 
20:15:03.294 [ForkJoinPool-1-worker-31] ERROR com.intuit.karate - feature call (loop) failed at index: 2
caller: classpath:InspireTest/ngr/datasetrecords/def/checkxlinkurl.template.feature
arg: {"link":"https://ngr.geocat.live/geonetwork/srv/eng/thesaurus.download?ref=external.theme.httpinspireeceuropaeumetadatacodelistPrioritydataset-Prioritydataset"}
checkxlinkurl.template.feature:15 - status code was: 500, expected: 200, response time: 315, url: https://ngr.geocat.live/geonetwork/srv/eng/thesaurus.download?ref=external.theme.httpinspireeceuropaeumetadatacodelistPrioritydataset-Prioritydataset, response: 
20:15:03.421 [ForkJoinPool-1-worker-17] ERROR com.intuit.karate - javax.net.ssl.SSLException: Connection reset, http call failed after 356 milliseconds for URL: https://data.rivm.nl/inspire/id#a3b9f437-f571-4a00-b3c3-58e4354c244f
20:15:03.421 [ForkJoinPool-1-worker-17] ERROR com.intuit.karate - http request failed: 
javax.net.ssl.SSLException: Connection reset
20:15:03.421 [ForkJoinPool-1-worker-17] ERROR com.intuit.karate - feature call (loop) failed at index: 0
caller: classpath:InspireTest/ngr/datasetrecords/def/checkxlinkurl.template.feature
arg: {"link":"https://data.rivm.nl/inspire/id#a3b9f437-f571-4a00-b3c3-58e4354c244f"}
checkxlinkurl.template.feature:14 - 
javax.net.ssl.SSLException: Connection reset
20:15:03.468 [ForkJoinPool-1-worker-21] ERROR com.intuit.karate - javax.net.ssl.SSLException: Connection reset, http call failed after 364 milliseconds for URL: https://data.rivm.nl/inspire/id#a3095f95-0ec7-46ff-ae14-ce2173e8fafa
20:15:03.468 [ForkJoinPool-1-worker-21] ERROR com.intuit.karate - http request failed: 
javax.net.ssl.SSLException: Connection reset
20:15:03.468 [ForkJoinPool-1-worker-21] ERROR com.intuit.karate - feature call (loop) failed at index: 0
caller: classpath:InspireTest/ngr/datasetrecords/def/checkxlinkurl.template.feature
arg: {"link":"https://data.rivm.nl/inspire/id#a3095f95-0ec7-46ff-ae14-ce2173e8fafa"}
checkxlinkurl.template.feature:14 - 
javax.net.ssl.SSLException: Connection reset
20:15:03.475 [ForkJoinPool-1-worker-19] INFO  com.intuit.karate - [print] title:Richtlijn Overstromingsrisico - gebieden met Potentieel Significant Overstromingsrisico EU2018 lijnen
20:15:03.477 [ForkJoinPool-1-worker-19] INFO  com.intuit.karate - [print] Richtlijn Overstromingsrisico - gebieden met Potentieel Significant Overstromingsrisico EU2018 lijnen
20:15:03.480 [ForkJoinPool-1-worker-19] INFO  com.intuit.karate - [print] [
  "https://www.nationaalgeoregister.nl/geonetwork/srv/dut/catalog.search#/metadata/ror-9d8e-4758-83fx-28b057f185g1",
  "http://rdfdata.eionet.europa.eu/inspirethemes/themes/25",
  "https://ngr.geocat.live/geonetwork/srv/eng/thesaurus.download?ref=external.theme.httpinspireeceuropaeumetadatacodelistPrioritydataset-Prioritydataset",
  "urn:ogc:def:crs:EPSG::5709"
]

20:15:03.498 [ForkJoinPool-1-worker-19] INFO  com.intuit.karate - [print]
20:15:03.498 [ForkJoinPool-1-worker-19] INFO  com.intuit.karate - [print] testing xlinkurl:https://www.nationaalgeoregister.nl/geonetwork/srv/dut/catalog.search#/metadata/ror-9d8e-4758-83fx-28b057f185g1
20:15:03.529 [ForkJoinPool-1-worker-9] INFO  com.intuit.karate - [print] title:Nationaal Beschermde Gebieden (CDDA) (INSPIRE geharmoniseerd)
20:15:03.530 [ForkJoinPool-1-worker-9] INFO  com.intuit.karate - [print] Nationaal Beschermde Gebieden (CDDA) (INSPIRE geharmoniseerd)
20:15:03.532 [ForkJoinPool-1-worker-9] INFO  com.intuit.karate - [print] [
  "http://www.opengis.net/def/crs/EPSG/0/http://www.opengis.net/def/crs/EPSG/0/4258",
  "https://www.nationaalgeoregister.nl/geonetwork/srv/dut/catalog.search#/metadata/3387ef8a-9237-453a-aa4e-585d1e193550",
  "https://creativecommons.org/publicdomain/mark/*/deed.nl"
]

20:15:03.538 [ForkJoinPool-1-worker-9] INFO  com.intuit.karate - [print]
20:15:03.539 [ForkJoinPool-1-worker-9] INFO  com.intuit.karate - [print] testing xlinkurl:http://www.opengis.net/def/crs/EPSG/0/http://www.opengis.net/def/crs/EPSG/0/4258
20:15:03.600 [ForkJoinPool-1-worker-3] ERROR com.intuit.karate - status code was: 500, expected: 200, response time: 324, url: https://ngr.geocat.live/geonetwork/srv/eng/thesaurus.download?ref=external.theme.httpinspireeceuropaeumetadatacodelistPrioritydataset-Prioritydataset, response: 
20:15:03.600 [ForkJoinPool-1-worker-3] ERROR com.intuit.karate - feature call (loop) failed at index: 2
caller: classpath:InspireTest/ngr/datasetrecords/def/checkxlinkurl.template.feature
arg: {"link":"https://ngr.geocat.live/geonetwork/srv/eng/thesaurus.download?ref=external.theme.httpinspireeceuropaeumetadatacodelistPrioritydataset-Prioritydataset"}
checkxlinkurl.template.feature:15 - status code was: 500, expected: 200, response time: 324, url: https://ngr.geocat.live/geonetwork/srv/eng/thesaurus.download?ref=external.theme.httpinspireeceuropaeumetadatacodelistPrioritydataset-Prioritydataset, response: 
20:15:03.637 [ForkJoinPool-1-worker-23] ERROR com.intuit.karate - javax.net.ssl.SSLException: Connection reset, http call failed after 374 milliseconds for URL: https://data.rivm.nl/inspire/id#fd9c4f87-026e-4681-8d94-9702f3c83078
20:15:03.637 [ForkJoinPool-1-worker-23] ERROR com.intuit.karate - http request failed: 
javax.net.ssl.SSLException: Connection reset
20:15:03.637 [ForkJoinPool-1-worker-23] ERROR com.intuit.karate - feature call (loop) failed at index: 0
caller: classpath:InspireTest/ngr/datasetrecords/def/checkxlinkurl.template.feature
arg: {"link":"https://data.rivm.nl/inspire/id#fd9c4f87-026e-4681-8d94-9702f3c83078"}
checkxlinkurl.template.feature:14 - 
javax.net.ssl.SSLException: Connection reset
20:15:03.776 [ForkJoinPool-1-worker-5] INFO  com.intuit.karate - [print] title:Actuele synoptische weerwaarnemingen KNMI Nederland per 10 minuten (24 uur)
20:15:03.778 [ForkJoinPool-1-worker-5] INFO  com.intuit.karate - [print] Actuele synoptische weerwaarnemingen KNMI Nederland per 10 minuten (24 uur)
20:15:03.782 [ForkJoinPool-1-worker-5] INFO  com.intuit.karate - [print] [
  "https://www.nationaalgeoregister.nl/geonetwork/srv/api/records1b2abd21-3084-4db7-ab49-46866b4aac2b",
  "https://creativecommons.org/publicdomain/zero/*/deed.nl"
]

20:15:03.816 [ForkJoinPool-1-worker-5] INFO  com.intuit.karate - [print]
20:15:03.817 [ForkJoinPool-1-worker-5] INFO  com.intuit.karate - [print] testing xlinkurl:https://www.nationaalgeoregister.nl/geonetwork/srv/api/records1b2abd21-3084-4db7-ab49-46866b4aac2b
20:15:03.858 [ForkJoinPool-1-worker-19] INFO  com.intuit.karate - [print]
20:15:03.859 [ForkJoinPool-1-worker-19] INFO  com.intuit.karate - [print] testing xlinkurl:http://rdfdata.eionet.europa.eu/inspirethemes/themes/25
20:15:03.879 [ForkJoinPool-1-worker-13] INFO  com.intuit.karate - [print] title:Aardbevingen Nederland (KNMI)
20:15:03.880 [ForkJoinPool-1-worker-13] INFO  com.intuit.karate - [print] Aardbevingen Nederland (KNMI)
20:15:03.884 [ForkJoinPool-1-worker-13] INFO  com.intuit.karate - [print] [
  "https://www.nationaalgeoregister.nl/geonetwork/srv/api/records49807edc-0007-41aa-8809-d381f6713de4",
  "https://creativecommons.org/publicdomain/zero/*/deed.nl"
]

20:15:03.891 [ForkJoinPool-1-worker-9] INFO  com.intuit.karate - [print]
20:15:03.891 [ForkJoinPool-1-worker-9] INFO  com.intuit.karate - [print] testing xlinkurl:https://www.nationaalgeoregister.nl/geonetwork/srv/dut/catalog.search#/metadata/3387ef8a-9237-453a-aa4e-585d1e193550
20:15:03.904 [ForkJoinPool-1-worker-13] INFO  com.intuit.karate - [print]
20:15:03.908 [ForkJoinPool-1-worker-27] INFO  com.intuit.karate - [print] title:Gemeten Ammoniak concentraties in buitenlucht.
20:15:03.909 [ForkJoinPool-1-worker-27] INFO  com.intuit.karate - [print] Gemeten Ammoniak concentraties in buitenlucht.
20:15:03.911 [ForkJoinPool-1-worker-27] INFO  com.intuit.karate - [print] [
  "https://data.rivm.nl/inspire/id#4504a4b2-3179-44b3-a5a9-b67b693c514d"
]

20:15:03.914 [ForkJoinPool-1-worker-13] INFO  com.intuit.karate - [print] testing xlinkurl:https://www.nationaalgeoregister.nl/geonetwork/srv/api/records49807edc-0007-41aa-8809-d381f6713de4
20:15:03.922 [ForkJoinPool-1-worker-27] INFO  com.intuit.karate - [print]
20:15:03.923 [ForkJoinPool-1-worker-27] INFO  com.intuit.karate - [print] testing xlinkurl:https://data.rivm.nl/inspire/id#4504a4b2-3179-44b3-a5a9-b67b693c514d
20:15:03.952 [ForkJoinPool-1-worker-31] INFO  com.intuit.karate - [print] title:Gemeten Zwaveldioxide concentraties in buitenlucht.
20:15:03.953 [ForkJoinPool-1-worker-31] INFO  com.intuit.karate - [print] Gemeten Zwaveldioxide concentraties in buitenlucht.
20:15:03.955 [ForkJoinPool-1-worker-31] INFO  com.intuit.karate - [print] [
  "https://data.rivm.nl/inspire/id#440c4a06-6924-4f9c-a9e2-6f61340f711b"
]

20:15:03.961 [ForkJoinPool-1-worker-31] INFO  com.intuit.karate - [print]
20:15:03.962 [ForkJoinPool-1-worker-31] INFO  com.intuit.karate - [print] testing xlinkurl:https://data.rivm.nl/inspire/id#440c4a06-6924-4f9c-a9e2-6f61340f711b
20:15:04.008 [ForkJoinPool-1-worker-17] INFO  com.intuit.karate - [print] title:Gemeten Stikstofdioxide concentraties in buitenlucht.
20:15:04.009 [ForkJoinPool-1-worker-17] INFO  com.intuit.karate - [print] Gemeten Stikstofdioxide concentraties in buitenlucht.
20:15:04.011 [ForkJoinPool-1-worker-17] INFO  com.intuit.karate - [print] [
  "https://data.rivm.nl/inspire?id#505e9f1e-84bc-4856-9771-4295db998bb6"
]

20:15:04.016 [ForkJoinPool-1-worker-17] INFO  com.intuit.karate - [print]
20:15:04.016 [ForkJoinPool-1-worker-17] INFO  com.intuit.karate - [print] testing xlinkurl:https://data.rivm.nl/inspire?id#505e9f1e-84bc-4856-9771-4295db998bb6
20:15:04.088 [ForkJoinPool-1-worker-19] ERROR com.intuit.karate - status code was: 404, expected: 200, response time: 228, url: http://rdfdata.eionet.europa.eu/inspirethemes/themes/25, response: 
20:15:04.089 [ForkJoinPool-1-worker-19] ERROR com.intuit.karate - feature call (loop) failed at index: 1
caller: classpath:InspireTest/ngr/datasetrecords/def/checkxlinkurl.template.feature
arg: {"link":"http://rdfdata.eionet.europa.eu/inspirethemes/themes/25"}
checkxlinkurl.template.feature:15 - status code was: 404, expected: 200, response time: 228, url: http://rdfdata.eionet.europa.eu/inspirethemes/themes/25, response: 
20:15:04.090 [ForkJoinPool-1-worker-19] INFO  com.intuit.karate - [print]
20:15:04.091 [ForkJoinPool-1-worker-19] INFO  com.intuit.karate - [print] testing xlinkurl:https://ngr.geocat.live/geonetwork/srv/eng/thesaurus.download?ref=external.theme.httpinspireeceuropaeumetadatacodelistPrioritydataset-Prioritydataset
20:15:04.110 [ForkJoinPool-1-worker-21] INFO  com.intuit.karate - [print] title:Beschermde gebieden - Provincies (INSPIRE geharmoniseerd)
20:15:04.110 [ForkJoinPool-1-worker-21] INFO  com.intuit.karate - [print] Beschermde gebieden - Provincies (INSPIRE geharmoniseerd)
20:15:04.112 [ForkJoinPool-1-worker-21] INFO  com.intuit.karate - [print] [
  "http://www.opengis.net/def/crs/EPSG/0/http://www.opengis.net/def/crs/EPSG/0/3034",
  "http://nationaalgeoregister.nl/geonetwork/srv/dut/csw?SERVICE=CSW&version=2.0.2&REQUEST=GetRecordById&elementSetName=full&OutputSchema=http://www.isotc211.org/2005/gmd&ID=49ab8bee-b467-486a-96ca-b950443c453a",
  "https://creativecommons.org/publicdomain/mark/*/deed.nl",
  ""
]

20:15:04.116 [ForkJoinPool-1-worker-21] INFO  com.intuit.karate - [print]
20:15:04.116 [ForkJoinPool-1-worker-21] INFO  com.intuit.karate - [print] testing xlinkurl:http://www.opengis.net/def/crs/EPSG/0/http://www.opengis.net/def/crs/EPSG/0/3034
20:15:04.132 [ForkJoinPool-1-worker-5] ERROR com.intuit.karate - status code was: 500, expected: 200, response time: 314, url: https://www.nationaalgeoregister.nl/geonetwork/srv/api/records1b2abd21-3084-4db7-ab49-46866b4aac2b, response: 
20:15:04.132 [ForkJoinPool-1-worker-5] ERROR com.intuit.karate - feature call (loop) failed at index: 0
caller: classpath:InspireTest/ngr/datasetrecords/def/checkxlinkurl.template.feature
arg: {"link":"https://www.nationaalgeoregister.nl/geonetwork/srv/api/records1b2abd21-3084-4db7-ab49-46866b4aac2b"}
checkxlinkurl.template.feature:15 - status code was: 500, expected: 200, response time: 314, url: https://www.nationaalgeoregister.nl/geonetwork/srv/api/records1b2abd21-3084-4db7-ab49-46866b4aac2b, response: 
20:15:04.133 [ForkJoinPool-1-worker-5] INFO  com.intuit.karate - [print]
20:15:04.133 [ForkJoinPool-1-worker-5] INFO  com.intuit.karate - [print] testing xlinkurl:https://creativecommons.org/publicdomain/zero/*/deed.nl
20:15:04.175 [ForkJoinPool-1-worker-5] ERROR com.intuit.karate - status code was: 404, expected: 200, response time: 41, url: https://creativecommons.org/publicdomain/zero/*/deed.nl, response: 
20:15:04.176 [ForkJoinPool-1-worker-5] ERROR com.intuit.karate - feature call (loop) failed at index: 1
caller: classpath:InspireTest/ngr/datasetrecords/def/checkxlinkurl.template.feature
arg: {"link":"https://creativecommons.org/publicdomain/zero/*/deed.nl"}
checkxlinkurl.template.feature:15 - status code was: 404, expected: 200, response time: 41, url: https://creativecommons.org/publicdomain/zero/*/deed.nl, response: 
20:15:04.187 [ForkJoinPool-1-worker-3] INFO  com.intuit.karate - [print] title:Begrenzingen van vergunde ontgrondingsgebieden voor zand- en grindwinning
20:15:04.187 [ForkJoinPool-1-worker-3] INFO  com.intuit.karate - [print] Begrenzingen van vergunde ontgrondingsgebieden voor zand- en grindwinning
20:15:04.189 [ForkJoinPool-1-worker-3] INFO  com.intuit.karate - [print] [
  "http://www.opengis.net/def/crs/EPSG/0/http://www.opengis.net/def/crs/EPSG/0/3034",
  "http://nationaalgeoregister.nl/geonetwork/srv/dut/csw?SERVICE=CSW&version=2.0.2&REQUEST=GetRecordById&elementSetName=full&OutputSchema=http://www.isotc211.org/2005/gmd&ID=58e7dc38-a498-4852-b4ef-908f5baa9056",
  "https://creativecommons.org/publicdomain/mark/*/deed.nl",
  ""
]

20:15:04.194 [ForkJoinPool-1-worker-3] INFO  com.intuit.karate - [print]
20:15:04.195 [ForkJoinPool-1-worker-3] INFO  com.intuit.karate - [print] testing xlinkurl:http://www.opengis.net/def/crs/EPSG/0/http://www.opengis.net/def/crs/EPSG/0/3034
20:15:04.211 [ForkJoinPool-1-worker-9] INFO  com.intuit.karate - [print]
20:15:04.211 [ForkJoinPool-1-worker-9] INFO  com.intuit.karate - [print] testing xlinkurl:https://creativecommons.org/publicdomain/mark/*/deed.nl
20:15:04.232 [ForkJoinPool-1-worker-13] ERROR com.intuit.karate - status code was: 500, expected: 200, response time: 317, url: https://www.nationaalgeoregister.nl/geonetwork/srv/api/records49807edc-0007-41aa-8809-d381f6713de4, response: 
20:15:04.232 [ForkJoinPool-1-worker-13] ERROR com.intuit.karate - feature call (loop) failed at index: 0
caller: classpath:InspireTest/ngr/datasetrecords/def/checkxlinkurl.template.feature
arg: {"link":"https://www.nationaalgeoregister.nl/geonetwork/srv/api/records49807edc-0007-41aa-8809-d381f6713de4"}
checkxlinkurl.template.feature:15 - status code was: 500, expected: 200, response time: 317, url: https://www.nationaalgeoregister.nl/geonetwork/srv/api/records49807edc-0007-41aa-8809-d381f6713de4, response: 
20:15:04.233 [ForkJoinPool-1-worker-13] INFO  com.intuit.karate - [print]
20:15:04.233 [ForkJoinPool-1-worker-13] INFO  com.intuit.karate - [print] testing xlinkurl:https://creativecommons.org/publicdomain/zero/*/deed.nl
20:15:04.263 [ForkJoinPool-1-worker-23] INFO  com.intuit.karate - [print] title:Bathymetrie Nederlands deel van de Noordzee dieper dan 10 m LAT
20:15:04.264 [ForkJoinPool-1-worker-23] INFO  com.intuit.karate - [print] Bathymetrie Nederlands deel van de Noordzee dieper dan 10 m LAT
20:15:04.266 [ForkJoinPool-1-worker-23] INFO  com.intuit.karate - [print] [
  "https://ngr.acceptatie.nationaalgeoregister.nl/geonetwork/srv/resources9d973c4a-ef03-4785-b7f6-942e86b385f7",
  "www.hydro.nl",
  "https://www.nationaalgeoregister.nl/geonetwork/srv/eng/thesaurus.download?ref=external.theme.inspire-theme"
]

20:15:04.271 [ForkJoinPool-1-worker-13] ERROR com.intuit.karate - status code was: 404, expected: 200, response time: 37, url: https://creativecommons.org/publicdomain/zero/*/deed.nl, response: 
20:15:04.274 [ForkJoinPool-1-worker-13] ERROR com.intuit.karate - feature call (loop) failed at index: 1
caller: classpath:InspireTest/ngr/datasetrecords/def/checkxlinkurl.template.feature
arg: {"link":"https://creativecommons.org/publicdomain/zero/*/deed.nl"}
checkxlinkurl.template.feature:15 - status code was: 404, expected: 200, response time: 37, url: https://creativecommons.org/publicdomain/zero/*/deed.nl, response: 
20:15:04.277 [ForkJoinPool-1-worker-9] ERROR com.intuit.karate - status code was: 404, expected: 200, response time: 66, url: https://creativecommons.org/publicdomain/mark/*/deed.nl, response: 
20:15:04.279 [ForkJoinPool-1-worker-9] ERROR com.intuit.karate - feature call (loop) failed at index: 2
caller: classpath:InspireTest/ngr/datasetrecords/def/checkxlinkurl.template.feature
arg: {"link":"https://creativecommons.org/publicdomain/mark/*/deed.nl"}
checkxlinkurl.template.feature:15 - status code was: 404, expected: 200, response time: 66, url: https://creativecommons.org/publicdomain/mark/*/deed.nl, response: 
20:15:04.283 [ForkJoinPool-1-worker-27] ERROR com.intuit.karate - javax.net.ssl.SSLException: Connection reset, http call failed after 360 milliseconds for URL: https://data.rivm.nl/inspire/id#4504a4b2-3179-44b3-a5a9-b67b693c514d
20:15:04.284 [ForkJoinPool-1-worker-27] ERROR com.intuit.karate - http request failed: 
javax.net.ssl.SSLException: Connection reset
20:15:04.284 [ForkJoinPool-1-worker-27] ERROR com.intuit.karate - feature call (loop) failed at index: 0
caller: classpath:InspireTest/ngr/datasetrecords/def/checkxlinkurl.template.feature
arg: {"link":"https://data.rivm.nl/inspire/id#4504a4b2-3179-44b3-a5a9-b67b693c514d"}
checkxlinkurl.template.feature:14 - 
javax.net.ssl.SSLException: Connection reset
20:15:04.291 [ForkJoinPool-1-worker-23] INFO  com.intuit.karate - [print]
20:15:04.291 [ForkJoinPool-1-worker-23] INFO  com.intuit.karate - [print] testing xlinkurl:https://ngr.acceptatie.nationaalgeoregister.nl/geonetwork/srv/resources9d973c4a-ef03-4785-b7f6-942e86b385f7
20:15:04.322 [ForkJoinPool-1-worker-31] ERROR com.intuit.karate - javax.net.ssl.SSLException: Connection reset, http call failed after 359 milliseconds for URL: https://data.rivm.nl/inspire/id#440c4a06-6924-4f9c-a9e2-6f61340f711b
20:15:04.322 [ForkJoinPool-1-worker-31] ERROR com.intuit.karate - http request failed: 
javax.net.ssl.SSLException: Connection reset
20:15:04.323 [ForkJoinPool-1-worker-31] ERROR com.intuit.karate - feature call (loop) failed at index: 0
caller: classpath:InspireTest/ngr/datasetrecords/def/checkxlinkurl.template.feature
arg: {"link":"https://data.rivm.nl/inspire/id#440c4a06-6924-4f9c-a9e2-6f61340f711b"}
checkxlinkurl.template.feature:14 - 
javax.net.ssl.SSLException: Connection reset
20:15:04.378 [ForkJoinPool-1-worker-17] ERROR com.intuit.karate - status code was: 404, expected: 200, response time: 361, url: https://data.rivm.nl/inspire?id#505e9f1e-84bc-4856-9771-4295db998bb6, response: 
20:15:04.379 [ForkJoinPool-1-worker-17] ERROR com.intuit.karate - feature call (loop) failed at index: 0
caller: classpath:InspireTest/ngr/datasetrecords/def/checkxlinkurl.template.feature
arg: {"link":"https://data.rivm.nl/inspire?id#505e9f1e-84bc-4856-9771-4295db998bb6"}
checkxlinkurl.template.feature:15 - status code was: 404, expected: 200, response time: 361, url: https://data.rivm.nl/inspire?id#505e9f1e-84bc-4856-9771-4295db998bb6, response: 
20:15:04.403 [ForkJoinPool-1-worker-19] ERROR com.intuit.karate - status code was: 500, expected: 200, response time: 311, url: https://ngr.geocat.live/geonetwork/srv/eng/thesaurus.download?ref=external.theme.httpinspireeceuropaeumetadatacodelistPrioritydataset-Prioritydataset, response: 
20:15:04.403 [ForkJoinPool-1-worker-19] ERROR com.intuit.karate - feature call (loop) failed at index: 2
caller: classpath:InspireTest/ngr/datasetrecords/def/checkxlinkurl.template.feature
arg: {"link":"https://ngr.geocat.live/geonetwork/srv/eng/thesaurus.download?ref=external.theme.httpinspireeceuropaeumetadatacodelistPrioritydataset-Prioritydataset"}
checkxlinkurl.template.feature:15 - status code was: 500, expected: 200, response time: 311, url: https://ngr.geocat.live/geonetwork/srv/eng/thesaurus.download?ref=external.theme.httpinspireeceuropaeumetadatacodelistPrioritydataset-Prioritydataset, response: 
20:15:04.404 [ForkJoinPool-1-worker-19] INFO  com.intuit.karate - [print]
20:15:04.404 [ForkJoinPool-1-worker-19] INFO  com.intuit.karate - [print] testing xlinkurl:urn:ogc:def:crs:EPSG::5709
20:15:04.404 [ForkJoinPool-1-worker-19] ERROR com.intuit.karate - org.apache.http.client.ClientProtocolException: URI does not specify a valid host name: urn:ogc:def:crs:EPSG::5709, http call failed after 0 milliseconds for URL: urn:ogc:def:crs:EPSG::5709
20:15:04.404 [ForkJoinPool-1-worker-19] ERROR com.intuit.karate - http request failed: 
org.apache.http.client.ClientProtocolException: URI does not specify a valid host name: urn:ogc:def:crs:EPSG::5709
20:15:04.404 [ForkJoinPool-1-worker-19] ERROR com.intuit.karate - feature call (loop) failed at index: 3
caller: classpath:InspireTest/ngr/datasetrecords/def/checkxlinkurl.template.feature
arg: {"link":"urn:ogc:def:crs:EPSG::5709"}
checkxlinkurl.template.feature:14 - 
org.apache.http.client.ClientProtocolException: URI does not specify a valid host name: urn:ogc:def:crs:EPSG::5709
20:15:04.413 [ForkJoinPool-1-worker-21] INFO  com.intuit.karate - [print]
20:15:04.413 [ForkJoinPool-1-worker-21] INFO  com.intuit.karate - [print] testing xlinkurl:http://nationaalgeoregister.nl/geonetwork/srv/dut/csw?SERVICE=CSW&version=2.0.2&REQUEST=GetRecordById&elementSetName=full&OutputSchema=http://www.isotc211.org/2005/gmd&ID=49ab8bee-b467-486a-96ca-b950443c453a
20:15:04.495 [ForkJoinPool-1-worker-3] INFO  com.intuit.karate - [print]
20:15:04.495 [ForkJoinPool-1-worker-3] INFO  com.intuit.karate - [print] testing xlinkurl:http://nationaalgeoregister.nl/geonetwork/srv/dut/csw?SERVICE=CSW&version=2.0.2&REQUEST=GetRecordById&elementSetName=full&OutputSchema=http://www.isotc211.org/2005/gmd&ID=58e7dc38-a498-4852-b4ef-908f5baa9056
20:15:04.573 [ForkJoinPool-1-worker-23] ERROR com.intuit.karate - status code was: 404, expected: 200, response time: 280, url: https://ngr.acceptatie.nationaalgeoregister.nl/geonetwork/srv/resources9d973c4a-ef03-4785-b7f6-942e86b385f7, response: 
20:15:04.573 [ForkJoinPool-1-worker-23] ERROR com.intuit.karate - feature call (loop) failed at index: 0
caller: classpath:InspireTest/ngr/datasetrecords/def/checkxlinkurl.template.feature
arg: {"link":"https://ngr.acceptatie.nationaalgeoregister.nl/geonetwork/srv/resources9d973c4a-ef03-4785-b7f6-942e86b385f7"}
checkxlinkurl.template.feature:15 - status code was: 404, expected: 200, response time: 280, url: https://ngr.acceptatie.nationaalgeoregister.nl/geonetwork/srv/resources9d973c4a-ef03-4785-b7f6-942e86b385f7, response: 
20:15:04.574 [ForkJoinPool-1-worker-23] INFO  com.intuit.karate - [print]
20:15:04.574 [ForkJoinPool-1-worker-23] INFO  com.intuit.karate - [print] testing xlinkurl:www.hydro.nl
20:15:04.578 [ForkJoinPool-1-worker-23] ERROR com.intuit.karate - org.apache.http.client.ClientProtocolException, http call failed after 0 milliseconds for URL: www.hydro.nl
20:15:04.578 [ForkJoinPool-1-worker-23] ERROR com.intuit.karate - http request failed: 
org.apache.http.client.ClientProtocolException
20:15:04.578 [ForkJoinPool-1-worker-23] ERROR com.intuit.karate - feature call (loop) failed at index: 1
caller: classpath:InspireTest/ngr/datasetrecords/def/checkxlinkurl.template.feature
arg: {"link":"www.hydro.nl"}
checkxlinkurl.template.feature:14 - 
org.apache.http.client.ClientProtocolException
20:15:04.579 [ForkJoinPool-1-worker-23] INFO  com.intuit.karate - [print]
20:15:04.579 [ForkJoinPool-1-worker-23] INFO  com.intuit.karate - [print] testing xlinkurl:https://www.nationaalgeoregister.nl/geonetwork/srv/eng/thesaurus.download?ref=external.theme.inspire-theme
20:15:04.772 [ForkJoinPool-1-worker-5] INFO  com.intuit.karate - [print] title:Waterstanden en afvoeren actueel - Rijkswaterstaat
20:15:04.772 [ForkJoinPool-1-worker-5] INFO  com.intuit.karate - [print] Waterstanden en afvoeren actueel - Rijkswaterstaat
20:15:04.775 [ForkJoinPool-1-worker-5] INFO  com.intuit.karate - [print] [
  "https://www.nationaalgeoregister.nl/geonetwork/srv/dut/catalog.search#/metadata/cf69ec50-9849-4afd-853c-ee56211d336d",
  "http://rdfdata.eionet.europa.eu/inspirethemes/themes/20",
  "http://rdfdata.eionet.europa.eu/inspirethemes/themes/28",
  "urn:ogc:def:crs:EPSG::5709"
]

20:15:04.780 [ForkJoinPool-1-worker-5] INFO  com.intuit.karate - [print]
20:15:04.781 [ForkJoinPool-1-worker-5] INFO  com.intuit.karate - [print] testing xlinkurl:https://www.nationaalgeoregister.nl/geonetwork/srv/dut/catalog.search#/metadata/cf69ec50-9849-4afd-853c-ee56211d336d
20:15:04.826 [ForkJoinPool-1-worker-9] INFO  com.intuit.karate - [print] title:Bodemkaart50000_versie2014
20:15:04.826 [ForkJoinPool-1-worker-9] INFO  com.intuit.karate - [print] Bodemkaart50000_versie2014
20:15:04.830 [ForkJoinPool-1-worker-9] INFO  com.intuit.karate - [print] [
  "h",
  "t",
  "t",
  "p",
  ":",
  "/",
  "/",
  "s",
  "t",
  "a",
  "n",
  "d",
  "a",
  "r",
  "d",
  "s",
  ".",
  "i",
  "s",
  "o",
  ".",
  "o",
  "r",
  "g",
  "/",
  "i",
  "t",
  "t",
  "f",
  "/",
  "P",
  "u",
  "b",
  "l",
  "i",
  "c",
  "l",
  "y",
  "A",
  "v",
  "a",
  "i",
  "l",
  "a",
  "b",
  "l",
  "e",
  "S",
  "t",
  "a",
  "n",
  "d",
  "a",
  "r",
  "d",
  "s",
  "/",
  "I",
  "S",
  "O",
  "_",
  "1",
  "9",
  "1",
  "3",
  "9",
  "_",
  "S",
  "c",
  "h",
  "e",
  "m",
  "a",
  "s",
  "/",
  "r",
  "e",
  "s",
  "o",
  "u",
  "r",
  "c",
  "e",
  "s",
  "/",
  "u",
  "o",
  "m",
  "/",
  "g",
  "m",
  "x",
  "U",
  "o",
  "m",
  ".",
  "x",
  "m",
  "l",
  "#",
  "m"
]

20:15:04.839 [ForkJoinPool-1-worker-9] INFO  com.intuit.karate - [print]
20:15:04.840 [ForkJoinPool-1-worker-9] INFO  com.intuit.karate - [print] testing xlinkurl:h
20:15:04.840 [ForkJoinPool-1-worker-9] ERROR com.intuit.karate - org.apache.http.client.ClientProtocolException, http call failed after 0 milliseconds for URL: h
20:15:04.841 [ForkJoinPool-1-worker-9] ERROR com.intuit.karate - http request failed: 
org.apache.http.client.ClientProtocolException
20:15:04.841 [ForkJoinPool-1-worker-9] ERROR com.intuit.karate - feature call (loop) failed at index: 0
caller: classpath:InspireTest/ngr/datasetrecords/def/checkxlinkurl.template.feature
arg: {"link":"h"}
checkxlinkurl.template.feature:14 - 
org.apache.http.client.ClientProtocolException
20:15:04.842 [ForkJoinPool-1-worker-9] INFO  com.intuit.karate - [print]
20:15:04.842 [ForkJoinPool-1-worker-9] INFO  com.intuit.karate - [print] testing xlinkurl:t
20:15:04.843 [ForkJoinPool-1-worker-9] ERROR com.intuit.karate - org.apache.http.client.ClientProtocolException, http call failed after 0 milliseconds for URL: t
20:15:04.843 [ForkJoinPool-1-worker-9] ERROR com.intuit.karate - http request failed: 
org.apache.http.client.ClientProtocolException
20:15:04.844 [ForkJoinPool-1-worker-9] ERROR com.intuit.karate - feature call (loop) failed at index: 1
caller: classpath:InspireTest/ngr/datasetrecords/def/checkxlinkurl.template.feature
arg: {"link":"t"}
checkxlinkurl.template.feature:14 - 
org.apache.http.client.ClientProtocolException
20:15:04.845 [ForkJoinPool-1-worker-9] INFO  com.intuit.karate - [print]
20:15:04.845 [ForkJoinPool-1-worker-9] INFO  com.intuit.karate - [print] testing xlinkurl:t
20:15:04.845 [ForkJoinPool-1-worker-9] ERROR com.intuit.karate - org.apache.http.client.ClientProtocolException, http call failed after 0 milliseconds for URL: t
20:15:04.846 [ForkJoinPool-1-worker-9] ERROR com.intuit.karate - http request failed: 
org.apache.http.client.ClientProtocolException
20:15:04.846 [ForkJoinPool-1-worker-9] ERROR com.intuit.karate - feature call (loop) failed at index: 2
caller: classpath:InspireTest/ngr/datasetrecords/def/checkxlinkurl.template.feature
arg: {"link":"t"}
checkxlinkurl.template.feature:14 - 
org.apache.http.client.ClientProtocolException
20:15:04.848 [ForkJoinPool-1-worker-9] INFO  com.intuit.karate - [print]
20:15:04.848 [ForkJoinPool-1-worker-9] INFO  com.intuit.karate - [print] testing xlinkurl:p
20:15:04.849 [ForkJoinPool-1-worker-9] ERROR com.intuit.karate - org.apache.http.client.ClientProtocolException, http call failed after 0 milliseconds for URL: p
20:15:04.849 [ForkJoinPool-1-worker-9] ERROR com.intuit.karate - http request failed: 
org.apache.http.client.ClientProtocolException
20:15:04.850 [ForkJoinPool-1-worker-9] ERROR com.intuit.karate - feature call (loop) failed at index: 3
caller: classpath:InspireTest/ngr/datasetrecords/def/checkxlinkurl.template.feature
arg: {"link":"p"}
checkxlinkurl.template.feature:14 - 
org.apache.http.client.ClientProtocolException
20:15:04.851 [ForkJoinPool-1-worker-9] INFO  com.intuit.karate - [print]
20:15:04.851 [ForkJoinPool-1-worker-9] INFO  com.intuit.karate - [print] testing xlinkurl::
20:15:04.852 [ForkJoinPool-1-worker-9] ERROR com.intuit.karate - http request failed: java.net.URISyntaxException: Expected scheme name at index 0: :
20:15:04.852 [ForkJoinPool-1-worker-9] ERROR com.intuit.karate - feature call (loop) failed at index: 4
caller: classpath:InspireTest/ngr/datasetrecords/def/checkxlinkurl.template.feature
arg: {"link":":"}
checkxlinkurl.template.feature:14 - java.net.URISyntaxException: Expected scheme name at index 0: :
20:15:04.853 [ForkJoinPool-1-worker-9] INFO  com.intuit.karate - [print]
20:15:04.853 [ForkJoinPool-1-worker-9] INFO  com.intuit.karate - [print] testing xlinkurl:/
20:15:04.854 [ForkJoinPool-1-worker-9] ERROR com.intuit.karate - org.apache.http.client.ClientProtocolException, http call failed after 0 milliseconds for URL: /
20:15:04.854 [ForkJoinPool-1-worker-9] ERROR com.intuit.karate - http request failed: 
org.apache.http.client.ClientProtocolException
20:15:04.854 [ForkJoinPool-1-worker-9] ERROR com.intuit.karate - feature call (loop) failed at index: 5
caller: classpath:InspireTest/ngr/datasetrecords/def/checkxlinkurl.template.feature
arg: {"link":"/"}
checkxlinkurl.template.feature:14 - 
org.apache.http.client.ClientProtocolException
20:15:04.855 [ForkJoinPool-1-worker-9] INFO  com.intuit.karate - [print]
20:15:04.855 [ForkJoinPool-1-worker-9] INFO  com.intuit.karate - [print] testing xlinkurl:/
20:15:04.856 [ForkJoinPool-1-worker-9] ERROR com.intuit.karate - org.apache.http.client.ClientProtocolException, http call failed after 0 milliseconds for URL: /
20:15:04.856 [ForkJoinPool-1-worker-9] ERROR com.intuit.karate - http request failed: 
org.apache.http.client.ClientProtocolException
20:15:04.856 [ForkJoinPool-1-worker-9] ERROR com.intuit.karate - feature call (loop) failed at index: 6
caller: classpath:InspireTest/ngr/datasetrecords/def/checkxlinkurl.template.feature
arg: {"link":"/"}
checkxlinkurl.template.feature:14 - 
org.apache.http.client.ClientProtocolException
20:15:04.857 [ForkJoinPool-1-worker-9] INFO  com.intuit.karate - [print]
20:15:04.858 [ForkJoinPool-1-worker-9] INFO  com.intuit.karate - [print] testing xlinkurl:s
20:15:04.858 [ForkJoinPool-1-worker-9] ERROR com.intuit.karate - org.apache.http.client.ClientProtocolException, http call failed after 0 milliseconds for URL: s
20:15:04.858 [ForkJoinPool-1-worker-9] ERROR com.intuit.karate - http request failed: 
org.apache.http.client.ClientProtocolException
20:15:04.859 [ForkJoinPool-1-worker-9] ERROR com.intuit.karate - feature call (loop) failed at index: 7
caller: classpath:InspireTest/ngr/datasetrecords/def/checkxlinkurl.template.feature
arg: {"link":"s"}
checkxlinkurl.template.feature:14 - 
org.apache.http.client.ClientProtocolException
20:15:04.860 [ForkJoinPool-1-worker-9] INFO  com.intuit.karate - [print]
20:15:04.860 [ForkJoinPool-1-worker-9] INFO  com.intuit.karate - [print] testing xlinkurl:t
20:15:04.860 [ForkJoinPool-1-worker-9] ERROR com.intuit.karate - org.apache.http.client.ClientProtocolException, http call failed after 0 milliseconds for URL: t
20:15:04.861 [ForkJoinPool-1-worker-9] ERROR com.intuit.karate - http request failed: 
org.apache.http.client.ClientProtocolException
20:15:04.861 [ForkJoinPool-1-worker-9] ERROR com.intuit.karate - feature call (loop) failed at index: 8
caller: classpath:InspireTest/ngr/datasetrecords/def/checkxlinkurl.template.feature
arg: {"link":"t"}
checkxlinkurl.template.feature:14 - 
org.apache.http.client.ClientProtocolException
20:15:04.863 [ForkJoinPool-1-worker-9] INFO  com.intuit.karate - [print]
20:15:04.863 [ForkJoinPool-1-worker-9] INFO  com.intuit.karate - [print] testing xlinkurl:a
20:15:04.863 [ForkJoinPool-1-worker-9] ERROR com.intuit.karate - org.apache.http.client.ClientProtocolException, http call failed after 0 milliseconds for URL: a
20:15:04.864 [ForkJoinPool-1-worker-9] ERROR com.intuit.karate - http request failed: 
org.apache.http.client.ClientProtocolException
20:15:04.864 [ForkJoinPool-1-worker-9] ERROR com.intuit.karate - feature call (loop) failed at index: 9
caller: classpath:InspireTest/ngr/datasetrecords/def/checkxlinkurl.template.feature
arg: {"link":"a"}
checkxlinkurl.template.feature:14 - 
org.apache.http.client.ClientProtocolException
20:15:04.865 [ForkJoinPool-1-worker-9] INFO  com.intuit.karate - [print]
20:15:04.866 [ForkJoinPool-1-worker-9] INFO  com.intuit.karate - [print] testing xlinkurl:n
20:15:04.866 [ForkJoinPool-1-worker-9] ERROR com.intuit.karate - org.apache.http.client.ClientProtocolException, http call failed after 0 milliseconds for URL: n
20:15:04.866 [ForkJoinPool-1-worker-9] ERROR com.intuit.karate - http request failed: 
org.apache.http.client.ClientProtocolException
20:15:04.867 [ForkJoinPool-1-worker-9] ERROR com.intuit.karate - feature call (loop) failed at index: 10
caller: classpath:InspireTest/ngr/datasetrecords/def/checkxlinkurl.template.feature
arg: {"link":"n"}
checkxlinkurl.template.feature:14 - 
org.apache.http.client.ClientProtocolException
20:15:04.868 [ForkJoinPool-1-worker-9] INFO  com.intuit.karate - [print]
20:15:04.868 [ForkJoinPool-1-worker-9] INFO  com.intuit.karate - [print] testing xlinkurl:d
20:15:04.868 [ForkJoinPool-1-worker-9] ERROR com.intuit.karate - org.apache.http.client.ClientProtocolException, http call failed after 0 milliseconds for URL: d
20:15:04.869 [ForkJoinPool-1-worker-9] ERROR com.intuit.karate - http request failed: 
org.apache.http.client.ClientProtocolException
20:15:04.869 [ForkJoinPool-1-worker-9] ERROR com.intuit.karate - feature call (loop) failed at index: 11
caller: classpath:InspireTest/ngr/datasetrecords/def/checkxlinkurl.template.feature
arg: {"link":"d"}
checkxlinkurl.template.feature:14 - 
org.apache.http.client.ClientProtocolException
20:15:04.870 [ForkJoinPool-1-worker-9] INFO  com.intuit.karate - [print]
20:15:04.870 [ForkJoinPool-1-worker-9] INFO  com.intuit.karate - [print] testing xlinkurl:a
20:15:04.870 [ForkJoinPool-1-worker-9] ERROR com.intuit.karate - org.apache.http.client.ClientProtocolException, http call failed after 0 milliseconds for URL: a
20:15:04.871 [ForkJoinPool-1-worker-9] ERROR com.intuit.karate - http request failed: 
org.apache.http.client.ClientProtocolException
20:15:04.871 [ForkJoinPool-1-worker-9] ERROR com.intuit.karate - feature call (loop) failed at index: 12
caller: classpath:InspireTest/ngr/datasetrecords/def/checkxlinkurl.template.feature
arg: {"link":"a"}
checkxlinkurl.template.feature:14 - 
org.apache.http.client.ClientProtocolException
20:15:04.872 [ForkJoinPool-1-worker-9] INFO  com.intuit.karate - [print]
20:15:04.873 [ForkJoinPool-1-worker-9] INFO  com.intuit.karate - [print] testing xlinkurl:r
20:15:04.873 [ForkJoinPool-1-worker-9] ERROR com.intuit.karate - org.apache.http.client.ClientProtocolException, http call failed after 0 milliseconds for URL: r
20:15:04.874 [ForkJoinPool-1-worker-9] ERROR com.intuit.karate - http request failed: 
org.apache.http.client.ClientProtocolException
20:15:04.874 [ForkJoinPool-1-worker-9] ERROR com.intuit.karate - feature call (loop) failed at index: 13
caller: classpath:InspireTest/ngr/datasetrecords/def/checkxlinkurl.template.feature
arg: {"link":"r"}
checkxlinkurl.template.feature:14 - 
org.apache.http.client.ClientProtocolException
20:15:04.876 [ForkJoinPool-1-worker-9] INFO  com.intuit.karate - [print]
20:15:04.876 [ForkJoinPool-1-worker-9] INFO  com.intuit.karate - [print] testing xlinkurl:d
20:15:04.877 [ForkJoinPool-1-worker-9] ERROR com.intuit.karate - org.apache.http.client.ClientProtocolException, http call failed after 0 milliseconds for URL: d
20:15:04.877 [ForkJoinPool-1-worker-9] ERROR com.intuit.karate - http request failed: 
org.apache.http.client.ClientProtocolException
20:15:04.878 [ForkJoinPool-1-worker-9] ERROR com.intuit.karate - feature call (loop) failed at index: 14
caller: classpath:InspireTest/ngr/datasetrecords/def/checkxlinkurl.template.feature
arg: {"link":"d"}
checkxlinkurl.template.feature:14 - 
org.apache.http.client.ClientProtocolException
20:15:04.879 [ForkJoinPool-1-worker-9] INFO  com.intuit.karate - [print]
20:15:04.880 [ForkJoinPool-1-worker-9] INFO  com.intuit.karate - [print] testing xlinkurl:s
20:15:04.880 [ForkJoinPool-1-worker-9] ERROR com.intuit.karate - org.apache.http.client.ClientProtocolException, http call failed after 0 milliseconds for URL: s
20:15:04.881 [ForkJoinPool-1-worker-9] ERROR com.intuit.karate - http request failed: 
org.apache.http.client.ClientProtocolException
20:15:04.881 [ForkJoinPool-1-worker-9] ERROR com.intuit.karate - feature call (loop) failed at index: 15
caller: classpath:InspireTest/ngr/datasetrecords/def/checkxlinkurl.template.feature
arg: {"link":"s"}
checkxlinkurl.template.feature:14 - 
org.apache.http.client.ClientProtocolException
20:15:04.883 [ForkJoinPool-1-worker-9] INFO  com.intuit.karate - [print]
20:15:04.883 [ForkJoinPool-1-worker-9] INFO  com.intuit.karate - [print] testing xlinkurl:.
20:15:04.884 [ForkJoinPool-1-worker-9] ERROR com.intuit.karate - org.apache.http.client.ClientProtocolException, http call failed after 0 milliseconds for URL: .
20:15:04.884 [ForkJoinPool-1-worker-9] ERROR com.intuit.karate - http request failed: 
org.apache.http.client.ClientProtocolException
20:15:04.885 [ForkJoinPool-1-worker-9] ERROR com.intuit.karate - feature call (loop) failed at index: 16
caller: classpath:InspireTest/ngr/datasetrecords/def/checkxlinkurl.template.feature
arg: {"link":"."}
checkxlinkurl.template.feature:14 - 
org.apache.http.client.ClientProtocolException
20:15:04.887 [ForkJoinPool-1-worker-9] INFO  com.intuit.karate - [print]
20:15:04.887 [ForkJoinPool-1-worker-9] INFO  com.intuit.karate - [print] testing xlinkurl:i
20:15:04.888 [ForkJoinPool-1-worker-9] ERROR com.intuit.karate - org.apache.http.client.ClientProtocolException, http call failed after 0 milliseconds for URL: i
20:15:04.888 [ForkJoinPool-1-worker-9] ERROR com.intuit.karate - http request failed: 
org.apache.http.client.ClientProtocolException
20:15:04.889 [ForkJoinPool-1-worker-9] ERROR com.intuit.karate - feature call (loop) failed at index: 17
caller: classpath:InspireTest/ngr/datasetrecords/def/checkxlinkurl.template.feature
arg: {"link":"i"}
checkxlinkurl.template.feature:14 - 
org.apache.http.client.ClientProtocolException
20:15:04.890 [ForkJoinPool-1-worker-9] INFO  com.intuit.karate - [print]
20:15:04.891 [ForkJoinPool-1-worker-9] INFO  com.intuit.karate - [print] testing xlinkurl:s
20:15:04.891 [ForkJoinPool-1-worker-9] ERROR com.intuit.karate - org.apache.http.client.ClientProtocolException, http call failed after 0 milliseconds for URL: s
20:15:04.892 [ForkJoinPool-1-worker-9] ERROR com.intuit.karate - http request failed: 
org.apache.http.client.ClientProtocolException
20:15:04.893 [ForkJoinPool-1-worker-9] ERROR com.intuit.karate - feature call (loop) failed at index: 18
caller: classpath:InspireTest/ngr/datasetrecords/def/checkxlinkurl.template.feature
arg: {"link":"s"}
checkxlinkurl.template.feature:14 - 
org.apache.http.client.ClientProtocolException
20:15:04.895 [ForkJoinPool-1-worker-9] INFO  com.intuit.karate - [print]
20:15:04.895 [ForkJoinPool-1-worker-9] INFO  com.intuit.karate - [print] testing xlinkurl:o
20:15:04.896 [ForkJoinPool-1-worker-9] ERROR com.intuit.karate - org.apache.http.client.ClientProtocolException, http call failed after 0 milliseconds for URL: o
20:15:04.896 [ForkJoinPool-1-worker-9] ERROR com.intuit.karate - http request failed: 
org.apache.http.client.ClientProtocolException
20:15:04.897 [ForkJoinPool-1-worker-9] ERROR com.intuit.karate - feature call (loop) failed at index: 19
caller: classpath:InspireTest/ngr/datasetrecords/def/checkxlinkurl.template.feature
arg: {"link":"o"}
checkxlinkurl.template.feature:14 - 
org.apache.http.client.ClientProtocolException
20:15:04.899 [ForkJoinPool-1-worker-9] INFO  com.intuit.karate - [print]
20:15:04.899 [ForkJoinPool-1-worker-9] INFO  com.intuit.karate - [print] testing xlinkurl:.
20:15:04.900 [ForkJoinPool-1-worker-9] ERROR com.intuit.karate - org.apache.http.client.ClientProtocolException, http call failed after 0 milliseconds for URL: .
20:15:04.900 [ForkJoinPool-1-worker-9] ERROR com.intuit.karate - http request failed: 
org.apache.http.client.ClientProtocolException
20:15:04.901 [ForkJoinPool-1-worker-9] ERROR com.intuit.karate - feature call (loop) failed at index: 20
caller: classpath:InspireTest/ngr/datasetrecords/def/checkxlinkurl.template.feature
arg: {"link":"."}
checkxlinkurl.template.feature:14 - 
org.apache.http.client.ClientProtocolException
20:15:04.902 [ForkJoinPool-1-worker-9] INFO  com.intuit.karate - [print]
20:15:04.903 [ForkJoinPool-1-worker-9] INFO  com.intuit.karate - [print] testing xlinkurl:o
20:15:04.903 [ForkJoinPool-1-worker-9] ERROR com.intuit.karate - org.apache.http.client.ClientProtocolException, http call failed after 0 milliseconds for URL: o
20:15:04.904 [ForkJoinPool-1-worker-9] ERROR com.intuit.karate - http request failed: 
org.apache.http.client.ClientProtocolException
20:15:04.904 [ForkJoinPool-1-worker-9] ERROR com.intuit.karate - feature call (loop) failed at index: 21
caller: classpath:InspireTest/ngr/datasetrecords/def/checkxlinkurl.template.feature
arg: {"link":"o"}
checkxlinkurl.template.feature:14 - 
org.apache.http.client.ClientProtocolException
20:15:04.906 [ForkJoinPool-1-worker-9] INFO  com.intuit.karate - [print]
20:15:04.906 [ForkJoinPool-1-worker-9] INFO  com.intuit.karate - [print] testing xlinkurl:r
20:15:04.907 [ForkJoinPool-1-worker-9] ERROR com.intuit.karate - org.apache.http.client.ClientProtocolException, http call failed after 0 milliseconds for URL: r
20:15:04.907 [ForkJoinPool-1-worker-9] ERROR com.intuit.karate - http request failed: 
org.apache.http.client.ClientProtocolException
20:15:04.908 [ForkJoinPool-1-worker-9] ERROR com.intuit.karate - feature call (loop) failed at index: 22
caller: classpath:InspireTest/ngr/datasetrecords/def/checkxlinkurl.template.feature
arg: {"link":"r"}
checkxlinkurl.template.feature:14 - 
org.apache.http.client.ClientProtocolException
20:15:04.909 [ForkJoinPool-1-worker-9] INFO  com.intuit.karate - [print]
20:15:04.913 [ForkJoinPool-1-worker-9] INFO  com.intuit.karate - [print] testing xlinkurl:g
20:15:04.913 [ForkJoinPool-1-worker-9] ERROR com.intuit.karate - org.apache.http.client.ClientProtocolException, http call failed after 0 milliseconds for URL: g
20:15:04.913 [ForkJoinPool-1-worker-9] ERROR com.intuit.karate - http request failed: 
org.apache.http.client.ClientProtocolException
20:15:04.914 [ForkJoinPool-1-worker-9] ERROR com.intuit.karate - feature call (loop) failed at index: 23
caller: classpath:InspireTest/ngr/datasetrecords/def/checkxlinkurl.template.feature
arg: {"link":"g"}
checkxlinkurl.template.feature:14 - 
org.apache.http.client.ClientProtocolException
20:15:04.914 [ForkJoinPool-1-worker-9] INFO  com.intuit.karate - [print]
20:15:04.915 [ForkJoinPool-1-worker-9] INFO  com.intuit.karate - [print] testing xlinkurl:/
20:15:04.915 [ForkJoinPool-1-worker-9] ERROR com.intuit.karate - org.apache.http.client.ClientProtocolException, http call failed after 0 milliseconds for URL: /
20:15:04.916 [ForkJoinPool-1-worker-9] ERROR com.intuit.karate - http request failed: 
org.apache.http.client.ClientProtocolException
20:15:04.916 [ForkJoinPool-1-worker-9] ERROR com.intuit.karate - feature call (loop) failed at index: 24
caller: classpath:InspireTest/ngr/datasetrecords/def/checkxlinkurl.template.feature
arg: {"link":"/"}
checkxlinkurl.template.feature:14 - 
org.apache.http.client.ClientProtocolException
20:15:04.917 [ForkJoinPool-1-worker-9] INFO  com.intuit.karate - [print]
20:15:04.920 [ForkJoinPool-1-worker-9] INFO  com.intuit.karate - [print] testing xlinkurl:i
20:15:04.921 [ForkJoinPool-1-worker-9] ERROR com.intuit.karate - org.apache.http.client.ClientProtocolException, http call failed after 0 milliseconds for URL: i
20:15:04.921 [ForkJoinPool-1-worker-9] ERROR com.intuit.karate - http request failed: 
org.apache.http.client.ClientProtocolException
20:15:04.921 [ForkJoinPool-1-worker-9] ERROR com.intuit.karate - feature call (loop) failed at index: 25
caller: classpath:InspireTest/ngr/datasetrecords/def/checkxlinkurl.template.feature
arg: {"link":"i"}
checkxlinkurl.template.feature:14 - 
org.apache.http.client.ClientProtocolException
20:15:04.922 [ForkJoinPool-1-worker-9] INFO  com.intuit.karate - [print]
20:15:04.922 [ForkJoinPool-1-worker-9] INFO  com.intuit.karate - [print] testing xlinkurl:t
20:15:04.923 [ForkJoinPool-1-worker-9] ERROR com.intuit.karate - org.apache.http.client.ClientProtocolException, http call failed after 0 milliseconds for URL: t
20:15:04.923 [ForkJoinPool-1-worker-9] ERROR com.intuit.karate - http request failed: 
org.apache.http.client.ClientProtocolException
20:15:04.923 [ForkJoinPool-1-worker-9] ERROR com.intuit.karate - feature call (loop) failed at index: 26
caller: classpath:InspireTest/ngr/datasetrecords/def/checkxlinkurl.template.feature
arg: {"link":"t"}
checkxlinkurl.template.feature:14 - 
org.apache.http.client.ClientProtocolException
20:15:04.924 [ForkJoinPool-1-worker-9] INFO  com.intuit.karate - [print]
20:15:04.925 [ForkJoinPool-1-worker-9] INFO  com.intuit.karate - [print] testing xlinkurl:t
20:15:04.927 [ForkJoinPool-1-worker-9] ERROR com.intuit.karate - org.apache.http.client.ClientProtocolException, http call failed after 0 milliseconds for URL: t
20:15:04.928 [ForkJoinPool-1-worker-9] ERROR com.intuit.karate - http request failed: 
org.apache.http.client.ClientProtocolException
20:15:04.928 [ForkJoinPool-1-worker-9] ERROR com.intuit.karate - feature call (loop) failed at index: 27
caller: classpath:InspireTest/ngr/datasetrecords/def/checkxlinkurl.template.feature
arg: {"link":"t"}
checkxlinkurl.template.feature:14 - 
org.apache.http.client.ClientProtocolException
20:15:04.930 [ForkJoinPool-1-worker-9] INFO  com.intuit.karate - [print]
20:15:04.930 [ForkJoinPool-1-worker-9] INFO  com.intuit.karate - [print] testing xlinkurl:f
20:15:04.931 [ForkJoinPool-1-worker-9] ERROR com.intuit.karate - org.apache.http.client.ClientProtocolException, http call failed after 0 milliseconds for URL: f
20:15:04.931 [ForkJoinPool-1-worker-9] ERROR com.intuit.karate - http request failed: 
org.apache.http.client.ClientProtocolException
20:15:04.931 [ForkJoinPool-1-worker-9] ERROR com.intuit.karate - feature call (loop) failed at index: 28
caller: classpath:InspireTest/ngr/datasetrecords/def/checkxlinkurl.template.feature
arg: {"link":"f"}
checkxlinkurl.template.feature:14 - 
org.apache.http.client.ClientProtocolException
20:15:04.932 [ForkJoinPool-1-worker-9] INFO  com.intuit.karate - [print]
20:15:04.934 [ForkJoinPool-1-worker-9] INFO  com.intuit.karate - [print] testing xlinkurl:/
20:15:04.934 [ForkJoinPool-1-worker-9] ERROR com.intuit.karate - org.apache.http.client.ClientProtocolException, http call failed after 0 milliseconds for URL: /
20:15:04.934 [ForkJoinPool-1-worker-9] ERROR com.intuit.karate - http request failed: 
org.apache.http.client.ClientProtocolException
20:15:04.934 [ForkJoinPool-1-worker-9] ERROR com.intuit.karate - feature call (loop) failed at index: 29
caller: classpath:InspireTest/ngr/datasetrecords/def/checkxlinkurl.template.feature
arg: {"link":"/"}
checkxlinkurl.template.feature:14 - 
org.apache.http.client.ClientProtocolException
20:15:04.935 [ForkJoinPool-1-worker-9] INFO  com.intuit.karate - [print]
20:15:04.936 [ForkJoinPool-1-worker-9] INFO  com.intuit.karate - [print] testing xlinkurl:P
20:15:04.936 [ForkJoinPool-1-worker-9] ERROR com.intuit.karate - org.apache.http.client.ClientProtocolException, http call failed after 0 milliseconds for URL: P
20:15:04.937 [ForkJoinPool-1-worker-9] ERROR com.intuit.karate - http request failed: 
org.apache.http.client.ClientProtocolException
20:15:04.937 [ForkJoinPool-1-worker-9] ERROR com.intuit.karate - feature call (loop) failed at index: 30
caller: classpath:InspireTest/ngr/datasetrecords/def/checkxlinkurl.template.feature
arg: {"link":"P"}
checkxlinkurl.template.feature:14 - 
org.apache.http.client.ClientProtocolException
20:15:04.937 [ForkJoinPool-1-worker-9] INFO  com.intuit.karate - [print]
20:15:04.937 [ForkJoinPool-1-worker-9] INFO  com.intuit.karate - [print] testing xlinkurl:u
20:15:04.939 [ForkJoinPool-1-worker-9] ERROR com.intuit.karate - org.apache.http.client.ClientProtocolException, http call failed after 0 milliseconds for URL: u
20:15:04.939 [ForkJoinPool-1-worker-9] ERROR com.intuit.karate - http request failed: 
org.apache.http.client.ClientProtocolException
20:15:04.939 [ForkJoinPool-1-worker-9] ERROR com.intuit.karate - feature call (loop) failed at index: 31
caller: classpath:InspireTest/ngr/datasetrecords/def/checkxlinkurl.template.feature
arg: {"link":"u"}
checkxlinkurl.template.feature:14 - 
org.apache.http.client.ClientProtocolException
20:15:04.940 [ForkJoinPool-1-worker-9] INFO  com.intuit.karate - [print]
20:15:04.940 [ForkJoinPool-1-worker-9] INFO  com.intuit.karate - [print] testing xlinkurl:b
20:15:04.940 [ForkJoinPool-1-worker-9] ERROR com.intuit.karate - org.apache.http.client.ClientProtocolException, http call failed after 0 milliseconds for URL: b
20:15:04.941 [ForkJoinPool-1-worker-9] ERROR com.intuit.karate - http request failed: 
org.apache.http.client.ClientProtocolException
20:15:04.941 [ForkJoinPool-1-worker-9] ERROR com.intuit.karate - feature call (loop) failed at index: 32
caller: classpath:InspireTest/ngr/datasetrecords/def/checkxlinkurl.template.feature
arg: {"link":"b"}
checkxlinkurl.template.feature:14 - 
org.apache.http.client.ClientProtocolException
20:15:04.941 [ForkJoinPool-1-worker-9] INFO  com.intuit.karate - [print]
20:15:04.941 [ForkJoinPool-1-worker-9] INFO  com.intuit.karate - [print] testing xlinkurl:l
20:15:04.941 [ForkJoinPool-1-worker-9] ERROR com.intuit.karate - org.apache.http.client.ClientProtocolException, http call failed after 0 milliseconds for URL: l
20:15:04.941 [ForkJoinPool-1-worker-9] ERROR com.intuit.karate - http request failed: 
org.apache.http.client.ClientProtocolException
20:15:04.942 [ForkJoinPool-1-worker-9] ERROR com.intuit.karate - feature call (loop) failed at index: 33
caller: classpath:InspireTest/ngr/datasetrecords/def/checkxlinkurl.template.feature
arg: {"link":"l"}
checkxlinkurl.template.feature:14 - 
org.apache.http.client.ClientProtocolException
20:15:04.942 [ForkJoinPool-1-worker-9] INFO  com.intuit.karate - [print]
20:15:04.942 [ForkJoinPool-1-worker-9] INFO  com.intuit.karate - [print] testing xlinkurl:i
20:15:04.943 [ForkJoinPool-1-worker-9] ERROR com.intuit.karate - org.apache.http.client.ClientProtocolException, http call failed after 0 milliseconds for URL: i
20:15:04.943 [ForkJoinPool-1-worker-9] ERROR com.intuit.karate - http request failed: 
org.apache.http.client.ClientProtocolException
20:15:04.943 [ForkJoinPool-1-worker-9] ERROR com.intuit.karate - feature call (loop) failed at index: 34
caller: classpath:InspireTest/ngr/datasetrecords/def/checkxlinkurl.template.feature
arg: {"link":"i"}
checkxlinkurl.template.feature:14 - 
org.apache.http.client.ClientProtocolException
20:15:04.944 [ForkJoinPool-1-worker-9] INFO  com.intuit.karate - [print]
20:15:04.944 [ForkJoinPool-1-worker-9] INFO  com.intuit.karate - [print] testing xlinkurl:c
20:15:04.944 [ForkJoinPool-1-worker-9] ERROR com.intuit.karate - org.apache.http.client.ClientProtocolException, http call failed after 0 milliseconds for URL: c
20:15:04.945 [ForkJoinPool-1-worker-9] ERROR com.intuit.karate - http request failed: 
org.apache.http.client.ClientProtocolException
20:15:04.945 [ForkJoinPool-1-worker-9] ERROR com.intuit.karate - feature call (loop) failed at index: 35
caller: classpath:InspireTest/ngr/datasetrecords/def/checkxlinkurl.template.feature
arg: {"link":"c"}
checkxlinkurl.template.feature:14 - 
org.apache.http.client.ClientProtocolException
20:15:04.957 [ForkJoinPool-1-worker-9] INFO  com.intuit.karate - [print]
20:15:04.958 [ForkJoinPool-1-worker-9] INFO  com.intuit.karate - [print] testing xlinkurl:l
20:15:04.958 [ForkJoinPool-1-worker-9] ERROR com.intuit.karate - org.apache.http.client.ClientProtocolException, http call failed after 0 milliseconds for URL: l
20:15:04.958 [ForkJoinPool-1-worker-9] ERROR com.intuit.karate - http request failed: 
org.apache.http.client.ClientProtocolException
20:15:04.958 [ForkJoinPool-1-worker-9] ERROR com.intuit.karate - feature call (loop) failed at index: 36
caller: classpath:InspireTest/ngr/datasetrecords/def/checkxlinkurl.template.feature
arg: {"link":"l"}
checkxlinkurl.template.feature:14 - 
org.apache.http.client.ClientProtocolException
20:15:04.958 [ForkJoinPool-1-worker-9] INFO  com.intuit.karate - [print]
20:15:04.959 [ForkJoinPool-1-worker-9] INFO  com.intuit.karate - [print] testing xlinkurl:y
20:15:04.959 [ForkJoinPool-1-worker-9] ERROR com.intuit.karate - org.apache.http.client.ClientProtocolException, http call failed after 0 milliseconds for URL: y
20:15:04.959 [ForkJoinPool-1-worker-9] ERROR com.intuit.karate - http request failed: 
org.apache.http.client.ClientProtocolException
20:15:04.959 [ForkJoinPool-1-worker-9] ERROR com.intuit.karate - feature call (loop) failed at index: 37
caller: classpath:InspireTest/ngr/datasetrecords/def/checkxlinkurl.template.feature
arg: {"link":"y"}
checkxlinkurl.template.feature:14 - 
org.apache.http.client.ClientProtocolException
20:15:04.959 [ForkJoinPool-1-worker-9] INFO  com.intuit.karate - [print]
20:15:04.960 [ForkJoinPool-1-worker-9] INFO  com.intuit.karate - [print] testing xlinkurl:A
20:15:04.960 [ForkJoinPool-1-worker-9] ERROR com.intuit.karate - org.apache.http.client.ClientProtocolException, http call failed after 0 milliseconds for URL: A
20:15:04.960 [ForkJoinPool-1-worker-9] ERROR com.intuit.karate - http request failed: 
org.apache.http.client.ClientProtocolException
20:15:04.960 [ForkJoinPool-1-worker-9] ERROR com.intuit.karate - feature call (loop) failed at index: 38
caller: classpath:InspireTest/ngr/datasetrecords/def/checkxlinkurl.template.feature
arg: {"link":"A"}
checkxlinkurl.template.feature:14 - 
org.apache.http.client.ClientProtocolException
20:15:04.962 [ForkJoinPool-1-worker-9] INFO  com.intuit.karate - [print]
20:15:04.962 [ForkJoinPool-1-worker-9] INFO  com.intuit.karate - [print] testing xlinkurl:v
20:15:04.963 [ForkJoinPool-1-worker-9] ERROR com.intuit.karate - org.apache.http.client.ClientProtocolException, http call failed after 0 milliseconds for URL: v
20:15:04.963 [ForkJoinPool-1-worker-9] ERROR com.intuit.karate - http request failed: 
org.apache.http.client.ClientProtocolException
20:15:04.963 [ForkJoinPool-1-worker-9] ERROR com.intuit.karate - feature call (loop) failed at index: 39
caller: classpath:InspireTest/ngr/datasetrecords/def/checkxlinkurl.template.feature
arg: {"link":"v"}
checkxlinkurl.template.feature:14 - 
org.apache.http.client.ClientProtocolException
20:15:04.965 [ForkJoinPool-1-worker-9] INFO  com.intuit.karate - [print]
20:15:04.965 [ForkJoinPool-1-worker-9] INFO  com.intuit.karate - [print] testing xlinkurl:a
20:15:04.965 [ForkJoinPool-1-worker-9] ERROR com.intuit.karate - org.apache.http.client.ClientProtocolException, http call failed after 0 milliseconds for URL: a
20:15:04.965 [ForkJoinPool-1-worker-9] ERROR com.intuit.karate - http request failed: 
org.apache.http.client.ClientProtocolException
20:15:04.965 [ForkJoinPool-1-worker-9] ERROR com.intuit.karate - feature call (loop) failed at index: 40
caller: classpath:InspireTest/ngr/datasetrecords/def/checkxlinkurl.template.feature
arg: {"link":"a"}
checkxlinkurl.template.feature:14 - 
org.apache.http.client.ClientProtocolException
20:15:04.966 [ForkJoinPool-1-worker-9] INFO  com.intuit.karate - [print]
20:15:04.966 [ForkJoinPool-1-worker-9] INFO  com.intuit.karate - [print] testing xlinkurl:i
20:15:04.967 [ForkJoinPool-1-worker-9] ERROR com.intuit.karate - org.apache.http.client.ClientProtocolException, http call failed after 0 milliseconds for URL: i
20:15:04.967 [ForkJoinPool-1-worker-9] ERROR com.intuit.karate - http request failed: 
org.apache.http.client.ClientProtocolException
20:15:04.967 [ForkJoinPool-1-worker-9] ERROR com.intuit.karate - feature call (loop) failed at index: 41
caller: classpath:InspireTest/ngr/datasetrecords/def/checkxlinkurl.template.feature
arg: {"link":"i"}
checkxlinkurl.template.feature:14 - 
org.apache.http.client.ClientProtocolException
20:15:04.967 [ForkJoinPool-1-worker-9] INFO  com.intuit.karate - [print]
20:15:04.970 [ForkJoinPool-1-worker-9] INFO  com.intuit.karate - [print] testing xlinkurl:l
20:15:04.971 [ForkJoinPool-1-worker-9] ERROR com.intuit.karate - org.apache.http.client.ClientProtocolException, http call failed after 0 milliseconds for URL: l
20:15:04.971 [ForkJoinPool-1-worker-9] ERROR com.intuit.karate - http request failed: 
org.apache.http.client.ClientProtocolException
20:15:04.971 [ForkJoinPool-1-worker-9] ERROR com.intuit.karate - feature call (loop) failed at index: 42
caller: classpath:InspireTest/ngr/datasetrecords/def/checkxlinkurl.template.feature
arg: {"link":"l"}
checkxlinkurl.template.feature:14 - 
org.apache.http.client.ClientProtocolException
20:15:04.972 [ForkJoinPool-1-worker-9] INFO  com.intuit.karate - [print]
20:15:04.972 [ForkJoinPool-1-worker-9] INFO  com.intuit.karate - [print] testing xlinkurl:a
20:15:04.972 [ForkJoinPool-1-worker-9] ERROR com.intuit.karate - org.apache.http.client.ClientProtocolException, http call failed after 0 milliseconds for URL: a
20:15:04.972 [ForkJoinPool-1-worker-9] ERROR com.intuit.karate - http request failed: 
org.apache.http.client.ClientProtocolException
20:15:04.972 [ForkJoinPool-1-worker-9] ERROR com.intuit.karate - feature call (loop) failed at index: 43
caller: classpath:InspireTest/ngr/datasetrecords/def/checkxlinkurl.template.feature
arg: {"link":"a"}
checkxlinkurl.template.feature:14 - 
org.apache.http.client.ClientProtocolException
20:15:04.973 [ForkJoinPool-1-worker-9] INFO  com.intuit.karate - [print]
20:15:04.973 [ForkJoinPool-1-worker-9] INFO  com.intuit.karate - [print] testing xlinkurl:b
20:15:04.973 [ForkJoinPool-1-worker-9] ERROR com.intuit.karate - org.apache.http.client.ClientProtocolException, http call failed after 0 milliseconds for URL: b
20:15:04.974 [ForkJoinPool-1-worker-9] ERROR com.intuit.karate - http request failed: 
org.apache.http.client.ClientProtocolException
20:15:04.974 [ForkJoinPool-1-worker-9] ERROR com.intuit.karate - feature call (loop) failed at index: 44
caller: classpath:InspireTest/ngr/datasetrecords/def/checkxlinkurl.template.feature
arg: {"link":"b"}
checkxlinkurl.template.feature:14 - 
org.apache.http.client.ClientProtocolException
20:15:04.975 [ForkJoinPool-1-worker-9] INFO  com.intuit.karate - [print]
20:15:04.975 [ForkJoinPool-1-worker-9] INFO  com.intuit.karate - [print] testing xlinkurl:l
20:15:04.976 [ForkJoinPool-1-worker-9] ERROR com.intuit.karate - org.apache.http.client.ClientProtocolException, http call failed after 0 milliseconds for URL: l
20:15:04.982 [ForkJoinPool-1-worker-9] ERROR com.intuit.karate - http request failed: 
org.apache.http.client.ClientProtocolException
20:15:04.982 [ForkJoinPool-1-worker-9] ERROR com.intuit.karate - feature call (loop) failed at index: 45
caller: classpath:InspireTest/ngr/datasetrecords/def/checkxlinkurl.template.feature
arg: {"link":"l"}
checkxlinkurl.template.feature:14 - 
org.apache.http.client.ClientProtocolException
20:15:04.983 [ForkJoinPool-1-worker-9] INFO  com.intuit.karate - [print]
20:15:04.983 [ForkJoinPool-1-worker-9] INFO  com.intuit.karate - [print] testing xlinkurl:e
20:15:04.983 [ForkJoinPool-1-worker-9] ERROR com.intuit.karate - org.apache.http.client.ClientProtocolException, http call failed after 0 milliseconds for URL: e
20:15:04.983 [ForkJoinPool-1-worker-9] ERROR com.intuit.karate - http request failed: 
org.apache.http.client.ClientProtocolException
20:15:04.984 [ForkJoinPool-1-worker-9] ERROR com.intuit.karate - feature call (loop) failed at index: 46
caller: classpath:InspireTest/ngr/datasetrecords/def/checkxlinkurl.template.feature
arg: {"link":"e"}
checkxlinkurl.template.feature:14 - 
org.apache.http.client.ClientProtocolException
20:15:04.984 [ForkJoinPool-1-worker-9] INFO  com.intuit.karate - [print]
20:15:04.984 [ForkJoinPool-1-worker-9] INFO  com.intuit.karate - [print] testing xlinkurl:S
20:15:04.984 [ForkJoinPool-1-worker-9] ERROR com.intuit.karate - org.apache.http.client.ClientProtocolException, http call failed after 0 milliseconds for URL: S
20:15:04.984 [ForkJoinPool-1-worker-9] ERROR com.intuit.karate - http request failed: 
org.apache.http.client.ClientProtocolException
20:15:04.985 [ForkJoinPool-1-worker-9] ERROR com.intuit.karate - feature call (loop) failed at index: 47
caller: classpath:InspireTest/ngr/datasetrecords/def/checkxlinkurl.template.feature
arg: {"link":"S"}
checkxlinkurl.template.feature:14 - 
org.apache.http.client.ClientProtocolException
20:15:04.985 [ForkJoinPool-1-worker-9] INFO  com.intuit.karate - [print]
20:15:04.985 [ForkJoinPool-1-worker-9] INFO  com.intuit.karate - [print] testing xlinkurl:t
20:15:04.985 [ForkJoinPool-1-worker-9] ERROR com.intuit.karate - org.apache.http.client.ClientProtocolException, http call failed after 0 milliseconds for URL: t
20:15:04.986 [ForkJoinPool-1-worker-9] ERROR com.intuit.karate - http request failed: 
org.apache.http.client.ClientProtocolException
20:15:04.986 [ForkJoinPool-1-worker-9] ERROR com.intuit.karate - feature call (loop) failed at index: 48
caller: classpath:InspireTest/ngr/datasetrecords/def/checkxlinkurl.template.feature
arg: {"link":"t"}
checkxlinkurl.template.feature:14 - 
org.apache.http.client.ClientProtocolException
20:15:04.986 [ForkJoinPool-1-worker-9] INFO  com.intuit.karate - [print]
20:15:04.986 [ForkJoinPool-1-worker-9] INFO  com.intuit.karate - [print] testing xlinkurl:a
20:15:04.987 [ForkJoinPool-1-worker-9] ERROR com.intuit.karate - org.apache.http.client.ClientProtocolException, http call failed after 0 milliseconds for URL: a
20:15:04.988 [ForkJoinPool-1-worker-9] ERROR com.intuit.karate - http request failed: 
org.apache.http.client.ClientProtocolException
20:15:04.988 [ForkJoinPool-1-worker-9] ERROR com.intuit.karate - feature call (loop) failed at index: 49
caller: classpath:InspireTest/ngr/datasetrecords/def/checkxlinkurl.template.feature
arg: {"link":"a"}
checkxlinkurl.template.feature:14 - 
org.apache.http.client.ClientProtocolException
20:15:04.989 [ForkJoinPool-1-worker-9] INFO  com.intuit.karate - [print]
20:15:04.989 [ForkJoinPool-1-worker-9] INFO  com.intuit.karate - [print] testing xlinkurl:n
20:15:04.989 [ForkJoinPool-1-worker-9] ERROR com.intuit.karate - org.apache.http.client.ClientProtocolException, http call failed after 0 milliseconds for URL: n
20:15:04.989 [ForkJoinPool-1-worker-9] ERROR com.intuit.karate - http request failed: 
org.apache.http.client.ClientProtocolException
20:15:04.989 [ForkJoinPool-1-worker-9] ERROR com.intuit.karate - feature call (loop) failed at index: 50
caller: classpath:InspireTest/ngr/datasetrecords/def/checkxlinkurl.template.feature
arg: {"link":"n"}
checkxlinkurl.template.feature:14 - 
org.apache.http.client.ClientProtocolException
20:15:04.990 [ForkJoinPool-1-worker-9] INFO  com.intuit.karate - [print]
20:15:04.990 [ForkJoinPool-1-worker-9] INFO  com.intuit.karate - [print] testing xlinkurl:d
20:15:04.990 [ForkJoinPool-1-worker-9] ERROR com.intuit.karate - org.apache.http.client.ClientProtocolException, http call failed after 0 milliseconds for URL: d
20:15:04.990 [ForkJoinPool-1-worker-9] ERROR com.intuit.karate - http request failed: 
org.apache.http.client.ClientProtocolException
20:15:04.990 [ForkJoinPool-1-worker-9] ERROR com.intuit.karate - feature call (loop) failed at index: 51
caller: classpath:InspireTest/ngr/datasetrecords/def/checkxlinkurl.template.feature
arg: {"link":"d"}
checkxlinkurl.template.feature:14 - 
org.apache.http.client.ClientProtocolException
20:15:04.993 [ForkJoinPool-1-worker-9] INFO  com.intuit.karate - [print]
20:15:04.993 [ForkJoinPool-1-worker-9] INFO  com.intuit.karate - [print] testing xlinkurl:a
20:15:04.993 [ForkJoinPool-1-worker-9] ERROR com.intuit.karate - org.apache.http.client.ClientProtocolException, http call failed after 0 milliseconds for URL: a
20:15:04.994 [ForkJoinPool-1-worker-9] ERROR com.intuit.karate - http request failed: 
org.apache.http.client.ClientProtocolException
20:15:04.994 [ForkJoinPool-1-worker-9] ERROR com.intuit.karate - feature call (loop) failed at index: 52
caller: classpath:InspireTest/ngr/datasetrecords/def/checkxlinkurl.template.feature
arg: {"link":"a"}
checkxlinkurl.template.feature:14 - 
org.apache.http.client.ClientProtocolException
20:15:04.994 [ForkJoinPool-1-worker-9] INFO  com.intuit.karate - [print]
20:15:04.994 [ForkJoinPool-1-worker-9] INFO  com.intuit.karate - [print] testing xlinkurl:r
20:15:04.995 [ForkJoinPool-1-worker-9] ERROR com.intuit.karate - org.apache.http.client.ClientProtocolException, http call failed after 0 milliseconds for URL: r
20:15:04.995 [ForkJoinPool-1-worker-9] ERROR com.intuit.karate - http request failed: 
org.apache.http.client.ClientProtocolException
20:15:04.995 [ForkJoinPool-1-worker-9] ERROR com.intuit.karate - feature call (loop) failed at index: 53
caller: classpath:InspireTest/ngr/datasetrecords/def/checkxlinkurl.template.feature
arg: {"link":"r"}
checkxlinkurl.template.feature:14 - 
org.apache.http.client.ClientProtocolException
20:15:04.995 [ForkJoinPool-1-worker-9] INFO  com.intuit.karate - [print]
20:15:04.997 [ForkJoinPool-1-worker-13] INFO  com.intuit.karate - [print] title:Stads- en Dorpsgezichten
20:15:04.998 [ForkJoinPool-1-worker-13] INFO  com.intuit.karate - [print] Stads- en Dorpsgezichten
20:15:04.998 [ForkJoinPool-1-worker-9] INFO  com.intuit.karate - [print] testing xlinkurl:d
20:15:04.998 [ForkJoinPool-1-worker-9] ERROR com.intuit.karate - org.apache.http.client.ClientProtocolException, http call failed after 0 milliseconds for URL: d
20:15:04.998 [ForkJoinPool-1-worker-9] ERROR com.intuit.karate - http request failed: 
org.apache.http.client.ClientProtocolException
20:15:04.998 [ForkJoinPool-1-worker-9] ERROR com.intuit.karate - feature call (loop) failed at index: 54
caller: classpath:InspireTest/ngr/datasetrecords/def/checkxlinkurl.template.feature
arg: {"link":"d"}
checkxlinkurl.template.feature:14 - 
org.apache.http.client.ClientProtocolException
20:15:04.999 [ForkJoinPool-1-worker-9] INFO  com.intuit.karate - [print]
20:15:04.999 [ForkJoinPool-1-worker-9] INFO  com.intuit.karate - [print] testing xlinkurl:s
20:15:04.999 [ForkJoinPool-1-worker-13] INFO  com.intuit.karate - [print] [
  "http://services.rce.geovoorziening.nl/www/download/nl.xml"
]

20:15:04.999 [ForkJoinPool-1-worker-9] ERROR com.intuit.karate - org.apache.http.client.ClientProtocolException, http call failed after 0 milliseconds for URL: s
20:15:04.999 [ForkJoinPool-1-worker-9] ERROR com.intuit.karate - http request failed: 
org.apache.http.client.ClientProtocolException
20:15:05.000 [ForkJoinPool-1-worker-9] ERROR com.intuit.karate - feature call (loop) failed at index: 55
caller: classpath:InspireTest/ngr/datasetrecords/def/checkxlinkurl.template.feature
arg: {"link":"s"}
checkxlinkurl.template.feature:14 - 
org.apache.http.client.ClientProtocolException
20:15:05.000 [ForkJoinPool-1-worker-9] INFO  com.intuit.karate - [print]
20:15:05.000 [ForkJoinPool-1-worker-9] INFO  com.intuit.karate - [print] testing xlinkurl:/
20:15:05.001 [ForkJoinPool-1-worker-9] ERROR com.intuit.karate - org.apache.http.client.ClientProtocolException, http call failed after 0 milliseconds for URL: /
20:15:05.006 [ForkJoinPool-1-worker-9] ERROR com.intuit.karate - http request failed: 
org.apache.http.client.ClientProtocolException
20:15:05.006 [ForkJoinPool-1-worker-9] ERROR com.intuit.karate - feature call (loop) failed at index: 56
caller: classpath:InspireTest/ngr/datasetrecords/def/checkxlinkurl.template.feature
arg: {"link":"/"}
checkxlinkurl.template.feature:14 - 
org.apache.http.client.ClientProtocolException
20:15:05.007 [ForkJoinPool-1-worker-9] INFO  com.intuit.karate - [print]
20:15:05.007 [ForkJoinPool-1-worker-9] INFO  com.intuit.karate - [print] testing xlinkurl:I
20:15:05.007 [ForkJoinPool-1-worker-9] ERROR com.intuit.karate - org.apache.http.client.ClientProtocolException, http call failed after 0 milliseconds for URL: I
20:15:05.007 [ForkJoinPool-1-worker-9] ERROR com.intuit.karate - http request failed: 
org.apache.http.client.ClientProtocolException
20:15:05.007 [ForkJoinPool-1-worker-9] ERROR com.intuit.karate - feature call (loop) failed at index: 57
caller: classpath:InspireTest/ngr/datasetrecords/def/checkxlinkurl.template.feature
arg: {"link":"I"}
checkxlinkurl.template.feature:14 - 
org.apache.http.client.ClientProtocolException
20:15:05.008 [ForkJoinPool-1-worker-9] INFO  com.intuit.karate - [print]
20:15:05.008 [ForkJoinPool-1-worker-9] INFO  com.intuit.karate - [print] testing xlinkurl:S
20:15:05.008 [ForkJoinPool-1-worker-9] ERROR com.intuit.karate - org.apache.http.client.ClientProtocolException, http call failed after 0 milliseconds for URL: S
20:15:05.008 [ForkJoinPool-1-worker-9] ERROR com.intuit.karate - http request failed: 
org.apache.http.client.ClientProtocolException
20:15:05.008 [ForkJoinPool-1-worker-9] ERROR com.intuit.karate - feature call (loop) failed at index: 58
caller: classpath:InspireTest/ngr/datasetrecords/def/checkxlinkurl.template.feature
arg: {"link":"S"}
checkxlinkurl.template.feature:14 - 
org.apache.http.client.ClientProtocolException
20:15:05.009 [ForkJoinPool-1-worker-9] INFO  com.intuit.karate - [print]
20:15:05.009 [ForkJoinPool-1-worker-9] INFO  com.intuit.karate - [print] testing xlinkurl:O
20:15:05.009 [ForkJoinPool-1-worker-9] ERROR com.intuit.karate - org.apache.http.client.ClientProtocolException, http call failed after 0 milliseconds for URL: O
20:15:05.009 [ForkJoinPool-1-worker-9] ERROR com.intuit.karate - http request failed: 
org.apache.http.client.ClientProtocolException
20:15:05.009 [ForkJoinPool-1-worker-9] ERROR com.intuit.karate - feature call (loop) failed at index: 59
caller: classpath:InspireTest/ngr/datasetrecords/def/checkxlinkurl.template.feature
arg: {"link":"O"}
checkxlinkurl.template.feature:14 - 
org.apache.http.client.ClientProtocolException
20:15:05.010 [ForkJoinPool-1-worker-9] INFO  com.intuit.karate - [print]
20:15:05.010 [ForkJoinPool-1-worker-13] INFO  com.intuit.karate - [print]
20:15:05.010 [ForkJoinPool-1-worker-9] INFO  com.intuit.karate - [print] testing xlinkurl:_
20:15:05.010 [ForkJoinPool-1-worker-13] INFO  com.intuit.karate - [print] testing xlinkurl:http://services.rce.geovoorziening.nl/www/download/nl.xml
20:15:05.010 [ForkJoinPool-1-worker-9] ERROR com.intuit.karate - org.apache.http.client.ClientProtocolException, http call failed after 0 milliseconds for URL: _
20:15:05.011 [ForkJoinPool-1-worker-9] ERROR com.intuit.karate - http request failed: 
org.apache.http.client.ClientProtocolException
20:15:05.011 [ForkJoinPool-1-worker-9] ERROR com.intuit.karate - feature call (loop) failed at index: 60
caller: classpath:InspireTest/ngr/datasetrecords/def/checkxlinkurl.template.feature
arg: {"link":"_"}
checkxlinkurl.template.feature:14 - 
org.apache.http.client.ClientProtocolException
20:15:05.011 [ForkJoinPool-1-worker-9] INFO  com.intuit.karate - [print]
20:15:05.011 [ForkJoinPool-1-worker-9] INFO  com.intuit.karate - [print] testing xlinkurl:1
20:15:05.012 [ForkJoinPool-1-worker-9] ERROR com.intuit.karate - org.apache.http.client.ClientProtocolException, http call failed after 0 milliseconds for URL: 1
20:15:05.012 [ForkJoinPool-1-worker-9] ERROR com.intuit.karate - http request failed: 
org.apache.http.client.ClientProtocolException
20:15:05.012 [ForkJoinPool-1-worker-9] ERROR com.intuit.karate - feature call (loop) failed at index: 61
caller: classpath:InspireTest/ngr/datasetrecords/def/checkxlinkurl.template.feature
arg: {"link":"1"}
checkxlinkurl.template.feature:14 - 
org.apache.http.client.ClientProtocolException
20:15:05.014 [ForkJoinPool-1-worker-9] INFO  com.intuit.karate - [print]
20:15:05.014 [ForkJoinPool-1-worker-9] INFO  com.intuit.karate - [print] testing xlinkurl:9
20:15:05.015 [ForkJoinPool-1-worker-9] ERROR com.intuit.karate - org.apache.http.client.ClientProtocolException, http call failed after 0 milliseconds for URL: 9
20:15:05.015 [ForkJoinPool-1-worker-9] ERROR com.intuit.karate - http request failed: 
org.apache.http.client.ClientProtocolException
20:15:05.015 [ForkJoinPool-1-worker-9] ERROR com.intuit.karate - feature call (loop) failed at index: 62
caller: classpath:InspireTest/ngr/datasetrecords/def/checkxlinkurl.template.feature
arg: {"link":"9"}
checkxlinkurl.template.feature:14 - 
org.apache.http.client.ClientProtocolException
20:15:05.015 [ForkJoinPool-1-worker-9] INFO  com.intuit.karate - [print]
20:15:05.016 [ForkJoinPool-1-worker-9] INFO  com.intuit.karate - [print] testing xlinkurl:1
20:15:05.016 [ForkJoinPool-1-worker-9] ERROR com.intuit.karate - org.apache.http.client.ClientProtocolException, http call failed after 0 milliseconds for URL: 1
20:15:05.016 [ForkJoinPool-1-worker-9] ERROR com.intuit.karate - http request failed: 
org.apache.http.client.ClientProtocolException
20:15:05.016 [ForkJoinPool-1-worker-9] ERROR com.intuit.karate - feature call (loop) failed at index: 63
caller: classpath:InspireTest/ngr/datasetrecords/def/checkxlinkurl.template.feature
arg: {"link":"1"}
checkxlinkurl.template.feature:14 - 
org.apache.http.client.ClientProtocolException
20:15:05.016 [ForkJoinPool-1-worker-9] INFO  com.intuit.karate - [print]
20:15:05.017 [ForkJoinPool-1-worker-9] INFO  com.intuit.karate - [print] testing xlinkurl:3
20:15:05.021 [ForkJoinPool-1-worker-9] ERROR com.intuit.karate - org.apache.http.client.ClientProtocolException, http call failed after 0 milliseconds for URL: 3
20:15:05.022 [ForkJoinPool-1-worker-9] ERROR com.intuit.karate - http request failed: 
org.apache.http.client.ClientProtocolException
20:15:05.022 [ForkJoinPool-1-worker-9] ERROR com.intuit.karate - feature call (loop) failed at index: 64
caller: classpath:InspireTest/ngr/datasetrecords/def/checkxlinkurl.template.feature
arg: {"link":"3"}
checkxlinkurl.template.feature:14 - 
org.apache.http.client.ClientProtocolException
20:15:05.022 [ForkJoinPool-1-worker-9] INFO  com.intuit.karate - [print]
20:15:05.022 [ForkJoinPool-1-worker-9] INFO  com.intuit.karate - [print] testing xlinkurl:9
20:15:05.023 [ForkJoinPool-1-worker-9] ERROR com.intuit.karate - org.apache.http.client.ClientProtocolException, http call failed after 0 milliseconds for URL: 9
20:15:05.023 [ForkJoinPool-1-worker-9] ERROR com.intuit.karate - http request failed: 
org.apache.http.client.ClientProtocolException
20:15:05.023 [ForkJoinPool-1-worker-9] ERROR com.intuit.karate - feature call (loop) failed at index: 65
caller: classpath:InspireTest/ngr/datasetrecords/def/checkxlinkurl.template.feature
arg: {"link":"9"}
checkxlinkurl.template.feature:14 - 
org.apache.http.client.ClientProtocolException
20:15:05.023 [ForkJoinPool-1-worker-9] INFO  com.intuit.karate - [print]
20:15:05.024 [ForkJoinPool-1-worker-9] INFO  com.intuit.karate - [print] testing xlinkurl:_
20:15:05.024 [ForkJoinPool-1-worker-9] ERROR com.intuit.karate - org.apache.http.client.ClientProtocolException, http call failed after 0 milliseconds for URL: _
20:15:05.024 [ForkJoinPool-1-worker-9] ERROR com.intuit.karate - http request failed: 
org.apache.http.client.ClientProtocolException
20:15:05.024 [ForkJoinPool-1-worker-9] ERROR com.intuit.karate - feature call (loop) failed at index: 66
caller: classpath:InspireTest/ngr/datasetrecords/def/checkxlinkurl.template.feature
arg: {"link":"_"}
checkxlinkurl.template.feature:14 - 
org.apache.http.client.ClientProtocolException
20:15:05.024 [ForkJoinPool-1-worker-9] INFO  com.intuit.karate - [print]
20:15:05.025 [ForkJoinPool-1-worker-9] INFO  com.intuit.karate - [print] testing xlinkurl:S
20:15:05.025 [ForkJoinPool-1-worker-9] ERROR com.intuit.karate - org.apache.http.client.ClientProtocolException, http call failed after 0 milliseconds for URL: S
20:15:05.025 [ForkJoinPool-1-worker-9] ERROR com.intuit.karate - http request failed: 
org.apache.http.client.ClientProtocolException
20:15:05.025 [ForkJoinPool-1-worker-9] ERROR com.intuit.karate - feature call (loop) failed at index: 67
caller: classpath:InspireTest/ngr/datasetrecords/def/checkxlinkurl.template.feature
arg: {"link":"S"}
checkxlinkurl.template.feature:14 - 
org.apache.http.client.ClientProtocolException
20:15:05.026 [ForkJoinPool-1-worker-9] INFO  com.intuit.karate - [print]
20:15:05.026 [ForkJoinPool-1-worker-9] INFO  com.intuit.karate - [print] testing xlinkurl:c
20:15:05.026 [ForkJoinPool-1-worker-9] ERROR com.intuit.karate - org.apache.http.client.ClientProtocolException, http call failed after 0 milliseconds for URL: c
20:15:05.029 [ForkJoinPool-1-worker-9] ERROR com.intuit.karate - http request failed: 
org.apache.http.client.ClientProtocolException
20:15:05.029 [ForkJoinPool-1-worker-9] ERROR com.intuit.karate - feature call (loop) failed at index: 68
caller: classpath:InspireTest/ngr/datasetrecords/def/checkxlinkurl.template.feature
arg: {"link":"c"}
checkxlinkurl.template.feature:14 - 
org.apache.http.client.ClientProtocolException
20:15:05.030 [ForkJoinPool-1-worker-9] INFO  com.intuit.karate - [print]
20:15:05.030 [ForkJoinPool-1-worker-9] INFO  com.intuit.karate - [print] testing xlinkurl:h
20:15:05.030 [ForkJoinPool-1-worker-9] ERROR com.intuit.karate - org.apache.http.client.ClientProtocolException, http call failed after 0 milliseconds for URL: h
20:15:05.030 [ForkJoinPool-1-worker-9] ERROR com.intuit.karate - http request failed: 
org.apache.http.client.ClientProtocolException
20:15:05.030 [ForkJoinPool-1-worker-9] ERROR com.intuit.karate - feature call (loop) failed at index: 69
caller: classpath:InspireTest/ngr/datasetrecords/def/checkxlinkurl.template.feature
arg: {"link":"h"}
checkxlinkurl.template.feature:14 - 
org.apache.http.client.ClientProtocolException
20:15:05.031 [ForkJoinPool-1-worker-9] INFO  com.intuit.karate - [print]
20:15:05.031 [ForkJoinPool-1-worker-9] INFO  com.intuit.karate - [print] testing xlinkurl:e
20:15:05.031 [ForkJoinPool-1-worker-9] ERROR com.intuit.karate - org.apache.http.client.ClientProtocolException, http call failed after 0 milliseconds for URL: e
20:15:05.031 [ForkJoinPool-1-worker-9] ERROR com.intuit.karate - http request failed: 
org.apache.http.client.ClientProtocolException
20:15:05.031 [ForkJoinPool-1-worker-9] ERROR com.intuit.karate - feature call (loop) failed at index: 70
caller: classpath:InspireTest/ngr/datasetrecords/def/checkxlinkurl.template.feature
arg: {"link":"e"}
checkxlinkurl.template.feature:14 - 
org.apache.http.client.ClientProtocolException
20:15:05.032 [ForkJoinPool-1-worker-9] INFO  com.intuit.karate - [print]
20:15:05.032 [ForkJoinPool-1-worker-9] INFO  com.intuit.karate - [print] testing xlinkurl:m
20:15:05.032 [ForkJoinPool-1-worker-9] ERROR com.intuit.karate - org.apache.http.client.ClientProtocolException, http call failed after 0 milliseconds for URL: m
20:15:05.038 [ForkJoinPool-1-worker-9] ERROR com.intuit.karate - http request failed: 
org.apache.http.client.ClientProtocolException
20:15:05.038 [ForkJoinPool-1-worker-9] ERROR com.intuit.karate - feature call (loop) failed at index: 71
caller: classpath:InspireTest/ngr/datasetrecords/def/checkxlinkurl.template.feature
arg: {"link":"m"}
checkxlinkurl.template.feature:14 - 
org.apache.http.client.ClientProtocolException
20:15:05.038 [ForkJoinPool-1-worker-9] INFO  com.intuit.karate - [print]
20:15:05.039 [ForkJoinPool-1-worker-9] INFO  com.intuit.karate - [print] testing xlinkurl:a
20:15:05.039 [ForkJoinPool-1-worker-9] ERROR com.intuit.karate - org.apache.http.client.ClientProtocolException, http call failed after 0 milliseconds for URL: a
20:15:05.039 [ForkJoinPool-1-worker-9] ERROR com.intuit.karate - http request failed: 
org.apache.http.client.ClientProtocolException
20:15:05.039 [ForkJoinPool-1-worker-9] ERROR com.intuit.karate - feature call (loop) failed at index: 72
caller: classpath:InspireTest/ngr/datasetrecords/def/checkxlinkurl.template.feature
arg: {"link":"a"}
checkxlinkurl.template.feature:14 - 
org.apache.http.client.ClientProtocolException
20:15:05.039 [ForkJoinPool-1-worker-9] INFO  com.intuit.karate - [print]
20:15:05.039 [ForkJoinPool-1-worker-9] INFO  com.intuit.karate - [print] testing xlinkurl:s
20:15:05.040 [ForkJoinPool-1-worker-9] ERROR com.intuit.karate - org.apache.http.client.ClientProtocolException, http call failed after 0 milliseconds for URL: s
20:15:05.040 [ForkJoinPool-1-worker-9] ERROR com.intuit.karate - http request failed: 
org.apache.http.client.ClientProtocolException
20:15:05.040 [ForkJoinPool-1-worker-9] ERROR com.intuit.karate - feature call (loop) failed at index: 73
caller: classpath:InspireTest/ngr/datasetrecords/def/checkxlinkurl.template.feature
arg: {"link":"s"}
checkxlinkurl.template.feature:14 - 
org.apache.http.client.ClientProtocolException
20:15:05.040 [ForkJoinPool-1-worker-9] INFO  com.intuit.karate - [print]
20:15:05.040 [ForkJoinPool-1-worker-9] INFO  com.intuit.karate - [print] testing xlinkurl:/
20:15:05.041 [ForkJoinPool-1-worker-9] ERROR com.intuit.karate - org.apache.http.client.ClientProtocolException, http call failed after 0 milliseconds for URL: /
20:15:05.041 [ForkJoinPool-1-worker-9] ERROR com.intuit.karate - http request failed: 
org.apache.http.client.ClientProtocolException
20:15:05.041 [ForkJoinPool-1-worker-9] ERROR com.intuit.karate - feature call (loop) failed at index: 74
caller: classpath:InspireTest/ngr/datasetrecords/def/checkxlinkurl.template.feature
arg: {"link":"/"}
checkxlinkurl.template.feature:14 - 
org.apache.http.client.ClientProtocolException
20:15:05.041 [ForkJoinPool-1-worker-9] INFO  com.intuit.karate - [print]
20:15:05.041 [ForkJoinPool-1-worker-9] INFO  com.intuit.karate - [print] testing xlinkurl:r
20:15:05.042 [ForkJoinPool-1-worker-9] ERROR com.intuit.karate - org.apache.http.client.ClientProtocolException, http call failed after 0 milliseconds for URL: r
20:15:05.042 [ForkJoinPool-1-worker-9] ERROR com.intuit.karate - http request failed: 
org.apache.http.client.ClientProtocolException
20:15:05.042 [ForkJoinPool-1-worker-9] ERROR com.intuit.karate - feature call (loop) failed at index: 75
caller: classpath:InspireTest/ngr/datasetrecords/def/checkxlinkurl.template.feature
arg: {"link":"r"}
checkxlinkurl.template.feature:14 - 
org.apache.http.client.ClientProtocolException
20:15:05.044 [ForkJoinPool-1-worker-21] INFO  com.intuit.karate - [print]
20:15:05.044 [ForkJoinPool-1-worker-21] INFO  com.intuit.karate - [print] testing xlinkurl:https://creativecommons.org/publicdomain/mark/*/deed.nl
20:15:05.045 [ForkJoinPool-1-worker-9] INFO  com.intuit.karate - [print]
20:15:05.045 [ForkJoinPool-1-worker-9] INFO  com.intuit.karate - [print] testing xlinkurl:e
20:15:05.045 [ForkJoinPool-1-worker-9] ERROR com.intuit.karate - org.apache.http.client.ClientProtocolException, http call failed after 0 milliseconds for URL: e
20:15:05.045 [ForkJoinPool-1-worker-9] ERROR com.intuit.karate - http request failed: 
org.apache.http.client.ClientProtocolException
20:15:05.045 [ForkJoinPool-1-worker-9] ERROR com.intuit.karate - feature call (loop) failed at index: 76
caller: classpath:InspireTest/ngr/datasetrecords/def/checkxlinkurl.template.feature
arg: {"link":"e"}
checkxlinkurl.template.feature:14 - 
org.apache.http.client.ClientProtocolException
20:15:05.048 [ForkJoinPool-1-worker-9] INFO  com.intuit.karate - [print]
20:15:05.048 [ForkJoinPool-1-worker-9] INFO  com.intuit.karate - [print] testing xlinkurl:s
20:15:05.048 [ForkJoinPool-1-worker-9] ERROR com.intuit.karate - org.apache.http.client.ClientProtocolException, http call failed after 0 milliseconds for URL: s
20:15:05.048 [ForkJoinPool-1-worker-9] ERROR com.intuit.karate - http request failed: 
org.apache.http.client.ClientProtocolException
20:15:05.048 [ForkJoinPool-1-worker-9] ERROR com.intuit.karate - feature call (loop) failed at index: 77
caller: classpath:InspireTest/ngr/datasetrecords/def/checkxlinkurl.template.feature
arg: {"link":"s"}
checkxlinkurl.template.feature:14 - 
org.apache.http.client.ClientProtocolException
20:15:05.049 [ForkJoinPool-1-worker-9] INFO  com.intuit.karate - [print]
20:15:05.049 [ForkJoinPool-1-worker-9] INFO  com.intuit.karate - [print] testing xlinkurl:o
20:15:05.049 [ForkJoinPool-1-worker-9] ERROR com.intuit.karate - org.apache.http.client.ClientProtocolException, http call failed after 0 milliseconds for URL: o
20:15:05.050 [ForkJoinPool-1-worker-9] ERROR com.intuit.karate - http request failed: 
org.apache.http.client.ClientProtocolException
20:15:05.050 [ForkJoinPool-1-worker-9] ERROR com.intuit.karate - feature call (loop) failed at index: 78
caller: classpath:InspireTest/ngr/datasetrecords/def/checkxlinkurl.template.feature
arg: {"link":"o"}
checkxlinkurl.template.feature:14 - 
org.apache.http.client.ClientProtocolException
20:15:05.053 [ForkJoinPool-1-worker-9] INFO  com.intuit.karate - [print]
20:15:05.053 [ForkJoinPool-1-worker-9] INFO  com.intuit.karate - [print] testing xlinkurl:u
20:15:05.053 [ForkJoinPool-1-worker-9] ERROR com.intuit.karate - org.apache.http.client.ClientProtocolException, http call failed after 0 milliseconds for URL: u
20:15:05.053 [ForkJoinPool-1-worker-9] ERROR com.intuit.karate - http request failed: 
org.apache.http.client.ClientProtocolException
20:15:05.053 [ForkJoinPool-1-worker-9] ERROR com.intuit.karate - feature call (loop) failed at index: 79
caller: classpath:InspireTest/ngr/datasetrecords/def/checkxlinkurl.template.feature
arg: {"link":"u"}
checkxlinkurl.template.feature:14 - 
org.apache.http.client.ClientProtocolException
20:15:05.054 [ForkJoinPool-1-worker-9] INFO  com.intuit.karate - [print]
20:15:05.059 [ForkJoinPool-1-worker-9] INFO  com.intuit.karate - [print] testing xlinkurl:r
20:15:05.059 [ForkJoinPool-1-worker-9] ERROR com.intuit.karate - org.apache.http.client.ClientProtocolException, http call failed after 0 milliseconds for URL: r
20:15:05.059 [ForkJoinPool-1-worker-9] ERROR com.intuit.karate - http request failed: 
org.apache.http.client.ClientProtocolException
20:15:05.059 [ForkJoinPool-1-worker-9] ERROR com.intuit.karate - feature call (loop) failed at index: 80
caller: classpath:InspireTest/ngr/datasetrecords/def/checkxlinkurl.template.feature
arg: {"link":"r"}
checkxlinkurl.template.feature:14 - 
org.apache.http.client.ClientProtocolException
20:15:05.064 [ForkJoinPool-1-worker-9] INFO  com.intuit.karate - [print]
20:15:05.064 [ForkJoinPool-1-worker-9] INFO  com.intuit.karate - [print] testing xlinkurl:c
20:15:05.064 [ForkJoinPool-1-worker-9] ERROR com.intuit.karate - org.apache.http.client.ClientProtocolException, http call failed after 0 milliseconds for URL: c
20:15:05.064 [ForkJoinPool-1-worker-9] ERROR com.intuit.karate - http request failed: 
org.apache.http.client.ClientProtocolException
20:15:05.064 [ForkJoinPool-1-worker-9] ERROR com.intuit.karate - feature call (loop) failed at index: 81
caller: classpath:InspireTest/ngr/datasetrecords/def/checkxlinkurl.template.feature
arg: {"link":"c"}
checkxlinkurl.template.feature:14 - 
org.apache.http.client.ClientProtocolException
20:15:05.065 [ForkJoinPool-1-worker-9] INFO  com.intuit.karate - [print]
20:15:05.065 [ForkJoinPool-1-worker-9] INFO  com.intuit.karate - [print] testing xlinkurl:e
20:15:05.065 [ForkJoinPool-1-worker-9] ERROR com.intuit.karate - org.apache.http.client.ClientProtocolException, http call failed after 0 milliseconds for URL: e
20:15:05.065 [ForkJoinPool-1-worker-9] ERROR com.intuit.karate - http request failed: 
org.apache.http.client.ClientProtocolException
20:15:05.065 [ForkJoinPool-1-worker-9] ERROR com.intuit.karate - feature call (loop) failed at index: 82
caller: classpath:InspireTest/ngr/datasetrecords/def/checkxlinkurl.template.feature
arg: {"link":"e"}
checkxlinkurl.template.feature:14 - 
org.apache.http.client.ClientProtocolException
20:15:05.066 [ForkJoinPool-1-worker-9] INFO  com.intuit.karate - [print]
20:15:05.066 [ForkJoinPool-1-worker-9] INFO  com.intuit.karate - [print] testing xlinkurl:s
20:15:05.066 [ForkJoinPool-1-worker-9] ERROR com.intuit.karate - org.apache.http.client.ClientProtocolException, http call failed after 0 milliseconds for URL: s
20:15:05.070 [ForkJoinPool-1-worker-9] ERROR com.intuit.karate - http request failed: 
org.apache.http.client.ClientProtocolException
20:15:05.071 [ForkJoinPool-1-worker-9] ERROR com.intuit.karate - feature call (loop) failed at index: 83
caller: classpath:InspireTest/ngr/datasetrecords/def/checkxlinkurl.template.feature
arg: {"link":"s"}
checkxlinkurl.template.feature:14 - 
org.apache.http.client.ClientProtocolException
20:15:05.071 [ForkJoinPool-1-worker-9] INFO  com.intuit.karate - [print]
20:15:05.071 [ForkJoinPool-1-worker-9] INFO  com.intuit.karate - [print] testing xlinkurl:/
20:15:05.072 [ForkJoinPool-1-worker-9] ERROR com.intuit.karate - org.apache.http.client.ClientProtocolException, http call failed after 0 milliseconds for URL: /
20:15:05.072 [ForkJoinPool-1-worker-9] ERROR com.intuit.karate - http request failed: 
org.apache.http.client.ClientProtocolException
20:15:05.072 [ForkJoinPool-1-worker-9] ERROR com.intuit.karate - feature call (loop) failed at index: 84
caller: classpath:InspireTest/ngr/datasetrecords/def/checkxlinkurl.template.feature
arg: {"link":"/"}
checkxlinkurl.template.feature:14 - 
org.apache.http.client.ClientProtocolException
20:15:05.072 [ForkJoinPool-1-worker-9] INFO  com.intuit.karate - [print]
20:15:05.073 [ForkJoinPool-1-worker-9] INFO  com.intuit.karate - [print] testing xlinkurl:u
20:15:05.073 [ForkJoinPool-1-worker-9] ERROR com.intuit.karate - org.apache.http.client.ClientProtocolException, http call failed after 0 milliseconds for URL: u
20:15:05.073 [ForkJoinPool-1-worker-9] ERROR com.intuit.karate - http request failed: 
org.apache.http.client.ClientProtocolException
20:15:05.073 [ForkJoinPool-1-worker-9] ERROR com.intuit.karate - feature call (loop) failed at index: 85
caller: classpath:InspireTest/ngr/datasetrecords/def/checkxlinkurl.template.feature
arg: {"link":"u"}
checkxlinkurl.template.feature:14 - 
org.apache.http.client.ClientProtocolException
20:15:05.073 [ForkJoinPool-1-worker-9] INFO  com.intuit.karate - [print]
20:15:05.074 [ForkJoinPool-1-worker-9] INFO  com.intuit.karate - [print] testing xlinkurl:o
20:15:05.074 [ForkJoinPool-1-worker-9] ERROR com.intuit.karate - org.apache.http.client.ClientProtocolException, http call failed after 0 milliseconds for URL: o
20:15:05.074 [ForkJoinPool-1-worker-9] ERROR com.intuit.karate - http request failed: 
org.apache.http.client.ClientProtocolException
20:15:05.074 [ForkJoinPool-1-worker-9] ERROR com.intuit.karate - feature call (loop) failed at index: 86
caller: classpath:InspireTest/ngr/datasetrecords/def/checkxlinkurl.template.feature
arg: {"link":"o"}
checkxlinkurl.template.feature:14 - 
org.apache.http.client.ClientProtocolException
20:15:05.075 [ForkJoinPool-1-worker-9] INFO  com.intuit.karate - [print]
20:15:05.075 [ForkJoinPool-1-worker-9] INFO  com.intuit.karate - [print] testing xlinkurl:m
20:15:05.076 [ForkJoinPool-1-worker-9] ERROR com.intuit.karate - org.apache.http.client.ClientProtocolException, http call failed after 0 milliseconds for URL: m
20:15:05.076 [ForkJoinPool-1-worker-9] ERROR com.intuit.karate - http request failed: 
org.apache.http.client.ClientProtocolException
20:15:05.076 [ForkJoinPool-1-worker-9] ERROR com.intuit.karate - feature call (loop) failed at index: 87
caller: classpath:InspireTest/ngr/datasetrecords/def/checkxlinkurl.template.feature
arg: {"link":"m"}
checkxlinkurl.template.feature:14 - 
org.apache.http.client.ClientProtocolException
20:15:05.081 [ForkJoinPool-1-worker-9] INFO  com.intuit.karate - [print]
20:15:05.081 [ForkJoinPool-1-worker-9] INFO  com.intuit.karate - [print] testing xlinkurl:/
20:15:05.082 [ForkJoinPool-1-worker-9] ERROR com.intuit.karate - org.apache.http.client.ClientProtocolException, http call failed after 0 milliseconds for URL: /
20:15:05.082 [ForkJoinPool-1-worker-9] ERROR com.intuit.karate - http request failed: 
org.apache.http.client.ClientProtocolException
20:15:05.082 [ForkJoinPool-1-worker-9] ERROR com.intuit.karate - feature call (loop) failed at index: 88
caller: classpath:InspireTest/ngr/datasetrecords/def/checkxlinkurl.template.feature
arg: {"link":"/"}
checkxlinkurl.template.feature:14 - 
org.apache.http.client.ClientProtocolException
20:15:05.082 [ForkJoinPool-1-worker-9] INFO  com.intuit.karate - [print]
20:15:05.083 [ForkJoinPool-1-worker-9] INFO  com.intuit.karate - [print] testing xlinkurl:g
20:15:05.083 [ForkJoinPool-1-worker-9] ERROR com.intuit.karate - org.apache.http.client.ClientProtocolException, http call failed after 0 milliseconds for URL: g
20:15:05.083 [ForkJoinPool-1-worker-9] ERROR com.intuit.karate - http request failed: 
org.apache.http.client.ClientProtocolException
20:15:05.083 [ForkJoinPool-1-worker-9] ERROR com.intuit.karate - feature call (loop) failed at index: 89
caller: classpath:InspireTest/ngr/datasetrecords/def/checkxlinkurl.template.feature
arg: {"link":"g"}
checkxlinkurl.template.feature:14 - 
org.apache.http.client.ClientProtocolException
20:15:05.083 [ForkJoinPool-1-worker-9] INFO  com.intuit.karate - [print]
20:15:05.084 [ForkJoinPool-1-worker-9] INFO  com.intuit.karate - [print] testing xlinkurl:m
20:15:05.084 [ForkJoinPool-1-worker-9] ERROR com.intuit.karate - org.apache.http.client.ClientProtocolException, http call failed after 0 milliseconds for URL: m
20:15:05.084 [ForkJoinPool-1-worker-9] ERROR com.intuit.karate - http request failed: 
org.apache.http.client.ClientProtocolException
20:15:05.084 [ForkJoinPool-1-worker-9] ERROR com.intuit.karate - feature call (loop) failed at index: 90
caller: classpath:InspireTest/ngr/datasetrecords/def/checkxlinkurl.template.feature
arg: {"link":"m"}
checkxlinkurl.template.feature:14 - 
org.apache.http.client.ClientProtocolException
20:15:05.085 [ForkJoinPool-1-worker-9] INFO  com.intuit.karate - [print]
20:15:05.085 [ForkJoinPool-1-worker-9] INFO  com.intuit.karate - [print] testing xlinkurl:x
20:15:05.085 [ForkJoinPool-1-worker-9] ERROR com.intuit.karate - org.apache.http.client.ClientProtocolException, http call failed after 0 milliseconds for URL: x
20:15:05.085 [ForkJoinPool-1-worker-9] ERROR com.intuit.karate - http request failed: 
org.apache.http.client.ClientProtocolException
20:15:05.085 [ForkJoinPool-1-worker-9] ERROR com.intuit.karate - feature call (loop) failed at index: 91
caller: classpath:InspireTest/ngr/datasetrecords/def/checkxlinkurl.template.feature
arg: {"link":"x"}
checkxlinkurl.template.feature:14 - 
org.apache.http.client.ClientProtocolException
20:15:05.086 [ForkJoinPool-1-worker-9] INFO  com.intuit.karate - [print]
20:15:05.086 [ForkJoinPool-1-worker-9] INFO  com.intuit.karate - [print] testing xlinkurl:U
20:15:05.090 [ForkJoinPool-1-worker-21] ERROR com.intuit.karate - status code was: 404, expected: 200, response time: 45, url: https://creativecommons.org/publicdomain/mark/*/deed.nl, response: 
20:15:05.090 [ForkJoinPool-1-worker-21] ERROR com.intuit.karate - feature call (loop) failed at index: 2
caller: classpath:InspireTest/ngr/datasetrecords/def/checkxlinkurl.template.feature
arg: {"link":"https://creativecommons.org/publicdomain/mark/*/deed.nl"}
checkxlinkurl.template.feature:15 - status code was: 404, expected: 200, response time: 45, url: https://creativecommons.org/publicdomain/mark/*/deed.nl, response: 
20:15:05.090 [ForkJoinPool-1-worker-21] INFO  com.intuit.karate - [print]
20:15:05.091 [ForkJoinPool-1-worker-21] INFO  com.intuit.karate - [print] testing xlinkurl:
20:15:05.091 [ForkJoinPool-1-worker-21] ERROR com.intuit.karate - org.apache.http.client.ClientProtocolException, http call failed after 0 milliseconds for URL: 
20:15:05.091 [ForkJoinPool-1-worker-21] ERROR com.intuit.karate - http request failed: 
org.apache.http.client.ClientProtocolException
20:15:05.091 [ForkJoinPool-1-worker-21] ERROR com.intuit.karate - feature call (loop) failed at index: 3
caller: classpath:InspireTest/ngr/datasetrecords/def/checkxlinkurl.template.feature
arg: {"link":""}
checkxlinkurl.template.feature:14 - 
org.apache.http.client.ClientProtocolException
20:15:05.095 [ForkJoinPool-1-worker-9] ERROR com.intuit.karate - org.apache.http.client.ClientProtocolException, http call failed after 0 milliseconds for URL: U
20:15:05.095 [ForkJoinPool-1-worker-9] ERROR com.intuit.karate - http request failed: 
org.apache.http.client.ClientProtocolException
20:15:05.095 [ForkJoinPool-1-worker-9] ERROR com.intuit.karate - feature call (loop) failed at index: 92
caller: classpath:InspireTest/ngr/datasetrecords/def/checkxlinkurl.template.feature
arg: {"link":"U"}
checkxlinkurl.template.feature:14 - 
org.apache.http.client.ClientProtocolException
20:15:05.096 [ForkJoinPool-1-worker-9] INFO  com.intuit.karate - [print]
20:15:05.100 [ForkJoinPool-1-worker-9] INFO  com.intuit.karate - [print] testing xlinkurl:o
20:15:05.101 [ForkJoinPool-1-worker-9] ERROR com.intuit.karate - org.apache.http.client.ClientProtocolException, http call failed after 0 milliseconds for URL: o
20:15:05.101 [ForkJoinPool-1-worker-9] ERROR com.intuit.karate - http request failed: 
org.apache.http.client.ClientProtocolException
20:15:05.101 [ForkJoinPool-1-worker-9] ERROR com.intuit.karate - feature call (loop) failed at index: 93
caller: classpath:InspireTest/ngr/datasetrecords/def/checkxlinkurl.template.feature
arg: {"link":"o"}
checkxlinkurl.template.feature:14 - 
org.apache.http.client.ClientProtocolException
20:15:05.101 [ForkJoinPool-1-worker-9] INFO  com.intuit.karate - [print]
20:15:05.101 [ForkJoinPool-1-worker-9] INFO  com.intuit.karate - [print] testing xlinkurl:m
20:15:05.102 [ForkJoinPool-1-worker-9] ERROR com.intuit.karate - org.apache.http.client.ClientProtocolException, http call failed after 0 milliseconds for URL: m
20:15:05.102 [ForkJoinPool-1-worker-9] ERROR com.intuit.karate - http request failed: 
org.apache.http.client.ClientProtocolException
20:15:05.102 [ForkJoinPool-1-worker-9] ERROR com.intuit.karate - feature call (loop) failed at index: 94
caller: classpath:InspireTest/ngr/datasetrecords/def/checkxlinkurl.template.feature
arg: {"link":"m"}
checkxlinkurl.template.feature:14 - 
org.apache.http.client.ClientProtocolException
20:15:05.102 [ForkJoinPool-1-worker-9] INFO  com.intuit.karate - [print]
20:15:05.103 [ForkJoinPool-1-worker-9] INFO  com.intuit.karate - [print] testing xlinkurl:.
20:15:05.103 [ForkJoinPool-1-worker-9] ERROR com.intuit.karate - org.apache.http.client.ClientProtocolException, http call failed after 0 milliseconds for URL: .
20:15:05.103 [ForkJoinPool-1-worker-9] ERROR com.intuit.karate - http request failed: 
org.apache.http.client.ClientProtocolException
20:15:05.103 [ForkJoinPool-1-worker-9] ERROR com.intuit.karate - feature call (loop) failed at index: 95
caller: classpath:InspireTest/ngr/datasetrecords/def/checkxlinkurl.template.feature
arg: {"link":"."}
checkxlinkurl.template.feature:14 - 
org.apache.http.client.ClientProtocolException
20:15:05.105 [ForkJoinPool-1-worker-9] INFO  com.intuit.karate - [print]
20:15:05.105 [ForkJoinPool-1-worker-9] INFO  com.intuit.karate - [print] testing xlinkurl:x
20:15:05.105 [ForkJoinPool-1-worker-9] ERROR com.intuit.karate - org.apache.http.client.ClientProtocolException, http call failed after 0 milliseconds for URL: x
20:15:05.105 [ForkJoinPool-1-worker-9] ERROR com.intuit.karate - http request failed: 
org.apache.http.client.ClientProtocolException
20:15:05.106 [ForkJoinPool-1-worker-9] ERROR com.intuit.karate - feature call (loop) failed at index: 96
caller: classpath:InspireTest/ngr/datasetrecords/def/checkxlinkurl.template.feature
arg: {"link":"x"}
checkxlinkurl.template.feature:14 - 
org.apache.http.client.ClientProtocolException
20:15:05.107 [ForkJoinPool-1-worker-9] INFO  com.intuit.karate - [print]
20:15:05.112 [ForkJoinPool-1-worker-9] INFO  com.intuit.karate - [print] testing xlinkurl:m
20:15:05.113 [ForkJoinPool-1-worker-9] ERROR com.intuit.karate - org.apache.http.client.ClientProtocolException, http call failed after 0 milliseconds for URL: m
20:15:05.113 [ForkJoinPool-1-worker-9] ERROR com.intuit.karate - http request failed: 
org.apache.http.client.ClientProtocolException
20:15:05.113 [ForkJoinPool-1-worker-9] ERROR com.intuit.karate - feature call (loop) failed at index: 97
caller: classpath:InspireTest/ngr/datasetrecords/def/checkxlinkurl.template.feature
arg: {"link":"m"}
checkxlinkurl.template.feature:14 - 
org.apache.http.client.ClientProtocolException
20:15:05.113 [ForkJoinPool-1-worker-9] INFO  com.intuit.karate - [print]
20:15:05.114 [ForkJoinPool-1-worker-9] INFO  com.intuit.karate - [print] testing xlinkurl:l
20:15:05.119 [ForkJoinPool-1-worker-9] ERROR com.intuit.karate - org.apache.http.client.ClientProtocolException, http call failed after 0 milliseconds for URL: l
20:15:05.119 [ForkJoinPool-1-worker-9] ERROR com.intuit.karate - http request failed: 
org.apache.http.client.ClientProtocolException
20:15:05.119 [ForkJoinPool-1-worker-9] ERROR com.intuit.karate - feature call (loop) failed at index: 98
caller: classpath:InspireTest/ngr/datasetrecords/def/checkxlinkurl.template.feature
arg: {"link":"l"}
checkxlinkurl.template.feature:14 - 
org.apache.http.client.ClientProtocolException
20:15:05.120 [ForkJoinPool-1-worker-9] INFO  com.intuit.karate - [print]
20:15:05.120 [ForkJoinPool-1-worker-9] INFO  com.intuit.karate - [print] testing xlinkurl:#
20:15:05.120 [ForkJoinPool-1-worker-9] ERROR com.intuit.karate - org.apache.http.client.ClientProtocolException, http call failed after 0 milliseconds for URL: #
20:15:05.120 [ForkJoinPool-1-worker-9] ERROR com.intuit.karate - http request failed: 
org.apache.http.client.ClientProtocolException
20:15:05.120 [ForkJoinPool-1-worker-9] ERROR com.intuit.karate - feature call (loop) failed at index: 99
caller: classpath:InspireTest/ngr/datasetrecords/def/checkxlinkurl.template.feature
arg: {"link":"#"}
checkxlinkurl.template.feature:14 - 
org.apache.http.client.ClientProtocolException
20:15:05.121 [ForkJoinPool-1-worker-9] INFO  com.intuit.karate - [print]
20:15:05.121 [ForkJoinPool-1-worker-9] INFO  com.intuit.karate - [print] testing xlinkurl:m
20:15:05.121 [ForkJoinPool-1-worker-9] ERROR com.intuit.karate - org.apache.http.client.ClientProtocolException, http call failed after 0 milliseconds for URL: m
20:15:05.121 [ForkJoinPool-1-worker-9] ERROR com.intuit.karate - http request failed: 
org.apache.http.client.ClientProtocolException
20:15:05.122 [ForkJoinPool-1-worker-9] ERROR com.intuit.karate - feature call (loop) failed at index: 100
caller: classpath:InspireTest/ngr/datasetrecords/def/checkxlinkurl.template.feature
arg: {"link":"m"}
checkxlinkurl.template.feature:14 - 
org.apache.http.client.ClientProtocolException
20:15:05.135 [ForkJoinPool-1-worker-27] INFO  com.intuit.karate - [print] title:Wet Ammoniak en Veehouderij gebieden
20:15:05.135 [ForkJoinPool-1-worker-27] INFO  com.intuit.karate - [print] Wet Ammoniak en Veehouderij gebieden
20:15:05.138 [ForkJoinPool-1-worker-27] INFO  com.intuit.karate - [print] [
  "http://www.opengis.net/def/crs/EPSG/0/http://www.opengis.net/def/crs/EPSG/0/3034",
  "http://nationaalgeoregister.nl/geonetwork/srv/dut/csw?SERVICE=CSW&version=2.0.2&REQUEST=GetRecordById&elementSetName=full&OutputSchema=http://www.isotc211.org/2005/gmd&ID=998ba1dc-f6a6-49a3-a021-51f30d9b1d0e",
  "https://creativecommons.org/publicdomain/mark/*/deed.nl",
  ""
]

20:15:05.146 [ForkJoinPool-1-worker-27] INFO  com.intuit.karate - [print]
20:15:05.146 [ForkJoinPool-1-worker-27] INFO  com.intuit.karate - [print] testing xlinkurl:http://www.opengis.net/def/crs/EPSG/0/http://www.opengis.net/def/crs/EPSG/0/3034
20:15:05.192 [ForkJoinPool-1-worker-31] INFO  com.intuit.karate - [print] title:Kaderrichtlijn Water - Stroomgebieddistricten Nederland 2019 vlakken
20:15:05.192 [ForkJoinPool-1-worker-31] INFO  com.intuit.karate - [print] Kaderrichtlijn Water - Stroomgebieddistricten Nederland 2019 vlakken
20:15:05.194 [ForkJoinPool-1-worker-31] INFO  com.intuit.karate - [print] [
  "https://www.nationaalgeoregister.nl/geonetwork/srv/dut/catalog.search#/metadata/krw-f7bb2351-9788-42ea-a58b-a5ee1842304e",
  "http://rdfdata.eionet.europa.eu/inspirethemes/themes/24",
  "https://ngr.geocat.live/geonetwork/srv/eng/thesaurus.download?ref=external.theme.httpinspireeceuropaeumetadatacodelistPrioritydataset-Prioritydataset",
  "urn:ogc:def:crs:EPSG::5709"
]

20:15:05.201 [ForkJoinPool-1-worker-31] INFO  com.intuit.karate - [print]
20:15:05.202 [ForkJoinPool-1-worker-31] INFO  com.intuit.karate - [print] testing xlinkurl:https://www.nationaalgeoregister.nl/geonetwork/srv/dut/catalog.search#/metadata/krw-f7bb2351-9788-42ea-a58b-a5ee1842304e
20:15:05.232 [ForkJoinPool-1-worker-17] INFO  com.intuit.karate - [print] title:Geografische Namen (Nat) - Nederland
20:15:05.232 [ForkJoinPool-1-worker-17] INFO  com.intuit.karate - [print] Geografische Namen (Nat) - Nederland
20:15:05.233 [ForkJoinPool-1-worker-17] INFO  com.intuit.karate - [print] [
  "https://ngr.acceptatie.nationaalgeoregister.nl/geonetwork/srv/resources34e95842-4e4e-46de-9198-79e8cd4d30dc"
]

20:15:05.237 [ForkJoinPool-1-worker-17] INFO  com.intuit.karate - [print]
20:15:05.244 [ForkJoinPool-1-worker-17] INFO  com.intuit.karate - [print] testing xlinkurl:https://ngr.acceptatie.nationaalgeoregister.nl/geonetwork/srv/resources34e95842-4e4e-46de-9198-79e8cd4d30dc
20:15:05.315 [ForkJoinPool-1-worker-23] ERROR com.intuit.karate - status code was: 500, expected: 200, response time: 735, url: https://www.nationaalgeoregister.nl/geonetwork/srv/eng/thesaurus.download?ref=external.theme.inspire-theme, response: 
20:15:05.315 [ForkJoinPool-1-worker-23] ERROR com.intuit.karate - feature call (loop) failed at index: 2
caller: classpath:InspireTest/ngr/datasetrecords/def/checkxlinkurl.template.feature
arg: {"link":"https://www.nationaalgeoregister.nl/geonetwork/srv/eng/thesaurus.download?ref=external.theme.inspire-theme"}
checkxlinkurl.template.feature:15 - status code was: 500, expected: 200, response time: 735, url: https://www.nationaalgeoregister.nl/geonetwork/srv/eng/thesaurus.download?ref=external.theme.inspire-theme, response: 
20:15:05.319 [ForkJoinPool-1-worker-3] INFO  com.intuit.karate - [print]
20:15:05.319 [ForkJoinPool-1-worker-3] INFO  com.intuit.karate - [print] testing xlinkurl:https://creativecommons.org/publicdomain/mark/*/deed.nl
20:15:05.328 [ForkJoinPool-1-worker-19] INFO  com.intuit.karate - [print] title:Human Health NL NUTS2
20:15:05.334 [ForkJoinPool-1-worker-19] INFO  com.intuit.karate - [print] Human Health NL NUTS2
20:15:05.337 [ForkJoinPool-1-worker-19] INFO  com.intuit.karate - [print] [
  "https://www.iana.org/assignments/media-types/application/xml",
  "https://www.iana.org/assignments/media-types/application/xml"
]

20:15:05.347 [ForkJoinPool-1-worker-19] INFO  com.intuit.karate - [print]
20:15:05.348 [ForkJoinPool-1-worker-19] INFO  com.intuit.karate - [print] testing xlinkurl:https://www.iana.org/assignments/media-types/application/xml
20:15:05.357 [ForkJoinPool-1-worker-3] ERROR com.intuit.karate - status code was: 404, expected: 200, response time: 37, url: https://creativecommons.org/publicdomain/mark/*/deed.nl, response: 
20:15:05.357 [ForkJoinPool-1-worker-3] ERROR com.intuit.karate - feature call (loop) failed at index: 2
caller: classpath:InspireTest/ngr/datasetrecords/def/checkxlinkurl.template.feature
arg: {"link":"https://creativecommons.org/publicdomain/mark/*/deed.nl"}
checkxlinkurl.template.feature:15 - status code was: 404, expected: 200, response time: 37, url: https://creativecommons.org/publicdomain/mark/*/deed.nl, response: 
20:15:05.358 [ForkJoinPool-1-worker-3] INFO  com.intuit.karate - [print]
20:15:05.358 [ForkJoinPool-1-worker-3] INFO  com.intuit.karate - [print] testing xlinkurl:
20:15:05.358 [ForkJoinPool-1-worker-3] ERROR com.intuit.karate - org.apache.http.client.ClientProtocolException, http call failed after 0 milliseconds for URL: 
20:15:05.358 [ForkJoinPool-1-worker-3] ERROR com.intuit.karate - http request failed: 
org.apache.http.client.ClientProtocolException
20:15:05.358 [ForkJoinPool-1-worker-3] ERROR com.intuit.karate - feature call (loop) failed at index: 3
caller: classpath:InspireTest/ngr/datasetrecords/def/checkxlinkurl.template.feature
arg: {"link":""}
checkxlinkurl.template.feature:14 - 
org.apache.http.client.ClientProtocolException
20:15:05.445 [ForkJoinPool-1-worker-27] INFO  com.intuit.karate - [print]
20:15:05.446 [ForkJoinPool-1-worker-27] INFO  com.intuit.karate - [print] testing xlinkurl:http://nationaalgeoregister.nl/geonetwork/srv/dut/csw?SERVICE=CSW&version=2.0.2&REQUEST=GetRecordById&elementSetName=full&OutputSchema=http://www.isotc211.org/2005/gmd&ID=998ba1dc-f6a6-49a3-a021-51f30d9b1d0e
20:15:05.461 [ForkJoinPool-1-worker-5] INFO  com.intuit.karate - [print]
20:15:05.461 [ForkJoinPool-1-worker-5] INFO  com.intuit.karate - [print] testing xlinkurl:http://rdfdata.eionet.europa.eu/inspirethemes/themes/20
20:15:05.527 [ForkJoinPool-1-worker-19] INFO  com.intuit.karate - [print]
20:15:05.527 [ForkJoinPool-1-worker-19] INFO  com.intuit.karate - [print] testing xlinkurl:https://www.iana.org/assignments/media-types/application/xml
20:15:05.529 [ForkJoinPool-1-worker-17] ERROR com.intuit.karate - status code was: 404, expected: 200, response time: 284, url: https://ngr.acceptatie.nationaalgeoregister.nl/geonetwork/srv/resources34e95842-4e4e-46de-9198-79e8cd4d30dc, response: 
20:15:05.529 [ForkJoinPool-1-worker-17] ERROR com.intuit.karate - feature call (loop) failed at index: 0
caller: classpath:InspireTest/ngr/datasetrecords/def/checkxlinkurl.template.feature
arg: {"link":"https://ngr.acceptatie.nationaalgeoregister.nl/geonetwork/srv/resources34e95842-4e4e-46de-9198-79e8cd4d30dc"}
checkxlinkurl.template.feature:15 - status code was: 404, expected: 200, response time: 284, url: https://ngr.acceptatie.nationaalgeoregister.nl/geonetwork/srv/resources34e95842-4e4e-46de-9198-79e8cd4d30dc, response: 
20:15:05.551 [ForkJoinPool-1-worker-31] INFO  com.intuit.karate - [print]
20:15:05.552 [ForkJoinPool-1-worker-31] INFO  com.intuit.karate - [print] testing xlinkurl:http://rdfdata.eionet.europa.eu/inspirethemes/themes/24
20:15:05.665 [ForkJoinPool-1-worker-5] ERROR com.intuit.karate - status code was: 404, expected: 200, response time: 204, url: http://rdfdata.eionet.europa.eu/inspirethemes/themes/20, response: 
20:15:05.665 [ForkJoinPool-1-worker-5] ERROR com.intuit.karate - feature call (loop) failed at index: 1
caller: classpath:InspireTest/ngr/datasetrecords/def/checkxlinkurl.template.feature
arg: {"link":"http://rdfdata.eionet.europa.eu/inspirethemes/themes/20"}
checkxlinkurl.template.feature:15 - status code was: 404, expected: 200, response time: 204, url: http://rdfdata.eionet.europa.eu/inspirethemes/themes/20, response: 
20:15:05.667 [ForkJoinPool-1-worker-5] INFO  com.intuit.karate - [print]
20:15:05.668 [ForkJoinPool-1-worker-5] INFO  com.intuit.karate - [print] testing xlinkurl:http://rdfdata.eionet.europa.eu/inspirethemes/themes/28
20:15:05.752 [ForkJoinPool-1-worker-31] ERROR com.intuit.karate - status code was: 404, expected: 200, response time: 200, url: http://rdfdata.eionet.europa.eu/inspirethemes/themes/24, response: 
20:15:05.752 [ForkJoinPool-1-worker-31] ERROR com.intuit.karate - feature call (loop) failed at index: 1
caller: classpath:InspireTest/ngr/datasetrecords/def/checkxlinkurl.template.feature
arg: {"link":"http://rdfdata.eionet.europa.eu/inspirethemes/themes/24"}
checkxlinkurl.template.feature:15 - status code was: 404, expected: 200, response time: 200, url: http://rdfdata.eionet.europa.eu/inspirethemes/themes/24, response: 
20:15:05.753 [ForkJoinPool-1-worker-31] INFO  com.intuit.karate - [print]
20:15:05.753 [ForkJoinPool-1-worker-21] INFO  com.intuit.karate - [print] title:Population Distribution NL
20:15:05.753 [ForkJoinPool-1-worker-31] INFO  com.intuit.karate - [print] testing xlinkurl:https://ngr.geocat.live/geonetwork/srv/eng/thesaurus.download?ref=external.theme.httpinspireeceuropaeumetadatacodelistPrioritydataset-Prioritydataset
20:15:05.753 [ForkJoinPool-1-worker-21] INFO  com.intuit.karate - [print] Population Distribution NL
20:15:05.756 [ForkJoinPool-1-worker-21] INFO  com.intuit.karate - [print] [
  "https://www.iana.org/assignments/media-types/application/xml",
  "https://www.iana.org/assignments/media-types/application/xml",
  "https://www.iana.org/assignments/media-types/application/xml"
]

20:15:05.759 [ForkJoinPool-1-worker-21] INFO  com.intuit.karate - [print]
20:15:05.760 [ForkJoinPool-1-worker-21] INFO  com.intuit.karate - [print] testing xlinkurl:https://www.iana.org/assignments/media-types/application/xml
20:15:05.861 [ForkJoinPool-1-worker-9] INFO  com.intuit.karate - [print] title:Wijk- en Buurtkaart 2019 versie 1
20:15:05.861 [ForkJoinPool-1-worker-9] INFO  com.intuit.karate - [print] Wijk- en Buurtkaart 2019 versie 1
20:15:05.863 [ForkJoinPool-1-worker-9] INFO  com.intuit.karate - [print] [
  ""
]

20:15:05.868 [ForkJoinPool-1-worker-5] ERROR com.intuit.karate - status code was: 404, expected: 200, response time: 200, url: http://rdfdata.eionet.europa.eu/inspirethemes/themes/28, response: 
20:15:05.868 [ForkJoinPool-1-worker-5] ERROR com.intuit.karate - feature call (loop) failed at index: 2
caller: classpath:InspireTest/ngr/datasetrecords/def/checkxlinkurl.template.feature
arg: {"link":"http://rdfdata.eionet.europa.eu/inspirethemes/themes/28"}
checkxlinkurl.template.feature:15 - status code was: 404, expected: 200, response time: 200, url: http://rdfdata.eionet.europa.eu/inspirethemes/themes/28, response: 
20:15:05.868 [ForkJoinPool-1-worker-9] INFO  com.intuit.karate - [print]
20:15:05.869 [ForkJoinPool-1-worker-9] INFO  com.intuit.karate - [print] testing xlinkurl:
20:15:05.869 [ForkJoinPool-1-worker-9] ERROR com.intuit.karate - org.apache.http.client.ClientProtocolException, http call failed after 0 milliseconds for URL: 
20:15:05.869 [ForkJoinPool-1-worker-5] INFO  com.intuit.karate - [print]
20:15:05.869 [ForkJoinPool-1-worker-9] ERROR com.intuit.karate - http request failed: 
org.apache.http.client.ClientProtocolException
20:15:05.869 [ForkJoinPool-1-worker-9] ERROR com.intuit.karate - feature call (loop) failed at index: 0
caller: classpath:InspireTest/ngr/datasetrecords/def/checkxlinkurl.template.feature
arg: {"link":""}
checkxlinkurl.template.feature:14 - 
org.apache.http.client.ClientProtocolException
20:15:05.869 [ForkJoinPool-1-worker-5] INFO  com.intuit.karate - [print] testing xlinkurl:urn:ogc:def:crs:EPSG::5709
20:15:05.869 [ForkJoinPool-1-worker-5] ERROR com.intuit.karate - org.apache.http.client.ClientProtocolException: URI does not specify a valid host name: urn:ogc:def:crs:EPSG::5709, http call failed after 0 milliseconds for URL: urn:ogc:def:crs:EPSG::5709
20:15:05.869 [ForkJoinPool-1-worker-5] ERROR com.intuit.karate - http request failed: 
org.apache.http.client.ClientProtocolException: URI does not specify a valid host name: urn:ogc:def:crs:EPSG::5709
20:15:05.869 [ForkJoinPool-1-worker-5] ERROR com.intuit.karate - feature call (loop) failed at index: 3
caller: classpath:InspireTest/ngr/datasetrecords/def/checkxlinkurl.template.feature
arg: {"link":"urn:ogc:def:crs:EPSG::5709"}
checkxlinkurl.template.feature:14 - 
org.apache.http.client.ClientProtocolException: URI does not specify a valid host name: urn:ogc:def:crs:EPSG::5709
20:15:05.941 [ForkJoinPool-1-worker-21] INFO  com.intuit.karate - [print]
20:15:05.941 [ForkJoinPool-1-worker-21] INFO  com.intuit.karate - [print] testing xlinkurl:https://www.iana.org/assignments/media-types/application/xml
20:15:05.983 [ForkJoinPool-1-worker-13] INFO  com.intuit.karate - [print] title:Provinciale monumenten
20:15:05.983 [ForkJoinPool-1-worker-13] INFO  com.intuit.karate - [print] Provinciale monumenten
20:15:05.985 [ForkJoinPool-1-worker-13] INFO  com.intuit.karate - [print] [
  "http://www.opengis.net/def/crs/EPSG/0/http://www.opengis.net/def/crs/EPSG/0/3034",
  "http://nationaalgeoregister.nl/geonetwork/srv/dut/csw?SERVICE=CSW&version=2.0.2&REQUEST=GetRecordById&elementSetName=full&OutputSchema=http://www.isotc211.org/2005/gmd&ID=ca94a0cb-7561-4a10-a7d6-b840e56c33ff",
  "https://creativecommons.org/publicdomain/mark/*/deed.nl",
  ""
]

20:15:05.989 [ForkJoinPool-1-worker-13] INFO  com.intuit.karate - [print]
20:15:05.990 [ForkJoinPool-1-worker-13] INFO  com.intuit.karate - [print] testing xlinkurl:http://www.opengis.net/def/crs/EPSG/0/http://www.opengis.net/def/crs/EPSG/0/3034
20:15:06.081 [ForkJoinPool-1-worker-31] ERROR com.intuit.karate - status code was: 500, expected: 200, response time: 327, url: https://ngr.geocat.live/geonetwork/srv/eng/thesaurus.download?ref=external.theme.httpinspireeceuropaeumetadatacodelistPrioritydataset-Prioritydataset, response: 
20:15:06.081 [ForkJoinPool-1-worker-31] ERROR com.intuit.karate - feature call (loop) failed at index: 2
caller: classpath:InspireTest/ngr/datasetrecords/def/checkxlinkurl.template.feature
arg: {"link":"https://ngr.geocat.live/geonetwork/srv/eng/thesaurus.download?ref=external.theme.httpinspireeceuropaeumetadatacodelistPrioritydataset-Prioritydataset"}
checkxlinkurl.template.feature:15 - status code was: 500, expected: 200, response time: 327, url: https://ngr.geocat.live/geonetwork/srv/eng/thesaurus.download?ref=external.theme.httpinspireeceuropaeumetadatacodelistPrioritydataset-Prioritydataset, response: 
20:15:06.083 [ForkJoinPool-1-worker-31] INFO  com.intuit.karate - [print]
20:15:06.083 [ForkJoinPool-1-worker-31] INFO  com.intuit.karate - [print] testing xlinkurl:urn:ogc:def:crs:EPSG::5709
20:15:06.083 [ForkJoinPool-1-worker-31] ERROR com.intuit.karate - org.apache.http.client.ClientProtocolException: URI does not specify a valid host name: urn:ogc:def:crs:EPSG::5709, http call failed after 0 milliseconds for URL: urn:ogc:def:crs:EPSG::5709
20:15:06.083 [ForkJoinPool-1-worker-31] ERROR com.intuit.karate - http request failed: 
org.apache.http.client.ClientProtocolException: URI does not specify a valid host name: urn:ogc:def:crs:EPSG::5709
20:15:06.083 [ForkJoinPool-1-worker-31] ERROR com.intuit.karate - feature call (loop) failed at index: 3
caller: classpath:InspireTest/ngr/datasetrecords/def/checkxlinkurl.template.feature
arg: {"link":"urn:ogc:def:crs:EPSG::5709"}
checkxlinkurl.template.feature:14 - 
org.apache.http.client.ClientProtocolException: URI does not specify a valid host name: urn:ogc:def:crs:EPSG::5709
20:15:06.088 [ForkJoinPool-1-worker-23] INFO  com.intuit.karate - [print] title:Aardkundige waarden
20:15:06.088 [ForkJoinPool-1-worker-23] INFO  com.intuit.karate - [print] Aardkundige waarden
20:15:06.089 [ForkJoinPool-1-worker-23] INFO  com.intuit.karate - [print] [
  "http://www.opengis.net/def/crs/EPSG/0/http://www.opengis.net/def/crs/EPSG/0/3034",
  "http://nationaalgeoregister.nl/geonetwork/srv/dut/csw?SERVICE=CSW&version=2.0.2&REQUEST=GetRecordById&elementSetName=full&OutputSchema=http://www.isotc211.org/2005/gmd&ID=f002bfc5-7d87-46b6-819e-8415422b65c9",
  "https://creativecommons.org/publicdomain/mark/*/deed.nl",
  ""
]

20:15:06.093 [ForkJoinPool-1-worker-27] INFO  com.intuit.karate - [print]
20:15:06.093 [ForkJoinPool-1-worker-27] INFO  com.intuit.karate - [print] testing xlinkurl:https://creativecommons.org/publicdomain/mark/*/deed.nl
20:15:06.093 [ForkJoinPool-1-worker-23] INFO  com.intuit.karate - [print]
20:15:06.093 [ForkJoinPool-1-worker-23] INFO  com.intuit.karate - [print] testing xlinkurl:http://www.opengis.net/def/crs/EPSG/0/http://www.opengis.net/def/crs/EPSG/0/3034
20:15:06.110 [ForkJoinPool-1-worker-21] INFO  com.intuit.karate - [print]
20:15:06.111 [ForkJoinPool-1-worker-21] INFO  com.intuit.karate - [print] testing xlinkurl:https://www.iana.org/assignments/media-types/application/xml
20:15:06.129 [ForkJoinPool-1-worker-3] INFO  com.intuit.karate - [print] title:Nederlands deel PSSA Waddenzee
20:15:06.129 [ForkJoinPool-1-worker-3] INFO  com.intuit.karate - [print] Nederlands deel PSSA Waddenzee
20:15:06.130 [ForkJoinPool-1-worker-3] INFO  com.intuit.karate - [print] [
  "http://www.opengis.net/def/crs/EPSG/0/https://www.opengis.net/def/crs/EPSG/0/4258",
  "https://www.nationaalgeoregister.nl/geonetwork/srv/api/recordsf1d27179-36eb-4376-8048-f51d2eb23a09"
]

20:15:06.132 [ForkJoinPool-1-worker-27] ERROR com.intuit.karate - status code was: 404, expected: 200, response time: 39, url: https://creativecommons.org/publicdomain/mark/*/deed.nl, response: 
20:15:06.133 [ForkJoinPool-1-worker-27] ERROR com.intuit.karate - feature call (loop) failed at index: 2
caller: classpath:InspireTest/ngr/datasetrecords/def/checkxlinkurl.template.feature
arg: {"link":"https://creativecommons.org/publicdomain/mark/*/deed.nl"}
checkxlinkurl.template.feature:15 - status code was: 404, expected: 200, response time: 39, url: https://creativecommons.org/publicdomain/mark/*/deed.nl, response: 
20:15:06.134 [ForkJoinPool-1-worker-27] INFO  com.intuit.karate - [print]
20:15:06.134 [ForkJoinPool-1-worker-27] INFO  com.intuit.karate - [print] testing xlinkurl:
20:15:06.135 [ForkJoinPool-1-worker-27] ERROR com.intuit.karate - org.apache.http.client.ClientProtocolException, http call failed after 0 milliseconds for URL: 
20:15:06.136 [ForkJoinPool-1-worker-27] ERROR com.intuit.karate - http request failed: 
org.apache.http.client.ClientProtocolException
20:15:06.137 [ForkJoinPool-1-worker-27] ERROR com.intuit.karate - feature call (loop) failed at index: 3
caller: classpath:InspireTest/ngr/datasetrecords/def/checkxlinkurl.template.feature
arg: {"link":""}
checkxlinkurl.template.feature:14 - 
org.apache.http.client.ClientProtocolException
20:15:06.139 [ForkJoinPool-1-worker-3] INFO  com.intuit.karate - [print]
20:15:06.140 [ForkJoinPool-1-worker-3] INFO  com.intuit.karate - [print] testing xlinkurl:http://www.opengis.net/def/crs/EPSG/0/https://www.opengis.net/def/crs/EPSG/0/4258
20:15:06.229 [ForkJoinPool-1-worker-17] INFO  com.intuit.karate - [print] title:Schelpdierpercelen
20:15:06.230 [ForkJoinPool-1-worker-17] INFO  com.intuit.karate - [print] Schelpdierpercelen
20:15:06.232 [ForkJoinPool-1-worker-17] INFO  com.intuit.karate - [print] [
  "https://www.nationaalgeoregister.nl/geonetwork/srv/dut/catalog.search#/metadata/fe0e1e5f-512f-4bb1-bbf8-4028d3dfa24f",
  "http://standaarden.overheid.nl/owms/terms/Ministerie_van_Landbouw,_Natuur_en_Voedselkwaliteit"
]

20:15:06.238 [ForkJoinPool-1-worker-17] INFO  com.intuit.karate - [print]
20:15:06.238 [ForkJoinPool-1-worker-17] INFO  com.intuit.karate - [print] testing xlinkurl:https://www.nationaalgeoregister.nl/geonetwork/srv/dut/catalog.search#/metadata/fe0e1e5f-512f-4bb1-bbf8-4028d3dfa24f
20:15:06.286 [ForkJoinPool-1-worker-13] INFO  com.intuit.karate - [print]
20:15:06.286 [ForkJoinPool-1-worker-13] INFO  com.intuit.karate - [print] testing xlinkurl:http://nationaalgeoregister.nl/geonetwork/srv/dut/csw?SERVICE=CSW&version=2.0.2&REQUEST=GetRecordById&elementSetName=full&OutputSchema=http://www.isotc211.org/2005/gmd&ID=ca94a0cb-7561-4a10-a7d6-b840e56c33ff
20:15:06.392 [ForkJoinPool-1-worker-23] INFO  com.intuit.karate - [print]
20:15:06.392 [ForkJoinPool-1-worker-23] INFO  com.intuit.karate - [print] testing xlinkurl:http://nationaalgeoregister.nl/geonetwork/srv/dut/csw?SERVICE=CSW&version=2.0.2&REQUEST=GetRecordById&elementSetName=full&OutputSchema=http://www.isotc211.org/2005/gmd&ID=f002bfc5-7d87-46b6-819e-8415422b65c9
20:15:06.403 [ForkJoinPool-1-worker-19] INFO  com.intuit.karate - [print] title:Landbouwbedrijven
20:15:06.404 [ForkJoinPool-1-worker-19] INFO  com.intuit.karate - [print] Landbouwbedrijven
20:15:06.405 [ForkJoinPool-1-worker-19] INFO  com.intuit.karate - [print] [
  "http://standaarden.overheid.nl/owms/terms/Ministerie_van_Landbouw,_Natuur_en_Voedselkwaliteit",
  "http://geogedeeld.geonovum.nl/",
  "http://standaarden.overheid.nl/owms/terms/Ministerie_van_Landbouw,_Natuur_en_Voedselkwaliteit"
]

20:15:06.410 [ForkJoinPool-1-worker-19] INFO  com.intuit.karate - [print]
20:15:06.410 [ForkJoinPool-1-worker-19] INFO  com.intuit.karate - [print] testing xlinkurl:http://standaarden.overheid.nl/owms/terms/Ministerie_van_Landbouw,_Natuur_en_Voedselkwaliteit
20:15:06.437 [ForkJoinPool-1-worker-3] INFO  com.intuit.karate - [print]
20:15:06.437 [ForkJoinPool-1-worker-3] INFO  com.intuit.karate - [print] testing xlinkurl:https://www.nationaalgeoregister.nl/geonetwork/srv/api/recordsf1d27179-36eb-4376-8048-f51d2eb23a09
20:15:06.600 [ForkJoinPool-1-worker-17] INFO  com.intuit.karate - [print]
20:15:06.601 [ForkJoinPool-1-worker-17] INFO  com.intuit.karate - [print] testing xlinkurl:http://standaarden.overheid.nl/owms/terms/Ministerie_van_Landbouw,_Natuur_en_Voedselkwaliteit
20:15:06.615 [ForkJoinPool-1-worker-5] INFO  com.intuit.karate - [print] title:Wetlands (RAMSAR) (INSPIRE Geharmoniseerd)
20:15:06.615 [ForkJoinPool-1-worker-5] INFO  com.intuit.karate - [print] Wetlands (RAMSAR) (INSPIRE Geharmoniseerd)
20:15:06.616 [ForkJoinPool-1-worker-5] INFO  com.intuit.karate - [print] [
  "http://standaarden.overheid.nl/owms/terms/Ministerie_van_Landbouw,_Natuur_en_Voedselkwaliteit",
  "http://nationaalgeoregister.nl/geonetwork/srv/dut/catalog.search#/metadata/19165027-a13a-4c19-9013-ec1fd191019d",
  "http://standaarden.overheid.nl/owms/terms/Ministerie_van_Landbouw,_Natuur_en_Voedselkwaliteit",
  "http://standaarden.overheid.nl/owms/terms/Ministerie_van_Landbouw,_Natuur_en_Voedselkwaliteit",
  "https://data.overheid.nl/organisatie/PDOK"
]

20:15:06.622 [ForkJoinPool-1-worker-5] INFO  com.intuit.karate - [print]
20:15:06.623 [ForkJoinPool-1-worker-5] INFO  com.intuit.karate - [print] testing xlinkurl:http://standaarden.overheid.nl/owms/terms/Ministerie_van_Landbouw,_Natuur_en_Voedselkwaliteit
20:15:06.712 [ForkJoinPool-1-worker-31] INFO  com.intuit.karate - [print] title:zoutvelden en zoutproductieputten onder INSPIRE
20:15:06.712 [ForkJoinPool-1-worker-31] INFO  com.intuit.karate - [print] zoutvelden en zoutproductieputten onder INSPIRE
20:15:06.713 [ForkJoinPool-1-worker-9] INFO  com.intuit.karate - [print] title:Overstromingsrisicokaarten
20:15:06.713 [ForkJoinPool-1-worker-9] INFO  com.intuit.karate - [print] Overstromingsrisicokaarten
20:15:06.714 [ForkJoinPool-1-worker-9] INFO  com.intuit.karate - [print] [
  "http://nationaalgeoregister.nl/geonetwork/srv/dut/csw?SERVICE=CSW&version=2.0.2&REQUEST=GetRecordById&elementSetName=full&OutputSchema=http://www.isotc211.org/2005/gmd&ID=2daad588-11ef-47de-9832-6fe2c3b93e6d",
  "https://creativecommons.org/publicdomain/mark/*/deed.nl",
  ""
]

20:15:06.717 [ForkJoinPool-1-worker-31] INFO  com.intuit.karate - [print] [
  "https://nationaalgeoregister.nl/geonetwork/srv/resourcesce4a6d93-83d6-4397-afa1-d4117d5ce76b",
  "http://rdfdata.eionet.europa.eu/inspirethemes/themes/34",
  "http://geonetwork-opensource.org/inspire-theme#",
  "https://www.nationaalgeoregister.nl/geonetwork/srv/eng/thesaurus.download?ref=external.theme.inspire-theme"
]

20:15:06.721 [ForkJoinPool-1-worker-9] INFO  com.intuit.karate - [print]
20:15:06.721 [ForkJoinPool-1-worker-9] INFO  com.intuit.karate - [print] testing xlinkurl:http://nationaalgeoregister.nl/geonetwork/srv/dut/csw?SERVICE=CSW&version=2.0.2&REQUEST=GetRecordById&elementSetName=full&OutputSchema=http://www.isotc211.org/2005/gmd&ID=2daad588-11ef-47de-9832-6fe2c3b93e6d
20:15:06.723 [ForkJoinPool-1-worker-31] INFO  com.intuit.karate - [print]
20:15:06.725 [ForkJoinPool-1-worker-31] INFO  com.intuit.karate - [print] testing xlinkurl:https://nationaalgeoregister.nl/geonetwork/srv/resourcesce4a6d93-83d6-4397-afa1-d4117d5ce76b
20:15:06.845 [ForkJoinPool-1-worker-27] INFO  com.intuit.karate - [print] title:Potentieel koude en warmte uit open en gesloten WKO systemen (GJ/ha.jaar)
20:15:06.845 [ForkJoinPool-1-worker-27] INFO  com.intuit.karate - [print] Potentieel koude en warmte uit open en gesloten WKO systemen (GJ/ha.jaar)
20:15:06.847 [ForkJoinPool-1-worker-27] INFO  com.intuit.karate - [print] [
  "https://nationaalgeoregister.nl/geonetwork/srv/dut/catalog.search#/metadata/dc5b522e-3e14-4738-9e8e-2401e1b19ef2"
]

20:15:06.851 [ForkJoinPool-1-worker-27] INFO  com.intuit.karate - [print]
20:15:06.852 [ForkJoinPool-1-worker-27] INFO  com.intuit.karate - [print] testing xlinkurl:https://nationaalgeoregister.nl/geonetwork/srv/dut/catalog.search#/metadata/dc5b522e-3e14-4738-9e8e-2401e1b19ef2
20:15:06.856 [ForkJoinPool-1-worker-13] INFO  com.intuit.karate - [print]
20:15:06.856 [ForkJoinPool-1-worker-13] INFO  com.intuit.karate - [print] testing xlinkurl:https://creativecommons.org/publicdomain/mark/*/deed.nl
20:15:06.891 [ForkJoinPool-1-worker-13] ERROR com.intuit.karate - status code was: 404, expected: 200, response time: 35, url: https://creativecommons.org/publicdomain/mark/*/deed.nl, response: 
20:15:06.891 [ForkJoinPool-1-worker-13] ERROR com.intuit.karate - feature call (loop) failed at index: 2
caller: classpath:InspireTest/ngr/datasetrecords/def/checkxlinkurl.template.feature
arg: {"link":"https://creativecommons.org/publicdomain/mark/*/deed.nl"}
checkxlinkurl.template.feature:15 - status code was: 404, expected: 200, response time: 35, url: https://creativecommons.org/publicdomain/mark/*/deed.nl, response: 
20:15:06.892 [ForkJoinPool-1-worker-13] INFO  com.intuit.karate - [print]
20:15:06.892 [ForkJoinPool-1-worker-13] INFO  com.intuit.karate - [print] testing xlinkurl:
20:15:06.893 [ForkJoinPool-1-worker-13] ERROR com.intuit.karate - org.apache.http.client.ClientProtocolException, http call failed after 0 milliseconds for URL: 
20:15:06.893 [ForkJoinPool-1-worker-13] ERROR com.intuit.karate - http request failed: 
org.apache.http.client.ClientProtocolException
20:15:06.893 [ForkJoinPool-1-worker-13] ERROR com.intuit.karate - feature call (loop) failed at index: 3
caller: classpath:InspireTest/ngr/datasetrecords/def/checkxlinkurl.template.feature
arg: {"link":""}
checkxlinkurl.template.feature:14 - 
org.apache.http.client.ClientProtocolException
20:15:06.923 [ForkJoinPool-1-worker-3] ERROR com.intuit.karate - status code was: 500, expected: 200, response time: 486, url: https://www.nationaalgeoregister.nl/geonetwork/srv/api/recordsf1d27179-36eb-4376-8048-f51d2eb23a09, response: 
20:15:06.923 [ForkJoinPool-1-worker-3] ERROR com.intuit.karate - feature call (loop) failed at index: 1
caller: classpath:InspireTest/ngr/datasetrecords/def/checkxlinkurl.template.feature
arg: {"link":"https://www.nationaalgeoregister.nl/geonetwork/srv/api/recordsf1d27179-36eb-4376-8048-f51d2eb23a09"}
checkxlinkurl.template.feature:15 - status code was: 500, expected: 200, response time: 486, url: https://www.nationaalgeoregister.nl/geonetwork/srv/api/recordsf1d27179-36eb-4376-8048-f51d2eb23a09, response: 
20:15:06.949 [ForkJoinPool-1-worker-21] INFO  com.intuit.karate - [print] title:LCP emissies (Richtlijn Industriële emissies) 2016
20:15:06.949 [ForkJoinPool-1-worker-21] INFO  com.intuit.karate - [print] LCP emissies (Richtlijn Industriële emissies) 2016
20:15:06.951 [ForkJoinPool-1-worker-21] INFO  com.intuit.karate - [print] [
  "https://data.rivm.nl/inspire/id#6941b1f2-7ee6-4a1d-9cba-9071e3ca6cb3"
]

20:15:06.954 [ForkJoinPool-1-worker-21] INFO  com.intuit.karate - [print]
20:15:06.956 [ForkJoinPool-1-worker-21] INFO  com.intuit.karate - [print] testing xlinkurl:https://data.rivm.nl/inspire/id#6941b1f2-7ee6-4a1d-9cba-9071e3ca6cb3
20:15:07.016 [ForkJoinPool-1-worker-31] ERROR com.intuit.karate - status code was: 404, expected: 200, response time: 289, url: https://nationaalgeoregister.nl/geonetwork/srv/resourcesce4a6d93-83d6-4397-afa1-d4117d5ce76b, response: 
20:15:07.016 [ForkJoinPool-1-worker-31] ERROR com.intuit.karate - feature call (loop) failed at index: 0
caller: classpath:InspireTest/ngr/datasetrecords/def/checkxlinkurl.template.feature
arg: {"link":"https://nationaalgeoregister.nl/geonetwork/srv/resourcesce4a6d93-83d6-4397-afa1-d4117d5ce76b"}
checkxlinkurl.template.feature:15 - status code was: 404, expected: 200, response time: 289, url: https://nationaalgeoregister.nl/geonetwork/srv/resourcesce4a6d93-83d6-4397-afa1-d4117d5ce76b, response: 
20:15:07.017 [ForkJoinPool-1-worker-31] INFO  com.intuit.karate - [print]
20:15:07.017 [ForkJoinPool-1-worker-31] INFO  com.intuit.karate - [print] testing xlinkurl:http://rdfdata.eionet.europa.eu/inspirethemes/themes/34
20:15:07.023 [ForkJoinPool-1-worker-19] INFO  com.intuit.karate - [print]
20:15:07.023 [ForkJoinPool-1-worker-19] INFO  com.intuit.karate - [print] testing xlinkurl:http://geogedeeld.geonovum.nl/
20:15:07.049 [ForkJoinPool-1-worker-23] INFO  com.intuit.karate - [print]
20:15:07.049 [ForkJoinPool-1-worker-23] INFO  com.intuit.karate - [print] testing xlinkurl:https://creativecommons.org/publicdomain/mark/*/deed.nl
20:15:07.100 [ForkJoinPool-1-worker-23] ERROR com.intuit.karate - status code was: 404, expected: 200, response time: 51, url: https://creativecommons.org/publicdomain/mark/*/deed.nl, response: 
20:15:07.101 [ForkJoinPool-1-worker-23] ERROR com.intuit.karate - feature call (loop) failed at index: 2
caller: classpath:InspireTest/ngr/datasetrecords/def/checkxlinkurl.template.feature
arg: {"link":"https://creativecommons.org/publicdomain/mark/*/deed.nl"}
checkxlinkurl.template.feature:15 - status code was: 404, expected: 200, response time: 51, url: https://creativecommons.org/publicdomain/mark/*/deed.nl, response: 
20:15:07.104 [ForkJoinPool-1-worker-23] INFO  com.intuit.karate - [print]
20:15:07.104 [ForkJoinPool-1-worker-23] INFO  com.intuit.karate - [print] testing xlinkurl:
20:15:07.105 [ForkJoinPool-1-worker-23] ERROR com.intuit.karate - org.apache.http.client.ClientProtocolException, http call failed after 0 milliseconds for URL: 
20:15:07.105 [ForkJoinPool-1-worker-23] ERROR com.intuit.karate - http request failed: 
org.apache.http.client.ClientProtocolException
20:15:07.106 [ForkJoinPool-1-worker-23] ERROR com.intuit.karate - feature call (loop) failed at index: 3
caller: classpath:InspireTest/ngr/datasetrecords/def/checkxlinkurl.template.feature
arg: {"link":""}
checkxlinkurl.template.feature:14 - 
org.apache.http.client.ClientProtocolException
20:15:07.148 [ForkJoinPool-1-worker-5] INFO  com.intuit.karate - [print]
20:15:07.148 [ForkJoinPool-1-worker-5] INFO  com.intuit.karate - [print] testing xlinkurl:http://nationaalgeoregister.nl/geonetwork/srv/dut/catalog.search#/metadata/19165027-a13a-4c19-9013-ec1fd191019d
20:15:07.204 [ForkJoinPool-1-worker-9] INFO  com.intuit.karate - [print]
20:15:07.204 [ForkJoinPool-1-worker-9] INFO  com.intuit.karate - [print] testing xlinkurl:https://creativecommons.org/publicdomain/mark/*/deed.nl
20:15:07.217 [ForkJoinPool-1-worker-31] ERROR com.intuit.karate - status code was: 404, expected: 200, response time: 200, url: http://rdfdata.eionet.europa.eu/inspirethemes/themes/34, response: 
20:15:07.217 [ForkJoinPool-1-worker-31] ERROR com.intuit.karate - feature call (loop) failed at index: 1
caller: classpath:InspireTest/ngr/datasetrecords/def/checkxlinkurl.template.feature
arg: {"link":"http://rdfdata.eionet.europa.eu/inspirethemes/themes/34"}
checkxlinkurl.template.feature:15 - status code was: 404, expected: 200, response time: 200, url: http://rdfdata.eionet.europa.eu/inspirethemes/themes/34, response: 
20:15:07.218 [ForkJoinPool-1-worker-31] INFO  com.intuit.karate - [print]
20:15:07.218 [ForkJoinPool-1-worker-31] INFO  com.intuit.karate - [print] testing xlinkurl:http://geonetwork-opensource.org/inspire-theme#
20:15:07.240 [ForkJoinPool-1-worker-19] INFO  com.intuit.karate - [print]
20:15:07.241 [ForkJoinPool-1-worker-19] INFO  com.intuit.karate - [print] testing xlinkurl:http://standaarden.overheid.nl/owms/terms/Ministerie_van_Landbouw,_Natuur_en_Voedselkwaliteit
20:15:07.243 [ForkJoinPool-1-worker-9] ERROR com.intuit.karate - status code was: 404, expected: 200, response time: 38, url: https://creativecommons.org/publicdomain/mark/*/deed.nl, response: 
20:15:07.243 [ForkJoinPool-1-worker-9] ERROR com.intuit.karate - feature call (loop) failed at index: 1
caller: classpath:InspireTest/ngr/datasetrecords/def/checkxlinkurl.template.feature
arg: {"link":"https://creativecommons.org/publicdomain/mark/*/deed.nl"}
checkxlinkurl.template.feature:15 - status code was: 404, expected: 200, response time: 38, url: https://creativecommons.org/publicdomain/mark/*/deed.nl, response: 
20:15:07.245 [ForkJoinPool-1-worker-9] INFO  com.intuit.karate - [print]
20:15:07.246 [ForkJoinPool-1-worker-9] INFO  com.intuit.karate - [print] testing xlinkurl:
20:15:07.247 [ForkJoinPool-1-worker-9] ERROR com.intuit.karate - org.apache.http.client.ClientProtocolException, http call failed after 0 milliseconds for URL: 
20:15:07.247 [ForkJoinPool-1-worker-9] ERROR com.intuit.karate - http request failed: 
org.apache.http.client.ClientProtocolException
20:15:07.248 [ForkJoinPool-1-worker-9] ERROR com.intuit.karate - feature call (loop) failed at index: 2
caller: classpath:InspireTest/ngr/datasetrecords/def/checkxlinkurl.template.feature
arg: {"link":""}
checkxlinkurl.template.feature:14 - 
org.apache.http.client.ClientProtocolException
20:15:07.312 [ForkJoinPool-1-worker-21] ERROR com.intuit.karate - javax.net.ssl.SSLException: Connection reset, http call failed after 355 milliseconds for URL: https://data.rivm.nl/inspire/id#6941b1f2-7ee6-4a1d-9cba-9071e3ca6cb3
20:15:07.313 [ForkJoinPool-1-worker-21] ERROR com.intuit.karate - http request failed: 
javax.net.ssl.SSLException: Connection reset
20:15:07.313 [ForkJoinPool-1-worker-21] ERROR com.intuit.karate - feature call (loop) failed at index: 0
caller: classpath:InspireTest/ngr/datasetrecords/def/checkxlinkurl.template.feature
arg: {"link":"https://data.rivm.nl/inspire/id#6941b1f2-7ee6-4a1d-9cba-9071e3ca6cb3"}
checkxlinkurl.template.feature:14 - 
javax.net.ssl.SSLException: Connection reset
20:15:07.404 [ForkJoinPool-1-worker-5] INFO  com.intuit.karate - [print]
20:15:07.404 [ForkJoinPool-1-worker-5] INFO  com.intuit.karate - [print] testing xlinkurl:http://standaarden.overheid.nl/owms/terms/Ministerie_van_Landbouw,_Natuur_en_Voedselkwaliteit
20:15:07.511 [ForkJoinPool-1-worker-13] INFO  com.intuit.karate - [print] title:Luchtfoto 2016 25cm RGB open data
20:15:07.512 [ForkJoinPool-1-worker-13] INFO  com.intuit.karate - [print] Luchtfoto 2016 25cm RGB open data
20:15:07.515 [ForkJoinPool-1-worker-13] INFO  com.intuit.karate - [print] [
  "http://kadaster/2482250f-3b00-4439-9f93-f3118229b014",
  "",
  "",
  ""
]

20:15:07.522 [ForkJoinPool-1-worker-13] INFO  com.intuit.karate - [print]
20:15:07.523 [ForkJoinPool-1-worker-13] INFO  com.intuit.karate - [print] testing xlinkurl:http://kadaster/2482250f-3b00-4439-9f93-f3118229b014
20:15:07.560 [ForkJoinPool-1-worker-13] ERROR com.intuit.karate - java.net.UnknownHostException: kadaster: Temporary failure in name resolution, http call failed after 36 milliseconds for URL: http://kadaster/2482250f-3b00-4439-9f93-f3118229b014
20:15:07.560 [ForkJoinPool-1-worker-13] ERROR com.intuit.karate - http request failed: 
java.net.UnknownHostException: kadaster: Temporary failure in name resolution
20:15:07.561 [ForkJoinPool-1-worker-13] ERROR com.intuit.karate - feature call (loop) failed at index: 0
caller: classpath:InspireTest/ngr/datasetrecords/def/checkxlinkurl.template.feature
arg: {"link":"http://kadaster/2482250f-3b00-4439-9f93-f3118229b014"}
checkxlinkurl.template.feature:14 - 
java.net.UnknownHostException: kadaster: Temporary failure in name resolution
20:15:07.564 [ForkJoinPool-1-worker-13] INFO  com.intuit.karate - [print]
20:15:07.564 [ForkJoinPool-1-worker-13] INFO  com.intuit.karate - [print] testing xlinkurl:
20:15:07.565 [ForkJoinPool-1-worker-13] ERROR com.intuit.karate - org.apache.http.client.ClientProtocolException, http call failed after 0 milliseconds for URL: 
20:15:07.565 [ForkJoinPool-1-worker-13] ERROR com.intuit.karate - http request failed: 
org.apache.http.client.ClientProtocolException
20:15:07.565 [ForkJoinPool-1-worker-13] ERROR com.intuit.karate - feature call (loop) failed at index: 1
caller: classpath:InspireTest/ngr/datasetrecords/def/checkxlinkurl.template.feature
arg: {"link":""}
checkxlinkurl.template.feature:14 - 
org.apache.http.client.ClientProtocolException
20:15:07.567 [ForkJoinPool-1-worker-13] INFO  com.intuit.karate - [print]
20:15:07.567 [ForkJoinPool-1-worker-13] INFO  com.intuit.karate - [print] testing xlinkurl:
20:15:07.567 [ForkJoinPool-1-worker-13] ERROR com.intuit.karate - org.apache.http.client.ClientProtocolException, http call failed after 0 milliseconds for URL: 
20:15:07.568 [ForkJoinPool-1-worker-13] ERROR com.intuit.karate - http request failed: 
org.apache.http.client.ClientProtocolException
20:15:07.568 [ForkJoinPool-1-worker-13] ERROR com.intuit.karate - feature call (loop) failed at index: 2
caller: classpath:InspireTest/ngr/datasetrecords/def/checkxlinkurl.template.feature
arg: {"link":""}
checkxlinkurl.template.feature:14 - 
org.apache.http.client.ClientProtocolException
20:15:07.569 [ForkJoinPool-1-worker-13] INFO  com.intuit.karate - [print]
20:15:07.569 [ForkJoinPool-1-worker-13] INFO  com.intuit.karate - [print] testing xlinkurl:
20:15:07.570 [ForkJoinPool-1-worker-13] ERROR com.intuit.karate - org.apache.http.client.ClientProtocolException, http call failed after 0 milliseconds for URL: 
20:15:07.570 [ForkJoinPool-1-worker-13] ERROR com.intuit.karate - http request failed: 
org.apache.http.client.ClientProtocolException
20:15:07.571 [ForkJoinPool-1-worker-13] ERROR com.intuit.karate - feature call (loop) failed at index: 3
caller: classpath:InspireTest/ngr/datasetrecords/def/checkxlinkurl.template.feature
arg: {"link":""}
checkxlinkurl.template.feature:14 - 
org.apache.http.client.ClientProtocolException
20:15:07.607 [ForkJoinPool-1-worker-3] INFO  com.intuit.karate - [print] title:Luchtfoto 2018 25cm CIR open data
20:15:07.607 [ForkJoinPool-1-worker-3] INFO  com.intuit.karate - [print] Luchtfoto 2018 25cm CIR open data
20:15:07.609 [ForkJoinPool-1-worker-3] INFO  com.intuit.karate - [print] [
  "http://kadaster/2482250f-3b00-4439-9f93-f3118229b021",
  "",
  "",
  ""
]

20:15:07.613 [ForkJoinPool-1-worker-3] INFO  com.intuit.karate - [print]
20:15:07.613 [ForkJoinPool-1-worker-3] INFO  com.intuit.karate - [print] testing xlinkurl:http://kadaster/2482250f-3b00-4439-9f93-f3118229b021
20:15:07.614 [ForkJoinPool-1-worker-3] ERROR com.intuit.karate - java.net.UnknownHostException: kadaster, http call failed after 0 milliseconds for URL: http://kadaster/2482250f-3b00-4439-9f93-f3118229b021
20:15:07.614 [ForkJoinPool-1-worker-3] ERROR com.intuit.karate - http request failed: 
java.net.UnknownHostException: kadaster
20:15:07.614 [ForkJoinPool-1-worker-3] ERROR com.intuit.karate - feature call (loop) failed at index: 0
caller: classpath:InspireTest/ngr/datasetrecords/def/checkxlinkurl.template.feature
arg: {"link":"http://kadaster/2482250f-3b00-4439-9f93-f3118229b021"}
checkxlinkurl.template.feature:14 - 
java.net.UnknownHostException: kadaster
20:15:07.615 [ForkJoinPool-1-worker-3] INFO  com.intuit.karate - [print]
20:15:07.615 [ForkJoinPool-1-worker-3] INFO  com.intuit.karate - [print] testing xlinkurl:
20:15:07.615 [ForkJoinPool-1-worker-3] ERROR com.intuit.karate - org.apache.http.client.ClientProtocolException, http call failed after 0 milliseconds for URL: 
20:15:07.615 [ForkJoinPool-1-worker-3] ERROR com.intuit.karate - http request failed: 
org.apache.http.client.ClientProtocolException
20:15:07.615 [ForkJoinPool-1-worker-3] ERROR com.intuit.karate - feature call (loop) failed at index: 1
caller: classpath:InspireTest/ngr/datasetrecords/def/checkxlinkurl.template.feature
arg: {"link":""}
checkxlinkurl.template.feature:14 - 
org.apache.http.client.ClientProtocolException
20:15:07.616 [ForkJoinPool-1-worker-3] INFO  com.intuit.karate - [print]
20:15:07.616 [ForkJoinPool-1-worker-3] INFO  com.intuit.karate - [print] testing xlinkurl:
20:15:07.616 [ForkJoinPool-1-worker-3] ERROR com.intuit.karate - org.apache.http.client.ClientProtocolException, http call failed after 0 milliseconds for URL: 
20:15:07.616 [ForkJoinPool-1-worker-3] ERROR com.intuit.karate - http request failed: 
org.apache.http.client.ClientProtocolException
20:15:07.616 [ForkJoinPool-1-worker-3] ERROR com.intuit.karate - feature call (loop) failed at index: 2
caller: classpath:InspireTest/ngr/datasetrecords/def/checkxlinkurl.template.feature
arg: {"link":""}
checkxlinkurl.template.feature:14 - 
org.apache.http.client.ClientProtocolException
20:15:07.617 [ForkJoinPool-1-worker-3] INFO  com.intuit.karate - [print]
20:15:07.617 [ForkJoinPool-1-worker-3] INFO  com.intuit.karate - [print] testing xlinkurl:
20:15:07.617 [ForkJoinPool-1-worker-3] ERROR com.intuit.karate - org.apache.http.client.ClientProtocolException, http call failed after 0 milliseconds for URL: 
20:15:07.617 [ForkJoinPool-1-worker-3] ERROR com.intuit.karate - http request failed: 
org.apache.http.client.ClientProtocolException
20:15:07.617 [ForkJoinPool-1-worker-3] ERROR com.intuit.karate - feature call (loop) failed at index: 3
caller: classpath:InspireTest/ngr/datasetrecords/def/checkxlinkurl.template.feature
arg: {"link":""}
checkxlinkurl.template.feature:14 - 
org.apache.http.client.ClientProtocolException
20:15:07.772 [ForkJoinPool-1-worker-23] INFO  com.intuit.karate - [print] title:Luchtfoto 2019 25cm CIR open data
20:15:07.776 [ForkJoinPool-1-worker-23] INFO  com.intuit.karate - [print] Luchtfoto 2019 25cm CIR open data
20:15:07.779 [ForkJoinPool-1-worker-23] INFO  com.intuit.karate - [print] [
  "http://kadaster/2482250f-3b00-4439-9f93-f3118229b024",
  "",
  "",
  ""
]

20:15:07.785 [ForkJoinPool-1-worker-23] INFO  com.intuit.karate - [print]
20:15:07.786 [ForkJoinPool-1-worker-23] INFO  com.intuit.karate - [print] testing xlinkurl:http://kadaster/2482250f-3b00-4439-9f93-f3118229b024
20:15:07.787 [ForkJoinPool-1-worker-23] ERROR com.intuit.karate - java.net.UnknownHostException: kadaster, http call failed after 0 milliseconds for URL: http://kadaster/2482250f-3b00-4439-9f93-f3118229b024
20:15:07.787 [ForkJoinPool-1-worker-23] ERROR com.intuit.karate - http request failed: 
java.net.UnknownHostException: kadaster
20:15:07.787 [ForkJoinPool-1-worker-23] ERROR com.intuit.karate - feature call (loop) failed at index: 0
caller: classpath:InspireTest/ngr/datasetrecords/def/checkxlinkurl.template.feature
arg: {"link":"http://kadaster/2482250f-3b00-4439-9f93-f3118229b024"}
checkxlinkurl.template.feature:14 - 
java.net.UnknownHostException: kadaster
20:15:07.788 [ForkJoinPool-1-worker-23] INFO  com.intuit.karate - [print]
20:15:07.789 [ForkJoinPool-1-worker-23] INFO  com.intuit.karate - [print] testing xlinkurl:
20:15:07.789 [ForkJoinPool-1-worker-23] ERROR com.intuit.karate - org.apache.http.client.ClientProtocolException, http call failed after 0 milliseconds for URL: 
20:15:07.789 [ForkJoinPool-1-worker-23] ERROR com.intuit.karate - http request failed: 
org.apache.http.client.ClientProtocolException
20:15:07.790 [ForkJoinPool-1-worker-23] ERROR com.intuit.karate - feature call (loop) failed at index: 1
caller: classpath:InspireTest/ngr/datasetrecords/def/checkxlinkurl.template.feature
arg: {"link":""}
checkxlinkurl.template.feature:14 - 
org.apache.http.client.ClientProtocolException
20:15:07.791 [ForkJoinPool-1-worker-23] INFO  com.intuit.karate - [print]
20:15:07.791 [ForkJoinPool-1-worker-23] INFO  com.intuit.karate - [print] testing xlinkurl:
20:15:07.791 [ForkJoinPool-1-worker-23] ERROR com.intuit.karate - org.apache.http.client.ClientProtocolException, http call failed after 0 milliseconds for URL: 
20:15:07.792 [ForkJoinPool-1-worker-23] ERROR com.intuit.karate - http request failed: 
org.apache.http.client.ClientProtocolException
20:15:07.792 [ForkJoinPool-1-worker-23] ERROR com.intuit.karate - feature call (loop) failed at index: 2
caller: classpath:InspireTest/ngr/datasetrecords/def/checkxlinkurl.template.feature
arg: {"link":""}
checkxlinkurl.template.feature:14 - 
org.apache.http.client.ClientProtocolException
20:15:07.793 [ForkJoinPool-1-worker-23] INFO  com.intuit.karate - [print]
20:15:07.793 [ForkJoinPool-1-worker-23] INFO  com.intuit.karate - [print] testing xlinkurl:
20:15:07.794 [ForkJoinPool-1-worker-23] ERROR com.intuit.karate - org.apache.http.client.ClientProtocolException, http call failed after 0 milliseconds for URL: 
20:15:07.794 [ForkJoinPool-1-worker-23] ERROR com.intuit.karate - http request failed: 
org.apache.http.client.ClientProtocolException
20:15:07.794 [ForkJoinPool-1-worker-23] ERROR com.intuit.karate - feature call (loop) failed at index: 3
caller: classpath:InspireTest/ngr/datasetrecords/def/checkxlinkurl.template.feature
arg: {"link":""}
checkxlinkurl.template.feature:14 - 
org.apache.http.client.ClientProtocolException
20:15:07.812 [ForkJoinPool-1-worker-31] ERROR com.intuit.karate - status code was: 404, expected: 200, response time: 399, url: http://geonetwork-opensource.org/inspire-theme#, response: 
20:15:07.812 [ForkJoinPool-1-worker-31] ERROR com.intuit.karate - feature call (loop) failed at index: 2
caller: classpath:InspireTest/ngr/datasetrecords/def/checkxlinkurl.template.feature
arg: {"link":"http://geonetwork-opensource.org/inspire-theme#"}
checkxlinkurl.template.feature:15 - status code was: 404, expected: 200, response time: 399, url: http://geonetwork-opensource.org/inspire-theme#, response: 
20:15:07.813 [ForkJoinPool-1-worker-31] INFO  com.intuit.karate - [print]
20:15:07.813 [ForkJoinPool-1-worker-31] INFO  com.intuit.karate - [print] testing xlinkurl:https://www.nationaalgeoregister.nl/geonetwork/srv/eng/thesaurus.download?ref=external.theme.inspire-theme
20:15:07.899 [ForkJoinPool-1-worker-9] INFO  com.intuit.karate - [print] title:Gebieden in de Eemsmonding en de Dollard
20:15:07.899 [ForkJoinPool-1-worker-9] INFO  com.intuit.karate - [print] Gebieden in de Eemsmonding en de Dollard
20:15:07.901 [ForkJoinPool-1-worker-27] INFO  com.intuit.karate - [print] title:CBS Provincies 2012
20:15:07.902 [ForkJoinPool-1-worker-27] INFO  com.intuit.karate - [print] CBS Provincies 2012
20:15:07.904 [ForkJoinPool-1-worker-27] INFO  com.intuit.karate - [print] [
  "http://geodata.nationaalgeoregister.nl/cbsprovincies/extract/cbsprovincies.zip",
  ""
]

20:15:07.905 [ForkJoinPool-1-worker-9] INFO  com.intuit.karate - [print] [
  "http://www.opengis.net/def/crs/EPSG/0/https://www.opengis.net/def/crs/EPSG/0/4258",
  "https://www.nationaalgeoregister.nl/geonetwork/srv/api/recordsf44dac86-2228-412f-8355-e56446ca9933",
  "www.hydro.nl"
]

20:15:07.910 [ForkJoinPool-1-worker-9] INFO  com.intuit.karate - [print]
20:15:07.910 [ForkJoinPool-1-worker-9] INFO  com.intuit.karate - [print] testing xlinkurl:http://www.opengis.net/def/crs/EPSG/0/https://www.opengis.net/def/crs/EPSG/0/4258
20:15:07.911 [ForkJoinPool-1-worker-27] INFO  com.intuit.karate - [print]
20:15:07.912 [ForkJoinPool-1-worker-27] INFO  com.intuit.karate - [print] testing xlinkurl:http://geodata.nationaalgeoregister.nl/cbsprovincies/extract/cbsprovincies.zip
20:15:07.934 [ForkJoinPool-1-worker-17] INFO  com.intuit.karate - [print] title:Luchtfoto 2019 25cm RGB open data
20:15:07.935 [ForkJoinPool-1-worker-17] INFO  com.intuit.karate - [print] Luchtfoto 2019 25cm RGB open data
20:15:07.937 [ForkJoinPool-1-worker-17] INFO  com.intuit.karate - [print] [
  "http://kadaster/2482250f-3b00-4439-9f93-f3118229b023",
  "",
  "",
  ""
]

20:15:07.941 [ForkJoinPool-1-worker-17] INFO  com.intuit.karate - [print]
20:15:07.941 [ForkJoinPool-1-worker-17] INFO  com.intuit.karate - [print] testing xlinkurl:http://kadaster/2482250f-3b00-4439-9f93-f3118229b023
20:15:07.943 [ForkJoinPool-1-worker-17] ERROR com.intuit.karate - java.net.UnknownHostException: kadaster, http call failed after 0 milliseconds for URL: http://kadaster/2482250f-3b00-4439-9f93-f3118229b023
20:15:07.944 [ForkJoinPool-1-worker-17] ERROR com.intuit.karate - http request failed: 
java.net.UnknownHostException: kadaster
20:15:07.945 [ForkJoinPool-1-worker-17] ERROR com.intuit.karate - feature call (loop) failed at index: 0
caller: classpath:InspireTest/ngr/datasetrecords/def/checkxlinkurl.template.feature
arg: {"link":"http://kadaster/2482250f-3b00-4439-9f93-f3118229b023"}
checkxlinkurl.template.feature:14 - 
java.net.UnknownHostException: kadaster
20:15:07.946 [ForkJoinPool-1-worker-17] INFO  com.intuit.karate - [print]
20:15:07.947 [ForkJoinPool-1-worker-17] INFO  com.intuit.karate - [print] testing xlinkurl:
20:15:07.947 [ForkJoinPool-1-worker-17] ERROR com.intuit.karate - org.apache.http.client.ClientProtocolException, http call failed after 0 milliseconds for URL: 
20:15:07.947 [ForkJoinPool-1-worker-17] ERROR com.intuit.karate - http request failed: 
org.apache.http.client.ClientProtocolException
20:15:07.948 [ForkJoinPool-1-worker-17] ERROR com.intuit.karate - feature call (loop) failed at index: 1
caller: classpath:InspireTest/ngr/datasetrecords/def/checkxlinkurl.template.feature
arg: {"link":""}
checkxlinkurl.template.feature:14 - 
org.apache.http.client.ClientProtocolException
20:15:07.949 [ForkJoinPool-1-worker-17] INFO  com.intuit.karate - [print]
20:15:07.949 [ForkJoinPool-1-worker-17] INFO  com.intuit.karate - [print] testing xlinkurl:
20:15:07.951 [ForkJoinPool-1-worker-17] ERROR com.intuit.karate - org.apache.http.client.ClientProtocolException, http call failed after 0 milliseconds for URL: 
20:15:07.952 [ForkJoinPool-1-worker-17] ERROR com.intuit.karate - http request failed: 
org.apache.http.client.ClientProtocolException
20:15:07.953 [ForkJoinPool-1-worker-17] ERROR com.intuit.karate - feature call (loop) failed at index: 2
caller: classpath:InspireTest/ngr/datasetrecords/def/checkxlinkurl.template.feature
arg: {"link":""}
checkxlinkurl.template.feature:14 - 
org.apache.http.client.ClientProtocolException
20:15:07.955 [ForkJoinPool-1-worker-17] INFO  com.intuit.karate - [print]
20:15:07.955 [ForkJoinPool-1-worker-17] INFO  com.intuit.karate - [print] testing xlinkurl:
20:15:07.956 [ForkJoinPool-1-worker-17] ERROR com.intuit.karate - org.apache.http.client.ClientProtocolException, http call failed after 0 milliseconds for URL: 
20:15:07.956 [ForkJoinPool-1-worker-17] ERROR com.intuit.karate - http request failed: 
org.apache.http.client.ClientProtocolException
20:15:07.956 [ForkJoinPool-1-worker-17] ERROR com.intuit.karate - feature call (loop) failed at index: 3
caller: classpath:InspireTest/ngr/datasetrecords/def/checkxlinkurl.template.feature
arg: {"link":""}
checkxlinkurl.template.feature:14 - 
org.apache.http.client.ClientProtocolException
20:15:07.959 [ForkJoinPool-1-worker-5] INFO  com.intuit.karate - [print]
20:15:07.959 [ForkJoinPool-1-worker-5] INFO  com.intuit.karate - [print] testing xlinkurl:http://standaarden.overheid.nl/owms/terms/Ministerie_van_Landbouw,_Natuur_en_Voedselkwaliteit
20:15:08.009 [ForkJoinPool-1-worker-21] INFO  com.intuit.karate - [print] title:Richtlijn Stedelijk Afvalwater - rioolwaterzuiveringsinstallaties Nederland EU2015
20:15:08.010 [ForkJoinPool-1-worker-21] INFO  com.intuit.karate - [print] Richtlijn Stedelijk Afvalwater - rioolwaterzuiveringsinstallaties Nederland EU2015
20:15:08.012 [ForkJoinPool-1-worker-21] INFO  com.intuit.karate - [print] [
  "https://www.nationaalgeoregister.nl/geonetwork/srv/dut/catalog.search#/metadata/uwwtd-9d8e-4758-83fa-28b057f185e3",
  "http://rdfdata.eionet.europa.eu/inspirethemes/themes/24",
  "https://ngr.geocat.live/geonetwork/srv/eng/thesaurus.download?ref=external.theme.httpinspireeceuropaeumetadatacodelistPrioritydataset-Prioritydataset",
  "urn:ogc:def:crs:EPSG::5709"
]

20:15:08.018 [ForkJoinPool-1-worker-21] INFO  com.intuit.karate - [print]
20:15:08.018 [ForkJoinPool-1-worker-21] INFO  com.intuit.karate - [print] testing xlinkurl:https://www.nationaalgeoregister.nl/geonetwork/srv/dut/catalog.search#/metadata/uwwtd-9d8e-4758-83fa-28b057f185e3
20:15:08.143 [ForkJoinPool-1-worker-31] ERROR com.intuit.karate - status code was: 500, expected: 200, response time: 330, url: https://www.nationaalgeoregister.nl/geonetwork/srv/eng/thesaurus.download?ref=external.theme.inspire-theme, response: 
20:15:08.144 [ForkJoinPool-1-worker-31] ERROR com.intuit.karate - feature call (loop) failed at index: 3
caller: classpath:InspireTest/ngr/datasetrecords/def/checkxlinkurl.template.feature
arg: {"link":"https://www.nationaalgeoregister.nl/geonetwork/srv/eng/thesaurus.download?ref=external.theme.inspire-theme"}
checkxlinkurl.template.feature:15 - status code was: 500, expected: 200, response time: 330, url: https://www.nationaalgeoregister.nl/geonetwork/srv/eng/thesaurus.download?ref=external.theme.inspire-theme, response: 
20:15:08.179 [ForkJoinPool-1-worker-13] INFO  com.intuit.karate - [print] title:Richtlijn Stedelijk Afvalwater - agglomeraties Nederland EU2015
20:15:08.183 [ForkJoinPool-1-worker-13] INFO  com.intuit.karate - [print] Richtlijn Stedelijk Afvalwater - agglomeraties Nederland EU2015
20:15:08.192 [ForkJoinPool-1-worker-13] INFO  com.intuit.karate - [print] [
  "https://www.nationaalgeoregister.nl/geonetwork/srv/dut/catalog.search#/metadata/uwwtd-9d8e-4758-83fa-28b057f185e1",
  "http://rdfdata.eionet.europa.eu/inspirethemes/themes/24",
  "https://ngr.geocat.live/geonetwork/srv/eng/thesaurus.download?ref=external.theme.httpinspireeceuropaeumetadatacodelistPrioritydataset-Prioritydataset",
  "urn:ogc:def:crs:EPSG::5709"
]

20:15:08.200 [ForkJoinPool-1-worker-13] INFO  com.intuit.karate - [print]
20:15:08.201 [ForkJoinPool-1-worker-13] INFO  com.intuit.karate - [print] testing xlinkurl:https://www.nationaalgeoregister.nl/geonetwork/srv/dut/catalog.search#/metadata/uwwtd-9d8e-4758-83fa-28b057f185e1
20:15:08.205 [ForkJoinPool-1-worker-9] INFO  com.intuit.karate - [print]
20:15:08.205 [ForkJoinPool-1-worker-9] INFO  com.intuit.karate - [print] testing xlinkurl:https://www.nationaalgeoregister.nl/geonetwork/srv/api/recordsf44dac86-2228-412f-8355-e56446ca9933
20:15:08.246 [ForkJoinPool-1-worker-27] INFO  com.intuit.karate - [print]
20:15:08.246 [ForkJoinPool-1-worker-27] INFO  com.intuit.karate - [print] testing xlinkurl:
20:15:08.247 [ForkJoinPool-1-worker-27] ERROR com.intuit.karate - org.apache.http.client.ClientProtocolException, http call failed after 0 milliseconds for URL: 
20:15:08.247 [ForkJoinPool-1-worker-27] ERROR com.intuit.karate - http request failed: 
org.apache.http.client.ClientProtocolException
20:15:08.247 [ForkJoinPool-1-worker-27] ERROR com.intuit.karate - feature call (loop) failed at index: 1
caller: classpath:InspireTest/ngr/datasetrecords/def/checkxlinkurl.template.feature
arg: {"link":""}
checkxlinkurl.template.feature:14 - 
org.apache.http.client.ClientProtocolException
20:15:08.282 [ForkJoinPool-1-worker-3] INFO  com.intuit.karate - [print] title:Richtlijn Stedelijk Afvalwater - lozingspunten Nederland EU2015
20:15:08.282 [ForkJoinPool-1-worker-3] INFO  com.intuit.karate - [print] Richtlijn Stedelijk Afvalwater - lozingspunten Nederland EU2015
20:15:08.285 [ForkJoinPool-1-worker-3] INFO  com.intuit.karate - [print] [
  "https://www.nationaalgeoregister.nl/geonetwork/srv/dut/catalog.search#/metadata/uwwtd-9d8e-4758-83fa-28b057f185e2",
  "http://rdfdata.eionet.europa.eu/inspirethemes/themes/24",
  "https://ngr.geocat.live/geonetwork/srv/eng/thesaurus.download?ref=external.theme.httpinspireeceuropaeumetadatacodelistPrioritydataset-Prioritydataset",
  "urn:ogc:def:crs:EPSG::5709"
]

20:15:08.296 [ForkJoinPool-1-worker-3] INFO  com.intuit.karate - [print]
20:15:08.296 [ForkJoinPool-1-worker-3] INFO  com.intuit.karate - [print] testing xlinkurl:https://www.nationaalgeoregister.nl/geonetwork/srv/dut/catalog.search#/metadata/uwwtd-9d8e-4758-83fa-28b057f185e2
20:15:08.350 [ForkJoinPool-1-worker-21] INFO  com.intuit.karate - [print]
20:15:08.352 [ForkJoinPool-1-worker-21] INFO  com.intuit.karate - [print] testing xlinkurl:http://rdfdata.eionet.europa.eu/inspirethemes/themes/24
20:15:08.411 [ForkJoinPool-1-worker-23] INFO  com.intuit.karate - [print] title:Landelijk grondwaterregister - Faciliteiten voor productie en industrie
20:15:08.412 [ForkJoinPool-1-worker-23] INFO  com.intuit.karate - [print] Landelijk grondwaterregister - Faciliteiten voor productie en industrie
20:15:08.414 [ForkJoinPool-1-worker-23] INFO  com.intuit.karate - [print] [
  ""
]

20:15:08.446 [ForkJoinPool-1-worker-19] INFO  com.intuit.karate - [print] title:Stiltegebieden
20:15:08.457 [ForkJoinPool-1-worker-23] INFO  com.intuit.karate - [print]
20:15:08.458 [ForkJoinPool-1-worker-23] INFO  com.intuit.karate - [print] testing xlinkurl:
20:15:08.459 [ForkJoinPool-1-worker-23] ERROR com.intuit.karate - org.apache.http.client.ClientProtocolException, http call failed after 0 milliseconds for URL: 
20:15:08.459 [ForkJoinPool-1-worker-23] ERROR com.intuit.karate - http request failed: 
org.apache.http.client.ClientProtocolException
20:15:08.460 [ForkJoinPool-1-worker-23] ERROR com.intuit.karate - feature call (loop) failed at index: 0
caller: classpath:InspireTest/ngr/datasetrecords/def/checkxlinkurl.template.feature
arg: {"link":""}
checkxlinkurl.template.feature:14 - 
org.apache.http.client.ClientProtocolException
20:15:08.458 [ForkJoinPool-1-worker-19] INFO  com.intuit.karate - [print] Stiltegebieden
20:15:08.467 [ForkJoinPool-1-worker-19] INFO  com.intuit.karate - [print] [
  "http://www.opengis.net/def/crs/EPSG/0/http://www.opengis.net/def/crs/EPSG/0/3034",
  "http://nationaalgeoregister.nl/geonetwork/srv/dut/csw?SERVICE=CSW&version=2.0.2&REQUEST=GetRecordById&elementSetName=full&OutputSchema=http://www.isotc211.org/2005/gmd&ID=cc408b2d-09a6-4b2b-9aa3-b46bfe2f00a5",
  "https://creativecommons.org/publicdomain/mark/*/deed.nl",
  ""
]

20:15:08.474 [ForkJoinPool-1-worker-19] INFO  com.intuit.karate - [print]
20:15:08.474 [ForkJoinPool-1-worker-19] INFO  com.intuit.karate - [print] testing xlinkurl:http://www.opengis.net/def/crs/EPSG/0/http://www.opengis.net/def/crs/EPSG/0/3034
20:15:08.480 [ForkJoinPool-1-worker-5] INFO  com.intuit.karate - [print]
20:15:08.480 [ForkJoinPool-1-worker-5] INFO  com.intuit.karate - [print] testing xlinkurl:https://data.overheid.nl/organisatie/PDOK
20:15:08.555 [ForkJoinPool-1-worker-9] ERROR com.intuit.karate - status code was: 500, expected: 200, response time: 350, url: https://www.nationaalgeoregister.nl/geonetwork/srv/api/recordsf44dac86-2228-412f-8355-e56446ca9933, response: 
20:15:08.555 [ForkJoinPool-1-worker-9] ERROR com.intuit.karate - feature call (loop) failed at index: 1
caller: classpath:InspireTest/ngr/datasetrecords/def/checkxlinkurl.template.feature
arg: {"link":"https://www.nationaalgeoregister.nl/geonetwork/srv/api/recordsf44dac86-2228-412f-8355-e56446ca9933"}
checkxlinkurl.template.feature:15 - status code was: 500, expected: 200, response time: 350, url: https://www.nationaalgeoregister.nl/geonetwork/srv/api/recordsf44dac86-2228-412f-8355-e56446ca9933, response: 
20:15:08.556 [ForkJoinPool-1-worker-9] INFO  com.intuit.karate - [print]
20:15:08.556 [ForkJoinPool-1-worker-9] INFO  com.intuit.karate - [print] testing xlinkurl:www.hydro.nl
20:15:08.559 [ForkJoinPool-1-worker-21] ERROR com.intuit.karate - status code was: 404, expected: 200, response time: 200, url: http://rdfdata.eionet.europa.eu/inspirethemes/themes/24, response: 
20:15:08.559 [ForkJoinPool-1-worker-21] ERROR com.intuit.karate - feature call (loop) failed at index: 1
caller: classpath:InspireTest/ngr/datasetrecords/def/checkxlinkurl.template.feature
arg: {"link":"http://rdfdata.eionet.europa.eu/inspirethemes/themes/24"}
checkxlinkurl.template.feature:15 - status code was: 404, expected: 200, response time: 200, url: http://rdfdata.eionet.europa.eu/inspirethemes/themes/24, response: 
20:15:08.560 [ForkJoinPool-1-worker-21] INFO  com.intuit.karate - [print]
20:15:08.560 [ForkJoinPool-1-worker-21] INFO  com.intuit.karate - [print] testing xlinkurl:https://ngr.geocat.live/geonetwork/srv/eng/thesaurus.download?ref=external.theme.httpinspireeceuropaeumetadatacodelistPrioritydataset-Prioritydataset
20:15:08.565 [ForkJoinPool-1-worker-9] ERROR com.intuit.karate - org.apache.http.client.ClientProtocolException, http call failed after 0 milliseconds for URL: www.hydro.nl
20:15:08.566 [ForkJoinPool-1-worker-9] ERROR com.intuit.karate - http request failed: 
org.apache.http.client.ClientProtocolException
20:15:08.566 [ForkJoinPool-1-worker-9] ERROR com.intuit.karate - feature call (loop) failed at index: 2
caller: classpath:InspireTest/ngr/datasetrecords/def/checkxlinkurl.template.feature
arg: {"link":"www.hydro.nl"}
checkxlinkurl.template.feature:14 - 
org.apache.http.client.ClientProtocolException
20:15:08.580 [ForkJoinPool-1-worker-17] INFO  com.intuit.karate - [print] title:Monitoring stations (Nitraatrichtlijn) diepe filters
20:15:08.580 [ForkJoinPool-1-worker-17] INFO  com.intuit.karate - [print] Monitoring stations (Nitraatrichtlijn) diepe filters
20:15:08.581 [ForkJoinPool-1-worker-17] INFO  com.intuit.karate - [print] [
  "https://data.rivm.nl/inspire/id#36a7e8cb-8300-4602-93d2-135943365a6f"
]

20:15:08.586 [ForkJoinPool-1-worker-13] INFO  com.intuit.karate - [print]
20:15:08.586 [ForkJoinPool-1-worker-13] INFO  com.intuit.karate - [print] testing xlinkurl:http://rdfdata.eionet.europa.eu/inspirethemes/themes/24
20:15:08.593 [ForkJoinPool-1-worker-17] INFO  com.intuit.karate - [print]
20:15:08.593 [ForkJoinPool-1-worker-17] INFO  com.intuit.karate - [print] testing xlinkurl:https://data.rivm.nl/inspire/id#36a7e8cb-8300-4602-93d2-135943365a6f
20:15:08.628 [ForkJoinPool-1-worker-3] INFO  com.intuit.karate - [print]
20:15:08.628 [ForkJoinPool-1-worker-3] INFO  com.intuit.karate - [print] testing xlinkurl:http://rdfdata.eionet.europa.eu/inspirethemes/themes/24
20:15:08.708 [ForkJoinPool-1-worker-31] INFO  com.intuit.karate - [print] title:Beperkingen voor voertuigen (INSPIRE geharmoniseerde data)
20:15:08.708 [ForkJoinPool-1-worker-31] INFO  com.intuit.karate - [print] Beperkingen voor voertuigen (INSPIRE geharmoniseerde data)
20:15:08.709 [ForkJoinPool-1-worker-31] INFO  com.intuit.karate - [print] [
  "http://inspire.rdw.nl/www/download/Licentie-Geogedeeld-RDW.pdf",
  ""
]

20:15:08.713 [ForkJoinPool-1-worker-31] INFO  com.intuit.karate - [print]
20:15:08.713 [ForkJoinPool-1-worker-31] INFO  com.intuit.karate - [print] testing xlinkurl:http://inspire.rdw.nl/www/download/Licentie-Geogedeeld-RDW.pdf
20:15:08.772 [ForkJoinPool-1-worker-19] INFO  com.intuit.karate - [print]
20:15:08.773 [ForkJoinPool-1-worker-19] INFO  com.intuit.karate - [print] testing xlinkurl:http://nationaalgeoregister.nl/geonetwork/srv/dut/csw?SERVICE=CSW&version=2.0.2&REQUEST=GetRecordById&elementSetName=full&OutputSchema=http://www.isotc211.org/2005/gmd&ID=cc408b2d-09a6-4b2b-9aa3-b46bfe2f00a5
20:15:08.786 [ForkJoinPool-1-worker-13] ERROR com.intuit.karate - status code was: 404, expected: 200, response time: 199, url: http://rdfdata.eionet.europa.eu/inspirethemes/themes/24, response: 
20:15:08.786 [ForkJoinPool-1-worker-13] ERROR com.intuit.karate - feature call (loop) failed at index: 1
caller: classpath:InspireTest/ngr/datasetrecords/def/checkxlinkurl.template.feature
arg: {"link":"http://rdfdata.eionet.europa.eu/inspirethemes/themes/24"}
checkxlinkurl.template.feature:15 - status code was: 404, expected: 200, response time: 199, url: http://rdfdata.eionet.europa.eu/inspirethemes/themes/24, response: 
20:15:08.787 [ForkJoinPool-1-worker-13] INFO  com.intuit.karate - [print]
20:15:08.787 [ForkJoinPool-1-worker-13] INFO  com.intuit.karate - [print] testing xlinkurl:https://ngr.geocat.live/geonetwork/srv/eng/thesaurus.download?ref=external.theme.httpinspireeceuropaeumetadatacodelistPrioritydataset-Prioritydataset
20:15:08.829 [ForkJoinPool-1-worker-3] ERROR com.intuit.karate - status code was: 404, expected: 200, response time: 200, url: http://rdfdata.eionet.europa.eu/inspirethemes/themes/24, response: 
20:15:08.829 [ForkJoinPool-1-worker-3] ERROR com.intuit.karate - feature call (loop) failed at index: 1
caller: classpath:InspireTest/ngr/datasetrecords/def/checkxlinkurl.template.feature
arg: {"link":"http://rdfdata.eionet.europa.eu/inspirethemes/themes/24"}
checkxlinkurl.template.feature:15 - status code was: 404, expected: 200, response time: 200, url: http://rdfdata.eionet.europa.eu/inspirethemes/themes/24, response: 
20:15:08.830 [ForkJoinPool-1-worker-3] INFO  com.intuit.karate - [print]
20:15:08.830 [ForkJoinPool-1-worker-3] INFO  com.intuit.karate - [print] testing xlinkurl:https://ngr.geocat.live/geonetwork/srv/eng/thesaurus.download?ref=external.theme.httpinspireeceuropaeumetadatacodelistPrioritydataset-Prioritydataset
20:15:08.876 [ForkJoinPool-1-worker-21] ERROR com.intuit.karate - status code was: 500, expected: 200, response time: 316, url: https://ngr.geocat.live/geonetwork/srv/eng/thesaurus.download?ref=external.theme.httpinspireeceuropaeumetadatacodelistPrioritydataset-Prioritydataset, response: 
20:15:08.877 [ForkJoinPool-1-worker-21] ERROR com.intuit.karate - feature call (loop) failed at index: 2
caller: classpath:InspireTest/ngr/datasetrecords/def/checkxlinkurl.template.feature
arg: {"link":"https://ngr.geocat.live/geonetwork/srv/eng/thesaurus.download?ref=external.theme.httpinspireeceuropaeumetadatacodelistPrioritydataset-Prioritydataset"}
checkxlinkurl.template.feature:15 - status code was: 500, expected: 200, response time: 316, url: https://ngr.geocat.live/geonetwork/srv/eng/thesaurus.download?ref=external.theme.httpinspireeceuropaeumetadatacodelistPrioritydataset-Prioritydataset, response: 
20:15:08.879 [ForkJoinPool-1-worker-27] INFO  com.intuit.karate - [print] title:Landelijk zoet en zoutwatermeetnet - Rijkswaterstaat
20:15:08.880 [ForkJoinPool-1-worker-21] INFO  com.intuit.karate - [print]
20:15:08.880 [ForkJoinPool-1-worker-27] INFO  com.intuit.karate - [print] Landelijk zoet en zoutwatermeetnet - Rijkswaterstaat
20:15:08.880 [ForkJoinPool-1-worker-21] INFO  com.intuit.karate - [print] testing xlinkurl:urn:ogc:def:crs:EPSG::5709
20:15:08.880 [ForkJoinPool-1-worker-21] ERROR com.intuit.karate - org.apache.http.client.ClientProtocolException: URI does not specify a valid host name: urn:ogc:def:crs:EPSG::5709, http call failed after 0 milliseconds for URL: urn:ogc:def:crs:EPSG::5709
20:15:08.880 [ForkJoinPool-1-worker-21] ERROR com.intuit.karate - http request failed: 
org.apache.http.client.ClientProtocolException: URI does not specify a valid host name: urn:ogc:def:crs:EPSG::5709
20:15:08.880 [ForkJoinPool-1-worker-21] ERROR com.intuit.karate - feature call (loop) failed at index: 3
caller: classpath:InspireTest/ngr/datasetrecords/def/checkxlinkurl.template.feature
arg: {"link":"urn:ogc:def:crs:EPSG::5709"}
checkxlinkurl.template.feature:14 - 
org.apache.http.client.ClientProtocolException: URI does not specify a valid host name: urn:ogc:def:crs:EPSG::5709
20:15:08.884 [ForkJoinPool-1-worker-27] INFO  com.intuit.karate - [print] [
  "https://www.nationaalgeoregister.nl/geonetwork/srv/dut/catalog.search#/metadata/68ebd5c9-0ea1-4f22-9907-ec4c063cd3e2",
  "http://rdfdata.eionet.europa.eu/inspirethemes/themes/20",
  "urn:ogc:def:crs:EPSG::5709"
]

20:15:08.890 [ForkJoinPool-1-worker-27] INFO  com.intuit.karate - [print]
20:15:08.891 [ForkJoinPool-1-worker-27] INFO  com.intuit.karate - [print] testing xlinkurl:https://www.nationaalgeoregister.nl/geonetwork/srv/dut/catalog.search#/metadata/68ebd5c9-0ea1-4f22-9907-ec4c063cd3e2
20:15:08.951 [ForkJoinPool-1-worker-17] ERROR com.intuit.karate - javax.net.ssl.SSLException: Connection reset, http call failed after 358 milliseconds for URL: https://data.rivm.nl/inspire/id#36a7e8cb-8300-4602-93d2-135943365a6f
20:15:08.951 [ForkJoinPool-1-worker-17] ERROR com.intuit.karate - http request failed: 
javax.net.ssl.SSLException: Connection reset
20:15:08.951 [ForkJoinPool-1-worker-17] ERROR com.intuit.karate - feature call (loop) failed at index: 0
caller: classpath:InspireTest/ngr/datasetrecords/def/checkxlinkurl.template.feature
arg: {"link":"https://data.rivm.nl/inspire/id#36a7e8cb-8300-4602-93d2-135943365a6f"}
checkxlinkurl.template.feature:14 - 
javax.net.ssl.SSLException: Connection reset
20:15:09.036 [ForkJoinPool-1-worker-23] INFO  com.intuit.karate - [print] title:Geluidkaart hoofdspoornet 2016 (Lden)
20:15:09.036 [ForkJoinPool-1-worker-23] INFO  com.intuit.karate - [print] Geluidkaart hoofdspoornet 2016 (Lden)
20:15:09.038 [ForkJoinPool-1-worker-23] INFO  com.intuit.karate - [print] [
  "https://www.nationaalgeoregister.nl/geonetwork/srv/api/recordsc3c004ad-5387-4b00-a225-9afbcaa5d31b"
]

20:15:09.044 [ForkJoinPool-1-worker-31] INFO  com.intuit.karate - [print]
20:15:09.044 [ForkJoinPool-1-worker-31] INFO  com.intuit.karate - [print] testing xlinkurl:
20:15:09.044 [ForkJoinPool-1-worker-31] ERROR com.intuit.karate - org.apache.http.client.ClientProtocolException, http call failed after 0 milliseconds for URL: 
20:15:09.044 [ForkJoinPool-1-worker-31] ERROR com.intuit.karate - http request failed: 
org.apache.http.client.ClientProtocolException
20:15:09.044 [ForkJoinPool-1-worker-31] ERROR com.intuit.karate - feature call (loop) failed at index: 1
caller: classpath:InspireTest/ngr/datasetrecords/def/checkxlinkurl.template.feature
arg: {"link":""}
checkxlinkurl.template.feature:14 - 
org.apache.http.client.ClientProtocolException
20:15:09.046 [ForkJoinPool-1-worker-23] INFO  com.intuit.karate - [print]
20:15:09.050 [ForkJoinPool-1-worker-23] INFO  com.intuit.karate - [print] testing xlinkurl:https://www.nationaalgeoregister.nl/geonetwork/srv/api/recordsc3c004ad-5387-4b00-a225-9afbcaa5d31b
20:15:09.099 [ForkJoinPool-1-worker-13] ERROR com.intuit.karate - status code was: 500, expected: 200, response time: 311, url: https://ngr.geocat.live/geonetwork/srv/eng/thesaurus.download?ref=external.theme.httpinspireeceuropaeumetadatacodelistPrioritydataset-Prioritydataset, response: 
20:15:09.099 [ForkJoinPool-1-worker-13] ERROR com.intuit.karate - feature call (loop) failed at index: 2
caller: classpath:InspireTest/ngr/datasetrecords/def/checkxlinkurl.template.feature
arg: {"link":"https://ngr.geocat.live/geonetwork/srv/eng/thesaurus.download?ref=external.theme.httpinspireeceuropaeumetadatacodelistPrioritydataset-Prioritydataset"}
checkxlinkurl.template.feature:15 - status code was: 500, expected: 200, response time: 311, url: https://ngr.geocat.live/geonetwork/srv/eng/thesaurus.download?ref=external.theme.httpinspireeceuropaeumetadatacodelistPrioritydataset-Prioritydataset, response: 
20:15:09.100 [ForkJoinPool-1-worker-13] INFO  com.intuit.karate - [print]
20:15:09.102 [ForkJoinPool-1-worker-13] INFO  com.intuit.karate - [print] testing xlinkurl:urn:ogc:def:crs:EPSG::5709
20:15:09.103 [ForkJoinPool-1-worker-13] ERROR com.intuit.karate - org.apache.http.client.ClientProtocolException: URI does not specify a valid host name: urn:ogc:def:crs:EPSG::5709, http call failed after 0 milliseconds for URL: urn:ogc:def:crs:EPSG::5709
20:15:09.103 [ForkJoinPool-1-worker-13] ERROR com.intuit.karate - http request failed: 
org.apache.http.client.ClientProtocolException: URI does not specify a valid host name: urn:ogc:def:crs:EPSG::5709
20:15:09.103 [ForkJoinPool-1-worker-13] ERROR com.intuit.karate - feature call (loop) failed at index: 3
caller: classpath:InspireTest/ngr/datasetrecords/def/checkxlinkurl.template.feature
arg: {"link":"urn:ogc:def:crs:EPSG::5709"}
checkxlinkurl.template.feature:14 - 
org.apache.http.client.ClientProtocolException: URI does not specify a valid host name: urn:ogc:def:crs:EPSG::5709
20:15:09.140 [ForkJoinPool-1-worker-3] ERROR com.intuit.karate - status code was: 500, expected: 200, response time: 309, url: https://ngr.geocat.live/geonetwork/srv/eng/thesaurus.download?ref=external.theme.httpinspireeceuropaeumetadatacodelistPrioritydataset-Prioritydataset, response: 
20:15:09.140 [ForkJoinPool-1-worker-3] ERROR com.intuit.karate - feature call (loop) failed at index: 2
caller: classpath:InspireTest/ngr/datasetrecords/def/checkxlinkurl.template.feature
arg: {"link":"https://ngr.geocat.live/geonetwork/srv/eng/thesaurus.download?ref=external.theme.httpinspireeceuropaeumetadatacodelistPrioritydataset-Prioritydataset"}
checkxlinkurl.template.feature:15 - status code was: 500, expected: 200, response time: 309, url: https://ngr.geocat.live/geonetwork/srv/eng/thesaurus.download?ref=external.theme.httpinspireeceuropaeumetadatacodelistPrioritydataset-Prioritydataset, response: 
20:15:09.141 [ForkJoinPool-1-worker-3] INFO  com.intuit.karate - [print]
20:15:09.141 [ForkJoinPool-1-worker-3] INFO  com.intuit.karate - [print] testing xlinkurl:urn:ogc:def:crs:EPSG::5709
20:15:09.141 [ForkJoinPool-1-worker-3] ERROR com.intuit.karate - org.apache.http.client.ClientProtocolException: URI does not specify a valid host name: urn:ogc:def:crs:EPSG::5709, http call failed after 0 milliseconds for URL: urn:ogc:def:crs:EPSG::5709
20:15:09.141 [ForkJoinPool-1-worker-3] ERROR com.intuit.karate - http request failed: 
org.apache.http.client.ClientProtocolException: URI does not specify a valid host name: urn:ogc:def:crs:EPSG::5709
20:15:09.141 [ForkJoinPool-1-worker-3] ERROR com.intuit.karate - feature call (loop) failed at index: 3
caller: classpath:InspireTest/ngr/datasetrecords/def/checkxlinkurl.template.feature
arg: {"link":"urn:ogc:def:crs:EPSG::5709"}
checkxlinkurl.template.feature:14 - 
org.apache.http.client.ClientProtocolException: URI does not specify a valid host name: urn:ogc:def:crs:EPSG::5709
20:15:09.157 [ForkJoinPool-1-worker-9] INFO  com.intuit.karate - [print] title:Natura 2000 (INSPIRE geharmoniseerd)
20:15:09.157 [ForkJoinPool-1-worker-9] INFO  com.intuit.karate - [print] Natura 2000 (INSPIRE geharmoniseerd)
20:15:09.160 [ForkJoinPool-1-worker-9] INFO  com.intuit.karate - [print] [
  "http://standaarden.overheid.nl/owms/terms/Ministerie_van_Landbouw,_Natuur_en_Voedselkwaliteit",
  "http://nationaalgeoregister.nl/geonetwork/srv/dut/catalog.search#/metadata/280ed37a-b8d2-4ac5-8567-04d84fad3a41",
  "https://creativecommons.org/publicdomain/mark/*/deed.nl",
  "https://data.overheid.nl/organisatie/PDOK"
]

20:15:09.169 [ForkJoinPool-1-worker-9] INFO  com.intuit.karate - [print]
20:15:09.170 [ForkJoinPool-1-worker-9] INFO  com.intuit.karate - [print] testing xlinkurl:http://standaarden.overheid.nl/owms/terms/Ministerie_van_Landbouw,_Natuur_en_Voedselkwaliteit
20:15:09.201 [ForkJoinPool-1-worker-27] INFO  com.intuit.karate - [print]
20:15:09.201 [ForkJoinPool-1-worker-27] INFO  com.intuit.karate - [print] testing xlinkurl:http://rdfdata.eionet.europa.eu/inspirethemes/themes/20
20:15:09.244 [ForkJoinPool-1-worker-19] INFO  com.intuit.karate - [print]
20:15:09.244 [ForkJoinPool-1-worker-19] INFO  com.intuit.karate - [print] testing xlinkurl:https://creativecommons.org/publicdomain/mark/*/deed.nl
20:15:09.293 [ForkJoinPool-1-worker-19] ERROR com.intuit.karate - status code was: 404, expected: 200, response time: 48, url: https://creativecommons.org/publicdomain/mark/*/deed.nl, response: 
20:15:09.293 [ForkJoinPool-1-worker-19] ERROR com.intuit.karate - feature call (loop) failed at index: 2
caller: classpath:InspireTest/ngr/datasetrecords/def/checkxlinkurl.template.feature
arg: {"link":"https://creativecommons.org/publicdomain/mark/*/deed.nl"}
checkxlinkurl.template.feature:15 - status code was: 404, expected: 200, response time: 48, url: https://creativecommons.org/publicdomain/mark/*/deed.nl, response: 
20:15:09.297 [ForkJoinPool-1-worker-19] INFO  com.intuit.karate - [print]
20:15:09.297 [ForkJoinPool-1-worker-19] INFO  com.intuit.karate - [print] testing xlinkurl:
20:15:09.298 [ForkJoinPool-1-worker-19] ERROR com.intuit.karate - org.apache.http.client.ClientProtocolException, http call failed after 0 milliseconds for URL: 
20:15:09.298 [ForkJoinPool-1-worker-19] ERROR com.intuit.karate - http request failed: 
org.apache.http.client.ClientProtocolException
20:15:09.299 [ForkJoinPool-1-worker-19] ERROR com.intuit.karate - feature call (loop) failed at index: 3
caller: classpath:InspireTest/ngr/datasetrecords/def/checkxlinkurl.template.feature
arg: {"link":""}
checkxlinkurl.template.feature:14 - 
org.apache.http.client.ClientProtocolException
20:15:09.362 [ForkJoinPool-1-worker-23] ERROR com.intuit.karate - status code was: 500, expected: 200, response time: 312, url: https://www.nationaalgeoregister.nl/geonetwork/srv/api/recordsc3c004ad-5387-4b00-a225-9afbcaa5d31b, response: 
20:15:09.362 [ForkJoinPool-1-worker-23] ERROR com.intuit.karate - feature call (loop) failed at index: 0
caller: classpath:InspireTest/ngr/datasetrecords/def/checkxlinkurl.template.feature
arg: {"link":"https://www.nationaalgeoregister.nl/geonetwork/srv/api/recordsc3c004ad-5387-4b00-a225-9afbcaa5d31b"}
checkxlinkurl.template.feature:15 - status code was: 500, expected: 200, response time: 312, url: https://www.nationaalgeoregister.nl/geonetwork/srv/api/recordsc3c004ad-5387-4b00-a225-9afbcaa5d31b, response: 
20:15:09.402 [ForkJoinPool-1-worker-27] ERROR com.intuit.karate - status code was: 404, expected: 200, response time: 200, url: http://rdfdata.eionet.europa.eu/inspirethemes/themes/20, response: 
20:15:09.402 [ForkJoinPool-1-worker-27] ERROR com.intuit.karate - feature call (loop) failed at index: 1
caller: classpath:InspireTest/ngr/datasetrecords/def/checkxlinkurl.template.feature
arg: {"link":"http://rdfdata.eionet.europa.eu/inspirethemes/themes/20"}
checkxlinkurl.template.feature:15 - status code was: 404, expected: 200, response time: 200, url: http://rdfdata.eionet.europa.eu/inspirethemes/themes/20, response: 
20:15:09.403 [ForkJoinPool-1-worker-27] INFO  com.intuit.karate - [print]
20:15:09.403 [ForkJoinPool-1-worker-27] INFO  com.intuit.karate - [print] testing xlinkurl:urn:ogc:def:crs:EPSG::5709
20:15:09.404 [ForkJoinPool-1-worker-27] ERROR com.intuit.karate - org.apache.http.client.ClientProtocolException: URI does not specify a valid host name: urn:ogc:def:crs:EPSG::5709, http call failed after 0 milliseconds for URL: urn:ogc:def:crs:EPSG::5709
20:15:09.404 [ForkJoinPool-1-worker-27] ERROR com.intuit.karate - http request failed: 
org.apache.http.client.ClientProtocolException: URI does not specify a valid host name: urn:ogc:def:crs:EPSG::5709
20:15:09.404 [ForkJoinPool-1-worker-27] ERROR com.intuit.karate - feature call (loop) failed at index: 2
caller: classpath:InspireTest/ngr/datasetrecords/def/checkxlinkurl.template.feature
arg: {"link":"urn:ogc:def:crs:EPSG::5709"}
checkxlinkurl.template.feature:14 - 
org.apache.http.client.ClientProtocolException: URI does not specify a valid host name: urn:ogc:def:crs:EPSG::5709
20:15:09.619 [ForkJoinPool-1-worker-5] ERROR com.intuit.karate - status code was: 404, expected: 200, response time: 584, url: https://data.overheid.nl/organisatie/PDOK, response: 
20:15:09.619 [ForkJoinPool-1-worker-5] ERROR com.intuit.karate - feature call (loop) failed at index: 4
caller: classpath:InspireTest/ngr/datasetrecords/def/checkxlinkurl.template.feature
arg: {"link":"https://data.overheid.nl/organisatie/PDOK"}
checkxlinkurl.template.feature:15 - status code was: 404, expected: 200, response time: 584, url: https://data.overheid.nl/organisatie/PDOK, response: 
20:15:09.706 [ForkJoinPool-1-worker-9] INFO  com.intuit.karate - [print]
20:15:09.706 [ForkJoinPool-1-worker-9] INFO  com.intuit.karate - [print] testing xlinkurl:http://nationaalgeoregister.nl/geonetwork/srv/dut/catalog.search#/metadata/280ed37a-b8d2-4ac5-8567-04d84fad3a41
20:15:09.926 [ForkJoinPool-1-worker-9] INFO  com.intuit.karate - [print]
20:15:09.926 [ForkJoinPool-1-worker-9] INFO  com.intuit.karate - [print] testing xlinkurl:https://creativecommons.org/publicdomain/mark/*/deed.nl
20:15:09.964 [ForkJoinPool-1-worker-9] ERROR com.intuit.karate - status code was: 404, expected: 200, response time: 37, url: https://creativecommons.org/publicdomain/mark/*/deed.nl, response: 
20:15:09.965 [ForkJoinPool-1-worker-9] ERROR com.intuit.karate - feature call (loop) failed at index: 2
caller: classpath:InspireTest/ngr/datasetrecords/def/checkxlinkurl.template.feature
arg: {"link":"https://creativecommons.org/publicdomain/mark/*/deed.nl"}
checkxlinkurl.template.feature:15 - status code was: 404, expected: 200, response time: 37, url: https://creativecommons.org/publicdomain/mark/*/deed.nl, response: 
20:15:09.966 [ForkJoinPool-1-worker-9] INFO  com.intuit.karate - [print]
20:15:09.966 [ForkJoinPool-1-worker-9] INFO  com.intuit.karate - [print] testing xlinkurl:https://data.overheid.nl/organisatie/PDOK
20:15:11.070 [ForkJoinPool-1-worker-9] ERROR com.intuit.karate - status code was: 404, expected: 200, response time: 557, url: https://data.overheid.nl/organisatie/PDOK, response: 
20:15:11.071 [ForkJoinPool-1-worker-9] ERROR com.intuit.karate - feature call (loop) failed at index: 3
caller: classpath:InspireTest/ngr/datasetrecords/def/checkxlinkurl.template.feature
arg: {"link":"https://data.overheid.nl/organisatie/PDOK"}
checkxlinkurl.template.feature:15 - status code was: 404, expected: 200, response time: 557, url: https://data.overheid.nl/organisatie/PDOK, response: 
20:15:13.666 [pool-1-thread-2] INFO  com.intuit.karate.Runner - <<fail>> feature 2 of 6: classpath:InspireTest/ngr/datasetrecords/ngr-check-dataset-record.feature
---------------------------------------------------------
feature: classpath:InspireTest/ngr/datasetrecords/ngr-check-dataset-record.feature
report: target/surefire-reports/InspireTest.ngr.datasetrecords.ngr-check-dataset-record.json
scenarios: 199 | passed: 20 | failed: 179 | time: 267.2682
---------------------------------------------------------
Karate version: 0.9.5
======================================================
elapsed: 159.41 | threads:   10 | thread time: 1066.11 
features:     4 | ignored:    2 | efficiency: 0.67
scenarios:  378 | passed:   190 | failed: 188
======================================================
failed features:
InspireTest.ngr.datasetrecords.check-known-links: [1.22:4] check-known-links.feature:10 - feature call (loop) failed: classpath:InspireTest/ngr/datasetrecords/def/checkxlinkurl.template.feature
caller: classpath:InspireTest/ngr/datasetrecords/check-known-links.feature
items: [{link=http://inspire.ec.europa.eu/metadata-codelist/ConditionsApplyingToAccessAndUse/noConditionsApply}]
errors:
-------
feature call (loop) failed at index: 0
caller: classpath:InspireTest/ngr/datasetrecords/def/checkxlinkurl.template.feature
arg: {"link":"http://inspire.ec.europa.eu/metadata-codelist/ConditionsApplyingToAccessAndUse/noConditionsApply"}
checkxlinkurl.template.feature:14 - 
java.net.SocketTimeoutException: Read timed out
[1.23:4] check-known-links.feature:10 - feature call (loop) failed: classpath:InspireTest/ngr/datasetrecords/def/checkxlinkurl.template.feature
caller: classpath:InspireTest/ngr/datasetrecords/check-known-links.feature
items: [{link=http://inspire.ec.europa.eu/metadata-codelist/LimitationsOnPublicAccess/INSPIRE_Directive_Article13_1f}]
errors:
-------
feature call (loop) failed at index: 0
caller: classpath:InspireTest/ngr/datasetrecords/def/checkxlinkurl.template.feature
arg: {"link":"http://inspire.ec.europa.eu/metadata-codelist/LimitationsOnPublicAccess/INSPIRE_Directive_Article13_1f"}
checkxlinkurl.template.feature:14 - 
java.net.SocketTimeoutException: Read timed out
[1.26:4] check-known-links.feature:10 - feature call (loop) failed: classpath:InspireTest/ngr/datasetrecords/def/checkxlinkurl.template.feature
caller: classpath:InspireTest/ngr/datasetrecords/check-known-links.feature
items: [{link=http://inspire.ec.europa.eu/metadata-codelist/OnLineDescriptionCode/endPoint}]
errors:
-------
feature call (loop) failed at index: 0
caller: classpath:InspireTest/ngr/datasetrecords/def/checkxlinkurl.template.feature
arg: {"link":"http://inspire.ec.europa.eu/metadata-codelist/OnLineDescriptionCode/endPoint"}
checkxlinkurl.template.feature:14 - 
java.net.SocketTimeoutException: Read timed out
[1.27:4] check-known-links.feature:10 - feature call (loop) failed: classpath:InspireTest/ngr/datasetrecords/def/checkxlinkurl.template.feature
caller: classpath:InspireTest/ngr/datasetrecords/check-known-links.feature
items: [{link=http://inspire.ec.europa.eu/metadata-codelist/PriorityDataset}]
errors:
-------
feature call (loop) failed at index: 0
caller: classpath:InspireTest/ngr/datasetrecords/def/checkxlinkurl.template.feature
arg: {"link":"http://inspire.ec.europa.eu/metadata-codelist/PriorityDataset"}
checkxlinkurl.template.feature:14 - 
java.net.SocketTimeoutException: Read timed out
[1.32:4] check-known-links.feature:10 - feature call (loop) failed: classpath:InspireTest/ngr/datasetrecords/def/checkxlinkurl.template.feature
caller: classpath:InspireTest/ngr/datasetrecords/check-known-links.feature
items: [{link=http://inspire.ec.europa.eu/metadata-codelist/PriorityDataset/BirdsRange-dir-2009-147}]
errors:
-------
feature call (loop) failed at index: 0
caller: classpath:InspireTest/ngr/datasetrecords/def/checkxlinkurl.template.feature
arg: {"link":"http://inspire.ec.europa.eu/metadata-codelist/PriorityDataset/BirdsRange-dir-2009-147"}
checkxlinkurl.template.feature:14 - 
java.net.SocketTimeoutException: Read timed out
[1.45:4] check-known-links.feature:10 - feature call (loop) failed: classpath:InspireTest/ngr/datasetrecords/def/checkxlinkurl.template.feature
caller: classpath:InspireTest/ngr/datasetrecords/check-known-links.feature
items: [{link=http://inspire.ec.europa.eu/metadata-codelist/PriorityDataset/MajorAirportsNoiseExposureDelineationNight-dir-2002-49}]
errors:
-------
feature call (loop) failed at index: 0
caller: classpath:InspireTest/ngr/datasetrecords/def/checkxlinkurl.template.feature
arg: {"link":"http://inspire.ec.europa.eu/metadata-codelist/PriorityDataset/MajorAirportsNoiseExposureDelineationNight-dir-2002-49"}
checkxlinkurl.template.feature:14 - 
java.net.SocketTimeoutException: Read timed out
[1.47:4] check-known-links.feature:10 - feature call (loop) failed: classpath:InspireTest/ngr/datasetrecords/def/checkxlinkurl.template.feature
caller: classpath:InspireTest/ngr/datasetrecords/check-known-links.feature
items: [{link=http://inspire.ec.europa.eu/metadata-codelist/PriorityDataset/MajorRailwaysNoiseExposureDelineationNight-dir-2002-49}]
errors:
-------
feature call (loop) failed at index: 0
caller: classpath:InspireTest/ngr/datasetrecords/def/checkxlinkurl.template.feature
arg: {"link":"http://inspire.ec.europa.eu/metadata-codelist/PriorityDataset/MajorRailwaysNoiseExposureDelineationNight-dir-2002-49"}
checkxlinkurl.template.feature:14 - 
java.net.SocketTimeoutException: Read timed out
[1.50:4] check-known-links.feature:10 - feature call (loop) failed: classpath:InspireTest/ngr/datasetrecords/def/checkxlinkurl.template.feature
caller: classpath:InspireTest/ngr/datasetrecords/check-known-links.feature
items: [{link=http://inspire.ec.europa.eu/metadata-codelist/PriorityDataset/ManagementUnits-dir-2007-60}]
errors:
-------
feature call (loop) failed at index: 0
caller: classpath:InspireTest/ngr/datasetrecords/def/checkxlinkurl.template.feature
arg: {"link":"http://inspire.ec.europa.eu/metadata-codelist/PriorityDataset/ManagementUnits-dir-2007-60"}
checkxlinkurl.template.feature:14 - 
java.net.SocketTimeoutException: Read timed out
[1.58:4] check-known-links.feature:10 - feature call (loop) failed: classpath:InspireTest/ngr/datasetrecords/def/checkxlinkurl.template.feature
caller: classpath:InspireTest/ngr/datasetrecords/check-known-links.feature
items: [{link=http://inspire.ec.europa.eu/metadata-codelist/PriorityDataset/RiverBasinDistricts-dir-2000-60}]
errors:
-------
feature call (loop) failed at index: 0
caller: classpath:InspireTest/ngr/datasetrecords/def/checkxlinkurl.template.feature
arg: {"link":"http://inspire.ec.europa.eu/metadata-codelist/PriorityDataset/RiverBasinDistricts-dir-2000-60"}
checkxlinkurl.template.feature:14 - 
org.apache.http.conn.HttpHostConnectException: Connect to inspire.ec.europa.eu:443 [inspire.ec.europa.eu/139.191.229.30] failed: Connection refused
InspireTest.ngr.datasetrecords.ngr-check-dataset-record: [1.1:16] ngr-check-dataset-record.feature:69 - feature call (loop) failed: classpath:InspireTest/ngr/datasetrecords/def/checkxlinkurl.template.feature
caller: classpath:InspireTest/ngr/datasetrecords/ngr-check-dataset-record.feature
items: [{link=https://nationaalgeoregister.nl/geonetwork/srv/resources49e49382-674d-4ce8-9f4a-ba4dd2265eef}, {link=http://rdfdata.eionet.europa.eu/inspirethemes/themes/33}, {link=http://geonetwork-opensource.org/inspire-theme#}, {link=https://www.nationaalgeoregister.nl/geonetwork/srv/eng/thesaurus.download?ref=external.theme.inspire-theme}]
errors:
-------
feature call (loop) failed at index: 0
caller: classpath:InspireTest/ngr/datasetrecords/def/checkxlinkurl.template.feature
arg: {"link":"https://nationaalgeoregister.nl/geonetwork/srv/resources49e49382-674d-4ce8-9f4a-ba4dd2265eef"}
checkxlinkurl.template.feature:15 - status code was: 404, expected: 200, response time: 285, url: https://nationaalgeoregister.nl/geonetwork/srv/resources49e49382-674d-4ce8-9f4a-ba4dd2265eef, response: 
-------
feature call (loop) failed at index: 1
caller: classpath:InspireTest/ngr/datasetrecords/def/checkxlinkurl.template.feature
arg: {"link":"http://rdfdata.eionet.europa.eu/inspirethemes/themes/33"}
checkxlinkurl.template.feature:15 - status code was: 404, expected: 200, response time: 478, url: http://rdfdata.eionet.europa.eu/inspirethemes/themes/33, response: 
-------
feature call (loop) failed at index: 2
caller: classpath:InspireTest/ngr/datasetrecords/def/checkxlinkurl.template.feature
arg: {"link":"http://geonetwork-opensource.org/inspire-theme#"}
checkxlinkurl.template.feature:15 - status code was: 404, expected: 200, response time: 397, url: http://geonetwork-opensource.org/inspire-theme#, response: 
-------
feature call (loop) failed at index: 3
caller: classpath:InspireTest/ngr/datasetrecords/def/checkxlinkurl.template.feature
arg: {"link":"https://www.nationaalgeoregister.nl/geonetwork/srv/eng/thesaurus.download?ref=external.theme.inspire-theme"}
checkxlinkurl.template.feature:15 - status code was: 500, expected: 200, response time: 321, url: https://www.nationaalgeoregister.nl/geonetwork/srv/eng/thesaurus.download?ref=external.theme.inspire-theme, response: 
[1.3:16] ngr-check-dataset-record.feature:69 - feature call (loop) failed: classpath:InspireTest/ngr/datasetrecords/def/checkxlinkurl.template.feature
caller: classpath:InspireTest/ngr/datasetrecords/ngr-check-dataset-record.feature
items: [{link=http://www.opengis.net/def/crs/EPSG/0/http://www.opengis.net/def/crs/EPSG/0/4258}, {link=http://kadaster/29f0fa66-3928-4e95-ae30-5b1eab818ac1}]
errors:
-------
feature call (loop) failed at index: 1
caller: classpath:InspireTest/ngr/datasetrecords/def/checkxlinkurl.template.feature
arg: {"link":"http://kadaster/29f0fa66-3928-4e95-ae30-5b1eab818ac1"}
checkxlinkurl.template.feature:14 - 
java.net.UnknownHostException: kadaster: Temporary failure in name resolution
[1.4:16] ngr-check-dataset-record.feature:69 - feature call (loop) failed: classpath:InspireTest/ngr/datasetrecords/def/checkxlinkurl.template.feature
caller: classpath:InspireTest/ngr/datasetrecords/ngr-check-dataset-record.feature
items: [{link=https://nationaalgeoregister.nl/geonetwork/srv/resources7e290e63-f991-4cc3-beff-1ff08ce2be77}, {link=https://www.nationaalgeoregister.nl/geonetwork/srv/eng/thesaurus.download?ref=external.theme.inspire-theme}]
errors:
-------
feature call (loop) failed at index: 0
caller: classpath:InspireTest/ngr/datasetrecords/def/checkxlinkurl.template.feature
arg: {"link":"https://nationaalgeoregister.nl/geonetwork/srv/resources7e290e63-f991-4cc3-beff-1ff08ce2be77"}
checkxlinkurl.template.feature:15 - status code was: 404, expected: 200, response time: 281, url: https://nationaalgeoregister.nl/geonetwork/srv/resources7e290e63-f991-4cc3-beff-1ff08ce2be77, response: 
-------
feature call (loop) failed at index: 1
caller: classpath:InspireTest/ngr/datasetrecords/def/checkxlinkurl.template.feature
arg: {"link":"https://www.nationaalgeoregister.nl/geonetwork/srv/eng/thesaurus.download?ref=external.theme.inspire-theme"}
checkxlinkurl.template.feature:15 - status code was: 500, expected: 200, response time: 346, url: https://www.nationaalgeoregister.nl/geonetwork/srv/eng/thesaurus.download?ref=external.theme.inspire-theme, response: 
[1.5:16] ngr-check-dataset-record.feature:69 - feature call (loop) failed: classpath:InspireTest/ngr/datasetrecords/def/checkxlinkurl.template.feature
caller: classpath:InspireTest/ngr/datasetrecords/ngr-check-dataset-record.feature
items: [{link=https://www.nationaalgeoregister.nl/geonetwork/srv/api/records/002d9127-c16d-4b8d-9f5e-102a8c8e36c4}]
errors:
-------
feature call (loop) failed at index: 0
caller: classpath:InspireTest/ngr/datasetrecords/def/checkxlinkurl.template.feature
arg: {"link":"https://www.nationaalgeoregister.nl/geonetwork/srv/api/records/002d9127-c16d-4b8d-9f5e-102a8c8e36c4"}
checkxlinkurl.template.feature:15 - status code was: 400, expected: 200, response time: 280, url: https://www.nationaalgeoregister.nl/geonetwork/srv/api/records/002d9127-c16d-4b8d-9f5e-102a8c8e36c4, response: 
[1.6:16] ngr-check-dataset-record.feature:69 - feature call (loop) failed: classpath:InspireTest/ngr/datasetrecords/def/checkxlinkurl.template.feature
caller: classpath:InspireTest/ngr/datasetrecords/ngr-check-dataset-record.feature
items: [{link=http://standaarden.overheid.nl/owms/terms/Ministerie_van_Landbouw,_Natuur_en_Voedselkwaliteit}, {link=https://www.nationaalgeoregister.nl/geonetwork/srv/api/records3703b249-a0eb-484e-ba7a-10e31a55bcec}, {link=579}]
errors:
-------
feature call (loop) failed at index: 1
caller: classpath:InspireTest/ngr/datasetrecords/def/checkxlinkurl.template.feature
arg: {"link":"https://www.nationaalgeoregister.nl/geonetwork/srv/api/records3703b249-a0eb-484e-ba7a-10e31a55bcec"}
checkxlinkurl.template.feature:15 - status code was: 500, expected: 200, response time: 465, url: https://www.nationaalgeoregister.nl/geonetwork/srv/api/records3703b249-a0eb-484e-ba7a-10e31a55bcec, response: 
-------
feature call (loop) failed at index: 2
caller: classpath:InspireTest/ngr/datasetrecords/def/checkxlinkurl.template.feature
arg: {"link":"579"}
checkxlinkurl.template.feature:14 - 
org.apache.http.client.ClientProtocolException
[1.8:16] ngr-check-dataset-record.feature:69 - feature call (loop) failed: classpath:InspireTest/ngr/datasetrecords/def/checkxlinkurl.template.feature
caller: classpath:InspireTest/ngr/datasetrecords/ngr-check-dataset-record.feature
items: [{link=https://nationaalgeoregister.nl/geonetwork/srv/resourcesff07bd5a-d6eb-11ea-87d0-0242ac130003}, {link=https://www.nationaalgeoregister.nl/geonetwork/srv/eng/thesaurus.download?ref=external.theme.inspire-theme}]
errors:
-------
feature call (loop) failed at index: 0
caller: classpath:InspireTest/ngr/datasetrecords/def/checkxlinkurl.template.feature
arg: {"link":"https://nationaalgeoregister.nl/geonetwork/srv/resourcesff07bd5a-d6eb-11ea-87d0-0242ac130003"}
checkxlinkurl.template.feature:15 - status code was: 404, expected: 200, response time: 296, url: https://nationaalgeoregister.nl/geonetwork/srv/resourcesff07bd5a-d6eb-11ea-87d0-0242ac130003, response: 
-------
feature call (loop) failed at index: 1
caller: classpath:InspireTest/ngr/datasetrecords/def/checkxlinkurl.template.feature
arg: {"link":"https://www.nationaalgeoregister.nl/geonetwork/srv/eng/thesaurus.download?ref=external.theme.inspire-theme"}
checkxlinkurl.template.feature:15 - status code was: 500, expected: 200, response time: 434, url: https://www.nationaalgeoregister.nl/geonetwork/srv/eng/thesaurus.download?ref=external.theme.inspire-theme, response: 
[1.9:16] ngr-check-dataset-record.feature:69 - feature call (loop) failed: classpath:InspireTest/ngr/datasetrecords/def/checkxlinkurl.template.feature
caller: classpath:InspireTest/ngr/datasetrecords/ngr-check-dataset-record.feature
items: [{link=https://data.rivm.nl/inspire/id#10fcd5a9-3804-48e3-bcbd-d816594dbb6f}]
errors:
-------
feature call (loop) failed at index: 0
caller: classpath:InspireTest/ngr/datasetrecords/def/checkxlinkurl.template.feature
arg: {"link":"https://data.rivm.nl/inspire/id#10fcd5a9-3804-48e3-bcbd-d816594dbb6f"}
checkxlinkurl.template.feature:14 - 
javax.net.ssl.SSLException: Connection reset
[1.10:16] ngr-check-dataset-record.feature:69 - feature call (loop) failed: classpath:InspireTest/ngr/datasetrecords/def/checkxlinkurl.template.feature
caller: classpath:InspireTest/ngr/datasetrecords/ngr-check-dataset-record.feature
items: [{link=https://data.rivm.nl/inspire/id#6e6bf543-e1e3-468d-afae-e88618ad9a65}]
errors:
-------
feature call (loop) failed at index: 0
caller: classpath:InspireTest/ngr/datasetrecords/def/checkxlinkurl.template.feature
arg: {"link":"https://data.rivm.nl/inspire/id#6e6bf543-e1e3-468d-afae-e88618ad9a65"}
checkxlinkurl.template.feature:14 - 
javax.net.ssl.SSLException: Connection reset
[1.11:16] ngr-check-dataset-record.feature:69 - feature call (loop) failed: classpath:InspireTest/ngr/datasetrecords/def/checkxlinkurl.template.feature
caller: classpath:InspireTest/ngr/datasetrecords/ngr-check-dataset-record.feature
items: [{link=http://standaarden.overheid.nl/owms/terms/Ministerie_van_Landbouw,_Natuur_en_Voedselkwaliteit}, {link=http://nationaalgeoregister.nl/geonetwork/srv/dut/catalog.search#/metadata/247a1d15-0a67-40ce-85be-1403c08f15a8}, {link=http://standaarden.overheid.nl/owms/terms/Ministerie_van_Landbouw,_Natuur_en_Voedselkwaliteit}, {link=http://standaarden.overheid.nl/owms/terms/Ministerie_van_Landbouw,_Natuur_en_Voedselkwaliteit}, {link=xlink:href=https://inspire.ec.europa.eu/id/document/tg/ps}, {link=https://data.overheid.nl/organisatie/PDOK}]
errors:
-------
feature call (loop) failed at index: 4
caller: classpath:InspireTest/ngr/datasetrecords/def/checkxlinkurl.template.feature
arg: {"link":"xlink:href=https://inspire.ec.europa.eu/id/document/tg/ps"}
checkxlinkurl.template.feature:14 - 
org.apache.http.client.ClientProtocolException: URI does not specify a valid host name: xlink:href=https://inspire.ec.europa.eu/id/document/tg/ps
-------
feature call (loop) failed at index: 5
caller: classpath:InspireTest/ngr/datasetrecords/def/checkxlinkurl.template.feature
arg: {"link":"https://data.overheid.nl/organisatie/PDOK"}
checkxlinkurl.template.feature:15 - status code was: 404, expected: 200, response time: 787, url: https://data.overheid.nl/organisatie/PDOK, response: 
[1.12:16] ngr-check-dataset-record.feature:69 - feature call (loop) failed: classpath:InspireTest/ngr/datasetrecords/def/checkxlinkurl.template.feature
caller: classpath:InspireTest/ngr/datasetrecords/ngr-check-dataset-record.feature
items: [{link=https://data.rivm.nl/inspire/id#722e3937-3e53-4048-97ef-1ced2c77f7dd}]
errors:
-------
feature call (loop) failed at index: 0
caller: classpath:InspireTest/ngr/datasetrecords/def/checkxlinkurl.template.feature
arg: {"link":"https://data.rivm.nl/inspire/id#722e3937-3e53-4048-97ef-1ced2c77f7dd"}
checkxlinkurl.template.feature:14 - 
javax.net.ssl.SSLException: Connection reset
[1.13:16] ngr-check-dataset-record.feature:69 - feature call (loop) failed: classpath:InspireTest/ngr/datasetrecords/def/checkxlinkurl.template.feature
caller: classpath:InspireTest/ngr/datasetrecords/ngr-check-dataset-record.feature
items: [{link=http://www.opengis.net/def/crs/EPSG/0/http://www.opengis.net/def/crs/EPSG/0/4258}, {link=http://kadaster/df1a98c0-58ba-48ff-8825-b4fb6322c586}]
errors:
-------
feature call (loop) failed at index: 1
caller: classpath:InspireTest/ngr/datasetrecords/def/checkxlinkurl.template.feature
arg: {"link":"http://kadaster/df1a98c0-58ba-48ff-8825-b4fb6322c586"}
checkxlinkurl.template.feature:14 - 
java.net.UnknownHostException: kadaster
[1.14:16] ngr-check-dataset-record.feature:69 - feature call (loop) failed: classpath:InspireTest/ngr/datasetrecords/def/checkxlinkurl.template.feature
caller: classpath:InspireTest/ngr/datasetrecords/ngr-check-dataset-record.feature
items: [{link=http://www.opengis.net/def/crs/EPSG/0/http://www.opengis.net/def/crs/EPSG/0/4258}, {link=http://kadaster/ed4caa3b-a49e-4a9a-8206-50a3cf451b9a}]
errors:
-------
feature call (loop) failed at index: 1
caller: classpath:InspireTest/ngr/datasetrecords/def/checkxlinkurl.template.feature
arg: {"link":"http://kadaster/ed4caa3b-a49e-4a9a-8206-50a3cf451b9a"}
checkxlinkurl.template.feature:14 - 
java.net.UnknownHostException: kadaster
[1.15:16] ngr-check-dataset-record.feature:69 - feature call (loop) failed: classpath:InspireTest/ngr/datasetrecords/def/checkxlinkurl.template.feature
caller: classpath:InspireTest/ngr/datasetrecords/ngr-check-dataset-record.feature
items: [{link=http://kadaster/06b6c650-cdb1-11dd-ad8b-0800200c9a78}]
errors:
-------
feature call (loop) failed at index: 0
caller: classpath:InspireTest/ngr/datasetrecords/def/checkxlinkurl.template.feature
arg: {"link":"http://kadaster/06b6c650-cdb1-11dd-ad8b-0800200c9a78"}
checkxlinkurl.template.feature:14 - 
java.net.UnknownHostException: kadaster
[1.16:16] ngr-check-dataset-record.feature:69 - feature call (loop) failed: classpath:InspireTest/ngr/datasetrecords/def/checkxlinkurl.template.feature
caller: classpath:InspireTest/ngr/datasetrecords/ngr-check-dataset-record.feature
items: [{link=http://kadaster/7c22107ea-5e31-4bbc-8e24-d15fe230062e}]
errors:
-------
feature call (loop) failed at index: 0
caller: classpath:InspireTest/ngr/datasetrecords/def/checkxlinkurl.template.feature
arg: {"link":"http://kadaster/7c22107ea-5e31-4bbc-8e24-d15fe230062e"}
checkxlinkurl.template.feature:14 - 
java.net.UnknownHostException: kadaster
[1.17:16] ngr-check-dataset-record.feature:69 - feature call (loop) failed: classpath:InspireTest/ngr/datasetrecords/def/checkxlinkurl.template.feature
caller: classpath:InspireTest/ngr/datasetrecords/ngr-check-dataset-record.feature
items: [{link=http://www.opengis.net/def/crs/EPSG/0/http://www.opengis.net/def/crs/EPSG/0/4258}, {link=http://kadaster/3b7bb05b-2d2e-4329-9a72-0eac19e315de}]
errors:
-------
feature call (loop) failed at index: 1
caller: classpath:InspireTest/ngr/datasetrecords/def/checkxlinkurl.template.feature
arg: {"link":"http://kadaster/3b7bb05b-2d2e-4329-9a72-0eac19e315de"}
checkxlinkurl.template.feature:14 - 
java.net.UnknownHostException: kadaster
[1.18:16] ngr-check-dataset-record.feature:69 - feature call (loop) failed: classpath:InspireTest/ngr/datasetrecords/def/checkxlinkurl.template.feature
caller: classpath:InspireTest/ngr/datasetrecords/ngr-check-dataset-record.feature
items: [{link=http://kadaster/06b6c650-cdb1-11dd-ad8b-0800200c9a80}]
errors:
-------
feature call (loop) failed at index: 0
caller: classpath:InspireTest/ngr/datasetrecords/def/checkxlinkurl.template.feature
arg: {"link":"http://kadaster/06b6c650-cdb1-11dd-ad8b-0800200c9a80"}
checkxlinkurl.template.feature:14 - 
java.net.UnknownHostException: kadaster
[1.19:16] ngr-check-dataset-record.feature:69 - feature call (loop) failed: classpath:InspireTest/ngr/datasetrecords/def/checkxlinkurl.template.feature
caller: classpath:InspireTest/ngr/datasetrecords/ngr-check-dataset-record.feature
items: [{link=http://www.opengis.net/def/crs/EPSG/0/http://www.opengis.net/def/crs/EPSG/0/4258}, {link=http://kadaster/70a0f618-9d4f-4be9-9d9d-11106ff6971c}]
errors:
-------
feature call (loop) failed at index: 1
caller: classpath:InspireTest/ngr/datasetrecords/def/checkxlinkurl.template.feature
arg: {"link":"http://kadaster/70a0f618-9d4f-4be9-9d9d-11106ff6971c"}
checkxlinkurl.template.feature:14 - 
java.net.UnknownHostException: kadaster
[1.20:16] ngr-check-dataset-record.feature:69 - feature call (loop) failed: classpath:InspireTest/ngr/datasetrecords/def/checkxlinkurl.template.feature
caller: classpath:InspireTest/ngr/datasetrecords/ngr-check-dataset-record.feature
items: [{link=http://www.opengis.net/def/crs/EPSG/0/http://www.opengis.net/def/crs/EPSG/0/4258}, {link=http://kadaster/cb4edbd2-2dca-4d44-92bb-b2202048b526}]
errors:
-------
feature call (loop) failed at index: 1
caller: classpath:InspireTest/ngr/datasetrecords/def/checkxlinkurl.template.feature
arg: {"link":"http://kadaster/cb4edbd2-2dca-4d44-92bb-b2202048b526"}
checkxlinkurl.template.feature:14 - 
java.net.UnknownHostException: kadaster
[1.22:16] ngr-check-dataset-record.feature:69 - feature call (loop) failed: classpath:InspireTest/ngr/datasetrecords/def/checkxlinkurl.template.feature
caller: classpath:InspireTest/ngr/datasetrecords/ngr-check-dataset-record.feature
items: [{link=https://nationaalgeoregister.nl/geonetwork/srv/resources8bdf76b6-c9c9-4011-a7bc-022ae14a4024}, {link=http://rdfdata.eionet.europa.eu/inspirethemes/themes/24}, {link=http://geonetwork-opensource.org/inspire-theme#}, {link=https://www.nationaalgeoregister.nl/geonetwork/srv/eng/thesaurus.download?ref=external.theme.inspire-theme}]
errors:
-------
feature call (loop) failed at index: 0
caller: classpath:InspireTest/ngr/datasetrecords/def/checkxlinkurl.template.feature
arg: {"link":"https://nationaalgeoregister.nl/geonetwork/srv/resources8bdf76b6-c9c9-4011-a7bc-022ae14a4024"}
checkxlinkurl.template.feature:15 - status code was: 404, expected: 200, response time: 295, url: https://nationaalgeoregister.nl/geonetwork/srv/resources8bdf76b6-c9c9-4011-a7bc-022ae14a4024, response: 
-------
feature call (loop) failed at index: 1
caller: classpath:InspireTest/ngr/datasetrecords/def/checkxlinkurl.template.feature
arg: {"link":"http://rdfdata.eionet.europa.eu/inspirethemes/themes/24"}
checkxlinkurl.template.feature:15 - status code was: 404, expected: 200, response time: 204, url: http://rdfdata.eionet.europa.eu/inspirethemes/themes/24, response: 
-------
feature call (loop) failed at index: 2
caller: classpath:InspireTest/ngr/datasetrecords/def/checkxlinkurl.template.feature
arg: {"link":"http://geonetwork-opensource.org/inspire-theme#"}
checkxlinkurl.template.feature:15 - status code was: 404, expected: 200, response time: 397, url: http://geonetwork-opensource.org/inspire-theme#, response: 
-------
feature call (loop) failed at index: 3
caller: classpath:InspireTest/ngr/datasetrecords/def/checkxlinkurl.template.feature
arg: {"link":"https://www.nationaalgeoregister.nl/geonetwork/srv/eng/thesaurus.download?ref=external.theme.inspire-theme"}
checkxlinkurl.template.feature:15 - status code was: 500, expected: 200, response time: 486, url: https://www.nationaalgeoregister.nl/geonetwork/srv/eng/thesaurus.download?ref=external.theme.inspire-theme, response: 
[1.23:16] ngr-check-dataset-record.feature:69 - feature call (loop) failed: classpath:InspireTest/ngr/datasetrecords/def/checkxlinkurl.template.feature
caller: classpath:InspireTest/ngr/datasetrecords/ngr-check-dataset-record.feature
items: [{link=https://data.rivm.nl/inspire/id#7247293d-2113-44d8-b335-8167b2ec4d1b}]
errors:
-------
feature call (loop) failed at index: 0
caller: classpath:InspireTest/ngr/datasetrecords/def/checkxlinkurl.template.feature
arg: {"link":"https://data.rivm.nl/inspire/id#7247293d-2113-44d8-b335-8167b2ec4d1b"}
checkxlinkurl.template.feature:14 - 
javax.net.ssl.SSLException: Connection reset
[1.24:16] ngr-check-dataset-record.feature:69 - feature call (loop) failed: classpath:InspireTest/ngr/datasetrecords/def/checkxlinkurl.template.feature
caller: classpath:InspireTest/ngr/datasetrecords/ngr-check-dataset-record.feature
items: [{link=https://www.nationaalgeoregister.nl/geonetwork/srv/api/records844404a2-9cd0-452e-b29a-74588777485a}]
errors:
-------
feature call (loop) failed at index: 0
caller: classpath:InspireTest/ngr/datasetrecords/def/checkxlinkurl.template.feature
arg: {"link":"https://www.nationaalgeoregister.nl/geonetwork/srv/api/records844404a2-9cd0-452e-b29a-74588777485a"}
checkxlinkurl.template.feature:15 - status code was: 500, expected: 200, response time: 323, url: https://www.nationaalgeoregister.nl/geonetwork/srv/api/records844404a2-9cd0-452e-b29a-74588777485a, response: 
[1.25:16] ngr-check-dataset-record.feature:69 - feature call (loop) failed: classpath:InspireTest/ngr/datasetrecords/def/checkxlinkurl.template.feature
caller: classpath:InspireTest/ngr/datasetrecords/ngr-check-dataset-record.feature
items: [{link=http://kadaster/06b6c650-cdb1-11dd-ad8b-0800200c9a79}]
errors:
-------
feature call (loop) failed at index: 0
caller: classpath:InspireTest/ngr/datasetrecords/def/checkxlinkurl.template.feature
arg: {"link":"http://kadaster/06b6c650-cdb1-11dd-ad8b-0800200c9a79"}
checkxlinkurl.template.feature:14 - 
java.net.UnknownHostException: kadaster
[1.26:16] ngr-check-dataset-record.feature:69 - feature call (loop) failed: classpath:InspireTest/ngr/datasetrecords/def/checkxlinkurl.template.feature
caller: classpath:InspireTest/ngr/datasetrecords/ngr-check-dataset-record.feature
items: [{link=https://www.nationaalgeoregister.nl/geonetwork/srv/api/records6c6be9c5-b09b-4dcf-a5fd-f149cbaca6fb}, {link=https://creativecommons.org/publicdomain/zero/*/deed.nl}]
errors:
-------
feature call (loop) failed at index: 0
caller: classpath:InspireTest/ngr/datasetrecords/def/checkxlinkurl.template.feature
arg: {"link":"https://www.nationaalgeoregister.nl/geonetwork/srv/api/records6c6be9c5-b09b-4dcf-a5fd-f149cbaca6fb"}
checkxlinkurl.template.feature:15 - status code was: 500, expected: 200, response time: 335, url: https://www.nationaalgeoregister.nl/geonetwork/srv/api/records6c6be9c5-b09b-4dcf-a5fd-f149cbaca6fb, response: 
-------
feature call (loop) failed at index: 1
caller: classpath:InspireTest/ngr/datasetrecords/def/checkxlinkurl.template.feature
arg: {"link":"https://creativecommons.org/publicdomain/zero/*/deed.nl"}
checkxlinkurl.template.feature:15 - status code was: 404, expected: 200, response time: 107, url: https://creativecommons.org/publicdomain/zero/*/deed.nl, response: 
[1.27:16] ngr-check-dataset-record.feature:69 - feature call (loop) failed: classpath:InspireTest/ngr/datasetrecords/def/checkxlinkurl.template.feature
caller: classpath:InspireTest/ngr/datasetrecords/ngr-check-dataset-record.feature
items: [{link=https://ngr.acceptatie.nationaalgeoregister.nl/geonetwork/srv/resourcesbbe3c19d-12b0-4912-a6f4-46eb189e85ac}, {link=http://rdfdata.eionet.europa.eu/inspirethemes/themes/16}, {link=http://geonetwork-opensource.org/inspire-theme#}, {link=https://www.nationaalgeoregister.nl/geonetwork/srv/eng/thesaurus.download?ref=external.theme.inspire-theme}]
errors:
-------
feature call (loop) failed at index: 0
caller: classpath:InspireTest/ngr/datasetrecords/def/checkxlinkurl.template.feature
arg: {"link":"https://ngr.acceptatie.nationaalgeoregister.nl/geonetwork/srv/resourcesbbe3c19d-12b0-4912-a6f4-46eb189e85ac"}
checkxlinkurl.template.feature:15 - status code was: 404, expected: 200, response time: 419, url: https://ngr.acceptatie.nationaalgeoregister.nl/geonetwork/srv/resourcesbbe3c19d-12b0-4912-a6f4-46eb189e85ac, response: 
-------
feature call (loop) failed at index: 1
caller: classpath:InspireTest/ngr/datasetrecords/def/checkxlinkurl.template.feature
arg: {"link":"http://rdfdata.eionet.europa.eu/inspirethemes/themes/16"}
checkxlinkurl.template.feature:15 - status code was: 404, expected: 200, response time: 200, url: http://rdfdata.eionet.europa.eu/inspirethemes/themes/16, response: 
-------
feature call (loop) failed at index: 2
caller: classpath:InspireTest/ngr/datasetrecords/def/checkxlinkurl.template.feature
arg: {"link":"http://geonetwork-opensource.org/inspire-theme#"}
checkxlinkurl.template.feature:15 - status code was: 404, expected: 200, response time: 397, url: http://geonetwork-opensource.org/inspire-theme#, response: 
-------
feature call (loop) failed at index: 3
caller: classpath:InspireTest/ngr/datasetrecords/def/checkxlinkurl.template.feature
arg: {"link":"https://www.nationaalgeoregister.nl/geonetwork/srv/eng/thesaurus.download?ref=external.theme.inspire-theme"}
checkxlinkurl.template.feature:15 - status code was: 500, expected: 200, response time: 315, url: https://www.nationaalgeoregister.nl/geonetwork/srv/eng/thesaurus.download?ref=external.theme.inspire-theme, response: 
[1.28:16] ngr-check-dataset-record.feature:69 - feature call (loop) failed: classpath:InspireTest/ngr/datasetrecords/def/checkxlinkurl.template.feature
caller: classpath:InspireTest/ngr/datasetrecords/ngr-check-dataset-record.feature
items: [{link=https://ngr.acceptatie.nationaalgeoregister.nl/geonetwork/srv/resourcesc7662717-9e43-4367-a344-723d73abbb3e}]
errors:
-------
feature call (loop) failed at index: 0
caller: classpath:InspireTest/ngr/datasetrecords/def/checkxlinkurl.template.feature
arg: {"link":"https://ngr.acceptatie.nationaalgeoregister.nl/geonetwork/srv/resourcesc7662717-9e43-4367-a344-723d73abbb3e"}
checkxlinkurl.template.feature:15 - status code was: 404, expected: 200, response time: 351, url: https://ngr.acceptatie.nationaalgeoregister.nl/geonetwork/srv/resourcesc7662717-9e43-4367-a344-723d73abbb3e, response: 
[1.30:16] ngr-check-dataset-record.feature:69 - feature call (loop) failed: classpath:InspireTest/ngr/datasetrecords/def/checkxlinkurl.template.feature
caller: classpath:InspireTest/ngr/datasetrecords/ngr-check-dataset-record.feature
items: [{link=https://nationaalgeoregister.nl/geonetwork/srv/resources66495385-8f7b-4661-85a7-11a2bbcbb6b9}, {link=http://rdfdata.eionet.europa.eu/inspirethemes/themes/13}, {link=http://geonetwork-opensource.org/inspire-theme#}, {link=https://www.nationaalgeoregister.nl/geonetwork/srv/eng/thesaurus.download?ref=external.theme.inspire-theme}]
errors:
-------
feature call (loop) failed at index: 0
caller: classpath:InspireTest/ngr/datasetrecords/def/checkxlinkurl.template.feature
arg: {"link":"https://nationaalgeoregister.nl/geonetwork/srv/resources66495385-8f7b-4661-85a7-11a2bbcbb6b9"}
checkxlinkurl.template.feature:15 - status code was: 404, expected: 200, response time: 297, url: https://nationaalgeoregister.nl/geonetwork/srv/resources66495385-8f7b-4661-85a7-11a2bbcbb6b9, response: 
-------
feature call (loop) failed at index: 1
caller: classpath:InspireTest/ngr/datasetrecords/def/checkxlinkurl.template.feature
arg: {"link":"http://rdfdata.eionet.europa.eu/inspirethemes/themes/13"}
checkxlinkurl.template.feature:15 - status code was: 404, expected: 200, response time: 201, url: http://rdfdata.eionet.europa.eu/inspirethemes/themes/13, response: 
-------
feature call (loop) failed at index: 2
caller: classpath:InspireTest/ngr/datasetrecords/def/checkxlinkurl.template.feature
arg: {"link":"http://geonetwork-opensource.org/inspire-theme#"}
checkxlinkurl.template.feature:15 - status code was: 404, expected: 200, response time: 414, url: http://geonetwork-opensource.org/inspire-theme#, response: 
-------
feature call (loop) failed at index: 3
caller: classpath:InspireTest/ngr/datasetrecords/def/checkxlinkurl.template.feature
arg: {"link":"https://www.nationaalgeoregister.nl/geonetwork/srv/eng/thesaurus.download?ref=external.theme.inspire-theme"}
checkxlinkurl.template.feature:15 - status code was: 500, expected: 200, response time: 316, url: https://www.nationaalgeoregister.nl/geonetwork/srv/eng/thesaurus.download?ref=external.theme.inspire-theme, response: 
[1.31:16] ngr-check-dataset-record.feature:69 - feature call (loop) failed: classpath:InspireTest/ngr/datasetrecords/def/checkxlinkurl.template.feature
caller: classpath:InspireTest/ngr/datasetrecords/ngr-check-dataset-record.feature
items: [{link=https://data.rivm.nl/inspire/id#e6ddc53d-04c4-435d-bedd-a5ace2dc0313}]
errors:
-------
feature call (loop) failed at index: 0
caller: classpath:InspireTest/ngr/datasetrecords/def/checkxlinkurl.template.feature
arg: {"link":"https://data.rivm.nl/inspire/id#e6ddc53d-04c4-435d-bedd-a5ace2dc0313"}
checkxlinkurl.template.feature:14 - 
javax.net.ssl.SSLException: Connection reset
[1.32:16] ngr-check-dataset-record.feature:69 - feature call (loop) failed: classpath:InspireTest/ngr/datasetrecords/def/checkxlinkurl.template.feature
caller: classpath:InspireTest/ngr/datasetrecords/ngr-check-dataset-record.feature
items: [{link=https://ngr.acceptatie.nationaalgeoregister.nl/geonetwork/srv/resources03671a9e-6aaf-464d-be99-9aad25cef9e3}, {link=http://standaarden.overheid.nl/owms/terms/Ministerie_van_Landbouw,_Natuur_en_Voedselkwaliteit}]
errors:
-------
feature call (loop) failed at index: 0
caller: classpath:InspireTest/ngr/datasetrecords/def/checkxlinkurl.template.feature
arg: {"link":"https://ngr.acceptatie.nationaalgeoregister.nl/geonetwork/srv/resources03671a9e-6aaf-464d-be99-9aad25cef9e3"}
checkxlinkurl.template.feature:15 - status code was: 404, expected: 200, response time: 283, url: https://ngr.acceptatie.nationaalgeoregister.nl/geonetwork/srv/resources03671a9e-6aaf-464d-be99-9aad25cef9e3, response: 
[1.33:16] ngr-check-dataset-record.feature:69 - feature call (loop) failed: classpath:InspireTest/ngr/datasetrecords/def/checkxlinkurl.template.feature
caller: classpath:InspireTest/ngr/datasetrecords/ngr-check-dataset-record.feature
items: [{link=http://kadaster/2482250f-3b00-4439-9f93-f3118229b201}, {link=}, {link=}, {link=}, {link=}, {link=}]
errors:
-------
feature call (loop) failed at index: 0
caller: classpath:InspireTest/ngr/datasetrecords/def/checkxlinkurl.template.feature
arg: {"link":"http://kadaster/2482250f-3b00-4439-9f93-f3118229b201"}
checkxlinkurl.template.feature:14 - 
java.net.UnknownHostException: kadaster
-------
feature call (loop) failed at index: 1
caller: classpath:InspireTest/ngr/datasetrecords/def/checkxlinkurl.template.feature
arg: {"link":""}
checkxlinkurl.template.feature:14 - 
org.apache.http.client.ClientProtocolException
-------
feature call (loop) failed at index: 2
caller: classpath:InspireTest/ngr/datasetrecords/def/checkxlinkurl.template.feature
arg: {"link":""}
checkxlinkurl.template.feature:14 - 
org.apache.http.client.ClientProtocolException
-------
feature call (loop) failed at index: 3
caller: classpath:InspireTest/ngr/datasetrecords/def/checkxlinkurl.template.feature
arg: {"link":""}
checkxlinkurl.template.feature:14 - 
org.apache.http.client.ClientProtocolException
-------
feature call (loop) failed at index: 4
caller: classpath:InspireTest/ngr/datasetrecords/def/checkxlinkurl.template.feature
arg: {"link":""}
checkxlinkurl.template.feature:14 - 
org.apache.http.client.ClientProtocolException
-------
feature call (loop) failed at index: 5
caller: classpath:InspireTest/ngr/datasetrecords/def/checkxlinkurl.template.feature
arg: {"link":""}
checkxlinkurl.template.feature:14 - 
org.apache.http.client.ClientProtocolException
[1.34:16] ngr-check-dataset-record.feature:69 - feature call (loop) failed: classpath:InspireTest/ngr/datasetrecords/def/checkxlinkurl.template.feature
caller: classpath:InspireTest/ngr/datasetrecords/ngr-check-dataset-record.feature
items: [{link=https://data.rivm.nl/inspire/id#a98a6cdb-61cd-4107-b775-2334e6772ed5}]
errors:
-------
feature call (loop) failed at index: 0
caller: classpath:InspireTest/ngr/datasetrecords/def/checkxlinkurl.template.feature
arg: {"link":"https://data.rivm.nl/inspire/id#a98a6cdb-61cd-4107-b775-2334e6772ed5"}
checkxlinkurl.template.feature:14 - 
javax.net.ssl.SSLException: Connection reset
[1.35:16] ngr-check-dataset-record.feature:69 - feature call (loop) failed: classpath:InspireTest/ngr/datasetrecords/def/checkxlinkurl.template.feature
caller: classpath:InspireTest/ngr/datasetrecords/ngr-check-dataset-record.feature
items: [{link=https://data.rivm.nl/inspire/id#90bab79d-5f92-4aaa-8edc-99195438ef65}]
errors:
-------
feature call (loop) failed at index: 0
caller: classpath:InspireTest/ngr/datasetrecords/def/checkxlinkurl.template.feature
arg: {"link":"https://data.rivm.nl/inspire/id#90bab79d-5f92-4aaa-8edc-99195438ef65"}
checkxlinkurl.template.feature:14 - 
javax.net.ssl.SSLException: Connection reset
[1.36:16] ngr-check-dataset-record.feature:37 - xpath does not exist: /GetRecordByIdResponse//@href on response
[1.37:16] ngr-check-dataset-record.feature:69 - feature call (loop) failed: classpath:InspireTest/ngr/datasetrecords/def/checkxlinkurl.template.feature
caller: classpath:InspireTest/ngr/datasetrecords/ngr-check-dataset-record.feature
items: [{link=http://www.opengis.net/def/crs/EPSG/0/http://www.opengis.net/def/crs/EPSG/0/3034}, {link=http://nationaalgeoregister.nl/geonetwork/srv/dut/csw?SERVICE=CSW&version=2.0.2&REQUEST=GetRecordById&elementSetName=full&OutputSchema=http://www.isotc211.org/2005/gmd&ID=b6ee58a1-b097-4c6d-8600-eb81efc1468c}, {link=https://creativecommons.org/publicdomain/mark/*/deed.nl}, {link=}]
errors:
-------
feature call (loop) failed at index: 2
caller: classpath:InspireTest/ngr/datasetrecords/def/checkxlinkurl.template.feature
arg: {"link":"https://creativecommons.org/publicdomain/mark/*/deed.nl"}
checkxlinkurl.template.feature:15 - status code was: 404, expected: 200, response time: 104, url: https://creativecommons.org/publicdomain/mark/*/deed.nl, response: 
-------
feature call (loop) failed at index: 3
caller: classpath:InspireTest/ngr/datasetrecords/def/checkxlinkurl.template.feature
arg: {"link":""}
checkxlinkurl.template.feature:14 - 
org.apache.http.client.ClientProtocolException
[1.38:16] ngr-check-dataset-record.feature:69 - feature call (loop) failed: classpath:InspireTest/ngr/datasetrecords/def/checkxlinkurl.template.feature
caller: classpath:InspireTest/ngr/datasetrecords/ngr-check-dataset-record.feature
items: [{link=http://www.opengis.net/def/crs/EPSG/0/http://www.opengis.net/def/crs/EPSG/0/4258}, {link=http://kadaster/9778afe6-2152-4a8f-ba32-9697625401e3}]
errors:
-------
feature call (loop) failed at index: 1
caller: classpath:InspireTest/ngr/datasetrecords/def/checkxlinkurl.template.feature
arg: {"link":"http://kadaster/9778afe6-2152-4a8f-ba32-9697625401e3"}
checkxlinkurl.template.feature:14 - 
java.net.UnknownHostException: kadaster
[1.39:16] ngr-check-dataset-record.feature:69 - feature call (loop) failed: classpath:InspireTest/ngr/datasetrecords/def/checkxlinkurl.template.feature
caller: classpath:InspireTest/ngr/datasetrecords/ngr-check-dataset-record.feature
items: [{link=http://www.opengis.net/def/crs/EPSG/0/NAP}, {link=https://ngr.acceptatie.nationaalgeoregister.nl/geonetwork/srv/resourcesddf87610-2724-11e2-81c1-0800200c9a66}]
errors:
-------
feature call (loop) failed at index: 1
caller: classpath:InspireTest/ngr/datasetrecords/def/checkxlinkurl.template.feature
arg: {"link":"https://ngr.acceptatie.nationaalgeoregister.nl/geonetwork/srv/resourcesddf87610-2724-11e2-81c1-0800200c9a66"}
checkxlinkurl.template.feature:15 - status code was: 404, expected: 200, response time: 281, url: https://ngr.acceptatie.nationaalgeoregister.nl/geonetwork/srv/resourcesddf87610-2724-11e2-81c1-0800200c9a66, response: 
[1.40:16] ngr-check-dataset-record.feature:69 - feature call (loop) failed: classpath:InspireTest/ngr/datasetrecords/def/checkxlinkurl.template.feature
caller: classpath:InspireTest/ngr/datasetrecords/ngr-check-dataset-record.feature
items: [{link=http://www.opengis.net/def/crs/EPSG/0/http://www.opengis.net/def/crs/EPSG/0/3034}, {link=http://nationaalgeoregister.nl/geonetwork/srv/dut/csw?SERVICE=CSW&version=2.0.2&REQUEST=GetRecordById&elementSetName=full&OutputSchema=http://www.isotc211.org/2005/gmd&ID=c829abeb-bfac-4224-8332-e7a9a89e692e}, {link=https://creativecommons.org/publicdomain/mark/*/deed.nl}, {link=}]
errors:
-------
feature call (loop) failed at index: 2
caller: classpath:InspireTest/ngr/datasetrecords/def/checkxlinkurl.template.feature
arg: {"link":"https://creativecommons.org/publicdomain/mark/*/deed.nl"}
checkxlinkurl.template.feature:15 - status code was: 404, expected: 200, response time: 53, url: https://creativecommons.org/publicdomain/mark/*/deed.nl, response: 
-------
feature call (loop) failed at index: 3
caller: classpath:InspireTest/ngr/datasetrecords/def/checkxlinkurl.template.feature
arg: {"link":""}
checkxlinkurl.template.feature:14 - 
org.apache.http.client.ClientProtocolException
[1.41:16] ngr-check-dataset-record.feature:69 - feature call (loop) failed: classpath:InspireTest/ngr/datasetrecords/def/checkxlinkurl.template.feature
caller: classpath:InspireTest/ngr/datasetrecords/ngr-check-dataset-record.feature
items: [{link=http://nationaalgeoregister.nl/geonetwork/srv/dut/csw?SERVICE=CSW&version=2.0.2&REQUEST=GetRecordById&elementSetName=full&OutputSchema=http://www.isotc211.org/2005/gmd&ID=df5ee213-e1bd-433b-80f7-4ea20f493ca8}, {link=https://creativecommons.org/publicdomain/mark/*/deed.nl}, {link=}]
errors:
-------
feature call (loop) failed at index: 1
caller: classpath:InspireTest/ngr/datasetrecords/def/checkxlinkurl.template.feature
arg: {"link":"https://creativecommons.org/publicdomain/mark/*/deed.nl"}
checkxlinkurl.template.feature:15 - status code was: 404, expected: 200, response time: 40, url: https://creativecommons.org/publicdomain/mark/*/deed.nl, response: 
-------
feature call (loop) failed at index: 2
caller: classpath:InspireTest/ngr/datasetrecords/def/checkxlinkurl.template.feature
arg: {"link":""}
checkxlinkurl.template.feature:14 - 
org.apache.http.client.ClientProtocolException
[1.42:16] ngr-check-dataset-record.feature:69 - feature call (loop) failed: classpath:InspireTest/ngr/datasetrecords/def/checkxlinkurl.template.feature
caller: classpath:InspireTest/ngr/datasetrecords/ngr-check-dataset-record.feature
items: [{link=http://www.opengis.net/def/crs/EPSG/0/http://www.opengis.net/def/crs/EPSG/0/3034}, {link=http://nationaalgeoregister.nl/geonetwork/srv/dut/csw?SERVICE=CSW&version=2.0.2&REQUEST=GetRecordById&elementSetName=full&OutputSchema=http://www.isotc211.org/2005/gmd&ID=34e6165f-1269-48d1-b255-0f05d163d692}, {link=https://creativecommons.org/publicdomain/mark/*/deed.nl}, {link=}]
errors:
-------
feature call (loop) failed at index: 2
caller: classpath:InspireTest/ngr/datasetrecords/def/checkxlinkurl.template.feature
arg: {"link":"https://creativecommons.org/publicdomain/mark/*/deed.nl"}
checkxlinkurl.template.feature:15 - status code was: 404, expected: 200, response time: 40, url: https://creativecommons.org/publicdomain/mark/*/deed.nl, response: 
-------
feature call (loop) failed at index: 3
caller: classpath:InspireTest/ngr/datasetrecords/def/checkxlinkurl.template.feature
arg: {"link":""}
checkxlinkurl.template.feature:14 - 
org.apache.http.client.ClientProtocolException
[1.43:16] ngr-check-dataset-record.feature:69 - feature call (loop) failed: classpath:InspireTest/ngr/datasetrecords/def/checkxlinkurl.template.feature
caller: classpath:InspireTest/ngr/datasetrecords/ngr-check-dataset-record.feature
items: [{link=http://www.opengis.net/def/crs/EPSG/0/https://www.opengis.net/def/crs/EPSG/0/4258}, {link=https://ngr.acceptatie.nationaalgeoregister.nl/geonetwork/srv/resourcesd7ab6903-1152-450b-b81d-042682dcfd03}]
errors:
-------
feature call (loop) failed at index: 1
caller: classpath:InspireTest/ngr/datasetrecords/def/checkxlinkurl.template.feature
arg: {"link":"https://ngr.acceptatie.nationaalgeoregister.nl/geonetwork/srv/resourcesd7ab6903-1152-450b-b81d-042682dcfd03"}
checkxlinkurl.template.feature:15 - status code was: 404, expected: 200, response time: 280, url: https://ngr.acceptatie.nationaalgeoregister.nl/geonetwork/srv/resourcesd7ab6903-1152-450b-b81d-042682dcfd03, response: 
[1.45:16] ngr-check-dataset-record.feature:69 - feature call (loop) failed: classpath:InspireTest/ngr/datasetrecords/def/checkxlinkurl.template.feature
caller: classpath:InspireTest/ngr/datasetrecords/ngr-check-dataset-record.feature
items: [{link=http://www.opengis.net/def/crs/EPSG/0/https://www.opengis.net/def/crs/EPSG/0/4258}, {link=https://www.nationaalgeoregister.nl:443/geonetwork/srv/api/records/a5241416-8401-4623-be61-57ef50447a41}]
errors:
-------
feature call (loop) failed at index: 1
caller: classpath:InspireTest/ngr/datasetrecords/def/checkxlinkurl.template.feature
arg: {"link":"https://www.nationaalgeoregister.nl:443/geonetwork/srv/api/records/a5241416-8401-4623-be61-57ef50447a41"}
checkxlinkurl.template.feature:15 - status code was: 400, expected: 200, response time: 276, url: https://www.nationaalgeoregister.nl:443/geonetwork/srv/api/records/a5241416-8401-4623-be61-57ef50447a41, response: 
[1.46:16] ngr-check-dataset-record.feature:69 - feature call (loop) failed: classpath:InspireTest/ngr/datasetrecords/def/checkxlinkurl.template.feature
caller: classpath:InspireTest/ngr/datasetrecords/ngr-check-dataset-record.feature
items: [{link=https://nationaalgeoregister.nl/geonetwork/srv/resources052a3480-1031-4d29-ba55-01672e2c50d9}]
errors:
-------
feature call (loop) failed at index: 0
caller: classpath:InspireTest/ngr/datasetrecords/def/checkxlinkurl.template.feature
arg: {"link":"https://nationaalgeoregister.nl/geonetwork/srv/resources052a3480-1031-4d29-ba55-01672e2c50d9"}
checkxlinkurl.template.feature:15 - status code was: 404, expected: 200, response time: 282, url: https://nationaalgeoregister.nl/geonetwork/srv/resources052a3480-1031-4d29-ba55-01672e2c50d9, response: 
[1.49:16] ngr-check-dataset-record.feature:69 - feature call (loop) failed: classpath:InspireTest/ngr/datasetrecords/def/checkxlinkurl.template.feature
caller: classpath:InspireTest/ngr/datasetrecords/ngr-check-dataset-record.feature
items: [{link=http://kadaster/06b6c650-cdb1-11dd-ad8b-0800200c9a77}]
errors:
-------
feature call (loop) failed at index: 0
caller: classpath:InspireTest/ngr/datasetrecords/def/checkxlinkurl.template.feature
arg: {"link":"http://kadaster/06b6c650-cdb1-11dd-ad8b-0800200c9a77"}
checkxlinkurl.template.feature:14 - 
java.net.UnknownHostException: kadaster
[1.50:16] ngr-check-dataset-record.feature:69 - feature call (loop) failed: classpath:InspireTest/ngr/datasetrecords/def/checkxlinkurl.template.feature
caller: classpath:InspireTest/ngr/datasetrecords/ngr-check-dataset-record.feature
items: [{link=http://kadaster/79a1c01b-21ad-43e8-a5c2-23e3eeb95be2}, {link=}]
errors:
-------
feature call (loop) failed at index: 0
caller: classpath:InspireTest/ngr/datasetrecords/def/checkxlinkurl.template.feature
arg: {"link":"http://kadaster/79a1c01b-21ad-43e8-a5c2-23e3eeb95be2"}
checkxlinkurl.template.feature:14 - 
java.net.UnknownHostException: kadaster
-------
feature call (loop) failed at index: 1
caller: classpath:InspireTest/ngr/datasetrecords/def/checkxlinkurl.template.feature
arg: {"link":""}
checkxlinkurl.template.feature:14 - 
org.apache.http.client.ClientProtocolException
[1.51:16] ngr-check-dataset-record.feature:69 - feature call (loop) failed: classpath:InspireTest/ngr/datasetrecords/def/checkxlinkurl.template.feature
caller: classpath:InspireTest/ngr/datasetrecords/ngr-check-dataset-record.feature
items: [{link=http://www.opengis.net/def/crs/EPSG/0/http://www.opengis.net/def/crs/EPSG/0/3034}, {link=http://nationaalgeoregister.nl/geonetwork/srv/dut/csw?SERVICE=CSW&version=2.0.2&REQUEST=GetRecordById&elementSetName=full&OutputSchema=http://www.isotc211.org/2005/gmd&ID=0f128799-cf18-4b37-a721-e62b068191f5}, {link=https://creativecommons.org/publicdomain/mark/*/deed.nl}, {link=}]
errors:
-------
feature call (loop) failed at index: 2
caller: classpath:InspireTest/ngr/datasetrecords/def/checkxlinkurl.template.feature
arg: {"link":"https://creativecommons.org/publicdomain/mark/*/deed.nl"}
checkxlinkurl.template.feature:15 - status code was: 404, expected: 200, response time: 66, url: https://creativecommons.org/publicdomain/mark/*/deed.nl, response: 
-------
feature call (loop) failed at index: 3
caller: classpath:InspireTest/ngr/datasetrecords/def/checkxlinkurl.template.feature
arg: {"link":""}
checkxlinkurl.template.feature:14 - 
org.apache.http.client.ClientProtocolException
[1.52:16] ngr-check-dataset-record.feature:69 - feature call (loop) failed: classpath:InspireTest/ngr/datasetrecords/def/checkxlinkurl.template.feature
caller: classpath:InspireTest/ngr/datasetrecords/ngr-check-dataset-record.feature
items: [{link=}]
errors:
-------
feature call (loop) failed at index: 0
caller: classpath:InspireTest/ngr/datasetrecords/def/checkxlinkurl.template.feature
arg: {"link":""}
checkxlinkurl.template.feature:14 - 
org.apache.http.client.ClientProtocolException
[1.53:16] ngr-check-dataset-record.feature:69 - feature call (loop) failed: classpath:InspireTest/ngr/datasetrecords/def/checkxlinkurl.template.feature
caller: classpath:InspireTest/ngr/datasetrecords/ngr-check-dataset-record.feature
items: [{link=u}, {link=r}, {link=n}, {link=:}, {link=o}, {link=g}, {link=c}, {link=:}, {link=d}, {link=e}, {link=f}, {link=:}, {link=c}, {link=r}, {link=s}, {link=:}, {link=E}, {link=P}, {link=S}, {link=G}, {link=:}, {link=:}, {link=5}, {link=6}, {link=2}, {link=1}]
errors:
-------
feature call (loop) failed at index: 0
caller: classpath:InspireTest/ngr/datasetrecords/def/checkxlinkurl.template.feature
arg: {"link":"u"}
checkxlinkurl.template.feature:14 - 
org.apache.http.client.ClientProtocolException
-------
feature call (loop) failed at index: 1
caller: classpath:InspireTest/ngr/datasetrecords/def/checkxlinkurl.template.feature
arg: {"link":"r"}
checkxlinkurl.template.feature:14 - 
org.apache.http.client.ClientProtocolException
-------
feature call (loop) failed at index: 2
caller: classpath:InspireTest/ngr/datasetrecords/def/checkxlinkurl.template.feature
arg: {"link":"n"}
checkxlinkurl.template.feature:14 - 
org.apache.http.client.ClientProtocolException
-------
feature call (loop) failed at index: 3
caller: classpath:InspireTest/ngr/datasetrecords/def/checkxlinkurl.template.feature
arg: {"link":":"}
checkxlinkurl.template.feature:14 - java.net.URISyntaxException: Expected scheme name at index 0: :
-------
feature call (loop) failed at index: 4
caller: classpath:InspireTest/ngr/datasetrecords/def/checkxlinkurl.template.feature
arg: {"link":"o"}
checkxlinkurl.template.feature:14 - 
org.apache.http.client.ClientProtocolException
-------
feature call (loop) failed at index: 5
caller: classpath:InspireTest/ngr/datasetrecords/def/checkxlinkurl.template.feature
arg: {"link":"g"}
checkxlinkurl.template.feature:14 - 
org.apache.http.client.ClientProtocolException
-------
feature call (loop) failed at index: 6
caller: classpath:InspireTest/ngr/datasetrecords/def/checkxlinkurl.template.feature
arg: {"link":"c"}
checkxlinkurl.template.feature:14 - 
org.apache.http.client.ClientProtocolException
-------
feature call (loop) failed at index: 7
caller: classpath:InspireTest/ngr/datasetrecords/def/checkxlinkurl.template.feature
arg: {"link":":"}
checkxlinkurl.template.feature:14 - java.net.URISyntaxException: Expected scheme name at index 0: :
-------
feature call (loop) failed at index: 8
caller: classpath:InspireTest/ngr/datasetrecords/def/checkxlinkurl.template.feature
arg: {"link":"d"}
checkxlinkurl.template.feature:14 - 
org.apache.http.client.ClientProtocolException
-------
feature call (loop) failed at index: 9
caller: classpath:InspireTest/ngr/datasetrecords/def/checkxlinkurl.template.feature
arg: {"link":"e"}
checkxlinkurl.template.feature:14 - 
org.apache.http.client.ClientProtocolException
-------
feature call (loop) failed at index: 10
caller: classpath:InspireTest/ngr/datasetrecords/def/checkxlinkurl.template.feature
arg: {"link":"f"}
checkxlinkurl.template.feature:14 - 
org.apache.http.client.ClientProtocolException
-------
feature call (loop) failed at index: 11
caller: classpath:InspireTest/ngr/datasetrecords/def/checkxlinkurl.template.feature
arg: {"link":":"}
checkxlinkurl.template.feature:14 - java.net.URISyntaxException: Expected scheme name at index 0: :
-------
feature call (loop) failed at index: 12
caller: classpath:InspireTest/ngr/datasetrecords/def/checkxlinkurl.template.feature
arg: {"link":"c"}
checkxlinkurl.template.feature:14 - 
org.apache.http.client.ClientProtocolException
-------
feature call (loop) failed at index: 13
caller: classpath:InspireTest/ngr/datasetrecords/def/checkxlinkurl.template.feature
arg: {"link":"r"}
checkxlinkurl.template.feature:14 - 
org.apache.http.client.ClientProtocolException
-------
feature call (loop) failed at index: 14
caller: classpath:InspireTest/ngr/datasetrecords/def/checkxlinkurl.template.feature
arg: {"link":"s"}
checkxlinkurl.template.feature:14 - 
org.apache.http.client.ClientProtocolException
-------
feature call (loop) failed at index: 15
caller: classpath:InspireTest/ngr/datasetrecords/def/checkxlinkurl.template.feature
arg: {"link":":"}
checkxlinkurl.template.feature:14 - java.net.URISyntaxException: Expected scheme name at index 0: :
-------
feature call (loop) failed at index: 16
caller: classpath:InspireTest/ngr/datasetrecords/def/checkxlinkurl.template.feature
arg: {"link":"E"}
checkxlinkurl.template.feature:14 - 
org.apache.http.client.ClientProtocolException
-------
feature call (loop) failed at index: 17
caller: classpath:InspireTest/ngr/datasetrecords/def/checkxlinkurl.template.feature
arg: {"link":"P"}
checkxlinkurl.template.feature:14 - 
org.apache.http.client.ClientProtocolException
-------
feature call (loop) failed at index: 18
caller: classpath:InspireTest/ngr/datasetrecords/def/checkxlinkurl.template.feature
arg: {"link":"S"}
checkxlinkurl.template.feature:14 - 
org.apache.http.client.ClientProtocolException
-------
feature call (loop) failed at index: 19
caller: classpath:InspireTest/ngr/datasetrecords/def/checkxlinkurl.template.feature
arg: {"link":"G"}
checkxlinkurl.template.feature:14 - 
org.apache.http.client.ClientProtocolException
-------
feature call (loop) failed at index: 20
caller: classpath:InspireTest/ngr/datasetrecords/def/checkxlinkurl.template.feature
arg: {"link":":"}
checkxlinkurl.template.feature:14 - java.net.URISyntaxException: Expected scheme name at index 0: :
-------
feature call (loop) failed at index: 21
caller: classpath:InspireTest/ngr/datasetrecords/def/checkxlinkurl.template.feature
arg: {"link":":"}
checkxlinkurl.template.feature:14 - java.net.URISyntaxException: Expected scheme name at index 0: :
-------
feature call (loop) failed at index: 22
caller: classpath:InspireTest/ngr/datasetrecords/def/checkxlinkurl.template.feature
arg: {"link":"5"}
checkxlinkurl.template.feature:14 - 
org.apache.http.client.ClientProtocolException
-------
feature call (loop) failed at index: 23
caller: classpath:InspireTest/ngr/datasetrecords/def/checkxlinkurl.template.feature
arg: {"link":"6"}
checkxlinkurl.template.feature:14 - 
org.apache.http.client.ClientProtocolException
-------
feature call (loop) failed at index: 24
caller: classpath:InspireTest/ngr/datasetrecords/def/checkxlinkurl.template.feature
arg: {"link":"2"}
checkxlinkurl.template.feature:14 - 
org.apache.http.client.ClientProtocolException
-------
feature call (loop) failed at index: 25
caller: classpath:InspireTest/ngr/datasetrecords/def/checkxlinkurl.template.feature
arg: {"link":"1"}
checkxlinkurl.template.feature:14 - 
org.apache.http.client.ClientProtocolException
[1.54:16] ngr-check-dataset-record.feature:69 - feature call (loop) failed: classpath:InspireTest/ngr/datasetrecords/def/checkxlinkurl.template.feature
caller: classpath:InspireTest/ngr/datasetrecords/ngr-check-dataset-record.feature
items: [{link=http://kadaster/e2318c58-b1e6-4621-9c77-33b8a1fd0e76}]
errors:
-------
feature call (loop) failed at index: 0
caller: classpath:InspireTest/ngr/datasetrecords/def/checkxlinkurl.template.feature
arg: {"link":"http://kadaster/e2318c58-b1e6-4621-9c77-33b8a1fd0e76"}
checkxlinkurl.template.feature:14 - 
java.net.UnknownHostException: kadaster
[1.55:16] ngr-check-dataset-record.feature:69 - feature call (loop) failed: classpath:InspireTest/ngr/datasetrecords/def/checkxlinkurl.template.feature
caller: classpath:InspireTest/ngr/datasetrecords/ngr-check-dataset-record.feature
items: [{link=https://geodata.nationaalgeoregister.nl/inspire/su-grid/wfs}, {link=}]
errors:
-------
feature call (loop) failed at index: 0
caller: classpath:InspireTest/ngr/datasetrecords/def/checkxlinkurl.template.feature
arg: {"link":"https://geodata.nationaalgeoregister.nl/inspire/su-grid/wfs"}
checkxlinkurl.template.feature:15 - status code was: 400, expected: 200, response time: 454, url: https://geodata.nationaalgeoregister.nl/inspire/su-grid/wfs, response: 
-------
feature call (loop) failed at index: 1
caller: classpath:InspireTest/ngr/datasetrecords/def/checkxlinkurl.template.feature
arg: {"link":""}
checkxlinkurl.template.feature:14 - 
org.apache.http.client.ClientProtocolException
[1.56:16] ngr-check-dataset-record.feature:69 - feature call (loop) failed: classpath:InspireTest/ngr/datasetrecords/def/checkxlinkurl.template.feature
caller: classpath:InspireTest/ngr/datasetrecords/ngr-check-dataset-record.feature
items: [{link=http://www.opengis.net/def/crs/EPSG/0/http://www.opengis.net/def/crs/EPSG/0/3034}, {link=http://nationaalgeoregister.nl/geonetwork/srv/dut/csw?SERVICE=CSW&version=2.0.2&REQUEST=GetRecordById&elementSetName=full&OutputSchema=http://www.isotc211.org/2005/gmd&ID=60a2a7c2-d5b3-4ad5-b562-c448695357fb}, {link=https://creativecommons.org/publicdomain/mark/*/deed.nl}, {link=}]
errors:
-------
feature call (loop) failed at index: 2
caller: classpath:InspireTest/ngr/datasetrecords/def/checkxlinkurl.template.feature
arg: {"link":"https://creativecommons.org/publicdomain/mark/*/deed.nl"}
checkxlinkurl.template.feature:15 - status code was: 404, expected: 200, response time: 49, url: https://creativecommons.org/publicdomain/mark/*/deed.nl, response: 
-------
feature call (loop) failed at index: 3
caller: classpath:InspireTest/ngr/datasetrecords/def/checkxlinkurl.template.feature
arg: {"link":""}
checkxlinkurl.template.feature:14 - 
org.apache.http.client.ClientProtocolException
[1.57:16] ngr-check-dataset-record.feature:69 - feature call (loop) failed: classpath:InspireTest/ngr/datasetrecords/def/checkxlinkurl.template.feature
caller: classpath:InspireTest/ngr/datasetrecords/ngr-check-dataset-record.feature
items: [{link=https://data.rivm.nl/inspire/id#5cb4b489-67c8-44bc-85c5-424a80a53b3b}]
errors:
-------
feature call (loop) failed at index: 0
caller: classpath:InspireTest/ngr/datasetrecords/def/checkxlinkurl.template.feature
arg: {"link":"https://data.rivm.nl/inspire/id#5cb4b489-67c8-44bc-85c5-424a80a53b3b"}
checkxlinkurl.template.feature:14 - 
javax.net.ssl.SSLException: Connection reset
[1.58:16] ngr-check-dataset-record.feature:69 - feature call (loop) failed: classpath:InspireTest/ngr/datasetrecords/def/checkxlinkurl.template.feature
caller: classpath:InspireTest/ngr/datasetrecords/ngr-check-dataset-record.feature
items: [{link=http://services.rce.geovoorziening.nl/www/download/nl.xml}, {link=}, {link=}]
errors:
-------
feature call (loop) failed at index: 1
caller: classpath:InspireTest/ngr/datasetrecords/def/checkxlinkurl.template.feature
arg: {"link":""}
checkxlinkurl.template.feature:14 - 
org.apache.http.client.ClientProtocolException
-------
feature call (loop) failed at index: 2
caller: classpath:InspireTest/ngr/datasetrecords/def/checkxlinkurl.template.feature
arg: {"link":""}
checkxlinkurl.template.feature:14 - 
org.apache.http.client.ClientProtocolException
[1.59:16] ngr-check-dataset-record.feature:69 - feature call (loop) failed: classpath:InspireTest/ngr/datasetrecords/def/checkxlinkurl.template.feature
caller: classpath:InspireTest/ngr/datasetrecords/ngr-check-dataset-record.feature
items: [{link=http://www.opengis.net/def/crs/EPSG/0/http://www.opengis.net/def/crs/EPSG/0/3034}, {link=http://nationaalgeoregister.nl/geonetwork/srv/dut/csw?SERVICE=CSW&version=2.0.2&REQUEST=GetRecordById&elementSetName=full&OutputSchema=http://www.isotc211.org/2005/gmd&ID=c7d8d77b-8c47-4309-8c58-9b12b086407f}, {link=https://creativecommons.org/publicdomain/mark/*/deed.nl}, {link=}]
errors:
-------
feature call (loop) failed at index: 2
caller: classpath:InspireTest/ngr/datasetrecords/def/checkxlinkurl.template.feature
arg: {"link":"https://creativecommons.org/publicdomain/mark/*/deed.nl"}
checkxlinkurl.template.feature:15 - status code was: 404, expected: 200, response time: 57, url: https://creativecommons.org/publicdomain/mark/*/deed.nl, response: 
-------
feature call (loop) failed at index: 3
caller: classpath:InspireTest/ngr/datasetrecords/def/checkxlinkurl.template.feature
arg: {"link":""}
checkxlinkurl.template.feature:14 - 
org.apache.http.client.ClientProtocolException
[1.60:16] ngr-check-dataset-record.feature:69 - feature call (loop) failed: classpath:InspireTest/ngr/datasetrecords/def/checkxlinkurl.template.feature
caller: classpath:InspireTest/ngr/datasetrecords/ngr-check-dataset-record.feature
items: [{link=https://www.nationaalgeoregister.nl/geonetwork/srv/api/records83dab947-387b-49df-8ad2-32bb10d46d38}]
errors:
-------
feature call (loop) failed at index: 0
caller: classpath:InspireTest/ngr/datasetrecords/def/checkxlinkurl.template.feature
arg: {"link":"https://www.nationaalgeoregister.nl/geonetwork/srv/api/records83dab947-387b-49df-8ad2-32bb10d46d38"}
checkxlinkurl.template.feature:15 - status code was: 500, expected: 200, response time: 452, url: https://www.nationaalgeoregister.nl/geonetwork/srv/api/records83dab947-387b-49df-8ad2-32bb10d46d38, response: 
[1.61:16] ngr-check-dataset-record.feature:69 - feature call (loop) failed: classpath:InspireTest/ngr/datasetrecords/def/checkxlinkurl.template.feature
caller: classpath:InspireTest/ngr/datasetrecords/ngr-check-dataset-record.feature
items: [{link=http://www.opengis.net/def/crs/EPSG/0/http://www.opengis.net/def/crs/EPSG/0/4258}, {link=http://kadaster/ff1d6d44-aea1-4ad5-b084-9afea143f1bf}]
errors:
-------
feature call (loop) failed at index: 1
caller: classpath:InspireTest/ngr/datasetrecords/def/checkxlinkurl.template.feature
arg: {"link":"http://kadaster/ff1d6d44-aea1-4ad5-b084-9afea143f1bf"}
checkxlinkurl.template.feature:14 - 
java.net.UnknownHostException: kadaster
[1.62:16] ngr-check-dataset-record.feature:69 - feature call (loop) failed: classpath:InspireTest/ngr/datasetrecords/def/checkxlinkurl.template.feature
caller: classpath:InspireTest/ngr/datasetrecords/ngr-check-dataset-record.feature
items: [{link=https://data.rivm.nl/inspire/id#64d546c9-71d4-4c84-a04c-61c5d0734f65}]
errors:
-------
feature call (loop) failed at index: 0
caller: classpath:InspireTest/ngr/datasetrecords/def/checkxlinkurl.template.feature
arg: {"link":"https://data.rivm.nl/inspire/id#64d546c9-71d4-4c84-a04c-61c5d0734f65"}
checkxlinkurl.template.feature:14 - 
javax.net.ssl.SSLException: Connection reset
[1.63:16] ngr-check-dataset-record.feature:37 - xpath does not exist: /GetRecordByIdResponse//@href on response
[1.64:16] ngr-check-dataset-record.feature:69 - feature call (loop) failed: classpath:InspireTest/ngr/datasetrecords/def/checkxlinkurl.template.feature
caller: classpath:InspireTest/ngr/datasetrecords/ngr-check-dataset-record.feature
items: [{link=}]
errors:
-------
feature call (loop) failed at index: 0
caller: classpath:InspireTest/ngr/datasetrecords/def/checkxlinkurl.template.feature
arg: {"link":""}
checkxlinkurl.template.feature:14 - 
org.apache.http.client.ClientProtocolException
[1.65:16] ngr-check-dataset-record.feature:69 - feature call (loop) failed: classpath:InspireTest/ngr/datasetrecords/def/checkxlinkurl.template.feature
caller: classpath:InspireTest/ngr/datasetrecords/ngr-check-dataset-record.feature
items: [{link=https://www.nationaalgeoregister.nl/geonetwork/srv/dut/catalog.search#/metadata/5a1adb58-0bbe-425d-b0fe-577a6c0a4228}, {link=http://rdfdata.eionet.europa.eu/inspirethemes/themes/10}, {link=urn:ogc:def:crs:EPSG::5709}]
errors:
-------
feature call (loop) failed at index: 1
caller: classpath:InspireTest/ngr/datasetrecords/def/checkxlinkurl.template.feature
arg: {"link":"http://rdfdata.eionet.europa.eu/inspirethemes/themes/10"}
checkxlinkurl.template.feature:15 - status code was: 404, expected: 200, response time: 200, url: http://rdfdata.eionet.europa.eu/inspirethemes/themes/10, response: 
-------
feature call (loop) failed at index: 2
caller: classpath:InspireTest/ngr/datasetrecords/def/checkxlinkurl.template.feature
arg: {"link":"urn:ogc:def:crs:EPSG::5709"}
checkxlinkurl.template.feature:14 - 
org.apache.http.client.ClientProtocolException: URI does not specify a valid host name: urn:ogc:def:crs:EPSG::5709
[1.66:16] ngr-check-dataset-record.feature:69 - feature call (loop) failed: classpath:InspireTest/ngr/datasetrecords/def/checkxlinkurl.template.feature
caller: classpath:InspireTest/ngr/datasetrecords/ngr-check-dataset-record.feature
items: [{link=https://www.nationaalgeoregister.nl/geonetwork/srv/dut/catalog.search#/metadata/wt-f5eb-b09f-4f6d-8397-8878a1b86238}, {link=http://rdfdata.eionet.europa.eu/inspirethemes/themes/18}, {link=https://ngr.geocat.live/geonetwork/srv/eng/thesaurus.download?ref=external.theme.httpinspireeceuropaeumetadatacodelistPrioritydataset-Prioritydataset}]
errors:
-------
feature call (loop) failed at index: 1
caller: classpath:InspireTest/ngr/datasetrecords/def/checkxlinkurl.template.feature
arg: {"link":"http://rdfdata.eionet.europa.eu/inspirethemes/themes/18"}
checkxlinkurl.template.feature:15 - status code was: 404, expected: 200, response time: 199, url: http://rdfdata.eionet.europa.eu/inspirethemes/themes/18, response: 
-------
feature call (loop) failed at index: 2
caller: classpath:InspireTest/ngr/datasetrecords/def/checkxlinkurl.template.feature
arg: {"link":"https://ngr.geocat.live/geonetwork/srv/eng/thesaurus.download?ref=external.theme.httpinspireeceuropaeumetadatacodelistPrioritydataset-Prioritydataset"}
checkxlinkurl.template.feature:15 - status code was: 500, expected: 200, response time: 310, url: https://ngr.geocat.live/geonetwork/srv/eng/thesaurus.download?ref=external.theme.httpinspireeceuropaeumetadatacodelistPrioritydataset-Prioritydataset, response: 
[1.67:16] ngr-check-dataset-record.feature:69 - feature call (loop) failed: classpath:InspireTest/ngr/datasetrecords/def/checkxlinkurl.template.feature
caller: classpath:InspireTest/ngr/datasetrecords/ngr-check-dataset-record.feature
items: [{link=https://www.nationaalgeoregister.nl/geonetwork/srv/dut/catalog.search#/metadata/wt-3730-e750-485a-9c0c-39bf9be72cf9}, {link=http://rdfdata.eionet.europa.eu/inspirethemes/themes/18}, {link=https://ngr.geocat.live/geonetwork/srv/eng/thesaurus.download?ref=external.theme.httpinspireeceuropaeumetadatacodelistPrioritydataset-Prioritydataset}]
errors:
-------
feature call (loop) failed at index: 1
caller: classpath:InspireTest/ngr/datasetrecords/def/checkxlinkurl.template.feature
arg: {"link":"http://rdfdata.eionet.europa.eu/inspirethemes/themes/18"}
checkxlinkurl.template.feature:15 - status code was: 404, expected: 200, response time: 213, url: http://rdfdata.eionet.europa.eu/inspirethemes/themes/18, response: 
-------
feature call (loop) failed at index: 2
caller: classpath:InspireTest/ngr/datasetrecords/def/checkxlinkurl.template.feature
arg: {"link":"https://ngr.geocat.live/geonetwork/srv/eng/thesaurus.download?ref=external.theme.httpinspireeceuropaeumetadatacodelistPrioritydataset-Prioritydataset"}
checkxlinkurl.template.feature:15 - status code was: 500, expected: 200, response time: 469, url: https://ngr.geocat.live/geonetwork/srv/eng/thesaurus.download?ref=external.theme.httpinspireeceuropaeumetadatacodelistPrioritydataset-Prioritydataset, response: 
[1.68:16] ngr-check-dataset-record.feature:69 - feature call (loop) failed: classpath:InspireTest/ngr/datasetrecords/def/checkxlinkurl.template.feature
caller: classpath:InspireTest/ngr/datasetrecords/ngr-check-dataset-record.feature
items: [{link=https://www.nationaalgeoregister.nl/geonetwork/srv/dut/catalog.search#/metadata/50eef6be-619d-4e16-9b92-48971109b636}, {link=http://rdfdata.eionet.europa.eu/inspirethemes/themes/18}, {link=http://inspire.ec.europa.eu/metadata-codelist/PriorityDataset/MajorRoadsNoiseExposureDelineationNight-dir-2002-49}, {link=https://ngr.geocat.live/geonetwork/srv/eng/thesaurus.download?ref=external.theme.httpinspireeceuropaeumetadatacodelistPrioritydataset-Prioritydataset}, {link=urn:ogc:def:crs:EPSG::5709}]
errors:
-------
feature call (loop) failed at index: 1
caller: classpath:InspireTest/ngr/datasetrecords/def/checkxlinkurl.template.feature
arg: {"link":"http://rdfdata.eionet.europa.eu/inspirethemes/themes/18"}
checkxlinkurl.template.feature:15 - status code was: 404, expected: 200, response time: 201, url: http://rdfdata.eionet.europa.eu/inspirethemes/themes/18, response: 
-------
feature call (loop) failed at index: 3
caller: classpath:InspireTest/ngr/datasetrecords/def/checkxlinkurl.template.feature
arg: {"link":"https://ngr.geocat.live/geonetwork/srv/eng/thesaurus.download?ref=external.theme.httpinspireeceuropaeumetadatacodelistPrioritydataset-Prioritydataset"}
checkxlinkurl.template.feature:15 - status code was: 500, expected: 200, response time: 314, url: https://ngr.geocat.live/geonetwork/srv/eng/thesaurus.download?ref=external.theme.httpinspireeceuropaeumetadatacodelistPrioritydataset-Prioritydataset, response: 
-------
feature call (loop) failed at index: 4
caller: classpath:InspireTest/ngr/datasetrecords/def/checkxlinkurl.template.feature
arg: {"link":"urn:ogc:def:crs:EPSG::5709"}
checkxlinkurl.template.feature:14 - 
org.apache.http.client.ClientProtocolException: URI does not specify a valid host name: urn:ogc:def:crs:EPSG::5709
[1.69:16] ngr-check-dataset-record.feature:69 - feature call (loop) failed: classpath:InspireTest/ngr/datasetrecords/def/checkxlinkurl.template.feature
caller: classpath:InspireTest/ngr/datasetrecords/ngr-check-dataset-record.feature
items: [{link=https://www.nationaalgeoregister.nl/geonetwork/srv/dut/catalog.search#/metadata/8de2f5eb-b09f-4f6d-8397-8878a1b86238}, {link=http://rdfdata.eionet.europa.eu/inspirethemes/themes/18}, {link=https://ngr.geocat.live/geonetwork/srv/eng/thesaurus.download?ref=external.theme.httpinspireeceuropaeumetadatacodelistPrioritydataset-Prioritydataset}, {link=urn:ogc:def:crs:EPSG::5709}]
errors:
-------
feature call (loop) failed at index: 1
caller: classpath:InspireTest/ngr/datasetrecords/def/checkxlinkurl.template.feature
arg: {"link":"http://rdfdata.eionet.europa.eu/inspirethemes/themes/18"}
checkxlinkurl.template.feature:15 - status code was: 404, expected: 200, response time: 200, url: http://rdfdata.eionet.europa.eu/inspirethemes/themes/18, response: 
-------
feature call (loop) failed at index: 2
caller: classpath:InspireTest/ngr/datasetrecords/def/checkxlinkurl.template.feature
arg: {"link":"https://ngr.geocat.live/geonetwork/srv/eng/thesaurus.download?ref=external.theme.httpinspireeceuropaeumetadatacodelistPrioritydataset-Prioritydataset"}
checkxlinkurl.template.feature:15 - status code was: 500, expected: 200, response time: 821, url: https://ngr.geocat.live/geonetwork/srv/eng/thesaurus.download?ref=external.theme.httpinspireeceuropaeumetadatacodelistPrioritydataset-Prioritydataset, response: 
-------
feature call (loop) failed at index: 3
caller: classpath:InspireTest/ngr/datasetrecords/def/checkxlinkurl.template.feature
arg: {"link":"urn:ogc:def:crs:EPSG::5709"}
checkxlinkurl.template.feature:14 - 
org.apache.http.client.ClientProtocolException: URI does not specify a valid host name: urn:ogc:def:crs:EPSG::5709
[1.70:16] ngr-check-dataset-record.feature:69 - feature call (loop) failed: classpath:InspireTest/ngr/datasetrecords/def/checkxlinkurl.template.feature
caller: classpath:InspireTest/ngr/datasetrecords/ngr-check-dataset-record.feature
items: [{link=https://www.nationaalgeoregister.nl/geonetwork/srv/dut/catalog.search#/metadata/9b583730-e750-485a-9c0c-39bf9be72cf9}, {link=http://rdfdata.eionet.europa.eu/inspirethemes/themes/18}, {link=https://ngr.geocat.live/geonetwork/srv/eng/thesaurus.download?ref=external.theme.httpinspireeceuropaeumetadatacodelistPrioritydataset-Prioritydataset}, {link=urn:ogc:def:crs:EPSG::5709}]
errors:
-------
feature call (loop) failed at index: 1
caller: classpath:InspireTest/ngr/datasetrecords/def/checkxlinkurl.template.feature
arg: {"link":"http://rdfdata.eionet.europa.eu/inspirethemes/themes/18"}
checkxlinkurl.template.feature:15 - status code was: 404, expected: 200, response time: 203, url: http://rdfdata.eionet.europa.eu/inspirethemes/themes/18, response: 
-------
feature call (loop) failed at index: 2
caller: classpath:InspireTest/ngr/datasetrecords/def/checkxlinkurl.template.feature
arg: {"link":"https://ngr.geocat.live/geonetwork/srv/eng/thesaurus.download?ref=external.theme.httpinspireeceuropaeumetadatacodelistPrioritydataset-Prioritydataset"}
checkxlinkurl.template.feature:15 - status code was: 500, expected: 200, response time: 316, url: https://ngr.geocat.live/geonetwork/srv/eng/thesaurus.download?ref=external.theme.httpinspireeceuropaeumetadatacodelistPrioritydataset-Prioritydataset, response: 
-------
feature call (loop) failed at index: 3
caller: classpath:InspireTest/ngr/datasetrecords/def/checkxlinkurl.template.feature
arg: {"link":"urn:ogc:def:crs:EPSG::5709"}
checkxlinkurl.template.feature:14 - 
org.apache.http.client.ClientProtocolException: URI does not specify a valid host name: urn:ogc:def:crs:EPSG::5709
[1.71:16] ngr-check-dataset-record.feature:69 - feature call (loop) failed: classpath:InspireTest/ngr/datasetrecords/def/checkxlinkurl.template.feature
caller: classpath:InspireTest/ngr/datasetrecords/ngr-check-dataset-record.feature
items: [{link=https://www.nationaalgeoregister.nl/geonetwork/srv/dut/catalog.search#/metadata/9b583730-e750-485a-9c0c-39bf9be72cf8}, {link=http://rdfdata.eionet.europa.eu/inspirethemes/themes/18}, {link=https://ngr.geocat.live/geonetwork/srv/eng/thesaurus.download?ref=external.theme.httpinspireeceuropaeumetadatacodelistPrioritydataset-Prioritydataset}]
errors:
-------
feature call (loop) failed at index: 1
caller: classpath:InspireTest/ngr/datasetrecords/def/checkxlinkurl.template.feature
arg: {"link":"http://rdfdata.eionet.europa.eu/inspirethemes/themes/18"}
checkxlinkurl.template.feature:15 - status code was: 404, expected: 200, response time: 199, url: http://rdfdata.eionet.europa.eu/inspirethemes/themes/18, response: 
-------
feature call (loop) failed at index: 2
caller: classpath:InspireTest/ngr/datasetrecords/def/checkxlinkurl.template.feature
arg: {"link":"https://ngr.geocat.live/geonetwork/srv/eng/thesaurus.download?ref=external.theme.httpinspireeceuropaeumetadatacodelistPrioritydataset-Prioritydataset"}
checkxlinkurl.template.feature:15 - status code was: 500, expected: 200, response time: 793, url: https://ngr.geocat.live/geonetwork/srv/eng/thesaurus.download?ref=external.theme.httpinspireeceuropaeumetadatacodelistPrioritydataset-Prioritydataset, response: 
[1.72:16] ngr-check-dataset-record.feature:69 - feature call (loop) failed: classpath:InspireTest/ngr/datasetrecords/def/checkxlinkurl.template.feature
caller: classpath:InspireTest/ngr/datasetrecords/ngr-check-dataset-record.feature
items: [{link=https://www.nationaalgeoregister.nl/geonetwork/srv/dut/catalog.search#/metadata/krm-a905-9d8e-4758-83fa-28b057f185e3}, {link=http://rdfdata.eionet.europa.eu/inspirethemes/themes/24}, {link=https://ngr.geocat.live/geonetwork/srv/eng/thesaurus.download?ref=external.theme.httpinspireeceuropaeumetadatacodelistPrioritydataset-Prioritydataset}]
errors:
-------
feature call (loop) failed at index: 1
caller: classpath:InspireTest/ngr/datasetrecords/def/checkxlinkurl.template.feature
arg: {"link":"http://rdfdata.eionet.europa.eu/inspirethemes/themes/24"}
checkxlinkurl.template.feature:15 - status code was: 404, expected: 200, response time: 201, url: http://rdfdata.eionet.europa.eu/inspirethemes/themes/24, response: 
-------
feature call (loop) failed at index: 2
caller: classpath:InspireTest/ngr/datasetrecords/def/checkxlinkurl.template.feature
arg: {"link":"https://ngr.geocat.live/geonetwork/srv/eng/thesaurus.download?ref=external.theme.httpinspireeceuropaeumetadatacodelistPrioritydataset-Prioritydataset"}
checkxlinkurl.template.feature:15 - status code was: 500, expected: 200, response time: 521, url: https://ngr.geocat.live/geonetwork/srv/eng/thesaurus.download?ref=external.theme.httpinspireeceuropaeumetadatacodelistPrioritydataset-Prioritydataset, response: 
[1.73:16] ngr-check-dataset-record.feature:69 - feature call (loop) failed: classpath:InspireTest/ngr/datasetrecords/def/checkxlinkurl.template.feature
caller: classpath:InspireTest/ngr/datasetrecords/ngr-check-dataset-record.feature
items: [{link=https://www.nationaalgeoregister.nl/geonetwork/srv/dut/catalog.search#/metadata/krm-a905-9d8e-4758-83fa-28b057f185e4}, {link=http://rdfdata.eionet.europa.eu/inspirethemes/themes/24}, {link=https://ngr.geocat.live/geonetwork/srv/eng/thesaurus.download?ref=external.theme.httpinspireeceuropaeumetadatacodelistPrioritydataset-Prioritydataset}]
errors:
-------
feature call (loop) failed at index: 1
caller: classpath:InspireTest/ngr/datasetrecords/def/checkxlinkurl.template.feature
arg: {"link":"http://rdfdata.eionet.europa.eu/inspirethemes/themes/24"}
checkxlinkurl.template.feature:15 - status code was: 404, expected: 200, response time: 199, url: http://rdfdata.eionet.europa.eu/inspirethemes/themes/24, response: 
-------
feature call (loop) failed at index: 2
caller: classpath:InspireTest/ngr/datasetrecords/def/checkxlinkurl.template.feature
arg: {"link":"https://ngr.geocat.live/geonetwork/srv/eng/thesaurus.download?ref=external.theme.httpinspireeceuropaeumetadatacodelistPrioritydataset-Prioritydataset"}
checkxlinkurl.template.feature:15 - status code was: 500, expected: 200, response time: 441, url: https://ngr.geocat.live/geonetwork/srv/eng/thesaurus.download?ref=external.theme.httpinspireeceuropaeumetadatacodelistPrioritydataset-Prioritydataset, response: 
[1.74:16] ngr-check-dataset-record.feature:69 - feature call (loop) failed: classpath:InspireTest/ngr/datasetrecords/def/checkxlinkurl.template.feature
caller: classpath:InspireTest/ngr/datasetrecords/ngr-check-dataset-record.feature
items: [{link=https://www.nationaalgeoregister.nl/geonetwork/srv/dut/catalog.search#/metadata/tbjk534p-wubf-crbp-cj25-d4161160gfim}, {link=http://rdfdata.eionet.europa.eu/inspirethemes/themes/28}, {link=https://ngr.geocat.live/geonetwork/srv/eng/thesaurus.download?ref=external.theme.httpinspireeceuropaeumetadatacodelistPrioritydataset-Prioritydataset}]
errors:
-------
feature call (loop) failed at index: 1
caller: classpath:InspireTest/ngr/datasetrecords/def/checkxlinkurl.template.feature
arg: {"link":"http://rdfdata.eionet.europa.eu/inspirethemes/themes/28"}
checkxlinkurl.template.feature:15 - status code was: 404, expected: 200, response time: 201, url: http://rdfdata.eionet.europa.eu/inspirethemes/themes/28, response: 
-------
feature call (loop) failed at index: 2
caller: classpath:InspireTest/ngr/datasetrecords/def/checkxlinkurl.template.feature
arg: {"link":"https://ngr.geocat.live/geonetwork/srv/eng/thesaurus.download?ref=external.theme.httpinspireeceuropaeumetadatacodelistPrioritydataset-Prioritydataset"}
checkxlinkurl.template.feature:15 - status code was: 500, expected: 200, response time: 408, url: https://ngr.geocat.live/geonetwork/srv/eng/thesaurus.download?ref=external.theme.httpinspireeceuropaeumetadatacodelistPrioritydataset-Prioritydataset, response: 
[1.75:16] ngr-check-dataset-record.feature:69 - feature call (loop) failed: classpath:InspireTest/ngr/datasetrecords/def/checkxlinkurl.template.feature
caller: classpath:InspireTest/ngr/datasetrecords/ngr-check-dataset-record.feature
items: [{link=https://www.nationaalgeoregister.nl/geonetwork/srv/dut/catalog.search#/metadata/krw2006-c57b-44a2-83a4-e51223d5f15g}, {link=http://rdfdata.eionet.europa.eu/inspirethemes/themes/24}, {link=https://ngr.geocat.live/geonetwork/srv/eng/thesaurus.download?ref=external.theme.httpinspireeceuropaeumetadatacodelistPrioritydataset-Prioritydataset}, {link=urn:ogc:def:crs:EPSG::5709}]
errors:
-------
feature call (loop) failed at index: 1
caller: classpath:InspireTest/ngr/datasetrecords/def/checkxlinkurl.template.feature
arg: {"link":"http://rdfdata.eionet.europa.eu/inspirethemes/themes/24"}
checkxlinkurl.template.feature:15 - status code was: 404, expected: 200, response time: 201, url: http://rdfdata.eionet.europa.eu/inspirethemes/themes/24, response: 
-------
feature call (loop) failed at index: 2
caller: classpath:InspireTest/ngr/datasetrecords/def/checkxlinkurl.template.feature
arg: {"link":"https://ngr.geocat.live/geonetwork/srv/eng/thesaurus.download?ref=external.theme.httpinspireeceuropaeumetadatacodelistPrioritydataset-Prioritydataset"}
checkxlinkurl.template.feature:15 - status code was: 500, expected: 200, response time: 363, url: https://ngr.geocat.live/geonetwork/srv/eng/thesaurus.download?ref=external.theme.httpinspireeceuropaeumetadatacodelistPrioritydataset-Prioritydataset, response: 
-------
feature call (loop) failed at index: 3
caller: classpath:InspireTest/ngr/datasetrecords/def/checkxlinkurl.template.feature
arg: {"link":"urn:ogc:def:crs:EPSG::5709"}
checkxlinkurl.template.feature:14 - 
org.apache.http.client.ClientProtocolException: URI does not specify a valid host name: urn:ogc:def:crs:EPSG::5709
[1.76:16] ngr-check-dataset-record.feature:69 - feature call (loop) failed: classpath:InspireTest/ngr/datasetrecords/def/checkxlinkurl.template.feature
caller: classpath:InspireTest/ngr/datasetrecords/ngr-check-dataset-record.feature
items: [{link=https://www.nationaalgeoregister.nl/geonetwork/srv/dut/catalog.search#/metadata/622a632a-c57b-44a2-83a4-e51223d5f15g}, {link=http://rdfdata.eionet.europa.eu/inspirethemes/themes/24}, {link=https://ngr.geocat.live/geonetwork/srv/eng/thesaurus.download?ref=external.theme.httpinspireeceuropaeumetadatacodelistPrioritydataset-Prioritydataset}, {link=urn:ogc:def:crs:EPSG::5709}]
errors:
-------
feature call (loop) failed at index: 1
caller: classpath:InspireTest/ngr/datasetrecords/def/checkxlinkurl.template.feature
arg: {"link":"http://rdfdata.eionet.europa.eu/inspirethemes/themes/24"}
checkxlinkurl.template.feature:15 - status code was: 404, expected: 200, response time: 201, url: http://rdfdata.eionet.europa.eu/inspirethemes/themes/24, response: 
-------
feature call (loop) failed at index: 2
caller: classpath:InspireTest/ngr/datasetrecords/def/checkxlinkurl.template.feature
arg: {"link":"https://ngr.geocat.live/geonetwork/srv/eng/thesaurus.download?ref=external.theme.httpinspireeceuropaeumetadatacodelistPrioritydataset-Prioritydataset"}
checkxlinkurl.template.feature:15 - status code was: 500, expected: 200, response time: 353, url: https://ngr.geocat.live/geonetwork/srv/eng/thesaurus.download?ref=external.theme.httpinspireeceuropaeumetadatacodelistPrioritydataset-Prioritydataset, response: 
-------
feature call (loop) failed at index: 3
caller: classpath:InspireTest/ngr/datasetrecords/def/checkxlinkurl.template.feature
arg: {"link":"urn:ogc:def:crs:EPSG::5709"}
checkxlinkurl.template.feature:14 - 
org.apache.http.client.ClientProtocolException: URI does not specify a valid host name: urn:ogc:def:crs:EPSG::5709
[1.77:16] ngr-check-dataset-record.feature:69 - feature call (loop) failed: classpath:InspireTest/ngr/datasetrecords/def/checkxlinkurl.template.feature
caller: classpath:InspireTest/ngr/datasetrecords/ngr-check-dataset-record.feature
items: [{link=https://www.nationaalgeoregister.nl/geonetwork/srv/dut/catalog.search#/metadata/a1960e70-22f4-4fd9-91a8-b605c6ceda3e}, {link=http://rdfdata.eionet.europa.eu/inspirethemes/themes/24}, {link=https://ngr.geocat.live/geonetwork/srv/eng/thesaurus.download?ref=external.theme.httpinspireeceuropaeumetadatacodelistPrioritydataset-Prioritydataset}]
errors:
-------
feature call (loop) failed at index: 1
caller: classpath:InspireTest/ngr/datasetrecords/def/checkxlinkurl.template.feature
arg: {"link":"http://rdfdata.eionet.europa.eu/inspirethemes/themes/24"}
checkxlinkurl.template.feature:15 - status code was: 404, expected: 200, response time: 200, url: http://rdfdata.eionet.europa.eu/inspirethemes/themes/24, response: 
-------
feature call (loop) failed at index: 2
caller: classpath:InspireTest/ngr/datasetrecords/def/checkxlinkurl.template.feature
arg: {"link":"https://ngr.geocat.live/geonetwork/srv/eng/thesaurus.download?ref=external.theme.httpinspireeceuropaeumetadatacodelistPrioritydataset-Prioritydataset"}
checkxlinkurl.template.feature:15 - status code was: 500, expected: 200, response time: 340, url: https://ngr.geocat.live/geonetwork/srv/eng/thesaurus.download?ref=external.theme.httpinspireeceuropaeumetadatacodelistPrioritydataset-Prioritydataset, response: 
[1.78:16] ngr-check-dataset-record.feature:69 - feature call (loop) failed: classpath:InspireTest/ngr/datasetrecords/def/checkxlinkurl.template.feature
caller: classpath:InspireTest/ngr/datasetrecords/ngr-check-dataset-record.feature
items: [{link=https://www.nationaalgeoregister.nl/geonetwork/srv/dut/catalog.search#/metadata/110f9ec6-4464-462e-9765-83d90cefbead}, {link=http://rdfdata.eionet.europa.eu/inspirethemes/themes/24}, {link=https://ngr.geocat.live/geonetwork/srv/eng/thesaurus.download?ref=external.theme.httpinspireeceuropaeumetadatacodelistPrioritydataset-Prioritydataset}]
errors:
-------
feature call (loop) failed at index: 1
caller: classpath:InspireTest/ngr/datasetrecords/def/checkxlinkurl.template.feature
arg: {"link":"http://rdfdata.eionet.europa.eu/inspirethemes/themes/24"}
checkxlinkurl.template.feature:15 - status code was: 404, expected: 200, response time: 200, url: http://rdfdata.eionet.europa.eu/inspirethemes/themes/24, response: 
-------
feature call (loop) failed at index: 2
caller: classpath:InspireTest/ngr/datasetrecords/def/checkxlinkurl.template.feature
arg: {"link":"https://ngr.geocat.live/geonetwork/srv/eng/thesaurus.download?ref=external.theme.httpinspireeceuropaeumetadatacodelistPrioritydataset-Prioritydataset"}
checkxlinkurl.template.feature:15 - status code was: 500, expected: 200, response time: 334, url: https://ngr.geocat.live/geonetwork/srv/eng/thesaurus.download?ref=external.theme.httpinspireeceuropaeumetadatacodelistPrioritydataset-Prioritydataset, response: 
[1.79:16] ngr-check-dataset-record.feature:69 - feature call (loop) failed: classpath:InspireTest/ngr/datasetrecords/def/checkxlinkurl.template.feature
caller: classpath:InspireTest/ngr/datasetrecords/ngr-check-dataset-record.feature
items: [{link=https://www.nationaalgeoregister.nl/geonetwork/srv/dut/catalog.search#/metadata/110f9ec6-4464-462e-9765-83d90cefbeag}, {link=http://rdfdata.eionet.europa.eu/inspirethemes/themes/24}, {link=https://ngr.geocat.live/geonetwork/srv/eng/thesaurus.download?ref=external.theme.httpinspireeceuropaeumetadatacodelistPrioritydataset-Prioritydataset}, {link=urn:ogc:def:crs:EPSG::5709}]
errors:
-------
feature call (loop) failed at index: 1
caller: classpath:InspireTest/ngr/datasetrecords/def/checkxlinkurl.template.feature
arg: {"link":"http://rdfdata.eionet.europa.eu/inspirethemes/themes/24"}
checkxlinkurl.template.feature:15 - status code was: 404, expected: 200, response time: 201, url: http://rdfdata.eionet.europa.eu/inspirethemes/themes/24, response: 
-------
feature call (loop) failed at index: 2
caller: classpath:InspireTest/ngr/datasetrecords/def/checkxlinkurl.template.feature
arg: {"link":"https://ngr.geocat.live/geonetwork/srv/eng/thesaurus.download?ref=external.theme.httpinspireeceuropaeumetadatacodelistPrioritydataset-Prioritydataset"}
checkxlinkurl.template.feature:15 - status code was: 500, expected: 200, response time: 331, url: https://ngr.geocat.live/geonetwork/srv/eng/thesaurus.download?ref=external.theme.httpinspireeceuropaeumetadatacodelistPrioritydataset-Prioritydataset, response: 
-------
feature call (loop) failed at index: 3
caller: classpath:InspireTest/ngr/datasetrecords/def/checkxlinkurl.template.feature
arg: {"link":"urn:ogc:def:crs:EPSG::5709"}
checkxlinkurl.template.feature:14 - 
org.apache.http.client.ClientProtocolException: URI does not specify a valid host name: urn:ogc:def:crs:EPSG::5709
[1.80:16] ngr-check-dataset-record.feature:69 - feature call (loop) failed: classpath:InspireTest/ngr/datasetrecords/def/checkxlinkurl.template.feature
caller: classpath:InspireTest/ngr/datasetrecords/ngr-check-dataset-record.feature
items: [{link=https://www.nationaalgeoregister.nl/geonetwork/srv/dut/catalog.search#/metadata/891ddc2d-8949-4a45-be96-c65b87c41f13}, {link=http://rdfdata.eionet.europa.eu/inspirethemes/themes/20}, {link=https://ngr.geocat.live/geonetwork/srv/eng/thesaurus.download?ref=external.theme.httpinspireeceuropaeumetadatacodelistPrioritydataset-Prioritydataset}]
errors:
-------
feature call (loop) failed at index: 1
caller: classpath:InspireTest/ngr/datasetrecords/def/checkxlinkurl.template.feature
arg: {"link":"http://rdfdata.eionet.europa.eu/inspirethemes/themes/20"}
checkxlinkurl.template.feature:15 - status code was: 404, expected: 200, response time: 199, url: http://rdfdata.eionet.europa.eu/inspirethemes/themes/20, response: 
-------
feature call (loop) failed at index: 2
caller: classpath:InspireTest/ngr/datasetrecords/def/checkxlinkurl.template.feature
arg: {"link":"https://ngr.geocat.live/geonetwork/srv/eng/thesaurus.download?ref=external.theme.httpinspireeceuropaeumetadatacodelistPrioritydataset-Prioritydataset"}
checkxlinkurl.template.feature:15 - status code was: 500, expected: 200, response time: 316, url: https://ngr.geocat.live/geonetwork/srv/eng/thesaurus.download?ref=external.theme.httpinspireeceuropaeumetadatacodelistPrioritydataset-Prioritydataset, response: 
[1.81:16] ngr-check-dataset-record.feature:69 - feature call (loop) failed: classpath:InspireTest/ngr/datasetrecords/def/checkxlinkurl.template.feature
caller: classpath:InspireTest/ngr/datasetrecords/ngr-check-dataset-record.feature
items: [{link=https://www.nationaalgeoregister.nl/geonetwork/srv/dut/catalog.search#/metadata/ror-9d8e-4758-83fx-28b057f185e1}, {link=http://rdfdata.eionet.europa.eu/inspirethemes/themes/25}, {link=https://ngr.geocat.live/geonetwork/srv/eng/thesaurus.download?ref=external.theme.httpinspireeceuropaeumetadatacodelistPrioritydataset-Prioritydataset}, {link=urn:ogc:def:crs:EPSG::5709}]
errors:
-------
feature call (loop) failed at index: 1
caller: classpath:InspireTest/ngr/datasetrecords/def/checkxlinkurl.template.feature
arg: {"link":"http://rdfdata.eionet.europa.eu/inspirethemes/themes/25"}
checkxlinkurl.template.feature:15 - status code was: 404, expected: 200, response time: 199, url: http://rdfdata.eionet.europa.eu/inspirethemes/themes/25, response: 
-------
feature call (loop) failed at index: 2
caller: classpath:InspireTest/ngr/datasetrecords/def/checkxlinkurl.template.feature
arg: {"link":"https://ngr.geocat.live/geonetwork/srv/eng/thesaurus.download?ref=external.theme.httpinspireeceuropaeumetadatacodelistPrioritydataset-Prioritydataset"}
checkxlinkurl.template.feature:15 - status code was: 500, expected: 200, response time: 342, url: https://ngr.geocat.live/geonetwork/srv/eng/thesaurus.download?ref=external.theme.httpinspireeceuropaeumetadatacodelistPrioritydataset-Prioritydataset, response: 
-------
feature call (loop) failed at index: 3
caller: classpath:InspireTest/ngr/datasetrecords/def/checkxlinkurl.template.feature
arg: {"link":"urn:ogc:def:crs:EPSG::5709"}
checkxlinkurl.template.feature:14 - 
org.apache.http.client.ClientProtocolException: URI does not specify a valid host name: urn:ogc:def:crs:EPSG::5709
[1.82:16] ngr-check-dataset-record.feature:69 - feature call (loop) failed: classpath:InspireTest/ngr/datasetrecords/def/checkxlinkurl.template.feature
caller: classpath:InspireTest/ngr/datasetrecords/ngr-check-dataset-record.feature
items: [{link=https://www.nationaalgeoregister.nl/geonetwork/srv/dut/catalog.search#/metadata/a9b7026e-0a81-4813-93bd-ba49e6f28502}, {link=http://rdfdata.eionet.europa.eu/inspirethemes/themes/7}, {link=http://rdfdata.eionet.europa.eu/inspirethemes/themes/18}, {link=https://ngr.geocat.live/geonetwork/srv/eng/thesaurus.download?ref=external.theme.httpinspireeceuropaeumetadatacodelistPrioritydataset-Prioritydataset}, {link=urn:ogc:def:crs:EPSG::5709}]
errors:
-------
feature call (loop) failed at index: 1
caller: classpath:InspireTest/ngr/datasetrecords/def/checkxlinkurl.template.feature
arg: {"link":"http://rdfdata.eionet.europa.eu/inspirethemes/themes/7"}
checkxlinkurl.template.feature:15 - status code was: 404, expected: 200, response time: 200, url: http://rdfdata.eionet.europa.eu/inspirethemes/themes/7, response: 
-------
feature call (loop) failed at index: 2
caller: classpath:InspireTest/ngr/datasetrecords/def/checkxlinkurl.template.feature
arg: {"link":"http://rdfdata.eionet.europa.eu/inspirethemes/themes/18"}
checkxlinkurl.template.feature:15 - status code was: 404, expected: 200, response time: 199, url: http://rdfdata.eionet.europa.eu/inspirethemes/themes/18, response: 
-------
feature call (loop) failed at index: 3
caller: classpath:InspireTest/ngr/datasetrecords/def/checkxlinkurl.template.feature
arg: {"link":"https://ngr.geocat.live/geonetwork/srv/eng/thesaurus.download?ref=external.theme.httpinspireeceuropaeumetadatacodelistPrioritydataset-Prioritydataset"}
checkxlinkurl.template.feature:15 - status code was: 500, expected: 200, response time: 349, url: https://ngr.geocat.live/geonetwork/srv/eng/thesaurus.download?ref=external.theme.httpinspireeceuropaeumetadatacodelistPrioritydataset-Prioritydataset, response: 
-------
feature call (loop) failed at index: 4
caller: classpath:InspireTest/ngr/datasetrecords/def/checkxlinkurl.template.feature
arg: {"link":"urn:ogc:def:crs:EPSG::5709"}
checkxlinkurl.template.feature:14 - 
org.apache.http.client.ClientProtocolException: URI does not specify a valid host name: urn:ogc:def:crs:EPSG::5709
[1.83:16] ngr-check-dataset-record.feature:69 - feature call (loop) failed: classpath:InspireTest/ngr/datasetrecords/def/checkxlinkurl.template.feature
caller: classpath:InspireTest/ngr/datasetrecords/ngr-check-dataset-record.feature
items: [{link=https://www.nationaalgeoregister.nl/geonetwork/srv/dut/catalog.search#/metadata/10f9ec6-4464-462e-9765-83d90cefbeab}, {link=http://rdfdata.eionet.europa.eu/inspirethemes/themes/24}, {link=https://ngr.geocat.live/geonetwork/srv/eng/thesaurus.download?ref=external.theme.httpinspireeceuropaeumetadatacodelistPrioritydataset-Prioritydataset}, {link=urn:ogc:def:crs:EPSG::5709}]
errors:
-------
feature call (loop) failed at index: 1
caller: classpath:InspireTest/ngr/datasetrecords/def/checkxlinkurl.template.feature
arg: {"link":"http://rdfdata.eionet.europa.eu/inspirethemes/themes/24"}
checkxlinkurl.template.feature:15 - status code was: 404, expected: 200, response time: 200, url: http://rdfdata.eionet.europa.eu/inspirethemes/themes/24, response: 
-------
feature call (loop) failed at index: 2
caller: classpath:InspireTest/ngr/datasetrecords/def/checkxlinkurl.template.feature
arg: {"link":"https://ngr.geocat.live/geonetwork/srv/eng/thesaurus.download?ref=external.theme.httpinspireeceuropaeumetadatacodelistPrioritydataset-Prioritydataset"}
checkxlinkurl.template.feature:15 - status code was: 500, expected: 200, response time: 336, url: https://ngr.geocat.live/geonetwork/srv/eng/thesaurus.download?ref=external.theme.httpinspireeceuropaeumetadatacodelistPrioritydataset-Prioritydataset, response: 
-------
feature call (loop) failed at index: 3
caller: classpath:InspireTest/ngr/datasetrecords/def/checkxlinkurl.template.feature
arg: {"link":"urn:ogc:def:crs:EPSG::5709"}
checkxlinkurl.template.feature:14 - 
org.apache.http.client.ClientProtocolException: URI does not specify a valid host name: urn:ogc:def:crs:EPSG::5709
[1.84:16] ngr-check-dataset-record.feature:69 - feature call (loop) failed: classpath:InspireTest/ngr/datasetrecords/def/checkxlinkurl.template.feature
caller: classpath:InspireTest/ngr/datasetrecords/ngr-check-dataset-record.feature
items: [{link=https://www.nationaalgeoregister.nl/geonetwork/srv/dut/catalog.search#/metadata/2e31680f-68b5-4ff3-94a4-9c24109ffd5e}, {link=http://rdfdata.eionet.europa.eu/inspirethemes/themes/24}, {link=https://ngr.geocat.live/geonetwork/srv/eng/thesaurus.download?ref=external.theme.httpinspireeceuropaeumetadatacodelistPrioritydataset-Prioritydataset}, {link=urn:ogc:def:crs:EPSG::5709}]
errors:
-------
feature call (loop) failed at index: 1
caller: classpath:InspireTest/ngr/datasetrecords/def/checkxlinkurl.template.feature
arg: {"link":"http://rdfdata.eionet.europa.eu/inspirethemes/themes/24"}
checkxlinkurl.template.feature:15 - status code was: 404, expected: 200, response time: 200, url: http://rdfdata.eionet.europa.eu/inspirethemes/themes/24, response: 
-------
feature call (loop) failed at index: 2
caller: classpath:InspireTest/ngr/datasetrecords/def/checkxlinkurl.template.feature
arg: {"link":"https://ngr.geocat.live/geonetwork/srv/eng/thesaurus.download?ref=external.theme.httpinspireeceuropaeumetadatacodelistPrioritydataset-Prioritydataset"}
checkxlinkurl.template.feature:15 - status code was: 500, expected: 200, response time: 319, url: https://ngr.geocat.live/geonetwork/srv/eng/thesaurus.download?ref=external.theme.httpinspireeceuropaeumetadatacodelistPrioritydataset-Prioritydataset, response: 
-------
feature call (loop) failed at index: 3
caller: classpath:InspireTest/ngr/datasetrecords/def/checkxlinkurl.template.feature
arg: {"link":"urn:ogc:def:crs:EPSG::5709"}
checkxlinkurl.template.feature:14 - 
org.apache.http.client.ClientProtocolException: URI does not specify a valid host name: urn:ogc:def:crs:EPSG::5709
[1.85:16] ngr-check-dataset-record.feature:69 - feature call (loop) failed: classpath:InspireTest/ngr/datasetrecords/def/checkxlinkurl.template.feature
caller: classpath:InspireTest/ngr/datasetrecords/ngr-check-dataset-record.feature
items: [{link=https://www.nationaalgeoregister.nl/geonetwork/srv/dut/catalog.search#/metadata/710c381c-ab2d-45d5-a45d-af2eba811e5f}, {link=http://rdfdata.eionet.europa.eu/inspirethemes/themes/8}, {link=urn:ogc:def:crs:EPSG::5709}]
errors:
-------
feature call (loop) failed at index: 1
caller: classpath:InspireTest/ngr/datasetrecords/def/checkxlinkurl.template.feature
arg: {"link":"http://rdfdata.eionet.europa.eu/inspirethemes/themes/8"}
checkxlinkurl.template.feature:15 - status code was: 404, expected: 200, response time: 200, url: http://rdfdata.eionet.europa.eu/inspirethemes/themes/8, response: 
-------
feature call (loop) failed at index: 2
caller: classpath:InspireTest/ngr/datasetrecords/def/checkxlinkurl.template.feature
arg: {"link":"urn:ogc:def:crs:EPSG::5709"}
checkxlinkurl.template.feature:14 - 
org.apache.http.client.ClientProtocolException: URI does not specify a valid host name: urn:ogc:def:crs:EPSG::5709
[1.86:16] ngr-check-dataset-record.feature:69 - feature call (loop) failed: classpath:InspireTest/ngr/datasetrecords/def/checkxlinkurl.template.feature
caller: classpath:InspireTest/ngr/datasetrecords/ngr-check-dataset-record.feature
items: [{link=https://www.nationaalgeoregister.nl/geonetwork/srv/dut/catalog.search#/metadata/4783ea4f-6b8c-4600-8af0-516f3556cfe9}, {link=http://rdfdata.eionet.europa.eu/inspirethemes/themes/24}, {link=}, {link=}, {link=}, {link=urn:ogc:def:crs:EPSG::5709}]
errors:
-------
feature call (loop) failed at index: 1
caller: classpath:InspireTest/ngr/datasetrecords/def/checkxlinkurl.template.feature
arg: {"link":"http://rdfdata.eionet.europa.eu/inspirethemes/themes/24"}
checkxlinkurl.template.feature:15 - status code was: 404, expected: 200, response time: 199, url: http://rdfdata.eionet.europa.eu/inspirethemes/themes/24, response: 
-------
feature call (loop) failed at index: 2
caller: classpath:InspireTest/ngr/datasetrecords/def/checkxlinkurl.template.feature
arg: {"link":""}
checkxlinkurl.template.feature:14 - 
org.apache.http.client.ClientProtocolException
-------
feature call (loop) failed at index: 3
caller: classpath:InspireTest/ngr/datasetrecords/def/checkxlinkurl.template.feature
arg: {"link":""}
checkxlinkurl.template.feature:14 - 
org.apache.http.client.ClientProtocolException
-------
feature call (loop) failed at index: 4
caller: classpath:InspireTest/ngr/datasetrecords/def/checkxlinkurl.template.feature
arg: {"link":""}
checkxlinkurl.template.feature:14 - 
org.apache.http.client.ClientProtocolException
-------
feature call (loop) failed at index: 5
caller: classpath:InspireTest/ngr/datasetrecords/def/checkxlinkurl.template.feature
arg: {"link":"urn:ogc:def:crs:EPSG::5709"}
checkxlinkurl.template.feature:14 - 
org.apache.http.client.ClientProtocolException: URI does not specify a valid host name: urn:ogc:def:crs:EPSG::5709
[1.87:16] ngr-check-dataset-record.feature:69 - feature call (loop) failed: classpath:InspireTest/ngr/datasetrecords/def/checkxlinkurl.template.feature
caller: classpath:InspireTest/ngr/datasetrecords/ngr-check-dataset-record.feature
items: [{link=https://www.nationaalgeoregister.nl/geonetwork/srv/dut/catalog.search#/metadata/eu-2c7040b-c448-451b-bf15-f2416ecaadd1}, {link=http://rdfdata.eionet.europa.eu/inspirethemes/themes/7}, {link=urn:ogc:def:crs:EPSG::5709}]
errors:
-------
feature call (loop) failed at index: 1
caller: classpath:InspireTest/ngr/datasetrecords/def/checkxlinkurl.template.feature
arg: {"link":"http://rdfdata.eionet.europa.eu/inspirethemes/themes/7"}
checkxlinkurl.template.feature:15 - status code was: 404, expected: 200, response time: 200, url: http://rdfdata.eionet.europa.eu/inspirethemes/themes/7, response: 
-------
feature call (loop) failed at index: 2
caller: classpath:InspireTest/ngr/datasetrecords/def/checkxlinkurl.template.feature
arg: {"link":"urn:ogc:def:crs:EPSG::5709"}
checkxlinkurl.template.feature:14 - 
org.apache.http.client.ClientProtocolException: URI does not specify a valid host name: urn:ogc:def:crs:EPSG::5709
[1.88:16] ngr-check-dataset-record.feature:69 - feature call (loop) failed: classpath:InspireTest/ngr/datasetrecords/def/checkxlinkurl.template.feature
caller: classpath:InspireTest/ngr/datasetrecords/ngr-check-dataset-record.feature
items: [{link=https://www.nationaalgeoregister.nl/geonetwork/srv/dut/catalog.search#/metadata/eu-cb527d-f6db-4835-b0cd-deb245241254}, {link=http://rdfdata.eionet.europa.eu/inspirethemes/themes/7}, {link=http://inspire.ec.europa.eu/metadata-codelist/Prioritydataset/SurfaceWaterBodies-dir-2000-60}, {link=https://ngr.geocat.live/geonetwork/srv/eng/thesaurus.download?ref=external.theme.httpinspireeceuropaeumetadatacodelistPrioritydataset-Prioritydataset}]
errors:
-------
feature call (loop) failed at index: 1
caller: classpath:InspireTest/ngr/datasetrecords/def/checkxlinkurl.template.feature
arg: {"link":"http://rdfdata.eionet.europa.eu/inspirethemes/themes/7"}
checkxlinkurl.template.feature:15 - status code was: 404, expected: 200, response time: 211, url: http://rdfdata.eionet.europa.eu/inspirethemes/themes/7, response: 
-------
feature call (loop) failed at index: 2
caller: classpath:InspireTest/ngr/datasetrecords/def/checkxlinkurl.template.feature
arg: {"link":"http://inspire.ec.europa.eu/metadata-codelist/Prioritydataset/SurfaceWaterBodies-dir-2000-60"}
checkxlinkurl.template.feature:15 - status code was: 404, expected: 200, response time: 430, url: http://inspire.ec.europa.eu/metadata-codelist/Prioritydataset/SurfaceWaterBodies-dir-2000-60, response: 
-------
feature call (loop) failed at index: 3
caller: classpath:InspireTest/ngr/datasetrecords/def/checkxlinkurl.template.feature
arg: {"link":"https://ngr.geocat.live/geonetwork/srv/eng/thesaurus.download?ref=external.theme.httpinspireeceuropaeumetadatacodelistPrioritydataset-Prioritydataset"}
checkxlinkurl.template.feature:15 - status code was: 500, expected: 200, response time: 457, url: https://ngr.geocat.live/geonetwork/srv/eng/thesaurus.download?ref=external.theme.httpinspireeceuropaeumetadatacodelistPrioritydataset-Prioritydataset, response: 
[1.89:16] ngr-check-dataset-record.feature:69 - feature call (loop) failed: classpath:InspireTest/ngr/datasetrecords/def/checkxlinkurl.template.feature
caller: classpath:InspireTest/ngr/datasetrecords/ngr-check-dataset-record.feature
items: [{link=https://www.nationaalgeoregister.nl/geonetwork/srv/dut/catalog.search#/metadata/be1b1514-8d1f-48e1-9624-fee9b784138b}, {link=http://rdfdata.eionet.europa.eu/inspirethemes/themes/7}, {link=urn:ogc:def:crs:EPSG::5709}]
errors:
-------
feature call (loop) failed at index: 1
caller: classpath:InspireTest/ngr/datasetrecords/def/checkxlinkurl.template.feature
arg: {"link":"http://rdfdata.eionet.europa.eu/inspirethemes/themes/7"}
checkxlinkurl.template.feature:15 - status code was: 404, expected: 200, response time: 199, url: http://rdfdata.eionet.europa.eu/inspirethemes/themes/7, response: 
-------
feature call (loop) failed at index: 2
caller: classpath:InspireTest/ngr/datasetrecords/def/checkxlinkurl.template.feature
arg: {"link":"urn:ogc:def:crs:EPSG::5709"}
checkxlinkurl.template.feature:14 - 
org.apache.http.client.ClientProtocolException: URI does not specify a valid host name: urn:ogc:def:crs:EPSG::5709
[1.90:16] ngr-check-dataset-record.feature:69 - feature call (loop) failed: classpath:InspireTest/ngr/datasetrecords/def/checkxlinkurl.template.feature
caller: classpath:InspireTest/ngr/datasetrecords/ngr-check-dataset-record.feature
items: [{link=http://kadaster/3bf3f7f3-8ac9-4203-bb95-2c932d5f0f3e}]
errors:
-------
feature call (loop) failed at index: 0
caller: classpath:InspireTest/ngr/datasetrecords/def/checkxlinkurl.template.feature
arg: {"link":"http://kadaster/3bf3f7f3-8ac9-4203-bb95-2c932d5f0f3e"}
checkxlinkurl.template.feature:14 - 
java.net.UnknownHostException: kadaster: Temporary failure in name resolution
[1.92:16] ngr-check-dataset-record.feature:69 - feature call (loop) failed: classpath:InspireTest/ngr/datasetrecords/def/checkxlinkurl.template.feature
caller: classpath:InspireTest/ngr/datasetrecords/ngr-check-dataset-record.feature
items: [{link=https://nationaalgeoregister.nl/geonetwork/srv/resourcese26eb6c9-c441-43e8-8db6-aabbf11578fd}, {link=http://rdfdata.eionet.europa.eu/inspirethemes/themes/16}, {link=http://geonetwork-opensource.org/inspire-theme#}, {link=https://www.nationaalgeoregister.nl/geonetwork/srv/eng/thesaurus.download?ref=external.theme.inspire-theme}]
errors:
-------
feature call (loop) failed at index: 0
caller: classpath:InspireTest/ngr/datasetrecords/def/checkxlinkurl.template.feature
arg: {"link":"https://nationaalgeoregister.nl/geonetwork/srv/resourcese26eb6c9-c441-43e8-8db6-aabbf11578fd"}
checkxlinkurl.template.feature:15 - status code was: 404, expected: 200, response time: 286, url: https://nationaalgeoregister.nl/geonetwork/srv/resourcese26eb6c9-c441-43e8-8db6-aabbf11578fd, response: 
-------
feature call (loop) failed at index: 1
caller: classpath:InspireTest/ngr/datasetrecords/def/checkxlinkurl.template.feature
arg: {"link":"http://rdfdata.eionet.europa.eu/inspirethemes/themes/16"}
checkxlinkurl.template.feature:15 - status code was: 404, expected: 200, response time: 207, url: http://rdfdata.eionet.europa.eu/inspirethemes/themes/16, response: 
-------
feature call (loop) failed at index: 2
caller: classpath:InspireTest/ngr/datasetrecords/def/checkxlinkurl.template.feature
arg: {"link":"http://geonetwork-opensource.org/inspire-theme#"}
checkxlinkurl.template.feature:15 - status code was: 404, expected: 200, response time: 399, url: http://geonetwork-opensource.org/inspire-theme#, response: 
-------
feature call (loop) failed at index: 3
caller: classpath:InspireTest/ngr/datasetrecords/def/checkxlinkurl.template.feature
arg: {"link":"https://www.nationaalgeoregister.nl/geonetwork/srv/eng/thesaurus.download?ref=external.theme.inspire-theme"}
checkxlinkurl.template.feature:15 - status code was: 500, expected: 200, response time: 471, url: https://www.nationaalgeoregister.nl/geonetwork/srv/eng/thesaurus.download?ref=external.theme.inspire-theme, response: 
[1.93:16] ngr-check-dataset-record.feature:69 - feature call (loop) failed: classpath:InspireTest/ngr/datasetrecords/def/checkxlinkurl.template.feature
caller: classpath:InspireTest/ngr/datasetrecords/ngr-check-dataset-record.feature
items: [{link=http://www.opengis.net/def/crs/EPSG/0/NAP}, {link=https://ngr.acceptatie.nationaalgeoregister.nl/geonetwork/srv/resourcesd72ddff0-2724-11e2-81c1-0800200c9a66}]
errors:
-------
feature call (loop) failed at index: 1
caller: classpath:InspireTest/ngr/datasetrecords/def/checkxlinkurl.template.feature
arg: {"link":"https://ngr.acceptatie.nationaalgeoregister.nl/geonetwork/srv/resourcesd72ddff0-2724-11e2-81c1-0800200c9a66"}
checkxlinkurl.template.feature:15 - status code was: 404, expected: 200, response time: 284, url: https://ngr.acceptatie.nationaalgeoregister.nl/geonetwork/srv/resourcesd72ddff0-2724-11e2-81c1-0800200c9a66, response: 
[1.94:16] ngr-check-dataset-record.feature:69 - feature call (loop) failed: classpath:InspireTest/ngr/datasetrecords/def/checkxlinkurl.template.feature
caller: classpath:InspireTest/ngr/datasetrecords/ngr-check-dataset-record.feature
items: [{link=https://ngr.acceptatie.nationaalgeoregister.nl/geonetwork/srv/resourcesc7a15080-2724-11e2-81c1-0800200c9a66}, {link=http://rdfdata.eionet.europa.eu/inspirethemes/themes/13}, {link=http://rdfdata.eionet.europa.eu/inspirethemes/themes/#}, {link=https://www.nationaalgeoregister.nl/geonetwork/srv/eng/thesaurus.download?ref=external.theme.inspire-theme}]
errors:
-------
feature call (loop) failed at index: 0
caller: classpath:InspireTest/ngr/datasetrecords/def/checkxlinkurl.template.feature
arg: {"link":"https://ngr.acceptatie.nationaalgeoregister.nl/geonetwork/srv/resourcesc7a15080-2724-11e2-81c1-0800200c9a66"}
checkxlinkurl.template.feature:15 - status code was: 404, expected: 200, response time: 280, url: https://ngr.acceptatie.nationaalgeoregister.nl/geonetwork/srv/resourcesc7a15080-2724-11e2-81c1-0800200c9a66, response: 
-------
feature call (loop) failed at index: 1
caller: classpath:InspireTest/ngr/datasetrecords/def/checkxlinkurl.template.feature
arg: {"link":"http://rdfdata.eionet.europa.eu/inspirethemes/themes/13"}
checkxlinkurl.template.feature:15 - status code was: 404, expected: 200, response time: 199, url: http://rdfdata.eionet.europa.eu/inspirethemes/themes/13, response: 
-------
feature call (loop) failed at index: 2
caller: classpath:InspireTest/ngr/datasetrecords/def/checkxlinkurl.template.feature
arg: {"link":"http://rdfdata.eionet.europa.eu/inspirethemes/themes/#"}
checkxlinkurl.template.feature:15 - status code was: 404, expected: 200, response time: 202, url: http://rdfdata.eionet.europa.eu/inspirethemes/themes/#, response: 
-------
feature call (loop) failed at index: 3
caller: classpath:InspireTest/ngr/datasetrecords/def/checkxlinkurl.template.feature
arg: {"link":"https://www.nationaalgeoregister.nl/geonetwork/srv/eng/thesaurus.download?ref=external.theme.inspire-theme"}
checkxlinkurl.template.feature:15 - status code was: 500, expected: 200, response time: 384, url: https://www.nationaalgeoregister.nl/geonetwork/srv/eng/thesaurus.download?ref=external.theme.inspire-theme, response: 
[1.95:16] ngr-check-dataset-record.feature:37 - xpath does not exist: /GetRecordByIdResponse//@href on response
[1.97:16] ngr-check-dataset-record.feature:69 - feature call (loop) failed: classpath:InspireTest/ngr/datasetrecords/def/checkxlinkurl.template.feature
caller: classpath:InspireTest/ngr/datasetrecords/ngr-check-dataset-record.feature
items: [{link=https://monumentenregister.cultureelerfgoed.nl/sites/default/files/MRS/mrs-inspire.zip}]
errors:
-------
feature call (loop) failed at index: 0
caller: classpath:InspireTest/ngr/datasetrecords/def/checkxlinkurl.template.feature
arg: {"link":"https://monumentenregister.cultureelerfgoed.nl/sites/default/files/MRS/mrs-inspire.zip"}
checkxlinkurl.template.feature:15 - status code was: 404, expected: 200, response time: 791, url: https://monumentenregister.cultureelerfgoed.nl/sites/default/files/MRS/mrs-inspire.zip, response: 
[1.98:16] ngr-check-dataset-record.feature:69 - feature call (loop) failed: classpath:InspireTest/ngr/datasetrecords/def/checkxlinkurl.template.feature
caller: classpath:InspireTest/ngr/datasetrecords/ngr-check-dataset-record.feature
items: [{link=http://nationaalgeoregister.nl/geonetwork/srv/dut/csw?SERVICE=CSW&version=2.0.2&REQUEST=GetRecordById&elementSetName=full&OutputSchema=http://www.isotc211.org/2005/gmd&ID=f5f68d51-2ca4-4897-8227-d3938b2b0a7e}, {link=https://creativecommons.org/publicdomain/mark/*/deed.nl}, {link=}]
errors:
-------
feature call (loop) failed at index: 1
caller: classpath:InspireTest/ngr/datasetrecords/def/checkxlinkurl.template.feature
arg: {"link":"https://creativecommons.org/publicdomain/mark/*/deed.nl"}
checkxlinkurl.template.feature:15 - status code was: 404, expected: 200, response time: 39, url: https://creativecommons.org/publicdomain/mark/*/deed.nl, response: 
-------
feature call (loop) failed at index: 2
caller: classpath:InspireTest/ngr/datasetrecords/def/checkxlinkurl.template.feature
arg: {"link":""}
checkxlinkurl.template.feature:14 - 
org.apache.http.client.ClientProtocolException
[1.99:16] ngr-check-dataset-record.feature:69 - feature call (loop) failed: classpath:InspireTest/ngr/datasetrecords/def/checkxlinkurl.template.feature
caller: classpath:InspireTest/ngr/datasetrecords/ngr-check-dataset-record.feature
items: [{link=http://www.opengis.net/def/crs/EPSG/0/https://www.opengis.net/def/crs/EPSG/0/4258}, {link=https://www.nationaalgeoregister.nl/geonetwork/srv/api/recordse8b84fae-00b3-49c1-80c1-df8f69f64e8c}]
errors:
-------
feature call (loop) failed at index: 1
caller: classpath:InspireTest/ngr/datasetrecords/def/checkxlinkurl.template.feature
arg: {"link":"https://www.nationaalgeoregister.nl/geonetwork/srv/api/recordse8b84fae-00b3-49c1-80c1-df8f69f64e8c"}
checkxlinkurl.template.feature:15 - status code was: 500, expected: 200, response time: 544, url: https://www.nationaalgeoregister.nl/geonetwork/srv/api/recordse8b84fae-00b3-49c1-80c1-df8f69f64e8c, response: 
[1.100:16] ngr-check-dataset-record.feature:69 - feature call (loop) failed: classpath:InspireTest/ngr/datasetrecords/def/checkxlinkurl.template.feature
caller: classpath:InspireTest/ngr/datasetrecords/ngr-check-dataset-record.feature
items: [{link=http://www.opengis.net/def/crs/EPSG/0/http://www.opengis.net/def/crs/EPSG/0/3034}, {link=http://nationaalgeoregister.nl/geonetwork/srv/dut/csw?SERVICE=CSW&version=2.0.2&REQUEST=GetRecordById&elementSetName=full&OutputSchema=http://www.isotc211.org/2005/gmd&ID=88f76a94-ee4d-4e0c-9fde-91b692403e39}, {link=https://creativecommons.org/publicdomain/mark/*/deed.nl}, {link=}]
errors:
-------
feature call (loop) failed at index: 2
caller: classpath:InspireTest/ngr/datasetrecords/def/checkxlinkurl.template.feature
arg: {"link":"https://creativecommons.org/publicdomain/mark/*/deed.nl"}
checkxlinkurl.template.feature:15 - status code was: 404, expected: 200, response time: 46, url: https://creativecommons.org/publicdomain/mark/*/deed.nl, response: 
-------
feature call (loop) failed at index: 3
caller: classpath:InspireTest/ngr/datasetrecords/def/checkxlinkurl.template.feature
arg: {"link":""}
checkxlinkurl.template.feature:14 - 
org.apache.http.client.ClientProtocolException
[1.102:16] ngr-check-dataset-record.feature:69 - feature call (loop) failed: classpath:InspireTest/ngr/datasetrecords/def/checkxlinkurl.template.feature
caller: classpath:InspireTest/ngr/datasetrecords/ngr-check-dataset-record.feature
items: [{link=https://www.nationaalgeoregister.nl/geonetwork/srv/api/records3e57ce43-7707-43ed-a4b9-72b3a6d812f8}]
errors:
-------
feature call (loop) failed at index: 0
caller: classpath:InspireTest/ngr/datasetrecords/def/checkxlinkurl.template.feature
arg: {"link":"https://www.nationaalgeoregister.nl/geonetwork/srv/api/records3e57ce43-7707-43ed-a4b9-72b3a6d812f8"}
checkxlinkurl.template.feature:15 - status code was: 500, expected: 200, response time: 309, url: https://www.nationaalgeoregister.nl/geonetwork/srv/api/records3e57ce43-7707-43ed-a4b9-72b3a6d812f8, response: 
[1.103:16] ngr-check-dataset-record.feature:69 - feature call (loop) failed: classpath:InspireTest/ngr/datasetrecords/def/checkxlinkurl.template.feature
caller: classpath:InspireTest/ngr/datasetrecords/ngr-check-dataset-record.feature
items: [{link=http://www.opengis.net/def/crs/EPSG/0/https://www.opengis.net/def/crs/EPSG/0/4258}, {link=https://www.nationaalgeoregister.nl/geonetwork/srv/api/recordsc2225e5d-b46f-4e38-8445-ab10fd40c0dc}]
errors:
-------
feature call (loop) failed at index: 1
caller: classpath:InspireTest/ngr/datasetrecords/def/checkxlinkurl.template.feature
arg: {"link":"https://www.nationaalgeoregister.nl/geonetwork/srv/api/recordsc2225e5d-b46f-4e38-8445-ab10fd40c0dc"}
checkxlinkurl.template.feature:15 - status code was: 500, expected: 200, response time: 308, url: https://www.nationaalgeoregister.nl/geonetwork/srv/api/recordsc2225e5d-b46f-4e38-8445-ab10fd40c0dc, response: 
[1.105:16] ngr-check-dataset-record.feature:69 - feature call (loop) failed: classpath:InspireTest/ngr/datasetrecords/def/checkxlinkurl.template.feature
caller: classpath:InspireTest/ngr/datasetrecords/ngr-check-dataset-record.feature
items: [{link=https://www.nationaalgeoregister.nl/geonetwork/srv/dut/catalog.search#/metadata/krw2006-68b5-4ff3-94a4-9c24109ffd5e}, {link=http://rdfdata.eionet.europa.eu/inspirethemes/themes/24}, {link=https://ngr.geocat.live/geonetwork/srv/eng/thesaurus.download?ref=external.theme.httpinspireeceuropaeumetadatacodelistPrioritydataset-Prioritydataset}, {link=urn:ogc:def:crs:EPSG::5709}]
errors:
-------
feature call (loop) failed at index: 1
caller: classpath:InspireTest/ngr/datasetrecords/def/checkxlinkurl.template.feature
arg: {"link":"http://rdfdata.eionet.europa.eu/inspirethemes/themes/24"}
checkxlinkurl.template.feature:15 - status code was: 404, expected: 200, response time: 203, url: http://rdfdata.eionet.europa.eu/inspirethemes/themes/24, response: 
-------
feature call (loop) failed at index: 2
caller: classpath:InspireTest/ngr/datasetrecords/def/checkxlinkurl.template.feature
arg: {"link":"https://ngr.geocat.live/geonetwork/srv/eng/thesaurus.download?ref=external.theme.httpinspireeceuropaeumetadatacodelistPrioritydataset-Prioritydataset"}
checkxlinkurl.template.feature:15 - status code was: 500, expected: 200, response time: 308, url: https://ngr.geocat.live/geonetwork/srv/eng/thesaurus.download?ref=external.theme.httpinspireeceuropaeumetadatacodelistPrioritydataset-Prioritydataset, response: 
-------
feature call (loop) failed at index: 3
caller: classpath:InspireTest/ngr/datasetrecords/def/checkxlinkurl.template.feature
arg: {"link":"urn:ogc:def:crs:EPSG::5709"}
checkxlinkurl.template.feature:14 - 
org.apache.http.client.ClientProtocolException: URI does not specify a valid host name: urn:ogc:def:crs:EPSG::5709
[1.106:16] ngr-check-dataset-record.feature:69 - feature call (loop) failed: classpath:InspireTest/ngr/datasetrecords/def/checkxlinkurl.template.feature
caller: classpath:InspireTest/ngr/datasetrecords/ngr-check-dataset-record.feature
items: [{link=https://www.nationaalgeoregister.nl/geonetwork/srv/dut/catalog.search#/metadata/7939fd42-cf88-42c5-ab3b-232cf232a3ac}, {link=http://rdfdata.eionet.europa.eu/inspirethemes/themes/10}, {link=urn:ogc:def:crs:EPSG::5709}]
errors:
-------
feature call (loop) failed at index: 1
caller: classpath:InspireTest/ngr/datasetrecords/def/checkxlinkurl.template.feature
arg: {"link":"http://rdfdata.eionet.europa.eu/inspirethemes/themes/10"}
checkxlinkurl.template.feature:15 - status code was: 404, expected: 200, response time: 202, url: http://rdfdata.eionet.europa.eu/inspirethemes/themes/10, response: 
-------
feature call (loop) failed at index: 2
caller: classpath:InspireTest/ngr/datasetrecords/def/checkxlinkurl.template.feature
arg: {"link":"urn:ogc:def:crs:EPSG::5709"}
checkxlinkurl.template.feature:14 - 
org.apache.http.client.ClientProtocolException: URI does not specify a valid host name: urn:ogc:def:crs:EPSG::5709
[1.107:16] ngr-check-dataset-record.feature:69 - feature call (loop) failed: classpath:InspireTest/ngr/datasetrecords/def/checkxlinkurl.template.feature
caller: classpath:InspireTest/ngr/datasetrecords/ngr-check-dataset-record.feature
items: [{link=https://nationaalgeoregister.nl/geonetwork/srv/resources7d4d5090-8b18-4c30-a07a-9d738039112f}, {link=http://rdfdata.eionet.europa.eu/inspirethemes/themes/13}, {link=http://geonetwork-opensource.org/inspire-theme#}, {link=https://www.nationaalgeoregister.nl/geonetwork/srv/eng/thesaurus.download?ref=external.theme.inspire-theme}]
errors:
-------
feature call (loop) failed at index: 0
caller: classpath:InspireTest/ngr/datasetrecords/def/checkxlinkurl.template.feature
arg: {"link":"https://nationaalgeoregister.nl/geonetwork/srv/resources7d4d5090-8b18-4c30-a07a-9d738039112f"}
checkxlinkurl.template.feature:15 - status code was: 404, expected: 200, response time: 287, url: https://nationaalgeoregister.nl/geonetwork/srv/resources7d4d5090-8b18-4c30-a07a-9d738039112f, response: 
-------
feature call (loop) failed at index: 1
caller: classpath:InspireTest/ngr/datasetrecords/def/checkxlinkurl.template.feature
arg: {"link":"http://rdfdata.eionet.europa.eu/inspirethemes/themes/13"}
checkxlinkurl.template.feature:15 - status code was: 404, expected: 200, response time: 199, url: http://rdfdata.eionet.europa.eu/inspirethemes/themes/13, response: 
-------
feature call (loop) failed at index: 2
caller: classpath:InspireTest/ngr/datasetrecords/def/checkxlinkurl.template.feature
arg: {"link":"http://geonetwork-opensource.org/inspire-theme#"}
checkxlinkurl.template.feature:15 - status code was: 404, expected: 200, response time: 400, url: http://geonetwork-opensource.org/inspire-theme#, response: 
-------
feature call (loop) failed at index: 3
caller: classpath:InspireTest/ngr/datasetrecords/def/checkxlinkurl.template.feature
arg: {"link":"https://www.nationaalgeoregister.nl/geonetwork/srv/eng/thesaurus.download?ref=external.theme.inspire-theme"}
checkxlinkurl.template.feature:15 - status code was: 500, expected: 200, response time: 312, url: https://www.nationaalgeoregister.nl/geonetwork/srv/eng/thesaurus.download?ref=external.theme.inspire-theme, response: 
[1.108:16] ngr-check-dataset-record.feature:69 - feature call (loop) failed: classpath:InspireTest/ngr/datasetrecords/def/checkxlinkurl.template.feature
caller: classpath:InspireTest/ngr/datasetrecords/ngr-check-dataset-record.feature
items: [{link=https://www.nationaalgeoregister.nl/geonetwork/srv/dut/catalog.search#/metadata/eu-f297898-2640-44c2-bbe9-c0480da83794}, {link=http://rdfdata.eionet.europa.eu/inspirethemes/themes/8}, {link=urn:ogc:def:crs:EPSG::5709}]
errors:
-------
feature call (loop) failed at index: 1
caller: classpath:InspireTest/ngr/datasetrecords/def/checkxlinkurl.template.feature
arg: {"link":"http://rdfdata.eionet.europa.eu/inspirethemes/themes/8"}
checkxlinkurl.template.feature:15 - status code was: 404, expected: 200, response time: 200, url: http://rdfdata.eionet.europa.eu/inspirethemes/themes/8, response: 
-------
feature call (loop) failed at index: 2
caller: classpath:InspireTest/ngr/datasetrecords/def/checkxlinkurl.template.feature
arg: {"link":"urn:ogc:def:crs:EPSG::5709"}
checkxlinkurl.template.feature:14 - 
org.apache.http.client.ClientProtocolException: URI does not specify a valid host name: urn:ogc:def:crs:EPSG::5709
[1.110:16] ngr-check-dataset-record.feature:69 - feature call (loop) failed: classpath:InspireTest/ngr/datasetrecords/def/checkxlinkurl.template.feature
caller: classpath:InspireTest/ngr/datasetrecords/ngr-check-dataset-record.feature
items: [{link=http://kadaster/06b6c650-cdb1-11dd-ad8b-0800200c9a76}]
errors:
-------
feature call (loop) failed at index: 0
caller: classpath:InspireTest/ngr/datasetrecords/def/checkxlinkurl.template.feature
arg: {"link":"http://kadaster/06b6c650-cdb1-11dd-ad8b-0800200c9a76"}
checkxlinkurl.template.feature:14 - 
java.net.UnknownHostException: kadaster
[1.111:16] ngr-check-dataset-record.feature:69 - feature call (loop) failed: classpath:InspireTest/ngr/datasetrecords/def/checkxlinkurl.template.feature
caller: classpath:InspireTest/ngr/datasetrecords/ngr-check-dataset-record.feature
items: [{link=http://nationaalgeoregister.nl/geonetwork/srv/dut/csw?SERVICE=CSW&version=2.0.2&REQUEST=GetRecordById&elementSetName=full&OutputSchema=http://www.isotc211.org/2005/gmd&ID=bc2c53f6-c908-4d7c-a6c0-78d9a2855640}, {link=https://creativecommons.org/publicdomain/mark/*/deed.nl}, {link=}]
errors:
-------
feature call (loop) failed at index: 1
caller: classpath:InspireTest/ngr/datasetrecords/def/checkxlinkurl.template.feature
arg: {"link":"https://creativecommons.org/publicdomain/mark/*/deed.nl"}
checkxlinkurl.template.feature:15 - status code was: 404, expected: 200, response time: 49, url: https://creativecommons.org/publicdomain/mark/*/deed.nl, response: 
-------
feature call (loop) failed at index: 2
caller: classpath:InspireTest/ngr/datasetrecords/def/checkxlinkurl.template.feature
arg: {"link":""}
checkxlinkurl.template.feature:14 - 
org.apache.http.client.ClientProtocolException
[1.112:16] ngr-check-dataset-record.feature:69 - feature call (loop) failed: classpath:InspireTest/ngr/datasetrecords/def/checkxlinkurl.template.feature
caller: classpath:InspireTest/ngr/datasetrecords/ngr-check-dataset-record.feature
items: [{link=}]
errors:
-------
feature call (loop) failed at index: 0
caller: classpath:InspireTest/ngr/datasetrecords/def/checkxlinkurl.template.feature
arg: {"link":""}
checkxlinkurl.template.feature:14 - 
org.apache.http.client.ClientProtocolException
[1.113:16] ngr-check-dataset-record.feature:69 - feature call (loop) failed: classpath:InspireTest/ngr/datasetrecords/def/checkxlinkurl.template.feature
caller: classpath:InspireTest/ngr/datasetrecords/ngr-check-dataset-record.feature
items: [{link=http://www.opengis.net/def/crs/EPSG/0/https://www.opengis.net/def/crs/EPSG/0/4258}, {link=https://www.nationaalgeoregister.nl/geonetwork/srv/api/recordsbe6551de-a709-4c6d-a5e2-f63f0cf038ba}]
errors:
-------
feature call (loop) failed at index: 1
caller: classpath:InspireTest/ngr/datasetrecords/def/checkxlinkurl.template.feature
arg: {"link":"https://www.nationaalgeoregister.nl/geonetwork/srv/api/recordsbe6551de-a709-4c6d-a5e2-f63f0cf038ba"}
checkxlinkurl.template.feature:15 - status code was: 500, expected: 200, response time: 312, url: https://www.nationaalgeoregister.nl/geonetwork/srv/api/recordsbe6551de-a709-4c6d-a5e2-f63f0cf038ba, response: 
[1.114:16] ngr-check-dataset-record.feature:69 - feature call (loop) failed: classpath:InspireTest/ngr/datasetrecords/def/checkxlinkurl.template.feature
caller: classpath:InspireTest/ngr/datasetrecords/ngr-check-dataset-record.feature
items: [{link=http://www.opengis.net/def/crs/EPSG/0/http://www.opengis.net/def/crs/EPSG/0/3034}, {link=http://nationaalgeoregister.nl/geonetwork/srv/dut/csw?SERVICE=CSW&version=2.0.2&REQUEST=GetRecordById&elementSetName=full&OutputSchema=http://www.isotc211.org/2005/gmd&ID=f0821bfe-5a0a-11e9-8647-d663bd873d93}, {link=https://creativecommons.org/publicdomain/mark/*/deed.nl}, {link=}]
errors:
-------
feature call (loop) failed at index: 2
caller: classpath:InspireTest/ngr/datasetrecords/def/checkxlinkurl.template.feature
arg: {"link":"https://creativecommons.org/publicdomain/mark/*/deed.nl"}
checkxlinkurl.template.feature:15 - status code was: 404, expected: 200, response time: 39, url: https://creativecommons.org/publicdomain/mark/*/deed.nl, response: 
-------
feature call (loop) failed at index: 3
caller: classpath:InspireTest/ngr/datasetrecords/def/checkxlinkurl.template.feature
arg: {"link":""}
checkxlinkurl.template.feature:14 - 
org.apache.http.client.ClientProtocolException
[1.115:16] ngr-check-dataset-record.feature:69 - feature call (loop) failed: classpath:InspireTest/ngr/datasetrecords/def/checkxlinkurl.template.feature
caller: classpath:InspireTest/ngr/datasetrecords/ngr-check-dataset-record.feature
items: [{link=https://nationaalgeoregister.nl/geonetwork/srv/resources7d716522-fa1a-43b4-99c0-3a3480f9e218}, {link=https://www.nationaalgeoregister.nl/geonetwork/srv/eng/thesaurus.download?ref=external.theme.inspire-theme}]
errors:
-------
feature call (loop) failed at index: 0
caller: classpath:InspireTest/ngr/datasetrecords/def/checkxlinkurl.template.feature
arg: {"link":"https://nationaalgeoregister.nl/geonetwork/srv/resources7d716522-fa1a-43b4-99c0-3a3480f9e218"}
checkxlinkurl.template.feature:15 - status code was: 404, expected: 200, response time: 293, url: https://nationaalgeoregister.nl/geonetwork/srv/resources7d716522-fa1a-43b4-99c0-3a3480f9e218, response: 
-------
feature call (loop) failed at index: 1
caller: classpath:InspireTest/ngr/datasetrecords/def/checkxlinkurl.template.feature
arg: {"link":"https://www.nationaalgeoregister.nl/geonetwork/srv/eng/thesaurus.download?ref=external.theme.inspire-theme"}
checkxlinkurl.template.feature:15 - status code was: 500, expected: 200, response time: 313, url: https://www.nationaalgeoregister.nl/geonetwork/srv/eng/thesaurus.download?ref=external.theme.inspire-theme, response: 
[1.116:16] ngr-check-dataset-record.feature:69 - feature call (loop) failed: classpath:InspireTest/ngr/datasetrecords/def/checkxlinkurl.template.feature
caller: classpath:InspireTest/ngr/datasetrecords/ngr-check-dataset-record.feature
items: [{link=http://standaarden.overheid.nl/owms/terms/Ministerie_van_Landbouw,_Natuur_en_Voedselkwaliteit}, {link=http://standaarden.overheid.nl/owms/terms/Ministerie_van_Landbouw,_Natuur_en_Voedselkwaliteit}, {link=http://standaarden.overheid.nl/owms/terms/Ministerie_van_Landbouw,_Natuur_en_Voedselkwaliteit}, {link=https://data.overheid.nl/organisatie/PDOK}]
errors:
-------
feature call (loop) failed at index: 3
caller: classpath:InspireTest/ngr/datasetrecords/def/checkxlinkurl.template.feature
arg: {"link":"https://data.overheid.nl/organisatie/PDOK"}
checkxlinkurl.template.feature:15 - status code was: 404, expected: 200, response time: 1378, url: https://data.overheid.nl/organisatie/PDOK, response: 
[1.117:16] ngr-check-dataset-record.feature:69 - feature call (loop) failed: classpath:InspireTest/ngr/datasetrecords/def/checkxlinkurl.template.feature
caller: classpath:InspireTest/ngr/datasetrecords/ngr-check-dataset-record.feature
items: [{link=http://www.opengis.net/def/crs/EPSG/0/http://www.opengis.net/def/crs/EPSG/0/4258}, {link=http://kadaster/1d32fc50-cd5b-4425-b0df-16c7c7940e94}]
errors:
-------
feature call (loop) failed at index: 1
caller: classpath:InspireTest/ngr/datasetrecords/def/checkxlinkurl.template.feature
arg: {"link":"http://kadaster/1d32fc50-cd5b-4425-b0df-16c7c7940e94"}
checkxlinkurl.template.feature:14 - 
java.net.UnknownHostException: kadaster
[1.118:16] ngr-check-dataset-record.feature:69 - feature call (loop) failed: classpath:InspireTest/ngr/datasetrecords/def/checkxlinkurl.template.feature
caller: classpath:InspireTest/ngr/datasetrecords/ngr-check-dataset-record.feature
items: [{link=https://www.nationaalgeoregister.nl/geonetwork/srv/dut/catalog.search#/metadata/ror-9d8e-4758-83fx-28b057f185f1}, {link=http://rdfdata.eionet.europa.eu/inspirethemes/themes/25}, {link=https://ngr.geocat.live/geonetwork/srv/eng/thesaurus.download?ref=external.theme.httpinspireeceuropaeumetadatacodelistPrioritydataset-Prioritydataset}, {link=urn:ogc:def:crs:EPSG::5709}]
errors:
-------
feature call (loop) failed at index: 1
caller: classpath:InspireTest/ngr/datasetrecords/def/checkxlinkurl.template.feature
arg: {"link":"http://rdfdata.eionet.europa.eu/inspirethemes/themes/25"}
checkxlinkurl.template.feature:15 - status code was: 404, expected: 200, response time: 198, url: http://rdfdata.eionet.europa.eu/inspirethemes/themes/25, response: 
-------
feature call (loop) failed at index: 2
caller: classpath:InspireTest/ngr/datasetrecords/def/checkxlinkurl.template.feature
arg: {"link":"https://ngr.geocat.live/geonetwork/srv/eng/thesaurus.download?ref=external.theme.httpinspireeceuropaeumetadatacodelistPrioritydataset-Prioritydataset"}
checkxlinkurl.template.feature:15 - status code was: 500, expected: 200, response time: 317, url: https://ngr.geocat.live/geonetwork/srv/eng/thesaurus.download?ref=external.theme.httpinspireeceuropaeumetadatacodelistPrioritydataset-Prioritydataset, response: 
-------
feature call (loop) failed at index: 3
caller: classpath:InspireTest/ngr/datasetrecords/def/checkxlinkurl.template.feature
arg: {"link":"urn:ogc:def:crs:EPSG::5709"}
checkxlinkurl.template.feature:14 - 
org.apache.http.client.ClientProtocolException: URI does not specify a valid host name: urn:ogc:def:crs:EPSG::5709
[1.119:16] ngr-check-dataset-record.feature:69 - feature call (loop) failed: classpath:InspireTest/ngr/datasetrecords/def/checkxlinkurl.template.feature
caller: classpath:InspireTest/ngr/datasetrecords/ngr-check-dataset-record.feature
items: [{link=https://data.rivm.nl/inspire/id#1de92b14-bc21-4f33-b0de-abd325e61804}]
errors:
-------
feature call (loop) failed at index: 0
caller: classpath:InspireTest/ngr/datasetrecords/def/checkxlinkurl.template.feature
arg: {"link":"https://data.rivm.nl/inspire/id#1de92b14-bc21-4f33-b0de-abd325e61804"}
checkxlinkurl.template.feature:14 - 
javax.net.ssl.SSLException: Connection reset
[1.120:16] ngr-check-dataset-record.feature:69 - feature call (loop) failed: classpath:InspireTest/ngr/datasetrecords/def/checkxlinkurl.template.feature
caller: classpath:InspireTest/ngr/datasetrecords/ngr-check-dataset-record.feature
items: [{link=http://kadaster/e2318c58-b1e6-4621-9c77-33b8a1fd0124}]
errors:
-------
feature call (loop) failed at index: 0
caller: classpath:InspireTest/ngr/datasetrecords/def/checkxlinkurl.template.feature
arg: {"link":"http://kadaster/e2318c58-b1e6-4621-9c77-33b8a1fd0124"}
checkxlinkurl.template.feature:14 - 
java.net.UnknownHostException: kadaster
[1.121:16] ngr-check-dataset-record.feature:69 - feature call (loop) failed: classpath:InspireTest/ngr/datasetrecords/def/checkxlinkurl.template.feature
caller: classpath:InspireTest/ngr/datasetrecords/ngr-check-dataset-record.feature
items: [{link=https://www.nationaalgeoregister.nl/geonetwork/srv/api/records6e4a2001-fef7-471c-8286-4f859bc1131e}, {link=https://creativecommons.org/publicdomain/zero/*/deed.nl}]
errors:
-------
feature call (loop) failed at index: 0
caller: classpath:InspireTest/ngr/datasetrecords/def/checkxlinkurl.template.feature
arg: {"link":"https://www.nationaalgeoregister.nl/geonetwork/srv/api/records6e4a2001-fef7-471c-8286-4f859bc1131e"}
checkxlinkurl.template.feature:15 - status code was: 500, expected: 200, response time: 326, url: https://www.nationaalgeoregister.nl/geonetwork/srv/api/records6e4a2001-fef7-471c-8286-4f859bc1131e, response: 
-------
feature call (loop) failed at index: 1
caller: classpath:InspireTest/ngr/datasetrecords/def/checkxlinkurl.template.feature
arg: {"link":"https://creativecommons.org/publicdomain/zero/*/deed.nl"}
checkxlinkurl.template.feature:15 - status code was: 404, expected: 200, response time: 38, url: https://creativecommons.org/publicdomain/zero/*/deed.nl, response: 
[1.122:16] ngr-check-dataset-record.feature:69 - feature call (loop) failed: classpath:InspireTest/ngr/datasetrecords/def/checkxlinkurl.template.feature
caller: classpath:InspireTest/ngr/datasetrecords/ngr-check-dataset-record.feature
items: [{link=http://www.opengis.net/def/crs/EPSG/0/https://www.opengis.net/def/crs/EPSG/0/4258}, {link=https://www.nationaalgeoregister.nl/geonetwork/srv/api/recordsbb11be63-bd38-4632-bf54-df44c423a529}]
errors:
-------
feature call (loop) failed at index: 1
caller: classpath:InspireTest/ngr/datasetrecords/def/checkxlinkurl.template.feature
arg: {"link":"https://www.nationaalgeoregister.nl/geonetwork/srv/api/recordsbb11be63-bd38-4632-bf54-df44c423a529"}
checkxlinkurl.template.feature:15 - status code was: 500, expected: 200, response time: 324, url: https://www.nationaalgeoregister.nl/geonetwork/srv/api/recordsbb11be63-bd38-4632-bf54-df44c423a529, response: 
[1.123:16] ngr-check-dataset-record.feature:69 - feature call (loop) failed: classpath:InspireTest/ngr/datasetrecords/def/checkxlinkurl.template.feature
caller: classpath:InspireTest/ngr/datasetrecords/ngr-check-dataset-record.feature
items: [{link=h}, {link=t}, {link=t}, {link=p}, {link=s}, {link=:}, {link=/}, {link=/}, {link=w}, {link=w}, {link=w}, {link=.}, {link=n}, {link=a}, {link=t}, {link=i}, {link=o}, {link=n}, {link=a}, {link=a}, {link=l}, {link=g}, {link=e}, {link=o}, {link=r}, {link=e}, {link=g}, {link=i}, {link=s}, {link=t}, {link=e}, {link=r}, {link=.}, {link=n}, {link=l}, {link=:}, {link=4}, {link=4}, {link=3}, {link=/}, {link=g}, {link=e}, {link=o}, {link=n}, {link=e}, {link=t}, {link=w}, {link=o}, {link=r}, {link=k}, {link=/}, {link=s}, {link=r}, {link=v}, {link=/}, {link=e}, {link=n}, {link=g}, {link=/}, {link=t}, {link=h}, {link=e}, {link=s}, {link=a}, {link=u}, {link=r}, {link=u}, {link=s}, {link=.}, {link=d}, {link=o}, {link=w}, {link=n}, {link=l}, {link=o}, {link=a}, {link=d}, {link=?}, {link=r}, {link=e}, {link=f}, {link==}, {link=e}, {link=x}, {link=t}, {link=e}, {link=r}, {link=n}, {link=a}, {link=l}, {link=.}, {link=t}, {link=h}, {link=e}, {link=m}, {link=e}, {link=.}, {link=h}, {link=t}, {link=t}, {link=p}, {link=i}, {link=n}, {link=s}, {link=p}, {link=i}, {link=r}, {link=e}, {link=e}, {link=c}, {link=e}, {link=u}, {link=r}, {link=o}, {link=p}, {link=a}, {link=e}, {link=u}, {link=t}, {link=h}, {link=e}, {link=m}, {link=e}, {link=-}, {link=t}, {link=h}, {link=e}, {link=m}, {link=e}]
errors:
-------
feature call (loop) failed at index: 0
caller: classpath:InspireTest/ngr/datasetrecords/def/checkxlinkurl.template.feature
arg: {"link":"h"}
checkxlinkurl.template.feature:14 - 
org.apache.http.client.ClientProtocolException
-------
feature call (loop) failed at index: 1
caller: classpath:InspireTest/ngr/datasetrecords/def/checkxlinkurl.template.feature
arg: {"link":"t"}
checkxlinkurl.template.feature:14 - 
org.apache.http.client.ClientProtocolException
-------
feature call (loop) failed at index: 2
caller: classpath:InspireTest/ngr/datasetrecords/def/checkxlinkurl.template.feature
arg: {"link":"t"}
checkxlinkurl.template.feature:14 - 
org.apache.http.client.ClientProtocolException
-------
feature call (loop) failed at index: 3
caller: classpath:InspireTest/ngr/datasetrecords/def/checkxlinkurl.template.feature
arg: {"link":"p"}
checkxlinkurl.template.feature:14 - 
org.apache.http.client.ClientProtocolException
-------
feature call (loop) failed at index: 4
caller: classpath:InspireTest/ngr/datasetrecords/def/checkxlinkurl.template.feature
arg: {"link":"s"}
checkxlinkurl.template.feature:14 - 
org.apache.http.client.ClientProtocolException
-------
feature call (loop) failed at index: 5
caller: classpath:InspireTest/ngr/datasetrecords/def/checkxlinkurl.template.feature
arg: {"link":":"}
checkxlinkurl.template.feature:14 - java.net.URISyntaxException: Expected scheme name at index 0: :
-------
feature call (loop) failed at index: 6
caller: classpath:InspireTest/ngr/datasetrecords/def/checkxlinkurl.template.feature
arg: {"link":"/"}
checkxlinkurl.template.feature:14 - 
org.apache.http.client.ClientProtocolException
-------
feature call (loop) failed at index: 7
caller: classpath:InspireTest/ngr/datasetrecords/def/checkxlinkurl.template.feature
arg: {"link":"/"}
checkxlinkurl.template.feature:14 - 
org.apache.http.client.ClientProtocolException
-------
feature call (loop) failed at index: 8
caller: classpath:InspireTest/ngr/datasetrecords/def/checkxlinkurl.template.feature
arg: {"link":"w"}
checkxlinkurl.template.feature:14 - 
org.apache.http.client.ClientProtocolException
-------
feature call (loop) failed at index: 9
caller: classpath:InspireTest/ngr/datasetrecords/def/checkxlinkurl.template.feature
arg: {"link":"w"}
checkxlinkurl.template.feature:14 - 
org.apache.http.client.ClientProtocolException
-------
feature call (loop) failed at index: 10
caller: classpath:InspireTest/ngr/datasetrecords/def/checkxlinkurl.template.feature
arg: {"link":"w"}
checkxlinkurl.template.feature:14 - 
org.apache.http.client.ClientProtocolException
-------
feature call (loop) failed at index: 11
caller: classpath:InspireTest/ngr/datasetrecords/def/checkxlinkurl.template.feature
arg: {"link":"."}
checkxlinkurl.template.feature:14 - 
org.apache.http.client.ClientProtocolException
-------
feature call (loop) failed at index: 12
caller: classpath:InspireTest/ngr/datasetrecords/def/checkxlinkurl.template.feature
arg: {"link":"n"}
checkxlinkurl.template.feature:14 - 
org.apache.http.client.ClientProtocolException
-------
feature call (loop) failed at index: 13
caller: classpath:InspireTest/ngr/datasetrecords/def/checkxlinkurl.template.feature
arg: {"link":"a"}
checkxlinkurl.template.feature:14 - 
org.apache.http.client.ClientProtocolException
-------
feature call (loop) failed at index: 14
caller: classpath:InspireTest/ngr/datasetrecords/def/checkxlinkurl.template.feature
arg: {"link":"t"}
checkxlinkurl.template.feature:14 - 
org.apache.http.client.ClientProtocolException
-------
feature call (loop) failed at index: 15
caller: classpath:InspireTest/ngr/datasetrecords/def/checkxlinkurl.template.feature
arg: {"link":"i"}
checkxlinkurl.template.feature:14 - 
org.apache.http.client.ClientProtocolException
-------
feature call (loop) failed at index: 16
caller: classpath:InspireTest/ngr/datasetrecords/def/checkxlinkurl.template.feature
arg: {"link":"o"}
checkxlinkurl.template.feature:14 - 
org.apache.http.client.ClientProtocolException
-------
feature call (loop) failed at index: 17
caller: classpath:InspireTest/ngr/datasetrecords/def/checkxlinkurl.template.feature
arg: {"link":"n"}
checkxlinkurl.template.feature:14 - 
org.apache.http.client.ClientProtocolException
-------
feature call (loop) failed at index: 18
caller: classpath:InspireTest/ngr/datasetrecords/def/checkxlinkurl.template.feature
arg: {"link":"a"}
checkxlinkurl.template.feature:14 - 
org.apache.http.client.ClientProtocolException
-------
feature call (loop) failed at index: 19
caller: classpath:InspireTest/ngr/datasetrecords/def/checkxlinkurl.template.feature
arg: {"link":"a"}
checkxlinkurl.template.feature:14 - 
org.apache.http.client.ClientProtocolException
-------
feature call (loop) failed at index: 20
caller: classpath:InspireTest/ngr/datasetrecords/def/checkxlinkurl.template.feature
arg: {"link":"l"}
checkxlinkurl.template.feature:14 - 
org.apache.http.client.ClientProtocolException
-------
feature call (loop) failed at index: 21
caller: classpath:InspireTest/ngr/datasetrecords/def/checkxlinkurl.template.feature
arg: {"link":"g"}
checkxlinkurl.template.feature:14 - 
org.apache.http.client.ClientProtocolException
-------
feature call (loop) failed at index: 22
caller: classpath:InspireTest/ngr/datasetrecords/def/checkxlinkurl.template.feature
arg: {"link":"e"}
checkxlinkurl.template.feature:14 - 
org.apache.http.client.ClientProtocolException
-------
feature call (loop) failed at index: 23
caller: classpath:InspireTest/ngr/datasetrecords/def/checkxlinkurl.template.feature
arg: {"link":"o"}
checkxlinkurl.template.feature:14 - 
org.apache.http.client.ClientProtocolException
-------
feature call (loop) failed at index: 24
caller: classpath:InspireTest/ngr/datasetrecords/def/checkxlinkurl.template.feature
arg: {"link":"r"}
checkxlinkurl.template.feature:14 - 
org.apache.http.client.ClientProtocolException
-------
feature call (loop) failed at index: 25
caller: classpath:InspireTest/ngr/datasetrecords/def/checkxlinkurl.template.feature
arg: {"link":"e"}
checkxlinkurl.template.feature:14 - 
org.apache.http.client.ClientProtocolException
-------
feature call (loop) failed at index: 26
caller: classpath:InspireTest/ngr/datasetrecords/def/checkxlinkurl.template.feature
arg: {"link":"g"}
checkxlinkurl.template.feature:14 - 
org.apache.http.client.ClientProtocolException
-------
feature call (loop) failed at index: 27
caller: classpath:InspireTest/ngr/datasetrecords/def/checkxlinkurl.template.feature
arg: {"link":"i"}
checkxlinkurl.template.feature:14 - 
org.apache.http.client.ClientProtocolException
-------
feature call (loop) failed at index: 28
caller: classpath:InspireTest/ngr/datasetrecords/def/checkxlinkurl.template.feature
arg: {"link":"s"}
checkxlinkurl.template.feature:14 - 
org.apache.http.client.ClientProtocolException
-------
feature call (loop) failed at index: 29
caller: classpath:InspireTest/ngr/datasetrecords/def/checkxlinkurl.template.feature
arg: {"link":"t"}
checkxlinkurl.template.feature:14 - 
org.apache.http.client.ClientProtocolException
-------
feature call (loop) failed at index: 30
caller: classpath:InspireTest/ngr/datasetrecords/def/checkxlinkurl.template.feature
arg: {"link":"e"}
checkxlinkurl.template.feature:14 - 
org.apache.http.client.ClientProtocolException
-------
feature call (loop) failed at index: 31
caller: classpath:InspireTest/ngr/datasetrecords/def/checkxlinkurl.template.feature
arg: {"link":"r"}
checkxlinkurl.template.feature:14 - 
org.apache.http.client.ClientProtocolException
-------
feature call (loop) failed at index: 32
caller: classpath:InspireTest/ngr/datasetrecords/def/checkxlinkurl.template.feature
arg: {"link":"."}
checkxlinkurl.template.feature:14 - 
org.apache.http.client.ClientProtocolException
-------
feature call (loop) failed at index: 33
caller: classpath:InspireTest/ngr/datasetrecords/def/checkxlinkurl.template.feature
arg: {"link":"n"}
checkxlinkurl.template.feature:14 - 
org.apache.http.client.ClientProtocolException
-------
feature call (loop) failed at index: 34
caller: classpath:InspireTest/ngr/datasetrecords/def/checkxlinkurl.template.feature
arg: {"link":"l"}
checkxlinkurl.template.feature:14 - 
org.apache.http.client.ClientProtocolException
-------
feature call (loop) failed at index: 35
caller: classpath:InspireTest/ngr/datasetrecords/def/checkxlinkurl.template.feature
arg: {"link":":"}
checkxlinkurl.template.feature:14 - java.net.URISyntaxException: Expected scheme name at index 0: :
-------
feature call (loop) failed at index: 36
caller: classpath:InspireTest/ngr/datasetrecords/def/checkxlinkurl.template.feature
arg: {"link":"4"}
checkxlinkurl.template.feature:14 - 
org.apache.http.client.ClientProtocolException
-------
feature call (loop) failed at index: 37
caller: classpath:InspireTest/ngr/datasetrecords/def/checkxlinkurl.template.feature
arg: {"link":"4"}
checkxlinkurl.template.feature:14 - 
org.apache.http.client.ClientProtocolException
-------
feature call (loop) failed at index: 38
caller: classpath:InspireTest/ngr/datasetrecords/def/checkxlinkurl.template.feature
arg: {"link":"3"}
checkxlinkurl.template.feature:14 - 
org.apache.http.client.ClientProtocolException
-------
feature call (loop) failed at index: 39
caller: classpath:InspireTest/ngr/datasetrecords/def/checkxlinkurl.template.feature
arg: {"link":"/"}
checkxlinkurl.template.feature:14 - 
org.apache.http.client.ClientProtocolException
-------
feature call (loop) failed at index: 40
caller: classpath:InspireTest/ngr/datasetrecords/def/checkxlinkurl.template.feature
arg: {"link":"g"}
checkxlinkurl.template.feature:14 - 
org.apache.http.client.ClientProtocolException
-------
feature call (loop) failed at index: 41
caller: classpath:InspireTest/ngr/datasetrecords/def/checkxlinkurl.template.feature
arg: {"link":"e"}
checkxlinkurl.template.feature:14 - 
org.apache.http.client.ClientProtocolException
-------
feature call (loop) failed at index: 42
caller: classpath:InspireTest/ngr/datasetrecords/def/checkxlinkurl.template.feature
arg: {"link":"o"}
checkxlinkurl.template.feature:14 - 
org.apache.http.client.ClientProtocolException
-------
feature call (loop) failed at index: 43
caller: classpath:InspireTest/ngr/datasetrecords/def/checkxlinkurl.template.feature
arg: {"link":"n"}
checkxlinkurl.template.feature:14 - 
org.apache.http.client.ClientProtocolException
-------
feature call (loop) failed at index: 44
caller: classpath:InspireTest/ngr/datasetrecords/def/checkxlinkurl.template.feature
arg: {"link":"e"}
checkxlinkurl.template.feature:14 - 
org.apache.http.client.ClientProtocolException
-------
feature call (loop) failed at index: 45
caller: classpath:InspireTest/ngr/datasetrecords/def/checkxlinkurl.template.feature
arg: {"link":"t"}
checkxlinkurl.template.feature:14 - 
org.apache.http.client.ClientProtocolException
-------
feature call (loop) failed at index: 46
caller: classpath:InspireTest/ngr/datasetrecords/def/checkxlinkurl.template.feature
arg: {"link":"w"}
checkxlinkurl.template.feature:14 - 
org.apache.http.client.ClientProtocolException
-------
feature call (loop) failed at index: 47
caller: classpath:InspireTest/ngr/datasetrecords/def/checkxlinkurl.template.feature
arg: {"link":"o"}
checkxlinkurl.template.feature:14 - 
org.apache.http.client.ClientProtocolException
-------
feature call (loop) failed at index: 48
caller: classpath:InspireTest/ngr/datasetrecords/def/checkxlinkurl.template.feature
arg: {"link":"r"}
checkxlinkurl.template.feature:14 - 
org.apache.http.client.ClientProtocolException
-------
feature call (loop) failed at index: 49
caller: classpath:InspireTest/ngr/datasetrecords/def/checkxlinkurl.template.feature
arg: {"link":"k"}
checkxlinkurl.template.feature:14 - 
org.apache.http.client.ClientProtocolException
-------
feature call (loop) failed at index: 50
caller: classpath:InspireTest/ngr/datasetrecords/def/checkxlinkurl.template.feature
arg: {"link":"/"}
checkxlinkurl.template.feature:14 - 
org.apache.http.client.ClientProtocolException
-------
feature call (loop) failed at index: 51
caller: classpath:InspireTest/ngr/datasetrecords/def/checkxlinkurl.template.feature
arg: {"link":"s"}
checkxlinkurl.template.feature:14 - 
org.apache.http.client.ClientProtocolException
-------
feature call (loop) failed at index: 52
caller: classpath:InspireTest/ngr/datasetrecords/def/checkxlinkurl.template.feature
arg: {"link":"r"}
checkxlinkurl.template.feature:14 - 
org.apache.http.client.ClientProtocolException
-------
feature call (loop) failed at index: 53
caller: classpath:InspireTest/ngr/datasetrecords/def/checkxlinkurl.template.feature
arg: {"link":"v"}
checkxlinkurl.template.feature:14 - 
org.apache.http.client.ClientProtocolException
-------
feature call (loop) failed at index: 54
caller: classpath:InspireTest/ngr/datasetrecords/def/checkxlinkurl.template.feature
arg: {"link":"/"}
checkxlinkurl.template.feature:14 - 
org.apache.http.client.ClientProtocolException
-------
feature call (loop) failed at index: 55
caller: classpath:InspireTest/ngr/datasetrecords/def/checkxlinkurl.template.feature
arg: {"link":"e"}
checkxlinkurl.template.feature:14 - 
org.apache.http.client.ClientProtocolException
-------
feature call (loop) failed at index: 56
caller: classpath:InspireTest/ngr/datasetrecords/def/checkxlinkurl.template.feature
arg: {"link":"n"}
checkxlinkurl.template.feature:14 - 
org.apache.http.client.ClientProtocolException
-------
feature call (loop) failed at index: 57
caller: classpath:InspireTest/ngr/datasetrecords/def/checkxlinkurl.template.feature
arg: {"link":"g"}
checkxlinkurl.template.feature:14 - 
org.apache.http.client.ClientProtocolException
-------
feature call (loop) failed at index: 58
caller: classpath:InspireTest/ngr/datasetrecords/def/checkxlinkurl.template.feature
arg: {"link":"/"}
checkxlinkurl.template.feature:14 - 
org.apache.http.client.ClientProtocolException
-------
feature call (loop) failed at index: 59
caller: classpath:InspireTest/ngr/datasetrecords/def/checkxlinkurl.template.feature
arg: {"link":"t"}
checkxlinkurl.template.feature:14 - 
org.apache.http.client.ClientProtocolException
-------
feature call (loop) failed at index: 60
caller: classpath:InspireTest/ngr/datasetrecords/def/checkxlinkurl.template.feature
arg: {"link":"h"}
checkxlinkurl.template.feature:14 - 
org.apache.http.client.ClientProtocolException
-------
feature call (loop) failed at index: 61
caller: classpath:InspireTest/ngr/datasetrecords/def/checkxlinkurl.template.feature
arg: {"link":"e"}
checkxlinkurl.template.feature:14 - 
org.apache.http.client.ClientProtocolException
-------
feature call (loop) failed at index: 62
caller: classpath:InspireTest/ngr/datasetrecords/def/checkxlinkurl.template.feature
arg: {"link":"s"}
checkxlinkurl.template.feature:14 - 
org.apache.http.client.ClientProtocolException
-------
feature call (loop) failed at index: 63
caller: classpath:InspireTest/ngr/datasetrecords/def/checkxlinkurl.template.feature
arg: {"link":"a"}
checkxlinkurl.template.feature:14 - 
org.apache.http.client.ClientProtocolException
-------
feature call (loop) failed at index: 64
caller: classpath:InspireTest/ngr/datasetrecords/def/checkxlinkurl.template.feature
arg: {"link":"u"}
checkxlinkurl.template.feature:14 - 
org.apache.http.client.ClientProtocolException
-------
feature call (loop) failed at index: 65
caller: classpath:InspireTest/ngr/datasetrecords/def/checkxlinkurl.template.feature
arg: {"link":"r"}
checkxlinkurl.template.feature:14 - 
org.apache.http.client.ClientProtocolException
-------
feature call (loop) failed at index: 66
caller: classpath:InspireTest/ngr/datasetrecords/def/checkxlinkurl.template.feature
arg: {"link":"u"}
checkxlinkurl.template.feature:14 - 
org.apache.http.client.ClientProtocolException
-------
feature call (loop) failed at index: 67
caller: classpath:InspireTest/ngr/datasetrecords/def/checkxlinkurl.template.feature
arg: {"link":"s"}
checkxlinkurl.template.feature:14 - 
org.apache.http.client.ClientProtocolException
-------
feature call (loop) failed at index: 68
caller: classpath:InspireTest/ngr/datasetrecords/def/checkxlinkurl.template.feature
arg: {"link":"."}
checkxlinkurl.template.feature:14 - 
org.apache.http.client.ClientProtocolException
-------
feature call (loop) failed at index: 69
caller: classpath:InspireTest/ngr/datasetrecords/def/checkxlinkurl.template.feature
arg: {"link":"d"}
checkxlinkurl.template.feature:14 - 
org.apache.http.client.ClientProtocolException
-------
feature call (loop) failed at index: 70
caller: classpath:InspireTest/ngr/datasetrecords/def/checkxlinkurl.template.feature
arg: {"link":"o"}
checkxlinkurl.template.feature:14 - 
org.apache.http.client.ClientProtocolException
-------
feature call (loop) failed at index: 71
caller: classpath:InspireTest/ngr/datasetrecords/def/checkxlinkurl.template.feature
arg: {"link":"w"}
checkxlinkurl.template.feature:14 - 
org.apache.http.client.ClientProtocolException
-------
feature call (loop) failed at index: 72
caller: classpath:InspireTest/ngr/datasetrecords/def/checkxlinkurl.template.feature
arg: {"link":"n"}
checkxlinkurl.template.feature:14 - 
org.apache.http.client.ClientProtocolException
-------
feature call (loop) failed at index: 73
caller: classpath:InspireTest/ngr/datasetrecords/def/checkxlinkurl.template.feature
arg: {"link":"l"}
checkxlinkurl.template.feature:14 - 
org.apache.http.client.ClientProtocolException
-------
feature call (loop) failed at index: 74
caller: classpath:InspireTest/ngr/datasetrecords/def/checkxlinkurl.template.feature
arg: {"link":"o"}
checkxlinkurl.template.feature:14 - 
org.apache.http.client.ClientProtocolException
-------
feature call (loop) failed at index: 75
caller: classpath:InspireTest/ngr/datasetrecords/def/checkxlinkurl.template.feature
arg: {"link":"a"}
checkxlinkurl.template.feature:14 - 
org.apache.http.client.ClientProtocolException
-------
feature call (loop) failed at index: 76
caller: classpath:InspireTest/ngr/datasetrecords/def/checkxlinkurl.template.feature
arg: {"link":"d"}
checkxlinkurl.template.feature:14 - 
org.apache.http.client.ClientProtocolException
-------
feature call (loop) failed at index: 77
caller: classpath:InspireTest/ngr/datasetrecords/def/checkxlinkurl.template.feature
arg: {"link":"?"}
checkxlinkurl.template.feature:14 - 
org.apache.http.client.ClientProtocolException
-------
feature call (loop) failed at index: 78
caller: classpath:InspireTest/ngr/datasetrecords/def/checkxlinkurl.template.feature
arg: {"link":"r"}
checkxlinkurl.template.feature:14 - 
org.apache.http.client.ClientProtocolException
-------
feature call (loop) failed at index: 79
caller: classpath:InspireTest/ngr/datasetrecords/def/checkxlinkurl.template.feature
arg: {"link":"e"}
checkxlinkurl.template.feature:14 - 
org.apache.http.client.ClientProtocolException
-------
feature call (loop) failed at index: 80
caller: classpath:InspireTest/ngr/datasetrecords/def/checkxlinkurl.template.feature
arg: {"link":"f"}
checkxlinkurl.template.feature:14 - 
org.apache.http.client.ClientProtocolException
-------
feature call (loop) failed at index: 81
caller: classpath:InspireTest/ngr/datasetrecords/def/checkxlinkurl.template.feature
arg: {"link":"="}
checkxlinkurl.template.feature:14 - 
org.apache.http.client.ClientProtocolException
-------
feature call (loop) failed at index: 82
caller: classpath:InspireTest/ngr/datasetrecords/def/checkxlinkurl.template.feature
arg: {"link":"e"}
checkxlinkurl.template.feature:14 - 
org.apache.http.client.ClientProtocolException
-------
feature call (loop) failed at index: 83
caller: classpath:InspireTest/ngr/datasetrecords/def/checkxlinkurl.template.feature
arg: {"link":"x"}
checkxlinkurl.template.feature:14 - 
org.apache.http.client.ClientProtocolException
-------
feature call (loop) failed at index: 84
caller: classpath:InspireTest/ngr/datasetrecords/def/checkxlinkurl.template.feature
arg: {"link":"t"}
checkxlinkurl.template.feature:14 - 
org.apache.http.client.ClientProtocolException
-------
feature call (loop) failed at index: 85
caller: classpath:InspireTest/ngr/datasetrecords/def/checkxlinkurl.template.feature
arg: {"link":"e"}
checkxlinkurl.template.feature:14 - 
org.apache.http.client.ClientProtocolException
-------
feature call (loop) failed at index: 86
caller: classpath:InspireTest/ngr/datasetrecords/def/checkxlinkurl.template.feature
arg: {"link":"r"}
checkxlinkurl.template.feature:14 - 
org.apache.http.client.ClientProtocolException
-------
feature call (loop) failed at index: 87
caller: classpath:InspireTest/ngr/datasetrecords/def/checkxlinkurl.template.feature
arg: {"link":"n"}
checkxlinkurl.template.feature:14 - 
org.apache.http.client.ClientProtocolException
-------
feature call (loop) failed at index: 88
caller: classpath:InspireTest/ngr/datasetrecords/def/checkxlinkurl.template.feature
arg: {"link":"a"}
checkxlinkurl.template.feature:14 - 
org.apache.http.client.ClientProtocolException
-------
feature call (loop) failed at index: 89
caller: classpath:InspireTest/ngr/datasetrecords/def/checkxlinkurl.template.feature
arg: {"link":"l"}
checkxlinkurl.template.feature:14 - 
org.apache.http.client.ClientProtocolException
-------
feature call (loop) failed at index: 90
caller: classpath:InspireTest/ngr/datasetrecords/def/checkxlinkurl.template.feature
arg: {"link":"."}
checkxlinkurl.template.feature:14 - 
org.apache.http.client.ClientProtocolException
-------
feature call (loop) failed at index: 91
caller: classpath:InspireTest/ngr/datasetrecords/def/checkxlinkurl.template.feature
arg: {"link":"t"}
checkxlinkurl.template.feature:14 - 
org.apache.http.client.ClientProtocolException
-------
feature call (loop) failed at index: 92
caller: classpath:InspireTest/ngr/datasetrecords/def/checkxlinkurl.template.feature
arg: {"link":"h"}
checkxlinkurl.template.feature:14 - 
org.apache.http.client.ClientProtocolException
-------
feature call (loop) failed at index: 93
caller: classpath:InspireTest/ngr/datasetrecords/def/checkxlinkurl.template.feature
arg: {"link":"e"}
checkxlinkurl.template.feature:14 - 
org.apache.http.client.ClientProtocolException
-------
feature call (loop) failed at index: 94
caller: classpath:InspireTest/ngr/datasetrecords/def/checkxlinkurl.template.feature
arg: {"link":"m"}
checkxlinkurl.template.feature:14 - 
org.apache.http.client.ClientProtocolException
-------
feature call (loop) failed at index: 95
caller: classpath:InspireTest/ngr/datasetrecords/def/checkxlinkurl.template.feature
arg: {"link":"e"}
checkxlinkurl.template.feature:14 - 
org.apache.http.client.ClientProtocolException
-------
feature call (loop) failed at index: 96
caller: classpath:InspireTest/ngr/datasetrecords/def/checkxlinkurl.template.feature
arg: {"link":"."}
checkxlinkurl.template.feature:14 - 
org.apache.http.client.ClientProtocolException
-------
feature call (loop) failed at index: 97
caller: classpath:InspireTest/ngr/datasetrecords/def/checkxlinkurl.template.feature
arg: {"link":"h"}
checkxlinkurl.template.feature:14 - 
org.apache.http.client.ClientProtocolException
-------
feature call (loop) failed at index: 98
caller: classpath:InspireTest/ngr/datasetrecords/def/checkxlinkurl.template.feature
arg: {"link":"t"}
checkxlinkurl.template.feature:14 - 
org.apache.http.client.ClientProtocolException
-------
feature call (loop) failed at index: 99
caller: classpath:InspireTest/ngr/datasetrecords/def/checkxlinkurl.template.feature
arg: {"link":"t"}
checkxlinkurl.template.feature:14 - 
org.apache.http.client.ClientProtocolException
-------
feature call (loop) failed at index: 100
caller: classpath:InspireTest/ngr/datasetrecords/def/checkxlinkurl.template.feature
arg: {"link":"p"}
checkxlinkurl.template.feature:14 - 
org.apache.http.client.ClientProtocolException
-------
feature call (loop) failed at index: 101
caller: classpath:InspireTest/ngr/datasetrecords/def/checkxlinkurl.template.feature
arg: {"link":"i"}
checkxlinkurl.template.feature:14 - 
org.apache.http.client.ClientProtocolException
-------
feature call (loop) failed at index: 102
caller: classpath:InspireTest/ngr/datasetrecords/def/checkxlinkurl.template.feature
arg: {"link":"n"}
checkxlinkurl.template.feature:14 - 
org.apache.http.client.ClientProtocolException
-------
feature call (loop) failed at index: 103
caller: classpath:InspireTest/ngr/datasetrecords/def/checkxlinkurl.template.feature
arg: {"link":"s"}
checkxlinkurl.template.feature:14 - 
org.apache.http.client.ClientProtocolException
-------
feature call (loop) failed at index: 104
caller: classpath:InspireTest/ngr/datasetrecords/def/checkxlinkurl.template.feature
arg: {"link":"p"}
checkxlinkurl.template.feature:14 - 
org.apache.http.client.ClientProtocolException
-------
feature call (loop) failed at index: 105
caller: classpath:InspireTest/ngr/datasetrecords/def/checkxlinkurl.template.feature
arg: {"link":"i"}
checkxlinkurl.template.feature:14 - 
org.apache.http.client.ClientProtocolException
-------
feature call (loop) failed at index: 106
caller: classpath:InspireTest/ngr/datasetrecords/def/checkxlinkurl.template.feature
arg: {"link":"r"}
checkxlinkurl.template.feature:14 - 
org.apache.http.client.ClientProtocolException
-------
feature call (loop) failed at index: 107
caller: classpath:InspireTest/ngr/datasetrecords/def/checkxlinkurl.template.feature
arg: {"link":"e"}
checkxlinkurl.template.feature:14 - 
org.apache.http.client.ClientProtocolException
-------
feature call (loop) failed at index: 108
caller: classpath:InspireTest/ngr/datasetrecords/def/checkxlinkurl.template.feature
arg: {"link":"e"}
checkxlinkurl.template.feature:14 - 
org.apache.http.client.ClientProtocolException
-------
feature call (loop) failed at index: 109
caller: classpath:InspireTest/ngr/datasetrecords/def/checkxlinkurl.template.feature
arg: {"link":"c"}
checkxlinkurl.template.feature:14 - 
org.apache.http.client.ClientProtocolException
-------
feature call (loop) failed at index: 110
caller: classpath:InspireTest/ngr/datasetrecords/def/checkxlinkurl.template.feature
arg: {"link":"e"}
checkxlinkurl.template.feature:14 - 
org.apache.http.client.ClientProtocolException
-------
feature call (loop) failed at index: 111
caller: classpath:InspireTest/ngr/datasetrecords/def/checkxlinkurl.template.feature
arg: {"link":"u"}
checkxlinkurl.template.feature:14 - 
org.apache.http.client.ClientProtocolException
-------
feature call (loop) failed at index: 112
caller: classpath:InspireTest/ngr/datasetrecords/def/checkxlinkurl.template.feature
arg: {"link":"r"}
checkxlinkurl.template.feature:14 - 
org.apache.http.client.ClientProtocolException
-------
feature call (loop) failed at index: 113
caller: classpath:InspireTest/ngr/datasetrecords/def/checkxlinkurl.template.feature
arg: {"link":"o"}
checkxlinkurl.template.feature:14 - 
org.apache.http.client.ClientProtocolException
-------
feature call (loop) failed at index: 114
caller: classpath:InspireTest/ngr/datasetrecords/def/checkxlinkurl.template.feature
arg: {"link":"p"}
checkxlinkurl.template.feature:14 - 
org.apache.http.client.ClientProtocolException
-------
feature call (loop) failed at index: 115
caller: classpath:InspireTest/ngr/datasetrecords/def/checkxlinkurl.template.feature
arg: {"link":"a"}
checkxlinkurl.template.feature:14 - 
org.apache.http.client.ClientProtocolException
-------
feature call (loop) failed at index: 116
caller: classpath:InspireTest/ngr/datasetrecords/def/checkxlinkurl.template.feature
arg: {"link":"e"}
checkxlinkurl.template.feature:14 - 
org.apache.http.client.ClientProtocolException
-------
feature call (loop) failed at index: 117
caller: classpath:InspireTest/ngr/datasetrecords/def/checkxlinkurl.template.feature
arg: {"link":"u"}
checkxlinkurl.template.feature:14 - 
org.apache.http.client.ClientProtocolException
-------
feature call (loop) failed at index: 118
caller: classpath:InspireTest/ngr/datasetrecords/def/checkxlinkurl.template.feature
arg: {"link":"t"}
checkxlinkurl.template.feature:14 - 
org.apache.http.client.ClientProtocolException
-------
feature call (loop) failed at index: 119
caller: classpath:InspireTest/ngr/datasetrecords/def/checkxlinkurl.template.feature
arg: {"link":"h"}
checkxlinkurl.template.feature:14 - 
org.apache.http.client.ClientProtocolException
-------
feature call (loop) failed at index: 120
caller: classpath:InspireTest/ngr/datasetrecords/def/checkxlinkurl.template.feature
arg: {"link":"e"}
checkxlinkurl.template.feature:14 - 
org.apache.http.client.ClientProtocolException
-------
feature call (loop) failed at index: 121
caller: classpath:InspireTest/ngr/datasetrecords/def/checkxlinkurl.template.feature
arg: {"link":"m"}
checkxlinkurl.template.feature:14 - 
org.apache.http.client.ClientProtocolException
-------
feature call (loop) failed at index: 122
caller: classpath:InspireTest/ngr/datasetrecords/def/checkxlinkurl.template.feature
arg: {"link":"e"}
checkxlinkurl.template.feature:14 - 
org.apache.http.client.ClientProtocolException
-------
feature call (loop) failed at index: 123
caller: classpath:InspireTest/ngr/datasetrecords/def/checkxlinkurl.template.feature
arg: {"link":"-"}
checkxlinkurl.template.feature:14 - 
org.apache.http.client.ClientProtocolException
-------
feature call (loop) failed at index: 124
caller: classpath:InspireTest/ngr/datasetrecords/def/checkxlinkurl.template.feature
arg: {"link":"t"}
checkxlinkurl.template.feature:14 - 
org.apache.http.client.ClientProtocolException
-------
feature call (loop) failed at index: 125
caller: classpath:InspireTest/ngr/datasetrecords/def/checkxlinkurl.template.feature
arg: {"link":"h"}
checkxlinkurl.template.feature:14 - 
org.apache.http.client.ClientProtocolException
-------
feature call (loop) failed at index: 126
caller: classpath:InspireTest/ngr/datasetrecords/def/checkxlinkurl.template.feature
arg: {"link":"e"}
checkxlinkurl.template.feature:14 - 
org.apache.http.client.ClientProtocolException
-------
feature call (loop) failed at index: 127
caller: classpath:InspireTest/ngr/datasetrecords/def/checkxlinkurl.template.feature
arg: {"link":"m"}
checkxlinkurl.template.feature:14 - 
org.apache.http.client.ClientProtocolException
-------
feature call (loop) failed at index: 128
caller: classpath:InspireTest/ngr/datasetrecords/def/checkxlinkurl.template.feature
arg: {"link":"e"}
checkxlinkurl.template.feature:14 - 
org.apache.http.client.ClientProtocolException
[1.124:16] ngr-check-dataset-record.feature:69 - feature call (loop) failed: classpath:InspireTest/ngr/datasetrecords/def/checkxlinkurl.template.feature
caller: classpath:InspireTest/ngr/datasetrecords/ngr-check-dataset-record.feature
items: [{link=https://data.rivm.nl/inspire/id#b5ccab29-e2cc-4178-9f81-40c50e909754}]
errors:
-------
feature call (loop) failed at index: 0
caller: classpath:InspireTest/ngr/datasetrecords/def/checkxlinkurl.template.feature
arg: {"link":"https://data.rivm.nl/inspire/id#b5ccab29-e2cc-4178-9f81-40c50e909754"}
checkxlinkurl.template.feature:14 - 
javax.net.ssl.SSLException: Connection reset
[1.125:16] ngr-check-dataset-record.feature:69 - feature call (loop) failed: classpath:InspireTest/ngr/datasetrecords/def/checkxlinkurl.template.feature
caller: classpath:InspireTest/ngr/datasetrecords/ngr-check-dataset-record.feature
items: [{link=http://www.opengis.net/def/crs/EPSG/0/ETRS89}, {link=https://www.nationaalgeoregister.nl/geonetwork/srv/api/records07575774-57a1-4419-bab4-6c88fdeb02b2}]
errors:
-------
feature call (loop) failed at index: 1
caller: classpath:InspireTest/ngr/datasetrecords/def/checkxlinkurl.template.feature
arg: {"link":"https://www.nationaalgeoregister.nl/geonetwork/srv/api/records07575774-57a1-4419-bab4-6c88fdeb02b2"}
checkxlinkurl.template.feature:15 - status code was: 500, expected: 200, response time: 314, url: https://www.nationaalgeoregister.nl/geonetwork/srv/api/records07575774-57a1-4419-bab4-6c88fdeb02b2, response: 
[1.126:16] ngr-check-dataset-record.feature:69 - feature call (loop) failed: classpath:InspireTest/ngr/datasetrecords/def/checkxlinkurl.template.feature
caller: classpath:InspireTest/ngr/datasetrecords/ngr-check-dataset-record.feature
items: [{link=https://www.nationaalgeoregister.nl/geonetwork/srv/dut/catalog.search#/metadata/krw-782cab20-8328-45f1-a9b2-c27d07c14066}, {link=http://rdfdata.eionet.europa.eu/inspirethemes/themes/24}, {link=https://ngr.geocat.live/geonetwork/srv/eng/thesaurus.download?ref=external.theme.httpinspireeceuropaeumetadatacodelistPrioritydataset-Prioritydataset}, {link=urn:ogc:def:crs:EPSG::5709}]
errors:
-------
feature call (loop) failed at index: 1
caller: classpath:InspireTest/ngr/datasetrecords/def/checkxlinkurl.template.feature
arg: {"link":"http://rdfdata.eionet.europa.eu/inspirethemes/themes/24"}
checkxlinkurl.template.feature:15 - status code was: 404, expected: 200, response time: 199, url: http://rdfdata.eionet.europa.eu/inspirethemes/themes/24, response: 
-------
feature call (loop) failed at index: 2
caller: classpath:InspireTest/ngr/datasetrecords/def/checkxlinkurl.template.feature
arg: {"link":"https://ngr.geocat.live/geonetwork/srv/eng/thesaurus.download?ref=external.theme.httpinspireeceuropaeumetadatacodelistPrioritydataset-Prioritydataset"}
checkxlinkurl.template.feature:15 - status code was: 500, expected: 200, response time: 607, url: https://ngr.geocat.live/geonetwork/srv/eng/thesaurus.download?ref=external.theme.httpinspireeceuropaeumetadatacodelistPrioritydataset-Prioritydataset, response: 
-------
feature call (loop) failed at index: 3
caller: classpath:InspireTest/ngr/datasetrecords/def/checkxlinkurl.template.feature
arg: {"link":"urn:ogc:def:crs:EPSG::5709"}
checkxlinkurl.template.feature:14 - 
org.apache.http.client.ClientProtocolException: URI does not specify a valid host name: urn:ogc:def:crs:EPSG::5709
[1.127:16] ngr-check-dataset-record.feature:69 - feature call (loop) failed: classpath:InspireTest/ngr/datasetrecords/def/checkxlinkurl.template.feature
caller: classpath:InspireTest/ngr/datasetrecords/ngr-check-dataset-record.feature
items: [{link=http://www.opengis.net/def/crs/EPSG/0/http://www.opengis.net/def/crs/EPSG/0/3034}, {link=http://nationaalgeoregister.nl/geonetwork/srv/dut/csw?SERVICE=CSW&version=2.0.2&REQUEST=GetRecordById&elementSetName=full&OutputSchema=http://www.isotc211.org/2005/gmd&ID=41023936-009d-48ec-a90d-c966895463c1}, {link=https://creativecommons.org/publicdomain/mark/*/deed.nl}, {link=}]
errors:
-------
feature call (loop) failed at index: 2
caller: classpath:InspireTest/ngr/datasetrecords/def/checkxlinkurl.template.feature
arg: {"link":"https://creativecommons.org/publicdomain/mark/*/deed.nl"}
checkxlinkurl.template.feature:15 - status code was: 404, expected: 200, response time: 43, url: https://creativecommons.org/publicdomain/mark/*/deed.nl, response: 
-------
feature call (loop) failed at index: 3
caller: classpath:InspireTest/ngr/datasetrecords/def/checkxlinkurl.template.feature
arg: {"link":""}
checkxlinkurl.template.feature:14 - 
org.apache.http.client.ClientProtocolException
[1.128:16] ngr-check-dataset-record.feature:69 - feature call (loop) failed: classpath:InspireTest/ngr/datasetrecords/def/checkxlinkurl.template.feature
caller: classpath:InspireTest/ngr/datasetrecords/ngr-check-dataset-record.feature
items: [{link=http://kadaster/06b6c650-cdb1-11dd-ad8b-0800200c9a81}]
errors:
-------
feature call (loop) failed at index: 0
caller: classpath:InspireTest/ngr/datasetrecords/def/checkxlinkurl.template.feature
arg: {"link":"http://kadaster/06b6c650-cdb1-11dd-ad8b-0800200c9a81"}
checkxlinkurl.template.feature:14 - 
java.net.UnknownHostException: kadaster
[1.129:16] ngr-check-dataset-record.feature:69 - feature call (loop) failed: classpath:InspireTest/ngr/datasetrecords/def/checkxlinkurl.template.feature
caller: classpath:InspireTest/ngr/datasetrecords/ngr-check-dataset-record.feature
items: [{link=http://www.opengis.net/def/crs/EPSG/0/http://www.opengis.net/def/crs/EPSG/0/4258}, {link=http://kadaster/7cdfa80a-cfbf-4324-978d-f1f141756b66}]
errors:
-------
feature call (loop) failed at index: 1
caller: classpath:InspireTest/ngr/datasetrecords/def/checkxlinkurl.template.feature
arg: {"link":"http://kadaster/7cdfa80a-cfbf-4324-978d-f1f141756b66"}
checkxlinkurl.template.feature:14 - 
java.net.UnknownHostException: kadaster
[1.130:16] ngr-check-dataset-record.feature:69 - feature call (loop) failed: classpath:InspireTest/ngr/datasetrecords/def/checkxlinkurl.template.feature
caller: classpath:InspireTest/ngr/datasetrecords/ngr-check-dataset-record.feature
items: [{link=https://www.nationaalgeoregister.nl/geonetwork/srv/api/records58d39928-f502-48c9-a8c1-03244dc181bf}]
errors:
-------
feature call (loop) failed at index: 0
caller: classpath:InspireTest/ngr/datasetrecords/def/checkxlinkurl.template.feature
arg: {"link":"https://www.nationaalgeoregister.nl/geonetwork/srv/api/records58d39928-f502-48c9-a8c1-03244dc181bf"}
checkxlinkurl.template.feature:15 - status code was: 500, expected: 200, response time: 427, url: https://www.nationaalgeoregister.nl/geonetwork/srv/api/records58d39928-f502-48c9-a8c1-03244dc181bf, response: 
[1.131:16] ngr-check-dataset-record.feature:69 - feature call (loop) failed: classpath:InspireTest/ngr/datasetrecords/def/checkxlinkurl.template.feature
caller: classpath:InspireTest/ngr/datasetrecords/ngr-check-dataset-record.feature
items: [{link=http://kadaster/2482250f-3b00-4439-9f93-f3118229b015}, {link=}, {link=}, {link=}]
errors:
-------
feature call (loop) failed at index: 0
caller: classpath:InspireTest/ngr/datasetrecords/def/checkxlinkurl.template.feature
arg: {"link":"http://kadaster/2482250f-3b00-4439-9f93-f3118229b015"}
checkxlinkurl.template.feature:14 - 
java.net.UnknownHostException: kadaster
-------
feature call (loop) failed at index: 1
caller: classpath:InspireTest/ngr/datasetrecords/def/checkxlinkurl.template.feature
arg: {"link":""}
checkxlinkurl.template.feature:14 - 
org.apache.http.client.ClientProtocolException
-------
feature call (loop) failed at index: 2
caller: classpath:InspireTest/ngr/datasetrecords/def/checkxlinkurl.template.feature
arg: {"link":""}
checkxlinkurl.template.feature:14 - 
org.apache.http.client.ClientProtocolException
-------
feature call (loop) failed at index: 3
caller: classpath:InspireTest/ngr/datasetrecords/def/checkxlinkurl.template.feature
arg: {"link":""}
checkxlinkurl.template.feature:14 - 
org.apache.http.client.ClientProtocolException
[1.132:16] ngr-check-dataset-record.feature:69 - feature call (loop) failed: classpath:InspireTest/ngr/datasetrecords/def/checkxlinkurl.template.feature
caller: classpath:InspireTest/ngr/datasetrecords/ngr-check-dataset-record.feature
items: [{link=http://kadaster/2482250f-3b00-4439-9f93-f3118229b018}, {link=}, {link=}, {link=}]
errors:
-------
feature call (loop) failed at index: 0
caller: classpath:InspireTest/ngr/datasetrecords/def/checkxlinkurl.template.feature
arg: {"link":"http://kadaster/2482250f-3b00-4439-9f93-f3118229b018"}
checkxlinkurl.template.feature:14 - 
java.net.UnknownHostException: kadaster
-------
feature call (loop) failed at index: 1
caller: classpath:InspireTest/ngr/datasetrecords/def/checkxlinkurl.template.feature
arg: {"link":""}
checkxlinkurl.template.feature:14 - 
org.apache.http.client.ClientProtocolException
-------
feature call (loop) failed at index: 2
caller: classpath:InspireTest/ngr/datasetrecords/def/checkxlinkurl.template.feature
arg: {"link":""}
checkxlinkurl.template.feature:14 - 
org.apache.http.client.ClientProtocolException
-------
feature call (loop) failed at index: 3
caller: classpath:InspireTest/ngr/datasetrecords/def/checkxlinkurl.template.feature
arg: {"link":""}
checkxlinkurl.template.feature:14 - 
org.apache.http.client.ClientProtocolException
[1.133:16] ngr-check-dataset-record.feature:69 - feature call (loop) failed: classpath:InspireTest/ngr/datasetrecords/def/checkxlinkurl.template.feature
caller: classpath:InspireTest/ngr/datasetrecords/ngr-check-dataset-record.feature
items: [{link=https://www.nationaalgeoregister.nl/geonetwork/srv/dut/catalog.search#/metadata/adn73c4a-ef03-4785-b7f6-942e86b385f7}, {link=http://rdfdata.eionet.europa.eu/inspirethemes/themes/10}, {link=urn:ogc:def:crs:EPSG::5709}]
errors:
-------
feature call (loop) failed at index: 1
caller: classpath:InspireTest/ngr/datasetrecords/def/checkxlinkurl.template.feature
arg: {"link":"http://rdfdata.eionet.europa.eu/inspirethemes/themes/10"}
checkxlinkurl.template.feature:15 - status code was: 404, expected: 200, response time: 226, url: http://rdfdata.eionet.europa.eu/inspirethemes/themes/10, response: 
-------
feature call (loop) failed at index: 2
caller: classpath:InspireTest/ngr/datasetrecords/def/checkxlinkurl.template.feature
arg: {"link":"urn:ogc:def:crs:EPSG::5709"}
checkxlinkurl.template.feature:14 - 
org.apache.http.client.ClientProtocolException: URI does not specify a valid host name: urn:ogc:def:crs:EPSG::5709
[1.134:16] ngr-check-dataset-record.feature:69 - feature call (loop) failed: classpath:InspireTest/ngr/datasetrecords/def/checkxlinkurl.template.feature
caller: classpath:InspireTest/ngr/datasetrecords/ngr-check-dataset-record.feature
items: [{link=https://geodata.nationaalgeoregister.nl/cbsgebiedsindelingen/atom/cbsgebiedsindelingen.xml}, {link=https://www.iana.org/assignments/media-types/application/geopackage+sqlite3}, {link=}]
errors:
-------
feature call (loop) failed at index: 2
caller: classpath:InspireTest/ngr/datasetrecords/def/checkxlinkurl.template.feature
arg: {"link":""}
checkxlinkurl.template.feature:14 - 
org.apache.http.client.ClientProtocolException
[1.135:16] ngr-check-dataset-record.feature:69 - feature call (loop) failed: classpath:InspireTest/ngr/datasetrecords/def/checkxlinkurl.template.feature
caller: classpath:InspireTest/ngr/datasetrecords/ngr-check-dataset-record.feature
items: [{link=http://kadaster/06b6c650-cdb1-11dd-ad8b-0800200c9a75}]
errors:
-------
feature call (loop) failed at index: 0
caller: classpath:InspireTest/ngr/datasetrecords/def/checkxlinkurl.template.feature
arg: {"link":"http://kadaster/06b6c650-cdb1-11dd-ad8b-0800200c9a75"}
checkxlinkurl.template.feature:14 - 
java.net.UnknownHostException: kadaster
[1.136:16] ngr-check-dataset-record.feature:69 - feature call (loop) failed: classpath:InspireTest/ngr/datasetrecords/def/checkxlinkurl.template.feature
caller: classpath:InspireTest/ngr/datasetrecords/ngr-check-dataset-record.feature
items: [{link=https://www.nationaalgeoregister.nl/geonetwork/srv/dut/catalog.search#/metadata/25294679-adb9-4c39-a93b-6954ff9414ac}, {link=http://rdfdata.eionet.europa.eu/inspirethemes/themes/20}, {link=http://rdfdata.eionet.europa.eu/inspirethemes/themes/28}, {link=urn:ogc:def:crs:EPSG::5709}]
errors:
-------
feature call (loop) failed at index: 1
caller: classpath:InspireTest/ngr/datasetrecords/def/checkxlinkurl.template.feature
arg: {"link":"http://rdfdata.eionet.europa.eu/inspirethemes/themes/20"}
checkxlinkurl.template.feature:15 - status code was: 404, expected: 200, response time: 220, url: http://rdfdata.eionet.europa.eu/inspirethemes/themes/20, response: 
-------
feature call (loop) failed at index: 2
caller: classpath:InspireTest/ngr/datasetrecords/def/checkxlinkurl.template.feature
arg: {"link":"http://rdfdata.eionet.europa.eu/inspirethemes/themes/28"}
checkxlinkurl.template.feature:15 - status code was: 404, expected: 200, response time: 210, url: http://rdfdata.eionet.europa.eu/inspirethemes/themes/28, response: 
-------
feature call (loop) failed at index: 3
caller: classpath:InspireTest/ngr/datasetrecords/def/checkxlinkurl.template.feature
arg: {"link":"urn:ogc:def:crs:EPSG::5709"}
checkxlinkurl.template.feature:14 - 
org.apache.http.client.ClientProtocolException: URI does not specify a valid host name: urn:ogc:def:crs:EPSG::5709
[1.138:16] ngr-check-dataset-record.feature:69 - feature call (loop) failed: classpath:InspireTest/ngr/datasetrecords/def/checkxlinkurl.template.feature
caller: classpath:InspireTest/ngr/datasetrecords/ngr-check-dataset-record.feature
items: [{link=https://data.rivm.nl/inspire/id#c6d62f69-7be0-4c19-a4af-d146c6a3c166}]
errors:
-------
feature call (loop) failed at index: 0
caller: classpath:InspireTest/ngr/datasetrecords/def/checkxlinkurl.template.feature
arg: {"link":"https://data.rivm.nl/inspire/id#c6d62f69-7be0-4c19-a4af-d146c6a3c166"}
checkxlinkurl.template.feature:14 - 
javax.net.ssl.SSLException: Connection reset
[1.139:16] ngr-check-dataset-record.feature:69 - feature call (loop) failed: classpath:InspireTest/ngr/datasetrecords/def/checkxlinkurl.template.feature
caller: classpath:InspireTest/ngr/datasetrecords/ngr-check-dataset-record.feature
items: [{link=http://www.opengis.net/def/crs/EPSG/0/https://www.opengis.net/def/crs/EPSG/0/4258}, {link=https://www.nationaalgeoregister.nl/geonetwork/srv/api/records4617f0e0-6af4-4ac0-9044-31df9d03071c}]
errors:
-------
feature call (loop) failed at index: 1
caller: classpath:InspireTest/ngr/datasetrecords/def/checkxlinkurl.template.feature
arg: {"link":"https://www.nationaalgeoregister.nl/geonetwork/srv/api/records4617f0e0-6af4-4ac0-9044-31df9d03071c"}
checkxlinkurl.template.feature:15 - status code was: 500, expected: 200, response time: 505, url: https://www.nationaalgeoregister.nl/geonetwork/srv/api/records4617f0e0-6af4-4ac0-9044-31df9d03071c, response: 
[1.140:16] ngr-check-dataset-record.feature:69 - feature call (loop) failed: classpath:InspireTest/ngr/datasetrecords/def/checkxlinkurl.template.feature
caller: classpath:InspireTest/ngr/datasetrecords/ngr-check-dataset-record.feature
items: [{link=http://www.opengis.net/def/crs/EPSG/0/http://www.opengis.net/def/crs/EPSG/0/4258}, {link=http://kadaster/80b2d12c-32be-54fg-b6d3—34f4ffc06cf3}]
errors:
-------
feature call (loop) failed at index: 1
caller: classpath:InspireTest/ngr/datasetrecords/def/checkxlinkurl.template.feature
arg: {"link":"http://kadaster/80b2d12c-32be-54fg-b6d3\u201434f4ffc06cf3"}
checkxlinkurl.template.feature:14 - 
java.net.UnknownHostException: kadaster
[1.141:16] ngr-check-dataset-record.feature:69 - feature call (loop) failed: classpath:InspireTest/ngr/datasetrecords/def/checkxlinkurl.template.feature
caller: classpath:InspireTest/ngr/datasetrecords/ngr-check-dataset-record.feature
items: [{link=http://www.opengis.net/def/crs/EPSG/0/http://www.opengis.net/def/crs/EPSG/0/4258}, {link=http://kadaster/0f9b8c87-80a6-435f-b3b3-e07c3918d344}]
errors:
-------
feature call (loop) failed at index: 1
caller: classpath:InspireTest/ngr/datasetrecords/def/checkxlinkurl.template.feature
arg: {"link":"http://kadaster/0f9b8c87-80a6-435f-b3b3-e07c3918d344"}
checkxlinkurl.template.feature:14 - 
java.net.UnknownHostException: kadaster
[1.142:16] ngr-check-dataset-record.feature:69 - feature call (loop) failed: classpath:InspireTest/ngr/datasetrecords/def/checkxlinkurl.template.feature
caller: classpath:InspireTest/ngr/datasetrecords/ngr-check-dataset-record.feature
items: [{link=http://kadaster/2482250f-3b00-4439-9f93-f3118229b020}, {link=}, {link=}, {link=}]
errors:
-------
feature call (loop) failed at index: 0
caller: classpath:InspireTest/ngr/datasetrecords/def/checkxlinkurl.template.feature
arg: {"link":"http://kadaster/2482250f-3b00-4439-9f93-f3118229b020"}
checkxlinkurl.template.feature:14 - 
java.net.UnknownHostException: kadaster
-------
feature call (loop) failed at index: 1
caller: classpath:InspireTest/ngr/datasetrecords/def/checkxlinkurl.template.feature
arg: {"link":""}
checkxlinkurl.template.feature:14 - 
org.apache.http.client.ClientProtocolException
-------
feature call (loop) failed at index: 2
caller: classpath:InspireTest/ngr/datasetrecords/def/checkxlinkurl.template.feature
arg: {"link":""}
checkxlinkurl.template.feature:14 - 
org.apache.http.client.ClientProtocolException
-------
feature call (loop) failed at index: 3
caller: classpath:InspireTest/ngr/datasetrecords/def/checkxlinkurl.template.feature
arg: {"link":""}
checkxlinkurl.template.feature:14 - 
org.apache.http.client.ClientProtocolException
[1.143:16] ngr-check-dataset-record.feature:69 - feature call (loop) failed: classpath:InspireTest/ngr/datasetrecords/def/checkxlinkurl.template.feature
caller: classpath:InspireTest/ngr/datasetrecords/ngr-check-dataset-record.feature
items: [{link=http://kadaster/2482250f-3b00-4439-9f93-f3118229b017}, {link=}, {link=}, {link=}]
errors:
-------
feature call (loop) failed at index: 0
caller: classpath:InspireTest/ngr/datasetrecords/def/checkxlinkurl.template.feature
arg: {"link":"http://kadaster/2482250f-3b00-4439-9f93-f3118229b017"}
checkxlinkurl.template.feature:14 - 
java.net.UnknownHostException: kadaster
-------
feature call (loop) failed at index: 1
caller: classpath:InspireTest/ngr/datasetrecords/def/checkxlinkurl.template.feature
arg: {"link":""}
checkxlinkurl.template.feature:14 - 
org.apache.http.client.ClientProtocolException
-------
feature call (loop) failed at index: 2
caller: classpath:InspireTest/ngr/datasetrecords/def/checkxlinkurl.template.feature
arg: {"link":""}
checkxlinkurl.template.feature:14 - 
org.apache.http.client.ClientProtocolException
-------
feature call (loop) failed at index: 3
caller: classpath:InspireTest/ngr/datasetrecords/def/checkxlinkurl.template.feature
arg: {"link":""}
checkxlinkurl.template.feature:14 - 
org.apache.http.client.ClientProtocolException
[1.144:16] ngr-check-dataset-record.feature:69 - feature call (loop) failed: classpath:InspireTest/ngr/datasetrecords/def/checkxlinkurl.template.feature
caller: classpath:InspireTest/ngr/datasetrecords/ngr-check-dataset-record.feature
items: [{link=https://www.nationaalgeoregister.nl/geonetwork/srv/dut/catalog.search#/metadata/adn73c4a-ef03-4785-b7f6-942e86b385f5}, {link=http://rdfdata.eionet.europa.eu/inspirethemes/themes/10}, {link=urn:ogc:def:crs:EPSG::5709}]
errors:
-------
feature call (loop) failed at index: 1
caller: classpath:InspireTest/ngr/datasetrecords/def/checkxlinkurl.template.feature
arg: {"link":"http://rdfdata.eionet.europa.eu/inspirethemes/themes/10"}
checkxlinkurl.template.feature:15 - status code was: 404, expected: 200, response time: 222, url: http://rdfdata.eionet.europa.eu/inspirethemes/themes/10, response: 
-------
feature call (loop) failed at index: 2
caller: classpath:InspireTest/ngr/datasetrecords/def/checkxlinkurl.template.feature
arg: {"link":"urn:ogc:def:crs:EPSG::5709"}
checkxlinkurl.template.feature:14 - 
org.apache.http.client.ClientProtocolException: URI does not specify a valid host name: urn:ogc:def:crs:EPSG::5709
[1.145:16] ngr-check-dataset-record.feature:69 - feature call (loop) failed: classpath:InspireTest/ngr/datasetrecords/def/checkxlinkurl.template.feature
caller: classpath:InspireTest/ngr/datasetrecords/ngr-check-dataset-record.feature
items: [{link=https://www.nationaalgeoregister.nl/geonetwork/srv/dut/catalog.search#/metadata/wt-83730-e750-485a-9c0c-39bf9be72cf8}, {link=http://rdfdata.eionet.europa.eu/inspirethemes/themes/18}, {link=https://ngr.geocat.live/geonetwork/srv/eng/thesaurus.download?ref=external.theme.httpinspireeceuropaeumetadatacodelistPrioritydataset-Prioritydataset}]
errors:
-------
feature call (loop) failed at index: 1
caller: classpath:InspireTest/ngr/datasetrecords/def/checkxlinkurl.template.feature
arg: {"link":"http://rdfdata.eionet.europa.eu/inspirethemes/themes/18"}
checkxlinkurl.template.feature:15 - status code was: 404, expected: 200, response time: 214, url: http://rdfdata.eionet.europa.eu/inspirethemes/themes/18, response: 
-------
feature call (loop) failed at index: 2
caller: classpath:InspireTest/ngr/datasetrecords/def/checkxlinkurl.template.feature
arg: {"link":"https://ngr.geocat.live/geonetwork/srv/eng/thesaurus.download?ref=external.theme.httpinspireeceuropaeumetadatacodelistPrioritydataset-Prioritydataset"}
checkxlinkurl.template.feature:15 - status code was: 500, expected: 200, response time: 315, url: https://ngr.geocat.live/geonetwork/srv/eng/thesaurus.download?ref=external.theme.httpinspireeceuropaeumetadatacodelistPrioritydataset-Prioritydataset, response: 
[1.147:16] ngr-check-dataset-record.feature:69 - feature call (loop) failed: classpath:InspireTest/ngr/datasetrecords/def/checkxlinkurl.template.feature
caller: classpath:InspireTest/ngr/datasetrecords/ngr-check-dataset-record.feature
items: [{link=https://data.rivm.nl/inspire/id#1e3a98db-5d5e-4e61-8b64-1d132ddb439e}]
errors:
-------
feature call (loop) failed at index: 0
caller: classpath:InspireTest/ngr/datasetrecords/def/checkxlinkurl.template.feature
arg: {"link":"https://data.rivm.nl/inspire/id#1e3a98db-5d5e-4e61-8b64-1d132ddb439e"}
checkxlinkurl.template.feature:14 - 
javax.net.ssl.SSLException: Connection reset
[1.148:16] ngr-check-dataset-record.feature:69 - feature call (loop) failed: classpath:InspireTest/ngr/datasetrecords/def/checkxlinkurl.template.feature
caller: classpath:InspireTest/ngr/datasetrecords/ngr-check-dataset-record.feature
items: [{link=http://www.opengis.net/def/crs/EPSG/0/https://www.opengis.net/def/crs/EPSG/0/4258}, {link=https://www.nationaalgeoregister.nl/geonetwork/srv/api/records4cda487b-c467-490c-a843-6563fec016be}]
errors:
-------
feature call (loop) failed at index: 1
caller: classpath:InspireTest/ngr/datasetrecords/def/checkxlinkurl.template.feature
arg: {"link":"https://www.nationaalgeoregister.nl/geonetwork/srv/api/records4cda487b-c467-490c-a843-6563fec016be"}
checkxlinkurl.template.feature:15 - status code was: 500, expected: 200, response time: 323, url: https://www.nationaalgeoregister.nl/geonetwork/srv/api/records4cda487b-c467-490c-a843-6563fec016be, response: 
[1.149:16] ngr-check-dataset-record.feature:69 - feature call (loop) failed: classpath:InspireTest/ngr/datasetrecords/def/checkxlinkurl.template.feature
caller: classpath:InspireTest/ngr/datasetrecords/ngr-check-dataset-record.feature
items: [{link=https://www.nationaalgeoregister.nl/geonetwork/srv/dut/catalog.search#/metadata/110f9ec6-4464-462e-9765-83d90cefbeac}, {link=http://rdfdata.eionet.europa.eu/inspirethemes/themes/24}, {link=https://ngr.geocat.live/geonetwork/srv/eng/thesaurus.download?ref=external.theme.httpinspireeceuropaeumetadatacodelistPrioritydataset-Prioritydataset}]
errors:
-------
feature call (loop) failed at index: 1
caller: classpath:InspireTest/ngr/datasetrecords/def/checkxlinkurl.template.feature
arg: {"link":"http://rdfdata.eionet.europa.eu/inspirethemes/themes/24"}
checkxlinkurl.template.feature:15 - status code was: 404, expected: 200, response time: 202, url: http://rdfdata.eionet.europa.eu/inspirethemes/themes/24, response: 
-------
feature call (loop) failed at index: 2
caller: classpath:InspireTest/ngr/datasetrecords/def/checkxlinkurl.template.feature
arg: {"link":"https://ngr.geocat.live/geonetwork/srv/eng/thesaurus.download?ref=external.theme.httpinspireeceuropaeumetadatacodelistPrioritydataset-Prioritydataset"}
checkxlinkurl.template.feature:15 - status code was: 500, expected: 200, response time: 324, url: https://ngr.geocat.live/geonetwork/srv/eng/thesaurus.download?ref=external.theme.httpinspireeceuropaeumetadatacodelistPrioritydataset-Prioritydataset, response: 
[1.150:16] ngr-check-dataset-record.feature:69 - feature call (loop) failed: classpath:InspireTest/ngr/datasetrecords/def/checkxlinkurl.template.feature
caller: classpath:InspireTest/ngr/datasetrecords/ngr-check-dataset-record.feature
items: [{link=https://data.rivm.nl/inspire/id#b867ba72-5a7c-41fe-b997-394b56dfbd25}]
errors:
-------
feature call (loop) failed at index: 0
caller: classpath:InspireTest/ngr/datasetrecords/def/checkxlinkurl.template.feature
arg: {"link":"https://data.rivm.nl/inspire/id#b867ba72-5a7c-41fe-b997-394b56dfbd25"}
checkxlinkurl.template.feature:14 - 
javax.net.ssl.SSLException: Connection reset
[1.151:16] ngr-check-dataset-record.feature:69 - feature call (loop) failed: classpath:InspireTest/ngr/datasetrecords/def/checkxlinkurl.template.feature
caller: classpath:InspireTest/ngr/datasetrecords/ngr-check-dataset-record.feature
items: [{link=https://data.rivm.nl/inspire/id#df9bc66f-941b-4c38-a104-1b8d940a53db}]
errors:
-------
feature call (loop) failed at index: 0
caller: classpath:InspireTest/ngr/datasetrecords/def/checkxlinkurl.template.feature
arg: {"link":"https://data.rivm.nl/inspire/id#df9bc66f-941b-4c38-a104-1b8d940a53db"}
checkxlinkurl.template.feature:14 - 
javax.net.ssl.SSLException: Connection reset
[1.152:16] ngr-check-dataset-record.feature:69 - feature call (loop) failed: classpath:InspireTest/ngr/datasetrecords/def/checkxlinkurl.template.feature
caller: classpath:InspireTest/ngr/datasetrecords/ngr-check-dataset-record.feature
items: [{link=https://data.rivm.nl/inspire/id#a3b9f437-f571-4a00-b3c3-58e4354c244f}]
errors:
-------
feature call (loop) failed at index: 0
caller: classpath:InspireTest/ngr/datasetrecords/def/checkxlinkurl.template.feature
arg: {"link":"https://data.rivm.nl/inspire/id#a3b9f437-f571-4a00-b3c3-58e4354c244f"}
checkxlinkurl.template.feature:14 - 
javax.net.ssl.SSLException: Connection reset
[1.153:16] ngr-check-dataset-record.feature:69 - feature call (loop) failed: classpath:InspireTest/ngr/datasetrecords/def/checkxlinkurl.template.feature
caller: classpath:InspireTest/ngr/datasetrecords/ngr-check-dataset-record.feature
items: [{link=https://data.rivm.nl/inspire/id#a3095f95-0ec7-46ff-ae14-ce2173e8fafa}]
errors:
-------
feature call (loop) failed at index: 0
caller: classpath:InspireTest/ngr/datasetrecords/def/checkxlinkurl.template.feature
arg: {"link":"https://data.rivm.nl/inspire/id#a3095f95-0ec7-46ff-ae14-ce2173e8fafa"}
checkxlinkurl.template.feature:14 - 
javax.net.ssl.SSLException: Connection reset
[1.154:16] ngr-check-dataset-record.feature:69 - feature call (loop) failed: classpath:InspireTest/ngr/datasetrecords/def/checkxlinkurl.template.feature
caller: classpath:InspireTest/ngr/datasetrecords/ngr-check-dataset-record.feature
items: [{link=https://data.rivm.nl/inspire/id#fd9c4f87-026e-4681-8d94-9702f3c83078}]
errors:
-------
feature call (loop) failed at index: 0
caller: classpath:InspireTest/ngr/datasetrecords/def/checkxlinkurl.template.feature
arg: {"link":"https://data.rivm.nl/inspire/id#fd9c4f87-026e-4681-8d94-9702f3c83078"}
checkxlinkurl.template.feature:14 - 
javax.net.ssl.SSLException: Connection reset
[1.155:16] ngr-check-dataset-record.feature:69 - feature call (loop) failed: classpath:InspireTest/ngr/datasetrecords/def/checkxlinkurl.template.feature
caller: classpath:InspireTest/ngr/datasetrecords/ngr-check-dataset-record.feature
items: [{link=https://www.nationaalgeoregister.nl/geonetwork/srv/dut/catalog.search#/metadata/ror-9d8e-4758-83fx-28b057f185g1}, {link=http://rdfdata.eionet.europa.eu/inspirethemes/themes/25}, {link=https://ngr.geocat.live/geonetwork/srv/eng/thesaurus.download?ref=external.theme.httpinspireeceuropaeumetadatacodelistPrioritydataset-Prioritydataset}, {link=urn:ogc:def:crs:EPSG::5709}]
errors:
-------
feature call (loop) failed at index: 1
caller: classpath:InspireTest/ngr/datasetrecords/def/checkxlinkurl.template.feature
arg: {"link":"http://rdfdata.eionet.europa.eu/inspirethemes/themes/25"}
checkxlinkurl.template.feature:15 - status code was: 404, expected: 200, response time: 228, url: http://rdfdata.eionet.europa.eu/inspirethemes/themes/25, response: 
-------
feature call (loop) failed at index: 2
caller: classpath:InspireTest/ngr/datasetrecords/def/checkxlinkurl.template.feature
arg: {"link":"https://ngr.geocat.live/geonetwork/srv/eng/thesaurus.download?ref=external.theme.httpinspireeceuropaeumetadatacodelistPrioritydataset-Prioritydataset"}
checkxlinkurl.template.feature:15 - status code was: 500, expected: 200, response time: 311, url: https://ngr.geocat.live/geonetwork/srv/eng/thesaurus.download?ref=external.theme.httpinspireeceuropaeumetadatacodelistPrioritydataset-Prioritydataset, response: 
-------
feature call (loop) failed at index: 3
caller: classpath:InspireTest/ngr/datasetrecords/def/checkxlinkurl.template.feature
arg: {"link":"urn:ogc:def:crs:EPSG::5709"}
checkxlinkurl.template.feature:14 - 
org.apache.http.client.ClientProtocolException: URI does not specify a valid host name: urn:ogc:def:crs:EPSG::5709
[1.156:16] ngr-check-dataset-record.feature:69 - feature call (loop) failed: classpath:InspireTest/ngr/datasetrecords/def/checkxlinkurl.template.feature
caller: classpath:InspireTest/ngr/datasetrecords/ngr-check-dataset-record.feature
items: [{link=http://www.opengis.net/def/crs/EPSG/0/http://www.opengis.net/def/crs/EPSG/0/4258}, {link=https://www.nationaalgeoregister.nl/geonetwork/srv/dut/catalog.search#/metadata/3387ef8a-9237-453a-aa4e-585d1e193550}, {link=https://creativecommons.org/publicdomain/mark/*/deed.nl}]
errors:
-------
feature call (loop) failed at index: 2
caller: classpath:InspireTest/ngr/datasetrecords/def/checkxlinkurl.template.feature
arg: {"link":"https://creativecommons.org/publicdomain/mark/*/deed.nl"}
checkxlinkurl.template.feature:15 - status code was: 404, expected: 200, response time: 66, url: https://creativecommons.org/publicdomain/mark/*/deed.nl, response: 
[1.157:16] ngr-check-dataset-record.feature:69 - feature call (loop) failed: classpath:InspireTest/ngr/datasetrecords/def/checkxlinkurl.template.feature
caller: classpath:InspireTest/ngr/datasetrecords/ngr-check-dataset-record.feature
items: [{link=https://www.nationaalgeoregister.nl/geonetwork/srv/api/records1b2abd21-3084-4db7-ab49-46866b4aac2b}, {link=https://creativecommons.org/publicdomain/zero/*/deed.nl}]
errors:
-------
feature call (loop) failed at index: 0
caller: classpath:InspireTest/ngr/datasetrecords/def/checkxlinkurl.template.feature
arg: {"link":"https://www.nationaalgeoregister.nl/geonetwork/srv/api/records1b2abd21-3084-4db7-ab49-46866b4aac2b"}
checkxlinkurl.template.feature:15 - status code was: 500, expected: 200, response time: 314, url: https://www.nationaalgeoregister.nl/geonetwork/srv/api/records1b2abd21-3084-4db7-ab49-46866b4aac2b, response: 
-------
feature call (loop) failed at index: 1
caller: classpath:InspireTest/ngr/datasetrecords/def/checkxlinkurl.template.feature
arg: {"link":"https://creativecommons.org/publicdomain/zero/*/deed.nl"}
checkxlinkurl.template.feature:15 - status code was: 404, expected: 200, response time: 41, url: https://creativecommons.org/publicdomain/zero/*/deed.nl, response: 
[1.158:16] ngr-check-dataset-record.feature:69 - feature call (loop) failed: classpath:InspireTest/ngr/datasetrecords/def/checkxlinkurl.template.feature
caller: classpath:InspireTest/ngr/datasetrecords/ngr-check-dataset-record.feature
items: [{link=https://www.nationaalgeoregister.nl/geonetwork/srv/api/records49807edc-0007-41aa-8809-d381f6713de4}, {link=https://creativecommons.org/publicdomain/zero/*/deed.nl}]
errors:
-------
feature call (loop) failed at index: 0
caller: classpath:InspireTest/ngr/datasetrecords/def/checkxlinkurl.template.feature
arg: {"link":"https://www.nationaalgeoregister.nl/geonetwork/srv/api/records49807edc-0007-41aa-8809-d381f6713de4"}
checkxlinkurl.template.feature:15 - status code was: 500, expected: 200, response time: 317, url: https://www.nationaalgeoregister.nl/geonetwork/srv/api/records49807edc-0007-41aa-8809-d381f6713de4, response: 
-------
feature call (loop) failed at index: 1
caller: classpath:InspireTest/ngr/datasetrecords/def/checkxlinkurl.template.feature
arg: {"link":"https://creativecommons.org/publicdomain/zero/*/deed.nl"}
checkxlinkurl.template.feature:15 - status code was: 404, expected: 200, response time: 37, url: https://creativecommons.org/publicdomain/zero/*/deed.nl, response: 
[1.159:16] ngr-check-dataset-record.feature:69 - feature call (loop) failed: classpath:InspireTest/ngr/datasetrecords/def/checkxlinkurl.template.feature
caller: classpath:InspireTest/ngr/datasetrecords/ngr-check-dataset-record.feature
items: [{link=https://data.rivm.nl/inspire/id#4504a4b2-3179-44b3-a5a9-b67b693c514d}]
errors:
-------
feature call (loop) failed at index: 0
caller: classpath:InspireTest/ngr/datasetrecords/def/checkxlinkurl.template.feature
arg: {"link":"https://data.rivm.nl/inspire/id#4504a4b2-3179-44b3-a5a9-b67b693c514d"}
checkxlinkurl.template.feature:14 - 
javax.net.ssl.SSLException: Connection reset
[1.160:16] ngr-check-dataset-record.feature:69 - feature call (loop) failed: classpath:InspireTest/ngr/datasetrecords/def/checkxlinkurl.template.feature
caller: classpath:InspireTest/ngr/datasetrecords/ngr-check-dataset-record.feature
items: [{link=https://data.rivm.nl/inspire/id#440c4a06-6924-4f9c-a9e2-6f61340f711b}]
errors:
-------
feature call (loop) failed at index: 0
caller: classpath:InspireTest/ngr/datasetrecords/def/checkxlinkurl.template.feature
arg: {"link":"https://data.rivm.nl/inspire/id#440c4a06-6924-4f9c-a9e2-6f61340f711b"}
checkxlinkurl.template.feature:14 - 
javax.net.ssl.SSLException: Connection reset
[1.161:16] ngr-check-dataset-record.feature:69 - feature call (loop) failed: classpath:InspireTest/ngr/datasetrecords/def/checkxlinkurl.template.feature
caller: classpath:InspireTest/ngr/datasetrecords/ngr-check-dataset-record.feature
items: [{link=https://data.rivm.nl/inspire?id#505e9f1e-84bc-4856-9771-4295db998bb6}]
errors:
-------
feature call (loop) failed at index: 0
caller: classpath:InspireTest/ngr/datasetrecords/def/checkxlinkurl.template.feature
arg: {"link":"https://data.rivm.nl/inspire?id#505e9f1e-84bc-4856-9771-4295db998bb6"}
checkxlinkurl.template.feature:15 - status code was: 404, expected: 200, response time: 361, url: https://data.rivm.nl/inspire?id#505e9f1e-84bc-4856-9771-4295db998bb6, response: 
[1.162:16] ngr-check-dataset-record.feature:69 - feature call (loop) failed: classpath:InspireTest/ngr/datasetrecords/def/checkxlinkurl.template.feature
caller: classpath:InspireTest/ngr/datasetrecords/ngr-check-dataset-record.feature
items: [{link=http://www.opengis.net/def/crs/EPSG/0/http://www.opengis.net/def/crs/EPSG/0/3034}, {link=http://nationaalgeoregister.nl/geonetwork/srv/dut/csw?SERVICE=CSW&version=2.0.2&REQUEST=GetRecordById&elementSetName=full&OutputSchema=http://www.isotc211.org/2005/gmd&ID=49ab8bee-b467-486a-96ca-b950443c453a}, {link=https://creativecommons.org/publicdomain/mark/*/deed.nl}, {link=}]
errors:
-------
feature call (loop) failed at index: 2
caller: classpath:InspireTest/ngr/datasetrecords/def/checkxlinkurl.template.feature
arg: {"link":"https://creativecommons.org/publicdomain/mark/*/deed.nl"}
checkxlinkurl.template.feature:15 - status code was: 404, expected: 200, response time: 45, url: https://creativecommons.org/publicdomain/mark/*/deed.nl, response: 
-------
feature call (loop) failed at index: 3
caller: classpath:InspireTest/ngr/datasetrecords/def/checkxlinkurl.template.feature
arg: {"link":""}
checkxlinkurl.template.feature:14 - 
org.apache.http.client.ClientProtocolException
[1.163:16] ngr-check-dataset-record.feature:69 - feature call (loop) failed: classpath:InspireTest/ngr/datasetrecords/def/checkxlinkurl.template.feature
caller: classpath:InspireTest/ngr/datasetrecords/ngr-check-dataset-record.feature
items: [{link=http://www.opengis.net/def/crs/EPSG/0/http://www.opengis.net/def/crs/EPSG/0/3034}, {link=http://nationaalgeoregister.nl/geonetwork/srv/dut/csw?SERVICE=CSW&version=2.0.2&REQUEST=GetRecordById&elementSetName=full&OutputSchema=http://www.isotc211.org/2005/gmd&ID=58e7dc38-a498-4852-b4ef-908f5baa9056}, {link=https://creativecommons.org/publicdomain/mark/*/deed.nl}, {link=}]
errors:
-------
feature call (loop) failed at index: 2
caller: classpath:InspireTest/ngr/datasetrecords/def/checkxlinkurl.template.feature
arg: {"link":"https://creativecommons.org/publicdomain/mark/*/deed.nl"}
checkxlinkurl.template.feature:15 - status code was: 404, expected: 200, response time: 37, url: https://creativecommons.org/publicdomain/mark/*/deed.nl, response: 
-------
feature call (loop) failed at index: 3
caller: classpath:InspireTest/ngr/datasetrecords/def/checkxlinkurl.template.feature
arg: {"link":""}
checkxlinkurl.template.feature:14 - 
org.apache.http.client.ClientProtocolException
[1.164:16] ngr-check-dataset-record.feature:69 - feature call (loop) failed: classpath:InspireTest/ngr/datasetrecords/def/checkxlinkurl.template.feature
caller: classpath:InspireTest/ngr/datasetrecords/ngr-check-dataset-record.feature
items: [{link=https://ngr.acceptatie.nationaalgeoregister.nl/geonetwork/srv/resources9d973c4a-ef03-4785-b7f6-942e86b385f7}, {link=www.hydro.nl}, {link=https://www.nationaalgeoregister.nl/geonetwork/srv/eng/thesaurus.download?ref=external.theme.inspire-theme}]
errors:
-------
feature call (loop) failed at index: 0
caller: classpath:InspireTest/ngr/datasetrecords/def/checkxlinkurl.template.feature
arg: {"link":"https://ngr.acceptatie.nationaalgeoregister.nl/geonetwork/srv/resources9d973c4a-ef03-4785-b7f6-942e86b385f7"}
checkxlinkurl.template.feature:15 - status code was: 404, expected: 200, response time: 280, url: https://ngr.acceptatie.nationaalgeoregister.nl/geonetwork/srv/resources9d973c4a-ef03-4785-b7f6-942e86b385f7, response: 
-------
feature call (loop) failed at index: 1
caller: classpath:InspireTest/ngr/datasetrecords/def/checkxlinkurl.template.feature
arg: {"link":"www.hydro.nl"}
checkxlinkurl.template.feature:14 - 
org.apache.http.client.ClientProtocolException
-------
feature call (loop) failed at index: 2
caller: classpath:InspireTest/ngr/datasetrecords/def/checkxlinkurl.template.feature
arg: {"link":"https://www.nationaalgeoregister.nl/geonetwork/srv/eng/thesaurus.download?ref=external.theme.inspire-theme"}
checkxlinkurl.template.feature:15 - status code was: 500, expected: 200, response time: 735, url: https://www.nationaalgeoregister.nl/geonetwork/srv/eng/thesaurus.download?ref=external.theme.inspire-theme, response: 
[1.165:16] ngr-check-dataset-record.feature:69 - feature call (loop) failed: classpath:InspireTest/ngr/datasetrecords/def/checkxlinkurl.template.feature
caller: classpath:InspireTest/ngr/datasetrecords/ngr-check-dataset-record.feature
items: [{link=https://www.nationaalgeoregister.nl/geonetwork/srv/dut/catalog.search#/metadata/cf69ec50-9849-4afd-853c-ee56211d336d}, {link=http://rdfdata.eionet.europa.eu/inspirethemes/themes/20}, {link=http://rdfdata.eionet.europa.eu/inspirethemes/themes/28}, {link=urn:ogc:def:crs:EPSG::5709}]
errors:
-------
feature call (loop) failed at index: 1
caller: classpath:InspireTest/ngr/datasetrecords/def/checkxlinkurl.template.feature
arg: {"link":"http://rdfdata.eionet.europa.eu/inspirethemes/themes/20"}
checkxlinkurl.template.feature:15 - status code was: 404, expected: 200, response time: 204, url: http://rdfdata.eionet.europa.eu/inspirethemes/themes/20, response: 
-------
feature call (loop) failed at index: 2
caller: classpath:InspireTest/ngr/datasetrecords/def/checkxlinkurl.template.feature
arg: {"link":"http://rdfdata.eionet.europa.eu/inspirethemes/themes/28"}
checkxlinkurl.template.feature:15 - status code was: 404, expected: 200, response time: 200, url: http://rdfdata.eionet.europa.eu/inspirethemes/themes/28, response: 
-------
feature call (loop) failed at index: 3
caller: classpath:InspireTest/ngr/datasetrecords/def/checkxlinkurl.template.feature
arg: {"link":"urn:ogc:def:crs:EPSG::5709"}
checkxlinkurl.template.feature:14 - 
org.apache.http.client.ClientProtocolException: URI does not specify a valid host name: urn:ogc:def:crs:EPSG::5709
[1.167:16] ngr-check-dataset-record.feature:69 - feature call (loop) failed: classpath:InspireTest/ngr/datasetrecords/def/checkxlinkurl.template.feature
caller: classpath:InspireTest/ngr/datasetrecords/ngr-check-dataset-record.feature
items: [{link=h}, {link=t}, {link=t}, {link=p}, {link=:}, {link=/}, {link=/}, {link=s}, {link=t}, {link=a}, {link=n}, {link=d}, {link=a}, {link=r}, {link=d}, {link=s}, {link=.}, {link=i}, {link=s}, {link=o}, {link=.}, {link=o}, {link=r}, {link=g}, {link=/}, {link=i}, {link=t}, {link=t}, {link=f}, {link=/}, {link=P}, {link=u}, {link=b}, {link=l}, {link=i}, {link=c}, {link=l}, {link=y}, {link=A}, {link=v}, {link=a}, {link=i}, {link=l}, {link=a}, {link=b}, {link=l}, {link=e}, {link=S}, {link=t}, {link=a}, {link=n}, {link=d}, {link=a}, {link=r}, {link=d}, {link=s}, {link=/}, {link=I}, {link=S}, {link=O}, {link=_}, {link=1}, {link=9}, {link=1}, {link=3}, {link=9}, {link=_}, {link=S}, {link=c}, {link=h}, {link=e}, {link=m}, {link=a}, {link=s}, {link=/}, {link=r}, {link=e}, {link=s}, {link=o}, {link=u}, {link=r}, {link=c}, {link=e}, {link=s}, {link=/}, {link=u}, {link=o}, {link=m}, {link=/}, {link=g}, {link=m}, {link=x}, {link=U}, {link=o}, {link=m}, {link=.}, {link=x}, {link=m}, {link=l}, {link=#}, {link=m}]
errors:
-------
feature call (loop) failed at index: 0
caller: classpath:InspireTest/ngr/datasetrecords/def/checkxlinkurl.template.feature
arg: {"link":"h"}
checkxlinkurl.template.feature:14 - 
org.apache.http.client.ClientProtocolException
-------
feature call (loop) failed at index: 1
caller: classpath:InspireTest/ngr/datasetrecords/def/checkxlinkurl.template.feature
arg: {"link":"t"}
checkxlinkurl.template.feature:14 - 
org.apache.http.client.ClientProtocolException
-------
feature call (loop) failed at index: 2
caller: classpath:InspireTest/ngr/datasetrecords/def/checkxlinkurl.template.feature
arg: {"link":"t"}
checkxlinkurl.template.feature:14 - 
org.apache.http.client.ClientProtocolException
-------
feature call (loop) failed at index: 3
caller: classpath:InspireTest/ngr/datasetrecords/def/checkxlinkurl.template.feature
arg: {"link":"p"}
checkxlinkurl.template.feature:14 - 
org.apache.http.client.ClientProtocolException
-------
feature call (loop) failed at index: 4
caller: classpath:InspireTest/ngr/datasetrecords/def/checkxlinkurl.template.feature
arg: {"link":":"}
checkxlinkurl.template.feature:14 - java.net.URISyntaxException: Expected scheme name at index 0: :
-------
feature call (loop) failed at index: 5
caller: classpath:InspireTest/ngr/datasetrecords/def/checkxlinkurl.template.feature
arg: {"link":"/"}
checkxlinkurl.template.feature:14 - 
org.apache.http.client.ClientProtocolException
-------
feature call (loop) failed at index: 6
caller: classpath:InspireTest/ngr/datasetrecords/def/checkxlinkurl.template.feature
arg: {"link":"/"}
checkxlinkurl.template.feature:14 - 
org.apache.http.client.ClientProtocolException
-------
feature call (loop) failed at index: 7
caller: classpath:InspireTest/ngr/datasetrecords/def/checkxlinkurl.template.feature
arg: {"link":"s"}
checkxlinkurl.template.feature:14 - 
org.apache.http.client.ClientProtocolException
-------
feature call (loop) failed at index: 8
caller: classpath:InspireTest/ngr/datasetrecords/def/checkxlinkurl.template.feature
arg: {"link":"t"}
checkxlinkurl.template.feature:14 - 
org.apache.http.client.ClientProtocolException
-------
feature call (loop) failed at index: 9
caller: classpath:InspireTest/ngr/datasetrecords/def/checkxlinkurl.template.feature
arg: {"link":"a"}
checkxlinkurl.template.feature:14 - 
org.apache.http.client.ClientProtocolException
-------
feature call (loop) failed at index: 10
caller: classpath:InspireTest/ngr/datasetrecords/def/checkxlinkurl.template.feature
arg: {"link":"n"}
checkxlinkurl.template.feature:14 - 
org.apache.http.client.ClientProtocolException
-------
feature call (loop) failed at index: 11
caller: classpath:InspireTest/ngr/datasetrecords/def/checkxlinkurl.template.feature
arg: {"link":"d"}
checkxlinkurl.template.feature:14 - 
org.apache.http.client.ClientProtocolException
-------
feature call (loop) failed at index: 12
caller: classpath:InspireTest/ngr/datasetrecords/def/checkxlinkurl.template.feature
arg: {"link":"a"}
checkxlinkurl.template.feature:14 - 
org.apache.http.client.ClientProtocolException
-------
feature call (loop) failed at index: 13
caller: classpath:InspireTest/ngr/datasetrecords/def/checkxlinkurl.template.feature
arg: {"link":"r"}
checkxlinkurl.template.feature:14 - 
org.apache.http.client.ClientProtocolException
-------
feature call (loop) failed at index: 14
caller: classpath:InspireTest/ngr/datasetrecords/def/checkxlinkurl.template.feature
arg: {"link":"d"}
checkxlinkurl.template.feature:14 - 
org.apache.http.client.ClientProtocolException
-------
feature call (loop) failed at index: 15
caller: classpath:InspireTest/ngr/datasetrecords/def/checkxlinkurl.template.feature
arg: {"link":"s"}
checkxlinkurl.template.feature:14 - 
org.apache.http.client.ClientProtocolException
-------
feature call (loop) failed at index: 16
caller: classpath:InspireTest/ngr/datasetrecords/def/checkxlinkurl.template.feature
arg: {"link":"."}
checkxlinkurl.template.feature:14 - 
org.apache.http.client.ClientProtocolException
-------
feature call (loop) failed at index: 17
caller: classpath:InspireTest/ngr/datasetrecords/def/checkxlinkurl.template.feature
arg: {"link":"i"}
checkxlinkurl.template.feature:14 - 
org.apache.http.client.ClientProtocolException
-------
feature call (loop) failed at index: 18
caller: classpath:InspireTest/ngr/datasetrecords/def/checkxlinkurl.template.feature
arg: {"link":"s"}
checkxlinkurl.template.feature:14 - 
org.apache.http.client.ClientProtocolException
-------
feature call (loop) failed at index: 19
caller: classpath:InspireTest/ngr/datasetrecords/def/checkxlinkurl.template.feature
arg: {"link":"o"}
checkxlinkurl.template.feature:14 - 
org.apache.http.client.ClientProtocolException
-------
feature call (loop) failed at index: 20
caller: classpath:InspireTest/ngr/datasetrecords/def/checkxlinkurl.template.feature
arg: {"link":"."}
checkxlinkurl.template.feature:14 - 
org.apache.http.client.ClientProtocolException
-------
feature call (loop) failed at index: 21
caller: classpath:InspireTest/ngr/datasetrecords/def/checkxlinkurl.template.feature
arg: {"link":"o"}
checkxlinkurl.template.feature:14 - 
org.apache.http.client.ClientProtocolException
-------
feature call (loop) failed at index: 22
caller: classpath:InspireTest/ngr/datasetrecords/def/checkxlinkurl.template.feature
arg: {"link":"r"}
checkxlinkurl.template.feature:14 - 
org.apache.http.client.ClientProtocolException
-------
feature call (loop) failed at index: 23
caller: classpath:InspireTest/ngr/datasetrecords/def/checkxlinkurl.template.feature
arg: {"link":"g"}
checkxlinkurl.template.feature:14 - 
org.apache.http.client.ClientProtocolException
-------
feature call (loop) failed at index: 24
caller: classpath:InspireTest/ngr/datasetrecords/def/checkxlinkurl.template.feature
arg: {"link":"/"}
checkxlinkurl.template.feature:14 - 
org.apache.http.client.ClientProtocolException
-------
feature call (loop) failed at index: 25
caller: classpath:InspireTest/ngr/datasetrecords/def/checkxlinkurl.template.feature
arg: {"link":"i"}
checkxlinkurl.template.feature:14 - 
org.apache.http.client.ClientProtocolException
-------
feature call (loop) failed at index: 26
caller: classpath:InspireTest/ngr/datasetrecords/def/checkxlinkurl.template.feature
arg: {"link":"t"}
checkxlinkurl.template.feature:14 - 
org.apache.http.client.ClientProtocolException
-------
feature call (loop) failed at index: 27
caller: classpath:InspireTest/ngr/datasetrecords/def/checkxlinkurl.template.feature
arg: {"link":"t"}
checkxlinkurl.template.feature:14 - 
org.apache.http.client.ClientProtocolException
-------
feature call (loop) failed at index: 28
caller: classpath:InspireTest/ngr/datasetrecords/def/checkxlinkurl.template.feature
arg: {"link":"f"}
checkxlinkurl.template.feature:14 - 
org.apache.http.client.ClientProtocolException
-------
feature call (loop) failed at index: 29
caller: classpath:InspireTest/ngr/datasetrecords/def/checkxlinkurl.template.feature
arg: {"link":"/"}
checkxlinkurl.template.feature:14 - 
org.apache.http.client.ClientProtocolException
-------
feature call (loop) failed at index: 30
caller: classpath:InspireTest/ngr/datasetrecords/def/checkxlinkurl.template.feature
arg: {"link":"P"}
checkxlinkurl.template.feature:14 - 
org.apache.http.client.ClientProtocolException
-------
feature call (loop) failed at index: 31
caller: classpath:InspireTest/ngr/datasetrecords/def/checkxlinkurl.template.feature
arg: {"link":"u"}
checkxlinkurl.template.feature:14 - 
org.apache.http.client.ClientProtocolException
-------
feature call (loop) failed at index: 32
caller: classpath:InspireTest/ngr/datasetrecords/def/checkxlinkurl.template.feature
arg: {"link":"b"}
checkxlinkurl.template.feature:14 - 
org.apache.http.client.ClientProtocolException
-------
feature call (loop) failed at index: 33
caller: classpath:InspireTest/ngr/datasetrecords/def/checkxlinkurl.template.feature
arg: {"link":"l"}
checkxlinkurl.template.feature:14 - 
org.apache.http.client.ClientProtocolException
-------
feature call (loop) failed at index: 34
caller: classpath:InspireTest/ngr/datasetrecords/def/checkxlinkurl.template.feature
arg: {"link":"i"}
checkxlinkurl.template.feature:14 - 
org.apache.http.client.ClientProtocolException
-------
feature call (loop) failed at index: 35
caller: classpath:InspireTest/ngr/datasetrecords/def/checkxlinkurl.template.feature
arg: {"link":"c"}
checkxlinkurl.template.feature:14 - 
org.apache.http.client.ClientProtocolException
-------
feature call (loop) failed at index: 36
caller: classpath:InspireTest/ngr/datasetrecords/def/checkxlinkurl.template.feature
arg: {"link":"l"}
checkxlinkurl.template.feature:14 - 
org.apache.http.client.ClientProtocolException
-------
feature call (loop) failed at index: 37
caller: classpath:InspireTest/ngr/datasetrecords/def/checkxlinkurl.template.feature
arg: {"link":"y"}
checkxlinkurl.template.feature:14 - 
org.apache.http.client.ClientProtocolException
-------
feature call (loop) failed at index: 38
caller: classpath:InspireTest/ngr/datasetrecords/def/checkxlinkurl.template.feature
arg: {"link":"A"}
checkxlinkurl.template.feature:14 - 
org.apache.http.client.ClientProtocolException
-------
feature call (loop) failed at index: 39
caller: classpath:InspireTest/ngr/datasetrecords/def/checkxlinkurl.template.feature
arg: {"link":"v"}
checkxlinkurl.template.feature:14 - 
org.apache.http.client.ClientProtocolException
-------
feature call (loop) failed at index: 40
caller: classpath:InspireTest/ngr/datasetrecords/def/checkxlinkurl.template.feature
arg: {"link":"a"}
checkxlinkurl.template.feature:14 - 
org.apache.http.client.ClientProtocolException
-------
feature call (loop) failed at index: 41
caller: classpath:InspireTest/ngr/datasetrecords/def/checkxlinkurl.template.feature
arg: {"link":"i"}
checkxlinkurl.template.feature:14 - 
org.apache.http.client.ClientProtocolException
-------
feature call (loop) failed at index: 42
caller: classpath:InspireTest/ngr/datasetrecords/def/checkxlinkurl.template.feature
arg: {"link":"l"}
checkxlinkurl.template.feature:14 - 
org.apache.http.client.ClientProtocolException
-------
feature call (loop) failed at index: 43
caller: classpath:InspireTest/ngr/datasetrecords/def/checkxlinkurl.template.feature
arg: {"link":"a"}
checkxlinkurl.template.feature:14 - 
org.apache.http.client.ClientProtocolException
-------
feature call (loop) failed at index: 44
caller: classpath:InspireTest/ngr/datasetrecords/def/checkxlinkurl.template.feature
arg: {"link":"b"}
checkxlinkurl.template.feature:14 - 
org.apache.http.client.ClientProtocolException
-------
feature call (loop) failed at index: 45
caller: classpath:InspireTest/ngr/datasetrecords/def/checkxlinkurl.template.feature
arg: {"link":"l"}
checkxlinkurl.template.feature:14 - 
org.apache.http.client.ClientProtocolException
-------
feature call (loop) failed at index: 46
caller: classpath:InspireTest/ngr/datasetrecords/def/checkxlinkurl.template.feature
arg: {"link":"e"}
checkxlinkurl.template.feature:14 - 
org.apache.http.client.ClientProtocolException
-------
feature call (loop) failed at index: 47
caller: classpath:InspireTest/ngr/datasetrecords/def/checkxlinkurl.template.feature
arg: {"link":"S"}
checkxlinkurl.template.feature:14 - 
org.apache.http.client.ClientProtocolException
-------
feature call (loop) failed at index: 48
caller: classpath:InspireTest/ngr/datasetrecords/def/checkxlinkurl.template.feature
arg: {"link":"t"}
checkxlinkurl.template.feature:14 - 
org.apache.http.client.ClientProtocolException
-------
feature call (loop) failed at index: 49
caller: classpath:InspireTest/ngr/datasetrecords/def/checkxlinkurl.template.feature
arg: {"link":"a"}
checkxlinkurl.template.feature:14 - 
org.apache.http.client.ClientProtocolException
-------
feature call (loop) failed at index: 50
caller: classpath:InspireTest/ngr/datasetrecords/def/checkxlinkurl.template.feature
arg: {"link":"n"}
checkxlinkurl.template.feature:14 - 
org.apache.http.client.ClientProtocolException
-------
feature call (loop) failed at index: 51
caller: classpath:InspireTest/ngr/datasetrecords/def/checkxlinkurl.template.feature
arg: {"link":"d"}
checkxlinkurl.template.feature:14 - 
org.apache.http.client.ClientProtocolException
-------
feature call (loop) failed at index: 52
caller: classpath:InspireTest/ngr/datasetrecords/def/checkxlinkurl.template.feature
arg: {"link":"a"}
checkxlinkurl.template.feature:14 - 
org.apache.http.client.ClientProtocolException
-------
feature call (loop) failed at index: 53
caller: classpath:InspireTest/ngr/datasetrecords/def/checkxlinkurl.template.feature
arg: {"link":"r"}
checkxlinkurl.template.feature:14 - 
org.apache.http.client.ClientProtocolException
-------
feature call (loop) failed at index: 54
caller: classpath:InspireTest/ngr/datasetrecords/def/checkxlinkurl.template.feature
arg: {"link":"d"}
checkxlinkurl.template.feature:14 - 
org.apache.http.client.ClientProtocolException
-------
feature call (loop) failed at index: 55
caller: classpath:InspireTest/ngr/datasetrecords/def/checkxlinkurl.template.feature
arg: {"link":"s"}
checkxlinkurl.template.feature:14 - 
org.apache.http.client.ClientProtocolException
-------
feature call (loop) failed at index: 56
caller: classpath:InspireTest/ngr/datasetrecords/def/checkxlinkurl.template.feature
arg: {"link":"/"}
checkxlinkurl.template.feature:14 - 
org.apache.http.client.ClientProtocolException
-------
feature call (loop) failed at index: 57
caller: classpath:InspireTest/ngr/datasetrecords/def/checkxlinkurl.template.feature
arg: {"link":"I"}
checkxlinkurl.template.feature:14 - 
org.apache.http.client.ClientProtocolException
-------
feature call (loop) failed at index: 58
caller: classpath:InspireTest/ngr/datasetrecords/def/checkxlinkurl.template.feature
arg: {"link":"S"}
checkxlinkurl.template.feature:14 - 
org.apache.http.client.ClientProtocolException
-------
feature call (loop) failed at index: 59
caller: classpath:InspireTest/ngr/datasetrecords/def/checkxlinkurl.template.feature
arg: {"link":"O"}
checkxlinkurl.template.feature:14 - 
org.apache.http.client.ClientProtocolException
-------
feature call (loop) failed at index: 60
caller: classpath:InspireTest/ngr/datasetrecords/def/checkxlinkurl.template.feature
arg: {"link":"_"}
checkxlinkurl.template.feature:14 - 
org.apache.http.client.ClientProtocolException
-------
feature call (loop) failed at index: 61
caller: classpath:InspireTest/ngr/datasetrecords/def/checkxlinkurl.template.feature
arg: {"link":"1"}
checkxlinkurl.template.feature:14 - 
org.apache.http.client.ClientProtocolException
-------
feature call (loop) failed at index: 62
caller: classpath:InspireTest/ngr/datasetrecords/def/checkxlinkurl.template.feature
arg: {"link":"9"}
checkxlinkurl.template.feature:14 - 
org.apache.http.client.ClientProtocolException
-------
feature call (loop) failed at index: 63
caller: classpath:InspireTest/ngr/datasetrecords/def/checkxlinkurl.template.feature
arg: {"link":"1"}
checkxlinkurl.template.feature:14 - 
org.apache.http.client.ClientProtocolException
-------
feature call (loop) failed at index: 64
caller: classpath:InspireTest/ngr/datasetrecords/def/checkxlinkurl.template.feature
arg: {"link":"3"}
checkxlinkurl.template.feature:14 - 
org.apache.http.client.ClientProtocolException
-------
feature call (loop) failed at index: 65
caller: classpath:InspireTest/ngr/datasetrecords/def/checkxlinkurl.template.feature
arg: {"link":"9"}
checkxlinkurl.template.feature:14 - 
org.apache.http.client.ClientProtocolException
-------
feature call (loop) failed at index: 66
caller: classpath:InspireTest/ngr/datasetrecords/def/checkxlinkurl.template.feature
arg: {"link":"_"}
checkxlinkurl.template.feature:14 - 
org.apache.http.client.ClientProtocolException
-------
feature call (loop) failed at index: 67
caller: classpath:InspireTest/ngr/datasetrecords/def/checkxlinkurl.template.feature
arg: {"link":"S"}
checkxlinkurl.template.feature:14 - 
org.apache.http.client.ClientProtocolException
-------
feature call (loop) failed at index: 68
caller: classpath:InspireTest/ngr/datasetrecords/def/checkxlinkurl.template.feature
arg: {"link":"c"}
checkxlinkurl.template.feature:14 - 
org.apache.http.client.ClientProtocolException
-------
feature call (loop) failed at index: 69
caller: classpath:InspireTest/ngr/datasetrecords/def/checkxlinkurl.template.feature
arg: {"link":"h"}
checkxlinkurl.template.feature:14 - 
org.apache.http.client.ClientProtocolException
-------
feature call (loop) failed at index: 70
caller: classpath:InspireTest/ngr/datasetrecords/def/checkxlinkurl.template.feature
arg: {"link":"e"}
checkxlinkurl.template.feature:14 - 
org.apache.http.client.ClientProtocolException
-------
feature call (loop) failed at index: 71
caller: classpath:InspireTest/ngr/datasetrecords/def/checkxlinkurl.template.feature
arg: {"link":"m"}
checkxlinkurl.template.feature:14 - 
org.apache.http.client.ClientProtocolException
-------
feature call (loop) failed at index: 72
caller: classpath:InspireTest/ngr/datasetrecords/def/checkxlinkurl.template.feature
arg: {"link":"a"}
checkxlinkurl.template.feature:14 - 
org.apache.http.client.ClientProtocolException
-------
feature call (loop) failed at index: 73
caller: classpath:InspireTest/ngr/datasetrecords/def/checkxlinkurl.template.feature
arg: {"link":"s"}
checkxlinkurl.template.feature:14 - 
org.apache.http.client.ClientProtocolException
-------
feature call (loop) failed at index: 74
caller: classpath:InspireTest/ngr/datasetrecords/def/checkxlinkurl.template.feature
arg: {"link":"/"}
checkxlinkurl.template.feature:14 - 
org.apache.http.client.ClientProtocolException
-------
feature call (loop) failed at index: 75
caller: classpath:InspireTest/ngr/datasetrecords/def/checkxlinkurl.template.feature
arg: {"link":"r"}
checkxlinkurl.template.feature:14 - 
org.apache.http.client.ClientProtocolException
-------
feature call (loop) failed at index: 76
caller: classpath:InspireTest/ngr/datasetrecords/def/checkxlinkurl.template.feature
arg: {"link":"e"}
checkxlinkurl.template.feature:14 - 
org.apache.http.client.ClientProtocolException
-------
feature call (loop) failed at index: 77
caller: classpath:InspireTest/ngr/datasetrecords/def/checkxlinkurl.template.feature
arg: {"link":"s"}
checkxlinkurl.template.feature:14 - 
org.apache.http.client.ClientProtocolException
-------
feature call (loop) failed at index: 78
caller: classpath:InspireTest/ngr/datasetrecords/def/checkxlinkurl.template.feature
arg: {"link":"o"}
checkxlinkurl.template.feature:14 - 
org.apache.http.client.ClientProtocolException
-------
feature call (loop) failed at index: 79
caller: classpath:InspireTest/ngr/datasetrecords/def/checkxlinkurl.template.feature
arg: {"link":"u"}
checkxlinkurl.template.feature:14 - 
org.apache.http.client.ClientProtocolException
-------
feature call (loop) failed at index: 80
caller: classpath:InspireTest/ngr/datasetrecords/def/checkxlinkurl.template.feature
arg: {"link":"r"}
checkxlinkurl.template.feature:14 - 
org.apache.http.client.ClientProtocolException
-------
feature call (loop) failed at index: 81
caller: classpath:InspireTest/ngr/datasetrecords/def/checkxlinkurl.template.feature
arg: {"link":"c"}
checkxlinkurl.template.feature:14 - 
org.apache.http.client.ClientProtocolException
-------
feature call (loop) failed at index: 82
caller: classpath:InspireTest/ngr/datasetrecords/def/checkxlinkurl.template.feature
arg: {"link":"e"}
checkxlinkurl.template.feature:14 - 
org.apache.http.client.ClientProtocolException
-------
feature call (loop) failed at index: 83
caller: classpath:InspireTest/ngr/datasetrecords/def/checkxlinkurl.template.feature
arg: {"link":"s"}
checkxlinkurl.template.feature:14 - 
org.apache.http.client.ClientProtocolException
-------
feature call (loop) failed at index: 84
caller: classpath:InspireTest/ngr/datasetrecords/def/checkxlinkurl.template.feature
arg: {"link":"/"}
checkxlinkurl.template.feature:14 - 
org.apache.http.client.ClientProtocolException
-------
feature call (loop) failed at index: 85
caller: classpath:InspireTest/ngr/datasetrecords/def/checkxlinkurl.template.feature
arg: {"link":"u"}
checkxlinkurl.template.feature:14 - 
org.apache.http.client.ClientProtocolException
-------
feature call (loop) failed at index: 86
caller: classpath:InspireTest/ngr/datasetrecords/def/checkxlinkurl.template.feature
arg: {"link":"o"}
checkxlinkurl.template.feature:14 - 
org.apache.http.client.ClientProtocolException
-------
feature call (loop) failed at index: 87
caller: classpath:InspireTest/ngr/datasetrecords/def/checkxlinkurl.template.feature
arg: {"link":"m"}
checkxlinkurl.template.feature:14 - 
org.apache.http.client.ClientProtocolException
-------
feature call (loop) failed at index: 88
caller: classpath:InspireTest/ngr/datasetrecords/def/checkxlinkurl.template.feature
arg: {"link":"/"}
checkxlinkurl.template.feature:14 - 
org.apache.http.client.ClientProtocolException
-------
feature call (loop) failed at index: 89
caller: classpath:InspireTest/ngr/datasetrecords/def/checkxlinkurl.template.feature
arg: {"link":"g"}
checkxlinkurl.template.feature:14 - 
org.apache.http.client.ClientProtocolException
-------
feature call (loop) failed at index: 90
caller: classpath:InspireTest/ngr/datasetrecords/def/checkxlinkurl.template.feature
arg: {"link":"m"}
checkxlinkurl.template.feature:14 - 
org.apache.http.client.ClientProtocolException
-------
feature call (loop) failed at index: 91
caller: classpath:InspireTest/ngr/datasetrecords/def/checkxlinkurl.template.feature
arg: {"link":"x"}
checkxlinkurl.template.feature:14 - 
org.apache.http.client.ClientProtocolException
-------
feature call (loop) failed at index: 92
caller: classpath:InspireTest/ngr/datasetrecords/def/checkxlinkurl.template.feature
arg: {"link":"U"}
checkxlinkurl.template.feature:14 - 
org.apache.http.client.ClientProtocolException
-------
feature call (loop) failed at index: 93
caller: classpath:InspireTest/ngr/datasetrecords/def/checkxlinkurl.template.feature
arg: {"link":"o"}
checkxlinkurl.template.feature:14 - 
org.apache.http.client.ClientProtocolException
-------
feature call (loop) failed at index: 94
caller: classpath:InspireTest/ngr/datasetrecords/def/checkxlinkurl.template.feature
arg: {"link":"m"}
checkxlinkurl.template.feature:14 - 
org.apache.http.client.ClientProtocolException
-------
feature call (loop) failed at index: 95
caller: classpath:InspireTest/ngr/datasetrecords/def/checkxlinkurl.template.feature
arg: {"link":"."}
checkxlinkurl.template.feature:14 - 
org.apache.http.client.ClientProtocolException
-------
feature call (loop) failed at index: 96
caller: classpath:InspireTest/ngr/datasetrecords/def/checkxlinkurl.template.feature
arg: {"link":"x"}
checkxlinkurl.template.feature:14 - 
org.apache.http.client.ClientProtocolException
-------
feature call (loop) failed at index: 97
caller: classpath:InspireTest/ngr/datasetrecords/def/checkxlinkurl.template.feature
arg: {"link":"m"}
checkxlinkurl.template.feature:14 - 
org.apache.http.client.ClientProtocolException
-------
feature call (loop) failed at index: 98
caller: classpath:InspireTest/ngr/datasetrecords/def/checkxlinkurl.template.feature
arg: {"link":"l"}
checkxlinkurl.template.feature:14 - 
org.apache.http.client.ClientProtocolException
-------
feature call (loop) failed at index: 99
caller: classpath:InspireTest/ngr/datasetrecords/def/checkxlinkurl.template.feature
arg: {"link":"#"}
checkxlinkurl.template.feature:14 - 
org.apache.http.client.ClientProtocolException
-------
feature call (loop) failed at index: 100
caller: classpath:InspireTest/ngr/datasetrecords/def/checkxlinkurl.template.feature
arg: {"link":"m"}
checkxlinkurl.template.feature:14 - 
org.apache.http.client.ClientProtocolException
[1.168:16] ngr-check-dataset-record.feature:69 - feature call (loop) failed: classpath:InspireTest/ngr/datasetrecords/def/checkxlinkurl.template.feature
caller: classpath:InspireTest/ngr/datasetrecords/ngr-check-dataset-record.feature
items: [{link=http://www.opengis.net/def/crs/EPSG/0/http://www.opengis.net/def/crs/EPSG/0/3034}, {link=http://nationaalgeoregister.nl/geonetwork/srv/dut/csw?SERVICE=CSW&version=2.0.2&REQUEST=GetRecordById&elementSetName=full&OutputSchema=http://www.isotc211.org/2005/gmd&ID=998ba1dc-f6a6-49a3-a021-51f30d9b1d0e}, {link=https://creativecommons.org/publicdomain/mark/*/deed.nl}, {link=}]
errors:
-------
feature call (loop) failed at index: 2
caller: classpath:InspireTest/ngr/datasetrecords/def/checkxlinkurl.template.feature
arg: {"link":"https://creativecommons.org/publicdomain/mark/*/deed.nl"}
checkxlinkurl.template.feature:15 - status code was: 404, expected: 200, response time: 39, url: https://creativecommons.org/publicdomain/mark/*/deed.nl, response: 
-------
feature call (loop) failed at index: 3
caller: classpath:InspireTest/ngr/datasetrecords/def/checkxlinkurl.template.feature
arg: {"link":""}
checkxlinkurl.template.feature:14 - 
org.apache.http.client.ClientProtocolException
[1.169:16] ngr-check-dataset-record.feature:69 - feature call (loop) failed: classpath:InspireTest/ngr/datasetrecords/def/checkxlinkurl.template.feature
caller: classpath:InspireTest/ngr/datasetrecords/ngr-check-dataset-record.feature
items: [{link=https://www.nationaalgeoregister.nl/geonetwork/srv/dut/catalog.search#/metadata/krw-f7bb2351-9788-42ea-a58b-a5ee1842304e}, {link=http://rdfdata.eionet.europa.eu/inspirethemes/themes/24}, {link=https://ngr.geocat.live/geonetwork/srv/eng/thesaurus.download?ref=external.theme.httpinspireeceuropaeumetadatacodelistPrioritydataset-Prioritydataset}, {link=urn:ogc:def:crs:EPSG::5709}]
errors:
-------
feature call (loop) failed at index: 1
caller: classpath:InspireTest/ngr/datasetrecords/def/checkxlinkurl.template.feature
arg: {"link":"http://rdfdata.eionet.europa.eu/inspirethemes/themes/24"}
checkxlinkurl.template.feature:15 - status code was: 404, expected: 200, response time: 200, url: http://rdfdata.eionet.europa.eu/inspirethemes/themes/24, response: 
-------
feature call (loop) failed at index: 2
caller: classpath:InspireTest/ngr/datasetrecords/def/checkxlinkurl.template.feature
arg: {"link":"https://ngr.geocat.live/geonetwork/srv/eng/thesaurus.download?ref=external.theme.httpinspireeceuropaeumetadatacodelistPrioritydataset-Prioritydataset"}
checkxlinkurl.template.feature:15 - status code was: 500, expected: 200, response time: 327, url: https://ngr.geocat.live/geonetwork/srv/eng/thesaurus.download?ref=external.theme.httpinspireeceuropaeumetadatacodelistPrioritydataset-Prioritydataset, response: 
-------
feature call (loop) failed at index: 3
caller: classpath:InspireTest/ngr/datasetrecords/def/checkxlinkurl.template.feature
arg: {"link":"urn:ogc:def:crs:EPSG::5709"}
checkxlinkurl.template.feature:14 - 
org.apache.http.client.ClientProtocolException: URI does not specify a valid host name: urn:ogc:def:crs:EPSG::5709
[1.170:16] ngr-check-dataset-record.feature:69 - feature call (loop) failed: classpath:InspireTest/ngr/datasetrecords/def/checkxlinkurl.template.feature
caller: classpath:InspireTest/ngr/datasetrecords/ngr-check-dataset-record.feature
items: [{link=https://ngr.acceptatie.nationaalgeoregister.nl/geonetwork/srv/resources34e95842-4e4e-46de-9198-79e8cd4d30dc}]
errors:
-------
feature call (loop) failed at index: 0
caller: classpath:InspireTest/ngr/datasetrecords/def/checkxlinkurl.template.feature
arg: {"link":"https://ngr.acceptatie.nationaalgeoregister.nl/geonetwork/srv/resources34e95842-4e4e-46de-9198-79e8cd4d30dc"}
checkxlinkurl.template.feature:15 - status code was: 404, expected: 200, response time: 284, url: https://ngr.acceptatie.nationaalgeoregister.nl/geonetwork/srv/resources34e95842-4e4e-46de-9198-79e8cd4d30dc, response: 
[1.173:16] ngr-check-dataset-record.feature:69 - feature call (loop) failed: classpath:InspireTest/ngr/datasetrecords/def/checkxlinkurl.template.feature
caller: classpath:InspireTest/ngr/datasetrecords/ngr-check-dataset-record.feature
items: [{link=}]
errors:
-------
feature call (loop) failed at index: 0
caller: classpath:InspireTest/ngr/datasetrecords/def/checkxlinkurl.template.feature
arg: {"link":""}
checkxlinkurl.template.feature:14 - 
org.apache.http.client.ClientProtocolException
[1.174:16] ngr-check-dataset-record.feature:69 - feature call (loop) failed: classpath:InspireTest/ngr/datasetrecords/def/checkxlinkurl.template.feature
caller: classpath:InspireTest/ngr/datasetrecords/ngr-check-dataset-record.feature
items: [{link=http://www.opengis.net/def/crs/EPSG/0/http://www.opengis.net/def/crs/EPSG/0/3034}, {link=http://nationaalgeoregister.nl/geonetwork/srv/dut/csw?SERVICE=CSW&version=2.0.2&REQUEST=GetRecordById&elementSetName=full&OutputSchema=http://www.isotc211.org/2005/gmd&ID=ca94a0cb-7561-4a10-a7d6-b840e56c33ff}, {link=https://creativecommons.org/publicdomain/mark/*/deed.nl}, {link=}]
errors:
-------
feature call (loop) failed at index: 2
caller: classpath:InspireTest/ngr/datasetrecords/def/checkxlinkurl.template.feature
arg: {"link":"https://creativecommons.org/publicdomain/mark/*/deed.nl"}
checkxlinkurl.template.feature:15 - status code was: 404, expected: 200, response time: 35, url: https://creativecommons.org/publicdomain/mark/*/deed.nl, response: 
-------
feature call (loop) failed at index: 3
caller: classpath:InspireTest/ngr/datasetrecords/def/checkxlinkurl.template.feature
arg: {"link":""}
checkxlinkurl.template.feature:14 - 
org.apache.http.client.ClientProtocolException
[1.175:16] ngr-check-dataset-record.feature:69 - feature call (loop) failed: classpath:InspireTest/ngr/datasetrecords/def/checkxlinkurl.template.feature
caller: classpath:InspireTest/ngr/datasetrecords/ngr-check-dataset-record.feature
items: [{link=http://www.opengis.net/def/crs/EPSG/0/http://www.opengis.net/def/crs/EPSG/0/3034}, {link=http://nationaalgeoregister.nl/geonetwork/srv/dut/csw?SERVICE=CSW&version=2.0.2&REQUEST=GetRecordById&elementSetName=full&OutputSchema=http://www.isotc211.org/2005/gmd&ID=f002bfc5-7d87-46b6-819e-8415422b65c9}, {link=https://creativecommons.org/publicdomain/mark/*/deed.nl}, {link=}]
errors:
-------
feature call (loop) failed at index: 2
caller: classpath:InspireTest/ngr/datasetrecords/def/checkxlinkurl.template.feature
arg: {"link":"https://creativecommons.org/publicdomain/mark/*/deed.nl"}
checkxlinkurl.template.feature:15 - status code was: 404, expected: 200, response time: 51, url: https://creativecommons.org/publicdomain/mark/*/deed.nl, response: 
-------
feature call (loop) failed at index: 3
caller: classpath:InspireTest/ngr/datasetrecords/def/checkxlinkurl.template.feature
arg: {"link":""}
checkxlinkurl.template.feature:14 - 
org.apache.http.client.ClientProtocolException
[1.176:16] ngr-check-dataset-record.feature:69 - feature call (loop) failed: classpath:InspireTest/ngr/datasetrecords/def/checkxlinkurl.template.feature
caller: classpath:InspireTest/ngr/datasetrecords/ngr-check-dataset-record.feature
items: [{link=http://www.opengis.net/def/crs/EPSG/0/https://www.opengis.net/def/crs/EPSG/0/4258}, {link=https://www.nationaalgeoregister.nl/geonetwork/srv/api/recordsf1d27179-36eb-4376-8048-f51d2eb23a09}]
errors:
-------
feature call (loop) failed at index: 1
caller: classpath:InspireTest/ngr/datasetrecords/def/checkxlinkurl.template.feature
arg: {"link":"https://www.nationaalgeoregister.nl/geonetwork/srv/api/recordsf1d27179-36eb-4376-8048-f51d2eb23a09"}
checkxlinkurl.template.feature:15 - status code was: 500, expected: 200, response time: 486, url: https://www.nationaalgeoregister.nl/geonetwork/srv/api/recordsf1d27179-36eb-4376-8048-f51d2eb23a09, response: 
[1.179:16] ngr-check-dataset-record.feature:69 - feature call (loop) failed: classpath:InspireTest/ngr/datasetrecords/def/checkxlinkurl.template.feature
caller: classpath:InspireTest/ngr/datasetrecords/ngr-check-dataset-record.feature
items: [{link=http://nationaalgeoregister.nl/geonetwork/srv/dut/csw?SERVICE=CSW&version=2.0.2&REQUEST=GetRecordById&elementSetName=full&OutputSchema=http://www.isotc211.org/2005/gmd&ID=2daad588-11ef-47de-9832-6fe2c3b93e6d}, {link=https://creativecommons.org/publicdomain/mark/*/deed.nl}, {link=}]
errors:
-------
feature call (loop) failed at index: 1
caller: classpath:InspireTest/ngr/datasetrecords/def/checkxlinkurl.template.feature
arg: {"link":"https://creativecommons.org/publicdomain/mark/*/deed.nl"}
checkxlinkurl.template.feature:15 - status code was: 404, expected: 200, response time: 38, url: https://creativecommons.org/publicdomain/mark/*/deed.nl, response: 
-------
feature call (loop) failed at index: 2
caller: classpath:InspireTest/ngr/datasetrecords/def/checkxlinkurl.template.feature
arg: {"link":""}
checkxlinkurl.template.feature:14 - 
org.apache.http.client.ClientProtocolException
[1.180:16] ngr-check-dataset-record.feature:69 - feature call (loop) failed: classpath:InspireTest/ngr/datasetrecords/def/checkxlinkurl.template.feature
caller: classpath:InspireTest/ngr/datasetrecords/ngr-check-dataset-record.feature
items: [{link=http://standaarden.overheid.nl/owms/terms/Ministerie_van_Landbouw,_Natuur_en_Voedselkwaliteit}, {link=http://nationaalgeoregister.nl/geonetwork/srv/dut/catalog.search#/metadata/19165027-a13a-4c19-9013-ec1fd191019d}, {link=http://standaarden.overheid.nl/owms/terms/Ministerie_van_Landbouw,_Natuur_en_Voedselkwaliteit}, {link=http://standaarden.overheid.nl/owms/terms/Ministerie_van_Landbouw,_Natuur_en_Voedselkwaliteit}, {link=https://data.overheid.nl/organisatie/PDOK}]
errors:
-------
feature call (loop) failed at index: 4
caller: classpath:InspireTest/ngr/datasetrecords/def/checkxlinkurl.template.feature
arg: {"link":"https://data.overheid.nl/organisatie/PDOK"}
checkxlinkurl.template.feature:15 - status code was: 404, expected: 200, response time: 584, url: https://data.overheid.nl/organisatie/PDOK, response: 
[1.181:16] ngr-check-dataset-record.feature:69 - feature call (loop) failed: classpath:InspireTest/ngr/datasetrecords/def/checkxlinkurl.template.feature
caller: classpath:InspireTest/ngr/datasetrecords/ngr-check-dataset-record.feature
items: [{link=https://nationaalgeoregister.nl/geonetwork/srv/resourcesce4a6d93-83d6-4397-afa1-d4117d5ce76b}, {link=http://rdfdata.eionet.europa.eu/inspirethemes/themes/34}, {link=http://geonetwork-opensource.org/inspire-theme#}, {link=https://www.nationaalgeoregister.nl/geonetwork/srv/eng/thesaurus.download?ref=external.theme.inspire-theme}]
errors:
-------
feature call (loop) failed at index: 0
caller: classpath:InspireTest/ngr/datasetrecords/def/checkxlinkurl.template.feature
arg: {"link":"https://nationaalgeoregister.nl/geonetwork/srv/resourcesce4a6d93-83d6-4397-afa1-d4117d5ce76b"}
checkxlinkurl.template.feature:15 - status code was: 404, expected: 200, response time: 289, url: https://nationaalgeoregister.nl/geonetwork/srv/resourcesce4a6d93-83d6-4397-afa1-d4117d5ce76b, response: 
-------
feature call (loop) failed at index: 1
caller: classpath:InspireTest/ngr/datasetrecords/def/checkxlinkurl.template.feature
arg: {"link":"http://rdfdata.eionet.europa.eu/inspirethemes/themes/34"}
checkxlinkurl.template.feature:15 - status code was: 404, expected: 200, response time: 200, url: http://rdfdata.eionet.europa.eu/inspirethemes/themes/34, response: 
-------
feature call (loop) failed at index: 2
caller: classpath:InspireTest/ngr/datasetrecords/def/checkxlinkurl.template.feature
arg: {"link":"http://geonetwork-opensource.org/inspire-theme#"}
checkxlinkurl.template.feature:15 - status code was: 404, expected: 200, response time: 399, url: http://geonetwork-opensource.org/inspire-theme#, response: 
-------
feature call (loop) failed at index: 3
caller: classpath:InspireTest/ngr/datasetrecords/def/checkxlinkurl.template.feature
arg: {"link":"https://www.nationaalgeoregister.nl/geonetwork/srv/eng/thesaurus.download?ref=external.theme.inspire-theme"}
checkxlinkurl.template.feature:15 - status code was: 500, expected: 200, response time: 330, url: https://www.nationaalgeoregister.nl/geonetwork/srv/eng/thesaurus.download?ref=external.theme.inspire-theme, response: 
[1.183:16] ngr-check-dataset-record.feature:69 - feature call (loop) failed: classpath:InspireTest/ngr/datasetrecords/def/checkxlinkurl.template.feature
caller: classpath:InspireTest/ngr/datasetrecords/ngr-check-dataset-record.feature
items: [{link=https://data.rivm.nl/inspire/id#6941b1f2-7ee6-4a1d-9cba-9071e3ca6cb3}]
errors:
-------
feature call (loop) failed at index: 0
caller: classpath:InspireTest/ngr/datasetrecords/def/checkxlinkurl.template.feature
arg: {"link":"https://data.rivm.nl/inspire/id#6941b1f2-7ee6-4a1d-9cba-9071e3ca6cb3"}
checkxlinkurl.template.feature:14 - 
javax.net.ssl.SSLException: Connection reset
[1.184:16] ngr-check-dataset-record.feature:69 - feature call (loop) failed: classpath:InspireTest/ngr/datasetrecords/def/checkxlinkurl.template.feature
caller: classpath:InspireTest/ngr/datasetrecords/ngr-check-dataset-record.feature
items: [{link=http://kadaster/2482250f-3b00-4439-9f93-f3118229b014}, {link=}, {link=}, {link=}]
errors:
-------
feature call (loop) failed at index: 0
caller: classpath:InspireTest/ngr/datasetrecords/def/checkxlinkurl.template.feature
arg: {"link":"http://kadaster/2482250f-3b00-4439-9f93-f3118229b014"}
checkxlinkurl.template.feature:14 - 
java.net.UnknownHostException: kadaster: Temporary failure in name resolution
-------
feature call (loop) failed at index: 1
caller: classpath:InspireTest/ngr/datasetrecords/def/checkxlinkurl.template.feature
arg: {"link":""}
checkxlinkurl.template.feature:14 - 
org.apache.http.client.ClientProtocolException
-------
feature call (loop) failed at index: 2
caller: classpath:InspireTest/ngr/datasetrecords/def/checkxlinkurl.template.feature
arg: {"link":""}
checkxlinkurl.template.feature:14 - 
org.apache.http.client.ClientProtocolException
-------
feature call (loop) failed at index: 3
caller: classpath:InspireTest/ngr/datasetrecords/def/checkxlinkurl.template.feature
arg: {"link":""}
checkxlinkurl.template.feature:14 - 
org.apache.http.client.ClientProtocolException
[1.185:16] ngr-check-dataset-record.feature:69 - feature call (loop) failed: classpath:InspireTest/ngr/datasetrecords/def/checkxlinkurl.template.feature
caller: classpath:InspireTest/ngr/datasetrecords/ngr-check-dataset-record.feature
items: [{link=http://kadaster/2482250f-3b00-4439-9f93-f3118229b021}, {link=}, {link=}, {link=}]
errors:
-------
feature call (loop) failed at index: 0
caller: classpath:InspireTest/ngr/datasetrecords/def/checkxlinkurl.template.feature
arg: {"link":"http://kadaster/2482250f-3b00-4439-9f93-f3118229b021"}
checkxlinkurl.template.feature:14 - 
java.net.UnknownHostException: kadaster
-------
feature call (loop) failed at index: 1
caller: classpath:InspireTest/ngr/datasetrecords/def/checkxlinkurl.template.feature
arg: {"link":""}
checkxlinkurl.template.feature:14 - 
org.apache.http.client.ClientProtocolException
-------
feature call (loop) failed at index: 2
caller: classpath:InspireTest/ngr/datasetrecords/def/checkxlinkurl.template.feature
arg: {"link":""}
checkxlinkurl.template.feature:14 - 
org.apache.http.client.ClientProtocolException
-------
feature call (loop) failed at index: 3
caller: classpath:InspireTest/ngr/datasetrecords/def/checkxlinkurl.template.feature
arg: {"link":""}
checkxlinkurl.template.feature:14 - 
org.apache.http.client.ClientProtocolException
[1.186:16] ngr-check-dataset-record.feature:69 - feature call (loop) failed: classpath:InspireTest/ngr/datasetrecords/def/checkxlinkurl.template.feature
caller: classpath:InspireTest/ngr/datasetrecords/ngr-check-dataset-record.feature
items: [{link=http://kadaster/2482250f-3b00-4439-9f93-f3118229b024}, {link=}, {link=}, {link=}]
errors:
-------
feature call (loop) failed at index: 0
caller: classpath:InspireTest/ngr/datasetrecords/def/checkxlinkurl.template.feature
arg: {"link":"http://kadaster/2482250f-3b00-4439-9f93-f3118229b024"}
checkxlinkurl.template.feature:14 - 
java.net.UnknownHostException: kadaster
-------
feature call (loop) failed at index: 1
caller: classpath:InspireTest/ngr/datasetrecords/def/checkxlinkurl.template.feature
arg: {"link":""}
checkxlinkurl.template.feature:14 - 
org.apache.http.client.ClientProtocolException
-------
feature call (loop) failed at index: 2
caller: classpath:InspireTest/ngr/datasetrecords/def/checkxlinkurl.template.feature
arg: {"link":""}
checkxlinkurl.template.feature:14 - 
org.apache.http.client.ClientProtocolException
-------
feature call (loop) failed at index: 3
caller: classpath:InspireTest/ngr/datasetrecords/def/checkxlinkurl.template.feature
arg: {"link":""}
checkxlinkurl.template.feature:14 - 
org.apache.http.client.ClientProtocolException
[1.187:16] ngr-check-dataset-record.feature:69 - feature call (loop) failed: classpath:InspireTest/ngr/datasetrecords/def/checkxlinkurl.template.feature
caller: classpath:InspireTest/ngr/datasetrecords/ngr-check-dataset-record.feature
items: [{link=http://kadaster/2482250f-3b00-4439-9f93-f3118229b023}, {link=}, {link=}, {link=}]
errors:
-------
feature call (loop) failed at index: 0
caller: classpath:InspireTest/ngr/datasetrecords/def/checkxlinkurl.template.feature
arg: {"link":"http://kadaster/2482250f-3b00-4439-9f93-f3118229b023"}
checkxlinkurl.template.feature:14 - 
java.net.UnknownHostException: kadaster
-------
feature call (loop) failed at index: 1
caller: classpath:InspireTest/ngr/datasetrecords/def/checkxlinkurl.template.feature
arg: {"link":""}
checkxlinkurl.template.feature:14 - 
org.apache.http.client.ClientProtocolException
-------
feature call (loop) failed at index: 2
caller: classpath:InspireTest/ngr/datasetrecords/def/checkxlinkurl.template.feature
arg: {"link":""}
checkxlinkurl.template.feature:14 - 
org.apache.http.client.ClientProtocolException
-------
feature call (loop) failed at index: 3
caller: classpath:InspireTest/ngr/datasetrecords/def/checkxlinkurl.template.feature
arg: {"link":""}
checkxlinkurl.template.feature:14 - 
org.apache.http.client.ClientProtocolException
[1.188:16] ngr-check-dataset-record.feature:69 - feature call (loop) failed: classpath:InspireTest/ngr/datasetrecords/def/checkxlinkurl.template.feature
caller: classpath:InspireTest/ngr/datasetrecords/ngr-check-dataset-record.feature
items: [{link=http://geodata.nationaalgeoregister.nl/cbsprovincies/extract/cbsprovincies.zip}, {link=}]
errors:
-------
feature call (loop) failed at index: 1
caller: classpath:InspireTest/ngr/datasetrecords/def/checkxlinkurl.template.feature
arg: {"link":""}
checkxlinkurl.template.feature:14 - 
org.apache.http.client.ClientProtocolException
[1.189:16] ngr-check-dataset-record.feature:69 - feature call (loop) failed: classpath:InspireTest/ngr/datasetrecords/def/checkxlinkurl.template.feature
caller: classpath:InspireTest/ngr/datasetrecords/ngr-check-dataset-record.feature
items: [{link=http://www.opengis.net/def/crs/EPSG/0/https://www.opengis.net/def/crs/EPSG/0/4258}, {link=https://www.nationaalgeoregister.nl/geonetwork/srv/api/recordsf44dac86-2228-412f-8355-e56446ca9933}, {link=www.hydro.nl}]
errors:
-------
feature call (loop) failed at index: 1
caller: classpath:InspireTest/ngr/datasetrecords/def/checkxlinkurl.template.feature
arg: {"link":"https://www.nationaalgeoregister.nl/geonetwork/srv/api/recordsf44dac86-2228-412f-8355-e56446ca9933"}
checkxlinkurl.template.feature:15 - status code was: 500, expected: 200, response time: 350, url: https://www.nationaalgeoregister.nl/geonetwork/srv/api/recordsf44dac86-2228-412f-8355-e56446ca9933, response: 
-------
feature call (loop) failed at index: 2
caller: classpath:InspireTest/ngr/datasetrecords/def/checkxlinkurl.template.feature
arg: {"link":"www.hydro.nl"}
checkxlinkurl.template.feature:14 - 
org.apache.http.client.ClientProtocolException
[1.190:16] ngr-check-dataset-record.feature:69 - feature call (loop) failed: classpath:InspireTest/ngr/datasetrecords/def/checkxlinkurl.template.feature
caller: classpath:InspireTest/ngr/datasetrecords/ngr-check-dataset-record.feature
items: [{link=https://www.nationaalgeoregister.nl/geonetwork/srv/dut/catalog.search#/metadata/uwwtd-9d8e-4758-83fa-28b057f185e3}, {link=http://rdfdata.eionet.europa.eu/inspirethemes/themes/24}, {link=https://ngr.geocat.live/geonetwork/srv/eng/thesaurus.download?ref=external.theme.httpinspireeceuropaeumetadatacodelistPrioritydataset-Prioritydataset}, {link=urn:ogc:def:crs:EPSG::5709}]
errors:
-------
feature call (loop) failed at index: 1
caller: classpath:InspireTest/ngr/datasetrecords/def/checkxlinkurl.template.feature
arg: {"link":"http://rdfdata.eionet.europa.eu/inspirethemes/themes/24"}
checkxlinkurl.template.feature:15 - status code was: 404, expected: 200, response time: 200, url: http://rdfdata.eionet.europa.eu/inspirethemes/themes/24, response: 
-------
feature call (loop) failed at index: 2
caller: classpath:InspireTest/ngr/datasetrecords/def/checkxlinkurl.template.feature
arg: {"link":"https://ngr.geocat.live/geonetwork/srv/eng/thesaurus.download?ref=external.theme.httpinspireeceuropaeumetadatacodelistPrioritydataset-Prioritydataset"}
checkxlinkurl.template.feature:15 - status code was: 500, expected: 200, response time: 316, url: https://ngr.geocat.live/geonetwork/srv/eng/thesaurus.download?ref=external.theme.httpinspireeceuropaeumetadatacodelistPrioritydataset-Prioritydataset, response: 
-------
feature call (loop) failed at index: 3
caller: classpath:InspireTest/ngr/datasetrecords/def/checkxlinkurl.template.feature
arg: {"link":"urn:ogc:def:crs:EPSG::5709"}
checkxlinkurl.template.feature:14 - 
org.apache.http.client.ClientProtocolException: URI does not specify a valid host name: urn:ogc:def:crs:EPSG::5709
[1.191:16] ngr-check-dataset-record.feature:69 - feature call (loop) failed: classpath:InspireTest/ngr/datasetrecords/def/checkxlinkurl.template.feature
caller: classpath:InspireTest/ngr/datasetrecords/ngr-check-dataset-record.feature
items: [{link=https://www.nationaalgeoregister.nl/geonetwork/srv/dut/catalog.search#/metadata/uwwtd-9d8e-4758-83fa-28b057f185e1}, {link=http://rdfdata.eionet.europa.eu/inspirethemes/themes/24}, {link=https://ngr.geocat.live/geonetwork/srv/eng/thesaurus.download?ref=external.theme.httpinspireeceuropaeumetadatacodelistPrioritydataset-Prioritydataset}, {link=urn:ogc:def:crs:EPSG::5709}]
errors:
-------
feature call (loop) failed at index: 1
caller: classpath:InspireTest/ngr/datasetrecords/def/checkxlinkurl.template.feature
arg: {"link":"http://rdfdata.eionet.europa.eu/inspirethemes/themes/24"}
checkxlinkurl.template.feature:15 - status code was: 404, expected: 200, response time: 199, url: http://rdfdata.eionet.europa.eu/inspirethemes/themes/24, response: 
-------
feature call (loop) failed at index: 2
caller: classpath:InspireTest/ngr/datasetrecords/def/checkxlinkurl.template.feature
arg: {"link":"https://ngr.geocat.live/geonetwork/srv/eng/thesaurus.download?ref=external.theme.httpinspireeceuropaeumetadatacodelistPrioritydataset-Prioritydataset"}
checkxlinkurl.template.feature:15 - status code was: 500, expected: 200, response time: 311, url: https://ngr.geocat.live/geonetwork/srv/eng/thesaurus.download?ref=external.theme.httpinspireeceuropaeumetadatacodelistPrioritydataset-Prioritydataset, response: 
-------
feature call (loop) failed at index: 3
caller: classpath:InspireTest/ngr/datasetrecords/def/checkxlinkurl.template.feature
arg: {"link":"urn:ogc:def:crs:EPSG::5709"}
checkxlinkurl.template.feature:14 - 
org.apache.http.client.ClientProtocolException: URI does not specify a valid host name: urn:ogc:def:crs:EPSG::5709
[1.192:16] ngr-check-dataset-record.feature:69 - feature call (loop) failed: classpath:InspireTest/ngr/datasetrecords/def/checkxlinkurl.template.feature
caller: classpath:InspireTest/ngr/datasetrecords/ngr-check-dataset-record.feature
items: [{link=https://www.nationaalgeoregister.nl/geonetwork/srv/dut/catalog.search#/metadata/uwwtd-9d8e-4758-83fa-28b057f185e2}, {link=http://rdfdata.eionet.europa.eu/inspirethemes/themes/24}, {link=https://ngr.geocat.live/geonetwork/srv/eng/thesaurus.download?ref=external.theme.httpinspireeceuropaeumetadatacodelistPrioritydataset-Prioritydataset}, {link=urn:ogc:def:crs:EPSG::5709}]
errors:
-------
feature call (loop) failed at index: 1
caller: classpath:InspireTest/ngr/datasetrecords/def/checkxlinkurl.template.feature
arg: {"link":"http://rdfdata.eionet.europa.eu/inspirethemes/themes/24"}
checkxlinkurl.template.feature:15 - status code was: 404, expected: 200, response time: 200, url: http://rdfdata.eionet.europa.eu/inspirethemes/themes/24, response: 
-------
feature call (loop) failed at index: 2
caller: classpath:InspireTest/ngr/datasetrecords/def/checkxlinkurl.template.feature
arg: {"link":"https://ngr.geocat.live/geonetwork/srv/eng/thesaurus.download?ref=external.theme.httpinspireeceuropaeumetadatacodelistPrioritydataset-Prioritydataset"}
checkxlinkurl.template.feature:15 - status code was: 500, expected: 200, response time: 309, url: https://ngr.geocat.live/geonetwork/srv/eng/thesaurus.download?ref=external.theme.httpinspireeceuropaeumetadatacodelistPrioritydataset-Prioritydataset, response: 
-------
feature call (loop) failed at index: 3
caller: classpath:InspireTest/ngr/datasetrecords/def/checkxlinkurl.template.feature
arg: {"link":"urn:ogc:def:crs:EPSG::5709"}
checkxlinkurl.template.feature:14 - 
org.apache.http.client.ClientProtocolException: URI does not specify a valid host name: urn:ogc:def:crs:EPSG::5709
[1.193:16] ngr-check-dataset-record.feature:69 - feature call (loop) failed: classpath:InspireTest/ngr/datasetrecords/def/checkxlinkurl.template.feature
caller: classpath:InspireTest/ngr/datasetrecords/ngr-check-dataset-record.feature
items: [{link=}]
errors:
-------
feature call (loop) failed at index: 0
caller: classpath:InspireTest/ngr/datasetrecords/def/checkxlinkurl.template.feature
arg: {"link":""}
checkxlinkurl.template.feature:14 - 
org.apache.http.client.ClientProtocolException
[1.194:16] ngr-check-dataset-record.feature:69 - feature call (loop) failed: classpath:InspireTest/ngr/datasetrecords/def/checkxlinkurl.template.feature
caller: classpath:InspireTest/ngr/datasetrecords/ngr-check-dataset-record.feature
items: [{link=http://www.opengis.net/def/crs/EPSG/0/http://www.opengis.net/def/crs/EPSG/0/3034}, {link=http://nationaalgeoregister.nl/geonetwork/srv/dut/csw?SERVICE=CSW&version=2.0.2&REQUEST=GetRecordById&elementSetName=full&OutputSchema=http://www.isotc211.org/2005/gmd&ID=cc408b2d-09a6-4b2b-9aa3-b46bfe2f00a5}, {link=https://creativecommons.org/publicdomain/mark/*/deed.nl}, {link=}]
errors:
-------
feature call (loop) failed at index: 2
caller: classpath:InspireTest/ngr/datasetrecords/def/checkxlinkurl.template.feature
arg: {"link":"https://creativecommons.org/publicdomain/mark/*/deed.nl"}
checkxlinkurl.template.feature:15 - status code was: 404, expected: 200, response time: 48, url: https://creativecommons.org/publicdomain/mark/*/deed.nl, response: 
-------
feature call (loop) failed at index: 3
caller: classpath:InspireTest/ngr/datasetrecords/def/checkxlinkurl.template.feature
arg: {"link":""}
checkxlinkurl.template.feature:14 - 
org.apache.http.client.ClientProtocolException
[1.195:16] ngr-check-dataset-record.feature:69 - feature call (loop) failed: classpath:InspireTest/ngr/datasetrecords/def/checkxlinkurl.template.feature
caller: classpath:InspireTest/ngr/datasetrecords/ngr-check-dataset-record.feature
items: [{link=https://data.rivm.nl/inspire/id#36a7e8cb-8300-4602-93d2-135943365a6f}]
errors:
-------
feature call (loop) failed at index: 0
caller: classpath:InspireTest/ngr/datasetrecords/def/checkxlinkurl.template.feature
arg: {"link":"https://data.rivm.nl/inspire/id#36a7e8cb-8300-4602-93d2-135943365a6f"}
checkxlinkurl.template.feature:14 - 
javax.net.ssl.SSLException: Connection reset
[1.196:16] ngr-check-dataset-record.feature:69 - feature call (loop) failed: classpath:InspireTest/ngr/datasetrecords/def/checkxlinkurl.template.feature
caller: classpath:InspireTest/ngr/datasetrecords/ngr-check-dataset-record.feature
items: [{link=http://inspire.rdw.nl/www/download/Licentie-Geogedeeld-RDW.pdf}, {link=}]
errors:
-------
feature call (loop) failed at index: 1
caller: classpath:InspireTest/ngr/datasetrecords/def/checkxlinkurl.template.feature
arg: {"link":""}
checkxlinkurl.template.feature:14 - 
org.apache.http.client.ClientProtocolException
[1.197:16] ngr-check-dataset-record.feature:69 - feature call (loop) failed: classpath:InspireTest/ngr/datasetrecords/def/checkxlinkurl.template.feature
caller: classpath:InspireTest/ngr/datasetrecords/ngr-check-dataset-record.feature
items: [{link=https://www.nationaalgeoregister.nl/geonetwork/srv/dut/catalog.search#/metadata/68ebd5c9-0ea1-4f22-9907-ec4c063cd3e2}, {link=http://rdfdata.eionet.europa.eu/inspirethemes/themes/20}, {link=urn:ogc:def:crs:EPSG::5709}]
errors:
-------
feature call (loop) failed at index: 1
caller: classpath:InspireTest/ngr/datasetrecords/def/checkxlinkurl.template.feature
arg: {"link":"http://rdfdata.eionet.europa.eu/inspirethemes/themes/20"}
checkxlinkurl.template.feature:15 - status code was: 404, expected: 200, response time: 200, url: http://rdfdata.eionet.europa.eu/inspirethemes/themes/20, response: 
-------
feature call (loop) failed at index: 2
caller: classpath:InspireTest/ngr/datasetrecords/def/checkxlinkurl.template.feature
arg: {"link":"urn:ogc:def:crs:EPSG::5709"}
checkxlinkurl.template.feature:14 - 
org.apache.http.client.ClientProtocolException: URI does not specify a valid host name: urn:ogc:def:crs:EPSG::5709
[1.198:16] ngr-check-dataset-record.feature:69 - feature call (loop) failed: classpath:InspireTest/ngr/datasetrecords/def/checkxlinkurl.template.feature
caller: classpath:InspireTest/ngr/datasetrecords/ngr-check-dataset-record.feature
items: [{link=https://www.nationaalgeoregister.nl/geonetwork/srv/api/recordsc3c004ad-5387-4b00-a225-9afbcaa5d31b}]
errors:
-------
feature call (loop) failed at index: 0
caller: classpath:InspireTest/ngr/datasetrecords/def/checkxlinkurl.template.feature
arg: {"link":"https://www.nationaalgeoregister.nl/geonetwork/srv/api/recordsc3c004ad-5387-4b00-a225-9afbcaa5d31b"}
checkxlinkurl.template.feature:15 - status code was: 500, expected: 200, response time: 312, url: https://www.nationaalgeoregister.nl/geonetwork/srv/api/recordsc3c004ad-5387-4b00-a225-9afbcaa5d31b, response: 
[1.199:16] ngr-check-dataset-record.feature:69 - feature call (loop) failed: classpath:InspireTest/ngr/datasetrecords/def/checkxlinkurl.template.feature
caller: classpath:InspireTest/ngr/datasetrecords/ngr-check-dataset-record.feature
items: [{link=http://standaarden.overheid.nl/owms/terms/Ministerie_van_Landbouw,_Natuur_en_Voedselkwaliteit}, {link=http://nationaalgeoregister.nl/geonetwork/srv/dut/catalog.search#/metadata/280ed37a-b8d2-4ac5-8567-04d84fad3a41}, {link=https://creativecommons.org/publicdomain/mark/*/deed.nl}, {link=https://data.overheid.nl/organisatie/PDOK}]
errors:
-------
feature call (loop) failed at index: 2
caller: classpath:InspireTest/ngr/datasetrecords/def/checkxlinkurl.template.feature
arg: {"link":"https://creativecommons.org/publicdomain/mark/*/deed.nl"}
checkxlinkurl.template.feature:15 - status code was: 404, expected: 200, response time: 37, url: https://creativecommons.org/publicdomain/mark/*/deed.nl, response: 
-------
feature call (loop) failed at index: 3
caller: classpath:InspireTest/ngr/datasetrecords/def/checkxlinkurl.template.feature
arg: {"link":"https://data.overheid.nl/organisatie/PDOK"}
checkxlinkurl.template.feature:15 - status code was: 404, expected: 200, response time: 557, url: https://data.overheid.nl/organisatie/PDOK, response: 

]]></system-out>
    <system-err><![CDATA[Warning: Nashorn engine is planned to be removed from a future JDK release
ERROR StatusLogger No log4j2 configuration file found. Using default configuration: logging only errors to the console. Set system property 'org.apache.logging.log4j.simplelog.StatusLogger.level' to TRACE to show Log4j2 internal initialization logging.
]]></system-err>
  </testcase>
</testsuite>