<?xml version="1.0" encoding="UTF-8"?>
<testsuite xmlns:xsi="http://www.w3.org/2001/XMLSchema-instance" xsi:noNamespaceSchemaLocation="https://maven.apache.org/surefire/maven-surefire-plugin/xsd/surefire-test-report-3.0.xsd" version="3.0" name="InspireTest.TestAll" time="129.633" tests="1" errors="0" skipped="0" failures="1">
  <properties>
    <property name="java.specification.version" value="13"/>
    <property name="sun.jnu.encoding" value="UTF-8"/>
    <property name="java.class.path" value="/home/runner/work/nl-ngr-validation/nl-ngr-validation/target/test-classes:/home/runner/work/nl-ngr-validation/nl-ngr-validation/target/classes:/home/runner/.m2/repository/com/intuit/karate/karate-apache/0.9.6/karate-apache-0.9.6.jar:/home/runner/.m2/repository/com/intuit/karate/karate-core/0.9.6/karate-core-0.9.6.jar:/home/runner/.m2/repository/com/jayway/jsonpath/json-path/2.4.0/json-path-2.4.0.jar:/home/runner/.m2/repository/net/minidev/json-smart/2.3/json-smart-2.3.jar:/home/runner/.m2/repository/net/minidev/accessors-smart/1.2/accessors-smart-1.2.jar:/home/runner/.m2/repository/info/cukes/cucumber-java/1.2.5/cucumber-java-1.2.5.jar:/home/runner/.m2/repository/info/cukes/cucumber-core/1.2.5/cucumber-core-1.2.5.jar:/home/runner/.m2/repository/org/yaml/snakeyaml/1.24/snakeyaml-1.24.jar:/home/runner/.m2/repository/de/siegmar/fastcsv/1.0.3/fastcsv-1.0.3.jar:/home/runner/.m2/repository/info/picocli/picocli/4.0.3/picocli-4.0.3.jar:/home/runner/.m2/repository/org/apache/httpcomponents/httpclient/4.5.12/httpclient-4.5.12.jar:/home/runner/.m2/repository/org/apache/httpcomponents/httpcore/4.4.13/httpcore-4.4.13.jar:/home/runner/.m2/repository/commons-codec/commons-codec/1.11/commons-codec-1.11.jar:/home/runner/.m2/repository/org/apache/httpcomponents/httpmime/4.5.12/httpmime-4.5.12.jar:/home/runner/.m2/repository/org/slf4j/jcl-over-slf4j/1.7.25/jcl-over-slf4j-1.7.25.jar:/home/runner/.m2/repository/org/slf4j/slf4j-api/1.7.25/slf4j-api-1.7.25.jar:/home/runner/.m2/repository/ch/qos/logback/logback-classic/1.2.3/logback-classic-1.2.3.jar:/home/runner/.m2/repository/ch/qos/logback/logback-core/1.2.3/logback-core-1.2.3.jar:/home/runner/.m2/repository/com/intuit/karate/karate-junit5/0.9.6/karate-junit5-0.9.6.jar:/home/runner/.m2/repository/org/junit/jupiter/junit-jupiter-api/5.6.2/junit-jupiter-api-5.6.2.jar:/home/runner/.m2/repository/org/apiguardian/apiguardian-api/1.1.0/apiguardian-api-1.1.0.jar:/home/runner/.m2/repository/org/opentest4j/opentest4j/1.2.0/opentest4j-1.2.0.jar:/home/runner/.m2/repository/org/junit/platform/junit-platform-commons/1.6.2/junit-platform-commons-1.6.2.jar:/home/runner/.m2/repository/org/junit/jupiter/junit-jupiter-engine/5.6.2/junit-jupiter-engine-5.6.2.jar:/home/runner/.m2/repository/org/junit/platform/junit-platform-engine/1.6.2/junit-platform-engine-1.6.2.jar:/home/runner/.m2/repository/net/masterthought/cucumber-reporting/3.13.0/cucumber-reporting-3.13.0.jar:/home/runner/.m2/repository/org/apache/logging/log4j/log4j-api/2.8.2/log4j-api-2.8.2.jar:/home/runner/.m2/repository/org/apache/logging/log4j/log4j-core/2.8.2/log4j-core-2.8.2.jar:/home/runner/.m2/repository/com/fasterxml/jackson/core/jackson-databind/2.8.6/jackson-databind-2.8.6.jar:/home/runner/.m2/repository/com/fasterxml/jackson/core/jackson-annotations/2.8.0/jackson-annotations-2.8.0.jar:/home/runner/.m2/repository/com/fasterxml/jackson/core/jackson-core/2.8.6/jackson-core-2.8.6.jar:/home/runner/.m2/repository/org/apache/velocity/velocity/1.7/velocity-1.7.jar:/home/runner/.m2/repository/commons-collections/commons-collections/3.2.1/commons-collections-3.2.1.jar:/home/runner/.m2/repository/commons-lang/commons-lang/2.4/commons-lang-2.4.jar:/home/runner/.m2/repository/velocity-tools/velocity-tools/1.4/velocity-tools-1.4.jar:/home/runner/.m2/repository/joda-time/joda-time/2.9.9/joda-time-2.9.9.jar:/home/runner/.m2/repository/org/apache/commons/commons-lang3/3.6/commons-lang3-3.6.jar:/home/runner/.m2/repository/commons-io/commons-io/2.5/commons-io-2.5.jar:/home/runner/.m2/repository/net/lingala/zip4j/zip4j/1.3.2/zip4j-1.3.2.jar:/home/runner/.m2/repository/org/codehaus/plexus/plexus-utils/3.0.24/plexus-utils-3.0.24.jar:/home/runner/.m2/repository/org/jsoup/jsoup/1.10.3/jsoup-1.10.3.jar:/home/runner/.m2/repository/com/googlecode/owasp-java-html-sanitizer/owasp-java-html-sanitizer/20170515.1/owasp-java-html-sanitizer-20170515.1.jar:/home/runner/.m2/repository/com/google/guava/guava/20.0/guava-20.0.jar:/home/runner/.m2/repository/commons-configuration/commons-configuration/1.6/commons-configuration-1.6.jar:/home/runner/.m2/repository/commons-logging/commons-logging/1.1.1/commons-logging-1.1.1.jar:/home/runner/.m2/repository/commons-digester/commons-digester/1.8/commons-digester-1.8.jar:/home/runner/.m2/repository/commons-beanutils/commons-beanutils/1.7.0/commons-beanutils-1.7.0.jar:/home/runner/.m2/repository/commons-beanutils/commons-beanutils-core/1.8.0/commons-beanutils-core-1.8.0.jar:/home/runner/.m2/repository/org/apache/maven/plugins/maven-surefire-plugin/3.0.0-M4/maven-surefire-plugin-3.0.0-M4.jar:/home/runner/.m2/repository/org/apache/maven/surefire/maven-surefire-common/3.0.0-M4/maven-surefire-common-3.0.0-M4.jar:/home/runner/.m2/repository/org/apache/maven/surefire/surefire-api/3.0.0-M4/surefire-api-3.0.0-M4.jar:/home/runner/.m2/repository/org/apache/maven/surefire/surefire-logger-api/3.0.0-M4/surefire-logger-api-3.0.0-M4.jar:/home/runner/.m2/repository/org/apache/maven/surefire/surefire-extensions-api/3.0.0-M4/surefire-extensions-api-3.0.0-M4.jar:/home/runner/.m2/repository/org/apache/maven/surefire/surefire-booter/3.0.0-M4/surefire-booter-3.0.0-M4.jar:/home/runner/.m2/repository/org/apache/maven/maven-toolchain/3.0-alpha-2/maven-toolchain-3.0-alpha-2.jar:/home/runner/.m2/repository/org/apache/maven/shared/maven-artifact-transfer/0.11.0/maven-artifact-transfer-0.11.0.jar:/home/runner/.m2/repository/org/apache/maven/shared/maven-common-artifact-filters/3.0.1/maven-common-artifact-filters-3.0.1.jar:/home/runner/.m2/repository/org/apache/maven/maven-model/3.0/maven-model-3.0.jar:/home/runner/.m2/repository/org/apache/maven/maven-plugin-api/3.0/maven-plugin-api-3.0.jar:/home/runner/.m2/repository/org/sonatype/sisu/sisu-inject-plexus/1.4.2/sisu-inject-plexus-1.4.2.jar:/home/runner/.m2/repository/org/codehaus/plexus/plexus-classworlds/2.2.3/plexus-classworlds-2.2.3.jar:/home/runner/.m2/repository/org/sonatype/sisu/sisu-inject-bean/1.4.2/sisu-inject-bean-1.4.2.jar:/home/runner/.m2/repository/org/sonatype/sisu/sisu-guice/2.1.7/sisu-guice-2.1.7-noaop.jar:/home/runner/.m2/repository/org/apache/maven/shared/maven-shared-utils/3.1.0/maven-shared-utils-3.1.0.jar:/home/runner/.m2/repository/org/codehaus/plexus/plexus-java/1.0.3/plexus-java-1.0.3.jar:/home/runner/.m2/repository/org/ow2/asm/asm/7.0/asm-7.0.jar:/home/runner/.m2/repository/com/thoughtworks/qdox/qdox/2.0-M9/qdox-2.0-M9.jar:/home/runner/.m2/repository/org/junit/jupiter/junit-jupiter/5.6.2/junit-jupiter-5.6.2.jar:/home/runner/.m2/repository/org/junit/jupiter/junit-jupiter-params/5.6.2/junit-jupiter-params-5.6.2.jar:"/>
    <property name="java.vm.vendor" value="Azul Systems, Inc."/>
    <property name="sun.arch.data.model" value="64"/>
    <property name="java.vendor.url" value="http://www.azulsystems.com/"/>
    <property name="user.timezone" value="Etc/UTC"/>
    <property name="os.name" value="Linux"/>
    <property name="java.vm.specification.version" value="13"/>
    <property name="sun.java.launcher" value="SUN_STANDARD"/>
    <property name="sun.boot.library.path" value="/opt/hostedtoolcache/jdk/13.0.4/x64/lib"/>
    <property name="sun.java.command" value="/home/runner/work/nl-ngr-validation/nl-ngr-validation/target/surefire/surefirebooter9676118456418695937.jar /home/runner/work/nl-ngr-validation/nl-ngr-validation/target/surefire 2020-09-28T13-26-27_994-jvmRun1 surefire4545794673071704784tmp surefire_02995979057830291782tmp"/>
    <property name="jdk.debug" value="release"/>
    <property name="surefire.test.class.path" value="/home/runner/work/nl-ngr-validation/nl-ngr-validation/target/test-classes:/home/runner/work/nl-ngr-validation/nl-ngr-validation/target/classes:/home/runner/.m2/repository/com/intuit/karate/karate-apache/0.9.6/karate-apache-0.9.6.jar:/home/runner/.m2/repository/com/intuit/karate/karate-core/0.9.6/karate-core-0.9.6.jar:/home/runner/.m2/repository/com/jayway/jsonpath/json-path/2.4.0/json-path-2.4.0.jar:/home/runner/.m2/repository/net/minidev/json-smart/2.3/json-smart-2.3.jar:/home/runner/.m2/repository/net/minidev/accessors-smart/1.2/accessors-smart-1.2.jar:/home/runner/.m2/repository/info/cukes/cucumber-java/1.2.5/cucumber-java-1.2.5.jar:/home/runner/.m2/repository/info/cukes/cucumber-core/1.2.5/cucumber-core-1.2.5.jar:/home/runner/.m2/repository/org/yaml/snakeyaml/1.24/snakeyaml-1.24.jar:/home/runner/.m2/repository/de/siegmar/fastcsv/1.0.3/fastcsv-1.0.3.jar:/home/runner/.m2/repository/info/picocli/picocli/4.0.3/picocli-4.0.3.jar:/home/runner/.m2/repository/org/apache/httpcomponents/httpclient/4.5.12/httpclient-4.5.12.jar:/home/runner/.m2/repository/org/apache/httpcomponents/httpcore/4.4.13/httpcore-4.4.13.jar:/home/runner/.m2/repository/commons-codec/commons-codec/1.11/commons-codec-1.11.jar:/home/runner/.m2/repository/org/apache/httpcomponents/httpmime/4.5.12/httpmime-4.5.12.jar:/home/runner/.m2/repository/org/slf4j/jcl-over-slf4j/1.7.25/jcl-over-slf4j-1.7.25.jar:/home/runner/.m2/repository/org/slf4j/slf4j-api/1.7.25/slf4j-api-1.7.25.jar:/home/runner/.m2/repository/ch/qos/logback/logback-classic/1.2.3/logback-classic-1.2.3.jar:/home/runner/.m2/repository/ch/qos/logback/logback-core/1.2.3/logback-core-1.2.3.jar:/home/runner/.m2/repository/com/intuit/karate/karate-junit5/0.9.6/karate-junit5-0.9.6.jar:/home/runner/.m2/repository/org/junit/jupiter/junit-jupiter-api/5.6.2/junit-jupiter-api-5.6.2.jar:/home/runner/.m2/repository/org/apiguardian/apiguardian-api/1.1.0/apiguardian-api-1.1.0.jar:/home/runner/.m2/repository/org/opentest4j/opentest4j/1.2.0/opentest4j-1.2.0.jar:/home/runner/.m2/repository/org/junit/platform/junit-platform-commons/1.6.2/junit-platform-commons-1.6.2.jar:/home/runner/.m2/repository/org/junit/jupiter/junit-jupiter-engine/5.6.2/junit-jupiter-engine-5.6.2.jar:/home/runner/.m2/repository/org/junit/platform/junit-platform-engine/1.6.2/junit-platform-engine-1.6.2.jar:/home/runner/.m2/repository/net/masterthought/cucumber-reporting/3.13.0/cucumber-reporting-3.13.0.jar:/home/runner/.m2/repository/org/apache/logging/log4j/log4j-api/2.8.2/log4j-api-2.8.2.jar:/home/runner/.m2/repository/org/apache/logging/log4j/log4j-core/2.8.2/log4j-core-2.8.2.jar:/home/runner/.m2/repository/com/fasterxml/jackson/core/jackson-databind/2.8.6/jackson-databind-2.8.6.jar:/home/runner/.m2/repository/com/fasterxml/jackson/core/jackson-annotations/2.8.0/jackson-annotations-2.8.0.jar:/home/runner/.m2/repository/com/fasterxml/jackson/core/jackson-core/2.8.6/jackson-core-2.8.6.jar:/home/runner/.m2/repository/org/apache/velocity/velocity/1.7/velocity-1.7.jar:/home/runner/.m2/repository/commons-collections/commons-collections/3.2.1/commons-collections-3.2.1.jar:/home/runner/.m2/repository/commons-lang/commons-lang/2.4/commons-lang-2.4.jar:/home/runner/.m2/repository/velocity-tools/velocity-tools/1.4/velocity-tools-1.4.jar:/home/runner/.m2/repository/joda-time/joda-time/2.9.9/joda-time-2.9.9.jar:/home/runner/.m2/repository/org/apache/commons/commons-lang3/3.6/commons-lang3-3.6.jar:/home/runner/.m2/repository/commons-io/commons-io/2.5/commons-io-2.5.jar:/home/runner/.m2/repository/net/lingala/zip4j/zip4j/1.3.2/zip4j-1.3.2.jar:/home/runner/.m2/repository/org/codehaus/plexus/plexus-utils/3.0.24/plexus-utils-3.0.24.jar:/home/runner/.m2/repository/org/jsoup/jsoup/1.10.3/jsoup-1.10.3.jar:/home/runner/.m2/repository/com/googlecode/owasp-java-html-sanitizer/owasp-java-html-sanitizer/20170515.1/owasp-java-html-sanitizer-20170515.1.jar:/home/runner/.m2/repository/com/google/guava/guava/20.0/guava-20.0.jar:/home/runner/.m2/repository/commons-configuration/commons-configuration/1.6/commons-configuration-1.6.jar:/home/runner/.m2/repository/commons-logging/commons-logging/1.1.1/commons-logging-1.1.1.jar:/home/runner/.m2/repository/commons-digester/commons-digester/1.8/commons-digester-1.8.jar:/home/runner/.m2/repository/commons-beanutils/commons-beanutils/1.7.0/commons-beanutils-1.7.0.jar:/home/runner/.m2/repository/commons-beanutils/commons-beanutils-core/1.8.0/commons-beanutils-core-1.8.0.jar:/home/runner/.m2/repository/org/apache/maven/plugins/maven-surefire-plugin/3.0.0-M4/maven-surefire-plugin-3.0.0-M4.jar:/home/runner/.m2/repository/org/apache/maven/surefire/maven-surefire-common/3.0.0-M4/maven-surefire-common-3.0.0-M4.jar:/home/runner/.m2/repository/org/apache/maven/surefire/surefire-api/3.0.0-M4/surefire-api-3.0.0-M4.jar:/home/runner/.m2/repository/org/apache/maven/surefire/surefire-logger-api/3.0.0-M4/surefire-logger-api-3.0.0-M4.jar:/home/runner/.m2/repository/org/apache/maven/surefire/surefire-extensions-api/3.0.0-M4/surefire-extensions-api-3.0.0-M4.jar:/home/runner/.m2/repository/org/apache/maven/surefire/surefire-booter/3.0.0-M4/surefire-booter-3.0.0-M4.jar:/home/runner/.m2/repository/org/apache/maven/maven-toolchain/3.0-alpha-2/maven-toolchain-3.0-alpha-2.jar:/home/runner/.m2/repository/org/apache/maven/shared/maven-artifact-transfer/0.11.0/maven-artifact-transfer-0.11.0.jar:/home/runner/.m2/repository/org/apache/maven/shared/maven-common-artifact-filters/3.0.1/maven-common-artifact-filters-3.0.1.jar:/home/runner/.m2/repository/org/apache/maven/maven-model/3.0/maven-model-3.0.jar:/home/runner/.m2/repository/org/apache/maven/maven-plugin-api/3.0/maven-plugin-api-3.0.jar:/home/runner/.m2/repository/org/sonatype/sisu/sisu-inject-plexus/1.4.2/sisu-inject-plexus-1.4.2.jar:/home/runner/.m2/repository/org/codehaus/plexus/plexus-classworlds/2.2.3/plexus-classworlds-2.2.3.jar:/home/runner/.m2/repository/org/sonatype/sisu/sisu-inject-bean/1.4.2/sisu-inject-bean-1.4.2.jar:/home/runner/.m2/repository/org/sonatype/sisu/sisu-guice/2.1.7/sisu-guice-2.1.7-noaop.jar:/home/runner/.m2/repository/org/apache/maven/shared/maven-shared-utils/3.1.0/maven-shared-utils-3.1.0.jar:/home/runner/.m2/repository/org/codehaus/plexus/plexus-java/1.0.3/plexus-java-1.0.3.jar:/home/runner/.m2/repository/org/ow2/asm/asm/7.0/asm-7.0.jar:/home/runner/.m2/repository/com/thoughtworks/qdox/qdox/2.0-M9/qdox-2.0-M9.jar:/home/runner/.m2/repository/org/junit/jupiter/junit-jupiter/5.6.2/junit-jupiter-5.6.2.jar:/home/runner/.m2/repository/org/junit/jupiter/junit-jupiter-params/5.6.2/junit-jupiter-params-5.6.2.jar:"/>
    <property name="sun.cpu.endian" value="little"/>
    <property name="user.home" value="/home/runner"/>
    <property name="user.language" value="en"/>
    <property name="java.specification.vendor" value="Oracle Corporation"/>
    <property name="java.version.date" value="2020-07-14"/>
    <property name="java.home" value="/opt/hostedtoolcache/jdk/13.0.4/x64"/>
    <property name="file.separator" value="/"/>
    <property name="basedir" value="/home/runner/work/nl-ngr-validation/nl-ngr-validation"/>
    <property name="java.vm.compressedOopsMode" value="32-bit"/>
    <property name="line.separator" value="&#10;"/>
    <property name="java.vm.specification.vendor" value="Oracle Corporation"/>
    <property name="jdk.vendor.version" value="Zulu13.33+25-CA"/>
    <property name="java.specification.name" value="Java Platform API Specification"/>
    <property name="karate.options" value="--tags @step2"/>
    <property name="surefire.real.class.path" value="/home/runner/work/nl-ngr-validation/nl-ngr-validation/target/surefire/surefirebooter9676118456418695937.jar"/>
    <property name="sun.management.compiler" value="HotSpot 64-Bit Tiered Compilers"/>
    <property name="java.runtime.version" value="13.0.4+8-MTS"/>
    <property name="user.name" value="runner"/>
    <property name="path.separator" value=":"/>
    <property name="os.version" value="5.4.0-1025-azure"/>
    <property name="java.runtime.name" value="OpenJDK Runtime Environment"/>
    <property name="file.encoding" value="UTF-8"/>
    <property name="java.vm.name" value="OpenJDK 64-Bit Server VM"/>
    <property name="java.vendor.version" value="Zulu13.33+25-CA"/>
    <property name="localRepository" value="/home/runner/.m2/repository"/>
    <property name="java.vendor.url.bug" value="http://www.azulsystems.com/support/"/>
    <property name="java.io.tmpdir" value="/tmp"/>
    <property name="java.version" value="13.0.4"/>
    <property name="user.dir" value="/home/runner/work/nl-ngr-validation/nl-ngr-validation"/>
    <property name="os.arch" value="amd64"/>
    <property name="java.vm.specification.name" value="Java Virtual Machine Specification"/>
    <property name="java.library.path" value="/usr/java/packages/lib:/usr/lib64:/lib64:/lib:/usr/lib"/>
    <property name="java.vm.info" value="mixed mode, sharing"/>
    <property name="java.vendor" value="Azul Systems, Inc."/>
    <property name="java.vm.version" value="13.0.4+8-MTS"/>
    <property name="sun.io.unicode.encoding" value="UnicodeLittle"/>
    <property name="java.class.version" value="57.0"/>
  </properties>
  <testcase name="testParallel" classname="InspireTest.TestAll" time="129.584">
    <failure type="org.opentest4j.AssertionFailedError"><![CDATA[org.opentest4j.AssertionFailedError: 
failed features:
InspireTest.ngr.T04_extra.check-known-links: [1.7:5] check-known-links.feature:11 - feature call (loop) failed: classpath:InspireTest/def/checkxlinkurl.template.feature
caller: classpath:InspireTest/ngr/T04_extra/check-known-links.feature
items: [{link=http://inspire.ec.europa.eu/applicationschema}]
errors:
-------
feature call (loop) failed at index: 0
caller: classpath:InspireTest/def/checkxlinkurl.template.feature
arg: {"link":"http://inspire.ec.europa.eu/applicationschema"}
checkxlinkurl.template.feature:21 - 
java.net.SocketTimeoutException: Read timed out
[1.8:5] check-known-links.feature:11 - feature call (loop) failed: classpath:InspireTest/def/checkxlinkurl.template.feature
caller: classpath:InspireTest/ngr/T04_extra/check-known-links.feature
items: [{link=http://inspire.ec.europa.eu/applicationschema/of}]
errors:
-------
feature call (loop) failed at index: 0
caller: classpath:InspireTest/def/checkxlinkurl.template.feature
arg: {"link":"http://inspire.ec.europa.eu/applicationschema/of"}
checkxlinkurl.template.feature:21 - 
java.net.SocketTimeoutException: Read timed out
[1.21:5] check-known-links.feature:11 - feature call (loop) failed: classpath:InspireTest/def/checkxlinkurl.template.feature
caller: classpath:InspireTest/ngr/T04_extra/check-known-links.feature
items: [{link=http://inspire.ec.europa.eu/media-types/application/x-shapefile}]
errors:
-------
feature call (loop) failed at index: 0
caller: classpath:InspireTest/def/checkxlinkurl.template.feature
arg: {"link":"http://inspire.ec.europa.eu/media-types/application/x-shapefile"}
checkxlinkurl.template.feature:21 - 
java.net.SocketTimeoutException: Read timed out
[1.22:5] check-known-links.feature:11 - feature call (loop) failed: classpath:InspireTest/def/checkxlinkurl.template.feature
caller: classpath:InspireTest/ngr/T04_extra/check-known-links.feature
items: [{link=http://inspire.ec.europa.eu/metadata-codelist/ConditionsApplyingToAccessAndUse/noConditionsApply}]
errors:
-------
feature call (loop) failed at index: 0
caller: classpath:InspireTest/def/checkxlinkurl.template.feature
arg: {"link":"http://inspire.ec.europa.eu/metadata-codelist/ConditionsApplyingToAccessAndUse/noConditionsApply"}
checkxlinkurl.template.feature:21 - 
java.net.SocketTimeoutException: Read timed out
[1.23:5] check-known-links.feature:11 - feature call (loop) failed: classpath:InspireTest/def/checkxlinkurl.template.feature
caller: classpath:InspireTest/ngr/T04_extra/check-known-links.feature
items: [{link=http://inspire.ec.europa.eu/metadata-codelist/LimitationsOnPublicAccess/INSPIRE_Directive_Article13_1f}]
errors:
-------
feature call (loop) failed at index: 0
caller: classpath:InspireTest/def/checkxlinkurl.template.feature
arg: {"link":"http://inspire.ec.europa.eu/metadata-codelist/LimitationsOnPublicAccess/INSPIRE_Directive_Article13_1f"}
checkxlinkurl.template.feature:21 - 
java.net.SocketTimeoutException: Read timed out
[1.24:5] check-known-links.feature:11 - feature call (loop) failed: classpath:InspireTest/def/checkxlinkurl.template.feature
caller: classpath:InspireTest/ngr/T04_extra/check-known-links.feature
items: [{link=http://inspire.ec.europa.eu/metadata-codelist/LimitationsOnPublicAccess/noLimitations}]
errors:
-------
feature call (loop) failed at index: 0
caller: classpath:InspireTest/def/checkxlinkurl.template.feature
arg: {"link":"http://inspire.ec.europa.eu/metadata-codelist/LimitationsOnPublicAccess/noLimitations"}
checkxlinkurl.template.feature:21 - 
java.net.SocketTimeoutException: Read timed out
[1.26:5] check-known-links.feature:11 - feature call (loop) failed: classpath:InspireTest/def/checkxlinkurl.template.feature
caller: classpath:InspireTest/ngr/T04_extra/check-known-links.feature
items: [{link=http://inspire.ec.europa.eu/metadata-codelist/OnLineDescriptionCode/endPoint}]
errors:
-------
feature call (loop) failed at index: 0
caller: classpath:InspireTest/def/checkxlinkurl.template.feature
arg: {"link":"http://inspire.ec.europa.eu/metadata-codelist/OnLineDescriptionCode/endPoint"}
checkxlinkurl.template.feature:21 - 
java.net.SocketTimeoutException: Read timed out
[1.27:5] check-known-links.feature:11 - feature call (loop) failed: classpath:InspireTest/def/checkxlinkurl.template.feature
caller: classpath:InspireTest/ngr/T04_extra/check-known-links.feature
items: [{link=http://inspire.ec.europa.eu/metadata-codelist/PriorityDataset}]
errors:
-------
feature call (loop) failed at index: 0
caller: classpath:InspireTest/def/checkxlinkurl.template.feature
arg: {"link":"http://inspire.ec.europa.eu/metadata-codelist/PriorityDataset"}
checkxlinkurl.template.feature:21 - 
java.net.SocketTimeoutException: Read timed out
[1.28:5] check-known-links.feature:11 - feature call (loop) failed: classpath:InspireTest/def/checkxlinkurl.template.feature
caller: classpath:InspireTest/ngr/T04_extra/check-known-links.feature
items: [{link=http://inspire.ec.europa.eu/metadata-codelist/PriorityDataset/ActualPollutantReleases-reg-2006-166}]
errors:
-------
feature call (loop) failed at index: 0
caller: classpath:InspireTest/def/checkxlinkurl.template.feature
arg: {"link":"http://inspire.ec.europa.eu/metadata-codelist/PriorityDataset/ActualPollutantReleases-reg-2006-166"}
checkxlinkurl.template.feature:21 - 
java.net.SocketTimeoutException: Read timed out
[1.33:5] check-known-links.feature:11 - feature call (loop) failed: classpath:InspireTest/def/checkxlinkurl.template.feature
caller: classpath:InspireTest/ngr/T04_extra/check-known-links.feature
items: [{link=http://inspire.ec.europa.eu/metadata-codelist/PriorityDataset/DischargePointsToReceivingWaters-dir-1991-271}]
errors:
-------
feature call (loop) failed at index: 0
caller: classpath:InspireTest/def/checkxlinkurl.template.feature
arg: {"link":"http://inspire.ec.europa.eu/metadata-codelist/PriorityDataset/DischargePointsToReceivingWaters-dir-1991-271"}
checkxlinkurl.template.feature:21 - 
java.net.SocketTimeoutException: Read timed out
[1.34:5] check-known-links.feature:11 - feature call (loop) failed: classpath:InspireTest/def/checkxlinkurl.template.feature
caller: classpath:InspireTest/ngr/T04_extra/check-known-links.feature
items: [{link=http://inspire.ec.europa.eu/metadata-codelist/PriorityDataset/DrinkingWaterAbstractionPoints-dir-1998-83}]
errors:
-------
feature call (loop) failed at index: 0
caller: classpath:InspireTest/def/checkxlinkurl.template.feature
arg: {"link":"http://inspire.ec.europa.eu/metadata-codelist/PriorityDataset/DrinkingWaterAbstractionPoints-dir-1998-83"}
checkxlinkurl.template.feature:21 - 
java.net.SocketTimeoutException: Read timed out
[1.37:5] check-known-links.feature:11 - feature call (loop) failed: classpath:InspireTest/def/checkxlinkurl.template.feature
caller: classpath:InspireTest/ngr/T04_extra/check-known-links.feature
items: [{link=http://inspire.ec.europa.eu/metadata-codelist/PriorityDataset/FloodRiskZones-dir-2007-60}]
errors:
-------
feature call (loop) failed at index: 0
caller: classpath:InspireTest/def/checkxlinkurl.template.feature
arg: {"link":"http://inspire.ec.europa.eu/metadata-codelist/PriorityDataset/FloodRiskZones-dir-2007-60"}
checkxlinkurl.template.feature:21 - 
java.net.SocketTimeoutException: Read timed out
[1.41:5] check-known-links.feature:11 - feature call (loop) failed: classpath:InspireTest/def/checkxlinkurl.template.feature
caller: classpath:InspireTest/ngr/T04_extra/check-known-links.feature
items: [{link=http://inspire.ec.europa.eu/metadata-codelist/PriorityDataset/InvasiveAlienSpeciesDistribution-reg-2014-1143}]
errors:
-------
feature call (loop) failed at index: 0
caller: classpath:InspireTest/def/checkxlinkurl.template.feature
arg: {"link":"http://inspire.ec.europa.eu/metadata-codelist/PriorityDataset/InvasiveAlienSpeciesDistribution-reg-2014-1143"}
checkxlinkurl.template.feature:21 - 
org.apache.http.conn.HttpHostConnectException: Connect to inspire.ec.europa.eu:443 [inspire.ec.europa.eu/139.191.229.30] failed: Connection refused
[1.42:5] check-known-links.feature:11 - feature call (loop) failed: classpath:InspireTest/def/checkxlinkurl.template.feature
caller: classpath:InspireTest/ngr/T04_extra/check-known-links.feature
items: [{link=http://inspire.ec.europa.eu/metadata-codelist/PriorityDataset/Lakes-dir-2000-60}]
errors:
-------
feature call (loop) failed at index: 0
caller: classpath:InspireTest/def/checkxlinkurl.template.feature
arg: {"link":"http://inspire.ec.europa.eu/metadata-codelist/PriorityDataset/Lakes-dir-2000-60"}
checkxlinkurl.template.feature:21 - 
org.apache.http.conn.HttpHostConnectException: Connect to inspire.ec.europa.eu:443 [inspire.ec.europa.eu/139.191.229.30] failed: Connection refused
[1.44:5] check-known-links.feature:11 - feature call (loop) failed: classpath:InspireTest/def/checkxlinkurl.template.feature
caller: classpath:InspireTest/ngr/T04_extra/check-known-links.feature
items: [{link=http://inspire.ec.europa.eu/metadata-codelist/PriorityDataset/MajorAirportsNoiseExposureDelineationNight-dir-2002-49}]
errors:
-------
feature call (loop) failed at index: 0
caller: classpath:InspireTest/def/checkxlinkurl.template.feature
arg: {"link":"http://inspire.ec.europa.eu/metadata-codelist/PriorityDataset/MajorAirportsNoiseExposureDelineationNight-dir-2002-49"}
checkxlinkurl.template.feature:21 - 
java.net.SocketTimeoutException: Read timed out
[1.47:5] check-known-links.feature:11 - feature call (loop) failed: classpath:InspireTest/def/checkxlinkurl.template.feature
caller: classpath:InspireTest/ngr/T04_extra/check-known-links.feature
items: [{link=http://inspire.ec.europa.eu/metadata-codelist/PriorityDataset/MajorRoadsNoiseExposureDelineation-dir-2002-49}]
errors:
-------
feature call (loop) failed at index: 0
caller: classpath:InspireTest/def/checkxlinkurl.template.feature
arg: {"link":"http://inspire.ec.europa.eu/metadata-codelist/PriorityDataset/MajorRoadsNoiseExposureDelineation-dir-2002-49"}
checkxlinkurl.template.feature:21 - 
org.apache.http.conn.HttpHostConnectException: Connect to inspire.ec.europa.eu:443 [inspire.ec.europa.eu/139.191.229.30] failed: Connection refused
[1.48:5] check-known-links.feature:11 - feature call (loop) failed: classpath:InspireTest/def/checkxlinkurl.template.feature
caller: classpath:InspireTest/ngr/T04_extra/check-known-links.feature
items: [{link=http://inspire.ec.europa.eu/metadata-codelist/PriorityDataset/MajorRoadsNoiseExposureDelineationDEN-dir-2002-49}]
errors:
-------
feature call (loop) failed at index: 0
caller: classpath:InspireTest/def/checkxlinkurl.template.feature
arg: {"link":"http://inspire.ec.europa.eu/metadata-codelist/PriorityDataset/MajorRoadsNoiseExposureDelineationDEN-dir-2002-49"}
checkxlinkurl.template.feature:21 - 
java.net.SocketTimeoutException: Read timed out
[1.49:5] check-known-links.feature:11 - feature call (loop) failed: classpath:InspireTest/def/checkxlinkurl.template.feature
caller: classpath:InspireTest/ngr/T04_extra/check-known-links.feature
items: [{link=http://inspire.ec.europa.eu/metadata-codelist/PriorityDataset/ManagementUnits-dir-2007-60}]
errors:
-------
feature call (loop) failed at index: 0
caller: classpath:InspireTest/def/checkxlinkurl.template.feature
arg: {"link":"http://inspire.ec.europa.eu/metadata-codelist/PriorityDataset/ManagementUnits-dir-2007-60"}
checkxlinkurl.template.feature:21 - 
org.apache.http.conn.HttpHostConnectException: Connect to inspire.ec.europa.eu:443 [inspire.ec.europa.eu/139.191.229.30] failed: Connection refused
[1.51:5] check-known-links.feature:11 - feature call (loop) failed: classpath:InspireTest/def/checkxlinkurl.template.feature
caller: classpath:InspireTest/ngr/T04_extra/check-known-links.feature
items: [{link=http://inspire.ec.europa.eu/metadata-codelist/PriorityDataset/MonitoringStations-dir-2000-60}]
errors:
-------
feature call (loop) failed at index: 0
caller: classpath:InspireTest/def/checkxlinkurl.template.feature
arg: {"link":"http://inspire.ec.europa.eu/metadata-codelist/PriorityDataset/MonitoringStations-dir-2000-60"}
checkxlinkurl.template.feature:21 - 
java.net.SocketTimeoutException: Read timed out
[1.52:5] check-known-links.feature:11 - feature call (loop) failed: classpath:InspireTest/def/checkxlinkurl.template.feature
caller: classpath:InspireTest/ngr/T04_extra/check-known-links.feature
items: [{link=http://inspire.ec.europa.eu/metadata-codelist/PriorityDataset/MonitoringStations-dir-2008-56}]
errors:
-------
feature call (loop) failed at index: 0
caller: classpath:InspireTest/def/checkxlinkurl.template.feature
arg: {"link":"http://inspire.ec.europa.eu/metadata-codelist/PriorityDataset/MonitoringStations-dir-2008-56"}
checkxlinkurl.template.feature:21 - 
org.apache.http.conn.HttpHostConnectException: Connect to inspire.ec.europa.eu:443 [inspire.ec.europa.eu/139.191.229.30] failed: Connection refused
[1.54:5] check-known-links.feature:11 - feature call (loop) failed: classpath:InspireTest/def/checkxlinkurl.template.feature
caller: classpath:InspireTest/ngr/T04_extra/check-known-links.feature
items: [{link=http://inspire.ec.europa.eu/metadata-codelist/PriorityDataset/NationallyDesignatedAreasCDDA}]
errors:
-------
feature call (loop) failed at index: 0
caller: classpath:InspireTest/def/checkxlinkurl.template.feature
arg: {"link":"http://inspire.ec.europa.eu/metadata-codelist/PriorityDataset/NationallyDesignatedAreasCDDA"}
checkxlinkurl.template.feature:21 - 
java.net.SocketTimeoutException: Read timed out
[1.55:5] check-known-links.feature:11 - feature call (loop) failed: classpath:InspireTest/def/checkxlinkurl.template.feature
caller: classpath:InspireTest/ngr/T04_extra/check-known-links.feature
items: [{link=http://inspire.ec.europa.eu/metadata-codelist/PriorityDataset/Natura2000Sites-dir-1992-43}]
errors:
-------
feature call (loop) failed at index: 0
caller: classpath:InspireTest/def/checkxlinkurl.template.feature
arg: {"link":"http://inspire.ec.europa.eu/metadata-codelist/PriorityDataset/Natura2000Sites-dir-1992-43"}
checkxlinkurl.template.feature:21 - 
org.apache.http.conn.HttpHostConnectException: Connect to inspire.ec.europa.eu:443 [inspire.ec.europa.eu/139.191.229.30] failed: Connection refused
[1.56:5] check-known-links.feature:11 - feature call (loop) failed: classpath:InspireTest/def/checkxlinkurl.template.feature
caller: classpath:InspireTest/ngr/T04_extra/check-known-links.feature
items: [{link=http://inspire.ec.europa.eu/metadata-codelist/PriorityDataset/Natura2000Sites-dir-2009-147}]
errors:
-------
feature call (loop) failed at index: 0
caller: classpath:InspireTest/def/checkxlinkurl.template.feature
arg: {"link":"http://inspire.ec.europa.eu/metadata-codelist/PriorityDataset/Natura2000Sites-dir-2009-147"}
checkxlinkurl.template.feature:21 - 
org.apache.http.conn.HttpHostConnectException: Connect to inspire.ec.europa.eu:443 [inspire.ec.europa.eu/139.191.229.30] failed: Connection refused
[1.57:5] check-known-links.feature:11 - feature call (loop) failed: classpath:InspireTest/def/checkxlinkurl.template.feature
caller: classpath:InspireTest/ngr/T04_extra/check-known-links.feature
items: [{link=http://inspire.ec.europa.eu/metadata-codelist/PriorityDataset/RiverBasinDistricts-dir-2000-60}]
errors:
-------
feature call (loop) failed at index: 0
caller: classpath:InspireTest/def/checkxlinkurl.template.feature
arg: {"link":"http://inspire.ec.europa.eu/metadata-codelist/PriorityDataset/RiverBasinDistricts-dir-2000-60"}
checkxlinkurl.template.feature:21 - 
org.apache.http.conn.HttpHostConnectException: Connect to inspire.ec.europa.eu:443 [inspire.ec.europa.eu/139.191.229.30] failed: Connection refused
[1.58:5] check-known-links.feature:11 - feature call (loop) failed: classpath:InspireTest/def/checkxlinkurl.template.feature
caller: classpath:InspireTest/ngr/T04_extra/check-known-links.feature
items: [{link=http://inspire.ec.europa.eu/metadata-codelist/PriorityDataset/RiverBasinDistrictsSubUnits-dir-2000-60}]
errors:
-------
feature call (loop) failed at index: 0
caller: classpath:InspireTest/def/checkxlinkurl.template.feature
arg: {"link":"http://inspire.ec.europa.eu/metadata-codelist/PriorityDataset/RiverBasinDistrictsSubUnits-dir-2000-60"}
checkxlinkurl.template.feature:21 - 
org.apache.http.conn.HttpHostConnectException: Connect to inspire.ec.europa.eu:443 [inspire.ec.europa.eu/139.191.229.30] failed: Connection refused
[1.60:5] check-known-links.feature:11 - feature call (loop) failed: classpath:InspireTest/def/checkxlinkurl.template.feature
caller: classpath:InspireTest/ngr/T04_extra/check-known-links.feature
items: [{link=http://inspire.ec.europa.eu/metadata-codelist/PriorityDataset/SpeciesDistribution-dir-1992-43}]
errors:
-------
feature call (loop) failed at index: 0
caller: classpath:InspireTest/def/checkxlinkurl.template.feature
arg: {"link":"http://inspire.ec.europa.eu/metadata-codelist/PriorityDataset/SpeciesDistribution-dir-1992-43"}
checkxlinkurl.template.feature:21 - 
org.apache.http.conn.HttpHostConnectException: Connect to inspire.ec.europa.eu:443 [inspire.ec.europa.eu/139.191.229.30] failed: Connection refused
[1.61:5] check-known-links.feature:11 - feature call (loop) failed: classpath:InspireTest/def/checkxlinkurl.template.feature
caller: classpath:InspireTest/ngr/T04_extra/check-known-links.feature
items: [{link=http://inspire.ec.europa.eu/metadata-codelist/PriorityDataset/SpeciesRange-dir-1992-43}]
errors:
-------
feature call (loop) failed at index: 0
caller: classpath:InspireTest/def/checkxlinkurl.template.feature
arg: {"link":"http://inspire.ec.europa.eu/metadata-codelist/PriorityDataset/SpeciesRange-dir-1992-43"}
checkxlinkurl.template.feature:21 - 
org.apache.http.conn.HttpHostConnectException: Connect to inspire.ec.europa.eu:443 [inspire.ec.europa.eu/139.191.229.30] failed: Connection refused
[1.63:5] check-known-links.feature:11 - feature call (loop) failed: classpath:InspireTest/def/checkxlinkurl.template.feature
caller: classpath:InspireTest/ngr/T04_extra/check-known-links.feature
items: [{link=http://inspire.ec.europa.eu/metadata-codelist/PriorityDataset/TransitionalWaters-dir-2000-60}]
errors:
-------
feature call (loop) failed at index: 0
caller: classpath:InspireTest/def/checkxlinkurl.template.feature
arg: {"link":"http://inspire.ec.europa.eu/metadata-codelist/PriorityDataset/TransitionalWaters-dir-2000-60"}
checkxlinkurl.template.feature:21 - 
java.net.SocketTimeoutException: Read timed out
[1.65:5] check-known-links.feature:11 - feature call (loop) failed: classpath:InspireTest/def/checkxlinkurl.template.feature
caller: classpath:InspireTest/ngr/T04_extra/check-known-links.feature
items: [{link=http://inspire.ec.europa.eu/metadata-codelist/SpatialDataServiceType/download}]
errors:
-------
feature call (loop) failed at index: 0
caller: classpath:InspireTest/def/checkxlinkurl.template.feature
arg: {"link":"http://inspire.ec.europa.eu/metadata-codelist/SpatialDataServiceType/download"}
checkxlinkurl.template.feature:21 - 
org.apache.http.conn.HttpHostConnectException: Connect to inspire.ec.europa.eu:443 [inspire.ec.europa.eu/139.191.229.30] failed: Connection refused
[1.69:5] check-known-links.feature:11 - feature call (loop) failed: classpath:InspireTest/def/checkxlinkurl.template.feature
caller: classpath:InspireTest/ngr/T04_extra/check-known-links.feature
items: [{link=http://inspire.ec.europa.eu/metadata-codelist/SpatialScope}]
errors:
-------
feature call (loop) failed at index: 0
caller: classpath:InspireTest/def/checkxlinkurl.template.feature
arg: {"link":"http://inspire.ec.europa.eu/metadata-codelist/SpatialScope"}
checkxlinkurl.template.feature:21 - 
org.apache.http.conn.HttpHostConnectException: Connect to inspire.ec.europa.eu:443 [inspire.ec.europa.eu/139.191.229.30] failed: Connection refused
[1.71:5] check-known-links.feature:11 - feature call (loop) failed: classpath:InspireTest/def/checkxlinkurl.template.feature
caller: classpath:InspireTest/ngr/T04_extra/check-known-links.feature
items: [{link=http://inspire.ec.europa.eu/metadata-codelist/SpatialScope/national}]
errors:
-------
feature call (loop) failed at index: 0
caller: classpath:InspireTest/def/checkxlinkurl.template.feature
arg: {"link":"http://inspire.ec.europa.eu/metadata-codelist/SpatialScope/national"}
checkxlinkurl.template.feature:21 - 
java.net.SocketTimeoutException: Read timed out
[1.88:5] check-known-links.feature:11 - feature call (loop) failed: classpath:InspireTest/def/checkxlinkurl.template.feature
caller: classpath:InspireTest/ngr/T04_extra/check-known-links.feature
items: [{link=http://inspire.ec.europa.eu/theme#}]
errors:
-------
feature call (loop) failed at index: 0
caller: classpath:InspireTest/def/checkxlinkurl.template.feature
arg: {"link":"http://inspire.ec.europa.eu/theme#"}
checkxlinkurl.template.feature:21 - 
org.apache.http.conn.HttpHostConnectException: Connect to inspire.ec.europa.eu:443 [inspire.ec.europa.eu/139.191.229.30] failed: Connection refused
[1.124:5] check-known-links.feature:11 - feature call (loop) failed: classpath:InspireTest/def/checkxlinkurl.template.feature
caller: classpath:InspireTest/ngr/T04_extra/check-known-links.feature
items: [{link=http://www.iana.org/assignments/media-types/application/gml+xml}]
errors:
-------
feature call (loop) failed at index: 0
caller: classpath:InspireTest/def/checkxlinkurl.template.feature
arg: {"link":"http://www.iana.org/assignments/media-types/application/gml+xml"}
checkxlinkurl.template.feature:28 - path: $, actual: 304, expected: 200, reason: not equal (Integer)
[1.156:5] check-known-links.feature:11 - feature call (loop) failed: classpath:InspireTest/def/checkxlinkurl.template.feature
caller: classpath:InspireTest/ngr/T04_extra/check-known-links.feature
items: [{link=https://inspire.ec.europa.eu/id/document/tg/au}]
errors:
-------
feature call (loop) failed at index: 0
caller: classpath:InspireTest/def/checkxlinkurl.template.feature
arg: {"link":"https://inspire.ec.europa.eu/id/document/tg/au"}
checkxlinkurl.template.feature:21 - 
org.apache.http.conn.HttpHostConnectException: Connect to inspire.ec.europa.eu:443 [inspire.ec.europa.eu/139.191.229.30] failed: Connection refused
[1.157:5] check-known-links.feature:11 - feature call (loop) failed: classpath:InspireTest/def/checkxlinkurl.template.feature
caller: classpath:InspireTest/ngr/T04_extra/check-known-links.feature
items: [{link=https://inspire.ec.europa.eu/id/document/tg/of}]
errors:
-------
feature call (loop) failed at index: 0
caller: classpath:InspireTest/def/checkxlinkurl.template.feature
arg: {"link":"https://inspire.ec.europa.eu/id/document/tg/of"}
checkxlinkurl.template.feature:21 - 
org.apache.http.conn.HttpHostConnectException: Connect to inspire.ec.europa.eu:443 [inspire.ec.europa.eu/139.191.229.30] failed: Connection refused
[1.158:5] check-known-links.feature:11 - feature call (loop) failed: classpath:InspireTest/def/checkxlinkurl.template.feature
caller: classpath:InspireTest/ngr/T04_extra/check-known-links.feature
items: [{link=https://inspire.ec.europa.eu/id/document/tg/ps}]
errors:
-------
feature call (loop) failed at index: 0
caller: classpath:InspireTest/def/checkxlinkurl.template.feature
arg: {"link":"https://inspire.ec.europa.eu/id/document/tg/ps"}
checkxlinkurl.template.feature:21 - 
org.apache.http.conn.HttpHostConnectException: Connect to inspire.ec.europa.eu:443 [inspire.ec.europa.eu/139.191.229.30] failed: Connection refused
[1.159:5] check-known-links.feature:11 - feature call (loop) failed: classpath:InspireTest/def/checkxlinkurl.template.feature
caller: classpath:InspireTest/ngr/T04_extra/check-known-links.feature
items: [{link=https://inspire.ec.europa.eu/schemas/ps/4.0/ProtectedSites.xsd}]
errors:
-------
feature call (loop) failed at index: 0
caller: classpath:InspireTest/def/checkxlinkurl.template.feature
arg: {"link":"https://inspire.ec.europa.eu/schemas/ps/4.0/ProtectedSites.xsd"}
checkxlinkurl.template.feature:21 - 
org.apache.http.conn.HttpHostConnectException: Connect to inspire.ec.europa.eu:443 [inspire.ec.europa.eu/139.191.229.30] failed: Connection refused
InspireTest.ngr.T03_services.check-known-service-record: [1.1:24] check-known-service-record.feature:72 - feature call (loop) failed: classpath:InspireTest/def/checkxlinkurl.template.feature
caller: classpath:InspireTest/ngr/T03_services/check-known-service-record.feature
items: [{link=http://inspire.ec.europa.eu/metadata-codelist/SpatialDataServiceCategory/infoMapAccessService}, {link=http://inspire.ec.europa.eu/metadata-codelist/SpatialDataServiceCategory}, {link=https://www.nationaalgeoregister.nl:443/geonetwork/srv/eng/thesaurus.download?ref=external.theme.httpinspireeceuropaeumetadatacodelistSpatialDataServiceCategory-SpatialDataServiceCategory}, {link=https://www.nationaalgeoregister.nl:443/geonetwork/srv/dut/csw?service=CSW&request=GetRecordById&version=2.0.2&outputSchema=http://www.isotc211.org/2005/gmd&elementSetName=full&id=493ab81b-75f8-4205-b030-6b2fd9eb4295#MD_DataIdentification}]
errors:
-------
feature call (loop) failed at index: 0
caller: classpath:InspireTest/def/checkxlinkurl.template.feature
arg: {"link":"http://inspire.ec.europa.eu/metadata-codelist/SpatialDataServiceCategory/infoMapAccessService"}
checkxlinkurl.template.feature:21 - 
java.net.SocketTimeoutException: Read timed out
-------
feature call (loop) failed at index: 1
caller: classpath:InspireTest/def/checkxlinkurl.template.feature
arg: {"link":"http://inspire.ec.europa.eu/metadata-codelist/SpatialDataServiceCategory"}
checkxlinkurl.template.feature:21 - 
java.net.SocketTimeoutException: Read timed out
[1.2:24] check-known-service-record.feature:72 - feature call (loop) failed: classpath:InspireTest/def/checkxlinkurl.template.feature
caller: classpath:InspireTest/ngr/T03_services/check-known-service-record.feature
items: [{link=http://rdfdata.eionet.europa.eu/inspirethemes/themes/7}, {link=http://geonetwork-opensource.org/inspire-theme#}, {link=http://inspire.ec.europa.eu/metadata-codelist/SpatialDataServiceCategory/infoFeatureAccessService}, {link=http://inspire.ec.europa.eu/metadata-codelist/SpatialDataServiceCategory}, {link=https://www.nationaalgeoregister.nl/geonetwork/srv/eng/thesaurus.download?ref=external.theme.httpinspireeceuropaeumetadatacodelistSpatialDataServiceCategory-SpatialDataServiceCategory}, {link=}, {link=}, {link=}, {link=}, {link=}, {link=}, {link=}, {link=}, {link=}, {link=}, {link=}, {link=}, {link=}, {link=}, {link=}, {link=}, {link=}, {link=}, {link=}, {link=}, {link=}, {link=}, {link=}, {link=}, {link=}, {link=}, {link=}, {link=}, {link=}, {link=}, {link=}, {link=}, {link=}, {link=}, {link=}, {link=}, {link=http://nationaalgeoregister.nl/geonetwork/srv/dut/csw?service=CSW&version=2.0.2&request=GetRecordById&outputschema=http://www.isotc211.org/2005/gmd&elementsetname=full&id=3a7dd0a6-d130-4c4c-b0ba-24365cf036e2#MD_DataIdentification}]
errors:
-------
feature call (loop) failed at index: 0
caller: classpath:InspireTest/def/checkxlinkurl.template.feature
arg: {"link":"http://rdfdata.eionet.europa.eu/inspirethemes/themes/7"}
checkxlinkurl.template.feature:28 - path: $, actual: 404, expected: 200, reason: not equal (Integer)
-------
feature call (loop) failed at index: 1
caller: classpath:InspireTest/def/checkxlinkurl.template.feature
arg: {"link":"http://geonetwork-opensource.org/inspire-theme#"}
checkxlinkurl.template.feature:28 - path: $, actual: 404, expected: 200, reason: not equal (Integer)
-------
feature call (loop) failed at index: 2
caller: classpath:InspireTest/def/checkxlinkurl.template.feature
arg: {"link":"http://inspire.ec.europa.eu/metadata-codelist/SpatialDataServiceCategory/infoFeatureAccessService"}
checkxlinkurl.template.feature:21 - 
java.net.SocketTimeoutException: Read timed out
-------
feature call (loop) failed at index: 3
caller: classpath:InspireTest/def/checkxlinkurl.template.feature
arg: {"link":"http://inspire.ec.europa.eu/metadata-codelist/SpatialDataServiceCategory"}
checkxlinkurl.template.feature:21 - 
java.net.SocketTimeoutException: Read timed out
-------
feature call (loop) failed at index: 5
caller: classpath:InspireTest/def/checkxlinkurl.template.feature
arg: {"link":""}
checkxlinkurl.template.feature:21 - 
org.apache.http.client.ClientProtocolException
-------
feature call (loop) failed at index: 6
caller: classpath:InspireTest/def/checkxlinkurl.template.feature
arg: {"link":""}
checkxlinkurl.template.feature:21 - 
org.apache.http.client.ClientProtocolException
-------
feature call (loop) failed at index: 7
caller: classpath:InspireTest/def/checkxlinkurl.template.feature
arg: {"link":""}
checkxlinkurl.template.feature:21 - 
org.apache.http.client.ClientProtocolException
-------
feature call (loop) failed at index: 8
caller: classpath:InspireTest/def/checkxlinkurl.template.feature
arg: {"link":""}
checkxlinkurl.template.feature:21 - 
org.apache.http.client.ClientProtocolException
-------
feature call (loop) failed at index: 9
caller: classpath:InspireTest/def/checkxlinkurl.template.feature
arg: {"link":""}
checkxlinkurl.template.feature:21 - 
org.apache.http.client.ClientProtocolException
-------
feature call (loop) failed at index: 10
caller: classpath:InspireTest/def/checkxlinkurl.template.feature
arg: {"link":""}
checkxlinkurl.template.feature:21 - 
org.apache.http.client.ClientProtocolException
-------
feature call (loop) failed at index: 11
caller: classpath:InspireTest/def/checkxlinkurl.template.feature
arg: {"link":""}
checkxlinkurl.template.feature:21 - 
org.apache.http.client.ClientProtocolException
-------
feature call (loop) failed at index: 12
caller: classpath:InspireTest/def/checkxlinkurl.template.feature
arg: {"link":""}
checkxlinkurl.template.feature:21 - 
org.apache.http.client.ClientProtocolException
-------
feature call (loop) failed at index: 13
caller: classpath:InspireTest/def/checkxlinkurl.template.feature
arg: {"link":""}
checkxlinkurl.template.feature:21 - 
org.apache.http.client.ClientProtocolException
-------
feature call (loop) failed at index: 14
caller: classpath:InspireTest/def/checkxlinkurl.template.feature
arg: {"link":""}
checkxlinkurl.template.feature:21 - 
org.apache.http.client.ClientProtocolException
-------
feature call (loop) failed at index: 15
caller: classpath:InspireTest/def/checkxlinkurl.template.feature
arg: {"link":""}
checkxlinkurl.template.feature:21 - 
org.apache.http.client.ClientProtocolException
-------
feature call (loop) failed at index: 16
caller: classpath:InspireTest/def/checkxlinkurl.template.feature
arg: {"link":""}
checkxlinkurl.template.feature:21 - 
org.apache.http.client.ClientProtocolException
-------
feature call (loop) failed at index: 17
caller: classpath:InspireTest/def/checkxlinkurl.template.feature
arg: {"link":""}
checkxlinkurl.template.feature:21 - 
org.apache.http.client.ClientProtocolException
-------
feature call (loop) failed at index: 18
caller: classpath:InspireTest/def/checkxlinkurl.template.feature
arg: {"link":""}
checkxlinkurl.template.feature:21 - 
org.apache.http.client.ClientProtocolException
-------
feature call (loop) failed at index: 19
caller: classpath:InspireTest/def/checkxlinkurl.template.feature
arg: {"link":""}
checkxlinkurl.template.feature:21 - 
org.apache.http.client.ClientProtocolException
-------
feature call (loop) failed at index: 20
caller: classpath:InspireTest/def/checkxlinkurl.template.feature
arg: {"link":""}
checkxlinkurl.template.feature:21 - 
org.apache.http.client.ClientProtocolException
-------
feature call (loop) failed at index: 21
caller: classpath:InspireTest/def/checkxlinkurl.template.feature
arg: {"link":""}
checkxlinkurl.template.feature:21 - 
org.apache.http.client.ClientProtocolException
-------
feature call (loop) failed at index: 22
caller: classpath:InspireTest/def/checkxlinkurl.template.feature
arg: {"link":""}
checkxlinkurl.template.feature:21 - 
org.apache.http.client.ClientProtocolException
-------
feature call (loop) failed at index: 23
caller: classpath:InspireTest/def/checkxlinkurl.template.feature
arg: {"link":""}
checkxlinkurl.template.feature:21 - 
org.apache.http.client.ClientProtocolException
-------
feature call (loop) failed at index: 24
caller: classpath:InspireTest/def/checkxlinkurl.template.feature
arg: {"link":""}
checkxlinkurl.template.feature:21 - 
org.apache.http.client.ClientProtocolException
-------
feature call (loop) failed at index: 25
caller: classpath:InspireTest/def/checkxlinkurl.template.feature
arg: {"link":""}
checkxlinkurl.template.feature:21 - 
org.apache.http.client.ClientProtocolException
-------
feature call (loop) failed at index: 26
caller: classpath:InspireTest/def/checkxlinkurl.template.feature
arg: {"link":""}
checkxlinkurl.template.feature:21 - 
org.apache.http.client.ClientProtocolException
-------
feature call (loop) failed at index: 27
caller: classpath:InspireTest/def/checkxlinkurl.template.feature
arg: {"link":""}
checkxlinkurl.template.feature:21 - 
org.apache.http.client.ClientProtocolException
-------
feature call (loop) failed at index: 28
caller: classpath:InspireTest/def/checkxlinkurl.template.feature
arg: {"link":""}
checkxlinkurl.template.feature:21 - 
org.apache.http.client.ClientProtocolException
-------
feature call (loop) failed at index: 29
caller: classpath:InspireTest/def/checkxlinkurl.template.feature
arg: {"link":""}
checkxlinkurl.template.feature:21 - 
org.apache.http.client.ClientProtocolException
-------
feature call (loop) failed at index: 30
caller: classpath:InspireTest/def/checkxlinkurl.template.feature
arg: {"link":""}
checkxlinkurl.template.feature:21 - 
org.apache.http.client.ClientProtocolException
-------
feature call (loop) failed at index: 31
caller: classpath:InspireTest/def/checkxlinkurl.template.feature
arg: {"link":""}
checkxlinkurl.template.feature:21 - 
org.apache.http.client.ClientProtocolException
-------
feature call (loop) failed at index: 32
caller: classpath:InspireTest/def/checkxlinkurl.template.feature
arg: {"link":""}
checkxlinkurl.template.feature:21 - 
org.apache.http.client.ClientProtocolException
-------
feature call (loop) failed at index: 33
caller: classpath:InspireTest/def/checkxlinkurl.template.feature
arg: {"link":""}
checkxlinkurl.template.feature:21 - 
org.apache.http.client.ClientProtocolException
-------
feature call (loop) failed at index: 34
caller: classpath:InspireTest/def/checkxlinkurl.template.feature
arg: {"link":""}
checkxlinkurl.template.feature:21 - 
org.apache.http.client.ClientProtocolException
-------
feature call (loop) failed at index: 35
caller: classpath:InspireTest/def/checkxlinkurl.template.feature
arg: {"link":""}
checkxlinkurl.template.feature:21 - 
org.apache.http.client.ClientProtocolException
-------
feature call (loop) failed at index: 36
caller: classpath:InspireTest/def/checkxlinkurl.template.feature
arg: {"link":""}
checkxlinkurl.template.feature:21 - 
org.apache.http.client.ClientProtocolException
-------
feature call (loop) failed at index: 37
caller: classpath:InspireTest/def/checkxlinkurl.template.feature
arg: {"link":""}
checkxlinkurl.template.feature:21 - 
org.apache.http.client.ClientProtocolException
-------
feature call (loop) failed at index: 38
caller: classpath:InspireTest/def/checkxlinkurl.template.feature
arg: {"link":""}
checkxlinkurl.template.feature:21 - 
org.apache.http.client.ClientProtocolException
-------
feature call (loop) failed at index: 39
caller: classpath:InspireTest/def/checkxlinkurl.template.feature
arg: {"link":""}
checkxlinkurl.template.feature:21 - 
org.apache.http.client.ClientProtocolException
-------
feature call (loop) failed at index: 40
caller: classpath:InspireTest/def/checkxlinkurl.template.feature
arg: {"link":""}
checkxlinkurl.template.feature:21 - 
org.apache.http.client.ClientProtocolException
[1.4:24] check-known-service-record.feature:72 - feature call (loop) failed: classpath:InspireTest/def/checkxlinkurl.template.feature
caller: classpath:InspireTest/ngr/T03_services/check-known-service-record.feature
items: [{link=https://www.pdok.nl}, {link=http://inspire.ec.europa.eu/metadata-codelist/SpatialDataServiceCategory/infoMapAccessService}, {link=http://inspire.ec.europa.eu/metadata-codelist/SpatialDataServiceCategory}, {link=https://www.nationaalgeoregister.nl:443/geonetwork/srv/eng/thesaurus.download?ref=external.theme.httpinspireeceuropaeumetadatacodelistSpatialDataServiceCategory-SpatialDataServiceCategory}, {link=}, {link=}, {link=}, {link=}, {link=}, {link=}, {link=}, {link=}, {link=}, {link=}, {link=}, {link=}, {link=}, {link=}, {link=}, {link=}, {link=}, {link=}, {link=}, {link=}, {link=}, {link=}, {link=}, {link=}, {link=}, {link=}, {link=}, {link=}, {link=}, {link=}, {link=}, {link=}, {link=}, {link=}, {link=}, {link=}, {link=}, {link=}, {link=}, {link=}, {link=}, {link=}, {link=}, {link=}, {link=}, {link=}, {link=}, {link=}, {link=}, {link=}, {link=}, {link=}, {link=}, {link=}, {link=}, {link=}, {link=}, {link=}, {link=}, {link=}, {link=}, {link=}, {link=}, {link=}, {link=}, {link=}, {link=}, {link=}, {link=}, {link=}, {link=}, {link=}, {link=}, {link=}, {link=}, {link=}, {link=}, {link=}, {link=}, {link=}, {link=}, {link=}, {link=}, {link=}, {link=}, {link=}, {link=}, {link=}, {link=}, {link=}, {link=}, {link=}, {link=}, {link=}, {link=}, {link=}, {link=}, {link=}, {link=}, {link=}, {link=}, {link=}, {link=}, {link=}, {link=}, {link=}, {link=}, {link=}, {link=}, {link=}, {link=}, {link=}, {link=}, {link=}, {link=}, {link=}, {link=}, {link=}, {link=}, {link=}, {link=}, {link=}, {link=}, {link=}, {link=}, {link=}, {link=}, {link=}, {link=}, {link=}, {link=}, {link=}, {link=}, {link=}, {link=}, {link=}, {link=}, {link=}, {link=}, {link=}, {link=}, {link=}, {link=}, {link=}, {link=}, {link=}, {link=}, {link=}, {link=}, {link=}, {link=}, {link=}, {link=}, {link=}, {link=}, {link=}, {link=http://nationaalgeoregister.nl/geonetwork/srv/dut/csw?service=CSW&version=2.0.2&request=GetRecordById&outputschema=http://www.isotc211.org/2005/gmd&elementsetname=full&id=977e0e94-7aa9-4784-b2da-eaec44adb61b#MD_DataIdentification}]
errors:
-------
feature call (loop) failed at index: 1
caller: classpath:InspireTest/def/checkxlinkurl.template.feature
arg: {"link":"http://inspire.ec.europa.eu/metadata-codelist/SpatialDataServiceCategory/infoMapAccessService"}
checkxlinkurl.template.feature:21 - 
java.net.SocketTimeoutException: Read timed out
-------
feature call (loop) failed at index: 2
caller: classpath:InspireTest/def/checkxlinkurl.template.feature
arg: {"link":"http://inspire.ec.europa.eu/metadata-codelist/SpatialDataServiceCategory"}
checkxlinkurl.template.feature:21 - 
java.net.SocketTimeoutException: Read timed out
-------
feature call (loop) failed at index: 4
caller: classpath:InspireTest/def/checkxlinkurl.template.feature
arg: {"link":""}
checkxlinkurl.template.feature:21 - 
org.apache.http.client.ClientProtocolException
-------
feature call (loop) failed at index: 5
caller: classpath:InspireTest/def/checkxlinkurl.template.feature
arg: {"link":""}
checkxlinkurl.template.feature:21 - 
org.apache.http.client.ClientProtocolException
-------
feature call (loop) failed at index: 6
caller: classpath:InspireTest/def/checkxlinkurl.template.feature
arg: {"link":""}
checkxlinkurl.template.feature:21 - 
org.apache.http.client.ClientProtocolException
-------
feature call (loop) failed at index: 7
caller: classpath:InspireTest/def/checkxlinkurl.template.feature
arg: {"link":""}
checkxlinkurl.template.feature:21 - 
org.apache.http.client.ClientProtocolException
-------
feature call (loop) failed at index: 8
caller: classpath:InspireTest/def/checkxlinkurl.template.feature
arg: {"link":""}
checkxlinkurl.template.feature:21 - 
org.apache.http.client.ClientProtocolException
-------
feature call (loop) failed at index: 9
caller: classpath:InspireTest/def/checkxlinkurl.template.feature
arg: {"link":""}
checkxlinkurl.template.feature:21 - 
org.apache.http.client.ClientProtocolException
-------
feature call (loop) failed at index: 10
caller: classpath:InspireTest/def/checkxlinkurl.template.feature
arg: {"link":""}
checkxlinkurl.template.feature:21 - 
org.apache.http.client.ClientProtocolException
-------
feature call (loop) failed at index: 11
caller: classpath:InspireTest/def/checkxlinkurl.template.feature
arg: {"link":""}
checkxlinkurl.template.feature:21 - 
org.apache.http.client.ClientProtocolException
-------
feature call (loop) failed at index: 12
caller: classpath:InspireTest/def/checkxlinkurl.template.feature
arg: {"link":""}
checkxlinkurl.template.feature:21 - 
org.apache.http.client.ClientProtocolException
-------
feature call (loop) failed at index: 13
caller: classpath:InspireTest/def/checkxlinkurl.template.feature
arg: {"link":""}
checkxlinkurl.template.feature:21 - 
org.apache.http.client.ClientProtocolException
-------
feature call (loop) failed at index: 14
caller: classpath:InspireTest/def/checkxlinkurl.template.feature
arg: {"link":""}
checkxlinkurl.template.feature:21 - 
org.apache.http.client.ClientProtocolException
-------
feature call (loop) failed at index: 15
caller: classpath:InspireTest/def/checkxlinkurl.template.feature
arg: {"link":""}
checkxlinkurl.template.feature:21 - 
org.apache.http.client.ClientProtocolException
-------
feature call (loop) failed at index: 16
caller: classpath:InspireTest/def/checkxlinkurl.template.feature
arg: {"link":""}
checkxlinkurl.template.feature:21 - 
org.apache.http.client.ClientProtocolException
-------
feature call (loop) failed at index: 17
caller: classpath:InspireTest/def/checkxlinkurl.template.feature
arg: {"link":""}
checkxlinkurl.template.feature:21 - 
org.apache.http.client.ClientProtocolException
-------
feature call (loop) failed at index: 18
caller: classpath:InspireTest/def/checkxlinkurl.template.feature
arg: {"link":""}
checkxlinkurl.template.feature:21 - 
org.apache.http.client.ClientProtocolException
-------
feature call (loop) failed at index: 19
caller: classpath:InspireTest/def/checkxlinkurl.template.feature
arg: {"link":""}
checkxlinkurl.template.feature:21 - 
org.apache.http.client.ClientProtocolException
-------
feature call (loop) failed at index: 20
caller: classpath:InspireTest/def/checkxlinkurl.template.feature
arg: {"link":""}
checkxlinkurl.template.feature:21 - 
org.apache.http.client.ClientProtocolException
-------
feature call (loop) failed at index: 21
caller: classpath:InspireTest/def/checkxlinkurl.template.feature
arg: {"link":""}
checkxlinkurl.template.feature:21 - 
org.apache.http.client.ClientProtocolException
-------
feature call (loop) failed at index: 22
caller: classpath:InspireTest/def/checkxlinkurl.template.feature
arg: {"link":""}
checkxlinkurl.template.feature:21 - 
org.apache.http.client.ClientProtocolException
-------
feature call (loop) failed at index: 23
caller: classpath:InspireTest/def/checkxlinkurl.template.feature
arg: {"link":""}
checkxlinkurl.template.feature:21 - 
org.apache.http.client.ClientProtocolException
-------
feature call (loop) failed at index: 24
caller: classpath:InspireTest/def/checkxlinkurl.template.feature
arg: {"link":""}
checkxlinkurl.template.feature:21 - 
org.apache.http.client.ClientProtocolException
-------
feature call (loop) failed at index: 25
caller: classpath:InspireTest/def/checkxlinkurl.template.feature
arg: {"link":""}
checkxlinkurl.template.feature:21 - 
org.apache.http.client.ClientProtocolException
-------
feature call (loop) failed at index: 26
caller: classpath:InspireTest/def/checkxlinkurl.template.feature
arg: {"link":""}
checkxlinkurl.template.feature:21 - 
org.apache.http.client.ClientProtocolException
-------
feature call (loop) failed at index: 27
caller: classpath:InspireTest/def/checkxlinkurl.template.feature
arg: {"link":""}
checkxlinkurl.template.feature:21 - 
org.apache.http.client.ClientProtocolException
-------
feature call (loop) failed at index: 28
caller: classpath:InspireTest/def/checkxlinkurl.template.feature
arg: {"link":""}
checkxlinkurl.template.feature:21 - 
org.apache.http.client.ClientProtocolException
-------
feature call (loop) failed at index: 29
caller: classpath:InspireTest/def/checkxlinkurl.template.feature
arg: {"link":""}
checkxlinkurl.template.feature:21 - 
org.apache.http.client.ClientProtocolException
-------
feature call (loop) failed at index: 30
caller: classpath:InspireTest/def/checkxlinkurl.template.feature
arg: {"link":""}
checkxlinkurl.template.feature:21 - 
org.apache.http.client.ClientProtocolException
-------
feature call (loop) failed at index: 31
caller: classpath:InspireTest/def/checkxlinkurl.template.feature
arg: {"link":""}
checkxlinkurl.template.feature:21 - 
org.apache.http.client.ClientProtocolException
-------
feature call (loop) failed at index: 32
caller: classpath:InspireTest/def/checkxlinkurl.template.feature
arg: {"link":""}
checkxlinkurl.template.feature:21 - 
org.apache.http.client.ClientProtocolException
-------
feature call (loop) failed at index: 33
caller: classpath:InspireTest/def/checkxlinkurl.template.feature
arg: {"link":""}
checkxlinkurl.template.feature:21 - 
org.apache.http.client.ClientProtocolException
-------
feature call (loop) failed at index: 34
caller: classpath:InspireTest/def/checkxlinkurl.template.feature
arg: {"link":""}
checkxlinkurl.template.feature:21 - 
org.apache.http.client.ClientProtocolException
-------
feature call (loop) failed at index: 35
caller: classpath:InspireTest/def/checkxlinkurl.template.feature
arg: {"link":""}
checkxlinkurl.template.feature:21 - 
org.apache.http.client.ClientProtocolException
-------
feature call (loop) failed at index: 36
caller: classpath:InspireTest/def/checkxlinkurl.template.feature
arg: {"link":""}
checkxlinkurl.template.feature:21 - 
org.apache.http.client.ClientProtocolException
-------
feature call (loop) failed at index: 37
caller: classpath:InspireTest/def/checkxlinkurl.template.feature
arg: {"link":""}
checkxlinkurl.template.feature:21 - 
org.apache.http.client.ClientProtocolException
-------
feature call (loop) failed at index: 38
caller: classpath:InspireTest/def/checkxlinkurl.template.feature
arg: {"link":""}
checkxlinkurl.template.feature:21 - 
org.apache.http.client.ClientProtocolException
-------
feature call (loop) failed at index: 39
caller: classpath:InspireTest/def/checkxlinkurl.template.feature
arg: {"link":""}
checkxlinkurl.template.feature:21 - 
org.apache.http.client.ClientProtocolException
-------
feature call (loop) failed at index: 40
caller: classpath:InspireTest/def/checkxlinkurl.template.feature
arg: {"link":""}
checkxlinkurl.template.feature:21 - 
org.apache.http.client.ClientProtocolException
-------
feature call (loop) failed at index: 41
caller: classpath:InspireTest/def/checkxlinkurl.template.feature
arg: {"link":""}
checkxlinkurl.template.feature:21 - 
org.apache.http.client.ClientProtocolException
-------
feature call (loop) failed at index: 42
caller: classpath:InspireTest/def/checkxlinkurl.template.feature
arg: {"link":""}
checkxlinkurl.template.feature:21 - 
org.apache.http.client.ClientProtocolException
-------
feature call (loop) failed at index: 43
caller: classpath:InspireTest/def/checkxlinkurl.template.feature
arg: {"link":""}
checkxlinkurl.template.feature:21 - 
org.apache.http.client.ClientProtocolException
-------
feature call (loop) failed at index: 44
caller: classpath:InspireTest/def/checkxlinkurl.template.feature
arg: {"link":""}
checkxlinkurl.template.feature:21 - 
org.apache.http.client.ClientProtocolException
-------
feature call (loop) failed at index: 45
caller: classpath:InspireTest/def/checkxlinkurl.template.feature
arg: {"link":""}
checkxlinkurl.template.feature:21 - 
org.apache.http.client.ClientProtocolException
-------
feature call (loop) failed at index: 46
caller: classpath:InspireTest/def/checkxlinkurl.template.feature
arg: {"link":""}
checkxlinkurl.template.feature:21 - 
org.apache.http.client.ClientProtocolException
-------
feature call (loop) failed at index: 47
caller: classpath:InspireTest/def/checkxlinkurl.template.feature
arg: {"link":""}
checkxlinkurl.template.feature:21 - 
org.apache.http.client.ClientProtocolException
-------
feature call (loop) failed at index: 48
caller: classpath:InspireTest/def/checkxlinkurl.template.feature
arg: {"link":""}
checkxlinkurl.template.feature:21 - 
org.apache.http.client.ClientProtocolException
-------
feature call (loop) failed at index: 49
caller: classpath:InspireTest/def/checkxlinkurl.template.feature
arg: {"link":""}
checkxlinkurl.template.feature:21 - 
org.apache.http.client.ClientProtocolException
-------
feature call (loop) failed at index: 50
caller: classpath:InspireTest/def/checkxlinkurl.template.feature
arg: {"link":""}
checkxlinkurl.template.feature:21 - 
org.apache.http.client.ClientProtocolException
-------
feature call (loop) failed at index: 51
caller: classpath:InspireTest/def/checkxlinkurl.template.feature
arg: {"link":""}
checkxlinkurl.template.feature:21 - 
org.apache.http.client.ClientProtocolException
-------
feature call (loop) failed at index: 52
caller: classpath:InspireTest/def/checkxlinkurl.template.feature
arg: {"link":""}
checkxlinkurl.template.feature:21 - 
org.apache.http.client.ClientProtocolException
-------
feature call (loop) failed at index: 53
caller: classpath:InspireTest/def/checkxlinkurl.template.feature
arg: {"link":""}
checkxlinkurl.template.feature:21 - 
org.apache.http.client.ClientProtocolException
-------
feature call (loop) failed at index: 54
caller: classpath:InspireTest/def/checkxlinkurl.template.feature
arg: {"link":""}
checkxlinkurl.template.feature:21 - 
org.apache.http.client.ClientProtocolException
-------
feature call (loop) failed at index: 55
caller: classpath:InspireTest/def/checkxlinkurl.template.feature
arg: {"link":""}
checkxlinkurl.template.feature:21 - 
org.apache.http.client.ClientProtocolException
-------
feature call (loop) failed at index: 56
caller: classpath:InspireTest/def/checkxlinkurl.template.feature
arg: {"link":""}
checkxlinkurl.template.feature:21 - 
org.apache.http.client.ClientProtocolException
-------
feature call (loop) failed at index: 57
caller: classpath:InspireTest/def/checkxlinkurl.template.feature
arg: {"link":""}
checkxlinkurl.template.feature:21 - 
org.apache.http.client.ClientProtocolException
-------
feature call (loop) failed at index: 58
caller: classpath:InspireTest/def/checkxlinkurl.template.feature
arg: {"link":""}
checkxlinkurl.template.feature:21 - 
org.apache.http.client.ClientProtocolException
-------
feature call (loop) failed at index: 59
caller: classpath:InspireTest/def/checkxlinkurl.template.feature
arg: {"link":""}
checkxlinkurl.template.feature:21 - 
org.apache.http.client.ClientProtocolException
-------
feature call (loop) failed at index: 60
caller: classpath:InspireTest/def/checkxlinkurl.template.feature
arg: {"link":""}
checkxlinkurl.template.feature:21 - 
org.apache.http.client.ClientProtocolException
-------
feature call (loop) failed at index: 61
caller: classpath:InspireTest/def/checkxlinkurl.template.feature
arg: {"link":""}
checkxlinkurl.template.feature:21 - 
org.apache.http.client.ClientProtocolException
-------
feature call (loop) failed at index: 62
caller: classpath:InspireTest/def/checkxlinkurl.template.feature
arg: {"link":""}
checkxlinkurl.template.feature:21 - 
org.apache.http.client.ClientProtocolException
-------
feature call (loop) failed at index: 63
caller: classpath:InspireTest/def/checkxlinkurl.template.feature
arg: {"link":""}
checkxlinkurl.template.feature:21 - 
org.apache.http.client.ClientProtocolException
-------
feature call (loop) failed at index: 64
caller: classpath:InspireTest/def/checkxlinkurl.template.feature
arg: {"link":""}
checkxlinkurl.template.feature:21 - 
org.apache.http.client.ClientProtocolException
-------
feature call (loop) failed at index: 65
caller: classpath:InspireTest/def/checkxlinkurl.template.feature
arg: {"link":""}
checkxlinkurl.template.feature:21 - 
org.apache.http.client.ClientProtocolException
-------
feature call (loop) failed at index: 66
caller: classpath:InspireTest/def/checkxlinkurl.template.feature
arg: {"link":""}
checkxlinkurl.template.feature:21 - 
org.apache.http.client.ClientProtocolException
-------
feature call (loop) failed at index: 67
caller: classpath:InspireTest/def/checkxlinkurl.template.feature
arg: {"link":""}
checkxlinkurl.template.feature:21 - 
org.apache.http.client.ClientProtocolException
-------
feature call (loop) failed at index: 68
caller: classpath:InspireTest/def/checkxlinkurl.template.feature
arg: {"link":""}
checkxlinkurl.template.feature:21 - 
org.apache.http.client.ClientProtocolException
-------
feature call (loop) failed at index: 69
caller: classpath:InspireTest/def/checkxlinkurl.template.feature
arg: {"link":""}
checkxlinkurl.template.feature:21 - 
org.apache.http.client.ClientProtocolException
-------
feature call (loop) failed at index: 70
caller: classpath:InspireTest/def/checkxlinkurl.template.feature
arg: {"link":""}
checkxlinkurl.template.feature:21 - 
org.apache.http.client.ClientProtocolException
-------
feature call (loop) failed at index: 71
caller: classpath:InspireTest/def/checkxlinkurl.template.feature
arg: {"link":""}
checkxlinkurl.template.feature:21 - 
org.apache.http.client.ClientProtocolException
-------
feature call (loop) failed at index: 72
caller: classpath:InspireTest/def/checkxlinkurl.template.feature
arg: {"link":""}
checkxlinkurl.template.feature:21 - 
org.apache.http.client.ClientProtocolException
-------
feature call (loop) failed at index: 73
caller: classpath:InspireTest/def/checkxlinkurl.template.feature
arg: {"link":""}
checkxlinkurl.template.feature:21 - 
org.apache.http.client.ClientProtocolException
-------
feature call (loop) failed at index: 74
caller: classpath:InspireTest/def/checkxlinkurl.template.feature
arg: {"link":""}
checkxlinkurl.template.feature:21 - 
org.apache.http.client.ClientProtocolException
-------
feature call (loop) failed at index: 75
caller: classpath:InspireTest/def/checkxlinkurl.template.feature
arg: {"link":""}
checkxlinkurl.template.feature:21 - 
org.apache.http.client.ClientProtocolException
-------
feature call (loop) failed at index: 76
caller: classpath:InspireTest/def/checkxlinkurl.template.feature
arg: {"link":""}
checkxlinkurl.template.feature:21 - 
org.apache.http.client.ClientProtocolException
-------
feature call (loop) failed at index: 77
caller: classpath:InspireTest/def/checkxlinkurl.template.feature
arg: {"link":""}
checkxlinkurl.template.feature:21 - 
org.apache.http.client.ClientProtocolException
-------
feature call (loop) failed at index: 78
caller: classpath:InspireTest/def/checkxlinkurl.template.feature
arg: {"link":""}
checkxlinkurl.template.feature:21 - 
org.apache.http.client.ClientProtocolException
-------
feature call (loop) failed at index: 79
caller: classpath:InspireTest/def/checkxlinkurl.template.feature
arg: {"link":""}
checkxlinkurl.template.feature:21 - 
org.apache.http.client.ClientProtocolException
-------
feature call (loop) failed at index: 80
caller: classpath:InspireTest/def/checkxlinkurl.template.feature
arg: {"link":""}
checkxlinkurl.template.feature:21 - 
org.apache.http.client.ClientProtocolException
-------
feature call (loop) failed at index: 81
caller: classpath:InspireTest/def/checkxlinkurl.template.feature
arg: {"link":""}
checkxlinkurl.template.feature:21 - 
org.apache.http.client.ClientProtocolException
-------
feature call (loop) failed at index: 82
caller: classpath:InspireTest/def/checkxlinkurl.template.feature
arg: {"link":""}
checkxlinkurl.template.feature:21 - 
org.apache.http.client.ClientProtocolException
-------
feature call (loop) failed at index: 83
caller: classpath:InspireTest/def/checkxlinkurl.template.feature
arg: {"link":""}
checkxlinkurl.template.feature:21 - 
org.apache.http.client.ClientProtocolException
-------
feature call (loop) failed at index: 84
caller: classpath:InspireTest/def/checkxlinkurl.template.feature
arg: {"link":""}
checkxlinkurl.template.feature:21 - 
org.apache.http.client.ClientProtocolException
-------
feature call (loop) failed at index: 85
caller: classpath:InspireTest/def/checkxlinkurl.template.feature
arg: {"link":""}
checkxlinkurl.template.feature:21 - 
org.apache.http.client.ClientProtocolException
-------
feature call (loop) failed at index: 86
caller: classpath:InspireTest/def/checkxlinkurl.template.feature
arg: {"link":""}
checkxlinkurl.template.feature:21 - 
org.apache.http.client.ClientProtocolException
-------
feature call (loop) failed at index: 87
caller: classpath:InspireTest/def/checkxlinkurl.template.feature
arg: {"link":""}
checkxlinkurl.template.feature:21 - 
org.apache.http.client.ClientProtocolException
-------
feature call (loop) failed at index: 88
caller: classpath:InspireTest/def/checkxlinkurl.template.feature
arg: {"link":""}
checkxlinkurl.template.feature:21 - 
org.apache.http.client.ClientProtocolException
-------
feature call (loop) failed at index: 89
caller: classpath:InspireTest/def/checkxlinkurl.template.feature
arg: {"link":""}
checkxlinkurl.template.feature:21 - 
org.apache.http.client.ClientProtocolException
-------
feature call (loop) failed at index: 90
caller: classpath:InspireTest/def/checkxlinkurl.template.feature
arg: {"link":""}
checkxlinkurl.template.feature:21 - 
org.apache.http.client.ClientProtocolException
-------
feature call (loop) failed at index: 91
caller: classpath:InspireTest/def/checkxlinkurl.template.feature
arg: {"link":""}
checkxlinkurl.template.feature:21 - 
org.apache.http.client.ClientProtocolException
-------
feature call (loop) failed at index: 92
caller: classpath:InspireTest/def/checkxlinkurl.template.feature
arg: {"link":""}
checkxlinkurl.template.feature:21 - 
org.apache.http.client.ClientProtocolException
-------
feature call (loop) failed at index: 93
caller: classpath:InspireTest/def/checkxlinkurl.template.feature
arg: {"link":""}
checkxlinkurl.template.feature:21 - 
org.apache.http.client.ClientProtocolException
-------
feature call (loop) failed at index: 94
caller: classpath:InspireTest/def/checkxlinkurl.template.feature
arg: {"link":""}
checkxlinkurl.template.feature:21 - 
org.apache.http.client.ClientProtocolException
-------
feature call (loop) failed at index: 95
caller: classpath:InspireTest/def/checkxlinkurl.template.feature
arg: {"link":""}
checkxlinkurl.template.feature:21 - 
org.apache.http.client.ClientProtocolException
-------
feature call (loop) failed at index: 96
caller: classpath:InspireTest/def/checkxlinkurl.template.feature
arg: {"link":""}
checkxlinkurl.template.feature:21 - 
org.apache.http.client.ClientProtocolException
-------
feature call (loop) failed at index: 97
caller: classpath:InspireTest/def/checkxlinkurl.template.feature
arg: {"link":""}
checkxlinkurl.template.feature:21 - 
org.apache.http.client.ClientProtocolException
-------
feature call (loop) failed at index: 98
caller: classpath:InspireTest/def/checkxlinkurl.template.feature
arg: {"link":""}
checkxlinkurl.template.feature:21 - 
org.apache.http.client.ClientProtocolException
-------
feature call (loop) failed at index: 99
caller: classpath:InspireTest/def/checkxlinkurl.template.feature
arg: {"link":""}
checkxlinkurl.template.feature:21 - 
org.apache.http.client.ClientProtocolException
-------
feature call (loop) failed at index: 100
caller: classpath:InspireTest/def/checkxlinkurl.template.feature
arg: {"link":""}
checkxlinkurl.template.feature:21 - 
org.apache.http.client.ClientProtocolException
-------
feature call (loop) failed at index: 101
caller: classpath:InspireTest/def/checkxlinkurl.template.feature
arg: {"link":""}
checkxlinkurl.template.feature:21 - 
org.apache.http.client.ClientProtocolException
-------
feature call (loop) failed at index: 102
caller: classpath:InspireTest/def/checkxlinkurl.template.feature
arg: {"link":""}
checkxlinkurl.template.feature:21 - 
org.apache.http.client.ClientProtocolException
-------
feature call (loop) failed at index: 103
caller: classpath:InspireTest/def/checkxlinkurl.template.feature
arg: {"link":""}
checkxlinkurl.template.feature:21 - 
org.apache.http.client.ClientProtocolException
-------
feature call (loop) failed at index: 104
caller: classpath:InspireTest/def/checkxlinkurl.template.feature
arg: {"link":""}
checkxlinkurl.template.feature:21 - 
org.apache.http.client.ClientProtocolException
-------
feature call (loop) failed at index: 105
caller: classpath:InspireTest/def/checkxlinkurl.template.feature
arg: {"link":""}
checkxlinkurl.template.feature:21 - 
org.apache.http.client.ClientProtocolException
-------
feature call (loop) failed at index: 106
caller: classpath:InspireTest/def/checkxlinkurl.template.feature
arg: {"link":""}
checkxlinkurl.template.feature:21 - 
org.apache.http.client.ClientProtocolException
-------
feature call (loop) failed at index: 107
caller: classpath:InspireTest/def/checkxlinkurl.template.feature
arg: {"link":""}
checkxlinkurl.template.feature:21 - 
org.apache.http.client.ClientProtocolException
-------
feature call (loop) failed at index: 108
caller: classpath:InspireTest/def/checkxlinkurl.template.feature
arg: {"link":""}
checkxlinkurl.template.feature:21 - 
org.apache.http.client.ClientProtocolException
-------
feature call (loop) failed at index: 109
caller: classpath:InspireTest/def/checkxlinkurl.template.feature
arg: {"link":""}
checkxlinkurl.template.feature:21 - 
org.apache.http.client.ClientProtocolException
-------
feature call (loop) failed at index: 110
caller: classpath:InspireTest/def/checkxlinkurl.template.feature
arg: {"link":""}
checkxlinkurl.template.feature:21 - 
org.apache.http.client.ClientProtocolException
-------
feature call (loop) failed at index: 111
caller: classpath:InspireTest/def/checkxlinkurl.template.feature
arg: {"link":""}
checkxlinkurl.template.feature:21 - 
org.apache.http.client.ClientProtocolException
-------
feature call (loop) failed at index: 112
caller: classpath:InspireTest/def/checkxlinkurl.template.feature
arg: {"link":""}
checkxlinkurl.template.feature:21 - 
org.apache.http.client.ClientProtocolException
-------
feature call (loop) failed at index: 113
caller: classpath:InspireTest/def/checkxlinkurl.template.feature
arg: {"link":""}
checkxlinkurl.template.feature:21 - 
org.apache.http.client.ClientProtocolException
-------
feature call (loop) failed at index: 114
caller: classpath:InspireTest/def/checkxlinkurl.template.feature
arg: {"link":""}
checkxlinkurl.template.feature:21 - 
org.apache.http.client.ClientProtocolException
-------
feature call (loop) failed at index: 115
caller: classpath:InspireTest/def/checkxlinkurl.template.feature
arg: {"link":""}
checkxlinkurl.template.feature:21 - 
org.apache.http.client.ClientProtocolException
-------
feature call (loop) failed at index: 116
caller: classpath:InspireTest/def/checkxlinkurl.template.feature
arg: {"link":""}
checkxlinkurl.template.feature:21 - 
org.apache.http.client.ClientProtocolException
-------
feature call (loop) failed at index: 117
caller: classpath:InspireTest/def/checkxlinkurl.template.feature
arg: {"link":""}
checkxlinkurl.template.feature:21 - 
org.apache.http.client.ClientProtocolException
-------
feature call (loop) failed at index: 118
caller: classpath:InspireTest/def/checkxlinkurl.template.feature
arg: {"link":""}
checkxlinkurl.template.feature:21 - 
org.apache.http.client.ClientProtocolException
-------
feature call (loop) failed at index: 119
caller: classpath:InspireTest/def/checkxlinkurl.template.feature
arg: {"link":""}
checkxlinkurl.template.feature:21 - 
org.apache.http.client.ClientProtocolException
-------
feature call (loop) failed at index: 120
caller: classpath:InspireTest/def/checkxlinkurl.template.feature
arg: {"link":""}
checkxlinkurl.template.feature:21 - 
org.apache.http.client.ClientProtocolException
-------
feature call (loop) failed at index: 121
caller: classpath:InspireTest/def/checkxlinkurl.template.feature
arg: {"link":""}
checkxlinkurl.template.feature:21 - 
org.apache.http.client.ClientProtocolException
-------
feature call (loop) failed at index: 122
caller: classpath:InspireTest/def/checkxlinkurl.template.feature
arg: {"link":""}
checkxlinkurl.template.feature:21 - 
org.apache.http.client.ClientProtocolException
-------
feature call (loop) failed at index: 123
caller: classpath:InspireTest/def/checkxlinkurl.template.feature
arg: {"link":""}
checkxlinkurl.template.feature:21 - 
org.apache.http.client.ClientProtocolException
-------
feature call (loop) failed at index: 124
caller: classpath:InspireTest/def/checkxlinkurl.template.feature
arg: {"link":""}
checkxlinkurl.template.feature:21 - 
org.apache.http.client.ClientProtocolException
-------
feature call (loop) failed at index: 125
caller: classpath:InspireTest/def/checkxlinkurl.template.feature
arg: {"link":""}
checkxlinkurl.template.feature:21 - 
org.apache.http.client.ClientProtocolException
-------
feature call (loop) failed at index: 126
caller: classpath:InspireTest/def/checkxlinkurl.template.feature
arg: {"link":""}
checkxlinkurl.template.feature:21 - 
org.apache.http.client.ClientProtocolException
-------
feature call (loop) failed at index: 127
caller: classpath:InspireTest/def/checkxlinkurl.template.feature
arg: {"link":""}
checkxlinkurl.template.feature:21 - 
org.apache.http.client.ClientProtocolException
-------
feature call (loop) failed at index: 128
caller: classpath:InspireTest/def/checkxlinkurl.template.feature
arg: {"link":""}
checkxlinkurl.template.feature:21 - 
org.apache.http.client.ClientProtocolException
-------
feature call (loop) failed at index: 129
caller: classpath:InspireTest/def/checkxlinkurl.template.feature
arg: {"link":""}
checkxlinkurl.template.feature:21 - 
org.apache.http.client.ClientProtocolException
-------
feature call (loop) failed at index: 130
caller: classpath:InspireTest/def/checkxlinkurl.template.feature
arg: {"link":""}
checkxlinkurl.template.feature:21 - 
org.apache.http.client.ClientProtocolException
-------
feature call (loop) failed at index: 131
caller: classpath:InspireTest/def/checkxlinkurl.template.feature
arg: {"link":""}
checkxlinkurl.template.feature:21 - 
org.apache.http.client.ClientProtocolException
-------
feature call (loop) failed at index: 132
caller: classpath:InspireTest/def/checkxlinkurl.template.feature
arg: {"link":""}
checkxlinkurl.template.feature:21 - 
org.apache.http.client.ClientProtocolException
-------
feature call (loop) failed at index: 133
caller: classpath:InspireTest/def/checkxlinkurl.template.feature
arg: {"link":""}
checkxlinkurl.template.feature:21 - 
org.apache.http.client.ClientProtocolException
-------
feature call (loop) failed at index: 134
caller: classpath:InspireTest/def/checkxlinkurl.template.feature
arg: {"link":""}
checkxlinkurl.template.feature:21 - 
org.apache.http.client.ClientProtocolException
-------
feature call (loop) failed at index: 135
caller: classpath:InspireTest/def/checkxlinkurl.template.feature
arg: {"link":""}
checkxlinkurl.template.feature:21 - 
org.apache.http.client.ClientProtocolException
-------
feature call (loop) failed at index: 136
caller: classpath:InspireTest/def/checkxlinkurl.template.feature
arg: {"link":""}
checkxlinkurl.template.feature:21 - 
org.apache.http.client.ClientProtocolException
-------
feature call (loop) failed at index: 137
caller: classpath:InspireTest/def/checkxlinkurl.template.feature
arg: {"link":""}
checkxlinkurl.template.feature:21 - 
org.apache.http.client.ClientProtocolException
-------
feature call (loop) failed at index: 138
caller: classpath:InspireTest/def/checkxlinkurl.template.feature
arg: {"link":""}
checkxlinkurl.template.feature:21 - 
org.apache.http.client.ClientProtocolException
-------
feature call (loop) failed at index: 139
caller: classpath:InspireTest/def/checkxlinkurl.template.feature
arg: {"link":""}
checkxlinkurl.template.feature:21 - 
org.apache.http.client.ClientProtocolException
-------
feature call (loop) failed at index: 140
caller: classpath:InspireTest/def/checkxlinkurl.template.feature
arg: {"link":""}
checkxlinkurl.template.feature:21 - 
org.apache.http.client.ClientProtocolException
-------
feature call (loop) failed at index: 141
caller: classpath:InspireTest/def/checkxlinkurl.template.feature
arg: {"link":""}
checkxlinkurl.template.feature:21 - 
org.apache.http.client.ClientProtocolException
-------
feature call (loop) failed at index: 142
caller: classpath:InspireTest/def/checkxlinkurl.template.feature
arg: {"link":""}
checkxlinkurl.template.feature:21 - 
org.apache.http.client.ClientProtocolException
-------
feature call (loop) failed at index: 143
caller: classpath:InspireTest/def/checkxlinkurl.template.feature
arg: {"link":""}
checkxlinkurl.template.feature:21 - 
org.apache.http.client.ClientProtocolException
-------
feature call (loop) failed at index: 144
caller: classpath:InspireTest/def/checkxlinkurl.template.feature
arg: {"link":""}
checkxlinkurl.template.feature:21 - 
org.apache.http.client.ClientProtocolException
-------
feature call (loop) failed at index: 145
caller: classpath:InspireTest/def/checkxlinkurl.template.feature
arg: {"link":""}
checkxlinkurl.template.feature:21 - 
org.apache.http.client.ClientProtocolException
-------
feature call (loop) failed at index: 146
caller: classpath:InspireTest/def/checkxlinkurl.template.feature
arg: {"link":""}
checkxlinkurl.template.feature:21 - 
org.apache.http.client.ClientProtocolException
-------
feature call (loop) failed at index: 147
caller: classpath:InspireTest/def/checkxlinkurl.template.feature
arg: {"link":""}
checkxlinkurl.template.feature:21 - 
org.apache.http.client.ClientProtocolException
-------
feature call (loop) failed at index: 148
caller: classpath:InspireTest/def/checkxlinkurl.template.feature
arg: {"link":""}
checkxlinkurl.template.feature:21 - 
org.apache.http.client.ClientProtocolException
-------
feature call (loop) failed at index: 149
caller: classpath:InspireTest/def/checkxlinkurl.template.feature
arg: {"link":""}
checkxlinkurl.template.feature:21 - 
org.apache.http.client.ClientProtocolException
-------
feature call (loop) failed at index: 150
caller: classpath:InspireTest/def/checkxlinkurl.template.feature
arg: {"link":""}
checkxlinkurl.template.feature:21 - 
org.apache.http.client.ClientProtocolException
-------
feature call (loop) failed at index: 151
caller: classpath:InspireTest/def/checkxlinkurl.template.feature
arg: {"link":""}
checkxlinkurl.template.feature:21 - 
org.apache.http.client.ClientProtocolException
-------
feature call (loop) failed at index: 152
caller: classpath:InspireTest/def/checkxlinkurl.template.feature
arg: {"link":""}
checkxlinkurl.template.feature:21 - 
org.apache.http.client.ClientProtocolException
-------
feature call (loop) failed at index: 153
caller: classpath:InspireTest/def/checkxlinkurl.template.feature
arg: {"link":""}
checkxlinkurl.template.feature:21 - 
org.apache.http.client.ClientProtocolException
-------
feature call (loop) failed at index: 154
caller: classpath:InspireTest/def/checkxlinkurl.template.feature
arg: {"link":""}
checkxlinkurl.template.feature:21 - 
org.apache.http.client.ClientProtocolException
-------
feature call (loop) failed at index: 155
caller: classpath:InspireTest/def/checkxlinkurl.template.feature
arg: {"link":""}
checkxlinkurl.template.feature:21 - 
org.apache.http.client.ClientProtocolException
-------
feature call (loop) failed at index: 156
caller: classpath:InspireTest/def/checkxlinkurl.template.feature
arg: {"link":""}
checkxlinkurl.template.feature:21 - 
org.apache.http.client.ClientProtocolException
-------
feature call (loop) failed at index: 157
caller: classpath:InspireTest/def/checkxlinkurl.template.feature
arg: {"link":""}
checkxlinkurl.template.feature:21 - 
org.apache.http.client.ClientProtocolException
-------
feature call (loop) failed at index: 158
caller: classpath:InspireTest/def/checkxlinkurl.template.feature
arg: {"link":""}
checkxlinkurl.template.feature:21 - 
org.apache.http.client.ClientProtocolException
-------
feature call (loop) failed at index: 159
caller: classpath:InspireTest/def/checkxlinkurl.template.feature
arg: {"link":""}
checkxlinkurl.template.feature:21 - 
org.apache.http.client.ClientProtocolException
[1.5:24] check-known-service-record.feature:72 - feature call (loop) failed: classpath:InspireTest/def/checkxlinkurl.template.feature
caller: classpath:InspireTest/ngr/T03_services/check-known-service-record.feature
items: [{link=http://rdfdata.eionet.europa.eu/inspirethemes/themes/31}, {link=http://geonetwork-opensource.org/inspire-theme#}, {link=}, {link=}, {link=}, {link=}, {link=}, {link=}, {link=}, {link=}, {link=}, {link=}, {link=}, {link=}, {link=}, {link=}, {link=}, {link=}, {link=}, {link=}, {link=}, {link=}, {link=}, {link=}, {link=}, {link=}, {link=}, {link=}, {link=}, {link=}, {link=}, {link=}, {link=}, {link=}, {link=}, {link=}, {link=}, {link=}, {link=}, {link=}, {link=}, {link=}, {link=}, {link=}, {link=}, {link=}, {link=}, {link=}, {link=}, {link=}, {link=}, {link=}, {link=}, {link=}, {link=}, {link=}, {link=}, {link=}, {link=}, {link=}, {link=}, {link=}, {link=}, {link=}, {link=}, {link=}, {link=}, {link=}, {link=}, {link=}, {link=}, {link=}, {link=}, {link=}, {link=}, {link=}, {link=}, {link=}, {link=}, {link=}, {link=}, {link=}, {link=}, {link=}, {link=}, {link=}, {link=}, {link=}, {link=}, {link=}, {link=}, {link=}, {link=}, {link=}, {link=}, {link=}, {link=}, {link=}, {link=}, {link=}, {link=}, {link=}, {link=}, {link=}, {link=}, {link=}, {link=}, {link=}, {link=}, {link=}, {link=}, {link=}, {link=}, {link=}, {link=}, {link=}, {link=}, {link=}, {link=}, {link=}, {link=}, {link=}, {link=}, {link=}, {link=}, {link=}, {link=}, {link=}, {link=}, {link=}, {link=}, {link=}, {link=}, {link=}, {link=}, {link=}, {link=}, {link=}, {link=}, {link=}, {link=}, {link=}, {link=}, {link=}, {link=}, {link=}, {link=}, {link=}, {link=}, {link=}, {link=}, {link=}, {link=}, {link=}, {link=}, {link=}, {link=}, {link=}, {link=http://nationaalgeoregister.nl/geonetwork/srv/en/csw?service=CSW&version=2.0.2&request=GetRecordById&outputschema=http://www.isotc211.org/2005/gmd&elementsetname=full&id=977e0e94-7aa9-4784-b2da-eaec44adb61b#MD_DataIdentification}]
errors:
-------
feature call (loop) failed at index: 0
caller: classpath:InspireTest/def/checkxlinkurl.template.feature
arg: {"link":"http://rdfdata.eionet.europa.eu/inspirethemes/themes/31"}
checkxlinkurl.template.feature:28 - path: $, actual: 404, expected: 200, reason: not equal (Integer)
-------
feature call (loop) failed at index: 1
caller: classpath:InspireTest/def/checkxlinkurl.template.feature
arg: {"link":"http://geonetwork-opensource.org/inspire-theme#"}
checkxlinkurl.template.feature:28 - path: $, actual: 404, expected: 200, reason: not equal (Integer)
-------
feature call (loop) failed at index: 2
caller: classpath:InspireTest/def/checkxlinkurl.template.feature
arg: {"link":""}
checkxlinkurl.template.feature:21 - 
org.apache.http.client.ClientProtocolException
-------
feature call (loop) failed at index: 3
caller: classpath:InspireTest/def/checkxlinkurl.template.feature
arg: {"link":""}
checkxlinkurl.template.feature:21 - 
org.apache.http.client.ClientProtocolException
-------
feature call (loop) failed at index: 4
caller: classpath:InspireTest/def/checkxlinkurl.template.feature
arg: {"link":""}
checkxlinkurl.template.feature:21 - 
org.apache.http.client.ClientProtocolException
-------
feature call (loop) failed at index: 5
caller: classpath:InspireTest/def/checkxlinkurl.template.feature
arg: {"link":""}
checkxlinkurl.template.feature:21 - 
org.apache.http.client.ClientProtocolException
-------
feature call (loop) failed at index: 6
caller: classpath:InspireTest/def/checkxlinkurl.template.feature
arg: {"link":""}
checkxlinkurl.template.feature:21 - 
org.apache.http.client.ClientProtocolException
-------
feature call (loop) failed at index: 7
caller: classpath:InspireTest/def/checkxlinkurl.template.feature
arg: {"link":""}
checkxlinkurl.template.feature:21 - 
org.apache.http.client.ClientProtocolException
-------
feature call (loop) failed at index: 8
caller: classpath:InspireTest/def/checkxlinkurl.template.feature
arg: {"link":""}
checkxlinkurl.template.feature:21 - 
org.apache.http.client.ClientProtocolException
-------
feature call (loop) failed at index: 9
caller: classpath:InspireTest/def/checkxlinkurl.template.feature
arg: {"link":""}
checkxlinkurl.template.feature:21 - 
org.apache.http.client.ClientProtocolException
-------
feature call (loop) failed at index: 10
caller: classpath:InspireTest/def/checkxlinkurl.template.feature
arg: {"link":""}
checkxlinkurl.template.feature:21 - 
org.apache.http.client.ClientProtocolException
-------
feature call (loop) failed at index: 11
caller: classpath:InspireTest/def/checkxlinkurl.template.feature
arg: {"link":""}
checkxlinkurl.template.feature:21 - 
org.apache.http.client.ClientProtocolException
-------
feature call (loop) failed at index: 12
caller: classpath:InspireTest/def/checkxlinkurl.template.feature
arg: {"link":""}
checkxlinkurl.template.feature:21 - 
org.apache.http.client.ClientProtocolException
-------
feature call (loop) failed at index: 13
caller: classpath:InspireTest/def/checkxlinkurl.template.feature
arg: {"link":""}
checkxlinkurl.template.feature:21 - 
org.apache.http.client.ClientProtocolException
-------
feature call (loop) failed at index: 14
caller: classpath:InspireTest/def/checkxlinkurl.template.feature
arg: {"link":""}
checkxlinkurl.template.feature:21 - 
org.apache.http.client.ClientProtocolException
-------
feature call (loop) failed at index: 15
caller: classpath:InspireTest/def/checkxlinkurl.template.feature
arg: {"link":""}
checkxlinkurl.template.feature:21 - 
org.apache.http.client.ClientProtocolException
-------
feature call (loop) failed at index: 16
caller: classpath:InspireTest/def/checkxlinkurl.template.feature
arg: {"link":""}
checkxlinkurl.template.feature:21 - 
org.apache.http.client.ClientProtocolException
-------
feature call (loop) failed at index: 17
caller: classpath:InspireTest/def/checkxlinkurl.template.feature
arg: {"link":""}
checkxlinkurl.template.feature:21 - 
org.apache.http.client.ClientProtocolException
-------
feature call (loop) failed at index: 18
caller: classpath:InspireTest/def/checkxlinkurl.template.feature
arg: {"link":""}
checkxlinkurl.template.feature:21 - 
org.apache.http.client.ClientProtocolException
-------
feature call (loop) failed at index: 19
caller: classpath:InspireTest/def/checkxlinkurl.template.feature
arg: {"link":""}
checkxlinkurl.template.feature:21 - 
org.apache.http.client.ClientProtocolException
-------
feature call (loop) failed at index: 20
caller: classpath:InspireTest/def/checkxlinkurl.template.feature
arg: {"link":""}
checkxlinkurl.template.feature:21 - 
org.apache.http.client.ClientProtocolException
-------
feature call (loop) failed at index: 21
caller: classpath:InspireTest/def/checkxlinkurl.template.feature
arg: {"link":""}
checkxlinkurl.template.feature:21 - 
org.apache.http.client.ClientProtocolException
-------
feature call (loop) failed at index: 22
caller: classpath:InspireTest/def/checkxlinkurl.template.feature
arg: {"link":""}
checkxlinkurl.template.feature:21 - 
org.apache.http.client.ClientProtocolException
-------
feature call (loop) failed at index: 23
caller: classpath:InspireTest/def/checkxlinkurl.template.feature
arg: {"link":""}
checkxlinkurl.template.feature:21 - 
org.apache.http.client.ClientProtocolException
-------
feature call (loop) failed at index: 24
caller: classpath:InspireTest/def/checkxlinkurl.template.feature
arg: {"link":""}
checkxlinkurl.template.feature:21 - 
org.apache.http.client.ClientProtocolException
-------
feature call (loop) failed at index: 25
caller: classpath:InspireTest/def/checkxlinkurl.template.feature
arg: {"link":""}
checkxlinkurl.template.feature:21 - 
org.apache.http.client.ClientProtocolException
-------
feature call (loop) failed at index: 26
caller: classpath:InspireTest/def/checkxlinkurl.template.feature
arg: {"link":""}
checkxlinkurl.template.feature:21 - 
org.apache.http.client.ClientProtocolException
-------
feature call (loop) failed at index: 27
caller: classpath:InspireTest/def/checkxlinkurl.template.feature
arg: {"link":""}
checkxlinkurl.template.feature:21 - 
org.apache.http.client.ClientProtocolException
-------
feature call (loop) failed at index: 28
caller: classpath:InspireTest/def/checkxlinkurl.template.feature
arg: {"link":""}
checkxlinkurl.template.feature:21 - 
org.apache.http.client.ClientProtocolException
-------
feature call (loop) failed at index: 29
caller: classpath:InspireTest/def/checkxlinkurl.template.feature
arg: {"link":""}
checkxlinkurl.template.feature:21 - 
org.apache.http.client.ClientProtocolException
-------
feature call (loop) failed at index: 30
caller: classpath:InspireTest/def/checkxlinkurl.template.feature
arg: {"link":""}
checkxlinkurl.template.feature:21 - 
org.apache.http.client.ClientProtocolException
-------
feature call (loop) failed at index: 31
caller: classpath:InspireTest/def/checkxlinkurl.template.feature
arg: {"link":""}
checkxlinkurl.template.feature:21 - 
org.apache.http.client.ClientProtocolException
-------
feature call (loop) failed at index: 32
caller: classpath:InspireTest/def/checkxlinkurl.template.feature
arg: {"link":""}
checkxlinkurl.template.feature:21 - 
org.apache.http.client.ClientProtocolException
-------
feature call (loop) failed at index: 33
caller: classpath:InspireTest/def/checkxlinkurl.template.feature
arg: {"link":""}
checkxlinkurl.template.feature:21 - 
org.apache.http.client.ClientProtocolException
-------
feature call (loop) failed at index: 34
caller: classpath:InspireTest/def/checkxlinkurl.template.feature
arg: {"link":""}
checkxlinkurl.template.feature:21 - 
org.apache.http.client.ClientProtocolException
-------
feature call (loop) failed at index: 35
caller: classpath:InspireTest/def/checkxlinkurl.template.feature
arg: {"link":""}
checkxlinkurl.template.feature:21 - 
org.apache.http.client.ClientProtocolException
-------
feature call (loop) failed at index: 36
caller: classpath:InspireTest/def/checkxlinkurl.template.feature
arg: {"link":""}
checkxlinkurl.template.feature:21 - 
org.apache.http.client.ClientProtocolException
-------
feature call (loop) failed at index: 37
caller: classpath:InspireTest/def/checkxlinkurl.template.feature
arg: {"link":""}
checkxlinkurl.template.feature:21 - 
org.apache.http.client.ClientProtocolException
-------
feature call (loop) failed at index: 38
caller: classpath:InspireTest/def/checkxlinkurl.template.feature
arg: {"link":""}
checkxlinkurl.template.feature:21 - 
org.apache.http.client.ClientProtocolException
-------
feature call (loop) failed at index: 39
caller: classpath:InspireTest/def/checkxlinkurl.template.feature
arg: {"link":""}
checkxlinkurl.template.feature:21 - 
org.apache.http.client.ClientProtocolException
-------
feature call (loop) failed at index: 40
caller: classpath:InspireTest/def/checkxlinkurl.template.feature
arg: {"link":""}
checkxlinkurl.template.feature:21 - 
org.apache.http.client.ClientProtocolException
-------
feature call (loop) failed at index: 41
caller: classpath:InspireTest/def/checkxlinkurl.template.feature
arg: {"link":""}
checkxlinkurl.template.feature:21 - 
org.apache.http.client.ClientProtocolException
-------
feature call (loop) failed at index: 42
caller: classpath:InspireTest/def/checkxlinkurl.template.feature
arg: {"link":""}
checkxlinkurl.template.feature:21 - 
org.apache.http.client.ClientProtocolException
-------
feature call (loop) failed at index: 43
caller: classpath:InspireTest/def/checkxlinkurl.template.feature
arg: {"link":""}
checkxlinkurl.template.feature:21 - 
org.apache.http.client.ClientProtocolException
-------
feature call (loop) failed at index: 44
caller: classpath:InspireTest/def/checkxlinkurl.template.feature
arg: {"link":""}
checkxlinkurl.template.feature:21 - 
org.apache.http.client.ClientProtocolException
-------
feature call (loop) failed at index: 45
caller: classpath:InspireTest/def/checkxlinkurl.template.feature
arg: {"link":""}
checkxlinkurl.template.feature:21 - 
org.apache.http.client.ClientProtocolException
-------
feature call (loop) failed at index: 46
caller: classpath:InspireTest/def/checkxlinkurl.template.feature
arg: {"link":""}
checkxlinkurl.template.feature:21 - 
org.apache.http.client.ClientProtocolException
-------
feature call (loop) failed at index: 47
caller: classpath:InspireTest/def/checkxlinkurl.template.feature
arg: {"link":""}
checkxlinkurl.template.feature:21 - 
org.apache.http.client.ClientProtocolException
-------
feature call (loop) failed at index: 48
caller: classpath:InspireTest/def/checkxlinkurl.template.feature
arg: {"link":""}
checkxlinkurl.template.feature:21 - 
org.apache.http.client.ClientProtocolException
-------
feature call (loop) failed at index: 49
caller: classpath:InspireTest/def/checkxlinkurl.template.feature
arg: {"link":""}
checkxlinkurl.template.feature:21 - 
org.apache.http.client.ClientProtocolException
-------
feature call (loop) failed at index: 50
caller: classpath:InspireTest/def/checkxlinkurl.template.feature
arg: {"link":""}
checkxlinkurl.template.feature:21 - 
org.apache.http.client.ClientProtocolException
-------
feature call (loop) failed at index: 51
caller: classpath:InspireTest/def/checkxlinkurl.template.feature
arg: {"link":""}
checkxlinkurl.template.feature:21 - 
org.apache.http.client.ClientProtocolException
-------
feature call (loop) failed at index: 52
caller: classpath:InspireTest/def/checkxlinkurl.template.feature
arg: {"link":""}
checkxlinkurl.template.feature:21 - 
org.apache.http.client.ClientProtocolException
-------
feature call (loop) failed at index: 53
caller: classpath:InspireTest/def/checkxlinkurl.template.feature
arg: {"link":""}
checkxlinkurl.template.feature:21 - 
org.apache.http.client.ClientProtocolException
-------
feature call (loop) failed at index: 54
caller: classpath:InspireTest/def/checkxlinkurl.template.feature
arg: {"link":""}
checkxlinkurl.template.feature:21 - 
org.apache.http.client.ClientProtocolException
-------
feature call (loop) failed at index: 55
caller: classpath:InspireTest/def/checkxlinkurl.template.feature
arg: {"link":""}
checkxlinkurl.template.feature:21 - 
org.apache.http.client.ClientProtocolException
-------
feature call (loop) failed at index: 56
caller: classpath:InspireTest/def/checkxlinkurl.template.feature
arg: {"link":""}
checkxlinkurl.template.feature:21 - 
org.apache.http.client.ClientProtocolException
-------
feature call (loop) failed at index: 57
caller: classpath:InspireTest/def/checkxlinkurl.template.feature
arg: {"link":""}
checkxlinkurl.template.feature:21 - 
org.apache.http.client.ClientProtocolException
-------
feature call (loop) failed at index: 58
caller: classpath:InspireTest/def/checkxlinkurl.template.feature
arg: {"link":""}
checkxlinkurl.template.feature:21 - 
org.apache.http.client.ClientProtocolException
-------
feature call (loop) failed at index: 59
caller: classpath:InspireTest/def/checkxlinkurl.template.feature
arg: {"link":""}
checkxlinkurl.template.feature:21 - 
org.apache.http.client.ClientProtocolException
-------
feature call (loop) failed at index: 60
caller: classpath:InspireTest/def/checkxlinkurl.template.feature
arg: {"link":""}
checkxlinkurl.template.feature:21 - 
org.apache.http.client.ClientProtocolException
-------
feature call (loop) failed at index: 61
caller: classpath:InspireTest/def/checkxlinkurl.template.feature
arg: {"link":""}
checkxlinkurl.template.feature:21 - 
org.apache.http.client.ClientProtocolException
-------
feature call (loop) failed at index: 62
caller: classpath:InspireTest/def/checkxlinkurl.template.feature
arg: {"link":""}
checkxlinkurl.template.feature:21 - 
org.apache.http.client.ClientProtocolException
-------
feature call (loop) failed at index: 63
caller: classpath:InspireTest/def/checkxlinkurl.template.feature
arg: {"link":""}
checkxlinkurl.template.feature:21 - 
org.apache.http.client.ClientProtocolException
-------
feature call (loop) failed at index: 64
caller: classpath:InspireTest/def/checkxlinkurl.template.feature
arg: {"link":""}
checkxlinkurl.template.feature:21 - 
org.apache.http.client.ClientProtocolException
-------
feature call (loop) failed at index: 65
caller: classpath:InspireTest/def/checkxlinkurl.template.feature
arg: {"link":""}
checkxlinkurl.template.feature:21 - 
org.apache.http.client.ClientProtocolException
-------
feature call (loop) failed at index: 66
caller: classpath:InspireTest/def/checkxlinkurl.template.feature
arg: {"link":""}
checkxlinkurl.template.feature:21 - 
org.apache.http.client.ClientProtocolException
-------
feature call (loop) failed at index: 67
caller: classpath:InspireTest/def/checkxlinkurl.template.feature
arg: {"link":""}
checkxlinkurl.template.feature:21 - 
org.apache.http.client.ClientProtocolException
-------
feature call (loop) failed at index: 68
caller: classpath:InspireTest/def/checkxlinkurl.template.feature
arg: {"link":""}
checkxlinkurl.template.feature:21 - 
org.apache.http.client.ClientProtocolException
-------
feature call (loop) failed at index: 69
caller: classpath:InspireTest/def/checkxlinkurl.template.feature
arg: {"link":""}
checkxlinkurl.template.feature:21 - 
org.apache.http.client.ClientProtocolException
-------
feature call (loop) failed at index: 70
caller: classpath:InspireTest/def/checkxlinkurl.template.feature
arg: {"link":""}
checkxlinkurl.template.feature:21 - 
org.apache.http.client.ClientProtocolException
-------
feature call (loop) failed at index: 71
caller: classpath:InspireTest/def/checkxlinkurl.template.feature
arg: {"link":""}
checkxlinkurl.template.feature:21 - 
org.apache.http.client.ClientProtocolException
-------
feature call (loop) failed at index: 72
caller: classpath:InspireTest/def/checkxlinkurl.template.feature
arg: {"link":""}
checkxlinkurl.template.feature:21 - 
org.apache.http.client.ClientProtocolException
-------
feature call (loop) failed at index: 73
caller: classpath:InspireTest/def/checkxlinkurl.template.feature
arg: {"link":""}
checkxlinkurl.template.feature:21 - 
org.apache.http.client.ClientProtocolException
-------
feature call (loop) failed at index: 74
caller: classpath:InspireTest/def/checkxlinkurl.template.feature
arg: {"link":""}
checkxlinkurl.template.feature:21 - 
org.apache.http.client.ClientProtocolException
-------
feature call (loop) failed at index: 75
caller: classpath:InspireTest/def/checkxlinkurl.template.feature
arg: {"link":""}
checkxlinkurl.template.feature:21 - 
org.apache.http.client.ClientProtocolException
-------
feature call (loop) failed at index: 76
caller: classpath:InspireTest/def/checkxlinkurl.template.feature
arg: {"link":""}
checkxlinkurl.template.feature:21 - 
org.apache.http.client.ClientProtocolException
-------
feature call (loop) failed at index: 77
caller: classpath:InspireTest/def/checkxlinkurl.template.feature
arg: {"link":""}
checkxlinkurl.template.feature:21 - 
org.apache.http.client.ClientProtocolException
-------
feature call (loop) failed at index: 78
caller: classpath:InspireTest/def/checkxlinkurl.template.feature
arg: {"link":""}
checkxlinkurl.template.feature:21 - 
org.apache.http.client.ClientProtocolException
-------
feature call (loop) failed at index: 79
caller: classpath:InspireTest/def/checkxlinkurl.template.feature
arg: {"link":""}
checkxlinkurl.template.feature:21 - 
org.apache.http.client.ClientProtocolException
-------
feature call (loop) failed at index: 80
caller: classpath:InspireTest/def/checkxlinkurl.template.feature
arg: {"link":""}
checkxlinkurl.template.feature:21 - 
org.apache.http.client.ClientProtocolException
-------
feature call (loop) failed at index: 81
caller: classpath:InspireTest/def/checkxlinkurl.template.feature
arg: {"link":""}
checkxlinkurl.template.feature:21 - 
org.apache.http.client.ClientProtocolException
-------
feature call (loop) failed at index: 82
caller: classpath:InspireTest/def/checkxlinkurl.template.feature
arg: {"link":""}
checkxlinkurl.template.feature:21 - 
org.apache.http.client.ClientProtocolException
-------
feature call (loop) failed at index: 83
caller: classpath:InspireTest/def/checkxlinkurl.template.feature
arg: {"link":""}
checkxlinkurl.template.feature:21 - 
org.apache.http.client.ClientProtocolException
-------
feature call (loop) failed at index: 84
caller: classpath:InspireTest/def/checkxlinkurl.template.feature
arg: {"link":""}
checkxlinkurl.template.feature:21 - 
org.apache.http.client.ClientProtocolException
-------
feature call (loop) failed at index: 85
caller: classpath:InspireTest/def/checkxlinkurl.template.feature
arg: {"link":""}
checkxlinkurl.template.feature:21 - 
org.apache.http.client.ClientProtocolException
-------
feature call (loop) failed at index: 86
caller: classpath:InspireTest/def/checkxlinkurl.template.feature
arg: {"link":""}
checkxlinkurl.template.feature:21 - 
org.apache.http.client.ClientProtocolException
-------
feature call (loop) failed at index: 87
caller: classpath:InspireTest/def/checkxlinkurl.template.feature
arg: {"link":""}
checkxlinkurl.template.feature:21 - 
org.apache.http.client.ClientProtocolException
-------
feature call (loop) failed at index: 88
caller: classpath:InspireTest/def/checkxlinkurl.template.feature
arg: {"link":""}
checkxlinkurl.template.feature:21 - 
org.apache.http.client.ClientProtocolException
-------
feature call (loop) failed at index: 89
caller: classpath:InspireTest/def/checkxlinkurl.template.feature
arg: {"link":""}
checkxlinkurl.template.feature:21 - 
org.apache.http.client.ClientProtocolException
-------
feature call (loop) failed at index: 90
caller: classpath:InspireTest/def/checkxlinkurl.template.feature
arg: {"link":""}
checkxlinkurl.template.feature:21 - 
org.apache.http.client.ClientProtocolException
-------
feature call (loop) failed at index: 91
caller: classpath:InspireTest/def/checkxlinkurl.template.feature
arg: {"link":""}
checkxlinkurl.template.feature:21 - 
org.apache.http.client.ClientProtocolException
-------
feature call (loop) failed at index: 92
caller: classpath:InspireTest/def/checkxlinkurl.template.feature
arg: {"link":""}
checkxlinkurl.template.feature:21 - 
org.apache.http.client.ClientProtocolException
-------
feature call (loop) failed at index: 93
caller: classpath:InspireTest/def/checkxlinkurl.template.feature
arg: {"link":""}
checkxlinkurl.template.feature:21 - 
org.apache.http.client.ClientProtocolException
-------
feature call (loop) failed at index: 94
caller: classpath:InspireTest/def/checkxlinkurl.template.feature
arg: {"link":""}
checkxlinkurl.template.feature:21 - 
org.apache.http.client.ClientProtocolException
-------
feature call (loop) failed at index: 95
caller: classpath:InspireTest/def/checkxlinkurl.template.feature
arg: {"link":""}
checkxlinkurl.template.feature:21 - 
org.apache.http.client.ClientProtocolException
-------
feature call (loop) failed at index: 96
caller: classpath:InspireTest/def/checkxlinkurl.template.feature
arg: {"link":""}
checkxlinkurl.template.feature:21 - 
org.apache.http.client.ClientProtocolException
-------
feature call (loop) failed at index: 97
caller: classpath:InspireTest/def/checkxlinkurl.template.feature
arg: {"link":""}
checkxlinkurl.template.feature:21 - 
org.apache.http.client.ClientProtocolException
-------
feature call (loop) failed at index: 98
caller: classpath:InspireTest/def/checkxlinkurl.template.feature
arg: {"link":""}
checkxlinkurl.template.feature:21 - 
org.apache.http.client.ClientProtocolException
-------
feature call (loop) failed at index: 99
caller: classpath:InspireTest/def/checkxlinkurl.template.feature
arg: {"link":""}
checkxlinkurl.template.feature:21 - 
org.apache.http.client.ClientProtocolException
-------
feature call (loop) failed at index: 100
caller: classpath:InspireTest/def/checkxlinkurl.template.feature
arg: {"link":""}
checkxlinkurl.template.feature:21 - 
org.apache.http.client.ClientProtocolException
-------
feature call (loop) failed at index: 101
caller: classpath:InspireTest/def/checkxlinkurl.template.feature
arg: {"link":""}
checkxlinkurl.template.feature:21 - 
org.apache.http.client.ClientProtocolException
-------
feature call (loop) failed at index: 102
caller: classpath:InspireTest/def/checkxlinkurl.template.feature
arg: {"link":""}
checkxlinkurl.template.feature:21 - 
org.apache.http.client.ClientProtocolException
-------
feature call (loop) failed at index: 103
caller: classpath:InspireTest/def/checkxlinkurl.template.feature
arg: {"link":""}
checkxlinkurl.template.feature:21 - 
org.apache.http.client.ClientProtocolException
-------
feature call (loop) failed at index: 104
caller: classpath:InspireTest/def/checkxlinkurl.template.feature
arg: {"link":""}
checkxlinkurl.template.feature:21 - 
org.apache.http.client.ClientProtocolException
-------
feature call (loop) failed at index: 105
caller: classpath:InspireTest/def/checkxlinkurl.template.feature
arg: {"link":""}
checkxlinkurl.template.feature:21 - 
org.apache.http.client.ClientProtocolException
-------
feature call (loop) failed at index: 106
caller: classpath:InspireTest/def/checkxlinkurl.template.feature
arg: {"link":""}
checkxlinkurl.template.feature:21 - 
org.apache.http.client.ClientProtocolException
-------
feature call (loop) failed at index: 107
caller: classpath:InspireTest/def/checkxlinkurl.template.feature
arg: {"link":""}
checkxlinkurl.template.feature:21 - 
org.apache.http.client.ClientProtocolException
-------
feature call (loop) failed at index: 108
caller: classpath:InspireTest/def/checkxlinkurl.template.feature
arg: {"link":""}
checkxlinkurl.template.feature:21 - 
org.apache.http.client.ClientProtocolException
-------
feature call (loop) failed at index: 109
caller: classpath:InspireTest/def/checkxlinkurl.template.feature
arg: {"link":""}
checkxlinkurl.template.feature:21 - 
org.apache.http.client.ClientProtocolException
-------
feature call (loop) failed at index: 110
caller: classpath:InspireTest/def/checkxlinkurl.template.feature
arg: {"link":""}
checkxlinkurl.template.feature:21 - 
org.apache.http.client.ClientProtocolException
-------
feature call (loop) failed at index: 111
caller: classpath:InspireTest/def/checkxlinkurl.template.feature
arg: {"link":""}
checkxlinkurl.template.feature:21 - 
org.apache.http.client.ClientProtocolException
-------
feature call (loop) failed at index: 112
caller: classpath:InspireTest/def/checkxlinkurl.template.feature
arg: {"link":""}
checkxlinkurl.template.feature:21 - 
org.apache.http.client.ClientProtocolException
-------
feature call (loop) failed at index: 113
caller: classpath:InspireTest/def/checkxlinkurl.template.feature
arg: {"link":""}
checkxlinkurl.template.feature:21 - 
org.apache.http.client.ClientProtocolException
-------
feature call (loop) failed at index: 114
caller: classpath:InspireTest/def/checkxlinkurl.template.feature
arg: {"link":""}
checkxlinkurl.template.feature:21 - 
org.apache.http.client.ClientProtocolException
-------
feature call (loop) failed at index: 115
caller: classpath:InspireTest/def/checkxlinkurl.template.feature
arg: {"link":""}
checkxlinkurl.template.feature:21 - 
org.apache.http.client.ClientProtocolException
-------
feature call (loop) failed at index: 116
caller: classpath:InspireTest/def/checkxlinkurl.template.feature
arg: {"link":""}
checkxlinkurl.template.feature:21 - 
org.apache.http.client.ClientProtocolException
-------
feature call (loop) failed at index: 117
caller: classpath:InspireTest/def/checkxlinkurl.template.feature
arg: {"link":""}
checkxlinkurl.template.feature:21 - 
org.apache.http.client.ClientProtocolException
-------
feature call (loop) failed at index: 118
caller: classpath:InspireTest/def/checkxlinkurl.template.feature
arg: {"link":""}
checkxlinkurl.template.feature:21 - 
org.apache.http.client.ClientProtocolException
-------
feature call (loop) failed at index: 119
caller: classpath:InspireTest/def/checkxlinkurl.template.feature
arg: {"link":""}
checkxlinkurl.template.feature:21 - 
org.apache.http.client.ClientProtocolException
-------
feature call (loop) failed at index: 120
caller: classpath:InspireTest/def/checkxlinkurl.template.feature
arg: {"link":""}
checkxlinkurl.template.feature:21 - 
org.apache.http.client.ClientProtocolException
-------
feature call (loop) failed at index: 121
caller: classpath:InspireTest/def/checkxlinkurl.template.feature
arg: {"link":""}
checkxlinkurl.template.feature:21 - 
org.apache.http.client.ClientProtocolException
-------
feature call (loop) failed at index: 122
caller: classpath:InspireTest/def/checkxlinkurl.template.feature
arg: {"link":""}
checkxlinkurl.template.feature:21 - 
org.apache.http.client.ClientProtocolException
-------
feature call (loop) failed at index: 123
caller: classpath:InspireTest/def/checkxlinkurl.template.feature
arg: {"link":""}
checkxlinkurl.template.feature:21 - 
org.apache.http.client.ClientProtocolException
-------
feature call (loop) failed at index: 124
caller: classpath:InspireTest/def/checkxlinkurl.template.feature
arg: {"link":""}
checkxlinkurl.template.feature:21 - 
org.apache.http.client.ClientProtocolException
-------
feature call (loop) failed at index: 125
caller: classpath:InspireTest/def/checkxlinkurl.template.feature
arg: {"link":""}
checkxlinkurl.template.feature:21 - 
org.apache.http.client.ClientProtocolException
-------
feature call (loop) failed at index: 126
caller: classpath:InspireTest/def/checkxlinkurl.template.feature
arg: {"link":""}
checkxlinkurl.template.feature:21 - 
org.apache.http.client.ClientProtocolException
-------
feature call (loop) failed at index: 127
caller: classpath:InspireTest/def/checkxlinkurl.template.feature
arg: {"link":""}
checkxlinkurl.template.feature:21 - 
org.apache.http.client.ClientProtocolException
-------
feature call (loop) failed at index: 128
caller: classpath:InspireTest/def/checkxlinkurl.template.feature
arg: {"link":""}
checkxlinkurl.template.feature:21 - 
org.apache.http.client.ClientProtocolException
-------
feature call (loop) failed at index: 129
caller: classpath:InspireTest/def/checkxlinkurl.template.feature
arg: {"link":""}
checkxlinkurl.template.feature:21 - 
org.apache.http.client.ClientProtocolException
-------
feature call (loop) failed at index: 130
caller: classpath:InspireTest/def/checkxlinkurl.template.feature
arg: {"link":""}
checkxlinkurl.template.feature:21 - 
org.apache.http.client.ClientProtocolException
-------
feature call (loop) failed at index: 131
caller: classpath:InspireTest/def/checkxlinkurl.template.feature
arg: {"link":""}
checkxlinkurl.template.feature:21 - 
org.apache.http.client.ClientProtocolException
-------
feature call (loop) failed at index: 132
caller: classpath:InspireTest/def/checkxlinkurl.template.feature
arg: {"link":""}
checkxlinkurl.template.feature:21 - 
org.apache.http.client.ClientProtocolException
-------
feature call (loop) failed at index: 133
caller: classpath:InspireTest/def/checkxlinkurl.template.feature
arg: {"link":""}
checkxlinkurl.template.feature:21 - 
org.apache.http.client.ClientProtocolException
-------
feature call (loop) failed at index: 134
caller: classpath:InspireTest/def/checkxlinkurl.template.feature
arg: {"link":""}
checkxlinkurl.template.feature:21 - 
org.apache.http.client.ClientProtocolException
-------
feature call (loop) failed at index: 135
caller: classpath:InspireTest/def/checkxlinkurl.template.feature
arg: {"link":""}
checkxlinkurl.template.feature:21 - 
org.apache.http.client.ClientProtocolException
-------
feature call (loop) failed at index: 136
caller: classpath:InspireTest/def/checkxlinkurl.template.feature
arg: {"link":""}
checkxlinkurl.template.feature:21 - 
org.apache.http.client.ClientProtocolException
-------
feature call (loop) failed at index: 137
caller: classpath:InspireTest/def/checkxlinkurl.template.feature
arg: {"link":""}
checkxlinkurl.template.feature:21 - 
org.apache.http.client.ClientProtocolException
-------
feature call (loop) failed at index: 138
caller: classpath:InspireTest/def/checkxlinkurl.template.feature
arg: {"link":""}
checkxlinkurl.template.feature:21 - 
org.apache.http.client.ClientProtocolException
-------
feature call (loop) failed at index: 139
caller: classpath:InspireTest/def/checkxlinkurl.template.feature
arg: {"link":""}
checkxlinkurl.template.feature:21 - 
org.apache.http.client.ClientProtocolException
-------
feature call (loop) failed at index: 140
caller: classpath:InspireTest/def/checkxlinkurl.template.feature
arg: {"link":""}
checkxlinkurl.template.feature:21 - 
org.apache.http.client.ClientProtocolException
-------
feature call (loop) failed at index: 141
caller: classpath:InspireTest/def/checkxlinkurl.template.feature
arg: {"link":""}
checkxlinkurl.template.feature:21 - 
org.apache.http.client.ClientProtocolException
-------
feature call (loop) failed at index: 142
caller: classpath:InspireTest/def/checkxlinkurl.template.feature
arg: {"link":""}
checkxlinkurl.template.feature:21 - 
org.apache.http.client.ClientProtocolException
-------
feature call (loop) failed at index: 143
caller: classpath:InspireTest/def/checkxlinkurl.template.feature
arg: {"link":""}
checkxlinkurl.template.feature:21 - 
org.apache.http.client.ClientProtocolException
-------
feature call (loop) failed at index: 144
caller: classpath:InspireTest/def/checkxlinkurl.template.feature
arg: {"link":""}
checkxlinkurl.template.feature:21 - 
org.apache.http.client.ClientProtocolException
-------
feature call (loop) failed at index: 145
caller: classpath:InspireTest/def/checkxlinkurl.template.feature
arg: {"link":""}
checkxlinkurl.template.feature:21 - 
org.apache.http.client.ClientProtocolException
-------
feature call (loop) failed at index: 146
caller: classpath:InspireTest/def/checkxlinkurl.template.feature
arg: {"link":""}
checkxlinkurl.template.feature:21 - 
org.apache.http.client.ClientProtocolException
-------
feature call (loop) failed at index: 147
caller: classpath:InspireTest/def/checkxlinkurl.template.feature
arg: {"link":""}
checkxlinkurl.template.feature:21 - 
org.apache.http.client.ClientProtocolException
-------
feature call (loop) failed at index: 148
caller: classpath:InspireTest/def/checkxlinkurl.template.feature
arg: {"link":""}
checkxlinkurl.template.feature:21 - 
org.apache.http.client.ClientProtocolException
-------
feature call (loop) failed at index: 149
caller: classpath:InspireTest/def/checkxlinkurl.template.feature
arg: {"link":""}
checkxlinkurl.template.feature:21 - 
org.apache.http.client.ClientProtocolException
-------
feature call (loop) failed at index: 150
caller: classpath:InspireTest/def/checkxlinkurl.template.feature
arg: {"link":""}
checkxlinkurl.template.feature:21 - 
org.apache.http.client.ClientProtocolException
-------
feature call (loop) failed at index: 151
caller: classpath:InspireTest/def/checkxlinkurl.template.feature
arg: {"link":""}
checkxlinkurl.template.feature:21 - 
org.apache.http.client.ClientProtocolException
-------
feature call (loop) failed at index: 152
caller: classpath:InspireTest/def/checkxlinkurl.template.feature
arg: {"link":""}
checkxlinkurl.template.feature:21 - 
org.apache.http.client.ClientProtocolException
-------
feature call (loop) failed at index: 153
caller: classpath:InspireTest/def/checkxlinkurl.template.feature
arg: {"link":""}
checkxlinkurl.template.feature:21 - 
org.apache.http.client.ClientProtocolException
-------
feature call (loop) failed at index: 154
caller: classpath:InspireTest/def/checkxlinkurl.template.feature
arg: {"link":""}
checkxlinkurl.template.feature:21 - 
org.apache.http.client.ClientProtocolException
-------
feature call (loop) failed at index: 155
caller: classpath:InspireTest/def/checkxlinkurl.template.feature
arg: {"link":""}
checkxlinkurl.template.feature:21 - 
org.apache.http.client.ClientProtocolException
-------
feature call (loop) failed at index: 156
caller: classpath:InspireTest/def/checkxlinkurl.template.feature
arg: {"link":""}
checkxlinkurl.template.feature:21 - 
org.apache.http.client.ClientProtocolException
-------
feature call (loop) failed at index: 157
caller: classpath:InspireTest/def/checkxlinkurl.template.feature
arg: {"link":""}
checkxlinkurl.template.feature:21 - 
org.apache.http.client.ClientProtocolException
[1.6:24] check-known-service-record.feature:72 - feature call (loop) failed: classpath:InspireTest/def/checkxlinkurl.template.feature
caller: classpath:InspireTest/ngr/T03_services/check-known-service-record.feature
items: [{link=http://rdfdata.eionet.europa.eu/inspirethemes/themes/7}, {link=http://geonetwork-opensource.org/inspire-theme#}, {link=http://inspire.ec.europa.eu/metadata-codelist/SpatialDataServiceCategory/infoFeatureAccessService}, {link=http://inspire.ec.europa.eu/metadata-codelist/SpatialDataServiceCategory#}, {link=https://www.nationaalgeoregister.nl/geonetwork/srv/eng/thesaurus.download?ref=external.theme.httpinspireeceuropaeumetadatacodelistSpatialDataServiceCategory-SpatialDataServiceCategory}, {link=}, {link=}, {link=}, {link=}, {link=}, {link=}, {link=}, {link=}, {link=}, {link=}, {link=}, {link=}, {link=}, {link=}, {link=}, {link=}, {link=http://nationaalgeoregister.nl/geonetwork/srv/dut/csw?service=CSW&version=2.0.2&request=GetRecordById&outputschema=http://www.isotc211.org/2005/gmd&elementsetname=full&id=5951efa2-1ff3-4763-a966-a2f5497679ee#MD_DataIdentification}]
errors:
-------
feature call (loop) failed at index: 0
caller: classpath:InspireTest/def/checkxlinkurl.template.feature
arg: {"link":"http://rdfdata.eionet.europa.eu/inspirethemes/themes/7"}
checkxlinkurl.template.feature:28 - path: $, actual: 404, expected: 200, reason: not equal (Integer)
-------
feature call (loop) failed at index: 1
caller: classpath:InspireTest/def/checkxlinkurl.template.feature
arg: {"link":"http://geonetwork-opensource.org/inspire-theme#"}
checkxlinkurl.template.feature:28 - path: $, actual: 404, expected: 200, reason: not equal (Integer)
-------
feature call (loop) failed at index: 2
caller: classpath:InspireTest/def/checkxlinkurl.template.feature
arg: {"link":"http://inspire.ec.europa.eu/metadata-codelist/SpatialDataServiceCategory/infoFeatureAccessService"}
checkxlinkurl.template.feature:21 - 
java.net.SocketTimeoutException: Read timed out
-------
feature call (loop) failed at index: 3
caller: classpath:InspireTest/def/checkxlinkurl.template.feature
arg: {"link":"http://inspire.ec.europa.eu/metadata-codelist/SpatialDataServiceCategory#"}
checkxlinkurl.template.feature:21 - 
java.net.SocketTimeoutException: Read timed out
-------
feature call (loop) failed at index: 5
caller: classpath:InspireTest/def/checkxlinkurl.template.feature
arg: {"link":""}
checkxlinkurl.template.feature:21 - 
org.apache.http.client.ClientProtocolException
-------
feature call (loop) failed at index: 6
caller: classpath:InspireTest/def/checkxlinkurl.template.feature
arg: {"link":""}
checkxlinkurl.template.feature:21 - 
org.apache.http.client.ClientProtocolException
-------
feature call (loop) failed at index: 7
caller: classpath:InspireTest/def/checkxlinkurl.template.feature
arg: {"link":""}
checkxlinkurl.template.feature:21 - 
org.apache.http.client.ClientProtocolException
-------
feature call (loop) failed at index: 8
caller: classpath:InspireTest/def/checkxlinkurl.template.feature
arg: {"link":""}
checkxlinkurl.template.feature:21 - 
org.apache.http.client.ClientProtocolException
-------
feature call (loop) failed at index: 9
caller: classpath:InspireTest/def/checkxlinkurl.template.feature
arg: {"link":""}
checkxlinkurl.template.feature:21 - 
org.apache.http.client.ClientProtocolException
-------
feature call (loop) failed at index: 10
caller: classpath:InspireTest/def/checkxlinkurl.template.feature
arg: {"link":""}
checkxlinkurl.template.feature:21 - 
org.apache.http.client.ClientProtocolException
-------
feature call (loop) failed at index: 11
caller: classpath:InspireTest/def/checkxlinkurl.template.feature
arg: {"link":""}
checkxlinkurl.template.feature:21 - 
org.apache.http.client.ClientProtocolException
-------
feature call (loop) failed at index: 12
caller: classpath:InspireTest/def/checkxlinkurl.template.feature
arg: {"link":""}
checkxlinkurl.template.feature:21 - 
org.apache.http.client.ClientProtocolException
-------
feature call (loop) failed at index: 13
caller: classpath:InspireTest/def/checkxlinkurl.template.feature
arg: {"link":""}
checkxlinkurl.template.feature:21 - 
org.apache.http.client.ClientProtocolException
-------
feature call (loop) failed at index: 14
caller: classpath:InspireTest/def/checkxlinkurl.template.feature
arg: {"link":""}
checkxlinkurl.template.feature:21 - 
org.apache.http.client.ClientProtocolException
-------
feature call (loop) failed at index: 15
caller: classpath:InspireTest/def/checkxlinkurl.template.feature
arg: {"link":""}
checkxlinkurl.template.feature:21 - 
org.apache.http.client.ClientProtocolException
-------
feature call (loop) failed at index: 16
caller: classpath:InspireTest/def/checkxlinkurl.template.feature
arg: {"link":""}
checkxlinkurl.template.feature:21 - 
org.apache.http.client.ClientProtocolException
-------
feature call (loop) failed at index: 17
caller: classpath:InspireTest/def/checkxlinkurl.template.feature
arg: {"link":""}
checkxlinkurl.template.feature:21 - 
org.apache.http.client.ClientProtocolException
-------
feature call (loop) failed at index: 18
caller: classpath:InspireTest/def/checkxlinkurl.template.feature
arg: {"link":""}
checkxlinkurl.template.feature:21 - 
org.apache.http.client.ClientProtocolException
-------
feature call (loop) failed at index: 19
caller: classpath:InspireTest/def/checkxlinkurl.template.feature
arg: {"link":""}
checkxlinkurl.template.feature:21 - 
org.apache.http.client.ClientProtocolException
-------
feature call (loop) failed at index: 20
caller: classpath:InspireTest/def/checkxlinkurl.template.feature
arg: {"link":""}
checkxlinkurl.template.feature:21 - 
org.apache.http.client.ClientProtocolException
[1.8:24] check-known-service-record.feature:72 - feature call (loop) failed: classpath:InspireTest/def/checkxlinkurl.template.feature
caller: classpath:InspireTest/ngr/T03_services/check-known-service-record.feature
items: [{link=}, {link=}, {link=}, {link=http://nationaalgeoregister.nl/geonetwork/srv/dut/csw?service=CSW&version=2.0.2&request=GetRecordById&outputschema=http://www.isotc211.org/2005/gmd&elementsetname=full&id=3d59fd06-9aec-4744-91e7-65e119f74569#MD_DataIdentification}]
errors:
-------
feature call (loop) failed at index: 0
caller: classpath:InspireTest/def/checkxlinkurl.template.feature
arg: {"link":""}
checkxlinkurl.template.feature:21 - 
org.apache.http.client.ClientProtocolException
-------
feature call (loop) failed at index: 1
caller: classpath:InspireTest/def/checkxlinkurl.template.feature
arg: {"link":""}
checkxlinkurl.template.feature:21 - 
org.apache.http.client.ClientProtocolException
-------
feature call (loop) failed at index: 2
caller: classpath:InspireTest/def/checkxlinkurl.template.feature
arg: {"link":""}
checkxlinkurl.template.feature:21 - 
org.apache.http.client.ClientProtocolException
[1.9:24] check-known-service-record.feature:72 - feature call (loop) failed: classpath:InspireTest/def/checkxlinkurl.template.feature
caller: classpath:InspireTest/ngr/T03_services/check-known-service-record.feature
items: [{link=http://rdfdata.eionet.europa.eu/inspirethemes/themes/10}, {link=http://geonetwork-opensource.org/inspire-theme#}, {link=http://inspire.ec.europa.eu/metadata-codelist/SpatialDataServiceCategory/infoMapAccessService}, {link=http://inspire.ec.europa.eu/metadata-codelist/SpatialDataServiceCategory#}, {link=https://www.nationaalgeoregister.nl/geonetwork/srv/eng/thesaurus.download?ref=external.theme.httpinspireeceuropaeumetadatacodelistSpatialDataServiceCategory-SpatialDataServiceCategory}, {link=}, {link=}, {link=}, {link=}, {link=}, {link=}, {link=}, {link=}, {link=}, {link=}, {link=}, {link=}, {link=http://nationaalgeoregister.nl/geonetwork/srv/dut/csw?service=CSW&version=2.0.2&request=GetRecordById&outputschema=http://www.isotc211.org/2005/gmd&elementsetname=full&id=5a1adb58-0bbe-425d-b0fe-577a6c0a4228#MD_DataIdentification}, {link=http://nationaalgeoregister.nl/geonetwork/srv/dut/csw?service=CSW&version=2.0.2&request=GetRecordById&outputschema=http://www.isotc211.org/2005/gmd&elementsetname=full&id=b9dd8575-3c1c-41f4-add5-c4f5f2b67179#MD_DataIdentification}, {link=https://www.nationaalgeoregister.nl/geonetwork/srv/dut/csw?service=CSW&request=GetRecordById&version=2.0.2&outputSchema=http://www.isotc211.org/2005/gmd&elementSetName=full&id=00fd1fc4-c190-4fa6-a68f-606c64a16679#MD_DataIdentification}, {link=https://www.nationaalgeoregister.nl/geonetwork/srv/dut/csw?service=CSW&request=GetRecordById&version=2.0.2&outputSchema=http://www.isotc211.org/2005/gmd&elementSetName=full&id=00b0a2bf-57ce-44c9-b94c-f6c9a41f5c61#MD_DataIdentification}, {link=https://www.nationaalgeoregister.n/geonetwork/srv/dut/csw?service=CSW&request=GetRecordById&version=2.0.2&outputSchema=http://www.isotc211.org/2005/gmd&elementSetName=full&id=da237167-7f87-4310-ad64-614233de7a42#MD_DataIdentification}]
errors:
-------
feature call (loop) failed at index: 0
caller: classpath:InspireTest/def/checkxlinkurl.template.feature
arg: {"link":"http://rdfdata.eionet.europa.eu/inspirethemes/themes/10"}
checkxlinkurl.template.feature:28 - path: $, actual: 404, expected: 200, reason: not equal (Integer)
-------
feature call (loop) failed at index: 1
caller: classpath:InspireTest/def/checkxlinkurl.template.feature
arg: {"link":"http://geonetwork-opensource.org/inspire-theme#"}
checkxlinkurl.template.feature:28 - path: $, actual: 404, expected: 200, reason: not equal (Integer)
-------
feature call (loop) failed at index: 2
caller: classpath:InspireTest/def/checkxlinkurl.template.feature
arg: {"link":"http://inspire.ec.europa.eu/metadata-codelist/SpatialDataServiceCategory/infoMapAccessService"}
checkxlinkurl.template.feature:21 - 
java.net.SocketTimeoutException: Read timed out
-------
feature call (loop) failed at index: 3
caller: classpath:InspireTest/def/checkxlinkurl.template.feature
arg: {"link":"http://inspire.ec.europa.eu/metadata-codelist/SpatialDataServiceCategory#"}
checkxlinkurl.template.feature:21 - 
java.net.SocketTimeoutException: Read timed out
-------
feature call (loop) failed at index: 5
caller: classpath:InspireTest/def/checkxlinkurl.template.feature
arg: {"link":""}
checkxlinkurl.template.feature:21 - 
org.apache.http.client.ClientProtocolException
-------
feature call (loop) failed at index: 6
caller: classpath:InspireTest/def/checkxlinkurl.template.feature
arg: {"link":""}
checkxlinkurl.template.feature:21 - 
org.apache.http.client.ClientProtocolException
-------
feature call (loop) failed at index: 7
caller: classpath:InspireTest/def/checkxlinkurl.template.feature
arg: {"link":""}
checkxlinkurl.template.feature:21 - 
org.apache.http.client.ClientProtocolException
-------
feature call (loop) failed at index: 8
caller: classpath:InspireTest/def/checkxlinkurl.template.feature
arg: {"link":""}
checkxlinkurl.template.feature:21 - 
org.apache.http.client.ClientProtocolException
-------
feature call (loop) failed at index: 9
caller: classpath:InspireTest/def/checkxlinkurl.template.feature
arg: {"link":""}
checkxlinkurl.template.feature:21 - 
org.apache.http.client.ClientProtocolException
-------
feature call (loop) failed at index: 10
caller: classpath:InspireTest/def/checkxlinkurl.template.feature
arg: {"link":""}
checkxlinkurl.template.feature:21 - 
org.apache.http.client.ClientProtocolException
-------
feature call (loop) failed at index: 11
caller: classpath:InspireTest/def/checkxlinkurl.template.feature
arg: {"link":""}
checkxlinkurl.template.feature:21 - 
org.apache.http.client.ClientProtocolException
-------
feature call (loop) failed at index: 12
caller: classpath:InspireTest/def/checkxlinkurl.template.feature
arg: {"link":""}
checkxlinkurl.template.feature:21 - 
org.apache.http.client.ClientProtocolException
-------
feature call (loop) failed at index: 13
caller: classpath:InspireTest/def/checkxlinkurl.template.feature
arg: {"link":""}
checkxlinkurl.template.feature:21 - 
org.apache.http.client.ClientProtocolException
-------
feature call (loop) failed at index: 14
caller: classpath:InspireTest/def/checkxlinkurl.template.feature
arg: {"link":""}
checkxlinkurl.template.feature:21 - 
org.apache.http.client.ClientProtocolException
-------
feature call (loop) failed at index: 15
caller: classpath:InspireTest/def/checkxlinkurl.template.feature
arg: {"link":""}
checkxlinkurl.template.feature:21 - 
org.apache.http.client.ClientProtocolException
-------
feature call (loop) failed at index: 16
caller: classpath:InspireTest/def/checkxlinkurl.template.feature
arg: {"link":""}
checkxlinkurl.template.feature:21 - 
org.apache.http.client.ClientProtocolException
-------
feature call (loop) failed at index: 21
caller: classpath:InspireTest/def/checkxlinkurl.template.feature
arg: {"link":"https://www.nationaalgeoregister.n/geonetwork/srv/dut/csw?service=CSW&request=GetRecordById&version=2.0.2&outputSchema=http://www.isotc211.org/2005/gmd&elementSetName=full&id=da237167-7f87-4310-ad64-614233de7a42#MD_DataIdentification"}
checkxlinkurl.template.feature:21 - 
java.net.UnknownHostException: www.nationaalgeoregister.n: Name or service not known
[1.10:24] check-known-service-record.feature:72 - feature call (loop) failed: classpath:InspireTest/def/checkxlinkurl.template.feature
caller: classpath:InspireTest/ngr/T03_services/check-known-service-record.feature
items: [{link=http://inspire.ec.europa.eu/metadata-codelist/SpatialDataServiceCategory/infoMapAccessService}, {link=http://inspire.ec.europa.eu/metadata-codelist/SpatialDataServiceCategory}, {link=https://www.nationaalgeoregister.nl:443/geonetwork/srv/eng/thesaurus.download?ref=external.theme.httpinspireeceuropaeumetadatacodelistSpatialDataServiceCategory-SpatialDataServiceCategory}, {link=}, {link=}, {link=}, {link=http://www.nationaalgeoregister.nl/geonetwork/srv/en/csw?service=CSW&request=GetRecordById&version=2.0.2&outputSchema=http://www.isotc211.org/2005/gmd&elementSetName=full&id=b3f66964-a8c1-456f-9799-9cafca2cb7b1#MD_DataIdentification}]
errors:
-------
feature call (loop) failed at index: 0
caller: classpath:InspireTest/def/checkxlinkurl.template.feature
arg: {"link":"http://inspire.ec.europa.eu/metadata-codelist/SpatialDataServiceCategory/infoMapAccessService"}
checkxlinkurl.template.feature:21 - 
java.net.SocketTimeoutException: Read timed out
-------
feature call (loop) failed at index: 3
caller: classpath:InspireTest/def/checkxlinkurl.template.feature
arg: {"link":""}
checkxlinkurl.template.feature:21 - 
org.apache.http.client.ClientProtocolException
-------
feature call (loop) failed at index: 4
caller: classpath:InspireTest/def/checkxlinkurl.template.feature
arg: {"link":""}
checkxlinkurl.template.feature:21 - 
org.apache.http.client.ClientProtocolException
-------
feature call (loop) failed at index: 5
caller: classpath:InspireTest/def/checkxlinkurl.template.feature
arg: {"link":""}
checkxlinkurl.template.feature:21 - 
org.apache.http.client.ClientProtocolException
[1.11:24] check-known-service-record.feature:72 - feature call (loop) failed: classpath:InspireTest/def/checkxlinkurl.template.feature
caller: classpath:InspireTest/ngr/T03_services/check-known-service-record.feature
items: [{link=http://inspire.ec.europa.eu/metadata-codelist/SpatialDataServiceCategory/infoMapAccessService}, {link=http://inspire.ec.europa.eu/metadata-codelist/SpatialDataServiceCategory}, {link=https://www.nationaalgeoregister.nl:443/geonetwork/srv/eng/thesaurus.download?ref=external.theme.httpinspireeceuropaeumetadatacodelistSpatialDataServiceCategory-SpatialDataServiceCategory}, {link=}, {link=}, {link=}, {link=}, {link=}, {link=}, {link=http://nationaalgeoregister.nl/geonetwork/srv/en/csw?service=CSW&version=2.0.2&request=GetRecordById&outputschema=http://www.isotc211.org/2005/gmd&elementsetname=full&id=110f9ec6-4464-462e-9765-83d90cefbeag#MD_DataIdentification}, {link=http://nationaalgeoregister.nl/geonetwork/srv/en/csw?service=CSW&version=2.0.2&request=GetRecordById&outputschema=http://www.isotc211.org/2005/gmd&elementsetname=full&id=110f9ec6-4464-462e-9765-83d90cefbead#MD_DataIdentification}]
errors:
-------
feature call (loop) failed at index: 0
caller: classpath:InspireTest/def/checkxlinkurl.template.feature
arg: {"link":"http://inspire.ec.europa.eu/metadata-codelist/SpatialDataServiceCategory/infoMapAccessService"}
checkxlinkurl.template.feature:21 - 
java.net.SocketTimeoutException: Read timed out
-------
feature call (loop) failed at index: 1
caller: classpath:InspireTest/def/checkxlinkurl.template.feature
arg: {"link":"http://inspire.ec.europa.eu/metadata-codelist/SpatialDataServiceCategory"}
checkxlinkurl.template.feature:21 - 
java.net.SocketTimeoutException: Read timed out
-------
feature call (loop) failed at index: 3
caller: classpath:InspireTest/def/checkxlinkurl.template.feature
arg: {"link":""}
checkxlinkurl.template.feature:21 - 
org.apache.http.client.ClientProtocolException
-------
feature call (loop) failed at index: 4
caller: classpath:InspireTest/def/checkxlinkurl.template.feature
arg: {"link":""}
checkxlinkurl.template.feature:21 - 
org.apache.http.client.ClientProtocolException
-------
feature call (loop) failed at index: 5
caller: classpath:InspireTest/def/checkxlinkurl.template.feature
arg: {"link":""}
checkxlinkurl.template.feature:21 - 
org.apache.http.client.ClientProtocolException
-------
feature call (loop) failed at index: 6
caller: classpath:InspireTest/def/checkxlinkurl.template.feature
arg: {"link":""}
checkxlinkurl.template.feature:21 - 
org.apache.http.client.ClientProtocolException
-------
feature call (loop) failed at index: 7
caller: classpath:InspireTest/def/checkxlinkurl.template.feature
arg: {"link":""}
checkxlinkurl.template.feature:21 - 
org.apache.http.client.ClientProtocolException
-------
feature call (loop) failed at index: 8
caller: classpath:InspireTest/def/checkxlinkurl.template.feature
arg: {"link":""}
checkxlinkurl.template.feature:21 - 
org.apache.http.client.ClientProtocolException
[1.12:24] check-known-service-record.feature:72 - feature call (loop) failed: classpath:InspireTest/def/checkxlinkurl.template.feature
caller: classpath:InspireTest/ngr/T03_services/check-known-service-record.feature
items: [{link=http://rdfdata.eionet.europa.eu/inspirethemes/themes/31}, {link=http://geonetwork-opensource.org/inspire-theme#}, {link=}, {link=}, {link=}, {link=}, {link=}, {link=}, {link=}, {link=}, {link=}, {link=}, {link=}, {link=}, {link=}, {link=}, {link=}, {link=}, {link=}, {link=}, {link=}, {link=}, {link=}, {link=}, {link=}, {link=}, {link=}, {link=}, {link=}, {link=}, {link=}, {link=}, {link=}, {link=}, {link=}, {link=}, {link=}, {link=}, {link=}, {link=}, {link=}, {link=}, {link=}, {link=}, {link=}, {link=}, {link=}, {link=}, {link=}, {link=}, {link=}, {link=}, {link=}, {link=}, {link=}, {link=}, {link=}, {link=}, {link=}, {link=}, {link=}, {link=}, {link=}, {link=}, {link=}, {link=}, {link=}, {link=}, {link=}, {link=}, {link=}, {link=}, {link=}, {link=}, {link=}, {link=}, {link=}, {link=}, {link=}, {link=}, {link=}, {link=}, {link=}, {link=}, {link=}, {link=}, {link=}, {link=}, {link=}, {link=}, {link=}, {link=}, {link=}, {link=}, {link=}, {link=}, {link=}, {link=}, {link=}, {link=}, {link=}, {link=}, {link=}, {link=}, {link=}, {link=}, {link=}, {link=}, {link=}, {link=}, {link=}, {link=}, {link=}, {link=}, {link=}, {link=}, {link=}, {link=}, {link=}, {link=}, {link=}, {link=}, {link=}, {link=}, {link=}, {link=}, {link=}, {link=}, {link=}, {link=}, {link=}, {link=}, {link=}, {link=}, {link=}, {link=}, {link=}, {link=}, {link=}, {link=}, {link=}, {link=}, {link=}, {link=}, {link=}, {link=}, {link=}, {link=}, {link=}, {link=}, {link=}, {link=}, {link=}, {link=}, {link=}, {link=}, {link=}, {link=}, {link=}, {link=}, {link=}, {link=}, {link=}, {link=}, {link=}, {link=}, {link=}, {link=}, {link=}, {link=}, {link=}, {link=}, {link=}, {link=}, {link=}, {link=}, {link=}, {link=}, {link=}, {link=}, {link=}, {link=}, {link=}, {link=}, {link=}, {link=}, {link=}, {link=}, {link=}, {link=}, {link=}, {link=}, {link=}, {link=}, {link=}, {link=}, {link=}, {link=}, {link=}, {link=}, {link=}, {link=}, {link=}, {link=}, {link=}, {link=}, {link=}, {link=}, {link=}, {link=}, {link=http://nationaalgeoregister.nl/geonetwork/srv/en/csw?service=CSW&version=2.0.2&request=GetRecordById&outputschema=http://www.isotc211.org/2005/gmd&elementsetname=full&id=977e0e94-7aa9-4784-b2da-eaec44adb61b#MD_DataIdentification}]
errors:
-------
feature call (loop) failed at index: 0
caller: classpath:InspireTest/def/checkxlinkurl.template.feature
arg: {"link":"http://rdfdata.eionet.europa.eu/inspirethemes/themes/31"}
checkxlinkurl.template.feature:28 - path: $, actual: 404, expected: 200, reason: not equal (Integer)
-------
feature call (loop) failed at index: 1
caller: classpath:InspireTest/def/checkxlinkurl.template.feature
arg: {"link":"http://geonetwork-opensource.org/inspire-theme#"}
checkxlinkurl.template.feature:28 - path: $, actual: 404, expected: 200, reason: not equal (Integer)
-------
feature call (loop) failed at index: 2
caller: classpath:InspireTest/def/checkxlinkurl.template.feature
arg: {"link":""}
checkxlinkurl.template.feature:21 - 
org.apache.http.client.ClientProtocolException
-------
feature call (loop) failed at index: 3
caller: classpath:InspireTest/def/checkxlinkurl.template.feature
arg: {"link":""}
checkxlinkurl.template.feature:21 - 
org.apache.http.client.ClientProtocolException
-------
feature call (loop) failed at index: 4
caller: classpath:InspireTest/def/checkxlinkurl.template.feature
arg: {"link":""}
checkxlinkurl.template.feature:21 - 
org.apache.http.client.ClientProtocolException
-------
feature call (loop) failed at index: 5
caller: classpath:InspireTest/def/checkxlinkurl.template.feature
arg: {"link":""}
checkxlinkurl.template.feature:21 - 
org.apache.http.client.ClientProtocolException
-------
feature call (loop) failed at index: 6
caller: classpath:InspireTest/def/checkxlinkurl.template.feature
arg: {"link":""}
checkxlinkurl.template.feature:21 - 
org.apache.http.client.ClientProtocolException
-------
feature call (loop) failed at index: 7
caller: classpath:InspireTest/def/checkxlinkurl.template.feature
arg: {"link":""}
checkxlinkurl.template.feature:21 - 
org.apache.http.client.ClientProtocolException
-------
feature call (loop) failed at index: 8
caller: classpath:InspireTest/def/checkxlinkurl.template.feature
arg: {"link":""}
checkxlinkurl.template.feature:21 - 
org.apache.http.client.ClientProtocolException
-------
feature call (loop) failed at index: 9
caller: classpath:InspireTest/def/checkxlinkurl.template.feature
arg: {"link":""}
checkxlinkurl.template.feature:21 - 
org.apache.http.client.ClientProtocolException
-------
feature call (loop) failed at index: 10
caller: classpath:InspireTest/def/checkxlinkurl.template.feature
arg: {"link":""}
checkxlinkurl.template.feature:21 - 
org.apache.http.client.ClientProtocolException
-------
feature call (loop) failed at index: 11
caller: classpath:InspireTest/def/checkxlinkurl.template.feature
arg: {"link":""}
checkxlinkurl.template.feature:21 - 
org.apache.http.client.ClientProtocolException
-------
feature call (loop) failed at index: 12
caller: classpath:InspireTest/def/checkxlinkurl.template.feature
arg: {"link":""}
checkxlinkurl.template.feature:21 - 
org.apache.http.client.ClientProtocolException
-------
feature call (loop) failed at index: 13
caller: classpath:InspireTest/def/checkxlinkurl.template.feature
arg: {"link":""}
checkxlinkurl.template.feature:21 - 
org.apache.http.client.ClientProtocolException
-------
feature call (loop) failed at index: 14
caller: classpath:InspireTest/def/checkxlinkurl.template.feature
arg: {"link":""}
checkxlinkurl.template.feature:21 - 
org.apache.http.client.ClientProtocolException
-------
feature call (loop) failed at index: 15
caller: classpath:InspireTest/def/checkxlinkurl.template.feature
arg: {"link":""}
checkxlinkurl.template.feature:21 - 
org.apache.http.client.ClientProtocolException
-------
feature call (loop) failed at index: 16
caller: classpath:InspireTest/def/checkxlinkurl.template.feature
arg: {"link":""}
checkxlinkurl.template.feature:21 - 
org.apache.http.client.ClientProtocolException
-------
feature call (loop) failed at index: 17
caller: classpath:InspireTest/def/checkxlinkurl.template.feature
arg: {"link":""}
checkxlinkurl.template.feature:21 - 
org.apache.http.client.ClientProtocolException
-------
feature call (loop) failed at index: 18
caller: classpath:InspireTest/def/checkxlinkurl.template.feature
arg: {"link":""}
checkxlinkurl.template.feature:21 - 
org.apache.http.client.ClientProtocolException
-------
feature call (loop) failed at index: 19
caller: classpath:InspireTest/def/checkxlinkurl.template.feature
arg: {"link":""}
checkxlinkurl.template.feature:21 - 
org.apache.http.client.ClientProtocolException
-------
feature call (loop) failed at index: 20
caller: classpath:InspireTest/def/checkxlinkurl.template.feature
arg: {"link":""}
checkxlinkurl.template.feature:21 - 
org.apache.http.client.ClientProtocolException
-------
feature call (loop) failed at index: 21
caller: classpath:InspireTest/def/checkxlinkurl.template.feature
arg: {"link":""}
checkxlinkurl.template.feature:21 - 
org.apache.http.client.ClientProtocolException
-------
feature call (loop) failed at index: 22
caller: classpath:InspireTest/def/checkxlinkurl.template.feature
arg: {"link":""}
checkxlinkurl.template.feature:21 - 
org.apache.http.client.ClientProtocolException
-------
feature call (loop) failed at index: 23
caller: classpath:InspireTest/def/checkxlinkurl.template.feature
arg: {"link":""}
checkxlinkurl.template.feature:21 - 
org.apache.http.client.ClientProtocolException
-------
feature call (loop) failed at index: 24
caller: classpath:InspireTest/def/checkxlinkurl.template.feature
arg: {"link":""}
checkxlinkurl.template.feature:21 - 
org.apache.http.client.ClientProtocolException
-------
feature call (loop) failed at index: 25
caller: classpath:InspireTest/def/checkxlinkurl.template.feature
arg: {"link":""}
checkxlinkurl.template.feature:21 - 
org.apache.http.client.ClientProtocolException
-------
feature call (loop) failed at index: 26
caller: classpath:InspireTest/def/checkxlinkurl.template.feature
arg: {"link":""}
checkxlinkurl.template.feature:21 - 
org.apache.http.client.ClientProtocolException
-------
feature call (loop) failed at index: 27
caller: classpath:InspireTest/def/checkxlinkurl.template.feature
arg: {"link":""}
checkxlinkurl.template.feature:21 - 
org.apache.http.client.ClientProtocolException
-------
feature call (loop) failed at index: 28
caller: classpath:InspireTest/def/checkxlinkurl.template.feature
arg: {"link":""}
checkxlinkurl.template.feature:21 - 
org.apache.http.client.ClientProtocolException
-------
feature call (loop) failed at index: 29
caller: classpath:InspireTest/def/checkxlinkurl.template.feature
arg: {"link":""}
checkxlinkurl.template.feature:21 - 
org.apache.http.client.ClientProtocolException
-------
feature call (loop) failed at index: 30
caller: classpath:InspireTest/def/checkxlinkurl.template.feature
arg: {"link":""}
checkxlinkurl.template.feature:21 - 
org.apache.http.client.ClientProtocolException
-------
feature call (loop) failed at index: 31
caller: classpath:InspireTest/def/checkxlinkurl.template.feature
arg: {"link":""}
checkxlinkurl.template.feature:21 - 
org.apache.http.client.ClientProtocolException
-------
feature call (loop) failed at index: 32
caller: classpath:InspireTest/def/checkxlinkurl.template.feature
arg: {"link":""}
checkxlinkurl.template.feature:21 - 
org.apache.http.client.ClientProtocolException
-------
feature call (loop) failed at index: 33
caller: classpath:InspireTest/def/checkxlinkurl.template.feature
arg: {"link":""}
checkxlinkurl.template.feature:21 - 
org.apache.http.client.ClientProtocolException
-------
feature call (loop) failed at index: 34
caller: classpath:InspireTest/def/checkxlinkurl.template.feature
arg: {"link":""}
checkxlinkurl.template.feature:21 - 
org.apache.http.client.ClientProtocolException
-------
feature call (loop) failed at index: 35
caller: classpath:InspireTest/def/checkxlinkurl.template.feature
arg: {"link":""}
checkxlinkurl.template.feature:21 - 
org.apache.http.client.ClientProtocolException
-------
feature call (loop) failed at index: 36
caller: classpath:InspireTest/def/checkxlinkurl.template.feature
arg: {"link":""}
checkxlinkurl.template.feature:21 - 
org.apache.http.client.ClientProtocolException
-------
feature call (loop) failed at index: 37
caller: classpath:InspireTest/def/checkxlinkurl.template.feature
arg: {"link":""}
checkxlinkurl.template.feature:21 - 
org.apache.http.client.ClientProtocolException
-------
feature call (loop) failed at index: 38
caller: classpath:InspireTest/def/checkxlinkurl.template.feature
arg: {"link":""}
checkxlinkurl.template.feature:21 - 
org.apache.http.client.ClientProtocolException
-------
feature call (loop) failed at index: 39
caller: classpath:InspireTest/def/checkxlinkurl.template.feature
arg: {"link":""}
checkxlinkurl.template.feature:21 - 
org.apache.http.client.ClientProtocolException
-------
feature call (loop) failed at index: 40
caller: classpath:InspireTest/def/checkxlinkurl.template.feature
arg: {"link":""}
checkxlinkurl.template.feature:21 - 
org.apache.http.client.ClientProtocolException
-------
feature call (loop) failed at index: 41
caller: classpath:InspireTest/def/checkxlinkurl.template.feature
arg: {"link":""}
checkxlinkurl.template.feature:21 - 
org.apache.http.client.ClientProtocolException
-------
feature call (loop) failed at index: 42
caller: classpath:InspireTest/def/checkxlinkurl.template.feature
arg: {"link":""}
checkxlinkurl.template.feature:21 - 
org.apache.http.client.ClientProtocolException
-------
feature call (loop) failed at index: 43
caller: classpath:InspireTest/def/checkxlinkurl.template.feature
arg: {"link":""}
checkxlinkurl.template.feature:21 - 
org.apache.http.client.ClientProtocolException
-------
feature call (loop) failed at index: 44
caller: classpath:InspireTest/def/checkxlinkurl.template.feature
arg: {"link":""}
checkxlinkurl.template.feature:21 - 
org.apache.http.client.ClientProtocolException
-------
feature call (loop) failed at index: 45
caller: classpath:InspireTest/def/checkxlinkurl.template.feature
arg: {"link":""}
checkxlinkurl.template.feature:21 - 
org.apache.http.client.ClientProtocolException
-------
feature call (loop) failed at index: 46
caller: classpath:InspireTest/def/checkxlinkurl.template.feature
arg: {"link":""}
checkxlinkurl.template.feature:21 - 
org.apache.http.client.ClientProtocolException
-------
feature call (loop) failed at index: 47
caller: classpath:InspireTest/def/checkxlinkurl.template.feature
arg: {"link":""}
checkxlinkurl.template.feature:21 - 
org.apache.http.client.ClientProtocolException
-------
feature call (loop) failed at index: 48
caller: classpath:InspireTest/def/checkxlinkurl.template.feature
arg: {"link":""}
checkxlinkurl.template.feature:21 - 
org.apache.http.client.ClientProtocolException
-------
feature call (loop) failed at index: 49
caller: classpath:InspireTest/def/checkxlinkurl.template.feature
arg: {"link":""}
checkxlinkurl.template.feature:21 - 
org.apache.http.client.ClientProtocolException
-------
feature call (loop) failed at index: 50
caller: classpath:InspireTest/def/checkxlinkurl.template.feature
arg: {"link":""}
checkxlinkurl.template.feature:21 - 
org.apache.http.client.ClientProtocolException
-------
feature call (loop) failed at index: 51
caller: classpath:InspireTest/def/checkxlinkurl.template.feature
arg: {"link":""}
checkxlinkurl.template.feature:21 - 
org.apache.http.client.ClientProtocolException
-------
feature call (loop) failed at index: 52
caller: classpath:InspireTest/def/checkxlinkurl.template.feature
arg: {"link":""}
checkxlinkurl.template.feature:21 - 
org.apache.http.client.ClientProtocolException
-------
feature call (loop) failed at index: 53
caller: classpath:InspireTest/def/checkxlinkurl.template.feature
arg: {"link":""}
checkxlinkurl.template.feature:21 - 
org.apache.http.client.ClientProtocolException
-------
feature call (loop) failed at index: 54
caller: classpath:InspireTest/def/checkxlinkurl.template.feature
arg: {"link":""}
checkxlinkurl.template.feature:21 - 
org.apache.http.client.ClientProtocolException
-------
feature call (loop) failed at index: 55
caller: classpath:InspireTest/def/checkxlinkurl.template.feature
arg: {"link":""}
checkxlinkurl.template.feature:21 - 
org.apache.http.client.ClientProtocolException
-------
feature call (loop) failed at index: 56
caller: classpath:InspireTest/def/checkxlinkurl.template.feature
arg: {"link":""}
checkxlinkurl.template.feature:21 - 
org.apache.http.client.ClientProtocolException
-------
feature call (loop) failed at index: 57
caller: classpath:InspireTest/def/checkxlinkurl.template.feature
arg: {"link":""}
checkxlinkurl.template.feature:21 - 
org.apache.http.client.ClientProtocolException
-------
feature call (loop) failed at index: 58
caller: classpath:InspireTest/def/checkxlinkurl.template.feature
arg: {"link":""}
checkxlinkurl.template.feature:21 - 
org.apache.http.client.ClientProtocolException
-------
feature call (loop) failed at index: 59
caller: classpath:InspireTest/def/checkxlinkurl.template.feature
arg: {"link":""}
checkxlinkurl.template.feature:21 - 
org.apache.http.client.ClientProtocolException
-------
feature call (loop) failed at index: 60
caller: classpath:InspireTest/def/checkxlinkurl.template.feature
arg: {"link":""}
checkxlinkurl.template.feature:21 - 
org.apache.http.client.ClientProtocolException
-------
feature call (loop) failed at index: 61
caller: classpath:InspireTest/def/checkxlinkurl.template.feature
arg: {"link":""}
checkxlinkurl.template.feature:21 - 
org.apache.http.client.ClientProtocolException
-------
feature call (loop) failed at index: 62
caller: classpath:InspireTest/def/checkxlinkurl.template.feature
arg: {"link":""}
checkxlinkurl.template.feature:21 - 
org.apache.http.client.ClientProtocolException
-------
feature call (loop) failed at index: 63
caller: classpath:InspireTest/def/checkxlinkurl.template.feature
arg: {"link":""}
checkxlinkurl.template.feature:21 - 
org.apache.http.client.ClientProtocolException
-------
feature call (loop) failed at index: 64
caller: classpath:InspireTest/def/checkxlinkurl.template.feature
arg: {"link":""}
checkxlinkurl.template.feature:21 - 
org.apache.http.client.ClientProtocolException
-------
feature call (loop) failed at index: 65
caller: classpath:InspireTest/def/checkxlinkurl.template.feature
arg: {"link":""}
checkxlinkurl.template.feature:21 - 
org.apache.http.client.ClientProtocolException
-------
feature call (loop) failed at index: 66
caller: classpath:InspireTest/def/checkxlinkurl.template.feature
arg: {"link":""}
checkxlinkurl.template.feature:21 - 
org.apache.http.client.ClientProtocolException
-------
feature call (loop) failed at index: 67
caller: classpath:InspireTest/def/checkxlinkurl.template.feature
arg: {"link":""}
checkxlinkurl.template.feature:21 - 
org.apache.http.client.ClientProtocolException
-------
feature call (loop) failed at index: 68
caller: classpath:InspireTest/def/checkxlinkurl.template.feature
arg: {"link":""}
checkxlinkurl.template.feature:21 - 
org.apache.http.client.ClientProtocolException
-------
feature call (loop) failed at index: 69
caller: classpath:InspireTest/def/checkxlinkurl.template.feature
arg: {"link":""}
checkxlinkurl.template.feature:21 - 
org.apache.http.client.ClientProtocolException
-------
feature call (loop) failed at index: 70
caller: classpath:InspireTest/def/checkxlinkurl.template.feature
arg: {"link":""}
checkxlinkurl.template.feature:21 - 
org.apache.http.client.ClientProtocolException
-------
feature call (loop) failed at index: 71
caller: classpath:InspireTest/def/checkxlinkurl.template.feature
arg: {"link":""}
checkxlinkurl.template.feature:21 - 
org.apache.http.client.ClientProtocolException
-------
feature call (loop) failed at index: 72
caller: classpath:InspireTest/def/checkxlinkurl.template.feature
arg: {"link":""}
checkxlinkurl.template.feature:21 - 
org.apache.http.client.ClientProtocolException
-------
feature call (loop) failed at index: 73
caller: classpath:InspireTest/def/checkxlinkurl.template.feature
arg: {"link":""}
checkxlinkurl.template.feature:21 - 
org.apache.http.client.ClientProtocolException
-------
feature call (loop) failed at index: 74
caller: classpath:InspireTest/def/checkxlinkurl.template.feature
arg: {"link":""}
checkxlinkurl.template.feature:21 - 
org.apache.http.client.ClientProtocolException
-------
feature call (loop) failed at index: 75
caller: classpath:InspireTest/def/checkxlinkurl.template.feature
arg: {"link":""}
checkxlinkurl.template.feature:21 - 
org.apache.http.client.ClientProtocolException
-------
feature call (loop) failed at index: 76
caller: classpath:InspireTest/def/checkxlinkurl.template.feature
arg: {"link":""}
checkxlinkurl.template.feature:21 - 
org.apache.http.client.ClientProtocolException
-------
feature call (loop) failed at index: 77
caller: classpath:InspireTest/def/checkxlinkurl.template.feature
arg: {"link":""}
checkxlinkurl.template.feature:21 - 
org.apache.http.client.ClientProtocolException
-------
feature call (loop) failed at index: 78
caller: classpath:InspireTest/def/checkxlinkurl.template.feature
arg: {"link":""}
checkxlinkurl.template.feature:21 - 
org.apache.http.client.ClientProtocolException
-------
feature call (loop) failed at index: 79
caller: classpath:InspireTest/def/checkxlinkurl.template.feature
arg: {"link":""}
checkxlinkurl.template.feature:21 - 
org.apache.http.client.ClientProtocolException
-------
feature call (loop) failed at index: 80
caller: classpath:InspireTest/def/checkxlinkurl.template.feature
arg: {"link":""}
checkxlinkurl.template.feature:21 - 
org.apache.http.client.ClientProtocolException
-------
feature call (loop) failed at index: 81
caller: classpath:InspireTest/def/checkxlinkurl.template.feature
arg: {"link":""}
checkxlinkurl.template.feature:21 - 
org.apache.http.client.ClientProtocolException
-------
feature call (loop) failed at index: 82
caller: classpath:InspireTest/def/checkxlinkurl.template.feature
arg: {"link":""}
checkxlinkurl.template.feature:21 - 
org.apache.http.client.ClientProtocolException
-------
feature call (loop) failed at index: 83
caller: classpath:InspireTest/def/checkxlinkurl.template.feature
arg: {"link":""}
checkxlinkurl.template.feature:21 - 
org.apache.http.client.ClientProtocolException
-------
feature call (loop) failed at index: 84
caller: classpath:InspireTest/def/checkxlinkurl.template.feature
arg: {"link":""}
checkxlinkurl.template.feature:21 - 
org.apache.http.client.ClientProtocolException
-------
feature call (loop) failed at index: 85
caller: classpath:InspireTest/def/checkxlinkurl.template.feature
arg: {"link":""}
checkxlinkurl.template.feature:21 - 
org.apache.http.client.ClientProtocolException
-------
feature call (loop) failed at index: 86
caller: classpath:InspireTest/def/checkxlinkurl.template.feature
arg: {"link":""}
checkxlinkurl.template.feature:21 - 
org.apache.http.client.ClientProtocolException
-------
feature call (loop) failed at index: 87
caller: classpath:InspireTest/def/checkxlinkurl.template.feature
arg: {"link":""}
checkxlinkurl.template.feature:21 - 
org.apache.http.client.ClientProtocolException
-------
feature call (loop) failed at index: 88
caller: classpath:InspireTest/def/checkxlinkurl.template.feature
arg: {"link":""}
checkxlinkurl.template.feature:21 - 
org.apache.http.client.ClientProtocolException
-------
feature call (loop) failed at index: 89
caller: classpath:InspireTest/def/checkxlinkurl.template.feature
arg: {"link":""}
checkxlinkurl.template.feature:21 - 
org.apache.http.client.ClientProtocolException
-------
feature call (loop) failed at index: 90
caller: classpath:InspireTest/def/checkxlinkurl.template.feature
arg: {"link":""}
checkxlinkurl.template.feature:21 - 
org.apache.http.client.ClientProtocolException
-------
feature call (loop) failed at index: 91
caller: classpath:InspireTest/def/checkxlinkurl.template.feature
arg: {"link":""}
checkxlinkurl.template.feature:21 - 
org.apache.http.client.ClientProtocolException
-------
feature call (loop) failed at index: 92
caller: classpath:InspireTest/def/checkxlinkurl.template.feature
arg: {"link":""}
checkxlinkurl.template.feature:21 - 
org.apache.http.client.ClientProtocolException
-------
feature call (loop) failed at index: 93
caller: classpath:InspireTest/def/checkxlinkurl.template.feature
arg: {"link":""}
checkxlinkurl.template.feature:21 - 
org.apache.http.client.ClientProtocolException
-------
feature call (loop) failed at index: 94
caller: classpath:InspireTest/def/checkxlinkurl.template.feature
arg: {"link":""}
checkxlinkurl.template.feature:21 - 
org.apache.http.client.ClientProtocolException
-------
feature call (loop) failed at index: 95
caller: classpath:InspireTest/def/checkxlinkurl.template.feature
arg: {"link":""}
checkxlinkurl.template.feature:21 - 
org.apache.http.client.ClientProtocolException
-------
feature call (loop) failed at index: 96
caller: classpath:InspireTest/def/checkxlinkurl.template.feature
arg: {"link":""}
checkxlinkurl.template.feature:21 - 
org.apache.http.client.ClientProtocolException
-------
feature call (loop) failed at index: 97
caller: classpath:InspireTest/def/checkxlinkurl.template.feature
arg: {"link":""}
checkxlinkurl.template.feature:21 - 
org.apache.http.client.ClientProtocolException
-------
feature call (loop) failed at index: 98
caller: classpath:InspireTest/def/checkxlinkurl.template.feature
arg: {"link":""}
checkxlinkurl.template.feature:21 - 
org.apache.http.client.ClientProtocolException
-------
feature call (loop) failed at index: 99
caller: classpath:InspireTest/def/checkxlinkurl.template.feature
arg: {"link":""}
checkxlinkurl.template.feature:21 - 
org.apache.http.client.ClientProtocolException
-------
feature call (loop) failed at index: 100
caller: classpath:InspireTest/def/checkxlinkurl.template.feature
arg: {"link":""}
checkxlinkurl.template.feature:21 - 
org.apache.http.client.ClientProtocolException
-------
feature call (loop) failed at index: 101
caller: classpath:InspireTest/def/checkxlinkurl.template.feature
arg: {"link":""}
checkxlinkurl.template.feature:21 - 
org.apache.http.client.ClientProtocolException
-------
feature call (loop) failed at index: 102
caller: classpath:InspireTest/def/checkxlinkurl.template.feature
arg: {"link":""}
checkxlinkurl.template.feature:21 - 
org.apache.http.client.ClientProtocolException
-------
feature call (loop) failed at index: 103
caller: classpath:InspireTest/def/checkxlinkurl.template.feature
arg: {"link":""}
checkxlinkurl.template.feature:21 - 
org.apache.http.client.ClientProtocolException
-------
feature call (loop) failed at index: 104
caller: classpath:InspireTest/def/checkxlinkurl.template.feature
arg: {"link":""}
checkxlinkurl.template.feature:21 - 
org.apache.http.client.ClientProtocolException
-------
feature call (loop) failed at index: 105
caller: classpath:InspireTest/def/checkxlinkurl.template.feature
arg: {"link":""}
checkxlinkurl.template.feature:21 - 
org.apache.http.client.ClientProtocolException
-------
feature call (loop) failed at index: 106
caller: classpath:InspireTest/def/checkxlinkurl.template.feature
arg: {"link":""}
checkxlinkurl.template.feature:21 - 
org.apache.http.client.ClientProtocolException
-------
feature call (loop) failed at index: 107
caller: classpath:InspireTest/def/checkxlinkurl.template.feature
arg: {"link":""}
checkxlinkurl.template.feature:21 - 
org.apache.http.client.ClientProtocolException
-------
feature call (loop) failed at index: 108
caller: classpath:InspireTest/def/checkxlinkurl.template.feature
arg: {"link":""}
checkxlinkurl.template.feature:21 - 
org.apache.http.client.ClientProtocolException
-------
feature call (loop) failed at index: 109
caller: classpath:InspireTest/def/checkxlinkurl.template.feature
arg: {"link":""}
checkxlinkurl.template.feature:21 - 
org.apache.http.client.ClientProtocolException
-------
feature call (loop) failed at index: 110
caller: classpath:InspireTest/def/checkxlinkurl.template.feature
arg: {"link":""}
checkxlinkurl.template.feature:21 - 
org.apache.http.client.ClientProtocolException
-------
feature call (loop) failed at index: 111
caller: classpath:InspireTest/def/checkxlinkurl.template.feature
arg: {"link":""}
checkxlinkurl.template.feature:21 - 
org.apache.http.client.ClientProtocolException
-------
feature call (loop) failed at index: 112
caller: classpath:InspireTest/def/checkxlinkurl.template.feature
arg: {"link":""}
checkxlinkurl.template.feature:21 - 
org.apache.http.client.ClientProtocolException
-------
feature call (loop) failed at index: 113
caller: classpath:InspireTest/def/checkxlinkurl.template.feature
arg: {"link":""}
checkxlinkurl.template.feature:21 - 
org.apache.http.client.ClientProtocolException
-------
feature call (loop) failed at index: 114
caller: classpath:InspireTest/def/checkxlinkurl.template.feature
arg: {"link":""}
checkxlinkurl.template.feature:21 - 
org.apache.http.client.ClientProtocolException
-------
feature call (loop) failed at index: 115
caller: classpath:InspireTest/def/checkxlinkurl.template.feature
arg: {"link":""}
checkxlinkurl.template.feature:21 - 
org.apache.http.client.ClientProtocolException
-------
feature call (loop) failed at index: 116
caller: classpath:InspireTest/def/checkxlinkurl.template.feature
arg: {"link":""}
checkxlinkurl.template.feature:21 - 
org.apache.http.client.ClientProtocolException
-------
feature call (loop) failed at index: 117
caller: classpath:InspireTest/def/checkxlinkurl.template.feature
arg: {"link":""}
checkxlinkurl.template.feature:21 - 
org.apache.http.client.ClientProtocolException
-------
feature call (loop) failed at index: 118
caller: classpath:InspireTest/def/checkxlinkurl.template.feature
arg: {"link":""}
checkxlinkurl.template.feature:21 - 
org.apache.http.client.ClientProtocolException
-------
feature call (loop) failed at index: 119
caller: classpath:InspireTest/def/checkxlinkurl.template.feature
arg: {"link":""}
checkxlinkurl.template.feature:21 - 
org.apache.http.client.ClientProtocolException
-------
feature call (loop) failed at index: 120
caller: classpath:InspireTest/def/checkxlinkurl.template.feature
arg: {"link":""}
checkxlinkurl.template.feature:21 - 
org.apache.http.client.ClientProtocolException
-------
feature call (loop) failed at index: 121
caller: classpath:InspireTest/def/checkxlinkurl.template.feature
arg: {"link":""}
checkxlinkurl.template.feature:21 - 
org.apache.http.client.ClientProtocolException
-------
feature call (loop) failed at index: 122
caller: classpath:InspireTest/def/checkxlinkurl.template.feature
arg: {"link":""}
checkxlinkurl.template.feature:21 - 
org.apache.http.client.ClientProtocolException
-------
feature call (loop) failed at index: 123
caller: classpath:InspireTest/def/checkxlinkurl.template.feature
arg: {"link":""}
checkxlinkurl.template.feature:21 - 
org.apache.http.client.ClientProtocolException
-------
feature call (loop) failed at index: 124
caller: classpath:InspireTest/def/checkxlinkurl.template.feature
arg: {"link":""}
checkxlinkurl.template.feature:21 - 
org.apache.http.client.ClientProtocolException
-------
feature call (loop) failed at index: 125
caller: classpath:InspireTest/def/checkxlinkurl.template.feature
arg: {"link":""}
checkxlinkurl.template.feature:21 - 
org.apache.http.client.ClientProtocolException
-------
feature call (loop) failed at index: 126
caller: classpath:InspireTest/def/checkxlinkurl.template.feature
arg: {"link":""}
checkxlinkurl.template.feature:21 - 
org.apache.http.client.ClientProtocolException
-------
feature call (loop) failed at index: 127
caller: classpath:InspireTest/def/checkxlinkurl.template.feature
arg: {"link":""}
checkxlinkurl.template.feature:21 - 
org.apache.http.client.ClientProtocolException
-------
feature call (loop) failed at index: 128
caller: classpath:InspireTest/def/checkxlinkurl.template.feature
arg: {"link":""}
checkxlinkurl.template.feature:21 - 
org.apache.http.client.ClientProtocolException
-------
feature call (loop) failed at index: 129
caller: classpath:InspireTest/def/checkxlinkurl.template.feature
arg: {"link":""}
checkxlinkurl.template.feature:21 - 
org.apache.http.client.ClientProtocolException
-------
feature call (loop) failed at index: 130
caller: classpath:InspireTest/def/checkxlinkurl.template.feature
arg: {"link":""}
checkxlinkurl.template.feature:21 - 
org.apache.http.client.ClientProtocolException
-------
feature call (loop) failed at index: 131
caller: classpath:InspireTest/def/checkxlinkurl.template.feature
arg: {"link":""}
checkxlinkurl.template.feature:21 - 
org.apache.http.client.ClientProtocolException
-------
feature call (loop) failed at index: 132
caller: classpath:InspireTest/def/checkxlinkurl.template.feature
arg: {"link":""}
checkxlinkurl.template.feature:21 - 
org.apache.http.client.ClientProtocolException
-------
feature call (loop) failed at index: 133
caller: classpath:InspireTest/def/checkxlinkurl.template.feature
arg: {"link":""}
checkxlinkurl.template.feature:21 - 
org.apache.http.client.ClientProtocolException
-------
feature call (loop) failed at index: 134
caller: classpath:InspireTest/def/checkxlinkurl.template.feature
arg: {"link":""}
checkxlinkurl.template.feature:21 - 
org.apache.http.client.ClientProtocolException
-------
feature call (loop) failed at index: 135
caller: classpath:InspireTest/def/checkxlinkurl.template.feature
arg: {"link":""}
checkxlinkurl.template.feature:21 - 
org.apache.http.client.ClientProtocolException
-------
feature call (loop) failed at index: 136
caller: classpath:InspireTest/def/checkxlinkurl.template.feature
arg: {"link":""}
checkxlinkurl.template.feature:21 - 
org.apache.http.client.ClientProtocolException
-------
feature call (loop) failed at index: 137
caller: classpath:InspireTest/def/checkxlinkurl.template.feature
arg: {"link":""}
checkxlinkurl.template.feature:21 - 
org.apache.http.client.ClientProtocolException
-------
feature call (loop) failed at index: 138
caller: classpath:InspireTest/def/checkxlinkurl.template.feature
arg: {"link":""}
checkxlinkurl.template.feature:21 - 
org.apache.http.client.ClientProtocolException
-------
feature call (loop) failed at index: 139
caller: classpath:InspireTest/def/checkxlinkurl.template.feature
arg: {"link":""}
checkxlinkurl.template.feature:21 - 
org.apache.http.client.ClientProtocolException
-------
feature call (loop) failed at index: 140
caller: classpath:InspireTest/def/checkxlinkurl.template.feature
arg: {"link":""}
checkxlinkurl.template.feature:21 - 
org.apache.http.client.ClientProtocolException
-------
feature call (loop) failed at index: 141
caller: classpath:InspireTest/def/checkxlinkurl.template.feature
arg: {"link":""}
checkxlinkurl.template.feature:21 - 
org.apache.http.client.ClientProtocolException
-------
feature call (loop) failed at index: 142
caller: classpath:InspireTest/def/checkxlinkurl.template.feature
arg: {"link":""}
checkxlinkurl.template.feature:21 - 
org.apache.http.client.ClientProtocolException
-------
feature call (loop) failed at index: 143
caller: classpath:InspireTest/def/checkxlinkurl.template.feature
arg: {"link":""}
checkxlinkurl.template.feature:21 - 
org.apache.http.client.ClientProtocolException
-------
feature call (loop) failed at index: 144
caller: classpath:InspireTest/def/checkxlinkurl.template.feature
arg: {"link":""}
checkxlinkurl.template.feature:21 - 
org.apache.http.client.ClientProtocolException
-------
feature call (loop) failed at index: 145
caller: classpath:InspireTest/def/checkxlinkurl.template.feature
arg: {"link":""}
checkxlinkurl.template.feature:21 - 
org.apache.http.client.ClientProtocolException
-------
feature call (loop) failed at index: 146
caller: classpath:InspireTest/def/checkxlinkurl.template.feature
arg: {"link":""}
checkxlinkurl.template.feature:21 - 
org.apache.http.client.ClientProtocolException
-------
feature call (loop) failed at index: 147
caller: classpath:InspireTest/def/checkxlinkurl.template.feature
arg: {"link":""}
checkxlinkurl.template.feature:21 - 
org.apache.http.client.ClientProtocolException
-------
feature call (loop) failed at index: 148
caller: classpath:InspireTest/def/checkxlinkurl.template.feature
arg: {"link":""}
checkxlinkurl.template.feature:21 - 
org.apache.http.client.ClientProtocolException
-------
feature call (loop) failed at index: 149
caller: classpath:InspireTest/def/checkxlinkurl.template.feature
arg: {"link":""}
checkxlinkurl.template.feature:21 - 
org.apache.http.client.ClientProtocolException
-------
feature call (loop) failed at index: 150
caller: classpath:InspireTest/def/checkxlinkurl.template.feature
arg: {"link":""}
checkxlinkurl.template.feature:21 - 
org.apache.http.client.ClientProtocolException
-------
feature call (loop) failed at index: 151
caller: classpath:InspireTest/def/checkxlinkurl.template.feature
arg: {"link":""}
checkxlinkurl.template.feature:21 - 
org.apache.http.client.ClientProtocolException
-------
feature call (loop) failed at index: 152
caller: classpath:InspireTest/def/checkxlinkurl.template.feature
arg: {"link":""}
checkxlinkurl.template.feature:21 - 
org.apache.http.client.ClientProtocolException
-------
feature call (loop) failed at index: 153
caller: classpath:InspireTest/def/checkxlinkurl.template.feature
arg: {"link":""}
checkxlinkurl.template.feature:21 - 
org.apache.http.client.ClientProtocolException
-------
feature call (loop) failed at index: 154
caller: classpath:InspireTest/def/checkxlinkurl.template.feature
arg: {"link":""}
checkxlinkurl.template.feature:21 - 
org.apache.http.client.ClientProtocolException
-------
feature call (loop) failed at index: 155
caller: classpath:InspireTest/def/checkxlinkurl.template.feature
arg: {"link":""}
checkxlinkurl.template.feature:21 - 
org.apache.http.client.ClientProtocolException
-------
feature call (loop) failed at index: 156
caller: classpath:InspireTest/def/checkxlinkurl.template.feature
arg: {"link":""}
checkxlinkurl.template.feature:21 - 
org.apache.http.client.ClientProtocolException
-------
feature call (loop) failed at index: 157
caller: classpath:InspireTest/def/checkxlinkurl.template.feature
arg: {"link":""}
checkxlinkurl.template.feature:21 - 
org.apache.http.client.ClientProtocolException
-------
feature call (loop) failed at index: 158
caller: classpath:InspireTest/def/checkxlinkurl.template.feature
arg: {"link":""}
checkxlinkurl.template.feature:21 - 
org.apache.http.client.ClientProtocolException
-------
feature call (loop) failed at index: 159
caller: classpath:InspireTest/def/checkxlinkurl.template.feature
arg: {"link":""}
checkxlinkurl.template.feature:21 - 
org.apache.http.client.ClientProtocolException
-------
feature call (loop) failed at index: 160
caller: classpath:InspireTest/def/checkxlinkurl.template.feature
arg: {"link":""}
checkxlinkurl.template.feature:21 - 
org.apache.http.client.ClientProtocolException
-------
feature call (loop) failed at index: 161
caller: classpath:InspireTest/def/checkxlinkurl.template.feature
arg: {"link":""}
checkxlinkurl.template.feature:21 - 
org.apache.http.client.ClientProtocolException
-------
feature call (loop) failed at index: 162
caller: classpath:InspireTest/def/checkxlinkurl.template.feature
arg: {"link":""}
checkxlinkurl.template.feature:21 - 
org.apache.http.client.ClientProtocolException
-------
feature call (loop) failed at index: 163
caller: classpath:InspireTest/def/checkxlinkurl.template.feature
arg: {"link":""}
checkxlinkurl.template.feature:21 - 
org.apache.http.client.ClientProtocolException
-------
feature call (loop) failed at index: 164
caller: classpath:InspireTest/def/checkxlinkurl.template.feature
arg: {"link":""}
checkxlinkurl.template.feature:21 - 
org.apache.http.client.ClientProtocolException
-------
feature call (loop) failed at index: 165
caller: classpath:InspireTest/def/checkxlinkurl.template.feature
arg: {"link":""}
checkxlinkurl.template.feature:21 - 
org.apache.http.client.ClientProtocolException
-------
feature call (loop) failed at index: 166
caller: classpath:InspireTest/def/checkxlinkurl.template.feature
arg: {"link":""}
checkxlinkurl.template.feature:21 - 
org.apache.http.client.ClientProtocolException
-------
feature call (loop) failed at index: 167
caller: classpath:InspireTest/def/checkxlinkurl.template.feature
arg: {"link":""}
checkxlinkurl.template.feature:21 - 
org.apache.http.client.ClientProtocolException
-------
feature call (loop) failed at index: 168
caller: classpath:InspireTest/def/checkxlinkurl.template.feature
arg: {"link":""}
checkxlinkurl.template.feature:21 - 
org.apache.http.client.ClientProtocolException
-------
feature call (loop) failed at index: 169
caller: classpath:InspireTest/def/checkxlinkurl.template.feature
arg: {"link":""}
checkxlinkurl.template.feature:21 - 
org.apache.http.client.ClientProtocolException
-------
feature call (loop) failed at index: 170
caller: classpath:InspireTest/def/checkxlinkurl.template.feature
arg: {"link":""}
checkxlinkurl.template.feature:21 - 
org.apache.http.client.ClientProtocolException
-------
feature call (loop) failed at index: 171
caller: classpath:InspireTest/def/checkxlinkurl.template.feature
arg: {"link":""}
checkxlinkurl.template.feature:21 - 
org.apache.http.client.ClientProtocolException
-------
feature call (loop) failed at index: 172
caller: classpath:InspireTest/def/checkxlinkurl.template.feature
arg: {"link":""}
checkxlinkurl.template.feature:21 - 
org.apache.http.client.ClientProtocolException
-------
feature call (loop) failed at index: 173
caller: classpath:InspireTest/def/checkxlinkurl.template.feature
arg: {"link":""}
checkxlinkurl.template.feature:21 - 
org.apache.http.client.ClientProtocolException
-------
feature call (loop) failed at index: 174
caller: classpath:InspireTest/def/checkxlinkurl.template.feature
arg: {"link":""}
checkxlinkurl.template.feature:21 - 
org.apache.http.client.ClientProtocolException
-------
feature call (loop) failed at index: 175
caller: classpath:InspireTest/def/checkxlinkurl.template.feature
arg: {"link":""}
checkxlinkurl.template.feature:21 - 
org.apache.http.client.ClientProtocolException
-------
feature call (loop) failed at index: 176
caller: classpath:InspireTest/def/checkxlinkurl.template.feature
arg: {"link":""}
checkxlinkurl.template.feature:21 - 
org.apache.http.client.ClientProtocolException
-------
feature call (loop) failed at index: 177
caller: classpath:InspireTest/def/checkxlinkurl.template.feature
arg: {"link":""}
checkxlinkurl.template.feature:21 - 
org.apache.http.client.ClientProtocolException
-------
feature call (loop) failed at index: 178
caller: classpath:InspireTest/def/checkxlinkurl.template.feature
arg: {"link":""}
checkxlinkurl.template.feature:21 - 
org.apache.http.client.ClientProtocolException
-------
feature call (loop) failed at index: 179
caller: classpath:InspireTest/def/checkxlinkurl.template.feature
arg: {"link":""}
checkxlinkurl.template.feature:21 - 
org.apache.http.client.ClientProtocolException
-------
feature call (loop) failed at index: 180
caller: classpath:InspireTest/def/checkxlinkurl.template.feature
arg: {"link":""}
checkxlinkurl.template.feature:21 - 
org.apache.http.client.ClientProtocolException
-------
feature call (loop) failed at index: 181
caller: classpath:InspireTest/def/checkxlinkurl.template.feature
arg: {"link":""}
checkxlinkurl.template.feature:21 - 
org.apache.http.client.ClientProtocolException
-------
feature call (loop) failed at index: 182
caller: classpath:InspireTest/def/checkxlinkurl.template.feature
arg: {"link":""}
checkxlinkurl.template.feature:21 - 
org.apache.http.client.ClientProtocolException
-------
feature call (loop) failed at index: 183
caller: classpath:InspireTest/def/checkxlinkurl.template.feature
arg: {"link":""}
checkxlinkurl.template.feature:21 - 
org.apache.http.client.ClientProtocolException
-------
feature call (loop) failed at index: 184
caller: classpath:InspireTest/def/checkxlinkurl.template.feature
arg: {"link":""}
checkxlinkurl.template.feature:21 - 
org.apache.http.client.ClientProtocolException
-------
feature call (loop) failed at index: 185
caller: classpath:InspireTest/def/checkxlinkurl.template.feature
arg: {"link":""}
checkxlinkurl.template.feature:21 - 
org.apache.http.client.ClientProtocolException
-------
feature call (loop) failed at index: 186
caller: classpath:InspireTest/def/checkxlinkurl.template.feature
arg: {"link":""}
checkxlinkurl.template.feature:21 - 
org.apache.http.client.ClientProtocolException
-------
feature call (loop) failed at index: 187
caller: classpath:InspireTest/def/checkxlinkurl.template.feature
arg: {"link":""}
checkxlinkurl.template.feature:21 - 
org.apache.http.client.ClientProtocolException
-------
feature call (loop) failed at index: 188
caller: classpath:InspireTest/def/checkxlinkurl.template.feature
arg: {"link":""}
checkxlinkurl.template.feature:21 - 
org.apache.http.client.ClientProtocolException
-------
feature call (loop) failed at index: 189
caller: classpath:InspireTest/def/checkxlinkurl.template.feature
arg: {"link":""}
checkxlinkurl.template.feature:21 - 
org.apache.http.client.ClientProtocolException
-------
feature call (loop) failed at index: 190
caller: classpath:InspireTest/def/checkxlinkurl.template.feature
arg: {"link":""}
checkxlinkurl.template.feature:21 - 
org.apache.http.client.ClientProtocolException
-------
feature call (loop) failed at index: 191
caller: classpath:InspireTest/def/checkxlinkurl.template.feature
arg: {"link":""}
checkxlinkurl.template.feature:21 - 
org.apache.http.client.ClientProtocolException
-------
feature call (loop) failed at index: 192
caller: classpath:InspireTest/def/checkxlinkurl.template.feature
arg: {"link":""}
checkxlinkurl.template.feature:21 - 
org.apache.http.client.ClientProtocolException
-------
feature call (loop) failed at index: 193
caller: classpath:InspireTest/def/checkxlinkurl.template.feature
arg: {"link":""}
checkxlinkurl.template.feature:21 - 
org.apache.http.client.ClientProtocolException
-------
feature call (loop) failed at index: 194
caller: classpath:InspireTest/def/checkxlinkurl.template.feature
arg: {"link":""}
checkxlinkurl.template.feature:21 - 
org.apache.http.client.ClientProtocolException
-------
feature call (loop) failed at index: 195
caller: classpath:InspireTest/def/checkxlinkurl.template.feature
arg: {"link":""}
checkxlinkurl.template.feature:21 - 
org.apache.http.client.ClientProtocolException
-------
feature call (loop) failed at index: 196
caller: classpath:InspireTest/def/checkxlinkurl.template.feature
arg: {"link":""}
checkxlinkurl.template.feature:21 - 
org.apache.http.client.ClientProtocolException
-------
feature call (loop) failed at index: 197
caller: classpath:InspireTest/def/checkxlinkurl.template.feature
arg: {"link":""}
checkxlinkurl.template.feature:21 - 
org.apache.http.client.ClientProtocolException
-------
feature call (loop) failed at index: 198
caller: classpath:InspireTest/def/checkxlinkurl.template.feature
arg: {"link":""}
checkxlinkurl.template.feature:21 - 
org.apache.http.client.ClientProtocolException
-------
feature call (loop) failed at index: 199
caller: classpath:InspireTest/def/checkxlinkurl.template.feature
arg: {"link":""}
checkxlinkurl.template.feature:21 - 
org.apache.http.client.ClientProtocolException
-------
feature call (loop) failed at index: 200
caller: classpath:InspireTest/def/checkxlinkurl.template.feature
arg: {"link":""}
checkxlinkurl.template.feature:21 - 
org.apache.http.client.ClientProtocolException
-------
feature call (loop) failed at index: 201
caller: classpath:InspireTest/def/checkxlinkurl.template.feature
arg: {"link":""}
checkxlinkurl.template.feature:21 - 
org.apache.http.client.ClientProtocolException
-------
feature call (loop) failed at index: 202
caller: classpath:InspireTest/def/checkxlinkurl.template.feature
arg: {"link":""}
checkxlinkurl.template.feature:21 - 
org.apache.http.client.ClientProtocolException
-------
feature call (loop) failed at index: 203
caller: classpath:InspireTest/def/checkxlinkurl.template.feature
arg: {"link":""}
checkxlinkurl.template.feature:21 - 
org.apache.http.client.ClientProtocolException
-------
feature call (loop) failed at index: 204
caller: classpath:InspireTest/def/checkxlinkurl.template.feature
arg: {"link":""}
checkxlinkurl.template.feature:21 - 
org.apache.http.client.ClientProtocolException
-------
feature call (loop) failed at index: 205
caller: classpath:InspireTest/def/checkxlinkurl.template.feature
arg: {"link":""}
checkxlinkurl.template.feature:21 - 
org.apache.http.client.ClientProtocolException
-------
feature call (loop) failed at index: 206
caller: classpath:InspireTest/def/checkxlinkurl.template.feature
arg: {"link":""}
checkxlinkurl.template.feature:21 - 
org.apache.http.client.ClientProtocolException
-------
feature call (loop) failed at index: 207
caller: classpath:InspireTest/def/checkxlinkurl.template.feature
arg: {"link":""}
checkxlinkurl.template.feature:21 - 
org.apache.http.client.ClientProtocolException
-------
feature call (loop) failed at index: 208
caller: classpath:InspireTest/def/checkxlinkurl.template.feature
arg: {"link":""}
checkxlinkurl.template.feature:21 - 
org.apache.http.client.ClientProtocolException
-------
feature call (loop) failed at index: 209
caller: classpath:InspireTest/def/checkxlinkurl.template.feature
arg: {"link":""}
checkxlinkurl.template.feature:21 - 
org.apache.http.client.ClientProtocolException
[1.13:24] check-known-service-record.feature:72 - feature call (loop) failed: classpath:InspireTest/def/checkxlinkurl.template.feature
caller: classpath:InspireTest/ngr/T03_services/check-known-service-record.feature
items: [{link=http://rdfdata.eionet.europa.eu/inspirethemes/themes/33}, {link=http://geonetwork-opensource.org/inspire-theme#}, {link=http://inspire.ec.europa.eu/metadata-codelist/SpatialDataServiceCategory/infoMapAccessService}, {link=http://inspire.ec.europa.eu/metadata-codelist/SpatialDataServiceCategory#}, {link=https://www.nationaalgeoregister.nl/geonetwork/srv/eng/thesaurus.download?ref=external.theme.httpinspireeceuropaeumetadatacodelistSpatialDataServiceCategory-SpatialDataServiceCategory}, {link=}, {link=}, {link=}, {link=}, {link=}, {link=}, {link=}, {link=}, {link=}, {link=}, {link=}, {link=}, {link=}, {link=}, {link=}, {link=}, {link=}, {link=}, {link=}, {link=}, {link=}, {link=http://nationaalgeoregister.nl/geonetwork/srv/dut/csw?service=CSW&version=2.0.2&request=GetRecordById&outputschema=http://www.isotc211.org/2005/gmd&elementsetname=full&id=11d83e36-fd0d-46bc-838c-0567c5dfdb19#MD_DataIdentification}, {link=http://nationaalgeoregister.nl/geonetwork/srv/dut/csw?service=CSW&version=2.0.2&request=GetRecordById&outputschema=http://www.isotc211.org/2005/gmd&elementsetname=full&id=34dacd72-d2fb-4e28-844d-73d3b9c3fef2#MD_DataIdentification}, {link=http://nationaalgeoregister.nl/geonetwork/srv/dut/csw?service=CSW&version=2.0.2&request=GetRecordById&outputschema=http://www.isotc211.org/2005/gmd&elementsetname=full&id=419b85e5-04ee-4cc9-b910-bc58594a943a#MD_DataIdentification}, {link=http://nationaalgeoregister.nl/geonetwork/srv/dut/csw?service=CSW&version=2.0.2&request=GetRecordById&outputschema=http://www.isotc211.org/2005/gmd&elementsetname=full&id=119f7512-a71e-4d1a-82e7-7a2b63f9338b#MD_DataIdentification}, {link=http://nationaalgeoregister.nl/geonetwork/srv/dut/csw?service=CSW&version=2.0.2&request=GetRecordById&outputschema=http://www.isotc211.org/2005/gmd&elementsetname=full&id=6ea55ec4-f312-40ef-9935-68806e61b496#MD_DataIdentification}, {link=http://nationaalgeoregister.nl/geonetwork/srv/dut/csw?service=CSW&version=2.0.2&request=GetRecordById&outputschema=http://www.isotc211.org/2005/gmd&elementsetname=full&id=af784610-df36-4d40-bac0-23d8e728999f#MD_DataIdentification}, {link=http://nationaalgeoregister.nl/geonetwork/srv/dut/csw?service=CSW&version=2.0.2&request=GetRecordById&outputschema=http://www.isotc211.org/2005/gmd&elementsetname=full&id=24eb504e-f5f3-4ecf-b760-cc5630e82a57#MD_DataIdentification}]
errors:
-------
feature call (loop) failed at index: 0
caller: classpath:InspireTest/def/checkxlinkurl.template.feature
arg: {"link":"http://rdfdata.eionet.europa.eu/inspirethemes/themes/33"}
checkxlinkurl.template.feature:28 - path: $, actual: 404, expected: 200, reason: not equal (Integer)
-------
feature call (loop) failed at index: 1
caller: classpath:InspireTest/def/checkxlinkurl.template.feature
arg: {"link":"http://geonetwork-opensource.org/inspire-theme#"}
checkxlinkurl.template.feature:28 - path: $, actual: 404, expected: 200, reason: not equal (Integer)
-------
feature call (loop) failed at index: 2
caller: classpath:InspireTest/def/checkxlinkurl.template.feature
arg: {"link":"http://inspire.ec.europa.eu/metadata-codelist/SpatialDataServiceCategory/infoMapAccessService"}
checkxlinkurl.template.feature:21 - 
java.net.SocketTimeoutException: Read timed out
-------
feature call (loop) failed at index: 3
caller: classpath:InspireTest/def/checkxlinkurl.template.feature
arg: {"link":"http://inspire.ec.europa.eu/metadata-codelist/SpatialDataServiceCategory#"}
checkxlinkurl.template.feature:21 - 
org.apache.http.conn.HttpHostConnectException: Connect to inspire.ec.europa.eu:443 [inspire.ec.europa.eu/139.191.229.30] failed: Connection refused
-------
feature call (loop) failed at index: 5
caller: classpath:InspireTest/def/checkxlinkurl.template.feature
arg: {"link":""}
checkxlinkurl.template.feature:21 - 
org.apache.http.client.ClientProtocolException
-------
feature call (loop) failed at index: 6
caller: classpath:InspireTest/def/checkxlinkurl.template.feature
arg: {"link":""}
checkxlinkurl.template.feature:21 - 
org.apache.http.client.ClientProtocolException
-------
feature call (loop) failed at index: 7
caller: classpath:InspireTest/def/checkxlinkurl.template.feature
arg: {"link":""}
checkxlinkurl.template.feature:21 - 
org.apache.http.client.ClientProtocolException
-------
feature call (loop) failed at index: 8
caller: classpath:InspireTest/def/checkxlinkurl.template.feature
arg: {"link":""}
checkxlinkurl.template.feature:21 - 
org.apache.http.client.ClientProtocolException
-------
feature call (loop) failed at index: 9
caller: classpath:InspireTest/def/checkxlinkurl.template.feature
arg: {"link":""}
checkxlinkurl.template.feature:21 - 
org.apache.http.client.ClientProtocolException
-------
feature call (loop) failed at index: 10
caller: classpath:InspireTest/def/checkxlinkurl.template.feature
arg: {"link":""}
checkxlinkurl.template.feature:21 - 
org.apache.http.client.ClientProtocolException
-------
feature call (loop) failed at index: 11
caller: classpath:InspireTest/def/checkxlinkurl.template.feature
arg: {"link":""}
checkxlinkurl.template.feature:21 - 
org.apache.http.client.ClientProtocolException
-------
feature call (loop) failed at index: 12
caller: classpath:InspireTest/def/checkxlinkurl.template.feature
arg: {"link":""}
checkxlinkurl.template.feature:21 - 
org.apache.http.client.ClientProtocolException
-------
feature call (loop) failed at index: 13
caller: classpath:InspireTest/def/checkxlinkurl.template.feature
arg: {"link":""}
checkxlinkurl.template.feature:21 - 
org.apache.http.client.ClientProtocolException
-------
feature call (loop) failed at index: 14
caller: classpath:InspireTest/def/checkxlinkurl.template.feature
arg: {"link":""}
checkxlinkurl.template.feature:21 - 
org.apache.http.client.ClientProtocolException
-------
feature call (loop) failed at index: 15
caller: classpath:InspireTest/def/checkxlinkurl.template.feature
arg: {"link":""}
checkxlinkurl.template.feature:21 - 
org.apache.http.client.ClientProtocolException
-------
feature call (loop) failed at index: 16
caller: classpath:InspireTest/def/checkxlinkurl.template.feature
arg: {"link":""}
checkxlinkurl.template.feature:21 - 
org.apache.http.client.ClientProtocolException
-------
feature call (loop) failed at index: 17
caller: classpath:InspireTest/def/checkxlinkurl.template.feature
arg: {"link":""}
checkxlinkurl.template.feature:21 - 
org.apache.http.client.ClientProtocolException
-------
feature call (loop) failed at index: 18
caller: classpath:InspireTest/def/checkxlinkurl.template.feature
arg: {"link":""}
checkxlinkurl.template.feature:21 - 
org.apache.http.client.ClientProtocolException
-------
feature call (loop) failed at index: 19
caller: classpath:InspireTest/def/checkxlinkurl.template.feature
arg: {"link":""}
checkxlinkurl.template.feature:21 - 
org.apache.http.client.ClientProtocolException
-------
feature call (loop) failed at index: 20
caller: classpath:InspireTest/def/checkxlinkurl.template.feature
arg: {"link":""}
checkxlinkurl.template.feature:21 - 
org.apache.http.client.ClientProtocolException
-------
feature call (loop) failed at index: 21
caller: classpath:InspireTest/def/checkxlinkurl.template.feature
arg: {"link":""}
checkxlinkurl.template.feature:21 - 
org.apache.http.client.ClientProtocolException
-------
feature call (loop) failed at index: 22
caller: classpath:InspireTest/def/checkxlinkurl.template.feature
arg: {"link":""}
checkxlinkurl.template.feature:21 - 
org.apache.http.client.ClientProtocolException
-------
feature call (loop) failed at index: 23
caller: classpath:InspireTest/def/checkxlinkurl.template.feature
arg: {"link":""}
checkxlinkurl.template.feature:21 - 
org.apache.http.client.ClientProtocolException
-------
feature call (loop) failed at index: 24
caller: classpath:InspireTest/def/checkxlinkurl.template.feature
arg: {"link":""}
checkxlinkurl.template.feature:21 - 
org.apache.http.client.ClientProtocolException
-------
feature call (loop) failed at index: 25
caller: classpath:InspireTest/def/checkxlinkurl.template.feature
arg: {"link":""}
checkxlinkurl.template.feature:21 - 
org.apache.http.client.ClientProtocolException
[1.14:24] check-known-service-record.feature:72 - feature call (loop) failed: classpath:InspireTest/def/checkxlinkurl.template.feature
caller: classpath:InspireTest/ngr/T03_services/check-known-service-record.feature
items: [{link=http://rdfdata.eionet.europa.eu/inspirethemes/themes/33}, {link=http://geonetwork-opensource.org/inspire-theme#}, {link=http://inspire.ec.europa.eu/metadata-codelist/SpatialDataServiceCategory/infoFeatureAccessService}, {link=http://inspire.ec.europa.eu/metadata-codelist/SpatialDataServiceCategory#}, {link=https://www.nationaalgeoregister.nl/geonetwork/srv/eng/thesaurus.download?ref=external.theme.httpinspireeceuropaeumetadatacodelistSpatialDataServiceCategory-SpatialDataServiceCategory}, {link=}, {link=}, {link=}, {link=}, {link=http://nationaalgeoregister.nl/geonetwork/srv/dut/csw?service=CSW&version=2.0.2&request=GetRecordById&outputschema=http://www.isotc211.org/2005/gmd&elementsetname=full&id=d845cef6-0e23-4212-a951-b69763e39ef0#MD_DataIdentification}]
errors:
-------
feature call (loop) failed at index: 0
caller: classpath:InspireTest/def/checkxlinkurl.template.feature
arg: {"link":"http://rdfdata.eionet.europa.eu/inspirethemes/themes/33"}
checkxlinkurl.template.feature:28 - path: $, actual: 404, expected: 200, reason: not equal (Integer)
-------
feature call (loop) failed at index: 1
caller: classpath:InspireTest/def/checkxlinkurl.template.feature
arg: {"link":"http://geonetwork-opensource.org/inspire-theme#"}
checkxlinkurl.template.feature:28 - path: $, actual: 404, expected: 200, reason: not equal (Integer)
-------
feature call (loop) failed at index: 2
caller: classpath:InspireTest/def/checkxlinkurl.template.feature
arg: {"link":"http://inspire.ec.europa.eu/metadata-codelist/SpatialDataServiceCategory/infoFeatureAccessService"}
checkxlinkurl.template.feature:21 - 
java.net.SocketTimeoutException: Read timed out
-------
feature call (loop) failed at index: 3
caller: classpath:InspireTest/def/checkxlinkurl.template.feature
arg: {"link":"http://inspire.ec.europa.eu/metadata-codelist/SpatialDataServiceCategory#"}
checkxlinkurl.template.feature:21 - 
java.net.SocketTimeoutException: Read timed out
-------
feature call (loop) failed at index: 5
caller: classpath:InspireTest/def/checkxlinkurl.template.feature
arg: {"link":""}
checkxlinkurl.template.feature:21 - 
org.apache.http.client.ClientProtocolException
-------
feature call (loop) failed at index: 6
caller: classpath:InspireTest/def/checkxlinkurl.template.feature
arg: {"link":""}
checkxlinkurl.template.feature:21 - 
org.apache.http.client.ClientProtocolException
-------
feature call (loop) failed at index: 7
caller: classpath:InspireTest/def/checkxlinkurl.template.feature
arg: {"link":""}
checkxlinkurl.template.feature:21 - 
org.apache.http.client.ClientProtocolException
-------
feature call (loop) failed at index: 8
caller: classpath:InspireTest/def/checkxlinkurl.template.feature
arg: {"link":""}
checkxlinkurl.template.feature:21 - 
org.apache.http.client.ClientProtocolException
[1.15:24] check-known-service-record.feature:72 - feature call (loop) failed: classpath:InspireTest/def/checkxlinkurl.template.feature
caller: classpath:InspireTest/ngr/T03_services/check-known-service-record.feature
items: [{link=http://inspire.ec.europa.eu/metadata-codelist/SpatialDataServiceCategory/infoFeatureAccessService}, {link=http://inspire.ec.europa.eu/metadata-codelist/SpatialDataServiceCategory}, {link=https://www.nationaalgeoregister.nl:443/geonetwork/srv/eng/thesaurus.download?ref=external.theme.httpinspireeceuropaeumetadatacodelistSpatialDataServiceCategory-SpatialDataServiceCategory}, {link=}, {link=}, {link=}, {link=}, {link=}, {link=}, {link=}, {link=}, {link=https://nationaalgeoregister.nl/geonetwork/srv/en/csw?service=CSW&version=2.0.2&request=GetRecordById&outputschema=http://www.isotc211.org/2005/gmd&elementsetname=full&id=29c17585-e702-463f-a5dc-99d34b17d333#MD_DataIdentification}]
errors:
-------
feature call (loop) failed at index: 0
caller: classpath:InspireTest/def/checkxlinkurl.template.feature
arg: {"link":"http://inspire.ec.europa.eu/metadata-codelist/SpatialDataServiceCategory/infoFeatureAccessService"}
checkxlinkurl.template.feature:21 - 
java.net.SocketTimeoutException: Read timed out
-------
feature call (loop) failed at index: 1
caller: classpath:InspireTest/def/checkxlinkurl.template.feature
arg: {"link":"http://inspire.ec.europa.eu/metadata-codelist/SpatialDataServiceCategory"}
checkxlinkurl.template.feature:21 - 
java.net.SocketTimeoutException: Read timed out
-------
feature call (loop) failed at index: 3
caller: classpath:InspireTest/def/checkxlinkurl.template.feature
arg: {"link":""}
checkxlinkurl.template.feature:21 - 
org.apache.http.client.ClientProtocolException
-------
feature call (loop) failed at index: 4
caller: classpath:InspireTest/def/checkxlinkurl.template.feature
arg: {"link":""}
checkxlinkurl.template.feature:21 - 
org.apache.http.client.ClientProtocolException
-------
feature call (loop) failed at index: 5
caller: classpath:InspireTest/def/checkxlinkurl.template.feature
arg: {"link":""}
checkxlinkurl.template.feature:21 - 
org.apache.http.client.ClientProtocolException
-------
feature call (loop) failed at index: 6
caller: classpath:InspireTest/def/checkxlinkurl.template.feature
arg: {"link":""}
checkxlinkurl.template.feature:21 - 
org.apache.http.client.ClientProtocolException
-------
feature call (loop) failed at index: 7
caller: classpath:InspireTest/def/checkxlinkurl.template.feature
arg: {"link":""}
checkxlinkurl.template.feature:21 - 
org.apache.http.client.ClientProtocolException
-------
feature call (loop) failed at index: 8
caller: classpath:InspireTest/def/checkxlinkurl.template.feature
arg: {"link":""}
checkxlinkurl.template.feature:21 - 
org.apache.http.client.ClientProtocolException
-------
feature call (loop) failed at index: 9
caller: classpath:InspireTest/def/checkxlinkurl.template.feature
arg: {"link":""}
checkxlinkurl.template.feature:21 - 
org.apache.http.client.ClientProtocolException
-------
feature call (loop) failed at index: 10
caller: classpath:InspireTest/def/checkxlinkurl.template.feature
arg: {"link":""}
checkxlinkurl.template.feature:21 - 
org.apache.http.client.ClientProtocolException
[1.16:24] check-known-service-record.feature:72 - feature call (loop) failed: classpath:InspireTest/def/checkxlinkurl.template.feature
caller: classpath:InspireTest/ngr/T03_services/check-known-service-record.feature
items: [{link=http://rdfdata.eionet.europa.eu/inspirethemes/themes/17}, {link=http://geonetwork-opensource.org/inspire-theme#}, {link=http://inspire.ec.europa.eu/metadata-codelist/SpatialDataServiceCategory/infoMapAccessService}, {link=http://inspire.ec.europa.eu/metadata-codelist/SpatialDataServiceCategory#}, {link=https://www.nationaalgeoregister.nl/geonetwork/srv/eng/thesaurus.download?ref=external.theme.httpinspireeceuropaeumetadatacodelistSpatialDataServiceCategory-SpatialDataServiceCategory}, {link=}, {link=}, {link=}, {link=https://nationaalgeoregister.nl/geonetwork/srv/en/csw?service=CSW&version=2.0.2&request=GetRecordById&outputschema=http://www.isotc211.org/2005/gmd&elementsetname=full&id=6318009c-7b11-4ab9-9929-735584dfb692#MD_DataIdentification}]
errors:
-------
feature call (loop) failed at index: 0
caller: classpath:InspireTest/def/checkxlinkurl.template.feature
arg: {"link":"http://rdfdata.eionet.europa.eu/inspirethemes/themes/17"}
checkxlinkurl.template.feature:28 - path: $, actual: 404, expected: 200, reason: not equal (Integer)
-------
feature call (loop) failed at index: 1
caller: classpath:InspireTest/def/checkxlinkurl.template.feature
arg: {"link":"http://geonetwork-opensource.org/inspire-theme#"}
checkxlinkurl.template.feature:28 - path: $, actual: 404, expected: 200, reason: not equal (Integer)
-------
feature call (loop) failed at index: 2
caller: classpath:InspireTest/def/checkxlinkurl.template.feature
arg: {"link":"http://inspire.ec.europa.eu/metadata-codelist/SpatialDataServiceCategory/infoMapAccessService"}
checkxlinkurl.template.feature:21 - 
java.net.SocketTimeoutException: Read timed out
-------
feature call (loop) failed at index: 3
caller: classpath:InspireTest/def/checkxlinkurl.template.feature
arg: {"link":"http://inspire.ec.europa.eu/metadata-codelist/SpatialDataServiceCategory#"}
checkxlinkurl.template.feature:21 - 
java.net.SocketTimeoutException: Read timed out
-------
feature call (loop) failed at index: 5
caller: classpath:InspireTest/def/checkxlinkurl.template.feature
arg: {"link":""}
checkxlinkurl.template.feature:21 - 
org.apache.http.client.ClientProtocolException
-------
feature call (loop) failed at index: 6
caller: classpath:InspireTest/def/checkxlinkurl.template.feature
arg: {"link":""}
checkxlinkurl.template.feature:21 - 
org.apache.http.client.ClientProtocolException
-------
feature call (loop) failed at index: 7
caller: classpath:InspireTest/def/checkxlinkurl.template.feature
arg: {"link":""}
checkxlinkurl.template.feature:21 - 
org.apache.http.client.ClientProtocolException
[1.17:24] check-known-service-record.feature:72 - feature call (loop) failed: classpath:InspireTest/def/checkxlinkurl.template.feature
caller: classpath:InspireTest/ngr/T03_services/check-known-service-record.feature
items: [{link=}, {link=http://www.nationaalgeoregister.nl/geonetwork/srv/nl/csw?Service=CSW&Request=GetRecordById&Version=2.0.2&id=88f76a94-ee4d-4e0c-9fde-91b692403e39&outputSchema=http://www.isotc211.org/2005/gmd&elementSetName=full#MD_DataIdentification}, {link=http://www.nationaalgeoregister.nl/geonetwork/srv/nl/csw?Service=CSW&Request=GetRecordById&Version=2.0.2&id=08af1182-91fe-4d21-aa21-ee002953c3cc&outputSchema=http://www.isotc211.org/2005/gmd&elementSetName=full#MD_DataIdentification}, {link=http://www.nationaalgeoregister.nl/geonetwork/srv/nl/csw?Service=CSW&Request=GetRecordById&Version=2.0.2&id=d91126e0-e37b-11e4-b571-0800200c9a66&outputSchema=http://www.isotc211.org/2005/gmd&elementSetName=full#MD_DataIdentification}, {link=http://www.nationaalgeoregister.nl/geonetwork/srv/nl/csw?Service=CSW&Request=GetRecordById&Version=2.0.2&id=667ebfb0-e37c-11e4-b571-0800200c9a66&outputSchema=http://www.isotc211.org/2005/gmd&elementSetName=full#MD_DataIdentification}]
errors:
-------
feature call (loop) failed at index: 0
caller: classpath:InspireTest/def/checkxlinkurl.template.feature
arg: {"link":""}
checkxlinkurl.template.feature:21 - 
org.apache.http.client.ClientProtocolException
[1.19:24] check-known-service-record.feature:72 - feature call (loop) failed: classpath:InspireTest/def/checkxlinkurl.template.feature
caller: classpath:InspireTest/ngr/T03_services/check-known-service-record.feature
items: [{link=http://inspire.ec.europa.eu/metadata-codelist/SpatialDataServiceCategory/infoFeatureAccessService}, {link=http://inspire.ec.europa.eu/metadata-codelist/SpatialDataServiceCategory}, {link=https://www.nationaalgeoregister.nl:443/geonetwork/srv/eng/thesaurus.download?ref=external.theme.httpinspireeceuropaeumetadatacodelistSpatialDataServiceCategory-SpatialDataServiceCategory}, {link=}, {link=}, {link=}, {link=}, {link=}, {link=}, {link=}, {link=}, {link=http://nationaalgeoregister.nl/geonetwork/srv/dut/csw?service=CSW&version=2.0.2&request=GetRecordById&outputschema=http://www.isotc211.org/2005/gmd&elementsetname=full&id=be1b1514-8d1f-48e1-9624-fee9b784138b#MD_DataIdentification}, {link=http://nationaalgeoregister.nl/geonetwork/srv/dut/csw?service=CSW&version=2.0.2&request=GetRecordById&outputschema=http://www.isotc211.org/2005/gmd&elementsetname=full&id=db60a314-5583-437d-a2ff-1e59cc57704e#MD_DataIdentification}]
errors:
-------
feature call (loop) failed at index: 1
caller: classpath:InspireTest/def/checkxlinkurl.template.feature
arg: {"link":"http://inspire.ec.europa.eu/metadata-codelist/SpatialDataServiceCategory"}
checkxlinkurl.template.feature:21 - 
java.net.SocketTimeoutException: Read timed out
-------
feature call (loop) failed at index: 3
caller: classpath:InspireTest/def/checkxlinkurl.template.feature
arg: {"link":""}
checkxlinkurl.template.feature:21 - 
org.apache.http.client.ClientProtocolException
-------
feature call (loop) failed at index: 4
caller: classpath:InspireTest/def/checkxlinkurl.template.feature
arg: {"link":""}
checkxlinkurl.template.feature:21 - 
org.apache.http.client.ClientProtocolException
-------
feature call (loop) failed at index: 5
caller: classpath:InspireTest/def/checkxlinkurl.template.feature
arg: {"link":""}
checkxlinkurl.template.feature:21 - 
org.apache.http.client.ClientProtocolException
-------
feature call (loop) failed at index: 6
caller: classpath:InspireTest/def/checkxlinkurl.template.feature
arg: {"link":""}
checkxlinkurl.template.feature:21 - 
org.apache.http.client.ClientProtocolException
-------
feature call (loop) failed at index: 7
caller: classpath:InspireTest/def/checkxlinkurl.template.feature
arg: {"link":""}
checkxlinkurl.template.feature:21 - 
org.apache.http.client.ClientProtocolException
-------
feature call (loop) failed at index: 8
caller: classpath:InspireTest/def/checkxlinkurl.template.feature
arg: {"link":""}
checkxlinkurl.template.feature:21 - 
org.apache.http.client.ClientProtocolException
-------
feature call (loop) failed at index: 9
caller: classpath:InspireTest/def/checkxlinkurl.template.feature
arg: {"link":""}
checkxlinkurl.template.feature:21 - 
org.apache.http.client.ClientProtocolException
-------
feature call (loop) failed at index: 10
caller: classpath:InspireTest/def/checkxlinkurl.template.feature
arg: {"link":""}
checkxlinkurl.template.feature:21 - 
org.apache.http.client.ClientProtocolException
[1.20:24] check-known-service-record.feature:72 - feature call (loop) failed: classpath:InspireTest/def/checkxlinkurl.template.feature
caller: classpath:InspireTest/ngr/T03_services/check-known-service-record.feature
items: [{link=http://inspire.ec.europa.eu/metadata-codelist/SpatialDataServiceCategory/infoMapAccessService}, {link=http://inspire.ec.europa.eu/metadata-codelist/SpatialDataServiceCategory}, {link=https://www.nationaalgeoregister.nl:443/geonetwork/srv/eng/thesaurus.download?ref=external.theme.httpinspireeceuropaeumetadatacodelistSpatialDataServiceCategory-SpatialDataServiceCategory}, {link=}, {link=}, {link=}, {link=http://www.nationaalgeoregister.nl/geonetwork/srv/en/csw?service=CSW&request=GetRecordById&version=2.0.2&outputSchema=http://www.isotc211.org/2005/gmd&elementSetName=full&id=f2f86edf-ac3a-48e8-9292-0544da2d7645#MD_DataIdentification}]
errors:
-------
feature call (loop) failed at index: 0
caller: classpath:InspireTest/def/checkxlinkurl.template.feature
arg: {"link":"http://inspire.ec.europa.eu/metadata-codelist/SpatialDataServiceCategory/infoMapAccessService"}
checkxlinkurl.template.feature:21 - 
org.apache.http.conn.HttpHostConnectException: Connect to inspire.ec.europa.eu:443 [inspire.ec.europa.eu/139.191.229.30] failed: Connection refused
-------
feature call (loop) failed at index: 1
caller: classpath:InspireTest/def/checkxlinkurl.template.feature
arg: {"link":"http://inspire.ec.europa.eu/metadata-codelist/SpatialDataServiceCategory"}
checkxlinkurl.template.feature:21 - 
java.net.SocketTimeoutException: Read timed out
-------
feature call (loop) failed at index: 3
caller: classpath:InspireTest/def/checkxlinkurl.template.feature
arg: {"link":""}
checkxlinkurl.template.feature:21 - 
org.apache.http.client.ClientProtocolException
-------
feature call (loop) failed at index: 4
caller: classpath:InspireTest/def/checkxlinkurl.template.feature
arg: {"link":""}
checkxlinkurl.template.feature:21 - 
org.apache.http.client.ClientProtocolException
-------
feature call (loop) failed at index: 5
caller: classpath:InspireTest/def/checkxlinkurl.template.feature
arg: {"link":""}
checkxlinkurl.template.feature:21 - 
org.apache.http.client.ClientProtocolException
[1.23:24] check-known-service-record.feature:72 - feature call (loop) failed: classpath:InspireTest/def/checkxlinkurl.template.feature
caller: classpath:InspireTest/ngr/T03_services/check-known-service-record.feature
items: [{link=http://inspire.ec.europa.eu/metadata-codelist/SpatialDataServiceCategory/infoMapAccessService}, {link=http://inspire.ec.europa.eu/metadata-codelist/SpatialDataServiceCategory}, {link=https://www.nationaalgeoregister.nl:443/geonetwork/srv/eng/thesaurus.download?ref=external.theme.httpinspireeceuropaeumetadatacodelistSpatialDataServiceCategory-SpatialDataServiceCategory}, {link=}, {link=}, {link=}, {link=http://www.nationaalgeoregister.nl/geonetwork/srv/dut/csw?service=CSW&request=GetRecordById&version=2.0.2&outputSchema=http://www.isotc211.org/2005/gmd&elementSetName=full&id=50a2c5e6-c8e7-425d-854e-26f578196bc9#MD_DataIdentification}]
errors:
-------
feature call (loop) failed at index: 0
caller: classpath:InspireTest/def/checkxlinkurl.template.feature
arg: {"link":"http://inspire.ec.europa.eu/metadata-codelist/SpatialDataServiceCategory/infoMapAccessService"}
checkxlinkurl.template.feature:21 - 
org.apache.http.conn.HttpHostConnectException: Connect to inspire.ec.europa.eu:443 [inspire.ec.europa.eu/139.191.229.30] failed: Connection refused
-------
feature call (loop) failed at index: 1
caller: classpath:InspireTest/def/checkxlinkurl.template.feature
arg: {"link":"http://inspire.ec.europa.eu/metadata-codelist/SpatialDataServiceCategory"}
checkxlinkurl.template.feature:21 - 
org.apache.http.conn.HttpHostConnectException: Connect to inspire.ec.europa.eu:443 [inspire.ec.europa.eu/139.191.229.30] failed: Connection refused
-------
feature call (loop) failed at index: 3
caller: classpath:InspireTest/def/checkxlinkurl.template.feature
arg: {"link":""}
checkxlinkurl.template.feature:21 - 
org.apache.http.client.ClientProtocolException
-------
feature call (loop) failed at index: 4
caller: classpath:InspireTest/def/checkxlinkurl.template.feature
arg: {"link":""}
checkxlinkurl.template.feature:21 - 
org.apache.http.client.ClientProtocolException
-------
feature call (loop) failed at index: 5
caller: classpath:InspireTest/def/checkxlinkurl.template.feature
arg: {"link":""}
checkxlinkurl.template.feature:21 - 
org.apache.http.client.ClientProtocolException
[1.24:24] check-known-service-record.feature:72 - feature call (loop) failed: classpath:InspireTest/def/checkxlinkurl.template.feature
caller: classpath:InspireTest/ngr/T03_services/check-known-service-record.feature
items: [{link=}, {link=http://www.nationaalgeoregister.nl/geonetwork/srv/nl/csw?Service=CSW&Request=GetRecordById&Version=2.0.2&id=88e2a6fa-b296-4ff4-bc30-fb87e2c1627e&outputSchema=http://www.isotc211.org/2005/gmd&elementSetName=full#MD_DataIdentification}]
errors:
-------
feature call (loop) failed at index: 0
caller: classpath:InspireTest/def/checkxlinkurl.template.feature
arg: {"link":""}
checkxlinkurl.template.feature:21 - 
org.apache.http.client.ClientProtocolException
[1.25:24] check-known-service-record.feature:72 - feature call (loop) failed: classpath:InspireTest/def/checkxlinkurl.template.feature
caller: classpath:InspireTest/ngr/T03_services/check-known-service-record.feature
items: [{link=http://rdfdata.eionet.europa.eu/inspirethemes/themes/16}, {link=http://geonetwork-opensource.org/inspire-theme#}, {link=http://inspire.ec.europa.eu/metadata-codelist/SpatialDataServiceCategory/infoMapAccessService}, {link=http://inspire.ec.europa.eu/metadata-codelist/SpatialDataServiceCategory#}, {link=https://www.nationaalgeoregister.nl/geonetwork/srv/eng/thesaurus.download?ref=external.theme.httpinspireeceuropaeumetadatacodelistSpatialDataServiceCategory-SpatialDataServiceCategory}, {link=}, {link=}, {link=}, {link=}, {link=}, {link=}, {link=}, {link=}, {link=}, {link=https://nationaalgeoregister.nl/geonetwork/srv/en/csw?service=CSW&version=2.0.2&request=GetRecordById&outputschema=http://www.isotc211.org/2005/gmd&elementsetname=full&id=dc5b522e-3e14-4738-9e8e-2401e1b19ef2#MD_DataIdentification}]
errors:
-------
feature call (loop) failed at index: 0
caller: classpath:InspireTest/def/checkxlinkurl.template.feature
arg: {"link":"http://rdfdata.eionet.europa.eu/inspirethemes/themes/16"}
checkxlinkurl.template.feature:28 - path: $, actual: 404, expected: 200, reason: not equal (Integer)
-------
feature call (loop) failed at index: 1
caller: classpath:InspireTest/def/checkxlinkurl.template.feature
arg: {"link":"http://geonetwork-opensource.org/inspire-theme#"}
checkxlinkurl.template.feature:28 - path: $, actual: 404, expected: 200, reason: not equal (Integer)
-------
feature call (loop) failed at index: 2
caller: classpath:InspireTest/def/checkxlinkurl.template.feature
arg: {"link":"http://inspire.ec.europa.eu/metadata-codelist/SpatialDataServiceCategory/infoMapAccessService"}
checkxlinkurl.template.feature:21 - 
java.net.SocketTimeoutException: Read timed out
-------
feature call (loop) failed at index: 3
caller: classpath:InspireTest/def/checkxlinkurl.template.feature
arg: {"link":"http://inspire.ec.europa.eu/metadata-codelist/SpatialDataServiceCategory#"}
checkxlinkurl.template.feature:21 - 
java.net.SocketTimeoutException: Read timed out
-------
feature call (loop) failed at index: 5
caller: classpath:InspireTest/def/checkxlinkurl.template.feature
arg: {"link":""}
checkxlinkurl.template.feature:21 - 
org.apache.http.client.ClientProtocolException
-------
feature call (loop) failed at index: 6
caller: classpath:InspireTest/def/checkxlinkurl.template.feature
arg: {"link":""}
checkxlinkurl.template.feature:21 - 
org.apache.http.client.ClientProtocolException
-------
feature call (loop) failed at index: 7
caller: classpath:InspireTest/def/checkxlinkurl.template.feature
arg: {"link":""}
checkxlinkurl.template.feature:21 - 
org.apache.http.client.ClientProtocolException
-------
feature call (loop) failed at index: 8
caller: classpath:InspireTest/def/checkxlinkurl.template.feature
arg: {"link":""}
checkxlinkurl.template.feature:21 - 
org.apache.http.client.ClientProtocolException
-------
feature call (loop) failed at index: 9
caller: classpath:InspireTest/def/checkxlinkurl.template.feature
arg: {"link":""}
checkxlinkurl.template.feature:21 - 
org.apache.http.client.ClientProtocolException
-------
feature call (loop) failed at index: 10
caller: classpath:InspireTest/def/checkxlinkurl.template.feature
arg: {"link":""}
checkxlinkurl.template.feature:21 - 
org.apache.http.client.ClientProtocolException
-------
feature call (loop) failed at index: 11
caller: classpath:InspireTest/def/checkxlinkurl.template.feature
arg: {"link":""}
checkxlinkurl.template.feature:21 - 
org.apache.http.client.ClientProtocolException
-------
feature call (loop) failed at index: 12
caller: classpath:InspireTest/def/checkxlinkurl.template.feature
arg: {"link":""}
checkxlinkurl.template.feature:21 - 
org.apache.http.client.ClientProtocolException
-------
feature call (loop) failed at index: 13
caller: classpath:InspireTest/def/checkxlinkurl.template.feature
arg: {"link":""}
checkxlinkurl.template.feature:21 - 
org.apache.http.client.ClientProtocolException
InspireTest.ngr.T02_datasets.check-known-dataset-record: [1.2:24] check-known-dataset-record.feature:45 - xpath does not exist: /GetRecordByIdResponse//@href on response
[1.4:24] check-known-dataset-record.feature:72 - feature call (loop) failed: classpath:InspireTest/def/checkxlinkurl.template.feature
caller: classpath:InspireTest/ngr/T02_datasets/check-known-dataset-record.feature
items: [{link=http://nationaalgeoregister.nl/geonetwork/srv/dut/catalog.search#/metadata/247a1d15-0a67-40ce-85be-1403c08f15a8}, {link=xlink:href=https://inspire.ec.europa.eu/id/document/tg/ps}, {link=https://data.overheid.nl/organisatie/PDOK}]
errors:
-------
feature call (loop) failed at index: 1
caller: classpath:InspireTest/def/checkxlinkurl.template.feature
arg: {"link":"xlink:href=https://inspire.ec.europa.eu/id/document/tg/ps"}
checkxlinkurl.template.feature:21 - 
org.apache.http.client.ClientProtocolException: URI does not specify a valid host name: xlink:href=https://inspire.ec.europa.eu/id/document/tg/ps
-------
feature call (loop) failed at index: 2
caller: classpath:InspireTest/def/checkxlinkurl.template.feature
arg: {"link":"https://data.overheid.nl/organisatie/PDOK"}
checkxlinkurl.template.feature:28 - path: $, actual: 404, expected: 200, reason: not equal (Integer)
[1.5:24] check-known-dataset-record.feature:72 - feature call (loop) failed: classpath:InspireTest/def/checkxlinkurl.template.feature
caller: classpath:InspireTest/ngr/T02_datasets/check-known-dataset-record.feature
items: [{link=https://nationaalgeoregister.nl/geonetwork/srv/resourcesce4a6d93-83d6-4397-afa1-d4117d5ce76b}, {link=http://rdfdata.eionet.europa.eu/inspirethemes/themes/34}, {link=http://geonetwork-opensource.org/inspire-theme#}, {link=https://www.nationaalgeoregister.nl/geonetwork/srv/eng/thesaurus.download?ref=external.theme.inspire-theme}]
errors:
-------
feature call (loop) failed at index: 0
caller: classpath:InspireTest/def/checkxlinkurl.template.feature
arg: {"link":"https://nationaalgeoregister.nl/geonetwork/srv/resourcesce4a6d93-83d6-4397-afa1-d4117d5ce76b"}
checkxlinkurl.template.feature:28 - path: $, actual: 404, expected: 200, reason: not equal (Integer)
-------
feature call (loop) failed at index: 1
caller: classpath:InspireTest/def/checkxlinkurl.template.feature
arg: {"link":"http://rdfdata.eionet.europa.eu/inspirethemes/themes/34"}
checkxlinkurl.template.feature:28 - path: $, actual: 404, expected: 200, reason: not equal (Integer)
-------
feature call (loop) failed at index: 2
caller: classpath:InspireTest/def/checkxlinkurl.template.feature
arg: {"link":"http://geonetwork-opensource.org/inspire-theme#"}
checkxlinkurl.template.feature:28 - path: $, actual: 404, expected: 200, reason: not equal (Integer)
-------
feature call (loop) failed at index: 3
caller: classpath:InspireTest/def/checkxlinkurl.template.feature
arg: {"link":"https://www.nationaalgeoregister.nl/geonetwork/srv/eng/thesaurus.download?ref=external.theme.inspire-theme"}
checkxlinkurl.template.feature:28 - path: $, actual: 500, expected: 200, reason: not equal (Integer)
 ==> expected: <0> but was: <60>
	at InspireTest.TestAll.testParallel(InspireTest.java:27)
]]></failure>
    <system-out><![CDATA[13:26:29.621 [main] INFO  com.intuit.karate.RunnerOptions - found system property 'karate.options': --tags @step2
13:26:30.400 [main] INFO  com.intuit.karate.Runner - waiting for parallel features to complete ...
13:26:30.690 [pool-1-thread-1] INFO  com.intuit.karate - karate.env system property was:  
13:26:30.693 [pool-1-thread-6] INFO  com.intuit.karate - karate.env system property was:  
13:26:30.694 [pool-1-thread-7] INFO  com.intuit.karate - karate.env system property was:  
13:26:31.022 [pool-1-thread-7] INFO  com.intuit.karate - >> lock acquired, begin callonce: read('classpath:InspireTest/def/getdataset.template.feature')
13:26:31.040 [pool-1-thread-6] INFO  com.intuit.karate - >> lock acquired, begin callonce: read('classpath:InspireTest/def/getservice.template.feature')
13:26:31.512 [pool-1-thread-6] INFO  com.intuit.karate - << lock released, cached callonce: read('classpath:InspireTest/def/getservice.template.feature')
13:26:31.515 [pool-1-thread-6] INFO  com.intuit.karate - [print] {
  "__arg": null,
  "responseType": "string",
  "responseHeaders": {
    "Connection": [
      "keep-alive"
    ],
    "Server": [
      "GitHub.com"
    ],
    "Content-Type": [
      "text/csv; charset=utf-8"
    ],
    "X-Origin-Cache": [
      "HIT"
    ],
    "Strict-Transport-Security": [
      "max-age=31556952"
    ],
    "Last-Modified": [
      "Mon, 28 Sep 2020 13:17:48 GMT"
    ],
    "ETag": [
      "W/\"5f71e27c-1b16\""
    ],
    "Access-Control-Allow-Origin": [
      "*"
    ],
    "Expires": [
      "Mon, 28 Sep 2020 13:36:31 GMT"
    ],
    "Cache-Control": [
      "max-age=600"
    ],
    "X-Proxy-Cache": [
      "MISS"
    ],
    "X-GitHub-Request-Id": [
      "4F78:55C2:6C0C:1320A:5F71E487"
    ],
    "Accept-Ranges": [
      "bytes"
    ],
    "Date": [
      "Mon, 28 Sep 2020 13:26:31 GMT"
    ],
    "Via": [
      "1.1 varnish"
    ],
    "Age": [
      "0"
    ],
    "X-Served-By": [
      "cache-bwi5077-BWI"
    ],
    "X-Cache": [
      "MISS"
    ],
    "X-Cache-Hits": [
      "0"
    ],
    "X-Timer": [
      "S1601299591.421703,VS0,VE86"
    ],
    "Vary": [
      "Accept-Encoding"
    ],
    "X-Fastly-Request-ID": [
      "055a3fb06596122fd912130fdd8502ef5bf33d81"
    ]
  },
  "responseTime": 340,
  "response": "\"serviceIdentifierCode\",\"title\",\"dataIdentificationCitationAnchor\",\"organisation\",\"electronicMailAddress\",\"metadataStandardVersion\",\n\"7b8f44b5-6eae-4113-a835-84b8678c3dd5\",\"Beschermde Gebieden - Cultuurhistorie (INSPIRE geharmoniseerd) WMS\",\"no MD_DataIdentificationCitationAnchor\",\"Beheer PDOK\",\"[beheerPDOK@kadaster.nl, beheerPDOK@kadaster.nl]\",\"Nederlands metadata profiel op ISO 19119 voor services 2.0\",\n\"86cb5bcc-a199-43e2-9e03-2d0fe8bdfa3f\",\"Vervoersnetwerken - spoorwegen (INSPIRE geharmoniseerd) WFS\",\"no MD_DataIdentificationCitationAnchor\",\"Beheer PDOK\",\"[beheerPDOK@kadaster.nl, beheerPDOK@kadaster.nl]\",\"Nederlands metadata profiel op ISO 19119 voor services 2.0\",\n\"f2d2cd9d-7410-485a-95e0-c1b885243eaf\",\"EEZ volgens UNCLOS - Noordzee - Viewservice\",\"no MD_DataIdentificationCitationAnchor\",\"Ministerie van Defensie, Koninklijke Marine, Dienst der Hydrografie\",\"[data@hydro.nl, hydro.servicedesk@mindef.nl]\",\"Nederlands metadata profiel op ISO 19119 voor services 2.0\",\n\"2b9da196-422e-4b0e-a5ba-ba41ade308e9\",\"Habitatrichtlijn verspreiding van habitattypen WMS\",\"no MD_DataIdentificationCitationAnchor\",\"Beheer PDOK\",\"[beheerpdok@kadaster.nl, beheerpdok@kadaster.nl]\",\"Nederlands metadata profiel op ISO 19119 voor services 2.0\",\n\"b0119753-5625-4500-9df3-13823ff9868f\",\"Habitatrichtlijn verspreiding van typen WMS\",\"no MD_DataIdentificationCitationAnchor\",\"Beheer PDOK\",\"[beheerPDOK@kadaster.nl, beheerPDOK@kadaster.nl]\",\"Nederlands metadata profiel op ISO 19119 voor services 2.0\",\n\"ec73f245-66ce-4144-ac27-5966c80a4b3a\",\"Vervoersnetwerken - Waterwegen (INSPIRE geharmoniseerd) WFS\",\"no MD_DataIdentificationCitationAnchor\",\"Beheer PDOK\",\"[beheerPDOK@kadaster.nl, beheerPDOK@kadaster.nl]\",\"Nederlands metadata profiel op ISO 19119 voor services 2.0\",\n\"d4dded2c-65ec-4e13-897e-03278d53a958\",\"Olie- en gasvelden onder INSPIRE, viewservice\",\"no MD_DataIdentificationCitationAnchor\",\"no organisationName found in dataset record\",\"[, info@dinoloket.nl]\",\"Nederlands metadata profiel op ISO 19119 voor services 2.0\",\n\"0bc2bcb8-558b-446b-b4e2-381b13d483a8\",\"Mossel- en oesterhabitats WMS\",\"no MD_DataIdentificationCitationAnchor\",\"Beheer PDOK\",\"[beheerPDOK@kadaster.nl, beheerPDOK@kadaster.nl]\",\"Nederlands metadata profiel op ISO 19119 voor services 2.0\",\n\"c3ee15e4-38bf-4d54-9c0b-cfe0e609d448\",\"Actueel Hoogtebestand Nederland 1 (AHN1) WMS\",\"no MD_DataIdentificationCitationAnchor\",\"Beheer PDOK\",\"[beheerPDOK@kadaster.nl, beheerPDOK@kadaster.nl]\",\"Nederlands metadata profiel op ISO 19119 voor services 2.0\",\n\"081bcfff-5f66-467c-95d0-d88dcf9aa4cf\",\"Monitoring stations (Nitraatrichtlijn) ondiepe filters (WMS)\",\"no MD_DataIdentificationCitationAnchor\",\"no organisationName found in dataset record\",\"[geodata@rivm.nl, geodata@rivm.nl]\",\"Nederlands metadata profiel op ISO 19119 voor services 2.0\",\n\"7681eb19-a914-4dc7-9208-c2a131dca06d\",\"Kaderrichtlijn Water EU2015 WMS\",\"no MD_DataIdentificationCitationAnchor\",\"Beheer PDOK\",\"[beheerpdok@kadaster.nl, beheerpdok@kadaster.nl]\",\"Nederlands metadata profiel op ISO 19119 voor services 2.0\",\n\"af4841b5-ce83-4edb-af41-429a21140316\",\"Habitatrichtlijn verspreiding van typen WFS\",\"no MD_DataIdentificationCitationAnchor\",\"Beheer PDOK\",\"[beheerPDOK@kadaster.nl, beheerPDOK@kadaster.nl]\",\"Nederlands metadata profiel op ISO 19119 voor services 2.0\",\n\"ceda1b88-32ac-40b2-a841-71eb041c9427\",\"Potentiekaart reststromen WMS\",\"no MD_DataIdentificationCitationAnchor\",\"Beheer PDOK\",\"[beheerPDOK@kadaster.nl, beheerPDOK@kadaster.nl]\",\"Nederlands metadata profiel op ISO 19119 voor services 2.0\",\n\"180b6682-5d6f-429d-abb7-32f7d6253787\",\"Windsnelheden 100m hoogte WFS\",\"no MD_DataIdentificationCitationAnchor\",\"Beheer PDOK\",\"[beheerPDOK@kadaster.nl, beheerPDOK@kadaster.nl]\",\"Nederlands metadata profiel op ISO 19119 voor services 2.0\",\n\"3ebe56dc-5f09-4fb3-b224-55c2db4ca2fd\",\"RD info WFS\",\"no MD_DataIdentificationCitationAnchor\",\"Beheer PDOK\",\"[beheerPDOK@kadaster.nl, beheerPDOK@kadaster.nl]\",\"Nederlands metadata profiel op ISO 19119 voor services 2.0\",\n\"cea38797-ea4b-4969-b979-8d25eb543a6c\",\"Statistics Netherlands Land Use 2015 WMS (BBG 2015 INSPIRE geharmoniseerd)\",\"no MD_DataIdentificationCitationAnchor\",\"Beheer PDOK\",\"[beheerPDOK@kadaster.nl, beheerPDOK@kadaster.nl]\",\"Nederlands metadata profiel op ISO 19119 voor services 2.0\",\n\"00e8746f-5031-413e-8343-9203c8ea82ee\",\"INSPIRE Download service voor Gebieden met natuurrisico's\",\"no MD_DataIdentificationCitationAnchor\",\"Interprovinciaal Overleg\",\"[inspire@gbo-provincies.nl, inspire@gbo-provincies.nl]\",\"Nederlands metadata profiel op ISO 19119 voor services 2.0\",\n\"ca71572f-a498-4ca6-aa60-d4c4c4d59e2e\",\"Geografische Namen (Nat) - Nederland - Viewservice\",\"no MD_DataIdentificationCitationAnchor\",\"Ministerie van Defensie, Koninklijke Marine, Dienst der Hydrografie\",\"[data@hydro.nl, hydro.servicedesk@mindef.nl]\",\"Nederlands metadata profiel op ISO 19119 voor services 2.0\",\n\"62c0d0a5-5826-406d-a625-d84bc5fec800\",\"Noordzee Vaarwegmarkeringen WFS\",\"no MD_DataIdentificationCitationAnchor\",\"Beheer PDOK\",\"[beheerPDOK@kadaster.nl, beheerPDOK@kadaster.nl]\",\"Nederlands metadata profiel op ISO 19119 voor services 2.0\",\n\"95e2c712-1b91-4f24-9453-c56b95227717\",\"Emissies naar het riool in 2015 vanuit de industrie (WMS)\",\"no MD_DataIdentificationCitationAnchor\",\"no organisationName found in dataset record\",\"[emissieregistratie@rivm.nl, emissieregistratie@rivm.nl]\",\"Nederlands metadata profiel op ISO 19119 voor services 2.0\",\n\"5dfccef3-9b52-47f2-bb02-66b74aaf3af8\",\"Territoriale Zee volgens UNCLOS - Noordzee - Viewservice\",\"no MD_DataIdentificationCitationAnchor\",\"Ministerie van Defensie, Koninklijke Marine, Dienst der Hydrografie\",\"[data@hydro.nl, hydro.servicedesk@mindef.nl]\",\"Nederlands metadata profiel op ISO 19119 voor services 2.0\",\n\"c7dad4b9-42a8-452f-a33b-d4938ed22142\",\"Gebieden in de Eemsmonding en de Dollard Downloadservice\",\"no MD_DataIdentificationCitationAnchor\",\"Ministerie van Defensie, Koninklijke Marine, Dienst der Hydrografie\",\"[data@hydro.nl, hydro.servicedesk@mindef.nl]\",\"Nederlands metadata profiel op ISO 19119 voor services 2.0\",\n\"777f41ee-8269-4bbc-b0e4-f889c62be099\",\"Afgevoerde hoeveelheid afval in 2011 vanuit de industrie (WMS)\",\"no MD_DataIdentificationCitationAnchor\",\"no organisationName found in dataset record\",\"[emissieregistratie@rivm.nl, emissieregistratie@rivm.nl]\",\"Nederlands metadata profiel op ISO 19119 voor services 2.0\",\n\"c99b1291-c51f-49c8-902d-5bd4148cbbde\",\"INSPIRE View service Habitats en biotopen\",\"no MD_DataIdentificationCitationAnchor\",\"Interprovinciaal Overleg\",\"[inspire@gbo-provincies.nl, inspire@gbo-provincies.nl]\",\"Nederlands metadata profiel op ISO 19119 voor services 2.0\",\n\"1c9b43c3-064d-40c3-aa7c-879b7376ef6f\",\"Potentieel koude en warmte uit open en gesloten WKO systemen (GJ/ha.jaar) WMS\",\"no MD_DataIdentificationCitationAnchor\",\"Beheer PDOK\",\"[beheerPDOK@kadaster.nl, beheerPDOK@kadaster.nl]\",\"Nederlands metadata profiel op ISO 19119 voor services 2.0\",\n",
  "requestTimeStamp": 1601299591168,
  "env": "dev",
  "myVarName": "someValue",
  "knownlinks": [
    "http://creativecommons.org/licenses/by/3.0/deed.nl",
    "http://creativecommons.org/licenses/by/3.0/nl/",
    "http://creativecommons.org/licenses/by/4.0/deed.nl",
    "http://creativecommons.org/publicdomain/mark/1.0/deed.nl",
    "http://creativecommons.org/publicdomain/zero/1.0/deed.nl",
    "http://data.europa.eu/eli/reg/2010/1089",
    "http://inspire.ec.europa.eu/applicationschema",
    "http://inspire.ec.europa.eu/applicationschema/of",
    "http://inspire.ec.europa.eu/id/document/tg/am",
    "http://inspire.ec.europa.eu/id/document/tg/au",
    "http://inspire.ec.europa.eu/id/document/tg/ef",
    "http://inspire.ec.europa.eu/id/document/tg/el",
    "http://inspire.ec.europa.eu/id/document/tg/hh",
    "http://inspire.ec.europa.eu/id/document/tg/hy",
    "http://inspire.ec.europa.eu/id/document/tg/nz",
    "http://inspire.ec.europa.eu/id/document/tg/of",
    "http://inspire.ec.europa.eu/id/document/tg/pf",
    "http://inspire.ec.europa.eu/id/document/tg/ps",
    "http://inspire.ec.europa.eu/id/document/tg/tn",
    "http://inspire.ec.europa.eu/id/document/tg/us",
    "http://inspire.ec.europa.eu/media-types/application/x-shapefile",
    "http://inspire.ec.europa.eu/metadata-codelist/ConditionsApplyingToAccessAndUse/noConditionsApply",
    "http://inspire.ec.europa.eu/metadata-codelist/LimitationsOnPublicAccess/INSPIRE_Directive_Article13_1f",
    "http://inspire.ec.europa.eu/metadata-codelist/LimitationsOnPublicAccess/noLimitations",
    "http://inspire.ec.europa.eu/metadata-codelist/OnLineDescriptionCode/accessPoint",
    "http://inspire.ec.europa.eu/metadata-codelist/OnLineDescriptionCode/endPoint",
    "http://inspire.ec.europa.eu/metadata-codelist/PriorityDataset",
    "http://inspire.ec.europa.eu/metadata-codelist/PriorityDataset/ActualPollutantReleases-reg-2006-166",
    "http://inspire.ec.europa.eu/metadata-codelist/PriorityDataset/Agglomerations-dir-1991-271",
    "http://inspire.ec.europa.eu/metadata-codelist/PriorityDataset/BirdSpeciesDistribution-dir-2009-147",
    "http://inspire.ec.europa.eu/metadata-codelist/PriorityDataset/BirdsRange-dir-2009-147",
    "http://inspire.ec.europa.eu/metadata-codelist/PriorityDataset/CoastalWaters-dir-2000-60",
    "http://inspire.ec.europa.eu/metadata-codelist/PriorityDataset/DischargePointsToReceivingWaters-dir-1991-271",
    "http://inspire.ec.europa.eu/metadata-codelist/PriorityDataset/DrinkingWaterAbstractionPoints-dir-1998-83",
    "http://inspire.ec.europa.eu/metadata-codelist/PriorityDataset/EstablishmentsInvolvingDangerousSubstances-dir-2012-18",
    "http://inspire.ec.europa.eu/metadata-codelist/PriorityDataset/FloodedAreas-dir-2007-60",
    "http://inspire.ec.europa.eu/metadata-codelist/PriorityDataset/FloodRiskZones-dir-2007-60",
    "http://inspire.ec.europa.eu/metadata-codelist/PriorityDataset/HabitatTypesDistribution-dir-1992-43",
    "http://inspire.ec.europa.eu/metadata-codelist/PriorityDataset/HabitatTypesRange-dir-1992-43",
    "http://inspire.ec.europa.eu/metadata-codelist/PriorityDataset/IndustrialSites-EURegistry-reg-2006-166",
    "http://inspire.ec.europa.eu/metadata-codelist/PriorityDataset/InvasiveAlienSpeciesDistribution-reg-2014-1143",
    "http://inspire.ec.europa.eu/metadata-codelist/PriorityDataset/Lakes-dir-2000-60",
    "http://inspire.ec.europa.eu/metadata-codelist/PriorityDataset/MajorAirportsNoiseExposureDelineationDEN-dir-2002-49",
    "http://inspire.ec.europa.eu/metadata-codelist/PriorityDataset/MajorAirportsNoiseExposureDelineationNight-dir-2002-49",
    "http://inspire.ec.europa.eu/metadata-codelist/PriorityDataset/MajorRailwaysNoiseExposureDelineationDEN-dir-2002-49",
    "http://inspire.ec.europa.eu/metadata-codelist/PriorityDataset/MajorRailwaysNoiseExposureDelineationNight-dir-2002-49",
    "http://inspire.ec.europa.eu/metadata-codelist/PriorityDataset/MajorRoadsNoiseExposureDelineation-dir-2002-49",
    "http://inspire.ec.europa.eu/metadata-codelist/PriorityDataset/MajorRoadsNoiseExposureDelineationDEN-dir-2002-49",
    "http://inspire.ec.europa.eu/metadata-codelist/PriorityDataset/ManagementUnits-dir-2007-60",
    "http://inspire.ec.europa.eu/metadata-codelist/PriorityDataset/MarineAssessmentUnits-dir-2008-56",
    "http://inspire.ec.europa.eu/metadata-codelist/PriorityDataset/MonitoringStations-dir-2000-60",
    "http://inspire.ec.europa.eu/metadata-codelist/PriorityDataset/MonitoringStations-dir-2008-56",
    "http://inspire.ec.europa.eu/metadata-codelist/PriorityDataset/MSFDReportingUnits-dir-2008-56",
    "http://inspire.ec.europa.eu/metadata-codelist/PriorityDataset/NationallyDesignatedAreasCDDA",
    "http://inspire.ec.europa.eu/metadata-codelist/PriorityDataset/Natura2000Sites-dir-1992-43",
    "http://inspire.ec.europa.eu/metadata-codelist/PriorityDataset/Natura2000Sites-dir-2009-147",
    "http://inspire.ec.europa.eu/metadata-codelist/PriorityDataset/RiverBasinDistricts-dir-2000-60",
    "http://inspire.ec.europa.eu/metadata-codelist/PriorityDataset/RiverBasinDistrictsSubUnits-dir-2000-60",
    "http://inspire.ec.europa.eu/metadata-codelist/PriorityDataset/Rivers-dir-2000-60",
    "http://inspire.ec.europa.eu/metadata-codelist/PriorityDataset/SpeciesDistribution-dir-1992-43",
    "http://inspire.ec.europa.eu/metadata-codelist/PriorityDataset/SpeciesRange-dir-1992-43",
    "http://inspire.ec.europa.eu/metadata-codelist/PriorityDataset/SurfaceWaterBodies-dir-2000-60",
    "http://inspire.ec.europa.eu/metadata-codelist/PriorityDataset/TransitionalWaters-dir-2000-60",
    "http://inspire.ec.europa.eu/metadata-codelist/PriorityDataset/UrbanWasteWaterTreatmentPlants-dir-1991-271",
    "http://inspire.ec.europa.eu/metadata-codelist/SpatialDataServiceType/download",
    "http://inspire.ec.europa.eu/metadata-codelist/SpatialDataServiceType/http://inspire.ec.europa.eu/metadata-codelist/SpatialDataServiceType/download",
    "http://inspire.ec.europa.eu/metadata-codelist/SpatialDataServiceType/other",
    "http://inspire.ec.europa.eu/metadata-codelist/SpatialDataServiceType/view",
    "http://inspire.ec.europa.eu/metadata-codelist/SpatialScope",
    "http://inspire.ec.europa.eu/metadata-codelist/SpatialScope/european",
    "http://inspire.ec.europa.eu/metadata-codelist/SpatialScope/national",
    "http://inspire.ec.europa.eu/schemas/am/4.0/AreaManagementRestrictionRegulationZone.xsd",
    "http://inspire.ec.europa.eu/schemas/ef/4.0/EnvironmentalMonitoringFacilities.xsd",
    "http://inspire.ec.europa.eu/schemas/el-bas/4.0/ElevationBaseTypes.xsd",
    "http://inspire.ec.europa.eu/schemas/hh/4.0/HumanHealth.xsd",
    "http://inspire.ec.europa.eu/schemas/hy-n/4.0/HydroNetwork.xsd",
    "http://inspire.ec.europa.eu/schemas/hy/4.0/HydroBase.xsd",
    "http://inspire.ec.europa.eu/schemas/mu/3.0/MaritimeUnits.xsd",
    "http://inspire.ec.europa.eu/schemas/nz-core/4.0/NaturalRiskZonesCore.xsd",
    "http://inspire.ec.europa.eu/schemas/nz/0.0/NaturalRiskZones.xsd",
    "http://inspire.ec.europa.eu/schemas/of/4.0/OceanFeatures.xsd",
    "http://inspire.ec.europa.eu/schemas/pf/4.0/ProductionAndIndustrialFacilities.xsd",
    "http://inspire.ec.europa.eu/schemas/ps/4.0/ProtectedSites.xsd",
    "http://inspire.ec.europa.eu/schemas/tn-ro/4.0/RoadTransportNetwork.xsd",
    "http://inspire.ec.europa.eu/schemas/tn-w/4.0/WaterTransportNetwork.xsd",
    "http://inspire.ec.europa.eu/schemas/tn/4.0/CommonTransportElements.xsd",
    "http://inspire.ec.europa.eu/schemas/us-govserv/4.0/GovernmentalServices.xsd",
    "http://inspire.ec.europa.eu/theme#",
    "http://standaarden.overheid.nl/owms/terms/Ministerie_van_Economische_Zaken",
    "http://standaarden.overheid.nl/owms/terms/Ministerie_van_Landbouw,_Natuur_en_Voedselkwaliteit",
    "http://standaarden.overheid.nl/owms/terms/Rijksinstituut_voor_Volksgezondheid_en_Milieu",
    "http://standaarden.overheid.nl/owms/terms/RVO",
    "http://www.eionet.europa.eu/gemet/inspire_themes",
    "http://www.eionet.europa.eu/gemet/nl/inspire-theme/ac",
    "http://www.eionet.europa.eu/gemet/nl/inspire-theme/ad",
    "http://www.eionet.europa.eu/gemet/nl/inspire-theme/af",
    "http://www.eionet.europa.eu/gemet/nl/inspire-theme/am",
    "http://www.eionet.europa.eu/gemet/nl/inspire-theme/au",
    "http://www.eionet.europa.eu/gemet/nl/inspire-theme/bu",
    "http://www.eionet.europa.eu/gemet/nl/inspire-theme/cp",
    "http://www.eionet.europa.eu/gemet/nl/inspire-theme/ef",
    "http://www.eionet.europa.eu/gemet/nl/inspire-theme/er",
    "http://www.eionet.europa.eu/gemet/nl/inspire-theme/ge",
    "http://www.eionet.europa.eu/gemet/nl/inspire-theme/gn",
    "http://www.eionet.europa.eu/gemet/nl/inspire-theme/hb",
    "http://www.eionet.europa.eu/gemet/nl/inspire-theme/hh",
    "http://www.eionet.europa.eu/gemet/nl/inspire-theme/hy",
    "http://www.eionet.europa.eu/gemet/nl/inspire-theme/lc",
    "http://www.eionet.europa.eu/gemet/nl/inspire-theme/lu",
    "http://www.eionet.europa.eu/gemet/nl/inspire-theme/mf",
    "http://www.eionet.europa.eu/gemet/nl/inspire-theme/nz",
    "http://www.eionet.europa.eu/gemet/nl/inspire-theme/of",
    "http://www.eionet.europa.eu/gemet/nl/inspire-theme/oi",
    "http://www.eionet.europa.eu/gemet/nl/inspire-theme/pd",
    "http://www.eionet.europa.eu/gemet/nl/inspire-theme/pf",
    "http://www.eionet.europa.eu/gemet/nl/inspire-theme/ps",
    "http://www.eionet.europa.eu/gemet/nl/inspire-theme/rs",
    "http://www.eionet.europa.eu/gemet/nl/inspire-theme/sd",
    "http://www.eionet.europa.eu/gemet/nl/inspire-theme/so",
    "http://www.eionet.europa.eu/gemet/nl/inspire-theme/sr",
    "http://www.eionet.europa.eu/gemet/nl/inspire-theme/su",
    "http://www.eionet.europa.eu/gemet/nl/inspire-theme/tn",
    "http://www.eionet.europa.eu/gemet/nl/inspire-theme/us",
    "http://www.iana.org/assignments/media-types/application/gml+xml",
    "https://www.iana.org/assignments/media-types/application/geopackage+sqlite3",
    "https://www.iana.org/assignments/media-types/application/gml+xml",
    "https://www.iana.org/assignments/media-types/application/xml",
    "http://www.opengeospatial.org/standards/sos",
    "http://www.opengeospatial.org/standards/wcs",
    "http://www.opengeospatial.org/standards/wfs",
    "http://www.opengeospatial.org/standards/wms",
    "http://www.opengeospatial.org/standards/wmts",
    "http://www.opengis.net/def/crs/EPSG/0/3034",
    "http://www.opengis.net/def/crs/EPSG/0/3035",
    "http://www.opengis.net/def/crs/EPSG/0/3857",
    "http://www.opengis.net/def/crs/EPSG/0/4258",
    "http://www.opengis.net/def/crs/EPSG/0/4326",
    "http://www.opengis.net/def/crs/EPSG/0/5709",
    "http://www.opengis.net/def/crs/EPSG/0/5730",
    "http://www.opengis.net/def/crs/EPSG/0/5861",
    "http://www.opengis.net/def/crs/EPSG/0/23031",
    "http://www.opengis.net/def/crs/EPSG/0/25831",
    "http://www.opengis.net/def/crs/EPSG/0/25832",
    "http://www.opengis.net/def/crs/EPSG/0/28992",
    "http://www.opengis.net/def/crs/EPSG/0/EPSG:4326",
    "http://www.opengis.net/def/crs/EPSG/0/EPSG:28992",
    "http://www.opengis.net/def/crs/EPSG/0/epsg:28992",
    "http://www.opengis.net/def/serviceType/ogc/wcs",
    "http://www.opengis.net/def/serviceType/ogc/wfs",
    "http://www.opengis.net/def/serviceType/ogc/wms",
    "http://www.opengis.net/def/serviceType/ogc/wmts",
    "http://www.wur.nl/nl/Expertises-Dienstverlening/Onderzoeksinstituten/Environmental-Research.htm",
    "https://ec.europa.eu/eurostat/web/health/data/database",
    "https://geodata.cbs.nl/files/INSPIRE",
    "https://geodata.nationaalgeoregister.nl/elu/atom/elu.xml",
    "https://inspire.ec.europa.eu/id/document/tg/au",
    "https://inspire.ec.europa.eu/id/document/tg/of",
    "https://inspire.ec.europa.eu/id/document/tg/ps",
    "https://inspire.ec.europa.eu/schemas/ps/4.0/ProtectedSites.xsd",
    "https://ngr.geocat.live/geonetwork/srv/eng/thesaurus.download?ref=external.theme.httpinspireeceuropaeumetadatacodelistSpatialScope-SpatialScope",
    "https://tools.ietf.org/html/rfc4287",
    "https://tools.ietf.org/html/rfc5023",
    "https://www.cbs.nl/-/media/cbs/dossiers/nederland%20regionaal/wijk-en-buurtstatistieken/shape%202017%20versie%2020.zip",
    "https://www.cbs.nl/nl-nl/dossier/nederland-regionaal/geografische-data/wijk-en-buurtkaart-2016",
    "https://www.cbs.nl/nl-nl/dossier/nederland-regionaal/geografische-data/wijk-en-buurtkaart-2018",
    "https://www.cbs.nl/nl-nl/dossier/nederland-regionaal/geografische-data/wijk-en-buurtkaart-2019",
    "https://www.iana.org/assignments/media-types/application/gml+xml",
    "https://www.iana.org/assignments/media-types/application/zip",
    "https://www.iana.org/assignments/media-types/image/png",
    "https://www.nationaalgeoregister.nl",
    "https://www.nationaalgeoregister.nl/geonetwork/srv/eng/thesaurus.download?ref=external.theme.httpinspireeceuropaeumetadatacodelistPriorityDataset-PriorityDataset",
    "https://www.nationaalgeoregister.nl/geonetwork/srv/eng/thesaurus.download?ref=external.theme.httpinspireeceuropaeumetadatacodelistSpatialScope-SpatialScope",
    "https://www.nationaalgeoregister.nl/geonetwork/srv/eng/thesaurus.download?ref=external.theme.httpinspireeceuropaeutheme-theme",
    "https://www.nationaalgeoregister.nl:443/geonetwork/srv/eng/thesaurus.download?ref=external.theme.httpinspireeceuropaeuapplicationschema-applicationschema",
    "https://www.nationaalgeoregister.nl:443/geonetwork/srv/eng/thesaurus.download?ref=external.theme.httpinspireeceuropaeumetadatacodelistPriorityDataset-PriorityDataset",
    "https://www.nationaalgeoregister.nl:443/geonetwork/srv/eng/thesaurus.download?ref=external.theme.httpinspireeceuropaeumetadatacodelistSpatialScope-SpatialScope",
    "https://www.nationaalgeoregister.nl:443/geonetwork/srv/eng/thesaurus.download?ref=external.theme.httpinspireeceuropaeutheme-theme"
  ],
  "responseStatus": 200,
  "__loop": -1,
  "responseCookies": null
}

13:26:31.518 [pool-1-thread-7] INFO  com.intuit.karate - << lock released, cached callonce: read('classpath:InspireTest/def/getdataset.template.feature')
13:26:31.548 [pool-1-thread-7] INFO  com.intuit.karate - [print] {
  "__arg": null,
  "responseType": "string",
  "responseHeaders": {
    "Connection": [
      "keep-alive"
    ],
    "Server": [
      "GitHub.com"
    ],
    "Content-Type": [
      "text/csv; charset=utf-8"
    ],
    "Strict-Transport-Security": [
      "max-age=31556952"
    ],
    "Last-Modified": [
      "Mon, 28 Sep 2020 13:17:48 GMT"
    ],
    "ETag": [
      "W/\"5f71e27c-77a\""
    ],
    "Access-Control-Allow-Origin": [
      "*"
    ],
    "Expires": [
      "Mon, 28 Sep 2020 13:36:31 GMT"
    ],
    "Cache-Control": [
      "max-age=600"
    ],
    "X-Proxy-Cache": [
      "MISS"
    ],
    "X-GitHub-Request-Id": [
      "5A00:2BE4:F0C75:116953:5F71E487"
    ],
    "Accept-Ranges": [
      "bytes"
    ],
    "Date": [
      "Mon, 28 Sep 2020 13:26:31 GMT"
    ],
    "Via": [
      "1.1 varnish"
    ],
    "Age": [
      "0"
    ],
    "X-Served-By": [
      "cache-bwi5042-BWI"
    ],
    "X-Cache": [
      "MISS"
    ],
    "X-Cache-Hits": [
      "0"
    ],
    "X-Timer": [
      "S1601299591.419324,VS0,VE81"
    ],
    "Vary": [
      "Accept-Encoding"
    ],
    "X-Fastly-Request-ID": [
      "25df3311a343ec36a32683d0b916a714a0c0f0c6"
    ]
  },
  "responseTime": 350,
  "response": "\"datasetIdentifierCode\",\"title\",\"dataIdentificationCitationAnchor\",\"organisation\",\"electronicMailAddress\",\"metadataStandardVersion\",\n\"d6b85d84-cdb9-4a6e-b799-cf8826e22a94\",\"Ligging industrie en CO2 emissies\",\"https://www.nationaalgeoregister.nl/geonetwork/srv/dut/catalog.search#/metadata/d6b85d84-cdb9-4a6e-b799-cf8826e22a94\",\"Ministerie van Economische Zaken - GIS Competence Center\",\"[geodatabeheer.giscc@rvo.nl, geodatabeheer.giscc@rvo.nl]\",\"Nederlands metadata profiel op ISO 19115 voor geografie 2.0\",\n\"edf79e6a-d73d-4def-8d22-0f495cc76a73\",\"Bronbestanden waterkwaliteit\",\"no MD_DataIdentificationCitationAnchor\",\"Informatiehuis Water\",\"[servicedesk@ihw.nl, servicedesk@ihw.nl]\",\"Nederlands metadata profiel op ISO 19115 voor geografie 1.3\",\n\"cbeaebc3-815a-48af-a978-0e16892865fc\",\"Vogelrichtlijn verspreidingsgebied van soorten\",\"https://www.nationaalgeoregister.nl/geonetwork/srv/dut/catalog.search#/metadata/cbeaebc3-815a-48af-a978-0e16892865fc\",\"Ministerie van Economische Zaken - GIS Competence Center\",\"[geodatabeheer.giscc@rvo.nl, GeoDesk.CGI@wur.nl, geodatabeheer.giscc@rvo.nl, beheerPDOK@kadaster.nl, ]\",\"Nederlandse metadata profiel op ISO 19115 voor geografie 1.3\",\n\"247a1d15-0a67-40ce-85be-1403c08f15a8\",\"Nationale Parken (INSPIRE Geharmoniseerd)\",\"http://nationaalgeoregister.nl/geonetwork/srv/dut/catalog.search#/metadata/247a1d15-0a67-40ce-85be-1403c08f15a8\",\"no organisationName found in dataset record\",\"[geodatabeheer.giscc@rvo.nl, geodatabeheer.giscc@rvo.nl, info@minlnv.nl, , , ]\",\"Nederlandse metadata profiel op ISO 19115 voor geografie 1.3\",\n\"e3b0da1e-0664-4025-b3f5-a54d74a26450\",\"zoutvelden en zoutproductieputten onder INSPIRE\",\"https://nationaalgeoregister.nl/geonetwork/srv/resourcesce4a6d93-83d6-4397-afa1-d4117d5ce76b\",\"TNO Geologische Dienst Nederland\",\"[info@dinoloket.nl, info@dinoloket.nl, info@dinoloket.nl]\",\"Nederlandse metadata profiel op ISO 19115 voor geografie 2.0\",\n",
  "requestTimeStamp": 1601299591167,
  "env": "dev",
  "myVarName": "someValue",
  "knownlinks": [
    "http://creativecommons.org/licenses/by/3.0/deed.nl",
    "http://creativecommons.org/licenses/by/3.0/nl/",
    "http://creativecommons.org/licenses/by/4.0/deed.nl",
    "http://creativecommons.org/publicdomain/mark/1.0/deed.nl",
    "http://creativecommons.org/publicdomain/zero/1.0/deed.nl",
    "http://data.europa.eu/eli/reg/2010/1089",
    "http://inspire.ec.europa.eu/applicationschema",
    "http://inspire.ec.europa.eu/applicationschema/of",
    "http://inspire.ec.europa.eu/id/document/tg/am",
    "http://inspire.ec.europa.eu/id/document/tg/au",
    "http://inspire.ec.europa.eu/id/document/tg/ef",
    "http://inspire.ec.europa.eu/id/document/tg/el",
    "http://inspire.ec.europa.eu/id/document/tg/hh",
    "http://inspire.ec.europa.eu/id/document/tg/hy",
    "http://inspire.ec.europa.eu/id/document/tg/nz",
    "http://inspire.ec.europa.eu/id/document/tg/of",
    "http://inspire.ec.europa.eu/id/document/tg/pf",
    "http://inspire.ec.europa.eu/id/document/tg/ps",
    "http://inspire.ec.europa.eu/id/document/tg/tn",
    "http://inspire.ec.europa.eu/id/document/tg/us",
    "http://inspire.ec.europa.eu/media-types/application/x-shapefile",
    "http://inspire.ec.europa.eu/metadata-codelist/ConditionsApplyingToAccessAndUse/noConditionsApply",
    "http://inspire.ec.europa.eu/metadata-codelist/LimitationsOnPublicAccess/INSPIRE_Directive_Article13_1f",
    "http://inspire.ec.europa.eu/metadata-codelist/LimitationsOnPublicAccess/noLimitations",
    "http://inspire.ec.europa.eu/metadata-codelist/OnLineDescriptionCode/accessPoint",
    "http://inspire.ec.europa.eu/metadata-codelist/OnLineDescriptionCode/endPoint",
    "http://inspire.ec.europa.eu/metadata-codelist/PriorityDataset",
    "http://inspire.ec.europa.eu/metadata-codelist/PriorityDataset/ActualPollutantReleases-reg-2006-166",
    "http://inspire.ec.europa.eu/metadata-codelist/PriorityDataset/Agglomerations-dir-1991-271",
    "http://inspire.ec.europa.eu/metadata-codelist/PriorityDataset/BirdSpeciesDistribution-dir-2009-147",
    "http://inspire.ec.europa.eu/metadata-codelist/PriorityDataset/BirdsRange-dir-2009-147",
    "http://inspire.ec.europa.eu/metadata-codelist/PriorityDataset/CoastalWaters-dir-2000-60",
    "http://inspire.ec.europa.eu/metadata-codelist/PriorityDataset/DischargePointsToReceivingWaters-dir-1991-271",
    "http://inspire.ec.europa.eu/metadata-codelist/PriorityDataset/DrinkingWaterAbstractionPoints-dir-1998-83",
    "http://inspire.ec.europa.eu/metadata-codelist/PriorityDataset/EstablishmentsInvolvingDangerousSubstances-dir-2012-18",
    "http://inspire.ec.europa.eu/metadata-codelist/PriorityDataset/FloodedAreas-dir-2007-60",
    "http://inspire.ec.europa.eu/metadata-codelist/PriorityDataset/FloodRiskZones-dir-2007-60",
    "http://inspire.ec.europa.eu/metadata-codelist/PriorityDataset/HabitatTypesDistribution-dir-1992-43",
    "http://inspire.ec.europa.eu/metadata-codelist/PriorityDataset/HabitatTypesRange-dir-1992-43",
    "http://inspire.ec.europa.eu/metadata-codelist/PriorityDataset/IndustrialSites-EURegistry-reg-2006-166",
    "http://inspire.ec.europa.eu/metadata-codelist/PriorityDataset/InvasiveAlienSpeciesDistribution-reg-2014-1143",
    "http://inspire.ec.europa.eu/metadata-codelist/PriorityDataset/Lakes-dir-2000-60",
    "http://inspire.ec.europa.eu/metadata-codelist/PriorityDataset/MajorAirportsNoiseExposureDelineationDEN-dir-2002-49",
    "http://inspire.ec.europa.eu/metadata-codelist/PriorityDataset/MajorAirportsNoiseExposureDelineationNight-dir-2002-49",
    "http://inspire.ec.europa.eu/metadata-codelist/PriorityDataset/MajorRailwaysNoiseExposureDelineationDEN-dir-2002-49",
    "http://inspire.ec.europa.eu/metadata-codelist/PriorityDataset/MajorRailwaysNoiseExposureDelineationNight-dir-2002-49",
    "http://inspire.ec.europa.eu/metadata-codelist/PriorityDataset/MajorRoadsNoiseExposureDelineation-dir-2002-49",
    "http://inspire.ec.europa.eu/metadata-codelist/PriorityDataset/MajorRoadsNoiseExposureDelineationDEN-dir-2002-49",
    "http://inspire.ec.europa.eu/metadata-codelist/PriorityDataset/ManagementUnits-dir-2007-60",
    "http://inspire.ec.europa.eu/metadata-codelist/PriorityDataset/MarineAssessmentUnits-dir-2008-56",
    "http://inspire.ec.europa.eu/metadata-codelist/PriorityDataset/MonitoringStations-dir-2000-60",
    "http://inspire.ec.europa.eu/metadata-codelist/PriorityDataset/MonitoringStations-dir-2008-56",
    "http://inspire.ec.europa.eu/metadata-codelist/PriorityDataset/MSFDReportingUnits-dir-2008-56",
    "http://inspire.ec.europa.eu/metadata-codelist/PriorityDataset/NationallyDesignatedAreasCDDA",
    "http://inspire.ec.europa.eu/metadata-codelist/PriorityDataset/Natura2000Sites-dir-1992-43",
    "http://inspire.ec.europa.eu/metadata-codelist/PriorityDataset/Natura2000Sites-dir-2009-147",
    "http://inspire.ec.europa.eu/metadata-codelist/PriorityDataset/RiverBasinDistricts-dir-2000-60",
    "http://inspire.ec.europa.eu/metadata-codelist/PriorityDataset/RiverBasinDistrictsSubUnits-dir-2000-60",
    "http://inspire.ec.europa.eu/metadata-codelist/PriorityDataset/Rivers-dir-2000-60",
    "http://inspire.ec.europa.eu/metadata-codelist/PriorityDataset/SpeciesDistribution-dir-1992-43",
    "http://inspire.ec.europa.eu/metadata-codelist/PriorityDataset/SpeciesRange-dir-1992-43",
    "http://inspire.ec.europa.eu/metadata-codelist/PriorityDataset/SurfaceWaterBodies-dir-2000-60",
    "http://inspire.ec.europa.eu/metadata-codelist/PriorityDataset/TransitionalWaters-dir-2000-60",
    "http://inspire.ec.europa.eu/metadata-codelist/PriorityDataset/UrbanWasteWaterTreatmentPlants-dir-1991-271",
    "http://inspire.ec.europa.eu/metadata-codelist/SpatialDataServiceType/download",
    "http://inspire.ec.europa.eu/metadata-codelist/SpatialDataServiceType/http://inspire.ec.europa.eu/metadata-codelist/SpatialDataServiceType/download",
    "http://inspire.ec.europa.eu/metadata-codelist/SpatialDataServiceType/other",
    "http://inspire.ec.europa.eu/metadata-codelist/SpatialDataServiceType/view",
    "http://inspire.ec.europa.eu/metadata-codelist/SpatialScope",
    "http://inspire.ec.europa.eu/metadata-codelist/SpatialScope/european",
    "http://inspire.ec.europa.eu/metadata-codelist/SpatialScope/national",
    "http://inspire.ec.europa.eu/schemas/am/4.0/AreaManagementRestrictionRegulationZone.xsd",
    "http://inspire.ec.europa.eu/schemas/ef/4.0/EnvironmentalMonitoringFacilities.xsd",
    "http://inspire.ec.europa.eu/schemas/el-bas/4.0/ElevationBaseTypes.xsd",
    "http://inspire.ec.europa.eu/schemas/hh/4.0/HumanHealth.xsd",
    "http://inspire.ec.europa.eu/schemas/hy-n/4.0/HydroNetwork.xsd",
    "http://inspire.ec.europa.eu/schemas/hy/4.0/HydroBase.xsd",
    "http://inspire.ec.europa.eu/schemas/mu/3.0/MaritimeUnits.xsd",
    "http://inspire.ec.europa.eu/schemas/nz-core/4.0/NaturalRiskZonesCore.xsd",
    "http://inspire.ec.europa.eu/schemas/nz/0.0/NaturalRiskZones.xsd",
    "http://inspire.ec.europa.eu/schemas/of/4.0/OceanFeatures.xsd",
    "http://inspire.ec.europa.eu/schemas/pf/4.0/ProductionAndIndustrialFacilities.xsd",
    "http://inspire.ec.europa.eu/schemas/ps/4.0/ProtectedSites.xsd",
    "http://inspire.ec.europa.eu/schemas/tn-ro/4.0/RoadTransportNetwork.xsd",
    "http://inspire.ec.europa.eu/schemas/tn-w/4.0/WaterTransportNetwork.xsd",
    "http://inspire.ec.europa.eu/schemas/tn/4.0/CommonTransportElements.xsd",
    "http://inspire.ec.europa.eu/schemas/us-govserv/4.0/GovernmentalServices.xsd",
    "http://inspire.ec.europa.eu/theme#",
    "http://standaarden.overheid.nl/owms/terms/Ministerie_van_Economische_Zaken",
    "http://standaarden.overheid.nl/owms/terms/Ministerie_van_Landbouw,_Natuur_en_Voedselkwaliteit",
    "http://standaarden.overheid.nl/owms/terms/Rijksinstituut_voor_Volksgezondheid_en_Milieu",
    "http://standaarden.overheid.nl/owms/terms/RVO",
    "http://www.eionet.europa.eu/gemet/inspire_themes",
    "http://www.eionet.europa.eu/gemet/nl/inspire-theme/ac",
    "http://www.eionet.europa.eu/gemet/nl/inspire-theme/ad",
    "http://www.eionet.europa.eu/gemet/nl/inspire-theme/af",
    "http://www.eionet.europa.eu/gemet/nl/inspire-theme/am",
    "http://www.eionet.europa.eu/gemet/nl/inspire-theme/au",
    "http://www.eionet.europa.eu/gemet/nl/inspire-theme/bu",
    "http://www.eionet.europa.eu/gemet/nl/inspire-theme/cp",
    "http://www.eionet.europa.eu/gemet/nl/inspire-theme/ef",
    "http://www.eionet.europa.eu/gemet/nl/inspire-theme/er",
    "http://www.eionet.europa.eu/gemet/nl/inspire-theme/ge",
    "http://www.eionet.europa.eu/gemet/nl/inspire-theme/gn",
    "http://www.eionet.europa.eu/gemet/nl/inspire-theme/hb",
    "http://www.eionet.europa.eu/gemet/nl/inspire-theme/hh",
    "http://www.eionet.europa.eu/gemet/nl/inspire-theme/hy",
    "http://www.eionet.europa.eu/gemet/nl/inspire-theme/lc",
    "http://www.eionet.europa.eu/gemet/nl/inspire-theme/lu",
    "http://www.eionet.europa.eu/gemet/nl/inspire-theme/mf",
    "http://www.eionet.europa.eu/gemet/nl/inspire-theme/nz",
    "http://www.eionet.europa.eu/gemet/nl/inspire-theme/of",
    "http://www.eionet.europa.eu/gemet/nl/inspire-theme/oi",
    "http://www.eionet.europa.eu/gemet/nl/inspire-theme/pd",
    "http://www.eionet.europa.eu/gemet/nl/inspire-theme/pf",
    "http://www.eionet.europa.eu/gemet/nl/inspire-theme/ps",
    "http://www.eionet.europa.eu/gemet/nl/inspire-theme/rs",
    "http://www.eionet.europa.eu/gemet/nl/inspire-theme/sd",
    "http://www.eionet.europa.eu/gemet/nl/inspire-theme/so",
    "http://www.eionet.europa.eu/gemet/nl/inspire-theme/sr",
    "http://www.eionet.europa.eu/gemet/nl/inspire-theme/su",
    "http://www.eionet.europa.eu/gemet/nl/inspire-theme/tn",
    "http://www.eionet.europa.eu/gemet/nl/inspire-theme/us",
    "http://www.iana.org/assignments/media-types/application/gml+xml",
    "https://www.iana.org/assignments/media-types/application/geopackage+sqlite3",
    "https://www.iana.org/assignments/media-types/application/gml+xml",
    "https://www.iana.org/assignments/media-types/application/xml",
    "http://www.opengeospatial.org/standards/sos",
    "http://www.opengeospatial.org/standards/wcs",
    "http://www.opengeospatial.org/standards/wfs",
    "http://www.opengeospatial.org/standards/wms",
    "http://www.opengeospatial.org/standards/wmts",
    "http://www.opengis.net/def/crs/EPSG/0/3034",
    "http://www.opengis.net/def/crs/EPSG/0/3035",
    "http://www.opengis.net/def/crs/EPSG/0/3857",
    "http://www.opengis.net/def/crs/EPSG/0/4258",
    "http://www.opengis.net/def/crs/EPSG/0/4326",
    "http://www.opengis.net/def/crs/EPSG/0/5709",
    "http://www.opengis.net/def/crs/EPSG/0/5730",
    "http://www.opengis.net/def/crs/EPSG/0/5861",
    "http://www.opengis.net/def/crs/EPSG/0/23031",
    "http://www.opengis.net/def/crs/EPSG/0/25831",
    "http://www.opengis.net/def/crs/EPSG/0/25832",
    "http://www.opengis.net/def/crs/EPSG/0/28992",
    "http://www.opengis.net/def/crs/EPSG/0/EPSG:4326",
    "http://www.opengis.net/def/crs/EPSG/0/EPSG:28992",
    "http://www.opengis.net/def/crs/EPSG/0/epsg:28992",
    "http://www.opengis.net/def/serviceType/ogc/wcs",
    "http://www.opengis.net/def/serviceType/ogc/wfs",
    "http://www.opengis.net/def/serviceType/ogc/wms",
    "http://www.opengis.net/def/serviceType/ogc/wmts",
    "http://www.wur.nl/nl/Expertises-Dienstverlening/Onderzoeksinstituten/Environmental-Research.htm",
    "https://ec.europa.eu/eurostat/web/health/data/database",
    "https://geodata.cbs.nl/files/INSPIRE",
    "https://geodata.nationaalgeoregister.nl/elu/atom/elu.xml",
    "https://inspire.ec.europa.eu/id/document/tg/au",
    "https://inspire.ec.europa.eu/id/document/tg/of",
    "https://inspire.ec.europa.eu/id/document/tg/ps",
    "https://inspire.ec.europa.eu/schemas/ps/4.0/ProtectedSites.xsd",
    "https://ngr.geocat.live/geonetwork/srv/eng/thesaurus.download?ref=external.theme.httpinspireeceuropaeumetadatacodelistSpatialScope-SpatialScope",
    "https://tools.ietf.org/html/rfc4287",
    "https://tools.ietf.org/html/rfc5023",
    "https://www.cbs.nl/-/media/cbs/dossiers/nederland%20regionaal/wijk-en-buurtstatistieken/shape%202017%20versie%2020.zip",
    "https://www.cbs.nl/nl-nl/dossier/nederland-regionaal/geografische-data/wijk-en-buurtkaart-2016",
    "https://www.cbs.nl/nl-nl/dossier/nederland-regionaal/geografische-data/wijk-en-buurtkaart-2018",
    "https://www.cbs.nl/nl-nl/dossier/nederland-regionaal/geografische-data/wijk-en-buurtkaart-2019",
    "https://www.iana.org/assignments/media-types/application/gml+xml",
    "https://www.iana.org/assignments/media-types/application/zip",
    "https://www.iana.org/assignments/media-types/image/png",
    "https://www.nationaalgeoregister.nl",
    "https://www.nationaalgeoregister.nl/geonetwork/srv/eng/thesaurus.download?ref=external.theme.httpinspireeceuropaeumetadatacodelistPriorityDataset-PriorityDataset",
    "https://www.nationaalgeoregister.nl/geonetwork/srv/eng/thesaurus.download?ref=external.theme.httpinspireeceuropaeumetadatacodelistSpatialScope-SpatialScope",
    "https://www.nationaalgeoregister.nl/geonetwork/srv/eng/thesaurus.download?ref=external.theme.httpinspireeceuropaeutheme-theme",
    "https://www.nationaalgeoregister.nl:443/geonetwork/srv/eng/thesaurus.download?ref=external.theme.httpinspireeceuropaeuapplicationschema-applicationschema",
    "https://www.nationaalgeoregister.nl:443/geonetwork/srv/eng/thesaurus.download?ref=external.theme.httpinspireeceuropaeumetadatacodelistPriorityDataset-PriorityDataset",
    "https://www.nationaalgeoregister.nl:443/geonetwork/srv/eng/thesaurus.download?ref=external.theme.httpinspireeceuropaeumetadatacodelistSpatialScope-SpatialScope",
    "https://www.nationaalgeoregister.nl:443/geonetwork/srv/eng/thesaurus.download?ref=external.theme.httpinspireeceuropaeutheme-theme"
  ],
  "responseStatus": 200,
  "__loop": -1,
  "responseCookies": null
}

13:26:31.605 [pool-1-thread-7] INFO  com.intuit.karate - [print] [
  {
    "datasetIdentifierCode": "d6b85d84-cdb9-4a6e-b799-cf8826e22a94",
    "title": "Ligging industrie en CO2 emissies",
    "dataIdentificationCitationAnchor": "https://www.nationaalgeoregister.nl/geonetwork/srv/dut/catalog.search#/metadata/d6b85d84-cdb9-4a6e-b799-cf8826e22a94",
    "organisation": "Ministerie van Economische Zaken - GIS Competence Center",
    "electronicMailAddress": "[geodatabeheer.giscc@rvo.nl, geodatabeheer.giscc@rvo.nl]",
    "metadataStandardVersion": "Nederlands metadata profiel op ISO 19115 voor geografie 2.0"
  },
  {
    "datasetIdentifierCode": "edf79e6a-d73d-4def-8d22-0f495cc76a73",
    "title": "Bronbestanden waterkwaliteit",
    "dataIdentificationCitationAnchor": "no MD_DataIdentificationCitationAnchor",
    "organisation": "Informatiehuis Water",
    "electronicMailAddress": "[servicedesk@ihw.nl, servicedesk@ihw.nl]",
    "metadataStandardVersion": "Nederlands metadata profiel op ISO 19115 voor geografie 1.3"
  },
  {
    "datasetIdentifierCode": "cbeaebc3-815a-48af-a978-0e16892865fc",
    "title": "Vogelrichtlijn verspreidingsgebied van soorten",
    "dataIdentificationCitationAnchor": "https://www.nationaalgeoregister.nl/geonetwork/srv/dut/catalog.search#/metadata/cbeaebc3-815a-48af-a978-0e16892865fc",
    "organisation": "Ministerie van Economische Zaken - GIS Competence Center",
    "electronicMailAddress": "[geodatabeheer.giscc@rvo.nl, GeoDesk.CGI@wur.nl, geodatabeheer.giscc@rvo.nl, beheerPDOK@kadaster.nl, ]",
    "metadataStandardVersion": "Nederlandse metadata profiel op ISO 19115 voor geografie 1.3"
  },
  {
    "datasetIdentifierCode": "247a1d15-0a67-40ce-85be-1403c08f15a8",
    "title": "Nationale Parken (INSPIRE Geharmoniseerd)",
    "dataIdentificationCitationAnchor": "http://nationaalgeoregister.nl/geonetwork/srv/dut/catalog.search#/metadata/247a1d15-0a67-40ce-85be-1403c08f15a8",
    "organisation": "no organisationName found in dataset record",
    "electronicMailAddress": "[geodatabeheer.giscc@rvo.nl, geodatabeheer.giscc@rvo.nl, info@minlnv.nl, , , ]",
    "metadataStandardVersion": "Nederlandse metadata profiel op ISO 19115 voor geografie 1.3"
  },
  {
    "datasetIdentifierCode": "e3b0da1e-0664-4025-b3f5-a54d74a26450",
    "title": "zoutvelden en zoutproductieputten onder INSPIRE",
    "dataIdentificationCitationAnchor": "https://nationaalgeoregister.nl/geonetwork/srv/resourcesce4a6d93-83d6-4397-afa1-d4117d5ce76b",
    "organisation": "TNO Geologische Dienst Nederland",
    "electronicMailAddress": "[info@dinoloket.nl, info@dinoloket.nl, info@dinoloket.nl]",
    "metadataStandardVersion": "Nederlandse metadata profiel op ISO 19115 voor geografie 2.0"
  }
]

13:26:31.605 [pool-1-thread-6] INFO  com.intuit.karate - [print] [
  {
    "serviceIdentifierCode": "7b8f44b5-6eae-4113-a835-84b8678c3dd5",
    "title": "Beschermde Gebieden - Cultuurhistorie (INSPIRE geharmoniseerd) WMS",
    "dataIdentificationCitationAnchor": "no MD_DataIdentificationCitationAnchor",
    "organisation": "Beheer PDOK",
    "electronicMailAddress": "[beheerPDOK@kadaster.nl, beheerPDOK@kadaster.nl]",
    "metadataStandardVersion": "Nederlands metadata profiel op ISO 19119 voor services 2.0"
  },
  {
    "serviceIdentifierCode": "86cb5bcc-a199-43e2-9e03-2d0fe8bdfa3f",
    "title": "Vervoersnetwerken - spoorwegen (INSPIRE geharmoniseerd) WFS",
    "dataIdentificationCitationAnchor": "no MD_DataIdentificationCitationAnchor",
    "organisation": "Beheer PDOK",
    "electronicMailAddress": "[beheerPDOK@kadaster.nl, beheerPDOK@kadaster.nl]",
    "metadataStandardVersion": "Nederlands metadata profiel op ISO 19119 voor services 2.0"
  },
  {
    "serviceIdentifierCode": "f2d2cd9d-7410-485a-95e0-c1b885243eaf",
    "title": "EEZ volgens UNCLOS - Noordzee - Viewservice",
    "dataIdentificationCitationAnchor": "no MD_DataIdentificationCitationAnchor",
    "organisation": "Ministerie van Defensie, Koninklijke Marine, Dienst der Hydrografie",
    "electronicMailAddress": "[data@hydro.nl, hydro.servicedesk@mindef.nl]",
    "metadataStandardVersion": "Nederlands metadata profiel op ISO 19119 voor services 2.0"
  },
  {
    "serviceIdentifierCode": "2b9da196-422e-4b0e-a5ba-ba41ade308e9",
    "title": "Habitatrichtlijn verspreiding van habitattypen WMS",
    "dataIdentificationCitationAnchor": "no MD_DataIdentificationCitationAnchor",
    "organisation": "Beheer PDOK",
    "electronicMailAddress": "[beheerpdok@kadaster.nl, beheerpdok@kadaster.nl]",
    "metadataStandardVersion": "Nederlands metadata profiel op ISO 19119 voor services 2.0"
  },
  {
    "serviceIdentifierCode": "b0119753-5625-4500-9df3-13823ff9868f",
    "title": "Habitatrichtlijn verspreiding van typen WMS",
    "dataIdentificationCitationAnchor": "no MD_DataIdentificationCitationAnchor",
    "organisation": "Beheer PDOK",
    "electronicMailAddress": "[beheerPDOK@kadaster.nl, beheerPDOK@kadaster.nl]",
    "metadataStandardVersion": "Nederlands metadata profiel op ISO 19119 voor services 2.0"
  },
  {
    "serviceIdentifierCode": "ec73f245-66ce-4144-ac27-5966c80a4b3a",
    "title": "Vervoersnetwerken - Waterwegen (INSPIRE geharmoniseerd) WFS",
    "dataIdentificationCitationAnchor": "no MD_DataIdentificationCitationAnchor",
    "organisation": "Beheer PDOK",
    "electronicMailAddress": "[beheerPDOK@kadaster.nl, beheerPDOK@kadaster.nl]",
    "metadataStandardVersion": "Nederlands metadata profiel op ISO 19119 voor services 2.0"
  },
  {
    "serviceIdentifierCode": "d4dded2c-65ec-4e13-897e-03278d53a958",
    "title": "Olie- en gasvelden onder INSPIRE, viewservice",
    "dataIdentificationCitationAnchor": "no MD_DataIdentificationCitationAnchor",
    "organisation": "no organisationName found in dataset record",
    "electronicMailAddress": "[, info@dinoloket.nl]",
    "metadataStandardVersion": "Nederlands metadata profiel op ISO 19119 voor services 2.0"
  },
  {
    "serviceIdentifierCode": "0bc2bcb8-558b-446b-b4e2-381b13d483a8",
    "title": "Mossel- en oesterhabitats WMS",
    "dataIdentificationCitationAnchor": "no MD_DataIdentificationCitationAnchor",
    "organisation": "Beheer PDOK",
    "electronicMailAddress": "[beheerPDOK@kadaster.nl, beheerPDOK@kadaster.nl]",
    "metadataStandardVersion": "Nederlands metadata profiel op ISO 19119 voor services 2.0"
  },
  {
    "serviceIdentifierCode": "c3ee15e4-38bf-4d54-9c0b-cfe0e609d448",
    "title": "Actueel Hoogtebestand Nederland 1 (AHN1) WMS",
    "dataIdentificationCitationAnchor": "no MD_DataIdentificationCitationAnchor",
    "organisation": "Beheer PDOK",
    "electronicMailAddress": "[beheerPDOK@kadaster.nl, beheerPDOK@kadaster.nl]",
    "metadataStandardVersion": "Nederlands metadata profiel op ISO 19119 voor services 2.0"
  },
  {
    "serviceIdentifierCode": "081bcfff-5f66-467c-95d0-d88dcf9aa4cf",
    "title": "Monitoring stations (Nitraatrichtlijn) ondiepe filters (WMS)",
    "dataIdentificationCitationAnchor": "no MD_DataIdentificationCitationAnchor",
    "organisation": "no organisationName found in dataset record",
    "electronicMailAddress": "[geodata@rivm.nl, geodata@rivm.nl]",
    "metadataStandardVersion": "Nederlands metadata profiel op ISO 19119 voor services 2.0"
  },
  {
    "serviceIdentifierCode": "7681eb19-a914-4dc7-9208-c2a131dca06d",
    "title": "Kaderrichtlijn Water EU2015 WMS",
    "dataIdentificationCitationAnchor": "no MD_DataIdentificationCitationAnchor",
    "organisation": "Beheer PDOK",
    "electronicMailAddress": "[beheerpdok@kadaster.nl, beheerpdok@kadaster.nl]",
    "metadataStandardVersion": "Nederlands metadata profiel op ISO 19119 voor services 2.0"
  },
  {
    "serviceIdentifierCode": "af4841b5-ce83-4edb-af41-429a21140316",
    "title": "Habitatrichtlijn verspreiding van typen WFS",
    "dataIdentificationCitationAnchor": "no MD_DataIdentificationCitationAnchor",
    "organisation": "Beheer PDOK",
    "electronicMailAddress": "[beheerPDOK@kadaster.nl, beheerPDOK@kadaster.nl]",
    "metadataStandardVersion": "Nederlands metadata profiel op ISO 19119 voor services 2.0"
  },
  {
    "serviceIdentifierCode": "ceda1b88-32ac-40b2-a841-71eb041c9427",
    "title": "Potentiekaart reststromen WMS",
    "dataIdentificationCitationAnchor": "no MD_DataIdentificationCitationAnchor",
    "organisation": "Beheer PDOK",
    "electronicMailAddress": "[beheerPDOK@kadaster.nl, beheerPDOK@kadaster.nl]",
    "metadataStandardVersion": "Nederlands metadata profiel op ISO 19119 voor services 2.0"
  },
  {
    "serviceIdentifierCode": "180b6682-5d6f-429d-abb7-32f7d6253787",
    "title": "Windsnelheden 100m hoogte WFS",
    "dataIdentificationCitationAnchor": "no MD_DataIdentificationCitationAnchor",
    "organisation": "Beheer PDOK",
    "electronicMailAddress": "[beheerPDOK@kadaster.nl, beheerPDOK@kadaster.nl]",
    "metadataStandardVersion": "Nederlands metadata profiel op ISO 19119 voor services 2.0"
  },
  {
    "serviceIdentifierCode": "3ebe56dc-5f09-4fb3-b224-55c2db4ca2fd",
    "title": "RD info WFS",
    "dataIdentificationCitationAnchor": "no MD_DataIdentificationCitationAnchor",
    "organisation": "Beheer PDOK",
    "electronicMailAddress": "[beheerPDOK@kadaster.nl, beheerPDOK@kadaster.nl]",
    "metadataStandardVersion": "Nederlands metadata profiel op ISO 19119 voor services 2.0"
  },
  {
    "serviceIdentifierCode": "cea38797-ea4b-4969-b979-8d25eb543a6c",
    "title": "Statistics Netherlands Land Use 2015 WMS (BBG 2015 INSPIRE geharmoniseerd)",
    "dataIdentificationCitationAnchor": "no MD_DataIdentificationCitationAnchor",
    "organisation": "Beheer PDOK",
    "electronicMailAddress": "[beheerPDOK@kadaster.nl, beheerPDOK@kadaster.nl]",
    "metadataStandardVersion": "Nederlands metadata profiel op ISO 19119 voor services 2.0"
  },
  {
    "serviceIdentifierCode": "00e8746f-5031-413e-8343-9203c8ea82ee",
    "title": "INSPIRE Download service voor Gebieden met natuurrisico's",
    "dataIdentificationCitationAnchor": "no MD_DataIdentificationCitationAnchor",
    "organisation": "Interprovinciaal Overleg",
    "electronicMailAddress": "[inspire@gbo-provincies.nl, inspire@gbo-provincies.nl]",
    "metadataStandardVersion": "Nederlands metadata profiel op ISO 19119 voor services 2.0"
  },
  {
    "serviceIdentifierCode": "ca71572f-a498-4ca6-aa60-d4c4c4d59e2e",
    "title": "Geografische Namen (Nat) - Nederland - Viewservice",
    "dataIdentificationCitationAnchor": "no MD_DataIdentificationCitationAnchor",
    "organisation": "Ministerie van Defensie, Koninklijke Marine, Dienst der Hydrografie",
    "electronicMailAddress": "[data@hydro.nl, hydro.servicedesk@mindef.nl]",
    "metadataStandardVersion": "Nederlands metadata profiel op ISO 19119 voor services 2.0"
  },
  {
    "serviceIdentifierCode": "62c0d0a5-5826-406d-a625-d84bc5fec800",
    "title": "Noordzee Vaarwegmarkeringen WFS",
    "dataIdentificationCitationAnchor": "no MD_DataIdentificationCitationAnchor",
    "organisation": "Beheer PDOK",
    "electronicMailAddress": "[beheerPDOK@kadaster.nl, beheerPDOK@kadaster.nl]",
    "metadataStandardVersion": "Nederlands metadata profiel op ISO 19119 voor services 2.0"
  },
  {
    "serviceIdentifierCode": "95e2c712-1b91-4f24-9453-c56b95227717",
    "title": "Emissies naar het riool in 2015 vanuit de industrie (WMS)",
    "dataIdentificationCitationAnchor": "no MD_DataIdentificationCitationAnchor",
    "organisation": "no organisationName found in dataset record",
    "electronicMailAddress": "[emissieregistratie@rivm.nl, emissieregistratie@rivm.nl]",
    "metadataStandardVersion": "Nederlands metadata profiel op ISO 19119 voor services 2.0"
  },
  {
    "serviceIdentifierCode": "5dfccef3-9b52-47f2-bb02-66b74aaf3af8",
    "title": "Territoriale Zee volgens UNCLOS - Noordzee - Viewservice",
    "dataIdentificationCitationAnchor": "no MD_DataIdentificationCitationAnchor",
    "organisation": "Ministerie van Defensie, Koninklijke Marine, Dienst der Hydrografie",
    "electronicMailAddress": "[data@hydro.nl, hydro.servicedesk@mindef.nl]",
    "metadataStandardVersion": "Nederlands metadata profiel op ISO 19119 voor services 2.0"
  },
  {
    "serviceIdentifierCode": "c7dad4b9-42a8-452f-a33b-d4938ed22142",
    "title": "Gebieden in de Eemsmonding en de Dollard Downloadservice",
    "dataIdentificationCitationAnchor": "no MD_DataIdentificationCitationAnchor",
    "organisation": "Ministerie van Defensie, Koninklijke Marine, Dienst der Hydrografie",
    "electronicMailAddress": "[data@hydro.nl, hydro.servicedesk@mindef.nl]",
    "metadataStandardVersion": "Nederlands metadata profiel op ISO 19119 voor services 2.0"
  },
  {
    "serviceIdentifierCode": "777f41ee-8269-4bbc-b0e4-f889c62be099",
    "title": "Afgevoerde hoeveelheid afval in 2011 vanuit de industrie (WMS)",
    "dataIdentificationCitationAnchor": "no MD_DataIdentificationCitationAnchor",
    "organisation": "no organisationName found in dataset record",
    "electronicMailAddress": "[emissieregistratie@rivm.nl, emissieregistratie@rivm.nl]",
    "metadataStandardVersion": "Nederlands metadata profiel op ISO 19119 voor services 2.0"
  },
  {
    "serviceIdentifierCode": "c99b1291-c51f-49c8-902d-5bd4148cbbde",
    "title": "INSPIRE View service Habitats en biotopen",
    "dataIdentificationCitationAnchor": "no MD_DataIdentificationCitationAnchor",
    "organisation": "Interprovinciaal Overleg",
    "electronicMailAddress": "[inspire@gbo-provincies.nl, inspire@gbo-provincies.nl]",
    "metadataStandardVersion": "Nederlands metadata profiel op ISO 19119 voor services 2.0"
  },
  {
    "serviceIdentifierCode": "1c9b43c3-064d-40c3-aa7c-879b7376ef6f",
    "title": "Potentieel koude en warmte uit open en gesloten WKO systemen (GJ/ha.jaar) WMS",
    "dataIdentificationCitationAnchor": "no MD_DataIdentificationCitationAnchor",
    "organisation": "Beheer PDOK",
    "electronicMailAddress": "[beheerPDOK@kadaster.nl, beheerPDOK@kadaster.nl]",
    "metadataStandardVersion": "Nederlands metadata profiel op ISO 19119 voor services 2.0"
  }
]

13:26:31.828 [ForkJoinPool-1-worker-17] INFO  com.intuit.karate - [print] [
  "http://creativecommons.org/licenses/by/3.0/deed.nl"
]

13:26:31.831 [ForkJoinPool-1-worker-31] INFO  com.intuit.karate - [print] [
  "http://creativecommons.org/licenses/by/4.0/deed.nl"
]

13:26:31.833 [ForkJoinPool-1-worker-3] INFO  com.intuit.karate - [print] [
  "http://creativecommons.org/publicdomain/mark/1.0/deed.nl"
]

13:26:31.859 [ForkJoinPool-1-worker-9] INFO  com.intuit.karate - [print] [
  "http://creativecommons.org/licenses/by/3.0/nl/"
]

13:26:31.859 [ForkJoinPool-1-worker-53] INFO  com.intuit.karate - [print] [
  "http://creativecommons.org/publicdomain/zero/1.0/deed.nl"
]

13:26:31.918 [ForkJoinPool-1-worker-53] INFO  com.intuit.karate - [print] testing xlinkurl:http://creativecommons.org/publicdomain/zero/1.0/deed.nl
13:26:31.920 [ForkJoinPool-1-worker-9] INFO  com.intuit.karate - [print] testing xlinkurl:http://creativecommons.org/licenses/by/3.0/nl/
13:26:31.923 [ForkJoinPool-1-worker-17] INFO  com.intuit.karate - [print] testing xlinkurl:http://creativecommons.org/licenses/by/3.0/deed.nl
13:26:31.923 [ForkJoinPool-1-worker-3] INFO  com.intuit.karate - [print] testing xlinkurl:http://creativecommons.org/publicdomain/mark/1.0/deed.nl
13:26:31.937 [ForkJoinPool-1-worker-25] INFO  com.intuit.karate - [print] [
  "http://inspire.ec.europa.eu/applicationschema"
]

13:26:31.961 [ForkJoinPool-1-worker-39] INFO  com.intuit.karate - [print] [
  "http://data.europa.eu/eli/reg/2010/1089"
]

13:26:31.963 [ForkJoinPool-1-worker-31] INFO  com.intuit.karate - [print] testing xlinkurl:http://creativecommons.org/licenses/by/4.0/deed.nl
13:26:31.965 [ForkJoinPool-1-worker-11] INFO  com.intuit.karate - [print] [
  "http://inspire.ec.europa.eu/applicationschema/of"
]

13:26:31.972 [ForkJoinPool-1-worker-39] INFO  com.intuit.karate - [print] testing xlinkurl:http://data.europa.eu/eli/reg/2010/1089
13:26:31.980 [ForkJoinPool-1-worker-25] INFO  com.intuit.karate - [print] testing xlinkurl:http://inspire.ec.europa.eu/applicationschema
13:26:31.995 [ForkJoinPool-1-worker-61] INFO  com.intuit.karate - [print] [
  "http://inspire.ec.europa.eu/id/document/tg/am"
]

13:26:32.010 [ForkJoinPool-1-worker-47] INFO  com.intuit.karate - [print] [
  "http://inspire.ec.europa.eu/id/document/tg/au"
]

13:26:32.012 [ForkJoinPool-1-worker-33] INFO  com.intuit.karate - [print] [
  "http://inspire.ec.europa.eu/id/document/tg/ef"
]

13:26:32.017 [ForkJoinPool-1-worker-19] INFO  com.intuit.karate - [print] [
  "http://inspire.ec.europa.eu/id/document/tg/el"
]

13:26:32.021 [ForkJoinPool-1-worker-5] INFO  com.intuit.karate - [print] [
  "http://inspire.ec.europa.eu/id/document/tg/hh"
]

13:26:32.022 [ForkJoinPool-1-worker-61] INFO  com.intuit.karate - [print] testing xlinkurl:http://inspire.ec.europa.eu/id/document/tg/am
13:26:32.032 [ForkJoinPool-1-worker-11] INFO  com.intuit.karate - [print] testing xlinkurl:http://inspire.ec.europa.eu/applicationschema/of
13:26:32.045 [ForkJoinPool-1-worker-33] INFO  com.intuit.karate - [print] testing xlinkurl:http://inspire.ec.europa.eu/id/document/tg/ef
13:26:32.049 [ForkJoinPool-1-worker-47] INFO  com.intuit.karate - [print] testing xlinkurl:http://inspire.ec.europa.eu/id/document/tg/au
13:26:32.058 [ForkJoinPool-1-worker-55] INFO  com.intuit.karate - [print] [
  "http://inspire.ec.europa.eu/id/document/tg/hy"
]

13:26:32.062 [ForkJoinPool-1-worker-41] INFO  com.intuit.karate - [print] [
  "http://inspire.ec.europa.eu/id/document/tg/nz"
]

13:26:32.068 [ForkJoinPool-1-worker-27] INFO  com.intuit.karate - [print] [
  "http://inspire.ec.europa.eu/id/document/tg/of"
]

13:26:32.077 [ForkJoinPool-1-worker-19] INFO  com.intuit.karate - [print] testing xlinkurl:http://inspire.ec.europa.eu/id/document/tg/el
13:26:32.081 [ForkJoinPool-1-worker-5] INFO  com.intuit.karate - [print] testing xlinkurl:http://inspire.ec.europa.eu/id/document/tg/hh
13:26:32.087 [ForkJoinPool-1-worker-41] INFO  com.intuit.karate - [print] testing xlinkurl:http://inspire.ec.europa.eu/id/document/tg/nz
13:26:32.089 [ForkJoinPool-1-worker-13] INFO  com.intuit.karate - [print] [
  "http://inspire.ec.europa.eu/id/document/tg/pf"
]

13:26:32.091 [ForkJoinPool-1-worker-55] INFO  com.intuit.karate - [print] testing xlinkurl:http://inspire.ec.europa.eu/id/document/tg/hy
13:26:32.097 [ForkJoinPool-1-worker-63] INFO  com.intuit.karate - [print] [
  "http://inspire.ec.europa.eu/id/document/tg/ps"
]

13:26:32.151 [ForkJoinPool-1-worker-27] INFO  com.intuit.karate - [print] testing xlinkurl:http://inspire.ec.europa.eu/id/document/tg/of
13:26:32.167 [ForkJoinPool-1-worker-63] INFO  com.intuit.karate - [print] testing xlinkurl:http://inspire.ec.europa.eu/id/document/tg/ps
13:26:32.171 [ForkJoinPool-1-worker-13] INFO  com.intuit.karate - [print] testing xlinkurl:http://inspire.ec.europa.eu/id/document/tg/pf
13:26:32.353 [ForkJoinPool-1-worker-53] INFO  com.intuit.karate - [print] [
  "http://inspire.ec.europa.eu/id/document/tg/tn"
]

13:26:32.354 [ForkJoinPool-1-worker-9] INFO  com.intuit.karate - [print] [
  "http://inspire.ec.europa.eu/media-types/application/x-shapefile"
]

13:26:32.353 [ForkJoinPool-1-worker-3] INFO  com.intuit.karate - [print] [
  "http://inspire.ec.europa.eu/id/document/tg/us"
]

13:26:32.357 [ForkJoinPool-1-worker-17] INFO  com.intuit.karate - [print] [
  "http://inspire.ec.europa.eu/metadata-codelist/ConditionsApplyingToAccessAndUse/noConditionsApply"
]

13:26:32.381 [ForkJoinPool-1-worker-53] INFO  com.intuit.karate - [print] testing xlinkurl:http://inspire.ec.europa.eu/id/document/tg/tn
13:26:32.383 [ForkJoinPool-1-worker-9] INFO  com.intuit.karate - [print] testing xlinkurl:http://inspire.ec.europa.eu/media-types/application/x-shapefile
13:26:32.385 [ForkJoinPool-1-worker-3] INFO  com.intuit.karate - [print] testing xlinkurl:http://inspire.ec.europa.eu/id/document/tg/us
13:26:32.388 [ForkJoinPool-1-worker-31] INFO  com.intuit.karate - [print] [
  "http://inspire.ec.europa.eu/metadata-codelist/LimitationsOnPublicAccess/INSPIRE_Directive_Article13_1f"
]

13:26:32.395 [ForkJoinPool-1-worker-17] INFO  com.intuit.karate - [print] testing xlinkurl:http://inspire.ec.europa.eu/metadata-codelist/ConditionsApplyingToAccessAndUse/noConditionsApply
13:26:32.410 [ForkJoinPool-1-worker-31] INFO  com.intuit.karate - [print] testing xlinkurl:http://inspire.ec.europa.eu/metadata-codelist/LimitationsOnPublicAccess/INSPIRE_Directive_Article13_1f
13:26:32.682 [ForkJoinPool-1-worker-45] INFO  com.intuit.karate - [print] testing xlinkurl:http://nationaalgeoregister.nl/geonetwork/srv/dut/catalog.search#/metadata/247a1d15-0a67-40ce-85be-1403c08f15a8
13:26:32.688 [ForkJoinPool-1-worker-51] INFO  com.intuit.karate - [print] testing xlinkurl:https://www.nationaalgeoregister.nl/geonetwork/srv/dut/catalog.search#/metadata/d6b85d84-cdb9-4a6e-b799-cf8826e22a94
13:26:32.771 [ForkJoinPool-1-worker-59] INFO  com.intuit.karate - [print] testing xlinkurl:https://nationaalgeoregister.nl/geonetwork/srv/resourcesce4a6d93-83d6-4397-afa1-d4117d5ce76b
13:26:32.796 [ForkJoinPool-1-worker-23] INFO  com.intuit.karate - [print] testing xlinkurl:https://www.nationaalgeoregister.nl/geonetwork/srv/dut/catalog.search#/metadata/cbeaebc3-815a-48af-a978-0e16892865fc
13:26:32.868 [ForkJoinPool-1-worker-49] INFO  com.intuit.karate - [print] testing xlinkurl:http://inspire.ec.europa.eu/metadata-codelist/SpatialDataServiceCategory/infoMapAccessService
13:26:32.917 [ForkJoinPool-1-worker-45] INFO  com.intuit.karate - [print] testing xlinkurl:xlink:href=https://inspire.ec.europa.eu/id/document/tg/ps
13:26:32.919 [ForkJoinPool-1-worker-45] ERROR com.intuit.karate - org.apache.http.client.ClientProtocolException: URI does not specify a valid host name: xlink:href=https://inspire.ec.europa.eu/id/document/tg/ps, http call failed after 0 milliseconds for URL: xlink:href=https://inspire.ec.europa.eu/id/document/tg/ps
13:26:32.921 [ForkJoinPool-1-worker-45] ERROR com.intuit.karate - http request failed: 
org.apache.http.client.ClientProtocolException: URI does not specify a valid host name: xlink:href=https://inspire.ec.europa.eu/id/document/tg/ps
13:26:32.921 [ForkJoinPool-1-worker-45] ERROR com.intuit.karate - feature call (loop) failed at index: 1
caller: classpath:InspireTest/def/checkxlinkurl.template.feature
arg: {"link":"xlink:href=https://inspire.ec.europa.eu/id/document/tg/ps"}
checkxlinkurl.template.feature:21 - 
org.apache.http.client.ClientProtocolException: URI does not specify a valid host name: xlink:href=https://inspire.ec.europa.eu/id/document/tg/ps
13:26:32.923 [ForkJoinPool-1-worker-45] INFO  com.intuit.karate - [print] testing xlinkurl:https://data.overheid.nl/organisatie/PDOK
13:26:33.088 [ForkJoinPool-1-worker-37] INFO  com.intuit.karate - [print] testing xlinkurl:http://rdfdata.eionet.europa.eu/inspirethemes/themes/7
13:26:33.122 [ForkJoinPool-1-worker-59] ERROR com.intuit.karate - assertion failed: path: $, actual: 404, expected: 200, reason: not equal (Integer)
13:26:33.124 [ForkJoinPool-1-worker-59] ERROR com.intuit.karate - feature call (loop) failed at index: 0
caller: classpath:InspireTest/def/checkxlinkurl.template.feature
arg: {"link":"https://nationaalgeoregister.nl/geonetwork/srv/resourcesce4a6d93-83d6-4397-afa1-d4117d5ce76b"}
checkxlinkurl.template.feature:28 - path: $, actual: 404, expected: 200, reason: not equal (Integer)
13:26:33.127 [ForkJoinPool-1-worker-59] INFO  com.intuit.karate - [print] testing xlinkurl:http://rdfdata.eionet.europa.eu/inspirethemes/themes/34
13:26:33.679 [ForkJoinPool-1-worker-37] ERROR com.intuit.karate - assertion failed: path: $, actual: 404, expected: 200, reason: not equal (Integer)
13:26:33.679 [ForkJoinPool-1-worker-37] ERROR com.intuit.karate - feature call (loop) failed at index: 0
caller: classpath:InspireTest/def/checkxlinkurl.template.feature
arg: {"link":"http://rdfdata.eionet.europa.eu/inspirethemes/themes/7"}
checkxlinkurl.template.feature:28 - path: $, actual: 404, expected: 200, reason: not equal (Integer)
13:26:33.679 [ForkJoinPool-1-worker-59] ERROR com.intuit.karate - assertion failed: path: $, actual: 404, expected: 200, reason: not equal (Integer)
13:26:33.680 [ForkJoinPool-1-worker-59] ERROR com.intuit.karate - feature call (loop) failed at index: 1
caller: classpath:InspireTest/def/checkxlinkurl.template.feature
arg: {"link":"http://rdfdata.eionet.europa.eu/inspirethemes/themes/34"}
checkxlinkurl.template.feature:28 - path: $, actual: 404, expected: 200, reason: not equal (Integer)
13:26:33.683 [ForkJoinPool-1-worker-59] INFO  com.intuit.karate - [print] testing xlinkurl:http://geonetwork-opensource.org/inspire-theme#
13:26:33.700 [ForkJoinPool-1-worker-37] INFO  com.intuit.karate - [print] testing xlinkurl:http://geonetwork-opensource.org/inspire-theme#
13:26:33.857 [ForkJoinPool-1-worker-51] INFO  com.intuit.karate - [print] testing xlinkurl:https://www.nationaalgeoregister.nl:443/geonetwork/srv/dut/csw?service=CSW&request=GetRecordById&version=2.0.2&outputSchema=http://www.isotc211.org/2005/gmd&elementSetName=full&id=e8b84fae-00b3-49c1-80c1-df8f69f64e8c#MD_DataIdentification
13:26:33.962 [ForkJoinPool-1-worker-41] INFO  com.intuit.karate - [print] [
  "http://inspire.ec.europa.eu/metadata-codelist/LimitationsOnPublicAccess/noLimitations"
]

13:26:33.964 [ForkJoinPool-1-worker-23] INFO  com.intuit.karate - [print] testing xlinkurl:https://www.pdok.nl
13:26:33.973 [ForkJoinPool-1-worker-41] INFO  com.intuit.karate - [print] testing xlinkurl:http://inspire.ec.europa.eu/metadata-codelist/LimitationsOnPublicAccess/noLimitations
13:26:33.988 [ForkJoinPool-1-worker-19] INFO  com.intuit.karate - [print] [
  "http://inspire.ec.europa.eu/metadata-codelist/OnLineDescriptionCode/accessPoint"
]

13:26:33.990 [ForkJoinPool-1-worker-55] INFO  com.intuit.karate - [print] [
  "http://inspire.ec.europa.eu/metadata-codelist/OnLineDescriptionCode/endPoint"
]

13:26:33.996 [ForkJoinPool-1-worker-19] INFO  com.intuit.karate - [print] testing xlinkurl:http://inspire.ec.europa.eu/metadata-codelist/OnLineDescriptionCode/accessPoint
13:26:33.998 [ForkJoinPool-1-worker-55] INFO  com.intuit.karate - [print] testing xlinkurl:http://inspire.ec.europa.eu/metadata-codelist/OnLineDescriptionCode/endPoint
13:26:34.009 [ForkJoinPool-1-worker-47] INFO  com.intuit.karate - [print] [
  "http://inspire.ec.europa.eu/metadata-codelist/PriorityDataset"
]

13:26:34.009 [ForkJoinPool-1-worker-53] INFO  com.intuit.karate - [print] [
  "http://inspire.ec.europa.eu/metadata-codelist/PriorityDataset/ActualPollutantReleases-reg-2006-166"
]

13:26:34.018 [ForkJoinPool-1-worker-53] INFO  com.intuit.karate - [print] testing xlinkurl:http://inspire.ec.europa.eu/metadata-codelist/PriorityDataset/ActualPollutantReleases-reg-2006-166
13:26:34.023 [ForkJoinPool-1-worker-47] INFO  com.intuit.karate - [print] testing xlinkurl:http://inspire.ec.europa.eu/metadata-codelist/PriorityDataset
13:26:34.027 [ForkJoinPool-1-worker-27] INFO  com.intuit.karate - [print] [
  "http://inspire.ec.europa.eu/metadata-codelist/PriorityDataset/Agglomerations-dir-1991-271"
]

13:26:34.031 [ForkJoinPool-1-worker-27] INFO  com.intuit.karate - [print] testing xlinkurl:http://inspire.ec.europa.eu/metadata-codelist/PriorityDataset/Agglomerations-dir-1991-271
13:26:34.397 [ForkJoinPool-1-worker-59] ERROR com.intuit.karate - assertion failed: path: $, actual: 404, expected: 200, reason: not equal (Integer)
13:26:34.397 [ForkJoinPool-1-worker-37] ERROR com.intuit.karate - assertion failed: path: $, actual: 404, expected: 200, reason: not equal (Integer)
13:26:34.398 [ForkJoinPool-1-worker-59] ERROR com.intuit.karate - feature call (loop) failed at index: 2
caller: classpath:InspireTest/def/checkxlinkurl.template.feature
arg: {"link":"http://geonetwork-opensource.org/inspire-theme#"}
checkxlinkurl.template.feature:28 - path: $, actual: 404, expected: 200, reason: not equal (Integer)
13:26:34.398 [ForkJoinPool-1-worker-37] ERROR com.intuit.karate - feature call (loop) failed at index: 1
caller: classpath:InspireTest/def/checkxlinkurl.template.feature
arg: {"link":"http://geonetwork-opensource.org/inspire-theme#"}
checkxlinkurl.template.feature:28 - path: $, actual: 404, expected: 200, reason: not equal (Integer)
13:26:34.402 [ForkJoinPool-1-worker-37] INFO  com.intuit.karate - [print] testing xlinkurl:http://inspire.ec.europa.eu/metadata-codelist/SpatialDataServiceCategory/infoFeatureAccessService
13:26:34.411 [ForkJoinPool-1-worker-59] INFO  com.intuit.karate - [print] testing xlinkurl:https://www.nationaalgeoregister.nl/geonetwork/srv/eng/thesaurus.download?ref=external.theme.inspire-theme
13:26:34.479 [ForkJoinPool-1-worker-45] ERROR com.intuit.karate - assertion failed: path: $, actual: 404, expected: 200, reason: not equal (Integer)
13:26:34.479 [ForkJoinPool-1-worker-45] ERROR com.intuit.karate - feature call (loop) failed at index: 2
caller: classpath:InspireTest/def/checkxlinkurl.template.feature
arg: {"link":"https://data.overheid.nl/organisatie/PDOK"}
checkxlinkurl.template.feature:28 - path: $, actual: 404, expected: 200, reason: not equal (Integer)
13:26:34.787 [ForkJoinPool-1-worker-33] INFO  com.intuit.karate - [print] [
  "http://inspire.ec.europa.eu/metadata-codelist/PriorityDataset/BirdSpeciesDistribution-dir-2009-147"
]

13:26:34.793 [ForkJoinPool-1-worker-33] INFO  com.intuit.karate - [print] testing xlinkurl:http://inspire.ec.europa.eu/metadata-codelist/PriorityDataset/BirdSpeciesDistribution-dir-2009-147
13:26:34.864 [ForkJoinPool-1-worker-59] ERROR com.intuit.karate - assertion failed: path: $, actual: 500, expected: 200, reason: not equal (Integer)
13:26:34.865 [ForkJoinPool-1-worker-59] ERROR com.intuit.karate - feature call (loop) failed at index: 3
caller: classpath:InspireTest/def/checkxlinkurl.template.feature
arg: {"link":"https://www.nationaalgeoregister.nl/geonetwork/srv/eng/thesaurus.download?ref=external.theme.inspire-theme"}
checkxlinkurl.template.feature:28 - path: $, actual: 500, expected: 200, reason: not equal (Integer)
13:26:35.005 [pool-1-thread-7] INFO  com.intuit.karate.Runner - <<fail>> feature 7 of 13: classpath:InspireTest/ngr/T02_datasets/check-known-dataset-record.feature
---------------------------------------------------------
feature: classpath:InspireTest/ngr/T02_datasets/check-known-dataset-record.feature
report: target/surefire-reports/InspireTest.ngr.T02_datasets.check-known-dataset-record.json
scenarios:  5 | passed:  2 | failed:  3 | time: 9.3619
---------------------------------------------------------
13:26:35.099 [ForkJoinPool-1-worker-23] INFO  com.intuit.karate - [print] testing xlinkurl:http://inspire.ec.europa.eu/metadata-codelist/SpatialDataServiceCategory/infoMapAccessService
13:26:35.113 [ForkJoinPool-1-worker-45] INFO  com.intuit.karate - [print] testing xlinkurl:http://rdfdata.eionet.europa.eu/inspirethemes/themes/7
13:26:35.259 [ForkJoinPool-1-worker-51] INFO  com.intuit.karate - [print] testing xlinkurl:http://rdfdata.eionet.europa.eu/inspirethemes/themes/31
13:26:35.329 [ForkJoinPool-1-worker-45] ERROR com.intuit.karate - assertion failed: path: $, actual: 404, expected: 200, reason: not equal (Integer)
13:26:35.329 [ForkJoinPool-1-worker-45] ERROR com.intuit.karate - feature call (loop) failed at index: 0
caller: classpath:InspireTest/def/checkxlinkurl.template.feature
arg: {"link":"http://rdfdata.eionet.europa.eu/inspirethemes/themes/7"}
checkxlinkurl.template.feature:28 - path: $, actual: 404, expected: 200, reason: not equal (Integer)
13:26:35.331 [ForkJoinPool-1-worker-45] INFO  com.intuit.karate - [print] testing xlinkurl:http://geonetwork-opensource.org/inspire-theme#
13:26:35.463 [ForkJoinPool-1-worker-51] ERROR com.intuit.karate - assertion failed: path: $, actual: 404, expected: 200, reason: not equal (Integer)
13:26:35.467 [ForkJoinPool-1-worker-51] ERROR com.intuit.karate - feature call (loop) failed at index: 0
caller: classpath:InspireTest/def/checkxlinkurl.template.feature
arg: {"link":"http://rdfdata.eionet.europa.eu/inspirethemes/themes/31"}
checkxlinkurl.template.feature:28 - path: $, actual: 404, expected: 200, reason: not equal (Integer)
13:26:35.470 [ForkJoinPool-1-worker-51] INFO  com.intuit.karate - [print] testing xlinkurl:http://geonetwork-opensource.org/inspire-theme#
13:26:35.520 [ForkJoinPool-1-worker-59] INFO  com.intuit.karate - [print] testing xlinkurl:http://nationaalgeoregister.nl/geonetwork/srv/dut/inspire?SERVICE=CSW&version=2.0.2&REQUEST=GetRecordById&ID=b61a773c-ecad-4e60-93e9-0a4caac0b52f&OUTPUTSCHEMA=http://www.isotc211.org/2005/gmd&ELEMENTSETNAME=full#MD_DataIdentification
13:26:35.553 [ForkJoinPool-1-worker-39] INFO  com.intuit.karate - [print] [
  "http://inspire.ec.europa.eu/metadata-codelist/PriorityDataset/BirdsRange-dir-2009-147"
]

13:26:35.558 [ForkJoinPool-1-worker-39] INFO  com.intuit.karate - [print] testing xlinkurl:http://inspire.ec.europa.eu/metadata-codelist/PriorityDataset/BirdsRange-dir-2009-147
13:26:35.800 [ForkJoinPool-1-worker-3] INFO  com.intuit.karate - [print] [
  "http://inspire.ec.europa.eu/metadata-codelist/PriorityDataset/CoastalWaters-dir-2000-60"
]

13:26:35.806 [ForkJoinPool-1-worker-3] INFO  com.intuit.karate - [print] testing xlinkurl:http://inspire.ec.europa.eu/metadata-codelist/PriorityDataset/CoastalWaters-dir-2000-60
13:26:35.942 [ForkJoinPool-1-worker-45] ERROR com.intuit.karate - assertion failed: path: $, actual: 404, expected: 200, reason: not equal (Integer)
13:26:35.943 [ForkJoinPool-1-worker-45] ERROR com.intuit.karate - feature call (loop) failed at index: 1
caller: classpath:InspireTest/def/checkxlinkurl.template.feature
arg: {"link":"http://geonetwork-opensource.org/inspire-theme#"}
checkxlinkurl.template.feature:28 - path: $, actual: 404, expected: 200, reason: not equal (Integer)
13:26:35.951 [ForkJoinPool-1-worker-45] INFO  com.intuit.karate - [print] testing xlinkurl:http://inspire.ec.europa.eu/metadata-codelist/SpatialDataServiceCategory/infoFeatureAccessService
13:26:36.069 [ForkJoinPool-1-worker-51] ERROR com.intuit.karate - assertion failed: path: $, actual: 404, expected: 200, reason: not equal (Integer)
13:26:36.070 [ForkJoinPool-1-worker-51] ERROR com.intuit.karate - feature call (loop) failed at index: 1
caller: classpath:InspireTest/def/checkxlinkurl.template.feature
arg: {"link":"http://geonetwork-opensource.org/inspire-theme#"}
checkxlinkurl.template.feature:28 - path: $, actual: 404, expected: 200, reason: not equal (Integer)
13:26:36.073 [ForkJoinPool-1-worker-51] INFO  com.intuit.karate - [print] testing xlinkurl:
13:26:36.075 [ForkJoinPool-1-worker-51] ERROR com.intuit.karate - org.apache.http.client.ClientProtocolException, http call failed after 0 milliseconds for URL: 
13:26:36.075 [ForkJoinPool-1-worker-51] ERROR com.intuit.karate - http request failed: 
org.apache.http.client.ClientProtocolException
13:26:36.075 [ForkJoinPool-1-worker-51] ERROR com.intuit.karate - feature call (loop) failed at index: 2
caller: classpath:InspireTest/def/checkxlinkurl.template.feature
arg: {"link":""}
checkxlinkurl.template.feature:21 - 
org.apache.http.client.ClientProtocolException
13:26:36.081 [ForkJoinPool-1-worker-51] INFO  com.intuit.karate - [print] testing xlinkurl:
13:26:36.086 [ForkJoinPool-1-worker-51] ERROR com.intuit.karate - org.apache.http.client.ClientProtocolException, http call failed after 0 milliseconds for URL: 
13:26:36.087 [ForkJoinPool-1-worker-51] ERROR com.intuit.karate - http request failed: 
org.apache.http.client.ClientProtocolException
13:26:36.088 [ForkJoinPool-1-worker-51] ERROR com.intuit.karate - feature call (loop) failed at index: 3
caller: classpath:InspireTest/def/checkxlinkurl.template.feature
arg: {"link":""}
checkxlinkurl.template.feature:21 - 
org.apache.http.client.ClientProtocolException
13:26:36.090 [ForkJoinPool-1-worker-51] INFO  com.intuit.karate - [print] testing xlinkurl:
13:26:36.092 [ForkJoinPool-1-worker-51] ERROR com.intuit.karate - org.apache.http.client.ClientProtocolException, http call failed after 0 milliseconds for URL: 
13:26:36.093 [ForkJoinPool-1-worker-51] ERROR com.intuit.karate - http request failed: 
org.apache.http.client.ClientProtocolException
13:26:36.093 [ForkJoinPool-1-worker-51] ERROR com.intuit.karate - feature call (loop) failed at index: 4
caller: classpath:InspireTest/def/checkxlinkurl.template.feature
arg: {"link":""}
checkxlinkurl.template.feature:21 - 
org.apache.http.client.ClientProtocolException
13:26:36.096 [ForkJoinPool-1-worker-51] INFO  com.intuit.karate - [print] testing xlinkurl:
13:26:36.097 [ForkJoinPool-1-worker-51] ERROR com.intuit.karate - org.apache.http.client.ClientProtocolException, http call failed after 0 milliseconds for URL: 
13:26:36.098 [ForkJoinPool-1-worker-51] ERROR com.intuit.karate - http request failed: 
org.apache.http.client.ClientProtocolException
13:26:36.099 [ForkJoinPool-1-worker-51] ERROR com.intuit.karate - feature call (loop) failed at index: 5
caller: classpath:InspireTest/def/checkxlinkurl.template.feature
arg: {"link":""}
checkxlinkurl.template.feature:21 - 
org.apache.http.client.ClientProtocolException
13:26:36.102 [ForkJoinPool-1-worker-51] INFO  com.intuit.karate - [print] testing xlinkurl:
13:26:36.103 [ForkJoinPool-1-worker-51] ERROR com.intuit.karate - org.apache.http.client.ClientProtocolException, http call failed after 0 milliseconds for URL: 
13:26:36.104 [ForkJoinPool-1-worker-51] ERROR com.intuit.karate - http request failed: 
org.apache.http.client.ClientProtocolException
13:26:36.105 [ForkJoinPool-1-worker-51] ERROR com.intuit.karate - feature call (loop) failed at index: 6
caller: classpath:InspireTest/def/checkxlinkurl.template.feature
arg: {"link":""}
checkxlinkurl.template.feature:21 - 
org.apache.http.client.ClientProtocolException
13:26:36.109 [ForkJoinPool-1-worker-51] INFO  com.intuit.karate - [print] testing xlinkurl:
13:26:36.111 [ForkJoinPool-1-worker-51] ERROR com.intuit.karate - org.apache.http.client.ClientProtocolException, http call failed after 0 milliseconds for URL: 
13:26:36.111 [ForkJoinPool-1-worker-51] ERROR com.intuit.karate - http request failed: 
org.apache.http.client.ClientProtocolException
13:26:36.112 [ForkJoinPool-1-worker-51] ERROR com.intuit.karate - feature call (loop) failed at index: 7
caller: classpath:InspireTest/def/checkxlinkurl.template.feature
arg: {"link":""}
checkxlinkurl.template.feature:21 - 
org.apache.http.client.ClientProtocolException
13:26:36.113 [ForkJoinPool-1-worker-51] INFO  com.intuit.karate - [print] testing xlinkurl:
13:26:36.115 [ForkJoinPool-1-worker-51] ERROR com.intuit.karate - org.apache.http.client.ClientProtocolException, http call failed after 0 milliseconds for URL: 
13:26:36.115 [ForkJoinPool-1-worker-51] ERROR com.intuit.karate - http request failed: 
org.apache.http.client.ClientProtocolException
13:26:36.117 [ForkJoinPool-1-worker-51] ERROR com.intuit.karate - feature call (loop) failed at index: 8
caller: classpath:InspireTest/def/checkxlinkurl.template.feature
arg: {"link":""}
checkxlinkurl.template.feature:21 - 
org.apache.http.client.ClientProtocolException
13:26:36.119 [ForkJoinPool-1-worker-51] INFO  com.intuit.karate - [print] testing xlinkurl:
13:26:36.122 [ForkJoinPool-1-worker-51] ERROR com.intuit.karate - org.apache.http.client.ClientProtocolException, http call failed after 0 milliseconds for URL: 
13:26:36.122 [ForkJoinPool-1-worker-51] ERROR com.intuit.karate - http request failed: 
org.apache.http.client.ClientProtocolException
13:26:36.122 [ForkJoinPool-1-worker-51] ERROR com.intuit.karate - feature call (loop) failed at index: 9
caller: classpath:InspireTest/def/checkxlinkurl.template.feature
arg: {"link":""}
checkxlinkurl.template.feature:21 - 
org.apache.http.client.ClientProtocolException
13:26:36.126 [ForkJoinPool-1-worker-51] INFO  com.intuit.karate - [print] testing xlinkurl:
13:26:36.127 [ForkJoinPool-1-worker-51] ERROR com.intuit.karate - org.apache.http.client.ClientProtocolException, http call failed after 0 milliseconds for URL: 
13:26:36.127 [ForkJoinPool-1-worker-51] ERROR com.intuit.karate - http request failed: 
org.apache.http.client.ClientProtocolException
13:26:36.128 [ForkJoinPool-1-worker-51] ERROR com.intuit.karate - feature call (loop) failed at index: 10
caller: classpath:InspireTest/def/checkxlinkurl.template.feature
arg: {"link":""}
checkxlinkurl.template.feature:21 - 
org.apache.http.client.ClientProtocolException
13:26:36.132 [ForkJoinPool-1-worker-51] INFO  com.intuit.karate - [print] testing xlinkurl:
13:26:36.134 [ForkJoinPool-1-worker-51] ERROR com.intuit.karate - org.apache.http.client.ClientProtocolException, http call failed after 0 milliseconds for URL: 
13:26:36.134 [ForkJoinPool-1-worker-51] ERROR com.intuit.karate - http request failed: 
org.apache.http.client.ClientProtocolException
13:26:36.135 [ForkJoinPool-1-worker-51] ERROR com.intuit.karate - feature call (loop) failed at index: 11
caller: classpath:InspireTest/def/checkxlinkurl.template.feature
arg: {"link":""}
checkxlinkurl.template.feature:21 - 
org.apache.http.client.ClientProtocolException
13:26:36.136 [ForkJoinPool-1-worker-51] INFO  com.intuit.karate - [print] testing xlinkurl:
13:26:36.137 [ForkJoinPool-1-worker-51] ERROR com.intuit.karate - org.apache.http.client.ClientProtocolException, http call failed after 0 milliseconds for URL: 
13:26:36.153 [ForkJoinPool-1-worker-51] ERROR com.intuit.karate - http request failed: 
org.apache.http.client.ClientProtocolException
13:26:36.153 [ForkJoinPool-1-worker-51] ERROR com.intuit.karate - feature call (loop) failed at index: 12
caller: classpath:InspireTest/def/checkxlinkurl.template.feature
arg: {"link":""}
checkxlinkurl.template.feature:21 - 
org.apache.http.client.ClientProtocolException
13:26:36.155 [ForkJoinPool-1-worker-51] INFO  com.intuit.karate - [print] testing xlinkurl:
13:26:36.156 [ForkJoinPool-1-worker-51] ERROR com.intuit.karate - org.apache.http.client.ClientProtocolException, http call failed after 0 milliseconds for URL: 
13:26:36.158 [ForkJoinPool-1-worker-51] ERROR com.intuit.karate - http request failed: 
org.apache.http.client.ClientProtocolException
13:26:36.158 [ForkJoinPool-1-worker-51] ERROR com.intuit.karate - feature call (loop) failed at index: 13
caller: classpath:InspireTest/def/checkxlinkurl.template.feature
arg: {"link":""}
checkxlinkurl.template.feature:21 - 
org.apache.http.client.ClientProtocolException
13:26:36.159 [ForkJoinPool-1-worker-51] INFO  com.intuit.karate - [print] testing xlinkurl:
13:26:36.160 [ForkJoinPool-1-worker-51] ERROR com.intuit.karate - org.apache.http.client.ClientProtocolException, http call failed after 0 milliseconds for URL: 
13:26:36.161 [ForkJoinPool-1-worker-51] ERROR com.intuit.karate - http request failed: 
org.apache.http.client.ClientProtocolException
13:26:36.161 [ForkJoinPool-1-worker-51] ERROR com.intuit.karate - feature call (loop) failed at index: 14
caller: classpath:InspireTest/def/checkxlinkurl.template.feature
arg: {"link":""}
checkxlinkurl.template.feature:21 - 
org.apache.http.client.ClientProtocolException
13:26:36.165 [ForkJoinPool-1-worker-51] INFO  com.intuit.karate - [print] testing xlinkurl:
13:26:36.166 [ForkJoinPool-1-worker-51] ERROR com.intuit.karate - org.apache.http.client.ClientProtocolException, http call failed after 0 milliseconds for URL: 
13:26:36.166 [ForkJoinPool-1-worker-51] ERROR com.intuit.karate - http request failed: 
org.apache.http.client.ClientProtocolException
13:26:36.167 [ForkJoinPool-1-worker-51] ERROR com.intuit.karate - feature call (loop) failed at index: 15
caller: classpath:InspireTest/def/checkxlinkurl.template.feature
arg: {"link":""}
checkxlinkurl.template.feature:21 - 
org.apache.http.client.ClientProtocolException
13:26:36.168 [ForkJoinPool-1-worker-51] INFO  com.intuit.karate - [print] testing xlinkurl:
13:26:36.170 [ForkJoinPool-1-worker-51] ERROR com.intuit.karate - org.apache.http.client.ClientProtocolException, http call failed after 0 milliseconds for URL: 
13:26:36.171 [ForkJoinPool-1-worker-51] ERROR com.intuit.karate - http request failed: 
org.apache.http.client.ClientProtocolException
13:26:36.171 [ForkJoinPool-1-worker-51] ERROR com.intuit.karate - feature call (loop) failed at index: 16
caller: classpath:InspireTest/def/checkxlinkurl.template.feature
arg: {"link":""}
checkxlinkurl.template.feature:21 - 
org.apache.http.client.ClientProtocolException
13:26:36.173 [ForkJoinPool-1-worker-51] INFO  com.intuit.karate - [print] testing xlinkurl:
13:26:36.174 [ForkJoinPool-1-worker-51] ERROR com.intuit.karate - org.apache.http.client.ClientProtocolException, http call failed after 0 milliseconds for URL: 
13:26:36.175 [ForkJoinPool-1-worker-51] ERROR com.intuit.karate - http request failed: 
org.apache.http.client.ClientProtocolException
13:26:36.176 [ForkJoinPool-1-worker-51] ERROR com.intuit.karate - feature call (loop) failed at index: 17
caller: classpath:InspireTest/def/checkxlinkurl.template.feature
arg: {"link":""}
checkxlinkurl.template.feature:21 - 
org.apache.http.client.ClientProtocolException
13:26:36.183 [ForkJoinPool-1-worker-51] INFO  com.intuit.karate - [print] testing xlinkurl:
13:26:36.184 [ForkJoinPool-1-worker-51] ERROR com.intuit.karate - org.apache.http.client.ClientProtocolException, http call failed after 0 milliseconds for URL: 
13:26:36.184 [ForkJoinPool-1-worker-51] ERROR com.intuit.karate - http request failed: 
org.apache.http.client.ClientProtocolException
13:26:36.184 [ForkJoinPool-1-worker-51] ERROR com.intuit.karate - feature call (loop) failed at index: 18
caller: classpath:InspireTest/def/checkxlinkurl.template.feature
arg: {"link":""}
checkxlinkurl.template.feature:21 - 
org.apache.http.client.ClientProtocolException
13:26:36.188 [ForkJoinPool-1-worker-51] INFO  com.intuit.karate - [print] testing xlinkurl:
13:26:36.189 [ForkJoinPool-1-worker-51] ERROR com.intuit.karate - org.apache.http.client.ClientProtocolException, http call failed after 0 milliseconds for URL: 
13:26:36.189 [ForkJoinPool-1-worker-51] ERROR com.intuit.karate - http request failed: 
org.apache.http.client.ClientProtocolException
13:26:36.190 [ForkJoinPool-1-worker-51] ERROR com.intuit.karate - feature call (loop) failed at index: 19
caller: classpath:InspireTest/def/checkxlinkurl.template.feature
arg: {"link":""}
checkxlinkurl.template.feature:21 - 
org.apache.http.client.ClientProtocolException
13:26:36.191 [ForkJoinPool-1-worker-51] INFO  com.intuit.karate - [print] testing xlinkurl:
13:26:36.192 [ForkJoinPool-1-worker-51] ERROR com.intuit.karate - org.apache.http.client.ClientProtocolException, http call failed after 0 milliseconds for URL: 
13:26:36.192 [ForkJoinPool-1-worker-51] ERROR com.intuit.karate - http request failed: 
org.apache.http.client.ClientProtocolException
13:26:36.192 [ForkJoinPool-1-worker-51] ERROR com.intuit.karate - feature call (loop) failed at index: 20
caller: classpath:InspireTest/def/checkxlinkurl.template.feature
arg: {"link":""}
checkxlinkurl.template.feature:21 - 
org.apache.http.client.ClientProtocolException
13:26:36.201 [ForkJoinPool-1-worker-51] INFO  com.intuit.karate - [print] testing xlinkurl:
13:26:36.203 [ForkJoinPool-1-worker-51] ERROR com.intuit.karate - org.apache.http.client.ClientProtocolException, http call failed after 0 milliseconds for URL: 
13:26:36.203 [ForkJoinPool-1-worker-51] ERROR com.intuit.karate - http request failed: 
org.apache.http.client.ClientProtocolException
13:26:36.204 [ForkJoinPool-1-worker-51] ERROR com.intuit.karate - feature call (loop) failed at index: 21
caller: classpath:InspireTest/def/checkxlinkurl.template.feature
arg: {"link":""}
checkxlinkurl.template.feature:21 - 
org.apache.http.client.ClientProtocolException
13:26:36.207 [ForkJoinPool-1-worker-51] INFO  com.intuit.karate - [print] testing xlinkurl:
13:26:36.208 [ForkJoinPool-1-worker-51] ERROR com.intuit.karate - org.apache.http.client.ClientProtocolException, http call failed after 0 milliseconds for URL: 
13:26:36.209 [ForkJoinPool-1-worker-51] ERROR com.intuit.karate - http request failed: 
org.apache.http.client.ClientProtocolException
13:26:36.209 [ForkJoinPool-1-worker-51] ERROR com.intuit.karate - feature call (loop) failed at index: 22
caller: classpath:InspireTest/def/checkxlinkurl.template.feature
arg: {"link":""}
checkxlinkurl.template.feature:21 - 
org.apache.http.client.ClientProtocolException
13:26:36.210 [ForkJoinPool-1-worker-51] INFO  com.intuit.karate - [print] testing xlinkurl:
13:26:36.212 [ForkJoinPool-1-worker-51] ERROR com.intuit.karate - org.apache.http.client.ClientProtocolException, http call failed after 0 milliseconds for URL: 
13:26:36.212 [ForkJoinPool-1-worker-51] ERROR com.intuit.karate - http request failed: 
org.apache.http.client.ClientProtocolException
13:26:36.212 [ForkJoinPool-1-worker-51] ERROR com.intuit.karate - feature call (loop) failed at index: 23
caller: classpath:InspireTest/def/checkxlinkurl.template.feature
arg: {"link":""}
checkxlinkurl.template.feature:21 - 
org.apache.http.client.ClientProtocolException
13:26:36.214 [ForkJoinPool-1-worker-51] INFO  com.intuit.karate - [print] testing xlinkurl:
13:26:36.215 [ForkJoinPool-1-worker-51] ERROR com.intuit.karate - org.apache.http.client.ClientProtocolException, http call failed after 0 milliseconds for URL: 
13:26:36.215 [ForkJoinPool-1-worker-51] ERROR com.intuit.karate - http request failed: 
org.apache.http.client.ClientProtocolException
13:26:36.215 [ForkJoinPool-1-worker-51] ERROR com.intuit.karate - feature call (loop) failed at index: 24
caller: classpath:InspireTest/def/checkxlinkurl.template.feature
arg: {"link":""}
checkxlinkurl.template.feature:21 - 
org.apache.http.client.ClientProtocolException
13:26:36.216 [ForkJoinPool-1-worker-51] INFO  com.intuit.karate - [print] testing xlinkurl:
13:26:36.217 [ForkJoinPool-1-worker-51] ERROR com.intuit.karate - org.apache.http.client.ClientProtocolException, http call failed after 0 milliseconds for URL: 
13:26:36.217 [ForkJoinPool-1-worker-51] ERROR com.intuit.karate - http request failed: 
org.apache.http.client.ClientProtocolException
13:26:36.217 [ForkJoinPool-1-worker-51] ERROR com.intuit.karate - feature call (loop) failed at index: 25
caller: classpath:InspireTest/def/checkxlinkurl.template.feature
arg: {"link":""}
checkxlinkurl.template.feature:21 - 
org.apache.http.client.ClientProtocolException
13:26:36.218 [ForkJoinPool-1-worker-51] INFO  com.intuit.karate - [print] testing xlinkurl:
13:26:36.219 [ForkJoinPool-1-worker-51] ERROR com.intuit.karate - org.apache.http.client.ClientProtocolException, http call failed after 0 milliseconds for URL: 
13:26:36.219 [ForkJoinPool-1-worker-51] ERROR com.intuit.karate - http request failed: 
org.apache.http.client.ClientProtocolException
13:26:36.219 [ForkJoinPool-1-worker-51] ERROR com.intuit.karate - feature call (loop) failed at index: 26
caller: classpath:InspireTest/def/checkxlinkurl.template.feature
arg: {"link":""}
checkxlinkurl.template.feature:21 - 
org.apache.http.client.ClientProtocolException
13:26:36.223 [ForkJoinPool-1-worker-51] INFO  com.intuit.karate - [print] testing xlinkurl:
13:26:36.224 [ForkJoinPool-1-worker-51] ERROR com.intuit.karate - org.apache.http.client.ClientProtocolException, http call failed after 0 milliseconds for URL: 
13:26:36.224 [ForkJoinPool-1-worker-51] ERROR com.intuit.karate - http request failed: 
org.apache.http.client.ClientProtocolException
13:26:36.225 [ForkJoinPool-1-worker-51] ERROR com.intuit.karate - feature call (loop) failed at index: 27
caller: classpath:InspireTest/def/checkxlinkurl.template.feature
arg: {"link":""}
checkxlinkurl.template.feature:21 - 
org.apache.http.client.ClientProtocolException
13:26:36.232 [ForkJoinPool-1-worker-51] INFO  com.intuit.karate - [print] testing xlinkurl:
13:26:36.232 [ForkJoinPool-1-worker-51] ERROR com.intuit.karate - org.apache.http.client.ClientProtocolException, http call failed after 0 milliseconds for URL: 
13:26:36.234 [ForkJoinPool-1-worker-51] ERROR com.intuit.karate - http request failed: 
org.apache.http.client.ClientProtocolException
13:26:36.234 [ForkJoinPool-1-worker-51] ERROR com.intuit.karate - feature call (loop) failed at index: 28
caller: classpath:InspireTest/def/checkxlinkurl.template.feature
arg: {"link":""}
checkxlinkurl.template.feature:21 - 
org.apache.http.client.ClientProtocolException
13:26:36.235 [ForkJoinPool-1-worker-51] INFO  com.intuit.karate - [print] testing xlinkurl:
13:26:36.237 [ForkJoinPool-1-worker-51] ERROR com.intuit.karate - org.apache.http.client.ClientProtocolException, http call failed after 0 milliseconds for URL: 
13:26:36.237 [ForkJoinPool-1-worker-51] ERROR com.intuit.karate - http request failed: 
org.apache.http.client.ClientProtocolException
13:26:36.238 [ForkJoinPool-1-worker-51] ERROR com.intuit.karate - feature call (loop) failed at index: 29
caller: classpath:InspireTest/def/checkxlinkurl.template.feature
arg: {"link":""}
checkxlinkurl.template.feature:21 - 
org.apache.http.client.ClientProtocolException
13:26:36.238 [ForkJoinPool-1-worker-51] INFO  com.intuit.karate - [print] testing xlinkurl:
13:26:36.239 [ForkJoinPool-1-worker-51] ERROR com.intuit.karate - org.apache.http.client.ClientProtocolException, http call failed after 0 milliseconds for URL: 
13:26:36.240 [ForkJoinPool-1-worker-51] ERROR com.intuit.karate - http request failed: 
org.apache.http.client.ClientProtocolException
13:26:36.240 [ForkJoinPool-1-worker-51] ERROR com.intuit.karate - feature call (loop) failed at index: 30
caller: classpath:InspireTest/def/checkxlinkurl.template.feature
arg: {"link":""}
checkxlinkurl.template.feature:21 - 
org.apache.http.client.ClientProtocolException
13:26:36.241 [ForkJoinPool-1-worker-51] INFO  com.intuit.karate - [print] testing xlinkurl:
13:26:36.243 [ForkJoinPool-1-worker-51] ERROR com.intuit.karate - org.apache.http.client.ClientProtocolException, http call failed after 0 milliseconds for URL: 
13:26:36.243 [ForkJoinPool-1-worker-51] ERROR com.intuit.karate - http request failed: 
org.apache.http.client.ClientProtocolException
13:26:36.243 [ForkJoinPool-1-worker-51] ERROR com.intuit.karate - feature call (loop) failed at index: 31
caller: classpath:InspireTest/def/checkxlinkurl.template.feature
arg: {"link":""}
checkxlinkurl.template.feature:21 - 
org.apache.http.client.ClientProtocolException
13:26:36.245 [ForkJoinPool-1-worker-51] INFO  com.intuit.karate - [print] testing xlinkurl:
13:26:36.246 [ForkJoinPool-1-worker-51] ERROR com.intuit.karate - org.apache.http.client.ClientProtocolException, http call failed after 0 milliseconds for URL: 
13:26:36.246 [ForkJoinPool-1-worker-51] ERROR com.intuit.karate - http request failed: 
org.apache.http.client.ClientProtocolException
13:26:36.246 [ForkJoinPool-1-worker-51] ERROR com.intuit.karate - feature call (loop) failed at index: 32
caller: classpath:InspireTest/def/checkxlinkurl.template.feature
arg: {"link":""}
checkxlinkurl.template.feature:21 - 
org.apache.http.client.ClientProtocolException
13:26:36.247 [ForkJoinPool-1-worker-51] INFO  com.intuit.karate - [print] testing xlinkurl:
13:26:36.248 [ForkJoinPool-1-worker-51] ERROR com.intuit.karate - org.apache.http.client.ClientProtocolException, http call failed after 0 milliseconds for URL: 
13:26:36.256 [ForkJoinPool-1-worker-51] ERROR com.intuit.karate - http request failed: 
org.apache.http.client.ClientProtocolException
13:26:36.257 [ForkJoinPool-1-worker-51] ERROR com.intuit.karate - feature call (loop) failed at index: 33
caller: classpath:InspireTest/def/checkxlinkurl.template.feature
arg: {"link":""}
checkxlinkurl.template.feature:21 - 
org.apache.http.client.ClientProtocolException
13:26:36.260 [ForkJoinPool-1-worker-51] INFO  com.intuit.karate - [print] testing xlinkurl:
13:26:36.263 [ForkJoinPool-1-worker-51] ERROR com.intuit.karate - org.apache.http.client.ClientProtocolException, http call failed after 0 milliseconds for URL: 
13:26:36.264 [ForkJoinPool-1-worker-51] ERROR com.intuit.karate - http request failed: 
org.apache.http.client.ClientProtocolException
13:26:36.264 [ForkJoinPool-1-worker-51] ERROR com.intuit.karate - feature call (loop) failed at index: 34
caller: classpath:InspireTest/def/checkxlinkurl.template.feature
arg: {"link":""}
checkxlinkurl.template.feature:21 - 
org.apache.http.client.ClientProtocolException
13:26:36.265 [ForkJoinPool-1-worker-51] INFO  com.intuit.karate - [print] testing xlinkurl:
13:26:36.269 [ForkJoinPool-1-worker-51] ERROR com.intuit.karate - org.apache.http.client.ClientProtocolException, http call failed after 0 milliseconds for URL: 
13:26:36.270 [ForkJoinPool-1-worker-51] ERROR com.intuit.karate - http request failed: 
org.apache.http.client.ClientProtocolException
13:26:36.271 [ForkJoinPool-1-worker-51] ERROR com.intuit.karate - feature call (loop) failed at index: 35
caller: classpath:InspireTest/def/checkxlinkurl.template.feature
arg: {"link":""}
checkxlinkurl.template.feature:21 - 
org.apache.http.client.ClientProtocolException
13:26:36.272 [ForkJoinPool-1-worker-51] INFO  com.intuit.karate - [print] testing xlinkurl:
13:26:36.272 [ForkJoinPool-1-worker-51] ERROR com.intuit.karate - org.apache.http.client.ClientProtocolException, http call failed after 0 milliseconds for URL: 
13:26:36.272 [ForkJoinPool-1-worker-51] ERROR com.intuit.karate - http request failed: 
org.apache.http.client.ClientProtocolException
13:26:36.273 [ForkJoinPool-1-worker-51] ERROR com.intuit.karate - feature call (loop) failed at index: 36
caller: classpath:InspireTest/def/checkxlinkurl.template.feature
arg: {"link":""}
checkxlinkurl.template.feature:21 - 
org.apache.http.client.ClientProtocolException
13:26:36.274 [ForkJoinPool-1-worker-51] INFO  com.intuit.karate - [print] testing xlinkurl:
13:26:36.279 [ForkJoinPool-1-worker-51] ERROR com.intuit.karate - org.apache.http.client.ClientProtocolException, http call failed after 0 milliseconds for URL: 
13:26:36.279 [ForkJoinPool-1-worker-51] ERROR com.intuit.karate - http request failed: 
org.apache.http.client.ClientProtocolException
13:26:36.279 [ForkJoinPool-1-worker-51] ERROR com.intuit.karate - feature call (loop) failed at index: 37
caller: classpath:InspireTest/def/checkxlinkurl.template.feature
arg: {"link":""}
checkxlinkurl.template.feature:21 - 
org.apache.http.client.ClientProtocolException
13:26:36.283 [ForkJoinPool-1-worker-51] INFO  com.intuit.karate - [print] testing xlinkurl:
13:26:36.284 [ForkJoinPool-1-worker-51] ERROR com.intuit.karate - org.apache.http.client.ClientProtocolException, http call failed after 0 milliseconds for URL: 
13:26:36.284 [ForkJoinPool-1-worker-51] ERROR com.intuit.karate - http request failed: 
org.apache.http.client.ClientProtocolException
13:26:36.284 [ForkJoinPool-1-worker-51] ERROR com.intuit.karate - feature call (loop) failed at index: 38
caller: classpath:InspireTest/def/checkxlinkurl.template.feature
arg: {"link":""}
checkxlinkurl.template.feature:21 - 
org.apache.http.client.ClientProtocolException
13:26:36.285 [ForkJoinPool-1-worker-51] INFO  com.intuit.karate - [print] testing xlinkurl:
13:26:36.287 [ForkJoinPool-1-worker-51] ERROR com.intuit.karate - org.apache.http.client.ClientProtocolException, http call failed after 0 milliseconds for URL: 
13:26:36.287 [ForkJoinPool-1-worker-51] ERROR com.intuit.karate - http request failed: 
org.apache.http.client.ClientProtocolException
13:26:36.288 [ForkJoinPool-1-worker-51] ERROR com.intuit.karate - feature call (loop) failed at index: 39
caller: classpath:InspireTest/def/checkxlinkurl.template.feature
arg: {"link":""}
checkxlinkurl.template.feature:21 - 
org.apache.http.client.ClientProtocolException
13:26:36.290 [ForkJoinPool-1-worker-51] INFO  com.intuit.karate - [print] testing xlinkurl:
13:26:36.291 [ForkJoinPool-1-worker-51] ERROR com.intuit.karate - org.apache.http.client.ClientProtocolException, http call failed after 0 milliseconds for URL: 
13:26:36.291 [ForkJoinPool-1-worker-51] ERROR com.intuit.karate - http request failed: 
org.apache.http.client.ClientProtocolException
13:26:36.292 [ForkJoinPool-1-worker-51] ERROR com.intuit.karate - feature call (loop) failed at index: 40
caller: classpath:InspireTest/def/checkxlinkurl.template.feature
arg: {"link":""}
checkxlinkurl.template.feature:21 - 
org.apache.http.client.ClientProtocolException
13:26:36.293 [ForkJoinPool-1-worker-51] INFO  com.intuit.karate - [print] testing xlinkurl:
13:26:36.293 [ForkJoinPool-1-worker-51] ERROR com.intuit.karate - org.apache.http.client.ClientProtocolException, http call failed after 0 milliseconds for URL: 
13:26:36.293 [ForkJoinPool-1-worker-51] ERROR com.intuit.karate - http request failed: 
org.apache.http.client.ClientProtocolException
13:26:36.294 [ForkJoinPool-1-worker-51] ERROR com.intuit.karate - feature call (loop) failed at index: 41
caller: classpath:InspireTest/def/checkxlinkurl.template.feature
arg: {"link":""}
checkxlinkurl.template.feature:21 - 
org.apache.http.client.ClientProtocolException
13:26:36.295 [ForkJoinPool-1-worker-51] INFO  com.intuit.karate - [print] testing xlinkurl:
13:26:36.296 [ForkJoinPool-1-worker-51] ERROR com.intuit.karate - org.apache.http.client.ClientProtocolException, http call failed after 0 milliseconds for URL: 
13:26:36.296 [ForkJoinPool-1-worker-51] ERROR com.intuit.karate - http request failed: 
org.apache.http.client.ClientProtocolException
13:26:36.296 [ForkJoinPool-1-worker-51] ERROR com.intuit.karate - feature call (loop) failed at index: 42
caller: classpath:InspireTest/def/checkxlinkurl.template.feature
arg: {"link":""}
checkxlinkurl.template.feature:21 - 
org.apache.http.client.ClientProtocolException
13:26:36.297 [ForkJoinPool-1-worker-51] INFO  com.intuit.karate - [print] testing xlinkurl:
13:26:36.298 [ForkJoinPool-1-worker-51] ERROR com.intuit.karate - org.apache.http.client.ClientProtocolException, http call failed after 0 milliseconds for URL: 
13:26:36.298 [ForkJoinPool-1-worker-51] ERROR com.intuit.karate - http request failed: 
org.apache.http.client.ClientProtocolException
13:26:36.299 [ForkJoinPool-1-worker-51] ERROR com.intuit.karate - feature call (loop) failed at index: 43
caller: classpath:InspireTest/def/checkxlinkurl.template.feature
arg: {"link":""}
checkxlinkurl.template.feature:21 - 
org.apache.http.client.ClientProtocolException
13:26:36.299 [ForkJoinPool-1-worker-51] INFO  com.intuit.karate - [print] testing xlinkurl:
13:26:36.305 [ForkJoinPool-1-worker-51] ERROR com.intuit.karate - org.apache.http.client.ClientProtocolException, http call failed after 0 milliseconds for URL: 
13:26:36.305 [ForkJoinPool-1-worker-51] ERROR com.intuit.karate - http request failed: 
org.apache.http.client.ClientProtocolException
13:26:36.305 [ForkJoinPool-1-worker-51] ERROR com.intuit.karate - feature call (loop) failed at index: 44
caller: classpath:InspireTest/def/checkxlinkurl.template.feature
arg: {"link":""}
checkxlinkurl.template.feature:21 - 
org.apache.http.client.ClientProtocolException
13:26:36.306 [ForkJoinPool-1-worker-51] INFO  com.intuit.karate - [print] testing xlinkurl:
13:26:36.307 [ForkJoinPool-1-worker-51] ERROR com.intuit.karate - org.apache.http.client.ClientProtocolException, http call failed after 0 milliseconds for URL: 
13:26:36.307 [ForkJoinPool-1-worker-51] ERROR com.intuit.karate - http request failed: 
org.apache.http.client.ClientProtocolException
13:26:36.307 [ForkJoinPool-1-worker-51] ERROR com.intuit.karate - feature call (loop) failed at index: 45
caller: classpath:InspireTest/def/checkxlinkurl.template.feature
arg: {"link":""}
checkxlinkurl.template.feature:21 - 
org.apache.http.client.ClientProtocolException
13:26:36.308 [ForkJoinPool-1-worker-51] INFO  com.intuit.karate - [print] testing xlinkurl:
13:26:36.309 [ForkJoinPool-1-worker-51] ERROR com.intuit.karate - org.apache.http.client.ClientProtocolException, http call failed after 0 milliseconds for URL: 
13:26:36.311 [ForkJoinPool-1-worker-51] ERROR com.intuit.karate - http request failed: 
org.apache.http.client.ClientProtocolException
13:26:36.311 [ForkJoinPool-1-worker-51] ERROR com.intuit.karate - feature call (loop) failed at index: 46
caller: classpath:InspireTest/def/checkxlinkurl.template.feature
arg: {"link":""}
checkxlinkurl.template.feature:21 - 
org.apache.http.client.ClientProtocolException
13:26:36.313 [ForkJoinPool-1-worker-51] INFO  com.intuit.karate - [print] testing xlinkurl:
13:26:36.319 [ForkJoinPool-1-worker-51] ERROR com.intuit.karate - org.apache.http.client.ClientProtocolException, http call failed after 0 milliseconds for URL: 
13:26:36.319 [ForkJoinPool-1-worker-51] ERROR com.intuit.karate - http request failed: 
org.apache.http.client.ClientProtocolException
13:26:36.319 [ForkJoinPool-1-worker-51] ERROR com.intuit.karate - feature call (loop) failed at index: 47
caller: classpath:InspireTest/def/checkxlinkurl.template.feature
arg: {"link":""}
checkxlinkurl.template.feature:21 - 
org.apache.http.client.ClientProtocolException
13:26:36.320 [ForkJoinPool-1-worker-51] INFO  com.intuit.karate - [print] testing xlinkurl:
13:26:36.321 [ForkJoinPool-1-worker-51] ERROR com.intuit.karate - org.apache.http.client.ClientProtocolException, http call failed after 0 milliseconds for URL: 
13:26:36.324 [ForkJoinPool-1-worker-51] ERROR com.intuit.karate - http request failed: 
org.apache.http.client.ClientProtocolException
13:26:36.324 [ForkJoinPool-1-worker-51] ERROR com.intuit.karate - feature call (loop) failed at index: 48
caller: classpath:InspireTest/def/checkxlinkurl.template.feature
arg: {"link":""}
checkxlinkurl.template.feature:21 - 
org.apache.http.client.ClientProtocolException
13:26:36.325 [ForkJoinPool-1-worker-51] INFO  com.intuit.karate - [print] testing xlinkurl:
13:26:36.326 [ForkJoinPool-1-worker-51] ERROR com.intuit.karate - org.apache.http.client.ClientProtocolException, http call failed after 0 milliseconds for URL: 
13:26:36.332 [ForkJoinPool-1-worker-51] ERROR com.intuit.karate - http request failed: 
org.apache.http.client.ClientProtocolException
13:26:36.333 [ForkJoinPool-1-worker-51] ERROR com.intuit.karate - feature call (loop) failed at index: 49
caller: classpath:InspireTest/def/checkxlinkurl.template.feature
arg: {"link":""}
checkxlinkurl.template.feature:21 - 
org.apache.http.client.ClientProtocolException
13:26:36.336 [ForkJoinPool-1-worker-51] INFO  com.intuit.karate - [print] testing xlinkurl:
13:26:36.336 [ForkJoinPool-1-worker-51] ERROR com.intuit.karate - org.apache.http.client.ClientProtocolException, http call failed after 0 milliseconds for URL: 
13:26:36.337 [ForkJoinPool-1-worker-51] ERROR com.intuit.karate - http request failed: 
org.apache.http.client.ClientProtocolException
13:26:36.340 [ForkJoinPool-1-worker-51] ERROR com.intuit.karate - feature call (loop) failed at index: 50
caller: classpath:InspireTest/def/checkxlinkurl.template.feature
arg: {"link":""}
checkxlinkurl.template.feature:21 - 
org.apache.http.client.ClientProtocolException
13:26:36.343 [ForkJoinPool-1-worker-51] INFO  com.intuit.karate - [print] testing xlinkurl:
13:26:36.345 [ForkJoinPool-1-worker-51] ERROR com.intuit.karate - org.apache.http.client.ClientProtocolException, http call failed after 0 milliseconds for URL: 
13:26:36.345 [ForkJoinPool-1-worker-51] ERROR com.intuit.karate - http request failed: 
org.apache.http.client.ClientProtocolException
13:26:36.345 [ForkJoinPool-1-worker-51] ERROR com.intuit.karate - feature call (loop) failed at index: 51
caller: classpath:InspireTest/def/checkxlinkurl.template.feature
arg: {"link":""}
checkxlinkurl.template.feature:21 - 
org.apache.http.client.ClientProtocolException
13:26:36.346 [ForkJoinPool-1-worker-51] INFO  com.intuit.karate - [print] testing xlinkurl:
13:26:36.356 [ForkJoinPool-1-worker-51] ERROR com.intuit.karate - org.apache.http.client.ClientProtocolException, http call failed after 0 milliseconds for URL: 
13:26:36.356 [ForkJoinPool-1-worker-51] ERROR com.intuit.karate - http request failed: 
org.apache.http.client.ClientProtocolException
13:26:36.356 [ForkJoinPool-1-worker-51] ERROR com.intuit.karate - feature call (loop) failed at index: 52
caller: classpath:InspireTest/def/checkxlinkurl.template.feature
arg: {"link":""}
checkxlinkurl.template.feature:21 - 
org.apache.http.client.ClientProtocolException
13:26:36.362 [ForkJoinPool-1-worker-51] INFO  com.intuit.karate - [print] testing xlinkurl:
13:26:36.364 [ForkJoinPool-1-worker-51] ERROR com.intuit.karate - org.apache.http.client.ClientProtocolException, http call failed after 0 milliseconds for URL: 
13:26:36.364 [ForkJoinPool-1-worker-51] ERROR com.intuit.karate - http request failed: 
org.apache.http.client.ClientProtocolException
13:26:36.365 [ForkJoinPool-1-worker-51] ERROR com.intuit.karate - feature call (loop) failed at index: 53
caller: classpath:InspireTest/def/checkxlinkurl.template.feature
arg: {"link":""}
checkxlinkurl.template.feature:21 - 
org.apache.http.client.ClientProtocolException
13:26:36.384 [ForkJoinPool-1-worker-51] INFO  com.intuit.karate - [print] testing xlinkurl:
13:26:36.385 [ForkJoinPool-1-worker-51] ERROR com.intuit.karate - org.apache.http.client.ClientProtocolException, http call failed after 0 milliseconds for URL: 
13:26:36.385 [ForkJoinPool-1-worker-51] ERROR com.intuit.karate - http request failed: 
org.apache.http.client.ClientProtocolException
13:26:36.385 [ForkJoinPool-1-worker-51] ERROR com.intuit.karate - feature call (loop) failed at index: 54
caller: classpath:InspireTest/def/checkxlinkurl.template.feature
arg: {"link":""}
checkxlinkurl.template.feature:21 - 
org.apache.http.client.ClientProtocolException
13:26:36.386 [ForkJoinPool-1-worker-51] INFO  com.intuit.karate - [print] testing xlinkurl:
13:26:36.386 [ForkJoinPool-1-worker-51] ERROR com.intuit.karate - org.apache.http.client.ClientProtocolException, http call failed after 0 milliseconds for URL: 
13:26:36.387 [ForkJoinPool-1-worker-51] ERROR com.intuit.karate - http request failed: 
org.apache.http.client.ClientProtocolException
13:26:36.387 [ForkJoinPool-1-worker-51] ERROR com.intuit.karate - feature call (loop) failed at index: 55
caller: classpath:InspireTest/def/checkxlinkurl.template.feature
arg: {"link":""}
checkxlinkurl.template.feature:21 - 
org.apache.http.client.ClientProtocolException
13:26:36.387 [ForkJoinPool-1-worker-51] INFO  com.intuit.karate - [print] testing xlinkurl:
13:26:36.396 [ForkJoinPool-1-worker-51] ERROR com.intuit.karate - org.apache.http.client.ClientProtocolException, http call failed after 0 milliseconds for URL: 
13:26:36.396 [ForkJoinPool-1-worker-51] ERROR com.intuit.karate - http request failed: 
org.apache.http.client.ClientProtocolException
13:26:36.396 [ForkJoinPool-1-worker-51] ERROR com.intuit.karate - feature call (loop) failed at index: 56
caller: classpath:InspireTest/def/checkxlinkurl.template.feature
arg: {"link":""}
checkxlinkurl.template.feature:21 - 
org.apache.http.client.ClientProtocolException
13:26:36.397 [ForkJoinPool-1-worker-51] INFO  com.intuit.karate - [print] testing xlinkurl:
13:26:36.398 [ForkJoinPool-1-worker-51] ERROR com.intuit.karate - org.apache.http.client.ClientProtocolException, http call failed after 0 milliseconds for URL: 
13:26:36.398 [ForkJoinPool-1-worker-51] ERROR com.intuit.karate - http request failed: 
org.apache.http.client.ClientProtocolException
13:26:36.399 [ForkJoinPool-1-worker-51] ERROR com.intuit.karate - feature call (loop) failed at index: 57
caller: classpath:InspireTest/def/checkxlinkurl.template.feature
arg: {"link":""}
checkxlinkurl.template.feature:21 - 
org.apache.http.client.ClientProtocolException
13:26:36.400 [ForkJoinPool-1-worker-51] INFO  com.intuit.karate - [print] testing xlinkurl:
13:26:36.404 [ForkJoinPool-1-worker-51] ERROR com.intuit.karate - org.apache.http.client.ClientProtocolException, http call failed after 0 milliseconds for URL: 
13:26:36.404 [ForkJoinPool-1-worker-51] ERROR com.intuit.karate - http request failed: 
org.apache.http.client.ClientProtocolException
13:26:36.404 [ForkJoinPool-1-worker-51] ERROR com.intuit.karate - feature call (loop) failed at index: 58
caller: classpath:InspireTest/def/checkxlinkurl.template.feature
arg: {"link":""}
checkxlinkurl.template.feature:21 - 
org.apache.http.client.ClientProtocolException
13:26:36.405 [ForkJoinPool-1-worker-51] INFO  com.intuit.karate - [print] testing xlinkurl:
13:26:36.406 [ForkJoinPool-1-worker-51] ERROR com.intuit.karate - org.apache.http.client.ClientProtocolException, http call failed after 0 milliseconds for URL: 
13:26:36.410 [ForkJoinPool-1-worker-51] ERROR com.intuit.karate - http request failed: 
org.apache.http.client.ClientProtocolException
13:26:36.410 [ForkJoinPool-1-worker-51] ERROR com.intuit.karate - feature call (loop) failed at index: 59
caller: classpath:InspireTest/def/checkxlinkurl.template.feature
arg: {"link":""}
checkxlinkurl.template.feature:21 - 
org.apache.http.client.ClientProtocolException
13:26:36.411 [ForkJoinPool-1-worker-51] INFO  com.intuit.karate - [print] testing xlinkurl:
13:26:36.412 [ForkJoinPool-1-worker-51] ERROR com.intuit.karate - org.apache.http.client.ClientProtocolException, http call failed after 0 milliseconds for URL: 
13:26:36.412 [ForkJoinPool-1-worker-51] ERROR com.intuit.karate - http request failed: 
org.apache.http.client.ClientProtocolException
13:26:36.413 [ForkJoinPool-1-worker-51] ERROR com.intuit.karate - feature call (loop) failed at index: 60
caller: classpath:InspireTest/def/checkxlinkurl.template.feature
arg: {"link":""}
checkxlinkurl.template.feature:21 - 
org.apache.http.client.ClientProtocolException
13:26:36.414 [ForkJoinPool-1-worker-51] INFO  com.intuit.karate - [print] testing xlinkurl:
13:26:36.414 [ForkJoinPool-1-worker-51] ERROR com.intuit.karate - org.apache.http.client.ClientProtocolException, http call failed after 0 milliseconds for URL: 
13:26:36.420 [ForkJoinPool-1-worker-51] ERROR com.intuit.karate - http request failed: 
org.apache.http.client.ClientProtocolException
13:26:36.420 [ForkJoinPool-1-worker-51] ERROR com.intuit.karate - feature call (loop) failed at index: 61
caller: classpath:InspireTest/def/checkxlinkurl.template.feature
arg: {"link":""}
checkxlinkurl.template.feature:21 - 
org.apache.http.client.ClientProtocolException
13:26:36.421 [ForkJoinPool-1-worker-51] INFO  com.intuit.karate - [print] testing xlinkurl:
13:26:36.422 [ForkJoinPool-1-worker-51] ERROR com.intuit.karate - org.apache.http.client.ClientProtocolException, http call failed after 0 milliseconds for URL: 
13:26:36.422 [ForkJoinPool-1-worker-51] ERROR com.intuit.karate - http request failed: 
org.apache.http.client.ClientProtocolException
13:26:36.423 [ForkJoinPool-1-worker-51] ERROR com.intuit.karate - feature call (loop) failed at index: 62
caller: classpath:InspireTest/def/checkxlinkurl.template.feature
arg: {"link":""}
checkxlinkurl.template.feature:21 - 
org.apache.http.client.ClientProtocolException
13:26:36.423 [ForkJoinPool-1-worker-51] INFO  com.intuit.karate - [print] testing xlinkurl:
13:26:36.424 [ForkJoinPool-1-worker-51] ERROR com.intuit.karate - org.apache.http.client.ClientProtocolException, http call failed after 0 milliseconds for URL: 
13:26:36.424 [ForkJoinPool-1-worker-51] ERROR com.intuit.karate - http request failed: 
org.apache.http.client.ClientProtocolException
13:26:36.424 [ForkJoinPool-1-worker-51] ERROR com.intuit.karate - feature call (loop) failed at index: 63
caller: classpath:InspireTest/def/checkxlinkurl.template.feature
arg: {"link":""}
checkxlinkurl.template.feature:21 - 
org.apache.http.client.ClientProtocolException
13:26:36.425 [ForkJoinPool-1-worker-51] INFO  com.intuit.karate - [print] testing xlinkurl:
13:26:36.426 [ForkJoinPool-1-worker-51] ERROR com.intuit.karate - org.apache.http.client.ClientProtocolException, http call failed after 0 milliseconds for URL: 
13:26:36.428 [ForkJoinPool-1-worker-51] ERROR com.intuit.karate - http request failed: 
org.apache.http.client.ClientProtocolException
13:26:36.428 [ForkJoinPool-1-worker-51] ERROR com.intuit.karate - feature call (loop) failed at index: 64
caller: classpath:InspireTest/def/checkxlinkurl.template.feature
arg: {"link":""}
checkxlinkurl.template.feature:21 - 
org.apache.http.client.ClientProtocolException
13:26:36.429 [ForkJoinPool-1-worker-51] INFO  com.intuit.karate - [print] testing xlinkurl:
13:26:36.430 [ForkJoinPool-1-worker-51] ERROR com.intuit.karate - org.apache.http.client.ClientProtocolException, http call failed after 0 milliseconds for URL: 
13:26:36.439 [ForkJoinPool-1-worker-51] ERROR com.intuit.karate - http request failed: 
org.apache.http.client.ClientProtocolException
13:26:36.439 [ForkJoinPool-1-worker-51] ERROR com.intuit.karate - feature call (loop) failed at index: 65
caller: classpath:InspireTest/def/checkxlinkurl.template.feature
arg: {"link":""}
checkxlinkurl.template.feature:21 - 
org.apache.http.client.ClientProtocolException
13:26:36.440 [ForkJoinPool-1-worker-51] INFO  com.intuit.karate - [print] testing xlinkurl:
13:26:36.441 [ForkJoinPool-1-worker-51] ERROR com.intuit.karate - org.apache.http.client.ClientProtocolException, http call failed after 0 milliseconds for URL: 
13:26:36.441 [ForkJoinPool-1-worker-51] ERROR com.intuit.karate - http request failed: 
org.apache.http.client.ClientProtocolException
13:26:36.441 [ForkJoinPool-1-worker-51] ERROR com.intuit.karate - feature call (loop) failed at index: 66
caller: classpath:InspireTest/def/checkxlinkurl.template.feature
arg: {"link":""}
checkxlinkurl.template.feature:21 - 
org.apache.http.client.ClientProtocolException
13:26:36.442 [ForkJoinPool-1-worker-51] INFO  com.intuit.karate - [print] testing xlinkurl:
13:26:36.443 [ForkJoinPool-1-worker-51] ERROR com.intuit.karate - org.apache.http.client.ClientProtocolException, http call failed after 0 milliseconds for URL: 
13:26:36.443 [ForkJoinPool-1-worker-51] ERROR com.intuit.karate - http request failed: 
org.apache.http.client.ClientProtocolException
13:26:36.443 [ForkJoinPool-1-worker-51] ERROR com.intuit.karate - feature call (loop) failed at index: 67
caller: classpath:InspireTest/def/checkxlinkurl.template.feature
arg: {"link":""}
checkxlinkurl.template.feature:21 - 
org.apache.http.client.ClientProtocolException
13:26:36.444 [ForkJoinPool-1-worker-51] INFO  com.intuit.karate - [print] testing xlinkurl:
13:26:36.455 [ForkJoinPool-1-worker-51] ERROR com.intuit.karate - org.apache.http.client.ClientProtocolException, http call failed after 0 milliseconds for URL: 
13:26:36.457 [ForkJoinPool-1-worker-51] ERROR com.intuit.karate - http request failed: 
org.apache.http.client.ClientProtocolException
13:26:36.457 [ForkJoinPool-1-worker-51] ERROR com.intuit.karate - feature call (loop) failed at index: 68
caller: classpath:InspireTest/def/checkxlinkurl.template.feature
arg: {"link":""}
checkxlinkurl.template.feature:21 - 
org.apache.http.client.ClientProtocolException
13:26:36.458 [ForkJoinPool-1-worker-51] INFO  com.intuit.karate - [print] testing xlinkurl:
13:26:36.461 [ForkJoinPool-1-worker-51] ERROR com.intuit.karate - org.apache.http.client.ClientProtocolException, http call failed after 0 milliseconds for URL: 
13:26:36.461 [ForkJoinPool-1-worker-51] ERROR com.intuit.karate - http request failed: 
org.apache.http.client.ClientProtocolException
13:26:36.464 [ForkJoinPool-1-worker-51] ERROR com.intuit.karate - feature call (loop) failed at index: 69
caller: classpath:InspireTest/def/checkxlinkurl.template.feature
arg: {"link":""}
checkxlinkurl.template.feature:21 - 
org.apache.http.client.ClientProtocolException
13:26:36.466 [ForkJoinPool-1-worker-51] INFO  com.intuit.karate - [print] testing xlinkurl:
13:26:36.470 [ForkJoinPool-1-worker-51] ERROR com.intuit.karate - org.apache.http.client.ClientProtocolException, http call failed after 0 milliseconds for URL: 
13:26:36.471 [ForkJoinPool-1-worker-51] ERROR com.intuit.karate - http request failed: 
org.apache.http.client.ClientProtocolException
13:26:36.472 [ForkJoinPool-1-worker-51] ERROR com.intuit.karate - feature call (loop) failed at index: 70
caller: classpath:InspireTest/def/checkxlinkurl.template.feature
arg: {"link":""}
checkxlinkurl.template.feature:21 - 
org.apache.http.client.ClientProtocolException
13:26:36.476 [ForkJoinPool-1-worker-51] INFO  com.intuit.karate - [print] testing xlinkurl:
13:26:36.479 [ForkJoinPool-1-worker-51] ERROR com.intuit.karate - org.apache.http.client.ClientProtocolException, http call failed after 0 milliseconds for URL: 
13:26:36.481 [ForkJoinPool-1-worker-51] ERROR com.intuit.karate - http request failed: 
org.apache.http.client.ClientProtocolException
13:26:36.482 [ForkJoinPool-1-worker-51] ERROR com.intuit.karate - feature call (loop) failed at index: 71
caller: classpath:InspireTest/def/checkxlinkurl.template.feature
arg: {"link":""}
checkxlinkurl.template.feature:21 - 
org.apache.http.client.ClientProtocolException
13:26:36.484 [ForkJoinPool-1-worker-51] INFO  com.intuit.karate - [print] testing xlinkurl:
13:26:36.486 [ForkJoinPool-1-worker-51] ERROR com.intuit.karate - org.apache.http.client.ClientProtocolException, http call failed after 0 milliseconds for URL: 
13:26:36.487 [ForkJoinPool-1-worker-51] ERROR com.intuit.karate - http request failed: 
org.apache.http.client.ClientProtocolException
13:26:36.488 [ForkJoinPool-1-worker-51] ERROR com.intuit.karate - feature call (loop) failed at index: 72
caller: classpath:InspireTest/def/checkxlinkurl.template.feature
arg: {"link":""}
checkxlinkurl.template.feature:21 - 
org.apache.http.client.ClientProtocolException
13:26:36.490 [ForkJoinPool-1-worker-51] INFO  com.intuit.karate - [print] testing xlinkurl:
13:26:36.491 [ForkJoinPool-1-worker-51] ERROR com.intuit.karate - org.apache.http.client.ClientProtocolException, http call failed after 0 milliseconds for URL: 
13:26:36.491 [ForkJoinPool-1-worker-51] ERROR com.intuit.karate - http request failed: 
org.apache.http.client.ClientProtocolException
13:26:36.491 [ForkJoinPool-1-worker-51] ERROR com.intuit.karate - feature call (loop) failed at index: 73
caller: classpath:InspireTest/def/checkxlinkurl.template.feature
arg: {"link":""}
checkxlinkurl.template.feature:21 - 
org.apache.http.client.ClientProtocolException
13:26:36.492 [ForkJoinPool-1-worker-51] INFO  com.intuit.karate - [print] testing xlinkurl:
13:26:36.496 [ForkJoinPool-1-worker-51] ERROR com.intuit.karate - org.apache.http.client.ClientProtocolException, http call failed after 0 milliseconds for URL: 
13:26:36.496 [ForkJoinPool-1-worker-51] ERROR com.intuit.karate - http request failed: 
org.apache.http.client.ClientProtocolException
13:26:36.497 [ForkJoinPool-1-worker-51] ERROR com.intuit.karate - feature call (loop) failed at index: 74
caller: classpath:InspireTest/def/checkxlinkurl.template.feature
arg: {"link":""}
checkxlinkurl.template.feature:21 - 
org.apache.http.client.ClientProtocolException
13:26:36.500 [ForkJoinPool-1-worker-51] INFO  com.intuit.karate - [print] testing xlinkurl:
13:26:36.502 [ForkJoinPool-1-worker-51] ERROR com.intuit.karate - org.apache.http.client.ClientProtocolException, http call failed after 0 milliseconds for URL: 
13:26:36.503 [ForkJoinPool-1-worker-51] ERROR com.intuit.karate - http request failed: 
org.apache.http.client.ClientProtocolException
13:26:36.503 [ForkJoinPool-1-worker-51] ERROR com.intuit.karate - feature call (loop) failed at index: 75
caller: classpath:InspireTest/def/checkxlinkurl.template.feature
arg: {"link":""}
checkxlinkurl.template.feature:21 - 
org.apache.http.client.ClientProtocolException
13:26:36.505 [ForkJoinPool-1-worker-51] INFO  com.intuit.karate - [print] testing xlinkurl:
13:26:36.507 [ForkJoinPool-1-worker-51] ERROR com.intuit.karate - org.apache.http.client.ClientProtocolException, http call failed after 0 milliseconds for URL: 
13:26:36.507 [ForkJoinPool-1-worker-51] ERROR com.intuit.karate - http request failed: 
org.apache.http.client.ClientProtocolException
13:26:36.508 [ForkJoinPool-1-worker-51] ERROR com.intuit.karate - feature call (loop) failed at index: 76
caller: classpath:InspireTest/def/checkxlinkurl.template.feature
arg: {"link":""}
checkxlinkurl.template.feature:21 - 
org.apache.http.client.ClientProtocolException
13:26:36.509 [ForkJoinPool-1-worker-51] INFO  com.intuit.karate - [print] testing xlinkurl:
13:26:36.510 [ForkJoinPool-1-worker-51] ERROR com.intuit.karate - org.apache.http.client.ClientProtocolException, http call failed after 0 milliseconds for URL: 
13:26:36.510 [ForkJoinPool-1-worker-51] ERROR com.intuit.karate - http request failed: 
org.apache.http.client.ClientProtocolException
13:26:36.510 [ForkJoinPool-1-worker-51] ERROR com.intuit.karate - feature call (loop) failed at index: 77
caller: classpath:InspireTest/def/checkxlinkurl.template.feature
arg: {"link":""}
checkxlinkurl.template.feature:21 - 
org.apache.http.client.ClientProtocolException
13:26:36.511 [ForkJoinPool-1-worker-51] INFO  com.intuit.karate - [print] testing xlinkurl:
13:26:36.511 [ForkJoinPool-1-worker-51] ERROR com.intuit.karate - org.apache.http.client.ClientProtocolException, http call failed after 0 milliseconds for URL: 
13:26:36.512 [ForkJoinPool-1-worker-51] ERROR com.intuit.karate - http request failed: 
org.apache.http.client.ClientProtocolException
13:26:36.512 [ForkJoinPool-1-worker-51] ERROR com.intuit.karate - feature call (loop) failed at index: 78
caller: classpath:InspireTest/def/checkxlinkurl.template.feature
arg: {"link":""}
checkxlinkurl.template.feature:21 - 
org.apache.http.client.ClientProtocolException
13:26:36.513 [ForkJoinPool-1-worker-51] INFO  com.intuit.karate - [print] testing xlinkurl:
13:26:36.520 [ForkJoinPool-1-worker-51] ERROR com.intuit.karate - org.apache.http.client.ClientProtocolException, http call failed after 0 milliseconds for URL: 
13:26:36.520 [ForkJoinPool-1-worker-51] ERROR com.intuit.karate - http request failed: 
org.apache.http.client.ClientProtocolException
13:26:36.520 [ForkJoinPool-1-worker-51] ERROR com.intuit.karate - feature call (loop) failed at index: 79
caller: classpath:InspireTest/def/checkxlinkurl.template.feature
arg: {"link":""}
checkxlinkurl.template.feature:21 - 
org.apache.http.client.ClientProtocolException
13:26:36.521 [ForkJoinPool-1-worker-51] INFO  com.intuit.karate - [print] testing xlinkurl:
13:26:36.522 [ForkJoinPool-1-worker-51] ERROR com.intuit.karate - org.apache.http.client.ClientProtocolException, http call failed after 0 milliseconds for URL: 
13:26:36.522 [ForkJoinPool-1-worker-51] ERROR com.intuit.karate - http request failed: 
org.apache.http.client.ClientProtocolException
13:26:36.522 [ForkJoinPool-1-worker-51] ERROR com.intuit.karate - feature call (loop) failed at index: 80
caller: classpath:InspireTest/def/checkxlinkurl.template.feature
arg: {"link":""}
checkxlinkurl.template.feature:21 - 
org.apache.http.client.ClientProtocolException
13:26:36.536 [ForkJoinPool-1-worker-51] INFO  com.intuit.karate - [print] testing xlinkurl:
13:26:36.538 [ForkJoinPool-1-worker-51] ERROR com.intuit.karate - org.apache.http.client.ClientProtocolException, http call failed after 0 milliseconds for URL: 
13:26:36.538 [ForkJoinPool-1-worker-51] ERROR com.intuit.karate - http request failed: 
org.apache.http.client.ClientProtocolException
13:26:36.538 [ForkJoinPool-1-worker-51] ERROR com.intuit.karate - feature call (loop) failed at index: 81
caller: classpath:InspireTest/def/checkxlinkurl.template.feature
arg: {"link":""}
checkxlinkurl.template.feature:21 - 
org.apache.http.client.ClientProtocolException
13:26:36.539 [ForkJoinPool-1-worker-51] INFO  com.intuit.karate - [print] testing xlinkurl:
13:26:36.540 [ForkJoinPool-1-worker-51] ERROR com.intuit.karate - org.apache.http.client.ClientProtocolException, http call failed after 0 milliseconds for URL: 
13:26:36.540 [ForkJoinPool-1-worker-51] ERROR com.intuit.karate - http request failed: 
org.apache.http.client.ClientProtocolException
13:26:36.540 [ForkJoinPool-1-worker-51] ERROR com.intuit.karate - feature call (loop) failed at index: 82
caller: classpath:InspireTest/def/checkxlinkurl.template.feature
arg: {"link":""}
checkxlinkurl.template.feature:21 - 
org.apache.http.client.ClientProtocolException
13:26:36.545 [ForkJoinPool-1-worker-51] INFO  com.intuit.karate - [print] testing xlinkurl:
13:26:36.546 [ForkJoinPool-1-worker-51] ERROR com.intuit.karate - org.apache.http.client.ClientProtocolException, http call failed after 0 milliseconds for URL: 
13:26:36.547 [ForkJoinPool-1-worker-51] ERROR com.intuit.karate - http request failed: 
org.apache.http.client.ClientProtocolException
13:26:36.547 [ForkJoinPool-1-worker-51] ERROR com.intuit.karate - feature call (loop) failed at index: 83
caller: classpath:InspireTest/def/checkxlinkurl.template.feature
arg: {"link":""}
checkxlinkurl.template.feature:21 - 
org.apache.http.client.ClientProtocolException
13:26:36.549 [ForkJoinPool-1-worker-51] INFO  com.intuit.karate - [print] testing xlinkurl:
13:26:36.550 [ForkJoinPool-1-worker-51] ERROR com.intuit.karate - org.apache.http.client.ClientProtocolException, http call failed after 0 milliseconds for URL: 
13:26:36.551 [ForkJoinPool-1-worker-51] ERROR com.intuit.karate - http request failed: 
org.apache.http.client.ClientProtocolException
13:26:36.552 [ForkJoinPool-1-worker-51] ERROR com.intuit.karate - feature call (loop) failed at index: 84
caller: classpath:InspireTest/def/checkxlinkurl.template.feature
arg: {"link":""}
checkxlinkurl.template.feature:21 - 
org.apache.http.client.ClientProtocolException
13:26:36.554 [ForkJoinPool-1-worker-51] INFO  com.intuit.karate - [print] testing xlinkurl:
13:26:36.555 [ForkJoinPool-1-worker-51] ERROR com.intuit.karate - org.apache.http.client.ClientProtocolException, http call failed after 0 milliseconds for URL: 
13:26:36.564 [ForkJoinPool-1-worker-51] ERROR com.intuit.karate - http request failed: 
org.apache.http.client.ClientProtocolException
13:26:36.565 [ForkJoinPool-1-worker-51] ERROR com.intuit.karate - feature call (loop) failed at index: 85
caller: classpath:InspireTest/def/checkxlinkurl.template.feature
arg: {"link":""}
checkxlinkurl.template.feature:21 - 
org.apache.http.client.ClientProtocolException
13:26:36.567 [ForkJoinPool-1-worker-51] INFO  com.intuit.karate - [print] testing xlinkurl:
13:26:36.568 [ForkJoinPool-1-worker-51] ERROR com.intuit.karate - org.apache.http.client.ClientProtocolException, http call failed after 0 milliseconds for URL: 
13:26:36.569 [ForkJoinPool-1-worker-51] ERROR com.intuit.karate - http request failed: 
org.apache.http.client.ClientProtocolException
13:26:36.570 [ForkJoinPool-1-worker-51] ERROR com.intuit.karate - feature call (loop) failed at index: 86
caller: classpath:InspireTest/def/checkxlinkurl.template.feature
arg: {"link":""}
checkxlinkurl.template.feature:21 - 
org.apache.http.client.ClientProtocolException
13:26:36.572 [ForkJoinPool-1-worker-51] INFO  com.intuit.karate - [print] testing xlinkurl:
13:26:36.575 [ForkJoinPool-1-worker-51] ERROR com.intuit.karate - org.apache.http.client.ClientProtocolException, http call failed after 0 milliseconds for URL: 
13:26:36.575 [ForkJoinPool-1-worker-51] ERROR com.intuit.karate - http request failed: 
org.apache.http.client.ClientProtocolException
13:26:36.576 [ForkJoinPool-1-worker-51] ERROR com.intuit.karate - feature call (loop) failed at index: 87
caller: classpath:InspireTest/def/checkxlinkurl.template.feature
arg: {"link":""}
checkxlinkurl.template.feature:21 - 
org.apache.http.client.ClientProtocolException
13:26:36.577 [ForkJoinPool-1-worker-51] INFO  com.intuit.karate - [print] testing xlinkurl:
13:26:36.579 [ForkJoinPool-1-worker-51] ERROR com.intuit.karate - org.apache.http.client.ClientProtocolException, http call failed after 0 milliseconds for URL: 
13:26:36.580 [ForkJoinPool-1-worker-51] ERROR com.intuit.karate - http request failed: 
org.apache.http.client.ClientProtocolException
13:26:36.581 [ForkJoinPool-1-worker-51] ERROR com.intuit.karate - feature call (loop) failed at index: 88
caller: classpath:InspireTest/def/checkxlinkurl.template.feature
arg: {"link":""}
checkxlinkurl.template.feature:21 - 
org.apache.http.client.ClientProtocolException
13:26:36.582 [ForkJoinPool-1-worker-51] INFO  com.intuit.karate - [print] testing xlinkurl:
13:26:36.585 [ForkJoinPool-1-worker-51] ERROR com.intuit.karate - org.apache.http.client.ClientProtocolException, http call failed after 0 milliseconds for URL: 
13:26:36.586 [ForkJoinPool-1-worker-51] ERROR com.intuit.karate - http request failed: 
org.apache.http.client.ClientProtocolException
13:26:36.587 [ForkJoinPool-1-worker-51] ERROR com.intuit.karate - feature call (loop) failed at index: 89
caller: classpath:InspireTest/def/checkxlinkurl.template.feature
arg: {"link":""}
checkxlinkurl.template.feature:21 - 
org.apache.http.client.ClientProtocolException
13:26:36.590 [ForkJoinPool-1-worker-59] INFO  com.intuit.karate - [print] testing xlinkurl:
13:26:36.591 [ForkJoinPool-1-worker-51] INFO  com.intuit.karate - [print] testing xlinkurl:
13:26:36.598 [ForkJoinPool-1-worker-59] ERROR com.intuit.karate - org.apache.http.client.ClientProtocolException, http call failed after 0 milliseconds for URL: 
13:26:36.599 [ForkJoinPool-1-worker-59] ERROR com.intuit.karate - http request failed: 
org.apache.http.client.ClientProtocolException
13:26:36.599 [ForkJoinPool-1-worker-59] ERROR com.intuit.karate - feature call (loop) failed at index: 0
caller: classpath:InspireTest/def/checkxlinkurl.template.feature
arg: {"link":""}
checkxlinkurl.template.feature:21 - 
org.apache.http.client.ClientProtocolException
13:26:36.600 [ForkJoinPool-1-worker-51] ERROR com.intuit.karate - org.apache.http.client.ClientProtocolException, http call failed after 0 milliseconds for URL: 
13:26:36.600 [ForkJoinPool-1-worker-51] ERROR com.intuit.karate - http request failed: 
org.apache.http.client.ClientProtocolException
13:26:36.601 [ForkJoinPool-1-worker-51] ERROR com.intuit.karate - feature call (loop) failed at index: 90
caller: classpath:InspireTest/def/checkxlinkurl.template.feature
arg: {"link":""}
checkxlinkurl.template.feature:21 - 
org.apache.http.client.ClientProtocolException
13:26:36.604 [ForkJoinPool-1-worker-51] INFO  com.intuit.karate - [print] testing xlinkurl:
13:26:36.605 [ForkJoinPool-1-worker-59] INFO  com.intuit.karate - [print] testing xlinkurl:
13:26:36.605 [ForkJoinPool-1-worker-51] ERROR com.intuit.karate - org.apache.http.client.ClientProtocolException, http call failed after 0 milliseconds for URL: 
13:26:36.605 [ForkJoinPool-1-worker-51] ERROR com.intuit.karate - http request failed: 
org.apache.http.client.ClientProtocolException
13:26:36.607 [ForkJoinPool-1-worker-51] ERROR com.intuit.karate - feature call (loop) failed at index: 91
caller: classpath:InspireTest/def/checkxlinkurl.template.feature
arg: {"link":""}
checkxlinkurl.template.feature:21 - 
org.apache.http.client.ClientProtocolException
13:26:36.608 [ForkJoinPool-1-worker-51] INFO  com.intuit.karate - [print] testing xlinkurl:
13:26:36.610 [ForkJoinPool-1-worker-59] ERROR com.intuit.karate - org.apache.http.client.ClientProtocolException, http call failed after 0 milliseconds for URL: 
13:26:36.610 [ForkJoinPool-1-worker-51] ERROR com.intuit.karate - org.apache.http.client.ClientProtocolException, http call failed after 0 milliseconds for URL: 
13:26:36.610 [ForkJoinPool-1-worker-51] ERROR com.intuit.karate - http request failed: 
org.apache.http.client.ClientProtocolException
13:26:36.611 [ForkJoinPool-1-worker-51] ERROR com.intuit.karate - feature call (loop) failed at index: 92
caller: classpath:InspireTest/def/checkxlinkurl.template.feature
arg: {"link":""}
checkxlinkurl.template.feature:21 - 
org.apache.http.client.ClientProtocolException
13:26:36.613 [ForkJoinPool-1-worker-51] INFO  com.intuit.karate - [print] testing xlinkurl:
13:26:36.613 [ForkJoinPool-1-worker-59] ERROR com.intuit.karate - http request failed: 
org.apache.http.client.ClientProtocolException
13:26:36.614 [ForkJoinPool-1-worker-59] ERROR com.intuit.karate - feature call (loop) failed at index: 1
caller: classpath:InspireTest/def/checkxlinkurl.template.feature
arg: {"link":""}
checkxlinkurl.template.feature:21 - 
org.apache.http.client.ClientProtocolException
13:26:36.615 [ForkJoinPool-1-worker-51] ERROR com.intuit.karate - org.apache.http.client.ClientProtocolException, http call failed after 0 milliseconds for URL: 
13:26:36.615 [ForkJoinPool-1-worker-51] ERROR com.intuit.karate - http request failed: 
org.apache.http.client.ClientProtocolException
13:26:36.615 [ForkJoinPool-1-worker-51] ERROR com.intuit.karate - feature call (loop) failed at index: 93
caller: classpath:InspireTest/def/checkxlinkurl.template.feature
arg: {"link":""}
checkxlinkurl.template.feature:21 - 
org.apache.http.client.ClientProtocolException
13:26:36.615 [ForkJoinPool-1-worker-59] INFO  com.intuit.karate - [print] testing xlinkurl:
13:26:36.618 [ForkJoinPool-1-worker-51] INFO  com.intuit.karate - [print] testing xlinkurl:
13:26:36.619 [ForkJoinPool-1-worker-51] ERROR com.intuit.karate - org.apache.http.client.ClientProtocolException, http call failed after 0 milliseconds for URL: 
13:26:36.620 [ForkJoinPool-1-worker-59] ERROR com.intuit.karate - org.apache.http.client.ClientProtocolException, http call failed after 0 milliseconds for URL: 
13:26:36.620 [ForkJoinPool-1-worker-51] ERROR com.intuit.karate - http request failed: 
org.apache.http.client.ClientProtocolException
13:26:36.620 [ForkJoinPool-1-worker-51] ERROR com.intuit.karate - feature call (loop) failed at index: 94
caller: classpath:InspireTest/def/checkxlinkurl.template.feature
arg: {"link":""}
checkxlinkurl.template.feature:21 - 
org.apache.http.client.ClientProtocolException
13:26:36.622 [ForkJoinPool-1-worker-59] ERROR com.intuit.karate - http request failed: 
org.apache.http.client.ClientProtocolException
13:26:36.623 [ForkJoinPool-1-worker-59] ERROR com.intuit.karate - feature call (loop) failed at index: 2
caller: classpath:InspireTest/def/checkxlinkurl.template.feature
arg: {"link":""}
checkxlinkurl.template.feature:21 - 
org.apache.http.client.ClientProtocolException
13:26:36.624 [ForkJoinPool-1-worker-59] INFO  com.intuit.karate - [print] testing xlinkurl:http://nationaalgeoregister.nl/geonetwork/srv/dut/csw?service=CSW&version=2.0.2&request=GetRecordById&outputschema=http://www.isotc211.org/2005/gmd&elementsetname=full&id=3d59fd06-9aec-4744-91e7-65e119f74569#MD_DataIdentification
13:26:36.632 [ForkJoinPool-1-worker-51] INFO  com.intuit.karate - [print] testing xlinkurl:
13:26:36.633 [ForkJoinPool-1-worker-51] ERROR com.intuit.karate - org.apache.http.client.ClientProtocolException, http call failed after 0 milliseconds for URL: 
13:26:36.634 [ForkJoinPool-1-worker-51] ERROR com.intuit.karate - http request failed: 
org.apache.http.client.ClientProtocolException
13:26:36.634 [ForkJoinPool-1-worker-51] ERROR com.intuit.karate - feature call (loop) failed at index: 95
caller: classpath:InspireTest/def/checkxlinkurl.template.feature
arg: {"link":""}
checkxlinkurl.template.feature:21 - 
org.apache.http.client.ClientProtocolException
13:26:36.635 [ForkJoinPool-1-worker-51] INFO  com.intuit.karate - [print] testing xlinkurl:
13:26:36.636 [ForkJoinPool-1-worker-51] ERROR com.intuit.karate - org.apache.http.client.ClientProtocolException, http call failed after 0 milliseconds for URL: 
13:26:36.637 [ForkJoinPool-1-worker-51] ERROR com.intuit.karate - http request failed: 
org.apache.http.client.ClientProtocolException
13:26:36.637 [ForkJoinPool-1-worker-51] ERROR com.intuit.karate - feature call (loop) failed at index: 96
caller: classpath:InspireTest/def/checkxlinkurl.template.feature
arg: {"link":""}
checkxlinkurl.template.feature:21 - 
org.apache.http.client.ClientProtocolException
13:26:36.637 [ForkJoinPool-1-worker-51] INFO  com.intuit.karate - [print] testing xlinkurl:
13:26:36.638 [ForkJoinPool-1-worker-51] ERROR com.intuit.karate - org.apache.http.client.ClientProtocolException, http call failed after 0 milliseconds for URL: 
13:26:36.638 [ForkJoinPool-1-worker-51] ERROR com.intuit.karate - http request failed: 
org.apache.http.client.ClientProtocolException
13:26:36.638 [ForkJoinPool-1-worker-51] ERROR com.intuit.karate - feature call (loop) failed at index: 97
caller: classpath:InspireTest/def/checkxlinkurl.template.feature
arg: {"link":""}
checkxlinkurl.template.feature:21 - 
org.apache.http.client.ClientProtocolException
13:26:36.639 [ForkJoinPool-1-worker-51] INFO  com.intuit.karate - [print] testing xlinkurl:
13:26:36.640 [ForkJoinPool-1-worker-51] ERROR com.intuit.karate - org.apache.http.client.ClientProtocolException, http call failed after 0 milliseconds for URL: 
13:26:36.640 [ForkJoinPool-1-worker-51] ERROR com.intuit.karate - http request failed: 
org.apache.http.client.ClientProtocolException
13:26:36.640 [ForkJoinPool-1-worker-51] ERROR com.intuit.karate - feature call (loop) failed at index: 98
caller: classpath:InspireTest/def/checkxlinkurl.template.feature
arg: {"link":""}
checkxlinkurl.template.feature:21 - 
org.apache.http.client.ClientProtocolException
13:26:36.641 [ForkJoinPool-1-worker-51] INFO  com.intuit.karate - [print] testing xlinkurl:
13:26:36.647 [ForkJoinPool-1-worker-51] ERROR com.intuit.karate - org.apache.http.client.ClientProtocolException, http call failed after 0 milliseconds for URL: 
13:26:36.647 [ForkJoinPool-1-worker-51] ERROR com.intuit.karate - http request failed: 
org.apache.http.client.ClientProtocolException
13:26:36.647 [ForkJoinPool-1-worker-51] ERROR com.intuit.karate - feature call (loop) failed at index: 99
caller: classpath:InspireTest/def/checkxlinkurl.template.feature
arg: {"link":""}
checkxlinkurl.template.feature:21 - 
org.apache.http.client.ClientProtocolException
13:26:36.649 [ForkJoinPool-1-worker-51] INFO  com.intuit.karate - [print] testing xlinkurl:
13:26:36.651 [ForkJoinPool-1-worker-51] ERROR com.intuit.karate - org.apache.http.client.ClientProtocolException, http call failed after 0 milliseconds for URL: 
13:26:36.651 [ForkJoinPool-1-worker-51] ERROR com.intuit.karate - http request failed: 
org.apache.http.client.ClientProtocolException
13:26:36.651 [ForkJoinPool-1-worker-51] ERROR com.intuit.karate - feature call (loop) failed at index: 100
caller: classpath:InspireTest/def/checkxlinkurl.template.feature
arg: {"link":""}
checkxlinkurl.template.feature:21 - 
org.apache.http.client.ClientProtocolException
13:26:36.652 [ForkJoinPool-1-worker-51] INFO  com.intuit.karate - [print] testing xlinkurl:
13:26:36.654 [ForkJoinPool-1-worker-51] ERROR com.intuit.karate - org.apache.http.client.ClientProtocolException, http call failed after 0 milliseconds for URL: 
13:26:36.654 [ForkJoinPool-1-worker-51] ERROR com.intuit.karate - http request failed: 
org.apache.http.client.ClientProtocolException
13:26:36.654 [ForkJoinPool-1-worker-51] ERROR com.intuit.karate - feature call (loop) failed at index: 101
caller: classpath:InspireTest/def/checkxlinkurl.template.feature
arg: {"link":""}
checkxlinkurl.template.feature:21 - 
org.apache.http.client.ClientProtocolException
13:26:36.657 [ForkJoinPool-1-worker-51] INFO  com.intuit.karate - [print] testing xlinkurl:
13:26:36.658 [ForkJoinPool-1-worker-51] ERROR com.intuit.karate - org.apache.http.client.ClientProtocolException, http call failed after 0 milliseconds for URL: 
13:26:36.658 [ForkJoinPool-1-worker-51] ERROR com.intuit.karate - http request failed: 
org.apache.http.client.ClientProtocolException
13:26:36.658 [ForkJoinPool-1-worker-51] ERROR com.intuit.karate - feature call (loop) failed at index: 102
caller: classpath:InspireTest/def/checkxlinkurl.template.feature
arg: {"link":""}
checkxlinkurl.template.feature:21 - 
org.apache.http.client.ClientProtocolException
13:26:36.661 [ForkJoinPool-1-worker-51] INFO  com.intuit.karate - [print] testing xlinkurl:
13:26:36.665 [ForkJoinPool-1-worker-51] ERROR com.intuit.karate - org.apache.http.client.ClientProtocolException, http call failed after 0 milliseconds for URL: 
13:26:36.665 [ForkJoinPool-1-worker-51] ERROR com.intuit.karate - http request failed: 
org.apache.http.client.ClientProtocolException
13:26:36.665 [ForkJoinPool-1-worker-51] ERROR com.intuit.karate - feature call (loop) failed at index: 103
caller: classpath:InspireTest/def/checkxlinkurl.template.feature
arg: {"link":""}
checkxlinkurl.template.feature:21 - 
org.apache.http.client.ClientProtocolException
13:26:36.666 [ForkJoinPool-1-worker-51] INFO  com.intuit.karate - [print] testing xlinkurl:
13:26:36.666 [ForkJoinPool-1-worker-51] ERROR com.intuit.karate - org.apache.http.client.ClientProtocolException, http call failed after 0 milliseconds for URL: 
13:26:36.667 [ForkJoinPool-1-worker-51] ERROR com.intuit.karate - http request failed: 
org.apache.http.client.ClientProtocolException
13:26:36.667 [ForkJoinPool-1-worker-51] ERROR com.intuit.karate - feature call (loop) failed at index: 104
caller: classpath:InspireTest/def/checkxlinkurl.template.feature
arg: {"link":""}
checkxlinkurl.template.feature:21 - 
org.apache.http.client.ClientProtocolException
13:26:36.668 [ForkJoinPool-1-worker-51] INFO  com.intuit.karate - [print] testing xlinkurl:
13:26:36.671 [ForkJoinPool-1-worker-51] ERROR com.intuit.karate - org.apache.http.client.ClientProtocolException, http call failed after 0 milliseconds for URL: 
13:26:36.671 [ForkJoinPool-1-worker-51] ERROR com.intuit.karate - http request failed: 
org.apache.http.client.ClientProtocolException
13:26:36.671 [ForkJoinPool-1-worker-51] ERROR com.intuit.karate - feature call (loop) failed at index: 105
caller: classpath:InspireTest/def/checkxlinkurl.template.feature
arg: {"link":""}
checkxlinkurl.template.feature:21 - 
org.apache.http.client.ClientProtocolException
13:26:36.674 [ForkJoinPool-1-worker-51] INFO  com.intuit.karate - [print] testing xlinkurl:
13:26:36.677 [ForkJoinPool-1-worker-51] ERROR com.intuit.karate - org.apache.http.client.ClientProtocolException, http call failed after 0 milliseconds for URL: 
13:26:36.677 [ForkJoinPool-1-worker-51] ERROR com.intuit.karate - http request failed: 
org.apache.http.client.ClientProtocolException
13:26:36.677 [ForkJoinPool-1-worker-51] ERROR com.intuit.karate - feature call (loop) failed at index: 106
caller: classpath:InspireTest/def/checkxlinkurl.template.feature
arg: {"link":""}
checkxlinkurl.template.feature:21 - 
org.apache.http.client.ClientProtocolException
13:26:36.678 [ForkJoinPool-1-worker-51] INFO  com.intuit.karate - [print] testing xlinkurl:
13:26:36.678 [ForkJoinPool-1-worker-51] ERROR com.intuit.karate - org.apache.http.client.ClientProtocolException, http call failed after 0 milliseconds for URL: 
13:26:36.679 [ForkJoinPool-1-worker-51] ERROR com.intuit.karate - http request failed: 
org.apache.http.client.ClientProtocolException
13:26:36.679 [ForkJoinPool-1-worker-51] ERROR com.intuit.karate - feature call (loop) failed at index: 107
caller: classpath:InspireTest/def/checkxlinkurl.template.feature
arg: {"link":""}
checkxlinkurl.template.feature:21 - 
org.apache.http.client.ClientProtocolException
13:26:36.680 [ForkJoinPool-1-worker-51] INFO  com.intuit.karate - [print] testing xlinkurl:
13:26:36.680 [ForkJoinPool-1-worker-51] ERROR com.intuit.karate - org.apache.http.client.ClientProtocolException, http call failed after 0 milliseconds for URL: 
13:26:36.680 [ForkJoinPool-1-worker-51] ERROR com.intuit.karate - http request failed: 
org.apache.http.client.ClientProtocolException
13:26:36.681 [ForkJoinPool-1-worker-51] ERROR com.intuit.karate - feature call (loop) failed at index: 108
caller: classpath:InspireTest/def/checkxlinkurl.template.feature
arg: {"link":""}
checkxlinkurl.template.feature:21 - 
org.apache.http.client.ClientProtocolException
13:26:36.681 [ForkJoinPool-1-worker-51] INFO  com.intuit.karate - [print] testing xlinkurl:
13:26:36.686 [ForkJoinPool-1-worker-51] ERROR com.intuit.karate - org.apache.http.client.ClientProtocolException, http call failed after 0 milliseconds for URL: 
13:26:36.686 [ForkJoinPool-1-worker-51] ERROR com.intuit.karate - http request failed: 
org.apache.http.client.ClientProtocolException
13:26:36.686 [ForkJoinPool-1-worker-51] ERROR com.intuit.karate - feature call (loop) failed at index: 109
caller: classpath:InspireTest/def/checkxlinkurl.template.feature
arg: {"link":""}
checkxlinkurl.template.feature:21 - 
org.apache.http.client.ClientProtocolException
13:26:36.690 [ForkJoinPool-1-worker-51] INFO  com.intuit.karate - [print] testing xlinkurl:
13:26:36.691 [ForkJoinPool-1-worker-51] ERROR com.intuit.karate - org.apache.http.client.ClientProtocolException, http call failed after 0 milliseconds for URL: 
13:26:36.691 [ForkJoinPool-1-worker-51] ERROR com.intuit.karate - http request failed: 
org.apache.http.client.ClientProtocolException
13:26:36.692 [ForkJoinPool-1-worker-51] ERROR com.intuit.karate - feature call (loop) failed at index: 110
caller: classpath:InspireTest/def/checkxlinkurl.template.feature
arg: {"link":""}
checkxlinkurl.template.feature:21 - 
org.apache.http.client.ClientProtocolException
13:26:36.694 [ForkJoinPool-1-worker-51] INFO  com.intuit.karate - [print] testing xlinkurl:
13:26:36.695 [ForkJoinPool-1-worker-51] ERROR com.intuit.karate - org.apache.http.client.ClientProtocolException, http call failed after 0 milliseconds for URL: 
13:26:36.695 [ForkJoinPool-1-worker-51] ERROR com.intuit.karate - http request failed: 
org.apache.http.client.ClientProtocolException
13:26:36.696 [ForkJoinPool-1-worker-51] ERROR com.intuit.karate - feature call (loop) failed at index: 111
caller: classpath:InspireTest/def/checkxlinkurl.template.feature
arg: {"link":""}
checkxlinkurl.template.feature:21 - 
org.apache.http.client.ClientProtocolException
13:26:36.698 [ForkJoinPool-1-worker-51] INFO  com.intuit.karate - [print] testing xlinkurl:
13:26:36.699 [ForkJoinPool-1-worker-51] ERROR com.intuit.karate - org.apache.http.client.ClientProtocolException, http call failed after 0 milliseconds for URL: 
13:26:36.699 [ForkJoinPool-1-worker-51] ERROR com.intuit.karate - http request failed: 
org.apache.http.client.ClientProtocolException
13:26:36.701 [ForkJoinPool-1-worker-51] ERROR com.intuit.karate - feature call (loop) failed at index: 112
caller: classpath:InspireTest/def/checkxlinkurl.template.feature
arg: {"link":""}
checkxlinkurl.template.feature:21 - 
org.apache.http.client.ClientProtocolException
13:26:36.703 [ForkJoinPool-1-worker-51] INFO  com.intuit.karate - [print] testing xlinkurl:
13:26:36.704 [ForkJoinPool-1-worker-51] ERROR com.intuit.karate - org.apache.http.client.ClientProtocolException, http call failed after 0 milliseconds for URL: 
13:26:36.704 [ForkJoinPool-1-worker-51] ERROR com.intuit.karate - http request failed: 
org.apache.http.client.ClientProtocolException
13:26:36.704 [ForkJoinPool-1-worker-51] ERROR com.intuit.karate - feature call (loop) failed at index: 113
caller: classpath:InspireTest/def/checkxlinkurl.template.feature
arg: {"link":""}
checkxlinkurl.template.feature:21 - 
org.apache.http.client.ClientProtocolException
13:26:36.705 [ForkJoinPool-1-worker-51] INFO  com.intuit.karate - [print] testing xlinkurl:
13:26:36.707 [ForkJoinPool-1-worker-51] ERROR com.intuit.karate - org.apache.http.client.ClientProtocolException, http call failed after 0 milliseconds for URL: 
13:26:36.707 [ForkJoinPool-1-worker-51] ERROR com.intuit.karate - http request failed: 
org.apache.http.client.ClientProtocolException
13:26:36.707 [ForkJoinPool-1-worker-51] ERROR com.intuit.karate - feature call (loop) failed at index: 114
caller: classpath:InspireTest/def/checkxlinkurl.template.feature
arg: {"link":""}
checkxlinkurl.template.feature:21 - 
org.apache.http.client.ClientProtocolException
13:26:36.708 [ForkJoinPool-1-worker-51] INFO  com.intuit.karate - [print] testing xlinkurl:
13:26:36.709 [ForkJoinPool-1-worker-51] ERROR com.intuit.karate - org.apache.http.client.ClientProtocolException, http call failed after 0 milliseconds for URL: 
13:26:36.709 [ForkJoinPool-1-worker-51] ERROR com.intuit.karate - http request failed: 
org.apache.http.client.ClientProtocolException
13:26:36.709 [ForkJoinPool-1-worker-51] ERROR com.intuit.karate - feature call (loop) failed at index: 115
caller: classpath:InspireTest/def/checkxlinkurl.template.feature
arg: {"link":""}
checkxlinkurl.template.feature:21 - 
org.apache.http.client.ClientProtocolException
13:26:36.714 [ForkJoinPool-1-worker-51] INFO  com.intuit.karate - [print] testing xlinkurl:
13:26:36.715 [ForkJoinPool-1-worker-51] ERROR com.intuit.karate - org.apache.http.client.ClientProtocolException, http call failed after 0 milliseconds for URL: 
13:26:36.715 [ForkJoinPool-1-worker-51] ERROR com.intuit.karate - http request failed: 
org.apache.http.client.ClientProtocolException
13:26:36.715 [ForkJoinPool-1-worker-51] ERROR com.intuit.karate - feature call (loop) failed at index: 116
caller: classpath:InspireTest/def/checkxlinkurl.template.feature
arg: {"link":""}
checkxlinkurl.template.feature:21 - 
org.apache.http.client.ClientProtocolException
13:26:36.717 [ForkJoinPool-1-worker-51] INFO  com.intuit.karate - [print] testing xlinkurl:
13:26:36.719 [ForkJoinPool-1-worker-51] ERROR com.intuit.karate - org.apache.http.client.ClientProtocolException, http call failed after 0 milliseconds for URL: 
13:26:36.719 [ForkJoinPool-1-worker-51] ERROR com.intuit.karate - http request failed: 
org.apache.http.client.ClientProtocolException
13:26:36.719 [ForkJoinPool-1-worker-51] ERROR com.intuit.karate - feature call (loop) failed at index: 117
caller: classpath:InspireTest/def/checkxlinkurl.template.feature
arg: {"link":""}
checkxlinkurl.template.feature:21 - 
org.apache.http.client.ClientProtocolException
13:26:36.720 [ForkJoinPool-1-worker-51] INFO  com.intuit.karate - [print] testing xlinkurl:
13:26:36.721 [ForkJoinPool-1-worker-51] ERROR com.intuit.karate - org.apache.http.client.ClientProtocolException, http call failed after 0 milliseconds for URL: 
13:26:36.721 [ForkJoinPool-1-worker-51] ERROR com.intuit.karate - http request failed: 
org.apache.http.client.ClientProtocolException
13:26:36.721 [ForkJoinPool-1-worker-51] ERROR com.intuit.karate - feature call (loop) failed at index: 118
caller: classpath:InspireTest/def/checkxlinkurl.template.feature
arg: {"link":""}
checkxlinkurl.template.feature:21 - 
org.apache.http.client.ClientProtocolException
13:26:36.722 [ForkJoinPool-1-worker-51] INFO  com.intuit.karate - [print] testing xlinkurl:
13:26:36.722 [ForkJoinPool-1-worker-51] ERROR com.intuit.karate - org.apache.http.client.ClientProtocolException, http call failed after 0 milliseconds for URL: 
13:26:36.722 [ForkJoinPool-1-worker-51] ERROR com.intuit.karate - http request failed: 
org.apache.http.client.ClientProtocolException
13:26:36.722 [ForkJoinPool-1-worker-51] ERROR com.intuit.karate - feature call (loop) failed at index: 119
caller: classpath:InspireTest/def/checkxlinkurl.template.feature
arg: {"link":""}
checkxlinkurl.template.feature:21 - 
org.apache.http.client.ClientProtocolException
13:26:36.727 [ForkJoinPool-1-worker-51] INFO  com.intuit.karate - [print] testing xlinkurl:
13:26:36.728 [ForkJoinPool-1-worker-51] ERROR com.intuit.karate - org.apache.http.client.ClientProtocolException, http call failed after 0 milliseconds for URL: 
13:26:36.728 [ForkJoinPool-1-worker-51] ERROR com.intuit.karate - http request failed: 
org.apache.http.client.ClientProtocolException
13:26:36.728 [ForkJoinPool-1-worker-51] ERROR com.intuit.karate - feature call (loop) failed at index: 120
caller: classpath:InspireTest/def/checkxlinkurl.template.feature
arg: {"link":""}
checkxlinkurl.template.feature:21 - 
org.apache.http.client.ClientProtocolException
13:26:36.729 [ForkJoinPool-1-worker-51] INFO  com.intuit.karate - [print] testing xlinkurl:
13:26:36.732 [ForkJoinPool-1-worker-51] ERROR com.intuit.karate - org.apache.http.client.ClientProtocolException, http call failed after 0 milliseconds for URL: 
13:26:36.732 [ForkJoinPool-1-worker-51] ERROR com.intuit.karate - http request failed: 
org.apache.http.client.ClientProtocolException
13:26:36.733 [ForkJoinPool-1-worker-51] ERROR com.intuit.karate - feature call (loop) failed at index: 121
caller: classpath:InspireTest/def/checkxlinkurl.template.feature
arg: {"link":""}
checkxlinkurl.template.feature:21 - 
org.apache.http.client.ClientProtocolException
13:26:36.735 [ForkJoinPool-1-worker-51] INFO  com.intuit.karate - [print] testing xlinkurl:
13:26:36.737 [ForkJoinPool-1-worker-51] ERROR com.intuit.karate - org.apache.http.client.ClientProtocolException, http call failed after 0 milliseconds for URL: 
13:26:36.737 [ForkJoinPool-1-worker-51] ERROR com.intuit.karate - http request failed: 
org.apache.http.client.ClientProtocolException
13:26:36.738 [ForkJoinPool-1-worker-51] ERROR com.intuit.karate - feature call (loop) failed at index: 122
caller: classpath:InspireTest/def/checkxlinkurl.template.feature
arg: {"link":""}
checkxlinkurl.template.feature:21 - 
org.apache.http.client.ClientProtocolException
13:26:36.740 [ForkJoinPool-1-worker-51] INFO  com.intuit.karate - [print] testing xlinkurl:
13:26:36.741 [ForkJoinPool-1-worker-51] ERROR com.intuit.karate - org.apache.http.client.ClientProtocolException, http call failed after 0 milliseconds for URL: 
13:26:36.741 [ForkJoinPool-1-worker-51] ERROR com.intuit.karate - http request failed: 
org.apache.http.client.ClientProtocolException
13:26:36.742 [ForkJoinPool-1-worker-51] ERROR com.intuit.karate - feature call (loop) failed at index: 123
caller: classpath:InspireTest/def/checkxlinkurl.template.feature
arg: {"link":""}
checkxlinkurl.template.feature:21 - 
org.apache.http.client.ClientProtocolException
13:26:36.744 [ForkJoinPool-1-worker-51] INFO  com.intuit.karate - [print] testing xlinkurl:
13:26:36.745 [ForkJoinPool-1-worker-51] ERROR com.intuit.karate - org.apache.http.client.ClientProtocolException, http call failed after 0 milliseconds for URL: 
13:26:36.745 [ForkJoinPool-1-worker-51] ERROR com.intuit.karate - http request failed: 
org.apache.http.client.ClientProtocolException
13:26:36.746 [ForkJoinPool-1-worker-51] ERROR com.intuit.karate - feature call (loop) failed at index: 124
caller: classpath:InspireTest/def/checkxlinkurl.template.feature
arg: {"link":""}
checkxlinkurl.template.feature:21 - 
org.apache.http.client.ClientProtocolException
13:26:36.748 [ForkJoinPool-1-worker-51] INFO  com.intuit.karate - [print] testing xlinkurl:
13:26:36.749 [ForkJoinPool-1-worker-51] ERROR com.intuit.karate - org.apache.http.client.ClientProtocolException, http call failed after 0 milliseconds for URL: 
13:26:36.749 [ForkJoinPool-1-worker-51] ERROR com.intuit.karate - http request failed: 
org.apache.http.client.ClientProtocolException
13:26:36.750 [ForkJoinPool-1-worker-51] ERROR com.intuit.karate - feature call (loop) failed at index: 125
caller: classpath:InspireTest/def/checkxlinkurl.template.feature
arg: {"link":""}
checkxlinkurl.template.feature:21 - 
org.apache.http.client.ClientProtocolException
13:26:36.752 [ForkJoinPool-1-worker-51] INFO  com.intuit.karate - [print] testing xlinkurl:
13:26:36.753 [ForkJoinPool-1-worker-51] ERROR com.intuit.karate - org.apache.http.client.ClientProtocolException, http call failed after 0 milliseconds for URL: 
13:26:36.753 [ForkJoinPool-1-worker-51] ERROR com.intuit.karate - http request failed: 
org.apache.http.client.ClientProtocolException
13:26:36.754 [ForkJoinPool-1-worker-51] ERROR com.intuit.karate - feature call (loop) failed at index: 126
caller: classpath:InspireTest/def/checkxlinkurl.template.feature
arg: {"link":""}
checkxlinkurl.template.feature:21 - 
org.apache.http.client.ClientProtocolException
13:26:36.755 [ForkJoinPool-1-worker-51] INFO  com.intuit.karate - [print] testing xlinkurl:
13:26:36.757 [ForkJoinPool-1-worker-51] ERROR com.intuit.karate - org.apache.http.client.ClientProtocolException, http call failed after 0 milliseconds for URL: 
13:26:36.757 [ForkJoinPool-1-worker-51] ERROR com.intuit.karate - http request failed: 
org.apache.http.client.ClientProtocolException
13:26:36.757 [ForkJoinPool-1-worker-51] ERROR com.intuit.karate - feature call (loop) failed at index: 127
caller: classpath:InspireTest/def/checkxlinkurl.template.feature
arg: {"link":""}
checkxlinkurl.template.feature:21 - 
org.apache.http.client.ClientProtocolException
13:26:36.760 [ForkJoinPool-1-worker-51] INFO  com.intuit.karate - [print] testing xlinkurl:
13:26:36.761 [ForkJoinPool-1-worker-51] ERROR com.intuit.karate - org.apache.http.client.ClientProtocolException, http call failed after 0 milliseconds for URL: 
13:26:36.761 [ForkJoinPool-1-worker-51] ERROR com.intuit.karate - http request failed: 
org.apache.http.client.ClientProtocolException
13:26:36.761 [ForkJoinPool-1-worker-51] ERROR com.intuit.karate - feature call (loop) failed at index: 128
caller: classpath:InspireTest/def/checkxlinkurl.template.feature
arg: {"link":""}
checkxlinkurl.template.feature:21 - 
org.apache.http.client.ClientProtocolException
13:26:36.762 [ForkJoinPool-1-worker-51] INFO  com.intuit.karate - [print] testing xlinkurl:
13:26:36.765 [ForkJoinPool-1-worker-51] ERROR com.intuit.karate - org.apache.http.client.ClientProtocolException, http call failed after 0 milliseconds for URL: 
13:26:36.765 [ForkJoinPool-1-worker-51] ERROR com.intuit.karate - http request failed: 
org.apache.http.client.ClientProtocolException
13:26:36.765 [ForkJoinPool-1-worker-51] ERROR com.intuit.karate - feature call (loop) failed at index: 129
caller: classpath:InspireTest/def/checkxlinkurl.template.feature
arg: {"link":""}
checkxlinkurl.template.feature:21 - 
org.apache.http.client.ClientProtocolException
13:26:36.767 [ForkJoinPool-1-worker-51] INFO  com.intuit.karate - [print] testing xlinkurl:
13:26:36.768 [ForkJoinPool-1-worker-51] ERROR com.intuit.karate - org.apache.http.client.ClientProtocolException, http call failed after 0 milliseconds for URL: 
13:26:36.768 [ForkJoinPool-1-worker-51] ERROR com.intuit.karate - http request failed: 
org.apache.http.client.ClientProtocolException
13:26:36.769 [ForkJoinPool-1-worker-51] ERROR com.intuit.karate - feature call (loop) failed at index: 130
caller: classpath:InspireTest/def/checkxlinkurl.template.feature
arg: {"link":""}
checkxlinkurl.template.feature:21 - 
org.apache.http.client.ClientProtocolException
13:26:36.771 [ForkJoinPool-1-worker-51] INFO  com.intuit.karate - [print] testing xlinkurl:
13:26:36.772 [ForkJoinPool-1-worker-51] ERROR com.intuit.karate - org.apache.http.client.ClientProtocolException, http call failed after 0 milliseconds for URL: 
13:26:36.772 [ForkJoinPool-1-worker-51] ERROR com.intuit.karate - http request failed: 
org.apache.http.client.ClientProtocolException
13:26:36.772 [ForkJoinPool-1-worker-51] ERROR com.intuit.karate - feature call (loop) failed at index: 131
caller: classpath:InspireTest/def/checkxlinkurl.template.feature
arg: {"link":""}
checkxlinkurl.template.feature:21 - 
org.apache.http.client.ClientProtocolException
13:26:36.773 [ForkJoinPool-1-worker-51] INFO  com.intuit.karate - [print] testing xlinkurl:
13:26:36.774 [ForkJoinPool-1-worker-51] ERROR com.intuit.karate - org.apache.http.client.ClientProtocolException, http call failed after 0 milliseconds for URL: 
13:26:36.774 [ForkJoinPool-1-worker-51] ERROR com.intuit.karate - http request failed: 
org.apache.http.client.ClientProtocolException
13:26:36.774 [ForkJoinPool-1-worker-51] ERROR com.intuit.karate - feature call (loop) failed at index: 132
caller: classpath:InspireTest/def/checkxlinkurl.template.feature
arg: {"link":""}
checkxlinkurl.template.feature:21 - 
org.apache.http.client.ClientProtocolException
13:26:36.775 [ForkJoinPool-1-worker-51] INFO  com.intuit.karate - [print] testing xlinkurl:
13:26:36.778 [ForkJoinPool-1-worker-51] ERROR com.intuit.karate - org.apache.http.client.ClientProtocolException, http call failed after 0 milliseconds for URL: 
13:26:36.778 [ForkJoinPool-1-worker-51] ERROR com.intuit.karate - http request failed: 
org.apache.http.client.ClientProtocolException
13:26:36.778 [ForkJoinPool-1-worker-51] ERROR com.intuit.karate - feature call (loop) failed at index: 133
caller: classpath:InspireTest/def/checkxlinkurl.template.feature
arg: {"link":""}
checkxlinkurl.template.feature:21 - 
org.apache.http.client.ClientProtocolException
13:26:36.779 [ForkJoinPool-1-worker-51] INFO  com.intuit.karate - [print] testing xlinkurl:
13:26:36.779 [ForkJoinPool-1-worker-51] ERROR com.intuit.karate - org.apache.http.client.ClientProtocolException, http call failed after 0 milliseconds for URL: 
13:26:36.779 [ForkJoinPool-1-worker-51] ERROR com.intuit.karate - http request failed: 
org.apache.http.client.ClientProtocolException
13:26:36.780 [ForkJoinPool-1-worker-51] ERROR com.intuit.karate - feature call (loop) failed at index: 134
caller: classpath:InspireTest/def/checkxlinkurl.template.feature
arg: {"link":""}
checkxlinkurl.template.feature:21 - 
org.apache.http.client.ClientProtocolException
13:26:36.780 [ForkJoinPool-1-worker-51] INFO  com.intuit.karate - [print] testing xlinkurl:
13:26:36.781 [ForkJoinPool-1-worker-51] ERROR com.intuit.karate - org.apache.http.client.ClientProtocolException, http call failed after 0 milliseconds for URL: 
13:26:36.781 [ForkJoinPool-1-worker-51] ERROR com.intuit.karate - http request failed: 
org.apache.http.client.ClientProtocolException
13:26:36.781 [ForkJoinPool-1-worker-51] ERROR com.intuit.karate - feature call (loop) failed at index: 135
caller: classpath:InspireTest/def/checkxlinkurl.template.feature
arg: {"link":""}
checkxlinkurl.template.feature:21 - 
org.apache.http.client.ClientProtocolException
13:26:36.782 [ForkJoinPool-1-worker-51] INFO  com.intuit.karate - [print] testing xlinkurl:
13:26:36.783 [ForkJoinPool-1-worker-51] ERROR com.intuit.karate - org.apache.http.client.ClientProtocolException, http call failed after 0 milliseconds for URL: 
13:26:36.783 [ForkJoinPool-1-worker-51] ERROR com.intuit.karate - http request failed: 
org.apache.http.client.ClientProtocolException
13:26:36.783 [ForkJoinPool-1-worker-51] ERROR com.intuit.karate - feature call (loop) failed at index: 136
caller: classpath:InspireTest/def/checkxlinkurl.template.feature
arg: {"link":""}
checkxlinkurl.template.feature:21 - 
org.apache.http.client.ClientProtocolException
13:26:36.784 [ForkJoinPool-1-worker-51] INFO  com.intuit.karate - [print] testing xlinkurl:
13:26:36.785 [ForkJoinPool-1-worker-51] ERROR com.intuit.karate - org.apache.http.client.ClientProtocolException, http call failed after 0 milliseconds for URL: 
13:26:36.785 [ForkJoinPool-1-worker-51] ERROR com.intuit.karate - http request failed: 
org.apache.http.client.ClientProtocolException
13:26:36.785 [ForkJoinPool-1-worker-51] ERROR com.intuit.karate - feature call (loop) failed at index: 137
caller: classpath:InspireTest/def/checkxlinkurl.template.feature
arg: {"link":""}
checkxlinkurl.template.feature:21 - 
org.apache.http.client.ClientProtocolException
13:26:36.786 [ForkJoinPool-1-worker-51] INFO  com.intuit.karate - [print] testing xlinkurl:
13:26:36.786 [ForkJoinPool-1-worker-51] ERROR com.intuit.karate - org.apache.http.client.ClientProtocolException, http call failed after 0 milliseconds for URL: 
13:26:36.786 [ForkJoinPool-1-worker-51] ERROR com.intuit.karate - http request failed: 
org.apache.http.client.ClientProtocolException
13:26:36.786 [ForkJoinPool-1-worker-51] ERROR com.intuit.karate - feature call (loop) failed at index: 138
caller: classpath:InspireTest/def/checkxlinkurl.template.feature
arg: {"link":""}
checkxlinkurl.template.feature:21 - 
org.apache.http.client.ClientProtocolException
13:26:36.787 [ForkJoinPool-1-worker-51] INFO  com.intuit.karate - [print] testing xlinkurl:
13:26:36.795 [ForkJoinPool-1-worker-51] ERROR com.intuit.karate - org.apache.http.client.ClientProtocolException, http call failed after 0 milliseconds for URL: 
13:26:36.795 [ForkJoinPool-1-worker-51] ERROR com.intuit.karate - http request failed: 
org.apache.http.client.ClientProtocolException
13:26:36.795 [ForkJoinPool-1-worker-51] ERROR com.intuit.karate - feature call (loop) failed at index: 139
caller: classpath:InspireTest/def/checkxlinkurl.template.feature
arg: {"link":""}
checkxlinkurl.template.feature:21 - 
org.apache.http.client.ClientProtocolException
13:26:36.796 [ForkJoinPool-1-worker-51] INFO  com.intuit.karate - [print] testing xlinkurl:
13:26:36.796 [ForkJoinPool-1-worker-13] INFO  com.intuit.karate - [print] [
  "http://inspire.ec.europa.eu/metadata-codelist/PriorityDataset/DischargePointsToReceivingWaters-dir-1991-271"
]

13:26:36.797 [ForkJoinPool-1-worker-51] ERROR com.intuit.karate - org.apache.http.client.ClientProtocolException, http call failed after 0 milliseconds for URL: 
13:26:36.797 [ForkJoinPool-1-worker-51] ERROR com.intuit.karate - http request failed: 
org.apache.http.client.ClientProtocolException
13:26:36.797 [ForkJoinPool-1-worker-51] ERROR com.intuit.karate - feature call (loop) failed at index: 140
caller: classpath:InspireTest/def/checkxlinkurl.template.feature
arg: {"link":""}
checkxlinkurl.template.feature:21 - 
org.apache.http.client.ClientProtocolException
13:26:36.798 [ForkJoinPool-1-worker-51] INFO  com.intuit.karate - [print] testing xlinkurl:
13:26:36.798 [ForkJoinPool-1-worker-51] ERROR com.intuit.karate - org.apache.http.client.ClientProtocolException, http call failed after 0 milliseconds for URL: 
13:26:36.798 [ForkJoinPool-1-worker-51] ERROR com.intuit.karate - http request failed: 
org.apache.http.client.ClientProtocolException
13:26:36.798 [ForkJoinPool-1-worker-51] ERROR com.intuit.karate - feature call (loop) failed at index: 141
caller: classpath:InspireTest/def/checkxlinkurl.template.feature
arg: {"link":""}
checkxlinkurl.template.feature:21 - 
org.apache.http.client.ClientProtocolException
13:26:36.799 [ForkJoinPool-1-worker-51] INFO  com.intuit.karate - [print] testing xlinkurl:
13:26:36.800 [ForkJoinPool-1-worker-13] INFO  com.intuit.karate - [print] testing xlinkurl:http://inspire.ec.europa.eu/metadata-codelist/PriorityDataset/DischargePointsToReceivingWaters-dir-1991-271
13:26:36.800 [ForkJoinPool-1-worker-51] ERROR com.intuit.karate - org.apache.http.client.ClientProtocolException, http call failed after 0 milliseconds for URL: 
13:26:36.800 [ForkJoinPool-1-worker-51] ERROR com.intuit.karate - http request failed: 
org.apache.http.client.ClientProtocolException
13:26:36.807 [ForkJoinPool-1-worker-51] ERROR com.intuit.karate - feature call (loop) failed at index: 142
caller: classpath:InspireTest/def/checkxlinkurl.template.feature
arg: {"link":""}
checkxlinkurl.template.feature:21 - 
org.apache.http.client.ClientProtocolException
13:26:36.808 [ForkJoinPool-1-worker-51] INFO  com.intuit.karate - [print] testing xlinkurl:
13:26:36.813 [ForkJoinPool-1-worker-51] ERROR com.intuit.karate - org.apache.http.client.ClientProtocolException, http call failed after 0 milliseconds for URL: 
13:26:36.813 [ForkJoinPool-1-worker-51] ERROR com.intuit.karate - http request failed: 
org.apache.http.client.ClientProtocolException
13:26:36.814 [ForkJoinPool-1-worker-51] ERROR com.intuit.karate - feature call (loop) failed at index: 143
caller: classpath:InspireTest/def/checkxlinkurl.template.feature
arg: {"link":""}
checkxlinkurl.template.feature:21 - 
org.apache.http.client.ClientProtocolException
13:26:36.817 [ForkJoinPool-1-worker-51] INFO  com.intuit.karate - [print] testing xlinkurl:
13:26:36.818 [ForkJoinPool-1-worker-51] ERROR com.intuit.karate - org.apache.http.client.ClientProtocolException, http call failed after 0 milliseconds for URL: 
13:26:36.818 [ForkJoinPool-1-worker-51] ERROR com.intuit.karate - http request failed: 
org.apache.http.client.ClientProtocolException
13:26:36.818 [ForkJoinPool-1-worker-51] ERROR com.intuit.karate - feature call (loop) failed at index: 144
caller: classpath:InspireTest/def/checkxlinkurl.template.feature
arg: {"link":""}
checkxlinkurl.template.feature:21 - 
org.apache.http.client.ClientProtocolException
13:26:36.820 [ForkJoinPool-1-worker-51] INFO  com.intuit.karate - [print] testing xlinkurl:
13:26:36.821 [ForkJoinPool-1-worker-51] ERROR com.intuit.karate - org.apache.http.client.ClientProtocolException, http call failed after 0 milliseconds for URL: 
13:26:36.821 [ForkJoinPool-1-worker-51] ERROR com.intuit.karate - http request failed: 
org.apache.http.client.ClientProtocolException
13:26:36.821 [ForkJoinPool-1-worker-51] ERROR com.intuit.karate - feature call (loop) failed at index: 145
caller: classpath:InspireTest/def/checkxlinkurl.template.feature
arg: {"link":""}
checkxlinkurl.template.feature:21 - 
org.apache.http.client.ClientProtocolException
13:26:36.822 [ForkJoinPool-1-worker-51] INFO  com.intuit.karate - [print] testing xlinkurl:
13:26:36.824 [ForkJoinPool-1-worker-51] ERROR com.intuit.karate - org.apache.http.client.ClientProtocolException, http call failed after 0 milliseconds for URL: 
13:26:36.824 [ForkJoinPool-1-worker-51] ERROR com.intuit.karate - http request failed: 
org.apache.http.client.ClientProtocolException
13:26:36.834 [ForkJoinPool-1-worker-51] ERROR com.intuit.karate - feature call (loop) failed at index: 146
caller: classpath:InspireTest/def/checkxlinkurl.template.feature
arg: {"link":""}
checkxlinkurl.template.feature:21 - 
org.apache.http.client.ClientProtocolException
13:26:36.835 [ForkJoinPool-1-worker-51] INFO  com.intuit.karate - [print] testing xlinkurl:
13:26:36.837 [ForkJoinPool-1-worker-51] ERROR com.intuit.karate - org.apache.http.client.ClientProtocolException, http call failed after 0 milliseconds for URL: 
13:26:36.837 [ForkJoinPool-1-worker-51] ERROR com.intuit.karate - http request failed: 
org.apache.http.client.ClientProtocolException
13:26:36.838 [ForkJoinPool-1-worker-51] ERROR com.intuit.karate - feature call (loop) failed at index: 147
caller: classpath:InspireTest/def/checkxlinkurl.template.feature
arg: {"link":""}
checkxlinkurl.template.feature:21 - 
org.apache.http.client.ClientProtocolException
13:26:36.858 [ForkJoinPool-1-worker-51] INFO  com.intuit.karate - [print] testing xlinkurl:
13:26:36.859 [ForkJoinPool-1-worker-51] ERROR com.intuit.karate - org.apache.http.client.ClientProtocolException, http call failed after 0 milliseconds for URL: 
13:26:36.859 [ForkJoinPool-1-worker-51] ERROR com.intuit.karate - http request failed: 
org.apache.http.client.ClientProtocolException
13:26:36.859 [ForkJoinPool-1-worker-51] ERROR com.intuit.karate - feature call (loop) failed at index: 148
caller: classpath:InspireTest/def/checkxlinkurl.template.feature
arg: {"link":""}
checkxlinkurl.template.feature:21 - 
org.apache.http.client.ClientProtocolException
13:26:36.864 [ForkJoinPool-1-worker-51] INFO  com.intuit.karate - [print] testing xlinkurl:
13:26:36.865 [ForkJoinPool-1-worker-51] ERROR com.intuit.karate - org.apache.http.client.ClientProtocolException, http call failed after 0 milliseconds for URL: 
13:26:36.867 [ForkJoinPool-1-worker-51] ERROR com.intuit.karate - http request failed: 
org.apache.http.client.ClientProtocolException
13:26:36.868 [ForkJoinPool-1-worker-51] ERROR com.intuit.karate - feature call (loop) failed at index: 149
caller: classpath:InspireTest/def/checkxlinkurl.template.feature
arg: {"link":""}
checkxlinkurl.template.feature:21 - 
org.apache.http.client.ClientProtocolException
13:26:36.877 [ForkJoinPool-1-worker-51] INFO  com.intuit.karate - [print] testing xlinkurl:
13:26:36.878 [ForkJoinPool-1-worker-51] ERROR com.intuit.karate - org.apache.http.client.ClientProtocolException, http call failed after 0 milliseconds for URL: 
13:26:36.880 [ForkJoinPool-1-worker-51] ERROR com.intuit.karate - http request failed: 
org.apache.http.client.ClientProtocolException
13:26:36.881 [ForkJoinPool-1-worker-51] ERROR com.intuit.karate - feature call (loop) failed at index: 150
caller: classpath:InspireTest/def/checkxlinkurl.template.feature
arg: {"link":""}
checkxlinkurl.template.feature:21 - 
org.apache.http.client.ClientProtocolException
13:26:36.883 [ForkJoinPool-1-worker-51] INFO  com.intuit.karate - [print] testing xlinkurl:
13:26:36.885 [ForkJoinPool-1-worker-51] ERROR com.intuit.karate - org.apache.http.client.ClientProtocolException, http call failed after 0 milliseconds for URL: 
13:26:36.887 [ForkJoinPool-1-worker-51] ERROR com.intuit.karate - http request failed: 
org.apache.http.client.ClientProtocolException
13:26:36.888 [ForkJoinPool-1-worker-51] ERROR com.intuit.karate - feature call (loop) failed at index: 151
caller: classpath:InspireTest/def/checkxlinkurl.template.feature
arg: {"link":""}
checkxlinkurl.template.feature:21 - 
org.apache.http.client.ClientProtocolException
13:26:36.890 [ForkJoinPool-1-worker-51] INFO  com.intuit.karate - [print] testing xlinkurl:
13:26:36.890 [ForkJoinPool-1-worker-51] ERROR com.intuit.karate - org.apache.http.client.ClientProtocolException, http call failed after 0 milliseconds for URL: 
13:26:36.891 [ForkJoinPool-1-worker-51] ERROR com.intuit.karate - http request failed: 
org.apache.http.client.ClientProtocolException
13:26:36.892 [ForkJoinPool-1-worker-51] ERROR com.intuit.karate - feature call (loop) failed at index: 152
caller: classpath:InspireTest/def/checkxlinkurl.template.feature
arg: {"link":""}
checkxlinkurl.template.feature:21 - 
org.apache.http.client.ClientProtocolException
13:26:36.894 [ForkJoinPool-1-worker-51] INFO  com.intuit.karate - [print] testing xlinkurl:
13:26:36.896 [ForkJoinPool-1-worker-51] ERROR com.intuit.karate - org.apache.http.client.ClientProtocolException, http call failed after 0 milliseconds for URL: 
13:26:36.896 [ForkJoinPool-1-worker-51] ERROR com.intuit.karate - http request failed: 
org.apache.http.client.ClientProtocolException
13:26:36.897 [ForkJoinPool-1-worker-51] ERROR com.intuit.karate - feature call (loop) failed at index: 153
caller: classpath:InspireTest/def/checkxlinkurl.template.feature
arg: {"link":""}
checkxlinkurl.template.feature:21 - 
org.apache.http.client.ClientProtocolException
13:26:36.899 [ForkJoinPool-1-worker-51] INFO  com.intuit.karate - [print] testing xlinkurl:
13:26:36.901 [ForkJoinPool-1-worker-51] ERROR com.intuit.karate - org.apache.http.client.ClientProtocolException, http call failed after 0 milliseconds for URL: 
13:26:36.902 [ForkJoinPool-1-worker-51] ERROR com.intuit.karate - http request failed: 
org.apache.http.client.ClientProtocolException
13:26:36.902 [ForkJoinPool-1-worker-51] ERROR com.intuit.karate - feature call (loop) failed at index: 154
caller: classpath:InspireTest/def/checkxlinkurl.template.feature
arg: {"link":""}
checkxlinkurl.template.feature:21 - 
org.apache.http.client.ClientProtocolException
13:26:36.903 [ForkJoinPool-1-worker-51] INFO  com.intuit.karate - [print] testing xlinkurl:
13:26:36.905 [ForkJoinPool-1-worker-51] ERROR com.intuit.karate - org.apache.http.client.ClientProtocolException, http call failed after 0 milliseconds for URL: 
13:26:36.905 [ForkJoinPool-1-worker-51] ERROR com.intuit.karate - http request failed: 
org.apache.http.client.ClientProtocolException
13:26:36.906 [ForkJoinPool-1-worker-51] ERROR com.intuit.karate - feature call (loop) failed at index: 155
caller: classpath:InspireTest/def/checkxlinkurl.template.feature
arg: {"link":""}
checkxlinkurl.template.feature:21 - 
org.apache.http.client.ClientProtocolException
13:26:36.907 [ForkJoinPool-1-worker-51] INFO  com.intuit.karate - [print] testing xlinkurl:
13:26:36.908 [ForkJoinPool-1-worker-51] ERROR com.intuit.karate - org.apache.http.client.ClientProtocolException, http call failed after 0 milliseconds for URL: 
13:26:36.909 [ForkJoinPool-1-worker-51] ERROR com.intuit.karate - http request failed: 
org.apache.http.client.ClientProtocolException
13:26:36.909 [ForkJoinPool-1-worker-51] ERROR com.intuit.karate - feature call (loop) failed at index: 156
caller: classpath:InspireTest/def/checkxlinkurl.template.feature
arg: {"link":""}
checkxlinkurl.template.feature:21 - 
org.apache.http.client.ClientProtocolException
13:26:36.911 [ForkJoinPool-1-worker-51] INFO  com.intuit.karate - [print] testing xlinkurl:
13:26:36.912 [ForkJoinPool-1-worker-51] ERROR com.intuit.karate - org.apache.http.client.ClientProtocolException, http call failed after 0 milliseconds for URL: 
13:26:36.912 [ForkJoinPool-1-worker-51] ERROR com.intuit.karate - http request failed: 
org.apache.http.client.ClientProtocolException
13:26:36.913 [ForkJoinPool-1-worker-51] ERROR com.intuit.karate - feature call (loop) failed at index: 157
caller: classpath:InspireTest/def/checkxlinkurl.template.feature
arg: {"link":""}
checkxlinkurl.template.feature:21 - 
org.apache.http.client.ClientProtocolException
13:26:36.914 [ForkJoinPool-1-worker-51] INFO  com.intuit.karate - [print] testing xlinkurl:http://nationaalgeoregister.nl/geonetwork/srv/en/csw?service=CSW&version=2.0.2&request=GetRecordById&outputschema=http://www.isotc211.org/2005/gmd&elementsetname=full&id=977e0e94-7aa9-4784-b2da-eaec44adb61b#MD_DataIdentification
13:26:37.610 [ForkJoinPool-1-worker-59] INFO  com.intuit.karate - [print] testing xlinkurl:http://rdfdata.eionet.europa.eu/inspirethemes/themes/10
13:26:37.815 [ForkJoinPool-1-worker-5] INFO  com.intuit.karate - [print] [
  "http://inspire.ec.europa.eu/metadata-codelist/PriorityDataset/DrinkingWaterAbstractionPoints-dir-1998-83"
]

13:26:37.820 [ForkJoinPool-1-worker-63] INFO  com.intuit.karate - [print] [
  "http://inspire.ec.europa.eu/metadata-codelist/PriorityDataset/EstablishmentsInvolvingDangerousSubstances-dir-2012-18"
]

13:26:37.824 [ForkJoinPool-1-worker-5] INFO  com.intuit.karate - [print] testing xlinkurl:http://inspire.ec.europa.eu/metadata-codelist/PriorityDataset/DrinkingWaterAbstractionPoints-dir-1998-83
13:26:37.826 [ForkJoinPool-1-worker-63] INFO  com.intuit.karate - [print] testing xlinkurl:http://inspire.ec.europa.eu/metadata-codelist/PriorityDataset/EstablishmentsInvolvingDangerousSubstances-dir-2012-18
13:26:37.827 [ForkJoinPool-1-worker-61] INFO  com.intuit.karate - [print] [
  "http://inspire.ec.europa.eu/metadata-codelist/PriorityDataset/FloodedAreas-dir-2007-60"
]

13:26:37.833 [ForkJoinPool-1-worker-59] ERROR com.intuit.karate - assertion failed: path: $, actual: 404, expected: 200, reason: not equal (Integer)
13:26:37.833 [ForkJoinPool-1-worker-59] ERROR com.intuit.karate - feature call (loop) failed at index: 0
caller: classpath:InspireTest/def/checkxlinkurl.template.feature
arg: {"link":"http://rdfdata.eionet.europa.eu/inspirethemes/themes/10"}
checkxlinkurl.template.feature:28 - path: $, actual: 404, expected: 200, reason: not equal (Integer)
13:26:37.834 [ForkJoinPool-1-worker-59] INFO  com.intuit.karate - [print] testing xlinkurl:http://geonetwork-opensource.org/inspire-theme#
13:26:37.838 [ForkJoinPool-1-worker-61] INFO  com.intuit.karate - [print] testing xlinkurl:http://inspire.ec.europa.eu/metadata-codelist/PriorityDataset/FloodedAreas-dir-2007-60
13:26:38.434 [ForkJoinPool-1-worker-59] ERROR com.intuit.karate - assertion failed: path: $, actual: 404, expected: 200, reason: not equal (Integer)
13:26:38.435 [ForkJoinPool-1-worker-59] ERROR com.intuit.karate - feature call (loop) failed at index: 1
caller: classpath:InspireTest/def/checkxlinkurl.template.feature
arg: {"link":"http://geonetwork-opensource.org/inspire-theme#"}
checkxlinkurl.template.feature:28 - path: $, actual: 404, expected: 200, reason: not equal (Integer)
13:26:38.438 [ForkJoinPool-1-worker-59] INFO  com.intuit.karate - [print] testing xlinkurl:http://inspire.ec.europa.eu/metadata-codelist/SpatialDataServiceCategory/infoMapAccessService
13:26:38.841 [ForkJoinPool-1-worker-49] ERROR com.intuit.karate - java.net.SocketTimeoutException: Read timed out, http call failed after 5612 milliseconds for URL: http://inspire.ec.europa.eu/metadata-codelist/SpatialDataServiceCategory/infoMapAccessService
13:26:38.841 [ForkJoinPool-1-worker-49] ERROR com.intuit.karate - http request failed: 
java.net.SocketTimeoutException: Read timed out
13:26:38.841 [ForkJoinPool-1-worker-49] ERROR com.intuit.karate - feature call (loop) failed at index: 0
caller: classpath:InspireTest/def/checkxlinkurl.template.feature
arg: {"link":"http://inspire.ec.europa.eu/metadata-codelist/SpatialDataServiceCategory/infoMapAccessService"}
checkxlinkurl.template.feature:21 - 
java.net.SocketTimeoutException: Read timed out
13:26:38.843 [ForkJoinPool-1-worker-49] INFO  com.intuit.karate - [print] testing xlinkurl:http://inspire.ec.europa.eu/metadata-codelist/SpatialDataServiceCategory
13:26:39.958 [ForkJoinPool-1-worker-37] ERROR com.intuit.karate - java.net.SocketTimeoutException: Read timed out, http call failed after 5335 milliseconds for URL: http://inspire.ec.europa.eu/metadata-codelist/SpatialDataServiceCategory/infoFeatureAccessService
13:26:39.958 [ForkJoinPool-1-worker-37] ERROR com.intuit.karate - http request failed: 
java.net.SocketTimeoutException: Read timed out
13:26:39.958 [ForkJoinPool-1-worker-37] ERROR com.intuit.karate - feature call (loop) failed at index: 2
caller: classpath:InspireTest/def/checkxlinkurl.template.feature
arg: {"link":"http://inspire.ec.europa.eu/metadata-codelist/SpatialDataServiceCategory/infoFeatureAccessService"}
checkxlinkurl.template.feature:21 - 
java.net.SocketTimeoutException: Read timed out
13:26:39.959 [ForkJoinPool-1-worker-37] INFO  com.intuit.karate - [print] testing xlinkurl:http://inspire.ec.europa.eu/metadata-codelist/SpatialDataServiceCategory
13:26:40.663 [ForkJoinPool-1-worker-23] ERROR com.intuit.karate - java.net.SocketTimeoutException: Read timed out, http call failed after 5336 milliseconds for URL: http://inspire.ec.europa.eu/metadata-codelist/SpatialDataServiceCategory/infoMapAccessService
13:26:40.663 [ForkJoinPool-1-worker-23] ERROR com.intuit.karate - http request failed: 
java.net.SocketTimeoutException: Read timed out
13:26:40.663 [ForkJoinPool-1-worker-23] ERROR com.intuit.karate - feature call (loop) failed at index: 1
caller: classpath:InspireTest/def/checkxlinkurl.template.feature
arg: {"link":"http://inspire.ec.europa.eu/metadata-codelist/SpatialDataServiceCategory/infoMapAccessService"}
checkxlinkurl.template.feature:21 - 
java.net.SocketTimeoutException: Read timed out
13:26:40.665 [ForkJoinPool-1-worker-23] INFO  com.intuit.karate - [print] testing xlinkurl:http://inspire.ec.europa.eu/metadata-codelist/SpatialDataServiceCategory
13:26:41.503 [ForkJoinPool-1-worker-45] ERROR com.intuit.karate - java.net.SocketTimeoutException: Read timed out, http call failed after 5334 milliseconds for URL: http://inspire.ec.europa.eu/metadata-codelist/SpatialDataServiceCategory/infoFeatureAccessService
13:26:41.503 [ForkJoinPool-1-worker-45] ERROR com.intuit.karate - http request failed: 
java.net.SocketTimeoutException: Read timed out
13:26:41.503 [ForkJoinPool-1-worker-45] ERROR com.intuit.karate - feature call (loop) failed at index: 2
caller: classpath:InspireTest/def/checkxlinkurl.template.feature
arg: {"link":"http://inspire.ec.europa.eu/metadata-codelist/SpatialDataServiceCategory/infoFeatureAccessService"}
checkxlinkurl.template.feature:21 - 
java.net.SocketTimeoutException: Read timed out
13:26:41.505 [ForkJoinPool-1-worker-45] INFO  com.intuit.karate - [print] testing xlinkurl:http://inspire.ec.europa.eu/metadata-codelist/SpatialDataServiceCategory#
13:26:41.706 [ForkJoinPool-1-worker-51] INFO  com.intuit.karate - [print] testing xlinkurl:http://inspire.ec.europa.eu/metadata-codelist/SpatialDataServiceCategory/infoMapAccessService
13:26:43.981 [ForkJoinPool-1-worker-59] ERROR com.intuit.karate - java.net.SocketTimeoutException: Read timed out, http call failed after 5330 milliseconds for URL: http://inspire.ec.europa.eu/metadata-codelist/SpatialDataServiceCategory/infoMapAccessService
13:26:43.981 [ForkJoinPool-1-worker-59] ERROR com.intuit.karate - http request failed: 
java.net.SocketTimeoutException: Read timed out
13:26:43.981 [ForkJoinPool-1-worker-59] ERROR com.intuit.karate - feature call (loop) failed at index: 2
caller: classpath:InspireTest/def/checkxlinkurl.template.feature
arg: {"link":"http://inspire.ec.europa.eu/metadata-codelist/SpatialDataServiceCategory/infoMapAccessService"}
checkxlinkurl.template.feature:21 - 
java.net.SocketTimeoutException: Read timed out
13:26:43.982 [ForkJoinPool-1-worker-59] INFO  com.intuit.karate - [print] testing xlinkurl:http://inspire.ec.europa.eu/metadata-codelist/SpatialDataServiceCategory#
13:26:44.332 [ForkJoinPool-1-worker-3] INFO  com.intuit.karate - [print] [
  "http://inspire.ec.europa.eu/metadata-codelist/PriorityDataset/FloodRiskZones-dir-2007-60"
]

13:26:44.337 [ForkJoinPool-1-worker-3] INFO  com.intuit.karate - [print] testing xlinkurl:http://inspire.ec.europa.eu/metadata-codelist/PriorityDataset/FloodRiskZones-dir-2007-60
13:26:44.389 [ForkJoinPool-1-worker-49] ERROR com.intuit.karate - java.net.SocketTimeoutException: Read timed out, http call failed after 5334 milliseconds for URL: http://inspire.ec.europa.eu/metadata-codelist/SpatialDataServiceCategory
13:26:44.389 [ForkJoinPool-1-worker-49] ERROR com.intuit.karate - http request failed: 
java.net.SocketTimeoutException: Read timed out
13:26:44.389 [ForkJoinPool-1-worker-49] ERROR com.intuit.karate - feature call (loop) failed at index: 1
caller: classpath:InspireTest/def/checkxlinkurl.template.feature
arg: {"link":"http://inspire.ec.europa.eu/metadata-codelist/SpatialDataServiceCategory"}
checkxlinkurl.template.feature:21 - 
java.net.SocketTimeoutException: Read timed out
13:26:44.391 [ForkJoinPool-1-worker-49] INFO  com.intuit.karate - [print] testing xlinkurl:https://www.nationaalgeoregister.nl:443/geonetwork/srv/eng/thesaurus.download?ref=external.theme.httpinspireeceuropaeumetadatacodelistSpatialDataServiceCategory-SpatialDataServiceCategory
13:26:44.681 [ForkJoinPool-1-worker-49] INFO  com.intuit.karate - [print] testing xlinkurl:https://www.nationaalgeoregister.nl:443/geonetwork/srv/dut/csw?service=CSW&request=GetRecordById&version=2.0.2&outputSchema=http://www.isotc211.org/2005/gmd&elementSetName=full&id=493ab81b-75f8-4205-b030-6b2fd9eb4295#MD_DataIdentification
13:26:45.505 [ForkJoinPool-1-worker-37] ERROR com.intuit.karate - java.net.SocketTimeoutException: Read timed out, http call failed after 5335 milliseconds for URL: http://inspire.ec.europa.eu/metadata-codelist/SpatialDataServiceCategory
13:26:45.505 [ForkJoinPool-1-worker-37] ERROR com.intuit.karate - http request failed: 
java.net.SocketTimeoutException: Read timed out
13:26:45.505 [ForkJoinPool-1-worker-37] ERROR com.intuit.karate - feature call (loop) failed at index: 3
caller: classpath:InspireTest/def/checkxlinkurl.template.feature
arg: {"link":"http://inspire.ec.europa.eu/metadata-codelist/SpatialDataServiceCategory"}
checkxlinkurl.template.feature:21 - 
java.net.SocketTimeoutException: Read timed out
13:26:45.508 [ForkJoinPool-1-worker-37] INFO  com.intuit.karate - [print] testing xlinkurl:https://www.nationaalgeoregister.nl/geonetwork/srv/eng/thesaurus.download?ref=external.theme.httpinspireeceuropaeumetadatacodelistSpatialDataServiceCategory-SpatialDataServiceCategory
13:26:45.794 [ForkJoinPool-1-worker-37] INFO  com.intuit.karate - [print] testing xlinkurl:
13:26:45.795 [ForkJoinPool-1-worker-37] ERROR com.intuit.karate - org.apache.http.client.ClientProtocolException, http call failed after 0 milliseconds for URL: 
13:26:45.796 [ForkJoinPool-1-worker-37] ERROR com.intuit.karate - http request failed: 
org.apache.http.client.ClientProtocolException
13:26:45.796 [ForkJoinPool-1-worker-37] ERROR com.intuit.karate - feature call (loop) failed at index: 5
caller: classpath:InspireTest/def/checkxlinkurl.template.feature
arg: {"link":""}
checkxlinkurl.template.feature:21 - 
org.apache.http.client.ClientProtocolException
13:26:45.797 [ForkJoinPool-1-worker-37] INFO  com.intuit.karate - [print] testing xlinkurl:
13:26:45.799 [ForkJoinPool-1-worker-37] ERROR com.intuit.karate - org.apache.http.client.ClientProtocolException, http call failed after 0 milliseconds for URL: 
13:26:45.799 [ForkJoinPool-1-worker-37] ERROR com.intuit.karate - http request failed: 
org.apache.http.client.ClientProtocolException
13:26:45.799 [ForkJoinPool-1-worker-37] ERROR com.intuit.karate - feature call (loop) failed at index: 6
caller: classpath:InspireTest/def/checkxlinkurl.template.feature
arg: {"link":""}
checkxlinkurl.template.feature:21 - 
org.apache.http.client.ClientProtocolException
13:26:45.800 [ForkJoinPool-1-worker-37] INFO  com.intuit.karate - [print] testing xlinkurl:
13:26:45.802 [ForkJoinPool-1-worker-37] ERROR com.intuit.karate - org.apache.http.client.ClientProtocolException, http call failed after 0 milliseconds for URL: 
13:26:45.802 [ForkJoinPool-1-worker-37] ERROR com.intuit.karate - http request failed: 
org.apache.http.client.ClientProtocolException
13:26:45.802 [ForkJoinPool-1-worker-37] ERROR com.intuit.karate - feature call (loop) failed at index: 7
caller: classpath:InspireTest/def/checkxlinkurl.template.feature
arg: {"link":""}
checkxlinkurl.template.feature:21 - 
org.apache.http.client.ClientProtocolException
13:26:45.805 [ForkJoinPool-1-worker-37] INFO  com.intuit.karate - [print] testing xlinkurl:
13:26:45.807 [ForkJoinPool-1-worker-37] ERROR com.intuit.karate - org.apache.http.client.ClientProtocolException, http call failed after 0 milliseconds for URL: 
13:26:45.807 [ForkJoinPool-1-worker-37] ERROR com.intuit.karate - http request failed: 
org.apache.http.client.ClientProtocolException
13:26:45.807 [ForkJoinPool-1-worker-37] ERROR com.intuit.karate - feature call (loop) failed at index: 8
caller: classpath:InspireTest/def/checkxlinkurl.template.feature
arg: {"link":""}
checkxlinkurl.template.feature:21 - 
org.apache.http.client.ClientProtocolException
13:26:45.808 [ForkJoinPool-1-worker-37] INFO  com.intuit.karate - [print] testing xlinkurl:
13:26:45.810 [ForkJoinPool-1-worker-37] ERROR com.intuit.karate - org.apache.http.client.ClientProtocolException, http call failed after 0 milliseconds for URL: 
13:26:45.810 [ForkJoinPool-1-worker-37] ERROR com.intuit.karate - http request failed: 
org.apache.http.client.ClientProtocolException
13:26:45.810 [ForkJoinPool-1-worker-37] ERROR com.intuit.karate - feature call (loop) failed at index: 9
caller: classpath:InspireTest/def/checkxlinkurl.template.feature
arg: {"link":""}
checkxlinkurl.template.feature:21 - 
org.apache.http.client.ClientProtocolException
13:26:45.811 [ForkJoinPool-1-worker-37] INFO  com.intuit.karate - [print] testing xlinkurl:
13:26:45.813 [ForkJoinPool-1-worker-37] ERROR com.intuit.karate - org.apache.http.client.ClientProtocolException, http call failed after 0 milliseconds for URL: 
13:26:45.813 [ForkJoinPool-1-worker-37] ERROR com.intuit.karate - http request failed: 
org.apache.http.client.ClientProtocolException
13:26:45.814 [ForkJoinPool-1-worker-37] ERROR com.intuit.karate - feature call (loop) failed at index: 10
caller: classpath:InspireTest/def/checkxlinkurl.template.feature
arg: {"link":""}
checkxlinkurl.template.feature:21 - 
org.apache.http.client.ClientProtocolException
13:26:45.815 [ForkJoinPool-1-worker-37] INFO  com.intuit.karate - [print] testing xlinkurl:
13:26:45.817 [ForkJoinPool-1-worker-37] ERROR com.intuit.karate - org.apache.http.client.ClientProtocolException, http call failed after 0 milliseconds for URL: 
13:26:45.818 [ForkJoinPool-1-worker-37] ERROR com.intuit.karate - http request failed: 
org.apache.http.client.ClientProtocolException
13:26:45.818 [ForkJoinPool-1-worker-37] ERROR com.intuit.karate - feature call (loop) failed at index: 11
caller: classpath:InspireTest/def/checkxlinkurl.template.feature
arg: {"link":""}
checkxlinkurl.template.feature:21 - 
org.apache.http.client.ClientProtocolException
13:26:45.820 [ForkJoinPool-1-worker-37] INFO  com.intuit.karate - [print] testing xlinkurl:
13:26:45.821 [ForkJoinPool-1-worker-37] ERROR com.intuit.karate - org.apache.http.client.ClientProtocolException, http call failed after 0 milliseconds for URL: 
13:26:45.823 [ForkJoinPool-1-worker-37] ERROR com.intuit.karate - http request failed: 
org.apache.http.client.ClientProtocolException
13:26:45.824 [ForkJoinPool-1-worker-37] ERROR com.intuit.karate - feature call (loop) failed at index: 12
caller: classpath:InspireTest/def/checkxlinkurl.template.feature
arg: {"link":""}
checkxlinkurl.template.feature:21 - 
org.apache.http.client.ClientProtocolException
13:26:45.824 [ForkJoinPool-1-worker-37] INFO  com.intuit.karate - [print] testing xlinkurl:
13:26:45.829 [ForkJoinPool-1-worker-37] ERROR com.intuit.karate - org.apache.http.client.ClientProtocolException, http call failed after 0 milliseconds for URL: 
13:26:45.829 [ForkJoinPool-1-worker-37] ERROR com.intuit.karate - http request failed: 
org.apache.http.client.ClientProtocolException
13:26:45.829 [ForkJoinPool-1-worker-37] ERROR com.intuit.karate - feature call (loop) failed at index: 13
caller: classpath:InspireTest/def/checkxlinkurl.template.feature
arg: {"link":""}
checkxlinkurl.template.feature:21 - 
org.apache.http.client.ClientProtocolException
13:26:45.833 [ForkJoinPool-1-worker-37] INFO  com.intuit.karate - [print] testing xlinkurl:
13:26:45.834 [ForkJoinPool-1-worker-37] ERROR com.intuit.karate - org.apache.http.client.ClientProtocolException, http call failed after 0 milliseconds for URL: 
13:26:45.836 [ForkJoinPool-1-worker-37] ERROR com.intuit.karate - http request failed: 
org.apache.http.client.ClientProtocolException
13:26:45.837 [ForkJoinPool-1-worker-37] ERROR com.intuit.karate - feature call (loop) failed at index: 14
caller: classpath:InspireTest/def/checkxlinkurl.template.feature
arg: {"link":""}
checkxlinkurl.template.feature:21 - 
org.apache.http.client.ClientProtocolException
13:26:45.840 [ForkJoinPool-1-worker-37] INFO  com.intuit.karate - [print] testing xlinkurl:
13:26:45.842 [ForkJoinPool-1-worker-37] ERROR com.intuit.karate - org.apache.http.client.ClientProtocolException, http call failed after 0 milliseconds for URL: 
13:26:45.844 [ForkJoinPool-1-worker-37] ERROR com.intuit.karate - http request failed: 
org.apache.http.client.ClientProtocolException
13:26:45.844 [ForkJoinPool-1-worker-37] ERROR com.intuit.karate - feature call (loop) failed at index: 15
caller: classpath:InspireTest/def/checkxlinkurl.template.feature
arg: {"link":""}
checkxlinkurl.template.feature:21 - 
org.apache.http.client.ClientProtocolException
13:26:45.850 [ForkJoinPool-1-worker-37] INFO  com.intuit.karate - [print] testing xlinkurl:
13:26:45.851 [ForkJoinPool-1-worker-37] ERROR com.intuit.karate - org.apache.http.client.ClientProtocolException, http call failed after 0 milliseconds for URL: 
13:26:45.854 [ForkJoinPool-1-worker-37] ERROR com.intuit.karate - http request failed: 
org.apache.http.client.ClientProtocolException
13:26:45.854 [ForkJoinPool-1-worker-37] ERROR com.intuit.karate - feature call (loop) failed at index: 16
caller: classpath:InspireTest/def/checkxlinkurl.template.feature
arg: {"link":""}
checkxlinkurl.template.feature:21 - 
org.apache.http.client.ClientProtocolException
13:26:45.856 [ForkJoinPool-1-worker-37] INFO  com.intuit.karate - [print] testing xlinkurl:
13:26:45.858 [ForkJoinPool-1-worker-37] ERROR com.intuit.karate - org.apache.http.client.ClientProtocolException, http call failed after 0 milliseconds for URL: 
13:26:45.860 [ForkJoinPool-1-worker-37] ERROR com.intuit.karate - http request failed: 
org.apache.http.client.ClientProtocolException
13:26:45.860 [ForkJoinPool-1-worker-37] ERROR com.intuit.karate - feature call (loop) failed at index: 17
caller: classpath:InspireTest/def/checkxlinkurl.template.feature
arg: {"link":""}
checkxlinkurl.template.feature:21 - 
org.apache.http.client.ClientProtocolException
13:26:45.862 [ForkJoinPool-1-worker-37] INFO  com.intuit.karate - [print] testing xlinkurl:
13:26:45.865 [ForkJoinPool-1-worker-37] ERROR com.intuit.karate - org.apache.http.client.ClientProtocolException, http call failed after 0 milliseconds for URL: 
13:26:45.867 [ForkJoinPool-1-worker-37] ERROR com.intuit.karate - http request failed: 
org.apache.http.client.ClientProtocolException
13:26:45.867 [ForkJoinPool-1-worker-37] ERROR com.intuit.karate - feature call (loop) failed at index: 18
caller: classpath:InspireTest/def/checkxlinkurl.template.feature
arg: {"link":""}
checkxlinkurl.template.feature:21 - 
org.apache.http.client.ClientProtocolException
13:26:45.870 [ForkJoinPool-1-worker-37] INFO  com.intuit.karate - [print] testing xlinkurl:
13:26:45.871 [ForkJoinPool-1-worker-37] ERROR com.intuit.karate - org.apache.http.client.ClientProtocolException, http call failed after 0 milliseconds for URL: 
13:26:45.874 [ForkJoinPool-1-worker-37] ERROR com.intuit.karate - http request failed: 
org.apache.http.client.ClientProtocolException
13:26:45.874 [ForkJoinPool-1-worker-37] ERROR com.intuit.karate - feature call (loop) failed at index: 19
caller: classpath:InspireTest/def/checkxlinkurl.template.feature
arg: {"link":""}
checkxlinkurl.template.feature:21 - 
org.apache.http.client.ClientProtocolException
13:26:45.876 [ForkJoinPool-1-worker-37] INFO  com.intuit.karate - [print] testing xlinkurl:
13:26:45.878 [ForkJoinPool-1-worker-37] ERROR com.intuit.karate - org.apache.http.client.ClientProtocolException, http call failed after 0 milliseconds for URL: 
13:26:45.881 [ForkJoinPool-1-worker-37] ERROR com.intuit.karate - http request failed: 
org.apache.http.client.ClientProtocolException
13:26:45.881 [ForkJoinPool-1-worker-37] ERROR com.intuit.karate - feature call (loop) failed at index: 20
caller: classpath:InspireTest/def/checkxlinkurl.template.feature
arg: {"link":""}
checkxlinkurl.template.feature:21 - 
org.apache.http.client.ClientProtocolException
13:26:45.884 [ForkJoinPool-1-worker-37] INFO  com.intuit.karate - [print] testing xlinkurl:
13:26:45.888 [ForkJoinPool-1-worker-37] ERROR com.intuit.karate - org.apache.http.client.ClientProtocolException, http call failed after 0 milliseconds for URL: 
13:26:45.889 [ForkJoinPool-1-worker-37] ERROR com.intuit.karate - http request failed: 
org.apache.http.client.ClientProtocolException
13:26:45.889 [ForkJoinPool-1-worker-37] ERROR com.intuit.karate - feature call (loop) failed at index: 21
caller: classpath:InspireTest/def/checkxlinkurl.template.feature
arg: {"link":""}
checkxlinkurl.template.feature:21 - 
org.apache.http.client.ClientProtocolException
13:26:45.900 [ForkJoinPool-1-worker-37] INFO  com.intuit.karate - [print] testing xlinkurl:
13:26:45.902 [ForkJoinPool-1-worker-37] ERROR com.intuit.karate - org.apache.http.client.ClientProtocolException, http call failed after 0 milliseconds for URL: 
13:26:45.902 [ForkJoinPool-1-worker-37] ERROR com.intuit.karate - http request failed: 
org.apache.http.client.ClientProtocolException
13:26:45.903 [ForkJoinPool-1-worker-37] ERROR com.intuit.karate - feature call (loop) failed at index: 22
caller: classpath:InspireTest/def/checkxlinkurl.template.feature
arg: {"link":""}
checkxlinkurl.template.feature:21 - 
org.apache.http.client.ClientProtocolException
13:26:45.903 [ForkJoinPool-1-worker-37] INFO  com.intuit.karate - [print] testing xlinkurl:
13:26:45.906 [ForkJoinPool-1-worker-37] ERROR com.intuit.karate - org.apache.http.client.ClientProtocolException, http call failed after 0 milliseconds for URL: 
13:26:45.906 [ForkJoinPool-1-worker-37] ERROR com.intuit.karate - http request failed: 
org.apache.http.client.ClientProtocolException
13:26:45.906 [ForkJoinPool-1-worker-37] ERROR com.intuit.karate - feature call (loop) failed at index: 23
caller: classpath:InspireTest/def/checkxlinkurl.template.feature
arg: {"link":""}
checkxlinkurl.template.feature:21 - 
org.apache.http.client.ClientProtocolException
13:26:45.913 [ForkJoinPool-1-worker-37] INFO  com.intuit.karate - [print] testing xlinkurl:
13:26:45.915 [ForkJoinPool-1-worker-37] ERROR com.intuit.karate - org.apache.http.client.ClientProtocolException, http call failed after 0 milliseconds for URL: 
13:26:45.915 [ForkJoinPool-1-worker-37] ERROR com.intuit.karate - http request failed: 
org.apache.http.client.ClientProtocolException
13:26:45.915 [ForkJoinPool-1-worker-37] ERROR com.intuit.karate - feature call (loop) failed at index: 24
caller: classpath:InspireTest/def/checkxlinkurl.template.feature
arg: {"link":""}
checkxlinkurl.template.feature:21 - 
org.apache.http.client.ClientProtocolException
13:26:45.917 [ForkJoinPool-1-worker-37] INFO  com.intuit.karate - [print] testing xlinkurl:
13:26:45.919 [ForkJoinPool-1-worker-37] ERROR com.intuit.karate - org.apache.http.client.ClientProtocolException, http call failed after 0 milliseconds for URL: 
13:26:45.919 [ForkJoinPool-1-worker-37] ERROR com.intuit.karate - http request failed: 
org.apache.http.client.ClientProtocolException
13:26:45.919 [ForkJoinPool-1-worker-37] ERROR com.intuit.karate - feature call (loop) failed at index: 25
caller: classpath:InspireTest/def/checkxlinkurl.template.feature
arg: {"link":""}
checkxlinkurl.template.feature:21 - 
org.apache.http.client.ClientProtocolException
13:26:45.921 [ForkJoinPool-1-worker-37] INFO  com.intuit.karate - [print] testing xlinkurl:
13:26:45.922 [ForkJoinPool-1-worker-37] ERROR com.intuit.karate - org.apache.http.client.ClientProtocolException, http call failed after 0 milliseconds for URL: 
13:26:45.922 [ForkJoinPool-1-worker-37] ERROR com.intuit.karate - http request failed: 
org.apache.http.client.ClientProtocolException
13:26:45.924 [ForkJoinPool-1-worker-37] ERROR com.intuit.karate - feature call (loop) failed at index: 26
caller: classpath:InspireTest/def/checkxlinkurl.template.feature
arg: {"link":""}
checkxlinkurl.template.feature:21 - 
org.apache.http.client.ClientProtocolException
13:26:45.925 [ForkJoinPool-1-worker-37] INFO  com.intuit.karate - [print] testing xlinkurl:
13:26:45.930 [ForkJoinPool-1-worker-37] ERROR com.intuit.karate - org.apache.http.client.ClientProtocolException, http call failed after 0 milliseconds for URL: 
13:26:45.930 [ForkJoinPool-1-worker-37] ERROR com.intuit.karate - http request failed: 
org.apache.http.client.ClientProtocolException
13:26:45.930 [ForkJoinPool-1-worker-37] ERROR com.intuit.karate - feature call (loop) failed at index: 27
caller: classpath:InspireTest/def/checkxlinkurl.template.feature
arg: {"link":""}
checkxlinkurl.template.feature:21 - 
org.apache.http.client.ClientProtocolException
13:26:45.931 [ForkJoinPool-1-worker-37] INFO  com.intuit.karate - [print] testing xlinkurl:
13:26:45.933 [ForkJoinPool-1-worker-37] ERROR com.intuit.karate - org.apache.http.client.ClientProtocolException, http call failed after 0 milliseconds for URL: 
13:26:45.933 [ForkJoinPool-1-worker-37] ERROR com.intuit.karate - http request failed: 
org.apache.http.client.ClientProtocolException
13:26:45.934 [ForkJoinPool-1-worker-37] ERROR com.intuit.karate - feature call (loop) failed at index: 28
caller: classpath:InspireTest/def/checkxlinkurl.template.feature
arg: {"link":""}
checkxlinkurl.template.feature:21 - 
org.apache.http.client.ClientProtocolException
13:26:45.938 [ForkJoinPool-1-worker-37] INFO  com.intuit.karate - [print] testing xlinkurl:
13:26:45.939 [ForkJoinPool-1-worker-37] ERROR com.intuit.karate - org.apache.http.client.ClientProtocolException, http call failed after 0 milliseconds for URL: 
13:26:45.939 [ForkJoinPool-1-worker-37] ERROR com.intuit.karate - http request failed: 
org.apache.http.client.ClientProtocolException
13:26:45.939 [ForkJoinPool-1-worker-37] ERROR com.intuit.karate - feature call (loop) failed at index: 29
caller: classpath:InspireTest/def/checkxlinkurl.template.feature
arg: {"link":""}
checkxlinkurl.template.feature:21 - 
org.apache.http.client.ClientProtocolException
13:26:45.941 [ForkJoinPool-1-worker-37] INFO  com.intuit.karate - [print] testing xlinkurl:
13:26:45.942 [ForkJoinPool-1-worker-37] ERROR com.intuit.karate - org.apache.http.client.ClientProtocolException, http call failed after 0 milliseconds for URL: 
13:26:45.942 [ForkJoinPool-1-worker-37] ERROR com.intuit.karate - http request failed: 
org.apache.http.client.ClientProtocolException
13:26:45.942 [ForkJoinPool-1-worker-37] ERROR com.intuit.karate - feature call (loop) failed at index: 30
caller: classpath:InspireTest/def/checkxlinkurl.template.feature
arg: {"link":""}
checkxlinkurl.template.feature:21 - 
org.apache.http.client.ClientProtocolException
13:26:45.946 [ForkJoinPool-1-worker-49] INFO  com.intuit.karate - [print] testing xlinkurl:http://inspire.ec.europa.eu/metadata-codelist/SpatialDataServiceCategory/infoMapAccessService
13:26:45.948 [ForkJoinPool-1-worker-37] INFO  com.intuit.karate - [print] testing xlinkurl:
13:26:45.953 [ForkJoinPool-1-worker-37] ERROR com.intuit.karate - org.apache.http.client.ClientProtocolException, http call failed after 0 milliseconds for URL: 
13:26:45.953 [ForkJoinPool-1-worker-37] ERROR com.intuit.karate - http request failed: 
org.apache.http.client.ClientProtocolException
13:26:45.953 [ForkJoinPool-1-worker-37] ERROR com.intuit.karate - feature call (loop) failed at index: 31
caller: classpath:InspireTest/def/checkxlinkurl.template.feature
arg: {"link":""}
checkxlinkurl.template.feature:21 - 
org.apache.http.client.ClientProtocolException
13:26:45.954 [ForkJoinPool-1-worker-37] INFO  com.intuit.karate - [print] testing xlinkurl:
13:26:45.956 [ForkJoinPool-1-worker-37] ERROR com.intuit.karate - org.apache.http.client.ClientProtocolException, http call failed after 0 milliseconds for URL: 
13:26:45.957 [ForkJoinPool-1-worker-37] ERROR com.intuit.karate - http request failed: 
org.apache.http.client.ClientProtocolException
13:26:45.957 [ForkJoinPool-1-worker-37] ERROR com.intuit.karate - feature call (loop) failed at index: 32
caller: classpath:InspireTest/def/checkxlinkurl.template.feature
arg: {"link":""}
checkxlinkurl.template.feature:21 - 
org.apache.http.client.ClientProtocolException
13:26:45.958 [ForkJoinPool-1-worker-37] INFO  com.intuit.karate - [print] testing xlinkurl:
13:26:45.961 [ForkJoinPool-1-worker-37] ERROR com.intuit.karate - org.apache.http.client.ClientProtocolException, http call failed after 0 milliseconds for URL: 
13:26:45.961 [ForkJoinPool-1-worker-37] ERROR com.intuit.karate - http request failed: 
org.apache.http.client.ClientProtocolException
13:26:45.961 [ForkJoinPool-1-worker-37] ERROR com.intuit.karate - feature call (loop) failed at index: 33
caller: classpath:InspireTest/def/checkxlinkurl.template.feature
arg: {"link":""}
checkxlinkurl.template.feature:21 - 
org.apache.http.client.ClientProtocolException
13:26:45.964 [ForkJoinPool-1-worker-37] INFO  com.intuit.karate - [print] testing xlinkurl:
13:26:45.966 [ForkJoinPool-1-worker-37] ERROR com.intuit.karate - org.apache.http.client.ClientProtocolException, http call failed after 0 milliseconds for URL: 
13:26:45.966 [ForkJoinPool-1-worker-37] ERROR com.intuit.karate - http request failed: 
org.apache.http.client.ClientProtocolException
13:26:45.966 [ForkJoinPool-1-worker-37] ERROR com.intuit.karate - feature call (loop) failed at index: 34
caller: classpath:InspireTest/def/checkxlinkurl.template.feature
arg: {"link":""}
checkxlinkurl.template.feature:21 - 
org.apache.http.client.ClientProtocolException
13:26:45.969 [ForkJoinPool-1-worker-37] INFO  com.intuit.karate - [print] testing xlinkurl:
13:26:45.972 [ForkJoinPool-1-worker-37] ERROR com.intuit.karate - org.apache.http.client.ClientProtocolException, http call failed after 0 milliseconds for URL: 
13:26:45.972 [ForkJoinPool-1-worker-37] ERROR com.intuit.karate - http request failed: 
org.apache.http.client.ClientProtocolException
13:26:45.972 [ForkJoinPool-1-worker-37] ERROR com.intuit.karate - feature call (loop) failed at index: 35
caller: classpath:InspireTest/def/checkxlinkurl.template.feature
arg: {"link":""}
checkxlinkurl.template.feature:21 - 
org.apache.http.client.ClientProtocolException
13:26:45.973 [ForkJoinPool-1-worker-37] INFO  com.intuit.karate - [print] testing xlinkurl:
13:26:45.973 [ForkJoinPool-1-worker-37] ERROR com.intuit.karate - org.apache.http.client.ClientProtocolException, http call failed after 0 milliseconds for URL: 
13:26:45.973 [ForkJoinPool-1-worker-37] ERROR com.intuit.karate - http request failed: 
org.apache.http.client.ClientProtocolException
13:26:45.974 [ForkJoinPool-1-worker-37] ERROR com.intuit.karate - feature call (loop) failed at index: 36
caller: classpath:InspireTest/def/checkxlinkurl.template.feature
arg: {"link":""}
checkxlinkurl.template.feature:21 - 
org.apache.http.client.ClientProtocolException
13:26:45.974 [ForkJoinPool-1-worker-37] INFO  com.intuit.karate - [print] testing xlinkurl:
13:26:45.983 [ForkJoinPool-1-worker-37] ERROR com.intuit.karate - org.apache.http.client.ClientProtocolException, http call failed after 0 milliseconds for URL: 
13:26:45.984 [ForkJoinPool-1-worker-37] ERROR com.intuit.karate - http request failed: 
org.apache.http.client.ClientProtocolException
13:26:45.985 [ForkJoinPool-1-worker-37] ERROR com.intuit.karate - feature call (loop) failed at index: 37
caller: classpath:InspireTest/def/checkxlinkurl.template.feature
arg: {"link":""}
checkxlinkurl.template.feature:21 - 
org.apache.http.client.ClientProtocolException
13:26:45.986 [ForkJoinPool-1-worker-37] INFO  com.intuit.karate - [print] testing xlinkurl:
13:26:45.989 [ForkJoinPool-1-worker-37] ERROR com.intuit.karate - org.apache.http.client.ClientProtocolException, http call failed after 0 milliseconds for URL: 
13:26:45.990 [ForkJoinPool-1-worker-37] ERROR com.intuit.karate - http request failed: 
org.apache.http.client.ClientProtocolException
13:26:45.990 [ForkJoinPool-1-worker-37] ERROR com.intuit.karate - feature call (loop) failed at index: 38
caller: classpath:InspireTest/def/checkxlinkurl.template.feature
arg: {"link":""}
checkxlinkurl.template.feature:21 - 
org.apache.http.client.ClientProtocolException
13:26:45.991 [ForkJoinPool-1-worker-37] INFO  com.intuit.karate - [print] testing xlinkurl:
13:26:45.994 [ForkJoinPool-1-worker-37] ERROR com.intuit.karate - org.apache.http.client.ClientProtocolException, http call failed after 0 milliseconds for URL: 
13:26:45.995 [ForkJoinPool-1-worker-37] ERROR com.intuit.karate - http request failed: 
org.apache.http.client.ClientProtocolException
13:26:45.995 [ForkJoinPool-1-worker-37] ERROR com.intuit.karate - feature call (loop) failed at index: 39
caller: classpath:InspireTest/def/checkxlinkurl.template.feature
arg: {"link":""}
checkxlinkurl.template.feature:21 - 
org.apache.http.client.ClientProtocolException
13:26:45.997 [ForkJoinPool-1-worker-37] INFO  com.intuit.karate - [print] testing xlinkurl:
13:26:45.999 [ForkJoinPool-1-worker-37] ERROR com.intuit.karate - org.apache.http.client.ClientProtocolException, http call failed after 0 milliseconds for URL: 
13:26:46.001 [ForkJoinPool-1-worker-37] ERROR com.intuit.karate - http request failed: 
org.apache.http.client.ClientProtocolException
13:26:46.001 [ForkJoinPool-1-worker-37] ERROR com.intuit.karate - feature call (loop) failed at index: 40
caller: classpath:InspireTest/def/checkxlinkurl.template.feature
arg: {"link":""}
checkxlinkurl.template.feature:21 - 
org.apache.http.client.ClientProtocolException
13:26:46.003 [ForkJoinPool-1-worker-37] INFO  com.intuit.karate - [print] testing xlinkurl:http://nationaalgeoregister.nl/geonetwork/srv/dut/csw?service=CSW&version=2.0.2&request=GetRecordById&outputschema=http://www.isotc211.org/2005/gmd&elementsetname=full&id=3a7dd0a6-d130-4c4c-b0ba-24365cf036e2#MD_DataIdentification
13:26:46.225 [ForkJoinPool-1-worker-23] ERROR com.intuit.karate - java.net.SocketTimeoutException: Read timed out, http call failed after 5349 milliseconds for URL: http://inspire.ec.europa.eu/metadata-codelist/SpatialDataServiceCategory
13:26:46.225 [ForkJoinPool-1-worker-23] ERROR com.intuit.karate - http request failed: 
java.net.SocketTimeoutException: Read timed out
13:26:46.225 [ForkJoinPool-1-worker-23] ERROR com.intuit.karate - feature call (loop) failed at index: 2
caller: classpath:InspireTest/def/checkxlinkurl.template.feature
arg: {"link":"http://inspire.ec.europa.eu/metadata-codelist/SpatialDataServiceCategory"}
checkxlinkurl.template.feature:21 - 
java.net.SocketTimeoutException: Read timed out
13:26:46.227 [ForkJoinPool-1-worker-23] INFO  com.intuit.karate - [print] testing xlinkurl:https://www.nationaalgeoregister.nl:443/geonetwork/srv/eng/thesaurus.download?ref=external.theme.httpinspireeceuropaeumetadatacodelistSpatialDataServiceCategory-SpatialDataServiceCategory
13:26:46.610 [ForkJoinPool-1-worker-23] INFO  com.intuit.karate - [print] testing xlinkurl:
13:26:46.612 [ForkJoinPool-1-worker-23] ERROR com.intuit.karate - org.apache.http.client.ClientProtocolException, http call failed after 0 milliseconds for URL: 
13:26:46.612 [ForkJoinPool-1-worker-23] ERROR com.intuit.karate - http request failed: 
org.apache.http.client.ClientProtocolException
13:26:46.612 [ForkJoinPool-1-worker-23] ERROR com.intuit.karate - feature call (loop) failed at index: 4
caller: classpath:InspireTest/def/checkxlinkurl.template.feature
arg: {"link":""}
checkxlinkurl.template.feature:21 - 
org.apache.http.client.ClientProtocolException
13:26:46.613 [ForkJoinPool-1-worker-23] INFO  com.intuit.karate - [print] testing xlinkurl:
13:26:46.613 [ForkJoinPool-1-worker-23] ERROR com.intuit.karate - org.apache.http.client.ClientProtocolException, http call failed after 0 milliseconds for URL: 
13:26:46.613 [ForkJoinPool-1-worker-23] ERROR com.intuit.karate - http request failed: 
org.apache.http.client.ClientProtocolException
13:26:46.613 [ForkJoinPool-1-worker-23] ERROR com.intuit.karate - feature call (loop) failed at index: 5
caller: classpath:InspireTest/def/checkxlinkurl.template.feature
arg: {"link":""}
checkxlinkurl.template.feature:21 - 
org.apache.http.client.ClientProtocolException
13:26:46.614 [ForkJoinPool-1-worker-23] INFO  com.intuit.karate - [print] testing xlinkurl:
13:26:46.615 [ForkJoinPool-1-worker-23] ERROR com.intuit.karate - org.apache.http.client.ClientProtocolException, http call failed after 0 milliseconds for URL: 
13:26:46.615 [ForkJoinPool-1-worker-23] ERROR com.intuit.karate - http request failed: 
org.apache.http.client.ClientProtocolException
13:26:46.615 [ForkJoinPool-1-worker-23] ERROR com.intuit.karate - feature call (loop) failed at index: 6
caller: classpath:InspireTest/def/checkxlinkurl.template.feature
arg: {"link":""}
checkxlinkurl.template.feature:21 - 
org.apache.http.client.ClientProtocolException
13:26:46.616 [ForkJoinPool-1-worker-23] INFO  com.intuit.karate - [print] testing xlinkurl:
13:26:46.616 [ForkJoinPool-1-worker-23] ERROR com.intuit.karate - org.apache.http.client.ClientProtocolException, http call failed after 0 milliseconds for URL: 
13:26:46.616 [ForkJoinPool-1-worker-23] ERROR com.intuit.karate - http request failed: 
org.apache.http.client.ClientProtocolException
13:26:46.616 [ForkJoinPool-1-worker-23] ERROR com.intuit.karate - feature call (loop) failed at index: 7
caller: classpath:InspireTest/def/checkxlinkurl.template.feature
arg: {"link":""}
checkxlinkurl.template.feature:21 - 
org.apache.http.client.ClientProtocolException
13:26:46.617 [ForkJoinPool-1-worker-23] INFO  com.intuit.karate - [print] testing xlinkurl:
13:26:46.618 [ForkJoinPool-1-worker-23] ERROR com.intuit.karate - org.apache.http.client.ClientProtocolException, http call failed after 0 milliseconds for URL: 
13:26:46.618 [ForkJoinPool-1-worker-23] ERROR com.intuit.karate - http request failed: 
org.apache.http.client.ClientProtocolException
13:26:46.618 [ForkJoinPool-1-worker-23] ERROR com.intuit.karate - feature call (loop) failed at index: 8
caller: classpath:InspireTest/def/checkxlinkurl.template.feature
arg: {"link":""}
checkxlinkurl.template.feature:21 - 
org.apache.http.client.ClientProtocolException
13:26:46.618 [ForkJoinPool-1-worker-23] INFO  com.intuit.karate - [print] testing xlinkurl:
13:26:46.619 [ForkJoinPool-1-worker-23] ERROR com.intuit.karate - org.apache.http.client.ClientProtocolException, http call failed after 0 milliseconds for URL: 
13:26:46.619 [ForkJoinPool-1-worker-23] ERROR com.intuit.karate - http request failed: 
org.apache.http.client.ClientProtocolException
13:26:46.619 [ForkJoinPool-1-worker-23] ERROR com.intuit.karate - feature call (loop) failed at index: 9
caller: classpath:InspireTest/def/checkxlinkurl.template.feature
arg: {"link":""}
checkxlinkurl.template.feature:21 - 
org.apache.http.client.ClientProtocolException
13:26:46.620 [ForkJoinPool-1-worker-23] INFO  com.intuit.karate - [print] testing xlinkurl:
13:26:46.625 [ForkJoinPool-1-worker-23] ERROR com.intuit.karate - org.apache.http.client.ClientProtocolException, http call failed after 0 milliseconds for URL: 
13:26:46.625 [ForkJoinPool-1-worker-23] ERROR com.intuit.karate - http request failed: 
org.apache.http.client.ClientProtocolException
13:26:46.625 [ForkJoinPool-1-worker-23] ERROR com.intuit.karate - feature call (loop) failed at index: 10
caller: classpath:InspireTest/def/checkxlinkurl.template.feature
arg: {"link":""}
checkxlinkurl.template.feature:21 - 
org.apache.http.client.ClientProtocolException
13:26:46.626 [ForkJoinPool-1-worker-23] INFO  com.intuit.karate - [print] testing xlinkurl:
13:26:46.627 [ForkJoinPool-1-worker-23] ERROR com.intuit.karate - org.apache.http.client.ClientProtocolException, http call failed after 0 milliseconds for URL: 
13:26:46.627 [ForkJoinPool-1-worker-23] ERROR com.intuit.karate - http request failed: 
org.apache.http.client.ClientProtocolException
13:26:46.627 [ForkJoinPool-1-worker-23] ERROR com.intuit.karate - feature call (loop) failed at index: 11
caller: classpath:InspireTest/def/checkxlinkurl.template.feature
arg: {"link":""}
checkxlinkurl.template.feature:21 - 
org.apache.http.client.ClientProtocolException
13:26:46.627 [ForkJoinPool-1-worker-23] INFO  com.intuit.karate - [print] testing xlinkurl:
13:26:46.628 [ForkJoinPool-1-worker-23] ERROR com.intuit.karate - org.apache.http.client.ClientProtocolException, http call failed after 0 milliseconds for URL: 
13:26:46.628 [ForkJoinPool-1-worker-23] ERROR com.intuit.karate - http request failed: 
org.apache.http.client.ClientProtocolException
13:26:46.628 [ForkJoinPool-1-worker-23] ERROR com.intuit.karate - feature call (loop) failed at index: 12
caller: classpath:InspireTest/def/checkxlinkurl.template.feature
arg: {"link":""}
checkxlinkurl.template.feature:21 - 
org.apache.http.client.ClientProtocolException
13:26:46.629 [ForkJoinPool-1-worker-23] INFO  com.intuit.karate - [print] testing xlinkurl:
13:26:46.629 [ForkJoinPool-1-worker-23] ERROR com.intuit.karate - org.apache.http.client.ClientProtocolException, http call failed after 0 milliseconds for URL: 
13:26:46.630 [ForkJoinPool-1-worker-23] ERROR com.intuit.karate - http request failed: 
org.apache.http.client.ClientProtocolException
13:26:46.630 [ForkJoinPool-1-worker-23] ERROR com.intuit.karate - feature call (loop) failed at index: 13
caller: classpath:InspireTest/def/checkxlinkurl.template.feature
arg: {"link":""}
checkxlinkurl.template.feature:21 - 
org.apache.http.client.ClientProtocolException
13:26:46.630 [ForkJoinPool-1-worker-23] INFO  com.intuit.karate - [print] testing xlinkurl:
13:26:46.631 [ForkJoinPool-1-worker-23] ERROR com.intuit.karate - org.apache.http.client.ClientProtocolException, http call failed after 0 milliseconds for URL: 
13:26:46.631 [ForkJoinPool-1-worker-23] ERROR com.intuit.karate - http request failed: 
org.apache.http.client.ClientProtocolException
13:26:46.631 [ForkJoinPool-1-worker-23] ERROR com.intuit.karate - feature call (loop) failed at index: 14
caller: classpath:InspireTest/def/checkxlinkurl.template.feature
arg: {"link":""}
checkxlinkurl.template.feature:21 - 
org.apache.http.client.ClientProtocolException
13:26:46.632 [ForkJoinPool-1-worker-23] INFO  com.intuit.karate - [print] testing xlinkurl:
13:26:46.632 [ForkJoinPool-1-worker-23] ERROR com.intuit.karate - org.apache.http.client.ClientProtocolException, http call failed after 0 milliseconds for URL: 
13:26:46.633 [ForkJoinPool-1-worker-23] ERROR com.intuit.karate - http request failed: 
org.apache.http.client.ClientProtocolException
13:26:46.633 [ForkJoinPool-1-worker-23] ERROR com.intuit.karate - feature call (loop) failed at index: 15
caller: classpath:InspireTest/def/checkxlinkurl.template.feature
arg: {"link":""}
checkxlinkurl.template.feature:21 - 
org.apache.http.client.ClientProtocolException
13:26:46.633 [ForkJoinPool-1-worker-23] INFO  com.intuit.karate - [print] testing xlinkurl:
13:26:46.634 [ForkJoinPool-1-worker-23] ERROR com.intuit.karate - org.apache.http.client.ClientProtocolException, http call failed after 0 milliseconds for URL: 
13:26:46.634 [ForkJoinPool-1-worker-23] ERROR com.intuit.karate - http request failed: 
org.apache.http.client.ClientProtocolException
13:26:46.634 [ForkJoinPool-1-worker-23] ERROR com.intuit.karate - feature call (loop) failed at index: 16
caller: classpath:InspireTest/def/checkxlinkurl.template.feature
arg: {"link":""}
checkxlinkurl.template.feature:21 - 
org.apache.http.client.ClientProtocolException
13:26:46.635 [ForkJoinPool-1-worker-23] INFO  com.intuit.karate - [print] testing xlinkurl:
13:26:46.636 [ForkJoinPool-1-worker-23] ERROR com.intuit.karate - org.apache.http.client.ClientProtocolException, http call failed after 0 milliseconds for URL: 
13:26:46.636 [ForkJoinPool-1-worker-23] ERROR com.intuit.karate - http request failed: 
org.apache.http.client.ClientProtocolException
13:26:46.636 [ForkJoinPool-1-worker-23] ERROR com.intuit.karate - feature call (loop) failed at index: 17
caller: classpath:InspireTest/def/checkxlinkurl.template.feature
arg: {"link":""}
checkxlinkurl.template.feature:21 - 
org.apache.http.client.ClientProtocolException
13:26:46.636 [ForkJoinPool-1-worker-23] INFO  com.intuit.karate - [print] testing xlinkurl:
13:26:46.640 [ForkJoinPool-1-worker-23] ERROR com.intuit.karate - org.apache.http.client.ClientProtocolException, http call failed after 0 milliseconds for URL: 
13:26:46.640 [ForkJoinPool-1-worker-23] ERROR com.intuit.karate - http request failed: 
org.apache.http.client.ClientProtocolException
13:26:46.640 [ForkJoinPool-1-worker-23] ERROR com.intuit.karate - feature call (loop) failed at index: 18
caller: classpath:InspireTest/def/checkxlinkurl.template.feature
arg: {"link":""}
checkxlinkurl.template.feature:21 - 
org.apache.http.client.ClientProtocolException
13:26:46.640 [ForkJoinPool-1-worker-23] INFO  com.intuit.karate - [print] testing xlinkurl:
13:26:46.642 [ForkJoinPool-1-worker-23] ERROR com.intuit.karate - org.apache.http.client.ClientProtocolException, http call failed after 0 milliseconds for URL: 
13:26:46.642 [ForkJoinPool-1-worker-23] ERROR com.intuit.karate - http request failed: 
org.apache.http.client.ClientProtocolException
13:26:46.642 [ForkJoinPool-1-worker-23] ERROR com.intuit.karate - feature call (loop) failed at index: 19
caller: classpath:InspireTest/def/checkxlinkurl.template.feature
arg: {"link":""}
checkxlinkurl.template.feature:21 - 
org.apache.http.client.ClientProtocolException
13:26:46.643 [ForkJoinPool-1-worker-23] INFO  com.intuit.karate - [print] testing xlinkurl:
13:26:46.648 [ForkJoinPool-1-worker-23] ERROR com.intuit.karate - org.apache.http.client.ClientProtocolException, http call failed after 0 milliseconds for URL: 
13:26:46.648 [ForkJoinPool-1-worker-23] ERROR com.intuit.karate - http request failed: 
org.apache.http.client.ClientProtocolException
13:26:46.648 [ForkJoinPool-1-worker-23] ERROR com.intuit.karate - feature call (loop) failed at index: 20
caller: classpath:InspireTest/def/checkxlinkurl.template.feature
arg: {"link":""}
checkxlinkurl.template.feature:21 - 
org.apache.http.client.ClientProtocolException
13:26:46.649 [ForkJoinPool-1-worker-23] INFO  com.intuit.karate - [print] testing xlinkurl:
13:26:46.650 [ForkJoinPool-1-worker-23] ERROR com.intuit.karate - org.apache.http.client.ClientProtocolException, http call failed after 0 milliseconds for URL: 
13:26:46.650 [ForkJoinPool-1-worker-23] ERROR com.intuit.karate - http request failed: 
org.apache.http.client.ClientProtocolException
13:26:46.650 [ForkJoinPool-1-worker-23] ERROR com.intuit.karate - feature call (loop) failed at index: 21
caller: classpath:InspireTest/def/checkxlinkurl.template.feature
arg: {"link":""}
checkxlinkurl.template.feature:21 - 
org.apache.http.client.ClientProtocolException
13:26:46.650 [ForkJoinPool-1-worker-23] INFO  com.intuit.karate - [print] testing xlinkurl:
13:26:46.651 [ForkJoinPool-1-worker-23] ERROR com.intuit.karate - org.apache.http.client.ClientProtocolException, http call failed after 0 milliseconds for URL: 
13:26:46.651 [ForkJoinPool-1-worker-23] ERROR com.intuit.karate - http request failed: 
org.apache.http.client.ClientProtocolException
13:26:46.651 [ForkJoinPool-1-worker-23] ERROR com.intuit.karate - feature call (loop) failed at index: 22
caller: classpath:InspireTest/def/checkxlinkurl.template.feature
arg: {"link":""}
checkxlinkurl.template.feature:21 - 
org.apache.http.client.ClientProtocolException
13:26:46.652 [ForkJoinPool-1-worker-23] INFO  com.intuit.karate - [print] testing xlinkurl:
13:26:46.654 [ForkJoinPool-1-worker-23] ERROR com.intuit.karate - org.apache.http.client.ClientProtocolException, http call failed after 0 milliseconds for URL: 
13:26:46.654 [ForkJoinPool-1-worker-23] ERROR com.intuit.karate - http request failed: 
org.apache.http.client.ClientProtocolException
13:26:46.654 [ForkJoinPool-1-worker-23] ERROR com.intuit.karate - feature call (loop) failed at index: 23
caller: classpath:InspireTest/def/checkxlinkurl.template.feature
arg: {"link":""}
checkxlinkurl.template.feature:21 - 
org.apache.http.client.ClientProtocolException
13:26:46.655 [ForkJoinPool-1-worker-23] INFO  com.intuit.karate - [print] testing xlinkurl:
13:26:46.656 [ForkJoinPool-1-worker-23] ERROR com.intuit.karate - org.apache.http.client.ClientProtocolException, http call failed after 0 milliseconds for URL: 
13:26:46.656 [ForkJoinPool-1-worker-23] ERROR com.intuit.karate - http request failed: 
org.apache.http.client.ClientProtocolException
13:26:46.656 [ForkJoinPool-1-worker-23] ERROR com.intuit.karate - feature call (loop) failed at index: 24
caller: classpath:InspireTest/def/checkxlinkurl.template.feature
arg: {"link":""}
checkxlinkurl.template.feature:21 - 
org.apache.http.client.ClientProtocolException
13:26:46.665 [ForkJoinPool-1-worker-23] INFO  com.intuit.karate - [print] testing xlinkurl:
13:26:46.665 [ForkJoinPool-1-worker-23] ERROR com.intuit.karate - org.apache.http.client.ClientProtocolException, http call failed after 0 milliseconds for URL: 
13:26:46.665 [ForkJoinPool-1-worker-23] ERROR com.intuit.karate - http request failed: 
org.apache.http.client.ClientProtocolException
13:26:46.665 [ForkJoinPool-1-worker-23] ERROR com.intuit.karate - feature call (loop) failed at index: 25
caller: classpath:InspireTest/def/checkxlinkurl.template.feature
arg: {"link":""}
checkxlinkurl.template.feature:21 - 
org.apache.http.client.ClientProtocolException
13:26:46.666 [ForkJoinPool-1-worker-23] INFO  com.intuit.karate - [print] testing xlinkurl:
13:26:46.667 [ForkJoinPool-1-worker-23] ERROR com.intuit.karate - org.apache.http.client.ClientProtocolException, http call failed after 0 milliseconds for URL: 
13:26:46.667 [ForkJoinPool-1-worker-23] ERROR com.intuit.karate - http request failed: 
org.apache.http.client.ClientProtocolException
13:26:46.667 [ForkJoinPool-1-worker-23] ERROR com.intuit.karate - feature call (loop) failed at index: 26
caller: classpath:InspireTest/def/checkxlinkurl.template.feature
arg: {"link":""}
checkxlinkurl.template.feature:21 - 
org.apache.http.client.ClientProtocolException
13:26:46.667 [ForkJoinPool-1-worker-23] INFO  com.intuit.karate - [print] testing xlinkurl:
13:26:46.677 [ForkJoinPool-1-worker-23] ERROR com.intuit.karate - org.apache.http.client.ClientProtocolException, http call failed after 0 milliseconds for URL: 
13:26:46.677 [ForkJoinPool-1-worker-23] ERROR com.intuit.karate - http request failed: 
org.apache.http.client.ClientProtocolException
13:26:46.677 [ForkJoinPool-1-worker-23] ERROR com.intuit.karate - feature call (loop) failed at index: 27
caller: classpath:InspireTest/def/checkxlinkurl.template.feature
arg: {"link":""}
checkxlinkurl.template.feature:21 - 
org.apache.http.client.ClientProtocolException
13:26:46.681 [ForkJoinPool-1-worker-23] INFO  com.intuit.karate - [print] testing xlinkurl:
13:26:46.684 [ForkJoinPool-1-worker-23] ERROR com.intuit.karate - org.apache.http.client.ClientProtocolException, http call failed after 0 milliseconds for URL: 
13:26:46.685 [ForkJoinPool-1-worker-23] ERROR com.intuit.karate - http request failed: 
org.apache.http.client.ClientProtocolException
13:26:46.685 [ForkJoinPool-1-worker-23] ERROR com.intuit.karate - feature call (loop) failed at index: 28
caller: classpath:InspireTest/def/checkxlinkurl.template.feature
arg: {"link":""}
checkxlinkurl.template.feature:21 - 
org.apache.http.client.ClientProtocolException
13:26:46.686 [ForkJoinPool-1-worker-23] INFO  com.intuit.karate - [print] testing xlinkurl:
13:26:46.689 [ForkJoinPool-1-worker-23] ERROR com.intuit.karate - org.apache.http.client.ClientProtocolException, http call failed after 0 milliseconds for URL: 
13:26:46.692 [ForkJoinPool-1-worker-23] ERROR com.intuit.karate - http request failed: 
org.apache.http.client.ClientProtocolException
13:26:46.692 [ForkJoinPool-1-worker-23] ERROR com.intuit.karate - feature call (loop) failed at index: 29
caller: classpath:InspireTest/def/checkxlinkurl.template.feature
arg: {"link":""}
checkxlinkurl.template.feature:21 - 
org.apache.http.client.ClientProtocolException
13:26:46.693 [ForkJoinPool-1-worker-23] INFO  com.intuit.karate - [print] testing xlinkurl:
13:26:46.696 [ForkJoinPool-1-worker-23] ERROR com.intuit.karate - org.apache.http.client.ClientProtocolException, http call failed after 0 milliseconds for URL: 
13:26:46.698 [ForkJoinPool-1-worker-23] ERROR com.intuit.karate - http request failed: 
org.apache.http.client.ClientProtocolException
13:26:46.699 [ForkJoinPool-1-worker-23] ERROR com.intuit.karate - feature call (loop) failed at index: 30
caller: classpath:InspireTest/def/checkxlinkurl.template.feature
arg: {"link":""}
checkxlinkurl.template.feature:21 - 
org.apache.http.client.ClientProtocolException
13:26:46.700 [ForkJoinPool-1-worker-23] INFO  com.intuit.karate - [print] testing xlinkurl:
13:26:46.703 [ForkJoinPool-1-worker-23] ERROR com.intuit.karate - org.apache.http.client.ClientProtocolException, http call failed after 0 milliseconds for URL: 
13:26:46.705 [ForkJoinPool-1-worker-23] ERROR com.intuit.karate - http request failed: 
org.apache.http.client.ClientProtocolException
13:26:46.706 [ForkJoinPool-1-worker-23] ERROR com.intuit.karate - feature call (loop) failed at index: 31
caller: classpath:InspireTest/def/checkxlinkurl.template.feature
arg: {"link":""}
checkxlinkurl.template.feature:21 - 
org.apache.http.client.ClientProtocolException
13:26:46.707 [ForkJoinPool-1-worker-23] INFO  com.intuit.karate - [print] testing xlinkurl:
13:26:46.710 [ForkJoinPool-1-worker-23] ERROR com.intuit.karate - org.apache.http.client.ClientProtocolException, http call failed after 0 milliseconds for URL: 
13:26:46.711 [ForkJoinPool-1-worker-23] ERROR com.intuit.karate - http request failed: 
org.apache.http.client.ClientProtocolException
13:26:46.713 [ForkJoinPool-1-worker-23] ERROR com.intuit.karate - feature call (loop) failed at index: 32
caller: classpath:InspireTest/def/checkxlinkurl.template.feature
arg: {"link":""}
checkxlinkurl.template.feature:21 - 
org.apache.http.client.ClientProtocolException
13:26:46.714 [ForkJoinPool-1-worker-23] INFO  com.intuit.karate - [print] testing xlinkurl:
13:26:46.720 [ForkJoinPool-1-worker-23] ERROR com.intuit.karate - org.apache.http.client.ClientProtocolException, http call failed after 0 milliseconds for URL: 
13:26:46.721 [ForkJoinPool-1-worker-23] ERROR com.intuit.karate - http request failed: 
org.apache.http.client.ClientProtocolException
13:26:46.721 [ForkJoinPool-1-worker-23] ERROR com.intuit.karate - feature call (loop) failed at index: 33
caller: classpath:InspireTest/def/checkxlinkurl.template.feature
arg: {"link":""}
checkxlinkurl.template.feature:21 - 
org.apache.http.client.ClientProtocolException
13:26:46.734 [ForkJoinPool-1-worker-23] INFO  com.intuit.karate - [print] testing xlinkurl:
13:26:46.740 [ForkJoinPool-1-worker-23] ERROR com.intuit.karate - org.apache.http.client.ClientProtocolException, http call failed after 0 milliseconds for URL: 
13:26:46.742 [ForkJoinPool-1-worker-23] ERROR com.intuit.karate - http request failed: 
org.apache.http.client.ClientProtocolException
13:26:46.743 [ForkJoinPool-1-worker-23] ERROR com.intuit.karate - feature call (loop) failed at index: 34
caller: classpath:InspireTest/def/checkxlinkurl.template.feature
arg: {"link":""}
checkxlinkurl.template.feature:21 - 
org.apache.http.client.ClientProtocolException
13:26:46.747 [ForkJoinPool-1-worker-23] INFO  com.intuit.karate - [print] testing xlinkurl:
13:26:46.753 [ForkJoinPool-1-worker-23] ERROR com.intuit.karate - org.apache.http.client.ClientProtocolException, http call failed after 0 milliseconds for URL: 
13:26:46.758 [ForkJoinPool-1-worker-23] ERROR com.intuit.karate - http request failed: 
org.apache.http.client.ClientProtocolException
13:26:46.758 [ForkJoinPool-1-worker-23] ERROR com.intuit.karate - feature call (loop) failed at index: 35
caller: classpath:InspireTest/def/checkxlinkurl.template.feature
arg: {"link":""}
checkxlinkurl.template.feature:21 - 
org.apache.http.client.ClientProtocolException
13:26:46.760 [ForkJoinPool-1-worker-23] INFO  com.intuit.karate - [print] testing xlinkurl:
13:26:46.765 [ForkJoinPool-1-worker-23] ERROR com.intuit.karate - org.apache.http.client.ClientProtocolException, http call failed after 0 milliseconds for URL: 
13:26:46.767 [ForkJoinPool-1-worker-23] ERROR com.intuit.karate - http request failed: 
org.apache.http.client.ClientProtocolException
13:26:46.767 [ForkJoinPool-1-worker-23] ERROR com.intuit.karate - feature call (loop) failed at index: 36
caller: classpath:InspireTest/def/checkxlinkurl.template.feature
arg: {"link":""}
checkxlinkurl.template.feature:21 - 
org.apache.http.client.ClientProtocolException
13:26:46.769 [ForkJoinPool-1-worker-23] INFO  com.intuit.karate - [print] testing xlinkurl:
13:26:46.777 [ForkJoinPool-1-worker-23] ERROR com.intuit.karate - org.apache.http.client.ClientProtocolException, http call failed after 0 milliseconds for URL: 
13:26:46.777 [ForkJoinPool-1-worker-23] ERROR com.intuit.karate - http request failed: 
org.apache.http.client.ClientProtocolException
13:26:46.777 [ForkJoinPool-1-worker-23] ERROR com.intuit.karate - feature call (loop) failed at index: 37
caller: classpath:InspireTest/def/checkxlinkurl.template.feature
arg: {"link":""}
checkxlinkurl.template.feature:21 - 
org.apache.http.client.ClientProtocolException
13:26:46.778 [ForkJoinPool-1-worker-23] INFO  com.intuit.karate - [print] testing xlinkurl:
13:26:46.778 [ForkJoinPool-1-worker-23] ERROR com.intuit.karate - org.apache.http.client.ClientProtocolException, http call failed after 0 milliseconds for URL: 
13:26:46.778 [ForkJoinPool-1-worker-23] ERROR com.intuit.karate - http request failed: 
org.apache.http.client.ClientProtocolException
13:26:46.778 [ForkJoinPool-1-worker-23] ERROR com.intuit.karate - feature call (loop) failed at index: 38
caller: classpath:InspireTest/def/checkxlinkurl.template.feature
arg: {"link":""}
checkxlinkurl.template.feature:21 - 
org.apache.http.client.ClientProtocolException
13:26:46.779 [ForkJoinPool-1-worker-23] INFO  com.intuit.karate - [print] testing xlinkurl:
13:26:46.780 [ForkJoinPool-1-worker-23] ERROR com.intuit.karate - org.apache.http.client.ClientProtocolException, http call failed after 0 milliseconds for URL: 
13:26:46.780 [ForkJoinPool-1-worker-23] ERROR com.intuit.karate - http request failed: 
org.apache.http.client.ClientProtocolException
13:26:46.780 [ForkJoinPool-1-worker-23] ERROR com.intuit.karate - feature call (loop) failed at index: 39
caller: classpath:InspireTest/def/checkxlinkurl.template.feature
arg: {"link":""}
checkxlinkurl.template.feature:21 - 
org.apache.http.client.ClientProtocolException
13:26:46.780 [ForkJoinPool-1-worker-23] INFO  com.intuit.karate - [print] testing xlinkurl:
13:26:46.781 [ForkJoinPool-1-worker-23] ERROR com.intuit.karate - org.apache.http.client.ClientProtocolException, http call failed after 0 milliseconds for URL: 
13:26:46.781 [ForkJoinPool-1-worker-23] ERROR com.intuit.karate - http request failed: 
org.apache.http.client.ClientProtocolException
13:26:46.781 [ForkJoinPool-1-worker-23] ERROR com.intuit.karate - feature call (loop) failed at index: 40
caller: classpath:InspireTest/def/checkxlinkurl.template.feature
arg: {"link":""}
checkxlinkurl.template.feature:21 - 
org.apache.http.client.ClientProtocolException
13:26:46.782 [ForkJoinPool-1-worker-23] INFO  com.intuit.karate - [print] testing xlinkurl:
13:26:46.782 [ForkJoinPool-1-worker-23] ERROR com.intuit.karate - org.apache.http.client.ClientProtocolException, http call failed after 0 milliseconds for URL: 
13:26:46.782 [ForkJoinPool-1-worker-23] ERROR com.intuit.karate - http request failed: 
org.apache.http.client.ClientProtocolException
13:26:46.782 [ForkJoinPool-1-worker-23] ERROR com.intuit.karate - feature call (loop) failed at index: 41
caller: classpath:InspireTest/def/checkxlinkurl.template.feature
arg: {"link":""}
checkxlinkurl.template.feature:21 - 
org.apache.http.client.ClientProtocolException
13:26:46.783 [ForkJoinPool-1-worker-23] INFO  com.intuit.karate - [print] testing xlinkurl:
13:26:46.784 [ForkJoinPool-1-worker-23] ERROR com.intuit.karate - org.apache.http.client.ClientProtocolException, http call failed after 0 milliseconds for URL: 
13:26:46.784 [ForkJoinPool-1-worker-23] ERROR com.intuit.karate - http request failed: 
org.apache.http.client.ClientProtocolException
13:26:46.784 [ForkJoinPool-1-worker-23] ERROR com.intuit.karate - feature call (loop) failed at index: 42
caller: classpath:InspireTest/def/checkxlinkurl.template.feature
arg: {"link":""}
checkxlinkurl.template.feature:21 - 
org.apache.http.client.ClientProtocolException
13:26:46.799 [ForkJoinPool-1-worker-23] INFO  com.intuit.karate - [print] testing xlinkurl:
13:26:46.800 [ForkJoinPool-1-worker-23] ERROR com.intuit.karate - org.apache.http.client.ClientProtocolException, http call failed after 0 milliseconds for URL: 
13:26:46.800 [ForkJoinPool-1-worker-23] ERROR com.intuit.karate - http request failed: 
org.apache.http.client.ClientProtocolException
13:26:46.800 [ForkJoinPool-1-worker-23] ERROR com.intuit.karate - feature call (loop) failed at index: 43
caller: classpath:InspireTest/def/checkxlinkurl.template.feature
arg: {"link":""}
checkxlinkurl.template.feature:21 - 
org.apache.http.client.ClientProtocolException
13:26:46.801 [ForkJoinPool-1-worker-23] INFO  com.intuit.karate - [print] testing xlinkurl:
13:26:46.801 [ForkJoinPool-1-worker-23] ERROR com.intuit.karate - org.apache.http.client.ClientProtocolException, http call failed after 0 milliseconds for URL: 
13:26:46.802 [ForkJoinPool-1-worker-23] ERROR com.intuit.karate - http request failed: 
org.apache.http.client.ClientProtocolException
13:26:46.802 [ForkJoinPool-1-worker-23] ERROR com.intuit.karate - feature call (loop) failed at index: 44
caller: classpath:InspireTest/def/checkxlinkurl.template.feature
arg: {"link":""}
checkxlinkurl.template.feature:21 - 
org.apache.http.client.ClientProtocolException
13:26:46.802 [ForkJoinPool-1-worker-23] INFO  com.intuit.karate - [print] testing xlinkurl:
13:26:46.803 [ForkJoinPool-1-worker-23] ERROR com.intuit.karate - org.apache.http.client.ClientProtocolException, http call failed after 0 milliseconds for URL: 
13:26:46.803 [ForkJoinPool-1-worker-23] ERROR com.intuit.karate - http request failed: 
org.apache.http.client.ClientProtocolException
13:26:46.803 [ForkJoinPool-1-worker-23] ERROR com.intuit.karate - feature call (loop) failed at index: 45
caller: classpath:InspireTest/def/checkxlinkurl.template.feature
arg: {"link":""}
checkxlinkurl.template.feature:21 - 
org.apache.http.client.ClientProtocolException
13:26:46.804 [ForkJoinPool-1-worker-23] INFO  com.intuit.karate - [print] testing xlinkurl:
13:26:46.804 [ForkJoinPool-1-worker-23] ERROR com.intuit.karate - org.apache.http.client.ClientProtocolException, http call failed after 0 milliseconds for URL: 
13:26:46.804 [ForkJoinPool-1-worker-23] ERROR com.intuit.karate - http request failed: 
org.apache.http.client.ClientProtocolException
13:26:46.804 [ForkJoinPool-1-worker-23] ERROR com.intuit.karate - feature call (loop) failed at index: 46
caller: classpath:InspireTest/def/checkxlinkurl.template.feature
arg: {"link":""}
checkxlinkurl.template.feature:21 - 
org.apache.http.client.ClientProtocolException
13:26:46.805 [ForkJoinPool-1-worker-23] INFO  com.intuit.karate - [print] testing xlinkurl:
13:26:46.806 [ForkJoinPool-1-worker-23] ERROR com.intuit.karate - org.apache.http.client.ClientProtocolException, http call failed after 0 milliseconds for URL: 
13:26:46.806 [ForkJoinPool-1-worker-23] ERROR com.intuit.karate - http request failed: 
org.apache.http.client.ClientProtocolException
13:26:46.806 [ForkJoinPool-1-worker-23] ERROR com.intuit.karate - feature call (loop) failed at index: 47
caller: classpath:InspireTest/def/checkxlinkurl.template.feature
arg: {"link":""}
checkxlinkurl.template.feature:21 - 
org.apache.http.client.ClientProtocolException
13:26:46.806 [ForkJoinPool-1-worker-23] INFO  com.intuit.karate - [print] testing xlinkurl:
13:26:46.807 [ForkJoinPool-1-worker-23] ERROR com.intuit.karate - org.apache.http.client.ClientProtocolException, http call failed after 0 milliseconds for URL: 
13:26:46.807 [ForkJoinPool-1-worker-23] ERROR com.intuit.karate - http request failed: 
org.apache.http.client.ClientProtocolException
13:26:46.807 [ForkJoinPool-1-worker-23] ERROR com.intuit.karate - feature call (loop) failed at index: 48
caller: classpath:InspireTest/def/checkxlinkurl.template.feature
arg: {"link":""}
checkxlinkurl.template.feature:21 - 
org.apache.http.client.ClientProtocolException
13:26:46.808 [ForkJoinPool-1-worker-23] INFO  com.intuit.karate - [print] testing xlinkurl:
13:26:46.812 [ForkJoinPool-1-worker-23] ERROR com.intuit.karate - org.apache.http.client.ClientProtocolException, http call failed after 0 milliseconds for URL: 
13:26:46.812 [ForkJoinPool-1-worker-23] ERROR com.intuit.karate - http request failed: 
org.apache.http.client.ClientProtocolException
13:26:46.813 [ForkJoinPool-1-worker-23] ERROR com.intuit.karate - feature call (loop) failed at index: 49
caller: classpath:InspireTest/def/checkxlinkurl.template.feature
arg: {"link":""}
checkxlinkurl.template.feature:21 - 
org.apache.http.client.ClientProtocolException
13:26:46.819 [ForkJoinPool-1-worker-23] INFO  com.intuit.karate - [print] testing xlinkurl:
13:26:46.820 [ForkJoinPool-1-worker-23] ERROR com.intuit.karate - org.apache.http.client.ClientProtocolException, http call failed after 0 milliseconds for URL: 
13:26:46.820 [ForkJoinPool-1-worker-23] ERROR com.intuit.karate - http request failed: 
org.apache.http.client.ClientProtocolException
13:26:46.820 [ForkJoinPool-1-worker-23] ERROR com.intuit.karate - feature call (loop) failed at index: 50
caller: classpath:InspireTest/def/checkxlinkurl.template.feature
arg: {"link":""}
checkxlinkurl.template.feature:21 - 
org.apache.http.client.ClientProtocolException
13:26:46.821 [ForkJoinPool-1-worker-23] INFO  com.intuit.karate - [print] testing xlinkurl:
13:26:46.821 [ForkJoinPool-1-worker-23] ERROR com.intuit.karate - org.apache.http.client.ClientProtocolException, http call failed after 0 milliseconds for URL: 
13:26:46.821 [ForkJoinPool-1-worker-23] ERROR com.intuit.karate - http request failed: 
org.apache.http.client.ClientProtocolException
13:26:46.822 [ForkJoinPool-1-worker-23] ERROR com.intuit.karate - feature call (loop) failed at index: 51
caller: classpath:InspireTest/def/checkxlinkurl.template.feature
arg: {"link":""}
checkxlinkurl.template.feature:21 - 
org.apache.http.client.ClientProtocolException
13:26:46.822 [ForkJoinPool-1-worker-23] INFO  com.intuit.karate - [print] testing xlinkurl:
13:26:46.823 [ForkJoinPool-1-worker-23] ERROR com.intuit.karate - org.apache.http.client.ClientProtocolException, http call failed after 0 milliseconds for URL: 
13:26:46.823 [ForkJoinPool-1-worker-23] ERROR com.intuit.karate - http request failed: 
org.apache.http.client.ClientProtocolException
13:26:46.823 [ForkJoinPool-1-worker-23] ERROR com.intuit.karate - feature call (loop) failed at index: 52
caller: classpath:InspireTest/def/checkxlinkurl.template.feature
arg: {"link":""}
checkxlinkurl.template.feature:21 - 
org.apache.http.client.ClientProtocolException
13:26:46.824 [ForkJoinPool-1-worker-23] INFO  com.intuit.karate - [print] testing xlinkurl:
13:26:46.836 [ForkJoinPool-1-worker-23] ERROR com.intuit.karate - org.apache.http.client.ClientProtocolException, http call failed after 0 milliseconds for URL: 
13:26:46.836 [ForkJoinPool-1-worker-23] ERROR com.intuit.karate - http request failed: 
org.apache.http.client.ClientProtocolException
13:26:46.837 [ForkJoinPool-1-worker-23] ERROR com.intuit.karate - feature call (loop) failed at index: 53
caller: classpath:InspireTest/def/checkxlinkurl.template.feature
arg: {"link":""}
checkxlinkurl.template.feature:21 - 
org.apache.http.client.ClientProtocolException
13:26:46.847 [ForkJoinPool-1-worker-23] INFO  com.intuit.karate - [print] testing xlinkurl:
13:26:46.848 [ForkJoinPool-1-worker-23] ERROR com.intuit.karate - org.apache.http.client.ClientProtocolException, http call failed after 0 milliseconds for URL: 
13:26:46.848 [ForkJoinPool-1-worker-23] ERROR com.intuit.karate - http request failed: 
org.apache.http.client.ClientProtocolException
13:26:46.848 [ForkJoinPool-1-worker-23] ERROR com.intuit.karate - feature call (loop) failed at index: 54
caller: classpath:InspireTest/def/checkxlinkurl.template.feature
arg: {"link":""}
checkxlinkurl.template.feature:21 - 
org.apache.http.client.ClientProtocolException
13:26:46.849 [ForkJoinPool-1-worker-23] INFO  com.intuit.karate - [print] testing xlinkurl:
13:26:46.849 [ForkJoinPool-1-worker-23] ERROR com.intuit.karate - org.apache.http.client.ClientProtocolException, http call failed after 0 milliseconds for URL: 
13:26:46.849 [ForkJoinPool-1-worker-23] ERROR com.intuit.karate - http request failed: 
org.apache.http.client.ClientProtocolException
13:26:46.849 [ForkJoinPool-1-worker-23] ERROR com.intuit.karate - feature call (loop) failed at index: 55
caller: classpath:InspireTest/def/checkxlinkurl.template.feature
arg: {"link":""}
checkxlinkurl.template.feature:21 - 
org.apache.http.client.ClientProtocolException
13:26:46.850 [ForkJoinPool-1-worker-23] INFO  com.intuit.karate - [print] testing xlinkurl:
13:26:46.851 [ForkJoinPool-1-worker-23] ERROR com.intuit.karate - org.apache.http.client.ClientProtocolException, http call failed after 0 milliseconds for URL: 
13:26:46.851 [ForkJoinPool-1-worker-23] ERROR com.intuit.karate - http request failed: 
org.apache.http.client.ClientProtocolException
13:26:46.851 [ForkJoinPool-1-worker-23] ERROR com.intuit.karate - feature call (loop) failed at index: 56
caller: classpath:InspireTest/def/checkxlinkurl.template.feature
arg: {"link":""}
checkxlinkurl.template.feature:21 - 
org.apache.http.client.ClientProtocolException
13:26:46.851 [ForkJoinPool-1-worker-23] INFO  com.intuit.karate - [print] testing xlinkurl:
13:26:46.852 [ForkJoinPool-1-worker-23] ERROR com.intuit.karate - org.apache.http.client.ClientProtocolException, http call failed after 0 milliseconds for URL: 
13:26:46.852 [ForkJoinPool-1-worker-23] ERROR com.intuit.karate - http request failed: 
org.apache.http.client.ClientProtocolException
13:26:46.852 [ForkJoinPool-1-worker-23] ERROR com.intuit.karate - feature call (loop) failed at index: 57
caller: classpath:InspireTest/def/checkxlinkurl.template.feature
arg: {"link":""}
checkxlinkurl.template.feature:21 - 
org.apache.http.client.ClientProtocolException
13:26:46.853 [ForkJoinPool-1-worker-23] INFO  com.intuit.karate - [print] testing xlinkurl:
13:26:46.853 [ForkJoinPool-1-worker-23] ERROR com.intuit.karate - org.apache.http.client.ClientProtocolException, http call failed after 0 milliseconds for URL: 
13:26:46.853 [ForkJoinPool-1-worker-23] ERROR com.intuit.karate - http request failed: 
org.apache.http.client.ClientProtocolException
13:26:46.854 [ForkJoinPool-1-worker-23] ERROR com.intuit.karate - feature call (loop) failed at index: 58
caller: classpath:InspireTest/def/checkxlinkurl.template.feature
arg: {"link":""}
checkxlinkurl.template.feature:21 - 
org.apache.http.client.ClientProtocolException
13:26:46.856 [ForkJoinPool-1-worker-23] INFO  com.intuit.karate - [print] testing xlinkurl:
13:26:46.857 [ForkJoinPool-1-worker-23] ERROR com.intuit.karate - org.apache.http.client.ClientProtocolException, http call failed after 0 milliseconds for URL: 
13:26:46.857 [ForkJoinPool-1-worker-23] ERROR com.intuit.karate - http request failed: 
org.apache.http.client.ClientProtocolException
13:26:46.857 [ForkJoinPool-1-worker-23] ERROR com.intuit.karate - feature call (loop) failed at index: 59
caller: classpath:InspireTest/def/checkxlinkurl.template.feature
arg: {"link":""}
checkxlinkurl.template.feature:21 - 
org.apache.http.client.ClientProtocolException
13:26:46.863 [ForkJoinPool-1-worker-23] INFO  com.intuit.karate - [print] testing xlinkurl:
13:26:46.864 [ForkJoinPool-1-worker-23] ERROR com.intuit.karate - org.apache.http.client.ClientProtocolException, http call failed after 0 milliseconds for URL: 
13:26:46.864 [ForkJoinPool-1-worker-23] ERROR com.intuit.karate - http request failed: 
org.apache.http.client.ClientProtocolException
13:26:46.864 [ForkJoinPool-1-worker-23] ERROR com.intuit.karate - feature call (loop) failed at index: 60
caller: classpath:InspireTest/def/checkxlinkurl.template.feature
arg: {"link":""}
checkxlinkurl.template.feature:21 - 
org.apache.http.client.ClientProtocolException
13:26:46.865 [ForkJoinPool-1-worker-23] INFO  com.intuit.karate - [print] testing xlinkurl:
13:26:46.865 [ForkJoinPool-1-worker-23] ERROR com.intuit.karate - org.apache.http.client.ClientProtocolException, http call failed after 0 milliseconds for URL: 
13:26:46.866 [ForkJoinPool-1-worker-23] ERROR com.intuit.karate - http request failed: 
org.apache.http.client.ClientProtocolException
13:26:46.866 [ForkJoinPool-1-worker-23] ERROR com.intuit.karate - feature call (loop) failed at index: 61
caller: classpath:InspireTest/def/checkxlinkurl.template.feature
arg: {"link":""}
checkxlinkurl.template.feature:21 - 
org.apache.http.client.ClientProtocolException
13:26:46.866 [ForkJoinPool-1-worker-23] INFO  com.intuit.karate - [print] testing xlinkurl:
13:26:46.867 [ForkJoinPool-1-worker-23] ERROR com.intuit.karate - org.apache.http.client.ClientProtocolException, http call failed after 0 milliseconds for URL: 
13:26:46.867 [ForkJoinPool-1-worker-23] ERROR com.intuit.karate - http request failed: 
org.apache.http.client.ClientProtocolException
13:26:46.867 [ForkJoinPool-1-worker-23] ERROR com.intuit.karate - feature call (loop) failed at index: 62
caller: classpath:InspireTest/def/checkxlinkurl.template.feature
arg: {"link":""}
checkxlinkurl.template.feature:21 - 
org.apache.http.client.ClientProtocolException
13:26:46.868 [ForkJoinPool-1-worker-23] INFO  com.intuit.karate - [print] testing xlinkurl:
13:26:46.868 [ForkJoinPool-1-worker-23] ERROR com.intuit.karate - org.apache.http.client.ClientProtocolException, http call failed after 0 milliseconds for URL: 
13:26:46.868 [ForkJoinPool-1-worker-23] ERROR com.intuit.karate - http request failed: 
org.apache.http.client.ClientProtocolException
13:26:46.868 [ForkJoinPool-1-worker-23] ERROR com.intuit.karate - feature call (loop) failed at index: 63
caller: classpath:InspireTest/def/checkxlinkurl.template.feature
arg: {"link":""}
checkxlinkurl.template.feature:21 - 
org.apache.http.client.ClientProtocolException
13:26:46.869 [ForkJoinPool-1-worker-23] INFO  com.intuit.karate - [print] testing xlinkurl:
13:26:46.870 [ForkJoinPool-1-worker-23] ERROR com.intuit.karate - org.apache.http.client.ClientProtocolException, http call failed after 0 milliseconds for URL: 
13:26:46.870 [ForkJoinPool-1-worker-23] ERROR com.intuit.karate - http request failed: 
org.apache.http.client.ClientProtocolException
13:26:46.870 [ForkJoinPool-1-worker-23] ERROR com.intuit.karate - feature call (loop) failed at index: 64
caller: classpath:InspireTest/def/checkxlinkurl.template.feature
arg: {"link":""}
checkxlinkurl.template.feature:21 - 
org.apache.http.client.ClientProtocolException
13:26:46.870 [ForkJoinPool-1-worker-23] INFO  com.intuit.karate - [print] testing xlinkurl:
13:26:46.871 [ForkJoinPool-1-worker-23] ERROR com.intuit.karate - org.apache.http.client.ClientProtocolException, http call failed after 0 milliseconds for URL: 
13:26:46.871 [ForkJoinPool-1-worker-23] ERROR com.intuit.karate - http request failed: 
org.apache.http.client.ClientProtocolException
13:26:46.881 [ForkJoinPool-1-worker-23] ERROR com.intuit.karate - feature call (loop) failed at index: 65
caller: classpath:InspireTest/def/checkxlinkurl.template.feature
arg: {"link":""}
checkxlinkurl.template.feature:21 - 
org.apache.http.client.ClientProtocolException
13:26:46.884 [ForkJoinPool-1-worker-23] INFO  com.intuit.karate - [print] testing xlinkurl:
13:26:46.884 [ForkJoinPool-1-worker-23] ERROR com.intuit.karate - org.apache.http.client.ClientProtocolException, http call failed after 0 milliseconds for URL: 
13:26:46.885 [ForkJoinPool-1-worker-23] ERROR com.intuit.karate - http request failed: 
org.apache.http.client.ClientProtocolException
13:26:46.885 [ForkJoinPool-1-worker-23] ERROR com.intuit.karate - feature call (loop) failed at index: 66
caller: classpath:InspireTest/def/checkxlinkurl.template.feature
arg: {"link":""}
checkxlinkurl.template.feature:21 - 
org.apache.http.client.ClientProtocolException
13:26:46.885 [ForkJoinPool-1-worker-23] INFO  com.intuit.karate - [print] testing xlinkurl:
13:26:46.886 [ForkJoinPool-1-worker-23] ERROR com.intuit.karate - org.apache.http.client.ClientProtocolException, http call failed after 0 milliseconds for URL: 
13:26:46.886 [ForkJoinPool-1-worker-23] ERROR com.intuit.karate - http request failed: 
org.apache.http.client.ClientProtocolException
13:26:46.886 [ForkJoinPool-1-worker-23] ERROR com.intuit.karate - feature call (loop) failed at index: 67
caller: classpath:InspireTest/def/checkxlinkurl.template.feature
arg: {"link":""}
checkxlinkurl.template.feature:21 - 
org.apache.http.client.ClientProtocolException
13:26:46.887 [ForkJoinPool-1-worker-23] INFO  com.intuit.karate - [print] testing xlinkurl:
13:26:46.896 [ForkJoinPool-1-worker-23] ERROR com.intuit.karate - org.apache.http.client.ClientProtocolException, http call failed after 0 milliseconds for URL: 
13:26:46.896 [ForkJoinPool-1-worker-23] ERROR com.intuit.karate - http request failed: 
org.apache.http.client.ClientProtocolException
13:26:46.896 [ForkJoinPool-1-worker-23] ERROR com.intuit.karate - feature call (loop) failed at index: 68
caller: classpath:InspireTest/def/checkxlinkurl.template.feature
arg: {"link":""}
checkxlinkurl.template.feature:21 - 
org.apache.http.client.ClientProtocolException
13:26:46.897 [ForkJoinPool-1-worker-23] INFO  com.intuit.karate - [print] testing xlinkurl:
13:26:46.898 [ForkJoinPool-1-worker-23] ERROR com.intuit.karate - org.apache.http.client.ClientProtocolException, http call failed after 0 milliseconds for URL: 
13:26:46.898 [ForkJoinPool-1-worker-23] ERROR com.intuit.karate - http request failed: 
org.apache.http.client.ClientProtocolException
13:26:46.898 [ForkJoinPool-1-worker-23] ERROR com.intuit.karate - feature call (loop) failed at index: 69
caller: classpath:InspireTest/def/checkxlinkurl.template.feature
arg: {"link":""}
checkxlinkurl.template.feature:21 - 
org.apache.http.client.ClientProtocolException
13:26:46.898 [ForkJoinPool-1-worker-23] INFO  com.intuit.karate - [print] testing xlinkurl:
13:26:46.899 [ForkJoinPool-1-worker-23] ERROR com.intuit.karate - org.apache.http.client.ClientProtocolException, http call failed after 0 milliseconds for URL: 
13:26:46.899 [ForkJoinPool-1-worker-23] ERROR com.intuit.karate - http request failed: 
org.apache.http.client.ClientProtocolException
13:26:46.899 [ForkJoinPool-1-worker-23] ERROR com.intuit.karate - feature call (loop) failed at index: 70
caller: classpath:InspireTest/def/checkxlinkurl.template.feature
arg: {"link":""}
checkxlinkurl.template.feature:21 - 
org.apache.http.client.ClientProtocolException
13:26:46.900 [ForkJoinPool-1-worker-23] INFO  com.intuit.karate - [print] testing xlinkurl:
13:26:46.912 [ForkJoinPool-1-worker-23] ERROR com.intuit.karate - org.apache.http.client.ClientProtocolException, http call failed after 0 milliseconds for URL: 
13:26:46.913 [ForkJoinPool-1-worker-23] ERROR com.intuit.karate - http request failed: 
org.apache.http.client.ClientProtocolException
13:26:46.913 [ForkJoinPool-1-worker-23] ERROR com.intuit.karate - feature call (loop) failed at index: 71
caller: classpath:InspireTest/def/checkxlinkurl.template.feature
arg: {"link":""}
checkxlinkurl.template.feature:21 - 
org.apache.http.client.ClientProtocolException
13:26:46.913 [ForkJoinPool-1-worker-23] INFO  com.intuit.karate - [print] testing xlinkurl:
13:26:46.915 [ForkJoinPool-1-worker-23] ERROR com.intuit.karate - org.apache.http.client.ClientProtocolException, http call failed after 0 milliseconds for URL: 
13:26:46.915 [ForkJoinPool-1-worker-23] ERROR com.intuit.karate - http request failed: 
org.apache.http.client.ClientProtocolException
13:26:46.915 [ForkJoinPool-1-worker-23] ERROR com.intuit.karate - feature call (loop) failed at index: 72
caller: classpath:InspireTest/def/checkxlinkurl.template.feature
arg: {"link":""}
checkxlinkurl.template.feature:21 - 
org.apache.http.client.ClientProtocolException
13:26:46.917 [ForkJoinPool-1-worker-23] INFO  com.intuit.karate - [print] testing xlinkurl:
13:26:46.919 [ForkJoinPool-1-worker-23] ERROR com.intuit.karate - org.apache.http.client.ClientProtocolException, http call failed after 0 milliseconds for URL: 
13:26:46.919 [ForkJoinPool-1-worker-23] ERROR com.intuit.karate - http request failed: 
org.apache.http.client.ClientProtocolException
13:26:46.919 [ForkJoinPool-1-worker-23] ERROR com.intuit.karate - feature call (loop) failed at index: 73
caller: classpath:InspireTest/def/checkxlinkurl.template.feature
arg: {"link":""}
checkxlinkurl.template.feature:21 - 
org.apache.http.client.ClientProtocolException
13:26:46.920 [ForkJoinPool-1-worker-23] INFO  com.intuit.karate - [print] testing xlinkurl:
13:26:46.921 [ForkJoinPool-1-worker-23] ERROR com.intuit.karate - org.apache.http.client.ClientProtocolException, http call failed after 0 milliseconds for URL: 
13:26:46.921 [ForkJoinPool-1-worker-23] ERROR com.intuit.karate - http request failed: 
org.apache.http.client.ClientProtocolException
13:26:46.921 [ForkJoinPool-1-worker-23] ERROR com.intuit.karate - feature call (loop) failed at index: 74
caller: classpath:InspireTest/def/checkxlinkurl.template.feature
arg: {"link":""}
checkxlinkurl.template.feature:21 - 
org.apache.http.client.ClientProtocolException
13:26:46.922 [ForkJoinPool-1-worker-23] INFO  com.intuit.karate - [print] testing xlinkurl:
13:26:46.923 [ForkJoinPool-1-worker-23] ERROR com.intuit.karate - org.apache.http.client.ClientProtocolException, http call failed after 0 milliseconds for URL: 
13:26:46.923 [ForkJoinPool-1-worker-23] ERROR com.intuit.karate - http request failed: 
org.apache.http.client.ClientProtocolException
13:26:46.923 [ForkJoinPool-1-worker-23] ERROR com.intuit.karate - feature call (loop) failed at index: 75
caller: classpath:InspireTest/def/checkxlinkurl.template.feature
arg: {"link":""}
checkxlinkurl.template.feature:21 - 
org.apache.http.client.ClientProtocolException
13:26:46.924 [ForkJoinPool-1-worker-23] INFO  com.intuit.karate - [print] testing xlinkurl:
13:26:46.927 [ForkJoinPool-1-worker-23] ERROR com.intuit.karate - org.apache.http.client.ClientProtocolException, http call failed after 0 milliseconds for URL: 
13:26:46.927 [ForkJoinPool-1-worker-23] ERROR com.intuit.karate - http request failed: 
org.apache.http.client.ClientProtocolException
13:26:46.927 [ForkJoinPool-1-worker-23] ERROR com.intuit.karate - feature call (loop) failed at index: 76
caller: classpath:InspireTest/def/checkxlinkurl.template.feature
arg: {"link":""}
checkxlinkurl.template.feature:21 - 
org.apache.http.client.ClientProtocolException
13:26:46.933 [ForkJoinPool-1-worker-23] INFO  com.intuit.karate - [print] testing xlinkurl:
13:26:46.934 [ForkJoinPool-1-worker-23] ERROR com.intuit.karate - org.apache.http.client.ClientProtocolException, http call failed after 0 milliseconds for URL: 
13:26:46.934 [ForkJoinPool-1-worker-23] ERROR com.intuit.karate - http request failed: 
org.apache.http.client.ClientProtocolException
13:26:46.934 [ForkJoinPool-1-worker-23] ERROR com.intuit.karate - feature call (loop) failed at index: 77
caller: classpath:InspireTest/def/checkxlinkurl.template.feature
arg: {"link":""}
checkxlinkurl.template.feature:21 - 
org.apache.http.client.ClientProtocolException
13:26:46.937 [ForkJoinPool-1-worker-23] INFO  com.intuit.karate - [print] testing xlinkurl:
13:26:46.940 [ForkJoinPool-1-worker-23] ERROR com.intuit.karate - org.apache.http.client.ClientProtocolException, http call failed after 0 milliseconds for URL: 
13:26:46.940 [ForkJoinPool-1-worker-23] ERROR com.intuit.karate - http request failed: 
org.apache.http.client.ClientProtocolException
13:26:46.940 [ForkJoinPool-1-worker-23] ERROR com.intuit.karate - feature call (loop) failed at index: 78
caller: classpath:InspireTest/def/checkxlinkurl.template.feature
arg: {"link":""}
checkxlinkurl.template.feature:21 - 
org.apache.http.client.ClientProtocolException
13:26:46.941 [ForkJoinPool-1-worker-23] INFO  com.intuit.karate - [print] testing xlinkurl:
13:26:46.941 [ForkJoinPool-1-worker-23] ERROR com.intuit.karate - org.apache.http.client.ClientProtocolException, http call failed after 0 milliseconds for URL: 
13:26:46.941 [ForkJoinPool-1-worker-23] ERROR com.intuit.karate - http request failed: 
org.apache.http.client.ClientProtocolException
13:26:46.942 [ForkJoinPool-1-worker-23] ERROR com.intuit.karate - feature call (loop) failed at index: 79
caller: classpath:InspireTest/def/checkxlinkurl.template.feature
arg: {"link":""}
checkxlinkurl.template.feature:21 - 
org.apache.http.client.ClientProtocolException
13:26:46.942 [ForkJoinPool-1-worker-23] INFO  com.intuit.karate - [print] testing xlinkurl:
13:26:46.943 [ForkJoinPool-1-worker-23] ERROR com.intuit.karate - org.apache.http.client.ClientProtocolException, http call failed after 0 milliseconds for URL: 
13:26:46.943 [ForkJoinPool-1-worker-23] ERROR com.intuit.karate - http request failed: 
org.apache.http.client.ClientProtocolException
13:26:46.943 [ForkJoinPool-1-worker-23] ERROR com.intuit.karate - feature call (loop) failed at index: 80
caller: classpath:InspireTest/def/checkxlinkurl.template.feature
arg: {"link":""}
checkxlinkurl.template.feature:21 - 
org.apache.http.client.ClientProtocolException
13:26:46.944 [ForkJoinPool-1-worker-23] INFO  com.intuit.karate - [print] testing xlinkurl:
13:26:46.950 [ForkJoinPool-1-worker-23] ERROR com.intuit.karate - org.apache.http.client.ClientProtocolException, http call failed after 0 milliseconds for URL: 
13:26:46.950 [ForkJoinPool-1-worker-23] ERROR com.intuit.karate - http request failed: 
org.apache.http.client.ClientProtocolException
13:26:46.950 [ForkJoinPool-1-worker-23] ERROR com.intuit.karate - feature call (loop) failed at index: 81
caller: classpath:InspireTest/def/checkxlinkurl.template.feature
arg: {"link":""}
checkxlinkurl.template.feature:21 - 
org.apache.http.client.ClientProtocolException
13:26:46.954 [ForkJoinPool-1-worker-23] INFO  com.intuit.karate - [print] testing xlinkurl:
13:26:46.955 [ForkJoinPool-1-worker-23] ERROR com.intuit.karate - org.apache.http.client.ClientProtocolException, http call failed after 0 milliseconds for URL: 
13:26:46.955 [ForkJoinPool-1-worker-23] ERROR com.intuit.karate - http request failed: 
org.apache.http.client.ClientProtocolException
13:26:46.955 [ForkJoinPool-1-worker-23] ERROR com.intuit.karate - feature call (loop) failed at index: 82
caller: classpath:InspireTest/def/checkxlinkurl.template.feature
arg: {"link":""}
checkxlinkurl.template.feature:21 - 
org.apache.http.client.ClientProtocolException
13:26:46.956 [ForkJoinPool-1-worker-23] INFO  com.intuit.karate - [print] testing xlinkurl:
13:26:46.957 [ForkJoinPool-1-worker-23] ERROR com.intuit.karate - org.apache.http.client.ClientProtocolException, http call failed after 0 milliseconds for URL: 
13:26:46.957 [ForkJoinPool-1-worker-23] ERROR com.intuit.karate - http request failed: 
org.apache.http.client.ClientProtocolException
13:26:46.957 [ForkJoinPool-1-worker-23] ERROR com.intuit.karate - feature call (loop) failed at index: 83
caller: classpath:InspireTest/def/checkxlinkurl.template.feature
arg: {"link":""}
checkxlinkurl.template.feature:21 - 
org.apache.http.client.ClientProtocolException
13:26:46.957 [ForkJoinPool-1-worker-23] INFO  com.intuit.karate - [print] testing xlinkurl:
13:26:46.958 [ForkJoinPool-1-worker-23] ERROR com.intuit.karate - org.apache.http.client.ClientProtocolException, http call failed after 0 milliseconds for URL: 
13:26:46.958 [ForkJoinPool-1-worker-23] ERROR com.intuit.karate - http request failed: 
org.apache.http.client.ClientProtocolException
13:26:46.958 [ForkJoinPool-1-worker-23] ERROR com.intuit.karate - feature call (loop) failed at index: 84
caller: classpath:InspireTest/def/checkxlinkurl.template.feature
arg: {"link":""}
checkxlinkurl.template.feature:21 - 
org.apache.http.client.ClientProtocolException
13:26:46.959 [ForkJoinPool-1-worker-23] INFO  com.intuit.karate - [print] testing xlinkurl:
13:26:46.959 [ForkJoinPool-1-worker-23] ERROR com.intuit.karate - org.apache.http.client.ClientProtocolException, http call failed after 0 milliseconds for URL: 
13:26:46.959 [ForkJoinPool-1-worker-23] ERROR com.intuit.karate - http request failed: 
org.apache.http.client.ClientProtocolException
13:26:46.959 [ForkJoinPool-1-worker-23] ERROR com.intuit.karate - feature call (loop) failed at index: 85
caller: classpath:InspireTest/def/checkxlinkurl.template.feature
arg: {"link":""}
checkxlinkurl.template.feature:21 - 
org.apache.http.client.ClientProtocolException
13:26:46.972 [ForkJoinPool-1-worker-23] INFO  com.intuit.karate - [print] testing xlinkurl:
13:26:46.972 [ForkJoinPool-1-worker-23] ERROR com.intuit.karate - org.apache.http.client.ClientProtocolException, http call failed after 0 milliseconds for URL: 
13:26:46.972 [ForkJoinPool-1-worker-23] ERROR com.intuit.karate - http request failed: 
org.apache.http.client.ClientProtocolException
13:26:46.972 [ForkJoinPool-1-worker-23] ERROR com.intuit.karate - feature call (loop) failed at index: 86
caller: classpath:InspireTest/def/checkxlinkurl.template.feature
arg: {"link":""}
checkxlinkurl.template.feature:21 - 
org.apache.http.client.ClientProtocolException
13:26:46.973 [ForkJoinPool-1-worker-23] INFO  com.intuit.karate - [print] testing xlinkurl:
13:26:46.974 [ForkJoinPool-1-worker-23] ERROR com.intuit.karate - org.apache.http.client.ClientProtocolException, http call failed after 0 milliseconds for URL: 
13:26:46.974 [ForkJoinPool-1-worker-23] ERROR com.intuit.karate - http request failed: 
org.apache.http.client.ClientProtocolException
13:26:46.974 [ForkJoinPool-1-worker-23] ERROR com.intuit.karate - feature call (loop) failed at index: 87
caller: classpath:InspireTest/def/checkxlinkurl.template.feature
arg: {"link":""}
checkxlinkurl.template.feature:21 - 
org.apache.http.client.ClientProtocolException
13:26:46.975 [ForkJoinPool-1-worker-23] INFO  com.intuit.karate - [print] testing xlinkurl:
13:26:46.975 [ForkJoinPool-1-worker-23] ERROR com.intuit.karate - org.apache.http.client.ClientProtocolException, http call failed after 0 milliseconds for URL: 
13:26:46.975 [ForkJoinPool-1-worker-23] ERROR com.intuit.karate - http request failed: 
org.apache.http.client.ClientProtocolException
13:26:46.976 [ForkJoinPool-1-worker-23] ERROR com.intuit.karate - feature call (loop) failed at index: 88
caller: classpath:InspireTest/def/checkxlinkurl.template.feature
arg: {"link":""}
checkxlinkurl.template.feature:21 - 
org.apache.http.client.ClientProtocolException
13:26:46.983 [ForkJoinPool-1-worker-23] INFO  com.intuit.karate - [print] testing xlinkurl:
13:26:46.984 [ForkJoinPool-1-worker-23] ERROR com.intuit.karate - org.apache.http.client.ClientProtocolException, http call failed after 0 milliseconds for URL: 
13:26:46.984 [ForkJoinPool-1-worker-23] ERROR com.intuit.karate - http request failed: 
org.apache.http.client.ClientProtocolException
13:26:46.984 [ForkJoinPool-1-worker-23] ERROR com.intuit.karate - feature call (loop) failed at index: 89
caller: classpath:InspireTest/def/checkxlinkurl.template.feature
arg: {"link":""}
checkxlinkurl.template.feature:21 - 
org.apache.http.client.ClientProtocolException
13:26:46.985 [ForkJoinPool-1-worker-23] INFO  com.intuit.karate - [print] testing xlinkurl:
13:26:46.986 [ForkJoinPool-1-worker-23] ERROR com.intuit.karate - org.apache.http.client.ClientProtocolException, http call failed after 0 milliseconds for URL: 
13:26:46.986 [ForkJoinPool-1-worker-23] ERROR com.intuit.karate - http request failed: 
org.apache.http.client.ClientProtocolException
13:26:46.986 [ForkJoinPool-1-worker-23] ERROR com.intuit.karate - feature call (loop) failed at index: 90
caller: classpath:InspireTest/def/checkxlinkurl.template.feature
arg: {"link":""}
checkxlinkurl.template.feature:21 - 
org.apache.http.client.ClientProtocolException
13:26:46.990 [ForkJoinPool-1-worker-23] INFO  com.intuit.karate - [print] testing xlinkurl:
13:26:46.991 [ForkJoinPool-1-worker-23] ERROR com.intuit.karate - org.apache.http.client.ClientProtocolException, http call failed after 0 milliseconds for URL: 
13:26:46.991 [ForkJoinPool-1-worker-23] ERROR com.intuit.karate - http request failed: 
org.apache.http.client.ClientProtocolException
13:26:46.991 [ForkJoinPool-1-worker-23] ERROR com.intuit.karate - feature call (loop) failed at index: 91
caller: classpath:InspireTest/def/checkxlinkurl.template.feature
arg: {"link":""}
checkxlinkurl.template.feature:21 - 
org.apache.http.client.ClientProtocolException
13:26:46.992 [ForkJoinPool-1-worker-23] INFO  com.intuit.karate - [print] testing xlinkurl:
13:26:46.995 [ForkJoinPool-1-worker-23] ERROR com.intuit.karate - org.apache.http.client.ClientProtocolException, http call failed after 0 milliseconds for URL: 
13:26:46.995 [ForkJoinPool-1-worker-23] ERROR com.intuit.karate - http request failed: 
org.apache.http.client.ClientProtocolException
13:26:46.995 [ForkJoinPool-1-worker-23] ERROR com.intuit.karate - feature call (loop) failed at index: 92
caller: classpath:InspireTest/def/checkxlinkurl.template.feature
arg: {"link":""}
checkxlinkurl.template.feature:21 - 
org.apache.http.client.ClientProtocolException
13:26:46.996 [ForkJoinPool-1-worker-23] INFO  com.intuit.karate - [print] testing xlinkurl:
13:26:47.001 [ForkJoinPool-1-worker-23] ERROR com.intuit.karate - org.apache.http.client.ClientProtocolException, http call failed after 0 milliseconds for URL: 
13:26:47.001 [ForkJoinPool-1-worker-23] ERROR com.intuit.karate - http request failed: 
org.apache.http.client.ClientProtocolException
13:26:47.001 [ForkJoinPool-1-worker-23] ERROR com.intuit.karate - feature call (loop) failed at index: 93
caller: classpath:InspireTest/def/checkxlinkurl.template.feature
arg: {"link":""}
checkxlinkurl.template.feature:21 - 
org.apache.http.client.ClientProtocolException
13:26:47.001 [ForkJoinPool-1-worker-23] INFO  com.intuit.karate - [print] testing xlinkurl:
13:26:47.003 [ForkJoinPool-1-worker-23] ERROR com.intuit.karate - org.apache.http.client.ClientProtocolException, http call failed after 0 milliseconds for URL: 
13:26:47.003 [ForkJoinPool-1-worker-23] ERROR com.intuit.karate - http request failed: 
org.apache.http.client.ClientProtocolException
13:26:47.003 [ForkJoinPool-1-worker-23] ERROR com.intuit.karate - feature call (loop) failed at index: 94
caller: classpath:InspireTest/def/checkxlinkurl.template.feature
arg: {"link":""}
checkxlinkurl.template.feature:21 - 
org.apache.http.client.ClientProtocolException
13:26:47.004 [ForkJoinPool-1-worker-23] INFO  com.intuit.karate - [print] testing xlinkurl:
13:26:47.009 [ForkJoinPool-1-worker-23] ERROR com.intuit.karate - org.apache.http.client.ClientProtocolException, http call failed after 0 milliseconds for URL: 
13:26:47.009 [ForkJoinPool-1-worker-23] ERROR com.intuit.karate - http request failed: 
org.apache.http.client.ClientProtocolException
13:26:47.009 [ForkJoinPool-1-worker-23] ERROR com.intuit.karate - feature call (loop) failed at index: 95
caller: classpath:InspireTest/def/checkxlinkurl.template.feature
arg: {"link":""}
checkxlinkurl.template.feature:21 - 
org.apache.http.client.ClientProtocolException
13:26:47.009 [ForkJoinPool-1-worker-23] INFO  com.intuit.karate - [print] testing xlinkurl:
13:26:47.015 [ForkJoinPool-1-worker-23] ERROR com.intuit.karate - org.apache.http.client.ClientProtocolException, http call failed after 0 milliseconds for URL: 
13:26:47.015 [ForkJoinPool-1-worker-23] ERROR com.intuit.karate - http request failed: 
org.apache.http.client.ClientProtocolException
13:26:47.015 [ForkJoinPool-1-worker-23] ERROR com.intuit.karate - feature call (loop) failed at index: 96
caller: classpath:InspireTest/def/checkxlinkurl.template.feature
arg: {"link":""}
checkxlinkurl.template.feature:21 - 
org.apache.http.client.ClientProtocolException
13:26:47.016 [ForkJoinPool-1-worker-23] INFO  com.intuit.karate - [print] testing xlinkurl:
13:26:47.018 [ForkJoinPool-1-worker-23] ERROR com.intuit.karate - org.apache.http.client.ClientProtocolException, http call failed after 0 milliseconds for URL: 
13:26:47.018 [ForkJoinPool-1-worker-23] ERROR com.intuit.karate - http request failed: 
org.apache.http.client.ClientProtocolException
13:26:47.018 [ForkJoinPool-1-worker-23] ERROR com.intuit.karate - feature call (loop) failed at index: 97
caller: classpath:InspireTest/def/checkxlinkurl.template.feature
arg: {"link":""}
checkxlinkurl.template.feature:21 - 
org.apache.http.client.ClientProtocolException
13:26:47.018 [ForkJoinPool-1-worker-23] INFO  com.intuit.karate - [print] testing xlinkurl:
13:26:47.019 [ForkJoinPool-1-worker-23] ERROR com.intuit.karate - org.apache.http.client.ClientProtocolException, http call failed after 0 milliseconds for URL: 
13:26:47.019 [ForkJoinPool-1-worker-23] ERROR com.intuit.karate - http request failed: 
org.apache.http.client.ClientProtocolException
13:26:47.019 [ForkJoinPool-1-worker-23] ERROR com.intuit.karate - feature call (loop) failed at index: 98
caller: classpath:InspireTest/def/checkxlinkurl.template.feature
arg: {"link":""}
checkxlinkurl.template.feature:21 - 
org.apache.http.client.ClientProtocolException
13:26:47.032 [ForkJoinPool-1-worker-23] INFO  com.intuit.karate - [print] testing xlinkurl:
13:26:47.033 [ForkJoinPool-1-worker-23] ERROR com.intuit.karate - org.apache.http.client.ClientProtocolException, http call failed after 0 milliseconds for URL: 
13:26:47.033 [ForkJoinPool-1-worker-23] ERROR com.intuit.karate - http request failed: 
org.apache.http.client.ClientProtocolException
13:26:47.033 [ForkJoinPool-1-worker-23] ERROR com.intuit.karate - feature call (loop) failed at index: 99
caller: classpath:InspireTest/def/checkxlinkurl.template.feature
arg: {"link":""}
checkxlinkurl.template.feature:21 - 
org.apache.http.client.ClientProtocolException
13:26:47.036 [ForkJoinPool-1-worker-23] INFO  com.intuit.karate - [print] testing xlinkurl:
13:26:47.040 [ForkJoinPool-1-worker-23] ERROR com.intuit.karate - org.apache.http.client.ClientProtocolException, http call failed after 0 milliseconds for URL: 
13:26:47.040 [ForkJoinPool-1-worker-23] ERROR com.intuit.karate - http request failed: 
org.apache.http.client.ClientProtocolException
13:26:47.040 [ForkJoinPool-1-worker-23] ERROR com.intuit.karate - feature call (loop) failed at index: 100
caller: classpath:InspireTest/def/checkxlinkurl.template.feature
arg: {"link":""}
checkxlinkurl.template.feature:21 - 
org.apache.http.client.ClientProtocolException
13:26:47.041 [ForkJoinPool-1-worker-23] INFO  com.intuit.karate - [print] testing xlinkurl:
13:26:47.042 [ForkJoinPool-1-worker-23] ERROR com.intuit.karate - org.apache.http.client.ClientProtocolException, http call failed after 0 milliseconds for URL: 
13:26:47.042 [ForkJoinPool-1-worker-23] ERROR com.intuit.karate - http request failed: 
org.apache.http.client.ClientProtocolException
13:26:47.042 [ForkJoinPool-1-worker-23] ERROR com.intuit.karate - feature call (loop) failed at index: 101
caller: classpath:InspireTest/def/checkxlinkurl.template.feature
arg: {"link":""}
checkxlinkurl.template.feature:21 - 
org.apache.http.client.ClientProtocolException
13:26:47.043 [ForkJoinPool-1-worker-23] INFO  com.intuit.karate - [print] testing xlinkurl:
13:26:47.043 [ForkJoinPool-1-worker-23] ERROR com.intuit.karate - org.apache.http.client.ClientProtocolException, http call failed after 0 milliseconds for URL: 
13:26:47.043 [ForkJoinPool-1-worker-23] ERROR com.intuit.karate - http request failed: 
org.apache.http.client.ClientProtocolException
13:26:47.043 [ForkJoinPool-1-worker-23] ERROR com.intuit.karate - feature call (loop) failed at index: 102
caller: classpath:InspireTest/def/checkxlinkurl.template.feature
arg: {"link":""}
checkxlinkurl.template.feature:21 - 
org.apache.http.client.ClientProtocolException
13:26:47.052 [ForkJoinPool-1-worker-45] ERROR com.intuit.karate - java.net.SocketTimeoutException: Read timed out, http call failed after 5333 milliseconds for URL: http://inspire.ec.europa.eu/metadata-codelist/SpatialDataServiceCategory#
13:26:47.052 [ForkJoinPool-1-worker-45] ERROR com.intuit.karate - http request failed: 
java.net.SocketTimeoutException: Read timed out
13:26:47.053 [ForkJoinPool-1-worker-45] ERROR com.intuit.karate - feature call (loop) failed at index: 3
caller: classpath:InspireTest/def/checkxlinkurl.template.feature
arg: {"link":"http://inspire.ec.europa.eu/metadata-codelist/SpatialDataServiceCategory#"}
checkxlinkurl.template.feature:21 - 
java.net.SocketTimeoutException: Read timed out
13:26:47.053 [ForkJoinPool-1-worker-45] INFO  com.intuit.karate - [print] testing xlinkurl:https://www.nationaalgeoregister.nl/geonetwork/srv/eng/thesaurus.download?ref=external.theme.httpinspireeceuropaeumetadatacodelistSpatialDataServiceCategory-SpatialDataServiceCategory
13:26:47.056 [ForkJoinPool-1-worker-23] INFO  com.intuit.karate - [print] testing xlinkurl:
13:26:47.057 [ForkJoinPool-1-worker-23] ERROR com.intuit.karate - org.apache.http.client.ClientProtocolException, http call failed after 0 milliseconds for URL: 
13:26:47.057 [ForkJoinPool-1-worker-23] ERROR com.intuit.karate - http request failed: 
org.apache.http.client.ClientProtocolException
13:26:47.057 [ForkJoinPool-1-worker-23] ERROR com.intuit.karate - feature call (loop) failed at index: 103
caller: classpath:InspireTest/def/checkxlinkurl.template.feature
arg: {"link":""}
checkxlinkurl.template.feature:21 - 
org.apache.http.client.ClientProtocolException
13:26:47.057 [ForkJoinPool-1-worker-23] INFO  com.intuit.karate - [print] testing xlinkurl:
13:26:47.062 [ForkJoinPool-1-worker-23] ERROR com.intuit.karate - org.apache.http.client.ClientProtocolException, http call failed after 0 milliseconds for URL: 
13:26:47.063 [ForkJoinPool-1-worker-23] ERROR com.intuit.karate - http request failed: 
org.apache.http.client.ClientProtocolException
13:26:47.063 [ForkJoinPool-1-worker-23] ERROR com.intuit.karate - feature call (loop) failed at index: 104
caller: classpath:InspireTest/def/checkxlinkurl.template.feature
arg: {"link":""}
checkxlinkurl.template.feature:21 - 
org.apache.http.client.ClientProtocolException
13:26:47.063 [ForkJoinPool-1-worker-23] INFO  com.intuit.karate - [print] testing xlinkurl:
13:26:47.064 [ForkJoinPool-1-worker-23] ERROR com.intuit.karate - org.apache.http.client.ClientProtocolException, http call failed after 0 milliseconds for URL: 
13:26:47.065 [ForkJoinPool-1-worker-23] ERROR com.intuit.karate - http request failed: 
org.apache.http.client.ClientProtocolException
13:26:47.065 [ForkJoinPool-1-worker-23] ERROR com.intuit.karate - feature call (loop) failed at index: 105
caller: classpath:InspireTest/def/checkxlinkurl.template.feature
arg: {"link":""}
checkxlinkurl.template.feature:21 - 
org.apache.http.client.ClientProtocolException
13:26:47.066 [ForkJoinPool-1-worker-23] INFO  com.intuit.karate - [print] testing xlinkurl:
13:26:47.066 [ForkJoinPool-1-worker-23] ERROR com.intuit.karate - org.apache.http.client.ClientProtocolException, http call failed after 0 milliseconds for URL: 
13:26:47.066 [ForkJoinPool-1-worker-23] ERROR com.intuit.karate - http request failed: 
org.apache.http.client.ClientProtocolException
13:26:47.066 [ForkJoinPool-1-worker-23] ERROR com.intuit.karate - feature call (loop) failed at index: 106
caller: classpath:InspireTest/def/checkxlinkurl.template.feature
arg: {"link":""}
checkxlinkurl.template.feature:21 - 
org.apache.http.client.ClientProtocolException
13:26:47.067 [ForkJoinPool-1-worker-23] INFO  com.intuit.karate - [print] testing xlinkurl:
13:26:47.068 [ForkJoinPool-1-worker-23] ERROR com.intuit.karate - org.apache.http.client.ClientProtocolException, http call failed after 0 milliseconds for URL: 
13:26:47.068 [ForkJoinPool-1-worker-23] ERROR com.intuit.karate - http request failed: 
org.apache.http.client.ClientProtocolException
13:26:47.068 [ForkJoinPool-1-worker-23] ERROR com.intuit.karate - feature call (loop) failed at index: 107
caller: classpath:InspireTest/def/checkxlinkurl.template.feature
arg: {"link":""}
checkxlinkurl.template.feature:21 - 
org.apache.http.client.ClientProtocolException
13:26:47.069 [ForkJoinPool-1-worker-23] INFO  com.intuit.karate - [print] testing xlinkurl:
13:26:47.069 [ForkJoinPool-1-worker-23] ERROR com.intuit.karate - org.apache.http.client.ClientProtocolException, http call failed after 0 milliseconds for URL: 
13:26:47.069 [ForkJoinPool-1-worker-23] ERROR com.intuit.karate - http request failed: 
org.apache.http.client.ClientProtocolException
13:26:47.069 [ForkJoinPool-1-worker-23] ERROR com.intuit.karate - feature call (loop) failed at index: 108
caller: classpath:InspireTest/def/checkxlinkurl.template.feature
arg: {"link":""}
checkxlinkurl.template.feature:21 - 
org.apache.http.client.ClientProtocolException
13:26:47.070 [ForkJoinPool-1-worker-23] INFO  com.intuit.karate - [print] testing xlinkurl:
13:26:47.071 [ForkJoinPool-1-worker-23] ERROR com.intuit.karate - org.apache.http.client.ClientProtocolException, http call failed after 0 milliseconds for URL: 
13:26:47.071 [ForkJoinPool-1-worker-23] ERROR com.intuit.karate - http request failed: 
org.apache.http.client.ClientProtocolException
13:26:47.071 [ForkJoinPool-1-worker-23] ERROR com.intuit.karate - feature call (loop) failed at index: 109
caller: classpath:InspireTest/def/checkxlinkurl.template.feature
arg: {"link":""}
checkxlinkurl.template.feature:21 - 
org.apache.http.client.ClientProtocolException
13:26:47.086 [ForkJoinPool-1-worker-23] INFO  com.intuit.karate - [print] testing xlinkurl:
13:26:47.087 [ForkJoinPool-1-worker-23] ERROR com.intuit.karate - org.apache.http.client.ClientProtocolException, http call failed after 0 milliseconds for URL: 
13:26:47.087 [ForkJoinPool-1-worker-23] ERROR com.intuit.karate - http request failed: 
org.apache.http.client.ClientProtocolException
13:26:47.087 [ForkJoinPool-1-worker-23] ERROR com.intuit.karate - feature call (loop) failed at index: 110
caller: classpath:InspireTest/def/checkxlinkurl.template.feature
arg: {"link":""}
checkxlinkurl.template.feature:21 - 
org.apache.http.client.ClientProtocolException
13:26:47.088 [ForkJoinPool-1-worker-23] INFO  com.intuit.karate - [print] testing xlinkurl:
13:26:47.090 [ForkJoinPool-1-worker-23] ERROR com.intuit.karate - org.apache.http.client.ClientProtocolException, http call failed after 0 milliseconds for URL: 
13:26:47.090 [ForkJoinPool-1-worker-23] ERROR com.intuit.karate - http request failed: 
org.apache.http.client.ClientProtocolException
13:26:47.090 [ForkJoinPool-1-worker-23] ERROR com.intuit.karate - feature call (loop) failed at index: 111
caller: classpath:InspireTest/def/checkxlinkurl.template.feature
arg: {"link":""}
checkxlinkurl.template.feature:21 - 
org.apache.http.client.ClientProtocolException
13:26:47.103 [ForkJoinPool-1-worker-23] INFO  com.intuit.karate - [print] testing xlinkurl:
13:26:47.106 [ForkJoinPool-1-worker-23] ERROR com.intuit.karate - org.apache.http.client.ClientProtocolException, http call failed after 0 milliseconds for URL: 
13:26:47.106 [ForkJoinPool-1-worker-23] ERROR com.intuit.karate - http request failed: 
org.apache.http.client.ClientProtocolException
13:26:47.107 [ForkJoinPool-1-worker-23] ERROR com.intuit.karate - feature call (loop) failed at index: 112
caller: classpath:InspireTest/def/checkxlinkurl.template.feature
arg: {"link":""}
checkxlinkurl.template.feature:21 - 
org.apache.http.client.ClientProtocolException
13:26:47.111 [ForkJoinPool-1-worker-23] INFO  com.intuit.karate - [print] testing xlinkurl:
13:26:47.121 [ForkJoinPool-1-worker-23] ERROR com.intuit.karate - org.apache.http.client.ClientProtocolException, http call failed after 0 milliseconds for URL: 
13:26:47.121 [ForkJoinPool-1-worker-23] ERROR com.intuit.karate - http request failed: 
org.apache.http.client.ClientProtocolException
13:26:47.121 [ForkJoinPool-1-worker-23] ERROR com.intuit.karate - feature call (loop) failed at index: 113
caller: classpath:InspireTest/def/checkxlinkurl.template.feature
arg: {"link":""}
checkxlinkurl.template.feature:21 - 
org.apache.http.client.ClientProtocolException
13:26:47.122 [ForkJoinPool-1-worker-23] INFO  com.intuit.karate - [print] testing xlinkurl:
13:26:47.123 [ForkJoinPool-1-worker-23] ERROR com.intuit.karate - org.apache.http.client.ClientProtocolException, http call failed after 0 milliseconds for URL: 
13:26:47.123 [ForkJoinPool-1-worker-23] ERROR com.intuit.karate - http request failed: 
org.apache.http.client.ClientProtocolException
13:26:47.123 [ForkJoinPool-1-worker-23] ERROR com.intuit.karate - feature call (loop) failed at index: 114
caller: classpath:InspireTest/def/checkxlinkurl.template.feature
arg: {"link":""}
checkxlinkurl.template.feature:21 - 
org.apache.http.client.ClientProtocolException
13:26:47.123 [ForkJoinPool-1-worker-23] INFO  com.intuit.karate - [print] testing xlinkurl:
13:26:47.126 [ForkJoinPool-1-worker-23] ERROR com.intuit.karate - org.apache.http.client.ClientProtocolException, http call failed after 0 milliseconds for URL: 
13:26:47.127 [ForkJoinPool-1-worker-23] ERROR com.intuit.karate - http request failed: 
org.apache.http.client.ClientProtocolException
13:26:47.127 [ForkJoinPool-1-worker-23] ERROR com.intuit.karate - feature call (loop) failed at index: 115
caller: classpath:InspireTest/def/checkxlinkurl.template.feature
arg: {"link":""}
checkxlinkurl.template.feature:21 - 
org.apache.http.client.ClientProtocolException
13:26:47.127 [ForkJoinPool-1-worker-23] INFO  com.intuit.karate - [print] testing xlinkurl:
13:26:47.138 [ForkJoinPool-1-worker-23] ERROR com.intuit.karate - org.apache.http.client.ClientProtocolException, http call failed after 0 milliseconds for URL: 
13:26:47.138 [ForkJoinPool-1-worker-23] ERROR com.intuit.karate - http request failed: 
org.apache.http.client.ClientProtocolException
13:26:47.138 [ForkJoinPool-1-worker-23] ERROR com.intuit.karate - feature call (loop) failed at index: 116
caller: classpath:InspireTest/def/checkxlinkurl.template.feature
arg: {"link":""}
checkxlinkurl.template.feature:21 - 
org.apache.http.client.ClientProtocolException
13:26:47.139 [ForkJoinPool-1-worker-23] INFO  com.intuit.karate - [print] testing xlinkurl:
13:26:47.139 [ForkJoinPool-1-worker-23] ERROR com.intuit.karate - org.apache.http.client.ClientProtocolException, http call failed after 0 milliseconds for URL: 
13:26:47.139 [ForkJoinPool-1-worker-23] ERROR com.intuit.karate - http request failed: 
org.apache.http.client.ClientProtocolException
13:26:47.139 [ForkJoinPool-1-worker-23] ERROR com.intuit.karate - feature call (loop) failed at index: 117
caller: classpath:InspireTest/def/checkxlinkurl.template.feature
arg: {"link":""}
checkxlinkurl.template.feature:21 - 
org.apache.http.client.ClientProtocolException
13:26:47.142 [ForkJoinPool-1-worker-23] INFO  com.intuit.karate - [print] testing xlinkurl:
13:26:47.147 [ForkJoinPool-1-worker-23] ERROR com.intuit.karate - org.apache.http.client.ClientProtocolException, http call failed after 0 milliseconds for URL: 
13:26:47.147 [ForkJoinPool-1-worker-23] ERROR com.intuit.karate - http request failed: 
org.apache.http.client.ClientProtocolException
13:26:47.147 [ForkJoinPool-1-worker-23] ERROR com.intuit.karate - feature call (loop) failed at index: 118
caller: classpath:InspireTest/def/checkxlinkurl.template.feature
arg: {"link":""}
checkxlinkurl.template.feature:21 - 
org.apache.http.client.ClientProtocolException
13:26:47.147 [ForkJoinPool-1-worker-23] INFO  com.intuit.karate - [print] testing xlinkurl:
13:26:47.156 [ForkJoinPool-1-worker-23] ERROR com.intuit.karate - org.apache.http.client.ClientProtocolException, http call failed after 0 milliseconds for URL: 
13:26:47.156 [ForkJoinPool-1-worker-23] ERROR com.intuit.karate - http request failed: 
org.apache.http.client.ClientProtocolException
13:26:47.157 [ForkJoinPool-1-worker-23] ERROR com.intuit.karate - feature call (loop) failed at index: 119
caller: classpath:InspireTest/def/checkxlinkurl.template.feature
arg: {"link":""}
checkxlinkurl.template.feature:21 - 
org.apache.http.client.ClientProtocolException
13:26:47.157 [ForkJoinPool-1-worker-23] INFO  com.intuit.karate - [print] testing xlinkurl:
13:26:47.158 [ForkJoinPool-1-worker-23] ERROR com.intuit.karate - org.apache.http.client.ClientProtocolException, http call failed after 0 milliseconds for URL: 
13:26:47.158 [ForkJoinPool-1-worker-23] ERROR com.intuit.karate - http request failed: 
org.apache.http.client.ClientProtocolException
13:26:47.158 [ForkJoinPool-1-worker-23] ERROR com.intuit.karate - feature call (loop) failed at index: 120
caller: classpath:InspireTest/def/checkxlinkurl.template.feature
arg: {"link":""}
checkxlinkurl.template.feature:21 - 
org.apache.http.client.ClientProtocolException
13:26:47.159 [ForkJoinPool-1-worker-23] INFO  com.intuit.karate - [print] testing xlinkurl:
13:26:47.159 [ForkJoinPool-1-worker-23] ERROR com.intuit.karate - org.apache.http.client.ClientProtocolException, http call failed after 0 milliseconds for URL: 
13:26:47.160 [ForkJoinPool-1-worker-23] ERROR com.intuit.karate - http request failed: 
org.apache.http.client.ClientProtocolException
13:26:47.160 [ForkJoinPool-1-worker-23] ERROR com.intuit.karate - feature call (loop) failed at index: 121
caller: classpath:InspireTest/def/checkxlinkurl.template.feature
arg: {"link":""}
checkxlinkurl.template.feature:21 - 
org.apache.http.client.ClientProtocolException
13:26:47.160 [ForkJoinPool-1-worker-23] INFO  com.intuit.karate - [print] testing xlinkurl:
13:26:47.165 [ForkJoinPool-1-worker-23] ERROR com.intuit.karate - org.apache.http.client.ClientProtocolException, http call failed after 0 milliseconds for URL: 
13:26:47.165 [ForkJoinPool-1-worker-23] ERROR com.intuit.karate - http request failed: 
org.apache.http.client.ClientProtocolException
13:26:47.166 [ForkJoinPool-1-worker-23] ERROR com.intuit.karate - feature call (loop) failed at index: 122
caller: classpath:InspireTest/def/checkxlinkurl.template.feature
arg: {"link":""}
checkxlinkurl.template.feature:21 - 
org.apache.http.client.ClientProtocolException
13:26:47.166 [ForkJoinPool-1-worker-23] INFO  com.intuit.karate - [print] testing xlinkurl:
13:26:47.167 [ForkJoinPool-1-worker-23] ERROR com.intuit.karate - org.apache.http.client.ClientProtocolException, http call failed after 0 milliseconds for URL: 
13:26:47.167 [ForkJoinPool-1-worker-23] ERROR com.intuit.karate - http request failed: 
org.apache.http.client.ClientProtocolException
13:26:47.167 [ForkJoinPool-1-worker-23] ERROR com.intuit.karate - feature call (loop) failed at index: 123
caller: classpath:InspireTest/def/checkxlinkurl.template.feature
arg: {"link":""}
checkxlinkurl.template.feature:21 - 
org.apache.http.client.ClientProtocolException
13:26:47.168 [ForkJoinPool-1-worker-23] INFO  com.intuit.karate - [print] testing xlinkurl:
13:26:47.168 [ForkJoinPool-1-worker-23] ERROR com.intuit.karate - org.apache.http.client.ClientProtocolException, http call failed after 0 milliseconds for URL: 
13:26:47.168 [ForkJoinPool-1-worker-23] ERROR com.intuit.karate - http request failed: 
org.apache.http.client.ClientProtocolException
13:26:47.169 [ForkJoinPool-1-worker-23] ERROR com.intuit.karate - feature call (loop) failed at index: 124
caller: classpath:InspireTest/def/checkxlinkurl.template.feature
arg: {"link":""}
checkxlinkurl.template.feature:21 - 
org.apache.http.client.ClientProtocolException
13:26:47.169 [ForkJoinPool-1-worker-23] INFO  com.intuit.karate - [print] testing xlinkurl:
13:26:47.188 [ForkJoinPool-1-worker-23] ERROR com.intuit.karate - org.apache.http.client.ClientProtocolException, http call failed after 0 milliseconds for URL: 
13:26:47.188 [ForkJoinPool-1-worker-23] ERROR com.intuit.karate - http request failed: 
org.apache.http.client.ClientProtocolException
13:26:47.189 [ForkJoinPool-1-worker-23] ERROR com.intuit.karate - feature call (loop) failed at index: 125
caller: classpath:InspireTest/def/checkxlinkurl.template.feature
arg: {"link":""}
checkxlinkurl.template.feature:21 - 
org.apache.http.client.ClientProtocolException
13:26:47.197 [ForkJoinPool-1-worker-23] INFO  com.intuit.karate - [print] testing xlinkurl:
13:26:47.198 [ForkJoinPool-1-worker-23] ERROR com.intuit.karate - org.apache.http.client.ClientProtocolException, http call failed after 0 milliseconds for URL: 
13:26:47.198 [ForkJoinPool-1-worker-23] ERROR com.intuit.karate - http request failed: 
org.apache.http.client.ClientProtocolException
13:26:47.198 [ForkJoinPool-1-worker-23] ERROR com.intuit.karate - feature call (loop) failed at index: 126
caller: classpath:InspireTest/def/checkxlinkurl.template.feature
arg: {"link":""}
checkxlinkurl.template.feature:21 - 
org.apache.http.client.ClientProtocolException
13:26:47.198 [ForkJoinPool-1-worker-23] INFO  com.intuit.karate - [print] testing xlinkurl:
13:26:47.208 [ForkJoinPool-1-worker-23] ERROR com.intuit.karate - org.apache.http.client.ClientProtocolException, http call failed after 0 milliseconds for URL: 
13:26:47.208 [ForkJoinPool-1-worker-23] ERROR com.intuit.karate - http request failed: 
org.apache.http.client.ClientProtocolException
13:26:47.208 [ForkJoinPool-1-worker-23] ERROR com.intuit.karate - feature call (loop) failed at index: 127
caller: classpath:InspireTest/def/checkxlinkurl.template.feature
arg: {"link":""}
checkxlinkurl.template.feature:21 - 
org.apache.http.client.ClientProtocolException
13:26:47.209 [ForkJoinPool-1-worker-23] INFO  com.intuit.karate - [print] testing xlinkurl:
13:26:47.210 [ForkJoinPool-1-worker-23] ERROR com.intuit.karate - org.apache.http.client.ClientProtocolException, http call failed after 0 milliseconds for URL: 
13:26:47.210 [ForkJoinPool-1-worker-23] ERROR com.intuit.karate - http request failed: 
org.apache.http.client.ClientProtocolException
13:26:47.210 [ForkJoinPool-1-worker-23] ERROR com.intuit.karate - feature call (loop) failed at index: 128
caller: classpath:InspireTest/def/checkxlinkurl.template.feature
arg: {"link":""}
checkxlinkurl.template.feature:21 - 
org.apache.http.client.ClientProtocolException
13:26:47.211 [ForkJoinPool-1-worker-23] INFO  com.intuit.karate - [print] testing xlinkurl:
13:26:47.216 [ForkJoinPool-1-worker-23] ERROR com.intuit.karate - org.apache.http.client.ClientProtocolException, http call failed after 0 milliseconds for URL: 
13:26:47.216 [ForkJoinPool-1-worker-23] ERROR com.intuit.karate - http request failed: 
org.apache.http.client.ClientProtocolException
13:26:47.216 [ForkJoinPool-1-worker-23] ERROR com.intuit.karate - feature call (loop) failed at index: 129
caller: classpath:InspireTest/def/checkxlinkurl.template.feature
arg: {"link":""}
checkxlinkurl.template.feature:21 - 
org.apache.http.client.ClientProtocolException
13:26:47.217 [ForkJoinPool-1-worker-23] INFO  com.intuit.karate - [print] testing xlinkurl:
13:26:47.218 [ForkJoinPool-1-worker-23] ERROR com.intuit.karate - org.apache.http.client.ClientProtocolException, http call failed after 0 milliseconds for URL: 
13:26:47.218 [ForkJoinPool-1-worker-23] ERROR com.intuit.karate - http request failed: 
org.apache.http.client.ClientProtocolException
13:26:47.218 [ForkJoinPool-1-worker-23] ERROR com.intuit.karate - feature call (loop) failed at index: 130
caller: classpath:InspireTest/def/checkxlinkurl.template.feature
arg: {"link":""}
checkxlinkurl.template.feature:21 - 
org.apache.http.client.ClientProtocolException
13:26:47.223 [ForkJoinPool-1-worker-23] INFO  com.intuit.karate - [print] testing xlinkurl:
13:26:47.223 [ForkJoinPool-1-worker-23] ERROR com.intuit.karate - org.apache.http.client.ClientProtocolException, http call failed after 0 milliseconds for URL: 
13:26:47.223 [ForkJoinPool-1-worker-23] ERROR com.intuit.karate - http request failed: 
org.apache.http.client.ClientProtocolException
13:26:47.223 [ForkJoinPool-1-worker-23] ERROR com.intuit.karate - feature call (loop) failed at index: 131
caller: classpath:InspireTest/def/checkxlinkurl.template.feature
arg: {"link":""}
checkxlinkurl.template.feature:21 - 
org.apache.http.client.ClientProtocolException
13:26:47.226 [ForkJoinPool-1-worker-23] INFO  com.intuit.karate - [print] testing xlinkurl:
13:26:47.226 [ForkJoinPool-1-worker-23] ERROR com.intuit.karate - org.apache.http.client.ClientProtocolException, http call failed after 0 milliseconds for URL: 
13:26:47.227 [ForkJoinPool-1-worker-23] ERROR com.intuit.karate - http request failed: 
org.apache.http.client.ClientProtocolException
13:26:47.227 [ForkJoinPool-1-worker-23] ERROR com.intuit.karate - feature call (loop) failed at index: 132
caller: classpath:InspireTest/def/checkxlinkurl.template.feature
arg: {"link":""}
checkxlinkurl.template.feature:21 - 
org.apache.http.client.ClientProtocolException
13:26:47.227 [ForkJoinPool-1-worker-23] INFO  com.intuit.karate - [print] testing xlinkurl:
13:26:47.228 [ForkJoinPool-1-worker-23] ERROR com.intuit.karate - org.apache.http.client.ClientProtocolException, http call failed after 0 milliseconds for URL: 
13:26:47.228 [ForkJoinPool-1-worker-23] ERROR com.intuit.karate - http request failed: 
org.apache.http.client.ClientProtocolException
13:26:47.228 [ForkJoinPool-1-worker-23] ERROR com.intuit.karate - feature call (loop) failed at index: 133
caller: classpath:InspireTest/def/checkxlinkurl.template.feature
arg: {"link":""}
checkxlinkurl.template.feature:21 - 
org.apache.http.client.ClientProtocolException
13:26:47.229 [ForkJoinPool-1-worker-23] INFO  com.intuit.karate - [print] testing xlinkurl:
13:26:47.229 [ForkJoinPool-1-worker-23] ERROR com.intuit.karate - org.apache.http.client.ClientProtocolException, http call failed after 0 milliseconds for URL: 
13:26:47.229 [ForkJoinPool-1-worker-23] ERROR com.intuit.karate - http request failed: 
org.apache.http.client.ClientProtocolException
13:26:47.230 [ForkJoinPool-1-worker-23] ERROR com.intuit.karate - feature call (loop) failed at index: 134
caller: classpath:InspireTest/def/checkxlinkurl.template.feature
arg: {"link":""}
checkxlinkurl.template.feature:21 - 
org.apache.http.client.ClientProtocolException
13:26:47.230 [ForkJoinPool-1-worker-23] INFO  com.intuit.karate - [print] testing xlinkurl:
13:26:47.231 [ForkJoinPool-1-worker-23] ERROR com.intuit.karate - org.apache.http.client.ClientProtocolException, http call failed after 0 milliseconds for URL: 
13:26:47.231 [ForkJoinPool-1-worker-23] ERROR com.intuit.karate - http request failed: 
org.apache.http.client.ClientProtocolException
13:26:47.231 [ForkJoinPool-1-worker-23] ERROR com.intuit.karate - feature call (loop) failed at index: 135
caller: classpath:InspireTest/def/checkxlinkurl.template.feature
arg: {"link":""}
checkxlinkurl.template.feature:21 - 
org.apache.http.client.ClientProtocolException
13:26:47.232 [ForkJoinPool-1-worker-23] INFO  com.intuit.karate - [print] testing xlinkurl:
13:26:47.251 [ForkJoinPool-1-worker-23] ERROR com.intuit.karate - org.apache.http.client.ClientProtocolException, http call failed after 0 milliseconds for URL: 
13:26:47.251 [ForkJoinPool-1-worker-23] ERROR com.intuit.karate - http request failed: 
org.apache.http.client.ClientProtocolException
13:26:47.251 [ForkJoinPool-1-worker-23] ERROR com.intuit.karate - feature call (loop) failed at index: 136
caller: classpath:InspireTest/def/checkxlinkurl.template.feature
arg: {"link":""}
checkxlinkurl.template.feature:21 - 
org.apache.http.client.ClientProtocolException
13:26:47.256 [ForkJoinPool-1-worker-23] INFO  com.intuit.karate - [print] testing xlinkurl:
13:26:47.256 [ForkJoinPool-1-worker-51] ERROR com.intuit.karate - java.net.SocketTimeoutException: Read timed out, http call failed after 5338 milliseconds for URL: http://inspire.ec.europa.eu/metadata-codelist/SpatialDataServiceCategory/infoMapAccessService
13:26:47.256 [ForkJoinPool-1-worker-51] ERROR com.intuit.karate - http request failed: 
java.net.SocketTimeoutException: Read timed out
13:26:47.256 [ForkJoinPool-1-worker-23] ERROR com.intuit.karate - org.apache.http.client.ClientProtocolException, http call failed after 0 milliseconds for URL: 
13:26:47.256 [ForkJoinPool-1-worker-51] ERROR com.intuit.karate - feature call (loop) failed at index: 0
caller: classpath:InspireTest/def/checkxlinkurl.template.feature
arg: {"link":"http://inspire.ec.europa.eu/metadata-codelist/SpatialDataServiceCategory/infoMapAccessService"}
checkxlinkurl.template.feature:21 - 
java.net.SocketTimeoutException: Read timed out
13:26:47.257 [ForkJoinPool-1-worker-23] ERROR com.intuit.karate - http request failed: 
org.apache.http.client.ClientProtocolException
13:26:47.257 [ForkJoinPool-1-worker-23] ERROR com.intuit.karate - feature call (loop) failed at index: 137
caller: classpath:InspireTest/def/checkxlinkurl.template.feature
arg: {"link":""}
checkxlinkurl.template.feature:21 - 
org.apache.http.client.ClientProtocolException
13:26:47.257 [ForkJoinPool-1-worker-51] INFO  com.intuit.karate - [print] testing xlinkurl:http://inspire.ec.europa.eu/metadata-codelist/SpatialDataServiceCategory
13:26:47.257 [ForkJoinPool-1-worker-23] INFO  com.intuit.karate - [print] testing xlinkurl:
13:26:47.258 [ForkJoinPool-1-worker-23] ERROR com.intuit.karate - org.apache.http.client.ClientProtocolException, http call failed after 0 milliseconds for URL: 
13:26:47.258 [ForkJoinPool-1-worker-23] ERROR com.intuit.karate - http request failed: 
org.apache.http.client.ClientProtocolException
13:26:47.258 [ForkJoinPool-1-worker-23] ERROR com.intuit.karate - feature call (loop) failed at index: 138
caller: classpath:InspireTest/def/checkxlinkurl.template.feature
arg: {"link":""}
checkxlinkurl.template.feature:21 - 
org.apache.http.client.ClientProtocolException
13:26:47.259 [ForkJoinPool-1-worker-23] INFO  com.intuit.karate - [print] testing xlinkurl:
13:26:47.260 [ForkJoinPool-1-worker-23] ERROR com.intuit.karate - org.apache.http.client.ClientProtocolException, http call failed after 0 milliseconds for URL: 
13:26:47.260 [ForkJoinPool-1-worker-23] ERROR com.intuit.karate - http request failed: 
org.apache.http.client.ClientProtocolException
13:26:47.260 [ForkJoinPool-1-worker-23] ERROR com.intuit.karate - feature call (loop) failed at index: 139
caller: classpath:InspireTest/def/checkxlinkurl.template.feature
arg: {"link":""}
checkxlinkurl.template.feature:21 - 
org.apache.http.client.ClientProtocolException
13:26:47.266 [ForkJoinPool-1-worker-23] INFO  com.intuit.karate - [print] testing xlinkurl:
13:26:47.266 [ForkJoinPool-1-worker-23] ERROR com.intuit.karate - org.apache.http.client.ClientProtocolException, http call failed after 0 milliseconds for URL: 
13:26:47.266 [ForkJoinPool-1-worker-23] ERROR com.intuit.karate - http request failed: 
org.apache.http.client.ClientProtocolException
13:26:47.267 [ForkJoinPool-1-worker-23] ERROR com.intuit.karate - feature call (loop) failed at index: 140
caller: classpath:InspireTest/def/checkxlinkurl.template.feature
arg: {"link":""}
checkxlinkurl.template.feature:21 - 
org.apache.http.client.ClientProtocolException
13:26:47.267 [ForkJoinPool-1-worker-23] INFO  com.intuit.karate - [print] testing xlinkurl:
13:26:47.268 [ForkJoinPool-1-worker-23] ERROR com.intuit.karate - org.apache.http.client.ClientProtocolException, http call failed after 0 milliseconds for URL: 
13:26:47.268 [ForkJoinPool-1-worker-23] ERROR com.intuit.karate - http request failed: 
org.apache.http.client.ClientProtocolException
13:26:47.276 [ForkJoinPool-1-worker-23] ERROR com.intuit.karate - feature call (loop) failed at index: 141
caller: classpath:InspireTest/def/checkxlinkurl.template.feature
arg: {"link":""}
checkxlinkurl.template.feature:21 - 
org.apache.http.client.ClientProtocolException
13:26:47.277 [ForkJoinPool-1-worker-23] INFO  com.intuit.karate - [print] testing xlinkurl:
13:26:47.278 [ForkJoinPool-1-worker-23] ERROR com.intuit.karate - org.apache.http.client.ClientProtocolException, http call failed after 0 milliseconds for URL: 
13:26:47.278 [ForkJoinPool-1-worker-23] ERROR com.intuit.karate - http request failed: 
org.apache.http.client.ClientProtocolException
13:26:47.279 [ForkJoinPool-1-worker-23] ERROR com.intuit.karate - feature call (loop) failed at index: 142
caller: classpath:InspireTest/def/checkxlinkurl.template.feature
arg: {"link":""}
checkxlinkurl.template.feature:21 - 
org.apache.http.client.ClientProtocolException
13:26:47.279 [ForkJoinPool-1-worker-23] INFO  com.intuit.karate - [print] testing xlinkurl:
13:26:47.280 [ForkJoinPool-1-worker-23] ERROR com.intuit.karate - org.apache.http.client.ClientProtocolException, http call failed after 0 milliseconds for URL: 
13:26:47.280 [ForkJoinPool-1-worker-23] ERROR com.intuit.karate - http request failed: 
org.apache.http.client.ClientProtocolException
13:26:47.280 [ForkJoinPool-1-worker-23] ERROR com.intuit.karate - feature call (loop) failed at index: 143
caller: classpath:InspireTest/def/checkxlinkurl.template.feature
arg: {"link":""}
checkxlinkurl.template.feature:21 - 
org.apache.http.client.ClientProtocolException
13:26:47.285 [ForkJoinPool-1-worker-23] INFO  com.intuit.karate - [print] testing xlinkurl:
13:26:47.286 [ForkJoinPool-1-worker-23] ERROR com.intuit.karate - org.apache.http.client.ClientProtocolException, http call failed after 0 milliseconds for URL: 
13:26:47.286 [ForkJoinPool-1-worker-23] ERROR com.intuit.karate - http request failed: 
org.apache.http.client.ClientProtocolException
13:26:47.286 [ForkJoinPool-1-worker-23] ERROR com.intuit.karate - feature call (loop) failed at index: 144
caller: classpath:InspireTest/def/checkxlinkurl.template.feature
arg: {"link":""}
checkxlinkurl.template.feature:21 - 
org.apache.http.client.ClientProtocolException
13:26:47.287 [ForkJoinPool-1-worker-23] INFO  com.intuit.karate - [print] testing xlinkurl:
13:26:47.288 [ForkJoinPool-1-worker-23] ERROR com.intuit.karate - org.apache.http.client.ClientProtocolException, http call failed after 0 milliseconds for URL: 
13:26:47.294 [ForkJoinPool-1-worker-23] ERROR com.intuit.karate - http request failed: 
org.apache.http.client.ClientProtocolException
13:26:47.294 [ForkJoinPool-1-worker-23] ERROR com.intuit.karate - feature call (loop) failed at index: 145
caller: classpath:InspireTest/def/checkxlinkurl.template.feature
arg: {"link":""}
checkxlinkurl.template.feature:21 - 
org.apache.http.client.ClientProtocolException
13:26:47.299 [ForkJoinPool-1-worker-23] INFO  com.intuit.karate - [print] testing xlinkurl:
13:26:47.300 [ForkJoinPool-1-worker-23] ERROR com.intuit.karate - org.apache.http.client.ClientProtocolException, http call failed after 0 milliseconds for URL: 
13:26:47.300 [ForkJoinPool-1-worker-23] ERROR com.intuit.karate - http request failed: 
org.apache.http.client.ClientProtocolException
13:26:47.300 [ForkJoinPool-1-worker-23] ERROR com.intuit.karate - feature call (loop) failed at index: 146
caller: classpath:InspireTest/def/checkxlinkurl.template.feature
arg: {"link":""}
checkxlinkurl.template.feature:21 - 
org.apache.http.client.ClientProtocolException
13:26:47.301 [ForkJoinPool-1-worker-23] INFO  com.intuit.karate - [print] testing xlinkurl:
13:26:47.301 [ForkJoinPool-1-worker-23] ERROR com.intuit.karate - org.apache.http.client.ClientProtocolException, http call failed after 0 milliseconds for URL: 
13:26:47.302 [ForkJoinPool-1-worker-23] ERROR com.intuit.karate - http request failed: 
org.apache.http.client.ClientProtocolException
13:26:47.302 [ForkJoinPool-1-worker-23] ERROR com.intuit.karate - feature call (loop) failed at index: 147
caller: classpath:InspireTest/def/checkxlinkurl.template.feature
arg: {"link":""}
checkxlinkurl.template.feature:21 - 
org.apache.http.client.ClientProtocolException
13:26:47.302 [ForkJoinPool-1-worker-23] INFO  com.intuit.karate - [print] testing xlinkurl:
13:26:47.312 [ForkJoinPool-1-worker-23] ERROR com.intuit.karate - org.apache.http.client.ClientProtocolException, http call failed after 0 milliseconds for URL: 
13:26:47.312 [ForkJoinPool-1-worker-23] ERROR com.intuit.karate - http request failed: 
org.apache.http.client.ClientProtocolException
13:26:47.312 [ForkJoinPool-1-worker-23] ERROR com.intuit.karate - feature call (loop) failed at index: 148
caller: classpath:InspireTest/def/checkxlinkurl.template.feature
arg: {"link":""}
checkxlinkurl.template.feature:21 - 
org.apache.http.client.ClientProtocolException
13:26:47.313 [ForkJoinPool-1-worker-23] INFO  com.intuit.karate - [print] testing xlinkurl:
13:26:47.314 [ForkJoinPool-1-worker-23] ERROR com.intuit.karate - org.apache.http.client.ClientProtocolException, http call failed after 0 milliseconds for URL: 
13:26:47.314 [ForkJoinPool-1-worker-23] ERROR com.intuit.karate - http request failed: 
org.apache.http.client.ClientProtocolException
13:26:47.314 [ForkJoinPool-1-worker-23] ERROR com.intuit.karate - feature call (loop) failed at index: 149
caller: classpath:InspireTest/def/checkxlinkurl.template.feature
arg: {"link":""}
checkxlinkurl.template.feature:21 - 
org.apache.http.client.ClientProtocolException
13:26:47.314 [ForkJoinPool-1-worker-23] INFO  com.intuit.karate - [print] testing xlinkurl:
13:26:47.325 [ForkJoinPool-1-worker-23] ERROR com.intuit.karate - org.apache.http.client.ClientProtocolException, http call failed after 0 milliseconds for URL: 
13:26:47.325 [ForkJoinPool-1-worker-23] ERROR com.intuit.karate - http request failed: 
org.apache.http.client.ClientProtocolException
13:26:47.325 [ForkJoinPool-1-worker-23] ERROR com.intuit.karate - feature call (loop) failed at index: 150
caller: classpath:InspireTest/def/checkxlinkurl.template.feature
arg: {"link":""}
checkxlinkurl.template.feature:21 - 
org.apache.http.client.ClientProtocolException
13:26:47.325 [ForkJoinPool-1-worker-23] INFO  com.intuit.karate - [print] testing xlinkurl:
13:26:47.326 [ForkJoinPool-1-worker-23] ERROR com.intuit.karate - org.apache.http.client.ClientProtocolException, http call failed after 0 milliseconds for URL: 
13:26:47.326 [ForkJoinPool-1-worker-23] ERROR com.intuit.karate - http request failed: 
org.apache.http.client.ClientProtocolException
13:26:47.326 [ForkJoinPool-1-worker-23] ERROR com.intuit.karate - feature call (loop) failed at index: 151
caller: classpath:InspireTest/def/checkxlinkurl.template.feature
arg: {"link":""}
checkxlinkurl.template.feature:21 - 
org.apache.http.client.ClientProtocolException
13:26:47.327 [ForkJoinPool-1-worker-23] INFO  com.intuit.karate - [print] testing xlinkurl:
13:26:47.328 [ForkJoinPool-1-worker-37] INFO  com.intuit.karate - [print] testing xlinkurl:http://rdfdata.eionet.europa.eu/inspirethemes/themes/31
13:26:47.329 [ForkJoinPool-1-worker-23] ERROR com.intuit.karate - org.apache.http.client.ClientProtocolException, http call failed after 0 milliseconds for URL: 
13:26:47.329 [ForkJoinPool-1-worker-23] ERROR com.intuit.karate - http request failed: 
org.apache.http.client.ClientProtocolException
13:26:47.329 [ForkJoinPool-1-worker-23] ERROR com.intuit.karate - feature call (loop) failed at index: 152
caller: classpath:InspireTest/def/checkxlinkurl.template.feature
arg: {"link":""}
checkxlinkurl.template.feature:21 - 
org.apache.http.client.ClientProtocolException
13:26:47.330 [ForkJoinPool-1-worker-23] INFO  com.intuit.karate - [print] testing xlinkurl:
13:26:47.331 [ForkJoinPool-1-worker-23] ERROR com.intuit.karate - org.apache.http.client.ClientProtocolException, http call failed after 0 milliseconds for URL: 
13:26:47.331 [ForkJoinPool-1-worker-23] ERROR com.intuit.karate - http request failed: 
org.apache.http.client.ClientProtocolException
13:26:47.331 [ForkJoinPool-1-worker-23] ERROR com.intuit.karate - feature call (loop) failed at index: 153
caller: classpath:InspireTest/def/checkxlinkurl.template.feature
arg: {"link":""}
checkxlinkurl.template.feature:21 - 
org.apache.http.client.ClientProtocolException
13:26:47.333 [ForkJoinPool-1-worker-45] INFO  com.intuit.karate - [print] testing xlinkurl:
13:26:47.334 [ForkJoinPool-1-worker-45] ERROR com.intuit.karate - org.apache.http.client.ClientProtocolException, http call failed after 0 milliseconds for URL: 
13:26:47.334 [ForkJoinPool-1-worker-45] ERROR com.intuit.karate - http request failed: 
org.apache.http.client.ClientProtocolException
13:26:47.334 [ForkJoinPool-1-worker-45] ERROR com.intuit.karate - feature call (loop) failed at index: 5
caller: classpath:InspireTest/def/checkxlinkurl.template.feature
arg: {"link":""}
checkxlinkurl.template.feature:21 - 
org.apache.http.client.ClientProtocolException
13:26:47.335 [ForkJoinPool-1-worker-45] INFO  com.intuit.karate - [print] testing xlinkurl:
13:26:47.335 [ForkJoinPool-1-worker-45] ERROR com.intuit.karate - org.apache.http.client.ClientProtocolException, http call failed after 0 milliseconds for URL: 
13:26:47.335 [ForkJoinPool-1-worker-45] ERROR com.intuit.karate - http request failed: 
org.apache.http.client.ClientProtocolException
13:26:47.335 [ForkJoinPool-1-worker-45] ERROR com.intuit.karate - feature call (loop) failed at index: 6
caller: classpath:InspireTest/def/checkxlinkurl.template.feature
arg: {"link":""}
checkxlinkurl.template.feature:21 - 
org.apache.http.client.ClientProtocolException
13:26:47.336 [ForkJoinPool-1-worker-45] INFO  com.intuit.karate - [print] testing xlinkurl:
13:26:47.337 [ForkJoinPool-1-worker-45] ERROR com.intuit.karate - org.apache.http.client.ClientProtocolException, http call failed after 0 milliseconds for URL: 
13:26:47.337 [ForkJoinPool-1-worker-45] ERROR com.intuit.karate - http request failed: 
org.apache.http.client.ClientProtocolException
13:26:47.337 [ForkJoinPool-1-worker-45] ERROR com.intuit.karate - feature call (loop) failed at index: 7
caller: classpath:InspireTest/def/checkxlinkurl.template.feature
arg: {"link":""}
checkxlinkurl.template.feature:21 - 
org.apache.http.client.ClientProtocolException
13:26:47.338 [ForkJoinPool-1-worker-45] INFO  com.intuit.karate - [print] testing xlinkurl:
13:26:47.339 [ForkJoinPool-1-worker-45] ERROR com.intuit.karate - org.apache.http.client.ClientProtocolException, http call failed after 0 milliseconds for URL: 
13:26:47.339 [ForkJoinPool-1-worker-45] ERROR com.intuit.karate - http request failed: 
org.apache.http.client.ClientProtocolException
13:26:47.339 [ForkJoinPool-1-worker-45] ERROR com.intuit.karate - feature call (loop) failed at index: 8
caller: classpath:InspireTest/def/checkxlinkurl.template.feature
arg: {"link":""}
checkxlinkurl.template.feature:21 - 
org.apache.http.client.ClientProtocolException
13:26:47.341 [ForkJoinPool-1-worker-23] INFO  com.intuit.karate - [print] testing xlinkurl:
13:26:47.341 [ForkJoinPool-1-worker-23] ERROR com.intuit.karate - org.apache.http.client.ClientProtocolException, http call failed after 0 milliseconds for URL: 
13:26:47.341 [ForkJoinPool-1-worker-23] ERROR com.intuit.karate - http request failed: 
org.apache.http.client.ClientProtocolException
13:26:47.341 [ForkJoinPool-1-worker-23] ERROR com.intuit.karate - feature call (loop) failed at index: 154
caller: classpath:InspireTest/def/checkxlinkurl.template.feature
arg: {"link":""}
checkxlinkurl.template.feature:21 - 
org.apache.http.client.ClientProtocolException
13:26:47.342 [ForkJoinPool-1-worker-23] INFO  com.intuit.karate - [print] testing xlinkurl:
13:26:47.343 [ForkJoinPool-1-worker-23] ERROR com.intuit.karate - org.apache.http.client.ClientProtocolException, http call failed after 0 milliseconds for URL: 
13:26:47.343 [ForkJoinPool-1-worker-23] ERROR com.intuit.karate - http request failed: 
org.apache.http.client.ClientProtocolException
13:26:47.343 [ForkJoinPool-1-worker-23] ERROR com.intuit.karate - feature call (loop) failed at index: 155
caller: classpath:InspireTest/def/checkxlinkurl.template.feature
arg: {"link":""}
checkxlinkurl.template.feature:21 - 
org.apache.http.client.ClientProtocolException
13:26:47.345 [ForkJoinPool-1-worker-45] INFO  com.intuit.karate - [print] testing xlinkurl:
13:26:47.345 [ForkJoinPool-1-worker-45] ERROR com.intuit.karate - org.apache.http.client.ClientProtocolException, http call failed after 0 milliseconds for URL: 
13:26:47.345 [ForkJoinPool-1-worker-45] ERROR com.intuit.karate - http request failed: 
org.apache.http.client.ClientProtocolException
13:26:47.345 [ForkJoinPool-1-worker-45] ERROR com.intuit.karate - feature call (loop) failed at index: 9
caller: classpath:InspireTest/def/checkxlinkurl.template.feature
arg: {"link":""}
checkxlinkurl.template.feature:21 - 
org.apache.http.client.ClientProtocolException
13:26:47.346 [ForkJoinPool-1-worker-45] INFO  com.intuit.karate - [print] testing xlinkurl:
13:26:47.356 [ForkJoinPool-1-worker-45] ERROR com.intuit.karate - org.apache.http.client.ClientProtocolException, http call failed after 0 milliseconds for URL: 
13:26:47.356 [ForkJoinPool-1-worker-45] ERROR com.intuit.karate - http request failed: 
org.apache.http.client.ClientProtocolException
13:26:47.356 [ForkJoinPool-1-worker-45] ERROR com.intuit.karate - feature call (loop) failed at index: 10
caller: classpath:InspireTest/def/checkxlinkurl.template.feature
arg: {"link":""}
checkxlinkurl.template.feature:21 - 
org.apache.http.client.ClientProtocolException
13:26:47.357 [ForkJoinPool-1-worker-45] INFO  com.intuit.karate - [print] testing xlinkurl:
13:26:47.358 [ForkJoinPool-1-worker-45] ERROR com.intuit.karate - org.apache.http.client.ClientProtocolException, http call failed after 0 milliseconds for URL: 
13:26:47.358 [ForkJoinPool-1-worker-45] ERROR com.intuit.karate - http request failed: 
org.apache.http.client.ClientProtocolException
13:26:47.358 [ForkJoinPool-1-worker-45] ERROR com.intuit.karate - feature call (loop) failed at index: 11
caller: classpath:InspireTest/def/checkxlinkurl.template.feature
arg: {"link":""}
checkxlinkurl.template.feature:21 - 
org.apache.http.client.ClientProtocolException
13:26:47.359 [ForkJoinPool-1-worker-45] INFO  com.intuit.karate - [print] testing xlinkurl:
13:26:47.360 [ForkJoinPool-1-worker-23] INFO  com.intuit.karate - [print] testing xlinkurl:
13:26:47.360 [ForkJoinPool-1-worker-23] ERROR com.intuit.karate - org.apache.http.client.ClientProtocolException, http call failed after 0 milliseconds for URL: 
13:26:47.360 [ForkJoinPool-1-worker-23] ERROR com.intuit.karate - http request failed: 
org.apache.http.client.ClientProtocolException
13:26:47.360 [ForkJoinPool-1-worker-23] ERROR com.intuit.karate - feature call (loop) failed at index: 156
caller: classpath:InspireTest/def/checkxlinkurl.template.feature
arg: {"link":""}
checkxlinkurl.template.feature:21 - 
org.apache.http.client.ClientProtocolException
13:26:47.361 [ForkJoinPool-1-worker-45] ERROR com.intuit.karate - org.apache.http.client.ClientProtocolException, http call failed after 0 milliseconds for URL: 
13:26:47.361 [ForkJoinPool-1-worker-45] ERROR com.intuit.karate - http request failed: 
org.apache.http.client.ClientProtocolException
13:26:47.361 [ForkJoinPool-1-worker-45] ERROR com.intuit.karate - feature call (loop) failed at index: 12
caller: classpath:InspireTest/def/checkxlinkurl.template.feature
arg: {"link":""}
checkxlinkurl.template.feature:21 - 
org.apache.http.client.ClientProtocolException
13:26:47.362 [ForkJoinPool-1-worker-23] INFO  com.intuit.karate - [print] testing xlinkurl:
13:26:47.363 [ForkJoinPool-1-worker-23] ERROR com.intuit.karate - org.apache.http.client.ClientProtocolException, http call failed after 0 milliseconds for URL: 
13:26:47.363 [ForkJoinPool-1-worker-23] ERROR com.intuit.karate - http request failed: 
org.apache.http.client.ClientProtocolException
13:26:47.363 [ForkJoinPool-1-worker-23] ERROR com.intuit.karate - feature call (loop) failed at index: 157
caller: classpath:InspireTest/def/checkxlinkurl.template.feature
arg: {"link":""}
checkxlinkurl.template.feature:21 - 
org.apache.http.client.ClientProtocolException
13:26:47.364 [ForkJoinPool-1-worker-45] INFO  com.intuit.karate - [print] testing xlinkurl:
13:26:47.365 [ForkJoinPool-1-worker-45] ERROR com.intuit.karate - org.apache.http.client.ClientProtocolException, http call failed after 0 milliseconds for URL: 
13:26:47.365 [ForkJoinPool-1-worker-45] ERROR com.intuit.karate - http request failed: 
org.apache.http.client.ClientProtocolException
13:26:47.365 [ForkJoinPool-1-worker-45] ERROR com.intuit.karate - feature call (loop) failed at index: 13
caller: classpath:InspireTest/def/checkxlinkurl.template.feature
arg: {"link":""}
checkxlinkurl.template.feature:21 - 
org.apache.http.client.ClientProtocolException
13:26:47.366 [ForkJoinPool-1-worker-45] INFO  com.intuit.karate - [print] testing xlinkurl:
13:26:47.366 [ForkJoinPool-1-worker-45] ERROR com.intuit.karate - org.apache.http.client.ClientProtocolException, http call failed after 0 milliseconds for URL: 
13:26:47.366 [ForkJoinPool-1-worker-45] ERROR com.intuit.karate - http request failed: 
org.apache.http.client.ClientProtocolException
13:26:47.366 [ForkJoinPool-1-worker-45] ERROR com.intuit.karate - feature call (loop) failed at index: 14
caller: classpath:InspireTest/def/checkxlinkurl.template.feature
arg: {"link":""}
checkxlinkurl.template.feature:21 - 
org.apache.http.client.ClientProtocolException
13:26:47.367 [ForkJoinPool-1-worker-45] INFO  com.intuit.karate - [print] testing xlinkurl:
13:26:47.368 [ForkJoinPool-1-worker-45] ERROR com.intuit.karate - org.apache.http.client.ClientProtocolException, http call failed after 0 milliseconds for URL: 
13:26:47.368 [ForkJoinPool-1-worker-45] ERROR com.intuit.karate - http request failed: 
org.apache.http.client.ClientProtocolException
13:26:47.368 [ForkJoinPool-1-worker-45] ERROR com.intuit.karate - feature call (loop) failed at index: 15
caller: classpath:InspireTest/def/checkxlinkurl.template.feature
arg: {"link":""}
checkxlinkurl.template.feature:21 - 
org.apache.http.client.ClientProtocolException
13:26:47.368 [ForkJoinPool-1-worker-23] INFO  com.intuit.karate - [print] testing xlinkurl:
13:26:47.369 [ForkJoinPool-1-worker-23] ERROR com.intuit.karate - org.apache.http.client.ClientProtocolException, http call failed after 0 milliseconds for URL: 
13:26:47.369 [ForkJoinPool-1-worker-23] ERROR com.intuit.karate - http request failed: 
org.apache.http.client.ClientProtocolException
13:26:47.369 [ForkJoinPool-1-worker-23] ERROR com.intuit.karate - feature call (loop) failed at index: 158
caller: classpath:InspireTest/def/checkxlinkurl.template.feature
arg: {"link":""}
checkxlinkurl.template.feature:21 - 
org.apache.http.client.ClientProtocolException
13:26:47.370 [ForkJoinPool-1-worker-23] INFO  com.intuit.karate - [print] testing xlinkurl:
13:26:47.370 [ForkJoinPool-1-worker-23] ERROR com.intuit.karate - org.apache.http.client.ClientProtocolException, http call failed after 0 milliseconds for URL: 
13:26:47.370 [ForkJoinPool-1-worker-23] ERROR com.intuit.karate - http request failed: 
org.apache.http.client.ClientProtocolException
13:26:47.370 [ForkJoinPool-1-worker-23] ERROR com.intuit.karate - feature call (loop) failed at index: 159
caller: classpath:InspireTest/def/checkxlinkurl.template.feature
arg: {"link":""}
checkxlinkurl.template.feature:21 - 
org.apache.http.client.ClientProtocolException
13:26:47.371 [ForkJoinPool-1-worker-23] INFO  com.intuit.karate - [print] testing xlinkurl:http://nationaalgeoregister.nl/geonetwork/srv/dut/csw?service=CSW&version=2.0.2&request=GetRecordById&outputschema=http://www.isotc211.org/2005/gmd&elementsetname=full&id=977e0e94-7aa9-4784-b2da-eaec44adb61b#MD_DataIdentification
13:26:47.378 [ForkJoinPool-1-worker-45] INFO  com.intuit.karate - [print] testing xlinkurl:
13:26:47.380 [ForkJoinPool-1-worker-45] ERROR com.intuit.karate - org.apache.http.client.ClientProtocolException, http call failed after 0 milliseconds for URL: 
13:26:47.381 [ForkJoinPool-1-worker-45] ERROR com.intuit.karate - http request failed: 
org.apache.http.client.ClientProtocolException
13:26:47.381 [ForkJoinPool-1-worker-45] ERROR com.intuit.karate - feature call (loop) failed at index: 16
caller: classpath:InspireTest/def/checkxlinkurl.template.feature
arg: {"link":""}
checkxlinkurl.template.feature:21 - 
org.apache.http.client.ClientProtocolException
13:26:47.382 [ForkJoinPool-1-worker-45] INFO  com.intuit.karate - [print] testing xlinkurl:
13:26:47.383 [ForkJoinPool-1-worker-45] ERROR com.intuit.karate - org.apache.http.client.ClientProtocolException, http call failed after 0 milliseconds for URL: 
13:26:47.383 [ForkJoinPool-1-worker-45] ERROR com.intuit.karate - http request failed: 
org.apache.http.client.ClientProtocolException
13:26:47.383 [ForkJoinPool-1-worker-45] ERROR com.intuit.karate - feature call (loop) failed at index: 17
caller: classpath:InspireTest/def/checkxlinkurl.template.feature
arg: {"link":""}
checkxlinkurl.template.feature:21 - 
org.apache.http.client.ClientProtocolException
13:26:47.387 [ForkJoinPool-1-worker-45] INFO  com.intuit.karate - [print] testing xlinkurl:
13:26:47.388 [ForkJoinPool-1-worker-45] ERROR com.intuit.karate - org.apache.http.client.ClientProtocolException, http call failed after 0 milliseconds for URL: 
13:26:47.388 [ForkJoinPool-1-worker-45] ERROR com.intuit.karate - http request failed: 
org.apache.http.client.ClientProtocolException
13:26:47.388 [ForkJoinPool-1-worker-45] ERROR com.intuit.karate - feature call (loop) failed at index: 18
caller: classpath:InspireTest/def/checkxlinkurl.template.feature
arg: {"link":""}
checkxlinkurl.template.feature:21 - 
org.apache.http.client.ClientProtocolException
13:26:47.392 [ForkJoinPool-1-worker-45] INFO  com.intuit.karate - [print] testing xlinkurl:
13:26:47.393 [ForkJoinPool-1-worker-45] ERROR com.intuit.karate - org.apache.http.client.ClientProtocolException, http call failed after 0 milliseconds for URL: 
13:26:47.393 [ForkJoinPool-1-worker-45] ERROR com.intuit.karate - http request failed: 
org.apache.http.client.ClientProtocolException
13:26:47.393 [ForkJoinPool-1-worker-45] ERROR com.intuit.karate - feature call (loop) failed at index: 19
caller: classpath:InspireTest/def/checkxlinkurl.template.feature
arg: {"link":""}
checkxlinkurl.template.feature:21 - 
org.apache.http.client.ClientProtocolException
13:26:47.394 [ForkJoinPool-1-worker-45] INFO  com.intuit.karate - [print] testing xlinkurl:
13:26:47.394 [ForkJoinPool-1-worker-45] ERROR com.intuit.karate - org.apache.http.client.ClientProtocolException, http call failed after 0 milliseconds for URL: 
13:26:47.400 [ForkJoinPool-1-worker-45] ERROR com.intuit.karate - http request failed: 
org.apache.http.client.ClientProtocolException
13:26:47.400 [ForkJoinPool-1-worker-45] ERROR com.intuit.karate - feature call (loop) failed at index: 20
caller: classpath:InspireTest/def/checkxlinkurl.template.feature
arg: {"link":""}
checkxlinkurl.template.feature:21 - 
org.apache.http.client.ClientProtocolException
13:26:47.401 [ForkJoinPool-1-worker-45] INFO  com.intuit.karate - [print] testing xlinkurl:http://nationaalgeoregister.nl/geonetwork/srv/dut/csw?service=CSW&version=2.0.2&request=GetRecordById&outputschema=http://www.isotc211.org/2005/gmd&elementsetname=full&id=5951efa2-1ff3-4763-a966-a2f5497679ee#MD_DataIdentification
13:26:47.533 [ForkJoinPool-1-worker-37] ERROR com.intuit.karate - assertion failed: path: $, actual: 404, expected: 200, reason: not equal (Integer)
13:26:47.533 [ForkJoinPool-1-worker-37] ERROR com.intuit.karate - feature call (loop) failed at index: 0
caller: classpath:InspireTest/def/checkxlinkurl.template.feature
arg: {"link":"http://rdfdata.eionet.europa.eu/inspirethemes/themes/31"}
checkxlinkurl.template.feature:28 - path: $, actual: 404, expected: 200, reason: not equal (Integer)
13:26:47.535 [ForkJoinPool-1-worker-37] INFO  com.intuit.karate - [print] testing xlinkurl:http://geonetwork-opensource.org/inspire-theme#
13:26:47.977 [ForkJoinPool-1-worker-51] INFO  com.intuit.karate - [print] testing xlinkurl:https://www.nationaalgeoregister.nl:443/geonetwork/srv/eng/thesaurus.download?ref=external.theme.httpinspireeceuropaeumetadatacodelistSpatialDataServiceCategory-SpatialDataServiceCategory
13:26:48.133 [ForkJoinPool-1-worker-37] ERROR com.intuit.karate - assertion failed: path: $, actual: 404, expected: 200, reason: not equal (Integer)
13:26:48.133 [ForkJoinPool-1-worker-37] ERROR com.intuit.karate - feature call (loop) failed at index: 1
caller: classpath:InspireTest/def/checkxlinkurl.template.feature
arg: {"link":"http://geonetwork-opensource.org/inspire-theme#"}
checkxlinkurl.template.feature:28 - path: $, actual: 404, expected: 200, reason: not equal (Integer)
13:26:48.135 [ForkJoinPool-1-worker-37] INFO  com.intuit.karate - [print] testing xlinkurl:
13:26:48.136 [ForkJoinPool-1-worker-37] ERROR com.intuit.karate - org.apache.http.client.ClientProtocolException, http call failed after 0 milliseconds for URL: 
13:26:48.136 [ForkJoinPool-1-worker-37] ERROR com.intuit.karate - http request failed: 
org.apache.http.client.ClientProtocolException
13:26:48.136 [ForkJoinPool-1-worker-37] ERROR com.intuit.karate - feature call (loop) failed at index: 2
caller: classpath:InspireTest/def/checkxlinkurl.template.feature
arg: {"link":""}
checkxlinkurl.template.feature:21 - 
org.apache.http.client.ClientProtocolException
13:26:48.138 [ForkJoinPool-1-worker-37] INFO  com.intuit.karate - [print] testing xlinkurl:
13:26:48.139 [ForkJoinPool-1-worker-37] ERROR com.intuit.karate - org.apache.http.client.ClientProtocolException, http call failed after 0 milliseconds for URL: 
13:26:48.139 [ForkJoinPool-1-worker-37] ERROR com.intuit.karate - http request failed: 
org.apache.http.client.ClientProtocolException
13:26:48.139 [ForkJoinPool-1-worker-37] ERROR com.intuit.karate - feature call (loop) failed at index: 3
caller: classpath:InspireTest/def/checkxlinkurl.template.feature
arg: {"link":""}
checkxlinkurl.template.feature:21 - 
org.apache.http.client.ClientProtocolException
13:26:48.140 [ForkJoinPool-1-worker-37] INFO  com.intuit.karate - [print] testing xlinkurl:
13:26:48.141 [ForkJoinPool-1-worker-37] ERROR com.intuit.karate - org.apache.http.client.ClientProtocolException, http call failed after 0 milliseconds for URL: 
13:26:48.141 [ForkJoinPool-1-worker-37] ERROR com.intuit.karate - http request failed: 
org.apache.http.client.ClientProtocolException
13:26:48.141 [ForkJoinPool-1-worker-37] ERROR com.intuit.karate - feature call (loop) failed at index: 4
caller: classpath:InspireTest/def/checkxlinkurl.template.feature
arg: {"link":""}
checkxlinkurl.template.feature:21 - 
org.apache.http.client.ClientProtocolException
13:26:48.142 [ForkJoinPool-1-worker-37] INFO  com.intuit.karate - [print] testing xlinkurl:
13:26:48.142 [ForkJoinPool-1-worker-37] ERROR com.intuit.karate - org.apache.http.client.ClientProtocolException, http call failed after 0 milliseconds for URL: 
13:26:48.142 [ForkJoinPool-1-worker-37] ERROR com.intuit.karate - http request failed: 
org.apache.http.client.ClientProtocolException
13:26:48.143 [ForkJoinPool-1-worker-37] ERROR com.intuit.karate - feature call (loop) failed at index: 5
caller: classpath:InspireTest/def/checkxlinkurl.template.feature
arg: {"link":""}
checkxlinkurl.template.feature:21 - 
org.apache.http.client.ClientProtocolException
13:26:48.143 [ForkJoinPool-1-worker-37] INFO  com.intuit.karate - [print] testing xlinkurl:
13:26:48.146 [ForkJoinPool-1-worker-37] ERROR com.intuit.karate - org.apache.http.client.ClientProtocolException, http call failed after 0 milliseconds for URL: 
13:26:48.146 [ForkJoinPool-1-worker-37] ERROR com.intuit.karate - http request failed: 
org.apache.http.client.ClientProtocolException
13:26:48.146 [ForkJoinPool-1-worker-37] ERROR com.intuit.karate - feature call (loop) failed at index: 6
caller: classpath:InspireTest/def/checkxlinkurl.template.feature
arg: {"link":""}
checkxlinkurl.template.feature:21 - 
org.apache.http.client.ClientProtocolException
13:26:48.147 [ForkJoinPool-1-worker-37] INFO  com.intuit.karate - [print] testing xlinkurl:
13:26:48.148 [ForkJoinPool-1-worker-37] ERROR com.intuit.karate - org.apache.http.client.ClientProtocolException, http call failed after 0 milliseconds for URL: 
13:26:48.149 [ForkJoinPool-1-worker-37] ERROR com.intuit.karate - http request failed: 
org.apache.http.client.ClientProtocolException
13:26:48.149 [ForkJoinPool-1-worker-37] ERROR com.intuit.karate - feature call (loop) failed at index: 7
caller: classpath:InspireTest/def/checkxlinkurl.template.feature
arg: {"link":""}
checkxlinkurl.template.feature:21 - 
org.apache.http.client.ClientProtocolException
13:26:48.150 [ForkJoinPool-1-worker-37] INFO  com.intuit.karate - [print] testing xlinkurl:
13:26:48.153 [ForkJoinPool-1-worker-37] ERROR com.intuit.karate - org.apache.http.client.ClientProtocolException, http call failed after 0 milliseconds for URL: 
13:26:48.153 [ForkJoinPool-1-worker-37] ERROR com.intuit.karate - http request failed: 
org.apache.http.client.ClientProtocolException
13:26:48.153 [ForkJoinPool-1-worker-37] ERROR com.intuit.karate - feature call (loop) failed at index: 8
caller: classpath:InspireTest/def/checkxlinkurl.template.feature
arg: {"link":""}
checkxlinkurl.template.feature:21 - 
org.apache.http.client.ClientProtocolException
13:26:48.154 [ForkJoinPool-1-worker-37] INFO  com.intuit.karate - [print] testing xlinkurl:
13:26:48.155 [ForkJoinPool-1-worker-37] ERROR com.intuit.karate - org.apache.http.client.ClientProtocolException, http call failed after 0 milliseconds for URL: 
13:26:48.155 [ForkJoinPool-1-worker-37] ERROR com.intuit.karate - http request failed: 
org.apache.http.client.ClientProtocolException
13:26:48.155 [ForkJoinPool-1-worker-37] ERROR com.intuit.karate - feature call (loop) failed at index: 9
caller: classpath:InspireTest/def/checkxlinkurl.template.feature
arg: {"link":""}
checkxlinkurl.template.feature:21 - 
org.apache.http.client.ClientProtocolException
13:26:48.155 [ForkJoinPool-1-worker-37] INFO  com.intuit.karate - [print] testing xlinkurl:
13:26:48.156 [ForkJoinPool-1-worker-37] ERROR com.intuit.karate - org.apache.http.client.ClientProtocolException, http call failed after 0 milliseconds for URL: 
13:26:48.156 [ForkJoinPool-1-worker-37] ERROR com.intuit.karate - http request failed: 
org.apache.http.client.ClientProtocolException
13:26:48.156 [ForkJoinPool-1-worker-37] ERROR com.intuit.karate - feature call (loop) failed at index: 10
caller: classpath:InspireTest/def/checkxlinkurl.template.feature
arg: {"link":""}
checkxlinkurl.template.feature:21 - 
org.apache.http.client.ClientProtocolException
13:26:48.157 [ForkJoinPool-1-worker-37] INFO  com.intuit.karate - [print] testing xlinkurl:
13:26:48.158 [ForkJoinPool-1-worker-37] ERROR com.intuit.karate - org.apache.http.client.ClientProtocolException, http call failed after 0 milliseconds for URL: 
13:26:48.159 [ForkJoinPool-1-worker-37] ERROR com.intuit.karate - http request failed: 
org.apache.http.client.ClientProtocolException
13:26:48.159 [ForkJoinPool-1-worker-37] ERROR com.intuit.karate - feature call (loop) failed at index: 11
caller: classpath:InspireTest/def/checkxlinkurl.template.feature
arg: {"link":""}
checkxlinkurl.template.feature:21 - 
org.apache.http.client.ClientProtocolException
13:26:48.159 [ForkJoinPool-1-worker-37] INFO  com.intuit.karate - [print] testing xlinkurl:
13:26:48.160 [ForkJoinPool-1-worker-37] ERROR com.intuit.karate - org.apache.http.client.ClientProtocolException, http call failed after 0 milliseconds for URL: 
13:26:48.160 [ForkJoinPool-1-worker-37] ERROR com.intuit.karate - http request failed: 
org.apache.http.client.ClientProtocolException
13:26:48.160 [ForkJoinPool-1-worker-37] ERROR com.intuit.karate - feature call (loop) failed at index: 12
caller: classpath:InspireTest/def/checkxlinkurl.template.feature
arg: {"link":""}
checkxlinkurl.template.feature:21 - 
org.apache.http.client.ClientProtocolException
13:26:48.169 [ForkJoinPool-1-worker-37] INFO  com.intuit.karate - [print] testing xlinkurl:
13:26:48.170 [ForkJoinPool-1-worker-37] ERROR com.intuit.karate - org.apache.http.client.ClientProtocolException, http call failed after 0 milliseconds for URL: 
13:26:48.170 [ForkJoinPool-1-worker-37] ERROR com.intuit.karate - http request failed: 
org.apache.http.client.ClientProtocolException
13:26:48.170 [ForkJoinPool-1-worker-37] ERROR com.intuit.karate - feature call (loop) failed at index: 13
caller: classpath:InspireTest/def/checkxlinkurl.template.feature
arg: {"link":""}
checkxlinkurl.template.feature:21 - 
org.apache.http.client.ClientProtocolException
13:26:48.171 [ForkJoinPool-1-worker-37] INFO  com.intuit.karate - [print] testing xlinkurl:
13:26:48.171 [ForkJoinPool-1-worker-37] ERROR com.intuit.karate - org.apache.http.client.ClientProtocolException, http call failed after 0 milliseconds for URL: 
13:26:48.171 [ForkJoinPool-1-worker-37] ERROR com.intuit.karate - http request failed: 
org.apache.http.client.ClientProtocolException
13:26:48.171 [ForkJoinPool-1-worker-37] ERROR com.intuit.karate - feature call (loop) failed at index: 14
caller: classpath:InspireTest/def/checkxlinkurl.template.feature
arg: {"link":""}
checkxlinkurl.template.feature:21 - 
org.apache.http.client.ClientProtocolException
13:26:48.172 [ForkJoinPool-1-worker-37] INFO  com.intuit.karate - [print] testing xlinkurl:
13:26:48.173 [ForkJoinPool-1-worker-37] ERROR com.intuit.karate - org.apache.http.client.ClientProtocolException, http call failed after 0 milliseconds for URL: 
13:26:48.173 [ForkJoinPool-1-worker-37] ERROR com.intuit.karate - http request failed: 
org.apache.http.client.ClientProtocolException
13:26:48.173 [ForkJoinPool-1-worker-37] ERROR com.intuit.karate - feature call (loop) failed at index: 15
caller: classpath:InspireTest/def/checkxlinkurl.template.feature
arg: {"link":""}
checkxlinkurl.template.feature:21 - 
org.apache.http.client.ClientProtocolException
13:26:48.174 [ForkJoinPool-1-worker-37] INFO  com.intuit.karate - [print] testing xlinkurl:
13:26:48.175 [ForkJoinPool-1-worker-37] ERROR com.intuit.karate - org.apache.http.client.ClientProtocolException, http call failed after 0 milliseconds for URL: 
13:26:48.175 [ForkJoinPool-1-worker-37] ERROR com.intuit.karate - http request failed: 
org.apache.http.client.ClientProtocolException
13:26:48.175 [ForkJoinPool-1-worker-37] ERROR com.intuit.karate - feature call (loop) failed at index: 16
caller: classpath:InspireTest/def/checkxlinkurl.template.feature
arg: {"link":""}
checkxlinkurl.template.feature:21 - 
org.apache.http.client.ClientProtocolException
13:26:48.177 [ForkJoinPool-1-worker-37] INFO  com.intuit.karate - [print] testing xlinkurl:
13:26:48.178 [ForkJoinPool-1-worker-37] ERROR com.intuit.karate - org.apache.http.client.ClientProtocolException, http call failed after 0 milliseconds for URL: 
13:26:48.178 [ForkJoinPool-1-worker-37] ERROR com.intuit.karate - http request failed: 
org.apache.http.client.ClientProtocolException
13:26:48.178 [ForkJoinPool-1-worker-37] ERROR com.intuit.karate - feature call (loop) failed at index: 17
caller: classpath:InspireTest/def/checkxlinkurl.template.feature
arg: {"link":""}
checkxlinkurl.template.feature:21 - 
org.apache.http.client.ClientProtocolException
13:26:48.179 [ForkJoinPool-1-worker-37] INFO  com.intuit.karate - [print] testing xlinkurl:
13:26:48.180 [ForkJoinPool-1-worker-37] ERROR com.intuit.karate - org.apache.http.client.ClientProtocolException, http call failed after 0 milliseconds for URL: 
13:26:48.180 [ForkJoinPool-1-worker-37] ERROR com.intuit.karate - http request failed: 
org.apache.http.client.ClientProtocolException
13:26:48.180 [ForkJoinPool-1-worker-37] ERROR com.intuit.karate - feature call (loop) failed at index: 18
caller: classpath:InspireTest/def/checkxlinkurl.template.feature
arg: {"link":""}
checkxlinkurl.template.feature:21 - 
org.apache.http.client.ClientProtocolException
13:26:48.181 [ForkJoinPool-1-worker-37] INFO  com.intuit.karate - [print] testing xlinkurl:
13:26:48.181 [ForkJoinPool-1-worker-37] ERROR com.intuit.karate - org.apache.http.client.ClientProtocolException, http call failed after 0 milliseconds for URL: 
13:26:48.181 [ForkJoinPool-1-worker-37] ERROR com.intuit.karate - http request failed: 
org.apache.http.client.ClientProtocolException
13:26:48.182 [ForkJoinPool-1-worker-37] ERROR com.intuit.karate - feature call (loop) failed at index: 19
caller: classpath:InspireTest/def/checkxlinkurl.template.feature
arg: {"link":""}
checkxlinkurl.template.feature:21 - 
org.apache.http.client.ClientProtocolException
13:26:48.182 [ForkJoinPool-1-worker-37] INFO  com.intuit.karate - [print] testing xlinkurl:
13:26:48.184 [ForkJoinPool-1-worker-37] ERROR com.intuit.karate - org.apache.http.client.ClientProtocolException, http call failed after 0 milliseconds for URL: 
13:26:48.184 [ForkJoinPool-1-worker-37] ERROR com.intuit.karate - http request failed: 
org.apache.http.client.ClientProtocolException
13:26:48.184 [ForkJoinPool-1-worker-37] ERROR com.intuit.karate - feature call (loop) failed at index: 20
caller: classpath:InspireTest/def/checkxlinkurl.template.feature
arg: {"link":""}
checkxlinkurl.template.feature:21 - 
org.apache.http.client.ClientProtocolException
13:26:48.188 [ForkJoinPool-1-worker-37] INFO  com.intuit.karate - [print] testing xlinkurl:
13:26:48.188 [ForkJoinPool-1-worker-37] ERROR com.intuit.karate - org.apache.http.client.ClientProtocolException, http call failed after 0 milliseconds for URL: 
13:26:48.188 [ForkJoinPool-1-worker-37] ERROR com.intuit.karate - http request failed: 
org.apache.http.client.ClientProtocolException
13:26:48.189 [ForkJoinPool-1-worker-37] ERROR com.intuit.karate - feature call (loop) failed at index: 21
caller: classpath:InspireTest/def/checkxlinkurl.template.feature
arg: {"link":""}
checkxlinkurl.template.feature:21 - 
org.apache.http.client.ClientProtocolException
13:26:48.189 [ForkJoinPool-1-worker-37] INFO  com.intuit.karate - [print] testing xlinkurl:
13:26:48.190 [ForkJoinPool-1-worker-37] ERROR com.intuit.karate - org.apache.http.client.ClientProtocolException, http call failed after 0 milliseconds for URL: 
13:26:48.190 [ForkJoinPool-1-worker-37] ERROR com.intuit.karate - http request failed: 
org.apache.http.client.ClientProtocolException
13:26:48.190 [ForkJoinPool-1-worker-37] ERROR com.intuit.karate - feature call (loop) failed at index: 22
caller: classpath:InspireTest/def/checkxlinkurl.template.feature
arg: {"link":""}
checkxlinkurl.template.feature:21 - 
org.apache.http.client.ClientProtocolException
13:26:48.191 [ForkJoinPool-1-worker-37] INFO  com.intuit.karate - [print] testing xlinkurl:
13:26:48.192 [ForkJoinPool-1-worker-37] ERROR com.intuit.karate - org.apache.http.client.ClientProtocolException, http call failed after 0 milliseconds for URL: 
13:26:48.192 [ForkJoinPool-1-worker-37] ERROR com.intuit.karate - http request failed: 
org.apache.http.client.ClientProtocolException
13:26:48.192 [ForkJoinPool-1-worker-37] ERROR com.intuit.karate - feature call (loop) failed at index: 23
caller: classpath:InspireTest/def/checkxlinkurl.template.feature
arg: {"link":""}
checkxlinkurl.template.feature:21 - 
org.apache.http.client.ClientProtocolException
13:26:48.193 [ForkJoinPool-1-worker-37] INFO  com.intuit.karate - [print] testing xlinkurl:
13:26:48.193 [ForkJoinPool-1-worker-37] ERROR com.intuit.karate - org.apache.http.client.ClientProtocolException, http call failed after 0 milliseconds for URL: 
13:26:48.193 [ForkJoinPool-1-worker-37] ERROR com.intuit.karate - http request failed: 
org.apache.http.client.ClientProtocolException
13:26:48.193 [ForkJoinPool-1-worker-37] ERROR com.intuit.karate - feature call (loop) failed at index: 24
caller: classpath:InspireTest/def/checkxlinkurl.template.feature
arg: {"link":""}
checkxlinkurl.template.feature:21 - 
org.apache.http.client.ClientProtocolException
13:26:48.194 [ForkJoinPool-1-worker-37] INFO  com.intuit.karate - [print] testing xlinkurl:
13:26:48.195 [ForkJoinPool-1-worker-37] ERROR com.intuit.karate - org.apache.http.client.ClientProtocolException, http call failed after 0 milliseconds for URL: 
13:26:48.195 [ForkJoinPool-1-worker-37] ERROR com.intuit.karate - http request failed: 
org.apache.http.client.ClientProtocolException
13:26:48.195 [ForkJoinPool-1-worker-37] ERROR com.intuit.karate - feature call (loop) failed at index: 25
caller: classpath:InspireTest/def/checkxlinkurl.template.feature
arg: {"link":""}
checkxlinkurl.template.feature:21 - 
org.apache.http.client.ClientProtocolException
13:26:48.198 [ForkJoinPool-1-worker-37] INFO  com.intuit.karate - [print] testing xlinkurl:
13:26:48.198 [ForkJoinPool-1-worker-37] ERROR com.intuit.karate - org.apache.http.client.ClientProtocolException, http call failed after 0 milliseconds for URL: 
13:26:48.198 [ForkJoinPool-1-worker-37] ERROR com.intuit.karate - http request failed: 
org.apache.http.client.ClientProtocolException
13:26:48.198 [ForkJoinPool-1-worker-37] ERROR com.intuit.karate - feature call (loop) failed at index: 26
caller: classpath:InspireTest/def/checkxlinkurl.template.feature
arg: {"link":""}
checkxlinkurl.template.feature:21 - 
org.apache.http.client.ClientProtocolException
13:26:48.199 [ForkJoinPool-1-worker-37] INFO  com.intuit.karate - [print] testing xlinkurl:
13:26:48.200 [ForkJoinPool-1-worker-37] ERROR com.intuit.karate - org.apache.http.client.ClientProtocolException, http call failed after 0 milliseconds for URL: 
13:26:48.200 [ForkJoinPool-1-worker-37] ERROR com.intuit.karate - http request failed: 
org.apache.http.client.ClientProtocolException
13:26:48.200 [ForkJoinPool-1-worker-37] ERROR com.intuit.karate - feature call (loop) failed at index: 27
caller: classpath:InspireTest/def/checkxlinkurl.template.feature
arg: {"link":""}
checkxlinkurl.template.feature:21 - 
org.apache.http.client.ClientProtocolException
13:26:48.201 [ForkJoinPool-1-worker-37] INFO  com.intuit.karate - [print] testing xlinkurl:
13:26:48.201 [ForkJoinPool-1-worker-37] ERROR com.intuit.karate - org.apache.http.client.ClientProtocolException, http call failed after 0 milliseconds for URL: 
13:26:48.201 [ForkJoinPool-1-worker-37] ERROR com.intuit.karate - http request failed: 
org.apache.http.client.ClientProtocolException
13:26:48.201 [ForkJoinPool-1-worker-37] ERROR com.intuit.karate - feature call (loop) failed at index: 28
caller: classpath:InspireTest/def/checkxlinkurl.template.feature
arg: {"link":""}
checkxlinkurl.template.feature:21 - 
org.apache.http.client.ClientProtocolException
13:26:48.202 [ForkJoinPool-1-worker-37] INFO  com.intuit.karate - [print] testing xlinkurl:
13:26:48.203 [ForkJoinPool-1-worker-37] ERROR com.intuit.karate - org.apache.http.client.ClientProtocolException, http call failed after 0 milliseconds for URL: 
13:26:48.203 [ForkJoinPool-1-worker-37] ERROR com.intuit.karate - http request failed: 
org.apache.http.client.ClientProtocolException
13:26:48.207 [ForkJoinPool-1-worker-37] ERROR com.intuit.karate - feature call (loop) failed at index: 29
caller: classpath:InspireTest/def/checkxlinkurl.template.feature
arg: {"link":""}
checkxlinkurl.template.feature:21 - 
org.apache.http.client.ClientProtocolException
13:26:48.208 [ForkJoinPool-1-worker-37] INFO  com.intuit.karate - [print] testing xlinkurl:
13:26:48.209 [ForkJoinPool-1-worker-37] ERROR com.intuit.karate - org.apache.http.client.ClientProtocolException, http call failed after 0 milliseconds for URL: 
13:26:48.209 [ForkJoinPool-1-worker-37] ERROR com.intuit.karate - http request failed: 
org.apache.http.client.ClientProtocolException
13:26:48.209 [ForkJoinPool-1-worker-37] ERROR com.intuit.karate - feature call (loop) failed at index: 30
caller: classpath:InspireTest/def/checkxlinkurl.template.feature
arg: {"link":""}
checkxlinkurl.template.feature:21 - 
org.apache.http.client.ClientProtocolException
13:26:48.212 [ForkJoinPool-1-worker-37] INFO  com.intuit.karate - [print] testing xlinkurl:
13:26:48.213 [ForkJoinPool-1-worker-37] ERROR com.intuit.karate - org.apache.http.client.ClientProtocolException, http call failed after 0 milliseconds for URL: 
13:26:48.213 [ForkJoinPool-1-worker-37] ERROR com.intuit.karate - http request failed: 
org.apache.http.client.ClientProtocolException
13:26:48.213 [ForkJoinPool-1-worker-37] ERROR com.intuit.karate - feature call (loop) failed at index: 31
caller: classpath:InspireTest/def/checkxlinkurl.template.feature
arg: {"link":""}
checkxlinkurl.template.feature:21 - 
org.apache.http.client.ClientProtocolException
13:26:48.214 [ForkJoinPool-1-worker-37] INFO  com.intuit.karate - [print] testing xlinkurl:
13:26:48.217 [ForkJoinPool-1-worker-37] ERROR com.intuit.karate - org.apache.http.client.ClientProtocolException, http call failed after 0 milliseconds for URL: 
13:26:48.217 [ForkJoinPool-1-worker-37] ERROR com.intuit.karate - http request failed: 
org.apache.http.client.ClientProtocolException
13:26:48.217 [ForkJoinPool-1-worker-37] ERROR com.intuit.karate - feature call (loop) failed at index: 32
caller: classpath:InspireTest/def/checkxlinkurl.template.feature
arg: {"link":""}
checkxlinkurl.template.feature:21 - 
org.apache.http.client.ClientProtocolException
13:26:48.219 [ForkJoinPool-1-worker-37] INFO  com.intuit.karate - [print] testing xlinkurl:
13:26:48.220 [ForkJoinPool-1-worker-37] ERROR com.intuit.karate - org.apache.http.client.ClientProtocolException, http call failed after 0 milliseconds for URL: 
13:26:48.227 [ForkJoinPool-1-worker-37] ERROR com.intuit.karate - http request failed: 
org.apache.http.client.ClientProtocolException
13:26:48.227 [ForkJoinPool-1-worker-37] ERROR com.intuit.karate - feature call (loop) failed at index: 33
caller: classpath:InspireTest/def/checkxlinkurl.template.feature
arg: {"link":""}
checkxlinkurl.template.feature:21 - 
org.apache.http.client.ClientProtocolException
13:26:48.228 [ForkJoinPool-1-worker-37] INFO  com.intuit.karate - [print] testing xlinkurl:
13:26:48.229 [ForkJoinPool-1-worker-37] ERROR com.intuit.karate - org.apache.http.client.ClientProtocolException, http call failed after 0 milliseconds for URL: 
13:26:48.229 [ForkJoinPool-1-worker-37] ERROR com.intuit.karate - http request failed: 
org.apache.http.client.ClientProtocolException
13:26:48.229 [ForkJoinPool-1-worker-37] ERROR com.intuit.karate - feature call (loop) failed at index: 34
caller: classpath:InspireTest/def/checkxlinkurl.template.feature
arg: {"link":""}
checkxlinkurl.template.feature:21 - 
org.apache.http.client.ClientProtocolException
13:26:48.232 [ForkJoinPool-1-worker-37] INFO  com.intuit.karate - [print] testing xlinkurl:
13:26:48.232 [ForkJoinPool-1-worker-37] ERROR com.intuit.karate - org.apache.http.client.ClientProtocolException, http call failed after 0 milliseconds for URL: 
13:26:48.232 [ForkJoinPool-1-worker-37] ERROR com.intuit.karate - http request failed: 
org.apache.http.client.ClientProtocolException
13:26:48.232 [ForkJoinPool-1-worker-37] ERROR com.intuit.karate - feature call (loop) failed at index: 35
caller: classpath:InspireTest/def/checkxlinkurl.template.feature
arg: {"link":""}
checkxlinkurl.template.feature:21 - 
org.apache.http.client.ClientProtocolException
13:26:48.233 [ForkJoinPool-1-worker-37] INFO  com.intuit.karate - [print] testing xlinkurl:
13:26:48.234 [ForkJoinPool-1-worker-37] ERROR com.intuit.karate - org.apache.http.client.ClientProtocolException, http call failed after 0 milliseconds for URL: 
13:26:48.234 [ForkJoinPool-1-worker-37] ERROR com.intuit.karate - http request failed: 
org.apache.http.client.ClientProtocolException
13:26:48.234 [ForkJoinPool-1-worker-37] ERROR com.intuit.karate - feature call (loop) failed at index: 36
caller: classpath:InspireTest/def/checkxlinkurl.template.feature
arg: {"link":""}
checkxlinkurl.template.feature:21 - 
org.apache.http.client.ClientProtocolException
13:26:48.236 [ForkJoinPool-1-worker-37] INFO  com.intuit.karate - [print] testing xlinkurl:
13:26:48.237 [ForkJoinPool-1-worker-37] ERROR com.intuit.karate - org.apache.http.client.ClientProtocolException, http call failed after 0 milliseconds for URL: 
13:26:48.237 [ForkJoinPool-1-worker-37] ERROR com.intuit.karate - http request failed: 
org.apache.http.client.ClientProtocolException
13:26:48.237 [ForkJoinPool-1-worker-37] ERROR com.intuit.karate - feature call (loop) failed at index: 37
caller: classpath:InspireTest/def/checkxlinkurl.template.feature
arg: {"link":""}
checkxlinkurl.template.feature:21 - 
org.apache.http.client.ClientProtocolException
13:26:48.237 [ForkJoinPool-1-worker-37] INFO  com.intuit.karate - [print] testing xlinkurl:
13:26:48.241 [ForkJoinPool-1-worker-37] ERROR com.intuit.karate - org.apache.http.client.ClientProtocolException, http call failed after 0 milliseconds for URL: 
13:26:48.241 [ForkJoinPool-1-worker-37] ERROR com.intuit.karate - http request failed: 
org.apache.http.client.ClientProtocolException
13:26:48.241 [ForkJoinPool-1-worker-37] ERROR com.intuit.karate - feature call (loop) failed at index: 38
caller: classpath:InspireTest/def/checkxlinkurl.template.feature
arg: {"link":""}
checkxlinkurl.template.feature:21 - 
org.apache.http.client.ClientProtocolException
13:26:48.242 [ForkJoinPool-1-worker-37] INFO  com.intuit.karate - [print] testing xlinkurl:
13:26:48.243 [ForkJoinPool-1-worker-37] ERROR com.intuit.karate - org.apache.http.client.ClientProtocolException, http call failed after 0 milliseconds for URL: 
13:26:48.252 [ForkJoinPool-1-worker-37] ERROR com.intuit.karate - http request failed: 
org.apache.http.client.ClientProtocolException
13:26:48.252 [ForkJoinPool-1-worker-37] ERROR com.intuit.karate - feature call (loop) failed at index: 39
caller: classpath:InspireTest/def/checkxlinkurl.template.feature
arg: {"link":""}
checkxlinkurl.template.feature:21 - 
org.apache.http.client.ClientProtocolException
13:26:48.253 [ForkJoinPool-1-worker-37] INFO  com.intuit.karate - [print] testing xlinkurl:
13:26:48.255 [ForkJoinPool-1-worker-37] ERROR com.intuit.karate - org.apache.http.client.ClientProtocolException, http call failed after 0 milliseconds for URL: 
13:26:48.255 [ForkJoinPool-1-worker-37] ERROR com.intuit.karate - http request failed: 
org.apache.http.client.ClientProtocolException
13:26:48.255 [ForkJoinPool-1-worker-37] ERROR com.intuit.karate - feature call (loop) failed at index: 40
caller: classpath:InspireTest/def/checkxlinkurl.template.feature
arg: {"link":""}
checkxlinkurl.template.feature:21 - 
org.apache.http.client.ClientProtocolException
13:26:48.259 [ForkJoinPool-1-worker-37] INFO  com.intuit.karate - [print] testing xlinkurl:
13:26:48.262 [ForkJoinPool-1-worker-51] INFO  com.intuit.karate - [print] testing xlinkurl:
13:26:48.263 [ForkJoinPool-1-worker-51] ERROR com.intuit.karate - org.apache.http.client.ClientProtocolException, http call failed after 0 milliseconds for URL: 
13:26:48.263 [ForkJoinPool-1-worker-51] ERROR com.intuit.karate - http request failed: 
org.apache.http.client.ClientProtocolException
13:26:48.263 [ForkJoinPool-1-worker-51] ERROR com.intuit.karate - feature call (loop) failed at index: 3
caller: classpath:InspireTest/def/checkxlinkurl.template.feature
arg: {"link":""}
checkxlinkurl.template.feature:21 - 
org.apache.http.client.ClientProtocolException
13:26:48.263 [ForkJoinPool-1-worker-51] INFO  com.intuit.karate - [print] testing xlinkurl:
13:26:48.264 [ForkJoinPool-1-worker-51] ERROR com.intuit.karate - org.apache.http.client.ClientProtocolException, http call failed after 0 milliseconds for URL: 
13:26:48.264 [ForkJoinPool-1-worker-51] ERROR com.intuit.karate - http request failed: 
org.apache.http.client.ClientProtocolException
13:26:48.264 [ForkJoinPool-1-worker-51] ERROR com.intuit.karate - feature call (loop) failed at index: 4
caller: classpath:InspireTest/def/checkxlinkurl.template.feature
arg: {"link":""}
checkxlinkurl.template.feature:21 - 
org.apache.http.client.ClientProtocolException
13:26:48.264 [ForkJoinPool-1-worker-37] ERROR com.intuit.karate - org.apache.http.client.ClientProtocolException, http call failed after 0 milliseconds for URL: 
13:26:48.265 [ForkJoinPool-1-worker-37] ERROR com.intuit.karate - http request failed: 
org.apache.http.client.ClientProtocolException
13:26:48.265 [ForkJoinPool-1-worker-51] INFO  com.intuit.karate - [print] testing xlinkurl:
13:26:48.272 [ForkJoinPool-1-worker-37] ERROR com.intuit.karate - feature call (loop) failed at index: 41
caller: classpath:InspireTest/def/checkxlinkurl.template.feature
arg: {"link":""}
checkxlinkurl.template.feature:21 - 
org.apache.http.client.ClientProtocolException
13:26:48.273 [ForkJoinPool-1-worker-51] ERROR com.intuit.karate - org.apache.http.client.ClientProtocolException, http call failed after 0 milliseconds for URL: 
13:26:48.273 [ForkJoinPool-1-worker-51] ERROR com.intuit.karate - http request failed: 
org.apache.http.client.ClientProtocolException
13:26:48.273 [ForkJoinPool-1-worker-51] ERROR com.intuit.karate - feature call (loop) failed at index: 5
caller: classpath:InspireTest/def/checkxlinkurl.template.feature
arg: {"link":""}
checkxlinkurl.template.feature:21 - 
org.apache.http.client.ClientProtocolException
13:26:48.273 [ForkJoinPool-1-worker-37] INFO  com.intuit.karate - [print] testing xlinkurl:
13:26:48.273 [ForkJoinPool-1-worker-51] INFO  com.intuit.karate - [print] testing xlinkurl:http://www.nationaalgeoregister.nl/geonetwork/srv/en/csw?service=CSW&request=GetRecordById&version=2.0.2&outputSchema=http://www.isotc211.org/2005/gmd&elementSetName=full&id=b3f66964-a8c1-456f-9799-9cafca2cb7b1#MD_DataIdentification
13:26:48.274 [ForkJoinPool-1-worker-37] ERROR com.intuit.karate - org.apache.http.client.ClientProtocolException, http call failed after 0 milliseconds for URL: 
13:26:48.274 [ForkJoinPool-1-worker-37] ERROR com.intuit.karate - http request failed: 
org.apache.http.client.ClientProtocolException
13:26:48.274 [ForkJoinPool-1-worker-37] ERROR com.intuit.karate - feature call (loop) failed at index: 42
caller: classpath:InspireTest/def/checkxlinkurl.template.feature
arg: {"link":""}
checkxlinkurl.template.feature:21 - 
org.apache.http.client.ClientProtocolException
13:26:48.275 [ForkJoinPool-1-worker-37] INFO  com.intuit.karate - [print] testing xlinkurl:
13:26:48.276 [ForkJoinPool-1-worker-37] ERROR com.intuit.karate - org.apache.http.client.ClientProtocolException, http call failed after 0 milliseconds for URL: 
13:26:48.276 [ForkJoinPool-1-worker-37] ERROR com.intuit.karate - http request failed: 
org.apache.http.client.ClientProtocolException
13:26:48.276 [ForkJoinPool-1-worker-37] ERROR com.intuit.karate - feature call (loop) failed at index: 43
caller: classpath:InspireTest/def/checkxlinkurl.template.feature
arg: {"link":""}
checkxlinkurl.template.feature:21 - 
org.apache.http.client.ClientProtocolException
13:26:48.277 [ForkJoinPool-1-worker-37] INFO  com.intuit.karate - [print] testing xlinkurl:
13:26:48.277 [ForkJoinPool-1-worker-37] ERROR com.intuit.karate - org.apache.http.client.ClientProtocolException, http call failed after 0 milliseconds for URL: 
13:26:48.284 [ForkJoinPool-1-worker-37] ERROR com.intuit.karate - http request failed: 
org.apache.http.client.ClientProtocolException
13:26:48.284 [ForkJoinPool-1-worker-37] ERROR com.intuit.karate - feature call (loop) failed at index: 44
caller: classpath:InspireTest/def/checkxlinkurl.template.feature
arg: {"link":""}
checkxlinkurl.template.feature:21 - 
org.apache.http.client.ClientProtocolException
13:26:48.285 [ForkJoinPool-1-worker-37] INFO  com.intuit.karate - [print] testing xlinkurl:
13:26:48.286 [ForkJoinPool-1-worker-37] ERROR com.intuit.karate - org.apache.http.client.ClientProtocolException, http call failed after 0 milliseconds for URL: 
13:26:48.286 [ForkJoinPool-1-worker-37] ERROR com.intuit.karate - http request failed: 
org.apache.http.client.ClientProtocolException
13:26:48.286 [ForkJoinPool-1-worker-37] ERROR com.intuit.karate - feature call (loop) failed at index: 45
caller: classpath:InspireTest/def/checkxlinkurl.template.feature
arg: {"link":""}
checkxlinkurl.template.feature:21 - 
org.apache.http.client.ClientProtocolException
13:26:48.286 [ForkJoinPool-1-worker-37] INFO  com.intuit.karate - [print] testing xlinkurl:
13:26:48.287 [ForkJoinPool-1-worker-37] ERROR com.intuit.karate - org.apache.http.client.ClientProtocolException, http call failed after 0 milliseconds for URL: 
13:26:48.290 [ForkJoinPool-1-worker-37] ERROR com.intuit.karate - http request failed: 
org.apache.http.client.ClientProtocolException
13:26:48.290 [ForkJoinPool-1-worker-37] ERROR com.intuit.karate - feature call (loop) failed at index: 46
caller: classpath:InspireTest/def/checkxlinkurl.template.feature
arg: {"link":""}
checkxlinkurl.template.feature:21 - 
org.apache.http.client.ClientProtocolException
13:26:48.291 [ForkJoinPool-1-worker-37] INFO  com.intuit.karate - [print] testing xlinkurl:
13:26:48.291 [ForkJoinPool-1-worker-37] ERROR com.intuit.karate - org.apache.http.client.ClientProtocolException, http call failed after 0 milliseconds for URL: 
13:26:48.291 [ForkJoinPool-1-worker-37] ERROR com.intuit.karate - http request failed: 
org.apache.http.client.ClientProtocolException
13:26:48.291 [ForkJoinPool-1-worker-37] ERROR com.intuit.karate - feature call (loop) failed at index: 47
caller: classpath:InspireTest/def/checkxlinkurl.template.feature
arg: {"link":""}
checkxlinkurl.template.feature:21 - 
org.apache.http.client.ClientProtocolException
13:26:48.292 [ForkJoinPool-1-worker-37] INFO  com.intuit.karate - [print] testing xlinkurl:
13:26:48.293 [ForkJoinPool-1-worker-37] ERROR com.intuit.karate - org.apache.http.client.ClientProtocolException, http call failed after 0 milliseconds for URL: 
13:26:48.293 [ForkJoinPool-1-worker-37] ERROR com.intuit.karate - http request failed: 
org.apache.http.client.ClientProtocolException
13:26:48.293 [ForkJoinPool-1-worker-37] ERROR com.intuit.karate - feature call (loop) failed at index: 48
caller: classpath:InspireTest/def/checkxlinkurl.template.feature
arg: {"link":""}
checkxlinkurl.template.feature:21 - 
org.apache.http.client.ClientProtocolException
13:26:48.295 [ForkJoinPool-1-worker-37] INFO  com.intuit.karate - [print] testing xlinkurl:
13:26:48.305 [ForkJoinPool-1-worker-37] ERROR com.intuit.karate - org.apache.http.client.ClientProtocolException, http call failed after 0 milliseconds for URL: 
13:26:48.305 [ForkJoinPool-1-worker-37] ERROR com.intuit.karate - http request failed: 
org.apache.http.client.ClientProtocolException
13:26:48.305 [ForkJoinPool-1-worker-37] ERROR com.intuit.karate - feature call (loop) failed at index: 49
caller: classpath:InspireTest/def/checkxlinkurl.template.feature
arg: {"link":""}
checkxlinkurl.template.feature:21 - 
org.apache.http.client.ClientProtocolException
13:26:48.306 [ForkJoinPool-1-worker-37] INFO  com.intuit.karate - [print] testing xlinkurl:
13:26:48.306 [ForkJoinPool-1-worker-37] ERROR com.intuit.karate - org.apache.http.client.ClientProtocolException, http call failed after 0 milliseconds for URL: 
13:26:48.306 [ForkJoinPool-1-worker-37] ERROR com.intuit.karate - http request failed: 
org.apache.http.client.ClientProtocolException
13:26:48.306 [ForkJoinPool-1-worker-37] ERROR com.intuit.karate - feature call (loop) failed at index: 50
caller: classpath:InspireTest/def/checkxlinkurl.template.feature
arg: {"link":""}
checkxlinkurl.template.feature:21 - 
org.apache.http.client.ClientProtocolException
13:26:48.307 [ForkJoinPool-1-worker-37] INFO  com.intuit.karate - [print] testing xlinkurl:
13:26:48.308 [ForkJoinPool-1-worker-37] ERROR com.intuit.karate - org.apache.http.client.ClientProtocolException, http call failed after 0 milliseconds for URL: 
13:26:48.308 [ForkJoinPool-1-worker-37] ERROR com.intuit.karate - http request failed: 
org.apache.http.client.ClientProtocolException
13:26:48.308 [ForkJoinPool-1-worker-37] ERROR com.intuit.karate - feature call (loop) failed at index: 51
caller: classpath:InspireTest/def/checkxlinkurl.template.feature
arg: {"link":""}
checkxlinkurl.template.feature:21 - 
org.apache.http.client.ClientProtocolException
13:26:48.308 [ForkJoinPool-1-worker-37] INFO  com.intuit.karate - [print] testing xlinkurl:
13:26:48.310 [ForkJoinPool-1-worker-37] ERROR com.intuit.karate - org.apache.http.client.ClientProtocolException, http call failed after 0 milliseconds for URL: 
13:26:48.310 [ForkJoinPool-1-worker-37] ERROR com.intuit.karate - http request failed: 
org.apache.http.client.ClientProtocolException
13:26:48.310 [ForkJoinPool-1-worker-37] ERROR com.intuit.karate - feature call (loop) failed at index: 52
caller: classpath:InspireTest/def/checkxlinkurl.template.feature
arg: {"link":""}
checkxlinkurl.template.feature:21 - 
org.apache.http.client.ClientProtocolException
13:26:48.311 [ForkJoinPool-1-worker-37] INFO  com.intuit.karate - [print] testing xlinkurl:
13:26:48.311 [ForkJoinPool-1-worker-37] ERROR com.intuit.karate - org.apache.http.client.ClientProtocolException, http call failed after 0 milliseconds for URL: 
13:26:48.311 [ForkJoinPool-1-worker-37] ERROR com.intuit.karate - http request failed: 
org.apache.http.client.ClientProtocolException
13:26:48.311 [ForkJoinPool-1-worker-37] ERROR com.intuit.karate - feature call (loop) failed at index: 53
caller: classpath:InspireTest/def/checkxlinkurl.template.feature
arg: {"link":""}
checkxlinkurl.template.feature:21 - 
org.apache.http.client.ClientProtocolException
13:26:48.312 [ForkJoinPool-1-worker-37] INFO  com.intuit.karate - [print] testing xlinkurl:
13:26:48.316 [ForkJoinPool-1-worker-37] ERROR com.intuit.karate - org.apache.http.client.ClientProtocolException, http call failed after 0 milliseconds for URL: 
13:26:48.316 [ForkJoinPool-1-worker-37] ERROR com.intuit.karate - http request failed: 
org.apache.http.client.ClientProtocolException
13:26:48.317 [ForkJoinPool-1-worker-37] ERROR com.intuit.karate - feature call (loop) failed at index: 54
caller: classpath:InspireTest/def/checkxlinkurl.template.feature
arg: {"link":""}
checkxlinkurl.template.feature:21 - 
org.apache.http.client.ClientProtocolException
13:26:48.318 [ForkJoinPool-1-worker-37] INFO  com.intuit.karate - [print] testing xlinkurl:
13:26:48.332 [ForkJoinPool-1-worker-37] ERROR com.intuit.karate - org.apache.http.client.ClientProtocolException, http call failed after 0 milliseconds for URL: 
13:26:48.334 [ForkJoinPool-1-worker-37] ERROR com.intuit.karate - http request failed: 
org.apache.http.client.ClientProtocolException
13:26:48.335 [ForkJoinPool-1-worker-37] ERROR com.intuit.karate - feature call (loop) failed at index: 55
caller: classpath:InspireTest/def/checkxlinkurl.template.feature
arg: {"link":""}
checkxlinkurl.template.feature:21 - 
org.apache.http.client.ClientProtocolException
13:26:48.335 [ForkJoinPool-1-worker-37] INFO  com.intuit.karate - [print] testing xlinkurl:
13:26:48.339 [ForkJoinPool-1-worker-37] ERROR com.intuit.karate - org.apache.http.client.ClientProtocolException, http call failed after 0 milliseconds for URL: 
13:26:48.339 [ForkJoinPool-1-worker-37] ERROR com.intuit.karate - http request failed: 
org.apache.http.client.ClientProtocolException
13:26:48.339 [ForkJoinPool-1-worker-37] ERROR com.intuit.karate - feature call (loop) failed at index: 56
caller: classpath:InspireTest/def/checkxlinkurl.template.feature
arg: {"link":""}
checkxlinkurl.template.feature:21 - 
org.apache.http.client.ClientProtocolException
13:26:48.340 [ForkJoinPool-1-worker-37] INFO  com.intuit.karate - [print] testing xlinkurl:
13:26:48.340 [ForkJoinPool-1-worker-37] ERROR com.intuit.karate - org.apache.http.client.ClientProtocolException, http call failed after 0 milliseconds for URL: 
13:26:48.342 [ForkJoinPool-1-worker-37] ERROR com.intuit.karate - http request failed: 
org.apache.http.client.ClientProtocolException
13:26:48.342 [ForkJoinPool-1-worker-37] ERROR com.intuit.karate - feature call (loop) failed at index: 57
caller: classpath:InspireTest/def/checkxlinkurl.template.feature
arg: {"link":""}
checkxlinkurl.template.feature:21 - 
org.apache.http.client.ClientProtocolException
13:26:48.343 [ForkJoinPool-1-worker-37] INFO  com.intuit.karate - [print] testing xlinkurl:
13:26:48.343 [ForkJoinPool-1-worker-37] ERROR com.intuit.karate - org.apache.http.client.ClientProtocolException, http call failed after 0 milliseconds for URL: 
13:26:48.345 [ForkJoinPool-1-worker-37] ERROR com.intuit.karate - http request failed: 
org.apache.http.client.ClientProtocolException
13:26:48.345 [ForkJoinPool-1-worker-37] ERROR com.intuit.karate - feature call (loop) failed at index: 58
caller: classpath:InspireTest/def/checkxlinkurl.template.feature
arg: {"link":""}
checkxlinkurl.template.feature:21 - 
org.apache.http.client.ClientProtocolException
13:26:48.346 [ForkJoinPool-1-worker-37] INFO  com.intuit.karate - [print] testing xlinkurl:
13:26:48.347 [ForkJoinPool-1-worker-37] ERROR com.intuit.karate - org.apache.http.client.ClientProtocolException, http call failed after 0 milliseconds for URL: 
13:26:48.347 [ForkJoinPool-1-worker-37] ERROR com.intuit.karate - http request failed: 
org.apache.http.client.ClientProtocolException
13:26:48.347 [ForkJoinPool-1-worker-37] ERROR com.intuit.karate - feature call (loop) failed at index: 59
caller: classpath:InspireTest/def/checkxlinkurl.template.feature
arg: {"link":""}
checkxlinkurl.template.feature:21 - 
org.apache.http.client.ClientProtocolException
13:26:48.353 [ForkJoinPool-1-worker-37] INFO  com.intuit.karate - [print] testing xlinkurl:
13:26:48.353 [ForkJoinPool-1-worker-37] ERROR com.intuit.karate - org.apache.http.client.ClientProtocolException, http call failed after 0 milliseconds for URL: 
13:26:48.353 [ForkJoinPool-1-worker-37] ERROR com.intuit.karate - http request failed: 
org.apache.http.client.ClientProtocolException
13:26:48.353 [ForkJoinPool-1-worker-37] ERROR com.intuit.karate - feature call (loop) failed at index: 60
caller: classpath:InspireTest/def/checkxlinkurl.template.feature
arg: {"link":""}
checkxlinkurl.template.feature:21 - 
org.apache.http.client.ClientProtocolException
13:26:48.354 [ForkJoinPool-1-worker-37] INFO  com.intuit.karate - [print] testing xlinkurl:
13:26:48.361 [ForkJoinPool-1-worker-37] ERROR com.intuit.karate - org.apache.http.client.ClientProtocolException, http call failed after 0 milliseconds for URL: 
13:26:48.361 [ForkJoinPool-1-worker-37] ERROR com.intuit.karate - http request failed: 
org.apache.http.client.ClientProtocolException
13:26:48.361 [ForkJoinPool-1-worker-37] ERROR com.intuit.karate - feature call (loop) failed at index: 61
caller: classpath:InspireTest/def/checkxlinkurl.template.feature
arg: {"link":""}
checkxlinkurl.template.feature:21 - 
org.apache.http.client.ClientProtocolException
13:26:48.362 [ForkJoinPool-1-worker-37] INFO  com.intuit.karate - [print] testing xlinkurl:
13:26:48.362 [ForkJoinPool-1-worker-37] ERROR com.intuit.karate - org.apache.http.client.ClientProtocolException, http call failed after 0 milliseconds for URL: 
13:26:48.362 [ForkJoinPool-1-worker-37] ERROR com.intuit.karate - http request failed: 
org.apache.http.client.ClientProtocolException
13:26:48.362 [ForkJoinPool-1-worker-37] ERROR com.intuit.karate - feature call (loop) failed at index: 62
caller: classpath:InspireTest/def/checkxlinkurl.template.feature
arg: {"link":""}
checkxlinkurl.template.feature:21 - 
org.apache.http.client.ClientProtocolException
13:26:48.363 [ForkJoinPool-1-worker-37] INFO  com.intuit.karate - [print] testing xlinkurl:
13:26:48.369 [ForkJoinPool-1-worker-37] ERROR com.intuit.karate - org.apache.http.client.ClientProtocolException, http call failed after 0 milliseconds for URL: 
13:26:48.369 [ForkJoinPool-1-worker-37] ERROR com.intuit.karate - http request failed: 
org.apache.http.client.ClientProtocolException
13:26:48.369 [ForkJoinPool-1-worker-37] ERROR com.intuit.karate - feature call (loop) failed at index: 63
caller: classpath:InspireTest/def/checkxlinkurl.template.feature
arg: {"link":""}
checkxlinkurl.template.feature:21 - 
org.apache.http.client.ClientProtocolException
13:26:48.370 [ForkJoinPool-1-worker-37] INFO  com.intuit.karate - [print] testing xlinkurl:
13:26:48.370 [ForkJoinPool-1-worker-37] ERROR com.intuit.karate - org.apache.http.client.ClientProtocolException, http call failed after 0 milliseconds for URL: 
13:26:48.370 [ForkJoinPool-1-worker-37] ERROR com.intuit.karate - http request failed: 
org.apache.http.client.ClientProtocolException
13:26:48.370 [ForkJoinPool-1-worker-37] ERROR com.intuit.karate - feature call (loop) failed at index: 64
caller: classpath:InspireTest/def/checkxlinkurl.template.feature
arg: {"link":""}
checkxlinkurl.template.feature:21 - 
org.apache.http.client.ClientProtocolException
13:26:48.373 [ForkJoinPool-1-worker-37] INFO  com.intuit.karate - [print] testing xlinkurl:
13:26:48.373 [ForkJoinPool-1-worker-37] ERROR com.intuit.karate - org.apache.http.client.ClientProtocolException, http call failed after 0 milliseconds for URL: 
13:26:48.373 [ForkJoinPool-1-worker-37] ERROR com.intuit.karate - http request failed: 
org.apache.http.client.ClientProtocolException
13:26:48.373 [ForkJoinPool-1-worker-37] ERROR com.intuit.karate - feature call (loop) failed at index: 65
caller: classpath:InspireTest/def/checkxlinkurl.template.feature
arg: {"link":""}
checkxlinkurl.template.feature:21 - 
org.apache.http.client.ClientProtocolException
13:26:48.374 [ForkJoinPool-1-worker-37] INFO  com.intuit.karate - [print] testing xlinkurl:
13:26:48.386 [ForkJoinPool-1-worker-37] ERROR com.intuit.karate - org.apache.http.client.ClientProtocolException, http call failed after 0 milliseconds for URL: 
13:26:48.386 [ForkJoinPool-1-worker-37] ERROR com.intuit.karate - http request failed: 
org.apache.http.client.ClientProtocolException
13:26:48.386 [ForkJoinPool-1-worker-37] ERROR com.intuit.karate - feature call (loop) failed at index: 66
caller: classpath:InspireTest/def/checkxlinkurl.template.feature
arg: {"link":""}
checkxlinkurl.template.feature:21 - 
org.apache.http.client.ClientProtocolException
13:26:48.386 [ForkJoinPool-1-worker-37] INFO  com.intuit.karate - [print] testing xlinkurl:
13:26:48.387 [ForkJoinPool-1-worker-37] ERROR com.intuit.karate - org.apache.http.client.ClientProtocolException, http call failed after 0 milliseconds for URL: 
13:26:48.387 [ForkJoinPool-1-worker-37] ERROR com.intuit.karate - http request failed: 
org.apache.http.client.ClientProtocolException
13:26:48.387 [ForkJoinPool-1-worker-37] ERROR com.intuit.karate - feature call (loop) failed at index: 67
caller: classpath:InspireTest/def/checkxlinkurl.template.feature
arg: {"link":""}
checkxlinkurl.template.feature:21 - 
org.apache.http.client.ClientProtocolException
13:26:48.388 [ForkJoinPool-1-worker-37] INFO  com.intuit.karate - [print] testing xlinkurl:
13:26:48.388 [ForkJoinPool-1-worker-37] ERROR com.intuit.karate - org.apache.http.client.ClientProtocolException, http call failed after 0 milliseconds for URL: 
13:26:48.388 [ForkJoinPool-1-worker-37] ERROR com.intuit.karate - http request failed: 
org.apache.http.client.ClientProtocolException
13:26:48.389 [ForkJoinPool-1-worker-37] ERROR com.intuit.karate - feature call (loop) failed at index: 68
caller: classpath:InspireTest/def/checkxlinkurl.template.feature
arg: {"link":""}
checkxlinkurl.template.feature:21 - 
org.apache.http.client.ClientProtocolException
13:26:48.389 [ForkJoinPool-1-worker-37] INFO  com.intuit.karate - [print] testing xlinkurl:
13:26:48.390 [ForkJoinPool-1-worker-37] ERROR com.intuit.karate - org.apache.http.client.ClientProtocolException, http call failed after 0 milliseconds for URL: 
13:26:48.390 [ForkJoinPool-1-worker-37] ERROR com.intuit.karate - http request failed: 
org.apache.http.client.ClientProtocolException
13:26:48.390 [ForkJoinPool-1-worker-37] ERROR com.intuit.karate - feature call (loop) failed at index: 69
caller: classpath:InspireTest/def/checkxlinkurl.template.feature
arg: {"link":""}
checkxlinkurl.template.feature:21 - 
org.apache.http.client.ClientProtocolException
13:26:48.391 [ForkJoinPool-1-worker-37] INFO  com.intuit.karate - [print] testing xlinkurl:
13:26:48.392 [ForkJoinPool-1-worker-37] ERROR com.intuit.karate - org.apache.http.client.ClientProtocolException, http call failed after 0 milliseconds for URL: 
13:26:48.400 [ForkJoinPool-1-worker-37] ERROR com.intuit.karate - http request failed: 
org.apache.http.client.ClientProtocolException
13:26:48.400 [ForkJoinPool-1-worker-37] ERROR com.intuit.karate - feature call (loop) failed at index: 70
caller: classpath:InspireTest/def/checkxlinkurl.template.feature
arg: {"link":""}
checkxlinkurl.template.feature:21 - 
org.apache.http.client.ClientProtocolException
13:26:48.401 [ForkJoinPool-1-worker-37] INFO  com.intuit.karate - [print] testing xlinkurl:
13:26:48.403 [ForkJoinPool-1-worker-37] ERROR com.intuit.karate - org.apache.http.client.ClientProtocolException, http call failed after 0 milliseconds for URL: 
13:26:48.405 [ForkJoinPool-1-worker-37] ERROR com.intuit.karate - http request failed: 
org.apache.http.client.ClientProtocolException
13:26:48.405 [ForkJoinPool-1-worker-37] ERROR com.intuit.karate - feature call (loop) failed at index: 71
caller: classpath:InspireTest/def/checkxlinkurl.template.feature
arg: {"link":""}
checkxlinkurl.template.feature:21 - 
org.apache.http.client.ClientProtocolException
13:26:48.406 [ForkJoinPool-1-worker-37] INFO  com.intuit.karate - [print] testing xlinkurl:
13:26:48.406 [ForkJoinPool-1-worker-37] ERROR com.intuit.karate - org.apache.http.client.ClientProtocolException, http call failed after 0 milliseconds for URL: 
13:26:48.407 [ForkJoinPool-1-worker-37] ERROR com.intuit.karate - http request failed: 
org.apache.http.client.ClientProtocolException
13:26:48.407 [ForkJoinPool-1-worker-37] ERROR com.intuit.karate - feature call (loop) failed at index: 72
caller: classpath:InspireTest/def/checkxlinkurl.template.feature
arg: {"link":""}
checkxlinkurl.template.feature:21 - 
org.apache.http.client.ClientProtocolException
13:26:48.407 [ForkJoinPool-1-worker-37] INFO  com.intuit.karate - [print] testing xlinkurl:
13:26:48.408 [ForkJoinPool-1-worker-37] ERROR com.intuit.karate - org.apache.http.client.ClientProtocolException, http call failed after 0 milliseconds for URL: 
13:26:48.408 [ForkJoinPool-1-worker-37] ERROR com.intuit.karate - http request failed: 
org.apache.http.client.ClientProtocolException
13:26:48.408 [ForkJoinPool-1-worker-37] ERROR com.intuit.karate - feature call (loop) failed at index: 73
caller: classpath:InspireTest/def/checkxlinkurl.template.feature
arg: {"link":""}
checkxlinkurl.template.feature:21 - 
org.apache.http.client.ClientProtocolException
13:26:48.409 [ForkJoinPool-1-worker-37] INFO  com.intuit.karate - [print] testing xlinkurl:
13:26:48.409 [ForkJoinPool-1-worker-37] ERROR com.intuit.karate - org.apache.http.client.ClientProtocolException, http call failed after 0 milliseconds for URL: 
13:26:48.409 [ForkJoinPool-1-worker-37] ERROR com.intuit.karate - http request failed: 
org.apache.http.client.ClientProtocolException
13:26:48.410 [ForkJoinPool-1-worker-37] ERROR com.intuit.karate - feature call (loop) failed at index: 74
caller: classpath:InspireTest/def/checkxlinkurl.template.feature
arg: {"link":""}
checkxlinkurl.template.feature:21 - 
org.apache.http.client.ClientProtocolException
13:26:48.410 [ForkJoinPool-1-worker-37] INFO  com.intuit.karate - [print] testing xlinkurl:
13:26:48.411 [ForkJoinPool-1-worker-37] ERROR com.intuit.karate - org.apache.http.client.ClientProtocolException, http call failed after 0 milliseconds for URL: 
13:26:48.411 [ForkJoinPool-1-worker-37] ERROR com.intuit.karate - http request failed: 
org.apache.http.client.ClientProtocolException
13:26:48.411 [ForkJoinPool-1-worker-37] ERROR com.intuit.karate - feature call (loop) failed at index: 75
caller: classpath:InspireTest/def/checkxlinkurl.template.feature
arg: {"link":""}
checkxlinkurl.template.feature:21 - 
org.apache.http.client.ClientProtocolException
13:26:48.411 [ForkJoinPool-1-worker-37] INFO  com.intuit.karate - [print] testing xlinkurl:
13:26:48.421 [ForkJoinPool-1-worker-37] ERROR com.intuit.karate - org.apache.http.client.ClientProtocolException, http call failed after 0 milliseconds for URL: 
13:26:48.421 [ForkJoinPool-1-worker-37] ERROR com.intuit.karate - http request failed: 
org.apache.http.client.ClientProtocolException
13:26:48.421 [ForkJoinPool-1-worker-37] ERROR com.intuit.karate - feature call (loop) failed at index: 76
caller: classpath:InspireTest/def/checkxlinkurl.template.feature
arg: {"link":""}
checkxlinkurl.template.feature:21 - 
org.apache.http.client.ClientProtocolException
13:26:48.426 [ForkJoinPool-1-worker-37] INFO  com.intuit.karate - [print] testing xlinkurl:
13:26:48.430 [ForkJoinPool-1-worker-37] ERROR com.intuit.karate - org.apache.http.client.ClientProtocolException, http call failed after 0 milliseconds for URL: 
13:26:48.430 [ForkJoinPool-1-worker-37] ERROR com.intuit.karate - http request failed: 
org.apache.http.client.ClientProtocolException
13:26:48.430 [ForkJoinPool-1-worker-37] ERROR com.intuit.karate - feature call (loop) failed at index: 77
caller: classpath:InspireTest/def/checkxlinkurl.template.feature
arg: {"link":""}
checkxlinkurl.template.feature:21 - 
org.apache.http.client.ClientProtocolException
13:26:48.431 [ForkJoinPool-1-worker-37] INFO  com.intuit.karate - [print] testing xlinkurl:
13:26:48.440 [ForkJoinPool-1-worker-37] ERROR com.intuit.karate - org.apache.http.client.ClientProtocolException, http call failed after 0 milliseconds for URL: 
13:26:48.440 [ForkJoinPool-1-worker-37] ERROR com.intuit.karate - http request failed: 
org.apache.http.client.ClientProtocolException
13:26:48.440 [ForkJoinPool-1-worker-37] ERROR com.intuit.karate - feature call (loop) failed at index: 78
caller: classpath:InspireTest/def/checkxlinkurl.template.feature
arg: {"link":""}
checkxlinkurl.template.feature:21 - 
org.apache.http.client.ClientProtocolException
13:26:48.441 [ForkJoinPool-1-worker-37] INFO  com.intuit.karate - [print] testing xlinkurl:
13:26:48.442 [ForkJoinPool-1-worker-37] ERROR com.intuit.karate - org.apache.http.client.ClientProtocolException, http call failed after 0 milliseconds for URL: 
13:26:48.442 [ForkJoinPool-1-worker-37] ERROR com.intuit.karate - http request failed: 
org.apache.http.client.ClientProtocolException
13:26:48.449 [ForkJoinPool-1-worker-37] ERROR com.intuit.karate - feature call (loop) failed at index: 79
caller: classpath:InspireTest/def/checkxlinkurl.template.feature
arg: {"link":""}
checkxlinkurl.template.feature:21 - 
org.apache.http.client.ClientProtocolException
13:26:48.450 [ForkJoinPool-1-worker-37] INFO  com.intuit.karate - [print] testing xlinkurl:
13:26:48.451 [ForkJoinPool-1-worker-37] ERROR com.intuit.karate - org.apache.http.client.ClientProtocolException, http call failed after 0 milliseconds for URL: 
13:26:48.451 [ForkJoinPool-1-worker-37] ERROR com.intuit.karate - http request failed: 
org.apache.http.client.ClientProtocolException
13:26:48.451 [ForkJoinPool-1-worker-37] ERROR com.intuit.karate - feature call (loop) failed at index: 80
caller: classpath:InspireTest/def/checkxlinkurl.template.feature
arg: {"link":""}
checkxlinkurl.template.feature:21 - 
org.apache.http.client.ClientProtocolException
13:26:48.451 [ForkJoinPool-1-worker-37] INFO  com.intuit.karate - [print] testing xlinkurl:
13:26:48.452 [ForkJoinPool-1-worker-37] ERROR com.intuit.karate - org.apache.http.client.ClientProtocolException, http call failed after 0 milliseconds for URL: 
13:26:48.452 [ForkJoinPool-1-worker-37] ERROR com.intuit.karate - http request failed: 
org.apache.http.client.ClientProtocolException
13:26:48.452 [ForkJoinPool-1-worker-37] ERROR com.intuit.karate - feature call (loop) failed at index: 81
caller: classpath:InspireTest/def/checkxlinkurl.template.feature
arg: {"link":""}
checkxlinkurl.template.feature:21 - 
org.apache.http.client.ClientProtocolException
13:26:48.455 [ForkJoinPool-1-worker-37] INFO  com.intuit.karate - [print] testing xlinkurl:
13:26:48.455 [ForkJoinPool-1-worker-37] ERROR com.intuit.karate - org.apache.http.client.ClientProtocolException, http call failed after 0 milliseconds for URL: 
13:26:48.456 [ForkJoinPool-1-worker-37] ERROR com.intuit.karate - http request failed: 
org.apache.http.client.ClientProtocolException
13:26:48.456 [ForkJoinPool-1-worker-37] ERROR com.intuit.karate - feature call (loop) failed at index: 82
caller: classpath:InspireTest/def/checkxlinkurl.template.feature
arg: {"link":""}
checkxlinkurl.template.feature:21 - 
org.apache.http.client.ClientProtocolException
13:26:48.457 [ForkJoinPool-1-worker-37] INFO  com.intuit.karate - [print] testing xlinkurl:
13:26:48.465 [ForkJoinPool-1-worker-37] ERROR com.intuit.karate - org.apache.http.client.ClientProtocolException, http call failed after 0 milliseconds for URL: 
13:26:48.465 [ForkJoinPool-1-worker-37] ERROR com.intuit.karate - http request failed: 
org.apache.http.client.ClientProtocolException
13:26:48.465 [ForkJoinPool-1-worker-37] ERROR com.intuit.karate - feature call (loop) failed at index: 83
caller: classpath:InspireTest/def/checkxlinkurl.template.feature
arg: {"link":""}
checkxlinkurl.template.feature:21 - 
org.apache.http.client.ClientProtocolException
13:26:48.465 [ForkJoinPool-1-worker-37] INFO  com.intuit.karate - [print] testing xlinkurl:
13:26:48.475 [ForkJoinPool-1-worker-37] ERROR com.intuit.karate - org.apache.http.client.ClientProtocolException, http call failed after 0 milliseconds for URL: 
13:26:48.475 [ForkJoinPool-1-worker-37] ERROR com.intuit.karate - http request failed: 
org.apache.http.client.ClientProtocolException
13:26:48.475 [ForkJoinPool-1-worker-37] ERROR com.intuit.karate - feature call (loop) failed at index: 84
caller: classpath:InspireTest/def/checkxlinkurl.template.feature
arg: {"link":""}
checkxlinkurl.template.feature:21 - 
org.apache.http.client.ClientProtocolException
13:26:48.476 [ForkJoinPool-1-worker-37] INFO  com.intuit.karate - [print] testing xlinkurl:
13:26:48.476 [ForkJoinPool-1-worker-37] ERROR com.intuit.karate - org.apache.http.client.ClientProtocolException, http call failed after 0 milliseconds for URL: 
13:26:48.476 [ForkJoinPool-1-worker-37] ERROR com.intuit.karate - http request failed: 
org.apache.http.client.ClientProtocolException
13:26:48.476 [ForkJoinPool-1-worker-37] ERROR com.intuit.karate - feature call (loop) failed at index: 85
caller: classpath:InspireTest/def/checkxlinkurl.template.feature
arg: {"link":""}
checkxlinkurl.template.feature:21 - 
org.apache.http.client.ClientProtocolException
13:26:48.477 [ForkJoinPool-1-worker-37] INFO  com.intuit.karate - [print] testing xlinkurl:
13:26:48.477 [ForkJoinPool-1-worker-37] ERROR com.intuit.karate - org.apache.http.client.ClientProtocolException, http call failed after 0 milliseconds for URL: 
13:26:48.478 [ForkJoinPool-1-worker-37] ERROR com.intuit.karate - http request failed: 
org.apache.http.client.ClientProtocolException
13:26:48.478 [ForkJoinPool-1-worker-37] ERROR com.intuit.karate - feature call (loop) failed at index: 86
caller: classpath:InspireTest/def/checkxlinkurl.template.feature
arg: {"link":""}
checkxlinkurl.template.feature:21 - 
org.apache.http.client.ClientProtocolException
13:26:48.478 [ForkJoinPool-1-worker-37] INFO  com.intuit.karate - [print] testing xlinkurl:
13:26:48.479 [ForkJoinPool-1-worker-37] ERROR com.intuit.karate - org.apache.http.client.ClientProtocolException, http call failed after 0 milliseconds for URL: 
13:26:48.479 [ForkJoinPool-1-worker-37] ERROR com.intuit.karate - http request failed: 
org.apache.http.client.ClientProtocolException
13:26:48.479 [ForkJoinPool-1-worker-37] ERROR com.intuit.karate - feature call (loop) failed at index: 87
caller: classpath:InspireTest/def/checkxlinkurl.template.feature
arg: {"link":""}
checkxlinkurl.template.feature:21 - 
org.apache.http.client.ClientProtocolException
13:26:48.479 [ForkJoinPool-1-worker-37] INFO  com.intuit.karate - [print] testing xlinkurl:
13:26:48.483 [ForkJoinPool-1-worker-37] ERROR com.intuit.karate - org.apache.http.client.ClientProtocolException, http call failed after 0 milliseconds for URL: 
13:26:48.483 [ForkJoinPool-1-worker-37] ERROR com.intuit.karate - http request failed: 
org.apache.http.client.ClientProtocolException
13:26:48.483 [ForkJoinPool-1-worker-37] ERROR com.intuit.karate - feature call (loop) failed at index: 88
caller: classpath:InspireTest/def/checkxlinkurl.template.feature
arg: {"link":""}
checkxlinkurl.template.feature:21 - 
org.apache.http.client.ClientProtocolException
13:26:48.484 [ForkJoinPool-1-worker-37] INFO  com.intuit.karate - [print] testing xlinkurl:
13:26:48.490 [ForkJoinPool-1-worker-37] ERROR com.intuit.karate - org.apache.http.client.ClientProtocolException, http call failed after 0 milliseconds for URL: 
13:26:48.490 [ForkJoinPool-1-worker-37] ERROR com.intuit.karate - http request failed: 
org.apache.http.client.ClientProtocolException
13:26:48.491 [ForkJoinPool-1-worker-37] ERROR com.intuit.karate - feature call (loop) failed at index: 89
caller: classpath:InspireTest/def/checkxlinkurl.template.feature
arg: {"link":""}
checkxlinkurl.template.feature:21 - 
org.apache.http.client.ClientProtocolException
13:26:48.491 [ForkJoinPool-1-worker-37] INFO  com.intuit.karate - [print] testing xlinkurl:
13:26:48.492 [ForkJoinPool-1-worker-37] ERROR com.intuit.karate - org.apache.http.client.ClientProtocolException, http call failed after 0 milliseconds for URL: 
13:26:48.483 [ForkJoinPool-1-worker-45] INFO  com.intuit.karate - [print] testing xlinkurl:http://rdfdata.eionet.europa.eu/inspirethemes/themes/33
13:26:48.493 [ForkJoinPool-1-worker-37] ERROR com.intuit.karate - http request failed: 
org.apache.http.client.ClientProtocolException
13:26:48.493 [ForkJoinPool-1-worker-37] ERROR com.intuit.karate - feature call (loop) failed at index: 90
caller: classpath:InspireTest/def/checkxlinkurl.template.feature
arg: {"link":""}
checkxlinkurl.template.feature:21 - 
org.apache.http.client.ClientProtocolException
13:26:48.494 [ForkJoinPool-1-worker-37] INFO  com.intuit.karate - [print] testing xlinkurl:
13:26:48.494 [ForkJoinPool-1-worker-37] ERROR com.intuit.karate - org.apache.http.client.ClientProtocolException, http call failed after 0 milliseconds for URL: 
13:26:48.494 [ForkJoinPool-1-worker-37] ERROR com.intuit.karate - http request failed: 
org.apache.http.client.ClientProtocolException
13:26:48.504 [ForkJoinPool-1-worker-37] ERROR com.intuit.karate - feature call (loop) failed at index: 91
caller: classpath:InspireTest/def/checkxlinkurl.template.feature
arg: {"link":""}
checkxlinkurl.template.feature:21 - 
org.apache.http.client.ClientProtocolException
13:26:48.504 [ForkJoinPool-1-worker-37] INFO  com.intuit.karate - [print] testing xlinkurl:
13:26:48.505 [ForkJoinPool-1-worker-37] ERROR com.intuit.karate - org.apache.http.client.ClientProtocolException, http call failed after 0 milliseconds for URL: 
13:26:48.505 [ForkJoinPool-1-worker-37] ERROR com.intuit.karate - http request failed: 
org.apache.http.client.ClientProtocolException
13:26:48.505 [ForkJoinPool-1-worker-37] ERROR com.intuit.karate - feature call (loop) failed at index: 92
caller: classpath:InspireTest/def/checkxlinkurl.template.feature
arg: {"link":""}
checkxlinkurl.template.feature:21 - 
org.apache.http.client.ClientProtocolException
13:26:48.506 [ForkJoinPool-1-worker-37] INFO  com.intuit.karate - [print] testing xlinkurl:
13:26:48.510 [ForkJoinPool-1-worker-37] ERROR com.intuit.karate - org.apache.http.client.ClientProtocolException, http call failed after 0 milliseconds for URL: 
13:26:48.516 [ForkJoinPool-1-worker-37] ERROR com.intuit.karate - http request failed: 
org.apache.http.client.ClientProtocolException
13:26:48.516 [ForkJoinPool-1-worker-37] ERROR com.intuit.karate - feature call (loop) failed at index: 93
caller: classpath:InspireTest/def/checkxlinkurl.template.feature
arg: {"link":""}
checkxlinkurl.template.feature:21 - 
org.apache.http.client.ClientProtocolException
13:26:48.517 [ForkJoinPool-1-worker-37] INFO  com.intuit.karate - [print] testing xlinkurl:
13:26:48.519 [ForkJoinPool-1-worker-37] ERROR com.intuit.karate - org.apache.http.client.ClientProtocolException, http call failed after 0 milliseconds for URL: 
13:26:48.523 [ForkJoinPool-1-worker-37] ERROR com.intuit.karate - http request failed: 
org.apache.http.client.ClientProtocolException
13:26:48.523 [ForkJoinPool-1-worker-37] ERROR com.intuit.karate - feature call (loop) failed at index: 94
caller: classpath:InspireTest/def/checkxlinkurl.template.feature
arg: {"link":""}
checkxlinkurl.template.feature:21 - 
org.apache.http.client.ClientProtocolException
13:26:48.525 [ForkJoinPool-1-worker-37] INFO  com.intuit.karate - [print] testing xlinkurl:
13:26:48.526 [ForkJoinPool-1-worker-37] ERROR com.intuit.karate - org.apache.http.client.ClientProtocolException, http call failed after 0 milliseconds for URL: 
13:26:48.526 [ForkJoinPool-1-worker-37] ERROR com.intuit.karate - http request failed: 
org.apache.http.client.ClientProtocolException
13:26:48.526 [ForkJoinPool-1-worker-37] ERROR com.intuit.karate - feature call (loop) failed at index: 95
caller: classpath:InspireTest/def/checkxlinkurl.template.feature
arg: {"link":""}
checkxlinkurl.template.feature:21 - 
org.apache.http.client.ClientProtocolException
13:26:48.526 [ForkJoinPool-1-worker-37] INFO  com.intuit.karate - [print] testing xlinkurl:
13:26:48.528 [ForkJoinPool-1-worker-37] ERROR com.intuit.karate - org.apache.http.client.ClientProtocolException, http call failed after 0 milliseconds for URL: 
13:26:48.530 [ForkJoinPool-1-worker-37] ERROR com.intuit.karate - http request failed: 
org.apache.http.client.ClientProtocolException
13:26:48.530 [ForkJoinPool-1-worker-37] ERROR com.intuit.karate - feature call (loop) failed at index: 96
caller: classpath:InspireTest/def/checkxlinkurl.template.feature
arg: {"link":""}
checkxlinkurl.template.feature:21 - 
org.apache.http.client.ClientProtocolException
13:26:48.530 [ForkJoinPool-1-worker-37] INFO  com.intuit.karate - [print] testing xlinkurl:
13:26:48.540 [ForkJoinPool-1-worker-37] ERROR com.intuit.karate - org.apache.http.client.ClientProtocolException, http call failed after 0 milliseconds for URL: 
13:26:48.541 [ForkJoinPool-1-worker-37] ERROR com.intuit.karate - http request failed: 
org.apache.http.client.ClientProtocolException
13:26:48.541 [ForkJoinPool-1-worker-37] ERROR com.intuit.karate - feature call (loop) failed at index: 97
caller: classpath:InspireTest/def/checkxlinkurl.template.feature
arg: {"link":""}
checkxlinkurl.template.feature:21 - 
org.apache.http.client.ClientProtocolException
13:26:48.541 [ForkJoinPool-1-worker-23] INFO  com.intuit.karate - [print] testing xlinkurl:http://rdfdata.eionet.europa.eu/inspirethemes/themes/33
13:26:48.545 [ForkJoinPool-1-worker-37] INFO  com.intuit.karate - [print] testing xlinkurl:
13:26:48.546 [ForkJoinPool-1-worker-37] ERROR com.intuit.karate - org.apache.http.client.ClientProtocolException, http call failed after 0 milliseconds for URL: 
13:26:48.546 [ForkJoinPool-1-worker-37] ERROR com.intuit.karate - http request failed: 
org.apache.http.client.ClientProtocolException
13:26:48.546 [ForkJoinPool-1-worker-37] ERROR com.intuit.karate - feature call (loop) failed at index: 98
caller: classpath:InspireTest/def/checkxlinkurl.template.feature
arg: {"link":""}
checkxlinkurl.template.feature:21 - 
org.apache.http.client.ClientProtocolException
13:26:48.551 [ForkJoinPool-1-worker-37] INFO  com.intuit.karate - [print] testing xlinkurl:
13:26:48.553 [ForkJoinPool-1-worker-37] ERROR com.intuit.karate - org.apache.http.client.ClientProtocolException, http call failed after 0 milliseconds for URL: 
13:26:48.553 [ForkJoinPool-1-worker-37] ERROR com.intuit.karate - http request failed: 
org.apache.http.client.ClientProtocolException
13:26:48.553 [ForkJoinPool-1-worker-37] ERROR com.intuit.karate - feature call (loop) failed at index: 99
caller: classpath:InspireTest/def/checkxlinkurl.template.feature
arg: {"link":""}
checkxlinkurl.template.feature:21 - 
org.apache.http.client.ClientProtocolException
13:26:48.554 [ForkJoinPool-1-worker-37] INFO  com.intuit.karate - [print] testing xlinkurl:
13:26:48.555 [ForkJoinPool-1-worker-37] ERROR com.intuit.karate - org.apache.http.client.ClientProtocolException, http call failed after 0 milliseconds for URL: 
13:26:48.555 [ForkJoinPool-1-worker-37] ERROR com.intuit.karate - http request failed: 
org.apache.http.client.ClientProtocolException
13:26:48.555 [ForkJoinPool-1-worker-37] ERROR com.intuit.karate - feature call (loop) failed at index: 100
caller: classpath:InspireTest/def/checkxlinkurl.template.feature
arg: {"link":""}
checkxlinkurl.template.feature:21 - 
org.apache.http.client.ClientProtocolException
13:26:48.555 [ForkJoinPool-1-worker-37] INFO  com.intuit.karate - [print] testing xlinkurl:
13:26:48.556 [ForkJoinPool-1-worker-37] ERROR com.intuit.karate - org.apache.http.client.ClientProtocolException, http call failed after 0 milliseconds for URL: 
13:26:48.556 [ForkJoinPool-1-worker-37] ERROR com.intuit.karate - http request failed: 
org.apache.http.client.ClientProtocolException
13:26:48.556 [ForkJoinPool-1-worker-37] ERROR com.intuit.karate - feature call (loop) failed at index: 101
caller: classpath:InspireTest/def/checkxlinkurl.template.feature
arg: {"link":""}
checkxlinkurl.template.feature:21 - 
org.apache.http.client.ClientProtocolException
13:26:48.557 [ForkJoinPool-1-worker-37] INFO  com.intuit.karate - [print] testing xlinkurl:
13:26:48.557 [ForkJoinPool-1-worker-37] ERROR com.intuit.karate - org.apache.http.client.ClientProtocolException, http call failed after 0 milliseconds for URL: 
13:26:48.557 [ForkJoinPool-1-worker-37] ERROR com.intuit.karate - http request failed: 
org.apache.http.client.ClientProtocolException
13:26:48.557 [ForkJoinPool-1-worker-37] ERROR com.intuit.karate - feature call (loop) failed at index: 102
caller: classpath:InspireTest/def/checkxlinkurl.template.feature
arg: {"link":""}
checkxlinkurl.template.feature:21 - 
org.apache.http.client.ClientProtocolException
13:26:48.558 [ForkJoinPool-1-worker-37] INFO  com.intuit.karate - [print] testing xlinkurl:
13:26:48.563 [ForkJoinPool-1-worker-37] ERROR com.intuit.karate - org.apache.http.client.ClientProtocolException, http call failed after 0 milliseconds for URL: 
13:26:48.563 [ForkJoinPool-1-worker-37] ERROR com.intuit.karate - http request failed: 
org.apache.http.client.ClientProtocolException
13:26:48.563 [ForkJoinPool-1-worker-37] ERROR com.intuit.karate - feature call (loop) failed at index: 103
caller: classpath:InspireTest/def/checkxlinkurl.template.feature
arg: {"link":""}
checkxlinkurl.template.feature:21 - 
org.apache.http.client.ClientProtocolException
13:26:48.564 [ForkJoinPool-1-worker-37] INFO  com.intuit.karate - [print] testing xlinkurl:
13:26:48.567 [ForkJoinPool-1-worker-37] ERROR com.intuit.karate - org.apache.http.client.ClientProtocolException, http call failed after 0 milliseconds for URL: 
13:26:48.567 [ForkJoinPool-1-worker-37] ERROR com.intuit.karate - http request failed: 
org.apache.http.client.ClientProtocolException
13:26:48.567 [ForkJoinPool-1-worker-37] ERROR com.intuit.karate - feature call (loop) failed at index: 104
caller: classpath:InspireTest/def/checkxlinkurl.template.feature
arg: {"link":""}
checkxlinkurl.template.feature:21 - 
org.apache.http.client.ClientProtocolException
13:26:48.567 [ForkJoinPool-1-worker-37] INFO  com.intuit.karate - [print] testing xlinkurl:
13:26:48.568 [ForkJoinPool-1-worker-37] ERROR com.intuit.karate - org.apache.http.client.ClientProtocolException, http call failed after 0 milliseconds for URL: 
13:26:48.568 [ForkJoinPool-1-worker-37] ERROR com.intuit.karate - http request failed: 
org.apache.http.client.ClientProtocolException
13:26:48.568 [ForkJoinPool-1-worker-37] ERROR com.intuit.karate - feature call (loop) failed at index: 105
caller: classpath:InspireTest/def/checkxlinkurl.template.feature
arg: {"link":""}
checkxlinkurl.template.feature:21 - 
org.apache.http.client.ClientProtocolException
13:26:48.569 [ForkJoinPool-1-worker-37] INFO  com.intuit.karate - [print] testing xlinkurl:
13:26:48.569 [ForkJoinPool-1-worker-37] ERROR com.intuit.karate - org.apache.http.client.ClientProtocolException, http call failed after 0 milliseconds for URL: 
13:26:48.575 [ForkJoinPool-1-worker-37] ERROR com.intuit.karate - http request failed: 
org.apache.http.client.ClientProtocolException
13:26:48.575 [ForkJoinPool-1-worker-37] ERROR com.intuit.karate - feature call (loop) failed at index: 106
caller: classpath:InspireTest/def/checkxlinkurl.template.feature
arg: {"link":""}
checkxlinkurl.template.feature:21 - 
org.apache.http.client.ClientProtocolException
13:26:48.575 [ForkJoinPool-1-worker-37] INFO  com.intuit.karate - [print] testing xlinkurl:
13:26:48.576 [ForkJoinPool-1-worker-37] ERROR com.intuit.karate - org.apache.http.client.ClientProtocolException, http call failed after 0 milliseconds for URL: 
13:26:48.576 [ForkJoinPool-1-worker-37] ERROR com.intuit.karate - http request failed: 
org.apache.http.client.ClientProtocolException
13:26:48.576 [ForkJoinPool-1-worker-37] ERROR com.intuit.karate - feature call (loop) failed at index: 107
caller: classpath:InspireTest/def/checkxlinkurl.template.feature
arg: {"link":""}
checkxlinkurl.template.feature:21 - 
org.apache.http.client.ClientProtocolException
13:26:48.577 [ForkJoinPool-1-worker-37] INFO  com.intuit.karate - [print] testing xlinkurl:
13:26:48.577 [ForkJoinPool-1-worker-37] ERROR com.intuit.karate - org.apache.http.client.ClientProtocolException, http call failed after 0 milliseconds for URL: 
13:26:48.577 [ForkJoinPool-1-worker-37] ERROR com.intuit.karate - http request failed: 
org.apache.http.client.ClientProtocolException
13:26:48.578 [ForkJoinPool-1-worker-37] ERROR com.intuit.karate - feature call (loop) failed at index: 108
caller: classpath:InspireTest/def/checkxlinkurl.template.feature
arg: {"link":""}
checkxlinkurl.template.feature:21 - 
org.apache.http.client.ClientProtocolException
13:26:48.579 [ForkJoinPool-1-worker-37] INFO  com.intuit.karate - [print] testing xlinkurl:
13:26:48.580 [ForkJoinPool-1-worker-37] ERROR com.intuit.karate - org.apache.http.client.ClientProtocolException, http call failed after 0 milliseconds for URL: 
13:26:48.580 [ForkJoinPool-1-worker-37] ERROR com.intuit.karate - http request failed: 
org.apache.http.client.ClientProtocolException
13:26:48.580 [ForkJoinPool-1-worker-37] ERROR com.intuit.karate - feature call (loop) failed at index: 109
caller: classpath:InspireTest/def/checkxlinkurl.template.feature
arg: {"link":""}
checkxlinkurl.template.feature:21 - 
org.apache.http.client.ClientProtocolException
13:26:48.581 [ForkJoinPool-1-worker-37] INFO  com.intuit.karate - [print] testing xlinkurl:
13:26:48.589 [ForkJoinPool-1-worker-37] ERROR com.intuit.karate - org.apache.http.client.ClientProtocolException, http call failed after 0 milliseconds for URL: 
13:26:48.589 [ForkJoinPool-1-worker-37] ERROR com.intuit.karate - http request failed: 
org.apache.http.client.ClientProtocolException
13:26:48.589 [ForkJoinPool-1-worker-37] ERROR com.intuit.karate - feature call (loop) failed at index: 110
caller: classpath:InspireTest/def/checkxlinkurl.template.feature
arg: {"link":""}
checkxlinkurl.template.feature:21 - 
org.apache.http.client.ClientProtocolException
13:26:48.589 [ForkJoinPool-1-worker-37] INFO  com.intuit.karate - [print] testing xlinkurl:
13:26:48.590 [ForkJoinPool-1-worker-37] ERROR com.intuit.karate - org.apache.http.client.ClientProtocolException, http call failed after 0 milliseconds for URL: 
13:26:48.590 [ForkJoinPool-1-worker-37] ERROR com.intuit.karate - http request failed: 
org.apache.http.client.ClientProtocolException
13:26:48.590 [ForkJoinPool-1-worker-37] ERROR com.intuit.karate - feature call (loop) failed at index: 111
caller: classpath:InspireTest/def/checkxlinkurl.template.feature
arg: {"link":""}
checkxlinkurl.template.feature:21 - 
org.apache.http.client.ClientProtocolException
13:26:48.591 [ForkJoinPool-1-worker-37] INFO  com.intuit.karate - [print] testing xlinkurl:
13:26:48.591 [ForkJoinPool-1-worker-37] ERROR com.intuit.karate - org.apache.http.client.ClientProtocolException, http call failed after 0 milliseconds for URL: 
13:26:48.591 [ForkJoinPool-1-worker-37] ERROR com.intuit.karate - http request failed: 
org.apache.http.client.ClientProtocolException
13:26:48.591 [ForkJoinPool-1-worker-37] ERROR com.intuit.karate - feature call (loop) failed at index: 112
caller: classpath:InspireTest/def/checkxlinkurl.template.feature
arg: {"link":""}
checkxlinkurl.template.feature:21 - 
org.apache.http.client.ClientProtocolException
13:26:48.592 [ForkJoinPool-1-worker-37] INFO  com.intuit.karate - [print] testing xlinkurl:
13:26:48.593 [ForkJoinPool-1-worker-37] ERROR com.intuit.karate - org.apache.http.client.ClientProtocolException, http call failed after 0 milliseconds for URL: 
13:26:48.593 [ForkJoinPool-1-worker-37] ERROR com.intuit.karate - http request failed: 
org.apache.http.client.ClientProtocolException
13:26:48.594 [ForkJoinPool-1-worker-37] ERROR com.intuit.karate - feature call (loop) failed at index: 113
caller: classpath:InspireTest/def/checkxlinkurl.template.feature
arg: {"link":""}
checkxlinkurl.template.feature:21 - 
org.apache.http.client.ClientProtocolException
13:26:48.595 [ForkJoinPool-1-worker-37] INFO  com.intuit.karate - [print] testing xlinkurl:
13:26:48.596 [ForkJoinPool-1-worker-37] ERROR com.intuit.karate - org.apache.http.client.ClientProtocolException, http call failed after 0 milliseconds for URL: 
13:26:48.596 [ForkJoinPool-1-worker-37] ERROR com.intuit.karate - http request failed: 
org.apache.http.client.ClientProtocolException
13:26:48.596 [ForkJoinPool-1-worker-37] ERROR com.intuit.karate - feature call (loop) failed at index: 114
caller: classpath:InspireTest/def/checkxlinkurl.template.feature
arg: {"link":""}
checkxlinkurl.template.feature:21 - 
org.apache.http.client.ClientProtocolException
13:26:48.602 [ForkJoinPool-1-worker-37] INFO  com.intuit.karate - [print] testing xlinkurl:
13:26:48.617 [ForkJoinPool-1-worker-37] ERROR com.intuit.karate - org.apache.http.client.ClientProtocolException, http call failed after 0 milliseconds for URL: 
13:26:48.617 [ForkJoinPool-1-worker-37] ERROR com.intuit.karate - http request failed: 
org.apache.http.client.ClientProtocolException
13:26:48.617 [ForkJoinPool-1-worker-37] ERROR com.intuit.karate - feature call (loop) failed at index: 115
caller: classpath:InspireTest/def/checkxlinkurl.template.feature
arg: {"link":""}
checkxlinkurl.template.feature:21 - 
org.apache.http.client.ClientProtocolException
13:26:48.618 [ForkJoinPool-1-worker-37] INFO  com.intuit.karate - [print] testing xlinkurl:
13:26:48.618 [ForkJoinPool-1-worker-37] ERROR com.intuit.karate - org.apache.http.client.ClientProtocolException, http call failed after 0 milliseconds for URL: 
13:26:48.618 [ForkJoinPool-1-worker-37] ERROR com.intuit.karate - http request failed: 
org.apache.http.client.ClientProtocolException
13:26:48.619 [ForkJoinPool-1-worker-37] ERROR com.intuit.karate - feature call (loop) failed at index: 116
caller: classpath:InspireTest/def/checkxlinkurl.template.feature
arg: {"link":""}
checkxlinkurl.template.feature:21 - 
org.apache.http.client.ClientProtocolException
13:26:48.619 [ForkJoinPool-1-worker-37] INFO  com.intuit.karate - [print] testing xlinkurl:
13:26:48.620 [ForkJoinPool-1-worker-37] ERROR com.intuit.karate - org.apache.http.client.ClientProtocolException, http call failed after 0 milliseconds for URL: 
13:26:48.620 [ForkJoinPool-1-worker-37] ERROR com.intuit.karate - http request failed: 
org.apache.http.client.ClientProtocolException
13:26:48.620 [ForkJoinPool-1-worker-37] ERROR com.intuit.karate - feature call (loop) failed at index: 117
caller: classpath:InspireTest/def/checkxlinkurl.template.feature
arg: {"link":""}
checkxlinkurl.template.feature:21 - 
org.apache.http.client.ClientProtocolException
13:26:48.621 [ForkJoinPool-1-worker-37] INFO  com.intuit.karate - [print] testing xlinkurl:
13:26:48.621 [ForkJoinPool-1-worker-37] ERROR com.intuit.karate - org.apache.http.client.ClientProtocolException, http call failed after 0 milliseconds for URL: 
13:26:48.621 [ForkJoinPool-1-worker-37] ERROR com.intuit.karate - http request failed: 
org.apache.http.client.ClientProtocolException
13:26:48.621 [ForkJoinPool-1-worker-37] ERROR com.intuit.karate - feature call (loop) failed at index: 118
caller: classpath:InspireTest/def/checkxlinkurl.template.feature
arg: {"link":""}
checkxlinkurl.template.feature:21 - 
org.apache.http.client.ClientProtocolException
13:26:48.622 [ForkJoinPool-1-worker-37] INFO  com.intuit.karate - [print] testing xlinkurl:
13:26:48.622 [ForkJoinPool-1-worker-37] ERROR com.intuit.karate - org.apache.http.client.ClientProtocolException, http call failed after 0 milliseconds for URL: 
13:26:48.623 [ForkJoinPool-1-worker-37] ERROR com.intuit.karate - http request failed: 
org.apache.http.client.ClientProtocolException
13:26:48.623 [ForkJoinPool-1-worker-37] ERROR com.intuit.karate - feature call (loop) failed at index: 119
caller: classpath:InspireTest/def/checkxlinkurl.template.feature
arg: {"link":""}
checkxlinkurl.template.feature:21 - 
org.apache.http.client.ClientProtocolException
13:26:48.624 [ForkJoinPool-1-worker-37] INFO  com.intuit.karate - [print] testing xlinkurl:
13:26:48.624 [ForkJoinPool-1-worker-37] ERROR com.intuit.karate - org.apache.http.client.ClientProtocolException, http call failed after 0 milliseconds for URL: 
13:26:48.624 [ForkJoinPool-1-worker-37] ERROR com.intuit.karate - http request failed: 
org.apache.http.client.ClientProtocolException
13:26:48.624 [ForkJoinPool-1-worker-37] ERROR com.intuit.karate - feature call (loop) failed at index: 120
caller: classpath:InspireTest/def/checkxlinkurl.template.feature
arg: {"link":""}
checkxlinkurl.template.feature:21 - 
org.apache.http.client.ClientProtocolException
13:26:48.625 [ForkJoinPool-1-worker-37] INFO  com.intuit.karate - [print] testing xlinkurl:
13:26:48.630 [ForkJoinPool-1-worker-37] ERROR com.intuit.karate - org.apache.http.client.ClientProtocolException, http call failed after 0 milliseconds for URL: 
13:26:48.630 [ForkJoinPool-1-worker-37] ERROR com.intuit.karate - http request failed: 
org.apache.http.client.ClientProtocolException
13:26:48.630 [ForkJoinPool-1-worker-37] ERROR com.intuit.karate - feature call (loop) failed at index: 121
caller: classpath:InspireTest/def/checkxlinkurl.template.feature
arg: {"link":""}
checkxlinkurl.template.feature:21 - 
org.apache.http.client.ClientProtocolException
13:26:48.630 [ForkJoinPool-1-worker-37] INFO  com.intuit.karate - [print] testing xlinkurl:
13:26:48.631 [ForkJoinPool-1-worker-37] ERROR com.intuit.karate - org.apache.http.client.ClientProtocolException, http call failed after 0 milliseconds for URL: 
13:26:48.631 [ForkJoinPool-1-worker-37] ERROR com.intuit.karate - http request failed: 
org.apache.http.client.ClientProtocolException
13:26:48.631 [ForkJoinPool-1-worker-37] ERROR com.intuit.karate - feature call (loop) failed at index: 122
caller: classpath:InspireTest/def/checkxlinkurl.template.feature
arg: {"link":""}
checkxlinkurl.template.feature:21 - 
org.apache.http.client.ClientProtocolException
13:26:48.632 [ForkJoinPool-1-worker-37] INFO  com.intuit.karate - [print] testing xlinkurl:
13:26:48.632 [ForkJoinPool-1-worker-37] ERROR com.intuit.karate - org.apache.http.client.ClientProtocolException, http call failed after 0 milliseconds for URL: 
13:26:48.632 [ForkJoinPool-1-worker-37] ERROR com.intuit.karate - http request failed: 
org.apache.http.client.ClientProtocolException
13:26:48.632 [ForkJoinPool-1-worker-37] ERROR com.intuit.karate - feature call (loop) failed at index: 123
caller: classpath:InspireTest/def/checkxlinkurl.template.feature
arg: {"link":""}
checkxlinkurl.template.feature:21 - 
org.apache.http.client.ClientProtocolException
13:26:48.633 [ForkJoinPool-1-worker-37] INFO  com.intuit.karate - [print] testing xlinkurl:
13:26:48.641 [ForkJoinPool-1-worker-37] ERROR com.intuit.karate - org.apache.http.client.ClientProtocolException, http call failed after 0 milliseconds for URL: 
13:26:48.641 [ForkJoinPool-1-worker-37] ERROR com.intuit.karate - http request failed: 
org.apache.http.client.ClientProtocolException
13:26:48.641 [ForkJoinPool-1-worker-37] ERROR com.intuit.karate - feature call (loop) failed at index: 124
caller: classpath:InspireTest/def/checkxlinkurl.template.feature
arg: {"link":""}
checkxlinkurl.template.feature:21 - 
org.apache.http.client.ClientProtocolException
13:26:48.641 [ForkJoinPool-1-worker-37] INFO  com.intuit.karate - [print] testing xlinkurl:
13:26:48.643 [ForkJoinPool-1-worker-37] ERROR com.intuit.karate - org.apache.http.client.ClientProtocolException, http call failed after 0 milliseconds for URL: 
13:26:48.643 [ForkJoinPool-1-worker-37] ERROR com.intuit.karate - http request failed: 
org.apache.http.client.ClientProtocolException
13:26:48.644 [ForkJoinPool-1-worker-37] ERROR com.intuit.karate - feature call (loop) failed at index: 125
caller: classpath:InspireTest/def/checkxlinkurl.template.feature
arg: {"link":""}
checkxlinkurl.template.feature:21 - 
org.apache.http.client.ClientProtocolException
13:26:48.645 [ForkJoinPool-1-worker-37] INFO  com.intuit.karate - [print] testing xlinkurl:
13:26:48.647 [ForkJoinPool-1-worker-37] ERROR com.intuit.karate - org.apache.http.client.ClientProtocolException, http call failed after 0 milliseconds for URL: 
13:26:48.647 [ForkJoinPool-1-worker-37] ERROR com.intuit.karate - http request failed: 
org.apache.http.client.ClientProtocolException
13:26:48.648 [ForkJoinPool-1-worker-37] ERROR com.intuit.karate - feature call (loop) failed at index: 126
caller: classpath:InspireTest/def/checkxlinkurl.template.feature
arg: {"link":""}
checkxlinkurl.template.feature:21 - 
org.apache.http.client.ClientProtocolException
13:26:48.650 [ForkJoinPool-1-worker-37] INFO  com.intuit.karate - [print] testing xlinkurl:
13:26:48.650 [ForkJoinPool-1-worker-37] ERROR com.intuit.karate - org.apache.http.client.ClientProtocolException, http call failed after 0 milliseconds for URL: 
13:26:48.650 [ForkJoinPool-1-worker-37] ERROR com.intuit.karate - http request failed: 
org.apache.http.client.ClientProtocolException
13:26:48.651 [ForkJoinPool-1-worker-37] ERROR com.intuit.karate - feature call (loop) failed at index: 127
caller: classpath:InspireTest/def/checkxlinkurl.template.feature
arg: {"link":""}
checkxlinkurl.template.feature:21 - 
org.apache.http.client.ClientProtocolException
13:26:48.651 [ForkJoinPool-1-worker-37] INFO  com.intuit.karate - [print] testing xlinkurl:
13:26:48.652 [ForkJoinPool-1-worker-37] ERROR com.intuit.karate - org.apache.http.client.ClientProtocolException, http call failed after 0 milliseconds for URL: 
13:26:48.660 [ForkJoinPool-1-worker-37] ERROR com.intuit.karate - http request failed: 
org.apache.http.client.ClientProtocolException
13:26:48.660 [ForkJoinPool-1-worker-37] ERROR com.intuit.karate - feature call (loop) failed at index: 128
caller: classpath:InspireTest/def/checkxlinkurl.template.feature
arg: {"link":""}
checkxlinkurl.template.feature:21 - 
org.apache.http.client.ClientProtocolException
13:26:48.661 [ForkJoinPool-1-worker-37] INFO  com.intuit.karate - [print] testing xlinkurl:
13:26:48.661 [ForkJoinPool-1-worker-37] ERROR com.intuit.karate - org.apache.http.client.ClientProtocolException, http call failed after 0 milliseconds for URL: 
13:26:48.661 [ForkJoinPool-1-worker-37] ERROR com.intuit.karate - http request failed: 
org.apache.http.client.ClientProtocolException
13:26:48.662 [ForkJoinPool-1-worker-37] ERROR com.intuit.karate - feature call (loop) failed at index: 129
caller: classpath:InspireTest/def/checkxlinkurl.template.feature
arg: {"link":""}
checkxlinkurl.template.feature:21 - 
org.apache.http.client.ClientProtocolException
13:26:48.662 [ForkJoinPool-1-worker-37] INFO  com.intuit.karate - [print] testing xlinkurl:
13:26:48.663 [ForkJoinPool-1-worker-37] ERROR com.intuit.karate - org.apache.http.client.ClientProtocolException, http call failed after 0 milliseconds for URL: 
13:26:48.663 [ForkJoinPool-1-worker-37] ERROR com.intuit.karate - http request failed: 
org.apache.http.client.ClientProtocolException
13:26:48.663 [ForkJoinPool-1-worker-37] ERROR com.intuit.karate - feature call (loop) failed at index: 130
caller: classpath:InspireTest/def/checkxlinkurl.template.feature
arg: {"link":""}
checkxlinkurl.template.feature:21 - 
org.apache.http.client.ClientProtocolException
13:26:48.664 [ForkJoinPool-1-worker-37] INFO  com.intuit.karate - [print] testing xlinkurl:
13:26:48.664 [ForkJoinPool-1-worker-37] ERROR com.intuit.karate - org.apache.http.client.ClientProtocolException, http call failed after 0 milliseconds for URL: 
13:26:48.664 [ForkJoinPool-1-worker-37] ERROR com.intuit.karate - http request failed: 
org.apache.http.client.ClientProtocolException
13:26:48.664 [ForkJoinPool-1-worker-37] ERROR com.intuit.karate - feature call (loop) failed at index: 131
caller: classpath:InspireTest/def/checkxlinkurl.template.feature
arg: {"link":""}
checkxlinkurl.template.feature:21 - 
org.apache.http.client.ClientProtocolException
13:26:48.665 [ForkJoinPool-1-worker-37] INFO  com.intuit.karate - [print] testing xlinkurl:
13:26:48.665 [ForkJoinPool-1-worker-37] ERROR com.intuit.karate - org.apache.http.client.ClientProtocolException, http call failed after 0 milliseconds for URL: 
13:26:48.665 [ForkJoinPool-1-worker-37] ERROR com.intuit.karate - http request failed: 
org.apache.http.client.ClientProtocolException
13:26:48.666 [ForkJoinPool-1-worker-37] ERROR com.intuit.karate - feature call (loop) failed at index: 132
caller: classpath:InspireTest/def/checkxlinkurl.template.feature
arg: {"link":""}
checkxlinkurl.template.feature:21 - 
org.apache.http.client.ClientProtocolException
13:26:48.666 [ForkJoinPool-1-worker-37] INFO  com.intuit.karate - [print] testing xlinkurl:
13:26:48.667 [ForkJoinPool-1-worker-37] ERROR com.intuit.karate - org.apache.http.client.ClientProtocolException, http call failed after 0 milliseconds for URL: 
13:26:48.667 [ForkJoinPool-1-worker-37] ERROR com.intuit.karate - http request failed: 
org.apache.http.client.ClientProtocolException
13:26:48.667 [ForkJoinPool-1-worker-37] ERROR com.intuit.karate - feature call (loop) failed at index: 133
caller: classpath:InspireTest/def/checkxlinkurl.template.feature
arg: {"link":""}
checkxlinkurl.template.feature:21 - 
org.apache.http.client.ClientProtocolException
13:26:48.667 [ForkJoinPool-1-worker-37] INFO  com.intuit.karate - [print] testing xlinkurl:
13:26:48.668 [ForkJoinPool-1-worker-37] ERROR com.intuit.karate - org.apache.http.client.ClientProtocolException, http call failed after 0 milliseconds for URL: 
13:26:48.672 [ForkJoinPool-1-worker-37] ERROR com.intuit.karate - http request failed: 
org.apache.http.client.ClientProtocolException
13:26:48.672 [ForkJoinPool-1-worker-37] ERROR com.intuit.karate - feature call (loop) failed at index: 134
caller: classpath:InspireTest/def/checkxlinkurl.template.feature
arg: {"link":""}
checkxlinkurl.template.feature:21 - 
org.apache.http.client.ClientProtocolException
13:26:48.673 [ForkJoinPool-1-worker-37] INFO  com.intuit.karate - [print] testing xlinkurl:
13:26:48.674 [ForkJoinPool-1-worker-37] ERROR com.intuit.karate - org.apache.http.client.ClientProtocolException, http call failed after 0 milliseconds for URL: 
13:26:48.674 [ForkJoinPool-1-worker-37] ERROR com.intuit.karate - http request failed: 
org.apache.http.client.ClientProtocolException
13:26:48.674 [ForkJoinPool-1-worker-37] ERROR com.intuit.karate - feature call (loop) failed at index: 135
caller: classpath:InspireTest/def/checkxlinkurl.template.feature
arg: {"link":""}
checkxlinkurl.template.feature:21 - 
org.apache.http.client.ClientProtocolException
13:26:48.674 [ForkJoinPool-1-worker-37] INFO  com.intuit.karate - [print] testing xlinkurl:
13:26:48.675 [ForkJoinPool-1-worker-37] ERROR com.intuit.karate - org.apache.http.client.ClientProtocolException, http call failed after 0 milliseconds for URL: 
13:26:48.675 [ForkJoinPool-1-worker-37] ERROR com.intuit.karate - http request failed: 
org.apache.http.client.ClientProtocolException
13:26:48.675 [ForkJoinPool-1-worker-37] ERROR com.intuit.karate - feature call (loop) failed at index: 136
caller: classpath:InspireTest/def/checkxlinkurl.template.feature
arg: {"link":""}
checkxlinkurl.template.feature:21 - 
org.apache.http.client.ClientProtocolException
13:26:48.676 [ForkJoinPool-1-worker-37] INFO  com.intuit.karate - [print] testing xlinkurl:
13:26:48.676 [ForkJoinPool-1-worker-37] ERROR com.intuit.karate - org.apache.http.client.ClientProtocolException, http call failed after 0 milliseconds for URL: 
13:26:48.684 [ForkJoinPool-1-worker-37] ERROR com.intuit.karate - http request failed: 
org.apache.http.client.ClientProtocolException
13:26:48.684 [ForkJoinPool-1-worker-37] ERROR com.intuit.karate - feature call (loop) failed at index: 137
caller: classpath:InspireTest/def/checkxlinkurl.template.feature
arg: {"link":""}
checkxlinkurl.template.feature:21 - 
org.apache.http.client.ClientProtocolException
13:26:48.685 [ForkJoinPool-1-worker-37] INFO  com.intuit.karate - [print] testing xlinkurl:
13:26:48.685 [ForkJoinPool-1-worker-37] ERROR com.intuit.karate - org.apache.http.client.ClientProtocolException, http call failed after 0 milliseconds for URL: 
13:26:48.685 [ForkJoinPool-1-worker-37] ERROR com.intuit.karate - http request failed: 
org.apache.http.client.ClientProtocolException
13:26:48.685 [ForkJoinPool-1-worker-37] ERROR com.intuit.karate - feature call (loop) failed at index: 138
caller: classpath:InspireTest/def/checkxlinkurl.template.feature
arg: {"link":""}
checkxlinkurl.template.feature:21 - 
org.apache.http.client.ClientProtocolException
13:26:48.686 [ForkJoinPool-1-worker-37] INFO  com.intuit.karate - [print] testing xlinkurl:
13:26:48.687 [ForkJoinPool-1-worker-37] ERROR com.intuit.karate - org.apache.http.client.ClientProtocolException, http call failed after 0 milliseconds for URL: 
13:26:48.687 [ForkJoinPool-1-worker-37] ERROR com.intuit.karate - http request failed: 
org.apache.http.client.ClientProtocolException
13:26:48.687 [ForkJoinPool-1-worker-37] ERROR com.intuit.karate - feature call (loop) failed at index: 139
caller: classpath:InspireTest/def/checkxlinkurl.template.feature
arg: {"link":""}
checkxlinkurl.template.feature:21 - 
org.apache.http.client.ClientProtocolException
13:26:48.687 [ForkJoinPool-1-worker-37] INFO  com.intuit.karate - [print] testing xlinkurl:
13:26:48.688 [ForkJoinPool-1-worker-37] ERROR com.intuit.karate - org.apache.http.client.ClientProtocolException, http call failed after 0 milliseconds for URL: 
13:26:48.688 [ForkJoinPool-1-worker-37] ERROR com.intuit.karate - http request failed: 
org.apache.http.client.ClientProtocolException
13:26:48.688 [ForkJoinPool-1-worker-37] ERROR com.intuit.karate - feature call (loop) failed at index: 140
caller: classpath:InspireTest/def/checkxlinkurl.template.feature
arg: {"link":""}
checkxlinkurl.template.feature:21 - 
org.apache.http.client.ClientProtocolException
13:26:48.689 [ForkJoinPool-1-worker-37] INFO  com.intuit.karate - [print] testing xlinkurl:
13:26:48.690 [ForkJoinPool-1-worker-37] ERROR com.intuit.karate - org.apache.http.client.ClientProtocolException, http call failed after 0 milliseconds for URL: 
13:26:48.690 [ForkJoinPool-1-worker-37] ERROR com.intuit.karate - http request failed: 
org.apache.http.client.ClientProtocolException
13:26:48.690 [ForkJoinPool-1-worker-37] ERROR com.intuit.karate - feature call (loop) failed at index: 141
caller: classpath:InspireTest/def/checkxlinkurl.template.feature
arg: {"link":""}
checkxlinkurl.template.feature:21 - 
org.apache.http.client.ClientProtocolException
13:26:48.691 [ForkJoinPool-1-worker-37] INFO  com.intuit.karate - [print] testing xlinkurl:
13:26:48.691 [ForkJoinPool-1-worker-37] ERROR com.intuit.karate - org.apache.http.client.ClientProtocolException, http call failed after 0 milliseconds for URL: 
13:26:48.691 [ForkJoinPool-1-worker-37] ERROR com.intuit.karate - http request failed: 
org.apache.http.client.ClientProtocolException
13:26:48.691 [ForkJoinPool-1-worker-37] ERROR com.intuit.karate - feature call (loop) failed at index: 142
caller: classpath:InspireTest/def/checkxlinkurl.template.feature
arg: {"link":""}
checkxlinkurl.template.feature:21 - 
org.apache.http.client.ClientProtocolException
13:26:48.692 [ForkJoinPool-1-worker-37] INFO  com.intuit.karate - [print] testing xlinkurl:
13:26:48.692 [ForkJoinPool-1-worker-37] ERROR com.intuit.karate - org.apache.http.client.ClientProtocolException, http call failed after 0 milliseconds for URL: 
13:26:48.693 [ForkJoinPool-1-worker-37] ERROR com.intuit.karate - http request failed: 
org.apache.http.client.ClientProtocolException
13:26:48.700 [ForkJoinPool-1-worker-37] ERROR com.intuit.karate - feature call (loop) failed at index: 143
caller: classpath:InspireTest/def/checkxlinkurl.template.feature
arg: {"link":""}
checkxlinkurl.template.feature:21 - 
org.apache.http.client.ClientProtocolException
13:26:48.701 [ForkJoinPool-1-worker-37] INFO  com.intuit.karate - [print] testing xlinkurl:
13:26:48.701 [ForkJoinPool-1-worker-37] ERROR com.intuit.karate - org.apache.http.client.ClientProtocolException, http call failed after 0 milliseconds for URL: 
13:26:48.702 [ForkJoinPool-1-worker-37] ERROR com.intuit.karate - http request failed: 
org.apache.http.client.ClientProtocolException
13:26:48.702 [ForkJoinPool-1-worker-37] ERROR com.intuit.karate - feature call (loop) failed at index: 144
caller: classpath:InspireTest/def/checkxlinkurl.template.feature
arg: {"link":""}
checkxlinkurl.template.feature:21 - 
org.apache.http.client.ClientProtocolException
13:26:48.703 [ForkJoinPool-1-worker-45] ERROR com.intuit.karate - assertion failed: path: $, actual: 404, expected: 200, reason: not equal (Integer)
13:26:48.703 [ForkJoinPool-1-worker-45] ERROR com.intuit.karate - feature call (loop) failed at index: 0
caller: classpath:InspireTest/def/checkxlinkurl.template.feature
arg: {"link":"http://rdfdata.eionet.europa.eu/inspirethemes/themes/33"}
checkxlinkurl.template.feature:28 - path: $, actual: 404, expected: 200, reason: not equal (Integer)
13:26:48.703 [ForkJoinPool-1-worker-45] INFO  com.intuit.karate - [print] testing xlinkurl:http://geonetwork-opensource.org/inspire-theme#
13:26:48.705 [ForkJoinPool-1-worker-37] INFO  com.intuit.karate - [print] testing xlinkurl:
13:26:48.705 [ForkJoinPool-1-worker-37] ERROR com.intuit.karate - org.apache.http.client.ClientProtocolException, http call failed after 0 milliseconds for URL: 
13:26:48.706 [ForkJoinPool-1-worker-37] ERROR com.intuit.karate - http request failed: 
org.apache.http.client.ClientProtocolException
13:26:48.706 [ForkJoinPool-1-worker-37] ERROR com.intuit.karate - feature call (loop) failed at index: 145
caller: classpath:InspireTest/def/checkxlinkurl.template.feature
arg: {"link":""}
checkxlinkurl.template.feature:21 - 
org.apache.http.client.ClientProtocolException
13:26:48.706 [ForkJoinPool-1-worker-37] INFO  com.intuit.karate - [print] testing xlinkurl:
13:26:48.707 [ForkJoinPool-1-worker-37] ERROR com.intuit.karate - org.apache.http.client.ClientProtocolException, http call failed after 0 milliseconds for URL: 
13:26:48.707 [ForkJoinPool-1-worker-37] ERROR com.intuit.karate - http request failed: 
org.apache.http.client.ClientProtocolException
13:26:48.707 [ForkJoinPool-1-worker-37] ERROR com.intuit.karate - feature call (loop) failed at index: 146
caller: classpath:InspireTest/def/checkxlinkurl.template.feature
arg: {"link":""}
checkxlinkurl.template.feature:21 - 
org.apache.http.client.ClientProtocolException
13:26:48.707 [ForkJoinPool-1-worker-37] INFO  com.intuit.karate - [print] testing xlinkurl:
13:26:48.708 [ForkJoinPool-1-worker-37] ERROR com.intuit.karate - org.apache.http.client.ClientProtocolException, http call failed after 0 milliseconds for URL: 
13:26:48.708 [ForkJoinPool-1-worker-37] ERROR com.intuit.karate - http request failed: 
org.apache.http.client.ClientProtocolException
13:26:48.708 [ForkJoinPool-1-worker-37] ERROR com.intuit.karate - feature call (loop) failed at index: 147
caller: classpath:InspireTest/def/checkxlinkurl.template.feature
arg: {"link":""}
checkxlinkurl.template.feature:21 - 
org.apache.http.client.ClientProtocolException
13:26:48.709 [ForkJoinPool-1-worker-37] INFO  com.intuit.karate - [print] testing xlinkurl:
13:26:48.709 [ForkJoinPool-1-worker-37] ERROR com.intuit.karate - org.apache.http.client.ClientProtocolException, http call failed after 0 milliseconds for URL: 
13:26:48.709 [ForkJoinPool-1-worker-37] ERROR com.intuit.karate - http request failed: 
org.apache.http.client.ClientProtocolException
13:26:48.709 [ForkJoinPool-1-worker-37] ERROR com.intuit.karate - feature call (loop) failed at index: 148
caller: classpath:InspireTest/def/checkxlinkurl.template.feature
arg: {"link":""}
checkxlinkurl.template.feature:21 - 
org.apache.http.client.ClientProtocolException
13:26:48.710 [ForkJoinPool-1-worker-37] INFO  com.intuit.karate - [print] testing xlinkurl:
13:26:48.728 [ForkJoinPool-1-worker-37] ERROR com.intuit.karate - org.apache.http.client.ClientProtocolException, http call failed after 0 milliseconds for URL: 
13:26:48.728 [ForkJoinPool-1-worker-37] ERROR com.intuit.karate - http request failed: 
org.apache.http.client.ClientProtocolException
13:26:48.732 [ForkJoinPool-1-worker-37] ERROR com.intuit.karate - feature call (loop) failed at index: 149
caller: classpath:InspireTest/def/checkxlinkurl.template.feature
arg: {"link":""}
checkxlinkurl.template.feature:21 - 
org.apache.http.client.ClientProtocolException
13:26:48.733 [ForkJoinPool-1-worker-37] INFO  com.intuit.karate - [print] testing xlinkurl:
13:26:48.734 [ForkJoinPool-1-worker-37] ERROR com.intuit.karate - org.apache.http.client.ClientProtocolException, http call failed after 0 milliseconds for URL: 
13:26:48.734 [ForkJoinPool-1-worker-37] ERROR com.intuit.karate - http request failed: 
org.apache.http.client.ClientProtocolException
13:26:48.734 [ForkJoinPool-1-worker-37] ERROR com.intuit.karate - feature call (loop) failed at index: 150
caller: classpath:InspireTest/def/checkxlinkurl.template.feature
arg: {"link":""}
checkxlinkurl.template.feature:21 - 
org.apache.http.client.ClientProtocolException
13:26:48.734 [ForkJoinPool-1-worker-37] INFO  com.intuit.karate - [print] testing xlinkurl:
13:26:48.735 [ForkJoinPool-1-worker-37] ERROR com.intuit.karate - org.apache.http.client.ClientProtocolException, http call failed after 0 milliseconds for URL: 
13:26:48.735 [ForkJoinPool-1-worker-37] ERROR com.intuit.karate - http request failed: 
org.apache.http.client.ClientProtocolException
13:26:48.735 [ForkJoinPool-1-worker-37] ERROR com.intuit.karate - feature call (loop) failed at index: 151
caller: classpath:InspireTest/def/checkxlinkurl.template.feature
arg: {"link":""}
checkxlinkurl.template.feature:21 - 
org.apache.http.client.ClientProtocolException
13:26:48.736 [ForkJoinPool-1-worker-37] INFO  com.intuit.karate - [print] testing xlinkurl:
13:26:48.740 [ForkJoinPool-1-worker-37] ERROR com.intuit.karate - org.apache.http.client.ClientProtocolException, http call failed after 0 milliseconds for URL: 
13:26:48.740 [ForkJoinPool-1-worker-37] ERROR com.intuit.karate - http request failed: 
org.apache.http.client.ClientProtocolException
13:26:48.741 [ForkJoinPool-1-worker-37] ERROR com.intuit.karate - feature call (loop) failed at index: 152
caller: classpath:InspireTest/def/checkxlinkurl.template.feature
arg: {"link":""}
checkxlinkurl.template.feature:21 - 
org.apache.http.client.ClientProtocolException
13:26:48.741 [ForkJoinPool-1-worker-37] INFO  com.intuit.karate - [print] testing xlinkurl:
13:26:48.742 [ForkJoinPool-1-worker-37] ERROR com.intuit.karate - org.apache.http.client.ClientProtocolException, http call failed after 0 milliseconds for URL: 
13:26:48.742 [ForkJoinPool-1-worker-37] ERROR com.intuit.karate - http request failed: 
org.apache.http.client.ClientProtocolException
13:26:48.742 [ForkJoinPool-1-worker-37] ERROR com.intuit.karate - feature call (loop) failed at index: 153
caller: classpath:InspireTest/def/checkxlinkurl.template.feature
arg: {"link":""}
checkxlinkurl.template.feature:21 - 
org.apache.http.client.ClientProtocolException
13:26:48.748 [ForkJoinPool-1-worker-37] INFO  com.intuit.karate - [print] testing xlinkurl:
13:26:48.748 [ForkJoinPool-1-worker-23] ERROR com.intuit.karate - assertion failed: path: $, actual: 404, expected: 200, reason: not equal (Integer)
13:26:48.748 [ForkJoinPool-1-worker-23] ERROR com.intuit.karate - feature call (loop) failed at index: 0
caller: classpath:InspireTest/def/checkxlinkurl.template.feature
arg: {"link":"http://rdfdata.eionet.europa.eu/inspirethemes/themes/33"}
checkxlinkurl.template.feature:28 - path: $, actual: 404, expected: 200, reason: not equal (Integer)
13:26:48.749 [ForkJoinPool-1-worker-37] ERROR com.intuit.karate - org.apache.http.client.ClientProtocolException, http call failed after 0 milliseconds for URL: 
13:26:48.749 [ForkJoinPool-1-worker-37] ERROR com.intuit.karate - http request failed: 
org.apache.http.client.ClientProtocolException
13:26:48.749 [ForkJoinPool-1-worker-23] INFO  com.intuit.karate - [print] testing xlinkurl:http://geonetwork-opensource.org/inspire-theme#
13:26:48.749 [ForkJoinPool-1-worker-37] ERROR com.intuit.karate - feature call (loop) failed at index: 154
caller: classpath:InspireTest/def/checkxlinkurl.template.feature
arg: {"link":""}
checkxlinkurl.template.feature:21 - 
org.apache.http.client.ClientProtocolException
13:26:48.750 [ForkJoinPool-1-worker-37] INFO  com.intuit.karate - [print] testing xlinkurl:
13:26:48.751 [ForkJoinPool-1-worker-37] ERROR com.intuit.karate - org.apache.http.client.ClientProtocolException, http call failed after 0 milliseconds for URL: 
13:26:48.753 [ForkJoinPool-1-worker-37] ERROR com.intuit.karate - http request failed: 
org.apache.http.client.ClientProtocolException
13:26:48.753 [ForkJoinPool-1-worker-37] ERROR com.intuit.karate - feature call (loop) failed at index: 155
caller: classpath:InspireTest/def/checkxlinkurl.template.feature
arg: {"link":""}
checkxlinkurl.template.feature:21 - 
org.apache.http.client.ClientProtocolException
13:26:48.754 [ForkJoinPool-1-worker-37] INFO  com.intuit.karate - [print] testing xlinkurl:
13:26:48.756 [ForkJoinPool-1-worker-37] ERROR com.intuit.karate - org.apache.http.client.ClientProtocolException, http call failed after 0 milliseconds for URL: 
13:26:48.758 [ForkJoinPool-1-worker-37] ERROR com.intuit.karate - http request failed: 
org.apache.http.client.ClientProtocolException
13:26:48.759 [ForkJoinPool-1-worker-37] ERROR com.intuit.karate - feature call (loop) failed at index: 156
caller: classpath:InspireTest/def/checkxlinkurl.template.feature
arg: {"link":""}
checkxlinkurl.template.feature:21 - 
org.apache.http.client.ClientProtocolException
13:26:48.760 [ForkJoinPool-1-worker-37] INFO  com.intuit.karate - [print] testing xlinkurl:
13:26:48.762 [ForkJoinPool-1-worker-37] ERROR com.intuit.karate - org.apache.http.client.ClientProtocolException, http call failed after 0 milliseconds for URL: 
13:26:48.764 [ForkJoinPool-1-worker-37] ERROR com.intuit.karate - http request failed: 
org.apache.http.client.ClientProtocolException
13:26:48.765 [ForkJoinPool-1-worker-37] ERROR com.intuit.karate - feature call (loop) failed at index: 157
caller: classpath:InspireTest/def/checkxlinkurl.template.feature
arg: {"link":""}
checkxlinkurl.template.feature:21 - 
org.apache.http.client.ClientProtocolException
13:26:48.765 [ForkJoinPool-1-worker-37] INFO  com.intuit.karate - [print] testing xlinkurl:
13:26:48.771 [ForkJoinPool-1-worker-37] ERROR com.intuit.karate - org.apache.http.client.ClientProtocolException, http call failed after 0 milliseconds for URL: 
13:26:48.771 [ForkJoinPool-1-worker-37] ERROR com.intuit.karate - http request failed: 
org.apache.http.client.ClientProtocolException
13:26:48.771 [ForkJoinPool-1-worker-37] ERROR com.intuit.karate - feature call (loop) failed at index: 158
caller: classpath:InspireTest/def/checkxlinkurl.template.feature
arg: {"link":""}
checkxlinkurl.template.feature:21 - 
org.apache.http.client.ClientProtocolException
13:26:48.775 [ForkJoinPool-1-worker-37] INFO  com.intuit.karate - [print] testing xlinkurl:
13:26:48.777 [ForkJoinPool-1-worker-37] ERROR com.intuit.karate - org.apache.http.client.ClientProtocolException, http call failed after 0 milliseconds for URL: 
13:26:48.777 [ForkJoinPool-1-worker-37] ERROR com.intuit.karate - http request failed: 
org.apache.http.client.ClientProtocolException
13:26:48.777 [ForkJoinPool-1-worker-37] ERROR com.intuit.karate - feature call (loop) failed at index: 159
caller: classpath:InspireTest/def/checkxlinkurl.template.feature
arg: {"link":""}
checkxlinkurl.template.feature:21 - 
org.apache.http.client.ClientProtocolException
13:26:48.788 [ForkJoinPool-1-worker-37] INFO  com.intuit.karate - [print] testing xlinkurl:
13:26:48.789 [ForkJoinPool-1-worker-37] ERROR com.intuit.karate - org.apache.http.client.ClientProtocolException, http call failed after 0 milliseconds for URL: 
13:26:48.789 [ForkJoinPool-1-worker-37] ERROR com.intuit.karate - http request failed: 
org.apache.http.client.ClientProtocolException
13:26:48.789 [ForkJoinPool-1-worker-37] ERROR com.intuit.karate - feature call (loop) failed at index: 160
caller: classpath:InspireTest/def/checkxlinkurl.template.feature
arg: {"link":""}
checkxlinkurl.template.feature:21 - 
org.apache.http.client.ClientProtocolException
13:26:48.789 [ForkJoinPool-1-worker-37] INFO  com.intuit.karate - [print] testing xlinkurl:
13:26:48.790 [ForkJoinPool-1-worker-37] ERROR com.intuit.karate - org.apache.http.client.ClientProtocolException, http call failed after 0 milliseconds for URL: 
13:26:48.790 [ForkJoinPool-1-worker-37] ERROR com.intuit.karate - http request failed: 
org.apache.http.client.ClientProtocolException
13:26:48.790 [ForkJoinPool-1-worker-37] ERROR com.intuit.karate - feature call (loop) failed at index: 161
caller: classpath:InspireTest/def/checkxlinkurl.template.feature
arg: {"link":""}
checkxlinkurl.template.feature:21 - 
org.apache.http.client.ClientProtocolException
13:26:48.791 [ForkJoinPool-1-worker-37] INFO  com.intuit.karate - [print] testing xlinkurl:
13:26:48.791 [ForkJoinPool-1-worker-37] ERROR com.intuit.karate - org.apache.http.client.ClientProtocolException, http call failed after 0 milliseconds for URL: 
13:26:48.791 [ForkJoinPool-1-worker-37] ERROR com.intuit.karate - http request failed: 
org.apache.http.client.ClientProtocolException
13:26:48.791 [ForkJoinPool-1-worker-37] ERROR com.intuit.karate - feature call (loop) failed at index: 162
caller: classpath:InspireTest/def/checkxlinkurl.template.feature
arg: {"link":""}
checkxlinkurl.template.feature:21 - 
org.apache.http.client.ClientProtocolException
13:26:48.796 [ForkJoinPool-1-worker-37] INFO  com.intuit.karate - [print] testing xlinkurl:
13:26:48.800 [ForkJoinPool-1-worker-37] ERROR com.intuit.karate - org.apache.http.client.ClientProtocolException, http call failed after 0 milliseconds for URL: 
13:26:48.800 [ForkJoinPool-1-worker-37] ERROR com.intuit.karate - http request failed: 
org.apache.http.client.ClientProtocolException
13:26:48.800 [ForkJoinPool-1-worker-37] ERROR com.intuit.karate - feature call (loop) failed at index: 163
caller: classpath:InspireTest/def/checkxlinkurl.template.feature
arg: {"link":""}
checkxlinkurl.template.feature:21 - 
org.apache.http.client.ClientProtocolException
13:26:48.801 [ForkJoinPool-1-worker-37] INFO  com.intuit.karate - [print] testing xlinkurl:
13:26:48.802 [ForkJoinPool-1-worker-37] ERROR com.intuit.karate - org.apache.http.client.ClientProtocolException, http call failed after 0 milliseconds for URL: 
13:26:48.802 [ForkJoinPool-1-worker-37] ERROR com.intuit.karate - http request failed: 
org.apache.http.client.ClientProtocolException
13:26:48.802 [ForkJoinPool-1-worker-37] ERROR com.intuit.karate - feature call (loop) failed at index: 164
caller: classpath:InspireTest/def/checkxlinkurl.template.feature
arg: {"link":""}
checkxlinkurl.template.feature:21 - 
org.apache.http.client.ClientProtocolException
13:26:48.803 [ForkJoinPool-1-worker-37] INFO  com.intuit.karate - [print] testing xlinkurl:
13:26:48.803 [ForkJoinPool-1-worker-37] ERROR com.intuit.karate - org.apache.http.client.ClientProtocolException, http call failed after 0 milliseconds for URL: 
13:26:48.803 [ForkJoinPool-1-worker-37] ERROR com.intuit.karate - http request failed: 
org.apache.http.client.ClientProtocolException
13:26:48.803 [ForkJoinPool-1-worker-37] ERROR com.intuit.karate - feature call (loop) failed at index: 165
caller: classpath:InspireTest/def/checkxlinkurl.template.feature
arg: {"link":""}
checkxlinkurl.template.feature:21 - 
org.apache.http.client.ClientProtocolException
13:26:48.804 [ForkJoinPool-1-worker-37] INFO  com.intuit.karate - [print] testing xlinkurl:
13:26:48.804 [ForkJoinPool-1-worker-37] ERROR com.intuit.karate - org.apache.http.client.ClientProtocolException, http call failed after 0 milliseconds for URL: 
13:26:48.804 [ForkJoinPool-1-worker-37] ERROR com.intuit.karate - http request failed: 
org.apache.http.client.ClientProtocolException
13:26:48.804 [ForkJoinPool-1-worker-37] ERROR com.intuit.karate - feature call (loop) failed at index: 166
caller: classpath:InspireTest/def/checkxlinkurl.template.feature
arg: {"link":""}
checkxlinkurl.template.feature:21 - 
org.apache.http.client.ClientProtocolException
13:26:48.805 [ForkJoinPool-1-worker-37] INFO  com.intuit.karate - [print] testing xlinkurl:
13:26:48.806 [ForkJoinPool-1-worker-37] ERROR com.intuit.karate - org.apache.http.client.ClientProtocolException, http call failed after 0 milliseconds for URL: 
13:26:48.806 [ForkJoinPool-1-worker-37] ERROR com.intuit.karate - http request failed: 
org.apache.http.client.ClientProtocolException
13:26:48.812 [ForkJoinPool-1-worker-37] ERROR com.intuit.karate - feature call (loop) failed at index: 167
caller: classpath:InspireTest/def/checkxlinkurl.template.feature
arg: {"link":""}
checkxlinkurl.template.feature:21 - 
org.apache.http.client.ClientProtocolException
13:26:48.832 [ForkJoinPool-1-worker-37] INFO  com.intuit.karate - [print] testing xlinkurl:
13:26:48.832 [ForkJoinPool-1-worker-37] ERROR com.intuit.karate - org.apache.http.client.ClientProtocolException, http call failed after 0 milliseconds for URL: 
13:26:48.833 [ForkJoinPool-1-worker-37] ERROR com.intuit.karate - http request failed: 
org.apache.http.client.ClientProtocolException
13:26:48.833 [ForkJoinPool-1-worker-37] ERROR com.intuit.karate - feature call (loop) failed at index: 168
caller: classpath:InspireTest/def/checkxlinkurl.template.feature
arg: {"link":""}
checkxlinkurl.template.feature:21 - 
org.apache.http.client.ClientProtocolException
13:26:48.834 [ForkJoinPool-1-worker-37] INFO  com.intuit.karate - [print] testing xlinkurl:
13:26:48.834 [ForkJoinPool-1-worker-37] ERROR com.intuit.karate - org.apache.http.client.ClientProtocolException, http call failed after 0 milliseconds for URL: 
13:26:48.834 [ForkJoinPool-1-worker-37] ERROR com.intuit.karate - http request failed: 
org.apache.http.client.ClientProtocolException
13:26:48.834 [ForkJoinPool-1-worker-37] ERROR com.intuit.karate - feature call (loop) failed at index: 169
caller: classpath:InspireTest/def/checkxlinkurl.template.feature
arg: {"link":""}
checkxlinkurl.template.feature:21 - 
org.apache.http.client.ClientProtocolException
13:26:48.835 [ForkJoinPool-1-worker-37] INFO  com.intuit.karate - [print] testing xlinkurl:
13:26:48.837 [ForkJoinPool-1-worker-37] ERROR com.intuit.karate - org.apache.http.client.ClientProtocolException, http call failed after 0 milliseconds for URL: 
13:26:48.837 [ForkJoinPool-1-worker-37] ERROR com.intuit.karate - http request failed: 
org.apache.http.client.ClientProtocolException
13:26:48.837 [ForkJoinPool-1-worker-37] ERROR com.intuit.karate - feature call (loop) failed at index: 170
caller: classpath:InspireTest/def/checkxlinkurl.template.feature
arg: {"link":""}
checkxlinkurl.template.feature:21 - 
org.apache.http.client.ClientProtocolException
13:26:48.837 [ForkJoinPool-1-worker-37] INFO  com.intuit.karate - [print] testing xlinkurl:
13:26:48.839 [ForkJoinPool-1-worker-37] ERROR com.intuit.karate - org.apache.http.client.ClientProtocolException, http call failed after 0 milliseconds for URL: 
13:26:48.839 [ForkJoinPool-1-worker-37] ERROR com.intuit.karate - http request failed: 
org.apache.http.client.ClientProtocolException
13:26:48.839 [ForkJoinPool-1-worker-37] ERROR com.intuit.karate - feature call (loop) failed at index: 171
caller: classpath:InspireTest/def/checkxlinkurl.template.feature
arg: {"link":""}
checkxlinkurl.template.feature:21 - 
org.apache.http.client.ClientProtocolException
13:26:48.840 [ForkJoinPool-1-worker-37] INFO  com.intuit.karate - [print] testing xlinkurl:
13:26:48.841 [ForkJoinPool-1-worker-37] ERROR com.intuit.karate - org.apache.http.client.ClientProtocolException, http call failed after 0 milliseconds for URL: 
13:26:48.841 [ForkJoinPool-1-worker-37] ERROR com.intuit.karate - http request failed: 
org.apache.http.client.ClientProtocolException
13:26:48.841 [ForkJoinPool-1-worker-37] ERROR com.intuit.karate - feature call (loop) failed at index: 172
caller: classpath:InspireTest/def/checkxlinkurl.template.feature
arg: {"link":""}
checkxlinkurl.template.feature:21 - 
org.apache.http.client.ClientProtocolException
13:26:48.841 [ForkJoinPool-1-worker-37] INFO  com.intuit.karate - [print] testing xlinkurl:
13:26:48.845 [ForkJoinPool-1-worker-37] ERROR com.intuit.karate - org.apache.http.client.ClientProtocolException, http call failed after 0 milliseconds for URL: 
13:26:48.845 [ForkJoinPool-1-worker-37] ERROR com.intuit.karate - http request failed: 
org.apache.http.client.ClientProtocolException
13:26:48.845 [ForkJoinPool-1-worker-37] ERROR com.intuit.karate - feature call (loop) failed at index: 173
caller: classpath:InspireTest/def/checkxlinkurl.template.feature
arg: {"link":""}
checkxlinkurl.template.feature:21 - 
org.apache.http.client.ClientProtocolException
13:26:48.846 [ForkJoinPool-1-worker-37] INFO  com.intuit.karate - [print] testing xlinkurl:
13:26:48.848 [ForkJoinPool-1-worker-37] ERROR com.intuit.karate - org.apache.http.client.ClientProtocolException, http call failed after 0 milliseconds for URL: 
13:26:48.848 [ForkJoinPool-1-worker-37] ERROR com.intuit.karate - http request failed: 
org.apache.http.client.ClientProtocolException
13:26:48.848 [ForkJoinPool-1-worker-37] ERROR com.intuit.karate - feature call (loop) failed at index: 174
caller: classpath:InspireTest/def/checkxlinkurl.template.feature
arg: {"link":""}
checkxlinkurl.template.feature:21 - 
org.apache.http.client.ClientProtocolException
13:26:48.849 [ForkJoinPool-1-worker-37] INFO  com.intuit.karate - [print] testing xlinkurl:
13:26:48.851 [ForkJoinPool-1-worker-37] ERROR com.intuit.karate - org.apache.http.client.ClientProtocolException, http call failed after 0 milliseconds for URL: 
13:26:48.851 [ForkJoinPool-1-worker-37] ERROR com.intuit.karate - http request failed: 
org.apache.http.client.ClientProtocolException
13:26:48.851 [ForkJoinPool-1-worker-37] ERROR com.intuit.karate - feature call (loop) failed at index: 175
caller: classpath:InspireTest/def/checkxlinkurl.template.feature
arg: {"link":""}
checkxlinkurl.template.feature:21 - 
org.apache.http.client.ClientProtocolException
13:26:48.853 [ForkJoinPool-1-worker-37] INFO  com.intuit.karate - [print] testing xlinkurl:
13:26:48.854 [ForkJoinPool-1-worker-37] ERROR com.intuit.karate - org.apache.http.client.ClientProtocolException, http call failed after 0 milliseconds for URL: 
13:26:48.854 [ForkJoinPool-1-worker-37] ERROR com.intuit.karate - http request failed: 
org.apache.http.client.ClientProtocolException
13:26:48.854 [ForkJoinPool-1-worker-37] ERROR com.intuit.karate - feature call (loop) failed at index: 176
caller: classpath:InspireTest/def/checkxlinkurl.template.feature
arg: {"link":""}
checkxlinkurl.template.feature:21 - 
org.apache.http.client.ClientProtocolException
13:26:48.855 [ForkJoinPool-1-worker-37] INFO  com.intuit.karate - [print] testing xlinkurl:
13:26:48.857 [ForkJoinPool-1-worker-37] ERROR com.intuit.karate - org.apache.http.client.ClientProtocolException, http call failed after 0 milliseconds for URL: 
13:26:48.857 [ForkJoinPool-1-worker-37] ERROR com.intuit.karate - http request failed: 
org.apache.http.client.ClientProtocolException
13:26:48.857 [ForkJoinPool-1-worker-37] ERROR com.intuit.karate - feature call (loop) failed at index: 177
caller: classpath:InspireTest/def/checkxlinkurl.template.feature
arg: {"link":""}
checkxlinkurl.template.feature:21 - 
org.apache.http.client.ClientProtocolException
13:26:48.860 [ForkJoinPool-1-worker-37] INFO  com.intuit.karate - [print] testing xlinkurl:
13:26:48.860 [ForkJoinPool-1-worker-37] ERROR com.intuit.karate - org.apache.http.client.ClientProtocolException, http call failed after 0 milliseconds for URL: 
13:26:48.860 [ForkJoinPool-1-worker-37] ERROR com.intuit.karate - http request failed: 
org.apache.http.client.ClientProtocolException
13:26:48.860 [ForkJoinPool-1-worker-37] ERROR com.intuit.karate - feature call (loop) failed at index: 178
caller: classpath:InspireTest/def/checkxlinkurl.template.feature
arg: {"link":""}
checkxlinkurl.template.feature:21 - 
org.apache.http.client.ClientProtocolException
13:26:48.862 [ForkJoinPool-1-worker-37] INFO  com.intuit.karate - [print] testing xlinkurl:
13:26:48.862 [ForkJoinPool-1-worker-37] ERROR com.intuit.karate - org.apache.http.client.ClientProtocolException, http call failed after 0 milliseconds for URL: 
13:26:48.862 [ForkJoinPool-1-worker-37] ERROR com.intuit.karate - http request failed: 
org.apache.http.client.ClientProtocolException
13:26:48.862 [ForkJoinPool-1-worker-37] ERROR com.intuit.karate - feature call (loop) failed at index: 179
caller: classpath:InspireTest/def/checkxlinkurl.template.feature
arg: {"link":""}
checkxlinkurl.template.feature:21 - 
org.apache.http.client.ClientProtocolException
13:26:48.866 [ForkJoinPool-1-worker-37] INFO  com.intuit.karate - [print] testing xlinkurl:
13:26:48.866 [ForkJoinPool-1-worker-37] ERROR com.intuit.karate - org.apache.http.client.ClientProtocolException, http call failed after 0 milliseconds for URL: 
13:26:48.866 [ForkJoinPool-1-worker-37] ERROR com.intuit.karate - http request failed: 
org.apache.http.client.ClientProtocolException
13:26:48.866 [ForkJoinPool-1-worker-37] ERROR com.intuit.karate - feature call (loop) failed at index: 180
caller: classpath:InspireTest/def/checkxlinkurl.template.feature
arg: {"link":""}
checkxlinkurl.template.feature:21 - 
org.apache.http.client.ClientProtocolException
13:26:48.867 [ForkJoinPool-1-worker-37] INFO  com.intuit.karate - [print] testing xlinkurl:
13:26:48.870 [ForkJoinPool-1-worker-37] ERROR com.intuit.karate - org.apache.http.client.ClientProtocolException, http call failed after 0 milliseconds for URL: 
13:26:48.870 [ForkJoinPool-1-worker-37] ERROR com.intuit.karate - http request failed: 
org.apache.http.client.ClientProtocolException
13:26:48.870 [ForkJoinPool-1-worker-37] ERROR com.intuit.karate - feature call (loop) failed at index: 181
caller: classpath:InspireTest/def/checkxlinkurl.template.feature
arg: {"link":""}
checkxlinkurl.template.feature:21 - 
org.apache.http.client.ClientProtocolException
13:26:48.871 [ForkJoinPool-1-worker-37] INFO  com.intuit.karate - [print] testing xlinkurl:
13:26:48.871 [ForkJoinPool-1-worker-37] ERROR com.intuit.karate - org.apache.http.client.ClientProtocolException, http call failed after 0 milliseconds for URL: 
13:26:48.871 [ForkJoinPool-1-worker-37] ERROR com.intuit.karate - http request failed: 
org.apache.http.client.ClientProtocolException
13:26:48.872 [ForkJoinPool-1-worker-37] ERROR com.intuit.karate - feature call (loop) failed at index: 182
caller: classpath:InspireTest/def/checkxlinkurl.template.feature
arg: {"link":""}
checkxlinkurl.template.feature:21 - 
org.apache.http.client.ClientProtocolException
13:26:48.874 [ForkJoinPool-1-worker-37] INFO  com.intuit.karate - [print] testing xlinkurl:
13:26:48.875 [ForkJoinPool-1-worker-37] ERROR com.intuit.karate - org.apache.http.client.ClientProtocolException, http call failed after 0 milliseconds for URL: 
13:26:48.875 [ForkJoinPool-1-worker-37] ERROR com.intuit.karate - http request failed: 
org.apache.http.client.ClientProtocolException
13:26:48.875 [ForkJoinPool-1-worker-37] ERROR com.intuit.karate - feature call (loop) failed at index: 183
caller: classpath:InspireTest/def/checkxlinkurl.template.feature
arg: {"link":""}
checkxlinkurl.template.feature:21 - 
org.apache.http.client.ClientProtocolException
13:26:48.876 [ForkJoinPool-1-worker-37] INFO  com.intuit.karate - [print] testing xlinkurl:
13:26:48.879 [ForkJoinPool-1-worker-37] ERROR com.intuit.karate - org.apache.http.client.ClientProtocolException, http call failed after 0 milliseconds for URL: 
13:26:48.879 [ForkJoinPool-1-worker-37] ERROR com.intuit.karate - http request failed: 
org.apache.http.client.ClientProtocolException
13:26:48.879 [ForkJoinPool-1-worker-37] ERROR com.intuit.karate - feature call (loop) failed at index: 184
caller: classpath:InspireTest/def/checkxlinkurl.template.feature
arg: {"link":""}
checkxlinkurl.template.feature:21 - 
org.apache.http.client.ClientProtocolException
13:26:48.880 [ForkJoinPool-1-worker-37] INFO  com.intuit.karate - [print] testing xlinkurl:
13:26:48.881 [ForkJoinPool-1-worker-37] ERROR com.intuit.karate - org.apache.http.client.ClientProtocolException, http call failed after 0 milliseconds for URL: 
13:26:48.881 [ForkJoinPool-1-worker-37] ERROR com.intuit.karate - http request failed: 
org.apache.http.client.ClientProtocolException
13:26:48.881 [ForkJoinPool-1-worker-37] ERROR com.intuit.karate - feature call (loop) failed at index: 185
caller: classpath:InspireTest/def/checkxlinkurl.template.feature
arg: {"link":""}
checkxlinkurl.template.feature:21 - 
org.apache.http.client.ClientProtocolException
13:26:48.883 [ForkJoinPool-1-worker-37] INFO  com.intuit.karate - [print] testing xlinkurl:
13:26:48.884 [ForkJoinPool-1-worker-37] ERROR com.intuit.karate - org.apache.http.client.ClientProtocolException, http call failed after 0 milliseconds for URL: 
13:26:48.884 [ForkJoinPool-1-worker-37] ERROR com.intuit.karate - http request failed: 
org.apache.http.client.ClientProtocolException
13:26:48.884 [ForkJoinPool-1-worker-37] ERROR com.intuit.karate - feature call (loop) failed at index: 186
caller: classpath:InspireTest/def/checkxlinkurl.template.feature
arg: {"link":""}
checkxlinkurl.template.feature:21 - 
org.apache.http.client.ClientProtocolException
13:26:48.885 [ForkJoinPool-1-worker-37] INFO  com.intuit.karate - [print] testing xlinkurl:
13:26:48.885 [ForkJoinPool-1-worker-37] ERROR com.intuit.karate - org.apache.http.client.ClientProtocolException, http call failed after 0 milliseconds for URL: 
13:26:48.887 [ForkJoinPool-1-worker-37] ERROR com.intuit.karate - http request failed: 
org.apache.http.client.ClientProtocolException
13:26:48.887 [ForkJoinPool-1-worker-37] ERROR com.intuit.karate - feature call (loop) failed at index: 187
caller: classpath:InspireTest/def/checkxlinkurl.template.feature
arg: {"link":""}
checkxlinkurl.template.feature:21 - 
org.apache.http.client.ClientProtocolException
13:26:48.887 [ForkJoinPool-1-worker-37] INFO  com.intuit.karate - [print] testing xlinkurl:
13:26:48.889 [ForkJoinPool-1-worker-37] ERROR com.intuit.karate - org.apache.http.client.ClientProtocolException, http call failed after 0 milliseconds for URL: 
13:26:48.889 [ForkJoinPool-1-worker-37] ERROR com.intuit.karate - http request failed: 
org.apache.http.client.ClientProtocolException
13:26:48.889 [ForkJoinPool-1-worker-37] ERROR com.intuit.karate - feature call (loop) failed at index: 188
caller: classpath:InspireTest/def/checkxlinkurl.template.feature
arg: {"link":""}
checkxlinkurl.template.feature:21 - 
org.apache.http.client.ClientProtocolException
13:26:48.891 [ForkJoinPool-1-worker-37] INFO  com.intuit.karate - [print] testing xlinkurl:
13:26:48.893 [ForkJoinPool-1-worker-37] ERROR com.intuit.karate - org.apache.http.client.ClientProtocolException, http call failed after 0 milliseconds for URL: 
13:26:48.893 [ForkJoinPool-1-worker-37] ERROR com.intuit.karate - http request failed: 
org.apache.http.client.ClientProtocolException
13:26:48.893 [ForkJoinPool-1-worker-37] ERROR com.intuit.karate - feature call (loop) failed at index: 189
caller: classpath:InspireTest/def/checkxlinkurl.template.feature
arg: {"link":""}
checkxlinkurl.template.feature:21 - 
org.apache.http.client.ClientProtocolException
13:26:48.894 [ForkJoinPool-1-worker-37] INFO  com.intuit.karate - [print] testing xlinkurl:
13:26:48.895 [ForkJoinPool-1-worker-37] ERROR com.intuit.karate - org.apache.http.client.ClientProtocolException, http call failed after 0 milliseconds for URL: 
13:26:48.895 [ForkJoinPool-1-worker-37] ERROR com.intuit.karate - http request failed: 
org.apache.http.client.ClientProtocolException
13:26:48.895 [ForkJoinPool-1-worker-37] ERROR com.intuit.karate - feature call (loop) failed at index: 190
caller: classpath:InspireTest/def/checkxlinkurl.template.feature
arg: {"link":""}
checkxlinkurl.template.feature:21 - 
org.apache.http.client.ClientProtocolException
13:26:48.897 [ForkJoinPool-1-worker-37] INFO  com.intuit.karate - [print] testing xlinkurl:
13:26:48.899 [ForkJoinPool-1-worker-37] ERROR com.intuit.karate - org.apache.http.client.ClientProtocolException, http call failed after 0 milliseconds for URL: 
13:26:48.900 [ForkJoinPool-1-worker-37] ERROR com.intuit.karate - http request failed: 
org.apache.http.client.ClientProtocolException
13:26:48.900 [ForkJoinPool-1-worker-37] ERROR com.intuit.karate - feature call (loop) failed at index: 191
caller: classpath:InspireTest/def/checkxlinkurl.template.feature
arg: {"link":""}
checkxlinkurl.template.feature:21 - 
org.apache.http.client.ClientProtocolException
13:26:48.905 [ForkJoinPool-1-worker-37] INFO  com.intuit.karate - [print] testing xlinkurl:
13:26:48.905 [ForkJoinPool-1-worker-37] ERROR com.intuit.karate - org.apache.http.client.ClientProtocolException, http call failed after 0 milliseconds for URL: 
13:26:48.905 [ForkJoinPool-1-worker-37] ERROR com.intuit.karate - http request failed: 
org.apache.http.client.ClientProtocolException
13:26:48.905 [ForkJoinPool-1-worker-37] ERROR com.intuit.karate - feature call (loop) failed at index: 192
caller: classpath:InspireTest/def/checkxlinkurl.template.feature
arg: {"link":""}
checkxlinkurl.template.feature:21 - 
org.apache.http.client.ClientProtocolException
13:26:48.906 [ForkJoinPool-1-worker-37] INFO  com.intuit.karate - [print] testing xlinkurl:
13:26:48.906 [ForkJoinPool-1-worker-37] ERROR com.intuit.karate - org.apache.http.client.ClientProtocolException, http call failed after 0 milliseconds for URL: 
13:26:48.906 [ForkJoinPool-1-worker-37] ERROR com.intuit.karate - http request failed: 
org.apache.http.client.ClientProtocolException
13:26:48.907 [ForkJoinPool-1-worker-37] ERROR com.intuit.karate - feature call (loop) failed at index: 193
caller: classpath:InspireTest/def/checkxlinkurl.template.feature
arg: {"link":""}
checkxlinkurl.template.feature:21 - 
org.apache.http.client.ClientProtocolException
13:26:48.907 [ForkJoinPool-1-worker-37] INFO  com.intuit.karate - [print] testing xlinkurl:
13:26:48.908 [ForkJoinPool-1-worker-37] ERROR com.intuit.karate - org.apache.http.client.ClientProtocolException, http call failed after 0 milliseconds for URL: 
13:26:48.908 [ForkJoinPool-1-worker-37] ERROR com.intuit.karate - http request failed: 
org.apache.http.client.ClientProtocolException
13:26:48.908 [ForkJoinPool-1-worker-37] ERROR com.intuit.karate - feature call (loop) failed at index: 194
caller: classpath:InspireTest/def/checkxlinkurl.template.feature
arg: {"link":""}
checkxlinkurl.template.feature:21 - 
org.apache.http.client.ClientProtocolException
13:26:48.908 [ForkJoinPool-1-worker-37] INFO  com.intuit.karate - [print] testing xlinkurl:
13:26:48.909 [ForkJoinPool-1-worker-37] ERROR com.intuit.karate - org.apache.http.client.ClientProtocolException, http call failed after 0 milliseconds for URL: 
13:26:48.909 [ForkJoinPool-1-worker-37] ERROR com.intuit.karate - http request failed: 
org.apache.http.client.ClientProtocolException
13:26:48.909 [ForkJoinPool-1-worker-37] ERROR com.intuit.karate - feature call (loop) failed at index: 195
caller: classpath:InspireTest/def/checkxlinkurl.template.feature
arg: {"link":""}
checkxlinkurl.template.feature:21 - 
org.apache.http.client.ClientProtocolException
13:26:48.909 [ForkJoinPool-1-worker-37] INFO  com.intuit.karate - [print] testing xlinkurl:
13:26:48.910 [ForkJoinPool-1-worker-37] ERROR com.intuit.karate - org.apache.http.client.ClientProtocolException, http call failed after 0 milliseconds for URL: 
13:26:48.910 [ForkJoinPool-1-worker-37] ERROR com.intuit.karate - http request failed: 
org.apache.http.client.ClientProtocolException
13:26:48.910 [ForkJoinPool-1-worker-37] ERROR com.intuit.karate - feature call (loop) failed at index: 196
caller: classpath:InspireTest/def/checkxlinkurl.template.feature
arg: {"link":""}
checkxlinkurl.template.feature:21 - 
org.apache.http.client.ClientProtocolException
13:26:48.911 [ForkJoinPool-1-worker-37] INFO  com.intuit.karate - [print] testing xlinkurl:
13:26:48.911 [ForkJoinPool-1-worker-37] ERROR com.intuit.karate - org.apache.http.client.ClientProtocolException, http call failed after 0 milliseconds for URL: 
13:26:48.911 [ForkJoinPool-1-worker-37] ERROR com.intuit.karate - http request failed: 
org.apache.http.client.ClientProtocolException
13:26:48.911 [ForkJoinPool-1-worker-37] ERROR com.intuit.karate - feature call (loop) failed at index: 197
caller: classpath:InspireTest/def/checkxlinkurl.template.feature
arg: {"link":""}
checkxlinkurl.template.feature:21 - 
org.apache.http.client.ClientProtocolException
13:26:48.912 [ForkJoinPool-1-worker-37] INFO  com.intuit.karate - [print] testing xlinkurl:
13:26:48.919 [ForkJoinPool-1-worker-37] ERROR com.intuit.karate - org.apache.http.client.ClientProtocolException, http call failed after 0 milliseconds for URL: 
13:26:48.919 [ForkJoinPool-1-worker-37] ERROR com.intuit.karate - http request failed: 
org.apache.http.client.ClientProtocolException
13:26:48.919 [ForkJoinPool-1-worker-37] ERROR com.intuit.karate - feature call (loop) failed at index: 198
caller: classpath:InspireTest/def/checkxlinkurl.template.feature
arg: {"link":""}
checkxlinkurl.template.feature:21 - 
org.apache.http.client.ClientProtocolException
13:26:48.919 [ForkJoinPool-1-worker-37] INFO  com.intuit.karate - [print] testing xlinkurl:
13:26:48.920 [ForkJoinPool-1-worker-37] ERROR com.intuit.karate - org.apache.http.client.ClientProtocolException, http call failed after 0 milliseconds for URL: 
13:26:48.920 [ForkJoinPool-1-worker-37] ERROR com.intuit.karate - http request failed: 
org.apache.http.client.ClientProtocolException
13:26:48.920 [ForkJoinPool-1-worker-37] ERROR com.intuit.karate - feature call (loop) failed at index: 199
caller: classpath:InspireTest/def/checkxlinkurl.template.feature
arg: {"link":""}
checkxlinkurl.template.feature:21 - 
org.apache.http.client.ClientProtocolException
13:26:48.921 [ForkJoinPool-1-worker-37] INFO  com.intuit.karate - [print] testing xlinkurl:
13:26:48.921 [ForkJoinPool-1-worker-37] ERROR com.intuit.karate - org.apache.http.client.ClientProtocolException, http call failed after 0 milliseconds for URL: 
13:26:48.921 [ForkJoinPool-1-worker-37] ERROR com.intuit.karate - http request failed: 
org.apache.http.client.ClientProtocolException
13:26:48.921 [ForkJoinPool-1-worker-37] ERROR com.intuit.karate - feature call (loop) failed at index: 200
caller: classpath:InspireTest/def/checkxlinkurl.template.feature
arg: {"link":""}
checkxlinkurl.template.feature:21 - 
org.apache.http.client.ClientProtocolException
13:26:48.922 [ForkJoinPool-1-worker-37] INFO  com.intuit.karate - [print] testing xlinkurl:
13:26:48.922 [ForkJoinPool-1-worker-37] ERROR com.intuit.karate - org.apache.http.client.ClientProtocolException, http call failed after 0 milliseconds for URL: 
13:26:48.923 [ForkJoinPool-1-worker-37] ERROR com.intuit.karate - http request failed: 
org.apache.http.client.ClientProtocolException
13:26:48.923 [ForkJoinPool-1-worker-37] ERROR com.intuit.karate - feature call (loop) failed at index: 201
caller: classpath:InspireTest/def/checkxlinkurl.template.feature
arg: {"link":""}
checkxlinkurl.template.feature:21 - 
org.apache.http.client.ClientProtocolException
13:26:48.943 [ForkJoinPool-1-worker-37] INFO  com.intuit.karate - [print] testing xlinkurl:
13:26:48.944 [ForkJoinPool-1-worker-37] ERROR com.intuit.karate - org.apache.http.client.ClientProtocolException, http call failed after 0 milliseconds for URL: 
13:26:48.944 [ForkJoinPool-1-worker-37] ERROR com.intuit.karate - http request failed: 
org.apache.http.client.ClientProtocolException
13:26:48.944 [ForkJoinPool-1-worker-37] ERROR com.intuit.karate - feature call (loop) failed at index: 202
caller: classpath:InspireTest/def/checkxlinkurl.template.feature
arg: {"link":""}
checkxlinkurl.template.feature:21 - 
org.apache.http.client.ClientProtocolException
13:26:48.945 [ForkJoinPool-1-worker-37] INFO  com.intuit.karate - [print] testing xlinkurl:
13:26:48.945 [ForkJoinPool-1-worker-37] ERROR com.intuit.karate - org.apache.http.client.ClientProtocolException, http call failed after 0 milliseconds for URL: 
13:26:48.945 [ForkJoinPool-1-worker-37] ERROR com.intuit.karate - http request failed: 
org.apache.http.client.ClientProtocolException
13:26:48.945 [ForkJoinPool-1-worker-37] ERROR com.intuit.karate - feature call (loop) failed at index: 203
caller: classpath:InspireTest/def/checkxlinkurl.template.feature
arg: {"link":""}
checkxlinkurl.template.feature:21 - 
org.apache.http.client.ClientProtocolException
13:26:48.946 [ForkJoinPool-1-worker-37] INFO  com.intuit.karate - [print] testing xlinkurl:
13:26:48.961 [ForkJoinPool-1-worker-37] ERROR com.intuit.karate - org.apache.http.client.ClientProtocolException, http call failed after 0 milliseconds for URL: 
13:26:48.961 [ForkJoinPool-1-worker-37] ERROR com.intuit.karate - http request failed: 
org.apache.http.client.ClientProtocolException
13:26:48.961 [ForkJoinPool-1-worker-37] ERROR com.intuit.karate - feature call (loop) failed at index: 204
caller: classpath:InspireTest/def/checkxlinkurl.template.feature
arg: {"link":""}
checkxlinkurl.template.feature:21 - 
org.apache.http.client.ClientProtocolException
13:26:48.962 [ForkJoinPool-1-worker-37] INFO  com.intuit.karate - [print] testing xlinkurl:
13:26:48.964 [ForkJoinPool-1-worker-37] ERROR com.intuit.karate - org.apache.http.client.ClientProtocolException, http call failed after 0 milliseconds for URL: 
13:26:48.964 [ForkJoinPool-1-worker-37] ERROR com.intuit.karate - http request failed: 
org.apache.http.client.ClientProtocolException
13:26:48.964 [ForkJoinPool-1-worker-37] ERROR com.intuit.karate - feature call (loop) failed at index: 205
caller: classpath:InspireTest/def/checkxlinkurl.template.feature
arg: {"link":""}
checkxlinkurl.template.feature:21 - 
org.apache.http.client.ClientProtocolException
13:26:48.965 [ForkJoinPool-1-worker-37] INFO  com.intuit.karate - [print] testing xlinkurl:
13:26:48.965 [ForkJoinPool-1-worker-37] ERROR com.intuit.karate - org.apache.http.client.ClientProtocolException, http call failed after 0 milliseconds for URL: 
13:26:48.965 [ForkJoinPool-1-worker-37] ERROR com.intuit.karate - http request failed: 
org.apache.http.client.ClientProtocolException
13:26:48.966 [ForkJoinPool-1-worker-37] ERROR com.intuit.karate - feature call (loop) failed at index: 206
caller: classpath:InspireTest/def/checkxlinkurl.template.feature
arg: {"link":""}
checkxlinkurl.template.feature:21 - 
org.apache.http.client.ClientProtocolException
13:26:48.987 [ForkJoinPool-1-worker-37] INFO  com.intuit.karate - [print] testing xlinkurl:
13:26:48.987 [ForkJoinPool-1-worker-37] ERROR com.intuit.karate - org.apache.http.client.ClientProtocolException, http call failed after 0 milliseconds for URL: 
13:26:48.989 [ForkJoinPool-1-worker-37] ERROR com.intuit.karate - http request failed: 
org.apache.http.client.ClientProtocolException
13:26:48.989 [ForkJoinPool-1-worker-37] ERROR com.intuit.karate - feature call (loop) failed at index: 207
caller: classpath:InspireTest/def/checkxlinkurl.template.feature
arg: {"link":""}
checkxlinkurl.template.feature:21 - 
org.apache.http.client.ClientProtocolException
13:26:48.990 [ForkJoinPool-1-worker-37] INFO  com.intuit.karate - [print] testing xlinkurl:
13:26:48.991 [ForkJoinPool-1-worker-37] ERROR com.intuit.karate - org.apache.http.client.ClientProtocolException, http call failed after 0 milliseconds for URL: 
13:26:48.991 [ForkJoinPool-1-worker-37] ERROR com.intuit.karate - http request failed: 
org.apache.http.client.ClientProtocolException
13:26:48.991 [ForkJoinPool-1-worker-37] ERROR com.intuit.karate - feature call (loop) failed at index: 208
caller: classpath:InspireTest/def/checkxlinkurl.template.feature
arg: {"link":""}
checkxlinkurl.template.feature:21 - 
org.apache.http.client.ClientProtocolException
13:26:48.992 [ForkJoinPool-1-worker-37] INFO  com.intuit.karate - [print] testing xlinkurl:
13:26:48.992 [ForkJoinPool-1-worker-37] ERROR com.intuit.karate - org.apache.http.client.ClientProtocolException, http call failed after 0 milliseconds for URL: 
13:26:48.992 [ForkJoinPool-1-worker-37] ERROR com.intuit.karate - http request failed: 
org.apache.http.client.ClientProtocolException
13:26:48.993 [ForkJoinPool-1-worker-37] ERROR com.intuit.karate - feature call (loop) failed at index: 209
caller: classpath:InspireTest/def/checkxlinkurl.template.feature
arg: {"link":""}
checkxlinkurl.template.feature:21 - 
org.apache.http.client.ClientProtocolException
13:26:48.993 [ForkJoinPool-1-worker-37] INFO  com.intuit.karate - [print] testing xlinkurl:http://nationaalgeoregister.nl/geonetwork/srv/en/csw?service=CSW&version=2.0.2&request=GetRecordById&outputschema=http://www.isotc211.org/2005/gmd&elementsetname=full&id=977e0e94-7aa9-4784-b2da-eaec44adb61b#MD_DataIdentification
13:26:49.298 [ForkJoinPool-1-worker-45] ERROR com.intuit.karate - assertion failed: path: $, actual: 404, expected: 200, reason: not equal (Integer)
13:26:49.299 [ForkJoinPool-1-worker-45] ERROR com.intuit.karate - feature call (loop) failed at index: 1
caller: classpath:InspireTest/def/checkxlinkurl.template.feature
arg: {"link":"http://geonetwork-opensource.org/inspire-theme#"}
checkxlinkurl.template.feature:28 - path: $, actual: 404, expected: 200, reason: not equal (Integer)
13:26:49.300 [ForkJoinPool-1-worker-45] INFO  com.intuit.karate - [print] testing xlinkurl:http://inspire.ec.europa.eu/metadata-codelist/SpatialDataServiceCategory/infoMapAccessService
13:26:49.342 [ForkJoinPool-1-worker-23] ERROR com.intuit.karate - assertion failed: path: $, actual: 404, expected: 200, reason: not equal (Integer)
13:26:49.342 [ForkJoinPool-1-worker-23] ERROR com.intuit.karate - feature call (loop) failed at index: 1
caller: classpath:InspireTest/def/checkxlinkurl.template.feature
arg: {"link":"http://geonetwork-opensource.org/inspire-theme#"}
checkxlinkurl.template.feature:28 - path: $, actual: 404, expected: 200, reason: not equal (Integer)
13:26:49.343 [ForkJoinPool-1-worker-23] INFO  com.intuit.karate - [print] testing xlinkurl:http://inspire.ec.europa.eu/metadata-codelist/SpatialDataServiceCategory/infoFeatureAccessService
13:26:49.356 [ForkJoinPool-1-worker-51] INFO  com.intuit.karate - [print] testing xlinkurl:http://inspire.ec.europa.eu/metadata-codelist/SpatialDataServiceCategory/infoFeatureAccessService
13:26:49.520 [ForkJoinPool-1-worker-59] ERROR com.intuit.karate - java.net.SocketTimeoutException: Read timed out, http call failed after 5327 milliseconds for URL: http://inspire.ec.europa.eu/metadata-codelist/SpatialDataServiceCategory#
13:26:49.520 [ForkJoinPool-1-worker-59] ERROR com.intuit.karate - http request failed: 
java.net.SocketTimeoutException: Read timed out
13:26:49.520 [ForkJoinPool-1-worker-59] ERROR com.intuit.karate - feature call (loop) failed at index: 3
caller: classpath:InspireTest/def/checkxlinkurl.template.feature
arg: {"link":"http://inspire.ec.europa.eu/metadata-codelist/SpatialDataServiceCategory#"}
checkxlinkurl.template.feature:21 - 
java.net.SocketTimeoutException: Read timed out
13:26:49.521 [ForkJoinPool-1-worker-59] INFO  com.intuit.karate - [print] testing xlinkurl:https://www.nationaalgeoregister.nl/geonetwork/srv/eng/thesaurus.download?ref=external.theme.httpinspireeceuropaeumetadatacodelistSpatialDataServiceCategory-SpatialDataServiceCategory
13:26:49.805 [ForkJoinPool-1-worker-59] INFO  com.intuit.karate - [print] testing xlinkurl:
13:26:49.805 [ForkJoinPool-1-worker-59] ERROR com.intuit.karate - org.apache.http.client.ClientProtocolException, http call failed after 0 milliseconds for URL: 
13:26:49.805 [ForkJoinPool-1-worker-59] ERROR com.intuit.karate - http request failed: 
org.apache.http.client.ClientProtocolException
13:26:49.805 [ForkJoinPool-1-worker-59] ERROR com.intuit.karate - feature call (loop) failed at index: 5
caller: classpath:InspireTest/def/checkxlinkurl.template.feature
arg: {"link":""}
checkxlinkurl.template.feature:21 - 
org.apache.http.client.ClientProtocolException
13:26:49.806 [ForkJoinPool-1-worker-59] INFO  com.intuit.karate - [print] testing xlinkurl:
13:26:49.809 [ForkJoinPool-1-worker-59] ERROR com.intuit.karate - org.apache.http.client.ClientProtocolException, http call failed after 0 milliseconds for URL: 
13:26:49.810 [ForkJoinPool-1-worker-59] ERROR com.intuit.karate - http request failed: 
org.apache.http.client.ClientProtocolException
13:26:49.811 [ForkJoinPool-1-worker-59] ERROR com.intuit.karate - feature call (loop) failed at index: 6
caller: classpath:InspireTest/def/checkxlinkurl.template.feature
arg: {"link":""}
checkxlinkurl.template.feature:21 - 
org.apache.http.client.ClientProtocolException
13:26:49.813 [ForkJoinPool-1-worker-59] INFO  com.intuit.karate - [print] testing xlinkurl:
13:26:49.814 [ForkJoinPool-1-worker-59] ERROR com.intuit.karate - org.apache.http.client.ClientProtocolException, http call failed after 0 milliseconds for URL: 
13:26:49.814 [ForkJoinPool-1-worker-59] ERROR com.intuit.karate - http request failed: 
org.apache.http.client.ClientProtocolException
13:26:49.815 [ForkJoinPool-1-worker-59] ERROR com.intuit.karate - feature call (loop) failed at index: 7
caller: classpath:InspireTest/def/checkxlinkurl.template.feature
arg: {"link":""}
checkxlinkurl.template.feature:21 - 
org.apache.http.client.ClientProtocolException
13:26:49.816 [ForkJoinPool-1-worker-59] INFO  com.intuit.karate - [print] testing xlinkurl:
13:26:49.817 [ForkJoinPool-1-worker-59] ERROR com.intuit.karate - org.apache.http.client.ClientProtocolException, http call failed after 0 milliseconds for URL: 
13:26:49.818 [ForkJoinPool-1-worker-59] ERROR com.intuit.karate - http request failed: 
org.apache.http.client.ClientProtocolException
13:26:49.819 [ForkJoinPool-1-worker-59] ERROR com.intuit.karate - feature call (loop) failed at index: 8
caller: classpath:InspireTest/def/checkxlinkurl.template.feature
arg: {"link":""}
checkxlinkurl.template.feature:21 - 
org.apache.http.client.ClientProtocolException
13:26:49.821 [ForkJoinPool-1-worker-59] INFO  com.intuit.karate - [print] testing xlinkurl:
13:26:49.823 [ForkJoinPool-1-worker-59] ERROR com.intuit.karate - org.apache.http.client.ClientProtocolException, http call failed after 0 milliseconds for URL: 
13:26:49.824 [ForkJoinPool-1-worker-59] ERROR com.intuit.karate - http request failed: 
org.apache.http.client.ClientProtocolException
13:26:49.825 [ForkJoinPool-1-worker-59] ERROR com.intuit.karate - feature call (loop) failed at index: 9
caller: classpath:InspireTest/def/checkxlinkurl.template.feature
arg: {"link":""}
checkxlinkurl.template.feature:21 - 
org.apache.http.client.ClientProtocolException
13:26:49.828 [ForkJoinPool-1-worker-59] INFO  com.intuit.karate - [print] testing xlinkurl:
13:26:49.829 [ForkJoinPool-1-worker-59] ERROR com.intuit.karate - org.apache.http.client.ClientProtocolException, http call failed after 0 milliseconds for URL: 
13:26:49.831 [ForkJoinPool-1-worker-59] ERROR com.intuit.karate - http request failed: 
org.apache.http.client.ClientProtocolException
13:26:49.832 [ForkJoinPool-1-worker-59] ERROR com.intuit.karate - feature call (loop) failed at index: 10
caller: classpath:InspireTest/def/checkxlinkurl.template.feature
arg: {"link":""}
checkxlinkurl.template.feature:21 - 
org.apache.http.client.ClientProtocolException
13:26:49.834 [ForkJoinPool-1-worker-59] INFO  com.intuit.karate - [print] testing xlinkurl:
13:26:49.836 [ForkJoinPool-1-worker-59] ERROR com.intuit.karate - org.apache.http.client.ClientProtocolException, http call failed after 0 milliseconds for URL: 
13:26:49.836 [ForkJoinPool-1-worker-59] ERROR com.intuit.karate - http request failed: 
org.apache.http.client.ClientProtocolException
13:26:49.836 [ForkJoinPool-1-worker-59] ERROR com.intuit.karate - feature call (loop) failed at index: 11
caller: classpath:InspireTest/def/checkxlinkurl.template.feature
arg: {"link":""}
checkxlinkurl.template.feature:21 - 
org.apache.http.client.ClientProtocolException
13:26:49.837 [ForkJoinPool-1-worker-59] INFO  com.intuit.karate - [print] testing xlinkurl:
13:26:49.837 [ForkJoinPool-1-worker-59] ERROR com.intuit.karate - org.apache.http.client.ClientProtocolException, http call failed after 0 milliseconds for URL: 
13:26:49.838 [ForkJoinPool-1-worker-59] ERROR com.intuit.karate - http request failed: 
org.apache.http.client.ClientProtocolException
13:26:49.838 [ForkJoinPool-1-worker-59] ERROR com.intuit.karate - feature call (loop) failed at index: 12
caller: classpath:InspireTest/def/checkxlinkurl.template.feature
arg: {"link":""}
checkxlinkurl.template.feature:21 - 
org.apache.http.client.ClientProtocolException
13:26:49.844 [ForkJoinPool-1-worker-59] INFO  com.intuit.karate - [print] testing xlinkurl:
13:26:49.848 [ForkJoinPool-1-worker-59] ERROR com.intuit.karate - org.apache.http.client.ClientProtocolException, http call failed after 0 milliseconds for URL: 
13:26:49.848 [ForkJoinPool-1-worker-59] ERROR com.intuit.karate - http request failed: 
org.apache.http.client.ClientProtocolException
13:26:49.848 [ForkJoinPool-1-worker-59] ERROR com.intuit.karate - feature call (loop) failed at index: 13
caller: classpath:InspireTest/def/checkxlinkurl.template.feature
arg: {"link":""}
checkxlinkurl.template.feature:21 - 
org.apache.http.client.ClientProtocolException
13:26:49.850 [ForkJoinPool-1-worker-59] INFO  com.intuit.karate - [print] testing xlinkurl:
13:26:49.851 [ForkJoinPool-1-worker-59] ERROR com.intuit.karate - org.apache.http.client.ClientProtocolException, http call failed after 0 milliseconds for URL: 
13:26:49.851 [ForkJoinPool-1-worker-59] ERROR com.intuit.karate - http request failed: 
org.apache.http.client.ClientProtocolException
13:26:49.851 [ForkJoinPool-1-worker-59] ERROR com.intuit.karate - feature call (loop) failed at index: 14
caller: classpath:InspireTest/def/checkxlinkurl.template.feature
arg: {"link":""}
checkxlinkurl.template.feature:21 - 
org.apache.http.client.ClientProtocolException
13:26:49.852 [ForkJoinPool-1-worker-59] INFO  com.intuit.karate - [print] testing xlinkurl:
13:26:49.853 [ForkJoinPool-1-worker-59] ERROR com.intuit.karate - org.apache.http.client.ClientProtocolException, http call failed after 0 milliseconds for URL: 
13:26:49.855 [ForkJoinPool-1-worker-59] ERROR com.intuit.karate - http request failed: 
org.apache.http.client.ClientProtocolException
13:26:49.855 [ForkJoinPool-1-worker-59] ERROR com.intuit.karate - feature call (loop) failed at index: 15
caller: classpath:InspireTest/def/checkxlinkurl.template.feature
arg: {"link":""}
checkxlinkurl.template.feature:21 - 
org.apache.http.client.ClientProtocolException
13:26:49.856 [ForkJoinPool-1-worker-59] INFO  com.intuit.karate - [print] testing xlinkurl:
13:26:49.857 [ForkJoinPool-1-worker-59] ERROR com.intuit.karate - org.apache.http.client.ClientProtocolException, http call failed after 0 milliseconds for URL: 
13:26:49.857 [ForkJoinPool-1-worker-59] ERROR com.intuit.karate - http request failed: 
org.apache.http.client.ClientProtocolException
13:26:49.859 [ForkJoinPool-1-worker-59] ERROR com.intuit.karate - feature call (loop) failed at index: 16
caller: classpath:InspireTest/def/checkxlinkurl.template.feature
arg: {"link":""}
checkxlinkurl.template.feature:21 - 
org.apache.http.client.ClientProtocolException
13:26:49.860 [ForkJoinPool-1-worker-59] INFO  com.intuit.karate - [print] testing xlinkurl:http://nationaalgeoregister.nl/geonetwork/srv/dut/csw?service=CSW&version=2.0.2&request=GetRecordById&outputschema=http://www.isotc211.org/2005/gmd&elementsetname=full&id=5a1adb58-0bbe-425d-b0fe-577a6c0a4228#MD_DataIdentification
13:26:50.104 [ForkJoinPool-1-worker-37] INFO  com.intuit.karate - [print] testing xlinkurl:http://rdfdata.eionet.europa.eu/inspirethemes/themes/17
13:26:50.312 [ForkJoinPool-1-worker-37] ERROR com.intuit.karate - assertion failed: path: $, actual: 404, expected: 200, reason: not equal (Integer)
13:26:50.312 [ForkJoinPool-1-worker-37] ERROR com.intuit.karate - feature call (loop) failed at index: 0
caller: classpath:InspireTest/def/checkxlinkurl.template.feature
arg: {"link":"http://rdfdata.eionet.europa.eu/inspirethemes/themes/17"}
checkxlinkurl.template.feature:28 - path: $, actual: 404, expected: 200, reason: not equal (Integer)
13:26:50.315 [ForkJoinPool-1-worker-37] INFO  com.intuit.karate - [print] testing xlinkurl:http://geonetwork-opensource.org/inspire-theme#
13:26:50.330 [ForkJoinPool-1-worker-59] INFO  com.intuit.karate - [print] testing xlinkurl:http://nationaalgeoregister.nl/geonetwork/srv/dut/csw?service=CSW&version=2.0.2&request=GetRecordById&outputschema=http://www.isotc211.org/2005/gmd&elementsetname=full&id=b9dd8575-3c1c-41f4-add5-c4f5f2b67179#MD_DataIdentification
13:26:50.517 [ForkJoinPool-1-worker-59] INFO  com.intuit.karate - [print] testing xlinkurl:https://www.nationaalgeoregister.nl/geonetwork/srv/dut/csw?service=CSW&request=GetRecordById&version=2.0.2&outputSchema=http://www.isotc211.org/2005/gmd&elementSetName=full&id=00fd1fc4-c190-4fa6-a68f-606c64a16679#MD_DataIdentification
13:26:50.799 [ForkJoinPool-1-worker-59] INFO  com.intuit.karate - [print] testing xlinkurl:https://www.nationaalgeoregister.nl/geonetwork/srv/dut/csw?service=CSW&request=GetRecordById&version=2.0.2&outputSchema=http://www.isotc211.org/2005/gmd&elementSetName=full&id=00b0a2bf-57ce-44c9-b94c-f6c9a41f5c61#MD_DataIdentification
13:26:50.912 [ForkJoinPool-1-worker-37] ERROR com.intuit.karate - assertion failed: path: $, actual: 404, expected: 200, reason: not equal (Integer)
13:26:50.913 [ForkJoinPool-1-worker-37] ERROR com.intuit.karate - feature call (loop) failed at index: 1
caller: classpath:InspireTest/def/checkxlinkurl.template.feature
arg: {"link":"http://geonetwork-opensource.org/inspire-theme#"}
checkxlinkurl.template.feature:28 - path: $, actual: 404, expected: 200, reason: not equal (Integer)
13:26:50.914 [ForkJoinPool-1-worker-37] INFO  com.intuit.karate - [print] testing xlinkurl:http://inspire.ec.europa.eu/metadata-codelist/SpatialDataServiceCategory/infoMapAccessService
13:26:51.095 [ForkJoinPool-1-worker-59] INFO  com.intuit.karate - [print] testing xlinkurl:https://www.nationaalgeoregister.n/geonetwork/srv/dut/csw?service=CSW&request=GetRecordById&version=2.0.2&outputSchema=http://www.isotc211.org/2005/gmd&elementSetName=full&id=da237167-7f87-4310-ad64-614233de7a42#MD_DataIdentification
13:26:51.198 [ForkJoinPool-1-worker-59] ERROR com.intuit.karate - java.net.UnknownHostException: www.nationaalgeoregister.n: Name or service not known, http call failed after 102 milliseconds for URL: https://www.nationaalgeoregister.n/geonetwork/srv/dut/csw?service=CSW&request=GetRecordById&version=2.0.2&outputSchema=http://www.isotc211.org/2005/gmd&elementSetName=full&id=da237167-7f87-4310-ad64-614233de7a42#MD_DataIdentification
13:26:51.198 [ForkJoinPool-1-worker-59] ERROR com.intuit.karate - http request failed: 
java.net.UnknownHostException: www.nationaalgeoregister.n: Name or service not known
13:26:51.199 [ForkJoinPool-1-worker-59] ERROR com.intuit.karate - feature call (loop) failed at index: 21
caller: classpath:InspireTest/def/checkxlinkurl.template.feature
arg: {"link":"https://www.nationaalgeoregister.n/geonetwork/srv/dut/csw?service=CSW&request=GetRecordById&version=2.0.2&outputSchema=http://www.isotc211.org/2005/gmd&elementSetName=full&id=da237167-7f87-4310-ad64-614233de7a42#MD_DataIdentification"}
checkxlinkurl.template.feature:21 - 
java.net.UnknownHostException: www.nationaalgeoregister.n: Name or service not known
13:26:51.507 [ForkJoinPool-1-worker-49] ERROR com.intuit.karate - java.net.SocketTimeoutException: Read timed out, http call failed after 5338 milliseconds for URL: http://inspire.ec.europa.eu/metadata-codelist/SpatialDataServiceCategory/infoMapAccessService
13:26:51.507 [ForkJoinPool-1-worker-49] ERROR com.intuit.karate - http request failed: 
java.net.SocketTimeoutException: Read timed out
13:26:51.507 [ForkJoinPool-1-worker-49] ERROR com.intuit.karate - feature call (loop) failed at index: 0
caller: classpath:InspireTest/def/checkxlinkurl.template.feature
arg: {"link":"http://inspire.ec.europa.eu/metadata-codelist/SpatialDataServiceCategory/infoMapAccessService"}
checkxlinkurl.template.feature:21 - 
java.net.SocketTimeoutException: Read timed out
13:26:51.508 [ForkJoinPool-1-worker-49] INFO  com.intuit.karate - [print] testing xlinkurl:http://inspire.ec.europa.eu/metadata-codelist/SpatialDataServiceCategory
13:26:51.781 [ForkJoinPool-1-worker-59] INFO  com.intuit.karate - [print] testing xlinkurl:
13:26:51.786 [ForkJoinPool-1-worker-59] ERROR com.intuit.karate - org.apache.http.client.ClientProtocolException, http call failed after 0 milliseconds for URL: 
13:26:51.786 [ForkJoinPool-1-worker-59] ERROR com.intuit.karate - http request failed: 
org.apache.http.client.ClientProtocolException
13:26:51.786 [ForkJoinPool-1-worker-59] ERROR com.intuit.karate - feature call (loop) failed at index: 0
caller: classpath:InspireTest/def/checkxlinkurl.template.feature
arg: {"link":""}
checkxlinkurl.template.feature:21 - 
org.apache.http.client.ClientProtocolException
13:26:51.787 [ForkJoinPool-1-worker-59] INFO  com.intuit.karate - [print] testing xlinkurl:http://www.nationaalgeoregister.nl/geonetwork/srv/nl/csw?Service=CSW&Request=GetRecordById&Version=2.0.2&id=88f76a94-ee4d-4e0c-9fde-91b692403e39&outputSchema=http://www.isotc211.org/2005/gmd&elementSetName=full#MD_DataIdentification
13:26:52.330 [ForkJoinPool-1-worker-59] INFO  com.intuit.karate - [print] testing xlinkurl:http://www.nationaalgeoregister.nl/geonetwork/srv/nl/csw?Service=CSW&Request=GetRecordById&Version=2.0.2&id=08af1182-91fe-4d21-aa21-ee002953c3cc&outputSchema=http://www.isotc211.org/2005/gmd&elementSetName=full#MD_DataIdentification
13:26:52.617 [ForkJoinPool-1-worker-59] INFO  com.intuit.karate - [print] testing xlinkurl:http://www.nationaalgeoregister.nl/geonetwork/srv/nl/csw?Service=CSW&Request=GetRecordById&Version=2.0.2&id=d91126e0-e37b-11e4-b571-0800200c9a66&outputSchema=http://www.isotc211.org/2005/gmd&elementSetName=full#MD_DataIdentification
13:26:52.895 [ForkJoinPool-1-worker-59] INFO  com.intuit.karate - [print] testing xlinkurl:http://www.nationaalgeoregister.nl/geonetwork/srv/nl/csw?Service=CSW&Request=GetRecordById&Version=2.0.2&id=667ebfb0-e37c-11e4-b571-0800200c9a66&outputSchema=http://www.isotc211.org/2005/gmd&elementSetName=full#MD_DataIdentification
13:26:53.752 [ForkJoinPool-1-worker-59] INFO  com.intuit.karate - [print] testing xlinkurl:http://standaarden.overheid.nl/owms/terms/Ministerie_van_Defensie
13:26:54.541 [ForkJoinPool-1-worker-59] INFO  com.intuit.karate - [print] testing xlinkurl:https://inspire.caris.nl/geoserver2/gn/wfs?request=GetCapabilities&service=WFS
13:26:54.841 [ForkJoinPool-1-worker-45] ERROR com.intuit.karate - java.net.SocketTimeoutException: Read timed out, http call failed after 5328 milliseconds for URL: http://inspire.ec.europa.eu/metadata-codelist/SpatialDataServiceCategory/infoMapAccessService
13:26:54.842 [ForkJoinPool-1-worker-45] ERROR com.intuit.karate - http request failed: 
java.net.SocketTimeoutException: Read timed out
13:26:54.842 [ForkJoinPool-1-worker-45] ERROR com.intuit.karate - feature call (loop) failed at index: 2
caller: classpath:InspireTest/def/checkxlinkurl.template.feature
arg: {"link":"http://inspire.ec.europa.eu/metadata-codelist/SpatialDataServiceCategory/infoMapAccessService"}
checkxlinkurl.template.feature:21 - 
java.net.SocketTimeoutException: Read timed out
13:26:54.843 [ForkJoinPool-1-worker-45] INFO  com.intuit.karate - [print] testing xlinkurl:http://inspire.ec.europa.eu/metadata-codelist/SpatialDataServiceCategory#
13:26:54.888 [ForkJoinPool-1-worker-23] ERROR com.intuit.karate - java.net.SocketTimeoutException: Read timed out, http call failed after 5332 milliseconds for URL: http://inspire.ec.europa.eu/metadata-codelist/SpatialDataServiceCategory/infoFeatureAccessService
13:26:54.888 [ForkJoinPool-1-worker-23] ERROR com.intuit.karate - http request failed: 
java.net.SocketTimeoutException: Read timed out
13:26:54.888 [ForkJoinPool-1-worker-23] ERROR com.intuit.karate - feature call (loop) failed at index: 2
caller: classpath:InspireTest/def/checkxlinkurl.template.feature
arg: {"link":"http://inspire.ec.europa.eu/metadata-codelist/SpatialDataServiceCategory/infoFeatureAccessService"}
checkxlinkurl.template.feature:21 - 
java.net.SocketTimeoutException: Read timed out
13:26:54.890 [ForkJoinPool-1-worker-23] INFO  com.intuit.karate - [print] testing xlinkurl:http://inspire.ec.europa.eu/metadata-codelist/SpatialDataServiceCategory#
13:26:54.900 [ForkJoinPool-1-worker-51] ERROR com.intuit.karate - java.net.SocketTimeoutException: Read timed out, http call failed after 5333 milliseconds for URL: http://inspire.ec.europa.eu/metadata-codelist/SpatialDataServiceCategory/infoFeatureAccessService
13:26:54.900 [ForkJoinPool-1-worker-51] ERROR com.intuit.karate - http request failed: 
java.net.SocketTimeoutException: Read timed out
13:26:54.900 [ForkJoinPool-1-worker-51] ERROR com.intuit.karate - feature call (loop) failed at index: 0
caller: classpath:InspireTest/def/checkxlinkurl.template.feature
arg: {"link":"http://inspire.ec.europa.eu/metadata-codelist/SpatialDataServiceCategory/infoFeatureAccessService"}
checkxlinkurl.template.feature:21 - 
java.net.SocketTimeoutException: Read timed out
13:26:54.901 [ForkJoinPool-1-worker-51] INFO  com.intuit.karate - [print] testing xlinkurl:http://inspire.ec.europa.eu/metadata-codelist/SpatialDataServiceCategory
13:26:55.133 [ForkJoinPool-1-worker-59] INFO  com.intuit.karate - [print] testing xlinkurl:https://www.nationaalgeoregister.nl:443/geonetwork/srv/dut/csw?service=CSW&request=GetRecordById&version=2.0.2&outputSchema=http://www.isotc211.org/2005/gmd&elementSetName=full&id=34e95842-4e4e-46de-9198-79e8cd4d30dc#MD_DataIdentification
13:26:55.163 [ForkJoinPool-1-worker-45] ERROR com.intuit.karate - org.apache.http.conn.HttpHostConnectException: Connect to inspire.ec.europa.eu:443 [inspire.ec.europa.eu/139.191.229.30] failed: Connection refused, http call failed after 105 milliseconds for URL: http://inspire.ec.europa.eu/metadata-codelist/SpatialDataServiceCategory#
13:26:55.163 [ForkJoinPool-1-worker-45] ERROR com.intuit.karate - http request failed: 
org.apache.http.conn.HttpHostConnectException: Connect to inspire.ec.europa.eu:443 [inspire.ec.europa.eu/139.191.229.30] failed: Connection refused
13:26:55.163 [ForkJoinPool-1-worker-45] ERROR com.intuit.karate - feature call (loop) failed at index: 3
caller: classpath:InspireTest/def/checkxlinkurl.template.feature
arg: {"link":"http://inspire.ec.europa.eu/metadata-codelist/SpatialDataServiceCategory#"}
checkxlinkurl.template.feature:21 - 
org.apache.http.conn.HttpHostConnectException: Connect to inspire.ec.europa.eu:443 [inspire.ec.europa.eu/139.191.229.30] failed: Connection refused
13:26:55.164 [ForkJoinPool-1-worker-45] INFO  com.intuit.karate - [print] testing xlinkurl:https://www.nationaalgeoregister.nl/geonetwork/srv/eng/thesaurus.download?ref=external.theme.httpinspireeceuropaeumetadatacodelistSpatialDataServiceCategory-SpatialDataServiceCategory
13:26:55.446 [ForkJoinPool-1-worker-45] INFO  com.intuit.karate - [print] testing xlinkurl:
13:26:55.448 [ForkJoinPool-1-worker-45] ERROR com.intuit.karate - org.apache.http.client.ClientProtocolException, http call failed after 0 milliseconds for URL: 
13:26:55.449 [ForkJoinPool-1-worker-45] ERROR com.intuit.karate - http request failed: 
org.apache.http.client.ClientProtocolException
13:26:55.450 [ForkJoinPool-1-worker-45] ERROR com.intuit.karate - feature call (loop) failed at index: 5
caller: classpath:InspireTest/def/checkxlinkurl.template.feature
arg: {"link":""}
checkxlinkurl.template.feature:21 - 
org.apache.http.client.ClientProtocolException
13:26:55.452 [ForkJoinPool-1-worker-45] INFO  com.intuit.karate - [print] testing xlinkurl:
13:26:55.453 [ForkJoinPool-1-worker-45] ERROR com.intuit.karate - org.apache.http.client.ClientProtocolException, http call failed after 0 milliseconds for URL: 
13:26:55.454 [ForkJoinPool-1-worker-45] ERROR com.intuit.karate - http request failed: 
org.apache.http.client.ClientProtocolException
13:26:55.455 [ForkJoinPool-1-worker-45] ERROR com.intuit.karate - feature call (loop) failed at index: 6
caller: classpath:InspireTest/def/checkxlinkurl.template.feature
arg: {"link":""}
checkxlinkurl.template.feature:21 - 
org.apache.http.client.ClientProtocolException
13:26:55.457 [ForkJoinPool-1-worker-45] INFO  com.intuit.karate - [print] testing xlinkurl:
13:26:55.458 [ForkJoinPool-1-worker-45] ERROR com.intuit.karate - org.apache.http.client.ClientProtocolException, http call failed after 0 milliseconds for URL: 
13:26:55.459 [ForkJoinPool-1-worker-45] ERROR com.intuit.karate - http request failed: 
org.apache.http.client.ClientProtocolException
13:26:55.459 [ForkJoinPool-1-worker-45] ERROR com.intuit.karate - feature call (loop) failed at index: 7
caller: classpath:InspireTest/def/checkxlinkurl.template.feature
arg: {"link":""}
checkxlinkurl.template.feature:21 - 
org.apache.http.client.ClientProtocolException
13:26:55.461 [ForkJoinPool-1-worker-45] INFO  com.intuit.karate - [print] testing xlinkurl:
13:26:55.462 [ForkJoinPool-1-worker-45] ERROR com.intuit.karate - org.apache.http.client.ClientProtocolException, http call failed after 0 milliseconds for URL: 
13:26:55.463 [ForkJoinPool-1-worker-45] ERROR com.intuit.karate - http request failed: 
org.apache.http.client.ClientProtocolException
13:26:55.464 [ForkJoinPool-1-worker-45] ERROR com.intuit.karate - feature call (loop) failed at index: 8
caller: classpath:InspireTest/def/checkxlinkurl.template.feature
arg: {"link":""}
checkxlinkurl.template.feature:21 - 
org.apache.http.client.ClientProtocolException
13:26:55.466 [ForkJoinPool-1-worker-45] INFO  com.intuit.karate - [print] testing xlinkurl:
13:26:55.469 [ForkJoinPool-1-worker-45] ERROR com.intuit.karate - org.apache.http.client.ClientProtocolException, http call failed after 0 milliseconds for URL: 
13:26:55.470 [ForkJoinPool-1-worker-45] ERROR com.intuit.karate - http request failed: 
org.apache.http.client.ClientProtocolException
13:26:55.471 [ForkJoinPool-1-worker-45] ERROR com.intuit.karate - feature call (loop) failed at index: 9
caller: classpath:InspireTest/def/checkxlinkurl.template.feature
arg: {"link":""}
checkxlinkurl.template.feature:21 - 
org.apache.http.client.ClientProtocolException
13:26:55.472 [ForkJoinPool-1-worker-45] INFO  com.intuit.karate - [print] testing xlinkurl:
13:26:55.473 [ForkJoinPool-1-worker-45] ERROR com.intuit.karate - org.apache.http.client.ClientProtocolException, http call failed after 0 milliseconds for URL: 
13:26:55.474 [ForkJoinPool-1-worker-45] ERROR com.intuit.karate - http request failed: 
org.apache.http.client.ClientProtocolException
13:26:55.475 [ForkJoinPool-1-worker-45] ERROR com.intuit.karate - feature call (loop) failed at index: 10
caller: classpath:InspireTest/def/checkxlinkurl.template.feature
arg: {"link":""}
checkxlinkurl.template.feature:21 - 
org.apache.http.client.ClientProtocolException
13:26:55.477 [ForkJoinPool-1-worker-45] INFO  com.intuit.karate - [print] testing xlinkurl:
13:26:55.478 [ForkJoinPool-1-worker-45] ERROR com.intuit.karate - org.apache.http.client.ClientProtocolException, http call failed after 0 milliseconds for URL: 
13:26:55.478 [ForkJoinPool-1-worker-45] ERROR com.intuit.karate - http request failed: 
org.apache.http.client.ClientProtocolException
13:26:55.479 [ForkJoinPool-1-worker-45] ERROR com.intuit.karate - feature call (loop) failed at index: 11
caller: classpath:InspireTest/def/checkxlinkurl.template.feature
arg: {"link":""}
checkxlinkurl.template.feature:21 - 
org.apache.http.client.ClientProtocolException
13:26:55.480 [ForkJoinPool-1-worker-45] INFO  com.intuit.karate - [print] testing xlinkurl:
13:26:55.482 [ForkJoinPool-1-worker-45] ERROR com.intuit.karate - org.apache.http.client.ClientProtocolException, http call failed after 0 milliseconds for URL: 
13:26:55.482 [ForkJoinPool-1-worker-45] ERROR com.intuit.karate - http request failed: 
org.apache.http.client.ClientProtocolException
13:26:55.483 [ForkJoinPool-1-worker-45] ERROR com.intuit.karate - feature call (loop) failed at index: 12
caller: classpath:InspireTest/def/checkxlinkurl.template.feature
arg: {"link":""}
checkxlinkurl.template.feature:21 - 
org.apache.http.client.ClientProtocolException
13:26:55.485 [ForkJoinPool-1-worker-45] INFO  com.intuit.karate - [print] testing xlinkurl:
13:26:55.486 [ForkJoinPool-1-worker-45] ERROR com.intuit.karate - org.apache.http.client.ClientProtocolException, http call failed after 0 milliseconds for URL: 
13:26:55.487 [ForkJoinPool-1-worker-45] ERROR com.intuit.karate - http request failed: 
org.apache.http.client.ClientProtocolException
13:26:55.488 [ForkJoinPool-1-worker-45] ERROR com.intuit.karate - feature call (loop) failed at index: 13
caller: classpath:InspireTest/def/checkxlinkurl.template.feature
arg: {"link":""}
checkxlinkurl.template.feature:21 - 
org.apache.http.client.ClientProtocolException
13:26:55.490 [ForkJoinPool-1-worker-45] INFO  com.intuit.karate - [print] testing xlinkurl:
13:26:55.491 [ForkJoinPool-1-worker-45] ERROR com.intuit.karate - org.apache.http.client.ClientProtocolException, http call failed after 0 milliseconds for URL: 
13:26:55.492 [ForkJoinPool-1-worker-45] ERROR com.intuit.karate - http request failed: 
org.apache.http.client.ClientProtocolException
13:26:55.493 [ForkJoinPool-1-worker-45] ERROR com.intuit.karate - feature call (loop) failed at index: 14
caller: classpath:InspireTest/def/checkxlinkurl.template.feature
arg: {"link":""}
checkxlinkurl.template.feature:21 - 
org.apache.http.client.ClientProtocolException
13:26:55.495 [ForkJoinPool-1-worker-45] INFO  com.intuit.karate - [print] testing xlinkurl:
13:26:55.496 [ForkJoinPool-1-worker-45] ERROR com.intuit.karate - org.apache.http.client.ClientProtocolException, http call failed after 0 milliseconds for URL: 
13:26:55.497 [ForkJoinPool-1-worker-45] ERROR com.intuit.karate - http request failed: 
org.apache.http.client.ClientProtocolException
13:26:55.498 [ForkJoinPool-1-worker-45] ERROR com.intuit.karate - feature call (loop) failed at index: 15
caller: classpath:InspireTest/def/checkxlinkurl.template.feature
arg: {"link":""}
checkxlinkurl.template.feature:21 - 
org.apache.http.client.ClientProtocolException
13:26:55.500 [ForkJoinPool-1-worker-45] INFO  com.intuit.karate - [print] testing xlinkurl:
13:26:55.508 [ForkJoinPool-1-worker-45] ERROR com.intuit.karate - org.apache.http.client.ClientProtocolException, http call failed after 0 milliseconds for URL: 
13:26:55.509 [ForkJoinPool-1-worker-45] ERROR com.intuit.karate - http request failed: 
org.apache.http.client.ClientProtocolException
13:26:55.510 [ForkJoinPool-1-worker-45] ERROR com.intuit.karate - feature call (loop) failed at index: 16
caller: classpath:InspireTest/def/checkxlinkurl.template.feature
arg: {"link":""}
checkxlinkurl.template.feature:21 - 
org.apache.http.client.ClientProtocolException
13:26:55.513 [ForkJoinPool-1-worker-45] INFO  com.intuit.karate - [print] testing xlinkurl:
13:26:55.514 [ForkJoinPool-1-worker-45] ERROR com.intuit.karate - org.apache.http.client.ClientProtocolException, http call failed after 0 milliseconds for URL: 
13:26:55.515 [ForkJoinPool-1-worker-45] ERROR com.intuit.karate - http request failed: 
org.apache.http.client.ClientProtocolException
13:26:55.515 [ForkJoinPool-1-worker-45] ERROR com.intuit.karate - feature call (loop) failed at index: 17
caller: classpath:InspireTest/def/checkxlinkurl.template.feature
arg: {"link":""}
checkxlinkurl.template.feature:21 - 
org.apache.http.client.ClientProtocolException
13:26:55.517 [ForkJoinPool-1-worker-45] INFO  com.intuit.karate - [print] testing xlinkurl:
13:26:55.519 [ForkJoinPool-1-worker-45] ERROR com.intuit.karate - org.apache.http.client.ClientProtocolException, http call failed after 0 milliseconds for URL: 
13:26:55.520 [ForkJoinPool-1-worker-45] ERROR com.intuit.karate - http request failed: 
org.apache.http.client.ClientProtocolException
13:26:55.521 [ForkJoinPool-1-worker-45] ERROR com.intuit.karate - feature call (loop) failed at index: 18
caller: classpath:InspireTest/def/checkxlinkurl.template.feature
arg: {"link":""}
checkxlinkurl.template.feature:21 - 
org.apache.http.client.ClientProtocolException
13:26:55.524 [ForkJoinPool-1-worker-45] INFO  com.intuit.karate - [print] testing xlinkurl:
13:26:55.525 [ForkJoinPool-1-worker-45] ERROR com.intuit.karate - org.apache.http.client.ClientProtocolException, http call failed after 0 milliseconds for URL: 
13:26:55.526 [ForkJoinPool-1-worker-45] ERROR com.intuit.karate - http request failed: 
org.apache.http.client.ClientProtocolException
13:26:55.527 [ForkJoinPool-1-worker-45] ERROR com.intuit.karate - feature call (loop) failed at index: 19
caller: classpath:InspireTest/def/checkxlinkurl.template.feature
arg: {"link":""}
checkxlinkurl.template.feature:21 - 
org.apache.http.client.ClientProtocolException
13:26:55.529 [ForkJoinPool-1-worker-45] INFO  com.intuit.karate - [print] testing xlinkurl:
13:26:55.530 [ForkJoinPool-1-worker-45] ERROR com.intuit.karate - org.apache.http.client.ClientProtocolException, http call failed after 0 milliseconds for URL: 
13:26:55.531 [ForkJoinPool-1-worker-45] ERROR com.intuit.karate - http request failed: 
org.apache.http.client.ClientProtocolException
13:26:55.532 [ForkJoinPool-1-worker-45] ERROR com.intuit.karate - feature call (loop) failed at index: 20
caller: classpath:InspireTest/def/checkxlinkurl.template.feature
arg: {"link":""}
checkxlinkurl.template.feature:21 - 
org.apache.http.client.ClientProtocolException
13:26:55.534 [ForkJoinPool-1-worker-45] INFO  com.intuit.karate - [print] testing xlinkurl:
13:26:55.535 [ForkJoinPool-1-worker-45] ERROR com.intuit.karate - org.apache.http.client.ClientProtocolException, http call failed after 0 milliseconds for URL: 
13:26:55.536 [ForkJoinPool-1-worker-45] ERROR com.intuit.karate - http request failed: 
org.apache.http.client.ClientProtocolException
13:26:55.537 [ForkJoinPool-1-worker-45] ERROR com.intuit.karate - feature call (loop) failed at index: 21
caller: classpath:InspireTest/def/checkxlinkurl.template.feature
arg: {"link":""}
checkxlinkurl.template.feature:21 - 
org.apache.http.client.ClientProtocolException
13:26:55.538 [ForkJoinPool-1-worker-45] INFO  com.intuit.karate - [print] testing xlinkurl:
13:26:55.540 [ForkJoinPool-1-worker-45] ERROR com.intuit.karate - org.apache.http.client.ClientProtocolException, http call failed after 0 milliseconds for URL: 
13:26:55.541 [ForkJoinPool-1-worker-45] ERROR com.intuit.karate - http request failed: 
org.apache.http.client.ClientProtocolException
13:26:55.545 [ForkJoinPool-1-worker-45] ERROR com.intuit.karate - feature call (loop) failed at index: 22
caller: classpath:InspireTest/def/checkxlinkurl.template.feature
arg: {"link":""}
checkxlinkurl.template.feature:21 - 
org.apache.http.client.ClientProtocolException
13:26:55.546 [ForkJoinPool-1-worker-45] INFO  com.intuit.karate - [print] testing xlinkurl:
13:26:55.547 [ForkJoinPool-1-worker-45] ERROR com.intuit.karate - org.apache.http.client.ClientProtocolException, http call failed after 0 milliseconds for URL: 
13:26:55.547 [ForkJoinPool-1-worker-45] ERROR com.intuit.karate - http request failed: 
org.apache.http.client.ClientProtocolException
13:26:55.548 [ForkJoinPool-1-worker-45] ERROR com.intuit.karate - feature call (loop) failed at index: 23
caller: classpath:InspireTest/def/checkxlinkurl.template.feature
arg: {"link":""}
checkxlinkurl.template.feature:21 - 
org.apache.http.client.ClientProtocolException
13:26:55.549 [ForkJoinPool-1-worker-45] INFO  com.intuit.karate - [print] testing xlinkurl:
13:26:55.549 [ForkJoinPool-1-worker-45] ERROR com.intuit.karate - org.apache.http.client.ClientProtocolException, http call failed after 0 milliseconds for URL: 
13:26:55.552 [ForkJoinPool-1-worker-45] ERROR com.intuit.karate - http request failed: 
org.apache.http.client.ClientProtocolException
13:26:55.552 [ForkJoinPool-1-worker-45] ERROR com.intuit.karate - feature call (loop) failed at index: 24
caller: classpath:InspireTest/def/checkxlinkurl.template.feature
arg: {"link":""}
checkxlinkurl.template.feature:21 - 
org.apache.http.client.ClientProtocolException
13:26:55.553 [ForkJoinPool-1-worker-45] INFO  com.intuit.karate - [print] testing xlinkurl:
13:26:55.554 [ForkJoinPool-1-worker-45] ERROR com.intuit.karate - org.apache.http.client.ClientProtocolException, http call failed after 0 milliseconds for URL: 
13:26:55.554 [ForkJoinPool-1-worker-45] ERROR com.intuit.karate - http request failed: 
org.apache.http.client.ClientProtocolException
13:26:55.555 [ForkJoinPool-1-worker-45] ERROR com.intuit.karate - feature call (loop) failed at index: 25
caller: classpath:InspireTest/def/checkxlinkurl.template.feature
arg: {"link":""}
checkxlinkurl.template.feature:21 - 
org.apache.http.client.ClientProtocolException
13:26:55.556 [ForkJoinPool-1-worker-45] INFO  com.intuit.karate - [print] testing xlinkurl:http://nationaalgeoregister.nl/geonetwork/srv/dut/csw?service=CSW&version=2.0.2&request=GetRecordById&outputschema=http://www.isotc211.org/2005/gmd&elementsetname=full&id=11d83e36-fd0d-46bc-838c-0567c5dfdb19#MD_DataIdentification
13:26:55.847 [ForkJoinPool-1-worker-45] INFO  com.intuit.karate - [print] testing xlinkurl:http://nationaalgeoregister.nl/geonetwork/srv/dut/csw?service=CSW&version=2.0.2&request=GetRecordById&outputschema=http://www.isotc211.org/2005/gmd&elementsetname=full&id=34dacd72-d2fb-4e28-844d-73d3b9c3fef2#MD_DataIdentification
13:26:56.144 [ForkJoinPool-1-worker-45] INFO  com.intuit.karate - [print] testing xlinkurl:http://nationaalgeoregister.nl/geonetwork/srv/dut/csw?service=CSW&version=2.0.2&request=GetRecordById&outputschema=http://www.isotc211.org/2005/gmd&elementsetname=full&id=419b85e5-04ee-4cc9-b910-bc58594a943a#MD_DataIdentification
13:26:56.276 [ForkJoinPool-1-worker-59] INFO  com.intuit.karate - [print] testing xlinkurl:http://inspire.ec.europa.eu/metadata-codelist/SpatialDataServiceCategory/infoFeatureAccessService
13:26:56.441 [ForkJoinPool-1-worker-45] INFO  com.intuit.karate - [print] testing xlinkurl:http://nationaalgeoregister.nl/geonetwork/srv/dut/csw?service=CSW&version=2.0.2&request=GetRecordById&outputschema=http://www.isotc211.org/2005/gmd&elementsetname=full&id=119f7512-a71e-4d1a-82e7-7a2b63f9338b#MD_DataIdentification
13:26:56.456 [ForkJoinPool-1-worker-37] ERROR com.intuit.karate - java.net.SocketTimeoutException: Read timed out, http call failed after 5335 milliseconds for URL: http://inspire.ec.europa.eu/metadata-codelist/SpatialDataServiceCategory/infoMapAccessService
13:26:56.457 [ForkJoinPool-1-worker-37] ERROR com.intuit.karate - http request failed: 
java.net.SocketTimeoutException: Read timed out
13:26:56.457 [ForkJoinPool-1-worker-37] ERROR com.intuit.karate - feature call (loop) failed at index: 2
caller: classpath:InspireTest/def/checkxlinkurl.template.feature
arg: {"link":"http://inspire.ec.europa.eu/metadata-codelist/SpatialDataServiceCategory/infoMapAccessService"}
checkxlinkurl.template.feature:21 - 
java.net.SocketTimeoutException: Read timed out
13:26:56.457 [ForkJoinPool-1-worker-37] INFO  com.intuit.karate - [print] testing xlinkurl:http://inspire.ec.europa.eu/metadata-codelist/SpatialDataServiceCategory#
13:26:56.790 [ForkJoinPool-1-worker-45] INFO  com.intuit.karate - [print] testing xlinkurl:http://nationaalgeoregister.nl/geonetwork/srv/dut/csw?service=CSW&version=2.0.2&request=GetRecordById&outputschema=http://www.isotc211.org/2005/gmd&elementsetname=full&id=6ea55ec4-f312-40ef-9935-68806e61b496#MD_DataIdentification
13:26:57.015 [ForkJoinPool-1-worker-59] INFO  com.intuit.karate - [print] testing xlinkurl:http://inspire.ec.europa.eu/metadata-codelist/SpatialDataServiceCategory
13:26:57.058 [ForkJoinPool-1-worker-49] ERROR com.intuit.karate - java.net.SocketTimeoutException: Read timed out, http call failed after 5335 milliseconds for URL: http://inspire.ec.europa.eu/metadata-codelist/SpatialDataServiceCategory
13:26:57.058 [ForkJoinPool-1-worker-49] ERROR com.intuit.karate - http request failed: 
java.net.SocketTimeoutException: Read timed out
13:26:57.059 [ForkJoinPool-1-worker-49] ERROR com.intuit.karate - feature call (loop) failed at index: 1
caller: classpath:InspireTest/def/checkxlinkurl.template.feature
arg: {"link":"http://inspire.ec.europa.eu/metadata-codelist/SpatialDataServiceCategory"}
checkxlinkurl.template.feature:21 - 
java.net.SocketTimeoutException: Read timed out
13:26:57.060 [ForkJoinPool-1-worker-49] INFO  com.intuit.karate - [print] testing xlinkurl:https://www.nationaalgeoregister.nl:443/geonetwork/srv/eng/thesaurus.download?ref=external.theme.httpinspireeceuropaeumetadatacodelistSpatialDataServiceCategory-SpatialDataServiceCategory
13:26:57.072 [ForkJoinPool-1-worker-45] INFO  com.intuit.karate - [print] testing xlinkurl:http://nationaalgeoregister.nl/geonetwork/srv/dut/csw?service=CSW&version=2.0.2&request=GetRecordById&outputschema=http://www.isotc211.org/2005/gmd&elementsetname=full&id=af784610-df36-4d40-bac0-23d8e728999f#MD_DataIdentification
13:26:57.344 [ForkJoinPool-1-worker-49] INFO  com.intuit.karate - [print] testing xlinkurl:
13:26:57.345 [ForkJoinPool-1-worker-49] ERROR com.intuit.karate - org.apache.http.client.ClientProtocolException, http call failed after 0 milliseconds for URL: 
13:26:57.345 [ForkJoinPool-1-worker-49] ERROR com.intuit.karate - http request failed: 
org.apache.http.client.ClientProtocolException
13:26:57.345 [ForkJoinPool-1-worker-49] ERROR com.intuit.karate - feature call (loop) failed at index: 3
caller: classpath:InspireTest/def/checkxlinkurl.template.feature
arg: {"link":""}
checkxlinkurl.template.feature:21 - 
org.apache.http.client.ClientProtocolException
13:26:57.346 [ForkJoinPool-1-worker-49] INFO  com.intuit.karate - [print] testing xlinkurl:
13:26:57.347 [ForkJoinPool-1-worker-49] ERROR com.intuit.karate - org.apache.http.client.ClientProtocolException, http call failed after 0 milliseconds for URL: 
13:26:57.347 [ForkJoinPool-1-worker-49] ERROR com.intuit.karate - http request failed: 
org.apache.http.client.ClientProtocolException
13:26:57.347 [ForkJoinPool-1-worker-49] ERROR com.intuit.karate - feature call (loop) failed at index: 4
caller: classpath:InspireTest/def/checkxlinkurl.template.feature
arg: {"link":""}
checkxlinkurl.template.feature:21 - 
org.apache.http.client.ClientProtocolException
13:26:57.348 [ForkJoinPool-1-worker-49] INFO  com.intuit.karate - [print] testing xlinkurl:
13:26:57.349 [ForkJoinPool-1-worker-49] ERROR com.intuit.karate - org.apache.http.client.ClientProtocolException, http call failed after 0 milliseconds for URL: 
13:26:57.349 [ForkJoinPool-1-worker-49] ERROR com.intuit.karate - http request failed: 
org.apache.http.client.ClientProtocolException
13:26:57.349 [ForkJoinPool-1-worker-49] ERROR com.intuit.karate - feature call (loop) failed at index: 5
caller: classpath:InspireTest/def/checkxlinkurl.template.feature
arg: {"link":""}
checkxlinkurl.template.feature:21 - 
org.apache.http.client.ClientProtocolException
13:26:57.350 [ForkJoinPool-1-worker-49] INFO  com.intuit.karate - [print] testing xlinkurl:
13:26:57.351 [ForkJoinPool-1-worker-49] ERROR com.intuit.karate - org.apache.http.client.ClientProtocolException, http call failed after 0 milliseconds for URL: 
13:26:57.351 [ForkJoinPool-1-worker-49] ERROR com.intuit.karate - http request failed: 
org.apache.http.client.ClientProtocolException
13:26:57.351 [ForkJoinPool-1-worker-49] ERROR com.intuit.karate - feature call (loop) failed at index: 6
caller: classpath:InspireTest/def/checkxlinkurl.template.feature
arg: {"link":""}
checkxlinkurl.template.feature:21 - 
org.apache.http.client.ClientProtocolException
13:26:57.351 [ForkJoinPool-1-worker-49] INFO  com.intuit.karate - [print] testing xlinkurl:
13:26:57.352 [ForkJoinPool-1-worker-49] ERROR com.intuit.karate - org.apache.http.client.ClientProtocolException, http call failed after 0 milliseconds for URL: 
13:26:57.352 [ForkJoinPool-1-worker-49] ERROR com.intuit.karate - http request failed: 
org.apache.http.client.ClientProtocolException
13:26:57.355 [ForkJoinPool-1-worker-49] ERROR com.intuit.karate - feature call (loop) failed at index: 7
caller: classpath:InspireTest/def/checkxlinkurl.template.feature
arg: {"link":""}
checkxlinkurl.template.feature:21 - 
org.apache.http.client.ClientProtocolException
13:26:57.358 [ForkJoinPool-1-worker-49] INFO  com.intuit.karate - [print] testing xlinkurl:
13:26:57.359 [ForkJoinPool-1-worker-49] ERROR com.intuit.karate - org.apache.http.client.ClientProtocolException, http call failed after 0 milliseconds for URL: 
13:26:57.359 [ForkJoinPool-1-worker-49] ERROR com.intuit.karate - http request failed: 
org.apache.http.client.ClientProtocolException
13:26:57.360 [ForkJoinPool-1-worker-49] ERROR com.intuit.karate - feature call (loop) failed at index: 8
caller: classpath:InspireTest/def/checkxlinkurl.template.feature
arg: {"link":""}
checkxlinkurl.template.feature:21 - 
org.apache.http.client.ClientProtocolException
13:26:57.361 [ForkJoinPool-1-worker-45] INFO  com.intuit.karate - [print] testing xlinkurl:http://nationaalgeoregister.nl/geonetwork/srv/dut/csw?service=CSW&version=2.0.2&request=GetRecordById&outputschema=http://www.isotc211.org/2005/gmd&elementsetname=full&id=24eb504e-f5f3-4ecf-b760-cc5630e82a57#MD_DataIdentification
13:26:57.369 [ForkJoinPool-1-worker-49] INFO  com.intuit.karate - [print] testing xlinkurl:http://nationaalgeoregister.nl/geonetwork/srv/en/csw?service=CSW&version=2.0.2&request=GetRecordById&outputschema=http://www.isotc211.org/2005/gmd&elementsetname=full&id=110f9ec6-4464-462e-9765-83d90cefbeag#MD_DataIdentification
13:26:57.935 [ForkJoinPool-1-worker-49] INFO  com.intuit.karate - [print] testing xlinkurl:http://nationaalgeoregister.nl/geonetwork/srv/en/csw?service=CSW&version=2.0.2&request=GetRecordById&outputschema=http://www.isotc211.org/2005/gmd&elementsetname=full&id=110f9ec6-4464-462e-9765-83d90cefbead#MD_DataIdentification
13:26:58.180 [ForkJoinPool-1-worker-45] INFO  com.intuit.karate - [print] testing xlinkurl:http://inspire.ec.europa.eu/metadata-codelist/SpatialDataServiceCategory/infoMapAccessService
13:26:58.502 [ForkJoinPool-1-worker-45] ERROR com.intuit.karate - org.apache.http.conn.HttpHostConnectException: Connect to inspire.ec.europa.eu:443 [inspire.ec.europa.eu/139.191.229.30] failed: Connection refused, http call failed after 107 milliseconds for URL: http://inspire.ec.europa.eu/metadata-codelist/SpatialDataServiceCategory/infoMapAccessService
13:26:58.502 [ForkJoinPool-1-worker-45] ERROR com.intuit.karate - http request failed: 
org.apache.http.conn.HttpHostConnectException: Connect to inspire.ec.europa.eu:443 [inspire.ec.europa.eu/139.191.229.30] failed: Connection refused
13:26:58.502 [ForkJoinPool-1-worker-45] ERROR com.intuit.karate - feature call (loop) failed at index: 0
caller: classpath:InspireTest/def/checkxlinkurl.template.feature
arg: {"link":"http://inspire.ec.europa.eu/metadata-codelist/SpatialDataServiceCategory/infoMapAccessService"}
checkxlinkurl.template.feature:21 - 
org.apache.http.conn.HttpHostConnectException: Connect to inspire.ec.europa.eu:443 [inspire.ec.europa.eu/139.191.229.30] failed: Connection refused
13:26:58.503 [ForkJoinPool-1-worker-45] INFO  com.intuit.karate - [print] testing xlinkurl:http://inspire.ec.europa.eu/metadata-codelist/SpatialDataServiceCategory
13:26:59.008 [ForkJoinPool-1-worker-49] INFO  com.intuit.karate - [print] testing xlinkurl:https://www.nationaalgeoregister.nl/geonetwork/srv/dut/csw?Service=CSW&Request=GetRecordById&Version=2.0.2&id=4d514a2b-4a7e-4686-b9ea-87cb3e17ed52&outputSchema=http://www.isotc211.org/2005/gmd&elementSetName=full#MD_DataIdentification
13:26:59.833 [ForkJoinPool-1-worker-49] INFO  com.intuit.karate - [print] testing xlinkurl:https://www.nationaalgeoregister.nl:443/geonetwork/srv/dut/csw?service=CSW&request=GetRecordById&version=2.0.2&outputSchema=http://www.isotc211.org/2005/gmd&elementSetName=full&id=f44dac86-2228-412f-8355-e56446ca9933#MD_DataIdentification
13:27:00.432 [ForkJoinPool-1-worker-51] ERROR com.intuit.karate - java.net.SocketTimeoutException: Read timed out, http call failed after 5324 milliseconds for URL: http://inspire.ec.europa.eu/metadata-codelist/SpatialDataServiceCategory
13:27:00.433 [ForkJoinPool-1-worker-51] ERROR com.intuit.karate - http request failed: 
java.net.SocketTimeoutException: Read timed out
13:27:00.433 [ForkJoinPool-1-worker-51] ERROR com.intuit.karate - feature call (loop) failed at index: 1
caller: classpath:InspireTest/def/checkxlinkurl.template.feature
arg: {"link":"http://inspire.ec.europa.eu/metadata-codelist/SpatialDataServiceCategory"}
checkxlinkurl.template.feature:21 - 
java.net.SocketTimeoutException: Read timed out
13:27:00.433 [ForkJoinPool-1-worker-51] INFO  com.intuit.karate - [print] testing xlinkurl:https://www.nationaalgeoregister.nl:443/geonetwork/srv/eng/thesaurus.download?ref=external.theme.httpinspireeceuropaeumetadatacodelistSpatialDataServiceCategory-SpatialDataServiceCategory
13:27:00.440 [ForkJoinPool-1-worker-23] ERROR com.intuit.karate - java.net.SocketTimeoutException: Read timed out, http call failed after 5335 milliseconds for URL: http://inspire.ec.europa.eu/metadata-codelist/SpatialDataServiceCategory#
13:27:00.440 [ForkJoinPool-1-worker-23] ERROR com.intuit.karate - http request failed: 
java.net.SocketTimeoutException: Read timed out
13:27:00.440 [ForkJoinPool-1-worker-23] ERROR com.intuit.karate - feature call (loop) failed at index: 3
caller: classpath:InspireTest/def/checkxlinkurl.template.feature
arg: {"link":"http://inspire.ec.europa.eu/metadata-codelist/SpatialDataServiceCategory#"}
checkxlinkurl.template.feature:21 - 
java.net.SocketTimeoutException: Read timed out
13:27:00.441 [ForkJoinPool-1-worker-23] INFO  com.intuit.karate - [print] testing xlinkurl:https://www.nationaalgeoregister.nl/geonetwork/srv/eng/thesaurus.download?ref=external.theme.httpinspireeceuropaeumetadatacodelistSpatialDataServiceCategory-SpatialDataServiceCategory
13:27:00.719 [ForkJoinPool-1-worker-51] INFO  com.intuit.karate - [print] testing xlinkurl:
13:27:00.721 [ForkJoinPool-1-worker-51] ERROR com.intuit.karate - org.apache.http.client.ClientProtocolException, http call failed after 0 milliseconds for URL: 
13:27:00.721 [ForkJoinPool-1-worker-51] ERROR com.intuit.karate - http request failed: 
org.apache.http.client.ClientProtocolException
13:27:00.723 [ForkJoinPool-1-worker-51] ERROR com.intuit.karate - feature call (loop) failed at index: 3
caller: classpath:InspireTest/def/checkxlinkurl.template.feature
arg: {"link":""}
checkxlinkurl.template.feature:21 - 
org.apache.http.client.ClientProtocolException
13:27:00.724 [ForkJoinPool-1-worker-51] INFO  com.intuit.karate - [print] testing xlinkurl:
13:27:00.725 [ForkJoinPool-1-worker-51] ERROR com.intuit.karate - org.apache.http.client.ClientProtocolException, http call failed after 0 milliseconds for URL: 
13:27:00.729 [ForkJoinPool-1-worker-51] ERROR com.intuit.karate - http request failed: 
org.apache.http.client.ClientProtocolException
13:27:00.730 [ForkJoinPool-1-worker-51] ERROR com.intuit.karate - feature call (loop) failed at index: 4
caller: classpath:InspireTest/def/checkxlinkurl.template.feature
arg: {"link":""}
checkxlinkurl.template.feature:21 - 
org.apache.http.client.ClientProtocolException
13:27:00.731 [ForkJoinPool-1-worker-51] INFO  com.intuit.karate - [print] testing xlinkurl:
13:27:00.732 [ForkJoinPool-1-worker-51] ERROR com.intuit.karate - org.apache.http.client.ClientProtocolException, http call failed after 0 milliseconds for URL: 
13:27:00.732 [ForkJoinPool-1-worker-51] ERROR com.intuit.karate - http request failed: 
org.apache.http.client.ClientProtocolException
13:27:00.733 [ForkJoinPool-1-worker-23] INFO  com.intuit.karate - [print] testing xlinkurl:
13:27:00.734 [ForkJoinPool-1-worker-23] ERROR com.intuit.karate - org.apache.http.client.ClientProtocolException, http call failed after 0 milliseconds for URL: 
13:27:00.734 [ForkJoinPool-1-worker-23] ERROR com.intuit.karate - http request failed: 
org.apache.http.client.ClientProtocolException
13:27:00.734 [ForkJoinPool-1-worker-23] ERROR com.intuit.karate - feature call (loop) failed at index: 5
caller: classpath:InspireTest/def/checkxlinkurl.template.feature
arg: {"link":""}
checkxlinkurl.template.feature:21 - 
org.apache.http.client.ClientProtocolException
13:27:00.735 [ForkJoinPool-1-worker-23] INFO  com.intuit.karate - [print] testing xlinkurl:
13:27:00.735 [ForkJoinPool-1-worker-23] ERROR com.intuit.karate - org.apache.http.client.ClientProtocolException, http call failed after 0 milliseconds for URL: 
13:27:00.735 [ForkJoinPool-1-worker-23] ERROR com.intuit.karate - http request failed: 
org.apache.http.client.ClientProtocolException
13:27:00.735 [ForkJoinPool-1-worker-23] ERROR com.intuit.karate - feature call (loop) failed at index: 6
caller: classpath:InspireTest/def/checkxlinkurl.template.feature
arg: {"link":""}
checkxlinkurl.template.feature:21 - 
org.apache.http.client.ClientProtocolException
13:27:00.736 [ForkJoinPool-1-worker-23] INFO  com.intuit.karate - [print] testing xlinkurl:
13:27:00.745 [ForkJoinPool-1-worker-23] ERROR com.intuit.karate - org.apache.http.client.ClientProtocolException, http call failed after 0 milliseconds for URL: 
13:27:00.746 [ForkJoinPool-1-worker-23] ERROR com.intuit.karate - http request failed: 
org.apache.http.client.ClientProtocolException
13:27:00.746 [ForkJoinPool-1-worker-23] ERROR com.intuit.karate - feature call (loop) failed at index: 7
caller: classpath:InspireTest/def/checkxlinkurl.template.feature
arg: {"link":""}
checkxlinkurl.template.feature:21 - 
org.apache.http.client.ClientProtocolException
13:27:00.747 [ForkJoinPool-1-worker-23] INFO  com.intuit.karate - [print] testing xlinkurl:
13:27:00.748 [ForkJoinPool-1-worker-23] ERROR com.intuit.karate - org.apache.http.client.ClientProtocolException, http call failed after 0 milliseconds for URL: 
13:27:00.749 [ForkJoinPool-1-worker-23] ERROR com.intuit.karate - http request failed: 
org.apache.http.client.ClientProtocolException
13:27:00.750 [ForkJoinPool-1-worker-23] ERROR com.intuit.karate - feature call (loop) failed at index: 8
caller: classpath:InspireTest/def/checkxlinkurl.template.feature
arg: {"link":""}
checkxlinkurl.template.feature:21 - 
org.apache.http.client.ClientProtocolException
13:27:00.752 [ForkJoinPool-1-worker-23] INFO  com.intuit.karate - [print] testing xlinkurl:http://nationaalgeoregister.nl/geonetwork/srv/dut/csw?service=CSW&version=2.0.2&request=GetRecordById&outputschema=http://www.isotc211.org/2005/gmd&elementsetname=full&id=d845cef6-0e23-4212-a951-b69763e39ef0#MD_DataIdentification
13:27:00.754 [ForkJoinPool-1-worker-51] ERROR com.intuit.karate - feature call (loop) failed at index: 5
caller: classpath:InspireTest/def/checkxlinkurl.template.feature
arg: {"link":""}
checkxlinkurl.template.feature:21 - 
org.apache.http.client.ClientProtocolException
13:27:00.764 [ForkJoinPool-1-worker-51] INFO  com.intuit.karate - [print] testing xlinkurl:
13:27:00.766 [ForkJoinPool-1-worker-51] ERROR com.intuit.karate - org.apache.http.client.ClientProtocolException, http call failed after 0 milliseconds for URL: 
13:27:00.767 [ForkJoinPool-1-worker-51] ERROR com.intuit.karate - http request failed: 
org.apache.http.client.ClientProtocolException
13:27:00.767 [ForkJoinPool-1-worker-51] ERROR com.intuit.karate - feature call (loop) failed at index: 6
caller: classpath:InspireTest/def/checkxlinkurl.template.feature
arg: {"link":""}
checkxlinkurl.template.feature:21 - 
org.apache.http.client.ClientProtocolException
13:27:00.768 [ForkJoinPool-1-worker-51] INFO  com.intuit.karate - [print] testing xlinkurl:
13:27:00.770 [ForkJoinPool-1-worker-51] ERROR com.intuit.karate - org.apache.http.client.ClientProtocolException, http call failed after 0 milliseconds for URL: 
13:27:00.771 [ForkJoinPool-1-worker-51] ERROR com.intuit.karate - http request failed: 
org.apache.http.client.ClientProtocolException
13:27:00.771 [ForkJoinPool-1-worker-51] ERROR com.intuit.karate - feature call (loop) failed at index: 7
caller: classpath:InspireTest/def/checkxlinkurl.template.feature
arg: {"link":""}
checkxlinkurl.template.feature:21 - 
org.apache.http.client.ClientProtocolException
13:27:00.772 [ForkJoinPool-1-worker-51] INFO  com.intuit.karate - [print] testing xlinkurl:
13:27:00.774 [ForkJoinPool-1-worker-51] ERROR com.intuit.karate - org.apache.http.client.ClientProtocolException, http call failed after 0 milliseconds for URL: 
13:27:00.774 [ForkJoinPool-1-worker-51] ERROR com.intuit.karate - http request failed: 
org.apache.http.client.ClientProtocolException
13:27:00.775 [ForkJoinPool-1-worker-51] ERROR com.intuit.karate - feature call (loop) failed at index: 8
caller: classpath:InspireTest/def/checkxlinkurl.template.feature
arg: {"link":""}
checkxlinkurl.template.feature:21 - 
org.apache.http.client.ClientProtocolException
13:27:00.775 [ForkJoinPool-1-worker-51] INFO  com.intuit.karate - [print] testing xlinkurl:
13:27:00.777 [ForkJoinPool-1-worker-51] ERROR com.intuit.karate - org.apache.http.client.ClientProtocolException, http call failed after 0 milliseconds for URL: 
13:27:00.778 [ForkJoinPool-1-worker-51] ERROR com.intuit.karate - http request failed: 
org.apache.http.client.ClientProtocolException
13:27:00.778 [ForkJoinPool-1-worker-51] ERROR com.intuit.karate - feature call (loop) failed at index: 9
caller: classpath:InspireTest/def/checkxlinkurl.template.feature
arg: {"link":""}
checkxlinkurl.template.feature:21 - 
org.apache.http.client.ClientProtocolException
13:27:00.780 [ForkJoinPool-1-worker-51] INFO  com.intuit.karate - [print] testing xlinkurl:
13:27:00.781 [ForkJoinPool-1-worker-51] ERROR com.intuit.karate - org.apache.http.client.ClientProtocolException, http call failed after 0 milliseconds for URL: 
13:27:00.782 [ForkJoinPool-1-worker-51] ERROR com.intuit.karate - http request failed: 
org.apache.http.client.ClientProtocolException
13:27:00.783 [ForkJoinPool-1-worker-51] ERROR com.intuit.karate - feature call (loop) failed at index: 10
caller: classpath:InspireTest/def/checkxlinkurl.template.feature
arg: {"link":""}
checkxlinkurl.template.feature:21 - 
org.apache.http.client.ClientProtocolException
13:27:00.783 [ForkJoinPool-1-worker-51] INFO  com.intuit.karate - [print] testing xlinkurl:https://nationaalgeoregister.nl/geonetwork/srv/en/csw?service=CSW&version=2.0.2&request=GetRecordById&outputschema=http://www.isotc211.org/2005/gmd&elementsetname=full&id=29c17585-e702-463f-a5dc-99d34b17d333#MD_DataIdentification
13:27:00.967 [ForkJoinPool-1-worker-49] INFO  com.intuit.karate - [print] testing xlinkurl:http://inspire.ec.europa.eu/metadata-codelist/SpatialDataServiceCategory/infoMapAccessService
13:27:01.286 [ForkJoinPool-1-worker-49] ERROR com.intuit.karate - org.apache.http.conn.HttpHostConnectException: Connect to inspire.ec.europa.eu:443 [inspire.ec.europa.eu/139.191.229.30] failed: Connection refused, http call failed after 105 milliseconds for URL: http://inspire.ec.europa.eu/metadata-codelist/SpatialDataServiceCategory/infoMapAccessService
13:27:01.286 [ForkJoinPool-1-worker-49] ERROR com.intuit.karate - http request failed: 
org.apache.http.conn.HttpHostConnectException: Connect to inspire.ec.europa.eu:443 [inspire.ec.europa.eu/139.191.229.30] failed: Connection refused
13:27:01.287 [ForkJoinPool-1-worker-49] ERROR com.intuit.karate - feature call (loop) failed at index: 0
caller: classpath:InspireTest/def/checkxlinkurl.template.feature
arg: {"link":"http://inspire.ec.europa.eu/metadata-codelist/SpatialDataServiceCategory/infoMapAccessService"}
checkxlinkurl.template.feature:21 - 
org.apache.http.conn.HttpHostConnectException: Connect to inspire.ec.europa.eu:443 [inspire.ec.europa.eu/139.191.229.30] failed: Connection refused
13:27:01.291 [ForkJoinPool-1-worker-49] INFO  com.intuit.karate - [print] testing xlinkurl:http://inspire.ec.europa.eu/metadata-codelist/SpatialDataServiceCategory
13:27:01.613 [ForkJoinPool-1-worker-49] ERROR com.intuit.karate - org.apache.http.conn.HttpHostConnectException: Connect to inspire.ec.europa.eu:443 [inspire.ec.europa.eu/139.191.229.30] failed: Connection refused, http call failed after 107 milliseconds for URL: http://inspire.ec.europa.eu/metadata-codelist/SpatialDataServiceCategory
13:27:01.614 [ForkJoinPool-1-worker-49] ERROR com.intuit.karate - http request failed: 
org.apache.http.conn.HttpHostConnectException: Connect to inspire.ec.europa.eu:443 [inspire.ec.europa.eu/139.191.229.30] failed: Connection refused
13:27:01.615 [ForkJoinPool-1-worker-49] ERROR com.intuit.karate - feature call (loop) failed at index: 1
caller: classpath:InspireTest/def/checkxlinkurl.template.feature
arg: {"link":"http://inspire.ec.europa.eu/metadata-codelist/SpatialDataServiceCategory"}
checkxlinkurl.template.feature:21 - 
org.apache.http.conn.HttpHostConnectException: Connect to inspire.ec.europa.eu:443 [inspire.ec.europa.eu/139.191.229.30] failed: Connection refused
13:27:01.617 [ForkJoinPool-1-worker-49] INFO  com.intuit.karate - [print] testing xlinkurl:https://www.nationaalgeoregister.nl:443/geonetwork/srv/eng/thesaurus.download?ref=external.theme.httpinspireeceuropaeumetadatacodelistSpatialDataServiceCategory-SpatialDataServiceCategory
13:27:01.763 [ForkJoinPool-1-worker-23] INFO  com.intuit.karate - [print] testing xlinkurl:
13:27:01.764 [ForkJoinPool-1-worker-23] ERROR com.intuit.karate - org.apache.http.client.ClientProtocolException, http call failed after 0 milliseconds for URL: 
13:27:01.765 [ForkJoinPool-1-worker-23] ERROR com.intuit.karate - http request failed: 
org.apache.http.client.ClientProtocolException
13:27:01.766 [ForkJoinPool-1-worker-23] ERROR com.intuit.karate - feature call (loop) failed at index: 0
caller: classpath:InspireTest/def/checkxlinkurl.template.feature
arg: {"link":""}
checkxlinkurl.template.feature:21 - 
org.apache.http.client.ClientProtocolException
13:27:01.768 [ForkJoinPool-1-worker-23] INFO  com.intuit.karate - [print] testing xlinkurl:http://www.nationaalgeoregister.nl/geonetwork/srv/nl/csw?Service=CSW&Request=GetRecordById&Version=2.0.2&id=88e2a6fa-b296-4ff4-bc30-fb87e2c1627e&outputSchema=http://www.isotc211.org/2005/gmd&elementSetName=full#MD_DataIdentification
13:27:01.900 [ForkJoinPool-1-worker-49] INFO  com.intuit.karate - [print] testing xlinkurl:
13:27:01.901 [ForkJoinPool-1-worker-49] ERROR com.intuit.karate - org.apache.http.client.ClientProtocolException, http call failed after 0 milliseconds for URL: 
13:27:01.901 [ForkJoinPool-1-worker-49] ERROR com.intuit.karate - http request failed: 
org.apache.http.client.ClientProtocolException
13:27:01.902 [ForkJoinPool-1-worker-49] ERROR com.intuit.karate - feature call (loop) failed at index: 3
caller: classpath:InspireTest/def/checkxlinkurl.template.feature
arg: {"link":""}
checkxlinkurl.template.feature:21 - 
org.apache.http.client.ClientProtocolException
13:27:01.903 [ForkJoinPool-1-worker-49] INFO  com.intuit.karate - [print] testing xlinkurl:
13:27:01.904 [ForkJoinPool-1-worker-49] ERROR com.intuit.karate - org.apache.http.client.ClientProtocolException, http call failed after 0 milliseconds for URL: 
13:27:01.904 [ForkJoinPool-1-worker-49] ERROR com.intuit.karate - http request failed: 
org.apache.http.client.ClientProtocolException
13:27:01.904 [ForkJoinPool-1-worker-49] ERROR com.intuit.karate - feature call (loop) failed at index: 4
caller: classpath:InspireTest/def/checkxlinkurl.template.feature
arg: {"link":""}
checkxlinkurl.template.feature:21 - 
org.apache.http.client.ClientProtocolException
13:27:01.905 [ForkJoinPool-1-worker-49] INFO  com.intuit.karate - [print] testing xlinkurl:
13:27:01.906 [ForkJoinPool-1-worker-49] ERROR com.intuit.karate - org.apache.http.client.ClientProtocolException, http call failed after 0 milliseconds for URL: 
13:27:01.906 [ForkJoinPool-1-worker-49] ERROR com.intuit.karate - http request failed: 
org.apache.http.client.ClientProtocolException
13:27:01.906 [ForkJoinPool-1-worker-49] ERROR com.intuit.karate - feature call (loop) failed at index: 5
caller: classpath:InspireTest/def/checkxlinkurl.template.feature
arg: {"link":""}
checkxlinkurl.template.feature:21 - 
org.apache.http.client.ClientProtocolException
13:27:01.907 [ForkJoinPool-1-worker-49] INFO  com.intuit.karate - [print] testing xlinkurl:http://www.nationaalgeoregister.nl/geonetwork/srv/dut/csw?service=CSW&request=GetRecordById&version=2.0.2&outputSchema=http://www.isotc211.org/2005/gmd&elementSetName=full&id=50a2c5e6-c8e7-425d-854e-26f578196bc9#MD_DataIdentification
13:27:02.004 [ForkJoinPool-1-worker-37] ERROR com.intuit.karate - java.net.SocketTimeoutException: Read timed out, http call failed after 5336 milliseconds for URL: http://inspire.ec.europa.eu/metadata-codelist/SpatialDataServiceCategory#
13:27:02.004 [ForkJoinPool-1-worker-37] ERROR com.intuit.karate - http request failed: 
java.net.SocketTimeoutException: Read timed out
13:27:02.005 [ForkJoinPool-1-worker-37] ERROR com.intuit.karate - feature call (loop) failed at index: 3
caller: classpath:InspireTest/def/checkxlinkurl.template.feature
arg: {"link":"http://inspire.ec.europa.eu/metadata-codelist/SpatialDataServiceCategory#"}
checkxlinkurl.template.feature:21 - 
java.net.SocketTimeoutException: Read timed out
13:27:02.005 [ForkJoinPool-1-worker-37] INFO  com.intuit.karate - [print] testing xlinkurl:https://www.nationaalgeoregister.nl/geonetwork/srv/eng/thesaurus.download?ref=external.theme.httpinspireeceuropaeumetadatacodelistSpatialDataServiceCategory-SpatialDataServiceCategory
13:27:02.017 [ForkJoinPool-1-worker-51] INFO  com.intuit.karate - [print] testing xlinkurl:http://rdfdata.eionet.europa.eu/inspirethemes/themes/16
13:27:02.138 [ForkJoinPool-1-worker-23] INFO  com.intuit.karate - [print] [
  "http://inspire.ec.europa.eu/metadata-codelist/PriorityDataset/HabitatTypesDistribution-dir-1992-43"
]

13:27:02.146 [ForkJoinPool-1-worker-23] INFO  com.intuit.karate - [print] testing xlinkurl:http://inspire.ec.europa.eu/metadata-codelist/PriorityDataset/HabitatTypesDistribution-dir-1992-43
13:27:02.223 [ForkJoinPool-1-worker-51] ERROR com.intuit.karate - assertion failed: path: $, actual: 404, expected: 200, reason: not equal (Integer)
13:27:02.223 [ForkJoinPool-1-worker-51] ERROR com.intuit.karate - feature call (loop) failed at index: 0
caller: classpath:InspireTest/def/checkxlinkurl.template.feature
arg: {"link":"http://rdfdata.eionet.europa.eu/inspirethemes/themes/16"}
checkxlinkurl.template.feature:28 - path: $, actual: 404, expected: 200, reason: not equal (Integer)
13:27:02.225 [ForkJoinPool-1-worker-51] INFO  com.intuit.karate - [print] testing xlinkurl:http://geonetwork-opensource.org/inspire-theme#
13:27:02.285 [ForkJoinPool-1-worker-37] INFO  com.intuit.karate - [print] testing xlinkurl:
13:27:02.286 [ForkJoinPool-1-worker-37] ERROR com.intuit.karate - org.apache.http.client.ClientProtocolException, http call failed after 0 milliseconds for URL: 
13:27:02.286 [ForkJoinPool-1-worker-37] ERROR com.intuit.karate - http request failed: 
org.apache.http.client.ClientProtocolException
13:27:02.286 [ForkJoinPool-1-worker-37] ERROR com.intuit.karate - feature call (loop) failed at index: 5
caller: classpath:InspireTest/def/checkxlinkurl.template.feature
arg: {"link":""}
checkxlinkurl.template.feature:21 - 
org.apache.http.client.ClientProtocolException
13:27:02.287 [ForkJoinPool-1-worker-37] INFO  com.intuit.karate - [print] testing xlinkurl:
13:27:02.287 [ForkJoinPool-1-worker-37] ERROR com.intuit.karate - org.apache.http.client.ClientProtocolException, http call failed after 0 milliseconds for URL: 
13:27:02.287 [ForkJoinPool-1-worker-37] ERROR com.intuit.karate - http request failed: 
org.apache.http.client.ClientProtocolException
13:27:02.287 [ForkJoinPool-1-worker-37] ERROR com.intuit.karate - feature call (loop) failed at index: 6
caller: classpath:InspireTest/def/checkxlinkurl.template.feature
arg: {"link":""}
checkxlinkurl.template.feature:21 - 
org.apache.http.client.ClientProtocolException
13:27:02.288 [ForkJoinPool-1-worker-37] INFO  com.intuit.karate - [print] testing xlinkurl:
13:27:02.291 [ForkJoinPool-1-worker-37] ERROR com.intuit.karate - org.apache.http.client.ClientProtocolException, http call failed after 0 milliseconds for URL: 
13:27:02.291 [ForkJoinPool-1-worker-37] ERROR com.intuit.karate - http request failed: 
org.apache.http.client.ClientProtocolException
13:27:02.291 [ForkJoinPool-1-worker-37] ERROR com.intuit.karate - feature call (loop) failed at index: 7
caller: classpath:InspireTest/def/checkxlinkurl.template.feature
arg: {"link":""}
checkxlinkurl.template.feature:21 - 
org.apache.http.client.ClientProtocolException
13:27:02.294 [ForkJoinPool-1-worker-37] INFO  com.intuit.karate - [print] testing xlinkurl:https://nationaalgeoregister.nl/geonetwork/srv/en/csw?service=CSW&version=2.0.2&request=GetRecordById&outputschema=http://www.isotc211.org/2005/gmd&elementsetname=full&id=6318009c-7b11-4ab9-9929-735584dfb692#MD_DataIdentification
13:27:02.365 [ForkJoinPool-1-worker-49] INFO  com.intuit.karate - [print] [
  "http://inspire.ec.europa.eu/metadata-codelist/PriorityDataset/HabitatTypesRange-dir-1992-43"
]

13:27:02.370 [ForkJoinPool-1-worker-49] INFO  com.intuit.karate - [print] testing xlinkurl:http://inspire.ec.europa.eu/metadata-codelist/PriorityDataset/HabitatTypesRange-dir-1992-43
13:27:02.549 [ForkJoinPool-1-worker-59] ERROR com.intuit.karate - java.net.SocketTimeoutException: Read timed out, http call failed after 5327 milliseconds for URL: http://inspire.ec.europa.eu/metadata-codelist/SpatialDataServiceCategory
13:27:02.549 [ForkJoinPool-1-worker-59] ERROR com.intuit.karate - http request failed: 
java.net.SocketTimeoutException: Read timed out
13:27:02.549 [ForkJoinPool-1-worker-59] ERROR com.intuit.karate - feature call (loop) failed at index: 1
caller: classpath:InspireTest/def/checkxlinkurl.template.feature
arg: {"link":"http://inspire.ec.europa.eu/metadata-codelist/SpatialDataServiceCategory"}
checkxlinkurl.template.feature:21 - 
java.net.SocketTimeoutException: Read timed out
13:27:02.550 [ForkJoinPool-1-worker-59] INFO  com.intuit.karate - [print] testing xlinkurl:https://www.nationaalgeoregister.nl:443/geonetwork/srv/eng/thesaurus.download?ref=external.theme.httpinspireeceuropaeumetadatacodelistSpatialDataServiceCategory-SpatialDataServiceCategory
13:27:02.826 [ForkJoinPool-1-worker-51] ERROR com.intuit.karate - assertion failed: path: $, actual: 404, expected: 200, reason: not equal (Integer)
13:27:02.826 [ForkJoinPool-1-worker-51] ERROR com.intuit.karate - feature call (loop) failed at index: 1
caller: classpath:InspireTest/def/checkxlinkurl.template.feature
arg: {"link":"http://geonetwork-opensource.org/inspire-theme#"}
checkxlinkurl.template.feature:28 - path: $, actual: 404, expected: 200, reason: not equal (Integer)
13:27:02.827 [ForkJoinPool-1-worker-51] INFO  com.intuit.karate - [print] testing xlinkurl:http://inspire.ec.europa.eu/metadata-codelist/SpatialDataServiceCategory/infoMapAccessService
13:27:02.833 [ForkJoinPool-1-worker-59] INFO  com.intuit.karate - [print] testing xlinkurl:
13:27:02.834 [ForkJoinPool-1-worker-59] ERROR com.intuit.karate - org.apache.http.client.ClientProtocolException, http call failed after 0 milliseconds for URL: 
13:27:02.835 [ForkJoinPool-1-worker-59] ERROR com.intuit.karate - http request failed: 
org.apache.http.client.ClientProtocolException
13:27:02.836 [ForkJoinPool-1-worker-59] ERROR com.intuit.karate - feature call (loop) failed at index: 3
caller: classpath:InspireTest/def/checkxlinkurl.template.feature
arg: {"link":""}
checkxlinkurl.template.feature:21 - 
org.apache.http.client.ClientProtocolException
13:27:02.838 [ForkJoinPool-1-worker-59] INFO  com.intuit.karate - [print] testing xlinkurl:
13:27:02.838 [ForkJoinPool-1-worker-59] ERROR com.intuit.karate - org.apache.http.client.ClientProtocolException, http call failed after 0 milliseconds for URL: 
13:27:02.839 [ForkJoinPool-1-worker-59] ERROR com.intuit.karate - http request failed: 
org.apache.http.client.ClientProtocolException
13:27:02.840 [ForkJoinPool-1-worker-59] ERROR com.intuit.karate - feature call (loop) failed at index: 4
caller: classpath:InspireTest/def/checkxlinkurl.template.feature
arg: {"link":""}
checkxlinkurl.template.feature:21 - 
org.apache.http.client.ClientProtocolException
13:27:02.841 [ForkJoinPool-1-worker-59] INFO  com.intuit.karate - [print] testing xlinkurl:
13:27:02.842 [ForkJoinPool-1-worker-59] ERROR com.intuit.karate - org.apache.http.client.ClientProtocolException, http call failed after 0 milliseconds for URL: 
13:27:02.843 [ForkJoinPool-1-worker-59] ERROR com.intuit.karate - http request failed: 
org.apache.http.client.ClientProtocolException
13:27:02.844 [ForkJoinPool-1-worker-59] ERROR com.intuit.karate - feature call (loop) failed at index: 5
caller: classpath:InspireTest/def/checkxlinkurl.template.feature
arg: {"link":""}
checkxlinkurl.template.feature:21 - 
org.apache.http.client.ClientProtocolException
13:27:02.846 [ForkJoinPool-1-worker-59] INFO  com.intuit.karate - [print] testing xlinkurl:
13:27:02.848 [ForkJoinPool-1-worker-59] ERROR com.intuit.karate - org.apache.http.client.ClientProtocolException, http call failed after 0 milliseconds for URL: 
13:27:02.851 [ForkJoinPool-1-worker-59] ERROR com.intuit.karate - http request failed: 
org.apache.http.client.ClientProtocolException
13:27:02.852 [ForkJoinPool-1-worker-59] ERROR com.intuit.karate - feature call (loop) failed at index: 6
caller: classpath:InspireTest/def/checkxlinkurl.template.feature
arg: {"link":""}
checkxlinkurl.template.feature:21 - 
org.apache.http.client.ClientProtocolException
13:27:02.855 [ForkJoinPool-1-worker-59] INFO  com.intuit.karate - [print] testing xlinkurl:
13:27:02.856 [ForkJoinPool-1-worker-59] ERROR com.intuit.karate - org.apache.http.client.ClientProtocolException, http call failed after 0 milliseconds for URL: 
13:27:02.858 [ForkJoinPool-1-worker-59] ERROR com.intuit.karate - http request failed: 
org.apache.http.client.ClientProtocolException
13:27:02.859 [ForkJoinPool-1-worker-59] ERROR com.intuit.karate - feature call (loop) failed at index: 7
caller: classpath:InspireTest/def/checkxlinkurl.template.feature
arg: {"link":""}
checkxlinkurl.template.feature:21 - 
org.apache.http.client.ClientProtocolException
13:27:02.862 [ForkJoinPool-1-worker-59] INFO  com.intuit.karate - [print] testing xlinkurl:
13:27:02.863 [ForkJoinPool-1-worker-59] ERROR com.intuit.karate - org.apache.http.client.ClientProtocolException, http call failed after 0 milliseconds for URL: 
13:27:02.865 [ForkJoinPool-1-worker-59] ERROR com.intuit.karate - http request failed: 
org.apache.http.client.ClientProtocolException
13:27:02.866 [ForkJoinPool-1-worker-59] ERROR com.intuit.karate - feature call (loop) failed at index: 8
caller: classpath:InspireTest/def/checkxlinkurl.template.feature
arg: {"link":""}
checkxlinkurl.template.feature:21 - 
org.apache.http.client.ClientProtocolException
13:27:02.867 [ForkJoinPool-1-worker-59] INFO  com.intuit.karate - [print] testing xlinkurl:
13:27:02.873 [ForkJoinPool-1-worker-59] ERROR com.intuit.karate - org.apache.http.client.ClientProtocolException, http call failed after 0 milliseconds for URL: 
13:27:02.874 [ForkJoinPool-1-worker-59] ERROR com.intuit.karate - http request failed: 
org.apache.http.client.ClientProtocolException
13:27:02.875 [ForkJoinPool-1-worker-59] ERROR com.intuit.karate - feature call (loop) failed at index: 9
caller: classpath:InspireTest/def/checkxlinkurl.template.feature
arg: {"link":""}
checkxlinkurl.template.feature:21 - 
org.apache.http.client.ClientProtocolException
13:27:02.877 [ForkJoinPool-1-worker-59] INFO  com.intuit.karate - [print] testing xlinkurl:
13:27:02.879 [ForkJoinPool-1-worker-59] ERROR com.intuit.karate - org.apache.http.client.ClientProtocolException, http call failed after 0 milliseconds for URL: 
13:27:02.880 [ForkJoinPool-1-worker-59] ERROR com.intuit.karate - http request failed: 
org.apache.http.client.ClientProtocolException
13:27:02.881 [ForkJoinPool-1-worker-59] ERROR com.intuit.karate - feature call (loop) failed at index: 10
caller: classpath:InspireTest/def/checkxlinkurl.template.feature
arg: {"link":""}
checkxlinkurl.template.feature:21 - 
org.apache.http.client.ClientProtocolException
13:27:02.883 [ForkJoinPool-1-worker-59] INFO  com.intuit.karate - [print] testing xlinkurl:http://nationaalgeoregister.nl/geonetwork/srv/dut/csw?service=CSW&version=2.0.2&request=GetRecordById&outputschema=http://www.isotc211.org/2005/gmd&elementsetname=full&id=be1b1514-8d1f-48e1-9624-fee9b784138b#MD_DataIdentification
13:27:02.946 [ForkJoinPool-1-worker-37] INFO  com.intuit.karate - [print] [
  "http://inspire.ec.europa.eu/metadata-codelist/PriorityDataset/IndustrialSites-EURegistry-reg-2006-166"
]

13:27:02.951 [ForkJoinPool-1-worker-37] INFO  com.intuit.karate - [print] testing xlinkurl:http://inspire.ec.europa.eu/metadata-codelist/PriorityDataset/IndustrialSites-EURegistry-reg-2006-166
13:27:03.356 [ForkJoinPool-1-worker-59] INFO  com.intuit.karate - [print] testing xlinkurl:http://nationaalgeoregister.nl/geonetwork/srv/dut/csw?service=CSW&version=2.0.2&request=GetRecordById&outputschema=http://www.isotc211.org/2005/gmd&elementsetname=full&id=db60a314-5583-437d-a2ff-1e59cc57704e#MD_DataIdentification
13:27:03.543 [ForkJoinPool-1-worker-59] INFO  com.intuit.karate - [print] [
  "http://inspire.ec.europa.eu/metadata-codelist/PriorityDataset/InvasiveAlienSpeciesDistribution-reg-2014-1143"
]

13:27:03.548 [ForkJoinPool-1-worker-59] INFO  com.intuit.karate - [print] testing xlinkurl:http://inspire.ec.europa.eu/metadata-codelist/PriorityDataset/InvasiveAlienSpeciesDistribution-reg-2014-1143
13:27:03.868 [ForkJoinPool-1-worker-59] ERROR com.intuit.karate - org.apache.http.conn.HttpHostConnectException: Connect to inspire.ec.europa.eu:443 [inspire.ec.europa.eu/139.191.229.30] failed: Connection refused, http call failed after 107 milliseconds for URL: http://inspire.ec.europa.eu/metadata-codelist/PriorityDataset/InvasiveAlienSpeciesDistribution-reg-2014-1143
13:27:03.868 [ForkJoinPool-1-worker-59] ERROR com.intuit.karate - http request failed: 
org.apache.http.conn.HttpHostConnectException: Connect to inspire.ec.europa.eu:443 [inspire.ec.europa.eu/139.191.229.30] failed: Connection refused
13:27:03.868 [ForkJoinPool-1-worker-59] ERROR com.intuit.karate - feature call (loop) failed at index: 0
caller: classpath:InspireTest/def/checkxlinkurl.template.feature
arg: {"link":"http://inspire.ec.europa.eu/metadata-codelist/PriorityDataset/InvasiveAlienSpeciesDistribution-reg-2014-1143"}
checkxlinkurl.template.feature:21 - 
org.apache.http.conn.HttpHostConnectException: Connect to inspire.ec.europa.eu:443 [inspire.ec.europa.eu/139.191.229.30] failed: Connection refused
13:27:03.869 [ForkJoinPool-1-worker-59] INFO  com.intuit.karate - [print] [
  "http://inspire.ec.europa.eu/metadata-codelist/PriorityDataset/Lakes-dir-2000-60"
]

13:27:03.876 [ForkJoinPool-1-worker-59] INFO  com.intuit.karate - [print] testing xlinkurl:http://inspire.ec.europa.eu/metadata-codelist/PriorityDataset/Lakes-dir-2000-60
13:27:04.054 [ForkJoinPool-1-worker-45] ERROR com.intuit.karate - java.net.SocketTimeoutException: Read timed out, http call failed after 5336 milliseconds for URL: http://inspire.ec.europa.eu/metadata-codelist/SpatialDataServiceCategory
13:27:04.054 [ForkJoinPool-1-worker-45] ERROR com.intuit.karate - http request failed: 
java.net.SocketTimeoutException: Read timed out
13:27:04.054 [ForkJoinPool-1-worker-45] ERROR com.intuit.karate - feature call (loop) failed at index: 1
caller: classpath:InspireTest/def/checkxlinkurl.template.feature
arg: {"link":"http://inspire.ec.europa.eu/metadata-codelist/SpatialDataServiceCategory"}
checkxlinkurl.template.feature:21 - 
java.net.SocketTimeoutException: Read timed out
13:27:04.056 [ForkJoinPool-1-worker-45] INFO  com.intuit.karate - [print] testing xlinkurl:https://www.nationaalgeoregister.nl:443/geonetwork/srv/eng/thesaurus.download?ref=external.theme.httpinspireeceuropaeumetadatacodelistSpatialDataServiceCategory-SpatialDataServiceCategory
13:27:04.198 [ForkJoinPool-1-worker-59] ERROR com.intuit.karate - org.apache.http.conn.HttpHostConnectException: Connect to inspire.ec.europa.eu:443 [inspire.ec.europa.eu/139.191.229.30] failed: Connection refused, http call failed after 107 milliseconds for URL: http://inspire.ec.europa.eu/metadata-codelist/PriorityDataset/Lakes-dir-2000-60
13:27:04.198 [ForkJoinPool-1-worker-59] ERROR com.intuit.karate - http request failed: 
org.apache.http.conn.HttpHostConnectException: Connect to inspire.ec.europa.eu:443 [inspire.ec.europa.eu/139.191.229.30] failed: Connection refused
13:27:04.200 [ForkJoinPool-1-worker-59] ERROR com.intuit.karate - feature call (loop) failed at index: 0
caller: classpath:InspireTest/def/checkxlinkurl.template.feature
arg: {"link":"http://inspire.ec.europa.eu/metadata-codelist/PriorityDataset/Lakes-dir-2000-60"}
checkxlinkurl.template.feature:21 - 
org.apache.http.conn.HttpHostConnectException: Connect to inspire.ec.europa.eu:443 [inspire.ec.europa.eu/139.191.229.30] failed: Connection refused
13:27:04.202 [ForkJoinPool-1-worker-59] INFO  com.intuit.karate - [print] [
  "http://inspire.ec.europa.eu/metadata-codelist/PriorityDataset/MajorAirportsNoiseExposureDelineationDEN-dir-2002-49"
]

13:27:04.207 [ForkJoinPool-1-worker-59] INFO  com.intuit.karate - [print] testing xlinkurl:http://inspire.ec.europa.eu/metadata-codelist/PriorityDataset/MajorAirportsNoiseExposureDelineationDEN-dir-2002-49
13:27:04.340 [ForkJoinPool-1-worker-45] INFO  com.intuit.karate - [print] testing xlinkurl:
13:27:04.341 [ForkJoinPool-1-worker-45] ERROR com.intuit.karate - org.apache.http.client.ClientProtocolException, http call failed after 0 milliseconds for URL: 
13:27:04.341 [ForkJoinPool-1-worker-45] ERROR com.intuit.karate - http request failed: 
org.apache.http.client.ClientProtocolException
13:27:04.341 [ForkJoinPool-1-worker-45] ERROR com.intuit.karate - feature call (loop) failed at index: 3
caller: classpath:InspireTest/def/checkxlinkurl.template.feature
arg: {"link":""}
checkxlinkurl.template.feature:21 - 
org.apache.http.client.ClientProtocolException
13:27:04.342 [ForkJoinPool-1-worker-45] INFO  com.intuit.karate - [print] testing xlinkurl:
13:27:04.343 [ForkJoinPool-1-worker-45] ERROR com.intuit.karate - org.apache.http.client.ClientProtocolException, http call failed after 0 milliseconds for URL: 
13:27:04.343 [ForkJoinPool-1-worker-45] ERROR com.intuit.karate - http request failed: 
org.apache.http.client.ClientProtocolException
13:27:04.343 [ForkJoinPool-1-worker-45] ERROR com.intuit.karate - feature call (loop) failed at index: 4
caller: classpath:InspireTest/def/checkxlinkurl.template.feature
arg: {"link":""}
checkxlinkurl.template.feature:21 - 
org.apache.http.client.ClientProtocolException
13:27:04.344 [ForkJoinPool-1-worker-45] INFO  com.intuit.karate - [print] testing xlinkurl:
13:27:04.345 [ForkJoinPool-1-worker-45] ERROR com.intuit.karate - org.apache.http.client.ClientProtocolException, http call failed after 0 milliseconds for URL: 
13:27:04.345 [ForkJoinPool-1-worker-45] ERROR com.intuit.karate - http request failed: 
org.apache.http.client.ClientProtocolException
13:27:04.346 [ForkJoinPool-1-worker-45] ERROR com.intuit.karate - feature call (loop) failed at index: 5
caller: classpath:InspireTest/def/checkxlinkurl.template.feature
arg: {"link":""}
checkxlinkurl.template.feature:21 - 
org.apache.http.client.ClientProtocolException
13:27:04.346 [ForkJoinPool-1-worker-45] INFO  com.intuit.karate - [print] testing xlinkurl:http://www.nationaalgeoregister.nl/geonetwork/srv/en/csw?service=CSW&request=GetRecordById&version=2.0.2&outputSchema=http://www.isotc211.org/2005/gmd&elementSetName=full&id=f2f86edf-ac3a-48e8-9292-0544da2d7645#MD_DataIdentification
13:27:04.974 [ForkJoinPool-1-worker-45] INFO  com.intuit.karate - [print] [
  "http://inspire.ec.europa.eu/metadata-codelist/PriorityDataset/MajorAirportsNoiseExposureDelineationNight-dir-2002-49"
]

13:27:04.978 [ForkJoinPool-1-worker-45] INFO  com.intuit.karate - [print] testing xlinkurl:http://inspire.ec.europa.eu/metadata-codelist/PriorityDataset/MajorAirportsNoiseExposureDelineationNight-dir-2002-49
13:27:05.149 [ForkJoinPool-1-worker-27] INFO  com.intuit.karate - [print] [
  "http://inspire.ec.europa.eu/metadata-codelist/PriorityDataset/MajorRailwaysNoiseExposureDelineationDEN-dir-2002-49"
]

13:27:05.160 [ForkJoinPool-1-worker-27] INFO  com.intuit.karate - [print] testing xlinkurl:http://inspire.ec.europa.eu/metadata-codelist/PriorityDataset/MajorRailwaysNoiseExposureDelineationDEN-dir-2002-49
13:27:08.373 [ForkJoinPool-1-worker-51] ERROR com.intuit.karate - java.net.SocketTimeoutException: Read timed out, http call failed after 5329 milliseconds for URL: http://inspire.ec.europa.eu/metadata-codelist/SpatialDataServiceCategory/infoMapAccessService
13:27:08.373 [ForkJoinPool-1-worker-51] ERROR com.intuit.karate - http request failed: 
java.net.SocketTimeoutException: Read timed out
13:27:08.374 [ForkJoinPool-1-worker-51] ERROR com.intuit.karate - feature call (loop) failed at index: 2
caller: classpath:InspireTest/def/checkxlinkurl.template.feature
arg: {"link":"http://inspire.ec.europa.eu/metadata-codelist/SpatialDataServiceCategory/infoMapAccessService"}
checkxlinkurl.template.feature:21 - 
java.net.SocketTimeoutException: Read timed out
13:27:08.375 [ForkJoinPool-1-worker-51] INFO  com.intuit.karate - [print] testing xlinkurl:http://inspire.ec.europa.eu/metadata-codelist/SpatialDataServiceCategory#
13:27:11.266 [ForkJoinPool-1-worker-39] INFO  com.intuit.karate - [print] [
  "http://inspire.ec.europa.eu/metadata-codelist/PriorityDataset/MajorRailwaysNoiseExposureDelineationNight-dir-2002-49"
]

13:27:11.271 [ForkJoinPool-1-worker-39] INFO  com.intuit.karate - [print] testing xlinkurl:http://inspire.ec.europa.eu/metadata-codelist/PriorityDataset/MajorRailwaysNoiseExposureDelineationNight-dir-2002-49
13:27:13.924 [ForkJoinPool-1-worker-51] ERROR com.intuit.karate - java.net.SocketTimeoutException: Read timed out, http call failed after 5337 milliseconds for URL: http://inspire.ec.europa.eu/metadata-codelist/SpatialDataServiceCategory#
13:27:13.924 [ForkJoinPool-1-worker-51] ERROR com.intuit.karate - http request failed: 
java.net.SocketTimeoutException: Read timed out
13:27:13.924 [ForkJoinPool-1-worker-51] ERROR com.intuit.karate - feature call (loop) failed at index: 3
caller: classpath:InspireTest/def/checkxlinkurl.template.feature
arg: {"link":"http://inspire.ec.europa.eu/metadata-codelist/SpatialDataServiceCategory#"}
checkxlinkurl.template.feature:21 - 
java.net.SocketTimeoutException: Read timed out
13:27:13.926 [ForkJoinPool-1-worker-51] INFO  com.intuit.karate - [print] testing xlinkurl:https://www.nationaalgeoregister.nl/geonetwork/srv/eng/thesaurus.download?ref=external.theme.httpinspireeceuropaeumetadatacodelistSpatialDataServiceCategory-SpatialDataServiceCategory
13:27:14.216 [ForkJoinPool-1-worker-51] INFO  com.intuit.karate - [print] testing xlinkurl:
13:27:14.217 [ForkJoinPool-1-worker-51] ERROR com.intuit.karate - org.apache.http.client.ClientProtocolException, http call failed after 0 milliseconds for URL: 
13:27:14.218 [ForkJoinPool-1-worker-51] ERROR com.intuit.karate - http request failed: 
org.apache.http.client.ClientProtocolException
13:27:14.218 [ForkJoinPool-1-worker-51] ERROR com.intuit.karate - feature call (loop) failed at index: 5
caller: classpath:InspireTest/def/checkxlinkurl.template.feature
arg: {"link":""}
checkxlinkurl.template.feature:21 - 
org.apache.http.client.ClientProtocolException
13:27:14.220 [ForkJoinPool-1-worker-51] INFO  com.intuit.karate - [print] testing xlinkurl:
13:27:14.221 [ForkJoinPool-1-worker-51] ERROR com.intuit.karate - org.apache.http.client.ClientProtocolException, http call failed after 0 milliseconds for URL: 
13:27:14.221 [ForkJoinPool-1-worker-51] ERROR com.intuit.karate - http request failed: 
org.apache.http.client.ClientProtocolException
13:27:14.222 [ForkJoinPool-1-worker-51] ERROR com.intuit.karate - feature call (loop) failed at index: 6
caller: classpath:InspireTest/def/checkxlinkurl.template.feature
arg: {"link":""}
checkxlinkurl.template.feature:21 - 
org.apache.http.client.ClientProtocolException
13:27:14.223 [ForkJoinPool-1-worker-51] INFO  com.intuit.karate - [print] testing xlinkurl:
13:27:14.224 [ForkJoinPool-1-worker-51] ERROR com.intuit.karate - org.apache.http.client.ClientProtocolException, http call failed after 0 milliseconds for URL: 
13:27:14.224 [ForkJoinPool-1-worker-51] ERROR com.intuit.karate - http request failed: 
org.apache.http.client.ClientProtocolException
13:27:14.224 [ForkJoinPool-1-worker-51] ERROR com.intuit.karate - feature call (loop) failed at index: 7
caller: classpath:InspireTest/def/checkxlinkurl.template.feature
arg: {"link":""}
checkxlinkurl.template.feature:21 - 
org.apache.http.client.ClientProtocolException
13:27:14.226 [ForkJoinPool-1-worker-51] INFO  com.intuit.karate - [print] testing xlinkurl:
13:27:14.226 [ForkJoinPool-1-worker-51] ERROR com.intuit.karate - org.apache.http.client.ClientProtocolException, http call failed after 0 milliseconds for URL: 
13:27:14.227 [ForkJoinPool-1-worker-51] ERROR com.intuit.karate - http request failed: 
org.apache.http.client.ClientProtocolException
13:27:14.227 [ForkJoinPool-1-worker-51] ERROR com.intuit.karate - feature call (loop) failed at index: 8
caller: classpath:InspireTest/def/checkxlinkurl.template.feature
arg: {"link":""}
checkxlinkurl.template.feature:21 - 
org.apache.http.client.ClientProtocolException
13:27:14.227 [ForkJoinPool-1-worker-51] INFO  com.intuit.karate - [print] testing xlinkurl:
13:27:14.228 [ForkJoinPool-1-worker-51] ERROR com.intuit.karate - org.apache.http.client.ClientProtocolException, http call failed after 0 milliseconds for URL: 
13:27:14.228 [ForkJoinPool-1-worker-51] ERROR com.intuit.karate - http request failed: 
org.apache.http.client.ClientProtocolException
13:27:14.228 [ForkJoinPool-1-worker-51] ERROR com.intuit.karate - feature call (loop) failed at index: 9
caller: classpath:InspireTest/def/checkxlinkurl.template.feature
arg: {"link":""}
checkxlinkurl.template.feature:21 - 
org.apache.http.client.ClientProtocolException
13:27:14.229 [ForkJoinPool-1-worker-51] INFO  com.intuit.karate - [print] testing xlinkurl:
13:27:14.229 [ForkJoinPool-1-worker-51] ERROR com.intuit.karate - org.apache.http.client.ClientProtocolException, http call failed after 0 milliseconds for URL: 
13:27:14.229 [ForkJoinPool-1-worker-51] ERROR com.intuit.karate - http request failed: 
org.apache.http.client.ClientProtocolException
13:27:14.229 [ForkJoinPool-1-worker-51] ERROR com.intuit.karate - feature call (loop) failed at index: 10
caller: classpath:InspireTest/def/checkxlinkurl.template.feature
arg: {"link":""}
checkxlinkurl.template.feature:21 - 
org.apache.http.client.ClientProtocolException
13:27:14.230 [ForkJoinPool-1-worker-51] INFO  com.intuit.karate - [print] testing xlinkurl:
13:27:14.230 [ForkJoinPool-1-worker-51] ERROR com.intuit.karate - org.apache.http.client.ClientProtocolException, http call failed after 0 milliseconds for URL: 
13:27:14.230 [ForkJoinPool-1-worker-51] ERROR com.intuit.karate - http request failed: 
org.apache.http.client.ClientProtocolException
13:27:14.230 [ForkJoinPool-1-worker-51] ERROR com.intuit.karate - feature call (loop) failed at index: 11
caller: classpath:InspireTest/def/checkxlinkurl.template.feature
arg: {"link":""}
checkxlinkurl.template.feature:21 - 
org.apache.http.client.ClientProtocolException
13:27:14.231 [ForkJoinPool-1-worker-51] INFO  com.intuit.karate - [print] testing xlinkurl:
13:27:14.231 [ForkJoinPool-1-worker-51] ERROR com.intuit.karate - org.apache.http.client.ClientProtocolException, http call failed after 0 milliseconds for URL: 
13:27:14.232 [ForkJoinPool-1-worker-51] ERROR com.intuit.karate - http request failed: 
org.apache.http.client.ClientProtocolException
13:27:14.232 [ForkJoinPool-1-worker-51] ERROR com.intuit.karate - feature call (loop) failed at index: 12
caller: classpath:InspireTest/def/checkxlinkurl.template.feature
arg: {"link":""}
checkxlinkurl.template.feature:21 - 
org.apache.http.client.ClientProtocolException
13:27:14.233 [ForkJoinPool-1-worker-51] INFO  com.intuit.karate - [print] testing xlinkurl:
13:27:14.233 [ForkJoinPool-1-worker-51] ERROR com.intuit.karate - org.apache.http.client.ClientProtocolException, http call failed after 0 milliseconds for URL: 
13:27:14.233 [ForkJoinPool-1-worker-51] ERROR com.intuit.karate - http request failed: 
org.apache.http.client.ClientProtocolException
13:27:14.233 [ForkJoinPool-1-worker-51] ERROR com.intuit.karate - feature call (loop) failed at index: 13
caller: classpath:InspireTest/def/checkxlinkurl.template.feature
arg: {"link":""}
checkxlinkurl.template.feature:21 - 
org.apache.http.client.ClientProtocolException
13:27:14.238 [ForkJoinPool-1-worker-51] INFO  com.intuit.karate - [print] testing xlinkurl:https://nationaalgeoregister.nl/geonetwork/srv/en/csw?service=CSW&version=2.0.2&request=GetRecordById&outputschema=http://www.isotc211.org/2005/gmd&elementsetname=full&id=dc5b522e-3e14-4738-9e8e-2401e1b19ef2#MD_DataIdentification
13:27:14.506 [ForkJoinPool-1-worker-19] INFO  com.intuit.karate - [print] [
  "http://inspire.ec.europa.eu/metadata-codelist/PriorityDataset/MajorRoadsNoiseExposureDelineation-dir-2002-49"
]

13:27:14.509 [ForkJoinPool-1-worker-19] INFO  com.intuit.karate - [print] testing xlinkurl:http://inspire.ec.europa.eu/metadata-codelist/PriorityDataset/MajorRoadsNoiseExposureDelineation-dir-2002-49
13:27:14.826 [ForkJoinPool-1-worker-19] ERROR com.intuit.karate - org.apache.http.conn.HttpHostConnectException: Connect to inspire.ec.europa.eu:443 [inspire.ec.europa.eu/139.191.229.30] failed: Connection refused, http call failed after 105 milliseconds for URL: http://inspire.ec.europa.eu/metadata-codelist/PriorityDataset/MajorRoadsNoiseExposureDelineation-dir-2002-49
13:27:14.826 [ForkJoinPool-1-worker-19] ERROR com.intuit.karate - http request failed: 
org.apache.http.conn.HttpHostConnectException: Connect to inspire.ec.europa.eu:443 [inspire.ec.europa.eu/139.191.229.30] failed: Connection refused
13:27:14.827 [ForkJoinPool-1-worker-19] ERROR com.intuit.karate - feature call (loop) failed at index: 0
caller: classpath:InspireTest/def/checkxlinkurl.template.feature
arg: {"link":"http://inspire.ec.europa.eu/metadata-codelist/PriorityDataset/MajorRoadsNoiseExposureDelineation-dir-2002-49"}
checkxlinkurl.template.feature:21 - 
org.apache.http.conn.HttpHostConnectException: Connect to inspire.ec.europa.eu:443 [inspire.ec.europa.eu/139.191.229.30] failed: Connection refused
13:27:14.827 [ForkJoinPool-1-worker-19] INFO  com.intuit.karate - [print] [
  "http://inspire.ec.europa.eu/metadata-codelist/PriorityDataset/MajorRoadsNoiseExposureDelineationDEN-dir-2002-49"
]

13:27:14.831 [ForkJoinPool-1-worker-19] INFO  com.intuit.karate - [print] testing xlinkurl:http://inspire.ec.europa.eu/metadata-codelist/PriorityDataset/MajorRoadsNoiseExposureDelineationDEN-dir-2002-49
13:27:14.874 [ForkJoinPool-1-worker-51] INFO  com.intuit.karate - [print] [
  "http://inspire.ec.europa.eu/metadata-codelist/PriorityDataset/ManagementUnits-dir-2007-60"
]

13:27:14.885 [ForkJoinPool-1-worker-51] INFO  com.intuit.karate - [print] testing xlinkurl:http://inspire.ec.europa.eu/metadata-codelist/PriorityDataset/ManagementUnits-dir-2007-60
13:27:15.223 [ForkJoinPool-1-worker-51] ERROR com.intuit.karate - org.apache.http.conn.HttpHostConnectException: Connect to inspire.ec.europa.eu:443 [inspire.ec.europa.eu/139.191.229.30] failed: Connection refused, http call failed after 107 milliseconds for URL: http://inspire.ec.europa.eu/metadata-codelist/PriorityDataset/ManagementUnits-dir-2007-60
13:27:15.223 [ForkJoinPool-1-worker-51] ERROR com.intuit.karate - http request failed: 
org.apache.http.conn.HttpHostConnectException: Connect to inspire.ec.europa.eu:443 [inspire.ec.europa.eu/139.191.229.30] failed: Connection refused
13:27:15.224 [ForkJoinPool-1-worker-51] ERROR com.intuit.karate - feature call (loop) failed at index: 0
caller: classpath:InspireTest/def/checkxlinkurl.template.feature
arg: {"link":"http://inspire.ec.europa.eu/metadata-codelist/PriorityDataset/ManagementUnits-dir-2007-60"}
checkxlinkurl.template.feature:21 - 
org.apache.http.conn.HttpHostConnectException: Connect to inspire.ec.europa.eu:443 [inspire.ec.europa.eu/139.191.229.30] failed: Connection refused
13:27:15.224 [ForkJoinPool-1-worker-51] INFO  com.intuit.karate - [print] [
  "http://inspire.ec.europa.eu/metadata-codelist/PriorityDataset/MarineAssessmentUnits-dir-2008-56"
]

13:27:15.230 [ForkJoinPool-1-worker-51] INFO  com.intuit.karate - [print] testing xlinkurl:http://inspire.ec.europa.eu/metadata-codelist/PriorityDataset/MarineAssessmentUnits-dir-2008-56
13:27:15.450 [pool-1-thread-6] INFO  com.intuit.karate.Runner - <<fail>> feature 6 of 13: classpath:InspireTest/ngr/T03_services/check-known-service-record.feature
---------------------------------------------------------
feature: classpath:InspireTest/ngr/T03_services/check-known-service-record.feature
report: target/surefire-reports/InspireTest.ngr.T03_services.check-known-service-record.json
scenarios: 25 | passed:  5 | failed: 20 | time: 190.3371
---------------------------------------------------------
13:27:15.963 [ForkJoinPool-1-worker-51] INFO  com.intuit.karate - [print] [
  "http://inspire.ec.europa.eu/metadata-codelist/PriorityDataset/MonitoringStations-dir-2000-60"
]

13:27:15.968 [ForkJoinPool-1-worker-51] INFO  com.intuit.karate - [print] testing xlinkurl:http://inspire.ec.europa.eu/metadata-codelist/PriorityDataset/MonitoringStations-dir-2000-60
13:27:17.558 [ForkJoinPool-1-worker-33] INFO  com.intuit.karate - [print] [
  "http://inspire.ec.europa.eu/metadata-codelist/PriorityDataset/MonitoringStations-dir-2008-56"
]

13:27:17.563 [ForkJoinPool-1-worker-33] INFO  com.intuit.karate - [print] testing xlinkurl:http://inspire.ec.europa.eu/metadata-codelist/PriorityDataset/MonitoringStations-dir-2008-56
13:27:17.632 [ForkJoinPool-1-worker-61] INFO  com.intuit.karate - [print] [
  "http://inspire.ec.europa.eu/metadata-codelist/PriorityDataset/MSFDReportingUnits-dir-2008-56"
]

13:27:17.635 [ForkJoinPool-1-worker-61] INFO  com.intuit.karate - [print] testing xlinkurl:http://inspire.ec.europa.eu/metadata-codelist/PriorityDataset/MSFDReportingUnits-dir-2008-56
13:27:17.877 [ForkJoinPool-1-worker-33] ERROR com.intuit.karate - org.apache.http.conn.HttpHostConnectException: Connect to inspire.ec.europa.eu:443 [inspire.ec.europa.eu/139.191.229.30] failed: Connection refused, http call failed after 107 milliseconds for URL: http://inspire.ec.europa.eu/metadata-codelist/PriorityDataset/MonitoringStations-dir-2008-56
13:27:17.877 [ForkJoinPool-1-worker-33] ERROR com.intuit.karate - http request failed: 
org.apache.http.conn.HttpHostConnectException: Connect to inspire.ec.europa.eu:443 [inspire.ec.europa.eu/139.191.229.30] failed: Connection refused
13:27:17.877 [ForkJoinPool-1-worker-33] ERROR com.intuit.karate - feature call (loop) failed at index: 0
caller: classpath:InspireTest/def/checkxlinkurl.template.feature
arg: {"link":"http://inspire.ec.europa.eu/metadata-codelist/PriorityDataset/MonitoringStations-dir-2008-56"}
checkxlinkurl.template.feature:21 - 
org.apache.http.conn.HttpHostConnectException: Connect to inspire.ec.europa.eu:443 [inspire.ec.europa.eu/139.191.229.30] failed: Connection refused
13:27:17.878 [ForkJoinPool-1-worker-33] INFO  com.intuit.karate - [print] [
  "http://inspire.ec.europa.eu/metadata-codelist/PriorityDataset/NationallyDesignatedAreasCDDA"
]

13:27:17.883 [ForkJoinPool-1-worker-33] INFO  com.intuit.karate - [print] testing xlinkurl:http://inspire.ec.europa.eu/metadata-codelist/PriorityDataset/NationallyDesignatedAreasCDDA
13:27:20.682 [ForkJoinPool-1-worker-37] INFO  com.intuit.karate - [print] [
  "http://inspire.ec.europa.eu/metadata-codelist/PriorityDataset/Natura2000Sites-dir-1992-43"
]

13:27:20.686 [ForkJoinPool-1-worker-37] INFO  com.intuit.karate - [print] testing xlinkurl:http://inspire.ec.europa.eu/metadata-codelist/PriorityDataset/Natura2000Sites-dir-1992-43
13:27:20.743 [ForkJoinPool-1-worker-59] INFO  com.intuit.karate - [print] [
  "http://inspire.ec.europa.eu/metadata-codelist/PriorityDataset/Natura2000Sites-dir-2009-147"
]

13:27:20.746 [ForkJoinPool-1-worker-59] INFO  com.intuit.karate - [print] testing xlinkurl:http://inspire.ec.europa.eu/metadata-codelist/PriorityDataset/Natura2000Sites-dir-2009-147
13:27:20.999 [ForkJoinPool-1-worker-37] ERROR com.intuit.karate - org.apache.http.conn.HttpHostConnectException: Connect to inspire.ec.europa.eu:443 [inspire.ec.europa.eu/139.191.229.30] failed: Connection refused, http call failed after 105 milliseconds for URL: http://inspire.ec.europa.eu/metadata-codelist/PriorityDataset/Natura2000Sites-dir-1992-43
13:27:20.999 [ForkJoinPool-1-worker-37] ERROR com.intuit.karate - http request failed: 
org.apache.http.conn.HttpHostConnectException: Connect to inspire.ec.europa.eu:443 [inspire.ec.europa.eu/139.191.229.30] failed: Connection refused
13:27:20.999 [ForkJoinPool-1-worker-37] ERROR com.intuit.karate - feature call (loop) failed at index: 0
caller: classpath:InspireTest/def/checkxlinkurl.template.feature
arg: {"link":"http://inspire.ec.europa.eu/metadata-codelist/PriorityDataset/Natura2000Sites-dir-1992-43"}
checkxlinkurl.template.feature:21 - 
org.apache.http.conn.HttpHostConnectException: Connect to inspire.ec.europa.eu:443 [inspire.ec.europa.eu/139.191.229.30] failed: Connection refused
13:27:21.000 [ForkJoinPool-1-worker-37] INFO  com.intuit.karate - [print] [
  "http://inspire.ec.europa.eu/metadata-codelist/PriorityDataset/RiverBasinDistricts-dir-2000-60"
]

13:27:21.007 [ForkJoinPool-1-worker-37] INFO  com.intuit.karate - [print] testing xlinkurl:http://inspire.ec.europa.eu/metadata-codelist/PriorityDataset/RiverBasinDistricts-dir-2000-60
13:27:21.069 [ForkJoinPool-1-worker-59] ERROR com.intuit.karate - org.apache.http.conn.HttpHostConnectException: Connect to inspire.ec.europa.eu:443 [inspire.ec.europa.eu/139.191.229.30] failed: Connection refused, http call failed after 107 milliseconds for URL: http://inspire.ec.europa.eu/metadata-codelist/PriorityDataset/Natura2000Sites-dir-2009-147
13:27:21.069 [ForkJoinPool-1-worker-59] ERROR com.intuit.karate - http request failed: 
org.apache.http.conn.HttpHostConnectException: Connect to inspire.ec.europa.eu:443 [inspire.ec.europa.eu/139.191.229.30] failed: Connection refused
13:27:21.069 [ForkJoinPool-1-worker-59] ERROR com.intuit.karate - feature call (loop) failed at index: 0
caller: classpath:InspireTest/def/checkxlinkurl.template.feature
arg: {"link":"http://inspire.ec.europa.eu/metadata-codelist/PriorityDataset/Natura2000Sites-dir-2009-147"}
checkxlinkurl.template.feature:21 - 
org.apache.http.conn.HttpHostConnectException: Connect to inspire.ec.europa.eu:443 [inspire.ec.europa.eu/139.191.229.30] failed: Connection refused
13:27:21.070 [ForkJoinPool-1-worker-59] INFO  com.intuit.karate - [print] [
  "http://inspire.ec.europa.eu/metadata-codelist/PriorityDataset/RiverBasinDistrictsSubUnits-dir-2000-60"
]

13:27:21.073 [ForkJoinPool-1-worker-59] INFO  com.intuit.karate - [print] testing xlinkurl:http://inspire.ec.europa.eu/metadata-codelist/PriorityDataset/RiverBasinDistrictsSubUnits-dir-2000-60
13:27:21.324 [ForkJoinPool-1-worker-37] ERROR com.intuit.karate - org.apache.http.conn.HttpHostConnectException: Connect to inspire.ec.europa.eu:443 [inspire.ec.europa.eu/139.191.229.30] failed: Connection refused, http call failed after 106 milliseconds for URL: http://inspire.ec.europa.eu/metadata-codelist/PriorityDataset/RiverBasinDistricts-dir-2000-60
13:27:21.324 [ForkJoinPool-1-worker-37] ERROR com.intuit.karate - http request failed: 
org.apache.http.conn.HttpHostConnectException: Connect to inspire.ec.europa.eu:443 [inspire.ec.europa.eu/139.191.229.30] failed: Connection refused
13:27:21.324 [ForkJoinPool-1-worker-37] ERROR com.intuit.karate - feature call (loop) failed at index: 0
caller: classpath:InspireTest/def/checkxlinkurl.template.feature
arg: {"link":"http://inspire.ec.europa.eu/metadata-codelist/PriorityDataset/RiverBasinDistricts-dir-2000-60"}
checkxlinkurl.template.feature:21 - 
org.apache.http.conn.HttpHostConnectException: Connect to inspire.ec.europa.eu:443 [inspire.ec.europa.eu/139.191.229.30] failed: Connection refused
13:27:21.324 [ForkJoinPool-1-worker-37] INFO  com.intuit.karate - [print] [
  "http://inspire.ec.europa.eu/metadata-codelist/PriorityDataset/Rivers-dir-2000-60"
]

13:27:21.329 [ForkJoinPool-1-worker-37] INFO  com.intuit.karate - [print] testing xlinkurl:http://inspire.ec.europa.eu/metadata-codelist/PriorityDataset/Rivers-dir-2000-60
13:27:21.391 [ForkJoinPool-1-worker-59] ERROR com.intuit.karate - org.apache.http.conn.HttpHostConnectException: Connect to inspire.ec.europa.eu:443 [inspire.ec.europa.eu/139.191.229.30] failed: Connection refused, http call failed after 107 milliseconds for URL: http://inspire.ec.europa.eu/metadata-codelist/PriorityDataset/RiverBasinDistrictsSubUnits-dir-2000-60
13:27:21.392 [ForkJoinPool-1-worker-59] ERROR com.intuit.karate - http request failed: 
org.apache.http.conn.HttpHostConnectException: Connect to inspire.ec.europa.eu:443 [inspire.ec.europa.eu/139.191.229.30] failed: Connection refused
13:27:21.392 [ForkJoinPool-1-worker-59] ERROR com.intuit.karate - feature call (loop) failed at index: 0
caller: classpath:InspireTest/def/checkxlinkurl.template.feature
arg: {"link":"http://inspire.ec.europa.eu/metadata-codelist/PriorityDataset/RiverBasinDistrictsSubUnits-dir-2000-60"}
checkxlinkurl.template.feature:21 - 
org.apache.http.conn.HttpHostConnectException: Connect to inspire.ec.europa.eu:443 [inspire.ec.europa.eu/139.191.229.30] failed: Connection refused
13:27:21.392 [ForkJoinPool-1-worker-59] INFO  com.intuit.karate - [print] [
  "http://inspire.ec.europa.eu/metadata-codelist/PriorityDataset/SpeciesDistribution-dir-1992-43"
]

13:27:21.394 [ForkJoinPool-1-worker-63] INFO  com.intuit.karate - [print] [
  "http://inspire.ec.europa.eu/metadata-codelist/PriorityDataset/SpeciesRange-dir-1992-43"
]

13:27:21.396 [ForkJoinPool-1-worker-59] INFO  com.intuit.karate - [print] testing xlinkurl:http://inspire.ec.europa.eu/metadata-codelist/PriorityDataset/SpeciesDistribution-dir-1992-43
13:27:21.403 [ForkJoinPool-1-worker-63] INFO  com.intuit.karate - [print] testing xlinkurl:http://inspire.ec.europa.eu/metadata-codelist/PriorityDataset/SpeciesRange-dir-1992-43
13:27:21.719 [ForkJoinPool-1-worker-59] ERROR com.intuit.karate - org.apache.http.conn.HttpHostConnectException: Connect to inspire.ec.europa.eu:443 [inspire.ec.europa.eu/139.191.229.30] failed: Connection refused, http call failed after 107 milliseconds for URL: http://inspire.ec.europa.eu/metadata-codelist/PriorityDataset/SpeciesDistribution-dir-1992-43
13:27:21.719 [ForkJoinPool-1-worker-59] ERROR com.intuit.karate - http request failed: 
org.apache.http.conn.HttpHostConnectException: Connect to inspire.ec.europa.eu:443 [inspire.ec.europa.eu/139.191.229.30] failed: Connection refused
13:27:21.720 [ForkJoinPool-1-worker-59] ERROR com.intuit.karate - feature call (loop) failed at index: 0
caller: classpath:InspireTest/def/checkxlinkurl.template.feature
arg: {"link":"http://inspire.ec.europa.eu/metadata-codelist/PriorityDataset/SpeciesDistribution-dir-1992-43"}
checkxlinkurl.template.feature:21 - 
org.apache.http.conn.HttpHostConnectException: Connect to inspire.ec.europa.eu:443 [inspire.ec.europa.eu/139.191.229.30] failed: Connection refused
13:27:21.721 [ForkJoinPool-1-worker-59] INFO  com.intuit.karate - [print] [
  "http://inspire.ec.europa.eu/metadata-codelist/PriorityDataset/SurfaceWaterBodies-dir-2000-60"
]

13:27:21.722 [ForkJoinPool-1-worker-63] ERROR com.intuit.karate - org.apache.http.conn.HttpHostConnectException: Connect to inspire.ec.europa.eu:443 [inspire.ec.europa.eu/139.191.229.30] failed: Connection refused, http call failed after 107 milliseconds for URL: http://inspire.ec.europa.eu/metadata-codelist/PriorityDataset/SpeciesRange-dir-1992-43
13:27:21.722 [ForkJoinPool-1-worker-63] ERROR com.intuit.karate - http request failed: 
org.apache.http.conn.HttpHostConnectException: Connect to inspire.ec.europa.eu:443 [inspire.ec.europa.eu/139.191.229.30] failed: Connection refused
13:27:21.722 [ForkJoinPool-1-worker-63] ERROR com.intuit.karate - feature call (loop) failed at index: 0
caller: classpath:InspireTest/def/checkxlinkurl.template.feature
arg: {"link":"http://inspire.ec.europa.eu/metadata-codelist/PriorityDataset/SpeciesRange-dir-1992-43"}
checkxlinkurl.template.feature:21 - 
org.apache.http.conn.HttpHostConnectException: Connect to inspire.ec.europa.eu:443 [inspire.ec.europa.eu/139.191.229.30] failed: Connection refused
13:27:21.722 [ForkJoinPool-1-worker-63] INFO  com.intuit.karate - [print] [
  "http://inspire.ec.europa.eu/metadata-codelist/PriorityDataset/TransitionalWaters-dir-2000-60"
]

13:27:21.728 [ForkJoinPool-1-worker-63] INFO  com.intuit.karate - [print] testing xlinkurl:http://inspire.ec.europa.eu/metadata-codelist/PriorityDataset/TransitionalWaters-dir-2000-60
13:27:21.733 [ForkJoinPool-1-worker-59] INFO  com.intuit.karate - [print] testing xlinkurl:http://inspire.ec.europa.eu/metadata-codelist/PriorityDataset/SurfaceWaterBodies-dir-2000-60
13:27:23.865 [ForkJoinPool-1-worker-61] INFO  com.intuit.karate - [print] [
  "http://inspire.ec.europa.eu/metadata-codelist/PriorityDataset/UrbanWasteWaterTreatmentPlants-dir-1991-271"
]

13:27:23.869 [ForkJoinPool-1-worker-61] INFO  com.intuit.karate - [print] testing xlinkurl:http://inspire.ec.europa.eu/metadata-codelist/PriorityDataset/UrbanWasteWaterTreatmentPlants-dir-1991-271
13:27:25.050 [ForkJoinPool-1-worker-37] INFO  com.intuit.karate - [print] [
  "http://inspire.ec.europa.eu/metadata-codelist/SpatialDataServiceType/download"
]

13:27:25.061 [ForkJoinPool-1-worker-37] INFO  com.intuit.karate - [print] testing xlinkurl:http://inspire.ec.europa.eu/metadata-codelist/SpatialDataServiceType/download
13:27:25.384 [ForkJoinPool-1-worker-37] ERROR com.intuit.karate - org.apache.http.conn.HttpHostConnectException: Connect to inspire.ec.europa.eu:443 [inspire.ec.europa.eu/139.191.229.30] failed: Connection refused, http call failed after 107 milliseconds for URL: http://inspire.ec.europa.eu/metadata-codelist/SpatialDataServiceType/download
13:27:25.384 [ForkJoinPool-1-worker-37] ERROR com.intuit.karate - http request failed: 
org.apache.http.conn.HttpHostConnectException: Connect to inspire.ec.europa.eu:443 [inspire.ec.europa.eu/139.191.229.30] failed: Connection refused
13:27:25.384 [ForkJoinPool-1-worker-37] ERROR com.intuit.karate - feature call (loop) failed at index: 0
caller: classpath:InspireTest/def/checkxlinkurl.template.feature
arg: {"link":"http://inspire.ec.europa.eu/metadata-codelist/SpatialDataServiceType/download"}
checkxlinkurl.template.feature:21 - 
org.apache.http.conn.HttpHostConnectException: Connect to inspire.ec.europa.eu:443 [inspire.ec.europa.eu/139.191.229.30] failed: Connection refused
13:27:25.385 [ForkJoinPool-1-worker-37] INFO  com.intuit.karate - [print] [
  "http://inspire.ec.europa.eu/metadata-codelist/SpatialDataServiceType/http://inspire.ec.europa.eu/metadata-codelist/SpatialDataServiceType/download"
]

13:27:25.391 [ForkJoinPool-1-worker-37] INFO  com.intuit.karate - [print] testing xlinkurl:http://inspire.ec.europa.eu/metadata-codelist/SpatialDataServiceType/http://inspire.ec.europa.eu/metadata-codelist/SpatialDataServiceType/download
13:27:26.038 [ForkJoinPool-1-worker-37] INFO  com.intuit.karate - [print] [
  "http://inspire.ec.europa.eu/metadata-codelist/SpatialDataServiceType/other"
]

13:27:26.043 [ForkJoinPool-1-worker-37] INFO  com.intuit.karate - [print] testing xlinkurl:http://inspire.ec.europa.eu/metadata-codelist/SpatialDataServiceType/other
13:27:26.628 [ForkJoinPool-1-worker-27] INFO  com.intuit.karate - [print] [
  "http://inspire.ec.europa.eu/metadata-codelist/SpatialDataServiceType/view"
]

13:27:26.634 [ForkJoinPool-1-worker-27] INFO  com.intuit.karate - [print] testing xlinkurl:http://inspire.ec.europa.eu/metadata-codelist/SpatialDataServiceType/view
13:27:31.031 [ForkJoinPool-1-worker-59] INFO  com.intuit.karate - [print] [
  "http://inspire.ec.europa.eu/metadata-codelist/SpatialScope"
]

13:27:31.035 [ForkJoinPool-1-worker-59] INFO  com.intuit.karate - [print] testing xlinkurl:http://inspire.ec.europa.eu/metadata-codelist/SpatialScope
13:27:31.354 [ForkJoinPool-1-worker-59] ERROR com.intuit.karate - org.apache.http.conn.HttpHostConnectException: Connect to inspire.ec.europa.eu:443 [inspire.ec.europa.eu/139.191.229.30] failed: Connection refused, http call failed after 107 milliseconds for URL: http://inspire.ec.europa.eu/metadata-codelist/SpatialScope
13:27:31.355 [ForkJoinPool-1-worker-59] ERROR com.intuit.karate - http request failed: 
org.apache.http.conn.HttpHostConnectException: Connect to inspire.ec.europa.eu:443 [inspire.ec.europa.eu/139.191.229.30] failed: Connection refused
13:27:31.356 [ForkJoinPool-1-worker-59] ERROR com.intuit.karate - feature call (loop) failed at index: 0
caller: classpath:InspireTest/def/checkxlinkurl.template.feature
arg: {"link":"http://inspire.ec.europa.eu/metadata-codelist/SpatialScope"}
checkxlinkurl.template.feature:21 - 
org.apache.http.conn.HttpHostConnectException: Connect to inspire.ec.europa.eu:443 [inspire.ec.europa.eu/139.191.229.30] failed: Connection refused
13:27:31.357 [ForkJoinPool-1-worker-59] INFO  com.intuit.karate - [print] [
  "http://inspire.ec.europa.eu/metadata-codelist/SpatialScope/european"
]

13:27:31.364 [ForkJoinPool-1-worker-59] INFO  com.intuit.karate - [print] testing xlinkurl:http://inspire.ec.europa.eu/metadata-codelist/SpatialScope/european
13:27:33.869 [ForkJoinPool-1-worker-9] ERROR com.intuit.karate - java.net.SocketTimeoutException: Read timed out, http call failed after 60641 milliseconds for URL: http://inspire.ec.europa.eu/media-types/application/x-shapefile
13:27:33.870 [ForkJoinPool-1-worker-9] ERROR com.intuit.karate - http request failed: 
java.net.SocketTimeoutException: Read timed out
13:27:33.870 [ForkJoinPool-1-worker-9] ERROR com.intuit.karate - feature call (loop) failed at index: 0
caller: classpath:InspireTest/def/checkxlinkurl.template.feature
arg: {"link":"http://inspire.ec.europa.eu/media-types/application/x-shapefile"}
checkxlinkurl.template.feature:21 - 
java.net.SocketTimeoutException: Read timed out
13:27:33.870 [ForkJoinPool-1-worker-11] ERROR com.intuit.karate - java.net.SocketTimeoutException: Read timed out, http call failed after 60640 milliseconds for URL: http://inspire.ec.europa.eu/applicationschema/of
13:27:33.870 [ForkJoinPool-1-worker-11] ERROR com.intuit.karate - http request failed: 
java.net.SocketTimeoutException: Read timed out
13:27:33.870 [ForkJoinPool-1-worker-11] ERROR com.intuit.karate - feature call (loop) failed at index: 0
caller: classpath:InspireTest/def/checkxlinkurl.template.feature
arg: {"link":"http://inspire.ec.europa.eu/applicationschema/of"}
checkxlinkurl.template.feature:21 - 
java.net.SocketTimeoutException: Read timed out
13:27:33.870 [ForkJoinPool-1-worker-9] INFO  com.intuit.karate - [print] [
  "http://inspire.ec.europa.eu/metadata-codelist/SpatialScope/national"
]

13:27:33.870 [ForkJoinPool-1-worker-11] INFO  com.intuit.karate - [print] [
  "http://inspire.ec.europa.eu/schemas/am/4.0/AreaManagementRestrictionRegulationZone.xsd"
]

13:27:33.872 [ForkJoinPool-1-worker-17] ERROR com.intuit.karate - java.net.SocketTimeoutException: Read timed out, http call failed after 60643 milliseconds for URL: http://inspire.ec.europa.eu/metadata-codelist/ConditionsApplyingToAccessAndUse/noConditionsApply
13:27:33.872 [ForkJoinPool-1-worker-17] ERROR com.intuit.karate - http request failed: 
java.net.SocketTimeoutException: Read timed out
13:27:33.873 [ForkJoinPool-1-worker-17] ERROR com.intuit.karate - feature call (loop) failed at index: 0
caller: classpath:InspireTest/def/checkxlinkurl.template.feature
arg: {"link":"http://inspire.ec.europa.eu/metadata-codelist/ConditionsApplyingToAccessAndUse/noConditionsApply"}
checkxlinkurl.template.feature:21 - 
java.net.SocketTimeoutException: Read timed out
13:27:33.873 [ForkJoinPool-1-worker-17] INFO  com.intuit.karate - [print] [
  "http://inspire.ec.europa.eu/schemas/ef/4.0/EnvironmentalMonitoringFacilities.xsd"
]

13:27:33.876 [ForkJoinPool-1-worker-17] INFO  com.intuit.karate - [print] testing xlinkurl:http://inspire.ec.europa.eu/schemas/ef/4.0/EnvironmentalMonitoringFacilities.xsd
13:27:33.880 [ForkJoinPool-1-worker-31] ERROR com.intuit.karate - java.net.SocketTimeoutException: Read timed out, http call failed after 60649 milliseconds for URL: http://inspire.ec.europa.eu/metadata-codelist/LimitationsOnPublicAccess/INSPIRE_Directive_Article13_1f
13:27:33.884 [ForkJoinPool-1-worker-31] ERROR com.intuit.karate - http request failed: 
java.net.SocketTimeoutException: Read timed out
13:27:33.884 [ForkJoinPool-1-worker-31] ERROR com.intuit.karate - feature call (loop) failed at index: 0
caller: classpath:InspireTest/def/checkxlinkurl.template.feature
arg: {"link":"http://inspire.ec.europa.eu/metadata-codelist/LimitationsOnPublicAccess/INSPIRE_Directive_Article13_1f"}
checkxlinkurl.template.feature:21 - 
java.net.SocketTimeoutException: Read timed out
13:27:33.885 [ForkJoinPool-1-worker-31] INFO  com.intuit.karate - [print] [
  "http://inspire.ec.europa.eu/schemas/el-bas/4.0/ElevationBaseTypes.xsd"
]

13:27:33.887 [ForkJoinPool-1-worker-31] INFO  com.intuit.karate - [print] testing xlinkurl:http://inspire.ec.europa.eu/schemas/el-bas/4.0/ElevationBaseTypes.xsd
13:27:33.889 [ForkJoinPool-1-worker-11] INFO  com.intuit.karate - [print] testing xlinkurl:http://inspire.ec.europa.eu/schemas/am/4.0/AreaManagementRestrictionRegulationZone.xsd
13:27:33.883 [ForkJoinPool-1-worker-9] INFO  com.intuit.karate - [print] testing xlinkurl:http://inspire.ec.europa.eu/metadata-codelist/SpatialScope/national
13:27:33.896 [ForkJoinPool-1-worker-25] ERROR com.intuit.karate - java.net.SocketTimeoutException: Read timed out, http call failed after 60666 milliseconds for URL: http://inspire.ec.europa.eu/applicationschema
13:27:33.896 [ForkJoinPool-1-worker-25] ERROR com.intuit.karate - http request failed: 
java.net.SocketTimeoutException: Read timed out
13:27:33.896 [ForkJoinPool-1-worker-25] ERROR com.intuit.karate - feature call (loop) failed at index: 0
caller: classpath:InspireTest/def/checkxlinkurl.template.feature
arg: {"link":"http://inspire.ec.europa.eu/applicationschema"}
checkxlinkurl.template.feature:21 - 
java.net.SocketTimeoutException: Read timed out
13:27:33.897 [ForkJoinPool-1-worker-25] INFO  com.intuit.karate - [print] [
  "http://inspire.ec.europa.eu/schemas/hh/4.0/HumanHealth.xsd"
]

13:27:33.900 [ForkJoinPool-1-worker-25] INFO  com.intuit.karate - [print] testing xlinkurl:http://inspire.ec.europa.eu/schemas/hh/4.0/HumanHealth.xsd
13:27:34.102 [ForkJoinPool-1-worker-31] INFO  com.intuit.karate - [print] [
  "http://inspire.ec.europa.eu/schemas/hy/4.0/HydroBase.xsd"
]

13:27:34.104 [ForkJoinPool-1-worker-17] INFO  com.intuit.karate - [print] [
  "http://inspire.ec.europa.eu/schemas/hy-n/4.0/HydroNetwork.xsd"
]

13:27:34.108 [ForkJoinPool-1-worker-11] INFO  com.intuit.karate - [print] [
  "http://inspire.ec.europa.eu/schemas/mu/3.0/MaritimeUnits.xsd"
]

13:27:34.111 [ForkJoinPool-1-worker-31] INFO  com.intuit.karate - [print] testing xlinkurl:http://inspire.ec.europa.eu/schemas/hy/4.0/HydroBase.xsd
13:27:34.114 [ForkJoinPool-1-worker-11] INFO  com.intuit.karate - [print] testing xlinkurl:http://inspire.ec.europa.eu/schemas/mu/3.0/MaritimeUnits.xsd
13:27:34.111 [ForkJoinPool-1-worker-17] INFO  com.intuit.karate - [print] testing xlinkurl:http://inspire.ec.europa.eu/schemas/hy-n/4.0/HydroNetwork.xsd
13:27:34.115 [ForkJoinPool-1-worker-25] INFO  com.intuit.karate - [print] [
  "http://inspire.ec.europa.eu/schemas/nz-core/4.0/NaturalRiskZonesCore.xsd"
]

13:27:34.118 [ForkJoinPool-1-worker-25] INFO  com.intuit.karate - [print] testing xlinkurl:http://inspire.ec.europa.eu/schemas/nz-core/4.0/NaturalRiskZonesCore.xsd
13:27:34.326 [ForkJoinPool-1-worker-31] INFO  com.intuit.karate - [print] [
  "http://inspire.ec.europa.eu/schemas/nz/0.0/NaturalRiskZones.xsd"
]

13:27:34.331 [ForkJoinPool-1-worker-31] INFO  com.intuit.karate - [print] testing xlinkurl:http://inspire.ec.europa.eu/schemas/nz/0.0/NaturalRiskZones.xsd
13:27:34.332 [ForkJoinPool-1-worker-11] INFO  com.intuit.karate - [print] [
  "http://inspire.ec.europa.eu/schemas/of/4.0/OceanFeatures.xsd"
]

13:27:34.334 [ForkJoinPool-1-worker-25] INFO  com.intuit.karate - [print] [
  "http://inspire.ec.europa.eu/schemas/pf/4.0/ProductionAndIndustrialFacilities.xsd"
]

13:27:34.336 [ForkJoinPool-1-worker-17] INFO  com.intuit.karate - [print] [
  "http://inspire.ec.europa.eu/schemas/ps/4.0/ProtectedSites.xsd"
]

13:27:34.337 [ForkJoinPool-1-worker-25] INFO  com.intuit.karate - [print] testing xlinkurl:http://inspire.ec.europa.eu/schemas/pf/4.0/ProductionAndIndustrialFacilities.xsd
13:27:34.338 [ForkJoinPool-1-worker-17] INFO  com.intuit.karate - [print] testing xlinkurl:http://inspire.ec.europa.eu/schemas/ps/4.0/ProtectedSites.xsd
13:27:34.343 [ForkJoinPool-1-worker-11] INFO  com.intuit.karate - [print] testing xlinkurl:http://inspire.ec.europa.eu/schemas/of/4.0/OceanFeatures.xsd
13:27:34.550 [ForkJoinPool-1-worker-31] INFO  com.intuit.karate - [print] [
  "http://inspire.ec.europa.eu/schemas/tn-ro/4.0/RoadTransportNetwork.xsd"
]

13:27:34.555 [ForkJoinPool-1-worker-25] INFO  com.intuit.karate - [print] [
  "http://inspire.ec.europa.eu/schemas/tn-w/4.0/WaterTransportNetwork.xsd"
]

13:27:34.556 [ForkJoinPool-1-worker-17] INFO  com.intuit.karate - [print] [
  "http://inspire.ec.europa.eu/schemas/tn/4.0/CommonTransportElements.xsd"
]

13:27:34.559 [ForkJoinPool-1-worker-17] INFO  com.intuit.karate - [print] testing xlinkurl:http://inspire.ec.europa.eu/schemas/tn/4.0/CommonTransportElements.xsd
13:27:34.559 [ForkJoinPool-1-worker-25] INFO  com.intuit.karate - [print] testing xlinkurl:http://inspire.ec.europa.eu/schemas/tn-w/4.0/WaterTransportNetwork.xsd
13:27:34.563 [ForkJoinPool-1-worker-31] INFO  com.intuit.karate - [print] testing xlinkurl:http://inspire.ec.europa.eu/schemas/tn-ro/4.0/RoadTransportNetwork.xsd
13:27:34.576 [ForkJoinPool-1-worker-41] ERROR com.intuit.karate - java.net.SocketTimeoutException: Read timed out, http call failed after 60391 milliseconds for URL: http://inspire.ec.europa.eu/metadata-codelist/LimitationsOnPublicAccess/noLimitations
13:27:34.576 [ForkJoinPool-1-worker-41] ERROR com.intuit.karate - http request failed: 
java.net.SocketTimeoutException: Read timed out
13:27:34.577 [ForkJoinPool-1-worker-41] ERROR com.intuit.karate - feature call (loop) failed at index: 0
caller: classpath:InspireTest/def/checkxlinkurl.template.feature
arg: {"link":"http://inspire.ec.europa.eu/metadata-codelist/LimitationsOnPublicAccess/noLimitations"}
checkxlinkurl.template.feature:21 - 
java.net.SocketTimeoutException: Read timed out
13:27:34.577 [ForkJoinPool-1-worker-41] INFO  com.intuit.karate - [print] [
  "http://inspire.ec.europa.eu/schemas/us-govserv/4.0/GovernmentalServices.xsd"
]

13:27:34.579 [ForkJoinPool-1-worker-41] INFO  com.intuit.karate - [print] testing xlinkurl:http://inspire.ec.europa.eu/schemas/us-govserv/4.0/GovernmentalServices.xsd
13:27:34.596 [ForkJoinPool-1-worker-55] ERROR com.intuit.karate - java.net.SocketTimeoutException: Read timed out, http call failed after 60387 milliseconds for URL: http://inspire.ec.europa.eu/metadata-codelist/OnLineDescriptionCode/endPoint
13:27:34.596 [ForkJoinPool-1-worker-55] ERROR com.intuit.karate - http request failed: 
java.net.SocketTimeoutException: Read timed out
13:27:34.597 [ForkJoinPool-1-worker-55] ERROR com.intuit.karate - feature call (loop) failed at index: 0
caller: classpath:InspireTest/def/checkxlinkurl.template.feature
arg: {"link":"http://inspire.ec.europa.eu/metadata-codelist/OnLineDescriptionCode/endPoint"}
checkxlinkurl.template.feature:21 - 
java.net.SocketTimeoutException: Read timed out
13:27:34.597 [ForkJoinPool-1-worker-55] INFO  com.intuit.karate - [print] [
  "http://inspire.ec.europa.eu/theme#"
]

13:27:34.599 [ForkJoinPool-1-worker-55] INFO  com.intuit.karate - [print] testing xlinkurl:http://inspire.ec.europa.eu/theme#
13:27:34.616 [ForkJoinPool-1-worker-53] ERROR com.intuit.karate - java.net.SocketTimeoutException: Read timed out, http call failed after 60387 milliseconds for URL: http://inspire.ec.europa.eu/metadata-codelist/PriorityDataset/ActualPollutantReleases-reg-2006-166
13:27:34.616 [ForkJoinPool-1-worker-53] ERROR com.intuit.karate - http request failed: 
java.net.SocketTimeoutException: Read timed out
13:27:34.616 [ForkJoinPool-1-worker-53] ERROR com.intuit.karate - feature call (loop) failed at index: 0
caller: classpath:InspireTest/def/checkxlinkurl.template.feature
arg: {"link":"http://inspire.ec.europa.eu/metadata-codelist/PriorityDataset/ActualPollutantReleases-reg-2006-166"}
checkxlinkurl.template.feature:21 - 
java.net.SocketTimeoutException: Read timed out
13:27:34.617 [ForkJoinPool-1-worker-53] INFO  com.intuit.karate - [print] [
  "http://standaarden.overheid.nl/owms/terms/Ministerie_van_Economische_Zaken"
]

13:27:34.619 [ForkJoinPool-1-worker-53] INFO  com.intuit.karate - [print] testing xlinkurl:http://standaarden.overheid.nl/owms/terms/Ministerie_van_Economische_Zaken
13:27:34.641 [ForkJoinPool-1-worker-47] ERROR com.intuit.karate - java.net.SocketTimeoutException: Read timed out, http call failed after 60402 milliseconds for URL: http://inspire.ec.europa.eu/metadata-codelist/PriorityDataset
13:27:34.641 [ForkJoinPool-1-worker-47] ERROR com.intuit.karate - http request failed: 
java.net.SocketTimeoutException: Read timed out
13:27:34.641 [ForkJoinPool-1-worker-47] ERROR com.intuit.karate - feature call (loop) failed at index: 0
caller: classpath:InspireTest/def/checkxlinkurl.template.feature
arg: {"link":"http://inspire.ec.europa.eu/metadata-codelist/PriorityDataset"}
checkxlinkurl.template.feature:21 - 
java.net.SocketTimeoutException: Read timed out
13:27:34.641 [ForkJoinPool-1-worker-47] INFO  com.intuit.karate - [print] [
  "http://standaarden.overheid.nl/owms/terms/Ministerie_van_Landbouw,_Natuur_en_Voedselkwaliteit"
]

13:27:34.644 [ForkJoinPool-1-worker-47] INFO  com.intuit.karate - [print] testing xlinkurl:http://standaarden.overheid.nl/owms/terms/Ministerie_van_Landbouw,_Natuur_en_Voedselkwaliteit
13:27:34.924 [ForkJoinPool-1-worker-55] ERROR com.intuit.karate - org.apache.http.conn.HttpHostConnectException: Connect to inspire.ec.europa.eu:443 [inspire.ec.europa.eu/139.191.229.30] failed: Connection refused, http call failed after 107 milliseconds for URL: http://inspire.ec.europa.eu/theme#
13:27:34.924 [ForkJoinPool-1-worker-55] ERROR com.intuit.karate - http request failed: 
org.apache.http.conn.HttpHostConnectException: Connect to inspire.ec.europa.eu:443 [inspire.ec.europa.eu/139.191.229.30] failed: Connection refused
13:27:34.925 [ForkJoinPool-1-worker-55] ERROR com.intuit.karate - feature call (loop) failed at index: 0
caller: classpath:InspireTest/def/checkxlinkurl.template.feature
arg: {"link":"http://inspire.ec.europa.eu/theme#"}
checkxlinkurl.template.feature:21 - 
org.apache.http.conn.HttpHostConnectException: Connect to inspire.ec.europa.eu:443 [inspire.ec.europa.eu/139.191.229.30] failed: Connection refused
13:27:34.926 [ForkJoinPool-1-worker-55] INFO  com.intuit.karate - [print] [
  "http://standaarden.overheid.nl/owms/terms/Rijksinstituut_voor_Volksgezondheid_en_Milieu"
]

13:27:34.929 [ForkJoinPool-1-worker-55] INFO  com.intuit.karate - [print] testing xlinkurl:http://standaarden.overheid.nl/owms/terms/Rijksinstituut_voor_Volksgezondheid_en_Milieu
13:27:34.938 [ForkJoinPool-1-worker-23] INFO  com.intuit.karate - [print] [
  "http://standaarden.overheid.nl/owms/terms/RVO"
]

13:27:34.938 [ForkJoinPool-1-worker-11] INFO  com.intuit.karate - [print] [
  "http://www.eionet.europa.eu/gemet/inspire_themes"
]

13:27:34.942 [ForkJoinPool-1-worker-23] INFO  com.intuit.karate - [print] testing xlinkurl:http://standaarden.overheid.nl/owms/terms/RVO
13:27:34.942 [ForkJoinPool-1-worker-11] INFO  com.intuit.karate - [print] testing xlinkurl:http://www.eionet.europa.eu/gemet/inspire_themes
13:27:35.084 [ForkJoinPool-1-worker-59] INFO  com.intuit.karate - [print] [
  "http://www.eionet.europa.eu/gemet/nl/inspire-theme/ac"
]

13:27:35.088 [ForkJoinPool-1-worker-59] INFO  com.intuit.karate - [print] testing xlinkurl:http://www.eionet.europa.eu/gemet/nl/inspire-theme/ac
13:27:35.089 [ForkJoinPool-1-worker-25] INFO  com.intuit.karate - [print] [
  "http://www.eionet.europa.eu/gemet/nl/inspire-theme/ad"
]

13:27:35.096 [ForkJoinPool-1-worker-25] INFO  com.intuit.karate - [print] testing xlinkurl:http://www.eionet.europa.eu/gemet/nl/inspire-theme/ad
13:27:35.195 [ForkJoinPool-1-worker-17] INFO  com.intuit.karate - [print] [
  "http://www.eionet.europa.eu/gemet/nl/inspire-theme/af"
]

13:27:35.199 [ForkJoinPool-1-worker-17] INFO  com.intuit.karate - [print] testing xlinkurl:http://www.eionet.europa.eu/gemet/nl/inspire-theme/af
13:27:35.315 [ForkJoinPool-1-worker-47] INFO  com.intuit.karate - [print] [
  "http://www.eionet.europa.eu/gemet/nl/inspire-theme/am"
]

13:27:35.320 [ForkJoinPool-1-worker-47] INFO  com.intuit.karate - [print] testing xlinkurl:http://www.eionet.europa.eu/gemet/nl/inspire-theme/am
13:27:35.322 [ForkJoinPool-1-worker-53] INFO  com.intuit.karate - [print] [
  "http://www.eionet.europa.eu/gemet/nl/inspire-theme/au"
]

13:27:35.344 [ForkJoinPool-1-worker-53] INFO  com.intuit.karate - [print] testing xlinkurl:http://www.eionet.europa.eu/gemet/nl/inspire-theme/au
13:27:35.452 [ForkJoinPool-1-worker-31] INFO  com.intuit.karate - [print] [
  "http://www.eionet.europa.eu/gemet/nl/inspire-theme/bu"
]

13:27:35.453 [ForkJoinPool-1-worker-41] INFO  com.intuit.karate - [print] [
  "http://www.eionet.europa.eu/gemet/nl/inspire-theme/cp"
]

13:27:35.509 [ForkJoinPool-1-worker-23] INFO  com.intuit.karate - [print] [
  "http://www.eionet.europa.eu/gemet/nl/inspire-theme/ef"
]

13:27:35.512 [ForkJoinPool-1-worker-41] INFO  com.intuit.karate - [print] testing xlinkurl:http://www.eionet.europa.eu/gemet/nl/inspire-theme/cp
13:27:35.514 [ForkJoinPool-1-worker-31] INFO  com.intuit.karate - [print] testing xlinkurl:http://www.eionet.europa.eu/gemet/nl/inspire-theme/bu
13:27:35.519 [ForkJoinPool-1-worker-55] INFO  com.intuit.karate - [print] [
  "http://www.eionet.europa.eu/gemet/nl/inspire-theme/er"
]

13:27:35.522 [ForkJoinPool-1-worker-55] INFO  com.intuit.karate - [print] testing xlinkurl:http://www.eionet.europa.eu/gemet/nl/inspire-theme/er
13:27:35.529 [ForkJoinPool-1-worker-23] INFO  com.intuit.karate - [print] testing xlinkurl:http://www.eionet.europa.eu/gemet/nl/inspire-theme/ef
13:27:36.101 [ForkJoinPool-1-worker-53] INFO  com.intuit.karate - [print] [
  "http://www.eionet.europa.eu/gemet/nl/inspire-theme/ge"
]

13:27:36.102 [ForkJoinPool-1-worker-17] INFO  com.intuit.karate - [print] [
  "http://www.eionet.europa.eu/gemet/nl/inspire-theme/gn"
]

13:27:36.107 [ForkJoinPool-1-worker-59] INFO  com.intuit.karate - [print] [
  "http://www.eionet.europa.eu/gemet/nl/inspire-theme/hb"
]

13:27:36.110 [ForkJoinPool-1-worker-17] INFO  com.intuit.karate - [print] testing xlinkurl:http://www.eionet.europa.eu/gemet/nl/inspire-theme/gn
13:27:36.112 [ForkJoinPool-1-worker-59] INFO  com.intuit.karate - [print] testing xlinkurl:http://www.eionet.europa.eu/gemet/nl/inspire-theme/hb
13:27:36.113 [ForkJoinPool-1-worker-53] INFO  com.intuit.karate - [print] testing xlinkurl:http://www.eionet.europa.eu/gemet/nl/inspire-theme/ge
13:27:36.155 [ForkJoinPool-1-worker-25] INFO  com.intuit.karate - [print] [
  "http://www.eionet.europa.eu/gemet/nl/inspire-theme/hh"
]

13:27:36.156 [ForkJoinPool-1-worker-47] INFO  com.intuit.karate - [print] [
  "http://www.eionet.europa.eu/gemet/nl/inspire-theme/hy"
]

13:27:36.159 [ForkJoinPool-1-worker-25] INFO  com.intuit.karate - [print] testing xlinkurl:http://www.eionet.europa.eu/gemet/nl/inspire-theme/hh
13:27:36.161 [ForkJoinPool-1-worker-47] INFO  com.intuit.karate - [print] testing xlinkurl:http://www.eionet.europa.eu/gemet/nl/inspire-theme/hy
13:27:36.183 [ForkJoinPool-1-worker-41] INFO  com.intuit.karate - [print] [
  "http://www.eionet.europa.eu/gemet/nl/inspire-theme/lc"
]

13:27:36.186 [ForkJoinPool-1-worker-41] INFO  com.intuit.karate - [print] testing xlinkurl:http://www.eionet.europa.eu/gemet/nl/inspire-theme/lc
13:27:36.217 [ForkJoinPool-1-worker-31] INFO  com.intuit.karate - [print] [
  "http://www.eionet.europa.eu/gemet/nl/inspire-theme/lu"
]

13:27:36.219 [ForkJoinPool-1-worker-31] INFO  com.intuit.karate - [print] testing xlinkurl:http://www.eionet.europa.eu/gemet/nl/inspire-theme/lu
13:27:36.228 [ForkJoinPool-1-worker-55] INFO  com.intuit.karate - [print] [
  "http://www.eionet.europa.eu/gemet/nl/inspire-theme/mf"
]

13:27:36.231 [ForkJoinPool-1-worker-55] INFO  com.intuit.karate - [print] testing xlinkurl:http://www.eionet.europa.eu/gemet/nl/inspire-theme/mf
13:27:36.261 [ForkJoinPool-1-worker-23] INFO  com.intuit.karate - [print] [
  "http://www.eionet.europa.eu/gemet/nl/inspire-theme/nz"
]

13:27:36.264 [ForkJoinPool-1-worker-23] INFO  com.intuit.karate - [print] testing xlinkurl:http://www.eionet.europa.eu/gemet/nl/inspire-theme/nz
13:27:36.307 [ForkJoinPool-1-worker-11] INFO  com.intuit.karate - [print] [
  "http://www.eionet.europa.eu/gemet/nl/inspire-theme/of"
]

13:27:36.312 [ForkJoinPool-1-worker-11] INFO  com.intuit.karate - [print] testing xlinkurl:http://www.eionet.europa.eu/gemet/nl/inspire-theme/of
13:27:36.615 [ForkJoinPool-1-worker-49] INFO  com.intuit.karate - [print] [
  "http://www.eionet.europa.eu/gemet/nl/inspire-theme/oi"
]

13:27:36.619 [ForkJoinPool-1-worker-49] INFO  com.intuit.karate - [print] testing xlinkurl:http://www.eionet.europa.eu/gemet/nl/inspire-theme/oi
13:27:36.803 [ForkJoinPool-1-worker-17] INFO  com.intuit.karate - [print] [
  "http://www.eionet.europa.eu/gemet/nl/inspire-theme/pd"
]

13:27:36.807 [ForkJoinPool-1-worker-17] INFO  com.intuit.karate - [print] testing xlinkurl:http://www.eionet.europa.eu/gemet/nl/inspire-theme/pd
13:27:36.822 [ForkJoinPool-1-worker-53] INFO  com.intuit.karate - [print] [
  "http://www.eionet.europa.eu/gemet/nl/inspire-theme/pf"
]

13:27:36.825 [ForkJoinPool-1-worker-53] INFO  com.intuit.karate - [print] testing xlinkurl:http://www.eionet.europa.eu/gemet/nl/inspire-theme/pf
13:27:36.873 [ForkJoinPool-1-worker-47] INFO  com.intuit.karate - [print] [
  "http://www.eionet.europa.eu/gemet/nl/inspire-theme/ps"
]

13:27:36.878 [ForkJoinPool-1-worker-47] INFO  com.intuit.karate - [print] testing xlinkurl:http://www.eionet.europa.eu/gemet/nl/inspire-theme/ps
13:27:36.883 [ForkJoinPool-1-worker-25] INFO  com.intuit.karate - [print] [
  "http://www.eionet.europa.eu/gemet/nl/inspire-theme/rs"
]

13:27:36.883 [ForkJoinPool-1-worker-59] INFO  com.intuit.karate - [print] [
  "http://www.eionet.europa.eu/gemet/nl/inspire-theme/sd"
]

13:27:36.885 [ForkJoinPool-1-worker-25] INFO  com.intuit.karate - [print] testing xlinkurl:http://www.eionet.europa.eu/gemet/nl/inspire-theme/rs
13:27:36.887 [ForkJoinPool-1-worker-59] INFO  com.intuit.karate - [print] testing xlinkurl:http://www.eionet.europa.eu/gemet/nl/inspire-theme/sd
13:27:36.939 [ForkJoinPool-1-worker-55] INFO  com.intuit.karate - [print] [
  "http://www.eionet.europa.eu/gemet/nl/inspire-theme/so"
]

13:27:36.942 [ForkJoinPool-1-worker-55] INFO  com.intuit.karate - [print] testing xlinkurl:http://www.eionet.europa.eu/gemet/nl/inspire-theme/so
13:27:36.960 [ForkJoinPool-1-worker-41] INFO  com.intuit.karate - [print] [
  "http://www.eionet.europa.eu/gemet/nl/inspire-theme/sr"
]

13:27:36.960 [ForkJoinPool-1-worker-31] INFO  com.intuit.karate - [print] [
  "http://www.eionet.europa.eu/gemet/nl/inspire-theme/su"
]

13:27:36.962 [ForkJoinPool-1-worker-41] INFO  com.intuit.karate - [print] testing xlinkurl:http://www.eionet.europa.eu/gemet/nl/inspire-theme/sr
13:27:36.963 [ForkJoinPool-1-worker-31] INFO  com.intuit.karate - [print] testing xlinkurl:http://www.eionet.europa.eu/gemet/nl/inspire-theme/su
13:27:36.988 [ForkJoinPool-1-worker-23] INFO  com.intuit.karate - [print] [
  "http://www.eionet.europa.eu/gemet/nl/inspire-theme/tn"
]

13:27:36.991 [ForkJoinPool-1-worker-23] INFO  com.intuit.karate - [print] testing xlinkurl:http://www.eionet.europa.eu/gemet/nl/inspire-theme/tn
13:27:37.028 [ForkJoinPool-1-worker-11] INFO  com.intuit.karate - [print] [
  "http://www.eionet.europa.eu/gemet/nl/inspire-theme/us"
]

13:27:37.031 [ForkJoinPool-1-worker-11] INFO  com.intuit.karate - [print] testing xlinkurl:http://www.eionet.europa.eu/gemet/nl/inspire-theme/us
13:27:37.204 [ForkJoinPool-1-worker-37] INFO  com.intuit.karate - [print] [
  "http://www.iana.org/assignments/media-types/application/gml+xml"
]

13:27:37.209 [ForkJoinPool-1-worker-37] INFO  com.intuit.karate - [print] testing xlinkurl:http://www.iana.org/assignments/media-types/application/gml+xml
13:27:37.300 [ForkJoinPool-1-worker-49] INFO  com.intuit.karate - [print] [
  "https://www.iana.org/assignments/media-types/application/geopackage+sqlite3"
]

13:27:37.305 [ForkJoinPool-1-worker-49] INFO  com.intuit.karate - [print] testing xlinkurl:https://www.iana.org/assignments/media-types/application/geopackage+sqlite3
13:27:37.375 [ForkJoinPool-1-worker-13] ERROR com.intuit.karate - java.net.SocketTimeoutException: Read timed out, http call failed after 60356 milliseconds for URL: http://inspire.ec.europa.eu/metadata-codelist/PriorityDataset/DischargePointsToReceivingWaters-dir-1991-271
13:27:37.375 [ForkJoinPool-1-worker-13] ERROR com.intuit.karate - http request failed: 
java.net.SocketTimeoutException: Read timed out
13:27:37.375 [ForkJoinPool-1-worker-13] ERROR com.intuit.karate - feature call (loop) failed at index: 0
caller: classpath:InspireTest/def/checkxlinkurl.template.feature
arg: {"link":"http://inspire.ec.europa.eu/metadata-codelist/PriorityDataset/DischargePointsToReceivingWaters-dir-1991-271"}
checkxlinkurl.template.feature:21 - 
java.net.SocketTimeoutException: Read timed out
13:27:37.376 [ForkJoinPool-1-worker-13] INFO  com.intuit.karate - [print] [
  "https://www.iana.org/assignments/media-types/application/gml+xml"
]

13:27:37.383 [ForkJoinPool-1-worker-13] INFO  com.intuit.karate - [print] testing xlinkurl:https://www.iana.org/assignments/media-types/application/gml+xml
13:27:37.384 [ForkJoinPool-1-worker-37] ERROR com.intuit.karate - assertion failed: path: $, actual: 304, expected: 200, reason: not equal (Integer)
13:27:37.385 [ForkJoinPool-1-worker-37] ERROR com.intuit.karate - feature call (loop) failed at index: 0
caller: classpath:InspireTest/def/checkxlinkurl.template.feature
arg: {"link":"http://www.iana.org/assignments/media-types/application/gml+xml"}
checkxlinkurl.template.feature:28 - path: $, actual: 304, expected: 200, reason: not equal (Integer)
13:27:37.385 [ForkJoinPool-1-worker-37] INFO  com.intuit.karate - [print] [
  "https://www.iana.org/assignments/media-types/application/xml"
]

13:27:37.387 [ForkJoinPool-1-worker-37] INFO  com.intuit.karate - [print] testing xlinkurl:https://www.iana.org/assignments/media-types/application/xml
13:27:37.482 [ForkJoinPool-1-worker-49] INFO  com.intuit.karate - [print] [
  "http://www.opengeospatial.org/standards/sos"
]

13:27:37.485 [ForkJoinPool-1-worker-49] INFO  com.intuit.karate - [print] testing xlinkurl:http://www.opengeospatial.org/standards/sos
13:27:37.516 [ForkJoinPool-1-worker-17] INFO  com.intuit.karate - [print] [
  "http://www.opengeospatial.org/standards/wcs"
]

13:27:37.520 [ForkJoinPool-1-worker-17] INFO  com.intuit.karate - [print] testing xlinkurl:http://www.opengeospatial.org/standards/wcs
13:27:37.537 [ForkJoinPool-1-worker-53] INFO  com.intuit.karate - [print] [
  "http://www.opengeospatial.org/standards/wfs"
]

13:27:37.539 [ForkJoinPool-1-worker-53] INFO  com.intuit.karate - [print] testing xlinkurl:http://www.opengeospatial.org/standards/wfs
13:27:37.555 [ForkJoinPool-1-worker-37] INFO  com.intuit.karate - [print] [
  "http://www.opengeospatial.org/standards/wms"
]

13:27:37.558 [ForkJoinPool-1-worker-37] INFO  com.intuit.karate - [print] testing xlinkurl:http://www.opengeospatial.org/standards/wms
13:27:37.560 [ForkJoinPool-1-worker-13] INFO  com.intuit.karate - [print] [
  "http://www.opengeospatial.org/standards/wmts"
]

13:27:37.563 [ForkJoinPool-1-worker-13] INFO  com.intuit.karate - [print] testing xlinkurl:http://www.opengeospatial.org/standards/wmts
13:27:37.579 [ForkJoinPool-1-worker-47] INFO  com.intuit.karate - [print] [
  "http://www.opengis.net/def/crs/EPSG/0/3034"
]

13:27:37.598 [ForkJoinPool-1-worker-25] INFO  com.intuit.karate - [print] [
  "http://www.opengis.net/def/crs/EPSG/0/3035"
]

13:27:37.598 [ForkJoinPool-1-worker-47] INFO  com.intuit.karate - [print] testing xlinkurl:http://www.opengis.net/def/crs/EPSG/0/3034
13:27:37.603 [ForkJoinPool-1-worker-59] INFO  com.intuit.karate - [print] [
  "http://www.opengis.net/def/crs/EPSG/0/3857"
]

13:27:37.605 [ForkJoinPool-1-worker-59] INFO  com.intuit.karate - [print] testing xlinkurl:http://www.opengis.net/def/crs/EPSG/0/3857
13:27:37.612 [ForkJoinPool-1-worker-25] INFO  com.intuit.karate - [print] testing xlinkurl:http://www.opengis.net/def/crs/EPSG/0/3035
13:27:37.637 [ForkJoinPool-1-worker-39] INFO  com.intuit.karate - [print] [
  "http://www.opengis.net/def/crs/EPSG/0/4258"
]

13:27:37.639 [ForkJoinPool-1-worker-39] INFO  com.intuit.karate - [print] testing xlinkurl:http://www.opengis.net/def/crs/EPSG/0/4258
13:27:37.648 [ForkJoinPool-1-worker-55] INFO  com.intuit.karate - [print] [
  "http://www.opengis.net/def/crs/EPSG/0/4326"
]

13:27:37.651 [ForkJoinPool-1-worker-55] INFO  com.intuit.karate - [print] testing xlinkurl:http://www.opengis.net/def/crs/EPSG/0/4326
13:27:37.655 [ForkJoinPool-1-worker-41] INFO  com.intuit.karate - [print] [
  "http://www.opengis.net/def/crs/EPSG/0/5709"
]

13:27:37.657 [ForkJoinPool-1-worker-31] INFO  com.intuit.karate - [print] [
  "http://www.opengis.net/def/crs/EPSG/0/5730"
]

13:27:37.661 [ForkJoinPool-1-worker-31] INFO  com.intuit.karate - [print] testing xlinkurl:http://www.opengis.net/def/crs/EPSG/0/5730
13:27:37.662 [ForkJoinPool-1-worker-41] INFO  com.intuit.karate - [print] testing xlinkurl:http://www.opengis.net/def/crs/EPSG/0/5709
13:27:37.711 [ForkJoinPool-1-worker-23] INFO  com.intuit.karate - [print] [
  "http://www.opengis.net/def/crs/EPSG/0/5861"
]

13:27:37.714 [ForkJoinPool-1-worker-23] INFO  com.intuit.karate - [print] testing xlinkurl:http://www.opengis.net/def/crs/EPSG/0/5861
13:27:37.717 [ForkJoinPool-1-worker-11] INFO  com.intuit.karate - [print] [
  "http://www.opengis.net/def/crs/EPSG/0/23031"
]

13:27:37.719 [ForkJoinPool-1-worker-11] INFO  com.intuit.karate - [print] testing xlinkurl:http://www.opengis.net/def/crs/EPSG/0/23031
13:27:37.879 [ForkJoinPool-1-worker-53] INFO  com.intuit.karate - [print] [
  "http://www.opengis.net/def/crs/EPSG/0/25831"
]

13:27:37.883 [ForkJoinPool-1-worker-53] INFO  com.intuit.karate - [print] testing xlinkurl:http://www.opengis.net/def/crs/EPSG/0/25831
13:27:37.887 [ForkJoinPool-1-worker-13] INFO  com.intuit.karate - [print] [
  "http://www.opengis.net/def/crs/EPSG/0/25832"
]

13:27:37.890 [ForkJoinPool-1-worker-13] INFO  com.intuit.karate - [print] testing xlinkurl:http://www.opengis.net/def/crs/EPSG/0/25832
13:27:37.895 [ForkJoinPool-1-worker-49] INFO  com.intuit.karate - [print] [
  "http://www.opengis.net/def/crs/EPSG/0/28992"
]

13:27:37.899 [ForkJoinPool-1-worker-49] INFO  com.intuit.karate - [print] testing xlinkurl:http://www.opengis.net/def/crs/EPSG/0/28992
13:27:37.919 [ForkJoinPool-1-worker-17] INFO  com.intuit.karate - [print] [
  "http://www.opengis.net/def/crs/EPSG/0/EPSG:4326"
]

13:27:37.921 [ForkJoinPool-1-worker-37] INFO  com.intuit.karate - [print] [
  "http://www.opengis.net/def/crs/EPSG/0/EPSG:28992"
]

13:27:37.926 [ForkJoinPool-1-worker-17] INFO  com.intuit.karate - [print] testing xlinkurl:http://www.opengis.net/def/crs/EPSG/0/EPSG:4326
13:27:37.928 [ForkJoinPool-1-worker-37] INFO  com.intuit.karate - [print] testing xlinkurl:http://www.opengis.net/def/crs/EPSG/0/EPSG:28992
13:27:38.041 [ForkJoinPool-1-worker-55] INFO  com.intuit.karate - [print] [
  "http://www.opengis.net/def/crs/EPSG/0/epsg:28992"
]

13:27:38.045 [ForkJoinPool-1-worker-55] INFO  com.intuit.karate - [print] testing xlinkurl:http://www.opengis.net/def/crs/EPSG/0/epsg:28992
13:27:38.052 [ForkJoinPool-1-worker-23] INFO  com.intuit.karate - [print] [
  "http://www.opengis.net/def/serviceType/ogc/wcs"
]

13:27:38.055 [ForkJoinPool-1-worker-23] INFO  com.intuit.karate - [print] testing xlinkurl:http://www.opengis.net/def/serviceType/ogc/wcs
13:27:38.058 [ForkJoinPool-1-worker-25] INFO  com.intuit.karate - [print] [
  "http://www.opengis.net/def/serviceType/ogc/wfs"
]

13:27:38.060 [ForkJoinPool-1-worker-25] INFO  com.intuit.karate - [print] testing xlinkurl:http://www.opengis.net/def/serviceType/ogc/wfs
13:27:38.062 [ForkJoinPool-1-worker-39] INFO  com.intuit.karate - [print] [
  "http://www.opengis.net/def/serviceType/ogc/wms"
]

13:27:38.064 [ForkJoinPool-1-worker-39] INFO  com.intuit.karate - [print] testing xlinkurl:http://www.opengis.net/def/serviceType/ogc/wms
13:27:38.064 [ForkJoinPool-1-worker-41] INFO  com.intuit.karate - [print] [
  "http://www.opengis.net/def/serviceType/ogc/wmts"
]

13:27:38.067 [ForkJoinPool-1-worker-41] INFO  com.intuit.karate - [print] testing xlinkurl:http://www.opengis.net/def/serviceType/ogc/wmts
13:27:38.068 [ForkJoinPool-1-worker-47] INFO  com.intuit.karate - [print] [
  "http://www.wur.nl/nl/Expertises-Dienstverlening/Onderzoeksinstituten/Environmental-Research.htm"
]

13:27:38.070 [ForkJoinPool-1-worker-47] INFO  com.intuit.karate - [print] testing xlinkurl:http://www.wur.nl/nl/Expertises-Dienstverlening/Onderzoeksinstituten/Environmental-Research.htm
13:27:38.071 [ForkJoinPool-1-worker-59] INFO  com.intuit.karate - [print] [
  "https://ec.europa.eu/eurostat/web/health/data/database"
]

13:27:38.073 [ForkJoinPool-1-worker-59] INFO  com.intuit.karate - [print] testing xlinkurl:https://ec.europa.eu/eurostat/web/health/data/database
13:27:38.075 [ForkJoinPool-1-worker-31] INFO  com.intuit.karate - [print] [
  "https://geodata.cbs.nl/files/INSPIRE"
]

13:27:38.079 [ForkJoinPool-1-worker-31] INFO  com.intuit.karate - [print] testing xlinkurl:https://geodata.cbs.nl/files/INSPIRE
13:27:38.438 [ForkJoinPool-1-worker-5] ERROR com.intuit.karate - java.net.SocketTimeoutException: Read timed out, http call failed after 60399 milliseconds for URL: http://inspire.ec.europa.eu/metadata-codelist/PriorityDataset/DrinkingWaterAbstractionPoints-dir-1998-83
13:27:38.439 [ForkJoinPool-1-worker-5] ERROR com.intuit.karate - http request failed: 
java.net.SocketTimeoutException: Read timed out
13:27:38.439 [ForkJoinPool-1-worker-5] ERROR com.intuit.karate - feature call (loop) failed at index: 0
caller: classpath:InspireTest/def/checkxlinkurl.template.feature
arg: {"link":"http://inspire.ec.europa.eu/metadata-codelist/PriorityDataset/DrinkingWaterAbstractionPoints-dir-1998-83"}
checkxlinkurl.template.feature:21 - 
java.net.SocketTimeoutException: Read timed out
13:27:38.439 [ForkJoinPool-1-worker-5] INFO  com.intuit.karate - [print] [
  "https://geodata.nationaalgeoregister.nl/elu/atom/elu.xml"
]

13:27:38.446 [ForkJoinPool-1-worker-5] INFO  com.intuit.karate - [print] testing xlinkurl:https://geodata.nationaalgeoregister.nl/elu/atom/elu.xml
13:27:38.658 [ForkJoinPool-1-worker-11] INFO  com.intuit.karate - [print] [
  "https://inspire.ec.europa.eu/id/document/tg/au"
]

13:27:38.662 [ForkJoinPool-1-worker-11] INFO  com.intuit.karate - [print] testing xlinkurl:https://inspire.ec.europa.eu/id/document/tg/au
13:27:38.770 [ForkJoinPool-1-worker-11] ERROR com.intuit.karate - org.apache.http.conn.HttpHostConnectException: Connect to inspire.ec.europa.eu:443 [inspire.ec.europa.eu/139.191.229.30] failed: Connection refused, http call failed after 107 milliseconds for URL: https://inspire.ec.europa.eu/id/document/tg/au
13:27:38.771 [ForkJoinPool-1-worker-11] ERROR com.intuit.karate - http request failed: 
org.apache.http.conn.HttpHostConnectException: Connect to inspire.ec.europa.eu:443 [inspire.ec.europa.eu/139.191.229.30] failed: Connection refused
13:27:38.772 [ForkJoinPool-1-worker-11] ERROR com.intuit.karate - feature call (loop) failed at index: 0
caller: classpath:InspireTest/def/checkxlinkurl.template.feature
arg: {"link":"https://inspire.ec.europa.eu/id/document/tg/au"}
checkxlinkurl.template.feature:21 - 
org.apache.http.conn.HttpHostConnectException: Connect to inspire.ec.europa.eu:443 [inspire.ec.europa.eu/139.191.229.30] failed: Connection refused
13:27:38.774 [ForkJoinPool-1-worker-11] INFO  com.intuit.karate - [print] [
  "https://inspire.ec.europa.eu/id/document/tg/of"
]

13:27:38.777 [ForkJoinPool-1-worker-11] INFO  com.intuit.karate - [print] testing xlinkurl:https://inspire.ec.europa.eu/id/document/tg/of
13:27:38.846 [ForkJoinPool-1-worker-31] INFO  com.intuit.karate - [print] [
  "https://inspire.ec.europa.eu/id/document/tg/ps"
]

13:27:38.851 [ForkJoinPool-1-worker-31] INFO  com.intuit.karate - [print] testing xlinkurl:https://inspire.ec.europa.eu/id/document/tg/ps
13:27:38.886 [ForkJoinPool-1-worker-11] ERROR com.intuit.karate - org.apache.http.conn.HttpHostConnectException: Connect to inspire.ec.europa.eu:443 [inspire.ec.europa.eu/139.191.229.30] failed: Connection refused, http call failed after 107 milliseconds for URL: https://inspire.ec.europa.eu/id/document/tg/of
13:27:38.888 [ForkJoinPool-1-worker-11] ERROR com.intuit.karate - http request failed: 
org.apache.http.conn.HttpHostConnectException: Connect to inspire.ec.europa.eu:443 [inspire.ec.europa.eu/139.191.229.30] failed: Connection refused
13:27:38.889 [ForkJoinPool-1-worker-11] ERROR com.intuit.karate - feature call (loop) failed at index: 0
caller: classpath:InspireTest/def/checkxlinkurl.template.feature
arg: {"link":"https://inspire.ec.europa.eu/id/document/tg/of"}
checkxlinkurl.template.feature:21 - 
org.apache.http.conn.HttpHostConnectException: Connect to inspire.ec.europa.eu:443 [inspire.ec.europa.eu/139.191.229.30] failed: Connection refused
13:27:38.893 [ForkJoinPool-1-worker-11] INFO  com.intuit.karate - [print] [
  "https://inspire.ec.europa.eu/schemas/ps/4.0/ProtectedSites.xsd"
]

13:27:38.897 [ForkJoinPool-1-worker-11] INFO  com.intuit.karate - [print] testing xlinkurl:https://inspire.ec.europa.eu/schemas/ps/4.0/ProtectedSites.xsd
13:27:38.899 [ForkJoinPool-1-worker-59] INFO  com.intuit.karate - [print] [
  "https://ngr.geocat.live/geonetwork/srv/eng/thesaurus.download?ref=external.theme.httpinspireeceuropaeumetadatacodelistSpatialScope-SpatialScope"
]

13:27:38.902 [ForkJoinPool-1-worker-59] INFO  com.intuit.karate - [print] testing xlinkurl:https://ngr.geocat.live/geonetwork/srv/eng/thesaurus.download?ref=external.theme.httpinspireeceuropaeumetadatacodelistSpatialScope-SpatialScope
13:27:38.943 [ForkJoinPool-1-worker-5] INFO  com.intuit.karate - [print] [
  "https://tools.ietf.org/html/rfc4287"
]

13:27:38.947 [ForkJoinPool-1-worker-5] INFO  com.intuit.karate - [print] testing xlinkurl:https://tools.ietf.org/html/rfc4287
13:27:38.959 [ForkJoinPool-1-worker-31] ERROR com.intuit.karate - org.apache.http.conn.HttpHostConnectException: Connect to inspire.ec.europa.eu:443 [inspire.ec.europa.eu/139.191.229.30] failed: Connection refused, http call failed after 107 milliseconds for URL: https://inspire.ec.europa.eu/id/document/tg/ps
13:27:38.959 [ForkJoinPool-1-worker-31] ERROR com.intuit.karate - http request failed: 
org.apache.http.conn.HttpHostConnectException: Connect to inspire.ec.europa.eu:443 [inspire.ec.europa.eu/139.191.229.30] failed: Connection refused
13:27:38.959 [ForkJoinPool-1-worker-31] ERROR com.intuit.karate - feature call (loop) failed at index: 0
caller: classpath:InspireTest/def/checkxlinkurl.template.feature
arg: {"link":"https://inspire.ec.europa.eu/id/document/tg/ps"}
checkxlinkurl.template.feature:21 - 
org.apache.http.conn.HttpHostConnectException: Connect to inspire.ec.europa.eu:443 [inspire.ec.europa.eu/139.191.229.30] failed: Connection refused
13:27:38.959 [ForkJoinPool-1-worker-31] INFO  com.intuit.karate - [print] [
  "https://tools.ietf.org/html/rfc5023"
]

13:27:38.961 [ForkJoinPool-1-worker-31] INFO  com.intuit.karate - [print] testing xlinkurl:https://tools.ietf.org/html/rfc5023
13:27:39.014 [ForkJoinPool-1-worker-11] ERROR com.intuit.karate - org.apache.http.conn.HttpHostConnectException: Connect to inspire.ec.europa.eu:443 [inspire.ec.europa.eu/139.191.229.30] failed: Connection refused, http call failed after 107 milliseconds for URL: https://inspire.ec.europa.eu/schemas/ps/4.0/ProtectedSites.xsd
13:27:39.014 [ForkJoinPool-1-worker-11] ERROR com.intuit.karate - http request failed: 
org.apache.http.conn.HttpHostConnectException: Connect to inspire.ec.europa.eu:443 [inspire.ec.europa.eu/139.191.229.30] failed: Connection refused
13:27:39.015 [ForkJoinPool-1-worker-11] ERROR com.intuit.karate - feature call (loop) failed at index: 0
caller: classpath:InspireTest/def/checkxlinkurl.template.feature
arg: {"link":"https://inspire.ec.europa.eu/schemas/ps/4.0/ProtectedSites.xsd"}
checkxlinkurl.template.feature:21 - 
org.apache.http.conn.HttpHostConnectException: Connect to inspire.ec.europa.eu:443 [inspire.ec.europa.eu/139.191.229.30] failed: Connection refused
13:27:39.016 [ForkJoinPool-1-worker-11] INFO  com.intuit.karate - [print] [
  "https://www.cbs.nl/-/media/cbs/dossiers/nederland%20regionaal/wijk-en-buurtstatistieken/shape%202017%20versie%2020.zip"
]

13:27:39.020 [ForkJoinPool-1-worker-11] INFO  com.intuit.karate - [print] testing xlinkurl:https://www.cbs.nl/-/media/cbs/dossiers/nederland%20regionaal/wijk-en-buurtstatistieken/shape%202017%20versie%2020.zip
13:27:39.104 [ForkJoinPool-1-worker-47] INFO  com.intuit.karate - [print] [
  "https://www.cbs.nl/nl-nl/dossier/nederland-regionaal/geografische-data/wijk-en-buurtkaart-2016"
]

13:27:39.110 [ForkJoinPool-1-worker-47] INFO  com.intuit.karate - [print] testing xlinkurl:https://www.cbs.nl/nl-nl/dossier/nederland-regionaal/geografische-data/wijk-en-buurtkaart-2016
13:27:39.297 [ForkJoinPool-1-worker-59] INFO  com.intuit.karate - [print] [
  "https://www.cbs.nl/nl-nl/dossier/nederland-regionaal/geografische-data/wijk-en-buurtkaart-2018"
]

13:27:39.301 [ForkJoinPool-1-worker-59] INFO  com.intuit.karate - [print] testing xlinkurl:https://www.cbs.nl/nl-nl/dossier/nederland-regionaal/geografische-data/wijk-en-buurtkaart-2018
13:27:39.511 [ForkJoinPool-1-worker-11] INFO  com.intuit.karate - [print] [
  "https://www.cbs.nl/nl-nl/dossier/nederland-regionaal/geografische-data/wijk-en-buurtkaart-2019"
]

13:27:39.516 [ForkJoinPool-1-worker-11] INFO  com.intuit.karate - [print] testing xlinkurl:https://www.cbs.nl/nl-nl/dossier/nederland-regionaal/geografische-data/wijk-en-buurtkaart-2019
13:27:39.578 [ForkJoinPool-1-worker-47] INFO  com.intuit.karate - [print] [
  "https://www.iana.org/assignments/media-types/application/gml+xml"
]

13:27:39.584 [ForkJoinPool-1-worker-47] INFO  com.intuit.karate - [print] testing xlinkurl:https://www.iana.org/assignments/media-types/application/gml+xml
13:27:39.663 [ForkJoinPool-1-worker-13] INFO  com.intuit.karate - [print] [
  "https://www.iana.org/assignments/media-types/application/zip"
]

13:27:39.663 [ForkJoinPool-1-worker-53] INFO  com.intuit.karate - [print] [
  "https://www.iana.org/assignments/media-types/image/png"
]

13:27:39.666 [ForkJoinPool-1-worker-53] INFO  com.intuit.karate - [print] testing xlinkurl:https://www.iana.org/assignments/media-types/image/png
13:27:39.667 [ForkJoinPool-1-worker-13] INFO  com.intuit.karate - [print] testing xlinkurl:https://www.iana.org/assignments/media-types/application/zip
13:27:39.709 [ForkJoinPool-1-worker-59] INFO  com.intuit.karate - [print] [
  "https://www.nationaalgeoregister.nl"
]

13:27:39.712 [ForkJoinPool-1-worker-59] INFO  com.intuit.karate - [print] testing xlinkurl:https://www.nationaalgeoregister.nl
13:27:39.766 [ForkJoinPool-1-worker-47] INFO  com.intuit.karate - [print] [
  "https://www.nationaalgeoregister.nl/geonetwork/srv/eng/thesaurus.download?ref=external.theme.httpinspireeceuropaeumetadatacodelistPriorityDataset-PriorityDataset"
]

13:27:39.771 [ForkJoinPool-1-worker-47] INFO  com.intuit.karate - [print] testing xlinkurl:https://www.nationaalgeoregister.nl/geonetwork/srv/eng/thesaurus.download?ref=external.theme.httpinspireeceuropaeumetadatacodelistPriorityDataset-PriorityDataset
13:27:39.840 [ForkJoinPool-1-worker-53] INFO  com.intuit.karate - [print] [
  "https://www.nationaalgeoregister.nl/geonetwork/srv/eng/thesaurus.download?ref=external.theme.httpinspireeceuropaeumetadatacodelistSpatialScope-SpatialScope"
]

13:27:39.843 [ForkJoinPool-1-worker-13] INFO  com.intuit.karate - [print] [
  "https://www.nationaalgeoregister.nl/geonetwork/srv/eng/thesaurus.download?ref=external.theme.httpinspireeceuropaeutheme-theme"
]

13:27:39.846 [ForkJoinPool-1-worker-53] INFO  com.intuit.karate - [print] testing xlinkurl:https://www.nationaalgeoregister.nl/geonetwork/srv/eng/thesaurus.download?ref=external.theme.httpinspireeceuropaeumetadatacodelistSpatialScope-SpatialScope
13:27:39.849 [ForkJoinPool-1-worker-13] INFO  com.intuit.karate - [print] testing xlinkurl:https://www.nationaalgeoregister.nl/geonetwork/srv/eng/thesaurus.download?ref=external.theme.httpinspireeceuropaeutheme-theme
13:27:39.862 [ForkJoinPool-1-worker-27] INFO  com.intuit.karate - [print] [
  "https://www.nationaalgeoregister.nl:443/geonetwork/srv/eng/thesaurus.download?ref=external.theme.httpinspireeceuropaeuapplicationschema-applicationschema"
]

13:27:39.865 [ForkJoinPool-1-worker-27] INFO  com.intuit.karate - [print] testing xlinkurl:https://www.nationaalgeoregister.nl:443/geonetwork/srv/eng/thesaurus.download?ref=external.theme.httpinspireeceuropaeuapplicationschema-applicationschema
13:27:39.930 [ForkJoinPool-1-worker-11] INFO  com.intuit.karate - [print] [
  "https://www.nationaalgeoregister.nl:443/geonetwork/srv/eng/thesaurus.download?ref=external.theme.httpinspireeceuropaeumetadatacodelistPriorityDataset-PriorityDataset"
]

13:27:39.934 [ForkJoinPool-1-worker-11] INFO  com.intuit.karate - [print] testing xlinkurl:https://www.nationaalgeoregister.nl:443/geonetwork/srv/eng/thesaurus.download?ref=external.theme.httpinspireeceuropaeumetadatacodelistPriorityDataset-PriorityDataset
13:27:40.058 [ForkJoinPool-1-worker-47] INFO  com.intuit.karate - [print] [
  "https://www.nationaalgeoregister.nl:443/geonetwork/srv/eng/thesaurus.download?ref=external.theme.httpinspireeceuropaeumetadatacodelistSpatialScope-SpatialScope"
]

13:27:40.060 [ForkJoinPool-1-worker-47] INFO  com.intuit.karate - [print] testing xlinkurl:https://www.nationaalgeoregister.nl:443/geonetwork/srv/eng/thesaurus.download?ref=external.theme.httpinspireeceuropaeumetadatacodelistSpatialScope-SpatialScope
13:27:40.126 [ForkJoinPool-1-worker-53] INFO  com.intuit.karate - [print] [
  "https://www.nationaalgeoregister.nl:443/geonetwork/srv/eng/thesaurus.download?ref=external.theme.httpinspireeceuropaeutheme-theme"
]

13:27:40.130 [ForkJoinPool-1-worker-53] INFO  com.intuit.karate - [print] testing xlinkurl:https://www.nationaalgeoregister.nl:443/geonetwork/srv/eng/thesaurus.download?ref=external.theme.httpinspireeceuropaeutheme-theme
13:27:44.934 [ForkJoinPool-1-worker-3] ERROR com.intuit.karate - java.net.SocketTimeoutException: Read timed out, http call failed after 60384 milliseconds for URL: http://inspire.ec.europa.eu/metadata-codelist/PriorityDataset/FloodRiskZones-dir-2007-60
13:27:44.935 [ForkJoinPool-1-worker-3] ERROR com.intuit.karate - http request failed: 
java.net.SocketTimeoutException: Read timed out
13:27:44.935 [ForkJoinPool-1-worker-3] ERROR com.intuit.karate - feature call (loop) failed at index: 0
caller: classpath:InspireTest/def/checkxlinkurl.template.feature
arg: {"link":"http://inspire.ec.europa.eu/metadata-codelist/PriorityDataset/FloodRiskZones-dir-2007-60"}
checkxlinkurl.template.feature:21 - 
java.net.SocketTimeoutException: Read timed out
13:28:05.565 [ForkJoinPool-1-worker-45] ERROR com.intuit.karate - java.net.SocketTimeoutException: Read timed out, http call failed after 60372 milliseconds for URL: http://inspire.ec.europa.eu/metadata-codelist/PriorityDataset/MajorAirportsNoiseExposureDelineationNight-dir-2002-49
13:28:05.565 [ForkJoinPool-1-worker-45] ERROR com.intuit.karate - http request failed: 
java.net.SocketTimeoutException: Read timed out
13:28:05.565 [ForkJoinPool-1-worker-45] ERROR com.intuit.karate - feature call (loop) failed at index: 0
caller: classpath:InspireTest/def/checkxlinkurl.template.feature
arg: {"link":"http://inspire.ec.europa.eu/metadata-codelist/PriorityDataset/MajorAirportsNoiseExposureDelineationNight-dir-2002-49"}
checkxlinkurl.template.feature:21 - 
java.net.SocketTimeoutException: Read timed out
13:28:15.397 [ForkJoinPool-1-worker-19] ERROR com.intuit.karate - java.net.SocketTimeoutException: Read timed out, http call failed after 60352 milliseconds for URL: http://inspire.ec.europa.eu/metadata-codelist/PriorityDataset/MajorRoadsNoiseExposureDelineationDEN-dir-2002-49
13:28:15.397 [ForkJoinPool-1-worker-19] ERROR com.intuit.karate - http request failed: 
java.net.SocketTimeoutException: Read timed out
13:28:15.397 [ForkJoinPool-1-worker-19] ERROR com.intuit.karate - feature call (loop) failed at index: 0
caller: classpath:InspireTest/def/checkxlinkurl.template.feature
arg: {"link":"http://inspire.ec.europa.eu/metadata-codelist/PriorityDataset/MajorRoadsNoiseExposureDelineationDEN-dir-2002-49"}
checkxlinkurl.template.feature:21 - 
java.net.SocketTimeoutException: Read timed out
13:28:16.554 [ForkJoinPool-1-worker-51] ERROR com.intuit.karate - java.net.SocketTimeoutException: Read timed out, http call failed after 60375 milliseconds for URL: http://inspire.ec.europa.eu/metadata-codelist/PriorityDataset/MonitoringStations-dir-2000-60
13:28:16.554 [ForkJoinPool-1-worker-51] ERROR com.intuit.karate - http request failed: 
java.net.SocketTimeoutException: Read timed out
13:28:16.554 [ForkJoinPool-1-worker-51] ERROR com.intuit.karate - feature call (loop) failed at index: 0
caller: classpath:InspireTest/def/checkxlinkurl.template.feature
arg: {"link":"http://inspire.ec.europa.eu/metadata-codelist/PriorityDataset/MonitoringStations-dir-2000-60"}
checkxlinkurl.template.feature:21 - 
java.net.SocketTimeoutException: Read timed out
13:28:18.476 [ForkJoinPool-1-worker-33] ERROR com.intuit.karate - java.net.SocketTimeoutException: Read timed out, http call failed after 60378 milliseconds for URL: http://inspire.ec.europa.eu/metadata-codelist/PriorityDataset/NationallyDesignatedAreasCDDA
13:28:18.476 [ForkJoinPool-1-worker-33] ERROR com.intuit.karate - http request failed: 
java.net.SocketTimeoutException: Read timed out
13:28:18.476 [ForkJoinPool-1-worker-33] ERROR com.intuit.karate - feature call (loop) failed at index: 0
caller: classpath:InspireTest/def/checkxlinkurl.template.feature
arg: {"link":"http://inspire.ec.europa.eu/metadata-codelist/PriorityDataset/NationallyDesignatedAreasCDDA"}
checkxlinkurl.template.feature:21 - 
java.net.SocketTimeoutException: Read timed out
13:28:22.270 [ForkJoinPool-1-worker-63] ERROR com.intuit.karate - java.net.SocketTimeoutException: Read timed out, http call failed after 60327 milliseconds for URL: http://inspire.ec.europa.eu/metadata-codelist/PriorityDataset/TransitionalWaters-dir-2000-60
13:28:22.270 [ForkJoinPool-1-worker-63] ERROR com.intuit.karate - http request failed: 
java.net.SocketTimeoutException: Read timed out
13:28:22.270 [ForkJoinPool-1-worker-63] ERROR com.intuit.karate - feature call (loop) failed at index: 0
caller: classpath:InspireTest/def/checkxlinkurl.template.feature
arg: {"link":"http://inspire.ec.europa.eu/metadata-codelist/PriorityDataset/TransitionalWaters-dir-2000-60"}
checkxlinkurl.template.feature:21 - 
java.net.SocketTimeoutException: Read timed out
13:28:34.509 [ForkJoinPool-1-worker-9] ERROR com.intuit.karate - java.net.SocketTimeoutException: Read timed out, http call failed after 60391 milliseconds for URL: http://inspire.ec.europa.eu/metadata-codelist/SpatialScope/national
13:28:34.509 [ForkJoinPool-1-worker-9] ERROR com.intuit.karate - http request failed: 
java.net.SocketTimeoutException: Read timed out
13:28:34.509 [ForkJoinPool-1-worker-9] ERROR com.intuit.karate - feature call (loop) failed at index: 0
caller: classpath:InspireTest/def/checkxlinkurl.template.feature
arg: {"link":"http://inspire.ec.europa.eu/metadata-codelist/SpatialScope/national"}
checkxlinkurl.template.feature:21 - 
java.net.SocketTimeoutException: Read timed out
13:28:34.915 [pool-1-thread-1] INFO  com.intuit.karate.Runner - <<fail>> feature 1 of 13: classpath:InspireTest/ngr/T04_extra/check-known-links.feature
---------------------------------------------------------
feature: classpath:InspireTest/ngr/T04_extra/check-known-links.feature
report: target/surefire-reports/InspireTest.ngr.T04_extra.check-known-links.json
scenarios: 177 | passed: 140 | failed: 37 | time: 1704.2127
---------------------------------------------------------

HTML report: (paste into browser to view) | Karate version: 0.9.6
file:/home/runner/work/nl-ngr-validation/nl-ngr-validation/target/surefire-reports/karate-summary.html
===================================================================

Karate version: 0.9.6
======================================================
elapsed: 125.30 | threads:   24 | thread time: 1903.91 
features:     3 | ignored:   10 | efficiency: 0.63
scenarios:  207 | passed:   147 | failed: 60
======================================================
failed features:
InspireTest.ngr.T04_extra.check-known-links: [1.7:5] check-known-links.feature:11 - feature call (loop) failed: classpath:InspireTest/def/checkxlinkurl.template.feature
caller: classpath:InspireTest/ngr/T04_extra/check-known-links.feature
items: [{link=http://inspire.ec.europa.eu/applicationschema}]
errors:
-------
feature call (loop) failed at index: 0
caller: classpath:InspireTest/def/checkxlinkurl.template.feature
arg: {"link":"http://inspire.ec.europa.eu/applicationschema"}
checkxlinkurl.template.feature:21 - 
java.net.SocketTimeoutException: Read timed out
[1.8:5] check-known-links.feature:11 - feature call (loop) failed: classpath:InspireTest/def/checkxlinkurl.template.feature
caller: classpath:InspireTest/ngr/T04_extra/check-known-links.feature
items: [{link=http://inspire.ec.europa.eu/applicationschema/of}]
errors:
-------
feature call (loop) failed at index: 0
caller: classpath:InspireTest/def/checkxlinkurl.template.feature
arg: {"link":"http://inspire.ec.europa.eu/applicationschema/of"}
checkxlinkurl.template.feature:21 - 
java.net.SocketTimeoutException: Read timed out
[1.21:5] check-known-links.feature:11 - feature call (loop) failed: classpath:InspireTest/def/checkxlinkurl.template.feature
caller: classpath:InspireTest/ngr/T04_extra/check-known-links.feature
items: [{link=http://inspire.ec.europa.eu/media-types/application/x-shapefile}]
errors:
-------
feature call (loop) failed at index: 0
caller: classpath:InspireTest/def/checkxlinkurl.template.feature
arg: {"link":"http://inspire.ec.europa.eu/media-types/application/x-shapefile"}
checkxlinkurl.template.feature:21 - 
java.net.SocketTimeoutException: Read timed out
[1.22:5] check-known-links.feature:11 - feature call (loop) failed: classpath:InspireTest/def/checkxlinkurl.template.feature
caller: classpath:InspireTest/ngr/T04_extra/check-known-links.feature
items: [{link=http://inspire.ec.europa.eu/metadata-codelist/ConditionsApplyingToAccessAndUse/noConditionsApply}]
errors:
-------
feature call (loop) failed at index: 0
caller: classpath:InspireTest/def/checkxlinkurl.template.feature
arg: {"link":"http://inspire.ec.europa.eu/metadata-codelist/ConditionsApplyingToAccessAndUse/noConditionsApply"}
checkxlinkurl.template.feature:21 - 
java.net.SocketTimeoutException: Read timed out
[1.23:5] check-known-links.feature:11 - feature call (loop) failed: classpath:InspireTest/def/checkxlinkurl.template.feature
caller: classpath:InspireTest/ngr/T04_extra/check-known-links.feature
items: [{link=http://inspire.ec.europa.eu/metadata-codelist/LimitationsOnPublicAccess/INSPIRE_Directive_Article13_1f}]
errors:
-------
feature call (loop) failed at index: 0
caller: classpath:InspireTest/def/checkxlinkurl.template.feature
arg: {"link":"http://inspire.ec.europa.eu/metadata-codelist/LimitationsOnPublicAccess/INSPIRE_Directive_Article13_1f"}
checkxlinkurl.template.feature:21 - 
java.net.SocketTimeoutException: Read timed out
[1.24:5] check-known-links.feature:11 - feature call (loop) failed: classpath:InspireTest/def/checkxlinkurl.template.feature
caller: classpath:InspireTest/ngr/T04_extra/check-known-links.feature
items: [{link=http://inspire.ec.europa.eu/metadata-codelist/LimitationsOnPublicAccess/noLimitations}]
errors:
-------
feature call (loop) failed at index: 0
caller: classpath:InspireTest/def/checkxlinkurl.template.feature
arg: {"link":"http://inspire.ec.europa.eu/metadata-codelist/LimitationsOnPublicAccess/noLimitations"}
checkxlinkurl.template.feature:21 - 
java.net.SocketTimeoutException: Read timed out
[1.26:5] check-known-links.feature:11 - feature call (loop) failed: classpath:InspireTest/def/checkxlinkurl.template.feature
caller: classpath:InspireTest/ngr/T04_extra/check-known-links.feature
items: [{link=http://inspire.ec.europa.eu/metadata-codelist/OnLineDescriptionCode/endPoint}]
errors:
-------
feature call (loop) failed at index: 0
caller: classpath:InspireTest/def/checkxlinkurl.template.feature
arg: {"link":"http://inspire.ec.europa.eu/metadata-codelist/OnLineDescriptionCode/endPoint"}
checkxlinkurl.template.feature:21 - 
java.net.SocketTimeoutException: Read timed out
[1.27:5] check-known-links.feature:11 - feature call (loop) failed: classpath:InspireTest/def/checkxlinkurl.template.feature
caller: classpath:InspireTest/ngr/T04_extra/check-known-links.feature
items: [{link=http://inspire.ec.europa.eu/metadata-codelist/PriorityDataset}]
errors:
-------
feature call (loop) failed at index: 0
caller: classpath:InspireTest/def/checkxlinkurl.template.feature
arg: {"link":"http://inspire.ec.europa.eu/metadata-codelist/PriorityDataset"}
checkxlinkurl.template.feature:21 - 
java.net.SocketTimeoutException: Read timed out
[1.28:5] check-known-links.feature:11 - feature call (loop) failed: classpath:InspireTest/def/checkxlinkurl.template.feature
caller: classpath:InspireTest/ngr/T04_extra/check-known-links.feature
items: [{link=http://inspire.ec.europa.eu/metadata-codelist/PriorityDataset/ActualPollutantReleases-reg-2006-166}]
errors:
-------
feature call (loop) failed at index: 0
caller: classpath:InspireTest/def/checkxlinkurl.template.feature
arg: {"link":"http://inspire.ec.europa.eu/metadata-codelist/PriorityDataset/ActualPollutantReleases-reg-2006-166"}
checkxlinkurl.template.feature:21 - 
java.net.SocketTimeoutException: Read timed out
[1.33:5] check-known-links.feature:11 - feature call (loop) failed: classpath:InspireTest/def/checkxlinkurl.template.feature
caller: classpath:InspireTest/ngr/T04_extra/check-known-links.feature
items: [{link=http://inspire.ec.europa.eu/metadata-codelist/PriorityDataset/DischargePointsToReceivingWaters-dir-1991-271}]
errors:
-------
feature call (loop) failed at index: 0
caller: classpath:InspireTest/def/checkxlinkurl.template.feature
arg: {"link":"http://inspire.ec.europa.eu/metadata-codelist/PriorityDataset/DischargePointsToReceivingWaters-dir-1991-271"}
checkxlinkurl.template.feature:21 - 
java.net.SocketTimeoutException: Read timed out
[1.34:5] check-known-links.feature:11 - feature call (loop) failed: classpath:InspireTest/def/checkxlinkurl.template.feature
caller: classpath:InspireTest/ngr/T04_extra/check-known-links.feature
items: [{link=http://inspire.ec.europa.eu/metadata-codelist/PriorityDataset/DrinkingWaterAbstractionPoints-dir-1998-83}]
errors:
-------
feature call (loop) failed at index: 0
caller: classpath:InspireTest/def/checkxlinkurl.template.feature
arg: {"link":"http://inspire.ec.europa.eu/metadata-codelist/PriorityDataset/DrinkingWaterAbstractionPoints-dir-1998-83"}
checkxlinkurl.template.feature:21 - 
java.net.SocketTimeoutException: Read timed out
[1.37:5] check-known-links.feature:11 - feature call (loop) failed: classpath:InspireTest/def/checkxlinkurl.template.feature
caller: classpath:InspireTest/ngr/T04_extra/check-known-links.feature
items: [{link=http://inspire.ec.europa.eu/metadata-codelist/PriorityDataset/FloodRiskZones-dir-2007-60}]
errors:
-------
feature call (loop) failed at index: 0
caller: classpath:InspireTest/def/checkxlinkurl.template.feature
arg: {"link":"http://inspire.ec.europa.eu/metadata-codelist/PriorityDataset/FloodRiskZones-dir-2007-60"}
checkxlinkurl.template.feature:21 - 
java.net.SocketTimeoutException: Read timed out
[1.41:5] check-known-links.feature:11 - feature call (loop) failed: classpath:InspireTest/def/checkxlinkurl.template.feature
caller: classpath:InspireTest/ngr/T04_extra/check-known-links.feature
items: [{link=http://inspire.ec.europa.eu/metadata-codelist/PriorityDataset/InvasiveAlienSpeciesDistribution-reg-2014-1143}]
errors:
-------
feature call (loop) failed at index: 0
caller: classpath:InspireTest/def/checkxlinkurl.template.feature
arg: {"link":"http://inspire.ec.europa.eu/metadata-codelist/PriorityDataset/InvasiveAlienSpeciesDistribution-reg-2014-1143"}
checkxlinkurl.template.feature:21 - 
org.apache.http.conn.HttpHostConnectException: Connect to inspire.ec.europa.eu:443 [inspire.ec.europa.eu/139.191.229.30] failed: Connection refused
[1.42:5] check-known-links.feature:11 - feature call (loop) failed: classpath:InspireTest/def/checkxlinkurl.template.feature
caller: classpath:InspireTest/ngr/T04_extra/check-known-links.feature
items: [{link=http://inspire.ec.europa.eu/metadata-codelist/PriorityDataset/Lakes-dir-2000-60}]
errors:
-------
feature call (loop) failed at index: 0
caller: classpath:InspireTest/def/checkxlinkurl.template.feature
arg: {"link":"http://inspire.ec.europa.eu/metadata-codelist/PriorityDataset/Lakes-dir-2000-60"}
checkxlinkurl.template.feature:21 - 
org.apache.http.conn.HttpHostConnectException: Connect to inspire.ec.europa.eu:443 [inspire.ec.europa.eu/139.191.229.30] failed: Connection refused
[1.44:5] check-known-links.feature:11 - feature call (loop) failed: classpath:InspireTest/def/checkxlinkurl.template.feature
caller: classpath:InspireTest/ngr/T04_extra/check-known-links.feature
items: [{link=http://inspire.ec.europa.eu/metadata-codelist/PriorityDataset/MajorAirportsNoiseExposureDelineationNight-dir-2002-49}]
errors:
-------
feature call (loop) failed at index: 0
caller: classpath:InspireTest/def/checkxlinkurl.template.feature
arg: {"link":"http://inspire.ec.europa.eu/metadata-codelist/PriorityDataset/MajorAirportsNoiseExposureDelineationNight-dir-2002-49"}
checkxlinkurl.template.feature:21 - 
java.net.SocketTimeoutException: Read timed out
[1.47:5] check-known-links.feature:11 - feature call (loop) failed: classpath:InspireTest/def/checkxlinkurl.template.feature
caller: classpath:InspireTest/ngr/T04_extra/check-known-links.feature
items: [{link=http://inspire.ec.europa.eu/metadata-codelist/PriorityDataset/MajorRoadsNoiseExposureDelineation-dir-2002-49}]
errors:
-------
feature call (loop) failed at index: 0
caller: classpath:InspireTest/def/checkxlinkurl.template.feature
arg: {"link":"http://inspire.ec.europa.eu/metadata-codelist/PriorityDataset/MajorRoadsNoiseExposureDelineation-dir-2002-49"}
checkxlinkurl.template.feature:21 - 
org.apache.http.conn.HttpHostConnectException: Connect to inspire.ec.europa.eu:443 [inspire.ec.europa.eu/139.191.229.30] failed: Connection refused
[1.48:5] check-known-links.feature:11 - feature call (loop) failed: classpath:InspireTest/def/checkxlinkurl.template.feature
caller: classpath:InspireTest/ngr/T04_extra/check-known-links.feature
items: [{link=http://inspire.ec.europa.eu/metadata-codelist/PriorityDataset/MajorRoadsNoiseExposureDelineationDEN-dir-2002-49}]
errors:
-------
feature call (loop) failed at index: 0
caller: classpath:InspireTest/def/checkxlinkurl.template.feature
arg: {"link":"http://inspire.ec.europa.eu/metadata-codelist/PriorityDataset/MajorRoadsNoiseExposureDelineationDEN-dir-2002-49"}
checkxlinkurl.template.feature:21 - 
java.net.SocketTimeoutException: Read timed out
[1.49:5] check-known-links.feature:11 - feature call (loop) failed: classpath:InspireTest/def/checkxlinkurl.template.feature
caller: classpath:InspireTest/ngr/T04_extra/check-known-links.feature
items: [{link=http://inspire.ec.europa.eu/metadata-codelist/PriorityDataset/ManagementUnits-dir-2007-60}]
errors:
-------
feature call (loop) failed at index: 0
caller: classpath:InspireTest/def/checkxlinkurl.template.feature
arg: {"link":"http://inspire.ec.europa.eu/metadata-codelist/PriorityDataset/ManagementUnits-dir-2007-60"}
checkxlinkurl.template.feature:21 - 
org.apache.http.conn.HttpHostConnectException: Connect to inspire.ec.europa.eu:443 [inspire.ec.europa.eu/139.191.229.30] failed: Connection refused
[1.51:5] check-known-links.feature:11 - feature call (loop) failed: classpath:InspireTest/def/checkxlinkurl.template.feature
caller: classpath:InspireTest/ngr/T04_extra/check-known-links.feature
items: [{link=http://inspire.ec.europa.eu/metadata-codelist/PriorityDataset/MonitoringStations-dir-2000-60}]
errors:
-------
feature call (loop) failed at index: 0
caller: classpath:InspireTest/def/checkxlinkurl.template.feature
arg: {"link":"http://inspire.ec.europa.eu/metadata-codelist/PriorityDataset/MonitoringStations-dir-2000-60"}
checkxlinkurl.template.feature:21 - 
java.net.SocketTimeoutException: Read timed out
[1.52:5] check-known-links.feature:11 - feature call (loop) failed: classpath:InspireTest/def/checkxlinkurl.template.feature
caller: classpath:InspireTest/ngr/T04_extra/check-known-links.feature
items: [{link=http://inspire.ec.europa.eu/metadata-codelist/PriorityDataset/MonitoringStations-dir-2008-56}]
errors:
-------
feature call (loop) failed at index: 0
caller: classpath:InspireTest/def/checkxlinkurl.template.feature
arg: {"link":"http://inspire.ec.europa.eu/metadata-codelist/PriorityDataset/MonitoringStations-dir-2008-56"}
checkxlinkurl.template.feature:21 - 
org.apache.http.conn.HttpHostConnectException: Connect to inspire.ec.europa.eu:443 [inspire.ec.europa.eu/139.191.229.30] failed: Connection refused
[1.54:5] check-known-links.feature:11 - feature call (loop) failed: classpath:InspireTest/def/checkxlinkurl.template.feature
caller: classpath:InspireTest/ngr/T04_extra/check-known-links.feature
items: [{link=http://inspire.ec.europa.eu/metadata-codelist/PriorityDataset/NationallyDesignatedAreasCDDA}]
errors:
-------
feature call (loop) failed at index: 0
caller: classpath:InspireTest/def/checkxlinkurl.template.feature
arg: {"link":"http://inspire.ec.europa.eu/metadata-codelist/PriorityDataset/NationallyDesignatedAreasCDDA"}
checkxlinkurl.template.feature:21 - 
java.net.SocketTimeoutException: Read timed out
[1.55:5] check-known-links.feature:11 - feature call (loop) failed: classpath:InspireTest/def/checkxlinkurl.template.feature
caller: classpath:InspireTest/ngr/T04_extra/check-known-links.feature
items: [{link=http://inspire.ec.europa.eu/metadata-codelist/PriorityDataset/Natura2000Sites-dir-1992-43}]
errors:
-------
feature call (loop) failed at index: 0
caller: classpath:InspireTest/def/checkxlinkurl.template.feature
arg: {"link":"http://inspire.ec.europa.eu/metadata-codelist/PriorityDataset/Natura2000Sites-dir-1992-43"}
checkxlinkurl.template.feature:21 - 
org.apache.http.conn.HttpHostConnectException: Connect to inspire.ec.europa.eu:443 [inspire.ec.europa.eu/139.191.229.30] failed: Connection refused
[1.56:5] check-known-links.feature:11 - feature call (loop) failed: classpath:InspireTest/def/checkxlinkurl.template.feature
caller: classpath:InspireTest/ngr/T04_extra/check-known-links.feature
items: [{link=http://inspire.ec.europa.eu/metadata-codelist/PriorityDataset/Natura2000Sites-dir-2009-147}]
errors:
-------
feature call (loop) failed at index: 0
caller: classpath:InspireTest/def/checkxlinkurl.template.feature
arg: {"link":"http://inspire.ec.europa.eu/metadata-codelist/PriorityDataset/Natura2000Sites-dir-2009-147"}
checkxlinkurl.template.feature:21 - 
org.apache.http.conn.HttpHostConnectException: Connect to inspire.ec.europa.eu:443 [inspire.ec.europa.eu/139.191.229.30] failed: Connection refused
[1.57:5] check-known-links.feature:11 - feature call (loop) failed: classpath:InspireTest/def/checkxlinkurl.template.feature
caller: classpath:InspireTest/ngr/T04_extra/check-known-links.feature
items: [{link=http://inspire.ec.europa.eu/metadata-codelist/PriorityDataset/RiverBasinDistricts-dir-2000-60}]
errors:
-------
feature call (loop) failed at index: 0
caller: classpath:InspireTest/def/checkxlinkurl.template.feature
arg: {"link":"http://inspire.ec.europa.eu/metadata-codelist/PriorityDataset/RiverBasinDistricts-dir-2000-60"}
checkxlinkurl.template.feature:21 - 
org.apache.http.conn.HttpHostConnectException: Connect to inspire.ec.europa.eu:443 [inspire.ec.europa.eu/139.191.229.30] failed: Connection refused
[1.58:5] check-known-links.feature:11 - feature call (loop) failed: classpath:InspireTest/def/checkxlinkurl.template.feature
caller: classpath:InspireTest/ngr/T04_extra/check-known-links.feature
items: [{link=http://inspire.ec.europa.eu/metadata-codelist/PriorityDataset/RiverBasinDistrictsSubUnits-dir-2000-60}]
errors:
-------
feature call (loop) failed at index: 0
caller: classpath:InspireTest/def/checkxlinkurl.template.feature
arg: {"link":"http://inspire.ec.europa.eu/metadata-codelist/PriorityDataset/RiverBasinDistrictsSubUnits-dir-2000-60"}
checkxlinkurl.template.feature:21 - 
org.apache.http.conn.HttpHostConnectException: Connect to inspire.ec.europa.eu:443 [inspire.ec.europa.eu/139.191.229.30] failed: Connection refused
[1.60:5] check-known-links.feature:11 - feature call (loop) failed: classpath:InspireTest/def/checkxlinkurl.template.feature
caller: classpath:InspireTest/ngr/T04_extra/check-known-links.feature
items: [{link=http://inspire.ec.europa.eu/metadata-codelist/PriorityDataset/SpeciesDistribution-dir-1992-43}]
errors:
-------
feature call (loop) failed at index: 0
caller: classpath:InspireTest/def/checkxlinkurl.template.feature
arg: {"link":"http://inspire.ec.europa.eu/metadata-codelist/PriorityDataset/SpeciesDistribution-dir-1992-43"}
checkxlinkurl.template.feature:21 - 
org.apache.http.conn.HttpHostConnectException: Connect to inspire.ec.europa.eu:443 [inspire.ec.europa.eu/139.191.229.30] failed: Connection refused
[1.61:5] check-known-links.feature:11 - feature call (loop) failed: classpath:InspireTest/def/checkxlinkurl.template.feature
caller: classpath:InspireTest/ngr/T04_extra/check-known-links.feature
items: [{link=http://inspire.ec.europa.eu/metadata-codelist/PriorityDataset/SpeciesRange-dir-1992-43}]
errors:
-------
feature call (loop) failed at index: 0
caller: classpath:InspireTest/def/checkxlinkurl.template.feature
arg: {"link":"http://inspire.ec.europa.eu/metadata-codelist/PriorityDataset/SpeciesRange-dir-1992-43"}
checkxlinkurl.template.feature:21 - 
org.apache.http.conn.HttpHostConnectException: Connect to inspire.ec.europa.eu:443 [inspire.ec.europa.eu/139.191.229.30] failed: Connection refused
[1.63:5] check-known-links.feature:11 - feature call (loop) failed: classpath:InspireTest/def/checkxlinkurl.template.feature
caller: classpath:InspireTest/ngr/T04_extra/check-known-links.feature
items: [{link=http://inspire.ec.europa.eu/metadata-codelist/PriorityDataset/TransitionalWaters-dir-2000-60}]
errors:
-------
feature call (loop) failed at index: 0
caller: classpath:InspireTest/def/checkxlinkurl.template.feature
arg: {"link":"http://inspire.ec.europa.eu/metadata-codelist/PriorityDataset/TransitionalWaters-dir-2000-60"}
checkxlinkurl.template.feature:21 - 
java.net.SocketTimeoutException: Read timed out
[1.65:5] check-known-links.feature:11 - feature call (loop) failed: classpath:InspireTest/def/checkxlinkurl.template.feature
caller: classpath:InspireTest/ngr/T04_extra/check-known-links.feature
items: [{link=http://inspire.ec.europa.eu/metadata-codelist/SpatialDataServiceType/download}]
errors:
-------
feature call (loop) failed at index: 0
caller: classpath:InspireTest/def/checkxlinkurl.template.feature
arg: {"link":"http://inspire.ec.europa.eu/metadata-codelist/SpatialDataServiceType/download"}
checkxlinkurl.template.feature:21 - 
org.apache.http.conn.HttpHostConnectException: Connect to inspire.ec.europa.eu:443 [inspire.ec.europa.eu/139.191.229.30] failed: Connection refused
[1.69:5] check-known-links.feature:11 - feature call (loop) failed: classpath:InspireTest/def/checkxlinkurl.template.feature
caller: classpath:InspireTest/ngr/T04_extra/check-known-links.feature
items: [{link=http://inspire.ec.europa.eu/metadata-codelist/SpatialScope}]
errors:
-------
feature call (loop) failed at index: 0
caller: classpath:InspireTest/def/checkxlinkurl.template.feature
arg: {"link":"http://inspire.ec.europa.eu/metadata-codelist/SpatialScope"}
checkxlinkurl.template.feature:21 - 
org.apache.http.conn.HttpHostConnectException: Connect to inspire.ec.europa.eu:443 [inspire.ec.europa.eu/139.191.229.30] failed: Connection refused
[1.71:5] check-known-links.feature:11 - feature call (loop) failed: classpath:InspireTest/def/checkxlinkurl.template.feature
caller: classpath:InspireTest/ngr/T04_extra/check-known-links.feature
items: [{link=http://inspire.ec.europa.eu/metadata-codelist/SpatialScope/national}]
errors:
-------
feature call (loop) failed at index: 0
caller: classpath:InspireTest/def/checkxlinkurl.template.feature
arg: {"link":"http://inspire.ec.europa.eu/metadata-codelist/SpatialScope/national"}
checkxlinkurl.template.feature:21 - 
java.net.SocketTimeoutException: Read timed out
[1.88:5] check-known-links.feature:11 - feature call (loop) failed: classpath:InspireTest/def/checkxlinkurl.template.feature
caller: classpath:InspireTest/ngr/T04_extra/check-known-links.feature
items: [{link=http://inspire.ec.europa.eu/theme#}]
errors:
-------
feature call (loop) failed at index: 0
caller: classpath:InspireTest/def/checkxlinkurl.template.feature
arg: {"link":"http://inspire.ec.europa.eu/theme#"}
checkxlinkurl.template.feature:21 - 
org.apache.http.conn.HttpHostConnectException: Connect to inspire.ec.europa.eu:443 [inspire.ec.europa.eu/139.191.229.30] failed: Connection refused
[1.124:5] check-known-links.feature:11 - feature call (loop) failed: classpath:InspireTest/def/checkxlinkurl.template.feature
caller: classpath:InspireTest/ngr/T04_extra/check-known-links.feature
items: [{link=http://www.iana.org/assignments/media-types/application/gml+xml}]
errors:
-------
feature call (loop) failed at index: 0
caller: classpath:InspireTest/def/checkxlinkurl.template.feature
arg: {"link":"http://www.iana.org/assignments/media-types/application/gml+xml"}
checkxlinkurl.template.feature:28 - path: $, actual: 304, expected: 200, reason: not equal (Integer)
[1.156:5] check-known-links.feature:11 - feature call (loop) failed: classpath:InspireTest/def/checkxlinkurl.template.feature
caller: classpath:InspireTest/ngr/T04_extra/check-known-links.feature
items: [{link=https://inspire.ec.europa.eu/id/document/tg/au}]
errors:
-------
feature call (loop) failed at index: 0
caller: classpath:InspireTest/def/checkxlinkurl.template.feature
arg: {"link":"https://inspire.ec.europa.eu/id/document/tg/au"}
checkxlinkurl.template.feature:21 - 
org.apache.http.conn.HttpHostConnectException: Connect to inspire.ec.europa.eu:443 [inspire.ec.europa.eu/139.191.229.30] failed: Connection refused
[1.157:5] check-known-links.feature:11 - feature call (loop) failed: classpath:InspireTest/def/checkxlinkurl.template.feature
caller: classpath:InspireTest/ngr/T04_extra/check-known-links.feature
items: [{link=https://inspire.ec.europa.eu/id/document/tg/of}]
errors:
-------
feature call (loop) failed at index: 0
caller: classpath:InspireTest/def/checkxlinkurl.template.feature
arg: {"link":"https://inspire.ec.europa.eu/id/document/tg/of"}
checkxlinkurl.template.feature:21 - 
org.apache.http.conn.HttpHostConnectException: Connect to inspire.ec.europa.eu:443 [inspire.ec.europa.eu/139.191.229.30] failed: Connection refused
[1.158:5] check-known-links.feature:11 - feature call (loop) failed: classpath:InspireTest/def/checkxlinkurl.template.feature
caller: classpath:InspireTest/ngr/T04_extra/check-known-links.feature
items: [{link=https://inspire.ec.europa.eu/id/document/tg/ps}]
errors:
-------
feature call (loop) failed at index: 0
caller: classpath:InspireTest/def/checkxlinkurl.template.feature
arg: {"link":"https://inspire.ec.europa.eu/id/document/tg/ps"}
checkxlinkurl.template.feature:21 - 
org.apache.http.conn.HttpHostConnectException: Connect to inspire.ec.europa.eu:443 [inspire.ec.europa.eu/139.191.229.30] failed: Connection refused
[1.159:5] check-known-links.feature:11 - feature call (loop) failed: classpath:InspireTest/def/checkxlinkurl.template.feature
caller: classpath:InspireTest/ngr/T04_extra/check-known-links.feature
items: [{link=https://inspire.ec.europa.eu/schemas/ps/4.0/ProtectedSites.xsd}]
errors:
-------
feature call (loop) failed at index: 0
caller: classpath:InspireTest/def/checkxlinkurl.template.feature
arg: {"link":"https://inspire.ec.europa.eu/schemas/ps/4.0/ProtectedSites.xsd"}
checkxlinkurl.template.feature:21 - 
org.apache.http.conn.HttpHostConnectException: Connect to inspire.ec.europa.eu:443 [inspire.ec.europa.eu/139.191.229.30] failed: Connection refused
InspireTest.ngr.T03_services.check-known-service-record: [1.1:24] check-known-service-record.feature:72 - feature call (loop) failed: classpath:InspireTest/def/checkxlinkurl.template.feature
caller: classpath:InspireTest/ngr/T03_services/check-known-service-record.feature
items: [{link=http://inspire.ec.europa.eu/metadata-codelist/SpatialDataServiceCategory/infoMapAccessService}, {link=http://inspire.ec.europa.eu/metadata-codelist/SpatialDataServiceCategory}, {link=https://www.nationaalgeoregister.nl:443/geonetwork/srv/eng/thesaurus.download?ref=external.theme.httpinspireeceuropaeumetadatacodelistSpatialDataServiceCategory-SpatialDataServiceCategory}, {link=https://www.nationaalgeoregister.nl:443/geonetwork/srv/dut/csw?service=CSW&request=GetRecordById&version=2.0.2&outputSchema=http://www.isotc211.org/2005/gmd&elementSetName=full&id=493ab81b-75f8-4205-b030-6b2fd9eb4295#MD_DataIdentification}]
errors:
-------
feature call (loop) failed at index: 0
caller: classpath:InspireTest/def/checkxlinkurl.template.feature
arg: {"link":"http://inspire.ec.europa.eu/metadata-codelist/SpatialDataServiceCategory/infoMapAccessService"}
checkxlinkurl.template.feature:21 - 
java.net.SocketTimeoutException: Read timed out
-------
feature call (loop) failed at index: 1
caller: classpath:InspireTest/def/checkxlinkurl.template.feature
arg: {"link":"http://inspire.ec.europa.eu/metadata-codelist/SpatialDataServiceCategory"}
checkxlinkurl.template.feature:21 - 
java.net.SocketTimeoutException: Read timed out
[1.2:24] check-known-service-record.feature:72 - feature call (loop) failed: classpath:InspireTest/def/checkxlinkurl.template.feature
caller: classpath:InspireTest/ngr/T03_services/check-known-service-record.feature
items: [{link=http://rdfdata.eionet.europa.eu/inspirethemes/themes/7}, {link=http://geonetwork-opensource.org/inspire-theme#}, {link=http://inspire.ec.europa.eu/metadata-codelist/SpatialDataServiceCategory/infoFeatureAccessService}, {link=http://inspire.ec.europa.eu/metadata-codelist/SpatialDataServiceCategory}, {link=https://www.nationaalgeoregister.nl/geonetwork/srv/eng/thesaurus.download?ref=external.theme.httpinspireeceuropaeumetadatacodelistSpatialDataServiceCategory-SpatialDataServiceCategory}, {link=}, {link=}, {link=}, {link=}, {link=}, {link=}, {link=}, {link=}, {link=}, {link=}, {link=}, {link=}, {link=}, {link=}, {link=}, {link=}, {link=}, {link=}, {link=}, {link=}, {link=}, {link=}, {link=}, {link=}, {link=}, {link=}, {link=}, {link=}, {link=}, {link=}, {link=}, {link=}, {link=}, {link=}, {link=}, {link=}, {link=http://nationaalgeoregister.nl/geonetwork/srv/dut/csw?service=CSW&version=2.0.2&request=GetRecordById&outputschema=http://www.isotc211.org/2005/gmd&elementsetname=full&id=3a7dd0a6-d130-4c4c-b0ba-24365cf036e2#MD_DataIdentification}]
errors:
-------
feature call (loop) failed at index: 0
caller: classpath:InspireTest/def/checkxlinkurl.template.feature
arg: {"link":"http://rdfdata.eionet.europa.eu/inspirethemes/themes/7"}
checkxlinkurl.template.feature:28 - path: $, actual: 404, expected: 200, reason: not equal (Integer)
-------
feature call (loop) failed at index: 1
caller: classpath:InspireTest/def/checkxlinkurl.template.feature
arg: {"link":"http://geonetwork-opensource.org/inspire-theme#"}
checkxlinkurl.template.feature:28 - path: $, actual: 404, expected: 200, reason: not equal (Integer)
-------
feature call (loop) failed at index: 2
caller: classpath:InspireTest/def/checkxlinkurl.template.feature
arg: {"link":"http://inspire.ec.europa.eu/metadata-codelist/SpatialDataServiceCategory/infoFeatureAccessService"}
checkxlinkurl.template.feature:21 - 
java.net.SocketTimeoutException: Read timed out
-------
feature call (loop) failed at index: 3
caller: classpath:InspireTest/def/checkxlinkurl.template.feature
arg: {"link":"http://inspire.ec.europa.eu/metadata-codelist/SpatialDataServiceCategory"}
checkxlinkurl.template.feature:21 - 
java.net.SocketTimeoutException: Read timed out
-------
feature call (loop) failed at index: 5
caller: classpath:InspireTest/def/checkxlinkurl.template.feature
arg: {"link":""}
checkxlinkurl.template.feature:21 - 
org.apache.http.client.ClientProtocolException
-------
feature call (loop) failed at index: 6
caller: classpath:InspireTest/def/checkxlinkurl.template.feature
arg: {"link":""}
checkxlinkurl.template.feature:21 - 
org.apache.http.client.ClientProtocolException
-------
feature call (loop) failed at index: 7
caller: classpath:InspireTest/def/checkxlinkurl.template.feature
arg: {"link":""}
checkxlinkurl.template.feature:21 - 
org.apache.http.client.ClientProtocolException
-------
feature call (loop) failed at index: 8
caller: classpath:InspireTest/def/checkxlinkurl.template.feature
arg: {"link":""}
checkxlinkurl.template.feature:21 - 
org.apache.http.client.ClientProtocolException
-------
feature call (loop) failed at index: 9
caller: classpath:InspireTest/def/checkxlinkurl.template.feature
arg: {"link":""}
checkxlinkurl.template.feature:21 - 
org.apache.http.client.ClientProtocolException
-------
feature call (loop) failed at index: 10
caller: classpath:InspireTest/def/checkxlinkurl.template.feature
arg: {"link":""}
checkxlinkurl.template.feature:21 - 
org.apache.http.client.ClientProtocolException
-------
feature call (loop) failed at index: 11
caller: classpath:InspireTest/def/checkxlinkurl.template.feature
arg: {"link":""}
checkxlinkurl.template.feature:21 - 
org.apache.http.client.ClientProtocolException
-------
feature call (loop) failed at index: 12
caller: classpath:InspireTest/def/checkxlinkurl.template.feature
arg: {"link":""}
checkxlinkurl.template.feature:21 - 
org.apache.http.client.ClientProtocolException
-------
feature call (loop) failed at index: 13
caller: classpath:InspireTest/def/checkxlinkurl.template.feature
arg: {"link":""}
checkxlinkurl.template.feature:21 - 
org.apache.http.client.ClientProtocolException
-------
feature call (loop) failed at index: 14
caller: classpath:InspireTest/def/checkxlinkurl.template.feature
arg: {"link":""}
checkxlinkurl.template.feature:21 - 
org.apache.http.client.ClientProtocolException
-------
feature call (loop) failed at index: 15
caller: classpath:InspireTest/def/checkxlinkurl.template.feature
arg: {"link":""}
checkxlinkurl.template.feature:21 - 
org.apache.http.client.ClientProtocolException
-------
feature call (loop) failed at index: 16
caller: classpath:InspireTest/def/checkxlinkurl.template.feature
arg: {"link":""}
checkxlinkurl.template.feature:21 - 
org.apache.http.client.ClientProtocolException
-------
feature call (loop) failed at index: 17
caller: classpath:InspireTest/def/checkxlinkurl.template.feature
arg: {"link":""}
checkxlinkurl.template.feature:21 - 
org.apache.http.client.ClientProtocolException
-------
feature call (loop) failed at index: 18
caller: classpath:InspireTest/def/checkxlinkurl.template.feature
arg: {"link":""}
checkxlinkurl.template.feature:21 - 
org.apache.http.client.ClientProtocolException
-------
feature call (loop) failed at index: 19
caller: classpath:InspireTest/def/checkxlinkurl.template.feature
arg: {"link":""}
checkxlinkurl.template.feature:21 - 
org.apache.http.client.ClientProtocolException
-------
feature call (loop) failed at index: 20
caller: classpath:InspireTest/def/checkxlinkurl.template.feature
arg: {"link":""}
checkxlinkurl.template.feature:21 - 
org.apache.http.client.ClientProtocolException
-------
feature call (loop) failed at index: 21
caller: classpath:InspireTest/def/checkxlinkurl.template.feature
arg: {"link":""}
checkxlinkurl.template.feature:21 - 
org.apache.http.client.ClientProtocolException
-------
feature call (loop) failed at index: 22
caller: classpath:InspireTest/def/checkxlinkurl.template.feature
arg: {"link":""}
checkxlinkurl.template.feature:21 - 
org.apache.http.client.ClientProtocolException
-------
feature call (loop) failed at index: 23
caller: classpath:InspireTest/def/checkxlinkurl.template.feature
arg: {"link":""}
checkxlinkurl.template.feature:21 - 
org.apache.http.client.ClientProtocolException
-------
feature call (loop) failed at index: 24
caller: classpath:InspireTest/def/checkxlinkurl.template.feature
arg: {"link":""}
checkxlinkurl.template.feature:21 - 
org.apache.http.client.ClientProtocolException
-------
feature call (loop) failed at index: 25
caller: classpath:InspireTest/def/checkxlinkurl.template.feature
arg: {"link":""}
checkxlinkurl.template.feature:21 - 
org.apache.http.client.ClientProtocolException
-------
feature call (loop) failed at index: 26
caller: classpath:InspireTest/def/checkxlinkurl.template.feature
arg: {"link":""}
checkxlinkurl.template.feature:21 - 
org.apache.http.client.ClientProtocolException
-------
feature call (loop) failed at index: 27
caller: classpath:InspireTest/def/checkxlinkurl.template.feature
arg: {"link":""}
checkxlinkurl.template.feature:21 - 
org.apache.http.client.ClientProtocolException
-------
feature call (loop) failed at index: 28
caller: classpath:InspireTest/def/checkxlinkurl.template.feature
arg: {"link":""}
checkxlinkurl.template.feature:21 - 
org.apache.http.client.ClientProtocolException
-------
feature call (loop) failed at index: 29
caller: classpath:InspireTest/def/checkxlinkurl.template.feature
arg: {"link":""}
checkxlinkurl.template.feature:21 - 
org.apache.http.client.ClientProtocolException
-------
feature call (loop) failed at index: 30
caller: classpath:InspireTest/def/checkxlinkurl.template.feature
arg: {"link":""}
checkxlinkurl.template.feature:21 - 
org.apache.http.client.ClientProtocolException
-------
feature call (loop) failed at index: 31
caller: classpath:InspireTest/def/checkxlinkurl.template.feature
arg: {"link":""}
checkxlinkurl.template.feature:21 - 
org.apache.http.client.ClientProtocolException
-------
feature call (loop) failed at index: 32
caller: classpath:InspireTest/def/checkxlinkurl.template.feature
arg: {"link":""}
checkxlinkurl.template.feature:21 - 
org.apache.http.client.ClientProtocolException
-------
feature call (loop) failed at index: 33
caller: classpath:InspireTest/def/checkxlinkurl.template.feature
arg: {"link":""}
checkxlinkurl.template.feature:21 - 
org.apache.http.client.ClientProtocolException
-------
feature call (loop) failed at index: 34
caller: classpath:InspireTest/def/checkxlinkurl.template.feature
arg: {"link":""}
checkxlinkurl.template.feature:21 - 
org.apache.http.client.ClientProtocolException
-------
feature call (loop) failed at index: 35
caller: classpath:InspireTest/def/checkxlinkurl.template.feature
arg: {"link":""}
checkxlinkurl.template.feature:21 - 
org.apache.http.client.ClientProtocolException
-------
feature call (loop) failed at index: 36
caller: classpath:InspireTest/def/checkxlinkurl.template.feature
arg: {"link":""}
checkxlinkurl.template.feature:21 - 
org.apache.http.client.ClientProtocolException
-------
feature call (loop) failed at index: 37
caller: classpath:InspireTest/def/checkxlinkurl.template.feature
arg: {"link":""}
checkxlinkurl.template.feature:21 - 
org.apache.http.client.ClientProtocolException
-------
feature call (loop) failed at index: 38
caller: classpath:InspireTest/def/checkxlinkurl.template.feature
arg: {"link":""}
checkxlinkurl.template.feature:21 - 
org.apache.http.client.ClientProtocolException
-------
feature call (loop) failed at index: 39
caller: classpath:InspireTest/def/checkxlinkurl.template.feature
arg: {"link":""}
checkxlinkurl.template.feature:21 - 
org.apache.http.client.ClientProtocolException
-------
feature call (loop) failed at index: 40
caller: classpath:InspireTest/def/checkxlinkurl.template.feature
arg: {"link":""}
checkxlinkurl.template.feature:21 - 
org.apache.http.client.ClientProtocolException
[1.4:24] check-known-service-record.feature:72 - feature call (loop) failed: classpath:InspireTest/def/checkxlinkurl.template.feature
caller: classpath:InspireTest/ngr/T03_services/check-known-service-record.feature
items: [{link=https://www.pdok.nl}, {link=http://inspire.ec.europa.eu/metadata-codelist/SpatialDataServiceCategory/infoMapAccessService}, {link=http://inspire.ec.europa.eu/metadata-codelist/SpatialDataServiceCategory}, {link=https://www.nationaalgeoregister.nl:443/geonetwork/srv/eng/thesaurus.download?ref=external.theme.httpinspireeceuropaeumetadatacodelistSpatialDataServiceCategory-SpatialDataServiceCategory}, {link=}, {link=}, {link=}, {link=}, {link=}, {link=}, {link=}, {link=}, {link=}, {link=}, {link=}, {link=}, {link=}, {link=}, {link=}, {link=}, {link=}, {link=}, {link=}, {link=}, {link=}, {link=}, {link=}, {link=}, {link=}, {link=}, {link=}, {link=}, {link=}, {link=}, {link=}, {link=}, {link=}, {link=}, {link=}, {link=}, {link=}, {link=}, {link=}, {link=}, {link=}, {link=}, {link=}, {link=}, {link=}, {link=}, {link=}, {link=}, {link=}, {link=}, {link=}, {link=}, {link=}, {link=}, {link=}, {link=}, {link=}, {link=}, {link=}, {link=}, {link=}, {link=}, {link=}, {link=}, {link=}, {link=}, {link=}, {link=}, {link=}, {link=}, {link=}, {link=}, {link=}, {link=}, {link=}, {link=}, {link=}, {link=}, {link=}, {link=}, {link=}, {link=}, {link=}, {link=}, {link=}, {link=}, {link=}, {link=}, {link=}, {link=}, {link=}, {link=}, {link=}, {link=}, {link=}, {link=}, {link=}, {link=}, {link=}, {link=}, {link=}, {link=}, {link=}, {link=}, {link=}, {link=}, {link=}, {link=}, {link=}, {link=}, {link=}, {link=}, {link=}, {link=}, {link=}, {link=}, {link=}, {link=}, {link=}, {link=}, {link=}, {link=}, {link=}, {link=}, {link=}, {link=}, {link=}, {link=}, {link=}, {link=}, {link=}, {link=}, {link=}, {link=}, {link=}, {link=}, {link=}, {link=}, {link=}, {link=}, {link=}, {link=}, {link=}, {link=}, {link=}, {link=}, {link=}, {link=}, {link=}, {link=}, {link=}, {link=}, {link=}, {link=}, {link=}, {link=}, {link=http://nationaalgeoregister.nl/geonetwork/srv/dut/csw?service=CSW&version=2.0.2&request=GetRecordById&outputschema=http://www.isotc211.org/2005/gmd&elementsetname=full&id=977e0e94-7aa9-4784-b2da-eaec44adb61b#MD_DataIdentification}]
errors:
-------
feature call (loop) failed at index: 1
caller: classpath:InspireTest/def/checkxlinkurl.template.feature
arg: {"link":"http://inspire.ec.europa.eu/metadata-codelist/SpatialDataServiceCategory/infoMapAccessService"}
checkxlinkurl.template.feature:21 - 
java.net.SocketTimeoutException: Read timed out
-------
feature call (loop) failed at index: 2
caller: classpath:InspireTest/def/checkxlinkurl.template.feature
arg: {"link":"http://inspire.ec.europa.eu/metadata-codelist/SpatialDataServiceCategory"}
checkxlinkurl.template.feature:21 - 
java.net.SocketTimeoutException: Read timed out
-------
feature call (loop) failed at index: 4
caller: classpath:InspireTest/def/checkxlinkurl.template.feature
arg: {"link":""}
checkxlinkurl.template.feature:21 - 
org.apache.http.client.ClientProtocolException
-------
feature call (loop) failed at index: 5
caller: classpath:InspireTest/def/checkxlinkurl.template.feature
arg: {"link":""}
checkxlinkurl.template.feature:21 - 
org.apache.http.client.ClientProtocolException
-------
feature call (loop) failed at index: 6
caller: classpath:InspireTest/def/checkxlinkurl.template.feature
arg: {"link":""}
checkxlinkurl.template.feature:21 - 
org.apache.http.client.ClientProtocolException
-------
feature call (loop) failed at index: 7
caller: classpath:InspireTest/def/checkxlinkurl.template.feature
arg: {"link":""}
checkxlinkurl.template.feature:21 - 
org.apache.http.client.ClientProtocolException
-------
feature call (loop) failed at index: 8
caller: classpath:InspireTest/def/checkxlinkurl.template.feature
arg: {"link":""}
checkxlinkurl.template.feature:21 - 
org.apache.http.client.ClientProtocolException
-------
feature call (loop) failed at index: 9
caller: classpath:InspireTest/def/checkxlinkurl.template.feature
arg: {"link":""}
checkxlinkurl.template.feature:21 - 
org.apache.http.client.ClientProtocolException
-------
feature call (loop) failed at index: 10
caller: classpath:InspireTest/def/checkxlinkurl.template.feature
arg: {"link":""}
checkxlinkurl.template.feature:21 - 
org.apache.http.client.ClientProtocolException
-------
feature call (loop) failed at index: 11
caller: classpath:InspireTest/def/checkxlinkurl.template.feature
arg: {"link":""}
checkxlinkurl.template.feature:21 - 
org.apache.http.client.ClientProtocolException
-------
feature call (loop) failed at index: 12
caller: classpath:InspireTest/def/checkxlinkurl.template.feature
arg: {"link":""}
checkxlinkurl.template.feature:21 - 
org.apache.http.client.ClientProtocolException
-------
feature call (loop) failed at index: 13
caller: classpath:InspireTest/def/checkxlinkurl.template.feature
arg: {"link":""}
checkxlinkurl.template.feature:21 - 
org.apache.http.client.ClientProtocolException
-------
feature call (loop) failed at index: 14
caller: classpath:InspireTest/def/checkxlinkurl.template.feature
arg: {"link":""}
checkxlinkurl.template.feature:21 - 
org.apache.http.client.ClientProtocolException
-------
feature call (loop) failed at index: 15
caller: classpath:InspireTest/def/checkxlinkurl.template.feature
arg: {"link":""}
checkxlinkurl.template.feature:21 - 
org.apache.http.client.ClientProtocolException
-------
feature call (loop) failed at index: 16
caller: classpath:InspireTest/def/checkxlinkurl.template.feature
arg: {"link":""}
checkxlinkurl.template.feature:21 - 
org.apache.http.client.ClientProtocolException
-------
feature call (loop) failed at index: 17
caller: classpath:InspireTest/def/checkxlinkurl.template.feature
arg: {"link":""}
checkxlinkurl.template.feature:21 - 
org.apache.http.client.ClientProtocolException
-------
feature call (loop) failed at index: 18
caller: classpath:InspireTest/def/checkxlinkurl.template.feature
arg: {"link":""}
checkxlinkurl.template.feature:21 - 
org.apache.http.client.ClientProtocolException
-------
feature call (loop) failed at index: 19
caller: classpath:InspireTest/def/checkxlinkurl.template.feature
arg: {"link":""}
checkxlinkurl.template.feature:21 - 
org.apache.http.client.ClientProtocolException
-------
feature call (loop) failed at index: 20
caller: classpath:InspireTest/def/checkxlinkurl.template.feature
arg: {"link":""}
checkxlinkurl.template.feature:21 - 
org.apache.http.client.ClientProtocolException
-------
feature call (loop) failed at index: 21
caller: classpath:InspireTest/def/checkxlinkurl.template.feature
arg: {"link":""}
checkxlinkurl.template.feature:21 - 
org.apache.http.client.ClientProtocolException
-------
feature call (loop) failed at index: 22
caller: classpath:InspireTest/def/checkxlinkurl.template.feature
arg: {"link":""}
checkxlinkurl.template.feature:21 - 
org.apache.http.client.ClientProtocolException
-------
feature call (loop) failed at index: 23
caller: classpath:InspireTest/def/checkxlinkurl.template.feature
arg: {"link":""}
checkxlinkurl.template.feature:21 - 
org.apache.http.client.ClientProtocolException
-------
feature call (loop) failed at index: 24
caller: classpath:InspireTest/def/checkxlinkurl.template.feature
arg: {"link":""}
checkxlinkurl.template.feature:21 - 
org.apache.http.client.ClientProtocolException
-------
feature call (loop) failed at index: 25
caller: classpath:InspireTest/def/checkxlinkurl.template.feature
arg: {"link":""}
checkxlinkurl.template.feature:21 - 
org.apache.http.client.ClientProtocolException
-------
feature call (loop) failed at index: 26
caller: classpath:InspireTest/def/checkxlinkurl.template.feature
arg: {"link":""}
checkxlinkurl.template.feature:21 - 
org.apache.http.client.ClientProtocolException
-------
feature call (loop) failed at index: 27
caller: classpath:InspireTest/def/checkxlinkurl.template.feature
arg: {"link":""}
checkxlinkurl.template.feature:21 - 
org.apache.http.client.ClientProtocolException
-------
feature call (loop) failed at index: 28
caller: classpath:InspireTest/def/checkxlinkurl.template.feature
arg: {"link":""}
checkxlinkurl.template.feature:21 - 
org.apache.http.client.ClientProtocolException
-------
feature call (loop) failed at index: 29
caller: classpath:InspireTest/def/checkxlinkurl.template.feature
arg: {"link":""}
checkxlinkurl.template.feature:21 - 
org.apache.http.client.ClientProtocolException
-------
feature call (loop) failed at index: 30
caller: classpath:InspireTest/def/checkxlinkurl.template.feature
arg: {"link":""}
checkxlinkurl.template.feature:21 - 
org.apache.http.client.ClientProtocolException
-------
feature call (loop) failed at index: 31
caller: classpath:InspireTest/def/checkxlinkurl.template.feature
arg: {"link":""}
checkxlinkurl.template.feature:21 - 
org.apache.http.client.ClientProtocolException
-------
feature call (loop) failed at index: 32
caller: classpath:InspireTest/def/checkxlinkurl.template.feature
arg: {"link":""}
checkxlinkurl.template.feature:21 - 
org.apache.http.client.ClientProtocolException
-------
feature call (loop) failed at index: 33
caller: classpath:InspireTest/def/checkxlinkurl.template.feature
arg: {"link":""}
checkxlinkurl.template.feature:21 - 
org.apache.http.client.ClientProtocolException
-------
feature call (loop) failed at index: 34
caller: classpath:InspireTest/def/checkxlinkurl.template.feature
arg: {"link":""}
checkxlinkurl.template.feature:21 - 
org.apache.http.client.ClientProtocolException
-------
feature call (loop) failed at index: 35
caller: classpath:InspireTest/def/checkxlinkurl.template.feature
arg: {"link":""}
checkxlinkurl.template.feature:21 - 
org.apache.http.client.ClientProtocolException
-------
feature call (loop) failed at index: 36
caller: classpath:InspireTest/def/checkxlinkurl.template.feature
arg: {"link":""}
checkxlinkurl.template.feature:21 - 
org.apache.http.client.ClientProtocolException
-------
feature call (loop) failed at index: 37
caller: classpath:InspireTest/def/checkxlinkurl.template.feature
arg: {"link":""}
checkxlinkurl.template.feature:21 - 
org.apache.http.client.ClientProtocolException
-------
feature call (loop) failed at index: 38
caller: classpath:InspireTest/def/checkxlinkurl.template.feature
arg: {"link":""}
checkxlinkurl.template.feature:21 - 
org.apache.http.client.ClientProtocolException
-------
feature call (loop) failed at index: 39
caller: classpath:InspireTest/def/checkxlinkurl.template.feature
arg: {"link":""}
checkxlinkurl.template.feature:21 - 
org.apache.http.client.ClientProtocolException
-------
feature call (loop) failed at index: 40
caller: classpath:InspireTest/def/checkxlinkurl.template.feature
arg: {"link":""}
checkxlinkurl.template.feature:21 - 
org.apache.http.client.ClientProtocolException
-------
feature call (loop) failed at index: 41
caller: classpath:InspireTest/def/checkxlinkurl.template.feature
arg: {"link":""}
checkxlinkurl.template.feature:21 - 
org.apache.http.client.ClientProtocolException
-------
feature call (loop) failed at index: 42
caller: classpath:InspireTest/def/checkxlinkurl.template.feature
arg: {"link":""}
checkxlinkurl.template.feature:21 - 
org.apache.http.client.ClientProtocolException
-------
feature call (loop) failed at index: 43
caller: classpath:InspireTest/def/checkxlinkurl.template.feature
arg: {"link":""}
checkxlinkurl.template.feature:21 - 
org.apache.http.client.ClientProtocolException
-------
feature call (loop) failed at index: 44
caller: classpath:InspireTest/def/checkxlinkurl.template.feature
arg: {"link":""}
checkxlinkurl.template.feature:21 - 
org.apache.http.client.ClientProtocolException
-------
feature call (loop) failed at index: 45
caller: classpath:InspireTest/def/checkxlinkurl.template.feature
arg: {"link":""}
checkxlinkurl.template.feature:21 - 
org.apache.http.client.ClientProtocolException
-------
feature call (loop) failed at index: 46
caller: classpath:InspireTest/def/checkxlinkurl.template.feature
arg: {"link":""}
checkxlinkurl.template.feature:21 - 
org.apache.http.client.ClientProtocolException
-------
feature call (loop) failed at index: 47
caller: classpath:InspireTest/def/checkxlinkurl.template.feature
arg: {"link":""}
checkxlinkurl.template.feature:21 - 
org.apache.http.client.ClientProtocolException
-------
feature call (loop) failed at index: 48
caller: classpath:InspireTest/def/checkxlinkurl.template.feature
arg: {"link":""}
checkxlinkurl.template.feature:21 - 
org.apache.http.client.ClientProtocolException
-------
feature call (loop) failed at index: 49
caller: classpath:InspireTest/def/checkxlinkurl.template.feature
arg: {"link":""}
checkxlinkurl.template.feature:21 - 
org.apache.http.client.ClientProtocolException
-------
feature call (loop) failed at index: 50
caller: classpath:InspireTest/def/checkxlinkurl.template.feature
arg: {"link":""}
checkxlinkurl.template.feature:21 - 
org.apache.http.client.ClientProtocolException
-------
feature call (loop) failed at index: 51
caller: classpath:InspireTest/def/checkxlinkurl.template.feature
arg: {"link":""}
checkxlinkurl.template.feature:21 - 
org.apache.http.client.ClientProtocolException
-------
feature call (loop) failed at index: 52
caller: classpath:InspireTest/def/checkxlinkurl.template.feature
arg: {"link":""}
checkxlinkurl.template.feature:21 - 
org.apache.http.client.ClientProtocolException
-------
feature call (loop) failed at index: 53
caller: classpath:InspireTest/def/checkxlinkurl.template.feature
arg: {"link":""}
checkxlinkurl.template.feature:21 - 
org.apache.http.client.ClientProtocolException
-------
feature call (loop) failed at index: 54
caller: classpath:InspireTest/def/checkxlinkurl.template.feature
arg: {"link":""}
checkxlinkurl.template.feature:21 - 
org.apache.http.client.ClientProtocolException
-------
feature call (loop) failed at index: 55
caller: classpath:InspireTest/def/checkxlinkurl.template.feature
arg: {"link":""}
checkxlinkurl.template.feature:21 - 
org.apache.http.client.ClientProtocolException
-------
feature call (loop) failed at index: 56
caller: classpath:InspireTest/def/checkxlinkurl.template.feature
arg: {"link":""}
checkxlinkurl.template.feature:21 - 
org.apache.http.client.ClientProtocolException
-------
feature call (loop) failed at index: 57
caller: classpath:InspireTest/def/checkxlinkurl.template.feature
arg: {"link":""}
checkxlinkurl.template.feature:21 - 
org.apache.http.client.ClientProtocolException
-------
feature call (loop) failed at index: 58
caller: classpath:InspireTest/def/checkxlinkurl.template.feature
arg: {"link":""}
checkxlinkurl.template.feature:21 - 
org.apache.http.client.ClientProtocolException
-------
feature call (loop) failed at index: 59
caller: classpath:InspireTest/def/checkxlinkurl.template.feature
arg: {"link":""}
checkxlinkurl.template.feature:21 - 
org.apache.http.client.ClientProtocolException
-------
feature call (loop) failed at index: 60
caller: classpath:InspireTest/def/checkxlinkurl.template.feature
arg: {"link":""}
checkxlinkurl.template.feature:21 - 
org.apache.http.client.ClientProtocolException
-------
feature call (loop) failed at index: 61
caller: classpath:InspireTest/def/checkxlinkurl.template.feature
arg: {"link":""}
checkxlinkurl.template.feature:21 - 
org.apache.http.client.ClientProtocolException
-------
feature call (loop) failed at index: 62
caller: classpath:InspireTest/def/checkxlinkurl.template.feature
arg: {"link":""}
checkxlinkurl.template.feature:21 - 
org.apache.http.client.ClientProtocolException
-------
feature call (loop) failed at index: 63
caller: classpath:InspireTest/def/checkxlinkurl.template.feature
arg: {"link":""}
checkxlinkurl.template.feature:21 - 
org.apache.http.client.ClientProtocolException
-------
feature call (loop) failed at index: 64
caller: classpath:InspireTest/def/checkxlinkurl.template.feature
arg: {"link":""}
checkxlinkurl.template.feature:21 - 
org.apache.http.client.ClientProtocolException
-------
feature call (loop) failed at index: 65
caller: classpath:InspireTest/def/checkxlinkurl.template.feature
arg: {"link":""}
checkxlinkurl.template.feature:21 - 
org.apache.http.client.ClientProtocolException
-------
feature call (loop) failed at index: 66
caller: classpath:InspireTest/def/checkxlinkurl.template.feature
arg: {"link":""}
checkxlinkurl.template.feature:21 - 
org.apache.http.client.ClientProtocolException
-------
feature call (loop) failed at index: 67
caller: classpath:InspireTest/def/checkxlinkurl.template.feature
arg: {"link":""}
checkxlinkurl.template.feature:21 - 
org.apache.http.client.ClientProtocolException
-------
feature call (loop) failed at index: 68
caller: classpath:InspireTest/def/checkxlinkurl.template.feature
arg: {"link":""}
checkxlinkurl.template.feature:21 - 
org.apache.http.client.ClientProtocolException
-------
feature call (loop) failed at index: 69
caller: classpath:InspireTest/def/checkxlinkurl.template.feature
arg: {"link":""}
checkxlinkurl.template.feature:21 - 
org.apache.http.client.ClientProtocolException
-------
feature call (loop) failed at index: 70
caller: classpath:InspireTest/def/checkxlinkurl.template.feature
arg: {"link":""}
checkxlinkurl.template.feature:21 - 
org.apache.http.client.ClientProtocolException
-------
feature call (loop) failed at index: 71
caller: classpath:InspireTest/def/checkxlinkurl.template.feature
arg: {"link":""}
checkxlinkurl.template.feature:21 - 
org.apache.http.client.ClientProtocolException
-------
feature call (loop) failed at index: 72
caller: classpath:InspireTest/def/checkxlinkurl.template.feature
arg: {"link":""}
checkxlinkurl.template.feature:21 - 
org.apache.http.client.ClientProtocolException
-------
feature call (loop) failed at index: 73
caller: classpath:InspireTest/def/checkxlinkurl.template.feature
arg: {"link":""}
checkxlinkurl.template.feature:21 - 
org.apache.http.client.ClientProtocolException
-------
feature call (loop) failed at index: 74
caller: classpath:InspireTest/def/checkxlinkurl.template.feature
arg: {"link":""}
checkxlinkurl.template.feature:21 - 
org.apache.http.client.ClientProtocolException
-------
feature call (loop) failed at index: 75
caller: classpath:InspireTest/def/checkxlinkurl.template.feature
arg: {"link":""}
checkxlinkurl.template.feature:21 - 
org.apache.http.client.ClientProtocolException
-------
feature call (loop) failed at index: 76
caller: classpath:InspireTest/def/checkxlinkurl.template.feature
arg: {"link":""}
checkxlinkurl.template.feature:21 - 
org.apache.http.client.ClientProtocolException
-------
feature call (loop) failed at index: 77
caller: classpath:InspireTest/def/checkxlinkurl.template.feature
arg: {"link":""}
checkxlinkurl.template.feature:21 - 
org.apache.http.client.ClientProtocolException
-------
feature call (loop) failed at index: 78
caller: classpath:InspireTest/def/checkxlinkurl.template.feature
arg: {"link":""}
checkxlinkurl.template.feature:21 - 
org.apache.http.client.ClientProtocolException
-------
feature call (loop) failed at index: 79
caller: classpath:InspireTest/def/checkxlinkurl.template.feature
arg: {"link":""}
checkxlinkurl.template.feature:21 - 
org.apache.http.client.ClientProtocolException
-------
feature call (loop) failed at index: 80
caller: classpath:InspireTest/def/checkxlinkurl.template.feature
arg: {"link":""}
checkxlinkurl.template.feature:21 - 
org.apache.http.client.ClientProtocolException
-------
feature call (loop) failed at index: 81
caller: classpath:InspireTest/def/checkxlinkurl.template.feature
arg: {"link":""}
checkxlinkurl.template.feature:21 - 
org.apache.http.client.ClientProtocolException
-------
feature call (loop) failed at index: 82
caller: classpath:InspireTest/def/checkxlinkurl.template.feature
arg: {"link":""}
checkxlinkurl.template.feature:21 - 
org.apache.http.client.ClientProtocolException
-------
feature call (loop) failed at index: 83
caller: classpath:InspireTest/def/checkxlinkurl.template.feature
arg: {"link":""}
checkxlinkurl.template.feature:21 - 
org.apache.http.client.ClientProtocolException
-------
feature call (loop) failed at index: 84
caller: classpath:InspireTest/def/checkxlinkurl.template.feature
arg: {"link":""}
checkxlinkurl.template.feature:21 - 
org.apache.http.client.ClientProtocolException
-------
feature call (loop) failed at index: 85
caller: classpath:InspireTest/def/checkxlinkurl.template.feature
arg: {"link":""}
checkxlinkurl.template.feature:21 - 
org.apache.http.client.ClientProtocolException
-------
feature call (loop) failed at index: 86
caller: classpath:InspireTest/def/checkxlinkurl.template.feature
arg: {"link":""}
checkxlinkurl.template.feature:21 - 
org.apache.http.client.ClientProtocolException
-------
feature call (loop) failed at index: 87
caller: classpath:InspireTest/def/checkxlinkurl.template.feature
arg: {"link":""}
checkxlinkurl.template.feature:21 - 
org.apache.http.client.ClientProtocolException
-------
feature call (loop) failed at index: 88
caller: classpath:InspireTest/def/checkxlinkurl.template.feature
arg: {"link":""}
checkxlinkurl.template.feature:21 - 
org.apache.http.client.ClientProtocolException
-------
feature call (loop) failed at index: 89
caller: classpath:InspireTest/def/checkxlinkurl.template.feature
arg: {"link":""}
checkxlinkurl.template.feature:21 - 
org.apache.http.client.ClientProtocolException
-------
feature call (loop) failed at index: 90
caller: classpath:InspireTest/def/checkxlinkurl.template.feature
arg: {"link":""}
checkxlinkurl.template.feature:21 - 
org.apache.http.client.ClientProtocolException
-------
feature call (loop) failed at index: 91
caller: classpath:InspireTest/def/checkxlinkurl.template.feature
arg: {"link":""}
checkxlinkurl.template.feature:21 - 
org.apache.http.client.ClientProtocolException
-------
feature call (loop) failed at index: 92
caller: classpath:InspireTest/def/checkxlinkurl.template.feature
arg: {"link":""}
checkxlinkurl.template.feature:21 - 
org.apache.http.client.ClientProtocolException
-------
feature call (loop) failed at index: 93
caller: classpath:InspireTest/def/checkxlinkurl.template.feature
arg: {"link":""}
checkxlinkurl.template.feature:21 - 
org.apache.http.client.ClientProtocolException
-------
feature call (loop) failed at index: 94
caller: classpath:InspireTest/def/checkxlinkurl.template.feature
arg: {"link":""}
checkxlinkurl.template.feature:21 - 
org.apache.http.client.ClientProtocolException
-------
feature call (loop) failed at index: 95
caller: classpath:InspireTest/def/checkxlinkurl.template.feature
arg: {"link":""}
checkxlinkurl.template.feature:21 - 
org.apache.http.client.ClientProtocolException
-------
feature call (loop) failed at index: 96
caller: classpath:InspireTest/def/checkxlinkurl.template.feature
arg: {"link":""}
checkxlinkurl.template.feature:21 - 
org.apache.http.client.ClientProtocolException
-------
feature call (loop) failed at index: 97
caller: classpath:InspireTest/def/checkxlinkurl.template.feature
arg: {"link":""}
checkxlinkurl.template.feature:21 - 
org.apache.http.client.ClientProtocolException
-------
feature call (loop) failed at index: 98
caller: classpath:InspireTest/def/checkxlinkurl.template.feature
arg: {"link":""}
checkxlinkurl.template.feature:21 - 
org.apache.http.client.ClientProtocolException
-------
feature call (loop) failed at index: 99
caller: classpath:InspireTest/def/checkxlinkurl.template.feature
arg: {"link":""}
checkxlinkurl.template.feature:21 - 
org.apache.http.client.ClientProtocolException
-------
feature call (loop) failed at index: 100
caller: classpath:InspireTest/def/checkxlinkurl.template.feature
arg: {"link":""}
checkxlinkurl.template.feature:21 - 
org.apache.http.client.ClientProtocolException
-------
feature call (loop) failed at index: 101
caller: classpath:InspireTest/def/checkxlinkurl.template.feature
arg: {"link":""}
checkxlinkurl.template.feature:21 - 
org.apache.http.client.ClientProtocolException
-------
feature call (loop) failed at index: 102
caller: classpath:InspireTest/def/checkxlinkurl.template.feature
arg: {"link":""}
checkxlinkurl.template.feature:21 - 
org.apache.http.client.ClientProtocolException
-------
feature call (loop) failed at index: 103
caller: classpath:InspireTest/def/checkxlinkurl.template.feature
arg: {"link":""}
checkxlinkurl.template.feature:21 - 
org.apache.http.client.ClientProtocolException
-------
feature call (loop) failed at index: 104
caller: classpath:InspireTest/def/checkxlinkurl.template.feature
arg: {"link":""}
checkxlinkurl.template.feature:21 - 
org.apache.http.client.ClientProtocolException
-------
feature call (loop) failed at index: 105
caller: classpath:InspireTest/def/checkxlinkurl.template.feature
arg: {"link":""}
checkxlinkurl.template.feature:21 - 
org.apache.http.client.ClientProtocolException
-------
feature call (loop) failed at index: 106
caller: classpath:InspireTest/def/checkxlinkurl.template.feature
arg: {"link":""}
checkxlinkurl.template.feature:21 - 
org.apache.http.client.ClientProtocolException
-------
feature call (loop) failed at index: 107
caller: classpath:InspireTest/def/checkxlinkurl.template.feature
arg: {"link":""}
checkxlinkurl.template.feature:21 - 
org.apache.http.client.ClientProtocolException
-------
feature call (loop) failed at index: 108
caller: classpath:InspireTest/def/checkxlinkurl.template.feature
arg: {"link":""}
checkxlinkurl.template.feature:21 - 
org.apache.http.client.ClientProtocolException
-------
feature call (loop) failed at index: 109
caller: classpath:InspireTest/def/checkxlinkurl.template.feature
arg: {"link":""}
checkxlinkurl.template.feature:21 - 
org.apache.http.client.ClientProtocolException
-------
feature call (loop) failed at index: 110
caller: classpath:InspireTest/def/checkxlinkurl.template.feature
arg: {"link":""}
checkxlinkurl.template.feature:21 - 
org.apache.http.client.ClientProtocolException
-------
feature call (loop) failed at index: 111
caller: classpath:InspireTest/def/checkxlinkurl.template.feature
arg: {"link":""}
checkxlinkurl.template.feature:21 - 
org.apache.http.client.ClientProtocolException
-------
feature call (loop) failed at index: 112
caller: classpath:InspireTest/def/checkxlinkurl.template.feature
arg: {"link":""}
checkxlinkurl.template.feature:21 - 
org.apache.http.client.ClientProtocolException
-------
feature call (loop) failed at index: 113
caller: classpath:InspireTest/def/checkxlinkurl.template.feature
arg: {"link":""}
checkxlinkurl.template.feature:21 - 
org.apache.http.client.ClientProtocolException
-------
feature call (loop) failed at index: 114
caller: classpath:InspireTest/def/checkxlinkurl.template.feature
arg: {"link":""}
checkxlinkurl.template.feature:21 - 
org.apache.http.client.ClientProtocolException
-------
feature call (loop) failed at index: 115
caller: classpath:InspireTest/def/checkxlinkurl.template.feature
arg: {"link":""}
checkxlinkurl.template.feature:21 - 
org.apache.http.client.ClientProtocolException
-------
feature call (loop) failed at index: 116
caller: classpath:InspireTest/def/checkxlinkurl.template.feature
arg: {"link":""}
checkxlinkurl.template.feature:21 - 
org.apache.http.client.ClientProtocolException
-------
feature call (loop) failed at index: 117
caller: classpath:InspireTest/def/checkxlinkurl.template.feature
arg: {"link":""}
checkxlinkurl.template.feature:21 - 
org.apache.http.client.ClientProtocolException
-------
feature call (loop) failed at index: 118
caller: classpath:InspireTest/def/checkxlinkurl.template.feature
arg: {"link":""}
checkxlinkurl.template.feature:21 - 
org.apache.http.client.ClientProtocolException
-------
feature call (loop) failed at index: 119
caller: classpath:InspireTest/def/checkxlinkurl.template.feature
arg: {"link":""}
checkxlinkurl.template.feature:21 - 
org.apache.http.client.ClientProtocolException
-------
feature call (loop) failed at index: 120
caller: classpath:InspireTest/def/checkxlinkurl.template.feature
arg: {"link":""}
checkxlinkurl.template.feature:21 - 
org.apache.http.client.ClientProtocolException
-------
feature call (loop) failed at index: 121
caller: classpath:InspireTest/def/checkxlinkurl.template.feature
arg: {"link":""}
checkxlinkurl.template.feature:21 - 
org.apache.http.client.ClientProtocolException
-------
feature call (loop) failed at index: 122
caller: classpath:InspireTest/def/checkxlinkurl.template.feature
arg: {"link":""}
checkxlinkurl.template.feature:21 - 
org.apache.http.client.ClientProtocolException
-------
feature call (loop) failed at index: 123
caller: classpath:InspireTest/def/checkxlinkurl.template.feature
arg: {"link":""}
checkxlinkurl.template.feature:21 - 
org.apache.http.client.ClientProtocolException
-------
feature call (loop) failed at index: 124
caller: classpath:InspireTest/def/checkxlinkurl.template.feature
arg: {"link":""}
checkxlinkurl.template.feature:21 - 
org.apache.http.client.ClientProtocolException
-------
feature call (loop) failed at index: 125
caller: classpath:InspireTest/def/checkxlinkurl.template.feature
arg: {"link":""}
checkxlinkurl.template.feature:21 - 
org.apache.http.client.ClientProtocolException
-------
feature call (loop) failed at index: 126
caller: classpath:InspireTest/def/checkxlinkurl.template.feature
arg: {"link":""}
checkxlinkurl.template.feature:21 - 
org.apache.http.client.ClientProtocolException
-------
feature call (loop) failed at index: 127
caller: classpath:InspireTest/def/checkxlinkurl.template.feature
arg: {"link":""}
checkxlinkurl.template.feature:21 - 
org.apache.http.client.ClientProtocolException
-------
feature call (loop) failed at index: 128
caller: classpath:InspireTest/def/checkxlinkurl.template.feature
arg: {"link":""}
checkxlinkurl.template.feature:21 - 
org.apache.http.client.ClientProtocolException
-------
feature call (loop) failed at index: 129
caller: classpath:InspireTest/def/checkxlinkurl.template.feature
arg: {"link":""}
checkxlinkurl.template.feature:21 - 
org.apache.http.client.ClientProtocolException
-------
feature call (loop) failed at index: 130
caller: classpath:InspireTest/def/checkxlinkurl.template.feature
arg: {"link":""}
checkxlinkurl.template.feature:21 - 
org.apache.http.client.ClientProtocolException
-------
feature call (loop) failed at index: 131
caller: classpath:InspireTest/def/checkxlinkurl.template.feature
arg: {"link":""}
checkxlinkurl.template.feature:21 - 
org.apache.http.client.ClientProtocolException
-------
feature call (loop) failed at index: 132
caller: classpath:InspireTest/def/checkxlinkurl.template.feature
arg: {"link":""}
checkxlinkurl.template.feature:21 - 
org.apache.http.client.ClientProtocolException
-------
feature call (loop) failed at index: 133
caller: classpath:InspireTest/def/checkxlinkurl.template.feature
arg: {"link":""}
checkxlinkurl.template.feature:21 - 
org.apache.http.client.ClientProtocolException
-------
feature call (loop) failed at index: 134
caller: classpath:InspireTest/def/checkxlinkurl.template.feature
arg: {"link":""}
checkxlinkurl.template.feature:21 - 
org.apache.http.client.ClientProtocolException
-------
feature call (loop) failed at index: 135
caller: classpath:InspireTest/def/checkxlinkurl.template.feature
arg: {"link":""}
checkxlinkurl.template.feature:21 - 
org.apache.http.client.ClientProtocolException
-------
feature call (loop) failed at index: 136
caller: classpath:InspireTest/def/checkxlinkurl.template.feature
arg: {"link":""}
checkxlinkurl.template.feature:21 - 
org.apache.http.client.ClientProtocolException
-------
feature call (loop) failed at index: 137
caller: classpath:InspireTest/def/checkxlinkurl.template.feature
arg: {"link":""}
checkxlinkurl.template.feature:21 - 
org.apache.http.client.ClientProtocolException
-------
feature call (loop) failed at index: 138
caller: classpath:InspireTest/def/checkxlinkurl.template.feature
arg: {"link":""}
checkxlinkurl.template.feature:21 - 
org.apache.http.client.ClientProtocolException
-------
feature call (loop) failed at index: 139
caller: classpath:InspireTest/def/checkxlinkurl.template.feature
arg: {"link":""}
checkxlinkurl.template.feature:21 - 
org.apache.http.client.ClientProtocolException
-------
feature call (loop) failed at index: 140
caller: classpath:InspireTest/def/checkxlinkurl.template.feature
arg: {"link":""}
checkxlinkurl.template.feature:21 - 
org.apache.http.client.ClientProtocolException
-------
feature call (loop) failed at index: 141
caller: classpath:InspireTest/def/checkxlinkurl.template.feature
arg: {"link":""}
checkxlinkurl.template.feature:21 - 
org.apache.http.client.ClientProtocolException
-------
feature call (loop) failed at index: 142
caller: classpath:InspireTest/def/checkxlinkurl.template.feature
arg: {"link":""}
checkxlinkurl.template.feature:21 - 
org.apache.http.client.ClientProtocolException
-------
feature call (loop) failed at index: 143
caller: classpath:InspireTest/def/checkxlinkurl.template.feature
arg: {"link":""}
checkxlinkurl.template.feature:21 - 
org.apache.http.client.ClientProtocolException
-------
feature call (loop) failed at index: 144
caller: classpath:InspireTest/def/checkxlinkurl.template.feature
arg: {"link":""}
checkxlinkurl.template.feature:21 - 
org.apache.http.client.ClientProtocolException
-------
feature call (loop) failed at index: 145
caller: classpath:InspireTest/def/checkxlinkurl.template.feature
arg: {"link":""}
checkxlinkurl.template.feature:21 - 
org.apache.http.client.ClientProtocolException
-------
feature call (loop) failed at index: 146
caller: classpath:InspireTest/def/checkxlinkurl.template.feature
arg: {"link":""}
checkxlinkurl.template.feature:21 - 
org.apache.http.client.ClientProtocolException
-------
feature call (loop) failed at index: 147
caller: classpath:InspireTest/def/checkxlinkurl.template.feature
arg: {"link":""}
checkxlinkurl.template.feature:21 - 
org.apache.http.client.ClientProtocolException
-------
feature call (loop) failed at index: 148
caller: classpath:InspireTest/def/checkxlinkurl.template.feature
arg: {"link":""}
checkxlinkurl.template.feature:21 - 
org.apache.http.client.ClientProtocolException
-------
feature call (loop) failed at index: 149
caller: classpath:InspireTest/def/checkxlinkurl.template.feature
arg: {"link":""}
checkxlinkurl.template.feature:21 - 
org.apache.http.client.ClientProtocolException
-------
feature call (loop) failed at index: 150
caller: classpath:InspireTest/def/checkxlinkurl.template.feature
arg: {"link":""}
checkxlinkurl.template.feature:21 - 
org.apache.http.client.ClientProtocolException
-------
feature call (loop) failed at index: 151
caller: classpath:InspireTest/def/checkxlinkurl.template.feature
arg: {"link":""}
checkxlinkurl.template.feature:21 - 
org.apache.http.client.ClientProtocolException
-------
feature call (loop) failed at index: 152
caller: classpath:InspireTest/def/checkxlinkurl.template.feature
arg: {"link":""}
checkxlinkurl.template.feature:21 - 
org.apache.http.client.ClientProtocolException
-------
feature call (loop) failed at index: 153
caller: classpath:InspireTest/def/checkxlinkurl.template.feature
arg: {"link":""}
checkxlinkurl.template.feature:21 - 
org.apache.http.client.ClientProtocolException
-------
feature call (loop) failed at index: 154
caller: classpath:InspireTest/def/checkxlinkurl.template.feature
arg: {"link":""}
checkxlinkurl.template.feature:21 - 
org.apache.http.client.ClientProtocolException
-------
feature call (loop) failed at index: 155
caller: classpath:InspireTest/def/checkxlinkurl.template.feature
arg: {"link":""}
checkxlinkurl.template.feature:21 - 
org.apache.http.client.ClientProtocolException
-------
feature call (loop) failed at index: 156
caller: classpath:InspireTest/def/checkxlinkurl.template.feature
arg: {"link":""}
checkxlinkurl.template.feature:21 - 
org.apache.http.client.ClientProtocolException
-------
feature call (loop) failed at index: 157
caller: classpath:InspireTest/def/checkxlinkurl.template.feature
arg: {"link":""}
checkxlinkurl.template.feature:21 - 
org.apache.http.client.ClientProtocolException
-------
feature call (loop) failed at index: 158
caller: classpath:InspireTest/def/checkxlinkurl.template.feature
arg: {"link":""}
checkxlinkurl.template.feature:21 - 
org.apache.http.client.ClientProtocolException
-------
feature call (loop) failed at index: 159
caller: classpath:InspireTest/def/checkxlinkurl.template.feature
arg: {"link":""}
checkxlinkurl.template.feature:21 - 
org.apache.http.client.ClientProtocolException
[1.5:24] check-known-service-record.feature:72 - feature call (loop) failed: classpath:InspireTest/def/checkxlinkurl.template.feature
caller: classpath:InspireTest/ngr/T03_services/check-known-service-record.feature
items: [{link=http://rdfdata.eionet.europa.eu/inspirethemes/themes/31}, {link=http://geonetwork-opensource.org/inspire-theme#}, {link=}, {link=}, {link=}, {link=}, {link=}, {link=}, {link=}, {link=}, {link=}, {link=}, {link=}, {link=}, {link=}, {link=}, {link=}, {link=}, {link=}, {link=}, {link=}, {link=}, {link=}, {link=}, {link=}, {link=}, {link=}, {link=}, {link=}, {link=}, {link=}, {link=}, {link=}, {link=}, {link=}, {link=}, {link=}, {link=}, {link=}, {link=}, {link=}, {link=}, {link=}, {link=}, {link=}, {link=}, {link=}, {link=}, {link=}, {link=}, {link=}, {link=}, {link=}, {link=}, {link=}, {link=}, {link=}, {link=}, {link=}, {link=}, {link=}, {link=}, {link=}, {link=}, {link=}, {link=}, {link=}, {link=}, {link=}, {link=}, {link=}, {link=}, {link=}, {link=}, {link=}, {link=}, {link=}, {link=}, {link=}, {link=}, {link=}, {link=}, {link=}, {link=}, {link=}, {link=}, {link=}, {link=}, {link=}, {link=}, {link=}, {link=}, {link=}, {link=}, {link=}, {link=}, {link=}, {link=}, {link=}, {link=}, {link=}, {link=}, {link=}, {link=}, {link=}, {link=}, {link=}, {link=}, {link=}, {link=}, {link=}, {link=}, {link=}, {link=}, {link=}, {link=}, {link=}, {link=}, {link=}, {link=}, {link=}, {link=}, {link=}, {link=}, {link=}, {link=}, {link=}, {link=}, {link=}, {link=}, {link=}, {link=}, {link=}, {link=}, {link=}, {link=}, {link=}, {link=}, {link=}, {link=}, {link=}, {link=}, {link=}, {link=}, {link=}, {link=}, {link=}, {link=}, {link=}, {link=}, {link=}, {link=}, {link=}, {link=}, {link=}, {link=}, {link=}, {link=}, {link=http://nationaalgeoregister.nl/geonetwork/srv/en/csw?service=CSW&version=2.0.2&request=GetRecordById&outputschema=http://www.isotc211.org/2005/gmd&elementsetname=full&id=977e0e94-7aa9-4784-b2da-eaec44adb61b#MD_DataIdentification}]
errors:
-------
feature call (loop) failed at index: 0
caller: classpath:InspireTest/def/checkxlinkurl.template.feature
arg: {"link":"http://rdfdata.eionet.europa.eu/inspirethemes/themes/31"}
checkxlinkurl.template.feature:28 - path: $, actual: 404, expected: 200, reason: not equal (Integer)
-------
feature call (loop) failed at index: 1
caller: classpath:InspireTest/def/checkxlinkurl.template.feature
arg: {"link":"http://geonetwork-opensource.org/inspire-theme#"}
checkxlinkurl.template.feature:28 - path: $, actual: 404, expected: 200, reason: not equal (Integer)
-------
feature call (loop) failed at index: 2
caller: classpath:InspireTest/def/checkxlinkurl.template.feature
arg: {"link":""}
checkxlinkurl.template.feature:21 - 
org.apache.http.client.ClientProtocolException
-------
feature call (loop) failed at index: 3
caller: classpath:InspireTest/def/checkxlinkurl.template.feature
arg: {"link":""}
checkxlinkurl.template.feature:21 - 
org.apache.http.client.ClientProtocolException
-------
feature call (loop) failed at index: 4
caller: classpath:InspireTest/def/checkxlinkurl.template.feature
arg: {"link":""}
checkxlinkurl.template.feature:21 - 
org.apache.http.client.ClientProtocolException
-------
feature call (loop) failed at index: 5
caller: classpath:InspireTest/def/checkxlinkurl.template.feature
arg: {"link":""}
checkxlinkurl.template.feature:21 - 
org.apache.http.client.ClientProtocolException
-------
feature call (loop) failed at index: 6
caller: classpath:InspireTest/def/checkxlinkurl.template.feature
arg: {"link":""}
checkxlinkurl.template.feature:21 - 
org.apache.http.client.ClientProtocolException
-------
feature call (loop) failed at index: 7
caller: classpath:InspireTest/def/checkxlinkurl.template.feature
arg: {"link":""}
checkxlinkurl.template.feature:21 - 
org.apache.http.client.ClientProtocolException
-------
feature call (loop) failed at index: 8
caller: classpath:InspireTest/def/checkxlinkurl.template.feature
arg: {"link":""}
checkxlinkurl.template.feature:21 - 
org.apache.http.client.ClientProtocolException
-------
feature call (loop) failed at index: 9
caller: classpath:InspireTest/def/checkxlinkurl.template.feature
arg: {"link":""}
checkxlinkurl.template.feature:21 - 
org.apache.http.client.ClientProtocolException
-------
feature call (loop) failed at index: 10
caller: classpath:InspireTest/def/checkxlinkurl.template.feature
arg: {"link":""}
checkxlinkurl.template.feature:21 - 
org.apache.http.client.ClientProtocolException
-------
feature call (loop) failed at index: 11
caller: classpath:InspireTest/def/checkxlinkurl.template.feature
arg: {"link":""}
checkxlinkurl.template.feature:21 - 
org.apache.http.client.ClientProtocolException
-------
feature call (loop) failed at index: 12
caller: classpath:InspireTest/def/checkxlinkurl.template.feature
arg: {"link":""}
checkxlinkurl.template.feature:21 - 
org.apache.http.client.ClientProtocolException
-------
feature call (loop) failed at index: 13
caller: classpath:InspireTest/def/checkxlinkurl.template.feature
arg: {"link":""}
checkxlinkurl.template.feature:21 - 
org.apache.http.client.ClientProtocolException
-------
feature call (loop) failed at index: 14
caller: classpath:InspireTest/def/checkxlinkurl.template.feature
arg: {"link":""}
checkxlinkurl.template.feature:21 - 
org.apache.http.client.ClientProtocolException
-------
feature call (loop) failed at index: 15
caller: classpath:InspireTest/def/checkxlinkurl.template.feature
arg: {"link":""}
checkxlinkurl.template.feature:21 - 
org.apache.http.client.ClientProtocolException
-------
feature call (loop) failed at index: 16
caller: classpath:InspireTest/def/checkxlinkurl.template.feature
arg: {"link":""}
checkxlinkurl.template.feature:21 - 
org.apache.http.client.ClientProtocolException
-------
feature call (loop) failed at index: 17
caller: classpath:InspireTest/def/checkxlinkurl.template.feature
arg: {"link":""}
checkxlinkurl.template.feature:21 - 
org.apache.http.client.ClientProtocolException
-------
feature call (loop) failed at index: 18
caller: classpath:InspireTest/def/checkxlinkurl.template.feature
arg: {"link":""}
checkxlinkurl.template.feature:21 - 
org.apache.http.client.ClientProtocolException
-------
feature call (loop) failed at index: 19
caller: classpath:InspireTest/def/checkxlinkurl.template.feature
arg: {"link":""}
checkxlinkurl.template.feature:21 - 
org.apache.http.client.ClientProtocolException
-------
feature call (loop) failed at index: 20
caller: classpath:InspireTest/def/checkxlinkurl.template.feature
arg: {"link":""}
checkxlinkurl.template.feature:21 - 
org.apache.http.client.ClientProtocolException
-------
feature call (loop) failed at index: 21
caller: classpath:InspireTest/def/checkxlinkurl.template.feature
arg: {"link":""}
checkxlinkurl.template.feature:21 - 
org.apache.http.client.ClientProtocolException
-------
feature call (loop) failed at index: 22
caller: classpath:InspireTest/def/checkxlinkurl.template.feature
arg: {"link":""}
checkxlinkurl.template.feature:21 - 
org.apache.http.client.ClientProtocolException
-------
feature call (loop) failed at index: 23
caller: classpath:InspireTest/def/checkxlinkurl.template.feature
arg: {"link":""}
checkxlinkurl.template.feature:21 - 
org.apache.http.client.ClientProtocolException
-------
feature call (loop) failed at index: 24
caller: classpath:InspireTest/def/checkxlinkurl.template.feature
arg: {"link":""}
checkxlinkurl.template.feature:21 - 
org.apache.http.client.ClientProtocolException
-------
feature call (loop) failed at index: 25
caller: classpath:InspireTest/def/checkxlinkurl.template.feature
arg: {"link":""}
checkxlinkurl.template.feature:21 - 
org.apache.http.client.ClientProtocolException
-------
feature call (loop) failed at index: 26
caller: classpath:InspireTest/def/checkxlinkurl.template.feature
arg: {"link":""}
checkxlinkurl.template.feature:21 - 
org.apache.http.client.ClientProtocolException
-------
feature call (loop) failed at index: 27
caller: classpath:InspireTest/def/checkxlinkurl.template.feature
arg: {"link":""}
checkxlinkurl.template.feature:21 - 
org.apache.http.client.ClientProtocolException
-------
feature call (loop) failed at index: 28
caller: classpath:InspireTest/def/checkxlinkurl.template.feature
arg: {"link":""}
checkxlinkurl.template.feature:21 - 
org.apache.http.client.ClientProtocolException
-------
feature call (loop) failed at index: 29
caller: classpath:InspireTest/def/checkxlinkurl.template.feature
arg: {"link":""}
checkxlinkurl.template.feature:21 - 
org.apache.http.client.ClientProtocolException
-------
feature call (loop) failed at index: 30
caller: classpath:InspireTest/def/checkxlinkurl.template.feature
arg: {"link":""}
checkxlinkurl.template.feature:21 - 
org.apache.http.client.ClientProtocolException
-------
feature call (loop) failed at index: 31
caller: classpath:InspireTest/def/checkxlinkurl.template.feature
arg: {"link":""}
checkxlinkurl.template.feature:21 - 
org.apache.http.client.ClientProtocolException
-------
feature call (loop) failed at index: 32
caller: classpath:InspireTest/def/checkxlinkurl.template.feature
arg: {"link":""}
checkxlinkurl.template.feature:21 - 
org.apache.http.client.ClientProtocolException
-------
feature call (loop) failed at index: 33
caller: classpath:InspireTest/def/checkxlinkurl.template.feature
arg: {"link":""}
checkxlinkurl.template.feature:21 - 
org.apache.http.client.ClientProtocolException
-------
feature call (loop) failed at index: 34
caller: classpath:InspireTest/def/checkxlinkurl.template.feature
arg: {"link":""}
checkxlinkurl.template.feature:21 - 
org.apache.http.client.ClientProtocolException
-------
feature call (loop) failed at index: 35
caller: classpath:InspireTest/def/checkxlinkurl.template.feature
arg: {"link":""}
checkxlinkurl.template.feature:21 - 
org.apache.http.client.ClientProtocolException
-------
feature call (loop) failed at index: 36
caller: classpath:InspireTest/def/checkxlinkurl.template.feature
arg: {"link":""}
checkxlinkurl.template.feature:21 - 
org.apache.http.client.ClientProtocolException
-------
feature call (loop) failed at index: 37
caller: classpath:InspireTest/def/checkxlinkurl.template.feature
arg: {"link":""}
checkxlinkurl.template.feature:21 - 
org.apache.http.client.ClientProtocolException
-------
feature call (loop) failed at index: 38
caller: classpath:InspireTest/def/checkxlinkurl.template.feature
arg: {"link":""}
checkxlinkurl.template.feature:21 - 
org.apache.http.client.ClientProtocolException
-------
feature call (loop) failed at index: 39
caller: classpath:InspireTest/def/checkxlinkurl.template.feature
arg: {"link":""}
checkxlinkurl.template.feature:21 - 
org.apache.http.client.ClientProtocolException
-------
feature call (loop) failed at index: 40
caller: classpath:InspireTest/def/checkxlinkurl.template.feature
arg: {"link":""}
checkxlinkurl.template.feature:21 - 
org.apache.http.client.ClientProtocolException
-------
feature call (loop) failed at index: 41
caller: classpath:InspireTest/def/checkxlinkurl.template.feature
arg: {"link":""}
checkxlinkurl.template.feature:21 - 
org.apache.http.client.ClientProtocolException
-------
feature call (loop) failed at index: 42
caller: classpath:InspireTest/def/checkxlinkurl.template.feature
arg: {"link":""}
checkxlinkurl.template.feature:21 - 
org.apache.http.client.ClientProtocolException
-------
feature call (loop) failed at index: 43
caller: classpath:InspireTest/def/checkxlinkurl.template.feature
arg: {"link":""}
checkxlinkurl.template.feature:21 - 
org.apache.http.client.ClientProtocolException
-------
feature call (loop) failed at index: 44
caller: classpath:InspireTest/def/checkxlinkurl.template.feature
arg: {"link":""}
checkxlinkurl.template.feature:21 - 
org.apache.http.client.ClientProtocolException
-------
feature call (loop) failed at index: 45
caller: classpath:InspireTest/def/checkxlinkurl.template.feature
arg: {"link":""}
checkxlinkurl.template.feature:21 - 
org.apache.http.client.ClientProtocolException
-------
feature call (loop) failed at index: 46
caller: classpath:InspireTest/def/checkxlinkurl.template.feature
arg: {"link":""}
checkxlinkurl.template.feature:21 - 
org.apache.http.client.ClientProtocolException
-------
feature call (loop) failed at index: 47
caller: classpath:InspireTest/def/checkxlinkurl.template.feature
arg: {"link":""}
checkxlinkurl.template.feature:21 - 
org.apache.http.client.ClientProtocolException
-------
feature call (loop) failed at index: 48
caller: classpath:InspireTest/def/checkxlinkurl.template.feature
arg: {"link":""}
checkxlinkurl.template.feature:21 - 
org.apache.http.client.ClientProtocolException
-------
feature call (loop) failed at index: 49
caller: classpath:InspireTest/def/checkxlinkurl.template.feature
arg: {"link":""}
checkxlinkurl.template.feature:21 - 
org.apache.http.client.ClientProtocolException
-------
feature call (loop) failed at index: 50
caller: classpath:InspireTest/def/checkxlinkurl.template.feature
arg: {"link":""}
checkxlinkurl.template.feature:21 - 
org.apache.http.client.ClientProtocolException
-------
feature call (loop) failed at index: 51
caller: classpath:InspireTest/def/checkxlinkurl.template.feature
arg: {"link":""}
checkxlinkurl.template.feature:21 - 
org.apache.http.client.ClientProtocolException
-------
feature call (loop) failed at index: 52
caller: classpath:InspireTest/def/checkxlinkurl.template.feature
arg: {"link":""}
checkxlinkurl.template.feature:21 - 
org.apache.http.client.ClientProtocolException
-------
feature call (loop) failed at index: 53
caller: classpath:InspireTest/def/checkxlinkurl.template.feature
arg: {"link":""}
checkxlinkurl.template.feature:21 - 
org.apache.http.client.ClientProtocolException
-------
feature call (loop) failed at index: 54
caller: classpath:InspireTest/def/checkxlinkurl.template.feature
arg: {"link":""}
checkxlinkurl.template.feature:21 - 
org.apache.http.client.ClientProtocolException
-------
feature call (loop) failed at index: 55
caller: classpath:InspireTest/def/checkxlinkurl.template.feature
arg: {"link":""}
checkxlinkurl.template.feature:21 - 
org.apache.http.client.ClientProtocolException
-------
feature call (loop) failed at index: 56
caller: classpath:InspireTest/def/checkxlinkurl.template.feature
arg: {"link":""}
checkxlinkurl.template.feature:21 - 
org.apache.http.client.ClientProtocolException
-------
feature call (loop) failed at index: 57
caller: classpath:InspireTest/def/checkxlinkurl.template.feature
arg: {"link":""}
checkxlinkurl.template.feature:21 - 
org.apache.http.client.ClientProtocolException
-------
feature call (loop) failed at index: 58
caller: classpath:InspireTest/def/checkxlinkurl.template.feature
arg: {"link":""}
checkxlinkurl.template.feature:21 - 
org.apache.http.client.ClientProtocolException
-------
feature call (loop) failed at index: 59
caller: classpath:InspireTest/def/checkxlinkurl.template.feature
arg: {"link":""}
checkxlinkurl.template.feature:21 - 
org.apache.http.client.ClientProtocolException
-------
feature call (loop) failed at index: 60
caller: classpath:InspireTest/def/checkxlinkurl.template.feature
arg: {"link":""}
checkxlinkurl.template.feature:21 - 
org.apache.http.client.ClientProtocolException
-------
feature call (loop) failed at index: 61
caller: classpath:InspireTest/def/checkxlinkurl.template.feature
arg: {"link":""}
checkxlinkurl.template.feature:21 - 
org.apache.http.client.ClientProtocolException
-------
feature call (loop) failed at index: 62
caller: classpath:InspireTest/def/checkxlinkurl.template.feature
arg: {"link":""}
checkxlinkurl.template.feature:21 - 
org.apache.http.client.ClientProtocolException
-------
feature call (loop) failed at index: 63
caller: classpath:InspireTest/def/checkxlinkurl.template.feature
arg: {"link":""}
checkxlinkurl.template.feature:21 - 
org.apache.http.client.ClientProtocolException
-------
feature call (loop) failed at index: 64
caller: classpath:InspireTest/def/checkxlinkurl.template.feature
arg: {"link":""}
checkxlinkurl.template.feature:21 - 
org.apache.http.client.ClientProtocolException
-------
feature call (loop) failed at index: 65
caller: classpath:InspireTest/def/checkxlinkurl.template.feature
arg: {"link":""}
checkxlinkurl.template.feature:21 - 
org.apache.http.client.ClientProtocolException
-------
feature call (loop) failed at index: 66
caller: classpath:InspireTest/def/checkxlinkurl.template.feature
arg: {"link":""}
checkxlinkurl.template.feature:21 - 
org.apache.http.client.ClientProtocolException
-------
feature call (loop) failed at index: 67
caller: classpath:InspireTest/def/checkxlinkurl.template.feature
arg: {"link":""}
checkxlinkurl.template.feature:21 - 
org.apache.http.client.ClientProtocolException
-------
feature call (loop) failed at index: 68
caller: classpath:InspireTest/def/checkxlinkurl.template.feature
arg: {"link":""}
checkxlinkurl.template.feature:21 - 
org.apache.http.client.ClientProtocolException
-------
feature call (loop) failed at index: 69
caller: classpath:InspireTest/def/checkxlinkurl.template.feature
arg: {"link":""}
checkxlinkurl.template.feature:21 - 
org.apache.http.client.ClientProtocolException
-------
feature call (loop) failed at index: 70
caller: classpath:InspireTest/def/checkxlinkurl.template.feature
arg: {"link":""}
checkxlinkurl.template.feature:21 - 
org.apache.http.client.ClientProtocolException
-------
feature call (loop) failed at index: 71
caller: classpath:InspireTest/def/checkxlinkurl.template.feature
arg: {"link":""}
checkxlinkurl.template.feature:21 - 
org.apache.http.client.ClientProtocolException
-------
feature call (loop) failed at index: 72
caller: classpath:InspireTest/def/checkxlinkurl.template.feature
arg: {"link":""}
checkxlinkurl.template.feature:21 - 
org.apache.http.client.ClientProtocolException
-------
feature call (loop) failed at index: 73
caller: classpath:InspireTest/def/checkxlinkurl.template.feature
arg: {"link":""}
checkxlinkurl.template.feature:21 - 
org.apache.http.client.ClientProtocolException
-------
feature call (loop) failed at index: 74
caller: classpath:InspireTest/def/checkxlinkurl.template.feature
arg: {"link":""}
checkxlinkurl.template.feature:21 - 
org.apache.http.client.ClientProtocolException
-------
feature call (loop) failed at index: 75
caller: classpath:InspireTest/def/checkxlinkurl.template.feature
arg: {"link":""}
checkxlinkurl.template.feature:21 - 
org.apache.http.client.ClientProtocolException
-------
feature call (loop) failed at index: 76
caller: classpath:InspireTest/def/checkxlinkurl.template.feature
arg: {"link":""}
checkxlinkurl.template.feature:21 - 
org.apache.http.client.ClientProtocolException
-------
feature call (loop) failed at index: 77
caller: classpath:InspireTest/def/checkxlinkurl.template.feature
arg: {"link":""}
checkxlinkurl.template.feature:21 - 
org.apache.http.client.ClientProtocolException
-------
feature call (loop) failed at index: 78
caller: classpath:InspireTest/def/checkxlinkurl.template.feature
arg: {"link":""}
checkxlinkurl.template.feature:21 - 
org.apache.http.client.ClientProtocolException
-------
feature call (loop) failed at index: 79
caller: classpath:InspireTest/def/checkxlinkurl.template.feature
arg: {"link":""}
checkxlinkurl.template.feature:21 - 
org.apache.http.client.ClientProtocolException
-------
feature call (loop) failed at index: 80
caller: classpath:InspireTest/def/checkxlinkurl.template.feature
arg: {"link":""}
checkxlinkurl.template.feature:21 - 
org.apache.http.client.ClientProtocolException
-------
feature call (loop) failed at index: 81
caller: classpath:InspireTest/def/checkxlinkurl.template.feature
arg: {"link":""}
checkxlinkurl.template.feature:21 - 
org.apache.http.client.ClientProtocolException
-------
feature call (loop) failed at index: 82
caller: classpath:InspireTest/def/checkxlinkurl.template.feature
arg: {"link":""}
checkxlinkurl.template.feature:21 - 
org.apache.http.client.ClientProtocolException
-------
feature call (loop) failed at index: 83
caller: classpath:InspireTest/def/checkxlinkurl.template.feature
arg: {"link":""}
checkxlinkurl.template.feature:21 - 
org.apache.http.client.ClientProtocolException
-------
feature call (loop) failed at index: 84
caller: classpath:InspireTest/def/checkxlinkurl.template.feature
arg: {"link":""}
checkxlinkurl.template.feature:21 - 
org.apache.http.client.ClientProtocolException
-------
feature call (loop) failed at index: 85
caller: classpath:InspireTest/def/checkxlinkurl.template.feature
arg: {"link":""}
checkxlinkurl.template.feature:21 - 
org.apache.http.client.ClientProtocolException
-------
feature call (loop) failed at index: 86
caller: classpath:InspireTest/def/checkxlinkurl.template.feature
arg: {"link":""}
checkxlinkurl.template.feature:21 - 
org.apache.http.client.ClientProtocolException
-------
feature call (loop) failed at index: 87
caller: classpath:InspireTest/def/checkxlinkurl.template.feature
arg: {"link":""}
checkxlinkurl.template.feature:21 - 
org.apache.http.client.ClientProtocolException
-------
feature call (loop) failed at index: 88
caller: classpath:InspireTest/def/checkxlinkurl.template.feature
arg: {"link":""}
checkxlinkurl.template.feature:21 - 
org.apache.http.client.ClientProtocolException
-------
feature call (loop) failed at index: 89
caller: classpath:InspireTest/def/checkxlinkurl.template.feature
arg: {"link":""}
checkxlinkurl.template.feature:21 - 
org.apache.http.client.ClientProtocolException
-------
feature call (loop) failed at index: 90
caller: classpath:InspireTest/def/checkxlinkurl.template.feature
arg: {"link":""}
checkxlinkurl.template.feature:21 - 
org.apache.http.client.ClientProtocolException
-------
feature call (loop) failed at index: 91
caller: classpath:InspireTest/def/checkxlinkurl.template.feature
arg: {"link":""}
checkxlinkurl.template.feature:21 - 
org.apache.http.client.ClientProtocolException
-------
feature call (loop) failed at index: 92
caller: classpath:InspireTest/def/checkxlinkurl.template.feature
arg: {"link":""}
checkxlinkurl.template.feature:21 - 
org.apache.http.client.ClientProtocolException
-------
feature call (loop) failed at index: 93
caller: classpath:InspireTest/def/checkxlinkurl.template.feature
arg: {"link":""}
checkxlinkurl.template.feature:21 - 
org.apache.http.client.ClientProtocolException
-------
feature call (loop) failed at index: 94
caller: classpath:InspireTest/def/checkxlinkurl.template.feature
arg: {"link":""}
checkxlinkurl.template.feature:21 - 
org.apache.http.client.ClientProtocolException
-------
feature call (loop) failed at index: 95
caller: classpath:InspireTest/def/checkxlinkurl.template.feature
arg: {"link":""}
checkxlinkurl.template.feature:21 - 
org.apache.http.client.ClientProtocolException
-------
feature call (loop) failed at index: 96
caller: classpath:InspireTest/def/checkxlinkurl.template.feature
arg: {"link":""}
checkxlinkurl.template.feature:21 - 
org.apache.http.client.ClientProtocolException
-------
feature call (loop) failed at index: 97
caller: classpath:InspireTest/def/checkxlinkurl.template.feature
arg: {"link":""}
checkxlinkurl.template.feature:21 - 
org.apache.http.client.ClientProtocolException
-------
feature call (loop) failed at index: 98
caller: classpath:InspireTest/def/checkxlinkurl.template.feature
arg: {"link":""}
checkxlinkurl.template.feature:21 - 
org.apache.http.client.ClientProtocolException
-------
feature call (loop) failed at index: 99
caller: classpath:InspireTest/def/checkxlinkurl.template.feature
arg: {"link":""}
checkxlinkurl.template.feature:21 - 
org.apache.http.client.ClientProtocolException
-------
feature call (loop) failed at index: 100
caller: classpath:InspireTest/def/checkxlinkurl.template.feature
arg: {"link":""}
checkxlinkurl.template.feature:21 - 
org.apache.http.client.ClientProtocolException
-------
feature call (loop) failed at index: 101
caller: classpath:InspireTest/def/checkxlinkurl.template.feature
arg: {"link":""}
checkxlinkurl.template.feature:21 - 
org.apache.http.client.ClientProtocolException
-------
feature call (loop) failed at index: 102
caller: classpath:InspireTest/def/checkxlinkurl.template.feature
arg: {"link":""}
checkxlinkurl.template.feature:21 - 
org.apache.http.client.ClientProtocolException
-------
feature call (loop) failed at index: 103
caller: classpath:InspireTest/def/checkxlinkurl.template.feature
arg: {"link":""}
checkxlinkurl.template.feature:21 - 
org.apache.http.client.ClientProtocolException
-------
feature call (loop) failed at index: 104
caller: classpath:InspireTest/def/checkxlinkurl.template.feature
arg: {"link":""}
checkxlinkurl.template.feature:21 - 
org.apache.http.client.ClientProtocolException
-------
feature call (loop) failed at index: 105
caller: classpath:InspireTest/def/checkxlinkurl.template.feature
arg: {"link":""}
checkxlinkurl.template.feature:21 - 
org.apache.http.client.ClientProtocolException
-------
feature call (loop) failed at index: 106
caller: classpath:InspireTest/def/checkxlinkurl.template.feature
arg: {"link":""}
checkxlinkurl.template.feature:21 - 
org.apache.http.client.ClientProtocolException
-------
feature call (loop) failed at index: 107
caller: classpath:InspireTest/def/checkxlinkurl.template.feature
arg: {"link":""}
checkxlinkurl.template.feature:21 - 
org.apache.http.client.ClientProtocolException
-------
feature call (loop) failed at index: 108
caller: classpath:InspireTest/def/checkxlinkurl.template.feature
arg: {"link":""}
checkxlinkurl.template.feature:21 - 
org.apache.http.client.ClientProtocolException
-------
feature call (loop) failed at index: 109
caller: classpath:InspireTest/def/checkxlinkurl.template.feature
arg: {"link":""}
checkxlinkurl.template.feature:21 - 
org.apache.http.client.ClientProtocolException
-------
feature call (loop) failed at index: 110
caller: classpath:InspireTest/def/checkxlinkurl.template.feature
arg: {"link":""}
checkxlinkurl.template.feature:21 - 
org.apache.http.client.ClientProtocolException
-------
feature call (loop) failed at index: 111
caller: classpath:InspireTest/def/checkxlinkurl.template.feature
arg: {"link":""}
checkxlinkurl.template.feature:21 - 
org.apache.http.client.ClientProtocolException
-------
feature call (loop) failed at index: 112
caller: classpath:InspireTest/def/checkxlinkurl.template.feature
arg: {"link":""}
checkxlinkurl.template.feature:21 - 
org.apache.http.client.ClientProtocolException
-------
feature call (loop) failed at index: 113
caller: classpath:InspireTest/def/checkxlinkurl.template.feature
arg: {"link":""}
checkxlinkurl.template.feature:21 - 
org.apache.http.client.ClientProtocolException
-------
feature call (loop) failed at index: 114
caller: classpath:InspireTest/def/checkxlinkurl.template.feature
arg: {"link":""}
checkxlinkurl.template.feature:21 - 
org.apache.http.client.ClientProtocolException
-------
feature call (loop) failed at index: 115
caller: classpath:InspireTest/def/checkxlinkurl.template.feature
arg: {"link":""}
checkxlinkurl.template.feature:21 - 
org.apache.http.client.ClientProtocolException
-------
feature call (loop) failed at index: 116
caller: classpath:InspireTest/def/checkxlinkurl.template.feature
arg: {"link":""}
checkxlinkurl.template.feature:21 - 
org.apache.http.client.ClientProtocolException
-------
feature call (loop) failed at index: 117
caller: classpath:InspireTest/def/checkxlinkurl.template.feature
arg: {"link":""}
checkxlinkurl.template.feature:21 - 
org.apache.http.client.ClientProtocolException
-------
feature call (loop) failed at index: 118
caller: classpath:InspireTest/def/checkxlinkurl.template.feature
arg: {"link":""}
checkxlinkurl.template.feature:21 - 
org.apache.http.client.ClientProtocolException
-------
feature call (loop) failed at index: 119
caller: classpath:InspireTest/def/checkxlinkurl.template.feature
arg: {"link":""}
checkxlinkurl.template.feature:21 - 
org.apache.http.client.ClientProtocolException
-------
feature call (loop) failed at index: 120
caller: classpath:InspireTest/def/checkxlinkurl.template.feature
arg: {"link":""}
checkxlinkurl.template.feature:21 - 
org.apache.http.client.ClientProtocolException
-------
feature call (loop) failed at index: 121
caller: classpath:InspireTest/def/checkxlinkurl.template.feature
arg: {"link":""}
checkxlinkurl.template.feature:21 - 
org.apache.http.client.ClientProtocolException
-------
feature call (loop) failed at index: 122
caller: classpath:InspireTest/def/checkxlinkurl.template.feature
arg: {"link":""}
checkxlinkurl.template.feature:21 - 
org.apache.http.client.ClientProtocolException
-------
feature call (loop) failed at index: 123
caller: classpath:InspireTest/def/checkxlinkurl.template.feature
arg: {"link":""}
checkxlinkurl.template.feature:21 - 
org.apache.http.client.ClientProtocolException
-------
feature call (loop) failed at index: 124
caller: classpath:InspireTest/def/checkxlinkurl.template.feature
arg: {"link":""}
checkxlinkurl.template.feature:21 - 
org.apache.http.client.ClientProtocolException
-------
feature call (loop) failed at index: 125
caller: classpath:InspireTest/def/checkxlinkurl.template.feature
arg: {"link":""}
checkxlinkurl.template.feature:21 - 
org.apache.http.client.ClientProtocolException
-------
feature call (loop) failed at index: 126
caller: classpath:InspireTest/def/checkxlinkurl.template.feature
arg: {"link":""}
checkxlinkurl.template.feature:21 - 
org.apache.http.client.ClientProtocolException
-------
feature call (loop) failed at index: 127
caller: classpath:InspireTest/def/checkxlinkurl.template.feature
arg: {"link":""}
checkxlinkurl.template.feature:21 - 
org.apache.http.client.ClientProtocolException
-------
feature call (loop) failed at index: 128
caller: classpath:InspireTest/def/checkxlinkurl.template.feature
arg: {"link":""}
checkxlinkurl.template.feature:21 - 
org.apache.http.client.ClientProtocolException
-------
feature call (loop) failed at index: 129
caller: classpath:InspireTest/def/checkxlinkurl.template.feature
arg: {"link":""}
checkxlinkurl.template.feature:21 - 
org.apache.http.client.ClientProtocolException
-------
feature call (loop) failed at index: 130
caller: classpath:InspireTest/def/checkxlinkurl.template.feature
arg: {"link":""}
checkxlinkurl.template.feature:21 - 
org.apache.http.client.ClientProtocolException
-------
feature call (loop) failed at index: 131
caller: classpath:InspireTest/def/checkxlinkurl.template.feature
arg: {"link":""}
checkxlinkurl.template.feature:21 - 
org.apache.http.client.ClientProtocolException
-------
feature call (loop) failed at index: 132
caller: classpath:InspireTest/def/checkxlinkurl.template.feature
arg: {"link":""}
checkxlinkurl.template.feature:21 - 
org.apache.http.client.ClientProtocolException
-------
feature call (loop) failed at index: 133
caller: classpath:InspireTest/def/checkxlinkurl.template.feature
arg: {"link":""}
checkxlinkurl.template.feature:21 - 
org.apache.http.client.ClientProtocolException
-------
feature call (loop) failed at index: 134
caller: classpath:InspireTest/def/checkxlinkurl.template.feature
arg: {"link":""}
checkxlinkurl.template.feature:21 - 
org.apache.http.client.ClientProtocolException
-------
feature call (loop) failed at index: 135
caller: classpath:InspireTest/def/checkxlinkurl.template.feature
arg: {"link":""}
checkxlinkurl.template.feature:21 - 
org.apache.http.client.ClientProtocolException
-------
feature call (loop) failed at index: 136
caller: classpath:InspireTest/def/checkxlinkurl.template.feature
arg: {"link":""}
checkxlinkurl.template.feature:21 - 
org.apache.http.client.ClientProtocolException
-------
feature call (loop) failed at index: 137
caller: classpath:InspireTest/def/checkxlinkurl.template.feature
arg: {"link":""}
checkxlinkurl.template.feature:21 - 
org.apache.http.client.ClientProtocolException
-------
feature call (loop) failed at index: 138
caller: classpath:InspireTest/def/checkxlinkurl.template.feature
arg: {"link":""}
checkxlinkurl.template.feature:21 - 
org.apache.http.client.ClientProtocolException
-------
feature call (loop) failed at index: 139
caller: classpath:InspireTest/def/checkxlinkurl.template.feature
arg: {"link":""}
checkxlinkurl.template.feature:21 - 
org.apache.http.client.ClientProtocolException
-------
feature call (loop) failed at index: 140
caller: classpath:InspireTest/def/checkxlinkurl.template.feature
arg: {"link":""}
checkxlinkurl.template.feature:21 - 
org.apache.http.client.ClientProtocolException
-------
feature call (loop) failed at index: 141
caller: classpath:InspireTest/def/checkxlinkurl.template.feature
arg: {"link":""}
checkxlinkurl.template.feature:21 - 
org.apache.http.client.ClientProtocolException
-------
feature call (loop) failed at index: 142
caller: classpath:InspireTest/def/checkxlinkurl.template.feature
arg: {"link":""}
checkxlinkurl.template.feature:21 - 
org.apache.http.client.ClientProtocolException
-------
feature call (loop) failed at index: 143
caller: classpath:InspireTest/def/checkxlinkurl.template.feature
arg: {"link":""}
checkxlinkurl.template.feature:21 - 
org.apache.http.client.ClientProtocolException
-------
feature call (loop) failed at index: 144
caller: classpath:InspireTest/def/checkxlinkurl.template.feature
arg: {"link":""}
checkxlinkurl.template.feature:21 - 
org.apache.http.client.ClientProtocolException
-------
feature call (loop) failed at index: 145
caller: classpath:InspireTest/def/checkxlinkurl.template.feature
arg: {"link":""}
checkxlinkurl.template.feature:21 - 
org.apache.http.client.ClientProtocolException
-------
feature call (loop) failed at index: 146
caller: classpath:InspireTest/def/checkxlinkurl.template.feature
arg: {"link":""}
checkxlinkurl.template.feature:21 - 
org.apache.http.client.ClientProtocolException
-------
feature call (loop) failed at index: 147
caller: classpath:InspireTest/def/checkxlinkurl.template.feature
arg: {"link":""}
checkxlinkurl.template.feature:21 - 
org.apache.http.client.ClientProtocolException
-------
feature call (loop) failed at index: 148
caller: classpath:InspireTest/def/checkxlinkurl.template.feature
arg: {"link":""}
checkxlinkurl.template.feature:21 - 
org.apache.http.client.ClientProtocolException
-------
feature call (loop) failed at index: 149
caller: classpath:InspireTest/def/checkxlinkurl.template.feature
arg: {"link":""}
checkxlinkurl.template.feature:21 - 
org.apache.http.client.ClientProtocolException
-------
feature call (loop) failed at index: 150
caller: classpath:InspireTest/def/checkxlinkurl.template.feature
arg: {"link":""}
checkxlinkurl.template.feature:21 - 
org.apache.http.client.ClientProtocolException
-------
feature call (loop) failed at index: 151
caller: classpath:InspireTest/def/checkxlinkurl.template.feature
arg: {"link":""}
checkxlinkurl.template.feature:21 - 
org.apache.http.client.ClientProtocolException
-------
feature call (loop) failed at index: 152
caller: classpath:InspireTest/def/checkxlinkurl.template.feature
arg: {"link":""}
checkxlinkurl.template.feature:21 - 
org.apache.http.client.ClientProtocolException
-------
feature call (loop) failed at index: 153
caller: classpath:InspireTest/def/checkxlinkurl.template.feature
arg: {"link":""}
checkxlinkurl.template.feature:21 - 
org.apache.http.client.ClientProtocolException
-------
feature call (loop) failed at index: 154
caller: classpath:InspireTest/def/checkxlinkurl.template.feature
arg: {"link":""}
checkxlinkurl.template.feature:21 - 
org.apache.http.client.ClientProtocolException
-------
feature call (loop) failed at index: 155
caller: classpath:InspireTest/def/checkxlinkurl.template.feature
arg: {"link":""}
checkxlinkurl.template.feature:21 - 
org.apache.http.client.ClientProtocolException
-------
feature call (loop) failed at index: 156
caller: classpath:InspireTest/def/checkxlinkurl.template.feature
arg: {"link":""}
checkxlinkurl.template.feature:21 - 
org.apache.http.client.ClientProtocolException
-------
feature call (loop) failed at index: 157
caller: classpath:InspireTest/def/checkxlinkurl.template.feature
arg: {"link":""}
checkxlinkurl.template.feature:21 - 
org.apache.http.client.ClientProtocolException
[1.6:24] check-known-service-record.feature:72 - feature call (loop) failed: classpath:InspireTest/def/checkxlinkurl.template.feature
caller: classpath:InspireTest/ngr/T03_services/check-known-service-record.feature
items: [{link=http://rdfdata.eionet.europa.eu/inspirethemes/themes/7}, {link=http://geonetwork-opensource.org/inspire-theme#}, {link=http://inspire.ec.europa.eu/metadata-codelist/SpatialDataServiceCategory/infoFeatureAccessService}, {link=http://inspire.ec.europa.eu/metadata-codelist/SpatialDataServiceCategory#}, {link=https://www.nationaalgeoregister.nl/geonetwork/srv/eng/thesaurus.download?ref=external.theme.httpinspireeceuropaeumetadatacodelistSpatialDataServiceCategory-SpatialDataServiceCategory}, {link=}, {link=}, {link=}, {link=}, {link=}, {link=}, {link=}, {link=}, {link=}, {link=}, {link=}, {link=}, {link=}, {link=}, {link=}, {link=}, {link=http://nationaalgeoregister.nl/geonetwork/srv/dut/csw?service=CSW&version=2.0.2&request=GetRecordById&outputschema=http://www.isotc211.org/2005/gmd&elementsetname=full&id=5951efa2-1ff3-4763-a966-a2f5497679ee#MD_DataIdentification}]
errors:
-------
feature call (loop) failed at index: 0
caller: classpath:InspireTest/def/checkxlinkurl.template.feature
arg: {"link":"http://rdfdata.eionet.europa.eu/inspirethemes/themes/7"}
checkxlinkurl.template.feature:28 - path: $, actual: 404, expected: 200, reason: not equal (Integer)
-------
feature call (loop) failed at index: 1
caller: classpath:InspireTest/def/checkxlinkurl.template.feature
arg: {"link":"http://geonetwork-opensource.org/inspire-theme#"}
checkxlinkurl.template.feature:28 - path: $, actual: 404, expected: 200, reason: not equal (Integer)
-------
feature call (loop) failed at index: 2
caller: classpath:InspireTest/def/checkxlinkurl.template.feature
arg: {"link":"http://inspire.ec.europa.eu/metadata-codelist/SpatialDataServiceCategory/infoFeatureAccessService"}
checkxlinkurl.template.feature:21 - 
java.net.SocketTimeoutException: Read timed out
-------
feature call (loop) failed at index: 3
caller: classpath:InspireTest/def/checkxlinkurl.template.feature
arg: {"link":"http://inspire.ec.europa.eu/metadata-codelist/SpatialDataServiceCategory#"}
checkxlinkurl.template.feature:21 - 
java.net.SocketTimeoutException: Read timed out
-------
feature call (loop) failed at index: 5
caller: classpath:InspireTest/def/checkxlinkurl.template.feature
arg: {"link":""}
checkxlinkurl.template.feature:21 - 
org.apache.http.client.ClientProtocolException
-------
feature call (loop) failed at index: 6
caller: classpath:InspireTest/def/checkxlinkurl.template.feature
arg: {"link":""}
checkxlinkurl.template.feature:21 - 
org.apache.http.client.ClientProtocolException
-------
feature call (loop) failed at index: 7
caller: classpath:InspireTest/def/checkxlinkurl.template.feature
arg: {"link":""}
checkxlinkurl.template.feature:21 - 
org.apache.http.client.ClientProtocolException
-------
feature call (loop) failed at index: 8
caller: classpath:InspireTest/def/checkxlinkurl.template.feature
arg: {"link":""}
checkxlinkurl.template.feature:21 - 
org.apache.http.client.ClientProtocolException
-------
feature call (loop) failed at index: 9
caller: classpath:InspireTest/def/checkxlinkurl.template.feature
arg: {"link":""}
checkxlinkurl.template.feature:21 - 
org.apache.http.client.ClientProtocolException
-------
feature call (loop) failed at index: 10
caller: classpath:InspireTest/def/checkxlinkurl.template.feature
arg: {"link":""}
checkxlinkurl.template.feature:21 - 
org.apache.http.client.ClientProtocolException
-------
feature call (loop) failed at index: 11
caller: classpath:InspireTest/def/checkxlinkurl.template.feature
arg: {"link":""}
checkxlinkurl.template.feature:21 - 
org.apache.http.client.ClientProtocolException
-------
feature call (loop) failed at index: 12
caller: classpath:InspireTest/def/checkxlinkurl.template.feature
arg: {"link":""}
checkxlinkurl.template.feature:21 - 
org.apache.http.client.ClientProtocolException
-------
feature call (loop) failed at index: 13
caller: classpath:InspireTest/def/checkxlinkurl.template.feature
arg: {"link":""}
checkxlinkurl.template.feature:21 - 
org.apache.http.client.ClientProtocolException
-------
feature call (loop) failed at index: 14
caller: classpath:InspireTest/def/checkxlinkurl.template.feature
arg: {"link":""}
checkxlinkurl.template.feature:21 - 
org.apache.http.client.ClientProtocolException
-------
feature call (loop) failed at index: 15
caller: classpath:InspireTest/def/checkxlinkurl.template.feature
arg: {"link":""}
checkxlinkurl.template.feature:21 - 
org.apache.http.client.ClientProtocolException
-------
feature call (loop) failed at index: 16
caller: classpath:InspireTest/def/checkxlinkurl.template.feature
arg: {"link":""}
checkxlinkurl.template.feature:21 - 
org.apache.http.client.ClientProtocolException
-------
feature call (loop) failed at index: 17
caller: classpath:InspireTest/def/checkxlinkurl.template.feature
arg: {"link":""}
checkxlinkurl.template.feature:21 - 
org.apache.http.client.ClientProtocolException
-------
feature call (loop) failed at index: 18
caller: classpath:InspireTest/def/checkxlinkurl.template.feature
arg: {"link":""}
checkxlinkurl.template.feature:21 - 
org.apache.http.client.ClientProtocolException
-------
feature call (loop) failed at index: 19
caller: classpath:InspireTest/def/checkxlinkurl.template.feature
arg: {"link":""}
checkxlinkurl.template.feature:21 - 
org.apache.http.client.ClientProtocolException
-------
feature call (loop) failed at index: 20
caller: classpath:InspireTest/def/checkxlinkurl.template.feature
arg: {"link":""}
checkxlinkurl.template.feature:21 - 
org.apache.http.client.ClientProtocolException
[1.8:24] check-known-service-record.feature:72 - feature call (loop) failed: classpath:InspireTest/def/checkxlinkurl.template.feature
caller: classpath:InspireTest/ngr/T03_services/check-known-service-record.feature
items: [{link=}, {link=}, {link=}, {link=http://nationaalgeoregister.nl/geonetwork/srv/dut/csw?service=CSW&version=2.0.2&request=GetRecordById&outputschema=http://www.isotc211.org/2005/gmd&elementsetname=full&id=3d59fd06-9aec-4744-91e7-65e119f74569#MD_DataIdentification}]
errors:
-------
feature call (loop) failed at index: 0
caller: classpath:InspireTest/def/checkxlinkurl.template.feature
arg: {"link":""}
checkxlinkurl.template.feature:21 - 
org.apache.http.client.ClientProtocolException
-------
feature call (loop) failed at index: 1
caller: classpath:InspireTest/def/checkxlinkurl.template.feature
arg: {"link":""}
checkxlinkurl.template.feature:21 - 
org.apache.http.client.ClientProtocolException
-------
feature call (loop) failed at index: 2
caller: classpath:InspireTest/def/checkxlinkurl.template.feature
arg: {"link":""}
checkxlinkurl.template.feature:21 - 
org.apache.http.client.ClientProtocolException
[1.9:24] check-known-service-record.feature:72 - feature call (loop) failed: classpath:InspireTest/def/checkxlinkurl.template.feature
caller: classpath:InspireTest/ngr/T03_services/check-known-service-record.feature
items: [{link=http://rdfdata.eionet.europa.eu/inspirethemes/themes/10}, {link=http://geonetwork-opensource.org/inspire-theme#}, {link=http://inspire.ec.europa.eu/metadata-codelist/SpatialDataServiceCategory/infoMapAccessService}, {link=http://inspire.ec.europa.eu/metadata-codelist/SpatialDataServiceCategory#}, {link=https://www.nationaalgeoregister.nl/geonetwork/srv/eng/thesaurus.download?ref=external.theme.httpinspireeceuropaeumetadatacodelistSpatialDataServiceCategory-SpatialDataServiceCategory}, {link=}, {link=}, {link=}, {link=}, {link=}, {link=}, {link=}, {link=}, {link=}, {link=}, {link=}, {link=}, {link=http://nationaalgeoregister.nl/geonetwork/srv/dut/csw?service=CSW&version=2.0.2&request=GetRecordById&outputschema=http://www.isotc211.org/2005/gmd&elementsetname=full&id=5a1adb58-0bbe-425d-b0fe-577a6c0a4228#MD_DataIdentification}, {link=http://nationaalgeoregister.nl/geonetwork/srv/dut/csw?service=CSW&version=2.0.2&request=GetRecordById&outputschema=http://www.isotc211.org/2005/gmd&elementsetname=full&id=b9dd8575-3c1c-41f4-add5-c4f5f2b67179#MD_DataIdentification}, {link=https://www.nationaalgeoregister.nl/geonetwork/srv/dut/csw?service=CSW&request=GetRecordById&version=2.0.2&outputSchema=http://www.isotc211.org/2005/gmd&elementSetName=full&id=00fd1fc4-c190-4fa6-a68f-606c64a16679#MD_DataIdentification}, {link=https://www.nationaalgeoregister.nl/geonetwork/srv/dut/csw?service=CSW&request=GetRecordById&version=2.0.2&outputSchema=http://www.isotc211.org/2005/gmd&elementSetName=full&id=00b0a2bf-57ce-44c9-b94c-f6c9a41f5c61#MD_DataIdentification}, {link=https://www.nationaalgeoregister.n/geonetwork/srv/dut/csw?service=CSW&request=GetRecordById&version=2.0.2&outputSchema=http://www.isotc211.org/2005/gmd&elementSetName=full&id=da237167-7f87-4310-ad64-614233de7a42#MD_DataIdentification}]
errors:
-------
feature call (loop) failed at index: 0
caller: classpath:InspireTest/def/checkxlinkurl.template.feature
arg: {"link":"http://rdfdata.eionet.europa.eu/inspirethemes/themes/10"}
checkxlinkurl.template.feature:28 - path: $, actual: 404, expected: 200, reason: not equal (Integer)
-------
feature call (loop) failed at index: 1
caller: classpath:InspireTest/def/checkxlinkurl.template.feature
arg: {"link":"http://geonetwork-opensource.org/inspire-theme#"}
checkxlinkurl.template.feature:28 - path: $, actual: 404, expected: 200, reason: not equal (Integer)
-------
feature call (loop) failed at index: 2
caller: classpath:InspireTest/def/checkxlinkurl.template.feature
arg: {"link":"http://inspire.ec.europa.eu/metadata-codelist/SpatialDataServiceCategory/infoMapAccessService"}
checkxlinkurl.template.feature:21 - 
java.net.SocketTimeoutException: Read timed out
-------
feature call (loop) failed at index: 3
caller: classpath:InspireTest/def/checkxlinkurl.template.feature
arg: {"link":"http://inspire.ec.europa.eu/metadata-codelist/SpatialDataServiceCategory#"}
checkxlinkurl.template.feature:21 - 
java.net.SocketTimeoutException: Read timed out
-------
feature call (loop) failed at index: 5
caller: classpath:InspireTest/def/checkxlinkurl.template.feature
arg: {"link":""}
checkxlinkurl.template.feature:21 - 
org.apache.http.client.ClientProtocolException
-------
feature call (loop) failed at index: 6
caller: classpath:InspireTest/def/checkxlinkurl.template.feature
arg: {"link":""}
checkxlinkurl.template.feature:21 - 
org.apache.http.client.ClientProtocolException
-------
feature call (loop) failed at index: 7
caller: classpath:InspireTest/def/checkxlinkurl.template.feature
arg: {"link":""}
checkxlinkurl.template.feature:21 - 
org.apache.http.client.ClientProtocolException
-------
feature call (loop) failed at index: 8
caller: classpath:InspireTest/def/checkxlinkurl.template.feature
arg: {"link":""}
checkxlinkurl.template.feature:21 - 
org.apache.http.client.ClientProtocolException
-------
feature call (loop) failed at index: 9
caller: classpath:InspireTest/def/checkxlinkurl.template.feature
arg: {"link":""}
checkxlinkurl.template.feature:21 - 
org.apache.http.client.ClientProtocolException
-------
feature call (loop) failed at index: 10
caller: classpath:InspireTest/def/checkxlinkurl.template.feature
arg: {"link":""}
checkxlinkurl.template.feature:21 - 
org.apache.http.client.ClientProtocolException
-------
feature call (loop) failed at index: 11
caller: classpath:InspireTest/def/checkxlinkurl.template.feature
arg: {"link":""}
checkxlinkurl.template.feature:21 - 
org.apache.http.client.ClientProtocolException
-------
feature call (loop) failed at index: 12
caller: classpath:InspireTest/def/checkxlinkurl.template.feature
arg: {"link":""}
checkxlinkurl.template.feature:21 - 
org.apache.http.client.ClientProtocolException
-------
feature call (loop) failed at index: 13
caller: classpath:InspireTest/def/checkxlinkurl.template.feature
arg: {"link":""}
checkxlinkurl.template.feature:21 - 
org.apache.http.client.ClientProtocolException
-------
feature call (loop) failed at index: 14
caller: classpath:InspireTest/def/checkxlinkurl.template.feature
arg: {"link":""}
checkxlinkurl.template.feature:21 - 
org.apache.http.client.ClientProtocolException
-------
feature call (loop) failed at index: 15
caller: classpath:InspireTest/def/checkxlinkurl.template.feature
arg: {"link":""}
checkxlinkurl.template.feature:21 - 
org.apache.http.client.ClientProtocolException
-------
feature call (loop) failed at index: 16
caller: classpath:InspireTest/def/checkxlinkurl.template.feature
arg: {"link":""}
checkxlinkurl.template.feature:21 - 
org.apache.http.client.ClientProtocolException
-------
feature call (loop) failed at index: 21
caller: classpath:InspireTest/def/checkxlinkurl.template.feature
arg: {"link":"https://www.nationaalgeoregister.n/geonetwork/srv/dut/csw?service=CSW&request=GetRecordById&version=2.0.2&outputSchema=http://www.isotc211.org/2005/gmd&elementSetName=full&id=da237167-7f87-4310-ad64-614233de7a42#MD_DataIdentification"}
checkxlinkurl.template.feature:21 - 
java.net.UnknownHostException: www.nationaalgeoregister.n: Name or service not known
[1.10:24] check-known-service-record.feature:72 - feature call (loop) failed: classpath:InspireTest/def/checkxlinkurl.template.feature
caller: classpath:InspireTest/ngr/T03_services/check-known-service-record.feature
items: [{link=http://inspire.ec.europa.eu/metadata-codelist/SpatialDataServiceCategory/infoMapAccessService}, {link=http://inspire.ec.europa.eu/metadata-codelist/SpatialDataServiceCategory}, {link=https://www.nationaalgeoregister.nl:443/geonetwork/srv/eng/thesaurus.download?ref=external.theme.httpinspireeceuropaeumetadatacodelistSpatialDataServiceCategory-SpatialDataServiceCategory}, {link=}, {link=}, {link=}, {link=http://www.nationaalgeoregister.nl/geonetwork/srv/en/csw?service=CSW&request=GetRecordById&version=2.0.2&outputSchema=http://www.isotc211.org/2005/gmd&elementSetName=full&id=b3f66964-a8c1-456f-9799-9cafca2cb7b1#MD_DataIdentification}]
errors:
-------
feature call (loop) failed at index: 0
caller: classpath:InspireTest/def/checkxlinkurl.template.feature
arg: {"link":"http://inspire.ec.europa.eu/metadata-codelist/SpatialDataServiceCategory/infoMapAccessService"}
checkxlinkurl.template.feature:21 - 
java.net.SocketTimeoutException: Read timed out
-------
feature call (loop) failed at index: 3
caller: classpath:InspireTest/def/checkxlinkurl.template.feature
arg: {"link":""}
checkxlinkurl.template.feature:21 - 
org.apache.http.client.ClientProtocolException
-------
feature call (loop) failed at index: 4
caller: classpath:InspireTest/def/checkxlinkurl.template.feature
arg: {"link":""}
checkxlinkurl.template.feature:21 - 
org.apache.http.client.ClientProtocolException
-------
feature call (loop) failed at index: 5
caller: classpath:InspireTest/def/checkxlinkurl.template.feature
arg: {"link":""}
checkxlinkurl.template.feature:21 - 
org.apache.http.client.ClientProtocolException
[1.11:24] check-known-service-record.feature:72 - feature call (loop) failed: classpath:InspireTest/def/checkxlinkurl.template.feature
caller: classpath:InspireTest/ngr/T03_services/check-known-service-record.feature
items: [{link=http://inspire.ec.europa.eu/metadata-codelist/SpatialDataServiceCategory/infoMapAccessService}, {link=http://inspire.ec.europa.eu/metadata-codelist/SpatialDataServiceCategory}, {link=https://www.nationaalgeoregister.nl:443/geonetwork/srv/eng/thesaurus.download?ref=external.theme.httpinspireeceuropaeumetadatacodelistSpatialDataServiceCategory-SpatialDataServiceCategory}, {link=}, {link=}, {link=}, {link=}, {link=}, {link=}, {link=http://nationaalgeoregister.nl/geonetwork/srv/en/csw?service=CSW&version=2.0.2&request=GetRecordById&outputschema=http://www.isotc211.org/2005/gmd&elementsetname=full&id=110f9ec6-4464-462e-9765-83d90cefbeag#MD_DataIdentification}, {link=http://nationaalgeoregister.nl/geonetwork/srv/en/csw?service=CSW&version=2.0.2&request=GetRecordById&outputschema=http://www.isotc211.org/2005/gmd&elementsetname=full&id=110f9ec6-4464-462e-9765-83d90cefbead#MD_DataIdentification}]
errors:
-------
feature call (loop) failed at index: 0
caller: classpath:InspireTest/def/checkxlinkurl.template.feature
arg: {"link":"http://inspire.ec.europa.eu/metadata-codelist/SpatialDataServiceCategory/infoMapAccessService"}
checkxlinkurl.template.feature:21 - 
java.net.SocketTimeoutException: Read timed out
-------
feature call (loop) failed at index: 1
caller: classpath:InspireTest/def/checkxlinkurl.template.feature
arg: {"link":"http://inspire.ec.europa.eu/metadata-codelist/SpatialDataServiceCategory"}
checkxlinkurl.template.feature:21 - 
java.net.SocketTimeoutException: Read timed out
-------
feature call (loop) failed at index: 3
caller: classpath:InspireTest/def/checkxlinkurl.template.feature
arg: {"link":""}
checkxlinkurl.template.feature:21 - 
org.apache.http.client.ClientProtocolException
-------
feature call (loop) failed at index: 4
caller: classpath:InspireTest/def/checkxlinkurl.template.feature
arg: {"link":""}
checkxlinkurl.template.feature:21 - 
org.apache.http.client.ClientProtocolException
-------
feature call (loop) failed at index: 5
caller: classpath:InspireTest/def/checkxlinkurl.template.feature
arg: {"link":""}
checkxlinkurl.template.feature:21 - 
org.apache.http.client.ClientProtocolException
-------
feature call (loop) failed at index: 6
caller: classpath:InspireTest/def/checkxlinkurl.template.feature
arg: {"link":""}
checkxlinkurl.template.feature:21 - 
org.apache.http.client.ClientProtocolException
-------
feature call (loop) failed at index: 7
caller: classpath:InspireTest/def/checkxlinkurl.template.feature
arg: {"link":""}
checkxlinkurl.template.feature:21 - 
org.apache.http.client.ClientProtocolException
-------
feature call (loop) failed at index: 8
caller: classpath:InspireTest/def/checkxlinkurl.template.feature
arg: {"link":""}
checkxlinkurl.template.feature:21 - 
org.apache.http.client.ClientProtocolException
[1.12:24] check-known-service-record.feature:72 - feature call (loop) failed: classpath:InspireTest/def/checkxlinkurl.template.feature
caller: classpath:InspireTest/ngr/T03_services/check-known-service-record.feature
items: [{link=http://rdfdata.eionet.europa.eu/inspirethemes/themes/31}, {link=http://geonetwork-opensource.org/inspire-theme#}, {link=}, {link=}, {link=}, {link=}, {link=}, {link=}, {link=}, {link=}, {link=}, {link=}, {link=}, {link=}, {link=}, {link=}, {link=}, {link=}, {link=}, {link=}, {link=}, {link=}, {link=}, {link=}, {link=}, {link=}, {link=}, {link=}, {link=}, {link=}, {link=}, {link=}, {link=}, {link=}, {link=}, {link=}, {link=}, {link=}, {link=}, {link=}, {link=}, {link=}, {link=}, {link=}, {link=}, {link=}, {link=}, {link=}, {link=}, {link=}, {link=}, {link=}, {link=}, {link=}, {link=}, {link=}, {link=}, {link=}, {link=}, {link=}, {link=}, {link=}, {link=}, {link=}, {link=}, {link=}, {link=}, {link=}, {link=}, {link=}, {link=}, {link=}, {link=}, {link=}, {link=}, {link=}, {link=}, {link=}, {link=}, {link=}, {link=}, {link=}, {link=}, {link=}, {link=}, {link=}, {link=}, {link=}, {link=}, {link=}, {link=}, {link=}, {link=}, {link=}, {link=}, {link=}, {link=}, {link=}, {link=}, {link=}, {link=}, {link=}, {link=}, {link=}, {link=}, {link=}, {link=}, {link=}, {link=}, {link=}, {link=}, {link=}, {link=}, {link=}, {link=}, {link=}, {link=}, {link=}, {link=}, {link=}, {link=}, {link=}, {link=}, {link=}, {link=}, {link=}, {link=}, {link=}, {link=}, {link=}, {link=}, {link=}, {link=}, {link=}, {link=}, {link=}, {link=}, {link=}, {link=}, {link=}, {link=}, {link=}, {link=}, {link=}, {link=}, {link=}, {link=}, {link=}, {link=}, {link=}, {link=}, {link=}, {link=}, {link=}, {link=}, {link=}, {link=}, {link=}, {link=}, {link=}, {link=}, {link=}, {link=}, {link=}, {link=}, {link=}, {link=}, {link=}, {link=}, {link=}, {link=}, {link=}, {link=}, {link=}, {link=}, {link=}, {link=}, {link=}, {link=}, {link=}, {link=}, {link=}, {link=}, {link=}, {link=}, {link=}, {link=}, {link=}, {link=}, {link=}, {link=}, {link=}, {link=}, {link=}, {link=}, {link=}, {link=}, {link=}, {link=}, {link=}, {link=}, {link=}, {link=}, {link=}, {link=}, {link=}, {link=}, {link=}, {link=}, {link=}, {link=http://nationaalgeoregister.nl/geonetwork/srv/en/csw?service=CSW&version=2.0.2&request=GetRecordById&outputschema=http://www.isotc211.org/2005/gmd&elementsetname=full&id=977e0e94-7aa9-4784-b2da-eaec44adb61b#MD_DataIdentification}]
errors:
-------
feature call (loop) failed at index: 0
caller: classpath:InspireTest/def/checkxlinkurl.template.feature
arg: {"link":"http://rdfdata.eionet.europa.eu/inspirethemes/themes/31"}
checkxlinkurl.template.feature:28 - path: $, actual: 404, expected: 200, reason: not equal (Integer)
-------
feature call (loop) failed at index: 1
caller: classpath:InspireTest/def/checkxlinkurl.template.feature
arg: {"link":"http://geonetwork-opensource.org/inspire-theme#"}
checkxlinkurl.template.feature:28 - path: $, actual: 404, expected: 200, reason: not equal (Integer)
-------
feature call (loop) failed at index: 2
caller: classpath:InspireTest/def/checkxlinkurl.template.feature
arg: {"link":""}
checkxlinkurl.template.feature:21 - 
org.apache.http.client.ClientProtocolException
-------
feature call (loop) failed at index: 3
caller: classpath:InspireTest/def/checkxlinkurl.template.feature
arg: {"link":""}
checkxlinkurl.template.feature:21 - 
org.apache.http.client.ClientProtocolException
-------
feature call (loop) failed at index: 4
caller: classpath:InspireTest/def/checkxlinkurl.template.feature
arg: {"link":""}
checkxlinkurl.template.feature:21 - 
org.apache.http.client.ClientProtocolException
-------
feature call (loop) failed at index: 5
caller: classpath:InspireTest/def/checkxlinkurl.template.feature
arg: {"link":""}
checkxlinkurl.template.feature:21 - 
org.apache.http.client.ClientProtocolException
-------
feature call (loop) failed at index: 6
caller: classpath:InspireTest/def/checkxlinkurl.template.feature
arg: {"link":""}
checkxlinkurl.template.feature:21 - 
org.apache.http.client.ClientProtocolException
-------
feature call (loop) failed at index: 7
caller: classpath:InspireTest/def/checkxlinkurl.template.feature
arg: {"link":""}
checkxlinkurl.template.feature:21 - 
org.apache.http.client.ClientProtocolException
-------
feature call (loop) failed at index: 8
caller: classpath:InspireTest/def/checkxlinkurl.template.feature
arg: {"link":""}
checkxlinkurl.template.feature:21 - 
org.apache.http.client.ClientProtocolException
-------
feature call (loop) failed at index: 9
caller: classpath:InspireTest/def/checkxlinkurl.template.feature
arg: {"link":""}
checkxlinkurl.template.feature:21 - 
org.apache.http.client.ClientProtocolException
-------
feature call (loop) failed at index: 10
caller: classpath:InspireTest/def/checkxlinkurl.template.feature
arg: {"link":""}
checkxlinkurl.template.feature:21 - 
org.apache.http.client.ClientProtocolException
-------
feature call (loop) failed at index: 11
caller: classpath:InspireTest/def/checkxlinkurl.template.feature
arg: {"link":""}
checkxlinkurl.template.feature:21 - 
org.apache.http.client.ClientProtocolException
-------
feature call (loop) failed at index: 12
caller: classpath:InspireTest/def/checkxlinkurl.template.feature
arg: {"link":""}
checkxlinkurl.template.feature:21 - 
org.apache.http.client.ClientProtocolException
-------
feature call (loop) failed at index: 13
caller: classpath:InspireTest/def/checkxlinkurl.template.feature
arg: {"link":""}
checkxlinkurl.template.feature:21 - 
org.apache.http.client.ClientProtocolException
-------
feature call (loop) failed at index: 14
caller: classpath:InspireTest/def/checkxlinkurl.template.feature
arg: {"link":""}
checkxlinkurl.template.feature:21 - 
org.apache.http.client.ClientProtocolException
-------
feature call (loop) failed at index: 15
caller: classpath:InspireTest/def/checkxlinkurl.template.feature
arg: {"link":""}
checkxlinkurl.template.feature:21 - 
org.apache.http.client.ClientProtocolException
-------
feature call (loop) failed at index: 16
caller: classpath:InspireTest/def/checkxlinkurl.template.feature
arg: {"link":""}
checkxlinkurl.template.feature:21 - 
org.apache.http.client.ClientProtocolException
-------
feature call (loop) failed at index: 17
caller: classpath:InspireTest/def/checkxlinkurl.template.feature
arg: {"link":""}
checkxlinkurl.template.feature:21 - 
org.apache.http.client.ClientProtocolException
-------
feature call (loop) failed at index: 18
caller: classpath:InspireTest/def/checkxlinkurl.template.feature
arg: {"link":""}
checkxlinkurl.template.feature:21 - 
org.apache.http.client.ClientProtocolException
-------
feature call (loop) failed at index: 19
caller: classpath:InspireTest/def/checkxlinkurl.template.feature
arg: {"link":""}
checkxlinkurl.template.feature:21 - 
org.apache.http.client.ClientProtocolException
-------
feature call (loop) failed at index: 20
caller: classpath:InspireTest/def/checkxlinkurl.template.feature
arg: {"link":""}
checkxlinkurl.template.feature:21 - 
org.apache.http.client.ClientProtocolException
-------
feature call (loop) failed at index: 21
caller: classpath:InspireTest/def/checkxlinkurl.template.feature
arg: {"link":""}
checkxlinkurl.template.feature:21 - 
org.apache.http.client.ClientProtocolException
-------
feature call (loop) failed at index: 22
caller: classpath:InspireTest/def/checkxlinkurl.template.feature
arg: {"link":""}
checkxlinkurl.template.feature:21 - 
org.apache.http.client.ClientProtocolException
-------
feature call (loop) failed at index: 23
caller: classpath:InspireTest/def/checkxlinkurl.template.feature
arg: {"link":""}
checkxlinkurl.template.feature:21 - 
org.apache.http.client.ClientProtocolException
-------
feature call (loop) failed at index: 24
caller: classpath:InspireTest/def/checkxlinkurl.template.feature
arg: {"link":""}
checkxlinkurl.template.feature:21 - 
org.apache.http.client.ClientProtocolException
-------
feature call (loop) failed at index: 25
caller: classpath:InspireTest/def/checkxlinkurl.template.feature
arg: {"link":""}
checkxlinkurl.template.feature:21 - 
org.apache.http.client.ClientProtocolException
-------
feature call (loop) failed at index: 26
caller: classpath:InspireTest/def/checkxlinkurl.template.feature
arg: {"link":""}
checkxlinkurl.template.feature:21 - 
org.apache.http.client.ClientProtocolException
-------
feature call (loop) failed at index: 27
caller: classpath:InspireTest/def/checkxlinkurl.template.feature
arg: {"link":""}
checkxlinkurl.template.feature:21 - 
org.apache.http.client.ClientProtocolException
-------
feature call (loop) failed at index: 28
caller: classpath:InspireTest/def/checkxlinkurl.template.feature
arg: {"link":""}
checkxlinkurl.template.feature:21 - 
org.apache.http.client.ClientProtocolException
-------
feature call (loop) failed at index: 29
caller: classpath:InspireTest/def/checkxlinkurl.template.feature
arg: {"link":""}
checkxlinkurl.template.feature:21 - 
org.apache.http.client.ClientProtocolException
-------
feature call (loop) failed at index: 30
caller: classpath:InspireTest/def/checkxlinkurl.template.feature
arg: {"link":""}
checkxlinkurl.template.feature:21 - 
org.apache.http.client.ClientProtocolException
-------
feature call (loop) failed at index: 31
caller: classpath:InspireTest/def/checkxlinkurl.template.feature
arg: {"link":""}
checkxlinkurl.template.feature:21 - 
org.apache.http.client.ClientProtocolException
-------
feature call (loop) failed at index: 32
caller: classpath:InspireTest/def/checkxlinkurl.template.feature
arg: {"link":""}
checkxlinkurl.template.feature:21 - 
org.apache.http.client.ClientProtocolException
-------
feature call (loop) failed at index: 33
caller: classpath:InspireTest/def/checkxlinkurl.template.feature
arg: {"link":""}
checkxlinkurl.template.feature:21 - 
org.apache.http.client.ClientProtocolException
-------
feature call (loop) failed at index: 34
caller: classpath:InspireTest/def/checkxlinkurl.template.feature
arg: {"link":""}
checkxlinkurl.template.feature:21 - 
org.apache.http.client.ClientProtocolException
-------
feature call (loop) failed at index: 35
caller: classpath:InspireTest/def/checkxlinkurl.template.feature
arg: {"link":""}
checkxlinkurl.template.feature:21 - 
org.apache.http.client.ClientProtocolException
-------
feature call (loop) failed at index: 36
caller: classpath:InspireTest/def/checkxlinkurl.template.feature
arg: {"link":""}
checkxlinkurl.template.feature:21 - 
org.apache.http.client.ClientProtocolException
-------
feature call (loop) failed at index: 37
caller: classpath:InspireTest/def/checkxlinkurl.template.feature
arg: {"link":""}
checkxlinkurl.template.feature:21 - 
org.apache.http.client.ClientProtocolException
-------
feature call (loop) failed at index: 38
caller: classpath:InspireTest/def/checkxlinkurl.template.feature
arg: {"link":""}
checkxlinkurl.template.feature:21 - 
org.apache.http.client.ClientProtocolException
-------
feature call (loop) failed at index: 39
caller: classpath:InspireTest/def/checkxlinkurl.template.feature
arg: {"link":""}
checkxlinkurl.template.feature:21 - 
org.apache.http.client.ClientProtocolException
-------
feature call (loop) failed at index: 40
caller: classpath:InspireTest/def/checkxlinkurl.template.feature
arg: {"link":""}
checkxlinkurl.template.feature:21 - 
org.apache.http.client.ClientProtocolException
-------
feature call (loop) failed at index: 41
caller: classpath:InspireTest/def/checkxlinkurl.template.feature
arg: {"link":""}
checkxlinkurl.template.feature:21 - 
org.apache.http.client.ClientProtocolException
-------
feature call (loop) failed at index: 42
caller: classpath:InspireTest/def/checkxlinkurl.template.feature
arg: {"link":""}
checkxlinkurl.template.feature:21 - 
org.apache.http.client.ClientProtocolException
-------
feature call (loop) failed at index: 43
caller: classpath:InspireTest/def/checkxlinkurl.template.feature
arg: {"link":""}
checkxlinkurl.template.feature:21 - 
org.apache.http.client.ClientProtocolException
-------
feature call (loop) failed at index: 44
caller: classpath:InspireTest/def/checkxlinkurl.template.feature
arg: {"link":""}
checkxlinkurl.template.feature:21 - 
org.apache.http.client.ClientProtocolException
-------
feature call (loop) failed at index: 45
caller: classpath:InspireTest/def/checkxlinkurl.template.feature
arg: {"link":""}
checkxlinkurl.template.feature:21 - 
org.apache.http.client.ClientProtocolException
-------
feature call (loop) failed at index: 46
caller: classpath:InspireTest/def/checkxlinkurl.template.feature
arg: {"link":""}
checkxlinkurl.template.feature:21 - 
org.apache.http.client.ClientProtocolException
-------
feature call (loop) failed at index: 47
caller: classpath:InspireTest/def/checkxlinkurl.template.feature
arg: {"link":""}
checkxlinkurl.template.feature:21 - 
org.apache.http.client.ClientProtocolException
-------
feature call (loop) failed at index: 48
caller: classpath:InspireTest/def/checkxlinkurl.template.feature
arg: {"link":""}
checkxlinkurl.template.feature:21 - 
org.apache.http.client.ClientProtocolException
-------
feature call (loop) failed at index: 49
caller: classpath:InspireTest/def/checkxlinkurl.template.feature
arg: {"link":""}
checkxlinkurl.template.feature:21 - 
org.apache.http.client.ClientProtocolException
-------
feature call (loop) failed at index: 50
caller: classpath:InspireTest/def/checkxlinkurl.template.feature
arg: {"link":""}
checkxlinkurl.template.feature:21 - 
org.apache.http.client.ClientProtocolException
-------
feature call (loop) failed at index: 51
caller: classpath:InspireTest/def/checkxlinkurl.template.feature
arg: {"link":""}
checkxlinkurl.template.feature:21 - 
org.apache.http.client.ClientProtocolException
-------
feature call (loop) failed at index: 52
caller: classpath:InspireTest/def/checkxlinkurl.template.feature
arg: {"link":""}
checkxlinkurl.template.feature:21 - 
org.apache.http.client.ClientProtocolException
-------
feature call (loop) failed at index: 53
caller: classpath:InspireTest/def/checkxlinkurl.template.feature
arg: {"link":""}
checkxlinkurl.template.feature:21 - 
org.apache.http.client.ClientProtocolException
-------
feature call (loop) failed at index: 54
caller: classpath:InspireTest/def/checkxlinkurl.template.feature
arg: {"link":""}
checkxlinkurl.template.feature:21 - 
org.apache.http.client.ClientProtocolException
-------
feature call (loop) failed at index: 55
caller: classpath:InspireTest/def/checkxlinkurl.template.feature
arg: {"link":""}
checkxlinkurl.template.feature:21 - 
org.apache.http.client.ClientProtocolException
-------
feature call (loop) failed at index: 56
caller: classpath:InspireTest/def/checkxlinkurl.template.feature
arg: {"link":""}
checkxlinkurl.template.feature:21 - 
org.apache.http.client.ClientProtocolException
-------
feature call (loop) failed at index: 57
caller: classpath:InspireTest/def/checkxlinkurl.template.feature
arg: {"link":""}
checkxlinkurl.template.feature:21 - 
org.apache.http.client.ClientProtocolException
-------
feature call (loop) failed at index: 58
caller: classpath:InspireTest/def/checkxlinkurl.template.feature
arg: {"link":""}
checkxlinkurl.template.feature:21 - 
org.apache.http.client.ClientProtocolException
-------
feature call (loop) failed at index: 59
caller: classpath:InspireTest/def/checkxlinkurl.template.feature
arg: {"link":""}
checkxlinkurl.template.feature:21 - 
org.apache.http.client.ClientProtocolException
-------
feature call (loop) failed at index: 60
caller: classpath:InspireTest/def/checkxlinkurl.template.feature
arg: {"link":""}
checkxlinkurl.template.feature:21 - 
org.apache.http.client.ClientProtocolException
-------
feature call (loop) failed at index: 61
caller: classpath:InspireTest/def/checkxlinkurl.template.feature
arg: {"link":""}
checkxlinkurl.template.feature:21 - 
org.apache.http.client.ClientProtocolException
-------
feature call (loop) failed at index: 62
caller: classpath:InspireTest/def/checkxlinkurl.template.feature
arg: {"link":""}
checkxlinkurl.template.feature:21 - 
org.apache.http.client.ClientProtocolException
-------
feature call (loop) failed at index: 63
caller: classpath:InspireTest/def/checkxlinkurl.template.feature
arg: {"link":""}
checkxlinkurl.template.feature:21 - 
org.apache.http.client.ClientProtocolException
-------
feature call (loop) failed at index: 64
caller: classpath:InspireTest/def/checkxlinkurl.template.feature
arg: {"link":""}
checkxlinkurl.template.feature:21 - 
org.apache.http.client.ClientProtocolException
-------
feature call (loop) failed at index: 65
caller: classpath:InspireTest/def/checkxlinkurl.template.feature
arg: {"link":""}
checkxlinkurl.template.feature:21 - 
org.apache.http.client.ClientProtocolException
-------
feature call (loop) failed at index: 66
caller: classpath:InspireTest/def/checkxlinkurl.template.feature
arg: {"link":""}
checkxlinkurl.template.feature:21 - 
org.apache.http.client.ClientProtocolException
-------
feature call (loop) failed at index: 67
caller: classpath:InspireTest/def/checkxlinkurl.template.feature
arg: {"link":""}
checkxlinkurl.template.feature:21 - 
org.apache.http.client.ClientProtocolException
-------
feature call (loop) failed at index: 68
caller: classpath:InspireTest/def/checkxlinkurl.template.feature
arg: {"link":""}
checkxlinkurl.template.feature:21 - 
org.apache.http.client.ClientProtocolException
-------
feature call (loop) failed at index: 69
caller: classpath:InspireTest/def/checkxlinkurl.template.feature
arg: {"link":""}
checkxlinkurl.template.feature:21 - 
org.apache.http.client.ClientProtocolException
-------
feature call (loop) failed at index: 70
caller: classpath:InspireTest/def/checkxlinkurl.template.feature
arg: {"link":""}
checkxlinkurl.template.feature:21 - 
org.apache.http.client.ClientProtocolException
-------
feature call (loop) failed at index: 71
caller: classpath:InspireTest/def/checkxlinkurl.template.feature
arg: {"link":""}
checkxlinkurl.template.feature:21 - 
org.apache.http.client.ClientProtocolException
-------
feature call (loop) failed at index: 72
caller: classpath:InspireTest/def/checkxlinkurl.template.feature
arg: {"link":""}
checkxlinkurl.template.feature:21 - 
org.apache.http.client.ClientProtocolException
-------
feature call (loop) failed at index: 73
caller: classpath:InspireTest/def/checkxlinkurl.template.feature
arg: {"link":""}
checkxlinkurl.template.feature:21 - 
org.apache.http.client.ClientProtocolException
-------
feature call (loop) failed at index: 74
caller: classpath:InspireTest/def/checkxlinkurl.template.feature
arg: {"link":""}
checkxlinkurl.template.feature:21 - 
org.apache.http.client.ClientProtocolException
-------
feature call (loop) failed at index: 75
caller: classpath:InspireTest/def/checkxlinkurl.template.feature
arg: {"link":""}
checkxlinkurl.template.feature:21 - 
org.apache.http.client.ClientProtocolException
-------
feature call (loop) failed at index: 76
caller: classpath:InspireTest/def/checkxlinkurl.template.feature
arg: {"link":""}
checkxlinkurl.template.feature:21 - 
org.apache.http.client.ClientProtocolException
-------
feature call (loop) failed at index: 77
caller: classpath:InspireTest/def/checkxlinkurl.template.feature
arg: {"link":""}
checkxlinkurl.template.feature:21 - 
org.apache.http.client.ClientProtocolException
-------
feature call (loop) failed at index: 78
caller: classpath:InspireTest/def/checkxlinkurl.template.feature
arg: {"link":""}
checkxlinkurl.template.feature:21 - 
org.apache.http.client.ClientProtocolException
-------
feature call (loop) failed at index: 79
caller: classpath:InspireTest/def/checkxlinkurl.template.feature
arg: {"link":""}
checkxlinkurl.template.feature:21 - 
org.apache.http.client.ClientProtocolException
-------
feature call (loop) failed at index: 80
caller: classpath:InspireTest/def/checkxlinkurl.template.feature
arg: {"link":""}
checkxlinkurl.template.feature:21 - 
org.apache.http.client.ClientProtocolException
-------
feature call (loop) failed at index: 81
caller: classpath:InspireTest/def/checkxlinkurl.template.feature
arg: {"link":""}
checkxlinkurl.template.feature:21 - 
org.apache.http.client.ClientProtocolException
-------
feature call (loop) failed at index: 82
caller: classpath:InspireTest/def/checkxlinkurl.template.feature
arg: {"link":""}
checkxlinkurl.template.feature:21 - 
org.apache.http.client.ClientProtocolException
-------
feature call (loop) failed at index: 83
caller: classpath:InspireTest/def/checkxlinkurl.template.feature
arg: {"link":""}
checkxlinkurl.template.feature:21 - 
org.apache.http.client.ClientProtocolException
-------
feature call (loop) failed at index: 84
caller: classpath:InspireTest/def/checkxlinkurl.template.feature
arg: {"link":""}
checkxlinkurl.template.feature:21 - 
org.apache.http.client.ClientProtocolException
-------
feature call (loop) failed at index: 85
caller: classpath:InspireTest/def/checkxlinkurl.template.feature
arg: {"link":""}
checkxlinkurl.template.feature:21 - 
org.apache.http.client.ClientProtocolException
-------
feature call (loop) failed at index: 86
caller: classpath:InspireTest/def/checkxlinkurl.template.feature
arg: {"link":""}
checkxlinkurl.template.feature:21 - 
org.apache.http.client.ClientProtocolException
-------
feature call (loop) failed at index: 87
caller: classpath:InspireTest/def/checkxlinkurl.template.feature
arg: {"link":""}
checkxlinkurl.template.feature:21 - 
org.apache.http.client.ClientProtocolException
-------
feature call (loop) failed at index: 88
caller: classpath:InspireTest/def/checkxlinkurl.template.feature
arg: {"link":""}
checkxlinkurl.template.feature:21 - 
org.apache.http.client.ClientProtocolException
-------
feature call (loop) failed at index: 89
caller: classpath:InspireTest/def/checkxlinkurl.template.feature
arg: {"link":""}
checkxlinkurl.template.feature:21 - 
org.apache.http.client.ClientProtocolException
-------
feature call (loop) failed at index: 90
caller: classpath:InspireTest/def/checkxlinkurl.template.feature
arg: {"link":""}
checkxlinkurl.template.feature:21 - 
org.apache.http.client.ClientProtocolException
-------
feature call (loop) failed at index: 91
caller: classpath:InspireTest/def/checkxlinkurl.template.feature
arg: {"link":""}
checkxlinkurl.template.feature:21 - 
org.apache.http.client.ClientProtocolException
-------
feature call (loop) failed at index: 92
caller: classpath:InspireTest/def/checkxlinkurl.template.feature
arg: {"link":""}
checkxlinkurl.template.feature:21 - 
org.apache.http.client.ClientProtocolException
-------
feature call (loop) failed at index: 93
caller: classpath:InspireTest/def/checkxlinkurl.template.feature
arg: {"link":""}
checkxlinkurl.template.feature:21 - 
org.apache.http.client.ClientProtocolException
-------
feature call (loop) failed at index: 94
caller: classpath:InspireTest/def/checkxlinkurl.template.feature
arg: {"link":""}
checkxlinkurl.template.feature:21 - 
org.apache.http.client.ClientProtocolException
-------
feature call (loop) failed at index: 95
caller: classpath:InspireTest/def/checkxlinkurl.template.feature
arg: {"link":""}
checkxlinkurl.template.feature:21 - 
org.apache.http.client.ClientProtocolException
-------
feature call (loop) failed at index: 96
caller: classpath:InspireTest/def/checkxlinkurl.template.feature
arg: {"link":""}
checkxlinkurl.template.feature:21 - 
org.apache.http.client.ClientProtocolException
-------
feature call (loop) failed at index: 97
caller: classpath:InspireTest/def/checkxlinkurl.template.feature
arg: {"link":""}
checkxlinkurl.template.feature:21 - 
org.apache.http.client.ClientProtocolException
-------
feature call (loop) failed at index: 98
caller: classpath:InspireTest/def/checkxlinkurl.template.feature
arg: {"link":""}
checkxlinkurl.template.feature:21 - 
org.apache.http.client.ClientProtocolException
-------
feature call (loop) failed at index: 99
caller: classpath:InspireTest/def/checkxlinkurl.template.feature
arg: {"link":""}
checkxlinkurl.template.feature:21 - 
org.apache.http.client.ClientProtocolException
-------
feature call (loop) failed at index: 100
caller: classpath:InspireTest/def/checkxlinkurl.template.feature
arg: {"link":""}
checkxlinkurl.template.feature:21 - 
org.apache.http.client.ClientProtocolException
-------
feature call (loop) failed at index: 101
caller: classpath:InspireTest/def/checkxlinkurl.template.feature
arg: {"link":""}
checkxlinkurl.template.feature:21 - 
org.apache.http.client.ClientProtocolException
-------
feature call (loop) failed at index: 102
caller: classpath:InspireTest/def/checkxlinkurl.template.feature
arg: {"link":""}
checkxlinkurl.template.feature:21 - 
org.apache.http.client.ClientProtocolException
-------
feature call (loop) failed at index: 103
caller: classpath:InspireTest/def/checkxlinkurl.template.feature
arg: {"link":""}
checkxlinkurl.template.feature:21 - 
org.apache.http.client.ClientProtocolException
-------
feature call (loop) failed at index: 104
caller: classpath:InspireTest/def/checkxlinkurl.template.feature
arg: {"link":""}
checkxlinkurl.template.feature:21 - 
org.apache.http.client.ClientProtocolException
-------
feature call (loop) failed at index: 105
caller: classpath:InspireTest/def/checkxlinkurl.template.feature
arg: {"link":""}
checkxlinkurl.template.feature:21 - 
org.apache.http.client.ClientProtocolException
-------
feature call (loop) failed at index: 106
caller: classpath:InspireTest/def/checkxlinkurl.template.feature
arg: {"link":""}
checkxlinkurl.template.feature:21 - 
org.apache.http.client.ClientProtocolException
-------
feature call (loop) failed at index: 107
caller: classpath:InspireTest/def/checkxlinkurl.template.feature
arg: {"link":""}
checkxlinkurl.template.feature:21 - 
org.apache.http.client.ClientProtocolException
-------
feature call (loop) failed at index: 108
caller: classpath:InspireTest/def/checkxlinkurl.template.feature
arg: {"link":""}
checkxlinkurl.template.feature:21 - 
org.apache.http.client.ClientProtocolException
-------
feature call (loop) failed at index: 109
caller: classpath:InspireTest/def/checkxlinkurl.template.feature
arg: {"link":""}
checkxlinkurl.template.feature:21 - 
org.apache.http.client.ClientProtocolException
-------
feature call (loop) failed at index: 110
caller: classpath:InspireTest/def/checkxlinkurl.template.feature
arg: {"link":""}
checkxlinkurl.template.feature:21 - 
org.apache.http.client.ClientProtocolException
-------
feature call (loop) failed at index: 111
caller: classpath:InspireTest/def/checkxlinkurl.template.feature
arg: {"link":""}
checkxlinkurl.template.feature:21 - 
org.apache.http.client.ClientProtocolException
-------
feature call (loop) failed at index: 112
caller: classpath:InspireTest/def/checkxlinkurl.template.feature
arg: {"link":""}
checkxlinkurl.template.feature:21 - 
org.apache.http.client.ClientProtocolException
-------
feature call (loop) failed at index: 113
caller: classpath:InspireTest/def/checkxlinkurl.template.feature
arg: {"link":""}
checkxlinkurl.template.feature:21 - 
org.apache.http.client.ClientProtocolException
-------
feature call (loop) failed at index: 114
caller: classpath:InspireTest/def/checkxlinkurl.template.feature
arg: {"link":""}
checkxlinkurl.template.feature:21 - 
org.apache.http.client.ClientProtocolException
-------
feature call (loop) failed at index: 115
caller: classpath:InspireTest/def/checkxlinkurl.template.feature
arg: {"link":""}
checkxlinkurl.template.feature:21 - 
org.apache.http.client.ClientProtocolException
-------
feature call (loop) failed at index: 116
caller: classpath:InspireTest/def/checkxlinkurl.template.feature
arg: {"link":""}
checkxlinkurl.template.feature:21 - 
org.apache.http.client.ClientProtocolException
-------
feature call (loop) failed at index: 117
caller: classpath:InspireTest/def/checkxlinkurl.template.feature
arg: {"link":""}
checkxlinkurl.template.feature:21 - 
org.apache.http.client.ClientProtocolException
-------
feature call (loop) failed at index: 118
caller: classpath:InspireTest/def/checkxlinkurl.template.feature
arg: {"link":""}
checkxlinkurl.template.feature:21 - 
org.apache.http.client.ClientProtocolException
-------
feature call (loop) failed at index: 119
caller: classpath:InspireTest/def/checkxlinkurl.template.feature
arg: {"link":""}
checkxlinkurl.template.feature:21 - 
org.apache.http.client.ClientProtocolException
-------
feature call (loop) failed at index: 120
caller: classpath:InspireTest/def/checkxlinkurl.template.feature
arg: {"link":""}
checkxlinkurl.template.feature:21 - 
org.apache.http.client.ClientProtocolException
-------
feature call (loop) failed at index: 121
caller: classpath:InspireTest/def/checkxlinkurl.template.feature
arg: {"link":""}
checkxlinkurl.template.feature:21 - 
org.apache.http.client.ClientProtocolException
-------
feature call (loop) failed at index: 122
caller: classpath:InspireTest/def/checkxlinkurl.template.feature
arg: {"link":""}
checkxlinkurl.template.feature:21 - 
org.apache.http.client.ClientProtocolException
-------
feature call (loop) failed at index: 123
caller: classpath:InspireTest/def/checkxlinkurl.template.feature
arg: {"link":""}
checkxlinkurl.template.feature:21 - 
org.apache.http.client.ClientProtocolException
-------
feature call (loop) failed at index: 124
caller: classpath:InspireTest/def/checkxlinkurl.template.feature
arg: {"link":""}
checkxlinkurl.template.feature:21 - 
org.apache.http.client.ClientProtocolException
-------
feature call (loop) failed at index: 125
caller: classpath:InspireTest/def/checkxlinkurl.template.feature
arg: {"link":""}
checkxlinkurl.template.feature:21 - 
org.apache.http.client.ClientProtocolException
-------
feature call (loop) failed at index: 126
caller: classpath:InspireTest/def/checkxlinkurl.template.feature
arg: {"link":""}
checkxlinkurl.template.feature:21 - 
org.apache.http.client.ClientProtocolException
-------
feature call (loop) failed at index: 127
caller: classpath:InspireTest/def/checkxlinkurl.template.feature
arg: {"link":""}
checkxlinkurl.template.feature:21 - 
org.apache.http.client.ClientProtocolException
-------
feature call (loop) failed at index: 128
caller: classpath:InspireTest/def/checkxlinkurl.template.feature
arg: {"link":""}
checkxlinkurl.template.feature:21 - 
org.apache.http.client.ClientProtocolException
-------
feature call (loop) failed at index: 129
caller: classpath:InspireTest/def/checkxlinkurl.template.feature
arg: {"link":""}
checkxlinkurl.template.feature:21 - 
org.apache.http.client.ClientProtocolException
-------
feature call (loop) failed at index: 130
caller: classpath:InspireTest/def/checkxlinkurl.template.feature
arg: {"link":""}
checkxlinkurl.template.feature:21 - 
org.apache.http.client.ClientProtocolException
-------
feature call (loop) failed at index: 131
caller: classpath:InspireTest/def/checkxlinkurl.template.feature
arg: {"link":""}
checkxlinkurl.template.feature:21 - 
org.apache.http.client.ClientProtocolException
-------
feature call (loop) failed at index: 132
caller: classpath:InspireTest/def/checkxlinkurl.template.feature
arg: {"link":""}
checkxlinkurl.template.feature:21 - 
org.apache.http.client.ClientProtocolException
-------
feature call (loop) failed at index: 133
caller: classpath:InspireTest/def/checkxlinkurl.template.feature
arg: {"link":""}
checkxlinkurl.template.feature:21 - 
org.apache.http.client.ClientProtocolException
-------
feature call (loop) failed at index: 134
caller: classpath:InspireTest/def/checkxlinkurl.template.feature
arg: {"link":""}
checkxlinkurl.template.feature:21 - 
org.apache.http.client.ClientProtocolException
-------
feature call (loop) failed at index: 135
caller: classpath:InspireTest/def/checkxlinkurl.template.feature
arg: {"link":""}
checkxlinkurl.template.feature:21 - 
org.apache.http.client.ClientProtocolException
-------
feature call (loop) failed at index: 136
caller: classpath:InspireTest/def/checkxlinkurl.template.feature
arg: {"link":""}
checkxlinkurl.template.feature:21 - 
org.apache.http.client.ClientProtocolException
-------
feature call (loop) failed at index: 137
caller: classpath:InspireTest/def/checkxlinkurl.template.feature
arg: {"link":""}
checkxlinkurl.template.feature:21 - 
org.apache.http.client.ClientProtocolException
-------
feature call (loop) failed at index: 138
caller: classpath:InspireTest/def/checkxlinkurl.template.feature
arg: {"link":""}
checkxlinkurl.template.feature:21 - 
org.apache.http.client.ClientProtocolException
-------
feature call (loop) failed at index: 139
caller: classpath:InspireTest/def/checkxlinkurl.template.feature
arg: {"link":""}
checkxlinkurl.template.feature:21 - 
org.apache.http.client.ClientProtocolException
-------
feature call (loop) failed at index: 140
caller: classpath:InspireTest/def/checkxlinkurl.template.feature
arg: {"link":""}
checkxlinkurl.template.feature:21 - 
org.apache.http.client.ClientProtocolException
-------
feature call (loop) failed at index: 141
caller: classpath:InspireTest/def/checkxlinkurl.template.feature
arg: {"link":""}
checkxlinkurl.template.feature:21 - 
org.apache.http.client.ClientProtocolException
-------
feature call (loop) failed at index: 142
caller: classpath:InspireTest/def/checkxlinkurl.template.feature
arg: {"link":""}
checkxlinkurl.template.feature:21 - 
org.apache.http.client.ClientProtocolException
-------
feature call (loop) failed at index: 143
caller: classpath:InspireTest/def/checkxlinkurl.template.feature
arg: {"link":""}
checkxlinkurl.template.feature:21 - 
org.apache.http.client.ClientProtocolException
-------
feature call (loop) failed at index: 144
caller: classpath:InspireTest/def/checkxlinkurl.template.feature
arg: {"link":""}
checkxlinkurl.template.feature:21 - 
org.apache.http.client.ClientProtocolException
-------
feature call (loop) failed at index: 145
caller: classpath:InspireTest/def/checkxlinkurl.template.feature
arg: {"link":""}
checkxlinkurl.template.feature:21 - 
org.apache.http.client.ClientProtocolException
-------
feature call (loop) failed at index: 146
caller: classpath:InspireTest/def/checkxlinkurl.template.feature
arg: {"link":""}
checkxlinkurl.template.feature:21 - 
org.apache.http.client.ClientProtocolException
-------
feature call (loop) failed at index: 147
caller: classpath:InspireTest/def/checkxlinkurl.template.feature
arg: {"link":""}
checkxlinkurl.template.feature:21 - 
org.apache.http.client.ClientProtocolException
-------
feature call (loop) failed at index: 148
caller: classpath:InspireTest/def/checkxlinkurl.template.feature
arg: {"link":""}
checkxlinkurl.template.feature:21 - 
org.apache.http.client.ClientProtocolException
-------
feature call (loop) failed at index: 149
caller: classpath:InspireTest/def/checkxlinkurl.template.feature
arg: {"link":""}
checkxlinkurl.template.feature:21 - 
org.apache.http.client.ClientProtocolException
-------
feature call (loop) failed at index: 150
caller: classpath:InspireTest/def/checkxlinkurl.template.feature
arg: {"link":""}
checkxlinkurl.template.feature:21 - 
org.apache.http.client.ClientProtocolException
-------
feature call (loop) failed at index: 151
caller: classpath:InspireTest/def/checkxlinkurl.template.feature
arg: {"link":""}
checkxlinkurl.template.feature:21 - 
org.apache.http.client.ClientProtocolException
-------
feature call (loop) failed at index: 152
caller: classpath:InspireTest/def/checkxlinkurl.template.feature
arg: {"link":""}
checkxlinkurl.template.feature:21 - 
org.apache.http.client.ClientProtocolException
-------
feature call (loop) failed at index: 153
caller: classpath:InspireTest/def/checkxlinkurl.template.feature
arg: {"link":""}
checkxlinkurl.template.feature:21 - 
org.apache.http.client.ClientProtocolException
-------
feature call (loop) failed at index: 154
caller: classpath:InspireTest/def/checkxlinkurl.template.feature
arg: {"link":""}
checkxlinkurl.template.feature:21 - 
org.apache.http.client.ClientProtocolException
-------
feature call (loop) failed at index: 155
caller: classpath:InspireTest/def/checkxlinkurl.template.feature
arg: {"link":""}
checkxlinkurl.template.feature:21 - 
org.apache.http.client.ClientProtocolException
-------
feature call (loop) failed at index: 156
caller: classpath:InspireTest/def/checkxlinkurl.template.feature
arg: {"link":""}
checkxlinkurl.template.feature:21 - 
org.apache.http.client.ClientProtocolException
-------
feature call (loop) failed at index: 157
caller: classpath:InspireTest/def/checkxlinkurl.template.feature
arg: {"link":""}
checkxlinkurl.template.feature:21 - 
org.apache.http.client.ClientProtocolException
-------
feature call (loop) failed at index: 158
caller: classpath:InspireTest/def/checkxlinkurl.template.feature
arg: {"link":""}
checkxlinkurl.template.feature:21 - 
org.apache.http.client.ClientProtocolException
-------
feature call (loop) failed at index: 159
caller: classpath:InspireTest/def/checkxlinkurl.template.feature
arg: {"link":""}
checkxlinkurl.template.feature:21 - 
org.apache.http.client.ClientProtocolException
-------
feature call (loop) failed at index: 160
caller: classpath:InspireTest/def/checkxlinkurl.template.feature
arg: {"link":""}
checkxlinkurl.template.feature:21 - 
org.apache.http.client.ClientProtocolException
-------
feature call (loop) failed at index: 161
caller: classpath:InspireTest/def/checkxlinkurl.template.feature
arg: {"link":""}
checkxlinkurl.template.feature:21 - 
org.apache.http.client.ClientProtocolException
-------
feature call (loop) failed at index: 162
caller: classpath:InspireTest/def/checkxlinkurl.template.feature
arg: {"link":""}
checkxlinkurl.template.feature:21 - 
org.apache.http.client.ClientProtocolException
-------
feature call (loop) failed at index: 163
caller: classpath:InspireTest/def/checkxlinkurl.template.feature
arg: {"link":""}
checkxlinkurl.template.feature:21 - 
org.apache.http.client.ClientProtocolException
-------
feature call (loop) failed at index: 164
caller: classpath:InspireTest/def/checkxlinkurl.template.feature
arg: {"link":""}
checkxlinkurl.template.feature:21 - 
org.apache.http.client.ClientProtocolException
-------
feature call (loop) failed at index: 165
caller: classpath:InspireTest/def/checkxlinkurl.template.feature
arg: {"link":""}
checkxlinkurl.template.feature:21 - 
org.apache.http.client.ClientProtocolException
-------
feature call (loop) failed at index: 166
caller: classpath:InspireTest/def/checkxlinkurl.template.feature
arg: {"link":""}
checkxlinkurl.template.feature:21 - 
org.apache.http.client.ClientProtocolException
-------
feature call (loop) failed at index: 167
caller: classpath:InspireTest/def/checkxlinkurl.template.feature
arg: {"link":""}
checkxlinkurl.template.feature:21 - 
org.apache.http.client.ClientProtocolException
-------
feature call (loop) failed at index: 168
caller: classpath:InspireTest/def/checkxlinkurl.template.feature
arg: {"link":""}
checkxlinkurl.template.feature:21 - 
org.apache.http.client.ClientProtocolException
-------
feature call (loop) failed at index: 169
caller: classpath:InspireTest/def/checkxlinkurl.template.feature
arg: {"link":""}
checkxlinkurl.template.feature:21 - 
org.apache.http.client.ClientProtocolException
-------
feature call (loop) failed at index: 170
caller: classpath:InspireTest/def/checkxlinkurl.template.feature
arg: {"link":""}
checkxlinkurl.template.feature:21 - 
org.apache.http.client.ClientProtocolException
-------
feature call (loop) failed at index: 171
caller: classpath:InspireTest/def/checkxlinkurl.template.feature
arg: {"link":""}
checkxlinkurl.template.feature:21 - 
org.apache.http.client.ClientProtocolException
-------
feature call (loop) failed at index: 172
caller: classpath:InspireTest/def/checkxlinkurl.template.feature
arg: {"link":""}
checkxlinkurl.template.feature:21 - 
org.apache.http.client.ClientProtocolException
-------
feature call (loop) failed at index: 173
caller: classpath:InspireTest/def/checkxlinkurl.template.feature
arg: {"link":""}
checkxlinkurl.template.feature:21 - 
org.apache.http.client.ClientProtocolException
-------
feature call (loop) failed at index: 174
caller: classpath:InspireTest/def/checkxlinkurl.template.feature
arg: {"link":""}
checkxlinkurl.template.feature:21 - 
org.apache.http.client.ClientProtocolException
-------
feature call (loop) failed at index: 175
caller: classpath:InspireTest/def/checkxlinkurl.template.feature
arg: {"link":""}
checkxlinkurl.template.feature:21 - 
org.apache.http.client.ClientProtocolException
-------
feature call (loop) failed at index: 176
caller: classpath:InspireTest/def/checkxlinkurl.template.feature
arg: {"link":""}
checkxlinkurl.template.feature:21 - 
org.apache.http.client.ClientProtocolException
-------
feature call (loop) failed at index: 177
caller: classpath:InspireTest/def/checkxlinkurl.template.feature
arg: {"link":""}
checkxlinkurl.template.feature:21 - 
org.apache.http.client.ClientProtocolException
-------
feature call (loop) failed at index: 178
caller: classpath:InspireTest/def/checkxlinkurl.template.feature
arg: {"link":""}
checkxlinkurl.template.feature:21 - 
org.apache.http.client.ClientProtocolException
-------
feature call (loop) failed at index: 179
caller: classpath:InspireTest/def/checkxlinkurl.template.feature
arg: {"link":""}
checkxlinkurl.template.feature:21 - 
org.apache.http.client.ClientProtocolException
-------
feature call (loop) failed at index: 180
caller: classpath:InspireTest/def/checkxlinkurl.template.feature
arg: {"link":""}
checkxlinkurl.template.feature:21 - 
org.apache.http.client.ClientProtocolException
-------
feature call (loop) failed at index: 181
caller: classpath:InspireTest/def/checkxlinkurl.template.feature
arg: {"link":""}
checkxlinkurl.template.feature:21 - 
org.apache.http.client.ClientProtocolException
-------
feature call (loop) failed at index: 182
caller: classpath:InspireTest/def/checkxlinkurl.template.feature
arg: {"link":""}
checkxlinkurl.template.feature:21 - 
org.apache.http.client.ClientProtocolException
-------
feature call (loop) failed at index: 183
caller: classpath:InspireTest/def/checkxlinkurl.template.feature
arg: {"link":""}
checkxlinkurl.template.feature:21 - 
org.apache.http.client.ClientProtocolException
-------
feature call (loop) failed at index: 184
caller: classpath:InspireTest/def/checkxlinkurl.template.feature
arg: {"link":""}
checkxlinkurl.template.feature:21 - 
org.apache.http.client.ClientProtocolException
-------
feature call (loop) failed at index: 185
caller: classpath:InspireTest/def/checkxlinkurl.template.feature
arg: {"link":""}
checkxlinkurl.template.feature:21 - 
org.apache.http.client.ClientProtocolException
-------
feature call (loop) failed at index: 186
caller: classpath:InspireTest/def/checkxlinkurl.template.feature
arg: {"link":""}
checkxlinkurl.template.feature:21 - 
org.apache.http.client.ClientProtocolException
-------
feature call (loop) failed at index: 187
caller: classpath:InspireTest/def/checkxlinkurl.template.feature
arg: {"link":""}
checkxlinkurl.template.feature:21 - 
org.apache.http.client.ClientProtocolException
-------
feature call (loop) failed at index: 188
caller: classpath:InspireTest/def/checkxlinkurl.template.feature
arg: {"link":""}
checkxlinkurl.template.feature:21 - 
org.apache.http.client.ClientProtocolException
-------
feature call (loop) failed at index: 189
caller: classpath:InspireTest/def/checkxlinkurl.template.feature
arg: {"link":""}
checkxlinkurl.template.feature:21 - 
org.apache.http.client.ClientProtocolException
-------
feature call (loop) failed at index: 190
caller: classpath:InspireTest/def/checkxlinkurl.template.feature
arg: {"link":""}
checkxlinkurl.template.feature:21 - 
org.apache.http.client.ClientProtocolException
-------
feature call (loop) failed at index: 191
caller: classpath:InspireTest/def/checkxlinkurl.template.feature
arg: {"link":""}
checkxlinkurl.template.feature:21 - 
org.apache.http.client.ClientProtocolException
-------
feature call (loop) failed at index: 192
caller: classpath:InspireTest/def/checkxlinkurl.template.feature
arg: {"link":""}
checkxlinkurl.template.feature:21 - 
org.apache.http.client.ClientProtocolException
-------
feature call (loop) failed at index: 193
caller: classpath:InspireTest/def/checkxlinkurl.template.feature
arg: {"link":""}
checkxlinkurl.template.feature:21 - 
org.apache.http.client.ClientProtocolException
-------
feature call (loop) failed at index: 194
caller: classpath:InspireTest/def/checkxlinkurl.template.feature
arg: {"link":""}
checkxlinkurl.template.feature:21 - 
org.apache.http.client.ClientProtocolException
-------
feature call (loop) failed at index: 195
caller: classpath:InspireTest/def/checkxlinkurl.template.feature
arg: {"link":""}
checkxlinkurl.template.feature:21 - 
org.apache.http.client.ClientProtocolException
-------
feature call (loop) failed at index: 196
caller: classpath:InspireTest/def/checkxlinkurl.template.feature
arg: {"link":""}
checkxlinkurl.template.feature:21 - 
org.apache.http.client.ClientProtocolException
-------
feature call (loop) failed at index: 197
caller: classpath:InspireTest/def/checkxlinkurl.template.feature
arg: {"link":""}
checkxlinkurl.template.feature:21 - 
org.apache.http.client.ClientProtocolException
-------
feature call (loop) failed at index: 198
caller: classpath:InspireTest/def/checkxlinkurl.template.feature
arg: {"link":""}
checkxlinkurl.template.feature:21 - 
org.apache.http.client.ClientProtocolException
-------
feature call (loop) failed at index: 199
caller: classpath:InspireTest/def/checkxlinkurl.template.feature
arg: {"link":""}
checkxlinkurl.template.feature:21 - 
org.apache.http.client.ClientProtocolException
-------
feature call (loop) failed at index: 200
caller: classpath:InspireTest/def/checkxlinkurl.template.feature
arg: {"link":""}
checkxlinkurl.template.feature:21 - 
org.apache.http.client.ClientProtocolException
-------
feature call (loop) failed at index: 201
caller: classpath:InspireTest/def/checkxlinkurl.template.feature
arg: {"link":""}
checkxlinkurl.template.feature:21 - 
org.apache.http.client.ClientProtocolException
-------
feature call (loop) failed at index: 202
caller: classpath:InspireTest/def/checkxlinkurl.template.feature
arg: {"link":""}
checkxlinkurl.template.feature:21 - 
org.apache.http.client.ClientProtocolException
-------
feature call (loop) failed at index: 203
caller: classpath:InspireTest/def/checkxlinkurl.template.feature
arg: {"link":""}
checkxlinkurl.template.feature:21 - 
org.apache.http.client.ClientProtocolException
-------
feature call (loop) failed at index: 204
caller: classpath:InspireTest/def/checkxlinkurl.template.feature
arg: {"link":""}
checkxlinkurl.template.feature:21 - 
org.apache.http.client.ClientProtocolException
-------
feature call (loop) failed at index: 205
caller: classpath:InspireTest/def/checkxlinkurl.template.feature
arg: {"link":""}
checkxlinkurl.template.feature:21 - 
org.apache.http.client.ClientProtocolException
-------
feature call (loop) failed at index: 206
caller: classpath:InspireTest/def/checkxlinkurl.template.feature
arg: {"link":""}
checkxlinkurl.template.feature:21 - 
org.apache.http.client.ClientProtocolException
-------
feature call (loop) failed at index: 207
caller: classpath:InspireTest/def/checkxlinkurl.template.feature
arg: {"link":""}
checkxlinkurl.template.feature:21 - 
org.apache.http.client.ClientProtocolException
-------
feature call (loop) failed at index: 208
caller: classpath:InspireTest/def/checkxlinkurl.template.feature
arg: {"link":""}
checkxlinkurl.template.feature:21 - 
org.apache.http.client.ClientProtocolException
-------
feature call (loop) failed at index: 209
caller: classpath:InspireTest/def/checkxlinkurl.template.feature
arg: {"link":""}
checkxlinkurl.template.feature:21 - 
org.apache.http.client.ClientProtocolException
[1.13:24] check-known-service-record.feature:72 - feature call (loop) failed: classpath:InspireTest/def/checkxlinkurl.template.feature
caller: classpath:InspireTest/ngr/T03_services/check-known-service-record.feature
items: [{link=http://rdfdata.eionet.europa.eu/inspirethemes/themes/33}, {link=http://geonetwork-opensource.org/inspire-theme#}, {link=http://inspire.ec.europa.eu/metadata-codelist/SpatialDataServiceCategory/infoMapAccessService}, {link=http://inspire.ec.europa.eu/metadata-codelist/SpatialDataServiceCategory#}, {link=https://www.nationaalgeoregister.nl/geonetwork/srv/eng/thesaurus.download?ref=external.theme.httpinspireeceuropaeumetadatacodelistSpatialDataServiceCategory-SpatialDataServiceCategory}, {link=}, {link=}, {link=}, {link=}, {link=}, {link=}, {link=}, {link=}, {link=}, {link=}, {link=}, {link=}, {link=}, {link=}, {link=}, {link=}, {link=}, {link=}, {link=}, {link=}, {link=}, {link=http://nationaalgeoregister.nl/geonetwork/srv/dut/csw?service=CSW&version=2.0.2&request=GetRecordById&outputschema=http://www.isotc211.org/2005/gmd&elementsetname=full&id=11d83e36-fd0d-46bc-838c-0567c5dfdb19#MD_DataIdentification}, {link=http://nationaalgeoregister.nl/geonetwork/srv/dut/csw?service=CSW&version=2.0.2&request=GetRecordById&outputschema=http://www.isotc211.org/2005/gmd&elementsetname=full&id=34dacd72-d2fb-4e28-844d-73d3b9c3fef2#MD_DataIdentification}, {link=http://nationaalgeoregister.nl/geonetwork/srv/dut/csw?service=CSW&version=2.0.2&request=GetRecordById&outputschema=http://www.isotc211.org/2005/gmd&elementsetname=full&id=419b85e5-04ee-4cc9-b910-bc58594a943a#MD_DataIdentification}, {link=http://nationaalgeoregister.nl/geonetwork/srv/dut/csw?service=CSW&version=2.0.2&request=GetRecordById&outputschema=http://www.isotc211.org/2005/gmd&elementsetname=full&id=119f7512-a71e-4d1a-82e7-7a2b63f9338b#MD_DataIdentification}, {link=http://nationaalgeoregister.nl/geonetwork/srv/dut/csw?service=CSW&version=2.0.2&request=GetRecordById&outputschema=http://www.isotc211.org/2005/gmd&elementsetname=full&id=6ea55ec4-f312-40ef-9935-68806e61b496#MD_DataIdentification}, {link=http://nationaalgeoregister.nl/geonetwork/srv/dut/csw?service=CSW&version=2.0.2&request=GetRecordById&outputschema=http://www.isotc211.org/2005/gmd&elementsetname=full&id=af784610-df36-4d40-bac0-23d8e728999f#MD_DataIdentification}, {link=http://nationaalgeoregister.nl/geonetwork/srv/dut/csw?service=CSW&version=2.0.2&request=GetRecordById&outputschema=http://www.isotc211.org/2005/gmd&elementsetname=full&id=24eb504e-f5f3-4ecf-b760-cc5630e82a57#MD_DataIdentification}]
errors:
-------
feature call (loop) failed at index: 0
caller: classpath:InspireTest/def/checkxlinkurl.template.feature
arg: {"link":"http://rdfdata.eionet.europa.eu/inspirethemes/themes/33"}
checkxlinkurl.template.feature:28 - path: $, actual: 404, expected: 200, reason: not equal (Integer)
-------
feature call (loop) failed at index: 1
caller: classpath:InspireTest/def/checkxlinkurl.template.feature
arg: {"link":"http://geonetwork-opensource.org/inspire-theme#"}
checkxlinkurl.template.feature:28 - path: $, actual: 404, expected: 200, reason: not equal (Integer)
-------
feature call (loop) failed at index: 2
caller: classpath:InspireTest/def/checkxlinkurl.template.feature
arg: {"link":"http://inspire.ec.europa.eu/metadata-codelist/SpatialDataServiceCategory/infoMapAccessService"}
checkxlinkurl.template.feature:21 - 
java.net.SocketTimeoutException: Read timed out
-------
feature call (loop) failed at index: 3
caller: classpath:InspireTest/def/checkxlinkurl.template.feature
arg: {"link":"http://inspire.ec.europa.eu/metadata-codelist/SpatialDataServiceCategory#"}
checkxlinkurl.template.feature:21 - 
org.apache.http.conn.HttpHostConnectException: Connect to inspire.ec.europa.eu:443 [inspire.ec.europa.eu/139.191.229.30] failed: Connection refused
-------
feature call (loop) failed at index: 5
caller: classpath:InspireTest/def/checkxlinkurl.template.feature
arg: {"link":""}
checkxlinkurl.template.feature:21 - 
org.apache.http.client.ClientProtocolException
-------
feature call (loop) failed at index: 6
caller: classpath:InspireTest/def/checkxlinkurl.template.feature
arg: {"link":""}
checkxlinkurl.template.feature:21 - 
org.apache.http.client.ClientProtocolException
-------
feature call (loop) failed at index: 7
caller: classpath:InspireTest/def/checkxlinkurl.template.feature
arg: {"link":""}
checkxlinkurl.template.feature:21 - 
org.apache.http.client.ClientProtocolException
-------
feature call (loop) failed at index: 8
caller: classpath:InspireTest/def/checkxlinkurl.template.feature
arg: {"link":""}
checkxlinkurl.template.feature:21 - 
org.apache.http.client.ClientProtocolException
-------
feature call (loop) failed at index: 9
caller: classpath:InspireTest/def/checkxlinkurl.template.feature
arg: {"link":""}
checkxlinkurl.template.feature:21 - 
org.apache.http.client.ClientProtocolException
-------
feature call (loop) failed at index: 10
caller: classpath:InspireTest/def/checkxlinkurl.template.feature
arg: {"link":""}
checkxlinkurl.template.feature:21 - 
org.apache.http.client.ClientProtocolException
-------
feature call (loop) failed at index: 11
caller: classpath:InspireTest/def/checkxlinkurl.template.feature
arg: {"link":""}
checkxlinkurl.template.feature:21 - 
org.apache.http.client.ClientProtocolException
-------
feature call (loop) failed at index: 12
caller: classpath:InspireTest/def/checkxlinkurl.template.feature
arg: {"link":""}
checkxlinkurl.template.feature:21 - 
org.apache.http.client.ClientProtocolException
-------
feature call (loop) failed at index: 13
caller: classpath:InspireTest/def/checkxlinkurl.template.feature
arg: {"link":""}
checkxlinkurl.template.feature:21 - 
org.apache.http.client.ClientProtocolException
-------
feature call (loop) failed at index: 14
caller: classpath:InspireTest/def/checkxlinkurl.template.feature
arg: {"link":""}
checkxlinkurl.template.feature:21 - 
org.apache.http.client.ClientProtocolException
-------
feature call (loop) failed at index: 15
caller: classpath:InspireTest/def/checkxlinkurl.template.feature
arg: {"link":""}
checkxlinkurl.template.feature:21 - 
org.apache.http.client.ClientProtocolException
-------
feature call (loop) failed at index: 16
caller: classpath:InspireTest/def/checkxlinkurl.template.feature
arg: {"link":""}
checkxlinkurl.template.feature:21 - 
org.apache.http.client.ClientProtocolException
-------
feature call (loop) failed at index: 17
caller: classpath:InspireTest/def/checkxlinkurl.template.feature
arg: {"link":""}
checkxlinkurl.template.feature:21 - 
org.apache.http.client.ClientProtocolException
-------
feature call (loop) failed at index: 18
caller: classpath:InspireTest/def/checkxlinkurl.template.feature
arg: {"link":""}
checkxlinkurl.template.feature:21 - 
org.apache.http.client.ClientProtocolException
-------
feature call (loop) failed at index: 19
caller: classpath:InspireTest/def/checkxlinkurl.template.feature
arg: {"link":""}
checkxlinkurl.template.feature:21 - 
org.apache.http.client.ClientProtocolException
-------
feature call (loop) failed at index: 20
caller: classpath:InspireTest/def/checkxlinkurl.template.feature
arg: {"link":""}
checkxlinkurl.template.feature:21 - 
org.apache.http.client.ClientProtocolException
-------
feature call (loop) failed at index: 21
caller: classpath:InspireTest/def/checkxlinkurl.template.feature
arg: {"link":""}
checkxlinkurl.template.feature:21 - 
org.apache.http.client.ClientProtocolException
-------
feature call (loop) failed at index: 22
caller: classpath:InspireTest/def/checkxlinkurl.template.feature
arg: {"link":""}
checkxlinkurl.template.feature:21 - 
org.apache.http.client.ClientProtocolException
-------
feature call (loop) failed at index: 23
caller: classpath:InspireTest/def/checkxlinkurl.template.feature
arg: {"link":""}
checkxlinkurl.template.feature:21 - 
org.apache.http.client.ClientProtocolException
-------
feature call (loop) failed at index: 24
caller: classpath:InspireTest/def/checkxlinkurl.template.feature
arg: {"link":""}
checkxlinkurl.template.feature:21 - 
org.apache.http.client.ClientProtocolException
-------
feature call (loop) failed at index: 25
caller: classpath:InspireTest/def/checkxlinkurl.template.feature
arg: {"link":""}
checkxlinkurl.template.feature:21 - 
org.apache.http.client.ClientProtocolException
[1.14:24] check-known-service-record.feature:72 - feature call (loop) failed: classpath:InspireTest/def/checkxlinkurl.template.feature
caller: classpath:InspireTest/ngr/T03_services/check-known-service-record.feature
items: [{link=http://rdfdata.eionet.europa.eu/inspirethemes/themes/33}, {link=http://geonetwork-opensource.org/inspire-theme#}, {link=http://inspire.ec.europa.eu/metadata-codelist/SpatialDataServiceCategory/infoFeatureAccessService}, {link=http://inspire.ec.europa.eu/metadata-codelist/SpatialDataServiceCategory#}, {link=https://www.nationaalgeoregister.nl/geonetwork/srv/eng/thesaurus.download?ref=external.theme.httpinspireeceuropaeumetadatacodelistSpatialDataServiceCategory-SpatialDataServiceCategory}, {link=}, {link=}, {link=}, {link=}, {link=http://nationaalgeoregister.nl/geonetwork/srv/dut/csw?service=CSW&version=2.0.2&request=GetRecordById&outputschema=http://www.isotc211.org/2005/gmd&elementsetname=full&id=d845cef6-0e23-4212-a951-b69763e39ef0#MD_DataIdentification}]
errors:
-------
feature call (loop) failed at index: 0
caller: classpath:InspireTest/def/checkxlinkurl.template.feature
arg: {"link":"http://rdfdata.eionet.europa.eu/inspirethemes/themes/33"}
checkxlinkurl.template.feature:28 - path: $, actual: 404, expected: 200, reason: not equal (Integer)
-------
feature call (loop) failed at index: 1
caller: classpath:InspireTest/def/checkxlinkurl.template.feature
arg: {"link":"http://geonetwork-opensource.org/inspire-theme#"}
checkxlinkurl.template.feature:28 - path: $, actual: 404, expected: 200, reason: not equal (Integer)
-------
feature call (loop) failed at index: 2
caller: classpath:InspireTest/def/checkxlinkurl.template.feature
arg: {"link":"http://inspire.ec.europa.eu/metadata-codelist/SpatialDataServiceCategory/infoFeatureAccessService"}
checkxlinkurl.template.feature:21 - 
java.net.SocketTimeoutException: Read timed out
-------
feature call (loop) failed at index: 3
caller: classpath:InspireTest/def/checkxlinkurl.template.feature
arg: {"link":"http://inspire.ec.europa.eu/metadata-codelist/SpatialDataServiceCategory#"}
checkxlinkurl.template.feature:21 - 
java.net.SocketTimeoutException: Read timed out
-------
feature call (loop) failed at index: 5
caller: classpath:InspireTest/def/checkxlinkurl.template.feature
arg: {"link":""}
checkxlinkurl.template.feature:21 - 
org.apache.http.client.ClientProtocolException
-------
feature call (loop) failed at index: 6
caller: classpath:InspireTest/def/checkxlinkurl.template.feature
arg: {"link":""}
checkxlinkurl.template.feature:21 - 
org.apache.http.client.ClientProtocolException
-------
feature call (loop) failed at index: 7
caller: classpath:InspireTest/def/checkxlinkurl.template.feature
arg: {"link":""}
checkxlinkurl.template.feature:21 - 
org.apache.http.client.ClientProtocolException
-------
feature call (loop) failed at index: 8
caller: classpath:InspireTest/def/checkxlinkurl.template.feature
arg: {"link":""}
checkxlinkurl.template.feature:21 - 
org.apache.http.client.ClientProtocolException
[1.15:24] check-known-service-record.feature:72 - feature call (loop) failed: classpath:InspireTest/def/checkxlinkurl.template.feature
caller: classpath:InspireTest/ngr/T03_services/check-known-service-record.feature
items: [{link=http://inspire.ec.europa.eu/metadata-codelist/SpatialDataServiceCategory/infoFeatureAccessService}, {link=http://inspire.ec.europa.eu/metadata-codelist/SpatialDataServiceCategory}, {link=https://www.nationaalgeoregister.nl:443/geonetwork/srv/eng/thesaurus.download?ref=external.theme.httpinspireeceuropaeumetadatacodelistSpatialDataServiceCategory-SpatialDataServiceCategory}, {link=}, {link=}, {link=}, {link=}, {link=}, {link=}, {link=}, {link=}, {link=https://nationaalgeoregister.nl/geonetwork/srv/en/csw?service=CSW&version=2.0.2&request=GetRecordById&outputschema=http://www.isotc211.org/2005/gmd&elementsetname=full&id=29c17585-e702-463f-a5dc-99d34b17d333#MD_DataIdentification}]
errors:
-------
feature call (loop) failed at index: 0
caller: classpath:InspireTest/def/checkxlinkurl.template.feature
arg: {"link":"http://inspire.ec.europa.eu/metadata-codelist/SpatialDataServiceCategory/infoFeatureAccessService"}
checkxlinkurl.template.feature:21 - 
java.net.SocketTimeoutException: Read timed out
-------
feature call (loop) failed at index: 1
caller: classpath:InspireTest/def/checkxlinkurl.template.feature
arg: {"link":"http://inspire.ec.europa.eu/metadata-codelist/SpatialDataServiceCategory"}
checkxlinkurl.template.feature:21 - 
java.net.SocketTimeoutException: Read timed out
-------
feature call (loop) failed at index: 3
caller: classpath:InspireTest/def/checkxlinkurl.template.feature
arg: {"link":""}
checkxlinkurl.template.feature:21 - 
org.apache.http.client.ClientProtocolException
-------
feature call (loop) failed at index: 4
caller: classpath:InspireTest/def/checkxlinkurl.template.feature
arg: {"link":""}
checkxlinkurl.template.feature:21 - 
org.apache.http.client.ClientProtocolException
-------
feature call (loop) failed at index: 5
caller: classpath:InspireTest/def/checkxlinkurl.template.feature
arg: {"link":""}
checkxlinkurl.template.feature:21 - 
org.apache.http.client.ClientProtocolException
-------
feature call (loop) failed at index: 6
caller: classpath:InspireTest/def/checkxlinkurl.template.feature
arg: {"link":""}
checkxlinkurl.template.feature:21 - 
org.apache.http.client.ClientProtocolException
-------
feature call (loop) failed at index: 7
caller: classpath:InspireTest/def/checkxlinkurl.template.feature
arg: {"link":""}
checkxlinkurl.template.feature:21 - 
org.apache.http.client.ClientProtocolException
-------
feature call (loop) failed at index: 8
caller: classpath:InspireTest/def/checkxlinkurl.template.feature
arg: {"link":""}
checkxlinkurl.template.feature:21 - 
org.apache.http.client.ClientProtocolException
-------
feature call (loop) failed at index: 9
caller: classpath:InspireTest/def/checkxlinkurl.template.feature
arg: {"link":""}
checkxlinkurl.template.feature:21 - 
org.apache.http.client.ClientProtocolException
-------
feature call (loop) failed at index: 10
caller: classpath:InspireTest/def/checkxlinkurl.template.feature
arg: {"link":""}
checkxlinkurl.template.feature:21 - 
org.apache.http.client.ClientProtocolException
[1.16:24] check-known-service-record.feature:72 - feature call (loop) failed: classpath:InspireTest/def/checkxlinkurl.template.feature
caller: classpath:InspireTest/ngr/T03_services/check-known-service-record.feature
items: [{link=http://rdfdata.eionet.europa.eu/inspirethemes/themes/17}, {link=http://geonetwork-opensource.org/inspire-theme#}, {link=http://inspire.ec.europa.eu/metadata-codelist/SpatialDataServiceCategory/infoMapAccessService}, {link=http://inspire.ec.europa.eu/metadata-codelist/SpatialDataServiceCategory#}, {link=https://www.nationaalgeoregister.nl/geonetwork/srv/eng/thesaurus.download?ref=external.theme.httpinspireeceuropaeumetadatacodelistSpatialDataServiceCategory-SpatialDataServiceCategory}, {link=}, {link=}, {link=}, {link=https://nationaalgeoregister.nl/geonetwork/srv/en/csw?service=CSW&version=2.0.2&request=GetRecordById&outputschema=http://www.isotc211.org/2005/gmd&elementsetname=full&id=6318009c-7b11-4ab9-9929-735584dfb692#MD_DataIdentification}]
errors:
-------
feature call (loop) failed at index: 0
caller: classpath:InspireTest/def/checkxlinkurl.template.feature
arg: {"link":"http://rdfdata.eionet.europa.eu/inspirethemes/themes/17"}
checkxlinkurl.template.feature:28 - path: $, actual: 404, expected: 200, reason: not equal (Integer)
-------
feature call (loop) failed at index: 1
caller: classpath:InspireTest/def/checkxlinkurl.template.feature
arg: {"link":"http://geonetwork-opensource.org/inspire-theme#"}
checkxlinkurl.template.feature:28 - path: $, actual: 404, expected: 200, reason: not equal (Integer)
-------
feature call (loop) failed at index: 2
caller: classpath:InspireTest/def/checkxlinkurl.template.feature
arg: {"link":"http://inspire.ec.europa.eu/metadata-codelist/SpatialDataServiceCategory/infoMapAccessService"}
checkxlinkurl.template.feature:21 - 
java.net.SocketTimeoutException: Read timed out
-------
feature call (loop) failed at index: 3
caller: classpath:InspireTest/def/checkxlinkurl.template.feature
arg: {"link":"http://inspire.ec.europa.eu/metadata-codelist/SpatialDataServiceCategory#"}
checkxlinkurl.template.feature:21 - 
java.net.SocketTimeoutException: Read timed out
-------
feature call (loop) failed at index: 5
caller: classpath:InspireTest/def/checkxlinkurl.template.feature
arg: {"link":""}
checkxlinkurl.template.feature:21 - 
org.apache.http.client.ClientProtocolException
-------
feature call (loop) failed at index: 6
caller: classpath:InspireTest/def/checkxlinkurl.template.feature
arg: {"link":""}
checkxlinkurl.template.feature:21 - 
org.apache.http.client.ClientProtocolException
-------
feature call (loop) failed at index: 7
caller: classpath:InspireTest/def/checkxlinkurl.template.feature
arg: {"link":""}
checkxlinkurl.template.feature:21 - 
org.apache.http.client.ClientProtocolException
[1.17:24] check-known-service-record.feature:72 - feature call (loop) failed: classpath:InspireTest/def/checkxlinkurl.template.feature
caller: classpath:InspireTest/ngr/T03_services/check-known-service-record.feature
items: [{link=}, {link=http://www.nationaalgeoregister.nl/geonetwork/srv/nl/csw?Service=CSW&Request=GetRecordById&Version=2.0.2&id=88f76a94-ee4d-4e0c-9fde-91b692403e39&outputSchema=http://www.isotc211.org/2005/gmd&elementSetName=full#MD_DataIdentification}, {link=http://www.nationaalgeoregister.nl/geonetwork/srv/nl/csw?Service=CSW&Request=GetRecordById&Version=2.0.2&id=08af1182-91fe-4d21-aa21-ee002953c3cc&outputSchema=http://www.isotc211.org/2005/gmd&elementSetName=full#MD_DataIdentification}, {link=http://www.nationaalgeoregister.nl/geonetwork/srv/nl/csw?Service=CSW&Request=GetRecordById&Version=2.0.2&id=d91126e0-e37b-11e4-b571-0800200c9a66&outputSchema=http://www.isotc211.org/2005/gmd&elementSetName=full#MD_DataIdentification}, {link=http://www.nationaalgeoregister.nl/geonetwork/srv/nl/csw?Service=CSW&Request=GetRecordById&Version=2.0.2&id=667ebfb0-e37c-11e4-b571-0800200c9a66&outputSchema=http://www.isotc211.org/2005/gmd&elementSetName=full#MD_DataIdentification}]
errors:
-------
feature call (loop) failed at index: 0
caller: classpath:InspireTest/def/checkxlinkurl.template.feature
arg: {"link":""}
checkxlinkurl.template.feature:21 - 
org.apache.http.client.ClientProtocolException
[1.19:24] check-known-service-record.feature:72 - feature call (loop) failed: classpath:InspireTest/def/checkxlinkurl.template.feature
caller: classpath:InspireTest/ngr/T03_services/check-known-service-record.feature
items: [{link=http://inspire.ec.europa.eu/metadata-codelist/SpatialDataServiceCategory/infoFeatureAccessService}, {link=http://inspire.ec.europa.eu/metadata-codelist/SpatialDataServiceCategory}, {link=https://www.nationaalgeoregister.nl:443/geonetwork/srv/eng/thesaurus.download?ref=external.theme.httpinspireeceuropaeumetadatacodelistSpatialDataServiceCategory-SpatialDataServiceCategory}, {link=}, {link=}, {link=}, {link=}, {link=}, {link=}, {link=}, {link=}, {link=http://nationaalgeoregister.nl/geonetwork/srv/dut/csw?service=CSW&version=2.0.2&request=GetRecordById&outputschema=http://www.isotc211.org/2005/gmd&elementsetname=full&id=be1b1514-8d1f-48e1-9624-fee9b784138b#MD_DataIdentification}, {link=http://nationaalgeoregister.nl/geonetwork/srv/dut/csw?service=CSW&version=2.0.2&request=GetRecordById&outputschema=http://www.isotc211.org/2005/gmd&elementsetname=full&id=db60a314-5583-437d-a2ff-1e59cc57704e#MD_DataIdentification}]
errors:
-------
feature call (loop) failed at index: 1
caller: classpath:InspireTest/def/checkxlinkurl.template.feature
arg: {"link":"http://inspire.ec.europa.eu/metadata-codelist/SpatialDataServiceCategory"}
checkxlinkurl.template.feature:21 - 
java.net.SocketTimeoutException: Read timed out
-------
feature call (loop) failed at index: 3
caller: classpath:InspireTest/def/checkxlinkurl.template.feature
arg: {"link":""}
checkxlinkurl.template.feature:21 - 
org.apache.http.client.ClientProtocolException
-------
feature call (loop) failed at index: 4
caller: classpath:InspireTest/def/checkxlinkurl.template.feature
arg: {"link":""}
checkxlinkurl.template.feature:21 - 
org.apache.http.client.ClientProtocolException
-------
feature call (loop) failed at index: 5
caller: classpath:InspireTest/def/checkxlinkurl.template.feature
arg: {"link":""}
checkxlinkurl.template.feature:21 - 
org.apache.http.client.ClientProtocolException
-------
feature call (loop) failed at index: 6
caller: classpath:InspireTest/def/checkxlinkurl.template.feature
arg: {"link":""}
checkxlinkurl.template.feature:21 - 
org.apache.http.client.ClientProtocolException
-------
feature call (loop) failed at index: 7
caller: classpath:InspireTest/def/checkxlinkurl.template.feature
arg: {"link":""}
checkxlinkurl.template.feature:21 - 
org.apache.http.client.ClientProtocolException
-------
feature call (loop) failed at index: 8
caller: classpath:InspireTest/def/checkxlinkurl.template.feature
arg: {"link":""}
checkxlinkurl.template.feature:21 - 
org.apache.http.client.ClientProtocolException
-------
feature call (loop) failed at index: 9
caller: classpath:InspireTest/def/checkxlinkurl.template.feature
arg: {"link":""}
checkxlinkurl.template.feature:21 - 
org.apache.http.client.ClientProtocolException
-------
feature call (loop) failed at index: 10
caller: classpath:InspireTest/def/checkxlinkurl.template.feature
arg: {"link":""}
checkxlinkurl.template.feature:21 - 
org.apache.http.client.ClientProtocolException
[1.20:24] check-known-service-record.feature:72 - feature call (loop) failed: classpath:InspireTest/def/checkxlinkurl.template.feature
caller: classpath:InspireTest/ngr/T03_services/check-known-service-record.feature
items: [{link=http://inspire.ec.europa.eu/metadata-codelist/SpatialDataServiceCategory/infoMapAccessService}, {link=http://inspire.ec.europa.eu/metadata-codelist/SpatialDataServiceCategory}, {link=https://www.nationaalgeoregister.nl:443/geonetwork/srv/eng/thesaurus.download?ref=external.theme.httpinspireeceuropaeumetadatacodelistSpatialDataServiceCategory-SpatialDataServiceCategory}, {link=}, {link=}, {link=}, {link=http://www.nationaalgeoregister.nl/geonetwork/srv/en/csw?service=CSW&request=GetRecordById&version=2.0.2&outputSchema=http://www.isotc211.org/2005/gmd&elementSetName=full&id=f2f86edf-ac3a-48e8-9292-0544da2d7645#MD_DataIdentification}]
errors:
-------
feature call (loop) failed at index: 0
caller: classpath:InspireTest/def/checkxlinkurl.template.feature
arg: {"link":"http://inspire.ec.europa.eu/metadata-codelist/SpatialDataServiceCategory/infoMapAccessService"}
checkxlinkurl.template.feature:21 - 
org.apache.http.conn.HttpHostConnectException: Connect to inspire.ec.europa.eu:443 [inspire.ec.europa.eu/139.191.229.30] failed: Connection refused
-------
feature call (loop) failed at index: 1
caller: classpath:InspireTest/def/checkxlinkurl.template.feature
arg: {"link":"http://inspire.ec.europa.eu/metadata-codelist/SpatialDataServiceCategory"}
checkxlinkurl.template.feature:21 - 
java.net.SocketTimeoutException: Read timed out
-------
feature call (loop) failed at index: 3
caller: classpath:InspireTest/def/checkxlinkurl.template.feature
arg: {"link":""}
checkxlinkurl.template.feature:21 - 
org.apache.http.client.ClientProtocolException
-------
feature call (loop) failed at index: 4
caller: classpath:InspireTest/def/checkxlinkurl.template.feature
arg: {"link":""}
checkxlinkurl.template.feature:21 - 
org.apache.http.client.ClientProtocolException
-------
feature call (loop) failed at index: 5
caller: classpath:InspireTest/def/checkxlinkurl.template.feature
arg: {"link":""}
checkxlinkurl.template.feature:21 - 
org.apache.http.client.ClientProtocolException
[1.23:24] check-known-service-record.feature:72 - feature call (loop) failed: classpath:InspireTest/def/checkxlinkurl.template.feature
caller: classpath:InspireTest/ngr/T03_services/check-known-service-record.feature
items: [{link=http://inspire.ec.europa.eu/metadata-codelist/SpatialDataServiceCategory/infoMapAccessService}, {link=http://inspire.ec.europa.eu/metadata-codelist/SpatialDataServiceCategory}, {link=https://www.nationaalgeoregister.nl:443/geonetwork/srv/eng/thesaurus.download?ref=external.theme.httpinspireeceuropaeumetadatacodelistSpatialDataServiceCategory-SpatialDataServiceCategory}, {link=}, {link=}, {link=}, {link=http://www.nationaalgeoregister.nl/geonetwork/srv/dut/csw?service=CSW&request=GetRecordById&version=2.0.2&outputSchema=http://www.isotc211.org/2005/gmd&elementSetName=full&id=50a2c5e6-c8e7-425d-854e-26f578196bc9#MD_DataIdentification}]
errors:
-------
feature call (loop) failed at index: 0
caller: classpath:InspireTest/def/checkxlinkurl.template.feature
arg: {"link":"http://inspire.ec.europa.eu/metadata-codelist/SpatialDataServiceCategory/infoMapAccessService"}
checkxlinkurl.template.feature:21 - 
org.apache.http.conn.HttpHostConnectException: Connect to inspire.ec.europa.eu:443 [inspire.ec.europa.eu/139.191.229.30] failed: Connection refused
-------
feature call (loop) failed at index: 1
caller: classpath:InspireTest/def/checkxlinkurl.template.feature
arg: {"link":"http://inspire.ec.europa.eu/metadata-codelist/SpatialDataServiceCategory"}
checkxlinkurl.template.feature:21 - 
org.apache.http.conn.HttpHostConnectException: Connect to inspire.ec.europa.eu:443 [inspire.ec.europa.eu/139.191.229.30] failed: Connection refused
-------
feature call (loop) failed at index: 3
caller: classpath:InspireTest/def/checkxlinkurl.template.feature
arg: {"link":""}
checkxlinkurl.template.feature:21 - 
org.apache.http.client.ClientProtocolException
-------
feature call (loop) failed at index: 4
caller: classpath:InspireTest/def/checkxlinkurl.template.feature
arg: {"link":""}
checkxlinkurl.template.feature:21 - 
org.apache.http.client.ClientProtocolException
-------
feature call (loop) failed at index: 5
caller: classpath:InspireTest/def/checkxlinkurl.template.feature
arg: {"link":""}
checkxlinkurl.template.feature:21 - 
org.apache.http.client.ClientProtocolException
[1.24:24] check-known-service-record.feature:72 - feature call (loop) failed: classpath:InspireTest/def/checkxlinkurl.template.feature
caller: classpath:InspireTest/ngr/T03_services/check-known-service-record.feature
items: [{link=}, {link=http://www.nationaalgeoregister.nl/geonetwork/srv/nl/csw?Service=CSW&Request=GetRecordById&Version=2.0.2&id=88e2a6fa-b296-4ff4-bc30-fb87e2c1627e&outputSchema=http://www.isotc211.org/2005/gmd&elementSetName=full#MD_DataIdentification}]
errors:
-------
feature call (loop) failed at index: 0
caller: classpath:InspireTest/def/checkxlinkurl.template.feature
arg: {"link":""}
checkxlinkurl.template.feature:21 - 
org.apache.http.client.ClientProtocolException
[1.25:24] check-known-service-record.feature:72 - feature call (loop) failed: classpath:InspireTest/def/checkxlinkurl.template.feature
caller: classpath:InspireTest/ngr/T03_services/check-known-service-record.feature
items: [{link=http://rdfdata.eionet.europa.eu/inspirethemes/themes/16}, {link=http://geonetwork-opensource.org/inspire-theme#}, {link=http://inspire.ec.europa.eu/metadata-codelist/SpatialDataServiceCategory/infoMapAccessService}, {link=http://inspire.ec.europa.eu/metadata-codelist/SpatialDataServiceCategory#}, {link=https://www.nationaalgeoregister.nl/geonetwork/srv/eng/thesaurus.download?ref=external.theme.httpinspireeceuropaeumetadatacodelistSpatialDataServiceCategory-SpatialDataServiceCategory}, {link=}, {link=}, {link=}, {link=}, {link=}, {link=}, {link=}, {link=}, {link=}, {link=https://nationaalgeoregister.nl/geonetwork/srv/en/csw?service=CSW&version=2.0.2&request=GetRecordById&outputschema=http://www.isotc211.org/2005/gmd&elementsetname=full&id=dc5b522e-3e14-4738-9e8e-2401e1b19ef2#MD_DataIdentification}]
errors:
-------
feature call (loop) failed at index: 0
caller: classpath:InspireTest/def/checkxlinkurl.template.feature
arg: {"link":"http://rdfdata.eionet.europa.eu/inspirethemes/themes/16"}
checkxlinkurl.template.feature:28 - path: $, actual: 404, expected: 200, reason: not equal (Integer)
-------
feature call (loop) failed at index: 1
caller: classpath:InspireTest/def/checkxlinkurl.template.feature
arg: {"link":"http://geonetwork-opensource.org/inspire-theme#"}
checkxlinkurl.template.feature:28 - path: $, actual: 404, expected: 200, reason: not equal (Integer)
-------
feature call (loop) failed at index: 2
caller: classpath:InspireTest/def/checkxlinkurl.template.feature
arg: {"link":"http://inspire.ec.europa.eu/metadata-codelist/SpatialDataServiceCategory/infoMapAccessService"}
checkxlinkurl.template.feature:21 - 
java.net.SocketTimeoutException: Read timed out
-------
feature call (loop) failed at index: 3
caller: classpath:InspireTest/def/checkxlinkurl.template.feature
arg: {"link":"http://inspire.ec.europa.eu/metadata-codelist/SpatialDataServiceCategory#"}
checkxlinkurl.template.feature:21 - 
java.net.SocketTimeoutException: Read timed out
-------
feature call (loop) failed at index: 5
caller: classpath:InspireTest/def/checkxlinkurl.template.feature
arg: {"link":""}
checkxlinkurl.template.feature:21 - 
org.apache.http.client.ClientProtocolException
-------
feature call (loop) failed at index: 6
caller: classpath:InspireTest/def/checkxlinkurl.template.feature
arg: {"link":""}
checkxlinkurl.template.feature:21 - 
org.apache.http.client.ClientProtocolException
-------
feature call (loop) failed at index: 7
caller: classpath:InspireTest/def/checkxlinkurl.template.feature
arg: {"link":""}
checkxlinkurl.template.feature:21 - 
org.apache.http.client.ClientProtocolException
-------
feature call (loop) failed at index: 8
caller: classpath:InspireTest/def/checkxlinkurl.template.feature
arg: {"link":""}
checkxlinkurl.template.feature:21 - 
org.apache.http.client.ClientProtocolException
-------
feature call (loop) failed at index: 9
caller: classpath:InspireTest/def/checkxlinkurl.template.feature
arg: {"link":""}
checkxlinkurl.template.feature:21 - 
org.apache.http.client.ClientProtocolException
-------
feature call (loop) failed at index: 10
caller: classpath:InspireTest/def/checkxlinkurl.template.feature
arg: {"link":""}
checkxlinkurl.template.feature:21 - 
org.apache.http.client.ClientProtocolException
-------
feature call (loop) failed at index: 11
caller: classpath:InspireTest/def/checkxlinkurl.template.feature
arg: {"link":""}
checkxlinkurl.template.feature:21 - 
org.apache.http.client.ClientProtocolException
-------
feature call (loop) failed at index: 12
caller: classpath:InspireTest/def/checkxlinkurl.template.feature
arg: {"link":""}
checkxlinkurl.template.feature:21 - 
org.apache.http.client.ClientProtocolException
-------
feature call (loop) failed at index: 13
caller: classpath:InspireTest/def/checkxlinkurl.template.feature
arg: {"link":""}
checkxlinkurl.template.feature:21 - 
org.apache.http.client.ClientProtocolException
InspireTest.ngr.T02_datasets.check-known-dataset-record: [1.2:24] check-known-dataset-record.feature:45 - xpath does not exist: /GetRecordByIdResponse//@href on response
[1.4:24] check-known-dataset-record.feature:72 - feature call (loop) failed: classpath:InspireTest/def/checkxlinkurl.template.feature
caller: classpath:InspireTest/ngr/T02_datasets/check-known-dataset-record.feature
items: [{link=http://nationaalgeoregister.nl/geonetwork/srv/dut/catalog.search#/metadata/247a1d15-0a67-40ce-85be-1403c08f15a8}, {link=xlink:href=https://inspire.ec.europa.eu/id/document/tg/ps}, {link=https://data.overheid.nl/organisatie/PDOK}]
errors:
-------
feature call (loop) failed at index: 1
caller: classpath:InspireTest/def/checkxlinkurl.template.feature
arg: {"link":"xlink:href=https://inspire.ec.europa.eu/id/document/tg/ps"}
checkxlinkurl.template.feature:21 - 
org.apache.http.client.ClientProtocolException: URI does not specify a valid host name: xlink:href=https://inspire.ec.europa.eu/id/document/tg/ps
-------
feature call (loop) failed at index: 2
caller: classpath:InspireTest/def/checkxlinkurl.template.feature
arg: {"link":"https://data.overheid.nl/organisatie/PDOK"}
checkxlinkurl.template.feature:28 - path: $, actual: 404, expected: 200, reason: not equal (Integer)
[1.5:24] check-known-dataset-record.feature:72 - feature call (loop) failed: classpath:InspireTest/def/checkxlinkurl.template.feature
caller: classpath:InspireTest/ngr/T02_datasets/check-known-dataset-record.feature
items: [{link=https://nationaalgeoregister.nl/geonetwork/srv/resourcesce4a6d93-83d6-4397-afa1-d4117d5ce76b}, {link=http://rdfdata.eionet.europa.eu/inspirethemes/themes/34}, {link=http://geonetwork-opensource.org/inspire-theme#}, {link=https://www.nationaalgeoregister.nl/geonetwork/srv/eng/thesaurus.download?ref=external.theme.inspire-theme}]
errors:
-------
feature call (loop) failed at index: 0
caller: classpath:InspireTest/def/checkxlinkurl.template.feature
arg: {"link":"https://nationaalgeoregister.nl/geonetwork/srv/resourcesce4a6d93-83d6-4397-afa1-d4117d5ce76b"}
checkxlinkurl.template.feature:28 - path: $, actual: 404, expected: 200, reason: not equal (Integer)
-------
feature call (loop) failed at index: 1
caller: classpath:InspireTest/def/checkxlinkurl.template.feature
arg: {"link":"http://rdfdata.eionet.europa.eu/inspirethemes/themes/34"}
checkxlinkurl.template.feature:28 - path: $, actual: 404, expected: 200, reason: not equal (Integer)
-------
feature call (loop) failed at index: 2
caller: classpath:InspireTest/def/checkxlinkurl.template.feature
arg: {"link":"http://geonetwork-opensource.org/inspire-theme#"}
checkxlinkurl.template.feature:28 - path: $, actual: 404, expected: 200, reason: not equal (Integer)
-------
feature call (loop) failed at index: 3
caller: classpath:InspireTest/def/checkxlinkurl.template.feature
arg: {"link":"https://www.nationaalgeoregister.nl/geonetwork/srv/eng/thesaurus.download?ref=external.theme.inspire-theme"}
checkxlinkurl.template.feature:28 - path: $, actual: 500, expected: 200, reason: not equal (Integer)

]]></system-out>
    <system-err><![CDATA[Warning: Nashorn engine is planned to be removed from a future JDK release
ERROR StatusLogger No log4j2 configuration file found. Using default configuration: logging only errors to the console. Set system property 'org.apache.logging.log4j.simplelog.StatusLogger.level' to TRACE to show Log4j2 internal initialization logging.
]]></system-err>
  </testcase>
</testsuite>