<?xml version="1.0" encoding="UTF-8"?>
<testsuite xmlns:xsi="http://www.w3.org/2001/XMLSchema-instance" xsi:noNamespaceSchemaLocation="https://maven.apache.org/surefire/maven-surefire-plugin/xsd/surefire-test-report-3.0.xsd" version="3.0" name="InspireTest.TestAll" time="119.574" tests="1" errors="0" skipped="0" failures="1">
  <properties>
    <property name="java.specification.version" value="13"/>
    <property name="sun.jnu.encoding" value="UTF-8"/>
    <property name="java.class.path" value="/home/runner/work/nl-ngr-validation/nl-ngr-validation/target/test-classes:/home/runner/work/nl-ngr-validation/nl-ngr-validation/target/classes:/home/runner/.m2/repository/com/intuit/karate/karate-apache/0.9.5/karate-apache-0.9.5.jar:/home/runner/.m2/repository/com/intuit/karate/karate-core/0.9.5/karate-core-0.9.5.jar:/home/runner/.m2/repository/com/jayway/jsonpath/json-path/2.4.0/json-path-2.4.0.jar:/home/runner/.m2/repository/net/minidev/json-smart/2.3/json-smart-2.3.jar:/home/runner/.m2/repository/net/minidev/accessors-smart/1.2/accessors-smart-1.2.jar:/home/runner/.m2/repository/info/cukes/cucumber-java/1.2.5/cucumber-java-1.2.5.jar:/home/runner/.m2/repository/info/cukes/cucumber-core/1.2.5/cucumber-core-1.2.5.jar:/home/runner/.m2/repository/org/yaml/snakeyaml/1.24/snakeyaml-1.24.jar:/home/runner/.m2/repository/de/siegmar/fastcsv/1.0.3/fastcsv-1.0.3.jar:/home/runner/.m2/repository/info/picocli/picocli/4.0.3/picocli-4.0.3.jar:/home/runner/.m2/repository/org/apache/httpcomponents/httpclient/4.5.11/httpclient-4.5.11.jar:/home/runner/.m2/repository/org/apache/httpcomponents/httpcore/4.4.13/httpcore-4.4.13.jar:/home/runner/.m2/repository/commons-codec/commons-codec/1.11/commons-codec-1.11.jar:/home/runner/.m2/repository/org/apache/httpcomponents/httpmime/4.5.11/httpmime-4.5.11.jar:/home/runner/.m2/repository/org/slf4j/jcl-over-slf4j/1.7.25/jcl-over-slf4j-1.7.25.jar:/home/runner/.m2/repository/org/slf4j/slf4j-api/1.7.25/slf4j-api-1.7.25.jar:/home/runner/.m2/repository/ch/qos/logback/logback-classic/1.2.3/logback-classic-1.2.3.jar:/home/runner/.m2/repository/ch/qos/logback/logback-core/1.2.3/logback-core-1.2.3.jar:/home/runner/.m2/repository/com/intuit/karate/karate-junit5/0.9.5/karate-junit5-0.9.5.jar:/home/runner/.m2/repository/org/junit/jupiter/junit-jupiter-api/5.6.2/junit-jupiter-api-5.6.2.jar:/home/runner/.m2/repository/org/apiguardian/apiguardian-api/1.1.0/apiguardian-api-1.1.0.jar:/home/runner/.m2/repository/org/opentest4j/opentest4j/1.2.0/opentest4j-1.2.0.jar:/home/runner/.m2/repository/org/junit/platform/junit-platform-commons/1.6.2/junit-platform-commons-1.6.2.jar:/home/runner/.m2/repository/org/junit/jupiter/junit-jupiter-engine/5.6.2/junit-jupiter-engine-5.6.2.jar:/home/runner/.m2/repository/org/junit/platform/junit-platform-engine/1.6.2/junit-platform-engine-1.6.2.jar:/home/runner/.m2/repository/net/masterthought/cucumber-reporting/3.13.0/cucumber-reporting-3.13.0.jar:/home/runner/.m2/repository/org/apache/logging/log4j/log4j-api/2.8.2/log4j-api-2.8.2.jar:/home/runner/.m2/repository/org/apache/logging/log4j/log4j-core/2.8.2/log4j-core-2.8.2.jar:/home/runner/.m2/repository/com/fasterxml/jackson/core/jackson-databind/2.8.6/jackson-databind-2.8.6.jar:/home/runner/.m2/repository/com/fasterxml/jackson/core/jackson-annotations/2.8.0/jackson-annotations-2.8.0.jar:/home/runner/.m2/repository/com/fasterxml/jackson/core/jackson-core/2.8.6/jackson-core-2.8.6.jar:/home/runner/.m2/repository/org/apache/velocity/velocity/1.7/velocity-1.7.jar:/home/runner/.m2/repository/commons-collections/commons-collections/3.2.1/commons-collections-3.2.1.jar:/home/runner/.m2/repository/commons-lang/commons-lang/2.4/commons-lang-2.4.jar:/home/runner/.m2/repository/velocity-tools/velocity-tools/1.4/velocity-tools-1.4.jar:/home/runner/.m2/repository/joda-time/joda-time/2.9.9/joda-time-2.9.9.jar:/home/runner/.m2/repository/org/apache/commons/commons-lang3/3.6/commons-lang3-3.6.jar:/home/runner/.m2/repository/commons-io/commons-io/2.5/commons-io-2.5.jar:/home/runner/.m2/repository/net/lingala/zip4j/zip4j/1.3.2/zip4j-1.3.2.jar:/home/runner/.m2/repository/org/codehaus/plexus/plexus-utils/3.0.24/plexus-utils-3.0.24.jar:/home/runner/.m2/repository/org/jsoup/jsoup/1.10.3/jsoup-1.10.3.jar:/home/runner/.m2/repository/com/googlecode/owasp-java-html-sanitizer/owasp-java-html-sanitizer/20170515.1/owasp-java-html-sanitizer-20170515.1.jar:/home/runner/.m2/repository/com/google/guava/guava/20.0/guava-20.0.jar:/home/runner/.m2/repository/commons-configuration/commons-configuration/1.6/commons-configuration-1.6.jar:/home/runner/.m2/repository/commons-logging/commons-logging/1.1.1/commons-logging-1.1.1.jar:/home/runner/.m2/repository/commons-digester/commons-digester/1.8/commons-digester-1.8.jar:/home/runner/.m2/repository/commons-beanutils/commons-beanutils/1.7.0/commons-beanutils-1.7.0.jar:/home/runner/.m2/repository/commons-beanutils/commons-beanutils-core/1.8.0/commons-beanutils-core-1.8.0.jar:/home/runner/.m2/repository/org/apache/maven/plugins/maven-surefire-plugin/3.0.0-M4/maven-surefire-plugin-3.0.0-M4.jar:/home/runner/.m2/repository/org/apache/maven/surefire/maven-surefire-common/3.0.0-M4/maven-surefire-common-3.0.0-M4.jar:/home/runner/.m2/repository/org/apache/maven/surefire/surefire-api/3.0.0-M4/surefire-api-3.0.0-M4.jar:/home/runner/.m2/repository/org/apache/maven/surefire/surefire-logger-api/3.0.0-M4/surefire-logger-api-3.0.0-M4.jar:/home/runner/.m2/repository/org/apache/maven/surefire/surefire-extensions-api/3.0.0-M4/surefire-extensions-api-3.0.0-M4.jar:/home/runner/.m2/repository/org/apache/maven/surefire/surefire-booter/3.0.0-M4/surefire-booter-3.0.0-M4.jar:/home/runner/.m2/repository/org/apache/maven/maven-toolchain/3.0-alpha-2/maven-toolchain-3.0-alpha-2.jar:/home/runner/.m2/repository/org/apache/maven/shared/maven-artifact-transfer/0.11.0/maven-artifact-transfer-0.11.0.jar:/home/runner/.m2/repository/org/apache/maven/shared/maven-common-artifact-filters/3.0.1/maven-common-artifact-filters-3.0.1.jar:/home/runner/.m2/repository/org/apache/maven/maven-model/3.0/maven-model-3.0.jar:/home/runner/.m2/repository/org/apache/maven/maven-plugin-api/3.0/maven-plugin-api-3.0.jar:/home/runner/.m2/repository/org/sonatype/sisu/sisu-inject-plexus/1.4.2/sisu-inject-plexus-1.4.2.jar:/home/runner/.m2/repository/org/codehaus/plexus/plexus-classworlds/2.2.3/plexus-classworlds-2.2.3.jar:/home/runner/.m2/repository/org/sonatype/sisu/sisu-inject-bean/1.4.2/sisu-inject-bean-1.4.2.jar:/home/runner/.m2/repository/org/sonatype/sisu/sisu-guice/2.1.7/sisu-guice-2.1.7-noaop.jar:/home/runner/.m2/repository/org/apache/maven/shared/maven-shared-utils/3.1.0/maven-shared-utils-3.1.0.jar:/home/runner/.m2/repository/org/codehaus/plexus/plexus-java/1.0.3/plexus-java-1.0.3.jar:/home/runner/.m2/repository/org/ow2/asm/asm/7.0/asm-7.0.jar:/home/runner/.m2/repository/com/thoughtworks/qdox/qdox/2.0-M9/qdox-2.0-M9.jar:/home/runner/.m2/repository/org/junit/jupiter/junit-jupiter/5.6.2/junit-jupiter-5.6.2.jar:/home/runner/.m2/repository/org/junit/jupiter/junit-jupiter-params/5.6.2/junit-jupiter-params-5.6.2.jar:"/>
    <property name="java.vm.vendor" value="Azul Systems, Inc."/>
    <property name="sun.arch.data.model" value="64"/>
    <property name="java.vendor.url" value="http://www.azulsystems.com/"/>
    <property name="user.timezone" value="Etc/UTC"/>
    <property name="os.name" value="Linux"/>
    <property name="java.vm.specification.version" value="13"/>
    <property name="sun.java.launcher" value="SUN_STANDARD"/>
    <property name="sun.boot.library.path" value="/opt/hostedtoolcache/jdk/13.0.4/x64/lib"/>
    <property name="sun.java.command" value="/home/runner/work/nl-ngr-validation/nl-ngr-validation/target/surefire/surefirebooter15986228202681766045.jar /home/runner/work/nl-ngr-validation/nl-ngr-validation/target/surefire 2020-09-18T15-22-20_851-jvmRun1 surefire2263328842974450552tmp surefire_015915512081429727714tmp"/>
    <property name="jdk.debug" value="release"/>
    <property name="surefire.test.class.path" value="/home/runner/work/nl-ngr-validation/nl-ngr-validation/target/test-classes:/home/runner/work/nl-ngr-validation/nl-ngr-validation/target/classes:/home/runner/.m2/repository/com/intuit/karate/karate-apache/0.9.5/karate-apache-0.9.5.jar:/home/runner/.m2/repository/com/intuit/karate/karate-core/0.9.5/karate-core-0.9.5.jar:/home/runner/.m2/repository/com/jayway/jsonpath/json-path/2.4.0/json-path-2.4.0.jar:/home/runner/.m2/repository/net/minidev/json-smart/2.3/json-smart-2.3.jar:/home/runner/.m2/repository/net/minidev/accessors-smart/1.2/accessors-smart-1.2.jar:/home/runner/.m2/repository/info/cukes/cucumber-java/1.2.5/cucumber-java-1.2.5.jar:/home/runner/.m2/repository/info/cukes/cucumber-core/1.2.5/cucumber-core-1.2.5.jar:/home/runner/.m2/repository/org/yaml/snakeyaml/1.24/snakeyaml-1.24.jar:/home/runner/.m2/repository/de/siegmar/fastcsv/1.0.3/fastcsv-1.0.3.jar:/home/runner/.m2/repository/info/picocli/picocli/4.0.3/picocli-4.0.3.jar:/home/runner/.m2/repository/org/apache/httpcomponents/httpclient/4.5.11/httpclient-4.5.11.jar:/home/runner/.m2/repository/org/apache/httpcomponents/httpcore/4.4.13/httpcore-4.4.13.jar:/home/runner/.m2/repository/commons-codec/commons-codec/1.11/commons-codec-1.11.jar:/home/runner/.m2/repository/org/apache/httpcomponents/httpmime/4.5.11/httpmime-4.5.11.jar:/home/runner/.m2/repository/org/slf4j/jcl-over-slf4j/1.7.25/jcl-over-slf4j-1.7.25.jar:/home/runner/.m2/repository/org/slf4j/slf4j-api/1.7.25/slf4j-api-1.7.25.jar:/home/runner/.m2/repository/ch/qos/logback/logback-classic/1.2.3/logback-classic-1.2.3.jar:/home/runner/.m2/repository/ch/qos/logback/logback-core/1.2.3/logback-core-1.2.3.jar:/home/runner/.m2/repository/com/intuit/karate/karate-junit5/0.9.5/karate-junit5-0.9.5.jar:/home/runner/.m2/repository/org/junit/jupiter/junit-jupiter-api/5.6.2/junit-jupiter-api-5.6.2.jar:/home/runner/.m2/repository/org/apiguardian/apiguardian-api/1.1.0/apiguardian-api-1.1.0.jar:/home/runner/.m2/repository/org/opentest4j/opentest4j/1.2.0/opentest4j-1.2.0.jar:/home/runner/.m2/repository/org/junit/platform/junit-platform-commons/1.6.2/junit-platform-commons-1.6.2.jar:/home/runner/.m2/repository/org/junit/jupiter/junit-jupiter-engine/5.6.2/junit-jupiter-engine-5.6.2.jar:/home/runner/.m2/repository/org/junit/platform/junit-platform-engine/1.6.2/junit-platform-engine-1.6.2.jar:/home/runner/.m2/repository/net/masterthought/cucumber-reporting/3.13.0/cucumber-reporting-3.13.0.jar:/home/runner/.m2/repository/org/apache/logging/log4j/log4j-api/2.8.2/log4j-api-2.8.2.jar:/home/runner/.m2/repository/org/apache/logging/log4j/log4j-core/2.8.2/log4j-core-2.8.2.jar:/home/runner/.m2/repository/com/fasterxml/jackson/core/jackson-databind/2.8.6/jackson-databind-2.8.6.jar:/home/runner/.m2/repository/com/fasterxml/jackson/core/jackson-annotations/2.8.0/jackson-annotations-2.8.0.jar:/home/runner/.m2/repository/com/fasterxml/jackson/core/jackson-core/2.8.6/jackson-core-2.8.6.jar:/home/runner/.m2/repository/org/apache/velocity/velocity/1.7/velocity-1.7.jar:/home/runner/.m2/repository/commons-collections/commons-collections/3.2.1/commons-collections-3.2.1.jar:/home/runner/.m2/repository/commons-lang/commons-lang/2.4/commons-lang-2.4.jar:/home/runner/.m2/repository/velocity-tools/velocity-tools/1.4/velocity-tools-1.4.jar:/home/runner/.m2/repository/joda-time/joda-time/2.9.9/joda-time-2.9.9.jar:/home/runner/.m2/repository/org/apache/commons/commons-lang3/3.6/commons-lang3-3.6.jar:/home/runner/.m2/repository/commons-io/commons-io/2.5/commons-io-2.5.jar:/home/runner/.m2/repository/net/lingala/zip4j/zip4j/1.3.2/zip4j-1.3.2.jar:/home/runner/.m2/repository/org/codehaus/plexus/plexus-utils/3.0.24/plexus-utils-3.0.24.jar:/home/runner/.m2/repository/org/jsoup/jsoup/1.10.3/jsoup-1.10.3.jar:/home/runner/.m2/repository/com/googlecode/owasp-java-html-sanitizer/owasp-java-html-sanitizer/20170515.1/owasp-java-html-sanitizer-20170515.1.jar:/home/runner/.m2/repository/com/google/guava/guava/20.0/guava-20.0.jar:/home/runner/.m2/repository/commons-configuration/commons-configuration/1.6/commons-configuration-1.6.jar:/home/runner/.m2/repository/commons-logging/commons-logging/1.1.1/commons-logging-1.1.1.jar:/home/runner/.m2/repository/commons-digester/commons-digester/1.8/commons-digester-1.8.jar:/home/runner/.m2/repository/commons-beanutils/commons-beanutils/1.7.0/commons-beanutils-1.7.0.jar:/home/runner/.m2/repository/commons-beanutils/commons-beanutils-core/1.8.0/commons-beanutils-core-1.8.0.jar:/home/runner/.m2/repository/org/apache/maven/plugins/maven-surefire-plugin/3.0.0-M4/maven-surefire-plugin-3.0.0-M4.jar:/home/runner/.m2/repository/org/apache/maven/surefire/maven-surefire-common/3.0.0-M4/maven-surefire-common-3.0.0-M4.jar:/home/runner/.m2/repository/org/apache/maven/surefire/surefire-api/3.0.0-M4/surefire-api-3.0.0-M4.jar:/home/runner/.m2/repository/org/apache/maven/surefire/surefire-logger-api/3.0.0-M4/surefire-logger-api-3.0.0-M4.jar:/home/runner/.m2/repository/org/apache/maven/surefire/surefire-extensions-api/3.0.0-M4/surefire-extensions-api-3.0.0-M4.jar:/home/runner/.m2/repository/org/apache/maven/surefire/surefire-booter/3.0.0-M4/surefire-booter-3.0.0-M4.jar:/home/runner/.m2/repository/org/apache/maven/maven-toolchain/3.0-alpha-2/maven-toolchain-3.0-alpha-2.jar:/home/runner/.m2/repository/org/apache/maven/shared/maven-artifact-transfer/0.11.0/maven-artifact-transfer-0.11.0.jar:/home/runner/.m2/repository/org/apache/maven/shared/maven-common-artifact-filters/3.0.1/maven-common-artifact-filters-3.0.1.jar:/home/runner/.m2/repository/org/apache/maven/maven-model/3.0/maven-model-3.0.jar:/home/runner/.m2/repository/org/apache/maven/maven-plugin-api/3.0/maven-plugin-api-3.0.jar:/home/runner/.m2/repository/org/sonatype/sisu/sisu-inject-plexus/1.4.2/sisu-inject-plexus-1.4.2.jar:/home/runner/.m2/repository/org/codehaus/plexus/plexus-classworlds/2.2.3/plexus-classworlds-2.2.3.jar:/home/runner/.m2/repository/org/sonatype/sisu/sisu-inject-bean/1.4.2/sisu-inject-bean-1.4.2.jar:/home/runner/.m2/repository/org/sonatype/sisu/sisu-guice/2.1.7/sisu-guice-2.1.7-noaop.jar:/home/runner/.m2/repository/org/apache/maven/shared/maven-shared-utils/3.1.0/maven-shared-utils-3.1.0.jar:/home/runner/.m2/repository/org/codehaus/plexus/plexus-java/1.0.3/plexus-java-1.0.3.jar:/home/runner/.m2/repository/org/ow2/asm/asm/7.0/asm-7.0.jar:/home/runner/.m2/repository/com/thoughtworks/qdox/qdox/2.0-M9/qdox-2.0-M9.jar:/home/runner/.m2/repository/org/junit/jupiter/junit-jupiter/5.6.2/junit-jupiter-5.6.2.jar:/home/runner/.m2/repository/org/junit/jupiter/junit-jupiter-params/5.6.2/junit-jupiter-params-5.6.2.jar:"/>
    <property name="sun.cpu.endian" value="little"/>
    <property name="user.home" value="/home/runner"/>
    <property name="user.language" value="en"/>
    <property name="java.specification.vendor" value="Oracle Corporation"/>
    <property name="java.version.date" value="2020-07-14"/>
    <property name="java.home" value="/opt/hostedtoolcache/jdk/13.0.4/x64"/>
    <property name="file.separator" value="/"/>
    <property name="basedir" value="/home/runner/work/nl-ngr-validation/nl-ngr-validation"/>
    <property name="java.vm.compressedOopsMode" value="32-bit"/>
    <property name="line.separator" value="&#10;"/>
    <property name="java.vm.specification.vendor" value="Oracle Corporation"/>
    <property name="jdk.vendor.version" value="Zulu13.33+25-CA"/>
    <property name="java.specification.name" value="Java Platform API Specification"/>
    <property name="surefire.real.class.path" value="/home/runner/work/nl-ngr-validation/nl-ngr-validation/target/surefire/surefirebooter15986228202681766045.jar"/>
    <property name="sun.management.compiler" value="HotSpot 64-Bit Tiered Compilers"/>
    <property name="java.runtime.version" value="13.0.4+8-MTS"/>
    <property name="user.name" value="runner"/>
    <property name="path.separator" value=":"/>
    <property name="os.version" value="5.4.0-1025-azure"/>
    <property name="java.runtime.name" value="OpenJDK Runtime Environment"/>
    <property name="file.encoding" value="UTF-8"/>
    <property name="java.vm.name" value="OpenJDK 64-Bit Server VM"/>
    <property name="java.vendor.version" value="Zulu13.33+25-CA"/>
    <property name="localRepository" value="/home/runner/.m2/repository"/>
    <property name="java.vendor.url.bug" value="http://www.azulsystems.com/support/"/>
    <property name="java.io.tmpdir" value="/tmp"/>
    <property name="java.version" value="13.0.4"/>
    <property name="user.dir" value="/home/runner/work/nl-ngr-validation/nl-ngr-validation"/>
    <property name="os.arch" value="amd64"/>
    <property name="java.vm.specification.name" value="Java Virtual Machine Specification"/>
    <property name="java.library.path" value="/usr/java/packages/lib:/usr/lib64:/lib64:/lib:/usr/lib"/>
    <property name="java.vm.info" value="mixed mode, sharing"/>
    <property name="java.vendor" value="Azul Systems, Inc."/>
    <property name="java.vm.version" value="13.0.4+8-MTS"/>
    <property name="sun.io.unicode.encoding" value="UnicodeLittle"/>
    <property name="java.class.version" value="57.0"/>
  </properties>
  <testcase name="testParallel" classname="InspireTest.TestAll" time="119.545">
    <failure type="org.opentest4j.AssertionFailedError"><![CDATA[org.opentest4j.AssertionFailedError: 
failed features:
InspireTest.ngr.datasetrecords.ngr-check-dataset-record: [1.2:16] ngr-check-dataset-record.feature:80 - feature call (loop) failed: classpath:InspireTest/ngr/datasetrecords/def/checkxlinkurl.template.feature
caller: classpath:InspireTest/ngr/datasetrecords/ngr-check-dataset-record.feature
items: [{link=https://nationaalgeoregister.nl/geonetwork/srv/resources7e290e63-f991-4cc3-beff-1ff08ce2be77}, {link=https://www.nationaalgeoregister.nl/geonetwork/srv/eng/thesaurus.download?ref=external.theme.inspire-theme}]
errors:
-------
feature call (loop) failed at index: 0
caller: classpath:InspireTest/ngr/datasetrecords/def/checkxlinkurl.template.feature
arg: {"link":"https://nationaalgeoregister.nl/geonetwork/srv/resources7e290e63-f991-4cc3-beff-1ff08ce2be77"}
checkxlinkurl.template.feature:15 - status code was: 404, expected: 200, response time: 286, url: https://nationaalgeoregister.nl/geonetwork/srv/resources7e290e63-f991-4cc3-beff-1ff08ce2be77, response: 
-------
feature call (loop) failed at index: 1
caller: classpath:InspireTest/ngr/datasetrecords/def/checkxlinkurl.template.feature
arg: {"link":"https://www.nationaalgeoregister.nl/geonetwork/srv/eng/thesaurus.download?ref=external.theme.inspire-theme"}
checkxlinkurl.template.feature:15 - status code was: 500, expected: 200, response time: 419, url: https://www.nationaalgeoregister.nl/geonetwork/srv/eng/thesaurus.download?ref=external.theme.inspire-theme, response: 
[1.3:16] ngr-check-dataset-record.feature:80 - feature call (loop) failed: classpath:InspireTest/ngr/datasetrecords/def/checkxlinkurl.template.feature
caller: classpath:InspireTest/ngr/datasetrecords/ngr-check-dataset-record.feature
items: [{link=http://standaarden.overheid.nl/owms/terms/Ministerie_van_Landbouw,_Natuur_en_Voedselkwaliteit}, {link=https://www.nationaalgeoregister.nl/geonetwork/srv/api/records3703b249-a0eb-484e-ba7a-10e31a55bcec}, {link=579}]
errors:
-------
feature call (loop) failed at index: 1
caller: classpath:InspireTest/ngr/datasetrecords/def/checkxlinkurl.template.feature
arg: {"link":"https://www.nationaalgeoregister.nl/geonetwork/srv/api/records3703b249-a0eb-484e-ba7a-10e31a55bcec"}
checkxlinkurl.template.feature:15 - status code was: 500, expected: 200, response time: 438, url: https://www.nationaalgeoregister.nl/geonetwork/srv/api/records3703b249-a0eb-484e-ba7a-10e31a55bcec, response: 
-------
feature call (loop) failed at index: 2
caller: classpath:InspireTest/ngr/datasetrecords/def/checkxlinkurl.template.feature
arg: {"link":"579"}
checkxlinkurl.template.feature:14 - 
org.apache.http.client.ClientProtocolException
[1.5:16] ngr-check-dataset-record.feature:80 - feature call (loop) failed: classpath:InspireTest/ngr/datasetrecords/def/checkxlinkurl.template.feature
caller: classpath:InspireTest/ngr/datasetrecords/ngr-check-dataset-record.feature
items: [{link=https://nationaalgeoregister.nl/geonetwork/srv/resourcesff07bd5a-d6eb-11ea-87d0-0242ac130003}, {link=https://www.nationaalgeoregister.nl/geonetwork/srv/eng/thesaurus.download?ref=external.theme.inspire-theme}]
errors:
-------
feature call (loop) failed at index: 0
caller: classpath:InspireTest/ngr/datasetrecords/def/checkxlinkurl.template.feature
arg: {"link":"https://nationaalgeoregister.nl/geonetwork/srv/resourcesff07bd5a-d6eb-11ea-87d0-0242ac130003"}
checkxlinkurl.template.feature:15 - status code was: 404, expected: 200, response time: 294, url: https://nationaalgeoregister.nl/geonetwork/srv/resourcesff07bd5a-d6eb-11ea-87d0-0242ac130003, response: 
-------
feature call (loop) failed at index: 1
caller: classpath:InspireTest/ngr/datasetrecords/def/checkxlinkurl.template.feature
arg: {"link":"https://www.nationaalgeoregister.nl/geonetwork/srv/eng/thesaurus.download?ref=external.theme.inspire-theme"}
checkxlinkurl.template.feature:15 - status code was: 500, expected: 200, response time: 384, url: https://www.nationaalgeoregister.nl/geonetwork/srv/eng/thesaurus.download?ref=external.theme.inspire-theme, response: 
InspireTest.ngr.datasetrecords.check-known-dataset-record: [1.1:16] check-known-dataset-record.feature:79 - javascript evaluation failed: karate.mapWithKey(nlinks ,'link'), ReferenceError: "nlinks" is not defined in <eval> at line number 1
[1.2:16] check-known-dataset-record.feature:79 - javascript evaluation failed: karate.mapWithKey(nlinks ,'link'), ReferenceError: "nlinks" is not defined in <eval> at line number 1
[1.3:16] check-known-dataset-record.feature:79 - javascript evaluation failed: karate.mapWithKey(nlinks ,'link'), ReferenceError: "nlinks" is not defined in <eval> at line number 1
[1.4:16] check-known-dataset-record.feature:79 - javascript evaluation failed: karate.mapWithKey(nlinks ,'link'), ReferenceError: "nlinks" is not defined in <eval> at line number 1
[1.5:16] check-known-dataset-record.feature:79 - javascript evaluation failed: karate.mapWithKey(nlinks ,'link'), ReferenceError: "nlinks" is not defined in <eval> at line number 1
[1.6:16] check-known-dataset-record.feature:79 - javascript evaluation failed: karate.mapWithKey(nlinks ,'link'), ReferenceError: "nlinks" is not defined in <eval> at line number 1
[1.7:16] check-known-dataset-record.feature:79 - javascript evaluation failed: karate.mapWithKey(nlinks ,'link'), ReferenceError: "nlinks" is not defined in <eval> at line number 1
[1.8:16] check-known-dataset-record.feature:79 - javascript evaluation failed: karate.mapWithKey(nlinks ,'link'), ReferenceError: "nlinks" is not defined in <eval> at line number 1
[1.9:16] check-known-dataset-record.feature:79 - javascript evaluation failed: karate.mapWithKey(nlinks ,'link'), ReferenceError: "nlinks" is not defined in <eval> at line number 1
[1.10:16] check-known-dataset-record.feature:79 - javascript evaluation failed: karate.mapWithKey(nlinks ,'link'), ReferenceError: "nlinks" is not defined in <eval> at line number 1
[1.11:16] check-known-dataset-record.feature:79 - javascript evaluation failed: karate.mapWithKey(nlinks ,'link'), ReferenceError: "nlinks" is not defined in <eval> at line number 1
[1.12:16] check-known-dataset-record.feature:79 - javascript evaluation failed: karate.mapWithKey(nlinks ,'link'), ReferenceError: "nlinks" is not defined in <eval> at line number 1
[1.13:16] check-known-dataset-record.feature:79 - javascript evaluation failed: karate.mapWithKey(nlinks ,'link'), ReferenceError: "nlinks" is not defined in <eval> at line number 1
[1.14:16] check-known-dataset-record.feature:79 - javascript evaluation failed: karate.mapWithKey(nlinks ,'link'), ReferenceError: "nlinks" is not defined in <eval> at line number 1
[1.15:16] check-known-dataset-record.feature:79 - javascript evaluation failed: karate.mapWithKey(nlinks ,'link'), ReferenceError: "nlinks" is not defined in <eval> at line number 1
[1.16:16] check-known-dataset-record.feature:79 - javascript evaluation failed: karate.mapWithKey(nlinks ,'link'), ReferenceError: "nlinks" is not defined in <eval> at line number 1
[1.17:16] check-known-dataset-record.feature:79 - javascript evaluation failed: karate.mapWithKey(nlinks ,'link'), ReferenceError: "nlinks" is not defined in <eval> at line number 1
[1.18:16] check-known-dataset-record.feature:79 - javascript evaluation failed: karate.mapWithKey(nlinks ,'link'), ReferenceError: "nlinks" is not defined in <eval> at line number 1
[1.19:16] check-known-dataset-record.feature:79 - javascript evaluation failed: karate.mapWithKey(nlinks ,'link'), ReferenceError: "nlinks" is not defined in <eval> at line number 1
[1.20:16] check-known-dataset-record.feature:79 - javascript evaluation failed: karate.mapWithKey(nlinks ,'link'), ReferenceError: "nlinks" is not defined in <eval> at line number 1
[1.21:16] check-known-dataset-record.feature:79 - javascript evaluation failed: karate.mapWithKey(nlinks ,'link'), ReferenceError: "nlinks" is not defined in <eval> at line number 1
[1.22:16] check-known-dataset-record.feature:79 - javascript evaluation failed: karate.mapWithKey(nlinks ,'link'), ReferenceError: "nlinks" is not defined in <eval> at line number 1
[1.23:16] check-known-dataset-record.feature:79 - javascript evaluation failed: karate.mapWithKey(nlinks ,'link'), ReferenceError: "nlinks" is not defined in <eval> at line number 1
[1.24:16] check-known-dataset-record.feature:79 - javascript evaluation failed: karate.mapWithKey(nlinks ,'link'), ReferenceError: "nlinks" is not defined in <eval> at line number 1
[1.25:16] check-known-dataset-record.feature:79 - javascript evaluation failed: karate.mapWithKey(nlinks ,'link'), ReferenceError: "nlinks" is not defined in <eval> at line number 1
[1.26:16] check-known-dataset-record.feature:79 - javascript evaluation failed: karate.mapWithKey(nlinks ,'link'), ReferenceError: "nlinks" is not defined in <eval> at line number 1
[1.27:16] check-known-dataset-record.feature:79 - javascript evaluation failed: karate.mapWithKey(nlinks ,'link'), ReferenceError: "nlinks" is not defined in <eval> at line number 1
[1.28:16] check-known-dataset-record.feature:79 - javascript evaluation failed: karate.mapWithKey(nlinks ,'link'), ReferenceError: "nlinks" is not defined in <eval> at line number 1
[1.29:16] check-known-dataset-record.feature:79 - javascript evaluation failed: karate.mapWithKey(nlinks ,'link'), ReferenceError: "nlinks" is not defined in <eval> at line number 1
[1.30:16] check-known-dataset-record.feature:47 - xpath does not exist: /GetRecordByIdResponse//@href on response
[1.31:16] check-known-dataset-record.feature:79 - javascript evaluation failed: karate.mapWithKey(nlinks ,'link'), ReferenceError: "nlinks" is not defined in <eval> at line number 1
[1.32:16] check-known-dataset-record.feature:79 - javascript evaluation failed: karate.mapWithKey(nlinks ,'link'), ReferenceError: "nlinks" is not defined in <eval> at line number 1
[1.33:16] check-known-dataset-record.feature:79 - javascript evaluation failed: karate.mapWithKey(nlinks ,'link'), ReferenceError: "nlinks" is not defined in <eval> at line number 1
[1.34:16] check-known-dataset-record.feature:79 - javascript evaluation failed: karate.mapWithKey(nlinks ,'link'), ReferenceError: "nlinks" is not defined in <eval> at line number 1
[1.35:16] check-known-dataset-record.feature:79 - javascript evaluation failed: karate.mapWithKey(nlinks ,'link'), ReferenceError: "nlinks" is not defined in <eval> at line number 1
[1.36:16] check-known-dataset-record.feature:79 - javascript evaluation failed: karate.mapWithKey(nlinks ,'link'), ReferenceError: "nlinks" is not defined in <eval> at line number 1
[1.37:16] check-known-dataset-record.feature:79 - javascript evaluation failed: karate.mapWithKey(nlinks ,'link'), ReferenceError: "nlinks" is not defined in <eval> at line number 1
[1.38:16] check-known-dataset-record.feature:79 - javascript evaluation failed: karate.mapWithKey(nlinks ,'link'), ReferenceError: "nlinks" is not defined in <eval> at line number 1
[1.39:16] check-known-dataset-record.feature:79 - javascript evaluation failed: karate.mapWithKey(nlinks ,'link'), ReferenceError: "nlinks" is not defined in <eval> at line number 1
[1.40:16] check-known-dataset-record.feature:79 - javascript evaluation failed: karate.mapWithKey(nlinks ,'link'), ReferenceError: "nlinks" is not defined in <eval> at line number 1
[1.41:16] check-known-dataset-record.feature:79 - javascript evaluation failed: karate.mapWithKey(nlinks ,'link'), ReferenceError: "nlinks" is not defined in <eval> at line number 1
[1.42:16] check-known-dataset-record.feature:79 - javascript evaluation failed: karate.mapWithKey(nlinks ,'link'), ReferenceError: "nlinks" is not defined in <eval> at line number 1
[1.43:16] check-known-dataset-record.feature:79 - javascript evaluation failed: karate.mapWithKey(nlinks ,'link'), ReferenceError: "nlinks" is not defined in <eval> at line number 1
[1.44:16] check-known-dataset-record.feature:79 - javascript evaluation failed: karate.mapWithKey(nlinks ,'link'), ReferenceError: "nlinks" is not defined in <eval> at line number 1
[1.45:16] check-known-dataset-record.feature:79 - javascript evaluation failed: karate.mapWithKey(nlinks ,'link'), ReferenceError: "nlinks" is not defined in <eval> at line number 1
[1.46:16] check-known-dataset-record.feature:79 - javascript evaluation failed: karate.mapWithKey(nlinks ,'link'), ReferenceError: "nlinks" is not defined in <eval> at line number 1
[1.47:16] check-known-dataset-record.feature:79 - javascript evaluation failed: karate.mapWithKey(nlinks ,'link'), ReferenceError: "nlinks" is not defined in <eval> at line number 1
[1.48:16] check-known-dataset-record.feature:79 - javascript evaluation failed: karate.mapWithKey(nlinks ,'link'), ReferenceError: "nlinks" is not defined in <eval> at line number 1
[1.49:16] check-known-dataset-record.feature:79 - javascript evaluation failed: karate.mapWithKey(nlinks ,'link'), ReferenceError: "nlinks" is not defined in <eval> at line number 1
[1.50:16] check-known-dataset-record.feature:79 - javascript evaluation failed: karate.mapWithKey(nlinks ,'link'), ReferenceError: "nlinks" is not defined in <eval> at line number 1
[1.51:16] check-known-dataset-record.feature:79 - javascript evaluation failed: karate.mapWithKey(nlinks ,'link'), ReferenceError: "nlinks" is not defined in <eval> at line number 1
[1.52:16] check-known-dataset-record.feature:79 - javascript evaluation failed: karate.mapWithKey(nlinks ,'link'), ReferenceError: "nlinks" is not defined in <eval> at line number 1
[1.53:16] check-known-dataset-record.feature:79 - javascript evaluation failed: karate.mapWithKey(nlinks ,'link'), ReferenceError: "nlinks" is not defined in <eval> at line number 1
[1.54:16] check-known-dataset-record.feature:79 - javascript evaluation failed: karate.mapWithKey(nlinks ,'link'), ReferenceError: "nlinks" is not defined in <eval> at line number 1
[1.55:16] check-known-dataset-record.feature:79 - javascript evaluation failed: karate.mapWithKey(nlinks ,'link'), ReferenceError: "nlinks" is not defined in <eval> at line number 1
[1.56:16] check-known-dataset-record.feature:79 - javascript evaluation failed: karate.mapWithKey(nlinks ,'link'), ReferenceError: "nlinks" is not defined in <eval> at line number 1
[1.57:16] check-known-dataset-record.feature:79 - javascript evaluation failed: karate.mapWithKey(nlinks ,'link'), ReferenceError: "nlinks" is not defined in <eval> at line number 1
[1.58:16] check-known-dataset-record.feature:79 - javascript evaluation failed: karate.mapWithKey(nlinks ,'link'), ReferenceError: "nlinks" is not defined in <eval> at line number 1
[1.59:16] check-known-dataset-record.feature:79 - javascript evaluation failed: karate.mapWithKey(nlinks ,'link'), ReferenceError: "nlinks" is not defined in <eval> at line number 1
[1.60:16] check-known-dataset-record.feature:79 - javascript evaluation failed: karate.mapWithKey(nlinks ,'link'), ReferenceError: "nlinks" is not defined in <eval> at line number 1
[1.61:16] check-known-dataset-record.feature:79 - javascript evaluation failed: karate.mapWithKey(nlinks ,'link'), ReferenceError: "nlinks" is not defined in <eval> at line number 1
[1.62:16] check-known-dataset-record.feature:79 - javascript evaluation failed: karate.mapWithKey(nlinks ,'link'), ReferenceError: "nlinks" is not defined in <eval> at line number 1
[1.63:16] check-known-dataset-record.feature:79 - javascript evaluation failed: karate.mapWithKey(nlinks ,'link'), ReferenceError: "nlinks" is not defined in <eval> at line number 1
[1.64:16] check-known-dataset-record.feature:79 - javascript evaluation failed: karate.mapWithKey(nlinks ,'link'), ReferenceError: "nlinks" is not defined in <eval> at line number 1
[1.65:16] check-known-dataset-record.feature:79 - javascript evaluation failed: karate.mapWithKey(nlinks ,'link'), ReferenceError: "nlinks" is not defined in <eval> at line number 1
[1.66:16] check-known-dataset-record.feature:79 - javascript evaluation failed: karate.mapWithKey(nlinks ,'link'), ReferenceError: "nlinks" is not defined in <eval> at line number 1
[1.67:16] check-known-dataset-record.feature:79 - javascript evaluation failed: karate.mapWithKey(nlinks ,'link'), ReferenceError: "nlinks" is not defined in <eval> at line number 1
[1.68:16] check-known-dataset-record.feature:79 - javascript evaluation failed: karate.mapWithKey(nlinks ,'link'), ReferenceError: "nlinks" is not defined in <eval> at line number 1
[1.69:16] check-known-dataset-record.feature:79 - javascript evaluation failed: karate.mapWithKey(nlinks ,'link'), ReferenceError: "nlinks" is not defined in <eval> at line number 1
[1.70:16] check-known-dataset-record.feature:79 - javascript evaluation failed: karate.mapWithKey(nlinks ,'link'), ReferenceError: "nlinks" is not defined in <eval> at line number 1
[1.71:16] check-known-dataset-record.feature:79 - javascript evaluation failed: karate.mapWithKey(nlinks ,'link'), ReferenceError: "nlinks" is not defined in <eval> at line number 1
[1.72:16] check-known-dataset-record.feature:79 - javascript evaluation failed: karate.mapWithKey(nlinks ,'link'), ReferenceError: "nlinks" is not defined in <eval> at line number 1
[1.73:16] check-known-dataset-record.feature:79 - javascript evaluation failed: karate.mapWithKey(nlinks ,'link'), ReferenceError: "nlinks" is not defined in <eval> at line number 1
[1.74:16] check-known-dataset-record.feature:79 - javascript evaluation failed: karate.mapWithKey(nlinks ,'link'), ReferenceError: "nlinks" is not defined in <eval> at line number 1
[1.75:16] check-known-dataset-record.feature:79 - javascript evaluation failed: karate.mapWithKey(nlinks ,'link'), ReferenceError: "nlinks" is not defined in <eval> at line number 1
[1.76:16] check-known-dataset-record.feature:79 - javascript evaluation failed: karate.mapWithKey(nlinks ,'link'), ReferenceError: "nlinks" is not defined in <eval> at line number 1
[1.77:16] check-known-dataset-record.feature:79 - javascript evaluation failed: karate.mapWithKey(nlinks ,'link'), ReferenceError: "nlinks" is not defined in <eval> at line number 1
[1.78:16] check-known-dataset-record.feature:79 - javascript evaluation failed: karate.mapWithKey(nlinks ,'link'), ReferenceError: "nlinks" is not defined in <eval> at line number 1
[1.79:16] check-known-dataset-record.feature:79 - javascript evaluation failed: karate.mapWithKey(nlinks ,'link'), ReferenceError: "nlinks" is not defined in <eval> at line number 1
[1.80:16] check-known-dataset-record.feature:79 - javascript evaluation failed: karate.mapWithKey(nlinks ,'link'), ReferenceError: "nlinks" is not defined in <eval> at line number 1
[1.81:16] check-known-dataset-record.feature:79 - javascript evaluation failed: karate.mapWithKey(nlinks ,'link'), ReferenceError: "nlinks" is not defined in <eval> at line number 1
[1.82:16] check-known-dataset-record.feature:79 - javascript evaluation failed: karate.mapWithKey(nlinks ,'link'), ReferenceError: "nlinks" is not defined in <eval> at line number 1
[1.83:16] check-known-dataset-record.feature:79 - javascript evaluation failed: karate.mapWithKey(nlinks ,'link'), ReferenceError: "nlinks" is not defined in <eval> at line number 1
[1.84:16] check-known-dataset-record.feature:79 - javascript evaluation failed: karate.mapWithKey(nlinks ,'link'), ReferenceError: "nlinks" is not defined in <eval> at line number 1
[1.85:16] check-known-dataset-record.feature:79 - javascript evaluation failed: karate.mapWithKey(nlinks ,'link'), ReferenceError: "nlinks" is not defined in <eval> at line number 1
[1.86:16] check-known-dataset-record.feature:79 - javascript evaluation failed: karate.mapWithKey(nlinks ,'link'), ReferenceError: "nlinks" is not defined in <eval> at line number 1
[1.87:16] check-known-dataset-record.feature:79 - javascript evaluation failed: karate.mapWithKey(nlinks ,'link'), ReferenceError: "nlinks" is not defined in <eval> at line number 1
[1.88:16] check-known-dataset-record.feature:79 - javascript evaluation failed: karate.mapWithKey(nlinks ,'link'), ReferenceError: "nlinks" is not defined in <eval> at line number 1
[1.89:16] check-known-dataset-record.feature:79 - javascript evaluation failed: karate.mapWithKey(nlinks ,'link'), ReferenceError: "nlinks" is not defined in <eval> at line number 1
[1.90:16] check-known-dataset-record.feature:79 - javascript evaluation failed: karate.mapWithKey(nlinks ,'link'), ReferenceError: "nlinks" is not defined in <eval> at line number 1
[1.91:16] check-known-dataset-record.feature:79 - javascript evaluation failed: karate.mapWithKey(nlinks ,'link'), ReferenceError: "nlinks" is not defined in <eval> at line number 1
[1.92:16] check-known-dataset-record.feature:79 - javascript evaluation failed: karate.mapWithKey(nlinks ,'link'), ReferenceError: "nlinks" is not defined in <eval> at line number 1
[1.93:16] check-known-dataset-record.feature:47 - xpath does not exist: /GetRecordByIdResponse//@href on response
[1.94:16] check-known-dataset-record.feature:79 - javascript evaluation failed: karate.mapWithKey(nlinks ,'link'), ReferenceError: "nlinks" is not defined in <eval> at line number 1
[1.95:16] check-known-dataset-record.feature:79 - javascript evaluation failed: karate.mapWithKey(nlinks ,'link'), ReferenceError: "nlinks" is not defined in <eval> at line number 1
[1.96:16] check-known-dataset-record.feature:79 - javascript evaluation failed: karate.mapWithKey(nlinks ,'link'), ReferenceError: "nlinks" is not defined in <eval> at line number 1
[1.97:16] check-known-dataset-record.feature:79 - javascript evaluation failed: karate.mapWithKey(nlinks ,'link'), ReferenceError: "nlinks" is not defined in <eval> at line number 1
[1.98:16] check-known-dataset-record.feature:79 - javascript evaluation failed: karate.mapWithKey(nlinks ,'link'), ReferenceError: "nlinks" is not defined in <eval> at line number 1
[1.99:16] check-known-dataset-record.feature:79 - javascript evaluation failed: karate.mapWithKey(nlinks ,'link'), ReferenceError: "nlinks" is not defined in <eval> at line number 1
[1.100:16] check-known-dataset-record.feature:79 - javascript evaluation failed: karate.mapWithKey(nlinks ,'link'), ReferenceError: "nlinks" is not defined in <eval> at line number 1
[1.101:16] check-known-dataset-record.feature:79 - javascript evaluation failed: karate.mapWithKey(nlinks ,'link'), ReferenceError: "nlinks" is not defined in <eval> at line number 1
[1.102:16] check-known-dataset-record.feature:79 - javascript evaluation failed: karate.mapWithKey(nlinks ,'link'), ReferenceError: "nlinks" is not defined in <eval> at line number 1
[1.103:16] check-known-dataset-record.feature:79 - javascript evaluation failed: karate.mapWithKey(nlinks ,'link'), ReferenceError: "nlinks" is not defined in <eval> at line number 1
[1.104:16] check-known-dataset-record.feature:79 - javascript evaluation failed: karate.mapWithKey(nlinks ,'link'), ReferenceError: "nlinks" is not defined in <eval> at line number 1
[1.105:16] check-known-dataset-record.feature:79 - javascript evaluation failed: karate.mapWithKey(nlinks ,'link'), ReferenceError: "nlinks" is not defined in <eval> at line number 1
[1.106:16] check-known-dataset-record.feature:79 - javascript evaluation failed: karate.mapWithKey(nlinks ,'link'), ReferenceError: "nlinks" is not defined in <eval> at line number 1
[1.107:16] check-known-dataset-record.feature:79 - javascript evaluation failed: karate.mapWithKey(nlinks ,'link'), ReferenceError: "nlinks" is not defined in <eval> at line number 1
[1.108:16] check-known-dataset-record.feature:79 - javascript evaluation failed: karate.mapWithKey(nlinks ,'link'), ReferenceError: "nlinks" is not defined in <eval> at line number 1
[1.109:16] check-known-dataset-record.feature:79 - javascript evaluation failed: karate.mapWithKey(nlinks ,'link'), ReferenceError: "nlinks" is not defined in <eval> at line number 1
[1.110:16] check-known-dataset-record.feature:79 - javascript evaluation failed: karate.mapWithKey(nlinks ,'link'), ReferenceError: "nlinks" is not defined in <eval> at line number 1
[1.111:16] check-known-dataset-record.feature:79 - javascript evaluation failed: karate.mapWithKey(nlinks ,'link'), ReferenceError: "nlinks" is not defined in <eval> at line number 1
[1.112:16] check-known-dataset-record.feature:79 - javascript evaluation failed: karate.mapWithKey(nlinks ,'link'), ReferenceError: "nlinks" is not defined in <eval> at line number 1
[1.113:16] check-known-dataset-record.feature:79 - javascript evaluation failed: karate.mapWithKey(nlinks ,'link'), ReferenceError: "nlinks" is not defined in <eval> at line number 1
[1.114:16] check-known-dataset-record.feature:79 - javascript evaluation failed: karate.mapWithKey(nlinks ,'link'), ReferenceError: "nlinks" is not defined in <eval> at line number 1
[1.115:16] check-known-dataset-record.feature:79 - javascript evaluation failed: karate.mapWithKey(nlinks ,'link'), ReferenceError: "nlinks" is not defined in <eval> at line number 1
[1.116:16] check-known-dataset-record.feature:79 - javascript evaluation failed: karate.mapWithKey(nlinks ,'link'), ReferenceError: "nlinks" is not defined in <eval> at line number 1
[1.117:16] check-known-dataset-record.feature:79 - javascript evaluation failed: karate.mapWithKey(nlinks ,'link'), ReferenceError: "nlinks" is not defined in <eval> at line number 1
[1.118:16] check-known-dataset-record.feature:79 - javascript evaluation failed: karate.mapWithKey(nlinks ,'link'), ReferenceError: "nlinks" is not defined in <eval> at line number 1
[1.119:16] check-known-dataset-record.feature:79 - javascript evaluation failed: karate.mapWithKey(nlinks ,'link'), ReferenceError: "nlinks" is not defined in <eval> at line number 1
[1.120:16] check-known-dataset-record.feature:79 - javascript evaluation failed: karate.mapWithKey(nlinks ,'link'), ReferenceError: "nlinks" is not defined in <eval> at line number 1
[1.121:16] check-known-dataset-record.feature:79 - javascript evaluation failed: karate.mapWithKey(nlinks ,'link'), ReferenceError: "nlinks" is not defined in <eval> at line number 1
[1.122:16] check-known-dataset-record.feature:79 - javascript evaluation failed: karate.mapWithKey(nlinks ,'link'), ReferenceError: "nlinks" is not defined in <eval> at line number 1
[1.123:16] check-known-dataset-record.feature:79 - javascript evaluation failed: karate.mapWithKey(nlinks ,'link'), ReferenceError: "nlinks" is not defined in <eval> at line number 1
[1.124:16] check-known-dataset-record.feature:79 - javascript evaluation failed: karate.mapWithKey(nlinks ,'link'), ReferenceError: "nlinks" is not defined in <eval> at line number 1
[1.125:16] check-known-dataset-record.feature:79 - javascript evaluation failed: karate.mapWithKey(nlinks ,'link'), ReferenceError: "nlinks" is not defined in <eval> at line number 1
[1.126:16] check-known-dataset-record.feature:79 - javascript evaluation failed: karate.mapWithKey(nlinks ,'link'), ReferenceError: "nlinks" is not defined in <eval> at line number 1
[1.127:16] check-known-dataset-record.feature:79 - javascript evaluation failed: karate.mapWithKey(nlinks ,'link'), ReferenceError: "nlinks" is not defined in <eval> at line number 1
[1.128:16] check-known-dataset-record.feature:79 - javascript evaluation failed: karate.mapWithKey(nlinks ,'link'), ReferenceError: "nlinks" is not defined in <eval> at line number 1
[1.129:16] check-known-dataset-record.feature:79 - javascript evaluation failed: karate.mapWithKey(nlinks ,'link'), ReferenceError: "nlinks" is not defined in <eval> at line number 1
[1.130:16] check-known-dataset-record.feature:79 - javascript evaluation failed: karate.mapWithKey(nlinks ,'link'), ReferenceError: "nlinks" is not defined in <eval> at line number 1
[1.131:16] check-known-dataset-record.feature:79 - javascript evaluation failed: karate.mapWithKey(nlinks ,'link'), ReferenceError: "nlinks" is not defined in <eval> at line number 1
[1.132:16] check-known-dataset-record.feature:79 - javascript evaluation failed: karate.mapWithKey(nlinks ,'link'), ReferenceError: "nlinks" is not defined in <eval> at line number 1
[1.133:16] check-known-dataset-record.feature:79 - javascript evaluation failed: karate.mapWithKey(nlinks ,'link'), ReferenceError: "nlinks" is not defined in <eval> at line number 1
[1.134:16] check-known-dataset-record.feature:79 - javascript evaluation failed: karate.mapWithKey(nlinks ,'link'), ReferenceError: "nlinks" is not defined in <eval> at line number 1
[1.135:16] check-known-dataset-record.feature:79 - javascript evaluation failed: karate.mapWithKey(nlinks ,'link'), ReferenceError: "nlinks" is not defined in <eval> at line number 1
[1.136:16] check-known-dataset-record.feature:79 - javascript evaluation failed: karate.mapWithKey(nlinks ,'link'), ReferenceError: "nlinks" is not defined in <eval> at line number 1
[1.137:16] check-known-dataset-record.feature:79 - javascript evaluation failed: karate.mapWithKey(nlinks ,'link'), ReferenceError: "nlinks" is not defined in <eval> at line number 1
[1.138:16] check-known-dataset-record.feature:79 - javascript evaluation failed: karate.mapWithKey(nlinks ,'link'), ReferenceError: "nlinks" is not defined in <eval> at line number 1
[1.139:16] check-known-dataset-record.feature:79 - javascript evaluation failed: karate.mapWithKey(nlinks ,'link'), ReferenceError: "nlinks" is not defined in <eval> at line number 1
[1.140:16] check-known-dataset-record.feature:79 - javascript evaluation failed: karate.mapWithKey(nlinks ,'link'), ReferenceError: "nlinks" is not defined in <eval> at line number 1
[1.141:16] check-known-dataset-record.feature:79 - javascript evaluation failed: karate.mapWithKey(nlinks ,'link'), ReferenceError: "nlinks" is not defined in <eval> at line number 1
[1.142:16] check-known-dataset-record.feature:47 - xpath does not exist: /GetRecordByIdResponse//@href on response
[1.143:16] check-known-dataset-record.feature:79 - javascript evaluation failed: karate.mapWithKey(nlinks ,'link'), ReferenceError: "nlinks" is not defined in <eval> at line number 1
[1.144:16] check-known-dataset-record.feature:79 - javascript evaluation failed: karate.mapWithKey(nlinks ,'link'), ReferenceError: "nlinks" is not defined in <eval> at line number 1
[1.145:16] check-known-dataset-record.feature:79 - javascript evaluation failed: karate.mapWithKey(nlinks ,'link'), ReferenceError: "nlinks" is not defined in <eval> at line number 1
[1.146:16] check-known-dataset-record.feature:79 - javascript evaluation failed: karate.mapWithKey(nlinks ,'link'), ReferenceError: "nlinks" is not defined in <eval> at line number 1
[1.147:16] check-known-dataset-record.feature:79 - javascript evaluation failed: karate.mapWithKey(nlinks ,'link'), ReferenceError: "nlinks" is not defined in <eval> at line number 1
[1.148:16] check-known-dataset-record.feature:79 - javascript evaluation failed: karate.mapWithKey(nlinks ,'link'), ReferenceError: "nlinks" is not defined in <eval> at line number 1
[1.149:16] check-known-dataset-record.feature:79 - javascript evaluation failed: karate.mapWithKey(nlinks ,'link'), ReferenceError: "nlinks" is not defined in <eval> at line number 1
[1.150:16] check-known-dataset-record.feature:79 - javascript evaluation failed: karate.mapWithKey(nlinks ,'link'), ReferenceError: "nlinks" is not defined in <eval> at line number 1
[1.151:16] check-known-dataset-record.feature:79 - javascript evaluation failed: karate.mapWithKey(nlinks ,'link'), ReferenceError: "nlinks" is not defined in <eval> at line number 1
[1.152:16] check-known-dataset-record.feature:79 - javascript evaluation failed: karate.mapWithKey(nlinks ,'link'), ReferenceError: "nlinks" is not defined in <eval> at line number 1
[1.153:16] check-known-dataset-record.feature:79 - javascript evaluation failed: karate.mapWithKey(nlinks ,'link'), ReferenceError: "nlinks" is not defined in <eval> at line number 1
[1.154:16] check-known-dataset-record.feature:79 - javascript evaluation failed: karate.mapWithKey(nlinks ,'link'), ReferenceError: "nlinks" is not defined in <eval> at line number 1
[1.155:16] check-known-dataset-record.feature:79 - javascript evaluation failed: karate.mapWithKey(nlinks ,'link'), ReferenceError: "nlinks" is not defined in <eval> at line number 1
[1.156:16] check-known-dataset-record.feature:79 - javascript evaluation failed: karate.mapWithKey(nlinks ,'link'), ReferenceError: "nlinks" is not defined in <eval> at line number 1
[1.157:16] check-known-dataset-record.feature:79 - javascript evaluation failed: karate.mapWithKey(nlinks ,'link'), ReferenceError: "nlinks" is not defined in <eval> at line number 1
[1.158:16] check-known-dataset-record.feature:79 - javascript evaluation failed: karate.mapWithKey(nlinks ,'link'), ReferenceError: "nlinks" is not defined in <eval> at line number 1
[1.159:16] check-known-dataset-record.feature:79 - javascript evaluation failed: karate.mapWithKey(nlinks ,'link'), ReferenceError: "nlinks" is not defined in <eval> at line number 1
[1.160:16] check-known-dataset-record.feature:79 - javascript evaluation failed: karate.mapWithKey(nlinks ,'link'), ReferenceError: "nlinks" is not defined in <eval> at line number 1
[1.161:16] check-known-dataset-record.feature:79 - javascript evaluation failed: karate.mapWithKey(nlinks ,'link'), ReferenceError: "nlinks" is not defined in <eval> at line number 1
[1.162:16] check-known-dataset-record.feature:79 - javascript evaluation failed: karate.mapWithKey(nlinks ,'link'), ReferenceError: "nlinks" is not defined in <eval> at line number 1
[1.163:16] check-known-dataset-record.feature:79 - javascript evaluation failed: karate.mapWithKey(nlinks ,'link'), ReferenceError: "nlinks" is not defined in <eval> at line number 1
[1.164:16] check-known-dataset-record.feature:79 - javascript evaluation failed: karate.mapWithKey(nlinks ,'link'), ReferenceError: "nlinks" is not defined in <eval> at line number 1
[1.165:16] check-known-dataset-record.feature:79 - javascript evaluation failed: karate.mapWithKey(nlinks ,'link'), ReferenceError: "nlinks" is not defined in <eval> at line number 1
[1.166:16] check-known-dataset-record.feature:79 - javascript evaluation failed: karate.mapWithKey(nlinks ,'link'), ReferenceError: "nlinks" is not defined in <eval> at line number 1
[1.167:16] check-known-dataset-record.feature:79 - javascript evaluation failed: karate.mapWithKey(nlinks ,'link'), ReferenceError: "nlinks" is not defined in <eval> at line number 1
[1.168:16] check-known-dataset-record.feature:79 - javascript evaluation failed: karate.mapWithKey(nlinks ,'link'), ReferenceError: "nlinks" is not defined in <eval> at line number 1
[1.169:16] check-known-dataset-record.feature:79 - javascript evaluation failed: karate.mapWithKey(nlinks ,'link'), ReferenceError: "nlinks" is not defined in <eval> at line number 1
[1.170:16] check-known-dataset-record.feature:79 - javascript evaluation failed: karate.mapWithKey(nlinks ,'link'), ReferenceError: "nlinks" is not defined in <eval> at line number 1
[1.171:16] check-known-dataset-record.feature:79 - javascript evaluation failed: karate.mapWithKey(nlinks ,'link'), ReferenceError: "nlinks" is not defined in <eval> at line number 1
[1.172:16] check-known-dataset-record.feature:79 - javascript evaluation failed: karate.mapWithKey(nlinks ,'link'), ReferenceError: "nlinks" is not defined in <eval> at line number 1
[1.173:16] check-known-dataset-record.feature:79 - javascript evaluation failed: karate.mapWithKey(nlinks ,'link'), ReferenceError: "nlinks" is not defined in <eval> at line number 1
[1.174:16] check-known-dataset-record.feature:79 - javascript evaluation failed: karate.mapWithKey(nlinks ,'link'), ReferenceError: "nlinks" is not defined in <eval> at line number 1
[1.175:16] check-known-dataset-record.feature:79 - javascript evaluation failed: karate.mapWithKey(nlinks ,'link'), ReferenceError: "nlinks" is not defined in <eval> at line number 1
[1.176:16] check-known-dataset-record.feature:79 - javascript evaluation failed: karate.mapWithKey(nlinks ,'link'), ReferenceError: "nlinks" is not defined in <eval> at line number 1
[1.177:16] check-known-dataset-record.feature:79 - javascript evaluation failed: karate.mapWithKey(nlinks ,'link'), ReferenceError: "nlinks" is not defined in <eval> at line number 1
[1.178:16] check-known-dataset-record.feature:79 - javascript evaluation failed: karate.mapWithKey(nlinks ,'link'), ReferenceError: "nlinks" is not defined in <eval> at line number 1
[1.179:16] check-known-dataset-record.feature:79 - javascript evaluation failed: karate.mapWithKey(nlinks ,'link'), ReferenceError: "nlinks" is not defined in <eval> at line number 1
[1.180:16] check-known-dataset-record.feature:79 - javascript evaluation failed: karate.mapWithKey(nlinks ,'link'), ReferenceError: "nlinks" is not defined in <eval> at line number 1
[1.181:16] check-known-dataset-record.feature:79 - javascript evaluation failed: karate.mapWithKey(nlinks ,'link'), ReferenceError: "nlinks" is not defined in <eval> at line number 1
[1.182:16] check-known-dataset-record.feature:79 - javascript evaluation failed: karate.mapWithKey(nlinks ,'link'), ReferenceError: "nlinks" is not defined in <eval> at line number 1
[1.183:16] check-known-dataset-record.feature:79 - javascript evaluation failed: karate.mapWithKey(nlinks ,'link'), ReferenceError: "nlinks" is not defined in <eval> at line number 1
[1.184:16] check-known-dataset-record.feature:79 - javascript evaluation failed: karate.mapWithKey(nlinks ,'link'), ReferenceError: "nlinks" is not defined in <eval> at line number 1
[1.185:16] check-known-dataset-record.feature:79 - javascript evaluation failed: karate.mapWithKey(nlinks ,'link'), ReferenceError: "nlinks" is not defined in <eval> at line number 1
[1.186:16] check-known-dataset-record.feature:79 - javascript evaluation failed: karate.mapWithKey(nlinks ,'link'), ReferenceError: "nlinks" is not defined in <eval> at line number 1
[1.187:16] check-known-dataset-record.feature:79 - javascript evaluation failed: karate.mapWithKey(nlinks ,'link'), ReferenceError: "nlinks" is not defined in <eval> at line number 1
[1.188:16] check-known-dataset-record.feature:79 - javascript evaluation failed: karate.mapWithKey(nlinks ,'link'), ReferenceError: "nlinks" is not defined in <eval> at line number 1
[1.189:16] check-known-dataset-record.feature:79 - javascript evaluation failed: karate.mapWithKey(nlinks ,'link'), ReferenceError: "nlinks" is not defined in <eval> at line number 1
[1.190:16] check-known-dataset-record.feature:79 - javascript evaluation failed: karate.mapWithKey(nlinks ,'link'), ReferenceError: "nlinks" is not defined in <eval> at line number 1
[1.191:16] check-known-dataset-record.feature:79 - javascript evaluation failed: karate.mapWithKey(nlinks ,'link'), ReferenceError: "nlinks" is not defined in <eval> at line number 1
[1.192:16] check-known-dataset-record.feature:79 - javascript evaluation failed: karate.mapWithKey(nlinks ,'link'), ReferenceError: "nlinks" is not defined in <eval> at line number 1
[1.193:16] check-known-dataset-record.feature:79 - javascript evaluation failed: karate.mapWithKey(nlinks ,'link'), ReferenceError: "nlinks" is not defined in <eval> at line number 1
[1.194:16] check-known-dataset-record.feature:79 - javascript evaluation failed: karate.mapWithKey(nlinks ,'link'), ReferenceError: "nlinks" is not defined in <eval> at line number 1
[1.195:16] check-known-dataset-record.feature:79 - javascript evaluation failed: karate.mapWithKey(nlinks ,'link'), ReferenceError: "nlinks" is not defined in <eval> at line number 1
[1.196:16] check-known-dataset-record.feature:79 - javascript evaluation failed: karate.mapWithKey(nlinks ,'link'), ReferenceError: "nlinks" is not defined in <eval> at line number 1
[1.197:16] check-known-dataset-record.feature:79 - javascript evaluation failed: karate.mapWithKey(nlinks ,'link'), ReferenceError: "nlinks" is not defined in <eval> at line number 1
 ==> expected: <0> but was: <200>
	at InspireTest.TestAll.testParallel(InspireTest.java:27)
]]></failure>
    <system-out><![CDATA[15:22:23.496 [main] INFO  com.intuit.karate.Runner - waiting for parallel features to complete ...
15:22:23.827 [ForkJoinPool-1-worker-7] INFO  com.intuit.karate - karate.env system property was:  
15:22:23.828 [ForkJoinPool-1-worker-5] INFO  com.intuit.karate - karate.env system property was:  
15:22:23.826 [pool-1-thread-6] INFO  com.intuit.karate - karate.env system property was:  
15:22:23.830 [ForkJoinPool-1-worker-3] INFO  com.intuit.karate - karate.env system property was:  
15:22:23.822 [pool-1-thread-2] INFO  com.intuit.karate - karate.env system property was:  
15:22:23.849 [pool-1-thread-1] INFO  com.intuit.karate - karate.env system property was:  
15:22:23.852 [ForkJoinPool-1-worker-9] INFO  com.intuit.karate - karate.env system property was:  
15:22:24.154 [pool-1-thread-2] INFO  com.intuit.karate - >> lock acquired, begin callonce: read('def/writedatasetcsvheader.template.feature')
15:22:24.247 [pool-1-thread-6] INFO  com.intuit.karate - >> lock acquired, begin callonce: read('def/getdataset.template.feature')
15:22:24.251 [pool-1-thread-2] INFO  com.intuit.karate - [print] "datasetIdentifierCode","title","organisationName","email",
15:22:24.294 [pool-1-thread-2] INFO  com.intuit.karate - << lock released, cached callonce: read('def/writedatasetcsvheader.template.feature')
15:22:24.295 [pool-1-thread-2] INFO  com.intuit.karate - >> lock acquired, begin callonce: read('def/getcswbriefrecords.feature')
15:22:24.475 [ForkJoinPool-1-worker-11] INFO  com.intuit.karate - [print] [
  "http://creativecommons.org/licenses/by/3.0/deed.nl"
]

15:22:24.476 [ForkJoinPool-1-worker-13] INFO  com.intuit.karate - [print] [
  "http://creativecommons.org/licenses/by/3.0/nl/"
]

15:22:24.582 [ForkJoinPool-1-worker-13] INFO  com.intuit.karate - [print]
15:22:24.592 [ForkJoinPool-1-worker-11] INFO  com.intuit.karate - [print]
15:22:24.598 [ForkJoinPool-1-worker-11] INFO  com.intuit.karate - [print] testing xlinkurl:http://creativecommons.org/licenses/by/3.0/deed.nl
15:22:24.600 [ForkJoinPool-1-worker-13] INFO  com.intuit.karate - [print] testing xlinkurl:http://creativecommons.org/licenses/by/3.0/nl/
15:22:24.802 [ForkJoinPool-1-worker-7] INFO  com.intuit.karate - [print] [
  "http://creativecommons.org/licenses/by/4.0/deed.nl"
]

15:22:24.832 [ForkJoinPool-1-worker-3] INFO  com.intuit.karate - [print] [
  "http://creativecommons.org/publicdomain/mark/1.0/deed.nl"
]

15:22:24.842 [pool-1-thread-6] INFO  com.intuit.karate - << lock released, cached callonce: read('def/getdataset.template.feature')
15:22:24.845 [ForkJoinPool-1-worker-13] INFO  com.intuit.karate - [print] [
  "http://creativecommons.org/publicdomain/zero/1.0/deed.nl"
]

15:22:24.846 [ForkJoinPool-1-worker-11] INFO  com.intuit.karate - [print] [
  "http://data.europa.eu/eli/reg/2010/1089"
]

15:22:24.868 [pool-1-thread-6] INFO  com.intuit.karate - [print] {
  "__arg": null,
  "responseType": "string",
  "responseHeaders": {
    "Connection": [
      "keep-alive"
    ],
    "Server": [
      "GitHub.com"
    ],
    "Content-Type": [
      "text/csv; charset=utf-8"
    ],
    "Strict-Transport-Security": [
      "max-age=31556952"
    ],
    "Last-Modified": [
      "Fri, 18 Sep 2020 15:19:27 GMT"
    ],
    "ETag": [
      "W/\"5f64cfff-c197\""
    ],
    "Access-Control-Allow-Origin": [
      "*"
    ],
    "Expires": [
      "Fri, 18 Sep 2020 15:32:24 GMT"
    ],
    "Cache-Control": [
      "max-age=600"
    ],
    "X-Proxy-Cache": [
      "MISS"
    ],
    "X-GitHub-Request-Id": [
      "B5EA:48B6:4C2C20:55AFEC:5F64D0B0"
    ],
    "Accept-Ranges": [
      "bytes"
    ],
    "Date": [
      "Fri, 18 Sep 2020 15:22:24 GMT"
    ],
    "Via": [
      "1.1 varnish"
    ],
    "Age": [
      "0"
    ],
    "X-Served-By": [
      "cache-bwi5061-BWI"
    ],
    "X-Cache": [
      "HIT"
    ],
    "X-Cache-Hits": [
      "1"
    ],
    "X-Timer": [
      "S1600442545.685944,VS0,VE84"
    ],
    "Vary": [
      "Accept-Encoding"
    ],
    "X-Fastly-Request-ID": [
      "8cbe8c31a1821e37c8895009a08bc28569c47d0f"
    ]
  },
  "responseTime": 405,
  "response": "\"datasetIdentifierCode\",\"title\",\"organisationName\",\"email\",\n\"datasetIdentifierCode\",\"title\",\"organisationName\",\"email\",\n\"fcefa13c-44e2-4953-b6d6-1ddceebc57fc\",\"Vogelrichtlijn verspreiding van soorten\",\"[Ministerie van Economische Zaken - GIS Competence Center, Wageningen Environmental Research (Alterra), PDOK, Sovon Vogelonderzoek Nederland]\",\"[geodatabeheer.giscc@rvo.nl, GeoDesk.CGI@wur.nl, geodatabeheer.giscc@rvo.nl, beheerPDOK@kadaster.nl, ]\",\n\"f99e915a-75e5-4c36-97f2-61eff692d85b\",\"Grondwateronderzoek onder INSPIRE\",\"[TNO Geologische Dienst Nederland, TNO Geologische Dienst Nederland, TNO Geologische Dienst Nederland]\",\"[info@dinoloket.nl, info@dinoloket.nl, info@dinoloket.nl]\",\n\"3703b249-a0eb-484e-ba7a-10e31a55bcec\",\"Invasieve Exoten (INSPIRE Geharmoniseerd)\",\"Ministerie van Landbouw, Natuur en Voedselkwaliteit\",\"[geodatabeheer.giscc@rvo.nl, Geodatabeheer.GISCC@rvo.nl]\",\n\"977e0e94-7aa9-4784-b2da-eaec44adb61b\",\"Habitatrichtlijn verspreiding van habitattypen\",\"[Ministerie van Economische Zaken - GIS Competence Center, Wageningen Environmental Research (Alterra), PDOK, Alterra]\",\"[geodatabeheer.giscc@rvo.nl, GeoDesk.CGI@wur.nl, geodatabeheer.giscc@rvo.nl, beheerPDOK@kadaster.nl, ]\",\n\"3a72b9a4-cda9-11ea-87d0-0242ac130003\",\"Grondwater Monitoring Net\",\"[TNO Geologische Dienst Nederland, TNO Geologische Dienst Nederland, TNO Geologische Dienst Nederland]\",\"[info@bro.nl, Info@bro.nl, info@dinoloket.nl]\",\n\"247a1d15-0a67-40ce-85be-1403c08f15a8\",\"Nationale Parken (INSPIRE Geharmoniseerd)\",\"no organisationName found in dataset record\",\"[geodatabeheer.giscc@rvo.nl, geodatabeheer.giscc@rvo.nl, info@minlnv.nl, , , ]\",\n\"af0c582f-9e6b-46e6-865a-fc3a2d5289b9\",\"Bodemgebruik\",\"[Kadaster, Kadaster, Kadaster]\",\"[PPB-GVA@kadaster.nl, kcc@kadaster.nl, kcc@kadaster.nl]\",\n\"9d9f1738-aced-47c9-aaa0-c62474a2dcfb\",\"Zeegebieden\",\"[Kadaster, Kadaster, Kadaster]\",\"[PPB-GVA@kadaster.nl, kcc@kadaster.nl, kcc@kadaster.nl]\",\n\"3a7dd0a6-d130-4c4c-b0ba-24365cf036e2\",\"Vervoersnetwerken - Spoorwegen (INSPIRE geharmoniseerd)\",\"[Kadaster, Kadaster]\",\"[PPB-GVA@kadaster.nl, kcc@kadaster.nl]\",\n\"b3f66964-a8c1-456f-9799-9cafca2cb7b1\",\"Monitoring stations (Nitraatrichtlijn) ondiepe filters\",\"no organisationName found in dataset record\",\"[geodata@rivm.nl, , geodata@rivm.nl]\",\n\"81ff84ec-42a4-4481-840b-12713bbb5d38\",\"Geografische Namen\",\"[Kadaster, Kadaster, Kadaster]\",\"[PPB-GVA@kadaster.nl, kcc@kadaster.nl, kcc@kadaster.nl]\",\n\"a7fb2234-f7b4-4a03-b282-f10947f42fb1\",\"Kaart van de bodemopbouw in Nederland 1:50.000 onder INSPIRE\",\"[TNO Geologische Dienst Nederland, Alterra, Wageningen UR, TNO Geologische Dienst Nederland]\",\"[info@dinoloket.nl, geodesk.cgi@wur.nl, info@dinoloket.nl]\",\n\"c7662717-9e43-4367-a344-723d73abbb3e\",\"-Gegevens boormonsterprofiel onder PDOK\",\"[TNO Geologische Dienst Nederland, TNO Geologische Dienst Nederland]\",\"[info@dinoloket, info@dinoloket.nl]\",\n\"28c4780a-1a44-4376-b283-14a50a481729\",\"Habitatrichtlijn verspreiding van soorten\",\"[Wageningen Environmental Research (Alterra), PDOK, CBS, Natuurloket, PGO's]\",\"[geodatabeheer.giscc@rvo.nl, GeoDesk.CGI@wur.nl, geodatabeheer.giscc@rvo.nl, beheerPDOK@kadaster.nl, , , ]\",\n\"8b0b02a0-1e1b-4cda-bcfe-6fa0f738e38f\",\"Emissies naar het riool in 2011 vanuit de industrie\",\"no organisationName found in dataset record\",\"[emissieregistratie@rivm.nl, , emissieregistratie@rivm.nl]\",\n\"29d5310f-dd0d-45ba-abad-b4ffc6b8785f\",\"TOP10NL\",\"[Kadaster, Kadaster, Kadaster, Kadaster, Kadaster, Kadaster, Kadaster, Kadaster, Kadaster]\",\"[PPB-GVA@kadaster.nl, kcc@kadaster.nl, kcc@kadaster.nl, , , , , , ]\",\n\"791adbe3-772f-42cb-a3be-5a617bcecef0\",\"Zeegebieden (INSPIRE geharmoniseerd)\",\"[Kadaster, Kadaster]\",\"[PPB-GVA@kadaster.nl, kcc@kadaster.nl]\",\n\"db8d613f-5edc-4467-9cc0-e2dcfb9d64a8\",\"Statistical Units Grid\",\"[Statistics Netherlands, Statistics Netherlands, Statistics Netherlandds, Statistics Netherlands]\",\"[infoservice@cbs.nl, infoservice@cbs.nl, infoservice@cbs.nl, , ]\",\n\"2cc2c30c-91b8-412a-a060-e84d25272581\",\"Zones en agglomeraties (Richtlijn Luchtkwaliteit) 2013\",\"no organisationName found in dataset record\",\"[geodata@rivm.nl, , geodata@rivm.nl]\",\n\"83dab947-387b-49df-8ad2-32bb10d46d38\",\"Geluidkaart Schiphol 2016 (Lden)\",\"[Ministerie van IenW, Ministerie van IenW]\",\"[sylvia.koolmees@minienw.nl, sylvia.koolmees@minienw.nl]\",\n\"5951efa2-1ff3-4763-a966-a2f5497679ee\",\"Vervoersnetwerken - Waterwegen (INSPIRE geharmoniseerd)\",\"[Kadaster, Kadaster]\",\"[PPB-GVA@kadaster.nl, kcc@kadaster.nl]\",\n\"f2f86edf-ac3a-48e8-9292-0544da2d7645\",\"Emissies naar het riool in 2015 vanuit de industrie\",\"no organisationName found in dataset record\",\"[emissieregistratie@rivm.nl, , emissieregistratie@rivm.nl]\",\n\"5a1adb58-0bbe-425d-b0fe-577a6c0a4228\",\"Actueel Hoogtebestand Nederland 1 (AHN1)\",\"[Rijkswaterstaat, stuurgroep AHN, , Rijkswaterstaat, Rijkswaterstaat]\",\"[servicedesk-data@rijkswaterstaat.nl, servicedesk-data@rijkswaterstaat.nl, , servicedesk-data@rijkswaterstaat.nl, servicedesk-data@rijkswaterstaat.nl]\",\n\"8de2f5eb-b09f-4f6d-8397-8878a1b86238\",\"Geluidbelasting rijkswegen in Nederland 2011 (24-uurs gemiddelde)\",\"[Rijkswaterstaat, Rijkswaterstaat, , Rijkswaterstaat, Rijkswaterstaat]\",\"[servicedesk-data@rijkswaterstaat.nl, servicedesk-data@rijkswaterstaat.nl, , servicedesk-data@rijkswaterstaat.nl, servicedesk-data@rijkswaterstaat.nl]\",\n\"tbjk534p-wubf-crbp-cj25-d4161160gfim\",\"Kaderrichtlijn Mariene Strategie - Bevroren monitoringsdata\",\"[Rijkswaterstaat, Rijkswaterstaat, , Rijkswaterstaat, Rijkswaterstaat]\",\"[servicedesk-data@rijkswaterstaat.nl, servicedesk-data@rijkswaterstaat.nl, , servicedesk-data@rijkswaterstaat.nl, servicedesk-data@rijkswaterstaat.nl]\",\n\"eu-cb527d-f6db-4835-b0cd-deb245241254\",\"Vervoersnetwerken - Wegen (INSPIRE geharmoniseerd) - RWS\",\"[Rijkswaterstaat, Rijkswaterstaat, , Beheer PDOK, Rijkswaterstaat]\",\"[servicedesk-data@rijkswaterstaat.nl, beheerPDOK@kadaster.nl, , beheerPDOK@kadaster.nl, servicedesk-data@rijkswaterstaat.nl]\",\n\"be1b1514-8d1f-48e1-9624-fee9b784138b\",\"Vaarwegmarkeringen Nederland\",\"[Rijkswaterstaat, Rijkswaterstaat, , Rijkswaterstaat, Rijkswaterstaat]\",\"[servicedesk-data@rijkswaterstaat.nl, servicedesk-data@rijkswaterstaat.nl, , servicedesk-data@rijkswaterstaat.nl, servicedesk-data@rijkswaterstaat.nl]\",\n\"cbeaebc3-815a-48af-a978-0e16892865fc\",\"Vogelrichtlijn verspreidingsgebied van soorten\",\"[Ministerie van Economische Zaken - GIS Competence Center, Wageningen Environmental Research (Alterra), PDOK, Sovon Vogelonderzoek Nederland]\",\"[geodatabeheer.giscc@rvo.nl, GeoDesk.CGI@wur.nl, geodatabeheer.giscc@rvo.nl, beheerPDOK@kadaster.nl, ]\",\n\"9dd9bf30-36e6-45ae-b368-bdef2720bdde\",\"Bodemkundig boormonsterprofiel onder INSPIRE\",\"[TNO Geologische Dienst Nederland, Alterra, Wageningen UR, TNO Geologische Dienst Nederland]\",\"[info@dinoloket.nl, geodesk.cgi@wur.nl, info@dinoloket.nl]\",\n\"edf79e6a-d73d-4def-8d22-0f495cc76a73\",\"Bronbestanden waterkwaliteit\",\"[Informatiehuis Water, Informatiehuis Water]\",\"[servicedesk@ihw.nl, servicedesk@ihw.nl]\",\n\"3e57ce43-7707-43ed-a4b9-72b3a6d812f8\",\"Geluidkaart hoofdspoornet 2011 (Lnight)\",\"[Ministerie van IenW, Ministerie van IenW]\",\"[sylvia.koolmees@minienw.nl, sylvia.koolmees@minienw.nl]\",\n\"c2225e5d-b46f-4e38-8445-ab10fd40c0dc\",\"Blokindeling Nederlands Continentaal Plat\",\"[Ministerie van Defensie, Koninklijke Marine, Dienst der Hydrografie, Ministerie van Defensie, Koninklijke Marine, Dienst der Hydrografie, Ministerie van Defensie, Koninklijke Marine, Dienst der Hydrografie]\",\"[data@hydro.nl, data@hydro.nl, data@hydro.nl]\",\n\"eu-f297898-2640-44c2-bbe9-c0480da83794\",\"Hydrografie - Netwerk (INSPIRE geharmoniseerd) - WT\",\"[Rijkswaterstaat, Rijkswaterstaat, , Rijkswaterstaat, Wetransform]\",\"[servicedesk-data@rijkswaterstaat.nl, servicedesk-data@rijkswaterstaat.nl, , servicedesk-data@rijkswaterstaat.nl, info@wetransform.to]\",\n\"3d59fd06-9aec-4744-91e7-65e119f74569\",\"Mossel- en oesterhabitats\",\"[Ministerie van Economische Zaken - GIS Competence Center, Wageningen Marine Research, PDOK]\",\"[geodatabeheer.giscc@rvo.nl, geodatabeheer.giscc@rvo.nl, info@wur.nl, BeheerPDOK@kadaster.nl]\",\n\"c5c4a6d6-b850-473c-8ab5-af9c2c550809\",\"Administratieve Eenheden\",\"[Kadaster, Kadaster en Openbare Registers, Kadaster en de Openbare Registers]\",\"[PPB-GVA@kadaster.nl, kcc@kadaster.nl, kcc@kadaster.nl]\",\n\"be6551de-a709-4c6d-a5e2-f63f0cf038ba\",\"Amplitude van het getij op de Noordzee\",\"[Ministerie van Defensie, Koninklijke Marine, Dienst der Hydrografie, Ministerie van Defensie, Koninklijke Marine, Dienst der Hydrografie, Ministerie van Defensie, Koninklijke Marine, Dienst der Hydrografie]\",\"[data@hydro.nl, data@hydro.nl, data@hydro.nl, ]\",\n\"6050578f-0010-4bfa-b013-c8617b80ba62\",\"Grondwatersamenstellinggegevens KRW meetronde 2012 onder INSPIRE\",\"[TNO Geologische Dienst Nederland, TNO Geologische Dienst Nederland, TNO Geologische Dienst Nederland]\",\"[info@dinoloket.nl, info@dinoloket.nl, info@dinoloket.nl]\",\n\"08b27bf0-e34a-4b30-9eac-5edadfb6a288\",\"Afgevoerde hoeveelheid afval in 2015 vanuit de industrie\",\"no organisationName found in dataset record\",\"[emissieregistratie@rivm.nl, , emissieregistratie@rivm.nl]\",\n\"a5f961e9-ebdd-41e2-b8e8-ab33ed340a83\",\"Adressen (INSPIRE geharmoniseerd)\",\"[Kadaster, Kadaster]\",\"[PPB-GVA@kadaster.nl, kcc@kadaster.nl]\",\n\"14657c9b-91e4-4355-8563-2911ad0e78e4\",\"Vervoersnetwerken - Gemeenschappelijke elementen (INSPIRE geharmoniseerd)\",\"[Kadaster, Kadaster]\",\"[PPB-GVA@kadaster.nl, kcc@kadaster.nl]\",\n\"58d39928-f502-48c9-a8c1-03244dc181bf\",\"Geluidkaart Schiphol 2016 (Lnight)\",\"[Ministerie van IenW, Ministerie van IenW]\",\"[sylvia.koolmees@minienw.nl, sylvia.koolmees@minienw.nl]\",\n\"25294679-adb9-4c39-a93b-6954ff9414ac\",\"Waterstanden en afvoeren verwacht - Rijkswaterstaat\",\"[Rijkswaterstaat, Rijkswaterstaat, , Rijkswaterstaat, Rijkswaterstaat]\",\"[servicedesk-data@rijkswaterstaat.nl, servicedesk-data@rijkswaterstaat.nl, , servicedesk-data@rijkswaterstaat.nl, servicedesk-data@rijkswaterstaat.nl]\",\n\"d6b85d84-cdb9-4a6e-b799-cf8826e22a94\",\"Ligging industrie en CO2 emissies\",\"Ministerie van Economische Zaken - GIS Competence Center\",\"[geodatabeheer.giscc@rvo.nl, geodatabeheer.giscc@rvo.nl]\",\n\"b4ae622c-6201-49d8-bd2e-f7fce9206a1e\",\"Gebouwen (INSPIRE geharmoniseerd)\",\"[Kadaster, Kadaster]\",\"[PPB-GVA@kadaster.nl, kcc@kadaster.nl]\",\n\"e80ad426-1392-4349-9f80-14dae5f1bf57\",\"Kadastrale Percelen (INSPIRE geharmoniseerd)\",\"[Kadaster, Kadaster]\",\"[PPB-GVA@kadaster.nl, kcc@kadaster.nl, , ]\",\n\"74aca3eb-c38b-4214-9537-e0abc69e11b5\",\"Luchtfoto 2017 25cm RGB open data\",\"[Kadaster, Het Waterschapshuis, Kadaster, Eurosense, Eurosense, Eurosense, Kadaster, Kadaster]\",\"[PPB-GVA@kadaster.nl, info@hetwaterschapshuis.nl, kcc@kadaster.nl, , , , , , ]\",\n\"d9baa847-4652-4588-abe1-0b050f40f27f\",\"Ziekenhuizen in Nederland (september 2013)\",\"no organisationName found in dataset record\",\"[atlas@rivm.nl, , geodata@rivm.nl]\",\n\"ed960299-a147-4c1a-bc57-41ff83a2264f\",\"Bodemkaart50000_versie2014\",\"[Wageningen Environmental Research, Wageningen Environmental Research (Alterra), Wageningen Environmental Research, Wageningen Environmental Research (Alterra), ALTERRA en voorafgaande instituten, ALTERRA en voorafgaande instituten, Alterra, Alterra, Alterra Wageningen UR, Alterra]\",\"[fokke.brouwer@wur.nl, GeoDesk@wur.nl, fokke.brouwer@wur.nl, GeoDesk@wur.nl]\",\n\"12bb57cd-73e0-41ba-a1e9-6d986b9109d3\",\"Human Health NL NUTS2\",\"[Statistics Netherlands, Statistics Netherlands, Statistics Netherlandds, Statistics Netherlands]\",\"[infoservice@cbs.nl, infoservice@cbs.nl, infoservice@cbs.nl, , ]\",\n\"76541ebb-a554-4540-a017-399d4bb4a860\",\"Population Distribution NL\",\"[Statistics Netherlands, Statistics Netherlands, Statistics Netherlandds, Statistics Netherlands]\",\"[infoservice@cbs.nl, infoservice@cbs.nl, infoservice@cbs.nl, , ]\",\n\"fe0e1e5f-512f-4bb1-bbf8-4028d3dfa24f\",\"Schelpdierpercelen\",\"[Ministerie van Economische Zaken - GIS Competence Center, PDOK]\",\"[geodatabeheer.giscc@rvo.nl, geodatabeheer.giscc@rvo.nl, BeheerPDOK@kadaster.nl]\",\n\"d24ccb35-e9d2-41bf-b231-43083fc0c76d\",\"LCP emissies (Richtlijn Industriële emissies) 2016\",\"no organisationName found in dataset record\",\"[emissieregistratie@rivm.nl, , emissieregistratie@rivm.nl]\",\n\"36a7e8cb-8300-4602-93d2-135943365a6f\",\"Monitoring stations (Nitraatrichtlijn) diepe filters\",\"no organisationName found in dataset record\",\"[geodata@rivm.nl, , geodata@rivm.nl]\",\n\"adn73c4a-ef03-4785-b7f6-942e86b385f5\",\"Bathymetrie Nederland - kust\",\"[Rijkswaterstaat, Rijkswaterstaat, , Rijkswaterstaat, Rijkswaterstaat]\",\"[servicedesk-data@rijkswaterstaat.nl, servicedesk-data@rijkswaterstaat.nl, , servicedesk-data@rijkswaterstaat.nl, servicedesk-data@rijkswaterstaat.nl]\",\n\"f273941e-9c3b-43bc-b886-2d50d0bf9348\",\"Habitatrichtlijn verspreidingsgebied van soorten\",\"[Ministerie van Economische Zaken - GIS Competence Center, Wageningen Environmental Research (Alterra), PDOK, CBS, Natuurloket, pgo's]\",\"[geodatabeheer.giscc@rvo.nl, GeoDesk.CGI@wur.nl, geodatabeheer.giscc@rvo.nl, beheerPDOK@kadaster.nl, , , ]\",\n\"9986a7ef-e5e2-4a7a-9018-2e1f9631ba8c\",\"Zwemwater (provinciaal en Rijkswateren) uit {Zwemwaterregister}\",\"[Interprovinciaal Overleg, Interprovinciaal Overleg, Interprovinciaal Overleg]\",\"[inspire@gbo-provincies.nl, inspire@gbo-provincies.nl, inspire@gbo-provincies.nl]\",\n\"34e6165f-1269-48d1-b255-0f05d163d692\",\"Geluidszones rondom bedrijventerreinen zowel provinciaal als gemeentelijk\",\"[Interprovinciaal Overleg, Interprovinciaal Overleg, Interprovinciaal Overleg]\",\"[inspire@gbo-provincies.nl, inspire@gbo-provincies.nl, inspire@gbo-provincies.nl]\",\n\"41023936-009d-48ec-a90d-c966895463c1\",\"Geluidszones rondom vliegvelden\",\"[Interprovinciaal Overleg, Interprovinciaal Overleg, Interprovinciaal Overleg]\",\"[inspire@gbo-provincies.nl, inspire@gbo-provincies.nl, inspire@gbo-provincies.nl]\",\n\"ffefc3dc-dc8f-4589-ae22-a60bebcdf5cb\",\"Wijk- en Buurtkaart 2018 versie 2\",\"[Centraal Bureau voor de Statistiek, Centraal Bureau voor de Statistiek, Centraal Bureau voor de Statistiek, Kadaster]\",\"[infoservice@cbs.nl, infoservice@cbs.nl, infoservice@cbs.nl, , ]\",\n\"eu-2c7040b-c448-451b-bf15-f2416ecaadd1\",\"Vervoersnetwerken - Waterwegen (INSPIRE geharmoniseerd) - WT\",\"[Rijkswaterstaat, Rijkswaterstaat, , Rijkswaterstaat, Wetransform]\",\"[servicedesk-data@rijkswaterstaat.nl, servicedesk-data@rijkswaterstaat.nl, , servicedesk-data@rijkswaterstaat.nl, info@wetransform.to]\",\n\"6318009c-7b11-4ab9-9929-735584dfb692\",\"Land Use 2015\",\"[Statistics Netherlands, Statistics Netherlands, PDOK]\",\"[infoservice@cbs.nl, infoservice@cbs.nl, , , ]\",\n\"2daad588-11ef-47de-9832-6fe2c3b93e6d\",\"Overstromingsrisicokaarten\",\"[Interprovinciaal Overleg, Interprovinciaal Overleg, Interprovinciaal Overleg]\",\"[inspire@gbo-provincies.nl, inspire@gbo-provincies.nl, inspire@gbo-provincies.nl]\",\n\"bc2c53f6-c908-4d7c-a6c0-78d9a2855640\",\"Overstromingsgevaarkaarten\",\"[Interprovinciaal Overleg, Interprovinciaal Overleg, Interprovinciaal Overleg]\",\"[inspire@gbo-provincies.nl, inspire@gbo-provincies.nl, inspire@gbo-provincies.nl]\",\n\"wt-f5eb-b09f-4f6d-8397-8878a1b86238\",\"Menselijke gezondheid en veiligheid - geluidbelasting rijkswegen 2011 (INSPIRE geharmoniseerd)\",\"[Rijkswaterstaat, Rijkswaterstaat, , Rijkswaterstaat, Wetransform]\",\"[servicedesk-data@rijkswaterstaat.nl, servicedesk-data@rijkswaterstaat.nl, , servicedesk-data@rijkswaterstaat.nl, info@wetransform.to]\",\n\"wt-3730-e750-485a-9c0c-39bf9be72cf9\",\"Menselijke gezondheid en veiligheid -  geluidbelasting rijkswegen 2006 (INSPIRE geharmoniseerd)\",\"[Rijkswaterstaat, Rijkswaterstaat, , Rijkswaterstaat, Wetransform]\",\"[servicedesk-data@rijkswaterstaat.nl, servicedesk-data@rijkswaterstaat.nl, , servicedesk-data@rijkswaterstaat.nl, info@wetransform.to]\",\n\"998ba1dc-f6a6-49a3-a021-51f30d9b1d0e\",\"Wet Ammoniak en Veehouderij gebieden\",\"[Interprovinciaal Overleg, Interprovinciaal Overleg, Interprovinciaal Overleg]\",\"[inspire@gbo-provincies.nl, inspire@gbo-provincies.nl, inspire@gbo-provincies.nl]\",\n\"c7d8d77b-8c47-4309-8c58-9b12b086407f\",\"Natuurnetwerk Nederland\",\"[Interprovinciaal Overleg, Interprovinciaal Overleg, Interprovinciaal Overleg]\",\"[inspire@gbo-provincies.nl, inspire@gbo-provincies.nl, inspire@gbo-provincies.nl]\",\n\"krw2006-68b5-4ff3-94a4-9c24109ffd5e\",\"Kaderrichtlijn Water - Oppervlaktewaterlichamen Nederland EU2009 vlakken\",\"[Rijkswaterstaat, Rijkswaterstaat, , Rijkswaterstaat, Rijkswaterstaat]\",\"[servicedesk-data@rijkswaterstaat.nl, servicedesk-data@rijkswaterstaat.nl, , servicedesk-data@rijkswaterstaat.nl, servicedesk-data@rijkswaterstaat.nl]\",\n\"710c381c-ab2d-45d5-a45d-af2eba811e5f\",\"Nationaal Hydrologisch Instrumentarium (NHI) - netwerkschematisatie\",\"[Rijkswaterstaat, Rijkswaterstaat, , Rijkswaterstaat, Rijkswaterstaat]\",\"[servicedesk-data@rijkswaterstaat.nl, servicedesk-data@rijkswaterstaat.nl, , servicedesk-data@rijkswaterstaat.nl, servicedesk-data@rijkswaterstaat.nl]\",\n\"cc408b2d-09a6-4b2b-9aa3-b46bfe2f00a5\",\"Stiltegebieden\",\"[Interprovinciaal Overleg, Interprovinciaal Overleg, Interprovinciaal Overleg]\",\"[inspire@gbo-provincies.nl, inspire@gbo-provincies.nl, inspire@gbo-provincies.nl]\",\n\"f0821bfe-5a0a-11e9-8647-d663bd873d93\",\"NB-wetgebieden buiten Natura 2000\",\"[Interprovinciaal Overleg, Interprovinciaal Overleg, Interprovinciaal Overleg]\",\"[inspire@gbo-provincies.nl, inspire@gbo-provincies.nl, inspire@gbo-provincies.nl]\",\n\"110f9ec6-4464-462e-9765-83d90cefbeab\",\"Kaderrichtlijn Water - Stroomgebieddistricten Nederland EU2015\",\"[Informatiehuis Water, Informatiehuis Water, , Rijkswaterstaat, Rijkswaterstaat]\",\"[servicedesk@ihw.nl, servicedesk-data@rijkswaterstaat.nl, , servicedesk-data@rijkswaterstaat.nl, servicedesk-data@rijkswaterstaat.nl]\",\n\"2e31680f-68b5-4ff3-94a4-9c24109ffd5e\",\"Kaderrichtlijn Water - Oppervlaktewaterlichamen Nederland 2019 vlakken\",\"[Rijkswaterstaat, Rijkswaterstaat, , Rijkswaterstaat, Rijkswaterstaat]\",\"[servicedesk-data@rijkswaterstaat.nl, servicedesk-data@rijkswaterstaat.nl, , servicedesk-data@rijkswaterstaat.nl, servicedesk-data@rijkswaterstaat.nl]\",\n\"622a632a-c57b-44a2-83a4-e51223d5f15g\",\"Kaderrichtlijn Water - Oppervlaktewaterlichamen Nederland 2019 lijnen\",\"[Rijkswaterstaat, Rijkswaterstaat, , Rijkswaterstaat, Rijkswaterstaat]\",\"[servicedesk-data@rijkswaterstaat.nl, servicedesk-data@rijkswaterstaat.nl, , servicedesk-data@rijkswaterstaat.nl, servicedesk-data@rijkswaterstaat.nl]\",\n\"krw-f7bb2351-9788-42ea-a58b-a5ee1842304e\",\"Kaderrichtlijn Water - Stroomgebieddistricten Nederland 2019 vlakken\",\"[Rijkswaterstaat, Rijkswaterstaat, , Rijkswaterstaat, Rijkswaterstaat]\",\"[servicedesk-data@rijkswaterstaat.nl, servicedesk-data@rijkswaterstaat.nl, , servicedesk-data@rijkswaterstaat.nl, servicedesk-data@rijkswaterstaat.nl]\",\n\"a1960e70-22f4-4fd9-91a8-b605c6ceda3e\",\"Kaderrichtlijn Water - Oppervlaktewaterlichamen Nederland EU2015 riviernetwerk\",\"[Informatiehuis Water, Informatiehuis Water, , Rijkswaterstaat, Rijkswaterstaat]\",\"[servicedesk@ihw.nl, servicedesk@ihw.nl, , servicedesk-data@rijkswaterstaat.nl, servicedesk-data@rijkswaterstaat.nl]\",\n\"krw2006-c57b-44a2-83a4-e51223d5f15g\",\"Kaderrichtlijn Water - Oppervlaktewaterlichamen Nederland EU2009 lijnen\",\"[Rijkswaterstaat, Rijkswaterstaat, , Rijkswaterstaat, Rijkswaterstaat]\",\"[servicedesk-data@rijkswaterstaat.nl, servicedesk-data@rijkswaterstaat.nl, , servicedesk-data@rijkswaterstaat.nl, servicedesk-data@rijkswaterstaat.nl]\",\n\"110f9ec6-4464-462e-9765-83d90cefbeag\",\"Kaderrichtlijn Water - Oppervlaktewaterlichamen Nederland EU2015 lijnen\",\"[Informatiehuis Water, Informatiehuis Water, , Rijkswaterstaat, Informatiehuis Water]\",\"[servicedesk@ihw.nl, servicedesk@ihw.nl, , servicedesk-data@rijkswaterstaat.nl, servicedesk@ihw.nl]\",\n\"110f9ec6-4464-462e-9765-83d90cefbeac\",\"Kaderrichtlijn Water - Deelstroomgebieden Nederland EU2015\",\"[Informatiehuis Water, Informatiehuis Water, , Rijkswaterstaat, Rijkswaterstaat]\",\"[servicedesk@ihw.nl, servicedesk@ihw.nl, , servicedesk-data@rijkswaterstaat.nl, servicedesk-data@rijkswaterstaat.nl]\",\n\"891ddc2d-8949-4a45-be96-c65b87c41f13\",\"Kaderrichtlijn Water - Monitoringlocaties Nederland EU2015\",\"[Informatiehuis Water, Informatiehuis Water, , Rijkswaterstaat, Rijkswaterstaat]\",\"[servicedesk@ihw.nl, servicedesk-data@rijkswaterstaat.nl, , servicedesk-data@rijkswaterstaat.nl, servicedesk-data@rijkswaterstaat.nl]\",\n\"26103042-50a1-4ee5-9c5b-857a2f8b7680\",\"Wijk- en Buurtkaart 2017 versie 3\",\"[Centraal Bureau voor de Statistiek, Centraal Bureau voor de Statistiek, Centraal Bureau voor de Statistiek, Kadaster]\",\"[infoservice@cbs.nl, infoservice@cbs.nl, infoservice@cbs.nl, , ]\",\n\"a9b7026e-0a81-4813-93bd-ba49e6f28502\",\"NWB - Wegen\",\"[Rijkswaterstaat, Rijkswaterstaat, , Rijkswaterstaat, Rijkswaterstaat]\",\"[servicedesk-data@rijkswaterstaat.nl, servicedesk-data@rijkswaterstaat.nl, , servicedesk-data@rijkswaterstaat.nl, servicedesk-data@rws.n]\",\n\"6cde2ce7-3ecd-4785-b7b8-d62c3381efe9\",\"Wijk- en Buurtkaart 2016 versie 3\",\"[Centraal Bureau voor de Statistiek, Centraal Bureau voor de Statistiek, Centraal Bureau voor de Statistiek, Kadaster]\",\"[infoservice@cbs.nl, infoservice@cbs.nl, infoservice@cbs.nl, , ]\",\n\"f605a24f-60cd-4c40-94c8-2186aba3ddd0\",\"CBS Vierkantstatistieken 500m\",\"[Centraal Bureau voor de Statistiek, Centraal Bureau voor de Statistiek, Centraal Bureau voor de Statistiek, Centraal Bureau voor de Statistiek]\",\"[infoservice@cbs.nl, infoservice@cbs.nl, infoservice@cbs.nl, ]\",\n\"4cda487b-c467-490c-a843-6563fec016be\",\"Aansluitende zone volgens UNCLOS - Noordzee\",\"[Ministerie van Defensie, Koninklijke Marine, Dienst der Hydrografie, Ministerie van Defensie, Koninklijke Marine, Dienst der Hydrografie, Ministerie van Defensie, Koninklijke Marine, Dienst der Hydrografie]\",\"[data@hydro.nl, data@hydro.nl, data@hydro.nl, , ]\",\n\"ror-9d8e-4758-83fx-28b057f185e1\",\"Richtlijn Overstromingsrisico - gebieden met Potentieel Significant Overstromingsrisico EU2018 vlakken\",\"[Rijkswaterstaat, Rijkswaterstaat, , Rijkswaterstaat, Rijkswaterstaat]\",\"[servicedesk-data@rijkswaterstaat.nl, servicedesk-data@rijkswaterstaat.nl, , servicedesk-data@rijkswaterstaat.nl, servicedesk-data@rijkswaterstaat.nl]\",\n\"ror-9d8e-4758-83fx-28b057f185f1\",\"Richtlijn Overstromingsrisico - historische overstromingen EU2018\",\"[Rijkswaterstaat, Rijkswaterstaat, , Rijkswaterstaat, Rijkswaterstaat]\",\"[servicedesk-data@rijkswaterstaat.nl, servicedesk-data@rijkswaterstaat.nl, , servicedesk-data@rijkswaterstaat.nl, servicedesk-data@rijkswaterstaat.nl]\",\n\"uwwtd-9d8e-4758-83fa-28b057f185e3\",\"Richtlijn Stedelijk Afvalwater - rioolwaterzuiveringsinstallaties Nederland EU2015\",\"[Rijkswaterstaat, Rijkswaterstaat, , Rijkswaterstaat, Rijkswaterstaat]\",\"[servicedesk-data@rijkswaterstaat.nl, servicedesk-data@rijkswaterstaat.nl, , servicedesk-data@rijkswaterstaat.nl, servicedesk-data@rijkswaterstaat.nl]\",\n\"uwwtd-9d8e-4758-83fa-28b057f185e1\",\"Richtlijn Stedelijk Afvalwater - agglomeraties Nederland EU2015\",\"[Rijkswaterstaat, Rijkswaterstaat, , Rijkswaterstaat, Rijkswaterstaat]\",\"[servicedesk-data@rijkswaterstaat.nl, servicedesk-data@rijkswaterstaat.nl, , servicedesk-data@rijkswaterstaat.nl, servicedesk-data@rijkswaterstaat.nl]\",\n\"76091be7-358a-4a44-8182-b4139c96c6a4\",\"Adressen\",\"[Kadaster, Kadaster, Kadaster]\",\"[PPB-GVA@kadaster.nl, kcc@kadaster.nl, kcc@kadaster.nl]\",\n\"0558a41c-b09a-47fa-b8db-9de6bfe4f494\",\"Gebouwen\",\"[Kadaster, Kadaster, Kadaster]\",\"[PPB-GVA@kadaster.nl, kcc@kadaster.nl, kcc@kadaster.nl]\",\n\"1c3afc74-cc34-44b7-938a-963e2350795a\",\"Hydrografie - Physical Waters (INSPIRE geharmoniseerd)\",\"[Kadaster, Kadaster]\",\"[PPB-GVA@kadaster.nl, kcc@kadaster.nl]\",\n\"c935f2ab-9b65-4dc4-94a0-73aeb840a941\",\"Overheidsdiensten\",\"[Kamer van Koophandel, Kamer van Koophandel]\",\"[erik.simonse@kvk.nl, erik.simonse@kvk.nl]\",\n\"4783ea4f-6b8c-4600-8af0-516f3556cfe9\",\"Kaderrichtlijn Water - Register Beschermd Gebied - Schelpdierwater 2008\",\"[Rijkswaterstaat, Rijkswaterstaat, , Rijkswaterstaat, Rijkswaterstaat]\",\"[servicedesk-data@rijkswaterstaat.nl, servicedesk-data@rijkswaterstaat.nl, , servicedesk-data@rijkswaterstaat.nl, servicedesk-data@rijkswaterstaat.nl]\",\n\"7c24ea89-074e-4c4f-91e3-d38e813e9cb6\",\"Luchtfoto 2017 25cm CIR open data\",\"[Kadaster, Het Waterschapshuis, Kadaster, Eurosense, Eurosense, Eurosense, Kadaster, Kadaster]\",\"[PPB-GVA@kadaster.nl, info@hetwaterschapshuis.nl, kcc@kadaster.nl, , , , , , ]\",\n\"80630ee7-3a15-4ea0-bdc0-a8aebfa2f204\",\"Oppervlaktegeologie, Geologische kaart onder INSPIRE\",\"[TNO Geologische Dienst Nederland, TNO Geologische Dienst Nederland, TNO Geologische Dienst Nederland]\",\"[info@dinoloket.nl, info@dinoloket.nl, info@dinoloket.nl]\",\n\"2d3dd6d2-2d2b-4b5f-9e30-86e19ed77a56\",\"Bestand Bodemgebruik 2015\",\"[Centraal Bureau voor de Statistiek, Centraal Bureau voor de Statistiek, PDOK]\",\"[infoservice@cbs.nl, infoservice@cbs.nl, , , ]\",\n\"1249746f-c2a6-4639-98f2-251676b3528e\",\"Maritieme grenzen - basislijn Noordzee\",\"[Ministerie van Defensie, Koninklijke Marine, Dienst der Hydrografie, Ministerie van Defensie, Koninklijke Marine, Dienst der Hydrografie, Ministerie van Defensie, Koninklijke Marine, Dienst der Hydrografie]\",\"[data@hydro.nl, data@hydro.nl, data@hydro.nl]\",\n\"f1d27179-36eb-4376-8048-f51d2eb23a09\",\"Nederlands deel PSSA Waddenzee\",\"[Ministerie van Defensie, Koninklijke Marine, Dienst der Hydrografie, Ministerie van Defensie, Koninklijke Marine, Dienst der Hydrografie, Ministerie van Defensie, Koninklijke Marine, Dienst der Hydrografie]\",\"[data@hydro.nl, data@hydro.nl, data@hydro.nl, , ]\",\n\"5b274449-b6c2-4672-a32f-e0bd40975a53\",\"Luchtfoto 2018 25cm RGB open data\",\"[Kadaster, Het Waterschapshuis, Kadaster, Eurosense, Eurosense, Eurosense, Kadaster, Kadaster]\",\"[PPB-GVA@kadaster.nl, info@hetwaterschapshuis.nl, kcc@kadaster.nl, , , , , , ]\",\n\"krw-782cab20-8328-45f1-a9b2-c27d07c14066\",\"Kaderrichtlijn Water - Deelstroomgebieden Nederland 2019 vlakken\",\"[Rijkswaterstaat, Rijkswaterstaat, , Rijkswaterstaat, Rijkswaterstaat]\",\"[servicedesk-data@rijkswaterstaat.nl, servicedesk-data@rijkswaterstaat.nl, , servicedesk-data@rijkswaterstaat.nl, servicedesk-data@rijkswaterstaat.nl]\",\n\"e536d943-ecff-4d7a-9500-cc31a263a6af\",\"Publiekrechtelijke beperkingen\",\"[Kadaster, Kadaster]\",\"[PPB-GVA@kadaster.nl, kcc@kadaster.nl]\",\n\"4617f0e0-6af4-4ac0-9044-31df9d03071c\",\"Gebieden in de territoriale zee\",\"[Ministerie van Defensie, Koninklijke Marine, Dienst der Hydrografie, Ministerie van Defensie, Koninklijke Marine, Dienst der Hydrografie, Ministerie van Defensie, Koninklijke Marine, Dienst der Hydrografie]\",\"[data@hydro.nl, data@hydro.nl, data@hydro.nl, , ]\",\n\"0f128799-cf18-4b37-a721-e62b068191f5\",\"Gebiedsbeheer, gebieden waar beperkingen gelden, gereguleerde gebieden en rapportage-eenheden - Provincies (INSPIRE geharmoniseerd)\",\"[Interprovinciaal Overleg, Interprovinciaal Overleg, Interprovinciaal Overleg]\",\"[inspire@gbo-provincies.nl, inspire@gbo-provincies.nl, inspire@gbo-provincies.nl]\",\n\"ca94a0cb-7561-4a10-a7d6-b840e56c33ff\",\"Provinciale monumenten\",\"[Interprovinciaal Overleg, Interprovinciaal Overleg, Interprovinciaal Overleg]\",\"[inspire@gbo-provincies.nl, inspire@gbo-provincies.nl, inspire@gbo-provincies.nl]\",\n\"380aa01e-dce7-11e3-9f07-901b0e19e163\",\"Netwerk van KNMI waarneemstations\",\"[Koninklijk Nederlands Meteorologisch Instituut (KNMI), Koninklijk Nederlands Meteorologisch Instituut (KNMI), Koninklijk Nederlands Meteorologisch Instituut (KNMI)]\",\"[datacentrum@knmi.nl, datacentrum@knmi.nl, datacentrum@knmi.nl]\",\n\"f002bfc5-7d87-46b6-819e-8415422b65c9\",\"Aardkundige waarden\",\"[Interprovinciaal Overleg, Interprovinciaal Overleg, Interprovinciaal Overleg]\",\"[inspire@gbo-provincies.nl, inspire@gbo-provincies.nl, inspire@gbo-provincies.nl]\",\n\"e3b0da1e-0664-4025-b3f5-a54d74a26450\",\"zoutvelden en zoutproductieputten onder INSPIRE\",\"[TNO Geologische Dienst Nederland, TNO Geologische Dienst Nederland, TNO Geologische Dienst Nederland]\",\"[info@dinoloket.nl, info@dinoloket.nl, info@dinoloket.nl]\",\n\"dc5b522e-3e14-4738-9e8e-2401e1b19ef2\",\"Potentieel koude en warmte uit open en gesloten WKO systemen (GJ/ha.jaar)\",\"[Ministerie van Economische Zaken - GIS Competence Center, Ministerie van Economische Zaken - GIS Competence Center]\",\"[geodatabeheer.giscc@rvo.nl, geodatabeheer.giscc@rvo.nl, geodatabeheer.giscc@rvo.nl]\",\n\"4b282988-cb91-4bbc-b147-f653014917cb\",\"Hydrografie\",\"[Kadaster, Kadaster, Kadaster]\",\"[PPB-GVA@kadaster.nl, kcc@kadaster.nl, kcc@kadaster.nl]\",\n\"88a3c1ae-902e-4efa-8663-ddd836101929\",\"Werelderfgoed\",\"[Rijksdienst voor het Cultureel Erfgoed, Rijksdienst voor het Cultureel Erfgoed, Rijksdienst voor het Cultureel Erfgoed]\",\"[info@cultureelerfgoed.nl, info@cultureelerfgoed.nl, info@cultureelerfgoed.nl]\",\n\"50a2c5e6-c8e7-425d-854e-26f578196bc9\",\"Afgevoerde hoeveelheid afval in 2011 vanuit de industrie\",\"no organisationName found in dataset record\",\"[emissieregistratie@rivm.nl, , emissieregistratie@rivm.nl]\",\n\"64ff8561-5c56-4cc1-ae0e-94366fb70b7e\",\"Luchtfoto 2019 25cm RGB open data\",\"[Kadaster, Het Waterschapshuis, Kadaster, Geocart, Geocart, Geocart, Kadaster, Kadaster]\",\"[PPB-GVA@kadaster.nl, info@hetwaterschapshuis.nl, kcc@kadaster.nl, , , , , , ]\",\n\"df15af6e-0d21-4437-a69f-802be3479bba\",\"Luchtfoto 2016 25cm RGB open data\",\"[Kadaster, Het Waterschapshuis, Kadaster, Eurosense, Eurosense, Eurosense, Kadaster, Kadaster]\",\"[PPB-GVA@kadaster.nl, info@hetwaterschapshuis.nl, kcc@kadaster.nl, , , , , , ]\",\n\"10d1153e-778f-4995-9b6c-7c69b196cccb\",\"Statistical Units Vector\",\"[Statistics Netherlands, Statistics Netherlands, Statistics Netherlandds, Statistics Netherlands]\",\"[infoservice@cbs.nl, infoservice@cbs.nl, infoservice@cbs.nl, , ]\",\n\"3eebf700-5abf-42e4-826c-03cfb497e366\",\"Vervoersnetwerken\",\"[Kadaster, Kadaster, Kadaster]\",\"[PPB-GVA@kadaster.nl, kcc@kadaster.nl, kcc@kadaster.nl]\",\n\"11a292bd-9022-4a9f-b1bf-02f5c89ad74a\",\"Totale potentie aardwarmte uit aquifers, INSPIRE\",\"[TNO Geologische Dienst Nederland, TNO Geologische Dienst Nederland, TNO Geologische Dienst Nederland]\",\"[info@dinoloket.nl, info@dinoloket.nl, info@dinoloket.nl]\",\n\"6c06740d-058f-4a12-bb3f-bf68efd03d09\",\"Vervoersnetwerken - Kabelbanen (INSPIRE geharmoniseerd)\",\"[Kadaster, Kadaster]\",\"[PPB-GVA@kadaster.nl, kcc@kadaster.nl]\",\n\"7dd1fd45-ace5-41e0-93a6-64e3be231717\",\"Administratieve Eenheden (INSPIRE geharmoniseerd)\",\"[Kadaster, Kadaster]\",\"[PPB-GVA@kadaster.nl, kcc@kadaster.nl]\",\n\"8a4f5c3b-aced-48fd-afb5-f1f1d0ef21d6\",\"Omgevingsdosisequivalenttempo Nationaal Meetnet Radioactiviteit 2011\",\"no organisationName found in dataset record\",\"[geodata@rivm.nl, , geodata@rivm.nl]\",\n\"ad6caa40-89ab-47e3-85ab-3f8e32024a71\",\"Emissies naar lucht en water in 2011 vanuit de industrie\",\"no organisationName found in dataset record\",\"[emissieregistratie@rivm.nl, , emissieregistratie@rivm.nl]\",\n\"110f9ec6-4464-462e-9765-83d90cefbead\",\"Kaderrichtlijn Water - Oppervlaktewaterlichamen Nederland EU2015 vlakken\",\"[Informatiehuis Water, Informatiehuis Water, , Rijkswaterstaat, Informatiehuis Water]\",\"[servicedesk@ihw.nl, servicedesk-data@rijkswaterstaat.nl, , servicedesk-data@rijkswaterstaat.nl, servicedesk@ihw.nl]\",\n\"a04afee4-47d5-45b7-b7a0-a6f86106af11\",\"Mosselzaadinvanginstallaties\",\"no organisationName found in dataset record\",\"[geodatabeheer.giscc@rvo.nl, VR@minez.nl, geodatabeheer.giscc@rvo.nl, beheer@pdok.nl]\",\n\"e8b84fae-00b3-49c1-80c1-df8f69f64e8c\",\"EEZ volgens UNCLOS - Noordzee\",\"[Ministerie van Defensie, Koninklijke Marine, Dienst der Hydrografie, Ministerie van Defensie, Koninklijke Marine, Dienst der Hydrografie, Ministerie van Defensie, Koninklijke Marine, Dienst der Hydrografie]\",\"[data@hydro.nl, data@hydro.nl, data@hydro.nl, , ]\",\n\"bb11be63-bd38-4632-bf54-df44c423a529\",\"Territoriale Zee volgens UNCLOS - Noordzee\",\"[Ministerie van Defensie, Koninklijke Marine, Dienst der Hydrografie, Ministerie van Defensie, Koninklijke Marine, Dienst der Hydrografie, Ministerie van Defensie, Koninklijke Marine, Dienst der Hydrografie]\",\"[data@hydro.nl, data@hydro.nl, data@hydro.nl, , ]\",\n\"krm-a905-9d8e-4758-83fa-28b057f185e3\",\"Kaderrichtlijn Mariene Strategie - Rapportage eenheden Nederland EU2018\",\"[Rijkswaterstaat, Rijkswaterstaat, , Rijkswaterstaat, Rijkswaterstaat]\",\"[servicedesk-data@rijkswaterstaat.nl, servicedesk-data@rijkswaterstaat.nl, , servicedesk-data@rijkswaterstaat.nl, servicedesk-data@rijkswaterstaat.nl]\",\n\"krm-a905-9d8e-4758-83fa-28b057f185e4\",\"Kaderrichtlijn Mariene Strategie - Mariene wateren Nederland EU2018\",\"[Rijkswaterstaat, Rijkswaterstaat, , Rijkswaterstaat, Rijkswaterstaat]\",\"[servicedesk-data@rijkswaterstaat.nl, servicedesk-data@rijkswaterstaat.nl, , servicedesk-data@rijkswaterstaat.nl, servicedesk-data@rijkswaterstaat.nl]\",\n\"24de356e-ec4d-4a18-9903-6401d222b77c\",\"Vergunningen Mijnbouwwet onder INSPIRE\",\"[TNO Geologische Dienst Nederland, TNO Geologische Dienst Nederland, TNO Geologische Dienst Nederland]\",\"[info@dinoloket.nl, info@dinoloket.nl, info@dinoloket.nl]\",\n\"e1e99000-ec47-4e9f-84a5-adad24fef0dc\",\"Natuurlijke alfa activiteitsconcentratie in lucht Nationaal Meetnet Radioactiviteit 2011\",\"no organisationName found in dataset record\",\"[geodata@rivm.nl, , geodata@rivm.nl]\",\n\"19165027-a13a-4c19-9013-ec1fd191019d\",\"Wetlands (RAMSAR) (INSPIRE Geharmoniseerd)\",\"[, ]\",\"[geodatabeheer.giscc@rvo.nl, geodatabeheer.giscc@rvo.nl, geodatabeheer.giscc@rvo.nl, GeoDesk.CGI@wur.nl, beheer@pdok.nl, , ]\",\n\"32a21114-8694-40ce-ab76-9dcd885c7861\",\"Kwaliteit van drinkwater in Nederland (2012)\",\"[RIVM, ]\",\"[geodata@rivm.nl, , geodata@rivm.nl]\",\n\"73ec579e-c906-433a-b0b6-d3aa33421558\",\"Luchtvaartinformatie\",\"[Luchtverkeersleiding Nederland (LVNL), Luchtverkeersleiding Nederland (LVNL)]\",\"[AIS@LVNL.NL, AIS@LVNL.nl]\",\n\"c3c004ad-5387-4b00-a225-9afbcaa5d31b\",\"Geluidkaart hoofdspoornet 2016 (Lden)\",\"[Ministerie van IenW, Ministerie van IenW]\",\"[sylvia.koolmees@minienw.nl, sylvia.koolmees@minienw.nl]\",\n\"4e2ef670-cddd-11dd-ad8b-0800200c9a66\",\"Stads- en Dorpsgezichten\",\"[Rijksdienst voor het Cultureel Erfgoed, Rijksdienst voor het Cultureel Erfgoed, Rijksdienst voor het Cultureel Erfgoed]\",\"[info@cultureelerfgoed.nl, info@cultureelerfgoed.nl, info@cultureelerfgoed.nl]\",\n\"64c987ec-dce6-11e3-8563-901b0e19e163\",\"Actuele synoptische weerwaarnemingen KNMI Nederland per 10 minuten (24 uur)\",\"[Koninklijk Nederlands Meteorologisch Instituut (KNMI), Koninklijk Nederlands Meteorologisch Instituut (KNMI), Koninklijk Nederlands Meteorologisch Instituut (KNMI)]\",\"[datacentrum@knmi.nl, datacentrum@knmi.nl, datacentrum@knmi.nl]\",\n\"f5f68d51-2ca4-4897-8227-d3938b2b0a7e\",\"Afvalinrichtingen inclusief nucleaire inrichtingen\",\"[Interprovinciaal Overleg, Interprovinciaal Overleg, Interprovinciaal Overleg]\",\"[inspire@gbo-provincies.nl, inspire@gbo-provincies.nl, inspire@gbo-provincies.nl]\",\n\"b59f06c0-dce5-11e3-9c10-901b0e19e163\",\"Aardbevingen Nederland (KNMI)\",\"[Koninklijk Nederlands Meteorologisch Instituut (KNMI), Koninklijk Nederlands Meteorologisch Instituut (KNMI), Koninklijk Nederlands Meteorologisch Instituut (KNMI)]\",\"[datacentrum@knmi.nl, datacentrum@knmi.nl, datacentrum@knmi.nl]\",\n\"daa63e4c-dce6-11e3-991e-901b0e19e163\",\"Gecontroleerde klimatologische daggegevens KNMI Nederland\",\"[Koninklijk Nederlands Meteorologisch Instituut (KNMI), Koninklijk Nederlands Meteorologisch Instituut (KNMI), Koninklijk Nederlands Meteorologisch Instituut (KNMI)]\",\"[datacentrum@knmi.nl, datacentrum@knmi.nl, datacentrum@knmi.nl]\",\n\"31de946d-85d4-4c93-bb97-e25f4ef1401a\",\"Vervoersnetwerken - Luchttransport (INSPIRE geharmoniseerd)\",\"[Kadaster, Kadaster]\",\"[PPB-GVA@kadaster.nl, kcc@kadaster.nl]\",\n\"6f84efeb-fc1d-4565-a721-80735ea57dbd\",\"Rijksmonumenten (verouderd)\",\"[Rijksdienst voor het Cultureel Erfgoed, Rijksdienst voor het Cultureel Erfgoed]\",\"[info@cultureelerfgoed.nl, info@cultureelerfgoed.nl]\",\n\"d845cef6-0e23-4212-a951-b69763e39ef0\",\"Windsnelheden op 100m hoogte (m/s)\",\"no organisationName found in dataset record\",\"[geodatabeheer.giscc@rvo.nl, geodatabeheer.giscc@rvo.nl, ]\",\n\"fe45c540-e37d-11e4-b571-0800200c9a66\",\"Zwemwaterlocaties en zwemwaterkwaliteit - monsterpunten\",\"[Interprovinciaal Overleg, Interprovinciaal Overleg, Interprovinciaal Overleg, Interprovinciaal Overleg, Interprovinciaal Overleg]\",\"[inspire@gbo-provincies.nl, inspire@gbo-provincies.nl, inspire@gbo-provincies.nl]\",\n\"7939fd42-cf88-42c5-ab3b-232cf232a3ac\",\"Actueel Hoogtebestand Nederland 2 (AHN2)\",\"[Rijkswaterstaat, stuurgroep AHN, , Rijkswaterstaat, Rijkswaterstaat]\",\"[servicedesk-data@rijkswaterstaat.nl, servicedesk-data@rijkswaterstaat.nl, , servicedesk-data@rijkswaterstaat.nl, servicedesk-data@rijkswaterstaat.nl]\",\n\"cf69ec50-9849-4afd-853c-ee56211d336d\",\"Waterstanden en afvoeren actueel - Rijkswaterstaat\",\"[Rijkswaterstaat, Rijkswaterstaat, , Rijkswaterstaat, Rijkswaterstaat]\",\"[servicedesk-data@rijkswaterstaat.nl, servicedesk-data@rijkswaterstaat.nl, , servicedesk-data@rijkswaterstaat.nl, servicedesk-data@rijkswaterstaat.nl]\",\n\"effe1ab0-073d-437c-af13-df5c5e07d6cd\",\"CBS gebiedsindelingen\",\"[Centraal Bureau voor de Statistiek, Centraal Bureau voor de Statistiek, Centraal Bureau voor de Statistiek, Kadaster]\",\"[infoservice@cbs.nl, infoservice@cbs.nl, infoservice@cbs.nl, , ]\",\n\"b61a773c-ecad-4e60-93e9-0a4caac0b52f\",\"Olie- en gasvelden onder INSPIRE\",\"[TNO Geologische Dienst Nederland, TNO Geologische Dienst Nederland, TNO Geologische Dienst Nederland]\",\"[info@dinoloket.nl, info@dinoloket.nl, info@dinoloket.nl]\",\n\"fe2f9091-1962-4073-9e3b-3e4aeed488a5\",\"Beperkingen voor voertuigen (INSPIRE geharmoniseerde data)\",\"[RDW, RDW, RDW]\",\"[ontheffingen@rdw.nl, ontheffingen@rdw.nl, , ]\",\n\"9ed6b8ed-254a-4745-a09a-3b57137d1b69\",\"Luchtfoto 2019 25cm CIR open data\",\"[Kadaster, Het Waterschapshuis, Kadaster, Geocart, Geocart, Geocart, Kadaster, Kadaster]\",\"[PPB-GVA@kadaster.nl, info@hetwaterschapshuis.nl, kcc@kadaster.nl, , , , , , ]\",\n\"b6ee58a1-b097-4c6d-8600-eb81efc1468c\",\"Productie/industrie-inrichtingen (o.b.v. SBI-codes) uit {Risico Register Gevaarlijke stoffen (RRGS)}\",\"[Interprovinciaal Overleg, Interprovinciaal Overleg, Interprovinciaal Overleg]\",\"[inspire@gbo-provincies.nl, inspire@gbo-provincies.nl, inspire@gbo-provincies.nl]\",\n\"a322184d-6285-4856-bb78-f450b30ffc0e\",\"Bathymetrie Nederlands deel van de Noordzee dieper dan 10 m LAT\",\"[Ministerie van Defensie, Koninklijke Marine, Dienst der Hydrografie, Ministerie van Defensie, Koninklijke Marine, Dienst der Hydrografie]\",\"[data@hydro.nl, data@hydro.nl, data@hydro.nl, , ]\",\n\"17716ed7-ce0d-4bfd-8868-a398e5578a36\",\"Ruimtelijke plannen Wro: Ruimtelijkeplannen.nl\",\"[Kadaster, Kadaster]\",\"[PPB-GVA@kadaster.nl, ruimtelijkeplannen@kadaster.nl]\",\n\"002d9127-c16d-4b8d-9f5e-102a8c8e36c4\",\"Geluidkaart hoofdspoornet 2016 (Lnight)\",\"[Ministerie van IenW, Ministerie van IenW]\",\"[sylvia.koolmees@minienw.nl, sylvia.koolmees@minienw.nl]\",\n\"68ebd5c9-0ea1-4f22-9907-ec4c063cd3e2\",\"Landelijk zoet en zoutwatermeetnet - Rijkswaterstaat\",\"[Rijkswaterstaat, Rijkswaterstaat, , Rijkswaterstaat, Rijkswaterstaat]\",\"[servicedesk-data@rijkswaterstaat.nl, servicedesk-data@rijkswaterstaat.nl, , servicedesk-data@rijkswaterstaat.nl, servicedesk-data@rijkswaterstaat.nl]\",\n\"a5241416-8401-4623-be61-57ef50447a41\",\"Maritieme grenzen - Noordzee\",\"[Ministerie van Defensie, Koninklijke Marine, Dienst der Hydrografie, Ministerie van Defensie, Koninklijke Marine, Dienst der Hydrografie, Ministerie van Defensie, Koninklijke Marine, Dienst der Hydrografie]\",\"[data@hydro.nl, data@hydro.nl, data@hydro.nl, , ]\",\n\"493ab81b-75f8-4205-b030-6b2fd9eb4295\",\"INSPIRE geharmoniseerde Beschermde Gebieden - Cultuur Historie\",\"[Rijksdienst voor het Cultureel Erfgoed, Rijksdienst voor het Cultureel Erfgoed, Rijksdienst voor het Cultureel Erfgoed]\",\"[info@cultureelerfgoed.nl, info@cultureelerfgoed.nl, info@cultureelerfgoed.nl]\",\n\"f44dac86-2228-412f-8355-e56446ca9933\",\"Gebieden in de Eemsmonding en de Dollard\",\"[Ministerie van Defensie, Koninklijke Marine, Dienst der Hydrografie, Ministerie van Defensie, Koninklijke Marine, Dienst der Hydrografie]\",\"[data@hydro.nl, data@hydro.nl, data@hydro.nl]\",\n\"1462bbce-ccd3-4362-83d8-4535ca8f44eb\",\"CBS Vierkantstatistieken 100m\",\"[Centraal Bureau voor de Statistiek, Centraal Bureau voor de Statistiek, Centraal Bureau voor de Statistiek, Centraal Bureau voor de Statistiek]\",\"[infoservice@cbs.nl, infoservice@cbs.nl, infoservice@cbs.nl, ]\",\n\"58e7dc38-a498-4852-b4ef-908f5baa9056\",\"Begrenzingen van vergunde ontgrondingsgebieden voor zand- en grindwinning\",\"[Interprovinciaal Overleg, Interprovinciaal Overleg, Interprovinciaal Overleg]\",\"[inspire@gbo-provincies.nl, inspire@gbo-provincies.nl, inspire@gbo-provincies.nl]\",\n\"07575774-57a1-4419-bab4-6c88fdeb02b2\",\"Hydrografie waterschappen INSPIRE\",\"[Het Waterschapshuis, Het Waterschapshuis, Het Waterschapshuis, Het Waterschapshuis]\",\"[datastromen@hetwaterschapshuis.nl, datastromen@hetwaterschapshuis.nl, , datastromen@hetwaterschapshuis.nl]\",\n\"71c2b7d2-a1a8-4836-b8d4-7247d331b04d\",\"CBS Provincies 2012\",\"[Centraal Bureau voor de Statistiek, Centraal Bureau voor de Statistiek, Centraal Bureau voor de Statistiek, Kadaster]\",\"[infoservice@cbs.nl, infoservice@cbs.nl, infoservice@cbs.nl, , ]\",\n\"df5ee213-e1bd-433b-80f7-4ea20f493ca8\",\"Zwemwaterkwaliteit (provinciaal en Rijkswateren) uit {Zwemwaterregister}\",\"[Interprovinciaal Overleg, Interprovinciaal Overleg, Interprovinciaal Overleg]\",\"[inspire@gbo-provincies.nl, inspire@gbo-provincies.nl, inspire@gbo-provincies.nl]\",\n\"f8d840bc-18df-4449-b797-b9adcb81d3ec\",\"Emissies naar lucht en water in 2015 vanuit de industrie\",\"no organisationName found in dataset record\",\"[emissieregistratie@rivm.nl, , emissieregistratie@rivm.nl]\",\n\"88f76a94-ee4d-4e0c-9fde-91b692403e39\",\"Natuurbranden\",\"[Interprovinciaal Overleg, Interprovinciaal Overleg, Interprovinciaal Overleg]\",\"[inspire@gbo-provincies.nl, inspire@gbo-provincies.nl, inspire@gbo-provincies.nl]\",\n\"wt-83730-e750-485a-9c0c-39bf9be72cf8\",\"Menselijke gezondheid en veiligheid - geluidbelasting rijkswegen 2016 (INSPIRE geharmoniseerd)\",\"[Rijkswaterstaat, Rijkswaterstaat, , Rijkswaterstaat, Wetransform]\",\"[servicedesk-data@rijkswaterstaat.nl, servicedesk-data@rijkswaterstaat.nl, , servicedesk-data@rijkswaterstaat.nl, info@wetransform.to]\",\n\"adn73c4a-ef03-4785-b7f6-942e86b385f7\",\"Bathymetrie Nederland - binnenwateren\",\"[Rijkswaterstaat, Rijkswaterstaat, , Rijkswaterstaat, Rijkswaterstaat]\",\"[servicedesk-data@rijkswaterstaat.nl, servicedesk-data@rijkswaterstaat.nl, , servicedesk-data@rijkswaterstaat.nl, servicedesk-data@rijkswaterstaat.nl]\",\n\"1be28290-55fa-4486-b9d3-b9d147117863\",\"Luchtfoto 2016 25cm CIR open data\",\"[Kadaster, Het Waterschapshuis, Kadaster, Eurosense, Eurosense, Eurosense, Kadaster, Kadaster]\",\"[PPB-GVA@kadaster.nl, info@hetwaterschapshuis.nl, kcc@kadaster.nl, , , , , , ]\",\n\"E7D9F0D6-2B8D-6699-F26E-4A781228F2DD\",\"BRO REGIS II Hydrogeologisch model (HGM)\",\"[TNO Geologische Dienst Nederland, TNO Geologische Dienst Nederland, TNO Geologische Dienst Nederland]\",\"[info@bro.nl, info@bro.nl, info@dinoloket.nl]\",\n\"3387ef8a-9237-453a-aa4e-585d1e193550\",\"Nationaal Beschermde Gebieden (CDDA) (INSPIRE geharmoniseerd)\",\"[Ministerie van Economische Zaken - GIS Competence Center, Ministerie van Landbouw, Natuur en Voedselkwaliteit, Ministerie van Economische Zaken - GIS Competence Center]\",\"[geodatabeheer.giscc@rvo.nl, geodatabeheer.giscc@rvo.nl, geodatabeheer.giscc@rvo.nl]\",\n\"7D35598D-DFBF-C64D-0F1A-92A80A45EB14\",\"BRO GeoTOP (GTM)\",\"[TNO Geologische Dienst Nederland, TNO Geologische Dienst Nederland, TNO Geologische Dienst Nederland]\",\"[info@bro.nl, info@bro.nl, info@dinoloket.nl]\",\n\"03671a9e-6aaf-464d-be99-9aad25cef9e3\",\"Habitatrichtlijn verspreidingsgebied van habitattypen\",\"[Ministerie van Economische Zaken - GIS Competence Center, , Wageningen Environmental Research (Alterra), PDOK, Alterra]\",\"[geodatabeheer.giscc@rvo.nl, , GeoDesk.CGI@wur.nl, geodatabeheer.giscc@rvo.nl, beheerPDOK@kadaster.nl, ]\",\n\"60a2a7c2-d5b3-4ad5-b562-c448695357fb\",\"Nationale Landschappen\",\"[Interprovinciaal Overleg, Interprovinciaal Overleg, Interprovinciaal Overleg]\",\"[inspire@gbo-provincies.nl, inspire@gbo-provincies.nl, inspire@gbo-provincies.nl]\",\n\"uwwtd-9d8e-4758-83fa-28b057f185e2\",\"Richtlijn Stedelijk Afvalwater - lozingspunten Nederland EU2015\",\"[Rijkswaterstaat, Rijkswaterstaat, , Rijkswaterstaat, Rijkswaterstaat]\",\"[servicedesk-data@rijkswaterstaat.nl, servicedesk-data@rijkswaterstaat.nl, , servicedesk-data@rijkswaterstaat.nl, servicedesk-data@rijkswaterstaat.nl]\",\n\"F646DFB9-5BF6-EAB9-042B-CAB6FF2DC275\",\"BRO Digital Geological Model (DGM)\",\"[TNO Geologische Dienst Nederland, TNO Geologische Dienst Nederland, TNO Geologische Dienst Nederland]\",\"[info@bro.nl, info@bro.nl, info@dinoloket.nl]\",\n\"6c1cf452-8c62-4046-99ab-640a5e184f9c\",\"Geologisch booronderzoek onder INSPIRE\",\"[TNO Geologische Dienst Nederland, TNO Geologische Dienst Nederland, TNO Geologische Dienst Nederland]\",\"[info@dinoloket.nl, info@dinoloket.nl, info@dinoloket.nl]\",\n\"1a40eb6f-4f33-4e15-a0b1-2d350ad2636e\",\"Geografische Namen (INSPIRE geharmoniseerd)\",\"[Kadaster, Kadaster]\",\"[PPB-GVA@kadaster.nl, kcc@kadaster.nl]\",\n\"8f45b8ef-0ce8-463a-9059-5efdcecb785c\",\"Vervoersnetwerken - Wegen (INSPIRE geharmoniseerd)\",\"[Kadaster, Kadaster]\",\"[PPB-GVA@kadaster.nl, kcc@kadaster.nl]\",\n\"34e95842-4e4e-46de-9198-79e8cd4d30dc\",\"Geografische Namen (Nat) - Nederland\",\"[Ministerie van Defensie, Koninklijke Marine, Dienst der Hydrografie, Ministerie van Defensie, Koninklijke Marine, Dienst der Hydrografie, Ministerie van Defensie, Koninklijke Marine, Dienst der Hydrografie]\",\"[data@hydro.nl, data@hydro.nl, data@hydro.nl, , ]\",\n\"0d6ccccc-7cfb-4eaa-8dc5-8b433d19b121\",\"Landbouwbedrijven\",\"no organisationName found in dataset record\",\"[geodatabeheer.giscc@rvo.nl, gegevensvragenASB@rvo.nl, gegevensvragenASB@rvo.nl]\",\n\"afc450bd-65b3-4e59-b0fb-619869bf6ada\",\"Landelijk grondwaterregister - Faciliteiten voor productie en industrie\",\"[Interprovinciaal Overleg, Interprovinciaal Overleg, Interprovinciaal Overleg, Interprovinciaal Overleg, Interprovinciaal Overleg]\",\"[inspire@gbo-provincies.nl, inspire@gbo-provincies.nl, inspire@gbo-provincies.nl, , ]\",\n\"5800f3b0-2ea2-4231-8165-216a7b26867f\",\"Gemeten Koolstofmonoxide concentraties in buitenlucht.\",\"RIVM\",\"[geodata@rivm.nl, geodata@rivm.nl]\",\n\"b3ec8793-7747-4da0-b6c3-aa384446a586\",\"Gemeten Fijn stof concentraties in buitenlucht.\",\"no organisationName found in dataset record\",\"[geodata@rivm.nl, geodata@rivm.nl]\",\n\"733559a5-201d-40e5-ad43-d1c7bae84d9f\",\"Gemeten Stikstofdioxide concentraties in buitenlucht.\",\"RIVM\",\"[geodata@rivm.nl, geodata@rivm.nl]\",\n\"ror-9d8e-4758-83fx-28b057f185g1\",\"Richtlijn Overstromingsrisico - gebieden met Potentieel Significant Overstromingsrisico EU2018 lijnen\",\"[Rijkswaterstaat, Rijkswaterstaat, , Rijkswaterstaat, Rijkswaterstaat]\",\"[servicedesk-data@rijkswaterstaat.nl, servicedesk-data@rijkswaterstaat.nl, , servicedesk-data@rijkswaterstaat.nl, servicedesk-data@rijkswaterstaat.nl]\",\n\"49ab8bee-b467-486a-96ca-b950443c453a\",\"Beschermde gebieden - Provincies (INSPIRE geharmoniseerd)\",\"[Interprovinciaal Overleg, Interprovinciaal Overleg, Interprovinciaal Overleg]\",\"[inspire@gbo-provincies.nl, inspire@gbo-provincies.nl, inspire@gbo-provincies.nl]\",\n\"af135cd8-d429-4fc7-b9e3-09e15217520d\",\"Gemeten fijnere fractie van Fijn stof concentraties in buitenlucht.\",\"no organisationName found in dataset record\",\"[geodata@rivm.nl, geodata@rivm.nl]\",\n\"500d396f-5ec6-4e4b-a151-5fb3cddd8082\",\"Gemeten Zwaveldioxide concentraties in buitenlucht.\",\"no organisationName found in dataset record\",\"[geodata@rivm.nl, geodata@rivm.nl]\",\n\"f91c6ad6-62a5-46d0-8a5b-8a62e7a4b833\",\"Gemeten Stikstofmonoxide concentraties in buitenlucht.\",\"no organisationName found in dataset record\",\"[geodata@rivm.nl, geodata@rivm.nl]\",\n\"a29917b9-3426-4041-a11b-69bcb2256904\",\"Kadastrale kaart v4\",\"[Kadaster, Kadaster en Openbare Registers, Dienst voor het Kadaster en de Openbare Registers]\",\"[PPB-GVA@kadaster.nl, kcc@kadaster.nl, kcc@kadaster.nl, , ]\",\n\"d8f370e8-123c-4ab3-9410-04f728327ac6\",\"Gemeten Ozon concentraties in buitenlucht.\",\"no organisationName found in dataset record\",\"[geodata@rivm.nl, geodata@rivm.nl]\",\n\"d3c9efd6-fca7-49d6-92bb-5f507abece90\",\"Gemeten Ammoniak concentraties in buitenlucht.\",\"no organisationName found in dataset record\",\"[geodata@rivm.nl, geodata@rivm.nl]\",\n\"588a4cb1-b442-4ac1-87e4-40401e353166\",\"Jaarcijfers Landelijk Meetnet Luchtkwaliteit 2012\",\"no organisationName found in dataset record\",\"[geodata@rivm.nl, , geodata@rivm.nl]\",\n\"7f5d7945-8fa8-4d36-be4c-2fdb3c7d613b\",\"Luchtfoto 2018 25cm CIR open data\",\"[Kadaster, Het Waterschapshuis, Kadaster, Eurosense, Eurosense, Eurosense, Kadaster, Kadaster]\",\"[PPB-GVA@kadaster.nl, info@hetwaterschapshuis.nl, kcc@kadaster.nl, , , , , , ]\",\n\"50eef6be-619d-4e16-9b92-48971109b636\",\"Geluidbelasting rijkswegen in Nederland 2011 (nacht gemiddelde)\",\"[Rijkswaterstaat, Rijkswaterstaat, , Rijkswaterstaat, Rijkswaterstaat]\",\"[servicedesk-data@rijkswaterstaat.nl, servicedesk-data@rijkswaterstaat.nl, , servicedesk-data@rijkswaterstaat.nl, servicedesk-data@rijkswaterstaat.nl]\",\n\"5c37d29a-006d-4136-8989-adfc35a1d4a7\",\"Wijk- en Buurtkaart 2019 versie 1\",\"[Centraal Bureau voor de Statistiek, Centraal Bureau voor de Statistiek, Centraal Bureau voor de Statistiek, Kadaster]\",\"[infoservice@cbs.nl, infoservice@cbs.nl, infoservice@cbs.nl, , ]\",\n\"844404a2-9cd0-452e-b29a-74588777485a\",\"Geluidkaart hoofdspoornet 2011 (Lden)\",\"[Ministerie van IenW, Ministerie van IenW]\",\"[sylvia.koolmees@minienw.nl, sylvia.koolmees@minienw.nl]\",\n\"29c17585-e702-463f-a5dc-99d34b17d333\",\"RDinfo\",\"[Kadaster, Dienst van Het Kadaster en Openbare Registers, Dienst voor het Kadaster en de Openbare Registers]\",\"[PPB-GVA@kadaster.nl, kcc@kadaster.nl, rd@kadaster.nl]\",\n\"280ed37a-b8d2-4ac5-8567-04d84fad3a41\",\"Natura 2000 (INSPIRE geharmoniseerd)\",\"Ministerie van Landbouw, Natuur en Voedselkwaliteit\",\"[geodatabeheer.giscc@rvo.nl, geodatabeheer.giscc@rvo.nl, beheer@pdok.nl]\",\n",
  "requestTimeStamp": 1600442544369,
  "env": "dev",
  "myVarName": "someValue",
  "knownlinks": [
    "http://creativecommons.org/licenses/by/3.0/deed.nl",
    "http://creativecommons.org/licenses/by/3.0/nl/",
    "http://creativecommons.org/licenses/by/4.0/deed.nl",
    "http://creativecommons.org/publicdomain/mark/1.0/deed.nl",
    "http://creativecommons.org/publicdomain/zero/1.0/deed.nl",
    "http://data.europa.eu/eli/reg/2010/1089",
    "http://inspire.ec.europa.eu/applicationschema",
    "http://inspire.ec.europa.eu/applicationschema/of",
    "http://inspire.ec.europa.eu/id/document/tg/am",
    "http://inspire.ec.europa.eu/id/document/tg/au",
    "http://inspire.ec.europa.eu/id/document/tg/ef",
    "http://inspire.ec.europa.eu/id/document/tg/el",
    "http://inspire.ec.europa.eu/id/document/tg/hh",
    "http://inspire.ec.europa.eu/id/document/tg/hy",
    "http://inspire.ec.europa.eu/id/document/tg/nz",
    "http://inspire.ec.europa.eu/id/document/tg/of",
    "http://inspire.ec.europa.eu/id/document/tg/pf",
    "http://inspire.ec.europa.eu/id/document/tg/ps",
    "http://inspire.ec.europa.eu/id/document/tg/tn",
    "http://inspire.ec.europa.eu/id/document/tg/us",
    "http://inspire.ec.europa.eu/media-types/application/x-shapefile",
    "http://inspire.ec.europa.eu/metadata-codelist/ConditionsApplyingToAccessAndUse/noConditionsApply",
    "http://inspire.ec.europa.eu/metadata-codelist/LimitationsOnPublicAccess/INSPIRE_Directive_Article13_1f",
    "http://inspire.ec.europa.eu/metadata-codelist/LimitationsOnPublicAccess/noLimitations",
    "http://inspire.ec.europa.eu/metadata-codelist/OnLineDescriptionCode/accessPoint",
    "http://inspire.ec.europa.eu/metadata-codelist/OnLineDescriptionCode/endPoint",
    "http://inspire.ec.europa.eu/metadata-codelist/PriorityDataset",
    "http://inspire.ec.europa.eu/metadata-codelist/PriorityDataset#",
    "http://inspire.ec.europa.eu/metadata-codelist/PriorityDataset/ActualPollutantReleases-reg-2006-166",
    "http://inspire.ec.europa.eu/metadata-codelist/PriorityDataset/Agglomerations-dir-1991-271",
    "http://inspire.ec.europa.eu/metadata-codelist/PriorityDataset/BirdSpeciesDistribution-dir-2009-147",
    "http://inspire.ec.europa.eu/metadata-codelist/PriorityDataset/BirdsRange-dir-2009-147",
    "http://inspire.ec.europa.eu/metadata-codelist/PriorityDataset/CoastalWaters-dir-2000-60",
    "http://inspire.ec.europa.eu/metadata-codelist/PriorityDataset/DischargePointsToReceivingWaters-dir-1991-271",
    "http://inspire.ec.europa.eu/metadata-codelist/PriorityDataset/DrinkingWaterAbstractionPoints-dir-1998-83",
    "http://inspire.ec.europa.eu/metadata-codelist/PriorityDataset/EstablishmentsInvolvingDangerousSubstances-dir-2012-18",
    "http://inspire.ec.europa.eu/metadata-codelist/PriorityDataset/FloodedAreas-dir-2007-60",
    "http://inspire.ec.europa.eu/metadata-codelist/PriorityDataset/FloodRiskZones-dir-2007-60",
    "http://inspire.ec.europa.eu/metadata-codelist/PriorityDataset/HabitatTypesDistribution-dir-1992-43",
    "http://inspire.ec.europa.eu/metadata-codelist/PriorityDataset/HabitatTypesRange-dir-1992-43",
    "http://inspire.ec.europa.eu/metadata-codelist/PriorityDataset/IndustrialSites-EURegistry-reg-2006-166",
    "http://inspire.ec.europa.eu/metadata-codelist/PriorityDataset/InvasiveAlienSpeciesDistribution-reg-2014-1143",
    "http://inspire.ec.europa.eu/metadata-codelist/PriorityDataset/Lakes-dir-2000-60",
    "http://inspire.ec.europa.eu/metadata-codelist/PriorityDataset/MajorAirportsNoiseExposureDelineationDEN-dir-2002-49",
    "http://inspire.ec.europa.eu/metadata-codelist/PriorityDataset/MajorAirportsNoiseExposureDelineationNight-dir-2002-49",
    "http://inspire.ec.europa.eu/metadata-codelist/PriorityDataset/MajorRailwaysNoiseExposureDelineationDEN-dir-2002-49",
    "http://inspire.ec.europa.eu/metadata-codelist/PriorityDataset/MajorRailwaysNoiseExposureDelineationNight-dir-2002-49",
    "http://inspire.ec.europa.eu/metadata-codelist/PriorityDataset/MajorRoadsNoiseExposureDelineation-dir-2002-49",
    "http://inspire.ec.europa.eu/metadata-codelist/PriorityDataset/MajorRoadsNoiseExposureDelineationDEN-dir-2002-49",
    "http://inspire.ec.europa.eu/metadata-codelist/PriorityDataset/ManagementUnits-dir-2007-60",
    "http://inspire.ec.europa.eu/metadata-codelist/PriorityDataset/MarineAssessmentUnits-dir-2008-56",
    "http://inspire.ec.europa.eu/metadata-codelist/PriorityDataset/MonitoringStations-dir-2000-60",
    "http://inspire.ec.europa.eu/metadata-codelist/PriorityDataset/MonitoringStations-dir-2008-56",
    "http://inspire.ec.europa.eu/metadata-codelist/PriorityDataset/MSFDReportingUnits-dir-2008-56",
    "http://inspire.ec.europa.eu/metadata-codelist/PriorityDataset/NationallyDesignatedAreasCDDA",
    "http://inspire.ec.europa.eu/metadata-codelist/PriorityDataset/Natura2000Sites-dir-1992-43",
    "http://inspire.ec.europa.eu/metadata-codelist/PriorityDataset/Natura2000Sites-dir-2009-147",
    "http://inspire.ec.europa.eu/metadata-codelist/PriorityDataset/RiverBasinDistricts-dir-2000-60",
    "http://inspire.ec.europa.eu/metadata-codelist/PriorityDataset/RiverBasinDistrictsSubUnits-dir-2000-60",
    "http://inspire.ec.europa.eu/metadata-codelist/PriorityDataset/Rivers-dir-2000-60",
    "http://inspire.ec.europa.eu/metadata-codelist/PriorityDataset/SpeciesDistribution-dir-1992-43",
    "http://inspire.ec.europa.eu/metadata-codelist/PriorityDataset/SpeciesRange-dir-1992-43",
    "http://inspire.ec.europa.eu/metadata-codelist/PriorityDataset/SurfaceWaterBodies-dir-2000-60",
    "http://inspire.ec.europa.eu/metadata-codelist/PriorityDataset/TransitionalWaters-dir-2000-60",
    "http://inspire.ec.europa.eu/metadata-codelist/PriorityDataset/UrbanWasteWaterTreatmentPlants-dir-1991-271",
    "http://inspire.ec.europa.eu/metadata-codelist/SpatialDataServiceType/download",
    "http://inspire.ec.europa.eu/metadata-codelist/SpatialDataServiceType/http://inspire.ec.europa.eu/metadata-codelist/SpatialDataServiceType/download",
    "http://inspire.ec.europa.eu/metadata-codelist/SpatialDataServiceType/other",
    "http://inspire.ec.europa.eu/metadata-codelist/SpatialDataServiceType/view",
    "http://inspire.ec.europa.eu/metadata-codelist/SpatialScope",
    "http://inspire.ec.europa.eu/metadata-codelist/SpatialScope/european",
    "http://inspire.ec.europa.eu/metadata-codelist/SpatialScope/national",
    "http://inspire.ec.europa.eu/schemas/am/4.0/AreaManagementRestrictionRegulationZone.xsd",
    "http://inspire.ec.europa.eu/schemas/ef/4.0/EnvironmentalMonitoringFacilities.xsd",
    "http://inspire.ec.europa.eu/schemas/el-bas/4.0/ElevationBaseTypes.xsd",
    "http://inspire.ec.europa.eu/schemas/hh/4.0/HumanHealth.xsd",
    "http://inspire.ec.europa.eu/schemas/hy-n/4.0/HydroNetwork.xsd",
    "http://inspire.ec.europa.eu/schemas/hy/4.0/HydroBase.xsd",
    "http://inspire.ec.europa.eu/schemas/mu/3.0/MaritimeUnits.xsd",
    "http://inspire.ec.europa.eu/schemas/nz-core/4.0/NaturalRiskZonesCore.xsd",
    "http://inspire.ec.europa.eu/schemas/nz/0.0/NaturalRiskZones.xsd",
    "http://inspire.ec.europa.eu/schemas/of/4.0/OceanFeatures.xsd",
    "http://inspire.ec.europa.eu/schemas/pf/4.0/ProductionAndIndustrialFacilities.xsd",
    "http://inspire.ec.europa.eu/schemas/ps/4.0/ProtectedSites.xsd",
    "http://inspire.ec.europa.eu/schemas/tn-ro/4.0/RoadTransportNetwork.xsd",
    "http://inspire.ec.europa.eu/schemas/tn-w/4.0/WaterTransportNetwork.xsd",
    "http://inspire.ec.europa.eu/schemas/tn/4.0/CommonTransportElements.xsd",
    "http://inspire.ec.europa.eu/schemas/us-govserv/4.0/GovernmentalServices.xsd",
    "http://inspire.ec.europa.eu/theme#",
    "http://standaarden.overheid.nl/owms/terms/Ministerie_van_Economische_Zaken",
    "http://standaarden.overheid.nl/owms/terms/Rijksinstituut_voor_Volksgezondheid_en_Milieu",
    "http://standaarden.overheid.nl/owms/terms/RVO",
    "http://www.eionet.europa.eu/gemet/inspire_themes",
    "http://www.eionet.europa.eu/gemet/nl/inspire-theme/ac",
    "http://www.eionet.europa.eu/gemet/nl/inspire-theme/ad",
    "http://www.eionet.europa.eu/gemet/nl/inspire-theme/af",
    "http://www.eionet.europa.eu/gemet/nl/inspire-theme/am",
    "http://www.eionet.europa.eu/gemet/nl/inspire-theme/au",
    "http://www.eionet.europa.eu/gemet/nl/inspire-theme/bu",
    "http://www.eionet.europa.eu/gemet/nl/inspire-theme/cp",
    "http://www.eionet.europa.eu/gemet/nl/inspire-theme/ef",
    "http://www.eionet.europa.eu/gemet/nl/inspire-theme/er",
    "http://www.eionet.europa.eu/gemet/nl/inspire-theme/ge",
    "http://www.eionet.europa.eu/gemet/nl/inspire-theme/gn",
    "http://www.eionet.europa.eu/gemet/nl/inspire-theme/hb",
    "http://www.eionet.europa.eu/gemet/nl/inspire-theme/hh",
    "http://www.eionet.europa.eu/gemet/nl/inspire-theme/hy",
    "http://www.eionet.europa.eu/gemet/nl/inspire-theme/lc",
    "http://www.eionet.europa.eu/gemet/nl/inspire-theme/lu",
    "http://www.eionet.europa.eu/gemet/nl/inspire-theme/mf",
    "http://www.eionet.europa.eu/gemet/nl/inspire-theme/nz",
    "http://www.eionet.europa.eu/gemet/nl/inspire-theme/of",
    "http://www.eionet.europa.eu/gemet/nl/inspire-theme/oi",
    "http://www.eionet.europa.eu/gemet/nl/inspire-theme/pd",
    "http://www.eionet.europa.eu/gemet/nl/inspire-theme/pf",
    "http://www.eionet.europa.eu/gemet/nl/inspire-theme/ps",
    "http://www.eionet.europa.eu/gemet/nl/inspire-theme/rs",
    "http://www.eionet.europa.eu/gemet/nl/inspire-theme/sd",
    "http://www.eionet.europa.eu/gemet/nl/inspire-theme/so",
    "http://www.eionet.europa.eu/gemet/nl/inspire-theme/sr",
    "http://www.eionet.europa.eu/gemet/nl/inspire-theme/su",
    "http://www.eionet.europa.eu/gemet/nl/inspire-theme/tn",
    "http://www.eionet.europa.eu/gemet/nl/inspire-theme/us",
    "http://www.iana.org/assignments/media-types/application/gml+xml",
    "http://www.opengeospatial.org/standards/sos",
    "http://www.opengeospatial.org/standards/wcs",
    "http://www.opengeospatial.org/standards/wfs",
    "http://www.opengeospatial.org/standards/wms",
    "http://www.opengeospatial.org/standards/wmts",
    "http://www.opengis.net/def/crs/EPSG/0/3034",
    "http://www.opengis.net/def/crs/EPSG/0/3035",
    "http://www.opengis.net/def/crs/EPSG/0/3857",
    "http://www.opengis.net/def/crs/EPSG/0/4258",
    "http://www.opengis.net/def/crs/EPSG/0/4326",
    "http://www.opengis.net/def/crs/EPSG/0/5709",
    "http://www.opengis.net/def/crs/EPSG/0/5730",
    "http://www.opengis.net/def/crs/EPSG/0/5861",
    "http://www.opengis.net/def/crs/EPSG/0/23031",
    "http://www.opengis.net/def/crs/EPSG/0/25831",
    "http://www.opengis.net/def/crs/EPSG/0/25832",
    "http://www.opengis.net/def/crs/EPSG/0/28992",
    "http://www.opengis.net/def/crs/EPSG/0/EPSG:4326",
    "http://www.opengis.net/def/crs/EPSG/0/EPSG:28992",
    "http://www.opengis.net/def/crs/EPSG/0/epsg:28992",
    "http://www.opengis.net/def/serviceType/ogc/wcs",
    "http://www.opengis.net/def/serviceType/ogc/wfs",
    "http://www.opengis.net/def/serviceType/ogc/wms",
    "http://www.opengis.net/def/serviceType/ogc/wmts",
    "http://www.wur.nl/nl/Expertises-Dienstverlening/Onderzoeksinstituten/Environmental-Research.htm",
    "https://ec.europa.eu/eurostat/web/health/data/database",
    "https://geodata.cbs.nl/files/INSPIRE",
    "https://geodata.nationaalgeoregister.nl/elu/atom/elu.xml",
    "https://inspire.ec.europa.eu/id/document/tg/au",
    "https://inspire.ec.europa.eu/id/document/tg/of",
    "https://inspire.ec.europa.eu/id/document/tg/ps",
    "https://inspire.ec.europa.eu/schemas/ps/4.0/ProtectedSites.xsd",
    "https://ngr.geocat.live/geonetwork/srv/eng/thesaurus.download?ref=external.theme.httpinspireeceuropaeumetadatacodelistSpatialScope-SpatialScope",
    "https://tools.ietf.org/html/rfc4287",
    "https://tools.ietf.org/html/rfc5023",
    "https://www.cbs.nl/-/media/cbs/dossiers/nederland%20regionaal/wijk-en-buurtstatistieken/shape%202017%20versie%2020.zip",
    "https://www.cbs.nl/nl-nl/dossier/nederland-regionaal/geografische-data/wijk-en-buurtkaart-2016",
    "https://www.cbs.nl/nl-nl/dossier/nederland-regionaal/geografische-data/wijk-en-buurtkaart-2018",
    "https://www.cbs.nl/nl-nl/dossier/nederland-regionaal/geografische-data/wijk-en-buurtkaart-2019",
    "https://www.iana.org/assignments/media-types/application/gml+xml",
    "https://www.iana.org/assignments/media-types/application/zip",
    "https://www.iana.org/assignments/media-types/image/png",
    "https://www.nationaalgeoregister.nl",
    "https://www.nationaalgeoregister.nl/geonetwork/srv/eng/thesaurus.download?ref=external.theme.httpinspireeceuropaeumetadatacodelistPriorityDataset-PriorityDataset",
    "https://www.nationaalgeoregister.nl/geonetwork/srv/eng/thesaurus.download?ref=external.theme.httpinspireeceuropaeumetadatacodelistSpatialScope-SpatialScope",
    "https://www.nationaalgeoregister.nl/geonetwork/srv/eng/thesaurus.download?ref=external.theme.httpinspireeceuropaeutheme-theme",
    "https://www.nationaalgeoregister.nl:443/geonetwork/srv/eng/thesaurus.download?ref=external.theme.httpinspireeceuropaeuapplicationschema-applicationschema",
    "https://www.nationaalgeoregister.nl:443/geonetwork/srv/eng/thesaurus.download?ref=external.theme.httpinspireeceuropaeumetadatacodelistPriorityDataset-PriorityDataset",
    "https://www.nationaalgeoregister.nl:443/geonetwork/srv/eng/thesaurus.download?ref=external.theme.httpinspireeceuropaeumetadatacodelistSpatialScope-SpatialScope",
    "https://www.nationaalgeoregister.nl:443/geonetwork/srv/eng/thesaurus.download?ref=external.theme.httpinspireeceuropaeutheme-theme"
  ],
  "responseStatus": 200,
  "__loop": -1,
  "responseCookies": null
}

15:22:24.900 [ForkJoinPool-1-worker-3] INFO  com.intuit.karate - [print]
15:22:24.954 [ForkJoinPool-1-worker-3] INFO  com.intuit.karate - [print] testing xlinkurl:http://creativecommons.org/publicdomain/mark/1.0/deed.nl
15:22:24.908 [ForkJoinPool-1-worker-11] INFO  com.intuit.karate - [print]
15:22:24.957 [ForkJoinPool-1-worker-11] INFO  com.intuit.karate - [print] testing xlinkurl:http://data.europa.eu/eli/reg/2010/1089
15:22:24.918 [ForkJoinPool-1-worker-13] INFO  com.intuit.karate - [print]
15:22:24.918 [ForkJoinPool-1-worker-7] INFO  com.intuit.karate - [print]
15:22:24.962 [ForkJoinPool-1-worker-13] INFO  com.intuit.karate - [print] testing xlinkurl:http://creativecommons.org/publicdomain/zero/1.0/deed.nl
15:22:24.930 [ForkJoinPool-1-worker-9] INFO  com.intuit.karate - [print] [
  "http://inspire.ec.europa.eu/applicationschema"
]

15:22:24.962 [ForkJoinPool-1-worker-7] INFO  com.intuit.karate - [print] testing xlinkurl:http://creativecommons.org/licenses/by/4.0/deed.nl
15:22:25.028 [ForkJoinPool-1-worker-9] INFO  com.intuit.karate - [print]
15:22:25.033 [ForkJoinPool-1-worker-9] INFO  com.intuit.karate - [print] testing xlinkurl:http://inspire.ec.europa.eu/applicationschema
15:22:25.067 [pool-1-thread-6] INFO  com.intuit.karate - [print] [
  {
    "datasetIdentifierCode": "fcefa13c-44e2-4953-b6d6-1ddceebc57fc",
    "title": "Vogelrichtlijn verspreiding van soorten",
    "organisationName": "[Ministerie van Economische Zaken - GIS Competence Center, Wageningen Environmental Research (Alterra), PDOK, Sovon Vogelonderzoek Nederland]",
    "email": "[geodatabeheer.giscc@rvo.nl, GeoDesk.CGI@wur.nl, geodatabeheer.giscc@rvo.nl, beheerPDOK@kadaster.nl, ]"
  },
  {
    "datasetIdentifierCode": "f99e915a-75e5-4c36-97f2-61eff692d85b",
    "title": "Grondwateronderzoek onder INSPIRE",
    "organisationName": "[TNO Geologische Dienst Nederland, TNO Geologische Dienst Nederland, TNO Geologische Dienst Nederland]",
    "email": "[info@dinoloket.nl, info@dinoloket.nl, info@dinoloket.nl]"
  },
  {
    "datasetIdentifierCode": "3703b249-a0eb-484e-ba7a-10e31a55bcec",
    "title": "Invasieve Exoten (INSPIRE Geharmoniseerd)",
    "organisationName": "Ministerie van Landbouw, Natuur en Voedselkwaliteit",
    "email": "[geodatabeheer.giscc@rvo.nl, Geodatabeheer.GISCC@rvo.nl]"
  },
  {
    "datasetIdentifierCode": "977e0e94-7aa9-4784-b2da-eaec44adb61b",
    "title": "Habitatrichtlijn verspreiding van habitattypen",
    "organisationName": "[Ministerie van Economische Zaken - GIS Competence Center, Wageningen Environmental Research (Alterra), PDOK, Alterra]",
    "email": "[geodatabeheer.giscc@rvo.nl, GeoDesk.CGI@wur.nl, geodatabeheer.giscc@rvo.nl, beheerPDOK@kadaster.nl, ]"
  },
  {
    "datasetIdentifierCode": "3a72b9a4-cda9-11ea-87d0-0242ac130003",
    "title": "Grondwater Monitoring Net",
    "organisationName": "[TNO Geologische Dienst Nederland, TNO Geologische Dienst Nederland, TNO Geologische Dienst Nederland]",
    "email": "[info@bro.nl, Info@bro.nl, info@dinoloket.nl]"
  },
  {
    "datasetIdentifierCode": "247a1d15-0a67-40ce-85be-1403c08f15a8",
    "title": "Nationale Parken (INSPIRE Geharmoniseerd)",
    "organisationName": "no organisationName found in dataset record",
    "email": "[geodatabeheer.giscc@rvo.nl, geodatabeheer.giscc@rvo.nl, info@minlnv.nl, , , ]"
  },
  {
    "datasetIdentifierCode": "af0c582f-9e6b-46e6-865a-fc3a2d5289b9",
    "title": "Bodemgebruik",
    "organisationName": "[Kadaster, Kadaster, Kadaster]",
    "email": "[PPB-GVA@kadaster.nl, kcc@kadaster.nl, kcc@kadaster.nl]"
  },
  {
    "datasetIdentifierCode": "9d9f1738-aced-47c9-aaa0-c62474a2dcfb",
    "title": "Zeegebieden",
    "organisationName": "[Kadaster, Kadaster, Kadaster]",
    "email": "[PPB-GVA@kadaster.nl, kcc@kadaster.nl, kcc@kadaster.nl]"
  },
  {
    "datasetIdentifierCode": "3a7dd0a6-d130-4c4c-b0ba-24365cf036e2",
    "title": "Vervoersnetwerken - Spoorwegen (INSPIRE geharmoniseerd)",
    "organisationName": "[Kadaster, Kadaster]",
    "email": "[PPB-GVA@kadaster.nl, kcc@kadaster.nl]"
  },
  {
    "datasetIdentifierCode": "b3f66964-a8c1-456f-9799-9cafca2cb7b1",
    "title": "Monitoring stations (Nitraatrichtlijn) ondiepe filters",
    "organisationName": "no organisationName found in dataset record",
    "email": "[geodata@rivm.nl, , geodata@rivm.nl]"
  },
  {
    "datasetIdentifierCode": "81ff84ec-42a4-4481-840b-12713bbb5d38",
    "title": "Geografische Namen",
    "organisationName": "[Kadaster, Kadaster, Kadaster]",
    "email": "[PPB-GVA@kadaster.nl, kcc@kadaster.nl, kcc@kadaster.nl]"
  },
  {
    "datasetIdentifierCode": "a7fb2234-f7b4-4a03-b282-f10947f42fb1",
    "title": "Kaart van de bodemopbouw in Nederland 1:50.000 onder INSPIRE",
    "organisationName": "[TNO Geologische Dienst Nederland, Alterra, Wageningen UR, TNO Geologische Dienst Nederland]",
    "email": "[info@dinoloket.nl, geodesk.cgi@wur.nl, info@dinoloket.nl]"
  },
  {
    "datasetIdentifierCode": "c7662717-9e43-4367-a344-723d73abbb3e",
    "title": "-Gegevens boormonsterprofiel onder PDOK",
    "organisationName": "[TNO Geologische Dienst Nederland, TNO Geologische Dienst Nederland]",
    "email": "[info@dinoloket, info@dinoloket.nl]"
  },
  {
    "datasetIdentifierCode": "28c4780a-1a44-4376-b283-14a50a481729",
    "title": "Habitatrichtlijn verspreiding van soorten",
    "organisationName": "[Wageningen Environmental Research (Alterra), PDOK, CBS, Natuurloket, PGO's]",
    "email": "[geodatabeheer.giscc@rvo.nl, GeoDesk.CGI@wur.nl, geodatabeheer.giscc@rvo.nl, beheerPDOK@kadaster.nl, , , ]"
  },
  {
    "datasetIdentifierCode": "8b0b02a0-1e1b-4cda-bcfe-6fa0f738e38f",
    "title": "Emissies naar het riool in 2011 vanuit de industrie",
    "organisationName": "no organisationName found in dataset record",
    "email": "[emissieregistratie@rivm.nl, , emissieregistratie@rivm.nl]"
  },
  {
    "datasetIdentifierCode": "29d5310f-dd0d-45ba-abad-b4ffc6b8785f",
    "title": "TOP10NL",
    "organisationName": "[Kadaster, Kadaster, Kadaster, Kadaster, Kadaster, Kadaster, Kadaster, Kadaster, Kadaster]",
    "email": "[PPB-GVA@kadaster.nl, kcc@kadaster.nl, kcc@kadaster.nl, , , , , , ]"
  },
  {
    "datasetIdentifierCode": "791adbe3-772f-42cb-a3be-5a617bcecef0",
    "title": "Zeegebieden (INSPIRE geharmoniseerd)",
    "organisationName": "[Kadaster, Kadaster]",
    "email": "[PPB-GVA@kadaster.nl, kcc@kadaster.nl]"
  },
  {
    "datasetIdentifierCode": "db8d613f-5edc-4467-9cc0-e2dcfb9d64a8",
    "title": "Statistical Units Grid",
    "organisationName": "[Statistics Netherlands, Statistics Netherlands, Statistics Netherlandds, Statistics Netherlands]",
    "email": "[infoservice@cbs.nl, infoservice@cbs.nl, infoservice@cbs.nl, , ]"
  },
  {
    "datasetIdentifierCode": "2cc2c30c-91b8-412a-a060-e84d25272581",
    "title": "Zones en agglomeraties (Richtlijn Luchtkwaliteit) 2013",
    "organisationName": "no organisationName found in dataset record",
    "email": "[geodata@rivm.nl, , geodata@rivm.nl]"
  },
  {
    "datasetIdentifierCode": "83dab947-387b-49df-8ad2-32bb10d46d38",
    "title": "Geluidkaart Schiphol 2016 (Lden)",
    "organisationName": "[Ministerie van IenW, Ministerie van IenW]",
    "email": "[sylvia.koolmees@minienw.nl, sylvia.koolmees@minienw.nl]"
  },
  {
    "datasetIdentifierCode": "5951efa2-1ff3-4763-a966-a2f5497679ee",
    "title": "Vervoersnetwerken - Waterwegen (INSPIRE geharmoniseerd)",
    "organisationName": "[Kadaster, Kadaster]",
    "email": "[PPB-GVA@kadaster.nl, kcc@kadaster.nl]"
  },
  {
    "datasetIdentifierCode": "f2f86edf-ac3a-48e8-9292-0544da2d7645",
    "title": "Emissies naar het riool in 2015 vanuit de industrie",
    "organisationName": "no organisationName found in dataset record",
    "email": "[emissieregistratie@rivm.nl, , emissieregistratie@rivm.nl]"
  },
  {
    "datasetIdentifierCode": "5a1adb58-0bbe-425d-b0fe-577a6c0a4228",
    "title": "Actueel Hoogtebestand Nederland 1 (AHN1)",
    "organisationName": "[Rijkswaterstaat, stuurgroep AHN, , Rijkswaterstaat, Rijkswaterstaat]",
    "email": "[servicedesk-data@rijkswaterstaat.nl, servicedesk-data@rijkswaterstaat.nl, , servicedesk-data@rijkswaterstaat.nl, servicedesk-data@rijkswaterstaat.nl]"
  },
  {
    "datasetIdentifierCode": "8de2f5eb-b09f-4f6d-8397-8878a1b86238",
    "title": "Geluidbelasting rijkswegen in Nederland 2011 (24-uurs gemiddelde)",
    "organisationName": "[Rijkswaterstaat, Rijkswaterstaat, , Rijkswaterstaat, Rijkswaterstaat]",
    "email": "[servicedesk-data@rijkswaterstaat.nl, servicedesk-data@rijkswaterstaat.nl, , servicedesk-data@rijkswaterstaat.nl, servicedesk-data@rijkswaterstaat.nl]"
  },
  {
    "datasetIdentifierCode": "tbjk534p-wubf-crbp-cj25-d4161160gfim",
    "title": "Kaderrichtlijn Mariene Strategie - Bevroren monitoringsdata",
    "organisationName": "[Rijkswaterstaat, Rijkswaterstaat, , Rijkswaterstaat, Rijkswaterstaat]",
    "email": "[servicedesk-data@rijkswaterstaat.nl, servicedesk-data@rijkswaterstaat.nl, , servicedesk-data@rijkswaterstaat.nl, servicedesk-data@rijkswaterstaat.nl]"
  },
  {
    "datasetIdentifierCode": "eu-cb527d-f6db-4835-b0cd-deb245241254",
    "title": "Vervoersnetwerken - Wegen (INSPIRE geharmoniseerd) - RWS",
    "organisationName": "[Rijkswaterstaat, Rijkswaterstaat, , Beheer PDOK, Rijkswaterstaat]",
    "email": "[servicedesk-data@rijkswaterstaat.nl, beheerPDOK@kadaster.nl, , beheerPDOK@kadaster.nl, servicedesk-data@rijkswaterstaat.nl]"
  },
  {
    "datasetIdentifierCode": "be1b1514-8d1f-48e1-9624-fee9b784138b",
    "title": "Vaarwegmarkeringen Nederland",
    "organisationName": "[Rijkswaterstaat, Rijkswaterstaat, , Rijkswaterstaat, Rijkswaterstaat]",
    "email": "[servicedesk-data@rijkswaterstaat.nl, servicedesk-data@rijkswaterstaat.nl, , servicedesk-data@rijkswaterstaat.nl, servicedesk-data@rijkswaterstaat.nl]"
  },
  {
    "datasetIdentifierCode": "cbeaebc3-815a-48af-a978-0e16892865fc",
    "title": "Vogelrichtlijn verspreidingsgebied van soorten",
    "organisationName": "[Ministerie van Economische Zaken - GIS Competence Center, Wageningen Environmental Research (Alterra), PDOK, Sovon Vogelonderzoek Nederland]",
    "email": "[geodatabeheer.giscc@rvo.nl, GeoDesk.CGI@wur.nl, geodatabeheer.giscc@rvo.nl, beheerPDOK@kadaster.nl, ]"
  },
  {
    "datasetIdentifierCode": "9dd9bf30-36e6-45ae-b368-bdef2720bdde",
    "title": "Bodemkundig boormonsterprofiel onder INSPIRE",
    "organisationName": "[TNO Geologische Dienst Nederland, Alterra, Wageningen UR, TNO Geologische Dienst Nederland]",
    "email": "[info@dinoloket.nl, geodesk.cgi@wur.nl, info@dinoloket.nl]"
  },
  {
    "datasetIdentifierCode": "edf79e6a-d73d-4def-8d22-0f495cc76a73",
    "title": "Bronbestanden waterkwaliteit",
    "organisationName": "[Informatiehuis Water, Informatiehuis Water]",
    "email": "[servicedesk@ihw.nl, servicedesk@ihw.nl]"
  },
  {
    "datasetIdentifierCode": "3e57ce43-7707-43ed-a4b9-72b3a6d812f8",
    "title": "Geluidkaart hoofdspoornet 2011 (Lnight)",
    "organisationName": "[Ministerie van IenW, Ministerie van IenW]",
    "email": "[sylvia.koolmees@minienw.nl, sylvia.koolmees@minienw.nl]"
  },
  {
    "datasetIdentifierCode": "c2225e5d-b46f-4e38-8445-ab10fd40c0dc",
    "title": "Blokindeling Nederlands Continentaal Plat",
    "organisationName": "[Ministerie van Defensie, Koninklijke Marine, Dienst der Hydrografie, Ministerie van Defensie, Koninklijke Marine, Dienst der Hydrografie, Ministerie van Defensie, Koninklijke Marine, Dienst der Hydrografie]",
    "email": "[data@hydro.nl, data@hydro.nl, data@hydro.nl]"
  },
  {
    "datasetIdentifierCode": "eu-f297898-2640-44c2-bbe9-c0480da83794",
    "title": "Hydrografie - Netwerk (INSPIRE geharmoniseerd) - WT",
    "organisationName": "[Rijkswaterstaat, Rijkswaterstaat, , Rijkswaterstaat, Wetransform]",
    "email": "[servicedesk-data@rijkswaterstaat.nl, servicedesk-data@rijkswaterstaat.nl, , servicedesk-data@rijkswaterstaat.nl, info@wetransform.to]"
  },
  {
    "datasetIdentifierCode": "3d59fd06-9aec-4744-91e7-65e119f74569",
    "title": "Mossel- en oesterhabitats",
    "organisationName": "[Ministerie van Economische Zaken - GIS Competence Center, Wageningen Marine Research, PDOK]",
    "email": "[geodatabeheer.giscc@rvo.nl, geodatabeheer.giscc@rvo.nl, info@wur.nl, BeheerPDOK@kadaster.nl]"
  },
  {
    "datasetIdentifierCode": "c5c4a6d6-b850-473c-8ab5-af9c2c550809",
    "title": "Administratieve Eenheden",
    "organisationName": "[Kadaster, Kadaster en Openbare Registers, Kadaster en de Openbare Registers]",
    "email": "[PPB-GVA@kadaster.nl, kcc@kadaster.nl, kcc@kadaster.nl]"
  },
  {
    "datasetIdentifierCode": "be6551de-a709-4c6d-a5e2-f63f0cf038ba",
    "title": "Amplitude van het getij op de Noordzee",
    "organisationName": "[Ministerie van Defensie, Koninklijke Marine, Dienst der Hydrografie, Ministerie van Defensie, Koninklijke Marine, Dienst der Hydrografie, Ministerie van Defensie, Koninklijke Marine, Dienst der Hydrografie]",
    "email": "[data@hydro.nl, data@hydro.nl, data@hydro.nl, ]"
  },
  {
    "datasetIdentifierCode": "6050578f-0010-4bfa-b013-c8617b80ba62",
    "title": "Grondwatersamenstellinggegevens KRW meetronde 2012 onder INSPIRE",
    "organisationName": "[TNO Geologische Dienst Nederland, TNO Geologische Dienst Nederland, TNO Geologische Dienst Nederland]",
    "email": "[info@dinoloket.nl, info@dinoloket.nl, info@dinoloket.nl]"
  },
  {
    "datasetIdentifierCode": "08b27bf0-e34a-4b30-9eac-5edadfb6a288",
    "title": "Afgevoerde hoeveelheid afval in 2015 vanuit de industrie",
    "organisationName": "no organisationName found in dataset record",
    "email": "[emissieregistratie@rivm.nl, , emissieregistratie@rivm.nl]"
  },
  {
    "datasetIdentifierCode": "a5f961e9-ebdd-41e2-b8e8-ab33ed340a83",
    "title": "Adressen (INSPIRE geharmoniseerd)",
    "organisationName": "[Kadaster, Kadaster]",
    "email": "[PPB-GVA@kadaster.nl, kcc@kadaster.nl]"
  },
  {
    "datasetIdentifierCode": "14657c9b-91e4-4355-8563-2911ad0e78e4",
    "title": "Vervoersnetwerken - Gemeenschappelijke elementen (INSPIRE geharmoniseerd)",
    "organisationName": "[Kadaster, Kadaster]",
    "email": "[PPB-GVA@kadaster.nl, kcc@kadaster.nl]"
  },
  {
    "datasetIdentifierCode": "58d39928-f502-48c9-a8c1-03244dc181bf",
    "title": "Geluidkaart Schiphol 2016 (Lnight)",
    "organisationName": "[Ministerie van IenW, Ministerie van IenW]",
    "email": "[sylvia.koolmees@minienw.nl, sylvia.koolmees@minienw.nl]"
  },
  {
    "datasetIdentifierCode": "25294679-adb9-4c39-a93b-6954ff9414ac",
    "title": "Waterstanden en afvoeren verwacht - Rijkswaterstaat",
    "organisationName": "[Rijkswaterstaat, Rijkswaterstaat, , Rijkswaterstaat, Rijkswaterstaat]",
    "email": "[servicedesk-data@rijkswaterstaat.nl, servicedesk-data@rijkswaterstaat.nl, , servicedesk-data@rijkswaterstaat.nl, servicedesk-data@rijkswaterstaat.nl]"
  },
  {
    "datasetIdentifierCode": "d6b85d84-cdb9-4a6e-b799-cf8826e22a94",
    "title": "Ligging industrie en CO2 emissies",
    "organisationName": "Ministerie van Economische Zaken - GIS Competence Center",
    "email": "[geodatabeheer.giscc@rvo.nl, geodatabeheer.giscc@rvo.nl]"
  },
  {
    "datasetIdentifierCode": "b4ae622c-6201-49d8-bd2e-f7fce9206a1e",
    "title": "Gebouwen (INSPIRE geharmoniseerd)",
    "organisationName": "[Kadaster, Kadaster]",
    "email": "[PPB-GVA@kadaster.nl, kcc@kadaster.nl]"
  },
  {
    "datasetIdentifierCode": "e80ad426-1392-4349-9f80-14dae5f1bf57",
    "title": "Kadastrale Percelen (INSPIRE geharmoniseerd)",
    "organisationName": "[Kadaster, Kadaster]",
    "email": "[PPB-GVA@kadaster.nl, kcc@kadaster.nl, , ]"
  },
  {
    "datasetIdentifierCode": "74aca3eb-c38b-4214-9537-e0abc69e11b5",
    "title": "Luchtfoto 2017 25cm RGB open data",
    "organisationName": "[Kadaster, Het Waterschapshuis, Kadaster, Eurosense, Eurosense, Eurosense, Kadaster, Kadaster]",
    "email": "[PPB-GVA@kadaster.nl, info@hetwaterschapshuis.nl, kcc@kadaster.nl, , , , , , ]"
  },
  {
    "datasetIdentifierCode": "d9baa847-4652-4588-abe1-0b050f40f27f",
    "title": "Ziekenhuizen in Nederland (september 2013)",
    "organisationName": "no organisationName found in dataset record",
    "email": "[atlas@rivm.nl, , geodata@rivm.nl]"
  },
  {
    "datasetIdentifierCode": "ed960299-a147-4c1a-bc57-41ff83a2264f",
    "title": "Bodemkaart50000_versie2014",
    "organisationName": "[Wageningen Environmental Research, Wageningen Environmental Research (Alterra), Wageningen Environmental Research, Wageningen Environmental Research (Alterra), ALTERRA en voorafgaande instituten, ALTERRA en voorafgaande instituten, Alterra, Alterra, Alterra Wageningen UR, Alterra]",
    "email": "[fokke.brouwer@wur.nl, GeoDesk@wur.nl, fokke.brouwer@wur.nl, GeoDesk@wur.nl]"
  },
  {
    "datasetIdentifierCode": "12bb57cd-73e0-41ba-a1e9-6d986b9109d3",
    "title": "Human Health NL NUTS2",
    "organisationName": "[Statistics Netherlands, Statistics Netherlands, Statistics Netherlandds, Statistics Netherlands]",
    "email": "[infoservice@cbs.nl, infoservice@cbs.nl, infoservice@cbs.nl, , ]"
  },
  {
    "datasetIdentifierCode": "76541ebb-a554-4540-a017-399d4bb4a860",
    "title": "Population Distribution NL",
    "organisationName": "[Statistics Netherlands, Statistics Netherlands, Statistics Netherlandds, Statistics Netherlands]",
    "email": "[infoservice@cbs.nl, infoservice@cbs.nl, infoservice@cbs.nl, , ]"
  },
  {
    "datasetIdentifierCode": "fe0e1e5f-512f-4bb1-bbf8-4028d3dfa24f",
    "title": "Schelpdierpercelen",
    "organisationName": "[Ministerie van Economische Zaken - GIS Competence Center, PDOK]",
    "email": "[geodatabeheer.giscc@rvo.nl, geodatabeheer.giscc@rvo.nl, BeheerPDOK@kadaster.nl]"
  },
  {
    "datasetIdentifierCode": "d24ccb35-e9d2-41bf-b231-43083fc0c76d",
    "title": "LCP emissies (Richtlijn Industriële emissies) 2016",
    "organisationName": "no organisationName found in dataset record",
    "email": "[emissieregistratie@rivm.nl, , emissieregistratie@rivm.nl]"
  },
  {
    "datasetIdentifierCode": "36a7e8cb-8300-4602-93d2-135943365a6f",
    "title": "Monitoring stations (Nitraatrichtlijn) diepe filters",
    "organisationName": "no organisationName found in dataset record",
    "email": "[geodata@rivm.nl, , geodata@rivm.nl]"
  },
  {
    "datasetIdentifierCode": "adn73c4a-ef03-4785-b7f6-942e86b385f5",
    "title": "Bathymetrie Nederland - kust",
    "organisationName": "[Rijkswaterstaat, Rijkswaterstaat, , Rijkswaterstaat, Rijkswaterstaat]",
    "email": "[servicedesk-data@rijkswaterstaat.nl, servicedesk-data@rijkswaterstaat.nl, , servicedesk-data@rijkswaterstaat.nl, servicedesk-data@rijkswaterstaat.nl]"
  },
  {
    "datasetIdentifierCode": "f273941e-9c3b-43bc-b886-2d50d0bf9348",
    "title": "Habitatrichtlijn verspreidingsgebied van soorten",
    "organisationName": "[Ministerie van Economische Zaken - GIS Competence Center, Wageningen Environmental Research (Alterra), PDOK, CBS, Natuurloket, pgo's]",
    "email": "[geodatabeheer.giscc@rvo.nl, GeoDesk.CGI@wur.nl, geodatabeheer.giscc@rvo.nl, beheerPDOK@kadaster.nl, , , ]"
  },
  {
    "datasetIdentifierCode": "9986a7ef-e5e2-4a7a-9018-2e1f9631ba8c",
    "title": "Zwemwater (provinciaal en Rijkswateren) uit {Zwemwaterregister}",
    "organisationName": "[Interprovinciaal Overleg, Interprovinciaal Overleg, Interprovinciaal Overleg]",
    "email": "[inspire@gbo-provincies.nl, inspire@gbo-provincies.nl, inspire@gbo-provincies.nl]"
  },
  {
    "datasetIdentifierCode": "34e6165f-1269-48d1-b255-0f05d163d692",
    "title": "Geluidszones rondom bedrijventerreinen zowel provinciaal als gemeentelijk",
    "organisationName": "[Interprovinciaal Overleg, Interprovinciaal Overleg, Interprovinciaal Overleg]",
    "email": "[inspire@gbo-provincies.nl, inspire@gbo-provincies.nl, inspire@gbo-provincies.nl]"
  },
  {
    "datasetIdentifierCode": "41023936-009d-48ec-a90d-c966895463c1",
    "title": "Geluidszones rondom vliegvelden",
    "organisationName": "[Interprovinciaal Overleg, Interprovinciaal Overleg, Interprovinciaal Overleg]",
    "email": "[inspire@gbo-provincies.nl, inspire@gbo-provincies.nl, inspire@gbo-provincies.nl]"
  },
  {
    "datasetIdentifierCode": "ffefc3dc-dc8f-4589-ae22-a60bebcdf5cb",
    "title": "Wijk- en Buurtkaart 2018 versie 2",
    "organisationName": "[Centraal Bureau voor de Statistiek, Centraal Bureau voor de Statistiek, Centraal Bureau voor de Statistiek, Kadaster]",
    "email": "[infoservice@cbs.nl, infoservice@cbs.nl, infoservice@cbs.nl, , ]"
  },
  {
    "datasetIdentifierCode": "eu-2c7040b-c448-451b-bf15-f2416ecaadd1",
    "title": "Vervoersnetwerken - Waterwegen (INSPIRE geharmoniseerd) - WT",
    "organisationName": "[Rijkswaterstaat, Rijkswaterstaat, , Rijkswaterstaat, Wetransform]",
    "email": "[servicedesk-data@rijkswaterstaat.nl, servicedesk-data@rijkswaterstaat.nl, , servicedesk-data@rijkswaterstaat.nl, info@wetransform.to]"
  },
  {
    "datasetIdentifierCode": "6318009c-7b11-4ab9-9929-735584dfb692",
    "title": "Land Use 2015",
    "organisationName": "[Statistics Netherlands, Statistics Netherlands, PDOK]",
    "email": "[infoservice@cbs.nl, infoservice@cbs.nl, , , ]"
  },
  {
    "datasetIdentifierCode": "2daad588-11ef-47de-9832-6fe2c3b93e6d",
    "title": "Overstromingsrisicokaarten",
    "organisationName": "[Interprovinciaal Overleg, Interprovinciaal Overleg, Interprovinciaal Overleg]",
    "email": "[inspire@gbo-provincies.nl, inspire@gbo-provincies.nl, inspire@gbo-provincies.nl]"
  },
  {
    "datasetIdentifierCode": "bc2c53f6-c908-4d7c-a6c0-78d9a2855640",
    "title": "Overstromingsgevaarkaarten",
    "organisationName": "[Interprovinciaal Overleg, Interprovinciaal Overleg, Interprovinciaal Overleg]",
    "email": "[inspire@gbo-provincies.nl, inspire@gbo-provincies.nl, inspire@gbo-provincies.nl]"
  },
  {
    "datasetIdentifierCode": "wt-f5eb-b09f-4f6d-8397-8878a1b86238",
    "title": "Menselijke gezondheid en veiligheid - geluidbelasting rijkswegen 2011 (INSPIRE geharmoniseerd)",
    "organisationName": "[Rijkswaterstaat, Rijkswaterstaat, , Rijkswaterstaat, Wetransform]",
    "email": "[servicedesk-data@rijkswaterstaat.nl, servicedesk-data@rijkswaterstaat.nl, , servicedesk-data@rijkswaterstaat.nl, info@wetransform.to]"
  },
  {
    "datasetIdentifierCode": "wt-3730-e750-485a-9c0c-39bf9be72cf9",
    "title": "Menselijke gezondheid en veiligheid -  geluidbelasting rijkswegen 2006 (INSPIRE geharmoniseerd)",
    "organisationName": "[Rijkswaterstaat, Rijkswaterstaat, , Rijkswaterstaat, Wetransform]",
    "email": "[servicedesk-data@rijkswaterstaat.nl, servicedesk-data@rijkswaterstaat.nl, , servicedesk-data@rijkswaterstaat.nl, info@wetransform.to]"
  },
  {
    "datasetIdentifierCode": "998ba1dc-f6a6-49a3-a021-51f30d9b1d0e",
    "title": "Wet Ammoniak en Veehouderij gebieden",
    "organisationName": "[Interprovinciaal Overleg, Interprovinciaal Overleg, Interprovinciaal Overleg]",
    "email": "[inspire@gbo-provincies.nl, inspire@gbo-provincies.nl, inspire@gbo-provincies.nl]"
  },
  {
    "datasetIdentifierCode": "c7d8d77b-8c47-4309-8c58-9b12b086407f",
    "title": "Natuurnetwerk Nederland",
    "organisationName": "[Interprovinciaal Overleg, Interprovinciaal Overleg, Interprovinciaal Overleg]",
    "email": "[inspire@gbo-provincies.nl, inspire@gbo-provincies.nl, inspire@gbo-provincies.nl]"
  },
  {
    "datasetIdentifierCode": "krw2006-68b5-4ff3-94a4-9c24109ffd5e",
    "title": "Kaderrichtlijn Water - Oppervlaktewaterlichamen Nederland EU2009 vlakken",
    "organisationName": "[Rijkswaterstaat, Rijkswaterstaat, , Rijkswaterstaat, Rijkswaterstaat]",
    "email": "[servicedesk-data@rijkswaterstaat.nl, servicedesk-data@rijkswaterstaat.nl, , servicedesk-data@rijkswaterstaat.nl, servicedesk-data@rijkswaterstaat.nl]"
  },
  {
    "datasetIdentifierCode": "710c381c-ab2d-45d5-a45d-af2eba811e5f",
    "title": "Nationaal Hydrologisch Instrumentarium (NHI) - netwerkschematisatie",
    "organisationName": "[Rijkswaterstaat, Rijkswaterstaat, , Rijkswaterstaat, Rijkswaterstaat]",
    "email": "[servicedesk-data@rijkswaterstaat.nl, servicedesk-data@rijkswaterstaat.nl, , servicedesk-data@rijkswaterstaat.nl, servicedesk-data@rijkswaterstaat.nl]"
  },
  {
    "datasetIdentifierCode": "cc408b2d-09a6-4b2b-9aa3-b46bfe2f00a5",
    "title": "Stiltegebieden",
    "organisationName": "[Interprovinciaal Overleg, Interprovinciaal Overleg, Interprovinciaal Overleg]",
    "email": "[inspire@gbo-provincies.nl, inspire@gbo-provincies.nl, inspire@gbo-provincies.nl]"
  },
  {
    "datasetIdentifierCode": "f0821bfe-5a0a-11e9-8647-d663bd873d93",
    "title": "NB-wetgebieden buiten Natura 2000",
    "organisationName": "[Interprovinciaal Overleg, Interprovinciaal Overleg, Interprovinciaal Overleg]",
    "email": "[inspire@gbo-provincies.nl, inspire@gbo-provincies.nl, inspire@gbo-provincies.nl]"
  },
  {
    "datasetIdentifierCode": "110f9ec6-4464-462e-9765-83d90cefbeab",
    "title": "Kaderrichtlijn Water - Stroomgebieddistricten Nederland EU2015",
    "organisationName": "[Informatiehuis Water, Informatiehuis Water, , Rijkswaterstaat, Rijkswaterstaat]",
    "email": "[servicedesk@ihw.nl, servicedesk-data@rijkswaterstaat.nl, , servicedesk-data@rijkswaterstaat.nl, servicedesk-data@rijkswaterstaat.nl]"
  },
  {
    "datasetIdentifierCode": "2e31680f-68b5-4ff3-94a4-9c24109ffd5e",
    "title": "Kaderrichtlijn Water - Oppervlaktewaterlichamen Nederland 2019 vlakken",
    "organisationName": "[Rijkswaterstaat, Rijkswaterstaat, , Rijkswaterstaat, Rijkswaterstaat]",
    "email": "[servicedesk-data@rijkswaterstaat.nl, servicedesk-data@rijkswaterstaat.nl, , servicedesk-data@rijkswaterstaat.nl, servicedesk-data@rijkswaterstaat.nl]"
  },
  {
    "datasetIdentifierCode": "622a632a-c57b-44a2-83a4-e51223d5f15g",
    "title": "Kaderrichtlijn Water - Oppervlaktewaterlichamen Nederland 2019 lijnen",
    "organisationName": "[Rijkswaterstaat, Rijkswaterstaat, , Rijkswaterstaat, Rijkswaterstaat]",
    "email": "[servicedesk-data@rijkswaterstaat.nl, servicedesk-data@rijkswaterstaat.nl, , servicedesk-data@rijkswaterstaat.nl, servicedesk-data@rijkswaterstaat.nl]"
  },
  {
    "datasetIdentifierCode": "krw-f7bb2351-9788-42ea-a58b-a5ee1842304e",
    "title": "Kaderrichtlijn Water - Stroomgebieddistricten Nederland 2019 vlakken",
    "organisationName": "[Rijkswaterstaat, Rijkswaterstaat, , Rijkswaterstaat, Rijkswaterstaat]",
    "email": "[servicedesk-data@rijkswaterstaat.nl, servicedesk-data@rijkswaterstaat.nl, , servicedesk-data@rijkswaterstaat.nl, servicedesk-data@rijkswaterstaat.nl]"
  },
  {
    "datasetIdentifierCode": "a1960e70-22f4-4fd9-91a8-b605c6ceda3e",
    "title": "Kaderrichtlijn Water - Oppervlaktewaterlichamen Nederland EU2015 riviernetwerk",
    "organisationName": "[Informatiehuis Water, Informatiehuis Water, , Rijkswaterstaat, Rijkswaterstaat]",
    "email": "[servicedesk@ihw.nl, servicedesk@ihw.nl, , servicedesk-data@rijkswaterstaat.nl, servicedesk-data@rijkswaterstaat.nl]"
  },
  {
    "datasetIdentifierCode": "krw2006-c57b-44a2-83a4-e51223d5f15g",
    "title": "Kaderrichtlijn Water - Oppervlaktewaterlichamen Nederland EU2009 lijnen",
    "organisationName": "[Rijkswaterstaat, Rijkswaterstaat, , Rijkswaterstaat, Rijkswaterstaat]",
    "email": "[servicedesk-data@rijkswaterstaat.nl, servicedesk-data@rijkswaterstaat.nl, , servicedesk-data@rijkswaterstaat.nl, servicedesk-data@rijkswaterstaat.nl]"
  },
  {
    "datasetIdentifierCode": "110f9ec6-4464-462e-9765-83d90cefbeag",
    "title": "Kaderrichtlijn Water - Oppervlaktewaterlichamen Nederland EU2015 lijnen",
    "organisationName": "[Informatiehuis Water, Informatiehuis Water, , Rijkswaterstaat, Informatiehuis Water]",
    "email": "[servicedesk@ihw.nl, servicedesk@ihw.nl, , servicedesk-data@rijkswaterstaat.nl, servicedesk@ihw.nl]"
  },
  {
    "datasetIdentifierCode": "110f9ec6-4464-462e-9765-83d90cefbeac",
    "title": "Kaderrichtlijn Water - Deelstroomgebieden Nederland EU2015",
    "organisationName": "[Informatiehuis Water, Informatiehuis Water, , Rijkswaterstaat, Rijkswaterstaat]",
    "email": "[servicedesk@ihw.nl, servicedesk@ihw.nl, , servicedesk-data@rijkswaterstaat.nl, servicedesk-data@rijkswaterstaat.nl]"
  },
  {
    "datasetIdentifierCode": "891ddc2d-8949-4a45-be96-c65b87c41f13",
    "title": "Kaderrichtlijn Water - Monitoringlocaties Nederland EU2015",
    "organisationName": "[Informatiehuis Water, Informatiehuis Water, , Rijkswaterstaat, Rijkswaterstaat]",
    "email": "[servicedesk@ihw.nl, servicedesk-data@rijkswaterstaat.nl, , servicedesk-data@rijkswaterstaat.nl, servicedesk-data@rijkswaterstaat.nl]"
  },
  {
    "datasetIdentifierCode": "26103042-50a1-4ee5-9c5b-857a2f8b7680",
    "title": "Wijk- en Buurtkaart 2017 versie 3",
    "organisationName": "[Centraal Bureau voor de Statistiek, Centraal Bureau voor de Statistiek, Centraal Bureau voor de Statistiek, Kadaster]",
    "email": "[infoservice@cbs.nl, infoservice@cbs.nl, infoservice@cbs.nl, , ]"
  },
  {
    "datasetIdentifierCode": "a9b7026e-0a81-4813-93bd-ba49e6f28502",
    "title": "NWB - Wegen",
    "organisationName": "[Rijkswaterstaat, Rijkswaterstaat, , Rijkswaterstaat, Rijkswaterstaat]",
    "email": "[servicedesk-data@rijkswaterstaat.nl, servicedesk-data@rijkswaterstaat.nl, , servicedesk-data@rijkswaterstaat.nl, servicedesk-data@rws.n]"
  },
  {
    "datasetIdentifierCode": "6cde2ce7-3ecd-4785-b7b8-d62c3381efe9",
    "title": "Wijk- en Buurtkaart 2016 versie 3",
    "organisationName": "[Centraal Bureau voor de Statistiek, Centraal Bureau voor de Statistiek, Centraal Bureau voor de Statistiek, Kadaster]",
    "email": "[infoservice@cbs.nl, infoservice@cbs.nl, infoservice@cbs.nl, , ]"
  },
  {
    "datasetIdentifierCode": "f605a24f-60cd-4c40-94c8-2186aba3ddd0",
    "title": "CBS Vierkantstatistieken 500m",
    "organisationName": "[Centraal Bureau voor de Statistiek, Centraal Bureau voor de Statistiek, Centraal Bureau voor de Statistiek, Centraal Bureau voor de Statistiek]",
    "email": "[infoservice@cbs.nl, infoservice@cbs.nl, infoservice@cbs.nl, ]"
  },
  {
    "datasetIdentifierCode": "4cda487b-c467-490c-a843-6563fec016be",
    "title": "Aansluitende zone volgens UNCLOS - Noordzee",
    "organisationName": "[Ministerie van Defensie, Koninklijke Marine, Dienst der Hydrografie, Ministerie van Defensie, Koninklijke Marine, Dienst der Hydrografie, Ministerie van Defensie, Koninklijke Marine, Dienst der Hydrografie]",
    "email": "[data@hydro.nl, data@hydro.nl, data@hydro.nl, , ]"
  },
  {
    "datasetIdentifierCode": "ror-9d8e-4758-83fx-28b057f185e1",
    "title": "Richtlijn Overstromingsrisico - gebieden met Potentieel Significant Overstromingsrisico EU2018 vlakken",
    "organisationName": "[Rijkswaterstaat, Rijkswaterstaat, , Rijkswaterstaat, Rijkswaterstaat]",
    "email": "[servicedesk-data@rijkswaterstaat.nl, servicedesk-data@rijkswaterstaat.nl, , servicedesk-data@rijkswaterstaat.nl, servicedesk-data@rijkswaterstaat.nl]"
  },
  {
    "datasetIdentifierCode": "ror-9d8e-4758-83fx-28b057f185f1",
    "title": "Richtlijn Overstromingsrisico - historische overstromingen EU2018",
    "organisationName": "[Rijkswaterstaat, Rijkswaterstaat, , Rijkswaterstaat, Rijkswaterstaat]",
    "email": "[servicedesk-data@rijkswaterstaat.nl, servicedesk-data@rijkswaterstaat.nl, , servicedesk-data@rijkswaterstaat.nl, servicedesk-data@rijkswaterstaat.nl]"
  },
  {
    "datasetIdentifierCode": "uwwtd-9d8e-4758-83fa-28b057f185e3",
    "title": "Richtlijn Stedelijk Afvalwater - rioolwaterzuiveringsinstallaties Nederland EU2015",
    "organisationName": "[Rijkswaterstaat, Rijkswaterstaat, , Rijkswaterstaat, Rijkswaterstaat]",
    "email": "[servicedesk-data@rijkswaterstaat.nl, servicedesk-data@rijkswaterstaat.nl, , servicedesk-data@rijkswaterstaat.nl, servicedesk-data@rijkswaterstaat.nl]"
  },
  {
    "datasetIdentifierCode": "uwwtd-9d8e-4758-83fa-28b057f185e1",
    "title": "Richtlijn Stedelijk Afvalwater - agglomeraties Nederland EU2015",
    "organisationName": "[Rijkswaterstaat, Rijkswaterstaat, , Rijkswaterstaat, Rijkswaterstaat]",
    "email": "[servicedesk-data@rijkswaterstaat.nl, servicedesk-data@rijkswaterstaat.nl, , servicedesk-data@rijkswaterstaat.nl, servicedesk-data@rijkswaterstaat.nl]"
  },
  {
    "datasetIdentifierCode": "76091be7-358a-4a44-8182-b4139c96c6a4",
    "title": "Adressen",
    "organisationName": "[Kadaster, Kadaster, Kadaster]",
    "email": "[PPB-GVA@kadaster.nl, kcc@kadaster.nl, kcc@kadaster.nl]"
  },
  {
    "datasetIdentifierCode": "0558a41c-b09a-47fa-b8db-9de6bfe4f494",
    "title": "Gebouwen",
    "organisationName": "[Kadaster, Kadaster, Kadaster]",
    "email": "[PPB-GVA@kadaster.nl, kcc@kadaster.nl, kcc@kadaster.nl]"
  },
  {
    "datasetIdentifierCode": "1c3afc74-cc34-44b7-938a-963e2350795a",
    "title": "Hydrografie - Physical Waters (INSPIRE geharmoniseerd)",
    "organisationName": "[Kadaster, Kadaster]",
    "email": "[PPB-GVA@kadaster.nl, kcc@kadaster.nl]"
  },
  {
    "datasetIdentifierCode": "c935f2ab-9b65-4dc4-94a0-73aeb840a941",
    "title": "Overheidsdiensten",
    "organisationName": "[Kamer van Koophandel, Kamer van Koophandel]",
    "email": "[erik.simonse@kvk.nl, erik.simonse@kvk.nl]"
  },
  {
    "datasetIdentifierCode": "4783ea4f-6b8c-4600-8af0-516f3556cfe9",
    "title": "Kaderrichtlijn Water - Register Beschermd Gebied - Schelpdierwater 2008",
    "organisationName": "[Rijkswaterstaat, Rijkswaterstaat, , Rijkswaterstaat, Rijkswaterstaat]",
    "email": "[servicedesk-data@rijkswaterstaat.nl, servicedesk-data@rijkswaterstaat.nl, , servicedesk-data@rijkswaterstaat.nl, servicedesk-data@rijkswaterstaat.nl]"
  },
  {
    "datasetIdentifierCode": "7c24ea89-074e-4c4f-91e3-d38e813e9cb6",
    "title": "Luchtfoto 2017 25cm CIR open data",
    "organisationName": "[Kadaster, Het Waterschapshuis, Kadaster, Eurosense, Eurosense, Eurosense, Kadaster, Kadaster]",
    "email": "[PPB-GVA@kadaster.nl, info@hetwaterschapshuis.nl, kcc@kadaster.nl, , , , , , ]"
  },
  {
    "datasetIdentifierCode": "80630ee7-3a15-4ea0-bdc0-a8aebfa2f204",
    "title": "Oppervlaktegeologie, Geologische kaart onder INSPIRE",
    "organisationName": "[TNO Geologische Dienst Nederland, TNO Geologische Dienst Nederland, TNO Geologische Dienst Nederland]",
    "email": "[info@dinoloket.nl, info@dinoloket.nl, info@dinoloket.nl]"
  },
  {
    "datasetIdentifierCode": "2d3dd6d2-2d2b-4b5f-9e30-86e19ed77a56",
    "title": "Bestand Bodemgebruik 2015",
    "organisationName": "[Centraal Bureau voor de Statistiek, Centraal Bureau voor de Statistiek, PDOK]",
    "email": "[infoservice@cbs.nl, infoservice@cbs.nl, , , ]"
  },
  {
    "datasetIdentifierCode": "1249746f-c2a6-4639-98f2-251676b3528e",
    "title": "Maritieme grenzen - basislijn Noordzee",
    "organisationName": "[Ministerie van Defensie, Koninklijke Marine, Dienst der Hydrografie, Ministerie van Defensie, Koninklijke Marine, Dienst der Hydrografie, Ministerie van Defensie, Koninklijke Marine, Dienst der Hydrografie]",
    "email": "[data@hydro.nl, data@hydro.nl, data@hydro.nl]"
  },
  {
    "datasetIdentifierCode": "f1d27179-36eb-4376-8048-f51d2eb23a09",
    "title": "Nederlands deel PSSA Waddenzee",
    "organisationName": "[Ministerie van Defensie, Koninklijke Marine, Dienst der Hydrografie, Ministerie van Defensie, Koninklijke Marine, Dienst der Hydrografie, Ministerie van Defensie, Koninklijke Marine, Dienst der Hydrografie]",
    "email": "[data@hydro.nl, data@hydro.nl, data@hydro.nl, , ]"
  },
  {
    "datasetIdentifierCode": "5b274449-b6c2-4672-a32f-e0bd40975a53",
    "title": "Luchtfoto 2018 25cm RGB open data",
    "organisationName": "[Kadaster, Het Waterschapshuis, Kadaster, Eurosense, Eurosense, Eurosense, Kadaster, Kadaster]",
    "email": "[PPB-GVA@kadaster.nl, info@hetwaterschapshuis.nl, kcc@kadaster.nl, , , , , , ]"
  },
  {
    "datasetIdentifierCode": "krw-782cab20-8328-45f1-a9b2-c27d07c14066",
    "title": "Kaderrichtlijn Water - Deelstroomgebieden Nederland 2019 vlakken",
    "organisationName": "[Rijkswaterstaat, Rijkswaterstaat, , Rijkswaterstaat, Rijkswaterstaat]",
    "email": "[servicedesk-data@rijkswaterstaat.nl, servicedesk-data@rijkswaterstaat.nl, , servicedesk-data@rijkswaterstaat.nl, servicedesk-data@rijkswaterstaat.nl]"
  },
  {
    "datasetIdentifierCode": "e536d943-ecff-4d7a-9500-cc31a263a6af",
    "title": "Publiekrechtelijke beperkingen",
    "organisationName": "[Kadaster, Kadaster]",
    "email": "[PPB-GVA@kadaster.nl, kcc@kadaster.nl]"
  },
  {
    "datasetIdentifierCode": "4617f0e0-6af4-4ac0-9044-31df9d03071c",
    "title": "Gebieden in de territoriale zee",
    "organisationName": "[Ministerie van Defensie, Koninklijke Marine, Dienst der Hydrografie, Ministerie van Defensie, Koninklijke Marine, Dienst der Hydrografie, Ministerie van Defensie, Koninklijke Marine, Dienst der Hydrografie]",
    "email": "[data@hydro.nl, data@hydro.nl, data@hydro.nl, , ]"
  },
  {
    "datasetIdentifierCode": "0f128799-cf18-4b37-a721-e62b068191f5",
    "title": "Gebiedsbeheer, gebieden waar beperkingen gelden, gereguleerde gebieden en rapportage-eenheden - Provincies (INSPIRE geharmoniseerd)",
    "organisationName": "[Interprovinciaal Overleg, Interprovinciaal Overleg, Interprovinciaal Overleg]",
    "email": "[inspire@gbo-provincies.nl, inspire@gbo-provincies.nl, inspire@gbo-provincies.nl]"
  },
  {
    "datasetIdentifierCode": "ca94a0cb-7561-4a10-a7d6-b840e56c33ff",
    "title": "Provinciale monumenten",
    "organisationName": "[Interprovinciaal Overleg, Interprovinciaal Overleg, Interprovinciaal Overleg]",
    "email": "[inspire@gbo-provincies.nl, inspire@gbo-provincies.nl, inspire@gbo-provincies.nl]"
  },
  {
    "datasetIdentifierCode": "380aa01e-dce7-11e3-9f07-901b0e19e163",
    "title": "Netwerk van KNMI waarneemstations",
    "organisationName": "[Koninklijk Nederlands Meteorologisch Instituut (KNMI), Koninklijk Nederlands Meteorologisch Instituut (KNMI), Koninklijk Nederlands Meteorologisch Instituut (KNMI)]",
    "email": "[datacentrum@knmi.nl, datacentrum@knmi.nl, datacentrum@knmi.nl]"
  },
  {
    "datasetIdentifierCode": "f002bfc5-7d87-46b6-819e-8415422b65c9",
    "title": "Aardkundige waarden",
    "organisationName": "[Interprovinciaal Overleg, Interprovinciaal Overleg, Interprovinciaal Overleg]",
    "email": "[inspire@gbo-provincies.nl, inspire@gbo-provincies.nl, inspire@gbo-provincies.nl]"
  },
  {
    "datasetIdentifierCode": "e3b0da1e-0664-4025-b3f5-a54d74a26450",
    "title": "zoutvelden en zoutproductieputten onder INSPIRE",
    "organisationName": "[TNO Geologische Dienst Nederland, TNO Geologische Dienst Nederland, TNO Geologische Dienst Nederland]",
    "email": "[info@dinoloket.nl, info@dinoloket.nl, info@dinoloket.nl]"
  },
  {
    "datasetIdentifierCode": "dc5b522e-3e14-4738-9e8e-2401e1b19ef2",
    "title": "Potentieel koude en warmte uit open en gesloten WKO systemen (GJ/ha.jaar)",
    "organisationName": "[Ministerie van Economische Zaken - GIS Competence Center, Ministerie van Economische Zaken - GIS Competence Center]",
    "email": "[geodatabeheer.giscc@rvo.nl, geodatabeheer.giscc@rvo.nl, geodatabeheer.giscc@rvo.nl]"
  },
  {
    "datasetIdentifierCode": "4b282988-cb91-4bbc-b147-f653014917cb",
    "title": "Hydrografie",
    "organisationName": "[Kadaster, Kadaster, Kadaster]",
    "email": "[PPB-GVA@kadaster.nl, kcc@kadaster.nl, kcc@kadaster.nl]"
  },
  {
    "datasetIdentifierCode": "88a3c1ae-902e-4efa-8663-ddd836101929",
    "title": "Werelderfgoed",
    "organisationName": "[Rijksdienst voor het Cultureel Erfgoed, Rijksdienst voor het Cultureel Erfgoed, Rijksdienst voor het Cultureel Erfgoed]",
    "email": "[info@cultureelerfgoed.nl, info@cultureelerfgoed.nl, info@cultureelerfgoed.nl]"
  },
  {
    "datasetIdentifierCode": "50a2c5e6-c8e7-425d-854e-26f578196bc9",
    "title": "Afgevoerde hoeveelheid afval in 2011 vanuit de industrie",
    "organisationName": "no organisationName found in dataset record",
    "email": "[emissieregistratie@rivm.nl, , emissieregistratie@rivm.nl]"
  },
  {
    "datasetIdentifierCode": "64ff8561-5c56-4cc1-ae0e-94366fb70b7e",
    "title": "Luchtfoto 2019 25cm RGB open data",
    "organisationName": "[Kadaster, Het Waterschapshuis, Kadaster, Geocart, Geocart, Geocart, Kadaster, Kadaster]",
    "email": "[PPB-GVA@kadaster.nl, info@hetwaterschapshuis.nl, kcc@kadaster.nl, , , , , , ]"
  },
  {
    "datasetIdentifierCode": "df15af6e-0d21-4437-a69f-802be3479bba",
    "title": "Luchtfoto 2016 25cm RGB open data",
    "organisationName": "[Kadaster, Het Waterschapshuis, Kadaster, Eurosense, Eurosense, Eurosense, Kadaster, Kadaster]",
    "email": "[PPB-GVA@kadaster.nl, info@hetwaterschapshuis.nl, kcc@kadaster.nl, , , , , , ]"
  },
  {
    "datasetIdentifierCode": "10d1153e-778f-4995-9b6c-7c69b196cccb",
    "title": "Statistical Units Vector",
    "organisationName": "[Statistics Netherlands, Statistics Netherlands, Statistics Netherlandds, Statistics Netherlands]",
    "email": "[infoservice@cbs.nl, infoservice@cbs.nl, infoservice@cbs.nl, , ]"
  },
  {
    "datasetIdentifierCode": "3eebf700-5abf-42e4-826c-03cfb497e366",
    "title": "Vervoersnetwerken",
    "organisationName": "[Kadaster, Kadaster, Kadaster]",
    "email": "[PPB-GVA@kadaster.nl, kcc@kadaster.nl, kcc@kadaster.nl]"
  },
  {
    "datasetIdentifierCode": "11a292bd-9022-4a9f-b1bf-02f5c89ad74a",
    "title": "Totale potentie aardwarmte uit aquifers, INSPIRE",
    "organisationName": "[TNO Geologische Dienst Nederland, TNO Geologische Dienst Nederland, TNO Geologische Dienst Nederland]",
    "email": "[info@dinoloket.nl, info@dinoloket.nl, info@dinoloket.nl]"
  },
  {
    "datasetIdentifierCode": "6c06740d-058f-4a12-bb3f-bf68efd03d09",
    "title": "Vervoersnetwerken - Kabelbanen (INSPIRE geharmoniseerd)",
    "organisationName": "[Kadaster, Kadaster]",
    "email": "[PPB-GVA@kadaster.nl, kcc@kadaster.nl]"
  },
  {
    "datasetIdentifierCode": "7dd1fd45-ace5-41e0-93a6-64e3be231717",
    "title": "Administratieve Eenheden (INSPIRE geharmoniseerd)",
    "organisationName": "[Kadaster, Kadaster]",
    "email": "[PPB-GVA@kadaster.nl, kcc@kadaster.nl]"
  },
  {
    "datasetIdentifierCode": "8a4f5c3b-aced-48fd-afb5-f1f1d0ef21d6",
    "title": "Omgevingsdosisequivalenttempo Nationaal Meetnet Radioactiviteit 2011",
    "organisationName": "no organisationName found in dataset record",
    "email": "[geodata@rivm.nl, , geodata@rivm.nl]"
  },
  {
    "datasetIdentifierCode": "ad6caa40-89ab-47e3-85ab-3f8e32024a71",
    "title": "Emissies naar lucht en water in 2011 vanuit de industrie",
    "organisationName": "no organisationName found in dataset record",
    "email": "[emissieregistratie@rivm.nl, , emissieregistratie@rivm.nl]"
  },
  {
    "datasetIdentifierCode": "110f9ec6-4464-462e-9765-83d90cefbead",
    "title": "Kaderrichtlijn Water - Oppervlaktewaterlichamen Nederland EU2015 vlakken",
    "organisationName": "[Informatiehuis Water, Informatiehuis Water, , Rijkswaterstaat, Informatiehuis Water]",
    "email": "[servicedesk@ihw.nl, servicedesk-data@rijkswaterstaat.nl, , servicedesk-data@rijkswaterstaat.nl, servicedesk@ihw.nl]"
  },
  {
    "datasetIdentifierCode": "a04afee4-47d5-45b7-b7a0-a6f86106af11",
    "title": "Mosselzaadinvanginstallaties",
    "organisationName": "no organisationName found in dataset record",
    "email": "[geodatabeheer.giscc@rvo.nl, VR@minez.nl, geodatabeheer.giscc@rvo.nl, beheer@pdok.nl]"
  },
  {
    "datasetIdentifierCode": "e8b84fae-00b3-49c1-80c1-df8f69f64e8c",
    "title": "EEZ volgens UNCLOS - Noordzee",
    "organisationName": "[Ministerie van Defensie, Koninklijke Marine, Dienst der Hydrografie, Ministerie van Defensie, Koninklijke Marine, Dienst der Hydrografie, Ministerie van Defensie, Koninklijke Marine, Dienst der Hydrografie]",
    "email": "[data@hydro.nl, data@hydro.nl, data@hydro.nl, , ]"
  },
  {
    "datasetIdentifierCode": "bb11be63-bd38-4632-bf54-df44c423a529",
    "title": "Territoriale Zee volgens UNCLOS - Noordzee",
    "organisationName": "[Ministerie van Defensie, Koninklijke Marine, Dienst der Hydrografie, Ministerie van Defensie, Koninklijke Marine, Dienst der Hydrografie, Ministerie van Defensie, Koninklijke Marine, Dienst der Hydrografie]",
    "email": "[data@hydro.nl, data@hydro.nl, data@hydro.nl, , ]"
  },
  {
    "datasetIdentifierCode": "krm-a905-9d8e-4758-83fa-28b057f185e3",
    "title": "Kaderrichtlijn Mariene Strategie - Rapportage eenheden Nederland EU2018",
    "organisationName": "[Rijkswaterstaat, Rijkswaterstaat, , Rijkswaterstaat, Rijkswaterstaat]",
    "email": "[servicedesk-data@rijkswaterstaat.nl, servicedesk-data@rijkswaterstaat.nl, , servicedesk-data@rijkswaterstaat.nl, servicedesk-data@rijkswaterstaat.nl]"
  },
  {
    "datasetIdentifierCode": "krm-a905-9d8e-4758-83fa-28b057f185e4",
    "title": "Kaderrichtlijn Mariene Strategie - Mariene wateren Nederland EU2018",
    "organisationName": "[Rijkswaterstaat, Rijkswaterstaat, , Rijkswaterstaat, Rijkswaterstaat]",
    "email": "[servicedesk-data@rijkswaterstaat.nl, servicedesk-data@rijkswaterstaat.nl, , servicedesk-data@rijkswaterstaat.nl, servicedesk-data@rijkswaterstaat.nl]"
  },
  {
    "datasetIdentifierCode": "24de356e-ec4d-4a18-9903-6401d222b77c",
    "title": "Vergunningen Mijnbouwwet onder INSPIRE",
    "organisationName": "[TNO Geologische Dienst Nederland, TNO Geologische Dienst Nederland, TNO Geologische Dienst Nederland]",
    "email": "[info@dinoloket.nl, info@dinoloket.nl, info@dinoloket.nl]"
  },
  {
    "datasetIdentifierCode": "e1e99000-ec47-4e9f-84a5-adad24fef0dc",
    "title": "Natuurlijke alfa activiteitsconcentratie in lucht Nationaal Meetnet Radioactiviteit 2011",
    "organisationName": "no organisationName found in dataset record",
    "email": "[geodata@rivm.nl, , geodata@rivm.nl]"
  },
  {
    "datasetIdentifierCode": "19165027-a13a-4c19-9013-ec1fd191019d",
    "title": "Wetlands (RAMSAR) (INSPIRE Geharmoniseerd)",
    "organisationName": "[, ]",
    "email": "[geodatabeheer.giscc@rvo.nl, geodatabeheer.giscc@rvo.nl, geodatabeheer.giscc@rvo.nl, GeoDesk.CGI@wur.nl, beheer@pdok.nl, , ]"
  },
  {
    "datasetIdentifierCode": "32a21114-8694-40ce-ab76-9dcd885c7861",
    "title": "Kwaliteit van drinkwater in Nederland (2012)",
    "organisationName": "[RIVM, ]",
    "email": "[geodata@rivm.nl, , geodata@rivm.nl]"
  },
  {
    "datasetIdentifierCode": "73ec579e-c906-433a-b0b6-d3aa33421558",
    "title": "Luchtvaartinformatie",
    "organisationName": "[Luchtverkeersleiding Nederland (LVNL), Luchtverkeersleiding Nederland (LVNL)]",
    "email": "[AIS@LVNL.NL, AIS@LVNL.nl]"
  },
  {
    "datasetIdentifierCode": "c3c004ad-5387-4b00-a225-9afbcaa5d31b",
    "title": "Geluidkaart hoofdspoornet 2016 (Lden)",
    "organisationName": "[Ministerie van IenW, Ministerie van IenW]",
    "email": "[sylvia.koolmees@minienw.nl, sylvia.koolmees@minienw.nl]"
  },
  {
    "datasetIdentifierCode": "4e2ef670-cddd-11dd-ad8b-0800200c9a66",
    "title": "Stads- en Dorpsgezichten",
    "organisationName": "[Rijksdienst voor het Cultureel Erfgoed, Rijksdienst voor het Cultureel Erfgoed, Rijksdienst voor het Cultureel Erfgoed]",
    "email": "[info@cultureelerfgoed.nl, info@cultureelerfgoed.nl, info@cultureelerfgoed.nl]"
  },
  {
    "datasetIdentifierCode": "64c987ec-dce6-11e3-8563-901b0e19e163",
    "title": "Actuele synoptische weerwaarnemingen KNMI Nederland per 10 minuten (24 uur)",
    "organisationName": "[Koninklijk Nederlands Meteorologisch Instituut (KNMI), Koninklijk Nederlands Meteorologisch Instituut (KNMI), Koninklijk Nederlands Meteorologisch Instituut (KNMI)]",
    "email": "[datacentrum@knmi.nl, datacentrum@knmi.nl, datacentrum@knmi.nl]"
  },
  {
    "datasetIdentifierCode": "f5f68d51-2ca4-4897-8227-d3938b2b0a7e",
    "title": "Afvalinrichtingen inclusief nucleaire inrichtingen",
    "organisationName": "[Interprovinciaal Overleg, Interprovinciaal Overleg, Interprovinciaal Overleg]",
    "email": "[inspire@gbo-provincies.nl, inspire@gbo-provincies.nl, inspire@gbo-provincies.nl]"
  },
  {
    "datasetIdentifierCode": "b59f06c0-dce5-11e3-9c10-901b0e19e163",
    "title": "Aardbevingen Nederland (KNMI)",
    "organisationName": "[Koninklijk Nederlands Meteorologisch Instituut (KNMI), Koninklijk Nederlands Meteorologisch Instituut (KNMI), Koninklijk Nederlands Meteorologisch Instituut (KNMI)]",
    "email": "[datacentrum@knmi.nl, datacentrum@knmi.nl, datacentrum@knmi.nl]"
  },
  {
    "datasetIdentifierCode": "daa63e4c-dce6-11e3-991e-901b0e19e163",
    "title": "Gecontroleerde klimatologische daggegevens KNMI Nederland",
    "organisationName": "[Koninklijk Nederlands Meteorologisch Instituut (KNMI), Koninklijk Nederlands Meteorologisch Instituut (KNMI), Koninklijk Nederlands Meteorologisch Instituut (KNMI)]",
    "email": "[datacentrum@knmi.nl, datacentrum@knmi.nl, datacentrum@knmi.nl]"
  },
  {
    "datasetIdentifierCode": "31de946d-85d4-4c93-bb97-e25f4ef1401a",
    "title": "Vervoersnetwerken - Luchttransport (INSPIRE geharmoniseerd)",
    "organisationName": "[Kadaster, Kadaster]",
    "email": "[PPB-GVA@kadaster.nl, kcc@kadaster.nl]"
  },
  {
    "datasetIdentifierCode": "6f84efeb-fc1d-4565-a721-80735ea57dbd",
    "title": "Rijksmonumenten (verouderd)",
    "organisationName": "[Rijksdienst voor het Cultureel Erfgoed, Rijksdienst voor het Cultureel Erfgoed]",
    "email": "[info@cultureelerfgoed.nl, info@cultureelerfgoed.nl]"
  },
  {
    "datasetIdentifierCode": "d845cef6-0e23-4212-a951-b69763e39ef0",
    "title": "Windsnelheden op 100m hoogte (m/s)",
    "organisationName": "no organisationName found in dataset record",
    "email": "[geodatabeheer.giscc@rvo.nl, geodatabeheer.giscc@rvo.nl, ]"
  },
  {
    "datasetIdentifierCode": "fe45c540-e37d-11e4-b571-0800200c9a66",
    "title": "Zwemwaterlocaties en zwemwaterkwaliteit - monsterpunten",
    "organisationName": "[Interprovinciaal Overleg, Interprovinciaal Overleg, Interprovinciaal Overleg, Interprovinciaal Overleg, Interprovinciaal Overleg]",
    "email": "[inspire@gbo-provincies.nl, inspire@gbo-provincies.nl, inspire@gbo-provincies.nl]"
  },
  {
    "datasetIdentifierCode": "7939fd42-cf88-42c5-ab3b-232cf232a3ac",
    "title": "Actueel Hoogtebestand Nederland 2 (AHN2)",
    "organisationName": "[Rijkswaterstaat, stuurgroep AHN, , Rijkswaterstaat, Rijkswaterstaat]",
    "email": "[servicedesk-data@rijkswaterstaat.nl, servicedesk-data@rijkswaterstaat.nl, , servicedesk-data@rijkswaterstaat.nl, servicedesk-data@rijkswaterstaat.nl]"
  },
  {
    "datasetIdentifierCode": "cf69ec50-9849-4afd-853c-ee56211d336d",
    "title": "Waterstanden en afvoeren actueel - Rijkswaterstaat",
    "organisationName": "[Rijkswaterstaat, Rijkswaterstaat, , Rijkswaterstaat, Rijkswaterstaat]",
    "email": "[servicedesk-data@rijkswaterstaat.nl, servicedesk-data@rijkswaterstaat.nl, , servicedesk-data@rijkswaterstaat.nl, servicedesk-data@rijkswaterstaat.nl]"
  },
  {
    "datasetIdentifierCode": "effe1ab0-073d-437c-af13-df5c5e07d6cd",
    "title": "CBS gebiedsindelingen",
    "organisationName": "[Centraal Bureau voor de Statistiek, Centraal Bureau voor de Statistiek, Centraal Bureau voor de Statistiek, Kadaster]",
    "email": "[infoservice@cbs.nl, infoservice@cbs.nl, infoservice@cbs.nl, , ]"
  },
  {
    "datasetIdentifierCode": "b61a773c-ecad-4e60-93e9-0a4caac0b52f",
    "title": "Olie- en gasvelden onder INSPIRE",
    "organisationName": "[TNO Geologische Dienst Nederland, TNO Geologische Dienst Nederland, TNO Geologische Dienst Nederland]",
    "email": "[info@dinoloket.nl, info@dinoloket.nl, info@dinoloket.nl]"
  },
  {
    "datasetIdentifierCode": "fe2f9091-1962-4073-9e3b-3e4aeed488a5",
    "title": "Beperkingen voor voertuigen (INSPIRE geharmoniseerde data)",
    "organisationName": "[RDW, RDW, RDW]",
    "email": "[ontheffingen@rdw.nl, ontheffingen@rdw.nl, , ]"
  },
  {
    "datasetIdentifierCode": "9ed6b8ed-254a-4745-a09a-3b57137d1b69",
    "title": "Luchtfoto 2019 25cm CIR open data",
    "organisationName": "[Kadaster, Het Waterschapshuis, Kadaster, Geocart, Geocart, Geocart, Kadaster, Kadaster]",
    "email": "[PPB-GVA@kadaster.nl, info@hetwaterschapshuis.nl, kcc@kadaster.nl, , , , , , ]"
  },
  {
    "datasetIdentifierCode": "b6ee58a1-b097-4c6d-8600-eb81efc1468c",
    "title": "Productie/industrie-inrichtingen (o.b.v. SBI-codes) uit {Risico Register Gevaarlijke stoffen (RRGS)}",
    "organisationName": "[Interprovinciaal Overleg, Interprovinciaal Overleg, Interprovinciaal Overleg]",
    "email": "[inspire@gbo-provincies.nl, inspire@gbo-provincies.nl, inspire@gbo-provincies.nl]"
  },
  {
    "datasetIdentifierCode": "a322184d-6285-4856-bb78-f450b30ffc0e",
    "title": "Bathymetrie Nederlands deel van de Noordzee dieper dan 10 m LAT",
    "organisationName": "[Ministerie van Defensie, Koninklijke Marine, Dienst der Hydrografie, Ministerie van Defensie, Koninklijke Marine, Dienst der Hydrografie]",
    "email": "[data@hydro.nl, data@hydro.nl, data@hydro.nl, , ]"
  },
  {
    "datasetIdentifierCode": "17716ed7-ce0d-4bfd-8868-a398e5578a36",
    "title": "Ruimtelijke plannen Wro: Ruimtelijkeplannen.nl",
    "organisationName": "[Kadaster, Kadaster]",
    "email": "[PPB-GVA@kadaster.nl, ruimtelijkeplannen@kadaster.nl]"
  },
  {
    "datasetIdentifierCode": "002d9127-c16d-4b8d-9f5e-102a8c8e36c4",
    "title": "Geluidkaart hoofdspoornet 2016 (Lnight)",
    "organisationName": "[Ministerie van IenW, Ministerie van IenW]",
    "email": "[sylvia.koolmees@minienw.nl, sylvia.koolmees@minienw.nl]"
  },
  {
    "datasetIdentifierCode": "68ebd5c9-0ea1-4f22-9907-ec4c063cd3e2",
    "title": "Landelijk zoet en zoutwatermeetnet - Rijkswaterstaat",
    "organisationName": "[Rijkswaterstaat, Rijkswaterstaat, , Rijkswaterstaat, Rijkswaterstaat]",
    "email": "[servicedesk-data@rijkswaterstaat.nl, servicedesk-data@rijkswaterstaat.nl, , servicedesk-data@rijkswaterstaat.nl, servicedesk-data@rijkswaterstaat.nl]"
  },
  {
    "datasetIdentifierCode": "a5241416-8401-4623-be61-57ef50447a41",
    "title": "Maritieme grenzen - Noordzee",
    "organisationName": "[Ministerie van Defensie, Koninklijke Marine, Dienst der Hydrografie, Ministerie van Defensie, Koninklijke Marine, Dienst der Hydrografie, Ministerie van Defensie, Koninklijke Marine, Dienst der Hydrografie]",
    "email": "[data@hydro.nl, data@hydro.nl, data@hydro.nl, , ]"
  },
  {
    "datasetIdentifierCode": "493ab81b-75f8-4205-b030-6b2fd9eb4295",
    "title": "INSPIRE geharmoniseerde Beschermde Gebieden - Cultuur Historie",
    "organisationName": "[Rijksdienst voor het Cultureel Erfgoed, Rijksdienst voor het Cultureel Erfgoed, Rijksdienst voor het Cultureel Erfgoed]",
    "email": "[info@cultureelerfgoed.nl, info@cultureelerfgoed.nl, info@cultureelerfgoed.nl]"
  },
  {
    "datasetIdentifierCode": "f44dac86-2228-412f-8355-e56446ca9933",
    "title": "Gebieden in de Eemsmonding en de Dollard",
    "organisationName": "[Ministerie van Defensie, Koninklijke Marine, Dienst der Hydrografie, Ministerie van Defensie, Koninklijke Marine, Dienst der Hydrografie]",
    "email": "[data@hydro.nl, data@hydro.nl, data@hydro.nl]"
  },
  {
    "datasetIdentifierCode": "1462bbce-ccd3-4362-83d8-4535ca8f44eb",
    "title": "CBS Vierkantstatistieken 100m",
    "organisationName": "[Centraal Bureau voor de Statistiek, Centraal Bureau voor de Statistiek, Centraal Bureau voor de Statistiek, Centraal Bureau voor de Statistiek]",
    "email": "[infoservice@cbs.nl, infoservice@cbs.nl, infoservice@cbs.nl, ]"
  },
  {
    "datasetIdentifierCode": "58e7dc38-a498-4852-b4ef-908f5baa9056",
    "title": "Begrenzingen van vergunde ontgrondingsgebieden voor zand- en grindwinning",
    "organisationName": "[Interprovinciaal Overleg, Interprovinciaal Overleg, Interprovinciaal Overleg]",
    "email": "[inspire@gbo-provincies.nl, inspire@gbo-provincies.nl, inspire@gbo-provincies.nl]"
  },
  {
    "datasetIdentifierCode": "07575774-57a1-4419-bab4-6c88fdeb02b2",
    "title": "Hydrografie waterschappen INSPIRE",
    "organisationName": "[Het Waterschapshuis, Het Waterschapshuis, Het Waterschapshuis, Het Waterschapshuis]",
    "email": "[datastromen@hetwaterschapshuis.nl, datastromen@hetwaterschapshuis.nl, , datastromen@hetwaterschapshuis.nl]"
  },
  {
    "datasetIdentifierCode": "71c2b7d2-a1a8-4836-b8d4-7247d331b04d",
    "title": "CBS Provincies 2012",
    "organisationName": "[Centraal Bureau voor de Statistiek, Centraal Bureau voor de Statistiek, Centraal Bureau voor de Statistiek, Kadaster]",
    "email": "[infoservice@cbs.nl, infoservice@cbs.nl, infoservice@cbs.nl, , ]"
  },
  {
    "datasetIdentifierCode": "df5ee213-e1bd-433b-80f7-4ea20f493ca8",
    "title": "Zwemwaterkwaliteit (provinciaal en Rijkswateren) uit {Zwemwaterregister}",
    "organisationName": "[Interprovinciaal Overleg, Interprovinciaal Overleg, Interprovinciaal Overleg]",
    "email": "[inspire@gbo-provincies.nl, inspire@gbo-provincies.nl, inspire@gbo-provincies.nl]"
  },
  {
    "datasetIdentifierCode": "f8d840bc-18df-4449-b797-b9adcb81d3ec",
    "title": "Emissies naar lucht en water in 2015 vanuit de industrie",
    "organisationName": "no organisationName found in dataset record",
    "email": "[emissieregistratie@rivm.nl, , emissieregistratie@rivm.nl]"
  },
  {
    "datasetIdentifierCode": "88f76a94-ee4d-4e0c-9fde-91b692403e39",
    "title": "Natuurbranden",
    "organisationName": "[Interprovinciaal Overleg, Interprovinciaal Overleg, Interprovinciaal Overleg]",
    "email": "[inspire@gbo-provincies.nl, inspire@gbo-provincies.nl, inspire@gbo-provincies.nl]"
  },
  {
    "datasetIdentifierCode": "wt-83730-e750-485a-9c0c-39bf9be72cf8",
    "title": "Menselijke gezondheid en veiligheid - geluidbelasting rijkswegen 2016 (INSPIRE geharmoniseerd)",
    "organisationName": "[Rijkswaterstaat, Rijkswaterstaat, , Rijkswaterstaat, Wetransform]",
    "email": "[servicedesk-data@rijkswaterstaat.nl, servicedesk-data@rijkswaterstaat.nl, , servicedesk-data@rijkswaterstaat.nl, info@wetransform.to]"
  },
  {
    "datasetIdentifierCode": "adn73c4a-ef03-4785-b7f6-942e86b385f7",
    "title": "Bathymetrie Nederland - binnenwateren",
    "organisationName": "[Rijkswaterstaat, Rijkswaterstaat, , Rijkswaterstaat, Rijkswaterstaat]",
    "email": "[servicedesk-data@rijkswaterstaat.nl, servicedesk-data@rijkswaterstaat.nl, , servicedesk-data@rijkswaterstaat.nl, servicedesk-data@rijkswaterstaat.nl]"
  },
  {
    "datasetIdentifierCode": "1be28290-55fa-4486-b9d3-b9d147117863",
    "title": "Luchtfoto 2016 25cm CIR open data",
    "organisationName": "[Kadaster, Het Waterschapshuis, Kadaster, Eurosense, Eurosense, Eurosense, Kadaster, Kadaster]",
    "email": "[PPB-GVA@kadaster.nl, info@hetwaterschapshuis.nl, kcc@kadaster.nl, , , , , , ]"
  },
  {
    "datasetIdentifierCode": "E7D9F0D6-2B8D-6699-F26E-4A781228F2DD",
    "title": "BRO REGIS II Hydrogeologisch model (HGM)",
    "organisationName": "[TNO Geologische Dienst Nederland, TNO Geologische Dienst Nederland, TNO Geologische Dienst Nederland]",
    "email": "[info@bro.nl, info@bro.nl, info@dinoloket.nl]"
  },
  {
    "datasetIdentifierCode": "3387ef8a-9237-453a-aa4e-585d1e193550",
    "title": "Nationaal Beschermde Gebieden (CDDA) (INSPIRE geharmoniseerd)",
    "organisationName": "[Ministerie van Economische Zaken - GIS Competence Center, Ministerie van Landbouw, Natuur en Voedselkwaliteit, Ministerie van Economische Zaken - GIS Competence Center]",
    "email": "[geodatabeheer.giscc@rvo.nl, geodatabeheer.giscc@rvo.nl, geodatabeheer.giscc@rvo.nl]"
  },
  {
    "datasetIdentifierCode": "7D35598D-DFBF-C64D-0F1A-92A80A45EB14",
    "title": "BRO GeoTOP (GTM)",
    "organisationName": "[TNO Geologische Dienst Nederland, TNO Geologische Dienst Nederland, TNO Geologische Dienst Nederland]",
    "email": "[info@bro.nl, info@bro.nl, info@dinoloket.nl]"
  },
  {
    "datasetIdentifierCode": "03671a9e-6aaf-464d-be99-9aad25cef9e3",
    "title": "Habitatrichtlijn verspreidingsgebied van habitattypen",
    "organisationName": "[Ministerie van Economische Zaken - GIS Competence Center, , Wageningen Environmental Research (Alterra), PDOK, Alterra]",
    "email": "[geodatabeheer.giscc@rvo.nl, , GeoDesk.CGI@wur.nl, geodatabeheer.giscc@rvo.nl, beheerPDOK@kadaster.nl, ]"
  },
  {
    "datasetIdentifierCode": "60a2a7c2-d5b3-4ad5-b562-c448695357fb",
    "title": "Nationale Landschappen",
    "organisationName": "[Interprovinciaal Overleg, Interprovinciaal Overleg, Interprovinciaal Overleg]",
    "email": "[inspire@gbo-provincies.nl, inspire@gbo-provincies.nl, inspire@gbo-provincies.nl]"
  },
  {
    "datasetIdentifierCode": "uwwtd-9d8e-4758-83fa-28b057f185e2",
    "title": "Richtlijn Stedelijk Afvalwater - lozingspunten Nederland EU2015",
    "organisationName": "[Rijkswaterstaat, Rijkswaterstaat, , Rijkswaterstaat, Rijkswaterstaat]",
    "email": "[servicedesk-data@rijkswaterstaat.nl, servicedesk-data@rijkswaterstaat.nl, , servicedesk-data@rijkswaterstaat.nl, servicedesk-data@rijkswaterstaat.nl]"
  },
  {
    "datasetIdentifierCode": "F646DFB9-5BF6-EAB9-042B-CAB6FF2DC275",
    "title": "BRO Digital Geological Model (DGM)",
    "organisationName": "[TNO Geologische Dienst Nederland, TNO Geologische Dienst Nederland, TNO Geologische Dienst Nederland]",
    "email": "[info@bro.nl, info@bro.nl, info@dinoloket.nl]"
  },
  {
    "datasetIdentifierCode": "6c1cf452-8c62-4046-99ab-640a5e184f9c",
    "title": "Geologisch booronderzoek onder INSPIRE",
    "organisationName": "[TNO Geologische Dienst Nederland, TNO Geologische Dienst Nederland, TNO Geologische Dienst Nederland]",
    "email": "[info@dinoloket.nl, info@dinoloket.nl, info@dinoloket.nl]"
  },
  {
    "datasetIdentifierCode": "1a40eb6f-4f33-4e15-a0b1-2d350ad2636e",
    "title": "Geografische Namen (INSPIRE geharmoniseerd)",
    "organisationName": "[Kadaster, Kadaster]",
    "email": "[PPB-GVA@kadaster.nl, kcc@kadaster.nl]"
  },
  {
    "datasetIdentifierCode": "8f45b8ef-0ce8-463a-9059-5efdcecb785c",
    "title": "Vervoersnetwerken - Wegen (INSPIRE geharmoniseerd)",
    "organisationName": "[Kadaster, Kadaster]",
    "email": "[PPB-GVA@kadaster.nl, kcc@kadaster.nl]"
  },
  {
    "datasetIdentifierCode": "34e95842-4e4e-46de-9198-79e8cd4d30dc",
    "title": "Geografische Namen (Nat) - Nederland",
    "organisationName": "[Ministerie van Defensie, Koninklijke Marine, Dienst der Hydrografie, Ministerie van Defensie, Koninklijke Marine, Dienst der Hydrografie, Ministerie van Defensie, Koninklijke Marine, Dienst der Hydrografie]",
    "email": "[data@hydro.nl, data@hydro.nl, data@hydro.nl, , ]"
  },
  {
    "datasetIdentifierCode": "0d6ccccc-7cfb-4eaa-8dc5-8b433d19b121",
    "title": "Landbouwbedrijven",
    "organisationName": "no organisationName found in dataset record",
    "email": "[geodatabeheer.giscc@rvo.nl, gegevensvragenASB@rvo.nl, gegevensvragenASB@rvo.nl]"
  },
  {
    "datasetIdentifierCode": "afc450bd-65b3-4e59-b0fb-619869bf6ada",
    "title": "Landelijk grondwaterregister - Faciliteiten voor productie en industrie",
    "organisationName": "[Interprovinciaal Overleg, Interprovinciaal Overleg, Interprovinciaal Overleg, Interprovinciaal Overleg, Interprovinciaal Overleg]",
    "email": "[inspire@gbo-provincies.nl, inspire@gbo-provincies.nl, inspire@gbo-provincies.nl, , ]"
  },
  {
    "datasetIdentifierCode": "5800f3b0-2ea2-4231-8165-216a7b26867f",
    "title": "Gemeten Koolstofmonoxide concentraties in buitenlucht.",
    "organisationName": "RIVM",
    "email": "[geodata@rivm.nl, geodata@rivm.nl]"
  },
  {
    "datasetIdentifierCode": "b3ec8793-7747-4da0-b6c3-aa384446a586",
    "title": "Gemeten Fijn stof concentraties in buitenlucht.",
    "organisationName": "no organisationName found in dataset record",
    "email": "[geodata@rivm.nl, geodata@rivm.nl]"
  },
  {
    "datasetIdentifierCode": "733559a5-201d-40e5-ad43-d1c7bae84d9f",
    "title": "Gemeten Stikstofdioxide concentraties in buitenlucht.",
    "organisationName": "RIVM",
    "email": "[geodata@rivm.nl, geodata@rivm.nl]"
  },
  {
    "datasetIdentifierCode": "ror-9d8e-4758-83fx-28b057f185g1",
    "title": "Richtlijn Overstromingsrisico - gebieden met Potentieel Significant Overstromingsrisico EU2018 lijnen",
    "organisationName": "[Rijkswaterstaat, Rijkswaterstaat, , Rijkswaterstaat, Rijkswaterstaat]",
    "email": "[servicedesk-data@rijkswaterstaat.nl, servicedesk-data@rijkswaterstaat.nl, , servicedesk-data@rijkswaterstaat.nl, servicedesk-data@rijkswaterstaat.nl]"
  },
  {
    "datasetIdentifierCode": "49ab8bee-b467-486a-96ca-b950443c453a",
    "title": "Beschermde gebieden - Provincies (INSPIRE geharmoniseerd)",
    "organisationName": "[Interprovinciaal Overleg, Interprovinciaal Overleg, Interprovinciaal Overleg]",
    "email": "[inspire@gbo-provincies.nl, inspire@gbo-provincies.nl, inspire@gbo-provincies.nl]"
  },
  {
    "datasetIdentifierCode": "af135cd8-d429-4fc7-b9e3-09e15217520d",
    "title": "Gemeten fijnere fractie van Fijn stof concentraties in buitenlucht.",
    "organisationName": "no organisationName found in dataset record",
    "email": "[geodata@rivm.nl, geodata@rivm.nl]"
  },
  {
    "datasetIdentifierCode": "500d396f-5ec6-4e4b-a151-5fb3cddd8082",
    "title": "Gemeten Zwaveldioxide concentraties in buitenlucht.",
    "organisationName": "no organisationName found in dataset record",
    "email": "[geodata@rivm.nl, geodata@rivm.nl]"
  },
  {
    "datasetIdentifierCode": "f91c6ad6-62a5-46d0-8a5b-8a62e7a4b833",
    "title": "Gemeten Stikstofmonoxide concentraties in buitenlucht.",
    "organisationName": "no organisationName found in dataset record",
    "email": "[geodata@rivm.nl, geodata@rivm.nl]"
  },
  {
    "datasetIdentifierCode": "a29917b9-3426-4041-a11b-69bcb2256904",
    "title": "Kadastrale kaart v4",
    "organisationName": "[Kadaster, Kadaster en Openbare Registers, Dienst voor het Kadaster en de Openbare Registers]",
    "email": "[PPB-GVA@kadaster.nl, kcc@kadaster.nl, kcc@kadaster.nl, , ]"
  },
  {
    "datasetIdentifierCode": "d8f370e8-123c-4ab3-9410-04f728327ac6",
    "title": "Gemeten Ozon concentraties in buitenlucht.",
    "organisationName": "no organisationName found in dataset record",
    "email": "[geodata@rivm.nl, geodata@rivm.nl]"
  },
  {
    "datasetIdentifierCode": "d3c9efd6-fca7-49d6-92bb-5f507abece90",
    "title": "Gemeten Ammoniak concentraties in buitenlucht.",
    "organisationName": "no organisationName found in dataset record",
    "email": "[geodata@rivm.nl, geodata@rivm.nl]"
  },
  {
    "datasetIdentifierCode": "588a4cb1-b442-4ac1-87e4-40401e353166",
    "title": "Jaarcijfers Landelijk Meetnet Luchtkwaliteit 2012",
    "organisationName": "no organisationName found in dataset record",
    "email": "[geodata@rivm.nl, , geodata@rivm.nl]"
  },
  {
    "datasetIdentifierCode": "7f5d7945-8fa8-4d36-be4c-2fdb3c7d613b",
    "title": "Luchtfoto 2018 25cm CIR open data",
    "organisationName": "[Kadaster, Het Waterschapshuis, Kadaster, Eurosense, Eurosense, Eurosense, Kadaster, Kadaster]",
    "email": "[PPB-GVA@kadaster.nl, info@hetwaterschapshuis.nl, kcc@kadaster.nl, , , , , , ]"
  },
  {
    "datasetIdentifierCode": "50eef6be-619d-4e16-9b92-48971109b636",
    "title": "Geluidbelasting rijkswegen in Nederland 2011 (nacht gemiddelde)",
    "organisationName": "[Rijkswaterstaat, Rijkswaterstaat, , Rijkswaterstaat, Rijkswaterstaat]",
    "email": "[servicedesk-data@rijkswaterstaat.nl, servicedesk-data@rijkswaterstaat.nl, , servicedesk-data@rijkswaterstaat.nl, servicedesk-data@rijkswaterstaat.nl]"
  },
  {
    "datasetIdentifierCode": "5c37d29a-006d-4136-8989-adfc35a1d4a7",
    "title": "Wijk- en Buurtkaart 2019 versie 1",
    "organisationName": "[Centraal Bureau voor de Statistiek, Centraal Bureau voor de Statistiek, Centraal Bureau voor de Statistiek, Kadaster]",
    "email": "[infoservice@cbs.nl, infoservice@cbs.nl, infoservice@cbs.nl, , ]"
  },
  {
    "datasetIdentifierCode": "844404a2-9cd0-452e-b29a-74588777485a",
    "title": "Geluidkaart hoofdspoornet 2011 (Lden)",
    "organisationName": "[Ministerie van IenW, Ministerie van IenW]",
    "email": "[sylvia.koolmees@minienw.nl, sylvia.koolmees@minienw.nl]"
  },
  {
    "datasetIdentifierCode": "29c17585-e702-463f-a5dc-99d34b17d333",
    "title": "RDinfo",
    "organisationName": "[Kadaster, Dienst van Het Kadaster en Openbare Registers, Dienst voor het Kadaster en de Openbare Registers]",
    "email": "[PPB-GVA@kadaster.nl, kcc@kadaster.nl, rd@kadaster.nl]"
  },
  {
    "datasetIdentifierCode": "280ed37a-b8d2-4ac5-8567-04d84fad3a41",
    "title": "Natura 2000 (INSPIRE geharmoniseerd)",
    "organisationName": "Ministerie van Landbouw, Natuur en Voedselkwaliteit",
    "email": "[geodatabeheer.giscc@rvo.nl, geodatabeheer.giscc@rvo.nl, beheer@pdok.nl]"
  }
]

15:22:25.184 [pool-1-thread-3] INFO  com.intuit.karate.Runner - <<pass>> feature 3 of 9: classpath:InspireTest/ngr/datasetrecords/def/getcswcapabilities.feature
15:22:25.128 [pool-1-thread-5] INFO  com.intuit.karate.Runner - <<pass>> feature 5 of 9: classpath:InspireTest/ngr/datasetrecords/def/getcswbriefrecordsjson.feature
15:22:25.138 [pool-1-thread-4] INFO  com.intuit.karate.Runner - <<pass>> feature 4 of 9: classpath:InspireTest/ngr/datasetrecords/def/getdataset.template.feature
15:22:25.158 [ForkJoinPool-1-worker-7] INFO  com.intuit.karate - [print] [
  "http://inspire.ec.europa.eu/applicationschema/of"
]

15:22:25.160 [ForkJoinPool-1-worker-3] INFO  com.intuit.karate - [print] [
  "http://inspire.ec.europa.eu/id/document/tg/am"
]

---------------------------------------------------------
feature: classpath:InspireTest/ngr/datasetrecords/def/getdataset.template.feature
report: target/surefire-reports/InspireTest.ngr.datasetrecords.def.getdataset.template.json
scenarios:  1 | passed:  1 | failed:  0 | time: 0.6715
---------------------------------------------------------
---------------------------------------------------------
feature: classpath:InspireTest/ngr/datasetrecords/def/getcswbriefrecordsjson.feature
report: target/surefire-reports/InspireTest.ngr.datasetrecords.def.getcswbriefrecordsjson.json
scenarios:  1 | passed:  1 | failed:  0 | time: 0.6967
---------------------------------------------------------
15:22:25.164 [ForkJoinPool-1-worker-13] INFO  com.intuit.karate - [print] [
  "http://inspire.ec.europa.eu/id/document/tg/au"
]

---------------------------------------------------------
feature: classpath:InspireTest/ngr/datasetrecords/def/getcswcapabilities.feature
report: target/surefire-reports/InspireTest.ngr.datasetrecords.def.getcswcapabilities.json
scenarios:  2 | passed:  2 | failed:  0 | time: 1.8439
---------------------------------------------------------
15:22:25.200 [ForkJoinPool-1-worker-5] INFO  com.intuit.karate - [print] [
  "http://inspire.ec.europa.eu/id/document/tg/ef"
]

15:22:25.221 [ForkJoinPool-1-worker-3] INFO  com.intuit.karate - [print]
15:22:25.229 [ForkJoinPool-1-worker-3] INFO  com.intuit.karate - [print] testing xlinkurl:http://inspire.ec.europa.eu/id/document/tg/am
15:22:25.235 [ForkJoinPool-1-worker-13] INFO  com.intuit.karate - [print]
15:22:25.248 [ForkJoinPool-1-worker-13] INFO  com.intuit.karate - [print] testing xlinkurl:http://inspire.ec.europa.eu/id/document/tg/au
15:22:25.238 [ForkJoinPool-1-worker-7] INFO  com.intuit.karate - [print]
15:22:25.250 [ForkJoinPool-1-worker-7] INFO  com.intuit.karate - [print] testing xlinkurl:http://inspire.ec.europa.eu/applicationschema/of
15:22:25.254 [ForkJoinPool-1-worker-5] INFO  com.intuit.karate - [print]
15:22:25.255 [ForkJoinPool-1-worker-5] INFO  com.intuit.karate - [print] testing xlinkurl:http://inspire.ec.europa.eu/id/document/tg/ef
15:22:26.147 [ForkJoinPool-1-worker-5] INFO  com.intuit.karate - [print] [
  "http://inspire.ec.europa.eu/id/document/tg/el"
]

15:22:26.170 [ForkJoinPool-1-worker-5] INFO  com.intuit.karate - [print]
15:22:26.180 [ForkJoinPool-1-worker-5] INFO  com.intuit.karate - [print] testing xlinkurl:http://inspire.ec.europa.eu/id/document/tg/el
15:22:26.192 [ForkJoinPool-1-worker-3] INFO  com.intuit.karate - [print] [
  "http://inspire.ec.europa.eu/id/document/tg/hh"
]

15:22:26.197 [ForkJoinPool-1-worker-13] INFO  com.intuit.karate - [print] [
  "http://inspire.ec.europa.eu/id/document/tg/hy"
]

15:22:26.221 [ForkJoinPool-1-worker-13] INFO  com.intuit.karate - [print]
15:22:26.222 [ForkJoinPool-1-worker-13] INFO  com.intuit.karate - [print] testing xlinkurl:http://inspire.ec.europa.eu/id/document/tg/hy
15:22:26.226 [ForkJoinPool-1-worker-3] INFO  com.intuit.karate - [print]
15:22:26.228 [ForkJoinPool-1-worker-3] INFO  com.intuit.karate - [print] testing xlinkurl:http://inspire.ec.europa.eu/id/document/tg/hh
15:22:26.937 [ForkJoinPool-1-worker-5] INFO  com.intuit.karate - [print] [
  "http://inspire.ec.europa.eu/id/document/tg/nz"
]

15:22:26.940 [ForkJoinPool-1-worker-3] INFO  com.intuit.karate - [print] [
  "http://inspire.ec.europa.eu/id/document/tg/of"
]

15:22:26.944 [ForkJoinPool-1-worker-13] INFO  com.intuit.karate - [print] [
  "http://inspire.ec.europa.eu/id/document/tg/pf"
]

15:22:26.957 [ForkJoinPool-1-worker-5] INFO  com.intuit.karate - [print]
15:22:26.963 [ForkJoinPool-1-worker-5] INFO  com.intuit.karate - [print] testing xlinkurl:http://inspire.ec.europa.eu/id/document/tg/nz
15:22:26.978 [ForkJoinPool-1-worker-3] INFO  com.intuit.karate - [print]
15:22:26.979 [ForkJoinPool-1-worker-3] INFO  com.intuit.karate - [print] testing xlinkurl:http://inspire.ec.europa.eu/id/document/tg/of
15:22:26.998 [ForkJoinPool-1-worker-13] INFO  com.intuit.karate - [print]
15:22:26.999 [ForkJoinPool-1-worker-13] INFO  com.intuit.karate - [print] testing xlinkurl:http://inspire.ec.europa.eu/id/document/tg/pf
15:22:27.697 [ForkJoinPool-1-worker-5] INFO  com.intuit.karate - [print] [
  "http://inspire.ec.europa.eu/id/document/tg/ps"
]

15:22:27.708 [ForkJoinPool-1-worker-5] INFO  com.intuit.karate - [print]
15:22:27.709 [ForkJoinPool-1-worker-5] INFO  com.intuit.karate - [print] testing xlinkurl:http://inspire.ec.europa.eu/id/document/tg/ps
15:22:27.718 [ForkJoinPool-1-worker-3] INFO  com.intuit.karate - [print] [
  "http://inspire.ec.europa.eu/id/document/tg/tn"
]

15:22:27.729 [ForkJoinPool-1-worker-13] INFO  com.intuit.karate - [print] [
  "http://inspire.ec.europa.eu/id/document/tg/us"
]

15:22:27.751 [ForkJoinPool-1-worker-3] INFO  com.intuit.karate - [print]
15:22:27.756 [ForkJoinPool-1-worker-3] INFO  com.intuit.karate - [print] testing xlinkurl:http://inspire.ec.europa.eu/id/document/tg/tn
15:22:27.755 [ForkJoinPool-1-worker-13] INFO  com.intuit.karate - [print]
15:22:27.764 [ForkJoinPool-1-worker-13] INFO  com.intuit.karate - [print] testing xlinkurl:http://inspire.ec.europa.eu/id/document/tg/us
15:22:27.946 [ForkJoinPool-1-worker-11] INFO  com.intuit.karate - [print] [
  "http://inspire.ec.europa.eu/media-types/application/x-shapefile"
]

15:22:27.955 [ForkJoinPool-1-worker-11] INFO  com.intuit.karate - [print]
15:22:27.961 [ForkJoinPool-1-worker-11] INFO  com.intuit.karate - [print] testing xlinkurl:http://inspire.ec.europa.eu/media-types/application/x-shapefile
15:22:28.419 [ForkJoinPool-1-worker-5] INFO  com.intuit.karate - [print] [
  "http://inspire.ec.europa.eu/metadata-codelist/ConditionsApplyingToAccessAndUse/noConditionsApply"
]

15:22:28.434 [ForkJoinPool-1-worker-5] INFO  com.intuit.karate - [print]
15:22:28.435 [ForkJoinPool-1-worker-5] INFO  com.intuit.karate - [print] testing xlinkurl:http://inspire.ec.europa.eu/metadata-codelist/ConditionsApplyingToAccessAndUse/noConditionsApply
15:22:28.476 [ForkJoinPool-1-worker-3] INFO  com.intuit.karate - [print] [
  "http://inspire.ec.europa.eu/metadata-codelist/LimitationsOnPublicAccess/INSPIRE_Directive_Article13_1f"
]

15:22:28.482 [ForkJoinPool-1-worker-13] INFO  com.intuit.karate - [print] [
  "http://inspire.ec.europa.eu/metadata-codelist/LimitationsOnPublicAccess/noLimitations"
]

15:22:28.485 [ForkJoinPool-1-worker-3] INFO  com.intuit.karate - [print]
15:22:28.486 [ForkJoinPool-1-worker-3] INFO  com.intuit.karate - [print] testing xlinkurl:http://inspire.ec.europa.eu/metadata-codelist/LimitationsOnPublicAccess/INSPIRE_Directive_Article13_1f
15:22:28.497 [ForkJoinPool-1-worker-13] INFO  com.intuit.karate - [print]
15:22:28.498 [ForkJoinPool-1-worker-13] INFO  com.intuit.karate - [print] testing xlinkurl:http://inspire.ec.europa.eu/metadata-codelist/LimitationsOnPublicAccess/noLimitations
15:22:30.063 [pool-1-thread-2] INFO  com.intuit.karate - [print] {
  "register": {
    "submitter": "Nominated submitting organisations for the central INSPIRE registers and INSPIRE register federation",
    "license": {
      "label": "Europa Legal Notice",
      "uri": "http://ec.europa.eu/geninfo/legal_notices_nl.htm"
    },
    "registry": {
      "id": "http://inspire.ec.europa.eu/registry",
      "label": {
        "text": "INSPIRE register",
        "lang": "nl"
      }
    },
    "containeditems": [
      {
        "metadata-codelist": {
          "itemclass": {
            "id": "MetadataCodeList",
            "label": {
              "text": "Metadata Code list",
              "lang": "nl"
            }
          },
          "id": "http://inspire.ec.europa.eu/metadata-codelist/ResourceType",
          "label": {
            "text": "Type bron",
            "lang": "nl"
          },
          "version": "0",
          "status": {
            "id": "http://inspire.ec.europa.eu/registry/status/valid",
            "label": {
              "text": "Geldig",
              "lang": "nl"
            }
          },
          "register": {
            "registry": {
              "id": "http://inspire.ec.europa.eu/registry",
              "label": {
                "text": "INSPIRE register",
                "lang": "nl"
              }
            },
            "id": "http://inspire.ec.europa.eu/metadata-codelist",
            "label": {
              "text": "INSPIRE metadata code list register",
              "lang": "nl"
            }
          }
        }
      },
      {
        "metadata-codelist": {
          "itemclass": {
            "id": "MetadataCodeList",
            "label": {
              "text": "Metadata Code list",
              "lang": "nl"
            }
          },
          "id": "http://inspire.ec.europa.eu/metadata-codelist/TopicCategory",
          "label": {
            "text": "Onderwerpcategoriecn overeenkomstig EN ISO 19115",
            "lang": "nl"
          },
          "version": "0",
          "status": {
            "id": "http://inspire.ec.europa.eu/registry/status/valid",
            "label": {
              "text": "Geldig",
              "lang": "nl"
            }
          },
          "register": {
            "registry": {
              "id": "http://inspire.ec.europa.eu/registry",
              "label": {
                "text": "INSPIRE register",
                "lang": "nl"
              }
            },
            "id": "http://inspire.ec.europa.eu/metadata-codelist",
            "label": {
              "text": "INSPIRE metadata code list register",
              "lang": "nl"
            }
          }
        }
      },
      {
        "metadata-codelist": {
          "itemclass": {
            "id": "MetadataCodeList",
            "label": {
              "text": "Metadata Code list",
              "lang": "nl"
            }
          },
          "id": "http://inspire.ec.europa.eu/metadata-codelist/SpatialDataServiceType",
          "label": {
            "text": "Type dienst met betrekking tot ruimtelijke gegevens",
            "lang": "nl"
          },
          "version": "0",
          "status": {
            "id": "http://inspire.ec.europa.eu/registry/status/valid",
            "label": {
              "text": "Geldig",
              "lang": "nl"
            }
          },
          "register": {
            "registry": {
              "id": "http://inspire.ec.europa.eu/registry",
              "label": {
                "text": "INSPIRE register",
                "lang": "nl"
              }
            },
            "id": "http://inspire.ec.europa.eu/metadata-codelist",
            "label": {
              "text": "INSPIRE metadata code list register",
              "lang": "nl"
            }
          }
        }
      },
      {
        "metadata-codelist": {
          "itemclass": {
            "id": "MetadataCodeList",
            "label": {
              "text": "Metadata Code list",
              "lang": "nl"
            }
          },
          "definition": {
            "text": "De trefwoorden zijn gebaseerd op de taxonomie voor geografische diensten (EN ISO 19119). Deze taxonomie bestaat uit categorieC+n; de subcategorieC+n definiC+ren het waardedomein van de classificatie van ruimtelijke-gegevensdiensten.",
            "lang": "nl"
          },
          "id": "http://inspire.ec.europa.eu/metadata-codelist/SpatialDataServiceCategory",
          "label": {
            "text": "Classificatie van diensten met betrekking tot ruimtelijke gegevens",
            "lang": "nl"
          },
          "version": "0",
          "status": {
            "id": "http://inspire.ec.europa.eu/registry/status/valid",
            "label": {
              "text": "Geldig",
              "lang": "nl"
            }
          },
          "register": {
            "registry": {
              "id": "http://inspire.ec.europa.eu/registry",
              "label": {
                "text": "INSPIRE register",
                "lang": "nl"
              }
            },
            "id": "http://inspire.ec.europa.eu/metadata-codelist",
            "label": {
              "text": "INSPIRE metadata code list register",
              "lang": "nl"
            }
          }
        }
      },
      {
        "metadata-codelist": {
          "itemclass": {
            "id": "MetadataCodeList",
            "label": {
              "text": "Metadata Code list",
              "lang": "nl"
            }
          },
          "id": "http://inspire.ec.europa.eu/metadata-codelist/DegreeOfConformity",
          "label": {
            "text": "Conformiteitsindicatie",
            "lang": "nl"
          },
          "version": "0",
          "status": {
            "id": "http://inspire.ec.europa.eu/registry/status/valid",
            "label": {
              "text": "Geldig",
              "lang": "nl"
            }
          },
          "register": {
            "registry": {
              "id": "http://inspire.ec.europa.eu/registry",
              "label": {
                "text": "INSPIRE register",
                "lang": "nl"
              }
            },
            "id": "http://inspire.ec.europa.eu/metadata-codelist",
            "label": {
              "text": "INSPIRE metadata code list register",
              "lang": "nl"
            }
          }
        }
      },
      {
        "metadata-codelist": {
          "itemclass": {
            "id": "MetadataCodeList",
            "label": {
              "text": "Metadata Code list",
              "lang": "nl"
            }
          },
          "id": "http://inspire.ec.europa.eu/metadata-codelist/ResponsiblePartyRole",
          "label": {
            "text": "Rol van de verantwoordelijke partij",
            "lang": "nl"
          },
          "version": "0",
          "status": {
            "id": "http://inspire.ec.europa.eu/registry/status/valid",
            "label": {
              "text": "Geldig",
              "lang": "nl"
            }
          },
          "register": {
            "registry": {
              "id": "http://inspire.ec.europa.eu/registry",
              "label": {
                "text": "INSPIRE register",
                "lang": "nl"
              }
            },
            "id": "http://inspire.ec.europa.eu/metadata-codelist",
            "label": {
              "text": "INSPIRE metadata code list register",
              "lang": "nl"
            }
          }
        }
      },
      {
        "metadata-codelist": {
          "itemclass": {
            "id": "MetadataCodeList",
            "label": {
              "text": "Metadata Code list",
              "lang": "nl"
            }
          },
          "id": "http://inspire.ec.europa.eu/metadata-codelist/LimitationsOnPublicAccess",
          "label": {
            "text": "Beperkingen op openbare toegang",
            "lang": "nl"
          },
          "version": "0",
          "status": {
            "id": "http://inspire.ec.europa.eu/registry/status/valid",
            "label": {
              "text": "Geldig",
              "lang": "nl"
            }
          },
          "register": {
            "registry": {
              "id": "http://inspire.ec.europa.eu/registry",
              "label": {
                "text": "INSPIRE register",
                "lang": "nl"
              }
            },
            "id": "http://inspire.ec.europa.eu/metadata-codelist",
            "label": {
              "text": "INSPIRE metadata code list register",
              "lang": "nl"
            }
          }
        }
      },
      {
        "metadata-codelist": {
          "itemclass": {
            "id": "MetadataCodeList",
            "label": {
              "text": "Metadata Code list",
              "lang": "nl"
            }
          },
          "id": "http://inspire.ec.europa.eu/metadata-codelist/ConditionsApplyingToAccessAndUse",
          "label": {
            "text": "Voorwaarden voor toegang en gebruik",
            "lang": "nl"
          },
          "version": "0",
          "status": {
            "id": "http://inspire.ec.europa.eu/registry/status/valid",
            "label": {
              "text": "Geldig",
              "lang": "nl"
            }
          },
          "register": {
            "registry": {
              "id": "http://inspire.ec.europa.eu/registry",
              "label": {
                "text": "INSPIRE register",
                "lang": "nl"
              }
            },
            "id": "http://inspire.ec.europa.eu/metadata-codelist",
            "label": {
              "text": "INSPIRE metadata code list register",
              "lang": "nl"
            }
          }
        }
      },
      {
        "metadata-codelist": {
          "itemclass": {
            "id": "MetadataCodeList",
            "label": {
              "text": "Metadata Code list",
              "lang": "nl"
            }
          },
          "id": "http://inspire.ec.europa.eu/metadata-codelist/QualityOfServiceCriteria",
          "label": {
            "text": "Service kwaliteit criteria code",
            "lang": "nl"
          },
          "version": "0",
          "status": {
            "id": "http://inspire.ec.europa.eu/registry/status/valid",
            "label": {
              "text": "Geldig",
              "lang": "nl"
            }
          },
          "register": {
            "registry": {
              "id": "http://inspire.ec.europa.eu/registry",
              "label": {
                "text": "INSPIRE register",
                "lang": "nl"
              }
            },
            "id": "http://inspire.ec.europa.eu/metadata-codelist",
            "label": {
              "text": "INSPIRE metadata code list register",
              "lang": "nl"
            }
          }
        }
      },
      {
        "metadata-codelist": {
          "itemclass": {
            "id": "MetadataCodeList",
            "label": {
              "text": "Metadata Code list",
              "lang": "nl"
            }
          },
          "definition": {
            "text": "Code describing the type of resource given in the Resource Locator metadata element.",
            "lang": "en"
          },
          "id": "http://inspire.ec.europa.eu/metadata-codelist/OnLineDescriptionCode",
          "label": {
            "text": "Online description code",
            "lang": "en"
          },
          "version": "0",
          "status": {
            "id": "http://inspire.ec.europa.eu/registry/status/valid",
            "label": {
              "text": "Geldig",
              "lang": "nl"
            }
          },
          "register": {
            "registry": {
              "id": "http://inspire.ec.europa.eu/registry",
              "label": {
                "text": "INSPIRE register",
                "lang": "nl"
              }
            },
            "id": "http://inspire.ec.europa.eu/metadata-codelist",
            "label": {
              "text": "INSPIRE metadata code list register",
              "lang": "nl"
            }
          }
        }
      },
      {
        "metadata-codelist": {
          "itemclass": {
            "id": "MetadataCodeList",
            "label": {
              "text": "Metadata Code list",
              "lang": "nl"
            }
          },
          "definition": {
            "text": "Lijst met datasets die gerelateerd zijn aan milieurapportage, die stapsgewijs door de lidstaten via de Europese infrastructuur voor ruimtelijke informatie beschikbaar moeten worden gesteld. Deze lijst geeft ook de lacunes in data weer die zijn geïdentificeerd tijdens de evaluatie van de implementatie en de geschiktheid van de richtlijn voor het beoogde doel (de zogenoemde REFIT evaluatie).",
            "lang": "nl"
          },
          "id": "http://inspire.ec.europa.eu/metadata-codelist/PriorityDataset",
          "label": {
            "text": "INSPIRE prioritaire dataset",
            "lang": "nl"
          },
          "version": "0",
          "status": {
            "id": "http://inspire.ec.europa.eu/registry/status/valid",
            "label": {
              "text": "Geldig",
              "lang": "nl"
            }
          },
          "register": {
            "registry": {
              "id": "http://inspire.ec.europa.eu/registry",
              "label": {
                "text": "INSPIRE register",
                "lang": "nl"
              }
            },
            "id": "http://inspire.ec.europa.eu/metadata-codelist",
            "label": {
              "text": "INSPIRE metadata code list register",
              "lang": "nl"
            }
          }
        }
      },
      {
        "metadata-codelist": {
          "itemclass": {
            "id": "MetadataCodeList",
            "label": {
              "text": "Metadata Code list",
              "lang": "nl"
            }
          },
          "description": {
            "text": "The spatial scope can be different from the actual geographical coverage, e.g. a national coastline data set may cover only a fraction of the full spatial extent of a country.\n The spatial scope of the data set does not necessarily reflect the administrative level responsible for collecting and maintaining the data, e.g. the responsibility for maintaining the data inside the national address data set can be at regional or local level.\n The code list contains values governed at the level of INSPIRE legal acts (governance level: Legal (EU)) and values governed at the level of INSPIRE Technical Guidelines (governance level: Technical (EU)). The former directly support the INSPIRE Monitoring and Reporting Decision, while the latter  provide additional options for tagging other data sets.",
            "lang": "en"
          },
          "definition": {
            "text": "Administrative level that the data set intends to cover.",
            "lang": "en"
          },
          "id": "http://inspire.ec.europa.eu/metadata-codelist/SpatialScope",
          "label": {
            "text": "Ruimtelijke dekking",
            "lang": "nl"
          },
          "version": "0",
          "status": {
            "id": "http://inspire.ec.europa.eu/registry/status/valid",
            "label": {
              "text": "Geldig",
              "lang": "nl"
            }
          },
          "register": {
            "registry": {
              "id": "http://inspire.ec.europa.eu/registry",
              "label": {
                "text": "INSPIRE register",
                "lang": "nl"
              }
            },
            "id": "http://inspire.ec.europa.eu/metadata-codelist",
            "label": {
              "text": "INSPIRE metadata code list register",
              "lang": "nl"
            }
          }
        }
      },
      {
        "metadata-codelist": {
          "itemclass": {
            "id": "MetadataCodeList",
            "label": {
              "text": "Metadata Code list",
              "lang": "nl"
            }
          },
          "description": {
            "text": "This code list is the result of the 'simplification of data-service linkages' activity performed in the context of the MIG-T data simplification action(2019.2).",
            "lang": "en"
          },
          "definition": {
            "text": "Set of OGC and RFC services that are in the scope of INSPIRE. This list aims at the better identification of the network services described within the metadata records.",
            "lang": "en"
          },
          "id": "http://inspire.ec.europa.eu/metadata-codelist/ProtocolValue",
          "label": {
            "text": "INSPIRE Protocol values",
            "lang": "en"
          },
          "version": "0",
          "status": {
            "id": "http://inspire.ec.europa.eu/registry/status/valid",
            "label": {
              "text": "Geldig",
              "lang": "nl"
            }
          },
          "register": {
            "registry": {
              "id": "http://inspire.ec.europa.eu/registry",
              "label": {
                "text": "INSPIRE register",
                "lang": "nl"
              }
            },
            "id": "http://inspire.ec.europa.eu/metadata-codelist",
            "label": {
              "text": "INSPIRE metadata code list register",
              "lang": "nl"
            }
          }
        }
      }
    ],
    "contentsummary": {
      "text": "The INSPIRE metadata code list register contains the code lists and their values, as defined in the INSPIRE implementing rules on metadata (Commission Regulation (EC) No 1205/2008).",
      "lang": "nl"
    },
    "registermanager": "Europese Commissie, Gemeenschappelijk Centrum voor onderzoek",
    "contactpoint": {
      "label": "JRC INSPIRE Registry Team",
      "email": "inspire-registry-dev@jrc.ec.europa.eu"
    },
    "language": "nl",
    "registerowner": "Europese Unie",
    "id": "http://inspire.ec.europa.eu/metadata-codelist",
    "label": {
      "text": "INSPIRE metadata code list register",
      "lang": "nl"
    },
    "registercontrolbody": "Control body for the central INSPIRE registers and INSPIRE register federation"
  }
}

15:22:30.086 [pool-1-thread-2] INFO  com.intuit.karate - [print] [
  "http://inspire.ec.europa.eu/metadata-codelist/ResourceType",
  "http://inspire.ec.europa.eu/metadata-codelist/TopicCategory",
  "http://inspire.ec.europa.eu/metadata-codelist/SpatialDataServiceType",
  "http://inspire.ec.europa.eu/metadata-codelist/SpatialDataServiceCategory",
  "http://inspire.ec.europa.eu/metadata-codelist/DegreeOfConformity",
  "http://inspire.ec.europa.eu/metadata-codelist/ResponsiblePartyRole",
  "http://inspire.ec.europa.eu/metadata-codelist/LimitationsOnPublicAccess",
  "http://inspire.ec.europa.eu/metadata-codelist/ConditionsApplyingToAccessAndUse",
  "http://inspire.ec.europa.eu/metadata-codelist/QualityOfServiceCriteria",
  "http://inspire.ec.europa.eu/metadata-codelist/OnLineDescriptionCode",
  "http://inspire.ec.europa.eu/metadata-codelist/PriorityDataset",
  "http://inspire.ec.europa.eu/metadata-codelist/SpatialScope",
  "http://inspire.ec.europa.eu/metadata-codelist/ProtocolValue"
]

15:22:30.086 [pool-1-thread-2] INFO  com.intuit.karate - << lock released, cached callonce: read('def/getcswbriefrecords.feature')
15:22:30.087 [pool-1-thread-2] INFO  com.intuit.karate - [print] {
  "responseTime": 1188,
  "inspirecodelist": [
    "http://inspire.ec.europa.eu/metadata-codelist/ResourceType",
    "http://inspire.ec.europa.eu/metadata-codelist/TopicCategory",
    "http://inspire.ec.europa.eu/metadata-codelist/SpatialDataServiceType",
    "http://inspire.ec.europa.eu/metadata-codelist/SpatialDataServiceCategory",
    "http://inspire.ec.europa.eu/metadata-codelist/DegreeOfConformity",
    "http://inspire.ec.europa.eu/metadata-codelist/ResponsiblePartyRole",
    "http://inspire.ec.europa.eu/metadata-codelist/LimitationsOnPublicAccess",
    "http://inspire.ec.europa.eu/metadata-codelist/ConditionsApplyingToAccessAndUse",
    "http://inspire.ec.europa.eu/metadata-codelist/QualityOfServiceCriteria",
    "http://inspire.ec.europa.eu/metadata-codelist/OnLineDescriptionCode",
    "http://inspire.ec.europa.eu/metadata-codelist/PriorityDataset",
    "http://inspire.ec.europa.eu/metadata-codelist/SpatialScope",
    "http://inspire.ec.europa.eu/metadata-codelist/ProtocolValue"
  ],
  "callheaderresult": {
    "__arg": null,
    "line": "\"datasetIdentifierCode\",\"title\",\"organisationName\",\"email\",",
    "env": "dev",
    "myVarName": "someValue",
    "__loop": -1,
    "mystorage": StaticClass[storage.DataStorage],
    "db": storage.DataStorage@14cb9f20
  },
  "env": "dev",
  "knownlinks": [
    "http://creativecommons.org/licenses/by/3.0/deed.nl",
    "http://creativecommons.org/licenses/by/3.0/nl/",
    "http://creativecommons.org/licenses/by/4.0/deed.nl",
    "http://creativecommons.org/publicdomain/mark/1.0/deed.nl",
    "http://creativecommons.org/publicdomain/zero/1.0/deed.nl",
    "http://data.europa.eu/eli/reg/2010/1089",
    "http://inspire.ec.europa.eu/applicationschema",
    "http://inspire.ec.europa.eu/applicationschema/of",
    "http://inspire.ec.europa.eu/id/document/tg/am",
    "http://inspire.ec.europa.eu/id/document/tg/au",
    "http://inspire.ec.europa.eu/id/document/tg/ef",
    "http://inspire.ec.europa.eu/id/document/tg/el",
    "http://inspire.ec.europa.eu/id/document/tg/hh",
    "http://inspire.ec.europa.eu/id/document/tg/hy",
    "http://inspire.ec.europa.eu/id/document/tg/nz",
    "http://inspire.ec.europa.eu/id/document/tg/of",
    "http://inspire.ec.europa.eu/id/document/tg/pf",
    "http://inspire.ec.europa.eu/id/document/tg/ps",
    "http://inspire.ec.europa.eu/id/document/tg/tn",
    "http://inspire.ec.europa.eu/id/document/tg/us",
    "http://inspire.ec.europa.eu/media-types/application/x-shapefile",
    "http://inspire.ec.europa.eu/metadata-codelist/ConditionsApplyingToAccessAndUse/noConditionsApply",
    "http://inspire.ec.europa.eu/metadata-codelist/LimitationsOnPublicAccess/INSPIRE_Directive_Article13_1f",
    "http://inspire.ec.europa.eu/metadata-codelist/LimitationsOnPublicAccess/noLimitations",
    "http://inspire.ec.europa.eu/metadata-codelist/OnLineDescriptionCode/accessPoint",
    "http://inspire.ec.europa.eu/metadata-codelist/OnLineDescriptionCode/endPoint",
    "http://inspire.ec.europa.eu/metadata-codelist/PriorityDataset",
    "http://inspire.ec.europa.eu/metadata-codelist/PriorityDataset#",
    "http://inspire.ec.europa.eu/metadata-codelist/PriorityDataset/ActualPollutantReleases-reg-2006-166",
    "http://inspire.ec.europa.eu/metadata-codelist/PriorityDataset/Agglomerations-dir-1991-271",
    "http://inspire.ec.europa.eu/metadata-codelist/PriorityDataset/BirdSpeciesDistribution-dir-2009-147",
    "http://inspire.ec.europa.eu/metadata-codelist/PriorityDataset/BirdsRange-dir-2009-147",
    "http://inspire.ec.europa.eu/metadata-codelist/PriorityDataset/CoastalWaters-dir-2000-60",
    "http://inspire.ec.europa.eu/metadata-codelist/PriorityDataset/DischargePointsToReceivingWaters-dir-1991-271",
    "http://inspire.ec.europa.eu/metadata-codelist/PriorityDataset/DrinkingWaterAbstractionPoints-dir-1998-83",
    "http://inspire.ec.europa.eu/metadata-codelist/PriorityDataset/EstablishmentsInvolvingDangerousSubstances-dir-2012-18",
    "http://inspire.ec.europa.eu/metadata-codelist/PriorityDataset/FloodedAreas-dir-2007-60",
    "http://inspire.ec.europa.eu/metadata-codelist/PriorityDataset/FloodRiskZones-dir-2007-60",
    "http://inspire.ec.europa.eu/metadata-codelist/PriorityDataset/HabitatTypesDistribution-dir-1992-43",
    "http://inspire.ec.europa.eu/metadata-codelist/PriorityDataset/HabitatTypesRange-dir-1992-43",
    "http://inspire.ec.europa.eu/metadata-codelist/PriorityDataset/IndustrialSites-EURegistry-reg-2006-166",
    "http://inspire.ec.europa.eu/metadata-codelist/PriorityDataset/InvasiveAlienSpeciesDistribution-reg-2014-1143",
    "http://inspire.ec.europa.eu/metadata-codelist/PriorityDataset/Lakes-dir-2000-60",
    "http://inspire.ec.europa.eu/metadata-codelist/PriorityDataset/MajorAirportsNoiseExposureDelineationDEN-dir-2002-49",
    "http://inspire.ec.europa.eu/metadata-codelist/PriorityDataset/MajorAirportsNoiseExposureDelineationNight-dir-2002-49",
    "http://inspire.ec.europa.eu/metadata-codelist/PriorityDataset/MajorRailwaysNoiseExposureDelineationDEN-dir-2002-49",
    "http://inspire.ec.europa.eu/metadata-codelist/PriorityDataset/MajorRailwaysNoiseExposureDelineationNight-dir-2002-49",
    "http://inspire.ec.europa.eu/metadata-codelist/PriorityDataset/MajorRoadsNoiseExposureDelineation-dir-2002-49",
    "http://inspire.ec.europa.eu/metadata-codelist/PriorityDataset/MajorRoadsNoiseExposureDelineationDEN-dir-2002-49",
    "http://inspire.ec.europa.eu/metadata-codelist/PriorityDataset/ManagementUnits-dir-2007-60",
    "http://inspire.ec.europa.eu/metadata-codelist/PriorityDataset/MarineAssessmentUnits-dir-2008-56",
    "http://inspire.ec.europa.eu/metadata-codelist/PriorityDataset/MonitoringStations-dir-2000-60",
    "http://inspire.ec.europa.eu/metadata-codelist/PriorityDataset/MonitoringStations-dir-2008-56",
    "http://inspire.ec.europa.eu/metadata-codelist/PriorityDataset/MSFDReportingUnits-dir-2008-56",
    "http://inspire.ec.europa.eu/metadata-codelist/PriorityDataset/NationallyDesignatedAreasCDDA",
    "http://inspire.ec.europa.eu/metadata-codelist/PriorityDataset/Natura2000Sites-dir-1992-43",
    "http://inspire.ec.europa.eu/metadata-codelist/PriorityDataset/Natura2000Sites-dir-2009-147",
    "http://inspire.ec.europa.eu/metadata-codelist/PriorityDataset/RiverBasinDistricts-dir-2000-60",
    "http://inspire.ec.europa.eu/metadata-codelist/PriorityDataset/RiverBasinDistrictsSubUnits-dir-2000-60",
    "http://inspire.ec.europa.eu/metadata-codelist/PriorityDataset/Rivers-dir-2000-60",
    "http://inspire.ec.europa.eu/metadata-codelist/PriorityDataset/SpeciesDistribution-dir-1992-43",
    "http://inspire.ec.europa.eu/metadata-codelist/PriorityDataset/SpeciesRange-dir-1992-43",
    "http://inspire.ec.europa.eu/metadata-codelist/PriorityDataset/SurfaceWaterBodies-dir-2000-60",
    "http://inspire.ec.europa.eu/metadata-codelist/PriorityDataset/TransitionalWaters-dir-2000-60",
    "http://inspire.ec.europa.eu/metadata-codelist/PriorityDataset/UrbanWasteWaterTreatmentPlants-dir-1991-271",
    "http://inspire.ec.europa.eu/metadata-codelist/SpatialDataServiceType/download",
    "http://inspire.ec.europa.eu/metadata-codelist/SpatialDataServiceType/http://inspire.ec.europa.eu/metadata-codelist/SpatialDataServiceType/download",
    "http://inspire.ec.europa.eu/metadata-codelist/SpatialDataServiceType/other",
    "http://inspire.ec.europa.eu/metadata-codelist/SpatialDataServiceType/view",
    "http://inspire.ec.europa.eu/metadata-codelist/SpatialScope",
    "http://inspire.ec.europa.eu/metadata-codelist/SpatialScope/european",
    "http://inspire.ec.europa.eu/metadata-codelist/SpatialScope/national",
    "http://inspire.ec.europa.eu/schemas/am/4.0/AreaManagementRestrictionRegulationZone.xsd",
    "http://inspire.ec.europa.eu/schemas/ef/4.0/EnvironmentalMonitoringFacilities.xsd",
    "http://inspire.ec.europa.eu/schemas/el-bas/4.0/ElevationBaseTypes.xsd",
    "http://inspire.ec.europa.eu/schemas/hh/4.0/HumanHealth.xsd",
    "http://inspire.ec.europa.eu/schemas/hy-n/4.0/HydroNetwork.xsd",
    "http://inspire.ec.europa.eu/schemas/hy/4.0/HydroBase.xsd",
    "http://inspire.ec.europa.eu/schemas/mu/3.0/MaritimeUnits.xsd",
    "http://inspire.ec.europa.eu/schemas/nz-core/4.0/NaturalRiskZonesCore.xsd",
    "http://inspire.ec.europa.eu/schemas/nz/0.0/NaturalRiskZones.xsd",
    "http://inspire.ec.europa.eu/schemas/of/4.0/OceanFeatures.xsd",
    "http://inspire.ec.europa.eu/schemas/pf/4.0/ProductionAndIndustrialFacilities.xsd",
    "http://inspire.ec.europa.eu/schemas/ps/4.0/ProtectedSites.xsd",
    "http://inspire.ec.europa.eu/schemas/tn-ro/4.0/RoadTransportNetwork.xsd",
    "http://inspire.ec.europa.eu/schemas/tn-w/4.0/WaterTransportNetwork.xsd",
    "http://inspire.ec.europa.eu/schemas/tn/4.0/CommonTransportElements.xsd",
    "http://inspire.ec.europa.eu/schemas/us-govserv/4.0/GovernmentalServices.xsd",
    "http://inspire.ec.europa.eu/theme#",
    "http://standaarden.overheid.nl/owms/terms/Ministerie_van_Economische_Zaken",
    "http://standaarden.overheid.nl/owms/terms/Rijksinstituut_voor_Volksgezondheid_en_Milieu",
    "http://standaarden.overheid.nl/owms/terms/RVO",
    "http://www.eionet.europa.eu/gemet/inspire_themes",
    "http://www.eionet.europa.eu/gemet/nl/inspire-theme/ac",
    "http://www.eionet.europa.eu/gemet/nl/inspire-theme/ad",
    "http://www.eionet.europa.eu/gemet/nl/inspire-theme/af",
    "http://www.eionet.europa.eu/gemet/nl/inspire-theme/am",
    "http://www.eionet.europa.eu/gemet/nl/inspire-theme/au",
    "http://www.eionet.europa.eu/gemet/nl/inspire-theme/bu",
    "http://www.eionet.europa.eu/gemet/nl/inspire-theme/cp",
    "http://www.eionet.europa.eu/gemet/nl/inspire-theme/ef",
    "http://www.eionet.europa.eu/gemet/nl/inspire-theme/er",
    "http://www.eionet.europa.eu/gemet/nl/inspire-theme/ge",
    "http://www.eionet.europa.eu/gemet/nl/inspire-theme/gn",
    "http://www.eionet.europa.eu/gemet/nl/inspire-theme/hb",
    "http://www.eionet.europa.eu/gemet/nl/inspire-theme/hh",
    "http://www.eionet.europa.eu/gemet/nl/inspire-theme/hy",
    "http://www.eionet.europa.eu/gemet/nl/inspire-theme/lc",
    "http://www.eionet.europa.eu/gemet/nl/inspire-theme/lu",
    "http://www.eionet.europa.eu/gemet/nl/inspire-theme/mf",
    "http://www.eionet.europa.eu/gemet/nl/inspire-theme/nz",
    "http://www.eionet.europa.eu/gemet/nl/inspire-theme/of",
    "http://www.eionet.europa.eu/gemet/nl/inspire-theme/oi",
    "http://www.eionet.europa.eu/gemet/nl/inspire-theme/pd",
    "http://www.eionet.europa.eu/gemet/nl/inspire-theme/pf",
    "http://www.eionet.europa.eu/gemet/nl/inspire-theme/ps",
    "http://www.eionet.europa.eu/gemet/nl/inspire-theme/rs",
    "http://www.eionet.europa.eu/gemet/nl/inspire-theme/sd",
    "http://www.eionet.europa.eu/gemet/nl/inspire-theme/so",
    "http://www.eionet.europa.eu/gemet/nl/inspire-theme/sr",
    "http://www.eionet.europa.eu/gemet/nl/inspire-theme/su",
    "http://www.eionet.europa.eu/gemet/nl/inspire-theme/tn",
    "http://www.eionet.europa.eu/gemet/nl/inspire-theme/us",
    "http://www.iana.org/assignments/media-types/application/gml+xml",
    "http://www.opengeospatial.org/standards/sos",
    "http://www.opengeospatial.org/standards/wcs",
    "http://www.opengeospatial.org/standards/wfs",
    "http://www.opengeospatial.org/standards/wms",
    "http://www.opengeospatial.org/standards/wmts",
    "http://www.opengis.net/def/crs/EPSG/0/3034",
    "http://www.opengis.net/def/crs/EPSG/0/3035",
    "http://www.opengis.net/def/crs/EPSG/0/3857",
    "http://www.opengis.net/def/crs/EPSG/0/4258",
    "http://www.opengis.net/def/crs/EPSG/0/4326",
    "http://www.opengis.net/def/crs/EPSG/0/5709",
    "http://www.opengis.net/def/crs/EPSG/0/5730",
    "http://www.opengis.net/def/crs/EPSG/0/5861",
    "http://www.opengis.net/def/crs/EPSG/0/23031",
    "http://www.opengis.net/def/crs/EPSG/0/25831",
    "http://www.opengis.net/def/crs/EPSG/0/25832",
    "http://www.opengis.net/def/crs/EPSG/0/28992",
    "http://www.opengis.net/def/crs/EPSG/0/EPSG:4326",
    "http://www.opengis.net/def/crs/EPSG/0/EPSG:28992",
    "http://www.opengis.net/def/crs/EPSG/0/epsg:28992",
    "http://www.opengis.net/def/serviceType/ogc/wcs",
    "http://www.opengis.net/def/serviceType/ogc/wfs",
    "http://www.opengis.net/def/serviceType/ogc/wms",
    "http://www.opengis.net/def/serviceType/ogc/wmts",
    "http://www.wur.nl/nl/Expertises-Dienstverlening/Onderzoeksinstituten/Environmental-Research.htm",
    "https://ec.europa.eu/eurostat/web/health/data/database",
    "https://geodata.cbs.nl/files/INSPIRE",
    "https://geodata.nationaalgeoregister.nl/elu/atom/elu.xml",
    "https://inspire.ec.europa.eu/id/document/tg/au",
    "https://inspire.ec.europa.eu/id/document/tg/of",
    "https://inspire.ec.europa.eu/id/document/tg/ps",
    "https://inspire.ec.europa.eu/schemas/ps/4.0/ProtectedSites.xsd",
    "https://ngr.geocat.live/geonetwork/srv/eng/thesaurus.download?ref=external.theme.httpinspireeceuropaeumetadatacodelistSpatialScope-SpatialScope",
    "https://tools.ietf.org/html/rfc4287",
    "https://tools.ietf.org/html/rfc5023",
    "https://www.cbs.nl/-/media/cbs/dossiers/nederland%20regionaal/wijk-en-buurtstatistieken/shape%202017%20versie%2020.zip",
    "https://www.cbs.nl/nl-nl/dossier/nederland-regionaal/geografische-data/wijk-en-buurtkaart-2016",
    "https://www.cbs.nl/nl-nl/dossier/nederland-regionaal/geografische-data/wijk-en-buurtkaart-2018",
    "https://www.cbs.nl/nl-nl/dossier/nederland-regionaal/geografische-data/wijk-en-buurtkaart-2019",
    "https://www.iana.org/assignments/media-types/application/gml+xml",
    "https://www.iana.org/assignments/media-types/application/zip",
    "https://www.iana.org/assignments/media-types/image/png",
    "https://www.nationaalgeoregister.nl",
    "https://www.nationaalgeoregister.nl/geonetwork/srv/eng/thesaurus.download?ref=external.theme.httpinspireeceuropaeumetadatacodelistPriorityDataset-PriorityDataset",
    "https://www.nationaalgeoregister.nl/geonetwork/srv/eng/thesaurus.download?ref=external.theme.httpinspireeceuropaeumetadatacodelistSpatialScope-SpatialScope",
    "https://www.nationaalgeoregister.nl/geonetwork/srv/eng/thesaurus.download?ref=external.theme.httpinspireeceuropaeutheme-theme",
    "https://www.nationaalgeoregister.nl:443/geonetwork/srv/eng/thesaurus.download?ref=external.theme.httpinspireeceuropaeuapplicationschema-applicationschema",
    "https://www.nationaalgeoregister.nl:443/geonetwork/srv/eng/thesaurus.download?ref=external.theme.httpinspireeceuropaeumetadatacodelistPriorityDataset-PriorityDataset",
    "https://www.nationaalgeoregister.nl:443/geonetwork/srv/eng/thesaurus.download?ref=external.theme.httpinspireeceuropaeumetadatacodelistSpatialScope-SpatialScope",
    "https://www.nationaalgeoregister.nl:443/geonetwork/srv/eng/thesaurus.download?ref=external.theme.httpinspireeceuropaeutheme-theme"
  ],
  "responseStatus": 200,
  "list": [
    {
      "datasetIdentifierCode": "fcefa13c-44e2-4953-b6d6-1ddceebc57fc"
    },
    {
      "datasetIdentifierCode": "f99e915a-75e5-4c36-97f2-61eff692d85b"
    },
    {
      "datasetIdentifierCode": "3703b249-a0eb-484e-ba7a-10e31a55bcec"
    },
    {
      "datasetIdentifierCode": "977e0e94-7aa9-4784-b2da-eaec44adb61b"
    },
    {
      "datasetIdentifierCode": "3a72b9a4-cda9-11ea-87d0-0242ac130003"
    }
  ],
  "__loop": -1,
  "__arg": null,
  "responseType": "json",
  "responseHeaders": {
    "Date": [
      "Fri, 18 Sep 2020 15:22:29 GMT"
    ],
    "Server": [
      "Apache"
    ],
    "X-Frame-Options": [
      "SAMEORIGIN",
      "SAMEORIGIN"
    ],
    "Access-Control-Allow-Origin": [
      "*"
    ],
    "Last-Modified": [
      "Thu, 14 Nov 2019 14:31:35 GMT"
    ],
    "Accept-Ranges": [
      "bytes"
    ],
    "Content-Length": [
      "27700"
    ],
    "X-XSS-Protection": [
      "1; mode=block"
    ],
    "Content-Type": [
      "application/json"
    ],
    "Keep-Alive": [
      "timeout=3, max=100"
    ],
    "Connection": [
      "Keep-Alive"
    ]
  },
  "response": {
    "register": {
      "submitter": "Nominated submitting organisations for the central INSPIRE registers and INSPIRE register federation",
      "license": {
        "label": "Europa Legal Notice",
        "uri": "http://ec.europa.eu/geninfo/legal_notices_nl.htm"
      },
      "registry": {
        "id": "http://inspire.ec.europa.eu/registry",
        "label": {
          "text": "INSPIRE register",
          "lang": "nl"
        }
      },
      "containeditems": [
        {
          "metadata-codelist": {
            "itemclass": {
              "id": "MetadataCodeList",
              "label": {
                "text": "Metadata Code list",
                "lang": "nl"
              }
            },
            "id": "http://inspire.ec.europa.eu/metadata-codelist/ResourceType",
            "label": {
              "text": "Type bron",
              "lang": "nl"
            },
            "version": "0",
            "status": {
              "id": "http://inspire.ec.europa.eu/registry/status/valid",
              "label": {
                "text": "Geldig",
                "lang": "nl"
              }
            },
            "register": {
              "registry": {
                "id": "http://inspire.ec.europa.eu/registry",
                "label": {
                  "text": "INSPIRE register",
                  "lang": "nl"
                }
              },
              "id": "http://inspire.ec.europa.eu/metadata-codelist",
              "label": {
                "text": "INSPIRE metadata code list register",
                "lang": "nl"
              }
            }
          }
        },
        {
          "metadata-codelist": {
            "itemclass": {
              "id": "MetadataCodeList",
              "label": {
                "text": "Metadata Code list",
                "lang": "nl"
              }
            },
            "id": "http://inspire.ec.europa.eu/metadata-codelist/TopicCategory",
            "label": {
              "text": "Onderwerpcategoriecn overeenkomstig EN ISO 19115",
              "lang": "nl"
            },
            "version": "0",
            "status": {
              "id": "http://inspire.ec.europa.eu/registry/status/valid",
              "label": {
                "text": "Geldig",
                "lang": "nl"
              }
            },
            "register": {
              "registry": {
                "id": "http://inspire.ec.europa.eu/registry",
                "label": {
                  "text": "INSPIRE register",
                  "lang": "nl"
                }
              },
              "id": "http://inspire.ec.europa.eu/metadata-codelist",
              "label": {
                "text": "INSPIRE metadata code list register",
                "lang": "nl"
              }
            }
          }
        },
        {
          "metadata-codelist": {
            "itemclass": {
              "id": "MetadataCodeList",
              "label": {
                "text": "Metadata Code list",
                "lang": "nl"
              }
            },
            "id": "http://inspire.ec.europa.eu/metadata-codelist/SpatialDataServiceType",
            "label": {
              "text": "Type dienst met betrekking tot ruimtelijke gegevens",
              "lang": "nl"
            },
            "version": "0",
            "status": {
              "id": "http://inspire.ec.europa.eu/registry/status/valid",
              "label": {
                "text": "Geldig",
                "lang": "nl"
              }
            },
            "register": {
              "registry": {
                "id": "http://inspire.ec.europa.eu/registry",
                "label": {
                  "text": "INSPIRE register",
                  "lang": "nl"
                }
              },
              "id": "http://inspire.ec.europa.eu/metadata-codelist",
              "label": {
                "text": "INSPIRE metadata code list register",
                "lang": "nl"
              }
            }
          }
        },
        {
          "metadata-codelist": {
            "itemclass": {
              "id": "MetadataCodeList",
              "label": {
                "text": "Metadata Code list",
                "lang": "nl"
              }
            },
            "definition": {
              "text": "De trefwoorden zijn gebaseerd op de taxonomie voor geografische diensten (EN ISO 19119). Deze taxonomie bestaat uit categorieC+n; de subcategorieC+n definiC+ren het waardedomein van de classificatie van ruimtelijke-gegevensdiensten.",
              "lang": "nl"
            },
            "id": "http://inspire.ec.europa.eu/metadata-codelist/SpatialDataServiceCategory",
            "label": {
              "text": "Classificatie van diensten met betrekking tot ruimtelijke gegevens",
              "lang": "nl"
            },
            "version": "0",
            "status": {
              "id": "http://inspire.ec.europa.eu/registry/status/valid",
              "label": {
                "text": "Geldig",
                "lang": "nl"
              }
            },
            "register": {
              "registry": {
                "id": "http://inspire.ec.europa.eu/registry",
                "label": {
                  "text": "INSPIRE register",
                  "lang": "nl"
                }
              },
              "id": "http://inspire.ec.europa.eu/metadata-codelist",
              "label": {
                "text": "INSPIRE metadata code list register",
                "lang": "nl"
              }
            }
          }
        },
        {
          "metadata-codelist": {
            "itemclass": {
              "id": "MetadataCodeList",
              "label": {
                "text": "Metadata Code list",
                "lang": "nl"
              }
            },
            "id": "http://inspire.ec.europa.eu/metadata-codelist/DegreeOfConformity",
            "label": {
              "text": "Conformiteitsindicatie",
              "lang": "nl"
            },
            "version": "0",
            "status": {
              "id": "http://inspire.ec.europa.eu/registry/status/valid",
              "label": {
                "text": "Geldig",
                "lang": "nl"
              }
            },
            "register": {
              "registry": {
                "id": "http://inspire.ec.europa.eu/registry",
                "label": {
                  "text": "INSPIRE register",
                  "lang": "nl"
                }
              },
              "id": "http://inspire.ec.europa.eu/metadata-codelist",
              "label": {
                "text": "INSPIRE metadata code list register",
                "lang": "nl"
              }
            }
          }
        },
        {
          "metadata-codelist": {
            "itemclass": {
              "id": "MetadataCodeList",
              "label": {
                "text": "Metadata Code list",
                "lang": "nl"
              }
            },
            "id": "http://inspire.ec.europa.eu/metadata-codelist/ResponsiblePartyRole",
            "label": {
              "text": "Rol van de verantwoordelijke partij",
              "lang": "nl"
            },
            "version": "0",
            "status": {
              "id": "http://inspire.ec.europa.eu/registry/status/valid",
              "label": {
                "text": "Geldig",
                "lang": "nl"
              }
            },
            "register": {
              "registry": {
                "id": "http://inspire.ec.europa.eu/registry",
                "label": {
                  "text": "INSPIRE register",
                  "lang": "nl"
                }
              },
              "id": "http://inspire.ec.europa.eu/metadata-codelist",
              "label": {
                "text": "INSPIRE metadata code list register",
                "lang": "nl"
              }
            }
          }
        },
        {
          "metadata-codelist": {
            "itemclass": {
              "id": "MetadataCodeList",
              "label": {
                "text": "Metadata Code list",
                "lang": "nl"
              }
            },
            "id": "http://inspire.ec.europa.eu/metadata-codelist/LimitationsOnPublicAccess",
            "label": {
              "text": "Beperkingen op openbare toegang",
              "lang": "nl"
            },
            "version": "0",
            "status": {
              "id": "http://inspire.ec.europa.eu/registry/status/valid",
              "label": {
                "text": "Geldig",
                "lang": "nl"
              }
            },
            "register": {
              "registry": {
                "id": "http://inspire.ec.europa.eu/registry",
                "label": {
                  "text": "INSPIRE register",
                  "lang": "nl"
                }
              },
              "id": "http://inspire.ec.europa.eu/metadata-codelist",
              "label": {
                "text": "INSPIRE metadata code list register",
                "lang": "nl"
              }
            }
          }
        },
        {
          "metadata-codelist": {
            "itemclass": {
              "id": "MetadataCodeList",
              "label": {
                "text": "Metadata Code list",
                "lang": "nl"
              }
            },
            "id": "http://inspire.ec.europa.eu/metadata-codelist/ConditionsApplyingToAccessAndUse",
            "label": {
              "text": "Voorwaarden voor toegang en gebruik",
              "lang": "nl"
            },
            "version": "0",
            "status": {
              "id": "http://inspire.ec.europa.eu/registry/status/valid",
              "label": {
                "text": "Geldig",
                "lang": "nl"
              }
            },
            "register": {
              "registry": {
                "id": "http://inspire.ec.europa.eu/registry",
                "label": {
                  "text": "INSPIRE register",
                  "lang": "nl"
                }
              },
              "id": "http://inspire.ec.europa.eu/metadata-codelist",
              "label": {
                "text": "INSPIRE metadata code list register",
                "lang": "nl"
              }
            }
          }
        },
        {
          "metadata-codelist": {
            "itemclass": {
              "id": "MetadataCodeList",
              "label": {
                "text": "Metadata Code list",
                "lang": "nl"
              }
            },
            "id": "http://inspire.ec.europa.eu/metadata-codelist/QualityOfServiceCriteria",
            "label": {
              "text": "Service kwaliteit criteria code",
              "lang": "nl"
            },
            "version": "0",
            "status": {
              "id": "http://inspire.ec.europa.eu/registry/status/valid",
              "label": {
                "text": "Geldig",
                "lang": "nl"
              }
            },
            "register": {
              "registry": {
                "id": "http://inspire.ec.europa.eu/registry",
                "label": {
                  "text": "INSPIRE register",
                  "lang": "nl"
                }
              },
              "id": "http://inspire.ec.europa.eu/metadata-codelist",
              "label": {
                "text": "INSPIRE metadata code list register",
                "lang": "nl"
              }
            }
          }
        },
        {
          "metadata-codelist": {
            "itemclass": {
              "id": "MetadataCodeList",
              "label": {
                "text": "Metadata Code list",
                "lang": "nl"
              }
            },
            "definition": {
              "text": "Code describing the type of resource given in the Resource Locator metadata element.",
              "lang": "en"
            },
            "id": "http://inspire.ec.europa.eu/metadata-codelist/OnLineDescriptionCode",
            "label": {
              "text": "Online description code",
              "lang": "en"
            },
            "version": "0",
            "status": {
              "id": "http://inspire.ec.europa.eu/registry/status/valid",
              "label": {
                "text": "Geldig",
                "lang": "nl"
              }
            },
            "register": {
              "registry": {
                "id": "http://inspire.ec.europa.eu/registry",
                "label": {
                  "text": "INSPIRE register",
                  "lang": "nl"
                }
              },
              "id": "http://inspire.ec.europa.eu/metadata-codelist",
              "label": {
                "text": "INSPIRE metadata code list register",
                "lang": "nl"
              }
            }
          }
        },
        {
          "metadata-codelist": {
            "itemclass": {
              "id": "MetadataCodeList",
              "label": {
                "text": "Metadata Code list",
                "lang": "nl"
              }
            },
            "definition": {
              "text": "Lijst met datasets die gerelateerd zijn aan milieurapportage, die stapsgewijs door de lidstaten via de Europese infrastructuur voor ruimtelijke informatie beschikbaar moeten worden gesteld. Deze lijst geeft ook de lacunes in data weer die zijn geïdentificeerd tijdens de evaluatie van de implementatie en de geschiktheid van de richtlijn voor het beoogde doel (de zogenoemde REFIT evaluatie).",
              "lang": "nl"
            },
            "id": "http://inspire.ec.europa.eu/metadata-codelist/PriorityDataset",
            "label": {
              "text": "INSPIRE prioritaire dataset",
              "lang": "nl"
            },
            "version": "0",
            "status": {
              "id": "http://inspire.ec.europa.eu/registry/status/valid",
              "label": {
                "text": "Geldig",
                "lang": "nl"
              }
            },
            "register": {
              "registry": {
                "id": "http://inspire.ec.europa.eu/registry",
                "label": {
                  "text": "INSPIRE register",
                  "lang": "nl"
                }
              },
              "id": "http://inspire.ec.europa.eu/metadata-codelist",
              "label": {
                "text": "INSPIRE metadata code list register",
                "lang": "nl"
              }
            }
          }
        },
        {
          "metadata-codelist": {
            "itemclass": {
              "id": "MetadataCodeList",
              "label": {
                "text": "Metadata Code list",
                "lang": "nl"
              }
            },
            "description": {
              "text": "The spatial scope can be different from the actual geographical coverage, e.g. a national coastline data set may cover only a fraction of the full spatial extent of a country.\n The spatial scope of the data set does not necessarily reflect the administrative level responsible for collecting and maintaining the data, e.g. the responsibility for maintaining the data inside the national address data set can be at regional or local level.\n The code list contains values governed at the level of INSPIRE legal acts (governance level: Legal (EU)) and values governed at the level of INSPIRE Technical Guidelines (governance level: Technical (EU)). The former directly support the INSPIRE Monitoring and Reporting Decision, while the latter  provide additional options for tagging other data sets.",
              "lang": "en"
            },
            "definition": {
              "text": "Administrative level that the data set intends to cover.",
              "lang": "en"
            },
            "id": "http://inspire.ec.europa.eu/metadata-codelist/SpatialScope",
            "label": {
              "text": "Ruimtelijke dekking",
              "lang": "nl"
            },
            "version": "0",
            "status": {
              "id": "http://inspire.ec.europa.eu/registry/status/valid",
              "label": {
                "text": "Geldig",
                "lang": "nl"
              }
            },
            "register": {
              "registry": {
                "id": "http://inspire.ec.europa.eu/registry",
                "label": {
                  "text": "INSPIRE register",
                  "lang": "nl"
                }
              },
              "id": "http://inspire.ec.europa.eu/metadata-codelist",
              "label": {
                "text": "INSPIRE metadata code list register",
                "lang": "nl"
              }
            }
          }
        },
        {
          "metadata-codelist": {
            "itemclass": {
              "id": "MetadataCodeList",
              "label": {
                "text": "Metadata Code list",
                "lang": "nl"
              }
            },
            "description": {
              "text": "This code list is the result of the 'simplification of data-service linkages' activity performed in the context of the MIG-T data simplification action(2019.2).",
              "lang": "en"
            },
            "definition": {
              "text": "Set of OGC and RFC services that are in the scope of INSPIRE. This list aims at the better identification of the network services described within the metadata records.",
              "lang": "en"
            },
            "id": "http://inspire.ec.europa.eu/metadata-codelist/ProtocolValue",
            "label": {
              "text": "INSPIRE Protocol values",
              "lang": "en"
            },
            "version": "0",
            "status": {
              "id": "http://inspire.ec.europa.eu/registry/status/valid",
              "label": {
                "text": "Geldig",
                "lang": "nl"
              }
            },
            "register": {
              "registry": {
                "id": "http://inspire.ec.europa.eu/registry",
                "label": {
                  "text": "INSPIRE register",
                  "lang": "nl"
                }
              },
              "id": "http://inspire.ec.europa.eu/metadata-codelist",
              "label": {
                "text": "INSPIRE metadata code list register",
                "lang": "nl"
              }
            }
          }
        }
      ],
      "contentsummary": {
        "text": "The INSPIRE metadata code list register contains the code lists and their values, as defined in the INSPIRE implementing rules on metadata (Commission Regulation (EC) No 1205/2008).",
        "lang": "nl"
      },
      "registermanager": "Europese Commissie, Gemeenschappelijk Centrum voor onderzoek",
      "contactpoint": {
        "label": "JRC INSPIRE Registry Team",
        "email": "inspire-registry-dev@jrc.ec.europa.eu"
      },
      "language": "nl",
      "registerowner": "Europese Unie",
      "id": "http://inspire.ec.europa.eu/metadata-codelist",
      "label": {
        "text": "INSPIRE metadata code list register",
        "lang": "nl"
      },
      "registercontrolbody": "Control body for the central INSPIRE registers and INSPIRE register federation"
    }
  },
  "requestTimeStamp": 1600442548659,
  "json": [
    {
    },
    {
    },
    {
    },
    {
    },
    {
    }
  ],
  "myVarName": "someValue",
  "briefarray": [
    "fcefa13c-44e2-4953-b6d6-1ddceebc57fc",
    "f99e915a-75e5-4c36-97f2-61eff692d85b",
    "3703b249-a0eb-484e-ba7a-10e31a55bcec",
    "977e0e94-7aa9-4784-b2da-eaec44adb61b",
    "3a72b9a4-cda9-11ea-87d0-0242ac130003"
  ],
  "responseCookies": {
    "JSESSIONID": {
      "name": "JSESSIONID",
      "value": "02E52071A968C6852C7D81254607FB77",
      "domain": "nationaalgeoregister.nl",
      "path": "/geonetwork",
      "persistent": "false",
      "secure": "false"
    }
  }
}

15:22:31.596 [ForkJoinPool-1-worker-7] INFO  com.intuit.karate - [print] [
  "http://inspire.ec.europa.eu/metadata-codelist/OnLineDescriptionCode/accessPoint"
]

15:22:31.603 [ForkJoinPool-1-worker-7] INFO  com.intuit.karate - [print]
15:22:31.603 [ForkJoinPool-1-worker-7] INFO  com.intuit.karate - [print] testing xlinkurl:http://inspire.ec.europa.eu/metadata-codelist/OnLineDescriptionCode/accessPoint
15:22:35.014 [ForkJoinPool-1-worker-11] INFO  com.intuit.karate - [print] [
  "http://inspire.ec.europa.eu/metadata-codelist/OnLineDescriptionCode/endPoint"
]

15:22:35.039 [ForkJoinPool-1-worker-11] INFO  com.intuit.karate - [print]
15:22:35.041 [ForkJoinPool-1-worker-11] INFO  com.intuit.karate - [print] testing xlinkurl:http://inspire.ec.europa.eu/metadata-codelist/OnLineDescriptionCode/endPoint
15:22:35.761 [ForkJoinPool-1-worker-11] INFO  com.intuit.karate - [print] [
  "http://inspire.ec.europa.eu/metadata-codelist/PriorityDataset"
]

15:22:35.777 [ForkJoinPool-1-worker-11] INFO  com.intuit.karate - [print]
15:22:35.778 [ForkJoinPool-1-worker-11] INFO  com.intuit.karate - [print] testing xlinkurl:http://inspire.ec.europa.eu/metadata-codelist/PriorityDataset
15:22:36.646 [ForkJoinPool-1-worker-9] INFO  com.intuit.karate - [print] [
  "http://inspire.ec.europa.eu/metadata-codelist/PriorityDataset#"
]

15:22:36.663 [ForkJoinPool-1-worker-9] INFO  com.intuit.karate - [print]
15:22:36.668 [ForkJoinPool-1-worker-9] INFO  com.intuit.karate - [print] testing xlinkurl:http://inspire.ec.europa.eu/metadata-codelist/PriorityDataset#
15:22:40.317 [ForkJoinPool-1-worker-3] INFO  com.intuit.karate - [print] [
  "http://inspire.ec.europa.eu/metadata-codelist/PriorityDataset/ActualPollutantReleases-reg-2006-166"
]

15:22:40.327 [ForkJoinPool-1-worker-5] INFO  com.intuit.karate - [print] [
  "http://inspire.ec.europa.eu/metadata-codelist/PriorityDataset/Agglomerations-dir-1991-271"
]

15:22:40.335 [ForkJoinPool-1-worker-3] INFO  com.intuit.karate - [print]
15:22:40.336 [ForkJoinPool-1-worker-3] INFO  com.intuit.karate - [print] testing xlinkurl:http://inspire.ec.europa.eu/metadata-codelist/PriorityDataset/ActualPollutantReleases-reg-2006-166
15:22:40.338 [ForkJoinPool-1-worker-5] INFO  com.intuit.karate - [print]
15:22:40.340 [ForkJoinPool-1-worker-5] INFO  com.intuit.karate - [print] testing xlinkurl:http://inspire.ec.europa.eu/metadata-codelist/PriorityDataset/Agglomerations-dir-1991-271
15:22:40.427 [ForkJoinPool-1-worker-13] INFO  com.intuit.karate - [print] [
  "http://inspire.ec.europa.eu/metadata-codelist/PriorityDataset/BirdSpeciesDistribution-dir-2009-147"
]

15:22:40.436 [ForkJoinPool-1-worker-13] INFO  com.intuit.karate - [print]
15:22:40.437 [ForkJoinPool-1-worker-13] INFO  com.intuit.karate - [print] testing xlinkurl:http://inspire.ec.europa.eu/metadata-codelist/PriorityDataset/BirdSpeciesDistribution-dir-2009-147
15:22:42.755 [ForkJoinPool-1-worker-7] INFO  com.intuit.karate - [print] [
  "http://inspire.ec.europa.eu/metadata-codelist/PriorityDataset/BirdsRange-dir-2009-147"
]

15:22:42.767 [ForkJoinPool-1-worker-7] INFO  com.intuit.karate - [print]
15:22:42.768 [ForkJoinPool-1-worker-7] INFO  com.intuit.karate - [print] testing xlinkurl:http://inspire.ec.europa.eu/metadata-codelist/PriorityDataset/BirdsRange-dir-2009-147
15:22:42.797 [ForkJoinPool-1-worker-9] INFO  com.intuit.karate - [print] [
  "http://inspire.ec.europa.eu/metadata-codelist/PriorityDataset/CoastalWaters-dir-2000-60"
]

15:22:42.813 [ForkJoinPool-1-worker-9] INFO  com.intuit.karate - [print]
15:22:42.814 [ForkJoinPool-1-worker-9] INFO  com.intuit.karate - [print] testing xlinkurl:http://inspire.ec.europa.eu/metadata-codelist/PriorityDataset/CoastalWaters-dir-2000-60
15:22:48.817 [ForkJoinPool-1-worker-7] INFO  com.intuit.karate - [print] [
  "http://inspire.ec.europa.eu/metadata-codelist/PriorityDataset/DischargePointsToReceivingWaters-dir-1991-271"
]

15:22:48.834 [ForkJoinPool-1-worker-7] INFO  com.intuit.karate - [print]
15:22:48.836 [ForkJoinPool-1-worker-7] INFO  com.intuit.karate - [print] testing xlinkurl:http://inspire.ec.europa.eu/metadata-codelist/PriorityDataset/DischargePointsToReceivingWaters-dir-1991-271
15:22:51.443 [ForkJoinPool-1-worker-3] INFO  com.intuit.karate - [print] [
  "http://inspire.ec.europa.eu/metadata-codelist/PriorityDataset/DrinkingWaterAbstractionPoints-dir-1998-83"
]

15:22:51.453 [ForkJoinPool-1-worker-3] INFO  com.intuit.karate - [print]
15:22:51.456 [ForkJoinPool-1-worker-3] INFO  com.intuit.karate - [print] testing xlinkurl:http://inspire.ec.europa.eu/metadata-codelist/PriorityDataset/DrinkingWaterAbstractionPoints-dir-1998-83
15:22:51.507 [ForkJoinPool-1-worker-5] INFO  com.intuit.karate - [print] [
  "http://inspire.ec.europa.eu/metadata-codelist/PriorityDataset/EstablishmentsInvolvingDangerousSubstances-dir-2012-18"
]

15:22:51.513 [ForkJoinPool-1-worker-5] INFO  com.intuit.karate - [print]
15:22:51.518 [ForkJoinPool-1-worker-5] INFO  com.intuit.karate - [print] testing xlinkurl:http://inspire.ec.europa.eu/metadata-codelist/PriorityDataset/EstablishmentsInvolvingDangerousSubstances-dir-2012-18
15:22:51.596 [ForkJoinPool-1-worker-13] INFO  com.intuit.karate - [print] [
  "http://inspire.ec.europa.eu/metadata-codelist/PriorityDataset/FloodedAreas-dir-2007-60"
]

15:22:51.604 [ForkJoinPool-1-worker-13] INFO  com.intuit.karate - [print]
15:22:51.605 [ForkJoinPool-1-worker-13] INFO  com.intuit.karate - [print] testing xlinkurl:http://inspire.ec.europa.eu/metadata-codelist/PriorityDataset/FloodedAreas-dir-2007-60
15:22:51.979 [ForkJoinPool-1-worker-11] INFO  com.intuit.karate - [print] [
  "http://inspire.ec.europa.eu/metadata-codelist/PriorityDataset/FloodRiskZones-dir-2007-60"
]

15:22:51.990 [ForkJoinPool-1-worker-11] INFO  com.intuit.karate - [print]
15:22:51.991 [ForkJoinPool-1-worker-11] INFO  com.intuit.karate - [print] testing xlinkurl:http://inspire.ec.europa.eu/metadata-codelist/PriorityDataset/FloodRiskZones-dir-2007-60
15:22:52.723 [ForkJoinPool-1-worker-11] INFO  com.intuit.karate - [print] [
  "http://inspire.ec.europa.eu/metadata-codelist/PriorityDataset/HabitatTypesDistribution-dir-1992-43"
]

15:22:52.730 [ForkJoinPool-1-worker-11] INFO  com.intuit.karate - [print]
15:22:52.734 [ForkJoinPool-1-worker-11] INFO  com.intuit.karate - [print] testing xlinkurl:http://inspire.ec.europa.eu/metadata-codelist/PriorityDataset/HabitatTypesDistribution-dir-1992-43
15:22:53.929 [ForkJoinPool-1-worker-9] INFO  com.intuit.karate - [print] [
  "http://inspire.ec.europa.eu/metadata-codelist/PriorityDataset/HabitatTypesRange-dir-1992-43"
]

15:22:53.938 [ForkJoinPool-1-worker-9] INFO  com.intuit.karate - [print]
15:22:53.941 [ForkJoinPool-1-worker-9] INFO  com.intuit.karate - [print] testing xlinkurl:http://inspire.ec.europa.eu/metadata-codelist/PriorityDataset/HabitatTypesRange-dir-1992-43
15:22:58.897 [ForkJoinPool-1-worker-11] INFO  com.intuit.karate - [print] [
  "http://inspire.ec.europa.eu/metadata-codelist/PriorityDataset/IndustrialSites-EURegistry-reg-2006-166"
]

15:22:58.914 [ForkJoinPool-1-worker-11] INFO  com.intuit.karate - [print]
15:22:58.915 [ForkJoinPool-1-worker-11] INFO  com.intuit.karate - [print] testing xlinkurl:http://inspire.ec.europa.eu/metadata-codelist/PriorityDataset/IndustrialSites-EURegistry-reg-2006-166
15:22:59.866 [ForkJoinPool-1-worker-7] INFO  com.intuit.karate - [print] [
  "http://inspire.ec.europa.eu/metadata-codelist/PriorityDataset/InvasiveAlienSpeciesDistribution-reg-2014-1143"
]

15:22:59.874 [ForkJoinPool-1-worker-7] INFO  com.intuit.karate - [print]
15:22:59.877 [ForkJoinPool-1-worker-7] INFO  com.intuit.karate - [print] testing xlinkurl:http://inspire.ec.europa.eu/metadata-codelist/PriorityDataset/InvasiveAlienSpeciesDistribution-reg-2014-1143
15:23:02.678 [ForkJoinPool-1-worker-3] INFO  com.intuit.karate - [print] [
  "http://inspire.ec.europa.eu/metadata-codelist/PriorityDataset/Lakes-dir-2000-60"
]

15:23:02.686 [ForkJoinPool-1-worker-3] INFO  com.intuit.karate - [print]
15:23:02.687 [ForkJoinPool-1-worker-3] INFO  com.intuit.karate - [print] testing xlinkurl:http://inspire.ec.europa.eu/metadata-codelist/PriorityDataset/Lakes-dir-2000-60
15:23:02.691 [ForkJoinPool-1-worker-5] INFO  com.intuit.karate - [print] [
  "http://inspire.ec.europa.eu/metadata-codelist/PriorityDataset/MajorAirportsNoiseExposureDelineationDEN-dir-2002-49"
]

15:23:02.699 [ForkJoinPool-1-worker-5] INFO  com.intuit.karate - [print]
15:23:02.705 [ForkJoinPool-1-worker-5] INFO  com.intuit.karate - [print] testing xlinkurl:http://inspire.ec.europa.eu/metadata-codelist/PriorityDataset/MajorAirportsNoiseExposureDelineationDEN-dir-2002-49
15:23:02.793 [ForkJoinPool-1-worker-13] INFO  com.intuit.karate - [print] [
  "http://inspire.ec.europa.eu/metadata-codelist/PriorityDataset/MajorAirportsNoiseExposureDelineationNight-dir-2002-49"
]

15:23:02.802 [ForkJoinPool-1-worker-13] INFO  com.intuit.karate - [print]
15:23:02.810 [ForkJoinPool-1-worker-13] INFO  com.intuit.karate - [print] testing xlinkurl:http://inspire.ec.europa.eu/metadata-codelist/PriorityDataset/MajorAirportsNoiseExposureDelineationNight-dir-2002-49
15:23:05.020 [ForkJoinPool-1-worker-11] INFO  com.intuit.karate - [print] [
  "http://inspire.ec.europa.eu/metadata-codelist/PriorityDataset/MajorRailwaysNoiseExposureDelineationDEN-dir-2002-49"
]

15:23:05.033 [ForkJoinPool-1-worker-11] INFO  com.intuit.karate - [print]
15:23:05.034 [ForkJoinPool-1-worker-11] INFO  com.intuit.karate - [print] testing xlinkurl:http://inspire.ec.europa.eu/metadata-codelist/PriorityDataset/MajorRailwaysNoiseExposureDelineationDEN-dir-2002-49
15:23:05.057 [ForkJoinPool-1-worker-9] INFO  com.intuit.karate - [print] [
  "http://inspire.ec.europa.eu/metadata-codelist/PriorityDataset/MajorRailwaysNoiseExposureDelineationNight-dir-2002-49"
]

15:23:05.066 [ForkJoinPool-1-worker-9] INFO  com.intuit.karate - [print]
15:23:05.067 [ForkJoinPool-1-worker-9] INFO  com.intuit.karate - [print] testing xlinkurl:http://inspire.ec.europa.eu/metadata-codelist/PriorityDataset/MajorRailwaysNoiseExposureDelineationNight-dir-2002-49
15:23:07.080 [ForkJoinPool-1-worker-11] INFO  com.intuit.karate - [print] [
  "http://inspire.ec.europa.eu/metadata-codelist/PriorityDataset/MajorRoadsNoiseExposureDelineation-dir-2002-49"
]

15:23:07.087 [ForkJoinPool-1-worker-11] INFO  com.intuit.karate - [print]
15:23:07.088 [ForkJoinPool-1-worker-11] INFO  com.intuit.karate - [print] testing xlinkurl:http://inspire.ec.europa.eu/metadata-codelist/PriorityDataset/MajorRoadsNoiseExposureDelineation-dir-2002-49
15:23:09.894 [ForkJoinPool-1-worker-13] INFO  com.intuit.karate - [print] [
  "http://inspire.ec.europa.eu/metadata-codelist/PriorityDataset/MajorRoadsNoiseExposureDelineationDEN-dir-2002-49"
]

15:23:09.902 [ForkJoinPool-1-worker-13] INFO  com.intuit.karate - [print]
15:23:09.902 [ForkJoinPool-1-worker-13] INFO  com.intuit.karate - [print] testing xlinkurl:http://inspire.ec.europa.eu/metadata-codelist/PriorityDataset/MajorRoadsNoiseExposureDelineationDEN-dir-2002-49
15:23:10.972 [ForkJoinPool-1-worker-7] INFO  com.intuit.karate - [print] [
  "http://inspire.ec.europa.eu/metadata-codelist/PriorityDataset/ManagementUnits-dir-2007-60"
]

15:23:10.981 [ForkJoinPool-1-worker-7] INFO  com.intuit.karate - [print]
15:23:10.982 [ForkJoinPool-1-worker-7] INFO  com.intuit.karate - [print] testing xlinkurl:http://inspire.ec.europa.eu/metadata-codelist/PriorityDataset/ManagementUnits-dir-2007-60
15:23:13.184 [ForkJoinPool-1-worker-11] INFO  com.intuit.karate - [print] [
  "http://inspire.ec.europa.eu/metadata-codelist/PriorityDataset/MarineAssessmentUnits-dir-2008-56"
]

15:23:13.194 [ForkJoinPool-1-worker-11] INFO  com.intuit.karate - [print]
15:23:13.194 [ForkJoinPool-1-worker-11] INFO  com.intuit.karate - [print] testing xlinkurl:http://inspire.ec.europa.eu/metadata-codelist/PriorityDataset/MarineAssessmentUnits-dir-2008-56
15:23:13.819 [ForkJoinPool-1-worker-5] INFO  com.intuit.karate - [print] [
  "http://inspire.ec.europa.eu/metadata-codelist/PriorityDataset/MonitoringStations-dir-2000-60"
]

15:23:13.826 [ForkJoinPool-1-worker-5] INFO  com.intuit.karate - [print]
15:23:13.827 [ForkJoinPool-1-worker-5] INFO  com.intuit.karate - [print] testing xlinkurl:http://inspire.ec.europa.eu/metadata-codelist/PriorityDataset/MonitoringStations-dir-2000-60
15:23:13.832 [ForkJoinPool-1-worker-3] INFO  com.intuit.karate - [print] [
  "http://inspire.ec.europa.eu/metadata-codelist/PriorityDataset/MonitoringStations-dir-2008-56"
]

15:23:13.836 [ForkJoinPool-1-worker-3] INFO  com.intuit.karate - [print]
15:23:13.836 [ForkJoinPool-1-worker-3] INFO  com.intuit.karate - [print] testing xlinkurl:http://inspire.ec.europa.eu/metadata-codelist/PriorityDataset/MonitoringStations-dir-2008-56
15:23:15.874 [ForkJoinPool-1-worker-5] INFO  com.intuit.karate - [print] [
  "http://inspire.ec.europa.eu/metadata-codelist/PriorityDataset/MSFDReportingUnits-dir-2008-56"
]

15:23:15.886 [ForkJoinPool-1-worker-5] INFO  com.intuit.karate - [print]
15:23:15.887 [ForkJoinPool-1-worker-5] INFO  com.intuit.karate - [print] testing xlinkurl:http://inspire.ec.europa.eu/metadata-codelist/PriorityDataset/MSFDReportingUnits-dir-2008-56
15:23:17.177 [ForkJoinPool-1-worker-13] INFO  com.intuit.karate - [print] [
  "http://inspire.ec.europa.eu/metadata-codelist/PriorityDataset/NationallyDesignatedAreasCDDA"
]

15:23:17.184 [ForkJoinPool-1-worker-13] INFO  com.intuit.karate - [print]
15:23:17.185 [ForkJoinPool-1-worker-13] INFO  com.intuit.karate - [print] testing xlinkurl:http://inspire.ec.europa.eu/metadata-codelist/PriorityDataset/NationallyDesignatedAreasCDDA
15:23:17.237 [ForkJoinPool-1-worker-7] INFO  com.intuit.karate - [print] [
  "http://inspire.ec.europa.eu/metadata-codelist/PriorityDataset/Natura2000Sites-dir-1992-43"
]

15:23:17.242 [ForkJoinPool-1-worker-7] INFO  com.intuit.karate - [print]
15:23:17.243 [ForkJoinPool-1-worker-7] INFO  com.intuit.karate - [print] testing xlinkurl:http://inspire.ec.europa.eu/metadata-codelist/PriorityDataset/Natura2000Sites-dir-1992-43
15:23:19.268 [ForkJoinPool-1-worker-11] INFO  com.intuit.karate - [print] [
  "http://inspire.ec.europa.eu/metadata-codelist/PriorityDataset/Natura2000Sites-dir-2009-147"
]

15:23:19.281 [ForkJoinPool-1-worker-11] INFO  com.intuit.karate - [print]
15:23:19.282 [ForkJoinPool-1-worker-11] INFO  com.intuit.karate - [print] testing xlinkurl:http://inspire.ec.europa.eu/metadata-codelist/PriorityDataset/Natura2000Sites-dir-2009-147
15:23:19.304 [ForkJoinPool-1-worker-13] INFO  com.intuit.karate - [print] [
  "http://inspire.ec.europa.eu/metadata-codelist/PriorityDataset/RiverBasinDistricts-dir-2000-60"
]

15:23:19.314 [ForkJoinPool-1-worker-13] INFO  com.intuit.karate - [print]
15:23:19.314 [ForkJoinPool-1-worker-13] INFO  com.intuit.karate - [print] testing xlinkurl:http://inspire.ec.europa.eu/metadata-codelist/PriorityDataset/RiverBasinDistricts-dir-2000-60
15:23:20.983 [ForkJoinPool-1-worker-11] INFO  com.intuit.karate - [print] [
  "http://inspire.ec.europa.eu/metadata-codelist/PriorityDataset/RiverBasinDistrictsSubUnits-dir-2000-60"
]

15:23:20.992 [ForkJoinPool-1-worker-11] INFO  com.intuit.karate - [print]
15:23:20.993 [ForkJoinPool-1-worker-11] INFO  com.intuit.karate - [print] testing xlinkurl:http://inspire.ec.europa.eu/metadata-codelist/PriorityDataset/RiverBasinDistrictsSubUnits-dir-2000-60
15:23:21.187 [ForkJoinPool-1-worker-9] INFO  com.intuit.karate - [print] [
  "http://inspire.ec.europa.eu/metadata-codelist/PriorityDataset/Rivers-dir-2000-60"
]

15:23:21.194 [ForkJoinPool-1-worker-9] INFO  com.intuit.karate - [print]
15:23:21.194 [ForkJoinPool-1-worker-9] INFO  com.intuit.karate - [print] testing xlinkurl:http://inspire.ec.europa.eu/metadata-codelist/PriorityDataset/Rivers-dir-2000-60
15:23:23.008 [ForkJoinPool-1-worker-11] INFO  com.intuit.karate - [print] [
  "http://inspire.ec.europa.eu/metadata-codelist/PriorityDataset/SpeciesDistribution-dir-1992-43"
]

15:23:23.016 [ForkJoinPool-1-worker-11] INFO  com.intuit.karate - [print]
15:23:23.016 [ForkJoinPool-1-worker-11] INFO  com.intuit.karate - [print] testing xlinkurl:http://inspire.ec.europa.eu/metadata-codelist/PriorityDataset/SpeciesDistribution-dir-1992-43
15:23:24.910 [ForkJoinPool-1-worker-3] INFO  com.intuit.karate - [print] [
  "http://inspire.ec.europa.eu/metadata-codelist/PriorityDataset/SpeciesRange-dir-1992-43"
]

15:23:24.921 [ForkJoinPool-1-worker-3] INFO  com.intuit.karate - [print]
15:23:24.925 [ForkJoinPool-1-worker-3] INFO  com.intuit.karate - [print] testing xlinkurl:http://inspire.ec.europa.eu/metadata-codelist/PriorityDataset/SpeciesRange-dir-1992-43
15:23:25.044 [ForkJoinPool-1-worker-11] INFO  com.intuit.karate - [print] [
  "http://inspire.ec.europa.eu/metadata-codelist/PriorityDataset/SurfaceWaterBodies-dir-2000-60"
]

15:23:25.050 [ForkJoinPool-1-worker-11] INFO  com.intuit.karate - [print]
15:23:25.051 [ForkJoinPool-1-worker-11] INFO  com.intuit.karate - [print] testing xlinkurl:http://inspire.ec.europa.eu/metadata-codelist/PriorityDataset/SurfaceWaterBodies-dir-2000-60
15:23:27.853 [ForkJoinPool-1-worker-5] INFO  com.intuit.karate - [print] [
  "http://inspire.ec.europa.eu/metadata-codelist/PriorityDataset/TransitionalWaters-dir-2000-60"
]

15:23:27.859 [ForkJoinPool-1-worker-5] INFO  com.intuit.karate - [print]
15:23:27.859 [ForkJoinPool-1-worker-5] INFO  com.intuit.karate - [print] testing xlinkurl:http://inspire.ec.europa.eu/metadata-codelist/PriorityDataset/TransitionalWaters-dir-2000-60
15:23:28.277 [ForkJoinPool-1-worker-7] INFO  com.intuit.karate - [print] [
  "http://inspire.ec.europa.eu/metadata-codelist/PriorityDataset/UrbanWasteWaterTreatmentPlants-dir-1991-271"
]

15:23:28.285 [ForkJoinPool-1-worker-7] INFO  com.intuit.karate - [print]
15:23:28.286 [ForkJoinPool-1-worker-7] INFO  com.intuit.karate - [print] testing xlinkurl:http://inspire.ec.europa.eu/metadata-codelist/PriorityDataset/UrbanWasteWaterTreatmentPlants-dir-1991-271
15:23:29.992 [ForkJoinPool-1-worker-7] INFO  com.intuit.karate - [print] [
  "http://inspire.ec.europa.eu/metadata-codelist/SpatialDataServiceType/download"
]

15:23:30.000 [ForkJoinPool-1-worker-7] INFO  com.intuit.karate - [print]
15:23:30.001 [ForkJoinPool-1-worker-7] INFO  com.intuit.karate - [print] testing xlinkurl:http://inspire.ec.europa.eu/metadata-codelist/SpatialDataServiceType/download
15:23:33.019 [ForkJoinPool-1-worker-7] INFO  com.intuit.karate - [print] [
  "http://inspire.ec.europa.eu/metadata-codelist/SpatialDataServiceType/http://inspire.ec.europa.eu/metadata-codelist/SpatialDataServiceType/download"
]

15:23:33.027 [ForkJoinPool-1-worker-7] INFO  com.intuit.karate - [print]
15:23:33.028 [ForkJoinPool-1-worker-7] INFO  com.intuit.karate - [print] testing xlinkurl:http://inspire.ec.europa.eu/metadata-codelist/SpatialDataServiceType/http://inspire.ec.europa.eu/metadata-codelist/SpatialDataServiceType/download
15:23:33.673 [ForkJoinPool-1-worker-7] INFO  com.intuit.karate - [print] [
  "http://inspire.ec.europa.eu/metadata-codelist/SpatialDataServiceType/other"
]

15:23:33.680 [ForkJoinPool-1-worker-7] INFO  com.intuit.karate - [print]
15:23:33.680 [ForkJoinPool-1-worker-7] INFO  com.intuit.karate - [print] testing xlinkurl:http://inspire.ec.europa.eu/metadata-codelist/SpatialDataServiceType/other
15:23:33.884 [ForkJoinPool-1-worker-5] INFO  com.intuit.karate - [print] [
  "http://inspire.ec.europa.eu/metadata-codelist/SpatialDataServiceType/view"
]

15:23:33.892 [ForkJoinPool-1-worker-5] INFO  com.intuit.karate - [print]
15:23:33.892 [ForkJoinPool-1-worker-5] INFO  com.intuit.karate - [print] testing xlinkurl:http://inspire.ec.europa.eu/metadata-codelist/SpatialDataServiceType/view
15:23:35.583 [ForkJoinPool-1-worker-5] INFO  com.intuit.karate - [print] [
  "http://inspire.ec.europa.eu/metadata-codelist/SpatialScope"
]

15:23:35.589 [ForkJoinPool-1-worker-5] INFO  com.intuit.karate - [print]
15:23:35.590 [ForkJoinPool-1-worker-5] INFO  com.intuit.karate - [print] testing xlinkurl:http://inspire.ec.europa.eu/metadata-codelist/SpatialScope
15:23:36.103 [ForkJoinPool-1-worker-11] INFO  com.intuit.karate - [print] [
  "http://inspire.ec.europa.eu/metadata-codelist/SpatialScope/european"
]

15:23:36.108 [ForkJoinPool-1-worker-11] INFO  com.intuit.karate - [print]
15:23:36.108 [ForkJoinPool-1-worker-11] INFO  com.intuit.karate - [print] testing xlinkurl:http://inspire.ec.europa.eu/metadata-codelist/SpatialScope/european
15:23:39.820 [ForkJoinPool-1-worker-11] INFO  com.intuit.karate - [print] [
  "http://inspire.ec.europa.eu/metadata-codelist/SpatialScope/national"
]

15:23:39.830 [ForkJoinPool-1-worker-11] INFO  com.intuit.karate - [print]
15:23:39.831 [ForkJoinPool-1-worker-11] INFO  com.intuit.karate - [print] testing xlinkurl:http://inspire.ec.europa.eu/metadata-codelist/SpatialScope/national
15:23:39.866 [ForkJoinPool-1-worker-7] INFO  com.intuit.karate - [print] [
  "http://inspire.ec.europa.eu/schemas/am/4.0/AreaManagementRestrictionRegulationZone.xsd"
]

15:23:39.874 [ForkJoinPool-1-worker-7] INFO  com.intuit.karate - [print]
15:23:39.875 [ForkJoinPool-1-worker-7] INFO  com.intuit.karate - [print] testing xlinkurl:http://inspire.ec.europa.eu/schemas/am/4.0/AreaManagementRestrictionRegulationZone.xsd
15:23:40.097 [ForkJoinPool-1-worker-7] INFO  com.intuit.karate - [print] [
  "http://inspire.ec.europa.eu/schemas/ef/4.0/EnvironmentalMonitoringFacilities.xsd"
]

15:23:40.104 [ForkJoinPool-1-worker-7] INFO  com.intuit.karate - [print]
15:23:40.105 [ForkJoinPool-1-worker-7] INFO  com.intuit.karate - [print] testing xlinkurl:http://inspire.ec.europa.eu/schemas/ef/4.0/EnvironmentalMonitoringFacilities.xsd
15:23:40.329 [ForkJoinPool-1-worker-7] INFO  com.intuit.karate - [print] [
  "http://inspire.ec.europa.eu/schemas/el-bas/4.0/ElevationBaseTypes.xsd"
]

15:23:40.334 [ForkJoinPool-1-worker-7] INFO  com.intuit.karate - [print]
15:23:40.335 [ForkJoinPool-1-worker-7] INFO  com.intuit.karate - [print] testing xlinkurl:http://inspire.ec.europa.eu/schemas/el-bas/4.0/ElevationBaseTypes.xsd
15:23:40.554 [ForkJoinPool-1-worker-7] INFO  com.intuit.karate - [print] [
  "http://inspire.ec.europa.eu/schemas/hh/4.0/HumanHealth.xsd"
]

15:23:40.562 [ForkJoinPool-1-worker-7] INFO  com.intuit.karate - [print]
15:23:40.563 [ForkJoinPool-1-worker-7] INFO  com.intuit.karate - [print] testing xlinkurl:http://inspire.ec.europa.eu/schemas/hh/4.0/HumanHealth.xsd
15:23:40.607 [ForkJoinPool-1-worker-13] INFO  com.intuit.karate - [print] [
  "http://inspire.ec.europa.eu/schemas/hy-n/4.0/HydroNetwork.xsd"
]

15:23:40.612 [ForkJoinPool-1-worker-13] INFO  com.intuit.karate - [print]
15:23:40.613 [ForkJoinPool-1-worker-13] INFO  com.intuit.karate - [print] testing xlinkurl:http://inspire.ec.europa.eu/schemas/hy-n/4.0/HydroNetwork.xsd
15:23:40.784 [ForkJoinPool-1-worker-7] INFO  com.intuit.karate - [print] [
  "http://inspire.ec.europa.eu/schemas/hy/4.0/HydroBase.xsd"
]

15:23:40.789 [ForkJoinPool-1-worker-7] INFO  com.intuit.karate - [print]
15:23:40.790 [ForkJoinPool-1-worker-7] INFO  com.intuit.karate - [print] testing xlinkurl:http://inspire.ec.europa.eu/schemas/hy/4.0/HydroBase.xsd
15:23:40.827 [ForkJoinPool-1-worker-13] INFO  com.intuit.karate - [print] [
  "http://inspire.ec.europa.eu/schemas/mu/3.0/MaritimeUnits.xsd"
]

15:23:40.831 [ForkJoinPool-1-worker-13] INFO  com.intuit.karate - [print]
15:23:40.832 [ForkJoinPool-1-worker-13] INFO  com.intuit.karate - [print] testing xlinkurl:http://inspire.ec.europa.eu/schemas/mu/3.0/MaritimeUnits.xsd
15:23:41.010 [ForkJoinPool-1-worker-7] INFO  com.intuit.karate - [print] [
  "http://inspire.ec.europa.eu/schemas/nz-core/4.0/NaturalRiskZonesCore.xsd"
]

15:23:41.016 [ForkJoinPool-1-worker-7] INFO  com.intuit.karate - [print]
15:23:41.016 [ForkJoinPool-1-worker-7] INFO  com.intuit.karate - [print] testing xlinkurl:http://inspire.ec.europa.eu/schemas/nz-core/4.0/NaturalRiskZonesCore.xsd
15:23:41.053 [ForkJoinPool-1-worker-13] INFO  com.intuit.karate - [print] [
  "http://inspire.ec.europa.eu/schemas/nz/0.0/NaturalRiskZones.xsd"
]

15:23:41.060 [ForkJoinPool-1-worker-13] INFO  com.intuit.karate - [print]
15:23:41.060 [ForkJoinPool-1-worker-13] INFO  com.intuit.karate - [print] testing xlinkurl:http://inspire.ec.europa.eu/schemas/nz/0.0/NaturalRiskZones.xsd
15:23:41.231 [ForkJoinPool-1-worker-7] INFO  com.intuit.karate - [print] [
  "http://inspire.ec.europa.eu/schemas/of/4.0/OceanFeatures.xsd"
]

15:23:41.237 [ForkJoinPool-1-worker-7] INFO  com.intuit.karate - [print]
15:23:41.237 [ForkJoinPool-1-worker-7] INFO  com.intuit.karate - [print] testing xlinkurl:http://inspire.ec.europa.eu/schemas/of/4.0/OceanFeatures.xsd
15:23:41.272 [ForkJoinPool-1-worker-13] INFO  com.intuit.karate - [print] [
  "http://inspire.ec.europa.eu/schemas/pf/4.0/ProductionAndIndustrialFacilities.xsd"
]

15:23:41.277 [ForkJoinPool-1-worker-13] INFO  com.intuit.karate - [print]
15:23:41.277 [ForkJoinPool-1-worker-13] INFO  com.intuit.karate - [print] testing xlinkurl:http://inspire.ec.europa.eu/schemas/pf/4.0/ProductionAndIndustrialFacilities.xsd
15:23:41.450 [ForkJoinPool-1-worker-7] INFO  com.intuit.karate - [print] [
  "http://inspire.ec.europa.eu/schemas/ps/4.0/ProtectedSites.xsd"
]

15:23:41.456 [ForkJoinPool-1-worker-7] INFO  com.intuit.karate - [print]
15:23:41.457 [ForkJoinPool-1-worker-7] INFO  com.intuit.karate - [print] testing xlinkurl:http://inspire.ec.europa.eu/schemas/ps/4.0/ProtectedSites.xsd
15:23:41.494 [ForkJoinPool-1-worker-13] INFO  com.intuit.karate - [print] [
  "http://inspire.ec.europa.eu/schemas/tn-ro/4.0/RoadTransportNetwork.xsd"
]

15:23:41.498 [ForkJoinPool-1-worker-13] INFO  com.intuit.karate - [print]
15:23:41.499 [ForkJoinPool-1-worker-13] INFO  com.intuit.karate - [print] testing xlinkurl:http://inspire.ec.europa.eu/schemas/tn-ro/4.0/RoadTransportNetwork.xsd
15:23:42.113 [ForkJoinPool-1-worker-7] INFO  com.intuit.karate - [print] [
  "http://inspire.ec.europa.eu/schemas/tn-w/4.0/WaterTransportNetwork.xsd"
]

15:23:42.116 [ForkJoinPool-1-worker-13] INFO  com.intuit.karate - [print] [
  "http://inspire.ec.europa.eu/schemas/tn/4.0/CommonTransportElements.xsd"
]

15:23:42.125 [ForkJoinPool-1-worker-13] INFO  com.intuit.karate - [print]
15:23:42.125 [ForkJoinPool-1-worker-13] INFO  com.intuit.karate - [print] testing xlinkurl:http://inspire.ec.europa.eu/schemas/tn/4.0/CommonTransportElements.xsd
15:23:42.129 [ForkJoinPool-1-worker-7] INFO  com.intuit.karate - [print]
15:23:42.129 [ForkJoinPool-1-worker-7] INFO  com.intuit.karate - [print] testing xlinkurl:http://inspire.ec.europa.eu/schemas/tn-w/4.0/WaterTransportNetwork.xsd
15:23:43.039 [ForkJoinPool-1-worker-13] INFO  com.intuit.karate - [print] [
  "http://inspire.ec.europa.eu/schemas/us-govserv/4.0/GovernmentalServices.xsd"
]

15:23:43.046 [ForkJoinPool-1-worker-13] INFO  com.intuit.karate - [print]
15:23:43.046 [ForkJoinPool-1-worker-13] INFO  com.intuit.karate - [print] testing xlinkurl:http://inspire.ec.europa.eu/schemas/us-govserv/4.0/GovernmentalServices.xsd
15:23:43.050 [ForkJoinPool-1-worker-7] INFO  com.intuit.karate - [print] [
  "http://inspire.ec.europa.eu/theme#"
]

15:23:43.054 [ForkJoinPool-1-worker-7] INFO  com.intuit.karate - [print]
15:23:43.054 [ForkJoinPool-1-worker-7] INFO  com.intuit.karate - [print] testing xlinkurl:http://inspire.ec.europa.eu/theme#
15:23:43.875 [ForkJoinPool-1-worker-13] INFO  com.intuit.karate - [print] [
  "http://standaarden.overheid.nl/owms/terms/Ministerie_van_Economische_Zaken"
]

15:23:43.881 [ForkJoinPool-1-worker-13] INFO  com.intuit.karate - [print]
15:23:43.881 [ForkJoinPool-1-worker-13] INFO  com.intuit.karate - [print] testing xlinkurl:http://standaarden.overheid.nl/owms/terms/Ministerie_van_Economische_Zaken
15:23:44.055 [ForkJoinPool-1-worker-5] INFO  com.intuit.karate - [print] [
  "http://standaarden.overheid.nl/owms/terms/Rijksinstituut_voor_Volksgezondheid_en_Milieu"
]

15:23:44.063 [ForkJoinPool-1-worker-5] INFO  com.intuit.karate - [print]
15:23:44.065 [ForkJoinPool-1-worker-5] INFO  com.intuit.karate - [print] testing xlinkurl:http://standaarden.overheid.nl/owms/terms/Rijksinstituut_voor_Volksgezondheid_en_Milieu
15:23:44.191 [ForkJoinPool-1-worker-3] INFO  com.intuit.karate - [print] [
  "http://standaarden.overheid.nl/owms/terms/RVO"
]

15:23:44.197 [ForkJoinPool-1-worker-3] INFO  com.intuit.karate - [print]
15:23:44.197 [ForkJoinPool-1-worker-3] INFO  com.intuit.karate - [print] testing xlinkurl:http://standaarden.overheid.nl/owms/terms/RVO
15:23:44.275 [ForkJoinPool-1-worker-9] INFO  com.intuit.karate - [print] [
  "http://www.eionet.europa.eu/gemet/inspire_themes"
]

15:23:44.283 [ForkJoinPool-1-worker-9] INFO  com.intuit.karate - [print]
15:23:44.284 [ForkJoinPool-1-worker-9] INFO  com.intuit.karate - [print] testing xlinkurl:http://www.eionet.europa.eu/gemet/inspire_themes
15:23:44.782 [ForkJoinPool-1-worker-3] INFO  com.intuit.karate - [print] [
  "http://www.eionet.europa.eu/gemet/nl/inspire-theme/ac"
]

15:23:44.788 [ForkJoinPool-1-worker-3] INFO  com.intuit.karate - [print]
15:23:44.789 [ForkJoinPool-1-worker-3] INFO  com.intuit.karate - [print] testing xlinkurl:http://www.eionet.europa.eu/gemet/nl/inspire-theme/ac
15:23:44.794 [ForkJoinPool-1-worker-13] INFO  com.intuit.karate - [print] [
  "http://www.eionet.europa.eu/gemet/nl/inspire-theme/ad"
]

15:23:44.794 [ForkJoinPool-1-worker-5] INFO  com.intuit.karate - [print] [
  "http://www.eionet.europa.eu/gemet/nl/inspire-theme/af"
]

15:23:44.799 [ForkJoinPool-1-worker-13] INFO  com.intuit.karate - [print]
15:23:44.799 [ForkJoinPool-1-worker-13] INFO  com.intuit.karate - [print] testing xlinkurl:http://www.eionet.europa.eu/gemet/nl/inspire-theme/ad
15:23:44.801 [ForkJoinPool-1-worker-5] INFO  com.intuit.karate - [print]
15:23:44.802 [ForkJoinPool-1-worker-5] INFO  com.intuit.karate - [print] testing xlinkurl:http://www.eionet.europa.eu/gemet/nl/inspire-theme/af
15:23:45.566 [ForkJoinPool-1-worker-13] INFO  com.intuit.karate - [print] [
  "http://www.eionet.europa.eu/gemet/nl/inspire-theme/am"
]

15:23:45.569 [ForkJoinPool-1-worker-5] INFO  com.intuit.karate - [print] [
  "http://www.eionet.europa.eu/gemet/nl/inspire-theme/au"
]

15:23:45.572 [ForkJoinPool-1-worker-13] INFO  com.intuit.karate - [print]
15:23:45.573 [ForkJoinPool-1-worker-13] INFO  com.intuit.karate - [print] testing xlinkurl:http://www.eionet.europa.eu/gemet/nl/inspire-theme/am
15:23:45.576 [ForkJoinPool-1-worker-3] INFO  com.intuit.karate - [print] [
  "http://www.eionet.europa.eu/gemet/nl/inspire-theme/bu"
]

15:23:45.579 [ForkJoinPool-1-worker-3] INFO  com.intuit.karate - [print]
15:23:45.579 [ForkJoinPool-1-worker-3] INFO  com.intuit.karate - [print] testing xlinkurl:http://www.eionet.europa.eu/gemet/nl/inspire-theme/bu
15:23:45.581 [ForkJoinPool-1-worker-5] INFO  com.intuit.karate - [print]
15:23:45.581 [ForkJoinPool-1-worker-5] INFO  com.intuit.karate - [print] testing xlinkurl:http://www.eionet.europa.eu/gemet/nl/inspire-theme/au
15:23:45.668 [ForkJoinPool-1-worker-9] INFO  com.intuit.karate - [print] [
  "http://www.eionet.europa.eu/gemet/nl/inspire-theme/cp"
]

15:23:45.672 [ForkJoinPool-1-worker-9] INFO  com.intuit.karate - [print]
15:23:45.673 [ForkJoinPool-1-worker-9] INFO  com.intuit.karate - [print] testing xlinkurl:http://www.eionet.europa.eu/gemet/nl/inspire-theme/cp
15:23:45.909 [ForkJoinPool-1-worker-11] INFO  com.intuit.karate - [print] [
  "http://www.eionet.europa.eu/gemet/nl/inspire-theme/ef"
]

15:23:45.915 [ForkJoinPool-1-worker-11] INFO  com.intuit.karate - [print]
15:23:45.916 [ForkJoinPool-1-worker-11] INFO  com.intuit.karate - [print] testing xlinkurl:http://www.eionet.europa.eu/gemet/nl/inspire-theme/ef
15:23:46.301 [ForkJoinPool-1-worker-5] INFO  com.intuit.karate - [print] [
  "http://www.eionet.europa.eu/gemet/nl/inspire-theme/er"
]

15:23:46.303 [ForkJoinPool-1-worker-13] INFO  com.intuit.karate - [print] [
  "http://www.eionet.europa.eu/gemet/nl/inspire-theme/ge"
]

15:23:46.307 [ForkJoinPool-1-worker-5] INFO  com.intuit.karate - [print]
15:23:46.308 [ForkJoinPool-1-worker-5] INFO  com.intuit.karate - [print] testing xlinkurl:http://www.eionet.europa.eu/gemet/nl/inspire-theme/er
15:23:46.309 [ForkJoinPool-1-worker-13] INFO  com.intuit.karate - [print]
15:23:46.309 [ForkJoinPool-1-worker-13] INFO  com.intuit.karate - [print] testing xlinkurl:http://www.eionet.europa.eu/gemet/nl/inspire-theme/ge
15:23:46.323 [ForkJoinPool-1-worker-3] INFO  com.intuit.karate - [print] [
  "http://www.eionet.europa.eu/gemet/nl/inspire-theme/gn"
]

15:23:46.327 [ForkJoinPool-1-worker-3] INFO  com.intuit.karate - [print]
15:23:46.329 [ForkJoinPool-1-worker-3] INFO  com.intuit.karate - [print] testing xlinkurl:http://www.eionet.europa.eu/gemet/nl/inspire-theme/gn
15:23:46.377 [ForkJoinPool-1-worker-9] INFO  com.intuit.karate - [print] [
  "http://www.eionet.europa.eu/gemet/nl/inspire-theme/hb"
]

15:23:46.382 [ForkJoinPool-1-worker-9] INFO  com.intuit.karate - [print]
15:23:46.382 [ForkJoinPool-1-worker-9] INFO  com.intuit.karate - [print] testing xlinkurl:http://www.eionet.europa.eu/gemet/nl/inspire-theme/hb
15:23:46.599 [ForkJoinPool-1-worker-11] INFO  com.intuit.karate - [print] [
  "http://www.eionet.europa.eu/gemet/nl/inspire-theme/hh"
]

15:23:46.604 [ForkJoinPool-1-worker-11] INFO  com.intuit.karate - [print]
15:23:46.604 [ForkJoinPool-1-worker-11] INFO  com.intuit.karate - [print] testing xlinkurl:http://www.eionet.europa.eu/gemet/nl/inspire-theme/hh
15:23:47.009 [ForkJoinPool-1-worker-5] INFO  com.intuit.karate - [print] [
  "http://www.eionet.europa.eu/gemet/nl/inspire-theme/hy"
]

15:23:47.018 [ForkJoinPool-1-worker-5] INFO  com.intuit.karate - [print]
15:23:47.019 [ForkJoinPool-1-worker-5] INFO  com.intuit.karate - [print] testing xlinkurl:http://www.eionet.europa.eu/gemet/nl/inspire-theme/hy
15:23:47.029 [ForkJoinPool-1-worker-3] INFO  com.intuit.karate - [print] [
  "http://www.eionet.europa.eu/gemet/nl/inspire-theme/lc"
]

15:23:47.032 [ForkJoinPool-1-worker-13] INFO  com.intuit.karate - [print] [
  "http://www.eionet.europa.eu/gemet/nl/inspire-theme/lu"
]

15:23:47.037 [ForkJoinPool-1-worker-13] INFO  com.intuit.karate - [print]
15:23:47.037 [ForkJoinPool-1-worker-13] INFO  com.intuit.karate - [print] testing xlinkurl:http://www.eionet.europa.eu/gemet/nl/inspire-theme/lu
15:23:47.038 [ForkJoinPool-1-worker-3] INFO  com.intuit.karate - [print]
15:23:47.038 [ForkJoinPool-1-worker-3] INFO  com.intuit.karate - [print] testing xlinkurl:http://www.eionet.europa.eu/gemet/nl/inspire-theme/lc
15:23:47.091 [ForkJoinPool-1-worker-9] INFO  com.intuit.karate - [print] [
  "http://www.eionet.europa.eu/gemet/nl/inspire-theme/mf"
]

15:23:47.096 [ForkJoinPool-1-worker-9] INFO  com.intuit.karate - [print]
15:23:47.096 [ForkJoinPool-1-worker-9] INFO  com.intuit.karate - [print] testing xlinkurl:http://www.eionet.europa.eu/gemet/nl/inspire-theme/mf
15:23:47.293 [ForkJoinPool-1-worker-11] INFO  com.intuit.karate - [print] [
  "http://www.eionet.europa.eu/gemet/nl/inspire-theme/nz"
]

15:23:47.298 [ForkJoinPool-1-worker-11] INFO  com.intuit.karate - [print]
15:23:47.299 [ForkJoinPool-1-worker-11] INFO  com.intuit.karate - [print] testing xlinkurl:http://www.eionet.europa.eu/gemet/nl/inspire-theme/nz
15:23:47.705 [ForkJoinPool-1-worker-5] INFO  com.intuit.karate - [print] [
  "http://www.eionet.europa.eu/gemet/nl/inspire-theme/of"
]

15:23:47.711 [ForkJoinPool-1-worker-5] INFO  com.intuit.karate - [print]
15:23:47.711 [ForkJoinPool-1-worker-5] INFO  com.intuit.karate - [print] testing xlinkurl:http://www.eionet.europa.eu/gemet/nl/inspire-theme/of
15:23:47.743 [ForkJoinPool-1-worker-3] INFO  com.intuit.karate - [print] [
  "http://www.eionet.europa.eu/gemet/nl/inspire-theme/oi"
]

15:23:47.747 [ForkJoinPool-1-worker-13] INFO  com.intuit.karate - [print] [
  "http://www.eionet.europa.eu/gemet/nl/inspire-theme/pd"
]

15:23:47.748 [ForkJoinPool-1-worker-3] INFO  com.intuit.karate - [print]
15:23:47.748 [ForkJoinPool-1-worker-3] INFO  com.intuit.karate - [print] testing xlinkurl:http://www.eionet.europa.eu/gemet/nl/inspire-theme/oi
15:23:47.752 [ForkJoinPool-1-worker-13] INFO  com.intuit.karate - [print]
15:23:47.752 [ForkJoinPool-1-worker-13] INFO  com.intuit.karate - [print] testing xlinkurl:http://www.eionet.europa.eu/gemet/nl/inspire-theme/pd
15:23:47.780 [ForkJoinPool-1-worker-9] INFO  com.intuit.karate - [print] [
  "http://www.eionet.europa.eu/gemet/nl/inspire-theme/pf"
]

15:23:47.785 [ForkJoinPool-1-worker-9] INFO  com.intuit.karate - [print]
15:23:47.786 [ForkJoinPool-1-worker-9] INFO  com.intuit.karate - [print] testing xlinkurl:http://www.eionet.europa.eu/gemet/nl/inspire-theme/pf
15:23:47.990 [ForkJoinPool-1-worker-11] INFO  com.intuit.karate - [print] [
  "http://www.eionet.europa.eu/gemet/nl/inspire-theme/ps"
]

15:23:47.996 [ForkJoinPool-1-worker-11] INFO  com.intuit.karate - [print]
15:23:47.996 [ForkJoinPool-1-worker-11] INFO  com.intuit.karate - [print] testing xlinkurl:http://www.eionet.europa.eu/gemet/nl/inspire-theme/ps
15:23:48.405 [ForkJoinPool-1-worker-5] INFO  com.intuit.karate - [print] [
  "http://www.eionet.europa.eu/gemet/nl/inspire-theme/rs"
]

15:23:48.411 [ForkJoinPool-1-worker-5] INFO  com.intuit.karate - [print]
15:23:48.412 [ForkJoinPool-1-worker-5] INFO  com.intuit.karate - [print] testing xlinkurl:http://www.eionet.europa.eu/gemet/nl/inspire-theme/rs
15:23:48.445 [ForkJoinPool-1-worker-3] INFO  com.intuit.karate - [print] [
  "http://www.eionet.europa.eu/gemet/nl/inspire-theme/sd"
]

15:23:48.450 [ForkJoinPool-1-worker-3] INFO  com.intuit.karate - [print]
15:23:48.450 [ForkJoinPool-1-worker-13] INFO  com.intuit.karate - [print] [
  "http://www.eionet.europa.eu/gemet/nl/inspire-theme/so"
]

15:23:48.458 [ForkJoinPool-1-worker-13] INFO  com.intuit.karate - [print]
15:23:48.460 [ForkJoinPool-1-worker-3] INFO  com.intuit.karate - [print] testing xlinkurl:http://www.eionet.europa.eu/gemet/nl/inspire-theme/sd
15:23:48.460 [ForkJoinPool-1-worker-13] INFO  com.intuit.karate - [print] testing xlinkurl:http://www.eionet.europa.eu/gemet/nl/inspire-theme/so
15:23:48.478 [ForkJoinPool-1-worker-9] INFO  com.intuit.karate - [print] [
  "http://www.eionet.europa.eu/gemet/nl/inspire-theme/sr"
]

15:23:48.484 [ForkJoinPool-1-worker-9] INFO  com.intuit.karate - [print]
15:23:48.485 [ForkJoinPool-1-worker-9] INFO  com.intuit.karate - [print] testing xlinkurl:http://www.eionet.europa.eu/gemet/nl/inspire-theme/sr
15:23:48.685 [ForkJoinPool-1-worker-11] INFO  com.intuit.karate - [print] [
  "http://www.eionet.europa.eu/gemet/nl/inspire-theme/su"
]

15:23:48.690 [ForkJoinPool-1-worker-11] INFO  com.intuit.karate - [print]
15:23:48.691 [ForkJoinPool-1-worker-11] INFO  com.intuit.karate - [print] testing xlinkurl:http://www.eionet.europa.eu/gemet/nl/inspire-theme/su
15:23:49.104 [ForkJoinPool-1-worker-5] INFO  com.intuit.karate - [print] [
  "http://www.eionet.europa.eu/gemet/nl/inspire-theme/tn"
]

15:23:49.111 [ForkJoinPool-1-worker-5] INFO  com.intuit.karate - [print]
15:23:49.111 [ForkJoinPool-1-worker-5] INFO  com.intuit.karate - [print] testing xlinkurl:http://www.eionet.europa.eu/gemet/nl/inspire-theme/tn
15:23:49.159 [ForkJoinPool-1-worker-3] INFO  com.intuit.karate - [print] [
  "http://www.eionet.europa.eu/gemet/nl/inspire-theme/us"
]

15:23:49.160 [ForkJoinPool-1-worker-13] INFO  com.intuit.karate - [print] [
  "http://www.iana.org/assignments/media-types/application/gml+xml"
]

15:23:49.173 [ForkJoinPool-1-worker-3] INFO  com.intuit.karate - [print]
15:23:49.173 [ForkJoinPool-1-worker-3] INFO  com.intuit.karate - [print] testing xlinkurl:http://www.eionet.europa.eu/gemet/nl/inspire-theme/us
15:23:49.176 [ForkJoinPool-1-worker-13] INFO  com.intuit.karate - [print]
15:23:49.177 [ForkJoinPool-1-worker-13] INFO  com.intuit.karate - [print] testing xlinkurl:http://www.iana.org/assignments/media-types/application/gml+xml
15:23:49.186 [ForkJoinPool-1-worker-9] INFO  com.intuit.karate - [print] [
  "http://www.opengeospatial.org/standards/sos"
]

15:23:49.192 [ForkJoinPool-1-worker-9] INFO  com.intuit.karate - [print]
15:23:49.193 [ForkJoinPool-1-worker-9] INFO  com.intuit.karate - [print] testing xlinkurl:http://www.opengeospatial.org/standards/sos
15:23:49.348 [ForkJoinPool-1-worker-13] INFO  com.intuit.karate - [print] [
  "http://www.opengeospatial.org/standards/wcs"
]

15:23:49.355 [ForkJoinPool-1-worker-13] INFO  com.intuit.karate - [print]
15:23:49.356 [ForkJoinPool-1-worker-13] INFO  com.intuit.karate - [print] testing xlinkurl:http://www.opengeospatial.org/standards/wcs
15:23:49.382 [ForkJoinPool-1-worker-11] INFO  com.intuit.karate - [print] [
  "http://www.opengeospatial.org/standards/wfs"
]

15:23:49.387 [ForkJoinPool-1-worker-11] INFO  com.intuit.karate - [print]
15:23:49.388 [ForkJoinPool-1-worker-11] INFO  com.intuit.karate - [print] testing xlinkurl:http://www.opengeospatial.org/standards/wfs
15:23:49.512 [ForkJoinPool-1-worker-7] INFO  com.intuit.karate - [print] [
  "http://www.opengeospatial.org/standards/wms"
]

15:23:49.523 [ForkJoinPool-1-worker-7] INFO  com.intuit.karate - [print]
15:23:49.532 [ForkJoinPool-1-worker-7] INFO  com.intuit.karate - [print] testing xlinkurl:http://www.opengeospatial.org/standards/wms
15:23:49.585 [ForkJoinPool-1-worker-9] INFO  com.intuit.karate - [print] [
  "http://www.opengeospatial.org/standards/wmts"
]

15:23:49.592 [ForkJoinPool-1-worker-9] INFO  com.intuit.karate - [print]
15:23:49.593 [ForkJoinPool-1-worker-9] INFO  com.intuit.karate - [print] testing xlinkurl:http://www.opengeospatial.org/standards/wmts
15:23:49.645 [ForkJoinPool-1-worker-13] INFO  com.intuit.karate - [print] [
  "http://www.opengis.net/def/crs/EPSG/0/3034"
]

15:23:49.650 [ForkJoinPool-1-worker-13] INFO  com.intuit.karate - [print]
15:23:49.651 [ForkJoinPool-1-worker-13] INFO  com.intuit.karate - [print] testing xlinkurl:http://www.opengis.net/def/crs/EPSG/0/3034
15:23:49.678 [ForkJoinPool-1-worker-11] INFO  com.intuit.karate - [print] [
  "http://www.opengis.net/def/crs/EPSG/0/3035"
]

15:23:49.684 [ForkJoinPool-1-worker-11] INFO  com.intuit.karate - [print]
15:23:49.684 [ForkJoinPool-1-worker-11] INFO  com.intuit.karate - [print] testing xlinkurl:http://www.opengis.net/def/crs/EPSG/0/3035
15:23:49.807 [ForkJoinPool-1-worker-5] INFO  com.intuit.karate - [print] [
  "http://www.opengis.net/def/crs/EPSG/0/3857"
]

15:23:49.813 [ForkJoinPool-1-worker-5] INFO  com.intuit.karate - [print]
15:23:49.813 [ForkJoinPool-1-worker-5] INFO  com.intuit.karate - [print] testing xlinkurl:http://www.opengis.net/def/crs/EPSG/0/3857
15:23:49.820 [ForkJoinPool-1-worker-7] INFO  com.intuit.karate - [print] [
  "http://www.opengis.net/def/crs/EPSG/0/4258"
]

15:23:49.824 [ForkJoinPool-1-worker-7] INFO  com.intuit.karate - [print]
15:23:49.824 [ForkJoinPool-1-worker-7] INFO  com.intuit.karate - [print] testing xlinkurl:http://www.opengis.net/def/crs/EPSG/0/4258
15:23:49.862 [ForkJoinPool-1-worker-3] INFO  com.intuit.karate - [print] [
  "http://www.opengis.net/def/crs/EPSG/0/4326"
]

15:23:49.868 [ForkJoinPool-1-worker-3] INFO  com.intuit.karate - [print]
15:23:49.868 [ForkJoinPool-1-worker-3] INFO  com.intuit.karate - [print] testing xlinkurl:http://www.opengis.net/def/crs/EPSG/0/4326
15:23:50.105 [ForkJoinPool-1-worker-13] INFO  com.intuit.karate - [print] [
  "http://www.opengis.net/def/crs/EPSG/0/5709"
]

15:23:50.106 [ForkJoinPool-1-worker-11] INFO  com.intuit.karate - [print] [
  "http://www.opengis.net/def/crs/EPSG/0/5730"
]

15:23:50.113 [ForkJoinPool-1-worker-13] INFO  com.intuit.karate - [print]
15:23:50.114 [ForkJoinPool-1-worker-13] INFO  com.intuit.karate - [print] testing xlinkurl:http://www.opengis.net/def/crs/EPSG/0/5709
15:23:50.114 [ForkJoinPool-1-worker-5] INFO  com.intuit.karate - [print] [
  "http://www.opengis.net/def/crs/EPSG/0/5861"
]

15:23:50.118 [ForkJoinPool-1-worker-11] INFO  com.intuit.karate - [print]
15:23:50.118 [ForkJoinPool-1-worker-11] INFO  com.intuit.karate - [print] testing xlinkurl:http://www.opengis.net/def/crs/EPSG/0/5730
15:23:50.119 [ForkJoinPool-1-worker-7] INFO  com.intuit.karate - [print] [
  "http://www.opengis.net/def/crs/EPSG/0/23031"
]

15:23:50.125 [ForkJoinPool-1-worker-7] INFO  com.intuit.karate - [print]
15:23:50.127 [ForkJoinPool-1-worker-7] INFO  com.intuit.karate - [print] testing xlinkurl:http://www.opengis.net/def/crs/EPSG/0/23031
15:23:50.127 [ForkJoinPool-1-worker-5] INFO  com.intuit.karate - [print]
15:23:50.129 [ForkJoinPool-1-worker-5] INFO  com.intuit.karate - [print] testing xlinkurl:http://www.opengis.net/def/crs/EPSG/0/5861
15:23:50.167 [ForkJoinPool-1-worker-3] INFO  com.intuit.karate - [print] [
  "http://www.opengis.net/def/crs/EPSG/0/25831"
]

15:23:50.177 [ForkJoinPool-1-worker-3] INFO  com.intuit.karate - [print]
15:23:50.177 [ForkJoinPool-1-worker-3] INFO  com.intuit.karate - [print] testing xlinkurl:http://www.opengis.net/def/crs/EPSG/0/25831
15:23:50.416 [ForkJoinPool-1-worker-13] INFO  com.intuit.karate - [print] [
  "http://www.opengis.net/def/crs/EPSG/0/25832"
]

15:23:50.423 [ForkJoinPool-1-worker-13] INFO  com.intuit.karate - [print]
15:23:50.424 [ForkJoinPool-1-worker-13] INFO  com.intuit.karate - [print] testing xlinkurl:http://www.opengis.net/def/crs/EPSG/0/25832
15:23:50.428 [ForkJoinPool-1-worker-11] INFO  com.intuit.karate - [print] [
  "http://www.opengis.net/def/crs/EPSG/0/28992"
]

15:23:50.430 [ForkJoinPool-1-worker-7] INFO  com.intuit.karate - [print] [
  "http://www.opengis.net/def/crs/EPSG/0/EPSG:4326"
]

15:23:50.432 [ForkJoinPool-1-worker-11] INFO  com.intuit.karate - [print]
15:23:50.432 [ForkJoinPool-1-worker-11] INFO  com.intuit.karate - [print] testing xlinkurl:http://www.opengis.net/def/crs/EPSG/0/28992
15:23:50.458 [ForkJoinPool-1-worker-5] INFO  com.intuit.karate - [print] [
  "http://www.opengis.net/def/crs/EPSG/0/EPSG:28992"
]

15:23:50.470 [ForkJoinPool-1-worker-3] INFO  com.intuit.karate - [print] [
  "http://www.opengis.net/def/crs/EPSG/0/epsg:28992"
]

15:23:50.493 [ForkJoinPool-1-worker-3] INFO  com.intuit.karate - [print]
15:23:50.493 [ForkJoinPool-1-worker-7] INFO  com.intuit.karate - [print]
15:23:50.494 [ForkJoinPool-1-worker-7] INFO  com.intuit.karate - [print] testing xlinkurl:http://www.opengis.net/def/crs/EPSG/0/EPSG:4326
15:23:50.495 [ForkJoinPool-1-worker-3] INFO  com.intuit.karate - [print] testing xlinkurl:http://www.opengis.net/def/crs/EPSG/0/epsg:28992
15:23:50.502 [ForkJoinPool-1-worker-5] INFO  com.intuit.karate - [print]
15:23:50.502 [ForkJoinPool-1-worker-5] INFO  com.intuit.karate - [print] testing xlinkurl:http://www.opengis.net/def/crs/EPSG/0/EPSG:28992
15:23:50.660 [ForkJoinPool-1-worker-9] INFO  com.intuit.karate - [print] [
  "http://www.opengis.net/def/serviceType/ogc/wcs"
]

15:23:50.672 [ForkJoinPool-1-worker-9] INFO  com.intuit.karate - [print]
15:23:50.673 [ForkJoinPool-1-worker-9] INFO  com.intuit.karate - [print] testing xlinkurl:http://www.opengis.net/def/serviceType/ogc/wcs
15:23:50.735 [ForkJoinPool-1-worker-13] INFO  com.intuit.karate - [print] [
  "http://www.opengis.net/def/serviceType/ogc/wfs"
]

15:23:50.743 [ForkJoinPool-1-worker-13] INFO  com.intuit.karate - [print]
15:23:50.743 [ForkJoinPool-1-worker-13] INFO  com.intuit.karate - [print] testing xlinkurl:http://www.opengis.net/def/serviceType/ogc/wfs
15:23:50.769 [ForkJoinPool-1-worker-11] INFO  com.intuit.karate - [print] [
  "http://www.opengis.net/def/serviceType/ogc/wms"
]

15:23:50.778 [ForkJoinPool-1-worker-11] INFO  com.intuit.karate - [print]
15:23:50.782 [ForkJoinPool-1-worker-11] INFO  com.intuit.karate - [print] testing xlinkurl:http://www.opengis.net/def/serviceType/ogc/wms
15:23:50.789 [ForkJoinPool-1-worker-3] INFO  com.intuit.karate - [print] [
  "http://www.opengis.net/def/serviceType/ogc/wmts"
]

15:23:50.794 [ForkJoinPool-1-worker-3] INFO  com.intuit.karate - [print]
15:23:50.794 [ForkJoinPool-1-worker-3] INFO  com.intuit.karate - [print] testing xlinkurl:http://www.opengis.net/def/serviceType/ogc/wmts
15:23:50.804 [ForkJoinPool-1-worker-7] INFO  com.intuit.karate - [print] [
  "http://www.wur.nl/nl/Expertises-Dienstverlening/Onderzoeksinstituten/Environmental-Research.htm"
]

15:23:50.806 [ForkJoinPool-1-worker-5] INFO  com.intuit.karate - [print] [
  "https://ec.europa.eu/eurostat/web/health/data/database"
]

15:23:50.812 [ForkJoinPool-1-worker-7] INFO  com.intuit.karate - [print]
15:23:50.814 [ForkJoinPool-1-worker-5] INFO  com.intuit.karate - [print]
15:23:50.815 [ForkJoinPool-1-worker-5] INFO  com.intuit.karate - [print] testing xlinkurl:https://ec.europa.eu/eurostat/web/health/data/database
15:23:50.816 [ForkJoinPool-1-worker-7] INFO  com.intuit.karate - [print] testing xlinkurl:http://www.wur.nl/nl/Expertises-Dienstverlening/Onderzoeksinstituten/Environmental-Research.htm
15:23:51.211 [ForkJoinPool-1-worker-9] INFO  com.intuit.karate - [print] [
  "https://geodata.cbs.nl/files/INSPIRE"
]

15:23:51.217 [ForkJoinPool-1-worker-9] INFO  com.intuit.karate - [print]
15:23:51.218 [ForkJoinPool-1-worker-9] INFO  com.intuit.karate - [print] testing xlinkurl:https://geodata.cbs.nl/files/INSPIRE
15:23:51.221 [ForkJoinPool-1-worker-3] INFO  com.intuit.karate - [print] [
  "https://geodata.nationaalgeoregister.nl/elu/atom/elu.xml"
]

15:23:51.226 [ForkJoinPool-1-worker-11] INFO  com.intuit.karate - [print] [
  "https://inspire.ec.europa.eu/id/document/tg/au"
]

15:23:51.229 [ForkJoinPool-1-worker-13] INFO  com.intuit.karate - [print] [
  "https://inspire.ec.europa.eu/id/document/tg/of"
]

15:23:51.235 [ForkJoinPool-1-worker-11] INFO  com.intuit.karate - [print]
15:23:51.236 [ForkJoinPool-1-worker-11] INFO  com.intuit.karate - [print] testing xlinkurl:https://inspire.ec.europa.eu/id/document/tg/au
15:23:51.235 [ForkJoinPool-1-worker-13] INFO  com.intuit.karate - [print]
15:23:51.238 [ForkJoinPool-1-worker-13] INFO  com.intuit.karate - [print] testing xlinkurl:https://inspire.ec.europa.eu/id/document/tg/of
15:23:51.239 [ForkJoinPool-1-worker-3] INFO  com.intuit.karate - [print]
15:23:51.240 [ForkJoinPool-1-worker-3] INFO  com.intuit.karate - [print] testing xlinkurl:https://geodata.nationaalgeoregister.nl/elu/atom/elu.xml
15:23:51.717 [ForkJoinPool-1-worker-11] INFO  com.intuit.karate - [print] [
  "https://inspire.ec.europa.eu/id/document/tg/ps"
]

15:23:51.723 [ForkJoinPool-1-worker-11] INFO  com.intuit.karate - [print]
15:23:51.723 [ForkJoinPool-1-worker-11] INFO  com.intuit.karate - [print] testing xlinkurl:https://inspire.ec.europa.eu/id/document/tg/ps
15:23:51.734 [ForkJoinPool-1-worker-3] INFO  com.intuit.karate - [print] [
  "https://inspire.ec.europa.eu/schemas/ps/4.0/ProtectedSites.xsd"
]

15:23:51.743 [ForkJoinPool-1-worker-3] INFO  com.intuit.karate - [print]
15:23:51.744 [ForkJoinPool-1-worker-13] INFO  com.intuit.karate - [print] [
  "https://ngr.geocat.live/geonetwork/srv/eng/thesaurus.download?ref=external.theme.httpinspireeceuropaeumetadatacodelistSpatialScope-SpatialScope"
]

15:23:51.749 [ForkJoinPool-1-worker-13] INFO  com.intuit.karate - [print]
15:23:51.751 [ForkJoinPool-1-worker-13] INFO  com.intuit.karate - [print] testing xlinkurl:https://ngr.geocat.live/geonetwork/srv/eng/thesaurus.download?ref=external.theme.httpinspireeceuropaeumetadatacodelistSpatialScope-SpatialScope
15:23:51.754 [ForkJoinPool-1-worker-3] INFO  com.intuit.karate - [print] testing xlinkurl:https://inspire.ec.europa.eu/schemas/ps/4.0/ProtectedSites.xsd
15:23:52.119 [ForkJoinPool-1-worker-9] INFO  com.intuit.karate - [print] [
  "https://tools.ietf.org/html/rfc4287"
]

15:23:52.127 [ForkJoinPool-1-worker-9] INFO  com.intuit.karate - [print]
15:23:52.127 [ForkJoinPool-1-worker-9] INFO  com.intuit.karate - [print] testing xlinkurl:https://tools.ietf.org/html/rfc4287
15:23:52.145 [ForkJoinPool-1-worker-13] INFO  com.intuit.karate - [print] [
  "https://tools.ietf.org/html/rfc5023"
]

15:23:52.151 [ForkJoinPool-1-worker-13] INFO  com.intuit.karate - [print]
15:23:52.151 [ForkJoinPool-1-worker-13] INFO  com.intuit.karate - [print] testing xlinkurl:https://tools.ietf.org/html/rfc5023
15:23:52.188 [ForkJoinPool-1-worker-3] INFO  com.intuit.karate - [print] [
  "https://www.cbs.nl/-/media/cbs/dossiers/nederland%20regionaal/wijk-en-buurtstatistieken/shape%202017%20versie%2020.zip"
]

15:23:52.194 [ForkJoinPool-1-worker-3] INFO  com.intuit.karate - [print]
15:23:52.195 [ForkJoinPool-1-worker-3] INFO  com.intuit.karate - [print] testing xlinkurl:https://www.cbs.nl/-/media/cbs/dossiers/nederland%20regionaal/wijk-en-buurtstatistieken/shape%202017%20versie%2020.zip
15:23:52.299 [ForkJoinPool-1-worker-11] INFO  com.intuit.karate - [print] [
  "https://www.cbs.nl/nl-nl/dossier/nederland-regionaal/geografische-data/wijk-en-buurtkaart-2016"
]

15:23:52.306 [ForkJoinPool-1-worker-11] INFO  com.intuit.karate - [print]
15:23:52.306 [ForkJoinPool-1-worker-11] INFO  com.intuit.karate - [print] testing xlinkurl:https://www.cbs.nl/nl-nl/dossier/nederland-regionaal/geografische-data/wijk-en-buurtkaart-2016
15:23:52.743 [ForkJoinPool-1-worker-7] INFO  com.intuit.karate - [print] [
  "https://www.cbs.nl/nl-nl/dossier/nederland-regionaal/geografische-data/wijk-en-buurtkaart-2018"
]

15:23:52.749 [ForkJoinPool-1-worker-7] INFO  com.intuit.karate - [print]
15:23:52.749 [ForkJoinPool-1-worker-7] INFO  com.intuit.karate - [print] testing xlinkurl:https://www.cbs.nl/nl-nl/dossier/nederland-regionaal/geografische-data/wijk-en-buurtkaart-2018
15:23:52.752 [ForkJoinPool-1-worker-5] INFO  com.intuit.karate - [print] [
  "https://www.cbs.nl/nl-nl/dossier/nederland-regionaal/geografische-data/wijk-en-buurtkaart-2019"
]

15:23:52.758 [ForkJoinPool-1-worker-5] INFO  com.intuit.karate - [print]
15:23:52.758 [ForkJoinPool-1-worker-5] INFO  com.intuit.karate - [print] testing xlinkurl:https://www.cbs.nl/nl-nl/dossier/nederland-regionaal/geografische-data/wijk-en-buurtkaart-2019
15:23:52.905 [ForkJoinPool-1-worker-3] INFO  com.intuit.karate - [print] [
  "https://www.iana.org/assignments/media-types/application/gml+xml"
]

15:23:52.910 [ForkJoinPool-1-worker-3] INFO  com.intuit.karate - [print]
15:23:52.912 [ForkJoinPool-1-worker-3] INFO  com.intuit.karate - [print] testing xlinkurl:https://www.iana.org/assignments/media-types/application/gml+xml
15:23:52.953 [ForkJoinPool-1-worker-11] INFO  com.intuit.karate - [print] [
  "https://www.iana.org/assignments/media-types/application/zip"
]

15:23:52.974 [ForkJoinPool-1-worker-11] INFO  com.intuit.karate - [print]
15:23:52.975 [ForkJoinPool-1-worker-11] INFO  com.intuit.karate - [print] testing xlinkurl:https://www.iana.org/assignments/media-types/application/zip
15:23:53.091 [ForkJoinPool-1-worker-3] INFO  com.intuit.karate - [print] [
  "https://www.iana.org/assignments/media-types/image/png"
]

15:23:53.098 [ForkJoinPool-1-worker-3] INFO  com.intuit.karate - [print]
15:23:53.099 [ForkJoinPool-1-worker-3] INFO  com.intuit.karate - [print] testing xlinkurl:https://www.iana.org/assignments/media-types/image/png
15:23:53.113 [ForkJoinPool-1-worker-9] INFO  com.intuit.karate - [print] [
  "https://www.nationaalgeoregister.nl"
]

15:23:53.114 [ForkJoinPool-1-worker-13] INFO  com.intuit.karate - [print] [
  "https://www.nationaalgeoregister.nl/geonetwork/srv/eng/thesaurus.download?ref=external.theme.httpinspireeceuropaeumetadatacodelistPriorityDataset-PriorityDataset"
]

15:23:53.118 [ForkJoinPool-1-worker-9] INFO  com.intuit.karate - [print]
15:23:53.118 [ForkJoinPool-1-worker-9] INFO  com.intuit.karate - [print] testing xlinkurl:https://www.nationaalgeoregister.nl
15:23:53.119 [ForkJoinPool-1-worker-13] INFO  com.intuit.karate - [print]
15:23:53.119 [ForkJoinPool-1-worker-13] INFO  com.intuit.karate - [print] testing xlinkurl:https://www.nationaalgeoregister.nl/geonetwork/srv/eng/thesaurus.download?ref=external.theme.httpinspireeceuropaeumetadatacodelistPriorityDataset-PriorityDataset
15:23:53.148 [ForkJoinPool-1-worker-11] INFO  com.intuit.karate - [print] [
  "https://www.nationaalgeoregister.nl/geonetwork/srv/eng/thesaurus.download?ref=external.theme.httpinspireeceuropaeumetadatacodelistSpatialScope-SpatialScope"
]

15:23:53.155 [ForkJoinPool-1-worker-11] INFO  com.intuit.karate - [print]
15:23:53.157 [ForkJoinPool-1-worker-11] INFO  com.intuit.karate - [print] testing xlinkurl:https://www.nationaalgeoregister.nl/geonetwork/srv/eng/thesaurus.download?ref=external.theme.httpinspireeceuropaeumetadatacodelistSpatialScope-SpatialScope
15:23:53.168 [ForkJoinPool-1-worker-7] INFO  com.intuit.karate - [print] [
  "https://www.nationaalgeoregister.nl/geonetwork/srv/eng/thesaurus.download?ref=external.theme.httpinspireeceuropaeutheme-theme"
]

15:23:53.169 [ForkJoinPool-1-worker-5] INFO  com.intuit.karate - [print] [
  "https://www.nationaalgeoregister.nl:443/geonetwork/srv/eng/thesaurus.download?ref=external.theme.httpinspireeceuropaeuapplicationschema-applicationschema"
]

15:23:53.175 [ForkJoinPool-1-worker-5] INFO  com.intuit.karate - [print]
15:23:53.176 [ForkJoinPool-1-worker-5] INFO  com.intuit.karate - [print] testing xlinkurl:https://www.nationaalgeoregister.nl:443/geonetwork/srv/eng/thesaurus.download?ref=external.theme.httpinspireeceuropaeuapplicationschema-applicationschema
15:23:53.182 [ForkJoinPool-1-worker-7] INFO  com.intuit.karate - [print]
15:23:53.182 [ForkJoinPool-1-worker-7] INFO  com.intuit.karate - [print] testing xlinkurl:https://www.nationaalgeoregister.nl/geonetwork/srv/eng/thesaurus.download?ref=external.theme.httpinspireeceuropaeutheme-theme
15:23:53.280 [ForkJoinPool-1-worker-3] INFO  com.intuit.karate - [print] [
  "https://www.nationaalgeoregister.nl:443/geonetwork/srv/eng/thesaurus.download?ref=external.theme.httpinspireeceuropaeumetadatacodelistPriorityDataset-PriorityDataset"
]

15:23:53.296 [ForkJoinPool-1-worker-3] INFO  com.intuit.karate - [print]
15:23:53.297 [ForkJoinPool-1-worker-3] INFO  com.intuit.karate - [print] testing xlinkurl:https://www.nationaalgeoregister.nl:443/geonetwork/srv/eng/thesaurus.download?ref=external.theme.httpinspireeceuropaeumetadatacodelistPriorityDataset-PriorityDataset
15:23:53.546 [ForkJoinPool-1-worker-11] INFO  com.intuit.karate - [print] [
  "https://www.nationaalgeoregister.nl:443/geonetwork/srv/eng/thesaurus.download?ref=external.theme.httpinspireeceuropaeumetadatacodelistSpatialScope-SpatialScope"
]

15:23:53.552 [ForkJoinPool-1-worker-5] INFO  com.intuit.karate - [print] [
  "https://www.nationaalgeoregister.nl:443/geonetwork/srv/eng/thesaurus.download?ref=external.theme.httpinspireeceuropaeutheme-theme"
]

15:23:53.554 [ForkJoinPool-1-worker-11] INFO  com.intuit.karate - [print]
15:23:53.555 [ForkJoinPool-1-worker-11] INFO  com.intuit.karate - [print] testing xlinkurl:https://www.nationaalgeoregister.nl:443/geonetwork/srv/eng/thesaurus.download?ref=external.theme.httpinspireeceuropaeumetadatacodelistSpatialScope-SpatialScope
15:23:53.572 [ForkJoinPool-1-worker-5] INFO  com.intuit.karate - [print]
15:23:53.573 [ForkJoinPool-1-worker-5] INFO  com.intuit.karate - [print] testing xlinkurl:https://www.nationaalgeoregister.nl:443/geonetwork/srv/eng/thesaurus.download?ref=external.theme.httpinspireeceuropaeutheme-theme
15:23:54.239 [pool-1-thread-1] INFO  com.intuit.karate.Runner - <<pass>> feature 1 of 9: classpath:InspireTest/ngr/datasetrecords/check-known-links.feature
---------------------------------------------------------
feature: classpath:InspireTest/ngr/datasetrecords/check-known-links.feature
report: target/surefire-reports/InspireTest.ngr.datasetrecords.check-known-links.json
scenarios: 174 | passed: 174 | failed:  0 | time: 533.3708
---------------------------------------------------------
15:23:54.274 [ForkJoinPool-1-worker-7] INFO  com.intuit.karate - [print] title:Vogelrichtlijn verspreiding van soorten
15:23:54.274 [ForkJoinPool-1-worker-7] INFO  com.intuit.karate - [print] Vogelrichtlijn verspreiding van soorten
15:23:54.276 [ForkJoinPool-1-worker-13] INFO  com.intuit.karate - [print] title:Vogelrichtlijn verspreiding van soorten
15:23:54.276 [ForkJoinPool-1-worker-13] INFO  com.intuit.karate - [print] Vogelrichtlijn verspreiding van soorten
15:23:54.282 [ForkJoinPool-1-worker-13] INFO  com.intuit.karate - [print] [
  "geodatabeheer.giscc@rvo.nl",
  "GeoDesk.CGI@wur.nl",
  "geodatabeheer.giscc@rvo.nl",
  "beheerPDOK@kadaster.nl",
  ""
]

15:23:54.283 [ForkJoinPool-1-worker-7] INFO  com.intuit.karate - [print] [
  "geodatabeheer.giscc@rvo.nl",
  "GeoDesk.CGI@wur.nl",
  "geodatabeheer.giscc@rvo.nl",
  "beheerPDOK@kadaster.nl",
  ""
]

15:23:54.305 [ForkJoinPool-1-worker-13] INFO  com.intuit.karate - [print] organisation: [
  "Ministerie van Economische Zaken - GIS Competence Center",
  "Wageningen Environmental Research (Alterra)",
  "PDOK",
  "Sovon Vogelonderzoek Nederland"
]

15:23:54.315 [ForkJoinPool-1-worker-7] INFO  com.intuit.karate - [print] organisation: [
  "Ministerie van Economische Zaken - GIS Competence Center",
  "Wageningen Environmental Research (Alterra)",
  "PDOK",
  "Sovon Vogelonderzoek Nederland"
]

15:23:54.356 [ForkJoinPool-1-worker-7] INFO  com.intuit.karate - [print]
15:23:54.390 [ForkJoinPool-1-worker-3] INFO  com.intuit.karate - [print] title:Grondwateronderzoek onder INSPIRE
15:23:54.390 [ForkJoinPool-1-worker-3] INFO  com.intuit.karate - [print] Grondwateronderzoek onder INSPIRE
15:23:54.394 [ForkJoinPool-1-worker-3] INFO  com.intuit.karate - [print] [
  "info@dinoloket.nl",
  "info@dinoloket.nl",
  "info@dinoloket.nl"
]

15:23:54.398 [ForkJoinPool-1-worker-3] INFO  com.intuit.karate - [print] organisation: [
  "TNO Geologische Dienst Nederland",
  "TNO Geologische Dienst Nederland",
  "TNO Geologische Dienst Nederland"
]

15:23:54.520 [ForkJoinPool-1-worker-11] INFO  com.intuit.karate - [print] title:Habitatrichtlijn verspreiding van habitattypen
15:23:54.523 [ForkJoinPool-1-worker-11] INFO  com.intuit.karate - [print] Habitatrichtlijn verspreiding van habitattypen
15:23:54.525 [ForkJoinPool-1-worker-11] INFO  com.intuit.karate - [print] [
  "geodatabeheer.giscc@rvo.nl",
  "GeoDesk.CGI@wur.nl",
  "geodatabeheer.giscc@rvo.nl",
  "beheerPDOK@kadaster.nl",
  ""
]

15:23:54.522 [ForkJoinPool-1-worker-9] INFO  com.intuit.karate - [print] title:Invasieve Exoten (INSPIRE Geharmoniseerd)
15:23:54.531 [ForkJoinPool-1-worker-9] INFO  com.intuit.karate - [print] Invasieve Exoten (INSPIRE Geharmoniseerd)
15:23:54.534 [ForkJoinPool-1-worker-9] INFO  com.intuit.karate - [print] [
  "geodatabeheer.giscc@rvo.nl",
  "Geodatabeheer.GISCC@rvo.nl"
]

15:23:54.547 [ForkJoinPool-1-worker-5] INFO  com.intuit.karate - [print] title:Grondwater Monitoring Net
15:23:54.582 [ForkJoinPool-1-worker-13] INFO  com.intuit.karate - [print] [
  "https://www.nationaalgeoregister.nl/geonetwork/srv/dut/catalog.search#/metadata/fcefa13c-44e2-4953-b6d6-1ddceebc57fc",
  "http://standaarden.overheid.nl/owms/terms/Ministerie_van_Landbouw,_Natuur_en_Voedselkwaliteit"
]

15:23:54.585 [ForkJoinPool-1-worker-5] INFO  com.intuit.karate - [print] Grondwater Monitoring Net
15:23:54.586 [ForkJoinPool-1-worker-3] INFO  com.intuit.karate - [print] [
  "https://nationaalgeoregister.nl/geonetwork/srv/resources7e290e63-f991-4cc3-beff-1ff08ce2be77",
  "https://www.nationaalgeoregister.nl/geonetwork/srv/eng/thesaurus.download?ref=external.theme.inspire-theme"
]

15:23:54.592 [ForkJoinPool-1-worker-5] INFO  com.intuit.karate - [print] [
  "info@bro.nl",
  "Info@bro.nl",
  "info@dinoloket.nl"
]

15:23:54.595 [ForkJoinPool-1-worker-9] INFO  com.intuit.karate - [print] organisation: Ministerie van Landbouw, Natuur en Voedselkwaliteit
15:23:54.599 [ForkJoinPool-1-worker-11] INFO  com.intuit.karate - [print] organisation: [
  "Ministerie van Economische Zaken - GIS Competence Center",
  "Wageningen Environmental Research (Alterra)",
  "PDOK",
  "Alterra"
]

15:23:54.621 [ForkJoinPool-1-worker-5] INFO  com.intuit.karate - [print] organisation: [
  "TNO Geologische Dienst Nederland",
  "TNO Geologische Dienst Nederland",
  "TNO Geologische Dienst Nederland"
]

15:23:54.629 [ForkJoinPool-1-worker-3] INFO  com.intuit.karate - [print]
15:23:54.630 [ForkJoinPool-1-worker-3] INFO  com.intuit.karate - [print] testing xlinkurl:https://nationaalgeoregister.nl/geonetwork/srv/resources7e290e63-f991-4cc3-beff-1ff08ce2be77
15:23:54.636 [ForkJoinPool-1-worker-13] INFO  com.intuit.karate - [print]
15:23:54.637 [ForkJoinPool-1-worker-13] INFO  com.intuit.karate - [print] testing xlinkurl:https://www.nationaalgeoregister.nl/geonetwork/srv/dut/catalog.search#/metadata/fcefa13c-44e2-4953-b6d6-1ddceebc57fc
15:23:54.644 [ForkJoinPool-1-worker-9] INFO  com.intuit.karate - [print] [
  "http://standaarden.overheid.nl/owms/terms/Ministerie_van_Landbouw,_Natuur_en_Voedselkwaliteit",
  "https://www.nationaalgeoregister.nl/geonetwork/srv/api/records3703b249-a0eb-484e-ba7a-10e31a55bcec",
  "579"
]

15:23:54.645 [ForkJoinPool-1-worker-5] INFO  com.intuit.karate - [print] [
  "https://nationaalgeoregister.nl/geonetwork/srv/resourcesff07bd5a-d6eb-11ea-87d0-0242ac130003",
  "https://www.nationaalgeoregister.nl/geonetwork/srv/eng/thesaurus.download?ref=external.theme.inspire-theme"
]

15:23:54.646 [ForkJoinPool-1-worker-11] INFO  com.intuit.karate - [print] [
  "https://www.nationaalgeoregister.nl/geonetwork/srv/dut/catalog.search#/metadata/977e0e94-7aa9-4784-b2da-eaec44adb61b",
  "http://standaarden.overheid.nl/owms/terms/Ministerie_van_Landbouw,_Natuur_en_Voedselkwaliteit"
]

15:23:54.669 [ForkJoinPool-1-worker-9] INFO  com.intuit.karate - [print]
15:23:54.672 [ForkJoinPool-1-worker-9] INFO  com.intuit.karate - [print] testing xlinkurl:http://standaarden.overheid.nl/owms/terms/Ministerie_van_Landbouw,_Natuur_en_Voedselkwaliteit
15:23:54.669 [ForkJoinPool-1-worker-11] INFO  com.intuit.karate - [print]
15:23:54.674 [ForkJoinPool-1-worker-11] INFO  com.intuit.karate - [print] testing xlinkurl:https://www.nationaalgeoregister.nl/geonetwork/srv/dut/catalog.search#/metadata/977e0e94-7aa9-4784-b2da-eaec44adb61b
15:23:54.672 [ForkJoinPool-1-worker-5] INFO  com.intuit.karate - [print]
15:23:54.674 [ForkJoinPool-1-worker-5] INFO  com.intuit.karate - [print] testing xlinkurl:https://nationaalgeoregister.nl/geonetwork/srv/resourcesff07bd5a-d6eb-11ea-87d0-0242ac130003
15:23:54.918 [ForkJoinPool-1-worker-3] ERROR com.intuit.karate - status code was: 404, expected: 200, response time: 286, url: https://nationaalgeoregister.nl/geonetwork/srv/resources7e290e63-f991-4cc3-beff-1ff08ce2be77, response: 
15:23:54.919 [ForkJoinPool-1-worker-3] ERROR com.intuit.karate - feature call (loop) failed at index: 0
caller: classpath:InspireTest/ngr/datasetrecords/def/checkxlinkurl.template.feature
arg: {"link":"https://nationaalgeoregister.nl/geonetwork/srv/resources7e290e63-f991-4cc3-beff-1ff08ce2be77"}
checkxlinkurl.template.feature:15 - status code was: 404, expected: 200, response time: 286, url: https://nationaalgeoregister.nl/geonetwork/srv/resources7e290e63-f991-4cc3-beff-1ff08ce2be77, response: 
15:23:54.924 [ForkJoinPool-1-worker-3] INFO  com.intuit.karate - [print]
15:23:54.924 [ForkJoinPool-1-worker-3] INFO  com.intuit.karate - [print] testing xlinkurl:https://www.nationaalgeoregister.nl/geonetwork/srv/eng/thesaurus.download?ref=external.theme.inspire-theme
15:23:54.955 [ForkJoinPool-1-worker-7] INFO  com.intuit.karate - [print] title:Grondwateronderzoek onder INSPIRE
15:23:54.955 [ForkJoinPool-1-worker-7] INFO  com.intuit.karate - [print] Grondwateronderzoek onder INSPIRE
15:23:54.957 [ForkJoinPool-1-worker-7] INFO  com.intuit.karate - [print] [
  "info@dinoloket.nl",
  "info@dinoloket.nl",
  "info@dinoloket.nl"
]

15:23:54.959 [ForkJoinPool-1-worker-7] INFO  com.intuit.karate - [print] organisation: [
  "TNO Geologische Dienst Nederland",
  "TNO Geologische Dienst Nederland",
  "TNO Geologische Dienst Nederland"
]

15:23:54.963 [ForkJoinPool-1-worker-7] INFO  com.intuit.karate - [print]
15:23:54.970 [ForkJoinPool-1-worker-5] ERROR com.intuit.karate - status code was: 404, expected: 200, response time: 294, url: https://nationaalgeoregister.nl/geonetwork/srv/resourcesff07bd5a-d6eb-11ea-87d0-0242ac130003, response: 
15:23:54.970 [ForkJoinPool-1-worker-5] ERROR com.intuit.karate - feature call (loop) failed at index: 0
caller: classpath:InspireTest/ngr/datasetrecords/def/checkxlinkurl.template.feature
arg: {"link":"https://nationaalgeoregister.nl/geonetwork/srv/resourcesff07bd5a-d6eb-11ea-87d0-0242ac130003"}
checkxlinkurl.template.feature:15 - status code was: 404, expected: 200, response time: 294, url: https://nationaalgeoregister.nl/geonetwork/srv/resourcesff07bd5a-d6eb-11ea-87d0-0242ac130003, response: 
15:23:54.973 [ForkJoinPool-1-worker-5] INFO  com.intuit.karate - [print]
15:23:54.974 [ForkJoinPool-1-worker-5] INFO  com.intuit.karate - [print] testing xlinkurl:https://www.nationaalgeoregister.nl/geonetwork/srv/eng/thesaurus.download?ref=external.theme.inspire-theme
15:23:55.069 [ForkJoinPool-1-worker-13] INFO  com.intuit.karate - [print]
15:23:55.070 [ForkJoinPool-1-worker-13] INFO  com.intuit.karate - [print] testing xlinkurl:http://standaarden.overheid.nl/owms/terms/Ministerie_van_Landbouw,_Natuur_en_Voedselkwaliteit
15:23:55.084 [ForkJoinPool-1-worker-11] INFO  com.intuit.karate - [print]
15:23:55.084 [ForkJoinPool-1-worker-11] INFO  com.intuit.karate - [print] testing xlinkurl:http://standaarden.overheid.nl/owms/terms/Ministerie_van_Landbouw,_Natuur_en_Voedselkwaliteit
15:23:55.182 [ForkJoinPool-1-worker-9] INFO  com.intuit.karate - [print]
15:23:55.182 [ForkJoinPool-1-worker-9] INFO  com.intuit.karate - [print] testing xlinkurl:https://www.nationaalgeoregister.nl/geonetwork/srv/api/records3703b249-a0eb-484e-ba7a-10e31a55bcec
15:23:55.346 [ForkJoinPool-1-worker-3] ERROR com.intuit.karate - status code was: 500, expected: 200, response time: 419, url: https://www.nationaalgeoregister.nl/geonetwork/srv/eng/thesaurus.download?ref=external.theme.inspire-theme, response: 
15:23:55.346 [ForkJoinPool-1-worker-3] ERROR com.intuit.karate - feature call (loop) failed at index: 1
caller: classpath:InspireTest/ngr/datasetrecords/def/checkxlinkurl.template.feature
arg: {"link":"https://www.nationaalgeoregister.nl/geonetwork/srv/eng/thesaurus.download?ref=external.theme.inspire-theme"}
checkxlinkurl.template.feature:15 - status code was: 500, expected: 200, response time: 419, url: https://www.nationaalgeoregister.nl/geonetwork/srv/eng/thesaurus.download?ref=external.theme.inspire-theme, response: 
15:23:55.359 [ForkJoinPool-1-worker-5] ERROR com.intuit.karate - status code was: 500, expected: 200, response time: 384, url: https://www.nationaalgeoregister.nl/geonetwork/srv/eng/thesaurus.download?ref=external.theme.inspire-theme, response: 
15:23:55.359 [ForkJoinPool-1-worker-5] ERROR com.intuit.karate - feature call (loop) failed at index: 1
caller: classpath:InspireTest/ngr/datasetrecords/def/checkxlinkurl.template.feature
arg: {"link":"https://www.nationaalgeoregister.nl/geonetwork/srv/eng/thesaurus.download?ref=external.theme.inspire-theme"}
checkxlinkurl.template.feature:15 - status code was: 500, expected: 200, response time: 384, url: https://www.nationaalgeoregister.nl/geonetwork/srv/eng/thesaurus.download?ref=external.theme.inspire-theme, response: 
15:23:55.476 [ForkJoinPool-1-worker-7] INFO  com.intuit.karate - [print] title:Invasieve Exoten (INSPIRE Geharmoniseerd)
15:23:55.476 [ForkJoinPool-1-worker-7] INFO  com.intuit.karate - [print] Invasieve Exoten (INSPIRE Geharmoniseerd)
15:23:55.478 [ForkJoinPool-1-worker-7] INFO  com.intuit.karate - [print] [
  "geodatabeheer.giscc@rvo.nl",
  "Geodatabeheer.GISCC@rvo.nl"
]

15:23:55.481 [ForkJoinPool-1-worker-7] INFO  com.intuit.karate - [print] organisation: Ministerie van Landbouw, Natuur en Voedselkwaliteit
15:23:55.483 [ForkJoinPool-1-worker-7] INFO  com.intuit.karate - [print]
15:23:55.622 [ForkJoinPool-1-worker-9] ERROR com.intuit.karate - status code was: 500, expected: 200, response time: 438, url: https://www.nationaalgeoregister.nl/geonetwork/srv/api/records3703b249-a0eb-484e-ba7a-10e31a55bcec, response: 
15:23:55.623 [ForkJoinPool-1-worker-9] ERROR com.intuit.karate - feature call (loop) failed at index: 1
caller: classpath:InspireTest/ngr/datasetrecords/def/checkxlinkurl.template.feature
arg: {"link":"https://www.nationaalgeoregister.nl/geonetwork/srv/api/records3703b249-a0eb-484e-ba7a-10e31a55bcec"}
checkxlinkurl.template.feature:15 - status code was: 500, expected: 200, response time: 438, url: https://www.nationaalgeoregister.nl/geonetwork/srv/api/records3703b249-a0eb-484e-ba7a-10e31a55bcec, response: 
15:23:55.624 [ForkJoinPool-1-worker-9] INFO  com.intuit.karate - [print]
15:23:55.624 [ForkJoinPool-1-worker-9] INFO  com.intuit.karate - [print] testing xlinkurl:579
15:23:55.626 [ForkJoinPool-1-worker-9] ERROR com.intuit.karate - org.apache.http.client.ClientProtocolException, http call failed after 0 milliseconds for URL: 579
15:23:55.627 [ForkJoinPool-1-worker-9] ERROR com.intuit.karate - http request failed: 
org.apache.http.client.ClientProtocolException
15:23:55.627 [ForkJoinPool-1-worker-9] ERROR com.intuit.karate - feature call (loop) failed at index: 2
caller: classpath:InspireTest/ngr/datasetrecords/def/checkxlinkurl.template.feature
arg: {"link":"579"}
checkxlinkurl.template.feature:14 - 
org.apache.http.client.ClientProtocolException
15:23:55.751 [pool-1-thread-2] INFO  com.intuit.karate.Runner - <<fail>> feature 2 of 9: classpath:InspireTest/ngr/datasetrecords/ngr-check-dataset-record.feature
---------------------------------------------------------
feature: classpath:InspireTest/ngr/datasetrecords/ngr-check-dataset-record.feature
report: target/surefire-reports/InspireTest.ngr.datasetrecords.ngr-check-dataset-record.json
scenarios:  5 | passed:  2 | failed:  3 | time: 9.0281
---------------------------------------------------------
15:23:55.909 [ForkJoinPool-1-worker-3] INFO  com.intuit.karate - [print] title:Habitatrichtlijn verspreiding van habitattypen
15:23:55.909 [ForkJoinPool-1-worker-3] INFO  com.intuit.karate - [print] Habitatrichtlijn verspreiding van habitattypen
15:23:55.911 [ForkJoinPool-1-worker-3] INFO  com.intuit.karate - [print] [
  "geodatabeheer.giscc@rvo.nl",
  "GeoDesk.CGI@wur.nl",
  "geodatabeheer.giscc@rvo.nl",
  "beheerPDOK@kadaster.nl",
  ""
]

15:23:55.915 [ForkJoinPool-1-worker-3] INFO  com.intuit.karate - [print] organisation: [
  "Ministerie van Economische Zaken - GIS Competence Center",
  "Wageningen Environmental Research (Alterra)",
  "PDOK",
  "Alterra"
]

15:23:55.917 [ForkJoinPool-1-worker-3] INFO  com.intuit.karate - [print]
15:23:55.969 [ForkJoinPool-1-worker-5] INFO  com.intuit.karate - [print] title:Grondwater Monitoring Net
15:23:55.972 [ForkJoinPool-1-worker-5] INFO  com.intuit.karate - [print] Grondwater Monitoring Net
15:23:55.974 [ForkJoinPool-1-worker-5] INFO  com.intuit.karate - [print] [
  "info@bro.nl",
  "Info@bro.nl",
  "info@dinoloket.nl"
]

15:23:55.977 [ForkJoinPool-1-worker-5] INFO  com.intuit.karate - [print] organisation: [
  "TNO Geologische Dienst Nederland",
  "TNO Geologische Dienst Nederland",
  "TNO Geologische Dienst Nederland"
]

15:23:55.981 [ForkJoinPool-1-worker-5] INFO  com.intuit.karate - [print]
15:23:56.059 [ForkJoinPool-1-worker-7] INFO  com.intuit.karate - [print] title:Nationale Parken (INSPIRE Geharmoniseerd)
15:23:56.059 [ForkJoinPool-1-worker-7] INFO  com.intuit.karate - [print] Nationale Parken (INSPIRE Geharmoniseerd)
15:23:56.061 [ForkJoinPool-1-worker-7] INFO  com.intuit.karate - [print] [
  "geodatabeheer.giscc@rvo.nl",
  "geodatabeheer.giscc@rvo.nl",
  "info@minlnv.nl",
  "",
  "",
  ""
]

15:23:56.069 [ForkJoinPool-1-worker-7] INFO  com.intuit.karate - [print] organisation: no organisationName found in dataset record
15:23:56.071 [ForkJoinPool-1-worker-7] INFO  com.intuit.karate - [print]
15:23:56.166 [ForkJoinPool-1-worker-9] INFO  com.intuit.karate - [print] title:Bodemgebruik
15:23:56.166 [ForkJoinPool-1-worker-9] INFO  com.intuit.karate - [print] Bodemgebruik
15:23:56.169 [ForkJoinPool-1-worker-9] INFO  com.intuit.karate - [print] [
  "PPB-GVA@kadaster.nl",
  "kcc@kadaster.nl",
  "kcc@kadaster.nl"
]

15:23:56.173 [ForkJoinPool-1-worker-9] INFO  com.intuit.karate - [print] organisation: [
  "Kadaster",
  "Kadaster",
  "Kadaster"
]

15:23:56.177 [ForkJoinPool-1-worker-9] INFO  com.intuit.karate - [print]
15:23:56.284 [ForkJoinPool-1-worker-11] INFO  com.intuit.karate - [print] title:Vervoersnetwerken - Spoorwegen (INSPIRE geharmoniseerd)
15:23:56.286 [ForkJoinPool-1-worker-11] INFO  com.intuit.karate - [print] Vervoersnetwerken - Spoorwegen (INSPIRE geharmoniseerd)
15:23:56.290 [ForkJoinPool-1-worker-11] INFO  com.intuit.karate - [print] [
  "PPB-GVA@kadaster.nl",
  "kcc@kadaster.nl"
]

15:23:56.295 [ForkJoinPool-1-worker-11] INFO  com.intuit.karate - [print] organisation: [
  "Kadaster",
  "Kadaster"
]

15:23:56.311 [ForkJoinPool-1-worker-11] INFO  com.intuit.karate - [print]
15:23:56.313 [ForkJoinPool-1-worker-13] INFO  com.intuit.karate - [print] title:Zeegebieden
15:23:56.320 [ForkJoinPool-1-worker-13] INFO  com.intuit.karate - [print] Zeegebieden
15:23:56.321 [ForkJoinPool-1-worker-13] INFO  com.intuit.karate - [print] [
  "PPB-GVA@kadaster.nl",
  "kcc@kadaster.nl",
  "kcc@kadaster.nl"
]

15:23:56.325 [ForkJoinPool-1-worker-13] INFO  com.intuit.karate - [print] organisation: [
  "Kadaster",
  "Kadaster",
  "Kadaster"
]

15:23:56.328 [ForkJoinPool-1-worker-13] INFO  com.intuit.karate - [print]
15:23:56.525 [ForkJoinPool-1-worker-5] INFO  com.intuit.karate - [print] title:Geografische Namen
15:23:56.526 [ForkJoinPool-1-worker-5] INFO  com.intuit.karate - [print] Geografische Namen
15:23:56.528 [ForkJoinPool-1-worker-5] INFO  com.intuit.karate - [print] [
  "PPB-GVA@kadaster.nl",
  "kcc@kadaster.nl",
  "kcc@kadaster.nl"
]

15:23:56.531 [ForkJoinPool-1-worker-5] INFO  com.intuit.karate - [print] organisation: [
  "Kadaster",
  "Kadaster",
  "Kadaster"
]

15:23:56.534 [ForkJoinPool-1-worker-5] INFO  com.intuit.karate - [print]
15:23:56.547 [ForkJoinPool-1-worker-3] INFO  com.intuit.karate - [print] title:Monitoring stations (Nitraatrichtlijn) ondiepe filters
15:23:56.548 [ForkJoinPool-1-worker-3] INFO  com.intuit.karate - [print] Monitoring stations (Nitraatrichtlijn) ondiepe filters
15:23:56.550 [ForkJoinPool-1-worker-3] INFO  com.intuit.karate - [print] [
  "geodata@rivm.nl",
  "",
  "geodata@rivm.nl"
]

15:23:56.553 [ForkJoinPool-1-worker-3] INFO  com.intuit.karate - [print] organisation: no organisationName found in dataset record
15:23:56.555 [ForkJoinPool-1-worker-3] INFO  com.intuit.karate - [print]
15:23:56.612 [ForkJoinPool-1-worker-7] INFO  com.intuit.karate - [print] title:Kaart van de bodemopbouw in Nederland 1:50.000 onder INSPIRE
15:23:56.612 [ForkJoinPool-1-worker-7] INFO  com.intuit.karate - [print] Kaart van de bodemopbouw in Nederland 1:50.000 onder INSPIRE
15:23:56.613 [ForkJoinPool-1-worker-7] INFO  com.intuit.karate - [print] [
  "info@dinoloket.nl",
  "geodesk.cgi@wur.nl",
  "info@dinoloket.nl"
]

15:23:56.617 [ForkJoinPool-1-worker-7] INFO  com.intuit.karate - [print] organisation: [
  "TNO Geologische Dienst Nederland",
  "Alterra, Wageningen UR",
  "TNO Geologische Dienst Nederland"
]

15:23:56.622 [ForkJoinPool-1-worker-7] INFO  com.intuit.karate - [print]
15:23:56.707 [ForkJoinPool-1-worker-9] INFO  com.intuit.karate - [print] title:-Gegevens boormonsterprofiel onder PDOK
15:23:56.708 [ForkJoinPool-1-worker-9] INFO  com.intuit.karate - [print] -Gegevens boormonsterprofiel onder PDOK
15:23:56.709 [ForkJoinPool-1-worker-9] INFO  com.intuit.karate - [print] [
  "info@dinoloket",
  "info@dinoloket.nl"
]

15:23:56.711 [ForkJoinPool-1-worker-9] INFO  com.intuit.karate - [print] organisation: [
  "TNO Geologische Dienst Nederland",
  "TNO Geologische Dienst Nederland"
]

15:23:56.713 [ForkJoinPool-1-worker-9] INFO  com.intuit.karate - [print]
15:23:56.884 [ForkJoinPool-1-worker-13] INFO  com.intuit.karate - [print] title:Emissies naar het riool in 2011 vanuit de industrie
15:23:56.887 [ForkJoinPool-1-worker-13] INFO  com.intuit.karate - [print] Emissies naar het riool in 2011 vanuit de industrie
15:23:56.888 [ForkJoinPool-1-worker-13] INFO  com.intuit.karate - [print] [
  "emissieregistratie@rivm.nl",
  "",
  "emissieregistratie@rivm.nl"
]

15:23:56.890 [ForkJoinPool-1-worker-13] INFO  com.intuit.karate - [print] organisation: no organisationName found in dataset record
15:23:56.891 [ForkJoinPool-1-worker-13] INFO  com.intuit.karate - [print]
15:23:56.887 [ForkJoinPool-1-worker-11] INFO  com.intuit.karate - [print] title:Habitatrichtlijn verspreiding van soorten
15:23:56.892 [ForkJoinPool-1-worker-11] INFO  com.intuit.karate - [print] Habitatrichtlijn verspreiding van soorten
15:23:56.893 [ForkJoinPool-1-worker-11] INFO  com.intuit.karate - [print] [
  "geodatabeheer.giscc@rvo.nl",
  "GeoDesk.CGI@wur.nl",
  "geodatabeheer.giscc@rvo.nl",
  "beheerPDOK@kadaster.nl",
  "",
  "",
  ""
]

15:23:56.896 [ForkJoinPool-1-worker-11] INFO  com.intuit.karate - [print] organisation: [
  "Wageningen Environmental Research (Alterra)",
  "PDOK",
  "CBS",
  "Natuurloket",
  "PGO's"
]

15:23:56.898 [ForkJoinPool-1-worker-11] INFO  com.intuit.karate - [print]
15:23:57.102 [ForkJoinPool-1-worker-5] INFO  com.intuit.karate - [print] title:TOP10NL
15:23:57.102 [ForkJoinPool-1-worker-5] INFO  com.intuit.karate - [print] TOP10NL
15:23:57.103 [ForkJoinPool-1-worker-5] INFO  com.intuit.karate - [print] [
  "PPB-GVA@kadaster.nl",
  "kcc@kadaster.nl",
  "kcc@kadaster.nl",
  "",
  "",
  "",
  "",
  "",
  ""
]

15:23:57.105 [ForkJoinPool-1-worker-5] INFO  com.intuit.karate - [print] organisation: [
  "Kadaster",
  "Kadaster",
  "Kadaster",
  "Kadaster",
  "Kadaster",
  "Kadaster",
  "Kadaster",
  "Kadaster",
  "Kadaster"
]

15:23:57.107 [ForkJoinPool-1-worker-5] INFO  com.intuit.karate - [print]
15:23:57.168 [ForkJoinPool-1-worker-3] INFO  com.intuit.karate - [print] title:Zeegebieden (INSPIRE geharmoniseerd)
15:23:57.169 [ForkJoinPool-1-worker-3] INFO  com.intuit.karate - [print] Zeegebieden (INSPIRE geharmoniseerd)
15:23:57.171 [ForkJoinPool-1-worker-3] INFO  com.intuit.karate - [print] [
  "PPB-GVA@kadaster.nl",
  "kcc@kadaster.nl"
]

15:23:57.173 [ForkJoinPool-1-worker-3] INFO  com.intuit.karate - [print] organisation: [
  "Kadaster",
  "Kadaster"
]

15:23:57.175 [ForkJoinPool-1-worker-3] INFO  com.intuit.karate - [print]
15:23:57.246 [ForkJoinPool-1-worker-7] INFO  com.intuit.karate - [print] title:Statistical Units Grid
15:23:57.247 [ForkJoinPool-1-worker-7] INFO  com.intuit.karate - [print] Statistical Units Grid
15:23:57.248 [ForkJoinPool-1-worker-7] INFO  com.intuit.karate - [print] [
  "infoservice@cbs.nl",
  "infoservice@cbs.nl",
  "infoservice@cbs.nl",
  "",
  ""
]

15:23:57.251 [ForkJoinPool-1-worker-7] INFO  com.intuit.karate - [print] organisation: [
  "Statistics Netherlands",
  "Statistics Netherlands",
  "Statistics Netherlandds",
  "Statistics Netherlands"
]

15:23:57.257 [ForkJoinPool-1-worker-9] INFO  com.intuit.karate - [print] title:Zones en agglomeraties (Richtlijn Luchtkwaliteit) 2013
15:23:57.260 [ForkJoinPool-1-worker-9] INFO  com.intuit.karate - [print] Zones en agglomeraties (Richtlijn Luchtkwaliteit) 2013
15:23:57.261 [ForkJoinPool-1-worker-9] INFO  com.intuit.karate - [print] [
  "geodata@rivm.nl",
  "",
  "geodata@rivm.nl"
]

15:23:57.262 [ForkJoinPool-1-worker-9] INFO  com.intuit.karate - [print] organisation: no organisationName found in dataset record
15:23:57.264 [ForkJoinPool-1-worker-7] INFO  com.intuit.karate - [print]
15:23:57.264 [ForkJoinPool-1-worker-9] INFO  com.intuit.karate - [print]
15:23:57.463 [ForkJoinPool-1-worker-13] INFO  com.intuit.karate - [print] title:Geluidkaart Schiphol 2016 (Lden)
15:23:57.464 [ForkJoinPool-1-worker-13] INFO  com.intuit.karate - [print] Geluidkaart Schiphol 2016 (Lden)
15:23:57.465 [ForkJoinPool-1-worker-13] INFO  com.intuit.karate - [print] [
  "sylvia.koolmees@minienw.nl",
  "sylvia.koolmees@minienw.nl"
]

15:23:57.466 [ForkJoinPool-1-worker-13] INFO  com.intuit.karate - [print] organisation: [
  "Ministerie van IenW",
  "Ministerie van IenW"
]

15:23:57.468 [ForkJoinPool-1-worker-13] INFO  com.intuit.karate - [print]
15:23:57.541 [ForkJoinPool-1-worker-11] INFO  com.intuit.karate - [print] title:Vervoersnetwerken - Waterwegen (INSPIRE geharmoniseerd)
15:23:57.541 [ForkJoinPool-1-worker-11] INFO  com.intuit.karate - [print] Vervoersnetwerken - Waterwegen (INSPIRE geharmoniseerd)
15:23:57.543 [ForkJoinPool-1-worker-11] INFO  com.intuit.karate - [print] [
  "PPB-GVA@kadaster.nl",
  "kcc@kadaster.nl"
]

15:23:57.546 [ForkJoinPool-1-worker-11] INFO  com.intuit.karate - [print] organisation: [
  "Kadaster",
  "Kadaster"
]

15:23:57.548 [ForkJoinPool-1-worker-11] INFO  com.intuit.karate - [print]
15:23:57.674 [ForkJoinPool-1-worker-5] INFO  com.intuit.karate - [print] title:Emissies naar het riool in 2015 vanuit de industrie
15:23:57.675 [ForkJoinPool-1-worker-5] INFO  com.intuit.karate - [print] Emissies naar het riool in 2015 vanuit de industrie
15:23:57.676 [ForkJoinPool-1-worker-5] INFO  com.intuit.karate - [print] [
  "emissieregistratie@rivm.nl",
  "",
  "emissieregistratie@rivm.nl"
]

15:23:57.678 [ForkJoinPool-1-worker-5] INFO  com.intuit.karate - [print] organisation: no organisationName found in dataset record
15:23:57.681 [ForkJoinPool-1-worker-5] INFO  com.intuit.karate - [print]
15:23:57.799 [ForkJoinPool-1-worker-7] INFO  com.intuit.karate - [print] title:Geluidbelasting rijkswegen in Nederland 2011 (24-uurs gemiddelde)
15:23:57.800 [ForkJoinPool-1-worker-7] INFO  com.intuit.karate - [print] Geluidbelasting rijkswegen in Nederland 2011 (24-uurs gemiddelde)
15:23:57.801 [ForkJoinPool-1-worker-7] INFO  com.intuit.karate - [print] [
  "servicedesk-data@rijkswaterstaat.nl",
  "servicedesk-data@rijkswaterstaat.nl",
  "",
  "servicedesk-data@rijkswaterstaat.nl",
  "servicedesk-data@rijkswaterstaat.nl"
]

15:23:57.803 [ForkJoinPool-1-worker-7] INFO  com.intuit.karate - [print] organisation: [
  "Rijkswaterstaat",
  "Rijkswaterstaat",
  "",
  "Rijkswaterstaat",
  "Rijkswaterstaat"
]

15:23:57.805 [ForkJoinPool-1-worker-7] INFO  com.intuit.karate - [print]
15:23:57.819 [ForkJoinPool-1-worker-3] INFO  com.intuit.karate - [print] title:Actueel Hoogtebestand Nederland 1 (AHN1)
15:23:57.819 [ForkJoinPool-1-worker-3] INFO  com.intuit.karate - [print] Actueel Hoogtebestand Nederland 1 (AHN1)
15:23:57.821 [ForkJoinPool-1-worker-3] INFO  com.intuit.karate - [print] [
  "servicedesk-data@rijkswaterstaat.nl",
  "servicedesk-data@rijkswaterstaat.nl",
  "",
  "servicedesk-data@rijkswaterstaat.nl",
  "servicedesk-data@rijkswaterstaat.nl"
]

15:23:57.826 [ForkJoinPool-1-worker-3] INFO  com.intuit.karate - [print] organisation: [
  "Rijkswaterstaat",
  "stuurgroep AHN",
  "",
  "Rijkswaterstaat",
  "Rijkswaterstaat"
]

15:23:57.828 [ForkJoinPool-1-worker-3] INFO  com.intuit.karate - [print]
15:23:57.895 [ForkJoinPool-1-worker-9] INFO  com.intuit.karate - [print] title:Kaderrichtlijn Mariene Strategie - Bevroren monitoringsdata
15:23:57.896 [ForkJoinPool-1-worker-9] INFO  com.intuit.karate - [print] Kaderrichtlijn Mariene Strategie - Bevroren monitoringsdata
15:23:57.901 [ForkJoinPool-1-worker-9] INFO  com.intuit.karate - [print] [
  "servicedesk-data@rijkswaterstaat.nl",
  "servicedesk-data@rijkswaterstaat.nl",
  "",
  "servicedesk-data@rijkswaterstaat.nl",
  "servicedesk-data@rijkswaterstaat.nl"
]

15:23:57.904 [ForkJoinPool-1-worker-9] INFO  com.intuit.karate - [print] organisation: [
  "Rijkswaterstaat",
  "Rijkswaterstaat",
  "",
  "Rijkswaterstaat",
  "Rijkswaterstaat"
]

15:23:57.907 [ForkJoinPool-1-worker-9] INFO  com.intuit.karate - [print]
15:23:58.036 [ForkJoinPool-1-worker-13] INFO  com.intuit.karate - [print] title:Vervoersnetwerken - Wegen (INSPIRE geharmoniseerd) - RWS
15:23:58.037 [ForkJoinPool-1-worker-13] INFO  com.intuit.karate - [print] Vervoersnetwerken - Wegen (INSPIRE geharmoniseerd) - RWS
15:23:58.038 [ForkJoinPool-1-worker-13] INFO  com.intuit.karate - [print] [
  "servicedesk-data@rijkswaterstaat.nl",
  "beheerPDOK@kadaster.nl",
  "",
  "beheerPDOK@kadaster.nl",
  "servicedesk-data@rijkswaterstaat.nl"
]

15:23:58.039 [ForkJoinPool-1-worker-13] INFO  com.intuit.karate - [print] organisation: [
  "Rijkswaterstaat",
  "Rijkswaterstaat",
  "",
  "Beheer PDOK",
  "Rijkswaterstaat"
]

15:23:58.041 [ForkJoinPool-1-worker-13] INFO  com.intuit.karate - [print]
15:23:58.173 [ForkJoinPool-1-worker-11] INFO  com.intuit.karate - [print] title:Vaarwegmarkeringen Nederland
15:23:58.174 [ForkJoinPool-1-worker-11] INFO  com.intuit.karate - [print] Vaarwegmarkeringen Nederland
15:23:58.175 [ForkJoinPool-1-worker-11] INFO  com.intuit.karate - [print] [
  "servicedesk-data@rijkswaterstaat.nl",
  "servicedesk-data@rijkswaterstaat.nl",
  "",
  "servicedesk-data@rijkswaterstaat.nl",
  "servicedesk-data@rijkswaterstaat.nl"
]

15:23:58.179 [ForkJoinPool-1-worker-11] INFO  com.intuit.karate - [print] organisation: [
  "Rijkswaterstaat",
  "Rijkswaterstaat",
  "",
  "Rijkswaterstaat",
  "Rijkswaterstaat"
]

15:23:58.182 [ForkJoinPool-1-worker-11] INFO  com.intuit.karate - [print]
15:23:58.242 [ForkJoinPool-1-worker-5] INFO  com.intuit.karate - [print] title:Vogelrichtlijn verspreidingsgebied van soorten
15:23:58.243 [ForkJoinPool-1-worker-5] INFO  com.intuit.karate - [print] Vogelrichtlijn verspreidingsgebied van soorten
15:23:58.245 [ForkJoinPool-1-worker-5] INFO  com.intuit.karate - [print] [
  "geodatabeheer.giscc@rvo.nl",
  "GeoDesk.CGI@wur.nl",
  "geodatabeheer.giscc@rvo.nl",
  "beheerPDOK@kadaster.nl",
  ""
]

15:23:58.247 [ForkJoinPool-1-worker-5] INFO  com.intuit.karate - [print] organisation: [
  "Ministerie van Economische Zaken - GIS Competence Center",
  "Wageningen Environmental Research (Alterra)",
  "PDOK",
  "Sovon Vogelonderzoek Nederland"
]

15:23:58.249 [ForkJoinPool-1-worker-5] INFO  com.intuit.karate - [print]
15:23:58.265 [ForkJoinPool-1-worker-3] INFO  com.intuit.karate - [print] title:Bronbestanden waterkwaliteit
15:23:58.265 [ForkJoinPool-1-worker-3] INFO  com.intuit.karate - [print] Bronbestanden waterkwaliteit
15:23:58.266 [ForkJoinPool-1-worker-3] INFO  com.intuit.karate - [print] [
  "servicedesk@ihw.nl",
  "servicedesk@ihw.nl"
]

15:23:58.267 [ForkJoinPool-1-worker-3] INFO  com.intuit.karate - [print] organisation: [
  "Informatiehuis Water",
  "Informatiehuis Water"
]

15:23:58.422 [ForkJoinPool-1-worker-7] INFO  com.intuit.karate - [print] title:Bodemkundig boormonsterprofiel onder INSPIRE
15:23:58.423 [ForkJoinPool-1-worker-7] INFO  com.intuit.karate - [print] Bodemkundig boormonsterprofiel onder INSPIRE
15:23:58.424 [ForkJoinPool-1-worker-7] INFO  com.intuit.karate - [print] [
  "info@dinoloket.nl",
  "geodesk.cgi@wur.nl",
  "info@dinoloket.nl"
]

15:23:58.425 [ForkJoinPool-1-worker-7] INFO  com.intuit.karate - [print] organisation: [
  "TNO Geologische Dienst Nederland",
  "Alterra, Wageningen UR",
  "TNO Geologische Dienst Nederland"
]

15:23:58.427 [ForkJoinPool-1-worker-7] INFO  com.intuit.karate - [print]
15:23:58.478 [ForkJoinPool-1-worker-9] INFO  com.intuit.karate - [print] title:Geluidkaart hoofdspoornet 2011 (Lnight)
15:23:58.478 [ForkJoinPool-1-worker-9] INFO  com.intuit.karate - [print] Geluidkaart hoofdspoornet 2011 (Lnight)
15:23:58.479 [ForkJoinPool-1-worker-9] INFO  com.intuit.karate - [print] [
  "sylvia.koolmees@minienw.nl",
  "sylvia.koolmees@minienw.nl"
]

15:23:58.481 [ForkJoinPool-1-worker-9] INFO  com.intuit.karate - [print] organisation: [
  "Ministerie van IenW",
  "Ministerie van IenW"
]

15:23:58.484 [ForkJoinPool-1-worker-9] INFO  com.intuit.karate - [print]
15:23:58.737 [ForkJoinPool-1-worker-13] INFO  com.intuit.karate - [print] title:Blokindeling Nederlands Continentaal Plat
15:23:58.738 [ForkJoinPool-1-worker-13] INFO  com.intuit.karate - [print] Blokindeling Nederlands Continentaal Plat
15:23:58.739 [ForkJoinPool-1-worker-13] INFO  com.intuit.karate - [print] [
  "data@hydro.nl",
  "data@hydro.nl",
  "data@hydro.nl"
]

15:23:58.741 [ForkJoinPool-1-worker-13] INFO  com.intuit.karate - [print] organisation: [
  "Ministerie van Defensie, Koninklijke Marine, Dienst der Hydrografie",
  "Ministerie van Defensie, Koninklijke Marine, Dienst der Hydrografie",
  "Ministerie van Defensie, Koninklijke Marine, Dienst der Hydrografie"
]

15:23:58.743 [ForkJoinPool-1-worker-13] INFO  com.intuit.karate - [print]
15:23:59.008 [ForkJoinPool-1-worker-11] INFO  com.intuit.karate - [print] title:Hydrografie - Netwerk (INSPIRE geharmoniseerd) - WT
15:23:59.009 [ForkJoinPool-1-worker-11] INFO  com.intuit.karate - [print] Hydrografie - Netwerk (INSPIRE geharmoniseerd) - WT
15:23:59.010 [ForkJoinPool-1-worker-11] INFO  com.intuit.karate - [print] [
  "servicedesk-data@rijkswaterstaat.nl",
  "servicedesk-data@rijkswaterstaat.nl",
  "",
  "servicedesk-data@rijkswaterstaat.nl",
  "info@wetransform.to"
]

15:23:59.012 [ForkJoinPool-1-worker-11] INFO  com.intuit.karate - [print] organisation: [
  "Rijkswaterstaat",
  "Rijkswaterstaat",
  "",
  "Rijkswaterstaat",
  "Wetransform"
]

15:23:59.013 [ForkJoinPool-1-worker-11] INFO  com.intuit.karate - [print]
15:23:59.049 [ForkJoinPool-1-worker-3] INFO  com.intuit.karate - [print] title:Administratieve Eenheden
15:23:59.050 [ForkJoinPool-1-worker-3] INFO  com.intuit.karate - [print] Administratieve Eenheden
15:23:59.051 [ForkJoinPool-1-worker-3] INFO  com.intuit.karate - [print] [
  "PPB-GVA@kadaster.nl",
  "kcc@kadaster.nl",
  "kcc@kadaster.nl"
]

15:23:59.057 [ForkJoinPool-1-worker-3] INFO  com.intuit.karate - [print] organisation: [
  "Kadaster",
  "Kadaster en Openbare Registers",
  "Kadaster en de Openbare Registers"
]

15:23:59.059 [ForkJoinPool-1-worker-3] INFO  com.intuit.karate - [print]
15:23:59.084 [ForkJoinPool-1-worker-5] INFO  com.intuit.karate - [print] title:Mossel- en oesterhabitats
15:23:59.085 [ForkJoinPool-1-worker-5] INFO  com.intuit.karate - [print] Mossel- en oesterhabitats
15:23:59.086 [ForkJoinPool-1-worker-5] INFO  com.intuit.karate - [print] [
  "geodatabeheer.giscc@rvo.nl",
  "geodatabeheer.giscc@rvo.nl",
  "info@wur.nl",
  "BeheerPDOK@kadaster.nl"
]

15:23:59.088 [ForkJoinPool-1-worker-5] INFO  com.intuit.karate - [print] organisation: [
  "Ministerie van Economische Zaken - GIS Competence Center",
  "Wageningen Marine Research",
  "PDOK"
]

15:23:59.090 [ForkJoinPool-1-worker-5] INFO  com.intuit.karate - [print]
15:23:59.249 [ForkJoinPool-1-worker-9] INFO  com.intuit.karate - [print] title:Grondwatersamenstellinggegevens KRW meetronde 2012 onder INSPIRE
15:23:59.249 [ForkJoinPool-1-worker-9] INFO  com.intuit.karate - [print] Grondwatersamenstellinggegevens KRW meetronde 2012 onder INSPIRE
15:23:59.250 [ForkJoinPool-1-worker-9] INFO  com.intuit.karate - [print] [
  "info@dinoloket.nl",
  "info@dinoloket.nl",
  "info@dinoloket.nl"
]

15:23:59.251 [ForkJoinPool-1-worker-9] INFO  com.intuit.karate - [print] organisation: [
  "TNO Geologische Dienst Nederland",
  "TNO Geologische Dienst Nederland",
  "TNO Geologische Dienst Nederland"
]

15:23:59.253 [ForkJoinPool-1-worker-9] INFO  com.intuit.karate - [print]
15:23:59.277 [ForkJoinPool-1-worker-7] INFO  com.intuit.karate - [print] title:Amplitude van het getij op de Noordzee
15:23:59.278 [ForkJoinPool-1-worker-7] INFO  com.intuit.karate - [print] Amplitude van het getij op de Noordzee
15:23:59.280 [ForkJoinPool-1-worker-7] INFO  com.intuit.karate - [print] [
  "data@hydro.nl",
  "data@hydro.nl",
  "data@hydro.nl",
  ""
]

15:23:59.283 [ForkJoinPool-1-worker-7] INFO  com.intuit.karate - [print] organisation: [
  "Ministerie van Defensie, Koninklijke Marine, Dienst der Hydrografie",
  "Ministerie van Defensie, Koninklijke Marine, Dienst der Hydrografie",
  "Ministerie van Defensie, Koninklijke Marine, Dienst der Hydrografie"
]

15:23:59.286 [ForkJoinPool-1-worker-7] INFO  com.intuit.karate - [print]
15:23:59.497 [ForkJoinPool-1-worker-13] INFO  com.intuit.karate - [print] title:Afgevoerde hoeveelheid afval in 2015 vanuit de industrie
15:23:59.498 [ForkJoinPool-1-worker-13] INFO  com.intuit.karate - [print] Afgevoerde hoeveelheid afval in 2015 vanuit de industrie
15:23:59.499 [ForkJoinPool-1-worker-13] INFO  com.intuit.karate - [print] [
  "emissieregistratie@rivm.nl",
  "",
  "emissieregistratie@rivm.nl"
]

15:23:59.500 [ForkJoinPool-1-worker-13] INFO  com.intuit.karate - [print] organisation: no organisationName found in dataset record
15:23:59.501 [ForkJoinPool-1-worker-13] INFO  com.intuit.karate - [print]
15:23:59.593 [ForkJoinPool-1-worker-11] INFO  com.intuit.karate - [print] title:Adressen (INSPIRE geharmoniseerd)
15:23:59.594 [ForkJoinPool-1-worker-11] INFO  com.intuit.karate - [print] Adressen (INSPIRE geharmoniseerd)
15:23:59.594 [ForkJoinPool-1-worker-11] INFO  com.intuit.karate - [print] [
  "PPB-GVA@kadaster.nl",
  "kcc@kadaster.nl"
]

15:23:59.596 [ForkJoinPool-1-worker-11] INFO  com.intuit.karate - [print] organisation: [
  "Kadaster",
  "Kadaster"
]

15:23:59.597 [ForkJoinPool-1-worker-11] INFO  com.intuit.karate - [print]
15:23:59.720 [ForkJoinPool-1-worker-3] INFO  com.intuit.karate - [print] title:Vervoersnetwerken - Gemeenschappelijke elementen (INSPIRE geharmoniseerd)
15:23:59.721 [ForkJoinPool-1-worker-3] INFO  com.intuit.karate - [print] Vervoersnetwerken - Gemeenschappelijke elementen (INSPIRE geharmoniseerd)
15:23:59.722 [ForkJoinPool-1-worker-3] INFO  com.intuit.karate - [print] [
  "PPB-GVA@kadaster.nl",
  "kcc@kadaster.nl"
]

15:23:59.724 [ForkJoinPool-1-worker-3] INFO  com.intuit.karate - [print] organisation: [
  "Kadaster",
  "Kadaster"
]

15:23:59.726 [ForkJoinPool-1-worker-3] INFO  com.intuit.karate - [print]
15:23:59.924 [ForkJoinPool-1-worker-5] INFO  com.intuit.karate - [print] title:Geluidkaart Schiphol 2016 (Lnight)
15:23:59.928 [ForkJoinPool-1-worker-5] INFO  com.intuit.karate - [print] Geluidkaart Schiphol 2016 (Lnight)
15:23:59.929 [ForkJoinPool-1-worker-5] INFO  com.intuit.karate - [print] [
  "sylvia.koolmees@minienw.nl",
  "sylvia.koolmees@minienw.nl"
]

15:23:59.931 [ForkJoinPool-1-worker-5] INFO  com.intuit.karate - [print] organisation: [
  "Ministerie van IenW",
  "Ministerie van IenW"
]

15:23:59.936 [ForkJoinPool-1-worker-5] INFO  com.intuit.karate - [print]
15:23:59.964 [ForkJoinPool-1-worker-7] INFO  com.intuit.karate - [print] title:Ligging industrie en CO2 emissies
15:23:59.964 [ForkJoinPool-1-worker-7] INFO  com.intuit.karate - [print] Ligging industrie en CO2 emissies
15:23:59.966 [ForkJoinPool-1-worker-7] INFO  com.intuit.karate - [print] [
  "geodatabeheer.giscc@rvo.nl",
  "geodatabeheer.giscc@rvo.nl"
]

15:23:59.967 [ForkJoinPool-1-worker-7] INFO  com.intuit.karate - [print] organisation: Ministerie van Economische Zaken - GIS Competence Center
15:23:59.969 [ForkJoinPool-1-worker-7] INFO  com.intuit.karate - [print]
15:24:00.093 [ForkJoinPool-1-worker-9] INFO  com.intuit.karate - [print] title:Waterstanden en afvoeren verwacht - Rijkswaterstaat
15:24:00.094 [ForkJoinPool-1-worker-9] INFO  com.intuit.karate - [print] Waterstanden en afvoeren verwacht - Rijkswaterstaat
15:24:00.095 [ForkJoinPool-1-worker-9] INFO  com.intuit.karate - [print] [
  "servicedesk-data@rijkswaterstaat.nl",
  "servicedesk-data@rijkswaterstaat.nl",
  "",
  "servicedesk-data@rijkswaterstaat.nl",
  "servicedesk-data@rijkswaterstaat.nl"
]

15:24:00.098 [ForkJoinPool-1-worker-9] INFO  com.intuit.karate - [print] organisation: [
  "Rijkswaterstaat",
  "Rijkswaterstaat",
  "",
  "Rijkswaterstaat",
  "Rijkswaterstaat"
]

15:24:00.100 [ForkJoinPool-1-worker-9] INFO  com.intuit.karate - [print]
15:24:00.242 [ForkJoinPool-1-worker-13] INFO  com.intuit.karate - [print] title:Gebouwen (INSPIRE geharmoniseerd)
15:24:00.243 [ForkJoinPool-1-worker-13] INFO  com.intuit.karate - [print] Gebouwen (INSPIRE geharmoniseerd)
15:24:00.243 [ForkJoinPool-1-worker-13] INFO  com.intuit.karate - [print] [
  "PPB-GVA@kadaster.nl",
  "kcc@kadaster.nl"
]

15:24:00.245 [ForkJoinPool-1-worker-13] INFO  com.intuit.karate - [print] organisation: [
  "Kadaster",
  "Kadaster"
]

15:24:00.246 [ForkJoinPool-1-worker-13] INFO  com.intuit.karate - [print]
15:24:00.429 [ForkJoinPool-1-worker-11] INFO  com.intuit.karate - [print] title:Kadastrale Percelen (INSPIRE geharmoniseerd)
15:24:00.429 [ForkJoinPool-1-worker-11] INFO  com.intuit.karate - [print] Kadastrale Percelen (INSPIRE geharmoniseerd)
15:24:00.430 [ForkJoinPool-1-worker-11] INFO  com.intuit.karate - [print] [
  "PPB-GVA@kadaster.nl",
  "kcc@kadaster.nl",
  "",
  ""
]

15:24:00.431 [ForkJoinPool-1-worker-11] INFO  com.intuit.karate - [print] organisation: [
  "Kadaster",
  "Kadaster"
]

15:24:00.432 [ForkJoinPool-1-worker-11] INFO  com.intuit.karate - [print]
15:24:00.570 [ForkJoinPool-1-worker-7] INFO  com.intuit.karate - [print] title:Bodemkaart50000_versie2014
15:24:00.570 [ForkJoinPool-1-worker-7] INFO  com.intuit.karate - [print] Bodemkaart50000_versie2014
15:24:00.571 [ForkJoinPool-1-worker-7] INFO  com.intuit.karate - [print] [
  "fokke.brouwer@wur.nl",
  "GeoDesk@wur.nl",
  "fokke.brouwer@wur.nl",
  "GeoDesk@wur.nl"
]

15:24:00.573 [ForkJoinPool-1-worker-7] INFO  com.intuit.karate - [print] organisation: [
  "Wageningen Environmental Research",
  "Wageningen Environmental Research (Alterra)",
  "Wageningen Environmental Research",
  "Wageningen Environmental Research (Alterra)",
  "ALTERRA en voorafgaande instituten",
  "ALTERRA en voorafgaande instituten",
  "Alterra",
  "Alterra",
  "Alterra Wageningen UR",
  "Alterra"
]

15:24:00.575 [ForkJoinPool-1-worker-7] INFO  com.intuit.karate - [print]
15:24:00.582 [ForkJoinPool-1-worker-3] INFO  com.intuit.karate - [print] title:Luchtfoto 2017 25cm RGB open data
15:24:00.582 [ForkJoinPool-1-worker-3] INFO  com.intuit.karate - [print] Luchtfoto 2017 25cm RGB open data
15:24:00.583 [ForkJoinPool-1-worker-3] INFO  com.intuit.karate - [print] [
  "PPB-GVA@kadaster.nl",
  "info@hetwaterschapshuis.nl",
  "kcc@kadaster.nl",
  "",
  "",
  "",
  "",
  "",
  ""
]

15:24:00.584 [ForkJoinPool-1-worker-3] INFO  com.intuit.karate - [print] organisation: [
  "Kadaster",
  "Het Waterschapshuis",
  "Kadaster",
  "Eurosense",
  "Eurosense",
  "Eurosense",
  "Kadaster",
  "Kadaster"
]

15:24:00.589 [ForkJoinPool-1-worker-3] INFO  com.intuit.karate - [print]
15:24:00.848 [ForkJoinPool-1-worker-5] INFO  com.intuit.karate - [print] title:Ziekenhuizen in Nederland (september 2013)
15:24:00.848 [ForkJoinPool-1-worker-5] INFO  com.intuit.karate - [print] Ziekenhuizen in Nederland (september 2013)
15:24:00.849 [ForkJoinPool-1-worker-5] INFO  com.intuit.karate - [print] [
  "atlas@rivm.nl",
  "",
  "geodata@rivm.nl"
]

15:24:00.850 [ForkJoinPool-1-worker-5] INFO  com.intuit.karate - [print] organisation: no organisationName found in dataset record
15:24:00.851 [ForkJoinPool-1-worker-5] INFO  com.intuit.karate - [print]
15:24:01.053 [ForkJoinPool-1-worker-9] INFO  com.intuit.karate - [print] title:Human Health NL NUTS2
15:24:01.053 [ForkJoinPool-1-worker-9] INFO  com.intuit.karate - [print] Human Health NL NUTS2
15:24:01.054 [ForkJoinPool-1-worker-9] INFO  com.intuit.karate - [print] [
  "infoservice@cbs.nl",
  "infoservice@cbs.nl",
  "infoservice@cbs.nl",
  "",
  ""
]

15:24:01.055 [ForkJoinPool-1-worker-9] INFO  com.intuit.karate - [print] organisation: [
  "Statistics Netherlands",
  "Statistics Netherlands",
  "Statistics Netherlandds",
  "Statistics Netherlands"
]

15:24:01.056 [ForkJoinPool-1-worker-9] INFO  com.intuit.karate - [print]
15:24:01.305 [ForkJoinPool-1-worker-11] INFO  com.intuit.karate - [print] title:Schelpdierpercelen
15:24:01.305 [ForkJoinPool-1-worker-11] INFO  com.intuit.karate - [print] Schelpdierpercelen
15:24:01.306 [ForkJoinPool-1-worker-11] INFO  com.intuit.karate - [print] [
  "geodatabeheer.giscc@rvo.nl",
  "geodatabeheer.giscc@rvo.nl",
  "BeheerPDOK@kadaster.nl"
]

15:24:01.307 [ForkJoinPool-1-worker-11] INFO  com.intuit.karate - [print] organisation: [
  "Ministerie van Economische Zaken - GIS Competence Center",
  "PDOK"
]

15:24:01.308 [ForkJoinPool-1-worker-11] INFO  com.intuit.karate - [print]
15:24:01.366 [ForkJoinPool-1-worker-13] INFO  com.intuit.karate - [print] title:Population Distribution NL
15:24:01.367 [ForkJoinPool-1-worker-13] INFO  com.intuit.karate - [print] Population Distribution NL
15:24:01.368 [ForkJoinPool-1-worker-13] INFO  com.intuit.karate - [print] [
  "infoservice@cbs.nl",
  "infoservice@cbs.nl",
  "infoservice@cbs.nl",
  "",
  ""
]

15:24:01.369 [ForkJoinPool-1-worker-13] INFO  com.intuit.karate - [print] organisation: [
  "Statistics Netherlands",
  "Statistics Netherlands",
  "Statistics Netherlandds",
  "Statistics Netherlands"
]

15:24:01.373 [ForkJoinPool-1-worker-13] INFO  com.intuit.karate - [print]
15:24:01.431 [ForkJoinPool-1-worker-7] INFO  com.intuit.karate - [print] title:LCP emissies (Richtlijn Industriële emissies) 2016
15:24:01.432 [ForkJoinPool-1-worker-7] INFO  com.intuit.karate - [print] LCP emissies (Richtlijn Industriële emissies) 2016
15:24:01.433 [ForkJoinPool-1-worker-7] INFO  com.intuit.karate - [print] [
  "emissieregistratie@rivm.nl",
  "",
  "emissieregistratie@rivm.nl"
]

15:24:01.434 [ForkJoinPool-1-worker-7] INFO  com.intuit.karate - [print] organisation: no organisationName found in dataset record
15:24:01.435 [ForkJoinPool-1-worker-7] INFO  com.intuit.karate - [print]
15:24:01.514 [ForkJoinPool-1-worker-3] INFO  com.intuit.karate - [print] title:Monitoring stations (Nitraatrichtlijn) diepe filters
15:24:01.515 [ForkJoinPool-1-worker-3] INFO  com.intuit.karate - [print] Monitoring stations (Nitraatrichtlijn) diepe filters
15:24:01.516 [ForkJoinPool-1-worker-3] INFO  com.intuit.karate - [print] [
  "geodata@rivm.nl",
  "",
  "geodata@rivm.nl"
]

15:24:01.518 [ForkJoinPool-1-worker-3] INFO  com.intuit.karate - [print] organisation: no organisationName found in dataset record
15:24:01.519 [ForkJoinPool-1-worker-3] INFO  com.intuit.karate - [print]
15:24:01.631 [ForkJoinPool-1-worker-9] INFO  com.intuit.karate - [print] title:Habitatrichtlijn verspreidingsgebied van soorten
15:24:01.632 [ForkJoinPool-1-worker-9] INFO  com.intuit.karate - [print] Habitatrichtlijn verspreidingsgebied van soorten
15:24:01.634 [ForkJoinPool-1-worker-9] INFO  com.intuit.karate - [print] [
  "geodatabeheer.giscc@rvo.nl",
  "GeoDesk.CGI@wur.nl",
  "geodatabeheer.giscc@rvo.nl",
  "beheerPDOK@kadaster.nl",
  "",
  "",
  ""
]

15:24:01.636 [ForkJoinPool-1-worker-9] INFO  com.intuit.karate - [print] organisation: [
  "Ministerie van Economische Zaken - GIS Competence Center",
  "Wageningen Environmental Research (Alterra)",
  "PDOK",
  "CBS",
  "Natuurloket",
  "pgo's"
]

15:24:01.638 [ForkJoinPool-1-worker-9] INFO  com.intuit.karate - [print]
15:24:01.648 [ForkJoinPool-1-worker-5] INFO  com.intuit.karate - [print] title:Bathymetrie Nederland - kust
15:24:01.648 [ForkJoinPool-1-worker-5] INFO  com.intuit.karate - [print] Bathymetrie Nederland - kust
15:24:01.649 [ForkJoinPool-1-worker-5] INFO  com.intuit.karate - [print] [
  "servicedesk-data@rijkswaterstaat.nl",
  "servicedesk-data@rijkswaterstaat.nl",
  "",
  "servicedesk-data@rijkswaterstaat.nl",
  "servicedesk-data@rijkswaterstaat.nl"
]

15:24:01.650 [ForkJoinPool-1-worker-5] INFO  com.intuit.karate - [print] organisation: [
  "Rijkswaterstaat",
  "Rijkswaterstaat",
  "",
  "Rijkswaterstaat",
  "Rijkswaterstaat"
]

15:24:01.651 [ForkJoinPool-1-worker-5] INFO  com.intuit.karate - [print]
15:24:01.865 [ForkJoinPool-1-worker-11] INFO  com.intuit.karate - [print] title:Zwemwater (provinciaal en Rijkswateren) uit {Zwemwaterregister}
15:24:01.865 [ForkJoinPool-1-worker-11] INFO  com.intuit.karate - [print] Zwemwater (provinciaal en Rijkswateren) uit {Zwemwaterregister}
15:24:01.866 [ForkJoinPool-1-worker-11] INFO  com.intuit.karate - [print] [
  "inspire@gbo-provincies.nl",
  "inspire@gbo-provincies.nl",
  "inspire@gbo-provincies.nl"
]

15:24:01.867 [ForkJoinPool-1-worker-11] INFO  com.intuit.karate - [print] organisation: [
  "Interprovinciaal Overleg",
  "Interprovinciaal Overleg",
  "Interprovinciaal Overleg"
]

15:24:01.868 [ForkJoinPool-1-worker-11] INFO  com.intuit.karate - [print]
15:24:01.961 [ForkJoinPool-1-worker-13] INFO  com.intuit.karate - [print] title:Geluidszones rondom bedrijventerreinen zowel provinciaal als gemeentelijk
15:24:01.961 [ForkJoinPool-1-worker-13] INFO  com.intuit.karate - [print] Geluidszones rondom bedrijventerreinen zowel provinciaal als gemeentelijk
15:24:01.962 [ForkJoinPool-1-worker-13] INFO  com.intuit.karate - [print] [
  "inspire@gbo-provincies.nl",
  "inspire@gbo-provincies.nl",
  "inspire@gbo-provincies.nl"
]

15:24:01.963 [ForkJoinPool-1-worker-13] INFO  com.intuit.karate - [print] organisation: [
  "Interprovinciaal Overleg",
  "Interprovinciaal Overleg",
  "Interprovinciaal Overleg"
]

15:24:01.965 [ForkJoinPool-1-worker-13] INFO  com.intuit.karate - [print]
15:24:02.034 [ForkJoinPool-1-worker-7] INFO  com.intuit.karate - [print] title:Geluidszones rondom vliegvelden
15:24:02.035 [ForkJoinPool-1-worker-7] INFO  com.intuit.karate - [print] Geluidszones rondom vliegvelden
15:24:02.036 [ForkJoinPool-1-worker-7] INFO  com.intuit.karate - [print] [
  "inspire@gbo-provincies.nl",
  "inspire@gbo-provincies.nl",
  "inspire@gbo-provincies.nl"
]

15:24:02.038 [ForkJoinPool-1-worker-7] INFO  com.intuit.karate - [print] organisation: [
  "Interprovinciaal Overleg",
  "Interprovinciaal Overleg",
  "Interprovinciaal Overleg"
]

15:24:02.059 [ForkJoinPool-1-worker-7] INFO  com.intuit.karate - [print]
15:24:02.084 [ForkJoinPool-1-worker-3] INFO  com.intuit.karate - [print] title:Wijk- en Buurtkaart 2018 versie 2
15:24:02.085 [ForkJoinPool-1-worker-3] INFO  com.intuit.karate - [print] Wijk- en Buurtkaart 2018 versie 2
15:24:02.086 [ForkJoinPool-1-worker-3] INFO  com.intuit.karate - [print] [
  "infoservice@cbs.nl",
  "infoservice@cbs.nl",
  "infoservice@cbs.nl",
  "",
  ""
]

15:24:02.087 [ForkJoinPool-1-worker-3] INFO  com.intuit.karate - [print] organisation: [
  "Centraal Bureau voor de Statistiek",
  "Centraal Bureau voor de Statistiek",
  "Centraal Bureau voor de Statistiek",
  "Kadaster"
]

15:24:02.089 [ForkJoinPool-1-worker-3] INFO  com.intuit.karate - [print]
15:24:02.164 [ForkJoinPool-1-worker-9] INFO  com.intuit.karate - [print] title:Vervoersnetwerken - Waterwegen (INSPIRE geharmoniseerd) - WT
15:24:02.165 [ForkJoinPool-1-worker-9] INFO  com.intuit.karate - [print] Vervoersnetwerken - Waterwegen (INSPIRE geharmoniseerd) - WT
15:24:02.166 [ForkJoinPool-1-worker-9] INFO  com.intuit.karate - [print] [
  "servicedesk-data@rijkswaterstaat.nl",
  "servicedesk-data@rijkswaterstaat.nl",
  "",
  "servicedesk-data@rijkswaterstaat.nl",
  "info@wetransform.to"
]

15:24:02.169 [ForkJoinPool-1-worker-9] INFO  com.intuit.karate - [print] organisation: [
  "Rijkswaterstaat",
  "Rijkswaterstaat",
  "",
  "Rijkswaterstaat",
  "Wetransform"
]

15:24:02.172 [ForkJoinPool-1-worker-9] INFO  com.intuit.karate - [print]
15:24:02.268 [ForkJoinPool-1-worker-5] INFO  com.intuit.karate - [print] title:Land Use 2015
15:24:02.269 [ForkJoinPool-1-worker-5] INFO  com.intuit.karate - [print] Land Use 2015
15:24:02.270 [ForkJoinPool-1-worker-5] INFO  com.intuit.karate - [print] [
  "infoservice@cbs.nl",
  "infoservice@cbs.nl",
  "",
  "",
  ""
]

15:24:02.272 [ForkJoinPool-1-worker-5] INFO  com.intuit.karate - [print] organisation: [
  "Statistics Netherlands",
  "Statistics Netherlands",
  "PDOK"
]

15:24:02.274 [ForkJoinPool-1-worker-5] INFO  com.intuit.karate - [print]
15:24:02.429 [ForkJoinPool-1-worker-11] INFO  com.intuit.karate - [print] title:Overstromingsrisicokaarten
15:24:02.429 [ForkJoinPool-1-worker-11] INFO  com.intuit.karate - [print] Overstromingsrisicokaarten
15:24:02.430 [ForkJoinPool-1-worker-11] INFO  com.intuit.karate - [print] [
  "inspire@gbo-provincies.nl",
  "inspire@gbo-provincies.nl",
  "inspire@gbo-provincies.nl"
]

15:24:02.431 [ForkJoinPool-1-worker-11] INFO  com.intuit.karate - [print] organisation: [
  "Interprovinciaal Overleg",
  "Interprovinciaal Overleg",
  "Interprovinciaal Overleg"
]

15:24:02.433 [ForkJoinPool-1-worker-11] INFO  com.intuit.karate - [print]
15:24:02.563 [ForkJoinPool-1-worker-13] INFO  com.intuit.karate - [print] title:Overstromingsgevaarkaarten
15:24:02.564 [ForkJoinPool-1-worker-13] INFO  com.intuit.karate - [print] Overstromingsgevaarkaarten
15:24:02.565 [ForkJoinPool-1-worker-13] INFO  com.intuit.karate - [print] [
  "inspire@gbo-provincies.nl",
  "inspire@gbo-provincies.nl",
  "inspire@gbo-provincies.nl"
]

15:24:02.567 [ForkJoinPool-1-worker-13] INFO  com.intuit.karate - [print] organisation: [
  "Interprovinciaal Overleg",
  "Interprovinciaal Overleg",
  "Interprovinciaal Overleg"
]

15:24:02.570 [ForkJoinPool-1-worker-13] INFO  com.intuit.karate - [print]
15:24:02.661 [ForkJoinPool-1-worker-3] INFO  com.intuit.karate - [print] title:Menselijke gezondheid en veiligheid -  geluidbelasting rijkswegen 2006 (INSPIRE geharmoniseerd)
15:24:02.662 [ForkJoinPool-1-worker-3] INFO  com.intuit.karate - [print] Menselijke gezondheid en veiligheid -  geluidbelasting rijkswegen 2006 (INSPIRE geharmoniseerd)
15:24:02.663 [ForkJoinPool-1-worker-3] INFO  com.intuit.karate - [print] [
  "servicedesk-data@rijkswaterstaat.nl",
  "servicedesk-data@rijkswaterstaat.nl",
  "",
  "servicedesk-data@rijkswaterstaat.nl",
  "info@wetransform.to"
]

15:24:02.665 [ForkJoinPool-1-worker-7] INFO  com.intuit.karate - [print] title:Menselijke gezondheid en veiligheid - geluidbelasting rijkswegen 2011 (INSPIRE geharmoniseerd)
15:24:02.666 [ForkJoinPool-1-worker-7] INFO  com.intuit.karate - [print] Menselijke gezondheid en veiligheid - geluidbelasting rijkswegen 2011 (INSPIRE geharmoniseerd)
15:24:02.667 [ForkJoinPool-1-worker-3] INFO  com.intuit.karate - [print] organisation: [
  "Rijkswaterstaat",
  "Rijkswaterstaat",
  "",
  "Rijkswaterstaat",
  "Wetransform"
]

15:24:02.669 [ForkJoinPool-1-worker-7] INFO  com.intuit.karate - [print] [
  "servicedesk-data@rijkswaterstaat.nl",
  "servicedesk-data@rijkswaterstaat.nl",
  "",
  "servicedesk-data@rijkswaterstaat.nl",
  "info@wetransform.to"
]

15:24:02.673 [ForkJoinPool-1-worker-7] INFO  com.intuit.karate - [print] organisation: [
  "Rijkswaterstaat",
  "Rijkswaterstaat",
  "",
  "Rijkswaterstaat",
  "Wetransform"
]

15:24:02.674 [ForkJoinPool-1-worker-3] INFO  com.intuit.karate - [print]
15:24:02.676 [ForkJoinPool-1-worker-7] INFO  com.intuit.karate - [print]
15:24:02.720 [ForkJoinPool-1-worker-9] INFO  com.intuit.karate - [print] title:Wet Ammoniak en Veehouderij gebieden
15:24:02.721 [ForkJoinPool-1-worker-9] INFO  com.intuit.karate - [print] Wet Ammoniak en Veehouderij gebieden
15:24:02.722 [ForkJoinPool-1-worker-9] INFO  com.intuit.karate - [print] [
  "inspire@gbo-provincies.nl",
  "inspire@gbo-provincies.nl",
  "inspire@gbo-provincies.nl"
]

15:24:02.724 [ForkJoinPool-1-worker-9] INFO  com.intuit.karate - [print] organisation: [
  "Interprovinciaal Overleg",
  "Interprovinciaal Overleg",
  "Interprovinciaal Overleg"
]

15:24:02.726 [ForkJoinPool-1-worker-9] INFO  com.intuit.karate - [print]
15:24:02.824 [ForkJoinPool-1-worker-5] INFO  com.intuit.karate - [print] title:Natuurnetwerk Nederland
15:24:02.825 [ForkJoinPool-1-worker-5] INFO  com.intuit.karate - [print] Natuurnetwerk Nederland
15:24:02.826 [ForkJoinPool-1-worker-5] INFO  com.intuit.karate - [print] [
  "inspire@gbo-provincies.nl",
  "inspire@gbo-provincies.nl",
  "inspire@gbo-provincies.nl"
]

15:24:02.827 [ForkJoinPool-1-worker-5] INFO  com.intuit.karate - [print] organisation: [
  "Interprovinciaal Overleg",
  "Interprovinciaal Overleg",
  "Interprovinciaal Overleg"
]

15:24:02.829 [ForkJoinPool-1-worker-5] INFO  com.intuit.karate - [print]
15:24:02.988 [ForkJoinPool-1-worker-11] INFO  com.intuit.karate - [print] title:Kaderrichtlijn Water - Oppervlaktewaterlichamen Nederland EU2009 vlakken
15:24:02.989 [ForkJoinPool-1-worker-11] INFO  com.intuit.karate - [print] Kaderrichtlijn Water - Oppervlaktewaterlichamen Nederland EU2009 vlakken
15:24:02.991 [ForkJoinPool-1-worker-11] INFO  com.intuit.karate - [print] [
  "servicedesk-data@rijkswaterstaat.nl",
  "servicedesk-data@rijkswaterstaat.nl",
  "",
  "servicedesk-data@rijkswaterstaat.nl",
  "servicedesk-data@rijkswaterstaat.nl"
]

15:24:02.992 [ForkJoinPool-1-worker-11] INFO  com.intuit.karate - [print] organisation: [
  "Rijkswaterstaat",
  "Rijkswaterstaat",
  "",
  "Rijkswaterstaat",
  "Rijkswaterstaat"
]

15:24:02.995 [ForkJoinPool-1-worker-11] INFO  com.intuit.karate - [print]
15:24:03.109 [ForkJoinPool-1-worker-13] INFO  com.intuit.karate - [print] title:Nationaal Hydrologisch Instrumentarium (NHI) - netwerkschematisatie
15:24:03.110 [ForkJoinPool-1-worker-13] INFO  com.intuit.karate - [print] Nationaal Hydrologisch Instrumentarium (NHI) - netwerkschematisatie
15:24:03.112 [ForkJoinPool-1-worker-13] INFO  com.intuit.karate - [print] [
  "servicedesk-data@rijkswaterstaat.nl",
  "servicedesk-data@rijkswaterstaat.nl",
  "",
  "servicedesk-data@rijkswaterstaat.nl",
  "servicedesk-data@rijkswaterstaat.nl"
]

15:24:03.114 [ForkJoinPool-1-worker-13] INFO  com.intuit.karate - [print] organisation: [
  "Rijkswaterstaat",
  "Rijkswaterstaat",
  "",
  "Rijkswaterstaat",
  "Rijkswaterstaat"
]

15:24:03.115 [ForkJoinPool-1-worker-13] INFO  com.intuit.karate - [print]
15:24:03.341 [ForkJoinPool-1-worker-3] INFO  com.intuit.karate - [print] title:Stiltegebieden
15:24:03.341 [ForkJoinPool-1-worker-3] INFO  com.intuit.karate - [print] Stiltegebieden
15:24:03.342 [ForkJoinPool-1-worker-3] INFO  com.intuit.karate - [print] [
  "inspire@gbo-provincies.nl",
  "inspire@gbo-provincies.nl",
  "inspire@gbo-provincies.nl"
]

15:24:03.343 [ForkJoinPool-1-worker-3] INFO  com.intuit.karate - [print] organisation: [
  "Interprovinciaal Overleg",
  "Interprovinciaal Overleg",
  "Interprovinciaal Overleg"
]

15:24:03.344 [ForkJoinPool-1-worker-3] INFO  com.intuit.karate - [print]
15:24:03.348 [ForkJoinPool-1-worker-7] INFO  com.intuit.karate - [print] title:NB-wetgebieden buiten Natura 2000
15:24:03.348 [ForkJoinPool-1-worker-7] INFO  com.intuit.karate - [print] NB-wetgebieden buiten Natura 2000
15:24:03.349 [ForkJoinPool-1-worker-7] INFO  com.intuit.karate - [print] [
  "inspire@gbo-provincies.nl",
  "inspire@gbo-provincies.nl",
  "inspire@gbo-provincies.nl"
]

15:24:03.350 [ForkJoinPool-1-worker-7] INFO  com.intuit.karate - [print] organisation: [
  "Interprovinciaal Overleg",
  "Interprovinciaal Overleg",
  "Interprovinciaal Overleg"
]

15:24:03.351 [ForkJoinPool-1-worker-7] INFO  com.intuit.karate - [print]
15:24:03.364 [ForkJoinPool-1-worker-9] INFO  com.intuit.karate - [print] title:Kaderrichtlijn Water - Stroomgebieddistricten Nederland EU2015
15:24:03.364 [ForkJoinPool-1-worker-9] INFO  com.intuit.karate - [print] Kaderrichtlijn Water - Stroomgebieddistricten Nederland EU2015
15:24:03.365 [ForkJoinPool-1-worker-9] INFO  com.intuit.karate - [print] [
  "servicedesk@ihw.nl",
  "servicedesk-data@rijkswaterstaat.nl",
  "",
  "servicedesk-data@rijkswaterstaat.nl",
  "servicedesk-data@rijkswaterstaat.nl"
]

15:24:03.366 [ForkJoinPool-1-worker-9] INFO  com.intuit.karate - [print] organisation: [
  "Informatiehuis Water",
  "Informatiehuis Water",
  "",
  "Rijkswaterstaat",
  "Rijkswaterstaat"
]

15:24:03.367 [ForkJoinPool-1-worker-9] INFO  com.intuit.karate - [print]
15:24:03.427 [ForkJoinPool-1-worker-5] INFO  com.intuit.karate - [print] title:Kaderrichtlijn Water - Oppervlaktewaterlichamen Nederland 2019 vlakken
15:24:03.428 [ForkJoinPool-1-worker-5] INFO  com.intuit.karate - [print] Kaderrichtlijn Water - Oppervlaktewaterlichamen Nederland 2019 vlakken
15:24:03.429 [ForkJoinPool-1-worker-5] INFO  com.intuit.karate - [print] [
  "servicedesk-data@rijkswaterstaat.nl",
  "servicedesk-data@rijkswaterstaat.nl",
  "",
  "servicedesk-data@rijkswaterstaat.nl",
  "servicedesk-data@rijkswaterstaat.nl"
]

15:24:03.431 [ForkJoinPool-1-worker-5] INFO  com.intuit.karate - [print] organisation: [
  "Rijkswaterstaat",
  "Rijkswaterstaat",
  "",
  "Rijkswaterstaat",
  "Rijkswaterstaat"
]

15:24:03.434 [ForkJoinPool-1-worker-5] INFO  com.intuit.karate - [print]
15:24:03.548 [ForkJoinPool-1-worker-11] INFO  com.intuit.karate - [print] title:Kaderrichtlijn Water - Oppervlaktewaterlichamen Nederland 2019 lijnen
15:24:03.549 [ForkJoinPool-1-worker-11] INFO  com.intuit.karate - [print] Kaderrichtlijn Water - Oppervlaktewaterlichamen Nederland 2019 lijnen
15:24:03.551 [ForkJoinPool-1-worker-11] INFO  com.intuit.karate - [print] [
  "servicedesk-data@rijkswaterstaat.nl",
  "servicedesk-data@rijkswaterstaat.nl",
  "",
  "servicedesk-data@rijkswaterstaat.nl",
  "servicedesk-data@rijkswaterstaat.nl"
]

15:24:03.553 [ForkJoinPool-1-worker-11] INFO  com.intuit.karate - [print] organisation: [
  "Rijkswaterstaat",
  "Rijkswaterstaat",
  "",
  "Rijkswaterstaat",
  "Rijkswaterstaat"
]

15:24:03.555 [ForkJoinPool-1-worker-11] INFO  com.intuit.karate - [print]
15:24:03.676 [ForkJoinPool-1-worker-13] INFO  com.intuit.karate - [print] title:Kaderrichtlijn Water - Stroomgebieddistricten Nederland 2019 vlakken
15:24:03.677 [ForkJoinPool-1-worker-13] INFO  com.intuit.karate - [print] Kaderrichtlijn Water - Stroomgebieddistricten Nederland 2019 vlakken
15:24:03.679 [ForkJoinPool-1-worker-13] INFO  com.intuit.karate - [print] [
  "servicedesk-data@rijkswaterstaat.nl",
  "servicedesk-data@rijkswaterstaat.nl",
  "",
  "servicedesk-data@rijkswaterstaat.nl",
  "servicedesk-data@rijkswaterstaat.nl"
]

15:24:03.681 [ForkJoinPool-1-worker-13] INFO  com.intuit.karate - [print] organisation: [
  "Rijkswaterstaat",
  "Rijkswaterstaat",
  "",
  "Rijkswaterstaat",
  "Rijkswaterstaat"
]

15:24:03.685 [ForkJoinPool-1-worker-13] INFO  com.intuit.karate - [print]
15:24:04.007 [ForkJoinPool-1-worker-7] INFO  com.intuit.karate - [print] title:Kaderrichtlijn Water - Oppervlaktewaterlichamen Nederland EU2015 riviernetwerk
15:24:04.007 [ForkJoinPool-1-worker-7] INFO  com.intuit.karate - [print] Kaderrichtlijn Water - Oppervlaktewaterlichamen Nederland EU2015 riviernetwerk
15:24:04.009 [ForkJoinPool-1-worker-7] INFO  com.intuit.karate - [print] [
  "servicedesk@ihw.nl",
  "servicedesk@ihw.nl",
  "",
  "servicedesk-data@rijkswaterstaat.nl",
  "servicedesk-data@rijkswaterstaat.nl"
]

15:24:04.010 [ForkJoinPool-1-worker-7] INFO  com.intuit.karate - [print] organisation: [
  "Informatiehuis Water",
  "Informatiehuis Water",
  "",
  "Rijkswaterstaat",
  "Rijkswaterstaat"
]

15:24:04.011 [ForkJoinPool-1-worker-3] INFO  com.intuit.karate - [print] title:Kaderrichtlijn Water - Oppervlaktewaterlichamen Nederland EU2009 lijnen
15:24:04.013 [ForkJoinPool-1-worker-3] INFO  com.intuit.karate - [print] Kaderrichtlijn Water - Oppervlaktewaterlichamen Nederland EU2009 lijnen
15:24:04.014 [ForkJoinPool-1-worker-7] INFO  com.intuit.karate - [print]
15:24:04.015 [ForkJoinPool-1-worker-3] INFO  com.intuit.karate - [print] [
  "servicedesk-data@rijkswaterstaat.nl",
  "servicedesk-data@rijkswaterstaat.nl",
  "",
  "servicedesk-data@rijkswaterstaat.nl",
  "servicedesk-data@rijkswaterstaat.nl"
]

15:24:04.018 [ForkJoinPool-1-worker-3] INFO  com.intuit.karate - [print] organisation: [
  "Rijkswaterstaat",
  "Rijkswaterstaat",
  "",
  "Rijkswaterstaat",
  "Rijkswaterstaat"
]

15:24:04.020 [ForkJoinPool-1-worker-3] INFO  com.intuit.karate - [print]
15:24:04.127 [ForkJoinPool-1-worker-9] INFO  com.intuit.karate - [print] title:Kaderrichtlijn Water - Oppervlaktewaterlichamen Nederland EU2015 lijnen
15:24:04.127 [ForkJoinPool-1-worker-9] INFO  com.intuit.karate - [print] Kaderrichtlijn Water - Oppervlaktewaterlichamen Nederland EU2015 lijnen
15:24:04.129 [ForkJoinPool-1-worker-9] INFO  com.intuit.karate - [print] [
  "servicedesk@ihw.nl",
  "servicedesk@ihw.nl",
  "",
  "servicedesk-data@rijkswaterstaat.nl",
  "servicedesk@ihw.nl"
]

15:24:04.130 [ForkJoinPool-1-worker-9] INFO  com.intuit.karate - [print] organisation: [
  "Informatiehuis Water",
  "Informatiehuis Water",
  "",
  "Rijkswaterstaat",
  "Informatiehuis Water"
]

15:24:04.132 [ForkJoinPool-1-worker-9] INFO  com.intuit.karate - [print]
15:24:04.171 [ForkJoinPool-1-worker-5] INFO  com.intuit.karate - [print] title:Kaderrichtlijn Water - Deelstroomgebieden Nederland EU2015
15:24:04.171 [ForkJoinPool-1-worker-5] INFO  com.intuit.karate - [print] Kaderrichtlijn Water - Deelstroomgebieden Nederland EU2015
15:24:04.173 [ForkJoinPool-1-worker-5] INFO  com.intuit.karate - [print] [
  "servicedesk@ihw.nl",
  "servicedesk@ihw.nl",
  "",
  "servicedesk-data@rijkswaterstaat.nl",
  "servicedesk-data@rijkswaterstaat.nl"
]

15:24:04.175 [ForkJoinPool-1-worker-5] INFO  com.intuit.karate - [print] organisation: [
  "Informatiehuis Water",
  "Informatiehuis Water",
  "",
  "Rijkswaterstaat",
  "Rijkswaterstaat"
]

15:24:04.177 [ForkJoinPool-1-worker-5] INFO  com.intuit.karate - [print]
15:24:04.233 [ForkJoinPool-1-worker-11] INFO  com.intuit.karate - [print] title:Kaderrichtlijn Water - Monitoringlocaties Nederland EU2015
15:24:04.234 [ForkJoinPool-1-worker-11] INFO  com.intuit.karate - [print] Kaderrichtlijn Water - Monitoringlocaties Nederland EU2015
15:24:04.236 [ForkJoinPool-1-worker-11] INFO  com.intuit.karate - [print] [
  "servicedesk@ihw.nl",
  "servicedesk-data@rijkswaterstaat.nl",
  "",
  "servicedesk-data@rijkswaterstaat.nl",
  "servicedesk-data@rijkswaterstaat.nl"
]

15:24:04.238 [ForkJoinPool-1-worker-11] INFO  com.intuit.karate - [print] organisation: [
  "Informatiehuis Water",
  "Informatiehuis Water",
  "",
  "Rijkswaterstaat",
  "Rijkswaterstaat"
]

15:24:04.240 [ForkJoinPool-1-worker-11] INFO  com.intuit.karate - [print]
15:24:04.328 [ForkJoinPool-1-worker-13] INFO  com.intuit.karate - [print] title:Wijk- en Buurtkaart 2017 versie 3
15:24:04.329 [ForkJoinPool-1-worker-13] INFO  com.intuit.karate - [print] Wijk- en Buurtkaart 2017 versie 3
15:24:04.331 [ForkJoinPool-1-worker-13] INFO  com.intuit.karate - [print] [
  "infoservice@cbs.nl",
  "infoservice@cbs.nl",
  "infoservice@cbs.nl",
  "",
  ""
]

15:24:04.332 [ForkJoinPool-1-worker-13] INFO  com.intuit.karate - [print] organisation: [
  "Centraal Bureau voor de Statistiek",
  "Centraal Bureau voor de Statistiek",
  "Centraal Bureau voor de Statistiek",
  "Kadaster"
]

15:24:04.334 [ForkJoinPool-1-worker-13] INFO  com.intuit.karate - [print]
15:24:04.593 [ForkJoinPool-1-worker-7] INFO  com.intuit.karate - [print] title:NWB - Wegen
15:24:04.593 [ForkJoinPool-1-worker-7] INFO  com.intuit.karate - [print] NWB - Wegen
15:24:04.594 [ForkJoinPool-1-worker-7] INFO  com.intuit.karate - [print] [
  "servicedesk-data@rijkswaterstaat.nl",
  "servicedesk-data@rijkswaterstaat.nl",
  "",
  "servicedesk-data@rijkswaterstaat.nl",
  "servicedesk-data@rws.n"
]

15:24:04.595 [ForkJoinPool-1-worker-7] INFO  com.intuit.karate - [print] organisation: [
  "Rijkswaterstaat",
  "Rijkswaterstaat",
  "",
  "Rijkswaterstaat",
  "Rijkswaterstaat"
]

15:24:04.597 [ForkJoinPool-1-worker-7] INFO  com.intuit.karate - [print]
15:24:04.664 [ForkJoinPool-1-worker-3] INFO  com.intuit.karate - [print] title:Wijk- en Buurtkaart 2016 versie 3
15:24:04.664 [ForkJoinPool-1-worker-3] INFO  com.intuit.karate - [print] Wijk- en Buurtkaart 2016 versie 3
15:24:04.665 [ForkJoinPool-1-worker-3] INFO  com.intuit.karate - [print] [
  "infoservice@cbs.nl",
  "infoservice@cbs.nl",
  "infoservice@cbs.nl",
  "",
  ""
]

15:24:04.666 [ForkJoinPool-1-worker-3] INFO  com.intuit.karate - [print] organisation: [
  "Centraal Bureau voor de Statistiek",
  "Centraal Bureau voor de Statistiek",
  "Centraal Bureau voor de Statistiek",
  "Kadaster"
]

15:24:04.668 [ForkJoinPool-1-worker-3] INFO  com.intuit.karate - [print]
15:24:04.675 [ForkJoinPool-1-worker-9] INFO  com.intuit.karate - [print] title:CBS Vierkantstatistieken 500m
15:24:04.675 [ForkJoinPool-1-worker-9] INFO  com.intuit.karate - [print] CBS Vierkantstatistieken 500m
15:24:04.677 [ForkJoinPool-1-worker-9] INFO  com.intuit.karate - [print] [
  "infoservice@cbs.nl",
  "infoservice@cbs.nl",
  "infoservice@cbs.nl",
  ""
]

15:24:04.678 [ForkJoinPool-1-worker-9] INFO  com.intuit.karate - [print] organisation: [
  "Centraal Bureau voor de Statistiek",
  "Centraal Bureau voor de Statistiek",
  "Centraal Bureau voor de Statistiek",
  "Centraal Bureau voor de Statistiek"
]

15:24:04.680 [ForkJoinPool-1-worker-9] INFO  com.intuit.karate - [print]
15:24:04.813 [ForkJoinPool-1-worker-11] INFO  com.intuit.karate - [print] title:Richtlijn Overstromingsrisico - gebieden met Potentieel Significant Overstromingsrisico EU2018 vlakken
15:24:04.813 [ForkJoinPool-1-worker-11] INFO  com.intuit.karate - [print] Richtlijn Overstromingsrisico - gebieden met Potentieel Significant Overstromingsrisico EU2018 vlakken
15:24:04.818 [ForkJoinPool-1-worker-11] INFO  com.intuit.karate - [print] [
  "servicedesk-data@rijkswaterstaat.nl",
  "servicedesk-data@rijkswaterstaat.nl",
  "",
  "servicedesk-data@rijkswaterstaat.nl",
  "servicedesk-data@rijkswaterstaat.nl"
]

15:24:04.825 [ForkJoinPool-1-worker-5] INFO  com.intuit.karate - [print] title:Aansluitende zone volgens UNCLOS - Noordzee
15:24:04.825 [ForkJoinPool-1-worker-5] INFO  com.intuit.karate - [print] Aansluitende zone volgens UNCLOS - Noordzee
15:24:04.826 [ForkJoinPool-1-worker-5] INFO  com.intuit.karate - [print] [
  "data@hydro.nl",
  "data@hydro.nl",
  "data@hydro.nl",
  "",
  ""
]

15:24:04.827 [ForkJoinPool-1-worker-5] INFO  com.intuit.karate - [print] organisation: [
  "Ministerie van Defensie, Koninklijke Marine, Dienst der Hydrografie",
  "Ministerie van Defensie, Koninklijke Marine, Dienst der Hydrografie",
  "Ministerie van Defensie, Koninklijke Marine, Dienst der Hydrografie"
]

15:24:04.828 [ForkJoinPool-1-worker-5] INFO  com.intuit.karate - [print]
15:24:04.828 [ForkJoinPool-1-worker-11] INFO  com.intuit.karate - [print] organisation: [
  "Rijkswaterstaat",
  "Rijkswaterstaat",
  "",
  "Rijkswaterstaat",
  "Rijkswaterstaat"
]

15:24:04.830 [ForkJoinPool-1-worker-11] INFO  com.intuit.karate - [print]
15:24:04.883 [ForkJoinPool-1-worker-13] INFO  com.intuit.karate - [print] title:Richtlijn Overstromingsrisico - historische overstromingen EU2018
15:24:04.884 [ForkJoinPool-1-worker-13] INFO  com.intuit.karate - [print] Richtlijn Overstromingsrisico - historische overstromingen EU2018
15:24:04.885 [ForkJoinPool-1-worker-13] INFO  com.intuit.karate - [print] [
  "servicedesk-data@rijkswaterstaat.nl",
  "servicedesk-data@rijkswaterstaat.nl",
  "",
  "servicedesk-data@rijkswaterstaat.nl",
  "servicedesk-data@rijkswaterstaat.nl"
]

15:24:04.886 [ForkJoinPool-1-worker-13] INFO  com.intuit.karate - [print] organisation: [
  "Rijkswaterstaat",
  "Rijkswaterstaat",
  "",
  "Rijkswaterstaat",
  "Rijkswaterstaat"
]

15:24:04.888 [ForkJoinPool-1-worker-13] INFO  com.intuit.karate - [print]
15:24:05.130 [ForkJoinPool-1-worker-7] INFO  com.intuit.karate - [print] title:Richtlijn Stedelijk Afvalwater - rioolwaterzuiveringsinstallaties Nederland EU2015
15:24:05.130 [ForkJoinPool-1-worker-7] INFO  com.intuit.karate - [print] Richtlijn Stedelijk Afvalwater - rioolwaterzuiveringsinstallaties Nederland EU2015
15:24:05.131 [ForkJoinPool-1-worker-7] INFO  com.intuit.karate - [print] [
  "servicedesk-data@rijkswaterstaat.nl",
  "servicedesk-data@rijkswaterstaat.nl",
  "",
  "servicedesk-data@rijkswaterstaat.nl",
  "servicedesk-data@rijkswaterstaat.nl"
]

15:24:05.133 [ForkJoinPool-1-worker-7] INFO  com.intuit.karate - [print] organisation: [
  "Rijkswaterstaat",
  "Rijkswaterstaat",
  "",
  "Rijkswaterstaat",
  "Rijkswaterstaat"
]

15:24:05.134 [ForkJoinPool-1-worker-7] INFO  com.intuit.karate - [print]
15:24:05.193 [ForkJoinPool-1-worker-3] INFO  com.intuit.karate - [print] title:Richtlijn Stedelijk Afvalwater - agglomeraties Nederland EU2015
15:24:05.193 [ForkJoinPool-1-worker-3] INFO  com.intuit.karate - [print] Richtlijn Stedelijk Afvalwater - agglomeraties Nederland EU2015
15:24:05.194 [ForkJoinPool-1-worker-3] INFO  com.intuit.karate - [print] [
  "servicedesk-data@rijkswaterstaat.nl",
  "servicedesk-data@rijkswaterstaat.nl",
  "",
  "servicedesk-data@rijkswaterstaat.nl",
  "servicedesk-data@rijkswaterstaat.nl"
]

15:24:05.196 [ForkJoinPool-1-worker-3] INFO  com.intuit.karate - [print] organisation: [
  "Rijkswaterstaat",
  "Rijkswaterstaat",
  "",
  "Rijkswaterstaat",
  "Rijkswaterstaat"
]

15:24:05.197 [ForkJoinPool-1-worker-3] INFO  com.intuit.karate - [print]
15:24:05.224 [ForkJoinPool-1-worker-9] INFO  com.intuit.karate - [print] title:Adressen
15:24:05.225 [ForkJoinPool-1-worker-9] INFO  com.intuit.karate - [print] Adressen
15:24:05.226 [ForkJoinPool-1-worker-9] INFO  com.intuit.karate - [print] [
  "PPB-GVA@kadaster.nl",
  "kcc@kadaster.nl",
  "kcc@kadaster.nl"
]

15:24:05.228 [ForkJoinPool-1-worker-9] INFO  com.intuit.karate - [print] organisation: [
  "Kadaster",
  "Kadaster",
  "Kadaster"
]

15:24:05.229 [ForkJoinPool-1-worker-9] INFO  com.intuit.karate - [print]
15:24:05.356 [ForkJoinPool-1-worker-13] INFO  com.intuit.karate - [print] title:Overheidsdiensten
15:24:05.356 [ForkJoinPool-1-worker-13] INFO  com.intuit.karate - [print] Overheidsdiensten
15:24:05.358 [ForkJoinPool-1-worker-13] INFO  com.intuit.karate - [print] [
  "erik.simonse@kvk.nl",
  "erik.simonse@kvk.nl"
]

15:24:05.361 [ForkJoinPool-1-worker-13] INFO  com.intuit.karate - [print] organisation: [
  "Kamer van Koophandel",
  "Kamer van Koophandel"
]

15:24:05.398 [ForkJoinPool-1-worker-11] INFO  com.intuit.karate - [print] title:Gebouwen
15:24:05.398 [ForkJoinPool-1-worker-11] INFO  com.intuit.karate - [print] Gebouwen
15:24:05.399 [ForkJoinPool-1-worker-11] INFO  com.intuit.karate - [print] [
  "PPB-GVA@kadaster.nl",
  "kcc@kadaster.nl",
  "kcc@kadaster.nl"
]

15:24:05.402 [ForkJoinPool-1-worker-11] INFO  com.intuit.karate - [print] organisation: [
  "Kadaster",
  "Kadaster",
  "Kadaster"
]

15:24:05.403 [ForkJoinPool-1-worker-11] INFO  com.intuit.karate - [print]
15:24:05.482 [ForkJoinPool-1-worker-5] INFO  com.intuit.karate - [print] title:Hydrografie - Physical Waters (INSPIRE geharmoniseerd)
15:24:05.482 [ForkJoinPool-1-worker-5] INFO  com.intuit.karate - [print] Hydrografie - Physical Waters (INSPIRE geharmoniseerd)
15:24:05.483 [ForkJoinPool-1-worker-5] INFO  com.intuit.karate - [print] [
  "PPB-GVA@kadaster.nl",
  "kcc@kadaster.nl"
]

15:24:05.484 [ForkJoinPool-1-worker-5] INFO  com.intuit.karate - [print] organisation: [
  "Kadaster",
  "Kadaster"
]

15:24:05.485 [ForkJoinPool-1-worker-5] INFO  com.intuit.karate - [print]
15:24:05.747 [ForkJoinPool-1-worker-7] INFO  com.intuit.karate - [print] title:Kaderrichtlijn Water - Register Beschermd Gebied - Schelpdierwater 2008
15:24:05.748 [ForkJoinPool-1-worker-7] INFO  com.intuit.karate - [print] Kaderrichtlijn Water - Register Beschermd Gebied - Schelpdierwater 2008
15:24:05.749 [ForkJoinPool-1-worker-7] INFO  com.intuit.karate - [print] [
  "servicedesk-data@rijkswaterstaat.nl",
  "servicedesk-data@rijkswaterstaat.nl",
  "",
  "servicedesk-data@rijkswaterstaat.nl",
  "servicedesk-data@rijkswaterstaat.nl"
]

15:24:05.750 [ForkJoinPool-1-worker-7] INFO  com.intuit.karate - [print] organisation: [
  "Rijkswaterstaat",
  "Rijkswaterstaat",
  "",
  "Rijkswaterstaat",
  "Rijkswaterstaat"
]

15:24:05.751 [ForkJoinPool-1-worker-7] INFO  com.intuit.karate - [print]
15:24:05.763 [ForkJoinPool-1-worker-3] INFO  com.intuit.karate - [print] title:Luchtfoto 2017 25cm CIR open data
15:24:05.763 [ForkJoinPool-1-worker-3] INFO  com.intuit.karate - [print] Luchtfoto 2017 25cm CIR open data
15:24:05.764 [ForkJoinPool-1-worker-3] INFO  com.intuit.karate - [print] [
  "PPB-GVA@kadaster.nl",
  "info@hetwaterschapshuis.nl",
  "kcc@kadaster.nl",
  "",
  "",
  "",
  "",
  "",
  ""
]

15:24:05.765 [ForkJoinPool-1-worker-3] INFO  com.intuit.karate - [print] organisation: [
  "Kadaster",
  "Het Waterschapshuis",
  "Kadaster",
  "Eurosense",
  "Eurosense",
  "Eurosense",
  "Kadaster",
  "Kadaster"
]

15:24:05.766 [ForkJoinPool-1-worker-3] INFO  com.intuit.karate - [print]
15:24:05.829 [ForkJoinPool-1-worker-9] INFO  com.intuit.karate - [print] title:Oppervlaktegeologie, Geologische kaart onder INSPIRE
15:24:05.829 [ForkJoinPool-1-worker-9] INFO  com.intuit.karate - [print] Oppervlaktegeologie, Geologische kaart onder INSPIRE
15:24:05.830 [ForkJoinPool-1-worker-9] INFO  com.intuit.karate - [print] [
  "info@dinoloket.nl",
  "info@dinoloket.nl",
  "info@dinoloket.nl"
]

15:24:05.831 [ForkJoinPool-1-worker-9] INFO  com.intuit.karate - [print] organisation: [
  "TNO Geologische Dienst Nederland",
  "TNO Geologische Dienst Nederland",
  "TNO Geologische Dienst Nederland"
]

15:24:05.833 [ForkJoinPool-1-worker-9] INFO  com.intuit.karate - [print]
15:24:05.946 [ForkJoinPool-1-worker-13] INFO  com.intuit.karate - [print] title:Bestand Bodemgebruik 2015
15:24:05.947 [ForkJoinPool-1-worker-13] INFO  com.intuit.karate - [print] Bestand Bodemgebruik 2015
15:24:05.948 [ForkJoinPool-1-worker-13] INFO  com.intuit.karate - [print] [
  "infoservice@cbs.nl",
  "infoservice@cbs.nl",
  "",
  "",
  ""
]

15:24:05.950 [ForkJoinPool-1-worker-13] INFO  com.intuit.karate - [print] organisation: [
  "Centraal Bureau voor de Statistiek",
  "Centraal Bureau voor de Statistiek",
  "PDOK"
]

15:24:05.953 [ForkJoinPool-1-worker-13] INFO  com.intuit.karate - [print]
15:24:05.984 [ForkJoinPool-1-worker-11] INFO  com.intuit.karate - [print] title:Maritieme grenzen - basislijn Noordzee
15:24:05.985 [ForkJoinPool-1-worker-11] INFO  com.intuit.karate - [print] Maritieme grenzen - basislijn Noordzee
15:24:05.986 [ForkJoinPool-1-worker-11] INFO  com.intuit.karate - [print] [
  "data@hydro.nl",
  "data@hydro.nl",
  "data@hydro.nl"
]

15:24:05.998 [ForkJoinPool-1-worker-11] INFO  com.intuit.karate - [print] organisation: [
  "Ministerie van Defensie, Koninklijke Marine, Dienst der Hydrografie",
  "Ministerie van Defensie, Koninklijke Marine, Dienst der Hydrografie",
  "Ministerie van Defensie, Koninklijke Marine, Dienst der Hydrografie"
]

15:24:06.000 [ForkJoinPool-1-worker-11] INFO  com.intuit.karate - [print]
15:24:06.055 [ForkJoinPool-1-worker-5] INFO  com.intuit.karate - [print] title:Nederlands deel PSSA Waddenzee
15:24:06.056 [ForkJoinPool-1-worker-5] INFO  com.intuit.karate - [print] Nederlands deel PSSA Waddenzee
15:24:06.057 [ForkJoinPool-1-worker-5] INFO  com.intuit.karate - [print] [
  "data@hydro.nl",
  "data@hydro.nl",
  "data@hydro.nl",
  "",
  ""
]

15:24:06.059 [ForkJoinPool-1-worker-5] INFO  com.intuit.karate - [print] organisation: [
  "Ministerie van Defensie, Koninklijke Marine, Dienst der Hydrografie",
  "Ministerie van Defensie, Koninklijke Marine, Dienst der Hydrografie",
  "Ministerie van Defensie, Koninklijke Marine, Dienst der Hydrografie"
]

15:24:06.062 [ForkJoinPool-1-worker-5] INFO  com.intuit.karate - [print]
15:24:06.362 [ForkJoinPool-1-worker-7] INFO  com.intuit.karate - [print] title:Luchtfoto 2018 25cm RGB open data
15:24:06.363 [ForkJoinPool-1-worker-7] INFO  com.intuit.karate - [print] Luchtfoto 2018 25cm RGB open data
15:24:06.365 [ForkJoinPool-1-worker-7] INFO  com.intuit.karate - [print] [
  "PPB-GVA@kadaster.nl",
  "info@hetwaterschapshuis.nl",
  "kcc@kadaster.nl",
  "",
  "",
  "",
  "",
  "",
  ""
]

15:24:06.366 [ForkJoinPool-1-worker-7] INFO  com.intuit.karate - [print] organisation: [
  "Kadaster",
  "Het Waterschapshuis",
  "Kadaster",
  "Eurosense",
  "Eurosense",
  "Eurosense",
  "Kadaster",
  "Kadaster"
]

15:24:06.368 [ForkJoinPool-1-worker-7] INFO  com.intuit.karate - [print]
15:24:06.393 [ForkJoinPool-1-worker-9] INFO  com.intuit.karate - [print] title:Publiekrechtelijke beperkingen
15:24:06.393 [ForkJoinPool-1-worker-9] INFO  com.intuit.karate - [print] Publiekrechtelijke beperkingen
15:24:06.394 [ForkJoinPool-1-worker-9] INFO  com.intuit.karate - [print] [
  "PPB-GVA@kadaster.nl",
  "kcc@kadaster.nl"
]

15:24:06.395 [ForkJoinPool-1-worker-9] INFO  com.intuit.karate - [print] organisation: [
  "Kadaster",
  "Kadaster"
]

15:24:06.397 [ForkJoinPool-1-worker-9] INFO  com.intuit.karate - [print]
15:24:06.418 [ForkJoinPool-1-worker-3] INFO  com.intuit.karate - [print] title:Kaderrichtlijn Water - Deelstroomgebieden Nederland 2019 vlakken
15:24:06.418 [ForkJoinPool-1-worker-3] INFO  com.intuit.karate - [print] Kaderrichtlijn Water - Deelstroomgebieden Nederland 2019 vlakken
15:24:06.419 [ForkJoinPool-1-worker-3] INFO  com.intuit.karate - [print] [
  "servicedesk-data@rijkswaterstaat.nl",
  "servicedesk-data@rijkswaterstaat.nl",
  "",
  "servicedesk-data@rijkswaterstaat.nl",
  "servicedesk-data@rijkswaterstaat.nl"
]

15:24:06.421 [ForkJoinPool-1-worker-3] INFO  com.intuit.karate - [print] organisation: [
  "Rijkswaterstaat",
  "Rijkswaterstaat",
  "",
  "Rijkswaterstaat",
  "Rijkswaterstaat"
]

15:24:06.422 [ForkJoinPool-1-worker-3] INFO  com.intuit.karate - [print]
15:24:06.542 [ForkJoinPool-1-worker-13] INFO  com.intuit.karate - [print] title:Gebieden in de territoriale zee
15:24:06.543 [ForkJoinPool-1-worker-13] INFO  com.intuit.karate - [print] Gebieden in de territoriale zee
15:24:06.544 [ForkJoinPool-1-worker-13] INFO  com.intuit.karate - [print] [
  "data@hydro.nl",
  "data@hydro.nl",
  "data@hydro.nl",
  "",
  ""
]

15:24:06.546 [ForkJoinPool-1-worker-13] INFO  com.intuit.karate - [print] organisation: [
  "Ministerie van Defensie, Koninklijke Marine, Dienst der Hydrografie",
  "Ministerie van Defensie, Koninklijke Marine, Dienst der Hydrografie",
  "Ministerie van Defensie, Koninklijke Marine, Dienst der Hydrografie"
]

15:24:06.547 [ForkJoinPool-1-worker-13] INFO  com.intuit.karate - [print]
15:24:06.606 [ForkJoinPool-1-worker-11] INFO  com.intuit.karate - [print] title:Gebiedsbeheer, gebieden waar beperkingen gelden, gereguleerde gebieden en rapportage-eenheden - Provincies (INSPIRE geharmoniseerd)
15:24:06.607 [ForkJoinPool-1-worker-11] INFO  com.intuit.karate - [print] Gebiedsbeheer, gebieden waar beperkingen gelden, gereguleerde gebieden en rapportage-eenheden - Provincies (INSPIRE geharmoniseerd)
15:24:06.608 [ForkJoinPool-1-worker-11] INFO  com.intuit.karate - [print] [
  "inspire@gbo-provincies.nl",
  "inspire@gbo-provincies.nl",
  "inspire@gbo-provincies.nl"
]

15:24:06.610 [ForkJoinPool-1-worker-11] INFO  com.intuit.karate - [print] organisation: [
  "Interprovinciaal Overleg",
  "Interprovinciaal Overleg",
  "Interprovinciaal Overleg"
]

15:24:06.611 [ForkJoinPool-1-worker-11] INFO  com.intuit.karate - [print]
15:24:06.615 [ForkJoinPool-1-worker-5] INFO  com.intuit.karate - [print] title:Provinciale monumenten
15:24:06.615 [ForkJoinPool-1-worker-5] INFO  com.intuit.karate - [print] Provinciale monumenten
15:24:06.616 [ForkJoinPool-1-worker-5] INFO  com.intuit.karate - [print] [
  "inspire@gbo-provincies.nl",
  "inspire@gbo-provincies.nl",
  "inspire@gbo-provincies.nl"
]

15:24:06.618 [ForkJoinPool-1-worker-5] INFO  com.intuit.karate - [print] organisation: [
  "Interprovinciaal Overleg",
  "Interprovinciaal Overleg",
  "Interprovinciaal Overleg"
]

15:24:06.619 [ForkJoinPool-1-worker-5] INFO  com.intuit.karate - [print]
15:24:06.884 [ForkJoinPool-1-worker-7] INFO  com.intuit.karate - [print] title:Netwerk van KNMI waarneemstations
15:24:06.885 [ForkJoinPool-1-worker-7] INFO  com.intuit.karate - [print] Netwerk van KNMI waarneemstations
15:24:06.890 [ForkJoinPool-1-worker-7] INFO  com.intuit.karate - [print] [
  "datacentrum@knmi.nl",
  "datacentrum@knmi.nl",
  "datacentrum@knmi.nl"
]

15:24:06.897 [ForkJoinPool-1-worker-7] INFO  com.intuit.karate - [print] organisation: [
  "Koninklijk Nederlands Meteorologisch Instituut (KNMI)",
  "Koninklijk Nederlands Meteorologisch Instituut (KNMI)",
  "Koninklijk Nederlands Meteorologisch Instituut (KNMI)"
]

15:24:06.900 [ForkJoinPool-1-worker-7] INFO  com.intuit.karate - [print]
15:24:06.962 [ForkJoinPool-1-worker-9] INFO  com.intuit.karate - [print] title:Aardkundige waarden
15:24:06.962 [ForkJoinPool-1-worker-9] INFO  com.intuit.karate - [print] Aardkundige waarden
15:24:06.964 [ForkJoinPool-1-worker-9] INFO  com.intuit.karate - [print] [
  "inspire@gbo-provincies.nl",
  "inspire@gbo-provincies.nl",
  "inspire@gbo-provincies.nl"
]

15:24:06.967 [ForkJoinPool-1-worker-9] INFO  com.intuit.karate - [print] organisation: [
  "Interprovinciaal Overleg",
  "Interprovinciaal Overleg",
  "Interprovinciaal Overleg"
]

15:24:06.970 [ForkJoinPool-1-worker-9] INFO  com.intuit.karate - [print]
15:24:07.007 [ForkJoinPool-1-worker-3] INFO  com.intuit.karate - [print] title:zoutvelden en zoutproductieputten onder INSPIRE
15:24:07.007 [ForkJoinPool-1-worker-3] INFO  com.intuit.karate - [print] zoutvelden en zoutproductieputten onder INSPIRE
15:24:07.010 [ForkJoinPool-1-worker-3] INFO  com.intuit.karate - [print] [
  "info@dinoloket.nl",
  "info@dinoloket.nl",
  "info@dinoloket.nl"
]

15:24:07.012 [ForkJoinPool-1-worker-3] INFO  com.intuit.karate - [print] organisation: [
  "TNO Geologische Dienst Nederland",
  "TNO Geologische Dienst Nederland",
  "TNO Geologische Dienst Nederland"
]

15:24:07.015 [ForkJoinPool-1-worker-3] INFO  com.intuit.karate - [print]
15:24:07.106 [ForkJoinPool-1-worker-13] INFO  com.intuit.karate - [print] title:Potentieel koude en warmte uit open en gesloten WKO systemen (GJ/ha.jaar)
15:24:07.107 [ForkJoinPool-1-worker-13] INFO  com.intuit.karate - [print] Potentieel koude en warmte uit open en gesloten WKO systemen (GJ/ha.jaar)
15:24:07.108 [ForkJoinPool-1-worker-13] INFO  com.intuit.karate - [print] [
  "geodatabeheer.giscc@rvo.nl",
  "geodatabeheer.giscc@rvo.nl",
  "geodatabeheer.giscc@rvo.nl"
]

15:24:07.110 [ForkJoinPool-1-worker-13] INFO  com.intuit.karate - [print] organisation: [
  "Ministerie van Economische Zaken - GIS Competence Center",
  "Ministerie van Economische Zaken - GIS Competence Center"
]

15:24:07.112 [ForkJoinPool-1-worker-13] INFO  com.intuit.karate - [print]
15:24:07.169 [ForkJoinPool-1-worker-11] INFO  com.intuit.karate - [print] title:Hydrografie
15:24:07.170 [ForkJoinPool-1-worker-11] INFO  com.intuit.karate - [print] Hydrografie
15:24:07.171 [ForkJoinPool-1-worker-11] INFO  com.intuit.karate - [print] [
  "PPB-GVA@kadaster.nl",
  "kcc@kadaster.nl",
  "kcc@kadaster.nl"
]

15:24:07.173 [ForkJoinPool-1-worker-11] INFO  com.intuit.karate - [print] organisation: [
  "Kadaster",
  "Kadaster",
  "Kadaster"
]

15:24:07.174 [ForkJoinPool-1-worker-11] INFO  com.intuit.karate - [print]
15:24:07.251 [ForkJoinPool-1-worker-5] INFO  com.intuit.karate - [print] title:Werelderfgoed
15:24:07.252 [ForkJoinPool-1-worker-5] INFO  com.intuit.karate - [print] Werelderfgoed
15:24:07.257 [ForkJoinPool-1-worker-5] INFO  com.intuit.karate - [print] [
  "info@cultureelerfgoed.nl",
  "info@cultureelerfgoed.nl",
  "info@cultureelerfgoed.nl"
]

15:24:07.259 [ForkJoinPool-1-worker-5] INFO  com.intuit.karate - [print] organisation: [
  "Rijksdienst voor het Cultureel Erfgoed",
  "Rijksdienst voor het Cultureel Erfgoed",
  "Rijksdienst voor het Cultureel Erfgoed"
]

15:24:07.264 [ForkJoinPool-1-worker-5] INFO  com.intuit.karate - [print]
15:24:07.462 [ForkJoinPool-1-worker-7] INFO  com.intuit.karate - [print] title:Afgevoerde hoeveelheid afval in 2011 vanuit de industrie
15:24:07.462 [ForkJoinPool-1-worker-7] INFO  com.intuit.karate - [print] Afgevoerde hoeveelheid afval in 2011 vanuit de industrie
15:24:07.464 [ForkJoinPool-1-worker-7] INFO  com.intuit.karate - [print] [
  "emissieregistratie@rivm.nl",
  "",
  "emissieregistratie@rivm.nl"
]

15:24:07.465 [ForkJoinPool-1-worker-7] INFO  com.intuit.karate - [print] organisation: no organisationName found in dataset record
15:24:07.466 [ForkJoinPool-1-worker-7] INFO  com.intuit.karate - [print]
15:24:07.551 [ForkJoinPool-1-worker-9] INFO  com.intuit.karate - [print] title:Luchtfoto 2019 25cm RGB open data
15:24:07.552 [ForkJoinPool-1-worker-9] INFO  com.intuit.karate - [print] Luchtfoto 2019 25cm RGB open data
15:24:07.552 [ForkJoinPool-1-worker-9] INFO  com.intuit.karate - [print] [
  "PPB-GVA@kadaster.nl",
  "info@hetwaterschapshuis.nl",
  "kcc@kadaster.nl",
  "",
  "",
  "",
  "",
  "",
  ""
]

15:24:07.556 [ForkJoinPool-1-worker-9] INFO  com.intuit.karate - [print] organisation: [
  "Kadaster",
  "Het Waterschapshuis",
  "Kadaster",
  "Geocart",
  "Geocart",
  "Geocart",
  "Kadaster",
  "Kadaster"
]

15:24:07.559 [ForkJoinPool-1-worker-9] INFO  com.intuit.karate - [print]
15:24:07.656 [ForkJoinPool-1-worker-13] INFO  com.intuit.karate - [print] title:Statistical Units Vector
15:24:07.657 [ForkJoinPool-1-worker-13] INFO  com.intuit.karate - [print] Statistical Units Vector
15:24:07.658 [ForkJoinPool-1-worker-13] INFO  com.intuit.karate - [print] [
  "infoservice@cbs.nl",
  "infoservice@cbs.nl",
  "infoservice@cbs.nl",
  "",
  ""
]

15:24:07.660 [ForkJoinPool-1-worker-13] INFO  com.intuit.karate - [print] organisation: [
  "Statistics Netherlands",
  "Statistics Netherlands",
  "Statistics Netherlandds",
  "Statistics Netherlands"
]

15:24:07.661 [ForkJoinPool-1-worker-13] INFO  com.intuit.karate - [print]
15:24:07.671 [ForkJoinPool-1-worker-3] INFO  com.intuit.karate - [print] title:Luchtfoto 2016 25cm RGB open data
15:24:07.671 [ForkJoinPool-1-worker-3] INFO  com.intuit.karate - [print] Luchtfoto 2016 25cm RGB open data
15:24:07.672 [ForkJoinPool-1-worker-3] INFO  com.intuit.karate - [print] [
  "PPB-GVA@kadaster.nl",
  "info@hetwaterschapshuis.nl",
  "kcc@kadaster.nl",
  "",
  "",
  "",
  "",
  "",
  ""
]

15:24:07.674 [ForkJoinPool-1-worker-3] INFO  com.intuit.karate - [print] organisation: [
  "Kadaster",
  "Het Waterschapshuis",
  "Kadaster",
  "Eurosense",
  "Eurosense",
  "Eurosense",
  "Kadaster",
  "Kadaster"
]

15:24:07.677 [ForkJoinPool-1-worker-3] INFO  com.intuit.karate - [print]
15:24:07.769 [ForkJoinPool-1-worker-11] INFO  com.intuit.karate - [print] title:Vervoersnetwerken
15:24:07.770 [ForkJoinPool-1-worker-11] INFO  com.intuit.karate - [print] Vervoersnetwerken
15:24:07.771 [ForkJoinPool-1-worker-11] INFO  com.intuit.karate - [print] [
  "PPB-GVA@kadaster.nl",
  "kcc@kadaster.nl",
  "kcc@kadaster.nl"
]

15:24:07.773 [ForkJoinPool-1-worker-11] INFO  com.intuit.karate - [print] organisation: [
  "Kadaster",
  "Kadaster",
  "Kadaster"
]

15:24:07.774 [ForkJoinPool-1-worker-11] INFO  com.intuit.karate - [print]
15:24:07.822 [ForkJoinPool-1-worker-5] INFO  com.intuit.karate - [print] title:Totale potentie aardwarmte uit aquifers, INSPIRE
15:24:07.823 [ForkJoinPool-1-worker-5] INFO  com.intuit.karate - [print] Totale potentie aardwarmte uit aquifers, INSPIRE
15:24:07.824 [ForkJoinPool-1-worker-5] INFO  com.intuit.karate - [print] [
  "info@dinoloket.nl",
  "info@dinoloket.nl",
  "info@dinoloket.nl"
]

15:24:07.826 [ForkJoinPool-1-worker-5] INFO  com.intuit.karate - [print] organisation: [
  "TNO Geologische Dienst Nederland",
  "TNO Geologische Dienst Nederland",
  "TNO Geologische Dienst Nederland"
]

15:24:07.828 [ForkJoinPool-1-worker-5] INFO  com.intuit.karate - [print]
15:24:08.091 [ForkJoinPool-1-worker-7] INFO  com.intuit.karate - [print] title:Vervoersnetwerken - Kabelbanen (INSPIRE geharmoniseerd)
15:24:08.091 [ForkJoinPool-1-worker-7] INFO  com.intuit.karate - [print] Vervoersnetwerken - Kabelbanen (INSPIRE geharmoniseerd)
15:24:08.092 [ForkJoinPool-1-worker-7] INFO  com.intuit.karate - [print] [
  "PPB-GVA@kadaster.nl",
  "kcc@kadaster.nl"
]

15:24:08.094 [ForkJoinPool-1-worker-7] INFO  com.intuit.karate - [print] organisation: [
  "Kadaster",
  "Kadaster"
]

15:24:08.096 [ForkJoinPool-1-worker-7] INFO  com.intuit.karate - [print]
15:24:08.132 [ForkJoinPool-1-worker-9] INFO  com.intuit.karate - [print] title:Administratieve Eenheden (INSPIRE geharmoniseerd)
15:24:08.132 [ForkJoinPool-1-worker-9] INFO  com.intuit.karate - [print] Administratieve Eenheden (INSPIRE geharmoniseerd)
15:24:08.133 [ForkJoinPool-1-worker-9] INFO  com.intuit.karate - [print] [
  "PPB-GVA@kadaster.nl",
  "kcc@kadaster.nl"
]

15:24:08.134 [ForkJoinPool-1-worker-9] INFO  com.intuit.karate - [print] organisation: [
  "Kadaster",
  "Kadaster"
]

15:24:08.136 [ForkJoinPool-1-worker-9] INFO  com.intuit.karate - [print]
15:24:08.285 [ForkJoinPool-1-worker-13] INFO  com.intuit.karate - [print] title:Omgevingsdosisequivalenttempo Nationaal Meetnet Radioactiviteit 2011
15:24:08.285 [ForkJoinPool-1-worker-13] INFO  com.intuit.karate - [print] Omgevingsdosisequivalenttempo Nationaal Meetnet Radioactiviteit 2011
15:24:08.287 [ForkJoinPool-1-worker-13] INFO  com.intuit.karate - [print] [
  "geodata@rivm.nl",
  "",
  "geodata@rivm.nl"
]

15:24:08.288 [ForkJoinPool-1-worker-13] INFO  com.intuit.karate - [print] organisation: no organisationName found in dataset record
15:24:08.290 [ForkJoinPool-1-worker-13] INFO  com.intuit.karate - [print]
15:24:08.319 [ForkJoinPool-1-worker-3] INFO  com.intuit.karate - [print] title:Emissies naar lucht en water in 2011 vanuit de industrie
15:24:08.320 [ForkJoinPool-1-worker-3] INFO  com.intuit.karate - [print] Emissies naar lucht en water in 2011 vanuit de industrie
15:24:08.321 [ForkJoinPool-1-worker-3] INFO  com.intuit.karate - [print] [
  "emissieregistratie@rivm.nl",
  "",
  "emissieregistratie@rivm.nl"
]

15:24:08.322 [ForkJoinPool-1-worker-3] INFO  com.intuit.karate - [print] organisation: no organisationName found in dataset record
15:24:08.324 [ForkJoinPool-1-worker-3] INFO  com.intuit.karate - [print]
15:24:08.393 [ForkJoinPool-1-worker-11] INFO  com.intuit.karate - [print] title:Kaderrichtlijn Water - Oppervlaktewaterlichamen Nederland EU2015 vlakken
15:24:08.394 [ForkJoinPool-1-worker-11] INFO  com.intuit.karate - [print] Kaderrichtlijn Water - Oppervlaktewaterlichamen Nederland EU2015 vlakken
15:24:08.395 [ForkJoinPool-1-worker-11] INFO  com.intuit.karate - [print] [
  "servicedesk@ihw.nl",
  "servicedesk-data@rijkswaterstaat.nl",
  "",
  "servicedesk-data@rijkswaterstaat.nl",
  "servicedesk@ihw.nl"
]

15:24:08.397 [ForkJoinPool-1-worker-11] INFO  com.intuit.karate - [print] organisation: [
  "Informatiehuis Water",
  "Informatiehuis Water",
  "",
  "Rijkswaterstaat",
  "Informatiehuis Water"
]

15:24:08.399 [ForkJoinPool-1-worker-11] INFO  com.intuit.karate - [print]
15:24:08.514 [ForkJoinPool-1-worker-5] INFO  com.intuit.karate - [print] title:Mosselzaadinvanginstallaties
15:24:08.514 [ForkJoinPool-1-worker-5] INFO  com.intuit.karate - [print] Mosselzaadinvanginstallaties
15:24:08.515 [ForkJoinPool-1-worker-5] INFO  com.intuit.karate - [print] [
  "geodatabeheer.giscc@rvo.nl",
  "VR@minez.nl",
  "geodatabeheer.giscc@rvo.nl",
  "beheer@pdok.nl"
]

15:24:08.517 [ForkJoinPool-1-worker-5] INFO  com.intuit.karate - [print] organisation: no organisationName found in dataset record
15:24:08.519 [ForkJoinPool-1-worker-5] INFO  com.intuit.karate - [print]
15:24:08.688 [ForkJoinPool-1-worker-7] INFO  com.intuit.karate - [print] title:EEZ volgens UNCLOS - Noordzee
15:24:08.689 [ForkJoinPool-1-worker-7] INFO  com.intuit.karate - [print] EEZ volgens UNCLOS - Noordzee
15:24:08.690 [ForkJoinPool-1-worker-7] INFO  com.intuit.karate - [print] [
  "data@hydro.nl",
  "data@hydro.nl",
  "data@hydro.nl",
  "",
  ""
]

15:24:08.691 [ForkJoinPool-1-worker-7] INFO  com.intuit.karate - [print] organisation: [
  "Ministerie van Defensie, Koninklijke Marine, Dienst der Hydrografie",
  "Ministerie van Defensie, Koninklijke Marine, Dienst der Hydrografie",
  "Ministerie van Defensie, Koninklijke Marine, Dienst der Hydrografie"
]

15:24:08.692 [ForkJoinPool-1-worker-7] INFO  com.intuit.karate - [print]
15:24:08.746 [ForkJoinPool-1-worker-9] INFO  com.intuit.karate - [print] title:Territoriale Zee volgens UNCLOS - Noordzee
15:24:08.747 [ForkJoinPool-1-worker-9] INFO  com.intuit.karate - [print] Territoriale Zee volgens UNCLOS - Noordzee
15:24:08.748 [ForkJoinPool-1-worker-9] INFO  com.intuit.karate - [print] [
  "data@hydro.nl",
  "data@hydro.nl",
  "data@hydro.nl",
  "",
  ""
]

15:24:08.749 [ForkJoinPool-1-worker-9] INFO  com.intuit.karate - [print] organisation: [
  "Ministerie van Defensie, Koninklijke Marine, Dienst der Hydrografie",
  "Ministerie van Defensie, Koninklijke Marine, Dienst der Hydrografie",
  "Ministerie van Defensie, Koninklijke Marine, Dienst der Hydrografie"
]

15:24:08.751 [ForkJoinPool-1-worker-9] INFO  com.intuit.karate - [print]
15:24:08.895 [ForkJoinPool-1-worker-13] INFO  com.intuit.karate - [print] title:Kaderrichtlijn Mariene Strategie - Rapportage eenheden Nederland EU2018
15:24:08.895 [ForkJoinPool-1-worker-13] INFO  com.intuit.karate - [print] Kaderrichtlijn Mariene Strategie - Rapportage eenheden Nederland EU2018
15:24:08.897 [ForkJoinPool-1-worker-13] INFO  com.intuit.karate - [print] [
  "servicedesk-data@rijkswaterstaat.nl",
  "servicedesk-data@rijkswaterstaat.nl",
  "",
  "servicedesk-data@rijkswaterstaat.nl",
  "servicedesk-data@rijkswaterstaat.nl"
]

15:24:08.899 [ForkJoinPool-1-worker-13] INFO  com.intuit.karate - [print] organisation: [
  "Rijkswaterstaat",
  "Rijkswaterstaat",
  "",
  "Rijkswaterstaat",
  "Rijkswaterstaat"
]

15:24:08.900 [ForkJoinPool-1-worker-13] INFO  com.intuit.karate - [print]
15:24:09.049 [ForkJoinPool-1-worker-11] INFO  com.intuit.karate - [print] title:Vergunningen Mijnbouwwet onder INSPIRE
15:24:09.050 [ForkJoinPool-1-worker-11] INFO  com.intuit.karate - [print] Vergunningen Mijnbouwwet onder INSPIRE
15:24:09.054 [ForkJoinPool-1-worker-3] INFO  com.intuit.karate - [print] title:Kaderrichtlijn Mariene Strategie - Mariene wateren Nederland EU2018
15:24:09.054 [ForkJoinPool-1-worker-3] INFO  com.intuit.karate - [print] Kaderrichtlijn Mariene Strategie - Mariene wateren Nederland EU2018
15:24:09.055 [ForkJoinPool-1-worker-3] INFO  com.intuit.karate - [print] [
  "servicedesk-data@rijkswaterstaat.nl",
  "servicedesk-data@rijkswaterstaat.nl",
  "",
  "servicedesk-data@rijkswaterstaat.nl",
  "servicedesk-data@rijkswaterstaat.nl"
]

15:24:09.056 [ForkJoinPool-1-worker-11] INFO  com.intuit.karate - [print] [
  "info@dinoloket.nl",
  "info@dinoloket.nl",
  "info@dinoloket.nl"
]

15:24:09.057 [ForkJoinPool-1-worker-3] INFO  com.intuit.karate - [print] organisation: [
  "Rijkswaterstaat",
  "Rijkswaterstaat",
  "",
  "Rijkswaterstaat",
  "Rijkswaterstaat"
]

15:24:09.060 [ForkJoinPool-1-worker-3] INFO  com.intuit.karate - [print]
15:24:09.058 [ForkJoinPool-1-worker-11] INFO  com.intuit.karate - [print] organisation: [
  "TNO Geologische Dienst Nederland",
  "TNO Geologische Dienst Nederland",
  "TNO Geologische Dienst Nederland"
]

15:24:09.064 [ForkJoinPool-1-worker-11] INFO  com.intuit.karate - [print]
15:24:09.125 [ForkJoinPool-1-worker-5] INFO  com.intuit.karate - [print] title:Natuurlijke alfa activiteitsconcentratie in lucht Nationaal Meetnet Radioactiviteit 2011
15:24:09.126 [ForkJoinPool-1-worker-5] INFO  com.intuit.karate - [print] Natuurlijke alfa activiteitsconcentratie in lucht Nationaal Meetnet Radioactiviteit 2011
15:24:09.127 [ForkJoinPool-1-worker-5] INFO  com.intuit.karate - [print] [
  "geodata@rivm.nl",
  "",
  "geodata@rivm.nl"
]

15:24:09.127 [ForkJoinPool-1-worker-5] INFO  com.intuit.karate - [print] organisation: no organisationName found in dataset record
15:24:09.128 [ForkJoinPool-1-worker-5] INFO  com.intuit.karate - [print]
15:24:09.251 [ForkJoinPool-1-worker-13] INFO  com.intuit.karate - [print] title:Luchtvaartinformatie
15:24:09.252 [ForkJoinPool-1-worker-13] INFO  com.intuit.karate - [print] Luchtvaartinformatie
15:24:09.253 [ForkJoinPool-1-worker-13] INFO  com.intuit.karate - [print] [
  "AIS@LVNL.NL",
  "AIS@LVNL.nl"
]

15:24:09.255 [ForkJoinPool-1-worker-13] INFO  com.intuit.karate - [print] organisation: [
  "Luchtverkeersleiding Nederland (LVNL)",
  "Luchtverkeersleiding Nederland (LVNL)"
]

15:24:09.257 [ForkJoinPool-1-worker-13] INFO  com.intuit.karate - [print]
15:24:09.313 [ForkJoinPool-1-worker-7] INFO  com.intuit.karate - [print] title:Wetlands (RAMSAR) (INSPIRE Geharmoniseerd)
15:24:09.313 [ForkJoinPool-1-worker-7] INFO  com.intuit.karate - [print] Wetlands (RAMSAR) (INSPIRE Geharmoniseerd)
15:24:09.314 [ForkJoinPool-1-worker-7] INFO  com.intuit.karate - [print] [
  "geodatabeheer.giscc@rvo.nl",
  "geodatabeheer.giscc@rvo.nl",
  "geodatabeheer.giscc@rvo.nl",
  "GeoDesk.CGI@wur.nl",
  "beheer@pdok.nl",
  "",
  ""
]

15:24:09.316 [ForkJoinPool-1-worker-7] INFO  com.intuit.karate - [print] organisation: [
  "",
  ""
]

15:24:09.317 [ForkJoinPool-1-worker-7] INFO  com.intuit.karate - [print]
15:24:09.368 [ForkJoinPool-1-worker-9] INFO  com.intuit.karate - [print] title:Kwaliteit van drinkwater in Nederland (2012)
15:24:09.368 [ForkJoinPool-1-worker-9] INFO  com.intuit.karate - [print] Kwaliteit van drinkwater in Nederland (2012)
15:24:09.369 [ForkJoinPool-1-worker-9] INFO  com.intuit.karate - [print] [
  "geodata@rivm.nl",
  "",
  "geodata@rivm.nl"
]

15:24:09.370 [ForkJoinPool-1-worker-9] INFO  com.intuit.karate - [print] organisation: [
  "RIVM",
  ""
]

15:24:09.372 [ForkJoinPool-1-worker-9] INFO  com.intuit.karate - [print]
15:24:09.571 [ForkJoinPool-1-worker-11] INFO  com.intuit.karate - [print] title:Stads- en Dorpsgezichten
15:24:09.572 [ForkJoinPool-1-worker-11] INFO  com.intuit.karate - [print] Stads- en Dorpsgezichten
15:24:09.573 [ForkJoinPool-1-worker-11] INFO  com.intuit.karate - [print] [
  "info@cultureelerfgoed.nl",
  "info@cultureelerfgoed.nl",
  "info@cultureelerfgoed.nl"
]

15:24:09.575 [ForkJoinPool-1-worker-11] INFO  com.intuit.karate - [print] organisation: [
  "Rijksdienst voor het Cultureel Erfgoed",
  "Rijksdienst voor het Cultureel Erfgoed",
  "Rijksdienst voor het Cultureel Erfgoed"
]

15:24:09.577 [ForkJoinPool-1-worker-11] INFO  com.intuit.karate - [print]
15:24:09.667 [ForkJoinPool-1-worker-3] INFO  com.intuit.karate - [print] title:Geluidkaart hoofdspoornet 2016 (Lden)
15:24:09.668 [ForkJoinPool-1-worker-3] INFO  com.intuit.karate - [print] Geluidkaart hoofdspoornet 2016 (Lden)
15:24:09.669 [ForkJoinPool-1-worker-3] INFO  com.intuit.karate - [print] [
  "sylvia.koolmees@minienw.nl",
  "sylvia.koolmees@minienw.nl"
]

15:24:09.671 [ForkJoinPool-1-worker-3] INFO  com.intuit.karate - [print] organisation: [
  "Ministerie van IenW",
  "Ministerie van IenW"
]

15:24:09.672 [ForkJoinPool-1-worker-3] INFO  com.intuit.karate - [print]
15:24:09.723 [ForkJoinPool-1-worker-5] INFO  com.intuit.karate - [print] title:Actuele synoptische weerwaarnemingen KNMI Nederland per 10 minuten (24 uur)
15:24:09.724 [ForkJoinPool-1-worker-5] INFO  com.intuit.karate - [print] Actuele synoptische weerwaarnemingen KNMI Nederland per 10 minuten (24 uur)
15:24:09.737 [ForkJoinPool-1-worker-5] INFO  com.intuit.karate - [print] [
  "datacentrum@knmi.nl",
  "datacentrum@knmi.nl",
  "datacentrum@knmi.nl"
]

15:24:09.742 [ForkJoinPool-1-worker-5] INFO  com.intuit.karate - [print] organisation: [
  "Koninklijk Nederlands Meteorologisch Instituut (KNMI)",
  "Koninklijk Nederlands Meteorologisch Instituut (KNMI)",
  "Koninklijk Nederlands Meteorologisch Instituut (KNMI)"
]

15:24:09.750 [ForkJoinPool-1-worker-5] INFO  com.intuit.karate - [print]
15:24:09.840 [ForkJoinPool-1-worker-7] INFO  com.intuit.karate - [print] title:Aardbevingen Nederland (KNMI)
15:24:09.841 [ForkJoinPool-1-worker-7] INFO  com.intuit.karate - [print] Aardbevingen Nederland (KNMI)
15:24:09.843 [ForkJoinPool-1-worker-7] INFO  com.intuit.karate - [print] [
  "datacentrum@knmi.nl",
  "datacentrum@knmi.nl",
  "datacentrum@knmi.nl"
]

15:24:09.847 [ForkJoinPool-1-worker-13] INFO  com.intuit.karate - [print] title:Afvalinrichtingen inclusief nucleaire inrichtingen
15:24:09.848 [ForkJoinPool-1-worker-13] INFO  com.intuit.karate - [print] Afvalinrichtingen inclusief nucleaire inrichtingen
15:24:09.849 [ForkJoinPool-1-worker-13] INFO  com.intuit.karate - [print] [
  "inspire@gbo-provincies.nl",
  "inspire@gbo-provincies.nl",
  "inspire@gbo-provincies.nl"
]

15:24:09.851 [ForkJoinPool-1-worker-13] INFO  com.intuit.karate - [print] organisation: [
  "Interprovinciaal Overleg",
  "Interprovinciaal Overleg",
  "Interprovinciaal Overleg"
]

15:24:09.853 [ForkJoinPool-1-worker-13] INFO  com.intuit.karate - [print]
15:24:09.854 [ForkJoinPool-1-worker-7] INFO  com.intuit.karate - [print] organisation: [
  "Koninklijk Nederlands Meteorologisch Instituut (KNMI)",
  "Koninklijk Nederlands Meteorologisch Instituut (KNMI)",
  "Koninklijk Nederlands Meteorologisch Instituut (KNMI)"
]

15:24:09.861 [ForkJoinPool-1-worker-7] INFO  com.intuit.karate - [print]
15:24:09.946 [ForkJoinPool-1-worker-9] INFO  com.intuit.karate - [print] title:Gecontroleerde klimatologische daggegevens KNMI Nederland
15:24:09.948 [ForkJoinPool-1-worker-9] INFO  com.intuit.karate - [print] Gecontroleerde klimatologische daggegevens KNMI Nederland
15:24:09.950 [ForkJoinPool-1-worker-9] INFO  com.intuit.karate - [print] [
  "datacentrum@knmi.nl",
  "datacentrum@knmi.nl",
  "datacentrum@knmi.nl"
]

15:24:09.952 [ForkJoinPool-1-worker-9] INFO  com.intuit.karate - [print] organisation: [
  "Koninklijk Nederlands Meteorologisch Instituut (KNMI)",
  "Koninklijk Nederlands Meteorologisch Instituut (KNMI)",
  "Koninklijk Nederlands Meteorologisch Instituut (KNMI)"
]

15:24:09.955 [ForkJoinPool-1-worker-9] INFO  com.intuit.karate - [print]
15:24:10.155 [ForkJoinPool-1-worker-11] INFO  com.intuit.karate - [print] title:Vervoersnetwerken - Luchttransport (INSPIRE geharmoniseerd)
15:24:10.156 [ForkJoinPool-1-worker-11] INFO  com.intuit.karate - [print] Vervoersnetwerken - Luchttransport (INSPIRE geharmoniseerd)
15:24:10.157 [ForkJoinPool-1-worker-11] INFO  com.intuit.karate - [print] [
  "PPB-GVA@kadaster.nl",
  "kcc@kadaster.nl"
]

15:24:10.159 [ForkJoinPool-1-worker-11] INFO  com.intuit.karate - [print] organisation: [
  "Kadaster",
  "Kadaster"
]

15:24:10.160 [ForkJoinPool-1-worker-11] INFO  com.intuit.karate - [print]
15:24:10.212 [ForkJoinPool-1-worker-13] INFO  com.intuit.karate - [print] title:Zwemwaterlocaties en zwemwaterkwaliteit - monsterpunten
15:24:10.212 [ForkJoinPool-1-worker-13] INFO  com.intuit.karate - [print] Zwemwaterlocaties en zwemwaterkwaliteit - monsterpunten
15:24:10.214 [ForkJoinPool-1-worker-13] INFO  com.intuit.karate - [print] [
  "inspire@gbo-provincies.nl",
  "inspire@gbo-provincies.nl",
  "inspire@gbo-provincies.nl"
]

15:24:10.215 [ForkJoinPool-1-worker-13] INFO  com.intuit.karate - [print] organisation: [
  "Interprovinciaal Overleg",
  "Interprovinciaal Overleg",
  "Interprovinciaal Overleg",
  "Interprovinciaal Overleg",
  "Interprovinciaal Overleg"
]

15:24:10.284 [ForkJoinPool-1-worker-3] INFO  com.intuit.karate - [print] title:Rijksmonumenten (verouderd)
15:24:10.285 [ForkJoinPool-1-worker-3] INFO  com.intuit.karate - [print] Rijksmonumenten (verouderd)
15:24:10.286 [ForkJoinPool-1-worker-3] INFO  com.intuit.karate - [print] [
  "info@cultureelerfgoed.nl",
  "info@cultureelerfgoed.nl"
]

15:24:10.287 [ForkJoinPool-1-worker-3] INFO  com.intuit.karate - [print] organisation: [
  "Rijksdienst voor het Cultureel Erfgoed",
  "Rijksdienst voor het Cultureel Erfgoed"
]

15:24:10.288 [ForkJoinPool-1-worker-3] INFO  com.intuit.karate - [print]
15:24:10.290 [ForkJoinPool-1-worker-5] INFO  com.intuit.karate - [print] title:Windsnelheden op 100m hoogte (m/s)
15:24:10.290 [ForkJoinPool-1-worker-5] INFO  com.intuit.karate - [print] Windsnelheden op 100m hoogte (m/s)
15:24:10.291 [ForkJoinPool-1-worker-5] INFO  com.intuit.karate - [print] [
  "geodatabeheer.giscc@rvo.nl",
  "geodatabeheer.giscc@rvo.nl",
  ""
]

15:24:10.295 [ForkJoinPool-1-worker-5] INFO  com.intuit.karate - [print] organisation: no organisationName found in dataset record
15:24:10.301 [ForkJoinPool-1-worker-5] INFO  com.intuit.karate - [print]
15:24:10.484 [ForkJoinPool-1-worker-7] INFO  com.intuit.karate - [print] title:Actueel Hoogtebestand Nederland 2 (AHN2)
15:24:10.484 [ForkJoinPool-1-worker-7] INFO  com.intuit.karate - [print] Actueel Hoogtebestand Nederland 2 (AHN2)
15:24:10.485 [ForkJoinPool-1-worker-7] INFO  com.intuit.karate - [print] [
  "servicedesk-data@rijkswaterstaat.nl",
  "servicedesk-data@rijkswaterstaat.nl",
  "",
  "servicedesk-data@rijkswaterstaat.nl",
  "servicedesk-data@rijkswaterstaat.nl"
]

15:24:10.486 [ForkJoinPool-1-worker-7] INFO  com.intuit.karate - [print] organisation: [
  "Rijkswaterstaat",
  "stuurgroep AHN",
  "",
  "Rijkswaterstaat",
  "Rijkswaterstaat"
]

15:24:10.488 [ForkJoinPool-1-worker-7] INFO  com.intuit.karate - [print]
15:24:10.549 [ForkJoinPool-1-worker-9] INFO  com.intuit.karate - [print] title:Waterstanden en afvoeren actueel - Rijkswaterstaat
15:24:10.549 [ForkJoinPool-1-worker-9] INFO  com.intuit.karate - [print] Waterstanden en afvoeren actueel - Rijkswaterstaat
15:24:10.550 [ForkJoinPool-1-worker-9] INFO  com.intuit.karate - [print] [
  "servicedesk-data@rijkswaterstaat.nl",
  "servicedesk-data@rijkswaterstaat.nl",
  "",
  "servicedesk-data@rijkswaterstaat.nl",
  "servicedesk-data@rijkswaterstaat.nl"
]

15:24:10.551 [ForkJoinPool-1-worker-9] INFO  com.intuit.karate - [print] organisation: [
  "Rijkswaterstaat",
  "Rijkswaterstaat",
  "",
  "Rijkswaterstaat",
  "Rijkswaterstaat"
]

15:24:10.552 [ForkJoinPool-1-worker-9] INFO  com.intuit.karate - [print]
15:24:10.708 [ForkJoinPool-1-worker-11] INFO  com.intuit.karate - [print] title:CBS gebiedsindelingen
15:24:10.709 [ForkJoinPool-1-worker-11] INFO  com.intuit.karate - [print] CBS gebiedsindelingen
15:24:10.710 [ForkJoinPool-1-worker-11] INFO  com.intuit.karate - [print] [
  "infoservice@cbs.nl",
  "infoservice@cbs.nl",
  "infoservice@cbs.nl",
  "",
  ""
]

15:24:10.711 [ForkJoinPool-1-worker-11] INFO  com.intuit.karate - [print] organisation: [
  "Centraal Bureau voor de Statistiek",
  "Centraal Bureau voor de Statistiek",
  "Centraal Bureau voor de Statistiek",
  "Kadaster"
]

15:24:10.713 [ForkJoinPool-1-worker-11] INFO  com.intuit.karate - [print]
15:24:10.760 [ForkJoinPool-1-worker-13] INFO  com.intuit.karate - [print] title:Olie- en gasvelden onder INSPIRE
15:24:10.761 [ForkJoinPool-1-worker-13] INFO  com.intuit.karate - [print] Olie- en gasvelden onder INSPIRE
15:24:10.762 [ForkJoinPool-1-worker-13] INFO  com.intuit.karate - [print] [
  "info@dinoloket.nl",
  "info@dinoloket.nl",
  "info@dinoloket.nl"
]

15:24:10.764 [ForkJoinPool-1-worker-13] INFO  com.intuit.karate - [print] organisation: [
  "TNO Geologische Dienst Nederland",
  "TNO Geologische Dienst Nederland",
  "TNO Geologische Dienst Nederland"
]

15:24:10.765 [ForkJoinPool-1-worker-13] INFO  com.intuit.karate - [print]
15:24:10.844 [ForkJoinPool-1-worker-3] INFO  com.intuit.karate - [print] title:Beperkingen voor voertuigen (INSPIRE geharmoniseerde data)
15:24:10.844 [ForkJoinPool-1-worker-3] INFO  com.intuit.karate - [print] Beperkingen voor voertuigen (INSPIRE geharmoniseerde data)
15:24:10.845 [ForkJoinPool-1-worker-3] INFO  com.intuit.karate - [print] [
  "ontheffingen@rdw.nl",
  "ontheffingen@rdw.nl",
  "",
  ""
]

15:24:10.847 [ForkJoinPool-1-worker-3] INFO  com.intuit.karate - [print] organisation: [
  "RDW",
  "RDW",
  "RDW"
]

15:24:10.848 [ForkJoinPool-1-worker-3] INFO  com.intuit.karate - [print]
15:24:10.887 [ForkJoinPool-1-worker-5] INFO  com.intuit.karate - [print] title:Luchtfoto 2019 25cm CIR open data
15:24:10.887 [ForkJoinPool-1-worker-5] INFO  com.intuit.karate - [print] Luchtfoto 2019 25cm CIR open data
15:24:10.888 [ForkJoinPool-1-worker-5] INFO  com.intuit.karate - [print] [
  "PPB-GVA@kadaster.nl",
  "info@hetwaterschapshuis.nl",
  "kcc@kadaster.nl",
  "",
  "",
  "",
  "",
  "",
  ""
]

15:24:10.890 [ForkJoinPool-1-worker-5] INFO  com.intuit.karate - [print] organisation: [
  "Kadaster",
  "Het Waterschapshuis",
  "Kadaster",
  "Geocart",
  "Geocart",
  "Geocart",
  "Kadaster",
  "Kadaster"
]

15:24:10.892 [ForkJoinPool-1-worker-5] INFO  com.intuit.karate - [print]
15:24:11.074 [ForkJoinPool-1-worker-7] INFO  com.intuit.karate - [print] title:Productie/industrie-inrichtingen (o.b.v. SBI-codes) uit {Risico Register Gevaarlijke stoffen (RRGS)}
15:24:11.076 [ForkJoinPool-1-worker-7] INFO  com.intuit.karate - [print] Productie/industrie-inrichtingen (o.b.v. SBI-codes) uit {Risico Register Gevaarlijke stoffen (RRGS)}
15:24:11.077 [ForkJoinPool-1-worker-7] INFO  com.intuit.karate - [print] [
  "inspire@gbo-provincies.nl",
  "inspire@gbo-provincies.nl",
  "inspire@gbo-provincies.nl"
]

15:24:11.078 [ForkJoinPool-1-worker-7] INFO  com.intuit.karate - [print] organisation: [
  "Interprovinciaal Overleg",
  "Interprovinciaal Overleg",
  "Interprovinciaal Overleg"
]

15:24:11.081 [ForkJoinPool-1-worker-7] INFO  com.intuit.karate - [print]
15:24:11.141 [ForkJoinPool-1-worker-9] INFO  com.intuit.karate - [print] title:Bathymetrie Nederlands deel van de Noordzee dieper dan 10 m LAT
15:24:11.141 [ForkJoinPool-1-worker-9] INFO  com.intuit.karate - [print] Bathymetrie Nederlands deel van de Noordzee dieper dan 10 m LAT
15:24:11.143 [ForkJoinPool-1-worker-9] INFO  com.intuit.karate - [print] [
  "data@hydro.nl",
  "data@hydro.nl",
  "data@hydro.nl",
  "",
  ""
]

15:24:11.144 [ForkJoinPool-1-worker-9] INFO  com.intuit.karate - [print] organisation: [
  "Ministerie van Defensie, Koninklijke Marine, Dienst der Hydrografie",
  "Ministerie van Defensie, Koninklijke Marine, Dienst der Hydrografie"
]

15:24:11.146 [ForkJoinPool-1-worker-9] INFO  com.intuit.karate - [print]
15:24:11.306 [ForkJoinPool-1-worker-11] INFO  com.intuit.karate - [print] title:Ruimtelijke plannen Wro: Ruimtelijkeplannen.nl
15:24:11.306 [ForkJoinPool-1-worker-11] INFO  com.intuit.karate - [print] Ruimtelijke plannen Wro: Ruimtelijkeplannen.nl
15:24:11.308 [ForkJoinPool-1-worker-11] INFO  com.intuit.karate - [print] [
  "PPB-GVA@kadaster.nl",
  "ruimtelijkeplannen@kadaster.nl"
]

15:24:11.309 [ForkJoinPool-1-worker-11] INFO  com.intuit.karate - [print] organisation: [
  "Kadaster",
  "Kadaster"
]

15:24:11.310 [ForkJoinPool-1-worker-11] INFO  com.intuit.karate - [print]
15:24:11.364 [ForkJoinPool-1-worker-13] INFO  com.intuit.karate - [print] title:Geluidkaart hoofdspoornet 2016 (Lnight)
15:24:11.364 [ForkJoinPool-1-worker-13] INFO  com.intuit.karate - [print] Geluidkaart hoofdspoornet 2016 (Lnight)
15:24:11.366 [ForkJoinPool-1-worker-13] INFO  com.intuit.karate - [print] [
  "sylvia.koolmees@minienw.nl",
  "sylvia.koolmees@minienw.nl"
]

15:24:11.367 [ForkJoinPool-1-worker-13] INFO  com.intuit.karate - [print] organisation: [
  "Ministerie van IenW",
  "Ministerie van IenW"
]

15:24:11.368 [ForkJoinPool-1-worker-13] INFO  com.intuit.karate - [print]
15:24:11.375 [ForkJoinPool-1-worker-3] INFO  com.intuit.karate - [print] title:Landelijk zoet en zoutwatermeetnet - Rijkswaterstaat
15:24:11.376 [ForkJoinPool-1-worker-3] INFO  com.intuit.karate - [print] Landelijk zoet en zoutwatermeetnet - Rijkswaterstaat
15:24:11.377 [ForkJoinPool-1-worker-3] INFO  com.intuit.karate - [print] [
  "servicedesk-data@rijkswaterstaat.nl",
  "servicedesk-data@rijkswaterstaat.nl",
  "",
  "servicedesk-data@rijkswaterstaat.nl",
  "servicedesk-data@rijkswaterstaat.nl"
]

15:24:11.379 [ForkJoinPool-1-worker-3] INFO  com.intuit.karate - [print] organisation: [
  "Rijkswaterstaat",
  "Rijkswaterstaat",
  "",
  "Rijkswaterstaat",
  "Rijkswaterstaat"
]

15:24:11.381 [ForkJoinPool-1-worker-3] INFO  com.intuit.karate - [print]
15:24:11.468 [ForkJoinPool-1-worker-5] INFO  com.intuit.karate - [print] title:Maritieme grenzen - Noordzee
15:24:11.469 [ForkJoinPool-1-worker-5] INFO  com.intuit.karate - [print] Maritieme grenzen - Noordzee
15:24:11.471 [ForkJoinPool-1-worker-5] INFO  com.intuit.karate - [print] [
  "data@hydro.nl",
  "data@hydro.nl",
  "data@hydro.nl",
  "",
  ""
]

15:24:11.472 [ForkJoinPool-1-worker-5] INFO  com.intuit.karate - [print] organisation: [
  "Ministerie van Defensie, Koninklijke Marine, Dienst der Hydrografie",
  "Ministerie van Defensie, Koninklijke Marine, Dienst der Hydrografie",
  "Ministerie van Defensie, Koninklijke Marine, Dienst der Hydrografie"
]

15:24:11.473 [ForkJoinPool-1-worker-5] INFO  com.intuit.karate - [print]
15:24:11.644 [ForkJoinPool-1-worker-7] INFO  com.intuit.karate - [print] title:INSPIRE geharmoniseerde Beschermde Gebieden - Cultuur Historie
15:24:11.644 [ForkJoinPool-1-worker-7] INFO  com.intuit.karate - [print] INSPIRE geharmoniseerde Beschermde Gebieden - Cultuur Historie
15:24:11.646 [ForkJoinPool-1-worker-7] INFO  com.intuit.karate - [print] [
  "info@cultureelerfgoed.nl",
  "info@cultureelerfgoed.nl",
  "info@cultureelerfgoed.nl"
]

15:24:11.646 [ForkJoinPool-1-worker-7] INFO  com.intuit.karate - [print] organisation: [
  "Rijksdienst voor het Cultureel Erfgoed",
  "Rijksdienst voor het Cultureel Erfgoed",
  "Rijksdienst voor het Cultureel Erfgoed"
]

15:24:11.647 [ForkJoinPool-1-worker-7] INFO  com.intuit.karate - [print]
15:24:11.758 [ForkJoinPool-1-worker-9] INFO  com.intuit.karate - [print] title:Gebieden in de Eemsmonding en de Dollard
15:24:11.758 [ForkJoinPool-1-worker-9] INFO  com.intuit.karate - [print] Gebieden in de Eemsmonding en de Dollard
15:24:11.759 [ForkJoinPool-1-worker-9] INFO  com.intuit.karate - [print] [
  "data@hydro.nl",
  "data@hydro.nl",
  "data@hydro.nl"
]

15:24:11.760 [ForkJoinPool-1-worker-9] INFO  com.intuit.karate - [print] organisation: [
  "Ministerie van Defensie, Koninklijke Marine, Dienst der Hydrografie",
  "Ministerie van Defensie, Koninklijke Marine, Dienst der Hydrografie"
]

15:24:11.762 [ForkJoinPool-1-worker-9] INFO  com.intuit.karate - [print]
15:24:11.892 [ForkJoinPool-1-worker-11] INFO  com.intuit.karate - [print] title:CBS Vierkantstatistieken 100m
15:24:11.893 [ForkJoinPool-1-worker-11] INFO  com.intuit.karate - [print] CBS Vierkantstatistieken 100m
15:24:11.893 [ForkJoinPool-1-worker-11] INFO  com.intuit.karate - [print] [
  "infoservice@cbs.nl",
  "infoservice@cbs.nl",
  "infoservice@cbs.nl",
  ""
]

15:24:11.894 [ForkJoinPool-1-worker-11] INFO  com.intuit.karate - [print] organisation: [
  "Centraal Bureau voor de Statistiek",
  "Centraal Bureau voor de Statistiek",
  "Centraal Bureau voor de Statistiek",
  "Centraal Bureau voor de Statistiek"
]

15:24:11.895 [ForkJoinPool-1-worker-11] INFO  com.intuit.karate - [print]
15:24:12.092 [ForkJoinPool-1-worker-13] INFO  com.intuit.karate - [print] title:Begrenzingen van vergunde ontgrondingsgebieden voor zand- en grindwinning
15:24:12.092 [ForkJoinPool-1-worker-13] INFO  com.intuit.karate - [print] Begrenzingen van vergunde ontgrondingsgebieden voor zand- en grindwinning
15:24:12.093 [ForkJoinPool-1-worker-13] INFO  com.intuit.karate - [print] [
  "inspire@gbo-provincies.nl",
  "inspire@gbo-provincies.nl",
  "inspire@gbo-provincies.nl"
]

15:24:12.094 [ForkJoinPool-1-worker-13] INFO  com.intuit.karate - [print] organisation: [
  "Interprovinciaal Overleg",
  "Interprovinciaal Overleg",
  "Interprovinciaal Overleg"
]

15:24:12.095 [ForkJoinPool-1-worker-13] INFO  com.intuit.karate - [print]
15:24:12.206 [ForkJoinPool-1-worker-3] INFO  com.intuit.karate - [print] title:Hydrografie waterschappen INSPIRE
15:24:12.206 [ForkJoinPool-1-worker-3] INFO  com.intuit.karate - [print] Hydrografie waterschappen INSPIRE
15:24:12.208 [ForkJoinPool-1-worker-3] INFO  com.intuit.karate - [print] [
  "datastromen@hetwaterschapshuis.nl",
  "datastromen@hetwaterschapshuis.nl",
  "",
  "datastromen@hetwaterschapshuis.nl"
]

15:24:12.209 [ForkJoinPool-1-worker-3] INFO  com.intuit.karate - [print] organisation: [
  "Het Waterschapshuis",
  "Het Waterschapshuis",
  "Het Waterschapshuis",
  "Het Waterschapshuis"
]

15:24:12.210 [ForkJoinPool-1-worker-3] INFO  com.intuit.karate - [print]
15:24:12.290 [ForkJoinPool-1-worker-5] INFO  com.intuit.karate - [print] title:CBS Provincies 2012
15:24:12.290 [ForkJoinPool-1-worker-5] INFO  com.intuit.karate - [print] CBS Provincies 2012
15:24:12.292 [ForkJoinPool-1-worker-5] INFO  com.intuit.karate - [print] [
  "infoservice@cbs.nl",
  "infoservice@cbs.nl",
  "infoservice@cbs.nl",
  "",
  ""
]

15:24:12.293 [ForkJoinPool-1-worker-5] INFO  com.intuit.karate - [print] organisation: [
  "Centraal Bureau voor de Statistiek",
  "Centraal Bureau voor de Statistiek",
  "Centraal Bureau voor de Statistiek",
  "Kadaster"
]

15:24:12.295 [ForkJoinPool-1-worker-5] INFO  com.intuit.karate - [print]
15:24:12.330 [ForkJoinPool-1-worker-7] INFO  com.intuit.karate - [print] title:Zwemwaterkwaliteit (provinciaal en Rijkswateren) uit {Zwemwaterregister}
15:24:12.331 [ForkJoinPool-1-worker-7] INFO  com.intuit.karate - [print] Zwemwaterkwaliteit (provinciaal en Rijkswateren) uit {Zwemwaterregister}
15:24:12.331 [ForkJoinPool-1-worker-7] INFO  com.intuit.karate - [print] [
  "inspire@gbo-provincies.nl",
  "inspire@gbo-provincies.nl",
  "inspire@gbo-provincies.nl"
]

15:24:12.332 [ForkJoinPool-1-worker-7] INFO  com.intuit.karate - [print] organisation: [
  "Interprovinciaal Overleg",
  "Interprovinciaal Overleg",
  "Interprovinciaal Overleg"
]

15:24:12.334 [ForkJoinPool-1-worker-7] INFO  com.intuit.karate - [print]
15:24:12.370 [ForkJoinPool-1-worker-9] INFO  com.intuit.karate - [print] title:Emissies naar lucht en water in 2015 vanuit de industrie
15:24:12.371 [ForkJoinPool-1-worker-9] INFO  com.intuit.karate - [print] Emissies naar lucht en water in 2015 vanuit de industrie
15:24:12.372 [ForkJoinPool-1-worker-9] INFO  com.intuit.karate - [print] [
  "emissieregistratie@rivm.nl",
  "",
  "emissieregistratie@rivm.nl"
]

15:24:12.373 [ForkJoinPool-1-worker-9] INFO  com.intuit.karate - [print] organisation: no organisationName found in dataset record
15:24:12.374 [ForkJoinPool-1-worker-9] INFO  com.intuit.karate - [print]
15:24:12.565 [ForkJoinPool-1-worker-11] INFO  com.intuit.karate - [print] title:Natuurbranden
15:24:12.565 [ForkJoinPool-1-worker-11] INFO  com.intuit.karate - [print] Natuurbranden
15:24:12.566 [ForkJoinPool-1-worker-11] INFO  com.intuit.karate - [print] [
  "inspire@gbo-provincies.nl",
  "inspire@gbo-provincies.nl",
  "inspire@gbo-provincies.nl"
]

15:24:12.568 [ForkJoinPool-1-worker-11] INFO  com.intuit.karate - [print] organisation: [
  "Interprovinciaal Overleg",
  "Interprovinciaal Overleg",
  "Interprovinciaal Overleg"
]

15:24:12.570 [ForkJoinPool-1-worker-11] INFO  com.intuit.karate - [print]
15:24:12.780 [ForkJoinPool-1-worker-13] INFO  com.intuit.karate - [print] title:Menselijke gezondheid en veiligheid - geluidbelasting rijkswegen 2016 (INSPIRE geharmoniseerd)
15:24:12.781 [ForkJoinPool-1-worker-13] INFO  com.intuit.karate - [print] Menselijke gezondheid en veiligheid - geluidbelasting rijkswegen 2016 (INSPIRE geharmoniseerd)
15:24:12.782 [ForkJoinPool-1-worker-13] INFO  com.intuit.karate - [print] [
  "servicedesk-data@rijkswaterstaat.nl",
  "servicedesk-data@rijkswaterstaat.nl",
  "",
  "servicedesk-data@rijkswaterstaat.nl",
  "info@wetransform.to"
]

15:24:12.783 [ForkJoinPool-1-worker-13] INFO  com.intuit.karate - [print] organisation: [
  "Rijkswaterstaat",
  "Rijkswaterstaat",
  "",
  "Rijkswaterstaat",
  "Wetransform"
]

15:24:12.784 [ForkJoinPool-1-worker-13] INFO  com.intuit.karate - [print]
15:24:12.815 [ForkJoinPool-1-worker-3] INFO  com.intuit.karate - [print] title:Bathymetrie Nederland - binnenwateren
15:24:12.815 [ForkJoinPool-1-worker-3] INFO  com.intuit.karate - [print] Bathymetrie Nederland - binnenwateren
15:24:12.816 [ForkJoinPool-1-worker-3] INFO  com.intuit.karate - [print] [
  "servicedesk-data@rijkswaterstaat.nl",
  "servicedesk-data@rijkswaterstaat.nl",
  "",
  "servicedesk-data@rijkswaterstaat.nl",
  "servicedesk-data@rijkswaterstaat.nl"
]

15:24:12.817 [ForkJoinPool-1-worker-3] INFO  com.intuit.karate - [print] organisation: [
  "Rijkswaterstaat",
  "Rijkswaterstaat",
  "",
  "Rijkswaterstaat",
  "Rijkswaterstaat"
]

15:24:12.818 [ForkJoinPool-1-worker-3] INFO  com.intuit.karate - [print]
15:24:12.859 [ForkJoinPool-1-worker-5] INFO  com.intuit.karate - [print] title:Luchtfoto 2016 25cm CIR open data
15:24:12.859 [ForkJoinPool-1-worker-5] INFO  com.intuit.karate - [print] Luchtfoto 2016 25cm CIR open data
15:24:12.860 [ForkJoinPool-1-worker-5] INFO  com.intuit.karate - [print] [
  "PPB-GVA@kadaster.nl",
  "info@hetwaterschapshuis.nl",
  "kcc@kadaster.nl",
  "",
  "",
  "",
  "",
  "",
  ""
]

15:24:12.861 [ForkJoinPool-1-worker-5] INFO  com.intuit.karate - [print] organisation: [
  "Kadaster",
  "Het Waterschapshuis",
  "Kadaster",
  "Eurosense",
  "Eurosense",
  "Eurosense",
  "Kadaster",
  "Kadaster"
]

15:24:12.862 [ForkJoinPool-1-worker-5] INFO  com.intuit.karate - [print]
15:24:12.966 [ForkJoinPool-1-worker-7] INFO  com.intuit.karate - [print] title:BRO REGIS II Hydrogeologisch model (HGM)
15:24:12.966 [ForkJoinPool-1-worker-7] INFO  com.intuit.karate - [print] BRO REGIS II Hydrogeologisch model (HGM)
15:24:12.968 [ForkJoinPool-1-worker-7] INFO  com.intuit.karate - [print] [
  "info@bro.nl",
  "info@bro.nl",
  "info@dinoloket.nl"
]

15:24:12.992 [ForkJoinPool-1-worker-7] INFO  com.intuit.karate - [print] organisation: [
  "TNO Geologische Dienst Nederland",
  "TNO Geologische Dienst Nederland",
  "TNO Geologische Dienst Nederland"
]

15:24:12.997 [ForkJoinPool-1-worker-7] INFO  com.intuit.karate - [print]
15:24:13.003 [ForkJoinPool-1-worker-9] INFO  com.intuit.karate - [print] title:Nationaal Beschermde Gebieden (CDDA) (INSPIRE geharmoniseerd)
15:24:13.004 [ForkJoinPool-1-worker-9] INFO  com.intuit.karate - [print] Nationaal Beschermde Gebieden (CDDA) (INSPIRE geharmoniseerd)
15:24:13.006 [ForkJoinPool-1-worker-9] INFO  com.intuit.karate - [print] [
  "geodatabeheer.giscc@rvo.nl",
  "geodatabeheer.giscc@rvo.nl",
  "geodatabeheer.giscc@rvo.nl"
]

15:24:13.011 [ForkJoinPool-1-worker-9] INFO  com.intuit.karate - [print] organisation: [
  "Ministerie van Economische Zaken - GIS Competence Center",
  "Ministerie van Landbouw, Natuur en Voedselkwaliteit",
  "Ministerie van Economische Zaken - GIS Competence Center"
]

15:24:13.015 [ForkJoinPool-1-worker-9] INFO  com.intuit.karate - [print]
15:24:13.208 [ForkJoinPool-1-worker-11] INFO  com.intuit.karate - [print] title:BRO GeoTOP (GTM)
15:24:13.209 [ForkJoinPool-1-worker-11] INFO  com.intuit.karate - [print] BRO GeoTOP (GTM)
15:24:13.210 [ForkJoinPool-1-worker-11] INFO  com.intuit.karate - [print] [
  "info@bro.nl",
  "info@bro.nl",
  "info@dinoloket.nl"
]

15:24:13.212 [ForkJoinPool-1-worker-11] INFO  com.intuit.karate - [print] organisation: [
  "TNO Geologische Dienst Nederland",
  "TNO Geologische Dienst Nederland",
  "TNO Geologische Dienst Nederland"
]

15:24:13.214 [ForkJoinPool-1-worker-11] INFO  com.intuit.karate - [print]
15:24:13.341 [ForkJoinPool-1-worker-13] INFO  com.intuit.karate - [print] title:Habitatrichtlijn verspreidingsgebied van habitattypen
15:24:13.341 [ForkJoinPool-1-worker-13] INFO  com.intuit.karate - [print] Habitatrichtlijn verspreidingsgebied van habitattypen
15:24:13.342 [ForkJoinPool-1-worker-13] INFO  com.intuit.karate - [print] [
  "geodatabeheer.giscc@rvo.nl",
  "",
  "GeoDesk.CGI@wur.nl",
  "geodatabeheer.giscc@rvo.nl",
  "beheerPDOK@kadaster.nl",
  ""
]

15:24:13.343 [ForkJoinPool-1-worker-13] INFO  com.intuit.karate - [print] organisation: [
  "Ministerie van Economische Zaken - GIS Competence Center",
  "",
  "Wageningen Environmental Research (Alterra)",
  "PDOK",
  "Alterra"
]

15:24:13.344 [ForkJoinPool-1-worker-13] INFO  com.intuit.karate - [print]
15:24:13.390 [ForkJoinPool-1-worker-3] INFO  com.intuit.karate - [print] title:Nationale Landschappen
15:24:13.390 [ForkJoinPool-1-worker-3] INFO  com.intuit.karate - [print] Nationale Landschappen
15:24:13.391 [ForkJoinPool-1-worker-3] INFO  com.intuit.karate - [print] [
  "inspire@gbo-provincies.nl",
  "inspire@gbo-provincies.nl",
  "inspire@gbo-provincies.nl"
]

15:24:13.392 [ForkJoinPool-1-worker-3] INFO  com.intuit.karate - [print] organisation: [
  "Interprovinciaal Overleg",
  "Interprovinciaal Overleg",
  "Interprovinciaal Overleg"
]

15:24:13.392 [ForkJoinPool-1-worker-3] INFO  com.intuit.karate - [print]
15:24:13.531 [ForkJoinPool-1-worker-5] INFO  com.intuit.karate - [print] title:Richtlijn Stedelijk Afvalwater - lozingspunten Nederland EU2015
15:24:13.531 [ForkJoinPool-1-worker-5] INFO  com.intuit.karate - [print] Richtlijn Stedelijk Afvalwater - lozingspunten Nederland EU2015
15:24:13.532 [ForkJoinPool-1-worker-5] INFO  com.intuit.karate - [print] [
  "servicedesk-data@rijkswaterstaat.nl",
  "servicedesk-data@rijkswaterstaat.nl",
  "",
  "servicedesk-data@rijkswaterstaat.nl",
  "servicedesk-data@rijkswaterstaat.nl"
]

15:24:13.533 [ForkJoinPool-1-worker-5] INFO  com.intuit.karate - [print] organisation: [
  "Rijkswaterstaat",
  "Rijkswaterstaat",
  "",
  "Rijkswaterstaat",
  "Rijkswaterstaat"
]

15:24:13.534 [ForkJoinPool-1-worker-5] INFO  com.intuit.karate - [print]
15:24:13.567 [ForkJoinPool-1-worker-7] INFO  com.intuit.karate - [print] title:BRO Digital Geological Model (DGM)
15:24:13.568 [ForkJoinPool-1-worker-7] INFO  com.intuit.karate - [print] BRO Digital Geological Model (DGM)
15:24:13.569 [ForkJoinPool-1-worker-7] INFO  com.intuit.karate - [print] [
  "info@bro.nl",
  "info@bro.nl",
  "info@dinoloket.nl"
]

15:24:13.571 [ForkJoinPool-1-worker-7] INFO  com.intuit.karate - [print] organisation: [
  "TNO Geologische Dienst Nederland",
  "TNO Geologische Dienst Nederland",
  "TNO Geologische Dienst Nederland"
]

15:24:13.573 [ForkJoinPool-1-worker-7] INFO  com.intuit.karate - [print]
15:24:13.700 [ForkJoinPool-1-worker-9] INFO  com.intuit.karate - [print] title:Geologisch booronderzoek onder INSPIRE
15:24:13.700 [ForkJoinPool-1-worker-9] INFO  com.intuit.karate - [print] Geologisch booronderzoek onder INSPIRE
15:24:13.701 [ForkJoinPool-1-worker-9] INFO  com.intuit.karate - [print] [
  "info@dinoloket.nl",
  "info@dinoloket.nl",
  "info@dinoloket.nl"
]

15:24:13.702 [ForkJoinPool-1-worker-9] INFO  com.intuit.karate - [print] organisation: [
  "TNO Geologische Dienst Nederland",
  "TNO Geologische Dienst Nederland",
  "TNO Geologische Dienst Nederland"
]

15:24:13.703 [ForkJoinPool-1-worker-9] INFO  com.intuit.karate - [print]
15:24:13.792 [ForkJoinPool-1-worker-11] INFO  com.intuit.karate - [print] title:Geografische Namen (INSPIRE geharmoniseerd)
15:24:13.793 [ForkJoinPool-1-worker-11] INFO  com.intuit.karate - [print] Geografische Namen (INSPIRE geharmoniseerd)
15:24:13.794 [ForkJoinPool-1-worker-11] INFO  com.intuit.karate - [print] [
  "PPB-GVA@kadaster.nl",
  "kcc@kadaster.nl"
]

15:24:13.795 [ForkJoinPool-1-worker-11] INFO  com.intuit.karate - [print] organisation: [
  "Kadaster",
  "Kadaster"
]

15:24:13.797 [ForkJoinPool-1-worker-11] INFO  com.intuit.karate - [print]
15:24:13.912 [ForkJoinPool-1-worker-13] INFO  com.intuit.karate - [print] title:Vervoersnetwerken - Wegen (INSPIRE geharmoniseerd)
15:24:13.913 [ForkJoinPool-1-worker-13] INFO  com.intuit.karate - [print] Vervoersnetwerken - Wegen (INSPIRE geharmoniseerd)
15:24:13.914 [ForkJoinPool-1-worker-13] INFO  com.intuit.karate - [print] [
  "PPB-GVA@kadaster.nl",
  "kcc@kadaster.nl"
]

15:24:13.916 [ForkJoinPool-1-worker-13] INFO  com.intuit.karate - [print] organisation: [
  "Kadaster",
  "Kadaster"
]

15:24:13.918 [ForkJoinPool-1-worker-13] INFO  com.intuit.karate - [print]
15:24:14.000 [ForkJoinPool-1-worker-3] INFO  com.intuit.karate - [print] title:Geografische Namen (Nat) - Nederland
15:24:14.000 [ForkJoinPool-1-worker-3] INFO  com.intuit.karate - [print] Geografische Namen (Nat) - Nederland
15:24:14.001 [ForkJoinPool-1-worker-3] INFO  com.intuit.karate - [print] [
  "data@hydro.nl",
  "data@hydro.nl",
  "data@hydro.nl",
  "",
  ""
]

15:24:14.002 [ForkJoinPool-1-worker-3] INFO  com.intuit.karate - [print] organisation: [
  "Ministerie van Defensie, Koninklijke Marine, Dienst der Hydrografie",
  "Ministerie van Defensie, Koninklijke Marine, Dienst der Hydrografie",
  "Ministerie van Defensie, Koninklijke Marine, Dienst der Hydrografie"
]

15:24:14.003 [ForkJoinPool-1-worker-3] INFO  com.intuit.karate - [print]
15:24:14.062 [ForkJoinPool-1-worker-5] INFO  com.intuit.karate - [print] title:Landbouwbedrijven
15:24:14.062 [ForkJoinPool-1-worker-5] INFO  com.intuit.karate - [print] Landbouwbedrijven
15:24:14.064 [ForkJoinPool-1-worker-5] INFO  com.intuit.karate - [print] [
  "geodatabeheer.giscc@rvo.nl",
  "gegevensvragenASB@rvo.nl",
  "gegevensvragenASB@rvo.nl"
]

15:24:14.065 [ForkJoinPool-1-worker-5] INFO  com.intuit.karate - [print] organisation: no organisationName found in dataset record
15:24:14.066 [ForkJoinPool-1-worker-5] INFO  com.intuit.karate - [print]
15:24:14.187 [ForkJoinPool-1-worker-7] INFO  com.intuit.karate - [print] title:Landelijk grondwaterregister - Faciliteiten voor productie en industrie
15:24:14.187 [ForkJoinPool-1-worker-7] INFO  com.intuit.karate - [print] Landelijk grondwaterregister - Faciliteiten voor productie en industrie
15:24:14.189 [ForkJoinPool-1-worker-7] INFO  com.intuit.karate - [print] [
  "inspire@gbo-provincies.nl",
  "inspire@gbo-provincies.nl",
  "inspire@gbo-provincies.nl",
  "",
  ""
]

15:24:14.190 [ForkJoinPool-1-worker-7] INFO  com.intuit.karate - [print] organisation: [
  "Interprovinciaal Overleg",
  "Interprovinciaal Overleg",
  "Interprovinciaal Overleg",
  "Interprovinciaal Overleg",
  "Interprovinciaal Overleg"
]

15:24:14.191 [ForkJoinPool-1-worker-7] INFO  com.intuit.karate - [print]
15:24:14.281 [ForkJoinPool-1-worker-9] INFO  com.intuit.karate - [print] title:Gemeten Koolstofmonoxide concentraties in buitenlucht.
15:24:14.281 [ForkJoinPool-1-worker-9] INFO  com.intuit.karate - [print] Gemeten Koolstofmonoxide concentraties in buitenlucht.
15:24:14.282 [ForkJoinPool-1-worker-9] INFO  com.intuit.karate - [print] [
  "geodata@rivm.nl",
  "geodata@rivm.nl"
]

15:24:14.283 [ForkJoinPool-1-worker-9] INFO  com.intuit.karate - [print] organisation: RIVM
15:24:14.284 [ForkJoinPool-1-worker-9] INFO  com.intuit.karate - [print]
15:24:14.325 [ForkJoinPool-1-worker-11] INFO  com.intuit.karate - [print] title:Gemeten Fijn stof concentraties in buitenlucht.
15:24:14.326 [ForkJoinPool-1-worker-11] INFO  com.intuit.karate - [print] Gemeten Fijn stof concentraties in buitenlucht.
15:24:14.327 [ForkJoinPool-1-worker-11] INFO  com.intuit.karate - [print] [
  "geodata@rivm.nl",
  "geodata@rivm.nl"
]

15:24:14.328 [ForkJoinPool-1-worker-11] INFO  com.intuit.karate - [print] organisation: no organisationName found in dataset record
15:24:14.330 [ForkJoinPool-1-worker-11] INFO  com.intuit.karate - [print]
15:24:14.444 [ForkJoinPool-1-worker-13] INFO  com.intuit.karate - [print] title:Gemeten Stikstofdioxide concentraties in buitenlucht.
15:24:14.445 [ForkJoinPool-1-worker-13] INFO  com.intuit.karate - [print] Gemeten Stikstofdioxide concentraties in buitenlucht.
15:24:14.446 [ForkJoinPool-1-worker-13] INFO  com.intuit.karate - [print] [
  "geodata@rivm.nl",
  "geodata@rivm.nl"
]

15:24:14.447 [ForkJoinPool-1-worker-13] INFO  com.intuit.karate - [print] organisation: RIVM
15:24:14.448 [ForkJoinPool-1-worker-13] INFO  com.intuit.karate - [print]
15:24:14.550 [ForkJoinPool-1-worker-3] INFO  com.intuit.karate - [print] title:Richtlijn Overstromingsrisico - gebieden met Potentieel Significant Overstromingsrisico EU2018 lijnen
15:24:14.550 [ForkJoinPool-1-worker-3] INFO  com.intuit.karate - [print] Richtlijn Overstromingsrisico - gebieden met Potentieel Significant Overstromingsrisico EU2018 lijnen
15:24:14.551 [ForkJoinPool-1-worker-3] INFO  com.intuit.karate - [print] [
  "servicedesk-data@rijkswaterstaat.nl",
  "servicedesk-data@rijkswaterstaat.nl",
  "",
  "servicedesk-data@rijkswaterstaat.nl",
  "servicedesk-data@rijkswaterstaat.nl"
]

15:24:14.554 [ForkJoinPool-1-worker-3] INFO  com.intuit.karate - [print] organisation: [
  "Rijkswaterstaat",
  "Rijkswaterstaat",
  "",
  "Rijkswaterstaat",
  "Rijkswaterstaat"
]

15:24:14.555 [ForkJoinPool-1-worker-3] INFO  com.intuit.karate - [print]
15:24:14.611 [ForkJoinPool-1-worker-5] INFO  com.intuit.karate - [print] title:Beschermde gebieden - Provincies (INSPIRE geharmoniseerd)
15:24:14.611 [ForkJoinPool-1-worker-5] INFO  com.intuit.karate - [print] Beschermde gebieden - Provincies (INSPIRE geharmoniseerd)
15:24:14.612 [ForkJoinPool-1-worker-5] INFO  com.intuit.karate - [print] [
  "inspire@gbo-provincies.nl",
  "inspire@gbo-provincies.nl",
  "inspire@gbo-provincies.nl"
]

15:24:14.614 [ForkJoinPool-1-worker-5] INFO  com.intuit.karate - [print] organisation: [
  "Interprovinciaal Overleg",
  "Interprovinciaal Overleg",
  "Interprovinciaal Overleg"
]

15:24:14.614 [ForkJoinPool-1-worker-5] INFO  com.intuit.karate - [print]
15:24:14.700 [ForkJoinPool-1-worker-7] INFO  com.intuit.karate - [print] title:Gemeten fijnere fractie van Fijn stof concentraties in buitenlucht.
15:24:14.701 [ForkJoinPool-1-worker-7] INFO  com.intuit.karate - [print] Gemeten fijnere fractie van Fijn stof concentraties in buitenlucht.
15:24:14.703 [ForkJoinPool-1-worker-7] INFO  com.intuit.karate - [print] [
  "geodata@rivm.nl",
  "geodata@rivm.nl"
]

15:24:14.704 [ForkJoinPool-1-worker-7] INFO  com.intuit.karate - [print] organisation: no organisationName found in dataset record
15:24:14.705 [ForkJoinPool-1-worker-7] INFO  com.intuit.karate - [print]
15:24:14.900 [ForkJoinPool-1-worker-9] INFO  com.intuit.karate - [print] title:Gemeten Zwaveldioxide concentraties in buitenlucht.
15:24:14.900 [ForkJoinPool-1-worker-9] INFO  com.intuit.karate - [print] Gemeten Zwaveldioxide concentraties in buitenlucht.
15:24:14.901 [ForkJoinPool-1-worker-9] INFO  com.intuit.karate - [print] [
  "geodata@rivm.nl",
  "geodata@rivm.nl"
]

15:24:14.903 [ForkJoinPool-1-worker-9] INFO  com.intuit.karate - [print] organisation: no organisationName found in dataset record
15:24:14.904 [ForkJoinPool-1-worker-9] INFO  com.intuit.karate - [print]
15:24:14.928 [ForkJoinPool-1-worker-13] INFO  com.intuit.karate - [print] title:Kadastrale kaart v4
15:24:14.929 [ForkJoinPool-1-worker-13] INFO  com.intuit.karate - [print] Kadastrale kaart v4
15:24:14.931 [ForkJoinPool-1-worker-13] INFO  com.intuit.karate - [print] [
  "PPB-GVA@kadaster.nl",
  "kcc@kadaster.nl",
  "kcc@kadaster.nl",
  "",
  ""
]

15:24:14.932 [ForkJoinPool-1-worker-13] INFO  com.intuit.karate - [print] organisation: [
  "Kadaster",
  "Kadaster en Openbare Registers",
  "Dienst voor het Kadaster en de Openbare Registers"
]

15:24:14.934 [ForkJoinPool-1-worker-13] INFO  com.intuit.karate - [print]
15:24:14.989 [ForkJoinPool-1-worker-11] INFO  com.intuit.karate - [print] title:Gemeten Stikstofmonoxide concentraties in buitenlucht.
15:24:14.990 [ForkJoinPool-1-worker-11] INFO  com.intuit.karate - [print] Gemeten Stikstofmonoxide concentraties in buitenlucht.
15:24:14.991 [ForkJoinPool-1-worker-11] INFO  com.intuit.karate - [print] [
  "geodata@rivm.nl",
  "geodata@rivm.nl"
]

15:24:14.992 [ForkJoinPool-1-worker-11] INFO  com.intuit.karate - [print] organisation: no organisationName found in dataset record
15:24:14.993 [ForkJoinPool-1-worker-11] INFO  com.intuit.karate - [print]
15:24:15.244 [ForkJoinPool-1-worker-5] INFO  com.intuit.karate - [print] title:Gemeten Ammoniak concentraties in buitenlucht.
15:24:15.244 [ForkJoinPool-1-worker-5] INFO  com.intuit.karate - [print] Gemeten Ammoniak concentraties in buitenlucht.
15:24:15.245 [ForkJoinPool-1-worker-5] INFO  com.intuit.karate - [print] [
  "geodata@rivm.nl",
  "geodata@rivm.nl"
]

15:24:15.245 [ForkJoinPool-1-worker-3] INFO  com.intuit.karate - [print] title:Gemeten Ozon concentraties in buitenlucht.
15:24:15.246 [ForkJoinPool-1-worker-3] INFO  com.intuit.karate - [print] Gemeten Ozon concentraties in buitenlucht.
15:24:15.247 [ForkJoinPool-1-worker-3] INFO  com.intuit.karate - [print] [
  "geodata@rivm.nl",
  "geodata@rivm.nl"
]

15:24:15.248 [ForkJoinPool-1-worker-3] INFO  com.intuit.karate - [print] organisation: no organisationName found in dataset record
15:24:15.249 [ForkJoinPool-1-worker-3] INFO  com.intuit.karate - [print]
15:24:15.246 [ForkJoinPool-1-worker-5] INFO  com.intuit.karate - [print] organisation: no organisationName found in dataset record
15:24:15.250 [ForkJoinPool-1-worker-5] INFO  com.intuit.karate - [print]
15:24:15.327 [ForkJoinPool-1-worker-7] INFO  com.intuit.karate - [print] title:Jaarcijfers Landelijk Meetnet Luchtkwaliteit 2012
15:24:15.327 [ForkJoinPool-1-worker-7] INFO  com.intuit.karate - [print] Jaarcijfers Landelijk Meetnet Luchtkwaliteit 2012
15:24:15.328 [ForkJoinPool-1-worker-7] INFO  com.intuit.karate - [print] [
  "geodata@rivm.nl",
  "",
  "geodata@rivm.nl"
]

15:24:15.329 [ForkJoinPool-1-worker-7] INFO  com.intuit.karate - [print] organisation: no organisationName found in dataset record
15:24:15.332 [ForkJoinPool-1-worker-7] INFO  com.intuit.karate - [print]
15:24:15.487 [ForkJoinPool-1-worker-9] INFO  com.intuit.karate - [print] title:Luchtfoto 2018 25cm CIR open data
15:24:15.487 [ForkJoinPool-1-worker-9] INFO  com.intuit.karate - [print] Luchtfoto 2018 25cm CIR open data
15:24:15.488 [ForkJoinPool-1-worker-9] INFO  com.intuit.karate - [print] [
  "PPB-GVA@kadaster.nl",
  "info@hetwaterschapshuis.nl",
  "kcc@kadaster.nl",
  "",
  "",
  "",
  "",
  "",
  ""
]

15:24:15.490 [ForkJoinPool-1-worker-9] INFO  com.intuit.karate - [print] organisation: [
  "Kadaster",
  "Het Waterschapshuis",
  "Kadaster",
  "Eurosense",
  "Eurosense",
  "Eurosense",
  "Kadaster",
  "Kadaster"
]

15:24:15.492 [ForkJoinPool-1-worker-9] INFO  com.intuit.karate - [print]
15:24:15.559 [ForkJoinPool-1-worker-11] INFO  com.intuit.karate - [print] title:Wijk- en Buurtkaart 2019 versie 1
15:24:15.559 [ForkJoinPool-1-worker-11] INFO  com.intuit.karate - [print] Wijk- en Buurtkaart 2019 versie 1
15:24:15.562 [ForkJoinPool-1-worker-11] INFO  com.intuit.karate - [print] [
  "infoservice@cbs.nl",
  "infoservice@cbs.nl",
  "infoservice@cbs.nl",
  "",
  ""
]

15:24:15.563 [ForkJoinPool-1-worker-11] INFO  com.intuit.karate - [print] organisation: [
  "Centraal Bureau voor de Statistiek",
  "Centraal Bureau voor de Statistiek",
  "Centraal Bureau voor de Statistiek",
  "Kadaster"
]

15:24:15.566 [ForkJoinPool-1-worker-11] INFO  com.intuit.karate - [print]
15:24:15.642 [ForkJoinPool-1-worker-13] INFO  com.intuit.karate - [print] title:Geluidbelasting rijkswegen in Nederland 2011 (nacht gemiddelde)
15:24:15.643 [ForkJoinPool-1-worker-13] INFO  com.intuit.karate - [print] Geluidbelasting rijkswegen in Nederland 2011 (nacht gemiddelde)
15:24:15.645 [ForkJoinPool-1-worker-13] INFO  com.intuit.karate - [print] [
  "servicedesk-data@rijkswaterstaat.nl",
  "servicedesk-data@rijkswaterstaat.nl",
  "",
  "servicedesk-data@rijkswaterstaat.nl",
  "servicedesk-data@rijkswaterstaat.nl"
]

15:24:15.647 [ForkJoinPool-1-worker-13] INFO  com.intuit.karate - [print] organisation: [
  "Rijkswaterstaat",
  "Rijkswaterstaat",
  "",
  "Rijkswaterstaat",
  "Rijkswaterstaat"
]

15:24:15.649 [ForkJoinPool-1-worker-13] INFO  com.intuit.karate - [print]
15:24:15.877 [ForkJoinPool-1-worker-3] INFO  com.intuit.karate - [print] title:Geluidkaart hoofdspoornet 2011 (Lden)
15:24:15.877 [ForkJoinPool-1-worker-3] INFO  com.intuit.karate - [print] Geluidkaart hoofdspoornet 2011 (Lden)
15:24:15.879 [ForkJoinPool-1-worker-3] INFO  com.intuit.karate - [print] [
  "sylvia.koolmees@minienw.nl",
  "sylvia.koolmees@minienw.nl"
]

15:24:15.879 [ForkJoinPool-1-worker-3] INFO  com.intuit.karate - [print] organisation: [
  "Ministerie van IenW",
  "Ministerie van IenW"
]

15:24:15.880 [ForkJoinPool-1-worker-3] INFO  com.intuit.karate - [print]
15:24:15.960 [ForkJoinPool-1-worker-7] INFO  com.intuit.karate - [print] title:Natura 2000 (INSPIRE geharmoniseerd)
15:24:15.960 [ForkJoinPool-1-worker-7] INFO  com.intuit.karate - [print] Natura 2000 (INSPIRE geharmoniseerd)
15:24:16.029 [ForkJoinPool-1-worker-7] INFO  com.intuit.karate - [print] [
  "geodatabeheer.giscc@rvo.nl",
  "geodatabeheer.giscc@rvo.nl",
  "beheer@pdok.nl"
]

15:24:16.030 [ForkJoinPool-1-worker-7] INFO  com.intuit.karate - [print] organisation: Ministerie van Landbouw, Natuur en Voedselkwaliteit
15:24:16.031 [ForkJoinPool-1-worker-5] INFO  com.intuit.karate - [print] title:RDinfo
15:24:16.031 [ForkJoinPool-1-worker-5] INFO  com.intuit.karate - [print] RDinfo
15:24:16.036 [ForkJoinPool-1-worker-7] INFO  com.intuit.karate - [print]
15:24:16.041 [ForkJoinPool-1-worker-5] INFO  com.intuit.karate - [print] [
  "PPB-GVA@kadaster.nl",
  "kcc@kadaster.nl",
  "rd@kadaster.nl"
]

15:24:16.042 [ForkJoinPool-1-worker-5] INFO  com.intuit.karate - [print] organisation: [
  "Kadaster",
  "Dienst van Het Kadaster en Openbare Registers",
  "Dienst voor het Kadaster en de Openbare Registers"
]

15:24:16.046 [ForkJoinPool-1-worker-5] INFO  com.intuit.karate - [print]
15:24:18.717 [pool-1-thread-6] INFO  com.intuit.karate.Runner - <<fail>> feature 9 of 9: classpath:InspireTest/ngr/datasetrecords/check-known-dataset-record.feature
---------------------------------------------------------
feature: classpath:InspireTest/ngr/datasetrecords/check-known-dataset-record.feature
report: target/surefire-reports/InspireTest.ngr.datasetrecords.check-known-dataset-record.json
scenarios: 197 | passed:  0 | failed: 197 | time: 123.2903
---------------------------------------------------------
Karate version: 0.9.5
======================================================
elapsed: 115.89 | threads:    6 | thread time: 668.90 
features:     6 | ignored:    3 | efficiency: 0.96
scenarios:  380 | passed:   180 | failed: 200
======================================================
failed features:
InspireTest.ngr.datasetrecords.ngr-check-dataset-record: [1.2:16] ngr-check-dataset-record.feature:80 - feature call (loop) failed: classpath:InspireTest/ngr/datasetrecords/def/checkxlinkurl.template.feature
caller: classpath:InspireTest/ngr/datasetrecords/ngr-check-dataset-record.feature
items: [{link=https://nationaalgeoregister.nl/geonetwork/srv/resources7e290e63-f991-4cc3-beff-1ff08ce2be77}, {link=https://www.nationaalgeoregister.nl/geonetwork/srv/eng/thesaurus.download?ref=external.theme.inspire-theme}]
errors:
-------
feature call (loop) failed at index: 0
caller: classpath:InspireTest/ngr/datasetrecords/def/checkxlinkurl.template.feature
arg: {"link":"https://nationaalgeoregister.nl/geonetwork/srv/resources7e290e63-f991-4cc3-beff-1ff08ce2be77"}
checkxlinkurl.template.feature:15 - status code was: 404, expected: 200, response time: 286, url: https://nationaalgeoregister.nl/geonetwork/srv/resources7e290e63-f991-4cc3-beff-1ff08ce2be77, response: 
-------
feature call (loop) failed at index: 1
caller: classpath:InspireTest/ngr/datasetrecords/def/checkxlinkurl.template.feature
arg: {"link":"https://www.nationaalgeoregister.nl/geonetwork/srv/eng/thesaurus.download?ref=external.theme.inspire-theme"}
checkxlinkurl.template.feature:15 - status code was: 500, expected: 200, response time: 419, url: https://www.nationaalgeoregister.nl/geonetwork/srv/eng/thesaurus.download?ref=external.theme.inspire-theme, response: 
[1.3:16] ngr-check-dataset-record.feature:80 - feature call (loop) failed: classpath:InspireTest/ngr/datasetrecords/def/checkxlinkurl.template.feature
caller: classpath:InspireTest/ngr/datasetrecords/ngr-check-dataset-record.feature
items: [{link=http://standaarden.overheid.nl/owms/terms/Ministerie_van_Landbouw,_Natuur_en_Voedselkwaliteit}, {link=https://www.nationaalgeoregister.nl/geonetwork/srv/api/records3703b249-a0eb-484e-ba7a-10e31a55bcec}, {link=579}]
errors:
-------
feature call (loop) failed at index: 1
caller: classpath:InspireTest/ngr/datasetrecords/def/checkxlinkurl.template.feature
arg: {"link":"https://www.nationaalgeoregister.nl/geonetwork/srv/api/records3703b249-a0eb-484e-ba7a-10e31a55bcec"}
checkxlinkurl.template.feature:15 - status code was: 500, expected: 200, response time: 438, url: https://www.nationaalgeoregister.nl/geonetwork/srv/api/records3703b249-a0eb-484e-ba7a-10e31a55bcec, response: 
-------
feature call (loop) failed at index: 2
caller: classpath:InspireTest/ngr/datasetrecords/def/checkxlinkurl.template.feature
arg: {"link":"579"}
checkxlinkurl.template.feature:14 - 
org.apache.http.client.ClientProtocolException
[1.5:16] ngr-check-dataset-record.feature:80 - feature call (loop) failed: classpath:InspireTest/ngr/datasetrecords/def/checkxlinkurl.template.feature
caller: classpath:InspireTest/ngr/datasetrecords/ngr-check-dataset-record.feature
items: [{link=https://nationaalgeoregister.nl/geonetwork/srv/resourcesff07bd5a-d6eb-11ea-87d0-0242ac130003}, {link=https://www.nationaalgeoregister.nl/geonetwork/srv/eng/thesaurus.download?ref=external.theme.inspire-theme}]
errors:
-------
feature call (loop) failed at index: 0
caller: classpath:InspireTest/ngr/datasetrecords/def/checkxlinkurl.template.feature
arg: {"link":"https://nationaalgeoregister.nl/geonetwork/srv/resourcesff07bd5a-d6eb-11ea-87d0-0242ac130003"}
checkxlinkurl.template.feature:15 - status code was: 404, expected: 200, response time: 294, url: https://nationaalgeoregister.nl/geonetwork/srv/resourcesff07bd5a-d6eb-11ea-87d0-0242ac130003, response: 
-------
feature call (loop) failed at index: 1
caller: classpath:InspireTest/ngr/datasetrecords/def/checkxlinkurl.template.feature
arg: {"link":"https://www.nationaalgeoregister.nl/geonetwork/srv/eng/thesaurus.download?ref=external.theme.inspire-theme"}
checkxlinkurl.template.feature:15 - status code was: 500, expected: 200, response time: 384, url: https://www.nationaalgeoregister.nl/geonetwork/srv/eng/thesaurus.download?ref=external.theme.inspire-theme, response: 
InspireTest.ngr.datasetrecords.check-known-dataset-record: [1.1:16] check-known-dataset-record.feature:79 - javascript evaluation failed: karate.mapWithKey(nlinks ,'link'), ReferenceError: "nlinks" is not defined in <eval> at line number 1
[1.2:16] check-known-dataset-record.feature:79 - javascript evaluation failed: karate.mapWithKey(nlinks ,'link'), ReferenceError: "nlinks" is not defined in <eval> at line number 1
[1.3:16] check-known-dataset-record.feature:79 - javascript evaluation failed: karate.mapWithKey(nlinks ,'link'), ReferenceError: "nlinks" is not defined in <eval> at line number 1
[1.4:16] check-known-dataset-record.feature:79 - javascript evaluation failed: karate.mapWithKey(nlinks ,'link'), ReferenceError: "nlinks" is not defined in <eval> at line number 1
[1.5:16] check-known-dataset-record.feature:79 - javascript evaluation failed: karate.mapWithKey(nlinks ,'link'), ReferenceError: "nlinks" is not defined in <eval> at line number 1
[1.6:16] check-known-dataset-record.feature:79 - javascript evaluation failed: karate.mapWithKey(nlinks ,'link'), ReferenceError: "nlinks" is not defined in <eval> at line number 1
[1.7:16] check-known-dataset-record.feature:79 - javascript evaluation failed: karate.mapWithKey(nlinks ,'link'), ReferenceError: "nlinks" is not defined in <eval> at line number 1
[1.8:16] check-known-dataset-record.feature:79 - javascript evaluation failed: karate.mapWithKey(nlinks ,'link'), ReferenceError: "nlinks" is not defined in <eval> at line number 1
[1.9:16] check-known-dataset-record.feature:79 - javascript evaluation failed: karate.mapWithKey(nlinks ,'link'), ReferenceError: "nlinks" is not defined in <eval> at line number 1
[1.10:16] check-known-dataset-record.feature:79 - javascript evaluation failed: karate.mapWithKey(nlinks ,'link'), ReferenceError: "nlinks" is not defined in <eval> at line number 1
[1.11:16] check-known-dataset-record.feature:79 - javascript evaluation failed: karate.mapWithKey(nlinks ,'link'), ReferenceError: "nlinks" is not defined in <eval> at line number 1
[1.12:16] check-known-dataset-record.feature:79 - javascript evaluation failed: karate.mapWithKey(nlinks ,'link'), ReferenceError: "nlinks" is not defined in <eval> at line number 1
[1.13:16] check-known-dataset-record.feature:79 - javascript evaluation failed: karate.mapWithKey(nlinks ,'link'), ReferenceError: "nlinks" is not defined in <eval> at line number 1
[1.14:16] check-known-dataset-record.feature:79 - javascript evaluation failed: karate.mapWithKey(nlinks ,'link'), ReferenceError: "nlinks" is not defined in <eval> at line number 1
[1.15:16] check-known-dataset-record.feature:79 - javascript evaluation failed: karate.mapWithKey(nlinks ,'link'), ReferenceError: "nlinks" is not defined in <eval> at line number 1
[1.16:16] check-known-dataset-record.feature:79 - javascript evaluation failed: karate.mapWithKey(nlinks ,'link'), ReferenceError: "nlinks" is not defined in <eval> at line number 1
[1.17:16] check-known-dataset-record.feature:79 - javascript evaluation failed: karate.mapWithKey(nlinks ,'link'), ReferenceError: "nlinks" is not defined in <eval> at line number 1
[1.18:16] check-known-dataset-record.feature:79 - javascript evaluation failed: karate.mapWithKey(nlinks ,'link'), ReferenceError: "nlinks" is not defined in <eval> at line number 1
[1.19:16] check-known-dataset-record.feature:79 - javascript evaluation failed: karate.mapWithKey(nlinks ,'link'), ReferenceError: "nlinks" is not defined in <eval> at line number 1
[1.20:16] check-known-dataset-record.feature:79 - javascript evaluation failed: karate.mapWithKey(nlinks ,'link'), ReferenceError: "nlinks" is not defined in <eval> at line number 1
[1.21:16] check-known-dataset-record.feature:79 - javascript evaluation failed: karate.mapWithKey(nlinks ,'link'), ReferenceError: "nlinks" is not defined in <eval> at line number 1
[1.22:16] check-known-dataset-record.feature:79 - javascript evaluation failed: karate.mapWithKey(nlinks ,'link'), ReferenceError: "nlinks" is not defined in <eval> at line number 1
[1.23:16] check-known-dataset-record.feature:79 - javascript evaluation failed: karate.mapWithKey(nlinks ,'link'), ReferenceError: "nlinks" is not defined in <eval> at line number 1
[1.24:16] check-known-dataset-record.feature:79 - javascript evaluation failed: karate.mapWithKey(nlinks ,'link'), ReferenceError: "nlinks" is not defined in <eval> at line number 1
[1.25:16] check-known-dataset-record.feature:79 - javascript evaluation failed: karate.mapWithKey(nlinks ,'link'), ReferenceError: "nlinks" is not defined in <eval> at line number 1
[1.26:16] check-known-dataset-record.feature:79 - javascript evaluation failed: karate.mapWithKey(nlinks ,'link'), ReferenceError: "nlinks" is not defined in <eval> at line number 1
[1.27:16] check-known-dataset-record.feature:79 - javascript evaluation failed: karate.mapWithKey(nlinks ,'link'), ReferenceError: "nlinks" is not defined in <eval> at line number 1
[1.28:16] check-known-dataset-record.feature:79 - javascript evaluation failed: karate.mapWithKey(nlinks ,'link'), ReferenceError: "nlinks" is not defined in <eval> at line number 1
[1.29:16] check-known-dataset-record.feature:79 - javascript evaluation failed: karate.mapWithKey(nlinks ,'link'), ReferenceError: "nlinks" is not defined in <eval> at line number 1
[1.30:16] check-known-dataset-record.feature:47 - xpath does not exist: /GetRecordByIdResponse//@href on response
[1.31:16] check-known-dataset-record.feature:79 - javascript evaluation failed: karate.mapWithKey(nlinks ,'link'), ReferenceError: "nlinks" is not defined in <eval> at line number 1
[1.32:16] check-known-dataset-record.feature:79 - javascript evaluation failed: karate.mapWithKey(nlinks ,'link'), ReferenceError: "nlinks" is not defined in <eval> at line number 1
[1.33:16] check-known-dataset-record.feature:79 - javascript evaluation failed: karate.mapWithKey(nlinks ,'link'), ReferenceError: "nlinks" is not defined in <eval> at line number 1
[1.34:16] check-known-dataset-record.feature:79 - javascript evaluation failed: karate.mapWithKey(nlinks ,'link'), ReferenceError: "nlinks" is not defined in <eval> at line number 1
[1.35:16] check-known-dataset-record.feature:79 - javascript evaluation failed: karate.mapWithKey(nlinks ,'link'), ReferenceError: "nlinks" is not defined in <eval> at line number 1
[1.36:16] check-known-dataset-record.feature:79 - javascript evaluation failed: karate.mapWithKey(nlinks ,'link'), ReferenceError: "nlinks" is not defined in <eval> at line number 1
[1.37:16] check-known-dataset-record.feature:79 - javascript evaluation failed: karate.mapWithKey(nlinks ,'link'), ReferenceError: "nlinks" is not defined in <eval> at line number 1
[1.38:16] check-known-dataset-record.feature:79 - javascript evaluation failed: karate.mapWithKey(nlinks ,'link'), ReferenceError: "nlinks" is not defined in <eval> at line number 1
[1.39:16] check-known-dataset-record.feature:79 - javascript evaluation failed: karate.mapWithKey(nlinks ,'link'), ReferenceError: "nlinks" is not defined in <eval> at line number 1
[1.40:16] check-known-dataset-record.feature:79 - javascript evaluation failed: karate.mapWithKey(nlinks ,'link'), ReferenceError: "nlinks" is not defined in <eval> at line number 1
[1.41:16] check-known-dataset-record.feature:79 - javascript evaluation failed: karate.mapWithKey(nlinks ,'link'), ReferenceError: "nlinks" is not defined in <eval> at line number 1
[1.42:16] check-known-dataset-record.feature:79 - javascript evaluation failed: karate.mapWithKey(nlinks ,'link'), ReferenceError: "nlinks" is not defined in <eval> at line number 1
[1.43:16] check-known-dataset-record.feature:79 - javascript evaluation failed: karate.mapWithKey(nlinks ,'link'), ReferenceError: "nlinks" is not defined in <eval> at line number 1
[1.44:16] check-known-dataset-record.feature:79 - javascript evaluation failed: karate.mapWithKey(nlinks ,'link'), ReferenceError: "nlinks" is not defined in <eval> at line number 1
[1.45:16] check-known-dataset-record.feature:79 - javascript evaluation failed: karate.mapWithKey(nlinks ,'link'), ReferenceError: "nlinks" is not defined in <eval> at line number 1
[1.46:16] check-known-dataset-record.feature:79 - javascript evaluation failed: karate.mapWithKey(nlinks ,'link'), ReferenceError: "nlinks" is not defined in <eval> at line number 1
[1.47:16] check-known-dataset-record.feature:79 - javascript evaluation failed: karate.mapWithKey(nlinks ,'link'), ReferenceError: "nlinks" is not defined in <eval> at line number 1
[1.48:16] check-known-dataset-record.feature:79 - javascript evaluation failed: karate.mapWithKey(nlinks ,'link'), ReferenceError: "nlinks" is not defined in <eval> at line number 1
[1.49:16] check-known-dataset-record.feature:79 - javascript evaluation failed: karate.mapWithKey(nlinks ,'link'), ReferenceError: "nlinks" is not defined in <eval> at line number 1
[1.50:16] check-known-dataset-record.feature:79 - javascript evaluation failed: karate.mapWithKey(nlinks ,'link'), ReferenceError: "nlinks" is not defined in <eval> at line number 1
[1.51:16] check-known-dataset-record.feature:79 - javascript evaluation failed: karate.mapWithKey(nlinks ,'link'), ReferenceError: "nlinks" is not defined in <eval> at line number 1
[1.52:16] check-known-dataset-record.feature:79 - javascript evaluation failed: karate.mapWithKey(nlinks ,'link'), ReferenceError: "nlinks" is not defined in <eval> at line number 1
[1.53:16] check-known-dataset-record.feature:79 - javascript evaluation failed: karate.mapWithKey(nlinks ,'link'), ReferenceError: "nlinks" is not defined in <eval> at line number 1
[1.54:16] check-known-dataset-record.feature:79 - javascript evaluation failed: karate.mapWithKey(nlinks ,'link'), ReferenceError: "nlinks" is not defined in <eval> at line number 1
[1.55:16] check-known-dataset-record.feature:79 - javascript evaluation failed: karate.mapWithKey(nlinks ,'link'), ReferenceError: "nlinks" is not defined in <eval> at line number 1
[1.56:16] check-known-dataset-record.feature:79 - javascript evaluation failed: karate.mapWithKey(nlinks ,'link'), ReferenceError: "nlinks" is not defined in <eval> at line number 1
[1.57:16] check-known-dataset-record.feature:79 - javascript evaluation failed: karate.mapWithKey(nlinks ,'link'), ReferenceError: "nlinks" is not defined in <eval> at line number 1
[1.58:16] check-known-dataset-record.feature:79 - javascript evaluation failed: karate.mapWithKey(nlinks ,'link'), ReferenceError: "nlinks" is not defined in <eval> at line number 1
[1.59:16] check-known-dataset-record.feature:79 - javascript evaluation failed: karate.mapWithKey(nlinks ,'link'), ReferenceError: "nlinks" is not defined in <eval> at line number 1
[1.60:16] check-known-dataset-record.feature:79 - javascript evaluation failed: karate.mapWithKey(nlinks ,'link'), ReferenceError: "nlinks" is not defined in <eval> at line number 1
[1.61:16] check-known-dataset-record.feature:79 - javascript evaluation failed: karate.mapWithKey(nlinks ,'link'), ReferenceError: "nlinks" is not defined in <eval> at line number 1
[1.62:16] check-known-dataset-record.feature:79 - javascript evaluation failed: karate.mapWithKey(nlinks ,'link'), ReferenceError: "nlinks" is not defined in <eval> at line number 1
[1.63:16] check-known-dataset-record.feature:79 - javascript evaluation failed: karate.mapWithKey(nlinks ,'link'), ReferenceError: "nlinks" is not defined in <eval> at line number 1
[1.64:16] check-known-dataset-record.feature:79 - javascript evaluation failed: karate.mapWithKey(nlinks ,'link'), ReferenceError: "nlinks" is not defined in <eval> at line number 1
[1.65:16] check-known-dataset-record.feature:79 - javascript evaluation failed: karate.mapWithKey(nlinks ,'link'), ReferenceError: "nlinks" is not defined in <eval> at line number 1
[1.66:16] check-known-dataset-record.feature:79 - javascript evaluation failed: karate.mapWithKey(nlinks ,'link'), ReferenceError: "nlinks" is not defined in <eval> at line number 1
[1.67:16] check-known-dataset-record.feature:79 - javascript evaluation failed: karate.mapWithKey(nlinks ,'link'), ReferenceError: "nlinks" is not defined in <eval> at line number 1
[1.68:16] check-known-dataset-record.feature:79 - javascript evaluation failed: karate.mapWithKey(nlinks ,'link'), ReferenceError: "nlinks" is not defined in <eval> at line number 1
[1.69:16] check-known-dataset-record.feature:79 - javascript evaluation failed: karate.mapWithKey(nlinks ,'link'), ReferenceError: "nlinks" is not defined in <eval> at line number 1
[1.70:16] check-known-dataset-record.feature:79 - javascript evaluation failed: karate.mapWithKey(nlinks ,'link'), ReferenceError: "nlinks" is not defined in <eval> at line number 1
[1.71:16] check-known-dataset-record.feature:79 - javascript evaluation failed: karate.mapWithKey(nlinks ,'link'), ReferenceError: "nlinks" is not defined in <eval> at line number 1
[1.72:16] check-known-dataset-record.feature:79 - javascript evaluation failed: karate.mapWithKey(nlinks ,'link'), ReferenceError: "nlinks" is not defined in <eval> at line number 1
[1.73:16] check-known-dataset-record.feature:79 - javascript evaluation failed: karate.mapWithKey(nlinks ,'link'), ReferenceError: "nlinks" is not defined in <eval> at line number 1
[1.74:16] check-known-dataset-record.feature:79 - javascript evaluation failed: karate.mapWithKey(nlinks ,'link'), ReferenceError: "nlinks" is not defined in <eval> at line number 1
[1.75:16] check-known-dataset-record.feature:79 - javascript evaluation failed: karate.mapWithKey(nlinks ,'link'), ReferenceError: "nlinks" is not defined in <eval> at line number 1
[1.76:16] check-known-dataset-record.feature:79 - javascript evaluation failed: karate.mapWithKey(nlinks ,'link'), ReferenceError: "nlinks" is not defined in <eval> at line number 1
[1.77:16] check-known-dataset-record.feature:79 - javascript evaluation failed: karate.mapWithKey(nlinks ,'link'), ReferenceError: "nlinks" is not defined in <eval> at line number 1
[1.78:16] check-known-dataset-record.feature:79 - javascript evaluation failed: karate.mapWithKey(nlinks ,'link'), ReferenceError: "nlinks" is not defined in <eval> at line number 1
[1.79:16] check-known-dataset-record.feature:79 - javascript evaluation failed: karate.mapWithKey(nlinks ,'link'), ReferenceError: "nlinks" is not defined in <eval> at line number 1
[1.80:16] check-known-dataset-record.feature:79 - javascript evaluation failed: karate.mapWithKey(nlinks ,'link'), ReferenceError: "nlinks" is not defined in <eval> at line number 1
[1.81:16] check-known-dataset-record.feature:79 - javascript evaluation failed: karate.mapWithKey(nlinks ,'link'), ReferenceError: "nlinks" is not defined in <eval> at line number 1
[1.82:16] check-known-dataset-record.feature:79 - javascript evaluation failed: karate.mapWithKey(nlinks ,'link'), ReferenceError: "nlinks" is not defined in <eval> at line number 1
[1.83:16] check-known-dataset-record.feature:79 - javascript evaluation failed: karate.mapWithKey(nlinks ,'link'), ReferenceError: "nlinks" is not defined in <eval> at line number 1
[1.84:16] check-known-dataset-record.feature:79 - javascript evaluation failed: karate.mapWithKey(nlinks ,'link'), ReferenceError: "nlinks" is not defined in <eval> at line number 1
[1.85:16] check-known-dataset-record.feature:79 - javascript evaluation failed: karate.mapWithKey(nlinks ,'link'), ReferenceError: "nlinks" is not defined in <eval> at line number 1
[1.86:16] check-known-dataset-record.feature:79 - javascript evaluation failed: karate.mapWithKey(nlinks ,'link'), ReferenceError: "nlinks" is not defined in <eval> at line number 1
[1.87:16] check-known-dataset-record.feature:79 - javascript evaluation failed: karate.mapWithKey(nlinks ,'link'), ReferenceError: "nlinks" is not defined in <eval> at line number 1
[1.88:16] check-known-dataset-record.feature:79 - javascript evaluation failed: karate.mapWithKey(nlinks ,'link'), ReferenceError: "nlinks" is not defined in <eval> at line number 1
[1.89:16] check-known-dataset-record.feature:79 - javascript evaluation failed: karate.mapWithKey(nlinks ,'link'), ReferenceError: "nlinks" is not defined in <eval> at line number 1
[1.90:16] check-known-dataset-record.feature:79 - javascript evaluation failed: karate.mapWithKey(nlinks ,'link'), ReferenceError: "nlinks" is not defined in <eval> at line number 1
[1.91:16] check-known-dataset-record.feature:79 - javascript evaluation failed: karate.mapWithKey(nlinks ,'link'), ReferenceError: "nlinks" is not defined in <eval> at line number 1
[1.92:16] check-known-dataset-record.feature:79 - javascript evaluation failed: karate.mapWithKey(nlinks ,'link'), ReferenceError: "nlinks" is not defined in <eval> at line number 1
[1.93:16] check-known-dataset-record.feature:47 - xpath does not exist: /GetRecordByIdResponse//@href on response
[1.94:16] check-known-dataset-record.feature:79 - javascript evaluation failed: karate.mapWithKey(nlinks ,'link'), ReferenceError: "nlinks" is not defined in <eval> at line number 1
[1.95:16] check-known-dataset-record.feature:79 - javascript evaluation failed: karate.mapWithKey(nlinks ,'link'), ReferenceError: "nlinks" is not defined in <eval> at line number 1
[1.96:16] check-known-dataset-record.feature:79 - javascript evaluation failed: karate.mapWithKey(nlinks ,'link'), ReferenceError: "nlinks" is not defined in <eval> at line number 1
[1.97:16] check-known-dataset-record.feature:79 - javascript evaluation failed: karate.mapWithKey(nlinks ,'link'), ReferenceError: "nlinks" is not defined in <eval> at line number 1
[1.98:16] check-known-dataset-record.feature:79 - javascript evaluation failed: karate.mapWithKey(nlinks ,'link'), ReferenceError: "nlinks" is not defined in <eval> at line number 1
[1.99:16] check-known-dataset-record.feature:79 - javascript evaluation failed: karate.mapWithKey(nlinks ,'link'), ReferenceError: "nlinks" is not defined in <eval> at line number 1
[1.100:16] check-known-dataset-record.feature:79 - javascript evaluation failed: karate.mapWithKey(nlinks ,'link'), ReferenceError: "nlinks" is not defined in <eval> at line number 1
[1.101:16] check-known-dataset-record.feature:79 - javascript evaluation failed: karate.mapWithKey(nlinks ,'link'), ReferenceError: "nlinks" is not defined in <eval> at line number 1
[1.102:16] check-known-dataset-record.feature:79 - javascript evaluation failed: karate.mapWithKey(nlinks ,'link'), ReferenceError: "nlinks" is not defined in <eval> at line number 1
[1.103:16] check-known-dataset-record.feature:79 - javascript evaluation failed: karate.mapWithKey(nlinks ,'link'), ReferenceError: "nlinks" is not defined in <eval> at line number 1
[1.104:16] check-known-dataset-record.feature:79 - javascript evaluation failed: karate.mapWithKey(nlinks ,'link'), ReferenceError: "nlinks" is not defined in <eval> at line number 1
[1.105:16] check-known-dataset-record.feature:79 - javascript evaluation failed: karate.mapWithKey(nlinks ,'link'), ReferenceError: "nlinks" is not defined in <eval> at line number 1
[1.106:16] check-known-dataset-record.feature:79 - javascript evaluation failed: karate.mapWithKey(nlinks ,'link'), ReferenceError: "nlinks" is not defined in <eval> at line number 1
[1.107:16] check-known-dataset-record.feature:79 - javascript evaluation failed: karate.mapWithKey(nlinks ,'link'), ReferenceError: "nlinks" is not defined in <eval> at line number 1
[1.108:16] check-known-dataset-record.feature:79 - javascript evaluation failed: karate.mapWithKey(nlinks ,'link'), ReferenceError: "nlinks" is not defined in <eval> at line number 1
[1.109:16] check-known-dataset-record.feature:79 - javascript evaluation failed: karate.mapWithKey(nlinks ,'link'), ReferenceError: "nlinks" is not defined in <eval> at line number 1
[1.110:16] check-known-dataset-record.feature:79 - javascript evaluation failed: karate.mapWithKey(nlinks ,'link'), ReferenceError: "nlinks" is not defined in <eval> at line number 1
[1.111:16] check-known-dataset-record.feature:79 - javascript evaluation failed: karate.mapWithKey(nlinks ,'link'), ReferenceError: "nlinks" is not defined in <eval> at line number 1
[1.112:16] check-known-dataset-record.feature:79 - javascript evaluation failed: karate.mapWithKey(nlinks ,'link'), ReferenceError: "nlinks" is not defined in <eval> at line number 1
[1.113:16] check-known-dataset-record.feature:79 - javascript evaluation failed: karate.mapWithKey(nlinks ,'link'), ReferenceError: "nlinks" is not defined in <eval> at line number 1
[1.114:16] check-known-dataset-record.feature:79 - javascript evaluation failed: karate.mapWithKey(nlinks ,'link'), ReferenceError: "nlinks" is not defined in <eval> at line number 1
[1.115:16] check-known-dataset-record.feature:79 - javascript evaluation failed: karate.mapWithKey(nlinks ,'link'), ReferenceError: "nlinks" is not defined in <eval> at line number 1
[1.116:16] check-known-dataset-record.feature:79 - javascript evaluation failed: karate.mapWithKey(nlinks ,'link'), ReferenceError: "nlinks" is not defined in <eval> at line number 1
[1.117:16] check-known-dataset-record.feature:79 - javascript evaluation failed: karate.mapWithKey(nlinks ,'link'), ReferenceError: "nlinks" is not defined in <eval> at line number 1
[1.118:16] check-known-dataset-record.feature:79 - javascript evaluation failed: karate.mapWithKey(nlinks ,'link'), ReferenceError: "nlinks" is not defined in <eval> at line number 1
[1.119:16] check-known-dataset-record.feature:79 - javascript evaluation failed: karate.mapWithKey(nlinks ,'link'), ReferenceError: "nlinks" is not defined in <eval> at line number 1
[1.120:16] check-known-dataset-record.feature:79 - javascript evaluation failed: karate.mapWithKey(nlinks ,'link'), ReferenceError: "nlinks" is not defined in <eval> at line number 1
[1.121:16] check-known-dataset-record.feature:79 - javascript evaluation failed: karate.mapWithKey(nlinks ,'link'), ReferenceError: "nlinks" is not defined in <eval> at line number 1
[1.122:16] check-known-dataset-record.feature:79 - javascript evaluation failed: karate.mapWithKey(nlinks ,'link'), ReferenceError: "nlinks" is not defined in <eval> at line number 1
[1.123:16] check-known-dataset-record.feature:79 - javascript evaluation failed: karate.mapWithKey(nlinks ,'link'), ReferenceError: "nlinks" is not defined in <eval> at line number 1
[1.124:16] check-known-dataset-record.feature:79 - javascript evaluation failed: karate.mapWithKey(nlinks ,'link'), ReferenceError: "nlinks" is not defined in <eval> at line number 1
[1.125:16] check-known-dataset-record.feature:79 - javascript evaluation failed: karate.mapWithKey(nlinks ,'link'), ReferenceError: "nlinks" is not defined in <eval> at line number 1
[1.126:16] check-known-dataset-record.feature:79 - javascript evaluation failed: karate.mapWithKey(nlinks ,'link'), ReferenceError: "nlinks" is not defined in <eval> at line number 1
[1.127:16] check-known-dataset-record.feature:79 - javascript evaluation failed: karate.mapWithKey(nlinks ,'link'), ReferenceError: "nlinks" is not defined in <eval> at line number 1
[1.128:16] check-known-dataset-record.feature:79 - javascript evaluation failed: karate.mapWithKey(nlinks ,'link'), ReferenceError: "nlinks" is not defined in <eval> at line number 1
[1.129:16] check-known-dataset-record.feature:79 - javascript evaluation failed: karate.mapWithKey(nlinks ,'link'), ReferenceError: "nlinks" is not defined in <eval> at line number 1
[1.130:16] check-known-dataset-record.feature:79 - javascript evaluation failed: karate.mapWithKey(nlinks ,'link'), ReferenceError: "nlinks" is not defined in <eval> at line number 1
[1.131:16] check-known-dataset-record.feature:79 - javascript evaluation failed: karate.mapWithKey(nlinks ,'link'), ReferenceError: "nlinks" is not defined in <eval> at line number 1
[1.132:16] check-known-dataset-record.feature:79 - javascript evaluation failed: karate.mapWithKey(nlinks ,'link'), ReferenceError: "nlinks" is not defined in <eval> at line number 1
[1.133:16] check-known-dataset-record.feature:79 - javascript evaluation failed: karate.mapWithKey(nlinks ,'link'), ReferenceError: "nlinks" is not defined in <eval> at line number 1
[1.134:16] check-known-dataset-record.feature:79 - javascript evaluation failed: karate.mapWithKey(nlinks ,'link'), ReferenceError: "nlinks" is not defined in <eval> at line number 1
[1.135:16] check-known-dataset-record.feature:79 - javascript evaluation failed: karate.mapWithKey(nlinks ,'link'), ReferenceError: "nlinks" is not defined in <eval> at line number 1
[1.136:16] check-known-dataset-record.feature:79 - javascript evaluation failed: karate.mapWithKey(nlinks ,'link'), ReferenceError: "nlinks" is not defined in <eval> at line number 1
[1.137:16] check-known-dataset-record.feature:79 - javascript evaluation failed: karate.mapWithKey(nlinks ,'link'), ReferenceError: "nlinks" is not defined in <eval> at line number 1
[1.138:16] check-known-dataset-record.feature:79 - javascript evaluation failed: karate.mapWithKey(nlinks ,'link'), ReferenceError: "nlinks" is not defined in <eval> at line number 1
[1.139:16] check-known-dataset-record.feature:79 - javascript evaluation failed: karate.mapWithKey(nlinks ,'link'), ReferenceError: "nlinks" is not defined in <eval> at line number 1
[1.140:16] check-known-dataset-record.feature:79 - javascript evaluation failed: karate.mapWithKey(nlinks ,'link'), ReferenceError: "nlinks" is not defined in <eval> at line number 1
[1.141:16] check-known-dataset-record.feature:79 - javascript evaluation failed: karate.mapWithKey(nlinks ,'link'), ReferenceError: "nlinks" is not defined in <eval> at line number 1
[1.142:16] check-known-dataset-record.feature:47 - xpath does not exist: /GetRecordByIdResponse//@href on response
[1.143:16] check-known-dataset-record.feature:79 - javascript evaluation failed: karate.mapWithKey(nlinks ,'link'), ReferenceError: "nlinks" is not defined in <eval> at line number 1
[1.144:16] check-known-dataset-record.feature:79 - javascript evaluation failed: karate.mapWithKey(nlinks ,'link'), ReferenceError: "nlinks" is not defined in <eval> at line number 1
[1.145:16] check-known-dataset-record.feature:79 - javascript evaluation failed: karate.mapWithKey(nlinks ,'link'), ReferenceError: "nlinks" is not defined in <eval> at line number 1
[1.146:16] check-known-dataset-record.feature:79 - javascript evaluation failed: karate.mapWithKey(nlinks ,'link'), ReferenceError: "nlinks" is not defined in <eval> at line number 1
[1.147:16] check-known-dataset-record.feature:79 - javascript evaluation failed: karate.mapWithKey(nlinks ,'link'), ReferenceError: "nlinks" is not defined in <eval> at line number 1
[1.148:16] check-known-dataset-record.feature:79 - javascript evaluation failed: karate.mapWithKey(nlinks ,'link'), ReferenceError: "nlinks" is not defined in <eval> at line number 1
[1.149:16] check-known-dataset-record.feature:79 - javascript evaluation failed: karate.mapWithKey(nlinks ,'link'), ReferenceError: "nlinks" is not defined in <eval> at line number 1
[1.150:16] check-known-dataset-record.feature:79 - javascript evaluation failed: karate.mapWithKey(nlinks ,'link'), ReferenceError: "nlinks" is not defined in <eval> at line number 1
[1.151:16] check-known-dataset-record.feature:79 - javascript evaluation failed: karate.mapWithKey(nlinks ,'link'), ReferenceError: "nlinks" is not defined in <eval> at line number 1
[1.152:16] check-known-dataset-record.feature:79 - javascript evaluation failed: karate.mapWithKey(nlinks ,'link'), ReferenceError: "nlinks" is not defined in <eval> at line number 1
[1.153:16] check-known-dataset-record.feature:79 - javascript evaluation failed: karate.mapWithKey(nlinks ,'link'), ReferenceError: "nlinks" is not defined in <eval> at line number 1
[1.154:16] check-known-dataset-record.feature:79 - javascript evaluation failed: karate.mapWithKey(nlinks ,'link'), ReferenceError: "nlinks" is not defined in <eval> at line number 1
[1.155:16] check-known-dataset-record.feature:79 - javascript evaluation failed: karate.mapWithKey(nlinks ,'link'), ReferenceError: "nlinks" is not defined in <eval> at line number 1
[1.156:16] check-known-dataset-record.feature:79 - javascript evaluation failed: karate.mapWithKey(nlinks ,'link'), ReferenceError: "nlinks" is not defined in <eval> at line number 1
[1.157:16] check-known-dataset-record.feature:79 - javascript evaluation failed: karate.mapWithKey(nlinks ,'link'), ReferenceError: "nlinks" is not defined in <eval> at line number 1
[1.158:16] check-known-dataset-record.feature:79 - javascript evaluation failed: karate.mapWithKey(nlinks ,'link'), ReferenceError: "nlinks" is not defined in <eval> at line number 1
[1.159:16] check-known-dataset-record.feature:79 - javascript evaluation failed: karate.mapWithKey(nlinks ,'link'), ReferenceError: "nlinks" is not defined in <eval> at line number 1
[1.160:16] check-known-dataset-record.feature:79 - javascript evaluation failed: karate.mapWithKey(nlinks ,'link'), ReferenceError: "nlinks" is not defined in <eval> at line number 1
[1.161:16] check-known-dataset-record.feature:79 - javascript evaluation failed: karate.mapWithKey(nlinks ,'link'), ReferenceError: "nlinks" is not defined in <eval> at line number 1
[1.162:16] check-known-dataset-record.feature:79 - javascript evaluation failed: karate.mapWithKey(nlinks ,'link'), ReferenceError: "nlinks" is not defined in <eval> at line number 1
[1.163:16] check-known-dataset-record.feature:79 - javascript evaluation failed: karate.mapWithKey(nlinks ,'link'), ReferenceError: "nlinks" is not defined in <eval> at line number 1
[1.164:16] check-known-dataset-record.feature:79 - javascript evaluation failed: karate.mapWithKey(nlinks ,'link'), ReferenceError: "nlinks" is not defined in <eval> at line number 1
[1.165:16] check-known-dataset-record.feature:79 - javascript evaluation failed: karate.mapWithKey(nlinks ,'link'), ReferenceError: "nlinks" is not defined in <eval> at line number 1
[1.166:16] check-known-dataset-record.feature:79 - javascript evaluation failed: karate.mapWithKey(nlinks ,'link'), ReferenceError: "nlinks" is not defined in <eval> at line number 1
[1.167:16] check-known-dataset-record.feature:79 - javascript evaluation failed: karate.mapWithKey(nlinks ,'link'), ReferenceError: "nlinks" is not defined in <eval> at line number 1
[1.168:16] check-known-dataset-record.feature:79 - javascript evaluation failed: karate.mapWithKey(nlinks ,'link'), ReferenceError: "nlinks" is not defined in <eval> at line number 1
[1.169:16] check-known-dataset-record.feature:79 - javascript evaluation failed: karate.mapWithKey(nlinks ,'link'), ReferenceError: "nlinks" is not defined in <eval> at line number 1
[1.170:16] check-known-dataset-record.feature:79 - javascript evaluation failed: karate.mapWithKey(nlinks ,'link'), ReferenceError: "nlinks" is not defined in <eval> at line number 1
[1.171:16] check-known-dataset-record.feature:79 - javascript evaluation failed: karate.mapWithKey(nlinks ,'link'), ReferenceError: "nlinks" is not defined in <eval> at line number 1
[1.172:16] check-known-dataset-record.feature:79 - javascript evaluation failed: karate.mapWithKey(nlinks ,'link'), ReferenceError: "nlinks" is not defined in <eval> at line number 1
[1.173:16] check-known-dataset-record.feature:79 - javascript evaluation failed: karate.mapWithKey(nlinks ,'link'), ReferenceError: "nlinks" is not defined in <eval> at line number 1
[1.174:16] check-known-dataset-record.feature:79 - javascript evaluation failed: karate.mapWithKey(nlinks ,'link'), ReferenceError: "nlinks" is not defined in <eval> at line number 1
[1.175:16] check-known-dataset-record.feature:79 - javascript evaluation failed: karate.mapWithKey(nlinks ,'link'), ReferenceError: "nlinks" is not defined in <eval> at line number 1
[1.176:16] check-known-dataset-record.feature:79 - javascript evaluation failed: karate.mapWithKey(nlinks ,'link'), ReferenceError: "nlinks" is not defined in <eval> at line number 1
[1.177:16] check-known-dataset-record.feature:79 - javascript evaluation failed: karate.mapWithKey(nlinks ,'link'), ReferenceError: "nlinks" is not defined in <eval> at line number 1
[1.178:16] check-known-dataset-record.feature:79 - javascript evaluation failed: karate.mapWithKey(nlinks ,'link'), ReferenceError: "nlinks" is not defined in <eval> at line number 1
[1.179:16] check-known-dataset-record.feature:79 - javascript evaluation failed: karate.mapWithKey(nlinks ,'link'), ReferenceError: "nlinks" is not defined in <eval> at line number 1
[1.180:16] check-known-dataset-record.feature:79 - javascript evaluation failed: karate.mapWithKey(nlinks ,'link'), ReferenceError: "nlinks" is not defined in <eval> at line number 1
[1.181:16] check-known-dataset-record.feature:79 - javascript evaluation failed: karate.mapWithKey(nlinks ,'link'), ReferenceError: "nlinks" is not defined in <eval> at line number 1
[1.182:16] check-known-dataset-record.feature:79 - javascript evaluation failed: karate.mapWithKey(nlinks ,'link'), ReferenceError: "nlinks" is not defined in <eval> at line number 1
[1.183:16] check-known-dataset-record.feature:79 - javascript evaluation failed: karate.mapWithKey(nlinks ,'link'), ReferenceError: "nlinks" is not defined in <eval> at line number 1
[1.184:16] check-known-dataset-record.feature:79 - javascript evaluation failed: karate.mapWithKey(nlinks ,'link'), ReferenceError: "nlinks" is not defined in <eval> at line number 1
[1.185:16] check-known-dataset-record.feature:79 - javascript evaluation failed: karate.mapWithKey(nlinks ,'link'), ReferenceError: "nlinks" is not defined in <eval> at line number 1
[1.186:16] check-known-dataset-record.feature:79 - javascript evaluation failed: karate.mapWithKey(nlinks ,'link'), ReferenceError: "nlinks" is not defined in <eval> at line number 1
[1.187:16] check-known-dataset-record.feature:79 - javascript evaluation failed: karate.mapWithKey(nlinks ,'link'), ReferenceError: "nlinks" is not defined in <eval> at line number 1
[1.188:16] check-known-dataset-record.feature:79 - javascript evaluation failed: karate.mapWithKey(nlinks ,'link'), ReferenceError: "nlinks" is not defined in <eval> at line number 1
[1.189:16] check-known-dataset-record.feature:79 - javascript evaluation failed: karate.mapWithKey(nlinks ,'link'), ReferenceError: "nlinks" is not defined in <eval> at line number 1
[1.190:16] check-known-dataset-record.feature:79 - javascript evaluation failed: karate.mapWithKey(nlinks ,'link'), ReferenceError: "nlinks" is not defined in <eval> at line number 1
[1.191:16] check-known-dataset-record.feature:79 - javascript evaluation failed: karate.mapWithKey(nlinks ,'link'), ReferenceError: "nlinks" is not defined in <eval> at line number 1
[1.192:16] check-known-dataset-record.feature:79 - javascript evaluation failed: karate.mapWithKey(nlinks ,'link'), ReferenceError: "nlinks" is not defined in <eval> at line number 1
[1.193:16] check-known-dataset-record.feature:79 - javascript evaluation failed: karate.mapWithKey(nlinks ,'link'), ReferenceError: "nlinks" is not defined in <eval> at line number 1
[1.194:16] check-known-dataset-record.feature:79 - javascript evaluation failed: karate.mapWithKey(nlinks ,'link'), ReferenceError: "nlinks" is not defined in <eval> at line number 1
[1.195:16] check-known-dataset-record.feature:79 - javascript evaluation failed: karate.mapWithKey(nlinks ,'link'), ReferenceError: "nlinks" is not defined in <eval> at line number 1
[1.196:16] check-known-dataset-record.feature:79 - javascript evaluation failed: karate.mapWithKey(nlinks ,'link'), ReferenceError: "nlinks" is not defined in <eval> at line number 1
[1.197:16] check-known-dataset-record.feature:79 - javascript evaluation failed: karate.mapWithKey(nlinks ,'link'), ReferenceError: "nlinks" is not defined in <eval> at line number 1

]]></system-out>
    <system-err><![CDATA[Warning: Nashorn engine is planned to be removed from a future JDK release
ERROR StatusLogger No log4j2 configuration file found. Using default configuration: logging only errors to the console. Set system property 'org.apache.logging.log4j.simplelog.StatusLogger.level' to TRACE to show Log4j2 internal initialization logging.
]]></system-err>
  </testcase>
</testsuite>