<?xml version="1.0" encoding="UTF-8"?>
<testsuite xmlns:xsi="http://www.w3.org/2001/XMLSchema-instance" xsi:noNamespaceSchemaLocation="https://maven.apache.org/surefire/maven-surefire-plugin/xsd/surefire-test-report-3.0.xsd" version="3.0" name="InspireTest.TestAll" time="222.397" tests="1" errors="0" skipped="0" failures="1">
  <properties>
    <property name="java.specification.version" value="13"/>
    <property name="sun.jnu.encoding" value="UTF-8"/>
    <property name="java.class.path" value="/home/runner/work/nl-ngr-validation/nl-ngr-validation/target/test-classes:/home/runner/work/nl-ngr-validation/nl-ngr-validation/target/classes:/home/runner/.m2/repository/com/intuit/karate/karate-apache/0.9.5/karate-apache-0.9.5.jar:/home/runner/.m2/repository/com/intuit/karate/karate-core/0.9.5/karate-core-0.9.5.jar:/home/runner/.m2/repository/com/jayway/jsonpath/json-path/2.4.0/json-path-2.4.0.jar:/home/runner/.m2/repository/net/minidev/json-smart/2.3/json-smart-2.3.jar:/home/runner/.m2/repository/net/minidev/accessors-smart/1.2/accessors-smart-1.2.jar:/home/runner/.m2/repository/info/cukes/cucumber-java/1.2.5/cucumber-java-1.2.5.jar:/home/runner/.m2/repository/info/cukes/cucumber-core/1.2.5/cucumber-core-1.2.5.jar:/home/runner/.m2/repository/org/yaml/snakeyaml/1.24/snakeyaml-1.24.jar:/home/runner/.m2/repository/de/siegmar/fastcsv/1.0.3/fastcsv-1.0.3.jar:/home/runner/.m2/repository/info/picocli/picocli/4.0.3/picocli-4.0.3.jar:/home/runner/.m2/repository/org/apache/httpcomponents/httpclient/4.5.11/httpclient-4.5.11.jar:/home/runner/.m2/repository/org/apache/httpcomponents/httpcore/4.4.13/httpcore-4.4.13.jar:/home/runner/.m2/repository/commons-codec/commons-codec/1.11/commons-codec-1.11.jar:/home/runner/.m2/repository/org/apache/httpcomponents/httpmime/4.5.11/httpmime-4.5.11.jar:/home/runner/.m2/repository/org/slf4j/jcl-over-slf4j/1.7.25/jcl-over-slf4j-1.7.25.jar:/home/runner/.m2/repository/org/slf4j/slf4j-api/1.7.25/slf4j-api-1.7.25.jar:/home/runner/.m2/repository/ch/qos/logback/logback-classic/1.2.3/logback-classic-1.2.3.jar:/home/runner/.m2/repository/ch/qos/logback/logback-core/1.2.3/logback-core-1.2.3.jar:/home/runner/.m2/repository/com/intuit/karate/karate-junit5/0.9.5/karate-junit5-0.9.5.jar:/home/runner/.m2/repository/org/junit/jupiter/junit-jupiter-api/5.6.2/junit-jupiter-api-5.6.2.jar:/home/runner/.m2/repository/org/apiguardian/apiguardian-api/1.1.0/apiguardian-api-1.1.0.jar:/home/runner/.m2/repository/org/opentest4j/opentest4j/1.2.0/opentest4j-1.2.0.jar:/home/runner/.m2/repository/org/junit/platform/junit-platform-commons/1.6.2/junit-platform-commons-1.6.2.jar:/home/runner/.m2/repository/org/junit/jupiter/junit-jupiter-engine/5.6.2/junit-jupiter-engine-5.6.2.jar:/home/runner/.m2/repository/org/junit/platform/junit-platform-engine/1.6.2/junit-platform-engine-1.6.2.jar:/home/runner/.m2/repository/net/masterthought/cucumber-reporting/3.13.0/cucumber-reporting-3.13.0.jar:/home/runner/.m2/repository/org/apache/logging/log4j/log4j-api/2.8.2/log4j-api-2.8.2.jar:/home/runner/.m2/repository/org/apache/logging/log4j/log4j-core/2.8.2/log4j-core-2.8.2.jar:/home/runner/.m2/repository/com/fasterxml/jackson/core/jackson-databind/2.8.6/jackson-databind-2.8.6.jar:/home/runner/.m2/repository/com/fasterxml/jackson/core/jackson-annotations/2.8.0/jackson-annotations-2.8.0.jar:/home/runner/.m2/repository/com/fasterxml/jackson/core/jackson-core/2.8.6/jackson-core-2.8.6.jar:/home/runner/.m2/repository/org/apache/velocity/velocity/1.7/velocity-1.7.jar:/home/runner/.m2/repository/commons-collections/commons-collections/3.2.1/commons-collections-3.2.1.jar:/home/runner/.m2/repository/commons-lang/commons-lang/2.4/commons-lang-2.4.jar:/home/runner/.m2/repository/velocity-tools/velocity-tools/1.4/velocity-tools-1.4.jar:/home/runner/.m2/repository/joda-time/joda-time/2.9.9/joda-time-2.9.9.jar:/home/runner/.m2/repository/org/apache/commons/commons-lang3/3.6/commons-lang3-3.6.jar:/home/runner/.m2/repository/commons-io/commons-io/2.5/commons-io-2.5.jar:/home/runner/.m2/repository/net/lingala/zip4j/zip4j/1.3.2/zip4j-1.3.2.jar:/home/runner/.m2/repository/org/codehaus/plexus/plexus-utils/3.0.24/plexus-utils-3.0.24.jar:/home/runner/.m2/repository/org/jsoup/jsoup/1.10.3/jsoup-1.10.3.jar:/home/runner/.m2/repository/com/googlecode/owasp-java-html-sanitizer/owasp-java-html-sanitizer/20170515.1/owasp-java-html-sanitizer-20170515.1.jar:/home/runner/.m2/repository/com/google/guava/guava/20.0/guava-20.0.jar:/home/runner/.m2/repository/commons-configuration/commons-configuration/1.6/commons-configuration-1.6.jar:/home/runner/.m2/repository/commons-logging/commons-logging/1.1.1/commons-logging-1.1.1.jar:/home/runner/.m2/repository/commons-digester/commons-digester/1.8/commons-digester-1.8.jar:/home/runner/.m2/repository/commons-beanutils/commons-beanutils/1.7.0/commons-beanutils-1.7.0.jar:/home/runner/.m2/repository/commons-beanutils/commons-beanutils-core/1.8.0/commons-beanutils-core-1.8.0.jar:/home/runner/.m2/repository/org/apache/maven/plugins/maven-surefire-plugin/3.0.0-M4/maven-surefire-plugin-3.0.0-M4.jar:/home/runner/.m2/repository/org/apache/maven/surefire/maven-surefire-common/3.0.0-M4/maven-surefire-common-3.0.0-M4.jar:/home/runner/.m2/repository/org/apache/maven/surefire/surefire-api/3.0.0-M4/surefire-api-3.0.0-M4.jar:/home/runner/.m2/repository/org/apache/maven/surefire/surefire-logger-api/3.0.0-M4/surefire-logger-api-3.0.0-M4.jar:/home/runner/.m2/repository/org/apache/maven/surefire/surefire-extensions-api/3.0.0-M4/surefire-extensions-api-3.0.0-M4.jar:/home/runner/.m2/repository/org/apache/maven/surefire/surefire-booter/3.0.0-M4/surefire-booter-3.0.0-M4.jar:/home/runner/.m2/repository/org/apache/maven/maven-toolchain/3.0-alpha-2/maven-toolchain-3.0-alpha-2.jar:/home/runner/.m2/repository/org/apache/maven/shared/maven-artifact-transfer/0.11.0/maven-artifact-transfer-0.11.0.jar:/home/runner/.m2/repository/org/apache/maven/shared/maven-common-artifact-filters/3.0.1/maven-common-artifact-filters-3.0.1.jar:/home/runner/.m2/repository/org/apache/maven/maven-model/3.0/maven-model-3.0.jar:/home/runner/.m2/repository/org/apache/maven/maven-plugin-api/3.0/maven-plugin-api-3.0.jar:/home/runner/.m2/repository/org/sonatype/sisu/sisu-inject-plexus/1.4.2/sisu-inject-plexus-1.4.2.jar:/home/runner/.m2/repository/org/codehaus/plexus/plexus-classworlds/2.2.3/plexus-classworlds-2.2.3.jar:/home/runner/.m2/repository/org/sonatype/sisu/sisu-inject-bean/1.4.2/sisu-inject-bean-1.4.2.jar:/home/runner/.m2/repository/org/sonatype/sisu/sisu-guice/2.1.7/sisu-guice-2.1.7-noaop.jar:/home/runner/.m2/repository/org/apache/maven/shared/maven-shared-utils/3.1.0/maven-shared-utils-3.1.0.jar:/home/runner/.m2/repository/org/codehaus/plexus/plexus-java/1.0.3/plexus-java-1.0.3.jar:/home/runner/.m2/repository/org/ow2/asm/asm/7.0/asm-7.0.jar:/home/runner/.m2/repository/com/thoughtworks/qdox/qdox/2.0-M9/qdox-2.0-M9.jar:/home/runner/.m2/repository/org/junit/jupiter/junit-jupiter/5.6.2/junit-jupiter-5.6.2.jar:/home/runner/.m2/repository/org/junit/jupiter/junit-jupiter-params/5.6.2/junit-jupiter-params-5.6.2.jar:"/>
    <property name="java.vm.vendor" value="Azul Systems, Inc."/>
    <property name="sun.arch.data.model" value="64"/>
    <property name="java.vendor.url" value="http://www.azulsystems.com/"/>
    <property name="user.timezone" value="Etc/UTC"/>
    <property name="os.name" value="Linux"/>
    <property name="java.vm.specification.version" value="13"/>
    <property name="sun.java.launcher" value="SUN_STANDARD"/>
    <property name="sun.boot.library.path" value="/opt/hostedtoolcache/jdk/13.0.4/x64/lib"/>
    <property name="sun.java.command" value="/home/runner/work/nl-ngr-validation/nl-ngr-validation/target/surefire/surefirebooter15874085011309808465.jar /home/runner/work/nl-ngr-validation/nl-ngr-validation/target/surefire 2020-09-21T15-19-16_522-jvmRun1 surefire4536085407955667917tmp surefire_015156204792891117696tmp"/>
    <property name="jdk.debug" value="release"/>
    <property name="surefire.test.class.path" value="/home/runner/work/nl-ngr-validation/nl-ngr-validation/target/test-classes:/home/runner/work/nl-ngr-validation/nl-ngr-validation/target/classes:/home/runner/.m2/repository/com/intuit/karate/karate-apache/0.9.5/karate-apache-0.9.5.jar:/home/runner/.m2/repository/com/intuit/karate/karate-core/0.9.5/karate-core-0.9.5.jar:/home/runner/.m2/repository/com/jayway/jsonpath/json-path/2.4.0/json-path-2.4.0.jar:/home/runner/.m2/repository/net/minidev/json-smart/2.3/json-smart-2.3.jar:/home/runner/.m2/repository/net/minidev/accessors-smart/1.2/accessors-smart-1.2.jar:/home/runner/.m2/repository/info/cukes/cucumber-java/1.2.5/cucumber-java-1.2.5.jar:/home/runner/.m2/repository/info/cukes/cucumber-core/1.2.5/cucumber-core-1.2.5.jar:/home/runner/.m2/repository/org/yaml/snakeyaml/1.24/snakeyaml-1.24.jar:/home/runner/.m2/repository/de/siegmar/fastcsv/1.0.3/fastcsv-1.0.3.jar:/home/runner/.m2/repository/info/picocli/picocli/4.0.3/picocli-4.0.3.jar:/home/runner/.m2/repository/org/apache/httpcomponents/httpclient/4.5.11/httpclient-4.5.11.jar:/home/runner/.m2/repository/org/apache/httpcomponents/httpcore/4.4.13/httpcore-4.4.13.jar:/home/runner/.m2/repository/commons-codec/commons-codec/1.11/commons-codec-1.11.jar:/home/runner/.m2/repository/org/apache/httpcomponents/httpmime/4.5.11/httpmime-4.5.11.jar:/home/runner/.m2/repository/org/slf4j/jcl-over-slf4j/1.7.25/jcl-over-slf4j-1.7.25.jar:/home/runner/.m2/repository/org/slf4j/slf4j-api/1.7.25/slf4j-api-1.7.25.jar:/home/runner/.m2/repository/ch/qos/logback/logback-classic/1.2.3/logback-classic-1.2.3.jar:/home/runner/.m2/repository/ch/qos/logback/logback-core/1.2.3/logback-core-1.2.3.jar:/home/runner/.m2/repository/com/intuit/karate/karate-junit5/0.9.5/karate-junit5-0.9.5.jar:/home/runner/.m2/repository/org/junit/jupiter/junit-jupiter-api/5.6.2/junit-jupiter-api-5.6.2.jar:/home/runner/.m2/repository/org/apiguardian/apiguardian-api/1.1.0/apiguardian-api-1.1.0.jar:/home/runner/.m2/repository/org/opentest4j/opentest4j/1.2.0/opentest4j-1.2.0.jar:/home/runner/.m2/repository/org/junit/platform/junit-platform-commons/1.6.2/junit-platform-commons-1.6.2.jar:/home/runner/.m2/repository/org/junit/jupiter/junit-jupiter-engine/5.6.2/junit-jupiter-engine-5.6.2.jar:/home/runner/.m2/repository/org/junit/platform/junit-platform-engine/1.6.2/junit-platform-engine-1.6.2.jar:/home/runner/.m2/repository/net/masterthought/cucumber-reporting/3.13.0/cucumber-reporting-3.13.0.jar:/home/runner/.m2/repository/org/apache/logging/log4j/log4j-api/2.8.2/log4j-api-2.8.2.jar:/home/runner/.m2/repository/org/apache/logging/log4j/log4j-core/2.8.2/log4j-core-2.8.2.jar:/home/runner/.m2/repository/com/fasterxml/jackson/core/jackson-databind/2.8.6/jackson-databind-2.8.6.jar:/home/runner/.m2/repository/com/fasterxml/jackson/core/jackson-annotations/2.8.0/jackson-annotations-2.8.0.jar:/home/runner/.m2/repository/com/fasterxml/jackson/core/jackson-core/2.8.6/jackson-core-2.8.6.jar:/home/runner/.m2/repository/org/apache/velocity/velocity/1.7/velocity-1.7.jar:/home/runner/.m2/repository/commons-collections/commons-collections/3.2.1/commons-collections-3.2.1.jar:/home/runner/.m2/repository/commons-lang/commons-lang/2.4/commons-lang-2.4.jar:/home/runner/.m2/repository/velocity-tools/velocity-tools/1.4/velocity-tools-1.4.jar:/home/runner/.m2/repository/joda-time/joda-time/2.9.9/joda-time-2.9.9.jar:/home/runner/.m2/repository/org/apache/commons/commons-lang3/3.6/commons-lang3-3.6.jar:/home/runner/.m2/repository/commons-io/commons-io/2.5/commons-io-2.5.jar:/home/runner/.m2/repository/net/lingala/zip4j/zip4j/1.3.2/zip4j-1.3.2.jar:/home/runner/.m2/repository/org/codehaus/plexus/plexus-utils/3.0.24/plexus-utils-3.0.24.jar:/home/runner/.m2/repository/org/jsoup/jsoup/1.10.3/jsoup-1.10.3.jar:/home/runner/.m2/repository/com/googlecode/owasp-java-html-sanitizer/owasp-java-html-sanitizer/20170515.1/owasp-java-html-sanitizer-20170515.1.jar:/home/runner/.m2/repository/com/google/guava/guava/20.0/guava-20.0.jar:/home/runner/.m2/repository/commons-configuration/commons-configuration/1.6/commons-configuration-1.6.jar:/home/runner/.m2/repository/commons-logging/commons-logging/1.1.1/commons-logging-1.1.1.jar:/home/runner/.m2/repository/commons-digester/commons-digester/1.8/commons-digester-1.8.jar:/home/runner/.m2/repository/commons-beanutils/commons-beanutils/1.7.0/commons-beanutils-1.7.0.jar:/home/runner/.m2/repository/commons-beanutils/commons-beanutils-core/1.8.0/commons-beanutils-core-1.8.0.jar:/home/runner/.m2/repository/org/apache/maven/plugins/maven-surefire-plugin/3.0.0-M4/maven-surefire-plugin-3.0.0-M4.jar:/home/runner/.m2/repository/org/apache/maven/surefire/maven-surefire-common/3.0.0-M4/maven-surefire-common-3.0.0-M4.jar:/home/runner/.m2/repository/org/apache/maven/surefire/surefire-api/3.0.0-M4/surefire-api-3.0.0-M4.jar:/home/runner/.m2/repository/org/apache/maven/surefire/surefire-logger-api/3.0.0-M4/surefire-logger-api-3.0.0-M4.jar:/home/runner/.m2/repository/org/apache/maven/surefire/surefire-extensions-api/3.0.0-M4/surefire-extensions-api-3.0.0-M4.jar:/home/runner/.m2/repository/org/apache/maven/surefire/surefire-booter/3.0.0-M4/surefire-booter-3.0.0-M4.jar:/home/runner/.m2/repository/org/apache/maven/maven-toolchain/3.0-alpha-2/maven-toolchain-3.0-alpha-2.jar:/home/runner/.m2/repository/org/apache/maven/shared/maven-artifact-transfer/0.11.0/maven-artifact-transfer-0.11.0.jar:/home/runner/.m2/repository/org/apache/maven/shared/maven-common-artifact-filters/3.0.1/maven-common-artifact-filters-3.0.1.jar:/home/runner/.m2/repository/org/apache/maven/maven-model/3.0/maven-model-3.0.jar:/home/runner/.m2/repository/org/apache/maven/maven-plugin-api/3.0/maven-plugin-api-3.0.jar:/home/runner/.m2/repository/org/sonatype/sisu/sisu-inject-plexus/1.4.2/sisu-inject-plexus-1.4.2.jar:/home/runner/.m2/repository/org/codehaus/plexus/plexus-classworlds/2.2.3/plexus-classworlds-2.2.3.jar:/home/runner/.m2/repository/org/sonatype/sisu/sisu-inject-bean/1.4.2/sisu-inject-bean-1.4.2.jar:/home/runner/.m2/repository/org/sonatype/sisu/sisu-guice/2.1.7/sisu-guice-2.1.7-noaop.jar:/home/runner/.m2/repository/org/apache/maven/shared/maven-shared-utils/3.1.0/maven-shared-utils-3.1.0.jar:/home/runner/.m2/repository/org/codehaus/plexus/plexus-java/1.0.3/plexus-java-1.0.3.jar:/home/runner/.m2/repository/org/ow2/asm/asm/7.0/asm-7.0.jar:/home/runner/.m2/repository/com/thoughtworks/qdox/qdox/2.0-M9/qdox-2.0-M9.jar:/home/runner/.m2/repository/org/junit/jupiter/junit-jupiter/5.6.2/junit-jupiter-5.6.2.jar:/home/runner/.m2/repository/org/junit/jupiter/junit-jupiter-params/5.6.2/junit-jupiter-params-5.6.2.jar:"/>
    <property name="sun.cpu.endian" value="little"/>
    <property name="user.home" value="/home/runner"/>
    <property name="user.language" value="en"/>
    <property name="java.specification.vendor" value="Oracle Corporation"/>
    <property name="java.version.date" value="2020-07-14"/>
    <property name="java.home" value="/opt/hostedtoolcache/jdk/13.0.4/x64"/>
    <property name="file.separator" value="/"/>
    <property name="basedir" value="/home/runner/work/nl-ngr-validation/nl-ngr-validation"/>
    <property name="java.vm.compressedOopsMode" value="32-bit"/>
    <property name="line.separator" value="&#10;"/>
    <property name="java.vm.specification.vendor" value="Oracle Corporation"/>
    <property name="jdk.vendor.version" value="Zulu13.33+25-CA"/>
    <property name="java.specification.name" value="Java Platform API Specification"/>
    <property name="surefire.real.class.path" value="/home/runner/work/nl-ngr-validation/nl-ngr-validation/target/surefire/surefirebooter15874085011309808465.jar"/>
    <property name="sun.management.compiler" value="HotSpot 64-Bit Tiered Compilers"/>
    <property name="java.runtime.version" value="13.0.4+8-MTS"/>
    <property name="user.name" value="runner"/>
    <property name="path.separator" value=":"/>
    <property name="os.version" value="5.4.0-1025-azure"/>
    <property name="java.runtime.name" value="OpenJDK Runtime Environment"/>
    <property name="file.encoding" value="UTF-8"/>
    <property name="java.vm.name" value="OpenJDK 64-Bit Server VM"/>
    <property name="java.vendor.version" value="Zulu13.33+25-CA"/>
    <property name="localRepository" value="/home/runner/.m2/repository"/>
    <property name="java.vendor.url.bug" value="http://www.azulsystems.com/support/"/>
    <property name="java.io.tmpdir" value="/tmp"/>
    <property name="java.version" value="13.0.4"/>
    <property name="user.dir" value="/home/runner/work/nl-ngr-validation/nl-ngr-validation"/>
    <property name="os.arch" value="amd64"/>
    <property name="java.vm.specification.name" value="Java Virtual Machine Specification"/>
    <property name="java.library.path" value="/usr/java/packages/lib:/usr/lib64:/lib64:/lib:/usr/lib"/>
    <property name="java.vm.info" value="mixed mode, sharing"/>
    <property name="java.vendor" value="Azul Systems, Inc."/>
    <property name="java.vm.version" value="13.0.4+8-MTS"/>
    <property name="sun.io.unicode.encoding" value="UnicodeLittle"/>
    <property name="java.class.version" value="57.0"/>
  </properties>
  <testcase name="testParallel" classname="InspireTest.TestAll" time="222.349">
    <failure type="org.opentest4j.AssertionFailedError"><![CDATA[org.opentest4j.AssertionFailedError: 
failed features:
InspireTest.ngr.datasetrecords.check-known-links: [1.26:4] check-known-links.feature:10 - feature call (loop) failed: classpath:InspireTest/ngr/datasetrecords/def/checkxlinkurl.template.feature
caller: classpath:InspireTest/ngr/datasetrecords/check-known-links.feature
items: [{link=http://inspire.ec.europa.eu/metadata-codelist/OnLineDescriptionCode/endPoint}]
errors:
-------
feature call (loop) failed at index: 0
caller: classpath:InspireTest/ngr/datasetrecords/def/checkxlinkurl.template.feature
arg: {"link":"http://inspire.ec.europa.eu/metadata-codelist/OnLineDescriptionCode/endPoint"}
checkxlinkurl.template.feature:14 - 
java.net.SocketTimeoutException: Read timed out
InspireTest.ngr.datasetrecords.ngr-check-dataset-record: [1.16:16] ngr-check-dataset-record.feature:48 - xpath does not exist: /GetRecordByIdResponse//@href on response
[1.53:16] ngr-check-dataset-record.feature:48 - xpath does not exist: /GetRecordByIdResponse//@href on response
[1.96:16] ngr-check-dataset-record.feature:48 - xpath does not exist: /GetRecordByIdResponse//@href on response
InspireTest.ngr.datasetrecords.check-known-dataset-record: [1.1:18] check-known-dataset-record.feature:81 - feature call (loop) failed: classpath:InspireTest/ngr/datasetrecords/def/checkxlinkurl.template.feature
caller: classpath:InspireTest/ngr/datasetrecords/check-known-dataset-record.feature
items: [{link=http://nationaalgeoregister.nl/geonetwork/srv/dut/catalog.search#/metadata/247a1d15-0a67-40ce-85be-1403c08f15a8}, {link=xlink:href=https://inspire.ec.europa.eu/id/document/tg/ps}, {link=https://data.overheid.nl/organisatie/PDOK}]
errors:
-------
feature call (loop) failed at index: 1
caller: classpath:InspireTest/ngr/datasetrecords/def/checkxlinkurl.template.feature
arg: {"link":"xlink:href=https://inspire.ec.europa.eu/id/document/tg/ps"}
checkxlinkurl.template.feature:14 - 
org.apache.http.client.ClientProtocolException: URI does not specify a valid host name: xlink:href=https://inspire.ec.europa.eu/id/document/tg/ps
-------
feature call (loop) failed at index: 2
caller: classpath:InspireTest/ngr/datasetrecords/def/checkxlinkurl.template.feature
arg: {"link":"https://data.overheid.nl/organisatie/PDOK"}
checkxlinkurl.template.feature:22 - path: $, actual: 404, expected: 200, reason: not equal (Integer)
[1.2:18] check-known-dataset-record.feature:81 - feature call (loop) failed: classpath:InspireTest/ngr/datasetrecords/def/checkxlinkurl.template.feature
caller: classpath:InspireTest/ngr/datasetrecords/check-known-dataset-record.feature
items: [{link=http://kadaster/06b6c650-cdb1-11dd-ad8b-0800200c9a79}]
errors:
-------
feature call (loop) failed at index: 0
caller: classpath:InspireTest/ngr/datasetrecords/def/checkxlinkurl.template.feature
arg: {"link":"http://kadaster/06b6c650-cdb1-11dd-ad8b-0800200c9a79"}
checkxlinkurl.template.feature:14 - 
java.net.UnknownHostException: kadaster: Temporary failure in name resolution
[1.3:18] check-known-dataset-record.feature:81 - feature call (loop) failed: classpath:InspireTest/ngr/datasetrecords/def/checkxlinkurl.template.feature
caller: classpath:InspireTest/ngr/datasetrecords/check-known-dataset-record.feature
items: [{link=https://data.rivm.nl/inspire/id#64d546c9-71d4-4c84-a04c-61c5d0734f65}]
errors:
-------
feature call (loop) failed at index: 0
caller: classpath:InspireTest/ngr/datasetrecords/def/checkxlinkurl.template.feature
arg: {"link":"https://data.rivm.nl/inspire/id#64d546c9-71d4-4c84-a04c-61c5d0734f65"}
checkxlinkurl.template.feature:14 - 
javax.net.ssl.SSLException: Connection reset
[1.4:18] check-known-dataset-record.feature:81 - feature call (loop) failed: classpath:InspireTest/ngr/datasetrecords/def/checkxlinkurl.template.feature
caller: classpath:InspireTest/ngr/datasetrecords/check-known-dataset-record.feature
items: [{link=http://www.opengis.net/def/crs/EPSG/0/https://www.opengis.net/def/crs/EPSG/0/4258}, {link=https://www.nationaalgeoregister.nl/geonetwork/srv/api/recordsbe6551de-a709-4c6d-a5e2-f63f0cf038ba}]
errors:
-------
feature call (loop) failed at index: 1
caller: classpath:InspireTest/ngr/datasetrecords/def/checkxlinkurl.template.feature
arg: {"link":"https://www.nationaalgeoregister.nl/geonetwork/srv/api/recordsbe6551de-a709-4c6d-a5e2-f63f0cf038ba"}
checkxlinkurl.template.feature:22 - path: $, actual: 500, expected: 200, reason: not equal (Integer)
[1.5:18] check-known-dataset-record.feature:81 - feature call (loop) failed: classpath:InspireTest/ngr/datasetrecords/def/checkxlinkurl.template.feature
caller: classpath:InspireTest/ngr/datasetrecords/check-known-dataset-record.feature
items: [{link=http://www.opengis.net/def/crs/EPSG/0/http://www.opengis.net/def/crs/EPSG/0/4258}, {link=http://kadaster/80b2d12c-32be-54fg-b6d3—34f4ffc06cf3}]
errors:
-------
feature call (loop) failed at index: 1
caller: classpath:InspireTest/ngr/datasetrecords/def/checkxlinkurl.template.feature
arg: {"link":"http://kadaster/80b2d12c-32be-54fg-b6d3\u201434f4ffc06cf3"}
checkxlinkurl.template.feature:14 - 
java.net.UnknownHostException: kadaster
[1.6:18] check-known-dataset-record.feature:81 - feature call (loop) failed: classpath:InspireTest/ngr/datasetrecords/def/checkxlinkurl.template.feature
caller: classpath:InspireTest/ngr/datasetrecords/check-known-dataset-record.feature
items: [{link=h}, {link=t}, {link=t}, {link=p}, {link=:}, {link=/}, {link=/}, {link=s}, {link=t}, {link=a}, {link=n}, {link=d}, {link=a}, {link=r}, {link=d}, {link=s}, {link=.}, {link=i}, {link=s}, {link=o}, {link=.}, {link=o}, {link=r}, {link=g}, {link=/}, {link=i}, {link=t}, {link=t}, {link=f}, {link=/}, {link=P}, {link=u}, {link=b}, {link=l}, {link=i}, {link=c}, {link=l}, {link=y}, {link=A}, {link=v}, {link=a}, {link=i}, {link=l}, {link=a}, {link=b}, {link=l}, {link=e}, {link=S}, {link=t}, {link=a}, {link=n}, {link=d}, {link=a}, {link=r}, {link=d}, {link=s}, {link=/}, {link=I}, {link=S}, {link=O}, {link=_}, {link=1}, {link=9}, {link=1}, {link=3}, {link=9}, {link=_}, {link=S}, {link=c}, {link=h}, {link=e}, {link=m}, {link=a}, {link=s}, {link=/}, {link=r}, {link=e}, {link=s}, {link=o}, {link=u}, {link=r}, {link=c}, {link=e}, {link=s}, {link=/}, {link=u}, {link=o}, {link=m}, {link=/}, {link=g}, {link=m}, {link=x}, {link=U}, {link=o}, {link=m}, {link=.}, {link=x}, {link=m}, {link=l}, {link=#}, {link=m}]
errors:
-------
feature call (loop) failed at index: 0
caller: classpath:InspireTest/ngr/datasetrecords/def/checkxlinkurl.template.feature
arg: {"link":"h"}
checkxlinkurl.template.feature:14 - 
org.apache.http.client.ClientProtocolException
-------
feature call (loop) failed at index: 1
caller: classpath:InspireTest/ngr/datasetrecords/def/checkxlinkurl.template.feature
arg: {"link":"t"}
checkxlinkurl.template.feature:14 - 
org.apache.http.client.ClientProtocolException
-------
feature call (loop) failed at index: 2
caller: classpath:InspireTest/ngr/datasetrecords/def/checkxlinkurl.template.feature
arg: {"link":"t"}
checkxlinkurl.template.feature:14 - 
org.apache.http.client.ClientProtocolException
-------
feature call (loop) failed at index: 3
caller: classpath:InspireTest/ngr/datasetrecords/def/checkxlinkurl.template.feature
arg: {"link":"p"}
checkxlinkurl.template.feature:14 - 
org.apache.http.client.ClientProtocolException
-------
feature call (loop) failed at index: 4
caller: classpath:InspireTest/ngr/datasetrecords/def/checkxlinkurl.template.feature
arg: {"link":":"}
checkxlinkurl.template.feature:14 - java.net.URISyntaxException: Expected scheme name at index 0: :
-------
feature call (loop) failed at index: 5
caller: classpath:InspireTest/ngr/datasetrecords/def/checkxlinkurl.template.feature
arg: {"link":"/"}
checkxlinkurl.template.feature:14 - 
org.apache.http.client.ClientProtocolException
-------
feature call (loop) failed at index: 6
caller: classpath:InspireTest/ngr/datasetrecords/def/checkxlinkurl.template.feature
arg: {"link":"/"}
checkxlinkurl.template.feature:14 - 
org.apache.http.client.ClientProtocolException
-------
feature call (loop) failed at index: 7
caller: classpath:InspireTest/ngr/datasetrecords/def/checkxlinkurl.template.feature
arg: {"link":"s"}
checkxlinkurl.template.feature:14 - 
org.apache.http.client.ClientProtocolException
-------
feature call (loop) failed at index: 8
caller: classpath:InspireTest/ngr/datasetrecords/def/checkxlinkurl.template.feature
arg: {"link":"t"}
checkxlinkurl.template.feature:14 - 
org.apache.http.client.ClientProtocolException
-------
feature call (loop) failed at index: 9
caller: classpath:InspireTest/ngr/datasetrecords/def/checkxlinkurl.template.feature
arg: {"link":"a"}
checkxlinkurl.template.feature:14 - 
org.apache.http.client.ClientProtocolException
-------
feature call (loop) failed at index: 10
caller: classpath:InspireTest/ngr/datasetrecords/def/checkxlinkurl.template.feature
arg: {"link":"n"}
checkxlinkurl.template.feature:14 - 
org.apache.http.client.ClientProtocolException
-------
feature call (loop) failed at index: 11
caller: classpath:InspireTest/ngr/datasetrecords/def/checkxlinkurl.template.feature
arg: {"link":"d"}
checkxlinkurl.template.feature:14 - 
org.apache.http.client.ClientProtocolException
-------
feature call (loop) failed at index: 12
caller: classpath:InspireTest/ngr/datasetrecords/def/checkxlinkurl.template.feature
arg: {"link":"a"}
checkxlinkurl.template.feature:14 - 
org.apache.http.client.ClientProtocolException
-------
feature call (loop) failed at index: 13
caller: classpath:InspireTest/ngr/datasetrecords/def/checkxlinkurl.template.feature
arg: {"link":"r"}
checkxlinkurl.template.feature:14 - 
org.apache.http.client.ClientProtocolException
-------
feature call (loop) failed at index: 14
caller: classpath:InspireTest/ngr/datasetrecords/def/checkxlinkurl.template.feature
arg: {"link":"d"}
checkxlinkurl.template.feature:14 - 
org.apache.http.client.ClientProtocolException
-------
feature call (loop) failed at index: 15
caller: classpath:InspireTest/ngr/datasetrecords/def/checkxlinkurl.template.feature
arg: {"link":"s"}
checkxlinkurl.template.feature:14 - 
org.apache.http.client.ClientProtocolException
-------
feature call (loop) failed at index: 16
caller: classpath:InspireTest/ngr/datasetrecords/def/checkxlinkurl.template.feature
arg: {"link":"."}
checkxlinkurl.template.feature:14 - 
org.apache.http.client.ClientProtocolException
-------
feature call (loop) failed at index: 17
caller: classpath:InspireTest/ngr/datasetrecords/def/checkxlinkurl.template.feature
arg: {"link":"i"}
checkxlinkurl.template.feature:14 - 
org.apache.http.client.ClientProtocolException
-------
feature call (loop) failed at index: 18
caller: classpath:InspireTest/ngr/datasetrecords/def/checkxlinkurl.template.feature
arg: {"link":"s"}
checkxlinkurl.template.feature:14 - 
org.apache.http.client.ClientProtocolException
-------
feature call (loop) failed at index: 19
caller: classpath:InspireTest/ngr/datasetrecords/def/checkxlinkurl.template.feature
arg: {"link":"o"}
checkxlinkurl.template.feature:14 - 
org.apache.http.client.ClientProtocolException
-------
feature call (loop) failed at index: 20
caller: classpath:InspireTest/ngr/datasetrecords/def/checkxlinkurl.template.feature
arg: {"link":"."}
checkxlinkurl.template.feature:14 - 
org.apache.http.client.ClientProtocolException
-------
feature call (loop) failed at index: 21
caller: classpath:InspireTest/ngr/datasetrecords/def/checkxlinkurl.template.feature
arg: {"link":"o"}
checkxlinkurl.template.feature:14 - 
org.apache.http.client.ClientProtocolException
-------
feature call (loop) failed at index: 22
caller: classpath:InspireTest/ngr/datasetrecords/def/checkxlinkurl.template.feature
arg: {"link":"r"}
checkxlinkurl.template.feature:14 - 
org.apache.http.client.ClientProtocolException
-------
feature call (loop) failed at index: 23
caller: classpath:InspireTest/ngr/datasetrecords/def/checkxlinkurl.template.feature
arg: {"link":"g"}
checkxlinkurl.template.feature:14 - 
org.apache.http.client.ClientProtocolException
-------
feature call (loop) failed at index: 24
caller: classpath:InspireTest/ngr/datasetrecords/def/checkxlinkurl.template.feature
arg: {"link":"/"}
checkxlinkurl.template.feature:14 - 
org.apache.http.client.ClientProtocolException
-------
feature call (loop) failed at index: 25
caller: classpath:InspireTest/ngr/datasetrecords/def/checkxlinkurl.template.feature
arg: {"link":"i"}
checkxlinkurl.template.feature:14 - 
org.apache.http.client.ClientProtocolException
-------
feature call (loop) failed at index: 26
caller: classpath:InspireTest/ngr/datasetrecords/def/checkxlinkurl.template.feature
arg: {"link":"t"}
checkxlinkurl.template.feature:14 - 
org.apache.http.client.ClientProtocolException
-------
feature call (loop) failed at index: 27
caller: classpath:InspireTest/ngr/datasetrecords/def/checkxlinkurl.template.feature
arg: {"link":"t"}
checkxlinkurl.template.feature:14 - 
org.apache.http.client.ClientProtocolException
-------
feature call (loop) failed at index: 28
caller: classpath:InspireTest/ngr/datasetrecords/def/checkxlinkurl.template.feature
arg: {"link":"f"}
checkxlinkurl.template.feature:14 - 
org.apache.http.client.ClientProtocolException
-------
feature call (loop) failed at index: 29
caller: classpath:InspireTest/ngr/datasetrecords/def/checkxlinkurl.template.feature
arg: {"link":"/"}
checkxlinkurl.template.feature:14 - 
org.apache.http.client.ClientProtocolException
-------
feature call (loop) failed at index: 30
caller: classpath:InspireTest/ngr/datasetrecords/def/checkxlinkurl.template.feature
arg: {"link":"P"}
checkxlinkurl.template.feature:14 - 
org.apache.http.client.ClientProtocolException
-------
feature call (loop) failed at index: 31
caller: classpath:InspireTest/ngr/datasetrecords/def/checkxlinkurl.template.feature
arg: {"link":"u"}
checkxlinkurl.template.feature:14 - 
org.apache.http.client.ClientProtocolException
-------
feature call (loop) failed at index: 32
caller: classpath:InspireTest/ngr/datasetrecords/def/checkxlinkurl.template.feature
arg: {"link":"b"}
checkxlinkurl.template.feature:14 - 
org.apache.http.client.ClientProtocolException
-------
feature call (loop) failed at index: 33
caller: classpath:InspireTest/ngr/datasetrecords/def/checkxlinkurl.template.feature
arg: {"link":"l"}
checkxlinkurl.template.feature:14 - 
org.apache.http.client.ClientProtocolException
-------
feature call (loop) failed at index: 34
caller: classpath:InspireTest/ngr/datasetrecords/def/checkxlinkurl.template.feature
arg: {"link":"i"}
checkxlinkurl.template.feature:14 - 
org.apache.http.client.ClientProtocolException
-------
feature call (loop) failed at index: 35
caller: classpath:InspireTest/ngr/datasetrecords/def/checkxlinkurl.template.feature
arg: {"link":"c"}
checkxlinkurl.template.feature:14 - 
org.apache.http.client.ClientProtocolException
-------
feature call (loop) failed at index: 36
caller: classpath:InspireTest/ngr/datasetrecords/def/checkxlinkurl.template.feature
arg: {"link":"l"}
checkxlinkurl.template.feature:14 - 
org.apache.http.client.ClientProtocolException
-------
feature call (loop) failed at index: 37
caller: classpath:InspireTest/ngr/datasetrecords/def/checkxlinkurl.template.feature
arg: {"link":"y"}
checkxlinkurl.template.feature:14 - 
org.apache.http.client.ClientProtocolException
-------
feature call (loop) failed at index: 38
caller: classpath:InspireTest/ngr/datasetrecords/def/checkxlinkurl.template.feature
arg: {"link":"A"}
checkxlinkurl.template.feature:14 - 
org.apache.http.client.ClientProtocolException
-------
feature call (loop) failed at index: 39
caller: classpath:InspireTest/ngr/datasetrecords/def/checkxlinkurl.template.feature
arg: {"link":"v"}
checkxlinkurl.template.feature:14 - 
org.apache.http.client.ClientProtocolException
-------
feature call (loop) failed at index: 40
caller: classpath:InspireTest/ngr/datasetrecords/def/checkxlinkurl.template.feature
arg: {"link":"a"}
checkxlinkurl.template.feature:14 - 
org.apache.http.client.ClientProtocolException
-------
feature call (loop) failed at index: 41
caller: classpath:InspireTest/ngr/datasetrecords/def/checkxlinkurl.template.feature
arg: {"link":"i"}
checkxlinkurl.template.feature:14 - 
org.apache.http.client.ClientProtocolException
-------
feature call (loop) failed at index: 42
caller: classpath:InspireTest/ngr/datasetrecords/def/checkxlinkurl.template.feature
arg: {"link":"l"}
checkxlinkurl.template.feature:14 - 
org.apache.http.client.ClientProtocolException
-------
feature call (loop) failed at index: 43
caller: classpath:InspireTest/ngr/datasetrecords/def/checkxlinkurl.template.feature
arg: {"link":"a"}
checkxlinkurl.template.feature:14 - 
org.apache.http.client.ClientProtocolException
-------
feature call (loop) failed at index: 44
caller: classpath:InspireTest/ngr/datasetrecords/def/checkxlinkurl.template.feature
arg: {"link":"b"}
checkxlinkurl.template.feature:14 - 
org.apache.http.client.ClientProtocolException
-------
feature call (loop) failed at index: 45
caller: classpath:InspireTest/ngr/datasetrecords/def/checkxlinkurl.template.feature
arg: {"link":"l"}
checkxlinkurl.template.feature:14 - 
org.apache.http.client.ClientProtocolException
-------
feature call (loop) failed at index: 46
caller: classpath:InspireTest/ngr/datasetrecords/def/checkxlinkurl.template.feature
arg: {"link":"e"}
checkxlinkurl.template.feature:14 - 
org.apache.http.client.ClientProtocolException
-------
feature call (loop) failed at index: 47
caller: classpath:InspireTest/ngr/datasetrecords/def/checkxlinkurl.template.feature
arg: {"link":"S"}
checkxlinkurl.template.feature:14 - 
org.apache.http.client.ClientProtocolException
-------
feature call (loop) failed at index: 48
caller: classpath:InspireTest/ngr/datasetrecords/def/checkxlinkurl.template.feature
arg: {"link":"t"}
checkxlinkurl.template.feature:14 - 
org.apache.http.client.ClientProtocolException
-------
feature call (loop) failed at index: 49
caller: classpath:InspireTest/ngr/datasetrecords/def/checkxlinkurl.template.feature
arg: {"link":"a"}
checkxlinkurl.template.feature:14 - 
org.apache.http.client.ClientProtocolException
-------
feature call (loop) failed at index: 50
caller: classpath:InspireTest/ngr/datasetrecords/def/checkxlinkurl.template.feature
arg: {"link":"n"}
checkxlinkurl.template.feature:14 - 
org.apache.http.client.ClientProtocolException
-------
feature call (loop) failed at index: 51
caller: classpath:InspireTest/ngr/datasetrecords/def/checkxlinkurl.template.feature
arg: {"link":"d"}
checkxlinkurl.template.feature:14 - 
org.apache.http.client.ClientProtocolException
-------
feature call (loop) failed at index: 52
caller: classpath:InspireTest/ngr/datasetrecords/def/checkxlinkurl.template.feature
arg: {"link":"a"}
checkxlinkurl.template.feature:14 - 
org.apache.http.client.ClientProtocolException
-------
feature call (loop) failed at index: 53
caller: classpath:InspireTest/ngr/datasetrecords/def/checkxlinkurl.template.feature
arg: {"link":"r"}
checkxlinkurl.template.feature:14 - 
org.apache.http.client.ClientProtocolException
-------
feature call (loop) failed at index: 54
caller: classpath:InspireTest/ngr/datasetrecords/def/checkxlinkurl.template.feature
arg: {"link":"d"}
checkxlinkurl.template.feature:14 - 
org.apache.http.client.ClientProtocolException
-------
feature call (loop) failed at index: 55
caller: classpath:InspireTest/ngr/datasetrecords/def/checkxlinkurl.template.feature
arg: {"link":"s"}
checkxlinkurl.template.feature:14 - 
org.apache.http.client.ClientProtocolException
-------
feature call (loop) failed at index: 56
caller: classpath:InspireTest/ngr/datasetrecords/def/checkxlinkurl.template.feature
arg: {"link":"/"}
checkxlinkurl.template.feature:14 - 
org.apache.http.client.ClientProtocolException
-------
feature call (loop) failed at index: 57
caller: classpath:InspireTest/ngr/datasetrecords/def/checkxlinkurl.template.feature
arg: {"link":"I"}
checkxlinkurl.template.feature:14 - 
org.apache.http.client.ClientProtocolException
-------
feature call (loop) failed at index: 58
caller: classpath:InspireTest/ngr/datasetrecords/def/checkxlinkurl.template.feature
arg: {"link":"S"}
checkxlinkurl.template.feature:14 - 
org.apache.http.client.ClientProtocolException
-------
feature call (loop) failed at index: 59
caller: classpath:InspireTest/ngr/datasetrecords/def/checkxlinkurl.template.feature
arg: {"link":"O"}
checkxlinkurl.template.feature:14 - 
org.apache.http.client.ClientProtocolException
-------
feature call (loop) failed at index: 60
caller: classpath:InspireTest/ngr/datasetrecords/def/checkxlinkurl.template.feature
arg: {"link":"_"}
checkxlinkurl.template.feature:14 - 
org.apache.http.client.ClientProtocolException
-------
feature call (loop) failed at index: 61
caller: classpath:InspireTest/ngr/datasetrecords/def/checkxlinkurl.template.feature
arg: {"link":"1"}
checkxlinkurl.template.feature:14 - 
org.apache.http.client.ClientProtocolException
-------
feature call (loop) failed at index: 62
caller: classpath:InspireTest/ngr/datasetrecords/def/checkxlinkurl.template.feature
arg: {"link":"9"}
checkxlinkurl.template.feature:14 - 
org.apache.http.client.ClientProtocolException
-------
feature call (loop) failed at index: 63
caller: classpath:InspireTest/ngr/datasetrecords/def/checkxlinkurl.template.feature
arg: {"link":"1"}
checkxlinkurl.template.feature:14 - 
org.apache.http.client.ClientProtocolException
-------
feature call (loop) failed at index: 64
caller: classpath:InspireTest/ngr/datasetrecords/def/checkxlinkurl.template.feature
arg: {"link":"3"}
checkxlinkurl.template.feature:14 - 
org.apache.http.client.ClientProtocolException
-------
feature call (loop) failed at index: 65
caller: classpath:InspireTest/ngr/datasetrecords/def/checkxlinkurl.template.feature
arg: {"link":"9"}
checkxlinkurl.template.feature:14 - 
org.apache.http.client.ClientProtocolException
-------
feature call (loop) failed at index: 66
caller: classpath:InspireTest/ngr/datasetrecords/def/checkxlinkurl.template.feature
arg: {"link":"_"}
checkxlinkurl.template.feature:14 - 
org.apache.http.client.ClientProtocolException
-------
feature call (loop) failed at index: 67
caller: classpath:InspireTest/ngr/datasetrecords/def/checkxlinkurl.template.feature
arg: {"link":"S"}
checkxlinkurl.template.feature:14 - 
org.apache.http.client.ClientProtocolException
-------
feature call (loop) failed at index: 68
caller: classpath:InspireTest/ngr/datasetrecords/def/checkxlinkurl.template.feature
arg: {"link":"c"}
checkxlinkurl.template.feature:14 - 
org.apache.http.client.ClientProtocolException
-------
feature call (loop) failed at index: 69
caller: classpath:InspireTest/ngr/datasetrecords/def/checkxlinkurl.template.feature
arg: {"link":"h"}
checkxlinkurl.template.feature:14 - 
org.apache.http.client.ClientProtocolException
-------
feature call (loop) failed at index: 70
caller: classpath:InspireTest/ngr/datasetrecords/def/checkxlinkurl.template.feature
arg: {"link":"e"}
checkxlinkurl.template.feature:14 - 
org.apache.http.client.ClientProtocolException
-------
feature call (loop) failed at index: 71
caller: classpath:InspireTest/ngr/datasetrecords/def/checkxlinkurl.template.feature
arg: {"link":"m"}
checkxlinkurl.template.feature:14 - 
org.apache.http.client.ClientProtocolException
-------
feature call (loop) failed at index: 72
caller: classpath:InspireTest/ngr/datasetrecords/def/checkxlinkurl.template.feature
arg: {"link":"a"}
checkxlinkurl.template.feature:14 - 
org.apache.http.client.ClientProtocolException
-------
feature call (loop) failed at index: 73
caller: classpath:InspireTest/ngr/datasetrecords/def/checkxlinkurl.template.feature
arg: {"link":"s"}
checkxlinkurl.template.feature:14 - 
org.apache.http.client.ClientProtocolException
-------
feature call (loop) failed at index: 74
caller: classpath:InspireTest/ngr/datasetrecords/def/checkxlinkurl.template.feature
arg: {"link":"/"}
checkxlinkurl.template.feature:14 - 
org.apache.http.client.ClientProtocolException
-------
feature call (loop) failed at index: 75
caller: classpath:InspireTest/ngr/datasetrecords/def/checkxlinkurl.template.feature
arg: {"link":"r"}
checkxlinkurl.template.feature:14 - 
org.apache.http.client.ClientProtocolException
-------
feature call (loop) failed at index: 76
caller: classpath:InspireTest/ngr/datasetrecords/def/checkxlinkurl.template.feature
arg: {"link":"e"}
checkxlinkurl.template.feature:14 - 
org.apache.http.client.ClientProtocolException
-------
feature call (loop) failed at index: 77
caller: classpath:InspireTest/ngr/datasetrecords/def/checkxlinkurl.template.feature
arg: {"link":"s"}
checkxlinkurl.template.feature:14 - 
org.apache.http.client.ClientProtocolException
-------
feature call (loop) failed at index: 78
caller: classpath:InspireTest/ngr/datasetrecords/def/checkxlinkurl.template.feature
arg: {"link":"o"}
checkxlinkurl.template.feature:14 - 
org.apache.http.client.ClientProtocolException
-------
feature call (loop) failed at index: 79
caller: classpath:InspireTest/ngr/datasetrecords/def/checkxlinkurl.template.feature
arg: {"link":"u"}
checkxlinkurl.template.feature:14 - 
org.apache.http.client.ClientProtocolException
-------
feature call (loop) failed at index: 80
caller: classpath:InspireTest/ngr/datasetrecords/def/checkxlinkurl.template.feature
arg: {"link":"r"}
checkxlinkurl.template.feature:14 - 
org.apache.http.client.ClientProtocolException
-------
feature call (loop) failed at index: 81
caller: classpath:InspireTest/ngr/datasetrecords/def/checkxlinkurl.template.feature
arg: {"link":"c"}
checkxlinkurl.template.feature:14 - 
org.apache.http.client.ClientProtocolException
-------
feature call (loop) failed at index: 82
caller: classpath:InspireTest/ngr/datasetrecords/def/checkxlinkurl.template.feature
arg: {"link":"e"}
checkxlinkurl.template.feature:14 - 
org.apache.http.client.ClientProtocolException
-------
feature call (loop) failed at index: 83
caller: classpath:InspireTest/ngr/datasetrecords/def/checkxlinkurl.template.feature
arg: {"link":"s"}
checkxlinkurl.template.feature:14 - 
org.apache.http.client.ClientProtocolException
-------
feature call (loop) failed at index: 84
caller: classpath:InspireTest/ngr/datasetrecords/def/checkxlinkurl.template.feature
arg: {"link":"/"}
checkxlinkurl.template.feature:14 - 
org.apache.http.client.ClientProtocolException
-------
feature call (loop) failed at index: 85
caller: classpath:InspireTest/ngr/datasetrecords/def/checkxlinkurl.template.feature
arg: {"link":"u"}
checkxlinkurl.template.feature:14 - 
org.apache.http.client.ClientProtocolException
-------
feature call (loop) failed at index: 86
caller: classpath:InspireTest/ngr/datasetrecords/def/checkxlinkurl.template.feature
arg: {"link":"o"}
checkxlinkurl.template.feature:14 - 
org.apache.http.client.ClientProtocolException
-------
feature call (loop) failed at index: 87
caller: classpath:InspireTest/ngr/datasetrecords/def/checkxlinkurl.template.feature
arg: {"link":"m"}
checkxlinkurl.template.feature:14 - 
org.apache.http.client.ClientProtocolException
-------
feature call (loop) failed at index: 88
caller: classpath:InspireTest/ngr/datasetrecords/def/checkxlinkurl.template.feature
arg: {"link":"/"}
checkxlinkurl.template.feature:14 - 
org.apache.http.client.ClientProtocolException
-------
feature call (loop) failed at index: 89
caller: classpath:InspireTest/ngr/datasetrecords/def/checkxlinkurl.template.feature
arg: {"link":"g"}
checkxlinkurl.template.feature:14 - 
org.apache.http.client.ClientProtocolException
-------
feature call (loop) failed at index: 90
caller: classpath:InspireTest/ngr/datasetrecords/def/checkxlinkurl.template.feature
arg: {"link":"m"}
checkxlinkurl.template.feature:14 - 
org.apache.http.client.ClientProtocolException
-------
feature call (loop) failed at index: 91
caller: classpath:InspireTest/ngr/datasetrecords/def/checkxlinkurl.template.feature
arg: {"link":"x"}
checkxlinkurl.template.feature:14 - 
org.apache.http.client.ClientProtocolException
-------
feature call (loop) failed at index: 92
caller: classpath:InspireTest/ngr/datasetrecords/def/checkxlinkurl.template.feature
arg: {"link":"U"}
checkxlinkurl.template.feature:14 - 
org.apache.http.client.ClientProtocolException
-------
feature call (loop) failed at index: 93
caller: classpath:InspireTest/ngr/datasetrecords/def/checkxlinkurl.template.feature
arg: {"link":"o"}
checkxlinkurl.template.feature:14 - 
org.apache.http.client.ClientProtocolException
-------
feature call (loop) failed at index: 94
caller: classpath:InspireTest/ngr/datasetrecords/def/checkxlinkurl.template.feature
arg: {"link":"m"}
checkxlinkurl.template.feature:14 - 
org.apache.http.client.ClientProtocolException
-------
feature call (loop) failed at index: 95
caller: classpath:InspireTest/ngr/datasetrecords/def/checkxlinkurl.template.feature
arg: {"link":"."}
checkxlinkurl.template.feature:14 - 
org.apache.http.client.ClientProtocolException
-------
feature call (loop) failed at index: 96
caller: classpath:InspireTest/ngr/datasetrecords/def/checkxlinkurl.template.feature
arg: {"link":"x"}
checkxlinkurl.template.feature:14 - 
org.apache.http.client.ClientProtocolException
-------
feature call (loop) failed at index: 97
caller: classpath:InspireTest/ngr/datasetrecords/def/checkxlinkurl.template.feature
arg: {"link":"m"}
checkxlinkurl.template.feature:14 - 
org.apache.http.client.ClientProtocolException
-------
feature call (loop) failed at index: 98
caller: classpath:InspireTest/ngr/datasetrecords/def/checkxlinkurl.template.feature
arg: {"link":"l"}
checkxlinkurl.template.feature:14 - 
org.apache.http.client.ClientProtocolException
-------
feature call (loop) failed at index: 99
caller: classpath:InspireTest/ngr/datasetrecords/def/checkxlinkurl.template.feature
arg: {"link":"#"}
checkxlinkurl.template.feature:14 - 
org.apache.http.client.ClientProtocolException
-------
feature call (loop) failed at index: 100
caller: classpath:InspireTest/ngr/datasetrecords/def/checkxlinkurl.template.feature
arg: {"link":"m"}
checkxlinkurl.template.feature:14 - 
org.apache.http.client.ClientProtocolException
[1.7:18] check-known-dataset-record.feature:81 - feature call (loop) failed: classpath:InspireTest/ngr/datasetrecords/def/checkxlinkurl.template.feature
caller: classpath:InspireTest/ngr/datasetrecords/check-known-dataset-record.feature
items: [{link=http://kadaster/2482250f-3b00-4439-9f93-f3118229b017}, {link=}, {link=}, {link=}]
errors:
-------
feature call (loop) failed at index: 0
caller: classpath:InspireTest/ngr/datasetrecords/def/checkxlinkurl.template.feature
arg: {"link":"http://kadaster/2482250f-3b00-4439-9f93-f3118229b017"}
checkxlinkurl.template.feature:14 - 
java.net.UnknownHostException: kadaster
-------
feature call (loop) failed at index: 1
caller: classpath:InspireTest/ngr/datasetrecords/def/checkxlinkurl.template.feature
arg: {"link":""}
checkxlinkurl.template.feature:14 - 
org.apache.http.client.ClientProtocolException
-------
feature call (loop) failed at index: 2
caller: classpath:InspireTest/ngr/datasetrecords/def/checkxlinkurl.template.feature
arg: {"link":""}
checkxlinkurl.template.feature:14 - 
org.apache.http.client.ClientProtocolException
-------
feature call (loop) failed at index: 3
caller: classpath:InspireTest/ngr/datasetrecords/def/checkxlinkurl.template.feature
arg: {"link":""}
checkxlinkurl.template.feature:14 - 
org.apache.http.client.ClientProtocolException
[1.9:18] check-known-dataset-record.feature:81 - feature call (loop) failed: classpath:InspireTest/ngr/datasetrecords/def/checkxlinkurl.template.feature
caller: classpath:InspireTest/ngr/datasetrecords/check-known-dataset-record.feature
items: [{link=http://kadaster/06b6c650-cdb1-11dd-ad8b-0800200c9a80}]
errors:
-------
feature call (loop) failed at index: 0
caller: classpath:InspireTest/ngr/datasetrecords/def/checkxlinkurl.template.feature
arg: {"link":"http://kadaster/06b6c650-cdb1-11dd-ad8b-0800200c9a80"}
checkxlinkurl.template.feature:14 - 
java.net.UnknownHostException: kadaster
[1.10:18] check-known-dataset-record.feature:81 - feature call (loop) failed: classpath:InspireTest/ngr/datasetrecords/def/checkxlinkurl.template.feature
caller: classpath:InspireTest/ngr/datasetrecords/check-known-dataset-record.feature
items: [{link=http://www.opengis.net/def/crs/EPSG/0/http://www.opengis.net/def/crs/EPSG/0/4258}, {link=http://kadaster/70a0f618-9d4f-4be9-9d9d-11106ff6971c}]
errors:
-------
feature call (loop) failed at index: 1
caller: classpath:InspireTest/ngr/datasetrecords/def/checkxlinkurl.template.feature
arg: {"link":"http://kadaster/70a0f618-9d4f-4be9-9d9d-11106ff6971c"}
checkxlinkurl.template.feature:14 - 
java.net.UnknownHostException: kadaster
[1.11:18] check-known-dataset-record.feature:81 - feature call (loop) failed: classpath:InspireTest/ngr/datasetrecords/def/checkxlinkurl.template.feature
caller: classpath:InspireTest/ngr/datasetrecords/check-known-dataset-record.feature
items: [{link=https://data.rivm.nl/inspire/id#90bab79d-5f92-4aaa-8edc-99195438ef65}]
errors:
-------
feature call (loop) failed at index: 0
caller: classpath:InspireTest/ngr/datasetrecords/def/checkxlinkurl.template.feature
arg: {"link":"https://data.rivm.nl/inspire/id#90bab79d-5f92-4aaa-8edc-99195438ef65"}
checkxlinkurl.template.feature:14 - 
javax.net.ssl.SSLException: Connection reset
[1.12:18] check-known-dataset-record.feature:81 - feature call (loop) failed: classpath:InspireTest/ngr/datasetrecords/def/checkxlinkurl.template.feature
caller: classpath:InspireTest/ngr/datasetrecords/check-known-dataset-record.feature
items: [{link=http://www.opengis.net/def/crs/EPSG/0/http://www.opengis.net/def/crs/EPSG/0/4258}, {link=http://kadaster/ed4caa3b-a49e-4a9a-8206-50a3cf451b9a}]
errors:
-------
feature call (loop) failed at index: 1
caller: classpath:InspireTest/ngr/datasetrecords/def/checkxlinkurl.template.feature
arg: {"link":"http://kadaster/ed4caa3b-a49e-4a9a-8206-50a3cf451b9a"}
checkxlinkurl.template.feature:14 - 
java.net.UnknownHostException: kadaster
[1.13:18] check-known-dataset-record.feature:81 - feature call (loop) failed: classpath:InspireTest/ngr/datasetrecords/def/checkxlinkurl.template.feature
caller: classpath:InspireTest/ngr/datasetrecords/check-known-dataset-record.feature
items: [{link=https://data.rivm.nl/inspire/id#722e3937-3e53-4048-97ef-1ced2c77f7dd}]
errors:
-------
feature call (loop) failed at index: 0
caller: classpath:InspireTest/ngr/datasetrecords/def/checkxlinkurl.template.feature
arg: {"link":"https://data.rivm.nl/inspire/id#722e3937-3e53-4048-97ef-1ced2c77f7dd"}
checkxlinkurl.template.feature:14 - 
javax.net.ssl.SSLException: Connection reset
[1.14:18] check-known-dataset-record.feature:81 - feature call (loop) failed: classpath:InspireTest/ngr/datasetrecords/def/checkxlinkurl.template.feature
caller: classpath:InspireTest/ngr/datasetrecords/check-known-dataset-record.feature
items: [{link=http://nationaalgeoregister.nl/geonetwork/srv/dut/catalog.search#/metadata/19165027-a13a-4c19-9013-ec1fd191019d}, {link=https://data.overheid.nl/organisatie/PDOK}]
errors:
-------
feature call (loop) failed at index: 1
caller: classpath:InspireTest/ngr/datasetrecords/def/checkxlinkurl.template.feature
arg: {"link":"https://data.overheid.nl/organisatie/PDOK"}
checkxlinkurl.template.feature:22 - path: $, actual: 404, expected: 200, reason: not equal (Integer)
[1.15:18] check-known-dataset-record.feature:49 - xpath does not exist: /GetRecordByIdResponse//@href on response
[1.16:18] check-known-dataset-record.feature:81 - feature call (loop) failed: classpath:InspireTest/ngr/datasetrecords/def/checkxlinkurl.template.feature
caller: classpath:InspireTest/ngr/datasetrecords/check-known-dataset-record.feature
items: [{link=https://www.nationaalgeoregister.nl/geonetwork/srv/api/recordsc3c004ad-5387-4b00-a225-9afbcaa5d31b}]
errors:
-------
feature call (loop) failed at index: 0
caller: classpath:InspireTest/ngr/datasetrecords/def/checkxlinkurl.template.feature
arg: {"link":"https://www.nationaalgeoregister.nl/geonetwork/srv/api/recordsc3c004ad-5387-4b00-a225-9afbcaa5d31b"}
checkxlinkurl.template.feature:22 - path: $, actual: 500, expected: 200, reason: not equal (Integer)
[1.17:18] check-known-dataset-record.feature:81 - feature call (loop) failed: classpath:InspireTest/ngr/datasetrecords/def/checkxlinkurl.template.feature
caller: classpath:InspireTest/ngr/datasetrecords/check-known-dataset-record.feature
items: [{link=http://kadaster/2482250f-3b00-4439-9f93-f3118229b015}, {link=}, {link=}, {link=}]
errors:
-------
feature call (loop) failed at index: 0
caller: classpath:InspireTest/ngr/datasetrecords/def/checkxlinkurl.template.feature
arg: {"link":"http://kadaster/2482250f-3b00-4439-9f93-f3118229b015"}
checkxlinkurl.template.feature:14 - 
java.net.UnknownHostException: kadaster
-------
feature call (loop) failed at index: 1
caller: classpath:InspireTest/ngr/datasetrecords/def/checkxlinkurl.template.feature
arg: {"link":""}
checkxlinkurl.template.feature:14 - 
org.apache.http.client.ClientProtocolException
-------
feature call (loop) failed at index: 2
caller: classpath:InspireTest/ngr/datasetrecords/def/checkxlinkurl.template.feature
arg: {"link":""}
checkxlinkurl.template.feature:14 - 
org.apache.http.client.ClientProtocolException
-------
feature call (loop) failed at index: 3
caller: classpath:InspireTest/ngr/datasetrecords/def/checkxlinkurl.template.feature
arg: {"link":""}
checkxlinkurl.template.feature:14 - 
org.apache.http.client.ClientProtocolException
[1.18:18] check-known-dataset-record.feature:81 - feature call (loop) failed: classpath:InspireTest/ngr/datasetrecords/def/checkxlinkurl.template.feature
caller: classpath:InspireTest/ngr/datasetrecords/check-known-dataset-record.feature
items: [{link=http://www.opengis.net/def/crs/EPSG/0/http://www.opengis.net/def/crs/EPSG/0/4258}, {link=http://kadaster/df1a98c0-58ba-48ff-8825-b4fb6322c586}]
errors:
-------
feature call (loop) failed at index: 1
caller: classpath:InspireTest/ngr/datasetrecords/def/checkxlinkurl.template.feature
arg: {"link":"http://kadaster/df1a98c0-58ba-48ff-8825-b4fb6322c586"}
checkxlinkurl.template.feature:14 - 
java.net.UnknownHostException: kadaster
[1.19:18] check-known-dataset-record.feature:81 - feature call (loop) failed: classpath:InspireTest/ngr/datasetrecords/def/checkxlinkurl.template.feature
caller: classpath:InspireTest/ngr/datasetrecords/check-known-dataset-record.feature
items: [{link=https://data.rivm.nl/inspire/id#a3095f95-0ec7-46ff-ae14-ce2173e8fafa}]
errors:
-------
feature call (loop) failed at index: 0
caller: classpath:InspireTest/ngr/datasetrecords/def/checkxlinkurl.template.feature
arg: {"link":"https://data.rivm.nl/inspire/id#a3095f95-0ec7-46ff-ae14-ce2173e8fafa"}
checkxlinkurl.template.feature:14 - 
javax.net.ssl.SSLException: Connection reset
[1.21:18] check-known-dataset-record.feature:81 - feature call (loop) failed: classpath:InspireTest/ngr/datasetrecords/def/checkxlinkurl.template.feature
caller: classpath:InspireTest/ngr/datasetrecords/check-known-dataset-record.feature
items: [{link=https://monumentenregister.cultureelerfgoed.nl/sites/default/files/MRS/mrs-inspire.zip}]
errors:
-------
feature call (loop) failed at index: 0
caller: classpath:InspireTest/ngr/datasetrecords/def/checkxlinkurl.template.feature
arg: {"link":"https://monumentenregister.cultureelerfgoed.nl/sites/default/files/MRS/mrs-inspire.zip"}
checkxlinkurl.template.feature:22 - path: $, actual: 404, expected: 200, reason: not equal (Integer)
[1.22:18] check-known-dataset-record.feature:81 - feature call (loop) failed: classpath:InspireTest/ngr/datasetrecords/def/checkxlinkurl.template.feature
caller: classpath:InspireTest/ngr/datasetrecords/check-known-dataset-record.feature
items: [{link=https://ngr.acceptatie.nationaalgeoregister.nl/geonetwork/srv/resources34e95842-4e4e-46de-9198-79e8cd4d30dc}]
errors:
-------
feature call (loop) failed at index: 0
caller: classpath:InspireTest/ngr/datasetrecords/def/checkxlinkurl.template.feature
arg: {"link":"https://ngr.acceptatie.nationaalgeoregister.nl/geonetwork/srv/resources34e95842-4e4e-46de-9198-79e8cd4d30dc"}
checkxlinkurl.template.feature:22 - path: $, actual: 404, expected: 200, reason: not equal (Integer)
[1.23:18] check-known-dataset-record.feature:81 - feature call (loop) failed: classpath:InspireTest/ngr/datasetrecords/def/checkxlinkurl.template.feature
caller: classpath:InspireTest/ngr/datasetrecords/check-known-dataset-record.feature
items: [{link=https://www.nationaalgeoregister.nl/geonetwork/srv/dut/catalog.search#/metadata/5a1adb58-0bbe-425d-b0fe-577a6c0a4228}, {link=http://rdfdata.eionet.europa.eu/inspirethemes/themes/10}, {link=urn:ogc:def:crs:EPSG::5709}]
errors:
-------
feature call (loop) failed at index: 1
caller: classpath:InspireTest/ngr/datasetrecords/def/checkxlinkurl.template.feature
arg: {"link":"http://rdfdata.eionet.europa.eu/inspirethemes/themes/10"}
checkxlinkurl.template.feature:22 - path: $, actual: 404, expected: 200, reason: not equal (Integer)
-------
feature call (loop) failed at index: 2
caller: classpath:InspireTest/ngr/datasetrecords/def/checkxlinkurl.template.feature
arg: {"link":"urn:ogc:def:crs:EPSG::5709"}
checkxlinkurl.template.feature:14 - 
org.apache.http.client.ClientProtocolException: URI does not specify a valid host name: urn:ogc:def:crs:EPSG::5709
[1.24:18] check-known-dataset-record.feature:81 - feature call (loop) failed: classpath:InspireTest/ngr/datasetrecords/def/checkxlinkurl.template.feature
caller: classpath:InspireTest/ngr/datasetrecords/check-known-dataset-record.feature
items: [{link=https://www.nationaalgeoregister.nl/geonetwork/srv/dut/catalog.search#/metadata/7939fd42-cf88-42c5-ab3b-232cf232a3ac}, {link=http://rdfdata.eionet.europa.eu/inspirethemes/themes/10}, {link=urn:ogc:def:crs:EPSG::5709}]
errors:
-------
feature call (loop) failed at index: 1
caller: classpath:InspireTest/ngr/datasetrecords/def/checkxlinkurl.template.feature
arg: {"link":"http://rdfdata.eionet.europa.eu/inspirethemes/themes/10"}
checkxlinkurl.template.feature:22 - path: $, actual: 404, expected: 200, reason: not equal (Integer)
-------
feature call (loop) failed at index: 2
caller: classpath:InspireTest/ngr/datasetrecords/def/checkxlinkurl.template.feature
arg: {"link":"urn:ogc:def:crs:EPSG::5709"}
checkxlinkurl.template.feature:14 - 
org.apache.http.client.ClientProtocolException: URI does not specify a valid host name: urn:ogc:def:crs:EPSG::5709
[1.25:18] check-known-dataset-record.feature:81 - feature call (loop) failed: classpath:InspireTest/ngr/datasetrecords/def/checkxlinkurl.template.feature
caller: classpath:InspireTest/ngr/datasetrecords/check-known-dataset-record.feature
items: [{link=https://www.nationaalgeoregister.nl/geonetwork/srv/dut/catalog.search#/metadata/eu-f297898-2640-44c2-bbe9-c0480da83794}, {link=http://rdfdata.eionet.europa.eu/inspirethemes/themes/8}, {link=urn:ogc:def:crs:EPSG::5709}]
errors:
-------
feature call (loop) failed at index: 1
caller: classpath:InspireTest/ngr/datasetrecords/def/checkxlinkurl.template.feature
arg: {"link":"http://rdfdata.eionet.europa.eu/inspirethemes/themes/8"}
checkxlinkurl.template.feature:22 - path: $, actual: 404, expected: 200, reason: not equal (Integer)
-------
feature call (loop) failed at index: 2
caller: classpath:InspireTest/ngr/datasetrecords/def/checkxlinkurl.template.feature
arg: {"link":"urn:ogc:def:crs:EPSG::5709"}
checkxlinkurl.template.feature:14 - 
org.apache.http.client.ClientProtocolException: URI does not specify a valid host name: urn:ogc:def:crs:EPSG::5709
[1.26:18] check-known-dataset-record.feature:81 - feature call (loop) failed: classpath:InspireTest/ngr/datasetrecords/def/checkxlinkurl.template.feature
caller: classpath:InspireTest/ngr/datasetrecords/check-known-dataset-record.feature
items: [{link=https://www.nationaalgeoregister.nl/geonetwork/srv/dut/catalog.search#/metadata/8de2f5eb-b09f-4f6d-8397-8878a1b86238}, {link=http://rdfdata.eionet.europa.eu/inspirethemes/themes/18}, {link=http://inspire.ec.europa.eu/metadata-codelist/PriorityDataset#}, {link=https://ngr.geocat.live/geonetwork/srv/eng/thesaurus.download?ref=external.theme.httpinspireeceuropaeumetadatacodelistPrioritydataset-Prioritydataset}, {link=urn:ogc:def:crs:EPSG::5709}]
errors:
-------
feature call (loop) failed at index: 1
caller: classpath:InspireTest/ngr/datasetrecords/def/checkxlinkurl.template.feature
arg: {"link":"http://rdfdata.eionet.europa.eu/inspirethemes/themes/18"}
checkxlinkurl.template.feature:22 - path: $, actual: 404, expected: 200, reason: not equal (Integer)
-------
feature call (loop) failed at index: 3
caller: classpath:InspireTest/ngr/datasetrecords/def/checkxlinkurl.template.feature
arg: {"link":"https://ngr.geocat.live/geonetwork/srv/eng/thesaurus.download?ref=external.theme.httpinspireeceuropaeumetadatacodelistPrioritydataset-Prioritydataset"}
checkxlinkurl.template.feature:22 - path: $, actual: 500, expected: 200, reason: not equal (Integer)
-------
feature call (loop) failed at index: 4
caller: classpath:InspireTest/ngr/datasetrecords/def/checkxlinkurl.template.feature
arg: {"link":"urn:ogc:def:crs:EPSG::5709"}
checkxlinkurl.template.feature:14 - 
org.apache.http.client.ClientProtocolException: URI does not specify a valid host name: urn:ogc:def:crs:EPSG::5709
[1.27:18] check-known-dataset-record.feature:81 - feature call (loop) failed: classpath:InspireTest/ngr/datasetrecords/def/checkxlinkurl.template.feature
caller: classpath:InspireTest/ngr/datasetrecords/check-known-dataset-record.feature
items: [{link=https://www.nationaalgeoregister.nl/geonetwork/srv/dut/catalog.search#/metadata/4783ea4f-6b8c-4600-8af0-516f3556cfe9}, {link=http://rdfdata.eionet.europa.eu/inspirethemes/themes/24}, {link=}, {link=}, {link=}, {link=urn:ogc:def:crs:EPSG::5709}]
errors:
-------
feature call (loop) failed at index: 1
caller: classpath:InspireTest/ngr/datasetrecords/def/checkxlinkurl.template.feature
arg: {"link":"http://rdfdata.eionet.europa.eu/inspirethemes/themes/24"}
checkxlinkurl.template.feature:22 - path: $, actual: 404, expected: 200, reason: not equal (Integer)
-------
feature call (loop) failed at index: 2
caller: classpath:InspireTest/ngr/datasetrecords/def/checkxlinkurl.template.feature
arg: {"link":""}
checkxlinkurl.template.feature:14 - 
org.apache.http.client.ClientProtocolException
-------
feature call (loop) failed at index: 3
caller: classpath:InspireTest/ngr/datasetrecords/def/checkxlinkurl.template.feature
arg: {"link":""}
checkxlinkurl.template.feature:14 - 
org.apache.http.client.ClientProtocolException
-------
feature call (loop) failed at index: 4
caller: classpath:InspireTest/ngr/datasetrecords/def/checkxlinkurl.template.feature
arg: {"link":""}
checkxlinkurl.template.feature:14 - 
org.apache.http.client.ClientProtocolException
-------
feature call (loop) failed at index: 5
caller: classpath:InspireTest/ngr/datasetrecords/def/checkxlinkurl.template.feature
arg: {"link":"urn:ogc:def:crs:EPSG::5709"}
checkxlinkurl.template.feature:14 - 
org.apache.http.client.ClientProtocolException: URI does not specify a valid host name: urn:ogc:def:crs:EPSG::5709
[1.28:18] check-known-dataset-record.feature:81 - feature call (loop) failed: classpath:InspireTest/ngr/datasetrecords/def/checkxlinkurl.template.feature
caller: classpath:InspireTest/ngr/datasetrecords/check-known-dataset-record.feature
items: [{link=https://www.nationaalgeoregister.nl/geonetwork/srv/dut/catalog.search#/metadata/50eef6be-619d-4e16-9b92-48971109b636}, {link=http://rdfdata.eionet.europa.eu/inspirethemes/themes/18}, {link=http://inspire.ec.europa.eu/metadata-codelist/PriorityDataset/MajorRoadsNoiseExposureDelineationNight-dir-2002-49}, {link=http://inspire.ec.europa.eu/metadata-codelist/PriorityDataset#}, {link=https://ngr.geocat.live/geonetwork/srv/eng/thesaurus.download?ref=external.theme.httpinspireeceuropaeumetadatacodelistPrioritydataset-Prioritydataset}, {link=urn:ogc:def:crs:EPSG::5709}]
errors:
-------
feature call (loop) failed at index: 1
caller: classpath:InspireTest/ngr/datasetrecords/def/checkxlinkurl.template.feature
arg: {"link":"http://rdfdata.eionet.europa.eu/inspirethemes/themes/18"}
checkxlinkurl.template.feature:22 - path: $, actual: 404, expected: 200, reason: not equal (Integer)
-------
feature call (loop) failed at index: 4
caller: classpath:InspireTest/ngr/datasetrecords/def/checkxlinkurl.template.feature
arg: {"link":"https://ngr.geocat.live/geonetwork/srv/eng/thesaurus.download?ref=external.theme.httpinspireeceuropaeumetadatacodelistPrioritydataset-Prioritydataset"}
checkxlinkurl.template.feature:22 - path: $, actual: 500, expected: 200, reason: not equal (Integer)
-------
feature call (loop) failed at index: 5
caller: classpath:InspireTest/ngr/datasetrecords/def/checkxlinkurl.template.feature
arg: {"link":"urn:ogc:def:crs:EPSG::5709"}
checkxlinkurl.template.feature:14 - 
org.apache.http.client.ClientProtocolException: URI does not specify a valid host name: urn:ogc:def:crs:EPSG::5709
[1.29:18] check-known-dataset-record.feature:81 - feature call (loop) failed: classpath:InspireTest/ngr/datasetrecords/def/checkxlinkurl.template.feature
caller: classpath:InspireTest/ngr/datasetrecords/check-known-dataset-record.feature
items: [{link=https://www.nationaalgeoregister.nl/geonetwork/srv/dut/catalog.search#/metadata/tbjk534p-wubf-crbp-cj25-d4161160gfim}, {link=http://rdfdata.eionet.europa.eu/inspirethemes/themes/28}, {link=http://inspire.ec.europa.eu/metadata-codelist/PriorityDataset#}, {link=https://ngr.geocat.live/geonetwork/srv/eng/thesaurus.download?ref=external.theme.httpinspireeceuropaeumetadatacodelistPrioritydataset-Prioritydataset}]
errors:
-------
feature call (loop) failed at index: 1
caller: classpath:InspireTest/ngr/datasetrecords/def/checkxlinkurl.template.feature
arg: {"link":"http://rdfdata.eionet.europa.eu/inspirethemes/themes/28"}
checkxlinkurl.template.feature:22 - path: $, actual: 404, expected: 200, reason: not equal (Integer)
-------
feature call (loop) failed at index: 3
caller: classpath:InspireTest/ngr/datasetrecords/def/checkxlinkurl.template.feature
arg: {"link":"https://ngr.geocat.live/geonetwork/srv/eng/thesaurus.download?ref=external.theme.httpinspireeceuropaeumetadatacodelistPrioritydataset-Prioritydataset"}
checkxlinkurl.template.feature:22 - path: $, actual: 500, expected: 200, reason: not equal (Integer)
[1.30:18] check-known-dataset-record.feature:81 - feature call (loop) failed: classpath:InspireTest/ngr/datasetrecords/def/checkxlinkurl.template.feature
caller: classpath:InspireTest/ngr/datasetrecords/check-known-dataset-record.feature
items: [{link=https://www.nationaalgeoregister.nl/geonetwork/srv/dut/catalog.search#/metadata/cf69ec50-9849-4afd-853c-ee56211d336d}, {link=http://rdfdata.eionet.europa.eu/inspirethemes/themes/20}, {link=http://rdfdata.eionet.europa.eu/inspirethemes/themes/28}, {link=urn:ogc:def:crs:EPSG::5709}]
errors:
-------
feature call (loop) failed at index: 1
caller: classpath:InspireTest/ngr/datasetrecords/def/checkxlinkurl.template.feature
arg: {"link":"http://rdfdata.eionet.europa.eu/inspirethemes/themes/20"}
checkxlinkurl.template.feature:22 - path: $, actual: 404, expected: 200, reason: not equal (Integer)
-------
feature call (loop) failed at index: 2
caller: classpath:InspireTest/ngr/datasetrecords/def/checkxlinkurl.template.feature
arg: {"link":"http://rdfdata.eionet.europa.eu/inspirethemes/themes/28"}
checkxlinkurl.template.feature:22 - path: $, actual: 404, expected: 200, reason: not equal (Integer)
-------
feature call (loop) failed at index: 3
caller: classpath:InspireTest/ngr/datasetrecords/def/checkxlinkurl.template.feature
arg: {"link":"urn:ogc:def:crs:EPSG::5709"}
checkxlinkurl.template.feature:14 - 
org.apache.http.client.ClientProtocolException: URI does not specify a valid host name: urn:ogc:def:crs:EPSG::5709
[1.33:18] check-known-dataset-record.feature:81 - feature call (loop) failed: classpath:InspireTest/ngr/datasetrecords/def/checkxlinkurl.template.feature
caller: classpath:InspireTest/ngr/datasetrecords/check-known-dataset-record.feature
items: [{link=https://ngr.acceptatie.nationaalgeoregister.nl/geonetwork/srv/resources9d973c4a-ef03-4785-b7f6-942e86b385f7}, {link=www.hydro.nl}, {link=https://www.nationaalgeoregister.nl/geonetwork/srv/eng/thesaurus.download?ref=external.theme.inspire-theme}]
errors:
-------
feature call (loop) failed at index: 0
caller: classpath:InspireTest/ngr/datasetrecords/def/checkxlinkurl.template.feature
arg: {"link":"https://ngr.acceptatie.nationaalgeoregister.nl/geonetwork/srv/resources9d973c4a-ef03-4785-b7f6-942e86b385f7"}
checkxlinkurl.template.feature:22 - path: $, actual: 404, expected: 200, reason: not equal (Integer)
-------
feature call (loop) failed at index: 1
caller: classpath:InspireTest/ngr/datasetrecords/def/checkxlinkurl.template.feature
arg: {"link":"www.hydro.nl"}
checkxlinkurl.template.feature:14 - 
org.apache.http.client.ClientProtocolException
-------
feature call (loop) failed at index: 2
caller: classpath:InspireTest/ngr/datasetrecords/def/checkxlinkurl.template.feature
arg: {"link":"https://www.nationaalgeoregister.nl/geonetwork/srv/eng/thesaurus.download?ref=external.theme.inspire-theme"}
checkxlinkurl.template.feature:22 - path: $, actual: 500, expected: 200, reason: not equal (Integer)
[1.34:18] check-known-dataset-record.feature:81 - feature call (loop) failed: classpath:InspireTest/ngr/datasetrecords/def/checkxlinkurl.template.feature
caller: classpath:InspireTest/ngr/datasetrecords/check-known-dataset-record.feature
items: [{link=http://www.opengis.net/def/crs/EPSG/0/https://www.opengis.net/def/crs/EPSG/0/4258}, {link=https://www.nationaalgeoregister.nl/geonetwork/srv/api/recordsc2225e5d-b46f-4e38-8445-ab10fd40c0dc}]
errors:
-------
feature call (loop) failed at index: 1
caller: classpath:InspireTest/ngr/datasetrecords/def/checkxlinkurl.template.feature
arg: {"link":"https://www.nationaalgeoregister.nl/geonetwork/srv/api/recordsc2225e5d-b46f-4e38-8445-ab10fd40c0dc"}
checkxlinkurl.template.feature:22 - path: $, actual: 500, expected: 200, reason: not equal (Integer)
[1.35:18] check-known-dataset-record.feature:81 - feature call (loop) failed: classpath:InspireTest/ngr/datasetrecords/def/checkxlinkurl.template.feature
caller: classpath:InspireTest/ngr/datasetrecords/check-known-dataset-record.feature
items: [{link=https://www.nationaalgeoregister.nl/geonetwork/srv/dut/catalog.search#/metadata/be1b1514-8d1f-48e1-9624-fee9b784138b}, {link=http://rdfdata.eionet.europa.eu/inspirethemes/themes/7}, {link=urn:ogc:def:crs:EPSG::5709}]
errors:
-------
feature call (loop) failed at index: 1
caller: classpath:InspireTest/ngr/datasetrecords/def/checkxlinkurl.template.feature
arg: {"link":"http://rdfdata.eionet.europa.eu/inspirethemes/themes/7"}
checkxlinkurl.template.feature:22 - path: $, actual: 404, expected: 200, reason: not equal (Integer)
-------
feature call (loop) failed at index: 2
caller: classpath:InspireTest/ngr/datasetrecords/def/checkxlinkurl.template.feature
arg: {"link":"urn:ogc:def:crs:EPSG::5709"}
checkxlinkurl.template.feature:14 - 
org.apache.http.client.ClientProtocolException: URI does not specify a valid host name: urn:ogc:def:crs:EPSG::5709
[1.36:18] check-known-dataset-record.feature:81 - feature call (loop) failed: classpath:InspireTest/ngr/datasetrecords/def/checkxlinkurl.template.feature
caller: classpath:InspireTest/ngr/datasetrecords/check-known-dataset-record.feature
items: [{link=https://www.nationaalgeoregister.nl/geonetwork/srv/api/records3e57ce43-7707-43ed-a4b9-72b3a6d812f8}]
errors:
-------
feature call (loop) failed at index: 0
caller: classpath:InspireTest/ngr/datasetrecords/def/checkxlinkurl.template.feature
arg: {"link":"https://www.nationaalgeoregister.nl/geonetwork/srv/api/records3e57ce43-7707-43ed-a4b9-72b3a6d812f8"}
checkxlinkurl.template.feature:22 - path: $, actual: 500, expected: 200, reason: not equal (Integer)
[1.38:18] check-known-dataset-record.feature:81 - feature call (loop) failed: classpath:InspireTest/ngr/datasetrecords/def/checkxlinkurl.template.feature
caller: classpath:InspireTest/ngr/datasetrecords/check-known-dataset-record.feature
items: [{link=http://www.opengis.net/def/crs/EPSG/0/http://www.opengis.net/def/crs/EPSG/0/3034}, {link=http://nationaalgeoregister.nl/geonetwork/srv/dut/csw?SERVICE=CSW&version=2.0.2&REQUEST=GetRecordById&elementSetName=full&OutputSchema=http://www.isotc211.org/2005/gmd&ID=58e7dc38-a498-4852-b4ef-908f5baa9056}, {link=https://creativecommons.org/publicdomain/mark/*/deed.nl}, {link=}]
errors:
-------
feature call (loop) failed at index: 2
caller: classpath:InspireTest/ngr/datasetrecords/def/checkxlinkurl.template.feature
arg: {"link":"https://creativecommons.org/publicdomain/mark/*/deed.nl"}
checkxlinkurl.template.feature:22 - path: $, actual: 404, expected: 200, reason: not equal (Integer)
-------
feature call (loop) failed at index: 3
caller: classpath:InspireTest/ngr/datasetrecords/def/checkxlinkurl.template.feature
arg: {"link":""}
checkxlinkurl.template.feature:14 - 
org.apache.http.client.ClientProtocolException
[1.39:18] check-known-dataset-record.feature:81 - feature call (loop) failed: classpath:InspireTest/ngr/datasetrecords/def/checkxlinkurl.template.feature
caller: classpath:InspireTest/ngr/datasetrecords/check-known-dataset-record.feature
items: [{link=http://www.nationaalgeoregister.nl/geonetwork/srv/dut/catalog.search#/metadata/a04afee4-47d5-45b7-b7a0-a6f86106af11}, {link=https://data.overheid.nl/organisatie/PDOK}]
errors:
-------
feature call (loop) failed at index: 1
caller: classpath:InspireTest/ngr/datasetrecords/def/checkxlinkurl.template.feature
arg: {"link":"https://data.overheid.nl/organisatie/PDOK"}
checkxlinkurl.template.feature:22 - path: $, actual: 404, expected: 200, reason: not equal (Integer)
[1.41:18] check-known-dataset-record.feature:81 - feature call (loop) failed: classpath:InspireTest/ngr/datasetrecords/def/checkxlinkurl.template.feature
caller: classpath:InspireTest/ngr/datasetrecords/check-known-dataset-record.feature
items: [{link=http://kadaster/2482250f-3b00-4439-9f93-f3118229b021}, {link=}, {link=}, {link=}]
errors:
-------
feature call (loop) failed at index: 0
caller: classpath:InspireTest/ngr/datasetrecords/def/checkxlinkurl.template.feature
arg: {"link":"http://kadaster/2482250f-3b00-4439-9f93-f3118229b021"}
checkxlinkurl.template.feature:14 - 
java.net.UnknownHostException: kadaster
-------
feature call (loop) failed at index: 1
caller: classpath:InspireTest/ngr/datasetrecords/def/checkxlinkurl.template.feature
arg: {"link":""}
checkxlinkurl.template.feature:14 - 
org.apache.http.client.ClientProtocolException
-------
feature call (loop) failed at index: 2
caller: classpath:InspireTest/ngr/datasetrecords/def/checkxlinkurl.template.feature
arg: {"link":""}
checkxlinkurl.template.feature:14 - 
org.apache.http.client.ClientProtocolException
-------
feature call (loop) failed at index: 3
caller: classpath:InspireTest/ngr/datasetrecords/def/checkxlinkurl.template.feature
arg: {"link":""}
checkxlinkurl.template.feature:14 - 
org.apache.http.client.ClientProtocolException
[1.42:18] check-known-dataset-record.feature:81 - feature call (loop) failed: classpath:InspireTest/ngr/datasetrecords/def/checkxlinkurl.template.feature
caller: classpath:InspireTest/ngr/datasetrecords/check-known-dataset-record.feature
items: [{link=https://www.nationaalgeoregister.nl/geonetwork/srv/api/records844404a2-9cd0-452e-b29a-74588777485a}]
errors:
-------
feature call (loop) failed at index: 0
caller: classpath:InspireTest/ngr/datasetrecords/def/checkxlinkurl.template.feature
arg: {"link":"https://www.nationaalgeoregister.nl/geonetwork/srv/api/records844404a2-9cd0-452e-b29a-74588777485a"}
checkxlinkurl.template.feature:22 - path: $, actual: 500, expected: 200, reason: not equal (Integer)
[1.43:18] check-known-dataset-record.feature:81 - feature call (loop) failed: classpath:InspireTest/ngr/datasetrecords/def/checkxlinkurl.template.feature
caller: classpath:InspireTest/ngr/datasetrecords/check-known-dataset-record.feature
items: [{link=http://www.opengis.net/def/crs/EPSG/0/http://www.opengis.net/def/crs/EPSG/0/4258}, {link=http://kadaster/ff1d6d44-aea1-4ad5-b084-9afea143f1bf}]
errors:
-------
feature call (loop) failed at index: 1
caller: classpath:InspireTest/ngr/datasetrecords/def/checkxlinkurl.template.feature
arg: {"link":"http://kadaster/ff1d6d44-aea1-4ad5-b084-9afea143f1bf"}
checkxlinkurl.template.feature:14 - 
java.net.UnknownHostException: kadaster
[1.44:18] check-known-dataset-record.feature:81 - feature call (loop) failed: classpath:InspireTest/ngr/datasetrecords/def/checkxlinkurl.template.feature
caller: classpath:InspireTest/ngr/datasetrecords/check-known-dataset-record.feature
items: [{link=https://nationaalgeoregister.nl/geonetwork/srv/resourcesff07bd5a-d6eb-11ea-87d0-0242ac130003}, {link=https://www.nationaalgeoregister.nl/geonetwork/srv/eng/thesaurus.download?ref=external.theme.inspire-theme}]
errors:
-------
feature call (loop) failed at index: 0
caller: classpath:InspireTest/ngr/datasetrecords/def/checkxlinkurl.template.feature
arg: {"link":"https://nationaalgeoregister.nl/geonetwork/srv/resourcesff07bd5a-d6eb-11ea-87d0-0242ac130003"}
checkxlinkurl.template.feature:22 - path: $, actual: 404, expected: 200, reason: not equal (Integer)
-------
feature call (loop) failed at index: 1
caller: classpath:InspireTest/ngr/datasetrecords/def/checkxlinkurl.template.feature
arg: {"link":"https://www.nationaalgeoregister.nl/geonetwork/srv/eng/thesaurus.download?ref=external.theme.inspire-theme"}
checkxlinkurl.template.feature:22 - path: $, actual: 500, expected: 200, reason: not equal (Integer)
[1.45:18] check-known-dataset-record.feature:81 - feature call (loop) failed: classpath:InspireTest/ngr/datasetrecords/def/checkxlinkurl.template.feature
caller: classpath:InspireTest/ngr/datasetrecords/check-known-dataset-record.feature
items: [{link=https://www.nationaalgeoregister.nl/geonetwork/srv/dut/catalog.search#/metadata/25294679-adb9-4c39-a93b-6954ff9414ac}, {link=http://rdfdata.eionet.europa.eu/inspirethemes/themes/20}, {link=http://rdfdata.eionet.europa.eu/inspirethemes/themes/28}, {link=urn:ogc:def:crs:EPSG::5709}]
errors:
-------
feature call (loop) failed at index: 1
caller: classpath:InspireTest/ngr/datasetrecords/def/checkxlinkurl.template.feature
arg: {"link":"http://rdfdata.eionet.europa.eu/inspirethemes/themes/20"}
checkxlinkurl.template.feature:22 - path: $, actual: 404, expected: 200, reason: not equal (Integer)
-------
feature call (loop) failed at index: 2
caller: classpath:InspireTest/ngr/datasetrecords/def/checkxlinkurl.template.feature
arg: {"link":"http://rdfdata.eionet.europa.eu/inspirethemes/themes/28"}
checkxlinkurl.template.feature:22 - path: $, actual: 404, expected: 200, reason: not equal (Integer)
-------
feature call (loop) failed at index: 3
caller: classpath:InspireTest/ngr/datasetrecords/def/checkxlinkurl.template.feature
arg: {"link":"urn:ogc:def:crs:EPSG::5709"}
checkxlinkurl.template.feature:14 - 
org.apache.http.client.ClientProtocolException: URI does not specify a valid host name: urn:ogc:def:crs:EPSG::5709
[1.46:18] check-known-dataset-record.feature:81 - feature call (loop) failed: classpath:InspireTest/ngr/datasetrecords/def/checkxlinkurl.template.feature
caller: classpath:InspireTest/ngr/datasetrecords/check-known-dataset-record.feature
items: [{link=https://www.nationaalgeoregister.nl/geonetwork/srv/dut/catalog.search#/metadata/eu-cb527d-f6db-4835-b0cd-deb245241254}, {link=http://rdfdata.eionet.europa.eu/inspirethemes/themes/7}, {link=http://inspire.ec.europa.eu/metadata-codelist/Prioritydataset/SurfaceWaterBodies-dir-2000-60}, {link=http://inspire.ec.europa.eu/metadata-codelist/PriorityDataset#}, {link=https://ngr.geocat.live/geonetwork/srv/eng/thesaurus.download?ref=external.theme.httpinspireeceuropaeumetadatacodelistPrioritydataset-Prioritydataset}]
errors:
-------
feature call (loop) failed at index: 1
caller: classpath:InspireTest/ngr/datasetrecords/def/checkxlinkurl.template.feature
arg: {"link":"http://rdfdata.eionet.europa.eu/inspirethemes/themes/7"}
checkxlinkurl.template.feature:22 - path: $, actual: 404, expected: 200, reason: not equal (Integer)
-------
feature call (loop) failed at index: 2
caller: classpath:InspireTest/ngr/datasetrecords/def/checkxlinkurl.template.feature
arg: {"link":"http://inspire.ec.europa.eu/metadata-codelist/Prioritydataset/SurfaceWaterBodies-dir-2000-60"}
checkxlinkurl.template.feature:22 - path: $, actual: 404, expected: 200, reason: not equal (Integer)
-------
feature call (loop) failed at index: 4
caller: classpath:InspireTest/ngr/datasetrecords/def/checkxlinkurl.template.feature
arg: {"link":"https://ngr.geocat.live/geonetwork/srv/eng/thesaurus.download?ref=external.theme.httpinspireeceuropaeumetadatacodelistPrioritydataset-Prioritydataset"}
checkxlinkurl.template.feature:22 - path: $, actual: 500, expected: 200, reason: not equal (Integer)
[1.47:18] check-known-dataset-record.feature:81 - feature call (loop) failed: classpath:InspireTest/ngr/datasetrecords/def/checkxlinkurl.template.feature
caller: classpath:InspireTest/ngr/datasetrecords/check-known-dataset-record.feature
items: [{link=https://ngr.acceptatie.nationaalgeoregister.nl/geonetwork/srv/resourcesbbe3c19d-12b0-4912-a6f4-46eb189e85ac}, {link=http://rdfdata.eionet.europa.eu/inspirethemes/themes/16}, {link=http://geonetwork-opensource.org/inspire-theme#}, {link=https://www.nationaalgeoregister.nl/geonetwork/srv/eng/thesaurus.download?ref=external.theme.inspire-theme}]
errors:
-------
feature call (loop) failed at index: 0
caller: classpath:InspireTest/ngr/datasetrecords/def/checkxlinkurl.template.feature
arg: {"link":"https://ngr.acceptatie.nationaalgeoregister.nl/geonetwork/srv/resourcesbbe3c19d-12b0-4912-a6f4-46eb189e85ac"}
checkxlinkurl.template.feature:22 - path: $, actual: 404, expected: 200, reason: not equal (Integer)
-------
feature call (loop) failed at index: 1
caller: classpath:InspireTest/ngr/datasetrecords/def/checkxlinkurl.template.feature
arg: {"link":"http://rdfdata.eionet.europa.eu/inspirethemes/themes/16"}
checkxlinkurl.template.feature:22 - path: $, actual: 404, expected: 200, reason: not equal (Integer)
-------
feature call (loop) failed at index: 2
caller: classpath:InspireTest/ngr/datasetrecords/def/checkxlinkurl.template.feature
arg: {"link":"http://geonetwork-opensource.org/inspire-theme#"}
checkxlinkurl.template.feature:22 - path: $, actual: 404, expected: 200, reason: not equal (Integer)
-------
feature call (loop) failed at index: 3
caller: classpath:InspireTest/ngr/datasetrecords/def/checkxlinkurl.template.feature
arg: {"link":"https://www.nationaalgeoregister.nl/geonetwork/srv/eng/thesaurus.download?ref=external.theme.inspire-theme"}
checkxlinkurl.template.feature:22 - path: $, actual: 500, expected: 200, reason: not equal (Integer)
[1.48:18] check-known-dataset-record.feature:81 - feature call (loop) failed: classpath:InspireTest/ngr/datasetrecords/def/checkxlinkurl.template.feature
caller: classpath:InspireTest/ngr/datasetrecords/check-known-dataset-record.feature
items: [{link=https://ngr.acceptatie.nationaalgeoregister.nl/geonetwork/srv/resources03671a9e-6aaf-464d-be99-9aad25cef9e3}]
errors:
-------
feature call (loop) failed at index: 0
caller: classpath:InspireTest/ngr/datasetrecords/def/checkxlinkurl.template.feature
arg: {"link":"https://ngr.acceptatie.nationaalgeoregister.nl/geonetwork/srv/resources03671a9e-6aaf-464d-be99-9aad25cef9e3"}
checkxlinkurl.template.feature:22 - path: $, actual: 404, expected: 200, reason: not equal (Integer)
[1.49:18] check-known-dataset-record.feature:81 - feature call (loop) failed: classpath:InspireTest/ngr/datasetrecords/def/checkxlinkurl.template.feature
caller: classpath:InspireTest/ngr/datasetrecords/check-known-dataset-record.feature
items: [{link=http://kadaster/7c22107ea-5e31-4bbc-8e24-d15fe230062e}]
errors:
-------
feature call (loop) failed at index: 0
caller: classpath:InspireTest/ngr/datasetrecords/def/checkxlinkurl.template.feature
arg: {"link":"http://kadaster/7c22107ea-5e31-4bbc-8e24-d15fe230062e"}
checkxlinkurl.template.feature:14 - 
java.net.UnknownHostException: kadaster: Temporary failure in name resolution
[1.50:18] check-known-dataset-record.feature:81 - feature call (loop) failed: classpath:InspireTest/ngr/datasetrecords/def/checkxlinkurl.template.feature
caller: classpath:InspireTest/ngr/datasetrecords/check-known-dataset-record.feature
items: [{link=http://www.opengis.net/def/crs/EPSG/0/http://www.opengis.net/def/crs/EPSG/0/4258}, {link=http://kadaster/1d32fc50-cd5b-4425-b0df-16c7c7940e94}]
errors:
-------
feature call (loop) failed at index: 1
caller: classpath:InspireTest/ngr/datasetrecords/def/checkxlinkurl.template.feature
arg: {"link":"http://kadaster/1d32fc50-cd5b-4425-b0df-16c7c7940e94"}
checkxlinkurl.template.feature:14 - 
java.net.UnknownHostException: kadaster
[1.51:18] check-known-dataset-record.feature:81 - feature call (loop) failed: classpath:InspireTest/ngr/datasetrecords/def/checkxlinkurl.template.feature
caller: classpath:InspireTest/ngr/datasetrecords/check-known-dataset-record.feature
items: [{link=https://www.nationaalgeoregister.nl/geonetwork/srv/api/records1b2abd21-3084-4db7-ab49-46866b4aac2b}, {link=https://creativecommons.org/publicdomain/zero/*/deed.nl}]
errors:
-------
feature call (loop) failed at index: 0
caller: classpath:InspireTest/ngr/datasetrecords/def/checkxlinkurl.template.feature
arg: {"link":"https://www.nationaalgeoregister.nl/geonetwork/srv/api/records1b2abd21-3084-4db7-ab49-46866b4aac2b"}
checkxlinkurl.template.feature:22 - path: $, actual: 500, expected: 200, reason: not equal (Integer)
-------
feature call (loop) failed at index: 1
caller: classpath:InspireTest/ngr/datasetrecords/def/checkxlinkurl.template.feature
arg: {"link":"https://creativecommons.org/publicdomain/zero/*/deed.nl"}
checkxlinkurl.template.feature:22 - path: $, actual: 404, expected: 200, reason: not equal (Integer)
[1.52:18] check-known-dataset-record.feature:81 - feature call (loop) failed: classpath:InspireTest/ngr/datasetrecords/def/checkxlinkurl.template.feature
caller: classpath:InspireTest/ngr/datasetrecords/check-known-dataset-record.feature
items: [{link=http://kadaster/06b6c650-cdb1-11dd-ad8b-0800200c9a81}]
errors:
-------
feature call (loop) failed at index: 0
caller: classpath:InspireTest/ngr/datasetrecords/def/checkxlinkurl.template.feature
arg: {"link":"http://kadaster/06b6c650-cdb1-11dd-ad8b-0800200c9a81"}
checkxlinkurl.template.feature:14 - 
java.net.UnknownHostException: kadaster
[1.53:18] check-known-dataset-record.feature:81 - feature call (loop) failed: classpath:InspireTest/ngr/datasetrecords/def/checkxlinkurl.template.feature
caller: classpath:InspireTest/ngr/datasetrecords/check-known-dataset-record.feature
items: [{link=https://data.rivm.nl/inspire/id#5cb4b489-67c8-44bc-85c5-424a80a53b3b}]
errors:
-------
feature call (loop) failed at index: 0
caller: classpath:InspireTest/ngr/datasetrecords/def/checkxlinkurl.template.feature
arg: {"link":"https://data.rivm.nl/inspire/id#5cb4b489-67c8-44bc-85c5-424a80a53b3b"}
checkxlinkurl.template.feature:14 - 
javax.net.ssl.SSLException: Connection reset
[1.55:18] check-known-dataset-record.feature:81 - feature call (loop) failed: classpath:InspireTest/ngr/datasetrecords/def/checkxlinkurl.template.feature
caller: classpath:InspireTest/ngr/datasetrecords/check-known-dataset-record.feature
items: [{link=http://www.opengis.net/def/crs/EPSG/0/http://www.opengis.net/def/crs/EPSG/0/4258}, {link=http://kadaster/9778afe6-2152-4a8f-ba32-9697625401e3}]
errors:
-------
feature call (loop) failed at index: 1
caller: classpath:InspireTest/ngr/datasetrecords/def/checkxlinkurl.template.feature
arg: {"link":"http://kadaster/9778afe6-2152-4a8f-ba32-9697625401e3"}
checkxlinkurl.template.feature:14 - 
java.net.UnknownHostException: kadaster
[1.56:18] check-known-dataset-record.feature:81 - feature call (loop) failed: classpath:InspireTest/ngr/datasetrecords/def/checkxlinkurl.template.feature
caller: classpath:InspireTest/ngr/datasetrecords/check-known-dataset-record.feature
items: [{link=https://data.rivm.nl/inspire/id#440c4a06-6924-4f9c-a9e2-6f61340f711b}]
errors:
-------
feature call (loop) failed at index: 0
caller: classpath:InspireTest/ngr/datasetrecords/def/checkxlinkurl.template.feature
arg: {"link":"https://data.rivm.nl/inspire/id#440c4a06-6924-4f9c-a9e2-6f61340f711b"}
checkxlinkurl.template.feature:14 - 
javax.net.ssl.SSLException: Connection reset
[1.57:18] check-known-dataset-record.feature:81 - feature call (loop) failed: classpath:InspireTest/ngr/datasetrecords/def/checkxlinkurl.template.feature
caller: classpath:InspireTest/ngr/datasetrecords/check-known-dataset-record.feature
items: [{link=http://www.opengis.net/def/crs/EPSG/0/http://www.opengis.net/def/crs/EPSG/0/4258}, {link=http://kadaster/7cdfa80a-cfbf-4324-978d-f1f141756b66}]
errors:
-------
feature call (loop) failed at index: 1
caller: classpath:InspireTest/ngr/datasetrecords/def/checkxlinkurl.template.feature
arg: {"link":"http://kadaster/7cdfa80a-cfbf-4324-978d-f1f141756b66"}
checkxlinkurl.template.feature:14 - 
java.net.UnknownHostException: kadaster
[1.58:18] check-known-dataset-record.feature:81 - feature call (loop) failed: classpath:InspireTest/ngr/datasetrecords/def/checkxlinkurl.template.feature
caller: classpath:InspireTest/ngr/datasetrecords/check-known-dataset-record.feature
items: [{link=https://www.nationaalgeoregister.nl/geonetwork/srv/dut/catalog.search#/metadata/adn73c4a-ef03-4785-b7f6-942e86b385f7}, {link=http://rdfdata.eionet.europa.eu/inspirethemes/themes/10}, {link=urn:ogc:def:crs:EPSG::5709}]
errors:
-------
feature call (loop) failed at index: 1
caller: classpath:InspireTest/ngr/datasetrecords/def/checkxlinkurl.template.feature
arg: {"link":"http://rdfdata.eionet.europa.eu/inspirethemes/themes/10"}
checkxlinkurl.template.feature:22 - path: $, actual: 404, expected: 200, reason: not equal (Integer)
-------
feature call (loop) failed at index: 2
caller: classpath:InspireTest/ngr/datasetrecords/def/checkxlinkurl.template.feature
arg: {"link":"urn:ogc:def:crs:EPSG::5709"}
checkxlinkurl.template.feature:14 - 
org.apache.http.client.ClientProtocolException: URI does not specify a valid host name: urn:ogc:def:crs:EPSG::5709
[1.59:18] check-known-dataset-record.feature:49 - xpath does not exist: /GetRecordByIdResponse//@href on response
[1.60:18] check-known-dataset-record.feature:81 - feature call (loop) failed: classpath:InspireTest/ngr/datasetrecords/def/checkxlinkurl.template.feature
caller: classpath:InspireTest/ngr/datasetrecords/check-known-dataset-record.feature
items: [{link=https://nationaalgeoregister.nl/geonetwork/srv/resources7d716522-fa1a-43b4-99c0-3a3480f9e218}, {link=https://www.nationaalgeoregister.nl/geonetwork/srv/eng/thesaurus.download?ref=external.theme.inspire-theme}]
errors:
-------
feature call (loop) failed at index: 0
caller: classpath:InspireTest/ngr/datasetrecords/def/checkxlinkurl.template.feature
arg: {"link":"https://nationaalgeoregister.nl/geonetwork/srv/resources7d716522-fa1a-43b4-99c0-3a3480f9e218"}
checkxlinkurl.template.feature:22 - path: $, actual: 404, expected: 200, reason: not equal (Integer)
-------
feature call (loop) failed at index: 1
caller: classpath:InspireTest/ngr/datasetrecords/def/checkxlinkurl.template.feature
arg: {"link":"https://www.nationaalgeoregister.nl/geonetwork/srv/eng/thesaurus.download?ref=external.theme.inspire-theme"}
checkxlinkurl.template.feature:22 - path: $, actual: 500, expected: 200, reason: not equal (Integer)
[1.61:18] check-known-dataset-record.feature:81 - feature call (loop) failed: classpath:InspireTest/ngr/datasetrecords/def/checkxlinkurl.template.feature
caller: classpath:InspireTest/ngr/datasetrecords/check-known-dataset-record.feature
items: [{link=https://www.nationaalgeoregister.nl/geonetwork/srv/api/records49807edc-0007-41aa-8809-d381f6713de4}, {link=https://creativecommons.org/publicdomain/zero/*/deed.nl}]
errors:
-------
feature call (loop) failed at index: 0
caller: classpath:InspireTest/ngr/datasetrecords/def/checkxlinkurl.template.feature
arg: {"link":"https://www.nationaalgeoregister.nl/geonetwork/srv/api/records49807edc-0007-41aa-8809-d381f6713de4"}
checkxlinkurl.template.feature:22 - path: $, actual: 500, expected: 200, reason: not equal (Integer)
-------
feature call (loop) failed at index: 1
caller: classpath:InspireTest/ngr/datasetrecords/def/checkxlinkurl.template.feature
arg: {"link":"https://creativecommons.org/publicdomain/zero/*/deed.nl"}
checkxlinkurl.template.feature:22 - path: $, actual: 404, expected: 200, reason: not equal (Integer)
[1.62:18] check-known-dataset-record.feature:81 - feature call (loop) failed: classpath:InspireTest/ngr/datasetrecords/def/checkxlinkurl.template.feature
caller: classpath:InspireTest/ngr/datasetrecords/check-known-dataset-record.feature
items: [{link=https://data.rivm.nl/inspire/id#1e3a98db-5d5e-4e61-8b64-1d132ddb439e}]
errors:
-------
feature call (loop) failed at index: 0
caller: classpath:InspireTest/ngr/datasetrecords/def/checkxlinkurl.template.feature
arg: {"link":"https://data.rivm.nl/inspire/id#1e3a98db-5d5e-4e61-8b64-1d132ddb439e"}
checkxlinkurl.template.feature:14 - 
javax.net.ssl.SSLException: Connection reset
[1.63:18] check-known-dataset-record.feature:81 - feature call (loop) failed: classpath:InspireTest/ngr/datasetrecords/def/checkxlinkurl.template.feature
caller: classpath:InspireTest/ngr/datasetrecords/check-known-dataset-record.feature
items: [{link=https://nationaalgeoregister.nl/geonetwork/srv/resourcese26eb6c9-c441-43e8-8db6-aabbf11578fd}, {link=http://rdfdata.eionet.europa.eu/inspirethemes/themes/16}, {link=http://geonetwork-opensource.org/inspire-theme#}, {link=https://www.nationaalgeoregister.nl/geonetwork/srv/eng/thesaurus.download?ref=external.theme.inspire-theme}]
errors:
-------
feature call (loop) failed at index: 0
caller: classpath:InspireTest/ngr/datasetrecords/def/checkxlinkurl.template.feature
arg: {"link":"https://nationaalgeoregister.nl/geonetwork/srv/resourcese26eb6c9-c441-43e8-8db6-aabbf11578fd"}
checkxlinkurl.template.feature:22 - path: $, actual: 404, expected: 200, reason: not equal (Integer)
-------
feature call (loop) failed at index: 1
caller: classpath:InspireTest/ngr/datasetrecords/def/checkxlinkurl.template.feature
arg: {"link":"http://rdfdata.eionet.europa.eu/inspirethemes/themes/16"}
checkxlinkurl.template.feature:22 - path: $, actual: 404, expected: 200, reason: not equal (Integer)
-------
feature call (loop) failed at index: 2
caller: classpath:InspireTest/ngr/datasetrecords/def/checkxlinkurl.template.feature
arg: {"link":"http://geonetwork-opensource.org/inspire-theme#"}
checkxlinkurl.template.feature:22 - path: $, actual: 404, expected: 200, reason: not equal (Integer)
-------
feature call (loop) failed at index: 3
caller: classpath:InspireTest/ngr/datasetrecords/def/checkxlinkurl.template.feature
arg: {"link":"https://www.nationaalgeoregister.nl/geonetwork/srv/eng/thesaurus.download?ref=external.theme.inspire-theme"}
checkxlinkurl.template.feature:22 - path: $, actual: 500, expected: 200, reason: not equal (Integer)
[1.64:18] check-known-dataset-record.feature:81 - feature call (loop) failed: classpath:InspireTest/ngr/datasetrecords/def/checkxlinkurl.template.feature
caller: classpath:InspireTest/ngr/datasetrecords/check-known-dataset-record.feature
items: [{link=https://nationaalgeoregister.nl/geonetwork/srv/resourcesce4a6d93-83d6-4397-afa1-d4117d5ce76b}, {link=http://rdfdata.eionet.europa.eu/inspirethemes/themes/34}, {link=http://geonetwork-opensource.org/inspire-theme#}, {link=https://www.nationaalgeoregister.nl/geonetwork/srv/eng/thesaurus.download?ref=external.theme.inspire-theme}]
errors:
-------
feature call (loop) failed at index: 0
caller: classpath:InspireTest/ngr/datasetrecords/def/checkxlinkurl.template.feature
arg: {"link":"https://nationaalgeoregister.nl/geonetwork/srv/resourcesce4a6d93-83d6-4397-afa1-d4117d5ce76b"}
checkxlinkurl.template.feature:22 - path: $, actual: 404, expected: 200, reason: not equal (Integer)
-------
feature call (loop) failed at index: 1
caller: classpath:InspireTest/ngr/datasetrecords/def/checkxlinkurl.template.feature
arg: {"link":"http://rdfdata.eionet.europa.eu/inspirethemes/themes/34"}
checkxlinkurl.template.feature:22 - path: $, actual: 404, expected: 200, reason: not equal (Integer)
-------
feature call (loop) failed at index: 2
caller: classpath:InspireTest/ngr/datasetrecords/def/checkxlinkurl.template.feature
arg: {"link":"http://geonetwork-opensource.org/inspire-theme#"}
checkxlinkurl.template.feature:22 - path: $, actual: 404, expected: 200, reason: not equal (Integer)
-------
feature call (loop) failed at index: 3
caller: classpath:InspireTest/ngr/datasetrecords/def/checkxlinkurl.template.feature
arg: {"link":"https://www.nationaalgeoregister.nl/geonetwork/srv/eng/thesaurus.download?ref=external.theme.inspire-theme"}
checkxlinkurl.template.feature:22 - path: $, actual: 500, expected: 200, reason: not equal (Integer)
[1.65:18] check-known-dataset-record.feature:81 - feature call (loop) failed: classpath:InspireTest/ngr/datasetrecords/def/checkxlinkurl.template.feature
caller: classpath:InspireTest/ngr/datasetrecords/check-known-dataset-record.feature
items: [{link=https://www.nationaalgeoregister.nl/geonetwork/srv/api/records3703b249-a0eb-484e-ba7a-10e31a55bcec}, {link=579}]
errors:
-------
feature call (loop) failed at index: 0
caller: classpath:InspireTest/ngr/datasetrecords/def/checkxlinkurl.template.feature
arg: {"link":"https://www.nationaalgeoregister.nl/geonetwork/srv/api/records3703b249-a0eb-484e-ba7a-10e31a55bcec"}
checkxlinkurl.template.feature:22 - path: $, actual: 500, expected: 200, reason: not equal (Integer)
-------
feature call (loop) failed at index: 1
caller: classpath:InspireTest/ngr/datasetrecords/def/checkxlinkurl.template.feature
arg: {"link":"579"}
checkxlinkurl.template.feature:14 - 
org.apache.http.client.ClientProtocolException
[1.67:18] check-known-dataset-record.feature:81 - feature call (loop) failed: classpath:InspireTest/ngr/datasetrecords/def/checkxlinkurl.template.feature
caller: classpath:InspireTest/ngr/datasetrecords/check-known-dataset-record.feature
items: [{link=http://kadaster/06b6c650-cdb1-11dd-ad8b-0800200c9a76}]
errors:
-------
feature call (loop) failed at index: 0
caller: classpath:InspireTest/ngr/datasetrecords/def/checkxlinkurl.template.feature
arg: {"link":"http://kadaster/06b6c650-cdb1-11dd-ad8b-0800200c9a76"}
checkxlinkurl.template.feature:14 - 
java.net.UnknownHostException: kadaster
[1.68:18] check-known-dataset-record.feature:81 - feature call (loop) failed: classpath:InspireTest/ngr/datasetrecords/def/checkxlinkurl.template.feature
caller: classpath:InspireTest/ngr/datasetrecords/check-known-dataset-record.feature
items: [{link=https://geodata.nationaalgeoregister.nl/inspire/su-grid/wfs}, {link=}]
errors:
-------
feature call (loop) failed at index: 0
caller: classpath:InspireTest/ngr/datasetrecords/def/checkxlinkurl.template.feature
arg: {"link":"https://geodata.nationaalgeoregister.nl/inspire/su-grid/wfs"}
checkxlinkurl.template.feature:22 - path: $, actual: 400, expected: 200, reason: not equal (Integer)
-------
feature call (loop) failed at index: 1
caller: classpath:InspireTest/ngr/datasetrecords/def/checkxlinkurl.template.feature
arg: {"link":""}
checkxlinkurl.template.feature:14 - 
org.apache.http.client.ClientProtocolException
[1.69:18] check-known-dataset-record.feature:81 - feature call (loop) failed: classpath:InspireTest/ngr/datasetrecords/def/checkxlinkurl.template.feature
caller: classpath:InspireTest/ngr/datasetrecords/check-known-dataset-record.feature
items: [{link=http://kadaster/2482250f-3b00-4439-9f93-f3118229b201}, {link=}, {link=}, {link=}, {link=}, {link=}]
errors:
-------
feature call (loop) failed at index: 0
caller: classpath:InspireTest/ngr/datasetrecords/def/checkxlinkurl.template.feature
arg: {"link":"http://kadaster/2482250f-3b00-4439-9f93-f3118229b201"}
checkxlinkurl.template.feature:14 - 
java.net.UnknownHostException: kadaster
-------
feature call (loop) failed at index: 1
caller: classpath:InspireTest/ngr/datasetrecords/def/checkxlinkurl.template.feature
arg: {"link":""}
checkxlinkurl.template.feature:14 - 
org.apache.http.client.ClientProtocolException
-------
feature call (loop) failed at index: 2
caller: classpath:InspireTest/ngr/datasetrecords/def/checkxlinkurl.template.feature
arg: {"link":""}
checkxlinkurl.template.feature:14 - 
org.apache.http.client.ClientProtocolException
-------
feature call (loop) failed at index: 3
caller: classpath:InspireTest/ngr/datasetrecords/def/checkxlinkurl.template.feature
arg: {"link":""}
checkxlinkurl.template.feature:14 - 
org.apache.http.client.ClientProtocolException
-------
feature call (loop) failed at index: 4
caller: classpath:InspireTest/ngr/datasetrecords/def/checkxlinkurl.template.feature
arg: {"link":""}
checkxlinkurl.template.feature:14 - 
org.apache.http.client.ClientProtocolException
-------
feature call (loop) failed at index: 5
caller: classpath:InspireTest/ngr/datasetrecords/def/checkxlinkurl.template.feature
arg: {"link":""}
checkxlinkurl.template.feature:14 - 
org.apache.http.client.ClientProtocolException
[1.72:18] check-known-dataset-record.feature:81 - feature call (loop) failed: classpath:InspireTest/ngr/datasetrecords/def/checkxlinkurl.template.feature
caller: classpath:InspireTest/ngr/datasetrecords/check-known-dataset-record.feature
items: [{link=https://www.nationaalgeoregister.nl/geonetwork/srv/api/records58d39928-f502-48c9-a8c1-03244dc181bf}]
errors:
-------
feature call (loop) failed at index: 0
caller: classpath:InspireTest/ngr/datasetrecords/def/checkxlinkurl.template.feature
arg: {"link":"https://www.nationaalgeoregister.nl/geonetwork/srv/api/records58d39928-f502-48c9-a8c1-03244dc181bf"}
checkxlinkurl.template.feature:22 - path: $, actual: 500, expected: 200, reason: not equal (Integer)
[1.73:18] check-known-dataset-record.feature:81 - feature call (loop) failed: classpath:InspireTest/ngr/datasetrecords/def/checkxlinkurl.template.feature
caller: classpath:InspireTest/ngr/datasetrecords/check-known-dataset-record.feature
items: [{link=http://www.opengis.net/def/crs/EPSG/0/http://www.opengis.net/def/crs/EPSG/0/4258}, {link=http://kadaster/cb4edbd2-2dca-4d44-92bb-b2202048b526}]
errors:
-------
feature call (loop) failed at index: 1
caller: classpath:InspireTest/ngr/datasetrecords/def/checkxlinkurl.template.feature
arg: {"link":"http://kadaster/cb4edbd2-2dca-4d44-92bb-b2202048b526"}
checkxlinkurl.template.feature:14 - 
java.net.UnknownHostException: kadaster
[1.74:18] check-known-dataset-record.feature:81 - feature call (loop) failed: classpath:InspireTest/ngr/datasetrecords/def/checkxlinkurl.template.feature
caller: classpath:InspireTest/ngr/datasetrecords/check-known-dataset-record.feature
items: [{link=https://data.rivm.nl/inspire/id#b5ccab29-e2cc-4178-9f81-40c50e909754}]
errors:
-------
feature call (loop) failed at index: 0
caller: classpath:InspireTest/ngr/datasetrecords/def/checkxlinkurl.template.feature
arg: {"link":"https://data.rivm.nl/inspire/id#b5ccab29-e2cc-4178-9f81-40c50e909754"}
checkxlinkurl.template.feature:14 - 
javax.net.ssl.SSLException: Connection reset
[1.75:18] check-known-dataset-record.feature:81 - feature call (loop) failed: classpath:InspireTest/ngr/datasetrecords/def/checkxlinkurl.template.feature
caller: classpath:InspireTest/ngr/datasetrecords/check-known-dataset-record.feature
items: [{link=http://kadaster/2482250f-3b00-4439-9f93-f3118229b018}, {link=}, {link=}, {link=}]
errors:
-------
feature call (loop) failed at index: 0
caller: classpath:InspireTest/ngr/datasetrecords/def/checkxlinkurl.template.feature
arg: {"link":"http://kadaster/2482250f-3b00-4439-9f93-f3118229b018"}
checkxlinkurl.template.feature:14 - 
java.net.UnknownHostException: kadaster
-------
feature call (loop) failed at index: 1
caller: classpath:InspireTest/ngr/datasetrecords/def/checkxlinkurl.template.feature
arg: {"link":""}
checkxlinkurl.template.feature:14 - 
org.apache.http.client.ClientProtocolException
-------
feature call (loop) failed at index: 2
caller: classpath:InspireTest/ngr/datasetrecords/def/checkxlinkurl.template.feature
arg: {"link":""}
checkxlinkurl.template.feature:14 - 
org.apache.http.client.ClientProtocolException
-------
feature call (loop) failed at index: 3
caller: classpath:InspireTest/ngr/datasetrecords/def/checkxlinkurl.template.feature
arg: {"link":""}
checkxlinkurl.template.feature:14 - 
org.apache.http.client.ClientProtocolException
[1.76:18] check-known-dataset-record.feature:81 - feature call (loop) failed: classpath:InspireTest/ngr/datasetrecords/def/checkxlinkurl.template.feature
caller: classpath:InspireTest/ngr/datasetrecords/check-known-dataset-record.feature
items: [{link=https://data.rivm.nl/inspire/id#fd9c4f87-026e-4681-8d94-9702f3c83078}]
errors:
-------
feature call (loop) failed at index: 0
caller: classpath:InspireTest/ngr/datasetrecords/def/checkxlinkurl.template.feature
arg: {"link":"https://data.rivm.nl/inspire/id#fd9c4f87-026e-4681-8d94-9702f3c83078"}
checkxlinkurl.template.feature:14 - 
javax.net.ssl.SSLException: Connection reset
[1.77:18] check-known-dataset-record.feature:81 - feature call (loop) failed: classpath:InspireTest/ngr/datasetrecords/def/checkxlinkurl.template.feature
caller: classpath:InspireTest/ngr/datasetrecords/check-known-dataset-record.feature
items: [{link=https://ngr.acceptatie.nationaalgeoregister.nl/geonetwork/srv/resourcesc7662717-9e43-4367-a344-723d73abbb3e}]
errors:
-------
feature call (loop) failed at index: 0
caller: classpath:InspireTest/ngr/datasetrecords/def/checkxlinkurl.template.feature
arg: {"link":"https://ngr.acceptatie.nationaalgeoregister.nl/geonetwork/srv/resourcesc7662717-9e43-4367-a344-723d73abbb3e"}
checkxlinkurl.template.feature:22 - path: $, actual: 404, expected: 200, reason: not equal (Integer)
[1.78:18] check-known-dataset-record.feature:81 - feature call (loop) failed: classpath:InspireTest/ngr/datasetrecords/def/checkxlinkurl.template.feature
caller: classpath:InspireTest/ngr/datasetrecords/check-known-dataset-record.feature
items: [{link=https://data.rivm.nl/inspire/id#7247293d-2113-44d8-b335-8167b2ec4d1b}]
errors:
-------
feature call (loop) failed at index: 0
caller: classpath:InspireTest/ngr/datasetrecords/def/checkxlinkurl.template.feature
arg: {"link":"https://data.rivm.nl/inspire/id#7247293d-2113-44d8-b335-8167b2ec4d1b"}
checkxlinkurl.template.feature:14 - 
javax.net.ssl.SSLException: Connection reset
[1.79:18] check-known-dataset-record.feature:81 - feature call (loop) failed: classpath:InspireTest/ngr/datasetrecords/def/checkxlinkurl.template.feature
caller: classpath:InspireTest/ngr/datasetrecords/check-known-dataset-record.feature
items: [{link=https://data.rivm.nl/inspire/id#e6ddc53d-04c4-435d-bedd-a5ace2dc0313}]
errors:
-------
feature call (loop) failed at index: 0
caller: classpath:InspireTest/ngr/datasetrecords/def/checkxlinkurl.template.feature
arg: {"link":"https://data.rivm.nl/inspire/id#e6ddc53d-04c4-435d-bedd-a5ace2dc0313"}
checkxlinkurl.template.feature:14 - 
javax.net.ssl.SSLException: Connection reset
[1.80:18] check-known-dataset-record.feature:81 - feature call (loop) failed: classpath:InspireTest/ngr/datasetrecords/def/checkxlinkurl.template.feature
caller: classpath:InspireTest/ngr/datasetrecords/check-known-dataset-record.feature
items: [{link=http://www.opengis.net/def/crs/EPSG/0/http://www.opengis.net/def/crs/EPSG/0/4258}, {link=http://kadaster/29f0fa66-3928-4e95-ae30-5b1eab818ac1}]
errors:
-------
feature call (loop) failed at index: 1
caller: classpath:InspireTest/ngr/datasetrecords/def/checkxlinkurl.template.feature
arg: {"link":"http://kadaster/29f0fa66-3928-4e95-ae30-5b1eab818ac1"}
checkxlinkurl.template.feature:14 - 
java.net.UnknownHostException: kadaster
[1.81:18] check-known-dataset-record.feature:81 - feature call (loop) failed: classpath:InspireTest/ngr/datasetrecords/def/checkxlinkurl.template.feature
caller: classpath:InspireTest/ngr/datasetrecords/check-known-dataset-record.feature
items: [{link=http://www.opengis.net/def/crs/EPSG/0/https://www.opengis.net/def/crs/EPSG/0/4258}, {link=https://www.nationaalgeoregister.nl/geonetwork/srv/api/records4617f0e0-6af4-4ac0-9044-31df9d03071c}]
errors:
-------
feature call (loop) failed at index: 1
caller: classpath:InspireTest/ngr/datasetrecords/def/checkxlinkurl.template.feature
arg: {"link":"https://www.nationaalgeoregister.nl/geonetwork/srv/api/records4617f0e0-6af4-4ac0-9044-31df9d03071c"}
checkxlinkurl.template.feature:22 - path: $, actual: 500, expected: 200, reason: not equal (Integer)
[1.82:18] check-known-dataset-record.feature:81 - feature call (loop) failed: classpath:InspireTest/ngr/datasetrecords/def/checkxlinkurl.template.feature
caller: classpath:InspireTest/ngr/datasetrecords/check-known-dataset-record.feature
items: [{link=h}, {link=t}, {link=t}, {link=p}, {link=s}, {link=:}, {link=/}, {link=/}, {link=w}, {link=w}, {link=w}, {link=.}, {link=n}, {link=a}, {link=t}, {link=i}, {link=o}, {link=n}, {link=a}, {link=a}, {link=l}, {link=g}, {link=e}, {link=o}, {link=r}, {link=e}, {link=g}, {link=i}, {link=s}, {link=t}, {link=e}, {link=r}, {link=.}, {link=n}, {link=l}, {link=:}, {link=4}, {link=4}, {link=3}, {link=/}, {link=g}, {link=e}, {link=o}, {link=n}, {link=e}, {link=t}, {link=w}, {link=o}, {link=r}, {link=k}, {link=/}, {link=s}, {link=r}, {link=v}, {link=/}, {link=e}, {link=n}, {link=g}, {link=/}, {link=t}, {link=h}, {link=e}, {link=s}, {link=a}, {link=u}, {link=r}, {link=u}, {link=s}, {link=.}, {link=d}, {link=o}, {link=w}, {link=n}, {link=l}, {link=o}, {link=a}, {link=d}, {link=?}, {link=r}, {link=e}, {link=f}, {link==}, {link=e}, {link=x}, {link=t}, {link=e}, {link=r}, {link=n}, {link=a}, {link=l}, {link=.}, {link=t}, {link=h}, {link=e}, {link=m}, {link=e}, {link=.}, {link=h}, {link=t}, {link=t}, {link=p}, {link=i}, {link=n}, {link=s}, {link=p}, {link=i}, {link=r}, {link=e}, {link=e}, {link=c}, {link=e}, {link=u}, {link=r}, {link=o}, {link=p}, {link=a}, {link=e}, {link=u}, {link=t}, {link=h}, {link=e}, {link=m}, {link=e}, {link=-}, {link=t}, {link=h}, {link=e}, {link=m}, {link=e}]
errors:
-------
feature call (loop) failed at index: 0
caller: classpath:InspireTest/ngr/datasetrecords/def/checkxlinkurl.template.feature
arg: {"link":"h"}
checkxlinkurl.template.feature:14 - 
org.apache.http.client.ClientProtocolException
-------
feature call (loop) failed at index: 1
caller: classpath:InspireTest/ngr/datasetrecords/def/checkxlinkurl.template.feature
arg: {"link":"t"}
checkxlinkurl.template.feature:14 - 
org.apache.http.client.ClientProtocolException
-------
feature call (loop) failed at index: 2
caller: classpath:InspireTest/ngr/datasetrecords/def/checkxlinkurl.template.feature
arg: {"link":"t"}
checkxlinkurl.template.feature:14 - 
org.apache.http.client.ClientProtocolException
-------
feature call (loop) failed at index: 3
caller: classpath:InspireTest/ngr/datasetrecords/def/checkxlinkurl.template.feature
arg: {"link":"p"}
checkxlinkurl.template.feature:14 - 
org.apache.http.client.ClientProtocolException
-------
feature call (loop) failed at index: 4
caller: classpath:InspireTest/ngr/datasetrecords/def/checkxlinkurl.template.feature
arg: {"link":"s"}
checkxlinkurl.template.feature:14 - 
org.apache.http.client.ClientProtocolException
-------
feature call (loop) failed at index: 5
caller: classpath:InspireTest/ngr/datasetrecords/def/checkxlinkurl.template.feature
arg: {"link":":"}
checkxlinkurl.template.feature:14 - java.net.URISyntaxException: Expected scheme name at index 0: :
-------
feature call (loop) failed at index: 6
caller: classpath:InspireTest/ngr/datasetrecords/def/checkxlinkurl.template.feature
arg: {"link":"/"}
checkxlinkurl.template.feature:14 - 
org.apache.http.client.ClientProtocolException
-------
feature call (loop) failed at index: 7
caller: classpath:InspireTest/ngr/datasetrecords/def/checkxlinkurl.template.feature
arg: {"link":"/"}
checkxlinkurl.template.feature:14 - 
org.apache.http.client.ClientProtocolException
-------
feature call (loop) failed at index: 8
caller: classpath:InspireTest/ngr/datasetrecords/def/checkxlinkurl.template.feature
arg: {"link":"w"}
checkxlinkurl.template.feature:14 - 
org.apache.http.client.ClientProtocolException
-------
feature call (loop) failed at index: 9
caller: classpath:InspireTest/ngr/datasetrecords/def/checkxlinkurl.template.feature
arg: {"link":"w"}
checkxlinkurl.template.feature:14 - 
org.apache.http.client.ClientProtocolException
-------
feature call (loop) failed at index: 10
caller: classpath:InspireTest/ngr/datasetrecords/def/checkxlinkurl.template.feature
arg: {"link":"w"}
checkxlinkurl.template.feature:14 - 
org.apache.http.client.ClientProtocolException
-------
feature call (loop) failed at index: 11
caller: classpath:InspireTest/ngr/datasetrecords/def/checkxlinkurl.template.feature
arg: {"link":"."}
checkxlinkurl.template.feature:14 - 
org.apache.http.client.ClientProtocolException
-------
feature call (loop) failed at index: 12
caller: classpath:InspireTest/ngr/datasetrecords/def/checkxlinkurl.template.feature
arg: {"link":"n"}
checkxlinkurl.template.feature:14 - 
org.apache.http.client.ClientProtocolException
-------
feature call (loop) failed at index: 13
caller: classpath:InspireTest/ngr/datasetrecords/def/checkxlinkurl.template.feature
arg: {"link":"a"}
checkxlinkurl.template.feature:14 - 
org.apache.http.client.ClientProtocolException
-------
feature call (loop) failed at index: 14
caller: classpath:InspireTest/ngr/datasetrecords/def/checkxlinkurl.template.feature
arg: {"link":"t"}
checkxlinkurl.template.feature:14 - 
org.apache.http.client.ClientProtocolException
-------
feature call (loop) failed at index: 15
caller: classpath:InspireTest/ngr/datasetrecords/def/checkxlinkurl.template.feature
arg: {"link":"i"}
checkxlinkurl.template.feature:14 - 
org.apache.http.client.ClientProtocolException
-------
feature call (loop) failed at index: 16
caller: classpath:InspireTest/ngr/datasetrecords/def/checkxlinkurl.template.feature
arg: {"link":"o"}
checkxlinkurl.template.feature:14 - 
org.apache.http.client.ClientProtocolException
-------
feature call (loop) failed at index: 17
caller: classpath:InspireTest/ngr/datasetrecords/def/checkxlinkurl.template.feature
arg: {"link":"n"}
checkxlinkurl.template.feature:14 - 
org.apache.http.client.ClientProtocolException
-------
feature call (loop) failed at index: 18
caller: classpath:InspireTest/ngr/datasetrecords/def/checkxlinkurl.template.feature
arg: {"link":"a"}
checkxlinkurl.template.feature:14 - 
org.apache.http.client.ClientProtocolException
-------
feature call (loop) failed at index: 19
caller: classpath:InspireTest/ngr/datasetrecords/def/checkxlinkurl.template.feature
arg: {"link":"a"}
checkxlinkurl.template.feature:14 - 
org.apache.http.client.ClientProtocolException
-------
feature call (loop) failed at index: 20
caller: classpath:InspireTest/ngr/datasetrecords/def/checkxlinkurl.template.feature
arg: {"link":"l"}
checkxlinkurl.template.feature:14 - 
org.apache.http.client.ClientProtocolException
-------
feature call (loop) failed at index: 21
caller: classpath:InspireTest/ngr/datasetrecords/def/checkxlinkurl.template.feature
arg: {"link":"g"}
checkxlinkurl.template.feature:14 - 
org.apache.http.client.ClientProtocolException
-------
feature call (loop) failed at index: 22
caller: classpath:InspireTest/ngr/datasetrecords/def/checkxlinkurl.template.feature
arg: {"link":"e"}
checkxlinkurl.template.feature:14 - 
org.apache.http.client.ClientProtocolException
-------
feature call (loop) failed at index: 23
caller: classpath:InspireTest/ngr/datasetrecords/def/checkxlinkurl.template.feature
arg: {"link":"o"}
checkxlinkurl.template.feature:14 - 
org.apache.http.client.ClientProtocolException
-------
feature call (loop) failed at index: 24
caller: classpath:InspireTest/ngr/datasetrecords/def/checkxlinkurl.template.feature
arg: {"link":"r"}
checkxlinkurl.template.feature:14 - 
org.apache.http.client.ClientProtocolException
-------
feature call (loop) failed at index: 25
caller: classpath:InspireTest/ngr/datasetrecords/def/checkxlinkurl.template.feature
arg: {"link":"e"}
checkxlinkurl.template.feature:14 - 
org.apache.http.client.ClientProtocolException
-------
feature call (loop) failed at index: 26
caller: classpath:InspireTest/ngr/datasetrecords/def/checkxlinkurl.template.feature
arg: {"link":"g"}
checkxlinkurl.template.feature:14 - 
org.apache.http.client.ClientProtocolException
-------
feature call (loop) failed at index: 27
caller: classpath:InspireTest/ngr/datasetrecords/def/checkxlinkurl.template.feature
arg: {"link":"i"}
checkxlinkurl.template.feature:14 - 
org.apache.http.client.ClientProtocolException
-------
feature call (loop) failed at index: 28
caller: classpath:InspireTest/ngr/datasetrecords/def/checkxlinkurl.template.feature
arg: {"link":"s"}
checkxlinkurl.template.feature:14 - 
org.apache.http.client.ClientProtocolException
-------
feature call (loop) failed at index: 29
caller: classpath:InspireTest/ngr/datasetrecords/def/checkxlinkurl.template.feature
arg: {"link":"t"}
checkxlinkurl.template.feature:14 - 
org.apache.http.client.ClientProtocolException
-------
feature call (loop) failed at index: 30
caller: classpath:InspireTest/ngr/datasetrecords/def/checkxlinkurl.template.feature
arg: {"link":"e"}
checkxlinkurl.template.feature:14 - 
org.apache.http.client.ClientProtocolException
-------
feature call (loop) failed at index: 31
caller: classpath:InspireTest/ngr/datasetrecords/def/checkxlinkurl.template.feature
arg: {"link":"r"}
checkxlinkurl.template.feature:14 - 
org.apache.http.client.ClientProtocolException
-------
feature call (loop) failed at index: 32
caller: classpath:InspireTest/ngr/datasetrecords/def/checkxlinkurl.template.feature
arg: {"link":"."}
checkxlinkurl.template.feature:14 - 
org.apache.http.client.ClientProtocolException
-------
feature call (loop) failed at index: 33
caller: classpath:InspireTest/ngr/datasetrecords/def/checkxlinkurl.template.feature
arg: {"link":"n"}
checkxlinkurl.template.feature:14 - 
org.apache.http.client.ClientProtocolException
-------
feature call (loop) failed at index: 34
caller: classpath:InspireTest/ngr/datasetrecords/def/checkxlinkurl.template.feature
arg: {"link":"l"}
checkxlinkurl.template.feature:14 - 
org.apache.http.client.ClientProtocolException
-------
feature call (loop) failed at index: 35
caller: classpath:InspireTest/ngr/datasetrecords/def/checkxlinkurl.template.feature
arg: {"link":":"}
checkxlinkurl.template.feature:14 - java.net.URISyntaxException: Expected scheme name at index 0: :
-------
feature call (loop) failed at index: 36
caller: classpath:InspireTest/ngr/datasetrecords/def/checkxlinkurl.template.feature
arg: {"link":"4"}
checkxlinkurl.template.feature:14 - 
org.apache.http.client.ClientProtocolException
-------
feature call (loop) failed at index: 37
caller: classpath:InspireTest/ngr/datasetrecords/def/checkxlinkurl.template.feature
arg: {"link":"4"}
checkxlinkurl.template.feature:14 - 
org.apache.http.client.ClientProtocolException
-------
feature call (loop) failed at index: 38
caller: classpath:InspireTest/ngr/datasetrecords/def/checkxlinkurl.template.feature
arg: {"link":"3"}
checkxlinkurl.template.feature:14 - 
org.apache.http.client.ClientProtocolException
-------
feature call (loop) failed at index: 39
caller: classpath:InspireTest/ngr/datasetrecords/def/checkxlinkurl.template.feature
arg: {"link":"/"}
checkxlinkurl.template.feature:14 - 
org.apache.http.client.ClientProtocolException
-------
feature call (loop) failed at index: 40
caller: classpath:InspireTest/ngr/datasetrecords/def/checkxlinkurl.template.feature
arg: {"link":"g"}
checkxlinkurl.template.feature:14 - 
org.apache.http.client.ClientProtocolException
-------
feature call (loop) failed at index: 41
caller: classpath:InspireTest/ngr/datasetrecords/def/checkxlinkurl.template.feature
arg: {"link":"e"}
checkxlinkurl.template.feature:14 - 
org.apache.http.client.ClientProtocolException
-------
feature call (loop) failed at index: 42
caller: classpath:InspireTest/ngr/datasetrecords/def/checkxlinkurl.template.feature
arg: {"link":"o"}
checkxlinkurl.template.feature:14 - 
org.apache.http.client.ClientProtocolException
-------
feature call (loop) failed at index: 43
caller: classpath:InspireTest/ngr/datasetrecords/def/checkxlinkurl.template.feature
arg: {"link":"n"}
checkxlinkurl.template.feature:14 - 
org.apache.http.client.ClientProtocolException
-------
feature call (loop) failed at index: 44
caller: classpath:InspireTest/ngr/datasetrecords/def/checkxlinkurl.template.feature
arg: {"link":"e"}
checkxlinkurl.template.feature:14 - 
org.apache.http.client.ClientProtocolException
-------
feature call (loop) failed at index: 45
caller: classpath:InspireTest/ngr/datasetrecords/def/checkxlinkurl.template.feature
arg: {"link":"t"}
checkxlinkurl.template.feature:14 - 
org.apache.http.client.ClientProtocolException
-------
feature call (loop) failed at index: 46
caller: classpath:InspireTest/ngr/datasetrecords/def/checkxlinkurl.template.feature
arg: {"link":"w"}
checkxlinkurl.template.feature:14 - 
org.apache.http.client.ClientProtocolException
-------
feature call (loop) failed at index: 47
caller: classpath:InspireTest/ngr/datasetrecords/def/checkxlinkurl.template.feature
arg: {"link":"o"}
checkxlinkurl.template.feature:14 - 
org.apache.http.client.ClientProtocolException
-------
feature call (loop) failed at index: 48
caller: classpath:InspireTest/ngr/datasetrecords/def/checkxlinkurl.template.feature
arg: {"link":"r"}
checkxlinkurl.template.feature:14 - 
org.apache.http.client.ClientProtocolException
-------
feature call (loop) failed at index: 49
caller: classpath:InspireTest/ngr/datasetrecords/def/checkxlinkurl.template.feature
arg: {"link":"k"}
checkxlinkurl.template.feature:14 - 
org.apache.http.client.ClientProtocolException
-------
feature call (loop) failed at index: 50
caller: classpath:InspireTest/ngr/datasetrecords/def/checkxlinkurl.template.feature
arg: {"link":"/"}
checkxlinkurl.template.feature:14 - 
org.apache.http.client.ClientProtocolException
-------
feature call (loop) failed at index: 51
caller: classpath:InspireTest/ngr/datasetrecords/def/checkxlinkurl.template.feature
arg: {"link":"s"}
checkxlinkurl.template.feature:14 - 
org.apache.http.client.ClientProtocolException
-------
feature call (loop) failed at index: 52
caller: classpath:InspireTest/ngr/datasetrecords/def/checkxlinkurl.template.feature
arg: {"link":"r"}
checkxlinkurl.template.feature:14 - 
org.apache.http.client.ClientProtocolException
-------
feature call (loop) failed at index: 53
caller: classpath:InspireTest/ngr/datasetrecords/def/checkxlinkurl.template.feature
arg: {"link":"v"}
checkxlinkurl.template.feature:14 - 
org.apache.http.client.ClientProtocolException
-------
feature call (loop) failed at index: 54
caller: classpath:InspireTest/ngr/datasetrecords/def/checkxlinkurl.template.feature
arg: {"link":"/"}
checkxlinkurl.template.feature:14 - 
org.apache.http.client.ClientProtocolException
-------
feature call (loop) failed at index: 55
caller: classpath:InspireTest/ngr/datasetrecords/def/checkxlinkurl.template.feature
arg: {"link":"e"}
checkxlinkurl.template.feature:14 - 
org.apache.http.client.ClientProtocolException
-------
feature call (loop) failed at index: 56
caller: classpath:InspireTest/ngr/datasetrecords/def/checkxlinkurl.template.feature
arg: {"link":"n"}
checkxlinkurl.template.feature:14 - 
org.apache.http.client.ClientProtocolException
-------
feature call (loop) failed at index: 57
caller: classpath:InspireTest/ngr/datasetrecords/def/checkxlinkurl.template.feature
arg: {"link":"g"}
checkxlinkurl.template.feature:14 - 
org.apache.http.client.ClientProtocolException
-------
feature call (loop) failed at index: 58
caller: classpath:InspireTest/ngr/datasetrecords/def/checkxlinkurl.template.feature
arg: {"link":"/"}
checkxlinkurl.template.feature:14 - 
org.apache.http.client.ClientProtocolException
-------
feature call (loop) failed at index: 59
caller: classpath:InspireTest/ngr/datasetrecords/def/checkxlinkurl.template.feature
arg: {"link":"t"}
checkxlinkurl.template.feature:14 - 
org.apache.http.client.ClientProtocolException
-------
feature call (loop) failed at index: 60
caller: classpath:InspireTest/ngr/datasetrecords/def/checkxlinkurl.template.feature
arg: {"link":"h"}
checkxlinkurl.template.feature:14 - 
org.apache.http.client.ClientProtocolException
-------
feature call (loop) failed at index: 61
caller: classpath:InspireTest/ngr/datasetrecords/def/checkxlinkurl.template.feature
arg: {"link":"e"}
checkxlinkurl.template.feature:14 - 
org.apache.http.client.ClientProtocolException
-------
feature call (loop) failed at index: 62
caller: classpath:InspireTest/ngr/datasetrecords/def/checkxlinkurl.template.feature
arg: {"link":"s"}
checkxlinkurl.template.feature:14 - 
org.apache.http.client.ClientProtocolException
-------
feature call (loop) failed at index: 63
caller: classpath:InspireTest/ngr/datasetrecords/def/checkxlinkurl.template.feature
arg: {"link":"a"}
checkxlinkurl.template.feature:14 - 
org.apache.http.client.ClientProtocolException
-------
feature call (loop) failed at index: 64
caller: classpath:InspireTest/ngr/datasetrecords/def/checkxlinkurl.template.feature
arg: {"link":"u"}
checkxlinkurl.template.feature:14 - 
org.apache.http.client.ClientProtocolException
-------
feature call (loop) failed at index: 65
caller: classpath:InspireTest/ngr/datasetrecords/def/checkxlinkurl.template.feature
arg: {"link":"r"}
checkxlinkurl.template.feature:14 - 
org.apache.http.client.ClientProtocolException
-------
feature call (loop) failed at index: 66
caller: classpath:InspireTest/ngr/datasetrecords/def/checkxlinkurl.template.feature
arg: {"link":"u"}
checkxlinkurl.template.feature:14 - 
org.apache.http.client.ClientProtocolException
-------
feature call (loop) failed at index: 67
caller: classpath:InspireTest/ngr/datasetrecords/def/checkxlinkurl.template.feature
arg: {"link":"s"}
checkxlinkurl.template.feature:14 - 
org.apache.http.client.ClientProtocolException
-------
feature call (loop) failed at index: 68
caller: classpath:InspireTest/ngr/datasetrecords/def/checkxlinkurl.template.feature
arg: {"link":"."}
checkxlinkurl.template.feature:14 - 
org.apache.http.client.ClientProtocolException
-------
feature call (loop) failed at index: 69
caller: classpath:InspireTest/ngr/datasetrecords/def/checkxlinkurl.template.feature
arg: {"link":"d"}
checkxlinkurl.template.feature:14 - 
org.apache.http.client.ClientProtocolException
-------
feature call (loop) failed at index: 70
caller: classpath:InspireTest/ngr/datasetrecords/def/checkxlinkurl.template.feature
arg: {"link":"o"}
checkxlinkurl.template.feature:14 - 
org.apache.http.client.ClientProtocolException
-------
feature call (loop) failed at index: 71
caller: classpath:InspireTest/ngr/datasetrecords/def/checkxlinkurl.template.feature
arg: {"link":"w"}
checkxlinkurl.template.feature:14 - 
org.apache.http.client.ClientProtocolException
-------
feature call (loop) failed at index: 72
caller: classpath:InspireTest/ngr/datasetrecords/def/checkxlinkurl.template.feature
arg: {"link":"n"}
checkxlinkurl.template.feature:14 - 
org.apache.http.client.ClientProtocolException
-------
feature call (loop) failed at index: 73
caller: classpath:InspireTest/ngr/datasetrecords/def/checkxlinkurl.template.feature
arg: {"link":"l"}
checkxlinkurl.template.feature:14 - 
org.apache.http.client.ClientProtocolException
-------
feature call (loop) failed at index: 74
caller: classpath:InspireTest/ngr/datasetrecords/def/checkxlinkurl.template.feature
arg: {"link":"o"}
checkxlinkurl.template.feature:14 - 
org.apache.http.client.ClientProtocolException
-------
feature call (loop) failed at index: 75
caller: classpath:InspireTest/ngr/datasetrecords/def/checkxlinkurl.template.feature
arg: {"link":"a"}
checkxlinkurl.template.feature:14 - 
org.apache.http.client.ClientProtocolException
-------
feature call (loop) failed at index: 76
caller: classpath:InspireTest/ngr/datasetrecords/def/checkxlinkurl.template.feature
arg: {"link":"d"}
checkxlinkurl.template.feature:14 - 
org.apache.http.client.ClientProtocolException
-------
feature call (loop) failed at index: 77
caller: classpath:InspireTest/ngr/datasetrecords/def/checkxlinkurl.template.feature
arg: {"link":"?"}
checkxlinkurl.template.feature:14 - 
org.apache.http.client.ClientProtocolException
-------
feature call (loop) failed at index: 78
caller: classpath:InspireTest/ngr/datasetrecords/def/checkxlinkurl.template.feature
arg: {"link":"r"}
checkxlinkurl.template.feature:14 - 
org.apache.http.client.ClientProtocolException
-------
feature call (loop) failed at index: 79
caller: classpath:InspireTest/ngr/datasetrecords/def/checkxlinkurl.template.feature
arg: {"link":"e"}
checkxlinkurl.template.feature:14 - 
org.apache.http.client.ClientProtocolException
-------
feature call (loop) failed at index: 80
caller: classpath:InspireTest/ngr/datasetrecords/def/checkxlinkurl.template.feature
arg: {"link":"f"}
checkxlinkurl.template.feature:14 - 
org.apache.http.client.ClientProtocolException
-------
feature call (loop) failed at index: 81
caller: classpath:InspireTest/ngr/datasetrecords/def/checkxlinkurl.template.feature
arg: {"link":"="}
checkxlinkurl.template.feature:14 - 
org.apache.http.client.ClientProtocolException
-------
feature call (loop) failed at index: 82
caller: classpath:InspireTest/ngr/datasetrecords/def/checkxlinkurl.template.feature
arg: {"link":"e"}
checkxlinkurl.template.feature:14 - 
org.apache.http.client.ClientProtocolException
-------
feature call (loop) failed at index: 83
caller: classpath:InspireTest/ngr/datasetrecords/def/checkxlinkurl.template.feature
arg: {"link":"x"}
checkxlinkurl.template.feature:14 - 
org.apache.http.client.ClientProtocolException
-------
feature call (loop) failed at index: 84
caller: classpath:InspireTest/ngr/datasetrecords/def/checkxlinkurl.template.feature
arg: {"link":"t"}
checkxlinkurl.template.feature:14 - 
org.apache.http.client.ClientProtocolException
-------
feature call (loop) failed at index: 85
caller: classpath:InspireTest/ngr/datasetrecords/def/checkxlinkurl.template.feature
arg: {"link":"e"}
checkxlinkurl.template.feature:14 - 
org.apache.http.client.ClientProtocolException
-------
feature call (loop) failed at index: 86
caller: classpath:InspireTest/ngr/datasetrecords/def/checkxlinkurl.template.feature
arg: {"link":"r"}
checkxlinkurl.template.feature:14 - 
org.apache.http.client.ClientProtocolException
-------
feature call (loop) failed at index: 87
caller: classpath:InspireTest/ngr/datasetrecords/def/checkxlinkurl.template.feature
arg: {"link":"n"}
checkxlinkurl.template.feature:14 - 
org.apache.http.client.ClientProtocolException
-------
feature call (loop) failed at index: 88
caller: classpath:InspireTest/ngr/datasetrecords/def/checkxlinkurl.template.feature
arg: {"link":"a"}
checkxlinkurl.template.feature:14 - 
org.apache.http.client.ClientProtocolException
-------
feature call (loop) failed at index: 89
caller: classpath:InspireTest/ngr/datasetrecords/def/checkxlinkurl.template.feature
arg: {"link":"l"}
checkxlinkurl.template.feature:14 - 
org.apache.http.client.ClientProtocolException
-------
feature call (loop) failed at index: 90
caller: classpath:InspireTest/ngr/datasetrecords/def/checkxlinkurl.template.feature
arg: {"link":"."}
checkxlinkurl.template.feature:14 - 
org.apache.http.client.ClientProtocolException
-------
feature call (loop) failed at index: 91
caller: classpath:InspireTest/ngr/datasetrecords/def/checkxlinkurl.template.feature
arg: {"link":"t"}
checkxlinkurl.template.feature:14 - 
org.apache.http.client.ClientProtocolException
-------
feature call (loop) failed at index: 92
caller: classpath:InspireTest/ngr/datasetrecords/def/checkxlinkurl.template.feature
arg: {"link":"h"}
checkxlinkurl.template.feature:14 - 
org.apache.http.client.ClientProtocolException
-------
feature call (loop) failed at index: 93
caller: classpath:InspireTest/ngr/datasetrecords/def/checkxlinkurl.template.feature
arg: {"link":"e"}
checkxlinkurl.template.feature:14 - 
org.apache.http.client.ClientProtocolException
-------
feature call (loop) failed at index: 94
caller: classpath:InspireTest/ngr/datasetrecords/def/checkxlinkurl.template.feature
arg: {"link":"m"}
checkxlinkurl.template.feature:14 - 
org.apache.http.client.ClientProtocolException
-------
feature call (loop) failed at index: 95
caller: classpath:InspireTest/ngr/datasetrecords/def/checkxlinkurl.template.feature
arg: {"link":"e"}
checkxlinkurl.template.feature:14 - 
org.apache.http.client.ClientProtocolException
-------
feature call (loop) failed at index: 96
caller: classpath:InspireTest/ngr/datasetrecords/def/checkxlinkurl.template.feature
arg: {"link":"."}
checkxlinkurl.template.feature:14 - 
org.apache.http.client.ClientProtocolException
-------
feature call (loop) failed at index: 97
caller: classpath:InspireTest/ngr/datasetrecords/def/checkxlinkurl.template.feature
arg: {"link":"h"}
checkxlinkurl.template.feature:14 - 
org.apache.http.client.ClientProtocolException
-------
feature call (loop) failed at index: 98
caller: classpath:InspireTest/ngr/datasetrecords/def/checkxlinkurl.template.feature
arg: {"link":"t"}
checkxlinkurl.template.feature:14 - 
org.apache.http.client.ClientProtocolException
-------
feature call (loop) failed at index: 99
caller: classpath:InspireTest/ngr/datasetrecords/def/checkxlinkurl.template.feature
arg: {"link":"t"}
checkxlinkurl.template.feature:14 - 
org.apache.http.client.ClientProtocolException
-------
feature call (loop) failed at index: 100
caller: classpath:InspireTest/ngr/datasetrecords/def/checkxlinkurl.template.feature
arg: {"link":"p"}
checkxlinkurl.template.feature:14 - 
org.apache.http.client.ClientProtocolException
-------
feature call (loop) failed at index: 101
caller: classpath:InspireTest/ngr/datasetrecords/def/checkxlinkurl.template.feature
arg: {"link":"i"}
checkxlinkurl.template.feature:14 - 
org.apache.http.client.ClientProtocolException
-------
feature call (loop) failed at index: 102
caller: classpath:InspireTest/ngr/datasetrecords/def/checkxlinkurl.template.feature
arg: {"link":"n"}
checkxlinkurl.template.feature:14 - 
org.apache.http.client.ClientProtocolException
-------
feature call (loop) failed at index: 103
caller: classpath:InspireTest/ngr/datasetrecords/def/checkxlinkurl.template.feature
arg: {"link":"s"}
checkxlinkurl.template.feature:14 - 
org.apache.http.client.ClientProtocolException
-------
feature call (loop) failed at index: 104
caller: classpath:InspireTest/ngr/datasetrecords/def/checkxlinkurl.template.feature
arg: {"link":"p"}
checkxlinkurl.template.feature:14 - 
org.apache.http.client.ClientProtocolException
-------
feature call (loop) failed at index: 105
caller: classpath:InspireTest/ngr/datasetrecords/def/checkxlinkurl.template.feature
arg: {"link":"i"}
checkxlinkurl.template.feature:14 - 
org.apache.http.client.ClientProtocolException
-------
feature call (loop) failed at index: 106
caller: classpath:InspireTest/ngr/datasetrecords/def/checkxlinkurl.template.feature
arg: {"link":"r"}
checkxlinkurl.template.feature:14 - 
org.apache.http.client.ClientProtocolException
-------
feature call (loop) failed at index: 107
caller: classpath:InspireTest/ngr/datasetrecords/def/checkxlinkurl.template.feature
arg: {"link":"e"}
checkxlinkurl.template.feature:14 - 
org.apache.http.client.ClientProtocolException
-------
feature call (loop) failed at index: 108
caller: classpath:InspireTest/ngr/datasetrecords/def/checkxlinkurl.template.feature
arg: {"link":"e"}
checkxlinkurl.template.feature:14 - 
org.apache.http.client.ClientProtocolException
-------
feature call (loop) failed at index: 109
caller: classpath:InspireTest/ngr/datasetrecords/def/checkxlinkurl.template.feature
arg: {"link":"c"}
checkxlinkurl.template.feature:14 - 
org.apache.http.client.ClientProtocolException
-------
feature call (loop) failed at index: 110
caller: classpath:InspireTest/ngr/datasetrecords/def/checkxlinkurl.template.feature
arg: {"link":"e"}
checkxlinkurl.template.feature:14 - 
org.apache.http.client.ClientProtocolException
-------
feature call (loop) failed at index: 111
caller: classpath:InspireTest/ngr/datasetrecords/def/checkxlinkurl.template.feature
arg: {"link":"u"}
checkxlinkurl.template.feature:14 - 
org.apache.http.client.ClientProtocolException
-------
feature call (loop) failed at index: 112
caller: classpath:InspireTest/ngr/datasetrecords/def/checkxlinkurl.template.feature
arg: {"link":"r"}
checkxlinkurl.template.feature:14 - 
org.apache.http.client.ClientProtocolException
-------
feature call (loop) failed at index: 113
caller: classpath:InspireTest/ngr/datasetrecords/def/checkxlinkurl.template.feature
arg: {"link":"o"}
checkxlinkurl.template.feature:14 - 
org.apache.http.client.ClientProtocolException
-------
feature call (loop) failed at index: 114
caller: classpath:InspireTest/ngr/datasetrecords/def/checkxlinkurl.template.feature
arg: {"link":"p"}
checkxlinkurl.template.feature:14 - 
org.apache.http.client.ClientProtocolException
-------
feature call (loop) failed at index: 115
caller: classpath:InspireTest/ngr/datasetrecords/def/checkxlinkurl.template.feature
arg: {"link":"a"}
checkxlinkurl.template.feature:14 - 
org.apache.http.client.ClientProtocolException
-------
feature call (loop) failed at index: 116
caller: classpath:InspireTest/ngr/datasetrecords/def/checkxlinkurl.template.feature
arg: {"link":"e"}
checkxlinkurl.template.feature:14 - 
org.apache.http.client.ClientProtocolException
-------
feature call (loop) failed at index: 117
caller: classpath:InspireTest/ngr/datasetrecords/def/checkxlinkurl.template.feature
arg: {"link":"u"}
checkxlinkurl.template.feature:14 - 
org.apache.http.client.ClientProtocolException
-------
feature call (loop) failed at index: 118
caller: classpath:InspireTest/ngr/datasetrecords/def/checkxlinkurl.template.feature
arg: {"link":"t"}
checkxlinkurl.template.feature:14 - 
org.apache.http.client.ClientProtocolException
-------
feature call (loop) failed at index: 119
caller: classpath:InspireTest/ngr/datasetrecords/def/checkxlinkurl.template.feature
arg: {"link":"h"}
checkxlinkurl.template.feature:14 - 
org.apache.http.client.ClientProtocolException
-------
feature call (loop) failed at index: 120
caller: classpath:InspireTest/ngr/datasetrecords/def/checkxlinkurl.template.feature
arg: {"link":"e"}
checkxlinkurl.template.feature:14 - 
org.apache.http.client.ClientProtocolException
-------
feature call (loop) failed at index: 121
caller: classpath:InspireTest/ngr/datasetrecords/def/checkxlinkurl.template.feature
arg: {"link":"m"}
checkxlinkurl.template.feature:14 - 
org.apache.http.client.ClientProtocolException
-------
feature call (loop) failed at index: 122
caller: classpath:InspireTest/ngr/datasetrecords/def/checkxlinkurl.template.feature
arg: {"link":"e"}
checkxlinkurl.template.feature:14 - 
org.apache.http.client.ClientProtocolException
-------
feature call (loop) failed at index: 123
caller: classpath:InspireTest/ngr/datasetrecords/def/checkxlinkurl.template.feature
arg: {"link":"-"}
checkxlinkurl.template.feature:14 - 
org.apache.http.client.ClientProtocolException
-------
feature call (loop) failed at index: 124
caller: classpath:InspireTest/ngr/datasetrecords/def/checkxlinkurl.template.feature
arg: {"link":"t"}
checkxlinkurl.template.feature:14 - 
org.apache.http.client.ClientProtocolException
-------
feature call (loop) failed at index: 125
caller: classpath:InspireTest/ngr/datasetrecords/def/checkxlinkurl.template.feature
arg: {"link":"h"}
checkxlinkurl.template.feature:14 - 
org.apache.http.client.ClientProtocolException
-------
feature call (loop) failed at index: 126
caller: classpath:InspireTest/ngr/datasetrecords/def/checkxlinkurl.template.feature
arg: {"link":"e"}
checkxlinkurl.template.feature:14 - 
org.apache.http.client.ClientProtocolException
-------
feature call (loop) failed at index: 127
caller: classpath:InspireTest/ngr/datasetrecords/def/checkxlinkurl.template.feature
arg: {"link":"m"}
checkxlinkurl.template.feature:14 - 
org.apache.http.client.ClientProtocolException
-------
feature call (loop) failed at index: 128
caller: classpath:InspireTest/ngr/datasetrecords/def/checkxlinkurl.template.feature
arg: {"link":"e"}
checkxlinkurl.template.feature:14 - 
org.apache.http.client.ClientProtocolException
[1.83:18] check-known-dataset-record.feature:81 - feature call (loop) failed: classpath:InspireTest/ngr/datasetrecords/def/checkxlinkurl.template.feature
caller: classpath:InspireTest/ngr/datasetrecords/check-known-dataset-record.feature
items: [{link=https://data.rivm.nl/inspire/id#1de92b14-bc21-4f33-b0de-abd325e61804}]
errors:
-------
feature call (loop) failed at index: 0
caller: classpath:InspireTest/ngr/datasetrecords/def/checkxlinkurl.template.feature
arg: {"link":"https://data.rivm.nl/inspire/id#1de92b14-bc21-4f33-b0de-abd325e61804"}
checkxlinkurl.template.feature:14 - 
javax.net.ssl.SSLException: Connection reset
[1.84:18] check-known-dataset-record.feature:81 - feature call (loop) failed: classpath:InspireTest/ngr/datasetrecords/def/checkxlinkurl.template.feature
caller: classpath:InspireTest/ngr/datasetrecords/check-known-dataset-record.feature
items: [{link=http://www.opengis.net/def/crs/EPSG/0/https://www.opengis.net/def/crs/EPSG/0/4258}, {link=https://www.nationaalgeoregister.nl/geonetwork/srv/api/recordsf1d27179-36eb-4376-8048-f51d2eb23a09}]
errors:
-------
feature call (loop) failed at index: 1
caller: classpath:InspireTest/ngr/datasetrecords/def/checkxlinkurl.template.feature
arg: {"link":"https://www.nationaalgeoregister.nl/geonetwork/srv/api/recordsf1d27179-36eb-4376-8048-f51d2eb23a09"}
checkxlinkurl.template.feature:22 - path: $, actual: 500, expected: 200, reason: not equal (Integer)
[1.85:18] check-known-dataset-record.feature:81 - feature call (loop) failed: classpath:InspireTest/ngr/datasetrecords/def/checkxlinkurl.template.feature
caller: classpath:InspireTest/ngr/datasetrecords/check-known-dataset-record.feature
items: [{link=http://www.opengis.net/def/crs/EPSG/0/http://www.opengis.net/def/crs/EPSG/0/3034}, {link=http://nationaalgeoregister.nl/geonetwork/srv/dut/csw?SERVICE=CSW&version=2.0.2&REQUEST=GetRecordById&elementSetName=full&OutputSchema=http://www.isotc211.org/2005/gmd&ID=b6ee58a1-b097-4c6d-8600-eb81efc1468c}, {link=https://creativecommons.org/publicdomain/mark/*/deed.nl}, {link=}]
errors:
-------
feature call (loop) failed at index: 2
caller: classpath:InspireTest/ngr/datasetrecords/def/checkxlinkurl.template.feature
arg: {"link":"https://creativecommons.org/publicdomain/mark/*/deed.nl"}
checkxlinkurl.template.feature:22 - path: $, actual: 404, expected: 200, reason: not equal (Integer)
-------
feature call (loop) failed at index: 3
caller: classpath:InspireTest/ngr/datasetrecords/def/checkxlinkurl.template.feature
arg: {"link":""}
checkxlinkurl.template.feature:14 - 
org.apache.http.client.ClientProtocolException
[1.86:18] check-known-dataset-record.feature:81 - feature call (loop) failed: classpath:InspireTest/ngr/datasetrecords/def/checkxlinkurl.template.feature
caller: classpath:InspireTest/ngr/datasetrecords/check-known-dataset-record.feature
items: [{link=https://data.rivm.nl/inspire/id#36a7e8cb-8300-4602-93d2-135943365a6f}]
errors:
-------
feature call (loop) failed at index: 0
caller: classpath:InspireTest/ngr/datasetrecords/def/checkxlinkurl.template.feature
arg: {"link":"https://data.rivm.nl/inspire/id#36a7e8cb-8300-4602-93d2-135943365a6f"}
checkxlinkurl.template.feature:14 - 
javax.net.ssl.SSLException: Connection reset
[1.87:18] check-known-dataset-record.feature:81 - feature call (loop) failed: classpath:InspireTest/ngr/datasetrecords/def/checkxlinkurl.template.feature
caller: classpath:InspireTest/ngr/datasetrecords/check-known-dataset-record.feature
items: [{link=https://www.nationaalgeoregister.nl/geonetwork/srv/api/records6e4a2001-fef7-471c-8286-4f859bc1131e}, {link=https://creativecommons.org/publicdomain/zero/*/deed.nl}]
errors:
-------
feature call (loop) failed at index: 0
caller: classpath:InspireTest/ngr/datasetrecords/def/checkxlinkurl.template.feature
arg: {"link":"https://www.nationaalgeoregister.nl/geonetwork/srv/api/records6e4a2001-fef7-471c-8286-4f859bc1131e"}
checkxlinkurl.template.feature:22 - path: $, actual: 500, expected: 200, reason: not equal (Integer)
-------
feature call (loop) failed at index: 1
caller: classpath:InspireTest/ngr/datasetrecords/def/checkxlinkurl.template.feature
arg: {"link":"https://creativecommons.org/publicdomain/zero/*/deed.nl"}
checkxlinkurl.template.feature:22 - path: $, actual: 404, expected: 200, reason: not equal (Integer)
[1.88:18] check-known-dataset-record.feature:81 - feature call (loop) failed: classpath:InspireTest/ngr/datasetrecords/def/checkxlinkurl.template.feature
caller: classpath:InspireTest/ngr/datasetrecords/check-known-dataset-record.feature
items: [{link=https://nationaalgeoregister.nl/geonetwork/srv/resources7d4d5090-8b18-4c30-a07a-9d738039112f}, {link=http://rdfdata.eionet.europa.eu/inspirethemes/themes/13}, {link=http://geonetwork-opensource.org/inspire-theme#}, {link=https://www.nationaalgeoregister.nl/geonetwork/srv/eng/thesaurus.download?ref=external.theme.inspire-theme}]
errors:
-------
feature call (loop) failed at index: 0
caller: classpath:InspireTest/ngr/datasetrecords/def/checkxlinkurl.template.feature
arg: {"link":"https://nationaalgeoregister.nl/geonetwork/srv/resources7d4d5090-8b18-4c30-a07a-9d738039112f"}
checkxlinkurl.template.feature:22 - path: $, actual: 404, expected: 200, reason: not equal (Integer)
-------
feature call (loop) failed at index: 1
caller: classpath:InspireTest/ngr/datasetrecords/def/checkxlinkurl.template.feature
arg: {"link":"http://rdfdata.eionet.europa.eu/inspirethemes/themes/13"}
checkxlinkurl.template.feature:22 - path: $, actual: 404, expected: 200, reason: not equal (Integer)
-------
feature call (loop) failed at index: 2
caller: classpath:InspireTest/ngr/datasetrecords/def/checkxlinkurl.template.feature
arg: {"link":"http://geonetwork-opensource.org/inspire-theme#"}
checkxlinkurl.template.feature:22 - path: $, actual: 404, expected: 200, reason: not equal (Integer)
-------
feature call (loop) failed at index: 3
caller: classpath:InspireTest/ngr/datasetrecords/def/checkxlinkurl.template.feature
arg: {"link":"https://www.nationaalgeoregister.nl/geonetwork/srv/eng/thesaurus.download?ref=external.theme.inspire-theme"}
checkxlinkurl.template.feature:22 - path: $, actual: 500, expected: 200, reason: not equal (Integer)
[1.89:18] check-known-dataset-record.feature:81 - feature call (loop) failed: classpath:InspireTest/ngr/datasetrecords/def/checkxlinkurl.template.feature
caller: classpath:InspireTest/ngr/datasetrecords/check-known-dataset-record.feature
items: [{link=http://www.opengis.net/def/crs/EPSG/0/http://www.opengis.net/def/crs/EPSG/0/4258}, {link=https://www.nationaalgeoregister.nl/geonetwork/srv/dut/catalog.search#/metadata/3387ef8a-9237-453a-aa4e-585d1e193550}, {link=https://creativecommons.org/publicdomain/mark/*/deed.nl}]
errors:
-------
feature call (loop) failed at index: 2
caller: classpath:InspireTest/ngr/datasetrecords/def/checkxlinkurl.template.feature
arg: {"link":"https://creativecommons.org/publicdomain/mark/*/deed.nl"}
checkxlinkurl.template.feature:22 - path: $, actual: 404, expected: 200, reason: not equal (Integer)
[1.90:18] check-known-dataset-record.feature:81 - feature call (loop) failed: classpath:InspireTest/ngr/datasetrecords/def/checkxlinkurl.template.feature
caller: classpath:InspireTest/ngr/datasetrecords/check-known-dataset-record.feature
items: [{link=https://data.rivm.nl/inspire/id#6941b1f2-7ee6-4a1d-9cba-9071e3ca6cb3}]
errors:
-------
feature call (loop) failed at index: 0
caller: classpath:InspireTest/ngr/datasetrecords/def/checkxlinkurl.template.feature
arg: {"link":"https://data.rivm.nl/inspire/id#6941b1f2-7ee6-4a1d-9cba-9071e3ca6cb3"}
checkxlinkurl.template.feature:14 - 
javax.net.ssl.SSLException: Connection reset
[1.91:18] check-known-dataset-record.feature:81 - feature call (loop) failed: classpath:InspireTest/ngr/datasetrecords/def/checkxlinkurl.template.feature
caller: classpath:InspireTest/ngr/datasetrecords/check-known-dataset-record.feature
items: [{link=https://www.nationaalgeoregister.nl/geonetwork/srv/dut/catalog.search#/metadata/adn73c4a-ef03-4785-b7f6-942e86b385f5}, {link=http://rdfdata.eionet.europa.eu/inspirethemes/themes/10}, {link=urn:ogc:def:crs:EPSG::5709}]
errors:
-------
feature call (loop) failed at index: 1
caller: classpath:InspireTest/ngr/datasetrecords/def/checkxlinkurl.template.feature
arg: {"link":"http://rdfdata.eionet.europa.eu/inspirethemes/themes/10"}
checkxlinkurl.template.feature:22 - path: $, actual: 404, expected: 200, reason: not equal (Integer)
-------
feature call (loop) failed at index: 2
caller: classpath:InspireTest/ngr/datasetrecords/def/checkxlinkurl.template.feature
arg: {"link":"urn:ogc:def:crs:EPSG::5709"}
checkxlinkurl.template.feature:14 - 
org.apache.http.client.ClientProtocolException: URI does not specify a valid host name: urn:ogc:def:crs:EPSG::5709
[1.92:18] check-known-dataset-record.feature:81 - feature call (loop) failed: classpath:InspireTest/ngr/datasetrecords/def/checkxlinkurl.template.feature
caller: classpath:InspireTest/ngr/datasetrecords/check-known-dataset-record.feature
items: [{link=https://data.rivm.nl/inspire/id#6e6bf543-e1e3-468d-afae-e88618ad9a65}]
errors:
-------
feature call (loop) failed at index: 0
caller: classpath:InspireTest/ngr/datasetrecords/def/checkxlinkurl.template.feature
arg: {"link":"https://data.rivm.nl/inspire/id#6e6bf543-e1e3-468d-afae-e88618ad9a65"}
checkxlinkurl.template.feature:14 - 
javax.net.ssl.SSLException: Connection reset
[1.93:18] check-known-dataset-record.feature:81 - feature call (loop) failed: classpath:InspireTest/ngr/datasetrecords/def/checkxlinkurl.template.feature
caller: classpath:InspireTest/ngr/datasetrecords/check-known-dataset-record.feature
items: [{link=https://ngr.acceptatie.nationaalgeoregister.nl/geonetwork/srv/resourcesc7a15080-2724-11e2-81c1-0800200c9a66}, {link=http://rdfdata.eionet.europa.eu/inspirethemes/themes/13}, {link=http://rdfdata.eionet.europa.eu/inspirethemes/themes/#}, {link=https://www.nationaalgeoregister.nl/geonetwork/srv/eng/thesaurus.download?ref=external.theme.inspire-theme}]
errors:
-------
feature call (loop) failed at index: 0
caller: classpath:InspireTest/ngr/datasetrecords/def/checkxlinkurl.template.feature
arg: {"link":"https://ngr.acceptatie.nationaalgeoregister.nl/geonetwork/srv/resourcesc7a15080-2724-11e2-81c1-0800200c9a66"}
checkxlinkurl.template.feature:22 - path: $, actual: 404, expected: 200, reason: not equal (Integer)
-------
feature call (loop) failed at index: 1
caller: classpath:InspireTest/ngr/datasetrecords/def/checkxlinkurl.template.feature
arg: {"link":"http://rdfdata.eionet.europa.eu/inspirethemes/themes/13"}
checkxlinkurl.template.feature:22 - path: $, actual: 404, expected: 200, reason: not equal (Integer)
-------
feature call (loop) failed at index: 2
caller: classpath:InspireTest/ngr/datasetrecords/def/checkxlinkurl.template.feature
arg: {"link":"http://rdfdata.eionet.europa.eu/inspirethemes/themes/#"}
checkxlinkurl.template.feature:22 - path: $, actual: 404, expected: 200, reason: not equal (Integer)
-------
feature call (loop) failed at index: 3
caller: classpath:InspireTest/ngr/datasetrecords/def/checkxlinkurl.template.feature
arg: {"link":"https://www.nationaalgeoregister.nl/geonetwork/srv/eng/thesaurus.download?ref=external.theme.inspire-theme"}
checkxlinkurl.template.feature:22 - path: $, actual: 500, expected: 200, reason: not equal (Integer)
[1.94:18] check-known-dataset-record.feature:81 - feature call (loop) failed: classpath:InspireTest/ngr/datasetrecords/def/checkxlinkurl.template.feature
caller: classpath:InspireTest/ngr/datasetrecords/check-known-dataset-record.feature
items: [{link=}]
errors:
-------
feature call (loop) failed at index: 0
caller: classpath:InspireTest/ngr/datasetrecords/def/checkxlinkurl.template.feature
arg: {"link":""}
checkxlinkurl.template.feature:14 - 
org.apache.http.client.ClientProtocolException
[1.95:18] check-known-dataset-record.feature:81 - feature call (loop) failed: classpath:InspireTest/ngr/datasetrecords/def/checkxlinkurl.template.feature
caller: classpath:InspireTest/ngr/datasetrecords/check-known-dataset-record.feature
items: [{link=http://www.opengis.net/def/crs/EPSG/0/NAP}, {link=https://ngr.acceptatie.nationaalgeoregister.nl/geonetwork/srv/resourcesd72ddff0-2724-11e2-81c1-0800200c9a66}]
errors:
-------
feature call (loop) failed at index: 1
caller: classpath:InspireTest/ngr/datasetrecords/def/checkxlinkurl.template.feature
arg: {"link":"https://ngr.acceptatie.nationaalgeoregister.nl/geonetwork/srv/resourcesd72ddff0-2724-11e2-81c1-0800200c9a66"}
checkxlinkurl.template.feature:22 - path: $, actual: 404, expected: 200, reason: not equal (Integer)
[1.96:18] check-known-dataset-record.feature:81 - feature call (loop) failed: classpath:InspireTest/ngr/datasetrecords/def/checkxlinkurl.template.feature
caller: classpath:InspireTest/ngr/datasetrecords/check-known-dataset-record.feature
items: [{link=http://geodata.nationaalgeoregister.nl/cbsprovincies/extract/cbsprovincies.zip}, {link=}]
errors:
-------
feature call (loop) failed at index: 1
caller: classpath:InspireTest/ngr/datasetrecords/def/checkxlinkurl.template.feature
arg: {"link":""}
checkxlinkurl.template.feature:14 - 
org.apache.http.client.ClientProtocolException
[1.97:18] check-known-dataset-record.feature:81 - feature call (loop) failed: classpath:InspireTest/ngr/datasetrecords/def/checkxlinkurl.template.feature
caller: classpath:InspireTest/ngr/datasetrecords/check-known-dataset-record.feature
items: [{link=https://www.nationaalgeoregister.nl/geonetwork/srv/dut/catalog.search#/metadata/eu-2c7040b-c448-451b-bf15-f2416ecaadd1}, {link=http://rdfdata.eionet.europa.eu/inspirethemes/themes/7}, {link=urn:ogc:def:crs:EPSG::5709}]
errors:
-------
feature call (loop) failed at index: 1
caller: classpath:InspireTest/ngr/datasetrecords/def/checkxlinkurl.template.feature
arg: {"link":"http://rdfdata.eionet.europa.eu/inspirethemes/themes/7"}
checkxlinkurl.template.feature:22 - path: $, actual: 404, expected: 200, reason: not equal (Integer)
-------
feature call (loop) failed at index: 2
caller: classpath:InspireTest/ngr/datasetrecords/def/checkxlinkurl.template.feature
arg: {"link":"urn:ogc:def:crs:EPSG::5709"}
checkxlinkurl.template.feature:14 - 
org.apache.http.client.ClientProtocolException: URI does not specify a valid host name: urn:ogc:def:crs:EPSG::5709
[1.98:18] check-known-dataset-record.feature:81 - feature call (loop) failed: classpath:InspireTest/ngr/datasetrecords/def/checkxlinkurl.template.feature
caller: classpath:InspireTest/ngr/datasetrecords/check-known-dataset-record.feature
items: [{link=http://www.opengis.net/def/crs/EPSG/0/https://www.opengis.net/def/crs/EPSG/0/4258}, {link=https://www.nationaalgeoregister.nl:443/geonetwork/srv/api/records/a5241416-8401-4623-be61-57ef50447a41}]
errors:
-------
feature call (loop) failed at index: 1
caller: classpath:InspireTest/ngr/datasetrecords/def/checkxlinkurl.template.feature
arg: {"link":"https://www.nationaalgeoregister.nl:443/geonetwork/srv/api/records/a5241416-8401-4623-be61-57ef50447a41"}
checkxlinkurl.template.feature:22 - path: $, actual: 400, expected: 200, reason: not equal (Integer)
[1.100:18] check-known-dataset-record.feature:81 - feature call (loop) failed: classpath:InspireTest/ngr/datasetrecords/def/checkxlinkurl.template.feature
caller: classpath:InspireTest/ngr/datasetrecords/check-known-dataset-record.feature
items: [{link=http://nationaalgeoregister.nl/geonetwork/srv/dut/csw?SERVICE=CSW&version=2.0.2&REQUEST=GetRecordById&elementSetName=full&OutputSchema=http://www.isotc211.org/2005/gmd&ID=2daad588-11ef-47de-9832-6fe2c3b93e6d}, {link=https://creativecommons.org/publicdomain/mark/*/deed.nl}, {link=}]
errors:
-------
feature call (loop) failed at index: 1
caller: classpath:InspireTest/ngr/datasetrecords/def/checkxlinkurl.template.feature
arg: {"link":"https://creativecommons.org/publicdomain/mark/*/deed.nl"}
checkxlinkurl.template.feature:22 - path: $, actual: 404, expected: 200, reason: not equal (Integer)
-------
feature call (loop) failed at index: 2
caller: classpath:InspireTest/ngr/datasetrecords/def/checkxlinkurl.template.feature
arg: {"link":""}
checkxlinkurl.template.feature:14 - 
org.apache.http.client.ClientProtocolException
[1.101:18] check-known-dataset-record.feature:81 - feature call (loop) failed: classpath:InspireTest/ngr/datasetrecords/def/checkxlinkurl.template.feature
caller: classpath:InspireTest/ngr/datasetrecords/check-known-dataset-record.feature
items: [{link=http://nationaalgeoregister.nl/geonetwork/srv/dut/csw?SERVICE=CSW&version=2.0.2&REQUEST=GetRecordById&elementSetName=full&OutputSchema=http://www.isotc211.org/2005/gmd&ID=f5f68d51-2ca4-4897-8227-d3938b2b0a7e}, {link=https://creativecommons.org/publicdomain/mark/*/deed.nl}, {link=}]
errors:
-------
feature call (loop) failed at index: 1
caller: classpath:InspireTest/ngr/datasetrecords/def/checkxlinkurl.template.feature
arg: {"link":"https://creativecommons.org/publicdomain/mark/*/deed.nl"}
checkxlinkurl.template.feature:22 - path: $, actual: 404, expected: 200, reason: not equal (Integer)
-------
feature call (loop) failed at index: 2
caller: classpath:InspireTest/ngr/datasetrecords/def/checkxlinkurl.template.feature
arg: {"link":""}
checkxlinkurl.template.feature:14 - 
org.apache.http.client.ClientProtocolException
[1.102:18] check-known-dataset-record.feature:81 - feature call (loop) failed: classpath:InspireTest/ngr/datasetrecords/def/checkxlinkurl.template.feature
caller: classpath:InspireTest/ngr/datasetrecords/check-known-dataset-record.feature
items: [{link=http://www.opengis.net/def/crs/EPSG/0/http://www.opengis.net/def/crs/EPSG/0/3034}, {link=http://nationaalgeoregister.nl/geonetwork/srv/dut/csw?SERVICE=CSW&version=2.0.2&REQUEST=GetRecordById&elementSetName=full&OutputSchema=http://www.isotc211.org/2005/gmd&ID=60a2a7c2-d5b3-4ad5-b562-c448695357fb}, {link=https://creativecommons.org/publicdomain/mark/*/deed.nl}, {link=}]
errors:
-------
feature call (loop) failed at index: 2
caller: classpath:InspireTest/ngr/datasetrecords/def/checkxlinkurl.template.feature
arg: {"link":"https://creativecommons.org/publicdomain/mark/*/deed.nl"}
checkxlinkurl.template.feature:22 - path: $, actual: 404, expected: 200, reason: not equal (Integer)
-------
feature call (loop) failed at index: 3
caller: classpath:InspireTest/ngr/datasetrecords/def/checkxlinkurl.template.feature
arg: {"link":""}
checkxlinkurl.template.feature:14 - 
org.apache.http.client.ClientProtocolException
[1.103:18] check-known-dataset-record.feature:81 - feature call (loop) failed: classpath:InspireTest/ngr/datasetrecords/def/checkxlinkurl.template.feature
caller: classpath:InspireTest/ngr/datasetrecords/check-known-dataset-record.feature
items: [{link=http://www.opengis.net/def/crs/EPSG/0/http://www.opengis.net/def/crs/EPSG/0/3034}, {link=http://nationaalgeoregister.nl/geonetwork/srv/dut/csw?SERVICE=CSW&version=2.0.2&REQUEST=GetRecordById&elementSetName=full&OutputSchema=http://www.isotc211.org/2005/gmd&ID=cc408b2d-09a6-4b2b-9aa3-b46bfe2f00a5}, {link=https://creativecommons.org/publicdomain/mark/*/deed.nl}, {link=}]
errors:
-------
feature call (loop) failed at index: 2
caller: classpath:InspireTest/ngr/datasetrecords/def/checkxlinkurl.template.feature
arg: {"link":"https://creativecommons.org/publicdomain/mark/*/deed.nl"}
checkxlinkurl.template.feature:22 - path: $, actual: 404, expected: 200, reason: not equal (Integer)
-------
feature call (loop) failed at index: 3
caller: classpath:InspireTest/ngr/datasetrecords/def/checkxlinkurl.template.feature
arg: {"link":""}
checkxlinkurl.template.feature:14 - 
org.apache.http.client.ClientProtocolException
[1.104:18] check-known-dataset-record.feature:81 - feature call (loop) failed: classpath:InspireTest/ngr/datasetrecords/def/checkxlinkurl.template.feature
caller: classpath:InspireTest/ngr/datasetrecords/check-known-dataset-record.feature
items: [{link=http://www.opengis.net/def/crs/EPSG/0/http://www.opengis.net/def/crs/EPSG/0/3034}, {link=http://nationaalgeoregister.nl/geonetwork/srv/dut/csw?SERVICE=CSW&version=2.0.2&REQUEST=GetRecordById&elementSetName=full&OutputSchema=http://www.isotc211.org/2005/gmd&ID=ca94a0cb-7561-4a10-a7d6-b840e56c33ff}, {link=https://creativecommons.org/publicdomain/mark/*/deed.nl}, {link=}]
errors:
-------
feature call (loop) failed at index: 2
caller: classpath:InspireTest/ngr/datasetrecords/def/checkxlinkurl.template.feature
arg: {"link":"https://creativecommons.org/publicdomain/mark/*/deed.nl"}
checkxlinkurl.template.feature:22 - path: $, actual: 404, expected: 200, reason: not equal (Integer)
-------
feature call (loop) failed at index: 3
caller: classpath:InspireTest/ngr/datasetrecords/def/checkxlinkurl.template.feature
arg: {"link":""}
checkxlinkurl.template.feature:14 - 
org.apache.http.client.ClientProtocolException
[1.105:18] check-known-dataset-record.feature:81 - feature call (loop) failed: classpath:InspireTest/ngr/datasetrecords/def/checkxlinkurl.template.feature
caller: classpath:InspireTest/ngr/datasetrecords/check-known-dataset-record.feature
items: [{link=http://www.opengis.net/def/crs/EPSG/0/http://www.opengis.net/def/crs/EPSG/0/3034}, {link=http://nationaalgeoregister.nl/geonetwork/srv/dut/csw?SERVICE=CSW&version=2.0.2&REQUEST=GetRecordById&elementSetName=full&OutputSchema=http://www.isotc211.org/2005/gmd&ID=998ba1dc-f6a6-49a3-a021-51f30d9b1d0e}, {link=https://creativecommons.org/publicdomain/mark/*/deed.nl}, {link=}]
errors:
-------
feature call (loop) failed at index: 2
caller: classpath:InspireTest/ngr/datasetrecords/def/checkxlinkurl.template.feature
arg: {"link":"https://creativecommons.org/publicdomain/mark/*/deed.nl"}
checkxlinkurl.template.feature:22 - path: $, actual: 404, expected: 200, reason: not equal (Integer)
-------
feature call (loop) failed at index: 3
caller: classpath:InspireTest/ngr/datasetrecords/def/checkxlinkurl.template.feature
arg: {"link":""}
checkxlinkurl.template.feature:14 - 
org.apache.http.client.ClientProtocolException
[1.106:18] check-known-dataset-record.feature:81 - feature call (loop) failed: classpath:InspireTest/ngr/datasetrecords/def/checkxlinkurl.template.feature
caller: classpath:InspireTest/ngr/datasetrecords/check-known-dataset-record.feature
items: [{link=http://www.opengis.net/def/crs/EPSG/0/http://www.opengis.net/def/crs/EPSG/0/3034}, {link=http://nationaalgeoregister.nl/geonetwork/srv/dut/csw?SERVICE=CSW&version=2.0.2&REQUEST=GetRecordById&elementSetName=full&OutputSchema=http://www.isotc211.org/2005/gmd&ID=49ab8bee-b467-486a-96ca-b950443c453a}, {link=https://creativecommons.org/publicdomain/mark/*/deed.nl}, {link=}]
errors:
-------
feature call (loop) failed at index: 2
caller: classpath:InspireTest/ngr/datasetrecords/def/checkxlinkurl.template.feature
arg: {"link":"https://creativecommons.org/publicdomain/mark/*/deed.nl"}
checkxlinkurl.template.feature:22 - path: $, actual: 404, expected: 200, reason: not equal (Integer)
-------
feature call (loop) failed at index: 3
caller: classpath:InspireTest/ngr/datasetrecords/def/checkxlinkurl.template.feature
arg: {"link":""}
checkxlinkurl.template.feature:14 - 
org.apache.http.client.ClientProtocolException
[1.107:18] check-known-dataset-record.feature:81 - feature call (loop) failed: classpath:InspireTest/ngr/datasetrecords/def/checkxlinkurl.template.feature
caller: classpath:InspireTest/ngr/datasetrecords/check-known-dataset-record.feature
items: [{link=http://www.opengis.net/def/crs/EPSG/0/http://www.opengis.net/def/crs/EPSG/0/3034}, {link=http://nationaalgeoregister.nl/geonetwork/srv/dut/csw?SERVICE=CSW&version=2.0.2&REQUEST=GetRecordById&elementSetName=full&OutputSchema=http://www.isotc211.org/2005/gmd&ID=f0821bfe-5a0a-11e9-8647-d663bd873d93}, {link=https://creativecommons.org/publicdomain/mark/*/deed.nl}, {link=}]
errors:
-------
feature call (loop) failed at index: 2
caller: classpath:InspireTest/ngr/datasetrecords/def/checkxlinkurl.template.feature
arg: {"link":"https://creativecommons.org/publicdomain/mark/*/deed.nl"}
checkxlinkurl.template.feature:22 - path: $, actual: 404, expected: 200, reason: not equal (Integer)
-------
feature call (loop) failed at index: 3
caller: classpath:InspireTest/ngr/datasetrecords/def/checkxlinkurl.template.feature
arg: {"link":""}
checkxlinkurl.template.feature:14 - 
org.apache.http.client.ClientProtocolException
[1.108:18] check-known-dataset-record.feature:81 - feature call (loop) failed: classpath:InspireTest/ngr/datasetrecords/def/checkxlinkurl.template.feature
caller: classpath:InspireTest/ngr/datasetrecords/check-known-dataset-record.feature
items: [{link=https://www.nationaalgeoregister.nl/geonetwork/srv/dut/catalog.search#/metadata/10f9ec6-4464-462e-9765-83d90cefbeab}, {link=http://rdfdata.eionet.europa.eu/inspirethemes/themes/24}, {link=http://inspire.ec.europa.eu/metadata-codelist/PriorityDataset#}, {link=https://ngr.geocat.live/geonetwork/srv/eng/thesaurus.download?ref=external.theme.httpinspireeceuropaeumetadatacodelistPrioritydataset-Prioritydataset}, {link=urn:ogc:def:crs:EPSG::5709}]
errors:
-------
feature call (loop) failed at index: 1
caller: classpath:InspireTest/ngr/datasetrecords/def/checkxlinkurl.template.feature
arg: {"link":"http://rdfdata.eionet.europa.eu/inspirethemes/themes/24"}
checkxlinkurl.template.feature:22 - path: $, actual: 404, expected: 200, reason: not equal (Integer)
-------
feature call (loop) failed at index: 3
caller: classpath:InspireTest/ngr/datasetrecords/def/checkxlinkurl.template.feature
arg: {"link":"https://ngr.geocat.live/geonetwork/srv/eng/thesaurus.download?ref=external.theme.httpinspireeceuropaeumetadatacodelistPrioritydataset-Prioritydataset"}
checkxlinkurl.template.feature:22 - path: $, actual: 500, expected: 200, reason: not equal (Integer)
-------
feature call (loop) failed at index: 4
caller: classpath:InspireTest/ngr/datasetrecords/def/checkxlinkurl.template.feature
arg: {"link":"urn:ogc:def:crs:EPSG::5709"}
checkxlinkurl.template.feature:14 - 
org.apache.http.client.ClientProtocolException: URI does not specify a valid host name: urn:ogc:def:crs:EPSG::5709
[1.109:18] check-known-dataset-record.feature:49 - xpath does not exist: /GetRecordByIdResponse//@href on response
[1.110:18] check-known-dataset-record.feature:81 - feature call (loop) failed: classpath:InspireTest/ngr/datasetrecords/def/checkxlinkurl.template.feature
caller: classpath:InspireTest/ngr/datasetrecords/check-known-dataset-record.feature
items: [{link=https://www.nationaalgeoregister.nl/geonetwork/srv/dut/catalog.search#/metadata/krw-f7bb2351-9788-42ea-a58b-a5ee1842304e}, {link=http://rdfdata.eionet.europa.eu/inspirethemes/themes/24}, {link=http://inspire.ec.europa.eu/metadata-codelist/PriorityDataset#}, {link=https://ngr.geocat.live/geonetwork/srv/eng/thesaurus.download?ref=external.theme.httpinspireeceuropaeumetadatacodelistPrioritydataset-Prioritydataset}, {link=urn:ogc:def:crs:EPSG::5709}]
errors:
-------
feature call (loop) failed at index: 1
caller: classpath:InspireTest/ngr/datasetrecords/def/checkxlinkurl.template.feature
arg: {"link":"http://rdfdata.eionet.europa.eu/inspirethemes/themes/24"}
checkxlinkurl.template.feature:22 - path: $, actual: 404, expected: 200, reason: not equal (Integer)
-------
feature call (loop) failed at index: 3
caller: classpath:InspireTest/ngr/datasetrecords/def/checkxlinkurl.template.feature
arg: {"link":"https://ngr.geocat.live/geonetwork/srv/eng/thesaurus.download?ref=external.theme.httpinspireeceuropaeumetadatacodelistPrioritydataset-Prioritydataset"}
checkxlinkurl.template.feature:22 - path: $, actual: 500, expected: 200, reason: not equal (Integer)
-------
feature call (loop) failed at index: 4
caller: classpath:InspireTest/ngr/datasetrecords/def/checkxlinkurl.template.feature
arg: {"link":"urn:ogc:def:crs:EPSG::5709"}
checkxlinkurl.template.feature:14 - 
org.apache.http.client.ClientProtocolException: URI does not specify a valid host name: urn:ogc:def:crs:EPSG::5709
[1.111:18] check-known-dataset-record.feature:81 - feature call (loop) failed: classpath:InspireTest/ngr/datasetrecords/def/checkxlinkurl.template.feature
caller: classpath:InspireTest/ngr/datasetrecords/check-known-dataset-record.feature
items: [{link=http://www.opengis.net/def/crs/EPSG/0/https://www.opengis.net/def/crs/EPSG/0/4258}, {link=https://www.nationaalgeoregister.nl/geonetwork/srv/api/recordsbb11be63-bd38-4632-bf54-df44c423a529}]
errors:
-------
feature call (loop) failed at index: 1
caller: classpath:InspireTest/ngr/datasetrecords/def/checkxlinkurl.template.feature
arg: {"link":"https://www.nationaalgeoregister.nl/geonetwork/srv/api/recordsbb11be63-bd38-4632-bf54-df44c423a529"}
checkxlinkurl.template.feature:22 - path: $, actual: 500, expected: 200, reason: not equal (Integer)
[1.112:18] check-known-dataset-record.feature:81 - feature call (loop) failed: classpath:InspireTest/ngr/datasetrecords/def/checkxlinkurl.template.feature
caller: classpath:InspireTest/ngr/datasetrecords/check-known-dataset-record.feature
items: [{link=http://www.opengis.net/def/crs/EPSG/0/https://www.opengis.net/def/crs/EPSG/0/4258}, {link=https://www.nationaalgeoregister.nl/geonetwork/srv/api/records4cda487b-c467-490c-a843-6563fec016be}]
errors:
-------
feature call (loop) failed at index: 1
caller: classpath:InspireTest/ngr/datasetrecords/def/checkxlinkurl.template.feature
arg: {"link":"https://www.nationaalgeoregister.nl/geonetwork/srv/api/records4cda487b-c467-490c-a843-6563fec016be"}
checkxlinkurl.template.feature:22 - path: $, actual: 500, expected: 200, reason: not equal (Integer)
[1.113:18] check-known-dataset-record.feature:81 - feature call (loop) failed: classpath:InspireTest/ngr/datasetrecords/def/checkxlinkurl.template.feature
caller: classpath:InspireTest/ngr/datasetrecords/check-known-dataset-record.feature
items: [{link=https://www.nationaalgeoregister.nl/geonetwork/srv/dut/catalog.search#/metadata/uwwtd-9d8e-4758-83fa-28b057f185e3}, {link=http://rdfdata.eionet.europa.eu/inspirethemes/themes/24}, {link=http://inspire.ec.europa.eu/metadata-codelist/PriorityDataset#}, {link=https://ngr.geocat.live/geonetwork/srv/eng/thesaurus.download?ref=external.theme.httpinspireeceuropaeumetadatacodelistPrioritydataset-Prioritydataset}, {link=urn:ogc:def:crs:EPSG::5709}]
errors:
-------
feature call (loop) failed at index: 1
caller: classpath:InspireTest/ngr/datasetrecords/def/checkxlinkurl.template.feature
arg: {"link":"http://rdfdata.eionet.europa.eu/inspirethemes/themes/24"}
checkxlinkurl.template.feature:22 - path: $, actual: 404, expected: 200, reason: not equal (Integer)
-------
feature call (loop) failed at index: 3
caller: classpath:InspireTest/ngr/datasetrecords/def/checkxlinkurl.template.feature
arg: {"link":"https://ngr.geocat.live/geonetwork/srv/eng/thesaurus.download?ref=external.theme.httpinspireeceuropaeumetadatacodelistPrioritydataset-Prioritydataset"}
checkxlinkurl.template.feature:22 - path: $, actual: 500, expected: 200, reason: not equal (Integer)
-------
feature call (loop) failed at index: 4
caller: classpath:InspireTest/ngr/datasetrecords/def/checkxlinkurl.template.feature
arg: {"link":"urn:ogc:def:crs:EPSG::5709"}
checkxlinkurl.template.feature:14 - 
org.apache.http.client.ClientProtocolException: URI does not specify a valid host name: urn:ogc:def:crs:EPSG::5709
[1.114:18] check-known-dataset-record.feature:81 - feature call (loop) failed: classpath:InspireTest/ngr/datasetrecords/def/checkxlinkurl.template.feature
caller: classpath:InspireTest/ngr/datasetrecords/check-known-dataset-record.feature
items: [{link=http://www.opengis.net/def/crs/EPSG/0/http://www.opengis.net/def/crs/EPSG/0/3034}, {link=http://nationaalgeoregister.nl/geonetwork/srv/dut/csw?SERVICE=CSW&version=2.0.2&REQUEST=GetRecordById&elementSetName=full&OutputSchema=http://www.isotc211.org/2005/gmd&ID=0f128799-cf18-4b37-a721-e62b068191f5}, {link=https://creativecommons.org/publicdomain/mark/*/deed.nl}, {link=}]
errors:
-------
feature call (loop) failed at index: 2
caller: classpath:InspireTest/ngr/datasetrecords/def/checkxlinkurl.template.feature
arg: {"link":"https://creativecommons.org/publicdomain/mark/*/deed.nl"}
checkxlinkurl.template.feature:22 - path: $, actual: 404, expected: 200, reason: not equal (Integer)
-------
feature call (loop) failed at index: 3
caller: classpath:InspireTest/ngr/datasetrecords/def/checkxlinkurl.template.feature
arg: {"link":""}
checkxlinkurl.template.feature:14 - 
org.apache.http.client.ClientProtocolException
[1.115:18] check-known-dataset-record.feature:81 - feature call (loop) failed: classpath:InspireTest/ngr/datasetrecords/def/checkxlinkurl.template.feature
caller: classpath:InspireTest/ngr/datasetrecords/check-known-dataset-record.feature
items: [{link=http://kadaster/79a1c01b-21ad-43e8-a5c2-23e3eeb95be2}, {link=}]
errors:
-------
feature call (loop) failed at index: 0
caller: classpath:InspireTest/ngr/datasetrecords/def/checkxlinkurl.template.feature
arg: {"link":"http://kadaster/79a1c01b-21ad-43e8-a5c2-23e3eeb95be2"}
checkxlinkurl.template.feature:14 - 
java.net.UnknownHostException: kadaster: Temporary failure in name resolution
-------
feature call (loop) failed at index: 1
caller: classpath:InspireTest/ngr/datasetrecords/def/checkxlinkurl.template.feature
arg: {"link":""}
checkxlinkurl.template.feature:14 - 
org.apache.http.client.ClientProtocolException
[1.116:18] check-known-dataset-record.feature:81 - feature call (loop) failed: classpath:InspireTest/ngr/datasetrecords/def/checkxlinkurl.template.feature
caller: classpath:InspireTest/ngr/datasetrecords/check-known-dataset-record.feature
items: [{link=http://nationaalgeoregister.nl/geonetwork/srv/dut/csw?SERVICE=CSW&version=2.0.2&REQUEST=GetRecordById&elementSetName=full&OutputSchema=http://www.isotc211.org/2005/gmd&ID=df5ee213-e1bd-433b-80f7-4ea20f493ca8}, {link=https://creativecommons.org/publicdomain/mark/*/deed.nl}, {link=}]
errors:
-------
feature call (loop) failed at index: 1
caller: classpath:InspireTest/ngr/datasetrecords/def/checkxlinkurl.template.feature
arg: {"link":"https://creativecommons.org/publicdomain/mark/*/deed.nl"}
checkxlinkurl.template.feature:22 - path: $, actual: 404, expected: 200, reason: not equal (Integer)
-------
feature call (loop) failed at index: 2
caller: classpath:InspireTest/ngr/datasetrecords/def/checkxlinkurl.template.feature
arg: {"link":""}
checkxlinkurl.template.feature:14 - 
org.apache.http.client.ClientProtocolException
[1.117:18] check-known-dataset-record.feature:81 - feature call (loop) failed: classpath:InspireTest/ngr/datasetrecords/def/checkxlinkurl.template.feature
caller: classpath:InspireTest/ngr/datasetrecords/check-known-dataset-record.feature
items: [{link=}]
errors:
-------
feature call (loop) failed at index: 0
caller: classpath:InspireTest/ngr/datasetrecords/def/checkxlinkurl.template.feature
arg: {"link":""}
checkxlinkurl.template.feature:14 - 
org.apache.http.client.ClientProtocolException
[1.119:18] check-known-dataset-record.feature:81 - feature call (loop) failed: classpath:InspireTest/ngr/datasetrecords/def/checkxlinkurl.template.feature
caller: classpath:InspireTest/ngr/datasetrecords/check-known-dataset-record.feature
items: [{link=}]
errors:
-------
feature call (loop) failed at index: 0
caller: classpath:InspireTest/ngr/datasetrecords/def/checkxlinkurl.template.feature
arg: {"link":""}
checkxlinkurl.template.feature:14 - 
org.apache.http.client.ClientProtocolException
[1.121:18] check-known-dataset-record.feature:81 - feature call (loop) failed: classpath:InspireTest/ngr/datasetrecords/def/checkxlinkurl.template.feature
caller: classpath:InspireTest/ngr/datasetrecords/check-known-dataset-record.feature
items: [{link=https://www.nationaalgeoregister.nl/geonetwork/srv/dut/catalog.search#/metadata/wt-83730-e750-485a-9c0c-39bf9be72cf8}, {link=http://rdfdata.eionet.europa.eu/inspirethemes/themes/18}, {link=http://inspire.ec.europa.eu/metadata-codelist/PriorityDataset#}, {link=https://ngr.geocat.live/geonetwork/srv/eng/thesaurus.download?ref=external.theme.httpinspireeceuropaeumetadatacodelistPrioritydataset-Prioritydataset}]
errors:
-------
feature call (loop) failed at index: 1
caller: classpath:InspireTest/ngr/datasetrecords/def/checkxlinkurl.template.feature
arg: {"link":"http://rdfdata.eionet.europa.eu/inspirethemes/themes/18"}
checkxlinkurl.template.feature:22 - path: $, actual: 404, expected: 200, reason: not equal (Integer)
-------
feature call (loop) failed at index: 3
caller: classpath:InspireTest/ngr/datasetrecords/def/checkxlinkurl.template.feature
arg: {"link":"https://ngr.geocat.live/geonetwork/srv/eng/thesaurus.download?ref=external.theme.httpinspireeceuropaeumetadatacodelistPrioritydataset-Prioritydataset"}
checkxlinkurl.template.feature:22 - path: $, actual: 500, expected: 200, reason: not equal (Integer)
[1.122:18] check-known-dataset-record.feature:81 - feature call (loop) failed: classpath:InspireTest/ngr/datasetrecords/def/checkxlinkurl.template.feature
caller: classpath:InspireTest/ngr/datasetrecords/check-known-dataset-record.feature
items: [{link=http://www.opengis.net/def/crs/EPSG/0/http://www.opengis.net/def/crs/EPSG/0/3034}, {link=http://nationaalgeoregister.nl/geonetwork/srv/dut/csw?SERVICE=CSW&version=2.0.2&REQUEST=GetRecordById&elementSetName=full&OutputSchema=http://www.isotc211.org/2005/gmd&ID=c829abeb-bfac-4224-8332-e7a9a89e692e}, {link=https://creativecommons.org/publicdomain/mark/*/deed.nl}, {link=}]
errors:
-------
feature call (loop) failed at index: 2
caller: classpath:InspireTest/ngr/datasetrecords/def/checkxlinkurl.template.feature
arg: {"link":"https://creativecommons.org/publicdomain/mark/*/deed.nl"}
checkxlinkurl.template.feature:22 - path: $, actual: 404, expected: 200, reason: not equal (Integer)
-------
feature call (loop) failed at index: 3
caller: classpath:InspireTest/ngr/datasetrecords/def/checkxlinkurl.template.feature
arg: {"link":""}
checkxlinkurl.template.feature:14 - 
org.apache.http.client.ClientProtocolException
[1.123:18] check-known-dataset-record.feature:81 - feature call (loop) failed: classpath:InspireTest/ngr/datasetrecords/def/checkxlinkurl.template.feature
caller: classpath:InspireTest/ngr/datasetrecords/check-known-dataset-record.feature
items: [{link=http://www.opengis.net/def/crs/EPSG/0/http://www.opengis.net/def/crs/EPSG/0/3034}, {link=http://nationaalgeoregister.nl/geonetwork/srv/dut/csw?SERVICE=CSW&version=2.0.2&REQUEST=GetRecordById&elementSetName=full&OutputSchema=http://www.isotc211.org/2005/gmd&ID=41023936-009d-48ec-a90d-c966895463c1}, {link=https://creativecommons.org/publicdomain/mark/*/deed.nl}, {link=}]
errors:
-------
feature call (loop) failed at index: 2
caller: classpath:InspireTest/ngr/datasetrecords/def/checkxlinkurl.template.feature
arg: {"link":"https://creativecommons.org/publicdomain/mark/*/deed.nl"}
checkxlinkurl.template.feature:22 - path: $, actual: 404, expected: 200, reason: not equal (Integer)
-------
feature call (loop) failed at index: 3
caller: classpath:InspireTest/ngr/datasetrecords/def/checkxlinkurl.template.feature
arg: {"link":""}
checkxlinkurl.template.feature:14 - 
org.apache.http.client.ClientProtocolException
[1.124:18] check-known-dataset-record.feature:81 - feature call (loop) failed: classpath:InspireTest/ngr/datasetrecords/def/checkxlinkurl.template.feature
caller: classpath:InspireTest/ngr/datasetrecords/check-known-dataset-record.feature
items: [{link=https://www.nationaalgeoregister.nl/geonetwork/srv/dut/catalog.search#/metadata/wt-f5eb-b09f-4f6d-8397-8878a1b86238}, {link=http://rdfdata.eionet.europa.eu/inspirethemes/themes/18}, {link=http://inspire.ec.europa.eu/metadata-codelist/PriorityDataset#}, {link=https://ngr.geocat.live/geonetwork/srv/eng/thesaurus.download?ref=external.theme.httpinspireeceuropaeumetadatacodelistPrioritydataset-Prioritydataset}]
errors:
-------
feature call (loop) failed at index: 1
caller: classpath:InspireTest/ngr/datasetrecords/def/checkxlinkurl.template.feature
arg: {"link":"http://rdfdata.eionet.europa.eu/inspirethemes/themes/18"}
checkxlinkurl.template.feature:22 - path: $, actual: 404, expected: 200, reason: not equal (Integer)
-------
feature call (loop) failed at index: 3
caller: classpath:InspireTest/ngr/datasetrecords/def/checkxlinkurl.template.feature
arg: {"link":"https://ngr.geocat.live/geonetwork/srv/eng/thesaurus.download?ref=external.theme.httpinspireeceuropaeumetadatacodelistPrioritydataset-Prioritydataset"}
checkxlinkurl.template.feature:22 - path: $, actual: 500, expected: 200, reason: not equal (Integer)
[1.125:18] check-known-dataset-record.feature:81 - feature call (loop) failed: classpath:InspireTest/ngr/datasetrecords/def/checkxlinkurl.template.feature
caller: classpath:InspireTest/ngr/datasetrecords/check-known-dataset-record.feature
items: [{link=https://www.nationaalgeoregister.nl/geonetwork/srv/dut/catalog.search#/metadata/wt-3730-e750-485a-9c0c-39bf9be72cf9}, {link=http://rdfdata.eionet.europa.eu/inspirethemes/themes/18}, {link=http://inspire.ec.europa.eu/metadata-codelist/PriorityDataset#}, {link=https://ngr.geocat.live/geonetwork/srv/eng/thesaurus.download?ref=external.theme.httpinspireeceuropaeumetadatacodelistPrioritydataset-Prioritydataset}]
errors:
-------
feature call (loop) failed at index: 1
caller: classpath:InspireTest/ngr/datasetrecords/def/checkxlinkurl.template.feature
arg: {"link":"http://rdfdata.eionet.europa.eu/inspirethemes/themes/18"}
checkxlinkurl.template.feature:22 - path: $, actual: 404, expected: 200, reason: not equal (Integer)
-------
feature call (loop) failed at index: 3
caller: classpath:InspireTest/ngr/datasetrecords/def/checkxlinkurl.template.feature
arg: {"link":"https://ngr.geocat.live/geonetwork/srv/eng/thesaurus.download?ref=external.theme.httpinspireeceuropaeumetadatacodelistPrioritydataset-Prioritydataset"}
checkxlinkurl.template.feature:22 - path: $, actual: 500, expected: 200, reason: not equal (Integer)
[1.126:18] check-known-dataset-record.feature:81 - feature call (loop) failed: classpath:InspireTest/ngr/datasetrecords/def/checkxlinkurl.template.feature
caller: classpath:InspireTest/ngr/datasetrecords/check-known-dataset-record.feature
items: [{link=http://www.opengis.net/def/crs/EPSG/0/http://www.opengis.net/def/crs/EPSG/0/3034}, {link=http://nationaalgeoregister.nl/geonetwork/srv/dut/csw?SERVICE=CSW&version=2.0.2&REQUEST=GetRecordById&elementSetName=full&OutputSchema=http://www.isotc211.org/2005/gmd&ID=c7d8d77b-8c47-4309-8c58-9b12b086407f}, {link=https://creativecommons.org/publicdomain/mark/*/deed.nl}, {link=}]
errors:
-------
feature call (loop) failed at index: 2
caller: classpath:InspireTest/ngr/datasetrecords/def/checkxlinkurl.template.feature
arg: {"link":"https://creativecommons.org/publicdomain/mark/*/deed.nl"}
checkxlinkurl.template.feature:22 - path: $, actual: 404, expected: 200, reason: not equal (Integer)
-------
feature call (loop) failed at index: 3
caller: classpath:InspireTest/ngr/datasetrecords/def/checkxlinkurl.template.feature
arg: {"link":""}
checkxlinkurl.template.feature:14 - 
org.apache.http.client.ClientProtocolException
[1.127:18] check-known-dataset-record.feature:81 - feature call (loop) failed: classpath:InspireTest/ngr/datasetrecords/def/checkxlinkurl.template.feature
caller: classpath:InspireTest/ngr/datasetrecords/check-known-dataset-record.feature
items: [{link=https://nationaalgeoregister.nl/geonetwork/srv/resources052a3480-1031-4d29-ba55-01672e2c50d9}]
errors:
-------
feature call (loop) failed at index: 0
caller: classpath:InspireTest/ngr/datasetrecords/def/checkxlinkurl.template.feature
arg: {"link":"https://nationaalgeoregister.nl/geonetwork/srv/resources052a3480-1031-4d29-ba55-01672e2c50d9"}
checkxlinkurl.template.feature:22 - path: $, actual: 404, expected: 200, reason: not equal (Integer)
[1.128:18] check-known-dataset-record.feature:81 - feature call (loop) failed: classpath:InspireTest/ngr/datasetrecords/def/checkxlinkurl.template.feature
caller: classpath:InspireTest/ngr/datasetrecords/check-known-dataset-record.feature
items: [{link=https://www.nationaalgeoregister.nl/geonetwork/srv/dut/catalog.search#/metadata/krw2006-68b5-4ff3-94a4-9c24109ffd5e}, {link=http://rdfdata.eionet.europa.eu/inspirethemes/themes/24}, {link=http://inspire.ec.europa.eu/metadata-codelist/PriorityDataset#}, {link=https://ngr.geocat.live/geonetwork/srv/eng/thesaurus.download?ref=external.theme.httpinspireeceuropaeumetadatacodelistPrioritydataset-Prioritydataset}, {link=urn:ogc:def:crs:EPSG::5709}]
errors:
-------
feature call (loop) failed at index: 1
caller: classpath:InspireTest/ngr/datasetrecords/def/checkxlinkurl.template.feature
arg: {"link":"http://rdfdata.eionet.europa.eu/inspirethemes/themes/24"}
checkxlinkurl.template.feature:22 - path: $, actual: 404, expected: 200, reason: not equal (Integer)
-------
feature call (loop) failed at index: 3
caller: classpath:InspireTest/ngr/datasetrecords/def/checkxlinkurl.template.feature
arg: {"link":"https://ngr.geocat.live/geonetwork/srv/eng/thesaurus.download?ref=external.theme.httpinspireeceuropaeumetadatacodelistPrioritydataset-Prioritydataset"}
checkxlinkurl.template.feature:22 - path: $, actual: 500, expected: 200, reason: not equal (Integer)
-------
feature call (loop) failed at index: 4
caller: classpath:InspireTest/ngr/datasetrecords/def/checkxlinkurl.template.feature
arg: {"link":"urn:ogc:def:crs:EPSG::5709"}
checkxlinkurl.template.feature:14 - 
org.apache.http.client.ClientProtocolException: URI does not specify a valid host name: urn:ogc:def:crs:EPSG::5709
[1.129:18] check-known-dataset-record.feature:81 - feature call (loop) failed: classpath:InspireTest/ngr/datasetrecords/def/checkxlinkurl.template.feature
caller: classpath:InspireTest/ngr/datasetrecords/check-known-dataset-record.feature
items: [{link=https://www.nationaalgeoregister.nl/geonetwork/srv/dut/catalog.search#/metadata/2e31680f-68b5-4ff3-94a4-9c24109ffd5e}, {link=http://rdfdata.eionet.europa.eu/inspirethemes/themes/24}, {link=http://inspire.ec.europa.eu/metadata-codelist/PriorityDataset#}, {link=https://ngr.geocat.live/geonetwork/srv/eng/thesaurus.download?ref=external.theme.httpinspireeceuropaeumetadatacodelistPrioritydataset-Prioritydataset}, {link=urn:ogc:def:crs:EPSG::5709}]
errors:
-------
feature call (loop) failed at index: 1
caller: classpath:InspireTest/ngr/datasetrecords/def/checkxlinkurl.template.feature
arg: {"link":"http://rdfdata.eionet.europa.eu/inspirethemes/themes/24"}
checkxlinkurl.template.feature:22 - path: $, actual: 404, expected: 200, reason: not equal (Integer)
-------
feature call (loop) failed at index: 3
caller: classpath:InspireTest/ngr/datasetrecords/def/checkxlinkurl.template.feature
arg: {"link":"https://ngr.geocat.live/geonetwork/srv/eng/thesaurus.download?ref=external.theme.httpinspireeceuropaeumetadatacodelistPrioritydataset-Prioritydataset"}
checkxlinkurl.template.feature:22 - path: $, actual: 500, expected: 200, reason: not equal (Integer)
-------
feature call (loop) failed at index: 4
caller: classpath:InspireTest/ngr/datasetrecords/def/checkxlinkurl.template.feature
arg: {"link":"urn:ogc:def:crs:EPSG::5709"}
checkxlinkurl.template.feature:14 - 
org.apache.http.client.ClientProtocolException: URI does not specify a valid host name: urn:ogc:def:crs:EPSG::5709
[1.130:18] check-known-dataset-record.feature:81 - feature call (loop) failed: classpath:InspireTest/ngr/datasetrecords/def/checkxlinkurl.template.feature
caller: classpath:InspireTest/ngr/datasetrecords/check-known-dataset-record.feature
items: [{link=https://www.nationaalgeoregister.nl/geonetwork/srv/dut/catalog.search#/metadata/622a632a-c57b-44a2-83a4-e51223d5f15g}, {link=http://rdfdata.eionet.europa.eu/inspirethemes/themes/24}, {link=http://inspire.ec.europa.eu/metadata-codelist/PriorityDataset#}, {link=https://ngr.geocat.live/geonetwork/srv/eng/thesaurus.download?ref=external.theme.httpinspireeceuropaeumetadatacodelistPrioritydataset-Prioritydataset}, {link=urn:ogc:def:crs:EPSG::5709}]
errors:
-------
feature call (loop) failed at index: 1
caller: classpath:InspireTest/ngr/datasetrecords/def/checkxlinkurl.template.feature
arg: {"link":"http://rdfdata.eionet.europa.eu/inspirethemes/themes/24"}
checkxlinkurl.template.feature:22 - path: $, actual: 404, expected: 200, reason: not equal (Integer)
-------
feature call (loop) failed at index: 3
caller: classpath:InspireTest/ngr/datasetrecords/def/checkxlinkurl.template.feature
arg: {"link":"https://ngr.geocat.live/geonetwork/srv/eng/thesaurus.download?ref=external.theme.httpinspireeceuropaeumetadatacodelistPrioritydataset-Prioritydataset"}
checkxlinkurl.template.feature:22 - path: $, actual: 500, expected: 200, reason: not equal (Integer)
-------
feature call (loop) failed at index: 4
caller: classpath:InspireTest/ngr/datasetrecords/def/checkxlinkurl.template.feature
arg: {"link":"urn:ogc:def:crs:EPSG::5709"}
checkxlinkurl.template.feature:14 - 
org.apache.http.client.ClientProtocolException: URI does not specify a valid host name: urn:ogc:def:crs:EPSG::5709
[1.131:18] check-known-dataset-record.feature:81 - feature call (loop) failed: classpath:InspireTest/ngr/datasetrecords/def/checkxlinkurl.template.feature
caller: classpath:InspireTest/ngr/datasetrecords/check-known-dataset-record.feature
items: [{link=https://www.nationaalgeoregister.nl/geonetwork/srv/dut/catalog.search#/metadata/710c381c-ab2d-45d5-a45d-af2eba811e5f}, {link=http://rdfdata.eionet.europa.eu/inspirethemes/themes/8}, {link=urn:ogc:def:crs:EPSG::5709}]
errors:
-------
feature call (loop) failed at index: 1
caller: classpath:InspireTest/ngr/datasetrecords/def/checkxlinkurl.template.feature
arg: {"link":"http://rdfdata.eionet.europa.eu/inspirethemes/themes/8"}
checkxlinkurl.template.feature:22 - path: $, actual: 404, expected: 200, reason: not equal (Integer)
-------
feature call (loop) failed at index: 2
caller: classpath:InspireTest/ngr/datasetrecords/def/checkxlinkurl.template.feature
arg: {"link":"urn:ogc:def:crs:EPSG::5709"}
checkxlinkurl.template.feature:14 - 
org.apache.http.client.ClientProtocolException: URI does not specify a valid host name: urn:ogc:def:crs:EPSG::5709
[1.132:18] check-known-dataset-record.feature:81 - feature call (loop) failed: classpath:InspireTest/ngr/datasetrecords/def/checkxlinkurl.template.feature
caller: classpath:InspireTest/ngr/datasetrecords/check-known-dataset-record.feature
items: [{link=http://www.opengis.net/def/crs/EPSG/0/http://www.opengis.net/def/crs/EPSG/0/3034}, {link=http://nationaalgeoregister.nl/geonetwork/srv/dut/csw?SERVICE=CSW&version=2.0.2&REQUEST=GetRecordById&elementSetName=full&OutputSchema=http://www.isotc211.org/2005/gmd&ID=f002bfc5-7d87-46b6-819e-8415422b65c9}, {link=https://creativecommons.org/publicdomain/mark/*/deed.nl}, {link=}]
errors:
-------
feature call (loop) failed at index: 2
caller: classpath:InspireTest/ngr/datasetrecords/def/checkxlinkurl.template.feature
arg: {"link":"https://creativecommons.org/publicdomain/mark/*/deed.nl"}
checkxlinkurl.template.feature:22 - path: $, actual: 404, expected: 200, reason: not equal (Integer)
-------
feature call (loop) failed at index: 3
caller: classpath:InspireTest/ngr/datasetrecords/def/checkxlinkurl.template.feature
arg: {"link":""}
checkxlinkurl.template.feature:14 - 
org.apache.http.client.ClientProtocolException
[1.133:18] check-known-dataset-record.feature:81 - feature call (loop) failed: classpath:InspireTest/ngr/datasetrecords/def/checkxlinkurl.template.feature
caller: classpath:InspireTest/ngr/datasetrecords/check-known-dataset-record.feature
items: [{link=https://www.nationaalgeoregister.nl/geonetwork/srv/dut/catalog.search#/metadata/110f9ec6-4464-462e-9765-83d90cefbead}, {link=http://rdfdata.eionet.europa.eu/inspirethemes/themes/24}, {link=http://inspire.ec.europa.eu/metadata-codelist/PriorityDataset#}, {link=https://ngr.geocat.live/geonetwork/srv/eng/thesaurus.download?ref=external.theme.httpinspireeceuropaeumetadatacodelistPrioritydataset-Prioritydataset}]
errors:
-------
feature call (loop) failed at index: 1
caller: classpath:InspireTest/ngr/datasetrecords/def/checkxlinkurl.template.feature
arg: {"link":"http://rdfdata.eionet.europa.eu/inspirethemes/themes/24"}
checkxlinkurl.template.feature:22 - path: $, actual: 404, expected: 200, reason: not equal (Integer)
-------
feature call (loop) failed at index: 3
caller: classpath:InspireTest/ngr/datasetrecords/def/checkxlinkurl.template.feature
arg: {"link":"https://ngr.geocat.live/geonetwork/srv/eng/thesaurus.download?ref=external.theme.httpinspireeceuropaeumetadatacodelistPrioritydataset-Prioritydataset"}
checkxlinkurl.template.feature:22 - path: $, actual: 500, expected: 200, reason: not equal (Integer)
[1.134:18] check-known-dataset-record.feature:81 - feature call (loop) failed: classpath:InspireTest/ngr/datasetrecords/def/checkxlinkurl.template.feature
caller: classpath:InspireTest/ngr/datasetrecords/check-known-dataset-record.feature
items: [{link=https://www.nationaalgeoregister.nl/geonetwork/srv/dut/catalog.search#/metadata/110f9ec6-4464-462e-9765-83d90cefbeag}, {link=http://rdfdata.eionet.europa.eu/inspirethemes/themes/24}, {link=http://inspire.ec.europa.eu/metadata-codelist/PriorityDataset#}, {link=https://ngr.geocat.live/geonetwork/srv/eng/thesaurus.download?ref=external.theme.httpinspireeceuropaeumetadatacodelistPrioritydataset-Prioritydataset}, {link=urn:ogc:def:crs:EPSG::5709}]
errors:
-------
feature call (loop) failed at index: 1
caller: classpath:InspireTest/ngr/datasetrecords/def/checkxlinkurl.template.feature
arg: {"link":"http://rdfdata.eionet.europa.eu/inspirethemes/themes/24"}
checkxlinkurl.template.feature:22 - path: $, actual: 404, expected: 200, reason: not equal (Integer)
-------
feature call (loop) failed at index: 3
caller: classpath:InspireTest/ngr/datasetrecords/def/checkxlinkurl.template.feature
arg: {"link":"https://ngr.geocat.live/geonetwork/srv/eng/thesaurus.download?ref=external.theme.httpinspireeceuropaeumetadatacodelistPrioritydataset-Prioritydataset"}
checkxlinkurl.template.feature:22 - path: $, actual: 500, expected: 200, reason: not equal (Integer)
-------
feature call (loop) failed at index: 4
caller: classpath:InspireTest/ngr/datasetrecords/def/checkxlinkurl.template.feature
arg: {"link":"urn:ogc:def:crs:EPSG::5709"}
checkxlinkurl.template.feature:14 - 
org.apache.http.client.ClientProtocolException: URI does not specify a valid host name: urn:ogc:def:crs:EPSG::5709
[1.135:18] check-known-dataset-record.feature:81 - feature call (loop) failed: classpath:InspireTest/ngr/datasetrecords/def/checkxlinkurl.template.feature
caller: classpath:InspireTest/ngr/datasetrecords/check-known-dataset-record.feature
items: [{link=https://www.nationaalgeoregister.nl/geonetwork/srv/dut/catalog.search#/metadata/krw2006-c57b-44a2-83a4-e51223d5f15g}, {link=http://rdfdata.eionet.europa.eu/inspirethemes/themes/24}, {link=http://inspire.ec.europa.eu/metadata-codelist/PriorityDataset#}, {link=https://ngr.geocat.live/geonetwork/srv/eng/thesaurus.download?ref=external.theme.httpinspireeceuropaeumetadatacodelistPrioritydataset-Prioritydataset}, {link=urn:ogc:def:crs:EPSG::5709}]
errors:
-------
feature call (loop) failed at index: 1
caller: classpath:InspireTest/ngr/datasetrecords/def/checkxlinkurl.template.feature
arg: {"link":"http://rdfdata.eionet.europa.eu/inspirethemes/themes/24"}
checkxlinkurl.template.feature:22 - path: $, actual: 404, expected: 200, reason: not equal (Integer)
-------
feature call (loop) failed at index: 3
caller: classpath:InspireTest/ngr/datasetrecords/def/checkxlinkurl.template.feature
arg: {"link":"https://ngr.geocat.live/geonetwork/srv/eng/thesaurus.download?ref=external.theme.httpinspireeceuropaeumetadatacodelistPrioritydataset-Prioritydataset"}
checkxlinkurl.template.feature:22 - path: $, actual: 500, expected: 200, reason: not equal (Integer)
-------
feature call (loop) failed at index: 4
caller: classpath:InspireTest/ngr/datasetrecords/def/checkxlinkurl.template.feature
arg: {"link":"urn:ogc:def:crs:EPSG::5709"}
checkxlinkurl.template.feature:14 - 
org.apache.http.client.ClientProtocolException: URI does not specify a valid host name: urn:ogc:def:crs:EPSG::5709
[1.136:18] check-known-dataset-record.feature:81 - feature call (loop) failed: classpath:InspireTest/ngr/datasetrecords/def/checkxlinkurl.template.feature
caller: classpath:InspireTest/ngr/datasetrecords/check-known-dataset-record.feature
items: [{link=https://www.nationaalgeoregister.nl/geonetwork/srv/dut/catalog.search#/metadata/110f9ec6-4464-462e-9765-83d90cefbeac}, {link=http://rdfdata.eionet.europa.eu/inspirethemes/themes/24}, {link=http://inspire.ec.europa.eu/metadata-codelist/PriorityDataset#}, {link=https://ngr.geocat.live/geonetwork/srv/eng/thesaurus.download?ref=external.theme.httpinspireeceuropaeumetadatacodelistPrioritydataset-Prioritydataset}]
errors:
-------
feature call (loop) failed at index: 1
caller: classpath:InspireTest/ngr/datasetrecords/def/checkxlinkurl.template.feature
arg: {"link":"http://rdfdata.eionet.europa.eu/inspirethemes/themes/24"}
checkxlinkurl.template.feature:22 - path: $, actual: 404, expected: 200, reason: not equal (Integer)
-------
feature call (loop) failed at index: 3
caller: classpath:InspireTest/ngr/datasetrecords/def/checkxlinkurl.template.feature
arg: {"link":"https://ngr.geocat.live/geonetwork/srv/eng/thesaurus.download?ref=external.theme.httpinspireeceuropaeumetadatacodelistPrioritydataset-Prioritydataset"}
checkxlinkurl.template.feature:22 - path: $, actual: 500, expected: 200, reason: not equal (Integer)
[1.137:18] check-known-dataset-record.feature:81 - feature call (loop) failed: classpath:InspireTest/ngr/datasetrecords/def/checkxlinkurl.template.feature
caller: classpath:InspireTest/ngr/datasetrecords/check-known-dataset-record.feature
items: [{link=https://www.nationaalgeoregister.nl/geonetwork/srv/dut/catalog.search#/metadata/krw-782cab20-8328-45f1-a9b2-c27d07c14066}, {link=http://rdfdata.eionet.europa.eu/inspirethemes/themes/24}, {link=http://inspire.ec.europa.eu/metadata-codelist/PriorityDataset#}, {link=https://ngr.geocat.live/geonetwork/srv/eng/thesaurus.download?ref=external.theme.httpinspireeceuropaeumetadatacodelistPrioritydataset-Prioritydataset}, {link=urn:ogc:def:crs:EPSG::5709}]
errors:
-------
feature call (loop) failed at index: 1
caller: classpath:InspireTest/ngr/datasetrecords/def/checkxlinkurl.template.feature
arg: {"link":"http://rdfdata.eionet.europa.eu/inspirethemes/themes/24"}
checkxlinkurl.template.feature:22 - path: $, actual: 404, expected: 200, reason: not equal (Integer)
-------
feature call (loop) failed at index: 3
caller: classpath:InspireTest/ngr/datasetrecords/def/checkxlinkurl.template.feature
arg: {"link":"https://ngr.geocat.live/geonetwork/srv/eng/thesaurus.download?ref=external.theme.httpinspireeceuropaeumetadatacodelistPrioritydataset-Prioritydataset"}
checkxlinkurl.template.feature:22 - path: $, actual: 500, expected: 200, reason: not equal (Integer)
-------
feature call (loop) failed at index: 4
caller: classpath:InspireTest/ngr/datasetrecords/def/checkxlinkurl.template.feature
arg: {"link":"urn:ogc:def:crs:EPSG::5709"}
checkxlinkurl.template.feature:14 - 
org.apache.http.client.ClientProtocolException: URI does not specify a valid host name: urn:ogc:def:crs:EPSG::5709
[1.138:18] check-known-dataset-record.feature:81 - feature call (loop) failed: classpath:InspireTest/ngr/datasetrecords/def/checkxlinkurl.template.feature
caller: classpath:InspireTest/ngr/datasetrecords/check-known-dataset-record.feature
items: [{link=https://www.nationaalgeoregister.nl/geonetwork/srv/dut/catalog.search#/metadata/krm-a905-9d8e-4758-83fa-28b057f185e4}, {link=http://rdfdata.eionet.europa.eu/inspirethemes/themes/24}, {link=http://inspire.ec.europa.eu/metadata-codelist/PriorityDataset#}, {link=https://ngr.geocat.live/geonetwork/srv/eng/thesaurus.download?ref=external.theme.httpinspireeceuropaeumetadatacodelistPrioritydataset-Prioritydataset}]
errors:
-------
feature call (loop) failed at index: 1
caller: classpath:InspireTest/ngr/datasetrecords/def/checkxlinkurl.template.feature
arg: {"link":"http://rdfdata.eionet.europa.eu/inspirethemes/themes/24"}
checkxlinkurl.template.feature:22 - path: $, actual: 404, expected: 200, reason: not equal (Integer)
-------
feature call (loop) failed at index: 3
caller: classpath:InspireTest/ngr/datasetrecords/def/checkxlinkurl.template.feature
arg: {"link":"https://ngr.geocat.live/geonetwork/srv/eng/thesaurus.download?ref=external.theme.httpinspireeceuropaeumetadatacodelistPrioritydataset-Prioritydataset"}
checkxlinkurl.template.feature:22 - path: $, actual: 500, expected: 200, reason: not equal (Integer)
[1.139:18] check-known-dataset-record.feature:81 - feature call (loop) failed: classpath:InspireTest/ngr/datasetrecords/def/checkxlinkurl.template.feature
caller: classpath:InspireTest/ngr/datasetrecords/check-known-dataset-record.feature
items: [{link=https://www.nationaalgeoregister.nl/geonetwork/srv/dut/catalog.search#/metadata/891ddc2d-8949-4a45-be96-c65b87c41f13}, {link=http://rdfdata.eionet.europa.eu/inspirethemes/themes/20}, {link=http://inspire.ec.europa.eu/metadata-codelist/PriorityDataset#}, {link=https://ngr.geocat.live/geonetwork/srv/eng/thesaurus.download?ref=external.theme.httpinspireeceuropaeumetadatacodelistPrioritydataset-Prioritydataset}]
errors:
-------
feature call (loop) failed at index: 1
caller: classpath:InspireTest/ngr/datasetrecords/def/checkxlinkurl.template.feature
arg: {"link":"http://rdfdata.eionet.europa.eu/inspirethemes/themes/20"}
checkxlinkurl.template.feature:22 - path: $, actual: 404, expected: 200, reason: not equal (Integer)
-------
feature call (loop) failed at index: 3
caller: classpath:InspireTest/ngr/datasetrecords/def/checkxlinkurl.template.feature
arg: {"link":"https://ngr.geocat.live/geonetwork/srv/eng/thesaurus.download?ref=external.theme.httpinspireeceuropaeumetadatacodelistPrioritydataset-Prioritydataset"}
checkxlinkurl.template.feature:22 - path: $, actual: 500, expected: 200, reason: not equal (Integer)
[1.140:18] check-known-dataset-record.feature:81 - feature call (loop) failed: classpath:InspireTest/ngr/datasetrecords/def/checkxlinkurl.template.feature
caller: classpath:InspireTest/ngr/datasetrecords/check-known-dataset-record.feature
items: [{link=http://kadaster/e2318c58-b1e6-4621-9c77-33b8a1fd0e76}]
errors:
-------
feature call (loop) failed at index: 0
caller: classpath:InspireTest/ngr/datasetrecords/def/checkxlinkurl.template.feature
arg: {"link":"http://kadaster/e2318c58-b1e6-4621-9c77-33b8a1fd0e76"}
checkxlinkurl.template.feature:14 - 
java.net.UnknownHostException: kadaster: Temporary failure in name resolution
[1.141:18] check-known-dataset-record.feature:81 - feature call (loop) failed: classpath:InspireTest/ngr/datasetrecords/def/checkxlinkurl.template.feature
caller: classpath:InspireTest/ngr/datasetrecords/check-known-dataset-record.feature
items: [{link=https://www.nationaalgeoregister.nl/geonetwork/srv/dut/catalog.search#/metadata/ror-9d8e-4758-83fx-28b057f185g1}, {link=http://rdfdata.eionet.europa.eu/inspirethemes/themes/25}, {link=http://inspire.ec.europa.eu/metadata-codelist/PriorityDataset#}, {link=https://ngr.geocat.live/geonetwork/srv/eng/thesaurus.download?ref=external.theme.httpinspireeceuropaeumetadatacodelistPrioritydataset-Prioritydataset}, {link=urn:ogc:def:crs:EPSG::5709}]
errors:
-------
feature call (loop) failed at index: 1
caller: classpath:InspireTest/ngr/datasetrecords/def/checkxlinkurl.template.feature
arg: {"link":"http://rdfdata.eionet.europa.eu/inspirethemes/themes/25"}
checkxlinkurl.template.feature:22 - path: $, actual: 404, expected: 200, reason: not equal (Integer)
-------
feature call (loop) failed at index: 3
caller: classpath:InspireTest/ngr/datasetrecords/def/checkxlinkurl.template.feature
arg: {"link":"https://ngr.geocat.live/geonetwork/srv/eng/thesaurus.download?ref=external.theme.httpinspireeceuropaeumetadatacodelistPrioritydataset-Prioritydataset"}
checkxlinkurl.template.feature:22 - path: $, actual: 500, expected: 200, reason: not equal (Integer)
-------
feature call (loop) failed at index: 4
caller: classpath:InspireTest/ngr/datasetrecords/def/checkxlinkurl.template.feature
arg: {"link":"urn:ogc:def:crs:EPSG::5709"}
checkxlinkurl.template.feature:14 - 
org.apache.http.client.ClientProtocolException: URI does not specify a valid host name: urn:ogc:def:crs:EPSG::5709
[1.142:18] check-known-dataset-record.feature:81 - feature call (loop) failed: classpath:InspireTest/ngr/datasetrecords/def/checkxlinkurl.template.feature
caller: classpath:InspireTest/ngr/datasetrecords/check-known-dataset-record.feature
items: [{link=https://www.nationaalgeoregister.nl/geonetwork/srv/dut/catalog.search#/metadata/ror-9d8e-4758-83fx-28b057f185e1}, {link=http://rdfdata.eionet.europa.eu/inspirethemes/themes/25}, {link=http://inspire.ec.europa.eu/metadata-codelist/PriorityDataset#}, {link=https://ngr.geocat.live/geonetwork/srv/eng/thesaurus.download?ref=external.theme.httpinspireeceuropaeumetadatacodelistPrioritydataset-Prioritydataset}, {link=urn:ogc:def:crs:EPSG::5709}]
errors:
-------
feature call (loop) failed at index: 1
caller: classpath:InspireTest/ngr/datasetrecords/def/checkxlinkurl.template.feature
arg: {"link":"http://rdfdata.eionet.europa.eu/inspirethemes/themes/25"}
checkxlinkurl.template.feature:22 - path: $, actual: 404, expected: 200, reason: not equal (Integer)
-------
feature call (loop) failed at index: 3
caller: classpath:InspireTest/ngr/datasetrecords/def/checkxlinkurl.template.feature
arg: {"link":"https://ngr.geocat.live/geonetwork/srv/eng/thesaurus.download?ref=external.theme.httpinspireeceuropaeumetadatacodelistPrioritydataset-Prioritydataset"}
checkxlinkurl.template.feature:22 - path: $, actual: 500, expected: 200, reason: not equal (Integer)
-------
feature call (loop) failed at index: 4
caller: classpath:InspireTest/ngr/datasetrecords/def/checkxlinkurl.template.feature
arg: {"link":"urn:ogc:def:crs:EPSG::5709"}
checkxlinkurl.template.feature:14 - 
org.apache.http.client.ClientProtocolException: URI does not specify a valid host name: urn:ogc:def:crs:EPSG::5709
[1.143:18] check-known-dataset-record.feature:81 - feature call (loop) failed: classpath:InspireTest/ngr/datasetrecords/def/checkxlinkurl.template.feature
caller: classpath:InspireTest/ngr/datasetrecords/check-known-dataset-record.feature
items: [{link=https://www.nationaalgeoregister.nl/geonetwork/srv/dut/catalog.search#/metadata/a9b7026e-0a81-4813-93bd-ba49e6f28502}, {link=http://rdfdata.eionet.europa.eu/inspirethemes/themes/7}, {link=http://rdfdata.eionet.europa.eu/inspirethemes/themes/18}, {link=http://inspire.ec.europa.eu/metadata-codelist/PriorityDataset#}, {link=https://ngr.geocat.live/geonetwork/srv/eng/thesaurus.download?ref=external.theme.httpinspireeceuropaeumetadatacodelistPrioritydataset-Prioritydataset}, {link=urn:ogc:def:crs:EPSG::5709}]
errors:
-------
feature call (loop) failed at index: 1
caller: classpath:InspireTest/ngr/datasetrecords/def/checkxlinkurl.template.feature
arg: {"link":"http://rdfdata.eionet.europa.eu/inspirethemes/themes/7"}
checkxlinkurl.template.feature:22 - path: $, actual: 404, expected: 200, reason: not equal (Integer)
-------
feature call (loop) failed at index: 2
caller: classpath:InspireTest/ngr/datasetrecords/def/checkxlinkurl.template.feature
arg: {"link":"http://rdfdata.eionet.europa.eu/inspirethemes/themes/18"}
checkxlinkurl.template.feature:22 - path: $, actual: 404, expected: 200, reason: not equal (Integer)
-------
feature call (loop) failed at index: 4
caller: classpath:InspireTest/ngr/datasetrecords/def/checkxlinkurl.template.feature
arg: {"link":"https://ngr.geocat.live/geonetwork/srv/eng/thesaurus.download?ref=external.theme.httpinspireeceuropaeumetadatacodelistPrioritydataset-Prioritydataset"}
checkxlinkurl.template.feature:22 - path: $, actual: 500, expected: 200, reason: not equal (Integer)
-------
feature call (loop) failed at index: 5
caller: classpath:InspireTest/ngr/datasetrecords/def/checkxlinkurl.template.feature
arg: {"link":"urn:ogc:def:crs:EPSG::5709"}
checkxlinkurl.template.feature:14 - 
org.apache.http.client.ClientProtocolException: URI does not specify a valid host name: urn:ogc:def:crs:EPSG::5709
[1.146:18] check-known-dataset-record.feature:81 - feature call (loop) failed: classpath:InspireTest/ngr/datasetrecords/def/checkxlinkurl.template.feature
caller: classpath:InspireTest/ngr/datasetrecords/check-known-dataset-record.feature
items: [{link=https://www.nationaalgeoregister.nl/geonetwork/srv/dut/catalog.search#/metadata/ror-9d8e-4758-83fx-28b057f185f1}, {link=http://rdfdata.eionet.europa.eu/inspirethemes/themes/25}, {link=http://inspire.ec.europa.eu/metadata-codelist/PriorityDataset#}, {link=https://ngr.geocat.live/geonetwork/srv/eng/thesaurus.download?ref=external.theme.httpinspireeceuropaeumetadatacodelistPrioritydataset-Prioritydataset}, {link=urn:ogc:def:crs:EPSG::5709}]
errors:
-------
feature call (loop) failed at index: 1
caller: classpath:InspireTest/ngr/datasetrecords/def/checkxlinkurl.template.feature
arg: {"link":"http://rdfdata.eionet.europa.eu/inspirethemes/themes/25"}
checkxlinkurl.template.feature:22 - path: $, actual: 404, expected: 200, reason: not equal (Integer)
-------
feature call (loop) failed at index: 3
caller: classpath:InspireTest/ngr/datasetrecords/def/checkxlinkurl.template.feature
arg: {"link":"https://ngr.geocat.live/geonetwork/srv/eng/thesaurus.download?ref=external.theme.httpinspireeceuropaeumetadatacodelistPrioritydataset-Prioritydataset"}
checkxlinkurl.template.feature:22 - path: $, actual: 500, expected: 200, reason: not equal (Integer)
-------
feature call (loop) failed at index: 4
caller: classpath:InspireTest/ngr/datasetrecords/def/checkxlinkurl.template.feature
arg: {"link":"urn:ogc:def:crs:EPSG::5709"}
checkxlinkurl.template.feature:14 - 
org.apache.http.client.ClientProtocolException: URI does not specify a valid host name: urn:ogc:def:crs:EPSG::5709
[1.147:18] check-known-dataset-record.feature:81 - feature call (loop) failed: classpath:InspireTest/ngr/datasetrecords/def/checkxlinkurl.template.feature
caller: classpath:InspireTest/ngr/datasetrecords/check-known-dataset-record.feature
items: [{link=https://www.nationaalgeoregister.nl/geonetwork/srv/dut/catalog.search#/metadata/uwwtd-9d8e-4758-83fa-28b057f185e2}, {link=http://rdfdata.eionet.europa.eu/inspirethemes/themes/24}, {link=http://inspire.ec.europa.eu/metadata-codelist/PriorityDataset#}, {link=https://ngr.geocat.live/geonetwork/srv/eng/thesaurus.download?ref=external.theme.httpinspireeceuropaeumetadatacodelistPrioritydataset-Prioritydataset}, {link=urn:ogc:def:crs:EPSG::5709}]
errors:
-------
feature call (loop) failed at index: 1
caller: classpath:InspireTest/ngr/datasetrecords/def/checkxlinkurl.template.feature
arg: {"link":"http://rdfdata.eionet.europa.eu/inspirethemes/themes/24"}
checkxlinkurl.template.feature:22 - path: $, actual: 404, expected: 200, reason: not equal (Integer)
-------
feature call (loop) failed at index: 3
caller: classpath:InspireTest/ngr/datasetrecords/def/checkxlinkurl.template.feature
arg: {"link":"https://ngr.geocat.live/geonetwork/srv/eng/thesaurus.download?ref=external.theme.httpinspireeceuropaeumetadatacodelistPrioritydataset-Prioritydataset"}
checkxlinkurl.template.feature:22 - path: $, actual: 500, expected: 200, reason: not equal (Integer)
-------
feature call (loop) failed at index: 4
caller: classpath:InspireTest/ngr/datasetrecords/def/checkxlinkurl.template.feature
arg: {"link":"urn:ogc:def:crs:EPSG::5709"}
checkxlinkurl.template.feature:14 - 
org.apache.http.client.ClientProtocolException: URI does not specify a valid host name: urn:ogc:def:crs:EPSG::5709
[1.148:18] check-known-dataset-record.feature:81 - feature call (loop) failed: classpath:InspireTest/ngr/datasetrecords/def/checkxlinkurl.template.feature
caller: classpath:InspireTest/ngr/datasetrecords/check-known-dataset-record.feature
items: [{link=https://www.nationaalgeoregister.nl/geonetwork/srv/dut/catalog.search#/metadata/uwwtd-9d8e-4758-83fa-28b057f185e1}, {link=http://rdfdata.eionet.europa.eu/inspirethemes/themes/24}, {link=http://inspire.ec.europa.eu/metadata-codelist/PriorityDataset#}, {link=https://ngr.geocat.live/geonetwork/srv/eng/thesaurus.download?ref=external.theme.httpinspireeceuropaeumetadatacodelistPrioritydataset-Prioritydataset}, {link=urn:ogc:def:crs:EPSG::5709}]
errors:
-------
feature call (loop) failed at index: 1
caller: classpath:InspireTest/ngr/datasetrecords/def/checkxlinkurl.template.feature
arg: {"link":"http://rdfdata.eionet.europa.eu/inspirethemes/themes/24"}
checkxlinkurl.template.feature:22 - path: $, actual: 404, expected: 200, reason: not equal (Integer)
-------
feature call (loop) failed at index: 3
caller: classpath:InspireTest/ngr/datasetrecords/def/checkxlinkurl.template.feature
arg: {"link":"https://ngr.geocat.live/geonetwork/srv/eng/thesaurus.download?ref=external.theme.httpinspireeceuropaeumetadatacodelistPrioritydataset-Prioritydataset"}
checkxlinkurl.template.feature:22 - path: $, actual: 500, expected: 200, reason: not equal (Integer)
-------
feature call (loop) failed at index: 4
caller: classpath:InspireTest/ngr/datasetrecords/def/checkxlinkurl.template.feature
arg: {"link":"urn:ogc:def:crs:EPSG::5709"}
checkxlinkurl.template.feature:14 - 
org.apache.http.client.ClientProtocolException: URI does not specify a valid host name: urn:ogc:def:crs:EPSG::5709
[1.149:18] check-known-dataset-record.feature:81 - feature call (loop) failed: classpath:InspireTest/ngr/datasetrecords/def/checkxlinkurl.template.feature
caller: classpath:InspireTest/ngr/datasetrecords/check-known-dataset-record.feature
items: [{link=http://kadaster/06b6c650-cdb1-11dd-ad8b-0800200c9a78}]
errors:
-------
feature call (loop) failed at index: 0
caller: classpath:InspireTest/ngr/datasetrecords/def/checkxlinkurl.template.feature
arg: {"link":"http://kadaster/06b6c650-cdb1-11dd-ad8b-0800200c9a78"}
checkxlinkurl.template.feature:14 - 
java.net.UnknownHostException: kadaster
[1.150:18] check-known-dataset-record.feature:81 - feature call (loop) failed: classpath:InspireTest/ngr/datasetrecords/def/checkxlinkurl.template.feature
caller: classpath:InspireTest/ngr/datasetrecords/check-known-dataset-record.feature
items: [{link=http://kadaster/06b6c650-cdb1-11dd-ad8b-0800200c9a77}]
errors:
-------
feature call (loop) failed at index: 0
caller: classpath:InspireTest/ngr/datasetrecords/def/checkxlinkurl.template.feature
arg: {"link":"http://kadaster/06b6c650-cdb1-11dd-ad8b-0800200c9a77"}
checkxlinkurl.template.feature:14 - 
java.net.UnknownHostException: kadaster
[1.151:18] check-known-dataset-record.feature:81 - feature call (loop) failed: classpath:InspireTest/ngr/datasetrecords/def/checkxlinkurl.template.feature
caller: classpath:InspireTest/ngr/datasetrecords/check-known-dataset-record.feature
items: [{link=https://data.rivm.nl/inspire/id#c6d62f69-7be0-4c19-a4af-d146c6a3c166}]
errors:
-------
feature call (loop) failed at index: 0
caller: classpath:InspireTest/ngr/datasetrecords/def/checkxlinkurl.template.feature
arg: {"link":"https://data.rivm.nl/inspire/id#c6d62f69-7be0-4c19-a4af-d146c6a3c166"}
checkxlinkurl.template.feature:14 - 
javax.net.ssl.SSLException: Connection reset
[1.152:18] check-known-dataset-record.feature:81 - feature call (loop) failed: classpath:InspireTest/ngr/datasetrecords/def/checkxlinkurl.template.feature
caller: classpath:InspireTest/ngr/datasetrecords/check-known-dataset-record.feature
items: [{link=https://www.nationaalgeoregister.nl/geonetwork/srv/api/records83dab947-387b-49df-8ad2-32bb10d46d38}]
errors:
-------
feature call (loop) failed at index: 0
caller: classpath:InspireTest/ngr/datasetrecords/def/checkxlinkurl.template.feature
arg: {"link":"https://www.nationaalgeoregister.nl/geonetwork/srv/api/records83dab947-387b-49df-8ad2-32bb10d46d38"}
checkxlinkurl.template.feature:22 - path: $, actual: 500, expected: 200, reason: not equal (Integer)
[1.153:18] check-known-dataset-record.feature:81 - feature call (loop) failed: classpath:InspireTest/ngr/datasetrecords/def/checkxlinkurl.template.feature
caller: classpath:InspireTest/ngr/datasetrecords/check-known-dataset-record.feature
items: [{link=https://data.rivm.nl/inspire/id#4504a4b2-3179-44b3-a5a9-b67b693c514d}]
errors:
-------
feature call (loop) failed at index: 0
caller: classpath:InspireTest/ngr/datasetrecords/def/checkxlinkurl.template.feature
arg: {"link":"https://data.rivm.nl/inspire/id#4504a4b2-3179-44b3-a5a9-b67b693c514d"}
checkxlinkurl.template.feature:14 - 
javax.net.ssl.SSLException: Connection reset
[1.154:18] check-known-dataset-record.feature:81 - feature call (loop) failed: classpath:InspireTest/ngr/datasetrecords/def/checkxlinkurl.template.feature
caller: classpath:InspireTest/ngr/datasetrecords/check-known-dataset-record.feature
items: [{link=http://kadaster/06b6c650-cdb1-11dd-ad8b-0800200c9a75}]
errors:
-------
feature call (loop) failed at index: 0
caller: classpath:InspireTest/ngr/datasetrecords/def/checkxlinkurl.template.feature
arg: {"link":"http://kadaster/06b6c650-cdb1-11dd-ad8b-0800200c9a75"}
checkxlinkurl.template.feature:14 - 
java.net.UnknownHostException: kadaster: Temporary failure in name resolution
[1.155:18] check-known-dataset-record.feature:81 - feature call (loop) failed: classpath:InspireTest/ngr/datasetrecords/def/checkxlinkurl.template.feature
caller: classpath:InspireTest/ngr/datasetrecords/check-known-dataset-record.feature
items: [{link=http://kadaster/2482250f-3b00-4439-9f93-f3118229b014}, {link=}, {link=}, {link=}]
errors:
-------
feature call (loop) failed at index: 0
caller: classpath:InspireTest/ngr/datasetrecords/def/checkxlinkurl.template.feature
arg: {"link":"http://kadaster/2482250f-3b00-4439-9f93-f3118229b014"}
checkxlinkurl.template.feature:14 - 
java.net.UnknownHostException: kadaster
-------
feature call (loop) failed at index: 1
caller: classpath:InspireTest/ngr/datasetrecords/def/checkxlinkurl.template.feature
arg: {"link":""}
checkxlinkurl.template.feature:14 - 
org.apache.http.client.ClientProtocolException
-------
feature call (loop) failed at index: 2
caller: classpath:InspireTest/ngr/datasetrecords/def/checkxlinkurl.template.feature
arg: {"link":""}
checkxlinkurl.template.feature:14 - 
org.apache.http.client.ClientProtocolException
-------
feature call (loop) failed at index: 3
caller: classpath:InspireTest/ngr/datasetrecords/def/checkxlinkurl.template.feature
arg: {"link":""}
checkxlinkurl.template.feature:14 - 
org.apache.http.client.ClientProtocolException
[1.156:18] check-known-dataset-record.feature:81 - feature call (loop) failed: classpath:InspireTest/ngr/datasetrecords/def/checkxlinkurl.template.feature
caller: classpath:InspireTest/ngr/datasetrecords/check-known-dataset-record.feature
items: [{link=http://www.opengis.net/def/crs/EPSG/0/https://www.opengis.net/def/crs/EPSG/0/4258}, {link=https://www.nationaalgeoregister.nl/geonetwork/srv/api/recordse8b84fae-00b3-49c1-80c1-df8f69f64e8c}]
errors:
-------
feature call (loop) failed at index: 1
caller: classpath:InspireTest/ngr/datasetrecords/def/checkxlinkurl.template.feature
arg: {"link":"https://www.nationaalgeoregister.nl/geonetwork/srv/api/recordse8b84fae-00b3-49c1-80c1-df8f69f64e8c"}
checkxlinkurl.template.feature:22 - path: $, actual: 500, expected: 200, reason: not equal (Integer)
[1.158:18] check-known-dataset-record.feature:81 - feature call (loop) failed: classpath:InspireTest/ngr/datasetrecords/def/checkxlinkurl.template.feature
caller: classpath:InspireTest/ngr/datasetrecords/check-known-dataset-record.feature
items: [{link=https://nationaalgeoregister.nl/geonetwork/srv/resources66495385-8f7b-4661-85a7-11a2bbcbb6b9}, {link=http://rdfdata.eionet.europa.eu/inspirethemes/themes/13}, {link=http://geonetwork-opensource.org/inspire-theme#}, {link=https://www.nationaalgeoregister.nl/geonetwork/srv/eng/thesaurus.download?ref=external.theme.inspire-theme}]
errors:
-------
feature call (loop) failed at index: 0
caller: classpath:InspireTest/ngr/datasetrecords/def/checkxlinkurl.template.feature
arg: {"link":"https://nationaalgeoregister.nl/geonetwork/srv/resources66495385-8f7b-4661-85a7-11a2bbcbb6b9"}
checkxlinkurl.template.feature:22 - path: $, actual: 404, expected: 200, reason: not equal (Integer)
-------
feature call (loop) failed at index: 1
caller: classpath:InspireTest/ngr/datasetrecords/def/checkxlinkurl.template.feature
arg: {"link":"http://rdfdata.eionet.europa.eu/inspirethemes/themes/13"}
checkxlinkurl.template.feature:22 - path: $, actual: 404, expected: 200, reason: not equal (Integer)
-------
feature call (loop) failed at index: 2
caller: classpath:InspireTest/ngr/datasetrecords/def/checkxlinkurl.template.feature
arg: {"link":"http://geonetwork-opensource.org/inspire-theme#"}
checkxlinkurl.template.feature:22 - path: $, actual: 404, expected: 200, reason: not equal (Integer)
-------
feature call (loop) failed at index: 3
caller: classpath:InspireTest/ngr/datasetrecords/def/checkxlinkurl.template.feature
arg: {"link":"https://www.nationaalgeoregister.nl/geonetwork/srv/eng/thesaurus.download?ref=external.theme.inspire-theme"}
checkxlinkurl.template.feature:22 - path: $, actual: 500, expected: 200, reason: not equal (Integer)
[1.159:18] check-known-dataset-record.feature:81 - feature call (loop) failed: classpath:InspireTest/ngr/datasetrecords/def/checkxlinkurl.template.feature
caller: classpath:InspireTest/ngr/datasetrecords/check-known-dataset-record.feature
items: [{link=https://www.nationaalgeoregister.nl/geonetwork/srv/dut/catalog.search#/metadata/a1960e70-22f4-4fd9-91a8-b605c6ceda3e}, {link=http://rdfdata.eionet.europa.eu/inspirethemes/themes/24}, {link=http://inspire.ec.europa.eu/metadata-codelist/PriorityDataset#}, {link=https://ngr.geocat.live/geonetwork/srv/eng/thesaurus.download?ref=external.theme.httpinspireeceuropaeumetadatacodelistPrioritydataset-Prioritydataset}]
errors:
-------
feature call (loop) failed at index: 1
caller: classpath:InspireTest/ngr/datasetrecords/def/checkxlinkurl.template.feature
arg: {"link":"http://rdfdata.eionet.europa.eu/inspirethemes/themes/24"}
checkxlinkurl.template.feature:22 - path: $, actual: 404, expected: 200, reason: not equal (Integer)
-------
feature call (loop) failed at index: 3
caller: classpath:InspireTest/ngr/datasetrecords/def/checkxlinkurl.template.feature
arg: {"link":"https://ngr.geocat.live/geonetwork/srv/eng/thesaurus.download?ref=external.theme.httpinspireeceuropaeumetadatacodelistPrioritydataset-Prioritydataset"}
checkxlinkurl.template.feature:22 - path: $, actual: 500, expected: 200, reason: not equal (Integer)
[1.160:18] check-known-dataset-record.feature:81 - feature call (loop) failed: classpath:InspireTest/ngr/datasetrecords/def/checkxlinkurl.template.feature
caller: classpath:InspireTest/ngr/datasetrecords/check-known-dataset-record.feature
items: [{link=http://www.opengis.net/def/crs/EPSG/0/http://www.opengis.net/def/crs/EPSG/0/3034}, {link=http://nationaalgeoregister.nl/geonetwork/srv/dut/csw?SERVICE=CSW&version=2.0.2&REQUEST=GetRecordById&elementSetName=full&OutputSchema=http://www.isotc211.org/2005/gmd&ID=34e6165f-1269-48d1-b255-0f05d163d692}, {link=https://creativecommons.org/publicdomain/mark/*/deed.nl}, {link=}]
errors:
-------
feature call (loop) failed at index: 2
caller: classpath:InspireTest/ngr/datasetrecords/def/checkxlinkurl.template.feature
arg: {"link":"https://creativecommons.org/publicdomain/mark/*/deed.nl"}
checkxlinkurl.template.feature:22 - path: $, actual: 404, expected: 200, reason: not equal (Integer)
-------
feature call (loop) failed at index: 3
caller: classpath:InspireTest/ngr/datasetrecords/def/checkxlinkurl.template.feature
arg: {"link":""}
checkxlinkurl.template.feature:14 - 
org.apache.http.client.ClientProtocolException
[1.161:18] check-known-dataset-record.feature:81 - feature call (loop) failed: classpath:InspireTest/ngr/datasetrecords/def/checkxlinkurl.template.feature
caller: classpath:InspireTest/ngr/datasetrecords/check-known-dataset-record.feature
items: [{link=https://www.nationaalgeoregister.nl/geonetwork/srv/dut/catalog.search#/metadata/krm-a905-9d8e-4758-83fa-28b057f185e3}, {link=http://rdfdata.eionet.europa.eu/inspirethemes/themes/24}, {link=http://inspire.ec.europa.eu/metadata-codelist/PriorityDataset#}, {link=https://ngr.geocat.live/geonetwork/srv/eng/thesaurus.download?ref=external.theme.httpinspireeceuropaeumetadatacodelistPrioritydataset-Prioritydataset}]
errors:
-------
feature call (loop) failed at index: 1
caller: classpath:InspireTest/ngr/datasetrecords/def/checkxlinkurl.template.feature
arg: {"link":"http://rdfdata.eionet.europa.eu/inspirethemes/themes/24"}
checkxlinkurl.template.feature:22 - path: $, actual: 404, expected: 200, reason: not equal (Integer)
-------
feature call (loop) failed at index: 3
caller: classpath:InspireTest/ngr/datasetrecords/def/checkxlinkurl.template.feature
arg: {"link":"https://ngr.geocat.live/geonetwork/srv/eng/thesaurus.download?ref=external.theme.httpinspireeceuropaeumetadatacodelistPrioritydataset-Prioritydataset"}
checkxlinkurl.template.feature:22 - path: $, actual: 500, expected: 200, reason: not equal (Integer)
[1.163:18] check-known-dataset-record.feature:81 - feature call (loop) failed: classpath:InspireTest/ngr/datasetrecords/def/checkxlinkurl.template.feature
caller: classpath:InspireTest/ngr/datasetrecords/check-known-dataset-record.feature
items: [{link=http://www.opengis.net/def/crs/EPSG/0/http://www.opengis.net/def/crs/EPSG/0/3034}, {link=http://nationaalgeoregister.nl/geonetwork/srv/dut/csw?SERVICE=CSW&version=2.0.2&REQUEST=GetRecordById&elementSetName=full&OutputSchema=http://www.isotc211.org/2005/gmd&ID=88f76a94-ee4d-4e0c-9fde-91b692403e39}, {link=https://creativecommons.org/publicdomain/mark/*/deed.nl}, {link=}]
errors:
-------
feature call (loop) failed at index: 2
caller: classpath:InspireTest/ngr/datasetrecords/def/checkxlinkurl.template.feature
arg: {"link":"https://creativecommons.org/publicdomain/mark/*/deed.nl"}
checkxlinkurl.template.feature:22 - path: $, actual: 404, expected: 200, reason: not equal (Integer)
-------
feature call (loop) failed at index: 3
caller: classpath:InspireTest/ngr/datasetrecords/def/checkxlinkurl.template.feature
arg: {"link":""}
checkxlinkurl.template.feature:14 - 
org.apache.http.client.ClientProtocolException
[1.164:18] check-known-dataset-record.feature:81 - feature call (loop) failed: classpath:InspireTest/ngr/datasetrecords/def/checkxlinkurl.template.feature
caller: classpath:InspireTest/ngr/datasetrecords/check-known-dataset-record.feature
items: [{link=http://www.opengis.net/def/crs/EPSG/0/https://www.opengis.net/def/crs/EPSG/0/4258}, {link=https://ngr.acceptatie.nationaalgeoregister.nl/geonetwork/srv/resourcesd7ab6903-1152-450b-b81d-042682dcfd03}]
errors:
-------
feature call (loop) failed at index: 1
caller: classpath:InspireTest/ngr/datasetrecords/def/checkxlinkurl.template.feature
arg: {"link":"https://ngr.acceptatie.nationaalgeoregister.nl/geonetwork/srv/resourcesd7ab6903-1152-450b-b81d-042682dcfd03"}
checkxlinkurl.template.feature:22 - path: $, actual: 404, expected: 200, reason: not equal (Integer)
[1.165:18] check-known-dataset-record.feature:81 - feature call (loop) failed: classpath:InspireTest/ngr/datasetrecords/def/checkxlinkurl.template.feature
caller: classpath:InspireTest/ngr/datasetrecords/check-known-dataset-record.feature
items: [{link=http://kadaster/3bf3f7f3-8ac9-4203-bb95-2c932d5f0f3e}]
errors:
-------
feature call (loop) failed at index: 0
caller: classpath:InspireTest/ngr/datasetrecords/def/checkxlinkurl.template.feature
arg: {"link":"http://kadaster/3bf3f7f3-8ac9-4203-bb95-2c932d5f0f3e"}
checkxlinkurl.template.feature:14 - 
java.net.UnknownHostException: kadaster
[1.166:18] check-known-dataset-record.feature:81 - feature call (loop) failed: classpath:InspireTest/ngr/datasetrecords/def/checkxlinkurl.template.feature
caller: classpath:InspireTest/ngr/datasetrecords/check-known-dataset-record.feature
items: [{link=http://nationaalgeoregister.nl/geonetwork/srv/dut/csw?SERVICE=CSW&version=2.0.2&REQUEST=GetRecordById&elementSetName=full&OutputSchema=http://www.isotc211.org/2005/gmd&ID=bc2c53f6-c908-4d7c-a6c0-78d9a2855640}, {link=https://creativecommons.org/publicdomain/mark/*/deed.nl}, {link=}]
errors:
-------
feature call (loop) failed at index: 1
caller: classpath:InspireTest/ngr/datasetrecords/def/checkxlinkurl.template.feature
arg: {"link":"https://creativecommons.org/publicdomain/mark/*/deed.nl"}
checkxlinkurl.template.feature:22 - path: $, actual: 404, expected: 200, reason: not equal (Integer)
-------
feature call (loop) failed at index: 2
caller: classpath:InspireTest/ngr/datasetrecords/def/checkxlinkurl.template.feature
arg: {"link":""}
checkxlinkurl.template.feature:14 - 
org.apache.http.client.ClientProtocolException
[1.167:18] check-known-dataset-record.feature:81 - feature call (loop) failed: classpath:InspireTest/ngr/datasetrecords/def/checkxlinkurl.template.feature
caller: classpath:InspireTest/ngr/datasetrecords/check-known-dataset-record.feature
items: [{link=http://www.opengis.net/def/crs/EPSG/0/http://www.opengis.net/def/crs/EPSG/0/4258}, {link=http://kadaster/0f9b8c87-80a6-435f-b3b3-e07c3918d344}]
errors:
-------
feature call (loop) failed at index: 1
caller: classpath:InspireTest/ngr/datasetrecords/def/checkxlinkurl.template.feature
arg: {"link":"http://kadaster/0f9b8c87-80a6-435f-b3b3-e07c3918d344"}
checkxlinkurl.template.feature:14 - 
java.net.UnknownHostException: kadaster
[1.168:18] check-known-dataset-record.feature:81 - feature call (loop) failed: classpath:InspireTest/ngr/datasetrecords/def/checkxlinkurl.template.feature
caller: classpath:InspireTest/ngr/datasetrecords/check-known-dataset-record.feature
items: [{link=http://kadaster/2482250f-3b00-4439-9f93-f3118229b020}, {link=}, {link=}, {link=}]
errors:
-------
feature call (loop) failed at index: 0
caller: classpath:InspireTest/ngr/datasetrecords/def/checkxlinkurl.template.feature
arg: {"link":"http://kadaster/2482250f-3b00-4439-9f93-f3118229b020"}
checkxlinkurl.template.feature:14 - 
java.net.UnknownHostException: kadaster
-------
feature call (loop) failed at index: 1
caller: classpath:InspireTest/ngr/datasetrecords/def/checkxlinkurl.template.feature
arg: {"link":""}
checkxlinkurl.template.feature:14 - 
org.apache.http.client.ClientProtocolException
-------
feature call (loop) failed at index: 2
caller: classpath:InspireTest/ngr/datasetrecords/def/checkxlinkurl.template.feature
arg: {"link":""}
checkxlinkurl.template.feature:14 - 
org.apache.http.client.ClientProtocolException
-------
feature call (loop) failed at index: 3
caller: classpath:InspireTest/ngr/datasetrecords/def/checkxlinkurl.template.feature
arg: {"link":""}
checkxlinkurl.template.feature:14 - 
org.apache.http.client.ClientProtocolException
[1.169:18] check-known-dataset-record.feature:81 - feature call (loop) failed: classpath:InspireTest/ngr/datasetrecords/def/checkxlinkurl.template.feature
caller: classpath:InspireTest/ngr/datasetrecords/check-known-dataset-record.feature
items: [{link=http://kadaster/e2318c58-b1e6-4621-9c77-33b8a1fd0124}]
errors:
-------
feature call (loop) failed at index: 0
caller: classpath:InspireTest/ngr/datasetrecords/def/checkxlinkurl.template.feature
arg: {"link":"http://kadaster/e2318c58-b1e6-4621-9c77-33b8a1fd0124"}
checkxlinkurl.template.feature:14 - 
java.net.UnknownHostException: kadaster
[1.170:18] check-known-dataset-record.feature:81 - feature call (loop) failed: classpath:InspireTest/ngr/datasetrecords/def/checkxlinkurl.template.feature
caller: classpath:InspireTest/ngr/datasetrecords/check-known-dataset-record.feature
items: [{link=https://geodata.nationaalgeoregister.nl/cbsgebiedsindelingen/atom/cbsgebiedsindelingen.xml}, {link=}]
errors:
-------
feature call (loop) failed at index: 1
caller: classpath:InspireTest/ngr/datasetrecords/def/checkxlinkurl.template.feature
arg: {"link":""}
checkxlinkurl.template.feature:14 - 
org.apache.http.client.ClientProtocolException
[1.171:18] check-known-dataset-record.feature:81 - feature call (loop) failed: classpath:InspireTest/ngr/datasetrecords/def/checkxlinkurl.template.feature
caller: classpath:InspireTest/ngr/datasetrecords/check-known-dataset-record.feature
items: [{link=https://nationaalgeoregister.nl/geonetwork/srv/resources49e49382-674d-4ce8-9f4a-ba4dd2265eef}, {link=http://rdfdata.eionet.europa.eu/inspirethemes/themes/33}, {link=http://geonetwork-opensource.org/inspire-theme#}, {link=https://www.nationaalgeoregister.nl/geonetwork/srv/eng/thesaurus.download?ref=external.theme.inspire-theme}]
errors:
-------
feature call (loop) failed at index: 0
caller: classpath:InspireTest/ngr/datasetrecords/def/checkxlinkurl.template.feature
arg: {"link":"https://nationaalgeoregister.nl/geonetwork/srv/resources49e49382-674d-4ce8-9f4a-ba4dd2265eef"}
checkxlinkurl.template.feature:22 - path: $, actual: 404, expected: 200, reason: not equal (Integer)
-------
feature call (loop) failed at index: 1
caller: classpath:InspireTest/ngr/datasetrecords/def/checkxlinkurl.template.feature
arg: {"link":"http://rdfdata.eionet.europa.eu/inspirethemes/themes/33"}
checkxlinkurl.template.feature:22 - path: $, actual: 404, expected: 200, reason: not equal (Integer)
-------
feature call (loop) failed at index: 2
caller: classpath:InspireTest/ngr/datasetrecords/def/checkxlinkurl.template.feature
arg: {"link":"http://geonetwork-opensource.org/inspire-theme#"}
checkxlinkurl.template.feature:22 - path: $, actual: 404, expected: 200, reason: not equal (Integer)
-------
feature call (loop) failed at index: 3
caller: classpath:InspireTest/ngr/datasetrecords/def/checkxlinkurl.template.feature
arg: {"link":"https://www.nationaalgeoregister.nl/geonetwork/srv/eng/thesaurus.download?ref=external.theme.inspire-theme"}
checkxlinkurl.template.feature:22 - path: $, actual: 500, expected: 200, reason: not equal (Integer)
[1.173:18] check-known-dataset-record.feature:81 - feature call (loop) failed: classpath:InspireTest/ngr/datasetrecords/def/checkxlinkurl.template.feature
caller: classpath:InspireTest/ngr/datasetrecords/check-known-dataset-record.feature
items: [{link=https://www.nationaalgeoregister.nl/geonetwork/srv/api/records/002d9127-c16d-4b8d-9f5e-102a8c8e36c4}]
errors:
-------
feature call (loop) failed at index: 0
caller: classpath:InspireTest/ngr/datasetrecords/def/checkxlinkurl.template.feature
arg: {"link":"https://www.nationaalgeoregister.nl/geonetwork/srv/api/records/002d9127-c16d-4b8d-9f5e-102a8c8e36c4"}
checkxlinkurl.template.feature:22 - path: $, actual: 400, expected: 200, reason: not equal (Integer)
[1.174:18] check-known-dataset-record.feature:81 - feature call (loop) failed: classpath:InspireTest/ngr/datasetrecords/def/checkxlinkurl.template.feature
caller: classpath:InspireTest/ngr/datasetrecords/check-known-dataset-record.feature
items: [{link=http://services.rce.geovoorziening.nl/www/download/nl.xml}, {link=}, {link=}]
errors:
-------
feature call (loop) failed at index: 1
caller: classpath:InspireTest/ngr/datasetrecords/def/checkxlinkurl.template.feature
arg: {"link":""}
checkxlinkurl.template.feature:14 - 
org.apache.http.client.ClientProtocolException
-------
feature call (loop) failed at index: 2
caller: classpath:InspireTest/ngr/datasetrecords/def/checkxlinkurl.template.feature
arg: {"link":""}
checkxlinkurl.template.feature:14 - 
org.apache.http.client.ClientProtocolException
[1.175:18] check-known-dataset-record.feature:81 - feature call (loop) failed: classpath:InspireTest/ngr/datasetrecords/def/checkxlinkurl.template.feature
caller: classpath:InspireTest/ngr/datasetrecords/check-known-dataset-record.feature
items: [{link=https://data.rivm.nl/inspire?id#505e9f1e-84bc-4856-9771-4295db998bb6}]
errors:
-------
feature call (loop) failed at index: 0
caller: classpath:InspireTest/ngr/datasetrecords/def/checkxlinkurl.template.feature
arg: {"link":"https://data.rivm.nl/inspire?id#505e9f1e-84bc-4856-9771-4295db998bb6"}
checkxlinkurl.template.feature:22 - path: $, actual: 404, expected: 200, reason: not equal (Integer)
[1.176:18] check-known-dataset-record.feature:81 - feature call (loop) failed: classpath:InspireTest/ngr/datasetrecords/def/checkxlinkurl.template.feature
caller: classpath:InspireTest/ngr/datasetrecords/check-known-dataset-record.feature
items: [{link=https://data.rivm.nl/inspire/id#df9bc66f-941b-4c38-a104-1b8d940a53db}]
errors:
-------
feature call (loop) failed at index: 0
caller: classpath:InspireTest/ngr/datasetrecords/def/checkxlinkurl.template.feature
arg: {"link":"https://data.rivm.nl/inspire/id#df9bc66f-941b-4c38-a104-1b8d940a53db"}
checkxlinkurl.template.feature:14 - 
javax.net.ssl.SSLException: Connection reset
[1.178:18] check-known-dataset-record.feature:81 - feature call (loop) failed: classpath:InspireTest/ngr/datasetrecords/def/checkxlinkurl.template.feature
caller: classpath:InspireTest/ngr/datasetrecords/check-known-dataset-record.feature
items: [{link=http://www.opengis.net/def/crs/EPSG/0/http://www.opengis.net/def/crs/EPSG/0/4258}, {link=http://kadaster/3b7bb05b-2d2e-4329-9a72-0eac19e315de}]
errors:
-------
feature call (loop) failed at index: 1
caller: classpath:InspireTest/ngr/datasetrecords/def/checkxlinkurl.template.feature
arg: {"link":"http://kadaster/3b7bb05b-2d2e-4329-9a72-0eac19e315de"}
checkxlinkurl.template.feature:14 - 
java.net.UnknownHostException: kadaster
[1.179:18] check-known-dataset-record.feature:81 - feature call (loop) failed: classpath:InspireTest/ngr/datasetrecords/def/checkxlinkurl.template.feature
caller: classpath:InspireTest/ngr/datasetrecords/check-known-dataset-record.feature
items: [{link=http://inspire.rdw.nl/www/download/Licentie-Geogedeeld-RDW.pdf}, {link=}]
errors:
-------
feature call (loop) failed at index: 1
caller: classpath:InspireTest/ngr/datasetrecords/def/checkxlinkurl.template.feature
arg: {"link":""}
checkxlinkurl.template.feature:14 - 
org.apache.http.client.ClientProtocolException
[1.180:18] check-known-dataset-record.feature:81 - feature call (loop) failed: classpath:InspireTest/ngr/datasetrecords/def/checkxlinkurl.template.feature
caller: classpath:InspireTest/ngr/datasetrecords/check-known-dataset-record.feature
items: [{link=https://data.rivm.nl/inspire/id#a3b9f437-f571-4a00-b3c3-58e4354c244f}]
errors:
-------
feature call (loop) failed at index: 0
caller: classpath:InspireTest/ngr/datasetrecords/def/checkxlinkurl.template.feature
arg: {"link":"https://data.rivm.nl/inspire/id#a3b9f437-f571-4a00-b3c3-58e4354c244f"}
checkxlinkurl.template.feature:14 - 
javax.net.ssl.SSLException: Connection reset
[1.181:18] check-known-dataset-record.feature:81 - feature call (loop) failed: classpath:InspireTest/ngr/datasetrecords/def/checkxlinkurl.template.feature
caller: classpath:InspireTest/ngr/datasetrecords/check-known-dataset-record.feature
items: [{link=https://www.nationaalgeoregister.nl/geonetwork/srv/dut/catalog.search#/metadata/68ebd5c9-0ea1-4f22-9907-ec4c063cd3e2}, {link=http://rdfdata.eionet.europa.eu/inspirethemes/themes/20}, {link=urn:ogc:def:crs:EPSG::5709}]
errors:
-------
feature call (loop) failed at index: 1
caller: classpath:InspireTest/ngr/datasetrecords/def/checkxlinkurl.template.feature
arg: {"link":"http://rdfdata.eionet.europa.eu/inspirethemes/themes/20"}
checkxlinkurl.template.feature:22 - path: $, actual: 404, expected: 200, reason: not equal (Integer)
-------
feature call (loop) failed at index: 2
caller: classpath:InspireTest/ngr/datasetrecords/def/checkxlinkurl.template.feature
arg: {"link":"urn:ogc:def:crs:EPSG::5709"}
checkxlinkurl.template.feature:14 - 
org.apache.http.client.ClientProtocolException: URI does not specify a valid host name: urn:ogc:def:crs:EPSG::5709
[1.182:18] check-known-dataset-record.feature:81 - feature call (loop) failed: classpath:InspireTest/ngr/datasetrecords/def/checkxlinkurl.template.feature
caller: classpath:InspireTest/ngr/datasetrecords/check-known-dataset-record.feature
items: [{link=http://www.opengis.net/def/crs/EPSG/0/NAP}, {link=https://ngr.acceptatie.nationaalgeoregister.nl/geonetwork/srv/resourcesddf87610-2724-11e2-81c1-0800200c9a66}]
errors:
-------
feature call (loop) failed at index: 1
caller: classpath:InspireTest/ngr/datasetrecords/def/checkxlinkurl.template.feature
arg: {"link":"https://ngr.acceptatie.nationaalgeoregister.nl/geonetwork/srv/resourcesddf87610-2724-11e2-81c1-0800200c9a66"}
checkxlinkurl.template.feature:22 - path: $, actual: 404, expected: 200, reason: not equal (Integer)
[1.183:18] check-known-dataset-record.feature:81 - feature call (loop) failed: classpath:InspireTest/ngr/datasetrecords/def/checkxlinkurl.template.feature
caller: classpath:InspireTest/ngr/datasetrecords/check-known-dataset-record.feature
items: [{link=http://www.opengis.net/def/crs/EPSG/0/ETRS89}, {link=https://www.nationaalgeoregister.nl/geonetwork/srv/api/records07575774-57a1-4419-bab4-6c88fdeb02b2}]
errors:
-------
feature call (loop) failed at index: 1
caller: classpath:InspireTest/ngr/datasetrecords/def/checkxlinkurl.template.feature
arg: {"link":"https://www.nationaalgeoregister.nl/geonetwork/srv/api/records07575774-57a1-4419-bab4-6c88fdeb02b2"}
checkxlinkurl.template.feature:22 - path: $, actual: 500, expected: 200, reason: not equal (Integer)
[1.184:18] check-known-dataset-record.feature:81 - feature call (loop) failed: classpath:InspireTest/ngr/datasetrecords/def/checkxlinkurl.template.feature
caller: classpath:InspireTest/ngr/datasetrecords/check-known-dataset-record.feature
items: [{link=}]
errors:
-------
feature call (loop) failed at index: 0
caller: classpath:InspireTest/ngr/datasetrecords/def/checkxlinkurl.template.feature
arg: {"link":""}
checkxlinkurl.template.feature:14 - 
org.apache.http.client.ClientProtocolException
[1.185:18] check-known-dataset-record.feature:81 - feature call (loop) failed: classpath:InspireTest/ngr/datasetrecords/def/checkxlinkurl.template.feature
caller: classpath:InspireTest/ngr/datasetrecords/check-known-dataset-record.feature
items: [{link=https://data.rivm.nl/inspire/id#a98a6cdb-61cd-4107-b775-2334e6772ed5}]
errors:
-------
feature call (loop) failed at index: 0
caller: classpath:InspireTest/ngr/datasetrecords/def/checkxlinkurl.template.feature
arg: {"link":"https://data.rivm.nl/inspire/id#a98a6cdb-61cd-4107-b775-2334e6772ed5"}
checkxlinkurl.template.feature:14 - 
javax.net.ssl.SSLException: Connection reset
[1.186:18] check-known-dataset-record.feature:81 - feature call (loop) failed: classpath:InspireTest/ngr/datasetrecords/def/checkxlinkurl.template.feature
caller: classpath:InspireTest/ngr/datasetrecords/check-known-dataset-record.feature
items: [{link=http://kadaster/2482250f-3b00-4439-9f93-f3118229b024}, {link=}, {link=}, {link=}]
errors:
-------
feature call (loop) failed at index: 0
caller: classpath:InspireTest/ngr/datasetrecords/def/checkxlinkurl.template.feature
arg: {"link":"http://kadaster/2482250f-3b00-4439-9f93-f3118229b024"}
checkxlinkurl.template.feature:14 - 
java.net.UnknownHostException: kadaster: Temporary failure in name resolution
-------
feature call (loop) failed at index: 1
caller: classpath:InspireTest/ngr/datasetrecords/def/checkxlinkurl.template.feature
arg: {"link":""}
checkxlinkurl.template.feature:14 - 
org.apache.http.client.ClientProtocolException
-------
feature call (loop) failed at index: 2
caller: classpath:InspireTest/ngr/datasetrecords/def/checkxlinkurl.template.feature
arg: {"link":""}
checkxlinkurl.template.feature:14 - 
org.apache.http.client.ClientProtocolException
-------
feature call (loop) failed at index: 3
caller: classpath:InspireTest/ngr/datasetrecords/def/checkxlinkurl.template.feature
arg: {"link":""}
checkxlinkurl.template.feature:14 - 
org.apache.http.client.ClientProtocolException
[1.187:18] check-known-dataset-record.feature:81 - feature call (loop) failed: classpath:InspireTest/ngr/datasetrecords/def/checkxlinkurl.template.feature
caller: classpath:InspireTest/ngr/datasetrecords/check-known-dataset-record.feature
items: [{link=https://data.rivm.nl/inspire/id#b867ba72-5a7c-41fe-b997-394b56dfbd25}]
errors:
-------
feature call (loop) failed at index: 0
caller: classpath:InspireTest/ngr/datasetrecords/def/checkxlinkurl.template.feature
arg: {"link":"https://data.rivm.nl/inspire/id#b867ba72-5a7c-41fe-b997-394b56dfbd25"}
checkxlinkurl.template.feature:14 - 
javax.net.ssl.SSLException: Connection reset
[1.188:18] check-known-dataset-record.feature:81 - feature call (loop) failed: classpath:InspireTest/ngr/datasetrecords/def/checkxlinkurl.template.feature
caller: classpath:InspireTest/ngr/datasetrecords/check-known-dataset-record.feature
items: [{link=https://nationaalgeoregister.nl/geonetwork/srv/resources8bdf76b6-c9c9-4011-a7bc-022ae14a4024}, {link=http://rdfdata.eionet.europa.eu/inspirethemes/themes/24}, {link=http://geonetwork-opensource.org/inspire-theme#}, {link=https://www.nationaalgeoregister.nl/geonetwork/srv/eng/thesaurus.download?ref=external.theme.inspire-theme}]
errors:
-------
feature call (loop) failed at index: 0
caller: classpath:InspireTest/ngr/datasetrecords/def/checkxlinkurl.template.feature
arg: {"link":"https://nationaalgeoregister.nl/geonetwork/srv/resources8bdf76b6-c9c9-4011-a7bc-022ae14a4024"}
checkxlinkurl.template.feature:22 - path: $, actual: 404, expected: 200, reason: not equal (Integer)
-------
feature call (loop) failed at index: 1
caller: classpath:InspireTest/ngr/datasetrecords/def/checkxlinkurl.template.feature
arg: {"link":"http://rdfdata.eionet.europa.eu/inspirethemes/themes/24"}
checkxlinkurl.template.feature:22 - path: $, actual: 404, expected: 200, reason: not equal (Integer)
-------
feature call (loop) failed at index: 2
caller: classpath:InspireTest/ngr/datasetrecords/def/checkxlinkurl.template.feature
arg: {"link":"http://geonetwork-opensource.org/inspire-theme#"}
checkxlinkurl.template.feature:22 - path: $, actual: 404, expected: 200, reason: not equal (Integer)
-------
feature call (loop) failed at index: 3
caller: classpath:InspireTest/ngr/datasetrecords/def/checkxlinkurl.template.feature
arg: {"link":"https://www.nationaalgeoregister.nl/geonetwork/srv/eng/thesaurus.download?ref=external.theme.inspire-theme"}
checkxlinkurl.template.feature:22 - path: $, actual: 500, expected: 200, reason: not equal (Integer)
[1.190:18] check-known-dataset-record.feature:81 - feature call (loop) failed: classpath:InspireTest/ngr/datasetrecords/def/checkxlinkurl.template.feature
caller: classpath:InspireTest/ngr/datasetrecords/check-known-dataset-record.feature
items: [{link=}]
errors:
-------
feature call (loop) failed at index: 0
caller: classpath:InspireTest/ngr/datasetrecords/def/checkxlinkurl.template.feature
arg: {"link":""}
checkxlinkurl.template.feature:14 - 
org.apache.http.client.ClientProtocolException
[1.191:18] check-known-dataset-record.feature:81 - feature call (loop) failed: classpath:InspireTest/ngr/datasetrecords/def/checkxlinkurl.template.feature
caller: classpath:InspireTest/ngr/datasetrecords/check-known-dataset-record.feature
items: [{link=https://data.rivm.nl/inspire/id#10fcd5a9-3804-48e3-bcbd-d816594dbb6f}]
errors:
-------
feature call (loop) failed at index: 0
caller: classpath:InspireTest/ngr/datasetrecords/def/checkxlinkurl.template.feature
arg: {"link":"https://data.rivm.nl/inspire/id#10fcd5a9-3804-48e3-bcbd-d816594dbb6f"}
checkxlinkurl.template.feature:14 - 
javax.net.ssl.SSLException: Connection reset
[1.192:18] check-known-dataset-record.feature:81 - feature call (loop) failed: classpath:InspireTest/ngr/datasetrecords/def/checkxlinkurl.template.feature
caller: classpath:InspireTest/ngr/datasetrecords/check-known-dataset-record.feature
items: [{link=https://www.nationaalgeoregister.nl/geonetwork/srv/api/records6c6be9c5-b09b-4dcf-a5fd-f149cbaca6fb}, {link=https://creativecommons.org/publicdomain/zero/*/deed.nl}]
errors:
-------
feature call (loop) failed at index: 0
caller: classpath:InspireTest/ngr/datasetrecords/def/checkxlinkurl.template.feature
arg: {"link":"https://www.nationaalgeoregister.nl/geonetwork/srv/api/records6c6be9c5-b09b-4dcf-a5fd-f149cbaca6fb"}
checkxlinkurl.template.feature:22 - path: $, actual: 500, expected: 200, reason: not equal (Integer)
-------
feature call (loop) failed at index: 1
caller: classpath:InspireTest/ngr/datasetrecords/def/checkxlinkurl.template.feature
arg: {"link":"https://creativecommons.org/publicdomain/zero/*/deed.nl"}
checkxlinkurl.template.feature:22 - path: $, actual: 404, expected: 200, reason: not equal (Integer)
[1.193:18] check-known-dataset-record.feature:81 - feature call (loop) failed: classpath:InspireTest/ngr/datasetrecords/def/checkxlinkurl.template.feature
caller: classpath:InspireTest/ngr/datasetrecords/check-known-dataset-record.feature
items: [{link=u}, {link=r}, {link=n}, {link=:}, {link=o}, {link=g}, {link=c}, {link=:}, {link=d}, {link=e}, {link=f}, {link=:}, {link=c}, {link=r}, {link=s}, {link=:}, {link=E}, {link=P}, {link=S}, {link=G}, {link=:}, {link=:}, {link=5}, {link=6}, {link=2}, {link=1}]
errors:
-------
feature call (loop) failed at index: 0
caller: classpath:InspireTest/ngr/datasetrecords/def/checkxlinkurl.template.feature
arg: {"link":"u"}
checkxlinkurl.template.feature:14 - 
org.apache.http.client.ClientProtocolException
-------
feature call (loop) failed at index: 1
caller: classpath:InspireTest/ngr/datasetrecords/def/checkxlinkurl.template.feature
arg: {"link":"r"}
checkxlinkurl.template.feature:14 - 
org.apache.http.client.ClientProtocolException
-------
feature call (loop) failed at index: 2
caller: classpath:InspireTest/ngr/datasetrecords/def/checkxlinkurl.template.feature
arg: {"link":"n"}
checkxlinkurl.template.feature:14 - 
org.apache.http.client.ClientProtocolException
-------
feature call (loop) failed at index: 3
caller: classpath:InspireTest/ngr/datasetrecords/def/checkxlinkurl.template.feature
arg: {"link":":"}
checkxlinkurl.template.feature:14 - java.net.URISyntaxException: Expected scheme name at index 0: :
-------
feature call (loop) failed at index: 4
caller: classpath:InspireTest/ngr/datasetrecords/def/checkxlinkurl.template.feature
arg: {"link":"o"}
checkxlinkurl.template.feature:14 - 
org.apache.http.client.ClientProtocolException
-------
feature call (loop) failed at index: 5
caller: classpath:InspireTest/ngr/datasetrecords/def/checkxlinkurl.template.feature
arg: {"link":"g"}
checkxlinkurl.template.feature:14 - 
org.apache.http.client.ClientProtocolException
-------
feature call (loop) failed at index: 6
caller: classpath:InspireTest/ngr/datasetrecords/def/checkxlinkurl.template.feature
arg: {"link":"c"}
checkxlinkurl.template.feature:14 - 
org.apache.http.client.ClientProtocolException
-------
feature call (loop) failed at index: 7
caller: classpath:InspireTest/ngr/datasetrecords/def/checkxlinkurl.template.feature
arg: {"link":":"}
checkxlinkurl.template.feature:14 - java.net.URISyntaxException: Expected scheme name at index 0: :
-------
feature call (loop) failed at index: 8
caller: classpath:InspireTest/ngr/datasetrecords/def/checkxlinkurl.template.feature
arg: {"link":"d"}
checkxlinkurl.template.feature:14 - 
org.apache.http.client.ClientProtocolException
-------
feature call (loop) failed at index: 9
caller: classpath:InspireTest/ngr/datasetrecords/def/checkxlinkurl.template.feature
arg: {"link":"e"}
checkxlinkurl.template.feature:14 - 
org.apache.http.client.ClientProtocolException
-------
feature call (loop) failed at index: 10
caller: classpath:InspireTest/ngr/datasetrecords/def/checkxlinkurl.template.feature
arg: {"link":"f"}
checkxlinkurl.template.feature:14 - 
org.apache.http.client.ClientProtocolException
-------
feature call (loop) failed at index: 11
caller: classpath:InspireTest/ngr/datasetrecords/def/checkxlinkurl.template.feature
arg: {"link":":"}
checkxlinkurl.template.feature:14 - java.net.URISyntaxException: Expected scheme name at index 0: :
-------
feature call (loop) failed at index: 12
caller: classpath:InspireTest/ngr/datasetrecords/def/checkxlinkurl.template.feature
arg: {"link":"c"}
checkxlinkurl.template.feature:14 - 
org.apache.http.client.ClientProtocolException
-------
feature call (loop) failed at index: 13
caller: classpath:InspireTest/ngr/datasetrecords/def/checkxlinkurl.template.feature
arg: {"link":"r"}
checkxlinkurl.template.feature:14 - 
org.apache.http.client.ClientProtocolException
-------
feature call (loop) failed at index: 14
caller: classpath:InspireTest/ngr/datasetrecords/def/checkxlinkurl.template.feature
arg: {"link":"s"}
checkxlinkurl.template.feature:14 - 
org.apache.http.client.ClientProtocolException
-------
feature call (loop) failed at index: 15
caller: classpath:InspireTest/ngr/datasetrecords/def/checkxlinkurl.template.feature
arg: {"link":":"}
checkxlinkurl.template.feature:14 - java.net.URISyntaxException: Expected scheme name at index 0: :
-------
feature call (loop) failed at index: 16
caller: classpath:InspireTest/ngr/datasetrecords/def/checkxlinkurl.template.feature
arg: {"link":"E"}
checkxlinkurl.template.feature:14 - 
org.apache.http.client.ClientProtocolException
-------
feature call (loop) failed at index: 17
caller: classpath:InspireTest/ngr/datasetrecords/def/checkxlinkurl.template.feature
arg: {"link":"P"}
checkxlinkurl.template.feature:14 - 
org.apache.http.client.ClientProtocolException
-------
feature call (loop) failed at index: 18
caller: classpath:InspireTest/ngr/datasetrecords/def/checkxlinkurl.template.feature
arg: {"link":"S"}
checkxlinkurl.template.feature:14 - 
org.apache.http.client.ClientProtocolException
-------
feature call (loop) failed at index: 19
caller: classpath:InspireTest/ngr/datasetrecords/def/checkxlinkurl.template.feature
arg: {"link":"G"}
checkxlinkurl.template.feature:14 - 
org.apache.http.client.ClientProtocolException
-------
feature call (loop) failed at index: 20
caller: classpath:InspireTest/ngr/datasetrecords/def/checkxlinkurl.template.feature
arg: {"link":":"}
checkxlinkurl.template.feature:14 - java.net.URISyntaxException: Expected scheme name at index 0: :
-------
feature call (loop) failed at index: 21
caller: classpath:InspireTest/ngr/datasetrecords/def/checkxlinkurl.template.feature
arg: {"link":":"}
checkxlinkurl.template.feature:14 - java.net.URISyntaxException: Expected scheme name at index 0: :
-------
feature call (loop) failed at index: 22
caller: classpath:InspireTest/ngr/datasetrecords/def/checkxlinkurl.template.feature
arg: {"link":"5"}
checkxlinkurl.template.feature:14 - 
org.apache.http.client.ClientProtocolException
-------
feature call (loop) failed at index: 23
caller: classpath:InspireTest/ngr/datasetrecords/def/checkxlinkurl.template.feature
arg: {"link":"6"}
checkxlinkurl.template.feature:14 - 
org.apache.http.client.ClientProtocolException
-------
feature call (loop) failed at index: 24
caller: classpath:InspireTest/ngr/datasetrecords/def/checkxlinkurl.template.feature
arg: {"link":"2"}
checkxlinkurl.template.feature:14 - 
org.apache.http.client.ClientProtocolException
-------
feature call (loop) failed at index: 25
caller: classpath:InspireTest/ngr/datasetrecords/def/checkxlinkurl.template.feature
arg: {"link":"1"}
checkxlinkurl.template.feature:14 - 
org.apache.http.client.ClientProtocolException
[1.194:18] check-known-dataset-record.feature:81 - feature call (loop) failed: classpath:InspireTest/ngr/datasetrecords/def/checkxlinkurl.template.feature
caller: classpath:InspireTest/ngr/datasetrecords/check-known-dataset-record.feature
items: [{link=http://www.opengis.net/def/crs/EPSG/0/https://www.opengis.net/def/crs/EPSG/0/4258}, {link=https://www.nationaalgeoregister.nl/geonetwork/srv/api/recordsf44dac86-2228-412f-8355-e56446ca9933}, {link=www.hydro.nl}]
errors:
-------
feature call (loop) failed at index: 1
caller: classpath:InspireTest/ngr/datasetrecords/def/checkxlinkurl.template.feature
arg: {"link":"https://www.nationaalgeoregister.nl/geonetwork/srv/api/recordsf44dac86-2228-412f-8355-e56446ca9933"}
checkxlinkurl.template.feature:22 - path: $, actual: 500, expected: 200, reason: not equal (Integer)
-------
feature call (loop) failed at index: 2
caller: classpath:InspireTest/ngr/datasetrecords/def/checkxlinkurl.template.feature
arg: {"link":"www.hydro.nl"}
checkxlinkurl.template.feature:14 - 
org.apache.http.client.ClientProtocolException
[1.195:18] check-known-dataset-record.feature:81 - feature call (loop) failed: classpath:InspireTest/ngr/datasetrecords/def/checkxlinkurl.template.feature
caller: classpath:InspireTest/ngr/datasetrecords/check-known-dataset-record.feature
items: [{link=http://kadaster/2482250f-3b00-4439-9f93-f3118229b023}, {link=}, {link=}, {link=}]
errors:
-------
feature call (loop) failed at index: 0
caller: classpath:InspireTest/ngr/datasetrecords/def/checkxlinkurl.template.feature
arg: {"link":"http://kadaster/2482250f-3b00-4439-9f93-f3118229b023"}
checkxlinkurl.template.feature:14 - 
java.net.UnknownHostException: kadaster
-------
feature call (loop) failed at index: 1
caller: classpath:InspireTest/ngr/datasetrecords/def/checkxlinkurl.template.feature
arg: {"link":""}
checkxlinkurl.template.feature:14 - 
org.apache.http.client.ClientProtocolException
-------
feature call (loop) failed at index: 2
caller: classpath:InspireTest/ngr/datasetrecords/def/checkxlinkurl.template.feature
arg: {"link":""}
checkxlinkurl.template.feature:14 - 
org.apache.http.client.ClientProtocolException
-------
feature call (loop) failed at index: 3
caller: classpath:InspireTest/ngr/datasetrecords/def/checkxlinkurl.template.feature
arg: {"link":""}
checkxlinkurl.template.feature:14 - 
org.apache.http.client.ClientProtocolException
[1.196:18] check-known-dataset-record.feature:81 - feature call (loop) failed: classpath:InspireTest/ngr/datasetrecords/def/checkxlinkurl.template.feature
caller: classpath:InspireTest/ngr/datasetrecords/check-known-dataset-record.feature
items: [{link=http://nationaalgeoregister.nl/geonetwork/srv/dut/catalog.search#/metadata/280ed37a-b8d2-4ac5-8567-04d84fad3a41}, {link=https://creativecommons.org/publicdomain/mark/*/deed.nl}, {link=https://data.overheid.nl/organisatie/PDOK}]
errors:
-------
feature call (loop) failed at index: 1
caller: classpath:InspireTest/ngr/datasetrecords/def/checkxlinkurl.template.feature
arg: {"link":"https://creativecommons.org/publicdomain/mark/*/deed.nl"}
checkxlinkurl.template.feature:22 - path: $, actual: 404, expected: 200, reason: not equal (Integer)
-------
feature call (loop) failed at index: 2
caller: classpath:InspireTest/ngr/datasetrecords/def/checkxlinkurl.template.feature
arg: {"link":"https://data.overheid.nl/organisatie/PDOK"}
checkxlinkurl.template.feature:22 - path: $, actual: 404, expected: 200, reason: not equal (Integer)
 ==> expected: <0> but was: <180>
	at InspireTest.TestAll.testParallel(InspireTest.java:27)
]]></failure>
    <system-out><![CDATA[15:19:18.886 [main] INFO  com.intuit.karate.Runner - waiting for parallel features to complete ...
15:19:19.158 [pool-1-thread-2] INFO  com.intuit.karate - karate.env system property was:  
15:19:19.164 [ForkJoinPool-1-worker-7] INFO  com.intuit.karate - karate.env system property was:  
15:19:19.162 [ForkJoinPool-1-worker-5] INFO  com.intuit.karate - karate.env system property was:  
15:19:19.164 [pool-1-thread-6] INFO  com.intuit.karate - karate.env system property was:  
15:19:19.170 [pool-1-thread-1] INFO  com.intuit.karate - karate.env system property was:  
15:19:19.167 [ForkJoinPool-1-worker-3] INFO  com.intuit.karate - karate.env system property was:  
15:19:19.352 [pool-1-thread-2] INFO  com.intuit.karate - >> lock acquired, begin callonce: read('def/getcswbriefrecords.feature')
15:19:19.436 [pool-1-thread-6] INFO  com.intuit.karate - >> lock acquired, begin callonce: read('def/writedatasetcsvheader.template.feature')
15:19:19.500 [pool-1-thread-6] INFO  com.intuit.karate - [print] "datasetIdentifierCode","title","organisationName","email",
15:19:19.536 [pool-1-thread-6] INFO  com.intuit.karate - << lock released, cached callonce: read('def/writedatasetcsvheader.template.feature')
15:19:19.537 [pool-1-thread-6] INFO  com.intuit.karate - >> lock acquired, begin callonce: read('def/getdataset.template.feature')
15:19:19.582 [ForkJoinPool-1-worker-9] INFO  com.intuit.karate - [print] [
  "http://creativecommons.org/licenses/by/3.0/deed.nl"
]

15:19:19.604 [ForkJoinPool-1-worker-11] INFO  com.intuit.karate - [print] [
  "http://creativecommons.org/licenses/by/3.0/nl/"
]

15:19:19.628 [ForkJoinPool-1-worker-13] INFO  com.intuit.karate - [print] [
  "http://creativecommons.org/licenses/by/4.0/deed.nl"
]

15:19:19.685 [ForkJoinPool-1-worker-13] INFO  com.intuit.karate - [print]
15:19:19.687 [ForkJoinPool-1-worker-11] INFO  com.intuit.karate - [print]
15:19:19.712 [ForkJoinPool-1-worker-11] INFO  com.intuit.karate - [print] testing xlinkurl:http://creativecommons.org/licenses/by/3.0/nl/
15:19:19.714 [ForkJoinPool-1-worker-9] INFO  com.intuit.karate - [print]
15:19:19.715 [ForkJoinPool-1-worker-9] INFO  com.intuit.karate - [print] testing xlinkurl:http://creativecommons.org/licenses/by/3.0/deed.nl
15:19:19.716 [ForkJoinPool-1-worker-13] INFO  com.intuit.karate - [print] testing xlinkurl:http://creativecommons.org/licenses/by/4.0/deed.nl
15:19:19.949 [ForkJoinPool-1-worker-3] INFO  com.intuit.karate - [print] [
  "http://creativecommons.org/publicdomain/mark/1.0/deed.nl"
]

15:19:19.984 [ForkJoinPool-1-worker-7] INFO  com.intuit.karate - [print] [
  "http://creativecommons.org/publicdomain/zero/1.0/deed.nl"
]

15:19:19.985 [ForkJoinPool-1-worker-3] INFO  com.intuit.karate - [print]
15:19:19.986 [ForkJoinPool-1-worker-3] INFO  com.intuit.karate - [print] testing xlinkurl:http://creativecommons.org/publicdomain/mark/1.0/deed.nl
15:19:20.023 [ForkJoinPool-1-worker-7] INFO  com.intuit.karate - [print]
15:19:20.024 [ForkJoinPool-1-worker-7] INFO  com.intuit.karate - [print] testing xlinkurl:http://creativecommons.org/publicdomain/zero/1.0/deed.nl
15:19:20.055 [pool-1-thread-6] INFO  com.intuit.karate - << lock released, cached callonce: read('def/getdataset.template.feature')
15:19:20.093 [ForkJoinPool-1-worker-13] INFO  com.intuit.karate - [print] [
  "http://data.europa.eu/eli/reg/2010/1089"
]

15:19:20.097 [ForkJoinPool-1-worker-11] INFO  com.intuit.karate - [print] [
  "http://inspire.ec.europa.eu/applicationschema"
]

15:19:20.101 [ForkJoinPool-1-worker-9] INFO  com.intuit.karate - [print] [
  "http://inspire.ec.europa.eu/applicationschema/of"
]

15:19:20.082 [pool-1-thread-6] INFO  com.intuit.karate - [print] {
  "responseTime": 468,
  "callheaderresult": {
    "__arg": null,
    "line": "\"datasetIdentifierCode\",\"title\",\"organisationName\",\"email\",",
    "env": "dev",
    "myVarName": "someValue",
    "knownlinks": [
      "http://creativecommons.org/licenses/by/3.0/deed.nl",
      "http://creativecommons.org/licenses/by/3.0/nl/",
      "http://creativecommons.org/licenses/by/4.0/deed.nl",
      "http://creativecommons.org/publicdomain/mark/1.0/deed.nl",
      "http://creativecommons.org/publicdomain/zero/1.0/deed.nl",
      "http://data.europa.eu/eli/reg/2010/1089",
      "http://inspire.ec.europa.eu/applicationschema",
      "http://inspire.ec.europa.eu/applicationschema/of",
      "http://inspire.ec.europa.eu/id/document/tg/am",
      "http://inspire.ec.europa.eu/id/document/tg/au",
      "http://inspire.ec.europa.eu/id/document/tg/ef",
      "http://inspire.ec.europa.eu/id/document/tg/el",
      "http://inspire.ec.europa.eu/id/document/tg/hh",
      "http://inspire.ec.europa.eu/id/document/tg/hy",
      "http://inspire.ec.europa.eu/id/document/tg/nz",
      "http://inspire.ec.europa.eu/id/document/tg/of",
      "http://inspire.ec.europa.eu/id/document/tg/pf",
      "http://inspire.ec.europa.eu/id/document/tg/ps",
      "http://inspire.ec.europa.eu/id/document/tg/tn",
      "http://inspire.ec.europa.eu/id/document/tg/us",
      "http://inspire.ec.europa.eu/media-types/application/x-shapefile",
      "http://inspire.ec.europa.eu/metadata-codelist/ConditionsApplyingToAccessAndUse/noConditionsApply",
      "http://inspire.ec.europa.eu/metadata-codelist/LimitationsOnPublicAccess/INSPIRE_Directive_Article13_1f",
      "http://inspire.ec.europa.eu/metadata-codelist/LimitationsOnPublicAccess/noLimitations",
      "http://inspire.ec.europa.eu/metadata-codelist/OnLineDescriptionCode/accessPoint",
      "http://inspire.ec.europa.eu/metadata-codelist/OnLineDescriptionCode/endPoint",
      "http://inspire.ec.europa.eu/metadata-codelist/PriorityDataset",
      "http://inspire.ec.europa.eu/metadata-codelist/PriorityDataset/ActualPollutantReleases-reg-2006-166",
      "http://inspire.ec.europa.eu/metadata-codelist/PriorityDataset/Agglomerations-dir-1991-271",
      "http://inspire.ec.europa.eu/metadata-codelist/PriorityDataset/BirdSpeciesDistribution-dir-2009-147",
      "http://inspire.ec.europa.eu/metadata-codelist/PriorityDataset/BirdsRange-dir-2009-147",
      "http://inspire.ec.europa.eu/metadata-codelist/PriorityDataset/CoastalWaters-dir-2000-60",
      "http://inspire.ec.europa.eu/metadata-codelist/PriorityDataset/DischargePointsToReceivingWaters-dir-1991-271",
      "http://inspire.ec.europa.eu/metadata-codelist/PriorityDataset/DrinkingWaterAbstractionPoints-dir-1998-83",
      "http://inspire.ec.europa.eu/metadata-codelist/PriorityDataset/EstablishmentsInvolvingDangerousSubstances-dir-2012-18",
      "http://inspire.ec.europa.eu/metadata-codelist/PriorityDataset/FloodedAreas-dir-2007-60",
      "http://inspire.ec.europa.eu/metadata-codelist/PriorityDataset/FloodRiskZones-dir-2007-60",
      "http://inspire.ec.europa.eu/metadata-codelist/PriorityDataset/HabitatTypesDistribution-dir-1992-43",
      "http://inspire.ec.europa.eu/metadata-codelist/PriorityDataset/HabitatTypesRange-dir-1992-43",
      "http://inspire.ec.europa.eu/metadata-codelist/PriorityDataset/IndustrialSites-EURegistry-reg-2006-166",
      "http://inspire.ec.europa.eu/metadata-codelist/PriorityDataset/InvasiveAlienSpeciesDistribution-reg-2014-1143",
      "http://inspire.ec.europa.eu/metadata-codelist/PriorityDataset/Lakes-dir-2000-60",
      "http://inspire.ec.europa.eu/metadata-codelist/PriorityDataset/MajorAirportsNoiseExposureDelineationDEN-dir-2002-49",
      "http://inspire.ec.europa.eu/metadata-codelist/PriorityDataset/MajorAirportsNoiseExposureDelineationNight-dir-2002-49",
      "http://inspire.ec.europa.eu/metadata-codelist/PriorityDataset/MajorRailwaysNoiseExposureDelineationDEN-dir-2002-49",
      "http://inspire.ec.europa.eu/metadata-codelist/PriorityDataset/MajorRailwaysNoiseExposureDelineationNight-dir-2002-49",
      "http://inspire.ec.europa.eu/metadata-codelist/PriorityDataset/MajorRoadsNoiseExposureDelineation-dir-2002-49",
      "http://inspire.ec.europa.eu/metadata-codelist/PriorityDataset/MajorRoadsNoiseExposureDelineationDEN-dir-2002-49",
      "http://inspire.ec.europa.eu/metadata-codelist/PriorityDataset/ManagementUnits-dir-2007-60",
      "http://inspire.ec.europa.eu/metadata-codelist/PriorityDataset/MarineAssessmentUnits-dir-2008-56",
      "http://inspire.ec.europa.eu/metadata-codelist/PriorityDataset/MonitoringStations-dir-2000-60",
      "http://inspire.ec.europa.eu/metadata-codelist/PriorityDataset/MonitoringStations-dir-2008-56",
      "http://inspire.ec.europa.eu/metadata-codelist/PriorityDataset/MSFDReportingUnits-dir-2008-56",
      "http://inspire.ec.europa.eu/metadata-codelist/PriorityDataset/NationallyDesignatedAreasCDDA",
      "http://inspire.ec.europa.eu/metadata-codelist/PriorityDataset/Natura2000Sites-dir-1992-43",
      "http://inspire.ec.europa.eu/metadata-codelist/PriorityDataset/Natura2000Sites-dir-2009-147",
      "http://inspire.ec.europa.eu/metadata-codelist/PriorityDataset/RiverBasinDistricts-dir-2000-60",
      "http://inspire.ec.europa.eu/metadata-codelist/PriorityDataset/RiverBasinDistrictsSubUnits-dir-2000-60",
      "http://inspire.ec.europa.eu/metadata-codelist/PriorityDataset/Rivers-dir-2000-60",
      "http://inspire.ec.europa.eu/metadata-codelist/PriorityDataset/SpeciesDistribution-dir-1992-43",
      "http://inspire.ec.europa.eu/metadata-codelist/PriorityDataset/SpeciesRange-dir-1992-43",
      "http://inspire.ec.europa.eu/metadata-codelist/PriorityDataset/SurfaceWaterBodies-dir-2000-60",
      "http://inspire.ec.europa.eu/metadata-codelist/PriorityDataset/TransitionalWaters-dir-2000-60",
      "http://inspire.ec.europa.eu/metadata-codelist/PriorityDataset/UrbanWasteWaterTreatmentPlants-dir-1991-271",
      "http://inspire.ec.europa.eu/metadata-codelist/SpatialDataServiceType/download",
      "http://inspire.ec.europa.eu/metadata-codelist/SpatialDataServiceType/http://inspire.ec.europa.eu/metadata-codelist/SpatialDataServiceType/download",
      "http://inspire.ec.europa.eu/metadata-codelist/SpatialDataServiceType/other",
      "http://inspire.ec.europa.eu/metadata-codelist/SpatialDataServiceType/view",
      "http://inspire.ec.europa.eu/metadata-codelist/SpatialScope",
      "http://inspire.ec.europa.eu/metadata-codelist/SpatialScope/european",
      "http://inspire.ec.europa.eu/metadata-codelist/SpatialScope/national",
      "http://inspire.ec.europa.eu/schemas/am/4.0/AreaManagementRestrictionRegulationZone.xsd",
      "http://inspire.ec.europa.eu/schemas/ef/4.0/EnvironmentalMonitoringFacilities.xsd",
      "http://inspire.ec.europa.eu/schemas/el-bas/4.0/ElevationBaseTypes.xsd",
      "http://inspire.ec.europa.eu/schemas/hh/4.0/HumanHealth.xsd",
      "http://inspire.ec.europa.eu/schemas/hy-n/4.0/HydroNetwork.xsd",
      "http://inspire.ec.europa.eu/schemas/hy/4.0/HydroBase.xsd",
      "http://inspire.ec.europa.eu/schemas/mu/3.0/MaritimeUnits.xsd",
      "http://inspire.ec.europa.eu/schemas/nz-core/4.0/NaturalRiskZonesCore.xsd",
      "http://inspire.ec.europa.eu/schemas/nz/0.0/NaturalRiskZones.xsd",
      "http://inspire.ec.europa.eu/schemas/of/4.0/OceanFeatures.xsd",
      "http://inspire.ec.europa.eu/schemas/pf/4.0/ProductionAndIndustrialFacilities.xsd",
      "http://inspire.ec.europa.eu/schemas/ps/4.0/ProtectedSites.xsd",
      "http://inspire.ec.europa.eu/schemas/tn-ro/4.0/RoadTransportNetwork.xsd",
      "http://inspire.ec.europa.eu/schemas/tn-w/4.0/WaterTransportNetwork.xsd",
      "http://inspire.ec.europa.eu/schemas/tn/4.0/CommonTransportElements.xsd",
      "http://inspire.ec.europa.eu/schemas/us-govserv/4.0/GovernmentalServices.xsd",
      "http://inspire.ec.europa.eu/theme#",
      "http://standaarden.overheid.nl/owms/terms/Ministerie_van_Economische_Zaken",
      "http://standaarden.overheid.nl/owms/terms/Ministerie_van_Landbouw,_Natuur_en_Voedselkwaliteit",
      "http://standaarden.overheid.nl/owms/terms/Rijksinstituut_voor_Volksgezondheid_en_Milieu",
      "http://standaarden.overheid.nl/owms/terms/RVO",
      "http://www.eionet.europa.eu/gemet/inspire_themes",
      "http://www.eionet.europa.eu/gemet/nl/inspire-theme/ac",
      "http://www.eionet.europa.eu/gemet/nl/inspire-theme/ad",
      "http://www.eionet.europa.eu/gemet/nl/inspire-theme/af",
      "http://www.eionet.europa.eu/gemet/nl/inspire-theme/am",
      "http://www.eionet.europa.eu/gemet/nl/inspire-theme/au",
      "http://www.eionet.europa.eu/gemet/nl/inspire-theme/bu",
      "http://www.eionet.europa.eu/gemet/nl/inspire-theme/cp",
      "http://www.eionet.europa.eu/gemet/nl/inspire-theme/ef",
      "http://www.eionet.europa.eu/gemet/nl/inspire-theme/er",
      "http://www.eionet.europa.eu/gemet/nl/inspire-theme/ge",
      "http://www.eionet.europa.eu/gemet/nl/inspire-theme/gn",
      "http://www.eionet.europa.eu/gemet/nl/inspire-theme/hb",
      "http://www.eionet.europa.eu/gemet/nl/inspire-theme/hh",
      "http://www.eionet.europa.eu/gemet/nl/inspire-theme/hy",
      "http://www.eionet.europa.eu/gemet/nl/inspire-theme/lc",
      "http://www.eionet.europa.eu/gemet/nl/inspire-theme/lu",
      "http://www.eionet.europa.eu/gemet/nl/inspire-theme/mf",
      "http://www.eionet.europa.eu/gemet/nl/inspire-theme/nz",
      "http://www.eionet.europa.eu/gemet/nl/inspire-theme/of",
      "http://www.eionet.europa.eu/gemet/nl/inspire-theme/oi",
      "http://www.eionet.europa.eu/gemet/nl/inspire-theme/pd",
      "http://www.eionet.europa.eu/gemet/nl/inspire-theme/pf",
      "http://www.eionet.europa.eu/gemet/nl/inspire-theme/ps",
      "http://www.eionet.europa.eu/gemet/nl/inspire-theme/rs",
      "http://www.eionet.europa.eu/gemet/nl/inspire-theme/sd",
      "http://www.eionet.europa.eu/gemet/nl/inspire-theme/so",
      "http://www.eionet.europa.eu/gemet/nl/inspire-theme/sr",
      "http://www.eionet.europa.eu/gemet/nl/inspire-theme/su",
      "http://www.eionet.europa.eu/gemet/nl/inspire-theme/tn",
      "http://www.eionet.europa.eu/gemet/nl/inspire-theme/us",
      "http://www.iana.org/assignments/media-types/application/gml+xml",
      "https://www.iana.org/assignments/media-types/application/geopackage+sqlite3",
      "https://www.iana.org/assignments/media-types/application/gml+xml",
      "https://www.iana.org/assignments/media-types/application/xml",
      "http://www.opengeospatial.org/standards/sos",
      "http://www.opengeospatial.org/standards/wcs",
      "http://www.opengeospatial.org/standards/wfs",
      "http://www.opengeospatial.org/standards/wms",
      "http://www.opengeospatial.org/standards/wmts",
      "http://www.opengis.net/def/crs/EPSG/0/3034",
      "http://www.opengis.net/def/crs/EPSG/0/3035",
      "http://www.opengis.net/def/crs/EPSG/0/3857",
      "http://www.opengis.net/def/crs/EPSG/0/4258",
      "http://www.opengis.net/def/crs/EPSG/0/4326",
      "http://www.opengis.net/def/crs/EPSG/0/5709",
      "http://www.opengis.net/def/crs/EPSG/0/5730",
      "http://www.opengis.net/def/crs/EPSG/0/5861",
      "http://www.opengis.net/def/crs/EPSG/0/23031",
      "http://www.opengis.net/def/crs/EPSG/0/25831",
      "http://www.opengis.net/def/crs/EPSG/0/25832",
      "http://www.opengis.net/def/crs/EPSG/0/28992",
      "http://www.opengis.net/def/crs/EPSG/0/EPSG:4326",
      "http://www.opengis.net/def/crs/EPSG/0/EPSG:28992",
      "http://www.opengis.net/def/crs/EPSG/0/epsg:28992",
      "http://www.opengis.net/def/serviceType/ogc/wcs",
      "http://www.opengis.net/def/serviceType/ogc/wfs",
      "http://www.opengis.net/def/serviceType/ogc/wms",
      "http://www.opengis.net/def/serviceType/ogc/wmts",
      "http://www.wur.nl/nl/Expertises-Dienstverlening/Onderzoeksinstituten/Environmental-Research.htm",
      "https://ec.europa.eu/eurostat/web/health/data/database",
      "https://geodata.cbs.nl/files/INSPIRE",
      "https://geodata.nationaalgeoregister.nl/elu/atom/elu.xml",
      "https://inspire.ec.europa.eu/id/document/tg/au",
      "https://inspire.ec.europa.eu/id/document/tg/of",
      "https://inspire.ec.europa.eu/id/document/tg/ps",
      "https://inspire.ec.europa.eu/schemas/ps/4.0/ProtectedSites.xsd",
      "https://ngr.geocat.live/geonetwork/srv/eng/thesaurus.download?ref=external.theme.httpinspireeceuropaeumetadatacodelistSpatialScope-SpatialScope",
      "https://tools.ietf.org/html/rfc4287",
      "https://tools.ietf.org/html/rfc5023",
      "https://www.cbs.nl/-/media/cbs/dossiers/nederland%20regionaal/wijk-en-buurtstatistieken/shape%202017%20versie%2020.zip",
      "https://www.cbs.nl/nl-nl/dossier/nederland-regionaal/geografische-data/wijk-en-buurtkaart-2016",
      "https://www.cbs.nl/nl-nl/dossier/nederland-regionaal/geografische-data/wijk-en-buurtkaart-2018",
      "https://www.cbs.nl/nl-nl/dossier/nederland-regionaal/geografische-data/wijk-en-buurtkaart-2019",
      "https://www.iana.org/assignments/media-types/application/gml+xml",
      "https://www.iana.org/assignments/media-types/application/zip",
      "https://www.iana.org/assignments/media-types/image/png",
      "https://www.nationaalgeoregister.nl",
      "https://www.nationaalgeoregister.nl/geonetwork/srv/eng/thesaurus.download?ref=external.theme.httpinspireeceuropaeumetadatacodelistPriorityDataset-PriorityDataset",
      "https://www.nationaalgeoregister.nl/geonetwork/srv/eng/thesaurus.download?ref=external.theme.httpinspireeceuropaeumetadatacodelistSpatialScope-SpatialScope",
      "https://www.nationaalgeoregister.nl/geonetwork/srv/eng/thesaurus.download?ref=external.theme.httpinspireeceuropaeutheme-theme",
      "https://www.nationaalgeoregister.nl:443/geonetwork/srv/eng/thesaurus.download?ref=external.theme.httpinspireeceuropaeuapplicationschema-applicationschema",
      "https://www.nationaalgeoregister.nl:443/geonetwork/srv/eng/thesaurus.download?ref=external.theme.httpinspireeceuropaeumetadatacodelistPriorityDataset-PriorityDataset",
      "https://www.nationaalgeoregister.nl:443/geonetwork/srv/eng/thesaurus.download?ref=external.theme.httpinspireeceuropaeumetadatacodelistSpatialScope-SpatialScope",
      "https://www.nationaalgeoregister.nl:443/geonetwork/srv/eng/thesaurus.download?ref=external.theme.httpinspireeceuropaeutheme-theme"
    ],
    "__loop": -1,
    "mystorage": StaticClass[storage.DataStorage],
    "db": storage.DataStorage@18a588ba
  },
  "env": "dev",
  "knownlinks": "#ref:net.minidev.json.JSONArray",
  "responseStatus": 200,
  "__loop": -1,
  "__arg": null,
  "responseType": "string",
  "responseHeaders": {
    "Connection": [
      "keep-alive"
    ],
    "Server": [
      "GitHub.com"
    ],
    "Content-Type": [
      "text/csv; charset=utf-8"
    ],
    "Strict-Transport-Security": [
      "max-age=31556952"
    ],
    "Last-Modified": [
      "Mon, 21 Sep 2020 10:58:52 GMT"
    ],
    "ETag": [
      "W/\"5f68876c-c15b\""
    ],
    "Access-Control-Allow-Origin": [
      "*"
    ],
    "Expires": [
      "Mon, 21 Sep 2020 15:29:19 GMT"
    ],
    "Cache-Control": [
      "max-age=600"
    ],
    "X-Proxy-Cache": [
      "MISS"
    ],
    "X-GitHub-Request-Id": [
      "B4E8:95E3:40F953:49DDD8:5F68C477"
    ],
    "Accept-Ranges": [
      "bytes"
    ],
    "Date": [
      "Mon, 21 Sep 2020 15:19:20 GMT"
    ],
    "Via": [
      "1.1 varnish"
    ],
    "Age": [
      "0"
    ],
    "X-Served-By": [
      "cache-bwi5072-BWI"
    ],
    "X-Cache": [
      "MISS"
    ],
    "X-Cache-Hits": [
      "0"
    ],
    "X-Timer": [
      "S1600701560.943126,VS0,VE79"
    ],
    "Vary": [
      "Accept-Encoding"
    ],
    "X-Fastly-Request-ID": [
      "d2c1f3f6860a64dbc5c0938687506a2daf2858ee"
    ]
  },
  "response": "\"datasetIdentifierCode\",\"title\",\"organisationName\",\"email\",\n\"f99e915a-75e5-4c36-97f2-61eff692d85b\",\"Grondwateronderzoek onder INSPIRE\",\"[TNO Geologische Dienst Nederland, TNO Geologische Dienst Nederland, TNO Geologische Dienst Nederland]\",\"[info@dinoloket.nl, info@dinoloket.nl, info@dinoloket.nl]\",\n\"247a1d15-0a67-40ce-85be-1403c08f15a8\",\"Nationale Parken (INSPIRE Geharmoniseerd)\",\"no organisationName found in dataset record\",\"[geodatabeheer.giscc@rvo.nl, geodatabeheer.giscc@rvo.nl, info@minlnv.nl, , , ]\",\n\"81ff84ec-42a4-4481-840b-12713bbb5d38\",\"Geografische Namen\",\"[Kadaster, Kadaster, Kadaster]\",\"[PPB-GVA@kadaster.nl, kcc@kadaster.nl, kcc@kadaster.nl]\",\n\"f2f86edf-ac3a-48e8-9292-0544da2d7645\",\"Emissies naar het riool in 2015 vanuit de industrie\",\"no organisationName found in dataset record\",\"[emissieregistratie@rivm.nl, , emissieregistratie@rivm.nl]\",\n\"be6551de-a709-4c6d-a5e2-f63f0cf038ba\",\"Amplitude van het getij op de Noordzee\",\"[Ministerie van Defensie, Koninklijke Marine, Dienst der Hydrografie, Ministerie van Defensie, Koninklijke Marine, Dienst der Hydrografie, Ministerie van Defensie, Koninklijke Marine, Dienst der Hydrografie]\",\"[data@hydro.nl, data@hydro.nl, data@hydro.nl, ]\",\n\"b4ae622c-6201-49d8-bd2e-f7fce9206a1e\",\"Gebouwen (INSPIRE geharmoniseerd)\",\"[Kadaster, Kadaster]\",\"[PPB-GVA@kadaster.nl, kcc@kadaster.nl]\",\n\"ed960299-a147-4c1a-bc57-41ff83a2264f\",\"Bodemkaart50000_versie2014\",\"[Wageningen Environmental Research, Wageningen Environmental Research (Alterra), Wageningen Environmental Research, Wageningen Environmental Research (Alterra), ALTERRA en voorafgaande instituten, ALTERRA en voorafgaande instituten, Alterra, Alterra, Alterra Wageningen UR, Alterra]\",\"[fokke.brouwer@wur.nl, GeoDesk@wur.nl, fokke.brouwer@wur.nl, GeoDesk@wur.nl]\",\n\"74aca3eb-c38b-4214-9537-e0abc69e11b5\",\"Luchtfoto 2017 25cm RGB open data\",\"[Kadaster, Het Waterschapshuis, Kadaster, Eurosense, Eurosense, Eurosense, Kadaster, Kadaster]\",\"[PPB-GVA@kadaster.nl, info@hetwaterschapshuis.nl, kcc@kadaster.nl, , , , , , ]\",\n\"fe0e1e5f-512f-4bb1-bbf8-4028d3dfa24f\",\"Schelpdierpercelen\",\"[Ministerie van Economische Zaken - GIS Competence Center, PDOK]\",\"[geodatabeheer.giscc@rvo.nl, geodatabeheer.giscc@rvo.nl, BeheerPDOK@kadaster.nl]\",\n\"4b282988-cb91-4bbc-b147-f653014917cb\",\"Hydrografie\",\"[Kadaster, Kadaster, Kadaster]\",\"[PPB-GVA@kadaster.nl, kcc@kadaster.nl, kcc@kadaster.nl]\",\n\"1c3afc74-cc34-44b7-938a-963e2350795a\",\"Hydrografie - Physical Waters (INSPIRE geharmoniseerd)\",\"[Kadaster, Kadaster]\",\"[PPB-GVA@kadaster.nl, kcc@kadaster.nl]\",\n\"50a2c5e6-c8e7-425d-854e-26f578196bc9\",\"Afgevoerde hoeveelheid afval in 2011 vanuit de industrie\",\"no organisationName found in dataset record\",\"[emissieregistratie@rivm.nl, , emissieregistratie@rivm.nl]\",\n\"6c06740d-058f-4a12-bb3f-bf68efd03d09\",\"Vervoersnetwerken - Kabelbanen (INSPIRE geharmoniseerd)\",\"[Kadaster, Kadaster]\",\"[PPB-GVA@kadaster.nl, kcc@kadaster.nl]\",\n\"8a4f5c3b-aced-48fd-afb5-f1f1d0ef21d6\",\"Omgevingsdosisequivalenttempo Nationaal Meetnet Radioactiviteit 2011\",\"no organisationName found in dataset record\",\"[geodata@rivm.nl, , geodata@rivm.nl]\",\n\"19165027-a13a-4c19-9013-ec1fd191019d\",\"Wetlands (RAMSAR) (INSPIRE Geharmoniseerd)\",\"[, ]\",\"[geodatabeheer.giscc@rvo.nl, geodatabeheer.giscc@rvo.nl, geodatabeheer.giscc@rvo.nl, GeoDesk.CGI@wur.nl, beheer@pdok.nl, , ]\",\n\"fe45c540-e37d-11e4-b571-0800200c9a66\",\"Zwemwaterlocaties en zwemwaterkwaliteit - monsterpunten\",\"[Interprovinciaal Overleg, Interprovinciaal Overleg, Interprovinciaal Overleg, Interprovinciaal Overleg, Interprovinciaal Overleg]\",\"[inspire@gbo-provincies.nl, inspire@gbo-provincies.nl, inspire@gbo-provincies.nl]\",\n\"c3c004ad-5387-4b00-a225-9afbcaa5d31b\",\"Geluidkaart hoofdspoornet 2016 (Lden)\",\"[Ministerie van IenW, Ministerie van IenW]\",\"[sylvia.koolmees@minienw.nl, sylvia.koolmees@minienw.nl]\",\n\"1be28290-55fa-4486-b9d3-b9d147117863\",\"Luchtfoto 2016 25cm CIR open data\",\"[Kadaster, Het Waterschapshuis, Kadaster, Eurosense, Eurosense, Eurosense, Kadaster, Kadaster]\",\"[PPB-GVA@kadaster.nl, info@hetwaterschapshuis.nl, kcc@kadaster.nl, , , , , , ]\",\n\"8f45b8ef-0ce8-463a-9059-5efdcecb785c\",\"Vervoersnetwerken - Wegen (INSPIRE geharmoniseerd)\",\"[Kadaster, Kadaster]\",\"[PPB-GVA@kadaster.nl, kcc@kadaster.nl]\",\n\"b3ec8793-7747-4da0-b6c3-aa384446a586\",\"Gemeten Fijn stof concentraties in buitenlucht.\",\"no organisationName found in dataset record\",\"[geodata@rivm.nl, geodata@rivm.nl]\",\n\"f273941e-9c3b-43bc-b886-2d50d0bf9348\",\"Habitatrichtlijn verspreidingsgebied van soorten\",\"[Ministerie van Economische Zaken - GIS Competence Center, Wageningen Environmental Research (Alterra), PDOK, CBS, Natuurloket, pgo's]\",\"[geodatabeheer.giscc@rvo.nl, GeoDesk.CGI@wur.nl, geodatabeheer.giscc@rvo.nl, beheerPDOK@kadaster.nl, , , ]\",\n\"493ab81b-75f8-4205-b030-6b2fd9eb4295\",\"INSPIRE geharmoniseerde Beschermde Gebieden - Cultuur Historie\",\"[Rijksdienst voor het Cultureel Erfgoed, Rijksdienst voor het Cultureel Erfgoed, Rijksdienst voor het Cultureel Erfgoed]\",\"[info@cultureelerfgoed.nl, info@cultureelerfgoed.nl, info@cultureelerfgoed.nl]\",\n\"34e95842-4e4e-46de-9198-79e8cd4d30dc\",\"Geografische Namen (Nat) - Nederland\",\"[Ministerie van Defensie, Koninklijke Marine, Dienst der Hydrografie, Ministerie van Defensie, Koninklijke Marine, Dienst der Hydrografie, Ministerie van Defensie, Koninklijke Marine, Dienst der Hydrografie]\",\"[data@hydro.nl, data@hydro.nl, data@hydro.nl, , ]\",\n\"5a1adb58-0bbe-425d-b0fe-577a6c0a4228\",\"Actueel Hoogtebestand Nederland 1 (AHN1)\",\"[Rijkswaterstaat, stuurgroep AHN, , Rijkswaterstaat, Rijkswaterstaat]\",\"[servicedesk-data@rijkswaterstaat.nl, servicedesk-data@rijkswaterstaat.nl, , servicedesk-data@rijkswaterstaat.nl, servicedesk-data@rijkswaterstaat.nl]\",\n\"7939fd42-cf88-42c5-ab3b-232cf232a3ac\",\"Actueel Hoogtebestand Nederland 2 (AHN2)\",\"[Rijkswaterstaat, stuurgroep AHN, , Rijkswaterstaat, Rijkswaterstaat]\",\"[servicedesk-data@rijkswaterstaat.nl, servicedesk-data@rijkswaterstaat.nl, , servicedesk-data@rijkswaterstaat.nl, servicedesk-data@rijkswaterstaat.nl]\",\n\"eu-f297898-2640-44c2-bbe9-c0480da83794\",\"Hydrografie - Netwerk (INSPIRE geharmoniseerd) - WT\",\"[Rijkswaterstaat, Rijkswaterstaat, , Rijkswaterstaat, Wetransform]\",\"[servicedesk-data@rijkswaterstaat.nl, servicedesk-data@rijkswaterstaat.nl, , servicedesk-data@rijkswaterstaat.nl, info@wetransform.to]\",\n\"8de2f5eb-b09f-4f6d-8397-8878a1b86238\",\"Geluidbelasting rijkswegen in Nederland 2011 (24-uurs gemiddelde)\",\"[Rijkswaterstaat, Rijkswaterstaat, , Rijkswaterstaat, Rijkswaterstaat]\",\"[servicedesk-data@rijkswaterstaat.nl, servicedesk-data@rijkswaterstaat.nl, , servicedesk-data@rijkswaterstaat.nl, servicedesk-data@rijkswaterstaat.nl]\",\n\"4783ea4f-6b8c-4600-8af0-516f3556cfe9\",\"Kaderrichtlijn Water - Register Beschermd Gebied - Schelpdierwater 2008\",\"[Rijkswaterstaat, Rijkswaterstaat, , Rijkswaterstaat, Rijkswaterstaat]\",\"[servicedesk-data@rijkswaterstaat.nl, servicedesk-data@rijkswaterstaat.nl, , servicedesk-data@rijkswaterstaat.nl, servicedesk-data@rijkswaterstaat.nl]\",\n\"50eef6be-619d-4e16-9b92-48971109b636\",\"Geluidbelasting rijkswegen in Nederland 2011 (nacht gemiddelde)\",\"[Rijkswaterstaat, Rijkswaterstaat, , Rijkswaterstaat, Rijkswaterstaat]\",\"[servicedesk-data@rijkswaterstaat.nl, servicedesk-data@rijkswaterstaat.nl, , servicedesk-data@rijkswaterstaat.nl, servicedesk-data@rijkswaterstaat.nl]\",\n\"tbjk534p-wubf-crbp-cj25-d4161160gfim\",\"Kaderrichtlijn Mariene Strategie - Bevroren monitoringsdata\",\"[Rijkswaterstaat, Rijkswaterstaat, , Rijkswaterstaat, Rijkswaterstaat]\",\"[servicedesk-data@rijkswaterstaat.nl, servicedesk-data@rijkswaterstaat.nl, , servicedesk-data@rijkswaterstaat.nl, servicedesk-data@rijkswaterstaat.nl]\",\n\"cf69ec50-9849-4afd-853c-ee56211d336d\",\"Waterstanden en afvoeren actueel - Rijkswaterstaat\",\"[Rijkswaterstaat, Rijkswaterstaat, , Rijkswaterstaat, Rijkswaterstaat]\",\"[servicedesk-data@rijkswaterstaat.nl, servicedesk-data@rijkswaterstaat.nl, , servicedesk-data@rijkswaterstaat.nl, servicedesk-data@rijkswaterstaat.nl]\",\n\"cbeaebc3-815a-48af-a978-0e16892865fc\",\"Vogelrichtlijn verspreidingsgebied van soorten\",\"[Ministerie van Economische Zaken - GIS Competence Center, Wageningen Environmental Research (Alterra), PDOK, Sovon Vogelonderzoek Nederland]\",\"[geodatabeheer.giscc@rvo.nl, GeoDesk.CGI@wur.nl, geodatabeheer.giscc@rvo.nl, beheerPDOK@kadaster.nl, ]\",\n\"fcefa13c-44e2-4953-b6d6-1ddceebc57fc\",\"Vogelrichtlijn verspreiding van soorten\",\"[Ministerie van Economische Zaken - GIS Competence Center, Wageningen Environmental Research (Alterra), PDOK, Sovon Vogelonderzoek Nederland]\",\"[geodatabeheer.giscc@rvo.nl, GeoDesk.CGI@wur.nl, geodatabeheer.giscc@rvo.nl, beheerPDOK@kadaster.nl, ]\",\n\"a322184d-6285-4856-bb78-f450b30ffc0e\",\"Bathymetrie Nederlands deel van de Noordzee dieper dan 10 m LAT\",\"[Ministerie van Defensie, Koninklijke Marine, Dienst der Hydrografie, Ministerie van Defensie, Koninklijke Marine, Dienst der Hydrografie]\",\"[data@hydro.nl, data@hydro.nl, data@hydro.nl, , ]\",\n\"c2225e5d-b46f-4e38-8445-ab10fd40c0dc\",\"Blokindeling Nederlands Continentaal Plat\",\"[Ministerie van Defensie, Koninklijke Marine, Dienst der Hydrografie, Ministerie van Defensie, Koninklijke Marine, Dienst der Hydrografie, Ministerie van Defensie, Koninklijke Marine, Dienst der Hydrografie]\",\"[data@hydro.nl, data@hydro.nl, data@hydro.nl]\",\n\"be1b1514-8d1f-48e1-9624-fee9b784138b\",\"Vaarwegmarkeringen Nederland\",\"[Rijkswaterstaat, Rijkswaterstaat, , Rijkswaterstaat, Rijkswaterstaat]\",\"[servicedesk-data@rijkswaterstaat.nl, servicedesk-data@rijkswaterstaat.nl, , servicedesk-data@rijkswaterstaat.nl, servicedesk-data@rijkswaterstaat.nl]\",\n\"3e57ce43-7707-43ed-a4b9-72b3a6d812f8\",\"Geluidkaart hoofdspoornet 2011 (Lnight)\",\"[Ministerie van IenW, Ministerie van IenW]\",\"[sylvia.koolmees@minienw.nl, sylvia.koolmees@minienw.nl]\",\n\"12bb57cd-73e0-41ba-a1e9-6d986b9109d3\",\"Human Health NL NUTS2\",\"[Statistics Netherlands, Statistics Netherlands, Statistics Netherlandds, Statistics Netherlands]\",\"[infoservice@cbs.nl, infoservice@cbs.nl, infoservice@cbs.nl, , ]\",\n\"58e7dc38-a498-4852-b4ef-908f5baa9056\",\"Begrenzingen van vergunde ontgrondingsgebieden voor zand- en grindwinning\",\"[Interprovinciaal Overleg, Interprovinciaal Overleg, Interprovinciaal Overleg]\",\"[inspire@gbo-provincies.nl, inspire@gbo-provincies.nl, inspire@gbo-provincies.nl]\",\n\"a04afee4-47d5-45b7-b7a0-a6f86106af11\",\"Mosselzaadinvanginstallaties\",\"no organisationName found in dataset record\",\"[geodatabeheer.giscc@rvo.nl, VR@minez.nl, geodatabeheer.giscc@rvo.nl, beheer@pdok.nl]\",\n\"d845cef6-0e23-4212-a951-b69763e39ef0\",\"Windsnelheden op 100m hoogte (m/s)\",\"no organisationName found in dataset record\",\"[geodatabeheer.giscc@rvo.nl, geodatabeheer.giscc@rvo.nl, ]\",\n\"7f5d7945-8fa8-4d36-be4c-2fdb3c7d613b\",\"Luchtfoto 2018 25cm CIR open data\",\"[Kadaster, Het Waterschapshuis, Kadaster, Eurosense, Eurosense, Eurosense, Kadaster, Kadaster]\",\"[PPB-GVA@kadaster.nl, info@hetwaterschapshuis.nl, kcc@kadaster.nl, , , , , , ]\",\n\"844404a2-9cd0-452e-b29a-74588777485a\",\"Geluidkaart hoofdspoornet 2011 (Lden)\",\"[Ministerie van IenW, Ministerie van IenW]\",\"[sylvia.koolmees@minienw.nl, sylvia.koolmees@minienw.nl]\",\n\"5951efa2-1ff3-4763-a966-a2f5497679ee\",\"Vervoersnetwerken - Waterwegen (INSPIRE geharmoniseerd)\",\"[Kadaster, Kadaster]\",\"[PPB-GVA@kadaster.nl, kcc@kadaster.nl]\",\n\"3a72b9a4-cda9-11ea-87d0-0242ac130003\",\"Grondwater Monitoring Net\",\"[TNO Geologische Dienst Nederland, TNO Geologische Dienst Nederland, TNO Geologische Dienst Nederland]\",\"[info@bro.nl, Info@bro.nl, info@dinoloket.nl]\",\n\"25294679-adb9-4c39-a93b-6954ff9414ac\",\"Waterstanden en afvoeren verwacht - Rijkswaterstaat\",\"[Rijkswaterstaat, Rijkswaterstaat, , Rijkswaterstaat, Rijkswaterstaat]\",\"[servicedesk-data@rijkswaterstaat.nl, servicedesk-data@rijkswaterstaat.nl, , servicedesk-data@rijkswaterstaat.nl, servicedesk-data@rijkswaterstaat.nl]\",\n\"eu-cb527d-f6db-4835-b0cd-deb245241254\",\"Vervoersnetwerken - Wegen (INSPIRE geharmoniseerd) - RWS\",\"[Rijkswaterstaat, Rijkswaterstaat, , Beheer PDOK, Rijkswaterstaat]\",\"[servicedesk-data@rijkswaterstaat.nl, beheerPDOK@kadaster.nl, , beheerPDOK@kadaster.nl, servicedesk-data@rijkswaterstaat.nl]\",\n\"a7fb2234-f7b4-4a03-b282-f10947f42fb1\",\"Kaart van de bodemopbouw in Nederland 1:50.000 onder INSPIRE\",\"[TNO Geologische Dienst Nederland, Alterra, Wageningen UR, TNO Geologische Dienst Nederland]\",\"[info@dinoloket.nl, geodesk.cgi@wur.nl, info@dinoloket.nl]\",\n\"03671a9e-6aaf-464d-be99-9aad25cef9e3\",\"Habitatrichtlijn verspreidingsgebied van habitattypen\",\"[Ministerie van Economische Zaken - GIS Competence Center, , Wageningen Environmental Research (Alterra), PDOK, Alterra]\",\"[geodatabeheer.giscc@rvo.nl, , GeoDesk.CGI@wur.nl, geodatabeheer.giscc@rvo.nl, beheerPDOK@kadaster.nl, ]\",\n\"9d9f1738-aced-47c9-aaa0-c62474a2dcfb\",\"Zeegebieden\",\"[Kadaster, Kadaster, Kadaster]\",\"[PPB-GVA@kadaster.nl, kcc@kadaster.nl, kcc@kadaster.nl]\",\n\"a5f961e9-ebdd-41e2-b8e8-ab33ed340a83\",\"Adressen (INSPIRE geharmoniseerd)\",\"[Kadaster, Kadaster]\",\"[PPB-GVA@kadaster.nl, kcc@kadaster.nl]\",\n\"64c987ec-dce6-11e3-8563-901b0e19e163\",\"Actuele synoptische weerwaarnemingen KNMI Nederland per 10 minuten (24 uur)\",\"[Koninklijk Nederlands Meteorologisch Instituut (KNMI), Koninklijk Nederlands Meteorologisch Instituut (KNMI), Koninklijk Nederlands Meteorologisch Instituut (KNMI)]\",\"[datacentrum@knmi.nl, datacentrum@knmi.nl, datacentrum@knmi.nl]\",\n\"29c17585-e702-463f-a5dc-99d34b17d333\",\"RDinfo\",\"[Kadaster, Dienst van Het Kadaster en Openbare Registers, Dienst voor het Kadaster en de Openbare Registers]\",\"[PPB-GVA@kadaster.nl, kcc@kadaster.nl, rd@kadaster.nl]\",\n\"2cc2c30c-91b8-412a-a060-e84d25272581\",\"Zones en agglomeraties (Richtlijn Luchtkwaliteit) 2013\",\"no organisationName found in dataset record\",\"[geodata@rivm.nl, , geodata@rivm.nl]\",\n\"d6b85d84-cdb9-4a6e-b799-cf8826e22a94\",\"Ligging industrie en CO2 emissies\",\"Ministerie van Economische Zaken - GIS Competence Center\",\"[geodatabeheer.giscc@rvo.nl, geodatabeheer.giscc@rvo.nl]\",\n\"791adbe3-772f-42cb-a3be-5a617bcecef0\",\"Zeegebieden (INSPIRE geharmoniseerd)\",\"[Kadaster, Kadaster]\",\"[PPB-GVA@kadaster.nl, kcc@kadaster.nl]\",\n\"500d396f-5ec6-4e4b-a151-5fb3cddd8082\",\"Gemeten Zwaveldioxide concentraties in buitenlucht.\",\"no organisationName found in dataset record\",\"[geodata@rivm.nl, geodata@rivm.nl]\",\n\"14657c9b-91e4-4355-8563-2911ad0e78e4\",\"Vervoersnetwerken - Gemeenschappelijke elementen (INSPIRE geharmoniseerd)\",\"[Kadaster, Kadaster]\",\"[PPB-GVA@kadaster.nl, kcc@kadaster.nl]\",\n\"adn73c4a-ef03-4785-b7f6-942e86b385f7\",\"Bathymetrie Nederland - binnenwateren\",\"[Rijkswaterstaat, Rijkswaterstaat, , Rijkswaterstaat, Rijkswaterstaat]\",\"[servicedesk-data@rijkswaterstaat.nl, servicedesk-data@rijkswaterstaat.nl, , servicedesk-data@rijkswaterstaat.nl, servicedesk-data@rijkswaterstaat.nl]\",\n\"edf79e6a-d73d-4def-8d22-0f495cc76a73\",\"Bronbestanden waterkwaliteit\",\"[Informatiehuis Water, Informatiehuis Water]\",\"[servicedesk@ihw.nl, servicedesk@ihw.nl]\",\n\"6050578f-0010-4bfa-b013-c8617b80ba62\",\"Grondwatersamenstellinggegevens KRW meetronde 2012 onder INSPIRE\",\"[TNO Geologische Dienst Nederland, TNO Geologische Dienst Nederland, TNO Geologische Dienst Nederland]\",\"[info@dinoloket.nl, info@dinoloket.nl, info@dinoloket.nl]\",\n\"b59f06c0-dce5-11e3-9c10-901b0e19e163\",\"Aardbevingen Nederland (KNMI)\",\"[Koninklijk Nederlands Meteorologisch Instituut (KNMI), Koninklijk Nederlands Meteorologisch Instituut (KNMI), Koninklijk Nederlands Meteorologisch Instituut (KNMI)]\",\"[datacentrum@knmi.nl, datacentrum@knmi.nl, datacentrum@knmi.nl]\",\n\"d9baa847-4652-4588-abe1-0b050f40f27f\",\"Ziekenhuizen in Nederland (september 2013)\",\"no organisationName found in dataset record\",\"[atlas@rivm.nl, , geodata@rivm.nl]\",\n\"9dd9bf30-36e6-45ae-b368-bdef2720bdde\",\"Bodemkundig boormonsterprofiel onder INSPIRE\",\"[TNO Geologische Dienst Nederland, Alterra, Wageningen UR, TNO Geologische Dienst Nederland]\",\"[info@dinoloket.nl, geodesk.cgi@wur.nl, info@dinoloket.nl]\",\n\"e3b0da1e-0664-4025-b3f5-a54d74a26450\",\"zoutvelden en zoutproductieputten onder INSPIRE\",\"[TNO Geologische Dienst Nederland, TNO Geologische Dienst Nederland, TNO Geologische Dienst Nederland]\",\"[info@dinoloket.nl, info@dinoloket.nl, info@dinoloket.nl]\",\n\"3703b249-a0eb-484e-ba7a-10e31a55bcec\",\"Invasieve Exoten (INSPIRE Geharmoniseerd)\",\"Ministerie van Landbouw, Natuur en Voedselkwaliteit\",\"[geodatabeheer.giscc@rvo.nl, Geodatabeheer.GISCC@rvo.nl]\",\n\"10d1153e-778f-4995-9b6c-7c69b196cccb\",\"Statistical Units Vector\",\"[Statistics Netherlands, Statistics Netherlands, Statistics Netherlandds, Statistics Netherlands]\",\"[infoservice@cbs.nl, infoservice@cbs.nl, infoservice@cbs.nl, , ]\",\n\"c5c4a6d6-b850-473c-8ab5-af9c2c550809\",\"Administratieve Eenheden\",\"[Kadaster, Kadaster en Openbare Registers, Kadaster en de Openbare Registers]\",\"[PPB-GVA@kadaster.nl, kcc@kadaster.nl, kcc@kadaster.nl]\",\n\"db8d613f-5edc-4467-9cc0-e2dcfb9d64a8\",\"Statistical Units Grid\",\"[Statistics Netherlands, Statistics Netherlands, Statistics Netherlandds, Statistics Netherlands]\",\"[infoservice@cbs.nl, infoservice@cbs.nl, infoservice@cbs.nl, , ]\",\n\"29d5310f-dd0d-45ba-abad-b4ffc6b8785f\",\"TOP10NL\",\"[Kadaster, Kadaster, Kadaster, Kadaster, Kadaster, Kadaster, Kadaster, Kadaster, Kadaster]\",\"[PPB-GVA@kadaster.nl, kcc@kadaster.nl, kcc@kadaster.nl, , , , , , ]\",\n\"dc5b522e-3e14-4738-9e8e-2401e1b19ef2\",\"Potentieel koude en warmte uit open en gesloten WKO systemen (GJ/ha.jaar)\",\"[Ministerie van Economische Zaken - GIS Competence Center, Ministerie van Economische Zaken - GIS Competence Center]\",\"[geodatabeheer.giscc@rvo.nl, geodatabeheer.giscc@rvo.nl, geodatabeheer.giscc@rvo.nl]\",\n\"977e0e94-7aa9-4784-b2da-eaec44adb61b\",\"Habitatrichtlijn verspreiding van habitattypen\",\"[Ministerie van Economische Zaken - GIS Competence Center, Wageningen Environmental Research (Alterra), PDOK, Alterra]\",\"[geodatabeheer.giscc@rvo.nl, GeoDesk.CGI@wur.nl, geodatabeheer.giscc@rvo.nl, beheerPDOK@kadaster.nl, ]\",\n\"58d39928-f502-48c9-a8c1-03244dc181bf\",\"Geluidkaart Schiphol 2016 (Lnight)\",\"[Ministerie van IenW, Ministerie van IenW]\",\"[sylvia.koolmees@minienw.nl, sylvia.koolmees@minienw.nl]\",\n\"3a7dd0a6-d130-4c4c-b0ba-24365cf036e2\",\"Vervoersnetwerken - Spoorwegen (INSPIRE geharmoniseerd)\",\"[Kadaster, Kadaster]\",\"[PPB-GVA@kadaster.nl, kcc@kadaster.nl]\",\n\"588a4cb1-b442-4ac1-87e4-40401e353166\",\"Jaarcijfers Landelijk Meetnet Luchtkwaliteit 2012\",\"no organisationName found in dataset record\",\"[geodata@rivm.nl, , geodata@rivm.nl]\",\n\"7c24ea89-074e-4c4f-91e3-d38e813e9cb6\",\"Luchtfoto 2017 25cm CIR open data\",\"[Kadaster, Het Waterschapshuis, Kadaster, Eurosense, Eurosense, Eurosense, Kadaster, Kadaster]\",\"[PPB-GVA@kadaster.nl, info@hetwaterschapshuis.nl, kcc@kadaster.nl, , , , , , ]\",\n\"d8f370e8-123c-4ab3-9410-04f728327ac6\",\"Gemeten Ozon concentraties in buitenlucht.\",\"no organisationName found in dataset record\",\"[geodata@rivm.nl, geodata@rivm.nl]\",\n\"c7662717-9e43-4367-a344-723d73abbb3e\",\"-Gegevens boormonsterprofiel onder PDOK\",\"[TNO Geologische Dienst Nederland, TNO Geologische Dienst Nederland]\",\"[info@dinoloket, info@dinoloket.nl]\",\n\"b3f66964-a8c1-456f-9799-9cafca2cb7b1\",\"Monitoring stations (Nitraatrichtlijn) ondiepe filters\",\"no organisationName found in dataset record\",\"[geodata@rivm.nl, , geodata@rivm.nl]\",\n\"8b0b02a0-1e1b-4cda-bcfe-6fa0f738e38f\",\"Emissies naar het riool in 2011 vanuit de industrie\",\"no organisationName found in dataset record\",\"[emissieregistratie@rivm.nl, , emissieregistratie@rivm.nl]\",\n\"7dd1fd45-ace5-41e0-93a6-64e3be231717\",\"Administratieve Eenheden (INSPIRE geharmoniseerd)\",\"[Kadaster, Kadaster]\",\"[PPB-GVA@kadaster.nl, kcc@kadaster.nl]\",\n\"4617f0e0-6af4-4ac0-9044-31df9d03071c\",\"Gebieden in de territoriale zee\",\"[Ministerie van Defensie, Koninklijke Marine, Dienst der Hydrografie, Ministerie van Defensie, Koninklijke Marine, Dienst der Hydrografie, Ministerie van Defensie, Koninklijke Marine, Dienst der Hydrografie]\",\"[data@hydro.nl, data@hydro.nl, data@hydro.nl, , ]\",\n\"a29917b9-3426-4041-a11b-69bcb2256904\",\"Kadastrale kaart v4\",\"[Kadaster, Kadaster en Openbare Registers, Dienst voor het Kadaster en de Openbare Registers]\",\"[PPB-GVA@kadaster.nl, kcc@kadaster.nl, kcc@kadaster.nl, , ]\",\n\"08b27bf0-e34a-4b30-9eac-5edadfb6a288\",\"Afgevoerde hoeveelheid afval in 2015 vanuit de industrie\",\"no organisationName found in dataset record\",\"[emissieregistratie@rivm.nl, , emissieregistratie@rivm.nl]\",\n\"f1d27179-36eb-4376-8048-f51d2eb23a09\",\"Nederlands deel PSSA Waddenzee\",\"[Ministerie van Defensie, Koninklijke Marine, Dienst der Hydrografie, Ministerie van Defensie, Koninklijke Marine, Dienst der Hydrografie, Ministerie van Defensie, Koninklijke Marine, Dienst der Hydrografie]\",\"[data@hydro.nl, data@hydro.nl, data@hydro.nl, , ]\",\n\"b6ee58a1-b097-4c6d-8600-eb81efc1468c\",\"Productie/industrie-inrichtingen (o.b.v. SBI-codes) uit {Risico Register Gevaarlijke stoffen (RRGS)}\",\"[Interprovinciaal Overleg, Interprovinciaal Overleg, Interprovinciaal Overleg]\",\"[inspire@gbo-provincies.nl, inspire@gbo-provincies.nl, inspire@gbo-provincies.nl]\",\n\"36a7e8cb-8300-4602-93d2-135943365a6f\",\"Monitoring stations (Nitraatrichtlijn) diepe filters\",\"no organisationName found in dataset record\",\"[geodata@rivm.nl, , geodata@rivm.nl]\",\n\"daa63e4c-dce6-11e3-991e-901b0e19e163\",\"Gecontroleerde klimatologische daggegevens KNMI Nederland\",\"[Koninklijk Nederlands Meteorologisch Instituut (KNMI), Koninklijk Nederlands Meteorologisch Instituut (KNMI), Koninklijk Nederlands Meteorologisch Instituut (KNMI)]\",\"[datacentrum@knmi.nl, datacentrum@knmi.nl, datacentrum@knmi.nl]\",\n\"6c1cf452-8c62-4046-99ab-640a5e184f9c\",\"Geologisch booronderzoek onder INSPIRE\",\"[TNO Geologische Dienst Nederland, TNO Geologische Dienst Nederland, TNO Geologische Dienst Nederland]\",\"[info@dinoloket.nl, info@dinoloket.nl, info@dinoloket.nl]\",\n\"3387ef8a-9237-453a-aa4e-585d1e193550\",\"Nationaal Beschermde Gebieden (CDDA) (INSPIRE geharmoniseerd)\",\"[Ministerie van Economische Zaken - GIS Competence Center, Ministerie van Landbouw, Natuur en Voedselkwaliteit, Ministerie van Economische Zaken - GIS Competence Center]\",\"[geodatabeheer.giscc@rvo.nl, geodatabeheer.giscc@rvo.nl, geodatabeheer.giscc@rvo.nl]\",\n\"d24ccb35-e9d2-41bf-b231-43083fc0c76d\",\"LCP emissies (Richtlijn Industriële emissies) 2016\",\"no organisationName found in dataset record\",\"[emissieregistratie@rivm.nl, , emissieregistratie@rivm.nl]\",\n\"adn73c4a-ef03-4785-b7f6-942e86b385f5\",\"Bathymetrie Nederland - kust\",\"[Rijkswaterstaat, Rijkswaterstaat, , Rijkswaterstaat, Rijkswaterstaat]\",\"[servicedesk-data@rijkswaterstaat.nl, servicedesk-data@rijkswaterstaat.nl, , servicedesk-data@rijkswaterstaat.nl, servicedesk-data@rijkswaterstaat.nl]\",\n\"ad6caa40-89ab-47e3-85ab-3f8e32024a71\",\"Emissies naar lucht en water in 2011 vanuit de industrie\",\"no organisationName found in dataset record\",\"[emissieregistratie@rivm.nl, , emissieregistratie@rivm.nl]\",\n\"F646DFB9-5BF6-EAB9-042B-CAB6FF2DC275\",\"BRO Digital Geological Model (DGM)\",\"[TNO Geologische Dienst Nederland, TNO Geologische Dienst Nederland, TNO Geologische Dienst Nederland]\",\"[info@bro.nl, info@bro.nl, info@dinoloket.nl]\",\n\"afc450bd-65b3-4e59-b0fb-619869bf6ada\",\"Landelijk grondwaterregister - Faciliteiten voor productie en industrie\",\"[Interprovinciaal Overleg, Interprovinciaal Overleg, Interprovinciaal Overleg, Interprovinciaal Overleg, Interprovinciaal Overleg]\",\"[inspire@gbo-provincies.nl, inspire@gbo-provincies.nl, inspire@gbo-provincies.nl, , ]\",\n\"E7D9F0D6-2B8D-6699-F26E-4A781228F2DD\",\"BRO REGIS II Hydrogeologisch model (HGM)\",\"[TNO Geologische Dienst Nederland, TNO Geologische Dienst Nederland, TNO Geologische Dienst Nederland]\",\"[info@bro.nl, info@bro.nl, info@dinoloket.nl]\",\n\"71c2b7d2-a1a8-4836-b8d4-7247d331b04d\",\"CBS Provincies 2012\",\"[Centraal Bureau voor de Statistiek, Centraal Bureau voor de Statistiek, Centraal Bureau voor de Statistiek, Kadaster]\",\"[infoservice@cbs.nl, infoservice@cbs.nl, infoservice@cbs.nl, , ]\",\n\"eu-2c7040b-c448-451b-bf15-f2416ecaadd1\",\"Vervoersnetwerken - Waterwegen (INSPIRE geharmoniseerd) - WT\",\"[Rijkswaterstaat, Rijkswaterstaat, , Rijkswaterstaat, Wetransform]\",\"[servicedesk-data@rijkswaterstaat.nl, servicedesk-data@rijkswaterstaat.nl, , servicedesk-data@rijkswaterstaat.nl, info@wetransform.to]\",\n\"a5241416-8401-4623-be61-57ef50447a41\",\"Maritieme grenzen - Noordzee\",\"[Ministerie van Defensie, Koninklijke Marine, Dienst der Hydrografie, Ministerie van Defensie, Koninklijke Marine, Dienst der Hydrografie, Ministerie van Defensie, Koninklijke Marine, Dienst der Hydrografie]\",\"[data@hydro.nl, data@hydro.nl, data@hydro.nl, , ]\",\n\"6318009c-7b11-4ab9-9929-735584dfb692\",\"Land Use 2015\",\"[Statistics Netherlands, Statistics Netherlands, PDOK]\",\"[infoservice@cbs.nl, infoservice@cbs.nl, , , ]\",\n\"2daad588-11ef-47de-9832-6fe2c3b93e6d\",\"Overstromingsrisicokaarten\",\"[Interprovinciaal Overleg, Interprovinciaal Overleg, Interprovinciaal Overleg]\",\"[inspire@gbo-provincies.nl, inspire@gbo-provincies.nl, inspire@gbo-provincies.nl]\",\n\"f5f68d51-2ca4-4897-8227-d3938b2b0a7e\",\"Afvalinrichtingen inclusief nucleaire inrichtingen\",\"[Interprovinciaal Overleg, Interprovinciaal Overleg, Interprovinciaal Overleg]\",\"[inspire@gbo-provincies.nl, inspire@gbo-provincies.nl, inspire@gbo-provincies.nl]\",\n\"60a2a7c2-d5b3-4ad5-b562-c448695357fb\",\"Nationale Landschappen\",\"[Interprovinciaal Overleg, Interprovinciaal Overleg, Interprovinciaal Overleg]\",\"[inspire@gbo-provincies.nl, inspire@gbo-provincies.nl, inspire@gbo-provincies.nl]\",\n\"cc408b2d-09a6-4b2b-9aa3-b46bfe2f00a5\",\"Stiltegebieden\",\"[Interprovinciaal Overleg, Interprovinciaal Overleg, Interprovinciaal Overleg]\",\"[inspire@gbo-provincies.nl, inspire@gbo-provincies.nl, inspire@gbo-provincies.nl]\",\n\"ca94a0cb-7561-4a10-a7d6-b840e56c33ff\",\"Provinciale monumenten\",\"[Interprovinciaal Overleg, Interprovinciaal Overleg, Interprovinciaal Overleg]\",\"[inspire@gbo-provincies.nl, inspire@gbo-provincies.nl, inspire@gbo-provincies.nl]\",\n\"998ba1dc-f6a6-49a3-a021-51f30d9b1d0e\",\"Wet Ammoniak en Veehouderij gebieden\",\"[Interprovinciaal Overleg, Interprovinciaal Overleg, Interprovinciaal Overleg]\",\"[inspire@gbo-provincies.nl, inspire@gbo-provincies.nl, inspire@gbo-provincies.nl]\",\n\"49ab8bee-b467-486a-96ca-b950443c453a\",\"Beschermde gebieden - Provincies (INSPIRE geharmoniseerd)\",\"[Interprovinciaal Overleg, Interprovinciaal Overleg, Interprovinciaal Overleg]\",\"[inspire@gbo-provincies.nl, inspire@gbo-provincies.nl, inspire@gbo-provincies.nl]\",\n\"f0821bfe-5a0a-11e9-8647-d663bd873d93\",\"NB-wetgebieden buiten Natura 2000\",\"[Interprovinciaal Overleg, Interprovinciaal Overleg, Interprovinciaal Overleg]\",\"[inspire@gbo-provincies.nl, inspire@gbo-provincies.nl, inspire@gbo-provincies.nl]\",\n\"110f9ec6-4464-462e-9765-83d90cefbeab\",\"Kaderrichtlijn Water - Stroomgebieddistricten Nederland EU2015\",\"[Informatiehuis Water, Informatiehuis Water, , Rijkswaterstaat, Rijkswaterstaat]\",\"[servicedesk@ihw.nl, servicedesk-data@rijkswaterstaat.nl, , servicedesk-data@rijkswaterstaat.nl, servicedesk-data@rijkswaterstaat.nl]\",\n\"c935f2ab-9b65-4dc4-94a0-73aeb840a941\",\"Overheidsdiensten\",\"[Kamer van Koophandel, Kamer van Koophandel]\",\"[erik.simonse@kvk.nl, erik.simonse@kvk.nl]\",\n\"krw-f7bb2351-9788-42ea-a58b-a5ee1842304e\",\"Kaderrichtlijn Water - Stroomgebieddistricten Nederland 2019 vlakken\",\"[Rijkswaterstaat, Rijkswaterstaat, , Rijkswaterstaat, Rijkswaterstaat]\",\"[servicedesk-data@rijkswaterstaat.nl, servicedesk-data@rijkswaterstaat.nl, , servicedesk-data@rijkswaterstaat.nl, servicedesk-data@rijkswaterstaat.nl]\",\n\"bb11be63-bd38-4632-bf54-df44c423a529\",\"Territoriale Zee volgens UNCLOS - Noordzee\",\"[Ministerie van Defensie, Koninklijke Marine, Dienst der Hydrografie, Ministerie van Defensie, Koninklijke Marine, Dienst der Hydrografie, Ministerie van Defensie, Koninklijke Marine, Dienst der Hydrografie]\",\"[data@hydro.nl, data@hydro.nl, data@hydro.nl, , ]\",\n\"4cda487b-c467-490c-a843-6563fec016be\",\"Aansluitende zone volgens UNCLOS - Noordzee\",\"[Ministerie van Defensie, Koninklijke Marine, Dienst der Hydrografie, Ministerie van Defensie, Koninklijke Marine, Dienst der Hydrografie, Ministerie van Defensie, Koninklijke Marine, Dienst der Hydrografie]\",\"[data@hydro.nl, data@hydro.nl, data@hydro.nl, , ]\",\n\"uwwtd-9d8e-4758-83fa-28b057f185e3\",\"Richtlijn Stedelijk Afvalwater - rioolwaterzuiveringsinstallaties Nederland EU2015\",\"[Rijkswaterstaat, Rijkswaterstaat, , Rijkswaterstaat, Rijkswaterstaat]\",\"[servicedesk-data@rijkswaterstaat.nl, servicedesk-data@rijkswaterstaat.nl, , servicedesk-data@rijkswaterstaat.nl, servicedesk-data@rijkswaterstaat.nl]\",\n\"0f128799-cf18-4b37-a721-e62b068191f5\",\"Gebiedsbeheer, gebieden waar beperkingen gelden, gereguleerde gebieden en rapportage-eenheden - Provincies (INSPIRE geharmoniseerd)\",\"[Interprovinciaal Overleg, Interprovinciaal Overleg, Interprovinciaal Overleg]\",\"[inspire@gbo-provincies.nl, inspire@gbo-provincies.nl, inspire@gbo-provincies.nl]\",\n\"0558a41c-b09a-47fa-b8db-9de6bfe4f494\",\"Gebouwen\",\"[Kadaster, Kadaster, Kadaster]\",\"[PPB-GVA@kadaster.nl, kcc@kadaster.nl, kcc@kadaster.nl]\",\n\"df5ee213-e1bd-433b-80f7-4ea20f493ca8\",\"Zwemwaterkwaliteit (provinciaal en Rijkswateren) uit {Zwemwaterregister}\",\"[Interprovinciaal Overleg, Interprovinciaal Overleg, Interprovinciaal Overleg]\",\"[inspire@gbo-provincies.nl, inspire@gbo-provincies.nl, inspire@gbo-provincies.nl]\",\n\"6cde2ce7-3ecd-4785-b7b8-d62c3381efe9\",\"Wijk- en Buurtkaart 2016 versie 3\",\"[Centraal Bureau voor de Statistiek, Centraal Bureau voor de Statistiek, Centraal Bureau voor de Statistiek, Kadaster]\",\"[infoservice@cbs.nl, infoservice@cbs.nl, infoservice@cbs.nl, , ]\",\n\"28c4780a-1a44-4376-b283-14a50a481729\",\"Habitatrichtlijn verspreiding van soorten\",\"[Wageningen Environmental Research (Alterra), PDOK, CBS, Natuurloket, PGO's]\",\"[geodatabeheer.giscc@rvo.nl, GeoDesk.CGI@wur.nl, geodatabeheer.giscc@rvo.nl, beheerPDOK@kadaster.nl, , , ]\",\n\"ffefc3dc-dc8f-4589-ae22-a60bebcdf5cb\",\"Wijk- en Buurtkaart 2018 versie 2\",\"[Centraal Bureau voor de Statistiek, Centraal Bureau voor de Statistiek, Centraal Bureau voor de Statistiek, Kadaster]\",\"[infoservice@cbs.nl, infoservice@cbs.nl, infoservice@cbs.nl, , ]\",\n\"2d3dd6d2-2d2b-4b5f-9e30-86e19ed77a56\",\"Bestand Bodemgebruik 2015\",\"[Centraal Bureau voor de Statistiek, Centraal Bureau voor de Statistiek, PDOK]\",\"[infoservice@cbs.nl, infoservice@cbs.nl, , , ]\",\n\"wt-83730-e750-485a-9c0c-39bf9be72cf8\",\"Menselijke gezondheid en veiligheid - geluidbelasting rijkswegen 2016 (INSPIRE geharmoniseerd)\",\"[Rijkswaterstaat, Rijkswaterstaat, , Rijkswaterstaat, Wetransform]\",\"[servicedesk-data@rijkswaterstaat.nl, servicedesk-data@rijkswaterstaat.nl, , servicedesk-data@rijkswaterstaat.nl, info@wetransform.to]\",\n\"9986a7ef-e5e2-4a7a-9018-2e1f9631ba8c\",\"Zwemwater (provinciaal en Rijkswateren) uit {Zwemwaterregister}\",\"[Interprovinciaal Overleg, Interprovinciaal Overleg, Interprovinciaal Overleg]\",\"[inspire@gbo-provincies.nl, inspire@gbo-provincies.nl, inspire@gbo-provincies.nl]\",\n\"41023936-009d-48ec-a90d-c966895463c1\",\"Geluidszones rondom vliegvelden\",\"[Interprovinciaal Overleg, Interprovinciaal Overleg, Interprovinciaal Overleg]\",\"[inspire@gbo-provincies.nl, inspire@gbo-provincies.nl, inspire@gbo-provincies.nl]\",\n\"wt-f5eb-b09f-4f6d-8397-8878a1b86238\",\"Menselijke gezondheid en veiligheid - geluidbelasting rijkswegen 2011 (INSPIRE geharmoniseerd)\",\"[Rijkswaterstaat, Rijkswaterstaat, , Rijkswaterstaat, Wetransform]\",\"[servicedesk-data@rijkswaterstaat.nl, servicedesk-data@rijkswaterstaat.nl, , servicedesk-data@rijkswaterstaat.nl, info@wetransform.to]\",\n\"wt-3730-e750-485a-9c0c-39bf9be72cf9\",\"Menselijke gezondheid en veiligheid -  geluidbelasting rijkswegen 2006 (INSPIRE geharmoniseerd)\",\"[Rijkswaterstaat, Rijkswaterstaat, , Rijkswaterstaat, Wetransform]\",\"[servicedesk-data@rijkswaterstaat.nl, servicedesk-data@rijkswaterstaat.nl, , servicedesk-data@rijkswaterstaat.nl, info@wetransform.to]\",\n\"c7d8d77b-8c47-4309-8c58-9b12b086407f\",\"Natuurnetwerk Nederland\",\"[Interprovinciaal Overleg, Interprovinciaal Overleg, Interprovinciaal Overleg]\",\"[inspire@gbo-provincies.nl, inspire@gbo-provincies.nl, inspire@gbo-provincies.nl]\",\n\"11a292bd-9022-4a9f-b1bf-02f5c89ad74a\",\"Totale potentie aardwarmte uit aquifers, INSPIRE\",\"[TNO Geologische Dienst Nederland, TNO Geologische Dienst Nederland, TNO Geologische Dienst Nederland]\",\"[info@dinoloket.nl, info@dinoloket.nl, info@dinoloket.nl]\",\n\"krw2006-68b5-4ff3-94a4-9c24109ffd5e\",\"Kaderrichtlijn Water - Oppervlaktewaterlichamen Nederland EU2009 vlakken\",\"[Rijkswaterstaat, Rijkswaterstaat, , Rijkswaterstaat, Rijkswaterstaat]\",\"[servicedesk-data@rijkswaterstaat.nl, servicedesk-data@rijkswaterstaat.nl, , servicedesk-data@rijkswaterstaat.nl, servicedesk-data@rijkswaterstaat.nl]\",\n\"2e31680f-68b5-4ff3-94a4-9c24109ffd5e\",\"Kaderrichtlijn Water - Oppervlaktewaterlichamen Nederland 2019 vlakken\",\"[Rijkswaterstaat, Rijkswaterstaat, , Rijkswaterstaat, Rijkswaterstaat]\",\"[servicedesk-data@rijkswaterstaat.nl, servicedesk-data@rijkswaterstaat.nl, , servicedesk-data@rijkswaterstaat.nl, servicedesk-data@rijkswaterstaat.nl]\",\n\"622a632a-c57b-44a2-83a4-e51223d5f15g\",\"Kaderrichtlijn Water - Oppervlaktewaterlichamen Nederland 2019 lijnen\",\"[Rijkswaterstaat, Rijkswaterstaat, , Rijkswaterstaat, Rijkswaterstaat]\",\"[servicedesk-data@rijkswaterstaat.nl, servicedesk-data@rijkswaterstaat.nl, , servicedesk-data@rijkswaterstaat.nl, servicedesk-data@rijkswaterstaat.nl]\",\n\"710c381c-ab2d-45d5-a45d-af2eba811e5f\",\"Nationaal Hydrologisch Instrumentarium (NHI) - netwerkschematisatie\",\"[Rijkswaterstaat, Rijkswaterstaat, , Rijkswaterstaat, Rijkswaterstaat]\",\"[servicedesk-data@rijkswaterstaat.nl, servicedesk-data@rijkswaterstaat.nl, , servicedesk-data@rijkswaterstaat.nl, servicedesk-data@rijkswaterstaat.nl]\",\n\"f002bfc5-7d87-46b6-819e-8415422b65c9\",\"Aardkundige waarden\",\"[Interprovinciaal Overleg, Interprovinciaal Overleg, Interprovinciaal Overleg]\",\"[inspire@gbo-provincies.nl, inspire@gbo-provincies.nl, inspire@gbo-provincies.nl]\",\n\"110f9ec6-4464-462e-9765-83d90cefbead\",\"Kaderrichtlijn Water - Oppervlaktewaterlichamen Nederland EU2015 vlakken\",\"[Informatiehuis Water, Informatiehuis Water, , Rijkswaterstaat, Informatiehuis Water]\",\"[servicedesk@ihw.nl, servicedesk-data@rijkswaterstaat.nl, , servicedesk-data@rijkswaterstaat.nl, servicedesk@ihw.nl]\",\n\"110f9ec6-4464-462e-9765-83d90cefbeag\",\"Kaderrichtlijn Water - Oppervlaktewaterlichamen Nederland EU2015 lijnen\",\"[Informatiehuis Water, Informatiehuis Water, , Rijkswaterstaat, Informatiehuis Water]\",\"[servicedesk@ihw.nl, servicedesk@ihw.nl, , servicedesk-data@rijkswaterstaat.nl, servicedesk@ihw.nl]\",\n\"krw2006-c57b-44a2-83a4-e51223d5f15g\",\"Kaderrichtlijn Water - Oppervlaktewaterlichamen Nederland EU2009 lijnen\",\"[Rijkswaterstaat, Rijkswaterstaat, , Rijkswaterstaat, Rijkswaterstaat]\",\"[servicedesk-data@rijkswaterstaat.nl, servicedesk-data@rijkswaterstaat.nl, , servicedesk-data@rijkswaterstaat.nl, servicedesk-data@rijkswaterstaat.nl]\",\n\"110f9ec6-4464-462e-9765-83d90cefbeac\",\"Kaderrichtlijn Water - Deelstroomgebieden Nederland EU2015\",\"[Informatiehuis Water, Informatiehuis Water, , Rijkswaterstaat, Rijkswaterstaat]\",\"[servicedesk@ihw.nl, servicedesk@ihw.nl, , servicedesk-data@rijkswaterstaat.nl, servicedesk-data@rijkswaterstaat.nl]\",\n\"krw-782cab20-8328-45f1-a9b2-c27d07c14066\",\"Kaderrichtlijn Water - Deelstroomgebieden Nederland 2019 vlakken\",\"[Rijkswaterstaat, Rijkswaterstaat, , Rijkswaterstaat, Rijkswaterstaat]\",\"[servicedesk-data@rijkswaterstaat.nl, servicedesk-data@rijkswaterstaat.nl, , servicedesk-data@rijkswaterstaat.nl, servicedesk-data@rijkswaterstaat.nl]\",\n\"krm-a905-9d8e-4758-83fa-28b057f185e4\",\"Kaderrichtlijn Mariene Strategie - Mariene wateren Nederland EU2018\",\"[Rijkswaterstaat, Rijkswaterstaat, , Rijkswaterstaat, Rijkswaterstaat]\",\"[servicedesk-data@rijkswaterstaat.nl, servicedesk-data@rijkswaterstaat.nl, , servicedesk-data@rijkswaterstaat.nl, servicedesk-data@rijkswaterstaat.nl]\",\n\"891ddc2d-8949-4a45-be96-c65b87c41f13\",\"Kaderrichtlijn Water - Monitoringlocaties Nederland EU2015\",\"[Informatiehuis Water, Informatiehuis Water, , Rijkswaterstaat, Rijkswaterstaat]\",\"[servicedesk@ihw.nl, servicedesk-data@rijkswaterstaat.nl, , servicedesk-data@rijkswaterstaat.nl, servicedesk-data@rijkswaterstaat.nl]\",\n\"17716ed7-ce0d-4bfd-8868-a398e5578a36\",\"Ruimtelijke plannen Wro: Ruimtelijkeplannen.nl\",\"[Kadaster, Kadaster]\",\"[PPB-GVA@kadaster.nl, ruimtelijkeplannen@kadaster.nl]\",\n\"ror-9d8e-4758-83fx-28b057f185g1\",\"Richtlijn Overstromingsrisico - gebieden met Potentieel Significant Overstromingsrisico EU2018 lijnen\",\"[Rijkswaterstaat, Rijkswaterstaat, , Rijkswaterstaat, Rijkswaterstaat]\",\"[servicedesk-data@rijkswaterstaat.nl, servicedesk-data@rijkswaterstaat.nl, , servicedesk-data@rijkswaterstaat.nl, servicedesk-data@rijkswaterstaat.nl]\",\n\"ror-9d8e-4758-83fx-28b057f185e1\",\"Richtlijn Overstromingsrisico - gebieden met Potentieel Significant Overstromingsrisico EU2018 vlakken\",\"[Rijkswaterstaat, Rijkswaterstaat, , Rijkswaterstaat, Rijkswaterstaat]\",\"[servicedesk-data@rijkswaterstaat.nl, servicedesk-data@rijkswaterstaat.nl, , servicedesk-data@rijkswaterstaat.nl, servicedesk-data@rijkswaterstaat.nl]\",\n\"a9b7026e-0a81-4813-93bd-ba49e6f28502\",\"NWB - Wegen\",\"[Rijkswaterstaat, Rijkswaterstaat, , Rijkswaterstaat, Rijkswaterstaat]\",\"[servicedesk-data@rijkswaterstaat.nl, servicedesk-data@rijkswaterstaat.nl, , servicedesk-data@rijkswaterstaat.nl, servicedesk-data@rws.n]\",\n\"f605a24f-60cd-4c40-94c8-2186aba3ddd0\",\"CBS Vierkantstatistieken 500m\",\"[Centraal Bureau voor de Statistiek, Centraal Bureau voor de Statistiek, Centraal Bureau voor de Statistiek, Centraal Bureau voor de Statistiek]\",\"[infoservice@cbs.nl, infoservice@cbs.nl, infoservice@cbs.nl, ]\",\n\"1462bbce-ccd3-4362-83d8-4535ca8f44eb\",\"CBS Vierkantstatistieken 100m\",\"[Centraal Bureau voor de Statistiek, Centraal Bureau voor de Statistiek, Centraal Bureau voor de Statistiek, Centraal Bureau voor de Statistiek]\",\"[infoservice@cbs.nl, infoservice@cbs.nl, infoservice@cbs.nl, ]\",\n\"ror-9d8e-4758-83fx-28b057f185f1\",\"Richtlijn Overstromingsrisico - historische overstromingen EU2018\",\"[Rijkswaterstaat, Rijkswaterstaat, , Rijkswaterstaat, Rijkswaterstaat]\",\"[servicedesk-data@rijkswaterstaat.nl, servicedesk-data@rijkswaterstaat.nl, , servicedesk-data@rijkswaterstaat.nl, servicedesk-data@rijkswaterstaat.nl]\",\n\"uwwtd-9d8e-4758-83fa-28b057f185e2\",\"Richtlijn Stedelijk Afvalwater - lozingspunten Nederland EU2015\",\"[Rijkswaterstaat, Rijkswaterstaat, , Rijkswaterstaat, Rijkswaterstaat]\",\"[servicedesk-data@rijkswaterstaat.nl, servicedesk-data@rijkswaterstaat.nl, , servicedesk-data@rijkswaterstaat.nl, servicedesk-data@rijkswaterstaat.nl]\",\n\"uwwtd-9d8e-4758-83fa-28b057f185e1\",\"Richtlijn Stedelijk Afvalwater - agglomeraties Nederland EU2015\",\"[Rijkswaterstaat, Rijkswaterstaat, , Rijkswaterstaat, Rijkswaterstaat]\",\"[servicedesk-data@rijkswaterstaat.nl, servicedesk-data@rijkswaterstaat.nl, , servicedesk-data@rijkswaterstaat.nl, servicedesk-data@rijkswaterstaat.nl]\",\n\"af0c582f-9e6b-46e6-865a-fc3a2d5289b9\",\"Bodemgebruik\",\"[Kadaster, Kadaster, Kadaster]\",\"[PPB-GVA@kadaster.nl, kcc@kadaster.nl, kcc@kadaster.nl]\",\n\"76091be7-358a-4a44-8182-b4139c96c6a4\",\"Adressen\",\"[Kadaster, Kadaster, Kadaster]\",\"[PPB-GVA@kadaster.nl, kcc@kadaster.nl, kcc@kadaster.nl]\",\n\"f8d840bc-18df-4449-b797-b9adcb81d3ec\",\"Emissies naar lucht en water in 2015 vanuit de industrie\",\"no organisationName found in dataset record\",\"[emissieregistratie@rivm.nl, , emissieregistratie@rivm.nl]\",\n\"83dab947-387b-49df-8ad2-32bb10d46d38\",\"Geluidkaart Schiphol 2016 (Lden)\",\"[Ministerie van IenW, Ministerie van IenW]\",\"[sylvia.koolmees@minienw.nl, sylvia.koolmees@minienw.nl]\",\n\"d3c9efd6-fca7-49d6-92bb-5f507abece90\",\"Gemeten Ammoniak concentraties in buitenlucht.\",\"no organisationName found in dataset record\",\"[geodata@rivm.nl, geodata@rivm.nl]\",\n\"3eebf700-5abf-42e4-826c-03cfb497e366\",\"Vervoersnetwerken\",\"[Kadaster, Kadaster, Kadaster]\",\"[PPB-GVA@kadaster.nl, kcc@kadaster.nl, kcc@kadaster.nl]\",\n\"df15af6e-0d21-4437-a69f-802be3479bba\",\"Luchtfoto 2016 25cm RGB open data\",\"[Kadaster, Het Waterschapshuis, Kadaster, Eurosense, Eurosense, Eurosense, Kadaster, Kadaster]\",\"[PPB-GVA@kadaster.nl, info@hetwaterschapshuis.nl, kcc@kadaster.nl, , , , , , ]\",\n\"e8b84fae-00b3-49c1-80c1-df8f69f64e8c\",\"EEZ volgens UNCLOS - Noordzee\",\"[Ministerie van Defensie, Koninklijke Marine, Dienst der Hydrografie, Ministerie van Defensie, Koninklijke Marine, Dienst der Hydrografie, Ministerie van Defensie, Koninklijke Marine, Dienst der Hydrografie]\",\"[data@hydro.nl, data@hydro.nl, data@hydro.nl, , ]\",\n\"3d59fd06-9aec-4744-91e7-65e119f74569\",\"Mossel- en oesterhabitats\",\"[Ministerie van Economische Zaken - GIS Competence Center, Wageningen Marine Research, PDOK]\",\"[geodatabeheer.giscc@rvo.nl, geodatabeheer.giscc@rvo.nl, info@wur.nl, BeheerPDOK@kadaster.nl]\",\n\"80630ee7-3a15-4ea0-bdc0-a8aebfa2f204\",\"Oppervlaktegeologie, Geologische kaart onder INSPIRE\",\"[TNO Geologische Dienst Nederland, TNO Geologische Dienst Nederland, TNO Geologische Dienst Nederland]\",\"[info@dinoloket.nl, info@dinoloket.nl, info@dinoloket.nl]\",\n\"a1960e70-22f4-4fd9-91a8-b605c6ceda3e\",\"Kaderrichtlijn Water - Oppervlaktewaterlichamen Nederland EU2015 riviernetwerk\",\"[Informatiehuis Water, Informatiehuis Water, , Rijkswaterstaat, Rijkswaterstaat]\",\"[servicedesk@ihw.nl, servicedesk@ihw.nl, , servicedesk-data@rijkswaterstaat.nl, servicedesk-data@rijkswaterstaat.nl]\",\n\"34e6165f-1269-48d1-b255-0f05d163d692\",\"Geluidszones rondom bedrijventerreinen zowel provinciaal als gemeentelijk\",\"[Interprovinciaal Overleg, Interprovinciaal Overleg, Interprovinciaal Overleg]\",\"[inspire@gbo-provincies.nl, inspire@gbo-provincies.nl, inspire@gbo-provincies.nl]\",\n\"krm-a905-9d8e-4758-83fa-28b057f185e3\",\"Kaderrichtlijn Mariene Strategie - Rapportage eenheden Nederland EU2018\",\"[Rijkswaterstaat, Rijkswaterstaat, , Rijkswaterstaat, Rijkswaterstaat]\",\"[servicedesk-data@rijkswaterstaat.nl, servicedesk-data@rijkswaterstaat.nl, , servicedesk-data@rijkswaterstaat.nl, servicedesk-data@rijkswaterstaat.nl]\",\n\"76541ebb-a554-4540-a017-399d4bb4a860\",\"Population Distribution NL\",\"[Statistics Netherlands, Statistics Netherlands, Statistics Netherlandds, Statistics Netherlands]\",\"[infoservice@cbs.nl, infoservice@cbs.nl, infoservice@cbs.nl, , ]\",\n\"88f76a94-ee4d-4e0c-9fde-91b692403e39\",\"Natuurbranden\",\"[Interprovinciaal Overleg, Interprovinciaal Overleg, Interprovinciaal Overleg]\",\"[inspire@gbo-provincies.nl, inspire@gbo-provincies.nl, inspire@gbo-provincies.nl]\",\n\"1249746f-c2a6-4639-98f2-251676b3528e\",\"Maritieme grenzen - basislijn Noordzee\",\"[Ministerie van Defensie, Koninklijke Marine, Dienst der Hydrografie, Ministerie van Defensie, Koninklijke Marine, Dienst der Hydrografie, Ministerie van Defensie, Koninklijke Marine, Dienst der Hydrografie]\",\"[data@hydro.nl, data@hydro.nl, data@hydro.nl]\",\n\"1a40eb6f-4f33-4e15-a0b1-2d350ad2636e\",\"Geografische Namen (INSPIRE geharmoniseerd)\",\"[Kadaster, Kadaster]\",\"[PPB-GVA@kadaster.nl, kcc@kadaster.nl]\",\n\"bc2c53f6-c908-4d7c-a6c0-78d9a2855640\",\"Overstromingsgevaarkaarten\",\"[Interprovinciaal Overleg, Interprovinciaal Overleg, Interprovinciaal Overleg]\",\"[inspire@gbo-provincies.nl, inspire@gbo-provincies.nl, inspire@gbo-provincies.nl]\",\n\"e80ad426-1392-4349-9f80-14dae5f1bf57\",\"Kadastrale Percelen (INSPIRE geharmoniseerd)\",\"[Kadaster, Kadaster]\",\"[PPB-GVA@kadaster.nl, kcc@kadaster.nl, , ]\",\n\"5b274449-b6c2-4672-a32f-e0bd40975a53\",\"Luchtfoto 2018 25cm RGB open data\",\"[Kadaster, Het Waterschapshuis, Kadaster, Eurosense, Eurosense, Eurosense, Kadaster, Kadaster]\",\"[PPB-GVA@kadaster.nl, info@hetwaterschapshuis.nl, kcc@kadaster.nl, , , , , , ]\",\n\"e536d943-ecff-4d7a-9500-cc31a263a6af\",\"Publiekrechtelijke beperkingen\",\"[Kadaster, Kadaster]\",\"[PPB-GVA@kadaster.nl, kcc@kadaster.nl]\",\n\"effe1ab0-073d-437c-af13-df5c5e07d6cd\",\"CBS gebiedsindelingen\",\"[Centraal Bureau voor de Statistiek, Centraal Bureau voor de Statistiek, Centraal Bureau voor de Statistiek, Kadaster]\",\"[infoservice@cbs.nl, infoservice@cbs.nl, infoservice@cbs.nl, , ]\",\n\"b61a773c-ecad-4e60-93e9-0a4caac0b52f\",\"Olie- en gasvelden onder INSPIRE\",\"[TNO Geologische Dienst Nederland, TNO Geologische Dienst Nederland, TNO Geologische Dienst Nederland]\",\"[info@dinoloket.nl, info@dinoloket.nl, info@dinoloket.nl]\",\n\"88a3c1ae-902e-4efa-8663-ddd836101929\",\"Werelderfgoed\",\"[Rijksdienst voor het Cultureel Erfgoed, Rijksdienst voor het Cultureel Erfgoed, Rijksdienst voor het Cultureel Erfgoed]\",\"[info@cultureelerfgoed.nl, info@cultureelerfgoed.nl, info@cultureelerfgoed.nl]\",\n\"002d9127-c16d-4b8d-9f5e-102a8c8e36c4\",\"Geluidkaart hoofdspoornet 2016 (Lnight)\",\"[Ministerie van IenW, Ministerie van IenW]\",\"[sylvia.koolmees@minienw.nl, sylvia.koolmees@minienw.nl]\",\n\"6f84efeb-fc1d-4565-a721-80735ea57dbd\",\"Rijksmonumenten (verouderd)\",\"[Rijksdienst voor het Cultureel Erfgoed, Rijksdienst voor het Cultureel Erfgoed]\",\"[info@cultureelerfgoed.nl, info@cultureelerfgoed.nl]\",\n\"733559a5-201d-40e5-ad43-d1c7bae84d9f\",\"Gemeten Stikstofdioxide concentraties in buitenlucht.\",\"RIVM\",\"[geodata@rivm.nl, geodata@rivm.nl]\",\n\"af135cd8-d429-4fc7-b9e3-09e15217520d\",\"Gemeten fijnere fractie van Fijn stof concentraties in buitenlucht.\",\"no organisationName found in dataset record\",\"[geodata@rivm.nl, geodata@rivm.nl]\",\n\"4e2ef670-cddd-11dd-ad8b-0800200c9a66\",\"Stads- en Dorpsgezichten\",\"[Rijksdienst voor het Cultureel Erfgoed, Rijksdienst voor het Cultureel Erfgoed, Rijksdienst voor het Cultureel Erfgoed]\",\"[info@cultureelerfgoed.nl, info@cultureelerfgoed.nl, info@cultureelerfgoed.nl]\",\n\"31de946d-85d4-4c93-bb97-e25f4ef1401a\",\"Vervoersnetwerken - Luchttransport (INSPIRE geharmoniseerd)\",\"[Kadaster, Kadaster]\",\"[PPB-GVA@kadaster.nl, kcc@kadaster.nl]\",\n\"fe2f9091-1962-4073-9e3b-3e4aeed488a5\",\"Beperkingen voor voertuigen (INSPIRE geharmoniseerde data)\",\"[RDW, RDW, RDW]\",\"[ontheffingen@rdw.nl, ontheffingen@rdw.nl, , ]\",\n\"5800f3b0-2ea2-4231-8165-216a7b26867f\",\"Gemeten Koolstofmonoxide concentraties in buitenlucht.\",\"RIVM\",\"[geodata@rivm.nl, geodata@rivm.nl]\",\n\"68ebd5c9-0ea1-4f22-9907-ec4c063cd3e2\",\"Landelijk zoet en zoutwatermeetnet - Rijkswaterstaat\",\"[Rijkswaterstaat, Rijkswaterstaat, , Rijkswaterstaat, Rijkswaterstaat]\",\"[servicedesk-data@rijkswaterstaat.nl, servicedesk-data@rijkswaterstaat.nl, , servicedesk-data@rijkswaterstaat.nl, servicedesk-data@rijkswaterstaat.nl]\",\n\"7D35598D-DFBF-C64D-0F1A-92A80A45EB14\",\"BRO GeoTOP (GTM)\",\"[TNO Geologische Dienst Nederland, TNO Geologische Dienst Nederland, TNO Geologische Dienst Nederland]\",\"[info@bro.nl, info@bro.nl, info@dinoloket.nl]\",\n\"07575774-57a1-4419-bab4-6c88fdeb02b2\",\"Hydrografie waterschappen INSPIRE\",\"[Het Waterschapshuis, Het Waterschapshuis, Het Waterschapshuis, Het Waterschapshuis]\",\"[datastromen@hetwaterschapshuis.nl, datastromen@hetwaterschapshuis.nl, , datastromen@hetwaterschapshuis.nl]\",\n\"5c37d29a-006d-4136-8989-adfc35a1d4a7\",\"Wijk- en Buurtkaart 2019 versie 1\",\"[Centraal Bureau voor de Statistiek, Centraal Bureau voor de Statistiek, Centraal Bureau voor de Statistiek, Kadaster]\",\"[infoservice@cbs.nl, infoservice@cbs.nl, infoservice@cbs.nl, , ]\",\n\"32a21114-8694-40ce-ab76-9dcd885c7861\",\"Kwaliteit van drinkwater in Nederland (2012)\",\"[RIVM, ]\",\"[geodata@rivm.nl, , geodata@rivm.nl]\",\n\"9ed6b8ed-254a-4745-a09a-3b57137d1b69\",\"Luchtfoto 2019 25cm CIR open data\",\"[Kadaster, Het Waterschapshuis, Kadaster, Geocart, Geocart, Geocart, Kadaster, Kadaster]\",\"[PPB-GVA@kadaster.nl, info@hetwaterschapshuis.nl, kcc@kadaster.nl, , , , , , ]\",\n\"f91c6ad6-62a5-46d0-8a5b-8a62e7a4b833\",\"Gemeten Stikstofmonoxide concentraties in buitenlucht.\",\"no organisationName found in dataset record\",\"[geodata@rivm.nl, geodata@rivm.nl]\",\n\"24de356e-ec4d-4a18-9903-6401d222b77c\",\"Vergunningen Mijnbouwwet onder INSPIRE\",\"[TNO Geologische Dienst Nederland, TNO Geologische Dienst Nederland, TNO Geologische Dienst Nederland]\",\"[info@dinoloket.nl, info@dinoloket.nl, info@dinoloket.nl]\",\n\"0d6ccccc-7cfb-4eaa-8dc5-8b433d19b121\",\"Landbouwbedrijven\",\"no organisationName found in dataset record\",\"[geodatabeheer.giscc@rvo.nl, gegevensvragenASB@rvo.nl, gegevensvragenASB@rvo.nl]\",\n\"26103042-50a1-4ee5-9c5b-857a2f8b7680\",\"Wijk- en Buurtkaart 2017 versie 3\",\"[Centraal Bureau voor de Statistiek, Centraal Bureau voor de Statistiek, Centraal Bureau voor de Statistiek, Kadaster]\",\"[infoservice@cbs.nl, infoservice@cbs.nl, infoservice@cbs.nl, , ]\",\n\"e1e99000-ec47-4e9f-84a5-adad24fef0dc\",\"Natuurlijke alfa activiteitsconcentratie in lucht Nationaal Meetnet Radioactiviteit 2011\",\"no organisationName found in dataset record\",\"[geodata@rivm.nl, , geodata@rivm.nl]\",\n\"380aa01e-dce7-11e3-9f07-901b0e19e163\",\"Netwerk van KNMI waarneemstations\",\"[Koninklijk Nederlands Meteorologisch Instituut (KNMI), Koninklijk Nederlands Meteorologisch Instituut (KNMI), Koninklijk Nederlands Meteorologisch Instituut (KNMI)]\",\"[datacentrum@knmi.nl, datacentrum@knmi.nl, datacentrum@knmi.nl]\",\n\"73ec579e-c906-433a-b0b6-d3aa33421558\",\"Luchtvaartinformatie\",\"[Luchtverkeersleiding Nederland (LVNL), Luchtverkeersleiding Nederland (LVNL)]\",\"[AIS@LVNL.NL, AIS@LVNL.nl]\",\n\"f44dac86-2228-412f-8355-e56446ca9933\",\"Gebieden in de Eemsmonding en de Dollard\",\"[Ministerie van Defensie, Koninklijke Marine, Dienst der Hydrografie, Ministerie van Defensie, Koninklijke Marine, Dienst der Hydrografie]\",\"[data@hydro.nl, data@hydro.nl, data@hydro.nl]\",\n\"64ff8561-5c56-4cc1-ae0e-94366fb70b7e\",\"Luchtfoto 2019 25cm RGB open data\",\"[Kadaster, Het Waterschapshuis, Kadaster, Geocart, Geocart, Geocart, Kadaster, Kadaster]\",\"[PPB-GVA@kadaster.nl, info@hetwaterschapshuis.nl, kcc@kadaster.nl, , , , , , ]\",\n\"280ed37a-b8d2-4ac5-8567-04d84fad3a41\",\"Natura 2000 (INSPIRE geharmoniseerd)\",\"Ministerie van Landbouw, Natuur en Voedselkwaliteit\",\"[geodatabeheer.giscc@rvo.nl, geodatabeheer.giscc@rvo.nl, beheer@pdok.nl]\",\n",
  "requestTimeStamp": 1600701559558,
  "myVarName": "someValue",
  "responseCookies": null
}

15:19:20.124 [ForkJoinPool-1-worker-11] INFO  com.intuit.karate - [print]
15:19:20.165 [ForkJoinPool-1-worker-11] INFO  com.intuit.karate - [print] testing xlinkurl:http://inspire.ec.europa.eu/applicationschema
15:19:20.156 [ForkJoinPool-1-worker-9] INFO  com.intuit.karate - [print]
15:19:20.179 [ForkJoinPool-1-worker-3] INFO  com.intuit.karate - [print] [
  "http://inspire.ec.europa.eu/id/document/tg/am"
]

15:19:20.180 [ForkJoinPool-1-worker-9] INFO  com.intuit.karate - [print] testing xlinkurl:http://inspire.ec.europa.eu/applicationschema/of
15:19:20.181 [ForkJoinPool-1-worker-13] INFO  com.intuit.karate - [print]
15:19:20.194 [ForkJoinPool-1-worker-13] INFO  com.intuit.karate - [print] testing xlinkurl:http://data.europa.eu/eli/reg/2010/1089
15:19:20.206 [ForkJoinPool-1-worker-3] INFO  com.intuit.karate - [print]
15:19:20.207 [ForkJoinPool-1-worker-3] INFO  com.intuit.karate - [print] testing xlinkurl:http://inspire.ec.europa.eu/id/document/tg/am
15:19:20.212 [pool-1-thread-5] INFO  com.intuit.karate.Runner - <<pass>> feature 5 of 9: classpath:InspireTest/ngr/datasetrecords/def/getcswbriefrecordsjson.feature
---------------------------------------------------------
feature: classpath:InspireTest/ngr/datasetrecords/def/getcswbriefrecordsjson.feature
report: target/surefire-reports/InspireTest.ngr.datasetrecords.def.getcswbriefrecordsjson.json
scenarios:  1 | passed:  1 | failed:  0 | time: 0.5932
---------------------------------------------------------
15:19:20.252 [pool-1-thread-6] INFO  com.intuit.karate - [print] [
  {
    "datasetIdentifierCode": "247a1d15-0a67-40ce-85be-1403c08f15a8",
    "title": "Nationale Parken (INSPIRE Geharmoniseerd)",
    "organisationName": "no organisationName found in dataset record",
    "email": "[geodatabeheer.giscc@rvo.nl, geodatabeheer.giscc@rvo.nl, info@minlnv.nl, , , ]"
  },
  {
    "datasetIdentifierCode": "81ff84ec-42a4-4481-840b-12713bbb5d38",
    "title": "Geografische Namen",
    "organisationName": "[Kadaster, Kadaster, Kadaster]",
    "email": "[PPB-GVA@kadaster.nl, kcc@kadaster.nl, kcc@kadaster.nl]"
  },
  {
    "datasetIdentifierCode": "f2f86edf-ac3a-48e8-9292-0544da2d7645",
    "title": "Emissies naar het riool in 2015 vanuit de industrie",
    "organisationName": "no organisationName found in dataset record",
    "email": "[emissieregistratie@rivm.nl, , emissieregistratie@rivm.nl]"
  },
  {
    "datasetIdentifierCode": "be6551de-a709-4c6d-a5e2-f63f0cf038ba",
    "title": "Amplitude van het getij op de Noordzee",
    "organisationName": "[Ministerie van Defensie, Koninklijke Marine, Dienst der Hydrografie, Ministerie van Defensie, Koninklijke Marine, Dienst der Hydrografie, Ministerie van Defensie, Koninklijke Marine, Dienst der Hydrografie]",
    "email": "[data@hydro.nl, data@hydro.nl, data@hydro.nl, ]"
  },
  {
    "datasetIdentifierCode": "b4ae622c-6201-49d8-bd2e-f7fce9206a1e",
    "title": "Gebouwen (INSPIRE geharmoniseerd)",
    "organisationName": "[Kadaster, Kadaster]",
    "email": "[PPB-GVA@kadaster.nl, kcc@kadaster.nl]"
  },
  {
    "datasetIdentifierCode": "ed960299-a147-4c1a-bc57-41ff83a2264f",
    "title": "Bodemkaart50000_versie2014",
    "organisationName": "[Wageningen Environmental Research, Wageningen Environmental Research (Alterra), Wageningen Environmental Research, Wageningen Environmental Research (Alterra), ALTERRA en voorafgaande instituten, ALTERRA en voorafgaande instituten, Alterra, Alterra, Alterra Wageningen UR, Alterra]",
    "email": "[fokke.brouwer@wur.nl, GeoDesk@wur.nl, fokke.brouwer@wur.nl, GeoDesk@wur.nl]"
  },
  {
    "datasetIdentifierCode": "74aca3eb-c38b-4214-9537-e0abc69e11b5",
    "title": "Luchtfoto 2017 25cm RGB open data",
    "organisationName": "[Kadaster, Het Waterschapshuis, Kadaster, Eurosense, Eurosense, Eurosense, Kadaster, Kadaster]",
    "email": "[PPB-GVA@kadaster.nl, info@hetwaterschapshuis.nl, kcc@kadaster.nl, , , , , , ]"
  },
  {
    "datasetIdentifierCode": "fe0e1e5f-512f-4bb1-bbf8-4028d3dfa24f",
    "title": "Schelpdierpercelen",
    "organisationName": "[Ministerie van Economische Zaken - GIS Competence Center, PDOK]",
    "email": "[geodatabeheer.giscc@rvo.nl, geodatabeheer.giscc@rvo.nl, BeheerPDOK@kadaster.nl]"
  },
  {
    "datasetIdentifierCode": "4b282988-cb91-4bbc-b147-f653014917cb",
    "title": "Hydrografie",
    "organisationName": "[Kadaster, Kadaster, Kadaster]",
    "email": "[PPB-GVA@kadaster.nl, kcc@kadaster.nl, kcc@kadaster.nl]"
  },
  {
    "datasetIdentifierCode": "1c3afc74-cc34-44b7-938a-963e2350795a",
    "title": "Hydrografie - Physical Waters (INSPIRE geharmoniseerd)",
    "organisationName": "[Kadaster, Kadaster]",
    "email": "[PPB-GVA@kadaster.nl, kcc@kadaster.nl]"
  },
  {
    "datasetIdentifierCode": "50a2c5e6-c8e7-425d-854e-26f578196bc9",
    "title": "Afgevoerde hoeveelheid afval in 2011 vanuit de industrie",
    "organisationName": "no organisationName found in dataset record",
    "email": "[emissieregistratie@rivm.nl, , emissieregistratie@rivm.nl]"
  },
  {
    "datasetIdentifierCode": "6c06740d-058f-4a12-bb3f-bf68efd03d09",
    "title": "Vervoersnetwerken - Kabelbanen (INSPIRE geharmoniseerd)",
    "organisationName": "[Kadaster, Kadaster]",
    "email": "[PPB-GVA@kadaster.nl, kcc@kadaster.nl]"
  },
  {
    "datasetIdentifierCode": "8a4f5c3b-aced-48fd-afb5-f1f1d0ef21d6",
    "title": "Omgevingsdosisequivalenttempo Nationaal Meetnet Radioactiviteit 2011",
    "organisationName": "no organisationName found in dataset record",
    "email": "[geodata@rivm.nl, , geodata@rivm.nl]"
  },
  {
    "datasetIdentifierCode": "19165027-a13a-4c19-9013-ec1fd191019d",
    "title": "Wetlands (RAMSAR) (INSPIRE Geharmoniseerd)",
    "organisationName": "[, ]",
    "email": "[geodatabeheer.giscc@rvo.nl, geodatabeheer.giscc@rvo.nl, geodatabeheer.giscc@rvo.nl, GeoDesk.CGI@wur.nl, beheer@pdok.nl, , ]"
  },
  {
    "datasetIdentifierCode": "fe45c540-e37d-11e4-b571-0800200c9a66",
    "title": "Zwemwaterlocaties en zwemwaterkwaliteit - monsterpunten",
    "organisationName": "[Interprovinciaal Overleg, Interprovinciaal Overleg, Interprovinciaal Overleg, Interprovinciaal Overleg, Interprovinciaal Overleg]",
    "email": "[inspire@gbo-provincies.nl, inspire@gbo-provincies.nl, inspire@gbo-provincies.nl]"
  },
  {
    "datasetIdentifierCode": "c3c004ad-5387-4b00-a225-9afbcaa5d31b",
    "title": "Geluidkaart hoofdspoornet 2016 (Lden)",
    "organisationName": "[Ministerie van IenW, Ministerie van IenW]",
    "email": "[sylvia.koolmees@minienw.nl, sylvia.koolmees@minienw.nl]"
  },
  {
    "datasetIdentifierCode": "1be28290-55fa-4486-b9d3-b9d147117863",
    "title": "Luchtfoto 2016 25cm CIR open data",
    "organisationName": "[Kadaster, Het Waterschapshuis, Kadaster, Eurosense, Eurosense, Eurosense, Kadaster, Kadaster]",
    "email": "[PPB-GVA@kadaster.nl, info@hetwaterschapshuis.nl, kcc@kadaster.nl, , , , , , ]"
  },
  {
    "datasetIdentifierCode": "8f45b8ef-0ce8-463a-9059-5efdcecb785c",
    "title": "Vervoersnetwerken - Wegen (INSPIRE geharmoniseerd)",
    "organisationName": "[Kadaster, Kadaster]",
    "email": "[PPB-GVA@kadaster.nl, kcc@kadaster.nl]"
  },
  {
    "datasetIdentifierCode": "b3ec8793-7747-4da0-b6c3-aa384446a586",
    "title": "Gemeten Fijn stof concentraties in buitenlucht.",
    "organisationName": "no organisationName found in dataset record",
    "email": "[geodata@rivm.nl, geodata@rivm.nl]"
  },
  {
    "datasetIdentifierCode": "f273941e-9c3b-43bc-b886-2d50d0bf9348",
    "title": "Habitatrichtlijn verspreidingsgebied van soorten",
    "organisationName": "[Ministerie van Economische Zaken - GIS Competence Center, Wageningen Environmental Research (Alterra), PDOK, CBS, Natuurloket, pgo's]",
    "email": "[geodatabeheer.giscc@rvo.nl, GeoDesk.CGI@wur.nl, geodatabeheer.giscc@rvo.nl, beheerPDOK@kadaster.nl, , , ]"
  },
  {
    "datasetIdentifierCode": "493ab81b-75f8-4205-b030-6b2fd9eb4295",
    "title": "INSPIRE geharmoniseerde Beschermde Gebieden - Cultuur Historie",
    "organisationName": "[Rijksdienst voor het Cultureel Erfgoed, Rijksdienst voor het Cultureel Erfgoed, Rijksdienst voor het Cultureel Erfgoed]",
    "email": "[info@cultureelerfgoed.nl, info@cultureelerfgoed.nl, info@cultureelerfgoed.nl]"
  },
  {
    "datasetIdentifierCode": "34e95842-4e4e-46de-9198-79e8cd4d30dc",
    "title": "Geografische Namen (Nat) - Nederland",
    "organisationName": "[Ministerie van Defensie, Koninklijke Marine, Dienst der Hydrografie, Ministerie van Defensie, Koninklijke Marine, Dienst der Hydrografie, Ministerie van Defensie, Koninklijke Marine, Dienst der Hydrografie]",
    "email": "[data@hydro.nl, data@hydro.nl, data@hydro.nl, , ]"
  },
  {
    "datasetIdentifierCode": "5a1adb58-0bbe-425d-b0fe-577a6c0a4228",
    "title": "Actueel Hoogtebestand Nederland 1 (AHN1)",
    "organisationName": "[Rijkswaterstaat, stuurgroep AHN, , Rijkswaterstaat, Rijkswaterstaat]",
    "email": "[servicedesk-data@rijkswaterstaat.nl, servicedesk-data@rijkswaterstaat.nl, , servicedesk-data@rijkswaterstaat.nl, servicedesk-data@rijkswaterstaat.nl]"
  },
  {
    "datasetIdentifierCode": "7939fd42-cf88-42c5-ab3b-232cf232a3ac",
    "title": "Actueel Hoogtebestand Nederland 2 (AHN2)",
    "organisationName": "[Rijkswaterstaat, stuurgroep AHN, , Rijkswaterstaat, Rijkswaterstaat]",
    "email": "[servicedesk-data@rijkswaterstaat.nl, servicedesk-data@rijkswaterstaat.nl, , servicedesk-data@rijkswaterstaat.nl, servicedesk-data@rijkswaterstaat.nl]"
  },
  {
    "datasetIdentifierCode": "eu-f297898-2640-44c2-bbe9-c0480da83794",
    "title": "Hydrografie - Netwerk (INSPIRE geharmoniseerd) - WT",
    "organisationName": "[Rijkswaterstaat, Rijkswaterstaat, , Rijkswaterstaat, Wetransform]",
    "email": "[servicedesk-data@rijkswaterstaat.nl, servicedesk-data@rijkswaterstaat.nl, , servicedesk-data@rijkswaterstaat.nl, info@wetransform.to]"
  },
  {
    "datasetIdentifierCode": "8de2f5eb-b09f-4f6d-8397-8878a1b86238",
    "title": "Geluidbelasting rijkswegen in Nederland 2011 (24-uurs gemiddelde)",
    "organisationName": "[Rijkswaterstaat, Rijkswaterstaat, , Rijkswaterstaat, Rijkswaterstaat]",
    "email": "[servicedesk-data@rijkswaterstaat.nl, servicedesk-data@rijkswaterstaat.nl, , servicedesk-data@rijkswaterstaat.nl, servicedesk-data@rijkswaterstaat.nl]"
  },
  {
    "datasetIdentifierCode": "4783ea4f-6b8c-4600-8af0-516f3556cfe9",
    "title": "Kaderrichtlijn Water - Register Beschermd Gebied - Schelpdierwater 2008",
    "organisationName": "[Rijkswaterstaat, Rijkswaterstaat, , Rijkswaterstaat, Rijkswaterstaat]",
    "email": "[servicedesk-data@rijkswaterstaat.nl, servicedesk-data@rijkswaterstaat.nl, , servicedesk-data@rijkswaterstaat.nl, servicedesk-data@rijkswaterstaat.nl]"
  },
  {
    "datasetIdentifierCode": "50eef6be-619d-4e16-9b92-48971109b636",
    "title": "Geluidbelasting rijkswegen in Nederland 2011 (nacht gemiddelde)",
    "organisationName": "[Rijkswaterstaat, Rijkswaterstaat, , Rijkswaterstaat, Rijkswaterstaat]",
    "email": "[servicedesk-data@rijkswaterstaat.nl, servicedesk-data@rijkswaterstaat.nl, , servicedesk-data@rijkswaterstaat.nl, servicedesk-data@rijkswaterstaat.nl]"
  },
  {
    "datasetIdentifierCode": "tbjk534p-wubf-crbp-cj25-d4161160gfim",
    "title": "Kaderrichtlijn Mariene Strategie - Bevroren monitoringsdata",
    "organisationName": "[Rijkswaterstaat, Rijkswaterstaat, , Rijkswaterstaat, Rijkswaterstaat]",
    "email": "[servicedesk-data@rijkswaterstaat.nl, servicedesk-data@rijkswaterstaat.nl, , servicedesk-data@rijkswaterstaat.nl, servicedesk-data@rijkswaterstaat.nl]"
  },
  {
    "datasetIdentifierCode": "cf69ec50-9849-4afd-853c-ee56211d336d",
    "title": "Waterstanden en afvoeren actueel - Rijkswaterstaat",
    "organisationName": "[Rijkswaterstaat, Rijkswaterstaat, , Rijkswaterstaat, Rijkswaterstaat]",
    "email": "[servicedesk-data@rijkswaterstaat.nl, servicedesk-data@rijkswaterstaat.nl, , servicedesk-data@rijkswaterstaat.nl, servicedesk-data@rijkswaterstaat.nl]"
  },
  {
    "datasetIdentifierCode": "cbeaebc3-815a-48af-a978-0e16892865fc",
    "title": "Vogelrichtlijn verspreidingsgebied van soorten",
    "organisationName": "[Ministerie van Economische Zaken - GIS Competence Center, Wageningen Environmental Research (Alterra), PDOK, Sovon Vogelonderzoek Nederland]",
    "email": "[geodatabeheer.giscc@rvo.nl, GeoDesk.CGI@wur.nl, geodatabeheer.giscc@rvo.nl, beheerPDOK@kadaster.nl, ]"
  },
  {
    "datasetIdentifierCode": "fcefa13c-44e2-4953-b6d6-1ddceebc57fc",
    "title": "Vogelrichtlijn verspreiding van soorten",
    "organisationName": "[Ministerie van Economische Zaken - GIS Competence Center, Wageningen Environmental Research (Alterra), PDOK, Sovon Vogelonderzoek Nederland]",
    "email": "[geodatabeheer.giscc@rvo.nl, GeoDesk.CGI@wur.nl, geodatabeheer.giscc@rvo.nl, beheerPDOK@kadaster.nl, ]"
  },
  {
    "datasetIdentifierCode": "a322184d-6285-4856-bb78-f450b30ffc0e",
    "title": "Bathymetrie Nederlands deel van de Noordzee dieper dan 10 m LAT",
    "organisationName": "[Ministerie van Defensie, Koninklijke Marine, Dienst der Hydrografie, Ministerie van Defensie, Koninklijke Marine, Dienst der Hydrografie]",
    "email": "[data@hydro.nl, data@hydro.nl, data@hydro.nl, , ]"
  },
  {
    "datasetIdentifierCode": "c2225e5d-b46f-4e38-8445-ab10fd40c0dc",
    "title": "Blokindeling Nederlands Continentaal Plat",
    "organisationName": "[Ministerie van Defensie, Koninklijke Marine, Dienst der Hydrografie, Ministerie van Defensie, Koninklijke Marine, Dienst der Hydrografie, Ministerie van Defensie, Koninklijke Marine, Dienst der Hydrografie]",
    "email": "[data@hydro.nl, data@hydro.nl, data@hydro.nl]"
  },
  {
    "datasetIdentifierCode": "be1b1514-8d1f-48e1-9624-fee9b784138b",
    "title": "Vaarwegmarkeringen Nederland",
    "organisationName": "[Rijkswaterstaat, Rijkswaterstaat, , Rijkswaterstaat, Rijkswaterstaat]",
    "email": "[servicedesk-data@rijkswaterstaat.nl, servicedesk-data@rijkswaterstaat.nl, , servicedesk-data@rijkswaterstaat.nl, servicedesk-data@rijkswaterstaat.nl]"
  },
  {
    "datasetIdentifierCode": "3e57ce43-7707-43ed-a4b9-72b3a6d812f8",
    "title": "Geluidkaart hoofdspoornet 2011 (Lnight)",
    "organisationName": "[Ministerie van IenW, Ministerie van IenW]",
    "email": "[sylvia.koolmees@minienw.nl, sylvia.koolmees@minienw.nl]"
  },
  {
    "datasetIdentifierCode": "12bb57cd-73e0-41ba-a1e9-6d986b9109d3",
    "title": "Human Health NL NUTS2",
    "organisationName": "[Statistics Netherlands, Statistics Netherlands, Statistics Netherlandds, Statistics Netherlands]",
    "email": "[infoservice@cbs.nl, infoservice@cbs.nl, infoservice@cbs.nl, , ]"
  },
  {
    "datasetIdentifierCode": "58e7dc38-a498-4852-b4ef-908f5baa9056",
    "title": "Begrenzingen van vergunde ontgrondingsgebieden voor zand- en grindwinning",
    "organisationName": "[Interprovinciaal Overleg, Interprovinciaal Overleg, Interprovinciaal Overleg]",
    "email": "[inspire@gbo-provincies.nl, inspire@gbo-provincies.nl, inspire@gbo-provincies.nl]"
  },
  {
    "datasetIdentifierCode": "a04afee4-47d5-45b7-b7a0-a6f86106af11",
    "title": "Mosselzaadinvanginstallaties",
    "organisationName": "no organisationName found in dataset record",
    "email": "[geodatabeheer.giscc@rvo.nl, VR@minez.nl, geodatabeheer.giscc@rvo.nl, beheer@pdok.nl]"
  },
  {
    "datasetIdentifierCode": "d845cef6-0e23-4212-a951-b69763e39ef0",
    "title": "Windsnelheden op 100m hoogte (m/s)",
    "organisationName": "no organisationName found in dataset record",
    "email": "[geodatabeheer.giscc@rvo.nl, geodatabeheer.giscc@rvo.nl, ]"
  },
  {
    "datasetIdentifierCode": "7f5d7945-8fa8-4d36-be4c-2fdb3c7d613b",
    "title": "Luchtfoto 2018 25cm CIR open data",
    "organisationName": "[Kadaster, Het Waterschapshuis, Kadaster, Eurosense, Eurosense, Eurosense, Kadaster, Kadaster]",
    "email": "[PPB-GVA@kadaster.nl, info@hetwaterschapshuis.nl, kcc@kadaster.nl, , , , , , ]"
  },
  {
    "datasetIdentifierCode": "844404a2-9cd0-452e-b29a-74588777485a",
    "title": "Geluidkaart hoofdspoornet 2011 (Lden)",
    "organisationName": "[Ministerie van IenW, Ministerie van IenW]",
    "email": "[sylvia.koolmees@minienw.nl, sylvia.koolmees@minienw.nl]"
  },
  {
    "datasetIdentifierCode": "5951efa2-1ff3-4763-a966-a2f5497679ee",
    "title": "Vervoersnetwerken - Waterwegen (INSPIRE geharmoniseerd)",
    "organisationName": "[Kadaster, Kadaster]",
    "email": "[PPB-GVA@kadaster.nl, kcc@kadaster.nl]"
  },
  {
    "datasetIdentifierCode": "3a72b9a4-cda9-11ea-87d0-0242ac130003",
    "title": "Grondwater Monitoring Net",
    "organisationName": "[TNO Geologische Dienst Nederland, TNO Geologische Dienst Nederland, TNO Geologische Dienst Nederland]",
    "email": "[info@bro.nl, Info@bro.nl, info@dinoloket.nl]"
  },
  {
    "datasetIdentifierCode": "25294679-adb9-4c39-a93b-6954ff9414ac",
    "title": "Waterstanden en afvoeren verwacht - Rijkswaterstaat",
    "organisationName": "[Rijkswaterstaat, Rijkswaterstaat, , Rijkswaterstaat, Rijkswaterstaat]",
    "email": "[servicedesk-data@rijkswaterstaat.nl, servicedesk-data@rijkswaterstaat.nl, , servicedesk-data@rijkswaterstaat.nl, servicedesk-data@rijkswaterstaat.nl]"
  },
  {
    "datasetIdentifierCode": "eu-cb527d-f6db-4835-b0cd-deb245241254",
    "title": "Vervoersnetwerken - Wegen (INSPIRE geharmoniseerd) - RWS",
    "organisationName": "[Rijkswaterstaat, Rijkswaterstaat, , Beheer PDOK, Rijkswaterstaat]",
    "email": "[servicedesk-data@rijkswaterstaat.nl, beheerPDOK@kadaster.nl, , beheerPDOK@kadaster.nl, servicedesk-data@rijkswaterstaat.nl]"
  },
  {
    "datasetIdentifierCode": "a7fb2234-f7b4-4a03-b282-f10947f42fb1",
    "title": "Kaart van de bodemopbouw in Nederland 1:50.000 onder INSPIRE",
    "organisationName": "[TNO Geologische Dienst Nederland, Alterra, Wageningen UR, TNO Geologische Dienst Nederland]",
    "email": "[info@dinoloket.nl, geodesk.cgi@wur.nl, info@dinoloket.nl]"
  },
  {
    "datasetIdentifierCode": "03671a9e-6aaf-464d-be99-9aad25cef9e3",
    "title": "Habitatrichtlijn verspreidingsgebied van habitattypen",
    "organisationName": "[Ministerie van Economische Zaken - GIS Competence Center, , Wageningen Environmental Research (Alterra), PDOK, Alterra]",
    "email": "[geodatabeheer.giscc@rvo.nl, , GeoDesk.CGI@wur.nl, geodatabeheer.giscc@rvo.nl, beheerPDOK@kadaster.nl, ]"
  },
  {
    "datasetIdentifierCode": "9d9f1738-aced-47c9-aaa0-c62474a2dcfb",
    "title": "Zeegebieden",
    "organisationName": "[Kadaster, Kadaster, Kadaster]",
    "email": "[PPB-GVA@kadaster.nl, kcc@kadaster.nl, kcc@kadaster.nl]"
  },
  {
    "datasetIdentifierCode": "a5f961e9-ebdd-41e2-b8e8-ab33ed340a83",
    "title": "Adressen (INSPIRE geharmoniseerd)",
    "organisationName": "[Kadaster, Kadaster]",
    "email": "[PPB-GVA@kadaster.nl, kcc@kadaster.nl]"
  },
  {
    "datasetIdentifierCode": "64c987ec-dce6-11e3-8563-901b0e19e163",
    "title": "Actuele synoptische weerwaarnemingen KNMI Nederland per 10 minuten (24 uur)",
    "organisationName": "[Koninklijk Nederlands Meteorologisch Instituut (KNMI), Koninklijk Nederlands Meteorologisch Instituut (KNMI), Koninklijk Nederlands Meteorologisch Instituut (KNMI)]",
    "email": "[datacentrum@knmi.nl, datacentrum@knmi.nl, datacentrum@knmi.nl]"
  },
  {
    "datasetIdentifierCode": "29c17585-e702-463f-a5dc-99d34b17d333",
    "title": "RDinfo",
    "organisationName": "[Kadaster, Dienst van Het Kadaster en Openbare Registers, Dienst voor het Kadaster en de Openbare Registers]",
    "email": "[PPB-GVA@kadaster.nl, kcc@kadaster.nl, rd@kadaster.nl]"
  },
  {
    "datasetIdentifierCode": "2cc2c30c-91b8-412a-a060-e84d25272581",
    "title": "Zones en agglomeraties (Richtlijn Luchtkwaliteit) 2013",
    "organisationName": "no organisationName found in dataset record",
    "email": "[geodata@rivm.nl, , geodata@rivm.nl]"
  },
  {
    "datasetIdentifierCode": "d6b85d84-cdb9-4a6e-b799-cf8826e22a94",
    "title": "Ligging industrie en CO2 emissies",
    "organisationName": "Ministerie van Economische Zaken - GIS Competence Center",
    "email": "[geodatabeheer.giscc@rvo.nl, geodatabeheer.giscc@rvo.nl]"
  },
  {
    "datasetIdentifierCode": "791adbe3-772f-42cb-a3be-5a617bcecef0",
    "title": "Zeegebieden (INSPIRE geharmoniseerd)",
    "organisationName": "[Kadaster, Kadaster]",
    "email": "[PPB-GVA@kadaster.nl, kcc@kadaster.nl]"
  },
  {
    "datasetIdentifierCode": "500d396f-5ec6-4e4b-a151-5fb3cddd8082",
    "title": "Gemeten Zwaveldioxide concentraties in buitenlucht.",
    "organisationName": "no organisationName found in dataset record",
    "email": "[geodata@rivm.nl, geodata@rivm.nl]"
  },
  {
    "datasetIdentifierCode": "14657c9b-91e4-4355-8563-2911ad0e78e4",
    "title": "Vervoersnetwerken - Gemeenschappelijke elementen (INSPIRE geharmoniseerd)",
    "organisationName": "[Kadaster, Kadaster]",
    "email": "[PPB-GVA@kadaster.nl, kcc@kadaster.nl]"
  },
  {
    "datasetIdentifierCode": "adn73c4a-ef03-4785-b7f6-942e86b385f7",
    "title": "Bathymetrie Nederland - binnenwateren",
    "organisationName": "[Rijkswaterstaat, Rijkswaterstaat, , Rijkswaterstaat, Rijkswaterstaat]",
    "email": "[servicedesk-data@rijkswaterstaat.nl, servicedesk-data@rijkswaterstaat.nl, , servicedesk-data@rijkswaterstaat.nl, servicedesk-data@rijkswaterstaat.nl]"
  },
  {
    "datasetIdentifierCode": "edf79e6a-d73d-4def-8d22-0f495cc76a73",
    "title": "Bronbestanden waterkwaliteit",
    "organisationName": "[Informatiehuis Water, Informatiehuis Water]",
    "email": "[servicedesk@ihw.nl, servicedesk@ihw.nl]"
  },
  {
    "datasetIdentifierCode": "6050578f-0010-4bfa-b013-c8617b80ba62",
    "title": "Grondwatersamenstellinggegevens KRW meetronde 2012 onder INSPIRE",
    "organisationName": "[TNO Geologische Dienst Nederland, TNO Geologische Dienst Nederland, TNO Geologische Dienst Nederland]",
    "email": "[info@dinoloket.nl, info@dinoloket.nl, info@dinoloket.nl]"
  },
  {
    "datasetIdentifierCode": "b59f06c0-dce5-11e3-9c10-901b0e19e163",
    "title": "Aardbevingen Nederland (KNMI)",
    "organisationName": "[Koninklijk Nederlands Meteorologisch Instituut (KNMI), Koninklijk Nederlands Meteorologisch Instituut (KNMI), Koninklijk Nederlands Meteorologisch Instituut (KNMI)]",
    "email": "[datacentrum@knmi.nl, datacentrum@knmi.nl, datacentrum@knmi.nl]"
  },
  {
    "datasetIdentifierCode": "d9baa847-4652-4588-abe1-0b050f40f27f",
    "title": "Ziekenhuizen in Nederland (september 2013)",
    "organisationName": "no organisationName found in dataset record",
    "email": "[atlas@rivm.nl, , geodata@rivm.nl]"
  },
  {
    "datasetIdentifierCode": "9dd9bf30-36e6-45ae-b368-bdef2720bdde",
    "title": "Bodemkundig boormonsterprofiel onder INSPIRE",
    "organisationName": "[TNO Geologische Dienst Nederland, Alterra, Wageningen UR, TNO Geologische Dienst Nederland]",
    "email": "[info@dinoloket.nl, geodesk.cgi@wur.nl, info@dinoloket.nl]"
  },
  {
    "datasetIdentifierCode": "e3b0da1e-0664-4025-b3f5-a54d74a26450",
    "title": "zoutvelden en zoutproductieputten onder INSPIRE",
    "organisationName": "[TNO Geologische Dienst Nederland, TNO Geologische Dienst Nederland, TNO Geologische Dienst Nederland]",
    "email": "[info@dinoloket.nl, info@dinoloket.nl, info@dinoloket.nl]"
  },
  {
    "datasetIdentifierCode": "3703b249-a0eb-484e-ba7a-10e31a55bcec",
    "title": "Invasieve Exoten (INSPIRE Geharmoniseerd)",
    "organisationName": "Ministerie van Landbouw, Natuur en Voedselkwaliteit",
    "email": "[geodatabeheer.giscc@rvo.nl, Geodatabeheer.GISCC@rvo.nl]"
  },
  {
    "datasetIdentifierCode": "10d1153e-778f-4995-9b6c-7c69b196cccb",
    "title": "Statistical Units Vector",
    "organisationName": "[Statistics Netherlands, Statistics Netherlands, Statistics Netherlandds, Statistics Netherlands]",
    "email": "[infoservice@cbs.nl, infoservice@cbs.nl, infoservice@cbs.nl, , ]"
  },
  {
    "datasetIdentifierCode": "c5c4a6d6-b850-473c-8ab5-af9c2c550809",
    "title": "Administratieve Eenheden",
    "organisationName": "[Kadaster, Kadaster en Openbare Registers, Kadaster en de Openbare Registers]",
    "email": "[PPB-GVA@kadaster.nl, kcc@kadaster.nl, kcc@kadaster.nl]"
  },
  {
    "datasetIdentifierCode": "db8d613f-5edc-4467-9cc0-e2dcfb9d64a8",
    "title": "Statistical Units Grid",
    "organisationName": "[Statistics Netherlands, Statistics Netherlands, Statistics Netherlandds, Statistics Netherlands]",
    "email": "[infoservice@cbs.nl, infoservice@cbs.nl, infoservice@cbs.nl, , ]"
  },
  {
    "datasetIdentifierCode": "29d5310f-dd0d-45ba-abad-b4ffc6b8785f",
    "title": "TOP10NL",
    "organisationName": "[Kadaster, Kadaster, Kadaster, Kadaster, Kadaster, Kadaster, Kadaster, Kadaster, Kadaster]",
    "email": "[PPB-GVA@kadaster.nl, kcc@kadaster.nl, kcc@kadaster.nl, , , , , , ]"
  },
  {
    "datasetIdentifierCode": "dc5b522e-3e14-4738-9e8e-2401e1b19ef2",
    "title": "Potentieel koude en warmte uit open en gesloten WKO systemen (GJ/ha.jaar)",
    "organisationName": "[Ministerie van Economische Zaken - GIS Competence Center, Ministerie van Economische Zaken - GIS Competence Center]",
    "email": "[geodatabeheer.giscc@rvo.nl, geodatabeheer.giscc@rvo.nl, geodatabeheer.giscc@rvo.nl]"
  },
  {
    "datasetIdentifierCode": "977e0e94-7aa9-4784-b2da-eaec44adb61b",
    "title": "Habitatrichtlijn verspreiding van habitattypen",
    "organisationName": "[Ministerie van Economische Zaken - GIS Competence Center, Wageningen Environmental Research (Alterra), PDOK, Alterra]",
    "email": "[geodatabeheer.giscc@rvo.nl, GeoDesk.CGI@wur.nl, geodatabeheer.giscc@rvo.nl, beheerPDOK@kadaster.nl, ]"
  },
  {
    "datasetIdentifierCode": "58d39928-f502-48c9-a8c1-03244dc181bf",
    "title": "Geluidkaart Schiphol 2016 (Lnight)",
    "organisationName": "[Ministerie van IenW, Ministerie van IenW]",
    "email": "[sylvia.koolmees@minienw.nl, sylvia.koolmees@minienw.nl]"
  },
  {
    "datasetIdentifierCode": "3a7dd0a6-d130-4c4c-b0ba-24365cf036e2",
    "title": "Vervoersnetwerken - Spoorwegen (INSPIRE geharmoniseerd)",
    "organisationName": "[Kadaster, Kadaster]",
    "email": "[PPB-GVA@kadaster.nl, kcc@kadaster.nl]"
  },
  {
    "datasetIdentifierCode": "588a4cb1-b442-4ac1-87e4-40401e353166",
    "title": "Jaarcijfers Landelijk Meetnet Luchtkwaliteit 2012",
    "organisationName": "no organisationName found in dataset record",
    "email": "[geodata@rivm.nl, , geodata@rivm.nl]"
  },
  {
    "datasetIdentifierCode": "7c24ea89-074e-4c4f-91e3-d38e813e9cb6",
    "title": "Luchtfoto 2017 25cm CIR open data",
    "organisationName": "[Kadaster, Het Waterschapshuis, Kadaster, Eurosense, Eurosense, Eurosense, Kadaster, Kadaster]",
    "email": "[PPB-GVA@kadaster.nl, info@hetwaterschapshuis.nl, kcc@kadaster.nl, , , , , , ]"
  },
  {
    "datasetIdentifierCode": "d8f370e8-123c-4ab3-9410-04f728327ac6",
    "title": "Gemeten Ozon concentraties in buitenlucht.",
    "organisationName": "no organisationName found in dataset record",
    "email": "[geodata@rivm.nl, geodata@rivm.nl]"
  },
  {
    "datasetIdentifierCode": "c7662717-9e43-4367-a344-723d73abbb3e",
    "title": "-Gegevens boormonsterprofiel onder PDOK",
    "organisationName": "[TNO Geologische Dienst Nederland, TNO Geologische Dienst Nederland]",
    "email": "[info@dinoloket, info@dinoloket.nl]"
  },
  {
    "datasetIdentifierCode": "b3f66964-a8c1-456f-9799-9cafca2cb7b1",
    "title": "Monitoring stations (Nitraatrichtlijn) ondiepe filters",
    "organisationName": "no organisationName found in dataset record",
    "email": "[geodata@rivm.nl, , geodata@rivm.nl]"
  },
  {
    "datasetIdentifierCode": "8b0b02a0-1e1b-4cda-bcfe-6fa0f738e38f",
    "title": "Emissies naar het riool in 2011 vanuit de industrie",
    "organisationName": "no organisationName found in dataset record",
    "email": "[emissieregistratie@rivm.nl, , emissieregistratie@rivm.nl]"
  },
  {
    "datasetIdentifierCode": "7dd1fd45-ace5-41e0-93a6-64e3be231717",
    "title": "Administratieve Eenheden (INSPIRE geharmoniseerd)",
    "organisationName": "[Kadaster, Kadaster]",
    "email": "[PPB-GVA@kadaster.nl, kcc@kadaster.nl]"
  },
  {
    "datasetIdentifierCode": "4617f0e0-6af4-4ac0-9044-31df9d03071c",
    "title": "Gebieden in de territoriale zee",
    "organisationName": "[Ministerie van Defensie, Koninklijke Marine, Dienst der Hydrografie, Ministerie van Defensie, Koninklijke Marine, Dienst der Hydrografie, Ministerie van Defensie, Koninklijke Marine, Dienst der Hydrografie]",
    "email": "[data@hydro.nl, data@hydro.nl, data@hydro.nl, , ]"
  },
  {
    "datasetIdentifierCode": "a29917b9-3426-4041-a11b-69bcb2256904",
    "title": "Kadastrale kaart v4",
    "organisationName": "[Kadaster, Kadaster en Openbare Registers, Dienst voor het Kadaster en de Openbare Registers]",
    "email": "[PPB-GVA@kadaster.nl, kcc@kadaster.nl, kcc@kadaster.nl, , ]"
  },
  {
    "datasetIdentifierCode": "08b27bf0-e34a-4b30-9eac-5edadfb6a288",
    "title": "Afgevoerde hoeveelheid afval in 2015 vanuit de industrie",
    "organisationName": "no organisationName found in dataset record",
    "email": "[emissieregistratie@rivm.nl, , emissieregistratie@rivm.nl]"
  },
  {
    "datasetIdentifierCode": "f1d27179-36eb-4376-8048-f51d2eb23a09",
    "title": "Nederlands deel PSSA Waddenzee",
    "organisationName": "[Ministerie van Defensie, Koninklijke Marine, Dienst der Hydrografie, Ministerie van Defensie, Koninklijke Marine, Dienst der Hydrografie, Ministerie van Defensie, Koninklijke Marine, Dienst der Hydrografie]",
    "email": "[data@hydro.nl, data@hydro.nl, data@hydro.nl, , ]"
  },
  {
    "datasetIdentifierCode": "b6ee58a1-b097-4c6d-8600-eb81efc1468c",
    "title": "Productie/industrie-inrichtingen (o.b.v. SBI-codes) uit {Risico Register Gevaarlijke stoffen (RRGS)}",
    "organisationName": "[Interprovinciaal Overleg, Interprovinciaal Overleg, Interprovinciaal Overleg]",
    "email": "[inspire@gbo-provincies.nl, inspire@gbo-provincies.nl, inspire@gbo-provincies.nl]"
  },
  {
    "datasetIdentifierCode": "36a7e8cb-8300-4602-93d2-135943365a6f",
    "title": "Monitoring stations (Nitraatrichtlijn) diepe filters",
    "organisationName": "no organisationName found in dataset record",
    "email": "[geodata@rivm.nl, , geodata@rivm.nl]"
  },
  {
    "datasetIdentifierCode": "daa63e4c-dce6-11e3-991e-901b0e19e163",
    "title": "Gecontroleerde klimatologische daggegevens KNMI Nederland",
    "organisationName": "[Koninklijk Nederlands Meteorologisch Instituut (KNMI), Koninklijk Nederlands Meteorologisch Instituut (KNMI), Koninklijk Nederlands Meteorologisch Instituut (KNMI)]",
    "email": "[datacentrum@knmi.nl, datacentrum@knmi.nl, datacentrum@knmi.nl]"
  },
  {
    "datasetIdentifierCode": "6c1cf452-8c62-4046-99ab-640a5e184f9c",
    "title": "Geologisch booronderzoek onder INSPIRE",
    "organisationName": "[TNO Geologische Dienst Nederland, TNO Geologische Dienst Nederland, TNO Geologische Dienst Nederland]",
    "email": "[info@dinoloket.nl, info@dinoloket.nl, info@dinoloket.nl]"
  },
  {
    "datasetIdentifierCode": "3387ef8a-9237-453a-aa4e-585d1e193550",
    "title": "Nationaal Beschermde Gebieden (CDDA) (INSPIRE geharmoniseerd)",
    "organisationName": "[Ministerie van Economische Zaken - GIS Competence Center, Ministerie van Landbouw, Natuur en Voedselkwaliteit, Ministerie van Economische Zaken - GIS Competence Center]",
    "email": "[geodatabeheer.giscc@rvo.nl, geodatabeheer.giscc@rvo.nl, geodatabeheer.giscc@rvo.nl]"
  },
  {
    "datasetIdentifierCode": "d24ccb35-e9d2-41bf-b231-43083fc0c76d",
    "title": "LCP emissies (Richtlijn Industriële emissies) 2016",
    "organisationName": "no organisationName found in dataset record",
    "email": "[emissieregistratie@rivm.nl, , emissieregistratie@rivm.nl]"
  },
  {
    "datasetIdentifierCode": "adn73c4a-ef03-4785-b7f6-942e86b385f5",
    "title": "Bathymetrie Nederland - kust",
    "organisationName": "[Rijkswaterstaat, Rijkswaterstaat, , Rijkswaterstaat, Rijkswaterstaat]",
    "email": "[servicedesk-data@rijkswaterstaat.nl, servicedesk-data@rijkswaterstaat.nl, , servicedesk-data@rijkswaterstaat.nl, servicedesk-data@rijkswaterstaat.nl]"
  },
  {
    "datasetIdentifierCode": "ad6caa40-89ab-47e3-85ab-3f8e32024a71",
    "title": "Emissies naar lucht en water in 2011 vanuit de industrie",
    "organisationName": "no organisationName found in dataset record",
    "email": "[emissieregistratie@rivm.nl, , emissieregistratie@rivm.nl]"
  },
  {
    "datasetIdentifierCode": "F646DFB9-5BF6-EAB9-042B-CAB6FF2DC275",
    "title": "BRO Digital Geological Model (DGM)",
    "organisationName": "[TNO Geologische Dienst Nederland, TNO Geologische Dienst Nederland, TNO Geologische Dienst Nederland]",
    "email": "[info@bro.nl, info@bro.nl, info@dinoloket.nl]"
  },
  {
    "datasetIdentifierCode": "afc450bd-65b3-4e59-b0fb-619869bf6ada",
    "title": "Landelijk grondwaterregister - Faciliteiten voor productie en industrie",
    "organisationName": "[Interprovinciaal Overleg, Interprovinciaal Overleg, Interprovinciaal Overleg, Interprovinciaal Overleg, Interprovinciaal Overleg]",
    "email": "[inspire@gbo-provincies.nl, inspire@gbo-provincies.nl, inspire@gbo-provincies.nl, , ]"
  },
  {
    "datasetIdentifierCode": "E7D9F0D6-2B8D-6699-F26E-4A781228F2DD",
    "title": "BRO REGIS II Hydrogeologisch model (HGM)",
    "organisationName": "[TNO Geologische Dienst Nederland, TNO Geologische Dienst Nederland, TNO Geologische Dienst Nederland]",
    "email": "[info@bro.nl, info@bro.nl, info@dinoloket.nl]"
  },
  {
    "datasetIdentifierCode": "71c2b7d2-a1a8-4836-b8d4-7247d331b04d",
    "title": "CBS Provincies 2012",
    "organisationName": "[Centraal Bureau voor de Statistiek, Centraal Bureau voor de Statistiek, Centraal Bureau voor de Statistiek, Kadaster]",
    "email": "[infoservice@cbs.nl, infoservice@cbs.nl, infoservice@cbs.nl, , ]"
  },
  {
    "datasetIdentifierCode": "eu-2c7040b-c448-451b-bf15-f2416ecaadd1",
    "title": "Vervoersnetwerken - Waterwegen (INSPIRE geharmoniseerd) - WT",
    "organisationName": "[Rijkswaterstaat, Rijkswaterstaat, , Rijkswaterstaat, Wetransform]",
    "email": "[servicedesk-data@rijkswaterstaat.nl, servicedesk-data@rijkswaterstaat.nl, , servicedesk-data@rijkswaterstaat.nl, info@wetransform.to]"
  },
  {
    "datasetIdentifierCode": "a5241416-8401-4623-be61-57ef50447a41",
    "title": "Maritieme grenzen - Noordzee",
    "organisationName": "[Ministerie van Defensie, Koninklijke Marine, Dienst der Hydrografie, Ministerie van Defensie, Koninklijke Marine, Dienst der Hydrografie, Ministerie van Defensie, Koninklijke Marine, Dienst der Hydrografie]",
    "email": "[data@hydro.nl, data@hydro.nl, data@hydro.nl, , ]"
  },
  {
    "datasetIdentifierCode": "6318009c-7b11-4ab9-9929-735584dfb692",
    "title": "Land Use 2015",
    "organisationName": "[Statistics Netherlands, Statistics Netherlands, PDOK]",
    "email": "[infoservice@cbs.nl, infoservice@cbs.nl, , , ]"
  },
  {
    "datasetIdentifierCode": "2daad588-11ef-47de-9832-6fe2c3b93e6d",
    "title": "Overstromingsrisicokaarten",
    "organisationName": "[Interprovinciaal Overleg, Interprovinciaal Overleg, Interprovinciaal Overleg]",
    "email": "[inspire@gbo-provincies.nl, inspire@gbo-provincies.nl, inspire@gbo-provincies.nl]"
  },
  {
    "datasetIdentifierCode": "f5f68d51-2ca4-4897-8227-d3938b2b0a7e",
    "title": "Afvalinrichtingen inclusief nucleaire inrichtingen",
    "organisationName": "[Interprovinciaal Overleg, Interprovinciaal Overleg, Interprovinciaal Overleg]",
    "email": "[inspire@gbo-provincies.nl, inspire@gbo-provincies.nl, inspire@gbo-provincies.nl]"
  },
  {
    "datasetIdentifierCode": "60a2a7c2-d5b3-4ad5-b562-c448695357fb",
    "title": "Nationale Landschappen",
    "organisationName": "[Interprovinciaal Overleg, Interprovinciaal Overleg, Interprovinciaal Overleg]",
    "email": "[inspire@gbo-provincies.nl, inspire@gbo-provincies.nl, inspire@gbo-provincies.nl]"
  },
  {
    "datasetIdentifierCode": "cc408b2d-09a6-4b2b-9aa3-b46bfe2f00a5",
    "title": "Stiltegebieden",
    "organisationName": "[Interprovinciaal Overleg, Interprovinciaal Overleg, Interprovinciaal Overleg]",
    "email": "[inspire@gbo-provincies.nl, inspire@gbo-provincies.nl, inspire@gbo-provincies.nl]"
  },
  {
    "datasetIdentifierCode": "ca94a0cb-7561-4a10-a7d6-b840e56c33ff",
    "title": "Provinciale monumenten",
    "organisationName": "[Interprovinciaal Overleg, Interprovinciaal Overleg, Interprovinciaal Overleg]",
    "email": "[inspire@gbo-provincies.nl, inspire@gbo-provincies.nl, inspire@gbo-provincies.nl]"
  },
  {
    "datasetIdentifierCode": "998ba1dc-f6a6-49a3-a021-51f30d9b1d0e",
    "title": "Wet Ammoniak en Veehouderij gebieden",
    "organisationName": "[Interprovinciaal Overleg, Interprovinciaal Overleg, Interprovinciaal Overleg]",
    "email": "[inspire@gbo-provincies.nl, inspire@gbo-provincies.nl, inspire@gbo-provincies.nl]"
  },
  {
    "datasetIdentifierCode": "49ab8bee-b467-486a-96ca-b950443c453a",
    "title": "Beschermde gebieden - Provincies (INSPIRE geharmoniseerd)",
    "organisationName": "[Interprovinciaal Overleg, Interprovinciaal Overleg, Interprovinciaal Overleg]",
    "email": "[inspire@gbo-provincies.nl, inspire@gbo-provincies.nl, inspire@gbo-provincies.nl]"
  },
  {
    "datasetIdentifierCode": "f0821bfe-5a0a-11e9-8647-d663bd873d93",
    "title": "NB-wetgebieden buiten Natura 2000",
    "organisationName": "[Interprovinciaal Overleg, Interprovinciaal Overleg, Interprovinciaal Overleg]",
    "email": "[inspire@gbo-provincies.nl, inspire@gbo-provincies.nl, inspire@gbo-provincies.nl]"
  },
  {
    "datasetIdentifierCode": "110f9ec6-4464-462e-9765-83d90cefbeab",
    "title": "Kaderrichtlijn Water - Stroomgebieddistricten Nederland EU2015",
    "organisationName": "[Informatiehuis Water, Informatiehuis Water, , Rijkswaterstaat, Rijkswaterstaat]",
    "email": "[servicedesk@ihw.nl, servicedesk-data@rijkswaterstaat.nl, , servicedesk-data@rijkswaterstaat.nl, servicedesk-data@rijkswaterstaat.nl]"
  },
  {
    "datasetIdentifierCode": "c935f2ab-9b65-4dc4-94a0-73aeb840a941",
    "title": "Overheidsdiensten",
    "organisationName": "[Kamer van Koophandel, Kamer van Koophandel]",
    "email": "[erik.simonse@kvk.nl, erik.simonse@kvk.nl]"
  },
  {
    "datasetIdentifierCode": "krw-f7bb2351-9788-42ea-a58b-a5ee1842304e",
    "title": "Kaderrichtlijn Water - Stroomgebieddistricten Nederland 2019 vlakken",
    "organisationName": "[Rijkswaterstaat, Rijkswaterstaat, , Rijkswaterstaat, Rijkswaterstaat]",
    "email": "[servicedesk-data@rijkswaterstaat.nl, servicedesk-data@rijkswaterstaat.nl, , servicedesk-data@rijkswaterstaat.nl, servicedesk-data@rijkswaterstaat.nl]"
  },
  {
    "datasetIdentifierCode": "bb11be63-bd38-4632-bf54-df44c423a529",
    "title": "Territoriale Zee volgens UNCLOS - Noordzee",
    "organisationName": "[Ministerie van Defensie, Koninklijke Marine, Dienst der Hydrografie, Ministerie van Defensie, Koninklijke Marine, Dienst der Hydrografie, Ministerie van Defensie, Koninklijke Marine, Dienst der Hydrografie]",
    "email": "[data@hydro.nl, data@hydro.nl, data@hydro.nl, , ]"
  },
  {
    "datasetIdentifierCode": "4cda487b-c467-490c-a843-6563fec016be",
    "title": "Aansluitende zone volgens UNCLOS - Noordzee",
    "organisationName": "[Ministerie van Defensie, Koninklijke Marine, Dienst der Hydrografie, Ministerie van Defensie, Koninklijke Marine, Dienst der Hydrografie, Ministerie van Defensie, Koninklijke Marine, Dienst der Hydrografie]",
    "email": "[data@hydro.nl, data@hydro.nl, data@hydro.nl, , ]"
  },
  {
    "datasetIdentifierCode": "uwwtd-9d8e-4758-83fa-28b057f185e3",
    "title": "Richtlijn Stedelijk Afvalwater - rioolwaterzuiveringsinstallaties Nederland EU2015",
    "organisationName": "[Rijkswaterstaat, Rijkswaterstaat, , Rijkswaterstaat, Rijkswaterstaat]",
    "email": "[servicedesk-data@rijkswaterstaat.nl, servicedesk-data@rijkswaterstaat.nl, , servicedesk-data@rijkswaterstaat.nl, servicedesk-data@rijkswaterstaat.nl]"
  },
  {
    "datasetIdentifierCode": "0f128799-cf18-4b37-a721-e62b068191f5",
    "title": "Gebiedsbeheer, gebieden waar beperkingen gelden, gereguleerde gebieden en rapportage-eenheden - Provincies (INSPIRE geharmoniseerd)",
    "organisationName": "[Interprovinciaal Overleg, Interprovinciaal Overleg, Interprovinciaal Overleg]",
    "email": "[inspire@gbo-provincies.nl, inspire@gbo-provincies.nl, inspire@gbo-provincies.nl]"
  },
  {
    "datasetIdentifierCode": "0558a41c-b09a-47fa-b8db-9de6bfe4f494",
    "title": "Gebouwen",
    "organisationName": "[Kadaster, Kadaster, Kadaster]",
    "email": "[PPB-GVA@kadaster.nl, kcc@kadaster.nl, kcc@kadaster.nl]"
  },
  {
    "datasetIdentifierCode": "df5ee213-e1bd-433b-80f7-4ea20f493ca8",
    "title": "Zwemwaterkwaliteit (provinciaal en Rijkswateren) uit {Zwemwaterregister}",
    "organisationName": "[Interprovinciaal Overleg, Interprovinciaal Overleg, Interprovinciaal Overleg]",
    "email": "[inspire@gbo-provincies.nl, inspire@gbo-provincies.nl, inspire@gbo-provincies.nl]"
  },
  {
    "datasetIdentifierCode": "6cde2ce7-3ecd-4785-b7b8-d62c3381efe9",
    "title": "Wijk- en Buurtkaart 2016 versie 3",
    "organisationName": "[Centraal Bureau voor de Statistiek, Centraal Bureau voor de Statistiek, Centraal Bureau voor de Statistiek, Kadaster]",
    "email": "[infoservice@cbs.nl, infoservice@cbs.nl, infoservice@cbs.nl, , ]"
  },
  {
    "datasetIdentifierCode": "28c4780a-1a44-4376-b283-14a50a481729",
    "title": "Habitatrichtlijn verspreiding van soorten",
    "organisationName": "[Wageningen Environmental Research (Alterra), PDOK, CBS, Natuurloket, PGO's]",
    "email": "[geodatabeheer.giscc@rvo.nl, GeoDesk.CGI@wur.nl, geodatabeheer.giscc@rvo.nl, beheerPDOK@kadaster.nl, , , ]"
  },
  {
    "datasetIdentifierCode": "ffefc3dc-dc8f-4589-ae22-a60bebcdf5cb",
    "title": "Wijk- en Buurtkaart 2018 versie 2",
    "organisationName": "[Centraal Bureau voor de Statistiek, Centraal Bureau voor de Statistiek, Centraal Bureau voor de Statistiek, Kadaster]",
    "email": "[infoservice@cbs.nl, infoservice@cbs.nl, infoservice@cbs.nl, , ]"
  },
  {
    "datasetIdentifierCode": "2d3dd6d2-2d2b-4b5f-9e30-86e19ed77a56",
    "title": "Bestand Bodemgebruik 2015",
    "organisationName": "[Centraal Bureau voor de Statistiek, Centraal Bureau voor de Statistiek, PDOK]",
    "email": "[infoservice@cbs.nl, infoservice@cbs.nl, , , ]"
  },
  {
    "datasetIdentifierCode": "wt-83730-e750-485a-9c0c-39bf9be72cf8",
    "title": "Menselijke gezondheid en veiligheid - geluidbelasting rijkswegen 2016 (INSPIRE geharmoniseerd)",
    "organisationName": "[Rijkswaterstaat, Rijkswaterstaat, , Rijkswaterstaat, Wetransform]",
    "email": "[servicedesk-data@rijkswaterstaat.nl, servicedesk-data@rijkswaterstaat.nl, , servicedesk-data@rijkswaterstaat.nl, info@wetransform.to]"
  },
  {
    "datasetIdentifierCode": "9986a7ef-e5e2-4a7a-9018-2e1f9631ba8c",
    "title": "Zwemwater (provinciaal en Rijkswateren) uit {Zwemwaterregister}",
    "organisationName": "[Interprovinciaal Overleg, Interprovinciaal Overleg, Interprovinciaal Overleg]",
    "email": "[inspire@gbo-provincies.nl, inspire@gbo-provincies.nl, inspire@gbo-provincies.nl]"
  },
  {
    "datasetIdentifierCode": "41023936-009d-48ec-a90d-c966895463c1",
    "title": "Geluidszones rondom vliegvelden",
    "organisationName": "[Interprovinciaal Overleg, Interprovinciaal Overleg, Interprovinciaal Overleg]",
    "email": "[inspire@gbo-provincies.nl, inspire@gbo-provincies.nl, inspire@gbo-provincies.nl]"
  },
  {
    "datasetIdentifierCode": "wt-f5eb-b09f-4f6d-8397-8878a1b86238",
    "title": "Menselijke gezondheid en veiligheid - geluidbelasting rijkswegen 2011 (INSPIRE geharmoniseerd)",
    "organisationName": "[Rijkswaterstaat, Rijkswaterstaat, , Rijkswaterstaat, Wetransform]",
    "email": "[servicedesk-data@rijkswaterstaat.nl, servicedesk-data@rijkswaterstaat.nl, , servicedesk-data@rijkswaterstaat.nl, info@wetransform.to]"
  },
  {
    "datasetIdentifierCode": "wt-3730-e750-485a-9c0c-39bf9be72cf9",
    "title": "Menselijke gezondheid en veiligheid -  geluidbelasting rijkswegen 2006 (INSPIRE geharmoniseerd)",
    "organisationName": "[Rijkswaterstaat, Rijkswaterstaat, , Rijkswaterstaat, Wetransform]",
    "email": "[servicedesk-data@rijkswaterstaat.nl, servicedesk-data@rijkswaterstaat.nl, , servicedesk-data@rijkswaterstaat.nl, info@wetransform.to]"
  },
  {
    "datasetIdentifierCode": "c7d8d77b-8c47-4309-8c58-9b12b086407f",
    "title": "Natuurnetwerk Nederland",
    "organisationName": "[Interprovinciaal Overleg, Interprovinciaal Overleg, Interprovinciaal Overleg]",
    "email": "[inspire@gbo-provincies.nl, inspire@gbo-provincies.nl, inspire@gbo-provincies.nl]"
  },
  {
    "datasetIdentifierCode": "11a292bd-9022-4a9f-b1bf-02f5c89ad74a",
    "title": "Totale potentie aardwarmte uit aquifers, INSPIRE",
    "organisationName": "[TNO Geologische Dienst Nederland, TNO Geologische Dienst Nederland, TNO Geologische Dienst Nederland]",
    "email": "[info@dinoloket.nl, info@dinoloket.nl, info@dinoloket.nl]"
  },
  {
    "datasetIdentifierCode": "krw2006-68b5-4ff3-94a4-9c24109ffd5e",
    "title": "Kaderrichtlijn Water - Oppervlaktewaterlichamen Nederland EU2009 vlakken",
    "organisationName": "[Rijkswaterstaat, Rijkswaterstaat, , Rijkswaterstaat, Rijkswaterstaat]",
    "email": "[servicedesk-data@rijkswaterstaat.nl, servicedesk-data@rijkswaterstaat.nl, , servicedesk-data@rijkswaterstaat.nl, servicedesk-data@rijkswaterstaat.nl]"
  },
  {
    "datasetIdentifierCode": "2e31680f-68b5-4ff3-94a4-9c24109ffd5e",
    "title": "Kaderrichtlijn Water - Oppervlaktewaterlichamen Nederland 2019 vlakken",
    "organisationName": "[Rijkswaterstaat, Rijkswaterstaat, , Rijkswaterstaat, Rijkswaterstaat]",
    "email": "[servicedesk-data@rijkswaterstaat.nl, servicedesk-data@rijkswaterstaat.nl, , servicedesk-data@rijkswaterstaat.nl, servicedesk-data@rijkswaterstaat.nl]"
  },
  {
    "datasetIdentifierCode": "622a632a-c57b-44a2-83a4-e51223d5f15g",
    "title": "Kaderrichtlijn Water - Oppervlaktewaterlichamen Nederland 2019 lijnen",
    "organisationName": "[Rijkswaterstaat, Rijkswaterstaat, , Rijkswaterstaat, Rijkswaterstaat]",
    "email": "[servicedesk-data@rijkswaterstaat.nl, servicedesk-data@rijkswaterstaat.nl, , servicedesk-data@rijkswaterstaat.nl, servicedesk-data@rijkswaterstaat.nl]"
  },
  {
    "datasetIdentifierCode": "710c381c-ab2d-45d5-a45d-af2eba811e5f",
    "title": "Nationaal Hydrologisch Instrumentarium (NHI) - netwerkschematisatie",
    "organisationName": "[Rijkswaterstaat, Rijkswaterstaat, , Rijkswaterstaat, Rijkswaterstaat]",
    "email": "[servicedesk-data@rijkswaterstaat.nl, servicedesk-data@rijkswaterstaat.nl, , servicedesk-data@rijkswaterstaat.nl, servicedesk-data@rijkswaterstaat.nl]"
  },
  {
    "datasetIdentifierCode": "f002bfc5-7d87-46b6-819e-8415422b65c9",
    "title": "Aardkundige waarden",
    "organisationName": "[Interprovinciaal Overleg, Interprovinciaal Overleg, Interprovinciaal Overleg]",
    "email": "[inspire@gbo-provincies.nl, inspire@gbo-provincies.nl, inspire@gbo-provincies.nl]"
  },
  {
    "datasetIdentifierCode": "110f9ec6-4464-462e-9765-83d90cefbead",
    "title": "Kaderrichtlijn Water - Oppervlaktewaterlichamen Nederland EU2015 vlakken",
    "organisationName": "[Informatiehuis Water, Informatiehuis Water, , Rijkswaterstaat, Informatiehuis Water]",
    "email": "[servicedesk@ihw.nl, servicedesk-data@rijkswaterstaat.nl, , servicedesk-data@rijkswaterstaat.nl, servicedesk@ihw.nl]"
  },
  {
    "datasetIdentifierCode": "110f9ec6-4464-462e-9765-83d90cefbeag",
    "title": "Kaderrichtlijn Water - Oppervlaktewaterlichamen Nederland EU2015 lijnen",
    "organisationName": "[Informatiehuis Water, Informatiehuis Water, , Rijkswaterstaat, Informatiehuis Water]",
    "email": "[servicedesk@ihw.nl, servicedesk@ihw.nl, , servicedesk-data@rijkswaterstaat.nl, servicedesk@ihw.nl]"
  },
  {
    "datasetIdentifierCode": "krw2006-c57b-44a2-83a4-e51223d5f15g",
    "title": "Kaderrichtlijn Water - Oppervlaktewaterlichamen Nederland EU2009 lijnen",
    "organisationName": "[Rijkswaterstaat, Rijkswaterstaat, , Rijkswaterstaat, Rijkswaterstaat]",
    "email": "[servicedesk-data@rijkswaterstaat.nl, servicedesk-data@rijkswaterstaat.nl, , servicedesk-data@rijkswaterstaat.nl, servicedesk-data@rijkswaterstaat.nl]"
  },
  {
    "datasetIdentifierCode": "110f9ec6-4464-462e-9765-83d90cefbeac",
    "title": "Kaderrichtlijn Water - Deelstroomgebieden Nederland EU2015",
    "organisationName": "[Informatiehuis Water, Informatiehuis Water, , Rijkswaterstaat, Rijkswaterstaat]",
    "email": "[servicedesk@ihw.nl, servicedesk@ihw.nl, , servicedesk-data@rijkswaterstaat.nl, servicedesk-data@rijkswaterstaat.nl]"
  },
  {
    "datasetIdentifierCode": "krw-782cab20-8328-45f1-a9b2-c27d07c14066",
    "title": "Kaderrichtlijn Water - Deelstroomgebieden Nederland 2019 vlakken",
    "organisationName": "[Rijkswaterstaat, Rijkswaterstaat, , Rijkswaterstaat, Rijkswaterstaat]",
    "email": "[servicedesk-data@rijkswaterstaat.nl, servicedesk-data@rijkswaterstaat.nl, , servicedesk-data@rijkswaterstaat.nl, servicedesk-data@rijkswaterstaat.nl]"
  },
  {
    "datasetIdentifierCode": "krm-a905-9d8e-4758-83fa-28b057f185e4",
    "title": "Kaderrichtlijn Mariene Strategie - Mariene wateren Nederland EU2018",
    "organisationName": "[Rijkswaterstaat, Rijkswaterstaat, , Rijkswaterstaat, Rijkswaterstaat]",
    "email": "[servicedesk-data@rijkswaterstaat.nl, servicedesk-data@rijkswaterstaat.nl, , servicedesk-data@rijkswaterstaat.nl, servicedesk-data@rijkswaterstaat.nl]"
  },
  {
    "datasetIdentifierCode": "891ddc2d-8949-4a45-be96-c65b87c41f13",
    "title": "Kaderrichtlijn Water - Monitoringlocaties Nederland EU2015",
    "organisationName": "[Informatiehuis Water, Informatiehuis Water, , Rijkswaterstaat, Rijkswaterstaat]",
    "email": "[servicedesk@ihw.nl, servicedesk-data@rijkswaterstaat.nl, , servicedesk-data@rijkswaterstaat.nl, servicedesk-data@rijkswaterstaat.nl]"
  },
  {
    "datasetIdentifierCode": "17716ed7-ce0d-4bfd-8868-a398e5578a36",
    "title": "Ruimtelijke plannen Wro: Ruimtelijkeplannen.nl",
    "organisationName": "[Kadaster, Kadaster]",
    "email": "[PPB-GVA@kadaster.nl, ruimtelijkeplannen@kadaster.nl]"
  },
  {
    "datasetIdentifierCode": "ror-9d8e-4758-83fx-28b057f185g1",
    "title": "Richtlijn Overstromingsrisico - gebieden met Potentieel Significant Overstromingsrisico EU2018 lijnen",
    "organisationName": "[Rijkswaterstaat, Rijkswaterstaat, , Rijkswaterstaat, Rijkswaterstaat]",
    "email": "[servicedesk-data@rijkswaterstaat.nl, servicedesk-data@rijkswaterstaat.nl, , servicedesk-data@rijkswaterstaat.nl, servicedesk-data@rijkswaterstaat.nl]"
  },
  {
    "datasetIdentifierCode": "ror-9d8e-4758-83fx-28b057f185e1",
    "title": "Richtlijn Overstromingsrisico - gebieden met Potentieel Significant Overstromingsrisico EU2018 vlakken",
    "organisationName": "[Rijkswaterstaat, Rijkswaterstaat, , Rijkswaterstaat, Rijkswaterstaat]",
    "email": "[servicedesk-data@rijkswaterstaat.nl, servicedesk-data@rijkswaterstaat.nl, , servicedesk-data@rijkswaterstaat.nl, servicedesk-data@rijkswaterstaat.nl]"
  },
  {
    "datasetIdentifierCode": "a9b7026e-0a81-4813-93bd-ba49e6f28502",
    "title": "NWB - Wegen",
    "organisationName": "[Rijkswaterstaat, Rijkswaterstaat, , Rijkswaterstaat, Rijkswaterstaat]",
    "email": "[servicedesk-data@rijkswaterstaat.nl, servicedesk-data@rijkswaterstaat.nl, , servicedesk-data@rijkswaterstaat.nl, servicedesk-data@rws.n]"
  },
  {
    "datasetIdentifierCode": "f605a24f-60cd-4c40-94c8-2186aba3ddd0",
    "title": "CBS Vierkantstatistieken 500m",
    "organisationName": "[Centraal Bureau voor de Statistiek, Centraal Bureau voor de Statistiek, Centraal Bureau voor de Statistiek, Centraal Bureau voor de Statistiek]",
    "email": "[infoservice@cbs.nl, infoservice@cbs.nl, infoservice@cbs.nl, ]"
  },
  {
    "datasetIdentifierCode": "1462bbce-ccd3-4362-83d8-4535ca8f44eb",
    "title": "CBS Vierkantstatistieken 100m",
    "organisationName": "[Centraal Bureau voor de Statistiek, Centraal Bureau voor de Statistiek, Centraal Bureau voor de Statistiek, Centraal Bureau voor de Statistiek]",
    "email": "[infoservice@cbs.nl, infoservice@cbs.nl, infoservice@cbs.nl, ]"
  },
  {
    "datasetIdentifierCode": "ror-9d8e-4758-83fx-28b057f185f1",
    "title": "Richtlijn Overstromingsrisico - historische overstromingen EU2018",
    "organisationName": "[Rijkswaterstaat, Rijkswaterstaat, , Rijkswaterstaat, Rijkswaterstaat]",
    "email": "[servicedesk-data@rijkswaterstaat.nl, servicedesk-data@rijkswaterstaat.nl, , servicedesk-data@rijkswaterstaat.nl, servicedesk-data@rijkswaterstaat.nl]"
  },
  {
    "datasetIdentifierCode": "uwwtd-9d8e-4758-83fa-28b057f185e2",
    "title": "Richtlijn Stedelijk Afvalwater - lozingspunten Nederland EU2015",
    "organisationName": "[Rijkswaterstaat, Rijkswaterstaat, , Rijkswaterstaat, Rijkswaterstaat]",
    "email": "[servicedesk-data@rijkswaterstaat.nl, servicedesk-data@rijkswaterstaat.nl, , servicedesk-data@rijkswaterstaat.nl, servicedesk-data@rijkswaterstaat.nl]"
  },
  {
    "datasetIdentifierCode": "uwwtd-9d8e-4758-83fa-28b057f185e1",
    "title": "Richtlijn Stedelijk Afvalwater - agglomeraties Nederland EU2015",
    "organisationName": "[Rijkswaterstaat, Rijkswaterstaat, , Rijkswaterstaat, Rijkswaterstaat]",
    "email": "[servicedesk-data@rijkswaterstaat.nl, servicedesk-data@rijkswaterstaat.nl, , servicedesk-data@rijkswaterstaat.nl, servicedesk-data@rijkswaterstaat.nl]"
  },
  {
    "datasetIdentifierCode": "af0c582f-9e6b-46e6-865a-fc3a2d5289b9",
    "title": "Bodemgebruik",
    "organisationName": "[Kadaster, Kadaster, Kadaster]",
    "email": "[PPB-GVA@kadaster.nl, kcc@kadaster.nl, kcc@kadaster.nl]"
  },
  {
    "datasetIdentifierCode": "76091be7-358a-4a44-8182-b4139c96c6a4",
    "title": "Adressen",
    "organisationName": "[Kadaster, Kadaster, Kadaster]",
    "email": "[PPB-GVA@kadaster.nl, kcc@kadaster.nl, kcc@kadaster.nl]"
  },
  {
    "datasetIdentifierCode": "f8d840bc-18df-4449-b797-b9adcb81d3ec",
    "title": "Emissies naar lucht en water in 2015 vanuit de industrie",
    "organisationName": "no organisationName found in dataset record",
    "email": "[emissieregistratie@rivm.nl, , emissieregistratie@rivm.nl]"
  },
  {
    "datasetIdentifierCode": "83dab947-387b-49df-8ad2-32bb10d46d38",
    "title": "Geluidkaart Schiphol 2016 (Lden)",
    "organisationName": "[Ministerie van IenW, Ministerie van IenW]",
    "email": "[sylvia.koolmees@minienw.nl, sylvia.koolmees@minienw.nl]"
  },
  {
    "datasetIdentifierCode": "d3c9efd6-fca7-49d6-92bb-5f507abece90",
    "title": "Gemeten Ammoniak concentraties in buitenlucht.",
    "organisationName": "no organisationName found in dataset record",
    "email": "[geodata@rivm.nl, geodata@rivm.nl]"
  },
  {
    "datasetIdentifierCode": "3eebf700-5abf-42e4-826c-03cfb497e366",
    "title": "Vervoersnetwerken",
    "organisationName": "[Kadaster, Kadaster, Kadaster]",
    "email": "[PPB-GVA@kadaster.nl, kcc@kadaster.nl, kcc@kadaster.nl]"
  },
  {
    "datasetIdentifierCode": "df15af6e-0d21-4437-a69f-802be3479bba",
    "title": "Luchtfoto 2016 25cm RGB open data",
    "organisationName": "[Kadaster, Het Waterschapshuis, Kadaster, Eurosense, Eurosense, Eurosense, Kadaster, Kadaster]",
    "email": "[PPB-GVA@kadaster.nl, info@hetwaterschapshuis.nl, kcc@kadaster.nl, , , , , , ]"
  },
  {
    "datasetIdentifierCode": "e8b84fae-00b3-49c1-80c1-df8f69f64e8c",
    "title": "EEZ volgens UNCLOS - Noordzee",
    "organisationName": "[Ministerie van Defensie, Koninklijke Marine, Dienst der Hydrografie, Ministerie van Defensie, Koninklijke Marine, Dienst der Hydrografie, Ministerie van Defensie, Koninklijke Marine, Dienst der Hydrografie]",
    "email": "[data@hydro.nl, data@hydro.nl, data@hydro.nl, , ]"
  },
  {
    "datasetIdentifierCode": "3d59fd06-9aec-4744-91e7-65e119f74569",
    "title": "Mossel- en oesterhabitats",
    "organisationName": "[Ministerie van Economische Zaken - GIS Competence Center, Wageningen Marine Research, PDOK]",
    "email": "[geodatabeheer.giscc@rvo.nl, geodatabeheer.giscc@rvo.nl, info@wur.nl, BeheerPDOK@kadaster.nl]"
  },
  {
    "datasetIdentifierCode": "80630ee7-3a15-4ea0-bdc0-a8aebfa2f204",
    "title": "Oppervlaktegeologie, Geologische kaart onder INSPIRE",
    "organisationName": "[TNO Geologische Dienst Nederland, TNO Geologische Dienst Nederland, TNO Geologische Dienst Nederland]",
    "email": "[info@dinoloket.nl, info@dinoloket.nl, info@dinoloket.nl]"
  },
  {
    "datasetIdentifierCode": "a1960e70-22f4-4fd9-91a8-b605c6ceda3e",
    "title": "Kaderrichtlijn Water - Oppervlaktewaterlichamen Nederland EU2015 riviernetwerk",
    "organisationName": "[Informatiehuis Water, Informatiehuis Water, , Rijkswaterstaat, Rijkswaterstaat]",
    "email": "[servicedesk@ihw.nl, servicedesk@ihw.nl, , servicedesk-data@rijkswaterstaat.nl, servicedesk-data@rijkswaterstaat.nl]"
  },
  {
    "datasetIdentifierCode": "34e6165f-1269-48d1-b255-0f05d163d692",
    "title": "Geluidszones rondom bedrijventerreinen zowel provinciaal als gemeentelijk",
    "organisationName": "[Interprovinciaal Overleg, Interprovinciaal Overleg, Interprovinciaal Overleg]",
    "email": "[inspire@gbo-provincies.nl, inspire@gbo-provincies.nl, inspire@gbo-provincies.nl]"
  },
  {
    "datasetIdentifierCode": "krm-a905-9d8e-4758-83fa-28b057f185e3",
    "title": "Kaderrichtlijn Mariene Strategie - Rapportage eenheden Nederland EU2018",
    "organisationName": "[Rijkswaterstaat, Rijkswaterstaat, , Rijkswaterstaat, Rijkswaterstaat]",
    "email": "[servicedesk-data@rijkswaterstaat.nl, servicedesk-data@rijkswaterstaat.nl, , servicedesk-data@rijkswaterstaat.nl, servicedesk-data@rijkswaterstaat.nl]"
  },
  {
    "datasetIdentifierCode": "76541ebb-a554-4540-a017-399d4bb4a860",
    "title": "Population Distribution NL",
    "organisationName": "[Statistics Netherlands, Statistics Netherlands, Statistics Netherlandds, Statistics Netherlands]",
    "email": "[infoservice@cbs.nl, infoservice@cbs.nl, infoservice@cbs.nl, , ]"
  },
  {
    "datasetIdentifierCode": "88f76a94-ee4d-4e0c-9fde-91b692403e39",
    "title": "Natuurbranden",
    "organisationName": "[Interprovinciaal Overleg, Interprovinciaal Overleg, Interprovinciaal Overleg]",
    "email": "[inspire@gbo-provincies.nl, inspire@gbo-provincies.nl, inspire@gbo-provincies.nl]"
  },
  {
    "datasetIdentifierCode": "1249746f-c2a6-4639-98f2-251676b3528e",
    "title": "Maritieme grenzen - basislijn Noordzee",
    "organisationName": "[Ministerie van Defensie, Koninklijke Marine, Dienst der Hydrografie, Ministerie van Defensie, Koninklijke Marine, Dienst der Hydrografie, Ministerie van Defensie, Koninklijke Marine, Dienst der Hydrografie]",
    "email": "[data@hydro.nl, data@hydro.nl, data@hydro.nl]"
  },
  {
    "datasetIdentifierCode": "1a40eb6f-4f33-4e15-a0b1-2d350ad2636e",
    "title": "Geografische Namen (INSPIRE geharmoniseerd)",
    "organisationName": "[Kadaster, Kadaster]",
    "email": "[PPB-GVA@kadaster.nl, kcc@kadaster.nl]"
  },
  {
    "datasetIdentifierCode": "bc2c53f6-c908-4d7c-a6c0-78d9a2855640",
    "title": "Overstromingsgevaarkaarten",
    "organisationName": "[Interprovinciaal Overleg, Interprovinciaal Overleg, Interprovinciaal Overleg]",
    "email": "[inspire@gbo-provincies.nl, inspire@gbo-provincies.nl, inspire@gbo-provincies.nl]"
  },
  {
    "datasetIdentifierCode": "e80ad426-1392-4349-9f80-14dae5f1bf57",
    "title": "Kadastrale Percelen (INSPIRE geharmoniseerd)",
    "organisationName": "[Kadaster, Kadaster]",
    "email": "[PPB-GVA@kadaster.nl, kcc@kadaster.nl, , ]"
  },
  {
    "datasetIdentifierCode": "5b274449-b6c2-4672-a32f-e0bd40975a53",
    "title": "Luchtfoto 2018 25cm RGB open data",
    "organisationName": "[Kadaster, Het Waterschapshuis, Kadaster, Eurosense, Eurosense, Eurosense, Kadaster, Kadaster]",
    "email": "[PPB-GVA@kadaster.nl, info@hetwaterschapshuis.nl, kcc@kadaster.nl, , , , , , ]"
  },
  {
    "datasetIdentifierCode": "e536d943-ecff-4d7a-9500-cc31a263a6af",
    "title": "Publiekrechtelijke beperkingen",
    "organisationName": "[Kadaster, Kadaster]",
    "email": "[PPB-GVA@kadaster.nl, kcc@kadaster.nl]"
  },
  {
    "datasetIdentifierCode": "effe1ab0-073d-437c-af13-df5c5e07d6cd",
    "title": "CBS gebiedsindelingen",
    "organisationName": "[Centraal Bureau voor de Statistiek, Centraal Bureau voor de Statistiek, Centraal Bureau voor de Statistiek, Kadaster]",
    "email": "[infoservice@cbs.nl, infoservice@cbs.nl, infoservice@cbs.nl, , ]"
  },
  {
    "datasetIdentifierCode": "b61a773c-ecad-4e60-93e9-0a4caac0b52f",
    "title": "Olie- en gasvelden onder INSPIRE",
    "organisationName": "[TNO Geologische Dienst Nederland, TNO Geologische Dienst Nederland, TNO Geologische Dienst Nederland]",
    "email": "[info@dinoloket.nl, info@dinoloket.nl, info@dinoloket.nl]"
  },
  {
    "datasetIdentifierCode": "88a3c1ae-902e-4efa-8663-ddd836101929",
    "title": "Werelderfgoed",
    "organisationName": "[Rijksdienst voor het Cultureel Erfgoed, Rijksdienst voor het Cultureel Erfgoed, Rijksdienst voor het Cultureel Erfgoed]",
    "email": "[info@cultureelerfgoed.nl, info@cultureelerfgoed.nl, info@cultureelerfgoed.nl]"
  },
  {
    "datasetIdentifierCode": "002d9127-c16d-4b8d-9f5e-102a8c8e36c4",
    "title": "Geluidkaart hoofdspoornet 2016 (Lnight)",
    "organisationName": "[Ministerie van IenW, Ministerie van IenW]",
    "email": "[sylvia.koolmees@minienw.nl, sylvia.koolmees@minienw.nl]"
  },
  {
    "datasetIdentifierCode": "6f84efeb-fc1d-4565-a721-80735ea57dbd",
    "title": "Rijksmonumenten (verouderd)",
    "organisationName": "[Rijksdienst voor het Cultureel Erfgoed, Rijksdienst voor het Cultureel Erfgoed]",
    "email": "[info@cultureelerfgoed.nl, info@cultureelerfgoed.nl]"
  },
  {
    "datasetIdentifierCode": "733559a5-201d-40e5-ad43-d1c7bae84d9f",
    "title": "Gemeten Stikstofdioxide concentraties in buitenlucht.",
    "organisationName": "RIVM",
    "email": "[geodata@rivm.nl, geodata@rivm.nl]"
  },
  {
    "datasetIdentifierCode": "af135cd8-d429-4fc7-b9e3-09e15217520d",
    "title": "Gemeten fijnere fractie van Fijn stof concentraties in buitenlucht.",
    "organisationName": "no organisationName found in dataset record",
    "email": "[geodata@rivm.nl, geodata@rivm.nl]"
  },
  {
    "datasetIdentifierCode": "4e2ef670-cddd-11dd-ad8b-0800200c9a66",
    "title": "Stads- en Dorpsgezichten",
    "organisationName": "[Rijksdienst voor het Cultureel Erfgoed, Rijksdienst voor het Cultureel Erfgoed, Rijksdienst voor het Cultureel Erfgoed]",
    "email": "[info@cultureelerfgoed.nl, info@cultureelerfgoed.nl, info@cultureelerfgoed.nl]"
  },
  {
    "datasetIdentifierCode": "31de946d-85d4-4c93-bb97-e25f4ef1401a",
    "title": "Vervoersnetwerken - Luchttransport (INSPIRE geharmoniseerd)",
    "organisationName": "[Kadaster, Kadaster]",
    "email": "[PPB-GVA@kadaster.nl, kcc@kadaster.nl]"
  },
  {
    "datasetIdentifierCode": "fe2f9091-1962-4073-9e3b-3e4aeed488a5",
    "title": "Beperkingen voor voertuigen (INSPIRE geharmoniseerde data)",
    "organisationName": "[RDW, RDW, RDW]",
    "email": "[ontheffingen@rdw.nl, ontheffingen@rdw.nl, , ]"
  },
  {
    "datasetIdentifierCode": "5800f3b0-2ea2-4231-8165-216a7b26867f",
    "title": "Gemeten Koolstofmonoxide concentraties in buitenlucht.",
    "organisationName": "RIVM",
    "email": "[geodata@rivm.nl, geodata@rivm.nl]"
  },
  {
    "datasetIdentifierCode": "68ebd5c9-0ea1-4f22-9907-ec4c063cd3e2",
    "title": "Landelijk zoet en zoutwatermeetnet - Rijkswaterstaat",
    "organisationName": "[Rijkswaterstaat, Rijkswaterstaat, , Rijkswaterstaat, Rijkswaterstaat]",
    "email": "[servicedesk-data@rijkswaterstaat.nl, servicedesk-data@rijkswaterstaat.nl, , servicedesk-data@rijkswaterstaat.nl, servicedesk-data@rijkswaterstaat.nl]"
  },
  {
    "datasetIdentifierCode": "7D35598D-DFBF-C64D-0F1A-92A80A45EB14",
    "title": "BRO GeoTOP (GTM)",
    "organisationName": "[TNO Geologische Dienst Nederland, TNO Geologische Dienst Nederland, TNO Geologische Dienst Nederland]",
    "email": "[info@bro.nl, info@bro.nl, info@dinoloket.nl]"
  },
  {
    "datasetIdentifierCode": "07575774-57a1-4419-bab4-6c88fdeb02b2",
    "title": "Hydrografie waterschappen INSPIRE",
    "organisationName": "[Het Waterschapshuis, Het Waterschapshuis, Het Waterschapshuis, Het Waterschapshuis]",
    "email": "[datastromen@hetwaterschapshuis.nl, datastromen@hetwaterschapshuis.nl, , datastromen@hetwaterschapshuis.nl]"
  },
  {
    "datasetIdentifierCode": "5c37d29a-006d-4136-8989-adfc35a1d4a7",
    "title": "Wijk- en Buurtkaart 2019 versie 1",
    "organisationName": "[Centraal Bureau voor de Statistiek, Centraal Bureau voor de Statistiek, Centraal Bureau voor de Statistiek, Kadaster]",
    "email": "[infoservice@cbs.nl, infoservice@cbs.nl, infoservice@cbs.nl, , ]"
  },
  {
    "datasetIdentifierCode": "32a21114-8694-40ce-ab76-9dcd885c7861",
    "title": "Kwaliteit van drinkwater in Nederland (2012)",
    "organisationName": "[RIVM, ]",
    "email": "[geodata@rivm.nl, , geodata@rivm.nl]"
  },
  {
    "datasetIdentifierCode": "9ed6b8ed-254a-4745-a09a-3b57137d1b69",
    "title": "Luchtfoto 2019 25cm CIR open data",
    "organisationName": "[Kadaster, Het Waterschapshuis, Kadaster, Geocart, Geocart, Geocart, Kadaster, Kadaster]",
    "email": "[PPB-GVA@kadaster.nl, info@hetwaterschapshuis.nl, kcc@kadaster.nl, , , , , , ]"
  },
  {
    "datasetIdentifierCode": "f91c6ad6-62a5-46d0-8a5b-8a62e7a4b833",
    "title": "Gemeten Stikstofmonoxide concentraties in buitenlucht.",
    "organisationName": "no organisationName found in dataset record",
    "email": "[geodata@rivm.nl, geodata@rivm.nl]"
  },
  {
    "datasetIdentifierCode": "24de356e-ec4d-4a18-9903-6401d222b77c",
    "title": "Vergunningen Mijnbouwwet onder INSPIRE",
    "organisationName": "[TNO Geologische Dienst Nederland, TNO Geologische Dienst Nederland, TNO Geologische Dienst Nederland]",
    "email": "[info@dinoloket.nl, info@dinoloket.nl, info@dinoloket.nl]"
  },
  {
    "datasetIdentifierCode": "0d6ccccc-7cfb-4eaa-8dc5-8b433d19b121",
    "title": "Landbouwbedrijven",
    "organisationName": "no organisationName found in dataset record",
    "email": "[geodatabeheer.giscc@rvo.nl, gegevensvragenASB@rvo.nl, gegevensvragenASB@rvo.nl]"
  },
  {
    "datasetIdentifierCode": "26103042-50a1-4ee5-9c5b-857a2f8b7680",
    "title": "Wijk- en Buurtkaart 2017 versie 3",
    "organisationName": "[Centraal Bureau voor de Statistiek, Centraal Bureau voor de Statistiek, Centraal Bureau voor de Statistiek, Kadaster]",
    "email": "[infoservice@cbs.nl, infoservice@cbs.nl, infoservice@cbs.nl, , ]"
  },
  {
    "datasetIdentifierCode": "e1e99000-ec47-4e9f-84a5-adad24fef0dc",
    "title": "Natuurlijke alfa activiteitsconcentratie in lucht Nationaal Meetnet Radioactiviteit 2011",
    "organisationName": "no organisationName found in dataset record",
    "email": "[geodata@rivm.nl, , geodata@rivm.nl]"
  },
  {
    "datasetIdentifierCode": "380aa01e-dce7-11e3-9f07-901b0e19e163",
    "title": "Netwerk van KNMI waarneemstations",
    "organisationName": "[Koninklijk Nederlands Meteorologisch Instituut (KNMI), Koninklijk Nederlands Meteorologisch Instituut (KNMI), Koninklijk Nederlands Meteorologisch Instituut (KNMI)]",
    "email": "[datacentrum@knmi.nl, datacentrum@knmi.nl, datacentrum@knmi.nl]"
  },
  {
    "datasetIdentifierCode": "73ec579e-c906-433a-b0b6-d3aa33421558",
    "title": "Luchtvaartinformatie",
    "organisationName": "[Luchtverkeersleiding Nederland (LVNL), Luchtverkeersleiding Nederland (LVNL)]",
    "email": "[AIS@LVNL.NL, AIS@LVNL.nl]"
  },
  {
    "datasetIdentifierCode": "f44dac86-2228-412f-8355-e56446ca9933",
    "title": "Gebieden in de Eemsmonding en de Dollard",
    "organisationName": "[Ministerie van Defensie, Koninklijke Marine, Dienst der Hydrografie, Ministerie van Defensie, Koninklijke Marine, Dienst der Hydrografie]",
    "email": "[data@hydro.nl, data@hydro.nl, data@hydro.nl]"
  },
  {
    "datasetIdentifierCode": "64ff8561-5c56-4cc1-ae0e-94366fb70b7e",
    "title": "Luchtfoto 2019 25cm RGB open data",
    "organisationName": "[Kadaster, Het Waterschapshuis, Kadaster, Geocart, Geocart, Geocart, Kadaster, Kadaster]",
    "email": "[PPB-GVA@kadaster.nl, info@hetwaterschapshuis.nl, kcc@kadaster.nl, , , , , , ]"
  },
  {
    "datasetIdentifierCode": "280ed37a-b8d2-4ac5-8567-04d84fad3a41",
    "title": "Natura 2000 (INSPIRE geharmoniseerd)",
    "organisationName": "Ministerie van Landbouw, Natuur en Voedselkwaliteit",
    "email": "[geodatabeheer.giscc@rvo.nl, geodatabeheer.giscc@rvo.nl, beheer@pdok.nl]"
  }
]

15:19:20.280 [ForkJoinPool-1-worker-7] INFO  com.intuit.karate - [print] [
  "http://inspire.ec.europa.eu/id/document/tg/au"
]

15:19:20.322 [ForkJoinPool-1-worker-7] INFO  com.intuit.karate - [print]
15:19:20.329 [ForkJoinPool-1-worker-7] INFO  com.intuit.karate - [print] testing xlinkurl:http://inspire.ec.europa.eu/id/document/tg/au
15:19:20.351 [ForkJoinPool-1-worker-5] INFO  com.intuit.karate - [print] [
  "http://inspire.ec.europa.eu/id/document/tg/ef"
]

15:19:20.364 [pool-1-thread-3] INFO  com.intuit.karate.Runner - <<pass>> feature 3 of 9: classpath:InspireTest/ngr/datasetrecords/def/getcswcapabilities.feature
---------------------------------------------------------
feature: classpath:InspireTest/ngr/datasetrecords/def/getcswcapabilities.feature
report: target/surefire-reports/InspireTest.ngr.datasetrecords.def.getcswcapabilities.json
scenarios:  2 | passed:  2 | failed:  0 | time: 1.6535
---------------------------------------------------------
15:19:20.399 [ForkJoinPool-1-worker-5] INFO  com.intuit.karate - [print]
15:19:20.400 [ForkJoinPool-1-worker-5] INFO  com.intuit.karate - [print] testing xlinkurl:http://inspire.ec.europa.eu/id/document/tg/ef
15:19:22.981 [ForkJoinPool-1-worker-13] INFO  com.intuit.karate - [print] [
  "http://inspire.ec.europa.eu/id/document/tg/el"
]

15:19:22.988 [ForkJoinPool-1-worker-13] INFO  com.intuit.karate - [print]
15:19:22.989 [ForkJoinPool-1-worker-13] INFO  com.intuit.karate - [print] testing xlinkurl:http://inspire.ec.europa.eu/id/document/tg/el
15:19:23.299 [ForkJoinPool-1-worker-7] INFO  com.intuit.karate - [print] [
  "http://inspire.ec.europa.eu/id/document/tg/hh"
]

15:19:23.308 [ForkJoinPool-1-worker-7] INFO  com.intuit.karate - [print]
15:19:23.310 [ForkJoinPool-1-worker-7] INFO  com.intuit.karate - [print] testing xlinkurl:http://inspire.ec.europa.eu/id/document/tg/hh
15:19:23.344 [ForkJoinPool-1-worker-3] INFO  com.intuit.karate - [print] [
  "http://inspire.ec.europa.eu/id/document/tg/hy"
]

15:19:23.349 [ForkJoinPool-1-worker-3] INFO  com.intuit.karate - [print]
15:19:23.350 [ForkJoinPool-1-worker-5] INFO  com.intuit.karate - [print] [
  "http://inspire.ec.europa.eu/id/document/tg/nz"
]

15:19:23.357 [ForkJoinPool-1-worker-5] INFO  com.intuit.karate - [print]
15:19:23.361 [ForkJoinPool-1-worker-5] INFO  com.intuit.karate - [print] testing xlinkurl:http://inspire.ec.europa.eu/id/document/tg/nz
15:19:23.358 [ForkJoinPool-1-worker-3] INFO  com.intuit.karate - [print] testing xlinkurl:http://inspire.ec.europa.eu/id/document/tg/hy
15:19:23.787 [ForkJoinPool-1-worker-13] INFO  com.intuit.karate - [print] [
  "http://inspire.ec.europa.eu/id/document/tg/of"
]

15:19:23.792 [ForkJoinPool-1-worker-13] INFO  com.intuit.karate - [print]
15:19:23.793 [ForkJoinPool-1-worker-13] INFO  com.intuit.karate - [print] testing xlinkurl:http://inspire.ec.europa.eu/id/document/tg/of
15:19:26.349 [ForkJoinPool-1-worker-7] INFO  com.intuit.karate - [print] [
  "http://inspire.ec.europa.eu/id/document/tg/pf"
]

15:19:26.358 [ForkJoinPool-1-worker-7] INFO  com.intuit.karate - [print]
15:19:26.359 [ForkJoinPool-1-worker-7] INFO  com.intuit.karate - [print] testing xlinkurl:http://inspire.ec.europa.eu/id/document/tg/pf
15:19:26.706 [ForkJoinPool-1-worker-5] INFO  com.intuit.karate - [print] [
  "http://inspire.ec.europa.eu/id/document/tg/ps"
]

15:19:26.712 [ForkJoinPool-1-worker-5] INFO  com.intuit.karate - [print]
15:19:26.714 [ForkJoinPool-1-worker-5] INFO  com.intuit.karate - [print] testing xlinkurl:http://inspire.ec.europa.eu/id/document/tg/ps
15:19:26.932 [ForkJoinPool-1-worker-3] INFO  com.intuit.karate - [print] [
  "http://inspire.ec.europa.eu/id/document/tg/tn"
]

15:19:26.938 [ForkJoinPool-1-worker-3] INFO  com.intuit.karate - [print]
15:19:26.939 [ForkJoinPool-1-worker-3] INFO  com.intuit.karate - [print] testing xlinkurl:http://inspire.ec.europa.eu/id/document/tg/tn
15:19:26.960 [ForkJoinPool-1-worker-13] INFO  com.intuit.karate - [print] [
  "http://inspire.ec.europa.eu/id/document/tg/us"
]

15:19:26.967 [ForkJoinPool-1-worker-13] INFO  com.intuit.karate - [print]
15:19:26.970 [ForkJoinPool-1-worker-13] INFO  com.intuit.karate - [print] testing xlinkurl:http://inspire.ec.europa.eu/id/document/tg/us
15:19:28.851 [ForkJoinPool-1-worker-7] INFO  com.intuit.karate - [print] [
  "http://inspire.ec.europa.eu/media-types/application/x-shapefile"
]

15:19:28.860 [ForkJoinPool-1-worker-7] INFO  com.intuit.karate - [print]
15:19:28.860 [ForkJoinPool-1-worker-7] INFO  com.intuit.karate - [print] testing xlinkurl:http://inspire.ec.europa.eu/media-types/application/x-shapefile
15:19:29.236 [ForkJoinPool-1-worker-13] INFO  com.intuit.karate - [print] [
  "http://inspire.ec.europa.eu/metadata-codelist/ConditionsApplyingToAccessAndUse/noConditionsApply"
]

15:19:29.242 [ForkJoinPool-1-worker-13] INFO  com.intuit.karate - [print]
15:19:29.243 [ForkJoinPool-1-worker-13] INFO  com.intuit.karate - [print] testing xlinkurl:http://inspire.ec.europa.eu/metadata-codelist/ConditionsApplyingToAccessAndUse/noConditionsApply
15:19:29.348 [ForkJoinPool-1-worker-3] INFO  com.intuit.karate - [print] [
  "http://inspire.ec.europa.eu/metadata-codelist/LimitationsOnPublicAccess/INSPIRE_Directive_Article13_1f"
]

15:19:29.353 [ForkJoinPool-1-worker-3] INFO  com.intuit.karate - [print]
15:19:29.354 [ForkJoinPool-1-worker-3] INFO  com.intuit.karate - [print] testing xlinkurl:http://inspire.ec.europa.eu/metadata-codelist/LimitationsOnPublicAccess/INSPIRE_Directive_Article13_1f
15:19:29.368 [ForkJoinPool-1-worker-5] INFO  com.intuit.karate - [print] [
  "http://inspire.ec.europa.eu/metadata-codelist/LimitationsOnPublicAccess/noLimitations"
]

15:19:29.372 [ForkJoinPool-1-worker-5] INFO  com.intuit.karate - [print]
15:19:29.373 [ForkJoinPool-1-worker-5] INFO  com.intuit.karate - [print] testing xlinkurl:http://inspire.ec.europa.eu/metadata-codelist/LimitationsOnPublicAccess/noLimitations
15:19:29.937 [ForkJoinPool-1-worker-13] INFO  com.intuit.karate - [print] [
  "http://inspire.ec.europa.eu/metadata-codelist/OnLineDescriptionCode/accessPoint"
]

15:19:29.945 [ForkJoinPool-1-worker-13] INFO  com.intuit.karate - [print]
15:19:29.946 [ForkJoinPool-1-worker-13] INFO  com.intuit.karate - [print] testing xlinkurl:http://inspire.ec.europa.eu/metadata-codelist/OnLineDescriptionCode/accessPoint
15:19:30.059 [ForkJoinPool-1-worker-3] INFO  com.intuit.karate - [print] [
  "http://inspire.ec.europa.eu/metadata-codelist/OnLineDescriptionCode/endPoint"
]

15:19:30.065 [ForkJoinPool-1-worker-3] INFO  com.intuit.karate - [print]
15:19:30.070 [ForkJoinPool-1-worker-3] INFO  com.intuit.karate - [print] testing xlinkurl:http://inspire.ec.europa.eu/metadata-codelist/OnLineDescriptionCode/endPoint
15:19:31.914 [ForkJoinPool-1-worker-9] INFO  com.intuit.karate - [print] [
  "http://inspire.ec.europa.eu/metadata-codelist/PriorityDataset"
]

15:19:31.917 [ForkJoinPool-1-worker-9] INFO  com.intuit.karate - [print]
15:19:31.918 [ForkJoinPool-1-worker-9] INFO  com.intuit.karate - [print] testing xlinkurl:http://inspire.ec.europa.eu/metadata-codelist/PriorityDataset
15:19:35.099 [ForkJoinPool-1-worker-7] INFO  com.intuit.karate - [print] [
  "http://inspire.ec.europa.eu/metadata-codelist/PriorityDataset/ActualPollutantReleases-reg-2006-166"
]

15:19:35.129 [ForkJoinPool-1-worker-7] INFO  com.intuit.karate - [print]
15:19:35.133 [ForkJoinPool-1-worker-7] INFO  com.intuit.karate - [print] testing xlinkurl:http://inspire.ec.europa.eu/metadata-codelist/PriorityDataset/ActualPollutantReleases-reg-2006-166
15:19:35.836 [ForkJoinPool-1-worker-7] INFO  com.intuit.karate - [print] [
  "http://inspire.ec.europa.eu/metadata-codelist/PriorityDataset/Agglomerations-dir-1991-271"
]

15:19:35.841 [ForkJoinPool-1-worker-7] INFO  com.intuit.karate - [print]
15:19:35.842 [ForkJoinPool-1-worker-7] INFO  com.intuit.karate - [print] testing xlinkurl:http://inspire.ec.europa.eu/metadata-codelist/PriorityDataset/Agglomerations-dir-1991-271
15:19:39.989 [ForkJoinPool-1-worker-9] INFO  com.intuit.karate - [print] [
  "http://inspire.ec.europa.eu/metadata-codelist/PriorityDataset/BirdSpeciesDistribution-dir-2009-147"
]

15:19:39.995 [ForkJoinPool-1-worker-9] INFO  com.intuit.karate - [print]
15:19:39.996 [ForkJoinPool-1-worker-9] INFO  com.intuit.karate - [print] testing xlinkurl:http://inspire.ec.europa.eu/metadata-codelist/PriorityDataset/BirdSpeciesDistribution-dir-2009-147
15:19:40.737 [ForkJoinPool-1-worker-5] INFO  com.intuit.karate - [print] [
  "http://inspire.ec.europa.eu/metadata-codelist/PriorityDataset/BirdsRange-dir-2009-147"
]

15:19:40.741 [ForkJoinPool-1-worker-5] INFO  com.intuit.karate - [print]
15:19:40.741 [ForkJoinPool-1-worker-5] INFO  com.intuit.karate - [print] testing xlinkurl:http://inspire.ec.europa.eu/metadata-codelist/PriorityDataset/BirdsRange-dir-2009-147
15:19:46.034 [ForkJoinPool-1-worker-7] INFO  com.intuit.karate - [print] [
  "http://inspire.ec.europa.eu/metadata-codelist/PriorityDataset/CoastalWaters-dir-2000-60"
]

15:19:46.038 [ForkJoinPool-1-worker-7] INFO  com.intuit.karate - [print]
15:19:46.039 [ForkJoinPool-1-worker-7] INFO  com.intuit.karate - [print] testing xlinkurl:http://inspire.ec.europa.eu/metadata-codelist/PriorityDataset/CoastalWaters-dir-2000-60
15:19:46.070 [ForkJoinPool-1-worker-9] INFO  com.intuit.karate - [print] [
  "http://inspire.ec.europa.eu/metadata-codelist/PriorityDataset/DischargePointsToReceivingWaters-dir-1991-271"
]

15:19:46.074 [ForkJoinPool-1-worker-9] INFO  com.intuit.karate - [print]
15:19:46.074 [ForkJoinPool-1-worker-9] INFO  com.intuit.karate - [print] testing xlinkurl:http://inspire.ec.europa.eu/metadata-codelist/PriorityDataset/DischargePointsToReceivingWaters-dir-1991-271
15:19:46.723 [ForkJoinPool-1-worker-13] INFO  com.intuit.karate - [print] [
  "http://inspire.ec.europa.eu/metadata-codelist/PriorityDataset/DrinkingWaterAbstractionPoints-dir-1998-83"
]

15:19:46.730 [ForkJoinPool-1-worker-13] INFO  com.intuit.karate - [print]
15:19:46.731 [ForkJoinPool-1-worker-13] INFO  com.intuit.karate - [print] testing xlinkurl:http://inspire.ec.europa.eu/metadata-codelist/PriorityDataset/DrinkingWaterAbstractionPoints-dir-1998-83
15:19:46.823 [ForkJoinPool-1-worker-5] INFO  com.intuit.karate - [print] [
  "http://inspire.ec.europa.eu/metadata-codelist/PriorityDataset/EstablishmentsInvolvingDangerousSubstances-dir-2012-18"
]

15:19:46.828 [ForkJoinPool-1-worker-5] INFO  com.intuit.karate - [print]
15:19:46.829 [ForkJoinPool-1-worker-5] INFO  com.intuit.karate - [print] testing xlinkurl:http://inspire.ec.europa.eu/metadata-codelist/PriorityDataset/EstablishmentsInvolvingDangerousSubstances-dir-2012-18
15:19:46.960 [ForkJoinPool-1-worker-11] INFO  com.intuit.karate - [print] [
  "http://inspire.ec.europa.eu/metadata-codelist/PriorityDataset/FloodedAreas-dir-2007-60"
]

15:19:46.972 [ForkJoinPool-1-worker-11] INFO  com.intuit.karate - [print]
15:19:46.973 [ForkJoinPool-1-worker-11] INFO  com.intuit.karate - [print] testing xlinkurl:http://inspire.ec.europa.eu/metadata-codelist/PriorityDataset/FloodedAreas-dir-2007-60
15:19:48.678 [ForkJoinPool-1-worker-11] INFO  com.intuit.karate - [print] [
  "http://inspire.ec.europa.eu/metadata-codelist/PriorityDataset/FloodRiskZones-dir-2007-60"
]

15:19:48.683 [ForkJoinPool-1-worker-11] INFO  com.intuit.karate - [print]
15:19:48.684 [ForkJoinPool-1-worker-11] INFO  com.intuit.karate - [print] testing xlinkurl:http://inspire.ec.europa.eu/metadata-codelist/PriorityDataset/FloodRiskZones-dir-2007-60
15:19:52.217 [ForkJoinPool-1-worker-7] INFO  com.intuit.karate - [print] [
  "http://inspire.ec.europa.eu/metadata-codelist/PriorityDataset/HabitatTypesDistribution-dir-1992-43"
]

15:19:52.222 [ForkJoinPool-1-worker-7] INFO  com.intuit.karate - [print]
15:19:52.222 [ForkJoinPool-1-worker-7] INFO  com.intuit.karate - [print] testing xlinkurl:http://inspire.ec.europa.eu/metadata-codelist/PriorityDataset/HabitatTypesDistribution-dir-1992-43
15:19:53.920 [ForkJoinPool-1-worker-7] INFO  com.intuit.karate - [print] [
  "http://inspire.ec.europa.eu/metadata-codelist/PriorityDataset/HabitatTypesRange-dir-1992-43"
]

15:19:53.929 [ForkJoinPool-1-worker-7] INFO  com.intuit.karate - [print]
15:19:53.930 [ForkJoinPool-1-worker-7] INFO  com.intuit.karate - [print] testing xlinkurl:http://inspire.ec.europa.eu/metadata-codelist/PriorityDataset/HabitatTypesRange-dir-1992-43
15:19:55.049 [ForkJoinPool-1-worker-11] INFO  com.intuit.karate - [print] [
  "http://inspire.ec.europa.eu/metadata-codelist/PriorityDataset/IndustrialSites-EURegistry-reg-2006-166"
]

15:19:55.054 [ForkJoinPool-1-worker-11] INFO  com.intuit.karate - [print]
15:19:55.054 [ForkJoinPool-1-worker-11] INFO  com.intuit.karate - [print] testing xlinkurl:http://inspire.ec.europa.eu/metadata-codelist/PriorityDataset/IndustrialSites-EURegistry-reg-2006-166
15:19:57.850 [ForkJoinPool-1-worker-13] INFO  com.intuit.karate - [print] [
  "http://inspire.ec.europa.eu/metadata-codelist/PriorityDataset/InvasiveAlienSpeciesDistribution-reg-2014-1143"
]

15:19:57.855 [ForkJoinPool-1-worker-13] INFO  com.intuit.karate - [print]
15:19:57.856 [ForkJoinPool-1-worker-13] INFO  com.intuit.karate - [print] testing xlinkurl:http://inspire.ec.europa.eu/metadata-codelist/PriorityDataset/InvasiveAlienSpeciesDistribution-reg-2014-1143
15:19:57.914 [ForkJoinPool-1-worker-5] INFO  com.intuit.karate - [print] [
  "http://inspire.ec.europa.eu/metadata-codelist/PriorityDataset/Lakes-dir-2000-60"
]

15:19:57.919 [ForkJoinPool-1-worker-5] INFO  com.intuit.karate - [print]
15:19:57.920 [ForkJoinPool-1-worker-5] INFO  com.intuit.karate - [print] testing xlinkurl:http://inspire.ec.europa.eu/metadata-codelist/PriorityDataset/Lakes-dir-2000-60
15:20:00.477 [ForkJoinPool-1-worker-13] INFO  com.intuit.karate - [print] [
  "http://inspire.ec.europa.eu/metadata-codelist/PriorityDataset/MajorAirportsNoiseExposureDelineationDEN-dir-2002-49"
]

15:20:00.482 [ForkJoinPool-1-worker-13] INFO  com.intuit.karate - [print]
15:20:00.482 [ForkJoinPool-1-worker-13] INFO  com.intuit.karate - [print] testing xlinkurl:http://inspire.ec.europa.eu/metadata-codelist/PriorityDataset/MajorAirportsNoiseExposureDelineationDEN-dir-2002-49
15:20:00.498 [ForkJoinPool-1-worker-7] INFO  com.intuit.karate - [print] [
  "http://inspire.ec.europa.eu/metadata-codelist/PriorityDataset/MajorAirportsNoiseExposureDelineationNight-dir-2002-49"
]

15:20:00.501 [ForkJoinPool-1-worker-7] INFO  com.intuit.karate - [print]
15:20:00.502 [ForkJoinPool-1-worker-7] INFO  com.intuit.karate - [print] testing xlinkurl:http://inspire.ec.europa.eu/metadata-codelist/PriorityDataset/MajorAirportsNoiseExposureDelineationNight-dir-2002-49
15:20:02.567 [ForkJoinPool-1-worker-13] INFO  com.intuit.karate - [print] [
  "http://inspire.ec.europa.eu/metadata-codelist/PriorityDataset/MajorRailwaysNoiseExposureDelineationDEN-dir-2002-49"
]

15:20:02.572 [ForkJoinPool-1-worker-13] INFO  com.intuit.karate - [print]
15:20:02.572 [ForkJoinPool-1-worker-13] INFO  com.intuit.karate - [print] testing xlinkurl:http://inspire.ec.europa.eu/metadata-codelist/PriorityDataset/MajorRailwaysNoiseExposureDelineationDEN-dir-2002-49
15:20:06.007 [ForkJoinPool-1-worker-5] INFO  com.intuit.karate - [print] [
  "http://inspire.ec.europa.eu/metadata-codelist/PriorityDataset/MajorRailwaysNoiseExposureDelineationNight-dir-2002-49"
]

15:20:06.013 [ForkJoinPool-1-worker-5] INFO  com.intuit.karate - [print]
15:20:06.014 [ForkJoinPool-1-worker-5] INFO  com.intuit.karate - [print] testing xlinkurl:http://inspire.ec.europa.eu/metadata-codelist/PriorityDataset/MajorRailwaysNoiseExposureDelineationNight-dir-2002-49
15:20:06.194 [ForkJoinPool-1-worker-11] INFO  com.intuit.karate - [print] [
  "http://inspire.ec.europa.eu/metadata-codelist/PriorityDataset/MajorRoadsNoiseExposureDelineation-dir-2002-49"
]

15:20:06.200 [ForkJoinPool-1-worker-11] INFO  com.intuit.karate - [print]
15:20:06.201 [ForkJoinPool-1-worker-11] INFO  com.intuit.karate - [print] testing xlinkurl:http://inspire.ec.europa.eu/metadata-codelist/PriorityDataset/MajorRoadsNoiseExposureDelineation-dir-2002-49
15:20:08.609 [ForkJoinPool-1-worker-13] INFO  com.intuit.karate - [print] [
  "http://inspire.ec.europa.eu/metadata-codelist/PriorityDataset/MajorRoadsNoiseExposureDelineationDEN-dir-2002-49"
]

15:20:08.614 [ForkJoinPool-1-worker-13] INFO  com.intuit.karate - [print]
15:20:08.616 [ForkJoinPool-1-worker-13] INFO  com.intuit.karate - [print] testing xlinkurl:http://inspire.ec.europa.eu/metadata-codelist/PriorityDataset/MajorRoadsNoiseExposureDelineationDEN-dir-2002-49
15:20:11.589 [ForkJoinPool-1-worker-7] INFO  com.intuit.karate - [print] [
  "http://inspire.ec.europa.eu/metadata-codelist/PriorityDataset/ManagementUnits-dir-2007-60"
]

15:20:11.594 [ForkJoinPool-1-worker-7] INFO  com.intuit.karate - [print]
15:20:11.594 [ForkJoinPool-1-worker-7] INFO  com.intuit.karate - [print] testing xlinkurl:http://inspire.ec.europa.eu/metadata-codelist/PriorityDataset/ManagementUnits-dir-2007-60
15:20:12.212 [ForkJoinPool-1-worker-11] INFO  com.intuit.karate - [print] [
  "http://inspire.ec.europa.eu/metadata-codelist/PriorityDataset/MarineAssessmentUnits-dir-2008-56"
]

15:20:12.216 [ForkJoinPool-1-worker-11] INFO  com.intuit.karate - [print]
15:20:12.216 [ForkJoinPool-1-worker-11] INFO  com.intuit.karate - [print] testing xlinkurl:http://inspire.ec.europa.eu/metadata-codelist/PriorityDataset/MarineAssessmentUnits-dir-2008-56
15:20:13.717 [ForkJoinPool-1-worker-5] INFO  com.intuit.karate - [print] [
  "http://inspire.ec.europa.eu/metadata-codelist/PriorityDataset/MonitoringStations-dir-2000-60"
]

15:20:13.722 [ForkJoinPool-1-worker-5] INFO  com.intuit.karate - [print]
15:20:13.723 [ForkJoinPool-1-worker-5] INFO  com.intuit.karate - [print] testing xlinkurl:http://inspire.ec.europa.eu/metadata-codelist/PriorityDataset/MonitoringStations-dir-2000-60
15:20:14.603 [ForkJoinPool-1-worker-13] INFO  com.intuit.karate - [print] [
  "http://inspire.ec.europa.eu/metadata-codelist/PriorityDataset/MonitoringStations-dir-2008-56"
]

15:20:14.607 [ForkJoinPool-1-worker-13] INFO  com.intuit.karate - [print]
15:20:14.607 [ForkJoinPool-1-worker-13] INFO  com.intuit.karate - [print] testing xlinkurl:http://inspire.ec.europa.eu/metadata-codelist/PriorityDataset/MonitoringStations-dir-2008-56
15:20:16.599 [ForkJoinPool-1-worker-13] INFO  com.intuit.karate - [print] [
  "http://inspire.ec.europa.eu/metadata-codelist/PriorityDataset/MSFDReportingUnits-dir-2008-56"
]

15:20:16.603 [ForkJoinPool-1-worker-13] INFO  com.intuit.karate - [print]
15:20:16.604 [ForkJoinPool-1-worker-13] INFO  com.intuit.karate - [print] testing xlinkurl:http://inspire.ec.europa.eu/metadata-codelist/PriorityDataset/MSFDReportingUnits-dir-2008-56
15:20:20.609 [ForkJoinPool-1-worker-7] INFO  com.intuit.karate - [print] [
  "http://inspire.ec.europa.eu/metadata-codelist/PriorityDataset/NationallyDesignatedAreasCDDA"
]

15:20:20.615 [ForkJoinPool-1-worker-7] INFO  com.intuit.karate - [print]
15:20:20.616 [ForkJoinPool-1-worker-7] INFO  com.intuit.karate - [print] testing xlinkurl:http://inspire.ec.europa.eu/metadata-codelist/PriorityDataset/NationallyDesignatedAreasCDDA
15:20:22.792 [ForkJoinPool-1-worker-13] INFO  com.intuit.karate - [print] [
  "http://inspire.ec.europa.eu/metadata-codelist/PriorityDataset/Natura2000Sites-dir-1992-43"
]

15:20:22.799 [ForkJoinPool-1-worker-13] INFO  com.intuit.karate - [print]
15:20:22.800 [ForkJoinPool-1-worker-13] INFO  com.intuit.karate - [print] testing xlinkurl:http://inspire.ec.europa.eu/metadata-codelist/PriorityDataset/Natura2000Sites-dir-1992-43
15:20:23.520 [ForkJoinPool-1-worker-13] INFO  com.intuit.karate - [print] [
  "http://inspire.ec.europa.eu/metadata-codelist/PriorityDataset/Natura2000Sites-dir-2009-147"
]

15:20:23.524 [ForkJoinPool-1-worker-13] INFO  com.intuit.karate - [print]
15:20:23.525 [ForkJoinPool-1-worker-13] INFO  com.intuit.karate - [print] testing xlinkurl:http://inspire.ec.europa.eu/metadata-codelist/PriorityDataset/Natura2000Sites-dir-2009-147
15:20:25.177 [ForkJoinPool-1-worker-9] INFO  com.intuit.karate - [print] [
  "http://inspire.ec.europa.eu/metadata-codelist/PriorityDataset/RiverBasinDistricts-dir-2000-60"
]

15:20:25.182 [ForkJoinPool-1-worker-9] INFO  com.intuit.karate - [print]
15:20:25.182 [ForkJoinPool-1-worker-9] INFO  com.intuit.karate - [print] testing xlinkurl:http://inspire.ec.europa.eu/metadata-codelist/PriorityDataset/RiverBasinDistricts-dir-2000-60
15:20:26.625 [ForkJoinPool-1-worker-7] INFO  com.intuit.karate - [print] [
  "http://inspire.ec.europa.eu/metadata-codelist/PriorityDataset/RiverBasinDistrictsSubUnits-dir-2000-60"
]

15:20:26.630 [ForkJoinPool-1-worker-7] INFO  com.intuit.karate - [print]
15:20:26.631 [ForkJoinPool-1-worker-7] INFO  com.intuit.karate - [print] testing xlinkurl:http://inspire.ec.europa.eu/metadata-codelist/PriorityDataset/RiverBasinDistrictsSubUnits-dir-2000-60
15:20:26.731 [ForkJoinPool-1-worker-13] INFO  com.intuit.karate - [print] [
  "http://inspire.ec.europa.eu/metadata-codelist/PriorityDataset/Rivers-dir-2000-60"
]

15:20:26.735 [ForkJoinPool-1-worker-13] INFO  com.intuit.karate - [print]
15:20:26.736 [ForkJoinPool-1-worker-13] INFO  com.intuit.karate - [print] testing xlinkurl:http://inspire.ec.europa.eu/metadata-codelist/PriorityDataset/Rivers-dir-2000-60
15:20:28.655 [ForkJoinPool-1-worker-7] INFO  com.intuit.karate - [print] [
  "http://inspire.ec.europa.eu/metadata-codelist/PriorityDataset/SpeciesDistribution-dir-1992-43"
]

15:20:28.662 [ForkJoinPool-1-worker-7] INFO  com.intuit.karate - [print]
15:20:28.663 [ForkJoinPool-1-worker-7] INFO  com.intuit.karate - [print] testing xlinkurl:http://inspire.ec.europa.eu/metadata-codelist/PriorityDataset/SpeciesDistribution-dir-1992-43
15:20:30.663 [ForkJoinPool-1-worker-3] ERROR com.intuit.karate - java.net.SocketTimeoutException: Read timed out, http call failed after 60384 milliseconds for URL: http://inspire.ec.europa.eu/metadata-codelist/OnLineDescriptionCode/endPoint
15:20:30.663 [ForkJoinPool-1-worker-3] ERROR com.intuit.karate - http request failed: 
java.net.SocketTimeoutException: Read timed out
15:20:30.663 [ForkJoinPool-1-worker-3] ERROR com.intuit.karate - feature call (loop) failed at index: 0
caller: classpath:InspireTest/ngr/datasetrecords/def/checkxlinkurl.template.feature
arg: {"link":"http://inspire.ec.europa.eu/metadata-codelist/OnLineDescriptionCode/endPoint"}
checkxlinkurl.template.feature:14 - 
java.net.SocketTimeoutException: Read timed out
15:20:30.664 [ForkJoinPool-1-worker-3] INFO  com.intuit.karate - [print] [
  "http://inspire.ec.europa.eu/metadata-codelist/PriorityDataset/SpeciesRange-dir-1992-43"
]

15:20:30.668 [ForkJoinPool-1-worker-3] INFO  com.intuit.karate - [print]
15:20:30.672 [ForkJoinPool-1-worker-3] INFO  com.intuit.karate - [print] testing xlinkurl:http://inspire.ec.europa.eu/metadata-codelist/PriorityDataset/SpeciesRange-dir-1992-43
15:20:30.691 [ForkJoinPool-1-worker-7] INFO  com.intuit.karate - [print] [
  "http://inspire.ec.europa.eu/metadata-codelist/PriorityDataset/SurfaceWaterBodies-dir-2000-60"
]

15:20:30.695 [ForkJoinPool-1-worker-7] INFO  com.intuit.karate - [print]
15:20:30.695 [ForkJoinPool-1-worker-7] INFO  com.intuit.karate - [print] testing xlinkurl:http://inspire.ec.europa.eu/metadata-codelist/PriorityDataset/SurfaceWaterBodies-dir-2000-60
15:20:33.763 [ForkJoinPool-1-worker-13] INFO  com.intuit.karate - [print] [
  "http://inspire.ec.europa.eu/metadata-codelist/PriorityDataset/TransitionalWaters-dir-2000-60"
]

15:20:33.768 [ForkJoinPool-1-worker-13] INFO  com.intuit.karate - [print]
15:20:33.769 [ForkJoinPool-1-worker-13] INFO  com.intuit.karate - [print] testing xlinkurl:http://inspire.ec.europa.eu/metadata-codelist/PriorityDataset/TransitionalWaters-dir-2000-60
15:20:34.789 [ForkJoinPool-1-worker-5] INFO  com.intuit.karate - [print] [
  "http://inspire.ec.europa.eu/metadata-codelist/PriorityDataset/UrbanWasteWaterTreatmentPlants-dir-1991-271"
]

15:20:34.793 [ForkJoinPool-1-worker-5] INFO  com.intuit.karate - [print]
15:20:34.793 [ForkJoinPool-1-worker-5] INFO  com.intuit.karate - [print] testing xlinkurl:http://inspire.ec.europa.eu/metadata-codelist/PriorityDataset/UrbanWasteWaterTreatmentPlants-dir-1991-271
15:20:39.814 [ForkJoinPool-1-worker-13] INFO  com.intuit.karate - [print] [
  "http://inspire.ec.europa.eu/metadata-codelist/SpatialDataServiceType/download"
]

15:20:39.818 [ForkJoinPool-1-worker-13] INFO  com.intuit.karate - [print]
15:20:39.819 [ForkJoinPool-1-worker-13] INFO  com.intuit.karate - [print] testing xlinkurl:http://inspire.ec.europa.eu/metadata-codelist/SpatialDataServiceType/download
15:20:41.738 [ForkJoinPool-1-worker-3] INFO  com.intuit.karate - [print] [
  "http://inspire.ec.europa.eu/metadata-codelist/SpatialDataServiceType/http://inspire.ec.europa.eu/metadata-codelist/SpatialDataServiceType/download"
]

15:20:41.742 [ForkJoinPool-1-worker-3] INFO  com.intuit.karate - [print]
15:20:41.742 [ForkJoinPool-1-worker-3] INFO  com.intuit.karate - [print] testing xlinkurl:http://inspire.ec.europa.eu/metadata-codelist/SpatialDataServiceType/http://inspire.ec.europa.eu/metadata-codelist/SpatialDataServiceType/download
15:20:42.408 [ForkJoinPool-1-worker-3] INFO  com.intuit.karate - [print] [
  "http://inspire.ec.europa.eu/metadata-codelist/SpatialDataServiceType/other"
]

15:20:42.412 [ForkJoinPool-1-worker-3] INFO  com.intuit.karate - [print]
15:20:42.413 [ForkJoinPool-1-worker-3] INFO  com.intuit.karate - [print] testing xlinkurl:http://inspire.ec.europa.eu/metadata-codelist/SpatialDataServiceType/other
15:20:42.753 [ForkJoinPool-1-worker-7] INFO  com.intuit.karate - [print] [
  "http://inspire.ec.europa.eu/metadata-codelist/SpatialDataServiceType/view"
]

15:20:42.757 [ForkJoinPool-1-worker-7] INFO  com.intuit.karate - [print]
15:20:42.758 [ForkJoinPool-1-worker-7] INFO  com.intuit.karate - [print] testing xlinkurl:http://inspire.ec.europa.eu/metadata-codelist/SpatialDataServiceType/view
15:20:42.811 [ForkJoinPool-1-worker-5] INFO  com.intuit.karate - [print] [
  "http://inspire.ec.europa.eu/metadata-codelist/SpatialScope"
]

15:20:42.815 [ForkJoinPool-1-worker-5] INFO  com.intuit.karate - [print]
15:20:42.816 [ForkJoinPool-1-worker-5] INFO  com.intuit.karate - [print] testing xlinkurl:http://inspire.ec.europa.eu/metadata-codelist/SpatialScope
15:20:43.957 [ForkJoinPool-1-worker-11] INFO  com.intuit.karate - [print] [
  "http://inspire.ec.europa.eu/metadata-codelist/SpatialScope/european"
]

15:20:43.962 [ForkJoinPool-1-worker-11] INFO  com.intuit.karate - [print]
15:20:43.963 [ForkJoinPool-1-worker-11] INFO  com.intuit.karate - [print] testing xlinkurl:http://inspire.ec.europa.eu/metadata-codelist/SpatialScope/european
15:20:45.963 [ForkJoinPool-1-worker-13] INFO  com.intuit.karate - [print] [
  "http://inspire.ec.europa.eu/metadata-codelist/SpatialScope/national"
]

15:20:45.967 [ForkJoinPool-1-worker-13] INFO  com.intuit.karate - [print]
15:20:45.968 [ForkJoinPool-1-worker-13] INFO  com.intuit.karate - [print] testing xlinkurl:http://inspire.ec.europa.eu/metadata-codelist/SpatialScope/national
15:20:46.014 [ForkJoinPool-1-worker-11] INFO  com.intuit.karate - [print] [
  "http://inspire.ec.europa.eu/schemas/am/4.0/AreaManagementRestrictionRegulationZone.xsd"
]

15:20:46.018 [ForkJoinPool-1-worker-11] INFO  com.intuit.karate - [print]
15:20:46.020 [ForkJoinPool-1-worker-11] INFO  com.intuit.karate - [print] testing xlinkurl:http://inspire.ec.europa.eu/schemas/am/4.0/AreaManagementRestrictionRegulationZone.xsd
15:20:46.235 [ForkJoinPool-1-worker-11] INFO  com.intuit.karate - [print] [
  "http://inspire.ec.europa.eu/schemas/ef/4.0/EnvironmentalMonitoringFacilities.xsd"
]

15:20:46.240 [ForkJoinPool-1-worker-11] INFO  com.intuit.karate - [print]
15:20:46.240 [ForkJoinPool-1-worker-11] INFO  com.intuit.karate - [print] testing xlinkurl:http://inspire.ec.europa.eu/schemas/ef/4.0/EnvironmentalMonitoringFacilities.xsd
15:20:46.450 [ForkJoinPool-1-worker-11] INFO  com.intuit.karate - [print] [
  "http://inspire.ec.europa.eu/schemas/el-bas/4.0/ElevationBaseTypes.xsd"
]

15:20:46.455 [ForkJoinPool-1-worker-11] INFO  com.intuit.karate - [print]
15:20:46.456 [ForkJoinPool-1-worker-11] INFO  com.intuit.karate - [print] testing xlinkurl:http://inspire.ec.europa.eu/schemas/el-bas/4.0/ElevationBaseTypes.xsd
15:20:46.670 [ForkJoinPool-1-worker-11] INFO  com.intuit.karate - [print] [
  "http://inspire.ec.europa.eu/schemas/hh/4.0/HumanHealth.xsd"
]

15:20:46.675 [ForkJoinPool-1-worker-11] INFO  com.intuit.karate - [print]
15:20:46.676 [ForkJoinPool-1-worker-11] INFO  com.intuit.karate - [print] testing xlinkurl:http://inspire.ec.europa.eu/schemas/hh/4.0/HumanHealth.xsd
15:20:46.891 [ForkJoinPool-1-worker-11] INFO  com.intuit.karate - [print] [
  "http://inspire.ec.europa.eu/schemas/hy-n/4.0/HydroNetwork.xsd"
]

15:20:46.896 [ForkJoinPool-1-worker-11] INFO  com.intuit.karate - [print]
15:20:46.897 [ForkJoinPool-1-worker-11] INFO  com.intuit.karate - [print] testing xlinkurl:http://inspire.ec.europa.eu/schemas/hy-n/4.0/HydroNetwork.xsd
15:20:47.107 [ForkJoinPool-1-worker-11] INFO  com.intuit.karate - [print] [
  "http://inspire.ec.europa.eu/schemas/hy/4.0/HydroBase.xsd"
]

15:20:47.116 [ForkJoinPool-1-worker-11] INFO  com.intuit.karate - [print]
15:20:47.118 [ForkJoinPool-1-worker-11] INFO  com.intuit.karate - [print] testing xlinkurl:http://inspire.ec.europa.eu/schemas/hy/4.0/HydroBase.xsd
15:20:47.332 [ForkJoinPool-1-worker-11] INFO  com.intuit.karate - [print] [
  "http://inspire.ec.europa.eu/schemas/mu/3.0/MaritimeUnits.xsd"
]

15:20:47.336 [ForkJoinPool-1-worker-11] INFO  com.intuit.karate - [print]
15:20:47.337 [ForkJoinPool-1-worker-11] INFO  com.intuit.karate - [print] testing xlinkurl:http://inspire.ec.europa.eu/schemas/mu/3.0/MaritimeUnits.xsd
15:20:47.548 [ForkJoinPool-1-worker-11] INFO  com.intuit.karate - [print] [
  "http://inspire.ec.europa.eu/schemas/nz-core/4.0/NaturalRiskZonesCore.xsd"
]

15:20:47.551 [ForkJoinPool-1-worker-11] INFO  com.intuit.karate - [print]
15:20:47.553 [ForkJoinPool-1-worker-11] INFO  com.intuit.karate - [print] testing xlinkurl:http://inspire.ec.europa.eu/schemas/nz-core/4.0/NaturalRiskZonesCore.xsd
15:20:47.764 [ForkJoinPool-1-worker-11] INFO  com.intuit.karate - [print] [
  "http://inspire.ec.europa.eu/schemas/nz/0.0/NaturalRiskZones.xsd"
]

15:20:47.768 [ForkJoinPool-1-worker-11] INFO  com.intuit.karate - [print]
15:20:47.769 [ForkJoinPool-1-worker-11] INFO  com.intuit.karate - [print] testing xlinkurl:http://inspire.ec.europa.eu/schemas/nz/0.0/NaturalRiskZones.xsd
15:20:47.983 [ForkJoinPool-1-worker-11] INFO  com.intuit.karate - [print] [
  "http://inspire.ec.europa.eu/schemas/of/4.0/OceanFeatures.xsd"
]

15:20:47.988 [ForkJoinPool-1-worker-11] INFO  com.intuit.karate - [print]
15:20:47.989 [ForkJoinPool-1-worker-11] INFO  com.intuit.karate - [print] testing xlinkurl:http://inspire.ec.europa.eu/schemas/of/4.0/OceanFeatures.xsd
15:20:48.207 [ForkJoinPool-1-worker-11] INFO  com.intuit.karate - [print] [
  "http://inspire.ec.europa.eu/schemas/pf/4.0/ProductionAndIndustrialFacilities.xsd"
]

15:20:48.211 [ForkJoinPool-1-worker-11] INFO  com.intuit.karate - [print]
15:20:48.212 [ForkJoinPool-1-worker-11] INFO  com.intuit.karate - [print] testing xlinkurl:http://inspire.ec.europa.eu/schemas/pf/4.0/ProductionAndIndustrialFacilities.xsd
15:20:48.408 [ForkJoinPool-1-worker-3] INFO  com.intuit.karate - [print] [
  "http://inspire.ec.europa.eu/schemas/ps/4.0/ProtectedSites.xsd"
]

15:20:48.412 [ForkJoinPool-1-worker-3] INFO  com.intuit.karate - [print]
15:20:48.413 [ForkJoinPool-1-worker-3] INFO  com.intuit.karate - [print] testing xlinkurl:http://inspire.ec.europa.eu/schemas/ps/4.0/ProtectedSites.xsd
15:20:48.424 [ForkJoinPool-1-worker-11] INFO  com.intuit.karate - [print] [
  "http://inspire.ec.europa.eu/schemas/tn-ro/4.0/RoadTransportNetwork.xsd"
]

15:20:48.427 [ForkJoinPool-1-worker-11] INFO  com.intuit.karate - [print]
15:20:48.428 [ForkJoinPool-1-worker-11] INFO  com.intuit.karate - [print] testing xlinkurl:http://inspire.ec.europa.eu/schemas/tn-ro/4.0/RoadTransportNetwork.xsd
15:20:48.623 [ForkJoinPool-1-worker-3] INFO  com.intuit.karate - [print] [
  "http://inspire.ec.europa.eu/schemas/tn-w/4.0/WaterTransportNetwork.xsd"
]

15:20:48.628 [ForkJoinPool-1-worker-3] INFO  com.intuit.karate - [print]
15:20:48.628 [ForkJoinPool-1-worker-3] INFO  com.intuit.karate - [print] testing xlinkurl:http://inspire.ec.europa.eu/schemas/tn-w/4.0/WaterTransportNetwork.xsd
15:20:48.645 [ForkJoinPool-1-worker-11] INFO  com.intuit.karate - [print] [
  "http://inspire.ec.europa.eu/schemas/tn/4.0/CommonTransportElements.xsd"
]

15:20:48.648 [ForkJoinPool-1-worker-11] INFO  com.intuit.karate - [print]
15:20:48.649 [ForkJoinPool-1-worker-11] INFO  com.intuit.karate - [print] testing xlinkurl:http://inspire.ec.europa.eu/schemas/tn/4.0/CommonTransportElements.xsd
15:20:48.844 [ForkJoinPool-1-worker-3] INFO  com.intuit.karate - [print] [
  "http://inspire.ec.europa.eu/schemas/us-govserv/4.0/GovernmentalServices.xsd"
]

15:20:48.849 [ForkJoinPool-1-worker-3] INFO  com.intuit.karate - [print]
15:20:48.850 [ForkJoinPool-1-worker-3] INFO  com.intuit.karate - [print] testing xlinkurl:http://inspire.ec.europa.eu/schemas/us-govserv/4.0/GovernmentalServices.xsd
15:20:48.857 [ForkJoinPool-1-worker-11] INFO  com.intuit.karate - [print] [
  "http://inspire.ec.europa.eu/theme#"
]

15:20:48.860 [ForkJoinPool-1-worker-11] INFO  com.intuit.karate - [print]
15:20:48.861 [ForkJoinPool-1-worker-11] INFO  com.intuit.karate - [print] testing xlinkurl:http://inspire.ec.europa.eu/theme#
15:20:49.059 [ForkJoinPool-1-worker-3] INFO  com.intuit.karate - [print] [
  "http://standaarden.overheid.nl/owms/terms/Ministerie_van_Economische_Zaken"
]

15:20:49.063 [ForkJoinPool-1-worker-3] INFO  com.intuit.karate - [print]
15:20:49.063 [ForkJoinPool-1-worker-3] INFO  com.intuit.karate - [print] testing xlinkurl:http://standaarden.overheid.nl/owms/terms/Ministerie_van_Economische_Zaken
15:20:49.886 [ForkJoinPool-1-worker-3] INFO  com.intuit.karate - [print] [
  "http://standaarden.overheid.nl/owms/terms/Ministerie_van_Landbouw,_Natuur_en_Voedselkwaliteit"
]

15:20:49.891 [ForkJoinPool-1-worker-3] INFO  com.intuit.karate - [print]
15:20:49.893 [ForkJoinPool-1-worker-3] INFO  com.intuit.karate - [print] testing xlinkurl:http://standaarden.overheid.nl/owms/terms/Ministerie_van_Landbouw,_Natuur_en_Voedselkwaliteit
15:20:50.461 [ForkJoinPool-1-worker-3] INFO  com.intuit.karate - [print] [
  "http://standaarden.overheid.nl/owms/terms/Rijksinstituut_voor_Volksgezondheid_en_Milieu"
]

15:20:50.471 [ForkJoinPool-1-worker-7] INFO  com.intuit.karate - [print] [
  "http://standaarden.overheid.nl/owms/terms/RVO"
]

15:20:50.479 [ForkJoinPool-1-worker-7] INFO  com.intuit.karate - [print]
15:20:50.479 [ForkJoinPool-1-worker-7] INFO  com.intuit.karate - [print] testing xlinkurl:http://standaarden.overheid.nl/owms/terms/RVO
15:20:50.480 [ForkJoinPool-1-worker-3] INFO  com.intuit.karate - [print]
15:20:50.481 [ForkJoinPool-1-worker-3] INFO  com.intuit.karate - [print] testing xlinkurl:http://standaarden.overheid.nl/owms/terms/Rijksinstituut_voor_Volksgezondheid_en_Milieu
15:20:51.047 [ForkJoinPool-1-worker-7] INFO  com.intuit.karate - [print] [
  "http://www.eionet.europa.eu/gemet/inspire_themes"
]

15:20:51.052 [ForkJoinPool-1-worker-7] INFO  com.intuit.karate - [print]
15:20:51.053 [ForkJoinPool-1-worker-7] INFO  com.intuit.karate - [print] testing xlinkurl:http://www.eionet.europa.eu/gemet/inspire_themes
15:20:51.076 [ForkJoinPool-1-worker-3] INFO  com.intuit.karate - [print] [
  "http://www.eionet.europa.eu/gemet/nl/inspire-theme/ac"
]

15:20:51.080 [ForkJoinPool-1-worker-3] INFO  com.intuit.karate - [print]
15:20:51.080 [ForkJoinPool-1-worker-3] INFO  com.intuit.karate - [print] testing xlinkurl:http://www.eionet.europa.eu/gemet/nl/inspire-theme/ac
15:20:51.215 [ForkJoinPool-1-worker-9] INFO  com.intuit.karate - [print] [
  "http://www.eionet.europa.eu/gemet/nl/inspire-theme/ad"
]

15:20:51.221 [ForkJoinPool-1-worker-9] INFO  com.intuit.karate - [print]
15:20:51.221 [ForkJoinPool-1-worker-9] INFO  com.intuit.karate - [print] testing xlinkurl:http://www.eionet.europa.eu/gemet/nl/inspire-theme/ad
15:20:52.295 [ForkJoinPool-1-worker-9] INFO  com.intuit.karate - [print] [
  "http://www.eionet.europa.eu/gemet/nl/inspire-theme/af"
]

15:20:52.299 [ForkJoinPool-1-worker-3] INFO  com.intuit.karate - [print] [
  "http://www.eionet.europa.eu/gemet/nl/inspire-theme/am"
]

15:20:52.302 [ForkJoinPool-1-worker-3] INFO  com.intuit.karate - [print]
15:20:52.305 [ForkJoinPool-1-worker-3] INFO  com.intuit.karate - [print] testing xlinkurl:http://www.eionet.europa.eu/gemet/nl/inspire-theme/am
15:20:52.306 [ForkJoinPool-1-worker-9] INFO  com.intuit.karate - [print]
15:20:52.307 [ForkJoinPool-1-worker-9] INFO  com.intuit.karate - [print] testing xlinkurl:http://www.eionet.europa.eu/gemet/nl/inspire-theme/af
15:20:52.423 [ForkJoinPool-1-worker-7] INFO  com.intuit.karate - [print] [
  "http://www.eionet.europa.eu/gemet/nl/inspire-theme/au"
]

15:20:52.427 [ForkJoinPool-1-worker-7] INFO  com.intuit.karate - [print]
15:20:52.427 [ForkJoinPool-1-worker-7] INFO  com.intuit.karate - [print] testing xlinkurl:http://www.eionet.europa.eu/gemet/nl/inspire-theme/au
15:20:52.994 [ForkJoinPool-1-worker-9] INFO  com.intuit.karate - [print] [
  "http://www.eionet.europa.eu/gemet/nl/inspire-theme/bu"
]

15:20:52.997 [ForkJoinPool-1-worker-3] INFO  com.intuit.karate - [print] [
  "http://www.eionet.europa.eu/gemet/nl/inspire-theme/cp"
]

15:20:53.001 [ForkJoinPool-1-worker-9] INFO  com.intuit.karate - [print]
15:20:53.001 [ForkJoinPool-1-worker-9] INFO  com.intuit.karate - [print] testing xlinkurl:http://www.eionet.europa.eu/gemet/nl/inspire-theme/bu
15:20:53.002 [ForkJoinPool-1-worker-3] INFO  com.intuit.karate - [print]
15:20:53.002 [ForkJoinPool-1-worker-3] INFO  com.intuit.karate - [print] testing xlinkurl:http://www.eionet.europa.eu/gemet/nl/inspire-theme/cp
15:20:53.122 [ForkJoinPool-1-worker-7] INFO  com.intuit.karate - [print] [
  "http://www.eionet.europa.eu/gemet/nl/inspire-theme/ef"
]

15:20:53.125 [ForkJoinPool-1-worker-7] INFO  com.intuit.karate - [print]
15:20:53.126 [ForkJoinPool-1-worker-7] INFO  com.intuit.karate - [print] testing xlinkurl:http://www.eionet.europa.eu/gemet/nl/inspire-theme/ef
15:20:53.678 [ForkJoinPool-1-worker-3] INFO  com.intuit.karate - [print] [
  "http://www.eionet.europa.eu/gemet/nl/inspire-theme/er"
]

15:20:53.682 [ForkJoinPool-1-worker-3] INFO  com.intuit.karate - [print]
15:20:53.682 [ForkJoinPool-1-worker-3] INFO  com.intuit.karate - [print] testing xlinkurl:http://www.eionet.europa.eu/gemet/nl/inspire-theme/er
15:20:53.709 [ForkJoinPool-1-worker-9] INFO  com.intuit.karate - [print] [
  "http://www.eionet.europa.eu/gemet/nl/inspire-theme/ge"
]

15:20:53.712 [ForkJoinPool-1-worker-9] INFO  com.intuit.karate - [print]
15:20:53.712 [ForkJoinPool-1-worker-9] INFO  com.intuit.karate - [print] testing xlinkurl:http://www.eionet.europa.eu/gemet/nl/inspire-theme/ge
15:20:53.804 [ForkJoinPool-1-worker-7] INFO  com.intuit.karate - [print] [
  "http://www.eionet.europa.eu/gemet/nl/inspire-theme/gn"
]

15:20:53.807 [ForkJoinPool-1-worker-7] INFO  com.intuit.karate - [print]
15:20:53.807 [ForkJoinPool-1-worker-7] INFO  com.intuit.karate - [print] testing xlinkurl:http://www.eionet.europa.eu/gemet/nl/inspire-theme/gn
15:20:53.855 [ForkJoinPool-1-worker-5] INFO  com.intuit.karate - [print] [
  "http://www.eionet.europa.eu/gemet/nl/inspire-theme/hb"
]

15:20:53.858 [ForkJoinPool-1-worker-5] INFO  com.intuit.karate - [print]
15:20:53.858 [ForkJoinPool-1-worker-5] INFO  com.intuit.karate - [print] testing xlinkurl:http://www.eionet.europa.eu/gemet/nl/inspire-theme/hb
15:20:54.359 [ForkJoinPool-1-worker-3] INFO  com.intuit.karate - [print] [
  "http://www.eionet.europa.eu/gemet/nl/inspire-theme/hh"
]

15:20:54.364 [ForkJoinPool-1-worker-3] INFO  com.intuit.karate - [print]
15:20:54.365 [ForkJoinPool-1-worker-3] INFO  com.intuit.karate - [print] testing xlinkurl:http://www.eionet.europa.eu/gemet/nl/inspire-theme/hh
15:20:54.391 [ForkJoinPool-1-worker-9] INFO  com.intuit.karate - [print] [
  "http://www.eionet.europa.eu/gemet/nl/inspire-theme/hy"
]

15:20:54.395 [ForkJoinPool-1-worker-9] INFO  com.intuit.karate - [print]
15:20:54.396 [ForkJoinPool-1-worker-9] INFO  com.intuit.karate - [print] testing xlinkurl:http://www.eionet.europa.eu/gemet/nl/inspire-theme/hy
15:20:54.479 [ForkJoinPool-1-worker-7] INFO  com.intuit.karate - [print] [
  "http://www.eionet.europa.eu/gemet/nl/inspire-theme/lc"
]

15:20:54.482 [ForkJoinPool-1-worker-7] INFO  com.intuit.karate - [print]
15:20:54.483 [ForkJoinPool-1-worker-7] INFO  com.intuit.karate - [print] testing xlinkurl:http://www.eionet.europa.eu/gemet/nl/inspire-theme/lc
15:20:54.551 [ForkJoinPool-1-worker-5] INFO  com.intuit.karate - [print] [
  "http://www.eionet.europa.eu/gemet/nl/inspire-theme/lu"
]

15:20:54.555 [ForkJoinPool-1-worker-5] INFO  com.intuit.karate - [print]
15:20:54.555 [ForkJoinPool-1-worker-5] INFO  com.intuit.karate - [print] testing xlinkurl:http://www.eionet.europa.eu/gemet/nl/inspire-theme/lu
15:20:55.031 [ForkJoinPool-1-worker-3] INFO  com.intuit.karate - [print] [
  "http://www.eionet.europa.eu/gemet/nl/inspire-theme/mf"
]

15:20:55.035 [ForkJoinPool-1-worker-3] INFO  com.intuit.karate - [print]
15:20:55.035 [ForkJoinPool-1-worker-3] INFO  com.intuit.karate - [print] testing xlinkurl:http://www.eionet.europa.eu/gemet/nl/inspire-theme/mf
15:20:55.060 [ForkJoinPool-1-worker-9] INFO  com.intuit.karate - [print] [
  "http://www.eionet.europa.eu/gemet/nl/inspire-theme/nz"
]

15:20:55.064 [ForkJoinPool-1-worker-9] INFO  com.intuit.karate - [print]
15:20:55.064 [ForkJoinPool-1-worker-9] INFO  com.intuit.karate - [print] testing xlinkurl:http://www.eionet.europa.eu/gemet/nl/inspire-theme/nz
15:20:55.160 [ForkJoinPool-1-worker-7] INFO  com.intuit.karate - [print] [
  "http://www.eionet.europa.eu/gemet/nl/inspire-theme/of"
]

15:20:55.164 [ForkJoinPool-1-worker-7] INFO  com.intuit.karate - [print]
15:20:55.165 [ForkJoinPool-1-worker-7] INFO  com.intuit.karate - [print] testing xlinkurl:http://www.eionet.europa.eu/gemet/nl/inspire-theme/of
15:20:55.217 [ForkJoinPool-1-worker-5] INFO  com.intuit.karate - [print] [
  "http://www.eionet.europa.eu/gemet/nl/inspire-theme/oi"
]

15:20:55.221 [ForkJoinPool-1-worker-5] INFO  com.intuit.karate - [print]
15:20:55.222 [ForkJoinPool-1-worker-5] INFO  com.intuit.karate - [print] testing xlinkurl:http://www.eionet.europa.eu/gemet/nl/inspire-theme/oi
15:20:55.712 [ForkJoinPool-1-worker-3] INFO  com.intuit.karate - [print] [
  "http://www.eionet.europa.eu/gemet/nl/inspire-theme/pd"
]

15:20:55.716 [ForkJoinPool-1-worker-3] INFO  com.intuit.karate - [print]
15:20:55.717 [ForkJoinPool-1-worker-3] INFO  com.intuit.karate - [print] testing xlinkurl:http://www.eionet.europa.eu/gemet/nl/inspire-theme/pd
15:20:55.747 [ForkJoinPool-1-worker-9] INFO  com.intuit.karate - [print] [
  "http://www.eionet.europa.eu/gemet/nl/inspire-theme/pf"
]

15:20:55.751 [ForkJoinPool-1-worker-9] INFO  com.intuit.karate - [print]
15:20:55.751 [ForkJoinPool-1-worker-9] INFO  com.intuit.karate - [print] testing xlinkurl:http://www.eionet.europa.eu/gemet/nl/inspire-theme/pf
15:20:55.773 [ForkJoinPool-1-worker-11] INFO  com.intuit.karate - [print] [
  "http://www.eionet.europa.eu/gemet/nl/inspire-theme/ps"
]

15:20:55.776 [ForkJoinPool-1-worker-11] INFO  com.intuit.karate - [print]
15:20:55.777 [ForkJoinPool-1-worker-11] INFO  com.intuit.karate - [print] testing xlinkurl:http://www.eionet.europa.eu/gemet/nl/inspire-theme/ps
15:20:55.847 [ForkJoinPool-1-worker-7] INFO  com.intuit.karate - [print] [
  "http://www.eionet.europa.eu/gemet/nl/inspire-theme/rs"
]

15:20:55.850 [ForkJoinPool-1-worker-7] INFO  com.intuit.karate - [print]
15:20:55.851 [ForkJoinPool-1-worker-7] INFO  com.intuit.karate - [print] testing xlinkurl:http://www.eionet.europa.eu/gemet/nl/inspire-theme/rs
15:20:55.891 [ForkJoinPool-1-worker-5] INFO  com.intuit.karate - [print] [
  "http://www.eionet.europa.eu/gemet/nl/inspire-theme/sd"
]

15:20:55.895 [ForkJoinPool-1-worker-5] INFO  com.intuit.karate - [print]
15:20:55.896 [ForkJoinPool-1-worker-5] INFO  com.intuit.karate - [print] testing xlinkurl:http://www.eionet.europa.eu/gemet/nl/inspire-theme/sd
15:20:56.409 [ForkJoinPool-1-worker-3] INFO  com.intuit.karate - [print] [
  "http://www.eionet.europa.eu/gemet/nl/inspire-theme/so"
]

15:20:56.413 [ForkJoinPool-1-worker-3] INFO  com.intuit.karate - [print]
15:20:56.414 [ForkJoinPool-1-worker-3] INFO  com.intuit.karate - [print] testing xlinkurl:http://www.eionet.europa.eu/gemet/nl/inspire-theme/so
15:20:56.449 [ForkJoinPool-1-worker-11] INFO  com.intuit.karate - [print] [
  "http://www.eionet.europa.eu/gemet/nl/inspire-theme/sr"
]

15:20:56.454 [ForkJoinPool-1-worker-11] INFO  com.intuit.karate - [print]
15:20:56.455 [ForkJoinPool-1-worker-11] INFO  com.intuit.karate - [print] testing xlinkurl:http://www.eionet.europa.eu/gemet/nl/inspire-theme/sr
15:20:56.458 [ForkJoinPool-1-worker-9] INFO  com.intuit.karate - [print] [
  "http://www.eionet.europa.eu/gemet/nl/inspire-theme/su"
]

15:20:56.461 [ForkJoinPool-1-worker-9] INFO  com.intuit.karate - [print]
15:20:56.461 [ForkJoinPool-1-worker-9] INFO  com.intuit.karate - [print] testing xlinkurl:http://www.eionet.europa.eu/gemet/nl/inspire-theme/su
15:20:56.559 [ForkJoinPool-1-worker-7] INFO  com.intuit.karate - [print] [
  "http://www.eionet.europa.eu/gemet/nl/inspire-theme/tn"
]

15:20:56.560 [ForkJoinPool-1-worker-5] INFO  com.intuit.karate - [print] [
  "http://www.eionet.europa.eu/gemet/nl/inspire-theme/us"
]

15:20:56.566 [ForkJoinPool-1-worker-5] INFO  com.intuit.karate - [print]
15:20:56.568 [ForkJoinPool-1-worker-7] INFO  com.intuit.karate - [print]
15:20:56.569 [ForkJoinPool-1-worker-5] INFO  com.intuit.karate - [print] testing xlinkurl:http://www.eionet.europa.eu/gemet/nl/inspire-theme/us
15:20:56.570 [ForkJoinPool-1-worker-7] INFO  com.intuit.karate - [print] testing xlinkurl:http://www.eionet.europa.eu/gemet/nl/inspire-theme/tn
15:20:57.104 [ForkJoinPool-1-worker-3] INFO  com.intuit.karate - [print] [
  "http://www.iana.org/assignments/media-types/application/gml+xml"
]

15:20:57.109 [ForkJoinPool-1-worker-3] INFO  com.intuit.karate - [print]
15:20:57.109 [ForkJoinPool-1-worker-3] INFO  com.intuit.karate - [print] testing xlinkurl:http://www.iana.org/assignments/media-types/application/gml+xml
15:20:57.148 [ForkJoinPool-1-worker-9] INFO  com.intuit.karate - [print] [
  "https://www.iana.org/assignments/media-types/application/gml+xml"
]

15:20:57.151 [ForkJoinPool-1-worker-9] INFO  com.intuit.karate - [print]
15:20:57.151 [ForkJoinPool-1-worker-9] INFO  com.intuit.karate - [print] testing xlinkurl:https://www.iana.org/assignments/media-types/application/gml+xml
15:20:57.151 [ForkJoinPool-1-worker-11] INFO  com.intuit.karate - [print] [
  "https://www.iana.org/assignments/media-types/application/geopackage+sqlite3"
]

15:20:57.157 [ForkJoinPool-1-worker-11] INFO  com.intuit.karate - [print]
15:20:57.157 [ForkJoinPool-1-worker-11] INFO  com.intuit.karate - [print] testing xlinkurl:https://www.iana.org/assignments/media-types/application/geopackage+sqlite3
15:20:57.253 [ForkJoinPool-1-worker-5] INFO  com.intuit.karate - [print] [
  "https://www.iana.org/assignments/media-types/application/xml"
]

15:20:57.256 [ForkJoinPool-1-worker-5] INFO  com.intuit.karate - [print]
15:20:57.256 [ForkJoinPool-1-worker-5] INFO  com.intuit.karate - [print] testing xlinkurl:https://www.iana.org/assignments/media-types/application/xml
15:20:57.259 [ForkJoinPool-1-worker-7] INFO  com.intuit.karate - [print] [
  "http://www.opengeospatial.org/standards/sos"
]

15:20:57.262 [ForkJoinPool-1-worker-7] INFO  com.intuit.karate - [print]
15:20:57.263 [ForkJoinPool-1-worker-7] INFO  com.intuit.karate - [print] testing xlinkurl:http://www.opengeospatial.org/standards/sos
15:20:57.282 [ForkJoinPool-1-worker-3] INFO  com.intuit.karate - [print] [
  "http://www.opengeospatial.org/standards/wcs"
]

15:20:57.285 [ForkJoinPool-1-worker-3] INFO  com.intuit.karate - [print]
15:20:57.285 [ForkJoinPool-1-worker-3] INFO  com.intuit.karate - [print] testing xlinkurl:http://www.opengeospatial.org/standards/wcs
15:20:57.348 [ForkJoinPool-1-worker-11] INFO  com.intuit.karate - [print] [
  "http://www.opengeospatial.org/standards/wfs"
]

15:20:57.351 [ForkJoinPool-1-worker-9] INFO  com.intuit.karate - [print] [
  "http://www.opengeospatial.org/standards/wms"
]

15:20:57.353 [ForkJoinPool-1-worker-9] INFO  com.intuit.karate - [print]
15:20:57.354 [ForkJoinPool-1-worker-9] INFO  com.intuit.karate - [print] testing xlinkurl:http://www.opengeospatial.org/standards/wms
15:20:57.355 [ForkJoinPool-1-worker-11] INFO  com.intuit.karate - [print]
15:20:57.356 [ForkJoinPool-1-worker-11] INFO  com.intuit.karate - [print] testing xlinkurl:http://www.opengeospatial.org/standards/wfs
15:20:57.429 [ForkJoinPool-1-worker-5] INFO  com.intuit.karate - [print] [
  "http://www.opengeospatial.org/standards/wmts"
]

15:20:57.433 [ForkJoinPool-1-worker-5] INFO  com.intuit.karate - [print]
15:20:57.433 [ForkJoinPool-1-worker-5] INFO  com.intuit.karate - [print] testing xlinkurl:http://www.opengeospatial.org/standards/wmts
15:20:57.813 [ForkJoinPool-1-worker-3] INFO  com.intuit.karate - [print] [
  "http://www.opengis.net/def/crs/EPSG/0/3034"
]

15:20:57.815 [ForkJoinPool-1-worker-9] INFO  com.intuit.karate - [print] [
  "http://www.opengis.net/def/crs/EPSG/0/3035"
]

15:20:57.818 [ForkJoinPool-1-worker-3] INFO  com.intuit.karate - [print]
15:20:57.818 [ForkJoinPool-1-worker-3] INFO  com.intuit.karate - [print] testing xlinkurl:http://www.opengis.net/def/crs/EPSG/0/3034
15:20:57.819 [ForkJoinPool-1-worker-9] INFO  com.intuit.karate - [print]
15:20:57.819 [ForkJoinPool-1-worker-9] INFO  com.intuit.karate - [print] testing xlinkurl:http://www.opengis.net/def/crs/EPSG/0/3035
15:20:57.820 [ForkJoinPool-1-worker-7] INFO  com.intuit.karate - [print] [
  "http://www.opengis.net/def/crs/EPSG/0/3857"
]

15:20:57.824 [ForkJoinPool-1-worker-7] INFO  com.intuit.karate - [print]
15:20:57.826 [ForkJoinPool-1-worker-7] INFO  com.intuit.karate - [print] testing xlinkurl:http://www.opengis.net/def/crs/EPSG/0/3857
15:20:57.856 [ForkJoinPool-1-worker-11] INFO  com.intuit.karate - [print] [
  "http://www.opengis.net/def/crs/EPSG/0/4258"
]

15:20:57.859 [ForkJoinPool-1-worker-11] INFO  com.intuit.karate - [print]
15:20:57.860 [ForkJoinPool-1-worker-11] INFO  com.intuit.karate - [print] testing xlinkurl:http://www.opengis.net/def/crs/EPSG/0/4258
15:20:57.878 [ForkJoinPool-1-worker-5] INFO  com.intuit.karate - [print] [
  "http://www.opengis.net/def/crs/EPSG/0/4326"
]

15:20:57.880 [ForkJoinPool-1-worker-5] INFO  com.intuit.karate - [print]
15:20:57.880 [ForkJoinPool-1-worker-5] INFO  com.intuit.karate - [print] testing xlinkurl:http://www.opengis.net/def/crs/EPSG/0/4326
15:20:57.968 [ForkJoinPool-1-worker-13] INFO  com.intuit.karate - [print] [
  "http://www.opengis.net/def/crs/EPSG/0/5709"
]

15:20:57.971 [ForkJoinPool-1-worker-13] INFO  com.intuit.karate - [print]
15:20:57.972 [ForkJoinPool-1-worker-13] INFO  com.intuit.karate - [print] testing xlinkurl:http://www.opengis.net/def/crs/EPSG/0/5709
15:20:58.259 [ForkJoinPool-1-worker-7] INFO  com.intuit.karate - [print] [
  "http://www.opengis.net/def/crs/EPSG/0/5730"
]

15:20:58.263 [ForkJoinPool-1-worker-7] INFO  com.intuit.karate - [print]
15:20:58.264 [ForkJoinPool-1-worker-5] INFO  com.intuit.karate - [print] [
  "http://www.opengis.net/def/crs/EPSG/0/5861"
]

15:20:58.266 [ForkJoinPool-1-worker-11] INFO  com.intuit.karate - [print] [
  "http://www.opengis.net/def/crs/EPSG/0/23031"
]

15:20:58.268 [ForkJoinPool-1-worker-7] INFO  com.intuit.karate - [print] testing xlinkurl:http://www.opengis.net/def/crs/EPSG/0/5730
15:20:58.269 [ForkJoinPool-1-worker-3] INFO  com.intuit.karate - [print] [
  "http://www.opengis.net/def/crs/EPSG/0/25831"
]

15:20:58.271 [ForkJoinPool-1-worker-11] INFO  com.intuit.karate - [print]
15:20:58.270 [ForkJoinPool-1-worker-9] INFO  com.intuit.karate - [print] [
  "http://www.opengis.net/def/crs/EPSG/0/25832"
]

15:20:58.273 [ForkJoinPool-1-worker-9] INFO  com.intuit.karate - [print]
15:20:58.274 [ForkJoinPool-1-worker-9] INFO  com.intuit.karate - [print] testing xlinkurl:http://www.opengis.net/def/crs/EPSG/0/25832
15:20:58.275 [ForkJoinPool-1-worker-11] INFO  com.intuit.karate - [print] testing xlinkurl:http://www.opengis.net/def/crs/EPSG/0/23031
15:20:58.277 [ForkJoinPool-1-worker-3] INFO  com.intuit.karate - [print]
15:20:58.278 [ForkJoinPool-1-worker-3] INFO  com.intuit.karate - [print] testing xlinkurl:http://www.opengis.net/def/crs/EPSG/0/25831
15:20:58.276 [ForkJoinPool-1-worker-5] INFO  com.intuit.karate - [print]
15:20:58.280 [ForkJoinPool-1-worker-5] INFO  com.intuit.karate - [print] testing xlinkurl:http://www.opengis.net/def/crs/EPSG/0/5861
15:20:58.282 [ForkJoinPool-1-worker-13] INFO  com.intuit.karate - [print] [
  "http://www.opengis.net/def/crs/EPSG/0/28992"
]

15:20:58.285 [ForkJoinPool-1-worker-13] INFO  com.intuit.karate - [print]
15:20:58.286 [ForkJoinPool-1-worker-13] INFO  com.intuit.karate - [print] testing xlinkurl:http://www.opengis.net/def/crs/EPSG/0/28992
15:20:58.573 [ForkJoinPool-1-worker-7] INFO  com.intuit.karate - [print] [
  "http://www.opengis.net/def/crs/EPSG/0/EPSG:28992"
]

15:20:58.575 [ForkJoinPool-1-worker-9] INFO  com.intuit.karate - [print] [
  "http://www.opengis.net/def/crs/EPSG/0/EPSG:4326"
]

15:20:58.578 [ForkJoinPool-1-worker-9] INFO  com.intuit.karate - [print]
15:20:58.578 [ForkJoinPool-1-worker-9] INFO  com.intuit.karate - [print] testing xlinkurl:http://www.opengis.net/def/crs/EPSG/0/EPSG:4326
15:20:58.583 [ForkJoinPool-1-worker-11] INFO  com.intuit.karate - [print] [
  "http://www.opengis.net/def/crs/EPSG/0/epsg:28992"
]

15:20:58.585 [ForkJoinPool-1-worker-11] INFO  com.intuit.karate - [print]
15:20:58.585 [ForkJoinPool-1-worker-11] INFO  com.intuit.karate - [print] testing xlinkurl:http://www.opengis.net/def/crs/EPSG/0/epsg:28992
15:20:58.588 [ForkJoinPool-1-worker-7] INFO  com.intuit.karate - [print]
15:20:58.588 [ForkJoinPool-1-worker-7] INFO  com.intuit.karate - [print] testing xlinkurl:http://www.opengis.net/def/crs/EPSG/0/EPSG:28992
15:20:59.066 [ForkJoinPool-1-worker-5] INFO  com.intuit.karate - [print] [
  "http://www.opengis.net/def/serviceType/ogc/wcs"
]

15:20:59.070 [ForkJoinPool-1-worker-5] INFO  com.intuit.karate - [print]
15:20:59.070 [ForkJoinPool-1-worker-5] INFO  com.intuit.karate - [print] testing xlinkurl:http://www.opengis.net/def/serviceType/ogc/wcs
15:21:00.068 [ForkJoinPool-1-worker-3] INFO  com.intuit.karate - [print] [
  "http://www.opengis.net/def/serviceType/ogc/wfs"
]

15:21:00.070 [ForkJoinPool-1-worker-13] INFO  com.intuit.karate - [print] [
  "http://www.opengis.net/def/serviceType/ogc/wms"
]

15:21:00.074 [ForkJoinPool-1-worker-13] INFO  com.intuit.karate - [print]
15:21:00.075 [ForkJoinPool-1-worker-13] INFO  com.intuit.karate - [print] testing xlinkurl:http://www.opengis.net/def/serviceType/ogc/wms
15:21:00.078 [ForkJoinPool-1-worker-3] INFO  com.intuit.karate - [print]
15:21:00.078 [ForkJoinPool-1-worker-3] INFO  com.intuit.karate - [print] testing xlinkurl:http://www.opengis.net/def/serviceType/ogc/wfs
15:21:01.064 [ForkJoinPool-1-worker-9] INFO  com.intuit.karate - [print] [
  "http://www.opengis.net/def/serviceType/ogc/wmts"
]

15:21:01.066 [ForkJoinPool-1-worker-11] INFO  com.intuit.karate - [print] [
  "http://www.wur.nl/nl/Expertises-Dienstverlening/Onderzoeksinstituten/Environmental-Research.htm"
]

15:21:01.067 [ForkJoinPool-1-worker-7] INFO  com.intuit.karate - [print] [
  "https://ec.europa.eu/eurostat/web/health/data/database"
]

15:21:01.068 [ForkJoinPool-1-worker-9] INFO  com.intuit.karate - [print]
15:21:01.069 [ForkJoinPool-1-worker-9] INFO  com.intuit.karate - [print] testing xlinkurl:http://www.opengis.net/def/serviceType/ogc/wmts
15:21:01.069 [ForkJoinPool-1-worker-7] INFO  com.intuit.karate - [print]
15:21:01.072 [ForkJoinPool-1-worker-7] INFO  com.intuit.karate - [print] testing xlinkurl:https://ec.europa.eu/eurostat/web/health/data/database
15:21:01.072 [ForkJoinPool-1-worker-11] INFO  com.intuit.karate - [print]
15:21:01.073 [ForkJoinPool-1-worker-11] INFO  com.intuit.karate - [print] testing xlinkurl:http://www.wur.nl/nl/Expertises-Dienstverlening/Onderzoeksinstituten/Environmental-Research.htm
15:21:01.238 [ForkJoinPool-1-worker-5] INFO  com.intuit.karate - [print] [
  "https://geodata.cbs.nl/files/INSPIRE"
]

15:21:01.241 [ForkJoinPool-1-worker-5] INFO  com.intuit.karate - [print]
15:21:01.242 [ForkJoinPool-1-worker-5] INFO  com.intuit.karate - [print] testing xlinkurl:https://geodata.cbs.nl/files/INSPIRE
15:21:01.838 [ForkJoinPool-1-worker-7] INFO  com.intuit.karate - [print] [
  "https://geodata.nationaalgeoregister.nl/elu/atom/elu.xml"
]

15:21:01.842 [ForkJoinPool-1-worker-7] INFO  com.intuit.karate - [print]
15:21:01.843 [ForkJoinPool-1-worker-7] INFO  com.intuit.karate - [print] testing xlinkurl:https://geodata.nationaalgeoregister.nl/elu/atom/elu.xml
15:21:02.034 [ForkJoinPool-1-worker-5] INFO  com.intuit.karate - [print] [
  "https://inspire.ec.europa.eu/id/document/tg/au"
]

15:21:02.038 [ForkJoinPool-1-worker-5] INFO  com.intuit.karate - [print]
15:21:02.039 [ForkJoinPool-1-worker-5] INFO  com.intuit.karate - [print] testing xlinkurl:https://inspire.ec.europa.eu/id/document/tg/au
15:21:02.251 [ForkJoinPool-1-worker-13] INFO  com.intuit.karate - [print] [
  "https://inspire.ec.europa.eu/id/document/tg/of"
]

15:21:02.255 [ForkJoinPool-1-worker-13] INFO  com.intuit.karate - [print]
15:21:02.256 [ForkJoinPool-1-worker-13] INFO  com.intuit.karate - [print] testing xlinkurl:https://inspire.ec.europa.eu/id/document/tg/of
15:21:02.315 [ForkJoinPool-1-worker-9] INFO  com.intuit.karate - [print] [
  "https://inspire.ec.europa.eu/id/document/tg/ps"
]

15:21:02.318 [ForkJoinPool-1-worker-9] INFO  com.intuit.karate - [print]
15:21:02.318 [ForkJoinPool-1-worker-9] INFO  com.intuit.karate - [print] testing xlinkurl:https://inspire.ec.europa.eu/id/document/tg/ps
15:21:02.331 [ForkJoinPool-1-worker-3] INFO  com.intuit.karate - [print] [
  "https://inspire.ec.europa.eu/schemas/ps/4.0/ProtectedSites.xsd"
]

15:21:02.333 [ForkJoinPool-1-worker-3] INFO  com.intuit.karate - [print]
15:21:02.334 [ForkJoinPool-1-worker-3] INFO  com.intuit.karate - [print] testing xlinkurl:https://inspire.ec.europa.eu/schemas/ps/4.0/ProtectedSites.xsd
15:21:02.442 [ForkJoinPool-1-worker-7] INFO  com.intuit.karate - [print] [
  "https://ngr.geocat.live/geonetwork/srv/eng/thesaurus.download?ref=external.theme.httpinspireeceuropaeumetadatacodelistSpatialScope-SpatialScope"
]

15:21:02.455 [ForkJoinPool-1-worker-7] INFO  com.intuit.karate - [print]
15:21:02.465 [ForkJoinPool-1-worker-7] INFO  com.intuit.karate - [print] testing xlinkurl:https://ngr.geocat.live/geonetwork/srv/eng/thesaurus.download?ref=external.theme.httpinspireeceuropaeumetadatacodelistSpatialScope-SpatialScope
15:21:02.586 [ForkJoinPool-1-worker-5] INFO  com.intuit.karate - [print] [
  "https://tools.ietf.org/html/rfc4287"
]

15:21:02.592 [ForkJoinPool-1-worker-5] INFO  com.intuit.karate - [print]
15:21:02.593 [ForkJoinPool-1-worker-5] INFO  com.intuit.karate - [print] testing xlinkurl:https://tools.ietf.org/html/rfc4287
15:21:02.738 [ForkJoinPool-1-worker-13] INFO  com.intuit.karate - [print] [
  "https://tools.ietf.org/html/rfc5023"
]

15:21:02.742 [ForkJoinPool-1-worker-13] INFO  com.intuit.karate - [print]
15:21:02.742 [ForkJoinPool-1-worker-13] INFO  com.intuit.karate - [print] testing xlinkurl:https://tools.ietf.org/html/rfc5023
15:21:02.780 [ForkJoinPool-1-worker-3] INFO  com.intuit.karate - [print] [
  "https://www.cbs.nl/-/media/cbs/dossiers/nederland%20regionaal/wijk-en-buurtstatistieken/shape%202017%20versie%2020.zip"
]

15:21:02.783 [ForkJoinPool-1-worker-3] INFO  com.intuit.karate - [print]
15:21:02.783 [ForkJoinPool-1-worker-3] INFO  com.intuit.karate - [print] testing xlinkurl:https://www.cbs.nl/-/media/cbs/dossiers/nederland%20regionaal/wijk-en-buurtstatistieken/shape%202017%20versie%2020.zip
15:21:02.796 [ForkJoinPool-1-worker-9] INFO  com.intuit.karate - [print] [
  "https://www.cbs.nl/nl-nl/dossier/nederland-regionaal/geografische-data/wijk-en-buurtkaart-2016"
]

15:21:02.799 [ForkJoinPool-1-worker-9] INFO  com.intuit.karate - [print]
15:21:02.799 [ForkJoinPool-1-worker-9] INFO  com.intuit.karate - [print] testing xlinkurl:https://www.cbs.nl/nl-nl/dossier/nederland-regionaal/geografische-data/wijk-en-buurtkaart-2016
15:21:02.813 [ForkJoinPool-1-worker-11] INFO  com.intuit.karate - [print] [
  "https://www.cbs.nl/nl-nl/dossier/nederland-regionaal/geografische-data/wijk-en-buurtkaart-2018"
]

15:21:02.816 [ForkJoinPool-1-worker-11] INFO  com.intuit.karate - [print]
15:21:02.816 [ForkJoinPool-1-worker-11] INFO  com.intuit.karate - [print] testing xlinkurl:https://www.cbs.nl/nl-nl/dossier/nederland-regionaal/geografische-data/wijk-en-buurtkaart-2018
15:21:02.858 [ForkJoinPool-1-worker-7] INFO  com.intuit.karate - [print] [
  "https://www.cbs.nl/nl-nl/dossier/nederland-regionaal/geografische-data/wijk-en-buurtkaart-2019"
]

15:21:02.861 [ForkJoinPool-1-worker-7] INFO  com.intuit.karate - [print]
15:21:02.862 [ForkJoinPool-1-worker-7] INFO  com.intuit.karate - [print] testing xlinkurl:https://www.cbs.nl/nl-nl/dossier/nederland-regionaal/geografische-data/wijk-en-buurtkaart-2019
15:21:03.250 [ForkJoinPool-1-worker-3] INFO  com.intuit.karate - [print] [
  "https://www.iana.org/assignments/media-types/application/gml+xml"
]

15:21:03.254 [ForkJoinPool-1-worker-3] INFO  com.intuit.karate - [print]
15:21:03.254 [ForkJoinPool-1-worker-3] INFO  com.intuit.karate - [print] testing xlinkurl:https://www.iana.org/assignments/media-types/application/gml+xml
15:21:03.317 [ForkJoinPool-1-worker-7] INFO  com.intuit.karate - [print] [
  "https://www.iana.org/assignments/media-types/application/zip"
]

15:21:03.321 [ForkJoinPool-1-worker-9] INFO  com.intuit.karate - [print] [
  "https://www.iana.org/assignments/media-types/image/png"
]

15:21:03.322 [ForkJoinPool-1-worker-7] INFO  com.intuit.karate - [print]
15:21:03.323 [ForkJoinPool-1-worker-7] INFO  com.intuit.karate - [print] testing xlinkurl:https://www.iana.org/assignments/media-types/application/zip
15:21:03.324 [ForkJoinPool-1-worker-9] INFO  com.intuit.karate - [print]
15:21:03.324 [ForkJoinPool-1-worker-9] INFO  com.intuit.karate - [print] testing xlinkurl:https://www.iana.org/assignments/media-types/image/png
15:21:03.327 [ForkJoinPool-1-worker-11] INFO  com.intuit.karate - [print] [
  "https://www.nationaalgeoregister.nl"
]

15:21:03.330 [ForkJoinPool-1-worker-11] INFO  com.intuit.karate - [print]
15:21:03.330 [ForkJoinPool-1-worker-11] INFO  com.intuit.karate - [print] testing xlinkurl:https://www.nationaalgeoregister.nl
15:21:03.429 [ForkJoinPool-1-worker-3] INFO  com.intuit.karate - [print] [
  "https://www.nationaalgeoregister.nl/geonetwork/srv/eng/thesaurus.download?ref=external.theme.httpinspireeceuropaeumetadatacodelistPriorityDataset-PriorityDataset"
]

15:21:03.433 [ForkJoinPool-1-worker-3] INFO  com.intuit.karate - [print]
15:21:03.434 [ForkJoinPool-1-worker-3] INFO  com.intuit.karate - [print] testing xlinkurl:https://www.nationaalgeoregister.nl/geonetwork/srv/eng/thesaurus.download?ref=external.theme.httpinspireeceuropaeumetadatacodelistPriorityDataset-PriorityDataset
15:21:03.497 [ForkJoinPool-1-worker-7] INFO  com.intuit.karate - [print] [
  "https://www.nationaalgeoregister.nl/geonetwork/srv/eng/thesaurus.download?ref=external.theme.httpinspireeceuropaeumetadatacodelistSpatialScope-SpatialScope"
]

15:21:03.499 [ForkJoinPool-1-worker-9] INFO  com.intuit.karate - [print] [
  "https://www.nationaalgeoregister.nl/geonetwork/srv/eng/thesaurus.download?ref=external.theme.httpinspireeceuropaeutheme-theme"
]

15:21:03.500 [ForkJoinPool-1-worker-7] INFO  com.intuit.karate - [print]
15:21:03.501 [ForkJoinPool-1-worker-7] INFO  com.intuit.karate - [print] testing xlinkurl:https://www.nationaalgeoregister.nl/geonetwork/srv/eng/thesaurus.download?ref=external.theme.httpinspireeceuropaeumetadatacodelistSpatialScope-SpatialScope
15:21:03.501 [ForkJoinPool-1-worker-9] INFO  com.intuit.karate - [print]
15:21:03.502 [ForkJoinPool-1-worker-9] INFO  com.intuit.karate - [print] testing xlinkurl:https://www.nationaalgeoregister.nl/geonetwork/srv/eng/thesaurus.download?ref=external.theme.httpinspireeceuropaeutheme-theme
15:21:03.803 [ForkJoinPool-1-worker-7] INFO  com.intuit.karate - [print] [
  "https://www.nationaalgeoregister.nl:443/geonetwork/srv/eng/thesaurus.download?ref=external.theme.httpinspireeceuropaeuapplicationschema-applicationschema"
]

15:21:03.803 [ForkJoinPool-1-worker-3] INFO  com.intuit.karate - [print] [
  "https://www.nationaalgeoregister.nl:443/geonetwork/srv/eng/thesaurus.download?ref=external.theme.httpinspireeceuropaeumetadatacodelistPriorityDataset-PriorityDataset"
]

15:21:03.806 [ForkJoinPool-1-worker-3] INFO  com.intuit.karate - [print]
15:21:03.806 [ForkJoinPool-1-worker-3] INFO  com.intuit.karate - [print] testing xlinkurl:https://www.nationaalgeoregister.nl:443/geonetwork/srv/eng/thesaurus.download?ref=external.theme.httpinspireeceuropaeumetadatacodelistPriorityDataset-PriorityDataset
15:21:03.807 [ForkJoinPool-1-worker-9] INFO  com.intuit.karate - [print] [
  "https://www.nationaalgeoregister.nl:443/geonetwork/srv/eng/thesaurus.download?ref=external.theme.httpinspireeceuropaeumetadatacodelistSpatialScope-SpatialScope"
]

15:21:03.809 [ForkJoinPool-1-worker-9] INFO  com.intuit.karate - [print]
15:21:03.809 [ForkJoinPool-1-worker-9] INFO  com.intuit.karate - [print] testing xlinkurl:https://www.nationaalgeoregister.nl:443/geonetwork/srv/eng/thesaurus.download?ref=external.theme.httpinspireeceuropaeumetadatacodelistSpatialScope-SpatialScope
15:21:03.811 [ForkJoinPool-1-worker-7] INFO  com.intuit.karate - [print]
15:21:03.812 [ForkJoinPool-1-worker-7] INFO  com.intuit.karate - [print] testing xlinkurl:https://www.nationaalgeoregister.nl:443/geonetwork/srv/eng/thesaurus.download?ref=external.theme.httpinspireeceuropaeuapplicationschema-applicationschema
15:21:04.106 [ForkJoinPool-1-worker-7] INFO  com.intuit.karate - [print] [
  "https://www.nationaalgeoregister.nl:443/geonetwork/srv/eng/thesaurus.download?ref=external.theme.httpinspireeceuropaeutheme-theme"
]

15:21:04.117 [ForkJoinPool-1-worker-7] INFO  com.intuit.karate - [print]
15:21:04.117 [ForkJoinPool-1-worker-7] INFO  com.intuit.karate - [print] testing xlinkurl:https://www.nationaalgeoregister.nl:443/geonetwork/srv/eng/thesaurus.download?ref=external.theme.httpinspireeceuropaeutheme-theme
15:21:04.911 [ForkJoinPool-1-worker-3] INFO  com.intuit.karate - [print] title:Geografische Namen
15:21:04.922 [ForkJoinPool-1-worker-3] INFO  com.intuit.karate - [print] Geografische Namen
15:21:04.936 [ForkJoinPool-1-worker-9] INFO  com.intuit.karate - [print] title:Nationale Parken (INSPIRE Geharmoniseerd)
15:21:04.937 [ForkJoinPool-1-worker-9] INFO  com.intuit.karate - [print] Nationale Parken (INSPIRE Geharmoniseerd)
15:21:04.938 [ForkJoinPool-1-worker-3] INFO  com.intuit.karate - [print] [
  "PPB-GVA@kadaster.nl",
  "kcc@kadaster.nl",
  "kcc@kadaster.nl"
]

15:21:04.945 [ForkJoinPool-1-worker-9] INFO  com.intuit.karate - [print] [
  "geodatabeheer.giscc@rvo.nl",
  "geodatabeheer.giscc@rvo.nl",
  "info@minlnv.nl",
  "",
  "",
  ""
]

15:21:04.976 [ForkJoinPool-1-worker-3] INFO  com.intuit.karate - [print] organisation: [
  "Kadaster",
  "Kadaster",
  "Kadaster"
]

15:21:04.977 [ForkJoinPool-1-worker-9] INFO  com.intuit.karate - [print] organisation: no organisationName found in dataset record
15:21:05.057 [ForkJoinPool-1-worker-11] INFO  com.intuit.karate - [print] title:Emissies naar het riool in 2015 vanuit de industrie
15:21:05.057 [ForkJoinPool-1-worker-11] INFO  com.intuit.karate - [print] Emissies naar het riool in 2015 vanuit de industrie
15:21:05.072 [ForkJoinPool-1-worker-11] INFO  com.intuit.karate - [print] [
  "emissieregistratie@rivm.nl",
  "",
  "emissieregistratie@rivm.nl"
]

15:21:05.084 [ForkJoinPool-1-worker-11] INFO  com.intuit.karate - [print] organisation: no organisationName found in dataset record
15:21:05.161 [ForkJoinPool-1-worker-3] INFO  com.intuit.karate - [print] [
  "http://kadaster/06b6c650-cdb1-11dd-ad8b-0800200c9a79"
]

15:21:05.166 [ForkJoinPool-1-worker-9] INFO  com.intuit.karate - [print] [
  "http://nationaalgeoregister.nl/geonetwork/srv/dut/catalog.search#/metadata/247a1d15-0a67-40ce-85be-1403c08f15a8",
  "xlink:href=https://inspire.ec.europa.eu/id/document/tg/ps",
  "https://data.overheid.nl/organisatie/PDOK"
]

15:21:05.168 [ForkJoinPool-1-worker-11] INFO  com.intuit.karate - [print] [
  "https://data.rivm.nl/inspire/id#64d546c9-71d4-4c84-a04c-61c5d0734f65"
]

15:21:05.191 [ForkJoinPool-1-worker-3] INFO  com.intuit.karate - [print]
15:21:05.191 [ForkJoinPool-1-worker-7] INFO  com.intuit.karate - [print] title:Amplitude van het getij op de Noordzee
15:21:05.192 [ForkJoinPool-1-worker-7] INFO  com.intuit.karate - [print] Amplitude van het getij op de Noordzee
15:21:05.193 [ForkJoinPool-1-worker-7] INFO  com.intuit.karate - [print] [
  "data@hydro.nl",
  "data@hydro.nl",
  "data@hydro.nl",
  ""
]

15:21:05.195 [ForkJoinPool-1-worker-11] INFO  com.intuit.karate - [print]
15:21:05.195 [ForkJoinPool-1-worker-11] INFO  com.intuit.karate - [print] testing xlinkurl:https://data.rivm.nl/inspire/id#64d546c9-71d4-4c84-a04c-61c5d0734f65
15:21:05.197 [ForkJoinPool-1-worker-7] INFO  com.intuit.karate - [print] organisation: [
  "Ministerie van Defensie, Koninklijke Marine, Dienst der Hydrografie",
  "Ministerie van Defensie, Koninklijke Marine, Dienst der Hydrografie",
  "Ministerie van Defensie, Koninklijke Marine, Dienst der Hydrografie"
]

15:21:05.198 [ForkJoinPool-1-worker-13] INFO  com.intuit.karate - [print] title:Bodemkaart50000_versie2014
15:21:05.198 [ForkJoinPool-1-worker-13] INFO  com.intuit.karate - [print] Bodemkaart50000_versie2014
15:21:05.199 [ForkJoinPool-1-worker-9] INFO  com.intuit.karate - [print]
15:21:05.199 [ForkJoinPool-1-worker-3] INFO  com.intuit.karate - [print] testing xlinkurl:http://kadaster/06b6c650-cdb1-11dd-ad8b-0800200c9a79
15:21:05.200 [ForkJoinPool-1-worker-9] INFO  com.intuit.karate - [print] testing xlinkurl:http://nationaalgeoregister.nl/geonetwork/srv/dut/catalog.search#/metadata/247a1d15-0a67-40ce-85be-1403c08f15a8
15:21:05.201 [ForkJoinPool-1-worker-13] INFO  com.intuit.karate - [print] [
  "fokke.brouwer@wur.nl",
  "GeoDesk@wur.nl",
  "fokke.brouwer@wur.nl",
  "GeoDesk@wur.nl"
]

15:21:05.208 [ForkJoinPool-1-worker-13] INFO  com.intuit.karate - [print] organisation: [
  "Wageningen Environmental Research",
  "Wageningen Environmental Research (Alterra)",
  "Wageningen Environmental Research",
  "Wageningen Environmental Research (Alterra)",
  "ALTERRA en voorafgaande instituten",
  "ALTERRA en voorafgaande instituten",
  "Alterra",
  "Alterra",
  "Alterra Wageningen UR",
  "Alterra"
]

15:21:05.229 [ForkJoinPool-1-worker-5] INFO  com.intuit.karate - [print] title:Gebouwen (INSPIRE geharmoniseerd)
15:21:05.229 [ForkJoinPool-1-worker-5] INFO  com.intuit.karate - [print] Gebouwen (INSPIRE geharmoniseerd)
15:21:05.233 [ForkJoinPool-1-worker-3] ERROR com.intuit.karate - java.net.UnknownHostException: kadaster: Temporary failure in name resolution, http call failed after 30 milliseconds for URL: http://kadaster/06b6c650-cdb1-11dd-ad8b-0800200c9a79
15:21:05.233 [ForkJoinPool-1-worker-3] ERROR com.intuit.karate - http request failed: 
java.net.UnknownHostException: kadaster: Temporary failure in name resolution
15:21:05.234 [ForkJoinPool-1-worker-3] ERROR com.intuit.karate - feature call (loop) failed at index: 0
caller: classpath:InspireTest/ngr/datasetrecords/def/checkxlinkurl.template.feature
arg: {"link":"http://kadaster/06b6c650-cdb1-11dd-ad8b-0800200c9a79"}
checkxlinkurl.template.feature:14 - 
java.net.UnknownHostException: kadaster: Temporary failure in name resolution
15:21:05.240 [ForkJoinPool-1-worker-5] INFO  com.intuit.karate - [print] [
  "PPB-GVA@kadaster.nl",
  "kcc@kadaster.nl"
]

15:21:05.255 [ForkJoinPool-1-worker-7] INFO  com.intuit.karate - [print] [
  "http://www.opengis.net/def/crs/EPSG/0/https://www.opengis.net/def/crs/EPSG/0/4258",
  "https://www.nationaalgeoregister.nl/geonetwork/srv/api/recordsbe6551de-a709-4c6d-a5e2-f63f0cf038ba"
]

15:21:05.257 [ForkJoinPool-1-worker-5] INFO  com.intuit.karate - [print] organisation: [
  "Kadaster",
  "Kadaster"
]

15:21:05.261 [ForkJoinPool-1-worker-7] INFO  com.intuit.karate - [print]
15:21:05.271 [ForkJoinPool-1-worker-7] INFO  com.intuit.karate - [print] testing xlinkurl:http://www.opengis.net/def/crs/EPSG/0/https://www.opengis.net/def/crs/EPSG/0/4258
15:21:05.279 [ForkJoinPool-1-worker-13] INFO  com.intuit.karate - [print] [
  "h",
  "t",
  "t",
  "p",
  ":",
  "/",
  "/",
  "s",
  "t",
  "a",
  "n",
  "d",
  "a",
  "r",
  "d",
  "s",
  ".",
  "i",
  "s",
  "o",
  ".",
  "o",
  "r",
  "g",
  "/",
  "i",
  "t",
  "t",
  "f",
  "/",
  "P",
  "u",
  "b",
  "l",
  "i",
  "c",
  "l",
  "y",
  "A",
  "v",
  "a",
  "i",
  "l",
  "a",
  "b",
  "l",
  "e",
  "S",
  "t",
  "a",
  "n",
  "d",
  "a",
  "r",
  "d",
  "s",
  "/",
  "I",
  "S",
  "O",
  "_",
  "1",
  "9",
  "1",
  "3",
  "9",
  "_",
  "S",
  "c",
  "h",
  "e",
  "m",
  "a",
  "s",
  "/",
  "r",
  "e",
  "s",
  "o",
  "u",
  "r",
  "c",
  "e",
  "s",
  "/",
  "u",
  "o",
  "m",
  "/",
  "g",
  "m",
  "x",
  "U",
  "o",
  "m",
  ".",
  "x",
  "m",
  "l",
  "#",
  "m"
]

15:21:05.292 [ForkJoinPool-1-worker-5] INFO  com.intuit.karate - [print] [
  "http://www.opengis.net/def/crs/EPSG/0/http://www.opengis.net/def/crs/EPSG/0/4258",
  "http://kadaster/80b2d12c-32be-54fg-b6d3\u201434f4ffc06cf3"
]

15:21:05.297 [ForkJoinPool-1-worker-5] INFO  com.intuit.karate - [print]
15:21:05.298 [ForkJoinPool-1-worker-13] INFO  com.intuit.karate - [print]
15:21:05.302 [ForkJoinPool-1-worker-13] INFO  com.intuit.karate - [print] testing xlinkurl:h
15:21:05.303 [ForkJoinPool-1-worker-13] ERROR com.intuit.karate - org.apache.http.client.ClientProtocolException, http call failed after 0 milliseconds for URL: h
15:21:05.303 [ForkJoinPool-1-worker-13] ERROR com.intuit.karate - http request failed: 
org.apache.http.client.ClientProtocolException
15:21:05.304 [ForkJoinPool-1-worker-13] ERROR com.intuit.karate - feature call (loop) failed at index: 0
caller: classpath:InspireTest/ngr/datasetrecords/def/checkxlinkurl.template.feature
arg: {"link":"h"}
checkxlinkurl.template.feature:14 - 
org.apache.http.client.ClientProtocolException
15:21:05.305 [ForkJoinPool-1-worker-13] INFO  com.intuit.karate - [print]
15:21:05.305 [ForkJoinPool-1-worker-13] INFO  com.intuit.karate - [print] testing xlinkurl:t
15:21:05.306 [ForkJoinPool-1-worker-13] ERROR com.intuit.karate - org.apache.http.client.ClientProtocolException, http call failed after 0 milliseconds for URL: t
15:21:05.307 [ForkJoinPool-1-worker-13] ERROR com.intuit.karate - http request failed: 
org.apache.http.client.ClientProtocolException
15:21:05.307 [ForkJoinPool-1-worker-13] ERROR com.intuit.karate - feature call (loop) failed at index: 1
caller: classpath:InspireTest/ngr/datasetrecords/def/checkxlinkurl.template.feature
arg: {"link":"t"}
checkxlinkurl.template.feature:14 - 
org.apache.http.client.ClientProtocolException
15:21:05.308 [ForkJoinPool-1-worker-13] INFO  com.intuit.karate - [print]
15:21:05.308 [ForkJoinPool-1-worker-13] INFO  com.intuit.karate - [print] testing xlinkurl:t
15:21:05.309 [ForkJoinPool-1-worker-13] ERROR com.intuit.karate - org.apache.http.client.ClientProtocolException, http call failed after 0 milliseconds for URL: t
15:21:05.310 [ForkJoinPool-1-worker-13] ERROR com.intuit.karate - http request failed: 
org.apache.http.client.ClientProtocolException
15:21:05.310 [ForkJoinPool-1-worker-13] ERROR com.intuit.karate - feature call (loop) failed at index: 2
caller: classpath:InspireTest/ngr/datasetrecords/def/checkxlinkurl.template.feature
arg: {"link":"t"}
checkxlinkurl.template.feature:14 - 
org.apache.http.client.ClientProtocolException
15:21:05.311 [ForkJoinPool-1-worker-13] INFO  com.intuit.karate - [print]
15:21:05.306 [ForkJoinPool-1-worker-5] INFO  com.intuit.karate - [print] testing xlinkurl:http://www.opengis.net/def/crs/EPSG/0/http://www.opengis.net/def/crs/EPSG/0/4258
15:21:05.318 [ForkJoinPool-1-worker-13] INFO  com.intuit.karate - [print] testing xlinkurl:p
15:21:05.319 [ForkJoinPool-1-worker-13] ERROR com.intuit.karate - org.apache.http.client.ClientProtocolException, http call failed after 0 milliseconds for URL: p
15:21:05.319 [ForkJoinPool-1-worker-13] ERROR com.intuit.karate - http request failed: 
org.apache.http.client.ClientProtocolException
15:21:05.320 [ForkJoinPool-1-worker-13] ERROR com.intuit.karate - feature call (loop) failed at index: 3
caller: classpath:InspireTest/ngr/datasetrecords/def/checkxlinkurl.template.feature
arg: {"link":"p"}
checkxlinkurl.template.feature:14 - 
org.apache.http.client.ClientProtocolException
15:21:05.321 [ForkJoinPool-1-worker-13] INFO  com.intuit.karate - [print]
15:21:05.321 [ForkJoinPool-1-worker-13] INFO  com.intuit.karate - [print] testing xlinkurl::
15:21:05.322 [ForkJoinPool-1-worker-13] ERROR com.intuit.karate - http request failed: java.net.URISyntaxException: Expected scheme name at index 0: :
15:21:05.322 [ForkJoinPool-1-worker-13] ERROR com.intuit.karate - feature call (loop) failed at index: 4
caller: classpath:InspireTest/ngr/datasetrecords/def/checkxlinkurl.template.feature
arg: {"link":":"}
checkxlinkurl.template.feature:14 - java.net.URISyntaxException: Expected scheme name at index 0: :
15:21:05.324 [ForkJoinPool-1-worker-13] INFO  com.intuit.karate - [print]
15:21:05.324 [ForkJoinPool-1-worker-13] INFO  com.intuit.karate - [print] testing xlinkurl:/
15:21:05.325 [ForkJoinPool-1-worker-13] ERROR com.intuit.karate - org.apache.http.client.ClientProtocolException, http call failed after 0 milliseconds for URL: /
15:21:05.325 [ForkJoinPool-1-worker-13] ERROR com.intuit.karate - http request failed: 
org.apache.http.client.ClientProtocolException
15:21:05.325 [ForkJoinPool-1-worker-13] ERROR com.intuit.karate - feature call (loop) failed at index: 5
caller: classpath:InspireTest/ngr/datasetrecords/def/checkxlinkurl.template.feature
arg: {"link":"/"}
checkxlinkurl.template.feature:14 - 
org.apache.http.client.ClientProtocolException
15:21:05.327 [ForkJoinPool-1-worker-13] INFO  com.intuit.karate - [print]
15:21:05.327 [ForkJoinPool-1-worker-13] INFO  com.intuit.karate - [print] testing xlinkurl:/
15:21:05.327 [ForkJoinPool-1-worker-13] ERROR com.intuit.karate - org.apache.http.client.ClientProtocolException, http call failed after 0 milliseconds for URL: /
15:21:05.334 [ForkJoinPool-1-worker-13] ERROR com.intuit.karate - http request failed: 
org.apache.http.client.ClientProtocolException
15:21:05.334 [ForkJoinPool-1-worker-13] ERROR com.intuit.karate - feature call (loop) failed at index: 6
caller: classpath:InspireTest/ngr/datasetrecords/def/checkxlinkurl.template.feature
arg: {"link":"/"}
checkxlinkurl.template.feature:14 - 
org.apache.http.client.ClientProtocolException
15:21:05.335 [ForkJoinPool-1-worker-13] INFO  com.intuit.karate - [print]
15:21:05.336 [ForkJoinPool-1-worker-13] INFO  com.intuit.karate - [print] testing xlinkurl:s
15:21:05.336 [ForkJoinPool-1-worker-13] ERROR com.intuit.karate - org.apache.http.client.ClientProtocolException, http call failed after 0 milliseconds for URL: s
15:21:05.337 [ForkJoinPool-1-worker-13] ERROR com.intuit.karate - http request failed: 
org.apache.http.client.ClientProtocolException
15:21:05.337 [ForkJoinPool-1-worker-13] ERROR com.intuit.karate - feature call (loop) failed at index: 7
caller: classpath:InspireTest/ngr/datasetrecords/def/checkxlinkurl.template.feature
arg: {"link":"s"}
checkxlinkurl.template.feature:14 - 
org.apache.http.client.ClientProtocolException
15:21:05.338 [ForkJoinPool-1-worker-13] INFO  com.intuit.karate - [print]
15:21:05.339 [ForkJoinPool-1-worker-13] INFO  com.intuit.karate - [print] testing xlinkurl:t
15:21:05.339 [ForkJoinPool-1-worker-13] ERROR com.intuit.karate - org.apache.http.client.ClientProtocolException, http call failed after 0 milliseconds for URL: t
15:21:05.340 [ForkJoinPool-1-worker-13] ERROR com.intuit.karate - http request failed: 
org.apache.http.client.ClientProtocolException
15:21:05.340 [ForkJoinPool-1-worker-13] ERROR com.intuit.karate - feature call (loop) failed at index: 8
caller: classpath:InspireTest/ngr/datasetrecords/def/checkxlinkurl.template.feature
arg: {"link":"t"}
checkxlinkurl.template.feature:14 - 
org.apache.http.client.ClientProtocolException
15:21:05.341 [ForkJoinPool-1-worker-13] INFO  com.intuit.karate - [print]
15:21:05.341 [ForkJoinPool-1-worker-13] INFO  com.intuit.karate - [print] testing xlinkurl:a
15:21:05.342 [ForkJoinPool-1-worker-13] ERROR com.intuit.karate - org.apache.http.client.ClientProtocolException, http call failed after 0 milliseconds for URL: a
15:21:05.343 [ForkJoinPool-1-worker-13] ERROR com.intuit.karate - http request failed: 
org.apache.http.client.ClientProtocolException
15:21:05.343 [ForkJoinPool-1-worker-13] ERROR com.intuit.karate - feature call (loop) failed at index: 9
caller: classpath:InspireTest/ngr/datasetrecords/def/checkxlinkurl.template.feature
arg: {"link":"a"}
checkxlinkurl.template.feature:14 - 
org.apache.http.client.ClientProtocolException
15:21:05.345 [ForkJoinPool-1-worker-13] INFO  com.intuit.karate - [print]
15:21:05.345 [ForkJoinPool-1-worker-13] INFO  com.intuit.karate - [print] testing xlinkurl:n
15:21:05.346 [ForkJoinPool-1-worker-13] ERROR com.intuit.karate - org.apache.http.client.ClientProtocolException, http call failed after 0 milliseconds for URL: n
15:21:05.350 [ForkJoinPool-1-worker-13] ERROR com.intuit.karate - http request failed: 
org.apache.http.client.ClientProtocolException
15:21:05.350 [ForkJoinPool-1-worker-13] ERROR com.intuit.karate - feature call (loop) failed at index: 10
caller: classpath:InspireTest/ngr/datasetrecords/def/checkxlinkurl.template.feature
arg: {"link":"n"}
checkxlinkurl.template.feature:14 - 
org.apache.http.client.ClientProtocolException
15:21:05.352 [ForkJoinPool-1-worker-13] INFO  com.intuit.karate - [print]
15:21:05.352 [ForkJoinPool-1-worker-13] INFO  com.intuit.karate - [print] testing xlinkurl:d
15:21:05.353 [ForkJoinPool-1-worker-13] ERROR com.intuit.karate - org.apache.http.client.ClientProtocolException, http call failed after 0 milliseconds for URL: d
15:21:05.354 [ForkJoinPool-1-worker-13] ERROR com.intuit.karate - http request failed: 
org.apache.http.client.ClientProtocolException
15:21:05.354 [ForkJoinPool-1-worker-13] ERROR com.intuit.karate - feature call (loop) failed at index: 11
caller: classpath:InspireTest/ngr/datasetrecords/def/checkxlinkurl.template.feature
arg: {"link":"d"}
checkxlinkurl.template.feature:14 - 
org.apache.http.client.ClientProtocolException
15:21:05.355 [ForkJoinPool-1-worker-13] INFO  com.intuit.karate - [print]
15:21:05.356 [ForkJoinPool-1-worker-13] INFO  com.intuit.karate - [print] testing xlinkurl:a
15:21:05.356 [ForkJoinPool-1-worker-13] ERROR com.intuit.karate - org.apache.http.client.ClientProtocolException, http call failed after 0 milliseconds for URL: a
15:21:05.357 [ForkJoinPool-1-worker-13] ERROR com.intuit.karate - http request failed: 
org.apache.http.client.ClientProtocolException
15:21:05.357 [ForkJoinPool-1-worker-13] ERROR com.intuit.karate - feature call (loop) failed at index: 12
caller: classpath:InspireTest/ngr/datasetrecords/def/checkxlinkurl.template.feature
arg: {"link":"a"}
checkxlinkurl.template.feature:14 - 
org.apache.http.client.ClientProtocolException
15:21:05.358 [ForkJoinPool-1-worker-13] INFO  com.intuit.karate - [print]
15:21:05.362 [ForkJoinPool-1-worker-13] INFO  com.intuit.karate - [print] testing xlinkurl:r
15:21:05.363 [ForkJoinPool-1-worker-13] ERROR com.intuit.karate - org.apache.http.client.ClientProtocolException, http call failed after 0 milliseconds for URL: r
15:21:05.363 [ForkJoinPool-1-worker-13] ERROR com.intuit.karate - http request failed: 
org.apache.http.client.ClientProtocolException
15:21:05.364 [ForkJoinPool-1-worker-13] ERROR com.intuit.karate - feature call (loop) failed at index: 13
caller: classpath:InspireTest/ngr/datasetrecords/def/checkxlinkurl.template.feature
arg: {"link":"r"}
checkxlinkurl.template.feature:14 - 
org.apache.http.client.ClientProtocolException
15:21:05.365 [ForkJoinPool-1-worker-13] INFO  com.intuit.karate - [print]
15:21:05.365 [ForkJoinPool-1-worker-13] INFO  com.intuit.karate - [print] testing xlinkurl:d
15:21:05.366 [ForkJoinPool-1-worker-13] ERROR com.intuit.karate - org.apache.http.client.ClientProtocolException, http call failed after 0 milliseconds for URL: d
15:21:05.366 [ForkJoinPool-1-worker-13] ERROR com.intuit.karate - http request failed: 
org.apache.http.client.ClientProtocolException
15:21:05.367 [ForkJoinPool-1-worker-13] ERROR com.intuit.karate - feature call (loop) failed at index: 14
caller: classpath:InspireTest/ngr/datasetrecords/def/checkxlinkurl.template.feature
arg: {"link":"d"}
checkxlinkurl.template.feature:14 - 
org.apache.http.client.ClientProtocolException
15:21:05.368 [ForkJoinPool-1-worker-13] INFO  com.intuit.karate - [print]
15:21:05.368 [ForkJoinPool-1-worker-13] INFO  com.intuit.karate - [print] testing xlinkurl:s
15:21:05.369 [ForkJoinPool-1-worker-13] ERROR com.intuit.karate - org.apache.http.client.ClientProtocolException, http call failed after 0 milliseconds for URL: s
15:21:05.370 [ForkJoinPool-1-worker-13] ERROR com.intuit.karate - http request failed: 
org.apache.http.client.ClientProtocolException
15:21:05.370 [ForkJoinPool-1-worker-13] ERROR com.intuit.karate - feature call (loop) failed at index: 15
caller: classpath:InspireTest/ngr/datasetrecords/def/checkxlinkurl.template.feature
arg: {"link":"s"}
checkxlinkurl.template.feature:14 - 
org.apache.http.client.ClientProtocolException
15:21:05.374 [ForkJoinPool-1-worker-13] INFO  com.intuit.karate - [print]
15:21:05.374 [ForkJoinPool-1-worker-13] INFO  com.intuit.karate - [print] testing xlinkurl:.
15:21:05.375 [ForkJoinPool-1-worker-13] ERROR com.intuit.karate - org.apache.http.client.ClientProtocolException, http call failed after 0 milliseconds for URL: .
15:21:05.375 [ForkJoinPool-1-worker-13] ERROR com.intuit.karate - http request failed: 
org.apache.http.client.ClientProtocolException
15:21:05.375 [ForkJoinPool-1-worker-13] ERROR com.intuit.karate - feature call (loop) failed at index: 16
caller: classpath:InspireTest/ngr/datasetrecords/def/checkxlinkurl.template.feature
arg: {"link":"."}
checkxlinkurl.template.feature:14 - 
org.apache.http.client.ClientProtocolException
15:21:05.377 [ForkJoinPool-1-worker-13] INFO  com.intuit.karate - [print]
15:21:05.378 [ForkJoinPool-1-worker-13] INFO  com.intuit.karate - [print] testing xlinkurl:i
15:21:05.382 [ForkJoinPool-1-worker-13] ERROR com.intuit.karate - org.apache.http.client.ClientProtocolException, http call failed after 0 milliseconds for URL: i
15:21:05.383 [ForkJoinPool-1-worker-13] ERROR com.intuit.karate - http request failed: 
org.apache.http.client.ClientProtocolException
15:21:05.383 [ForkJoinPool-1-worker-13] ERROR com.intuit.karate - feature call (loop) failed at index: 17
caller: classpath:InspireTest/ngr/datasetrecords/def/checkxlinkurl.template.feature
arg: {"link":"i"}
checkxlinkurl.template.feature:14 - 
org.apache.http.client.ClientProtocolException
15:21:05.384 [ForkJoinPool-1-worker-13] INFO  com.intuit.karate - [print]
15:21:05.384 [ForkJoinPool-1-worker-13] INFO  com.intuit.karate - [print] testing xlinkurl:s
15:21:05.385 [ForkJoinPool-1-worker-13] ERROR com.intuit.karate - org.apache.http.client.ClientProtocolException, http call failed after 0 milliseconds for URL: s
15:21:05.385 [ForkJoinPool-1-worker-13] ERROR com.intuit.karate - http request failed: 
org.apache.http.client.ClientProtocolException
15:21:05.385 [ForkJoinPool-1-worker-13] ERROR com.intuit.karate - feature call (loop) failed at index: 18
caller: classpath:InspireTest/ngr/datasetrecords/def/checkxlinkurl.template.feature
arg: {"link":"s"}
checkxlinkurl.template.feature:14 - 
org.apache.http.client.ClientProtocolException
15:21:05.388 [ForkJoinPool-1-worker-13] INFO  com.intuit.karate - [print]
15:21:05.389 [ForkJoinPool-1-worker-13] INFO  com.intuit.karate - [print] testing xlinkurl:o
15:21:05.389 [ForkJoinPool-1-worker-13] ERROR com.intuit.karate - org.apache.http.client.ClientProtocolException, http call failed after 0 milliseconds for URL: o
15:21:05.390 [ForkJoinPool-1-worker-13] ERROR com.intuit.karate - http request failed: 
org.apache.http.client.ClientProtocolException
15:21:05.390 [ForkJoinPool-1-worker-13] ERROR com.intuit.karate - feature call (loop) failed at index: 19
caller: classpath:InspireTest/ngr/datasetrecords/def/checkxlinkurl.template.feature
arg: {"link":"o"}
checkxlinkurl.template.feature:14 - 
org.apache.http.client.ClientProtocolException
15:21:05.392 [ForkJoinPool-1-worker-13] INFO  com.intuit.karate - [print]
15:21:05.392 [ForkJoinPool-1-worker-13] INFO  com.intuit.karate - [print] testing xlinkurl:.
15:21:05.392 [ForkJoinPool-1-worker-13] ERROR com.intuit.karate - org.apache.http.client.ClientProtocolException, http call failed after 0 milliseconds for URL: .
15:21:05.393 [ForkJoinPool-1-worker-13] ERROR com.intuit.karate - http request failed: 
org.apache.http.client.ClientProtocolException
15:21:05.393 [ForkJoinPool-1-worker-13] ERROR com.intuit.karate - feature call (loop) failed at index: 20
caller: classpath:InspireTest/ngr/datasetrecords/def/checkxlinkurl.template.feature
arg: {"link":"."}
checkxlinkurl.template.feature:14 - 
org.apache.http.client.ClientProtocolException
15:21:05.394 [ForkJoinPool-1-worker-13] INFO  com.intuit.karate - [print]
15:21:05.395 [ForkJoinPool-1-worker-13] INFO  com.intuit.karate - [print] testing xlinkurl:o
15:21:05.396 [ForkJoinPool-1-worker-13] ERROR com.intuit.karate - org.apache.http.client.ClientProtocolException, http call failed after 0 milliseconds for URL: o
15:21:05.398 [ForkJoinPool-1-worker-13] ERROR com.intuit.karate - http request failed: 
org.apache.http.client.ClientProtocolException
15:21:05.398 [ForkJoinPool-1-worker-13] ERROR com.intuit.karate - feature call (loop) failed at index: 21
caller: classpath:InspireTest/ngr/datasetrecords/def/checkxlinkurl.template.feature
arg: {"link":"o"}
checkxlinkurl.template.feature:14 - 
org.apache.http.client.ClientProtocolException
15:21:05.400 [ForkJoinPool-1-worker-13] INFO  com.intuit.karate - [print]
15:21:05.400 [ForkJoinPool-1-worker-13] INFO  com.intuit.karate - [print] testing xlinkurl:r
15:21:05.410 [ForkJoinPool-1-worker-13] ERROR com.intuit.karate - org.apache.http.client.ClientProtocolException, http call failed after 0 milliseconds for URL: r
15:21:05.411 [ForkJoinPool-1-worker-13] ERROR com.intuit.karate - http request failed: 
org.apache.http.client.ClientProtocolException
15:21:05.411 [ForkJoinPool-1-worker-13] ERROR com.intuit.karate - feature call (loop) failed at index: 22
caller: classpath:InspireTest/ngr/datasetrecords/def/checkxlinkurl.template.feature
arg: {"link":"r"}
checkxlinkurl.template.feature:14 - 
org.apache.http.client.ClientProtocolException
15:21:05.412 [ForkJoinPool-1-worker-13] INFO  com.intuit.karate - [print]
15:21:05.412 [ForkJoinPool-1-worker-13] INFO  com.intuit.karate - [print] testing xlinkurl:g
15:21:05.413 [ForkJoinPool-1-worker-13] ERROR com.intuit.karate - org.apache.http.client.ClientProtocolException, http call failed after 0 milliseconds for URL: g
15:21:05.413 [ForkJoinPool-1-worker-13] ERROR com.intuit.karate - http request failed: 
org.apache.http.client.ClientProtocolException
15:21:05.413 [ForkJoinPool-1-worker-13] ERROR com.intuit.karate - feature call (loop) failed at index: 23
caller: classpath:InspireTest/ngr/datasetrecords/def/checkxlinkurl.template.feature
arg: {"link":"g"}
checkxlinkurl.template.feature:14 - 
org.apache.http.client.ClientProtocolException
15:21:05.413 [ForkJoinPool-1-worker-13] INFO  com.intuit.karate - [print]
15:21:05.413 [ForkJoinPool-1-worker-13] INFO  com.intuit.karate - [print] testing xlinkurl:/
15:21:05.414 [ForkJoinPool-1-worker-13] ERROR com.intuit.karate - org.apache.http.client.ClientProtocolException, http call failed after 0 milliseconds for URL: /
15:21:05.414 [ForkJoinPool-1-worker-13] ERROR com.intuit.karate - http request failed: 
org.apache.http.client.ClientProtocolException
15:21:05.414 [ForkJoinPool-1-worker-13] ERROR com.intuit.karate - feature call (loop) failed at index: 24
caller: classpath:InspireTest/ngr/datasetrecords/def/checkxlinkurl.template.feature
arg: {"link":"/"}
checkxlinkurl.template.feature:14 - 
org.apache.http.client.ClientProtocolException
15:21:05.414 [ForkJoinPool-1-worker-13] INFO  com.intuit.karate - [print]
15:21:05.415 [ForkJoinPool-1-worker-13] INFO  com.intuit.karate - [print] testing xlinkurl:i
15:21:05.415 [ForkJoinPool-1-worker-13] ERROR com.intuit.karate - org.apache.http.client.ClientProtocolException, http call failed after 0 milliseconds for URL: i
15:21:05.415 [ForkJoinPool-1-worker-13] ERROR com.intuit.karate - http request failed: 
org.apache.http.client.ClientProtocolException
15:21:05.415 [ForkJoinPool-1-worker-13] ERROR com.intuit.karate - feature call (loop) failed at index: 25
caller: classpath:InspireTest/ngr/datasetrecords/def/checkxlinkurl.template.feature
arg: {"link":"i"}
checkxlinkurl.template.feature:14 - 
org.apache.http.client.ClientProtocolException
15:21:05.416 [ForkJoinPool-1-worker-13] INFO  com.intuit.karate - [print]
15:21:05.416 [ForkJoinPool-1-worker-13] INFO  com.intuit.karate - [print] testing xlinkurl:t
15:21:05.416 [ForkJoinPool-1-worker-13] ERROR com.intuit.karate - org.apache.http.client.ClientProtocolException, http call failed after 0 milliseconds for URL: t
15:21:05.416 [ForkJoinPool-1-worker-13] ERROR com.intuit.karate - http request failed: 
org.apache.http.client.ClientProtocolException
15:21:05.416 [ForkJoinPool-1-worker-13] ERROR com.intuit.karate - feature call (loop) failed at index: 26
caller: classpath:InspireTest/ngr/datasetrecords/def/checkxlinkurl.template.feature
arg: {"link":"t"}
checkxlinkurl.template.feature:14 - 
org.apache.http.client.ClientProtocolException
15:21:05.417 [ForkJoinPool-1-worker-13] INFO  com.intuit.karate - [print]
15:21:05.417 [ForkJoinPool-1-worker-13] INFO  com.intuit.karate - [print] testing xlinkurl:t
15:21:05.417 [ForkJoinPool-1-worker-13] ERROR com.intuit.karate - org.apache.http.client.ClientProtocolException, http call failed after 0 milliseconds for URL: t
15:21:05.417 [ForkJoinPool-1-worker-13] ERROR com.intuit.karate - http request failed: 
org.apache.http.client.ClientProtocolException
15:21:05.417 [ForkJoinPool-1-worker-13] ERROR com.intuit.karate - feature call (loop) failed at index: 27
caller: classpath:InspireTest/ngr/datasetrecords/def/checkxlinkurl.template.feature
arg: {"link":"t"}
checkxlinkurl.template.feature:14 - 
org.apache.http.client.ClientProtocolException
15:21:05.422 [ForkJoinPool-1-worker-9] INFO  com.intuit.karate - [print]
15:21:05.422 [ForkJoinPool-1-worker-9] INFO  com.intuit.karate - [print] testing xlinkurl:xlink:href=https://inspire.ec.europa.eu/id/document/tg/ps
15:21:05.423 [ForkJoinPool-1-worker-9] ERROR com.intuit.karate - org.apache.http.client.ClientProtocolException: URI does not specify a valid host name: xlink:href=https://inspire.ec.europa.eu/id/document/tg/ps, http call failed after 0 milliseconds for URL: xlink:href=https://inspire.ec.europa.eu/id/document/tg/ps
15:21:05.423 [ForkJoinPool-1-worker-9] ERROR com.intuit.karate - http request failed: 
org.apache.http.client.ClientProtocolException: URI does not specify a valid host name: xlink:href=https://inspire.ec.europa.eu/id/document/tg/ps
15:21:05.423 [ForkJoinPool-1-worker-9] ERROR com.intuit.karate - feature call (loop) failed at index: 1
caller: classpath:InspireTest/ngr/datasetrecords/def/checkxlinkurl.template.feature
arg: {"link":"xlink:href=https://inspire.ec.europa.eu/id/document/tg/ps"}
checkxlinkurl.template.feature:14 - 
org.apache.http.client.ClientProtocolException: URI does not specify a valid host name: xlink:href=https://inspire.ec.europa.eu/id/document/tg/ps
15:21:05.423 [ForkJoinPool-1-worker-9] INFO  com.intuit.karate - [print]
15:21:05.423 [ForkJoinPool-1-worker-9] INFO  com.intuit.karate - [print] testing xlinkurl:https://data.overheid.nl/organisatie/PDOK
15:21:05.430 [ForkJoinPool-1-worker-13] INFO  com.intuit.karate - [print]
15:21:05.431 [ForkJoinPool-1-worker-13] INFO  com.intuit.karate - [print] testing xlinkurl:f
15:21:05.432 [ForkJoinPool-1-worker-13] ERROR com.intuit.karate - org.apache.http.client.ClientProtocolException, http call failed after 0 milliseconds for URL: f
15:21:05.432 [ForkJoinPool-1-worker-13] ERROR com.intuit.karate - http request failed: 
org.apache.http.client.ClientProtocolException
15:21:05.432 [ForkJoinPool-1-worker-13] ERROR com.intuit.karate - feature call (loop) failed at index: 28
caller: classpath:InspireTest/ngr/datasetrecords/def/checkxlinkurl.template.feature
arg: {"link":"f"}
checkxlinkurl.template.feature:14 - 
org.apache.http.client.ClientProtocolException
15:21:05.435 [ForkJoinPool-1-worker-13] INFO  com.intuit.karate - [print]
15:21:05.435 [ForkJoinPool-1-worker-13] INFO  com.intuit.karate - [print] testing xlinkurl:/
15:21:05.436 [ForkJoinPool-1-worker-13] ERROR com.intuit.karate - org.apache.http.client.ClientProtocolException, http call failed after 0 milliseconds for URL: /
15:21:05.438 [ForkJoinPool-1-worker-13] ERROR com.intuit.karate - http request failed: 
org.apache.http.client.ClientProtocolException
15:21:05.443 [ForkJoinPool-1-worker-13] ERROR com.intuit.karate - feature call (loop) failed at index: 29
caller: classpath:InspireTest/ngr/datasetrecords/def/checkxlinkurl.template.feature
arg: {"link":"/"}
checkxlinkurl.template.feature:14 - 
org.apache.http.client.ClientProtocolException
15:21:05.444 [ForkJoinPool-1-worker-13] INFO  com.intuit.karate - [print]
15:21:05.447 [ForkJoinPool-1-worker-13] INFO  com.intuit.karate - [print] testing xlinkurl:P
15:21:05.448 [ForkJoinPool-1-worker-13] ERROR com.intuit.karate - org.apache.http.client.ClientProtocolException, http call failed after 0 milliseconds for URL: P
15:21:05.449 [ForkJoinPool-1-worker-13] ERROR com.intuit.karate - http request failed: 
org.apache.http.client.ClientProtocolException
15:21:05.450 [ForkJoinPool-1-worker-13] ERROR com.intuit.karate - feature call (loop) failed at index: 30
caller: classpath:InspireTest/ngr/datasetrecords/def/checkxlinkurl.template.feature
arg: {"link":"P"}
checkxlinkurl.template.feature:14 - 
org.apache.http.client.ClientProtocolException
15:21:05.451 [ForkJoinPool-1-worker-13] INFO  com.intuit.karate - [print]
15:21:05.453 [ForkJoinPool-1-worker-13] INFO  com.intuit.karate - [print] testing xlinkurl:u
15:21:05.454 [ForkJoinPool-1-worker-13] ERROR com.intuit.karate - org.apache.http.client.ClientProtocolException, http call failed after 0 milliseconds for URL: u
15:21:05.455 [ForkJoinPool-1-worker-13] ERROR com.intuit.karate - http request failed: 
org.apache.http.client.ClientProtocolException
15:21:05.456 [ForkJoinPool-1-worker-13] ERROR com.intuit.karate - feature call (loop) failed at index: 31
caller: classpath:InspireTest/ngr/datasetrecords/def/checkxlinkurl.template.feature
arg: {"link":"u"}
checkxlinkurl.template.feature:14 - 
org.apache.http.client.ClientProtocolException
15:21:05.457 [ForkJoinPool-1-worker-13] INFO  com.intuit.karate - [print]
15:21:05.460 [ForkJoinPool-1-worker-13] INFO  com.intuit.karate - [print] testing xlinkurl:b
15:21:05.461 [ForkJoinPool-1-worker-13] ERROR com.intuit.karate - org.apache.http.client.ClientProtocolException, http call failed after 0 milliseconds for URL: b
15:21:05.462 [ForkJoinPool-1-worker-13] ERROR com.intuit.karate - http request failed: 
org.apache.http.client.ClientProtocolException
15:21:05.463 [ForkJoinPool-1-worker-13] ERROR com.intuit.karate - feature call (loop) failed at index: 32
caller: classpath:InspireTest/ngr/datasetrecords/def/checkxlinkurl.template.feature
arg: {"link":"b"}
checkxlinkurl.template.feature:14 - 
org.apache.http.client.ClientProtocolException
15:21:05.464 [ForkJoinPool-1-worker-13] INFO  com.intuit.karate - [print]
15:21:05.466 [ForkJoinPool-1-worker-13] INFO  com.intuit.karate - [print] testing xlinkurl:l
15:21:05.468 [ForkJoinPool-1-worker-13] ERROR com.intuit.karate - org.apache.http.client.ClientProtocolException, http call failed after 0 milliseconds for URL: l
15:21:05.469 [ForkJoinPool-1-worker-13] ERROR com.intuit.karate - http request failed: 
org.apache.http.client.ClientProtocolException
15:21:05.469 [ForkJoinPool-1-worker-13] ERROR com.intuit.karate - feature call (loop) failed at index: 33
caller: classpath:InspireTest/ngr/datasetrecords/def/checkxlinkurl.template.feature
arg: {"link":"l"}
checkxlinkurl.template.feature:14 - 
org.apache.http.client.ClientProtocolException
15:21:05.470 [ForkJoinPool-1-worker-13] INFO  com.intuit.karate - [print]
15:21:05.473 [ForkJoinPool-1-worker-13] INFO  com.intuit.karate - [print] testing xlinkurl:i
15:21:05.474 [ForkJoinPool-1-worker-13] ERROR com.intuit.karate - org.apache.http.client.ClientProtocolException, http call failed after 0 milliseconds for URL: i
15:21:05.476 [ForkJoinPool-1-worker-13] ERROR com.intuit.karate - http request failed: 
org.apache.http.client.ClientProtocolException
15:21:05.476 [ForkJoinPool-1-worker-13] ERROR com.intuit.karate - feature call (loop) failed at index: 34
caller: classpath:InspireTest/ngr/datasetrecords/def/checkxlinkurl.template.feature
arg: {"link":"i"}
checkxlinkurl.template.feature:14 - 
org.apache.http.client.ClientProtocolException
15:21:05.479 [ForkJoinPool-1-worker-13] INFO  com.intuit.karate - [print]
15:21:05.482 [ForkJoinPool-1-worker-13] INFO  com.intuit.karate - [print] testing xlinkurl:c
15:21:05.484 [ForkJoinPool-1-worker-13] ERROR com.intuit.karate - org.apache.http.client.ClientProtocolException, http call failed after 0 milliseconds for URL: c
15:21:05.484 [ForkJoinPool-1-worker-13] ERROR com.intuit.karate - http request failed: 
org.apache.http.client.ClientProtocolException
15:21:05.485 [ForkJoinPool-1-worker-13] ERROR com.intuit.karate - feature call (loop) failed at index: 35
caller: classpath:InspireTest/ngr/datasetrecords/def/checkxlinkurl.template.feature
arg: {"link":"c"}
checkxlinkurl.template.feature:14 - 
org.apache.http.client.ClientProtocolException
15:21:05.486 [ForkJoinPool-1-worker-13] INFO  com.intuit.karate - [print]
15:21:05.489 [ForkJoinPool-1-worker-13] INFO  com.intuit.karate - [print] testing xlinkurl:l
15:21:05.490 [ForkJoinPool-1-worker-13] ERROR com.intuit.karate - org.apache.http.client.ClientProtocolException, http call failed after 0 milliseconds for URL: l
15:21:05.491 [ForkJoinPool-1-worker-13] ERROR com.intuit.karate - http request failed: 
org.apache.http.client.ClientProtocolException
15:21:05.492 [ForkJoinPool-1-worker-13] ERROR com.intuit.karate - feature call (loop) failed at index: 36
caller: classpath:InspireTest/ngr/datasetrecords/def/checkxlinkurl.template.feature
arg: {"link":"l"}
checkxlinkurl.template.feature:14 - 
org.apache.http.client.ClientProtocolException
15:21:05.493 [ForkJoinPool-1-worker-13] INFO  com.intuit.karate - [print]
15:21:05.495 [ForkJoinPool-1-worker-13] INFO  com.intuit.karate - [print] testing xlinkurl:y
15:21:05.496 [ForkJoinPool-1-worker-13] ERROR com.intuit.karate - org.apache.http.client.ClientProtocolException, http call failed after 0 milliseconds for URL: y
15:21:05.498 [ForkJoinPool-1-worker-13] ERROR com.intuit.karate - http request failed: 
org.apache.http.client.ClientProtocolException
15:21:05.498 [ForkJoinPool-1-worker-13] ERROR com.intuit.karate - feature call (loop) failed at index: 37
caller: classpath:InspireTest/ngr/datasetrecords/def/checkxlinkurl.template.feature
arg: {"link":"y"}
checkxlinkurl.template.feature:14 - 
org.apache.http.client.ClientProtocolException
15:21:05.499 [ForkJoinPool-1-worker-13] INFO  com.intuit.karate - [print]
15:21:05.502 [ForkJoinPool-1-worker-13] INFO  com.intuit.karate - [print] testing xlinkurl:A
15:21:05.502 [ForkJoinPool-1-worker-13] ERROR com.intuit.karate - org.apache.http.client.ClientProtocolException, http call failed after 0 milliseconds for URL: A
15:21:05.504 [ForkJoinPool-1-worker-13] ERROR com.intuit.karate - http request failed: 
org.apache.http.client.ClientProtocolException
15:21:05.504 [ForkJoinPool-1-worker-13] ERROR com.intuit.karate - feature call (loop) failed at index: 38
caller: classpath:InspireTest/ngr/datasetrecords/def/checkxlinkurl.template.feature
arg: {"link":"A"}
checkxlinkurl.template.feature:14 - 
org.apache.http.client.ClientProtocolException
15:21:05.505 [ForkJoinPool-1-worker-13] INFO  com.intuit.karate - [print]
15:21:05.508 [ForkJoinPool-1-worker-13] INFO  com.intuit.karate - [print] testing xlinkurl:v
15:21:05.509 [ForkJoinPool-1-worker-13] ERROR com.intuit.karate - org.apache.http.client.ClientProtocolException, http call failed after 0 milliseconds for URL: v
15:21:05.510 [ForkJoinPool-1-worker-13] ERROR com.intuit.karate - http request failed: 
org.apache.http.client.ClientProtocolException
15:21:05.511 [ForkJoinPool-1-worker-13] ERROR com.intuit.karate - feature call (loop) failed at index: 39
caller: classpath:InspireTest/ngr/datasetrecords/def/checkxlinkurl.template.feature
arg: {"link":"v"}
checkxlinkurl.template.feature:14 - 
org.apache.http.client.ClientProtocolException
15:21:05.511 [ForkJoinPool-1-worker-13] INFO  com.intuit.karate - [print]
15:21:05.514 [ForkJoinPool-1-worker-13] INFO  com.intuit.karate - [print] testing xlinkurl:a
15:21:05.515 [ForkJoinPool-1-worker-13] ERROR com.intuit.karate - org.apache.http.client.ClientProtocolException, http call failed after 0 milliseconds for URL: a
15:21:05.516 [ForkJoinPool-1-worker-13] ERROR com.intuit.karate - http request failed: 
org.apache.http.client.ClientProtocolException
15:21:05.517 [ForkJoinPool-1-worker-13] ERROR com.intuit.karate - feature call (loop) failed at index: 40
caller: classpath:InspireTest/ngr/datasetrecords/def/checkxlinkurl.template.feature
arg: {"link":"a"}
checkxlinkurl.template.feature:14 - 
org.apache.http.client.ClientProtocolException
15:21:05.519 [ForkJoinPool-1-worker-13] INFO  com.intuit.karate - [print]
15:21:05.523 [ForkJoinPool-1-worker-13] INFO  com.intuit.karate - [print] testing xlinkurl:i
15:21:05.524 [ForkJoinPool-1-worker-13] ERROR com.intuit.karate - org.apache.http.client.ClientProtocolException, http call failed after 0 milliseconds for URL: i
15:21:05.525 [ForkJoinPool-1-worker-13] ERROR com.intuit.karate - http request failed: 
org.apache.http.client.ClientProtocolException
15:21:05.526 [ForkJoinPool-1-worker-13] ERROR com.intuit.karate - feature call (loop) failed at index: 41
caller: classpath:InspireTest/ngr/datasetrecords/def/checkxlinkurl.template.feature
arg: {"link":"i"}
checkxlinkurl.template.feature:14 - 
org.apache.http.client.ClientProtocolException
15:21:05.527 [ForkJoinPool-1-worker-13] INFO  com.intuit.karate - [print]
15:21:05.529 [ForkJoinPool-1-worker-13] INFO  com.intuit.karate - [print] testing xlinkurl:l
15:21:05.536 [ForkJoinPool-1-worker-13] ERROR com.intuit.karate - org.apache.http.client.ClientProtocolException, http call failed after 0 milliseconds for URL: l
15:21:05.536 [ForkJoinPool-1-worker-13] ERROR com.intuit.karate - http request failed: 
org.apache.http.client.ClientProtocolException
15:21:05.536 [ForkJoinPool-1-worker-13] ERROR com.intuit.karate - feature call (loop) failed at index: 42
caller: classpath:InspireTest/ngr/datasetrecords/def/checkxlinkurl.template.feature
arg: {"link":"l"}
checkxlinkurl.template.feature:14 - 
org.apache.http.client.ClientProtocolException
15:21:05.541 [ForkJoinPool-1-worker-13] INFO  com.intuit.karate - [print]
15:21:05.542 [ForkJoinPool-1-worker-13] INFO  com.intuit.karate - [print] testing xlinkurl:a
15:21:05.542 [ForkJoinPool-1-worker-13] ERROR com.intuit.karate - org.apache.http.client.ClientProtocolException, http call failed after 0 milliseconds for URL: a
15:21:05.542 [ForkJoinPool-1-worker-13] ERROR com.intuit.karate - http request failed: 
org.apache.http.client.ClientProtocolException
15:21:05.543 [ForkJoinPool-1-worker-13] ERROR com.intuit.karate - feature call (loop) failed at index: 43
caller: classpath:InspireTest/ngr/datasetrecords/def/checkxlinkurl.template.feature
arg: {"link":"a"}
checkxlinkurl.template.feature:14 - 
org.apache.http.client.ClientProtocolException
15:21:05.544 [ForkJoinPool-1-worker-13] INFO  com.intuit.karate - [print]
15:21:05.546 [ForkJoinPool-1-worker-13] INFO  com.intuit.karate - [print] testing xlinkurl:b
15:21:05.547 [ForkJoinPool-1-worker-13] ERROR com.intuit.karate - org.apache.http.client.ClientProtocolException, http call failed after 0 milliseconds for URL: b
15:21:05.549 [ForkJoinPool-1-worker-13] ERROR com.intuit.karate - http request failed: 
org.apache.http.client.ClientProtocolException
15:21:05.549 [ForkJoinPool-1-worker-13] ERROR com.intuit.karate - feature call (loop) failed at index: 44
caller: classpath:InspireTest/ngr/datasetrecords/def/checkxlinkurl.template.feature
arg: {"link":"b"}
checkxlinkurl.template.feature:14 - 
org.apache.http.client.ClientProtocolException
15:21:05.550 [ForkJoinPool-1-worker-13] INFO  com.intuit.karate - [print]
15:21:05.553 [ForkJoinPool-1-worker-13] INFO  com.intuit.karate - [print] testing xlinkurl:l
15:21:05.555 [ForkJoinPool-1-worker-13] ERROR com.intuit.karate - org.apache.http.client.ClientProtocolException, http call failed after 0 milliseconds for URL: l
15:21:05.555 [ForkJoinPool-1-worker-13] ERROR com.intuit.karate - http request failed: 
org.apache.http.client.ClientProtocolException
15:21:05.556 [ForkJoinPool-1-worker-13] ERROR com.intuit.karate - feature call (loop) failed at index: 45
caller: classpath:InspireTest/ngr/datasetrecords/def/checkxlinkurl.template.feature
arg: {"link":"l"}
checkxlinkurl.template.feature:14 - 
org.apache.http.client.ClientProtocolException
15:21:05.557 [ForkJoinPool-1-worker-13] INFO  com.intuit.karate - [print]
15:21:05.559 [ForkJoinPool-1-worker-13] INFO  com.intuit.karate - [print] testing xlinkurl:e
15:21:05.560 [ForkJoinPool-1-worker-13] ERROR com.intuit.karate - org.apache.http.client.ClientProtocolException, http call failed after 0 milliseconds for URL: e
15:21:05.563 [ForkJoinPool-1-worker-13] ERROR com.intuit.karate - http request failed: 
org.apache.http.client.ClientProtocolException
15:21:05.564 [ForkJoinPool-1-worker-13] ERROR com.intuit.karate - feature call (loop) failed at index: 46
caller: classpath:InspireTest/ngr/datasetrecords/def/checkxlinkurl.template.feature
arg: {"link":"e"}
checkxlinkurl.template.feature:14 - 
org.apache.http.client.ClientProtocolException
15:21:05.565 [ForkJoinPool-1-worker-13] INFO  com.intuit.karate - [print]
15:21:05.567 [ForkJoinPool-1-worker-13] INFO  com.intuit.karate - [print] testing xlinkurl:S
15:21:05.568 [ForkJoinPool-1-worker-13] ERROR com.intuit.karate - org.apache.http.client.ClientProtocolException, http call failed after 0 milliseconds for URL: S
15:21:05.569 [ForkJoinPool-1-worker-13] ERROR com.intuit.karate - http request failed: 
org.apache.http.client.ClientProtocolException
15:21:05.569 [ForkJoinPool-1-worker-13] ERROR com.intuit.karate - feature call (loop) failed at index: 47
caller: classpath:InspireTest/ngr/datasetrecords/def/checkxlinkurl.template.feature
arg: {"link":"S"}
checkxlinkurl.template.feature:14 - 
org.apache.http.client.ClientProtocolException
15:21:05.571 [ForkJoinPool-1-worker-13] INFO  com.intuit.karate - [print]
15:21:05.573 [ForkJoinPool-1-worker-13] INFO  com.intuit.karate - [print] testing xlinkurl:t
15:21:05.574 [ForkJoinPool-1-worker-13] ERROR com.intuit.karate - org.apache.http.client.ClientProtocolException, http call failed after 0 milliseconds for URL: t
15:21:05.575 [ForkJoinPool-1-worker-13] ERROR com.intuit.karate - http request failed: 
org.apache.http.client.ClientProtocolException
15:21:05.575 [ForkJoinPool-1-worker-13] ERROR com.intuit.karate - feature call (loop) failed at index: 48
caller: classpath:InspireTest/ngr/datasetrecords/def/checkxlinkurl.template.feature
arg: {"link":"t"}
checkxlinkurl.template.feature:14 - 
org.apache.http.client.ClientProtocolException
15:21:05.576 [ForkJoinPool-1-worker-13] INFO  com.intuit.karate - [print]
15:21:05.579 [ForkJoinPool-1-worker-7] INFO  com.intuit.karate - [print]
15:21:05.580 [ForkJoinPool-1-worker-7] INFO  com.intuit.karate - [print] testing xlinkurl:https://www.nationaalgeoregister.nl/geonetwork/srv/api/recordsbe6551de-a709-4c6d-a5e2-f63f0cf038ba
15:21:05.580 [ForkJoinPool-1-worker-13] INFO  com.intuit.karate - [print] testing xlinkurl:a
15:21:05.581 [ForkJoinPool-1-worker-13] ERROR com.intuit.karate - org.apache.http.client.ClientProtocolException, http call failed after 0 milliseconds for URL: a
15:21:05.581 [ForkJoinPool-1-worker-13] ERROR com.intuit.karate - http request failed: 
org.apache.http.client.ClientProtocolException
15:21:05.581 [ForkJoinPool-1-worker-13] ERROR com.intuit.karate - feature call (loop) failed at index: 49
caller: classpath:InspireTest/ngr/datasetrecords/def/checkxlinkurl.template.feature
arg: {"link":"a"}
checkxlinkurl.template.feature:14 - 
org.apache.http.client.ClientProtocolException
15:21:05.582 [ForkJoinPool-1-worker-13] INFO  com.intuit.karate - [print]
15:21:05.585 [ForkJoinPool-1-worker-13] INFO  com.intuit.karate - [print] testing xlinkurl:n
15:21:05.585 [ForkJoinPool-1-worker-13] ERROR com.intuit.karate - org.apache.http.client.ClientProtocolException, http call failed after 0 milliseconds for URL: n
15:21:05.587 [ForkJoinPool-1-worker-13] ERROR com.intuit.karate - http request failed: 
org.apache.http.client.ClientProtocolException
15:21:05.587 [ForkJoinPool-1-worker-13] ERROR com.intuit.karate - feature call (loop) failed at index: 50
caller: classpath:InspireTest/ngr/datasetrecords/def/checkxlinkurl.template.feature
arg: {"link":"n"}
checkxlinkurl.template.feature:14 - 
org.apache.http.client.ClientProtocolException
15:21:05.588 [ForkJoinPool-1-worker-13] INFO  com.intuit.karate - [print]
15:21:05.593 [ForkJoinPool-1-worker-13] INFO  com.intuit.karate - [print] testing xlinkurl:d
15:21:05.594 [ForkJoinPool-1-worker-13] ERROR com.intuit.karate - org.apache.http.client.ClientProtocolException, http call failed after 0 milliseconds for URL: d
15:21:05.595 [ForkJoinPool-1-worker-13] ERROR com.intuit.karate - http request failed: 
org.apache.http.client.ClientProtocolException
15:21:05.595 [ForkJoinPool-1-worker-13] ERROR com.intuit.karate - feature call (loop) failed at index: 51
caller: classpath:InspireTest/ngr/datasetrecords/def/checkxlinkurl.template.feature
arg: {"link":"d"}
checkxlinkurl.template.feature:14 - 
org.apache.http.client.ClientProtocolException
15:21:05.596 [ForkJoinPool-1-worker-13] INFO  com.intuit.karate - [print]
15:21:05.598 [ForkJoinPool-1-worker-13] INFO  com.intuit.karate - [print] testing xlinkurl:a
15:21:05.599 [ForkJoinPool-1-worker-13] ERROR com.intuit.karate - org.apache.http.client.ClientProtocolException, http call failed after 0 milliseconds for URL: a
15:21:05.601 [ForkJoinPool-1-worker-13] ERROR com.intuit.karate - http request failed: 
org.apache.http.client.ClientProtocolException
15:21:05.608 [ForkJoinPool-1-worker-5] INFO  com.intuit.karate - [print]
15:21:05.610 [ForkJoinPool-1-worker-5] INFO  com.intuit.karate - [print] testing xlinkurl:http://kadaster/80b2d12c-32be-54fg-b6d3—34f4ffc06cf3
15:21:05.613 [ForkJoinPool-1-worker-13] ERROR com.intuit.karate - feature call (loop) failed at index: 52
caller: classpath:InspireTest/ngr/datasetrecords/def/checkxlinkurl.template.feature
arg: {"link":"a"}
checkxlinkurl.template.feature:14 - 
org.apache.http.client.ClientProtocolException
15:21:05.614 [ForkJoinPool-1-worker-13] INFO  com.intuit.karate - [print]
15:21:05.614 [ForkJoinPool-1-worker-13] INFO  com.intuit.karate - [print] testing xlinkurl:r
15:21:05.614 [ForkJoinPool-1-worker-13] ERROR com.intuit.karate - org.apache.http.client.ClientProtocolException, http call failed after 0 milliseconds for URL: r
15:21:05.614 [ForkJoinPool-1-worker-13] ERROR com.intuit.karate - http request failed: 
org.apache.http.client.ClientProtocolException
15:21:05.614 [ForkJoinPool-1-worker-13] ERROR com.intuit.karate - feature call (loop) failed at index: 53
caller: classpath:InspireTest/ngr/datasetrecords/def/checkxlinkurl.template.feature
arg: {"link":"r"}
checkxlinkurl.template.feature:14 - 
org.apache.http.client.ClientProtocolException
15:21:05.615 [ForkJoinPool-1-worker-13] INFO  com.intuit.karate - [print]
15:21:05.615 [ForkJoinPool-1-worker-13] INFO  com.intuit.karate - [print] testing xlinkurl:d
15:21:05.615 [ForkJoinPool-1-worker-13] ERROR com.intuit.karate - org.apache.http.client.ClientProtocolException, http call failed after 0 milliseconds for URL: d
15:21:05.615 [ForkJoinPool-1-worker-13] ERROR com.intuit.karate - http request failed: 
org.apache.http.client.ClientProtocolException
15:21:05.616 [ForkJoinPool-1-worker-13] ERROR com.intuit.karate - feature call (loop) failed at index: 54
caller: classpath:InspireTest/ngr/datasetrecords/def/checkxlinkurl.template.feature
arg: {"link":"d"}
checkxlinkurl.template.feature:14 - 
org.apache.http.client.ClientProtocolException
15:21:05.616 [ForkJoinPool-1-worker-13] INFO  com.intuit.karate - [print]
15:21:05.616 [ForkJoinPool-1-worker-13] INFO  com.intuit.karate - [print] testing xlinkurl:s
15:21:05.619 [ForkJoinPool-1-worker-13] ERROR com.intuit.karate - org.apache.http.client.ClientProtocolException, http call failed after 0 milliseconds for URL: s
15:21:05.619 [ForkJoinPool-1-worker-13] ERROR com.intuit.karate - http request failed: 
org.apache.http.client.ClientProtocolException
15:21:05.619 [ForkJoinPool-1-worker-13] ERROR com.intuit.karate - feature call (loop) failed at index: 55
caller: classpath:InspireTest/ngr/datasetrecords/def/checkxlinkurl.template.feature
arg: {"link":"s"}
checkxlinkurl.template.feature:14 - 
org.apache.http.client.ClientProtocolException
15:21:05.622 [ForkJoinPool-1-worker-13] INFO  com.intuit.karate - [print]
15:21:05.626 [ForkJoinPool-1-worker-5] ERROR com.intuit.karate - java.net.UnknownHostException: kadaster, http call failed after 1 milliseconds for URL: http://kadaster/80b2d12c-32be-54fg-b6d3—34f4ffc06cf3
15:21:05.626 [ForkJoinPool-1-worker-5] ERROR com.intuit.karate - http request failed: 
java.net.UnknownHostException: kadaster
15:21:05.626 [ForkJoinPool-1-worker-5] ERROR com.intuit.karate - feature call (loop) failed at index: 1
caller: classpath:InspireTest/ngr/datasetrecords/def/checkxlinkurl.template.feature
arg: {"link":"http://kadaster/80b2d12c-32be-54fg-b6d3\u201434f4ffc06cf3"}
checkxlinkurl.template.feature:14 - 
java.net.UnknownHostException: kadaster
15:21:05.631 [ForkJoinPool-1-worker-13] INFO  com.intuit.karate - [print] testing xlinkurl:/
15:21:05.639 [ForkJoinPool-1-worker-13] ERROR com.intuit.karate - org.apache.http.client.ClientProtocolException, http call failed after 0 milliseconds for URL: /
15:21:05.640 [ForkJoinPool-1-worker-13] ERROR com.intuit.karate - http request failed: 
org.apache.http.client.ClientProtocolException
15:21:05.640 [ForkJoinPool-1-worker-13] ERROR com.intuit.karate - feature call (loop) failed at index: 56
caller: classpath:InspireTest/ngr/datasetrecords/def/checkxlinkurl.template.feature
arg: {"link":"/"}
checkxlinkurl.template.feature:14 - 
org.apache.http.client.ClientProtocolException
15:21:05.641 [ForkJoinPool-1-worker-13] INFO  com.intuit.karate - [print]
15:21:05.643 [ForkJoinPool-1-worker-13] INFO  com.intuit.karate - [print] testing xlinkurl:I
15:21:05.644 [ForkJoinPool-1-worker-13] ERROR com.intuit.karate - org.apache.http.client.ClientProtocolException, http call failed after 0 milliseconds for URL: I
15:21:05.645 [ForkJoinPool-1-worker-13] ERROR com.intuit.karate - http request failed: 
org.apache.http.client.ClientProtocolException
15:21:05.645 [ForkJoinPool-1-worker-13] ERROR com.intuit.karate - feature call (loop) failed at index: 57
caller: classpath:InspireTest/ngr/datasetrecords/def/checkxlinkurl.template.feature
arg: {"link":"I"}
checkxlinkurl.template.feature:14 - 
org.apache.http.client.ClientProtocolException
15:21:05.650 [ForkJoinPool-1-worker-13] INFO  com.intuit.karate - [print]
15:21:05.650 [ForkJoinPool-1-worker-13] INFO  com.intuit.karate - [print] testing xlinkurl:S
15:21:05.651 [ForkJoinPool-1-worker-13] ERROR com.intuit.karate - org.apache.http.client.ClientProtocolException, http call failed after 0 milliseconds for URL: S
15:21:05.652 [ForkJoinPool-1-worker-13] ERROR com.intuit.karate - http request failed: 
org.apache.http.client.ClientProtocolException
15:21:05.652 [ForkJoinPool-1-worker-13] ERROR com.intuit.karate - feature call (loop) failed at index: 58
caller: classpath:InspireTest/ngr/datasetrecords/def/checkxlinkurl.template.feature
arg: {"link":"S"}
checkxlinkurl.template.feature:14 - 
org.apache.http.client.ClientProtocolException
15:21:05.654 [ForkJoinPool-1-worker-13] INFO  com.intuit.karate - [print]
15:21:05.661 [ForkJoinPool-1-worker-13] INFO  com.intuit.karate - [print] testing xlinkurl:O
15:21:05.662 [ForkJoinPool-1-worker-13] ERROR com.intuit.karate - org.apache.http.client.ClientProtocolException, http call failed after 0 milliseconds for URL: O
15:21:05.664 [ForkJoinPool-1-worker-13] ERROR com.intuit.karate - http request failed: 
org.apache.http.client.ClientProtocolException
15:21:05.664 [ForkJoinPool-1-worker-13] ERROR com.intuit.karate - feature call (loop) failed at index: 59
caller: classpath:InspireTest/ngr/datasetrecords/def/checkxlinkurl.template.feature
arg: {"link":"O"}
checkxlinkurl.template.feature:14 - 
org.apache.http.client.ClientProtocolException
15:21:05.666 [ForkJoinPool-1-worker-13] INFO  com.intuit.karate - [print]
15:21:05.671 [ForkJoinPool-1-worker-13] INFO  com.intuit.karate - [print] testing xlinkurl:_
15:21:05.672 [ForkJoinPool-1-worker-13] ERROR com.intuit.karate - org.apache.http.client.ClientProtocolException, http call failed after 0 milliseconds for URL: _
15:21:05.674 [ForkJoinPool-1-worker-13] ERROR com.intuit.karate - http request failed: 
org.apache.http.client.ClientProtocolException
15:21:05.674 [ForkJoinPool-1-worker-13] ERROR com.intuit.karate - feature call (loop) failed at index: 60
caller: classpath:InspireTest/ngr/datasetrecords/def/checkxlinkurl.template.feature
arg: {"link":"_"}
checkxlinkurl.template.feature:14 - 
org.apache.http.client.ClientProtocolException
15:21:05.675 [ForkJoinPool-1-worker-13] INFO  com.intuit.karate - [print]
15:21:05.678 [ForkJoinPool-1-worker-13] INFO  com.intuit.karate - [print] testing xlinkurl:1
15:21:05.680 [ForkJoinPool-1-worker-13] ERROR com.intuit.karate - org.apache.http.client.ClientProtocolException, http call failed after 0 milliseconds for URL: 1
15:21:05.681 [ForkJoinPool-1-worker-13] ERROR com.intuit.karate - http request failed: 
org.apache.http.client.ClientProtocolException
15:21:05.681 [ForkJoinPool-1-worker-13] ERROR com.intuit.karate - feature call (loop) failed at index: 61
caller: classpath:InspireTest/ngr/datasetrecords/def/checkxlinkurl.template.feature
arg: {"link":"1"}
checkxlinkurl.template.feature:14 - 
org.apache.http.client.ClientProtocolException
15:21:05.683 [ForkJoinPool-1-worker-13] INFO  com.intuit.karate - [print]
15:21:05.687 [ForkJoinPool-1-worker-13] INFO  com.intuit.karate - [print] testing xlinkurl:9
15:21:05.688 [ForkJoinPool-1-worker-13] ERROR com.intuit.karate - org.apache.http.client.ClientProtocolException, http call failed after 0 milliseconds for URL: 9
15:21:05.691 [ForkJoinPool-1-worker-13] ERROR com.intuit.karate - http request failed: 
org.apache.http.client.ClientProtocolException
15:21:05.691 [ForkJoinPool-1-worker-13] ERROR com.intuit.karate - feature call (loop) failed at index: 62
caller: classpath:InspireTest/ngr/datasetrecords/def/checkxlinkurl.template.feature
arg: {"link":"9"}
checkxlinkurl.template.feature:14 - 
org.apache.http.client.ClientProtocolException
15:21:05.692 [ForkJoinPool-1-worker-13] INFO  com.intuit.karate - [print]
15:21:05.692 [ForkJoinPool-1-worker-13] INFO  com.intuit.karate - [print] testing xlinkurl:1
15:21:05.692 [ForkJoinPool-1-worker-13] ERROR com.intuit.karate - org.apache.http.client.ClientProtocolException, http call failed after 0 milliseconds for URL: 1
15:21:05.693 [ForkJoinPool-1-worker-13] ERROR com.intuit.karate - http request failed: 
org.apache.http.client.ClientProtocolException
15:21:05.693 [ForkJoinPool-1-worker-13] ERROR com.intuit.karate - feature call (loop) failed at index: 63
caller: classpath:InspireTest/ngr/datasetrecords/def/checkxlinkurl.template.feature
arg: {"link":"1"}
checkxlinkurl.template.feature:14 - 
org.apache.http.client.ClientProtocolException
15:21:05.695 [ForkJoinPool-1-worker-13] INFO  com.intuit.karate - [print]
15:21:05.695 [ForkJoinPool-1-worker-13] INFO  com.intuit.karate - [print] testing xlinkurl:3
15:21:05.696 [ForkJoinPool-1-worker-13] ERROR com.intuit.karate - org.apache.http.client.ClientProtocolException, http call failed after 0 milliseconds for URL: 3
15:21:05.697 [ForkJoinPool-1-worker-13] ERROR com.intuit.karate - http request failed: 
org.apache.http.client.ClientProtocolException
15:21:05.697 [ForkJoinPool-1-worker-13] ERROR com.intuit.karate - feature call (loop) failed at index: 64
caller: classpath:InspireTest/ngr/datasetrecords/def/checkxlinkurl.template.feature
arg: {"link":"3"}
checkxlinkurl.template.feature:14 - 
org.apache.http.client.ClientProtocolException
15:21:05.707 [ForkJoinPool-1-worker-13] INFO  com.intuit.karate - [print]
15:21:05.707 [ForkJoinPool-1-worker-13] INFO  com.intuit.karate - [print] testing xlinkurl:9
15:21:05.707 [ForkJoinPool-1-worker-13] ERROR com.intuit.karate - org.apache.http.client.ClientProtocolException, http call failed after 0 milliseconds for URL: 9
15:21:05.707 [ForkJoinPool-1-worker-13] ERROR com.intuit.karate - http request failed: 
org.apache.http.client.ClientProtocolException
15:21:05.707 [ForkJoinPool-1-worker-13] ERROR com.intuit.karate - feature call (loop) failed at index: 65
caller: classpath:InspireTest/ngr/datasetrecords/def/checkxlinkurl.template.feature
arg: {"link":"9"}
checkxlinkurl.template.feature:14 - 
org.apache.http.client.ClientProtocolException
15:21:05.714 [ForkJoinPool-1-worker-13] INFO  com.intuit.karate - [print]
15:21:05.714 [ForkJoinPool-1-worker-13] INFO  com.intuit.karate - [print] testing xlinkurl:_
15:21:05.715 [ForkJoinPool-1-worker-13] ERROR com.intuit.karate - org.apache.http.client.ClientProtocolException, http call failed after 0 milliseconds for URL: _
15:21:05.715 [ForkJoinPool-1-worker-13] ERROR com.intuit.karate - http request failed: 
org.apache.http.client.ClientProtocolException
15:21:05.715 [ForkJoinPool-1-worker-13] ERROR com.intuit.karate - feature call (loop) failed at index: 66
caller: classpath:InspireTest/ngr/datasetrecords/def/checkxlinkurl.template.feature
arg: {"link":"_"}
checkxlinkurl.template.feature:14 - 
org.apache.http.client.ClientProtocolException
15:21:05.715 [ForkJoinPool-1-worker-13] INFO  com.intuit.karate - [print]
15:21:05.716 [ForkJoinPool-1-worker-13] INFO  com.intuit.karate - [print] testing xlinkurl:S
15:21:05.716 [ForkJoinPool-1-worker-13] ERROR com.intuit.karate - org.apache.http.client.ClientProtocolException, http call failed after 0 milliseconds for URL: S
15:21:05.716 [ForkJoinPool-1-worker-13] ERROR com.intuit.karate - http request failed: 
org.apache.http.client.ClientProtocolException
15:21:05.716 [ForkJoinPool-1-worker-13] ERROR com.intuit.karate - feature call (loop) failed at index: 67
caller: classpath:InspireTest/ngr/datasetrecords/def/checkxlinkurl.template.feature
arg: {"link":"S"}
checkxlinkurl.template.feature:14 - 
org.apache.http.client.ClientProtocolException
15:21:05.717 [ForkJoinPool-1-worker-13] INFO  com.intuit.karate - [print]
15:21:05.717 [ForkJoinPool-1-worker-13] INFO  com.intuit.karate - [print] testing xlinkurl:c
15:21:05.718 [ForkJoinPool-1-worker-11] ERROR com.intuit.karate - javax.net.ssl.SSLException: Connection reset, http call failed after 521 milliseconds for URL: https://data.rivm.nl/inspire/id#64d546c9-71d4-4c84-a04c-61c5d0734f65
15:21:05.718 [ForkJoinPool-1-worker-11] ERROR com.intuit.karate - http request failed: 
javax.net.ssl.SSLException: Connection reset
15:21:05.718 [ForkJoinPool-1-worker-11] ERROR com.intuit.karate - feature call (loop) failed at index: 0
caller: classpath:InspireTest/ngr/datasetrecords/def/checkxlinkurl.template.feature
arg: {"link":"https://data.rivm.nl/inspire/id#64d546c9-71d4-4c84-a04c-61c5d0734f65"}
checkxlinkurl.template.feature:14 - 
javax.net.ssl.SSLException: Connection reset
15:21:05.719 [ForkJoinPool-1-worker-13] ERROR com.intuit.karate - org.apache.http.client.ClientProtocolException, http call failed after 0 milliseconds for URL: c
15:21:05.722 [ForkJoinPool-1-worker-13] ERROR com.intuit.karate - http request failed: 
org.apache.http.client.ClientProtocolException
15:21:05.722 [ForkJoinPool-1-worker-13] ERROR com.intuit.karate - feature call (loop) failed at index: 68
caller: classpath:InspireTest/ngr/datasetrecords/def/checkxlinkurl.template.feature
arg: {"link":"c"}
checkxlinkurl.template.feature:14 - 
org.apache.http.client.ClientProtocolException
15:21:05.723 [ForkJoinPool-1-worker-13] INFO  com.intuit.karate - [print]
15:21:05.723 [ForkJoinPool-1-worker-13] INFO  com.intuit.karate - [print] testing xlinkurl:h
15:21:05.724 [ForkJoinPool-1-worker-13] ERROR com.intuit.karate - org.apache.http.client.ClientProtocolException, http call failed after 0 milliseconds for URL: h
15:21:05.724 [ForkJoinPool-1-worker-13] ERROR com.intuit.karate - http request failed: 
org.apache.http.client.ClientProtocolException
15:21:05.724 [ForkJoinPool-1-worker-13] ERROR com.intuit.karate - feature call (loop) failed at index: 69
caller: classpath:InspireTest/ngr/datasetrecords/def/checkxlinkurl.template.feature
arg: {"link":"h"}
checkxlinkurl.template.feature:14 - 
org.apache.http.client.ClientProtocolException
15:21:05.724 [ForkJoinPool-1-worker-13] INFO  com.intuit.karate - [print]
15:21:05.725 [ForkJoinPool-1-worker-13] INFO  com.intuit.karate - [print] testing xlinkurl:e
15:21:05.725 [ForkJoinPool-1-worker-13] ERROR com.intuit.karate - org.apache.http.client.ClientProtocolException, http call failed after 0 milliseconds for URL: e
15:21:05.726 [ForkJoinPool-1-worker-13] ERROR com.intuit.karate - http request failed: 
org.apache.http.client.ClientProtocolException
15:21:05.727 [ForkJoinPool-1-worker-13] ERROR com.intuit.karate - feature call (loop) failed at index: 70
caller: classpath:InspireTest/ngr/datasetrecords/def/checkxlinkurl.template.feature
arg: {"link":"e"}
checkxlinkurl.template.feature:14 - 
org.apache.http.client.ClientProtocolException
15:21:05.735 [ForkJoinPool-1-worker-13] INFO  com.intuit.karate - [print]
15:21:05.736 [ForkJoinPool-1-worker-13] INFO  com.intuit.karate - [print] testing xlinkurl:m
15:21:05.736 [ForkJoinPool-1-worker-13] ERROR com.intuit.karate - org.apache.http.client.ClientProtocolException, http call failed after 0 milliseconds for URL: m
15:21:05.736 [ForkJoinPool-1-worker-13] ERROR com.intuit.karate - http request failed: 
org.apache.http.client.ClientProtocolException
15:21:05.736 [ForkJoinPool-1-worker-13] ERROR com.intuit.karate - feature call (loop) failed at index: 71
caller: classpath:InspireTest/ngr/datasetrecords/def/checkxlinkurl.template.feature
arg: {"link":"m"}
checkxlinkurl.template.feature:14 - 
org.apache.http.client.ClientProtocolException
15:21:05.752 [ForkJoinPool-1-worker-13] INFO  com.intuit.karate - [print]
15:21:05.752 [ForkJoinPool-1-worker-13] INFO  com.intuit.karate - [print] testing xlinkurl:a
15:21:05.753 [ForkJoinPool-1-worker-13] ERROR com.intuit.karate - org.apache.http.client.ClientProtocolException, http call failed after 0 milliseconds for URL: a
15:21:05.753 [ForkJoinPool-1-worker-13] ERROR com.intuit.karate - http request failed: 
org.apache.http.client.ClientProtocolException
15:21:05.753 [ForkJoinPool-1-worker-13] ERROR com.intuit.karate - feature call (loop) failed at index: 72
caller: classpath:InspireTest/ngr/datasetrecords/def/checkxlinkurl.template.feature
arg: {"link":"a"}
checkxlinkurl.template.feature:14 - 
org.apache.http.client.ClientProtocolException
15:21:05.753 [ForkJoinPool-1-worker-13] INFO  com.intuit.karate - [print]
15:21:05.754 [ForkJoinPool-1-worker-13] INFO  com.intuit.karate - [print] testing xlinkurl:s
15:21:05.754 [ForkJoinPool-1-worker-13] ERROR com.intuit.karate - org.apache.http.client.ClientProtocolException, http call failed after 0 milliseconds for URL: s
15:21:05.754 [ForkJoinPool-1-worker-13] ERROR com.intuit.karate - http request failed: 
org.apache.http.client.ClientProtocolException
15:21:05.754 [ForkJoinPool-1-worker-13] ERROR com.intuit.karate - feature call (loop) failed at index: 73
caller: classpath:InspireTest/ngr/datasetrecords/def/checkxlinkurl.template.feature
arg: {"link":"s"}
checkxlinkurl.template.feature:14 - 
org.apache.http.client.ClientProtocolException
15:21:05.755 [ForkJoinPool-1-worker-13] INFO  com.intuit.karate - [print]
15:21:05.755 [ForkJoinPool-1-worker-13] INFO  com.intuit.karate - [print] testing xlinkurl:/
15:21:05.755 [ForkJoinPool-1-worker-13] ERROR com.intuit.karate - org.apache.http.client.ClientProtocolException, http call failed after 0 milliseconds for URL: /
15:21:05.755 [ForkJoinPool-1-worker-13] ERROR com.intuit.karate - http request failed: 
org.apache.http.client.ClientProtocolException
15:21:05.755 [ForkJoinPool-1-worker-13] ERROR com.intuit.karate - feature call (loop) failed at index: 74
caller: classpath:InspireTest/ngr/datasetrecords/def/checkxlinkurl.template.feature
arg: {"link":"/"}
checkxlinkurl.template.feature:14 - 
org.apache.http.client.ClientProtocolException
15:21:05.756 [ForkJoinPool-1-worker-13] INFO  com.intuit.karate - [print]
15:21:05.756 [ForkJoinPool-1-worker-13] INFO  com.intuit.karate - [print] testing xlinkurl:r
15:21:05.757 [ForkJoinPool-1-worker-13] ERROR com.intuit.karate - org.apache.http.client.ClientProtocolException, http call failed after 0 milliseconds for URL: r
15:21:05.757 [ForkJoinPool-1-worker-13] ERROR com.intuit.karate - http request failed: 
org.apache.http.client.ClientProtocolException
15:21:05.757 [ForkJoinPool-1-worker-13] ERROR com.intuit.karate - feature call (loop) failed at index: 75
caller: classpath:InspireTest/ngr/datasetrecords/def/checkxlinkurl.template.feature
arg: {"link":"r"}
checkxlinkurl.template.feature:14 - 
org.apache.http.client.ClientProtocolException
15:21:05.757 [ForkJoinPool-1-worker-13] INFO  com.intuit.karate - [print]
15:21:05.758 [ForkJoinPool-1-worker-13] INFO  com.intuit.karate - [print] testing xlinkurl:e
15:21:05.769 [ForkJoinPool-1-worker-13] ERROR com.intuit.karate - org.apache.http.client.ClientProtocolException, http call failed after 0 milliseconds for URL: e
15:21:05.769 [ForkJoinPool-1-worker-13] ERROR com.intuit.karate - http request failed: 
org.apache.http.client.ClientProtocolException
15:21:05.773 [ForkJoinPool-1-worker-13] ERROR com.intuit.karate - feature call (loop) failed at index: 76
caller: classpath:InspireTest/ngr/datasetrecords/def/checkxlinkurl.template.feature
arg: {"link":"e"}
checkxlinkurl.template.feature:14 - 
org.apache.http.client.ClientProtocolException
15:21:05.776 [ForkJoinPool-1-worker-13] INFO  com.intuit.karate - [print]
15:21:05.776 [ForkJoinPool-1-worker-13] INFO  com.intuit.karate - [print] testing xlinkurl:s
15:21:05.777 [ForkJoinPool-1-worker-13] ERROR com.intuit.karate - org.apache.http.client.ClientProtocolException, http call failed after 0 milliseconds for URL: s
15:21:05.777 [ForkJoinPool-1-worker-13] ERROR com.intuit.karate - http request failed: 
org.apache.http.client.ClientProtocolException
15:21:05.777 [ForkJoinPool-1-worker-13] ERROR com.intuit.karate - feature call (loop) failed at index: 77
caller: classpath:InspireTest/ngr/datasetrecords/def/checkxlinkurl.template.feature
arg: {"link":"s"}
checkxlinkurl.template.feature:14 - 
org.apache.http.client.ClientProtocolException
15:21:05.778 [ForkJoinPool-1-worker-13] INFO  com.intuit.karate - [print]
15:21:05.778 [ForkJoinPool-1-worker-13] INFO  com.intuit.karate - [print] testing xlinkurl:o
15:21:05.779 [ForkJoinPool-1-worker-13] ERROR com.intuit.karate - org.apache.http.client.ClientProtocolException, http call failed after 0 milliseconds for URL: o
15:21:05.780 [ForkJoinPool-1-worker-13] ERROR com.intuit.karate - http request failed: 
org.apache.http.client.ClientProtocolException
15:21:05.780 [ForkJoinPool-1-worker-13] ERROR com.intuit.karate - feature call (loop) failed at index: 78
caller: classpath:InspireTest/ngr/datasetrecords/def/checkxlinkurl.template.feature
arg: {"link":"o"}
checkxlinkurl.template.feature:14 - 
org.apache.http.client.ClientProtocolException
15:21:05.781 [ForkJoinPool-1-worker-13] INFO  com.intuit.karate - [print]
15:21:05.786 [ForkJoinPool-1-worker-13] INFO  com.intuit.karate - [print] testing xlinkurl:u
15:21:05.789 [pool-1-thread-1] INFO  com.intuit.karate.Runner - <<fail>> feature 1 of 9: classpath:InspireTest/ngr/datasetrecords/check-known-links.feature
---------------------------------------------------------
feature: classpath:InspireTest/ngr/datasetrecords/check-known-links.feature
report: target/surefire-reports/InspireTest.ngr.datasetrecords.check-known-links.json
scenarios: 177 | passed: 176 | failed:  1 | time: 626.7775
---------------------------------------------------------
15:21:05.792 [ForkJoinPool-1-worker-13] ERROR com.intuit.karate - org.apache.http.client.ClientProtocolException, http call failed after 0 milliseconds for URL: u
15:21:05.792 [ForkJoinPool-1-worker-13] ERROR com.intuit.karate - http request failed: 
org.apache.http.client.ClientProtocolException
15:21:05.792 [ForkJoinPool-1-worker-13] ERROR com.intuit.karate - feature call (loop) failed at index: 79
caller: classpath:InspireTest/ngr/datasetrecords/def/checkxlinkurl.template.feature
arg: {"link":"u"}
checkxlinkurl.template.feature:14 - 
org.apache.http.client.ClientProtocolException
15:21:05.794 [ForkJoinPool-1-worker-13] INFO  com.intuit.karate - [print]
15:21:05.795 [ForkJoinPool-1-worker-13] INFO  com.intuit.karate - [print] testing xlinkurl:r
15:21:05.795 [ForkJoinPool-1-worker-13] ERROR com.intuit.karate - org.apache.http.client.ClientProtocolException, http call failed after 0 milliseconds for URL: r
15:21:05.796 [ForkJoinPool-1-worker-13] ERROR com.intuit.karate - http request failed: 
org.apache.http.client.ClientProtocolException
15:21:05.796 [ForkJoinPool-1-worker-13] ERROR com.intuit.karate - feature call (loop) failed at index: 80
caller: classpath:InspireTest/ngr/datasetrecords/def/checkxlinkurl.template.feature
arg: {"link":"r"}
checkxlinkurl.template.feature:14 - 
org.apache.http.client.ClientProtocolException
15:21:05.798 [ForkJoinPool-1-worker-13] INFO  com.intuit.karate - [print]
15:21:05.798 [ForkJoinPool-1-worker-13] INFO  com.intuit.karate - [print] testing xlinkurl:c
15:21:05.803 [ForkJoinPool-1-worker-13] ERROR com.intuit.karate - org.apache.http.client.ClientProtocolException, http call failed after 0 milliseconds for URL: c
15:21:05.803 [ForkJoinPool-1-worker-13] ERROR com.intuit.karate - http request failed: 
org.apache.http.client.ClientProtocolException
15:21:05.803 [ForkJoinPool-1-worker-13] ERROR com.intuit.karate - feature call (loop) failed at index: 81
caller: classpath:InspireTest/ngr/datasetrecords/def/checkxlinkurl.template.feature
arg: {"link":"c"}
checkxlinkurl.template.feature:14 - 
org.apache.http.client.ClientProtocolException
15:21:05.804 [ForkJoinPool-1-worker-13] INFO  com.intuit.karate - [print]
15:21:05.804 [ForkJoinPool-1-worker-13] INFO  com.intuit.karate - [print] testing xlinkurl:e
15:21:05.804 [ForkJoinPool-1-worker-13] ERROR com.intuit.karate - org.apache.http.client.ClientProtocolException, http call failed after 0 milliseconds for URL: e
15:21:05.805 [ForkJoinPool-1-worker-13] ERROR com.intuit.karate - http request failed: 
org.apache.http.client.ClientProtocolException
15:21:05.805 [ForkJoinPool-1-worker-13] ERROR com.intuit.karate - feature call (loop) failed at index: 82
caller: classpath:InspireTest/ngr/datasetrecords/def/checkxlinkurl.template.feature
arg: {"link":"e"}
checkxlinkurl.template.feature:14 - 
org.apache.http.client.ClientProtocolException
15:21:05.805 [ForkJoinPool-1-worker-13] INFO  com.intuit.karate - [print]
15:21:05.805 [ForkJoinPool-1-worker-13] INFO  com.intuit.karate - [print] testing xlinkurl:s
15:21:05.806 [ForkJoinPool-1-worker-13] ERROR com.intuit.karate - org.apache.http.client.ClientProtocolException, http call failed after 0 milliseconds for URL: s
15:21:05.806 [ForkJoinPool-1-worker-13] ERROR com.intuit.karate - http request failed: 
org.apache.http.client.ClientProtocolException
15:21:05.806 [ForkJoinPool-1-worker-13] ERROR com.intuit.karate - feature call (loop) failed at index: 83
caller: classpath:InspireTest/ngr/datasetrecords/def/checkxlinkurl.template.feature
arg: {"link":"s"}
checkxlinkurl.template.feature:14 - 
org.apache.http.client.ClientProtocolException
15:21:05.806 [ForkJoinPool-1-worker-13] INFO  com.intuit.karate - [print]
15:21:05.807 [ForkJoinPool-1-worker-13] INFO  com.intuit.karate - [print] testing xlinkurl:/
15:21:05.807 [ForkJoinPool-1-worker-13] ERROR com.intuit.karate - org.apache.http.client.ClientProtocolException, http call failed after 0 milliseconds for URL: /
15:21:05.807 [ForkJoinPool-1-worker-13] ERROR com.intuit.karate - http request failed: 
org.apache.http.client.ClientProtocolException
15:21:05.807 [ForkJoinPool-1-worker-13] ERROR com.intuit.karate - feature call (loop) failed at index: 84
caller: classpath:InspireTest/ngr/datasetrecords/def/checkxlinkurl.template.feature
arg: {"link":"/"}
checkxlinkurl.template.feature:14 - 
org.apache.http.client.ClientProtocolException
15:21:05.808 [ForkJoinPool-1-worker-13] INFO  com.intuit.karate - [print]
15:21:05.808 [ForkJoinPool-1-worker-13] INFO  com.intuit.karate - [print] testing xlinkurl:u
15:21:05.808 [ForkJoinPool-1-worker-13] ERROR com.intuit.karate - org.apache.http.client.ClientProtocolException, http call failed after 0 milliseconds for URL: u
15:21:05.808 [ForkJoinPool-1-worker-13] ERROR com.intuit.karate - http request failed: 
org.apache.http.client.ClientProtocolException
15:21:05.809 [ForkJoinPool-1-worker-13] ERROR com.intuit.karate - feature call (loop) failed at index: 85
caller: classpath:InspireTest/ngr/datasetrecords/def/checkxlinkurl.template.feature
arg: {"link":"u"}
checkxlinkurl.template.feature:14 - 
org.apache.http.client.ClientProtocolException
15:21:05.809 [ForkJoinPool-1-worker-13] INFO  com.intuit.karate - [print]
15:21:05.810 [ForkJoinPool-1-worker-13] INFO  com.intuit.karate - [print] testing xlinkurl:o
15:21:05.811 [ForkJoinPool-1-worker-13] ERROR com.intuit.karate - org.apache.http.client.ClientProtocolException, http call failed after 0 milliseconds for URL: o
15:21:05.811 [ForkJoinPool-1-worker-13] ERROR com.intuit.karate - http request failed: 
org.apache.http.client.ClientProtocolException
15:21:05.811 [ForkJoinPool-1-worker-13] ERROR com.intuit.karate - feature call (loop) failed at index: 86
caller: classpath:InspireTest/ngr/datasetrecords/def/checkxlinkurl.template.feature
arg: {"link":"o"}
checkxlinkurl.template.feature:14 - 
org.apache.http.client.ClientProtocolException
15:21:05.812 [ForkJoinPool-1-worker-13] INFO  com.intuit.karate - [print]
15:21:05.815 [ForkJoinPool-1-worker-13] INFO  com.intuit.karate - [print] testing xlinkurl:m
15:21:05.817 [ForkJoinPool-1-worker-13] ERROR com.intuit.karate - org.apache.http.client.ClientProtocolException, http call failed after 0 milliseconds for URL: m
15:21:05.817 [ForkJoinPool-1-worker-13] ERROR com.intuit.karate - http request failed: 
org.apache.http.client.ClientProtocolException
15:21:05.817 [ForkJoinPool-1-worker-13] ERROR com.intuit.karate - feature call (loop) failed at index: 87
caller: classpath:InspireTest/ngr/datasetrecords/def/checkxlinkurl.template.feature
arg: {"link":"m"}
checkxlinkurl.template.feature:14 - 
org.apache.http.client.ClientProtocolException
15:21:05.822 [ForkJoinPool-1-worker-13] INFO  com.intuit.karate - [print]
15:21:05.823 [ForkJoinPool-1-worker-13] INFO  com.intuit.karate - [print] testing xlinkurl:/
15:21:05.823 [ForkJoinPool-1-worker-13] ERROR com.intuit.karate - org.apache.http.client.ClientProtocolException, http call failed after 0 milliseconds for URL: /
15:21:05.823 [ForkJoinPool-1-worker-13] ERROR com.intuit.karate - http request failed: 
org.apache.http.client.ClientProtocolException
15:21:05.823 [ForkJoinPool-1-worker-13] ERROR com.intuit.karate - feature call (loop) failed at index: 88
caller: classpath:InspireTest/ngr/datasetrecords/def/checkxlinkurl.template.feature
arg: {"link":"/"}
checkxlinkurl.template.feature:14 - 
org.apache.http.client.ClientProtocolException
15:21:05.827 [ForkJoinPool-1-worker-13] INFO  com.intuit.karate - [print]
15:21:05.827 [ForkJoinPool-1-worker-13] INFO  com.intuit.karate - [print] testing xlinkurl:g
15:21:05.827 [ForkJoinPool-1-worker-13] ERROR com.intuit.karate - org.apache.http.client.ClientProtocolException, http call failed after 0 milliseconds for URL: g
15:21:05.827 [ForkJoinPool-1-worker-13] ERROR com.intuit.karate - http request failed: 
org.apache.http.client.ClientProtocolException
15:21:05.827 [ForkJoinPool-1-worker-13] ERROR com.intuit.karate - feature call (loop) failed at index: 89
caller: classpath:InspireTest/ngr/datasetrecords/def/checkxlinkurl.template.feature
arg: {"link":"g"}
checkxlinkurl.template.feature:14 - 
org.apache.http.client.ClientProtocolException
15:21:05.828 [ForkJoinPool-1-worker-13] INFO  com.intuit.karate - [print]
15:21:05.828 [ForkJoinPool-1-worker-13] INFO  com.intuit.karate - [print] testing xlinkurl:m
15:21:05.828 [ForkJoinPool-1-worker-13] ERROR com.intuit.karate - org.apache.http.client.ClientProtocolException, http call failed after 0 milliseconds for URL: m
15:21:05.828 [ForkJoinPool-1-worker-13] ERROR com.intuit.karate - http request failed: 
org.apache.http.client.ClientProtocolException
15:21:05.828 [ForkJoinPool-1-worker-13] ERROR com.intuit.karate - feature call (loop) failed at index: 90
caller: classpath:InspireTest/ngr/datasetrecords/def/checkxlinkurl.template.feature
arg: {"link":"m"}
checkxlinkurl.template.feature:14 - 
org.apache.http.client.ClientProtocolException
15:21:05.829 [ForkJoinPool-1-worker-13] INFO  com.intuit.karate - [print]
15:21:05.829 [ForkJoinPool-1-worker-13] INFO  com.intuit.karate - [print] testing xlinkurl:x
15:21:05.829 [ForkJoinPool-1-worker-13] ERROR com.intuit.karate - org.apache.http.client.ClientProtocolException, http call failed after 0 milliseconds for URL: x
15:21:05.829 [ForkJoinPool-1-worker-13] ERROR com.intuit.karate - http request failed: 
org.apache.http.client.ClientProtocolException
15:21:05.829 [ForkJoinPool-1-worker-13] ERROR com.intuit.karate - feature call (loop) failed at index: 91
caller: classpath:InspireTest/ngr/datasetrecords/def/checkxlinkurl.template.feature
arg: {"link":"x"}
checkxlinkurl.template.feature:14 - 
org.apache.http.client.ClientProtocolException
15:21:05.831 [ForkJoinPool-1-worker-13] INFO  com.intuit.karate - [print]
15:21:05.831 [ForkJoinPool-1-worker-13] INFO  com.intuit.karate - [print] testing xlinkurl:U
15:21:05.832 [ForkJoinPool-1-worker-13] ERROR com.intuit.karate - org.apache.http.client.ClientProtocolException, http call failed after 0 milliseconds for URL: U
15:21:05.832 [ForkJoinPool-1-worker-13] ERROR com.intuit.karate - http request failed: 
org.apache.http.client.ClientProtocolException
15:21:05.832 [ForkJoinPool-1-worker-13] ERROR com.intuit.karate - feature call (loop) failed at index: 92
caller: classpath:InspireTest/ngr/datasetrecords/def/checkxlinkurl.template.feature
arg: {"link":"U"}
checkxlinkurl.template.feature:14 - 
org.apache.http.client.ClientProtocolException
15:21:05.833 [ForkJoinPool-1-worker-13] INFO  com.intuit.karate - [print]
15:21:05.833 [ForkJoinPool-1-worker-13] INFO  com.intuit.karate - [print] testing xlinkurl:o
15:21:05.833 [ForkJoinPool-1-worker-13] ERROR com.intuit.karate - org.apache.http.client.ClientProtocolException, http call failed after 0 milliseconds for URL: o
15:21:05.833 [ForkJoinPool-1-worker-13] ERROR com.intuit.karate - http request failed: 
org.apache.http.client.ClientProtocolException
15:21:05.833 [ForkJoinPool-1-worker-13] ERROR com.intuit.karate - feature call (loop) failed at index: 93
caller: classpath:InspireTest/ngr/datasetrecords/def/checkxlinkurl.template.feature
arg: {"link":"o"}
checkxlinkurl.template.feature:14 - 
org.apache.http.client.ClientProtocolException
15:21:05.834 [ForkJoinPool-1-worker-13] INFO  com.intuit.karate - [print]
15:21:05.834 [ForkJoinPool-1-worker-13] INFO  com.intuit.karate - [print] testing xlinkurl:m
15:21:05.842 [ForkJoinPool-1-worker-13] ERROR com.intuit.karate - org.apache.http.client.ClientProtocolException, http call failed after 0 milliseconds for URL: m
15:21:05.843 [ForkJoinPool-1-worker-13] ERROR com.intuit.karate - http request failed: 
org.apache.http.client.ClientProtocolException
15:21:05.843 [ForkJoinPool-1-worker-13] ERROR com.intuit.karate - feature call (loop) failed at index: 94
caller: classpath:InspireTest/ngr/datasetrecords/def/checkxlinkurl.template.feature
arg: {"link":"m"}
checkxlinkurl.template.feature:14 - 
org.apache.http.client.ClientProtocolException
15:21:05.843 [ForkJoinPool-1-worker-13] INFO  com.intuit.karate - [print]
15:21:05.843 [ForkJoinPool-1-worker-13] INFO  com.intuit.karate - [print] testing xlinkurl:.
15:21:05.844 [ForkJoinPool-1-worker-13] ERROR com.intuit.karate - org.apache.http.client.ClientProtocolException, http call failed after 0 milliseconds for URL: .
15:21:05.844 [ForkJoinPool-1-worker-13] ERROR com.intuit.karate - http request failed: 
org.apache.http.client.ClientProtocolException
15:21:05.844 [ForkJoinPool-1-worker-13] ERROR com.intuit.karate - feature call (loop) failed at index: 95
caller: classpath:InspireTest/ngr/datasetrecords/def/checkxlinkurl.template.feature
arg: {"link":"."}
checkxlinkurl.template.feature:14 - 
org.apache.http.client.ClientProtocolException
15:21:05.844 [ForkJoinPool-1-worker-13] INFO  com.intuit.karate - [print]
15:21:05.845 [ForkJoinPool-1-worker-13] INFO  com.intuit.karate - [print] testing xlinkurl:x
15:21:05.852 [ForkJoinPool-1-worker-13] ERROR com.intuit.karate - org.apache.http.client.ClientProtocolException, http call failed after 0 milliseconds for URL: x
15:21:05.858 [ForkJoinPool-1-worker-13] ERROR com.intuit.karate - http request failed: 
org.apache.http.client.ClientProtocolException
15:21:05.858 [ForkJoinPool-1-worker-13] ERROR com.intuit.karate - feature call (loop) failed at index: 96
caller: classpath:InspireTest/ngr/datasetrecords/def/checkxlinkurl.template.feature
arg: {"link":"x"}
checkxlinkurl.template.feature:14 - 
org.apache.http.client.ClientProtocolException
15:21:05.859 [ForkJoinPool-1-worker-13] INFO  com.intuit.karate - [print]
15:21:05.860 [ForkJoinPool-1-worker-13] INFO  com.intuit.karate - [print] testing xlinkurl:m
15:21:05.860 [ForkJoinPool-1-worker-13] ERROR com.intuit.karate - org.apache.http.client.ClientProtocolException, http call failed after 0 milliseconds for URL: m
15:21:05.860 [ForkJoinPool-1-worker-13] ERROR com.intuit.karate - http request failed: 
org.apache.http.client.ClientProtocolException
15:21:05.860 [ForkJoinPool-1-worker-13] ERROR com.intuit.karate - feature call (loop) failed at index: 97
caller: classpath:InspireTest/ngr/datasetrecords/def/checkxlinkurl.template.feature
arg: {"link":"m"}
checkxlinkurl.template.feature:14 - 
org.apache.http.client.ClientProtocolException
15:21:05.861 [ForkJoinPool-1-worker-13] INFO  com.intuit.karate - [print]
15:21:05.861 [ForkJoinPool-1-worker-13] INFO  com.intuit.karate - [print] testing xlinkurl:l
15:21:05.861 [ForkJoinPool-1-worker-13] ERROR com.intuit.karate - org.apache.http.client.ClientProtocolException, http call failed after 0 milliseconds for URL: l
15:21:05.862 [ForkJoinPool-1-worker-13] ERROR com.intuit.karate - http request failed: 
org.apache.http.client.ClientProtocolException
15:21:05.862 [ForkJoinPool-1-worker-13] ERROR com.intuit.karate - feature call (loop) failed at index: 98
caller: classpath:InspireTest/ngr/datasetrecords/def/checkxlinkurl.template.feature
arg: {"link":"l"}
checkxlinkurl.template.feature:14 - 
org.apache.http.client.ClientProtocolException
15:21:05.862 [ForkJoinPool-1-worker-13] INFO  com.intuit.karate - [print]
15:21:05.863 [ForkJoinPool-1-worker-13] INFO  com.intuit.karate - [print] testing xlinkurl:#
15:21:05.863 [ForkJoinPool-1-worker-13] ERROR com.intuit.karate - org.apache.http.client.ClientProtocolException, http call failed after 0 milliseconds for URL: #
15:21:05.863 [ForkJoinPool-1-worker-13] ERROR com.intuit.karate - http request failed: 
org.apache.http.client.ClientProtocolException
15:21:05.863 [ForkJoinPool-1-worker-13] ERROR com.intuit.karate - feature call (loop) failed at index: 99
caller: classpath:InspireTest/ngr/datasetrecords/def/checkxlinkurl.template.feature
arg: {"link":"#"}
checkxlinkurl.template.feature:14 - 
org.apache.http.client.ClientProtocolException
15:21:05.864 [ForkJoinPool-1-worker-13] INFO  com.intuit.karate - [print]
15:21:05.864 [ForkJoinPool-1-worker-13] INFO  com.intuit.karate - [print] testing xlinkurl:m
15:21:05.865 [ForkJoinPool-1-worker-13] ERROR com.intuit.karate - org.apache.http.client.ClientProtocolException, http call failed after 0 milliseconds for URL: m
15:21:05.865 [ForkJoinPool-1-worker-13] ERROR com.intuit.karate - http request failed: 
org.apache.http.client.ClientProtocolException
15:21:05.865 [ForkJoinPool-1-worker-13] ERROR com.intuit.karate - feature call (loop) failed at index: 100
caller: classpath:InspireTest/ngr/datasetrecords/def/checkxlinkurl.template.feature
arg: {"link":"m"}
checkxlinkurl.template.feature:14 - 
org.apache.http.client.ClientProtocolException
15:21:05.870 [ForkJoinPool-1-worker-3] INFO  com.intuit.karate - [print] title:Luchtfoto 2017 25cm RGB open data
15:21:05.880 [ForkJoinPool-1-worker-3] INFO  com.intuit.karate - [print] Luchtfoto 2017 25cm RGB open data
15:21:05.884 [ForkJoinPool-1-worker-3] INFO  com.intuit.karate - [print] [
  "PPB-GVA@kadaster.nl",
  "info@hetwaterschapshuis.nl",
  "kcc@kadaster.nl",
  "",
  "",
  "",
  "",
  "",
  ""
]

15:21:05.891 [ForkJoinPool-1-worker-3] INFO  com.intuit.karate - [print] organisation: [
  "Kadaster",
  "Het Waterschapshuis",
  "Kadaster",
  "Eurosense",
  "Eurosense",
  "Eurosense",
  "Kadaster",
  "Kadaster"
]

15:21:05.903 [ForkJoinPool-1-worker-3] INFO  com.intuit.karate - [print] [
  "http://kadaster/2482250f-3b00-4439-9f93-f3118229b017",
  "",
  "",
  ""
]

15:21:05.912 [ForkJoinPool-1-worker-3] INFO  com.intuit.karate - [print]
15:21:05.913 [ForkJoinPool-1-worker-3] INFO  com.intuit.karate - [print] testing xlinkurl:http://kadaster/2482250f-3b00-4439-9f93-f3118229b017
15:21:05.914 [ForkJoinPool-1-worker-3] ERROR com.intuit.karate - java.net.UnknownHostException: kadaster, http call failed after 0 milliseconds for URL: http://kadaster/2482250f-3b00-4439-9f93-f3118229b017
15:21:05.914 [ForkJoinPool-1-worker-3] ERROR com.intuit.karate - http request failed: 
java.net.UnknownHostException: kadaster
15:21:05.914 [ForkJoinPool-1-worker-3] ERROR com.intuit.karate - feature call (loop) failed at index: 0
caller: classpath:InspireTest/ngr/datasetrecords/def/checkxlinkurl.template.feature
arg: {"link":"http://kadaster/2482250f-3b00-4439-9f93-f3118229b017"}
checkxlinkurl.template.feature:14 - 
java.net.UnknownHostException: kadaster
15:21:05.915 [ForkJoinPool-1-worker-3] INFO  com.intuit.karate - [print]
15:21:05.916 [ForkJoinPool-1-worker-3] INFO  com.intuit.karate - [print] testing xlinkurl:
15:21:05.919 [ForkJoinPool-1-worker-3] ERROR com.intuit.karate - org.apache.http.client.ClientProtocolException, http call failed after 0 milliseconds for URL: 
15:21:05.919 [ForkJoinPool-1-worker-3] ERROR com.intuit.karate - http request failed: 
org.apache.http.client.ClientProtocolException
15:21:05.919 [ForkJoinPool-1-worker-3] ERROR com.intuit.karate - feature call (loop) failed at index: 1
caller: classpath:InspireTest/ngr/datasetrecords/def/checkxlinkurl.template.feature
arg: {"link":""}
checkxlinkurl.template.feature:14 - 
org.apache.http.client.ClientProtocolException
15:21:05.920 [ForkJoinPool-1-worker-3] INFO  com.intuit.karate - [print]
15:21:05.921 [ForkJoinPool-1-worker-3] INFO  com.intuit.karate - [print] testing xlinkurl:
15:21:05.922 [ForkJoinPool-1-worker-3] ERROR com.intuit.karate - org.apache.http.client.ClientProtocolException, http call failed after 0 milliseconds for URL: 
15:21:05.922 [ForkJoinPool-1-worker-3] ERROR com.intuit.karate - http request failed: 
org.apache.http.client.ClientProtocolException
15:21:05.922 [ForkJoinPool-1-worker-3] ERROR com.intuit.karate - feature call (loop) failed at index: 2
caller: classpath:InspireTest/ngr/datasetrecords/def/checkxlinkurl.template.feature
arg: {"link":""}
checkxlinkurl.template.feature:14 - 
org.apache.http.client.ClientProtocolException
15:21:05.923 [ForkJoinPool-1-worker-3] INFO  com.intuit.karate - [print]
15:21:05.924 [ForkJoinPool-1-worker-3] INFO  com.intuit.karate - [print] testing xlinkurl:
15:21:05.925 [ForkJoinPool-1-worker-3] ERROR com.intuit.karate - org.apache.http.client.ClientProtocolException, http call failed after 0 milliseconds for URL: 
15:21:05.925 [ForkJoinPool-1-worker-3] ERROR com.intuit.karate - http request failed: 
org.apache.http.client.ClientProtocolException
15:21:05.925 [ForkJoinPool-1-worker-3] ERROR com.intuit.karate - feature call (loop) failed at index: 3
caller: classpath:InspireTest/ngr/datasetrecords/def/checkxlinkurl.template.feature
arg: {"link":""}
checkxlinkurl.template.feature:14 - 
org.apache.http.client.ClientProtocolException
15:21:06.085 [ForkJoinPool-1-worker-7] ERROR com.intuit.karate - assertion failed: path: $, actual: 500, expected: 200, reason: not equal (Integer)
15:21:06.085 [ForkJoinPool-1-worker-7] ERROR com.intuit.karate - feature call (loop) failed at index: 1
caller: classpath:InspireTest/ngr/datasetrecords/def/checkxlinkurl.template.feature
arg: {"link":"https://www.nationaalgeoregister.nl/geonetwork/srv/api/recordsbe6551de-a709-4c6d-a5e2-f63f0cf038ba"}
checkxlinkurl.template.feature:22 - path: $, actual: 500, expected: 200, reason: not equal (Integer)
15:21:06.291 [ForkJoinPool-1-worker-5] INFO  com.intuit.karate - [print] title:Schelpdierpercelen
15:21:06.292 [ForkJoinPool-1-worker-5] INFO  com.intuit.karate - [print] Schelpdierpercelen
15:21:06.293 [ForkJoinPool-1-worker-5] INFO  com.intuit.karate - [print] [
  "geodatabeheer.giscc@rvo.nl",
  "geodatabeheer.giscc@rvo.nl",
  "BeheerPDOK@kadaster.nl"
]

15:21:06.294 [ForkJoinPool-1-worker-5] INFO  com.intuit.karate - [print] organisation: [
  "Ministerie van Economische Zaken - GIS Competence Center",
  "PDOK"
]

15:21:06.304 [ForkJoinPool-1-worker-5] INFO  com.intuit.karate - [print] [
  "https://www.nationaalgeoregister.nl/geonetwork/srv/dut/catalog.search#/metadata/fe0e1e5f-512f-4bb1-bbf8-4028d3dfa24f"
]

15:21:06.312 [ForkJoinPool-1-worker-5] INFO  com.intuit.karate - [print]
15:21:06.312 [ForkJoinPool-1-worker-5] INFO  com.intuit.karate - [print] testing xlinkurl:https://www.nationaalgeoregister.nl/geonetwork/srv/dut/catalog.search#/metadata/fe0e1e5f-512f-4bb1-bbf8-4028d3dfa24f
15:21:06.471 [ForkJoinPool-1-worker-11] INFO  com.intuit.karate - [print] title:Hydrografie
15:21:06.474 [ForkJoinPool-1-worker-11] INFO  com.intuit.karate - [print] Hydrografie
15:21:06.476 [ForkJoinPool-1-worker-11] INFO  com.intuit.karate - [print] [
  "PPB-GVA@kadaster.nl",
  "kcc@kadaster.nl",
  "kcc@kadaster.nl"
]

15:21:06.479 [ForkJoinPool-1-worker-11] INFO  com.intuit.karate - [print] organisation: [
  "Kadaster",
  "Kadaster",
  "Kadaster"
]

15:21:06.492 [ForkJoinPool-1-worker-11] INFO  com.intuit.karate - [print] [
  "http://kadaster/06b6c650-cdb1-11dd-ad8b-0800200c9a80"
]

15:21:06.506 [ForkJoinPool-1-worker-11] INFO  com.intuit.karate - [print]
15:21:06.507 [ForkJoinPool-1-worker-11] INFO  com.intuit.karate - [print] testing xlinkurl:http://kadaster/06b6c650-cdb1-11dd-ad8b-0800200c9a80
15:21:06.509 [ForkJoinPool-1-worker-11] ERROR com.intuit.karate - java.net.UnknownHostException: kadaster, http call failed after 0 milliseconds for URL: http://kadaster/06b6c650-cdb1-11dd-ad8b-0800200c9a80
15:21:06.510 [ForkJoinPool-1-worker-11] ERROR com.intuit.karate - http request failed: 
java.net.UnknownHostException: kadaster
15:21:06.510 [ForkJoinPool-1-worker-11] ERROR com.intuit.karate - feature call (loop) failed at index: 0
caller: classpath:InspireTest/ngr/datasetrecords/def/checkxlinkurl.template.feature
arg: {"link":"http://kadaster/06b6c650-cdb1-11dd-ad8b-0800200c9a80"}
checkxlinkurl.template.feature:14 - 
java.net.UnknownHostException: kadaster
15:21:06.569 [ForkJoinPool-1-worker-13] INFO  com.intuit.karate - [print] title:Hydrografie - Physical Waters (INSPIRE geharmoniseerd)
15:21:06.569 [ForkJoinPool-1-worker-13] INFO  com.intuit.karate - [print] Hydrografie - Physical Waters (INSPIRE geharmoniseerd)
15:21:06.570 [ForkJoinPool-1-worker-13] INFO  com.intuit.karate - [print] [
  "PPB-GVA@kadaster.nl",
  "kcc@kadaster.nl"
]

15:21:06.573 [ForkJoinPool-1-worker-13] INFO  com.intuit.karate - [print] organisation: [
  "Kadaster",
  "Kadaster"
]

15:21:06.585 [ForkJoinPool-1-worker-13] INFO  com.intuit.karate - [print] [
  "http://www.opengis.net/def/crs/EPSG/0/http://www.opengis.net/def/crs/EPSG/0/4258",
  "http://kadaster/70a0f618-9d4f-4be9-9d9d-11106ff6971c"
]

15:21:06.592 [ForkJoinPool-1-worker-13] INFO  com.intuit.karate - [print]
15:21:06.593 [ForkJoinPool-1-worker-13] INFO  com.intuit.karate - [print] testing xlinkurl:http://www.opengis.net/def/crs/EPSG/0/http://www.opengis.net/def/crs/EPSG/0/4258
15:21:06.642 [ForkJoinPool-1-worker-3] INFO  com.intuit.karate - [print] title:Afgevoerde hoeveelheid afval in 2011 vanuit de industrie
15:21:06.643 [ForkJoinPool-1-worker-3] INFO  com.intuit.karate - [print] Afgevoerde hoeveelheid afval in 2011 vanuit de industrie
15:21:06.644 [ForkJoinPool-1-worker-3] INFO  com.intuit.karate - [print] [
  "emissieregistratie@rivm.nl",
  "",
  "emissieregistratie@rivm.nl"
]

15:21:06.646 [ForkJoinPool-1-worker-3] INFO  com.intuit.karate - [print] organisation: no organisationName found in dataset record
15:21:06.656 [ForkJoinPool-1-worker-3] INFO  com.intuit.karate - [print] [
  "https://data.rivm.nl/inspire/id#90bab79d-5f92-4aaa-8edc-99195438ef65"
]

15:21:06.660 [ForkJoinPool-1-worker-3] INFO  com.intuit.karate - [print]
15:21:06.661 [ForkJoinPool-1-worker-3] INFO  com.intuit.karate - [print] testing xlinkurl:https://data.rivm.nl/inspire/id#90bab79d-5f92-4aaa-8edc-99195438ef65
15:21:06.727 [ForkJoinPool-1-worker-7] INFO  com.intuit.karate - [print] title:Vervoersnetwerken - Kabelbanen (INSPIRE geharmoniseerd)
15:21:06.727 [ForkJoinPool-1-worker-7] INFO  com.intuit.karate - [print] Vervoersnetwerken - Kabelbanen (INSPIRE geharmoniseerd)
15:21:06.728 [ForkJoinPool-1-worker-7] INFO  com.intuit.karate - [print] [
  "PPB-GVA@kadaster.nl",
  "kcc@kadaster.nl"
]

15:21:06.730 [ForkJoinPool-1-worker-7] INFO  com.intuit.karate - [print] organisation: [
  "Kadaster",
  "Kadaster"
]

15:21:06.739 [ForkJoinPool-1-worker-7] INFO  com.intuit.karate - [print] [
  "http://www.opengis.net/def/crs/EPSG/0/http://www.opengis.net/def/crs/EPSG/0/4258",
  "http://kadaster/ed4caa3b-a49e-4a9a-8206-50a3cf451b9a"
]

15:21:06.746 [ForkJoinPool-1-worker-7] INFO  com.intuit.karate - [print]
15:21:06.751 [ForkJoinPool-1-worker-7] INFO  com.intuit.karate - [print] testing xlinkurl:http://www.opengis.net/def/crs/EPSG/0/http://www.opengis.net/def/crs/EPSG/0/4258
15:21:06.786 [ForkJoinPool-1-worker-9] ERROR com.intuit.karate - assertion failed: path: $, actual: 404, expected: 200, reason: not equal (Integer)
15:21:06.786 [ForkJoinPool-1-worker-9] ERROR com.intuit.karate - feature call (loop) failed at index: 2
caller: classpath:InspireTest/ngr/datasetrecords/def/checkxlinkurl.template.feature
arg: {"link":"https://data.overheid.nl/organisatie/PDOK"}
checkxlinkurl.template.feature:22 - path: $, actual: 404, expected: 200, reason: not equal (Integer)
15:21:06.938 [ForkJoinPool-1-worker-13] INFO  com.intuit.karate - [print]
15:21:06.938 [ForkJoinPool-1-worker-13] INFO  com.intuit.karate - [print] testing xlinkurl:http://kadaster/70a0f618-9d4f-4be9-9d9d-11106ff6971c
15:21:06.940 [ForkJoinPool-1-worker-13] ERROR com.intuit.karate - java.net.UnknownHostException: kadaster, http call failed after 0 milliseconds for URL: http://kadaster/70a0f618-9d4f-4be9-9d9d-11106ff6971c
15:21:06.941 [ForkJoinPool-1-worker-13] ERROR com.intuit.karate - http request failed: 
java.net.UnknownHostException: kadaster
15:21:06.942 [ForkJoinPool-1-worker-13] ERROR com.intuit.karate - feature call (loop) failed at index: 1
caller: classpath:InspireTest/ngr/datasetrecords/def/checkxlinkurl.template.feature
arg: {"link":"http://kadaster/70a0f618-9d4f-4be9-9d9d-11106ff6971c"}
checkxlinkurl.template.feature:14 - 
java.net.UnknownHostException: kadaster
15:21:07.018 [ForkJoinPool-1-worker-3] ERROR com.intuit.karate - javax.net.ssl.SSLException: Connection reset, http call failed after 356 milliseconds for URL: https://data.rivm.nl/inspire/id#90bab79d-5f92-4aaa-8edc-99195438ef65
15:21:07.018 [ForkJoinPool-1-worker-3] ERROR com.intuit.karate - http request failed: 
javax.net.ssl.SSLException: Connection reset
15:21:07.018 [ForkJoinPool-1-worker-3] ERROR com.intuit.karate - feature call (loop) failed at index: 0
caller: classpath:InspireTest/ngr/datasetrecords/def/checkxlinkurl.template.feature
arg: {"link":"https://data.rivm.nl/inspire/id#90bab79d-5f92-4aaa-8edc-99195438ef65"}
checkxlinkurl.template.feature:14 - 
javax.net.ssl.SSLException: Connection reset
15:21:07.053 [ForkJoinPool-1-worker-7] INFO  com.intuit.karate - [print]
15:21:07.054 [ForkJoinPool-1-worker-7] INFO  com.intuit.karate - [print] testing xlinkurl:http://kadaster/ed4caa3b-a49e-4a9a-8206-50a3cf451b9a
15:21:07.055 [ForkJoinPool-1-worker-7] ERROR com.intuit.karate - java.net.UnknownHostException: kadaster, http call failed after 0 milliseconds for URL: http://kadaster/ed4caa3b-a49e-4a9a-8206-50a3cf451b9a
15:21:07.055 [ForkJoinPool-1-worker-7] ERROR com.intuit.karate - http request failed: 
java.net.UnknownHostException: kadaster
15:21:07.055 [ForkJoinPool-1-worker-7] ERROR com.intuit.karate - feature call (loop) failed at index: 1
caller: classpath:InspireTest/ngr/datasetrecords/def/checkxlinkurl.template.feature
arg: {"link":"http://kadaster/ed4caa3b-a49e-4a9a-8206-50a3cf451b9a"}
checkxlinkurl.template.feature:14 - 
java.net.UnknownHostException: kadaster
15:21:07.161 [ForkJoinPool-1-worker-11] INFO  com.intuit.karate - [print] title:Omgevingsdosisequivalenttempo Nationaal Meetnet Radioactiviteit 2011
15:21:07.162 [ForkJoinPool-1-worker-11] INFO  com.intuit.karate - [print] Omgevingsdosisequivalenttempo Nationaal Meetnet Radioactiviteit 2011
15:21:07.163 [ForkJoinPool-1-worker-11] INFO  com.intuit.karate - [print] [
  "geodata@rivm.nl",
  "",
  "geodata@rivm.nl"
]

15:21:07.165 [ForkJoinPool-1-worker-11] INFO  com.intuit.karate - [print] organisation: no organisationName found in dataset record
15:21:07.171 [ForkJoinPool-1-worker-11] INFO  com.intuit.karate - [print] [
  "https://data.rivm.nl/inspire/id#722e3937-3e53-4048-97ef-1ced2c77f7dd"
]

15:21:07.178 [ForkJoinPool-1-worker-11] INFO  com.intuit.karate - [print]
15:21:07.178 [ForkJoinPool-1-worker-11] INFO  com.intuit.karate - [print] testing xlinkurl:https://data.rivm.nl/inspire/id#722e3937-3e53-4048-97ef-1ced2c77f7dd
15:21:07.224 [ForkJoinPool-1-worker-9] INFO  com.intuit.karate - [print] title:Zwemwaterlocaties en zwemwaterkwaliteit - monsterpunten
15:21:07.227 [ForkJoinPool-1-worker-9] INFO  com.intuit.karate - [print] Zwemwaterlocaties en zwemwaterkwaliteit - monsterpunten
15:21:07.229 [ForkJoinPool-1-worker-9] INFO  com.intuit.karate - [print] [
  "inspire@gbo-provincies.nl",
  "inspire@gbo-provincies.nl",
  "inspire@gbo-provincies.nl"
]

15:21:07.233 [ForkJoinPool-1-worker-9] INFO  com.intuit.karate - [print] organisation: [
  "Interprovinciaal Overleg",
  "Interprovinciaal Overleg",
  "Interprovinciaal Overleg",
  "Interprovinciaal Overleg",
  "Interprovinciaal Overleg"
]

15:21:07.287 [ForkJoinPool-1-worker-5] INFO  com.intuit.karate - [print] title:Wetlands (RAMSAR) (INSPIRE Geharmoniseerd)
15:21:07.289 [ForkJoinPool-1-worker-5] INFO  com.intuit.karate - [print] Wetlands (RAMSAR) (INSPIRE Geharmoniseerd)
15:21:07.291 [ForkJoinPool-1-worker-5] INFO  com.intuit.karate - [print] [
  "geodatabeheer.giscc@rvo.nl",
  "geodatabeheer.giscc@rvo.nl",
  "geodatabeheer.giscc@rvo.nl",
  "GeoDesk.CGI@wur.nl",
  "beheer@pdok.nl",
  "",
  ""
]

15:21:07.295 [ForkJoinPool-1-worker-5] INFO  com.intuit.karate - [print] organisation: [
  "",
  ""
]

15:21:07.308 [ForkJoinPool-1-worker-5] INFO  com.intuit.karate - [print] [
  "http://nationaalgeoregister.nl/geonetwork/srv/dut/catalog.search#/metadata/19165027-a13a-4c19-9013-ec1fd191019d",
  "https://data.overheid.nl/organisatie/PDOK"
]

15:21:07.315 [ForkJoinPool-1-worker-5] INFO  com.intuit.karate - [print]
15:21:07.316 [ForkJoinPool-1-worker-5] INFO  com.intuit.karate - [print] testing xlinkurl:http://nationaalgeoregister.nl/geonetwork/srv/dut/catalog.search#/metadata/19165027-a13a-4c19-9013-ec1fd191019d
15:21:07.539 [ForkJoinPool-1-worker-11] ERROR com.intuit.karate - javax.net.ssl.SSLException: Connection reset, http call failed after 360 milliseconds for URL: https://data.rivm.nl/inspire/id#722e3937-3e53-4048-97ef-1ced2c77f7dd
15:21:07.539 [ForkJoinPool-1-worker-11] ERROR com.intuit.karate - http request failed: 
javax.net.ssl.SSLException: Connection reset
15:21:07.540 [ForkJoinPool-1-worker-11] ERROR com.intuit.karate - feature call (loop) failed at index: 0
caller: classpath:InspireTest/ngr/datasetrecords/def/checkxlinkurl.template.feature
arg: {"link":"https://data.rivm.nl/inspire/id#722e3937-3e53-4048-97ef-1ced2c77f7dd"}
checkxlinkurl.template.feature:14 - 
javax.net.ssl.SSLException: Connection reset
15:21:07.578 [ForkJoinPool-1-worker-5] INFO  com.intuit.karate - [print]
15:21:07.578 [ForkJoinPool-1-worker-5] INFO  com.intuit.karate - [print] testing xlinkurl:https://data.overheid.nl/organisatie/PDOK
15:21:07.723 [ForkJoinPool-1-worker-13] INFO  com.intuit.karate - [print] title:Geluidkaart hoofdspoornet 2016 (Lden)
15:21:07.724 [ForkJoinPool-1-worker-13] INFO  com.intuit.karate - [print] Geluidkaart hoofdspoornet 2016 (Lden)
15:21:07.741 [ForkJoinPool-1-worker-13] INFO  com.intuit.karate - [print] [
  "sylvia.koolmees@minienw.nl",
  "sylvia.koolmees@minienw.nl"
]

15:21:07.743 [ForkJoinPool-1-worker-13] INFO  com.intuit.karate - [print] organisation: [
  "Ministerie van IenW",
  "Ministerie van IenW"
]

15:21:07.752 [ForkJoinPool-1-worker-13] INFO  com.intuit.karate - [print] [
  "https://www.nationaalgeoregister.nl/geonetwork/srv/api/recordsc3c004ad-5387-4b00-a225-9afbcaa5d31b"
]

15:21:07.756 [ForkJoinPool-1-worker-13] INFO  com.intuit.karate - [print]
15:21:07.757 [ForkJoinPool-1-worker-13] INFO  com.intuit.karate - [print] testing xlinkurl:https://www.nationaalgeoregister.nl/geonetwork/srv/api/recordsc3c004ad-5387-4b00-a225-9afbcaa5d31b
15:21:07.805 [ForkJoinPool-1-worker-3] INFO  com.intuit.karate - [print] title:Luchtfoto 2016 25cm CIR open data
15:21:07.806 [ForkJoinPool-1-worker-3] INFO  com.intuit.karate - [print] Luchtfoto 2016 25cm CIR open data
15:21:07.819 [ForkJoinPool-1-worker-3] INFO  com.intuit.karate - [print] [
  "PPB-GVA@kadaster.nl",
  "info@hetwaterschapshuis.nl",
  "kcc@kadaster.nl",
  "",
  "",
  "",
  "",
  "",
  ""
]

15:21:07.839 [ForkJoinPool-1-worker-3] INFO  com.intuit.karate - [print] organisation: [
  "Kadaster",
  "Het Waterschapshuis",
  "Kadaster",
  "Eurosense",
  "Eurosense",
  "Eurosense",
  "Kadaster",
  "Kadaster"
]

15:21:07.848 [ForkJoinPool-1-worker-7] INFO  com.intuit.karate - [print] title:Vervoersnetwerken - Wegen (INSPIRE geharmoniseerd)
15:21:07.848 [ForkJoinPool-1-worker-7] INFO  com.intuit.karate - [print] Vervoersnetwerken - Wegen (INSPIRE geharmoniseerd)
15:21:07.849 [ForkJoinPool-1-worker-7] INFO  com.intuit.karate - [print] [
  "PPB-GVA@kadaster.nl",
  "kcc@kadaster.nl"
]

15:21:07.850 [ForkJoinPool-1-worker-7] INFO  com.intuit.karate - [print] organisation: [
  "Kadaster",
  "Kadaster"
]

15:21:07.857 [ForkJoinPool-1-worker-3] INFO  com.intuit.karate - [print] [
  "http://kadaster/2482250f-3b00-4439-9f93-f3118229b015",
  "",
  "",
  ""
]

15:21:07.925 [ForkJoinPool-1-worker-3] INFO  com.intuit.karate - [print]
15:21:07.926 [ForkJoinPool-1-worker-7] INFO  com.intuit.karate - [print] [
  "http://www.opengis.net/def/crs/EPSG/0/http://www.opengis.net/def/crs/EPSG/0/4258",
  "http://kadaster/df1a98c0-58ba-48ff-8825-b4fb6322c586"
]

15:21:07.931 [ForkJoinPool-1-worker-3] INFO  com.intuit.karate - [print] testing xlinkurl:http://kadaster/2482250f-3b00-4439-9f93-f3118229b015
15:21:07.932 [ForkJoinPool-1-worker-3] ERROR com.intuit.karate - java.net.UnknownHostException: kadaster, http call failed after 0 milliseconds for URL: http://kadaster/2482250f-3b00-4439-9f93-f3118229b015
15:21:07.933 [ForkJoinPool-1-worker-3] ERROR com.intuit.karate - http request failed: 
java.net.UnknownHostException: kadaster
15:21:07.934 [ForkJoinPool-1-worker-3] ERROR com.intuit.karate - feature call (loop) failed at index: 0
caller: classpath:InspireTest/ngr/datasetrecords/def/checkxlinkurl.template.feature
arg: {"link":"http://kadaster/2482250f-3b00-4439-9f93-f3118229b015"}
checkxlinkurl.template.feature:14 - 
java.net.UnknownHostException: kadaster
15:21:07.936 [ForkJoinPool-1-worker-3] INFO  com.intuit.karate - [print]
15:21:07.936 [ForkJoinPool-1-worker-3] INFO  com.intuit.karate - [print] testing xlinkurl:
15:21:07.937 [ForkJoinPool-1-worker-3] ERROR com.intuit.karate - org.apache.http.client.ClientProtocolException, http call failed after 0 milliseconds for URL: 
15:21:07.938 [ForkJoinPool-1-worker-3] ERROR com.intuit.karate - http request failed: 
org.apache.http.client.ClientProtocolException
15:21:07.939 [ForkJoinPool-1-worker-3] ERROR com.intuit.karate - feature call (loop) failed at index: 1
caller: classpath:InspireTest/ngr/datasetrecords/def/checkxlinkurl.template.feature
arg: {"link":""}
checkxlinkurl.template.feature:14 - 
org.apache.http.client.ClientProtocolException
15:21:07.941 [ForkJoinPool-1-worker-3] INFO  com.intuit.karate - [print]
15:21:07.941 [ForkJoinPool-1-worker-3] INFO  com.intuit.karate - [print] testing xlinkurl:
15:21:07.933 [ForkJoinPool-1-worker-7] INFO  com.intuit.karate - [print]
15:21:07.943 [ForkJoinPool-1-worker-7] INFO  com.intuit.karate - [print] testing xlinkurl:http://www.opengis.net/def/crs/EPSG/0/http://www.opengis.net/def/crs/EPSG/0/4258
15:21:07.945 [ForkJoinPool-1-worker-3] ERROR com.intuit.karate - org.apache.http.client.ClientProtocolException, http call failed after 0 milliseconds for URL: 
15:21:07.946 [ForkJoinPool-1-worker-3] ERROR com.intuit.karate - http request failed: 
org.apache.http.client.ClientProtocolException
15:21:07.947 [ForkJoinPool-1-worker-3] ERROR com.intuit.karate - feature call (loop) failed at index: 2
caller: classpath:InspireTest/ngr/datasetrecords/def/checkxlinkurl.template.feature
arg: {"link":""}
checkxlinkurl.template.feature:14 - 
org.apache.http.client.ClientProtocolException
15:21:07.949 [ForkJoinPool-1-worker-3] INFO  com.intuit.karate - [print]
15:21:07.950 [ForkJoinPool-1-worker-3] INFO  com.intuit.karate - [print] testing xlinkurl:
15:21:07.951 [ForkJoinPool-1-worker-3] ERROR com.intuit.karate - org.apache.http.client.ClientProtocolException, http call failed after 0 milliseconds for URL: 
15:21:07.953 [ForkJoinPool-1-worker-3] ERROR com.intuit.karate - http request failed: 
org.apache.http.client.ClientProtocolException
15:21:07.954 [ForkJoinPool-1-worker-3] ERROR com.intuit.karate - feature call (loop) failed at index: 3
caller: classpath:InspireTest/ngr/datasetrecords/def/checkxlinkurl.template.feature
arg: {"link":""}
checkxlinkurl.template.feature:14 - 
org.apache.http.client.ClientProtocolException
15:21:08.029 [ForkJoinPool-1-worker-9] INFO  com.intuit.karate - [print] title:Gemeten Fijn stof concentraties in buitenlucht.
15:21:08.030 [ForkJoinPool-1-worker-9] INFO  com.intuit.karate - [print] Gemeten Fijn stof concentraties in buitenlucht.
15:21:08.031 [ForkJoinPool-1-worker-9] INFO  com.intuit.karate - [print] [
  "geodata@rivm.nl",
  "geodata@rivm.nl"
]

15:21:08.033 [ForkJoinPool-1-worker-9] INFO  com.intuit.karate - [print] organisation: no organisationName found in dataset record
15:21:08.038 [ForkJoinPool-1-worker-9] INFO  com.intuit.karate - [print] [
  "https://data.rivm.nl/inspire/id#a3095f95-0ec7-46ff-ae14-ce2173e8fafa"
]

15:21:08.042 [ForkJoinPool-1-worker-9] INFO  com.intuit.karate - [print]
15:21:08.043 [ForkJoinPool-1-worker-9] INFO  com.intuit.karate - [print] testing xlinkurl:https://data.rivm.nl/inspire/id#a3095f95-0ec7-46ff-ae14-ce2173e8fafa
15:21:08.087 [ForkJoinPool-1-worker-13] ERROR com.intuit.karate - assertion failed: path: $, actual: 500, expected: 200, reason: not equal (Integer)
15:21:08.087 [ForkJoinPool-1-worker-13] ERROR com.intuit.karate - feature call (loop) failed at index: 0
caller: classpath:InspireTest/ngr/datasetrecords/def/checkxlinkurl.template.feature
arg: {"link":"https://www.nationaalgeoregister.nl/geonetwork/srv/api/recordsc3c004ad-5387-4b00-a225-9afbcaa5d31b"}
checkxlinkurl.template.feature:22 - path: $, actual: 500, expected: 200, reason: not equal (Integer)
15:21:08.245 [ForkJoinPool-1-worker-7] INFO  com.intuit.karate - [print]
15:21:08.246 [ForkJoinPool-1-worker-7] INFO  com.intuit.karate - [print] testing xlinkurl:http://kadaster/df1a98c0-58ba-48ff-8825-b4fb6322c586
15:21:08.247 [ForkJoinPool-1-worker-7] ERROR com.intuit.karate - java.net.UnknownHostException: kadaster, http call failed after 0 milliseconds for URL: http://kadaster/df1a98c0-58ba-48ff-8825-b4fb6322c586
15:21:08.247 [ForkJoinPool-1-worker-7] ERROR com.intuit.karate - http request failed: 
java.net.UnknownHostException: kadaster
15:21:08.248 [ForkJoinPool-1-worker-7] ERROR com.intuit.karate - feature call (loop) failed at index: 1
caller: classpath:InspireTest/ngr/datasetrecords/def/checkxlinkurl.template.feature
arg: {"link":"http://kadaster/df1a98c0-58ba-48ff-8825-b4fb6322c586"}
checkxlinkurl.template.feature:14 - 
java.net.UnknownHostException: kadaster
15:21:08.317 [ForkJoinPool-1-worker-11] INFO  com.intuit.karate - [print] title:Habitatrichtlijn verspreidingsgebied van soorten
15:21:08.318 [ForkJoinPool-1-worker-11] INFO  com.intuit.karate - [print] Habitatrichtlijn verspreidingsgebied van soorten
15:21:08.319 [ForkJoinPool-1-worker-11] INFO  com.intuit.karate - [print] [
  "geodatabeheer.giscc@rvo.nl",
  "GeoDesk.CGI@wur.nl",
  "geodatabeheer.giscc@rvo.nl",
  "beheerPDOK@kadaster.nl",
  "",
  "",
  ""
]

15:21:08.321 [ForkJoinPool-1-worker-11] INFO  com.intuit.karate - [print] organisation: [
  "Ministerie van Economische Zaken - GIS Competence Center",
  "Wageningen Environmental Research (Alterra)",
  "PDOK",
  "CBS",
  "Natuurloket",
  "pgo's"
]

15:21:08.327 [ForkJoinPool-1-worker-11] INFO  com.intuit.karate - [print] [
  "https://www.nationaalgeoregister.nl/geonetwork/srv/dut/catalog.search#/metadata/f273941e-9c3b-43bc-b886-2d50d0bf9348"
]

15:21:08.332 [ForkJoinPool-1-worker-11] INFO  com.intuit.karate - [print]
15:21:08.333 [ForkJoinPool-1-worker-11] INFO  com.intuit.karate - [print] testing xlinkurl:https://www.nationaalgeoregister.nl/geonetwork/srv/dut/catalog.search#/metadata/f273941e-9c3b-43bc-b886-2d50d0bf9348
15:21:08.400 [ForkJoinPool-1-worker-9] ERROR com.intuit.karate - javax.net.ssl.SSLException: Connection reset, http call failed after 356 milliseconds for URL: https://data.rivm.nl/inspire/id#a3095f95-0ec7-46ff-ae14-ce2173e8fafa
15:21:08.401 [ForkJoinPool-1-worker-9] ERROR com.intuit.karate - http request failed: 
javax.net.ssl.SSLException: Connection reset
15:21:08.401 [ForkJoinPool-1-worker-9] ERROR com.intuit.karate - feature call (loop) failed at index: 0
caller: classpath:InspireTest/ngr/datasetrecords/def/checkxlinkurl.template.feature
arg: {"link":"https://data.rivm.nl/inspire/id#a3095f95-0ec7-46ff-ae14-ce2173e8fafa"}
checkxlinkurl.template.feature:14 - 
javax.net.ssl.SSLException: Connection reset
15:21:08.573 [ForkJoinPool-1-worker-5] ERROR com.intuit.karate - assertion failed: path: $, actual: 404, expected: 200, reason: not equal (Integer)
15:21:08.573 [ForkJoinPool-1-worker-5] ERROR com.intuit.karate - feature call (loop) failed at index: 1
caller: classpath:InspireTest/ngr/datasetrecords/def/checkxlinkurl.template.feature
arg: {"link":"https://data.overheid.nl/organisatie/PDOK"}
checkxlinkurl.template.feature:22 - path: $, actual: 404, expected: 200, reason: not equal (Integer)
15:21:08.586 [ForkJoinPool-1-worker-3] INFO  com.intuit.karate - [print] title:INSPIRE geharmoniseerde Beschermde Gebieden - Cultuur Historie
15:21:08.588 [ForkJoinPool-1-worker-3] INFO  com.intuit.karate - [print] INSPIRE geharmoniseerde Beschermde Gebieden - Cultuur Historie
15:21:08.590 [ForkJoinPool-1-worker-3] INFO  com.intuit.karate - [print] [
  "info@cultureelerfgoed.nl",
  "info@cultureelerfgoed.nl",
  "info@cultureelerfgoed.nl"
]

15:21:08.593 [ForkJoinPool-1-worker-3] INFO  com.intuit.karate - [print] organisation: [
  "Rijksdienst voor het Cultureel Erfgoed",
  "Rijksdienst voor het Cultureel Erfgoed",
  "Rijksdienst voor het Cultureel Erfgoed"
]

15:21:08.602 [ForkJoinPool-1-worker-3] INFO  com.intuit.karate - [print] [
  "https://monumentenregister.cultureelerfgoed.nl/sites/default/files/MRS/mrs-inspire.zip"
]

15:21:08.609 [ForkJoinPool-1-worker-3] INFO  com.intuit.karate - [print]
15:21:08.610 [ForkJoinPool-1-worker-3] INFO  com.intuit.karate - [print] testing xlinkurl:https://monumentenregister.cultureelerfgoed.nl/sites/default/files/MRS/mrs-inspire.zip
15:21:08.873 [ForkJoinPool-1-worker-13] INFO  com.intuit.karate - [print] title:Geografische Namen (Nat) - Nederland
15:21:08.873 [ForkJoinPool-1-worker-13] INFO  com.intuit.karate - [print] Geografische Namen (Nat) - Nederland
15:21:08.874 [ForkJoinPool-1-worker-13] INFO  com.intuit.karate - [print] [
  "data@hydro.nl",
  "data@hydro.nl",
  "data@hydro.nl",
  "",
  ""
]

15:21:08.876 [ForkJoinPool-1-worker-13] INFO  com.intuit.karate - [print] organisation: [
  "Ministerie van Defensie, Koninklijke Marine, Dienst der Hydrografie",
  "Ministerie van Defensie, Koninklijke Marine, Dienst der Hydrografie",
  "Ministerie van Defensie, Koninklijke Marine, Dienst der Hydrografie"
]

15:21:08.883 [ForkJoinPool-1-worker-13] INFO  com.intuit.karate - [print] [
  "https://ngr.acceptatie.nationaalgeoregister.nl/geonetwork/srv/resources34e95842-4e4e-46de-9198-79e8cd4d30dc"
]

15:21:08.889 [ForkJoinPool-1-worker-13] INFO  com.intuit.karate - [print]
15:21:08.890 [ForkJoinPool-1-worker-13] INFO  com.intuit.karate - [print] testing xlinkurl:https://ngr.acceptatie.nationaalgeoregister.nl/geonetwork/srv/resources34e95842-4e4e-46de-9198-79e8cd4d30dc
15:21:09.041 [ForkJoinPool-1-worker-7] INFO  com.intuit.karate - [print] title:Actueel Hoogtebestand Nederland 1 (AHN1)
15:21:09.042 [ForkJoinPool-1-worker-7] INFO  com.intuit.karate - [print] Actueel Hoogtebestand Nederland 1 (AHN1)
15:21:09.043 [ForkJoinPool-1-worker-7] INFO  com.intuit.karate - [print] [
  "servicedesk-data@rijkswaterstaat.nl",
  "servicedesk-data@rijkswaterstaat.nl",
  "",
  "servicedesk-data@rijkswaterstaat.nl",
  "servicedesk-data@rijkswaterstaat.nl"
]

15:21:09.045 [ForkJoinPool-1-worker-7] INFO  com.intuit.karate - [print] organisation: [
  "Rijkswaterstaat",
  "stuurgroep AHN",
  "",
  "Rijkswaterstaat",
  "Rijkswaterstaat"
]

15:21:09.052 [ForkJoinPool-1-worker-7] INFO  com.intuit.karate - [print] [
  "https://www.nationaalgeoregister.nl/geonetwork/srv/dut/catalog.search#/metadata/5a1adb58-0bbe-425d-b0fe-577a6c0a4228",
  "http://rdfdata.eionet.europa.eu/inspirethemes/themes/10",
  "urn:ogc:def:crs:EPSG::5709"
]

15:21:09.057 [ForkJoinPool-1-worker-7] INFO  com.intuit.karate - [print]
15:21:09.058 [ForkJoinPool-1-worker-7] INFO  com.intuit.karate - [print] testing xlinkurl:https://www.nationaalgeoregister.nl/geonetwork/srv/dut/catalog.search#/metadata/5a1adb58-0bbe-425d-b0fe-577a6c0a4228
15:21:09.169 [ForkJoinPool-1-worker-9] INFO  com.intuit.karate - [print] title:Actueel Hoogtebestand Nederland 2 (AHN2)
15:21:09.170 [ForkJoinPool-1-worker-9] INFO  com.intuit.karate - [print] Actueel Hoogtebestand Nederland 2 (AHN2)
15:21:09.171 [ForkJoinPool-1-worker-9] INFO  com.intuit.karate - [print] [
  "servicedesk-data@rijkswaterstaat.nl",
  "servicedesk-data@rijkswaterstaat.nl",
  "",
  "servicedesk-data@rijkswaterstaat.nl",
  "servicedesk-data@rijkswaterstaat.nl"
]

15:21:09.173 [ForkJoinPool-1-worker-9] INFO  com.intuit.karate - [print] organisation: [
  "Rijkswaterstaat",
  "stuurgroep AHN",
  "",
  "Rijkswaterstaat",
  "Rijkswaterstaat"
]

15:21:09.179 [ForkJoinPool-1-worker-9] INFO  com.intuit.karate - [print] [
  "https://www.nationaalgeoregister.nl/geonetwork/srv/dut/catalog.search#/metadata/7939fd42-cf88-42c5-ab3b-232cf232a3ac",
  "http://rdfdata.eionet.europa.eu/inspirethemes/themes/10",
  "urn:ogc:def:crs:EPSG::5709"
]

15:21:09.186 [ForkJoinPool-1-worker-9] INFO  com.intuit.karate - [print]
15:21:09.188 [ForkJoinPool-1-worker-9] INFO  com.intuit.karate - [print] testing xlinkurl:https://www.nationaalgeoregister.nl/geonetwork/srv/dut/catalog.search#/metadata/7939fd42-cf88-42c5-ab3b-232cf232a3ac
15:21:09.350 [ForkJoinPool-1-worker-5] INFO  com.intuit.karate - [print] title:Hydrografie - Netwerk (INSPIRE geharmoniseerd) - WT
15:21:09.351 [ForkJoinPool-1-worker-5] INFO  com.intuit.karate - [print] Hydrografie - Netwerk (INSPIRE geharmoniseerd) - WT
15:21:09.352 [ForkJoinPool-1-worker-5] INFO  com.intuit.karate - [print] [
  "servicedesk-data@rijkswaterstaat.nl",
  "servicedesk-data@rijkswaterstaat.nl",
  "",
  "servicedesk-data@rijkswaterstaat.nl",
  "info@wetransform.to"
]

15:21:09.354 [ForkJoinPool-1-worker-5] INFO  com.intuit.karate - [print] organisation: [
  "Rijkswaterstaat",
  "Rijkswaterstaat",
  "",
  "Rijkswaterstaat",
  "Wetransform"
]

15:21:09.365 [ForkJoinPool-1-worker-5] INFO  com.intuit.karate - [print] [
  "https://www.nationaalgeoregister.nl/geonetwork/srv/dut/catalog.search#/metadata/eu-f297898-2640-44c2-bbe9-c0480da83794",
  "http://rdfdata.eionet.europa.eu/inspirethemes/themes/8",
  "urn:ogc:def:crs:EPSG::5709"
]

15:21:09.369 [ForkJoinPool-1-worker-5] INFO  com.intuit.karate - [print]
15:21:09.370 [ForkJoinPool-1-worker-5] INFO  com.intuit.karate - [print] testing xlinkurl:https://www.nationaalgeoregister.nl/geonetwork/srv/dut/catalog.search#/metadata/eu-f297898-2640-44c2-bbe9-c0480da83794
15:21:09.375 [ForkJoinPool-1-worker-13] ERROR com.intuit.karate - assertion failed: path: $, actual: 404, expected: 200, reason: not equal (Integer)
15:21:09.375 [ForkJoinPool-1-worker-13] ERROR com.intuit.karate - feature call (loop) failed at index: 0
caller: classpath:InspireTest/ngr/datasetrecords/def/checkxlinkurl.template.feature
arg: {"link":"https://ngr.acceptatie.nationaalgeoregister.nl/geonetwork/srv/resources34e95842-4e4e-46de-9198-79e8cd4d30dc"}
checkxlinkurl.template.feature:22 - path: $, actual: 404, expected: 200, reason: not equal (Integer)
15:21:09.390 [ForkJoinPool-1-worker-3] ERROR com.intuit.karate - assertion failed: path: $, actual: 404, expected: 200, reason: not equal (Integer)
15:21:09.390 [ForkJoinPool-1-worker-3] ERROR com.intuit.karate - feature call (loop) failed at index: 0
caller: classpath:InspireTest/ngr/datasetrecords/def/checkxlinkurl.template.feature
arg: {"link":"https://monumentenregister.cultureelerfgoed.nl/sites/default/files/MRS/mrs-inspire.zip"}
checkxlinkurl.template.feature:22 - path: $, actual: 404, expected: 200, reason: not equal (Integer)
15:21:09.399 [ForkJoinPool-1-worker-7] INFO  com.intuit.karate - [print]
15:21:09.399 [ForkJoinPool-1-worker-7] INFO  com.intuit.karate - [print] testing xlinkurl:http://rdfdata.eionet.europa.eu/inspirethemes/themes/10
15:21:09.460 [ForkJoinPool-1-worker-11] INFO  com.intuit.karate - [print] title:Geluidbelasting rijkswegen in Nederland 2011 (24-uurs gemiddelde)
15:21:09.461 [ForkJoinPool-1-worker-11] INFO  com.intuit.karate - [print] Geluidbelasting rijkswegen in Nederland 2011 (24-uurs gemiddelde)
15:21:09.462 [ForkJoinPool-1-worker-11] INFO  com.intuit.karate - [print] [
  "servicedesk-data@rijkswaterstaat.nl",
  "servicedesk-data@rijkswaterstaat.nl",
  "",
  "servicedesk-data@rijkswaterstaat.nl",
  "servicedesk-data@rijkswaterstaat.nl"
]

15:21:09.465 [ForkJoinPool-1-worker-11] INFO  com.intuit.karate - [print] organisation: [
  "Rijkswaterstaat",
  "Rijkswaterstaat",
  "",
  "Rijkswaterstaat",
  "Rijkswaterstaat"
]

15:21:09.470 [ForkJoinPool-1-worker-11] INFO  com.intuit.karate - [print] [
  "https://www.nationaalgeoregister.nl/geonetwork/srv/dut/catalog.search#/metadata/8de2f5eb-b09f-4f6d-8397-8878a1b86238",
  "http://rdfdata.eionet.europa.eu/inspirethemes/themes/18",
  "http://inspire.ec.europa.eu/metadata-codelist/PriorityDataset#",
  "https://ngr.geocat.live/geonetwork/srv/eng/thesaurus.download?ref=external.theme.httpinspireeceuropaeumetadatacodelistPrioritydataset-Prioritydataset",
  "urn:ogc:def:crs:EPSG::5709"
]

15:21:09.476 [ForkJoinPool-1-worker-11] INFO  com.intuit.karate - [print]
15:21:09.477 [ForkJoinPool-1-worker-11] INFO  com.intuit.karate - [print] testing xlinkurl:https://www.nationaalgeoregister.nl/geonetwork/srv/dut/catalog.search#/metadata/8de2f5eb-b09f-4f6d-8397-8878a1b86238
15:21:09.505 [ForkJoinPool-1-worker-9] INFO  com.intuit.karate - [print]
15:21:09.505 [ForkJoinPool-1-worker-9] INFO  com.intuit.karate - [print] testing xlinkurl:http://rdfdata.eionet.europa.eu/inspirethemes/themes/10
15:21:09.707 [ForkJoinPool-1-worker-5] INFO  com.intuit.karate - [print]
15:21:09.707 [ForkJoinPool-1-worker-5] INFO  com.intuit.karate - [print] testing xlinkurl:http://rdfdata.eionet.europa.eu/inspirethemes/themes/8
15:21:09.984 [ForkJoinPool-1-worker-11] INFO  com.intuit.karate - [print]
15:21:09.985 [ForkJoinPool-1-worker-11] INFO  com.intuit.karate - [print] testing xlinkurl:http://rdfdata.eionet.europa.eu/inspirethemes/themes/18
15:21:10.094 [ForkJoinPool-1-worker-5] ERROR com.intuit.karate - assertion failed: path: $, actual: 404, expected: 200, reason: not equal (Integer)
15:21:10.094 [ForkJoinPool-1-worker-5] ERROR com.intuit.karate - feature call (loop) failed at index: 1
caller: classpath:InspireTest/ngr/datasetrecords/def/checkxlinkurl.template.feature
arg: {"link":"http://rdfdata.eionet.europa.eu/inspirethemes/themes/8"}
checkxlinkurl.template.feature:22 - path: $, actual: 404, expected: 200, reason: not equal (Integer)
15:21:10.094 [ForkJoinPool-1-worker-9] ERROR com.intuit.karate - assertion failed: path: $, actual: 404, expected: 200, reason: not equal (Integer)
15:21:10.094 [ForkJoinPool-1-worker-9] ERROR com.intuit.karate - feature call (loop) failed at index: 1
caller: classpath:InspireTest/ngr/datasetrecords/def/checkxlinkurl.template.feature
arg: {"link":"http://rdfdata.eionet.europa.eu/inspirethemes/themes/10"}
checkxlinkurl.template.feature:22 - path: $, actual: 404, expected: 200, reason: not equal (Integer)
15:21:10.095 [ForkJoinPool-1-worker-5] INFO  com.intuit.karate - [print]
15:21:10.095 [ForkJoinPool-1-worker-9] INFO  com.intuit.karate - [print]
15:21:10.095 [ForkJoinPool-1-worker-5] INFO  com.intuit.karate - [print] testing xlinkurl:urn:ogc:def:crs:EPSG::5709
15:21:10.095 [ForkJoinPool-1-worker-9] INFO  com.intuit.karate - [print] testing xlinkurl:urn:ogc:def:crs:EPSG::5709
15:21:10.096 [ForkJoinPool-1-worker-7] ERROR com.intuit.karate - assertion failed: path: $, actual: 404, expected: 200, reason: not equal (Integer)
15:21:10.096 [ForkJoinPool-1-worker-5] ERROR com.intuit.karate - org.apache.http.client.ClientProtocolException: URI does not specify a valid host name: urn:ogc:def:crs:EPSG::5709, http call failed after 0 milliseconds for URL: urn:ogc:def:crs:EPSG::5709
15:21:10.096 [ForkJoinPool-1-worker-7] ERROR com.intuit.karate - feature call (loop) failed at index: 1
caller: classpath:InspireTest/ngr/datasetrecords/def/checkxlinkurl.template.feature
arg: {"link":"http://rdfdata.eionet.europa.eu/inspirethemes/themes/10"}
checkxlinkurl.template.feature:22 - path: $, actual: 404, expected: 200, reason: not equal (Integer)
15:21:10.096 [ForkJoinPool-1-worker-5] ERROR com.intuit.karate - http request failed: 
org.apache.http.client.ClientProtocolException: URI does not specify a valid host name: urn:ogc:def:crs:EPSG::5709
15:21:10.096 [ForkJoinPool-1-worker-5] ERROR com.intuit.karate - feature call (loop) failed at index: 2
caller: classpath:InspireTest/ngr/datasetrecords/def/checkxlinkurl.template.feature
arg: {"link":"urn:ogc:def:crs:EPSG::5709"}
checkxlinkurl.template.feature:14 - 
org.apache.http.client.ClientProtocolException: URI does not specify a valid host name: urn:ogc:def:crs:EPSG::5709
15:21:10.096 [ForkJoinPool-1-worker-7] INFO  com.intuit.karate - [print]
15:21:10.097 [ForkJoinPool-1-worker-9] ERROR com.intuit.karate - org.apache.http.client.ClientProtocolException: URI does not specify a valid host name: urn:ogc:def:crs:EPSG::5709, http call failed after 0 milliseconds for URL: urn:ogc:def:crs:EPSG::5709
15:21:10.097 [ForkJoinPool-1-worker-9] ERROR com.intuit.karate - http request failed: 
org.apache.http.client.ClientProtocolException: URI does not specify a valid host name: urn:ogc:def:crs:EPSG::5709
15:21:10.097 [ForkJoinPool-1-worker-9] ERROR com.intuit.karate - feature call (loop) failed at index: 2
caller: classpath:InspireTest/ngr/datasetrecords/def/checkxlinkurl.template.feature
arg: {"link":"urn:ogc:def:crs:EPSG::5709"}
checkxlinkurl.template.feature:14 - 
org.apache.http.client.ClientProtocolException: URI does not specify a valid host name: urn:ogc:def:crs:EPSG::5709
15:21:10.100 [ForkJoinPool-1-worker-7] INFO  com.intuit.karate - [print] testing xlinkurl:urn:ogc:def:crs:EPSG::5709
15:21:10.100 [ForkJoinPool-1-worker-7] ERROR com.intuit.karate - org.apache.http.client.ClientProtocolException: URI does not specify a valid host name: urn:ogc:def:crs:EPSG::5709, http call failed after 0 milliseconds for URL: urn:ogc:def:crs:EPSG::5709
15:21:10.100 [ForkJoinPool-1-worker-7] ERROR com.intuit.karate - http request failed: 
org.apache.http.client.ClientProtocolException: URI does not specify a valid host name: urn:ogc:def:crs:EPSG::5709
15:21:10.101 [ForkJoinPool-1-worker-7] ERROR com.intuit.karate - feature call (loop) failed at index: 2
caller: classpath:InspireTest/ngr/datasetrecords/def/checkxlinkurl.template.feature
arg: {"link":"urn:ogc:def:crs:EPSG::5709"}
checkxlinkurl.template.feature:14 - 
org.apache.http.client.ClientProtocolException: URI does not specify a valid host name: urn:ogc:def:crs:EPSG::5709
15:21:10.171 [ForkJoinPool-1-worker-3] INFO  com.intuit.karate - [print] title:Geluidbelasting rijkswegen in Nederland 2011 (nacht gemiddelde)
15:21:10.171 [ForkJoinPool-1-worker-3] INFO  com.intuit.karate - [print] Geluidbelasting rijkswegen in Nederland 2011 (nacht gemiddelde)
15:21:10.172 [ForkJoinPool-1-worker-3] INFO  com.intuit.karate - [print] [
  "servicedesk-data@rijkswaterstaat.nl",
  "servicedesk-data@rijkswaterstaat.nl",
  "",
  "servicedesk-data@rijkswaterstaat.nl",
  "servicedesk-data@rijkswaterstaat.nl"
]

15:21:10.177 [ForkJoinPool-1-worker-3] INFO  com.intuit.karate - [print] organisation: [
  "Rijkswaterstaat",
  "Rijkswaterstaat",
  "",
  "Rijkswaterstaat",
  "Rijkswaterstaat"
]

15:21:10.182 [ForkJoinPool-1-worker-3] INFO  com.intuit.karate - [print] [
  "https://www.nationaalgeoregister.nl/geonetwork/srv/dut/catalog.search#/metadata/50eef6be-619d-4e16-9b92-48971109b636",
  "http://rdfdata.eionet.europa.eu/inspirethemes/themes/18",
  "http://inspire.ec.europa.eu/metadata-codelist/PriorityDataset/MajorRoadsNoiseExposureDelineationNight-dir-2002-49",
  "http://inspire.ec.europa.eu/metadata-codelist/PriorityDataset#",
  "https://ngr.geocat.live/geonetwork/srv/eng/thesaurus.download?ref=external.theme.httpinspireeceuropaeumetadatacodelistPrioritydataset-Prioritydataset",
  "urn:ogc:def:crs:EPSG::5709"
]

15:21:10.189 [ForkJoinPool-1-worker-3] INFO  com.intuit.karate - [print]
15:21:10.189 [ForkJoinPool-1-worker-3] INFO  com.intuit.karate - [print] testing xlinkurl:https://www.nationaalgeoregister.nl/geonetwork/srv/dut/catalog.search#/metadata/50eef6be-619d-4e16-9b92-48971109b636
15:21:10.198 [ForkJoinPool-1-worker-11] ERROR com.intuit.karate - assertion failed: path: $, actual: 404, expected: 200, reason: not equal (Integer)
15:21:10.198 [ForkJoinPool-1-worker-11] ERROR com.intuit.karate - feature call (loop) failed at index: 1
caller: classpath:InspireTest/ngr/datasetrecords/def/checkxlinkurl.template.feature
arg: {"link":"http://rdfdata.eionet.europa.eu/inspirethemes/themes/18"}
checkxlinkurl.template.feature:22 - path: $, actual: 404, expected: 200, reason: not equal (Integer)
15:21:10.199 [ForkJoinPool-1-worker-11] INFO  com.intuit.karate - [print]
15:21:10.199 [ForkJoinPool-1-worker-11] INFO  com.intuit.karate - [print] testing xlinkurl:http://inspire.ec.europa.eu/metadata-codelist/PriorityDataset#
15:21:10.203 [ForkJoinPool-1-worker-13] INFO  com.intuit.karate - [print] title:Kaderrichtlijn Water - Register Beschermd Gebied - Schelpdierwater 2008
15:21:10.204 [ForkJoinPool-1-worker-13] INFO  com.intuit.karate - [print] Kaderrichtlijn Water - Register Beschermd Gebied - Schelpdierwater 2008
15:21:10.205 [ForkJoinPool-1-worker-13] INFO  com.intuit.karate - [print] [
  "servicedesk-data@rijkswaterstaat.nl",
  "servicedesk-data@rijkswaterstaat.nl",
  "",
  "servicedesk-data@rijkswaterstaat.nl",
  "servicedesk-data@rijkswaterstaat.nl"
]

15:21:10.208 [ForkJoinPool-1-worker-13] INFO  com.intuit.karate - [print] organisation: [
  "Rijkswaterstaat",
  "Rijkswaterstaat",
  "",
  "Rijkswaterstaat",
  "Rijkswaterstaat"
]

15:21:10.217 [ForkJoinPool-1-worker-13] INFO  com.intuit.karate - [print] [
  "https://www.nationaalgeoregister.nl/geonetwork/srv/dut/catalog.search#/metadata/4783ea4f-6b8c-4600-8af0-516f3556cfe9",
  "http://rdfdata.eionet.europa.eu/inspirethemes/themes/24",
  "",
  "",
  "",
  "urn:ogc:def:crs:EPSG::5709"
]

15:21:10.228 [ForkJoinPool-1-worker-13] INFO  com.intuit.karate - [print]
15:21:10.228 [ForkJoinPool-1-worker-13] INFO  com.intuit.karate - [print] testing xlinkurl:https://www.nationaalgeoregister.nl/geonetwork/srv/dut/catalog.search#/metadata/4783ea4f-6b8c-4600-8af0-516f3556cfe9
15:21:10.644 [ForkJoinPool-1-worker-3] INFO  com.intuit.karate - [print]
15:21:10.645 [ForkJoinPool-1-worker-3] INFO  com.intuit.karate - [print] testing xlinkurl:http://rdfdata.eionet.europa.eu/inspirethemes/themes/18
15:21:10.682 [ForkJoinPool-1-worker-13] INFO  com.intuit.karate - [print]
15:21:10.683 [ForkJoinPool-1-worker-13] INFO  com.intuit.karate - [print] testing xlinkurl:http://rdfdata.eionet.europa.eu/inspirethemes/themes/24
15:21:10.809 [ForkJoinPool-1-worker-5] INFO  com.intuit.karate - [print] title:Kaderrichtlijn Mariene Strategie - Bevroren monitoringsdata
15:21:10.810 [ForkJoinPool-1-worker-5] INFO  com.intuit.karate - [print] Kaderrichtlijn Mariene Strategie - Bevroren monitoringsdata
15:21:10.811 [ForkJoinPool-1-worker-5] INFO  com.intuit.karate - [print] [
  "servicedesk-data@rijkswaterstaat.nl",
  "servicedesk-data@rijkswaterstaat.nl",
  "",
  "servicedesk-data@rijkswaterstaat.nl",
  "servicedesk-data@rijkswaterstaat.nl"
]

15:21:10.813 [ForkJoinPool-1-worker-5] INFO  com.intuit.karate - [print] organisation: [
  "Rijkswaterstaat",
  "Rijkswaterstaat",
  "",
  "Rijkswaterstaat",
  "Rijkswaterstaat"
]

15:21:10.818 [ForkJoinPool-1-worker-5] INFO  com.intuit.karate - [print] [
  "https://www.nationaalgeoregister.nl/geonetwork/srv/dut/catalog.search#/metadata/tbjk534p-wubf-crbp-cj25-d4161160gfim",
  "http://rdfdata.eionet.europa.eu/inspirethemes/themes/28",
  "http://inspire.ec.europa.eu/metadata-codelist/PriorityDataset#",
  "https://ngr.geocat.live/geonetwork/srv/eng/thesaurus.download?ref=external.theme.httpinspireeceuropaeumetadatacodelistPrioritydataset-Prioritydataset"
]

15:21:10.822 [ForkJoinPool-1-worker-5] INFO  com.intuit.karate - [print]
15:21:10.823 [ForkJoinPool-1-worker-5] INFO  com.intuit.karate - [print] testing xlinkurl:https://www.nationaalgeoregister.nl/geonetwork/srv/dut/catalog.search#/metadata/tbjk534p-wubf-crbp-cj25-d4161160gfim
15:21:10.838 [ForkJoinPool-1-worker-7] INFO  com.intuit.karate - [print] title:Vogelrichtlijn verspreidingsgebied van soorten
15:21:10.839 [ForkJoinPool-1-worker-7] INFO  com.intuit.karate - [print] Vogelrichtlijn verspreidingsgebied van soorten
15:21:10.840 [ForkJoinPool-1-worker-7] INFO  com.intuit.karate - [print] [
  "geodatabeheer.giscc@rvo.nl",
  "GeoDesk.CGI@wur.nl",
  "geodatabeheer.giscc@rvo.nl",
  "beheerPDOK@kadaster.nl",
  ""
]

15:21:10.841 [ForkJoinPool-1-worker-7] INFO  com.intuit.karate - [print] organisation: [
  "Ministerie van Economische Zaken - GIS Competence Center",
  "Wageningen Environmental Research (Alterra)",
  "PDOK",
  "Sovon Vogelonderzoek Nederland"
]

15:21:10.845 [ForkJoinPool-1-worker-7] INFO  com.intuit.karate - [print] [
  "https://www.nationaalgeoregister.nl/geonetwork/srv/dut/catalog.search#/metadata/cbeaebc3-815a-48af-a978-0e16892865fc"
]

15:21:10.849 [ForkJoinPool-1-worker-3] ERROR com.intuit.karate - assertion failed: path: $, actual: 404, expected: 200, reason: not equal (Integer)
15:21:10.850 [ForkJoinPool-1-worker-3] ERROR com.intuit.karate - feature call (loop) failed at index: 1
caller: classpath:InspireTest/ngr/datasetrecords/def/checkxlinkurl.template.feature
arg: {"link":"http://rdfdata.eionet.europa.eu/inspirethemes/themes/18"}
checkxlinkurl.template.feature:22 - path: $, actual: 404, expected: 200, reason: not equal (Integer)
15:21:10.851 [ForkJoinPool-1-worker-3] INFO  com.intuit.karate - [print]
15:21:10.851 [ForkJoinPool-1-worker-3] INFO  com.intuit.karate - [print] testing xlinkurl:http://inspire.ec.europa.eu/metadata-codelist/PriorityDataset/MajorRoadsNoiseExposureDelineationNight-dir-2002-49
15:21:10.858 [ForkJoinPool-1-worker-7] INFO  com.intuit.karate - [print]
15:21:10.858 [ForkJoinPool-1-worker-7] INFO  com.intuit.karate - [print] testing xlinkurl:https://www.nationaalgeoregister.nl/geonetwork/srv/dut/catalog.search#/metadata/cbeaebc3-815a-48af-a978-0e16892865fc
15:21:10.870 [ForkJoinPool-1-worker-9] INFO  com.intuit.karate - [print] title:Waterstanden en afvoeren actueel - Rijkswaterstaat
15:21:10.870 [ForkJoinPool-1-worker-9] INFO  com.intuit.karate - [print] Waterstanden en afvoeren actueel - Rijkswaterstaat
15:21:10.871 [ForkJoinPool-1-worker-9] INFO  com.intuit.karate - [print] [
  "servicedesk-data@rijkswaterstaat.nl",
  "servicedesk-data@rijkswaterstaat.nl",
  "",
  "servicedesk-data@rijkswaterstaat.nl",
  "servicedesk-data@rijkswaterstaat.nl"
]

15:21:10.873 [ForkJoinPool-1-worker-9] INFO  com.intuit.karate - [print] organisation: [
  "Rijkswaterstaat",
  "Rijkswaterstaat",
  "",
  "Rijkswaterstaat",
  "Rijkswaterstaat"
]

15:21:10.877 [ForkJoinPool-1-worker-9] INFO  com.intuit.karate - [print] [
  "https://www.nationaalgeoregister.nl/geonetwork/srv/dut/catalog.search#/metadata/cf69ec50-9849-4afd-853c-ee56211d336d",
  "http://rdfdata.eionet.europa.eu/inspirethemes/themes/20",
  "http://rdfdata.eionet.europa.eu/inspirethemes/themes/28",
  "urn:ogc:def:crs:EPSG::5709"
]

15:21:10.885 [ForkJoinPool-1-worker-9] INFO  com.intuit.karate - [print]
15:21:10.886 [ForkJoinPool-1-worker-9] INFO  com.intuit.karate - [print] testing xlinkurl:https://www.nationaalgeoregister.nl/geonetwork/srv/dut/catalog.search#/metadata/cf69ec50-9849-4afd-853c-ee56211d336d
15:21:10.907 [ForkJoinPool-1-worker-13] ERROR com.intuit.karate - assertion failed: path: $, actual: 404, expected: 200, reason: not equal (Integer)
15:21:10.907 [ForkJoinPool-1-worker-13] ERROR com.intuit.karate - feature call (loop) failed at index: 1
caller: classpath:InspireTest/ngr/datasetrecords/def/checkxlinkurl.template.feature
arg: {"link":"http://rdfdata.eionet.europa.eu/inspirethemes/themes/24"}
checkxlinkurl.template.feature:22 - path: $, actual: 404, expected: 200, reason: not equal (Integer)
15:21:10.908 [ForkJoinPool-1-worker-13] INFO  com.intuit.karate - [print]
15:21:10.908 [ForkJoinPool-1-worker-13] INFO  com.intuit.karate - [print] testing xlinkurl:
15:21:10.909 [ForkJoinPool-1-worker-13] ERROR com.intuit.karate - org.apache.http.client.ClientProtocolException, http call failed after 0 milliseconds for URL: 
15:21:10.910 [ForkJoinPool-1-worker-13] ERROR com.intuit.karate - http request failed: 
org.apache.http.client.ClientProtocolException
15:21:10.910 [ForkJoinPool-1-worker-13] ERROR com.intuit.karate - feature call (loop) failed at index: 2
caller: classpath:InspireTest/ngr/datasetrecords/def/checkxlinkurl.template.feature
arg: {"link":""}
checkxlinkurl.template.feature:14 - 
org.apache.http.client.ClientProtocolException
15:21:10.911 [ForkJoinPool-1-worker-13] INFO  com.intuit.karate - [print]
15:21:10.913 [ForkJoinPool-1-worker-13] INFO  com.intuit.karate - [print] testing xlinkurl:
15:21:10.914 [ForkJoinPool-1-worker-13] ERROR com.intuit.karate - org.apache.http.client.ClientProtocolException, http call failed after 0 milliseconds for URL: 
15:21:10.914 [ForkJoinPool-1-worker-13] ERROR com.intuit.karate - http request failed: 
org.apache.http.client.ClientProtocolException
15:21:10.914 [ForkJoinPool-1-worker-13] ERROR com.intuit.karate - feature call (loop) failed at index: 3
caller: classpath:InspireTest/ngr/datasetrecords/def/checkxlinkurl.template.feature
arg: {"link":""}
checkxlinkurl.template.feature:14 - 
org.apache.http.client.ClientProtocolException
15:21:10.915 [ForkJoinPool-1-worker-13] INFO  com.intuit.karate - [print]
15:21:10.915 [ForkJoinPool-1-worker-13] INFO  com.intuit.karate - [print] testing xlinkurl:
15:21:10.915 [ForkJoinPool-1-worker-13] ERROR com.intuit.karate - org.apache.http.client.ClientProtocolException, http call failed after 0 milliseconds for URL: 
15:21:10.915 [ForkJoinPool-1-worker-13] ERROR com.intuit.karate - http request failed: 
org.apache.http.client.ClientProtocolException
15:21:10.915 [ForkJoinPool-1-worker-13] ERROR com.intuit.karate - feature call (loop) failed at index: 4
caller: classpath:InspireTest/ngr/datasetrecords/def/checkxlinkurl.template.feature
arg: {"link":""}
checkxlinkurl.template.feature:14 - 
org.apache.http.client.ClientProtocolException
15:21:10.916 [ForkJoinPool-1-worker-13] INFO  com.intuit.karate - [print]
15:21:10.916 [ForkJoinPool-1-worker-13] INFO  com.intuit.karate - [print] testing xlinkurl:urn:ogc:def:crs:EPSG::5709
15:21:10.916 [ForkJoinPool-1-worker-13] ERROR com.intuit.karate - org.apache.http.client.ClientProtocolException: URI does not specify a valid host name: urn:ogc:def:crs:EPSG::5709, http call failed after 0 milliseconds for URL: urn:ogc:def:crs:EPSG::5709
15:21:10.919 [ForkJoinPool-1-worker-13] ERROR com.intuit.karate - http request failed: 
org.apache.http.client.ClientProtocolException: URI does not specify a valid host name: urn:ogc:def:crs:EPSG::5709
15:21:10.919 [ForkJoinPool-1-worker-13] ERROR com.intuit.karate - feature call (loop) failed at index: 5
caller: classpath:InspireTest/ngr/datasetrecords/def/checkxlinkurl.template.feature
arg: {"link":"urn:ogc:def:crs:EPSG::5709"}
checkxlinkurl.template.feature:14 - 
org.apache.http.client.ClientProtocolException: URI does not specify a valid host name: urn:ogc:def:crs:EPSG::5709
15:21:11.149 [ForkJoinPool-1-worker-5] INFO  com.intuit.karate - [print]
15:21:11.150 [ForkJoinPool-1-worker-5] INFO  com.intuit.karate - [print] testing xlinkurl:http://rdfdata.eionet.europa.eu/inspirethemes/themes/28
15:21:11.201 [ForkJoinPool-1-worker-9] INFO  com.intuit.karate - [print]
15:21:11.201 [ForkJoinPool-1-worker-9] INFO  com.intuit.karate - [print] testing xlinkurl:http://rdfdata.eionet.europa.eu/inspirethemes/themes/20
15:21:11.326 [ForkJoinPool-1-worker-11] INFO  com.intuit.karate - [print]
15:21:11.327 [ForkJoinPool-1-worker-11] INFO  com.intuit.karate - [print] testing xlinkurl:https://ngr.geocat.live/geonetwork/srv/eng/thesaurus.download?ref=external.theme.httpinspireeceuropaeumetadatacodelistPrioritydataset-Prioritydataset
15:21:11.352 [ForkJoinPool-1-worker-5] ERROR com.intuit.karate - assertion failed: path: $, actual: 404, expected: 200, reason: not equal (Integer)
15:21:11.353 [ForkJoinPool-1-worker-5] ERROR com.intuit.karate - feature call (loop) failed at index: 1
caller: classpath:InspireTest/ngr/datasetrecords/def/checkxlinkurl.template.feature
arg: {"link":"http://rdfdata.eionet.europa.eu/inspirethemes/themes/28"}
checkxlinkurl.template.feature:22 - path: $, actual: 404, expected: 200, reason: not equal (Integer)
15:21:11.354 [ForkJoinPool-1-worker-5] INFO  com.intuit.karate - [print]
15:21:11.354 [ForkJoinPool-1-worker-5] INFO  com.intuit.karate - [print] testing xlinkurl:http://inspire.ec.europa.eu/metadata-codelist/PriorityDataset#
15:21:11.406 [ForkJoinPool-1-worker-9] ERROR com.intuit.karate - assertion failed: path: $, actual: 404, expected: 200, reason: not equal (Integer)
15:21:11.406 [ForkJoinPool-1-worker-9] ERROR com.intuit.karate - feature call (loop) failed at index: 1
caller: classpath:InspireTest/ngr/datasetrecords/def/checkxlinkurl.template.feature
arg: {"link":"http://rdfdata.eionet.europa.eu/inspirethemes/themes/20"}
checkxlinkurl.template.feature:22 - path: $, actual: 404, expected: 200, reason: not equal (Integer)
15:21:11.407 [ForkJoinPool-1-worker-9] INFO  com.intuit.karate - [print]
15:21:11.408 [ForkJoinPool-1-worker-9] INFO  com.intuit.karate - [print] testing xlinkurl:http://rdfdata.eionet.europa.eu/inspirethemes/themes/28
15:21:11.520 [ForkJoinPool-1-worker-13] INFO  com.intuit.karate - [print] title:Vogelrichtlijn verspreiding van soorten
15:21:11.521 [ForkJoinPool-1-worker-13] INFO  com.intuit.karate - [print] Vogelrichtlijn verspreiding van soorten
15:21:11.523 [ForkJoinPool-1-worker-13] INFO  com.intuit.karate - [print] [
  "geodatabeheer.giscc@rvo.nl",
  "GeoDesk.CGI@wur.nl",
  "geodatabeheer.giscc@rvo.nl",
  "beheerPDOK@kadaster.nl",
  ""
]

15:21:11.524 [ForkJoinPool-1-worker-13] INFO  com.intuit.karate - [print] organisation: [
  "Ministerie van Economische Zaken - GIS Competence Center",
  "Wageningen Environmental Research (Alterra)",
  "PDOK",
  "Sovon Vogelonderzoek Nederland"
]

15:21:11.529 [ForkJoinPool-1-worker-13] INFO  com.intuit.karate - [print] [
  "https://www.nationaalgeoregister.nl/geonetwork/srv/dut/catalog.search#/metadata/fcefa13c-44e2-4953-b6d6-1ddceebc57fc"
]

15:21:11.533 [ForkJoinPool-1-worker-13] INFO  com.intuit.karate - [print]
15:21:11.534 [ForkJoinPool-1-worker-13] INFO  com.intuit.karate - [print] testing xlinkurl:https://www.nationaalgeoregister.nl/geonetwork/srv/dut/catalog.search#/metadata/fcefa13c-44e2-4953-b6d6-1ddceebc57fc
15:21:11.614 [ForkJoinPool-1-worker-9] ERROR com.intuit.karate - assertion failed: path: $, actual: 404, expected: 200, reason: not equal (Integer)
15:21:11.614 [ForkJoinPool-1-worker-9] ERROR com.intuit.karate - feature call (loop) failed at index: 2
caller: classpath:InspireTest/ngr/datasetrecords/def/checkxlinkurl.template.feature
arg: {"link":"http://rdfdata.eionet.europa.eu/inspirethemes/themes/28"}
checkxlinkurl.template.feature:22 - path: $, actual: 404, expected: 200, reason: not equal (Integer)
15:21:11.615 [ForkJoinPool-1-worker-9] INFO  com.intuit.karate - [print]
15:21:11.615 [ForkJoinPool-1-worker-9] INFO  com.intuit.karate - [print] testing xlinkurl:urn:ogc:def:crs:EPSG::5709
15:21:11.616 [ForkJoinPool-1-worker-9] ERROR com.intuit.karate - org.apache.http.client.ClientProtocolException: URI does not specify a valid host name: urn:ogc:def:crs:EPSG::5709, http call failed after 0 milliseconds for URL: urn:ogc:def:crs:EPSG::5709
15:21:11.616 [ForkJoinPool-1-worker-9] ERROR com.intuit.karate - http request failed: 
org.apache.http.client.ClientProtocolException: URI does not specify a valid host name: urn:ogc:def:crs:EPSG::5709
15:21:11.616 [ForkJoinPool-1-worker-9] ERROR com.intuit.karate - feature call (loop) failed at index: 3
caller: classpath:InspireTest/ngr/datasetrecords/def/checkxlinkurl.template.feature
arg: {"link":"urn:ogc:def:crs:EPSG::5709"}
checkxlinkurl.template.feature:14 - 
org.apache.http.client.ClientProtocolException: URI does not specify a valid host name: urn:ogc:def:crs:EPSG::5709
15:21:11.768 [ForkJoinPool-1-worker-11] ERROR com.intuit.karate - assertion failed: path: $, actual: 500, expected: 200, reason: not equal (Integer)
15:21:11.769 [ForkJoinPool-1-worker-11] ERROR com.intuit.karate - feature call (loop) failed at index: 3
caller: classpath:InspireTest/ngr/datasetrecords/def/checkxlinkurl.template.feature
arg: {"link":"https://ngr.geocat.live/geonetwork/srv/eng/thesaurus.download?ref=external.theme.httpinspireeceuropaeumetadatacodelistPrioritydataset-Prioritydataset"}
checkxlinkurl.template.feature:22 - path: $, actual: 500, expected: 200, reason: not equal (Integer)
15:21:11.770 [ForkJoinPool-1-worker-11] INFO  com.intuit.karate - [print]
15:21:11.770 [ForkJoinPool-1-worker-11] INFO  com.intuit.karate - [print] testing xlinkurl:urn:ogc:def:crs:EPSG::5709
15:21:11.770 [ForkJoinPool-1-worker-11] ERROR com.intuit.karate - org.apache.http.client.ClientProtocolException: URI does not specify a valid host name: urn:ogc:def:crs:EPSG::5709, http call failed after 0 milliseconds for URL: urn:ogc:def:crs:EPSG::5709
15:21:11.770 [ForkJoinPool-1-worker-11] ERROR com.intuit.karate - http request failed: 
org.apache.http.client.ClientProtocolException: URI does not specify a valid host name: urn:ogc:def:crs:EPSG::5709
15:21:11.770 [ForkJoinPool-1-worker-11] ERROR com.intuit.karate - feature call (loop) failed at index: 4
caller: classpath:InspireTest/ngr/datasetrecords/def/checkxlinkurl.template.feature
arg: {"link":"urn:ogc:def:crs:EPSG::5709"}
checkxlinkurl.template.feature:14 - 
org.apache.http.client.ClientProtocolException: URI does not specify a valid host name: urn:ogc:def:crs:EPSG::5709
15:21:11.852 [ForkJoinPool-1-worker-7] INFO  com.intuit.karate - [print] title:Bathymetrie Nederlands deel van de Noordzee dieper dan 10 m LAT
15:21:11.853 [ForkJoinPool-1-worker-7] INFO  com.intuit.karate - [print] Bathymetrie Nederlands deel van de Noordzee dieper dan 10 m LAT
15:21:11.854 [ForkJoinPool-1-worker-7] INFO  com.intuit.karate - [print] [
  "data@hydro.nl",
  "data@hydro.nl",
  "data@hydro.nl",
  "",
  ""
]

15:21:11.855 [ForkJoinPool-1-worker-7] INFO  com.intuit.karate - [print] organisation: [
  "Ministerie van Defensie, Koninklijke Marine, Dienst der Hydrografie",
  "Ministerie van Defensie, Koninklijke Marine, Dienst der Hydrografie"
]

15:21:11.861 [ForkJoinPool-1-worker-7] INFO  com.intuit.karate - [print] [
  "https://ngr.acceptatie.nationaalgeoregister.nl/geonetwork/srv/resources9d973c4a-ef03-4785-b7f6-942e86b385f7",
  "www.hydro.nl",
  "https://www.nationaalgeoregister.nl/geonetwork/srv/eng/thesaurus.download?ref=external.theme.inspire-theme"
]

15:21:11.871 [ForkJoinPool-1-worker-7] INFO  com.intuit.karate - [print]
15:21:11.872 [ForkJoinPool-1-worker-7] INFO  com.intuit.karate - [print] testing xlinkurl:https://ngr.acceptatie.nationaalgeoregister.nl/geonetwork/srv/resources9d973c4a-ef03-4785-b7f6-942e86b385f7
15:21:12.165 [ForkJoinPool-1-worker-7] ERROR com.intuit.karate - assertion failed: path: $, actual: 404, expected: 200, reason: not equal (Integer)
15:21:12.165 [ForkJoinPool-1-worker-7] ERROR com.intuit.karate - feature call (loop) failed at index: 0
caller: classpath:InspireTest/ngr/datasetrecords/def/checkxlinkurl.template.feature
arg: {"link":"https://ngr.acceptatie.nationaalgeoregister.nl/geonetwork/srv/resources9d973c4a-ef03-4785-b7f6-942e86b385f7"}
checkxlinkurl.template.feature:22 - path: $, actual: 404, expected: 200, reason: not equal (Integer)
15:21:12.167 [ForkJoinPool-1-worker-7] INFO  com.intuit.karate - [print]
15:21:12.167 [ForkJoinPool-1-worker-7] INFO  com.intuit.karate - [print] testing xlinkurl:www.hydro.nl
15:21:12.167 [ForkJoinPool-1-worker-7] ERROR com.intuit.karate - org.apache.http.client.ClientProtocolException, http call failed after 0 milliseconds for URL: www.hydro.nl
15:21:12.167 [ForkJoinPool-1-worker-7] ERROR com.intuit.karate - http request failed: 
org.apache.http.client.ClientProtocolException
15:21:12.167 [ForkJoinPool-1-worker-7] ERROR com.intuit.karate - feature call (loop) failed at index: 1
caller: classpath:InspireTest/ngr/datasetrecords/def/checkxlinkurl.template.feature
arg: {"link":"www.hydro.nl"}
checkxlinkurl.template.feature:14 - 
org.apache.http.client.ClientProtocolException
15:21:12.168 [ForkJoinPool-1-worker-7] INFO  com.intuit.karate - [print]
15:21:12.168 [ForkJoinPool-1-worker-7] INFO  com.intuit.karate - [print] testing xlinkurl:https://www.nationaalgeoregister.nl/geonetwork/srv/eng/thesaurus.download?ref=external.theme.inspire-theme
15:21:12.192 [ForkJoinPool-1-worker-9] INFO  com.intuit.karate - [print] title:Blokindeling Nederlands Continentaal Plat
15:21:12.192 [ForkJoinPool-1-worker-9] INFO  com.intuit.karate - [print] Blokindeling Nederlands Continentaal Plat
15:21:12.194 [ForkJoinPool-1-worker-9] INFO  com.intuit.karate - [print] [
  "data@hydro.nl",
  "data@hydro.nl",
  "data@hydro.nl"
]

15:21:12.195 [ForkJoinPool-1-worker-9] INFO  com.intuit.karate - [print] organisation: [
  "Ministerie van Defensie, Koninklijke Marine, Dienst der Hydrografie",
  "Ministerie van Defensie, Koninklijke Marine, Dienst der Hydrografie",
  "Ministerie van Defensie, Koninklijke Marine, Dienst der Hydrografie"
]

15:21:12.201 [ForkJoinPool-1-worker-9] INFO  com.intuit.karate - [print] [
  "http://www.opengis.net/def/crs/EPSG/0/https://www.opengis.net/def/crs/EPSG/0/4258",
  "https://www.nationaalgeoregister.nl/geonetwork/srv/api/recordsc2225e5d-b46f-4e38-8445-ab10fd40c0dc"
]

15:21:12.213 [ForkJoinPool-1-worker-9] INFO  com.intuit.karate - [print]
15:21:12.213 [ForkJoinPool-1-worker-9] INFO  com.intuit.karate - [print] testing xlinkurl:http://www.opengis.net/def/crs/EPSG/0/https://www.opengis.net/def/crs/EPSG/0/4258
15:21:12.336 [ForkJoinPool-1-worker-11] INFO  com.intuit.karate - [print] title:Vaarwegmarkeringen Nederland
15:21:12.337 [ForkJoinPool-1-worker-11] INFO  com.intuit.karate - [print] Vaarwegmarkeringen Nederland
15:21:12.338 [ForkJoinPool-1-worker-11] INFO  com.intuit.karate - [print] [
  "servicedesk-data@rijkswaterstaat.nl",
  "servicedesk-data@rijkswaterstaat.nl",
  "",
  "servicedesk-data@rijkswaterstaat.nl",
  "servicedesk-data@rijkswaterstaat.nl"
]

15:21:12.340 [ForkJoinPool-1-worker-11] INFO  com.intuit.karate - [print] organisation: [
  "Rijkswaterstaat",
  "Rijkswaterstaat",
  "",
  "Rijkswaterstaat",
  "Rijkswaterstaat"
]

15:21:12.344 [ForkJoinPool-1-worker-11] INFO  com.intuit.karate - [print] [
  "https://www.nationaalgeoregister.nl/geonetwork/srv/dut/catalog.search#/metadata/be1b1514-8d1f-48e1-9624-fee9b784138b",
  "http://rdfdata.eionet.europa.eu/inspirethemes/themes/7",
  "urn:ogc:def:crs:EPSG::5709"
]

15:21:12.349 [ForkJoinPool-1-worker-11] INFO  com.intuit.karate - [print]
15:21:12.349 [ForkJoinPool-1-worker-11] INFO  com.intuit.karate - [print] testing xlinkurl:https://www.nationaalgeoregister.nl/geonetwork/srv/dut/catalog.search#/metadata/be1b1514-8d1f-48e1-9624-fee9b784138b
15:21:12.457 [ForkJoinPool-1-worker-13] INFO  com.intuit.karate - [print] title:Geluidkaart hoofdspoornet 2011 (Lnight)
15:21:12.459 [ForkJoinPool-1-worker-13] INFO  com.intuit.karate - [print] Geluidkaart hoofdspoornet 2011 (Lnight)
15:21:12.460 [ForkJoinPool-1-worker-13] INFO  com.intuit.karate - [print] [
  "sylvia.koolmees@minienw.nl",
  "sylvia.koolmees@minienw.nl"
]

15:21:12.462 [ForkJoinPool-1-worker-13] INFO  com.intuit.karate - [print] organisation: [
  "Ministerie van IenW",
  "Ministerie van IenW"
]

15:21:12.474 [ForkJoinPool-1-worker-13] INFO  com.intuit.karate - [print] [
  "https://www.nationaalgeoregister.nl/geonetwork/srv/api/records3e57ce43-7707-43ed-a4b9-72b3a6d812f8"
]

15:21:12.481 [ForkJoinPool-1-worker-13] INFO  com.intuit.karate - [print]
15:21:12.482 [ForkJoinPool-1-worker-13] INFO  com.intuit.karate - [print] testing xlinkurl:https://www.nationaalgeoregister.nl/geonetwork/srv/api/records3e57ce43-7707-43ed-a4b9-72b3a6d812f8
15:21:12.488 [ForkJoinPool-1-worker-7] ERROR com.intuit.karate - assertion failed: path: $, actual: 500, expected: 200, reason: not equal (Integer)
15:21:12.488 [ForkJoinPool-1-worker-7] ERROR com.intuit.karate - feature call (loop) failed at index: 2
caller: classpath:InspireTest/ngr/datasetrecords/def/checkxlinkurl.template.feature
arg: {"link":"https://www.nationaalgeoregister.nl/geonetwork/srv/eng/thesaurus.download?ref=external.theme.inspire-theme"}
checkxlinkurl.template.feature:22 - path: $, actual: 500, expected: 200, reason: not equal (Integer)
15:21:12.565 [ForkJoinPool-1-worker-9] INFO  com.intuit.karate - [print]
15:21:12.565 [ForkJoinPool-1-worker-9] INFO  com.intuit.karate - [print] testing xlinkurl:https://www.nationaalgeoregister.nl/geonetwork/srv/api/recordsc2225e5d-b46f-4e38-8445-ab10fd40c0dc
15:21:12.693 [ForkJoinPool-1-worker-11] INFO  com.intuit.karate - [print]
15:21:12.694 [ForkJoinPool-1-worker-11] INFO  com.intuit.karate - [print] testing xlinkurl:http://rdfdata.eionet.europa.eu/inspirethemes/themes/7
15:21:12.896 [ForkJoinPool-1-worker-11] ERROR com.intuit.karate - assertion failed: path: $, actual: 404, expected: 200, reason: not equal (Integer)
15:21:12.896 [ForkJoinPool-1-worker-11] ERROR com.intuit.karate - feature call (loop) failed at index: 1
caller: classpath:InspireTest/ngr/datasetrecords/def/checkxlinkurl.template.feature
arg: {"link":"http://rdfdata.eionet.europa.eu/inspirethemes/themes/7"}
checkxlinkurl.template.feature:22 - path: $, actual: 404, expected: 200, reason: not equal (Integer)
15:21:12.898 [ForkJoinPool-1-worker-11] INFO  com.intuit.karate - [print]
15:21:12.899 [ForkJoinPool-1-worker-11] INFO  com.intuit.karate - [print] testing xlinkurl:urn:ogc:def:crs:EPSG::5709
15:21:12.899 [ForkJoinPool-1-worker-11] ERROR com.intuit.karate - org.apache.http.client.ClientProtocolException: URI does not specify a valid host name: urn:ogc:def:crs:EPSG::5709, http call failed after 0 milliseconds for URL: urn:ogc:def:crs:EPSG::5709
15:21:12.900 [ForkJoinPool-1-worker-11] ERROR com.intuit.karate - http request failed: 
org.apache.http.client.ClientProtocolException: URI does not specify a valid host name: urn:ogc:def:crs:EPSG::5709
15:21:12.900 [ForkJoinPool-1-worker-11] ERROR com.intuit.karate - feature call (loop) failed at index: 2
caller: classpath:InspireTest/ngr/datasetrecords/def/checkxlinkurl.template.feature
arg: {"link":"urn:ogc:def:crs:EPSG::5709"}
checkxlinkurl.template.feature:14 - 
org.apache.http.client.ClientProtocolException: URI does not specify a valid host name: urn:ogc:def:crs:EPSG::5709
15:21:12.948 [ForkJoinPool-1-worker-13] ERROR com.intuit.karate - assertion failed: path: $, actual: 500, expected: 200, reason: not equal (Integer)
15:21:12.948 [ForkJoinPool-1-worker-13] ERROR com.intuit.karate - feature call (loop) failed at index: 0
caller: classpath:InspireTest/ngr/datasetrecords/def/checkxlinkurl.template.feature
arg: {"link":"https://www.nationaalgeoregister.nl/geonetwork/srv/api/records3e57ce43-7707-43ed-a4b9-72b3a6d812f8"}
checkxlinkurl.template.feature:22 - path: $, actual: 500, expected: 200, reason: not equal (Integer)
15:21:12.994 [ForkJoinPool-1-worker-9] ERROR com.intuit.karate - assertion failed: path: $, actual: 500, expected: 200, reason: not equal (Integer)
15:21:12.995 [ForkJoinPool-1-worker-9] ERROR com.intuit.karate - feature call (loop) failed at index: 1
caller: classpath:InspireTest/ngr/datasetrecords/def/checkxlinkurl.template.feature
arg: {"link":"https://www.nationaalgeoregister.nl/geonetwork/srv/api/recordsc2225e5d-b46f-4e38-8445-ab10fd40c0dc"}
checkxlinkurl.template.feature:22 - path: $, actual: 500, expected: 200, reason: not equal (Integer)
15:21:13.221 [ForkJoinPool-1-worker-7] INFO  com.intuit.karate - [print] title:Human Health NL NUTS2
15:21:13.221 [ForkJoinPool-1-worker-7] INFO  com.intuit.karate - [print] Human Health NL NUTS2
15:21:13.223 [ForkJoinPool-1-worker-7] INFO  com.intuit.karate - [print] [
  "infoservice@cbs.nl",
  "infoservice@cbs.nl",
  "infoservice@cbs.nl",
  "",
  ""
]

15:21:13.224 [ForkJoinPool-1-worker-7] INFO  com.intuit.karate - [print] organisation: [
  "Statistics Netherlands",
  "Statistics Netherlands",
  "Statistics Netherlandds",
  "Statistics Netherlands"
]

15:21:13.230 [ForkJoinPool-1-worker-7] INFO  com.intuit.karate - [print] [
]

15:21:13.579 [ForkJoinPool-1-worker-11] INFO  com.intuit.karate - [print] title:Begrenzingen van vergunde ontgrondingsgebieden voor zand- en grindwinning
15:21:13.580 [ForkJoinPool-1-worker-11] INFO  com.intuit.karate - [print] Begrenzingen van vergunde ontgrondingsgebieden voor zand- en grindwinning
15:21:13.581 [ForkJoinPool-1-worker-11] INFO  com.intuit.karate - [print] [
  "inspire@gbo-provincies.nl",
  "inspire@gbo-provincies.nl",
  "inspire@gbo-provincies.nl"
]

15:21:13.582 [ForkJoinPool-1-worker-11] INFO  com.intuit.karate - [print] organisation: [
  "Interprovinciaal Overleg",
  "Interprovinciaal Overleg",
  "Interprovinciaal Overleg"
]

15:21:13.587 [ForkJoinPool-1-worker-11] INFO  com.intuit.karate - [print] [
  "http://www.opengis.net/def/crs/EPSG/0/http://www.opengis.net/def/crs/EPSG/0/3034",
  "http://nationaalgeoregister.nl/geonetwork/srv/dut/csw?SERVICE=CSW&version=2.0.2&REQUEST=GetRecordById&elementSetName=full&OutputSchema=http://www.isotc211.org/2005/gmd&ID=58e7dc38-a498-4852-b4ef-908f5baa9056",
  "https://creativecommons.org/publicdomain/mark/*/deed.nl",
  ""
]

15:21:13.591 [ForkJoinPool-1-worker-11] INFO  com.intuit.karate - [print]
15:21:13.591 [ForkJoinPool-1-worker-11] INFO  com.intuit.karate - [print] testing xlinkurl:http://www.opengis.net/def/crs/EPSG/0/http://www.opengis.net/def/crs/EPSG/0/3034
15:21:13.765 [ForkJoinPool-1-worker-9] INFO  com.intuit.karate - [print] title:Windsnelheden op 100m hoogte (m/s)
15:21:13.766 [ForkJoinPool-1-worker-9] INFO  com.intuit.karate - [print] Windsnelheden op 100m hoogte (m/s)
15:21:13.766 [ForkJoinPool-1-worker-9] INFO  com.intuit.karate - [print] [
  "geodatabeheer.giscc@rvo.nl",
  "geodatabeheer.giscc@rvo.nl",
  ""
]

15:21:13.768 [ForkJoinPool-1-worker-9] INFO  com.intuit.karate - [print] organisation: no organisationName found in dataset record
15:21:13.772 [ForkJoinPool-1-worker-9] INFO  com.intuit.karate - [print] [
  "https://nationaalgeoregister.nl/geonetwork/srv/dut/catalog.search#/metadata/d845cef6-0e23-4212-a951-b69763e39ef0"
]

15:21:13.777 [ForkJoinPool-1-worker-9] INFO  com.intuit.karate - [print]
15:21:13.778 [ForkJoinPool-1-worker-9] INFO  com.intuit.karate - [print] testing xlinkurl:https://nationaalgeoregister.nl/geonetwork/srv/dut/catalog.search#/metadata/d845cef6-0e23-4212-a951-b69763e39ef0
15:21:13.786 [ForkJoinPool-1-worker-13] INFO  com.intuit.karate - [print] title:Mosselzaadinvanginstallaties
15:21:13.787 [ForkJoinPool-1-worker-13] INFO  com.intuit.karate - [print] Mosselzaadinvanginstallaties
15:21:13.788 [ForkJoinPool-1-worker-13] INFO  com.intuit.karate - [print] [
  "geodatabeheer.giscc@rvo.nl",
  "VR@minez.nl",
  "geodatabeheer.giscc@rvo.nl",
  "beheer@pdok.nl"
]

15:21:13.789 [ForkJoinPool-1-worker-13] INFO  com.intuit.karate - [print] organisation: no organisationName found in dataset record
15:21:13.803 [ForkJoinPool-1-worker-13] INFO  com.intuit.karate - [print] [
  "http://www.nationaalgeoregister.nl/geonetwork/srv/dut/catalog.search#/metadata/a04afee4-47d5-45b7-b7a0-a6f86106af11",
  "https://data.overheid.nl/organisatie/PDOK"
]

15:21:13.806 [ForkJoinPool-1-worker-13] INFO  com.intuit.karate - [print]
15:21:13.807 [ForkJoinPool-1-worker-13] INFO  com.intuit.karate - [print] testing xlinkurl:http://www.nationaalgeoregister.nl/geonetwork/srv/dut/catalog.search#/metadata/a04afee4-47d5-45b7-b7a0-a6f86106af11
15:21:13.884 [ForkJoinPool-1-worker-11] INFO  com.intuit.karate - [print]
15:21:13.884 [ForkJoinPool-1-worker-11] INFO  com.intuit.karate - [print] testing xlinkurl:http://nationaalgeoregister.nl/geonetwork/srv/dut/csw?SERVICE=CSW&version=2.0.2&REQUEST=GetRecordById&elementSetName=full&OutputSchema=http://www.isotc211.org/2005/gmd&ID=58e7dc38-a498-4852-b4ef-908f5baa9056
15:21:13.889 [ForkJoinPool-1-worker-7] INFO  com.intuit.karate - [print] title:Luchtfoto 2018 25cm CIR open data
15:21:13.889 [ForkJoinPool-1-worker-7] INFO  com.intuit.karate - [print] Luchtfoto 2018 25cm CIR open data
15:21:13.891 [ForkJoinPool-1-worker-7] INFO  com.intuit.karate - [print] [
  "PPB-GVA@kadaster.nl",
  "info@hetwaterschapshuis.nl",
  "kcc@kadaster.nl",
  "",
  "",
  "",
  "",
  "",
  ""
]

15:21:13.893 [ForkJoinPool-1-worker-7] INFO  com.intuit.karate - [print] organisation: [
  "Kadaster",
  "Het Waterschapshuis",
  "Kadaster",
  "Eurosense",
  "Eurosense",
  "Eurosense",
  "Kadaster",
  "Kadaster"
]

15:21:13.900 [ForkJoinPool-1-worker-7] INFO  com.intuit.karate - [print] [
  "http://kadaster/2482250f-3b00-4439-9f93-f3118229b021",
  "",
  "",
  ""
]

15:21:13.904 [ForkJoinPool-1-worker-7] INFO  com.intuit.karate - [print]
15:21:13.905 [ForkJoinPool-1-worker-7] INFO  com.intuit.karate - [print] testing xlinkurl:http://kadaster/2482250f-3b00-4439-9f93-f3118229b021
15:21:13.906 [ForkJoinPool-1-worker-7] ERROR com.intuit.karate - java.net.UnknownHostException: kadaster, http call failed after 0 milliseconds for URL: http://kadaster/2482250f-3b00-4439-9f93-f3118229b021
15:21:13.907 [ForkJoinPool-1-worker-7] ERROR com.intuit.karate - http request failed: 
java.net.UnknownHostException: kadaster
15:21:13.908 [ForkJoinPool-1-worker-7] ERROR com.intuit.karate - feature call (loop) failed at index: 0
caller: classpath:InspireTest/ngr/datasetrecords/def/checkxlinkurl.template.feature
arg: {"link":"http://kadaster/2482250f-3b00-4439-9f93-f3118229b021"}
checkxlinkurl.template.feature:14 - 
java.net.UnknownHostException: kadaster
15:21:13.909 [ForkJoinPool-1-worker-7] INFO  com.intuit.karate - [print]
15:21:13.910 [ForkJoinPool-1-worker-7] INFO  com.intuit.karate - [print] testing xlinkurl:
15:21:13.911 [ForkJoinPool-1-worker-7] ERROR com.intuit.karate - org.apache.http.client.ClientProtocolException, http call failed after 0 milliseconds for URL: 
15:21:13.911 [ForkJoinPool-1-worker-7] ERROR com.intuit.karate - http request failed: 
org.apache.http.client.ClientProtocolException
15:21:13.912 [ForkJoinPool-1-worker-7] ERROR com.intuit.karate - feature call (loop) failed at index: 1
caller: classpath:InspireTest/ngr/datasetrecords/def/checkxlinkurl.template.feature
arg: {"link":""}
checkxlinkurl.template.feature:14 - 
org.apache.http.client.ClientProtocolException
15:21:13.914 [ForkJoinPool-1-worker-7] INFO  com.intuit.karate - [print]
15:21:13.914 [ForkJoinPool-1-worker-7] INFO  com.intuit.karate - [print] testing xlinkurl:
15:21:13.915 [ForkJoinPool-1-worker-7] ERROR com.intuit.karate - org.apache.http.client.ClientProtocolException, http call failed after 0 milliseconds for URL: 
15:21:13.916 [ForkJoinPool-1-worker-7] ERROR com.intuit.karate - http request failed: 
org.apache.http.client.ClientProtocolException
15:21:13.917 [ForkJoinPool-1-worker-7] ERROR com.intuit.karate - feature call (loop) failed at index: 2
caller: classpath:InspireTest/ngr/datasetrecords/def/checkxlinkurl.template.feature
arg: {"link":""}
checkxlinkurl.template.feature:14 - 
org.apache.http.client.ClientProtocolException
15:21:13.918 [ForkJoinPool-1-worker-7] INFO  com.intuit.karate - [print]
15:21:13.919 [ForkJoinPool-1-worker-7] INFO  com.intuit.karate - [print] testing xlinkurl:
15:21:13.919 [ForkJoinPool-1-worker-7] ERROR com.intuit.karate - org.apache.http.client.ClientProtocolException, http call failed after 0 milliseconds for URL: 
15:21:13.920 [ForkJoinPool-1-worker-7] ERROR com.intuit.karate - http request failed: 
org.apache.http.client.ClientProtocolException
15:21:13.921 [ForkJoinPool-1-worker-7] ERROR com.intuit.karate - feature call (loop) failed at index: 3
caller: classpath:InspireTest/ngr/datasetrecords/def/checkxlinkurl.template.feature
arg: {"link":""}
checkxlinkurl.template.feature:14 - 
org.apache.http.client.ClientProtocolException
15:21:14.041 [ForkJoinPool-1-worker-13] INFO  com.intuit.karate - [print]
15:21:14.042 [ForkJoinPool-1-worker-13] INFO  com.intuit.karate - [print] testing xlinkurl:https://data.overheid.nl/organisatie/PDOK
15:21:14.383 [ForkJoinPool-1-worker-11] INFO  com.intuit.karate - [print]
15:21:14.384 [ForkJoinPool-1-worker-11] INFO  com.intuit.karate - [print] testing xlinkurl:https://creativecommons.org/publicdomain/mark/*/deed.nl
15:21:14.488 [ForkJoinPool-1-worker-11] ERROR com.intuit.karate - assertion failed: path: $, actual: 404, expected: 200, reason: not equal (Integer)
15:21:14.488 [ForkJoinPool-1-worker-11] ERROR com.intuit.karate - feature call (loop) failed at index: 2
caller: classpath:InspireTest/ngr/datasetrecords/def/checkxlinkurl.template.feature
arg: {"link":"https://creativecommons.org/publicdomain/mark/*/deed.nl"}
checkxlinkurl.template.feature:22 - path: $, actual: 404, expected: 200, reason: not equal (Integer)
15:21:14.490 [ForkJoinPool-1-worker-11] INFO  com.intuit.karate - [print]
15:21:14.490 [ForkJoinPool-1-worker-11] INFO  com.intuit.karate - [print] testing xlinkurl:
15:21:14.491 [ForkJoinPool-1-worker-11] ERROR com.intuit.karate - org.apache.http.client.ClientProtocolException, http call failed after 0 milliseconds for URL: 
15:21:14.491 [ForkJoinPool-1-worker-11] ERROR com.intuit.karate - http request failed: 
org.apache.http.client.ClientProtocolException
15:21:14.491 [ForkJoinPool-1-worker-11] ERROR com.intuit.karate - feature call (loop) failed at index: 3
caller: classpath:InspireTest/ngr/datasetrecords/def/checkxlinkurl.template.feature
arg: {"link":""}
checkxlinkurl.template.feature:14 - 
org.apache.http.client.ClientProtocolException
15:21:14.536 [ForkJoinPool-1-worker-7] INFO  com.intuit.karate - [print] title:Geluidkaart hoofdspoornet 2011 (Lden)
15:21:14.537 [ForkJoinPool-1-worker-7] INFO  com.intuit.karate - [print] Geluidkaart hoofdspoornet 2011 (Lden)
15:21:14.538 [ForkJoinPool-1-worker-7] INFO  com.intuit.karate - [print] [
  "sylvia.koolmees@minienw.nl",
  "sylvia.koolmees@minienw.nl"
]

15:21:14.540 [ForkJoinPool-1-worker-7] INFO  com.intuit.karate - [print] organisation: [
  "Ministerie van IenW",
  "Ministerie van IenW"
]

15:21:14.546 [ForkJoinPool-1-worker-7] INFO  com.intuit.karate - [print] [
  "https://www.nationaalgeoregister.nl/geonetwork/srv/api/records844404a2-9cd0-452e-b29a-74588777485a"
]

15:21:14.550 [ForkJoinPool-1-worker-7] INFO  com.intuit.karate - [print]
15:21:14.550 [ForkJoinPool-1-worker-7] INFO  com.intuit.karate - [print] testing xlinkurl:https://www.nationaalgeoregister.nl/geonetwork/srv/api/records844404a2-9cd0-452e-b29a-74588777485a
15:21:14.656 [ForkJoinPool-1-worker-9] INFO  com.intuit.karate - [print] title:Vervoersnetwerken - Waterwegen (INSPIRE geharmoniseerd)
15:21:14.657 [ForkJoinPool-1-worker-9] INFO  com.intuit.karate - [print] Vervoersnetwerken - Waterwegen (INSPIRE geharmoniseerd)
15:21:14.657 [ForkJoinPool-1-worker-9] INFO  com.intuit.karate - [print] [
  "PPB-GVA@kadaster.nl",
  "kcc@kadaster.nl"
]

15:21:14.659 [ForkJoinPool-1-worker-9] INFO  com.intuit.karate - [print] organisation: [
  "Kadaster",
  "Kadaster"
]

15:21:14.664 [ForkJoinPool-1-worker-9] INFO  com.intuit.karate - [print] [
  "http://www.opengis.net/def/crs/EPSG/0/http://www.opengis.net/def/crs/EPSG/0/4258",
  "http://kadaster/ff1d6d44-aea1-4ad5-b084-9afea143f1bf"
]

15:21:14.675 [ForkJoinPool-1-worker-9] INFO  com.intuit.karate - [print]
15:21:14.676 [ForkJoinPool-1-worker-9] INFO  com.intuit.karate - [print] testing xlinkurl:http://www.opengis.net/def/crs/EPSG/0/http://www.opengis.net/def/crs/EPSG/0/4258
15:21:14.883 [ForkJoinPool-1-worker-7] ERROR com.intuit.karate - assertion failed: path: $, actual: 500, expected: 200, reason: not equal (Integer)
15:21:14.883 [ForkJoinPool-1-worker-7] ERROR com.intuit.karate - feature call (loop) failed at index: 0
caller: classpath:InspireTest/ngr/datasetrecords/def/checkxlinkurl.template.feature
arg: {"link":"https://www.nationaalgeoregister.nl/geonetwork/srv/api/records844404a2-9cd0-452e-b29a-74588777485a"}
checkxlinkurl.template.feature:22 - path: $, actual: 500, expected: 200, reason: not equal (Integer)
15:21:15.020 [ForkJoinPool-1-worker-9] INFO  com.intuit.karate - [print]
15:21:15.020 [ForkJoinPool-1-worker-9] INFO  com.intuit.karate - [print] testing xlinkurl:http://kadaster/ff1d6d44-aea1-4ad5-b084-9afea143f1bf
15:21:15.022 [ForkJoinPool-1-worker-9] ERROR com.intuit.karate - java.net.UnknownHostException: kadaster, http call failed after 0 milliseconds for URL: http://kadaster/ff1d6d44-aea1-4ad5-b084-9afea143f1bf
15:21:15.022 [ForkJoinPool-1-worker-9] ERROR com.intuit.karate - http request failed: 
java.net.UnknownHostException: kadaster
15:21:15.022 [ForkJoinPool-1-worker-9] ERROR com.intuit.karate - feature call (loop) failed at index: 1
caller: classpath:InspireTest/ngr/datasetrecords/def/checkxlinkurl.template.feature
arg: {"link":"http://kadaster/ff1d6d44-aea1-4ad5-b084-9afea143f1bf"}
checkxlinkurl.template.feature:14 - 
java.net.UnknownHostException: kadaster
15:21:15.038 [ForkJoinPool-1-worker-11] INFO  com.intuit.karate - [print] title:Grondwater Monitoring Net
15:21:15.039 [ForkJoinPool-1-worker-11] INFO  com.intuit.karate - [print] Grondwater Monitoring Net
15:21:15.040 [ForkJoinPool-1-worker-11] INFO  com.intuit.karate - [print] [
  "info@bro.nl",
  "Info@bro.nl",
  "info@dinoloket.nl"
]

15:21:15.044 [ForkJoinPool-1-worker-13] ERROR com.intuit.karate - assertion failed: path: $, actual: 404, expected: 200, reason: not equal (Integer)
15:21:15.045 [ForkJoinPool-1-worker-13] ERROR com.intuit.karate - feature call (loop) failed at index: 1
caller: classpath:InspireTest/ngr/datasetrecords/def/checkxlinkurl.template.feature
arg: {"link":"https://data.overheid.nl/organisatie/PDOK"}
checkxlinkurl.template.feature:22 - path: $, actual: 404, expected: 200, reason: not equal (Integer)
15:21:15.050 [ForkJoinPool-1-worker-11] INFO  com.intuit.karate - [print] organisation: [
  "TNO Geologische Dienst Nederland",
  "TNO Geologische Dienst Nederland",
  "TNO Geologische Dienst Nederland"
]

15:21:15.057 [ForkJoinPool-1-worker-11] INFO  com.intuit.karate - [print] [
  "https://nationaalgeoregister.nl/geonetwork/srv/resourcesff07bd5a-d6eb-11ea-87d0-0242ac130003",
  "https://www.nationaalgeoregister.nl/geonetwork/srv/eng/thesaurus.download?ref=external.theme.inspire-theme"
]

15:21:15.061 [ForkJoinPool-1-worker-11] INFO  com.intuit.karate - [print]
15:21:15.062 [ForkJoinPool-1-worker-11] INFO  com.intuit.karate - [print] testing xlinkurl:https://nationaalgeoregister.nl/geonetwork/srv/resourcesff07bd5a-d6eb-11ea-87d0-0242ac130003
15:21:15.352 [ForkJoinPool-1-worker-11] ERROR com.intuit.karate - assertion failed: path: $, actual: 404, expected: 200, reason: not equal (Integer)
15:21:15.354 [ForkJoinPool-1-worker-11] ERROR com.intuit.karate - feature call (loop) failed at index: 0
caller: classpath:InspireTest/ngr/datasetrecords/def/checkxlinkurl.template.feature
arg: {"link":"https://nationaalgeoregister.nl/geonetwork/srv/resourcesff07bd5a-d6eb-11ea-87d0-0242ac130003"}
checkxlinkurl.template.feature:22 - path: $, actual: 404, expected: 200, reason: not equal (Integer)
15:21:15.356 [ForkJoinPool-1-worker-11] INFO  com.intuit.karate - [print]
15:21:15.356 [ForkJoinPool-1-worker-11] INFO  com.intuit.karate - [print] testing xlinkurl:https://www.nationaalgeoregister.nl/geonetwork/srv/eng/thesaurus.download?ref=external.theme.inspire-theme
15:21:15.441 [ForkJoinPool-1-worker-7] INFO  com.intuit.karate - [print] title:Waterstanden en afvoeren verwacht - Rijkswaterstaat
15:21:15.441 [ForkJoinPool-1-worker-7] INFO  com.intuit.karate - [print] Waterstanden en afvoeren verwacht - Rijkswaterstaat
15:21:15.443 [ForkJoinPool-1-worker-7] INFO  com.intuit.karate - [print] [
  "servicedesk-data@rijkswaterstaat.nl",
  "servicedesk-data@rijkswaterstaat.nl",
  "",
  "servicedesk-data@rijkswaterstaat.nl",
  "servicedesk-data@rijkswaterstaat.nl"
]

15:21:15.444 [ForkJoinPool-1-worker-7] INFO  com.intuit.karate - [print] organisation: [
  "Rijkswaterstaat",
  "Rijkswaterstaat",
  "",
  "Rijkswaterstaat",
  "Rijkswaterstaat"
]

15:21:15.450 [ForkJoinPool-1-worker-7] INFO  com.intuit.karate - [print] [
  "https://www.nationaalgeoregister.nl/geonetwork/srv/dut/catalog.search#/metadata/25294679-adb9-4c39-a93b-6954ff9414ac",
  "http://rdfdata.eionet.europa.eu/inspirethemes/themes/20",
  "http://rdfdata.eionet.europa.eu/inspirethemes/themes/28",
  "urn:ogc:def:crs:EPSG::5709"
]

15:21:15.456 [ForkJoinPool-1-worker-7] INFO  com.intuit.karate - [print]
15:21:15.456 [ForkJoinPool-1-worker-7] INFO  com.intuit.karate - [print] testing xlinkurl:https://www.nationaalgeoregister.nl/geonetwork/srv/dut/catalog.search#/metadata/25294679-adb9-4c39-a93b-6954ff9414ac
15:21:15.627 [ForkJoinPool-1-worker-9] INFO  com.intuit.karate - [print] title:Vervoersnetwerken - Wegen (INSPIRE geharmoniseerd) - RWS
15:21:15.627 [ForkJoinPool-1-worker-9] INFO  com.intuit.karate - [print] Vervoersnetwerken - Wegen (INSPIRE geharmoniseerd) - RWS
15:21:15.628 [ForkJoinPool-1-worker-9] INFO  com.intuit.karate - [print] [
  "servicedesk-data@rijkswaterstaat.nl",
  "beheerPDOK@kadaster.nl",
  "",
  "beheerPDOK@kadaster.nl",
  "servicedesk-data@rijkswaterstaat.nl"
]

15:21:15.629 [ForkJoinPool-1-worker-9] INFO  com.intuit.karate - [print] organisation: [
  "Rijkswaterstaat",
  "Rijkswaterstaat",
  "",
  "Beheer PDOK",
  "Rijkswaterstaat"
]

15:21:15.639 [ForkJoinPool-1-worker-9] INFO  com.intuit.karate - [print] [
  "https://www.nationaalgeoregister.nl/geonetwork/srv/dut/catalog.search#/metadata/eu-cb527d-f6db-4835-b0cd-deb245241254",
  "http://rdfdata.eionet.europa.eu/inspirethemes/themes/7",
  "http://inspire.ec.europa.eu/metadata-codelist/Prioritydataset/SurfaceWaterBodies-dir-2000-60",
  "http://inspire.ec.europa.eu/metadata-codelist/PriorityDataset#",
  "https://ngr.geocat.live/geonetwork/srv/eng/thesaurus.download?ref=external.theme.httpinspireeceuropaeumetadatacodelistPrioritydataset-Prioritydataset"
]

15:21:15.645 [ForkJoinPool-1-worker-9] INFO  com.intuit.karate - [print]
15:21:15.645 [ForkJoinPool-1-worker-9] INFO  com.intuit.karate - [print] testing xlinkurl:https://www.nationaalgeoregister.nl/geonetwork/srv/dut/catalog.search#/metadata/eu-cb527d-f6db-4835-b0cd-deb245241254
15:21:15.670 [ForkJoinPool-1-worker-11] ERROR com.intuit.karate - assertion failed: path: $, actual: 500, expected: 200, reason: not equal (Integer)
15:21:15.670 [ForkJoinPool-1-worker-11] ERROR com.intuit.karate - feature call (loop) failed at index: 1
caller: classpath:InspireTest/ngr/datasetrecords/def/checkxlinkurl.template.feature
arg: {"link":"https://www.nationaalgeoregister.nl/geonetwork/srv/eng/thesaurus.download?ref=external.theme.inspire-theme"}
checkxlinkurl.template.feature:22 - path: $, actual: 500, expected: 200, reason: not equal (Integer)
15:21:15.681 [ForkJoinPool-1-worker-13] INFO  com.intuit.karate - [print] title:Kaart van de bodemopbouw in Nederland 1:50.000 onder INSPIRE
15:21:15.682 [ForkJoinPool-1-worker-13] INFO  com.intuit.karate - [print] Kaart van de bodemopbouw in Nederland 1:50.000 onder INSPIRE
15:21:15.683 [ForkJoinPool-1-worker-13] INFO  com.intuit.karate - [print] [
  "info@dinoloket.nl",
  "geodesk.cgi@wur.nl",
  "info@dinoloket.nl"
]

15:21:15.684 [ForkJoinPool-1-worker-13] INFO  com.intuit.karate - [print] organisation: [
  "TNO Geologische Dienst Nederland",
  "Alterra, Wageningen UR",
  "TNO Geologische Dienst Nederland"
]

15:21:15.689 [ForkJoinPool-1-worker-13] INFO  com.intuit.karate - [print] [
  "https://ngr.acceptatie.nationaalgeoregister.nl/geonetwork/srv/resourcesbbe3c19d-12b0-4912-a6f4-46eb189e85ac",
  "http://rdfdata.eionet.europa.eu/inspirethemes/themes/16",
  "http://geonetwork-opensource.org/inspire-theme#",
  "https://www.nationaalgeoregister.nl/geonetwork/srv/eng/thesaurus.download?ref=external.theme.inspire-theme"
]

15:21:15.698 [ForkJoinPool-1-worker-13] INFO  com.intuit.karate - [print]
15:21:15.698 [ForkJoinPool-1-worker-13] INFO  com.intuit.karate - [print] testing xlinkurl:https://ngr.acceptatie.nationaalgeoregister.nl/geonetwork/srv/resourcesbbe3c19d-12b0-4912-a6f4-46eb189e85ac
15:21:15.773 [ForkJoinPool-1-worker-7] INFO  com.intuit.karate - [print]
15:21:15.774 [ForkJoinPool-1-worker-7] INFO  com.intuit.karate - [print] testing xlinkurl:http://rdfdata.eionet.europa.eu/inspirethemes/themes/20
15:21:15.968 [ForkJoinPool-1-worker-9] INFO  com.intuit.karate - [print]
15:21:15.969 [ForkJoinPool-1-worker-9] INFO  com.intuit.karate - [print] testing xlinkurl:http://rdfdata.eionet.europa.eu/inspirethemes/themes/7
15:21:15.975 [ForkJoinPool-1-worker-7] ERROR com.intuit.karate - assertion failed: path: $, actual: 404, expected: 200, reason: not equal (Integer)
15:21:15.975 [ForkJoinPool-1-worker-7] ERROR com.intuit.karate - feature call (loop) failed at index: 1
caller: classpath:InspireTest/ngr/datasetrecords/def/checkxlinkurl.template.feature
arg: {"link":"http://rdfdata.eionet.europa.eu/inspirethemes/themes/20"}
checkxlinkurl.template.feature:22 - path: $, actual: 404, expected: 200, reason: not equal (Integer)
15:21:15.976 [ForkJoinPool-1-worker-7] INFO  com.intuit.karate - [print]
15:21:15.976 [ForkJoinPool-1-worker-7] INFO  com.intuit.karate - [print] testing xlinkurl:http://rdfdata.eionet.europa.eu/inspirethemes/themes/28
15:21:15.997 [ForkJoinPool-1-worker-13] ERROR com.intuit.karate - assertion failed: path: $, actual: 404, expected: 200, reason: not equal (Integer)
15:21:15.998 [ForkJoinPool-1-worker-13] ERROR com.intuit.karate - feature call (loop) failed at index: 0
caller: classpath:InspireTest/ngr/datasetrecords/def/checkxlinkurl.template.feature
arg: {"link":"https://ngr.acceptatie.nationaalgeoregister.nl/geonetwork/srv/resourcesbbe3c19d-12b0-4912-a6f4-46eb189e85ac"}
checkxlinkurl.template.feature:22 - path: $, actual: 404, expected: 200, reason: not equal (Integer)
15:21:16.000 [ForkJoinPool-1-worker-13] INFO  com.intuit.karate - [print]
15:21:16.001 [ForkJoinPool-1-worker-13] INFO  com.intuit.karate - [print] testing xlinkurl:http://rdfdata.eionet.europa.eu/inspirethemes/themes/16
15:21:16.170 [ForkJoinPool-1-worker-9] ERROR com.intuit.karate - assertion failed: path: $, actual: 404, expected: 200, reason: not equal (Integer)
15:21:16.171 [ForkJoinPool-1-worker-9] ERROR com.intuit.karate - feature call (loop) failed at index: 1
caller: classpath:InspireTest/ngr/datasetrecords/def/checkxlinkurl.template.feature
arg: {"link":"http://rdfdata.eionet.europa.eu/inspirethemes/themes/7"}
checkxlinkurl.template.feature:22 - path: $, actual: 404, expected: 200, reason: not equal (Integer)
15:21:16.172 [ForkJoinPool-1-worker-9] INFO  com.intuit.karate - [print]
15:21:16.173 [ForkJoinPool-1-worker-9] INFO  com.intuit.karate - [print] testing xlinkurl:http://inspire.ec.europa.eu/metadata-codelist/Prioritydataset/SurfaceWaterBodies-dir-2000-60
15:21:16.177 [ForkJoinPool-1-worker-7] ERROR com.intuit.karate - assertion failed: path: $, actual: 404, expected: 200, reason: not equal (Integer)
15:21:16.178 [ForkJoinPool-1-worker-7] ERROR com.intuit.karate - feature call (loop) failed at index: 2
caller: classpath:InspireTest/ngr/datasetrecords/def/checkxlinkurl.template.feature
arg: {"link":"http://rdfdata.eionet.europa.eu/inspirethemes/themes/28"}
checkxlinkurl.template.feature:22 - path: $, actual: 404, expected: 200, reason: not equal (Integer)
15:21:16.178 [ForkJoinPool-1-worker-7] INFO  com.intuit.karate - [print]
15:21:16.178 [ForkJoinPool-1-worker-7] INFO  com.intuit.karate - [print] testing xlinkurl:urn:ogc:def:crs:EPSG::5709
15:21:16.179 [ForkJoinPool-1-worker-7] ERROR com.intuit.karate - org.apache.http.client.ClientProtocolException: URI does not specify a valid host name: urn:ogc:def:crs:EPSG::5709, http call failed after 0 milliseconds for URL: urn:ogc:def:crs:EPSG::5709
15:21:16.180 [ForkJoinPool-1-worker-7] ERROR com.intuit.karate - http request failed: 
org.apache.http.client.ClientProtocolException: URI does not specify a valid host name: urn:ogc:def:crs:EPSG::5709
15:21:16.180 [ForkJoinPool-1-worker-7] ERROR com.intuit.karate - feature call (loop) failed at index: 3
caller: classpath:InspireTest/ngr/datasetrecords/def/checkxlinkurl.template.feature
arg: {"link":"urn:ogc:def:crs:EPSG::5709"}
checkxlinkurl.template.feature:14 - 
org.apache.http.client.ClientProtocolException: URI does not specify a valid host name: urn:ogc:def:crs:EPSG::5709
15:21:16.203 [ForkJoinPool-1-worker-13] ERROR com.intuit.karate - assertion failed: path: $, actual: 404, expected: 200, reason: not equal (Integer)
15:21:16.203 [ForkJoinPool-1-worker-13] ERROR com.intuit.karate - feature call (loop) failed at index: 1
caller: classpath:InspireTest/ngr/datasetrecords/def/checkxlinkurl.template.feature
arg: {"link":"http://rdfdata.eionet.europa.eu/inspirethemes/themes/16"}
checkxlinkurl.template.feature:22 - path: $, actual: 404, expected: 200, reason: not equal (Integer)
15:21:16.204 [ForkJoinPool-1-worker-13] INFO  com.intuit.karate - [print]
15:21:16.204 [ForkJoinPool-1-worker-13] INFO  com.intuit.karate - [print] testing xlinkurl:http://geonetwork-opensource.org/inspire-theme#
15:21:16.242 [ForkJoinPool-1-worker-11] INFO  com.intuit.karate - [print] title:Habitatrichtlijn verspreidingsgebied van habitattypen
15:21:16.242 [ForkJoinPool-1-worker-11] INFO  com.intuit.karate - [print] Habitatrichtlijn verspreidingsgebied van habitattypen
15:21:16.243 [ForkJoinPool-1-worker-11] INFO  com.intuit.karate - [print] [
  "geodatabeheer.giscc@rvo.nl",
  "",
  "GeoDesk.CGI@wur.nl",
  "geodatabeheer.giscc@rvo.nl",
  "beheerPDOK@kadaster.nl",
  ""
]

15:21:16.245 [ForkJoinPool-1-worker-11] INFO  com.intuit.karate - [print] organisation: [
  "Ministerie van Economische Zaken - GIS Competence Center",
  "",
  "Wageningen Environmental Research (Alterra)",
  "PDOK",
  "Alterra"
]

15:21:16.253 [ForkJoinPool-1-worker-11] INFO  com.intuit.karate - [print] [
  "https://ngr.acceptatie.nationaalgeoregister.nl/geonetwork/srv/resources03671a9e-6aaf-464d-be99-9aad25cef9e3"
]

15:21:16.257 [ForkJoinPool-1-worker-11] INFO  com.intuit.karate - [print]
15:21:16.257 [ForkJoinPool-1-worker-11] INFO  com.intuit.karate - [print] testing xlinkurl:https://ngr.acceptatie.nationaalgeoregister.nl/geonetwork/srv/resources03671a9e-6aaf-464d-be99-9aad25cef9e3
15:21:16.538 [ForkJoinPool-1-worker-11] ERROR com.intuit.karate - assertion failed: path: $, actual: 404, expected: 200, reason: not equal (Integer)
15:21:16.539 [ForkJoinPool-1-worker-11] ERROR com.intuit.karate - feature call (loop) failed at index: 0
caller: classpath:InspireTest/ngr/datasetrecords/def/checkxlinkurl.template.feature
arg: {"link":"https://ngr.acceptatie.nationaalgeoregister.nl/geonetwork/srv/resources03671a9e-6aaf-464d-be99-9aad25cef9e3"}
checkxlinkurl.template.feature:22 - path: $, actual: 404, expected: 200, reason: not equal (Integer)
15:21:16.749 [ForkJoinPool-1-worker-7] INFO  com.intuit.karate - [print] title:Zeegebieden
15:21:16.749 [ForkJoinPool-1-worker-7] INFO  com.intuit.karate - [print] Zeegebieden
15:21:16.751 [ForkJoinPool-1-worker-7] INFO  com.intuit.karate - [print] [
  "PPB-GVA@kadaster.nl",
  "kcc@kadaster.nl",
  "kcc@kadaster.nl"
]

15:21:16.752 [ForkJoinPool-1-worker-7] INFO  com.intuit.karate - [print] organisation: [
  "Kadaster",
  "Kadaster",
  "Kadaster"
]

15:21:16.757 [ForkJoinPool-1-worker-7] INFO  com.intuit.karate - [print] [
  "http://kadaster/7c22107ea-5e31-4bbc-8e24-d15fe230062e"
]

15:21:16.761 [ForkJoinPool-1-worker-7] INFO  com.intuit.karate - [print]
15:21:16.762 [ForkJoinPool-1-worker-7] INFO  com.intuit.karate - [print] testing xlinkurl:http://kadaster/7c22107ea-5e31-4bbc-8e24-d15fe230062e
15:21:16.770 [ForkJoinPool-1-worker-7] ERROR com.intuit.karate - java.net.UnknownHostException: kadaster: Temporary failure in name resolution, http call failed after 7 milliseconds for URL: http://kadaster/7c22107ea-5e31-4bbc-8e24-d15fe230062e
15:21:16.770 [ForkJoinPool-1-worker-7] ERROR com.intuit.karate - http request failed: 
java.net.UnknownHostException: kadaster: Temporary failure in name resolution
15:21:16.770 [ForkJoinPool-1-worker-7] ERROR com.intuit.karate - feature call (loop) failed at index: 0
caller: classpath:InspireTest/ngr/datasetrecords/def/checkxlinkurl.template.feature
arg: {"link":"http://kadaster/7c22107ea-5e31-4bbc-8e24-d15fe230062e"}
checkxlinkurl.template.feature:14 - 
java.net.UnknownHostException: kadaster: Temporary failure in name resolution
15:21:16.816 [ForkJoinPool-1-worker-9] ERROR com.intuit.karate - assertion failed: path: $, actual: 404, expected: 200, reason: not equal (Integer)
15:21:16.816 [ForkJoinPool-1-worker-9] ERROR com.intuit.karate - feature call (loop) failed at index: 2
caller: classpath:InspireTest/ngr/datasetrecords/def/checkxlinkurl.template.feature
arg: {"link":"http://inspire.ec.europa.eu/metadata-codelist/Prioritydataset/SurfaceWaterBodies-dir-2000-60"}
checkxlinkurl.template.feature:22 - path: $, actual: 404, expected: 200, reason: not equal (Integer)
15:21:16.817 [ForkJoinPool-1-worker-9] INFO  com.intuit.karate - [print]
15:21:16.817 [ForkJoinPool-1-worker-9] INFO  com.intuit.karate - [print] testing xlinkurl:http://inspire.ec.europa.eu/metadata-codelist/PriorityDataset#
15:21:16.828 [ForkJoinPool-1-worker-3] INFO  com.intuit.karate - [print]
15:21:16.829 [ForkJoinPool-1-worker-3] INFO  com.intuit.karate - [print] testing xlinkurl:http://inspire.ec.europa.eu/metadata-codelist/PriorityDataset#
15:21:17.019 [ForkJoinPool-1-worker-13] ERROR com.intuit.karate - assertion failed: path: $, actual: 404, expected: 200, reason: not equal (Integer)
15:21:17.020 [ForkJoinPool-1-worker-13] ERROR com.intuit.karate - feature call (loop) failed at index: 2
caller: classpath:InspireTest/ngr/datasetrecords/def/checkxlinkurl.template.feature
arg: {"link":"http://geonetwork-opensource.org/inspire-theme#"}
checkxlinkurl.template.feature:22 - path: $, actual: 404, expected: 200, reason: not equal (Integer)
15:21:17.024 [ForkJoinPool-1-worker-13] INFO  com.intuit.karate - [print]
15:21:17.025 [ForkJoinPool-1-worker-13] INFO  com.intuit.karate - [print] testing xlinkurl:https://www.nationaalgeoregister.nl/geonetwork/srv/eng/thesaurus.download?ref=external.theme.inspire-theme
15:21:17.097 [ForkJoinPool-1-worker-11] INFO  com.intuit.karate - [print] title:Adressen (INSPIRE geharmoniseerd)
15:21:17.097 [ForkJoinPool-1-worker-11] INFO  com.intuit.karate - [print] Adressen (INSPIRE geharmoniseerd)
15:21:17.098 [ForkJoinPool-1-worker-11] INFO  com.intuit.karate - [print] [
  "PPB-GVA@kadaster.nl",
  "kcc@kadaster.nl"
]

15:21:17.099 [ForkJoinPool-1-worker-11] INFO  com.intuit.karate - [print] organisation: [
  "Kadaster",
  "Kadaster"
]

15:21:17.104 [ForkJoinPool-1-worker-11] INFO  com.intuit.karate - [print] [
  "http://www.opengis.net/def/crs/EPSG/0/http://www.opengis.net/def/crs/EPSG/0/4258",
  "http://kadaster/1d32fc50-cd5b-4425-b0df-16c7c7940e94"
]

15:21:17.111 [ForkJoinPool-1-worker-11] INFO  com.intuit.karate - [print]
15:21:17.115 [ForkJoinPool-1-worker-11] INFO  com.intuit.karate - [print] testing xlinkurl:http://www.opengis.net/def/crs/EPSG/0/http://www.opengis.net/def/crs/EPSG/0/4258
15:21:17.342 [ForkJoinPool-1-worker-13] ERROR com.intuit.karate - assertion failed: path: $, actual: 500, expected: 200, reason: not equal (Integer)
15:21:17.343 [ForkJoinPool-1-worker-13] ERROR com.intuit.karate - feature call (loop) failed at index: 3
caller: classpath:InspireTest/ngr/datasetrecords/def/checkxlinkurl.template.feature
arg: {"link":"https://www.nationaalgeoregister.nl/geonetwork/srv/eng/thesaurus.download?ref=external.theme.inspire-theme"}
checkxlinkurl.template.feature:22 - path: $, actual: 500, expected: 200, reason: not equal (Integer)
15:21:17.377 [ForkJoinPool-1-worker-7] INFO  com.intuit.karate - [print] title:Actuele synoptische weerwaarnemingen KNMI Nederland per 10 minuten (24 uur)
15:21:17.377 [ForkJoinPool-1-worker-7] INFO  com.intuit.karate - [print] Actuele synoptische weerwaarnemingen KNMI Nederland per 10 minuten (24 uur)
15:21:17.383 [ForkJoinPool-1-worker-7] INFO  com.intuit.karate - [print] [
  "datacentrum@knmi.nl",
  "datacentrum@knmi.nl",
  "datacentrum@knmi.nl"
]

15:21:17.385 [ForkJoinPool-1-worker-7] INFO  com.intuit.karate - [print] organisation: [
  "Koninklijk Nederlands Meteorologisch Instituut (KNMI)",
  "Koninklijk Nederlands Meteorologisch Instituut (KNMI)",
  "Koninklijk Nederlands Meteorologisch Instituut (KNMI)"
]

15:21:17.393 [ForkJoinPool-1-worker-7] INFO  com.intuit.karate - [print] [
  "https://www.nationaalgeoregister.nl/geonetwork/srv/api/records1b2abd21-3084-4db7-ab49-46866b4aac2b",
  "https://creativecommons.org/publicdomain/zero/*/deed.nl"
]

15:21:17.400 [ForkJoinPool-1-worker-7] INFO  com.intuit.karate - [print]
15:21:17.401 [ForkJoinPool-1-worker-7] INFO  com.intuit.karate - [print] testing xlinkurl:https://www.nationaalgeoregister.nl/geonetwork/srv/api/records1b2abd21-3084-4db7-ab49-46866b4aac2b
15:21:17.406 [ForkJoinPool-1-worker-11] INFO  com.intuit.karate - [print]
15:21:17.406 [ForkJoinPool-1-worker-11] INFO  com.intuit.karate - [print] testing xlinkurl:http://kadaster/1d32fc50-cd5b-4425-b0df-16c7c7940e94
15:21:17.407 [ForkJoinPool-1-worker-11] ERROR com.intuit.karate - java.net.UnknownHostException: kadaster, http call failed after 1 milliseconds for URL: http://kadaster/1d32fc50-cd5b-4425-b0df-16c7c7940e94
15:21:17.407 [ForkJoinPool-1-worker-11] ERROR com.intuit.karate - http request failed: 
java.net.UnknownHostException: kadaster
15:21:17.407 [ForkJoinPool-1-worker-11] ERROR com.intuit.karate - feature call (loop) failed at index: 1
caller: classpath:InspireTest/ngr/datasetrecords/def/checkxlinkurl.template.feature
arg: {"link":"http://kadaster/1d32fc50-cd5b-4425-b0df-16c7c7940e94"}
checkxlinkurl.template.feature:14 - 
java.net.UnknownHostException: kadaster
15:21:17.524 [ForkJoinPool-1-worker-9] INFO  com.intuit.karate - [print]
15:21:17.525 [ForkJoinPool-1-worker-9] INFO  com.intuit.karate - [print] testing xlinkurl:https://ngr.geocat.live/geonetwork/srv/eng/thesaurus.download?ref=external.theme.httpinspireeceuropaeumetadatacodelistPrioritydataset-Prioritydataset
15:21:17.911 [ForkJoinPool-1-worker-7] ERROR com.intuit.karate - assertion failed: path: $, actual: 500, expected: 200, reason: not equal (Integer)
15:21:17.911 [ForkJoinPool-1-worker-7] ERROR com.intuit.karate - feature call (loop) failed at index: 0
caller: classpath:InspireTest/ngr/datasetrecords/def/checkxlinkurl.template.feature
arg: {"link":"https://www.nationaalgeoregister.nl/geonetwork/srv/api/records1b2abd21-3084-4db7-ab49-46866b4aac2b"}
checkxlinkurl.template.feature:22 - path: $, actual: 500, expected: 200, reason: not equal (Integer)
15:21:17.913 [ForkJoinPool-1-worker-7] INFO  com.intuit.karate - [print]
15:21:17.913 [ForkJoinPool-1-worker-7] INFO  com.intuit.karate - [print] testing xlinkurl:https://creativecommons.org/publicdomain/zero/*/deed.nl
15:21:18.010 [ForkJoinPool-1-worker-7] ERROR com.intuit.karate - assertion failed: path: $, actual: 404, expected: 200, reason: not equal (Integer)
15:21:18.010 [ForkJoinPool-1-worker-7] ERROR com.intuit.karate - feature call (loop) failed at index: 1
caller: classpath:InspireTest/ngr/datasetrecords/def/checkxlinkurl.template.feature
arg: {"link":"https://creativecommons.org/publicdomain/zero/*/deed.nl"}
checkxlinkurl.template.feature:22 - path: $, actual: 404, expected: 200, reason: not equal (Integer)
15:21:18.025 [ForkJoinPool-1-worker-13] INFO  com.intuit.karate - [print] title:RDinfo
15:21:18.027 [ForkJoinPool-1-worker-9] ERROR com.intuit.karate - assertion failed: path: $, actual: 500, expected: 200, reason: not equal (Integer)
15:21:18.028 [ForkJoinPool-1-worker-9] ERROR com.intuit.karate - feature call (loop) failed at index: 4
caller: classpath:InspireTest/ngr/datasetrecords/def/checkxlinkurl.template.feature
arg: {"link":"https://ngr.geocat.live/geonetwork/srv/eng/thesaurus.download?ref=external.theme.httpinspireeceuropaeumetadatacodelistPrioritydataset-Prioritydataset"}
checkxlinkurl.template.feature:22 - path: $, actual: 500, expected: 200, reason: not equal (Integer)
15:21:18.032 [ForkJoinPool-1-worker-13] INFO  com.intuit.karate - [print] RDinfo
15:21:18.033 [ForkJoinPool-1-worker-13] INFO  com.intuit.karate - [print] [
  "PPB-GVA@kadaster.nl",
  "kcc@kadaster.nl",
  "rd@kadaster.nl"
]

15:21:18.035 [ForkJoinPool-1-worker-13] INFO  com.intuit.karate - [print] organisation: [
  "Kadaster",
  "Dienst van Het Kadaster en Openbare Registers",
  "Dienst voor het Kadaster en de Openbare Registers"
]

15:21:18.039 [ForkJoinPool-1-worker-13] INFO  com.intuit.karate - [print] [
  "http://kadaster/06b6c650-cdb1-11dd-ad8b-0800200c9a81"
]

15:21:18.042 [ForkJoinPool-1-worker-11] INFO  com.intuit.karate - [print] title:Zones en agglomeraties (Richtlijn Luchtkwaliteit) 2013
15:21:18.043 [ForkJoinPool-1-worker-11] INFO  com.intuit.karate - [print] Zones en agglomeraties (Richtlijn Luchtkwaliteit) 2013
15:21:18.044 [ForkJoinPool-1-worker-11] INFO  com.intuit.karate - [print] [
  "geodata@rivm.nl",
  "",
  "geodata@rivm.nl"
]

15:21:18.045 [ForkJoinPool-1-worker-11] INFO  com.intuit.karate - [print] organisation: no organisationName found in dataset record
15:21:18.050 [ForkJoinPool-1-worker-11] INFO  com.intuit.karate - [print] [
  "https://data.rivm.nl/inspire/id#5cb4b489-67c8-44bc-85c5-424a80a53b3b"
]

15:21:18.052 [ForkJoinPool-1-worker-13] INFO  com.intuit.karate - [print]
15:21:18.055 [ForkJoinPool-1-worker-11] INFO  com.intuit.karate - [print]
15:21:18.056 [ForkJoinPool-1-worker-13] INFO  com.intuit.karate - [print] testing xlinkurl:http://kadaster/06b6c650-cdb1-11dd-ad8b-0800200c9a81
15:21:18.057 [ForkJoinPool-1-worker-13] ERROR com.intuit.karate - java.net.UnknownHostException: kadaster, http call failed after 0 milliseconds for URL: http://kadaster/06b6c650-cdb1-11dd-ad8b-0800200c9a81
15:21:18.057 [ForkJoinPool-1-worker-13] ERROR com.intuit.karate - http request failed: 
java.net.UnknownHostException: kadaster
15:21:18.058 [ForkJoinPool-1-worker-13] ERROR com.intuit.karate - feature call (loop) failed at index: 0
caller: classpath:InspireTest/ngr/datasetrecords/def/checkxlinkurl.template.feature
arg: {"link":"http://kadaster/06b6c650-cdb1-11dd-ad8b-0800200c9a81"}
checkxlinkurl.template.feature:14 - 
java.net.UnknownHostException: kadaster
15:21:18.062 [ForkJoinPool-1-worker-11] INFO  com.intuit.karate - [print] testing xlinkurl:https://data.rivm.nl/inspire/id#5cb4b489-67c8-44bc-85c5-424a80a53b3b
15:21:18.419 [ForkJoinPool-1-worker-11] ERROR com.intuit.karate - javax.net.ssl.SSLException: Connection reset, http call failed after 356 milliseconds for URL: https://data.rivm.nl/inspire/id#5cb4b489-67c8-44bc-85c5-424a80a53b3b
15:21:18.419 [ForkJoinPool-1-worker-11] ERROR com.intuit.karate - http request failed: 
javax.net.ssl.SSLException: Connection reset
15:21:18.420 [ForkJoinPool-1-worker-11] ERROR com.intuit.karate - feature call (loop) failed at index: 0
caller: classpath:InspireTest/ngr/datasetrecords/def/checkxlinkurl.template.feature
arg: {"link":"https://data.rivm.nl/inspire/id#5cb4b489-67c8-44bc-85c5-424a80a53b3b"}
checkxlinkurl.template.feature:14 - 
javax.net.ssl.SSLException: Connection reset
15:21:18.649 [ForkJoinPool-1-worker-7] INFO  com.intuit.karate - [print] title:Ligging industrie en CO2 emissies
15:21:18.650 [ForkJoinPool-1-worker-7] INFO  com.intuit.karate - [print] Ligging industrie en CO2 emissies
15:21:18.651 [ForkJoinPool-1-worker-7] INFO  com.intuit.karate - [print] [
  "geodatabeheer.giscc@rvo.nl",
  "geodatabeheer.giscc@rvo.nl"
]

15:21:18.652 [ForkJoinPool-1-worker-7] INFO  com.intuit.karate - [print] organisation: Ministerie van Economische Zaken - GIS Competence Center
15:21:18.659 [ForkJoinPool-1-worker-7] INFO  com.intuit.karate - [print] [
  "https://www.nationaalgeoregister.nl/geonetwork/srv/dut/catalog.search#/metadata/d6b85d84-cdb9-4a6e-b799-cf8826e22a94"
]

15:21:18.666 [ForkJoinPool-1-worker-7] INFO  com.intuit.karate - [print]
15:21:18.667 [ForkJoinPool-1-worker-7] INFO  com.intuit.karate - [print] testing xlinkurl:https://www.nationaalgeoregister.nl/geonetwork/srv/dut/catalog.search#/metadata/d6b85d84-cdb9-4a6e-b799-cf8826e22a94
15:21:18.706 [ForkJoinPool-1-worker-9] INFO  com.intuit.karate - [print] title:Zeegebieden (INSPIRE geharmoniseerd)
15:21:18.706 [ForkJoinPool-1-worker-9] INFO  com.intuit.karate - [print] Zeegebieden (INSPIRE geharmoniseerd)
15:21:18.707 [ForkJoinPool-1-worker-9] INFO  com.intuit.karate - [print] [
  "PPB-GVA@kadaster.nl",
  "kcc@kadaster.nl"
]

15:21:18.708 [ForkJoinPool-1-worker-9] INFO  com.intuit.karate - [print] organisation: [
  "Kadaster",
  "Kadaster"
]

15:21:18.710 [ForkJoinPool-1-worker-13] INFO  com.intuit.karate - [print] title:Gemeten Zwaveldioxide concentraties in buitenlucht.
15:21:18.710 [ForkJoinPool-1-worker-13] INFO  com.intuit.karate - [print] Gemeten Zwaveldioxide concentraties in buitenlucht.
15:21:18.727 [ForkJoinPool-1-worker-13] INFO  com.intuit.karate - [print] [
  "geodata@rivm.nl",
  "geodata@rivm.nl"
]

15:21:18.728 [ForkJoinPool-1-worker-13] INFO  com.intuit.karate - [print] organisation: no organisationName found in dataset record
15:21:18.733 [ForkJoinPool-1-worker-9] INFO  com.intuit.karate - [print] [
  "http://www.opengis.net/def/crs/EPSG/0/http://www.opengis.net/def/crs/EPSG/0/4258",
  "http://kadaster/9778afe6-2152-4a8f-ba32-9697625401e3"
]

15:21:18.738 [ForkJoinPool-1-worker-13] INFO  com.intuit.karate - [print] [
  "https://data.rivm.nl/inspire/id#440c4a06-6924-4f9c-a9e2-6f61340f711b"
]

15:21:18.744 [ForkJoinPool-1-worker-13] INFO  com.intuit.karate - [print]
15:21:18.744 [ForkJoinPool-1-worker-13] INFO  com.intuit.karate - [print] testing xlinkurl:https://data.rivm.nl/inspire/id#440c4a06-6924-4f9c-a9e2-6f61340f711b
15:21:18.751 [ForkJoinPool-1-worker-9] INFO  com.intuit.karate - [print]
15:21:18.751 [ForkJoinPool-1-worker-9] INFO  com.intuit.karate - [print] testing xlinkurl:http://www.opengis.net/def/crs/EPSG/0/http://www.opengis.net/def/crs/EPSG/0/4258
15:21:18.989 [ForkJoinPool-1-worker-11] INFO  com.intuit.karate - [print] title:Vervoersnetwerken - Gemeenschappelijke elementen (INSPIRE geharmoniseerd)
15:21:18.989 [ForkJoinPool-1-worker-11] INFO  com.intuit.karate - [print] Vervoersnetwerken - Gemeenschappelijke elementen (INSPIRE geharmoniseerd)
15:21:18.990 [ForkJoinPool-1-worker-11] INFO  com.intuit.karate - [print] [
  "PPB-GVA@kadaster.nl",
  "kcc@kadaster.nl"
]

15:21:18.991 [ForkJoinPool-1-worker-11] INFO  com.intuit.karate - [print] organisation: [
  "Kadaster",
  "Kadaster"
]

15:21:18.998 [ForkJoinPool-1-worker-11] INFO  com.intuit.karate - [print] [
  "http://www.opengis.net/def/crs/EPSG/0/http://www.opengis.net/def/crs/EPSG/0/4258",
  "http://kadaster/7cdfa80a-cfbf-4324-978d-f1f141756b66"
]

15:21:19.002 [ForkJoinPool-1-worker-11] INFO  com.intuit.karate - [print]
15:21:19.003 [ForkJoinPool-1-worker-11] INFO  com.intuit.karate - [print] testing xlinkurl:http://www.opengis.net/def/crs/EPSG/0/http://www.opengis.net/def/crs/EPSG/0/4258
15:21:19.050 [ForkJoinPool-1-worker-9] INFO  com.intuit.karate - [print]
15:21:19.050 [ForkJoinPool-1-worker-9] INFO  com.intuit.karate - [print] testing xlinkurl:http://kadaster/9778afe6-2152-4a8f-ba32-9697625401e3
15:21:19.051 [ForkJoinPool-1-worker-9] ERROR com.intuit.karate - java.net.UnknownHostException: kadaster, http call failed after 0 milliseconds for URL: http://kadaster/9778afe6-2152-4a8f-ba32-9697625401e3
15:21:19.051 [ForkJoinPool-1-worker-9] ERROR com.intuit.karate - http request failed: 
java.net.UnknownHostException: kadaster
15:21:19.051 [ForkJoinPool-1-worker-9] ERROR com.intuit.karate - feature call (loop) failed at index: 1
caller: classpath:InspireTest/ngr/datasetrecords/def/checkxlinkurl.template.feature
arg: {"link":"http://kadaster/9778afe6-2152-4a8f-ba32-9697625401e3"}
checkxlinkurl.template.feature:14 - 
java.net.UnknownHostException: kadaster
15:21:19.100 [ForkJoinPool-1-worker-13] ERROR com.intuit.karate - javax.net.ssl.SSLException: Connection reset, http call failed after 356 milliseconds for URL: https://data.rivm.nl/inspire/id#440c4a06-6924-4f9c-a9e2-6f61340f711b
15:21:19.100 [ForkJoinPool-1-worker-13] ERROR com.intuit.karate - http request failed: 
javax.net.ssl.SSLException: Connection reset
15:21:19.100 [ForkJoinPool-1-worker-13] ERROR com.intuit.karate - feature call (loop) failed at index: 0
caller: classpath:InspireTest/ngr/datasetrecords/def/checkxlinkurl.template.feature
arg: {"link":"https://data.rivm.nl/inspire/id#440c4a06-6924-4f9c-a9e2-6f61340f711b"}
checkxlinkurl.template.feature:14 - 
javax.net.ssl.SSLException: Connection reset
15:21:19.302 [ForkJoinPool-1-worker-11] INFO  com.intuit.karate - [print]
15:21:19.303 [ForkJoinPool-1-worker-11] INFO  com.intuit.karate - [print] testing xlinkurl:http://kadaster/7cdfa80a-cfbf-4324-978d-f1f141756b66
15:21:19.304 [ForkJoinPool-1-worker-11] ERROR com.intuit.karate - java.net.UnknownHostException: kadaster, http call failed after 1 milliseconds for URL: http://kadaster/7cdfa80a-cfbf-4324-978d-f1f141756b66
15:21:19.304 [ForkJoinPool-1-worker-11] ERROR com.intuit.karate - http request failed: 
java.net.UnknownHostException: kadaster
15:21:19.305 [ForkJoinPool-1-worker-11] ERROR com.intuit.karate - feature call (loop) failed at index: 1
caller: classpath:InspireTest/ngr/datasetrecords/def/checkxlinkurl.template.feature
arg: {"link":"http://kadaster/7cdfa80a-cfbf-4324-978d-f1f141756b66"}
checkxlinkurl.template.feature:14 - 
java.net.UnknownHostException: kadaster
15:21:19.627 [ForkJoinPool-1-worker-13] INFO  com.intuit.karate - [print] title:Bronbestanden waterkwaliteit
15:21:19.627 [ForkJoinPool-1-worker-13] INFO  com.intuit.karate - [print] Bronbestanden waterkwaliteit
15:21:19.628 [ForkJoinPool-1-worker-13] INFO  com.intuit.karate - [print] [
  "servicedesk@ihw.nl",
  "servicedesk@ihw.nl"
]

15:21:19.629 [ForkJoinPool-1-worker-13] INFO  com.intuit.karate - [print] organisation: [
  "Informatiehuis Water",
  "Informatiehuis Water"
]

15:21:19.671 [ForkJoinPool-1-worker-9] INFO  com.intuit.karate - [print] title:Bathymetrie Nederland - binnenwateren
15:21:19.672 [ForkJoinPool-1-worker-9] INFO  com.intuit.karate - [print] Bathymetrie Nederland - binnenwateren
15:21:19.673 [ForkJoinPool-1-worker-9] INFO  com.intuit.karate - [print] [
  "servicedesk-data@rijkswaterstaat.nl",
  "servicedesk-data@rijkswaterstaat.nl",
  "",
  "servicedesk-data@rijkswaterstaat.nl",
  "servicedesk-data@rijkswaterstaat.nl"
]

15:21:19.675 [ForkJoinPool-1-worker-9] INFO  com.intuit.karate - [print] organisation: [
  "Rijkswaterstaat",
  "Rijkswaterstaat",
  "",
  "Rijkswaterstaat",
  "Rijkswaterstaat"
]

15:21:19.679 [ForkJoinPool-1-worker-9] INFO  com.intuit.karate - [print] [
  "https://www.nationaalgeoregister.nl/geonetwork/srv/dut/catalog.search#/metadata/adn73c4a-ef03-4785-b7f6-942e86b385f7",
  "http://rdfdata.eionet.europa.eu/inspirethemes/themes/10",
  "urn:ogc:def:crs:EPSG::5709"
]

15:21:19.683 [ForkJoinPool-1-worker-9] INFO  com.intuit.karate - [print]
15:21:19.684 [ForkJoinPool-1-worker-9] INFO  com.intuit.karate - [print] testing xlinkurl:https://www.nationaalgeoregister.nl/geonetwork/srv/dut/catalog.search#/metadata/adn73c4a-ef03-4785-b7f6-942e86b385f7
15:21:19.731 [ForkJoinPool-1-worker-7] INFO  com.intuit.karate - [print] title:Grondwatersamenstellinggegevens KRW meetronde 2012 onder INSPIRE
15:21:19.732 [ForkJoinPool-1-worker-7] INFO  com.intuit.karate - [print] Grondwatersamenstellinggegevens KRW meetronde 2012 onder INSPIRE
15:21:19.733 [ForkJoinPool-1-worker-7] INFO  com.intuit.karate - [print] [
  "info@dinoloket.nl",
  "info@dinoloket.nl",
  "info@dinoloket.nl"
]

15:21:19.734 [ForkJoinPool-1-worker-7] INFO  com.intuit.karate - [print] organisation: [
  "TNO Geologische Dienst Nederland",
  "TNO Geologische Dienst Nederland",
  "TNO Geologische Dienst Nederland"
]

15:21:19.739 [ForkJoinPool-1-worker-7] INFO  com.intuit.karate - [print] [
  "https://nationaalgeoregister.nl/geonetwork/srv/resources7d716522-fa1a-43b4-99c0-3a3480f9e218",
  "https://www.nationaalgeoregister.nl/geonetwork/srv/eng/thesaurus.download?ref=external.theme.inspire-theme"
]

15:21:19.744 [ForkJoinPool-1-worker-7] INFO  com.intuit.karate - [print]
15:21:19.744 [ForkJoinPool-1-worker-7] INFO  com.intuit.karate - [print] testing xlinkurl:https://nationaalgeoregister.nl/geonetwork/srv/resources7d716522-fa1a-43b4-99c0-3a3480f9e218
15:21:19.957 [ForkJoinPool-1-worker-11] INFO  com.intuit.karate - [print] title:Aardbevingen Nederland (KNMI)
15:21:19.958 [ForkJoinPool-1-worker-11] INFO  com.intuit.karate - [print] Aardbevingen Nederland (KNMI)
15:21:19.959 [ForkJoinPool-1-worker-11] INFO  com.intuit.karate - [print] [
  "datacentrum@knmi.nl",
  "datacentrum@knmi.nl",
  "datacentrum@knmi.nl"
]

15:21:19.960 [ForkJoinPool-1-worker-11] INFO  com.intuit.karate - [print] organisation: [
  "Koninklijk Nederlands Meteorologisch Instituut (KNMI)",
  "Koninklijk Nederlands Meteorologisch Instituut (KNMI)",
  "Koninklijk Nederlands Meteorologisch Instituut (KNMI)"
]

15:21:19.965 [ForkJoinPool-1-worker-11] INFO  com.intuit.karate - [print] [
  "https://www.nationaalgeoregister.nl/geonetwork/srv/api/records49807edc-0007-41aa-8809-d381f6713de4",
  "https://creativecommons.org/publicdomain/zero/*/deed.nl"
]

15:21:19.973 [ForkJoinPool-1-worker-11] INFO  com.intuit.karate - [print]
15:21:19.973 [ForkJoinPool-1-worker-11] INFO  com.intuit.karate - [print] testing xlinkurl:https://www.nationaalgeoregister.nl/geonetwork/srv/api/records49807edc-0007-41aa-8809-d381f6713de4
15:21:20.023 [ForkJoinPool-1-worker-9] INFO  com.intuit.karate - [print]
15:21:20.023 [ForkJoinPool-1-worker-9] INFO  com.intuit.karate - [print] testing xlinkurl:http://rdfdata.eionet.europa.eu/inspirethemes/themes/10
15:21:20.036 [ForkJoinPool-1-worker-7] ERROR com.intuit.karate - assertion failed: path: $, actual: 404, expected: 200, reason: not equal (Integer)
15:21:20.036 [ForkJoinPool-1-worker-7] ERROR com.intuit.karate - feature call (loop) failed at index: 0
caller: classpath:InspireTest/ngr/datasetrecords/def/checkxlinkurl.template.feature
arg: {"link":"https://nationaalgeoregister.nl/geonetwork/srv/resources7d716522-fa1a-43b4-99c0-3a3480f9e218"}
checkxlinkurl.template.feature:22 - path: $, actual: 404, expected: 200, reason: not equal (Integer)
15:21:20.037 [ForkJoinPool-1-worker-7] INFO  com.intuit.karate - [print]
15:21:20.040 [ForkJoinPool-1-worker-7] INFO  com.intuit.karate - [print] testing xlinkurl:https://www.nationaalgeoregister.nl/geonetwork/srv/eng/thesaurus.download?ref=external.theme.inspire-theme
15:21:20.209 [ForkJoinPool-1-worker-13] INFO  com.intuit.karate - [print] title:Ziekenhuizen in Nederland (september 2013)
15:21:20.209 [ForkJoinPool-1-worker-13] INFO  com.intuit.karate - [print] Ziekenhuizen in Nederland (september 2013)
15:21:20.211 [ForkJoinPool-1-worker-13] INFO  com.intuit.karate - [print] [
  "atlas@rivm.nl",
  "",
  "geodata@rivm.nl"
]

15:21:20.212 [ForkJoinPool-1-worker-13] INFO  com.intuit.karate - [print] organisation: no organisationName found in dataset record
15:21:20.217 [ForkJoinPool-1-worker-13] INFO  com.intuit.karate - [print] [
  "https://data.rivm.nl/inspire/id#1e3a98db-5d5e-4e61-8b64-1d132ddb439e"
]

15:21:20.223 [ForkJoinPool-1-worker-9] ERROR com.intuit.karate - assertion failed: path: $, actual: 404, expected: 200, reason: not equal (Integer)
15:21:20.223 [ForkJoinPool-1-worker-9] ERROR com.intuit.karate - feature call (loop) failed at index: 1
caller: classpath:InspireTest/ngr/datasetrecords/def/checkxlinkurl.template.feature
arg: {"link":"http://rdfdata.eionet.europa.eu/inspirethemes/themes/10"}
checkxlinkurl.template.feature:22 - path: $, actual: 404, expected: 200, reason: not equal (Integer)
15:21:20.224 [ForkJoinPool-1-worker-9] INFO  com.intuit.karate - [print]
15:21:20.224 [ForkJoinPool-1-worker-9] INFO  com.intuit.karate - [print] testing xlinkurl:urn:ogc:def:crs:EPSG::5709
15:21:20.224 [ForkJoinPool-1-worker-9] ERROR com.intuit.karate - org.apache.http.client.ClientProtocolException: URI does not specify a valid host name: urn:ogc:def:crs:EPSG::5709, http call failed after 0 milliseconds for URL: urn:ogc:def:crs:EPSG::5709
15:21:20.224 [ForkJoinPool-1-worker-9] ERROR com.intuit.karate - http request failed: 
org.apache.http.client.ClientProtocolException: URI does not specify a valid host name: urn:ogc:def:crs:EPSG::5709
15:21:20.224 [ForkJoinPool-1-worker-9] ERROR com.intuit.karate - feature call (loop) failed at index: 2
caller: classpath:InspireTest/ngr/datasetrecords/def/checkxlinkurl.template.feature
arg: {"link":"urn:ogc:def:crs:EPSG::5709"}
checkxlinkurl.template.feature:14 - 
org.apache.http.client.ClientProtocolException: URI does not specify a valid host name: urn:ogc:def:crs:EPSG::5709
15:21:20.227 [ForkJoinPool-1-worker-13] INFO  com.intuit.karate - [print]
15:21:20.228 [ForkJoinPool-1-worker-13] INFO  com.intuit.karate - [print] testing xlinkurl:https://data.rivm.nl/inspire/id#1e3a98db-5d5e-4e61-8b64-1d132ddb439e
15:21:20.283 [ForkJoinPool-1-worker-11] ERROR com.intuit.karate - assertion failed: path: $, actual: 500, expected: 200, reason: not equal (Integer)
15:21:20.284 [ForkJoinPool-1-worker-11] ERROR com.intuit.karate - feature call (loop) failed at index: 0
caller: classpath:InspireTest/ngr/datasetrecords/def/checkxlinkurl.template.feature
arg: {"link":"https://www.nationaalgeoregister.nl/geonetwork/srv/api/records49807edc-0007-41aa-8809-d381f6713de4"}
checkxlinkurl.template.feature:22 - path: $, actual: 500, expected: 200, reason: not equal (Integer)
15:21:20.285 [ForkJoinPool-1-worker-11] INFO  com.intuit.karate - [print]
15:21:20.285 [ForkJoinPool-1-worker-11] INFO  com.intuit.karate - [print] testing xlinkurl:https://creativecommons.org/publicdomain/zero/*/deed.nl
15:21:20.324 [ForkJoinPool-1-worker-11] ERROR com.intuit.karate - assertion failed: path: $, actual: 404, expected: 200, reason: not equal (Integer)
15:21:20.324 [ForkJoinPool-1-worker-11] ERROR com.intuit.karate - feature call (loop) failed at index: 1
caller: classpath:InspireTest/ngr/datasetrecords/def/checkxlinkurl.template.feature
arg: {"link":"https://creativecommons.org/publicdomain/zero/*/deed.nl"}
checkxlinkurl.template.feature:22 - path: $, actual: 404, expected: 200, reason: not equal (Integer)
15:21:20.354 [ForkJoinPool-1-worker-7] ERROR com.intuit.karate - assertion failed: path: $, actual: 500, expected: 200, reason: not equal (Integer)
15:21:20.354 [ForkJoinPool-1-worker-7] ERROR com.intuit.karate - feature call (loop) failed at index: 1
caller: classpath:InspireTest/ngr/datasetrecords/def/checkxlinkurl.template.feature
arg: {"link":"https://www.nationaalgeoregister.nl/geonetwork/srv/eng/thesaurus.download?ref=external.theme.inspire-theme"}
checkxlinkurl.template.feature:22 - path: $, actual: 500, expected: 200, reason: not equal (Integer)
15:21:20.583 [ForkJoinPool-1-worker-13] ERROR com.intuit.karate - javax.net.ssl.SSLException: Connection reset, http call failed after 355 milliseconds for URL: https://data.rivm.nl/inspire/id#1e3a98db-5d5e-4e61-8b64-1d132ddb439e
15:21:20.583 [ForkJoinPool-1-worker-13] ERROR com.intuit.karate - http request failed: 
javax.net.ssl.SSLException: Connection reset
15:21:20.583 [ForkJoinPool-1-worker-13] ERROR com.intuit.karate - feature call (loop) failed at index: 0
caller: classpath:InspireTest/ngr/datasetrecords/def/checkxlinkurl.template.feature
arg: {"link":"https://data.rivm.nl/inspire/id#1e3a98db-5d5e-4e61-8b64-1d132ddb439e"}
checkxlinkurl.template.feature:14 - 
javax.net.ssl.SSLException: Connection reset
15:21:20.777 [ForkJoinPool-1-worker-9] INFO  com.intuit.karate - [print] title:Bodemkundig boormonsterprofiel onder INSPIRE
15:21:20.777 [ForkJoinPool-1-worker-9] INFO  com.intuit.karate - [print] Bodemkundig boormonsterprofiel onder INSPIRE
15:21:20.778 [ForkJoinPool-1-worker-9] INFO  com.intuit.karate - [print] [
  "info@dinoloket.nl",
  "geodesk.cgi@wur.nl",
  "info@dinoloket.nl"
]

15:21:20.779 [ForkJoinPool-1-worker-9] INFO  com.intuit.karate - [print] organisation: [
  "TNO Geologische Dienst Nederland",
  "Alterra, Wageningen UR",
  "TNO Geologische Dienst Nederland"
]

15:21:20.783 [ForkJoinPool-1-worker-9] INFO  com.intuit.karate - [print] [
  "https://nationaalgeoregister.nl/geonetwork/srv/resourcese26eb6c9-c441-43e8-8db6-aabbf11578fd",
  "http://rdfdata.eionet.europa.eu/inspirethemes/themes/16",
  "http://geonetwork-opensource.org/inspire-theme#",
  "https://www.nationaalgeoregister.nl/geonetwork/srv/eng/thesaurus.download?ref=external.theme.inspire-theme"
]

15:21:20.795 [ForkJoinPool-1-worker-9] INFO  com.intuit.karate - [print]
15:21:20.795 [ForkJoinPool-1-worker-9] INFO  com.intuit.karate - [print] testing xlinkurl:https://nationaalgeoregister.nl/geonetwork/srv/resourcese26eb6c9-c441-43e8-8db6-aabbf11578fd
15:21:20.992 [ForkJoinPool-1-worker-7] INFO  com.intuit.karate - [print] title:Invasieve Exoten (INSPIRE Geharmoniseerd)
15:21:20.992 [ForkJoinPool-1-worker-7] INFO  com.intuit.karate - [print] Invasieve Exoten (INSPIRE Geharmoniseerd)
15:21:20.993 [ForkJoinPool-1-worker-7] INFO  com.intuit.karate - [print] [
  "geodatabeheer.giscc@rvo.nl",
  "Geodatabeheer.GISCC@rvo.nl"
]

15:21:20.997 [ForkJoinPool-1-worker-11] INFO  com.intuit.karate - [print] title:zoutvelden en zoutproductieputten onder INSPIRE
15:21:20.998 [ForkJoinPool-1-worker-11] INFO  com.intuit.karate - [print] zoutvelden en zoutproductieputten onder INSPIRE
15:21:20.999 [ForkJoinPool-1-worker-11] INFO  com.intuit.karate - [print] [
  "info@dinoloket.nl",
  "info@dinoloket.nl",
  "info@dinoloket.nl"
]

15:21:21.000 [ForkJoinPool-1-worker-11] INFO  com.intuit.karate - [print] organisation: [
  "TNO Geologische Dienst Nederland",
  "TNO Geologische Dienst Nederland",
  "TNO Geologische Dienst Nederland"
]

15:21:21.005 [ForkJoinPool-1-worker-11] INFO  com.intuit.karate - [print] [
  "https://nationaalgeoregister.nl/geonetwork/srv/resourcesce4a6d93-83d6-4397-afa1-d4117d5ce76b",
  "http://rdfdata.eionet.europa.eu/inspirethemes/themes/34",
  "http://geonetwork-opensource.org/inspire-theme#",
  "https://www.nationaalgeoregister.nl/geonetwork/srv/eng/thesaurus.download?ref=external.theme.inspire-theme"
]

15:21:21.001 [ForkJoinPool-1-worker-7] INFO  com.intuit.karate - [print] organisation: Ministerie van Landbouw, Natuur en Voedselkwaliteit
15:21:21.010 [ForkJoinPool-1-worker-7] INFO  com.intuit.karate - [print] [
  "https://www.nationaalgeoregister.nl/geonetwork/srv/api/records3703b249-a0eb-484e-ba7a-10e31a55bcec",
  "579"
]

15:21:21.014 [ForkJoinPool-1-worker-7] INFO  com.intuit.karate - [print]
15:21:21.017 [ForkJoinPool-1-worker-7] INFO  com.intuit.karate - [print] testing xlinkurl:https://www.nationaalgeoregister.nl/geonetwork/srv/api/records3703b249-a0eb-484e-ba7a-10e31a55bcec
15:21:21.017 [ForkJoinPool-1-worker-11] INFO  com.intuit.karate - [print]
15:21:21.019 [ForkJoinPool-1-worker-11] INFO  com.intuit.karate - [print] testing xlinkurl:https://nationaalgeoregister.nl/geonetwork/srv/resourcesce4a6d93-83d6-4397-afa1-d4117d5ce76b
15:21:21.082 [ForkJoinPool-1-worker-9] ERROR com.intuit.karate - assertion failed: path: $, actual: 404, expected: 200, reason: not equal (Integer)
15:21:21.083 [ForkJoinPool-1-worker-9] ERROR com.intuit.karate - feature call (loop) failed at index: 0
caller: classpath:InspireTest/ngr/datasetrecords/def/checkxlinkurl.template.feature
arg: {"link":"https://nationaalgeoregister.nl/geonetwork/srv/resourcese26eb6c9-c441-43e8-8db6-aabbf11578fd"}
checkxlinkurl.template.feature:22 - path: $, actual: 404, expected: 200, reason: not equal (Integer)
15:21:21.084 [ForkJoinPool-1-worker-9] INFO  com.intuit.karate - [print]
15:21:21.084 [ForkJoinPool-1-worker-9] INFO  com.intuit.karate - [print] testing xlinkurl:http://rdfdata.eionet.europa.eu/inspirethemes/themes/16
15:21:21.229 [ForkJoinPool-1-worker-13] INFO  com.intuit.karate - [print] title:Statistical Units Vector
15:21:21.230 [ForkJoinPool-1-worker-13] INFO  com.intuit.karate - [print] Statistical Units Vector
15:21:21.231 [ForkJoinPool-1-worker-13] INFO  com.intuit.karate - [print] [
  "infoservice@cbs.nl",
  "infoservice@cbs.nl",
  "infoservice@cbs.nl",
  "",
  ""
]

15:21:21.233 [ForkJoinPool-1-worker-13] INFO  com.intuit.karate - [print] organisation: [
  "Statistics Netherlands",
  "Statistics Netherlands",
  "Statistics Netherlandds",
  "Statistics Netherlands"
]

15:21:21.237 [ForkJoinPool-1-worker-13] INFO  com.intuit.karate - [print] [
  "https://geodata.nationaalgeoregister.nl/cbsgebiedsindelingen/atom/cbsgebiedsindelingen.xml"
]

15:21:21.249 [ForkJoinPool-1-worker-13] INFO  com.intuit.karate - [print]
15:21:21.250 [ForkJoinPool-1-worker-13] INFO  com.intuit.karate - [print] testing xlinkurl:https://geodata.nationaalgeoregister.nl/cbsgebiedsindelingen/atom/cbsgebiedsindelingen.xml
15:21:21.285 [ForkJoinPool-1-worker-9] ERROR com.intuit.karate - assertion failed: path: $, actual: 404, expected: 200, reason: not equal (Integer)
15:21:21.285 [ForkJoinPool-1-worker-9] ERROR com.intuit.karate - feature call (loop) failed at index: 1
caller: classpath:InspireTest/ngr/datasetrecords/def/checkxlinkurl.template.feature
arg: {"link":"http://rdfdata.eionet.europa.eu/inspirethemes/themes/16"}
checkxlinkurl.template.feature:22 - path: $, actual: 404, expected: 200, reason: not equal (Integer)
15:21:21.286 [ForkJoinPool-1-worker-9] INFO  com.intuit.karate - [print]
15:21:21.286 [ForkJoinPool-1-worker-9] INFO  com.intuit.karate - [print] testing xlinkurl:http://geonetwork-opensource.org/inspire-theme#
15:21:21.302 [ForkJoinPool-1-worker-11] ERROR com.intuit.karate - assertion failed: path: $, actual: 404, expected: 200, reason: not equal (Integer)
15:21:21.302 [ForkJoinPool-1-worker-11] ERROR com.intuit.karate - feature call (loop) failed at index: 0
caller: classpath:InspireTest/ngr/datasetrecords/def/checkxlinkurl.template.feature
arg: {"link":"https://nationaalgeoregister.nl/geonetwork/srv/resourcesce4a6d93-83d6-4397-afa1-d4117d5ce76b"}
checkxlinkurl.template.feature:22 - path: $, actual: 404, expected: 200, reason: not equal (Integer)
15:21:21.305 [ForkJoinPool-1-worker-11] INFO  com.intuit.karate - [print]
15:21:21.305 [ForkJoinPool-1-worker-11] INFO  com.intuit.karate - [print] testing xlinkurl:http://rdfdata.eionet.europa.eu/inspirethemes/themes/34
15:21:21.330 [ForkJoinPool-1-worker-7] ERROR com.intuit.karate - assertion failed: path: $, actual: 500, expected: 200, reason: not equal (Integer)
15:21:21.330 [ForkJoinPool-1-worker-7] ERROR com.intuit.karate - feature call (loop) failed at index: 0
caller: classpath:InspireTest/ngr/datasetrecords/def/checkxlinkurl.template.feature
arg: {"link":"https://www.nationaalgeoregister.nl/geonetwork/srv/api/records3703b249-a0eb-484e-ba7a-10e31a55bcec"}
checkxlinkurl.template.feature:22 - path: $, actual: 500, expected: 200, reason: not equal (Integer)
15:21:21.331 [ForkJoinPool-1-worker-7] INFO  com.intuit.karate - [print]
15:21:21.331 [ForkJoinPool-1-worker-7] INFO  com.intuit.karate - [print] testing xlinkurl:579
15:21:21.331 [ForkJoinPool-1-worker-7] ERROR com.intuit.karate - org.apache.http.client.ClientProtocolException, http call failed after 0 milliseconds for URL: 579
15:21:21.331 [ForkJoinPool-1-worker-7] ERROR com.intuit.karate - http request failed: 
org.apache.http.client.ClientProtocolException
15:21:21.331 [ForkJoinPool-1-worker-7] ERROR com.intuit.karate - feature call (loop) failed at index: 1
caller: classpath:InspireTest/ngr/datasetrecords/def/checkxlinkurl.template.feature
arg: {"link":"579"}
checkxlinkurl.template.feature:14 - 
org.apache.http.client.ClientProtocolException
15:21:21.506 [ForkJoinPool-1-worker-11] ERROR com.intuit.karate - assertion failed: path: $, actual: 404, expected: 200, reason: not equal (Integer)
15:21:21.506 [ForkJoinPool-1-worker-11] ERROR com.intuit.karate - feature call (loop) failed at index: 1
caller: classpath:InspireTest/ngr/datasetrecords/def/checkxlinkurl.template.feature
arg: {"link":"http://rdfdata.eionet.europa.eu/inspirethemes/themes/34"}
checkxlinkurl.template.feature:22 - path: $, actual: 404, expected: 200, reason: not equal (Integer)
15:21:21.507 [ForkJoinPool-1-worker-11] INFO  com.intuit.karate - [print]
15:21:21.507 [ForkJoinPool-1-worker-11] INFO  com.intuit.karate - [print] testing xlinkurl:http://geonetwork-opensource.org/inspire-theme#
15:21:21.878 [ForkJoinPool-1-worker-9] ERROR com.intuit.karate - assertion failed: path: $, actual: 404, expected: 200, reason: not equal (Integer)
15:21:21.878 [ForkJoinPool-1-worker-9] ERROR com.intuit.karate - feature call (loop) failed at index: 2
caller: classpath:InspireTest/ngr/datasetrecords/def/checkxlinkurl.template.feature
arg: {"link":"http://geonetwork-opensource.org/inspire-theme#"}
checkxlinkurl.template.feature:22 - path: $, actual: 404, expected: 200, reason: not equal (Integer)
15:21:21.879 [ForkJoinPool-1-worker-9] INFO  com.intuit.karate - [print]
15:21:21.880 [ForkJoinPool-1-worker-9] INFO  com.intuit.karate - [print] testing xlinkurl:https://www.nationaalgeoregister.nl/geonetwork/srv/eng/thesaurus.download?ref=external.theme.inspire-theme
15:21:21.891 [ForkJoinPool-1-worker-7] INFO  com.intuit.karate - [print] title:Administratieve Eenheden
15:21:21.891 [ForkJoinPool-1-worker-7] INFO  com.intuit.karate - [print] Administratieve Eenheden
15:21:21.892 [ForkJoinPool-1-worker-7] INFO  com.intuit.karate - [print] [
  "PPB-GVA@kadaster.nl",
  "kcc@kadaster.nl",
  "kcc@kadaster.nl"
]

15:21:21.893 [ForkJoinPool-1-worker-7] INFO  com.intuit.karate - [print] organisation: [
  "Kadaster",
  "Kadaster en Openbare Registers",
  "Kadaster en de Openbare Registers"
]

15:21:21.905 [ForkJoinPool-1-worker-7] INFO  com.intuit.karate - [print] [
  "http://kadaster/06b6c650-cdb1-11dd-ad8b-0800200c9a76"
]

15:21:21.910 [ForkJoinPool-1-worker-7] INFO  com.intuit.karate - [print]
15:21:21.910 [ForkJoinPool-1-worker-7] INFO  com.intuit.karate - [print] testing xlinkurl:http://kadaster/06b6c650-cdb1-11dd-ad8b-0800200c9a76
15:21:21.911 [ForkJoinPool-1-worker-7] ERROR com.intuit.karate - java.net.UnknownHostException: kadaster, http call failed after 0 milliseconds for URL: http://kadaster/06b6c650-cdb1-11dd-ad8b-0800200c9a76
15:21:21.912 [ForkJoinPool-1-worker-7] ERROR com.intuit.karate - http request failed: 
java.net.UnknownHostException: kadaster
15:21:21.913 [ForkJoinPool-1-worker-7] ERROR com.intuit.karate - feature call (loop) failed at index: 0
caller: classpath:InspireTest/ngr/datasetrecords/def/checkxlinkurl.template.feature
arg: {"link":"http://kadaster/06b6c650-cdb1-11dd-ad8b-0800200c9a76"}
checkxlinkurl.template.feature:14 - 
java.net.UnknownHostException: kadaster
15:21:22.097 [ForkJoinPool-1-worker-11] ERROR com.intuit.karate - assertion failed: path: $, actual: 404, expected: 200, reason: not equal (Integer)
15:21:22.098 [ForkJoinPool-1-worker-11] ERROR com.intuit.karate - feature call (loop) failed at index: 2
caller: classpath:InspireTest/ngr/datasetrecords/def/checkxlinkurl.template.feature
arg: {"link":"http://geonetwork-opensource.org/inspire-theme#"}
checkxlinkurl.template.feature:22 - path: $, actual: 404, expected: 200, reason: not equal (Integer)
15:21:22.099 [ForkJoinPool-1-worker-11] INFO  com.intuit.karate - [print]
15:21:22.101 [ForkJoinPool-1-worker-11] INFO  com.intuit.karate - [print] testing xlinkurl:https://www.nationaalgeoregister.nl/geonetwork/srv/eng/thesaurus.download?ref=external.theme.inspire-theme
15:21:22.216 [ForkJoinPool-1-worker-9] ERROR com.intuit.karate - assertion failed: path: $, actual: 500, expected: 200, reason: not equal (Integer)
15:21:22.216 [ForkJoinPool-1-worker-9] ERROR com.intuit.karate - feature call (loop) failed at index: 3
caller: classpath:InspireTest/ngr/datasetrecords/def/checkxlinkurl.template.feature
arg: {"link":"https://www.nationaalgeoregister.nl/geonetwork/srv/eng/thesaurus.download?ref=external.theme.inspire-theme"}
checkxlinkurl.template.feature:22 - path: $, actual: 500, expected: 200, reason: not equal (Integer)
15:21:22.236 [ForkJoinPool-1-worker-13] INFO  com.intuit.karate - [print] title:Statistical Units Grid
15:21:22.236 [ForkJoinPool-1-worker-13] INFO  com.intuit.karate - [print] Statistical Units Grid
15:21:22.237 [ForkJoinPool-1-worker-13] INFO  com.intuit.karate - [print] [
  "infoservice@cbs.nl",
  "infoservice@cbs.nl",
  "infoservice@cbs.nl",
  "",
  ""
]

15:21:22.239 [ForkJoinPool-1-worker-13] INFO  com.intuit.karate - [print] organisation: [
  "Statistics Netherlands",
  "Statistics Netherlands",
  "Statistics Netherlandds",
  "Statistics Netherlands"
]

15:21:22.243 [ForkJoinPool-1-worker-13] INFO  com.intuit.karate - [print] [
  "https://geodata.nationaalgeoregister.nl/inspire/su-grid/wfs",
  ""
]

15:21:22.247 [ForkJoinPool-1-worker-13] INFO  com.intuit.karate - [print]
15:21:22.248 [ForkJoinPool-1-worker-13] INFO  com.intuit.karate - [print] testing xlinkurl:https://geodata.nationaalgeoregister.nl/inspire/su-grid/wfs
15:21:22.414 [ForkJoinPool-1-worker-11] ERROR com.intuit.karate - assertion failed: path: $, actual: 500, expected: 200, reason: not equal (Integer)
15:21:22.415 [ForkJoinPool-1-worker-11] ERROR com.intuit.karate - feature call (loop) failed at index: 3
caller: classpath:InspireTest/ngr/datasetrecords/def/checkxlinkurl.template.feature
arg: {"link":"https://www.nationaalgeoregister.nl/geonetwork/srv/eng/thesaurus.download?ref=external.theme.inspire-theme"}
checkxlinkurl.template.feature:22 - path: $, actual: 500, expected: 200, reason: not equal (Integer)
15:21:22.483 [ForkJoinPool-1-worker-7] INFO  com.intuit.karate - [print] title:TOP10NL
15:21:22.483 [ForkJoinPool-1-worker-7] INFO  com.intuit.karate - [print] TOP10NL
15:21:22.484 [ForkJoinPool-1-worker-7] INFO  com.intuit.karate - [print] [
  "PPB-GVA@kadaster.nl",
  "kcc@kadaster.nl",
  "kcc@kadaster.nl",
  "",
  "",
  "",
  "",
  "",
  ""
]

15:21:22.486 [ForkJoinPool-1-worker-7] INFO  com.intuit.karate - [print] organisation: [
  "Kadaster",
  "Kadaster",
  "Kadaster",
  "Kadaster",
  "Kadaster",
  "Kadaster",
  "Kadaster",
  "Kadaster",
  "Kadaster"
]

15:21:22.492 [ForkJoinPool-1-worker-7] INFO  com.intuit.karate - [print] [
  "http://kadaster/2482250f-3b00-4439-9f93-f3118229b201",
  "",
  "",
  "",
  "",
  ""
]

15:21:22.500 [ForkJoinPool-1-worker-7] INFO  com.intuit.karate - [print]
15:21:22.502 [ForkJoinPool-1-worker-7] INFO  com.intuit.karate - [print] testing xlinkurl:http://kadaster/2482250f-3b00-4439-9f93-f3118229b201
15:21:22.503 [ForkJoinPool-1-worker-7] ERROR com.intuit.karate - java.net.UnknownHostException: kadaster, http call failed after 0 milliseconds for URL: http://kadaster/2482250f-3b00-4439-9f93-f3118229b201
15:21:22.503 [ForkJoinPool-1-worker-7] ERROR com.intuit.karate - http request failed: 
java.net.UnknownHostException: kadaster
15:21:22.503 [ForkJoinPool-1-worker-7] ERROR com.intuit.karate - feature call (loop) failed at index: 0
caller: classpath:InspireTest/ngr/datasetrecords/def/checkxlinkurl.template.feature
arg: {"link":"http://kadaster/2482250f-3b00-4439-9f93-f3118229b201"}
checkxlinkurl.template.feature:14 - 
java.net.UnknownHostException: kadaster
15:21:22.504 [ForkJoinPool-1-worker-7] INFO  com.intuit.karate - [print]
15:21:22.505 [ForkJoinPool-1-worker-7] INFO  com.intuit.karate - [print] testing xlinkurl:
15:21:22.505 [ForkJoinPool-1-worker-7] ERROR com.intuit.karate - org.apache.http.client.ClientProtocolException, http call failed after 0 milliseconds for URL: 
15:21:22.506 [ForkJoinPool-1-worker-7] ERROR com.intuit.karate - http request failed: 
org.apache.http.client.ClientProtocolException
15:21:22.506 [ForkJoinPool-1-worker-7] ERROR com.intuit.karate - feature call (loop) failed at index: 1
caller: classpath:InspireTest/ngr/datasetrecords/def/checkxlinkurl.template.feature
arg: {"link":""}
checkxlinkurl.template.feature:14 - 
org.apache.http.client.ClientProtocolException
15:21:22.507 [ForkJoinPool-1-worker-7] INFO  com.intuit.karate - [print]
15:21:22.507 [ForkJoinPool-1-worker-7] INFO  com.intuit.karate - [print] testing xlinkurl:
15:21:22.508 [ForkJoinPool-1-worker-7] ERROR com.intuit.karate - org.apache.http.client.ClientProtocolException, http call failed after 0 milliseconds for URL: 
15:21:22.508 [ForkJoinPool-1-worker-7] ERROR com.intuit.karate - http request failed: 
org.apache.http.client.ClientProtocolException
15:21:22.508 [ForkJoinPool-1-worker-7] ERROR com.intuit.karate - feature call (loop) failed at index: 2
caller: classpath:InspireTest/ngr/datasetrecords/def/checkxlinkurl.template.feature
arg: {"link":""}
checkxlinkurl.template.feature:14 - 
org.apache.http.client.ClientProtocolException
15:21:22.509 [ForkJoinPool-1-worker-7] INFO  com.intuit.karate - [print]
15:21:22.510 [ForkJoinPool-1-worker-7] INFO  com.intuit.karate - [print] testing xlinkurl:
15:21:22.510 [ForkJoinPool-1-worker-7] ERROR com.intuit.karate - org.apache.http.client.ClientProtocolException, http call failed after 0 milliseconds for URL: 
15:21:22.510 [ForkJoinPool-1-worker-7] ERROR com.intuit.karate - http request failed: 
org.apache.http.client.ClientProtocolException
15:21:22.511 [ForkJoinPool-1-worker-7] ERROR com.intuit.karate - feature call (loop) failed at index: 3
caller: classpath:InspireTest/ngr/datasetrecords/def/checkxlinkurl.template.feature
arg: {"link":""}
checkxlinkurl.template.feature:14 - 
org.apache.http.client.ClientProtocolException
15:21:22.512 [ForkJoinPool-1-worker-7] INFO  com.intuit.karate - [print]
15:21:22.512 [ForkJoinPool-1-worker-7] INFO  com.intuit.karate - [print] testing xlinkurl:
15:21:22.512 [ForkJoinPool-1-worker-7] ERROR com.intuit.karate - org.apache.http.client.ClientProtocolException, http call failed after 0 milliseconds for URL: 
15:21:22.513 [ForkJoinPool-1-worker-7] ERROR com.intuit.karate - http request failed: 
org.apache.http.client.ClientProtocolException
15:21:22.513 [ForkJoinPool-1-worker-7] ERROR com.intuit.karate - feature call (loop) failed at index: 4
caller: classpath:InspireTest/ngr/datasetrecords/def/checkxlinkurl.template.feature
arg: {"link":""}
checkxlinkurl.template.feature:14 - 
org.apache.http.client.ClientProtocolException
15:21:22.514 [ForkJoinPool-1-worker-7] INFO  com.intuit.karate - [print]
15:21:22.514 [ForkJoinPool-1-worker-7] INFO  com.intuit.karate - [print] testing xlinkurl:
15:21:22.515 [ForkJoinPool-1-worker-7] ERROR com.intuit.karate - org.apache.http.client.ClientProtocolException, http call failed after 0 milliseconds for URL: 
15:21:22.515 [ForkJoinPool-1-worker-7] ERROR com.intuit.karate - http request failed: 
org.apache.http.client.ClientProtocolException
15:21:22.515 [ForkJoinPool-1-worker-7] ERROR com.intuit.karate - feature call (loop) failed at index: 5
caller: classpath:InspireTest/ngr/datasetrecords/def/checkxlinkurl.template.feature
arg: {"link":""}
checkxlinkurl.template.feature:14 - 
org.apache.http.client.ClientProtocolException
15:21:22.671 [ForkJoinPool-1-worker-13] ERROR com.intuit.karate - assertion failed: path: $, actual: 400, expected: 200, reason: not equal (Integer)
15:21:22.671 [ForkJoinPool-1-worker-13] ERROR com.intuit.karate - feature call (loop) failed at index: 0
caller: classpath:InspireTest/ngr/datasetrecords/def/checkxlinkurl.template.feature
arg: {"link":"https://geodata.nationaalgeoregister.nl/inspire/su-grid/wfs"}
checkxlinkurl.template.feature:22 - path: $, actual: 400, expected: 200, reason: not equal (Integer)
15:21:22.672 [ForkJoinPool-1-worker-13] INFO  com.intuit.karate - [print]
15:21:22.672 [ForkJoinPool-1-worker-13] INFO  com.intuit.karate - [print] testing xlinkurl:
15:21:22.672 [ForkJoinPool-1-worker-13] ERROR com.intuit.karate - org.apache.http.client.ClientProtocolException, http call failed after 0 milliseconds for URL: 
15:21:22.673 [ForkJoinPool-1-worker-13] ERROR com.intuit.karate - http request failed: 
org.apache.http.client.ClientProtocolException
15:21:22.673 [ForkJoinPool-1-worker-13] ERROR com.intuit.karate - feature call (loop) failed at index: 1
caller: classpath:InspireTest/ngr/datasetrecords/def/checkxlinkurl.template.feature
arg: {"link":""}
checkxlinkurl.template.feature:14 - 
org.apache.http.client.ClientProtocolException
15:21:23.068 [ForkJoinPool-1-worker-9] INFO  com.intuit.karate - [print] title:Potentieel koude en warmte uit open en gesloten WKO systemen (GJ/ha.jaar)
15:21:23.068 [ForkJoinPool-1-worker-9] INFO  com.intuit.karate - [print] Potentieel koude en warmte uit open en gesloten WKO systemen (GJ/ha.jaar)
15:21:23.069 [ForkJoinPool-1-worker-9] INFO  com.intuit.karate - [print] [
  "geodatabeheer.giscc@rvo.nl",
  "geodatabeheer.giscc@rvo.nl",
  "geodatabeheer.giscc@rvo.nl"
]

15:21:23.070 [ForkJoinPool-1-worker-9] INFO  com.intuit.karate - [print] organisation: [
  "Ministerie van Economische Zaken - GIS Competence Center",
  "Ministerie van Economische Zaken - GIS Competence Center"
]

15:21:23.074 [ForkJoinPool-1-worker-9] INFO  com.intuit.karate - [print] [
  "https://nationaalgeoregister.nl/geonetwork/srv/dut/catalog.search#/metadata/dc5b522e-3e14-4738-9e8e-2401e1b19ef2"
]

15:21:23.078 [ForkJoinPool-1-worker-9] INFO  com.intuit.karate - [print]
15:21:23.078 [ForkJoinPool-1-worker-9] INFO  com.intuit.karate - [print] testing xlinkurl:https://nationaalgeoregister.nl/geonetwork/srv/dut/catalog.search#/metadata/dc5b522e-3e14-4738-9e8e-2401e1b19ef2
15:21:23.237 [ForkJoinPool-1-worker-11] INFO  com.intuit.karate - [print] title:Habitatrichtlijn verspreiding van habitattypen
15:21:23.237 [ForkJoinPool-1-worker-11] INFO  com.intuit.karate - [print] Habitatrichtlijn verspreiding van habitattypen
15:21:23.238 [ForkJoinPool-1-worker-11] INFO  com.intuit.karate - [print] [
  "geodatabeheer.giscc@rvo.nl",
  "GeoDesk.CGI@wur.nl",
  "geodatabeheer.giscc@rvo.nl",
  "beheerPDOK@kadaster.nl",
  ""
]

15:21:23.238 [ForkJoinPool-1-worker-11] INFO  com.intuit.karate - [print] organisation: [
  "Ministerie van Economische Zaken - GIS Competence Center",
  "Wageningen Environmental Research (Alterra)",
  "PDOK",
  "Alterra"
]

15:21:23.243 [ForkJoinPool-1-worker-11] INFO  com.intuit.karate - [print] [
  "https://www.nationaalgeoregister.nl/geonetwork/srv/dut/catalog.search#/metadata/977e0e94-7aa9-4784-b2da-eaec44adb61b"
]

15:21:23.247 [ForkJoinPool-1-worker-11] INFO  com.intuit.karate - [print]
15:21:23.247 [ForkJoinPool-1-worker-11] INFO  com.intuit.karate - [print] testing xlinkurl:https://www.nationaalgeoregister.nl/geonetwork/srv/dut/catalog.search#/metadata/977e0e94-7aa9-4784-b2da-eaec44adb61b
15:21:23.250 [ForkJoinPool-1-worker-7] INFO  com.intuit.karate - [print] title:Geluidkaart Schiphol 2016 (Lnight)
15:21:23.250 [ForkJoinPool-1-worker-7] INFO  com.intuit.karate - [print] Geluidkaart Schiphol 2016 (Lnight)
15:21:23.250 [ForkJoinPool-1-worker-7] INFO  com.intuit.karate - [print] [
  "sylvia.koolmees@minienw.nl",
  "sylvia.koolmees@minienw.nl"
]

15:21:23.251 [ForkJoinPool-1-worker-7] INFO  com.intuit.karate - [print] organisation: [
  "Ministerie van IenW",
  "Ministerie van IenW"
]

15:21:23.255 [ForkJoinPool-1-worker-7] INFO  com.intuit.karate - [print] [
  "https://www.nationaalgeoregister.nl/geonetwork/srv/api/records58d39928-f502-48c9-a8c1-03244dc181bf"
]

15:21:23.258 [ForkJoinPool-1-worker-7] INFO  com.intuit.karate - [print]
15:21:23.260 [ForkJoinPool-1-worker-7] INFO  com.intuit.karate - [print] testing xlinkurl:https://www.nationaalgeoregister.nl/geonetwork/srv/api/records58d39928-f502-48c9-a8c1-03244dc181bf
15:21:23.452 [ForkJoinPool-1-worker-13] INFO  com.intuit.karate - [print] title:Vervoersnetwerken - Spoorwegen (INSPIRE geharmoniseerd)
15:21:23.452 [ForkJoinPool-1-worker-13] INFO  com.intuit.karate - [print] Vervoersnetwerken - Spoorwegen (INSPIRE geharmoniseerd)
15:21:23.454 [ForkJoinPool-1-worker-13] INFO  com.intuit.karate - [print] [
  "PPB-GVA@kadaster.nl",
  "kcc@kadaster.nl"
]

15:21:23.455 [ForkJoinPool-1-worker-13] INFO  com.intuit.karate - [print] organisation: [
  "Kadaster",
  "Kadaster"
]

15:21:23.460 [ForkJoinPool-1-worker-13] INFO  com.intuit.karate - [print] [
  "http://www.opengis.net/def/crs/EPSG/0/http://www.opengis.net/def/crs/EPSG/0/4258",
  "http://kadaster/cb4edbd2-2dca-4d44-92bb-b2202048b526"
]

15:21:23.465 [ForkJoinPool-1-worker-13] INFO  com.intuit.karate - [print]
15:21:23.469 [ForkJoinPool-1-worker-13] INFO  com.intuit.karate - [print] testing xlinkurl:http://www.opengis.net/def/crs/EPSG/0/http://www.opengis.net/def/crs/EPSG/0/4258
15:21:23.615 [ForkJoinPool-1-worker-7] ERROR com.intuit.karate - assertion failed: path: $, actual: 500, expected: 200, reason: not equal (Integer)
15:21:23.616 [ForkJoinPool-1-worker-7] ERROR com.intuit.karate - feature call (loop) failed at index: 0
caller: classpath:InspireTest/ngr/datasetrecords/def/checkxlinkurl.template.feature
arg: {"link":"https://www.nationaalgeoregister.nl/geonetwork/srv/api/records58d39928-f502-48c9-a8c1-03244dc181bf"}
checkxlinkurl.template.feature:22 - path: $, actual: 500, expected: 200, reason: not equal (Integer)
15:21:23.820 [ForkJoinPool-1-worker-13] INFO  com.intuit.karate - [print]
15:21:23.821 [ForkJoinPool-1-worker-13] INFO  com.intuit.karate - [print] testing xlinkurl:http://kadaster/cb4edbd2-2dca-4d44-92bb-b2202048b526
15:21:23.822 [ForkJoinPool-1-worker-13] ERROR com.intuit.karate - java.net.UnknownHostException: kadaster, http call failed after 0 milliseconds for URL: http://kadaster/cb4edbd2-2dca-4d44-92bb-b2202048b526
15:21:23.823 [ForkJoinPool-1-worker-13] ERROR com.intuit.karate - http request failed: 
java.net.UnknownHostException: kadaster
15:21:23.824 [ForkJoinPool-1-worker-13] ERROR com.intuit.karate - feature call (loop) failed at index: 1
caller: classpath:InspireTest/ngr/datasetrecords/def/checkxlinkurl.template.feature
arg: {"link":"http://kadaster/cb4edbd2-2dca-4d44-92bb-b2202048b526"}
checkxlinkurl.template.feature:14 - 
java.net.UnknownHostException: kadaster
15:21:24.043 [ForkJoinPool-1-worker-9] INFO  com.intuit.karate - [print] title:Jaarcijfers Landelijk Meetnet Luchtkwaliteit 2012
15:21:24.044 [ForkJoinPool-1-worker-9] INFO  com.intuit.karate - [print] Jaarcijfers Landelijk Meetnet Luchtkwaliteit 2012
15:21:24.045 [ForkJoinPool-1-worker-9] INFO  com.intuit.karate - [print] [
  "geodata@rivm.nl",
  "",
  "geodata@rivm.nl"
]

15:21:24.046 [ForkJoinPool-1-worker-9] INFO  com.intuit.karate - [print] organisation: no organisationName found in dataset record
15:21:24.050 [ForkJoinPool-1-worker-9] INFO  com.intuit.karate - [print] [
  "https://data.rivm.nl/inspire/id#b5ccab29-e2cc-4178-9f81-40c50e909754"
]

15:21:24.053 [ForkJoinPool-1-worker-9] INFO  com.intuit.karate - [print]
15:21:24.053 [ForkJoinPool-1-worker-9] INFO  com.intuit.karate - [print] testing xlinkurl:https://data.rivm.nl/inspire/id#b5ccab29-e2cc-4178-9f81-40c50e909754
15:21:24.269 [ForkJoinPool-1-worker-7] INFO  com.intuit.karate - [print] title:Gemeten Ozon concentraties in buitenlucht.
15:21:24.269 [ForkJoinPool-1-worker-7] INFO  com.intuit.karate - [print] Gemeten Ozon concentraties in buitenlucht.
15:21:24.270 [ForkJoinPool-1-worker-7] INFO  com.intuit.karate - [print] [
  "geodata@rivm.nl",
  "geodata@rivm.nl"
]

15:21:24.271 [ForkJoinPool-1-worker-7] INFO  com.intuit.karate - [print] organisation: no organisationName found in dataset record
15:21:24.274 [ForkJoinPool-1-worker-7] INFO  com.intuit.karate - [print] [
  "https://data.rivm.nl/inspire/id#fd9c4f87-026e-4681-8d94-9702f3c83078"
]

15:21:24.277 [ForkJoinPool-1-worker-7] INFO  com.intuit.karate - [print]
15:21:24.277 [ForkJoinPool-1-worker-7] INFO  com.intuit.karate - [print] testing xlinkurl:https://data.rivm.nl/inspire/id#fd9c4f87-026e-4681-8d94-9702f3c83078
15:21:24.333 [ForkJoinPool-1-worker-11] INFO  com.intuit.karate - [print] title:Luchtfoto 2017 25cm CIR open data
15:21:24.333 [ForkJoinPool-1-worker-11] INFO  com.intuit.karate - [print] Luchtfoto 2017 25cm CIR open data
15:21:24.335 [ForkJoinPool-1-worker-11] INFO  com.intuit.karate - [print] [
  "PPB-GVA@kadaster.nl",
  "info@hetwaterschapshuis.nl",
  "kcc@kadaster.nl",
  "",
  "",
  "",
  "",
  "",
  ""
]

15:21:24.337 [ForkJoinPool-1-worker-11] INFO  com.intuit.karate - [print] organisation: [
  "Kadaster",
  "Het Waterschapshuis",
  "Kadaster",
  "Eurosense",
  "Eurosense",
  "Eurosense",
  "Kadaster",
  "Kadaster"
]

15:21:24.341 [ForkJoinPool-1-worker-11] INFO  com.intuit.karate - [print] [
  "http://kadaster/2482250f-3b00-4439-9f93-f3118229b018",
  "",
  "",
  ""
]

15:21:24.347 [ForkJoinPool-1-worker-11] INFO  com.intuit.karate - [print]
15:21:24.347 [ForkJoinPool-1-worker-11] INFO  com.intuit.karate - [print] testing xlinkurl:http://kadaster/2482250f-3b00-4439-9f93-f3118229b018
15:21:24.348 [ForkJoinPool-1-worker-11] ERROR com.intuit.karate - java.net.UnknownHostException: kadaster, http call failed after 0 milliseconds for URL: http://kadaster/2482250f-3b00-4439-9f93-f3118229b018
15:21:24.349 [ForkJoinPool-1-worker-11] ERROR com.intuit.karate - http request failed: 
java.net.UnknownHostException: kadaster
15:21:24.350 [ForkJoinPool-1-worker-11] ERROR com.intuit.karate - feature call (loop) failed at index: 0
caller: classpath:InspireTest/ngr/datasetrecords/def/checkxlinkurl.template.feature
arg: {"link":"http://kadaster/2482250f-3b00-4439-9f93-f3118229b018"}
checkxlinkurl.template.feature:14 - 
java.net.UnknownHostException: kadaster
15:21:24.351 [ForkJoinPool-1-worker-11] INFO  com.intuit.karate - [print]
15:21:24.352 [ForkJoinPool-1-worker-11] INFO  com.intuit.karate - [print] testing xlinkurl:
15:21:24.353 [ForkJoinPool-1-worker-11] ERROR com.intuit.karate - org.apache.http.client.ClientProtocolException, http call failed after 0 milliseconds for URL: 
15:21:24.353 [ForkJoinPool-1-worker-11] ERROR com.intuit.karate - http request failed: 
org.apache.http.client.ClientProtocolException
15:21:24.354 [ForkJoinPool-1-worker-11] ERROR com.intuit.karate - feature call (loop) failed at index: 1
caller: classpath:InspireTest/ngr/datasetrecords/def/checkxlinkurl.template.feature
arg: {"link":""}
checkxlinkurl.template.feature:14 - 
org.apache.http.client.ClientProtocolException
15:21:24.355 [ForkJoinPool-1-worker-11] INFO  com.intuit.karate - [print]
15:21:24.356 [ForkJoinPool-1-worker-11] INFO  com.intuit.karate - [print] testing xlinkurl:
15:21:24.357 [ForkJoinPool-1-worker-11] ERROR com.intuit.karate - org.apache.http.client.ClientProtocolException, http call failed after 0 milliseconds for URL: 
15:21:24.357 [ForkJoinPool-1-worker-11] ERROR com.intuit.karate - http request failed: 
org.apache.http.client.ClientProtocolException
15:21:24.358 [ForkJoinPool-1-worker-11] ERROR com.intuit.karate - feature call (loop) failed at index: 2
caller: classpath:InspireTest/ngr/datasetrecords/def/checkxlinkurl.template.feature
arg: {"link":""}
checkxlinkurl.template.feature:14 - 
org.apache.http.client.ClientProtocolException
15:21:24.360 [ForkJoinPool-1-worker-11] INFO  com.intuit.karate - [print]
15:21:24.360 [ForkJoinPool-1-worker-11] INFO  com.intuit.karate - [print] testing xlinkurl:
15:21:24.361 [ForkJoinPool-1-worker-11] ERROR com.intuit.karate - org.apache.http.client.ClientProtocolException, http call failed after 0 milliseconds for URL: 
15:21:24.362 [ForkJoinPool-1-worker-11] ERROR com.intuit.karate - http request failed: 
org.apache.http.client.ClientProtocolException
15:21:24.362 [ForkJoinPool-1-worker-11] ERROR com.intuit.karate - feature call (loop) failed at index: 3
caller: classpath:InspireTest/ngr/datasetrecords/def/checkxlinkurl.template.feature
arg: {"link":""}
checkxlinkurl.template.feature:14 - 
org.apache.http.client.ClientProtocolException
15:21:24.411 [ForkJoinPool-1-worker-9] ERROR com.intuit.karate - javax.net.ssl.SSLException: Connection reset, http call failed after 356 milliseconds for URL: https://data.rivm.nl/inspire/id#b5ccab29-e2cc-4178-9f81-40c50e909754
15:21:24.411 [ForkJoinPool-1-worker-9] ERROR com.intuit.karate - http request failed: 
javax.net.ssl.SSLException: Connection reset
15:21:24.411 [ForkJoinPool-1-worker-9] ERROR com.intuit.karate - feature call (loop) failed at index: 0
caller: classpath:InspireTest/ngr/datasetrecords/def/checkxlinkurl.template.feature
arg: {"link":"https://data.rivm.nl/inspire/id#b5ccab29-e2cc-4178-9f81-40c50e909754"}
checkxlinkurl.template.feature:14 - 
javax.net.ssl.SSLException: Connection reset
15:21:24.594 [ForkJoinPool-1-worker-13] INFO  com.intuit.karate - [print] title:-Gegevens boormonsterprofiel onder PDOK
15:21:24.594 [ForkJoinPool-1-worker-13] INFO  com.intuit.karate - [print] -Gegevens boormonsterprofiel onder PDOK
15:21:24.594 [ForkJoinPool-1-worker-13] INFO  com.intuit.karate - [print] [
  "info@dinoloket",
  "info@dinoloket.nl"
]

15:21:24.595 [ForkJoinPool-1-worker-13] INFO  com.intuit.karate - [print] organisation: [
  "TNO Geologische Dienst Nederland",
  "TNO Geologische Dienst Nederland"
]

15:21:24.599 [ForkJoinPool-1-worker-13] INFO  com.intuit.karate - [print] [
  "https://ngr.acceptatie.nationaalgeoregister.nl/geonetwork/srv/resourcesc7662717-9e43-4367-a344-723d73abbb3e"
]

15:21:24.609 [ForkJoinPool-1-worker-13] INFO  com.intuit.karate - [print]
15:21:24.612 [ForkJoinPool-1-worker-13] INFO  com.intuit.karate - [print] testing xlinkurl:https://ngr.acceptatie.nationaalgeoregister.nl/geonetwork/srv/resourcesc7662717-9e43-4367-a344-723d73abbb3e
15:21:24.633 [ForkJoinPool-1-worker-7] ERROR com.intuit.karate - javax.net.ssl.SSLException: Connection reset, http call failed after 355 milliseconds for URL: https://data.rivm.nl/inspire/id#fd9c4f87-026e-4681-8d94-9702f3c83078
15:21:24.633 [ForkJoinPool-1-worker-7] ERROR com.intuit.karate - http request failed: 
javax.net.ssl.SSLException: Connection reset
15:21:24.633 [ForkJoinPool-1-worker-7] ERROR com.intuit.karate - feature call (loop) failed at index: 0
caller: classpath:InspireTest/ngr/datasetrecords/def/checkxlinkurl.template.feature
arg: {"link":"https://data.rivm.nl/inspire/id#fd9c4f87-026e-4681-8d94-9702f3c83078"}
checkxlinkurl.template.feature:14 - 
javax.net.ssl.SSLException: Connection reset
15:21:24.893 [ForkJoinPool-1-worker-13] ERROR com.intuit.karate - assertion failed: path: $, actual: 404, expected: 200, reason: not equal (Integer)
15:21:24.894 [ForkJoinPool-1-worker-13] ERROR com.intuit.karate - feature call (loop) failed at index: 0
caller: classpath:InspireTest/ngr/datasetrecords/def/checkxlinkurl.template.feature
arg: {"link":"https://ngr.acceptatie.nationaalgeoregister.nl/geonetwork/srv/resourcesc7662717-9e43-4367-a344-723d73abbb3e"}
checkxlinkurl.template.feature:22 - path: $, actual: 404, expected: 200, reason: not equal (Integer)
15:21:25.047 [ForkJoinPool-1-worker-11] INFO  com.intuit.karate - [print] title:Monitoring stations (Nitraatrichtlijn) ondiepe filters
15:21:25.047 [ForkJoinPool-1-worker-11] INFO  com.intuit.karate - [print] Monitoring stations (Nitraatrichtlijn) ondiepe filters
15:21:25.048 [ForkJoinPool-1-worker-11] INFO  com.intuit.karate - [print] [
  "geodata@rivm.nl",
  "",
  "geodata@rivm.nl"
]

15:21:25.050 [ForkJoinPool-1-worker-11] INFO  com.intuit.karate - [print] organisation: no organisationName found in dataset record
15:21:25.055 [ForkJoinPool-1-worker-11] INFO  com.intuit.karate - [print] [
  "https://data.rivm.nl/inspire/id#7247293d-2113-44d8-b335-8167b2ec4d1b"
]

15:21:25.065 [ForkJoinPool-1-worker-11] INFO  com.intuit.karate - [print]
15:21:25.065 [ForkJoinPool-1-worker-11] INFO  com.intuit.karate - [print] testing xlinkurl:https://data.rivm.nl/inspire/id#7247293d-2113-44d8-b335-8167b2ec4d1b
15:21:25.142 [ForkJoinPool-1-worker-9] INFO  com.intuit.karate - [print] title:Emissies naar het riool in 2011 vanuit de industrie
15:21:25.143 [ForkJoinPool-1-worker-9] INFO  com.intuit.karate - [print] Emissies naar het riool in 2011 vanuit de industrie
15:21:25.143 [ForkJoinPool-1-worker-9] INFO  com.intuit.karate - [print] [
  "emissieregistratie@rivm.nl",
  "",
  "emissieregistratie@rivm.nl"
]

15:21:25.144 [ForkJoinPool-1-worker-9] INFO  com.intuit.karate - [print] organisation: no organisationName found in dataset record
15:21:25.156 [ForkJoinPool-1-worker-9] INFO  com.intuit.karate - [print] [
  "https://data.rivm.nl/inspire/id#e6ddc53d-04c4-435d-bedd-a5ace2dc0313"
]

15:21:25.160 [ForkJoinPool-1-worker-9] INFO  com.intuit.karate - [print]
15:21:25.161 [ForkJoinPool-1-worker-9] INFO  com.intuit.karate - [print] testing xlinkurl:https://data.rivm.nl/inspire/id#e6ddc53d-04c4-435d-bedd-a5ace2dc0313
15:21:25.296 [ForkJoinPool-1-worker-7] INFO  com.intuit.karate - [print] title:Administratieve Eenheden (INSPIRE geharmoniseerd)
15:21:25.296 [ForkJoinPool-1-worker-7] INFO  com.intuit.karate - [print] Administratieve Eenheden (INSPIRE geharmoniseerd)
15:21:25.297 [ForkJoinPool-1-worker-7] INFO  com.intuit.karate - [print] [
  "PPB-GVA@kadaster.nl",
  "kcc@kadaster.nl"
]

15:21:25.299 [ForkJoinPool-1-worker-7] INFO  com.intuit.karate - [print] organisation: [
  "Kadaster",
  "Kadaster"
]

15:21:25.305 [ForkJoinPool-1-worker-7] INFO  com.intuit.karate - [print] [
  "http://www.opengis.net/def/crs/EPSG/0/http://www.opengis.net/def/crs/EPSG/0/4258",
  "http://kadaster/29f0fa66-3928-4e95-ae30-5b1eab818ac1"
]

15:21:25.311 [ForkJoinPool-1-worker-7] INFO  com.intuit.karate - [print]
15:21:25.312 [ForkJoinPool-1-worker-7] INFO  com.intuit.karate - [print] testing xlinkurl:http://www.opengis.net/def/crs/EPSG/0/http://www.opengis.net/def/crs/EPSG/0/4258
15:21:25.422 [ForkJoinPool-1-worker-11] ERROR com.intuit.karate - javax.net.ssl.SSLException: Connection reset, http call failed after 356 milliseconds for URL: https://data.rivm.nl/inspire/id#7247293d-2113-44d8-b335-8167b2ec4d1b
15:21:25.422 [ForkJoinPool-1-worker-11] ERROR com.intuit.karate - http request failed: 
javax.net.ssl.SSLException: Connection reset
15:21:25.422 [ForkJoinPool-1-worker-11] ERROR com.intuit.karate - feature call (loop) failed at index: 0
caller: classpath:InspireTest/ngr/datasetrecords/def/checkxlinkurl.template.feature
arg: {"link":"https://data.rivm.nl/inspire/id#7247293d-2113-44d8-b335-8167b2ec4d1b"}
checkxlinkurl.template.feature:14 - 
javax.net.ssl.SSLException: Connection reset
15:21:25.500 [ForkJoinPool-1-worker-13] INFO  com.intuit.karate - [print] title:Zones volgens EU Gemeenschappelijk Visserijbeleid tot 3M en 6M
15:21:25.500 [ForkJoinPool-1-worker-13] INFO  com.intuit.karate - [print] Zones volgens EU Gemeenschappelijk Visserijbeleid tot 3M en 6M
15:21:25.501 [ForkJoinPool-1-worker-13] INFO  com.intuit.karate - [print] [
  "data@hydro.nl",
  "data@hydro.nl",
  "data@hydro.nl",
  "",
  ""
]

15:21:25.502 [ForkJoinPool-1-worker-13] INFO  com.intuit.karate - [print] organisation: [
  "Ministerie van Defensie, Koninklijke Marine, Dienst der Hydrografie",
  "Ministerie van Defensie, Koninklijke Marine, Dienst der Hydrografie",
  "Ministerie van Defensie, Koninklijke Marine, Dienst der Hydrografie"
]

15:21:25.508 [ForkJoinPool-1-worker-13] INFO  com.intuit.karate - [print] [
  "http://www.opengis.net/def/crs/EPSG/0/https://www.opengis.net/def/crs/EPSG/0/4258",
  "https://www.nationaalgeoregister.nl/geonetwork/srv/api/records4617f0e0-6af4-4ac0-9044-31df9d03071c"
]

15:21:25.515 [ForkJoinPool-1-worker-13] INFO  com.intuit.karate - [print]
15:21:25.515 [ForkJoinPool-1-worker-13] INFO  com.intuit.karate - [print] testing xlinkurl:http://www.opengis.net/def/crs/EPSG/0/https://www.opengis.net/def/crs/EPSG/0/4258
15:21:25.515 [ForkJoinPool-1-worker-9] ERROR com.intuit.karate - javax.net.ssl.SSLException: Connection reset, http call failed after 354 milliseconds for URL: https://data.rivm.nl/inspire/id#e6ddc53d-04c4-435d-bedd-a5ace2dc0313
15:21:25.515 [ForkJoinPool-1-worker-9] ERROR com.intuit.karate - http request failed: 
javax.net.ssl.SSLException: Connection reset
15:21:25.515 [ForkJoinPool-1-worker-9] ERROR com.intuit.karate - feature call (loop) failed at index: 0
caller: classpath:InspireTest/ngr/datasetrecords/def/checkxlinkurl.template.feature
arg: {"link":"https://data.rivm.nl/inspire/id#e6ddc53d-04c4-435d-bedd-a5ace2dc0313"}
checkxlinkurl.template.feature:14 - 
javax.net.ssl.SSLException: Connection reset
15:21:25.608 [ForkJoinPool-1-worker-7] INFO  com.intuit.karate - [print]
15:21:25.610 [ForkJoinPool-1-worker-7] INFO  com.intuit.karate - [print] testing xlinkurl:http://kadaster/29f0fa66-3928-4e95-ae30-5b1eab818ac1
15:21:25.611 [ForkJoinPool-1-worker-7] ERROR com.intuit.karate - java.net.UnknownHostException: kadaster, http call failed after 0 milliseconds for URL: http://kadaster/29f0fa66-3928-4e95-ae30-5b1eab818ac1
15:21:25.612 [ForkJoinPool-1-worker-7] ERROR com.intuit.karate - http request failed: 
java.net.UnknownHostException: kadaster
15:21:25.613 [ForkJoinPool-1-worker-7] ERROR com.intuit.karate - feature call (loop) failed at index: 1
caller: classpath:InspireTest/ngr/datasetrecords/def/checkxlinkurl.template.feature
arg: {"link":"http://kadaster/29f0fa66-3928-4e95-ae30-5b1eab818ac1"}
checkxlinkurl.template.feature:14 - 
java.net.UnknownHostException: kadaster
15:21:25.808 [ForkJoinPool-1-worker-13] INFO  com.intuit.karate - [print]
15:21:25.808 [ForkJoinPool-1-worker-13] INFO  com.intuit.karate - [print] testing xlinkurl:https://www.nationaalgeoregister.nl/geonetwork/srv/api/records4617f0e0-6af4-4ac0-9044-31df9d03071c
15:21:25.830 [ForkJoinPool-1-worker-11] INFO  com.intuit.karate - [print] title:Kadastrale kaart v4
15:21:25.831 [ForkJoinPool-1-worker-11] INFO  com.intuit.karate - [print] Kadastrale kaart v4
15:21:25.832 [ForkJoinPool-1-worker-11] INFO  com.intuit.karate - [print] [
  "PPB-GVA@kadaster.nl",
  "kcc@kadaster.nl",
  "kcc@kadaster.nl",
  "",
  ""
]

15:21:25.833 [ForkJoinPool-1-worker-11] INFO  com.intuit.karate - [print] organisation: [
  "Kadaster",
  "Kadaster en Openbare Registers",
  "Dienst voor het Kadaster en de Openbare Registers"
]

15:21:25.847 [ForkJoinPool-1-worker-11] INFO  com.intuit.karate - [print] [
  "h",
  "t",
  "t",
  "p",
  "s",
  ":",
  "/",
  "/",
  "w",
  "w",
  "w",
  ".",
  "n",
  "a",
  "t",
  "i",
  "o",
  "n",
  "a",
  "a",
  "l",
  "g",
  "e",
  "o",
  "r",
  "e",
  "g",
  "i",
  "s",
  "t",
  "e",
  "r",
  ".",
  "n",
  "l",
  ":",
  "4",
  "4",
  "3",
  "/",
  "g",
  "e",
  "o",
  "n",
  "e",
  "t",
  "w",
  "o",
  "r",
  "k",
  "/",
  "s",
  "r",
  "v",
  "/",
  "e",
  "n",
  "g",
  "/",
  "t",
  "h",
  "e",
  "s",
  "a",
  "u",
  "r",
  "u",
  "s",
  ".",
  "d",
  "o",
  "w",
  "n",
  "l",
  "o",
  "a",
  "d",
  "?",
  "r",
  "e",
  "f",
  "=",
  "e",
  "x",
  "t",
  "e",
  "r",
  "n",
  "a",
  "l",
  ".",
  "t",
  "h",
  "e",
  "m",
  "e",
  ".",
  "h",
  "t",
  "t",
  "p",
  "i",
  "n",
  "s",
  "p",
  "i",
  "r",
  "e",
  "e",
  "c",
  "e",
  "u",
  "r",
  "o",
  "p",
  "a",
  "e",
  "u",
  "t",
  "h",
  "e",
  "m",
  "e",
  "-",
  "t",
  "h",
  "e",
  "m",
  "e"
]

15:21:25.853 [ForkJoinPool-1-worker-11] INFO  com.intuit.karate - [print]
15:21:25.854 [ForkJoinPool-1-worker-11] INFO  com.intuit.karate - [print] testing xlinkurl:h
15:21:25.855 [ForkJoinPool-1-worker-11] ERROR com.intuit.karate - org.apache.http.client.ClientProtocolException, http call failed after 0 milliseconds for URL: h
15:21:25.855 [ForkJoinPool-1-worker-11] ERROR com.intuit.karate - http request failed: 
org.apache.http.client.ClientProtocolException
15:21:25.856 [ForkJoinPool-1-worker-11] ERROR com.intuit.karate - feature call (loop) failed at index: 0
caller: classpath:InspireTest/ngr/datasetrecords/def/checkxlinkurl.template.feature
arg: {"link":"h"}
checkxlinkurl.template.feature:14 - 
org.apache.http.client.ClientProtocolException
15:21:25.858 [ForkJoinPool-1-worker-11] INFO  com.intuit.karate - [print]
15:21:25.859 [ForkJoinPool-1-worker-11] INFO  com.intuit.karate - [print] testing xlinkurl:t
15:21:25.860 [ForkJoinPool-1-worker-11] ERROR com.intuit.karate - org.apache.http.client.ClientProtocolException, http call failed after 0 milliseconds for URL: t
15:21:25.860 [ForkJoinPool-1-worker-11] ERROR com.intuit.karate - http request failed: 
org.apache.http.client.ClientProtocolException
15:21:25.861 [ForkJoinPool-1-worker-11] ERROR com.intuit.karate - feature call (loop) failed at index: 1
caller: classpath:InspireTest/ngr/datasetrecords/def/checkxlinkurl.template.feature
arg: {"link":"t"}
checkxlinkurl.template.feature:14 - 
org.apache.http.client.ClientProtocolException
15:21:25.862 [ForkJoinPool-1-worker-11] INFO  com.intuit.karate - [print]
15:21:25.863 [ForkJoinPool-1-worker-11] INFO  com.intuit.karate - [print] testing xlinkurl:t
15:21:25.864 [ForkJoinPool-1-worker-11] ERROR com.intuit.karate - org.apache.http.client.ClientProtocolException, http call failed after 0 milliseconds for URL: t
15:21:25.864 [ForkJoinPool-1-worker-11] ERROR com.intuit.karate - http request failed: 
org.apache.http.client.ClientProtocolException
15:21:25.865 [ForkJoinPool-1-worker-11] ERROR com.intuit.karate - feature call (loop) failed at index: 2
caller: classpath:InspireTest/ngr/datasetrecords/def/checkxlinkurl.template.feature
arg: {"link":"t"}
checkxlinkurl.template.feature:14 - 
org.apache.http.client.ClientProtocolException
15:21:25.866 [ForkJoinPool-1-worker-11] INFO  com.intuit.karate - [print]
15:21:25.867 [ForkJoinPool-1-worker-11] INFO  com.intuit.karate - [print] testing xlinkurl:p
15:21:25.868 [ForkJoinPool-1-worker-11] ERROR com.intuit.karate - org.apache.http.client.ClientProtocolException, http call failed after 0 milliseconds for URL: p
15:21:25.868 [ForkJoinPool-1-worker-11] ERROR com.intuit.karate - http request failed: 
org.apache.http.client.ClientProtocolException
15:21:25.869 [ForkJoinPool-1-worker-11] ERROR com.intuit.karate - feature call (loop) failed at index: 3
caller: classpath:InspireTest/ngr/datasetrecords/def/checkxlinkurl.template.feature
arg: {"link":"p"}
checkxlinkurl.template.feature:14 - 
org.apache.http.client.ClientProtocolException
15:21:25.870 [ForkJoinPool-1-worker-11] INFO  com.intuit.karate - [print]
15:21:25.871 [ForkJoinPool-1-worker-11] INFO  com.intuit.karate - [print] testing xlinkurl:s
15:21:25.872 [ForkJoinPool-1-worker-11] ERROR com.intuit.karate - org.apache.http.client.ClientProtocolException, http call failed after 0 milliseconds for URL: s
15:21:25.872 [ForkJoinPool-1-worker-11] ERROR com.intuit.karate - http request failed: 
org.apache.http.client.ClientProtocolException
15:21:25.873 [ForkJoinPool-1-worker-11] ERROR com.intuit.karate - feature call (loop) failed at index: 4
caller: classpath:InspireTest/ngr/datasetrecords/def/checkxlinkurl.template.feature
arg: {"link":"s"}
checkxlinkurl.template.feature:14 - 
org.apache.http.client.ClientProtocolException
15:21:25.874 [ForkJoinPool-1-worker-11] INFO  com.intuit.karate - [print]
15:21:25.875 [ForkJoinPool-1-worker-11] INFO  com.intuit.karate - [print] testing xlinkurl::
15:21:25.875 [ForkJoinPool-1-worker-11] ERROR com.intuit.karate - http request failed: java.net.URISyntaxException: Expected scheme name at index 0: :
15:21:25.876 [ForkJoinPool-1-worker-11] ERROR com.intuit.karate - feature call (loop) failed at index: 5
caller: classpath:InspireTest/ngr/datasetrecords/def/checkxlinkurl.template.feature
arg: {"link":":"}
checkxlinkurl.template.feature:14 - java.net.URISyntaxException: Expected scheme name at index 0: :
15:21:25.878 [ForkJoinPool-1-worker-11] INFO  com.intuit.karate - [print]
15:21:25.878 [ForkJoinPool-1-worker-11] INFO  com.intuit.karate - [print] testing xlinkurl:/
15:21:25.879 [ForkJoinPool-1-worker-11] ERROR com.intuit.karate - org.apache.http.client.ClientProtocolException, http call failed after 0 milliseconds for URL: /
15:21:25.879 [ForkJoinPool-1-worker-11] ERROR com.intuit.karate - http request failed: 
org.apache.http.client.ClientProtocolException
15:21:25.880 [ForkJoinPool-1-worker-11] ERROR com.intuit.karate - feature call (loop) failed at index: 6
caller: classpath:InspireTest/ngr/datasetrecords/def/checkxlinkurl.template.feature
arg: {"link":"/"}
checkxlinkurl.template.feature:14 - 
org.apache.http.client.ClientProtocolException
15:21:25.882 [ForkJoinPool-1-worker-11] INFO  com.intuit.karate - [print]
15:21:25.882 [ForkJoinPool-1-worker-11] INFO  com.intuit.karate - [print] testing xlinkurl:/
15:21:25.883 [ForkJoinPool-1-worker-11] ERROR com.intuit.karate - org.apache.http.client.ClientProtocolException, http call failed after 0 milliseconds for URL: /
15:21:25.884 [ForkJoinPool-1-worker-11] ERROR com.intuit.karate - http request failed: 
org.apache.http.client.ClientProtocolException
15:21:25.884 [ForkJoinPool-1-worker-11] ERROR com.intuit.karate - feature call (loop) failed at index: 7
caller: classpath:InspireTest/ngr/datasetrecords/def/checkxlinkurl.template.feature
arg: {"link":"/"}
checkxlinkurl.template.feature:14 - 
org.apache.http.client.ClientProtocolException
15:21:25.886 [ForkJoinPool-1-worker-11] INFO  com.intuit.karate - [print]
15:21:25.886 [ForkJoinPool-1-worker-11] INFO  com.intuit.karate - [print] testing xlinkurl:w
15:21:25.887 [ForkJoinPool-1-worker-11] ERROR com.intuit.karate - org.apache.http.client.ClientProtocolException, http call failed after 0 milliseconds for URL: w
15:21:25.888 [ForkJoinPool-1-worker-11] ERROR com.intuit.karate - http request failed: 
org.apache.http.client.ClientProtocolException
15:21:25.888 [ForkJoinPool-1-worker-11] ERROR com.intuit.karate - feature call (loop) failed at index: 8
caller: classpath:InspireTest/ngr/datasetrecords/def/checkxlinkurl.template.feature
arg: {"link":"w"}
checkxlinkurl.template.feature:14 - 
org.apache.http.client.ClientProtocolException
15:21:25.890 [ForkJoinPool-1-worker-11] INFO  com.intuit.karate - [print]
15:21:25.890 [ForkJoinPool-1-worker-11] INFO  com.intuit.karate - [print] testing xlinkurl:w
15:21:25.891 [ForkJoinPool-1-worker-11] ERROR com.intuit.karate - org.apache.http.client.ClientProtocolException, http call failed after 0 milliseconds for URL: w
15:21:25.892 [ForkJoinPool-1-worker-11] ERROR com.intuit.karate - http request failed: 
org.apache.http.client.ClientProtocolException
15:21:25.892 [ForkJoinPool-1-worker-11] ERROR com.intuit.karate - feature call (loop) failed at index: 9
caller: classpath:InspireTest/ngr/datasetrecords/def/checkxlinkurl.template.feature
arg: {"link":"w"}
checkxlinkurl.template.feature:14 - 
org.apache.http.client.ClientProtocolException
15:21:25.894 [ForkJoinPool-1-worker-11] INFO  com.intuit.karate - [print]
15:21:25.894 [ForkJoinPool-1-worker-11] INFO  com.intuit.karate - [print] testing xlinkurl:w
15:21:25.895 [ForkJoinPool-1-worker-11] ERROR com.intuit.karate - org.apache.http.client.ClientProtocolException, http call failed after 0 milliseconds for URL: w
15:21:25.895 [ForkJoinPool-1-worker-11] ERROR com.intuit.karate - http request failed: 
org.apache.http.client.ClientProtocolException
15:21:25.896 [ForkJoinPool-1-worker-11] ERROR com.intuit.karate - feature call (loop) failed at index: 10
caller: classpath:InspireTest/ngr/datasetrecords/def/checkxlinkurl.template.feature
arg: {"link":"w"}
checkxlinkurl.template.feature:14 - 
org.apache.http.client.ClientProtocolException
15:21:25.898 [ForkJoinPool-1-worker-11] INFO  com.intuit.karate - [print]
15:21:25.898 [ForkJoinPool-1-worker-11] INFO  com.intuit.karate - [print] testing xlinkurl:.
15:21:25.899 [ForkJoinPool-1-worker-11] ERROR com.intuit.karate - org.apache.http.client.ClientProtocolException, http call failed after 0 milliseconds for URL: .
15:21:25.899 [ForkJoinPool-1-worker-11] ERROR com.intuit.karate - http request failed: 
org.apache.http.client.ClientProtocolException
15:21:25.899 [ForkJoinPool-1-worker-11] ERROR com.intuit.karate - feature call (loop) failed at index: 11
caller: classpath:InspireTest/ngr/datasetrecords/def/checkxlinkurl.template.feature
arg: {"link":"."}
checkxlinkurl.template.feature:14 - 
org.apache.http.client.ClientProtocolException
15:21:25.900 [ForkJoinPool-1-worker-11] INFO  com.intuit.karate - [print]
15:21:25.900 [ForkJoinPool-1-worker-11] INFO  com.intuit.karate - [print] testing xlinkurl:n
15:21:25.901 [ForkJoinPool-1-worker-11] ERROR com.intuit.karate - org.apache.http.client.ClientProtocolException, http call failed after 0 milliseconds for URL: n
15:21:25.901 [ForkJoinPool-1-worker-11] ERROR com.intuit.karate - http request failed: 
org.apache.http.client.ClientProtocolException
15:21:25.902 [ForkJoinPool-1-worker-11] ERROR com.intuit.karate - feature call (loop) failed at index: 12
caller: classpath:InspireTest/ngr/datasetrecords/def/checkxlinkurl.template.feature
arg: {"link":"n"}
checkxlinkurl.template.feature:14 - 
org.apache.http.client.ClientProtocolException
15:21:25.903 [ForkJoinPool-1-worker-11] INFO  com.intuit.karate - [print]
15:21:25.903 [ForkJoinPool-1-worker-11] INFO  com.intuit.karate - [print] testing xlinkurl:a
15:21:25.903 [ForkJoinPool-1-worker-11] ERROR com.intuit.karate - org.apache.http.client.ClientProtocolException, http call failed after 0 milliseconds for URL: a
15:21:25.904 [ForkJoinPool-1-worker-11] ERROR com.intuit.karate - http request failed: 
org.apache.http.client.ClientProtocolException
15:21:25.904 [ForkJoinPool-1-worker-11] ERROR com.intuit.karate - feature call (loop) failed at index: 13
caller: classpath:InspireTest/ngr/datasetrecords/def/checkxlinkurl.template.feature
arg: {"link":"a"}
checkxlinkurl.template.feature:14 - 
org.apache.http.client.ClientProtocolException
15:21:25.905 [ForkJoinPool-1-worker-11] INFO  com.intuit.karate - [print]
15:21:25.905 [ForkJoinPool-1-worker-11] INFO  com.intuit.karate - [print] testing xlinkurl:t
15:21:25.906 [ForkJoinPool-1-worker-11] ERROR com.intuit.karate - org.apache.http.client.ClientProtocolException, http call failed after 0 milliseconds for URL: t
15:21:25.906 [ForkJoinPool-1-worker-11] ERROR com.intuit.karate - http request failed: 
org.apache.http.client.ClientProtocolException
15:21:25.907 [ForkJoinPool-1-worker-11] ERROR com.intuit.karate - feature call (loop) failed at index: 14
caller: classpath:InspireTest/ngr/datasetrecords/def/checkxlinkurl.template.feature
arg: {"link":"t"}
checkxlinkurl.template.feature:14 - 
org.apache.http.client.ClientProtocolException
15:21:25.908 [ForkJoinPool-1-worker-11] INFO  com.intuit.karate - [print]
15:21:25.908 [ForkJoinPool-1-worker-11] INFO  com.intuit.karate - [print] testing xlinkurl:i
15:21:25.908 [ForkJoinPool-1-worker-11] ERROR com.intuit.karate - org.apache.http.client.ClientProtocolException, http call failed after 0 milliseconds for URL: i
15:21:25.909 [ForkJoinPool-1-worker-11] ERROR com.intuit.karate - http request failed: 
org.apache.http.client.ClientProtocolException
15:21:25.909 [ForkJoinPool-1-worker-11] ERROR com.intuit.karate - feature call (loop) failed at index: 15
caller: classpath:InspireTest/ngr/datasetrecords/def/checkxlinkurl.template.feature
arg: {"link":"i"}
checkxlinkurl.template.feature:14 - 
org.apache.http.client.ClientProtocolException
15:21:25.910 [ForkJoinPool-1-worker-11] INFO  com.intuit.karate - [print]
15:21:25.910 [ForkJoinPool-1-worker-11] INFO  com.intuit.karate - [print] testing xlinkurl:o
15:21:25.911 [ForkJoinPool-1-worker-11] ERROR com.intuit.karate - org.apache.http.client.ClientProtocolException, http call failed after 0 milliseconds for URL: o
15:21:25.911 [ForkJoinPool-1-worker-11] ERROR com.intuit.karate - http request failed: 
org.apache.http.client.ClientProtocolException
15:21:25.912 [ForkJoinPool-1-worker-11] ERROR com.intuit.karate - feature call (loop) failed at index: 16
caller: classpath:InspireTest/ngr/datasetrecords/def/checkxlinkurl.template.feature
arg: {"link":"o"}
checkxlinkurl.template.feature:14 - 
org.apache.http.client.ClientProtocolException
15:21:25.921 [ForkJoinPool-1-worker-11] INFO  com.intuit.karate - [print]
15:21:25.921 [ForkJoinPool-1-worker-11] INFO  com.intuit.karate - [print] testing xlinkurl:n
15:21:25.922 [ForkJoinPool-1-worker-11] ERROR com.intuit.karate - org.apache.http.client.ClientProtocolException, http call failed after 0 milliseconds for URL: n
15:21:25.922 [ForkJoinPool-1-worker-11] ERROR com.intuit.karate - http request failed: 
org.apache.http.client.ClientProtocolException
15:21:25.922 [ForkJoinPool-1-worker-11] ERROR com.intuit.karate - feature call (loop) failed at index: 17
caller: classpath:InspireTest/ngr/datasetrecords/def/checkxlinkurl.template.feature
arg: {"link":"n"}
checkxlinkurl.template.feature:14 - 
org.apache.http.client.ClientProtocolException
15:21:25.922 [ForkJoinPool-1-worker-11] INFO  com.intuit.karate - [print]
15:21:25.922 [ForkJoinPool-1-worker-11] INFO  com.intuit.karate - [print] testing xlinkurl:a
15:21:25.922 [ForkJoinPool-1-worker-11] ERROR com.intuit.karate - org.apache.http.client.ClientProtocolException, http call failed after 0 milliseconds for URL: a
15:21:25.923 [ForkJoinPool-1-worker-11] ERROR com.intuit.karate - http request failed: 
org.apache.http.client.ClientProtocolException
15:21:25.923 [ForkJoinPool-1-worker-11] ERROR com.intuit.karate - feature call (loop) failed at index: 18
caller: classpath:InspireTest/ngr/datasetrecords/def/checkxlinkurl.template.feature
arg: {"link":"a"}
checkxlinkurl.template.feature:14 - 
org.apache.http.client.ClientProtocolException
15:21:25.931 [ForkJoinPool-1-worker-11] INFO  com.intuit.karate - [print]
15:21:25.931 [ForkJoinPool-1-worker-11] INFO  com.intuit.karate - [print] testing xlinkurl:a
15:21:25.932 [ForkJoinPool-1-worker-11] ERROR com.intuit.karate - org.apache.http.client.ClientProtocolException, http call failed after 0 milliseconds for URL: a
15:21:25.932 [ForkJoinPool-1-worker-11] ERROR com.intuit.karate - http request failed: 
org.apache.http.client.ClientProtocolException
15:21:25.932 [ForkJoinPool-1-worker-11] ERROR com.intuit.karate - feature call (loop) failed at index: 19
caller: classpath:InspireTest/ngr/datasetrecords/def/checkxlinkurl.template.feature
arg: {"link":"a"}
checkxlinkurl.template.feature:14 - 
org.apache.http.client.ClientProtocolException
15:21:25.933 [ForkJoinPool-1-worker-11] INFO  com.intuit.karate - [print]
15:21:25.934 [ForkJoinPool-1-worker-11] INFO  com.intuit.karate - [print] testing xlinkurl:l
15:21:25.936 [ForkJoinPool-1-worker-11] ERROR com.intuit.karate - org.apache.http.client.ClientProtocolException, http call failed after 0 milliseconds for URL: l
15:21:25.938 [ForkJoinPool-1-worker-11] ERROR com.intuit.karate - http request failed: 
org.apache.http.client.ClientProtocolException
15:21:25.938 [ForkJoinPool-1-worker-11] ERROR com.intuit.karate - feature call (loop) failed at index: 20
caller: classpath:InspireTest/ngr/datasetrecords/def/checkxlinkurl.template.feature
arg: {"link":"l"}
checkxlinkurl.template.feature:14 - 
org.apache.http.client.ClientProtocolException
15:21:25.941 [ForkJoinPool-1-worker-11] INFO  com.intuit.karate - [print]
15:21:25.942 [ForkJoinPool-1-worker-11] INFO  com.intuit.karate - [print] testing xlinkurl:g
15:21:25.942 [ForkJoinPool-1-worker-11] ERROR com.intuit.karate - org.apache.http.client.ClientProtocolException, http call failed after 0 milliseconds for URL: g
15:21:25.943 [ForkJoinPool-1-worker-11] ERROR com.intuit.karate - http request failed: 
org.apache.http.client.ClientProtocolException
15:21:25.943 [ForkJoinPool-1-worker-11] ERROR com.intuit.karate - feature call (loop) failed at index: 21
caller: classpath:InspireTest/ngr/datasetrecords/def/checkxlinkurl.template.feature
arg: {"link":"g"}
checkxlinkurl.template.feature:14 - 
org.apache.http.client.ClientProtocolException
15:21:25.944 [ForkJoinPool-1-worker-11] INFO  com.intuit.karate - [print]
15:21:25.944 [ForkJoinPool-1-worker-11] INFO  com.intuit.karate - [print] testing xlinkurl:e
15:21:25.945 [ForkJoinPool-1-worker-11] ERROR com.intuit.karate - org.apache.http.client.ClientProtocolException, http call failed after 0 milliseconds for URL: e
15:21:25.945 [ForkJoinPool-1-worker-11] ERROR com.intuit.karate - http request failed: 
org.apache.http.client.ClientProtocolException
15:21:25.945 [ForkJoinPool-1-worker-11] ERROR com.intuit.karate - feature call (loop) failed at index: 22
caller: classpath:InspireTest/ngr/datasetrecords/def/checkxlinkurl.template.feature
arg: {"link":"e"}
checkxlinkurl.template.feature:14 - 
org.apache.http.client.ClientProtocolException
15:21:25.946 [ForkJoinPool-1-worker-11] INFO  com.intuit.karate - [print]
15:21:25.948 [ForkJoinPool-1-worker-11] INFO  com.intuit.karate - [print] testing xlinkurl:o
15:21:25.948 [ForkJoinPool-1-worker-11] ERROR com.intuit.karate - org.apache.http.client.ClientProtocolException, http call failed after 0 milliseconds for URL: o
15:21:25.948 [ForkJoinPool-1-worker-11] ERROR com.intuit.karate - http request failed: 
org.apache.http.client.ClientProtocolException
15:21:25.949 [ForkJoinPool-1-worker-11] ERROR com.intuit.karate - feature call (loop) failed at index: 23
caller: classpath:InspireTest/ngr/datasetrecords/def/checkxlinkurl.template.feature
arg: {"link":"o"}
checkxlinkurl.template.feature:14 - 
org.apache.http.client.ClientProtocolException
15:21:25.950 [ForkJoinPool-1-worker-11] INFO  com.intuit.karate - [print]
15:21:25.951 [ForkJoinPool-1-worker-11] INFO  com.intuit.karate - [print] testing xlinkurl:r
15:21:25.951 [ForkJoinPool-1-worker-11] ERROR com.intuit.karate - org.apache.http.client.ClientProtocolException, http call failed after 0 milliseconds for URL: r
15:21:25.961 [ForkJoinPool-1-worker-11] ERROR com.intuit.karate - http request failed: 
org.apache.http.client.ClientProtocolException
15:21:25.962 [ForkJoinPool-1-worker-11] ERROR com.intuit.karate - feature call (loop) failed at index: 24
caller: classpath:InspireTest/ngr/datasetrecords/def/checkxlinkurl.template.feature
arg: {"link":"r"}
checkxlinkurl.template.feature:14 - 
org.apache.http.client.ClientProtocolException
15:21:25.965 [ForkJoinPool-1-worker-11] INFO  com.intuit.karate - [print]
15:21:25.966 [ForkJoinPool-1-worker-11] INFO  com.intuit.karate - [print] testing xlinkurl:e
15:21:25.966 [ForkJoinPool-1-worker-11] ERROR com.intuit.karate - org.apache.http.client.ClientProtocolException, http call failed after 0 milliseconds for URL: e
15:21:25.967 [ForkJoinPool-1-worker-11] ERROR com.intuit.karate - http request failed: 
org.apache.http.client.ClientProtocolException
15:21:25.967 [ForkJoinPool-1-worker-11] ERROR com.intuit.karate - feature call (loop) failed at index: 25
caller: classpath:InspireTest/ngr/datasetrecords/def/checkxlinkurl.template.feature
arg: {"link":"e"}
checkxlinkurl.template.feature:14 - 
org.apache.http.client.ClientProtocolException
15:21:25.968 [ForkJoinPool-1-worker-11] INFO  com.intuit.karate - [print]
15:21:25.968 [ForkJoinPool-1-worker-11] INFO  com.intuit.karate - [print] testing xlinkurl:g
15:21:25.969 [ForkJoinPool-1-worker-11] ERROR com.intuit.karate - org.apache.http.client.ClientProtocolException, http call failed after 0 milliseconds for URL: g
15:21:25.971 [ForkJoinPool-1-worker-11] ERROR com.intuit.karate - http request failed: 
org.apache.http.client.ClientProtocolException
15:21:25.971 [ForkJoinPool-1-worker-11] ERROR com.intuit.karate - feature call (loop) failed at index: 26
caller: classpath:InspireTest/ngr/datasetrecords/def/checkxlinkurl.template.feature
arg: {"link":"g"}
checkxlinkurl.template.feature:14 - 
org.apache.http.client.ClientProtocolException
15:21:25.973 [ForkJoinPool-1-worker-11] INFO  com.intuit.karate - [print]
15:21:25.973 [ForkJoinPool-1-worker-11] INFO  com.intuit.karate - [print] testing xlinkurl:i
15:21:25.973 [ForkJoinPool-1-worker-11] ERROR com.intuit.karate - org.apache.http.client.ClientProtocolException, http call failed after 0 milliseconds for URL: i
15:21:25.974 [ForkJoinPool-1-worker-11] ERROR com.intuit.karate - http request failed: 
org.apache.http.client.ClientProtocolException
15:21:25.974 [ForkJoinPool-1-worker-11] ERROR com.intuit.karate - feature call (loop) failed at index: 27
caller: classpath:InspireTest/ngr/datasetrecords/def/checkxlinkurl.template.feature
arg: {"link":"i"}
checkxlinkurl.template.feature:14 - 
org.apache.http.client.ClientProtocolException
15:21:25.975 [ForkJoinPool-1-worker-11] INFO  com.intuit.karate - [print]
15:21:25.976 [ForkJoinPool-1-worker-11] INFO  com.intuit.karate - [print] testing xlinkurl:s
15:21:25.977 [ForkJoinPool-1-worker-11] ERROR com.intuit.karate - org.apache.http.client.ClientProtocolException, http call failed after 0 milliseconds for URL: s
15:21:25.977 [ForkJoinPool-1-worker-11] ERROR com.intuit.karate - http request failed: 
org.apache.http.client.ClientProtocolException
15:21:25.977 [ForkJoinPool-1-worker-11] ERROR com.intuit.karate - feature call (loop) failed at index: 28
caller: classpath:InspireTest/ngr/datasetrecords/def/checkxlinkurl.template.feature
arg: {"link":"s"}
checkxlinkurl.template.feature:14 - 
org.apache.http.client.ClientProtocolException
15:21:25.979 [ForkJoinPool-1-worker-11] INFO  com.intuit.karate - [print]
15:21:25.979 [ForkJoinPool-1-worker-11] INFO  com.intuit.karate - [print] testing xlinkurl:t
15:21:25.979 [ForkJoinPool-1-worker-11] ERROR com.intuit.karate - org.apache.http.client.ClientProtocolException, http call failed after 0 milliseconds for URL: t
15:21:25.980 [ForkJoinPool-1-worker-11] ERROR com.intuit.karate - http request failed: 
org.apache.http.client.ClientProtocolException
15:21:25.980 [ForkJoinPool-1-worker-11] ERROR com.intuit.karate - feature call (loop) failed at index: 29
caller: classpath:InspireTest/ngr/datasetrecords/def/checkxlinkurl.template.feature
arg: {"link":"t"}
checkxlinkurl.template.feature:14 - 
org.apache.http.client.ClientProtocolException
15:21:25.981 [ForkJoinPool-1-worker-11] INFO  com.intuit.karate - [print]
15:21:25.981 [ForkJoinPool-1-worker-11] INFO  com.intuit.karate - [print] testing xlinkurl:e
15:21:25.982 [ForkJoinPool-1-worker-11] ERROR com.intuit.karate - org.apache.http.client.ClientProtocolException, http call failed after 0 milliseconds for URL: e
15:21:25.982 [ForkJoinPool-1-worker-11] ERROR com.intuit.karate - http request failed: 
org.apache.http.client.ClientProtocolException
15:21:25.982 [ForkJoinPool-1-worker-11] ERROR com.intuit.karate - feature call (loop) failed at index: 30
caller: classpath:InspireTest/ngr/datasetrecords/def/checkxlinkurl.template.feature
arg: {"link":"e"}
checkxlinkurl.template.feature:14 - 
org.apache.http.client.ClientProtocolException
15:21:25.985 [ForkJoinPool-1-worker-11] INFO  com.intuit.karate - [print]
15:21:25.986 [ForkJoinPool-1-worker-11] INFO  com.intuit.karate - [print] testing xlinkurl:r
15:21:25.986 [ForkJoinPool-1-worker-11] ERROR com.intuit.karate - org.apache.http.client.ClientProtocolException, http call failed after 0 milliseconds for URL: r
15:21:25.987 [ForkJoinPool-1-worker-11] ERROR com.intuit.karate - http request failed: 
org.apache.http.client.ClientProtocolException
15:21:25.988 [ForkJoinPool-1-worker-11] ERROR com.intuit.karate - feature call (loop) failed at index: 31
caller: classpath:InspireTest/ngr/datasetrecords/def/checkxlinkurl.template.feature
arg: {"link":"r"}
checkxlinkurl.template.feature:14 - 
org.apache.http.client.ClientProtocolException
15:21:25.988 [ForkJoinPool-1-worker-11] INFO  com.intuit.karate - [print]
15:21:25.989 [ForkJoinPool-1-worker-11] INFO  com.intuit.karate - [print] testing xlinkurl:.
15:21:25.990 [ForkJoinPool-1-worker-11] ERROR com.intuit.karate - org.apache.http.client.ClientProtocolException, http call failed after 0 milliseconds for URL: .
15:21:25.990 [ForkJoinPool-1-worker-11] ERROR com.intuit.karate - http request failed: 
org.apache.http.client.ClientProtocolException
15:21:25.991 [ForkJoinPool-1-worker-11] ERROR com.intuit.karate - feature call (loop) failed at index: 32
caller: classpath:InspireTest/ngr/datasetrecords/def/checkxlinkurl.template.feature
arg: {"link":"."}
checkxlinkurl.template.feature:14 - 
org.apache.http.client.ClientProtocolException
15:21:25.992 [ForkJoinPool-1-worker-11] INFO  com.intuit.karate - [print]
15:21:25.992 [ForkJoinPool-1-worker-11] INFO  com.intuit.karate - [print] testing xlinkurl:n
15:21:25.993 [ForkJoinPool-1-worker-11] ERROR com.intuit.karate - org.apache.http.client.ClientProtocolException, http call failed after 0 milliseconds for URL: n
15:21:25.993 [ForkJoinPool-1-worker-11] ERROR com.intuit.karate - http request failed: 
org.apache.http.client.ClientProtocolException
15:21:25.993 [ForkJoinPool-1-worker-11] ERROR com.intuit.karate - feature call (loop) failed at index: 33
caller: classpath:InspireTest/ngr/datasetrecords/def/checkxlinkurl.template.feature
arg: {"link":"n"}
checkxlinkurl.template.feature:14 - 
org.apache.http.client.ClientProtocolException
15:21:25.994 [ForkJoinPool-1-worker-11] INFO  com.intuit.karate - [print]
15:21:25.994 [ForkJoinPool-1-worker-11] INFO  com.intuit.karate - [print] testing xlinkurl:l
15:21:25.995 [ForkJoinPool-1-worker-11] ERROR com.intuit.karate - org.apache.http.client.ClientProtocolException, http call failed after 0 milliseconds for URL: l
15:21:25.995 [ForkJoinPool-1-worker-11] ERROR com.intuit.karate - http request failed: 
org.apache.http.client.ClientProtocolException
15:21:25.996 [ForkJoinPool-1-worker-11] ERROR com.intuit.karate - feature call (loop) failed at index: 34
caller: classpath:InspireTest/ngr/datasetrecords/def/checkxlinkurl.template.feature
arg: {"link":"l"}
checkxlinkurl.template.feature:14 - 
org.apache.http.client.ClientProtocolException
15:21:25.997 [ForkJoinPool-1-worker-11] INFO  com.intuit.karate - [print]
15:21:25.997 [ForkJoinPool-1-worker-11] INFO  com.intuit.karate - [print] testing xlinkurl::
15:21:25.997 [ForkJoinPool-1-worker-11] ERROR com.intuit.karate - http request failed: java.net.URISyntaxException: Expected scheme name at index 0: :
15:21:25.998 [ForkJoinPool-1-worker-11] ERROR com.intuit.karate - feature call (loop) failed at index: 35
caller: classpath:InspireTest/ngr/datasetrecords/def/checkxlinkurl.template.feature
arg: {"link":":"}
checkxlinkurl.template.feature:14 - java.net.URISyntaxException: Expected scheme name at index 0: :
15:21:25.999 [ForkJoinPool-1-worker-11] INFO  com.intuit.karate - [print]
15:21:25.999 [ForkJoinPool-1-worker-11] INFO  com.intuit.karate - [print] testing xlinkurl:4
15:21:25.999 [ForkJoinPool-1-worker-11] ERROR com.intuit.karate - org.apache.http.client.ClientProtocolException, http call failed after 0 milliseconds for URL: 4
15:21:26.000 [ForkJoinPool-1-worker-11] ERROR com.intuit.karate - http request failed: 
org.apache.http.client.ClientProtocolException
15:21:26.000 [ForkJoinPool-1-worker-11] ERROR com.intuit.karate - feature call (loop) failed at index: 36
caller: classpath:InspireTest/ngr/datasetrecords/def/checkxlinkurl.template.feature
arg: {"link":"4"}
checkxlinkurl.template.feature:14 - 
org.apache.http.client.ClientProtocolException
15:21:26.001 [ForkJoinPool-1-worker-11] INFO  com.intuit.karate - [print]
15:21:26.001 [ForkJoinPool-1-worker-11] INFO  com.intuit.karate - [print] testing xlinkurl:4
15:21:26.002 [ForkJoinPool-1-worker-11] ERROR com.intuit.karate - org.apache.http.client.ClientProtocolException, http call failed after 0 milliseconds for URL: 4
15:21:26.002 [ForkJoinPool-1-worker-11] ERROR com.intuit.karate - http request failed: 
org.apache.http.client.ClientProtocolException
15:21:26.002 [ForkJoinPool-1-worker-11] ERROR com.intuit.karate - feature call (loop) failed at index: 37
caller: classpath:InspireTest/ngr/datasetrecords/def/checkxlinkurl.template.feature
arg: {"link":"4"}
checkxlinkurl.template.feature:14 - 
org.apache.http.client.ClientProtocolException
15:21:26.003 [ForkJoinPool-1-worker-11] INFO  com.intuit.karate - [print]
15:21:26.003 [ForkJoinPool-1-worker-11] INFO  com.intuit.karate - [print] testing xlinkurl:3
15:21:26.004 [ForkJoinPool-1-worker-11] ERROR com.intuit.karate - org.apache.http.client.ClientProtocolException, http call failed after 0 milliseconds for URL: 3
15:21:26.004 [ForkJoinPool-1-worker-11] ERROR com.intuit.karate - http request failed: 
org.apache.http.client.ClientProtocolException
15:21:26.005 [ForkJoinPool-1-worker-11] ERROR com.intuit.karate - feature call (loop) failed at index: 38
caller: classpath:InspireTest/ngr/datasetrecords/def/checkxlinkurl.template.feature
arg: {"link":"3"}
checkxlinkurl.template.feature:14 - 
org.apache.http.client.ClientProtocolException
15:21:26.005 [ForkJoinPool-1-worker-11] INFO  com.intuit.karate - [print]
15:21:26.006 [ForkJoinPool-1-worker-11] INFO  com.intuit.karate - [print] testing xlinkurl:/
15:21:26.006 [ForkJoinPool-1-worker-11] ERROR com.intuit.karate - org.apache.http.client.ClientProtocolException, http call failed after 0 milliseconds for URL: /
15:21:26.007 [ForkJoinPool-1-worker-11] ERROR com.intuit.karate - http request failed: 
org.apache.http.client.ClientProtocolException
15:21:26.007 [ForkJoinPool-1-worker-11] ERROR com.intuit.karate - feature call (loop) failed at index: 39
caller: classpath:InspireTest/ngr/datasetrecords/def/checkxlinkurl.template.feature
arg: {"link":"/"}
checkxlinkurl.template.feature:14 - 
org.apache.http.client.ClientProtocolException
15:21:26.008 [ForkJoinPool-1-worker-11] INFO  com.intuit.karate - [print]
15:21:26.008 [ForkJoinPool-1-worker-11] INFO  com.intuit.karate - [print] testing xlinkurl:g
15:21:26.009 [ForkJoinPool-1-worker-11] ERROR com.intuit.karate - org.apache.http.client.ClientProtocolException, http call failed after 0 milliseconds for URL: g
15:21:26.009 [ForkJoinPool-1-worker-11] ERROR com.intuit.karate - http request failed: 
org.apache.http.client.ClientProtocolException
15:21:26.009 [ForkJoinPool-1-worker-11] ERROR com.intuit.karate - feature call (loop) failed at index: 40
caller: classpath:InspireTest/ngr/datasetrecords/def/checkxlinkurl.template.feature
arg: {"link":"g"}
checkxlinkurl.template.feature:14 - 
org.apache.http.client.ClientProtocolException
15:21:26.010 [ForkJoinPool-1-worker-11] INFO  com.intuit.karate - [print]
15:21:26.011 [ForkJoinPool-1-worker-11] INFO  com.intuit.karate - [print] testing xlinkurl:e
15:21:26.011 [ForkJoinPool-1-worker-11] ERROR com.intuit.karate - org.apache.http.client.ClientProtocolException, http call failed after 0 milliseconds for URL: e
15:21:26.011 [ForkJoinPool-1-worker-11] ERROR com.intuit.karate - http request failed: 
org.apache.http.client.ClientProtocolException
15:21:26.012 [ForkJoinPool-1-worker-11] ERROR com.intuit.karate - feature call (loop) failed at index: 41
caller: classpath:InspireTest/ngr/datasetrecords/def/checkxlinkurl.template.feature
arg: {"link":"e"}
checkxlinkurl.template.feature:14 - 
org.apache.http.client.ClientProtocolException
15:21:26.012 [ForkJoinPool-1-worker-11] INFO  com.intuit.karate - [print]
15:21:26.013 [ForkJoinPool-1-worker-11] INFO  com.intuit.karate - [print] testing xlinkurl:o
15:21:26.013 [ForkJoinPool-1-worker-11] ERROR com.intuit.karate - org.apache.http.client.ClientProtocolException, http call failed after 0 milliseconds for URL: o
15:21:26.013 [ForkJoinPool-1-worker-11] ERROR com.intuit.karate - http request failed: 
org.apache.http.client.ClientProtocolException
15:21:26.014 [ForkJoinPool-1-worker-11] ERROR com.intuit.karate - feature call (loop) failed at index: 42
caller: classpath:InspireTest/ngr/datasetrecords/def/checkxlinkurl.template.feature
arg: {"link":"o"}
checkxlinkurl.template.feature:14 - 
org.apache.http.client.ClientProtocolException
15:21:26.015 [ForkJoinPool-1-worker-11] INFO  com.intuit.karate - [print]
15:21:26.015 [ForkJoinPool-1-worker-11] INFO  com.intuit.karate - [print] testing xlinkurl:n
15:21:26.015 [ForkJoinPool-1-worker-11] ERROR com.intuit.karate - org.apache.http.client.ClientProtocolException, http call failed after 0 milliseconds for URL: n
15:21:26.016 [ForkJoinPool-1-worker-11] ERROR com.intuit.karate - http request failed: 
org.apache.http.client.ClientProtocolException
15:21:26.016 [ForkJoinPool-1-worker-11] ERROR com.intuit.karate - feature call (loop) failed at index: 43
caller: classpath:InspireTest/ngr/datasetrecords/def/checkxlinkurl.template.feature
arg: {"link":"n"}
checkxlinkurl.template.feature:14 - 
org.apache.http.client.ClientProtocolException
15:21:26.017 [ForkJoinPool-1-worker-11] INFO  com.intuit.karate - [print]
15:21:26.017 [ForkJoinPool-1-worker-11] INFO  com.intuit.karate - [print] testing xlinkurl:e
15:21:26.017 [ForkJoinPool-1-worker-11] ERROR com.intuit.karate - org.apache.http.client.ClientProtocolException, http call failed after 0 milliseconds for URL: e
15:21:26.018 [ForkJoinPool-1-worker-11] ERROR com.intuit.karate - http request failed: 
org.apache.http.client.ClientProtocolException
15:21:26.018 [ForkJoinPool-1-worker-11] ERROR com.intuit.karate - feature call (loop) failed at index: 44
caller: classpath:InspireTest/ngr/datasetrecords/def/checkxlinkurl.template.feature
arg: {"link":"e"}
checkxlinkurl.template.feature:14 - 
org.apache.http.client.ClientProtocolException
15:21:26.019 [ForkJoinPool-1-worker-11] INFO  com.intuit.karate - [print]
15:21:26.019 [ForkJoinPool-1-worker-11] INFO  com.intuit.karate - [print] testing xlinkurl:t
15:21:26.019 [ForkJoinPool-1-worker-11] ERROR com.intuit.karate - org.apache.http.client.ClientProtocolException, http call failed after 0 milliseconds for URL: t
15:21:26.020 [ForkJoinPool-1-worker-11] ERROR com.intuit.karate - http request failed: 
org.apache.http.client.ClientProtocolException
15:21:26.020 [ForkJoinPool-1-worker-11] ERROR com.intuit.karate - feature call (loop) failed at index: 45
caller: classpath:InspireTest/ngr/datasetrecords/def/checkxlinkurl.template.feature
arg: {"link":"t"}
checkxlinkurl.template.feature:14 - 
org.apache.http.client.ClientProtocolException
15:21:26.021 [ForkJoinPool-1-worker-11] INFO  com.intuit.karate - [print]
15:21:26.021 [ForkJoinPool-1-worker-11] INFO  com.intuit.karate - [print] testing xlinkurl:w
15:21:26.021 [ForkJoinPool-1-worker-11] ERROR com.intuit.karate - org.apache.http.client.ClientProtocolException, http call failed after 0 milliseconds for URL: w
15:21:26.022 [ForkJoinPool-1-worker-11] ERROR com.intuit.karate - http request failed: 
org.apache.http.client.ClientProtocolException
15:21:26.022 [ForkJoinPool-1-worker-11] ERROR com.intuit.karate - feature call (loop) failed at index: 46
caller: classpath:InspireTest/ngr/datasetrecords/def/checkxlinkurl.template.feature
arg: {"link":"w"}
checkxlinkurl.template.feature:14 - 
org.apache.http.client.ClientProtocolException
15:21:26.022 [ForkJoinPool-1-worker-11] INFO  com.intuit.karate - [print]
15:21:26.022 [ForkJoinPool-1-worker-11] INFO  com.intuit.karate - [print] testing xlinkurl:o
15:21:26.023 [ForkJoinPool-1-worker-11] ERROR com.intuit.karate - org.apache.http.client.ClientProtocolException, http call failed after 0 milliseconds for URL: o
15:21:26.023 [ForkJoinPool-1-worker-11] ERROR com.intuit.karate - http request failed: 
org.apache.http.client.ClientProtocolException
15:21:26.023 [ForkJoinPool-1-worker-11] ERROR com.intuit.karate - feature call (loop) failed at index: 47
caller: classpath:InspireTest/ngr/datasetrecords/def/checkxlinkurl.template.feature
arg: {"link":"o"}
checkxlinkurl.template.feature:14 - 
org.apache.http.client.ClientProtocolException
15:21:26.023 [ForkJoinPool-1-worker-11] INFO  com.intuit.karate - [print]
15:21:26.023 [ForkJoinPool-1-worker-11] INFO  com.intuit.karate - [print] testing xlinkurl:r
15:21:26.024 [ForkJoinPool-1-worker-11] ERROR com.intuit.karate - org.apache.http.client.ClientProtocolException, http call failed after 0 milliseconds for URL: r
15:21:26.024 [ForkJoinPool-1-worker-11] ERROR com.intuit.karate - http request failed: 
org.apache.http.client.ClientProtocolException
15:21:26.024 [ForkJoinPool-1-worker-11] ERROR com.intuit.karate - feature call (loop) failed at index: 48
caller: classpath:InspireTest/ngr/datasetrecords/def/checkxlinkurl.template.feature
arg: {"link":"r"}
checkxlinkurl.template.feature:14 - 
org.apache.http.client.ClientProtocolException
15:21:26.029 [ForkJoinPool-1-worker-11] INFO  com.intuit.karate - [print]
15:21:26.029 [ForkJoinPool-1-worker-11] INFO  com.intuit.karate - [print] testing xlinkurl:k
15:21:26.030 [ForkJoinPool-1-worker-11] ERROR com.intuit.karate - org.apache.http.client.ClientProtocolException, http call failed after 0 milliseconds for URL: k
15:21:26.030 [ForkJoinPool-1-worker-11] ERROR com.intuit.karate - http request failed: 
org.apache.http.client.ClientProtocolException
15:21:26.030 [ForkJoinPool-1-worker-11] ERROR com.intuit.karate - feature call (loop) failed at index: 49
caller: classpath:InspireTest/ngr/datasetrecords/def/checkxlinkurl.template.feature
arg: {"link":"k"}
checkxlinkurl.template.feature:14 - 
org.apache.http.client.ClientProtocolException
15:21:26.030 [ForkJoinPool-1-worker-11] INFO  com.intuit.karate - [print]
15:21:26.030 [ForkJoinPool-1-worker-11] INFO  com.intuit.karate - [print] testing xlinkurl:/
15:21:26.031 [ForkJoinPool-1-worker-11] ERROR com.intuit.karate - org.apache.http.client.ClientProtocolException, http call failed after 0 milliseconds for URL: /
15:21:26.031 [ForkJoinPool-1-worker-11] ERROR com.intuit.karate - http request failed: 
org.apache.http.client.ClientProtocolException
15:21:26.036 [ForkJoinPool-1-worker-11] ERROR com.intuit.karate - feature call (loop) failed at index: 50
caller: classpath:InspireTest/ngr/datasetrecords/def/checkxlinkurl.template.feature
arg: {"link":"/"}
checkxlinkurl.template.feature:14 - 
org.apache.http.client.ClientProtocolException
15:21:26.036 [ForkJoinPool-1-worker-11] INFO  com.intuit.karate - [print]
15:21:26.036 [ForkJoinPool-1-worker-11] INFO  com.intuit.karate - [print] testing xlinkurl:s
15:21:26.036 [ForkJoinPool-1-worker-11] ERROR com.intuit.karate - org.apache.http.client.ClientProtocolException, http call failed after 0 milliseconds for URL: s
15:21:26.037 [ForkJoinPool-1-worker-11] ERROR com.intuit.karate - http request failed: 
org.apache.http.client.ClientProtocolException
15:21:26.037 [ForkJoinPool-1-worker-11] ERROR com.intuit.karate - feature call (loop) failed at index: 51
caller: classpath:InspireTest/ngr/datasetrecords/def/checkxlinkurl.template.feature
arg: {"link":"s"}
checkxlinkurl.template.feature:14 - 
org.apache.http.client.ClientProtocolException
15:21:26.037 [ForkJoinPool-1-worker-11] INFO  com.intuit.karate - [print]
15:21:26.037 [ForkJoinPool-1-worker-11] INFO  com.intuit.karate - [print] testing xlinkurl:r
15:21:26.037 [ForkJoinPool-1-worker-11] ERROR com.intuit.karate - org.apache.http.client.ClientProtocolException, http call failed after 0 milliseconds for URL: r
15:21:26.037 [ForkJoinPool-1-worker-11] ERROR com.intuit.karate - http request failed: 
org.apache.http.client.ClientProtocolException
15:21:26.037 [ForkJoinPool-1-worker-11] ERROR com.intuit.karate - feature call (loop) failed at index: 52
caller: classpath:InspireTest/ngr/datasetrecords/def/checkxlinkurl.template.feature
arg: {"link":"r"}
checkxlinkurl.template.feature:14 - 
org.apache.http.client.ClientProtocolException
15:21:26.041 [ForkJoinPool-1-worker-11] INFO  com.intuit.karate - [print]
15:21:26.042 [ForkJoinPool-1-worker-11] INFO  com.intuit.karate - [print] testing xlinkurl:v
15:21:26.042 [ForkJoinPool-1-worker-11] ERROR com.intuit.karate - org.apache.http.client.ClientProtocolException, http call failed after 0 milliseconds for URL: v
15:21:26.042 [ForkJoinPool-1-worker-11] ERROR com.intuit.karate - http request failed: 
org.apache.http.client.ClientProtocolException
15:21:26.042 [ForkJoinPool-1-worker-11] ERROR com.intuit.karate - feature call (loop) failed at index: 53
caller: classpath:InspireTest/ngr/datasetrecords/def/checkxlinkurl.template.feature
arg: {"link":"v"}
checkxlinkurl.template.feature:14 - 
org.apache.http.client.ClientProtocolException
15:21:26.043 [ForkJoinPool-1-worker-11] INFO  com.intuit.karate - [print]
15:21:26.044 [ForkJoinPool-1-worker-11] INFO  com.intuit.karate - [print] testing xlinkurl:/
15:21:26.044 [ForkJoinPool-1-worker-11] ERROR com.intuit.karate - org.apache.http.client.ClientProtocolException, http call failed after 0 milliseconds for URL: /
15:21:26.044 [ForkJoinPool-1-worker-11] ERROR com.intuit.karate - http request failed: 
org.apache.http.client.ClientProtocolException
15:21:26.044 [ForkJoinPool-1-worker-11] ERROR com.intuit.karate - feature call (loop) failed at index: 54
caller: classpath:InspireTest/ngr/datasetrecords/def/checkxlinkurl.template.feature
arg: {"link":"/"}
checkxlinkurl.template.feature:14 - 
org.apache.http.client.ClientProtocolException
15:21:26.045 [ForkJoinPool-1-worker-11] INFO  com.intuit.karate - [print]
15:21:26.046 [ForkJoinPool-1-worker-11] INFO  com.intuit.karate - [print] testing xlinkurl:e
15:21:26.046 [ForkJoinPool-1-worker-11] ERROR com.intuit.karate - org.apache.http.client.ClientProtocolException, http call failed after 0 milliseconds for URL: e
15:21:26.046 [ForkJoinPool-1-worker-11] ERROR com.intuit.karate - http request failed: 
org.apache.http.client.ClientProtocolException
15:21:26.046 [ForkJoinPool-1-worker-11] ERROR com.intuit.karate - feature call (loop) failed at index: 55
caller: classpath:InspireTest/ngr/datasetrecords/def/checkxlinkurl.template.feature
arg: {"link":"e"}
checkxlinkurl.template.feature:14 - 
org.apache.http.client.ClientProtocolException
15:21:26.051 [ForkJoinPool-1-worker-11] INFO  com.intuit.karate - [print]
15:21:26.051 [ForkJoinPool-1-worker-11] INFO  com.intuit.karate - [print] testing xlinkurl:n
15:21:26.052 [ForkJoinPool-1-worker-11] ERROR com.intuit.karate - org.apache.http.client.ClientProtocolException, http call failed after 0 milliseconds for URL: n
15:21:26.052 [ForkJoinPool-1-worker-11] ERROR com.intuit.karate - http request failed: 
org.apache.http.client.ClientProtocolException
15:21:26.053 [ForkJoinPool-1-worker-11] ERROR com.intuit.karate - feature call (loop) failed at index: 56
caller: classpath:InspireTest/ngr/datasetrecords/def/checkxlinkurl.template.feature
arg: {"link":"n"}
checkxlinkurl.template.feature:14 - 
org.apache.http.client.ClientProtocolException
15:21:26.054 [ForkJoinPool-1-worker-11] INFO  com.intuit.karate - [print]
15:21:26.056 [ForkJoinPool-1-worker-11] INFO  com.intuit.karate - [print] testing xlinkurl:g
15:21:26.057 [ForkJoinPool-1-worker-11] ERROR com.intuit.karate - org.apache.http.client.ClientProtocolException, http call failed after 0 milliseconds for URL: g
15:21:26.057 [ForkJoinPool-1-worker-11] ERROR com.intuit.karate - http request failed: 
org.apache.http.client.ClientProtocolException
15:21:26.057 [ForkJoinPool-1-worker-11] ERROR com.intuit.karate - feature call (loop) failed at index: 57
caller: classpath:InspireTest/ngr/datasetrecords/def/checkxlinkurl.template.feature
arg: {"link":"g"}
checkxlinkurl.template.feature:14 - 
org.apache.http.client.ClientProtocolException
15:21:26.058 [ForkJoinPool-1-worker-11] INFO  com.intuit.karate - [print]
15:21:26.059 [ForkJoinPool-1-worker-11] INFO  com.intuit.karate - [print] testing xlinkurl:/
15:21:26.060 [ForkJoinPool-1-worker-11] ERROR com.intuit.karate - org.apache.http.client.ClientProtocolException, http call failed after 0 milliseconds for URL: /
15:21:26.061 [ForkJoinPool-1-worker-11] ERROR com.intuit.karate - http request failed: 
org.apache.http.client.ClientProtocolException
15:21:26.061 [ForkJoinPool-1-worker-11] ERROR com.intuit.karate - feature call (loop) failed at index: 58
caller: classpath:InspireTest/ngr/datasetrecords/def/checkxlinkurl.template.feature
arg: {"link":"/"}
checkxlinkurl.template.feature:14 - 
org.apache.http.client.ClientProtocolException
15:21:26.061 [ForkJoinPool-1-worker-11] INFO  com.intuit.karate - [print]
15:21:26.062 [ForkJoinPool-1-worker-11] INFO  com.intuit.karate - [print] testing xlinkurl:t
15:21:26.062 [ForkJoinPool-1-worker-11] ERROR com.intuit.karate - org.apache.http.client.ClientProtocolException, http call failed after 0 milliseconds for URL: t
15:21:26.063 [ForkJoinPool-1-worker-11] ERROR com.intuit.karate - http request failed: 
org.apache.http.client.ClientProtocolException
15:21:26.063 [ForkJoinPool-1-worker-11] ERROR com.intuit.karate - feature call (loop) failed at index: 59
caller: classpath:InspireTest/ngr/datasetrecords/def/checkxlinkurl.template.feature
arg: {"link":"t"}
checkxlinkurl.template.feature:14 - 
org.apache.http.client.ClientProtocolException
15:21:26.064 [ForkJoinPool-1-worker-11] INFO  com.intuit.karate - [print]
15:21:26.065 [ForkJoinPool-1-worker-11] INFO  com.intuit.karate - [print] testing xlinkurl:h
15:21:26.065 [ForkJoinPool-1-worker-11] ERROR com.intuit.karate - org.apache.http.client.ClientProtocolException, http call failed after 0 milliseconds for URL: h
15:21:26.065 [ForkJoinPool-1-worker-11] ERROR com.intuit.karate - http request failed: 
org.apache.http.client.ClientProtocolException
15:21:26.069 [ForkJoinPool-1-worker-11] ERROR com.intuit.karate - feature call (loop) failed at index: 60
caller: classpath:InspireTest/ngr/datasetrecords/def/checkxlinkurl.template.feature
arg: {"link":"h"}
checkxlinkurl.template.feature:14 - 
org.apache.http.client.ClientProtocolException
15:21:26.070 [ForkJoinPool-1-worker-11] INFO  com.intuit.karate - [print]
15:21:26.070 [ForkJoinPool-1-worker-11] INFO  com.intuit.karate - [print] testing xlinkurl:e
15:21:26.071 [ForkJoinPool-1-worker-11] ERROR com.intuit.karate - org.apache.http.client.ClientProtocolException, http call failed after 0 milliseconds for URL: e
15:21:26.071 [ForkJoinPool-1-worker-11] ERROR com.intuit.karate - http request failed: 
org.apache.http.client.ClientProtocolException
15:21:26.072 [ForkJoinPool-1-worker-11] ERROR com.intuit.karate - feature call (loop) failed at index: 61
caller: classpath:InspireTest/ngr/datasetrecords/def/checkxlinkurl.template.feature
arg: {"link":"e"}
checkxlinkurl.template.feature:14 - 
org.apache.http.client.ClientProtocolException
15:21:26.073 [ForkJoinPool-1-worker-11] INFO  com.intuit.karate - [print]
15:21:26.073 [ForkJoinPool-1-worker-11] INFO  com.intuit.karate - [print] testing xlinkurl:s
15:21:26.074 [ForkJoinPool-1-worker-11] ERROR com.intuit.karate - org.apache.http.client.ClientProtocolException, http call failed after 0 milliseconds for URL: s
15:21:26.074 [ForkJoinPool-1-worker-11] ERROR com.intuit.karate - http request failed: 
org.apache.http.client.ClientProtocolException
15:21:26.074 [ForkJoinPool-1-worker-11] ERROR com.intuit.karate - feature call (loop) failed at index: 62
caller: classpath:InspireTest/ngr/datasetrecords/def/checkxlinkurl.template.feature
arg: {"link":"s"}
checkxlinkurl.template.feature:14 - 
org.apache.http.client.ClientProtocolException
15:21:26.075 [ForkJoinPool-1-worker-11] INFO  com.intuit.karate - [print]
15:21:26.076 [ForkJoinPool-1-worker-11] INFO  com.intuit.karate - [print] testing xlinkurl:a
15:21:26.076 [ForkJoinPool-1-worker-11] ERROR com.intuit.karate - org.apache.http.client.ClientProtocolException, http call failed after 0 milliseconds for URL: a
15:21:26.076 [ForkJoinPool-1-worker-11] ERROR com.intuit.karate - http request failed: 
org.apache.http.client.ClientProtocolException
15:21:26.076 [ForkJoinPool-1-worker-11] ERROR com.intuit.karate - feature call (loop) failed at index: 63
caller: classpath:InspireTest/ngr/datasetrecords/def/checkxlinkurl.template.feature
arg: {"link":"a"}
checkxlinkurl.template.feature:14 - 
org.apache.http.client.ClientProtocolException
15:21:26.076 [ForkJoinPool-1-worker-11] INFO  com.intuit.karate - [print]
15:21:26.077 [ForkJoinPool-1-worker-11] INFO  com.intuit.karate - [print] testing xlinkurl:u
15:21:26.077 [ForkJoinPool-1-worker-11] ERROR com.intuit.karate - org.apache.http.client.ClientProtocolException, http call failed after 0 milliseconds for URL: u
15:21:26.077 [ForkJoinPool-1-worker-11] ERROR com.intuit.karate - http request failed: 
org.apache.http.client.ClientProtocolException
15:21:26.080 [ForkJoinPool-1-worker-11] ERROR com.intuit.karate - feature call (loop) failed at index: 64
caller: classpath:InspireTest/ngr/datasetrecords/def/checkxlinkurl.template.feature
arg: {"link":"u"}
checkxlinkurl.template.feature:14 - 
org.apache.http.client.ClientProtocolException
15:21:26.082 [ForkJoinPool-1-worker-11] INFO  com.intuit.karate - [print]
15:21:26.082 [ForkJoinPool-1-worker-11] INFO  com.intuit.karate - [print] testing xlinkurl:r
15:21:26.082 [ForkJoinPool-1-worker-11] ERROR com.intuit.karate - org.apache.http.client.ClientProtocolException, http call failed after 0 milliseconds for URL: r
15:21:26.082 [ForkJoinPool-1-worker-11] ERROR com.intuit.karate - http request failed: 
org.apache.http.client.ClientProtocolException
15:21:26.082 [ForkJoinPool-1-worker-11] ERROR com.intuit.karate - feature call (loop) failed at index: 65
caller: classpath:InspireTest/ngr/datasetrecords/def/checkxlinkurl.template.feature
arg: {"link":"r"}
checkxlinkurl.template.feature:14 - 
org.apache.http.client.ClientProtocolException
15:21:26.083 [ForkJoinPool-1-worker-11] INFO  com.intuit.karate - [print]
15:21:26.083 [ForkJoinPool-1-worker-11] INFO  com.intuit.karate - [print] testing xlinkurl:u
15:21:26.083 [ForkJoinPool-1-worker-11] ERROR com.intuit.karate - org.apache.http.client.ClientProtocolException, http call failed after 0 milliseconds for URL: u
15:21:26.083 [ForkJoinPool-1-worker-11] ERROR com.intuit.karate - http request failed: 
org.apache.http.client.ClientProtocolException
15:21:26.083 [ForkJoinPool-1-worker-11] ERROR com.intuit.karate - feature call (loop) failed at index: 66
caller: classpath:InspireTest/ngr/datasetrecords/def/checkxlinkurl.template.feature
arg: {"link":"u"}
checkxlinkurl.template.feature:14 - 
org.apache.http.client.ClientProtocolException
15:21:26.084 [ForkJoinPool-1-worker-11] INFO  com.intuit.karate - [print]
15:21:26.087 [ForkJoinPool-1-worker-11] INFO  com.intuit.karate - [print] testing xlinkurl:s
15:21:26.087 [ForkJoinPool-1-worker-11] ERROR com.intuit.karate - org.apache.http.client.ClientProtocolException, http call failed after 0 milliseconds for URL: s
15:21:26.088 [ForkJoinPool-1-worker-11] ERROR com.intuit.karate - http request failed: 
org.apache.http.client.ClientProtocolException
15:21:26.088 [ForkJoinPool-1-worker-11] ERROR com.intuit.karate - feature call (loop) failed at index: 67
caller: classpath:InspireTest/ngr/datasetrecords/def/checkxlinkurl.template.feature
arg: {"link":"s"}
checkxlinkurl.template.feature:14 - 
org.apache.http.client.ClientProtocolException
15:21:26.088 [ForkJoinPool-1-worker-11] INFO  com.intuit.karate - [print]
15:21:26.089 [ForkJoinPool-1-worker-11] INFO  com.intuit.karate - [print] testing xlinkurl:.
15:21:26.089 [ForkJoinPool-1-worker-11] ERROR com.intuit.karate - org.apache.http.client.ClientProtocolException, http call failed after 0 milliseconds for URL: .
15:21:26.089 [ForkJoinPool-1-worker-11] ERROR com.intuit.karate - http request failed: 
org.apache.http.client.ClientProtocolException
15:21:26.089 [ForkJoinPool-1-worker-11] ERROR com.intuit.karate - feature call (loop) failed at index: 68
caller: classpath:InspireTest/ngr/datasetrecords/def/checkxlinkurl.template.feature
arg: {"link":"."}
checkxlinkurl.template.feature:14 - 
org.apache.http.client.ClientProtocolException
15:21:26.090 [ForkJoinPool-1-worker-11] INFO  com.intuit.karate - [print]
15:21:26.090 [ForkJoinPool-1-worker-11] INFO  com.intuit.karate - [print] testing xlinkurl:d
15:21:26.090 [ForkJoinPool-1-worker-11] ERROR com.intuit.karate - org.apache.http.client.ClientProtocolException, http call failed after 0 milliseconds for URL: d
15:21:26.090 [ForkJoinPool-1-worker-11] ERROR com.intuit.karate - http request failed: 
org.apache.http.client.ClientProtocolException
15:21:26.090 [ForkJoinPool-1-worker-11] ERROR com.intuit.karate - feature call (loop) failed at index: 69
caller: classpath:InspireTest/ngr/datasetrecords/def/checkxlinkurl.template.feature
arg: {"link":"d"}
checkxlinkurl.template.feature:14 - 
org.apache.http.client.ClientProtocolException
15:21:26.091 [ForkJoinPool-1-worker-11] INFO  com.intuit.karate - [print]
15:21:26.091 [ForkJoinPool-1-worker-11] INFO  com.intuit.karate - [print] testing xlinkurl:o
15:21:26.091 [ForkJoinPool-1-worker-11] ERROR com.intuit.karate - org.apache.http.client.ClientProtocolException, http call failed after 0 milliseconds for URL: o
15:21:26.091 [ForkJoinPool-1-worker-11] ERROR com.intuit.karate - http request failed: 
org.apache.http.client.ClientProtocolException
15:21:26.091 [ForkJoinPool-1-worker-11] ERROR com.intuit.karate - feature call (loop) failed at index: 70
caller: classpath:InspireTest/ngr/datasetrecords/def/checkxlinkurl.template.feature
arg: {"link":"o"}
checkxlinkurl.template.feature:14 - 
org.apache.http.client.ClientProtocolException
15:21:26.092 [ForkJoinPool-1-worker-11] INFO  com.intuit.karate - [print]
15:21:26.092 [ForkJoinPool-1-worker-11] INFO  com.intuit.karate - [print] testing xlinkurl:w
15:21:26.092 [ForkJoinPool-1-worker-11] ERROR com.intuit.karate - org.apache.http.client.ClientProtocolException, http call failed after 0 milliseconds for URL: w
15:21:26.092 [ForkJoinPool-1-worker-11] ERROR com.intuit.karate - http request failed: 
org.apache.http.client.ClientProtocolException
15:21:26.092 [ForkJoinPool-1-worker-11] ERROR com.intuit.karate - feature call (loop) failed at index: 71
caller: classpath:InspireTest/ngr/datasetrecords/def/checkxlinkurl.template.feature
arg: {"link":"w"}
checkxlinkurl.template.feature:14 - 
org.apache.http.client.ClientProtocolException
15:21:26.093 [ForkJoinPool-1-worker-11] INFO  com.intuit.karate - [print]
15:21:26.093 [ForkJoinPool-1-worker-11] INFO  com.intuit.karate - [print] testing xlinkurl:n
15:21:26.093 [ForkJoinPool-1-worker-11] ERROR com.intuit.karate - org.apache.http.client.ClientProtocolException, http call failed after 0 milliseconds for URL: n
15:21:26.093 [ForkJoinPool-1-worker-11] ERROR com.intuit.karate - http request failed: 
org.apache.http.client.ClientProtocolException
15:21:26.093 [ForkJoinPool-1-worker-11] ERROR com.intuit.karate - feature call (loop) failed at index: 72
caller: classpath:InspireTest/ngr/datasetrecords/def/checkxlinkurl.template.feature
arg: {"link":"n"}
checkxlinkurl.template.feature:14 - 
org.apache.http.client.ClientProtocolException
15:21:26.095 [ForkJoinPool-1-worker-11] INFO  com.intuit.karate - [print]
15:21:26.095 [ForkJoinPool-1-worker-11] INFO  com.intuit.karate - [print] testing xlinkurl:l
15:21:26.096 [ForkJoinPool-1-worker-11] ERROR com.intuit.karate - org.apache.http.client.ClientProtocolException, http call failed after 0 milliseconds for URL: l
15:21:26.096 [ForkJoinPool-1-worker-11] ERROR com.intuit.karate - http request failed: 
org.apache.http.client.ClientProtocolException
15:21:26.096 [ForkJoinPool-1-worker-11] ERROR com.intuit.karate - feature call (loop) failed at index: 73
caller: classpath:InspireTest/ngr/datasetrecords/def/checkxlinkurl.template.feature
arg: {"link":"l"}
checkxlinkurl.template.feature:14 - 
org.apache.http.client.ClientProtocolException
15:21:26.096 [ForkJoinPool-1-worker-11] INFO  com.intuit.karate - [print]
15:21:26.096 [ForkJoinPool-1-worker-11] INFO  com.intuit.karate - [print] testing xlinkurl:o
15:21:26.097 [ForkJoinPool-1-worker-11] ERROR com.intuit.karate - org.apache.http.client.ClientProtocolException, http call failed after 0 milliseconds for URL: o
15:21:26.097 [ForkJoinPool-1-worker-11] ERROR com.intuit.karate - http request failed: 
org.apache.http.client.ClientProtocolException
15:21:26.097 [ForkJoinPool-1-worker-11] ERROR com.intuit.karate - feature call (loop) failed at index: 74
caller: classpath:InspireTest/ngr/datasetrecords/def/checkxlinkurl.template.feature
arg: {"link":"o"}
checkxlinkurl.template.feature:14 - 
org.apache.http.client.ClientProtocolException
15:21:26.098 [ForkJoinPool-1-worker-11] INFO  com.intuit.karate - [print]
15:21:26.098 [ForkJoinPool-1-worker-11] INFO  com.intuit.karate - [print] testing xlinkurl:a
15:21:26.099 [ForkJoinPool-1-worker-11] ERROR com.intuit.karate - org.apache.http.client.ClientProtocolException, http call failed after 0 milliseconds for URL: a
15:21:26.099 [ForkJoinPool-1-worker-11] ERROR com.intuit.karate - http request failed: 
org.apache.http.client.ClientProtocolException
15:21:26.099 [ForkJoinPool-1-worker-11] ERROR com.intuit.karate - feature call (loop) failed at index: 75
caller: classpath:InspireTest/ngr/datasetrecords/def/checkxlinkurl.template.feature
arg: {"link":"a"}
checkxlinkurl.template.feature:14 - 
org.apache.http.client.ClientProtocolException
15:21:26.099 [ForkJoinPool-1-worker-11] INFO  com.intuit.karate - [print]
15:21:26.099 [ForkJoinPool-1-worker-11] INFO  com.intuit.karate - [print] testing xlinkurl:d
15:21:26.100 [ForkJoinPool-1-worker-11] ERROR com.intuit.karate - org.apache.http.client.ClientProtocolException, http call failed after 0 milliseconds for URL: d
15:21:26.100 [ForkJoinPool-1-worker-11] ERROR com.intuit.karate - http request failed: 
org.apache.http.client.ClientProtocolException
15:21:26.100 [ForkJoinPool-1-worker-11] ERROR com.intuit.karate - feature call (loop) failed at index: 76
caller: classpath:InspireTest/ngr/datasetrecords/def/checkxlinkurl.template.feature
arg: {"link":"d"}
checkxlinkurl.template.feature:14 - 
org.apache.http.client.ClientProtocolException
15:21:26.100 [ForkJoinPool-1-worker-11] INFO  com.intuit.karate - [print]
15:21:26.101 [ForkJoinPool-1-worker-11] INFO  com.intuit.karate - [print] testing xlinkurl:?
15:21:26.101 [ForkJoinPool-1-worker-11] ERROR com.intuit.karate - org.apache.http.client.ClientProtocolException, http call failed after 0 milliseconds for URL: ?
15:21:26.101 [ForkJoinPool-1-worker-11] ERROR com.intuit.karate - http request failed: 
org.apache.http.client.ClientProtocolException
15:21:26.101 [ForkJoinPool-1-worker-11] ERROR com.intuit.karate - feature call (loop) failed at index: 77
caller: classpath:InspireTest/ngr/datasetrecords/def/checkxlinkurl.template.feature
arg: {"link":"?"}
checkxlinkurl.template.feature:14 - 
org.apache.http.client.ClientProtocolException
15:21:26.101 [ForkJoinPool-1-worker-11] INFO  com.intuit.karate - [print]
15:21:26.102 [ForkJoinPool-1-worker-11] INFO  com.intuit.karate - [print] testing xlinkurl:r
15:21:26.102 [ForkJoinPool-1-worker-11] ERROR com.intuit.karate - org.apache.http.client.ClientProtocolException, http call failed after 0 milliseconds for URL: r
15:21:26.102 [ForkJoinPool-1-worker-11] ERROR com.intuit.karate - http request failed: 
org.apache.http.client.ClientProtocolException
15:21:26.102 [ForkJoinPool-1-worker-11] ERROR com.intuit.karate - feature call (loop) failed at index: 78
caller: classpath:InspireTest/ngr/datasetrecords/def/checkxlinkurl.template.feature
arg: {"link":"r"}
checkxlinkurl.template.feature:14 - 
org.apache.http.client.ClientProtocolException
15:21:26.103 [ForkJoinPool-1-worker-11] INFO  com.intuit.karate - [print]
15:21:26.103 [ForkJoinPool-1-worker-11] INFO  com.intuit.karate - [print] testing xlinkurl:e
15:21:26.103 [ForkJoinPool-1-worker-11] ERROR com.intuit.karate - org.apache.http.client.ClientProtocolException, http call failed after 0 milliseconds for URL: e
15:21:26.103 [ForkJoinPool-1-worker-11] ERROR com.intuit.karate - http request failed: 
org.apache.http.client.ClientProtocolException
15:21:26.103 [ForkJoinPool-1-worker-11] ERROR com.intuit.karate - feature call (loop) failed at index: 79
caller: classpath:InspireTest/ngr/datasetrecords/def/checkxlinkurl.template.feature
arg: {"link":"e"}
checkxlinkurl.template.feature:14 - 
org.apache.http.client.ClientProtocolException
15:21:26.104 [ForkJoinPool-1-worker-11] INFO  com.intuit.karate - [print]
15:21:26.104 [ForkJoinPool-1-worker-11] INFO  com.intuit.karate - [print] testing xlinkurl:f
15:21:26.104 [ForkJoinPool-1-worker-11] ERROR com.intuit.karate - org.apache.http.client.ClientProtocolException, http call failed after 0 milliseconds for URL: f
15:21:26.104 [ForkJoinPool-1-worker-11] ERROR com.intuit.karate - http request failed: 
org.apache.http.client.ClientProtocolException
15:21:26.104 [ForkJoinPool-1-worker-11] ERROR com.intuit.karate - feature call (loop) failed at index: 80
caller: classpath:InspireTest/ngr/datasetrecords/def/checkxlinkurl.template.feature
arg: {"link":"f"}
checkxlinkurl.template.feature:14 - 
org.apache.http.client.ClientProtocolException
15:21:26.105 [ForkJoinPool-1-worker-11] INFO  com.intuit.karate - [print]
15:21:26.105 [ForkJoinPool-1-worker-11] INFO  com.intuit.karate - [print] testing xlinkurl:=
15:21:26.105 [ForkJoinPool-1-worker-11] ERROR com.intuit.karate - org.apache.http.client.ClientProtocolException, http call failed after 0 milliseconds for URL: =
15:21:26.105 [ForkJoinPool-1-worker-11] ERROR com.intuit.karate - http request failed: 
org.apache.http.client.ClientProtocolException
15:21:26.105 [ForkJoinPool-1-worker-11] ERROR com.intuit.karate - feature call (loop) failed at index: 81
caller: classpath:InspireTest/ngr/datasetrecords/def/checkxlinkurl.template.feature
arg: {"link":"="}
checkxlinkurl.template.feature:14 - 
org.apache.http.client.ClientProtocolException
15:21:26.106 [ForkJoinPool-1-worker-11] INFO  com.intuit.karate - [print]
15:21:26.106 [ForkJoinPool-1-worker-11] INFO  com.intuit.karate - [print] testing xlinkurl:e
15:21:26.108 [ForkJoinPool-1-worker-11] ERROR com.intuit.karate - org.apache.http.client.ClientProtocolException, http call failed after 0 milliseconds for URL: e
15:21:26.108 [ForkJoinPool-1-worker-11] ERROR com.intuit.karate - http request failed: 
org.apache.http.client.ClientProtocolException
15:21:26.108 [ForkJoinPool-1-worker-11] ERROR com.intuit.karate - feature call (loop) failed at index: 82
caller: classpath:InspireTest/ngr/datasetrecords/def/checkxlinkurl.template.feature
arg: {"link":"e"}
checkxlinkurl.template.feature:14 - 
org.apache.http.client.ClientProtocolException
15:21:26.109 [ForkJoinPool-1-worker-11] INFO  com.intuit.karate - [print]
15:21:26.109 [ForkJoinPool-1-worker-11] INFO  com.intuit.karate - [print] testing xlinkurl:x
15:21:26.109 [ForkJoinPool-1-worker-11] ERROR com.intuit.karate - org.apache.http.client.ClientProtocolException, http call failed after 0 milliseconds for URL: x
15:21:26.109 [ForkJoinPool-1-worker-11] ERROR com.intuit.karate - http request failed: 
org.apache.http.client.ClientProtocolException
15:21:26.109 [ForkJoinPool-1-worker-11] ERROR com.intuit.karate - feature call (loop) failed at index: 83
caller: classpath:InspireTest/ngr/datasetrecords/def/checkxlinkurl.template.feature
arg: {"link":"x"}
checkxlinkurl.template.feature:14 - 
org.apache.http.client.ClientProtocolException
15:21:26.109 [ForkJoinPool-1-worker-11] INFO  com.intuit.karate - [print]
15:21:26.110 [ForkJoinPool-1-worker-11] INFO  com.intuit.karate - [print] testing xlinkurl:t
15:21:26.110 [ForkJoinPool-1-worker-11] ERROR com.intuit.karate - org.apache.http.client.ClientProtocolException, http call failed after 0 milliseconds for URL: t
15:21:26.110 [ForkJoinPool-1-worker-11] ERROR com.intuit.karate - http request failed: 
org.apache.http.client.ClientProtocolException
15:21:26.110 [ForkJoinPool-1-worker-11] ERROR com.intuit.karate - feature call (loop) failed at index: 84
caller: classpath:InspireTest/ngr/datasetrecords/def/checkxlinkurl.template.feature
arg: {"link":"t"}
checkxlinkurl.template.feature:14 - 
org.apache.http.client.ClientProtocolException
15:21:26.114 [ForkJoinPool-1-worker-11] INFO  com.intuit.karate - [print]
15:21:26.114 [ForkJoinPool-1-worker-11] INFO  com.intuit.karate - [print] testing xlinkurl:e
15:21:26.114 [ForkJoinPool-1-worker-11] ERROR com.intuit.karate - org.apache.http.client.ClientProtocolException, http call failed after 0 milliseconds for URL: e
15:21:26.115 [ForkJoinPool-1-worker-11] ERROR com.intuit.karate - http request failed: 
org.apache.http.client.ClientProtocolException
15:21:26.115 [ForkJoinPool-1-worker-11] ERROR com.intuit.karate - feature call (loop) failed at index: 85
caller: classpath:InspireTest/ngr/datasetrecords/def/checkxlinkurl.template.feature
arg: {"link":"e"}
checkxlinkurl.template.feature:14 - 
org.apache.http.client.ClientProtocolException
15:21:26.115 [ForkJoinPool-1-worker-11] INFO  com.intuit.karate - [print]
15:21:26.115 [ForkJoinPool-1-worker-11] INFO  com.intuit.karate - [print] testing xlinkurl:r
15:21:26.115 [ForkJoinPool-1-worker-11] ERROR com.intuit.karate - org.apache.http.client.ClientProtocolException, http call failed after 0 milliseconds for URL: r
15:21:26.115 [ForkJoinPool-1-worker-11] ERROR com.intuit.karate - http request failed: 
org.apache.http.client.ClientProtocolException
15:21:26.115 [ForkJoinPool-1-worker-11] ERROR com.intuit.karate - feature call (loop) failed at index: 86
caller: classpath:InspireTest/ngr/datasetrecords/def/checkxlinkurl.template.feature
arg: {"link":"r"}
checkxlinkurl.template.feature:14 - 
org.apache.http.client.ClientProtocolException
15:21:26.116 [ForkJoinPool-1-worker-11] INFO  com.intuit.karate - [print]
15:21:26.116 [ForkJoinPool-1-worker-11] INFO  com.intuit.karate - [print] testing xlinkurl:n
15:21:26.116 [ForkJoinPool-1-worker-11] ERROR com.intuit.karate - org.apache.http.client.ClientProtocolException, http call failed after 0 milliseconds for URL: n
15:21:26.116 [ForkJoinPool-1-worker-11] ERROR com.intuit.karate - http request failed: 
org.apache.http.client.ClientProtocolException
15:21:26.116 [ForkJoinPool-1-worker-11] ERROR com.intuit.karate - feature call (loop) failed at index: 87
caller: classpath:InspireTest/ngr/datasetrecords/def/checkxlinkurl.template.feature
arg: {"link":"n"}
checkxlinkurl.template.feature:14 - 
org.apache.http.client.ClientProtocolException
15:21:26.117 [ForkJoinPool-1-worker-11] INFO  com.intuit.karate - [print]
15:21:26.117 [ForkJoinPool-1-worker-11] INFO  com.intuit.karate - [print] testing xlinkurl:a
15:21:26.117 [ForkJoinPool-1-worker-11] ERROR com.intuit.karate - org.apache.http.client.ClientProtocolException, http call failed after 0 milliseconds for URL: a
15:21:26.117 [ForkJoinPool-1-worker-11] ERROR com.intuit.karate - http request failed: 
org.apache.http.client.ClientProtocolException
15:21:26.117 [ForkJoinPool-1-worker-11] ERROR com.intuit.karate - feature call (loop) failed at index: 88
caller: classpath:InspireTest/ngr/datasetrecords/def/checkxlinkurl.template.feature
arg: {"link":"a"}
checkxlinkurl.template.feature:14 - 
org.apache.http.client.ClientProtocolException
15:21:26.118 [ForkJoinPool-1-worker-11] INFO  com.intuit.karate - [print]
15:21:26.118 [ForkJoinPool-1-worker-11] INFO  com.intuit.karate - [print] testing xlinkurl:l
15:21:26.118 [ForkJoinPool-1-worker-11] ERROR com.intuit.karate - org.apache.http.client.ClientProtocolException, http call failed after 0 milliseconds for URL: l
15:21:26.118 [ForkJoinPool-1-worker-11] ERROR com.intuit.karate - http request failed: 
org.apache.http.client.ClientProtocolException
15:21:26.118 [ForkJoinPool-1-worker-11] ERROR com.intuit.karate - feature call (loop) failed at index: 89
caller: classpath:InspireTest/ngr/datasetrecords/def/checkxlinkurl.template.feature
arg: {"link":"l"}
checkxlinkurl.template.feature:14 - 
org.apache.http.client.ClientProtocolException
15:21:26.119 [ForkJoinPool-1-worker-11] INFO  com.intuit.karate - [print]
15:21:26.119 [ForkJoinPool-1-worker-11] INFO  com.intuit.karate - [print] testing xlinkurl:.
15:21:26.119 [ForkJoinPool-1-worker-11] ERROR com.intuit.karate - org.apache.http.client.ClientProtocolException, http call failed after 0 milliseconds for URL: .
15:21:26.119 [ForkJoinPool-1-worker-11] ERROR com.intuit.karate - http request failed: 
org.apache.http.client.ClientProtocolException
15:21:26.119 [ForkJoinPool-1-worker-11] ERROR com.intuit.karate - feature call (loop) failed at index: 90
caller: classpath:InspireTest/ngr/datasetrecords/def/checkxlinkurl.template.feature
arg: {"link":"."}
checkxlinkurl.template.feature:14 - 
org.apache.http.client.ClientProtocolException
15:21:26.119 [ForkJoinPool-1-worker-11] INFO  com.intuit.karate - [print]
15:21:26.119 [ForkJoinPool-1-worker-11] INFO  com.intuit.karate - [print] testing xlinkurl:t
15:21:26.120 [ForkJoinPool-1-worker-11] ERROR com.intuit.karate - org.apache.http.client.ClientProtocolException, http call failed after 0 milliseconds for URL: t
15:21:26.120 [ForkJoinPool-1-worker-11] ERROR com.intuit.karate - http request failed: 
org.apache.http.client.ClientProtocolException
15:21:26.120 [ForkJoinPool-1-worker-11] ERROR com.intuit.karate - feature call (loop) failed at index: 91
caller: classpath:InspireTest/ngr/datasetrecords/def/checkxlinkurl.template.feature
arg: {"link":"t"}
checkxlinkurl.template.feature:14 - 
org.apache.http.client.ClientProtocolException
15:21:26.120 [ForkJoinPool-1-worker-11] INFO  com.intuit.karate - [print]
15:21:26.120 [ForkJoinPool-1-worker-11] INFO  com.intuit.karate - [print] testing xlinkurl:h
15:21:26.121 [ForkJoinPool-1-worker-11] ERROR com.intuit.karate - org.apache.http.client.ClientProtocolException, http call failed after 0 milliseconds for URL: h
15:21:26.121 [ForkJoinPool-1-worker-11] ERROR com.intuit.karate - http request failed: 
org.apache.http.client.ClientProtocolException
15:21:26.121 [ForkJoinPool-1-worker-11] ERROR com.intuit.karate - feature call (loop) failed at index: 92
caller: classpath:InspireTest/ngr/datasetrecords/def/checkxlinkurl.template.feature
arg: {"link":"h"}
checkxlinkurl.template.feature:14 - 
org.apache.http.client.ClientProtocolException
15:21:26.121 [ForkJoinPool-1-worker-11] INFO  com.intuit.karate - [print]
15:21:26.121 [ForkJoinPool-1-worker-11] INFO  com.intuit.karate - [print] testing xlinkurl:e
15:21:26.121 [ForkJoinPool-1-worker-11] ERROR com.intuit.karate - org.apache.http.client.ClientProtocolException, http call failed after 0 milliseconds for URL: e
15:21:26.121 [ForkJoinPool-1-worker-11] ERROR com.intuit.karate - http request failed: 
org.apache.http.client.ClientProtocolException
15:21:26.122 [ForkJoinPool-1-worker-11] ERROR com.intuit.karate - feature call (loop) failed at index: 93
caller: classpath:InspireTest/ngr/datasetrecords/def/checkxlinkurl.template.feature
arg: {"link":"e"}
checkxlinkurl.template.feature:14 - 
org.apache.http.client.ClientProtocolException
15:21:26.123 [ForkJoinPool-1-worker-11] INFO  com.intuit.karate - [print]
15:21:26.123 [ForkJoinPool-1-worker-11] INFO  com.intuit.karate - [print] testing xlinkurl:m
15:21:26.123 [ForkJoinPool-1-worker-13] ERROR com.intuit.karate - assertion failed: path: $, actual: 500, expected: 200, reason: not equal (Integer)
15:21:26.123 [ForkJoinPool-1-worker-11] ERROR com.intuit.karate - org.apache.http.client.ClientProtocolException, http call failed after 0 milliseconds for URL: m
15:21:26.123 [ForkJoinPool-1-worker-11] ERROR com.intuit.karate - http request failed: 
org.apache.http.client.ClientProtocolException
15:21:26.123 [ForkJoinPool-1-worker-13] ERROR com.intuit.karate - feature call (loop) failed at index: 1
caller: classpath:InspireTest/ngr/datasetrecords/def/checkxlinkurl.template.feature
arg: {"link":"https://www.nationaalgeoregister.nl/geonetwork/srv/api/records4617f0e0-6af4-4ac0-9044-31df9d03071c"}
checkxlinkurl.template.feature:22 - path: $, actual: 500, expected: 200, reason: not equal (Integer)
15:21:26.123 [ForkJoinPool-1-worker-11] ERROR com.intuit.karate - feature call (loop) failed at index: 94
caller: classpath:InspireTest/ngr/datasetrecords/def/checkxlinkurl.template.feature
arg: {"link":"m"}
checkxlinkurl.template.feature:14 - 
org.apache.http.client.ClientProtocolException
15:21:26.124 [ForkJoinPool-1-worker-11] INFO  com.intuit.karate - [print]
15:21:26.124 [ForkJoinPool-1-worker-11] INFO  com.intuit.karate - [print] testing xlinkurl:e
15:21:26.124 [ForkJoinPool-1-worker-11] ERROR com.intuit.karate - org.apache.http.client.ClientProtocolException, http call failed after 0 milliseconds for URL: e
15:21:26.124 [ForkJoinPool-1-worker-11] ERROR com.intuit.karate - http request failed: 
org.apache.http.client.ClientProtocolException
15:21:26.124 [ForkJoinPool-1-worker-11] ERROR com.intuit.karate - feature call (loop) failed at index: 95
caller: classpath:InspireTest/ngr/datasetrecords/def/checkxlinkurl.template.feature
arg: {"link":"e"}
checkxlinkurl.template.feature:14 - 
org.apache.http.client.ClientProtocolException
15:21:26.125 [ForkJoinPool-1-worker-11] INFO  com.intuit.karate - [print]
15:21:26.125 [ForkJoinPool-1-worker-11] INFO  com.intuit.karate - [print] testing xlinkurl:.
15:21:26.125 [ForkJoinPool-1-worker-11] ERROR com.intuit.karate - org.apache.http.client.ClientProtocolException, http call failed after 0 milliseconds for URL: .
15:21:26.125 [ForkJoinPool-1-worker-11] ERROR com.intuit.karate - http request failed: 
org.apache.http.client.ClientProtocolException
15:21:26.125 [ForkJoinPool-1-worker-11] ERROR com.intuit.karate - feature call (loop) failed at index: 96
caller: classpath:InspireTest/ngr/datasetrecords/def/checkxlinkurl.template.feature
arg: {"link":"."}
checkxlinkurl.template.feature:14 - 
org.apache.http.client.ClientProtocolException
15:21:26.132 [ForkJoinPool-1-worker-11] INFO  com.intuit.karate - [print]
15:21:26.132 [ForkJoinPool-1-worker-11] INFO  com.intuit.karate - [print] testing xlinkurl:h
15:21:26.132 [ForkJoinPool-1-worker-11] ERROR com.intuit.karate - org.apache.http.client.ClientProtocolException, http call failed after 0 milliseconds for URL: h
15:21:26.132 [ForkJoinPool-1-worker-11] ERROR com.intuit.karate - http request failed: 
org.apache.http.client.ClientProtocolException
15:21:26.132 [ForkJoinPool-1-worker-11] ERROR com.intuit.karate - feature call (loop) failed at index: 97
caller: classpath:InspireTest/ngr/datasetrecords/def/checkxlinkurl.template.feature
arg: {"link":"h"}
checkxlinkurl.template.feature:14 - 
org.apache.http.client.ClientProtocolException
15:21:26.133 [ForkJoinPool-1-worker-11] INFO  com.intuit.karate - [print]
15:21:26.133 [ForkJoinPool-1-worker-11] INFO  com.intuit.karate - [print] testing xlinkurl:t
15:21:26.133 [ForkJoinPool-1-worker-11] ERROR com.intuit.karate - org.apache.http.client.ClientProtocolException, http call failed after 0 milliseconds for URL: t
15:21:26.133 [ForkJoinPool-1-worker-11] ERROR com.intuit.karate - http request failed: 
org.apache.http.client.ClientProtocolException
15:21:26.133 [ForkJoinPool-1-worker-11] ERROR com.intuit.karate - feature call (loop) failed at index: 98
caller: classpath:InspireTest/ngr/datasetrecords/def/checkxlinkurl.template.feature
arg: {"link":"t"}
checkxlinkurl.template.feature:14 - 
org.apache.http.client.ClientProtocolException
15:21:26.134 [ForkJoinPool-1-worker-11] INFO  com.intuit.karate - [print]
15:21:26.134 [ForkJoinPool-1-worker-11] INFO  com.intuit.karate - [print] testing xlinkurl:t
15:21:26.134 [ForkJoinPool-1-worker-11] ERROR com.intuit.karate - org.apache.http.client.ClientProtocolException, http call failed after 0 milliseconds for URL: t
15:21:26.134 [ForkJoinPool-1-worker-11] ERROR com.intuit.karate - http request failed: 
org.apache.http.client.ClientProtocolException
15:21:26.134 [ForkJoinPool-1-worker-11] ERROR com.intuit.karate - feature call (loop) failed at index: 99
caller: classpath:InspireTest/ngr/datasetrecords/def/checkxlinkurl.template.feature
arg: {"link":"t"}
checkxlinkurl.template.feature:14 - 
org.apache.http.client.ClientProtocolException
15:21:26.135 [ForkJoinPool-1-worker-11] INFO  com.intuit.karate - [print]
15:21:26.135 [ForkJoinPool-1-worker-11] INFO  com.intuit.karate - [print] testing xlinkurl:p
15:21:26.135 [ForkJoinPool-1-worker-11] ERROR com.intuit.karate - org.apache.http.client.ClientProtocolException, http call failed after 0 milliseconds for URL: p
15:21:26.135 [ForkJoinPool-1-worker-11] ERROR com.intuit.karate - http request failed: 
org.apache.http.client.ClientProtocolException
15:21:26.135 [ForkJoinPool-1-worker-11] ERROR com.intuit.karate - feature call (loop) failed at index: 100
caller: classpath:InspireTest/ngr/datasetrecords/def/checkxlinkurl.template.feature
arg: {"link":"p"}
checkxlinkurl.template.feature:14 - 
org.apache.http.client.ClientProtocolException
15:21:26.135 [ForkJoinPool-1-worker-11] INFO  com.intuit.karate - [print]
15:21:26.136 [ForkJoinPool-1-worker-11] INFO  com.intuit.karate - [print] testing xlinkurl:i
15:21:26.136 [ForkJoinPool-1-worker-11] ERROR com.intuit.karate - org.apache.http.client.ClientProtocolException, http call failed after 0 milliseconds for URL: i
15:21:26.136 [ForkJoinPool-1-worker-11] ERROR com.intuit.karate - http request failed: 
org.apache.http.client.ClientProtocolException
15:21:26.136 [ForkJoinPool-1-worker-11] ERROR com.intuit.karate - feature call (loop) failed at index: 101
caller: classpath:InspireTest/ngr/datasetrecords/def/checkxlinkurl.template.feature
arg: {"link":"i"}
checkxlinkurl.template.feature:14 - 
org.apache.http.client.ClientProtocolException
15:21:26.136 [ForkJoinPool-1-worker-11] INFO  com.intuit.karate - [print]
15:21:26.136 [ForkJoinPool-1-worker-11] INFO  com.intuit.karate - [print] testing xlinkurl:n
15:21:26.137 [ForkJoinPool-1-worker-11] ERROR com.intuit.karate - org.apache.http.client.ClientProtocolException, http call failed after 0 milliseconds for URL: n
15:21:26.137 [ForkJoinPool-1-worker-11] ERROR com.intuit.karate - http request failed: 
org.apache.http.client.ClientProtocolException
15:21:26.137 [ForkJoinPool-1-worker-11] ERROR com.intuit.karate - feature call (loop) failed at index: 102
caller: classpath:InspireTest/ngr/datasetrecords/def/checkxlinkurl.template.feature
arg: {"link":"n"}
checkxlinkurl.template.feature:14 - 
org.apache.http.client.ClientProtocolException
15:21:26.137 [ForkJoinPool-1-worker-11] INFO  com.intuit.karate - [print]
15:21:26.137 [ForkJoinPool-1-worker-11] INFO  com.intuit.karate - [print] testing xlinkurl:s
15:21:26.138 [ForkJoinPool-1-worker-11] ERROR com.intuit.karate - org.apache.http.client.ClientProtocolException, http call failed after 0 milliseconds for URL: s
15:21:26.138 [ForkJoinPool-1-worker-11] ERROR com.intuit.karate - http request failed: 
org.apache.http.client.ClientProtocolException
15:21:26.138 [ForkJoinPool-1-worker-11] ERROR com.intuit.karate - feature call (loop) failed at index: 103
caller: classpath:InspireTest/ngr/datasetrecords/def/checkxlinkurl.template.feature
arg: {"link":"s"}
checkxlinkurl.template.feature:14 - 
org.apache.http.client.ClientProtocolException
15:21:26.143 [ForkJoinPool-1-worker-11] INFO  com.intuit.karate - [print]
15:21:26.143 [ForkJoinPool-1-worker-11] INFO  com.intuit.karate - [print] testing xlinkurl:p
15:21:26.143 [ForkJoinPool-1-worker-11] ERROR com.intuit.karate - org.apache.http.client.ClientProtocolException, http call failed after 0 milliseconds for URL: p
15:21:26.143 [ForkJoinPool-1-worker-11] ERROR com.intuit.karate - http request failed: 
org.apache.http.client.ClientProtocolException
15:21:26.143 [ForkJoinPool-1-worker-11] ERROR com.intuit.karate - feature call (loop) failed at index: 104
caller: classpath:InspireTest/ngr/datasetrecords/def/checkxlinkurl.template.feature
arg: {"link":"p"}
checkxlinkurl.template.feature:14 - 
org.apache.http.client.ClientProtocolException
15:21:26.144 [ForkJoinPool-1-worker-11] INFO  com.intuit.karate - [print]
15:21:26.144 [ForkJoinPool-1-worker-11] INFO  com.intuit.karate - [print] testing xlinkurl:i
15:21:26.151 [ForkJoinPool-1-worker-11] ERROR com.intuit.karate - org.apache.http.client.ClientProtocolException, http call failed after 0 milliseconds for URL: i
15:21:26.151 [ForkJoinPool-1-worker-11] ERROR com.intuit.karate - http request failed: 
org.apache.http.client.ClientProtocolException
15:21:26.151 [ForkJoinPool-1-worker-11] ERROR com.intuit.karate - feature call (loop) failed at index: 105
caller: classpath:InspireTest/ngr/datasetrecords/def/checkxlinkurl.template.feature
arg: {"link":"i"}
checkxlinkurl.template.feature:14 - 
org.apache.http.client.ClientProtocolException
15:21:26.151 [ForkJoinPool-1-worker-11] INFO  com.intuit.karate - [print]
15:21:26.151 [ForkJoinPool-1-worker-11] INFO  com.intuit.karate - [print] testing xlinkurl:r
15:21:26.152 [ForkJoinPool-1-worker-11] ERROR com.intuit.karate - org.apache.http.client.ClientProtocolException, http call failed after 0 milliseconds for URL: r
15:21:26.152 [ForkJoinPool-1-worker-11] ERROR com.intuit.karate - http request failed: 
org.apache.http.client.ClientProtocolException
15:21:26.152 [ForkJoinPool-1-worker-11] ERROR com.intuit.karate - feature call (loop) failed at index: 106
caller: classpath:InspireTest/ngr/datasetrecords/def/checkxlinkurl.template.feature
arg: {"link":"r"}
checkxlinkurl.template.feature:14 - 
org.apache.http.client.ClientProtocolException
15:21:26.152 [ForkJoinPool-1-worker-11] INFO  com.intuit.karate - [print]
15:21:26.152 [ForkJoinPool-1-worker-11] INFO  com.intuit.karate - [print] testing xlinkurl:e
15:21:26.153 [ForkJoinPool-1-worker-11] ERROR com.intuit.karate - org.apache.http.client.ClientProtocolException, http call failed after 0 milliseconds for URL: e
15:21:26.153 [ForkJoinPool-1-worker-11] ERROR com.intuit.karate - http request failed: 
org.apache.http.client.ClientProtocolException
15:21:26.153 [ForkJoinPool-1-worker-11] ERROR com.intuit.karate - feature call (loop) failed at index: 107
caller: classpath:InspireTest/ngr/datasetrecords/def/checkxlinkurl.template.feature
arg: {"link":"e"}
checkxlinkurl.template.feature:14 - 
org.apache.http.client.ClientProtocolException
15:21:26.153 [ForkJoinPool-1-worker-11] INFO  com.intuit.karate - [print]
15:21:26.153 [ForkJoinPool-1-worker-11] INFO  com.intuit.karate - [print] testing xlinkurl:e
15:21:26.154 [ForkJoinPool-1-worker-11] ERROR com.intuit.karate - org.apache.http.client.ClientProtocolException, http call failed after 0 milliseconds for URL: e
15:21:26.154 [ForkJoinPool-1-worker-11] ERROR com.intuit.karate - http request failed: 
org.apache.http.client.ClientProtocolException
15:21:26.154 [ForkJoinPool-1-worker-11] ERROR com.intuit.karate - feature call (loop) failed at index: 108
caller: classpath:InspireTest/ngr/datasetrecords/def/checkxlinkurl.template.feature
arg: {"link":"e"}
checkxlinkurl.template.feature:14 - 
org.apache.http.client.ClientProtocolException
15:21:26.160 [ForkJoinPool-1-worker-11] INFO  com.intuit.karate - [print]
15:21:26.160 [ForkJoinPool-1-worker-11] INFO  com.intuit.karate - [print] testing xlinkurl:c
15:21:26.161 [ForkJoinPool-1-worker-11] ERROR com.intuit.karate - org.apache.http.client.ClientProtocolException, http call failed after 0 milliseconds for URL: c
15:21:26.161 [ForkJoinPool-1-worker-11] ERROR com.intuit.karate - http request failed: 
org.apache.http.client.ClientProtocolException
15:21:26.161 [ForkJoinPool-1-worker-11] ERROR com.intuit.karate - feature call (loop) failed at index: 109
caller: classpath:InspireTest/ngr/datasetrecords/def/checkxlinkurl.template.feature
arg: {"link":"c"}
checkxlinkurl.template.feature:14 - 
org.apache.http.client.ClientProtocolException
15:21:26.162 [ForkJoinPool-1-worker-11] INFO  com.intuit.karate - [print]
15:21:26.162 [ForkJoinPool-1-worker-11] INFO  com.intuit.karate - [print] testing xlinkurl:e
15:21:26.162 [ForkJoinPool-1-worker-11] ERROR com.intuit.karate - org.apache.http.client.ClientProtocolException, http call failed after 0 milliseconds for URL: e
15:21:26.162 [ForkJoinPool-1-worker-11] ERROR com.intuit.karate - http request failed: 
org.apache.http.client.ClientProtocolException
15:21:26.162 [ForkJoinPool-1-worker-11] ERROR com.intuit.karate - feature call (loop) failed at index: 110
caller: classpath:InspireTest/ngr/datasetrecords/def/checkxlinkurl.template.feature
arg: {"link":"e"}
checkxlinkurl.template.feature:14 - 
org.apache.http.client.ClientProtocolException
15:21:26.163 [ForkJoinPool-1-worker-11] INFO  com.intuit.karate - [print]
15:21:26.163 [ForkJoinPool-1-worker-11] INFO  com.intuit.karate - [print] testing xlinkurl:u
15:21:26.163 [ForkJoinPool-1-worker-11] ERROR com.intuit.karate - org.apache.http.client.ClientProtocolException, http call failed after 0 milliseconds for URL: u
15:21:26.163 [ForkJoinPool-1-worker-11] ERROR com.intuit.karate - http request failed: 
org.apache.http.client.ClientProtocolException
15:21:26.163 [ForkJoinPool-1-worker-11] ERROR com.intuit.karate - feature call (loop) failed at index: 111
caller: classpath:InspireTest/ngr/datasetrecords/def/checkxlinkurl.template.feature
arg: {"link":"u"}
checkxlinkurl.template.feature:14 - 
org.apache.http.client.ClientProtocolException
15:21:26.164 [ForkJoinPool-1-worker-11] INFO  com.intuit.karate - [print]
15:21:26.164 [ForkJoinPool-1-worker-11] INFO  com.intuit.karate - [print] testing xlinkurl:r
15:21:26.164 [ForkJoinPool-1-worker-11] ERROR com.intuit.karate - org.apache.http.client.ClientProtocolException, http call failed after 0 milliseconds for URL: r
15:21:26.164 [ForkJoinPool-1-worker-11] ERROR com.intuit.karate - http request failed: 
org.apache.http.client.ClientProtocolException
15:21:26.164 [ForkJoinPool-1-worker-11] ERROR com.intuit.karate - feature call (loop) failed at index: 112
caller: classpath:InspireTest/ngr/datasetrecords/def/checkxlinkurl.template.feature
arg: {"link":"r"}
checkxlinkurl.template.feature:14 - 
org.apache.http.client.ClientProtocolException
15:21:26.174 [ForkJoinPool-1-worker-11] INFO  com.intuit.karate - [print]
15:21:26.174 [ForkJoinPool-1-worker-11] INFO  com.intuit.karate - [print] testing xlinkurl:o
15:21:26.175 [ForkJoinPool-1-worker-11] ERROR com.intuit.karate - org.apache.http.client.ClientProtocolException, http call failed after 0 milliseconds for URL: o
15:21:26.175 [ForkJoinPool-1-worker-11] ERROR com.intuit.karate - http request failed: 
org.apache.http.client.ClientProtocolException
15:21:26.175 [ForkJoinPool-1-worker-11] ERROR com.intuit.karate - feature call (loop) failed at index: 113
caller: classpath:InspireTest/ngr/datasetrecords/def/checkxlinkurl.template.feature
arg: {"link":"o"}
checkxlinkurl.template.feature:14 - 
org.apache.http.client.ClientProtocolException
15:21:26.175 [ForkJoinPool-1-worker-11] INFO  com.intuit.karate - [print]
15:21:26.175 [ForkJoinPool-1-worker-11] INFO  com.intuit.karate - [print] testing xlinkurl:p
15:21:26.180 [ForkJoinPool-1-worker-7] INFO  com.intuit.karate - [print] title:Nederlands deel PSSA Waddenzee
15:21:26.180 [ForkJoinPool-1-worker-7] INFO  com.intuit.karate - [print] Nederlands deel PSSA Waddenzee
15:21:26.181 [ForkJoinPool-1-worker-7] INFO  com.intuit.karate - [print] [
  "data@hydro.nl",
  "data@hydro.nl",
  "data@hydro.nl",
  "",
  ""
]

15:21:26.181 [ForkJoinPool-1-worker-7] INFO  com.intuit.karate - [print] organisation: [
  "Ministerie van Defensie, Koninklijke Marine, Dienst der Hydrografie",
  "Ministerie van Defensie, Koninklijke Marine, Dienst der Hydrografie",
  "Ministerie van Defensie, Koninklijke Marine, Dienst der Hydrografie"
]

15:21:26.184 [ForkJoinPool-1-worker-11] ERROR com.intuit.karate - org.apache.http.client.ClientProtocolException, http call failed after 0 milliseconds for URL: p
15:21:26.184 [ForkJoinPool-1-worker-11] ERROR com.intuit.karate - http request failed: 
org.apache.http.client.ClientProtocolException
15:21:26.184 [ForkJoinPool-1-worker-11] ERROR com.intuit.karate - feature call (loop) failed at index: 114
caller: classpath:InspireTest/ngr/datasetrecords/def/checkxlinkurl.template.feature
arg: {"link":"p"}
checkxlinkurl.template.feature:14 - 
org.apache.http.client.ClientProtocolException
15:21:26.185 [ForkJoinPool-1-worker-11] INFO  com.intuit.karate - [print]
15:21:26.185 [ForkJoinPool-1-worker-11] INFO  com.intuit.karate - [print] testing xlinkurl:a
15:21:26.187 [ForkJoinPool-1-worker-11] ERROR com.intuit.karate - org.apache.http.client.ClientProtocolException, http call failed after 0 milliseconds for URL: a
15:21:26.188 [ForkJoinPool-1-worker-11] ERROR com.intuit.karate - http request failed: 
org.apache.http.client.ClientProtocolException
15:21:26.188 [ForkJoinPool-1-worker-11] ERROR com.intuit.karate - feature call (loop) failed at index: 115
caller: classpath:InspireTest/ngr/datasetrecords/def/checkxlinkurl.template.feature
arg: {"link":"a"}
checkxlinkurl.template.feature:14 - 
org.apache.http.client.ClientProtocolException
15:21:26.189 [ForkJoinPool-1-worker-11] INFO  com.intuit.karate - [print]
15:21:26.189 [ForkJoinPool-1-worker-11] INFO  com.intuit.karate - [print] testing xlinkurl:e
15:21:26.191 [ForkJoinPool-1-worker-7] INFO  com.intuit.karate - [print] [
  "http://www.opengis.net/def/crs/EPSG/0/https://www.opengis.net/def/crs/EPSG/0/4258",
  "https://www.nationaalgeoregister.nl/geonetwork/srv/api/recordsf1d27179-36eb-4376-8048-f51d2eb23a09"
]

15:21:26.191 [ForkJoinPool-1-worker-11] ERROR com.intuit.karate - org.apache.http.client.ClientProtocolException, http call failed after 0 milliseconds for URL: e
15:21:26.191 [ForkJoinPool-1-worker-11] ERROR com.intuit.karate - http request failed: 
org.apache.http.client.ClientProtocolException
15:21:26.191 [ForkJoinPool-1-worker-11] ERROR com.intuit.karate - feature call (loop) failed at index: 116
caller: classpath:InspireTest/ngr/datasetrecords/def/checkxlinkurl.template.feature
arg: {"link":"e"}
checkxlinkurl.template.feature:14 - 
org.apache.http.client.ClientProtocolException
15:21:26.195 [ForkJoinPool-1-worker-11] INFO  com.intuit.karate - [print]
15:21:26.195 [ForkJoinPool-1-worker-11] INFO  com.intuit.karate - [print] testing xlinkurl:u
15:21:26.199 [ForkJoinPool-1-worker-7] INFO  com.intuit.karate - [print]
15:21:26.199 [ForkJoinPool-1-worker-7] INFO  com.intuit.karate - [print] testing xlinkurl:http://www.opengis.net/def/crs/EPSG/0/https://www.opengis.net/def/crs/EPSG/0/4258
15:21:26.200 [ForkJoinPool-1-worker-11] ERROR com.intuit.karate - org.apache.http.client.ClientProtocolException, http call failed after 0 milliseconds for URL: u
15:21:26.202 [ForkJoinPool-1-worker-11] ERROR com.intuit.karate - http request failed: 
org.apache.http.client.ClientProtocolException
15:21:26.202 [ForkJoinPool-1-worker-11] ERROR com.intuit.karate - feature call (loop) failed at index: 117
caller: classpath:InspireTest/ngr/datasetrecords/def/checkxlinkurl.template.feature
arg: {"link":"u"}
checkxlinkurl.template.feature:14 - 
org.apache.http.client.ClientProtocolException
15:21:26.203 [ForkJoinPool-1-worker-11] INFO  com.intuit.karate - [print]
15:21:26.204 [ForkJoinPool-1-worker-11] INFO  com.intuit.karate - [print] testing xlinkurl:t
15:21:26.204 [ForkJoinPool-1-worker-11] ERROR com.intuit.karate - org.apache.http.client.ClientProtocolException, http call failed after 0 milliseconds for URL: t
15:21:26.205 [ForkJoinPool-1-worker-11] ERROR com.intuit.karate - http request failed: 
org.apache.http.client.ClientProtocolException
15:21:26.205 [ForkJoinPool-1-worker-11] ERROR com.intuit.karate - feature call (loop) failed at index: 118
caller: classpath:InspireTest/ngr/datasetrecords/def/checkxlinkurl.template.feature
arg: {"link":"t"}
checkxlinkurl.template.feature:14 - 
org.apache.http.client.ClientProtocolException
15:21:26.205 [ForkJoinPool-1-worker-11] INFO  com.intuit.karate - [print]
15:21:26.206 [ForkJoinPool-1-worker-11] INFO  com.intuit.karate - [print] testing xlinkurl:h
15:21:26.206 [ForkJoinPool-1-worker-11] ERROR com.intuit.karate - org.apache.http.client.ClientProtocolException, http call failed after 0 milliseconds for URL: h
15:21:26.206 [ForkJoinPool-1-worker-11] ERROR com.intuit.karate - http request failed: 
org.apache.http.client.ClientProtocolException
15:21:26.206 [ForkJoinPool-1-worker-11] ERROR com.intuit.karate - feature call (loop) failed at index: 119
caller: classpath:InspireTest/ngr/datasetrecords/def/checkxlinkurl.template.feature
arg: {"link":"h"}
checkxlinkurl.template.feature:14 - 
org.apache.http.client.ClientProtocolException
15:21:26.209 [ForkJoinPool-1-worker-11] INFO  com.intuit.karate - [print]
15:21:26.209 [ForkJoinPool-1-worker-11] INFO  com.intuit.karate - [print] testing xlinkurl:e
15:21:26.209 [ForkJoinPool-1-worker-11] ERROR com.intuit.karate - org.apache.http.client.ClientProtocolException, http call failed after 0 milliseconds for URL: e
15:21:26.209 [ForkJoinPool-1-worker-11] ERROR com.intuit.karate - http request failed: 
org.apache.http.client.ClientProtocolException
15:21:26.209 [ForkJoinPool-1-worker-11] ERROR com.intuit.karate - feature call (loop) failed at index: 120
caller: classpath:InspireTest/ngr/datasetrecords/def/checkxlinkurl.template.feature
arg: {"link":"e"}
checkxlinkurl.template.feature:14 - 
org.apache.http.client.ClientProtocolException
15:21:26.210 [ForkJoinPool-1-worker-11] INFO  com.intuit.karate - [print]
15:21:26.210 [ForkJoinPool-1-worker-11] INFO  com.intuit.karate - [print] testing xlinkurl:m
15:21:26.211 [ForkJoinPool-1-worker-11] ERROR com.intuit.karate - org.apache.http.client.ClientProtocolException, http call failed after 0 milliseconds for URL: m
15:21:26.211 [ForkJoinPool-1-worker-11] ERROR com.intuit.karate - http request failed: 
org.apache.http.client.ClientProtocolException
15:21:26.211 [ForkJoinPool-1-worker-11] ERROR com.intuit.karate - feature call (loop) failed at index: 121
caller: classpath:InspireTest/ngr/datasetrecords/def/checkxlinkurl.template.feature
arg: {"link":"m"}
checkxlinkurl.template.feature:14 - 
org.apache.http.client.ClientProtocolException
15:21:26.211 [ForkJoinPool-1-worker-11] INFO  com.intuit.karate - [print]
15:21:26.211 [ForkJoinPool-1-worker-11] INFO  com.intuit.karate - [print] testing xlinkurl:e
15:21:26.211 [ForkJoinPool-1-worker-11] ERROR com.intuit.karate - org.apache.http.client.ClientProtocolException, http call failed after 0 milliseconds for URL: e
15:21:26.212 [ForkJoinPool-1-worker-11] ERROR com.intuit.karate - http request failed: 
org.apache.http.client.ClientProtocolException
15:21:26.212 [ForkJoinPool-1-worker-11] ERROR com.intuit.karate - feature call (loop) failed at index: 122
caller: classpath:InspireTest/ngr/datasetrecords/def/checkxlinkurl.template.feature
arg: {"link":"e"}
checkxlinkurl.template.feature:14 - 
org.apache.http.client.ClientProtocolException
15:21:26.212 [ForkJoinPool-1-worker-11] INFO  com.intuit.karate - [print]
15:21:26.212 [ForkJoinPool-1-worker-11] INFO  com.intuit.karate - [print] testing xlinkurl:-
15:21:26.212 [ForkJoinPool-1-worker-11] ERROR com.intuit.karate - org.apache.http.client.ClientProtocolException, http call failed after 0 milliseconds for URL: -
15:21:26.212 [ForkJoinPool-1-worker-11] ERROR com.intuit.karate - http request failed: 
org.apache.http.client.ClientProtocolException
15:21:26.212 [ForkJoinPool-1-worker-11] ERROR com.intuit.karate - feature call (loop) failed at index: 123
caller: classpath:InspireTest/ngr/datasetrecords/def/checkxlinkurl.template.feature
arg: {"link":"-"}
checkxlinkurl.template.feature:14 - 
org.apache.http.client.ClientProtocolException
15:21:26.213 [ForkJoinPool-1-worker-11] INFO  com.intuit.karate - [print]
15:21:26.213 [ForkJoinPool-1-worker-11] INFO  com.intuit.karate - [print] testing xlinkurl:t
15:21:26.213 [ForkJoinPool-1-worker-11] ERROR com.intuit.karate - org.apache.http.client.ClientProtocolException, http call failed after 0 milliseconds for URL: t
15:21:26.213 [ForkJoinPool-1-worker-11] ERROR com.intuit.karate - http request failed: 
org.apache.http.client.ClientProtocolException
15:21:26.213 [ForkJoinPool-1-worker-11] ERROR com.intuit.karate - feature call (loop) failed at index: 124
caller: classpath:InspireTest/ngr/datasetrecords/def/checkxlinkurl.template.feature
arg: {"link":"t"}
checkxlinkurl.template.feature:14 - 
org.apache.http.client.ClientProtocolException
15:21:26.214 [ForkJoinPool-1-worker-11] INFO  com.intuit.karate - [print]
15:21:26.214 [ForkJoinPool-1-worker-11] INFO  com.intuit.karate - [print] testing xlinkurl:h
15:21:26.214 [ForkJoinPool-1-worker-11] ERROR com.intuit.karate - org.apache.http.client.ClientProtocolException, http call failed after 0 milliseconds for URL: h
15:21:26.214 [ForkJoinPool-1-worker-11] ERROR com.intuit.karate - http request failed: 
org.apache.http.client.ClientProtocolException
15:21:26.214 [ForkJoinPool-1-worker-11] ERROR com.intuit.karate - feature call (loop) failed at index: 125
caller: classpath:InspireTest/ngr/datasetrecords/def/checkxlinkurl.template.feature
arg: {"link":"h"}
checkxlinkurl.template.feature:14 - 
org.apache.http.client.ClientProtocolException
15:21:26.215 [ForkJoinPool-1-worker-11] INFO  com.intuit.karate - [print]
15:21:26.215 [ForkJoinPool-1-worker-11] INFO  com.intuit.karate - [print] testing xlinkurl:e
15:21:26.215 [ForkJoinPool-1-worker-11] ERROR com.intuit.karate - org.apache.http.client.ClientProtocolException, http call failed after 0 milliseconds for URL: e
15:21:26.215 [ForkJoinPool-1-worker-11] ERROR com.intuit.karate - http request failed: 
org.apache.http.client.ClientProtocolException
15:21:26.215 [ForkJoinPool-1-worker-11] ERROR com.intuit.karate - feature call (loop) failed at index: 126
caller: classpath:InspireTest/ngr/datasetrecords/def/checkxlinkurl.template.feature
arg: {"link":"e"}
checkxlinkurl.template.feature:14 - 
org.apache.http.client.ClientProtocolException
15:21:26.225 [ForkJoinPool-1-worker-11] INFO  com.intuit.karate - [print]
15:21:26.225 [ForkJoinPool-1-worker-11] INFO  com.intuit.karate - [print] testing xlinkurl:m
15:21:26.225 [ForkJoinPool-1-worker-11] ERROR com.intuit.karate - org.apache.http.client.ClientProtocolException, http call failed after 0 milliseconds for URL: m
15:21:26.225 [ForkJoinPool-1-worker-11] ERROR com.intuit.karate - http request failed: 
org.apache.http.client.ClientProtocolException
15:21:26.225 [ForkJoinPool-1-worker-11] ERROR com.intuit.karate - feature call (loop) failed at index: 127
caller: classpath:InspireTest/ngr/datasetrecords/def/checkxlinkurl.template.feature
arg: {"link":"m"}
checkxlinkurl.template.feature:14 - 
org.apache.http.client.ClientProtocolException
15:21:26.228 [ForkJoinPool-1-worker-11] INFO  com.intuit.karate - [print]
15:21:26.228 [ForkJoinPool-1-worker-11] INFO  com.intuit.karate - [print] testing xlinkurl:e
15:21:26.228 [ForkJoinPool-1-worker-11] ERROR com.intuit.karate - org.apache.http.client.ClientProtocolException, http call failed after 0 milliseconds for URL: e
15:21:26.228 [ForkJoinPool-1-worker-11] ERROR com.intuit.karate - http request failed: 
org.apache.http.client.ClientProtocolException
15:21:26.228 [ForkJoinPool-1-worker-11] ERROR com.intuit.karate - feature call (loop) failed at index: 128
caller: classpath:InspireTest/ngr/datasetrecords/def/checkxlinkurl.template.feature
arg: {"link":"e"}
checkxlinkurl.template.feature:14 - 
org.apache.http.client.ClientProtocolException
15:21:26.244 [ForkJoinPool-1-worker-9] INFO  com.intuit.karate - [print] title:Afgevoerde hoeveelheid afval in 2015 vanuit de industrie
15:21:26.244 [ForkJoinPool-1-worker-9] INFO  com.intuit.karate - [print] Afgevoerde hoeveelheid afval in 2015 vanuit de industrie
15:21:26.245 [ForkJoinPool-1-worker-9] INFO  com.intuit.karate - [print] [
  "emissieregistratie@rivm.nl",
  "",
  "emissieregistratie@rivm.nl"
]

15:21:26.246 [ForkJoinPool-1-worker-9] INFO  com.intuit.karate - [print] organisation: no organisationName found in dataset record
15:21:26.255 [ForkJoinPool-1-worker-9] INFO  com.intuit.karate - [print] [
  "https://data.rivm.nl/inspire/id#1de92b14-bc21-4f33-b0de-abd325e61804"
]

15:21:26.261 [ForkJoinPool-1-worker-9] INFO  com.intuit.karate - [print]
15:21:26.264 [ForkJoinPool-1-worker-9] INFO  com.intuit.karate - [print] testing xlinkurl:https://data.rivm.nl/inspire/id#1de92b14-bc21-4f33-b0de-abd325e61804
15:21:26.504 [ForkJoinPool-1-worker-7] INFO  com.intuit.karate - [print]
15:21:26.505 [ForkJoinPool-1-worker-7] INFO  com.intuit.karate - [print] testing xlinkurl:https://www.nationaalgeoregister.nl/geonetwork/srv/api/recordsf1d27179-36eb-4376-8048-f51d2eb23a09
15:21:26.627 [ForkJoinPool-1-worker-9] ERROR com.intuit.karate - javax.net.ssl.SSLException: Connection reset, http call failed after 361 milliseconds for URL: https://data.rivm.nl/inspire/id#1de92b14-bc21-4f33-b0de-abd325e61804
15:21:26.627 [ForkJoinPool-1-worker-9] ERROR com.intuit.karate - http request failed: 
javax.net.ssl.SSLException: Connection reset
15:21:26.627 [ForkJoinPool-1-worker-9] ERROR com.intuit.karate - feature call (loop) failed at index: 0
caller: classpath:InspireTest/ngr/datasetrecords/def/checkxlinkurl.template.feature
arg: {"link":"https://data.rivm.nl/inspire/id#1de92b14-bc21-4f33-b0de-abd325e61804"}
checkxlinkurl.template.feature:14 - 
javax.net.ssl.SSLException: Connection reset
15:21:26.695 [ForkJoinPool-1-worker-13] INFO  com.intuit.karate - [print] title:Productie/industrie-inrichtingen (o.b.v. SBI-codes) uit {Risico Register Gevaarlijke stoffen (RRGS)}
15:21:26.695 [ForkJoinPool-1-worker-13] INFO  com.intuit.karate - [print] Productie/industrie-inrichtingen (o.b.v. SBI-codes) uit {Risico Register Gevaarlijke stoffen (RRGS)}
15:21:26.696 [ForkJoinPool-1-worker-13] INFO  com.intuit.karate - [print] [
  "inspire@gbo-provincies.nl",
  "inspire@gbo-provincies.nl",
  "inspire@gbo-provincies.nl"
]

15:21:26.697 [ForkJoinPool-1-worker-13] INFO  com.intuit.karate - [print] organisation: [
  "Interprovinciaal Overleg",
  "Interprovinciaal Overleg",
  "Interprovinciaal Overleg"
]

15:21:26.701 [ForkJoinPool-1-worker-13] INFO  com.intuit.karate - [print] [
  "http://www.opengis.net/def/crs/EPSG/0/http://www.opengis.net/def/crs/EPSG/0/3034",
  "http://nationaalgeoregister.nl/geonetwork/srv/dut/csw?SERVICE=CSW&version=2.0.2&REQUEST=GetRecordById&elementSetName=full&OutputSchema=http://www.isotc211.org/2005/gmd&ID=b6ee58a1-b097-4c6d-8600-eb81efc1468c",
  "https://creativecommons.org/publicdomain/mark/*/deed.nl",
  ""
]

15:21:26.705 [ForkJoinPool-1-worker-13] INFO  com.intuit.karate - [print]
15:21:26.705 [ForkJoinPool-1-worker-13] INFO  com.intuit.karate - [print] testing xlinkurl:http://www.opengis.net/def/crs/EPSG/0/http://www.opengis.net/def/crs/EPSG/0/3034
15:21:26.824 [ForkJoinPool-1-worker-11] INFO  com.intuit.karate - [print] title:Monitoring stations (Nitraatrichtlijn) diepe filters
15:21:26.824 [ForkJoinPool-1-worker-11] INFO  com.intuit.karate - [print] Monitoring stations (Nitraatrichtlijn) diepe filters
15:21:26.825 [ForkJoinPool-1-worker-11] INFO  com.intuit.karate - [print] [
  "geodata@rivm.nl",
  "",
  "geodata@rivm.nl"
]

15:21:26.826 [ForkJoinPool-1-worker-11] INFO  com.intuit.karate - [print] organisation: no organisationName found in dataset record
15:21:26.832 [ForkJoinPool-1-worker-11] INFO  com.intuit.karate - [print] [
  "https://data.rivm.nl/inspire/id#36a7e8cb-8300-4602-93d2-135943365a6f"
]

15:21:26.836 [ForkJoinPool-1-worker-11] INFO  com.intuit.karate - [print]
15:21:26.837 [ForkJoinPool-1-worker-11] INFO  com.intuit.karate - [print] testing xlinkurl:https://data.rivm.nl/inspire/id#36a7e8cb-8300-4602-93d2-135943365a6f
15:21:26.855 [ForkJoinPool-1-worker-7] ERROR com.intuit.karate - assertion failed: path: $, actual: 500, expected: 200, reason: not equal (Integer)
15:21:26.855 [ForkJoinPool-1-worker-7] ERROR com.intuit.karate - feature call (loop) failed at index: 1
caller: classpath:InspireTest/ngr/datasetrecords/def/checkxlinkurl.template.feature
arg: {"link":"https://www.nationaalgeoregister.nl/geonetwork/srv/api/recordsf1d27179-36eb-4376-8048-f51d2eb23a09"}
checkxlinkurl.template.feature:22 - path: $, actual: 500, expected: 200, reason: not equal (Integer)
15:21:26.997 [ForkJoinPool-1-worker-13] INFO  com.intuit.karate - [print]
15:21:26.997 [ForkJoinPool-1-worker-13] INFO  com.intuit.karate - [print] testing xlinkurl:http://nationaalgeoregister.nl/geonetwork/srv/dut/csw?SERVICE=CSW&version=2.0.2&REQUEST=GetRecordById&elementSetName=full&OutputSchema=http://www.isotc211.org/2005/gmd&ID=b6ee58a1-b097-4c6d-8600-eb81efc1468c
15:21:27.198 [ForkJoinPool-1-worker-11] ERROR com.intuit.karate - javax.net.ssl.SSLException: Connection reset, http call failed after 360 milliseconds for URL: https://data.rivm.nl/inspire/id#36a7e8cb-8300-4602-93d2-135943365a6f
15:21:27.198 [ForkJoinPool-1-worker-11] ERROR com.intuit.karate - http request failed: 
javax.net.ssl.SSLException: Connection reset
15:21:27.199 [ForkJoinPool-1-worker-11] ERROR com.intuit.karate - feature call (loop) failed at index: 0
caller: classpath:InspireTest/ngr/datasetrecords/def/checkxlinkurl.template.feature
arg: {"link":"https://data.rivm.nl/inspire/id#36a7e8cb-8300-4602-93d2-135943365a6f"}
checkxlinkurl.template.feature:14 - 
javax.net.ssl.SSLException: Connection reset
15:21:27.224 [ForkJoinPool-1-worker-9] INFO  com.intuit.karate - [print] title:Gecontroleerde klimatologische daggegevens KNMI Nederland
15:21:27.224 [ForkJoinPool-1-worker-9] INFO  com.intuit.karate - [print] Gecontroleerde klimatologische daggegevens KNMI Nederland
15:21:27.225 [ForkJoinPool-1-worker-9] INFO  com.intuit.karate - [print] [
  "datacentrum@knmi.nl",
  "datacentrum@knmi.nl",
  "datacentrum@knmi.nl"
]

15:21:27.226 [ForkJoinPool-1-worker-9] INFO  com.intuit.karate - [print] organisation: [
  "Koninklijk Nederlands Meteorologisch Instituut (KNMI)",
  "Koninklijk Nederlands Meteorologisch Instituut (KNMI)",
  "Koninklijk Nederlands Meteorologisch Instituut (KNMI)"
]

15:21:27.230 [ForkJoinPool-1-worker-9] INFO  com.intuit.karate - [print] [
  "https://www.nationaalgeoregister.nl/geonetwork/srv/api/records6e4a2001-fef7-471c-8286-4f859bc1131e",
  "https://creativecommons.org/publicdomain/zero/*/deed.nl"
]

15:21:27.233 [ForkJoinPool-1-worker-9] INFO  com.intuit.karate - [print]
15:21:27.233 [ForkJoinPool-1-worker-9] INFO  com.intuit.karate - [print] testing xlinkurl:https://www.nationaalgeoregister.nl/geonetwork/srv/api/records6e4a2001-fef7-471c-8286-4f859bc1131e
15:21:27.488 [ForkJoinPool-1-worker-5] INFO  com.intuit.karate - [print]
15:21:27.489 [ForkJoinPool-1-worker-5] INFO  com.intuit.karate - [print] testing xlinkurl:https://ngr.geocat.live/geonetwork/srv/eng/thesaurus.download?ref=external.theme.httpinspireeceuropaeumetadatacodelistPrioritydataset-Prioritydataset
15:21:27.559 [ForkJoinPool-1-worker-7] INFO  com.intuit.karate - [print] title:Geologisch booronderzoek onder INSPIRE
15:21:27.560 [ForkJoinPool-1-worker-7] INFO  com.intuit.karate - [print] Geologisch booronderzoek onder INSPIRE
15:21:27.561 [ForkJoinPool-1-worker-7] INFO  com.intuit.karate - [print] [
  "info@dinoloket.nl",
  "info@dinoloket.nl",
  "info@dinoloket.nl"
]

15:21:27.562 [ForkJoinPool-1-worker-7] INFO  com.intuit.karate - [print] organisation: [
  "TNO Geologische Dienst Nederland",
  "TNO Geologische Dienst Nederland",
  "TNO Geologische Dienst Nederland"
]

15:21:27.566 [ForkJoinPool-1-worker-9] ERROR com.intuit.karate - assertion failed: path: $, actual: 500, expected: 200, reason: not equal (Integer)
15:21:27.566 [ForkJoinPool-1-worker-9] ERROR com.intuit.karate - feature call (loop) failed at index: 0
caller: classpath:InspireTest/ngr/datasetrecords/def/checkxlinkurl.template.feature
arg: {"link":"https://www.nationaalgeoregister.nl/geonetwork/srv/api/records6e4a2001-fef7-471c-8286-4f859bc1131e"}
checkxlinkurl.template.feature:22 - path: $, actual: 500, expected: 200, reason: not equal (Integer)
15:21:27.568 [ForkJoinPool-1-worker-9] INFO  com.intuit.karate - [print]
15:21:27.569 [ForkJoinPool-1-worker-9] INFO  com.intuit.karate - [print] testing xlinkurl:https://creativecommons.org/publicdomain/zero/*/deed.nl
15:21:27.571 [ForkJoinPool-1-worker-7] INFO  com.intuit.karate - [print] [
  "https://nationaalgeoregister.nl/geonetwork/srv/resources7d4d5090-8b18-4c30-a07a-9d738039112f",
  "http://rdfdata.eionet.europa.eu/inspirethemes/themes/13",
  "http://geonetwork-opensource.org/inspire-theme#",
  "https://www.nationaalgeoregister.nl/geonetwork/srv/eng/thesaurus.download?ref=external.theme.inspire-theme"
]

15:21:27.575 [ForkJoinPool-1-worker-7] INFO  com.intuit.karate - [print]
15:21:27.576 [ForkJoinPool-1-worker-7] INFO  com.intuit.karate - [print] testing xlinkurl:https://nationaalgeoregister.nl/geonetwork/srv/resources7d4d5090-8b18-4c30-a07a-9d738039112f
15:21:27.579 [ForkJoinPool-1-worker-13] INFO  com.intuit.karate - [print]
15:21:27.579 [ForkJoinPool-1-worker-13] INFO  com.intuit.karate - [print] testing xlinkurl:https://creativecommons.org/publicdomain/mark/*/deed.nl
15:21:27.617 [ForkJoinPool-1-worker-9] ERROR com.intuit.karate - assertion failed: path: $, actual: 404, expected: 200, reason: not equal (Integer)
15:21:27.618 [ForkJoinPool-1-worker-9] ERROR com.intuit.karate - feature call (loop) failed at index: 1
caller: classpath:InspireTest/ngr/datasetrecords/def/checkxlinkurl.template.feature
arg: {"link":"https://creativecommons.org/publicdomain/zero/*/deed.nl"}
checkxlinkurl.template.feature:22 - path: $, actual: 404, expected: 200, reason: not equal (Integer)
15:21:27.621 [ForkJoinPool-1-worker-13] ERROR com.intuit.karate - assertion failed: path: $, actual: 404, expected: 200, reason: not equal (Integer)
15:21:27.624 [ForkJoinPool-1-worker-13] ERROR com.intuit.karate - feature call (loop) failed at index: 2
caller: classpath:InspireTest/ngr/datasetrecords/def/checkxlinkurl.template.feature
arg: {"link":"https://creativecommons.org/publicdomain/mark/*/deed.nl"}
checkxlinkurl.template.feature:22 - path: $, actual: 404, expected: 200, reason: not equal (Integer)
15:21:27.625 [ForkJoinPool-1-worker-13] INFO  com.intuit.karate - [print]
15:21:27.630 [ForkJoinPool-1-worker-13] INFO  com.intuit.karate - [print] testing xlinkurl:
15:21:27.631 [ForkJoinPool-1-worker-13] ERROR com.intuit.karate - org.apache.http.client.ClientProtocolException, http call failed after 0 milliseconds for URL: 
15:21:27.631 [ForkJoinPool-1-worker-13] ERROR com.intuit.karate - http request failed: 
org.apache.http.client.ClientProtocolException
15:21:27.631 [ForkJoinPool-1-worker-13] ERROR com.intuit.karate - feature call (loop) failed at index: 3
caller: classpath:InspireTest/ngr/datasetrecords/def/checkxlinkurl.template.feature
arg: {"link":""}
checkxlinkurl.template.feature:14 - 
org.apache.http.client.ClientProtocolException
15:21:27.827 [ForkJoinPool-1-worker-11] INFO  com.intuit.karate - [print] title:Nationaal Beschermde Gebieden (CDDA) (INSPIRE geharmoniseerd)
15:21:27.827 [ForkJoinPool-1-worker-11] INFO  com.intuit.karate - [print] Nationaal Beschermde Gebieden (CDDA) (INSPIRE geharmoniseerd)
15:21:27.828 [ForkJoinPool-1-worker-11] INFO  com.intuit.karate - [print] [
  "geodatabeheer.giscc@rvo.nl",
  "geodatabeheer.giscc@rvo.nl",
  "geodatabeheer.giscc@rvo.nl"
]

15:21:27.830 [ForkJoinPool-1-worker-11] INFO  com.intuit.karate - [print] organisation: [
  "Ministerie van Economische Zaken - GIS Competence Center",
  "Ministerie van Landbouw, Natuur en Voedselkwaliteit",
  "Ministerie van Economische Zaken - GIS Competence Center"
]

15:21:27.835 [ForkJoinPool-1-worker-11] INFO  com.intuit.karate - [print] [
  "http://www.opengis.net/def/crs/EPSG/0/http://www.opengis.net/def/crs/EPSG/0/4258",
  "https://www.nationaalgeoregister.nl/geonetwork/srv/dut/catalog.search#/metadata/3387ef8a-9237-453a-aa4e-585d1e193550",
  "https://creativecommons.org/publicdomain/mark/*/deed.nl"
]

15:21:27.840 [ForkJoinPool-1-worker-11] INFO  com.intuit.karate - [print]
15:21:27.840 [ForkJoinPool-1-worker-11] INFO  com.intuit.karate - [print] testing xlinkurl:http://www.opengis.net/def/crs/EPSG/0/http://www.opengis.net/def/crs/EPSG/0/4258
15:21:27.845 [ForkJoinPool-1-worker-5] ERROR com.intuit.karate - assertion failed: path: $, actual: 500, expected: 200, reason: not equal (Integer)
15:21:27.845 [ForkJoinPool-1-worker-5] ERROR com.intuit.karate - feature call (loop) failed at index: 3
caller: classpath:InspireTest/ngr/datasetrecords/def/checkxlinkurl.template.feature
arg: {"link":"https://ngr.geocat.live/geonetwork/srv/eng/thesaurus.download?ref=external.theme.httpinspireeceuropaeumetadatacodelistPrioritydataset-Prioritydataset"}
checkxlinkurl.template.feature:22 - path: $, actual: 500, expected: 200, reason: not equal (Integer)
15:21:27.893 [ForkJoinPool-1-worker-7] ERROR com.intuit.karate - assertion failed: path: $, actual: 404, expected: 200, reason: not equal (Integer)
15:21:27.893 [ForkJoinPool-1-worker-7] ERROR com.intuit.karate - feature call (loop) failed at index: 0
caller: classpath:InspireTest/ngr/datasetrecords/def/checkxlinkurl.template.feature
arg: {"link":"https://nationaalgeoregister.nl/geonetwork/srv/resources7d4d5090-8b18-4c30-a07a-9d738039112f"}
checkxlinkurl.template.feature:22 - path: $, actual: 404, expected: 200, reason: not equal (Integer)
15:21:27.894 [ForkJoinPool-1-worker-7] INFO  com.intuit.karate - [print]
15:21:27.894 [ForkJoinPool-1-worker-7] INFO  com.intuit.karate - [print] testing xlinkurl:http://rdfdata.eionet.europa.eu/inspirethemes/themes/13
15:21:28.101 [ForkJoinPool-1-worker-7] ERROR com.intuit.karate - assertion failed: path: $, actual: 404, expected: 200, reason: not equal (Integer)
15:21:28.102 [ForkJoinPool-1-worker-7] ERROR com.intuit.karate - feature call (loop) failed at index: 1
caller: classpath:InspireTest/ngr/datasetrecords/def/checkxlinkurl.template.feature
arg: {"link":"http://rdfdata.eionet.europa.eu/inspirethemes/themes/13"}
checkxlinkurl.template.feature:22 - path: $, actual: 404, expected: 200, reason: not equal (Integer)
15:21:28.102 [ForkJoinPool-1-worker-7] INFO  com.intuit.karate - [print]
15:21:28.103 [ForkJoinPool-1-worker-7] INFO  com.intuit.karate - [print] testing xlinkurl:http://geonetwork-opensource.org/inspire-theme#
15:21:28.142 [ForkJoinPool-1-worker-11] INFO  com.intuit.karate - [print]
15:21:28.142 [ForkJoinPool-1-worker-11] INFO  com.intuit.karate - [print] testing xlinkurl:https://www.nationaalgeoregister.nl/geonetwork/srv/dut/catalog.search#/metadata/3387ef8a-9237-453a-aa4e-585d1e193550
15:21:28.623 [ForkJoinPool-1-worker-9] INFO  com.intuit.karate - [print] title:LCP emissies (Richtlijn Industriële emissies) 2016
15:21:28.623 [ForkJoinPool-1-worker-9] INFO  com.intuit.karate - [print] LCP emissies (Richtlijn Industriële emissies) 2016
15:21:28.624 [ForkJoinPool-1-worker-9] INFO  com.intuit.karate - [print] [
  "emissieregistratie@rivm.nl",
  "",
  "emissieregistratie@rivm.nl"
]

15:21:28.625 [ForkJoinPool-1-worker-9] INFO  com.intuit.karate - [print] organisation: no organisationName found in dataset record
15:21:28.628 [ForkJoinPool-1-worker-9] INFO  com.intuit.karate - [print] [
  "https://data.rivm.nl/inspire/id#6941b1f2-7ee6-4a1d-9cba-9071e3ca6cb3"
]

15:21:28.631 [ForkJoinPool-1-worker-9] INFO  com.intuit.karate - [print]
15:21:28.631 [ForkJoinPool-1-worker-9] INFO  com.intuit.karate - [print] testing xlinkurl:https://data.rivm.nl/inspire/id#6941b1f2-7ee6-4a1d-9cba-9071e3ca6cb3
15:21:28.659 [ForkJoinPool-1-worker-13] INFO  com.intuit.karate - [print] title:Bathymetrie Nederland - kust
15:21:28.659 [ForkJoinPool-1-worker-13] INFO  com.intuit.karate - [print] Bathymetrie Nederland - kust
15:21:28.660 [ForkJoinPool-1-worker-13] INFO  com.intuit.karate - [print] [
  "servicedesk-data@rijkswaterstaat.nl",
  "servicedesk-data@rijkswaterstaat.nl",
  "",
  "servicedesk-data@rijkswaterstaat.nl",
  "servicedesk-data@rijkswaterstaat.nl"
]

15:21:28.663 [ForkJoinPool-1-worker-13] INFO  com.intuit.karate - [print] organisation: [
  "Rijkswaterstaat",
  "Rijkswaterstaat",
  "",
  "Rijkswaterstaat",
  "Rijkswaterstaat"
]

15:21:28.669 [ForkJoinPool-1-worker-13] INFO  com.intuit.karate - [print] [
  "https://www.nationaalgeoregister.nl/geonetwork/srv/dut/catalog.search#/metadata/adn73c4a-ef03-4785-b7f6-942e86b385f5",
  "http://rdfdata.eionet.europa.eu/inspirethemes/themes/10",
  "urn:ogc:def:crs:EPSG::5709"
]

15:21:28.673 [ForkJoinPool-1-worker-13] INFO  com.intuit.karate - [print]
15:21:28.673 [ForkJoinPool-1-worker-13] INFO  com.intuit.karate - [print] testing xlinkurl:https://www.nationaalgeoregister.nl/geonetwork/srv/dut/catalog.search#/metadata/adn73c4a-ef03-4785-b7f6-942e86b385f5
15:21:28.695 [ForkJoinPool-1-worker-7] ERROR com.intuit.karate - assertion failed: path: $, actual: 404, expected: 200, reason: not equal (Integer)
15:21:28.695 [ForkJoinPool-1-worker-7] ERROR com.intuit.karate - feature call (loop) failed at index: 2
caller: classpath:InspireTest/ngr/datasetrecords/def/checkxlinkurl.template.feature
arg: {"link":"http://geonetwork-opensource.org/inspire-theme#"}
checkxlinkurl.template.feature:22 - path: $, actual: 404, expected: 200, reason: not equal (Integer)
15:21:28.696 [ForkJoinPool-1-worker-7] INFO  com.intuit.karate - [print]
15:21:28.696 [ForkJoinPool-1-worker-7] INFO  com.intuit.karate - [print] testing xlinkurl:https://www.nationaalgeoregister.nl/geonetwork/srv/eng/thesaurus.download?ref=external.theme.inspire-theme
15:21:28.707 [ForkJoinPool-1-worker-11] INFO  com.intuit.karate - [print]
15:21:28.707 [ForkJoinPool-1-worker-11] INFO  com.intuit.karate - [print] testing xlinkurl:https://creativecommons.org/publicdomain/mark/*/deed.nl
15:21:28.748 [ForkJoinPool-1-worker-5] INFO  com.intuit.karate - [print] title:Emissies naar lucht en water in 2011 vanuit de industrie
15:21:28.748 [ForkJoinPool-1-worker-5] INFO  com.intuit.karate - [print] Emissies naar lucht en water in 2011 vanuit de industrie
15:21:28.750 [ForkJoinPool-1-worker-5] INFO  com.intuit.karate - [print] [
  "emissieregistratie@rivm.nl",
  "",
  "emissieregistratie@rivm.nl"
]

15:21:28.751 [ForkJoinPool-1-worker-5] INFO  com.intuit.karate - [print] organisation: no organisationName found in dataset record
15:21:28.755 [ForkJoinPool-1-worker-5] INFO  com.intuit.karate - [print] [
  "https://data.rivm.nl/inspire/id#6e6bf543-e1e3-468d-afae-e88618ad9a65"
]

15:21:28.758 [ForkJoinPool-1-worker-11] ERROR com.intuit.karate - assertion failed: path: $, actual: 404, expected: 200, reason: not equal (Integer)
15:21:28.759 [ForkJoinPool-1-worker-11] ERROR com.intuit.karate - feature call (loop) failed at index: 2
caller: classpath:InspireTest/ngr/datasetrecords/def/checkxlinkurl.template.feature
arg: {"link":"https://creativecommons.org/publicdomain/mark/*/deed.nl"}
checkxlinkurl.template.feature:22 - path: $, actual: 404, expected: 200, reason: not equal (Integer)
15:21:28.763 [ForkJoinPool-1-worker-5] INFO  com.intuit.karate - [print]
15:21:28.763 [ForkJoinPool-1-worker-5] INFO  com.intuit.karate - [print] testing xlinkurl:https://data.rivm.nl/inspire/id#6e6bf543-e1e3-468d-afae-e88618ad9a65
15:21:28.988 [ForkJoinPool-1-worker-9] ERROR com.intuit.karate - javax.net.ssl.SSLException: Connection reset, http call failed after 357 milliseconds for URL: https://data.rivm.nl/inspire/id#6941b1f2-7ee6-4a1d-9cba-9071e3ca6cb3
15:21:28.988 [ForkJoinPool-1-worker-9] ERROR com.intuit.karate - http request failed: 
javax.net.ssl.SSLException: Connection reset
15:21:28.988 [ForkJoinPool-1-worker-9] ERROR com.intuit.karate - feature call (loop) failed at index: 0
caller: classpath:InspireTest/ngr/datasetrecords/def/checkxlinkurl.template.feature
arg: {"link":"https://data.rivm.nl/inspire/id#6941b1f2-7ee6-4a1d-9cba-9071e3ca6cb3"}
checkxlinkurl.template.feature:14 - 
javax.net.ssl.SSLException: Connection reset
15:21:29.001 [ForkJoinPool-1-worker-13] INFO  com.intuit.karate - [print]
15:21:29.002 [ForkJoinPool-1-worker-13] INFO  com.intuit.karate - [print] testing xlinkurl:http://rdfdata.eionet.europa.eu/inspirethemes/themes/10
15:21:29.121 [ForkJoinPool-1-worker-5] ERROR com.intuit.karate - javax.net.ssl.SSLException: Connection reset, http call failed after 356 milliseconds for URL: https://data.rivm.nl/inspire/id#6e6bf543-e1e3-468d-afae-e88618ad9a65
15:21:29.121 [ForkJoinPool-1-worker-5] ERROR com.intuit.karate - http request failed: 
javax.net.ssl.SSLException: Connection reset
15:21:29.122 [ForkJoinPool-1-worker-5] ERROR com.intuit.karate - feature call (loop) failed at index: 0
caller: classpath:InspireTest/ngr/datasetrecords/def/checkxlinkurl.template.feature
arg: {"link":"https://data.rivm.nl/inspire/id#6e6bf543-e1e3-468d-afae-e88618ad9a65"}
checkxlinkurl.template.feature:14 - 
javax.net.ssl.SSLException: Connection reset
15:21:29.187 [ForkJoinPool-1-worker-7] ERROR com.intuit.karate - assertion failed: path: $, actual: 500, expected: 200, reason: not equal (Integer)
15:21:29.187 [ForkJoinPool-1-worker-7] ERROR com.intuit.karate - feature call (loop) failed at index: 3
caller: classpath:InspireTest/ngr/datasetrecords/def/checkxlinkurl.template.feature
arg: {"link":"https://www.nationaalgeoregister.nl/geonetwork/srv/eng/thesaurus.download?ref=external.theme.inspire-theme"}
checkxlinkurl.template.feature:22 - path: $, actual: 500, expected: 200, reason: not equal (Integer)
15:21:29.212 [ForkJoinPool-1-worker-13] ERROR com.intuit.karate - assertion failed: path: $, actual: 404, expected: 200, reason: not equal (Integer)
15:21:29.213 [ForkJoinPool-1-worker-13] ERROR com.intuit.karate - feature call (loop) failed at index: 1
caller: classpath:InspireTest/ngr/datasetrecords/def/checkxlinkurl.template.feature
arg: {"link":"http://rdfdata.eionet.europa.eu/inspirethemes/themes/10"}
checkxlinkurl.template.feature:22 - path: $, actual: 404, expected: 200, reason: not equal (Integer)
15:21:29.218 [ForkJoinPool-1-worker-13] INFO  com.intuit.karate - [print]
15:21:29.219 [ForkJoinPool-1-worker-13] INFO  com.intuit.karate - [print] testing xlinkurl:urn:ogc:def:crs:EPSG::5709
15:21:29.219 [ForkJoinPool-1-worker-13] ERROR com.intuit.karate - org.apache.http.client.ClientProtocolException: URI does not specify a valid host name: urn:ogc:def:crs:EPSG::5709, http call failed after 0 milliseconds for URL: urn:ogc:def:crs:EPSG::5709
15:21:29.219 [ForkJoinPool-1-worker-13] ERROR com.intuit.karate - http request failed: 
org.apache.http.client.ClientProtocolException: URI does not specify a valid host name: urn:ogc:def:crs:EPSG::5709
15:21:29.219 [ForkJoinPool-1-worker-13] ERROR com.intuit.karate - feature call (loop) failed at index: 2
caller: classpath:InspireTest/ngr/datasetrecords/def/checkxlinkurl.template.feature
arg: {"link":"urn:ogc:def:crs:EPSG::5709"}
checkxlinkurl.template.feature:14 - 
org.apache.http.client.ClientProtocolException: URI does not specify a valid host name: urn:ogc:def:crs:EPSG::5709
15:21:29.444 [ForkJoinPool-1-worker-11] INFO  com.intuit.karate - [print] title:BRO Digital Geological Model (DGM)
15:21:29.448 [ForkJoinPool-1-worker-11] INFO  com.intuit.karate - [print] BRO Digital Geological Model (DGM)
15:21:29.449 [ForkJoinPool-1-worker-11] INFO  com.intuit.karate - [print] [
  "info@bro.nl",
  "info@bro.nl",
  "info@dinoloket.nl"
]

15:21:29.451 [ForkJoinPool-1-worker-11] INFO  com.intuit.karate - [print] organisation: [
  "TNO Geologische Dienst Nederland",
  "TNO Geologische Dienst Nederland",
  "TNO Geologische Dienst Nederland"
]

15:21:29.457 [ForkJoinPool-1-worker-11] INFO  com.intuit.karate - [print] [
  "https://ngr.acceptatie.nationaalgeoregister.nl/geonetwork/srv/resourcesc7a15080-2724-11e2-81c1-0800200c9a66",
  "http://rdfdata.eionet.europa.eu/inspirethemes/themes/13",
  "http://rdfdata.eionet.europa.eu/inspirethemes/themes/#",
  "https://www.nationaalgeoregister.nl/geonetwork/srv/eng/thesaurus.download?ref=external.theme.inspire-theme"
]

15:21:29.462 [ForkJoinPool-1-worker-11] INFO  com.intuit.karate - [print]
15:21:29.466 [ForkJoinPool-1-worker-11] INFO  com.intuit.karate - [print] testing xlinkurl:https://ngr.acceptatie.nationaalgeoregister.nl/geonetwork/srv/resourcesc7a15080-2724-11e2-81c1-0800200c9a66
15:21:29.692 [ForkJoinPool-1-worker-9] INFO  com.intuit.karate - [print] title:Landelijk grondwaterregister - Faciliteiten voor productie en industrie
15:21:29.692 [ForkJoinPool-1-worker-9] INFO  com.intuit.karate - [print] Landelijk grondwaterregister - Faciliteiten voor productie en industrie
15:21:29.693 [ForkJoinPool-1-worker-9] INFO  com.intuit.karate - [print] [
  "inspire@gbo-provincies.nl",
  "inspire@gbo-provincies.nl",
  "inspire@gbo-provincies.nl",
  "",
  ""
]

15:21:29.694 [ForkJoinPool-1-worker-9] INFO  com.intuit.karate - [print] organisation: [
  "Interprovinciaal Overleg",
  "Interprovinciaal Overleg",
  "Interprovinciaal Overleg",
  "Interprovinciaal Overleg",
  "Interprovinciaal Overleg"
]

15:21:29.697 [ForkJoinPool-1-worker-9] INFO  com.intuit.karate - [print] [
  ""
]

15:21:29.700 [ForkJoinPool-1-worker-9] INFO  com.intuit.karate - [print]
15:21:29.700 [ForkJoinPool-1-worker-9] INFO  com.intuit.karate - [print] testing xlinkurl:
15:21:29.701 [ForkJoinPool-1-worker-9] ERROR com.intuit.karate - org.apache.http.client.ClientProtocolException, http call failed after 0 milliseconds for URL: 
15:21:29.701 [ForkJoinPool-1-worker-9] ERROR com.intuit.karate - http request failed: 
org.apache.http.client.ClientProtocolException
15:21:29.701 [ForkJoinPool-1-worker-9] ERROR com.intuit.karate - feature call (loop) failed at index: 0
caller: classpath:InspireTest/ngr/datasetrecords/def/checkxlinkurl.template.feature
arg: {"link":""}
checkxlinkurl.template.feature:14 - 
org.apache.http.client.ClientProtocolException
15:21:29.747 [ForkJoinPool-1-worker-11] ERROR com.intuit.karate - assertion failed: path: $, actual: 404, expected: 200, reason: not equal (Integer)
15:21:29.747 [ForkJoinPool-1-worker-11] ERROR com.intuit.karate - feature call (loop) failed at index: 0
caller: classpath:InspireTest/ngr/datasetrecords/def/checkxlinkurl.template.feature
arg: {"link":"https://ngr.acceptatie.nationaalgeoregister.nl/geonetwork/srv/resourcesc7a15080-2724-11e2-81c1-0800200c9a66"}
checkxlinkurl.template.feature:22 - path: $, actual: 404, expected: 200, reason: not equal (Integer)
15:21:29.748 [ForkJoinPool-1-worker-11] INFO  com.intuit.karate - [print]
15:21:29.749 [ForkJoinPool-1-worker-11] INFO  com.intuit.karate - [print] testing xlinkurl:http://rdfdata.eionet.europa.eu/inspirethemes/themes/13
15:21:29.865 [ForkJoinPool-1-worker-5] INFO  com.intuit.karate - [print] title:BRO REGIS II Hydrogeologisch model (HGM)
15:21:29.865 [ForkJoinPool-1-worker-5] INFO  com.intuit.karate - [print] BRO REGIS II Hydrogeologisch model (HGM)
15:21:29.866 [ForkJoinPool-1-worker-5] INFO  com.intuit.karate - [print] [
  "info@bro.nl",
  "info@bro.nl",
  "info@dinoloket.nl"
]

15:21:29.867 [ForkJoinPool-1-worker-5] INFO  com.intuit.karate - [print] organisation: [
  "TNO Geologische Dienst Nederland",
  "TNO Geologische Dienst Nederland",
  "TNO Geologische Dienst Nederland"
]

15:21:29.871 [ForkJoinPool-1-worker-5] INFO  com.intuit.karate - [print] [
  "http://www.opengis.net/def/crs/EPSG/0/NAP",
  "https://ngr.acceptatie.nationaalgeoregister.nl/geonetwork/srv/resourcesd72ddff0-2724-11e2-81c1-0800200c9a66"
]

15:21:29.874 [ForkJoinPool-1-worker-5] INFO  com.intuit.karate - [print]
15:21:29.874 [ForkJoinPool-1-worker-5] INFO  com.intuit.karate - [print] testing xlinkurl:http://www.opengis.net/def/crs/EPSG/0/NAP
15:21:29.960 [ForkJoinPool-1-worker-13] INFO  com.intuit.karate - [print] title:Vervoersnetwerken - Waterwegen (INSPIRE geharmoniseerd) - WT
15:21:29.961 [ForkJoinPool-1-worker-13] INFO  com.intuit.karate - [print] Vervoersnetwerken - Waterwegen (INSPIRE geharmoniseerd) - WT
15:21:29.961 [ForkJoinPool-1-worker-11] ERROR com.intuit.karate - assertion failed: path: $, actual: 404, expected: 200, reason: not equal (Integer)
15:21:29.961 [ForkJoinPool-1-worker-11] ERROR com.intuit.karate - feature call (loop) failed at index: 1
caller: classpath:InspireTest/ngr/datasetrecords/def/checkxlinkurl.template.feature
arg: {"link":"http://rdfdata.eionet.europa.eu/inspirethemes/themes/13"}
checkxlinkurl.template.feature:22 - path: $, actual: 404, expected: 200, reason: not equal (Integer)
15:21:29.962 [ForkJoinPool-1-worker-13] INFO  com.intuit.karate - [print] [
  "servicedesk-data@rijkswaterstaat.nl",
  "servicedesk-data@rijkswaterstaat.nl",
  "",
  "servicedesk-data@rijkswaterstaat.nl",
  "info@wetransform.to"
]

15:21:29.963 [ForkJoinPool-1-worker-13] INFO  com.intuit.karate - [print] organisation: [
  "Rijkswaterstaat",
  "Rijkswaterstaat",
  "",
  "Rijkswaterstaat",
  "Wetransform"
]

15:21:29.964 [ForkJoinPool-1-worker-11] INFO  com.intuit.karate - [print]
15:21:29.965 [ForkJoinPool-1-worker-11] INFO  com.intuit.karate - [print] testing xlinkurl:http://rdfdata.eionet.europa.eu/inspirethemes/themes/#
15:21:29.971 [ForkJoinPool-1-worker-13] INFO  com.intuit.karate - [print] [
  "https://www.nationaalgeoregister.nl/geonetwork/srv/dut/catalog.search#/metadata/eu-2c7040b-c448-451b-bf15-f2416ecaadd1",
  "http://rdfdata.eionet.europa.eu/inspirethemes/themes/7",
  "urn:ogc:def:crs:EPSG::5709"
]

15:21:29.975 [ForkJoinPool-1-worker-13] INFO  com.intuit.karate - [print]
15:21:29.975 [ForkJoinPool-1-worker-13] INFO  com.intuit.karate - [print] testing xlinkurl:https://www.nationaalgeoregister.nl/geonetwork/srv/dut/catalog.search#/metadata/eu-2c7040b-c448-451b-bf15-f2416ecaadd1
15:21:29.980 [ForkJoinPool-1-worker-7] INFO  com.intuit.karate - [print] title:CBS Provincies 2012
15:21:29.981 [ForkJoinPool-1-worker-7] INFO  com.intuit.karate - [print] CBS Provincies 2012
15:21:29.982 [ForkJoinPool-1-worker-7] INFO  com.intuit.karate - [print] [
  "infoservice@cbs.nl",
  "infoservice@cbs.nl",
  "infoservice@cbs.nl",
  "",
  ""
]

15:21:29.984 [ForkJoinPool-1-worker-7] INFO  com.intuit.karate - [print] organisation: [
  "Centraal Bureau voor de Statistiek",
  "Centraal Bureau voor de Statistiek",
  "Centraal Bureau voor de Statistiek",
  "Kadaster"
]

15:21:29.989 [ForkJoinPool-1-worker-7] INFO  com.intuit.karate - [print] [
  "http://geodata.nationaalgeoregister.nl/cbsprovincies/extract/cbsprovincies.zip",
  ""
]

15:21:29.995 [ForkJoinPool-1-worker-7] INFO  com.intuit.karate - [print]
15:21:29.995 [ForkJoinPool-1-worker-7] INFO  com.intuit.karate - [print] testing xlinkurl:http://geodata.nationaalgeoregister.nl/cbsprovincies/extract/cbsprovincies.zip
15:21:30.169 [ForkJoinPool-1-worker-11] ERROR com.intuit.karate - assertion failed: path: $, actual: 404, expected: 200, reason: not equal (Integer)
15:21:30.170 [ForkJoinPool-1-worker-11] ERROR com.intuit.karate - feature call (loop) failed at index: 2
caller: classpath:InspireTest/ngr/datasetrecords/def/checkxlinkurl.template.feature
arg: {"link":"http://rdfdata.eionet.europa.eu/inspirethemes/themes/#"}
checkxlinkurl.template.feature:22 - path: $, actual: 404, expected: 200, reason: not equal (Integer)
15:21:30.170 [ForkJoinPool-1-worker-11] INFO  com.intuit.karate - [print]
15:21:30.171 [ForkJoinPool-1-worker-11] INFO  com.intuit.karate - [print] testing xlinkurl:https://www.nationaalgeoregister.nl/geonetwork/srv/eng/thesaurus.download?ref=external.theme.inspire-theme
15:21:30.171 [ForkJoinPool-1-worker-5] INFO  com.intuit.karate - [print]
15:21:30.172 [ForkJoinPool-1-worker-5] INFO  com.intuit.karate - [print] testing xlinkurl:https://ngr.acceptatie.nationaalgeoregister.nl/geonetwork/srv/resourcesd72ddff0-2724-11e2-81c1-0800200c9a66
15:21:30.295 [ForkJoinPool-1-worker-7] INFO  com.intuit.karate - [print]
15:21:30.296 [ForkJoinPool-1-worker-7] INFO  com.intuit.karate - [print] testing xlinkurl:
15:21:30.297 [ForkJoinPool-1-worker-7] ERROR com.intuit.karate - org.apache.http.client.ClientProtocolException, http call failed after 0 milliseconds for URL: 
15:21:30.297 [ForkJoinPool-1-worker-7] ERROR com.intuit.karate - http request failed: 
org.apache.http.client.ClientProtocolException
15:21:30.297 [ForkJoinPool-1-worker-7] ERROR com.intuit.karate - feature call (loop) failed at index: 1
caller: classpath:InspireTest/ngr/datasetrecords/def/checkxlinkurl.template.feature
arg: {"link":""}
checkxlinkurl.template.feature:14 - 
org.apache.http.client.ClientProtocolException
15:21:30.309 [ForkJoinPool-1-worker-9] INFO  com.intuit.karate - [print] title:Maritieme grenzen - Noordzee
15:21:30.309 [ForkJoinPool-1-worker-9] INFO  com.intuit.karate - [print] Maritieme grenzen - Noordzee
15:21:30.310 [ForkJoinPool-1-worker-9] INFO  com.intuit.karate - [print] [
  "data@hydro.nl",
  "data@hydro.nl",
  "data@hydro.nl",
  "",
  ""
]

15:21:30.312 [ForkJoinPool-1-worker-9] INFO  com.intuit.karate - [print] organisation: [
  "Ministerie van Defensie, Koninklijke Marine, Dienst der Hydrografie",
  "Ministerie van Defensie, Koninklijke Marine, Dienst der Hydrografie",
  "Ministerie van Defensie, Koninklijke Marine, Dienst der Hydrografie"
]

15:21:30.316 [ForkJoinPool-1-worker-9] INFO  com.intuit.karate - [print] [
  "http://www.opengis.net/def/crs/EPSG/0/https://www.opengis.net/def/crs/EPSG/0/4258",
  "https://www.nationaalgeoregister.nl:443/geonetwork/srv/api/records/a5241416-8401-4623-be61-57ef50447a41"
]

15:21:30.319 [ForkJoinPool-1-worker-13] INFO  com.intuit.karate - [print]
15:21:30.319 [ForkJoinPool-1-worker-9] INFO  com.intuit.karate - [print]
15:21:30.319 [ForkJoinPool-1-worker-13] INFO  com.intuit.karate - [print] testing xlinkurl:http://rdfdata.eionet.europa.eu/inspirethemes/themes/7
15:21:30.320 [ForkJoinPool-1-worker-9] INFO  com.intuit.karate - [print] testing xlinkurl:http://www.opengis.net/def/crs/EPSG/0/https://www.opengis.net/def/crs/EPSG/0/4258
15:21:30.451 [ForkJoinPool-1-worker-5] ERROR com.intuit.karate - assertion failed: path: $, actual: 404, expected: 200, reason: not equal (Integer)
15:21:30.451 [ForkJoinPool-1-worker-5] ERROR com.intuit.karate - feature call (loop) failed at index: 1
caller: classpath:InspireTest/ngr/datasetrecords/def/checkxlinkurl.template.feature
arg: {"link":"https://ngr.acceptatie.nationaalgeoregister.nl/geonetwork/srv/resourcesd72ddff0-2724-11e2-81c1-0800200c9a66"}
checkxlinkurl.template.feature:22 - path: $, actual: 404, expected: 200, reason: not equal (Integer)
15:21:30.479 [ForkJoinPool-1-worker-11] ERROR com.intuit.karate - assertion failed: path: $, actual: 500, expected: 200, reason: not equal (Integer)
15:21:30.480 [ForkJoinPool-1-worker-11] ERROR com.intuit.karate - feature call (loop) failed at index: 3
caller: classpath:InspireTest/ngr/datasetrecords/def/checkxlinkurl.template.feature
arg: {"link":"https://www.nationaalgeoregister.nl/geonetwork/srv/eng/thesaurus.download?ref=external.theme.inspire-theme"}
checkxlinkurl.template.feature:22 - path: $, actual: 500, expected: 200, reason: not equal (Integer)
15:21:30.532 [ForkJoinPool-1-worker-13] ERROR com.intuit.karate - assertion failed: path: $, actual: 404, expected: 200, reason: not equal (Integer)
15:21:30.532 [ForkJoinPool-1-worker-13] ERROR com.intuit.karate - feature call (loop) failed at index: 1
caller: classpath:InspireTest/ngr/datasetrecords/def/checkxlinkurl.template.feature
arg: {"link":"http://rdfdata.eionet.europa.eu/inspirethemes/themes/7"}
checkxlinkurl.template.feature:22 - path: $, actual: 404, expected: 200, reason: not equal (Integer)
15:21:30.533 [ForkJoinPool-1-worker-13] INFO  com.intuit.karate - [print]
15:21:30.534 [ForkJoinPool-1-worker-13] INFO  com.intuit.karate - [print] testing xlinkurl:urn:ogc:def:crs:EPSG::5709
15:21:30.534 [ForkJoinPool-1-worker-13] ERROR com.intuit.karate - org.apache.http.client.ClientProtocolException: URI does not specify a valid host name: urn:ogc:def:crs:EPSG::5709, http call failed after 0 milliseconds for URL: urn:ogc:def:crs:EPSG::5709
15:21:30.534 [ForkJoinPool-1-worker-13] ERROR com.intuit.karate - http request failed: 
org.apache.http.client.ClientProtocolException: URI does not specify a valid host name: urn:ogc:def:crs:EPSG::5709
15:21:30.534 [ForkJoinPool-1-worker-13] ERROR com.intuit.karate - feature call (loop) failed at index: 2
caller: classpath:InspireTest/ngr/datasetrecords/def/checkxlinkurl.template.feature
arg: {"link":"urn:ogc:def:crs:EPSG::5709"}
checkxlinkurl.template.feature:14 - 
org.apache.http.client.ClientProtocolException: URI does not specify a valid host name: urn:ogc:def:crs:EPSG::5709
15:21:30.619 [ForkJoinPool-1-worker-9] INFO  com.intuit.karate - [print]
15:21:30.620 [ForkJoinPool-1-worker-9] INFO  com.intuit.karate - [print] testing xlinkurl:https://www.nationaalgeoregister.nl:443/geonetwork/srv/api/records/a5241416-8401-4623-be61-57ef50447a41
15:21:30.853 [ForkJoinPool-1-worker-7] INFO  com.intuit.karate - [print] title:Land Use 2015
15:21:30.853 [ForkJoinPool-1-worker-7] INFO  com.intuit.karate - [print] Land Use 2015
15:21:30.854 [ForkJoinPool-1-worker-7] INFO  com.intuit.karate - [print] [
  "infoservice@cbs.nl",
  "infoservice@cbs.nl",
  "",
  "",
  ""
]

15:21:30.855 [ForkJoinPool-1-worker-7] INFO  com.intuit.karate - [print] organisation: [
  "Statistics Netherlands",
  "Statistics Netherlands",
  "PDOK"
]

15:21:30.859 [ForkJoinPool-1-worker-7] INFO  com.intuit.karate - [print] [
]

15:21:30.910 [ForkJoinPool-1-worker-9] ERROR com.intuit.karate - assertion failed: path: $, actual: 400, expected: 200, reason: not equal (Integer)
15:21:30.911 [ForkJoinPool-1-worker-9] ERROR com.intuit.karate - feature call (loop) failed at index: 1
caller: classpath:InspireTest/ngr/datasetrecords/def/checkxlinkurl.template.feature
arg: {"link":"https://www.nationaalgeoregister.nl:443/geonetwork/srv/api/records/a5241416-8401-4623-be61-57ef50447a41"}
checkxlinkurl.template.feature:22 - path: $, actual: 400, expected: 200, reason: not equal (Integer)
15:21:31.126 [ForkJoinPool-1-worker-5] INFO  com.intuit.karate - [print] title:Overstromingsrisicokaarten
15:21:31.126 [ForkJoinPool-1-worker-5] INFO  com.intuit.karate - [print] Overstromingsrisicokaarten
15:21:31.127 [ForkJoinPool-1-worker-5] INFO  com.intuit.karate - [print] [
  "inspire@gbo-provincies.nl",
  "inspire@gbo-provincies.nl",
  "inspire@gbo-provincies.nl"
]

15:21:31.128 [ForkJoinPool-1-worker-5] INFO  com.intuit.karate - [print] organisation: [
  "Interprovinciaal Overleg",
  "Interprovinciaal Overleg",
  "Interprovinciaal Overleg"
]

15:21:31.131 [ForkJoinPool-1-worker-5] INFO  com.intuit.karate - [print] [
  "http://nationaalgeoregister.nl/geonetwork/srv/dut/csw?SERVICE=CSW&version=2.0.2&REQUEST=GetRecordById&elementSetName=full&OutputSchema=http://www.isotc211.org/2005/gmd&ID=2daad588-11ef-47de-9832-6fe2c3b93e6d",
  "https://creativecommons.org/publicdomain/mark/*/deed.nl",
  ""
]

15:21:31.134 [ForkJoinPool-1-worker-5] INFO  com.intuit.karate - [print]
15:21:31.134 [ForkJoinPool-1-worker-5] INFO  com.intuit.karate - [print] testing xlinkurl:http://nationaalgeoregister.nl/geonetwork/srv/dut/csw?SERVICE=CSW&version=2.0.2&REQUEST=GetRecordById&elementSetName=full&OutputSchema=http://www.isotc211.org/2005/gmd&ID=2daad588-11ef-47de-9832-6fe2c3b93e6d
15:21:31.184 [ForkJoinPool-1-worker-11] INFO  com.intuit.karate - [print] title:Afvalinrichtingen inclusief nucleaire inrichtingen
15:21:31.184 [ForkJoinPool-1-worker-11] INFO  com.intuit.karate - [print] Afvalinrichtingen inclusief nucleaire inrichtingen
15:21:31.185 [ForkJoinPool-1-worker-11] INFO  com.intuit.karate - [print] [
  "inspire@gbo-provincies.nl",
  "inspire@gbo-provincies.nl",
  "inspire@gbo-provincies.nl"
]

15:21:31.186 [ForkJoinPool-1-worker-11] INFO  com.intuit.karate - [print] organisation: [
  "Interprovinciaal Overleg",
  "Interprovinciaal Overleg",
  "Interprovinciaal Overleg"
]

15:21:31.191 [ForkJoinPool-1-worker-11] INFO  com.intuit.karate - [print] [
  "http://nationaalgeoregister.nl/geonetwork/srv/dut/csw?SERVICE=CSW&version=2.0.2&REQUEST=GetRecordById&elementSetName=full&OutputSchema=http://www.isotc211.org/2005/gmd&ID=f5f68d51-2ca4-4897-8227-d3938b2b0a7e",
  "https://creativecommons.org/publicdomain/mark/*/deed.nl",
  ""
]

15:21:31.195 [ForkJoinPool-1-worker-11] INFO  com.intuit.karate - [print]
15:21:31.195 [ForkJoinPool-1-worker-11] INFO  com.intuit.karate - [print] testing xlinkurl:http://nationaalgeoregister.nl/geonetwork/srv/dut/csw?SERVICE=CSW&version=2.0.2&REQUEST=GetRecordById&elementSetName=full&OutputSchema=http://www.isotc211.org/2005/gmd&ID=f5f68d51-2ca4-4897-8227-d3938b2b0a7e
15:21:31.300 [ForkJoinPool-1-worker-13] INFO  com.intuit.karate - [print] title:Nationale Landschappen
15:21:31.300 [ForkJoinPool-1-worker-13] INFO  com.intuit.karate - [print] Nationale Landschappen
15:21:31.301 [ForkJoinPool-1-worker-13] INFO  com.intuit.karate - [print] [
  "inspire@gbo-provincies.nl",
  "inspire@gbo-provincies.nl",
  "inspire@gbo-provincies.nl"
]

15:21:31.303 [ForkJoinPool-1-worker-13] INFO  com.intuit.karate - [print] organisation: [
  "Interprovinciaal Overleg",
  "Interprovinciaal Overleg",
  "Interprovinciaal Overleg"
]

15:21:31.307 [ForkJoinPool-1-worker-13] INFO  com.intuit.karate - [print] [
  "http://www.opengis.net/def/crs/EPSG/0/http://www.opengis.net/def/crs/EPSG/0/3034",
  "http://nationaalgeoregister.nl/geonetwork/srv/dut/csw?SERVICE=CSW&version=2.0.2&REQUEST=GetRecordById&elementSetName=full&OutputSchema=http://www.isotc211.org/2005/gmd&ID=60a2a7c2-d5b3-4ad5-b562-c448695357fb",
  "https://creativecommons.org/publicdomain/mark/*/deed.nl",
  ""
]

15:21:31.310 [ForkJoinPool-1-worker-13] INFO  com.intuit.karate - [print]
15:21:31.311 [ForkJoinPool-1-worker-13] INFO  com.intuit.karate - [print] testing xlinkurl:http://www.opengis.net/def/crs/EPSG/0/http://www.opengis.net/def/crs/EPSG/0/3034
15:21:31.507 [ForkJoinPool-1-worker-7] INFO  com.intuit.karate - [print] title:Stiltegebieden
15:21:31.507 [ForkJoinPool-1-worker-7] INFO  com.intuit.karate - [print] Stiltegebieden
15:21:31.508 [ForkJoinPool-1-worker-7] INFO  com.intuit.karate - [print] [
  "inspire@gbo-provincies.nl",
  "inspire@gbo-provincies.nl",
  "inspire@gbo-provincies.nl"
]

15:21:31.509 [ForkJoinPool-1-worker-7] INFO  com.intuit.karate - [print] organisation: [
  "Interprovinciaal Overleg",
  "Interprovinciaal Overleg",
  "Interprovinciaal Overleg"
]

15:21:31.513 [ForkJoinPool-1-worker-7] INFO  com.intuit.karate - [print] [
  "http://www.opengis.net/def/crs/EPSG/0/http://www.opengis.net/def/crs/EPSG/0/3034",
  "http://nationaalgeoregister.nl/geonetwork/srv/dut/csw?SERVICE=CSW&version=2.0.2&REQUEST=GetRecordById&elementSetName=full&OutputSchema=http://www.isotc211.org/2005/gmd&ID=cc408b2d-09a6-4b2b-9aa3-b46bfe2f00a5",
  "https://creativecommons.org/publicdomain/mark/*/deed.nl",
  ""
]

15:21:31.516 [ForkJoinPool-1-worker-7] INFO  com.intuit.karate - [print]
15:21:31.516 [ForkJoinPool-1-worker-7] INFO  com.intuit.karate - [print] testing xlinkurl:http://www.opengis.net/def/crs/EPSG/0/http://www.opengis.net/def/crs/EPSG/0/3034
15:21:31.587 [ForkJoinPool-1-worker-9] INFO  com.intuit.karate - [print] title:Provinciale monumenten
15:21:31.588 [ForkJoinPool-1-worker-9] INFO  com.intuit.karate - [print] Provinciale monumenten
15:21:31.589 [ForkJoinPool-1-worker-9] INFO  com.intuit.karate - [print] [
  "inspire@gbo-provincies.nl",
  "inspire@gbo-provincies.nl",
  "inspire@gbo-provincies.nl"
]

15:21:31.590 [ForkJoinPool-1-worker-9] INFO  com.intuit.karate - [print] organisation: [
  "Interprovinciaal Overleg",
  "Interprovinciaal Overleg",
  "Interprovinciaal Overleg"
]

15:21:31.597 [ForkJoinPool-1-worker-9] INFO  com.intuit.karate - [print] [
  "http://www.opengis.net/def/crs/EPSG/0/http://www.opengis.net/def/crs/EPSG/0/3034",
  "http://nationaalgeoregister.nl/geonetwork/srv/dut/csw?SERVICE=CSW&version=2.0.2&REQUEST=GetRecordById&elementSetName=full&OutputSchema=http://www.isotc211.org/2005/gmd&ID=ca94a0cb-7561-4a10-a7d6-b840e56c33ff",
  "https://creativecommons.org/publicdomain/mark/*/deed.nl",
  ""
]

15:21:31.605 [ForkJoinPool-1-worker-9] INFO  com.intuit.karate - [print]
15:21:31.606 [ForkJoinPool-1-worker-9] INFO  com.intuit.karate - [print] testing xlinkurl:http://www.opengis.net/def/crs/EPSG/0/http://www.opengis.net/def/crs/EPSG/0/3034
15:21:31.656 [ForkJoinPool-1-worker-13] INFO  com.intuit.karate - [print]
15:21:31.657 [ForkJoinPool-1-worker-13] INFO  com.intuit.karate - [print] testing xlinkurl:http://nationaalgeoregister.nl/geonetwork/srv/dut/csw?SERVICE=CSW&version=2.0.2&REQUEST=GetRecordById&elementSetName=full&OutputSchema=http://www.isotc211.org/2005/gmd&ID=60a2a7c2-d5b3-4ad5-b562-c448695357fb
15:21:31.683 [ForkJoinPool-1-worker-11] INFO  com.intuit.karate - [print]
15:21:31.684 [ForkJoinPool-1-worker-11] INFO  com.intuit.karate - [print] testing xlinkurl:https://creativecommons.org/publicdomain/mark/*/deed.nl
15:21:31.716 [ForkJoinPool-1-worker-5] INFO  com.intuit.karate - [print]
15:21:31.716 [ForkJoinPool-1-worker-5] INFO  com.intuit.karate - [print] testing xlinkurl:https://creativecommons.org/publicdomain/mark/*/deed.nl
15:21:31.719 [ForkJoinPool-1-worker-11] ERROR com.intuit.karate - assertion failed: path: $, actual: 404, expected: 200, reason: not equal (Integer)
15:21:31.720 [ForkJoinPool-1-worker-11] ERROR com.intuit.karate - feature call (loop) failed at index: 1
caller: classpath:InspireTest/ngr/datasetrecords/def/checkxlinkurl.template.feature
arg: {"link":"https://creativecommons.org/publicdomain/mark/*/deed.nl"}
checkxlinkurl.template.feature:22 - path: $, actual: 404, expected: 200, reason: not equal (Integer)
15:21:31.720 [ForkJoinPool-1-worker-11] INFO  com.intuit.karate - [print]
15:21:31.722 [ForkJoinPool-1-worker-11] INFO  com.intuit.karate - [print] testing xlinkurl:
15:21:31.724 [ForkJoinPool-1-worker-11] ERROR com.intuit.karate - org.apache.http.client.ClientProtocolException, http call failed after 0 milliseconds for URL: 
15:21:31.725 [ForkJoinPool-1-worker-11] ERROR com.intuit.karate - http request failed: 
org.apache.http.client.ClientProtocolException
15:21:31.725 [ForkJoinPool-1-worker-11] ERROR com.intuit.karate - feature call (loop) failed at index: 2
caller: classpath:InspireTest/ngr/datasetrecords/def/checkxlinkurl.template.feature
arg: {"link":""}
checkxlinkurl.template.feature:14 - 
org.apache.http.client.ClientProtocolException
15:21:31.751 [ForkJoinPool-1-worker-5] ERROR com.intuit.karate - assertion failed: path: $, actual: 404, expected: 200, reason: not equal (Integer)
15:21:31.752 [ForkJoinPool-1-worker-5] ERROR com.intuit.karate - feature call (loop) failed at index: 1
caller: classpath:InspireTest/ngr/datasetrecords/def/checkxlinkurl.template.feature
arg: {"link":"https://creativecommons.org/publicdomain/mark/*/deed.nl"}
checkxlinkurl.template.feature:22 - path: $, actual: 404, expected: 200, reason: not equal (Integer)
15:21:31.753 [ForkJoinPool-1-worker-5] INFO  com.intuit.karate - [print]
15:21:31.754 [ForkJoinPool-1-worker-5] INFO  com.intuit.karate - [print] testing xlinkurl:
15:21:31.754 [ForkJoinPool-1-worker-5] ERROR com.intuit.karate - org.apache.http.client.ClientProtocolException, http call failed after 0 milliseconds for URL: 
15:21:31.754 [ForkJoinPool-1-worker-5] ERROR com.intuit.karate - http request failed: 
org.apache.http.client.ClientProtocolException
15:21:31.755 [ForkJoinPool-1-worker-5] ERROR com.intuit.karate - feature call (loop) failed at index: 2
caller: classpath:InspireTest/ngr/datasetrecords/def/checkxlinkurl.template.feature
arg: {"link":""}
checkxlinkurl.template.feature:14 - 
org.apache.http.client.ClientProtocolException
15:21:31.816 [ForkJoinPool-1-worker-7] INFO  com.intuit.karate - [print]
15:21:31.816 [ForkJoinPool-1-worker-7] INFO  com.intuit.karate - [print] testing xlinkurl:http://nationaalgeoregister.nl/geonetwork/srv/dut/csw?SERVICE=CSW&version=2.0.2&REQUEST=GetRecordById&elementSetName=full&OutputSchema=http://www.isotc211.org/2005/gmd&ID=cc408b2d-09a6-4b2b-9aa3-b46bfe2f00a5
15:21:31.906 [ForkJoinPool-1-worker-9] INFO  com.intuit.karate - [print]
15:21:31.906 [ForkJoinPool-1-worker-9] INFO  com.intuit.karate - [print] testing xlinkurl:http://nationaalgeoregister.nl/geonetwork/srv/dut/csw?SERVICE=CSW&version=2.0.2&REQUEST=GetRecordById&elementSetName=full&OutputSchema=http://www.isotc211.org/2005/gmd&ID=ca94a0cb-7561-4a10-a7d6-b840e56c33ff
15:21:32.181 [ForkJoinPool-1-worker-13] INFO  com.intuit.karate - [print]
15:21:32.181 [ForkJoinPool-1-worker-13] INFO  com.intuit.karate - [print] testing xlinkurl:https://creativecommons.org/publicdomain/mark/*/deed.nl
15:21:32.227 [ForkJoinPool-1-worker-13] ERROR com.intuit.karate - assertion failed: path: $, actual: 404, expected: 200, reason: not equal (Integer)
15:21:32.227 [ForkJoinPool-1-worker-13] ERROR com.intuit.karate - feature call (loop) failed at index: 2
caller: classpath:InspireTest/ngr/datasetrecords/def/checkxlinkurl.template.feature
arg: {"link":"https://creativecommons.org/publicdomain/mark/*/deed.nl"}
checkxlinkurl.template.feature:22 - path: $, actual: 404, expected: 200, reason: not equal (Integer)
15:21:32.228 [ForkJoinPool-1-worker-13] INFO  com.intuit.karate - [print]
15:21:32.229 [ForkJoinPool-1-worker-13] INFO  com.intuit.karate - [print] testing xlinkurl:
15:21:32.230 [ForkJoinPool-1-worker-13] ERROR com.intuit.karate - org.apache.http.client.ClientProtocolException, http call failed after 0 milliseconds for URL: 
15:21:32.231 [ForkJoinPool-1-worker-13] ERROR com.intuit.karate - http request failed: 
org.apache.http.client.ClientProtocolException
15:21:32.231 [ForkJoinPool-1-worker-13] ERROR com.intuit.karate - feature call (loop) failed at index: 3
caller: classpath:InspireTest/ngr/datasetrecords/def/checkxlinkurl.template.feature
arg: {"link":""}
checkxlinkurl.template.feature:14 - 
org.apache.http.client.ClientProtocolException
15:21:32.246 [ForkJoinPool-1-worker-11] INFO  com.intuit.karate - [print] title:Wet Ammoniak en Veehouderij gebieden
15:21:32.246 [ForkJoinPool-1-worker-11] INFO  com.intuit.karate - [print] Wet Ammoniak en Veehouderij gebieden
15:21:32.247 [ForkJoinPool-1-worker-11] INFO  com.intuit.karate - [print] [
  "inspire@gbo-provincies.nl",
  "inspire@gbo-provincies.nl",
  "inspire@gbo-provincies.nl"
]

15:21:32.248 [ForkJoinPool-1-worker-11] INFO  com.intuit.karate - [print] organisation: [
  "Interprovinciaal Overleg",
  "Interprovinciaal Overleg",
  "Interprovinciaal Overleg"
]

15:21:32.252 [ForkJoinPool-1-worker-11] INFO  com.intuit.karate - [print] [
  "http://www.opengis.net/def/crs/EPSG/0/http://www.opengis.net/def/crs/EPSG/0/3034",
  "http://nationaalgeoregister.nl/geonetwork/srv/dut/csw?SERVICE=CSW&version=2.0.2&REQUEST=GetRecordById&elementSetName=full&OutputSchema=http://www.isotc211.org/2005/gmd&ID=998ba1dc-f6a6-49a3-a021-51f30d9b1d0e",
  "https://creativecommons.org/publicdomain/mark/*/deed.nl",
  ""
]

15:21:32.255 [ForkJoinPool-1-worker-11] INFO  com.intuit.karate - [print]
15:21:32.255 [ForkJoinPool-1-worker-11] INFO  com.intuit.karate - [print] testing xlinkurl:http://www.opengis.net/def/crs/EPSG/0/http://www.opengis.net/def/crs/EPSG/0/3034
15:21:32.379 [ForkJoinPool-1-worker-5] INFO  com.intuit.karate - [print] title:Beschermde gebieden - Provincies (INSPIRE geharmoniseerd)
15:21:32.379 [ForkJoinPool-1-worker-5] INFO  com.intuit.karate - [print] Beschermde gebieden - Provincies (INSPIRE geharmoniseerd)
15:21:32.380 [ForkJoinPool-1-worker-5] INFO  com.intuit.karate - [print] [
  "inspire@gbo-provincies.nl",
  "inspire@gbo-provincies.nl",
  "inspire@gbo-provincies.nl"
]

15:21:32.382 [ForkJoinPool-1-worker-5] INFO  com.intuit.karate - [print] organisation: [
  "Interprovinciaal Overleg",
  "Interprovinciaal Overleg",
  "Interprovinciaal Overleg"
]

15:21:32.389 [ForkJoinPool-1-worker-5] INFO  com.intuit.karate - [print] [
  "http://www.opengis.net/def/crs/EPSG/0/http://www.opengis.net/def/crs/EPSG/0/3034",
  "http://nationaalgeoregister.nl/geonetwork/srv/dut/csw?SERVICE=CSW&version=2.0.2&REQUEST=GetRecordById&elementSetName=full&OutputSchema=http://www.isotc211.org/2005/gmd&ID=49ab8bee-b467-486a-96ca-b950443c453a",
  "https://creativecommons.org/publicdomain/mark/*/deed.nl",
  ""
]

15:21:32.392 [ForkJoinPool-1-worker-5] INFO  com.intuit.karate - [print]
15:21:32.394 [ForkJoinPool-1-worker-9] INFO  com.intuit.karate - [print]
15:21:32.394 [ForkJoinPool-1-worker-9] INFO  com.intuit.karate - [print] testing xlinkurl:https://creativecommons.org/publicdomain/mark/*/deed.nl
15:21:32.395 [ForkJoinPool-1-worker-5] INFO  com.intuit.karate - [print] testing xlinkurl:http://www.opengis.net/def/crs/EPSG/0/http://www.opengis.net/def/crs/EPSG/0/3034
15:21:32.415 [ForkJoinPool-1-worker-7] INFO  com.intuit.karate - [print]
15:21:32.415 [ForkJoinPool-1-worker-7] INFO  com.intuit.karate - [print] testing xlinkurl:https://creativecommons.org/publicdomain/mark/*/deed.nl
15:21:32.447 [ForkJoinPool-1-worker-9] ERROR com.intuit.karate - assertion failed: path: $, actual: 404, expected: 200, reason: not equal (Integer)
15:21:32.447 [ForkJoinPool-1-worker-9] ERROR com.intuit.karate - feature call (loop) failed at index: 2
caller: classpath:InspireTest/ngr/datasetrecords/def/checkxlinkurl.template.feature
arg: {"link":"https://creativecommons.org/publicdomain/mark/*/deed.nl"}
checkxlinkurl.template.feature:22 - path: $, actual: 404, expected: 200, reason: not equal (Integer)
15:21:32.448 [ForkJoinPool-1-worker-9] INFO  com.intuit.karate - [print]
15:21:32.448 [ForkJoinPool-1-worker-9] INFO  com.intuit.karate - [print] testing xlinkurl:
15:21:32.449 [ForkJoinPool-1-worker-9] ERROR com.intuit.karate - org.apache.http.client.ClientProtocolException, http call failed after 0 milliseconds for URL: 
15:21:32.450 [ForkJoinPool-1-worker-7] ERROR com.intuit.karate - assertion failed: path: $, actual: 404, expected: 200, reason: not equal (Integer)
15:21:32.450 [ForkJoinPool-1-worker-9] ERROR com.intuit.karate - http request failed: 
org.apache.http.client.ClientProtocolException
15:21:32.451 [ForkJoinPool-1-worker-9] ERROR com.intuit.karate - feature call (loop) failed at index: 3
caller: classpath:InspireTest/ngr/datasetrecords/def/checkxlinkurl.template.feature
arg: {"link":""}
checkxlinkurl.template.feature:14 - 
org.apache.http.client.ClientProtocolException
15:21:32.450 [ForkJoinPool-1-worker-7] ERROR com.intuit.karate - feature call (loop) failed at index: 2
caller: classpath:InspireTest/ngr/datasetrecords/def/checkxlinkurl.template.feature
arg: {"link":"https://creativecommons.org/publicdomain/mark/*/deed.nl"}
checkxlinkurl.template.feature:22 - path: $, actual: 404, expected: 200, reason: not equal (Integer)
15:21:32.453 [ForkJoinPool-1-worker-7] INFO  com.intuit.karate - [print]
15:21:32.453 [ForkJoinPool-1-worker-7] INFO  com.intuit.karate - [print] testing xlinkurl:
15:21:32.453 [ForkJoinPool-1-worker-7] ERROR com.intuit.karate - org.apache.http.client.ClientProtocolException, http call failed after 0 milliseconds for URL: 
15:21:32.453 [ForkJoinPool-1-worker-7] ERROR com.intuit.karate - http request failed: 
org.apache.http.client.ClientProtocolException
15:21:32.453 [ForkJoinPool-1-worker-7] ERROR com.intuit.karate - feature call (loop) failed at index: 3
caller: classpath:InspireTest/ngr/datasetrecords/def/checkxlinkurl.template.feature
arg: {"link":""}
checkxlinkurl.template.feature:14 - 
org.apache.http.client.ClientProtocolException
15:21:32.554 [ForkJoinPool-1-worker-11] INFO  com.intuit.karate - [print]
15:21:32.554 [ForkJoinPool-1-worker-11] INFO  com.intuit.karate - [print] testing xlinkurl:http://nationaalgeoregister.nl/geonetwork/srv/dut/csw?SERVICE=CSW&version=2.0.2&REQUEST=GetRecordById&elementSetName=full&OutputSchema=http://www.isotc211.org/2005/gmd&ID=998ba1dc-f6a6-49a3-a021-51f30d9b1d0e
15:21:32.688 [ForkJoinPool-1-worker-5] INFO  com.intuit.karate - [print]
15:21:32.688 [ForkJoinPool-1-worker-5] INFO  com.intuit.karate - [print] testing xlinkurl:http://nationaalgeoregister.nl/geonetwork/srv/dut/csw?SERVICE=CSW&version=2.0.2&REQUEST=GetRecordById&elementSetName=full&OutputSchema=http://www.isotc211.org/2005/gmd&ID=49ab8bee-b467-486a-96ca-b950443c453a
15:21:32.744 [pool-1-thread-2] INFO  com.intuit.karate - [print] {
  "register": {
    "submitter": "Nominated submitting organisations for the central INSPIRE registers and INSPIRE register federation",
    "license": {
      "label": "Europa Legal Notice",
      "uri": "http://ec.europa.eu/geninfo/legal_notices_nl.htm"
    },
    "registry": {
      "id": "http://inspire.ec.europa.eu/registry",
      "label": {
        "text": "INSPIRE register",
        "lang": "nl"
      }
    },
    "containeditems": [
      {
        "metadata-codelist": {
          "itemclass": {
            "id": "MetadataCodeList",
            "label": {
              "text": "Metadata Code list",
              "lang": "nl"
            }
          },
          "id": "http://inspire.ec.europa.eu/metadata-codelist/ResourceType",
          "label": {
            "text": "Type bron",
            "lang": "nl"
          },
          "version": "0",
          "status": {
            "id": "http://inspire.ec.europa.eu/registry/status/valid",
            "label": {
              "text": "Geldig",
              "lang": "nl"
            }
          },
          "register": {
            "registry": {
              "id": "http://inspire.ec.europa.eu/registry",
              "label": {
                "text": "INSPIRE register",
                "lang": "nl"
              }
            },
            "id": "http://inspire.ec.europa.eu/metadata-codelist",
            "label": {
              "text": "INSPIRE metadata code list register",
              "lang": "nl"
            }
          }
        }
      },
      {
        "metadata-codelist": {
          "itemclass": {
            "id": "MetadataCodeList",
            "label": {
              "text": "Metadata Code list",
              "lang": "nl"
            }
          },
          "id": "http://inspire.ec.europa.eu/metadata-codelist/TopicCategory",
          "label": {
            "text": "Onderwerpcategoriecn overeenkomstig EN ISO 19115",
            "lang": "nl"
          },
          "version": "0",
          "status": {
            "id": "http://inspire.ec.europa.eu/registry/status/valid",
            "label": {
              "text": "Geldig",
              "lang": "nl"
            }
          },
          "register": {
            "registry": {
              "id": "http://inspire.ec.europa.eu/registry",
              "label": {
                "text": "INSPIRE register",
                "lang": "nl"
              }
            },
            "id": "http://inspire.ec.europa.eu/metadata-codelist",
            "label": {
              "text": "INSPIRE metadata code list register",
              "lang": "nl"
            }
          }
        }
      },
      {
        "metadata-codelist": {
          "itemclass": {
            "id": "MetadataCodeList",
            "label": {
              "text": "Metadata Code list",
              "lang": "nl"
            }
          },
          "id": "http://inspire.ec.europa.eu/metadata-codelist/SpatialDataServiceType",
          "label": {
            "text": "Type dienst met betrekking tot ruimtelijke gegevens",
            "lang": "nl"
          },
          "version": "0",
          "status": {
            "id": "http://inspire.ec.europa.eu/registry/status/valid",
            "label": {
              "text": "Geldig",
              "lang": "nl"
            }
          },
          "register": {
            "registry": {
              "id": "http://inspire.ec.europa.eu/registry",
              "label": {
                "text": "INSPIRE register",
                "lang": "nl"
              }
            },
            "id": "http://inspire.ec.europa.eu/metadata-codelist",
            "label": {
              "text": "INSPIRE metadata code list register",
              "lang": "nl"
            }
          }
        }
      },
      {
        "metadata-codelist": {
          "itemclass": {
            "id": "MetadataCodeList",
            "label": {
              "text": "Metadata Code list",
              "lang": "nl"
            }
          },
          "definition": {
            "text": "De trefwoorden zijn gebaseerd op de taxonomie voor geografische diensten (EN ISO 19119). Deze taxonomie bestaat uit categorieC+n; de subcategorieC+n definiC+ren het waardedomein van de classificatie van ruimtelijke-gegevensdiensten.",
            "lang": "nl"
          },
          "id": "http://inspire.ec.europa.eu/metadata-codelist/SpatialDataServiceCategory",
          "label": {
            "text": "Classificatie van diensten met betrekking tot ruimtelijke gegevens",
            "lang": "nl"
          },
          "version": "0",
          "status": {
            "id": "http://inspire.ec.europa.eu/registry/status/valid",
            "label": {
              "text": "Geldig",
              "lang": "nl"
            }
          },
          "register": {
            "registry": {
              "id": "http://inspire.ec.europa.eu/registry",
              "label": {
                "text": "INSPIRE register",
                "lang": "nl"
              }
            },
            "id": "http://inspire.ec.europa.eu/metadata-codelist",
            "label": {
              "text": "INSPIRE metadata code list register",
              "lang": "nl"
            }
          }
        }
      },
      {
        "metadata-codelist": {
          "itemclass": {
            "id": "MetadataCodeList",
            "label": {
              "text": "Metadata Code list",
              "lang": "nl"
            }
          },
          "id": "http://inspire.ec.europa.eu/metadata-codelist/DegreeOfConformity",
          "label": {
            "text": "Conformiteitsindicatie",
            "lang": "nl"
          },
          "version": "0",
          "status": {
            "id": "http://inspire.ec.europa.eu/registry/status/valid",
            "label": {
              "text": "Geldig",
              "lang": "nl"
            }
          },
          "register": {
            "registry": {
              "id": "http://inspire.ec.europa.eu/registry",
              "label": {
                "text": "INSPIRE register",
                "lang": "nl"
              }
            },
            "id": "http://inspire.ec.europa.eu/metadata-codelist",
            "label": {
              "text": "INSPIRE metadata code list register",
              "lang": "nl"
            }
          }
        }
      },
      {
        "metadata-codelist": {
          "itemclass": {
            "id": "MetadataCodeList",
            "label": {
              "text": "Metadata Code list",
              "lang": "nl"
            }
          },
          "id": "http://inspire.ec.europa.eu/metadata-codelist/ResponsiblePartyRole",
          "label": {
            "text": "Rol van de verantwoordelijke partij",
            "lang": "nl"
          },
          "version": "0",
          "status": {
            "id": "http://inspire.ec.europa.eu/registry/status/valid",
            "label": {
              "text": "Geldig",
              "lang": "nl"
            }
          },
          "register": {
            "registry": {
              "id": "http://inspire.ec.europa.eu/registry",
              "label": {
                "text": "INSPIRE register",
                "lang": "nl"
              }
            },
            "id": "http://inspire.ec.europa.eu/metadata-codelist",
            "label": {
              "text": "INSPIRE metadata code list register",
              "lang": "nl"
            }
          }
        }
      },
      {
        "metadata-codelist": {
          "itemclass": {
            "id": "MetadataCodeList",
            "label": {
              "text": "Metadata Code list",
              "lang": "nl"
            }
          },
          "id": "http://inspire.ec.europa.eu/metadata-codelist/LimitationsOnPublicAccess",
          "label": {
            "text": "Beperkingen op openbare toegang",
            "lang": "nl"
          },
          "version": "0",
          "status": {
            "id": "http://inspire.ec.europa.eu/registry/status/valid",
            "label": {
              "text": "Geldig",
              "lang": "nl"
            }
          },
          "register": {
            "registry": {
              "id": "http://inspire.ec.europa.eu/registry",
              "label": {
                "text": "INSPIRE register",
                "lang": "nl"
              }
            },
            "id": "http://inspire.ec.europa.eu/metadata-codelist",
            "label": {
              "text": "INSPIRE metadata code list register",
              "lang": "nl"
            }
          }
        }
      },
      {
        "metadata-codelist": {
          "itemclass": {
            "id": "MetadataCodeList",
            "label": {
              "text": "Metadata Code list",
              "lang": "nl"
            }
          },
          "id": "http://inspire.ec.europa.eu/metadata-codelist/ConditionsApplyingToAccessAndUse",
          "label": {
            "text": "Voorwaarden voor toegang en gebruik",
            "lang": "nl"
          },
          "version": "0",
          "status": {
            "id": "http://inspire.ec.europa.eu/registry/status/valid",
            "label": {
              "text": "Geldig",
              "lang": "nl"
            }
          },
          "register": {
            "registry": {
              "id": "http://inspire.ec.europa.eu/registry",
              "label": {
                "text": "INSPIRE register",
                "lang": "nl"
              }
            },
            "id": "http://inspire.ec.europa.eu/metadata-codelist",
            "label": {
              "text": "INSPIRE metadata code list register",
              "lang": "nl"
            }
          }
        }
      },
      {
        "metadata-codelist": {
          "itemclass": {
            "id": "MetadataCodeList",
            "label": {
              "text": "Metadata Code list",
              "lang": "nl"
            }
          },
          "id": "http://inspire.ec.europa.eu/metadata-codelist/QualityOfServiceCriteria",
          "label": {
            "text": "Service kwaliteit criteria code",
            "lang": "nl"
          },
          "version": "0",
          "status": {
            "id": "http://inspire.ec.europa.eu/registry/status/valid",
            "label": {
              "text": "Geldig",
              "lang": "nl"
            }
          },
          "register": {
            "registry": {
              "id": "http://inspire.ec.europa.eu/registry",
              "label": {
                "text": "INSPIRE register",
                "lang": "nl"
              }
            },
            "id": "http://inspire.ec.europa.eu/metadata-codelist",
            "label": {
              "text": "INSPIRE metadata code list register",
              "lang": "nl"
            }
          }
        }
      },
      {
        "metadata-codelist": {
          "itemclass": {
            "id": "MetadataCodeList",
            "label": {
              "text": "Metadata Code list",
              "lang": "nl"
            }
          },
          "definition": {
            "text": "Code describing the type of resource given in the Resource Locator metadata element.",
            "lang": "en"
          },
          "id": "http://inspire.ec.europa.eu/metadata-codelist/OnLineDescriptionCode",
          "label": {
            "text": "Online description code",
            "lang": "en"
          },
          "version": "0",
          "status": {
            "id": "http://inspire.ec.europa.eu/registry/status/valid",
            "label": {
              "text": "Geldig",
              "lang": "nl"
            }
          },
          "register": {
            "registry": {
              "id": "http://inspire.ec.europa.eu/registry",
              "label": {
                "text": "INSPIRE register",
                "lang": "nl"
              }
            },
            "id": "http://inspire.ec.europa.eu/metadata-codelist",
            "label": {
              "text": "INSPIRE metadata code list register",
              "lang": "nl"
            }
          }
        }
      },
      {
        "metadata-codelist": {
          "itemclass": {
            "id": "MetadataCodeList",
            "label": {
              "text": "Metadata Code list",
              "lang": "nl"
            }
          },
          "definition": {
            "text": "Lijst met datasets die gerelateerd zijn aan milieurapportage, die stapsgewijs door de lidstaten via de Europese infrastructuur voor ruimtelijke informatie beschikbaar moeten worden gesteld. Deze lijst geeft ook de lacunes in data weer die zijn geïdentificeerd tijdens de evaluatie van de implementatie en de geschiktheid van de richtlijn voor het beoogde doel (de zogenoemde REFIT evaluatie).",
            "lang": "nl"
          },
          "id": "http://inspire.ec.europa.eu/metadata-codelist/PriorityDataset",
          "label": {
            "text": "INSPIRE prioritaire dataset",
            "lang": "nl"
          },
          "version": "0",
          "status": {
            "id": "http://inspire.ec.europa.eu/registry/status/valid",
            "label": {
              "text": "Geldig",
              "lang": "nl"
            }
          },
          "register": {
            "registry": {
              "id": "http://inspire.ec.europa.eu/registry",
              "label": {
                "text": "INSPIRE register",
                "lang": "nl"
              }
            },
            "id": "http://inspire.ec.europa.eu/metadata-codelist",
            "label": {
              "text": "INSPIRE metadata code list register",
              "lang": "nl"
            }
          }
        }
      },
      {
        "metadata-codelist": {
          "itemclass": {
            "id": "MetadataCodeList",
            "label": {
              "text": "Metadata Code list",
              "lang": "nl"
            }
          },
          "description": {
            "text": "The spatial scope can be different from the actual geographical coverage, e.g. a national coastline data set may cover only a fraction of the full spatial extent of a country.\n The spatial scope of the data set does not necessarily reflect the administrative level responsible for collecting and maintaining the data, e.g. the responsibility for maintaining the data inside the national address data set can be at regional or local level.\n The code list contains values governed at the level of INSPIRE legal acts (governance level: Legal (EU)) and values governed at the level of INSPIRE Technical Guidelines (governance level: Technical (EU)). The former directly support the INSPIRE Monitoring and Reporting Decision, while the latter  provide additional options for tagging other data sets.",
            "lang": "en"
          },
          "definition": {
            "text": "Administrative level that the data set intends to cover.",
            "lang": "en"
          },
          "id": "http://inspire.ec.europa.eu/metadata-codelist/SpatialScope",
          "label": {
            "text": "Ruimtelijke dekking",
            "lang": "nl"
          },
          "version": "0",
          "status": {
            "id": "http://inspire.ec.europa.eu/registry/status/valid",
            "label": {
              "text": "Geldig",
              "lang": "nl"
            }
          },
          "register": {
            "registry": {
              "id": "http://inspire.ec.europa.eu/registry",
              "label": {
                "text": "INSPIRE register",
                "lang": "nl"
              }
            },
            "id": "http://inspire.ec.europa.eu/metadata-codelist",
            "label": {
              "text": "INSPIRE metadata code list register",
              "lang": "nl"
            }
          }
        }
      },
      {
        "metadata-codelist": {
          "itemclass": {
            "id": "MetadataCodeList",
            "label": {
              "text": "Metadata Code list",
              "lang": "nl"
            }
          },
          "description": {
            "text": "This code list is the result of the 'simplification of data-service linkages' activity performed in the context of the MIG-T data simplification action(2019.2).",
            "lang": "en"
          },
          "definition": {
            "text": "Set of OGC and RFC services that are in the scope of INSPIRE. This list aims at the better identification of the network services described within the metadata records.",
            "lang": "en"
          },
          "id": "http://inspire.ec.europa.eu/metadata-codelist/ProtocolValue",
          "label": {
            "text": "INSPIRE Protocol values",
            "lang": "en"
          },
          "version": "0",
          "status": {
            "id": "http://inspire.ec.europa.eu/registry/status/valid",
            "label": {
              "text": "Geldig",
              "lang": "nl"
            }
          },
          "register": {
            "registry": {
              "id": "http://inspire.ec.europa.eu/registry",
              "label": {
                "text": "INSPIRE register",
                "lang": "nl"
              }
            },
            "id": "http://inspire.ec.europa.eu/metadata-codelist",
            "label": {
              "text": "INSPIRE metadata code list register",
              "lang": "nl"
            }
          }
        }
      }
    ],
    "contentsummary": {
      "text": "The INSPIRE metadata code list register contains the code lists and their values, as defined in the INSPIRE implementing rules on metadata (Commission Regulation (EC) No 1205/2008).",
      "lang": "nl"
    },
    "registermanager": "Europese Commissie, Gemeenschappelijk Centrum voor onderzoek",
    "contactpoint": {
      "label": "JRC INSPIRE Registry Team",
      "email": "inspire-registry-dev@jrc.ec.europa.eu"
    },
    "language": "nl",
    "registerowner": "Europese Unie",
    "id": "http://inspire.ec.europa.eu/metadata-codelist",
    "label": {
      "text": "INSPIRE metadata code list register",
      "lang": "nl"
    },
    "registercontrolbody": "Control body for the central INSPIRE registers and INSPIRE register federation"
  }
}

15:21:32.745 [pool-1-thread-2] INFO  com.intuit.karate - [print] [
  "http://inspire.ec.europa.eu/metadata-codelist/ResourceType",
  "http://inspire.ec.europa.eu/metadata-codelist/TopicCategory",
  "http://inspire.ec.europa.eu/metadata-codelist/SpatialDataServiceType",
  "http://inspire.ec.europa.eu/metadata-codelist/SpatialDataServiceCategory",
  "http://inspire.ec.europa.eu/metadata-codelist/DegreeOfConformity",
  "http://inspire.ec.europa.eu/metadata-codelist/ResponsiblePartyRole",
  "http://inspire.ec.europa.eu/metadata-codelist/LimitationsOnPublicAccess",
  "http://inspire.ec.europa.eu/metadata-codelist/ConditionsApplyingToAccessAndUse",
  "http://inspire.ec.europa.eu/metadata-codelist/QualityOfServiceCriteria",
  "http://inspire.ec.europa.eu/metadata-codelist/OnLineDescriptionCode",
  "http://inspire.ec.europa.eu/metadata-codelist/PriorityDataset",
  "http://inspire.ec.europa.eu/metadata-codelist/SpatialScope",
  "http://inspire.ec.europa.eu/metadata-codelist/ProtocolValue"
]

15:21:32.747 [pool-1-thread-2] INFO  com.intuit.karate - << lock released, cached callonce: read('def/getcswbriefrecords.feature')
15:21:32.751 [pool-1-thread-2] INFO  com.intuit.karate - [print] {
  "responseTime": 430,
  "inspirecodelist": [
    "http://inspire.ec.europa.eu/metadata-codelist/ResourceType",
    "http://inspire.ec.europa.eu/metadata-codelist/TopicCategory",
    "http://inspire.ec.europa.eu/metadata-codelist/SpatialDataServiceType",
    "http://inspire.ec.europa.eu/metadata-codelist/SpatialDataServiceCategory",
    "http://inspire.ec.europa.eu/metadata-codelist/DegreeOfConformity",
    "http://inspire.ec.europa.eu/metadata-codelist/ResponsiblePartyRole",
    "http://inspire.ec.europa.eu/metadata-codelist/LimitationsOnPublicAccess",
    "http://inspire.ec.europa.eu/metadata-codelist/ConditionsApplyingToAccessAndUse",
    "http://inspire.ec.europa.eu/metadata-codelist/QualityOfServiceCriteria",
    "http://inspire.ec.europa.eu/metadata-codelist/OnLineDescriptionCode",
    "http://inspire.ec.europa.eu/metadata-codelist/PriorityDataset",
    "http://inspire.ec.europa.eu/metadata-codelist/SpatialScope",
    "http://inspire.ec.europa.eu/metadata-codelist/ProtocolValue"
  ],
  "env": "dev",
  "knownlinks": [
    "http://creativecommons.org/licenses/by/3.0/deed.nl",
    "http://creativecommons.org/licenses/by/3.0/nl/",
    "http://creativecommons.org/licenses/by/4.0/deed.nl",
    "http://creativecommons.org/publicdomain/mark/1.0/deed.nl",
    "http://creativecommons.org/publicdomain/zero/1.0/deed.nl",
    "http://data.europa.eu/eli/reg/2010/1089",
    "http://inspire.ec.europa.eu/applicationschema",
    "http://inspire.ec.europa.eu/applicationschema/of",
    "http://inspire.ec.europa.eu/id/document/tg/am",
    "http://inspire.ec.europa.eu/id/document/tg/au",
    "http://inspire.ec.europa.eu/id/document/tg/ef",
    "http://inspire.ec.europa.eu/id/document/tg/el",
    "http://inspire.ec.europa.eu/id/document/tg/hh",
    "http://inspire.ec.europa.eu/id/document/tg/hy",
    "http://inspire.ec.europa.eu/id/document/tg/nz",
    "http://inspire.ec.europa.eu/id/document/tg/of",
    "http://inspire.ec.europa.eu/id/document/tg/pf",
    "http://inspire.ec.europa.eu/id/document/tg/ps",
    "http://inspire.ec.europa.eu/id/document/tg/tn",
    "http://inspire.ec.europa.eu/id/document/tg/us",
    "http://inspire.ec.europa.eu/media-types/application/x-shapefile",
    "http://inspire.ec.europa.eu/metadata-codelist/ConditionsApplyingToAccessAndUse/noConditionsApply",
    "http://inspire.ec.europa.eu/metadata-codelist/LimitationsOnPublicAccess/INSPIRE_Directive_Article13_1f",
    "http://inspire.ec.europa.eu/metadata-codelist/LimitationsOnPublicAccess/noLimitations",
    "http://inspire.ec.europa.eu/metadata-codelist/OnLineDescriptionCode/accessPoint",
    "http://inspire.ec.europa.eu/metadata-codelist/OnLineDescriptionCode/endPoint",
    "http://inspire.ec.europa.eu/metadata-codelist/PriorityDataset",
    "http://inspire.ec.europa.eu/metadata-codelist/PriorityDataset/ActualPollutantReleases-reg-2006-166",
    "http://inspire.ec.europa.eu/metadata-codelist/PriorityDataset/Agglomerations-dir-1991-271",
    "http://inspire.ec.europa.eu/metadata-codelist/PriorityDataset/BirdSpeciesDistribution-dir-2009-147",
    "http://inspire.ec.europa.eu/metadata-codelist/PriorityDataset/BirdsRange-dir-2009-147",
    "http://inspire.ec.europa.eu/metadata-codelist/PriorityDataset/CoastalWaters-dir-2000-60",
    "http://inspire.ec.europa.eu/metadata-codelist/PriorityDataset/DischargePointsToReceivingWaters-dir-1991-271",
    "http://inspire.ec.europa.eu/metadata-codelist/PriorityDataset/DrinkingWaterAbstractionPoints-dir-1998-83",
    "http://inspire.ec.europa.eu/metadata-codelist/PriorityDataset/EstablishmentsInvolvingDangerousSubstances-dir-2012-18",
    "http://inspire.ec.europa.eu/metadata-codelist/PriorityDataset/FloodedAreas-dir-2007-60",
    "http://inspire.ec.europa.eu/metadata-codelist/PriorityDataset/FloodRiskZones-dir-2007-60",
    "http://inspire.ec.europa.eu/metadata-codelist/PriorityDataset/HabitatTypesDistribution-dir-1992-43",
    "http://inspire.ec.europa.eu/metadata-codelist/PriorityDataset/HabitatTypesRange-dir-1992-43",
    "http://inspire.ec.europa.eu/metadata-codelist/PriorityDataset/IndustrialSites-EURegistry-reg-2006-166",
    "http://inspire.ec.europa.eu/metadata-codelist/PriorityDataset/InvasiveAlienSpeciesDistribution-reg-2014-1143",
    "http://inspire.ec.europa.eu/metadata-codelist/PriorityDataset/Lakes-dir-2000-60",
    "http://inspire.ec.europa.eu/metadata-codelist/PriorityDataset/MajorAirportsNoiseExposureDelineationDEN-dir-2002-49",
    "http://inspire.ec.europa.eu/metadata-codelist/PriorityDataset/MajorAirportsNoiseExposureDelineationNight-dir-2002-49",
    "http://inspire.ec.europa.eu/metadata-codelist/PriorityDataset/MajorRailwaysNoiseExposureDelineationDEN-dir-2002-49",
    "http://inspire.ec.europa.eu/metadata-codelist/PriorityDataset/MajorRailwaysNoiseExposureDelineationNight-dir-2002-49",
    "http://inspire.ec.europa.eu/metadata-codelist/PriorityDataset/MajorRoadsNoiseExposureDelineation-dir-2002-49",
    "http://inspire.ec.europa.eu/metadata-codelist/PriorityDataset/MajorRoadsNoiseExposureDelineationDEN-dir-2002-49",
    "http://inspire.ec.europa.eu/metadata-codelist/PriorityDataset/ManagementUnits-dir-2007-60",
    "http://inspire.ec.europa.eu/metadata-codelist/PriorityDataset/MarineAssessmentUnits-dir-2008-56",
    "http://inspire.ec.europa.eu/metadata-codelist/PriorityDataset/MonitoringStations-dir-2000-60",
    "http://inspire.ec.europa.eu/metadata-codelist/PriorityDataset/MonitoringStations-dir-2008-56",
    "http://inspire.ec.europa.eu/metadata-codelist/PriorityDataset/MSFDReportingUnits-dir-2008-56",
    "http://inspire.ec.europa.eu/metadata-codelist/PriorityDataset/NationallyDesignatedAreasCDDA",
    "http://inspire.ec.europa.eu/metadata-codelist/PriorityDataset/Natura2000Sites-dir-1992-43",
    "http://inspire.ec.europa.eu/metadata-codelist/PriorityDataset/Natura2000Sites-dir-2009-147",
    "http://inspire.ec.europa.eu/metadata-codelist/PriorityDataset/RiverBasinDistricts-dir-2000-60",
    "http://inspire.ec.europa.eu/metadata-codelist/PriorityDataset/RiverBasinDistrictsSubUnits-dir-2000-60",
    "http://inspire.ec.europa.eu/metadata-codelist/PriorityDataset/Rivers-dir-2000-60",
    "http://inspire.ec.europa.eu/metadata-codelist/PriorityDataset/SpeciesDistribution-dir-1992-43",
    "http://inspire.ec.europa.eu/metadata-codelist/PriorityDataset/SpeciesRange-dir-1992-43",
    "http://inspire.ec.europa.eu/metadata-codelist/PriorityDataset/SurfaceWaterBodies-dir-2000-60",
    "http://inspire.ec.europa.eu/metadata-codelist/PriorityDataset/TransitionalWaters-dir-2000-60",
    "http://inspire.ec.europa.eu/metadata-codelist/PriorityDataset/UrbanWasteWaterTreatmentPlants-dir-1991-271",
    "http://inspire.ec.europa.eu/metadata-codelist/SpatialDataServiceType/download",
    "http://inspire.ec.europa.eu/metadata-codelist/SpatialDataServiceType/http://inspire.ec.europa.eu/metadata-codelist/SpatialDataServiceType/download",
    "http://inspire.ec.europa.eu/metadata-codelist/SpatialDataServiceType/other",
    "http://inspire.ec.europa.eu/metadata-codelist/SpatialDataServiceType/view",
    "http://inspire.ec.europa.eu/metadata-codelist/SpatialScope",
    "http://inspire.ec.europa.eu/metadata-codelist/SpatialScope/european",
    "http://inspire.ec.europa.eu/metadata-codelist/SpatialScope/national",
    "http://inspire.ec.europa.eu/schemas/am/4.0/AreaManagementRestrictionRegulationZone.xsd",
    "http://inspire.ec.europa.eu/schemas/ef/4.0/EnvironmentalMonitoringFacilities.xsd",
    "http://inspire.ec.europa.eu/schemas/el-bas/4.0/ElevationBaseTypes.xsd",
    "http://inspire.ec.europa.eu/schemas/hh/4.0/HumanHealth.xsd",
    "http://inspire.ec.europa.eu/schemas/hy-n/4.0/HydroNetwork.xsd",
    "http://inspire.ec.europa.eu/schemas/hy/4.0/HydroBase.xsd",
    "http://inspire.ec.europa.eu/schemas/mu/3.0/MaritimeUnits.xsd",
    "http://inspire.ec.europa.eu/schemas/nz-core/4.0/NaturalRiskZonesCore.xsd",
    "http://inspire.ec.europa.eu/schemas/nz/0.0/NaturalRiskZones.xsd",
    "http://inspire.ec.europa.eu/schemas/of/4.0/OceanFeatures.xsd",
    "http://inspire.ec.europa.eu/schemas/pf/4.0/ProductionAndIndustrialFacilities.xsd",
    "http://inspire.ec.europa.eu/schemas/ps/4.0/ProtectedSites.xsd",
    "http://inspire.ec.europa.eu/schemas/tn-ro/4.0/RoadTransportNetwork.xsd",
    "http://inspire.ec.europa.eu/schemas/tn-w/4.0/WaterTransportNetwork.xsd",
    "http://inspire.ec.europa.eu/schemas/tn/4.0/CommonTransportElements.xsd",
    "http://inspire.ec.europa.eu/schemas/us-govserv/4.0/GovernmentalServices.xsd",
    "http://inspire.ec.europa.eu/theme#",
    "http://standaarden.overheid.nl/owms/terms/Ministerie_van_Economische_Zaken",
    "http://standaarden.overheid.nl/owms/terms/Ministerie_van_Landbouw,_Natuur_en_Voedselkwaliteit",
    "http://standaarden.overheid.nl/owms/terms/Rijksinstituut_voor_Volksgezondheid_en_Milieu",
    "http://standaarden.overheid.nl/owms/terms/RVO",
    "http://www.eionet.europa.eu/gemet/inspire_themes",
    "http://www.eionet.europa.eu/gemet/nl/inspire-theme/ac",
    "http://www.eionet.europa.eu/gemet/nl/inspire-theme/ad",
    "http://www.eionet.europa.eu/gemet/nl/inspire-theme/af",
    "http://www.eionet.europa.eu/gemet/nl/inspire-theme/am",
    "http://www.eionet.europa.eu/gemet/nl/inspire-theme/au",
    "http://www.eionet.europa.eu/gemet/nl/inspire-theme/bu",
    "http://www.eionet.europa.eu/gemet/nl/inspire-theme/cp",
    "http://www.eionet.europa.eu/gemet/nl/inspire-theme/ef",
    "http://www.eionet.europa.eu/gemet/nl/inspire-theme/er",
    "http://www.eionet.europa.eu/gemet/nl/inspire-theme/ge",
    "http://www.eionet.europa.eu/gemet/nl/inspire-theme/gn",
    "http://www.eionet.europa.eu/gemet/nl/inspire-theme/hb",
    "http://www.eionet.europa.eu/gemet/nl/inspire-theme/hh",
    "http://www.eionet.europa.eu/gemet/nl/inspire-theme/hy",
    "http://www.eionet.europa.eu/gemet/nl/inspire-theme/lc",
    "http://www.eionet.europa.eu/gemet/nl/inspire-theme/lu",
    "http://www.eionet.europa.eu/gemet/nl/inspire-theme/mf",
    "http://www.eionet.europa.eu/gemet/nl/inspire-theme/nz",
    "http://www.eionet.europa.eu/gemet/nl/inspire-theme/of",
    "http://www.eionet.europa.eu/gemet/nl/inspire-theme/oi",
    "http://www.eionet.europa.eu/gemet/nl/inspire-theme/pd",
    "http://www.eionet.europa.eu/gemet/nl/inspire-theme/pf",
    "http://www.eionet.europa.eu/gemet/nl/inspire-theme/ps",
    "http://www.eionet.europa.eu/gemet/nl/inspire-theme/rs",
    "http://www.eionet.europa.eu/gemet/nl/inspire-theme/sd",
    "http://www.eionet.europa.eu/gemet/nl/inspire-theme/so",
    "http://www.eionet.europa.eu/gemet/nl/inspire-theme/sr",
    "http://www.eionet.europa.eu/gemet/nl/inspire-theme/su",
    "http://www.eionet.europa.eu/gemet/nl/inspire-theme/tn",
    "http://www.eionet.europa.eu/gemet/nl/inspire-theme/us",
    "http://www.iana.org/assignments/media-types/application/gml+xml",
    "https://www.iana.org/assignments/media-types/application/geopackage+sqlite3",
    "https://www.iana.org/assignments/media-types/application/gml+xml",
    "https://www.iana.org/assignments/media-types/application/xml",
    "http://www.opengeospatial.org/standards/sos",
    "http://www.opengeospatial.org/standards/wcs",
    "http://www.opengeospatial.org/standards/wfs",
    "http://www.opengeospatial.org/standards/wms",
    "http://www.opengeospatial.org/standards/wmts",
    "http://www.opengis.net/def/crs/EPSG/0/3034",
    "http://www.opengis.net/def/crs/EPSG/0/3035",
    "http://www.opengis.net/def/crs/EPSG/0/3857",
    "http://www.opengis.net/def/crs/EPSG/0/4258",
    "http://www.opengis.net/def/crs/EPSG/0/4326",
    "http://www.opengis.net/def/crs/EPSG/0/5709",
    "http://www.opengis.net/def/crs/EPSG/0/5730",
    "http://www.opengis.net/def/crs/EPSG/0/5861",
    "http://www.opengis.net/def/crs/EPSG/0/23031",
    "http://www.opengis.net/def/crs/EPSG/0/25831",
    "http://www.opengis.net/def/crs/EPSG/0/25832",
    "http://www.opengis.net/def/crs/EPSG/0/28992",
    "http://www.opengis.net/def/crs/EPSG/0/EPSG:4326",
    "http://www.opengis.net/def/crs/EPSG/0/EPSG:28992",
    "http://www.opengis.net/def/crs/EPSG/0/epsg:28992",
    "http://www.opengis.net/def/serviceType/ogc/wcs",
    "http://www.opengis.net/def/serviceType/ogc/wfs",
    "http://www.opengis.net/def/serviceType/ogc/wms",
    "http://www.opengis.net/def/serviceType/ogc/wmts",
    "http://www.wur.nl/nl/Expertises-Dienstverlening/Onderzoeksinstituten/Environmental-Research.htm",
    "https://ec.europa.eu/eurostat/web/health/data/database",
    "https://geodata.cbs.nl/files/INSPIRE",
    "https://geodata.nationaalgeoregister.nl/elu/atom/elu.xml",
    "https://inspire.ec.europa.eu/id/document/tg/au",
    "https://inspire.ec.europa.eu/id/document/tg/of",
    "https://inspire.ec.europa.eu/id/document/tg/ps",
    "https://inspire.ec.europa.eu/schemas/ps/4.0/ProtectedSites.xsd",
    "https://ngr.geocat.live/geonetwork/srv/eng/thesaurus.download?ref=external.theme.httpinspireeceuropaeumetadatacodelistSpatialScope-SpatialScope",
    "https://tools.ietf.org/html/rfc4287",
    "https://tools.ietf.org/html/rfc5023",
    "https://www.cbs.nl/-/media/cbs/dossiers/nederland%20regionaal/wijk-en-buurtstatistieken/shape%202017%20versie%2020.zip",
    "https://www.cbs.nl/nl-nl/dossier/nederland-regionaal/geografische-data/wijk-en-buurtkaart-2016",
    "https://www.cbs.nl/nl-nl/dossier/nederland-regionaal/geografische-data/wijk-en-buurtkaart-2018",
    "https://www.cbs.nl/nl-nl/dossier/nederland-regionaal/geografische-data/wijk-en-buurtkaart-2019",
    "https://www.iana.org/assignments/media-types/application/gml+xml",
    "https://www.iana.org/assignments/media-types/application/zip",
    "https://www.iana.org/assignments/media-types/image/png",
    "https://www.nationaalgeoregister.nl",
    "https://www.nationaalgeoregister.nl/geonetwork/srv/eng/thesaurus.download?ref=external.theme.httpinspireeceuropaeumetadatacodelistPriorityDataset-PriorityDataset",
    "https://www.nationaalgeoregister.nl/geonetwork/srv/eng/thesaurus.download?ref=external.theme.httpinspireeceuropaeumetadatacodelistSpatialScope-SpatialScope",
    "https://www.nationaalgeoregister.nl/geonetwork/srv/eng/thesaurus.download?ref=external.theme.httpinspireeceuropaeutheme-theme",
    "https://www.nationaalgeoregister.nl:443/geonetwork/srv/eng/thesaurus.download?ref=external.theme.httpinspireeceuropaeuapplicationschema-applicationschema",
    "https://www.nationaalgeoregister.nl:443/geonetwork/srv/eng/thesaurus.download?ref=external.theme.httpinspireeceuropaeumetadatacodelistPriorityDataset-PriorityDataset",
    "https://www.nationaalgeoregister.nl:443/geonetwork/srv/eng/thesaurus.download?ref=external.theme.httpinspireeceuropaeumetadatacodelistSpatialScope-SpatialScope",
    "https://www.nationaalgeoregister.nl:443/geonetwork/srv/eng/thesaurus.download?ref=external.theme.httpinspireeceuropaeutheme-theme"
  ],
  "responseStatus": 200,
  "list": [
    {
      "datasetIdentifierCode": "f99e915a-75e5-4c36-97f2-61eff692d85b"
    },
    {
      "datasetIdentifierCode": "247a1d15-0a67-40ce-85be-1403c08f15a8"
    },
    {
      "datasetIdentifierCode": "81ff84ec-42a4-4481-840b-12713bbb5d38"
    },
    {
      "datasetIdentifierCode": "f2f86edf-ac3a-48e8-9292-0544da2d7645"
    },
    {
      "datasetIdentifierCode": "be6551de-a709-4c6d-a5e2-f63f0cf038ba"
    },
    {
      "datasetIdentifierCode": "b4ae622c-6201-49d8-bd2e-f7fce9206a1e"
    },
    {
      "datasetIdentifierCode": "74aca3eb-c38b-4214-9537-e0abc69e11b5"
    },
    {
      "datasetIdentifierCode": "ed960299-a147-4c1a-bc57-41ff83a2264f"
    },
    {
      "datasetIdentifierCode": "fe0e1e5f-512f-4bb1-bbf8-4028d3dfa24f"
    },
    {
      "datasetIdentifierCode": "4b282988-cb91-4bbc-b147-f653014917cb"
    },
    {
      "datasetIdentifierCode": "50a2c5e6-c8e7-425d-854e-26f578196bc9"
    },
    {
      "datasetIdentifierCode": "6c06740d-058f-4a12-bb3f-bf68efd03d09"
    },
    {
      "datasetIdentifierCode": "8a4f5c3b-aced-48fd-afb5-f1f1d0ef21d6"
    },
    {
      "datasetIdentifierCode": "19165027-a13a-4c19-9013-ec1fd191019d"
    },
    {
      "datasetIdentifierCode": "c3c004ad-5387-4b00-a225-9afbcaa5d31b"
    },
    {
      "datasetIdentifierCode": "fe45c540-e37d-11e4-b571-0800200c9a66"
    },
    {
      "datasetIdentifierCode": "1be28290-55fa-4486-b9d3-b9d147117863"
    },
    {
      "datasetIdentifierCode": "b3ec8793-7747-4da0-b6c3-aa384446a586"
    },
    {
      "datasetIdentifierCode": "493ab81b-75f8-4205-b030-6b2fd9eb4295"
    },
    {
      "datasetIdentifierCode": "f273941e-9c3b-43bc-b886-2d50d0bf9348"
    },
    {
      "datasetIdentifierCode": "34e95842-4e4e-46de-9198-79e8cd4d30dc"
    },
    {
      "datasetIdentifierCode": "7939fd42-cf88-42c5-ab3b-232cf232a3ac"
    },
    {
      "datasetIdentifierCode": "8de2f5eb-b09f-4f6d-8397-8878a1b86238"
    },
    {
      "datasetIdentifierCode": "eu-f297898-2640-44c2-bbe9-c0480da83794"
    },
    {
      "datasetIdentifierCode": "4783ea4f-6b8c-4600-8af0-516f3556cfe9"
    },
    {
      "datasetIdentifierCode": "50eef6be-619d-4e16-9b92-48971109b636"
    },
    {
      "datasetIdentifierCode": "tbjk534p-wubf-crbp-cj25-d4161160gfim"
    },
    {
      "datasetIdentifierCode": "cf69ec50-9849-4afd-853c-ee56211d336d"
    },
    {
      "datasetIdentifierCode": "fcefa13c-44e2-4953-b6d6-1ddceebc57fc"
    },
    {
      "datasetIdentifierCode": "a322184d-6285-4856-bb78-f450b30ffc0e"
    },
    {
      "datasetIdentifierCode": "c2225e5d-b46f-4e38-8445-ab10fd40c0dc"
    },
    {
      "datasetIdentifierCode": "be1b1514-8d1f-48e1-9624-fee9b784138b"
    },
    {
      "datasetIdentifierCode": "3e57ce43-7707-43ed-a4b9-72b3a6d812f8"
    },
    {
      "datasetIdentifierCode": "58e7dc38-a498-4852-b4ef-908f5baa9056"
    },
    {
      "datasetIdentifierCode": "a04afee4-47d5-45b7-b7a0-a6f86106af11"
    },
    {
      "datasetIdentifierCode": "12bb57cd-73e0-41ba-a1e9-6d986b9109d3"
    },
    {
      "datasetIdentifierCode": "d845cef6-0e23-4212-a951-b69763e39ef0"
    },
    {
      "datasetIdentifierCode": "7f5d7945-8fa8-4d36-be4c-2fdb3c7d613b"
    },
    {
      "datasetIdentifierCode": "3a72b9a4-cda9-11ea-87d0-0242ac130003"
    },
    {
      "datasetIdentifierCode": "5951efa2-1ff3-4763-a966-a2f5497679ee"
    },
    {
      "datasetIdentifierCode": "25294679-adb9-4c39-a93b-6954ff9414ac"
    },
    {
      "datasetIdentifierCode": "eu-cb527d-f6db-4835-b0cd-deb245241254"
    },
    {
      "datasetIdentifierCode": "a7fb2234-f7b4-4a03-b282-f10947f42fb1"
    },
    {
      "datasetIdentifierCode": "9d9f1738-aced-47c9-aaa0-c62474a2dcfb"
    },
    {
      "datasetIdentifierCode": "a5f961e9-ebdd-41e2-b8e8-ab33ed340a83"
    },
    {
      "datasetIdentifierCode": "29c17585-e702-463f-a5dc-99d34b17d333"
    },
    {
      "datasetIdentifierCode": "2cc2c30c-91b8-412a-a060-e84d25272581"
    },
    {
      "datasetIdentifierCode": "d6b85d84-cdb9-4a6e-b799-cf8826e22a94"
    },
    {
      "datasetIdentifierCode": "791adbe3-772f-42cb-a3be-5a617bcecef0"
    },
    {
      "datasetIdentifierCode": "500d396f-5ec6-4e4b-a151-5fb3cddd8082"
    },
    {
      "datasetIdentifierCode": "14657c9b-91e4-4355-8563-2911ad0e78e4"
    },
    {
      "datasetIdentifierCode": "6050578f-0010-4bfa-b013-c8617b80ba62"
    },
    {
      "datasetIdentifierCode": "edf79e6a-d73d-4def-8d22-0f495cc76a73"
    },
    {
      "datasetIdentifierCode": "b59f06c0-dce5-11e3-9c10-901b0e19e163"
    },
    {
      "datasetIdentifierCode": "d9baa847-4652-4588-abe1-0b050f40f27f"
    },
    {
      "datasetIdentifierCode": "e3b0da1e-0664-4025-b3f5-a54d74a26450"
    },
    {
      "datasetIdentifierCode": "9dd9bf30-36e6-45ae-b368-bdef2720bdde"
    },
    {
      "datasetIdentifierCode": "3703b249-a0eb-484e-ba7a-10e31a55bcec"
    },
    {
      "datasetIdentifierCode": "10d1153e-778f-4995-9b6c-7c69b196cccb"
    },
    {
      "datasetIdentifierCode": "c5c4a6d6-b850-473c-8ab5-af9c2c550809"
    },
    {
      "datasetIdentifierCode": "dc5b522e-3e14-4738-9e8e-2401e1b19ef2"
    },
    {
      "datasetIdentifierCode": "db8d613f-5edc-4467-9cc0-e2dcfb9d64a8"
    },
    {
      "datasetIdentifierCode": "977e0e94-7aa9-4784-b2da-eaec44adb61b"
    },
    {
      "datasetIdentifierCode": "58d39928-f502-48c9-a8c1-03244dc181bf"
    },
    {
      "datasetIdentifierCode": "3a7dd0a6-d130-4c4c-b0ba-24365cf036e2"
    },
    {
      "datasetIdentifierCode": "588a4cb1-b442-4ac1-87e4-40401e353166"
    },
    {
      "datasetIdentifierCode": "7c24ea89-074e-4c4f-91e3-d38e813e9cb6"
    },
    {
      "datasetIdentifierCode": "c7662717-9e43-4367-a344-723d73abbb3e"
    },
    {
      "datasetIdentifierCode": "7dd1fd45-ace5-41e0-93a6-64e3be231717"
    },
    {
      "datasetIdentifierCode": "08b27bf0-e34a-4b30-9eac-5edadfb6a288"
    },
    {
      "datasetIdentifierCode": "f1d27179-36eb-4376-8048-f51d2eb23a09"
    },
    {
      "datasetIdentifierCode": "a29917b9-3426-4041-a11b-69bcb2256904"
    },
    {
      "datasetIdentifierCode": "b6ee58a1-b097-4c6d-8600-eb81efc1468c"
    },
    {
      "datasetIdentifierCode": "36a7e8cb-8300-4602-93d2-135943365a6f"
    },
    {
      "datasetIdentifierCode": "daa63e4c-dce6-11e3-991e-901b0e19e163"
    },
    {
      "datasetIdentifierCode": "3387ef8a-9237-453a-aa4e-585d1e193550"
    },
    {
      "datasetIdentifierCode": "d24ccb35-e9d2-41bf-b231-43083fc0c76d"
    },
    {
      "datasetIdentifierCode": "adn73c4a-ef03-4785-b7f6-942e86b385f5"
    },
    {
      "datasetIdentifierCode": "ad6caa40-89ab-47e3-85ab-3f8e32024a71"
    },
    {
      "datasetIdentifierCode": "afc450bd-65b3-4e59-b0fb-619869bf6ada"
    },
    {
      "datasetIdentifierCode": "F646DFB9-5BF6-EAB9-042B-CAB6FF2DC275"
    },
    {
      "datasetIdentifierCode": "E7D9F0D6-2B8D-6699-F26E-4A781228F2DD"
    },
    {
      "datasetIdentifierCode": "71c2b7d2-a1a8-4836-b8d4-7247d331b04d"
    },
    {
      "datasetIdentifierCode": "eu-2c7040b-c448-451b-bf15-f2416ecaadd1"
    },
    {
      "datasetIdentifierCode": "6318009c-7b11-4ab9-9929-735584dfb692"
    },
    {
      "datasetIdentifierCode": "2daad588-11ef-47de-9832-6fe2c3b93e6d"
    },
    {
      "datasetIdentifierCode": "60a2a7c2-d5b3-4ad5-b562-c448695357fb"
    },
    {
      "datasetIdentifierCode": "cc408b2d-09a6-4b2b-9aa3-b46bfe2f00a5"
    },
    {
      "datasetIdentifierCode": "ca94a0cb-7561-4a10-a7d6-b840e56c33ff"
    },
    {
      "datasetIdentifierCode": "998ba1dc-f6a6-49a3-a021-51f30d9b1d0e"
    },
    {
      "datasetIdentifierCode": "49ab8bee-b467-486a-96ca-b950443c453a"
    },
    {
      "datasetIdentifierCode": "f0821bfe-5a0a-11e9-8647-d663bd873d93"
    },
    {
      "datasetIdentifierCode": "110f9ec6-4464-462e-9765-83d90cefbeab"
    },
    {
      "datasetIdentifierCode": "krw-f7bb2351-9788-42ea-a58b-a5ee1842304e"
    },
    {
      "datasetIdentifierCode": "bb11be63-bd38-4632-bf54-df44c423a529"
    },
    {
      "datasetIdentifierCode": "c935f2ab-9b65-4dc4-94a0-73aeb840a941"
    },
    {
      "datasetIdentifierCode": "4cda487b-c467-490c-a843-6563fec016be"
    },
    {
      "datasetIdentifierCode": "uwwtd-9d8e-4758-83fa-28b057f185e3"
    },
    {
      "datasetIdentifierCode": "0558a41c-b09a-47fa-b8db-9de6bfe4f494"
    },
    {
      "datasetIdentifierCode": "0f128799-cf18-4b37-a721-e62b068191f5"
    },
    {
      "datasetIdentifierCode": "df5ee213-e1bd-433b-80f7-4ea20f493ca8"
    },
    {
      "datasetIdentifierCode": "6cde2ce7-3ecd-4785-b7b8-d62c3381efe9"
    },
    {
      "datasetIdentifierCode": "28c4780a-1a44-4376-b283-14a50a481729"
    },
    {
      "datasetIdentifierCode": "ffefc3dc-dc8f-4589-ae22-a60bebcdf5cb"
    },
    {
      "datasetIdentifierCode": "2d3dd6d2-2d2b-4b5f-9e30-86e19ed77a56"
    },
    {
      "datasetIdentifierCode": "wt-83730-e750-485a-9c0c-39bf9be72cf8"
    },
    {
      "datasetIdentifierCode": "9986a7ef-e5e2-4a7a-9018-2e1f9631ba8c"
    },
    {
      "datasetIdentifierCode": "41023936-009d-48ec-a90d-c966895463c1"
    },
    {
      "datasetIdentifierCode": "wt-f5eb-b09f-4f6d-8397-8878a1b86238"
    },
    {
      "datasetIdentifierCode": "wt-3730-e750-485a-9c0c-39bf9be72cf9"
    },
    {
      "datasetIdentifierCode": "c7d8d77b-8c47-4309-8c58-9b12b086407f"
    },
    {
      "datasetIdentifierCode": "11a292bd-9022-4a9f-b1bf-02f5c89ad74a"
    },
    {
      "datasetIdentifierCode": "krw2006-68b5-4ff3-94a4-9c24109ffd5e"
    },
    {
      "datasetIdentifierCode": "2e31680f-68b5-4ff3-94a4-9c24109ffd5e"
    },
    {
      "datasetIdentifierCode": "622a632a-c57b-44a2-83a4-e51223d5f15g"
    },
    {
      "datasetIdentifierCode": "710c381c-ab2d-45d5-a45d-af2eba811e5f"
    },
    {
      "datasetIdentifierCode": "f002bfc5-7d87-46b6-819e-8415422b65c9"
    },
    {
      "datasetIdentifierCode": "110f9ec6-4464-462e-9765-83d90cefbead"
    },
    {
      "datasetIdentifierCode": "110f9ec6-4464-462e-9765-83d90cefbeag"
    },
    {
      "datasetIdentifierCode": "krw2006-c57b-44a2-83a4-e51223d5f15g"
    },
    {
      "datasetIdentifierCode": "110f9ec6-4464-462e-9765-83d90cefbeac"
    },
    {
      "datasetIdentifierCode": "krw-782cab20-8328-45f1-a9b2-c27d07c14066"
    },
    {
      "datasetIdentifierCode": "krm-a905-9d8e-4758-83fa-28b057f185e4"
    },
    {
      "datasetIdentifierCode": "891ddc2d-8949-4a45-be96-c65b87c41f13"
    },
    {
      "datasetIdentifierCode": "17716ed7-ce0d-4bfd-8868-a398e5578a36"
    },
    {
      "datasetIdentifierCode": "ror-9d8e-4758-83fx-28b057f185g1"
    },
    {
      "datasetIdentifierCode": "a9b7026e-0a81-4813-93bd-ba49e6f28502"
    },
    {
      "datasetIdentifierCode": "f605a24f-60cd-4c40-94c8-2186aba3ddd0"
    },
    {
      "datasetIdentifierCode": "1462bbce-ccd3-4362-83d8-4535ca8f44eb"
    },
    {
      "datasetIdentifierCode": "ror-9d8e-4758-83fx-28b057f185f1"
    },
    {
      "datasetIdentifierCode": "uwwtd-9d8e-4758-83fa-28b057f185e1"
    },
    {
      "datasetIdentifierCode": "76091be7-358a-4a44-8182-b4139c96c6a4"
    },
    {
      "datasetIdentifierCode": "af0c582f-9e6b-46e6-865a-fc3a2d5289b9"
    },
    {
      "datasetIdentifierCode": "f8d840bc-18df-4449-b797-b9adcb81d3ec"
    },
    {
      "datasetIdentifierCode": "83dab947-387b-49df-8ad2-32bb10d46d38"
    },
    {
      "datasetIdentifierCode": "d3c9efd6-fca7-49d6-92bb-5f507abece90"
    },
    {
      "datasetIdentifierCode": "df15af6e-0d21-4437-a69f-802be3479bba"
    },
    {
      "datasetIdentifierCode": "3eebf700-5abf-42e4-826c-03cfb497e366"
    },
    {
      "datasetIdentifierCode": "e8b84fae-00b3-49c1-80c1-df8f69f64e8c"
    },
    {
      "datasetIdentifierCode": "3d59fd06-9aec-4744-91e7-65e119f74569"
    },
    {
      "datasetIdentifierCode": "80630ee7-3a15-4ea0-bdc0-a8aebfa2f204"
    },
    {
      "datasetIdentifierCode": "a1960e70-22f4-4fd9-91a8-b605c6ceda3e"
    },
    {
      "datasetIdentifierCode": "34e6165f-1269-48d1-b255-0f05d163d692"
    },
    {
      "datasetIdentifierCode": "krm-a905-9d8e-4758-83fa-28b057f185e3"
    },
    {
      "datasetIdentifierCode": "1a40eb6f-4f33-4e15-a0b1-2d350ad2636e"
    },
    {
      "datasetIdentifierCode": "1249746f-c2a6-4639-98f2-251676b3528e"
    },
    {
      "datasetIdentifierCode": "bc2c53f6-c908-4d7c-a6c0-78d9a2855640"
    },
    {
      "datasetIdentifierCode": "e80ad426-1392-4349-9f80-14dae5f1bf57"
    },
    {
      "datasetIdentifierCode": "5b274449-b6c2-4672-a32f-e0bd40975a53"
    },
    {
      "datasetIdentifierCode": "e536d943-ecff-4d7a-9500-cc31a263a6af"
    },
    {
      "datasetIdentifierCode": "effe1ab0-073d-437c-af13-df5c5e07d6cd"
    },
    {
      "datasetIdentifierCode": "b61a773c-ecad-4e60-93e9-0a4caac0b52f"
    },
    {
      "datasetIdentifierCode": "002d9127-c16d-4b8d-9f5e-102a8c8e36c4"
    },
    {
      "datasetIdentifierCode": "88a3c1ae-902e-4efa-8663-ddd836101929"
    },
    {
      "datasetIdentifierCode": "6f84efeb-fc1d-4565-a721-80735ea57dbd"
    },
    {
      "datasetIdentifierCode": "af135cd8-d429-4fc7-b9e3-09e15217520d"
    },
    {
      "datasetIdentifierCode": "733559a5-201d-40e5-ad43-d1c7bae84d9f"
    },
    {
      "datasetIdentifierCode": "4e2ef670-cddd-11dd-ad8b-0800200c9a66"
    },
    {
      "datasetIdentifierCode": "31de946d-85d4-4c93-bb97-e25f4ef1401a"
    },
    {
      "datasetIdentifierCode": "68ebd5c9-0ea1-4f22-9907-ec4c063cd3e2"
    },
    {
      "datasetIdentifierCode": "fe2f9091-1962-4073-9e3b-3e4aeed488a5"
    },
    {
      "datasetIdentifierCode": "5800f3b0-2ea2-4231-8165-216a7b26867f"
    },
    {
      "datasetIdentifierCode": "7D35598D-DFBF-C64D-0F1A-92A80A45EB14"
    },
    {
      "datasetIdentifierCode": "07575774-57a1-4419-bab4-6c88fdeb02b2"
    },
    {
      "datasetIdentifierCode": "5c37d29a-006d-4136-8989-adfc35a1d4a7"
    },
    {
      "datasetIdentifierCode": "9ed6b8ed-254a-4745-a09a-3b57137d1b69"
    },
    {
      "datasetIdentifierCode": "32a21114-8694-40ce-ab76-9dcd885c7861"
    },
    {
      "datasetIdentifierCode": "f91c6ad6-62a5-46d0-8a5b-8a62e7a4b833"
    },
    {
      "datasetIdentifierCode": "e1e99000-ec47-4e9f-84a5-adad24fef0dc"
    },
    {
      "datasetIdentifierCode": "380aa01e-dce7-11e3-9f07-901b0e19e163"
    },
    {
      "datasetIdentifierCode": "f44dac86-2228-412f-8355-e56446ca9933"
    },
    {
      "datasetIdentifierCode": "64ff8561-5c56-4cc1-ae0e-94366fb70b7e"
    },
    {
      "datasetIdentifierCode": "73ec579e-c906-433a-b0b6-d3aa33421558"
    },
    {
      "datasetIdentifierCode": "29d5310f-dd0d-45ba-abad-b4ffc6b8785f"
    },
    {
      "datasetIdentifierCode": "6c1cf452-8c62-4046-99ab-640a5e184f9c"
    },
    {
      "datasetIdentifierCode": "b3f66964-a8c1-456f-9799-9cafca2cb7b1"
    },
    {
      "datasetIdentifierCode": "d8f370e8-123c-4ab3-9410-04f728327ac6"
    },
    {
      "datasetIdentifierCode": "26103042-50a1-4ee5-9c5b-857a2f8b7680"
    },
    {
      "datasetIdentifierCode": "8f45b8ef-0ce8-463a-9059-5efdcecb785c"
    },
    {
      "datasetIdentifierCode": "64c987ec-dce6-11e3-8563-901b0e19e163"
    },
    {
      "datasetIdentifierCode": "8b0b02a0-1e1b-4cda-bcfe-6fa0f738e38f"
    },
    {
      "datasetIdentifierCode": "1c3afc74-cc34-44b7-938a-963e2350795a"
    },
    {
      "datasetIdentifierCode": "adn73c4a-ef03-4785-b7f6-942e86b385f7"
    },
    {
      "datasetIdentifierCode": "24de356e-ec4d-4a18-9903-6401d222b77c"
    },
    {
      "datasetIdentifierCode": "f5f68d51-2ca4-4897-8227-d3938b2b0a7e"
    },
    {
      "datasetIdentifierCode": "0d6ccccc-7cfb-4eaa-8dc5-8b433d19b121"
    },
    {
      "datasetIdentifierCode": "ror-9d8e-4758-83fx-28b057f185e1"
    },
    {
      "datasetIdentifierCode": "4617f0e0-6af4-4ac0-9044-31df9d03071c"
    },
    {
      "datasetIdentifierCode": "03671a9e-6aaf-464d-be99-9aad25cef9e3"
    },
    {
      "datasetIdentifierCode": "88f76a94-ee4d-4e0c-9fde-91b692403e39"
    },
    {
      "datasetIdentifierCode": "uwwtd-9d8e-4758-83fa-28b057f185e2"
    },
    {
      "datasetIdentifierCode": "76541ebb-a554-4540-a017-399d4bb4a860"
    },
    {
      "datasetIdentifierCode": "cbeaebc3-815a-48af-a978-0e16892865fc"
    },
    {
      "datasetIdentifierCode": "5a1adb58-0bbe-425d-b0fe-577a6c0a4228"
    },
    {
      "datasetIdentifierCode": "a5241416-8401-4623-be61-57ef50447a41"
    },
    {
      "datasetIdentifierCode": "844404a2-9cd0-452e-b29a-74588777485a"
    },
    {
      "datasetIdentifierCode": "280ed37a-b8d2-4ac5-8567-04d84fad3a41"
    }
  ],
  "__loop": -1,
  "__arg": null,
  "responseType": "json",
  "responseHeaders": {
    "Date": [
      "Mon, 21 Sep 2020 15:21:32 GMT"
    ],
    "Server": [
      "Apache"
    ],
    "X-Frame-Options": [
      "SAMEORIGIN",
      "SAMEORIGIN"
    ],
    "Access-Control-Allow-Origin": [
      "*"
    ],
    "Last-Modified": [
      "Thu, 14 Nov 2019 14:31:35 GMT"
    ],
    "Accept-Ranges": [
      "bytes"
    ],
    "Content-Length": [
      "27700"
    ],
    "X-XSS-Protection": [
      "1; mode=block"
    ],
    "Content-Type": [
      "application/json"
    ],
    "Keep-Alive": [
      "timeout=3, max=100"
    ],
    "Connection": [
      "Keep-Alive"
    ]
  },
  "response": {
    "register": {
      "submitter": "Nominated submitting organisations for the central INSPIRE registers and INSPIRE register federation",
      "license": {
        "label": "Europa Legal Notice",
        "uri": "http://ec.europa.eu/geninfo/legal_notices_nl.htm"
      },
      "registry": {
        "id": "http://inspire.ec.europa.eu/registry",
        "label": {
          "text": "INSPIRE register",
          "lang": "nl"
        }
      },
      "containeditems": [
        {
          "metadata-codelist": {
            "itemclass": {
              "id": "MetadataCodeList",
              "label": {
                "text": "Metadata Code list",
                "lang": "nl"
              }
            },
            "id": "http://inspire.ec.europa.eu/metadata-codelist/ResourceType",
            "label": {
              "text": "Type bron",
              "lang": "nl"
            },
            "version": "0",
            "status": {
              "id": "http://inspire.ec.europa.eu/registry/status/valid",
              "label": {
                "text": "Geldig",
                "lang": "nl"
              }
            },
            "register": {
              "registry": {
                "id": "http://inspire.ec.europa.eu/registry",
                "label": {
                  "text": "INSPIRE register",
                  "lang": "nl"
                }
              },
              "id": "http://inspire.ec.europa.eu/metadata-codelist",
              "label": {
                "text": "INSPIRE metadata code list register",
                "lang": "nl"
              }
            }
          }
        },
        {
          "metadata-codelist": {
            "itemclass": {
              "id": "MetadataCodeList",
              "label": {
                "text": "Metadata Code list",
                "lang": "nl"
              }
            },
            "id": "http://inspire.ec.europa.eu/metadata-codelist/TopicCategory",
            "label": {
              "text": "Onderwerpcategoriecn overeenkomstig EN ISO 19115",
              "lang": "nl"
            },
            "version": "0",
            "status": {
              "id": "http://inspire.ec.europa.eu/registry/status/valid",
              "label": {
                "text": "Geldig",
                "lang": "nl"
              }
            },
            "register": {
              "registry": {
                "id": "http://inspire.ec.europa.eu/registry",
                "label": {
                  "text": "INSPIRE register",
                  "lang": "nl"
                }
              },
              "id": "http://inspire.ec.europa.eu/metadata-codelist",
              "label": {
                "text": "INSPIRE metadata code list register",
                "lang": "nl"
              }
            }
          }
        },
        {
          "metadata-codelist": {
            "itemclass": {
              "id": "MetadataCodeList",
              "label": {
                "text": "Metadata Code list",
                "lang": "nl"
              }
            },
            "id": "http://inspire.ec.europa.eu/metadata-codelist/SpatialDataServiceType",
            "label": {
              "text": "Type dienst met betrekking tot ruimtelijke gegevens",
              "lang": "nl"
            },
            "version": "0",
            "status": {
              "id": "http://inspire.ec.europa.eu/registry/status/valid",
              "label": {
                "text": "Geldig",
                "lang": "nl"
              }
            },
            "register": {
              "registry": {
                "id": "http://inspire.ec.europa.eu/registry",
                "label": {
                  "text": "INSPIRE register",
                  "lang": "nl"
                }
              },
              "id": "http://inspire.ec.europa.eu/metadata-codelist",
              "label": {
                "text": "INSPIRE metadata code list register",
                "lang": "nl"
              }
            }
          }
        },
        {
          "metadata-codelist": {
            "itemclass": {
              "id": "MetadataCodeList",
              "label": {
                "text": "Metadata Code list",
                "lang": "nl"
              }
            },
            "definition": {
              "text": "De trefwoorden zijn gebaseerd op de taxonomie voor geografische diensten (EN ISO 19119). Deze taxonomie bestaat uit categorieC+n; de subcategorieC+n definiC+ren het waardedomein van de classificatie van ruimtelijke-gegevensdiensten.",
              "lang": "nl"
            },
            "id": "http://inspire.ec.europa.eu/metadata-codelist/SpatialDataServiceCategory",
            "label": {
              "text": "Classificatie van diensten met betrekking tot ruimtelijke gegevens",
              "lang": "nl"
            },
            "version": "0",
            "status": {
              "id": "http://inspire.ec.europa.eu/registry/status/valid",
              "label": {
                "text": "Geldig",
                "lang": "nl"
              }
            },
            "register": {
              "registry": {
                "id": "http://inspire.ec.europa.eu/registry",
                "label": {
                  "text": "INSPIRE register",
                  "lang": "nl"
                }
              },
              "id": "http://inspire.ec.europa.eu/metadata-codelist",
              "label": {
                "text": "INSPIRE metadata code list register",
                "lang": "nl"
              }
            }
          }
        },
        {
          "metadata-codelist": {
            "itemclass": {
              "id": "MetadataCodeList",
              "label": {
                "text": "Metadata Code list",
                "lang": "nl"
              }
            },
            "id": "http://inspire.ec.europa.eu/metadata-codelist/DegreeOfConformity",
            "label": {
              "text": "Conformiteitsindicatie",
              "lang": "nl"
            },
            "version": "0",
            "status": {
              "id": "http://inspire.ec.europa.eu/registry/status/valid",
              "label": {
                "text": "Geldig",
                "lang": "nl"
              }
            },
            "register": {
              "registry": {
                "id": "http://inspire.ec.europa.eu/registry",
                "label": {
                  "text": "INSPIRE register",
                  "lang": "nl"
                }
              },
              "id": "http://inspire.ec.europa.eu/metadata-codelist",
              "label": {
                "text": "INSPIRE metadata code list register",
                "lang": "nl"
              }
            }
          }
        },
        {
          "metadata-codelist": {
            "itemclass": {
              "id": "MetadataCodeList",
              "label": {
                "text": "Metadata Code list",
                "lang": "nl"
              }
            },
            "id": "http://inspire.ec.europa.eu/metadata-codelist/ResponsiblePartyRole",
            "label": {
              "text": "Rol van de verantwoordelijke partij",
              "lang": "nl"
            },
            "version": "0",
            "status": {
              "id": "http://inspire.ec.europa.eu/registry/status/valid",
              "label": {
                "text": "Geldig",
                "lang": "nl"
              }
            },
            "register": {
              "registry": {
                "id": "http://inspire.ec.europa.eu/registry",
                "label": {
                  "text": "INSPIRE register",
                  "lang": "nl"
                }
              },
              "id": "http://inspire.ec.europa.eu/metadata-codelist",
              "label": {
                "text": "INSPIRE metadata code list register",
                "lang": "nl"
              }
            }
          }
        },
        {
          "metadata-codelist": {
            "itemclass": {
              "id": "MetadataCodeList",
              "label": {
                "text": "Metadata Code list",
                "lang": "nl"
              }
            },
            "id": "http://inspire.ec.europa.eu/metadata-codelist/LimitationsOnPublicAccess",
            "label": {
              "text": "Beperkingen op openbare toegang",
              "lang": "nl"
            },
            "version": "0",
            "status": {
              "id": "http://inspire.ec.europa.eu/registry/status/valid",
              "label": {
                "text": "Geldig",
                "lang": "nl"
              }
            },
            "register": {
              "registry": {
                "id": "http://inspire.ec.europa.eu/registry",
                "label": {
                  "text": "INSPIRE register",
                  "lang": "nl"
                }
              },
              "id": "http://inspire.ec.europa.eu/metadata-codelist",
              "label": {
                "text": "INSPIRE metadata code list register",
                "lang": "nl"
              }
            }
          }
        },
        {
          "metadata-codelist": {
            "itemclass": {
              "id": "MetadataCodeList",
              "label": {
                "text": "Metadata Code list",
                "lang": "nl"
              }
            },
            "id": "http://inspire.ec.europa.eu/metadata-codelist/ConditionsApplyingToAccessAndUse",
            "label": {
              "text": "Voorwaarden voor toegang en gebruik",
              "lang": "nl"
            },
            "version": "0",
            "status": {
              "id": "http://inspire.ec.europa.eu/registry/status/valid",
              "label": {
                "text": "Geldig",
                "lang": "nl"
              }
            },
            "register": {
              "registry": {
                "id": "http://inspire.ec.europa.eu/registry",
                "label": {
                  "text": "INSPIRE register",
                  "lang": "nl"
                }
              },
              "id": "http://inspire.ec.europa.eu/metadata-codelist",
              "label": {
                "text": "INSPIRE metadata code list register",
                "lang": "nl"
              }
            }
          }
        },
        {
          "metadata-codelist": {
            "itemclass": {
              "id": "MetadataCodeList",
              "label": {
                "text": "Metadata Code list",
                "lang": "nl"
              }
            },
            "id": "http://inspire.ec.europa.eu/metadata-codelist/QualityOfServiceCriteria",
            "label": {
              "text": "Service kwaliteit criteria code",
              "lang": "nl"
            },
            "version": "0",
            "status": {
              "id": "http://inspire.ec.europa.eu/registry/status/valid",
              "label": {
                "text": "Geldig",
                "lang": "nl"
              }
            },
            "register": {
              "registry": {
                "id": "http://inspire.ec.europa.eu/registry",
                "label": {
                  "text": "INSPIRE register",
                  "lang": "nl"
                }
              },
              "id": "http://inspire.ec.europa.eu/metadata-codelist",
              "label": {
                "text": "INSPIRE metadata code list register",
                "lang": "nl"
              }
            }
          }
        },
        {
          "metadata-codelist": {
            "itemclass": {
              "id": "MetadataCodeList",
              "label": {
                "text": "Metadata Code list",
                "lang": "nl"
              }
            },
            "definition": {
              "text": "Code describing the type of resource given in the Resource Locator metadata element.",
              "lang": "en"
            },
            "id": "http://inspire.ec.europa.eu/metadata-codelist/OnLineDescriptionCode",
            "label": {
              "text": "Online description code",
              "lang": "en"
            },
            "version": "0",
            "status": {
              "id": "http://inspire.ec.europa.eu/registry/status/valid",
              "label": {
                "text": "Geldig",
                "lang": "nl"
              }
            },
            "register": {
              "registry": {
                "id": "http://inspire.ec.europa.eu/registry",
                "label": {
                  "text": "INSPIRE register",
                  "lang": "nl"
                }
              },
              "id": "http://inspire.ec.europa.eu/metadata-codelist",
              "label": {
                "text": "INSPIRE metadata code list register",
                "lang": "nl"
              }
            }
          }
        },
        {
          "metadata-codelist": {
            "itemclass": {
              "id": "MetadataCodeList",
              "label": {
                "text": "Metadata Code list",
                "lang": "nl"
              }
            },
            "definition": {
              "text": "Lijst met datasets die gerelateerd zijn aan milieurapportage, die stapsgewijs door de lidstaten via de Europese infrastructuur voor ruimtelijke informatie beschikbaar moeten worden gesteld. Deze lijst geeft ook de lacunes in data weer die zijn geïdentificeerd tijdens de evaluatie van de implementatie en de geschiktheid van de richtlijn voor het beoogde doel (de zogenoemde REFIT evaluatie).",
              "lang": "nl"
            },
            "id": "http://inspire.ec.europa.eu/metadata-codelist/PriorityDataset",
            "label": {
              "text": "INSPIRE prioritaire dataset",
              "lang": "nl"
            },
            "version": "0",
            "status": {
              "id": "http://inspire.ec.europa.eu/registry/status/valid",
              "label": {
                "text": "Geldig",
                "lang": "nl"
              }
            },
            "register": {
              "registry": {
                "id": "http://inspire.ec.europa.eu/registry",
                "label": {
                  "text": "INSPIRE register",
                  "lang": "nl"
                }
              },
              "id": "http://inspire.ec.europa.eu/metadata-codelist",
              "label": {
                "text": "INSPIRE metadata code list register",
                "lang": "nl"
              }
            }
          }
        },
        {
          "metadata-codelist": {
            "itemclass": {
              "id": "MetadataCodeList",
              "label": {
                "text": "Metadata Code list",
                "lang": "nl"
              }
            },
            "description": {
              "text": "The spatial scope can be different from the actual geographical coverage, e.g. a national coastline data set may cover only a fraction of the full spatial extent of a country.\n The spatial scope of the data set does not necessarily reflect the administrative level responsible for collecting and maintaining the data, e.g. the responsibility for maintaining the data inside the national address data set can be at regional or local level.\n The code list contains values governed at the level of INSPIRE legal acts (governance level: Legal (EU)) and values governed at the level of INSPIRE Technical Guidelines (governance level: Technical (EU)). The former directly support the INSPIRE Monitoring and Reporting Decision, while the latter  provide additional options for tagging other data sets.",
              "lang": "en"
            },
            "definition": {
              "text": "Administrative level that the data set intends to cover.",
              "lang": "en"
            },
            "id": "http://inspire.ec.europa.eu/metadata-codelist/SpatialScope",
            "label": {
              "text": "Ruimtelijke dekking",
              "lang": "nl"
            },
            "version": "0",
            "status": {
              "id": "http://inspire.ec.europa.eu/registry/status/valid",
              "label": {
                "text": "Geldig",
                "lang": "nl"
              }
            },
            "register": {
              "registry": {
                "id": "http://inspire.ec.europa.eu/registry",
                "label": {
                  "text": "INSPIRE register",
                  "lang": "nl"
                }
              },
              "id": "http://inspire.ec.europa.eu/metadata-codelist",
              "label": {
                "text": "INSPIRE metadata code list register",
                "lang": "nl"
              }
            }
          }
        },
        {
          "metadata-codelist": {
            "itemclass": {
              "id": "MetadataCodeList",
              "label": {
                "text": "Metadata Code list",
                "lang": "nl"
              }
            },
            "description": {
              "text": "This code list is the result of the 'simplification of data-service linkages' activity performed in the context of the MIG-T data simplification action(2019.2).",
              "lang": "en"
            },
            "definition": {
              "text": "Set of OGC and RFC services that are in the scope of INSPIRE. This list aims at the better identification of the network services described within the metadata records.",
              "lang": "en"
            },
            "id": "http://inspire.ec.europa.eu/metadata-codelist/ProtocolValue",
            "label": {
              "text": "INSPIRE Protocol values",
              "lang": "en"
            },
            "version": "0",
            "status": {
              "id": "http://inspire.ec.europa.eu/registry/status/valid",
              "label": {
                "text": "Geldig",
                "lang": "nl"
              }
            },
            "register": {
              "registry": {
                "id": "http://inspire.ec.europa.eu/registry",
                "label": {
                  "text": "INSPIRE register",
                  "lang": "nl"
                }
              },
              "id": "http://inspire.ec.europa.eu/metadata-codelist",
              "label": {
                "text": "INSPIRE metadata code list register",
                "lang": "nl"
              }
            }
          }
        }
      ],
      "contentsummary": {
        "text": "The INSPIRE metadata code list register contains the code lists and their values, as defined in the INSPIRE implementing rules on metadata (Commission Regulation (EC) No 1205/2008).",
        "lang": "nl"
      },
      "registermanager": "Europese Commissie, Gemeenschappelijk Centrum voor onderzoek",
      "contactpoint": {
        "label": "JRC INSPIRE Registry Team",
        "email": "inspire-registry-dev@jrc.ec.europa.eu"
      },
      "language": "nl",
      "registerowner": "Europese Unie",
      "id": "http://inspire.ec.europa.eu/metadata-codelist",
      "label": {
        "text": "INSPIRE metadata code list register",
        "lang": "nl"
      },
      "registercontrolbody": "Control body for the central INSPIRE registers and INSPIRE register federation"
    }
  },
  "requestTimeStamp": 1600701692103,
  "json": [
    {
    },
    {
    },
    {
    },
    {
    },
    {
    },
    {
    },
    {
    },
    {
    },
    {
    },
    {
    },
    {
    },
    {
    },
    {
    },
    {
    },
    {
    },
    {
    },
    {
    },
    {
    },
    {
    },
    {
    },
    {
    },
    {
    },
    {
    },
    {
    },
    {
    },
    {
    },
    {
    },
    {
    },
    {
    },
    {
    },
    {
    },
    {
    },
    {
    },
    {
    },
    {
    },
    {
    },
    {
    },
    {
    },
    {
    },
    {
    },
    {
    },
    {
    },
    {
    },
    {
    },
    {
    },
    {
    },
    {
    },
    {
    },
    {
    },
    {
    },
    {
    },
    {
    },
    {
    },
    {
    },
    {
    },
    {
    },
    {
    },
    {
    },
    {
    },
    {
    },
    {
    },
    {
    },
    {
    },
    {
    },
    {
    },
    {
    },
    {
    },
    {
    },
    {
    },
    {
    },
    {
    },
    {
    },
    {
    },
    {
    },
    {
    },
    {
    },
    {
    },
    {
    },
    {
    },
    {
    },
    {
    },
    {
    },
    {
    },
    {
    },
    {
    },
    {
    },
    {
    },
    {
    },
    {
    },
    {
    },
    {
    },
    {
    },
    {
    },
    {
    },
    {
    },
    {
    },
    {
    },
    {
    },
    {
    },
    {
    },
    {
    },
    {
    },
    {
    },
    {
    },
    {
    },
    {
    },
    {
    },
    {
    },
    {
    },
    {
    },
    {
    },
    {
    },
    {
    },
    {
    },
    {
    },
    {
    },
    {
    },
    {
    },
    {
    },
    {
    },
    {
    },
    {
    },
    {
    },
    {
    },
    {
    },
    {
    },
    {
    },
    {
    },
    {
    },
    {
    },
    {
    },
    {
    },
    {
    },
    {
    },
    {
    },
    {
    },
    {
    },
    {
    },
    {
    },
    {
    },
    {
    },
    {
    },
    {
    },
    {
    },
    {
    },
    {
    },
    {
    },
    {
    },
    {
    },
    {
    },
    {
    },
    {
    },
    {
    },
    {
    },
    {
    },
    {
    },
    {
    },
    {
    },
    {
    },
    {
    },
    {
    },
    {
    },
    {
    },
    {
    },
    {
    },
    {
    },
    {
    },
    {
    },
    {
    },
    {
    },
    {
    },
    {
    },
    {
    },
    {
    },
    {
    },
    {
    },
    {
    },
    {
    },
    {
    },
    {
    },
    {
    },
    {
    },
    {
    },
    {
    },
    {
    },
    {
    },
    {
    },
    {
    },
    {
    },
    {
    },
    {
    },
    {
    },
    {
    },
    {
    },
    {
    },
    {
    },
    {
    }
  ],
  "myVarName": "someValue",
  "briefarray": [
    "f99e915a-75e5-4c36-97f2-61eff692d85b",
    "247a1d15-0a67-40ce-85be-1403c08f15a8",
    "81ff84ec-42a4-4481-840b-12713bbb5d38",
    "f2f86edf-ac3a-48e8-9292-0544da2d7645",
    "be6551de-a709-4c6d-a5e2-f63f0cf038ba",
    "b4ae622c-6201-49d8-bd2e-f7fce9206a1e",
    "74aca3eb-c38b-4214-9537-e0abc69e11b5",
    "ed960299-a147-4c1a-bc57-41ff83a2264f",
    "fe0e1e5f-512f-4bb1-bbf8-4028d3dfa24f",
    "4b282988-cb91-4bbc-b147-f653014917cb",
    "50a2c5e6-c8e7-425d-854e-26f578196bc9",
    "6c06740d-058f-4a12-bb3f-bf68efd03d09",
    "8a4f5c3b-aced-48fd-afb5-f1f1d0ef21d6",
    "19165027-a13a-4c19-9013-ec1fd191019d",
    "c3c004ad-5387-4b00-a225-9afbcaa5d31b",
    "fe45c540-e37d-11e4-b571-0800200c9a66",
    "1be28290-55fa-4486-b9d3-b9d147117863",
    "b3ec8793-7747-4da0-b6c3-aa384446a586",
    "493ab81b-75f8-4205-b030-6b2fd9eb4295",
    "f273941e-9c3b-43bc-b886-2d50d0bf9348",
    "34e95842-4e4e-46de-9198-79e8cd4d30dc",
    "7939fd42-cf88-42c5-ab3b-232cf232a3ac",
    "8de2f5eb-b09f-4f6d-8397-8878a1b86238",
    "eu-f297898-2640-44c2-bbe9-c0480da83794",
    "4783ea4f-6b8c-4600-8af0-516f3556cfe9",
    "50eef6be-619d-4e16-9b92-48971109b636",
    "tbjk534p-wubf-crbp-cj25-d4161160gfim",
    "cf69ec50-9849-4afd-853c-ee56211d336d",
    "fcefa13c-44e2-4953-b6d6-1ddceebc57fc",
    "a322184d-6285-4856-bb78-f450b30ffc0e",
    "c2225e5d-b46f-4e38-8445-ab10fd40c0dc",
    "be1b1514-8d1f-48e1-9624-fee9b784138b",
    "3e57ce43-7707-43ed-a4b9-72b3a6d812f8",
    "58e7dc38-a498-4852-b4ef-908f5baa9056",
    "a04afee4-47d5-45b7-b7a0-a6f86106af11",
    "12bb57cd-73e0-41ba-a1e9-6d986b9109d3",
    "d845cef6-0e23-4212-a951-b69763e39ef0",
    "7f5d7945-8fa8-4d36-be4c-2fdb3c7d613b",
    "3a72b9a4-cda9-11ea-87d0-0242ac130003",
    "5951efa2-1ff3-4763-a966-a2f5497679ee",
    "25294679-adb9-4c39-a93b-6954ff9414ac",
    "eu-cb527d-f6db-4835-b0cd-deb245241254",
    "a7fb2234-f7b4-4a03-b282-f10947f42fb1",
    "9d9f1738-aced-47c9-aaa0-c62474a2dcfb",
    "a5f961e9-ebdd-41e2-b8e8-ab33ed340a83",
    "29c17585-e702-463f-a5dc-99d34b17d333",
    "2cc2c30c-91b8-412a-a060-e84d25272581",
    "d6b85d84-cdb9-4a6e-b799-cf8826e22a94",
    "791adbe3-772f-42cb-a3be-5a617bcecef0",
    "500d396f-5ec6-4e4b-a151-5fb3cddd8082",
    "14657c9b-91e4-4355-8563-2911ad0e78e4",
    "6050578f-0010-4bfa-b013-c8617b80ba62",
    "edf79e6a-d73d-4def-8d22-0f495cc76a73",
    "b59f06c0-dce5-11e3-9c10-901b0e19e163",
    "d9baa847-4652-4588-abe1-0b050f40f27f",
    "e3b0da1e-0664-4025-b3f5-a54d74a26450",
    "9dd9bf30-36e6-45ae-b368-bdef2720bdde",
    "3703b249-a0eb-484e-ba7a-10e31a55bcec",
    "10d1153e-778f-4995-9b6c-7c69b196cccb",
    "c5c4a6d6-b850-473c-8ab5-af9c2c550809",
    "dc5b522e-3e14-4738-9e8e-2401e1b19ef2",
    "db8d613f-5edc-4467-9cc0-e2dcfb9d64a8",
    "977e0e94-7aa9-4784-b2da-eaec44adb61b",
    "58d39928-f502-48c9-a8c1-03244dc181bf",
    "3a7dd0a6-d130-4c4c-b0ba-24365cf036e2",
    "588a4cb1-b442-4ac1-87e4-40401e353166",
    "7c24ea89-074e-4c4f-91e3-d38e813e9cb6",
    "c7662717-9e43-4367-a344-723d73abbb3e",
    "7dd1fd45-ace5-41e0-93a6-64e3be231717",
    "08b27bf0-e34a-4b30-9eac-5edadfb6a288",
    "f1d27179-36eb-4376-8048-f51d2eb23a09",
    "a29917b9-3426-4041-a11b-69bcb2256904",
    "b6ee58a1-b097-4c6d-8600-eb81efc1468c",
    "36a7e8cb-8300-4602-93d2-135943365a6f",
    "daa63e4c-dce6-11e3-991e-901b0e19e163",
    "3387ef8a-9237-453a-aa4e-585d1e193550",
    "d24ccb35-e9d2-41bf-b231-43083fc0c76d",
    "adn73c4a-ef03-4785-b7f6-942e86b385f5",
    "ad6caa40-89ab-47e3-85ab-3f8e32024a71",
    "afc450bd-65b3-4e59-b0fb-619869bf6ada",
    "F646DFB9-5BF6-EAB9-042B-CAB6FF2DC275",
    "E7D9F0D6-2B8D-6699-F26E-4A781228F2DD",
    "71c2b7d2-a1a8-4836-b8d4-7247d331b04d",
    "eu-2c7040b-c448-451b-bf15-f2416ecaadd1",
    "6318009c-7b11-4ab9-9929-735584dfb692",
    "2daad588-11ef-47de-9832-6fe2c3b93e6d",
    "60a2a7c2-d5b3-4ad5-b562-c448695357fb",
    "cc408b2d-09a6-4b2b-9aa3-b46bfe2f00a5",
    "ca94a0cb-7561-4a10-a7d6-b840e56c33ff",
    "998ba1dc-f6a6-49a3-a021-51f30d9b1d0e",
    "49ab8bee-b467-486a-96ca-b950443c453a",
    "f0821bfe-5a0a-11e9-8647-d663bd873d93",
    "110f9ec6-4464-462e-9765-83d90cefbeab",
    "krw-f7bb2351-9788-42ea-a58b-a5ee1842304e",
    "bb11be63-bd38-4632-bf54-df44c423a529",
    "c935f2ab-9b65-4dc4-94a0-73aeb840a941",
    "4cda487b-c467-490c-a843-6563fec016be",
    "uwwtd-9d8e-4758-83fa-28b057f185e3",
    "0558a41c-b09a-47fa-b8db-9de6bfe4f494",
    "0f128799-cf18-4b37-a721-e62b068191f5",
    "df5ee213-e1bd-433b-80f7-4ea20f493ca8",
    "6cde2ce7-3ecd-4785-b7b8-d62c3381efe9",
    "28c4780a-1a44-4376-b283-14a50a481729",
    "ffefc3dc-dc8f-4589-ae22-a60bebcdf5cb",
    "2d3dd6d2-2d2b-4b5f-9e30-86e19ed77a56",
    "wt-83730-e750-485a-9c0c-39bf9be72cf8",
    "9986a7ef-e5e2-4a7a-9018-2e1f9631ba8c",
    "41023936-009d-48ec-a90d-c966895463c1",
    "wt-f5eb-b09f-4f6d-8397-8878a1b86238",
    "wt-3730-e750-485a-9c0c-39bf9be72cf9",
    "c7d8d77b-8c47-4309-8c58-9b12b086407f",
    "11a292bd-9022-4a9f-b1bf-02f5c89ad74a",
    "krw2006-68b5-4ff3-94a4-9c24109ffd5e",
    "2e31680f-68b5-4ff3-94a4-9c24109ffd5e",
    "622a632a-c57b-44a2-83a4-e51223d5f15g",
    "710c381c-ab2d-45d5-a45d-af2eba811e5f",
    "f002bfc5-7d87-46b6-819e-8415422b65c9",
    "110f9ec6-4464-462e-9765-83d90cefbead",
    "110f9ec6-4464-462e-9765-83d90cefbeag",
    "krw2006-c57b-44a2-83a4-e51223d5f15g",
    "110f9ec6-4464-462e-9765-83d90cefbeac",
    "krw-782cab20-8328-45f1-a9b2-c27d07c14066",
    "krm-a905-9d8e-4758-83fa-28b057f185e4",
    "891ddc2d-8949-4a45-be96-c65b87c41f13",
    "17716ed7-ce0d-4bfd-8868-a398e5578a36",
    "ror-9d8e-4758-83fx-28b057f185g1",
    "a9b7026e-0a81-4813-93bd-ba49e6f28502",
    "f605a24f-60cd-4c40-94c8-2186aba3ddd0",
    "1462bbce-ccd3-4362-83d8-4535ca8f44eb",
    "ror-9d8e-4758-83fx-28b057f185f1",
    "uwwtd-9d8e-4758-83fa-28b057f185e1",
    "76091be7-358a-4a44-8182-b4139c96c6a4",
    "af0c582f-9e6b-46e6-865a-fc3a2d5289b9",
    "f8d840bc-18df-4449-b797-b9adcb81d3ec",
    "83dab947-387b-49df-8ad2-32bb10d46d38",
    "d3c9efd6-fca7-49d6-92bb-5f507abece90",
    "df15af6e-0d21-4437-a69f-802be3479bba",
    "3eebf700-5abf-42e4-826c-03cfb497e366",
    "e8b84fae-00b3-49c1-80c1-df8f69f64e8c",
    "3d59fd06-9aec-4744-91e7-65e119f74569",
    "80630ee7-3a15-4ea0-bdc0-a8aebfa2f204",
    "a1960e70-22f4-4fd9-91a8-b605c6ceda3e",
    "34e6165f-1269-48d1-b255-0f05d163d692",
    "krm-a905-9d8e-4758-83fa-28b057f185e3",
    "1a40eb6f-4f33-4e15-a0b1-2d350ad2636e",
    "1249746f-c2a6-4639-98f2-251676b3528e",
    "bc2c53f6-c908-4d7c-a6c0-78d9a2855640",
    "e80ad426-1392-4349-9f80-14dae5f1bf57",
    "5b274449-b6c2-4672-a32f-e0bd40975a53",
    "e536d943-ecff-4d7a-9500-cc31a263a6af",
    "effe1ab0-073d-437c-af13-df5c5e07d6cd",
    "b61a773c-ecad-4e60-93e9-0a4caac0b52f",
    "002d9127-c16d-4b8d-9f5e-102a8c8e36c4",
    "88a3c1ae-902e-4efa-8663-ddd836101929",
    "6f84efeb-fc1d-4565-a721-80735ea57dbd",
    "af135cd8-d429-4fc7-b9e3-09e15217520d",
    "733559a5-201d-40e5-ad43-d1c7bae84d9f",
    "4e2ef670-cddd-11dd-ad8b-0800200c9a66",
    "31de946d-85d4-4c93-bb97-e25f4ef1401a",
    "68ebd5c9-0ea1-4f22-9907-ec4c063cd3e2",
    "fe2f9091-1962-4073-9e3b-3e4aeed488a5",
    "5800f3b0-2ea2-4231-8165-216a7b26867f",
    "7D35598D-DFBF-C64D-0F1A-92A80A45EB14",
    "07575774-57a1-4419-bab4-6c88fdeb02b2",
    "5c37d29a-006d-4136-8989-adfc35a1d4a7",
    "9ed6b8ed-254a-4745-a09a-3b57137d1b69",
    "32a21114-8694-40ce-ab76-9dcd885c7861",
    "f91c6ad6-62a5-46d0-8a5b-8a62e7a4b833",
    "e1e99000-ec47-4e9f-84a5-adad24fef0dc",
    "380aa01e-dce7-11e3-9f07-901b0e19e163",
    "f44dac86-2228-412f-8355-e56446ca9933",
    "64ff8561-5c56-4cc1-ae0e-94366fb70b7e",
    "73ec579e-c906-433a-b0b6-d3aa33421558",
    "29d5310f-dd0d-45ba-abad-b4ffc6b8785f",
    "6c1cf452-8c62-4046-99ab-640a5e184f9c",
    "b3f66964-a8c1-456f-9799-9cafca2cb7b1",
    "d8f370e8-123c-4ab3-9410-04f728327ac6",
    "26103042-50a1-4ee5-9c5b-857a2f8b7680",
    "8f45b8ef-0ce8-463a-9059-5efdcecb785c",
    "64c987ec-dce6-11e3-8563-901b0e19e163",
    "8b0b02a0-1e1b-4cda-bcfe-6fa0f738e38f",
    "1c3afc74-cc34-44b7-938a-963e2350795a",
    "adn73c4a-ef03-4785-b7f6-942e86b385f7",
    "24de356e-ec4d-4a18-9903-6401d222b77c",
    "f5f68d51-2ca4-4897-8227-d3938b2b0a7e",
    "0d6ccccc-7cfb-4eaa-8dc5-8b433d19b121",
    "ror-9d8e-4758-83fx-28b057f185e1",
    "4617f0e0-6af4-4ac0-9044-31df9d03071c",
    "03671a9e-6aaf-464d-be99-9aad25cef9e3",
    "88f76a94-ee4d-4e0c-9fde-91b692403e39",
    "uwwtd-9d8e-4758-83fa-28b057f185e2",
    "76541ebb-a554-4540-a017-399d4bb4a860",
    "cbeaebc3-815a-48af-a978-0e16892865fc",
    "5a1adb58-0bbe-425d-b0fe-577a6c0a4228",
    "a5241416-8401-4623-be61-57ef50447a41",
    "844404a2-9cd0-452e-b29a-74588777485a",
    "280ed37a-b8d2-4ac5-8567-04d84fad3a41"
  ],
  "responseCookies": {
    "JSESSIONID": {
      "name": "JSESSIONID",
      "value": "BAABFAAA22B25C2FEB980537CB811879",
      "domain": "nationaalgeoregister.nl",
      "path": "/geonetwork",
      "persistent": "false",
      "secure": "false"
    }
  }
}

15:21:32.848 [ForkJoinPool-1-worker-13] INFO  com.intuit.karate - [print] title:NB-wetgebieden buiten Natura 2000
15:21:32.848 [ForkJoinPool-1-worker-13] INFO  com.intuit.karate - [print] NB-wetgebieden buiten Natura 2000
15:21:32.848 [ForkJoinPool-1-worker-13] INFO  com.intuit.karate - [print] [
  "inspire@gbo-provincies.nl",
  "inspire@gbo-provincies.nl",
  "inspire@gbo-provincies.nl"
]

15:21:32.849 [ForkJoinPool-1-worker-13] INFO  com.intuit.karate - [print] organisation: [
  "Interprovinciaal Overleg",
  "Interprovinciaal Overleg",
  "Interprovinciaal Overleg"
]

15:21:32.852 [ForkJoinPool-1-worker-13] INFO  com.intuit.karate - [print] [
  "http://www.opengis.net/def/crs/EPSG/0/http://www.opengis.net/def/crs/EPSG/0/3034",
  "http://nationaalgeoregister.nl/geonetwork/srv/dut/csw?SERVICE=CSW&version=2.0.2&REQUEST=GetRecordById&elementSetName=full&OutputSchema=http://www.isotc211.org/2005/gmd&ID=f0821bfe-5a0a-11e9-8647-d663bd873d93",
  "https://creativecommons.org/publicdomain/mark/*/deed.nl",
  ""
]

15:21:32.860 [ForkJoinPool-1-worker-7] INFO  com.intuit.karate - [print] title:Overheidsdiensten
15:21:32.860 [ForkJoinPool-1-worker-7] INFO  com.intuit.karate - [print] Overheidsdiensten
15:21:32.860 [ForkJoinPool-1-worker-7] INFO  com.intuit.karate - [print] [
  "erik.simonse@kvk.nl",
  "erik.simonse@kvk.nl"
]

15:21:32.861 [ForkJoinPool-1-worker-7] INFO  com.intuit.karate - [print] organisation: [
  "Kamer van Koophandel",
  "Kamer van Koophandel"
]

15:21:32.868 [ForkJoinPool-1-worker-13] INFO  com.intuit.karate - [print]
15:21:32.878 [ForkJoinPool-1-worker-13] INFO  com.intuit.karate - [print] testing xlinkurl:http://www.opengis.net/def/crs/EPSG/0/http://www.opengis.net/def/crs/EPSG/0/3034
15:21:32.963 [ForkJoinPool-1-worker-3] INFO  com.intuit.karate - [print]
15:21:32.963 [ForkJoinPool-1-worker-3] INFO  com.intuit.karate - [print] testing xlinkurl:https://ngr.geocat.live/geonetwork/srv/eng/thesaurus.download?ref=external.theme.httpinspireeceuropaeumetadatacodelistPrioritydataset-Prioritydataset
15:21:33.123 [ForkJoinPool-1-worker-11] INFO  com.intuit.karate - [print]
15:21:33.123 [ForkJoinPool-1-worker-11] INFO  com.intuit.karate - [print] testing xlinkurl:https://creativecommons.org/publicdomain/mark/*/deed.nl
15:21:33.161 [ForkJoinPool-1-worker-11] ERROR com.intuit.karate - assertion failed: path: $, actual: 404, expected: 200, reason: not equal (Integer)
15:21:33.161 [ForkJoinPool-1-worker-11] ERROR com.intuit.karate - feature call (loop) failed at index: 2
caller: classpath:InspireTest/ngr/datasetrecords/def/checkxlinkurl.template.feature
arg: {"link":"https://creativecommons.org/publicdomain/mark/*/deed.nl"}
checkxlinkurl.template.feature:22 - path: $, actual: 404, expected: 200, reason: not equal (Integer)
15:21:33.163 [ForkJoinPool-1-worker-11] INFO  com.intuit.karate - [print]
15:21:33.163 [ForkJoinPool-1-worker-11] INFO  com.intuit.karate - [print] testing xlinkurl:
15:21:33.164 [ForkJoinPool-1-worker-11] ERROR com.intuit.karate - org.apache.http.client.ClientProtocolException, http call failed after 0 milliseconds for URL: 
15:21:33.164 [ForkJoinPool-1-worker-11] ERROR com.intuit.karate - http request failed: 
org.apache.http.client.ClientProtocolException
15:21:33.164 [ForkJoinPool-1-worker-11] ERROR com.intuit.karate - feature call (loop) failed at index: 3
caller: classpath:InspireTest/ngr/datasetrecords/def/checkxlinkurl.template.feature
arg: {"link":""}
checkxlinkurl.template.feature:14 - 
org.apache.http.client.ClientProtocolException
15:21:33.164 [ForkJoinPool-1-worker-9] INFO  com.intuit.karate - [print] title:Kaderrichtlijn Water - Stroomgebieddistricten Nederland EU2015
15:21:33.164 [ForkJoinPool-1-worker-9] INFO  com.intuit.karate - [print] Kaderrichtlijn Water - Stroomgebieddistricten Nederland EU2015
15:21:33.165 [ForkJoinPool-1-worker-9] INFO  com.intuit.karate - [print] [
  "servicedesk@ihw.nl",
  "servicedesk-data@rijkswaterstaat.nl",
  "",
  "servicedesk-data@rijkswaterstaat.nl",
  "servicedesk-data@rijkswaterstaat.nl"
]

15:21:33.172 [ForkJoinPool-1-worker-9] INFO  com.intuit.karate - [print] organisation: [
  "Informatiehuis Water",
  "Informatiehuis Water",
  "",
  "Rijkswaterstaat",
  "Rijkswaterstaat"
]

15:21:33.175 [ForkJoinPool-1-worker-13] INFO  com.intuit.karate - [print]
15:21:33.175 [ForkJoinPool-1-worker-13] INFO  com.intuit.karate - [print] testing xlinkurl:http://nationaalgeoregister.nl/geonetwork/srv/dut/csw?SERVICE=CSW&version=2.0.2&REQUEST=GetRecordById&elementSetName=full&OutputSchema=http://www.isotc211.org/2005/gmd&ID=f0821bfe-5a0a-11e9-8647-d663bd873d93
15:21:33.179 [ForkJoinPool-1-worker-9] INFO  com.intuit.karate - [print] [
  "https://www.nationaalgeoregister.nl/geonetwork/srv/dut/catalog.search#/metadata/10f9ec6-4464-462e-9765-83d90cefbeab",
  "http://rdfdata.eionet.europa.eu/inspirethemes/themes/24",
  "http://inspire.ec.europa.eu/metadata-codelist/PriorityDataset#",
  "https://ngr.geocat.live/geonetwork/srv/eng/thesaurus.download?ref=external.theme.httpinspireeceuropaeumetadatacodelistPrioritydataset-Prioritydataset",
  "urn:ogc:def:crs:EPSG::5709"
]

15:21:33.187 [ForkJoinPool-1-worker-9] INFO  com.intuit.karate - [print]
15:21:33.188 [ForkJoinPool-1-worker-9] INFO  com.intuit.karate - [print] testing xlinkurl:https://www.nationaalgeoregister.nl/geonetwork/srv/dut/catalog.search#/metadata/10f9ec6-4464-462e-9765-83d90cefbeab
15:21:33.193 [ForkJoinPool-1-worker-5] INFO  com.intuit.karate - [print]
15:21:33.193 [ForkJoinPool-1-worker-5] INFO  com.intuit.karate - [print] testing xlinkurl:https://creativecommons.org/publicdomain/mark/*/deed.nl
15:21:33.229 [ForkJoinPool-1-worker-5] ERROR com.intuit.karate - assertion failed: path: $, actual: 404, expected: 200, reason: not equal (Integer)
15:21:33.229 [ForkJoinPool-1-worker-5] ERROR com.intuit.karate - feature call (loop) failed at index: 2
caller: classpath:InspireTest/ngr/datasetrecords/def/checkxlinkurl.template.feature
arg: {"link":"https://creativecommons.org/publicdomain/mark/*/deed.nl"}
checkxlinkurl.template.feature:22 - path: $, actual: 404, expected: 200, reason: not equal (Integer)
15:21:33.230 [ForkJoinPool-1-worker-5] INFO  com.intuit.karate - [print]
15:21:33.230 [ForkJoinPool-1-worker-5] INFO  com.intuit.karate - [print] testing xlinkurl:
15:21:33.230 [ForkJoinPool-1-worker-5] ERROR com.intuit.karate - org.apache.http.client.ClientProtocolException, http call failed after 0 milliseconds for URL: 
15:21:33.230 [ForkJoinPool-1-worker-5] ERROR com.intuit.karate - http request failed: 
org.apache.http.client.ClientProtocolException
15:21:33.230 [ForkJoinPool-1-worker-5] ERROR com.intuit.karate - feature call (loop) failed at index: 3
caller: classpath:InspireTest/ngr/datasetrecords/def/checkxlinkurl.template.feature
arg: {"link":""}
checkxlinkurl.template.feature:14 - 
org.apache.http.client.ClientProtocolException
15:21:33.309 [ForkJoinPool-1-worker-3] ERROR com.intuit.karate - assertion failed: path: $, actual: 500, expected: 200, reason: not equal (Integer)
15:21:33.310 [ForkJoinPool-1-worker-3] ERROR com.intuit.karate - feature call (loop) failed at index: 4
caller: classpath:InspireTest/ngr/datasetrecords/def/checkxlinkurl.template.feature
arg: {"link":"https://ngr.geocat.live/geonetwork/srv/eng/thesaurus.download?ref=external.theme.httpinspireeceuropaeumetadatacodelistPrioritydataset-Prioritydataset"}
checkxlinkurl.template.feature:22 - path: $, actual: 500, expected: 200, reason: not equal (Integer)
15:21:33.311 [ForkJoinPool-1-worker-3] INFO  com.intuit.karate - [print]
15:21:33.311 [ForkJoinPool-1-worker-3] INFO  com.intuit.karate - [print] testing xlinkurl:urn:ogc:def:crs:EPSG::5709
15:21:33.312 [ForkJoinPool-1-worker-3] ERROR com.intuit.karate - org.apache.http.client.ClientProtocolException: URI does not specify a valid host name: urn:ogc:def:crs:EPSG::5709, http call failed after 0 milliseconds for URL: urn:ogc:def:crs:EPSG::5709
15:21:33.312 [ForkJoinPool-1-worker-3] ERROR com.intuit.karate - http request failed: 
org.apache.http.client.ClientProtocolException: URI does not specify a valid host name: urn:ogc:def:crs:EPSG::5709
15:21:33.312 [ForkJoinPool-1-worker-3] ERROR com.intuit.karate - feature call (loop) failed at index: 5
caller: classpath:InspireTest/ngr/datasetrecords/def/checkxlinkurl.template.feature
arg: {"link":"urn:ogc:def:crs:EPSG::5709"}
checkxlinkurl.template.feature:14 - 
org.apache.http.client.ClientProtocolException: URI does not specify a valid host name: urn:ogc:def:crs:EPSG::5709
15:21:33.512 [ForkJoinPool-1-worker-7] INFO  com.intuit.karate - [print] title:Kaderrichtlijn Water - Stroomgebieddistricten Nederland 2019 vlakken
15:21:33.512 [ForkJoinPool-1-worker-7] INFO  com.intuit.karate - [print] Kaderrichtlijn Water - Stroomgebieddistricten Nederland 2019 vlakken
15:21:33.513 [ForkJoinPool-1-worker-7] INFO  com.intuit.karate - [print] [
  "servicedesk-data@rijkswaterstaat.nl",
  "servicedesk-data@rijkswaterstaat.nl",
  "",
  "servicedesk-data@rijkswaterstaat.nl",
  "servicedesk-data@rijkswaterstaat.nl"
]

15:21:33.514 [ForkJoinPool-1-worker-7] INFO  com.intuit.karate - [print] organisation: [
  "Rijkswaterstaat",
  "Rijkswaterstaat",
  "",
  "Rijkswaterstaat",
  "Rijkswaterstaat"
]

15:21:33.517 [ForkJoinPool-1-worker-7] INFO  com.intuit.karate - [print] [
  "https://www.nationaalgeoregister.nl/geonetwork/srv/dut/catalog.search#/metadata/krw-f7bb2351-9788-42ea-a58b-a5ee1842304e",
  "http://rdfdata.eionet.europa.eu/inspirethemes/themes/24",
  "http://inspire.ec.europa.eu/metadata-codelist/PriorityDataset#",
  "https://ngr.geocat.live/geonetwork/srv/eng/thesaurus.download?ref=external.theme.httpinspireeceuropaeumetadatacodelistPrioritydataset-Prioritydataset",
  "urn:ogc:def:crs:EPSG::5709"
]

15:21:33.527 [ForkJoinPool-1-worker-7] INFO  com.intuit.karate - [print]
15:21:33.527 [ForkJoinPool-1-worker-7] INFO  com.intuit.karate - [print] testing xlinkurl:https://www.nationaalgeoregister.nl/geonetwork/srv/dut/catalog.search#/metadata/krw-f7bb2351-9788-42ea-a58b-a5ee1842304e
15:21:33.555 [ForkJoinPool-1-worker-9] INFO  com.intuit.karate - [print]
15:21:33.555 [ForkJoinPool-1-worker-9] INFO  com.intuit.karate - [print] testing xlinkurl:http://rdfdata.eionet.europa.eu/inspirethemes/themes/24
15:21:33.730 [ForkJoinPool-1-worker-13] INFO  com.intuit.karate - [print]
15:21:33.730 [ForkJoinPool-1-worker-13] INFO  com.intuit.karate - [print] testing xlinkurl:https://creativecommons.org/publicdomain/mark/*/deed.nl
15:21:33.758 [ForkJoinPool-1-worker-9] ERROR com.intuit.karate - assertion failed: path: $, actual: 404, expected: 200, reason: not equal (Integer)
15:21:33.758 [ForkJoinPool-1-worker-9] ERROR com.intuit.karate - feature call (loop) failed at index: 1
caller: classpath:InspireTest/ngr/datasetrecords/def/checkxlinkurl.template.feature
arg: {"link":"http://rdfdata.eionet.europa.eu/inspirethemes/themes/24"}
checkxlinkurl.template.feature:22 - path: $, actual: 404, expected: 200, reason: not equal (Integer)
15:21:33.759 [ForkJoinPool-1-worker-9] INFO  com.intuit.karate - [print]
15:21:33.759 [ForkJoinPool-1-worker-9] INFO  com.intuit.karate - [print] testing xlinkurl:http://inspire.ec.europa.eu/metadata-codelist/PriorityDataset#
15:21:33.774 [ForkJoinPool-1-worker-13] ERROR com.intuit.karate - assertion failed: path: $, actual: 404, expected: 200, reason: not equal (Integer)
15:21:33.779 [ForkJoinPool-1-worker-11] INFO  com.intuit.karate - [print] title:Territoriale Zee volgens UNCLOS - Noordzee
15:21:33.780 [ForkJoinPool-1-worker-11] INFO  com.intuit.karate - [print] Territoriale Zee volgens UNCLOS - Noordzee
15:21:33.781 [ForkJoinPool-1-worker-11] INFO  com.intuit.karate - [print] [
  "data@hydro.nl",
  "data@hydro.nl",
  "data@hydro.nl",
  "",
  ""
]

15:21:33.783 [ForkJoinPool-1-worker-11] INFO  com.intuit.karate - [print] organisation: [
  "Ministerie van Defensie, Koninklijke Marine, Dienst der Hydrografie",
  "Ministerie van Defensie, Koninklijke Marine, Dienst der Hydrografie",
  "Ministerie van Defensie, Koninklijke Marine, Dienst der Hydrografie"
]

15:21:33.787 [ForkJoinPool-1-worker-11] INFO  com.intuit.karate - [print] [
  "http://www.opengis.net/def/crs/EPSG/0/https://www.opengis.net/def/crs/EPSG/0/4258",
  "https://www.nationaalgeoregister.nl/geonetwork/srv/api/recordsbb11be63-bd38-4632-bf54-df44c423a529"
]

15:21:33.788 [ForkJoinPool-1-worker-13] ERROR com.intuit.karate - feature call (loop) failed at index: 2
caller: classpath:InspireTest/ngr/datasetrecords/def/checkxlinkurl.template.feature
arg: {"link":"https://creativecommons.org/publicdomain/mark/*/deed.nl"}
checkxlinkurl.template.feature:22 - path: $, actual: 404, expected: 200, reason: not equal (Integer)
15:21:33.790 [ForkJoinPool-1-worker-13] INFO  com.intuit.karate - [print]
15:21:33.791 [ForkJoinPool-1-worker-13] INFO  com.intuit.karate - [print] testing xlinkurl:
15:21:33.791 [ForkJoinPool-1-worker-13] ERROR com.intuit.karate - org.apache.http.client.ClientProtocolException, http call failed after 0 milliseconds for URL: 
15:21:33.792 [ForkJoinPool-1-worker-13] ERROR com.intuit.karate - http request failed: 
org.apache.http.client.ClientProtocolException
15:21:33.793 [ForkJoinPool-1-worker-13] ERROR com.intuit.karate - feature call (loop) failed at index: 3
caller: classpath:InspireTest/ngr/datasetrecords/def/checkxlinkurl.template.feature
arg: {"link":""}
checkxlinkurl.template.feature:14 - 
org.apache.http.client.ClientProtocolException
15:21:33.799 [ForkJoinPool-1-worker-11] INFO  com.intuit.karate - [print]
15:21:33.799 [ForkJoinPool-1-worker-11] INFO  com.intuit.karate - [print] testing xlinkurl:http://www.opengis.net/def/crs/EPSG/0/https://www.opengis.net/def/crs/EPSG/0/4258
15:21:33.854 [ForkJoinPool-1-worker-7] INFO  com.intuit.karate - [print]
15:21:33.854 [ForkJoinPool-1-worker-7] INFO  com.intuit.karate - [print] testing xlinkurl:http://rdfdata.eionet.europa.eu/inspirethemes/themes/24
15:21:33.914 [ForkJoinPool-1-worker-5] INFO  com.intuit.karate - [print] title:Aansluitende zone volgens UNCLOS - Noordzee
15:21:33.915 [ForkJoinPool-1-worker-5] INFO  com.intuit.karate - [print] Aansluitende zone volgens UNCLOS - Noordzee
15:21:33.915 [ForkJoinPool-1-worker-5] INFO  com.intuit.karate - [print] [
  "data@hydro.nl",
  "data@hydro.nl",
  "data@hydro.nl",
  "",
  ""
]

15:21:33.916 [ForkJoinPool-1-worker-5] INFO  com.intuit.karate - [print] organisation: [
  "Ministerie van Defensie, Koninklijke Marine, Dienst der Hydrografie",
  "Ministerie van Defensie, Koninklijke Marine, Dienst der Hydrografie",
  "Ministerie van Defensie, Koninklijke Marine, Dienst der Hydrografie"
]

15:21:33.920 [ForkJoinPool-1-worker-5] INFO  com.intuit.karate - [print] [
  "http://www.opengis.net/def/crs/EPSG/0/https://www.opengis.net/def/crs/EPSG/0/4258",
  "https://www.nationaalgeoregister.nl/geonetwork/srv/api/records4cda487b-c467-490c-a843-6563fec016be"
]

15:21:33.923 [ForkJoinPool-1-worker-5] INFO  com.intuit.karate - [print]
15:21:33.923 [ForkJoinPool-1-worker-5] INFO  com.intuit.karate - [print] testing xlinkurl:http://www.opengis.net/def/crs/EPSG/0/https://www.opengis.net/def/crs/EPSG/0/4258
15:21:34.027 [ForkJoinPool-1-worker-3] INFO  com.intuit.karate - [print] title:Richtlijn Stedelijk Afvalwater - rioolwaterzuiveringsinstallaties Nederland EU2015
15:21:34.027 [ForkJoinPool-1-worker-3] INFO  com.intuit.karate - [print] Richtlijn Stedelijk Afvalwater - rioolwaterzuiveringsinstallaties Nederland EU2015
15:21:34.028 [ForkJoinPool-1-worker-3] INFO  com.intuit.karate - [print] [
  "servicedesk-data@rijkswaterstaat.nl",
  "servicedesk-data@rijkswaterstaat.nl",
  "",
  "servicedesk-data@rijkswaterstaat.nl",
  "servicedesk-data@rijkswaterstaat.nl"
]

15:21:34.029 [ForkJoinPool-1-worker-3] INFO  com.intuit.karate - [print] organisation: [
  "Rijkswaterstaat",
  "Rijkswaterstaat",
  "",
  "Rijkswaterstaat",
  "Rijkswaterstaat"
]

15:21:34.036 [ForkJoinPool-1-worker-3] INFO  com.intuit.karate - [print] [
  "https://www.nationaalgeoregister.nl/geonetwork/srv/dut/catalog.search#/metadata/uwwtd-9d8e-4758-83fa-28b057f185e3",
  "http://rdfdata.eionet.europa.eu/inspirethemes/themes/24",
  "http://inspire.ec.europa.eu/metadata-codelist/PriorityDataset#",
  "https://ngr.geocat.live/geonetwork/srv/eng/thesaurus.download?ref=external.theme.httpinspireeceuropaeumetadatacodelistPrioritydataset-Prioritydataset",
  "urn:ogc:def:crs:EPSG::5709"
]

15:21:34.041 [ForkJoinPool-1-worker-3] INFO  com.intuit.karate - [print]
15:21:34.041 [ForkJoinPool-1-worker-3] INFO  com.intuit.karate - [print] testing xlinkurl:https://www.nationaalgeoregister.nl/geonetwork/srv/dut/catalog.search#/metadata/uwwtd-9d8e-4758-83fa-28b057f185e3
15:21:34.055 [ForkJoinPool-1-worker-7] ERROR com.intuit.karate - assertion failed: path: $, actual: 404, expected: 200, reason: not equal (Integer)
15:21:34.055 [ForkJoinPool-1-worker-7] ERROR com.intuit.karate - feature call (loop) failed at index: 1
caller: classpath:InspireTest/ngr/datasetrecords/def/checkxlinkurl.template.feature
arg: {"link":"http://rdfdata.eionet.europa.eu/inspirethemes/themes/24"}
checkxlinkurl.template.feature:22 - path: $, actual: 404, expected: 200, reason: not equal (Integer)
15:21:34.056 [ForkJoinPool-1-worker-7] INFO  com.intuit.karate - [print]
15:21:34.056 [ForkJoinPool-1-worker-7] INFO  com.intuit.karate - [print] testing xlinkurl:http://inspire.ec.europa.eu/metadata-codelist/PriorityDataset#
15:21:34.101 [ForkJoinPool-1-worker-11] INFO  com.intuit.karate - [print]
15:21:34.101 [ForkJoinPool-1-worker-11] INFO  com.intuit.karate - [print] testing xlinkurl:https://www.nationaalgeoregister.nl/geonetwork/srv/api/recordsbb11be63-bd38-4632-bf54-df44c423a529
15:21:34.220 [ForkJoinPool-1-worker-5] INFO  com.intuit.karate - [print]
15:21:34.220 [ForkJoinPool-1-worker-5] INFO  com.intuit.karate - [print] testing xlinkurl:https://www.nationaalgeoregister.nl/geonetwork/srv/api/records4cda487b-c467-490c-a843-6563fec016be
15:21:34.365 [ForkJoinPool-1-worker-3] INFO  com.intuit.karate - [print]
15:21:34.365 [ForkJoinPool-1-worker-3] INFO  com.intuit.karate - [print] testing xlinkurl:http://rdfdata.eionet.europa.eu/inspirethemes/themes/24
15:21:34.451 [ForkJoinPool-1-worker-13] INFO  com.intuit.karate - [print] title:Gebiedsbeheer, gebieden waar beperkingen gelden, gereguleerde gebieden en rapportage-eenheden - Provincies (INSPIRE geharmoniseerd)
15:21:34.451 [ForkJoinPool-1-worker-13] INFO  com.intuit.karate - [print] Gebiedsbeheer, gebieden waar beperkingen gelden, gereguleerde gebieden en rapportage-eenheden - Provincies (INSPIRE geharmoniseerd)
15:21:34.453 [ForkJoinPool-1-worker-13] INFO  com.intuit.karate - [print] [
  "inspire@gbo-provincies.nl",
  "inspire@gbo-provincies.nl",
  "inspire@gbo-provincies.nl"
]

15:21:34.453 [ForkJoinPool-1-worker-13] INFO  com.intuit.karate - [print] organisation: [
  "Interprovinciaal Overleg",
  "Interprovinciaal Overleg",
  "Interprovinciaal Overleg"
]

15:21:34.457 [ForkJoinPool-1-worker-13] INFO  com.intuit.karate - [print] [
  "http://www.opengis.net/def/crs/EPSG/0/http://www.opengis.net/def/crs/EPSG/0/3034",
  "http://nationaalgeoregister.nl/geonetwork/srv/dut/csw?SERVICE=CSW&version=2.0.2&REQUEST=GetRecordById&elementSetName=full&OutputSchema=http://www.isotc211.org/2005/gmd&ID=0f128799-cf18-4b37-a721-e62b068191f5",
  "https://creativecommons.org/publicdomain/mark/*/deed.nl",
  ""
]

15:21:34.460 [ForkJoinPool-1-worker-13] INFO  com.intuit.karate - [print]
15:21:34.460 [ForkJoinPool-1-worker-13] INFO  com.intuit.karate - [print] testing xlinkurl:http://www.opengis.net/def/crs/EPSG/0/http://www.opengis.net/def/crs/EPSG/0/3034
15:21:34.576 [ForkJoinPool-1-worker-3] ERROR com.intuit.karate - assertion failed: path: $, actual: 404, expected: 200, reason: not equal (Integer)
15:21:34.576 [ForkJoinPool-1-worker-3] ERROR com.intuit.karate - feature call (loop) failed at index: 1
caller: classpath:InspireTest/ngr/datasetrecords/def/checkxlinkurl.template.feature
arg: {"link":"http://rdfdata.eionet.europa.eu/inspirethemes/themes/24"}
checkxlinkurl.template.feature:22 - path: $, actual: 404, expected: 200, reason: not equal (Integer)
15:21:34.577 [ForkJoinPool-1-worker-3] INFO  com.intuit.karate - [print]
15:21:34.577 [ForkJoinPool-1-worker-3] INFO  com.intuit.karate - [print] testing xlinkurl:http://inspire.ec.europa.eu/metadata-codelist/PriorityDataset#
15:21:34.605 [ForkJoinPool-1-worker-11] ERROR com.intuit.karate - assertion failed: path: $, actual: 500, expected: 200, reason: not equal (Integer)
15:21:34.605 [ForkJoinPool-1-worker-11] ERROR com.intuit.karate - feature call (loop) failed at index: 1
caller: classpath:InspireTest/ngr/datasetrecords/def/checkxlinkurl.template.feature
arg: {"link":"https://www.nationaalgeoregister.nl/geonetwork/srv/api/recordsbb11be63-bd38-4632-bf54-df44c423a529"}
checkxlinkurl.template.feature:22 - path: $, actual: 500, expected: 200, reason: not equal (Integer)
15:21:34.638 [ForkJoinPool-1-worker-5] ERROR com.intuit.karate - assertion failed: path: $, actual: 500, expected: 200, reason: not equal (Integer)
15:21:34.638 [ForkJoinPool-1-worker-5] ERROR com.intuit.karate - feature call (loop) failed at index: 1
caller: classpath:InspireTest/ngr/datasetrecords/def/checkxlinkurl.template.feature
arg: {"link":"https://www.nationaalgeoregister.nl/geonetwork/srv/api/records4cda487b-c467-490c-a843-6563fec016be"}
checkxlinkurl.template.feature:22 - path: $, actual: 500, expected: 200, reason: not equal (Integer)
15:21:34.750 [ForkJoinPool-1-worker-7] INFO  com.intuit.karate - [print]
15:21:34.750 [ForkJoinPool-1-worker-7] INFO  com.intuit.karate - [print] testing xlinkurl:https://ngr.geocat.live/geonetwork/srv/eng/thesaurus.download?ref=external.theme.httpinspireeceuropaeumetadatacodelistPrioritydataset-Prioritydataset
15:21:34.757 [ForkJoinPool-1-worker-13] INFO  com.intuit.karate - [print]
15:21:34.757 [ForkJoinPool-1-worker-13] INFO  com.intuit.karate - [print] testing xlinkurl:http://nationaalgeoregister.nl/geonetwork/srv/dut/csw?SERVICE=CSW&version=2.0.2&REQUEST=GetRecordById&elementSetName=full&OutputSchema=http://www.isotc211.org/2005/gmd&ID=0f128799-cf18-4b37-a721-e62b068191f5
15:21:35.084 [ForkJoinPool-1-worker-7] ERROR com.intuit.karate - assertion failed: path: $, actual: 500, expected: 200, reason: not equal (Integer)
15:21:35.084 [ForkJoinPool-1-worker-7] ERROR com.intuit.karate - feature call (loop) failed at index: 3
caller: classpath:InspireTest/ngr/datasetrecords/def/checkxlinkurl.template.feature
arg: {"link":"https://ngr.geocat.live/geonetwork/srv/eng/thesaurus.download?ref=external.theme.httpinspireeceuropaeumetadatacodelistPrioritydataset-Prioritydataset"}
checkxlinkurl.template.feature:22 - path: $, actual: 500, expected: 200, reason: not equal (Integer)
15:21:35.085 [ForkJoinPool-1-worker-7] INFO  com.intuit.karate - [print]
15:21:35.085 [ForkJoinPool-1-worker-7] INFO  com.intuit.karate - [print] testing xlinkurl:urn:ogc:def:crs:EPSG::5709
15:21:35.085 [ForkJoinPool-1-worker-7] ERROR com.intuit.karate - org.apache.http.client.ClientProtocolException: URI does not specify a valid host name: urn:ogc:def:crs:EPSG::5709, http call failed after 0 milliseconds for URL: urn:ogc:def:crs:EPSG::5709
15:21:35.085 [ForkJoinPool-1-worker-7] ERROR com.intuit.karate - http request failed: 
org.apache.http.client.ClientProtocolException: URI does not specify a valid host name: urn:ogc:def:crs:EPSG::5709
15:21:35.085 [ForkJoinPool-1-worker-7] ERROR com.intuit.karate - feature call (loop) failed at index: 4
caller: classpath:InspireTest/ngr/datasetrecords/def/checkxlinkurl.template.feature
arg: {"link":"urn:ogc:def:crs:EPSG::5709"}
checkxlinkurl.template.feature:14 - 
org.apache.http.client.ClientProtocolException: URI does not specify a valid host name: urn:ogc:def:crs:EPSG::5709
15:21:35.328 [ForkJoinPool-1-worker-13] INFO  com.intuit.karate - [print]
15:21:35.329 [ForkJoinPool-1-worker-13] INFO  com.intuit.karate - [print] testing xlinkurl:https://creativecommons.org/publicdomain/mark/*/deed.nl
15:21:35.365 [ForkJoinPool-1-worker-11] INFO  com.intuit.karate - [print] title:Gebouwen
15:21:35.366 [ForkJoinPool-1-worker-11] INFO  com.intuit.karate - [print] Gebouwen
15:21:35.367 [ForkJoinPool-1-worker-11] INFO  com.intuit.karate - [print] [
  "PPB-GVA@kadaster.nl",
  "kcc@kadaster.nl",
  "kcc@kadaster.nl"
]

15:21:35.368 [ForkJoinPool-1-worker-11] INFO  com.intuit.karate - [print] organisation: [
  "Kadaster",
  "Kadaster",
  "Kadaster"
]

15:21:35.371 [ForkJoinPool-1-worker-13] ERROR com.intuit.karate - assertion failed: path: $, actual: 404, expected: 200, reason: not equal (Integer)
15:21:35.373 [ForkJoinPool-1-worker-13] ERROR com.intuit.karate - feature call (loop) failed at index: 2
caller: classpath:InspireTest/ngr/datasetrecords/def/checkxlinkurl.template.feature
arg: {"link":"https://creativecommons.org/publicdomain/mark/*/deed.nl"}
checkxlinkurl.template.feature:22 - path: $, actual: 404, expected: 200, reason: not equal (Integer)
15:21:35.374 [ForkJoinPool-1-worker-13] INFO  com.intuit.karate - [print]
15:21:35.375 [ForkJoinPool-1-worker-13] INFO  com.intuit.karate - [print] testing xlinkurl:
15:21:35.375 [ForkJoinPool-1-worker-13] ERROR com.intuit.karate - org.apache.http.client.ClientProtocolException, http call failed after 0 milliseconds for URL: 
15:21:35.376 [ForkJoinPool-1-worker-13] ERROR com.intuit.karate - http request failed: 
org.apache.http.client.ClientProtocolException
15:21:35.377 [ForkJoinPool-1-worker-13] ERROR com.intuit.karate - feature call (loop) failed at index: 3
caller: classpath:InspireTest/ngr/datasetrecords/def/checkxlinkurl.template.feature
arg: {"link":""}
checkxlinkurl.template.feature:14 - 
org.apache.http.client.ClientProtocolException
15:21:35.376 [ForkJoinPool-1-worker-11] INFO  com.intuit.karate - [print] [
  "http://kadaster/79a1c01b-21ad-43e8-a5c2-23e3eeb95be2",
  ""
]

15:21:35.382 [ForkJoinPool-1-worker-11] INFO  com.intuit.karate - [print]
15:21:35.383 [ForkJoinPool-1-worker-11] INFO  com.intuit.karate - [print] testing xlinkurl:http://kadaster/79a1c01b-21ad-43e8-a5c2-23e3eeb95be2
15:21:35.421 [ForkJoinPool-1-worker-11] ERROR com.intuit.karate - java.net.UnknownHostException: kadaster: Temporary failure in name resolution, http call failed after 38 milliseconds for URL: http://kadaster/79a1c01b-21ad-43e8-a5c2-23e3eeb95be2
15:21:35.421 [ForkJoinPool-1-worker-11] ERROR com.intuit.karate - http request failed: 
java.net.UnknownHostException: kadaster: Temporary failure in name resolution
15:21:35.421 [ForkJoinPool-1-worker-11] ERROR com.intuit.karate - feature call (loop) failed at index: 0
caller: classpath:InspireTest/ngr/datasetrecords/def/checkxlinkurl.template.feature
arg: {"link":"http://kadaster/79a1c01b-21ad-43e8-a5c2-23e3eeb95be2"}
checkxlinkurl.template.feature:14 - 
java.net.UnknownHostException: kadaster: Temporary failure in name resolution
15:21:35.422 [ForkJoinPool-1-worker-11] INFO  com.intuit.karate - [print]
15:21:35.424 [ForkJoinPool-1-worker-11] INFO  com.intuit.karate - [print] testing xlinkurl:
15:21:35.424 [ForkJoinPool-1-worker-11] ERROR com.intuit.karate - org.apache.http.client.ClientProtocolException, http call failed after 0 milliseconds for URL: 
15:21:35.424 [ForkJoinPool-1-worker-11] ERROR com.intuit.karate - http request failed: 
org.apache.http.client.ClientProtocolException
15:21:35.424 [ForkJoinPool-1-worker-11] ERROR com.intuit.karate - feature call (loop) failed at index: 1
caller: classpath:InspireTest/ngr/datasetrecords/def/checkxlinkurl.template.feature
arg: {"link":""}
checkxlinkurl.template.feature:14 - 
org.apache.http.client.ClientProtocolException
15:21:35.424 [ForkJoinPool-1-worker-5] INFO  com.intuit.karate - [print] title:Zwemwaterkwaliteit (provinciaal en Rijkswateren) uit {Zwemwaterregister}
15:21:35.425 [ForkJoinPool-1-worker-5] INFO  com.intuit.karate - [print] Zwemwaterkwaliteit (provinciaal en Rijkswateren) uit {Zwemwaterregister}
15:21:35.425 [ForkJoinPool-1-worker-5] INFO  com.intuit.karate - [print] [
  "inspire@gbo-provincies.nl",
  "inspire@gbo-provincies.nl",
  "inspire@gbo-provincies.nl"
]

15:21:35.426 [ForkJoinPool-1-worker-5] INFO  com.intuit.karate - [print] organisation: [
  "Interprovinciaal Overleg",
  "Interprovinciaal Overleg",
  "Interprovinciaal Overleg"
]

15:21:35.431 [ForkJoinPool-1-worker-5] INFO  com.intuit.karate - [print] [
  "http://nationaalgeoregister.nl/geonetwork/srv/dut/csw?SERVICE=CSW&version=2.0.2&REQUEST=GetRecordById&elementSetName=full&OutputSchema=http://www.isotc211.org/2005/gmd&ID=df5ee213-e1bd-433b-80f7-4ea20f493ca8",
  "https://creativecommons.org/publicdomain/mark/*/deed.nl",
  ""
]

15:21:35.434 [ForkJoinPool-1-worker-5] INFO  com.intuit.karate - [print]
15:21:35.435 [ForkJoinPool-1-worker-5] INFO  com.intuit.karate - [print] testing xlinkurl:http://nationaalgeoregister.nl/geonetwork/srv/dut/csw?SERVICE=CSW&version=2.0.2&REQUEST=GetRecordById&elementSetName=full&OutputSchema=http://www.isotc211.org/2005/gmd&ID=df5ee213-e1bd-433b-80f7-4ea20f493ca8
15:21:35.761 [ForkJoinPool-1-worker-7] INFO  com.intuit.karate - [print] title:Wijk- en Buurtkaart 2016 versie 3
15:21:35.762 [ForkJoinPool-1-worker-7] INFO  com.intuit.karate - [print] Wijk- en Buurtkaart 2016 versie 3
15:21:35.764 [ForkJoinPool-1-worker-7] INFO  com.intuit.karate - [print] [
  "infoservice@cbs.nl",
  "infoservice@cbs.nl",
  "infoservice@cbs.nl",
  "",
  ""
]

15:21:35.766 [ForkJoinPool-1-worker-7] INFO  com.intuit.karate - [print] organisation: [
  "Centraal Bureau voor de Statistiek",
  "Centraal Bureau voor de Statistiek",
  "Centraal Bureau voor de Statistiek",
  "Kadaster"
]

15:21:35.769 [ForkJoinPool-1-worker-7] INFO  com.intuit.karate - [print] [
  ""
]

15:21:35.772 [ForkJoinPool-1-worker-7] INFO  com.intuit.karate - [print]
15:21:35.773 [ForkJoinPool-1-worker-7] INFO  com.intuit.karate - [print] testing xlinkurl:
15:21:35.774 [ForkJoinPool-1-worker-7] ERROR com.intuit.karate - org.apache.http.client.ClientProtocolException, http call failed after 0 milliseconds for URL: 
15:21:35.774 [ForkJoinPool-1-worker-7] ERROR com.intuit.karate - http request failed: 
org.apache.http.client.ClientProtocolException
15:21:35.775 [ForkJoinPool-1-worker-7] ERROR com.intuit.karate - feature call (loop) failed at index: 0
caller: classpath:InspireTest/ngr/datasetrecords/def/checkxlinkurl.template.feature
arg: {"link":""}
checkxlinkurl.template.feature:14 - 
org.apache.http.client.ClientProtocolException
15:21:35.919 [ForkJoinPool-1-worker-5] INFO  com.intuit.karate - [print]
15:21:35.919 [ForkJoinPool-1-worker-5] INFO  com.intuit.karate - [print] testing xlinkurl:https://creativecommons.org/publicdomain/mark/*/deed.nl
15:21:35.957 [ForkJoinPool-1-worker-5] ERROR com.intuit.karate - assertion failed: path: $, actual: 404, expected: 200, reason: not equal (Integer)
15:21:35.957 [ForkJoinPool-1-worker-5] ERROR com.intuit.karate - feature call (loop) failed at index: 1
caller: classpath:InspireTest/ngr/datasetrecords/def/checkxlinkurl.template.feature
arg: {"link":"https://creativecommons.org/publicdomain/mark/*/deed.nl"}
checkxlinkurl.template.feature:22 - path: $, actual: 404, expected: 200, reason: not equal (Integer)
15:21:35.958 [ForkJoinPool-1-worker-5] INFO  com.intuit.karate - [print]
15:21:35.958 [ForkJoinPool-1-worker-5] INFO  com.intuit.karate - [print] testing xlinkurl:
15:21:35.959 [ForkJoinPool-1-worker-5] ERROR com.intuit.karate - org.apache.http.client.ClientProtocolException, http call failed after 0 milliseconds for URL: 
15:21:35.959 [ForkJoinPool-1-worker-5] ERROR com.intuit.karate - http request failed: 
org.apache.http.client.ClientProtocolException
15:21:35.960 [ForkJoinPool-1-worker-5] ERROR com.intuit.karate - feature call (loop) failed at index: 2
caller: classpath:InspireTest/ngr/datasetrecords/def/checkxlinkurl.template.feature
arg: {"link":""}
checkxlinkurl.template.feature:14 - 
org.apache.http.client.ClientProtocolException
15:21:35.966 [ForkJoinPool-1-worker-13] INFO  com.intuit.karate - [print] title:Habitatrichtlijn verspreiding van soorten
15:21:35.966 [ForkJoinPool-1-worker-13] INFO  com.intuit.karate - [print] Habitatrichtlijn verspreiding van soorten
15:21:35.968 [ForkJoinPool-1-worker-13] INFO  com.intuit.karate - [print] [
  "geodatabeheer.giscc@rvo.nl",
  "GeoDesk.CGI@wur.nl",
  "geodatabeheer.giscc@rvo.nl",
  "beheerPDOK@kadaster.nl",
  "",
  "",
  ""
]

15:21:35.969 [ForkJoinPool-1-worker-13] INFO  com.intuit.karate - [print] organisation: [
  "Wageningen Environmental Research (Alterra)",
  "PDOK",
  "CBS",
  "Natuurloket",
  "PGO's"
]

15:21:35.973 [ForkJoinPool-1-worker-13] INFO  com.intuit.karate - [print] [
  "https://www.nationaalgeoregister.nl/geonetwork/srv/dut/catalog.search#/metadata/28c4780a-1a44-4376-b283-14a50a481729"
]

15:21:35.977 [ForkJoinPool-1-worker-13] INFO  com.intuit.karate - [print]
15:21:35.978 [ForkJoinPool-1-worker-13] INFO  com.intuit.karate - [print] testing xlinkurl:https://www.nationaalgeoregister.nl/geonetwork/srv/dut/catalog.search#/metadata/28c4780a-1a44-4376-b283-14a50a481729
15:21:36.036 [ForkJoinPool-1-worker-11] INFO  com.intuit.karate - [print] title:Wijk- en Buurtkaart 2018 versie 2
15:21:36.037 [ForkJoinPool-1-worker-11] INFO  com.intuit.karate - [print] Wijk- en Buurtkaart 2018 versie 2
15:21:36.038 [ForkJoinPool-1-worker-11] INFO  com.intuit.karate - [print] [
  "infoservice@cbs.nl",
  "infoservice@cbs.nl",
  "infoservice@cbs.nl",
  "",
  ""
]

15:21:36.039 [ForkJoinPool-1-worker-11] INFO  com.intuit.karate - [print] organisation: [
  "Centraal Bureau voor de Statistiek",
  "Centraal Bureau voor de Statistiek",
  "Centraal Bureau voor de Statistiek",
  "Kadaster"
]

15:21:36.043 [ForkJoinPool-1-worker-11] INFO  com.intuit.karate - [print] [
  ""
]

15:21:36.046 [ForkJoinPool-1-worker-11] INFO  com.intuit.karate - [print]
15:21:36.046 [ForkJoinPool-1-worker-11] INFO  com.intuit.karate - [print] testing xlinkurl:
15:21:36.047 [ForkJoinPool-1-worker-11] ERROR com.intuit.karate - org.apache.http.client.ClientProtocolException, http call failed after 0 milliseconds for URL: 
15:21:36.047 [ForkJoinPool-1-worker-11] ERROR com.intuit.karate - http request failed: 
org.apache.http.client.ClientProtocolException
15:21:36.047 [ForkJoinPool-1-worker-11] ERROR com.intuit.karate - feature call (loop) failed at index: 0
caller: classpath:InspireTest/ngr/datasetrecords/def/checkxlinkurl.template.feature
arg: {"link":""}
checkxlinkurl.template.feature:14 - 
org.apache.http.client.ClientProtocolException
15:21:36.313 [ForkJoinPool-1-worker-7] INFO  com.intuit.karate - [print] title:Bestand Bodemgebruik 2015
15:21:36.314 [ForkJoinPool-1-worker-7] INFO  com.intuit.karate - [print] Bestand Bodemgebruik 2015
15:21:36.315 [ForkJoinPool-1-worker-7] INFO  com.intuit.karate - [print] [
  "infoservice@cbs.nl",
  "infoservice@cbs.nl",
  "",
  "",
  ""
]

15:21:36.317 [ForkJoinPool-1-worker-7] INFO  com.intuit.karate - [print] organisation: [
  "Centraal Bureau voor de Statistiek",
  "Centraal Bureau voor de Statistiek",
  "PDOK"
]

15:21:36.320 [ForkJoinPool-1-worker-7] INFO  com.intuit.karate - [print] [
  "http://geodata.nationaalgeoregister.nl/bestandbodemgebruik2015/extract/bestandbodemgebruik2015.zip"
]

15:21:36.328 [ForkJoinPool-1-worker-7] INFO  com.intuit.karate - [print]
15:21:36.330 [ForkJoinPool-1-worker-7] INFO  com.intuit.karate - [print] testing xlinkurl:http://geodata.nationaalgeoregister.nl/bestandbodemgebruik2015/extract/bestandbodemgebruik2015.zip
15:21:36.532 [ForkJoinPool-1-worker-5] INFO  com.intuit.karate - [print] title:Menselijke gezondheid en veiligheid - geluidbelasting rijkswegen 2016 (INSPIRE geharmoniseerd)
15:21:36.533 [ForkJoinPool-1-worker-5] INFO  com.intuit.karate - [print] Menselijke gezondheid en veiligheid - geluidbelasting rijkswegen 2016 (INSPIRE geharmoniseerd)
15:21:36.534 [ForkJoinPool-1-worker-5] INFO  com.intuit.karate - [print] [
  "servicedesk-data@rijkswaterstaat.nl",
  "servicedesk-data@rijkswaterstaat.nl",
  "",
  "servicedesk-data@rijkswaterstaat.nl",
  "info@wetransform.to"
]

15:21:36.535 [ForkJoinPool-1-worker-5] INFO  com.intuit.karate - [print] organisation: [
  "Rijkswaterstaat",
  "Rijkswaterstaat",
  "",
  "Rijkswaterstaat",
  "Wetransform"
]

15:21:36.540 [ForkJoinPool-1-worker-5] INFO  com.intuit.karate - [print] [
  "https://www.nationaalgeoregister.nl/geonetwork/srv/dut/catalog.search#/metadata/wt-83730-e750-485a-9c0c-39bf9be72cf8",
  "http://rdfdata.eionet.europa.eu/inspirethemes/themes/18",
  "http://inspire.ec.europa.eu/metadata-codelist/PriorityDataset#",
  "https://ngr.geocat.live/geonetwork/srv/eng/thesaurus.download?ref=external.theme.httpinspireeceuropaeumetadatacodelistPrioritydataset-Prioritydataset"
]

15:21:36.546 [ForkJoinPool-1-worker-5] INFO  com.intuit.karate - [print]
15:21:36.546 [ForkJoinPool-1-worker-5] INFO  com.intuit.karate - [print] testing xlinkurl:https://www.nationaalgeoregister.nl/geonetwork/srv/dut/catalog.search#/metadata/wt-83730-e750-485a-9c0c-39bf9be72cf8
15:21:36.570 [ForkJoinPool-1-worker-11] INFO  com.intuit.karate - [print] title:Zwemwater (provinciaal en Rijkswateren) uit {Zwemwaterregister}
15:21:36.571 [ForkJoinPool-1-worker-11] INFO  com.intuit.karate - [print] Zwemwater (provinciaal en Rijkswateren) uit {Zwemwaterregister}
15:21:36.573 [ForkJoinPool-1-worker-11] INFO  com.intuit.karate - [print] [
  "inspire@gbo-provincies.nl",
  "inspire@gbo-provincies.nl",
  "inspire@gbo-provincies.nl"
]

15:21:36.574 [ForkJoinPool-1-worker-11] INFO  com.intuit.karate - [print] organisation: [
  "Interprovinciaal Overleg",
  "Interprovinciaal Overleg",
  "Interprovinciaal Overleg"
]

15:21:36.578 [ForkJoinPool-1-worker-11] INFO  com.intuit.karate - [print] [
  "http://www.opengis.net/def/crs/EPSG/0/http://www.opengis.net/def/crs/EPSG/0/3034",
  "http://nationaalgeoregister.nl/geonetwork/srv/dut/csw?SERVICE=CSW&version=2.0.2&REQUEST=GetRecordById&elementSetName=full&OutputSchema=http://www.isotc211.org/2005/gmd&ID=c829abeb-bfac-4224-8332-e7a9a89e692e",
  "https://creativecommons.org/publicdomain/mark/*/deed.nl",
  ""
]

15:21:36.582 [ForkJoinPool-1-worker-11] INFO  com.intuit.karate - [print]
15:21:36.582 [ForkJoinPool-1-worker-11] INFO  com.intuit.karate - [print] testing xlinkurl:http://www.opengis.net/def/crs/EPSG/0/http://www.opengis.net/def/crs/EPSG/0/3034
15:21:36.830 [ForkJoinPool-1-worker-13] INFO  com.intuit.karate - [print] title:Geluidszones rondom vliegvelden
15:21:36.831 [ForkJoinPool-1-worker-13] INFO  com.intuit.karate - [print] Geluidszones rondom vliegvelden
15:21:36.832 [ForkJoinPool-1-worker-13] INFO  com.intuit.karate - [print] [
  "inspire@gbo-provincies.nl",
  "inspire@gbo-provincies.nl",
  "inspire@gbo-provincies.nl"
]

15:21:36.834 [ForkJoinPool-1-worker-13] INFO  com.intuit.karate - [print] organisation: [
  "Interprovinciaal Overleg",
  "Interprovinciaal Overleg",
  "Interprovinciaal Overleg"
]

15:21:36.838 [ForkJoinPool-1-worker-13] INFO  com.intuit.karate - [print] [
  "http://www.opengis.net/def/crs/EPSG/0/http://www.opengis.net/def/crs/EPSG/0/3034",
  "http://nationaalgeoregister.nl/geonetwork/srv/dut/csw?SERVICE=CSW&version=2.0.2&REQUEST=GetRecordById&elementSetName=full&OutputSchema=http://www.isotc211.org/2005/gmd&ID=41023936-009d-48ec-a90d-c966895463c1",
  "https://creativecommons.org/publicdomain/mark/*/deed.nl",
  ""
]

15:21:36.842 [ForkJoinPool-1-worker-13] INFO  com.intuit.karate - [print]
15:21:36.843 [ForkJoinPool-1-worker-13] INFO  com.intuit.karate - [print] testing xlinkurl:http://www.opengis.net/def/crs/EPSG/0/http://www.opengis.net/def/crs/EPSG/0/3034
15:21:36.861 [ForkJoinPool-1-worker-5] INFO  com.intuit.karate - [print]
15:21:36.861 [ForkJoinPool-1-worker-5] INFO  com.intuit.karate - [print] testing xlinkurl:http://rdfdata.eionet.europa.eu/inspirethemes/themes/18
15:21:36.879 [ForkJoinPool-1-worker-11] INFO  com.intuit.karate - [print]
15:21:36.879 [ForkJoinPool-1-worker-11] INFO  com.intuit.karate - [print] testing xlinkurl:http://nationaalgeoregister.nl/geonetwork/srv/dut/csw?SERVICE=CSW&version=2.0.2&REQUEST=GetRecordById&elementSetName=full&OutputSchema=http://www.isotc211.org/2005/gmd&ID=c829abeb-bfac-4224-8332-e7a9a89e692e
15:21:37.061 [ForkJoinPool-1-worker-5] ERROR com.intuit.karate - assertion failed: path: $, actual: 404, expected: 200, reason: not equal (Integer)
15:21:37.061 [ForkJoinPool-1-worker-5] ERROR com.intuit.karate - feature call (loop) failed at index: 1
caller: classpath:InspireTest/ngr/datasetrecords/def/checkxlinkurl.template.feature
arg: {"link":"http://rdfdata.eionet.europa.eu/inspirethemes/themes/18"}
checkxlinkurl.template.feature:22 - path: $, actual: 404, expected: 200, reason: not equal (Integer)
15:21:37.062 [ForkJoinPool-1-worker-5] INFO  com.intuit.karate - [print]
15:21:37.063 [ForkJoinPool-1-worker-5] INFO  com.intuit.karate - [print] testing xlinkurl:http://inspire.ec.europa.eu/metadata-codelist/PriorityDataset#
15:21:37.141 [ForkJoinPool-1-worker-13] INFO  com.intuit.karate - [print]
15:21:37.141 [ForkJoinPool-1-worker-13] INFO  com.intuit.karate - [print] testing xlinkurl:http://nationaalgeoregister.nl/geonetwork/srv/dut/csw?SERVICE=CSW&version=2.0.2&REQUEST=GetRecordById&elementSetName=full&OutputSchema=http://www.isotc211.org/2005/gmd&ID=41023936-009d-48ec-a90d-c966895463c1
15:21:37.150 [ForkJoinPool-1-worker-11] INFO  com.intuit.karate - [print]
15:21:37.150 [ForkJoinPool-1-worker-11] INFO  com.intuit.karate - [print] testing xlinkurl:https://creativecommons.org/publicdomain/mark/*/deed.nl
15:21:37.195 [ForkJoinPool-1-worker-11] ERROR com.intuit.karate - assertion failed: path: $, actual: 404, expected: 200, reason: not equal (Integer)
15:21:37.196 [ForkJoinPool-1-worker-11] ERROR com.intuit.karate - feature call (loop) failed at index: 2
caller: classpath:InspireTest/ngr/datasetrecords/def/checkxlinkurl.template.feature
arg: {"link":"https://creativecommons.org/publicdomain/mark/*/deed.nl"}
checkxlinkurl.template.feature:22 - path: $, actual: 404, expected: 200, reason: not equal (Integer)
15:21:37.197 [ForkJoinPool-1-worker-11] INFO  com.intuit.karate - [print]
15:21:37.197 [ForkJoinPool-1-worker-11] INFO  com.intuit.karate - [print] testing xlinkurl:
15:21:37.198 [ForkJoinPool-1-worker-11] ERROR com.intuit.karate - org.apache.http.client.ClientProtocolException, http call failed after 0 milliseconds for URL: 
15:21:37.198 [ForkJoinPool-1-worker-11] ERROR com.intuit.karate - http request failed: 
org.apache.http.client.ClientProtocolException
15:21:37.199 [ForkJoinPool-1-worker-11] ERROR com.intuit.karate - feature call (loop) failed at index: 3
caller: classpath:InspireTest/ngr/datasetrecords/def/checkxlinkurl.template.feature
arg: {"link":""}
checkxlinkurl.template.feature:14 - 
org.apache.http.client.ClientProtocolException
15:21:37.614 [ForkJoinPool-1-worker-13] INFO  com.intuit.karate - [print]
15:21:37.614 [ForkJoinPool-1-worker-13] INFO  com.intuit.karate - [print] testing xlinkurl:https://creativecommons.org/publicdomain/mark/*/deed.nl
15:21:37.670 [ForkJoinPool-1-worker-13] ERROR com.intuit.karate - assertion failed: path: $, actual: 404, expected: 200, reason: not equal (Integer)
15:21:37.670 [ForkJoinPool-1-worker-13] ERROR com.intuit.karate - feature call (loop) failed at index: 2
caller: classpath:InspireTest/ngr/datasetrecords/def/checkxlinkurl.template.feature
arg: {"link":"https://creativecommons.org/publicdomain/mark/*/deed.nl"}
checkxlinkurl.template.feature:22 - path: $, actual: 404, expected: 200, reason: not equal (Integer)
15:21:37.673 [ForkJoinPool-1-worker-13] INFO  com.intuit.karate - [print]
15:21:37.674 [ForkJoinPool-1-worker-13] INFO  com.intuit.karate - [print] testing xlinkurl:
15:21:37.674 [ForkJoinPool-1-worker-13] ERROR com.intuit.karate - org.apache.http.client.ClientProtocolException, http call failed after 0 milliseconds for URL: 
15:21:37.674 [ForkJoinPool-1-worker-13] ERROR com.intuit.karate - http request failed: 
org.apache.http.client.ClientProtocolException
15:21:37.674 [ForkJoinPool-1-worker-13] ERROR com.intuit.karate - feature call (loop) failed at index: 3
caller: classpath:InspireTest/ngr/datasetrecords/def/checkxlinkurl.template.feature
arg: {"link":""}
checkxlinkurl.template.feature:14 - 
org.apache.http.client.ClientProtocolException
15:21:37.680 [ForkJoinPool-1-worker-3] INFO  com.intuit.karate - [print]
15:21:37.680 [ForkJoinPool-1-worker-3] INFO  com.intuit.karate - [print] testing xlinkurl:https://ngr.geocat.live/geonetwork/srv/eng/thesaurus.download?ref=external.theme.httpinspireeceuropaeumetadatacodelistPrioritydataset-Prioritydataset
15:21:37.800 [ForkJoinPool-1-worker-11] INFO  com.intuit.karate - [print] title:Menselijke gezondheid en veiligheid - geluidbelasting rijkswegen 2011 (INSPIRE geharmoniseerd)
15:21:37.801 [ForkJoinPool-1-worker-11] INFO  com.intuit.karate - [print] Menselijke gezondheid en veiligheid - geluidbelasting rijkswegen 2011 (INSPIRE geharmoniseerd)
15:21:37.802 [ForkJoinPool-1-worker-11] INFO  com.intuit.karate - [print] [
  "servicedesk-data@rijkswaterstaat.nl",
  "servicedesk-data@rijkswaterstaat.nl",
  "",
  "servicedesk-data@rijkswaterstaat.nl",
  "info@wetransform.to"
]

15:21:37.804 [ForkJoinPool-1-worker-11] INFO  com.intuit.karate - [print] organisation: [
  "Rijkswaterstaat",
  "Rijkswaterstaat",
  "",
  "Rijkswaterstaat",
  "Wetransform"
]

15:21:37.807 [ForkJoinPool-1-worker-11] INFO  com.intuit.karate - [print] [
  "https://www.nationaalgeoregister.nl/geonetwork/srv/dut/catalog.search#/metadata/wt-f5eb-b09f-4f6d-8397-8878a1b86238",
  "http://rdfdata.eionet.europa.eu/inspirethemes/themes/18",
  "http://inspire.ec.europa.eu/metadata-codelist/PriorityDataset#",
  "https://ngr.geocat.live/geonetwork/srv/eng/thesaurus.download?ref=external.theme.httpinspireeceuropaeumetadatacodelistPrioritydataset-Prioritydataset"
]

15:21:37.811 [ForkJoinPool-1-worker-11] INFO  com.intuit.karate - [print]
15:21:37.811 [ForkJoinPool-1-worker-11] INFO  com.intuit.karate - [print] testing xlinkurl:https://www.nationaalgeoregister.nl/geonetwork/srv/dut/catalog.search#/metadata/wt-f5eb-b09f-4f6d-8397-8878a1b86238
15:21:38.038 [ForkJoinPool-1-worker-3] ERROR com.intuit.karate - assertion failed: path: $, actual: 500, expected: 200, reason: not equal (Integer)
15:21:38.038 [ForkJoinPool-1-worker-3] ERROR com.intuit.karate - feature call (loop) failed at index: 3
caller: classpath:InspireTest/ngr/datasetrecords/def/checkxlinkurl.template.feature
arg: {"link":"https://ngr.geocat.live/geonetwork/srv/eng/thesaurus.download?ref=external.theme.httpinspireeceuropaeumetadatacodelistPrioritydataset-Prioritydataset"}
checkxlinkurl.template.feature:22 - path: $, actual: 500, expected: 200, reason: not equal (Integer)
15:21:38.039 [ForkJoinPool-1-worker-3] INFO  com.intuit.karate - [print]
15:21:38.039 [ForkJoinPool-1-worker-3] INFO  com.intuit.karate - [print] testing xlinkurl:urn:ogc:def:crs:EPSG::5709
15:21:38.039 [ForkJoinPool-1-worker-3] ERROR com.intuit.karate - org.apache.http.client.ClientProtocolException: URI does not specify a valid host name: urn:ogc:def:crs:EPSG::5709, http call failed after 0 milliseconds for URL: urn:ogc:def:crs:EPSG::5709
15:21:38.040 [ForkJoinPool-1-worker-3] ERROR com.intuit.karate - http request failed: 
org.apache.http.client.ClientProtocolException: URI does not specify a valid host name: urn:ogc:def:crs:EPSG::5709
15:21:38.040 [ForkJoinPool-1-worker-3] ERROR com.intuit.karate - feature call (loop) failed at index: 4
caller: classpath:InspireTest/ngr/datasetrecords/def/checkxlinkurl.template.feature
arg: {"link":"urn:ogc:def:crs:EPSG::5709"}
checkxlinkurl.template.feature:14 - 
org.apache.http.client.ClientProtocolException: URI does not specify a valid host name: urn:ogc:def:crs:EPSG::5709
15:21:38.142 [ForkJoinPool-1-worker-11] INFO  com.intuit.karate - [print]
15:21:38.142 [ForkJoinPool-1-worker-11] INFO  com.intuit.karate - [print] testing xlinkurl:http://rdfdata.eionet.europa.eu/inspirethemes/themes/18
15:21:38.287 [ForkJoinPool-1-worker-13] INFO  com.intuit.karate - [print] title:Menselijke gezondheid en veiligheid -  geluidbelasting rijkswegen 2006 (INSPIRE geharmoniseerd)
15:21:38.288 [ForkJoinPool-1-worker-13] INFO  com.intuit.karate - [print] Menselijke gezondheid en veiligheid -  geluidbelasting rijkswegen 2006 (INSPIRE geharmoniseerd)
15:21:38.288 [ForkJoinPool-1-worker-13] INFO  com.intuit.karate - [print] [
  "servicedesk-data@rijkswaterstaat.nl",
  "servicedesk-data@rijkswaterstaat.nl",
  "",
  "servicedesk-data@rijkswaterstaat.nl",
  "info@wetransform.to"
]

15:21:38.295 [ForkJoinPool-1-worker-13] INFO  com.intuit.karate - [print] organisation: [
  "Rijkswaterstaat",
  "Rijkswaterstaat",
  "",
  "Rijkswaterstaat",
  "Wetransform"
]

15:21:38.301 [ForkJoinPool-1-worker-13] INFO  com.intuit.karate - [print] [
  "https://www.nationaalgeoregister.nl/geonetwork/srv/dut/catalog.search#/metadata/wt-3730-e750-485a-9c0c-39bf9be72cf9",
  "http://rdfdata.eionet.europa.eu/inspirethemes/themes/18",
  "http://inspire.ec.europa.eu/metadata-codelist/PriorityDataset#",
  "https://ngr.geocat.live/geonetwork/srv/eng/thesaurus.download?ref=external.theme.httpinspireeceuropaeumetadatacodelistPrioritydataset-Prioritydataset"
]

15:21:38.306 [ForkJoinPool-1-worker-13] INFO  com.intuit.karate - [print]
15:21:38.306 [ForkJoinPool-1-worker-13] INFO  com.intuit.karate - [print] testing xlinkurl:https://www.nationaalgeoregister.nl/geonetwork/srv/dut/catalog.search#/metadata/wt-3730-e750-485a-9c0c-39bf9be72cf9
15:21:38.347 [ForkJoinPool-1-worker-11] ERROR com.intuit.karate - assertion failed: path: $, actual: 404, expected: 200, reason: not equal (Integer)
15:21:38.348 [ForkJoinPool-1-worker-11] ERROR com.intuit.karate - feature call (loop) failed at index: 1
caller: classpath:InspireTest/ngr/datasetrecords/def/checkxlinkurl.template.feature
arg: {"link":"http://rdfdata.eionet.europa.eu/inspirethemes/themes/18"}
checkxlinkurl.template.feature:22 - path: $, actual: 404, expected: 200, reason: not equal (Integer)
15:21:38.348 [ForkJoinPool-1-worker-11] INFO  com.intuit.karate - [print]
15:21:38.348 [ForkJoinPool-1-worker-11] INFO  com.intuit.karate - [print] testing xlinkurl:http://inspire.ec.europa.eu/metadata-codelist/PriorityDataset#
15:21:38.595 [ForkJoinPool-1-worker-3] INFO  com.intuit.karate - [print] title:Natuurnetwerk Nederland
15:21:38.602 [ForkJoinPool-1-worker-3] INFO  com.intuit.karate - [print] Natuurnetwerk Nederland
15:21:38.603 [ForkJoinPool-1-worker-3] INFO  com.intuit.karate - [print] [
  "inspire@gbo-provincies.nl",
  "inspire@gbo-provincies.nl",
  "inspire@gbo-provincies.nl"
]

15:21:38.605 [ForkJoinPool-1-worker-3] INFO  com.intuit.karate - [print] organisation: [
  "Interprovinciaal Overleg",
  "Interprovinciaal Overleg",
  "Interprovinciaal Overleg"
]

15:21:38.610 [ForkJoinPool-1-worker-3] INFO  com.intuit.karate - [print] [
  "http://www.opengis.net/def/crs/EPSG/0/http://www.opengis.net/def/crs/EPSG/0/3034",
  "http://nationaalgeoregister.nl/geonetwork/srv/dut/csw?SERVICE=CSW&version=2.0.2&REQUEST=GetRecordById&elementSetName=full&OutputSchema=http://www.isotc211.org/2005/gmd&ID=c7d8d77b-8c47-4309-8c58-9b12b086407f",
  "https://creativecommons.org/publicdomain/mark/*/deed.nl",
  ""
]

15:21:38.619 [ForkJoinPool-1-worker-3] INFO  com.intuit.karate - [print]
15:21:38.620 [ForkJoinPool-1-worker-3] INFO  com.intuit.karate - [print] testing xlinkurl:http://www.opengis.net/def/crs/EPSG/0/http://www.opengis.net/def/crs/EPSG/0/3034
15:21:38.622 [ForkJoinPool-1-worker-13] INFO  com.intuit.karate - [print]
15:21:38.622 [ForkJoinPool-1-worker-13] INFO  com.intuit.karate - [print] testing xlinkurl:http://rdfdata.eionet.europa.eu/inspirethemes/themes/18
15:21:38.822 [ForkJoinPool-1-worker-13] ERROR com.intuit.karate - assertion failed: path: $, actual: 404, expected: 200, reason: not equal (Integer)
15:21:38.822 [ForkJoinPool-1-worker-13] ERROR com.intuit.karate - feature call (loop) failed at index: 1
caller: classpath:InspireTest/ngr/datasetrecords/def/checkxlinkurl.template.feature
arg: {"link":"http://rdfdata.eionet.europa.eu/inspirethemes/themes/18"}
checkxlinkurl.template.feature:22 - path: $, actual: 404, expected: 200, reason: not equal (Integer)
15:21:38.823 [ForkJoinPool-1-worker-13] INFO  com.intuit.karate - [print]
15:21:38.823 [ForkJoinPool-1-worker-13] INFO  com.intuit.karate - [print] testing xlinkurl:http://inspire.ec.europa.eu/metadata-codelist/PriorityDataset#
15:21:38.920 [ForkJoinPool-1-worker-3] INFO  com.intuit.karate - [print]
15:21:38.920 [ForkJoinPool-1-worker-3] INFO  com.intuit.karate - [print] testing xlinkurl:http://nationaalgeoregister.nl/geonetwork/srv/dut/csw?SERVICE=CSW&version=2.0.2&REQUEST=GetRecordById&elementSetName=full&OutputSchema=http://www.isotc211.org/2005/gmd&ID=c7d8d77b-8c47-4309-8c58-9b12b086407f
15:21:39.375 [ForkJoinPool-1-worker-3] INFO  com.intuit.karate - [print]
15:21:39.375 [ForkJoinPool-1-worker-3] INFO  com.intuit.karate - [print] testing xlinkurl:https://creativecommons.org/publicdomain/mark/*/deed.nl
15:21:39.420 [ForkJoinPool-1-worker-3] ERROR com.intuit.karate - assertion failed: path: $, actual: 404, expected: 200, reason: not equal (Integer)
15:21:39.420 [ForkJoinPool-1-worker-3] ERROR com.intuit.karate - feature call (loop) failed at index: 2
caller: classpath:InspireTest/ngr/datasetrecords/def/checkxlinkurl.template.feature
arg: {"link":"https://creativecommons.org/publicdomain/mark/*/deed.nl"}
checkxlinkurl.template.feature:22 - path: $, actual: 404, expected: 200, reason: not equal (Integer)
15:21:39.421 [ForkJoinPool-1-worker-3] INFO  com.intuit.karate - [print]
15:21:39.421 [ForkJoinPool-1-worker-3] INFO  com.intuit.karate - [print] testing xlinkurl:
15:21:39.422 [ForkJoinPool-1-worker-3] ERROR com.intuit.karate - org.apache.http.client.ClientProtocolException, http call failed after 0 milliseconds for URL: 
15:21:39.422 [ForkJoinPool-1-worker-3] ERROR com.intuit.karate - http request failed: 
org.apache.http.client.ClientProtocolException
15:21:39.422 [ForkJoinPool-1-worker-3] ERROR com.intuit.karate - feature call (loop) failed at index: 3
caller: classpath:InspireTest/ngr/datasetrecords/def/checkxlinkurl.template.feature
arg: {"link":""}
checkxlinkurl.template.feature:14 - 
org.apache.http.client.ClientProtocolException
15:21:39.524 [ForkJoinPool-1-worker-13] INFO  com.intuit.karate - [print]
15:21:39.524 [ForkJoinPool-1-worker-13] INFO  com.intuit.karate - [print] testing xlinkurl:https://ngr.geocat.live/geonetwork/srv/eng/thesaurus.download?ref=external.theme.httpinspireeceuropaeumetadatacodelistPrioritydataset-Prioritydataset
15:21:39.847 [ForkJoinPool-1-worker-13] ERROR com.intuit.karate - assertion failed: path: $, actual: 500, expected: 200, reason: not equal (Integer)
15:21:39.848 [ForkJoinPool-1-worker-13] ERROR com.intuit.karate - feature call (loop) failed at index: 3
caller: classpath:InspireTest/ngr/datasetrecords/def/checkxlinkurl.template.feature
arg: {"link":"https://ngr.geocat.live/geonetwork/srv/eng/thesaurus.download?ref=external.theme.httpinspireeceuropaeumetadatacodelistPrioritydataset-Prioritydataset"}
checkxlinkurl.template.feature:22 - path: $, actual: 500, expected: 200, reason: not equal (Integer)
15:21:39.959 [ForkJoinPool-1-worker-3] INFO  com.intuit.karate - [print] title:Totale potentie aardwarmte uit aquifers, INSPIRE
15:21:39.959 [ForkJoinPool-1-worker-3] INFO  com.intuit.karate - [print] Totale potentie aardwarmte uit aquifers, INSPIRE
15:21:39.960 [ForkJoinPool-1-worker-3] INFO  com.intuit.karate - [print] [
  "info@dinoloket.nl",
  "info@dinoloket.nl",
  "info@dinoloket.nl"
]

15:21:39.961 [ForkJoinPool-1-worker-3] INFO  com.intuit.karate - [print] organisation: [
  "TNO Geologische Dienst Nederland",
  "TNO Geologische Dienst Nederland",
  "TNO Geologische Dienst Nederland"
]

15:21:39.964 [ForkJoinPool-1-worker-3] INFO  com.intuit.karate - [print] [
  "https://nationaalgeoregister.nl/geonetwork/srv/resources052a3480-1031-4d29-ba55-01672e2c50d9"
]

15:21:39.967 [ForkJoinPool-1-worker-3] INFO  com.intuit.karate - [print]
15:21:39.967 [ForkJoinPool-1-worker-3] INFO  com.intuit.karate - [print] testing xlinkurl:https://nationaalgeoregister.nl/geonetwork/srv/resources052a3480-1031-4d29-ba55-01672e2c50d9
15:21:40.250 [ForkJoinPool-1-worker-3] ERROR com.intuit.karate - assertion failed: path: $, actual: 404, expected: 200, reason: not equal (Integer)
15:21:40.250 [ForkJoinPool-1-worker-3] ERROR com.intuit.karate - feature call (loop) failed at index: 0
caller: classpath:InspireTest/ngr/datasetrecords/def/checkxlinkurl.template.feature
arg: {"link":"https://nationaalgeoregister.nl/geonetwork/srv/resources052a3480-1031-4d29-ba55-01672e2c50d9"}
checkxlinkurl.template.feature:22 - path: $, actual: 404, expected: 200, reason: not equal (Integer)
15:21:40.388 [ForkJoinPool-1-worker-13] INFO  com.intuit.karate - [print] title:Kaderrichtlijn Water - Oppervlaktewaterlichamen Nederland EU2009 vlakken
15:21:40.388 [ForkJoinPool-1-worker-13] INFO  com.intuit.karate - [print] Kaderrichtlijn Water - Oppervlaktewaterlichamen Nederland EU2009 vlakken
15:21:40.389 [ForkJoinPool-1-worker-13] INFO  com.intuit.karate - [print] [
  "servicedesk-data@rijkswaterstaat.nl",
  "servicedesk-data@rijkswaterstaat.nl",
  "",
  "servicedesk-data@rijkswaterstaat.nl",
  "servicedesk-data@rijkswaterstaat.nl"
]

15:21:40.390 [ForkJoinPool-1-worker-13] INFO  com.intuit.karate - [print] organisation: [
  "Rijkswaterstaat",
  "Rijkswaterstaat",
  "",
  "Rijkswaterstaat",
  "Rijkswaterstaat"
]

15:21:40.394 [ForkJoinPool-1-worker-13] INFO  com.intuit.karate - [print] [
  "https://www.nationaalgeoregister.nl/geonetwork/srv/dut/catalog.search#/metadata/krw2006-68b5-4ff3-94a4-9c24109ffd5e",
  "http://rdfdata.eionet.europa.eu/inspirethemes/themes/24",
  "http://inspire.ec.europa.eu/metadata-codelist/PriorityDataset#",
  "https://ngr.geocat.live/geonetwork/srv/eng/thesaurus.download?ref=external.theme.httpinspireeceuropaeumetadatacodelistPrioritydataset-Prioritydataset",
  "urn:ogc:def:crs:EPSG::5709"
]

15:21:40.403 [ForkJoinPool-1-worker-13] INFO  com.intuit.karate - [print]
15:21:40.404 [ForkJoinPool-1-worker-13] INFO  com.intuit.karate - [print] testing xlinkurl:https://www.nationaalgeoregister.nl/geonetwork/srv/dut/catalog.search#/metadata/krw2006-68b5-4ff3-94a4-9c24109ffd5e
15:21:40.477 [ForkJoinPool-1-worker-7] INFO  com.intuit.karate - [print] title:Kaderrichtlijn Water - Oppervlaktewaterlichamen Nederland 2019 vlakken
15:21:40.478 [ForkJoinPool-1-worker-7] INFO  com.intuit.karate - [print] Kaderrichtlijn Water - Oppervlaktewaterlichamen Nederland 2019 vlakken
15:21:40.479 [ForkJoinPool-1-worker-7] INFO  com.intuit.karate - [print] [
  "servicedesk-data@rijkswaterstaat.nl",
  "servicedesk-data@rijkswaterstaat.nl",
  "",
  "servicedesk-data@rijkswaterstaat.nl",
  "servicedesk-data@rijkswaterstaat.nl"
]

15:21:40.481 [ForkJoinPool-1-worker-7] INFO  com.intuit.karate - [print] organisation: [
  "Rijkswaterstaat",
  "Rijkswaterstaat",
  "",
  "Rijkswaterstaat",
  "Rijkswaterstaat"
]

15:21:40.485 [ForkJoinPool-1-worker-7] INFO  com.intuit.karate - [print] [
  "https://www.nationaalgeoregister.nl/geonetwork/srv/dut/catalog.search#/metadata/2e31680f-68b5-4ff3-94a4-9c24109ffd5e",
  "http://rdfdata.eionet.europa.eu/inspirethemes/themes/24",
  "http://inspire.ec.europa.eu/metadata-codelist/PriorityDataset#",
  "https://ngr.geocat.live/geonetwork/srv/eng/thesaurus.download?ref=external.theme.httpinspireeceuropaeumetadatacodelistPrioritydataset-Prioritydataset",
  "urn:ogc:def:crs:EPSG::5709"
]

15:21:40.490 [ForkJoinPool-1-worker-7] INFO  com.intuit.karate - [print]
15:21:40.490 [ForkJoinPool-1-worker-7] INFO  com.intuit.karate - [print] testing xlinkurl:https://www.nationaalgeoregister.nl/geonetwork/srv/dut/catalog.search#/metadata/2e31680f-68b5-4ff3-94a4-9c24109ffd5e
15:21:40.714 [ForkJoinPool-1-worker-13] INFO  com.intuit.karate - [print]
15:21:40.714 [ForkJoinPool-1-worker-13] INFO  com.intuit.karate - [print] testing xlinkurl:http://rdfdata.eionet.europa.eu/inspirethemes/themes/24
15:21:40.770 [ForkJoinPool-1-worker-3] INFO  com.intuit.karate - [print] title:Kaderrichtlijn Water - Oppervlaktewaterlichamen Nederland 2019 lijnen
15:21:40.770 [ForkJoinPool-1-worker-3] INFO  com.intuit.karate - [print] Kaderrichtlijn Water - Oppervlaktewaterlichamen Nederland 2019 lijnen
15:21:40.771 [ForkJoinPool-1-worker-3] INFO  com.intuit.karate - [print] [
  "servicedesk-data@rijkswaterstaat.nl",
  "servicedesk-data@rijkswaterstaat.nl",
  "",
  "servicedesk-data@rijkswaterstaat.nl",
  "servicedesk-data@rijkswaterstaat.nl"
]

15:21:40.772 [ForkJoinPool-1-worker-3] INFO  com.intuit.karate - [print] organisation: [
  "Rijkswaterstaat",
  "Rijkswaterstaat",
  "",
  "Rijkswaterstaat",
  "Rijkswaterstaat"
]

15:21:40.775 [ForkJoinPool-1-worker-3] INFO  com.intuit.karate - [print] [
  "https://www.nationaalgeoregister.nl/geonetwork/srv/dut/catalog.search#/metadata/622a632a-c57b-44a2-83a4-e51223d5f15g",
  "http://rdfdata.eionet.europa.eu/inspirethemes/themes/24",
  "http://inspire.ec.europa.eu/metadata-codelist/PriorityDataset#",
  "https://ngr.geocat.live/geonetwork/srv/eng/thesaurus.download?ref=external.theme.httpinspireeceuropaeumetadatacodelistPrioritydataset-Prioritydataset",
  "urn:ogc:def:crs:EPSG::5709"
]

15:21:40.777 [ForkJoinPool-1-worker-3] INFO  com.intuit.karate - [print]
15:21:40.778 [ForkJoinPool-1-worker-3] INFO  com.intuit.karate - [print] testing xlinkurl:https://www.nationaalgeoregister.nl/geonetwork/srv/dut/catalog.search#/metadata/622a632a-c57b-44a2-83a4-e51223d5f15g
15:21:40.803 [ForkJoinPool-1-worker-7] INFO  com.intuit.karate - [print]
15:21:40.803 [ForkJoinPool-1-worker-7] INFO  com.intuit.karate - [print] testing xlinkurl:http://rdfdata.eionet.europa.eu/inspirethemes/themes/24
15:21:41.060 [ForkJoinPool-1-worker-7] ERROR com.intuit.karate - assertion failed: path: $, actual: 404, expected: 200, reason: not equal (Integer)
15:21:41.061 [ForkJoinPool-1-worker-7] ERROR com.intuit.karate - feature call (loop) failed at index: 1
caller: classpath:InspireTest/ngr/datasetrecords/def/checkxlinkurl.template.feature
arg: {"link":"http://rdfdata.eionet.europa.eu/inspirethemes/themes/24"}
checkxlinkurl.template.feature:22 - path: $, actual: 404, expected: 200, reason: not equal (Integer)
15:21:41.061 [ForkJoinPool-1-worker-7] INFO  com.intuit.karate - [print]
15:21:41.062 [ForkJoinPool-1-worker-7] INFO  com.intuit.karate - [print] testing xlinkurl:http://inspire.ec.europa.eu/metadata-codelist/PriorityDataset#
15:21:41.060 [ForkJoinPool-1-worker-13] ERROR com.intuit.karate - assertion failed: path: $, actual: 404, expected: 200, reason: not equal (Integer)
15:21:41.063 [ForkJoinPool-1-worker-13] ERROR com.intuit.karate - feature call (loop) failed at index: 1
caller: classpath:InspireTest/ngr/datasetrecords/def/checkxlinkurl.template.feature
arg: {"link":"http://rdfdata.eionet.europa.eu/inspirethemes/themes/24"}
checkxlinkurl.template.feature:22 - path: $, actual: 404, expected: 200, reason: not equal (Integer)
15:21:41.063 [ForkJoinPool-1-worker-13] INFO  com.intuit.karate - [print]
15:21:41.063 [ForkJoinPool-1-worker-13] INFO  com.intuit.karate - [print] testing xlinkurl:http://inspire.ec.europa.eu/metadata-codelist/PriorityDataset#
15:21:41.086 [ForkJoinPool-1-worker-3] INFO  com.intuit.karate - [print]
15:21:41.087 [ForkJoinPool-1-worker-3] INFO  com.intuit.karate - [print] testing xlinkurl:http://rdfdata.eionet.europa.eu/inspirethemes/themes/24
15:21:41.289 [ForkJoinPool-1-worker-3] ERROR com.intuit.karate - assertion failed: path: $, actual: 404, expected: 200, reason: not equal (Integer)
15:21:41.289 [ForkJoinPool-1-worker-3] ERROR com.intuit.karate - feature call (loop) failed at index: 1
caller: classpath:InspireTest/ngr/datasetrecords/def/checkxlinkurl.template.feature
arg: {"link":"http://rdfdata.eionet.europa.eu/inspirethemes/themes/24"}
checkxlinkurl.template.feature:22 - path: $, actual: 404, expected: 200, reason: not equal (Integer)
15:21:41.290 [ForkJoinPool-1-worker-3] INFO  com.intuit.karate - [print]
15:21:41.290 [ForkJoinPool-1-worker-3] INFO  com.intuit.karate - [print] testing xlinkurl:http://inspire.ec.europa.eu/metadata-codelist/PriorityDataset#
15:21:44.445 [ForkJoinPool-1-worker-11] INFO  com.intuit.karate - [print]
15:21:44.445 [ForkJoinPool-1-worker-11] INFO  com.intuit.karate - [print] testing xlinkurl:https://ngr.geocat.live/geonetwork/srv/eng/thesaurus.download?ref=external.theme.httpinspireeceuropaeumetadatacodelistPrioritydataset-Prioritydataset
15:21:44.755 [ForkJoinPool-1-worker-11] ERROR com.intuit.karate - assertion failed: path: $, actual: 500, expected: 200, reason: not equal (Integer)
15:21:44.755 [ForkJoinPool-1-worker-11] ERROR com.intuit.karate - feature call (loop) failed at index: 3
caller: classpath:InspireTest/ngr/datasetrecords/def/checkxlinkurl.template.feature
arg: {"link":"https://ngr.geocat.live/geonetwork/srv/eng/thesaurus.download?ref=external.theme.httpinspireeceuropaeumetadatacodelistPrioritydataset-Prioritydataset"}
checkxlinkurl.template.feature:22 - path: $, actual: 500, expected: 200, reason: not equal (Integer)
15:21:44.846 [ForkJoinPool-1-worker-9] INFO  com.intuit.karate - [print]
15:21:44.846 [ForkJoinPool-1-worker-9] INFO  com.intuit.karate - [print] testing xlinkurl:https://ngr.geocat.live/geonetwork/srv/eng/thesaurus.download?ref=external.theme.httpinspireeceuropaeumetadatacodelistPrioritydataset-Prioritydataset
15:21:45.163 [ForkJoinPool-1-worker-9] ERROR com.intuit.karate - assertion failed: path: $, actual: 500, expected: 200, reason: not equal (Integer)
15:21:45.163 [ForkJoinPool-1-worker-9] ERROR com.intuit.karate - feature call (loop) failed at index: 3
caller: classpath:InspireTest/ngr/datasetrecords/def/checkxlinkurl.template.feature
arg: {"link":"https://ngr.geocat.live/geonetwork/srv/eng/thesaurus.download?ref=external.theme.httpinspireeceuropaeumetadatacodelistPrioritydataset-Prioritydataset"}
checkxlinkurl.template.feature:22 - path: $, actual: 500, expected: 200, reason: not equal (Integer)
15:21:45.165 [ForkJoinPool-1-worker-9] INFO  com.intuit.karate - [print]
15:21:45.166 [ForkJoinPool-1-worker-9] INFO  com.intuit.karate - [print] testing xlinkurl:urn:ogc:def:crs:EPSG::5709
15:21:45.166 [ForkJoinPool-1-worker-9] ERROR com.intuit.karate - org.apache.http.client.ClientProtocolException: URI does not specify a valid host name: urn:ogc:def:crs:EPSG::5709, http call failed after 0 milliseconds for URL: urn:ogc:def:crs:EPSG::5709
15:21:45.167 [ForkJoinPool-1-worker-9] ERROR com.intuit.karate - http request failed: 
org.apache.http.client.ClientProtocolException: URI does not specify a valid host name: urn:ogc:def:crs:EPSG::5709
15:21:45.167 [ForkJoinPool-1-worker-9] ERROR com.intuit.karate - feature call (loop) failed at index: 4
caller: classpath:InspireTest/ngr/datasetrecords/def/checkxlinkurl.template.feature
arg: {"link":"urn:ogc:def:crs:EPSG::5709"}
checkxlinkurl.template.feature:14 - 
org.apache.http.client.ClientProtocolException: URI does not specify a valid host name: urn:ogc:def:crs:EPSG::5709
15:21:45.315 [ForkJoinPool-1-worker-11] INFO  com.intuit.karate - [print] title:Nationaal Hydrologisch Instrumentarium (NHI) - netwerkschematisatie
15:21:45.315 [ForkJoinPool-1-worker-11] INFO  com.intuit.karate - [print] Nationaal Hydrologisch Instrumentarium (NHI) - netwerkschematisatie
15:21:45.317 [ForkJoinPool-1-worker-11] INFO  com.intuit.karate - [print] [
  "servicedesk-data@rijkswaterstaat.nl",
  "servicedesk-data@rijkswaterstaat.nl",
  "",
  "servicedesk-data@rijkswaterstaat.nl",
  "servicedesk-data@rijkswaterstaat.nl"
]

15:21:45.317 [ForkJoinPool-1-worker-11] INFO  com.intuit.karate - [print] organisation: [
  "Rijkswaterstaat",
  "Rijkswaterstaat",
  "",
  "Rijkswaterstaat",
  "Rijkswaterstaat"
]

15:21:45.321 [ForkJoinPool-1-worker-11] INFO  com.intuit.karate - [print] [
  "https://www.nationaalgeoregister.nl/geonetwork/srv/dut/catalog.search#/metadata/710c381c-ab2d-45d5-a45d-af2eba811e5f",
  "http://rdfdata.eionet.europa.eu/inspirethemes/themes/8",
  "urn:ogc:def:crs:EPSG::5709"
]

15:21:45.327 [ForkJoinPool-1-worker-11] INFO  com.intuit.karate - [print]
15:21:45.327 [ForkJoinPool-1-worker-11] INFO  com.intuit.karate - [print] testing xlinkurl:https://www.nationaalgeoregister.nl/geonetwork/srv/dut/catalog.search#/metadata/710c381c-ab2d-45d5-a45d-af2eba811e5f
15:21:45.638 [ForkJoinPool-1-worker-11] INFO  com.intuit.karate - [print]
15:21:45.638 [ForkJoinPool-1-worker-11] INFO  com.intuit.karate - [print] testing xlinkurl:http://rdfdata.eionet.europa.eu/inspirethemes/themes/8
15:21:45.675 [ForkJoinPool-1-worker-9] INFO  com.intuit.karate - [print] title:Aardkundige waarden
15:21:45.675 [ForkJoinPool-1-worker-9] INFO  com.intuit.karate - [print] Aardkundige waarden
15:21:45.676 [ForkJoinPool-1-worker-9] INFO  com.intuit.karate - [print] [
  "inspire@gbo-provincies.nl",
  "inspire@gbo-provincies.nl",
  "inspire@gbo-provincies.nl"
]

15:21:45.676 [ForkJoinPool-1-worker-9] INFO  com.intuit.karate - [print] organisation: [
  "Interprovinciaal Overleg",
  "Interprovinciaal Overleg",
  "Interprovinciaal Overleg"
]

15:21:45.680 [ForkJoinPool-1-worker-9] INFO  com.intuit.karate - [print] [
  "http://www.opengis.net/def/crs/EPSG/0/http://www.opengis.net/def/crs/EPSG/0/3034",
  "http://nationaalgeoregister.nl/geonetwork/srv/dut/csw?SERVICE=CSW&version=2.0.2&REQUEST=GetRecordById&elementSetName=full&OutputSchema=http://www.isotc211.org/2005/gmd&ID=f002bfc5-7d87-46b6-819e-8415422b65c9",
  "https://creativecommons.org/publicdomain/mark/*/deed.nl",
  ""
]

15:21:45.683 [ForkJoinPool-1-worker-9] INFO  com.intuit.karate - [print]
15:21:45.683 [ForkJoinPool-1-worker-9] INFO  com.intuit.karate - [print] testing xlinkurl:http://www.opengis.net/def/crs/EPSG/0/http://www.opengis.net/def/crs/EPSG/0/3034
15:21:45.839 [ForkJoinPool-1-worker-11] ERROR com.intuit.karate - assertion failed: path: $, actual: 404, expected: 200, reason: not equal (Integer)
15:21:45.840 [ForkJoinPool-1-worker-11] ERROR com.intuit.karate - feature call (loop) failed at index: 1
caller: classpath:InspireTest/ngr/datasetrecords/def/checkxlinkurl.template.feature
arg: {"link":"http://rdfdata.eionet.europa.eu/inspirethemes/themes/8"}
checkxlinkurl.template.feature:22 - path: $, actual: 404, expected: 200, reason: not equal (Integer)
15:21:45.840 [ForkJoinPool-1-worker-11] INFO  com.intuit.karate - [print]
15:21:45.841 [ForkJoinPool-1-worker-11] INFO  com.intuit.karate - [print] testing xlinkurl:urn:ogc:def:crs:EPSG::5709
15:21:45.841 [ForkJoinPool-1-worker-11] ERROR com.intuit.karate - org.apache.http.client.ClientProtocolException: URI does not specify a valid host name: urn:ogc:def:crs:EPSG::5709, http call failed after 0 milliseconds for URL: urn:ogc:def:crs:EPSG::5709
15:21:45.841 [ForkJoinPool-1-worker-11] ERROR com.intuit.karate - http request failed: 
org.apache.http.client.ClientProtocolException: URI does not specify a valid host name: urn:ogc:def:crs:EPSG::5709
15:21:45.841 [ForkJoinPool-1-worker-11] ERROR com.intuit.karate - feature call (loop) failed at index: 2
caller: classpath:InspireTest/ngr/datasetrecords/def/checkxlinkurl.template.feature
arg: {"link":"urn:ogc:def:crs:EPSG::5709"}
checkxlinkurl.template.feature:14 - 
org.apache.http.client.ClientProtocolException: URI does not specify a valid host name: urn:ogc:def:crs:EPSG::5709
15:21:46.031 [ForkJoinPool-1-worker-9] INFO  com.intuit.karate - [print]
15:21:46.031 [ForkJoinPool-1-worker-9] INFO  com.intuit.karate - [print] testing xlinkurl:http://nationaalgeoregister.nl/geonetwork/srv/dut/csw?SERVICE=CSW&version=2.0.2&REQUEST=GetRecordById&elementSetName=full&OutputSchema=http://www.isotc211.org/2005/gmd&ID=f002bfc5-7d87-46b6-819e-8415422b65c9
15:21:46.354 [ForkJoinPool-1-worker-11] INFO  com.intuit.karate - [print] title:Kaderrichtlijn Water - Oppervlaktewaterlichamen Nederland EU2015 vlakken
15:21:46.354 [ForkJoinPool-1-worker-11] INFO  com.intuit.karate - [print] Kaderrichtlijn Water - Oppervlaktewaterlichamen Nederland EU2015 vlakken
15:21:46.354 [ForkJoinPool-1-worker-11] INFO  com.intuit.karate - [print] [
  "servicedesk@ihw.nl",
  "servicedesk-data@rijkswaterstaat.nl",
  "",
  "servicedesk-data@rijkswaterstaat.nl",
  "servicedesk@ihw.nl"
]

15:21:46.355 [ForkJoinPool-1-worker-11] INFO  com.intuit.karate - [print] organisation: [
  "Informatiehuis Water",
  "Informatiehuis Water",
  "",
  "Rijkswaterstaat",
  "Informatiehuis Water"
]

15:21:46.359 [ForkJoinPool-1-worker-11] INFO  com.intuit.karate - [print] [
  "https://www.nationaalgeoregister.nl/geonetwork/srv/dut/catalog.search#/metadata/110f9ec6-4464-462e-9765-83d90cefbead",
  "http://rdfdata.eionet.europa.eu/inspirethemes/themes/24",
  "http://inspire.ec.europa.eu/metadata-codelist/PriorityDataset#",
  "https://ngr.geocat.live/geonetwork/srv/eng/thesaurus.download?ref=external.theme.httpinspireeceuropaeumetadatacodelistPrioritydataset-Prioritydataset"
]

15:21:46.361 [ForkJoinPool-1-worker-11] INFO  com.intuit.karate - [print]
15:21:46.361 [ForkJoinPool-1-worker-11] INFO  com.intuit.karate - [print] testing xlinkurl:https://www.nationaalgeoregister.nl/geonetwork/srv/dut/catalog.search#/metadata/110f9ec6-4464-462e-9765-83d90cefbead
15:21:46.486 [ForkJoinPool-1-worker-9] INFO  com.intuit.karate - [print]
15:21:46.486 [ForkJoinPool-1-worker-9] INFO  com.intuit.karate - [print] testing xlinkurl:https://creativecommons.org/publicdomain/mark/*/deed.nl
15:21:46.527 [ForkJoinPool-1-worker-9] ERROR com.intuit.karate - assertion failed: path: $, actual: 404, expected: 200, reason: not equal (Integer)
15:21:46.527 [ForkJoinPool-1-worker-9] ERROR com.intuit.karate - feature call (loop) failed at index: 2
caller: classpath:InspireTest/ngr/datasetrecords/def/checkxlinkurl.template.feature
arg: {"link":"https://creativecommons.org/publicdomain/mark/*/deed.nl"}
checkxlinkurl.template.feature:22 - path: $, actual: 404, expected: 200, reason: not equal (Integer)
15:21:46.528 [ForkJoinPool-1-worker-9] INFO  com.intuit.karate - [print]
15:21:46.529 [ForkJoinPool-1-worker-9] INFO  com.intuit.karate - [print] testing xlinkurl:
15:21:46.529 [ForkJoinPool-1-worker-9] ERROR com.intuit.karate - org.apache.http.client.ClientProtocolException, http call failed after 0 milliseconds for URL: 
15:21:46.529 [ForkJoinPool-1-worker-9] ERROR com.intuit.karate - http request failed: 
org.apache.http.client.ClientProtocolException
15:21:46.529 [ForkJoinPool-1-worker-9] ERROR com.intuit.karate - feature call (loop) failed at index: 3
caller: classpath:InspireTest/ngr/datasetrecords/def/checkxlinkurl.template.feature
arg: {"link":""}
checkxlinkurl.template.feature:14 - 
org.apache.http.client.ClientProtocolException
15:21:46.670 [ForkJoinPool-1-worker-11] INFO  com.intuit.karate - [print]
15:21:46.670 [ForkJoinPool-1-worker-11] INFO  com.intuit.karate - [print] testing xlinkurl:http://rdfdata.eionet.europa.eu/inspirethemes/themes/24
15:21:46.873 [ForkJoinPool-1-worker-11] ERROR com.intuit.karate - assertion failed: path: $, actual: 404, expected: 200, reason: not equal (Integer)
15:21:46.874 [ForkJoinPool-1-worker-11] ERROR com.intuit.karate - feature call (loop) failed at index: 1
caller: classpath:InspireTest/ngr/datasetrecords/def/checkxlinkurl.template.feature
arg: {"link":"http://rdfdata.eionet.europa.eu/inspirethemes/themes/24"}
checkxlinkurl.template.feature:22 - path: $, actual: 404, expected: 200, reason: not equal (Integer)
15:21:46.876 [ForkJoinPool-1-worker-11] INFO  com.intuit.karate - [print]
15:21:46.877 [ForkJoinPool-1-worker-11] INFO  com.intuit.karate - [print] testing xlinkurl:http://inspire.ec.europa.eu/metadata-codelist/PriorityDataset#
15:21:47.045 [ForkJoinPool-1-worker-9] INFO  com.intuit.karate - [print] title:Kaderrichtlijn Water - Oppervlaktewaterlichamen Nederland EU2015 lijnen
15:21:47.045 [ForkJoinPool-1-worker-9] INFO  com.intuit.karate - [print] Kaderrichtlijn Water - Oppervlaktewaterlichamen Nederland EU2015 lijnen
15:21:47.046 [ForkJoinPool-1-worker-9] INFO  com.intuit.karate - [print] [
  "servicedesk@ihw.nl",
  "servicedesk@ihw.nl",
  "",
  "servicedesk-data@rijkswaterstaat.nl",
  "servicedesk@ihw.nl"
]

15:21:47.047 [ForkJoinPool-1-worker-9] INFO  com.intuit.karate - [print] organisation: [
  "Informatiehuis Water",
  "Informatiehuis Water",
  "",
  "Rijkswaterstaat",
  "Informatiehuis Water"
]

15:21:47.050 [ForkJoinPool-1-worker-9] INFO  com.intuit.karate - [print] [
  "https://www.nationaalgeoregister.nl/geonetwork/srv/dut/catalog.search#/metadata/110f9ec6-4464-462e-9765-83d90cefbeag",
  "http://rdfdata.eionet.europa.eu/inspirethemes/themes/24",
  "http://inspire.ec.europa.eu/metadata-codelist/PriorityDataset#",
  "https://ngr.geocat.live/geonetwork/srv/eng/thesaurus.download?ref=external.theme.httpinspireeceuropaeumetadatacodelistPrioritydataset-Prioritydataset",
  "urn:ogc:def:crs:EPSG::5709"
]

15:21:47.053 [ForkJoinPool-1-worker-9] INFO  com.intuit.karate - [print]
15:21:47.053 [ForkJoinPool-1-worker-9] INFO  com.intuit.karate - [print] testing xlinkurl:https://www.nationaalgeoregister.nl/geonetwork/srv/dut/catalog.search#/metadata/110f9ec6-4464-462e-9765-83d90cefbeag
15:21:47.370 [ForkJoinPool-1-worker-9] INFO  com.intuit.karate - [print]
15:21:47.371 [ForkJoinPool-1-worker-9] INFO  com.intuit.karate - [print] testing xlinkurl:http://rdfdata.eionet.europa.eu/inspirethemes/themes/24
15:21:47.571 [ForkJoinPool-1-worker-9] ERROR com.intuit.karate - assertion failed: path: $, actual: 404, expected: 200, reason: not equal (Integer)
15:21:47.572 [ForkJoinPool-1-worker-9] ERROR com.intuit.karate - feature call (loop) failed at index: 1
caller: classpath:InspireTest/ngr/datasetrecords/def/checkxlinkurl.template.feature
arg: {"link":"http://rdfdata.eionet.europa.eu/inspirethemes/themes/24"}
checkxlinkurl.template.feature:22 - path: $, actual: 404, expected: 200, reason: not equal (Integer)
15:21:47.574 [ForkJoinPool-1-worker-9] INFO  com.intuit.karate - [print]
15:21:47.574 [ForkJoinPool-1-worker-9] INFO  com.intuit.karate - [print] testing xlinkurl:http://inspire.ec.europa.eu/metadata-codelist/PriorityDataset#
15:21:47.852 [ForkJoinPool-1-worker-7] INFO  com.intuit.karate - [print]
15:21:47.852 [ForkJoinPool-1-worker-7] INFO  com.intuit.karate - [print] testing xlinkurl:https://ngr.geocat.live/geonetwork/srv/eng/thesaurus.download?ref=external.theme.httpinspireeceuropaeumetadatacodelistPrioritydataset-Prioritydataset
15:21:48.164 [ForkJoinPool-1-worker-7] ERROR com.intuit.karate - assertion failed: path: $, actual: 500, expected: 200, reason: not equal (Integer)
15:21:48.164 [ForkJoinPool-1-worker-7] ERROR com.intuit.karate - feature call (loop) failed at index: 3
caller: classpath:InspireTest/ngr/datasetrecords/def/checkxlinkurl.template.feature
arg: {"link":"https://ngr.geocat.live/geonetwork/srv/eng/thesaurus.download?ref=external.theme.httpinspireeceuropaeumetadatacodelistPrioritydataset-Prioritydataset"}
checkxlinkurl.template.feature:22 - path: $, actual: 500, expected: 200, reason: not equal (Integer)
15:21:48.165 [ForkJoinPool-1-worker-7] INFO  com.intuit.karate - [print]
15:21:48.165 [ForkJoinPool-1-worker-7] INFO  com.intuit.karate - [print] testing xlinkurl:urn:ogc:def:crs:EPSG::5709
15:21:48.166 [ForkJoinPool-1-worker-7] ERROR com.intuit.karate - org.apache.http.client.ClientProtocolException: URI does not specify a valid host name: urn:ogc:def:crs:EPSG::5709, http call failed after 0 milliseconds for URL: urn:ogc:def:crs:EPSG::5709
15:21:48.166 [ForkJoinPool-1-worker-7] ERROR com.intuit.karate - http request failed: 
org.apache.http.client.ClientProtocolException: URI does not specify a valid host name: urn:ogc:def:crs:EPSG::5709
15:21:48.166 [ForkJoinPool-1-worker-7] ERROR com.intuit.karate - feature call (loop) failed at index: 4
caller: classpath:InspireTest/ngr/datasetrecords/def/checkxlinkurl.template.feature
arg: {"link":"urn:ogc:def:crs:EPSG::5709"}
checkxlinkurl.template.feature:14 - 
org.apache.http.client.ClientProtocolException: URI does not specify a valid host name: urn:ogc:def:crs:EPSG::5709
15:21:48.710 [ForkJoinPool-1-worker-7] INFO  com.intuit.karate - [print] title:Kaderrichtlijn Water - Oppervlaktewaterlichamen Nederland EU2009 lijnen
15:21:48.710 [ForkJoinPool-1-worker-7] INFO  com.intuit.karate - [print] Kaderrichtlijn Water - Oppervlaktewaterlichamen Nederland EU2009 lijnen
15:21:48.711 [ForkJoinPool-1-worker-7] INFO  com.intuit.karate - [print] [
  "servicedesk-data@rijkswaterstaat.nl",
  "servicedesk-data@rijkswaterstaat.nl",
  "",
  "servicedesk-data@rijkswaterstaat.nl",
  "servicedesk-data@rijkswaterstaat.nl"
]

15:21:48.712 [ForkJoinPool-1-worker-7] INFO  com.intuit.karate - [print] organisation: [
  "Rijkswaterstaat",
  "Rijkswaterstaat",
  "",
  "Rijkswaterstaat",
  "Rijkswaterstaat"
]

15:21:48.718 [ForkJoinPool-1-worker-7] INFO  com.intuit.karate - [print] [
  "https://www.nationaalgeoregister.nl/geonetwork/srv/dut/catalog.search#/metadata/krw2006-c57b-44a2-83a4-e51223d5f15g",
  "http://rdfdata.eionet.europa.eu/inspirethemes/themes/24",
  "http://inspire.ec.europa.eu/metadata-codelist/PriorityDataset#",
  "https://ngr.geocat.live/geonetwork/srv/eng/thesaurus.download?ref=external.theme.httpinspireeceuropaeumetadatacodelistPrioritydataset-Prioritydataset",
  "urn:ogc:def:crs:EPSG::5709"
]

15:21:48.725 [ForkJoinPool-1-worker-7] INFO  com.intuit.karate - [print]
15:21:48.726 [ForkJoinPool-1-worker-7] INFO  com.intuit.karate - [print] testing xlinkurl:https://www.nationaalgeoregister.nl/geonetwork/srv/dut/catalog.search#/metadata/krw2006-c57b-44a2-83a4-e51223d5f15g
15:21:49.037 [ForkJoinPool-1-worker-7] INFO  com.intuit.karate - [print]
15:21:49.037 [ForkJoinPool-1-worker-7] INFO  com.intuit.karate - [print] testing xlinkurl:http://rdfdata.eionet.europa.eu/inspirethemes/themes/24
15:21:49.241 [ForkJoinPool-1-worker-7] ERROR com.intuit.karate - assertion failed: path: $, actual: 404, expected: 200, reason: not equal (Integer)
15:21:49.241 [ForkJoinPool-1-worker-7] ERROR com.intuit.karate - feature call (loop) failed at index: 1
caller: classpath:InspireTest/ngr/datasetrecords/def/checkxlinkurl.template.feature
arg: {"link":"http://rdfdata.eionet.europa.eu/inspirethemes/themes/24"}
checkxlinkurl.template.feature:22 - path: $, actual: 404, expected: 200, reason: not equal (Integer)
15:21:49.242 [ForkJoinPool-1-worker-7] INFO  com.intuit.karate - [print]
15:21:49.243 [ForkJoinPool-1-worker-7] INFO  com.intuit.karate - [print] testing xlinkurl:http://inspire.ec.europa.eu/metadata-codelist/PriorityDataset#
15:21:50.339 [ForkJoinPool-1-worker-7] INFO  com.intuit.karate - [print]
15:21:50.339 [ForkJoinPool-1-worker-7] INFO  com.intuit.karate - [print] testing xlinkurl:https://ngr.geocat.live/geonetwork/srv/eng/thesaurus.download?ref=external.theme.httpinspireeceuropaeumetadatacodelistPrioritydataset-Prioritydataset
15:21:50.649 [ForkJoinPool-1-worker-7] ERROR com.intuit.karate - assertion failed: path: $, actual: 500, expected: 200, reason: not equal (Integer)
15:21:50.650 [ForkJoinPool-1-worker-7] ERROR com.intuit.karate - feature call (loop) failed at index: 3
caller: classpath:InspireTest/ngr/datasetrecords/def/checkxlinkurl.template.feature
arg: {"link":"https://ngr.geocat.live/geonetwork/srv/eng/thesaurus.download?ref=external.theme.httpinspireeceuropaeumetadatacodelistPrioritydataset-Prioritydataset"}
checkxlinkurl.template.feature:22 - path: $, actual: 500, expected: 200, reason: not equal (Integer)
15:21:50.651 [ForkJoinPool-1-worker-7] INFO  com.intuit.karate - [print]
15:21:50.652 [ForkJoinPool-1-worker-7] INFO  com.intuit.karate - [print] testing xlinkurl:urn:ogc:def:crs:EPSG::5709
15:21:50.652 [ForkJoinPool-1-worker-7] ERROR com.intuit.karate - org.apache.http.client.ClientProtocolException: URI does not specify a valid host name: urn:ogc:def:crs:EPSG::5709, http call failed after 0 milliseconds for URL: urn:ogc:def:crs:EPSG::5709
15:21:50.652 [ForkJoinPool-1-worker-7] ERROR com.intuit.karate - http request failed: 
org.apache.http.client.ClientProtocolException: URI does not specify a valid host name: urn:ogc:def:crs:EPSG::5709
15:21:50.653 [ForkJoinPool-1-worker-7] ERROR com.intuit.karate - feature call (loop) failed at index: 4
caller: classpath:InspireTest/ngr/datasetrecords/def/checkxlinkurl.template.feature
arg: {"link":"urn:ogc:def:crs:EPSG::5709"}
checkxlinkurl.template.feature:14 - 
org.apache.http.client.ClientProtocolException: URI does not specify a valid host name: urn:ogc:def:crs:EPSG::5709
15:21:51.170 [ForkJoinPool-1-worker-7] INFO  com.intuit.karate - [print] title:Kaderrichtlijn Water - Deelstroomgebieden Nederland EU2015
15:21:51.170 [ForkJoinPool-1-worker-7] INFO  com.intuit.karate - [print] Kaderrichtlijn Water - Deelstroomgebieden Nederland EU2015
15:21:51.172 [ForkJoinPool-1-worker-7] INFO  com.intuit.karate - [print] [
  "servicedesk@ihw.nl",
  "servicedesk@ihw.nl",
  "",
  "servicedesk-data@rijkswaterstaat.nl",
  "servicedesk-data@rijkswaterstaat.nl"
]

15:21:51.173 [ForkJoinPool-1-worker-7] INFO  com.intuit.karate - [print] organisation: [
  "Informatiehuis Water",
  "Informatiehuis Water",
  "",
  "Rijkswaterstaat",
  "Rijkswaterstaat"
]

15:21:51.179 [ForkJoinPool-1-worker-7] INFO  com.intuit.karate - [print] [
  "https://www.nationaalgeoregister.nl/geonetwork/srv/dut/catalog.search#/metadata/110f9ec6-4464-462e-9765-83d90cefbeac",
  "http://rdfdata.eionet.europa.eu/inspirethemes/themes/24",
  "http://inspire.ec.europa.eu/metadata-codelist/PriorityDataset#",
  "https://ngr.geocat.live/geonetwork/srv/eng/thesaurus.download?ref=external.theme.httpinspireeceuropaeumetadatacodelistPrioritydataset-Prioritydataset"
]

15:21:51.185 [ForkJoinPool-1-worker-7] INFO  com.intuit.karate - [print]
15:21:51.185 [ForkJoinPool-1-worker-7] INFO  com.intuit.karate - [print] testing xlinkurl:https://www.nationaalgeoregister.nl/geonetwork/srv/dut/catalog.search#/metadata/110f9ec6-4464-462e-9765-83d90cefbeac
15:21:51.494 [ForkJoinPool-1-worker-7] INFO  com.intuit.karate - [print]
15:21:51.494 [ForkJoinPool-1-worker-7] INFO  com.intuit.karate - [print] testing xlinkurl:http://rdfdata.eionet.europa.eu/inspirethemes/themes/24
15:21:51.698 [ForkJoinPool-1-worker-7] ERROR com.intuit.karate - assertion failed: path: $, actual: 404, expected: 200, reason: not equal (Integer)
15:21:51.698 [ForkJoinPool-1-worker-7] ERROR com.intuit.karate - feature call (loop) failed at index: 1
caller: classpath:InspireTest/ngr/datasetrecords/def/checkxlinkurl.template.feature
arg: {"link":"http://rdfdata.eionet.europa.eu/inspirethemes/themes/24"}
checkxlinkurl.template.feature:22 - path: $, actual: 404, expected: 200, reason: not equal (Integer)
15:21:51.701 [ForkJoinPool-1-worker-7] INFO  com.intuit.karate - [print]
15:21:51.701 [ForkJoinPool-1-worker-7] INFO  com.intuit.karate - [print] testing xlinkurl:http://inspire.ec.europa.eu/metadata-codelist/PriorityDataset#
15:21:52.875 [ForkJoinPool-1-worker-13] INFO  com.intuit.karate - [print]
15:21:52.876 [ForkJoinPool-1-worker-13] INFO  com.intuit.karate - [print] testing xlinkurl:https://ngr.geocat.live/geonetwork/srv/eng/thesaurus.download?ref=external.theme.httpinspireeceuropaeumetadatacodelistPrioritydataset-Prioritydataset
15:21:53.331 [ForkJoinPool-1-worker-13] ERROR com.intuit.karate - assertion failed: path: $, actual: 500, expected: 200, reason: not equal (Integer)
15:21:53.331 [ForkJoinPool-1-worker-13] ERROR com.intuit.karate - feature call (loop) failed at index: 3
caller: classpath:InspireTest/ngr/datasetrecords/def/checkxlinkurl.template.feature
arg: {"link":"https://ngr.geocat.live/geonetwork/srv/eng/thesaurus.download?ref=external.theme.httpinspireeceuropaeumetadatacodelistPrioritydataset-Prioritydataset"}
checkxlinkurl.template.feature:22 - path: $, actual: 500, expected: 200, reason: not equal (Integer)
15:21:53.332 [ForkJoinPool-1-worker-13] INFO  com.intuit.karate - [print]
15:21:53.332 [ForkJoinPool-1-worker-13] INFO  com.intuit.karate - [print] testing xlinkurl:urn:ogc:def:crs:EPSG::5709
15:21:53.333 [ForkJoinPool-1-worker-13] ERROR com.intuit.karate - org.apache.http.client.ClientProtocolException: URI does not specify a valid host name: urn:ogc:def:crs:EPSG::5709, http call failed after 0 milliseconds for URL: urn:ogc:def:crs:EPSG::5709
15:21:53.333 [ForkJoinPool-1-worker-13] ERROR com.intuit.karate - http request failed: 
org.apache.http.client.ClientProtocolException: URI does not specify a valid host name: urn:ogc:def:crs:EPSG::5709
15:21:53.333 [ForkJoinPool-1-worker-13] ERROR com.intuit.karate - feature call (loop) failed at index: 4
caller: classpath:InspireTest/ngr/datasetrecords/def/checkxlinkurl.template.feature
arg: {"link":"urn:ogc:def:crs:EPSG::5709"}
checkxlinkurl.template.feature:14 - 
org.apache.http.client.ClientProtocolException: URI does not specify a valid host name: urn:ogc:def:crs:EPSG::5709
15:21:53.876 [ForkJoinPool-1-worker-13] INFO  com.intuit.karate - [print] title:Kaderrichtlijn Water - Deelstroomgebieden Nederland 2019 vlakken
15:21:53.877 [ForkJoinPool-1-worker-13] INFO  com.intuit.karate - [print] Kaderrichtlijn Water - Deelstroomgebieden Nederland 2019 vlakken
15:21:53.877 [ForkJoinPool-1-worker-13] INFO  com.intuit.karate - [print] [
  "servicedesk-data@rijkswaterstaat.nl",
  "servicedesk-data@rijkswaterstaat.nl",
  "",
  "servicedesk-data@rijkswaterstaat.nl",
  "servicedesk-data@rijkswaterstaat.nl"
]

15:21:53.878 [ForkJoinPool-1-worker-13] INFO  com.intuit.karate - [print] organisation: [
  "Rijkswaterstaat",
  "Rijkswaterstaat",
  "",
  "Rijkswaterstaat",
  "Rijkswaterstaat"
]

15:21:53.881 [ForkJoinPool-1-worker-13] INFO  com.intuit.karate - [print] [
  "https://www.nationaalgeoregister.nl/geonetwork/srv/dut/catalog.search#/metadata/krw-782cab20-8328-45f1-a9b2-c27d07c14066",
  "http://rdfdata.eionet.europa.eu/inspirethemes/themes/24",
  "http://inspire.ec.europa.eu/metadata-codelist/PriorityDataset#",
  "https://ngr.geocat.live/geonetwork/srv/eng/thesaurus.download?ref=external.theme.httpinspireeceuropaeumetadatacodelistPrioritydataset-Prioritydataset",
  "urn:ogc:def:crs:EPSG::5709"
]

15:21:53.884 [ForkJoinPool-1-worker-13] INFO  com.intuit.karate - [print]
15:21:53.885 [ForkJoinPool-1-worker-13] INFO  com.intuit.karate - [print] testing xlinkurl:https://www.nationaalgeoregister.nl/geonetwork/srv/dut/catalog.search#/metadata/krw-782cab20-8328-45f1-a9b2-c27d07c14066
15:21:54.320 [ForkJoinPool-1-worker-13] INFO  com.intuit.karate - [print]
15:21:54.320 [ForkJoinPool-1-worker-13] INFO  com.intuit.karate - [print] testing xlinkurl:http://rdfdata.eionet.europa.eu/inspirethemes/themes/24
15:21:54.521 [ForkJoinPool-1-worker-13] ERROR com.intuit.karate - assertion failed: path: $, actual: 404, expected: 200, reason: not equal (Integer)
15:21:54.521 [ForkJoinPool-1-worker-13] ERROR com.intuit.karate - feature call (loop) failed at index: 1
caller: classpath:InspireTest/ngr/datasetrecords/def/checkxlinkurl.template.feature
arg: {"link":"http://rdfdata.eionet.europa.eu/inspirethemes/themes/24"}
checkxlinkurl.template.feature:22 - path: $, actual: 404, expected: 200, reason: not equal (Integer)
15:21:54.522 [ForkJoinPool-1-worker-13] INFO  com.intuit.karate - [print]
15:21:54.522 [ForkJoinPool-1-worker-13] INFO  com.intuit.karate - [print] testing xlinkurl:http://inspire.ec.europa.eu/metadata-codelist/PriorityDataset#
15:21:58.908 [ForkJoinPool-1-worker-9] INFO  com.intuit.karate - [print]
15:21:58.908 [ForkJoinPool-1-worker-9] INFO  com.intuit.karate - [print] testing xlinkurl:https://ngr.geocat.live/geonetwork/srv/eng/thesaurus.download?ref=external.theme.httpinspireeceuropaeumetadatacodelistPrioritydataset-Prioritydataset
15:21:59.071 [ForkJoinPool-1-worker-3] INFO  com.intuit.karate - [print]
15:21:59.072 [ForkJoinPool-1-worker-3] INFO  com.intuit.karate - [print] testing xlinkurl:https://ngr.geocat.live/geonetwork/srv/eng/thesaurus.download?ref=external.theme.httpinspireeceuropaeumetadatacodelistPrioritydataset-Prioritydataset
15:21:59.237 [ForkJoinPool-1-worker-9] ERROR com.intuit.karate - assertion failed: path: $, actual: 500, expected: 200, reason: not equal (Integer)
15:21:59.238 [ForkJoinPool-1-worker-9] ERROR com.intuit.karate - feature call (loop) failed at index: 3
caller: classpath:InspireTest/ngr/datasetrecords/def/checkxlinkurl.template.feature
arg: {"link":"https://ngr.geocat.live/geonetwork/srv/eng/thesaurus.download?ref=external.theme.httpinspireeceuropaeumetadatacodelistPrioritydataset-Prioritydataset"}
checkxlinkurl.template.feature:22 - path: $, actual: 500, expected: 200, reason: not equal (Integer)
15:21:59.239 [ForkJoinPool-1-worker-9] INFO  com.intuit.karate - [print]
15:21:59.241 [ForkJoinPool-1-worker-9] INFO  com.intuit.karate - [print] testing xlinkurl:urn:ogc:def:crs:EPSG::5709
15:21:59.241 [ForkJoinPool-1-worker-9] ERROR com.intuit.karate - org.apache.http.client.ClientProtocolException: URI does not specify a valid host name: urn:ogc:def:crs:EPSG::5709, http call failed after 0 milliseconds for URL: urn:ogc:def:crs:EPSG::5709
15:21:59.243 [ForkJoinPool-1-worker-9] ERROR com.intuit.karate - http request failed: 
org.apache.http.client.ClientProtocolException: URI does not specify a valid host name: urn:ogc:def:crs:EPSG::5709
15:21:59.243 [ForkJoinPool-1-worker-9] ERROR com.intuit.karate - feature call (loop) failed at index: 4
caller: classpath:InspireTest/ngr/datasetrecords/def/checkxlinkurl.template.feature
arg: {"link":"urn:ogc:def:crs:EPSG::5709"}
checkxlinkurl.template.feature:14 - 
org.apache.http.client.ClientProtocolException: URI does not specify a valid host name: urn:ogc:def:crs:EPSG::5709
15:21:59.404 [ForkJoinPool-1-worker-3] ERROR com.intuit.karate - assertion failed: path: $, actual: 500, expected: 200, reason: not equal (Integer)
15:21:59.404 [ForkJoinPool-1-worker-3] ERROR com.intuit.karate - feature call (loop) failed at index: 3
caller: classpath:InspireTest/ngr/datasetrecords/def/checkxlinkurl.template.feature
arg: {"link":"https://ngr.geocat.live/geonetwork/srv/eng/thesaurus.download?ref=external.theme.httpinspireeceuropaeumetadatacodelistPrioritydataset-Prioritydataset"}
checkxlinkurl.template.feature:22 - path: $, actual: 500, expected: 200, reason: not equal (Integer)
15:21:59.405 [ForkJoinPool-1-worker-3] INFO  com.intuit.karate - [print]
15:21:59.405 [ForkJoinPool-1-worker-3] INFO  com.intuit.karate - [print] testing xlinkurl:urn:ogc:def:crs:EPSG::5709
15:21:59.405 [ForkJoinPool-1-worker-3] ERROR com.intuit.karate - org.apache.http.client.ClientProtocolException: URI does not specify a valid host name: urn:ogc:def:crs:EPSG::5709, http call failed after 0 milliseconds for URL: urn:ogc:def:crs:EPSG::5709
15:21:59.405 [ForkJoinPool-1-worker-3] ERROR com.intuit.karate - http request failed: 
org.apache.http.client.ClientProtocolException: URI does not specify a valid host name: urn:ogc:def:crs:EPSG::5709
15:21:59.405 [ForkJoinPool-1-worker-3] ERROR com.intuit.karate - feature call (loop) failed at index: 4
caller: classpath:InspireTest/ngr/datasetrecords/def/checkxlinkurl.template.feature
arg: {"link":"urn:ogc:def:crs:EPSG::5709"}
checkxlinkurl.template.feature:14 - 
org.apache.http.client.ClientProtocolException: URI does not specify a valid host name: urn:ogc:def:crs:EPSG::5709
15:21:59.841 [ForkJoinPool-1-worker-9] INFO  com.intuit.karate - [print] title:Kaderrichtlijn Mariene Strategie - Mariene wateren Nederland EU2018
15:21:59.841 [ForkJoinPool-1-worker-9] INFO  com.intuit.karate - [print] Kaderrichtlijn Mariene Strategie - Mariene wateren Nederland EU2018
15:21:59.842 [ForkJoinPool-1-worker-9] INFO  com.intuit.karate - [print] [
  "servicedesk-data@rijkswaterstaat.nl",
  "servicedesk-data@rijkswaterstaat.nl",
  "",
  "servicedesk-data@rijkswaterstaat.nl",
  "servicedesk-data@rijkswaterstaat.nl"
]

15:21:59.844 [ForkJoinPool-1-worker-9] INFO  com.intuit.karate - [print] organisation: [
  "Rijkswaterstaat",
  "Rijkswaterstaat",
  "",
  "Rijkswaterstaat",
  "Rijkswaterstaat"
]

15:21:59.847 [ForkJoinPool-1-worker-9] INFO  com.intuit.karate - [print] [
  "https://www.nationaalgeoregister.nl/geonetwork/srv/dut/catalog.search#/metadata/krm-a905-9d8e-4758-83fa-28b057f185e4",
  "http://rdfdata.eionet.europa.eu/inspirethemes/themes/24",
  "http://inspire.ec.europa.eu/metadata-codelist/PriorityDataset#",
  "https://ngr.geocat.live/geonetwork/srv/eng/thesaurus.download?ref=external.theme.httpinspireeceuropaeumetadatacodelistPrioritydataset-Prioritydataset"
]

15:21:59.849 [ForkJoinPool-1-worker-9] INFO  com.intuit.karate - [print]
15:21:59.849 [ForkJoinPool-1-worker-9] INFO  com.intuit.karate - [print] testing xlinkurl:https://www.nationaalgeoregister.nl/geonetwork/srv/dut/catalog.search#/metadata/krm-a905-9d8e-4758-83fa-28b057f185e4
15:22:00.005 [ForkJoinPool-1-worker-3] INFO  com.intuit.karate - [print] title:Kaderrichtlijn Water - Monitoringlocaties Nederland EU2015
15:22:00.006 [ForkJoinPool-1-worker-3] INFO  com.intuit.karate - [print] Kaderrichtlijn Water - Monitoringlocaties Nederland EU2015
15:22:00.006 [ForkJoinPool-1-worker-3] INFO  com.intuit.karate - [print] [
  "servicedesk@ihw.nl",
  "servicedesk-data@rijkswaterstaat.nl",
  "",
  "servicedesk-data@rijkswaterstaat.nl",
  "servicedesk-data@rijkswaterstaat.nl"
]

15:22:00.007 [ForkJoinPool-1-worker-3] INFO  com.intuit.karate - [print] organisation: [
  "Informatiehuis Water",
  "Informatiehuis Water",
  "",
  "Rijkswaterstaat",
  "Rijkswaterstaat"
]

15:22:00.010 [ForkJoinPool-1-worker-3] INFO  com.intuit.karate - [print] [
  "https://www.nationaalgeoregister.nl/geonetwork/srv/dut/catalog.search#/metadata/891ddc2d-8949-4a45-be96-c65b87c41f13",
  "http://rdfdata.eionet.europa.eu/inspirethemes/themes/20",
  "http://inspire.ec.europa.eu/metadata-codelist/PriorityDataset#",
  "https://ngr.geocat.live/geonetwork/srv/eng/thesaurus.download?ref=external.theme.httpinspireeceuropaeumetadatacodelistPrioritydataset-Prioritydataset"
]

15:22:00.013 [ForkJoinPool-1-worker-3] INFO  com.intuit.karate - [print]
15:22:00.013 [ForkJoinPool-1-worker-3] INFO  com.intuit.karate - [print] testing xlinkurl:https://www.nationaalgeoregister.nl/geonetwork/srv/dut/catalog.search#/metadata/891ddc2d-8949-4a45-be96-c65b87c41f13
15:22:00.158 [ForkJoinPool-1-worker-9] INFO  com.intuit.karate - [print]
15:22:00.158 [ForkJoinPool-1-worker-9] INFO  com.intuit.karate - [print] testing xlinkurl:http://rdfdata.eionet.europa.eu/inspirethemes/themes/24
15:22:00.321 [ForkJoinPool-1-worker-3] INFO  com.intuit.karate - [print]
15:22:00.321 [ForkJoinPool-1-worker-3] INFO  com.intuit.karate - [print] testing xlinkurl:http://rdfdata.eionet.europa.eu/inspirethemes/themes/20
15:22:00.360 [ForkJoinPool-1-worker-9] ERROR com.intuit.karate - assertion failed: path: $, actual: 404, expected: 200, reason: not equal (Integer)
15:22:00.360 [ForkJoinPool-1-worker-9] ERROR com.intuit.karate - feature call (loop) failed at index: 1
caller: classpath:InspireTest/ngr/datasetrecords/def/checkxlinkurl.template.feature
arg: {"link":"http://rdfdata.eionet.europa.eu/inspirethemes/themes/24"}
checkxlinkurl.template.feature:22 - path: $, actual: 404, expected: 200, reason: not equal (Integer)
15:22:00.361 [ForkJoinPool-1-worker-9] INFO  com.intuit.karate - [print]
15:22:00.361 [ForkJoinPool-1-worker-9] INFO  com.intuit.karate - [print] testing xlinkurl:http://inspire.ec.europa.eu/metadata-codelist/PriorityDataset#
15:22:00.522 [ForkJoinPool-1-worker-3] ERROR com.intuit.karate - assertion failed: path: $, actual: 404, expected: 200, reason: not equal (Integer)
15:22:00.522 [ForkJoinPool-1-worker-3] ERROR com.intuit.karate - feature call (loop) failed at index: 1
caller: classpath:InspireTest/ngr/datasetrecords/def/checkxlinkurl.template.feature
arg: {"link":"http://rdfdata.eionet.europa.eu/inspirethemes/themes/20"}
checkxlinkurl.template.feature:22 - path: $, actual: 404, expected: 200, reason: not equal (Integer)
15:22:00.524 [ForkJoinPool-1-worker-3] INFO  com.intuit.karate - [print]
15:22:00.524 [ForkJoinPool-1-worker-3] INFO  com.intuit.karate - [print] testing xlinkurl:http://inspire.ec.europa.eu/metadata-codelist/PriorityDataset#
15:22:00.894 [ForkJoinPool-1-worker-13] INFO  com.intuit.karate - [print]
15:22:00.894 [ForkJoinPool-1-worker-13] INFO  com.intuit.karate - [print] testing xlinkurl:https://ngr.geocat.live/geonetwork/srv/eng/thesaurus.download?ref=external.theme.httpinspireeceuropaeumetadatacodelistPrioritydataset-Prioritydataset
15:22:01.204 [ForkJoinPool-1-worker-13] ERROR com.intuit.karate - assertion failed: path: $, actual: 500, expected: 200, reason: not equal (Integer)
15:22:01.205 [ForkJoinPool-1-worker-13] ERROR com.intuit.karate - feature call (loop) failed at index: 3
caller: classpath:InspireTest/ngr/datasetrecords/def/checkxlinkurl.template.feature
arg: {"link":"https://ngr.geocat.live/geonetwork/srv/eng/thesaurus.download?ref=external.theme.httpinspireeceuropaeumetadatacodelistPrioritydataset-Prioritydataset"}
checkxlinkurl.template.feature:22 - path: $, actual: 500, expected: 200, reason: not equal (Integer)
15:22:01.207 [ForkJoinPool-1-worker-13] INFO  com.intuit.karate - [print]
15:22:01.208 [ForkJoinPool-1-worker-13] INFO  com.intuit.karate - [print] testing xlinkurl:urn:ogc:def:crs:EPSG::5709
15:22:01.208 [ForkJoinPool-1-worker-13] ERROR com.intuit.karate - org.apache.http.client.ClientProtocolException: URI does not specify a valid host name: urn:ogc:def:crs:EPSG::5709, http call failed after 0 milliseconds for URL: urn:ogc:def:crs:EPSG::5709
15:22:01.208 [ForkJoinPool-1-worker-13] ERROR com.intuit.karate - http request failed: 
org.apache.http.client.ClientProtocolException: URI does not specify a valid host name: urn:ogc:def:crs:EPSG::5709
15:22:01.208 [ForkJoinPool-1-worker-13] ERROR com.intuit.karate - feature call (loop) failed at index: 4
caller: classpath:InspireTest/ngr/datasetrecords/def/checkxlinkurl.template.feature
arg: {"link":"urn:ogc:def:crs:EPSG::5709"}
checkxlinkurl.template.feature:14 - 
org.apache.http.client.ClientProtocolException: URI does not specify a valid host name: urn:ogc:def:crs:EPSG::5709
15:22:01.244 [ForkJoinPool-1-worker-5] INFO  com.intuit.karate - [print]
15:22:01.244 [ForkJoinPool-1-worker-5] INFO  com.intuit.karate - [print] testing xlinkurl:https://ngr.geocat.live/geonetwork/srv/eng/thesaurus.download?ref=external.theme.httpinspireeceuropaeumetadatacodelistPrioritydataset-Prioritydataset
15:22:01.552 [ForkJoinPool-1-worker-5] ERROR com.intuit.karate - assertion failed: path: $, actual: 500, expected: 200, reason: not equal (Integer)
15:22:01.552 [ForkJoinPool-1-worker-5] ERROR com.intuit.karate - feature call (loop) failed at index: 3
caller: classpath:InspireTest/ngr/datasetrecords/def/checkxlinkurl.template.feature
arg: {"link":"https://ngr.geocat.live/geonetwork/srv/eng/thesaurus.download?ref=external.theme.httpinspireeceuropaeumetadatacodelistPrioritydataset-Prioritydataset"}
checkxlinkurl.template.feature:22 - path: $, actual: 500, expected: 200, reason: not equal (Integer)
15:22:01.769 [ForkJoinPool-1-worker-13] INFO  com.intuit.karate - [print] title:Ruimtelijke plannen Wro: Ruimtelijkeplannen.nl
15:22:01.769 [ForkJoinPool-1-worker-13] INFO  com.intuit.karate - [print] Ruimtelijke plannen Wro: Ruimtelijkeplannen.nl
15:22:01.770 [ForkJoinPool-1-worker-13] INFO  com.intuit.karate - [print] [
  "PPB-GVA@kadaster.nl",
  "ruimtelijkeplannen@kadaster.nl"
]

15:22:01.771 [ForkJoinPool-1-worker-13] INFO  com.intuit.karate - [print] organisation: [
  "Kadaster",
  "Kadaster"
]

15:22:01.774 [ForkJoinPool-1-worker-13] INFO  com.intuit.karate - [print] [
  "http://kadaster/e2318c58-b1e6-4621-9c77-33b8a1fd0e76"
]

15:22:01.777 [ForkJoinPool-1-worker-13] INFO  com.intuit.karate - [print]
15:22:01.777 [ForkJoinPool-1-worker-13] INFO  com.intuit.karate - [print] testing xlinkurl:http://kadaster/e2318c58-b1e6-4621-9c77-33b8a1fd0e76
15:22:01.785 [ForkJoinPool-1-worker-13] ERROR com.intuit.karate - java.net.UnknownHostException: kadaster: Temporary failure in name resolution, http call failed after 7 milliseconds for URL: http://kadaster/e2318c58-b1e6-4621-9c77-33b8a1fd0e76
15:22:01.785 [ForkJoinPool-1-worker-13] ERROR com.intuit.karate - http request failed: 
java.net.UnknownHostException: kadaster: Temporary failure in name resolution
15:22:01.785 [ForkJoinPool-1-worker-13] ERROR com.intuit.karate - feature call (loop) failed at index: 0
caller: classpath:InspireTest/ngr/datasetrecords/def/checkxlinkurl.template.feature
arg: {"link":"http://kadaster/e2318c58-b1e6-4621-9c77-33b8a1fd0e76"}
checkxlinkurl.template.feature:14 - 
java.net.UnknownHostException: kadaster: Temporary failure in name resolution
15:22:02.131 [ForkJoinPool-1-worker-5] INFO  com.intuit.karate - [print] title:Richtlijn Overstromingsrisico - gebieden met Potentieel Significant Overstromingsrisico EU2018 lijnen
15:22:02.131 [ForkJoinPool-1-worker-5] INFO  com.intuit.karate - [print] Richtlijn Overstromingsrisico - gebieden met Potentieel Significant Overstromingsrisico EU2018 lijnen
15:22:02.132 [ForkJoinPool-1-worker-5] INFO  com.intuit.karate - [print] [
  "servicedesk-data@rijkswaterstaat.nl",
  "servicedesk-data@rijkswaterstaat.nl",
  "",
  "servicedesk-data@rijkswaterstaat.nl",
  "servicedesk-data@rijkswaterstaat.nl"
]

15:22:02.133 [ForkJoinPool-1-worker-5] INFO  com.intuit.karate - [print] organisation: [
  "Rijkswaterstaat",
  "Rijkswaterstaat",
  "",
  "Rijkswaterstaat",
  "Rijkswaterstaat"
]

15:22:02.137 [ForkJoinPool-1-worker-5] INFO  com.intuit.karate - [print] [
  "https://www.nationaalgeoregister.nl/geonetwork/srv/dut/catalog.search#/metadata/ror-9d8e-4758-83fx-28b057f185g1",
  "http://rdfdata.eionet.europa.eu/inspirethemes/themes/25",
  "http://inspire.ec.europa.eu/metadata-codelist/PriorityDataset#",
  "https://ngr.geocat.live/geonetwork/srv/eng/thesaurus.download?ref=external.theme.httpinspireeceuropaeumetadatacodelistPrioritydataset-Prioritydataset",
  "urn:ogc:def:crs:EPSG::5709"
]

15:22:02.143 [ForkJoinPool-1-worker-5] INFO  com.intuit.karate - [print]
15:22:02.143 [ForkJoinPool-1-worker-5] INFO  com.intuit.karate - [print] testing xlinkurl:https://www.nationaalgeoregister.nl/geonetwork/srv/dut/catalog.search#/metadata/ror-9d8e-4758-83fx-28b057f185g1
15:22:02.377 [ForkJoinPool-1-worker-13] INFO  com.intuit.karate - [print] title:Richtlijn Overstromingsrisico - gebieden met Potentieel Significant Overstromingsrisico EU2018 vlakken
15:22:02.377 [ForkJoinPool-1-worker-13] INFO  com.intuit.karate - [print] Richtlijn Overstromingsrisico - gebieden met Potentieel Significant Overstromingsrisico EU2018 vlakken
15:22:02.377 [ForkJoinPool-1-worker-13] INFO  com.intuit.karate - [print] [
  "servicedesk-data@rijkswaterstaat.nl",
  "servicedesk-data@rijkswaterstaat.nl",
  "",
  "servicedesk-data@rijkswaterstaat.nl",
  "servicedesk-data@rijkswaterstaat.nl"
]

15:22:02.378 [ForkJoinPool-1-worker-13] INFO  com.intuit.karate - [print] organisation: [
  "Rijkswaterstaat",
  "Rijkswaterstaat",
  "",
  "Rijkswaterstaat",
  "Rijkswaterstaat"
]

15:22:02.381 [ForkJoinPool-1-worker-13] INFO  com.intuit.karate - [print] [
  "https://www.nationaalgeoregister.nl/geonetwork/srv/dut/catalog.search#/metadata/ror-9d8e-4758-83fx-28b057f185e1",
  "http://rdfdata.eionet.europa.eu/inspirethemes/themes/25",
  "http://inspire.ec.europa.eu/metadata-codelist/PriorityDataset#",
  "https://ngr.geocat.live/geonetwork/srv/eng/thesaurus.download?ref=external.theme.httpinspireeceuropaeumetadatacodelistPrioritydataset-Prioritydataset",
  "urn:ogc:def:crs:EPSG::5709"
]

15:22:02.384 [ForkJoinPool-1-worker-13] INFO  com.intuit.karate - [print]
15:22:02.384 [ForkJoinPool-1-worker-13] INFO  com.intuit.karate - [print] testing xlinkurl:https://www.nationaalgeoregister.nl/geonetwork/srv/dut/catalog.search#/metadata/ror-9d8e-4758-83fx-28b057f185e1
15:22:02.460 [ForkJoinPool-1-worker-5] INFO  com.intuit.karate - [print]
15:22:02.460 [ForkJoinPool-1-worker-5] INFO  com.intuit.karate - [print] testing xlinkurl:http://rdfdata.eionet.europa.eu/inspirethemes/themes/25
15:22:02.525 [ForkJoinPool-1-worker-9] INFO  com.intuit.karate - [print]
15:22:02.525 [ForkJoinPool-1-worker-9] INFO  com.intuit.karate - [print] testing xlinkurl:https://ngr.geocat.live/geonetwork/srv/eng/thesaurus.download?ref=external.theme.httpinspireeceuropaeumetadatacodelistPrioritydataset-Prioritydataset
15:22:02.669 [ForkJoinPool-1-worker-5] ERROR com.intuit.karate - assertion failed: path: $, actual: 404, expected: 200, reason: not equal (Integer)
15:22:02.669 [ForkJoinPool-1-worker-5] ERROR com.intuit.karate - feature call (loop) failed at index: 1
caller: classpath:InspireTest/ngr/datasetrecords/def/checkxlinkurl.template.feature
arg: {"link":"http://rdfdata.eionet.europa.eu/inspirethemes/themes/25"}
checkxlinkurl.template.feature:22 - path: $, actual: 404, expected: 200, reason: not equal (Integer)
15:22:02.670 [ForkJoinPool-1-worker-5] INFO  com.intuit.karate - [print]
15:22:02.670 [ForkJoinPool-1-worker-5] INFO  com.intuit.karate - [print] testing xlinkurl:http://inspire.ec.europa.eu/metadata-codelist/PriorityDataset#
15:22:02.692 [ForkJoinPool-1-worker-13] INFO  com.intuit.karate - [print]
15:22:02.693 [ForkJoinPool-1-worker-13] INFO  com.intuit.karate - [print] testing xlinkurl:http://rdfdata.eionet.europa.eu/inspirethemes/themes/25
15:22:02.836 [ForkJoinPool-1-worker-9] ERROR com.intuit.karate - assertion failed: path: $, actual: 500, expected: 200, reason: not equal (Integer)
15:22:02.836 [ForkJoinPool-1-worker-9] ERROR com.intuit.karate - feature call (loop) failed at index: 3
caller: classpath:InspireTest/ngr/datasetrecords/def/checkxlinkurl.template.feature
arg: {"link":"https://ngr.geocat.live/geonetwork/srv/eng/thesaurus.download?ref=external.theme.httpinspireeceuropaeumetadatacodelistPrioritydataset-Prioritydataset"}
checkxlinkurl.template.feature:22 - path: $, actual: 500, expected: 200, reason: not equal (Integer)
15:22:02.963 [ForkJoinPool-1-worker-7] INFO  com.intuit.karate - [print]
15:22:02.963 [ForkJoinPool-1-worker-7] INFO  com.intuit.karate - [print] testing xlinkurl:https://ngr.geocat.live/geonetwork/srv/eng/thesaurus.download?ref=external.theme.httpinspireeceuropaeumetadatacodelistPrioritydataset-Prioritydataset
15:22:03.089 [ForkJoinPool-1-worker-11] INFO  com.intuit.karate - [print]
15:22:03.089 [ForkJoinPool-1-worker-11] INFO  com.intuit.karate - [print] testing xlinkurl:https://ngr.geocat.live/geonetwork/srv/eng/thesaurus.download?ref=external.theme.httpinspireeceuropaeumetadatacodelistPrioritydataset-Prioritydataset
15:22:03.289 [ForkJoinPool-1-worker-7] ERROR com.intuit.karate - assertion failed: path: $, actual: 500, expected: 200, reason: not equal (Integer)
15:22:03.289 [ForkJoinPool-1-worker-7] ERROR com.intuit.karate - feature call (loop) failed at index: 3
caller: classpath:InspireTest/ngr/datasetrecords/def/checkxlinkurl.template.feature
arg: {"link":"https://ngr.geocat.live/geonetwork/srv/eng/thesaurus.download?ref=external.theme.httpinspireeceuropaeumetadatacodelistPrioritydataset-Prioritydataset"}
checkxlinkurl.template.feature:22 - path: $, actual: 500, expected: 200, reason: not equal (Integer)
15:22:03.389 [ForkJoinPool-1-worker-9] INFO  com.intuit.karate - [print] title:NWB - Wegen
15:22:03.389 [ForkJoinPool-1-worker-9] INFO  com.intuit.karate - [print] NWB - Wegen
15:22:03.390 [ForkJoinPool-1-worker-9] INFO  com.intuit.karate - [print] [
  "servicedesk-data@rijkswaterstaat.nl",
  "servicedesk-data@rijkswaterstaat.nl",
  "",
  "servicedesk-data@rijkswaterstaat.nl",
  "servicedesk-data@rws.n"
]

15:22:03.402 [ForkJoinPool-1-worker-9] INFO  com.intuit.karate - [print] organisation: [
  "Rijkswaterstaat",
  "Rijkswaterstaat",
  "",
  "Rijkswaterstaat",
  "Rijkswaterstaat"
]

15:22:03.406 [ForkJoinPool-1-worker-9] INFO  com.intuit.karate - [print] [
  "https://www.nationaalgeoregister.nl/geonetwork/srv/dut/catalog.search#/metadata/a9b7026e-0a81-4813-93bd-ba49e6f28502",
  "http://rdfdata.eionet.europa.eu/inspirethemes/themes/7",
  "http://rdfdata.eionet.europa.eu/inspirethemes/themes/18",
  "http://inspire.ec.europa.eu/metadata-codelist/PriorityDataset#",
  "https://ngr.geocat.live/geonetwork/srv/eng/thesaurus.download?ref=external.theme.httpinspireeceuropaeumetadatacodelistPrioritydataset-Prioritydataset",
  "urn:ogc:def:crs:EPSG::5709"
]

15:22:03.416 [ForkJoinPool-1-worker-11] ERROR com.intuit.karate - assertion failed: path: $, actual: 500, expected: 200, reason: not equal (Integer)
15:22:03.417 [ForkJoinPool-1-worker-11] ERROR com.intuit.karate - feature call (loop) failed at index: 3
caller: classpath:InspireTest/ngr/datasetrecords/def/checkxlinkurl.template.feature
arg: {"link":"https://ngr.geocat.live/geonetwork/srv/eng/thesaurus.download?ref=external.theme.httpinspireeceuropaeumetadatacodelistPrioritydataset-Prioritydataset"}
checkxlinkurl.template.feature:22 - path: $, actual: 500, expected: 200, reason: not equal (Integer)
15:22:03.419 [ForkJoinPool-1-worker-9] INFO  com.intuit.karate - [print]
15:22:03.419 [ForkJoinPool-1-worker-9] INFO  com.intuit.karate - [print] testing xlinkurl:https://www.nationaalgeoregister.nl/geonetwork/srv/dut/catalog.search#/metadata/a9b7026e-0a81-4813-93bd-ba49e6f28502
15:22:03.732 [ForkJoinPool-1-worker-9] INFO  com.intuit.karate - [print]
15:22:03.733 [ForkJoinPool-1-worker-9] INFO  com.intuit.karate - [print] testing xlinkurl:http://rdfdata.eionet.europa.eu/inspirethemes/themes/7
15:22:03.857 [ForkJoinPool-1-worker-7] INFO  com.intuit.karate - [print] title:CBS Vierkantstatistieken 500m
15:22:03.858 [ForkJoinPool-1-worker-7] INFO  com.intuit.karate - [print] CBS Vierkantstatistieken 500m
15:22:03.859 [ForkJoinPool-1-worker-7] INFO  com.intuit.karate - [print] [
  "infoservice@cbs.nl",
  "infoservice@cbs.nl",
  "infoservice@cbs.nl",
  ""
]

15:22:03.861 [ForkJoinPool-1-worker-7] INFO  com.intuit.karate - [print] organisation: [
  "Centraal Bureau voor de Statistiek",
  "Centraal Bureau voor de Statistiek",
  "Centraal Bureau voor de Statistiek",
  "Centraal Bureau voor de Statistiek"
]

15:22:03.869 [ForkJoinPool-1-worker-7] INFO  com.intuit.karate - [print] [
  "http://geodata.nationaalgeoregister.nl/cbsvierkanten500mv2/atom/cbsvierkanten500mv2.xml"
]

15:22:03.873 [ForkJoinPool-1-worker-7] INFO  com.intuit.karate - [print]
15:22:03.874 [ForkJoinPool-1-worker-7] INFO  com.intuit.karate - [print] testing xlinkurl:http://geodata.nationaalgeoregister.nl/cbsvierkanten500mv2/atom/cbsvierkanten500mv2.xml
15:22:03.896 [ForkJoinPool-1-worker-13] ERROR com.intuit.karate - assertion failed: path: $, actual: 404, expected: 200, reason: not equal (Integer)
15:22:03.896 [ForkJoinPool-1-worker-13] ERROR com.intuit.karate - feature call (loop) failed at index: 1
caller: classpath:InspireTest/ngr/datasetrecords/def/checkxlinkurl.template.feature
arg: {"link":"http://rdfdata.eionet.europa.eu/inspirethemes/themes/25"}
checkxlinkurl.template.feature:22 - path: $, actual: 404, expected: 200, reason: not equal (Integer)
15:22:03.896 [ForkJoinPool-1-worker-13] INFO  com.intuit.karate - [print]
15:22:03.897 [ForkJoinPool-1-worker-13] INFO  com.intuit.karate - [print] testing xlinkurl:http://inspire.ec.europa.eu/metadata-codelist/PriorityDataset#
15:22:03.945 [ForkJoinPool-1-worker-9] ERROR com.intuit.karate - assertion failed: path: $, actual: 404, expected: 200, reason: not equal (Integer)
15:22:03.945 [ForkJoinPool-1-worker-9] ERROR com.intuit.karate - feature call (loop) failed at index: 1
caller: classpath:InspireTest/ngr/datasetrecords/def/checkxlinkurl.template.feature
arg: {"link":"http://rdfdata.eionet.europa.eu/inspirethemes/themes/7"}
checkxlinkurl.template.feature:22 - path: $, actual: 404, expected: 200, reason: not equal (Integer)
15:22:03.946 [ForkJoinPool-1-worker-9] INFO  com.intuit.karate - [print]
15:22:03.946 [ForkJoinPool-1-worker-9] INFO  com.intuit.karate - [print] testing xlinkurl:http://rdfdata.eionet.europa.eu/inspirethemes/themes/18
15:22:04.010 [ForkJoinPool-1-worker-11] INFO  com.intuit.karate - [print] title:CBS Vierkantstatistieken 100m
15:22:04.010 [ForkJoinPool-1-worker-11] INFO  com.intuit.karate - [print] CBS Vierkantstatistieken 100m
15:22:04.011 [ForkJoinPool-1-worker-11] INFO  com.intuit.karate - [print] [
  "infoservice@cbs.nl",
  "infoservice@cbs.nl",
  "infoservice@cbs.nl",
  ""
]

15:22:04.012 [ForkJoinPool-1-worker-11] INFO  com.intuit.karate - [print] organisation: [
  "Centraal Bureau voor de Statistiek",
  "Centraal Bureau voor de Statistiek",
  "Centraal Bureau voor de Statistiek",
  "Centraal Bureau voor de Statistiek"
]

15:22:04.014 [ForkJoinPool-1-worker-11] INFO  com.intuit.karate - [print] [
  "http://geodata.nationaalgeoregister.nl/cbsvierkanten100mv2/atom/cbsvierkanten100mv2.xml"
]

15:22:04.017 [ForkJoinPool-1-worker-11] INFO  com.intuit.karate - [print]
15:22:04.017 [ForkJoinPool-1-worker-11] INFO  com.intuit.karate - [print] testing xlinkurl:http://geodata.nationaalgeoregister.nl/cbsvierkanten100mv2/atom/cbsvierkanten100mv2.xml
15:22:04.147 [ForkJoinPool-1-worker-9] ERROR com.intuit.karate - assertion failed: path: $, actual: 404, expected: 200, reason: not equal (Integer)
15:22:04.148 [ForkJoinPool-1-worker-9] ERROR com.intuit.karate - feature call (loop) failed at index: 2
caller: classpath:InspireTest/ngr/datasetrecords/def/checkxlinkurl.template.feature
arg: {"link":"http://rdfdata.eionet.europa.eu/inspirethemes/themes/18"}
checkxlinkurl.template.feature:22 - path: $, actual: 404, expected: 200, reason: not equal (Integer)
15:22:04.149 [ForkJoinPool-1-worker-9] INFO  com.intuit.karate - [print]
15:22:04.150 [ForkJoinPool-1-worker-9] INFO  com.intuit.karate - [print] testing xlinkurl:http://inspire.ec.europa.eu/metadata-codelist/PriorityDataset#
15:22:04.621 [ForkJoinPool-1-worker-7] INFO  com.intuit.karate - [print] title:Richtlijn Overstromingsrisico - historische overstromingen EU2018
15:22:04.621 [ForkJoinPool-1-worker-7] INFO  com.intuit.karate - [print] Richtlijn Overstromingsrisico - historische overstromingen EU2018
15:22:04.622 [ForkJoinPool-1-worker-7] INFO  com.intuit.karate - [print] [
  "servicedesk-data@rijkswaterstaat.nl",
  "servicedesk-data@rijkswaterstaat.nl",
  "",
  "servicedesk-data@rijkswaterstaat.nl",
  "servicedesk-data@rijkswaterstaat.nl"
]

15:22:04.624 [ForkJoinPool-1-worker-7] INFO  com.intuit.karate - [print] organisation: [
  "Rijkswaterstaat",
  "Rijkswaterstaat",
  "",
  "Rijkswaterstaat",
  "Rijkswaterstaat"
]

15:22:04.628 [ForkJoinPool-1-worker-7] INFO  com.intuit.karate - [print] [
  "https://www.nationaalgeoregister.nl/geonetwork/srv/dut/catalog.search#/metadata/ror-9d8e-4758-83fx-28b057f185f1",
  "http://rdfdata.eionet.europa.eu/inspirethemes/themes/25",
  "http://inspire.ec.europa.eu/metadata-codelist/PriorityDataset#",
  "https://ngr.geocat.live/geonetwork/srv/eng/thesaurus.download?ref=external.theme.httpinspireeceuropaeumetadatacodelistPrioritydataset-Prioritydataset",
  "urn:ogc:def:crs:EPSG::5709"
]

15:22:04.632 [ForkJoinPool-1-worker-7] INFO  com.intuit.karate - [print]
15:22:04.632 [ForkJoinPool-1-worker-7] INFO  com.intuit.karate - [print] testing xlinkurl:https://www.nationaalgeoregister.nl/geonetwork/srv/dut/catalog.search#/metadata/ror-9d8e-4758-83fx-28b057f185f1
15:22:04.795 [ForkJoinPool-1-worker-11] INFO  com.intuit.karate - [print] title:Richtlijn Stedelijk Afvalwater - lozingspunten Nederland EU2015
15:22:04.795 [ForkJoinPool-1-worker-11] INFO  com.intuit.karate - [print] Richtlijn Stedelijk Afvalwater - lozingspunten Nederland EU2015
15:22:04.797 [ForkJoinPool-1-worker-11] INFO  com.intuit.karate - [print] [
  "servicedesk-data@rijkswaterstaat.nl",
  "servicedesk-data@rijkswaterstaat.nl",
  "",
  "servicedesk-data@rijkswaterstaat.nl",
  "servicedesk-data@rijkswaterstaat.nl"
]

15:22:04.799 [ForkJoinPool-1-worker-11] INFO  com.intuit.karate - [print] organisation: [
  "Rijkswaterstaat",
  "Rijkswaterstaat",
  "",
  "Rijkswaterstaat",
  "Rijkswaterstaat"
]

15:22:04.804 [ForkJoinPool-1-worker-11] INFO  com.intuit.karate - [print] [
  "https://www.nationaalgeoregister.nl/geonetwork/srv/dut/catalog.search#/metadata/uwwtd-9d8e-4758-83fa-28b057f185e2",
  "http://rdfdata.eionet.europa.eu/inspirethemes/themes/24",
  "http://inspire.ec.europa.eu/metadata-codelist/PriorityDataset#",
  "https://ngr.geocat.live/geonetwork/srv/eng/thesaurus.download?ref=external.theme.httpinspireeceuropaeumetadatacodelistPrioritydataset-Prioritydataset",
  "urn:ogc:def:crs:EPSG::5709"
]

15:22:04.809 [ForkJoinPool-1-worker-11] INFO  com.intuit.karate - [print]
15:22:04.809 [ForkJoinPool-1-worker-11] INFO  com.intuit.karate - [print] testing xlinkurl:https://www.nationaalgeoregister.nl/geonetwork/srv/dut/catalog.search#/metadata/uwwtd-9d8e-4758-83fa-28b057f185e2
15:22:04.943 [ForkJoinPool-1-worker-7] INFO  com.intuit.karate - [print]
15:22:04.943 [ForkJoinPool-1-worker-7] INFO  com.intuit.karate - [print] testing xlinkurl:http://rdfdata.eionet.europa.eu/inspirethemes/themes/25
15:22:05.121 [ForkJoinPool-1-worker-11] INFO  com.intuit.karate - [print]
15:22:05.121 [ForkJoinPool-1-worker-11] INFO  com.intuit.karate - [print] testing xlinkurl:http://rdfdata.eionet.europa.eu/inspirethemes/themes/24
15:22:05.146 [ForkJoinPool-1-worker-7] ERROR com.intuit.karate - assertion failed: path: $, actual: 404, expected: 200, reason: not equal (Integer)
15:22:05.147 [ForkJoinPool-1-worker-7] ERROR com.intuit.karate - feature call (loop) failed at index: 1
caller: classpath:InspireTest/ngr/datasetrecords/def/checkxlinkurl.template.feature
arg: {"link":"http://rdfdata.eionet.europa.eu/inspirethemes/themes/25"}
checkxlinkurl.template.feature:22 - path: $, actual: 404, expected: 200, reason: not equal (Integer)
15:22:05.147 [ForkJoinPool-1-worker-7] INFO  com.intuit.karate - [print]
15:22:05.147 [ForkJoinPool-1-worker-7] INFO  com.intuit.karate - [print] testing xlinkurl:http://inspire.ec.europa.eu/metadata-codelist/PriorityDataset#
15:22:05.323 [ForkJoinPool-1-worker-11] ERROR com.intuit.karate - assertion failed: path: $, actual: 404, expected: 200, reason: not equal (Integer)
15:22:05.323 [ForkJoinPool-1-worker-11] ERROR com.intuit.karate - feature call (loop) failed at index: 1
caller: classpath:InspireTest/ngr/datasetrecords/def/checkxlinkurl.template.feature
arg: {"link":"http://rdfdata.eionet.europa.eu/inspirethemes/themes/24"}
checkxlinkurl.template.feature:22 - path: $, actual: 404, expected: 200, reason: not equal (Integer)
15:22:05.324 [ForkJoinPool-1-worker-11] INFO  com.intuit.karate - [print]
15:22:05.325 [ForkJoinPool-1-worker-11] INFO  com.intuit.karate - [print] testing xlinkurl:http://inspire.ec.europa.eu/metadata-codelist/PriorityDataset#
15:22:08.838 [ForkJoinPool-1-worker-5] INFO  com.intuit.karate - [print]
15:22:08.838 [ForkJoinPool-1-worker-5] INFO  com.intuit.karate - [print] testing xlinkurl:https://ngr.geocat.live/geonetwork/srv/eng/thesaurus.download?ref=external.theme.httpinspireeceuropaeumetadatacodelistPrioritydataset-Prioritydataset
15:22:09.147 [ForkJoinPool-1-worker-5] ERROR com.intuit.karate - assertion failed: path: $, actual: 500, expected: 200, reason: not equal (Integer)
15:22:09.147 [ForkJoinPool-1-worker-5] ERROR com.intuit.karate - feature call (loop) failed at index: 3
caller: classpath:InspireTest/ngr/datasetrecords/def/checkxlinkurl.template.feature
arg: {"link":"https://ngr.geocat.live/geonetwork/srv/eng/thesaurus.download?ref=external.theme.httpinspireeceuropaeumetadatacodelistPrioritydataset-Prioritydataset"}
checkxlinkurl.template.feature:22 - path: $, actual: 500, expected: 200, reason: not equal (Integer)
15:22:09.149 [ForkJoinPool-1-worker-5] INFO  com.intuit.karate - [print]
15:22:09.150 [ForkJoinPool-1-worker-5] INFO  com.intuit.karate - [print] testing xlinkurl:urn:ogc:def:crs:EPSG::5709
15:22:09.150 [ForkJoinPool-1-worker-5] ERROR com.intuit.karate - org.apache.http.client.ClientProtocolException: URI does not specify a valid host name: urn:ogc:def:crs:EPSG::5709, http call failed after 0 milliseconds for URL: urn:ogc:def:crs:EPSG::5709
15:22:09.151 [ForkJoinPool-1-worker-5] ERROR com.intuit.karate - http request failed: 
org.apache.http.client.ClientProtocolException: URI does not specify a valid host name: urn:ogc:def:crs:EPSG::5709
15:22:09.151 [ForkJoinPool-1-worker-5] ERROR com.intuit.karate - feature call (loop) failed at index: 4
caller: classpath:InspireTest/ngr/datasetrecords/def/checkxlinkurl.template.feature
arg: {"link":"urn:ogc:def:crs:EPSG::5709"}
checkxlinkurl.template.feature:14 - 
org.apache.http.client.ClientProtocolException: URI does not specify a valid host name: urn:ogc:def:crs:EPSG::5709
15:22:09.668 [ForkJoinPool-1-worker-3] INFO  com.intuit.karate - [print]
15:22:09.668 [ForkJoinPool-1-worker-3] INFO  com.intuit.karate - [print] testing xlinkurl:https://ngr.geocat.live/geonetwork/srv/eng/thesaurus.download?ref=external.theme.httpinspireeceuropaeumetadatacodelistPrioritydataset-Prioritydataset
15:22:09.690 [ForkJoinPool-1-worker-5] INFO  com.intuit.karate - [print] title:Richtlijn Stedelijk Afvalwater - agglomeraties Nederland EU2015
15:22:09.690 [ForkJoinPool-1-worker-5] INFO  com.intuit.karate - [print] Richtlijn Stedelijk Afvalwater - agglomeraties Nederland EU2015
15:22:09.691 [ForkJoinPool-1-worker-5] INFO  com.intuit.karate - [print] [
  "servicedesk-data@rijkswaterstaat.nl",
  "servicedesk-data@rijkswaterstaat.nl",
  "",
  "servicedesk-data@rijkswaterstaat.nl",
  "servicedesk-data@rijkswaterstaat.nl"
]

15:22:09.692 [ForkJoinPool-1-worker-5] INFO  com.intuit.karate - [print] organisation: [
  "Rijkswaterstaat",
  "Rijkswaterstaat",
  "",
  "Rijkswaterstaat",
  "Rijkswaterstaat"
]

15:22:09.695 [ForkJoinPool-1-worker-5] INFO  com.intuit.karate - [print] [
  "https://www.nationaalgeoregister.nl/geonetwork/srv/dut/catalog.search#/metadata/uwwtd-9d8e-4758-83fa-28b057f185e1",
  "http://rdfdata.eionet.europa.eu/inspirethemes/themes/24",
  "http://inspire.ec.europa.eu/metadata-codelist/PriorityDataset#",
  "https://ngr.geocat.live/geonetwork/srv/eng/thesaurus.download?ref=external.theme.httpinspireeceuropaeumetadatacodelistPrioritydataset-Prioritydataset",
  "urn:ogc:def:crs:EPSG::5709"
]

15:22:09.698 [ForkJoinPool-1-worker-5] INFO  com.intuit.karate - [print]
15:22:09.698 [ForkJoinPool-1-worker-5] INFO  com.intuit.karate - [print] testing xlinkurl:https://www.nationaalgeoregister.nl/geonetwork/srv/dut/catalog.search#/metadata/uwwtd-9d8e-4758-83fa-28b057f185e1
15:22:09.978 [ForkJoinPool-1-worker-3] ERROR com.intuit.karate - assertion failed: path: $, actual: 500, expected: 200, reason: not equal (Integer)
15:22:09.978 [ForkJoinPool-1-worker-3] ERROR com.intuit.karate - feature call (loop) failed at index: 3
caller: classpath:InspireTest/ngr/datasetrecords/def/checkxlinkurl.template.feature
arg: {"link":"https://ngr.geocat.live/geonetwork/srv/eng/thesaurus.download?ref=external.theme.httpinspireeceuropaeumetadatacodelistPrioritydataset-Prioritydataset"}
checkxlinkurl.template.feature:22 - path: $, actual: 500, expected: 200, reason: not equal (Integer)
15:22:10.027 [ForkJoinPool-1-worker-5] INFO  com.intuit.karate - [print]
15:22:10.027 [ForkJoinPool-1-worker-5] INFO  com.intuit.karate - [print] testing xlinkurl:http://rdfdata.eionet.europa.eu/inspirethemes/themes/24
15:22:10.238 [ForkJoinPool-1-worker-5] ERROR com.intuit.karate - assertion failed: path: $, actual: 404, expected: 200, reason: not equal (Integer)
15:22:10.238 [ForkJoinPool-1-worker-5] ERROR com.intuit.karate - feature call (loop) failed at index: 1
caller: classpath:InspireTest/ngr/datasetrecords/def/checkxlinkurl.template.feature
arg: {"link":"http://rdfdata.eionet.europa.eu/inspirethemes/themes/24"}
checkxlinkurl.template.feature:22 - path: $, actual: 404, expected: 200, reason: not equal (Integer)
15:22:10.240 [ForkJoinPool-1-worker-5] INFO  com.intuit.karate - [print]
15:22:10.240 [ForkJoinPool-1-worker-5] INFO  com.intuit.karate - [print] testing xlinkurl:http://inspire.ec.europa.eu/metadata-codelist/PriorityDataset#
15:22:10.527 [ForkJoinPool-1-worker-3] INFO  com.intuit.karate - [print] title:Bodemgebruik
15:22:10.527 [ForkJoinPool-1-worker-3] INFO  com.intuit.karate - [print] Bodemgebruik
15:22:10.528 [ForkJoinPool-1-worker-3] INFO  com.intuit.karate - [print] [
  "PPB-GVA@kadaster.nl",
  "kcc@kadaster.nl",
  "kcc@kadaster.nl"
]

15:22:10.529 [ForkJoinPool-1-worker-3] INFO  com.intuit.karate - [print] organisation: [
  "Kadaster",
  "Kadaster",
  "Kadaster"
]

15:22:10.531 [ForkJoinPool-1-worker-3] INFO  com.intuit.karate - [print] [
  "http://kadaster/06b6c650-cdb1-11dd-ad8b-0800200c9a78"
]

15:22:10.534 [ForkJoinPool-1-worker-3] INFO  com.intuit.karate - [print]
15:22:10.534 [ForkJoinPool-1-worker-3] INFO  com.intuit.karate - [print] testing xlinkurl:http://kadaster/06b6c650-cdb1-11dd-ad8b-0800200c9a78
15:22:10.535 [ForkJoinPool-1-worker-3] ERROR com.intuit.karate - java.net.UnknownHostException: kadaster, http call failed after 0 milliseconds for URL: http://kadaster/06b6c650-cdb1-11dd-ad8b-0800200c9a78
15:22:10.535 [ForkJoinPool-1-worker-3] ERROR com.intuit.karate - http request failed: 
java.net.UnknownHostException: kadaster
15:22:10.535 [ForkJoinPool-1-worker-3] ERROR com.intuit.karate - feature call (loop) failed at index: 0
caller: classpath:InspireTest/ngr/datasetrecords/def/checkxlinkurl.template.feature
arg: {"link":"http://kadaster/06b6c650-cdb1-11dd-ad8b-0800200c9a78"}
checkxlinkurl.template.feature:14 - 
java.net.UnknownHostException: kadaster
15:22:11.057 [ForkJoinPool-1-worker-3] INFO  com.intuit.karate - [print] title:Adressen
15:22:11.057 [ForkJoinPool-1-worker-3] INFO  com.intuit.karate - [print] Adressen
15:22:11.058 [ForkJoinPool-1-worker-3] INFO  com.intuit.karate - [print] [
  "PPB-GVA@kadaster.nl",
  "kcc@kadaster.nl",
  "kcc@kadaster.nl"
]

15:22:11.059 [ForkJoinPool-1-worker-3] INFO  com.intuit.karate - [print] organisation: [
  "Kadaster",
  "Kadaster",
  "Kadaster"
]

15:22:11.062 [ForkJoinPool-1-worker-3] INFO  com.intuit.karate - [print] [
  "http://kadaster/06b6c650-cdb1-11dd-ad8b-0800200c9a77"
]

15:22:11.065 [ForkJoinPool-1-worker-3] INFO  com.intuit.karate - [print]
15:22:11.065 [ForkJoinPool-1-worker-3] INFO  com.intuit.karate - [print] testing xlinkurl:http://kadaster/06b6c650-cdb1-11dd-ad8b-0800200c9a77
15:22:11.065 [ForkJoinPool-1-worker-3] ERROR com.intuit.karate - java.net.UnknownHostException: kadaster, http call failed after 0 milliseconds for URL: http://kadaster/06b6c650-cdb1-11dd-ad8b-0800200c9a77
15:22:11.065 [ForkJoinPool-1-worker-3] ERROR com.intuit.karate - http request failed: 
java.net.UnknownHostException: kadaster
15:22:11.065 [ForkJoinPool-1-worker-3] ERROR com.intuit.karate - feature call (loop) failed at index: 0
caller: classpath:InspireTest/ngr/datasetrecords/def/checkxlinkurl.template.feature
arg: {"link":"http://kadaster/06b6c650-cdb1-11dd-ad8b-0800200c9a77"}
checkxlinkurl.template.feature:14 - 
java.net.UnknownHostException: kadaster
15:22:11.581 [ForkJoinPool-1-worker-3] INFO  com.intuit.karate - [print] title:Emissies naar lucht en water in 2015 vanuit de industrie
15:22:11.581 [ForkJoinPool-1-worker-3] INFO  com.intuit.karate - [print] Emissies naar lucht en water in 2015 vanuit de industrie
15:22:11.582 [ForkJoinPool-1-worker-3] INFO  com.intuit.karate - [print] [
  "emissieregistratie@rivm.nl",
  "",
  "emissieregistratie@rivm.nl"
]

15:22:11.583 [ForkJoinPool-1-worker-3] INFO  com.intuit.karate - [print] organisation: no organisationName found in dataset record
15:22:11.586 [ForkJoinPool-1-worker-3] INFO  com.intuit.karate - [print] [
  "https://data.rivm.nl/inspire/id#c6d62f69-7be0-4c19-a4af-d146c6a3c166"
]

15:22:11.588 [ForkJoinPool-1-worker-3] INFO  com.intuit.karate - [print]
15:22:11.588 [ForkJoinPool-1-worker-3] INFO  com.intuit.karate - [print] testing xlinkurl:https://data.rivm.nl/inspire/id#c6d62f69-7be0-4c19-a4af-d146c6a3c166
15:22:11.946 [ForkJoinPool-1-worker-3] ERROR com.intuit.karate - javax.net.ssl.SSLException: Connection reset, http call failed after 357 milliseconds for URL: https://data.rivm.nl/inspire/id#c6d62f69-7be0-4c19-a4af-d146c6a3c166
15:22:11.946 [ForkJoinPool-1-worker-3] ERROR com.intuit.karate - http request failed: 
javax.net.ssl.SSLException: Connection reset
15:22:11.946 [ForkJoinPool-1-worker-3] ERROR com.intuit.karate - feature call (loop) failed at index: 0
caller: classpath:InspireTest/ngr/datasetrecords/def/checkxlinkurl.template.feature
arg: {"link":"https://data.rivm.nl/inspire/id#c6d62f69-7be0-4c19-a4af-d146c6a3c166"}
checkxlinkurl.template.feature:14 - 
javax.net.ssl.SSLException: Connection reset
15:22:12.480 [ForkJoinPool-1-worker-3] INFO  com.intuit.karate - [print] title:Geluidkaart Schiphol 2016 (Lden)
15:22:12.480 [ForkJoinPool-1-worker-3] INFO  com.intuit.karate - [print] Geluidkaart Schiphol 2016 (Lden)
15:22:12.481 [ForkJoinPool-1-worker-3] INFO  com.intuit.karate - [print] [
  "sylvia.koolmees@minienw.nl",
  "sylvia.koolmees@minienw.nl"
]

15:22:12.481 [ForkJoinPool-1-worker-3] INFO  com.intuit.karate - [print] organisation: [
  "Ministerie van IenW",
  "Ministerie van IenW"
]

15:22:12.485 [ForkJoinPool-1-worker-3] INFO  com.intuit.karate - [print] [
  "https://www.nationaalgeoregister.nl/geonetwork/srv/api/records83dab947-387b-49df-8ad2-32bb10d46d38"
]

15:22:12.488 [ForkJoinPool-1-worker-3] INFO  com.intuit.karate - [print]
15:22:12.488 [ForkJoinPool-1-worker-3] INFO  com.intuit.karate - [print] testing xlinkurl:https://www.nationaalgeoregister.nl/geonetwork/srv/api/records83dab947-387b-49df-8ad2-32bb10d46d38
15:22:12.915 [ForkJoinPool-1-worker-3] ERROR com.intuit.karate - assertion failed: path: $, actual: 500, expected: 200, reason: not equal (Integer)
15:22:12.915 [ForkJoinPool-1-worker-3] ERROR com.intuit.karate - feature call (loop) failed at index: 0
caller: classpath:InspireTest/ngr/datasetrecords/def/checkxlinkurl.template.feature
arg: {"link":"https://www.nationaalgeoregister.nl/geonetwork/srv/api/records83dab947-387b-49df-8ad2-32bb10d46d38"}
checkxlinkurl.template.feature:22 - path: $, actual: 500, expected: 200, reason: not equal (Integer)
15:22:13.433 [ForkJoinPool-1-worker-3] INFO  com.intuit.karate - [print] title:Gemeten Ammoniak concentraties in buitenlucht.
15:22:13.433 [ForkJoinPool-1-worker-3] INFO  com.intuit.karate - [print] Gemeten Ammoniak concentraties in buitenlucht.
15:22:13.434 [ForkJoinPool-1-worker-3] INFO  com.intuit.karate - [print] [
  "geodata@rivm.nl",
  "geodata@rivm.nl"
]

15:22:13.435 [ForkJoinPool-1-worker-3] INFO  com.intuit.karate - [print] organisation: no organisationName found in dataset record
15:22:13.438 [ForkJoinPool-1-worker-3] INFO  com.intuit.karate - [print] [
  "https://data.rivm.nl/inspire/id#4504a4b2-3179-44b3-a5a9-b67b693c514d"
]

15:22:13.440 [ForkJoinPool-1-worker-3] INFO  com.intuit.karate - [print]
15:22:13.441 [ForkJoinPool-1-worker-3] INFO  com.intuit.karate - [print] testing xlinkurl:https://data.rivm.nl/inspire/id#4504a4b2-3179-44b3-a5a9-b67b693c514d
15:22:13.796 [ForkJoinPool-1-worker-3] ERROR com.intuit.karate - javax.net.ssl.SSLException: Connection reset, http call failed after 355 milliseconds for URL: https://data.rivm.nl/inspire/id#4504a4b2-3179-44b3-a5a9-b67b693c514d
15:22:13.796 [ForkJoinPool-1-worker-3] ERROR com.intuit.karate - http request failed: 
javax.net.ssl.SSLException: Connection reset
15:22:13.796 [ForkJoinPool-1-worker-3] ERROR com.intuit.karate - feature call (loop) failed at index: 0
caller: classpath:InspireTest/ngr/datasetrecords/def/checkxlinkurl.template.feature
arg: {"link":"https://data.rivm.nl/inspire/id#4504a4b2-3179-44b3-a5a9-b67b693c514d"}
checkxlinkurl.template.feature:14 - 
javax.net.ssl.SSLException: Connection reset
15:22:14.318 [ForkJoinPool-1-worker-3] INFO  com.intuit.karate - [print] title:Vervoersnetwerken
15:22:14.318 [ForkJoinPool-1-worker-3] INFO  com.intuit.karate - [print] Vervoersnetwerken
15:22:14.319 [ForkJoinPool-1-worker-3] INFO  com.intuit.karate - [print] [
  "PPB-GVA@kadaster.nl",
  "kcc@kadaster.nl",
  "kcc@kadaster.nl"
]

15:22:14.320 [ForkJoinPool-1-worker-3] INFO  com.intuit.karate - [print] organisation: [
  "Kadaster",
  "Kadaster",
  "Kadaster"
]

15:22:14.323 [ForkJoinPool-1-worker-3] INFO  com.intuit.karate - [print] [
  "http://kadaster/06b6c650-cdb1-11dd-ad8b-0800200c9a75"
]

15:22:14.327 [ForkJoinPool-1-worker-3] INFO  com.intuit.karate - [print]
15:22:14.327 [ForkJoinPool-1-worker-3] INFO  com.intuit.karate - [print] testing xlinkurl:http://kadaster/06b6c650-cdb1-11dd-ad8b-0800200c9a75
15:22:14.334 [ForkJoinPool-1-worker-3] ERROR com.intuit.karate - java.net.UnknownHostException: kadaster: Temporary failure in name resolution, http call failed after 7 milliseconds for URL: http://kadaster/06b6c650-cdb1-11dd-ad8b-0800200c9a75
15:22:14.335 [ForkJoinPool-1-worker-3] ERROR com.intuit.karate - http request failed: 
java.net.UnknownHostException: kadaster: Temporary failure in name resolution
15:22:14.335 [ForkJoinPool-1-worker-3] ERROR com.intuit.karate - feature call (loop) failed at index: 0
caller: classpath:InspireTest/ngr/datasetrecords/def/checkxlinkurl.template.feature
arg: {"link":"http://kadaster/06b6c650-cdb1-11dd-ad8b-0800200c9a75"}
checkxlinkurl.template.feature:14 - 
java.net.UnknownHostException: kadaster: Temporary failure in name resolution
15:22:14.925 [ForkJoinPool-1-worker-3] INFO  com.intuit.karate - [print] title:Luchtfoto 2016 25cm RGB open data
15:22:14.925 [ForkJoinPool-1-worker-3] INFO  com.intuit.karate - [print] Luchtfoto 2016 25cm RGB open data
15:22:14.926 [ForkJoinPool-1-worker-3] INFO  com.intuit.karate - [print] [
  "PPB-GVA@kadaster.nl",
  "info@hetwaterschapshuis.nl",
  "kcc@kadaster.nl",
  "",
  "",
  "",
  "",
  "",
  ""
]

15:22:14.927 [ForkJoinPool-1-worker-3] INFO  com.intuit.karate - [print] organisation: [
  "Kadaster",
  "Het Waterschapshuis",
  "Kadaster",
  "Eurosense",
  "Eurosense",
  "Eurosense",
  "Kadaster",
  "Kadaster"
]

15:22:14.931 [ForkJoinPool-1-worker-3] INFO  com.intuit.karate - [print] [
  "http://kadaster/2482250f-3b00-4439-9f93-f3118229b014",
  "",
  "",
  ""
]

15:22:14.934 [ForkJoinPool-1-worker-3] INFO  com.intuit.karate - [print]
15:22:14.934 [ForkJoinPool-1-worker-3] INFO  com.intuit.karate - [print] testing xlinkurl:http://kadaster/2482250f-3b00-4439-9f93-f3118229b014
15:22:14.934 [ForkJoinPool-1-worker-3] ERROR com.intuit.karate - java.net.UnknownHostException: kadaster, http call failed after 0 milliseconds for URL: http://kadaster/2482250f-3b00-4439-9f93-f3118229b014
15:22:14.935 [ForkJoinPool-1-worker-3] ERROR com.intuit.karate - http request failed: 
java.net.UnknownHostException: kadaster
15:22:14.935 [ForkJoinPool-1-worker-3] ERROR com.intuit.karate - feature call (loop) failed at index: 0
caller: classpath:InspireTest/ngr/datasetrecords/def/checkxlinkurl.template.feature
arg: {"link":"http://kadaster/2482250f-3b00-4439-9f93-f3118229b014"}
checkxlinkurl.template.feature:14 - 
java.net.UnknownHostException: kadaster
15:22:14.936 [ForkJoinPool-1-worker-3] INFO  com.intuit.karate - [print]
15:22:14.937 [ForkJoinPool-1-worker-3] INFO  com.intuit.karate - [print] testing xlinkurl:
15:22:14.937 [ForkJoinPool-1-worker-3] ERROR com.intuit.karate - org.apache.http.client.ClientProtocolException, http call failed after 0 milliseconds for URL: 
15:22:14.937 [ForkJoinPool-1-worker-3] ERROR com.intuit.karate - http request failed: 
org.apache.http.client.ClientProtocolException
15:22:14.938 [ForkJoinPool-1-worker-3] ERROR com.intuit.karate - feature call (loop) failed at index: 1
caller: classpath:InspireTest/ngr/datasetrecords/def/checkxlinkurl.template.feature
arg: {"link":""}
checkxlinkurl.template.feature:14 - 
org.apache.http.client.ClientProtocolException
15:22:14.939 [ForkJoinPool-1-worker-3] INFO  com.intuit.karate - [print]
15:22:14.939 [ForkJoinPool-1-worker-3] INFO  com.intuit.karate - [print] testing xlinkurl:
15:22:14.939 [ForkJoinPool-1-worker-3] ERROR com.intuit.karate - org.apache.http.client.ClientProtocolException, http call failed after 0 milliseconds for URL: 
15:22:14.940 [ForkJoinPool-1-worker-3] ERROR com.intuit.karate - http request failed: 
org.apache.http.client.ClientProtocolException
15:22:14.940 [ForkJoinPool-1-worker-3] ERROR com.intuit.karate - feature call (loop) failed at index: 2
caller: classpath:InspireTest/ngr/datasetrecords/def/checkxlinkurl.template.feature
arg: {"link":""}
checkxlinkurl.template.feature:14 - 
org.apache.http.client.ClientProtocolException
15:22:14.941 [ForkJoinPool-1-worker-3] INFO  com.intuit.karate - [print]
15:22:14.941 [ForkJoinPool-1-worker-3] INFO  com.intuit.karate - [print] testing xlinkurl:
15:22:14.942 [ForkJoinPool-1-worker-3] ERROR com.intuit.karate - org.apache.http.client.ClientProtocolException, http call failed after 0 milliseconds for URL: 
15:22:14.942 [ForkJoinPool-1-worker-3] ERROR com.intuit.karate - http request failed: 
org.apache.http.client.ClientProtocolException
15:22:14.942 [ForkJoinPool-1-worker-3] ERROR com.intuit.karate - feature call (loop) failed at index: 3
caller: classpath:InspireTest/ngr/datasetrecords/def/checkxlinkurl.template.feature
arg: {"link":""}
checkxlinkurl.template.feature:14 - 
org.apache.http.client.ClientProtocolException
15:22:15.196 [ForkJoinPool-1-worker-13] INFO  com.intuit.karate - [print]
15:22:15.197 [ForkJoinPool-1-worker-13] INFO  com.intuit.karate - [print] testing xlinkurl:https://ngr.geocat.live/geonetwork/srv/eng/thesaurus.download?ref=external.theme.httpinspireeceuropaeumetadatacodelistPrioritydataset-Prioritydataset
15:22:15.342 [ForkJoinPool-1-worker-9] INFO  com.intuit.karate - [print]
15:22:15.342 [ForkJoinPool-1-worker-9] INFO  com.intuit.karate - [print] testing xlinkurl:https://ngr.geocat.live/geonetwork/srv/eng/thesaurus.download?ref=external.theme.httpinspireeceuropaeumetadatacodelistPrioritydataset-Prioritydataset
15:22:15.513 [ForkJoinPool-1-worker-13] ERROR com.intuit.karate - assertion failed: path: $, actual: 500, expected: 200, reason: not equal (Integer)
15:22:15.513 [ForkJoinPool-1-worker-13] ERROR com.intuit.karate - feature call (loop) failed at index: 3
caller: classpath:InspireTest/ngr/datasetrecords/def/checkxlinkurl.template.feature
arg: {"link":"https://ngr.geocat.live/geonetwork/srv/eng/thesaurus.download?ref=external.theme.httpinspireeceuropaeumetadatacodelistPrioritydataset-Prioritydataset"}
checkxlinkurl.template.feature:22 - path: $, actual: 500, expected: 200, reason: not equal (Integer)
15:22:15.514 [ForkJoinPool-1-worker-13] INFO  com.intuit.karate - [print]
15:22:15.514 [ForkJoinPool-1-worker-13] INFO  com.intuit.karate - [print] testing xlinkurl:urn:ogc:def:crs:EPSG::5709
15:22:15.514 [ForkJoinPool-1-worker-13] ERROR com.intuit.karate - org.apache.http.client.ClientProtocolException: URI does not specify a valid host name: urn:ogc:def:crs:EPSG::5709, http call failed after 0 milliseconds for URL: urn:ogc:def:crs:EPSG::5709
15:22:15.514 [ForkJoinPool-1-worker-13] ERROR com.intuit.karate - http request failed: 
org.apache.http.client.ClientProtocolException: URI does not specify a valid host name: urn:ogc:def:crs:EPSG::5709
15:22:15.514 [ForkJoinPool-1-worker-13] ERROR com.intuit.karate - feature call (loop) failed at index: 4
caller: classpath:InspireTest/ngr/datasetrecords/def/checkxlinkurl.template.feature
arg: {"link":"urn:ogc:def:crs:EPSG::5709"}
checkxlinkurl.template.feature:14 - 
org.apache.http.client.ClientProtocolException: URI does not specify a valid host name: urn:ogc:def:crs:EPSG::5709
15:22:15.517 [ForkJoinPool-1-worker-3] INFO  com.intuit.karate - [print] title:EEZ volgens UNCLOS - Noordzee
15:22:15.517 [ForkJoinPool-1-worker-3] INFO  com.intuit.karate - [print] EEZ volgens UNCLOS - Noordzee
15:22:15.518 [ForkJoinPool-1-worker-3] INFO  com.intuit.karate - [print] [
  "data@hydro.nl",
  "data@hydro.nl",
  "data@hydro.nl",
  "",
  ""
]

15:22:15.523 [ForkJoinPool-1-worker-3] INFO  com.intuit.karate - [print] organisation: [
  "Ministerie van Defensie, Koninklijke Marine, Dienst der Hydrografie",
  "Ministerie van Defensie, Koninklijke Marine, Dienst der Hydrografie",
  "Ministerie van Defensie, Koninklijke Marine, Dienst der Hydrografie"
]

15:22:15.528 [ForkJoinPool-1-worker-3] INFO  com.intuit.karate - [print] [
  "http://www.opengis.net/def/crs/EPSG/0/https://www.opengis.net/def/crs/EPSG/0/4258",
  "https://www.nationaalgeoregister.nl/geonetwork/srv/api/recordse8b84fae-00b3-49c1-80c1-df8f69f64e8c"
]

15:22:15.531 [ForkJoinPool-1-worker-3] INFO  com.intuit.karate - [print]
15:22:15.532 [ForkJoinPool-1-worker-3] INFO  com.intuit.karate - [print] testing xlinkurl:http://www.opengis.net/def/crs/EPSG/0/https://www.opengis.net/def/crs/EPSG/0/4258
15:22:15.648 [ForkJoinPool-1-worker-9] ERROR com.intuit.karate - assertion failed: path: $, actual: 500, expected: 200, reason: not equal (Integer)
15:22:15.649 [ForkJoinPool-1-worker-9] ERROR com.intuit.karate - feature call (loop) failed at index: 4
caller: classpath:InspireTest/ngr/datasetrecords/def/checkxlinkurl.template.feature
arg: {"link":"https://ngr.geocat.live/geonetwork/srv/eng/thesaurus.download?ref=external.theme.httpinspireeceuropaeumetadatacodelistPrioritydataset-Prioritydataset"}
checkxlinkurl.template.feature:22 - path: $, actual: 500, expected: 200, reason: not equal (Integer)
15:22:15.650 [ForkJoinPool-1-worker-9] INFO  com.intuit.karate - [print]
15:22:15.650 [ForkJoinPool-1-worker-9] INFO  com.intuit.karate - [print] testing xlinkurl:urn:ogc:def:crs:EPSG::5709
15:22:15.651 [ForkJoinPool-1-worker-9] ERROR com.intuit.karate - org.apache.http.client.ClientProtocolException: URI does not specify a valid host name: urn:ogc:def:crs:EPSG::5709, http call failed after 0 milliseconds for URL: urn:ogc:def:crs:EPSG::5709
15:22:15.651 [ForkJoinPool-1-worker-9] ERROR com.intuit.karate - http request failed: 
org.apache.http.client.ClientProtocolException: URI does not specify a valid host name: urn:ogc:def:crs:EPSG::5709
15:22:15.651 [ForkJoinPool-1-worker-9] ERROR com.intuit.karate - feature call (loop) failed at index: 5
caller: classpath:InspireTest/ngr/datasetrecords/def/checkxlinkurl.template.feature
arg: {"link":"urn:ogc:def:crs:EPSG::5709"}
checkxlinkurl.template.feature:14 - 
org.apache.http.client.ClientProtocolException: URI does not specify a valid host name: urn:ogc:def:crs:EPSG::5709
15:22:15.881 [ForkJoinPool-1-worker-3] INFO  com.intuit.karate - [print]
15:22:15.881 [ForkJoinPool-1-worker-3] INFO  com.intuit.karate - [print] testing xlinkurl:https://www.nationaalgeoregister.nl/geonetwork/srv/api/recordse8b84fae-00b3-49c1-80c1-df8f69f64e8c
15:22:16.015 [ForkJoinPool-1-worker-13] INFO  com.intuit.karate - [print] title:Mossel- en oesterhabitats
15:22:16.015 [ForkJoinPool-1-worker-13] INFO  com.intuit.karate - [print] Mossel- en oesterhabitats
15:22:16.016 [ForkJoinPool-1-worker-13] INFO  com.intuit.karate - [print] [
  "geodatabeheer.giscc@rvo.nl",
  "geodatabeheer.giscc@rvo.nl",
  "info@wur.nl",
  "BeheerPDOK@kadaster.nl"
]

15:22:16.018 [ForkJoinPool-1-worker-13] INFO  com.intuit.karate - [print] organisation: [
  "Ministerie van Economische Zaken - GIS Competence Center",
  "Wageningen Marine Research",
  "PDOK"
]

15:22:16.078 [ForkJoinPool-1-worker-13] INFO  com.intuit.karate - [print] [
  "https://www.nationaalgeoregister.nl/geonetwork/srv/dut/catalog.search#/metadata/3d59fd06-9aec-4744-91e7-65e119f74569"
]

15:22:16.082 [ForkJoinPool-1-worker-13] INFO  com.intuit.karate - [print]
15:22:16.085 [ForkJoinPool-1-worker-13] INFO  com.intuit.karate - [print] testing xlinkurl:https://www.nationaalgeoregister.nl/geonetwork/srv/dut/catalog.search#/metadata/3d59fd06-9aec-4744-91e7-65e119f74569
15:22:16.170 [ForkJoinPool-1-worker-9] INFO  com.intuit.karate - [print] title:Oppervlaktegeologie, Geologische kaart onder INSPIRE
15:22:16.170 [ForkJoinPool-1-worker-9] INFO  com.intuit.karate - [print] Oppervlaktegeologie, Geologische kaart onder INSPIRE
15:22:16.172 [ForkJoinPool-1-worker-9] INFO  com.intuit.karate - [print] [
  "info@dinoloket.nl",
  "info@dinoloket.nl",
  "info@dinoloket.nl"
]

15:22:16.173 [ForkJoinPool-1-worker-9] INFO  com.intuit.karate - [print] organisation: [
  "TNO Geologische Dienst Nederland",
  "TNO Geologische Dienst Nederland",
  "TNO Geologische Dienst Nederland"
]

15:22:16.176 [ForkJoinPool-1-worker-9] INFO  com.intuit.karate - [print] [
  "https://nationaalgeoregister.nl/geonetwork/srv/resources66495385-8f7b-4661-85a7-11a2bbcbb6b9",
  "http://rdfdata.eionet.europa.eu/inspirethemes/themes/13",
  "http://geonetwork-opensource.org/inspire-theme#",
  "https://www.nationaalgeoregister.nl/geonetwork/srv/eng/thesaurus.download?ref=external.theme.inspire-theme"
]

15:22:16.179 [ForkJoinPool-1-worker-9] INFO  com.intuit.karate - [print]
15:22:16.179 [ForkJoinPool-1-worker-9] INFO  com.intuit.karate - [print] testing xlinkurl:https://nationaalgeoregister.nl/geonetwork/srv/resources66495385-8f7b-4661-85a7-11a2bbcbb6b9
15:22:16.212 [ForkJoinPool-1-worker-3] ERROR com.intuit.karate - assertion failed: path: $, actual: 500, expected: 200, reason: not equal (Integer)
15:22:16.212 [ForkJoinPool-1-worker-3] ERROR com.intuit.karate - feature call (loop) failed at index: 1
caller: classpath:InspireTest/ngr/datasetrecords/def/checkxlinkurl.template.feature
arg: {"link":"https://www.nationaalgeoregister.nl/geonetwork/srv/api/recordse8b84fae-00b3-49c1-80c1-df8f69f64e8c"}
checkxlinkurl.template.feature:22 - path: $, actual: 500, expected: 200, reason: not equal (Integer)
15:22:16.399 [ForkJoinPool-1-worker-11] INFO  com.intuit.karate - [print]
15:22:16.399 [ForkJoinPool-1-worker-11] INFO  com.intuit.karate - [print] testing xlinkurl:https://ngr.geocat.live/geonetwork/srv/eng/thesaurus.download?ref=external.theme.httpinspireeceuropaeumetadatacodelistPrioritydataset-Prioritydataset
15:22:16.463 [ForkJoinPool-1-worker-9] ERROR com.intuit.karate - assertion failed: path: $, actual: 404, expected: 200, reason: not equal (Integer)
15:22:16.464 [ForkJoinPool-1-worker-9] ERROR com.intuit.karate - feature call (loop) failed at index: 0
caller: classpath:InspireTest/ngr/datasetrecords/def/checkxlinkurl.template.feature
arg: {"link":"https://nationaalgeoregister.nl/geonetwork/srv/resources66495385-8f7b-4661-85a7-11a2bbcbb6b9"}
checkxlinkurl.template.feature:22 - path: $, actual: 404, expected: 200, reason: not equal (Integer)
15:22:16.466 [ForkJoinPool-1-worker-9] INFO  com.intuit.karate - [print]
15:22:16.466 [ForkJoinPool-1-worker-9] INFO  com.intuit.karate - [print] testing xlinkurl:http://rdfdata.eionet.europa.eu/inspirethemes/themes/13
15:22:16.709 [ForkJoinPool-1-worker-11] ERROR com.intuit.karate - assertion failed: path: $, actual: 500, expected: 200, reason: not equal (Integer)
15:22:16.709 [ForkJoinPool-1-worker-11] ERROR com.intuit.karate - feature call (loop) failed at index: 3
caller: classpath:InspireTest/ngr/datasetrecords/def/checkxlinkurl.template.feature
arg: {"link":"https://ngr.geocat.live/geonetwork/srv/eng/thesaurus.download?ref=external.theme.httpinspireeceuropaeumetadatacodelistPrioritydataset-Prioritydataset"}
checkxlinkurl.template.feature:22 - path: $, actual: 500, expected: 200, reason: not equal (Integer)
15:22:16.710 [ForkJoinPool-1-worker-11] INFO  com.intuit.karate - [print]
15:22:16.711 [ForkJoinPool-1-worker-11] INFO  com.intuit.karate - [print] testing xlinkurl:urn:ogc:def:crs:EPSG::5709
15:22:16.711 [ForkJoinPool-1-worker-11] ERROR com.intuit.karate - org.apache.http.client.ClientProtocolException: URI does not specify a valid host name: urn:ogc:def:crs:EPSG::5709, http call failed after 0 milliseconds for URL: urn:ogc:def:crs:EPSG::5709
15:22:16.712 [ForkJoinPool-1-worker-11] ERROR com.intuit.karate - http request failed: 
org.apache.http.client.ClientProtocolException: URI does not specify a valid host name: urn:ogc:def:crs:EPSG::5709
15:22:16.712 [ForkJoinPool-1-worker-11] ERROR com.intuit.karate - feature call (loop) failed at index: 4
caller: classpath:InspireTest/ngr/datasetrecords/def/checkxlinkurl.template.feature
arg: {"link":"urn:ogc:def:crs:EPSG::5709"}
checkxlinkurl.template.feature:14 - 
org.apache.http.client.ClientProtocolException: URI does not specify a valid host name: urn:ogc:def:crs:EPSG::5709
15:22:16.769 [ForkJoinPool-1-worker-9] ERROR com.intuit.karate - assertion failed: path: $, actual: 404, expected: 200, reason: not equal (Integer)
15:22:16.769 [ForkJoinPool-1-worker-9] ERROR com.intuit.karate - feature call (loop) failed at index: 1
caller: classpath:InspireTest/ngr/datasetrecords/def/checkxlinkurl.template.feature
arg: {"link":"http://rdfdata.eionet.europa.eu/inspirethemes/themes/13"}
checkxlinkurl.template.feature:22 - path: $, actual: 404, expected: 200, reason: not equal (Integer)
15:22:16.771 [ForkJoinPool-1-worker-9] INFO  com.intuit.karate - [print]
15:22:16.771 [ForkJoinPool-1-worker-9] INFO  com.intuit.karate - [print] testing xlinkurl:http://geonetwork-opensource.org/inspire-theme#
15:22:16.773 [ForkJoinPool-1-worker-3] INFO  com.intuit.karate - [print] title:Kaderrichtlijn Water - Oppervlaktewaterlichamen Nederland EU2015 riviernetwerk
15:22:16.773 [ForkJoinPool-1-worker-3] INFO  com.intuit.karate - [print] Kaderrichtlijn Water - Oppervlaktewaterlichamen Nederland EU2015 riviernetwerk
15:22:16.774 [ForkJoinPool-1-worker-3] INFO  com.intuit.karate - [print] [
  "servicedesk@ihw.nl",
  "servicedesk@ihw.nl",
  "",
  "servicedesk-data@rijkswaterstaat.nl",
  "servicedesk-data@rijkswaterstaat.nl"
]

15:22:16.775 [ForkJoinPool-1-worker-3] INFO  com.intuit.karate - [print] organisation: [
  "Informatiehuis Water",
  "Informatiehuis Water",
  "",
  "Rijkswaterstaat",
  "Rijkswaterstaat"
]

15:22:16.778 [ForkJoinPool-1-worker-3] INFO  com.intuit.karate - [print] [
  "https://www.nationaalgeoregister.nl/geonetwork/srv/dut/catalog.search#/metadata/a1960e70-22f4-4fd9-91a8-b605c6ceda3e",
  "http://rdfdata.eionet.europa.eu/inspirethemes/themes/24",
  "http://inspire.ec.europa.eu/metadata-codelist/PriorityDataset#",
  "https://ngr.geocat.live/geonetwork/srv/eng/thesaurus.download?ref=external.theme.httpinspireeceuropaeumetadatacodelistPrioritydataset-Prioritydataset"
]

15:22:16.782 [ForkJoinPool-1-worker-3] INFO  com.intuit.karate - [print]
15:22:16.782 [ForkJoinPool-1-worker-3] INFO  com.intuit.karate - [print] testing xlinkurl:https://www.nationaalgeoregister.nl/geonetwork/srv/dut/catalog.search#/metadata/a1960e70-22f4-4fd9-91a8-b605c6ceda3e
15:22:17.025 [ForkJoinPool-1-worker-13] INFO  com.intuit.karate - [print] title:Geluidszones rondom bedrijventerreinen zowel provinciaal als gemeentelijk
15:22:17.025 [ForkJoinPool-1-worker-13] INFO  com.intuit.karate - [print] Geluidszones rondom bedrijventerreinen zowel provinciaal als gemeentelijk
15:22:17.027 [ForkJoinPool-1-worker-13] INFO  com.intuit.karate - [print] [
  "inspire@gbo-provincies.nl",
  "inspire@gbo-provincies.nl",
  "inspire@gbo-provincies.nl"
]

15:22:17.028 [ForkJoinPool-1-worker-13] INFO  com.intuit.karate - [print] organisation: [
  "Interprovinciaal Overleg",
  "Interprovinciaal Overleg",
  "Interprovinciaal Overleg"
]

15:22:17.031 [ForkJoinPool-1-worker-13] INFO  com.intuit.karate - [print] [
  "http://www.opengis.net/def/crs/EPSG/0/http://www.opengis.net/def/crs/EPSG/0/3034",
  "http://nationaalgeoregister.nl/geonetwork/srv/dut/csw?SERVICE=CSW&version=2.0.2&REQUEST=GetRecordById&elementSetName=full&OutputSchema=http://www.isotc211.org/2005/gmd&ID=34e6165f-1269-48d1-b255-0f05d163d692",
  "https://creativecommons.org/publicdomain/mark/*/deed.nl",
  ""
]

15:22:17.034 [ForkJoinPool-1-worker-13] INFO  com.intuit.karate - [print]
15:22:17.034 [ForkJoinPool-1-worker-13] INFO  com.intuit.karate - [print] testing xlinkurl:http://www.opengis.net/def/crs/EPSG/0/http://www.opengis.net/def/crs/EPSG/0/3034
15:22:17.091 [ForkJoinPool-1-worker-3] INFO  com.intuit.karate - [print]
15:22:17.091 [ForkJoinPool-1-worker-3] INFO  com.intuit.karate - [print] testing xlinkurl:http://rdfdata.eionet.europa.eu/inspirethemes/themes/24
15:22:17.266 [ForkJoinPool-1-worker-11] INFO  com.intuit.karate - [print] title:Kaderrichtlijn Mariene Strategie - Rapportage eenheden Nederland EU2018
15:22:17.270 [ForkJoinPool-1-worker-11] INFO  com.intuit.karate - [print] Kaderrichtlijn Mariene Strategie - Rapportage eenheden Nederland EU2018
15:22:17.272 [ForkJoinPool-1-worker-11] INFO  com.intuit.karate - [print] [
  "servicedesk-data@rijkswaterstaat.nl",
  "servicedesk-data@rijkswaterstaat.nl",
  "",
  "servicedesk-data@rijkswaterstaat.nl",
  "servicedesk-data@rijkswaterstaat.nl"
]

15:22:17.273 [ForkJoinPool-1-worker-11] INFO  com.intuit.karate - [print] organisation: [
  "Rijkswaterstaat",
  "Rijkswaterstaat",
  "",
  "Rijkswaterstaat",
  "Rijkswaterstaat"
]

15:22:17.280 [ForkJoinPool-1-worker-11] INFO  com.intuit.karate - [print] [
  "https://www.nationaalgeoregister.nl/geonetwork/srv/dut/catalog.search#/metadata/krm-a905-9d8e-4758-83fa-28b057f185e3",
  "http://rdfdata.eionet.europa.eu/inspirethemes/themes/24",
  "http://inspire.ec.europa.eu/metadata-codelist/PriorityDataset#",
  "https://ngr.geocat.live/geonetwork/srv/eng/thesaurus.download?ref=external.theme.httpinspireeceuropaeumetadatacodelistPrioritydataset-Prioritydataset"
]

15:22:17.285 [ForkJoinPool-1-worker-11] INFO  com.intuit.karate - [print]
15:22:17.285 [ForkJoinPool-1-worker-11] INFO  com.intuit.karate - [print] testing xlinkurl:https://www.nationaalgeoregister.nl/geonetwork/srv/dut/catalog.search#/metadata/krm-a905-9d8e-4758-83fa-28b057f185e3
15:22:17.291 [ForkJoinPool-1-worker-3] ERROR com.intuit.karate - assertion failed: path: $, actual: 404, expected: 200, reason: not equal (Integer)
15:22:17.292 [ForkJoinPool-1-worker-3] ERROR com.intuit.karate - feature call (loop) failed at index: 1
caller: classpath:InspireTest/ngr/datasetrecords/def/checkxlinkurl.template.feature
arg: {"link":"http://rdfdata.eionet.europa.eu/inspirethemes/themes/24"}
checkxlinkurl.template.feature:22 - path: $, actual: 404, expected: 200, reason: not equal (Integer)
15:22:17.292 [ForkJoinPool-1-worker-3] INFO  com.intuit.karate - [print]
15:22:17.292 [ForkJoinPool-1-worker-3] INFO  com.intuit.karate - [print] testing xlinkurl:http://inspire.ec.europa.eu/metadata-codelist/PriorityDataset#
15:22:17.331 [ForkJoinPool-1-worker-13] INFO  com.intuit.karate - [print]
15:22:17.331 [ForkJoinPool-1-worker-13] INFO  com.intuit.karate - [print] testing xlinkurl:http://nationaalgeoregister.nl/geonetwork/srv/dut/csw?SERVICE=CSW&version=2.0.2&REQUEST=GetRecordById&elementSetName=full&OutputSchema=http://www.isotc211.org/2005/gmd&ID=34e6165f-1269-48d1-b255-0f05d163d692
15:22:17.468 [ForkJoinPool-1-worker-9] ERROR com.intuit.karate - assertion failed: path: $, actual: 404, expected: 200, reason: not equal (Integer)
15:22:17.469 [ForkJoinPool-1-worker-9] ERROR com.intuit.karate - feature call (loop) failed at index: 2
caller: classpath:InspireTest/ngr/datasetrecords/def/checkxlinkurl.template.feature
arg: {"link":"http://geonetwork-opensource.org/inspire-theme#"}
checkxlinkurl.template.feature:22 - path: $, actual: 404, expected: 200, reason: not equal (Integer)
15:22:17.469 [ForkJoinPool-1-worker-9] INFO  com.intuit.karate - [print]
15:22:17.469 [ForkJoinPool-1-worker-9] INFO  com.intuit.karate - [print] testing xlinkurl:https://www.nationaalgeoregister.nl/geonetwork/srv/eng/thesaurus.download?ref=external.theme.inspire-theme
15:22:17.611 [ForkJoinPool-1-worker-11] INFO  com.intuit.karate - [print]
15:22:17.611 [ForkJoinPool-1-worker-11] INFO  com.intuit.karate - [print] testing xlinkurl:http://rdfdata.eionet.europa.eu/inspirethemes/themes/24
15:22:17.782 [ForkJoinPool-1-worker-9] ERROR com.intuit.karate - assertion failed: path: $, actual: 500, expected: 200, reason: not equal (Integer)
15:22:17.783 [ForkJoinPool-1-worker-9] ERROR com.intuit.karate - feature call (loop) failed at index: 3
caller: classpath:InspireTest/ngr/datasetrecords/def/checkxlinkurl.template.feature
arg: {"link":"https://www.nationaalgeoregister.nl/geonetwork/srv/eng/thesaurus.download?ref=external.theme.inspire-theme"}
checkxlinkurl.template.feature:22 - path: $, actual: 500, expected: 200, reason: not equal (Integer)
15:22:17.796 [ForkJoinPool-1-worker-13] INFO  com.intuit.karate - [print]
15:22:17.796 [ForkJoinPool-1-worker-13] INFO  com.intuit.karate - [print] testing xlinkurl:https://creativecommons.org/publicdomain/mark/*/deed.nl
15:22:17.812 [ForkJoinPool-1-worker-11] ERROR com.intuit.karate - assertion failed: path: $, actual: 404, expected: 200, reason: not equal (Integer)
15:22:17.812 [ForkJoinPool-1-worker-11] ERROR com.intuit.karate - feature call (loop) failed at index: 1
caller: classpath:InspireTest/ngr/datasetrecords/def/checkxlinkurl.template.feature
arg: {"link":"http://rdfdata.eionet.europa.eu/inspirethemes/themes/24"}
checkxlinkurl.template.feature:22 - path: $, actual: 404, expected: 200, reason: not equal (Integer)
15:22:17.814 [ForkJoinPool-1-worker-11] INFO  com.intuit.karate - [print]
15:22:17.814 [ForkJoinPool-1-worker-11] INFO  com.intuit.karate - [print] testing xlinkurl:http://inspire.ec.europa.eu/metadata-codelist/PriorityDataset#
15:22:17.834 [ForkJoinPool-1-worker-13] ERROR com.intuit.karate - assertion failed: path: $, actual: 404, expected: 200, reason: not equal (Integer)
15:22:17.835 [ForkJoinPool-1-worker-13] ERROR com.intuit.karate - feature call (loop) failed at index: 2
caller: classpath:InspireTest/ngr/datasetrecords/def/checkxlinkurl.template.feature
arg: {"link":"https://creativecommons.org/publicdomain/mark/*/deed.nl"}
checkxlinkurl.template.feature:22 - path: $, actual: 404, expected: 200, reason: not equal (Integer)
15:22:17.841 [ForkJoinPool-1-worker-13] INFO  com.intuit.karate - [print]
15:22:17.841 [ForkJoinPool-1-worker-13] INFO  com.intuit.karate - [print] testing xlinkurl:
15:22:17.841 [ForkJoinPool-1-worker-13] ERROR com.intuit.karate - org.apache.http.client.ClientProtocolException, http call failed after 0 milliseconds for URL: 
15:22:17.841 [ForkJoinPool-1-worker-13] ERROR com.intuit.karate - http request failed: 
org.apache.http.client.ClientProtocolException
15:22:17.841 [ForkJoinPool-1-worker-13] ERROR com.intuit.karate - feature call (loop) failed at index: 3
caller: classpath:InspireTest/ngr/datasetrecords/def/checkxlinkurl.template.feature
arg: {"link":""}
checkxlinkurl.template.feature:14 - 
org.apache.http.client.ClientProtocolException
15:22:17.990 [ForkJoinPool-1-worker-3] INFO  com.intuit.karate - [print]
15:22:17.990 [ForkJoinPool-1-worker-3] INFO  com.intuit.karate - [print] testing xlinkurl:https://ngr.geocat.live/geonetwork/srv/eng/thesaurus.download?ref=external.theme.httpinspireeceuropaeumetadatacodelistPrioritydataset-Prioritydataset
15:22:18.311 [ForkJoinPool-1-worker-3] ERROR com.intuit.karate - assertion failed: path: $, actual: 500, expected: 200, reason: not equal (Integer)
15:22:18.312 [ForkJoinPool-1-worker-3] ERROR com.intuit.karate - feature call (loop) failed at index: 3
caller: classpath:InspireTest/ngr/datasetrecords/def/checkxlinkurl.template.feature
arg: {"link":"https://ngr.geocat.live/geonetwork/srv/eng/thesaurus.download?ref=external.theme.httpinspireeceuropaeumetadatacodelistPrioritydataset-Prioritydataset"}
checkxlinkurl.template.feature:22 - path: $, actual: 500, expected: 200, reason: not equal (Integer)
15:22:18.344 [ForkJoinPool-1-worker-9] INFO  com.intuit.karate - [print] title:Population Distribution NL
15:22:18.344 [ForkJoinPool-1-worker-9] INFO  com.intuit.karate - [print] Population Distribution NL
15:22:18.345 [ForkJoinPool-1-worker-9] INFO  com.intuit.karate - [print] [
  "infoservice@cbs.nl",
  "infoservice@cbs.nl",
  "infoservice@cbs.nl",
  "",
  ""
]

15:22:18.346 [ForkJoinPool-1-worker-9] INFO  com.intuit.karate - [print] organisation: [
  "Statistics Netherlands",
  "Statistics Netherlands",
  "Statistics Netherlandds",
  "Statistics Netherlands"
]

15:22:18.349 [ForkJoinPool-1-worker-9] INFO  com.intuit.karate - [print] [
]

15:22:18.432 [ForkJoinPool-1-worker-13] INFO  com.intuit.karate - [print] title:Natuurbranden
15:22:18.432 [ForkJoinPool-1-worker-13] INFO  com.intuit.karate - [print] Natuurbranden
15:22:18.433 [ForkJoinPool-1-worker-13] INFO  com.intuit.karate - [print] [
  "inspire@gbo-provincies.nl",
  "inspire@gbo-provincies.nl",
  "inspire@gbo-provincies.nl"
]

15:22:18.434 [ForkJoinPool-1-worker-13] INFO  com.intuit.karate - [print] organisation: [
  "Interprovinciaal Overleg",
  "Interprovinciaal Overleg",
  "Interprovinciaal Overleg"
]

15:22:18.437 [ForkJoinPool-1-worker-13] INFO  com.intuit.karate - [print] [
  "http://www.opengis.net/def/crs/EPSG/0/http://www.opengis.net/def/crs/EPSG/0/3034",
  "http://nationaalgeoregister.nl/geonetwork/srv/dut/csw?SERVICE=CSW&version=2.0.2&REQUEST=GetRecordById&elementSetName=full&OutputSchema=http://www.isotc211.org/2005/gmd&ID=88f76a94-ee4d-4e0c-9fde-91b692403e39",
  "https://creativecommons.org/publicdomain/mark/*/deed.nl",
  ""
]

15:22:18.439 [ForkJoinPool-1-worker-13] INFO  com.intuit.karate - [print]
15:22:18.440 [ForkJoinPool-1-worker-13] INFO  com.intuit.karate - [print] testing xlinkurl:http://www.opengis.net/def/crs/EPSG/0/http://www.opengis.net/def/crs/EPSG/0/3034
15:22:18.736 [ForkJoinPool-1-worker-13] INFO  com.intuit.karate - [print]
15:22:18.736 [ForkJoinPool-1-worker-13] INFO  com.intuit.karate - [print] testing xlinkurl:http://nationaalgeoregister.nl/geonetwork/srv/dut/csw?SERVICE=CSW&version=2.0.2&REQUEST=GetRecordById&elementSetName=full&OutputSchema=http://www.isotc211.org/2005/gmd&ID=88f76a94-ee4d-4e0c-9fde-91b692403e39
15:22:18.850 [ForkJoinPool-1-worker-3] INFO  com.intuit.karate - [print] title:Maritieme grenzen - basislijn Noordzee
15:22:18.851 [ForkJoinPool-1-worker-3] INFO  com.intuit.karate - [print] Maritieme grenzen - basislijn Noordzee
15:22:18.852 [ForkJoinPool-1-worker-3] INFO  com.intuit.karate - [print] [
  "data@hydro.nl",
  "data@hydro.nl",
  "data@hydro.nl"
]

15:22:18.853 [ForkJoinPool-1-worker-3] INFO  com.intuit.karate - [print] organisation: [
  "Ministerie van Defensie, Koninklijke Marine, Dienst der Hydrografie",
  "Ministerie van Defensie, Koninklijke Marine, Dienst der Hydrografie",
  "Ministerie van Defensie, Koninklijke Marine, Dienst der Hydrografie"
]

15:22:18.858 [ForkJoinPool-1-worker-3] INFO  com.intuit.karate - [print] [
  "http://www.opengis.net/def/crs/EPSG/0/https://www.opengis.net/def/crs/EPSG/0/4258",
  "https://ngr.acceptatie.nationaalgeoregister.nl/geonetwork/srv/resourcesd7ab6903-1152-450b-b81d-042682dcfd03"
]

15:22:18.862 [ForkJoinPool-1-worker-3] INFO  com.intuit.karate - [print]
15:22:18.862 [ForkJoinPool-1-worker-3] INFO  com.intuit.karate - [print] testing xlinkurl:http://www.opengis.net/def/crs/EPSG/0/https://www.opengis.net/def/crs/EPSG/0/4258
15:22:18.919 [ForkJoinPool-1-worker-9] INFO  com.intuit.karate - [print] title:Geografische Namen (INSPIRE geharmoniseerd)
15:22:18.919 [ForkJoinPool-1-worker-9] INFO  com.intuit.karate - [print] Geografische Namen (INSPIRE geharmoniseerd)
15:22:18.920 [ForkJoinPool-1-worker-9] INFO  com.intuit.karate - [print] [
  "PPB-GVA@kadaster.nl",
  "kcc@kadaster.nl"
]

15:22:18.921 [ForkJoinPool-1-worker-9] INFO  com.intuit.karate - [print] organisation: [
  "Kadaster",
  "Kadaster"
]

15:22:18.924 [ForkJoinPool-1-worker-9] INFO  com.intuit.karate - [print] [
  "http://kadaster/3bf3f7f3-8ac9-4203-bb95-2c932d5f0f3e"
]

15:22:18.927 [ForkJoinPool-1-worker-9] INFO  com.intuit.karate - [print]
15:22:18.928 [ForkJoinPool-1-worker-9] INFO  com.intuit.karate - [print] testing xlinkurl:http://kadaster/3bf3f7f3-8ac9-4203-bb95-2c932d5f0f3e
15:22:18.929 [ForkJoinPool-1-worker-9] ERROR com.intuit.karate - java.net.UnknownHostException: kadaster, http call failed after 0 milliseconds for URL: http://kadaster/3bf3f7f3-8ac9-4203-bb95-2c932d5f0f3e
15:22:18.929 [ForkJoinPool-1-worker-9] ERROR com.intuit.karate - http request failed: 
java.net.UnknownHostException: kadaster
15:22:18.930 [ForkJoinPool-1-worker-9] ERROR com.intuit.karate - feature call (loop) failed at index: 0
caller: classpath:InspireTest/ngr/datasetrecords/def/checkxlinkurl.template.feature
arg: {"link":"http://kadaster/3bf3f7f3-8ac9-4203-bb95-2c932d5f0f3e"}
checkxlinkurl.template.feature:14 - 
java.net.UnknownHostException: kadaster
15:22:19.157 [ForkJoinPool-1-worker-3] INFO  com.intuit.karate - [print]
15:22:19.157 [ForkJoinPool-1-worker-3] INFO  com.intuit.karate - [print] testing xlinkurl:https://ngr.acceptatie.nationaalgeoregister.nl/geonetwork/srv/resourcesd7ab6903-1152-450b-b81d-042682dcfd03
15:22:19.189 [ForkJoinPool-1-worker-13] INFO  com.intuit.karate - [print]
15:22:19.189 [ForkJoinPool-1-worker-13] INFO  com.intuit.karate - [print] testing xlinkurl:https://creativecommons.org/publicdomain/mark/*/deed.nl
15:22:19.235 [ForkJoinPool-1-worker-13] ERROR com.intuit.karate - assertion failed: path: $, actual: 404, expected: 200, reason: not equal (Integer)
15:22:19.235 [ForkJoinPool-1-worker-13] ERROR com.intuit.karate - feature call (loop) failed at index: 2
caller: classpath:InspireTest/ngr/datasetrecords/def/checkxlinkurl.template.feature
arg: {"link":"https://creativecommons.org/publicdomain/mark/*/deed.nl"}
checkxlinkurl.template.feature:22 - path: $, actual: 404, expected: 200, reason: not equal (Integer)
15:22:19.236 [ForkJoinPool-1-worker-13] INFO  com.intuit.karate - [print]
15:22:19.236 [ForkJoinPool-1-worker-13] INFO  com.intuit.karate - [print] testing xlinkurl:
15:22:19.236 [ForkJoinPool-1-worker-13] ERROR com.intuit.karate - org.apache.http.client.ClientProtocolException, http call failed after 0 milliseconds for URL: 
15:22:19.236 [ForkJoinPool-1-worker-13] ERROR com.intuit.karate - http request failed: 
org.apache.http.client.ClientProtocolException
15:22:19.237 [ForkJoinPool-1-worker-13] ERROR com.intuit.karate - feature call (loop) failed at index: 3
caller: classpath:InspireTest/ngr/datasetrecords/def/checkxlinkurl.template.feature
arg: {"link":""}
checkxlinkurl.template.feature:14 - 
org.apache.http.client.ClientProtocolException
15:22:19.438 [ForkJoinPool-1-worker-3] ERROR com.intuit.karate - assertion failed: path: $, actual: 404, expected: 200, reason: not equal (Integer)
15:22:19.438 [ForkJoinPool-1-worker-3] ERROR com.intuit.karate - feature call (loop) failed at index: 1
caller: classpath:InspireTest/ngr/datasetrecords/def/checkxlinkurl.template.feature
arg: {"link":"https://ngr.acceptatie.nationaalgeoregister.nl/geonetwork/srv/resourcesd7ab6903-1152-450b-b81d-042682dcfd03"}
checkxlinkurl.template.feature:22 - path: $, actual: 404, expected: 200, reason: not equal (Integer)
15:22:19.472 [ForkJoinPool-1-worker-9] INFO  com.intuit.karate - [print] title:Overstromingsgevaarkaarten
15:22:19.473 [ForkJoinPool-1-worker-9] INFO  com.intuit.karate - [print] Overstromingsgevaarkaarten
15:22:19.473 [ForkJoinPool-1-worker-9] INFO  com.intuit.karate - [print] [
  "inspire@gbo-provincies.nl",
  "inspire@gbo-provincies.nl",
  "inspire@gbo-provincies.nl"
]

15:22:19.475 [ForkJoinPool-1-worker-9] INFO  com.intuit.karate - [print] organisation: [
  "Interprovinciaal Overleg",
  "Interprovinciaal Overleg",
  "Interprovinciaal Overleg"
]

15:22:19.478 [ForkJoinPool-1-worker-9] INFO  com.intuit.karate - [print] [
  "http://nationaalgeoregister.nl/geonetwork/srv/dut/csw?SERVICE=CSW&version=2.0.2&REQUEST=GetRecordById&elementSetName=full&OutputSchema=http://www.isotc211.org/2005/gmd&ID=bc2c53f6-c908-4d7c-a6c0-78d9a2855640",
  "https://creativecommons.org/publicdomain/mark/*/deed.nl",
  ""
]

15:22:19.482 [ForkJoinPool-1-worker-9] INFO  com.intuit.karate - [print]
15:22:19.483 [ForkJoinPool-1-worker-9] INFO  com.intuit.karate - [print] testing xlinkurl:http://nationaalgeoregister.nl/geonetwork/srv/dut/csw?SERVICE=CSW&version=2.0.2&REQUEST=GetRecordById&elementSetName=full&OutputSchema=http://www.isotc211.org/2005/gmd&ID=bc2c53f6-c908-4d7c-a6c0-78d9a2855640
15:22:19.774 [ForkJoinPool-1-worker-13] INFO  com.intuit.karate - [print] title:Kadastrale Percelen (INSPIRE geharmoniseerd)
15:22:19.774 [ForkJoinPool-1-worker-13] INFO  com.intuit.karate - [print] Kadastrale Percelen (INSPIRE geharmoniseerd)
15:22:19.774 [ForkJoinPool-1-worker-13] INFO  com.intuit.karate - [print] [
  "PPB-GVA@kadaster.nl",
  "kcc@kadaster.nl",
  "",
  ""
]

15:22:19.775 [ForkJoinPool-1-worker-13] INFO  com.intuit.karate - [print] organisation: [
  "Kadaster",
  "Kadaster"
]

15:22:19.778 [ForkJoinPool-1-worker-13] INFO  com.intuit.karate - [print] [
  "http://www.opengis.net/def/crs/EPSG/0/http://www.opengis.net/def/crs/EPSG/0/4258",
  "http://kadaster/0f9b8c87-80a6-435f-b3b3-e07c3918d344"
]

15:22:19.781 [ForkJoinPool-1-worker-13] INFO  com.intuit.karate - [print]
15:22:19.781 [ForkJoinPool-1-worker-13] INFO  com.intuit.karate - [print] testing xlinkurl:http://www.opengis.net/def/crs/EPSG/0/http://www.opengis.net/def/crs/EPSG/0/4258
15:22:19.947 [ForkJoinPool-1-worker-9] INFO  com.intuit.karate - [print]
15:22:19.947 [ForkJoinPool-1-worker-9] INFO  com.intuit.karate - [print] testing xlinkurl:https://creativecommons.org/publicdomain/mark/*/deed.nl
15:22:19.984 [ForkJoinPool-1-worker-9] ERROR com.intuit.karate - assertion failed: path: $, actual: 404, expected: 200, reason: not equal (Integer)
15:22:19.986 [ForkJoinPool-1-worker-3] INFO  com.intuit.karate - [print] title:Luchtfoto 2018 25cm RGB open data
15:22:19.986 [ForkJoinPool-1-worker-3] INFO  com.intuit.karate - [print] Luchtfoto 2018 25cm RGB open data
15:22:19.988 [ForkJoinPool-1-worker-3] INFO  com.intuit.karate - [print] [
  "PPB-GVA@kadaster.nl",
  "info@hetwaterschapshuis.nl",
  "kcc@kadaster.nl",
  "",
  "",
  "",
  "",
  "",
  ""
]

15:22:19.989 [ForkJoinPool-1-worker-3] INFO  com.intuit.karate - [print] organisation: [
  "Kadaster",
  "Het Waterschapshuis",
  "Kadaster",
  "Eurosense",
  "Eurosense",
  "Eurosense",
  "Kadaster",
  "Kadaster"
]

15:22:19.993 [ForkJoinPool-1-worker-3] INFO  com.intuit.karate - [print] [
  "http://kadaster/2482250f-3b00-4439-9f93-f3118229b020",
  "",
  "",
  ""
]

15:22:19.986 [ForkJoinPool-1-worker-9] ERROR com.intuit.karate - feature call (loop) failed at index: 1
caller: classpath:InspireTest/ngr/datasetrecords/def/checkxlinkurl.template.feature
arg: {"link":"https://creativecommons.org/publicdomain/mark/*/deed.nl"}
checkxlinkurl.template.feature:22 - path: $, actual: 404, expected: 200, reason: not equal (Integer)
15:22:19.995 [ForkJoinPool-1-worker-9] INFO  com.intuit.karate - [print]
15:22:19.995 [ForkJoinPool-1-worker-9] INFO  com.intuit.karate - [print] testing xlinkurl:
15:22:19.995 [ForkJoinPool-1-worker-9] ERROR com.intuit.karate - org.apache.http.client.ClientProtocolException, http call failed after 0 milliseconds for URL: 
15:22:19.995 [ForkJoinPool-1-worker-9] ERROR com.intuit.karate - http request failed: 
org.apache.http.client.ClientProtocolException
15:22:19.995 [ForkJoinPool-1-worker-9] ERROR com.intuit.karate - feature call (loop) failed at index: 2
caller: classpath:InspireTest/ngr/datasetrecords/def/checkxlinkurl.template.feature
arg: {"link":""}
checkxlinkurl.template.feature:14 - 
org.apache.http.client.ClientProtocolException
15:22:19.998 [ForkJoinPool-1-worker-3] INFO  com.intuit.karate - [print]
15:22:19.998 [ForkJoinPool-1-worker-3] INFO  com.intuit.karate - [print] testing xlinkurl:http://kadaster/2482250f-3b00-4439-9f93-f3118229b020
15:22:19.999 [ForkJoinPool-1-worker-3] ERROR com.intuit.karate - java.net.UnknownHostException: kadaster, http call failed after 0 milliseconds for URL: http://kadaster/2482250f-3b00-4439-9f93-f3118229b020
15:22:19.999 [ForkJoinPool-1-worker-3] ERROR com.intuit.karate - http request failed: 
java.net.UnknownHostException: kadaster
15:22:19.999 [ForkJoinPool-1-worker-3] ERROR com.intuit.karate - feature call (loop) failed at index: 0
caller: classpath:InspireTest/ngr/datasetrecords/def/checkxlinkurl.template.feature
arg: {"link":"http://kadaster/2482250f-3b00-4439-9f93-f3118229b020"}
checkxlinkurl.template.feature:14 - 
java.net.UnknownHostException: kadaster
15:22:19.999 [ForkJoinPool-1-worker-3] INFO  com.intuit.karate - [print]
15:22:19.999 [ForkJoinPool-1-worker-3] INFO  com.intuit.karate - [print] testing xlinkurl:
15:22:20.000 [ForkJoinPool-1-worker-3] ERROR com.intuit.karate - org.apache.http.client.ClientProtocolException, http call failed after 0 milliseconds for URL: 
15:22:20.000 [ForkJoinPool-1-worker-3] ERROR com.intuit.karate - http request failed: 
org.apache.http.client.ClientProtocolException
15:22:20.000 [ForkJoinPool-1-worker-3] ERROR com.intuit.karate - feature call (loop) failed at index: 1
caller: classpath:InspireTest/ngr/datasetrecords/def/checkxlinkurl.template.feature
arg: {"link":""}
checkxlinkurl.template.feature:14 - 
org.apache.http.client.ClientProtocolException
15:22:20.000 [ForkJoinPool-1-worker-3] INFO  com.intuit.karate - [print]
15:22:20.000 [ForkJoinPool-1-worker-3] INFO  com.intuit.karate - [print] testing xlinkurl:
15:22:20.000 [ForkJoinPool-1-worker-3] ERROR com.intuit.karate - org.apache.http.client.ClientProtocolException, http call failed after 0 milliseconds for URL: 
15:22:20.000 [ForkJoinPool-1-worker-3] ERROR com.intuit.karate - http request failed: 
org.apache.http.client.ClientProtocolException
15:22:20.001 [ForkJoinPool-1-worker-3] ERROR com.intuit.karate - feature call (loop) failed at index: 2
caller: classpath:InspireTest/ngr/datasetrecords/def/checkxlinkurl.template.feature
arg: {"link":""}
checkxlinkurl.template.feature:14 - 
org.apache.http.client.ClientProtocolException
15:22:20.001 [ForkJoinPool-1-worker-3] INFO  com.intuit.karate - [print]
15:22:20.001 [ForkJoinPool-1-worker-3] INFO  com.intuit.karate - [print] testing xlinkurl:
15:22:20.001 [ForkJoinPool-1-worker-3] ERROR com.intuit.karate - org.apache.http.client.ClientProtocolException, http call failed after 0 milliseconds for URL: 
15:22:20.001 [ForkJoinPool-1-worker-3] ERROR com.intuit.karate - http request failed: 
org.apache.http.client.ClientProtocolException
15:22:20.001 [ForkJoinPool-1-worker-3] ERROR com.intuit.karate - feature call (loop) failed at index: 3
caller: classpath:InspireTest/ngr/datasetrecords/def/checkxlinkurl.template.feature
arg: {"link":""}
checkxlinkurl.template.feature:14 - 
org.apache.http.client.ClientProtocolException
15:22:20.081 [ForkJoinPool-1-worker-13] INFO  com.intuit.karate - [print]
15:22:20.081 [ForkJoinPool-1-worker-13] INFO  com.intuit.karate - [print] testing xlinkurl:http://kadaster/0f9b8c87-80a6-435f-b3b3-e07c3918d344
15:22:20.082 [ForkJoinPool-1-worker-13] ERROR com.intuit.karate - java.net.UnknownHostException: kadaster, http call failed after 0 milliseconds for URL: http://kadaster/0f9b8c87-80a6-435f-b3b3-e07c3918d344
15:22:20.082 [ForkJoinPool-1-worker-13] ERROR com.intuit.karate - http request failed: 
java.net.UnknownHostException: kadaster
15:22:20.082 [ForkJoinPool-1-worker-13] ERROR com.intuit.karate - feature call (loop) failed at index: 1
caller: classpath:InspireTest/ngr/datasetrecords/def/checkxlinkurl.template.feature
arg: {"link":"http://kadaster/0f9b8c87-80a6-435f-b3b3-e07c3918d344"}
checkxlinkurl.template.feature:14 - 
java.net.UnknownHostException: kadaster
15:22:20.505 [ForkJoinPool-1-worker-9] INFO  com.intuit.karate - [print] title:Publiekrechtelijke beperkingen
15:22:20.505 [ForkJoinPool-1-worker-9] INFO  com.intuit.karate - [print] Publiekrechtelijke beperkingen
15:22:20.506 [ForkJoinPool-1-worker-9] INFO  com.intuit.karate - [print] [
  "PPB-GVA@kadaster.nl",
  "kcc@kadaster.nl"
]

15:22:20.507 [ForkJoinPool-1-worker-9] INFO  com.intuit.karate - [print] organisation: [
  "Kadaster",
  "Kadaster"
]

15:22:20.509 [ForkJoinPool-1-worker-9] INFO  com.intuit.karate - [print] [
  "http://kadaster/e2318c58-b1e6-4621-9c77-33b8a1fd0124"
]

15:22:20.512 [ForkJoinPool-1-worker-9] INFO  com.intuit.karate - [print]
15:22:20.512 [ForkJoinPool-1-worker-9] INFO  com.intuit.karate - [print] testing xlinkurl:http://kadaster/e2318c58-b1e6-4621-9c77-33b8a1fd0124
15:22:20.513 [ForkJoinPool-1-worker-9] ERROR com.intuit.karate - java.net.UnknownHostException: kadaster, http call failed after 0 milliseconds for URL: http://kadaster/e2318c58-b1e6-4621-9c77-33b8a1fd0124
15:22:20.513 [ForkJoinPool-1-worker-9] ERROR com.intuit.karate - http request failed: 
java.net.UnknownHostException: kadaster
15:22:20.513 [ForkJoinPool-1-worker-9] ERROR com.intuit.karate - feature call (loop) failed at index: 0
caller: classpath:InspireTest/ngr/datasetrecords/def/checkxlinkurl.template.feature
arg: {"link":"http://kadaster/e2318c58-b1e6-4621-9c77-33b8a1fd0124"}
checkxlinkurl.template.feature:14 - 
java.net.UnknownHostException: kadaster
15:22:20.563 [ForkJoinPool-1-worker-3] INFO  com.intuit.karate - [print] title:CBS gebiedsindelingen
15:22:20.563 [ForkJoinPool-1-worker-3] INFO  com.intuit.karate - [print] CBS gebiedsindelingen
15:22:20.564 [ForkJoinPool-1-worker-3] INFO  com.intuit.karate - [print] [
  "infoservice@cbs.nl",
  "infoservice@cbs.nl",
  "infoservice@cbs.nl",
  "",
  ""
]

15:22:20.565 [ForkJoinPool-1-worker-3] INFO  com.intuit.karate - [print] organisation: [
  "Centraal Bureau voor de Statistiek",
  "Centraal Bureau voor de Statistiek",
  "Centraal Bureau voor de Statistiek",
  "Kadaster"
]

15:22:20.567 [ForkJoinPool-1-worker-3] INFO  com.intuit.karate - [print] [
  "https://geodata.nationaalgeoregister.nl/cbsgebiedsindelingen/atom/cbsgebiedsindelingen.xml",
  ""
]

15:22:20.570 [ForkJoinPool-1-worker-3] INFO  com.intuit.karate - [print]
15:22:20.570 [ForkJoinPool-1-worker-3] INFO  com.intuit.karate - [print] testing xlinkurl:https://geodata.nationaalgeoregister.nl/cbsgebiedsindelingen/atom/cbsgebiedsindelingen.xml
15:22:20.642 [ForkJoinPool-1-worker-13] INFO  com.intuit.karate - [print] title:Olie- en gasvelden onder INSPIRE
15:22:20.642 [ForkJoinPool-1-worker-13] INFO  com.intuit.karate - [print] Olie- en gasvelden onder INSPIRE
15:22:20.642 [ForkJoinPool-1-worker-13] INFO  com.intuit.karate - [print] [
  "info@dinoloket.nl",
  "info@dinoloket.nl",
  "info@dinoloket.nl"
]

15:22:20.643 [ForkJoinPool-1-worker-13] INFO  com.intuit.karate - [print] organisation: [
  "TNO Geologische Dienst Nederland",
  "TNO Geologische Dienst Nederland",
  "TNO Geologische Dienst Nederland"
]

15:22:20.646 [ForkJoinPool-1-worker-13] INFO  com.intuit.karate - [print] [
  "https://nationaalgeoregister.nl/geonetwork/srv/resources49e49382-674d-4ce8-9f4a-ba4dd2265eef",
  "http://rdfdata.eionet.europa.eu/inspirethemes/themes/33",
  "http://geonetwork-opensource.org/inspire-theme#",
  "https://www.nationaalgeoregister.nl/geonetwork/srv/eng/thesaurus.download?ref=external.theme.inspire-theme"
]

15:22:20.649 [ForkJoinPool-1-worker-13] INFO  com.intuit.karate - [print]
15:22:20.649 [ForkJoinPool-1-worker-13] INFO  com.intuit.karate - [print] testing xlinkurl:https://nationaalgeoregister.nl/geonetwork/srv/resources49e49382-674d-4ce8-9f4a-ba4dd2265eef
15:22:20.935 [ForkJoinPool-1-worker-13] ERROR com.intuit.karate - assertion failed: path: $, actual: 404, expected: 200, reason: not equal (Integer)
15:22:20.935 [ForkJoinPool-1-worker-13] ERROR com.intuit.karate - feature call (loop) failed at index: 0
caller: classpath:InspireTest/ngr/datasetrecords/def/checkxlinkurl.template.feature
arg: {"link":"https://nationaalgeoregister.nl/geonetwork/srv/resources49e49382-674d-4ce8-9f4a-ba4dd2265eef"}
checkxlinkurl.template.feature:22 - path: $, actual: 404, expected: 200, reason: not equal (Integer)
15:22:20.937 [ForkJoinPool-1-worker-13] INFO  com.intuit.karate - [print]
15:22:20.937 [ForkJoinPool-1-worker-13] INFO  com.intuit.karate - [print] testing xlinkurl:http://rdfdata.eionet.europa.eu/inspirethemes/themes/33
15:22:20.952 [ForkJoinPool-1-worker-3] INFO  com.intuit.karate - [print]
15:22:20.952 [ForkJoinPool-1-worker-3] INFO  com.intuit.karate - [print] testing xlinkurl:
15:22:20.952 [ForkJoinPool-1-worker-3] ERROR com.intuit.karate - org.apache.http.client.ClientProtocolException, http call failed after 0 milliseconds for URL: 
15:22:20.952 [ForkJoinPool-1-worker-3] ERROR com.intuit.karate - http request failed: 
org.apache.http.client.ClientProtocolException
15:22:20.952 [ForkJoinPool-1-worker-3] ERROR com.intuit.karate - feature call (loop) failed at index: 1
caller: classpath:InspireTest/ngr/datasetrecords/def/checkxlinkurl.template.feature
arg: {"link":""}
checkxlinkurl.template.feature:14 - 
org.apache.http.client.ClientProtocolException
15:22:21.086 [ForkJoinPool-1-worker-9] INFO  com.intuit.karate - [print] title:Werelderfgoed
15:22:21.086 [ForkJoinPool-1-worker-9] INFO  com.intuit.karate - [print] Werelderfgoed
15:22:21.086 [ForkJoinPool-1-worker-9] INFO  com.intuit.karate - [print] [
  "info@cultureelerfgoed.nl",
  "info@cultureelerfgoed.nl",
  "info@cultureelerfgoed.nl"
]

15:22:21.087 [ForkJoinPool-1-worker-9] INFO  com.intuit.karate - [print] organisation: [
  "Rijksdienst voor het Cultureel Erfgoed",
  "Rijksdienst voor het Cultureel Erfgoed",
  "Rijksdienst voor het Cultureel Erfgoed"
]

15:22:21.089 [ForkJoinPool-1-worker-9] INFO  com.intuit.karate - [print] [
  "http://services.rce.geovoorziening.nl/www/download/nl.xml"
]

15:22:21.092 [ForkJoinPool-1-worker-9] INFO  com.intuit.karate - [print]
15:22:21.092 [ForkJoinPool-1-worker-9] INFO  com.intuit.karate - [print] testing xlinkurl:http://services.rce.geovoorziening.nl/www/download/nl.xml
15:22:21.141 [ForkJoinPool-1-worker-13] ERROR com.intuit.karate - assertion failed: path: $, actual: 404, expected: 200, reason: not equal (Integer)
15:22:21.141 [ForkJoinPool-1-worker-13] ERROR com.intuit.karate - feature call (loop) failed at index: 1
caller: classpath:InspireTest/ngr/datasetrecords/def/checkxlinkurl.template.feature
arg: {"link":"http://rdfdata.eionet.europa.eu/inspirethemes/themes/33"}
checkxlinkurl.template.feature:22 - path: $, actual: 404, expected: 200, reason: not equal (Integer)
15:22:21.142 [ForkJoinPool-1-worker-13] INFO  com.intuit.karate - [print]
15:22:21.142 [ForkJoinPool-1-worker-13] INFO  com.intuit.karate - [print] testing xlinkurl:http://geonetwork-opensource.org/inspire-theme#
15:22:21.305 [ForkJoinPool-1-worker-5] INFO  com.intuit.karate - [print]
15:22:21.305 [ForkJoinPool-1-worker-5] INFO  com.intuit.karate - [print] testing xlinkurl:https://ngr.geocat.live/geonetwork/srv/eng/thesaurus.download?ref=external.theme.httpinspireeceuropaeumetadatacodelistPrioritydataset-Prioritydataset
15:22:21.481 [ForkJoinPool-1-worker-3] INFO  com.intuit.karate - [print] title:Geluidkaart hoofdspoornet 2016 (Lnight)
15:22:21.481 [ForkJoinPool-1-worker-3] INFO  com.intuit.karate - [print] Geluidkaart hoofdspoornet 2016 (Lnight)
15:22:21.497 [ForkJoinPool-1-worker-3] INFO  com.intuit.karate - [print] [
  "sylvia.koolmees@minienw.nl",
  "sylvia.koolmees@minienw.nl"
]

15:22:21.497 [ForkJoinPool-1-worker-3] INFO  com.intuit.karate - [print] organisation: [
  "Ministerie van IenW",
  "Ministerie van IenW"
]

15:22:21.500 [ForkJoinPool-1-worker-3] INFO  com.intuit.karate - [print] [
  "https://www.nationaalgeoregister.nl/geonetwork/srv/api/records/002d9127-c16d-4b8d-9f5e-102a8c8e36c4"
]

15:22:21.505 [ForkJoinPool-1-worker-3] INFO  com.intuit.karate - [print]
15:22:21.506 [ForkJoinPool-1-worker-3] INFO  com.intuit.karate - [print] testing xlinkurl:https://www.nationaalgeoregister.nl/geonetwork/srv/api/records/002d9127-c16d-4b8d-9f5e-102a8c8e36c4
15:22:21.630 [ForkJoinPool-1-worker-5] ERROR com.intuit.karate - assertion failed: path: $, actual: 500, expected: 200, reason: not equal (Integer)
15:22:21.630 [ForkJoinPool-1-worker-5] ERROR com.intuit.karate - feature call (loop) failed at index: 3
caller: classpath:InspireTest/ngr/datasetrecords/def/checkxlinkurl.template.feature
arg: {"link":"https://ngr.geocat.live/geonetwork/srv/eng/thesaurus.download?ref=external.theme.httpinspireeceuropaeumetadatacodelistPrioritydataset-Prioritydataset"}
checkxlinkurl.template.feature:22 - path: $, actual: 500, expected: 200, reason: not equal (Integer)
15:22:21.631 [ForkJoinPool-1-worker-5] INFO  com.intuit.karate - [print]
15:22:21.631 [ForkJoinPool-1-worker-5] INFO  com.intuit.karate - [print] testing xlinkurl:urn:ogc:def:crs:EPSG::5709
15:22:21.632 [ForkJoinPool-1-worker-5] ERROR com.intuit.karate - org.apache.http.client.ClientProtocolException: URI does not specify a valid host name: urn:ogc:def:crs:EPSG::5709, http call failed after 0 milliseconds for URL: urn:ogc:def:crs:EPSG::5709
15:22:21.632 [ForkJoinPool-1-worker-5] ERROR com.intuit.karate - http request failed: 
org.apache.http.client.ClientProtocolException: URI does not specify a valid host name: urn:ogc:def:crs:EPSG::5709
15:22:21.632 [ForkJoinPool-1-worker-5] ERROR com.intuit.karate - feature call (loop) failed at index: 4
caller: classpath:InspireTest/ngr/datasetrecords/def/checkxlinkurl.template.feature
arg: {"link":"urn:ogc:def:crs:EPSG::5709"}
checkxlinkurl.template.feature:14 - 
org.apache.http.client.ClientProtocolException: URI does not specify a valid host name: urn:ogc:def:crs:EPSG::5709
15:22:21.732 [ForkJoinPool-1-worker-13] ERROR com.intuit.karate - assertion failed: path: $, actual: 404, expected: 200, reason: not equal (Integer)
15:22:21.732 [ForkJoinPool-1-worker-13] ERROR com.intuit.karate - feature call (loop) failed at index: 2
caller: classpath:InspireTest/ngr/datasetrecords/def/checkxlinkurl.template.feature
arg: {"link":"http://geonetwork-opensource.org/inspire-theme#"}
checkxlinkurl.template.feature:22 - path: $, actual: 404, expected: 200, reason: not equal (Integer)
15:22:21.733 [ForkJoinPool-1-worker-13] INFO  com.intuit.karate - [print]
15:22:21.733 [ForkJoinPool-1-worker-13] INFO  com.intuit.karate - [print] testing xlinkurl:https://www.nationaalgeoregister.nl/geonetwork/srv/eng/thesaurus.download?ref=external.theme.inspire-theme
15:22:21.783 [ForkJoinPool-1-worker-3] ERROR com.intuit.karate - assertion failed: path: $, actual: 400, expected: 200, reason: not equal (Integer)
15:22:21.783 [ForkJoinPool-1-worker-3] ERROR com.intuit.karate - feature call (loop) failed at index: 0
caller: classpath:InspireTest/ngr/datasetrecords/def/checkxlinkurl.template.feature
arg: {"link":"https://www.nationaalgeoregister.nl/geonetwork/srv/api/records/002d9127-c16d-4b8d-9f5e-102a8c8e36c4"}
checkxlinkurl.template.feature:22 - path: $, actual: 400, expected: 200, reason: not equal (Integer)
15:22:22.070 [ForkJoinPool-1-worker-13] ERROR com.intuit.karate - assertion failed: path: $, actual: 500, expected: 200, reason: not equal (Integer)
15:22:22.071 [ForkJoinPool-1-worker-13] ERROR com.intuit.karate - feature call (loop) failed at index: 3
caller: classpath:InspireTest/ngr/datasetrecords/def/checkxlinkurl.template.feature
arg: {"link":"https://www.nationaalgeoregister.nl/geonetwork/srv/eng/thesaurus.download?ref=external.theme.inspire-theme"}
checkxlinkurl.template.feature:22 - path: $, actual: 500, expected: 200, reason: not equal (Integer)
15:22:22.179 [ForkJoinPool-1-worker-5] INFO  com.intuit.karate - [print] title:Rijksmonumenten (verouderd)
15:22:22.179 [ForkJoinPool-1-worker-5] INFO  com.intuit.karate - [print] Rijksmonumenten (verouderd)
15:22:22.180 [ForkJoinPool-1-worker-5] INFO  com.intuit.karate - [print] [
  "info@cultureelerfgoed.nl",
  "info@cultureelerfgoed.nl"
]

15:22:22.181 [ForkJoinPool-1-worker-5] INFO  com.intuit.karate - [print] organisation: [
  "Rijksdienst voor het Cultureel Erfgoed",
  "Rijksdienst voor het Cultureel Erfgoed"
]

15:22:22.188 [ForkJoinPool-1-worker-5] INFO  com.intuit.karate - [print] [
  "http://services.rce.geovoorziening.nl/www/download/nl.xml",
  "",
  ""
]

15:22:22.191 [ForkJoinPool-1-worker-5] INFO  com.intuit.karate - [print]
15:22:22.191 [ForkJoinPool-1-worker-5] INFO  com.intuit.karate - [print] testing xlinkurl:http://services.rce.geovoorziening.nl/www/download/nl.xml
15:22:22.250 [ForkJoinPool-1-worker-9] INFO  com.intuit.karate - [print] title:Gemeten Stikstofdioxide concentraties in buitenlucht.
15:22:22.251 [ForkJoinPool-1-worker-9] INFO  com.intuit.karate - [print] Gemeten Stikstofdioxide concentraties in buitenlucht.
15:22:22.251 [ForkJoinPool-1-worker-9] INFO  com.intuit.karate - [print] [
  "geodata@rivm.nl",
  "geodata@rivm.nl"
]

15:22:22.252 [ForkJoinPool-1-worker-9] INFO  com.intuit.karate - [print] organisation: RIVM
15:22:22.255 [ForkJoinPool-1-worker-9] INFO  com.intuit.karate - [print] [
  "https://data.rivm.nl/inspire?id#505e9f1e-84bc-4856-9771-4295db998bb6"
]

15:22:22.257 [ForkJoinPool-1-worker-9] INFO  com.intuit.karate - [print]
15:22:22.257 [ForkJoinPool-1-worker-9] INFO  com.intuit.karate - [print] testing xlinkurl:https://data.rivm.nl/inspire?id#505e9f1e-84bc-4856-9771-4295db998bb6
15:22:22.372 [ForkJoinPool-1-worker-5] INFO  com.intuit.karate - [print]
15:22:22.372 [ForkJoinPool-1-worker-5] INFO  com.intuit.karate - [print] testing xlinkurl:
15:22:22.373 [ForkJoinPool-1-worker-5] ERROR com.intuit.karate - org.apache.http.client.ClientProtocolException, http call failed after 0 milliseconds for URL: 
15:22:22.373 [ForkJoinPool-1-worker-5] ERROR com.intuit.karate - http request failed: 
org.apache.http.client.ClientProtocolException
15:22:22.373 [ForkJoinPool-1-worker-5] ERROR com.intuit.karate - feature call (loop) failed at index: 1
caller: classpath:InspireTest/ngr/datasetrecords/def/checkxlinkurl.template.feature
arg: {"link":""}
checkxlinkurl.template.feature:14 - 
org.apache.http.client.ClientProtocolException
15:22:22.373 [ForkJoinPool-1-worker-5] INFO  com.intuit.karate - [print]
15:22:22.373 [ForkJoinPool-1-worker-5] INFO  com.intuit.karate - [print] testing xlinkurl:
15:22:22.374 [ForkJoinPool-1-worker-5] ERROR com.intuit.karate - org.apache.http.client.ClientProtocolException, http call failed after 0 milliseconds for URL: 
15:22:22.374 [ForkJoinPool-1-worker-5] ERROR com.intuit.karate - http request failed: 
org.apache.http.client.ClientProtocolException
15:22:22.374 [ForkJoinPool-1-worker-5] ERROR com.intuit.karate - feature call (loop) failed at index: 2
caller: classpath:InspireTest/ngr/datasetrecords/def/checkxlinkurl.template.feature
arg: {"link":""}
checkxlinkurl.template.feature:14 - 
org.apache.http.client.ClientProtocolException
15:22:22.440 [ForkJoinPool-1-worker-3] INFO  com.intuit.karate - [print] title:Gemeten fijnere fractie van Fijn stof concentraties in buitenlucht.
15:22:22.441 [ForkJoinPool-1-worker-3] INFO  com.intuit.karate - [print] Gemeten fijnere fractie van Fijn stof concentraties in buitenlucht.
15:22:22.441 [ForkJoinPool-1-worker-3] INFO  com.intuit.karate - [print] [
  "geodata@rivm.nl",
  "geodata@rivm.nl"
]

15:22:22.442 [ForkJoinPool-1-worker-3] INFO  com.intuit.karate - [print] organisation: no organisationName found in dataset record
15:22:22.446 [ForkJoinPool-1-worker-3] INFO  com.intuit.karate - [print] [
  "https://data.rivm.nl/inspire/id#df9bc66f-941b-4c38-a104-1b8d940a53db"
]

15:22:22.450 [ForkJoinPool-1-worker-3] INFO  com.intuit.karate - [print]
15:22:22.451 [ForkJoinPool-1-worker-3] INFO  com.intuit.karate - [print] testing xlinkurl:https://data.rivm.nl/inspire/id#df9bc66f-941b-4c38-a104-1b8d940a53db
15:22:22.616 [ForkJoinPool-1-worker-9] ERROR com.intuit.karate - assertion failed: path: $, actual: 404, expected: 200, reason: not equal (Integer)
15:22:22.616 [ForkJoinPool-1-worker-9] ERROR com.intuit.karate - feature call (loop) failed at index: 0
caller: classpath:InspireTest/ngr/datasetrecords/def/checkxlinkurl.template.feature
arg: {"link":"https://data.rivm.nl/inspire?id#505e9f1e-84bc-4856-9771-4295db998bb6"}
checkxlinkurl.template.feature:22 - path: $, actual: 404, expected: 200, reason: not equal (Integer)
15:22:22.646 [ForkJoinPool-1-worker-13] INFO  com.intuit.karate - [print] title:Stads- en Dorpsgezichten
15:22:22.646 [ForkJoinPool-1-worker-13] INFO  com.intuit.karate - [print] Stads- en Dorpsgezichten
15:22:22.647 [ForkJoinPool-1-worker-13] INFO  com.intuit.karate - [print] [
  "info@cultureelerfgoed.nl",
  "info@cultureelerfgoed.nl",
  "info@cultureelerfgoed.nl"
]

15:22:22.648 [ForkJoinPool-1-worker-13] INFO  com.intuit.karate - [print] organisation: [
  "Rijksdienst voor het Cultureel Erfgoed",
  "Rijksdienst voor het Cultureel Erfgoed",
  "Rijksdienst voor het Cultureel Erfgoed"
]

15:22:22.650 [ForkJoinPool-1-worker-13] INFO  com.intuit.karate - [print] [
  "http://services.rce.geovoorziening.nl/www/download/nl.xml"
]

15:22:22.653 [ForkJoinPool-1-worker-13] INFO  com.intuit.karate - [print]
15:22:22.653 [ForkJoinPool-1-worker-13] INFO  com.intuit.karate - [print] testing xlinkurl:http://services.rce.geovoorziening.nl/www/download/nl.xml
15:22:22.806 [ForkJoinPool-1-worker-3] ERROR com.intuit.karate - javax.net.ssl.SSLException: Connection reset, http call failed after 355 milliseconds for URL: https://data.rivm.nl/inspire/id#df9bc66f-941b-4c38-a104-1b8d940a53db
15:22:22.807 [ForkJoinPool-1-worker-3] ERROR com.intuit.karate - http request failed: 
javax.net.ssl.SSLException: Connection reset
15:22:22.807 [ForkJoinPool-1-worker-3] ERROR com.intuit.karate - feature call (loop) failed at index: 0
caller: classpath:InspireTest/ngr/datasetrecords/def/checkxlinkurl.template.feature
arg: {"link":"https://data.rivm.nl/inspire/id#df9bc66f-941b-4c38-a104-1b8d940a53db"}
checkxlinkurl.template.feature:14 - 
javax.net.ssl.SSLException: Connection reset
15:22:22.898 [ForkJoinPool-1-worker-5] INFO  com.intuit.karate - [print] title:Vervoersnetwerken - Luchttransport (INSPIRE geharmoniseerd)
15:22:22.898 [ForkJoinPool-1-worker-5] INFO  com.intuit.karate - [print] Vervoersnetwerken - Luchttransport (INSPIRE geharmoniseerd)
15:22:22.898 [ForkJoinPool-1-worker-5] INFO  com.intuit.karate - [print] [
  "PPB-GVA@kadaster.nl",
  "kcc@kadaster.nl"
]

15:22:22.899 [ForkJoinPool-1-worker-5] INFO  com.intuit.karate - [print] organisation: [
  "Kadaster",
  "Kadaster"
]

15:22:22.901 [ForkJoinPool-1-worker-5] INFO  com.intuit.karate - [print] [
  "http://www.opengis.net/def/crs/EPSG/0/http://www.opengis.net/def/crs/EPSG/0/4258",
  "http://kadaster/3b7bb05b-2d2e-4329-9a72-0eac19e315de"
]

15:22:22.904 [ForkJoinPool-1-worker-5] INFO  com.intuit.karate - [print]
15:22:22.904 [ForkJoinPool-1-worker-5] INFO  com.intuit.karate - [print] testing xlinkurl:http://www.opengis.net/def/crs/EPSG/0/http://www.opengis.net/def/crs/EPSG/0/4258
15:22:23.201 [ForkJoinPool-1-worker-5] INFO  com.intuit.karate - [print]
15:22:23.201 [ForkJoinPool-1-worker-5] INFO  com.intuit.karate - [print] testing xlinkurl:http://kadaster/3b7bb05b-2d2e-4329-9a72-0eac19e315de
15:22:23.202 [ForkJoinPool-1-worker-5] ERROR com.intuit.karate - java.net.UnknownHostException: kadaster, http call failed after 0 milliseconds for URL: http://kadaster/3b7bb05b-2d2e-4329-9a72-0eac19e315de
15:22:23.202 [ForkJoinPool-1-worker-5] ERROR com.intuit.karate - http request failed: 
java.net.UnknownHostException: kadaster
15:22:23.202 [ForkJoinPool-1-worker-5] ERROR com.intuit.karate - feature call (loop) failed at index: 1
caller: classpath:InspireTest/ngr/datasetrecords/def/checkxlinkurl.template.feature
arg: {"link":"http://kadaster/3b7bb05b-2d2e-4329-9a72-0eac19e315de"}
checkxlinkurl.template.feature:14 - 
java.net.UnknownHostException: kadaster
15:22:23.220 [ForkJoinPool-1-worker-9] INFO  com.intuit.karate - [print] title:Beperkingen voor voertuigen (INSPIRE geharmoniseerde data)
15:22:23.220 [ForkJoinPool-1-worker-9] INFO  com.intuit.karate - [print] Beperkingen voor voertuigen (INSPIRE geharmoniseerde data)
15:22:23.221 [ForkJoinPool-1-worker-9] INFO  com.intuit.karate - [print] [
  "ontheffingen@rdw.nl",
  "ontheffingen@rdw.nl",
  "",
  ""
]

15:22:23.221 [ForkJoinPool-1-worker-9] INFO  com.intuit.karate - [print] organisation: [
  "RDW",
  "RDW",
  "RDW"
]

15:22:23.224 [ForkJoinPool-1-worker-9] INFO  com.intuit.karate - [print] [
  "http://inspire.rdw.nl/www/download/Licentie-Geogedeeld-RDW.pdf",
  ""
]

15:22:23.229 [ForkJoinPool-1-worker-9] INFO  com.intuit.karate - [print]
15:22:23.229 [ForkJoinPool-1-worker-9] INFO  com.intuit.karate - [print] testing xlinkurl:http://inspire.rdw.nl/www/download/Licentie-Geogedeeld-RDW.pdf
15:22:23.382 [ForkJoinPool-1-worker-3] INFO  com.intuit.karate - [print] title:Gemeten Koolstofmonoxide concentraties in buitenlucht.
15:22:23.383 [ForkJoinPool-1-worker-3] INFO  com.intuit.karate - [print] Gemeten Koolstofmonoxide concentraties in buitenlucht.
15:22:23.384 [ForkJoinPool-1-worker-3] INFO  com.intuit.karate - [print] [
  "geodata@rivm.nl",
  "geodata@rivm.nl"
]

15:22:23.385 [ForkJoinPool-1-worker-3] INFO  com.intuit.karate - [print] organisation: RIVM
15:22:23.388 [ForkJoinPool-1-worker-3] INFO  com.intuit.karate - [print] [
  "https://data.rivm.nl/inspire/id#a3b9f437-f571-4a00-b3c3-58e4354c244f"
]

15:22:23.391 [ForkJoinPool-1-worker-3] INFO  com.intuit.karate - [print]
15:22:23.391 [ForkJoinPool-1-worker-3] INFO  com.intuit.karate - [print] testing xlinkurl:https://data.rivm.nl/inspire/id#a3b9f437-f571-4a00-b3c3-58e4354c244f
15:22:23.488 [ForkJoinPool-1-worker-13] INFO  com.intuit.karate - [print] title:Landelijk zoet en zoutwatermeetnet - Rijkswaterstaat
15:22:23.488 [ForkJoinPool-1-worker-13] INFO  com.intuit.karate - [print] Landelijk zoet en zoutwatermeetnet - Rijkswaterstaat
15:22:23.489 [ForkJoinPool-1-worker-13] INFO  com.intuit.karate - [print] [
  "servicedesk-data@rijkswaterstaat.nl",
  "servicedesk-data@rijkswaterstaat.nl",
  "",
  "servicedesk-data@rijkswaterstaat.nl",
  "servicedesk-data@rijkswaterstaat.nl"
]

15:22:23.489 [ForkJoinPool-1-worker-13] INFO  com.intuit.karate - [print] organisation: [
  "Rijkswaterstaat",
  "Rijkswaterstaat",
  "",
  "Rijkswaterstaat",
  "Rijkswaterstaat"
]

15:22:23.494 [ForkJoinPool-1-worker-13] INFO  com.intuit.karate - [print] [
  "https://www.nationaalgeoregister.nl/geonetwork/srv/dut/catalog.search#/metadata/68ebd5c9-0ea1-4f22-9907-ec4c063cd3e2",
  "http://rdfdata.eionet.europa.eu/inspirethemes/themes/20",
  "urn:ogc:def:crs:EPSG::5709"
]

15:22:23.498 [ForkJoinPool-1-worker-13] INFO  com.intuit.karate - [print]
15:22:23.498 [ForkJoinPool-1-worker-13] INFO  com.intuit.karate - [print] testing xlinkurl:https://www.nationaalgeoregister.nl/geonetwork/srv/dut/catalog.search#/metadata/68ebd5c9-0ea1-4f22-9907-ec4c063cd3e2
15:22:23.557 [ForkJoinPool-1-worker-9] INFO  com.intuit.karate - [print]
15:22:23.557 [ForkJoinPool-1-worker-9] INFO  com.intuit.karate - [print] testing xlinkurl:
15:22:23.557 [ForkJoinPool-1-worker-9] ERROR com.intuit.karate - org.apache.http.client.ClientProtocolException, http call failed after 0 milliseconds for URL: 
15:22:23.557 [ForkJoinPool-1-worker-9] ERROR com.intuit.karate - http request failed: 
org.apache.http.client.ClientProtocolException
15:22:23.557 [ForkJoinPool-1-worker-9] ERROR com.intuit.karate - feature call (loop) failed at index: 1
caller: classpath:InspireTest/ngr/datasetrecords/def/checkxlinkurl.template.feature
arg: {"link":""}
checkxlinkurl.template.feature:14 - 
org.apache.http.client.ClientProtocolException
15:22:23.749 [ForkJoinPool-1-worker-3] ERROR com.intuit.karate - javax.net.ssl.SSLException: Connection reset, http call failed after 357 milliseconds for URL: https://data.rivm.nl/inspire/id#a3b9f437-f571-4a00-b3c3-58e4354c244f
15:22:23.749 [ForkJoinPool-1-worker-3] ERROR com.intuit.karate - http request failed: 
javax.net.ssl.SSLException: Connection reset
15:22:23.749 [ForkJoinPool-1-worker-3] ERROR com.intuit.karate - feature call (loop) failed at index: 0
caller: classpath:InspireTest/ngr/datasetrecords/def/checkxlinkurl.template.feature
arg: {"link":"https://data.rivm.nl/inspire/id#a3b9f437-f571-4a00-b3c3-58e4354c244f"}
checkxlinkurl.template.feature:14 - 
javax.net.ssl.SSLException: Connection reset
15:22:23.765 [ForkJoinPool-1-worker-5] INFO  com.intuit.karate - [print] title:BRO GeoTOP (GTM)
15:22:23.767 [ForkJoinPool-1-worker-5] INFO  com.intuit.karate - [print] BRO GeoTOP (GTM)
15:22:23.767 [ForkJoinPool-1-worker-5] INFO  com.intuit.karate - [print] [
  "info@bro.nl",
  "info@bro.nl",
  "info@dinoloket.nl"
]

15:22:23.768 [ForkJoinPool-1-worker-5] INFO  com.intuit.karate - [print] organisation: [
  "TNO Geologische Dienst Nederland",
  "TNO Geologische Dienst Nederland",
  "TNO Geologische Dienst Nederland"
]

15:22:23.770 [ForkJoinPool-1-worker-5] INFO  com.intuit.karate - [print] [
  "http://www.opengis.net/def/crs/EPSG/0/NAP",
  "https://ngr.acceptatie.nationaalgeoregister.nl/geonetwork/srv/resourcesddf87610-2724-11e2-81c1-0800200c9a66"
]

15:22:23.773 [ForkJoinPool-1-worker-5] INFO  com.intuit.karate - [print]
15:22:23.773 [ForkJoinPool-1-worker-5] INFO  com.intuit.karate - [print] testing xlinkurl:http://www.opengis.net/def/crs/EPSG/0/NAP
15:22:23.811 [ForkJoinPool-1-worker-13] INFO  com.intuit.karate - [print]
15:22:23.811 [ForkJoinPool-1-worker-13] INFO  com.intuit.karate - [print] testing xlinkurl:http://rdfdata.eionet.europa.eu/inspirethemes/themes/20
15:22:24.013 [ForkJoinPool-1-worker-13] ERROR com.intuit.karate - assertion failed: path: $, actual: 404, expected: 200, reason: not equal (Integer)
15:22:24.014 [ForkJoinPool-1-worker-13] ERROR com.intuit.karate - feature call (loop) failed at index: 1
caller: classpath:InspireTest/ngr/datasetrecords/def/checkxlinkurl.template.feature
arg: {"link":"http://rdfdata.eionet.europa.eu/inspirethemes/themes/20"}
checkxlinkurl.template.feature:22 - path: $, actual: 404, expected: 200, reason: not equal (Integer)
15:22:24.014 [ForkJoinPool-1-worker-13] INFO  com.intuit.karate - [print]
15:22:24.015 [ForkJoinPool-1-worker-13] INFO  com.intuit.karate - [print] testing xlinkurl:urn:ogc:def:crs:EPSG::5709
15:22:24.015 [ForkJoinPool-1-worker-13] ERROR com.intuit.karate - org.apache.http.client.ClientProtocolException: URI does not specify a valid host name: urn:ogc:def:crs:EPSG::5709, http call failed after 0 milliseconds for URL: urn:ogc:def:crs:EPSG::5709
15:22:24.015 [ForkJoinPool-1-worker-13] ERROR com.intuit.karate - http request failed: 
org.apache.http.client.ClientProtocolException: URI does not specify a valid host name: urn:ogc:def:crs:EPSG::5709
15:22:24.015 [ForkJoinPool-1-worker-13] ERROR com.intuit.karate - feature call (loop) failed at index: 2
caller: classpath:InspireTest/ngr/datasetrecords/def/checkxlinkurl.template.feature
arg: {"link":"urn:ogc:def:crs:EPSG::5709"}
checkxlinkurl.template.feature:14 - 
org.apache.http.client.ClientProtocolException: URI does not specify a valid host name: urn:ogc:def:crs:EPSG::5709
15:22:24.112 [ForkJoinPool-1-worker-5] INFO  com.intuit.karate - [print]
15:22:24.112 [ForkJoinPool-1-worker-5] INFO  com.intuit.karate - [print] testing xlinkurl:https://ngr.acceptatie.nationaalgeoregister.nl/geonetwork/srv/resourcesddf87610-2724-11e2-81c1-0800200c9a66
15:22:24.113 [ForkJoinPool-1-worker-9] INFO  com.intuit.karate - [print] title:Hydrografie waterschappen INSPIRE
15:22:24.113 [ForkJoinPool-1-worker-9] INFO  com.intuit.karate - [print] Hydrografie waterschappen INSPIRE
15:22:24.114 [ForkJoinPool-1-worker-9] INFO  com.intuit.karate - [print] [
  "datastromen@hetwaterschapshuis.nl",
  "datastromen@hetwaterschapshuis.nl",
  "",
  "datastromen@hetwaterschapshuis.nl"
]

15:22:24.115 [ForkJoinPool-1-worker-9] INFO  com.intuit.karate - [print] organisation: [
  "Het Waterschapshuis",
  "Het Waterschapshuis",
  "Het Waterschapshuis",
  "Het Waterschapshuis"
]

15:22:24.118 [ForkJoinPool-1-worker-9] INFO  com.intuit.karate - [print] [
  "http://www.opengis.net/def/crs/EPSG/0/ETRS89",
  "https://www.nationaalgeoregister.nl/geonetwork/srv/api/records07575774-57a1-4419-bab4-6c88fdeb02b2"
]

15:22:24.124 [ForkJoinPool-1-worker-9] INFO  com.intuit.karate - [print]
15:22:24.124 [ForkJoinPool-1-worker-9] INFO  com.intuit.karate - [print] testing xlinkurl:http://www.opengis.net/def/crs/EPSG/0/ETRS89
15:22:24.275 [ForkJoinPool-1-worker-3] INFO  com.intuit.karate - [print] title:Wijk- en Buurtkaart 2019 versie 1
15:22:24.275 [ForkJoinPool-1-worker-3] INFO  com.intuit.karate - [print] Wijk- en Buurtkaart 2019 versie 1
15:22:24.276 [ForkJoinPool-1-worker-3] INFO  com.intuit.karate - [print] [
  "infoservice@cbs.nl",
  "infoservice@cbs.nl",
  "infoservice@cbs.nl",
  "",
  ""
]

15:22:24.277 [ForkJoinPool-1-worker-3] INFO  com.intuit.karate - [print] organisation: [
  "Centraal Bureau voor de Statistiek",
  "Centraal Bureau voor de Statistiek",
  "Centraal Bureau voor de Statistiek",
  "Kadaster"
]

15:22:24.280 [ForkJoinPool-1-worker-3] INFO  com.intuit.karate - [print] [
  ""
]

15:22:24.284 [ForkJoinPool-1-worker-3] INFO  com.intuit.karate - [print]
15:22:24.285 [ForkJoinPool-1-worker-3] INFO  com.intuit.karate - [print] testing xlinkurl:
15:22:24.285 [ForkJoinPool-1-worker-3] ERROR com.intuit.karate - org.apache.http.client.ClientProtocolException, http call failed after 0 milliseconds for URL: 
15:22:24.286 [ForkJoinPool-1-worker-3] ERROR com.intuit.karate - http request failed: 
org.apache.http.client.ClientProtocolException
15:22:24.287 [ForkJoinPool-1-worker-3] ERROR com.intuit.karate - feature call (loop) failed at index: 0
caller: classpath:InspireTest/ngr/datasetrecords/def/checkxlinkurl.template.feature
arg: {"link":""}
checkxlinkurl.template.feature:14 - 
org.apache.http.client.ClientProtocolException
15:22:24.391 [ForkJoinPool-1-worker-5] ERROR com.intuit.karate - assertion failed: path: $, actual: 404, expected: 200, reason: not equal (Integer)
15:22:24.392 [ForkJoinPool-1-worker-5] ERROR com.intuit.karate - feature call (loop) failed at index: 1
caller: classpath:InspireTest/ngr/datasetrecords/def/checkxlinkurl.template.feature
arg: {"link":"https://ngr.acceptatie.nationaalgeoregister.nl/geonetwork/srv/resourcesddf87610-2724-11e2-81c1-0800200c9a66"}
checkxlinkurl.template.feature:22 - path: $, actual: 404, expected: 200, reason: not equal (Integer)
15:22:24.420 [ForkJoinPool-1-worker-9] INFO  com.intuit.karate - [print]
15:22:24.420 [ForkJoinPool-1-worker-9] INFO  com.intuit.karate - [print] testing xlinkurl:https://www.nationaalgeoregister.nl/geonetwork/srv/api/records07575774-57a1-4419-bab4-6c88fdeb02b2
15:22:24.548 [ForkJoinPool-1-worker-13] INFO  com.intuit.karate - [print] title:Kwaliteit van drinkwater in Nederland (2012)
15:22:24.548 [ForkJoinPool-1-worker-13] INFO  com.intuit.karate - [print] Kwaliteit van drinkwater in Nederland (2012)
15:22:24.549 [ForkJoinPool-1-worker-13] INFO  com.intuit.karate - [print] [
  "geodata@rivm.nl",
  "",
  "geodata@rivm.nl"
]

15:22:24.550 [ForkJoinPool-1-worker-13] INFO  com.intuit.karate - [print] organisation: [
  "RIVM",
  ""
]

15:22:24.553 [ForkJoinPool-1-worker-13] INFO  com.intuit.karate - [print] [
  "https://data.rivm.nl/inspire/id#a98a6cdb-61cd-4107-b775-2334e6772ed5"
]

15:22:24.556 [ForkJoinPool-1-worker-13] INFO  com.intuit.karate - [print]
15:22:24.556 [ForkJoinPool-1-worker-13] INFO  com.intuit.karate - [print] testing xlinkurl:https://data.rivm.nl/inspire/id#a98a6cdb-61cd-4107-b775-2334e6772ed5
15:22:24.743 [ForkJoinPool-1-worker-9] ERROR com.intuit.karate - assertion failed: path: $, actual: 500, expected: 200, reason: not equal (Integer)
15:22:24.744 [ForkJoinPool-1-worker-9] ERROR com.intuit.karate - feature call (loop) failed at index: 1
caller: classpath:InspireTest/ngr/datasetrecords/def/checkxlinkurl.template.feature
arg: {"link":"https://www.nationaalgeoregister.nl/geonetwork/srv/api/records07575774-57a1-4419-bab4-6c88fdeb02b2"}
checkxlinkurl.template.feature:22 - path: $, actual: 500, expected: 200, reason: not equal (Integer)
15:22:24.848 [ForkJoinPool-1-worker-3] INFO  com.intuit.karate - [print] title:Luchtfoto 2019 25cm CIR open data
15:22:24.848 [ForkJoinPool-1-worker-3] INFO  com.intuit.karate - [print] Luchtfoto 2019 25cm CIR open data
15:22:24.849 [ForkJoinPool-1-worker-3] INFO  com.intuit.karate - [print] [
  "PPB-GVA@kadaster.nl",
  "info@hetwaterschapshuis.nl",
  "kcc@kadaster.nl",
  "",
  "",
  "",
  "",
  "",
  ""
]

15:22:24.850 [ForkJoinPool-1-worker-3] INFO  com.intuit.karate - [print] organisation: [
  "Kadaster",
  "Het Waterschapshuis",
  "Kadaster",
  "Geocart",
  "Geocart",
  "Geocart",
  "Kadaster",
  "Kadaster"
]

15:22:24.854 [ForkJoinPool-1-worker-3] INFO  com.intuit.karate - [print] [
  "http://kadaster/2482250f-3b00-4439-9f93-f3118229b024",
  "",
  "",
  ""
]

15:22:24.857 [ForkJoinPool-1-worker-3] INFO  com.intuit.karate - [print]
15:22:24.857 [ForkJoinPool-1-worker-3] INFO  com.intuit.karate - [print] testing xlinkurl:http://kadaster/2482250f-3b00-4439-9f93-f3118229b024
15:22:24.894 [ForkJoinPool-1-worker-3] ERROR com.intuit.karate - java.net.UnknownHostException: kadaster: Temporary failure in name resolution, http call failed after 37 milliseconds for URL: http://kadaster/2482250f-3b00-4439-9f93-f3118229b024
15:22:24.894 [ForkJoinPool-1-worker-3] ERROR com.intuit.karate - http request failed: 
java.net.UnknownHostException: kadaster: Temporary failure in name resolution
15:22:24.894 [ForkJoinPool-1-worker-3] ERROR com.intuit.karate - feature call (loop) failed at index: 0
caller: classpath:InspireTest/ngr/datasetrecords/def/checkxlinkurl.template.feature
arg: {"link":"http://kadaster/2482250f-3b00-4439-9f93-f3118229b024"}
checkxlinkurl.template.feature:14 - 
java.net.UnknownHostException: kadaster: Temporary failure in name resolution
15:22:24.894 [ForkJoinPool-1-worker-3] INFO  com.intuit.karate - [print]
15:22:24.895 [ForkJoinPool-1-worker-3] INFO  com.intuit.karate - [print] testing xlinkurl:
15:22:24.895 [ForkJoinPool-1-worker-3] ERROR com.intuit.karate - org.apache.http.client.ClientProtocolException, http call failed after 0 milliseconds for URL: 
15:22:24.895 [ForkJoinPool-1-worker-3] ERROR com.intuit.karate - http request failed: 
org.apache.http.client.ClientProtocolException
15:22:24.895 [ForkJoinPool-1-worker-3] ERROR com.intuit.karate - feature call (loop) failed at index: 1
caller: classpath:InspireTest/ngr/datasetrecords/def/checkxlinkurl.template.feature
arg: {"link":""}
checkxlinkurl.template.feature:14 - 
org.apache.http.client.ClientProtocolException
15:22:24.896 [ForkJoinPool-1-worker-3] INFO  com.intuit.karate - [print]
15:22:24.896 [ForkJoinPool-1-worker-3] INFO  com.intuit.karate - [print] testing xlinkurl:
15:22:24.896 [ForkJoinPool-1-worker-3] ERROR com.intuit.karate - org.apache.http.client.ClientProtocolException, http call failed after 0 milliseconds for URL: 
15:22:24.896 [ForkJoinPool-1-worker-3] ERROR com.intuit.karate - http request failed: 
org.apache.http.client.ClientProtocolException
15:22:24.896 [ForkJoinPool-1-worker-3] ERROR com.intuit.karate - feature call (loop) failed at index: 2
caller: classpath:InspireTest/ngr/datasetrecords/def/checkxlinkurl.template.feature
arg: {"link":""}
checkxlinkurl.template.feature:14 - 
org.apache.http.client.ClientProtocolException
15:22:24.897 [ForkJoinPool-1-worker-3] INFO  com.intuit.karate - [print]
15:22:24.898 [ForkJoinPool-1-worker-3] INFO  com.intuit.karate - [print] testing xlinkurl:
15:22:24.898 [ForkJoinPool-1-worker-3] ERROR com.intuit.karate - org.apache.http.client.ClientProtocolException, http call failed after 0 milliseconds for URL: 
15:22:24.898 [ForkJoinPool-1-worker-3] ERROR com.intuit.karate - http request failed: 
org.apache.http.client.ClientProtocolException
15:22:24.899 [ForkJoinPool-1-worker-3] ERROR com.intuit.karate - feature call (loop) failed at index: 3
caller: classpath:InspireTest/ngr/datasetrecords/def/checkxlinkurl.template.feature
arg: {"link":""}
checkxlinkurl.template.feature:14 - 
org.apache.http.client.ClientProtocolException
15:22:24.907 [ForkJoinPool-1-worker-5] INFO  com.intuit.karate - [print] title:Gemeten Stikstofmonoxide concentraties in buitenlucht.
15:22:24.907 [ForkJoinPool-1-worker-5] INFO  com.intuit.karate - [print] Gemeten Stikstofmonoxide concentraties in buitenlucht.
15:22:24.908 [ForkJoinPool-1-worker-5] INFO  com.intuit.karate - [print] [
  "geodata@rivm.nl",
  "geodata@rivm.nl"
]

15:22:24.909 [ForkJoinPool-1-worker-5] INFO  com.intuit.karate - [print] organisation: no organisationName found in dataset record
15:22:24.911 [ForkJoinPool-1-worker-5] INFO  com.intuit.karate - [print] [
  "https://data.rivm.nl/inspire/id#b867ba72-5a7c-41fe-b997-394b56dfbd25"
]

15:22:24.912 [ForkJoinPool-1-worker-13] ERROR com.intuit.karate - javax.net.ssl.SSLException: Connection reset, http call failed after 356 milliseconds for URL: https://data.rivm.nl/inspire/id#a98a6cdb-61cd-4107-b775-2334e6772ed5
15:22:24.912 [ForkJoinPool-1-worker-13] ERROR com.intuit.karate - http request failed: 
javax.net.ssl.SSLException: Connection reset
15:22:24.912 [ForkJoinPool-1-worker-13] ERROR com.intuit.karate - feature call (loop) failed at index: 0
caller: classpath:InspireTest/ngr/datasetrecords/def/checkxlinkurl.template.feature
arg: {"link":"https://data.rivm.nl/inspire/id#a98a6cdb-61cd-4107-b775-2334e6772ed5"}
checkxlinkurl.template.feature:14 - 
javax.net.ssl.SSLException: Connection reset
15:22:24.917 [ForkJoinPool-1-worker-5] INFO  com.intuit.karate - [print]
15:22:24.918 [ForkJoinPool-1-worker-5] INFO  com.intuit.karate - [print] testing xlinkurl:https://data.rivm.nl/inspire/id#b867ba72-5a7c-41fe-b997-394b56dfbd25
15:22:25.277 [ForkJoinPool-1-worker-5] ERROR com.intuit.karate - javax.net.ssl.SSLException: Connection reset, http call failed after 359 milliseconds for URL: https://data.rivm.nl/inspire/id#b867ba72-5a7c-41fe-b997-394b56dfbd25
15:22:25.277 [ForkJoinPool-1-worker-5] ERROR com.intuit.karate - http request failed: 
javax.net.ssl.SSLException: Connection reset
15:22:25.278 [ForkJoinPool-1-worker-5] ERROR com.intuit.karate - feature call (loop) failed at index: 0
caller: classpath:InspireTest/ngr/datasetrecords/def/checkxlinkurl.template.feature
arg: {"link":"https://data.rivm.nl/inspire/id#b867ba72-5a7c-41fe-b997-394b56dfbd25"}
checkxlinkurl.template.feature:14 - 
javax.net.ssl.SSLException: Connection reset
15:22:25.287 [ForkJoinPool-1-worker-9] INFO  com.intuit.karate - [print] title:Vergunningen Mijnbouwwet onder INSPIRE
15:22:25.287 [ForkJoinPool-1-worker-9] INFO  com.intuit.karate - [print] Vergunningen Mijnbouwwet onder INSPIRE
15:22:25.288 [ForkJoinPool-1-worker-9] INFO  com.intuit.karate - [print] [
  "info@dinoloket.nl",
  "info@dinoloket.nl",
  "info@dinoloket.nl"
]

15:22:25.289 [ForkJoinPool-1-worker-9] INFO  com.intuit.karate - [print] organisation: [
  "TNO Geologische Dienst Nederland",
  "TNO Geologische Dienst Nederland",
  "TNO Geologische Dienst Nederland"
]

15:22:25.292 [ForkJoinPool-1-worker-9] INFO  com.intuit.karate - [print] [
  "https://nationaalgeoregister.nl/geonetwork/srv/resources8bdf76b6-c9c9-4011-a7bc-022ae14a4024",
  "http://rdfdata.eionet.europa.eu/inspirethemes/themes/24",
  "http://geonetwork-opensource.org/inspire-theme#",
  "https://www.nationaalgeoregister.nl/geonetwork/srv/eng/thesaurus.download?ref=external.theme.inspire-theme"
]

15:22:25.294 [ForkJoinPool-1-worker-9] INFO  com.intuit.karate - [print]
15:22:25.294 [ForkJoinPool-1-worker-9] INFO  com.intuit.karate - [print] testing xlinkurl:https://nationaalgeoregister.nl/geonetwork/srv/resources8bdf76b6-c9c9-4011-a7bc-022ae14a4024
15:22:25.497 [ForkJoinPool-1-worker-3] INFO  com.intuit.karate - [print] title:Landbouwbedrijven
15:22:25.497 [ForkJoinPool-1-worker-3] INFO  com.intuit.karate - [print] Landbouwbedrijven
15:22:25.498 [ForkJoinPool-1-worker-3] INFO  com.intuit.karate - [print] [
  "geodatabeheer.giscc@rvo.nl",
  "gegevensvragenASB@rvo.nl",
  "gegevensvragenASB@rvo.nl"
]

15:22:25.499 [ForkJoinPool-1-worker-3] INFO  com.intuit.karate - [print] organisation: no organisationName found in dataset record
15:22:25.502 [ForkJoinPool-1-worker-3] INFO  com.intuit.karate - [print] [
  "https://www.nationaalgeoregister.nl/geonetwork/srv/dut/catalog.search#/metadata/0d6ccccc-7cfb-4eaa-8dc5-8b433d19b121",
  "http://geogedeeld.geonovum.nl/"
]

15:22:25.505 [ForkJoinPool-1-worker-3] INFO  com.intuit.karate - [print]
15:22:25.505 [ForkJoinPool-1-worker-3] INFO  com.intuit.karate - [print] testing xlinkurl:https://www.nationaalgeoregister.nl/geonetwork/srv/dut/catalog.search#/metadata/0d6ccccc-7cfb-4eaa-8dc5-8b433d19b121
15:22:25.548 [ForkJoinPool-1-worker-13] INFO  com.intuit.karate - [print] title:Wijk- en Buurtkaart 2017 versie 3
15:22:25.549 [ForkJoinPool-1-worker-13] INFO  com.intuit.karate - [print] Wijk- en Buurtkaart 2017 versie 3
15:22:25.549 [ForkJoinPool-1-worker-13] INFO  com.intuit.karate - [print] [
  "infoservice@cbs.nl",
  "infoservice@cbs.nl",
  "infoservice@cbs.nl",
  "",
  ""
]

15:22:25.550 [ForkJoinPool-1-worker-13] INFO  com.intuit.karate - [print] organisation: [
  "Centraal Bureau voor de Statistiek",
  "Centraal Bureau voor de Statistiek",
  "Centraal Bureau voor de Statistiek",
  "Kadaster"
]

15:22:25.553 [ForkJoinPool-1-worker-13] INFO  com.intuit.karate - [print] [
  ""
]

15:22:25.556 [ForkJoinPool-1-worker-13] INFO  com.intuit.karate - [print]
15:22:25.556 [ForkJoinPool-1-worker-13] INFO  com.intuit.karate - [print] testing xlinkurl:
15:22:25.557 [ForkJoinPool-1-worker-13] ERROR com.intuit.karate - org.apache.http.client.ClientProtocolException, http call failed after 0 milliseconds for URL: 
15:22:25.557 [ForkJoinPool-1-worker-13] ERROR com.intuit.karate - http request failed: 
org.apache.http.client.ClientProtocolException
15:22:25.557 [ForkJoinPool-1-worker-13] ERROR com.intuit.karate - feature call (loop) failed at index: 0
caller: classpath:InspireTest/ngr/datasetrecords/def/checkxlinkurl.template.feature
arg: {"link":""}
checkxlinkurl.template.feature:14 - 
org.apache.http.client.ClientProtocolException
15:22:25.575 [ForkJoinPool-1-worker-9] ERROR com.intuit.karate - assertion failed: path: $, actual: 404, expected: 200, reason: not equal (Integer)
15:22:25.575 [ForkJoinPool-1-worker-9] ERROR com.intuit.karate - feature call (loop) failed at index: 0
caller: classpath:InspireTest/ngr/datasetrecords/def/checkxlinkurl.template.feature
arg: {"link":"https://nationaalgeoregister.nl/geonetwork/srv/resources8bdf76b6-c9c9-4011-a7bc-022ae14a4024"}
checkxlinkurl.template.feature:22 - path: $, actual: 404, expected: 200, reason: not equal (Integer)
15:22:25.576 [ForkJoinPool-1-worker-9] INFO  com.intuit.karate - [print]
15:22:25.576 [ForkJoinPool-1-worker-9] INFO  com.intuit.karate - [print] testing xlinkurl:http://rdfdata.eionet.europa.eu/inspirethemes/themes/24
15:22:25.778 [ForkJoinPool-1-worker-9] ERROR com.intuit.karate - assertion failed: path: $, actual: 404, expected: 200, reason: not equal (Integer)
15:22:25.778 [ForkJoinPool-1-worker-9] ERROR com.intuit.karate - feature call (loop) failed at index: 1
caller: classpath:InspireTest/ngr/datasetrecords/def/checkxlinkurl.template.feature
arg: {"link":"http://rdfdata.eionet.europa.eu/inspirethemes/themes/24"}
checkxlinkurl.template.feature:22 - path: $, actual: 404, expected: 200, reason: not equal (Integer)
15:22:25.779 [ForkJoinPool-1-worker-9] INFO  com.intuit.karate - [print]
15:22:25.779 [ForkJoinPool-1-worker-9] INFO  com.intuit.karate - [print] testing xlinkurl:http://geonetwork-opensource.org/inspire-theme#
15:22:25.834 [ForkJoinPool-1-worker-5] INFO  com.intuit.karate - [print] title:Natuurlijke alfa activiteitsconcentratie in lucht Nationaal Meetnet Radioactiviteit 2011
15:22:25.834 [ForkJoinPool-1-worker-5] INFO  com.intuit.karate - [print] Natuurlijke alfa activiteitsconcentratie in lucht Nationaal Meetnet Radioactiviteit 2011
15:22:25.835 [ForkJoinPool-1-worker-5] INFO  com.intuit.karate - [print] [
  "geodata@rivm.nl",
  "",
  "geodata@rivm.nl"
]

15:22:25.835 [ForkJoinPool-1-worker-5] INFO  com.intuit.karate - [print] organisation: no organisationName found in dataset record
15:22:25.838 [ForkJoinPool-1-worker-5] INFO  com.intuit.karate - [print] [
  "https://data.rivm.nl/inspire/id#10fcd5a9-3804-48e3-bcbd-d816594dbb6f"
]

15:22:25.841 [ForkJoinPool-1-worker-5] INFO  com.intuit.karate - [print]
15:22:25.841 [ForkJoinPool-1-worker-5] INFO  com.intuit.karate - [print] testing xlinkurl:https://data.rivm.nl/inspire/id#10fcd5a9-3804-48e3-bcbd-d816594dbb6f
15:22:25.858 [ForkJoinPool-1-worker-3] INFO  com.intuit.karate - [print]
15:22:25.858 [ForkJoinPool-1-worker-3] INFO  com.intuit.karate - [print] testing xlinkurl:http://geogedeeld.geonovum.nl/
15:22:26.078 [ForkJoinPool-1-worker-13] INFO  com.intuit.karate - [print] title:Netwerk van KNMI waarneemstations
15:22:26.079 [ForkJoinPool-1-worker-13] INFO  com.intuit.karate - [print] Netwerk van KNMI waarneemstations
15:22:26.080 [ForkJoinPool-1-worker-13] INFO  com.intuit.karate - [print] [
  "datacentrum@knmi.nl",
  "datacentrum@knmi.nl",
  "datacentrum@knmi.nl"
]

15:22:26.081 [ForkJoinPool-1-worker-13] INFO  com.intuit.karate - [print] organisation: [
  "Koninklijk Nederlands Meteorologisch Instituut (KNMI)",
  "Koninklijk Nederlands Meteorologisch Instituut (KNMI)",
  "Koninklijk Nederlands Meteorologisch Instituut (KNMI)"
]

15:22:26.085 [ForkJoinPool-1-worker-13] INFO  com.intuit.karate - [print] [
  "https://www.nationaalgeoregister.nl/geonetwork/srv/api/records6c6be9c5-b09b-4dcf-a5fd-f149cbaca6fb",
  "https://creativecommons.org/publicdomain/zero/*/deed.nl"
]

15:22:26.097 [ForkJoinPool-1-worker-13] INFO  com.intuit.karate - [print]
15:22:26.098 [ForkJoinPool-1-worker-13] INFO  com.intuit.karate - [print] testing xlinkurl:https://www.nationaalgeoregister.nl/geonetwork/srv/api/records6c6be9c5-b09b-4dcf-a5fd-f149cbaca6fb
15:22:26.197 [ForkJoinPool-1-worker-5] ERROR com.intuit.karate - javax.net.ssl.SSLException: Connection reset, http call failed after 356 milliseconds for URL: https://data.rivm.nl/inspire/id#10fcd5a9-3804-48e3-bcbd-d816594dbb6f
15:22:26.197 [ForkJoinPool-1-worker-5] ERROR com.intuit.karate - http request failed: 
javax.net.ssl.SSLException: Connection reset
15:22:26.197 [ForkJoinPool-1-worker-5] ERROR com.intuit.karate - feature call (loop) failed at index: 0
caller: classpath:InspireTest/ngr/datasetrecords/def/checkxlinkurl.template.feature
arg: {"link":"https://data.rivm.nl/inspire/id#10fcd5a9-3804-48e3-bcbd-d816594dbb6f"}
checkxlinkurl.template.feature:14 - 
javax.net.ssl.SSLException: Connection reset
15:22:26.369 [ForkJoinPool-1-worker-9] ERROR com.intuit.karate - assertion failed: path: $, actual: 404, expected: 200, reason: not equal (Integer)
15:22:26.369 [ForkJoinPool-1-worker-9] ERROR com.intuit.karate - feature call (loop) failed at index: 2
caller: classpath:InspireTest/ngr/datasetrecords/def/checkxlinkurl.template.feature
arg: {"link":"http://geonetwork-opensource.org/inspire-theme#"}
checkxlinkurl.template.feature:22 - path: $, actual: 404, expected: 200, reason: not equal (Integer)
15:22:26.371 [ForkJoinPool-1-worker-9] INFO  com.intuit.karate - [print]
15:22:26.371 [ForkJoinPool-1-worker-9] INFO  com.intuit.karate - [print] testing xlinkurl:https://www.nationaalgeoregister.nl/geonetwork/srv/eng/thesaurus.download?ref=external.theme.inspire-theme
15:22:26.407 [ForkJoinPool-1-worker-13] ERROR com.intuit.karate - assertion failed: path: $, actual: 500, expected: 200, reason: not equal (Integer)
15:22:26.407 [ForkJoinPool-1-worker-13] ERROR com.intuit.karate - feature call (loop) failed at index: 0
caller: classpath:InspireTest/ngr/datasetrecords/def/checkxlinkurl.template.feature
arg: {"link":"https://www.nationaalgeoregister.nl/geonetwork/srv/api/records6c6be9c5-b09b-4dcf-a5fd-f149cbaca6fb"}
checkxlinkurl.template.feature:22 - path: $, actual: 500, expected: 200, reason: not equal (Integer)
15:22:26.409 [ForkJoinPool-1-worker-13] INFO  com.intuit.karate - [print]
15:22:26.409 [ForkJoinPool-1-worker-13] INFO  com.intuit.karate - [print] testing xlinkurl:https://creativecommons.org/publicdomain/zero/*/deed.nl
15:22:26.427 [ForkJoinPool-1-worker-3] INFO  com.intuit.karate - [print] title:Luchtvaartinformatie
15:22:26.427 [ForkJoinPool-1-worker-3] INFO  com.intuit.karate - [print] Luchtvaartinformatie
15:22:26.427 [ForkJoinPool-1-worker-3] INFO  com.intuit.karate - [print] [
  "AIS@LVNL.NL",
  "AIS@LVNL.nl"
]

15:22:26.428 [ForkJoinPool-1-worker-3] INFO  com.intuit.karate - [print] organisation: [
  "Luchtverkeersleiding Nederland (LVNL)",
  "Luchtverkeersleiding Nederland (LVNL)"
]

15:22:26.447 [ForkJoinPool-1-worker-3] INFO  com.intuit.karate - [print] [
  "u",
  "r",
  "n",
  ":",
  "o",
  "g",
  "c",
  ":",
  "d",
  "e",
  "f",
  ":",
  "c",
  "r",
  "s",
  ":",
  "E",
  "P",
  "S",
  "G",
  ":",
  ":",
  "5",
  "6",
  "2",
  "1"
]

15:22:26.452 [ForkJoinPool-1-worker-3] INFO  com.intuit.karate - [print]
15:22:26.453 [ForkJoinPool-1-worker-3] INFO  com.intuit.karate - [print] testing xlinkurl:u
15:22:26.454 [ForkJoinPool-1-worker-3] ERROR com.intuit.karate - org.apache.http.client.ClientProtocolException, http call failed after 0 milliseconds for URL: u
15:22:26.455 [ForkJoinPool-1-worker-3] ERROR com.intuit.karate - http request failed: 
org.apache.http.client.ClientProtocolException
15:22:26.455 [ForkJoinPool-1-worker-3] ERROR com.intuit.karate - feature call (loop) failed at index: 0
caller: classpath:InspireTest/ngr/datasetrecords/def/checkxlinkurl.template.feature
arg: {"link":"u"}
checkxlinkurl.template.feature:14 - 
org.apache.http.client.ClientProtocolException
15:22:26.457 [ForkJoinPool-1-worker-3] INFO  com.intuit.karate - [print]
15:22:26.458 [ForkJoinPool-1-worker-3] INFO  com.intuit.karate - [print] testing xlinkurl:r
15:22:26.459 [ForkJoinPool-1-worker-3] ERROR com.intuit.karate - org.apache.http.client.ClientProtocolException, http call failed after 0 milliseconds for URL: r
15:22:26.459 [ForkJoinPool-1-worker-3] ERROR com.intuit.karate - http request failed: 
org.apache.http.client.ClientProtocolException
15:22:26.460 [ForkJoinPool-1-worker-3] ERROR com.intuit.karate - feature call (loop) failed at index: 1
caller: classpath:InspireTest/ngr/datasetrecords/def/checkxlinkurl.template.feature
arg: {"link":"r"}
checkxlinkurl.template.feature:14 - 
org.apache.http.client.ClientProtocolException
15:22:26.462 [ForkJoinPool-1-worker-3] INFO  com.intuit.karate - [print]
15:22:26.462 [ForkJoinPool-1-worker-3] INFO  com.intuit.karate - [print] testing xlinkurl:n
15:22:26.463 [ForkJoinPool-1-worker-3] ERROR com.intuit.karate - org.apache.http.client.ClientProtocolException, http call failed after 0 milliseconds for URL: n
15:22:26.463 [ForkJoinPool-1-worker-3] ERROR com.intuit.karate - http request failed: 
org.apache.http.client.ClientProtocolException
15:22:26.463 [ForkJoinPool-1-worker-3] ERROR com.intuit.karate - feature call (loop) failed at index: 2
caller: classpath:InspireTest/ngr/datasetrecords/def/checkxlinkurl.template.feature
arg: {"link":"n"}
checkxlinkurl.template.feature:14 - 
org.apache.http.client.ClientProtocolException
15:22:26.464 [ForkJoinPool-1-worker-3] INFO  com.intuit.karate - [print]
15:22:26.471 [ForkJoinPool-1-worker-3] INFO  com.intuit.karate - [print] testing xlinkurl::
15:22:26.476 [ForkJoinPool-1-worker-13] ERROR com.intuit.karate - assertion failed: path: $, actual: 404, expected: 200, reason: not equal (Integer)
15:22:26.476 [ForkJoinPool-1-worker-13] ERROR com.intuit.karate - feature call (loop) failed at index: 1
caller: classpath:InspireTest/ngr/datasetrecords/def/checkxlinkurl.template.feature
arg: {"link":"https://creativecommons.org/publicdomain/zero/*/deed.nl"}
checkxlinkurl.template.feature:22 - path: $, actual: 404, expected: 200, reason: not equal (Integer)
15:22:26.481 [ForkJoinPool-1-worker-3] ERROR com.intuit.karate - http request failed: java.net.URISyntaxException: Expected scheme name at index 0: :
15:22:26.481 [ForkJoinPool-1-worker-3] ERROR com.intuit.karate - feature call (loop) failed at index: 3
caller: classpath:InspireTest/ngr/datasetrecords/def/checkxlinkurl.template.feature
arg: {"link":":"}
checkxlinkurl.template.feature:14 - java.net.URISyntaxException: Expected scheme name at index 0: :
15:22:26.483 [ForkJoinPool-1-worker-3] INFO  com.intuit.karate - [print]
15:22:26.483 [ForkJoinPool-1-worker-3] INFO  com.intuit.karate - [print] testing xlinkurl:o
15:22:26.484 [ForkJoinPool-1-worker-3] ERROR com.intuit.karate - org.apache.http.client.ClientProtocolException, http call failed after 0 milliseconds for URL: o
15:22:26.484 [ForkJoinPool-1-worker-3] ERROR com.intuit.karate - http request failed: 
org.apache.http.client.ClientProtocolException
15:22:26.485 [ForkJoinPool-1-worker-3] ERROR com.intuit.karate - feature call (loop) failed at index: 4
caller: classpath:InspireTest/ngr/datasetrecords/def/checkxlinkurl.template.feature
arg: {"link":"o"}
checkxlinkurl.template.feature:14 - 
org.apache.http.client.ClientProtocolException
15:22:26.486 [ForkJoinPool-1-worker-3] INFO  com.intuit.karate - [print]
15:22:26.486 [ForkJoinPool-1-worker-3] INFO  com.intuit.karate - [print] testing xlinkurl:g
15:22:26.487 [ForkJoinPool-1-worker-3] ERROR com.intuit.karate - org.apache.http.client.ClientProtocolException, http call failed after 0 milliseconds for URL: g
15:22:26.488 [ForkJoinPool-1-worker-3] ERROR com.intuit.karate - http request failed: 
org.apache.http.client.ClientProtocolException
15:22:26.488 [ForkJoinPool-1-worker-3] ERROR com.intuit.karate - feature call (loop) failed at index: 5
caller: classpath:InspireTest/ngr/datasetrecords/def/checkxlinkurl.template.feature
arg: {"link":"g"}
checkxlinkurl.template.feature:14 - 
org.apache.http.client.ClientProtocolException
15:22:26.490 [ForkJoinPool-1-worker-3] INFO  com.intuit.karate - [print]
15:22:26.491 [ForkJoinPool-1-worker-3] INFO  com.intuit.karate - [print] testing xlinkurl:c
15:22:26.492 [ForkJoinPool-1-worker-3] ERROR com.intuit.karate - org.apache.http.client.ClientProtocolException, http call failed after 0 milliseconds for URL: c
15:22:26.493 [ForkJoinPool-1-worker-3] ERROR com.intuit.karate - http request failed: 
org.apache.http.client.ClientProtocolException
15:22:26.494 [ForkJoinPool-1-worker-3] ERROR com.intuit.karate - feature call (loop) failed at index: 6
caller: classpath:InspireTest/ngr/datasetrecords/def/checkxlinkurl.template.feature
arg: {"link":"c"}
checkxlinkurl.template.feature:14 - 
org.apache.http.client.ClientProtocolException
15:22:26.496 [ForkJoinPool-1-worker-3] INFO  com.intuit.karate - [print]
15:22:26.497 [ForkJoinPool-1-worker-3] INFO  com.intuit.karate - [print] testing xlinkurl::
15:22:26.498 [ForkJoinPool-1-worker-3] ERROR com.intuit.karate - http request failed: java.net.URISyntaxException: Expected scheme name at index 0: :
15:22:26.499 [ForkJoinPool-1-worker-3] ERROR com.intuit.karate - feature call (loop) failed at index: 7
caller: classpath:InspireTest/ngr/datasetrecords/def/checkxlinkurl.template.feature
arg: {"link":":"}
checkxlinkurl.template.feature:14 - java.net.URISyntaxException: Expected scheme name at index 0: :
15:22:26.506 [ForkJoinPool-1-worker-3] INFO  com.intuit.karate - [print]
15:22:26.507 [ForkJoinPool-1-worker-3] INFO  com.intuit.karate - [print] testing xlinkurl:d
15:22:26.507 [ForkJoinPool-1-worker-3] ERROR com.intuit.karate - org.apache.http.client.ClientProtocolException, http call failed after 0 milliseconds for URL: d
15:22:26.508 [ForkJoinPool-1-worker-3] ERROR com.intuit.karate - http request failed: 
org.apache.http.client.ClientProtocolException
15:22:26.509 [ForkJoinPool-1-worker-3] ERROR com.intuit.karate - feature call (loop) failed at index: 8
caller: classpath:InspireTest/ngr/datasetrecords/def/checkxlinkurl.template.feature
arg: {"link":"d"}
checkxlinkurl.template.feature:14 - 
org.apache.http.client.ClientProtocolException
15:22:26.512 [ForkJoinPool-1-worker-3] INFO  com.intuit.karate - [print]
15:22:26.512 [ForkJoinPool-1-worker-3] INFO  com.intuit.karate - [print] testing xlinkurl:e
15:22:26.513 [ForkJoinPool-1-worker-3] ERROR com.intuit.karate - org.apache.http.client.ClientProtocolException, http call failed after 0 milliseconds for URL: e
15:22:26.514 [ForkJoinPool-1-worker-3] ERROR com.intuit.karate - http request failed: 
org.apache.http.client.ClientProtocolException
15:22:26.514 [ForkJoinPool-1-worker-3] ERROR com.intuit.karate - feature call (loop) failed at index: 9
caller: classpath:InspireTest/ngr/datasetrecords/def/checkxlinkurl.template.feature
arg: {"link":"e"}
checkxlinkurl.template.feature:14 - 
org.apache.http.client.ClientProtocolException
15:22:26.515 [ForkJoinPool-1-worker-3] INFO  com.intuit.karate - [print]
15:22:26.518 [ForkJoinPool-1-worker-3] INFO  com.intuit.karate - [print] testing xlinkurl:f
15:22:26.518 [ForkJoinPool-1-worker-3] ERROR com.intuit.karate - org.apache.http.client.ClientProtocolException, http call failed after 0 milliseconds for URL: f
15:22:26.518 [ForkJoinPool-1-worker-3] ERROR com.intuit.karate - http request failed: 
org.apache.http.client.ClientProtocolException
15:22:26.518 [ForkJoinPool-1-worker-3] ERROR com.intuit.karate - feature call (loop) failed at index: 10
caller: classpath:InspireTest/ngr/datasetrecords/def/checkxlinkurl.template.feature
arg: {"link":"f"}
checkxlinkurl.template.feature:14 - 
org.apache.http.client.ClientProtocolException
15:22:26.519 [ForkJoinPool-1-worker-3] INFO  com.intuit.karate - [print]
15:22:26.520 [ForkJoinPool-1-worker-3] INFO  com.intuit.karate - [print] testing xlinkurl::
15:22:26.521 [ForkJoinPool-1-worker-3] ERROR com.intuit.karate - http request failed: java.net.URISyntaxException: Expected scheme name at index 0: :
15:22:26.521 [ForkJoinPool-1-worker-3] ERROR com.intuit.karate - feature call (loop) failed at index: 11
caller: classpath:InspireTest/ngr/datasetrecords/def/checkxlinkurl.template.feature
arg: {"link":":"}
checkxlinkurl.template.feature:14 - java.net.URISyntaxException: Expected scheme name at index 0: :
15:22:26.525 [ForkJoinPool-1-worker-3] INFO  com.intuit.karate - [print]
15:22:26.525 [ForkJoinPool-1-worker-3] INFO  com.intuit.karate - [print] testing xlinkurl:c
15:22:26.525 [ForkJoinPool-1-worker-3] ERROR com.intuit.karate - org.apache.http.client.ClientProtocolException, http call failed after 0 milliseconds for URL: c
15:22:26.525 [ForkJoinPool-1-worker-3] ERROR com.intuit.karate - http request failed: 
org.apache.http.client.ClientProtocolException
15:22:26.525 [ForkJoinPool-1-worker-3] ERROR com.intuit.karate - feature call (loop) failed at index: 12
caller: classpath:InspireTest/ngr/datasetrecords/def/checkxlinkurl.template.feature
arg: {"link":"c"}
checkxlinkurl.template.feature:14 - 
org.apache.http.client.ClientProtocolException
15:22:26.525 [ForkJoinPool-1-worker-3] INFO  com.intuit.karate - [print]
15:22:26.526 [ForkJoinPool-1-worker-3] INFO  com.intuit.karate - [print] testing xlinkurl:r
15:22:26.526 [ForkJoinPool-1-worker-3] ERROR com.intuit.karate - org.apache.http.client.ClientProtocolException, http call failed after 0 milliseconds for URL: r
15:22:26.526 [ForkJoinPool-1-worker-3] ERROR com.intuit.karate - http request failed: 
org.apache.http.client.ClientProtocolException
15:22:26.526 [ForkJoinPool-1-worker-3] ERROR com.intuit.karate - feature call (loop) failed at index: 13
caller: classpath:InspireTest/ngr/datasetrecords/def/checkxlinkurl.template.feature
arg: {"link":"r"}
checkxlinkurl.template.feature:14 - 
org.apache.http.client.ClientProtocolException
15:22:26.526 [ForkJoinPool-1-worker-3] INFO  com.intuit.karate - [print]
15:22:26.526 [ForkJoinPool-1-worker-3] INFO  com.intuit.karate - [print] testing xlinkurl:s
15:22:26.527 [ForkJoinPool-1-worker-3] ERROR com.intuit.karate - org.apache.http.client.ClientProtocolException, http call failed after 0 milliseconds for URL: s
15:22:26.527 [ForkJoinPool-1-worker-3] ERROR com.intuit.karate - http request failed: 
org.apache.http.client.ClientProtocolException
15:22:26.527 [ForkJoinPool-1-worker-3] ERROR com.intuit.karate - feature call (loop) failed at index: 14
caller: classpath:InspireTest/ngr/datasetrecords/def/checkxlinkurl.template.feature
arg: {"link":"s"}
checkxlinkurl.template.feature:14 - 
org.apache.http.client.ClientProtocolException
15:22:26.527 [ForkJoinPool-1-worker-3] INFO  com.intuit.karate - [print]
15:22:26.527 [ForkJoinPool-1-worker-3] INFO  com.intuit.karate - [print] testing xlinkurl::
15:22:26.527 [ForkJoinPool-1-worker-3] ERROR com.intuit.karate - http request failed: java.net.URISyntaxException: Expected scheme name at index 0: :
15:22:26.528 [ForkJoinPool-1-worker-3] ERROR com.intuit.karate - feature call (loop) failed at index: 15
caller: classpath:InspireTest/ngr/datasetrecords/def/checkxlinkurl.template.feature
arg: {"link":":"}
checkxlinkurl.template.feature:14 - java.net.URISyntaxException: Expected scheme name at index 0: :
15:22:26.528 [ForkJoinPool-1-worker-3] INFO  com.intuit.karate - [print]
15:22:26.528 [ForkJoinPool-1-worker-3] INFO  com.intuit.karate - [print] testing xlinkurl:E
15:22:26.528 [ForkJoinPool-1-worker-3] ERROR com.intuit.karate - org.apache.http.client.ClientProtocolException, http call failed after 0 milliseconds for URL: E
15:22:26.528 [ForkJoinPool-1-worker-3] ERROR com.intuit.karate - http request failed: 
org.apache.http.client.ClientProtocolException
15:22:26.528 [ForkJoinPool-1-worker-3] ERROR com.intuit.karate - feature call (loop) failed at index: 16
caller: classpath:InspireTest/ngr/datasetrecords/def/checkxlinkurl.template.feature
arg: {"link":"E"}
checkxlinkurl.template.feature:14 - 
org.apache.http.client.ClientProtocolException
15:22:26.529 [ForkJoinPool-1-worker-3] INFO  com.intuit.karate - [print]
15:22:26.529 [ForkJoinPool-1-worker-3] INFO  com.intuit.karate - [print] testing xlinkurl:P
15:22:26.529 [ForkJoinPool-1-worker-3] ERROR com.intuit.karate - org.apache.http.client.ClientProtocolException, http call failed after 0 milliseconds for URL: P
15:22:26.529 [ForkJoinPool-1-worker-3] ERROR com.intuit.karate - http request failed: 
org.apache.http.client.ClientProtocolException
15:22:26.529 [ForkJoinPool-1-worker-3] ERROR com.intuit.karate - feature call (loop) failed at index: 17
caller: classpath:InspireTest/ngr/datasetrecords/def/checkxlinkurl.template.feature
arg: {"link":"P"}
checkxlinkurl.template.feature:14 - 
org.apache.http.client.ClientProtocolException
15:22:26.530 [ForkJoinPool-1-worker-3] INFO  com.intuit.karate - [print]
15:22:26.530 [ForkJoinPool-1-worker-3] INFO  com.intuit.karate - [print] testing xlinkurl:S
15:22:26.531 [ForkJoinPool-1-worker-3] ERROR com.intuit.karate - org.apache.http.client.ClientProtocolException, http call failed after 0 milliseconds for URL: S
15:22:26.531 [ForkJoinPool-1-worker-3] ERROR com.intuit.karate - http request failed: 
org.apache.http.client.ClientProtocolException
15:22:26.531 [ForkJoinPool-1-worker-3] ERROR com.intuit.karate - feature call (loop) failed at index: 18
caller: classpath:InspireTest/ngr/datasetrecords/def/checkxlinkurl.template.feature
arg: {"link":"S"}
checkxlinkurl.template.feature:14 - 
org.apache.http.client.ClientProtocolException
15:22:26.531 [ForkJoinPool-1-worker-3] INFO  com.intuit.karate - [print]
15:22:26.531 [ForkJoinPool-1-worker-3] INFO  com.intuit.karate - [print] testing xlinkurl:G
15:22:26.532 [ForkJoinPool-1-worker-3] ERROR com.intuit.karate - org.apache.http.client.ClientProtocolException, http call failed after 0 milliseconds for URL: G
15:22:26.532 [ForkJoinPool-1-worker-3] ERROR com.intuit.karate - http request failed: 
org.apache.http.client.ClientProtocolException
15:22:26.532 [ForkJoinPool-1-worker-3] ERROR com.intuit.karate - feature call (loop) failed at index: 19
caller: classpath:InspireTest/ngr/datasetrecords/def/checkxlinkurl.template.feature
arg: {"link":"G"}
checkxlinkurl.template.feature:14 - 
org.apache.http.client.ClientProtocolException
15:22:26.532 [ForkJoinPool-1-worker-3] INFO  com.intuit.karate - [print]
15:22:26.532 [ForkJoinPool-1-worker-3] INFO  com.intuit.karate - [print] testing xlinkurl::
15:22:26.532 [ForkJoinPool-1-worker-3] ERROR com.intuit.karate - http request failed: java.net.URISyntaxException: Expected scheme name at index 0: :
15:22:26.532 [ForkJoinPool-1-worker-3] ERROR com.intuit.karate - feature call (loop) failed at index: 20
caller: classpath:InspireTest/ngr/datasetrecords/def/checkxlinkurl.template.feature
arg: {"link":":"}
checkxlinkurl.template.feature:14 - java.net.URISyntaxException: Expected scheme name at index 0: :
15:22:26.533 [ForkJoinPool-1-worker-3] INFO  com.intuit.karate - [print]
15:22:26.533 [ForkJoinPool-1-worker-3] INFO  com.intuit.karate - [print] testing xlinkurl::
15:22:26.533 [ForkJoinPool-1-worker-3] ERROR com.intuit.karate - http request failed: java.net.URISyntaxException: Expected scheme name at index 0: :
15:22:26.533 [ForkJoinPool-1-worker-3] ERROR com.intuit.karate - feature call (loop) failed at index: 21
caller: classpath:InspireTest/ngr/datasetrecords/def/checkxlinkurl.template.feature
arg: {"link":":"}
checkxlinkurl.template.feature:14 - java.net.URISyntaxException: Expected scheme name at index 0: :
15:22:26.533 [ForkJoinPool-1-worker-3] INFO  com.intuit.karate - [print]
15:22:26.533 [ForkJoinPool-1-worker-3] INFO  com.intuit.karate - [print] testing xlinkurl:5
15:22:26.534 [ForkJoinPool-1-worker-3] ERROR com.intuit.karate - org.apache.http.client.ClientProtocolException, http call failed after 0 milliseconds for URL: 5
15:22:26.534 [ForkJoinPool-1-worker-3] ERROR com.intuit.karate - http request failed: 
org.apache.http.client.ClientProtocolException
15:22:26.535 [ForkJoinPool-1-worker-3] ERROR com.intuit.karate - feature call (loop) failed at index: 22
caller: classpath:InspireTest/ngr/datasetrecords/def/checkxlinkurl.template.feature
arg: {"link":"5"}
checkxlinkurl.template.feature:14 - 
org.apache.http.client.ClientProtocolException
15:22:26.535 [ForkJoinPool-1-worker-3] INFO  com.intuit.karate - [print]
15:22:26.535 [ForkJoinPool-1-worker-3] INFO  com.intuit.karate - [print] testing xlinkurl:6
15:22:26.536 [ForkJoinPool-1-worker-3] ERROR com.intuit.karate - org.apache.http.client.ClientProtocolException, http call failed after 0 milliseconds for URL: 6
15:22:26.536 [ForkJoinPool-1-worker-3] ERROR com.intuit.karate - http request failed: 
org.apache.http.client.ClientProtocolException
15:22:26.536 [ForkJoinPool-1-worker-3] ERROR com.intuit.karate - feature call (loop) failed at index: 23
caller: classpath:InspireTest/ngr/datasetrecords/def/checkxlinkurl.template.feature
arg: {"link":"6"}
checkxlinkurl.template.feature:14 - 
org.apache.http.client.ClientProtocolException
15:22:26.537 [ForkJoinPool-1-worker-3] INFO  com.intuit.karate - [print]
15:22:26.537 [ForkJoinPool-1-worker-3] INFO  com.intuit.karate - [print] testing xlinkurl:2
15:22:26.537 [ForkJoinPool-1-worker-3] ERROR com.intuit.karate - org.apache.http.client.ClientProtocolException, http call failed after 0 milliseconds for URL: 2
15:22:26.537 [ForkJoinPool-1-worker-3] ERROR com.intuit.karate - http request failed: 
org.apache.http.client.ClientProtocolException
15:22:26.537 [ForkJoinPool-1-worker-3] ERROR com.intuit.karate - feature call (loop) failed at index: 24
caller: classpath:InspireTest/ngr/datasetrecords/def/checkxlinkurl.template.feature
arg: {"link":"2"}
checkxlinkurl.template.feature:14 - 
org.apache.http.client.ClientProtocolException
15:22:26.538 [ForkJoinPool-1-worker-3] INFO  com.intuit.karate - [print]
15:22:26.538 [ForkJoinPool-1-worker-3] INFO  com.intuit.karate - [print] testing xlinkurl:1
15:22:26.538 [ForkJoinPool-1-worker-3] ERROR com.intuit.karate - org.apache.http.client.ClientProtocolException, http call failed after 0 milliseconds for URL: 1
15:22:26.538 [ForkJoinPool-1-worker-3] ERROR com.intuit.karate - http request failed: 
org.apache.http.client.ClientProtocolException
15:22:26.538 [ForkJoinPool-1-worker-3] ERROR com.intuit.karate - feature call (loop) failed at index: 25
caller: classpath:InspireTest/ngr/datasetrecords/def/checkxlinkurl.template.feature
arg: {"link":"1"}
checkxlinkurl.template.feature:14 - 
org.apache.http.client.ClientProtocolException
15:22:26.708 [ForkJoinPool-1-worker-9] ERROR com.intuit.karate - assertion failed: path: $, actual: 500, expected: 200, reason: not equal (Integer)
15:22:26.708 [ForkJoinPool-1-worker-9] ERROR com.intuit.karate - feature call (loop) failed at index: 3
caller: classpath:InspireTest/ngr/datasetrecords/def/checkxlinkurl.template.feature
arg: {"link":"https://www.nationaalgeoregister.nl/geonetwork/srv/eng/thesaurus.download?ref=external.theme.inspire-theme"}
checkxlinkurl.template.feature:22 - path: $, actual: 500, expected: 200, reason: not equal (Integer)
15:22:26.719 [ForkJoinPool-1-worker-5] INFO  com.intuit.karate - [print] title:Gebieden in de Eemsmonding en de Dollard
15:22:26.720 [ForkJoinPool-1-worker-5] INFO  com.intuit.karate - [print] Gebieden in de Eemsmonding en de Dollard
15:22:26.720 [ForkJoinPool-1-worker-5] INFO  com.intuit.karate - [print] [
  "data@hydro.nl",
  "data@hydro.nl",
  "data@hydro.nl"
]

15:22:26.722 [ForkJoinPool-1-worker-5] INFO  com.intuit.karate - [print] organisation: [
  "Ministerie van Defensie, Koninklijke Marine, Dienst der Hydrografie",
  "Ministerie van Defensie, Koninklijke Marine, Dienst der Hydrografie"
]

15:22:26.725 [ForkJoinPool-1-worker-5] INFO  com.intuit.karate - [print] [
  "http://www.opengis.net/def/crs/EPSG/0/https://www.opengis.net/def/crs/EPSG/0/4258",
  "https://www.nationaalgeoregister.nl/geonetwork/srv/api/recordsf44dac86-2228-412f-8355-e56446ca9933",
  "www.hydro.nl"
]

15:22:26.734 [ForkJoinPool-1-worker-5] INFO  com.intuit.karate - [print]
15:22:26.735 [ForkJoinPool-1-worker-5] INFO  com.intuit.karate - [print] testing xlinkurl:http://www.opengis.net/def/crs/EPSG/0/https://www.opengis.net/def/crs/EPSG/0/4258
15:22:27.036 [ForkJoinPool-1-worker-5] INFO  com.intuit.karate - [print]
15:22:27.036 [ForkJoinPool-1-worker-5] INFO  com.intuit.karate - [print] testing xlinkurl:https://www.nationaalgeoregister.nl/geonetwork/srv/api/recordsf44dac86-2228-412f-8355-e56446ca9933
15:22:27.165 [ForkJoinPool-1-worker-7] INFO  com.intuit.karate - [print]
15:22:27.165 [ForkJoinPool-1-worker-7] INFO  com.intuit.karate - [print] testing xlinkurl:https://ngr.geocat.live/geonetwork/srv/eng/thesaurus.download?ref=external.theme.httpinspireeceuropaeumetadatacodelistPrioritydataset-Prioritydataset
15:22:28.850 [ForkJoinPool-1-worker-11] INFO  com.intuit.karate - [print]
15:22:28.850 [ForkJoinPool-1-worker-11] INFO  com.intuit.karate - [print] testing xlinkurl:https://ngr.geocat.live/geonetwork/srv/eng/thesaurus.download?ref=external.theme.httpinspireeceuropaeumetadatacodelistPrioritydataset-Prioritydataset
15:22:29.638 [ForkJoinPool-1-worker-5] ERROR com.intuit.karate - assertion failed: path: $, actual: 500, expected: 200, reason: not equal (Integer)
15:22:29.638 [ForkJoinPool-1-worker-5] ERROR com.intuit.karate - feature call (loop) failed at index: 1
caller: classpath:InspireTest/ngr/datasetrecords/def/checkxlinkurl.template.feature
arg: {"link":"https://www.nationaalgeoregister.nl/geonetwork/srv/api/recordsf44dac86-2228-412f-8355-e56446ca9933"}
checkxlinkurl.template.feature:22 - path: $, actual: 500, expected: 200, reason: not equal (Integer)
15:22:29.640 [ForkJoinPool-1-worker-5] INFO  com.intuit.karate - [print]
15:22:29.641 [ForkJoinPool-1-worker-5] INFO  com.intuit.karate - [print] testing xlinkurl:www.hydro.nl
15:22:29.641 [ForkJoinPool-1-worker-5] ERROR com.intuit.karate - org.apache.http.client.ClientProtocolException, http call failed after 0 milliseconds for URL: www.hydro.nl
15:22:29.641 [ForkJoinPool-1-worker-5] ERROR com.intuit.karate - http request failed: 
org.apache.http.client.ClientProtocolException
15:22:29.641 [ForkJoinPool-1-worker-5] ERROR com.intuit.karate - feature call (loop) failed at index: 2
caller: classpath:InspireTest/ngr/datasetrecords/def/checkxlinkurl.template.feature
arg: {"link":"www.hydro.nl"}
checkxlinkurl.template.feature:14 - 
org.apache.http.client.ClientProtocolException
15:22:29.646 [ForkJoinPool-1-worker-11] ERROR com.intuit.karate - assertion failed: path: $, actual: 500, expected: 200, reason: not equal (Integer)
15:22:29.647 [ForkJoinPool-1-worker-11] ERROR com.intuit.karate - feature call (loop) failed at index: 3
caller: classpath:InspireTest/ngr/datasetrecords/def/checkxlinkurl.template.feature
arg: {"link":"https://ngr.geocat.live/geonetwork/srv/eng/thesaurus.download?ref=external.theme.httpinspireeceuropaeumetadatacodelistPrioritydataset-Prioritydataset"}
checkxlinkurl.template.feature:22 - path: $, actual: 500, expected: 200, reason: not equal (Integer)
15:22:29.648 [ForkJoinPool-1-worker-7] ERROR com.intuit.karate - assertion failed: path: $, actual: 500, expected: 200, reason: not equal (Integer)
15:22:29.648 [ForkJoinPool-1-worker-7] ERROR com.intuit.karate - feature call (loop) failed at index: 3
caller: classpath:InspireTest/ngr/datasetrecords/def/checkxlinkurl.template.feature
arg: {"link":"https://ngr.geocat.live/geonetwork/srv/eng/thesaurus.download?ref=external.theme.httpinspireeceuropaeumetadatacodelistPrioritydataset-Prioritydataset"}
checkxlinkurl.template.feature:22 - path: $, actual: 500, expected: 200, reason: not equal (Integer)
15:22:29.649 [ForkJoinPool-1-worker-7] INFO  com.intuit.karate - [print]
15:22:29.649 [ForkJoinPool-1-worker-7] INFO  com.intuit.karate - [print] testing xlinkurl:urn:ogc:def:crs:EPSG::5709
15:22:29.650 [ForkJoinPool-1-worker-7] ERROR com.intuit.karate - org.apache.http.client.ClientProtocolException: URI does not specify a valid host name: urn:ogc:def:crs:EPSG::5709, http call failed after 0 milliseconds for URL: urn:ogc:def:crs:EPSG::5709
15:22:29.650 [ForkJoinPool-1-worker-7] ERROR com.intuit.karate - http request failed: 
org.apache.http.client.ClientProtocolException: URI does not specify a valid host name: urn:ogc:def:crs:EPSG::5709
15:22:29.650 [ForkJoinPool-1-worker-7] ERROR com.intuit.karate - feature call (loop) failed at index: 4
caller: classpath:InspireTest/ngr/datasetrecords/def/checkxlinkurl.template.feature
arg: {"link":"urn:ogc:def:crs:EPSG::5709"}
checkxlinkurl.template.feature:14 - 
org.apache.http.client.ClientProtocolException: URI does not specify a valid host name: urn:ogc:def:crs:EPSG::5709
15:22:30.290 [ForkJoinPool-1-worker-13] INFO  com.intuit.karate - [print] title:Luchtfoto 2019 25cm RGB open data
15:22:30.290 [ForkJoinPool-1-worker-13] INFO  com.intuit.karate - [print] Luchtfoto 2019 25cm RGB open data
15:22:30.291 [ForkJoinPool-1-worker-13] INFO  com.intuit.karate - [print] [
  "PPB-GVA@kadaster.nl",
  "info@hetwaterschapshuis.nl",
  "kcc@kadaster.nl",
  "",
  "",
  "",
  "",
  "",
  ""
]

15:22:30.292 [ForkJoinPool-1-worker-13] INFO  com.intuit.karate - [print] organisation: [
  "Kadaster",
  "Het Waterschapshuis",
  "Kadaster",
  "Geocart",
  "Geocart",
  "Geocart",
  "Kadaster",
  "Kadaster"
]

15:22:30.296 [ForkJoinPool-1-worker-13] INFO  com.intuit.karate - [print] [
  "http://kadaster/2482250f-3b00-4439-9f93-f3118229b023",
  "",
  "",
  ""
]

15:22:30.299 [ForkJoinPool-1-worker-13] INFO  com.intuit.karate - [print]
15:22:30.299 [ForkJoinPool-1-worker-13] INFO  com.intuit.karate - [print] testing xlinkurl:http://kadaster/2482250f-3b00-4439-9f93-f3118229b023
15:22:30.300 [ForkJoinPool-1-worker-13] ERROR com.intuit.karate - java.net.UnknownHostException: kadaster, http call failed after 1 milliseconds for URL: http://kadaster/2482250f-3b00-4439-9f93-f3118229b023
15:22:30.300 [ForkJoinPool-1-worker-13] ERROR com.intuit.karate - http request failed: 
java.net.UnknownHostException: kadaster
15:22:30.300 [ForkJoinPool-1-worker-13] ERROR com.intuit.karate - feature call (loop) failed at index: 0
caller: classpath:InspireTest/ngr/datasetrecords/def/checkxlinkurl.template.feature
arg: {"link":"http://kadaster/2482250f-3b00-4439-9f93-f3118229b023"}
checkxlinkurl.template.feature:14 - 
java.net.UnknownHostException: kadaster
15:22:30.301 [ForkJoinPool-1-worker-13] INFO  com.intuit.karate - [print]
15:22:30.302 [ForkJoinPool-1-worker-13] INFO  com.intuit.karate - [print] testing xlinkurl:
15:22:30.302 [ForkJoinPool-1-worker-13] ERROR com.intuit.karate - org.apache.http.client.ClientProtocolException, http call failed after 0 milliseconds for URL: 
15:22:30.303 [ForkJoinPool-1-worker-13] ERROR com.intuit.karate - http request failed: 
org.apache.http.client.ClientProtocolException
15:22:30.303 [ForkJoinPool-1-worker-13] ERROR com.intuit.karate - feature call (loop) failed at index: 1
caller: classpath:InspireTest/ngr/datasetrecords/def/checkxlinkurl.template.feature
arg: {"link":""}
checkxlinkurl.template.feature:14 - 
org.apache.http.client.ClientProtocolException
15:22:30.304 [ForkJoinPool-1-worker-13] INFO  com.intuit.karate - [print]
15:22:30.304 [ForkJoinPool-1-worker-13] INFO  com.intuit.karate - [print] testing xlinkurl:
15:22:30.304 [ForkJoinPool-1-worker-13] ERROR com.intuit.karate - org.apache.http.client.ClientProtocolException, http call failed after 0 milliseconds for URL: 
15:22:30.305 [ForkJoinPool-1-worker-13] ERROR com.intuit.karate - http request failed: 
org.apache.http.client.ClientProtocolException
15:22:30.305 [ForkJoinPool-1-worker-13] ERROR com.intuit.karate - feature call (loop) failed at index: 2
caller: classpath:InspireTest/ngr/datasetrecords/def/checkxlinkurl.template.feature
arg: {"link":""}
checkxlinkurl.template.feature:14 - 
org.apache.http.client.ClientProtocolException
15:22:30.306 [ForkJoinPool-1-worker-13] INFO  com.intuit.karate - [print]
15:22:30.306 [ForkJoinPool-1-worker-13] INFO  com.intuit.karate - [print] testing xlinkurl:
15:22:30.307 [ForkJoinPool-1-worker-13] ERROR com.intuit.karate - org.apache.http.client.ClientProtocolException, http call failed after 0 milliseconds for URL: 
15:22:30.307 [ForkJoinPool-1-worker-13] ERROR com.intuit.karate - http request failed: 
org.apache.http.client.ClientProtocolException
15:22:30.308 [ForkJoinPool-1-worker-13] ERROR com.intuit.karate - feature call (loop) failed at index: 3
caller: classpath:InspireTest/ngr/datasetrecords/def/checkxlinkurl.template.feature
arg: {"link":""}
checkxlinkurl.template.feature:14 - 
org.apache.http.client.ClientProtocolException
15:22:30.393 [ForkJoinPool-1-worker-3] INFO  com.intuit.karate - [print] title:Natura 2000 (INSPIRE geharmoniseerd)
15:22:30.393 [ForkJoinPool-1-worker-3] INFO  com.intuit.karate - [print] Natura 2000 (INSPIRE geharmoniseerd)
15:22:30.393 [ForkJoinPool-1-worker-3] INFO  com.intuit.karate - [print] [
  "geodatabeheer.giscc@rvo.nl",
  "geodatabeheer.giscc@rvo.nl",
  "beheer@pdok.nl"
]

15:22:30.394 [ForkJoinPool-1-worker-3] INFO  com.intuit.karate - [print] organisation: Ministerie van Landbouw, Natuur en Voedselkwaliteit
15:22:30.397 [ForkJoinPool-1-worker-3] INFO  com.intuit.karate - [print] [
  "http://nationaalgeoregister.nl/geonetwork/srv/dut/catalog.search#/metadata/280ed37a-b8d2-4ac5-8567-04d84fad3a41",
  "https://creativecommons.org/publicdomain/mark/*/deed.nl",
  "https://data.overheid.nl/organisatie/PDOK"
]

15:22:30.402 [ForkJoinPool-1-worker-3] INFO  com.intuit.karate - [print]
15:22:30.403 [ForkJoinPool-1-worker-3] INFO  com.intuit.karate - [print] testing xlinkurl:http://nationaalgeoregister.nl/geonetwork/srv/dut/catalog.search#/metadata/280ed37a-b8d2-4ac5-8567-04d84fad3a41
15:22:30.693 [ForkJoinPool-1-worker-9] INFO  com.intuit.karate - [print] title:Grondwateronderzoek onder INSPIRE
15:22:30.694 [ForkJoinPool-1-worker-9] INFO  com.intuit.karate - [print] Grondwateronderzoek onder INSPIRE
15:22:30.695 [ForkJoinPool-1-worker-9] INFO  com.intuit.karate - [print] [
  "info@dinoloket.nl",
  "info@dinoloket.nl",
  "info@dinoloket.nl"
]

15:22:30.696 [ForkJoinPool-1-worker-9] INFO  com.intuit.karate - [print] organisation: [
  "TNO Geologische Dienst Nederland",
  "TNO Geologische Dienst Nederland",
  "TNO Geologische Dienst Nederland"
]

15:22:30.709 [ForkJoinPool-1-worker-9] INFO  com.intuit.karate - [print] [
  "https://nationaalgeoregister.nl/geonetwork/srv/resources7e290e63-f991-4cc3-beff-1ff08ce2be77",
  "https://www.nationaalgeoregister.nl/geonetwork/srv/eng/thesaurus.download?ref=external.theme.inspire-theme"
]

15:22:30.726 [ForkJoinPool-1-worker-3] INFO  com.intuit.karate - [print]
15:22:30.726 [ForkJoinPool-1-worker-3] INFO  com.intuit.karate - [print] testing xlinkurl:https://creativecommons.org/publicdomain/mark/*/deed.nl
15:22:30.770 [ForkJoinPool-1-worker-3] ERROR com.intuit.karate - assertion failed: path: $, actual: 404, expected: 200, reason: not equal (Integer)
15:22:30.771 [ForkJoinPool-1-worker-3] ERROR com.intuit.karate - feature call (loop) failed at index: 1
caller: classpath:InspireTest/ngr/datasetrecords/def/checkxlinkurl.template.feature
arg: {"link":"https://creativecommons.org/publicdomain/mark/*/deed.nl"}
checkxlinkurl.template.feature:22 - path: $, actual: 404, expected: 200, reason: not equal (Integer)
15:22:30.772 [ForkJoinPool-1-worker-3] INFO  com.intuit.karate - [print]
15:22:30.773 [ForkJoinPool-1-worker-3] INFO  com.intuit.karate - [print] testing xlinkurl:https://data.overheid.nl/organisatie/PDOK
15:22:31.026 [ForkJoinPool-1-worker-7] INFO  com.intuit.karate - [print] title:Emissies naar het riool in 2015 vanuit de industrie
15:22:31.026 [ForkJoinPool-1-worker-7] INFO  com.intuit.karate - [print] Emissies naar het riool in 2015 vanuit de industrie
15:22:31.027 [ForkJoinPool-1-worker-7] INFO  com.intuit.karate - [print] [
  "emissieregistratie@rivm.nl",
  "",
  "emissieregistratie@rivm.nl"
]

15:22:31.028 [ForkJoinPool-1-worker-7] INFO  com.intuit.karate - [print] organisation: no organisationName found in dataset record
15:22:31.032 [ForkJoinPool-1-worker-7] INFO  com.intuit.karate - [print] [
  "https://data.rivm.nl/inspire/id#64d546c9-71d4-4c84-a04c-61c5d0734f65"
]

15:22:31.145 [ForkJoinPool-1-worker-11] INFO  com.intuit.karate - [print] title:Geografische Namen
15:22:31.146 [ForkJoinPool-1-worker-11] INFO  com.intuit.karate - [print] Geografische Namen
15:22:31.148 [ForkJoinPool-1-worker-11] INFO  com.intuit.karate - [print] [
  "PPB-GVA@kadaster.nl",
  "kcc@kadaster.nl",
  "kcc@kadaster.nl"
]

15:22:31.152 [ForkJoinPool-1-worker-5] INFO  com.intuit.karate - [print] title:Nationale Parken (INSPIRE Geharmoniseerd)
15:22:31.153 [ForkJoinPool-1-worker-5] INFO  com.intuit.karate - [print] Nationale Parken (INSPIRE Geharmoniseerd)
15:22:31.154 [ForkJoinPool-1-worker-5] INFO  com.intuit.karate - [print] [
  "geodatabeheer.giscc@rvo.nl",
  "geodatabeheer.giscc@rvo.nl",
  "info@minlnv.nl",
  "",
  "",
  ""
]

15:22:31.155 [ForkJoinPool-1-worker-5] INFO  com.intuit.karate - [print] organisation: no organisationName found in dataset record
15:22:31.157 [ForkJoinPool-1-worker-11] INFO  com.intuit.karate - [print] organisation: [
  "Kadaster",
  "Kadaster",
  "Kadaster"
]

15:22:31.161 [ForkJoinPool-1-worker-11] INFO  com.intuit.karate - [print] [
  "http://kadaster/06b6c650-cdb1-11dd-ad8b-0800200c9a79"
]

15:22:31.163 [ForkJoinPool-1-worker-5] INFO  com.intuit.karate - [print] [
  "http://nationaalgeoregister.nl/geonetwork/srv/dut/catalog.search#/metadata/247a1d15-0a67-40ce-85be-1403c08f15a8",
  "xlink:href=https://inspire.ec.europa.eu/id/document/tg/ps",
  "https://data.overheid.nl/organisatie/PDOK"
]

15:22:31.492 [ForkJoinPool-1-worker-13] INFO  com.intuit.karate - [print] title:Amplitude van het getij op de Noordzee
15:22:31.493 [ForkJoinPool-1-worker-13] INFO  com.intuit.karate - [print] Amplitude van het getij op de Noordzee
15:22:31.494 [ForkJoinPool-1-worker-13] INFO  com.intuit.karate - [print] [
  "data@hydro.nl",
  "data@hydro.nl",
  "data@hydro.nl",
  ""
]

15:22:31.494 [ForkJoinPool-1-worker-13] INFO  com.intuit.karate - [print] organisation: [
  "Ministerie van Defensie, Koninklijke Marine, Dienst der Hydrografie",
  "Ministerie van Defensie, Koninklijke Marine, Dienst der Hydrografie",
  "Ministerie van Defensie, Koninklijke Marine, Dienst der Hydrografie"
]

15:22:31.497 [ForkJoinPool-1-worker-13] INFO  com.intuit.karate - [print] [
  "http://www.opengis.net/def/crs/EPSG/0/https://www.opengis.net/def/crs/EPSG/0/4258",
  "https://www.nationaalgeoregister.nl/geonetwork/srv/api/recordsbe6551de-a709-4c6d-a5e2-f63f0cf038ba"
]

15:22:31.543 [ForkJoinPool-1-worker-9] INFO  com.intuit.karate - [print] title:Gebouwen (INSPIRE geharmoniseerd)
15:22:31.544 [ForkJoinPool-1-worker-9] INFO  com.intuit.karate - [print] Gebouwen (INSPIRE geharmoniseerd)
15:22:31.544 [ForkJoinPool-1-worker-9] INFO  com.intuit.karate - [print] [
  "PPB-GVA@kadaster.nl",
  "kcc@kadaster.nl"
]

15:22:31.545 [ForkJoinPool-1-worker-9] INFO  com.intuit.karate - [print] organisation: [
  "Kadaster",
  "Kadaster"
]

15:22:31.549 [ForkJoinPool-1-worker-9] INFO  com.intuit.karate - [print] [
  "http://www.opengis.net/def/crs/EPSG/0/http://www.opengis.net/def/crs/EPSG/0/4258",
  "http://kadaster/80b2d12c-32be-54fg-b6d3\u201434f4ffc06cf3"
]

15:22:31.718 [ForkJoinPool-1-worker-5] INFO  com.intuit.karate - [print] title:Bodemkaart50000_versie2014
15:22:31.719 [ForkJoinPool-1-worker-5] INFO  com.intuit.karate - [print] Bodemkaart50000_versie2014
15:22:31.719 [ForkJoinPool-1-worker-5] INFO  com.intuit.karate - [print] [
  "fokke.brouwer@wur.nl",
  "GeoDesk@wur.nl",
  "fokke.brouwer@wur.nl",
  "GeoDesk@wur.nl"
]

15:22:31.720 [ForkJoinPool-1-worker-5] INFO  com.intuit.karate - [print] organisation: [
  "Wageningen Environmental Research",
  "Wageningen Environmental Research (Alterra)",
  "Wageningen Environmental Research",
  "Wageningen Environmental Research (Alterra)",
  "ALTERRA en voorafgaande instituten",
  "ALTERRA en voorafgaande instituten",
  "Alterra",
  "Alterra",
  "Alterra Wageningen UR",
  "Alterra"
]

15:22:31.724 [ForkJoinPool-1-worker-5] INFO  com.intuit.karate - [print] [
  "h",
  "t",
  "t",
  "p",
  ":",
  "/",
  "/",
  "s",
  "t",
  "a",
  "n",
  "d",
  "a",
  "r",
  "d",
  "s",
  ".",
  "i",
  "s",
  "o",
  ".",
  "o",
  "r",
  "g",
  "/",
  "i",
  "t",
  "t",
  "f",
  "/",
  "P",
  "u",
  "b",
  "l",
  "i",
  "c",
  "l",
  "y",
  "A",
  "v",
  "a",
  "i",
  "l",
  "a",
  "b",
  "l",
  "e",
  "S",
  "t",
  "a",
  "n",
  "d",
  "a",
  "r",
  "d",
  "s",
  "/",
  "I",
  "S",
  "O",
  "_",
  "1",
  "9",
  "1",
  "3",
  "9",
  "_",
  "S",
  "c",
  "h",
  "e",
  "m",
  "a",
  "s",
  "/",
  "r",
  "e",
  "s",
  "o",
  "u",
  "r",
  "c",
  "e",
  "s",
  "/",
  "u",
  "o",
  "m",
  "/",
  "g",
  "m",
  "x",
  "U",
  "o",
  "m",
  ".",
  "x",
  "m",
  "l",
  "#",
  "m"
]

15:22:31.752 [ForkJoinPool-1-worker-3] ERROR com.intuit.karate - assertion failed: path: $, actual: 404, expected: 200, reason: not equal (Integer)
15:22:31.752 [ForkJoinPool-1-worker-3] ERROR com.intuit.karate - feature call (loop) failed at index: 2
caller: classpath:InspireTest/ngr/datasetrecords/def/checkxlinkurl.template.feature
arg: {"link":"https://data.overheid.nl/organisatie/PDOK"}
checkxlinkurl.template.feature:22 - path: $, actual: 404, expected: 200, reason: not equal (Integer)
15:22:31.821 [ForkJoinPool-1-worker-7] INFO  com.intuit.karate - [print] title:Luchtfoto 2017 25cm RGB open data
15:22:31.821 [ForkJoinPool-1-worker-7] INFO  com.intuit.karate - [print] Luchtfoto 2017 25cm RGB open data
15:22:31.825 [ForkJoinPool-1-worker-7] INFO  com.intuit.karate - [print] [
  "PPB-GVA@kadaster.nl",
  "info@hetwaterschapshuis.nl",
  "kcc@kadaster.nl",
  "",
  "",
  "",
  "",
  "",
  ""
]

15:22:31.826 [ForkJoinPool-1-worker-7] INFO  com.intuit.karate - [print] organisation: [
  "Kadaster",
  "Het Waterschapshuis",
  "Kadaster",
  "Eurosense",
  "Eurosense",
  "Eurosense",
  "Kadaster",
  "Kadaster"
]

15:22:31.837 [ForkJoinPool-1-worker-7] INFO  com.intuit.karate - [print] [
  "http://kadaster/2482250f-3b00-4439-9f93-f3118229b017",
  "",
  "",
  ""
]

15:22:32.039 [ForkJoinPool-1-worker-11] INFO  com.intuit.karate - [print] title:Schelpdierpercelen
15:22:32.039 [ForkJoinPool-1-worker-11] INFO  com.intuit.karate - [print] Schelpdierpercelen
15:22:32.041 [ForkJoinPool-1-worker-11] INFO  com.intuit.karate - [print] [
  "geodatabeheer.giscc@rvo.nl",
  "geodatabeheer.giscc@rvo.nl",
  "BeheerPDOK@kadaster.nl"
]

15:22:32.042 [ForkJoinPool-1-worker-11] INFO  com.intuit.karate - [print] organisation: [
  "Ministerie van Economische Zaken - GIS Competence Center",
  "PDOK"
]

15:22:32.050 [ForkJoinPool-1-worker-11] INFO  com.intuit.karate - [print] [
  "https://www.nationaalgeoregister.nl/geonetwork/srv/dut/catalog.search#/metadata/fe0e1e5f-512f-4bb1-bbf8-4028d3dfa24f"
]

15:22:32.193 [ForkJoinPool-1-worker-13] INFO  com.intuit.karate - [print] title:Hydrografie
15:22:32.193 [ForkJoinPool-1-worker-13] INFO  com.intuit.karate - [print] Hydrografie
15:22:32.194 [ForkJoinPool-1-worker-13] INFO  com.intuit.karate - [print] [
  "PPB-GVA@kadaster.nl",
  "kcc@kadaster.nl",
  "kcc@kadaster.nl"
]

15:22:32.196 [ForkJoinPool-1-worker-13] INFO  com.intuit.karate - [print] organisation: [
  "Kadaster",
  "Kadaster",
  "Kadaster"
]

15:22:32.200 [ForkJoinPool-1-worker-13] INFO  com.intuit.karate - [print] [
  "http://kadaster/06b6c650-cdb1-11dd-ad8b-0800200c9a80"
]

15:22:32.251 [ForkJoinPool-1-worker-9] INFO  com.intuit.karate - [print] title:Afgevoerde hoeveelheid afval in 2011 vanuit de industrie
15:22:32.251 [ForkJoinPool-1-worker-9] INFO  com.intuit.karate - [print] Afgevoerde hoeveelheid afval in 2011 vanuit de industrie
15:22:32.252 [ForkJoinPool-1-worker-9] INFO  com.intuit.karate - [print] [
  "emissieregistratie@rivm.nl",
  "",
  "emissieregistratie@rivm.nl"
]

15:22:32.253 [ForkJoinPool-1-worker-9] INFO  com.intuit.karate - [print] organisation: no organisationName found in dataset record
15:22:32.257 [ForkJoinPool-1-worker-9] INFO  com.intuit.karate - [print] [
  "https://data.rivm.nl/inspire/id#90bab79d-5f92-4aaa-8edc-99195438ef65"
]

15:22:32.368 [ForkJoinPool-1-worker-3] INFO  com.intuit.karate - [print] title:Omgevingsdosisequivalenttempo Nationaal Meetnet Radioactiviteit 2011
15:22:32.368 [ForkJoinPool-1-worker-3] INFO  com.intuit.karate - [print] Omgevingsdosisequivalenttempo Nationaal Meetnet Radioactiviteit 2011
15:22:32.369 [ForkJoinPool-1-worker-3] INFO  com.intuit.karate - [print] [
  "geodata@rivm.nl",
  "",
  "geodata@rivm.nl"
]

15:22:32.369 [ForkJoinPool-1-worker-3] INFO  com.intuit.karate - [print] organisation: no organisationName found in dataset record
15:22:32.372 [ForkJoinPool-1-worker-5] INFO  com.intuit.karate - [print] title:Vervoersnetwerken - Kabelbanen (INSPIRE geharmoniseerd)
15:22:32.372 [ForkJoinPool-1-worker-5] INFO  com.intuit.karate - [print] Vervoersnetwerken - Kabelbanen (INSPIRE geharmoniseerd)
15:22:32.373 [ForkJoinPool-1-worker-5] INFO  com.intuit.karate - [print] [
  "PPB-GVA@kadaster.nl",
  "kcc@kadaster.nl"
]

15:22:32.374 [ForkJoinPool-1-worker-5] INFO  com.intuit.karate - [print] organisation: [
  "Kadaster",
  "Kadaster"
]

15:22:32.376 [ForkJoinPool-1-worker-5] INFO  com.intuit.karate - [print] [
  "http://www.opengis.net/def/crs/EPSG/0/http://www.opengis.net/def/crs/EPSG/0/4258",
  "http://kadaster/ed4caa3b-a49e-4a9a-8206-50a3cf451b9a"
]

15:22:32.385 [ForkJoinPool-1-worker-3] INFO  com.intuit.karate - [print] [
  "https://data.rivm.nl/inspire/id#722e3937-3e53-4048-97ef-1ced2c77f7dd"
]

15:22:32.427 [ForkJoinPool-1-worker-7] INFO  com.intuit.karate - [print] title:Wetlands (RAMSAR) (INSPIRE Geharmoniseerd)
15:22:32.427 [ForkJoinPool-1-worker-7] INFO  com.intuit.karate - [print] Wetlands (RAMSAR) (INSPIRE Geharmoniseerd)
15:22:32.428 [ForkJoinPool-1-worker-7] INFO  com.intuit.karate - [print] [
  "geodatabeheer.giscc@rvo.nl",
  "geodatabeheer.giscc@rvo.nl",
  "geodatabeheer.giscc@rvo.nl",
  "GeoDesk.CGI@wur.nl",
  "beheer@pdok.nl",
  "",
  ""
]

15:22:32.429 [ForkJoinPool-1-worker-7] INFO  com.intuit.karate - [print] organisation: [
  "",
  ""
]

15:22:32.431 [ForkJoinPool-1-worker-7] INFO  com.intuit.karate - [print] [
  "http://nationaalgeoregister.nl/geonetwork/srv/dut/catalog.search#/metadata/19165027-a13a-4c19-9013-ec1fd191019d",
  "https://data.overheid.nl/organisatie/PDOK"
]

15:22:32.665 [ForkJoinPool-1-worker-13] INFO  com.intuit.karate - [print] title:Zwemwaterlocaties en zwemwaterkwaliteit - monsterpunten
15:22:32.666 [ForkJoinPool-1-worker-13] INFO  com.intuit.karate - [print] Zwemwaterlocaties en zwemwaterkwaliteit - monsterpunten
15:22:32.668 [ForkJoinPool-1-worker-13] INFO  com.intuit.karate - [print] [
  "inspire@gbo-provincies.nl",
  "inspire@gbo-provincies.nl",
  "inspire@gbo-provincies.nl"
]

15:22:32.669 [ForkJoinPool-1-worker-13] INFO  com.intuit.karate - [print] organisation: [
  "Interprovinciaal Overleg",
  "Interprovinciaal Overleg",
  "Interprovinciaal Overleg",
  "Interprovinciaal Overleg",
  "Interprovinciaal Overleg"
]

15:22:32.672 [ForkJoinPool-1-worker-11] INFO  com.intuit.karate - [print] title:Geluidkaart hoofdspoornet 2016 (Lden)
15:22:32.678 [ForkJoinPool-1-worker-11] INFO  com.intuit.karate - [print] Geluidkaart hoofdspoornet 2016 (Lden)
15:22:32.679 [ForkJoinPool-1-worker-11] INFO  com.intuit.karate - [print] [
  "sylvia.koolmees@minienw.nl",
  "sylvia.koolmees@minienw.nl"
]

15:22:32.681 [ForkJoinPool-1-worker-11] INFO  com.intuit.karate - [print] organisation: [
  "Ministerie van IenW",
  "Ministerie van IenW"
]

15:22:32.698 [ForkJoinPool-1-worker-11] INFO  com.intuit.karate - [print] [
  "https://www.nationaalgeoregister.nl/geonetwork/srv/api/recordsc3c004ad-5387-4b00-a225-9afbcaa5d31b"
]

15:22:32.929 [ForkJoinPool-1-worker-9] INFO  com.intuit.karate - [print] title:Luchtfoto 2016 25cm CIR open data
15:22:32.929 [ForkJoinPool-1-worker-9] INFO  com.intuit.karate - [print] Luchtfoto 2016 25cm CIR open data
15:22:32.930 [ForkJoinPool-1-worker-9] INFO  com.intuit.karate - [print] [
  "PPB-GVA@kadaster.nl",
  "info@hetwaterschapshuis.nl",
  "kcc@kadaster.nl",
  "",
  "",
  "",
  "",
  "",
  ""
]

15:22:32.931 [ForkJoinPool-1-worker-9] INFO  com.intuit.karate - [print] organisation: [
  "Kadaster",
  "Het Waterschapshuis",
  "Kadaster",
  "Eurosense",
  "Eurosense",
  "Eurosense",
  "Kadaster",
  "Kadaster"
]

15:22:32.945 [ForkJoinPool-1-worker-9] INFO  com.intuit.karate - [print] [
  "http://kadaster/2482250f-3b00-4439-9f93-f3118229b015",
  "",
  "",
  ""
]

15:22:32.995 [ForkJoinPool-1-worker-3] INFO  com.intuit.karate - [print] title:INSPIRE geharmoniseerde Beschermde Gebieden - Cultuur Historie
15:22:32.996 [ForkJoinPool-1-worker-3] INFO  com.intuit.karate - [print] INSPIRE geharmoniseerde Beschermde Gebieden - Cultuur Historie
15:22:32.997 [ForkJoinPool-1-worker-3] INFO  com.intuit.karate - [print] [
  "info@cultureelerfgoed.nl",
  "info@cultureelerfgoed.nl",
  "info@cultureelerfgoed.nl"
]

15:22:32.998 [ForkJoinPool-1-worker-3] INFO  com.intuit.karate - [print] organisation: [
  "Rijksdienst voor het Cultureel Erfgoed",
  "Rijksdienst voor het Cultureel Erfgoed",
  "Rijksdienst voor het Cultureel Erfgoed"
]

15:22:33.002 [ForkJoinPool-1-worker-3] INFO  com.intuit.karate - [print] [
  "https://monumentenregister.cultureelerfgoed.nl/sites/default/files/MRS/mrs-inspire.zip"
]

15:22:33.096 [ForkJoinPool-1-worker-5] INFO  com.intuit.karate - [print] title:Gemeten Fijn stof concentraties in buitenlucht.
15:22:33.097 [ForkJoinPool-1-worker-5] INFO  com.intuit.karate - [print] Gemeten Fijn stof concentraties in buitenlucht.
15:22:33.098 [ForkJoinPool-1-worker-5] INFO  com.intuit.karate - [print] [
  "geodata@rivm.nl",
  "geodata@rivm.nl"
]

15:22:33.099 [ForkJoinPool-1-worker-5] INFO  com.intuit.karate - [print] organisation: no organisationName found in dataset record
15:22:33.103 [ForkJoinPool-1-worker-5] INFO  com.intuit.karate - [print] [
  "https://data.rivm.nl/inspire/id#a3095f95-0ec7-46ff-ae14-ce2173e8fafa"
]

15:22:33.110 [ForkJoinPool-1-worker-7] INFO  com.intuit.karate - [print] title:Habitatrichtlijn verspreidingsgebied van soorten
15:22:33.110 [ForkJoinPool-1-worker-7] INFO  com.intuit.karate - [print] Habitatrichtlijn verspreidingsgebied van soorten
15:22:33.111 [ForkJoinPool-1-worker-7] INFO  com.intuit.karate - [print] [
  "geodatabeheer.giscc@rvo.nl",
  "GeoDesk.CGI@wur.nl",
  "geodatabeheer.giscc@rvo.nl",
  "beheerPDOK@kadaster.nl",
  "",
  "",
  ""
]

15:22:33.119 [ForkJoinPool-1-worker-7] INFO  com.intuit.karate - [print] organisation: [
  "Ministerie van Economische Zaken - GIS Competence Center",
  "Wageningen Environmental Research (Alterra)",
  "PDOK",
  "CBS",
  "Natuurloket",
  "pgo's"
]

15:22:33.122 [ForkJoinPool-1-worker-7] INFO  com.intuit.karate - [print] [
  "https://www.nationaalgeoregister.nl/geonetwork/srv/dut/catalog.search#/metadata/f273941e-9c3b-43bc-b886-2d50d0bf9348"
]

15:22:33.314 [ForkJoinPool-1-worker-13] INFO  com.intuit.karate - [print] title:Geografische Namen (Nat) - Nederland
15:22:33.314 [ForkJoinPool-1-worker-13] INFO  com.intuit.karate - [print] Geografische Namen (Nat) - Nederland
15:22:33.315 [ForkJoinPool-1-worker-13] INFO  com.intuit.karate - [print] [
  "data@hydro.nl",
  "data@hydro.nl",
  "data@hydro.nl",
  "",
  ""
]

15:22:33.316 [ForkJoinPool-1-worker-13] INFO  com.intuit.karate - [print] organisation: [
  "Ministerie van Defensie, Koninklijke Marine, Dienst der Hydrografie",
  "Ministerie van Defensie, Koninklijke Marine, Dienst der Hydrografie",
  "Ministerie van Defensie, Koninklijke Marine, Dienst der Hydrografie"
]

15:22:33.322 [ForkJoinPool-1-worker-13] INFO  com.intuit.karate - [print] [
  "https://ngr.acceptatie.nationaalgeoregister.nl/geonetwork/srv/resources34e95842-4e4e-46de-9198-79e8cd4d30dc"
]

15:22:33.390 [ForkJoinPool-1-worker-11] INFO  com.intuit.karate - [print] title:Actueel Hoogtebestand Nederland 2 (AHN2)
15:22:33.390 [ForkJoinPool-1-worker-11] INFO  com.intuit.karate - [print] Actueel Hoogtebestand Nederland 2 (AHN2)
15:22:33.391 [ForkJoinPool-1-worker-11] INFO  com.intuit.karate - [print] [
  "servicedesk-data@rijkswaterstaat.nl",
  "servicedesk-data@rijkswaterstaat.nl",
  "",
  "servicedesk-data@rijkswaterstaat.nl",
  "servicedesk-data@rijkswaterstaat.nl"
]

15:22:33.393 [ForkJoinPool-1-worker-11] INFO  com.intuit.karate - [print] organisation: [
  "Rijkswaterstaat",
  "stuurgroep AHN",
  "",
  "Rijkswaterstaat",
  "Rijkswaterstaat"
]

15:22:33.423 [ForkJoinPool-1-worker-11] INFO  com.intuit.karate - [print] [
  "https://www.nationaalgeoregister.nl/geonetwork/srv/dut/catalog.search#/metadata/7939fd42-cf88-42c5-ab3b-232cf232a3ac",
  "http://rdfdata.eionet.europa.eu/inspirethemes/themes/10",
  "urn:ogc:def:crs:EPSG::5709"
]

15:22:33.553 [ForkJoinPool-1-worker-9] INFO  com.intuit.karate - [print] title:Geluidbelasting rijkswegen in Nederland 2011 (24-uurs gemiddelde)
15:22:33.554 [ForkJoinPool-1-worker-9] INFO  com.intuit.karate - [print] Geluidbelasting rijkswegen in Nederland 2011 (24-uurs gemiddelde)
15:22:33.555 [ForkJoinPool-1-worker-9] INFO  com.intuit.karate - [print] [
  "servicedesk-data@rijkswaterstaat.nl",
  "servicedesk-data@rijkswaterstaat.nl",
  "",
  "servicedesk-data@rijkswaterstaat.nl",
  "servicedesk-data@rijkswaterstaat.nl"
]

15:22:33.556 [ForkJoinPool-1-worker-9] INFO  com.intuit.karate - [print] organisation: [
  "Rijkswaterstaat",
  "Rijkswaterstaat",
  "",
  "Rijkswaterstaat",
  "Rijkswaterstaat"
]

15:22:33.568 [ForkJoinPool-1-worker-9] INFO  com.intuit.karate - [print] [
  "https://www.nationaalgeoregister.nl/geonetwork/srv/dut/catalog.search#/metadata/8de2f5eb-b09f-4f6d-8397-8878a1b86238",
  "http://rdfdata.eionet.europa.eu/inspirethemes/themes/18",
  "http://inspire.ec.europa.eu/metadata-codelist/PriorityDataset#",
  "https://ngr.geocat.live/geonetwork/srv/eng/thesaurus.download?ref=external.theme.httpinspireeceuropaeumetadatacodelistPrioritydataset-Prioritydataset",
  "urn:ogc:def:crs:EPSG::5709"
]

15:22:33.634 [ForkJoinPool-1-worker-3] INFO  com.intuit.karate - [print] title:Hydrografie - Netwerk (INSPIRE geharmoniseerd) - WT
15:22:33.635 [ForkJoinPool-1-worker-3] INFO  com.intuit.karate - [print] Hydrografie - Netwerk (INSPIRE geharmoniseerd) - WT
15:22:33.636 [ForkJoinPool-1-worker-3] INFO  com.intuit.karate - [print] [
  "servicedesk-data@rijkswaterstaat.nl",
  "servicedesk-data@rijkswaterstaat.nl",
  "",
  "servicedesk-data@rijkswaterstaat.nl",
  "info@wetransform.to"
]

15:22:33.638 [ForkJoinPool-1-worker-3] INFO  com.intuit.karate - [print] organisation: [
  "Rijkswaterstaat",
  "Rijkswaterstaat",
  "",
  "Rijkswaterstaat",
  "Wetransform"
]

15:22:33.645 [ForkJoinPool-1-worker-3] INFO  com.intuit.karate - [print] [
  "https://www.nationaalgeoregister.nl/geonetwork/srv/dut/catalog.search#/metadata/eu-f297898-2640-44c2-bbe9-c0480da83794",
  "http://rdfdata.eionet.europa.eu/inspirethemes/themes/8",
  "urn:ogc:def:crs:EPSG::5709"
]

15:22:33.749 [ForkJoinPool-1-worker-5] INFO  com.intuit.karate - [print] title:Kaderrichtlijn Water - Register Beschermd Gebied - Schelpdierwater 2008
15:22:33.750 [ForkJoinPool-1-worker-5] INFO  com.intuit.karate - [print] Kaderrichtlijn Water - Register Beschermd Gebied - Schelpdierwater 2008
15:22:33.751 [ForkJoinPool-1-worker-5] INFO  com.intuit.karate - [print] [
  "servicedesk-data@rijkswaterstaat.nl",
  "servicedesk-data@rijkswaterstaat.nl",
  "",
  "servicedesk-data@rijkswaterstaat.nl",
  "servicedesk-data@rijkswaterstaat.nl"
]

15:22:33.753 [ForkJoinPool-1-worker-5] INFO  com.intuit.karate - [print] organisation: [
  "Rijkswaterstaat",
  "Rijkswaterstaat",
  "",
  "Rijkswaterstaat",
  "Rijkswaterstaat"
]

15:22:33.756 [ForkJoinPool-1-worker-5] INFO  com.intuit.karate - [print] [
  "https://www.nationaalgeoregister.nl/geonetwork/srv/dut/catalog.search#/metadata/4783ea4f-6b8c-4600-8af0-516f3556cfe9",
  "http://rdfdata.eionet.europa.eu/inspirethemes/themes/24",
  "",
  "",
  "",
  "urn:ogc:def:crs:EPSG::5709"
]

15:22:33.827 [ForkJoinPool-1-worker-7] INFO  com.intuit.karate - [print] title:Geluidbelasting rijkswegen in Nederland 2011 (nacht gemiddelde)
15:22:33.827 [ForkJoinPool-1-worker-7] INFO  com.intuit.karate - [print] Geluidbelasting rijkswegen in Nederland 2011 (nacht gemiddelde)
15:22:33.829 [ForkJoinPool-1-worker-7] INFO  com.intuit.karate - [print] [
  "servicedesk-data@rijkswaterstaat.nl",
  "servicedesk-data@rijkswaterstaat.nl",
  "",
  "servicedesk-data@rijkswaterstaat.nl",
  "servicedesk-data@rijkswaterstaat.nl"
]

15:22:33.830 [ForkJoinPool-1-worker-7] INFO  com.intuit.karate - [print] organisation: [
  "Rijkswaterstaat",
  "Rijkswaterstaat",
  "",
  "Rijkswaterstaat",
  "Rijkswaterstaat"
]

15:22:33.842 [ForkJoinPool-1-worker-7] INFO  com.intuit.karate - [print] [
  "https://www.nationaalgeoregister.nl/geonetwork/srv/dut/catalog.search#/metadata/50eef6be-619d-4e16-9b92-48971109b636",
  "http://rdfdata.eionet.europa.eu/inspirethemes/themes/18",
  "http://inspire.ec.europa.eu/metadata-codelist/PriorityDataset/MajorRoadsNoiseExposureDelineationNight-dir-2002-49",
  "http://inspire.ec.europa.eu/metadata-codelist/PriorityDataset#",
  "https://ngr.geocat.live/geonetwork/srv/eng/thesaurus.download?ref=external.theme.httpinspireeceuropaeumetadatacodelistPrioritydataset-Prioritydataset",
  "urn:ogc:def:crs:EPSG::5709"
]

15:22:34.198 [ForkJoinPool-1-worker-11] INFO  com.intuit.karate - [print] title:Waterstanden en afvoeren actueel - Rijkswaterstaat
15:22:34.199 [ForkJoinPool-1-worker-11] INFO  com.intuit.karate - [print] Waterstanden en afvoeren actueel - Rijkswaterstaat
15:22:34.200 [ForkJoinPool-1-worker-11] INFO  com.intuit.karate - [print] [
  "servicedesk-data@rijkswaterstaat.nl",
  "servicedesk-data@rijkswaterstaat.nl",
  "",
  "servicedesk-data@rijkswaterstaat.nl",
  "servicedesk-data@rijkswaterstaat.nl"
]

15:22:34.215 [ForkJoinPool-1-worker-11] INFO  com.intuit.karate - [print] organisation: [
  "Rijkswaterstaat",
  "Rijkswaterstaat",
  "",
  "Rijkswaterstaat",
  "Rijkswaterstaat"
]

15:22:34.220 [ForkJoinPool-1-worker-11] INFO  com.intuit.karate - [print] [
  "https://www.nationaalgeoregister.nl/geonetwork/srv/dut/catalog.search#/metadata/cf69ec50-9849-4afd-853c-ee56211d336d",
  "http://rdfdata.eionet.europa.eu/inspirethemes/themes/20",
  "http://rdfdata.eionet.europa.eu/inspirethemes/themes/28",
  "urn:ogc:def:crs:EPSG::5709"
]

15:22:34.207 [ForkJoinPool-1-worker-13] INFO  com.intuit.karate - [print] title:Kaderrichtlijn Mariene Strategie - Bevroren monitoringsdata
15:22:34.222 [ForkJoinPool-1-worker-13] INFO  com.intuit.karate - [print] Kaderrichtlijn Mariene Strategie - Bevroren monitoringsdata
15:22:34.223 [ForkJoinPool-1-worker-13] INFO  com.intuit.karate - [print] [
  "servicedesk-data@rijkswaterstaat.nl",
  "servicedesk-data@rijkswaterstaat.nl",
  "",
  "servicedesk-data@rijkswaterstaat.nl",
  "servicedesk-data@rijkswaterstaat.nl"
]

15:22:34.224 [ForkJoinPool-1-worker-13] INFO  com.intuit.karate - [print] organisation: [
  "Rijkswaterstaat",
  "Rijkswaterstaat",
  "",
  "Rijkswaterstaat",
  "Rijkswaterstaat"
]

15:22:34.229 [ForkJoinPool-1-worker-13] INFO  com.intuit.karate - [print] [
  "https://www.nationaalgeoregister.nl/geonetwork/srv/dut/catalog.search#/metadata/tbjk534p-wubf-crbp-cj25-d4161160gfim",
  "http://rdfdata.eionet.europa.eu/inspirethemes/themes/28",
  "http://inspire.ec.europa.eu/metadata-codelist/PriorityDataset#",
  "https://ngr.geocat.live/geonetwork/srv/eng/thesaurus.download?ref=external.theme.httpinspireeceuropaeumetadatacodelistPrioritydataset-Prioritydataset"
]

15:22:34.238 [ForkJoinPool-1-worker-9] INFO  com.intuit.karate - [print] title:Vogelrichtlijn verspreiding van soorten
15:22:34.238 [ForkJoinPool-1-worker-9] INFO  com.intuit.karate - [print] Vogelrichtlijn verspreiding van soorten
15:22:34.240 [ForkJoinPool-1-worker-9] INFO  com.intuit.karate - [print] [
  "geodatabeheer.giscc@rvo.nl",
  "GeoDesk.CGI@wur.nl",
  "geodatabeheer.giscc@rvo.nl",
  "beheerPDOK@kadaster.nl",
  ""
]

15:22:34.241 [ForkJoinPool-1-worker-9] INFO  com.intuit.karate - [print] organisation: [
  "Ministerie van Economische Zaken - GIS Competence Center",
  "Wageningen Environmental Research (Alterra)",
  "PDOK",
  "Sovon Vogelonderzoek Nederland"
]

15:22:34.245 [ForkJoinPool-1-worker-9] INFO  com.intuit.karate - [print] [
  "https://www.nationaalgeoregister.nl/geonetwork/srv/dut/catalog.search#/metadata/fcefa13c-44e2-4953-b6d6-1ddceebc57fc"
]

15:22:34.275 [ForkJoinPool-1-worker-3] INFO  com.intuit.karate - [print] title:Bathymetrie Nederlands deel van de Noordzee dieper dan 10 m LAT
15:22:34.276 [ForkJoinPool-1-worker-3] INFO  com.intuit.karate - [print] Bathymetrie Nederlands deel van de Noordzee dieper dan 10 m LAT
15:22:34.277 [ForkJoinPool-1-worker-3] INFO  com.intuit.karate - [print] [
  "data@hydro.nl",
  "data@hydro.nl",
  "data@hydro.nl",
  "",
  ""
]

15:22:34.278 [ForkJoinPool-1-worker-3] INFO  com.intuit.karate - [print] organisation: [
  "Ministerie van Defensie, Koninklijke Marine, Dienst der Hydrografie",
  "Ministerie van Defensie, Koninklijke Marine, Dienst der Hydrografie"
]

15:22:34.280 [ForkJoinPool-1-worker-3] INFO  com.intuit.karate - [print] [
  "https://ngr.acceptatie.nationaalgeoregister.nl/geonetwork/srv/resources9d973c4a-ef03-4785-b7f6-942e86b385f7",
  "www.hydro.nl",
  "https://www.nationaalgeoregister.nl/geonetwork/srv/eng/thesaurus.download?ref=external.theme.inspire-theme"
]

15:22:34.400 [ForkJoinPool-1-worker-5] INFO  com.intuit.karate - [print] title:Blokindeling Nederlands Continentaal Plat
15:22:34.400 [ForkJoinPool-1-worker-5] INFO  com.intuit.karate - [print] Blokindeling Nederlands Continentaal Plat
15:22:34.401 [ForkJoinPool-1-worker-5] INFO  com.intuit.karate - [print] [
  "data@hydro.nl",
  "data@hydro.nl",
  "data@hydro.nl"
]

15:22:34.402 [ForkJoinPool-1-worker-5] INFO  com.intuit.karate - [print] organisation: [
  "Ministerie van Defensie, Koninklijke Marine, Dienst der Hydrografie",
  "Ministerie van Defensie, Koninklijke Marine, Dienst der Hydrografie",
  "Ministerie van Defensie, Koninklijke Marine, Dienst der Hydrografie"
]

15:22:34.406 [ForkJoinPool-1-worker-5] INFO  com.intuit.karate - [print] [
  "http://www.opengis.net/def/crs/EPSG/0/https://www.opengis.net/def/crs/EPSG/0/4258",
  "https://www.nationaalgeoregister.nl/geonetwork/srv/api/recordsc2225e5d-b46f-4e38-8445-ab10fd40c0dc"
]

15:22:34.477 [ForkJoinPool-1-worker-7] INFO  com.intuit.karate - [print] title:Vaarwegmarkeringen Nederland
15:22:34.477 [ForkJoinPool-1-worker-7] INFO  com.intuit.karate - [print] Vaarwegmarkeringen Nederland
15:22:34.479 [ForkJoinPool-1-worker-7] INFO  com.intuit.karate - [print] [
  "servicedesk-data@rijkswaterstaat.nl",
  "servicedesk-data@rijkswaterstaat.nl",
  "",
  "servicedesk-data@rijkswaterstaat.nl",
  "servicedesk-data@rijkswaterstaat.nl"
]

15:22:34.480 [ForkJoinPool-1-worker-7] INFO  com.intuit.karate - [print] organisation: [
  "Rijkswaterstaat",
  "Rijkswaterstaat",
  "",
  "Rijkswaterstaat",
  "Rijkswaterstaat"
]

15:22:34.484 [ForkJoinPool-1-worker-7] INFO  com.intuit.karate - [print] [
  "https://www.nationaalgeoregister.nl/geonetwork/srv/dut/catalog.search#/metadata/be1b1514-8d1f-48e1-9624-fee9b784138b",
  "http://rdfdata.eionet.europa.eu/inspirethemes/themes/7",
  "urn:ogc:def:crs:EPSG::5709"
]

15:22:34.917 [pool-1-thread-6] INFO  com.intuit.karate.Runner - <<fail>> feature 9 of 9: classpath:InspireTest/ngr/datasetrecords/check-known-dataset-record.feature
---------------------------------------------------------
feature: classpath:InspireTest/ngr/datasetrecords/check-known-dataset-record.feature
report: target/surefire-reports/InspireTest.ngr.datasetrecords.check-known-dataset-record.json
scenarios: 196 | passed: 20 | failed: 176 | time: 511.5286
---------------------------------------------------------
15:22:34.951 [ForkJoinPool-1-worker-11] INFO  com.intuit.karate - [print] title:Geluidkaart hoofdspoornet 2011 (Lnight)
15:22:34.952 [ForkJoinPool-1-worker-11] INFO  com.intuit.karate - [print] Geluidkaart hoofdspoornet 2011 (Lnight)
15:22:34.953 [ForkJoinPool-1-worker-11] INFO  com.intuit.karate - [print] [
  "sylvia.koolmees@minienw.nl",
  "sylvia.koolmees@minienw.nl"
]

15:22:34.954 [ForkJoinPool-1-worker-11] INFO  com.intuit.karate - [print] organisation: [
  "Ministerie van IenW",
  "Ministerie van IenW"
]

15:22:34.958 [ForkJoinPool-1-worker-11] INFO  com.intuit.karate - [print] [
  "https://www.nationaalgeoregister.nl/geonetwork/srv/api/records3e57ce43-7707-43ed-a4b9-72b3a6d812f8"
]

15:22:35.043 [ForkJoinPool-1-worker-13] INFO  com.intuit.karate - [print] title:Begrenzingen van vergunde ontgrondingsgebieden voor zand- en grindwinning
15:22:35.044 [ForkJoinPool-1-worker-13] INFO  com.intuit.karate - [print] Begrenzingen van vergunde ontgrondingsgebieden voor zand- en grindwinning
15:22:35.045 [ForkJoinPool-1-worker-13] INFO  com.intuit.karate - [print] [
  "inspire@gbo-provincies.nl",
  "inspire@gbo-provincies.nl",
  "inspire@gbo-provincies.nl"
]

15:22:35.046 [ForkJoinPool-1-worker-13] INFO  com.intuit.karate - [print] organisation: [
  "Interprovinciaal Overleg",
  "Interprovinciaal Overleg",
  "Interprovinciaal Overleg"
]

15:22:35.050 [ForkJoinPool-1-worker-13] INFO  com.intuit.karate - [print] [
  "http://www.opengis.net/def/crs/EPSG/0/http://www.opengis.net/def/crs/EPSG/0/3034",
  "http://nationaalgeoregister.nl/geonetwork/srv/dut/csw?SERVICE=CSW&version=2.0.2&REQUEST=GetRecordById&elementSetName=full&OutputSchema=http://www.isotc211.org/2005/gmd&ID=58e7dc38-a498-4852-b4ef-908f5baa9056",
  "https://creativecommons.org/publicdomain/mark/*/deed.nl",
  ""
]

15:22:35.166 [ForkJoinPool-1-worker-9] INFO  com.intuit.karate - [print] title:Mosselzaadinvanginstallaties
15:22:35.167 [ForkJoinPool-1-worker-9] INFO  com.intuit.karate - [print] Mosselzaadinvanginstallaties
15:22:35.168 [ForkJoinPool-1-worker-9] INFO  com.intuit.karate - [print] [
  "geodatabeheer.giscc@rvo.nl",
  "VR@minez.nl",
  "geodatabeheer.giscc@rvo.nl",
  "beheer@pdok.nl"
]

15:22:35.169 [ForkJoinPool-1-worker-9] INFO  com.intuit.karate - [print] organisation: no organisationName found in dataset record
15:22:35.174 [ForkJoinPool-1-worker-9] INFO  com.intuit.karate - [print] [
  "http://www.nationaalgeoregister.nl/geonetwork/srv/dut/catalog.search#/metadata/a04afee4-47d5-45b7-b7a0-a6f86106af11",
  "https://data.overheid.nl/organisatie/PDOK"
]

15:22:35.317 [ForkJoinPool-1-worker-5] INFO  com.intuit.karate - [print] title:Windsnelheden op 100m hoogte (m/s)
15:22:35.318 [ForkJoinPool-1-worker-5] INFO  com.intuit.karate - [print] Windsnelheden op 100m hoogte (m/s)
15:22:35.319 [ForkJoinPool-1-worker-5] INFO  com.intuit.karate - [print] [
  "geodatabeheer.giscc@rvo.nl",
  "geodatabeheer.giscc@rvo.nl",
  ""
]

15:22:35.320 [ForkJoinPool-1-worker-5] INFO  com.intuit.karate - [print] organisation: no organisationName found in dataset record
15:22:35.328 [ForkJoinPool-1-worker-3] INFO  com.intuit.karate - [print] title:Human Health NL NUTS2
15:22:35.331 [ForkJoinPool-1-worker-3] INFO  com.intuit.karate - [print] Human Health NL NUTS2
15:22:35.332 [ForkJoinPool-1-worker-3] INFO  com.intuit.karate - [print] [
  "infoservice@cbs.nl",
  "infoservice@cbs.nl",
  "infoservice@cbs.nl",
  "",
  ""
]

15:22:35.333 [ForkJoinPool-1-worker-3] INFO  com.intuit.karate - [print] organisation: [
  "Statistics Netherlands",
  "Statistics Netherlands",
  "Statistics Netherlandds",
  "Statistics Netherlands"
]

15:22:35.336 [ForkJoinPool-1-worker-3] INFO  com.intuit.karate - [print] [
]

15:22:35.338 [ForkJoinPool-1-worker-5] INFO  com.intuit.karate - [print] [
  "https://nationaalgeoregister.nl/geonetwork/srv/dut/catalog.search#/metadata/d845cef6-0e23-4212-a951-b69763e39ef0"
]

15:22:35.347 [ForkJoinPool-1-worker-7] INFO  com.intuit.karate - [print] title:Luchtfoto 2018 25cm CIR open data
15:22:35.347 [ForkJoinPool-1-worker-7] INFO  com.intuit.karate - [print] Luchtfoto 2018 25cm CIR open data
15:22:35.348 [ForkJoinPool-1-worker-7] INFO  com.intuit.karate - [print] [
  "PPB-GVA@kadaster.nl",
  "info@hetwaterschapshuis.nl",
  "kcc@kadaster.nl",
  "",
  "",
  "",
  "",
  "",
  ""
]

15:22:35.350 [ForkJoinPool-1-worker-7] INFO  com.intuit.karate - [print] organisation: [
  "Kadaster",
  "Het Waterschapshuis",
  "Kadaster",
  "Eurosense",
  "Eurosense",
  "Eurosense",
  "Kadaster",
  "Kadaster"
]

15:22:35.352 [ForkJoinPool-1-worker-7] INFO  com.intuit.karate - [print] [
  "http://kadaster/2482250f-3b00-4439-9f93-f3118229b021",
  "",
  "",
  ""
]

15:22:35.788 [ForkJoinPool-1-worker-13] INFO  com.intuit.karate - [print] title:Vervoersnetwerken - Waterwegen (INSPIRE geharmoniseerd)
15:22:35.788 [ForkJoinPool-1-worker-13] INFO  com.intuit.karate - [print] Vervoersnetwerken - Waterwegen (INSPIRE geharmoniseerd)
15:22:35.789 [ForkJoinPool-1-worker-13] INFO  com.intuit.karate - [print] [
  "PPB-GVA@kadaster.nl",
  "kcc@kadaster.nl"
]

15:22:35.791 [ForkJoinPool-1-worker-13] INFO  com.intuit.karate - [print] organisation: [
  "Kadaster",
  "Kadaster"
]

15:22:35.794 [ForkJoinPool-1-worker-13] INFO  com.intuit.karate - [print] [
  "http://www.opengis.net/def/crs/EPSG/0/http://www.opengis.net/def/crs/EPSG/0/4258",
  "http://kadaster/ff1d6d44-aea1-4ad5-b084-9afea143f1bf"
]

15:22:35.959 [ForkJoinPool-1-worker-11] INFO  com.intuit.karate - [print] title:Grondwater Monitoring Net
15:22:35.959 [ForkJoinPool-1-worker-11] INFO  com.intuit.karate - [print] Grondwater Monitoring Net
15:22:35.961 [ForkJoinPool-1-worker-11] INFO  com.intuit.karate - [print] [
  "info@bro.nl",
  "Info@bro.nl",
  "info@dinoloket.nl"
]

15:22:35.962 [ForkJoinPool-1-worker-11] INFO  com.intuit.karate - [print] organisation: [
  "TNO Geologische Dienst Nederland",
  "TNO Geologische Dienst Nederland",
  "TNO Geologische Dienst Nederland"
]

15:22:35.965 [ForkJoinPool-1-worker-11] INFO  com.intuit.karate - [print] [
  "https://nationaalgeoregister.nl/geonetwork/srv/resourcesff07bd5a-d6eb-11ea-87d0-0242ac130003",
  "https://www.nationaalgeoregister.nl/geonetwork/srv/eng/thesaurus.download?ref=external.theme.inspire-theme"
]

15:22:36.216 [ForkJoinPool-1-worker-5] INFO  com.intuit.karate - [print] title:Kaart van de bodemopbouw in Nederland 1:50.000 onder INSPIRE
15:22:36.216 [ForkJoinPool-1-worker-5] INFO  com.intuit.karate - [print] Kaart van de bodemopbouw in Nederland 1:50.000 onder INSPIRE
15:22:36.217 [ForkJoinPool-1-worker-5] INFO  com.intuit.karate - [print] [
  "info@dinoloket.nl",
  "geodesk.cgi@wur.nl",
  "info@dinoloket.nl"
]

15:22:36.218 [ForkJoinPool-1-worker-5] INFO  com.intuit.karate - [print] organisation: [
  "TNO Geologische Dienst Nederland",
  "Alterra, Wageningen UR",
  "TNO Geologische Dienst Nederland"
]

15:22:36.221 [ForkJoinPool-1-worker-5] INFO  com.intuit.karate - [print] [
  "https://ngr.acceptatie.nationaalgeoregister.nl/geonetwork/srv/resourcesbbe3c19d-12b0-4912-a6f4-46eb189e85ac",
  "http://rdfdata.eionet.europa.eu/inspirethemes/themes/16",
  "http://geonetwork-opensource.org/inspire-theme#",
  "https://www.nationaalgeoregister.nl/geonetwork/srv/eng/thesaurus.download?ref=external.theme.inspire-theme"
]

15:22:36.279 [ForkJoinPool-1-worker-9] INFO  com.intuit.karate - [print] title:Waterstanden en afvoeren verwacht - Rijkswaterstaat
15:22:36.279 [ForkJoinPool-1-worker-9] INFO  com.intuit.karate - [print] Waterstanden en afvoeren verwacht - Rijkswaterstaat
15:22:36.280 [ForkJoinPool-1-worker-9] INFO  com.intuit.karate - [print] [
  "servicedesk-data@rijkswaterstaat.nl",
  "servicedesk-data@rijkswaterstaat.nl",
  "",
  "servicedesk-data@rijkswaterstaat.nl",
  "servicedesk-data@rijkswaterstaat.nl"
]

15:22:36.281 [ForkJoinPool-1-worker-9] INFO  com.intuit.karate - [print] organisation: [
  "Rijkswaterstaat",
  "Rijkswaterstaat",
  "",
  "Rijkswaterstaat",
  "Rijkswaterstaat"
]

15:22:36.284 [ForkJoinPool-1-worker-9] INFO  com.intuit.karate - [print] [
  "https://www.nationaalgeoregister.nl/geonetwork/srv/dut/catalog.search#/metadata/25294679-adb9-4c39-a93b-6954ff9414ac",
  "http://rdfdata.eionet.europa.eu/inspirethemes/themes/20",
  "http://rdfdata.eionet.europa.eu/inspirethemes/themes/28",
  "urn:ogc:def:crs:EPSG::5709"
]

15:22:36.377 [ForkJoinPool-1-worker-7] INFO  com.intuit.karate - [print] title:Zeegebieden
15:22:36.377 [ForkJoinPool-1-worker-7] INFO  com.intuit.karate - [print] Zeegebieden
15:22:36.378 [ForkJoinPool-1-worker-7] INFO  com.intuit.karate - [print] [
  "PPB-GVA@kadaster.nl",
  "kcc@kadaster.nl",
  "kcc@kadaster.nl"
]

15:22:36.380 [ForkJoinPool-1-worker-7] INFO  com.intuit.karate - [print] organisation: [
  "Kadaster",
  "Kadaster",
  "Kadaster"
]

15:22:36.383 [ForkJoinPool-1-worker-7] INFO  com.intuit.karate - [print] [
  "http://kadaster/7c22107ea-5e31-4bbc-8e24-d15fe230062e"
]

15:22:36.528 [ForkJoinPool-1-worker-13] INFO  com.intuit.karate - [print] title:Adressen (INSPIRE geharmoniseerd)
15:22:36.528 [ForkJoinPool-1-worker-13] INFO  com.intuit.karate - [print] Adressen (INSPIRE geharmoniseerd)
15:22:36.529 [ForkJoinPool-1-worker-13] INFO  com.intuit.karate - [print] [
  "PPB-GVA@kadaster.nl",
  "kcc@kadaster.nl"
]

15:22:36.529 [ForkJoinPool-1-worker-13] INFO  com.intuit.karate - [print] organisation: [
  "Kadaster",
  "Kadaster"
]

15:22:36.531 [ForkJoinPool-1-worker-3] INFO  com.intuit.karate - [print] title:Vervoersnetwerken - Wegen (INSPIRE geharmoniseerd) - RWS
15:22:36.531 [ForkJoinPool-1-worker-3] INFO  com.intuit.karate - [print] Vervoersnetwerken - Wegen (INSPIRE geharmoniseerd) - RWS
15:22:36.532 [ForkJoinPool-1-worker-13] INFO  com.intuit.karate - [print] [
  "http://www.opengis.net/def/crs/EPSG/0/http://www.opengis.net/def/crs/EPSG/0/4258",
  "http://kadaster/1d32fc50-cd5b-4425-b0df-16c7c7940e94"
]

15:22:36.533 [ForkJoinPool-1-worker-3] INFO  com.intuit.karate - [print] [
  "servicedesk-data@rijkswaterstaat.nl",
  "beheerPDOK@kadaster.nl",
  "",
  "beheerPDOK@kadaster.nl",
  "servicedesk-data@rijkswaterstaat.nl"
]

15:22:36.535 [ForkJoinPool-1-worker-3] INFO  com.intuit.karate - [print] organisation: [
  "Rijkswaterstaat",
  "Rijkswaterstaat",
  "",
  "Beheer PDOK",
  "Rijkswaterstaat"
]

15:22:36.539 [ForkJoinPool-1-worker-3] INFO  com.intuit.karate - [print] [
  "https://www.nationaalgeoregister.nl/geonetwork/srv/dut/catalog.search#/metadata/eu-cb527d-f6db-4835-b0cd-deb245241254",
  "http://rdfdata.eionet.europa.eu/inspirethemes/themes/7",
  "http://inspire.ec.europa.eu/metadata-codelist/Prioritydataset/SurfaceWaterBodies-dir-2000-60",
  "http://inspire.ec.europa.eu/metadata-codelist/PriorityDataset#",
  "https://ngr.geocat.live/geonetwork/srv/eng/thesaurus.download?ref=external.theme.httpinspireeceuropaeumetadatacodelistPrioritydataset-Prioritydataset"
]

15:22:36.652 [ForkJoinPool-1-worker-11] INFO  com.intuit.karate - [print] title:RDinfo
15:22:36.652 [ForkJoinPool-1-worker-11] INFO  com.intuit.karate - [print] RDinfo
15:22:36.652 [ForkJoinPool-1-worker-11] INFO  com.intuit.karate - [print] [
  "PPB-GVA@kadaster.nl",
  "kcc@kadaster.nl",
  "rd@kadaster.nl"
]

15:22:36.653 [ForkJoinPool-1-worker-11] INFO  com.intuit.karate - [print] organisation: [
  "Kadaster",
  "Dienst van Het Kadaster en Openbare Registers",
  "Dienst voor het Kadaster en de Openbare Registers"
]

15:22:36.656 [ForkJoinPool-1-worker-11] INFO  com.intuit.karate - [print] [
  "http://kadaster/06b6c650-cdb1-11dd-ad8b-0800200c9a81"
]

15:22:36.984 [ForkJoinPool-1-worker-9] INFO  com.intuit.karate - [print] title:Ligging industrie en CO2 emissies
15:22:36.984 [ForkJoinPool-1-worker-9] INFO  com.intuit.karate - [print] Ligging industrie en CO2 emissies
15:22:36.985 [ForkJoinPool-1-worker-9] INFO  com.intuit.karate - [print] [
  "geodatabeheer.giscc@rvo.nl",
  "geodatabeheer.giscc@rvo.nl"
]

15:22:36.985 [ForkJoinPool-1-worker-9] INFO  com.intuit.karate - [print] organisation: Ministerie van Economische Zaken - GIS Competence Center
15:22:36.988 [ForkJoinPool-1-worker-9] INFO  com.intuit.karate - [print] [
  "https://www.nationaalgeoregister.nl/geonetwork/srv/dut/catalog.search#/metadata/d6b85d84-cdb9-4a6e-b799-cf8826e22a94"
]

15:22:37.115 [ForkJoinPool-1-worker-5] INFO  com.intuit.karate - [print] title:Zones en agglomeraties (Richtlijn Luchtkwaliteit) 2013
15:22:37.115 [ForkJoinPool-1-worker-5] INFO  com.intuit.karate - [print] Zones en agglomeraties (Richtlijn Luchtkwaliteit) 2013
15:22:37.115 [ForkJoinPool-1-worker-5] INFO  com.intuit.karate - [print] [
  "geodata@rivm.nl",
  "",
  "geodata@rivm.nl"
]

15:22:37.116 [ForkJoinPool-1-worker-5] INFO  com.intuit.karate - [print] organisation: no organisationName found in dataset record
15:22:37.119 [ForkJoinPool-1-worker-5] INFO  com.intuit.karate - [print] [
  "https://data.rivm.nl/inspire/id#5cb4b489-67c8-44bc-85c5-424a80a53b3b"
]

15:22:37.143 [ForkJoinPool-1-worker-7] INFO  com.intuit.karate - [print] title:Zeegebieden (INSPIRE geharmoniseerd)
15:22:37.143 [ForkJoinPool-1-worker-7] INFO  com.intuit.karate - [print] Zeegebieden (INSPIRE geharmoniseerd)
15:22:37.144 [ForkJoinPool-1-worker-7] INFO  com.intuit.karate - [print] [
  "PPB-GVA@kadaster.nl",
  "kcc@kadaster.nl"
]

15:22:37.144 [ForkJoinPool-1-worker-7] INFO  com.intuit.karate - [print] organisation: [
  "Kadaster",
  "Kadaster"
]

15:22:37.149 [ForkJoinPool-1-worker-7] INFO  com.intuit.karate - [print] [
  "http://www.opengis.net/def/crs/EPSG/0/http://www.opengis.net/def/crs/EPSG/0/4258",
  "http://kadaster/9778afe6-2152-4a8f-ba32-9697625401e3"
]

15:22:37.159 [ForkJoinPool-1-worker-13] INFO  com.intuit.karate - [print] title:Gemeten Zwaveldioxide concentraties in buitenlucht.
15:22:37.159 [ForkJoinPool-1-worker-13] INFO  com.intuit.karate - [print] Gemeten Zwaveldioxide concentraties in buitenlucht.
15:22:37.159 [ForkJoinPool-1-worker-13] INFO  com.intuit.karate - [print] [
  "geodata@rivm.nl",
  "geodata@rivm.nl"
]

15:22:37.160 [ForkJoinPool-1-worker-13] INFO  com.intuit.karate - [print] organisation: no organisationName found in dataset record
15:22:37.162 [ForkJoinPool-1-worker-13] INFO  com.intuit.karate - [print] [
  "https://data.rivm.nl/inspire/id#440c4a06-6924-4f9c-a9e2-6f61340f711b"
]

15:22:37.257 [ForkJoinPool-1-worker-3] INFO  com.intuit.karate - [print] title:Vervoersnetwerken - Gemeenschappelijke elementen (INSPIRE geharmoniseerd)
15:22:37.257 [ForkJoinPool-1-worker-3] INFO  com.intuit.karate - [print] Vervoersnetwerken - Gemeenschappelijke elementen (INSPIRE geharmoniseerd)
15:22:37.258 [ForkJoinPool-1-worker-3] INFO  com.intuit.karate - [print] [
  "PPB-GVA@kadaster.nl",
  "kcc@kadaster.nl"
]

15:22:37.259 [ForkJoinPool-1-worker-3] INFO  com.intuit.karate - [print] organisation: [
  "Kadaster",
  "Kadaster"
]

15:22:37.261 [ForkJoinPool-1-worker-3] INFO  com.intuit.karate - [print] [
  "http://www.opengis.net/def/crs/EPSG/0/http://www.opengis.net/def/crs/EPSG/0/4258",
  "http://kadaster/7cdfa80a-cfbf-4324-978d-f1f141756b66"
]

15:22:37.323 [ForkJoinPool-1-worker-11] INFO  com.intuit.karate - [print] title:Grondwatersamenstellinggegevens KRW meetronde 2012 onder INSPIRE
15:22:37.323 [ForkJoinPool-1-worker-11] INFO  com.intuit.karate - [print] Grondwatersamenstellinggegevens KRW meetronde 2012 onder INSPIRE
15:22:37.324 [ForkJoinPool-1-worker-11] INFO  com.intuit.karate - [print] [
  "info@dinoloket.nl",
  "info@dinoloket.nl",
  "info@dinoloket.nl"
]

15:22:37.324 [ForkJoinPool-1-worker-11] INFO  com.intuit.karate - [print] organisation: [
  "TNO Geologische Dienst Nederland",
  "TNO Geologische Dienst Nederland",
  "TNO Geologische Dienst Nederland"
]

15:22:37.328 [ForkJoinPool-1-worker-11] INFO  com.intuit.karate - [print] [
  "https://nationaalgeoregister.nl/geonetwork/srv/resources7d716522-fa1a-43b4-99c0-3a3480f9e218",
  "https://www.nationaalgeoregister.nl/geonetwork/srv/eng/thesaurus.download?ref=external.theme.inspire-theme"
]

15:22:37.375 [ForkJoinPool-1-worker-9] INFO  com.intuit.karate - [print] title:Bronbestanden waterkwaliteit
15:22:37.375 [ForkJoinPool-1-worker-9] INFO  com.intuit.karate - [print] Bronbestanden waterkwaliteit
15:22:37.376 [ForkJoinPool-1-worker-9] INFO  com.intuit.karate - [print] [
  "servicedesk@ihw.nl",
  "servicedesk@ihw.nl"
]

15:22:37.376 [ForkJoinPool-1-worker-9] INFO  com.intuit.karate - [print] organisation: [
  "Informatiehuis Water",
  "Informatiehuis Water"
]

15:22:37.836 [ForkJoinPool-1-worker-5] INFO  com.intuit.karate - [print] title:Aardbevingen Nederland (KNMI)
15:22:37.836 [ForkJoinPool-1-worker-5] INFO  com.intuit.karate - [print] Aardbevingen Nederland (KNMI)
15:22:37.837 [ForkJoinPool-1-worker-5] INFO  com.intuit.karate - [print] [
  "datacentrum@knmi.nl",
  "datacentrum@knmi.nl",
  "datacentrum@knmi.nl"
]

15:22:37.838 [ForkJoinPool-1-worker-5] INFO  com.intuit.karate - [print] organisation: [
  "Koninklijk Nederlands Meteorologisch Instituut (KNMI)",
  "Koninklijk Nederlands Meteorologisch Instituut (KNMI)",
  "Koninklijk Nederlands Meteorologisch Instituut (KNMI)"
]

15:22:37.841 [ForkJoinPool-1-worker-5] INFO  com.intuit.karate - [print] [
  "https://www.nationaalgeoregister.nl/geonetwork/srv/api/records49807edc-0007-41aa-8809-d381f6713de4",
  "https://creativecommons.org/publicdomain/zero/*/deed.nl"
]

15:22:37.917 [ForkJoinPool-1-worker-13] INFO  com.intuit.karate - [print] title:zoutvelden en zoutproductieputten onder INSPIRE
15:22:37.918 [ForkJoinPool-1-worker-13] INFO  com.intuit.karate - [print] zoutvelden en zoutproductieputten onder INSPIRE
15:22:37.918 [ForkJoinPool-1-worker-13] INFO  com.intuit.karate - [print] [
  "info@dinoloket.nl",
  "info@dinoloket.nl",
  "info@dinoloket.nl"
]

15:22:37.919 [ForkJoinPool-1-worker-13] INFO  com.intuit.karate - [print] organisation: [
  "TNO Geologische Dienst Nederland",
  "TNO Geologische Dienst Nederland",
  "TNO Geologische Dienst Nederland"
]

15:22:37.922 [ForkJoinPool-1-worker-13] INFO  com.intuit.karate - [print] [
  "https://nationaalgeoregister.nl/geonetwork/srv/resourcesce4a6d93-83d6-4397-afa1-d4117d5ce76b",
  "http://rdfdata.eionet.europa.eu/inspirethemes/themes/34",
  "http://geonetwork-opensource.org/inspire-theme#",
  "https://www.nationaalgeoregister.nl/geonetwork/srv/eng/thesaurus.download?ref=external.theme.inspire-theme"
]

15:22:37.945 [ForkJoinPool-1-worker-7] INFO  com.intuit.karate - [print] title:Ziekenhuizen in Nederland (september 2013)
15:22:37.945 [ForkJoinPool-1-worker-7] INFO  com.intuit.karate - [print] Ziekenhuizen in Nederland (september 2013)
15:22:37.946 [ForkJoinPool-1-worker-7] INFO  com.intuit.karate - [print] [
  "atlas@rivm.nl",
  "",
  "geodata@rivm.nl"
]

15:22:37.947 [ForkJoinPool-1-worker-7] INFO  com.intuit.karate - [print] organisation: no organisationName found in dataset record
15:22:37.949 [ForkJoinPool-1-worker-7] INFO  com.intuit.karate - [print] [
  "https://data.rivm.nl/inspire/id#1e3a98db-5d5e-4e61-8b64-1d132ddb439e"
]

15:22:38.115 [ForkJoinPool-1-worker-3] INFO  com.intuit.karate - [print] title:Bodemkundig boormonsterprofiel onder INSPIRE
15:22:38.115 [ForkJoinPool-1-worker-3] INFO  com.intuit.karate - [print] Bodemkundig boormonsterprofiel onder INSPIRE
15:22:38.115 [ForkJoinPool-1-worker-3] INFO  com.intuit.karate - [print] [
  "info@dinoloket.nl",
  "geodesk.cgi@wur.nl",
  "info@dinoloket.nl"
]

15:22:38.116 [ForkJoinPool-1-worker-3] INFO  com.intuit.karate - [print] organisation: [
  "TNO Geologische Dienst Nederland",
  "Alterra, Wageningen UR",
  "TNO Geologische Dienst Nederland"
]

15:22:38.120 [ForkJoinPool-1-worker-3] INFO  com.intuit.karate - [print] [
  "https://nationaalgeoregister.nl/geonetwork/srv/resourcese26eb6c9-c441-43e8-8db6-aabbf11578fd",
  "http://rdfdata.eionet.europa.eu/inspirethemes/themes/16",
  "http://geonetwork-opensource.org/inspire-theme#",
  "https://www.nationaalgeoregister.nl/geonetwork/srv/eng/thesaurus.download?ref=external.theme.inspire-theme"
]

15:22:38.204 [ForkJoinPool-1-worker-11] INFO  com.intuit.karate - [print] title:Invasieve Exoten (INSPIRE Geharmoniseerd)
15:22:38.205 [ForkJoinPool-1-worker-11] INFO  com.intuit.karate - [print] Invasieve Exoten (INSPIRE Geharmoniseerd)
15:22:38.206 [ForkJoinPool-1-worker-11] INFO  com.intuit.karate - [print] [
  "geodatabeheer.giscc@rvo.nl",
  "Geodatabeheer.GISCC@rvo.nl"
]

15:22:38.206 [ForkJoinPool-1-worker-11] INFO  com.intuit.karate - [print] organisation: Ministerie van Landbouw, Natuur en Voedselkwaliteit
15:22:38.209 [ForkJoinPool-1-worker-11] INFO  com.intuit.karate - [print] [
  "https://www.nationaalgeoregister.nl/geonetwork/srv/api/records3703b249-a0eb-484e-ba7a-10e31a55bcec",
  "579"
]

15:22:38.326 [ForkJoinPool-1-worker-9] INFO  com.intuit.karate - [print] title:Statistical Units Vector
15:22:38.326 [ForkJoinPool-1-worker-9] INFO  com.intuit.karate - [print] Statistical Units Vector
15:22:38.327 [ForkJoinPool-1-worker-9] INFO  com.intuit.karate - [print] [
  "infoservice@cbs.nl",
  "infoservice@cbs.nl",
  "infoservice@cbs.nl",
  "",
  ""
]

15:22:38.328 [ForkJoinPool-1-worker-9] INFO  com.intuit.karate - [print] organisation: [
  "Statistics Netherlands",
  "Statistics Netherlands",
  "Statistics Netherlandds",
  "Statistics Netherlands"
]

15:22:38.331 [ForkJoinPool-1-worker-9] INFO  com.intuit.karate - [print] [
  "https://geodata.nationaalgeoregister.nl/cbsgebiedsindelingen/atom/cbsgebiedsindelingen.xml"
]

15:22:38.635 [ForkJoinPool-1-worker-13] INFO  com.intuit.karate - [print] title:Potentieel koude en warmte uit open en gesloten WKO systemen (GJ/ha.jaar)
15:22:38.635 [ForkJoinPool-1-worker-13] INFO  com.intuit.karate - [print] Potentieel koude en warmte uit open en gesloten WKO systemen (GJ/ha.jaar)
15:22:38.636 [ForkJoinPool-1-worker-13] INFO  com.intuit.karate - [print] [
  "geodatabeheer.giscc@rvo.nl",
  "geodatabeheer.giscc@rvo.nl",
  "geodatabeheer.giscc@rvo.nl"
]

15:22:38.637 [ForkJoinPool-1-worker-13] INFO  com.intuit.karate - [print] organisation: [
  "Ministerie van Economische Zaken - GIS Competence Center",
  "Ministerie van Economische Zaken - GIS Competence Center"
]

15:22:38.641 [ForkJoinPool-1-worker-13] INFO  com.intuit.karate - [print] [
  "https://nationaalgeoregister.nl/geonetwork/srv/dut/catalog.search#/metadata/dc5b522e-3e14-4738-9e8e-2401e1b19ef2"
]

15:22:38.748 [ForkJoinPool-1-worker-5] INFO  com.intuit.karate - [print] title:Administratieve Eenheden
15:22:38.749 [ForkJoinPool-1-worker-5] INFO  com.intuit.karate - [print] Administratieve Eenheden
15:22:38.749 [ForkJoinPool-1-worker-5] INFO  com.intuit.karate - [print] [
  "PPB-GVA@kadaster.nl",
  "kcc@kadaster.nl",
  "kcc@kadaster.nl"
]

15:22:38.751 [ForkJoinPool-1-worker-5] INFO  com.intuit.karate - [print] organisation: [
  "Kadaster",
  "Kadaster en Openbare Registers",
  "Kadaster en de Openbare Registers"
]

15:22:38.754 [ForkJoinPool-1-worker-5] INFO  com.intuit.karate - [print] [
  "http://kadaster/06b6c650-cdb1-11dd-ad8b-0800200c9a76"
]

15:22:38.784 [ForkJoinPool-1-worker-7] INFO  com.intuit.karate - [print] title:Statistical Units Grid
15:22:38.784 [ForkJoinPool-1-worker-7] INFO  com.intuit.karate - [print] Statistical Units Grid
15:22:38.785 [ForkJoinPool-1-worker-7] INFO  com.intuit.karate - [print] [
  "infoservice@cbs.nl",
  "infoservice@cbs.nl",
  "infoservice@cbs.nl",
  "",
  ""
]

15:22:38.786 [ForkJoinPool-1-worker-7] INFO  com.intuit.karate - [print] organisation: [
  "Statistics Netherlands",
  "Statistics Netherlands",
  "Statistics Netherlandds",
  "Statistics Netherlands"
]

15:22:38.791 [ForkJoinPool-1-worker-7] INFO  com.intuit.karate - [print] [
  "https://geodata.nationaalgeoregister.nl/inspire/su-grid/wfs",
  ""
]

15:22:38.866 [ForkJoinPool-1-worker-3] INFO  com.intuit.karate - [print] title:Habitatrichtlijn verspreiding van habitattypen
15:22:38.866 [ForkJoinPool-1-worker-3] INFO  com.intuit.karate - [print] Habitatrichtlijn verspreiding van habitattypen
15:22:38.867 [ForkJoinPool-1-worker-3] INFO  com.intuit.karate - [print] [
  "geodatabeheer.giscc@rvo.nl",
  "GeoDesk.CGI@wur.nl",
  "geodatabeheer.giscc@rvo.nl",
  "beheerPDOK@kadaster.nl",
  ""
]

15:22:38.869 [ForkJoinPool-1-worker-3] INFO  com.intuit.karate - [print] organisation: [
  "Ministerie van Economische Zaken - GIS Competence Center",
  "Wageningen Environmental Research (Alterra)",
  "PDOK",
  "Alterra"
]

15:22:38.872 [ForkJoinPool-1-worker-3] INFO  com.intuit.karate - [print] [
  "https://www.nationaalgeoregister.nl/geonetwork/srv/dut/catalog.search#/metadata/977e0e94-7aa9-4784-b2da-eaec44adb61b"
]

15:22:39.088 [ForkJoinPool-1-worker-11] INFO  com.intuit.karate - [print] title:Geluidkaart Schiphol 2016 (Lnight)
15:22:39.088 [ForkJoinPool-1-worker-11] INFO  com.intuit.karate - [print] Geluidkaart Schiphol 2016 (Lnight)
15:22:39.089 [ForkJoinPool-1-worker-11] INFO  com.intuit.karate - [print] [
  "sylvia.koolmees@minienw.nl",
  "sylvia.koolmees@minienw.nl"
]

15:22:39.089 [ForkJoinPool-1-worker-11] INFO  com.intuit.karate - [print] organisation: [
  "Ministerie van IenW",
  "Ministerie van IenW"
]

15:22:39.092 [ForkJoinPool-1-worker-11] INFO  com.intuit.karate - [print] [
  "https://www.nationaalgeoregister.nl/geonetwork/srv/api/records58d39928-f502-48c9-a8c1-03244dc181bf"
]

15:22:39.097 [ForkJoinPool-1-worker-9] INFO  com.intuit.karate - [print] title:Vervoersnetwerken - Spoorwegen (INSPIRE geharmoniseerd)
15:22:39.097 [ForkJoinPool-1-worker-9] INFO  com.intuit.karate - [print] Vervoersnetwerken - Spoorwegen (INSPIRE geharmoniseerd)
15:22:39.098 [ForkJoinPool-1-worker-9] INFO  com.intuit.karate - [print] [
  "PPB-GVA@kadaster.nl",
  "kcc@kadaster.nl"
]

15:22:39.098 [ForkJoinPool-1-worker-9] INFO  com.intuit.karate - [print] organisation: [
  "Kadaster",
  "Kadaster"
]

15:22:39.106 [ForkJoinPool-1-worker-9] INFO  com.intuit.karate - [print] [
  "http://www.opengis.net/def/crs/EPSG/0/http://www.opengis.net/def/crs/EPSG/0/4258",
  "http://kadaster/cb4edbd2-2dca-4d44-92bb-b2202048b526"
]

15:22:39.467 [ForkJoinPool-1-worker-13] INFO  com.intuit.karate - [print] title:Jaarcijfers Landelijk Meetnet Luchtkwaliteit 2012
15:22:39.467 [ForkJoinPool-1-worker-13] INFO  com.intuit.karate - [print] Jaarcijfers Landelijk Meetnet Luchtkwaliteit 2012
15:22:39.468 [ForkJoinPool-1-worker-13] INFO  com.intuit.karate - [print] [
  "geodata@rivm.nl",
  "",
  "geodata@rivm.nl"
]

15:22:39.469 [ForkJoinPool-1-worker-13] INFO  com.intuit.karate - [print] organisation: no organisationName found in dataset record
15:22:39.472 [ForkJoinPool-1-worker-13] INFO  com.intuit.karate - [print] [
  "https://data.rivm.nl/inspire/id#b5ccab29-e2cc-4178-9f81-40c50e909754"
]

15:22:39.508 [ForkJoinPool-1-worker-7] INFO  com.intuit.karate - [print] title:-Gegevens boormonsterprofiel onder PDOK
15:22:39.508 [ForkJoinPool-1-worker-7] INFO  com.intuit.karate - [print] -Gegevens boormonsterprofiel onder PDOK
15:22:39.509 [ForkJoinPool-1-worker-7] INFO  com.intuit.karate - [print] [
  "info@dinoloket",
  "info@dinoloket.nl"
]

15:22:39.510 [ForkJoinPool-1-worker-7] INFO  com.intuit.karate - [print] organisation: [
  "TNO Geologische Dienst Nederland",
  "TNO Geologische Dienst Nederland"
]

15:22:39.512 [ForkJoinPool-1-worker-7] INFO  com.intuit.karate - [print] [
  "https://ngr.acceptatie.nationaalgeoregister.nl/geonetwork/srv/resourcesc7662717-9e43-4367-a344-723d73abbb3e"
]

15:22:39.545 [ForkJoinPool-1-worker-5] INFO  com.intuit.karate - [print] title:Luchtfoto 2017 25cm CIR open data
15:22:39.545 [ForkJoinPool-1-worker-5] INFO  com.intuit.karate - [print] Luchtfoto 2017 25cm CIR open data
15:22:39.547 [ForkJoinPool-1-worker-5] INFO  com.intuit.karate - [print] [
  "PPB-GVA@kadaster.nl",
  "info@hetwaterschapshuis.nl",
  "kcc@kadaster.nl",
  "",
  "",
  "",
  "",
  "",
  ""
]

15:22:39.548 [ForkJoinPool-1-worker-5] INFO  com.intuit.karate - [print] organisation: [
  "Kadaster",
  "Het Waterschapshuis",
  "Kadaster",
  "Eurosense",
  "Eurosense",
  "Eurosense",
  "Kadaster",
  "Kadaster"
]

15:22:39.552 [ForkJoinPool-1-worker-5] INFO  com.intuit.karate - [print] [
  "http://kadaster/2482250f-3b00-4439-9f93-f3118229b018",
  "",
  "",
  ""
]

15:22:39.684 [ForkJoinPool-1-worker-3] INFO  com.intuit.karate - [print] title:Administratieve Eenheden (INSPIRE geharmoniseerd)
15:22:39.684 [ForkJoinPool-1-worker-3] INFO  com.intuit.karate - [print] Administratieve Eenheden (INSPIRE geharmoniseerd)
15:22:39.686 [ForkJoinPool-1-worker-3] INFO  com.intuit.karate - [print] [
  "PPB-GVA@kadaster.nl",
  "kcc@kadaster.nl"
]

15:22:39.687 [ForkJoinPool-1-worker-3] INFO  com.intuit.karate - [print] organisation: [
  "Kadaster",
  "Kadaster"
]

15:22:39.689 [ForkJoinPool-1-worker-3] INFO  com.intuit.karate - [print] [
  "http://www.opengis.net/def/crs/EPSG/0/http://www.opengis.net/def/crs/EPSG/0/4258",
  "http://kadaster/29f0fa66-3928-4e95-ae30-5b1eab818ac1"
]

15:22:39.859 [ForkJoinPool-1-worker-11] INFO  com.intuit.karate - [print] title:Afgevoerde hoeveelheid afval in 2015 vanuit de industrie
15:22:39.859 [ForkJoinPool-1-worker-11] INFO  com.intuit.karate - [print] Afgevoerde hoeveelheid afval in 2015 vanuit de industrie
15:22:39.860 [ForkJoinPool-1-worker-11] INFO  com.intuit.karate - [print] [
  "emissieregistratie@rivm.nl",
  "",
  "emissieregistratie@rivm.nl"
]

15:22:39.860 [ForkJoinPool-1-worker-11] INFO  com.intuit.karate - [print] organisation: no organisationName found in dataset record
15:22:39.864 [ForkJoinPool-1-worker-11] INFO  com.intuit.karate - [print] [
  "https://data.rivm.nl/inspire/id#1de92b14-bc21-4f33-b0de-abd325e61804"
]

15:22:39.882 [ForkJoinPool-1-worker-9] INFO  com.intuit.karate - [print] title:Nederlands deel PSSA Waddenzee
15:22:39.882 [ForkJoinPool-1-worker-9] INFO  com.intuit.karate - [print] Nederlands deel PSSA Waddenzee
15:22:39.885 [ForkJoinPool-1-worker-9] INFO  com.intuit.karate - [print] [
  "data@hydro.nl",
  "data@hydro.nl",
  "data@hydro.nl",
  "",
  ""
]

15:22:39.885 [ForkJoinPool-1-worker-13] INFO  com.intuit.karate - [print] title:Kadastrale kaart v4
15:22:39.886 [ForkJoinPool-1-worker-13] INFO  com.intuit.karate - [print] Kadastrale kaart v4
15:22:39.886 [ForkJoinPool-1-worker-9] INFO  com.intuit.karate - [print] organisation: [
  "Ministerie van Defensie, Koninklijke Marine, Dienst der Hydrografie",
  "Ministerie van Defensie, Koninklijke Marine, Dienst der Hydrografie",
  "Ministerie van Defensie, Koninklijke Marine, Dienst der Hydrografie"
]

15:22:39.887 [ForkJoinPool-1-worker-13] INFO  com.intuit.karate - [print] [
  "PPB-GVA@kadaster.nl",
  "kcc@kadaster.nl",
  "kcc@kadaster.nl",
  "",
  ""
]

15:22:39.888 [ForkJoinPool-1-worker-9] INFO  com.intuit.karate - [print] [
  "http://www.opengis.net/def/crs/EPSG/0/https://www.opengis.net/def/crs/EPSG/0/4258",
  "https://www.nationaalgeoregister.nl/geonetwork/srv/api/recordsf1d27179-36eb-4376-8048-f51d2eb23a09"
]

15:22:39.890 [ForkJoinPool-1-worker-13] INFO  com.intuit.karate - [print] organisation: [
  "Kadaster",
  "Kadaster en Openbare Registers",
  "Dienst voor het Kadaster en de Openbare Registers"
]

15:22:39.893 [ForkJoinPool-1-worker-13] INFO  com.intuit.karate - [print] [
  "h",
  "t",
  "t",
  "p",
  "s",
  ":",
  "/",
  "/",
  "w",
  "w",
  "w",
  ".",
  "n",
  "a",
  "t",
  "i",
  "o",
  "n",
  "a",
  "a",
  "l",
  "g",
  "e",
  "o",
  "r",
  "e",
  "g",
  "i",
  "s",
  "t",
  "e",
  "r",
  ".",
  "n",
  "l",
  ":",
  "4",
  "4",
  "3",
  "/",
  "g",
  "e",
  "o",
  "n",
  "e",
  "t",
  "w",
  "o",
  "r",
  "k",
  "/",
  "s",
  "r",
  "v",
  "/",
  "e",
  "n",
  "g",
  "/",
  "t",
  "h",
  "e",
  "s",
  "a",
  "u",
  "r",
  "u",
  "s",
  ".",
  "d",
  "o",
  "w",
  "n",
  "l",
  "o",
  "a",
  "d",
  "?",
  "r",
  "e",
  "f",
  "=",
  "e",
  "x",
  "t",
  "e",
  "r",
  "n",
  "a",
  "l",
  ".",
  "t",
  "h",
  "e",
  "m",
  "e",
  ".",
  "h",
  "t",
  "t",
  "p",
  "i",
  "n",
  "s",
  "p",
  "i",
  "r",
  "e",
  "e",
  "c",
  "e",
  "u",
  "r",
  "o",
  "p",
  "a",
  "e",
  "u",
  "t",
  "h",
  "e",
  "m",
  "e",
  "-",
  "t",
  "h",
  "e",
  "m",
  "e"
]

15:22:40.296 [ForkJoinPool-1-worker-7] INFO  com.intuit.karate - [print] title:Productie/industrie-inrichtingen (o.b.v. SBI-codes) uit {Risico Register Gevaarlijke stoffen (RRGS)}
15:22:40.296 [ForkJoinPool-1-worker-7] INFO  com.intuit.karate - [print] Productie/industrie-inrichtingen (o.b.v. SBI-codes) uit {Risico Register Gevaarlijke stoffen (RRGS)}
15:22:40.297 [ForkJoinPool-1-worker-7] INFO  com.intuit.karate - [print] [
  "inspire@gbo-provincies.nl",
  "inspire@gbo-provincies.nl",
  "inspire@gbo-provincies.nl"
]

15:22:40.298 [ForkJoinPool-1-worker-7] INFO  com.intuit.karate - [print] organisation: [
  "Interprovinciaal Overleg",
  "Interprovinciaal Overleg",
  "Interprovinciaal Overleg"
]

15:22:40.301 [ForkJoinPool-1-worker-7] INFO  com.intuit.karate - [print] [
  "http://www.opengis.net/def/crs/EPSG/0/http://www.opengis.net/def/crs/EPSG/0/3034",
  "http://nationaalgeoregister.nl/geonetwork/srv/dut/csw?SERVICE=CSW&version=2.0.2&REQUEST=GetRecordById&elementSetName=full&OutputSchema=http://www.isotc211.org/2005/gmd&ID=b6ee58a1-b097-4c6d-8600-eb81efc1468c",
  "https://creativecommons.org/publicdomain/mark/*/deed.nl",
  ""
]

15:22:40.419 [ForkJoinPool-1-worker-5] INFO  com.intuit.karate - [print] title:Monitoring stations (Nitraatrichtlijn) diepe filters
15:22:40.420 [ForkJoinPool-1-worker-5] INFO  com.intuit.karate - [print] Monitoring stations (Nitraatrichtlijn) diepe filters
15:22:40.420 [ForkJoinPool-1-worker-5] INFO  com.intuit.karate - [print] [
  "geodata@rivm.nl",
  "",
  "geodata@rivm.nl"
]

15:22:40.421 [ForkJoinPool-1-worker-5] INFO  com.intuit.karate - [print] organisation: no organisationName found in dataset record
15:22:40.424 [ForkJoinPool-1-worker-5] INFO  com.intuit.karate - [print] [
  "https://data.rivm.nl/inspire/id#36a7e8cb-8300-4602-93d2-135943365a6f"
]

15:22:40.642 [ForkJoinPool-1-worker-3] INFO  com.intuit.karate - [print] title:Gecontroleerde klimatologische daggegevens KNMI Nederland
15:22:40.643 [ForkJoinPool-1-worker-3] INFO  com.intuit.karate - [print] Gecontroleerde klimatologische daggegevens KNMI Nederland
15:22:40.643 [ForkJoinPool-1-worker-3] INFO  com.intuit.karate - [print] [
  "datacentrum@knmi.nl",
  "datacentrum@knmi.nl",
  "datacentrum@knmi.nl"
]

15:22:40.644 [ForkJoinPool-1-worker-3] INFO  com.intuit.karate - [print] organisation: [
  "Koninklijk Nederlands Meteorologisch Instituut (KNMI)",
  "Koninklijk Nederlands Meteorologisch Instituut (KNMI)",
  "Koninklijk Nederlands Meteorologisch Instituut (KNMI)"
]

15:22:40.648 [ForkJoinPool-1-worker-3] INFO  com.intuit.karate - [print] [
  "https://www.nationaalgeoregister.nl/geonetwork/srv/api/records6e4a2001-fef7-471c-8286-4f859bc1131e",
  "https://creativecommons.org/publicdomain/zero/*/deed.nl"
]

15:22:40.706 [ForkJoinPool-1-worker-9] INFO  com.intuit.karate - [print] title:LCP emissies (Richtlijn Industriële emissies) 2016
15:22:40.706 [ForkJoinPool-1-worker-9] INFO  com.intuit.karate - [print] LCP emissies (Richtlijn Industriële emissies) 2016
15:22:40.707 [ForkJoinPool-1-worker-9] INFO  com.intuit.karate - [print] [
  "emissieregistratie@rivm.nl",
  "",
  "emissieregistratie@rivm.nl"
]

15:22:40.708 [ForkJoinPool-1-worker-9] INFO  com.intuit.karate - [print] organisation: no organisationName found in dataset record
15:22:40.711 [ForkJoinPool-1-worker-9] INFO  com.intuit.karate - [print] [
  "https://data.rivm.nl/inspire/id#6941b1f2-7ee6-4a1d-9cba-9071e3ca6cb3"
]

15:22:40.809 [ForkJoinPool-1-worker-11] INFO  com.intuit.karate - [print] title:Nationaal Beschermde Gebieden (CDDA) (INSPIRE geharmoniseerd)
15:22:40.809 [ForkJoinPool-1-worker-11] INFO  com.intuit.karate - [print] Nationaal Beschermde Gebieden (CDDA) (INSPIRE geharmoniseerd)
15:22:40.810 [ForkJoinPool-1-worker-11] INFO  com.intuit.karate - [print] [
  "geodatabeheer.giscc@rvo.nl",
  "geodatabeheer.giscc@rvo.nl",
  "geodatabeheer.giscc@rvo.nl"
]

15:22:40.810 [ForkJoinPool-1-worker-13] INFO  com.intuit.karate - [print] title:Bathymetrie Nederland - kust
15:22:40.811 [ForkJoinPool-1-worker-13] INFO  com.intuit.karate - [print] Bathymetrie Nederland - kust
15:22:40.812 [ForkJoinPool-1-worker-13] INFO  com.intuit.karate - [print] [
  "servicedesk-data@rijkswaterstaat.nl",
  "servicedesk-data@rijkswaterstaat.nl",
  "",
  "servicedesk-data@rijkswaterstaat.nl",
  "servicedesk-data@rijkswaterstaat.nl"
]

15:22:40.813 [ForkJoinPool-1-worker-13] INFO  com.intuit.karate - [print] organisation: [
  "Rijkswaterstaat",
  "Rijkswaterstaat",
  "",
  "Rijkswaterstaat",
  "Rijkswaterstaat"
]

15:22:40.813 [ForkJoinPool-1-worker-11] INFO  com.intuit.karate - [print] organisation: [
  "Ministerie van Economische Zaken - GIS Competence Center",
  "Ministerie van Landbouw, Natuur en Voedselkwaliteit",
  "Ministerie van Economische Zaken - GIS Competence Center"
]

15:22:40.817 [ForkJoinPool-1-worker-11] INFO  com.intuit.karate - [print] [
  "http://www.opengis.net/def/crs/EPSG/0/http://www.opengis.net/def/crs/EPSG/0/4258",
  "https://www.nationaalgeoregister.nl/geonetwork/srv/dut/catalog.search#/metadata/3387ef8a-9237-453a-aa4e-585d1e193550",
  "https://creativecommons.org/publicdomain/mark/*/deed.nl"
]

15:22:40.823 [ForkJoinPool-1-worker-13] INFO  com.intuit.karate - [print] [
  "https://www.nationaalgeoregister.nl/geonetwork/srv/dut/catalog.search#/metadata/adn73c4a-ef03-4785-b7f6-942e86b385f5",
  "http://rdfdata.eionet.europa.eu/inspirethemes/themes/10",
  "urn:ogc:def:crs:EPSG::5709"
]

15:22:41.275 [ForkJoinPool-1-worker-5] INFO  com.intuit.karate - [print] title:Landelijk grondwaterregister - Faciliteiten voor productie en industrie
15:22:41.275 [ForkJoinPool-1-worker-5] INFO  com.intuit.karate - [print] Landelijk grondwaterregister - Faciliteiten voor productie en industrie
15:22:41.276 [ForkJoinPool-1-worker-5] INFO  com.intuit.karate - [print] [
  "inspire@gbo-provincies.nl",
  "inspire@gbo-provincies.nl",
  "inspire@gbo-provincies.nl",
  "",
  ""
]

15:22:41.277 [ForkJoinPool-1-worker-5] INFO  com.intuit.karate - [print] organisation: [
  "Interprovinciaal Overleg",
  "Interprovinciaal Overleg",
  "Interprovinciaal Overleg",
  "Interprovinciaal Overleg",
  "Interprovinciaal Overleg"
]

15:22:41.280 [ForkJoinPool-1-worker-5] INFO  com.intuit.karate - [print] [
  ""
]

15:22:41.377 [ForkJoinPool-1-worker-7] INFO  com.intuit.karate - [print] title:Emissies naar lucht en water in 2011 vanuit de industrie
15:22:41.377 [ForkJoinPool-1-worker-7] INFO  com.intuit.karate - [print] Emissies naar lucht en water in 2011 vanuit de industrie
15:22:41.377 [ForkJoinPool-1-worker-7] INFO  com.intuit.karate - [print] [
  "emissieregistratie@rivm.nl",
  "",
  "emissieregistratie@rivm.nl"
]

15:22:41.378 [ForkJoinPool-1-worker-7] INFO  com.intuit.karate - [print] organisation: no organisationName found in dataset record
15:22:41.381 [ForkJoinPool-1-worker-7] INFO  com.intuit.karate - [print] [
  "https://data.rivm.nl/inspire/id#6e6bf543-e1e3-468d-afae-e88618ad9a65"
]

15:22:41.602 [ForkJoinPool-1-worker-3] INFO  com.intuit.karate - [print] title:BRO Digital Geological Model (DGM)
15:22:41.602 [ForkJoinPool-1-worker-3] INFO  com.intuit.karate - [print] BRO Digital Geological Model (DGM)
15:22:41.602 [ForkJoinPool-1-worker-3] INFO  com.intuit.karate - [print] [
  "info@bro.nl",
  "info@bro.nl",
  "info@dinoloket.nl"
]

15:22:41.603 [ForkJoinPool-1-worker-3] INFO  com.intuit.karate - [print] organisation: [
  "TNO Geologische Dienst Nederland",
  "TNO Geologische Dienst Nederland",
  "TNO Geologische Dienst Nederland"
]

15:22:41.605 [ForkJoinPool-1-worker-3] INFO  com.intuit.karate - [print] [
  "https://ngr.acceptatie.nationaalgeoregister.nl/geonetwork/srv/resourcesc7a15080-2724-11e2-81c1-0800200c9a66",
  "http://rdfdata.eionet.europa.eu/inspirethemes/themes/13",
  "http://rdfdata.eionet.europa.eu/inspirethemes/themes/#",
  "https://www.nationaalgeoregister.nl/geonetwork/srv/eng/thesaurus.download?ref=external.theme.inspire-theme"
]

15:22:41.791 [ForkJoinPool-1-worker-9] INFO  com.intuit.karate - [print] title:BRO REGIS II Hydrogeologisch model (HGM)
15:22:41.792 [ForkJoinPool-1-worker-9] INFO  com.intuit.karate - [print] BRO REGIS II Hydrogeologisch model (HGM)
15:22:41.792 [ForkJoinPool-1-worker-9] INFO  com.intuit.karate - [print] [
  "info@bro.nl",
  "info@bro.nl",
  "info@dinoloket.nl"
]

15:22:41.793 [ForkJoinPool-1-worker-9] INFO  com.intuit.karate - [print] organisation: [
  "TNO Geologische Dienst Nederland",
  "TNO Geologische Dienst Nederland",
  "TNO Geologische Dienst Nederland"
]

15:22:41.798 [ForkJoinPool-1-worker-9] INFO  com.intuit.karate - [print] [
  "http://www.opengis.net/def/crs/EPSG/0/NAP",
  "https://ngr.acceptatie.nationaalgeoregister.nl/geonetwork/srv/resourcesd72ddff0-2724-11e2-81c1-0800200c9a66"
]

15:22:41.836 [ForkJoinPool-1-worker-11] INFO  com.intuit.karate - [print] title:CBS Provincies 2012
15:22:41.836 [ForkJoinPool-1-worker-11] INFO  com.intuit.karate - [print] CBS Provincies 2012
15:22:41.837 [ForkJoinPool-1-worker-11] INFO  com.intuit.karate - [print] [
  "infoservice@cbs.nl",
  "infoservice@cbs.nl",
  "infoservice@cbs.nl",
  "",
  ""
]

15:22:41.838 [ForkJoinPool-1-worker-11] INFO  com.intuit.karate - [print] organisation: [
  "Centraal Bureau voor de Statistiek",
  "Centraal Bureau voor de Statistiek",
  "Centraal Bureau voor de Statistiek",
  "Kadaster"
]

15:22:41.840 [ForkJoinPool-1-worker-11] INFO  com.intuit.karate - [print] [
  "http://geodata.nationaalgeoregister.nl/cbsprovincies/extract/cbsprovincies.zip",
  ""
]

15:22:41.910 [ForkJoinPool-1-worker-13] INFO  com.intuit.karate - [print] title:Vervoersnetwerken - Waterwegen (INSPIRE geharmoniseerd) - WT
15:22:41.911 [ForkJoinPool-1-worker-13] INFO  com.intuit.karate - [print] Vervoersnetwerken - Waterwegen (INSPIRE geharmoniseerd) - WT
15:22:41.912 [ForkJoinPool-1-worker-13] INFO  com.intuit.karate - [print] [
  "servicedesk-data@rijkswaterstaat.nl",
  "servicedesk-data@rijkswaterstaat.nl",
  "",
  "servicedesk-data@rijkswaterstaat.nl",
  "info@wetransform.to"
]

15:22:41.914 [ForkJoinPool-1-worker-13] INFO  com.intuit.karate - [print] organisation: [
  "Rijkswaterstaat",
  "Rijkswaterstaat",
  "",
  "Rijkswaterstaat",
  "Wetransform"
]

15:22:41.924 [ForkJoinPool-1-worker-13] INFO  com.intuit.karate - [print] [
  "https://www.nationaalgeoregister.nl/geonetwork/srv/dut/catalog.search#/metadata/eu-2c7040b-c448-451b-bf15-f2416ecaadd1",
  "http://rdfdata.eionet.europa.eu/inspirethemes/themes/7",
  "urn:ogc:def:crs:EPSG::5709"
]

15:22:42.016 [ForkJoinPool-1-worker-5] INFO  com.intuit.karate - [print] title:Land Use 2015
15:22:42.017 [ForkJoinPool-1-worker-5] INFO  com.intuit.karate - [print] Land Use 2015
15:22:42.018 [ForkJoinPool-1-worker-5] INFO  com.intuit.karate - [print] [
  "infoservice@cbs.nl",
  "infoservice@cbs.nl",
  "",
  "",
  ""
]

15:22:42.019 [ForkJoinPool-1-worker-5] INFO  com.intuit.karate - [print] organisation: [
  "Statistics Netherlands",
  "Statistics Netherlands",
  "PDOK"
]

15:22:42.022 [ForkJoinPool-1-worker-5] INFO  com.intuit.karate - [print] [
]

15:22:42.192 [ForkJoinPool-1-worker-7] INFO  com.intuit.karate - [print] title:Overstromingsrisicokaarten
15:22:42.192 [ForkJoinPool-1-worker-7] INFO  com.intuit.karate - [print] Overstromingsrisicokaarten
15:22:42.193 [ForkJoinPool-1-worker-7] INFO  com.intuit.karate - [print] [
  "inspire@gbo-provincies.nl",
  "inspire@gbo-provincies.nl",
  "inspire@gbo-provincies.nl"
]

15:22:42.194 [ForkJoinPool-1-worker-7] INFO  com.intuit.karate - [print] organisation: [
  "Interprovinciaal Overleg",
  "Interprovinciaal Overleg",
  "Interprovinciaal Overleg"
]

15:22:42.198 [ForkJoinPool-1-worker-7] INFO  com.intuit.karate - [print] [
  "http://nationaalgeoregister.nl/geonetwork/srv/dut/csw?SERVICE=CSW&version=2.0.2&REQUEST=GetRecordById&elementSetName=full&OutputSchema=http://www.isotc211.org/2005/gmd&ID=2daad588-11ef-47de-9832-6fe2c3b93e6d",
  "https://creativecommons.org/publicdomain/mark/*/deed.nl",
  ""
]

15:22:42.387 [ForkJoinPool-1-worker-3] INFO  com.intuit.karate - [print] title:Nationale Landschappen
15:22:42.387 [ForkJoinPool-1-worker-3] INFO  com.intuit.karate - [print] Nationale Landschappen
15:22:42.387 [ForkJoinPool-1-worker-3] INFO  com.intuit.karate - [print] [
  "inspire@gbo-provincies.nl",
  "inspire@gbo-provincies.nl",
  "inspire@gbo-provincies.nl"
]

15:22:42.388 [ForkJoinPool-1-worker-3] INFO  com.intuit.karate - [print] organisation: [
  "Interprovinciaal Overleg",
  "Interprovinciaal Overleg",
  "Interprovinciaal Overleg"
]

15:22:42.391 [ForkJoinPool-1-worker-3] INFO  com.intuit.karate - [print] [
  "http://www.opengis.net/def/crs/EPSG/0/http://www.opengis.net/def/crs/EPSG/0/3034",
  "http://nationaalgeoregister.nl/geonetwork/srv/dut/csw?SERVICE=CSW&version=2.0.2&REQUEST=GetRecordById&elementSetName=full&OutputSchema=http://www.isotc211.org/2005/gmd&ID=60a2a7c2-d5b3-4ad5-b562-c448695357fb",
  "https://creativecommons.org/publicdomain/mark/*/deed.nl",
  ""
]

15:22:42.429 [ForkJoinPool-1-worker-9] INFO  com.intuit.karate - [print] title:Stiltegebieden
15:22:42.429 [ForkJoinPool-1-worker-9] INFO  com.intuit.karate - [print] Stiltegebieden
15:22:42.430 [ForkJoinPool-1-worker-9] INFO  com.intuit.karate - [print] [
  "inspire@gbo-provincies.nl",
  "inspire@gbo-provincies.nl",
  "inspire@gbo-provincies.nl"
]

15:22:42.433 [ForkJoinPool-1-worker-9] INFO  com.intuit.karate - [print] organisation: [
  "Interprovinciaal Overleg",
  "Interprovinciaal Overleg",
  "Interprovinciaal Overleg"
]

15:22:42.436 [ForkJoinPool-1-worker-9] INFO  com.intuit.karate - [print] [
  "http://www.opengis.net/def/crs/EPSG/0/http://www.opengis.net/def/crs/EPSG/0/3034",
  "http://nationaalgeoregister.nl/geonetwork/srv/dut/csw?SERVICE=CSW&version=2.0.2&REQUEST=GetRecordById&elementSetName=full&OutputSchema=http://www.isotc211.org/2005/gmd&ID=cc408b2d-09a6-4b2b-9aa3-b46bfe2f00a5",
  "https://creativecommons.org/publicdomain/mark/*/deed.nl",
  ""
]

15:22:42.581 [ForkJoinPool-1-worker-11] INFO  com.intuit.karate - [print] title:Provinciale monumenten
15:22:42.581 [ForkJoinPool-1-worker-11] INFO  com.intuit.karate - [print] Provinciale monumenten
15:22:42.582 [ForkJoinPool-1-worker-11] INFO  com.intuit.karate - [print] [
  "inspire@gbo-provincies.nl",
  "inspire@gbo-provincies.nl",
  "inspire@gbo-provincies.nl"
]

15:22:42.583 [ForkJoinPool-1-worker-11] INFO  com.intuit.karate - [print] organisation: [
  "Interprovinciaal Overleg",
  "Interprovinciaal Overleg",
  "Interprovinciaal Overleg"
]

15:22:42.585 [ForkJoinPool-1-worker-11] INFO  com.intuit.karate - [print] [
  "http://www.opengis.net/def/crs/EPSG/0/http://www.opengis.net/def/crs/EPSG/0/3034",
  "http://nationaalgeoregister.nl/geonetwork/srv/dut/csw?SERVICE=CSW&version=2.0.2&REQUEST=GetRecordById&elementSetName=full&OutputSchema=http://www.isotc211.org/2005/gmd&ID=ca94a0cb-7561-4a10-a7d6-b840e56c33ff",
  "https://creativecommons.org/publicdomain/mark/*/deed.nl",
  ""
]

15:22:42.748 [ForkJoinPool-1-worker-13] INFO  com.intuit.karate - [print] title:Wet Ammoniak en Veehouderij gebieden
15:22:42.748 [ForkJoinPool-1-worker-13] INFO  com.intuit.karate - [print] Wet Ammoniak en Veehouderij gebieden
15:22:42.749 [ForkJoinPool-1-worker-13] INFO  com.intuit.karate - [print] [
  "inspire@gbo-provincies.nl",
  "inspire@gbo-provincies.nl",
  "inspire@gbo-provincies.nl"
]

15:22:42.751 [ForkJoinPool-1-worker-13] INFO  com.intuit.karate - [print] organisation: [
  "Interprovinciaal Overleg",
  "Interprovinciaal Overleg",
  "Interprovinciaal Overleg"
]

15:22:42.755 [ForkJoinPool-1-worker-13] INFO  com.intuit.karate - [print] [
  "http://www.opengis.net/def/crs/EPSG/0/http://www.opengis.net/def/crs/EPSG/0/3034",
  "http://nationaalgeoregister.nl/geonetwork/srv/dut/csw?SERVICE=CSW&version=2.0.2&REQUEST=GetRecordById&elementSetName=full&OutputSchema=http://www.isotc211.org/2005/gmd&ID=998ba1dc-f6a6-49a3-a021-51f30d9b1d0e",
  "https://creativecommons.org/publicdomain/mark/*/deed.nl",
  ""
]

15:22:42.883 [ForkJoinPool-1-worker-5] INFO  com.intuit.karate - [print] title:Beschermde gebieden - Provincies (INSPIRE geharmoniseerd)
15:22:42.883 [ForkJoinPool-1-worker-5] INFO  com.intuit.karate - [print] Beschermde gebieden - Provincies (INSPIRE geharmoniseerd)
15:22:42.884 [ForkJoinPool-1-worker-5] INFO  com.intuit.karate - [print] [
  "inspire@gbo-provincies.nl",
  "inspire@gbo-provincies.nl",
  "inspire@gbo-provincies.nl"
]

15:22:42.885 [ForkJoinPool-1-worker-5] INFO  com.intuit.karate - [print] organisation: [
  "Interprovinciaal Overleg",
  "Interprovinciaal Overleg",
  "Interprovinciaal Overleg"
]

15:22:42.888 [ForkJoinPool-1-worker-5] INFO  com.intuit.karate - [print] [
  "http://www.opengis.net/def/crs/EPSG/0/http://www.opengis.net/def/crs/EPSG/0/3034",
  "http://nationaalgeoregister.nl/geonetwork/srv/dut/csw?SERVICE=CSW&version=2.0.2&REQUEST=GetRecordById&elementSetName=full&OutputSchema=http://www.isotc211.org/2005/gmd&ID=49ab8bee-b467-486a-96ca-b950443c453a",
  "https://creativecommons.org/publicdomain/mark/*/deed.nl",
  ""
]

15:22:42.956 [ForkJoinPool-1-worker-7] INFO  com.intuit.karate - [print] title:NB-wetgebieden buiten Natura 2000
15:22:42.956 [ForkJoinPool-1-worker-7] INFO  com.intuit.karate - [print] NB-wetgebieden buiten Natura 2000
15:22:42.957 [ForkJoinPool-1-worker-7] INFO  com.intuit.karate - [print] [
  "inspire@gbo-provincies.nl",
  "inspire@gbo-provincies.nl",
  "inspire@gbo-provincies.nl"
]

15:22:42.958 [ForkJoinPool-1-worker-7] INFO  com.intuit.karate - [print] organisation: [
  "Interprovinciaal Overleg",
  "Interprovinciaal Overleg",
  "Interprovinciaal Overleg"
]

15:22:42.966 [ForkJoinPool-1-worker-7] INFO  com.intuit.karate - [print] [
  "http://www.opengis.net/def/crs/EPSG/0/http://www.opengis.net/def/crs/EPSG/0/3034",
  "http://nationaalgeoregister.nl/geonetwork/srv/dut/csw?SERVICE=CSW&version=2.0.2&REQUEST=GetRecordById&elementSetName=full&OutputSchema=http://www.isotc211.org/2005/gmd&ID=f0821bfe-5a0a-11e9-8647-d663bd873d93",
  "https://creativecommons.org/publicdomain/mark/*/deed.nl",
  ""
]

15:22:43.091 [ForkJoinPool-1-worker-3] INFO  com.intuit.karate - [print] title:Kaderrichtlijn Water - Stroomgebieddistricten Nederland EU2015
15:22:43.091 [ForkJoinPool-1-worker-3] INFO  com.intuit.karate - [print] Kaderrichtlijn Water - Stroomgebieddistricten Nederland EU2015
15:22:43.092 [ForkJoinPool-1-worker-3] INFO  com.intuit.karate - [print] [
  "servicedesk@ihw.nl",
  "servicedesk-data@rijkswaterstaat.nl",
  "",
  "servicedesk-data@rijkswaterstaat.nl",
  "servicedesk-data@rijkswaterstaat.nl"
]

15:22:43.093 [ForkJoinPool-1-worker-3] INFO  com.intuit.karate - [print] organisation: [
  "Informatiehuis Water",
  "Informatiehuis Water",
  "",
  "Rijkswaterstaat",
  "Rijkswaterstaat"
]

15:22:43.096 [ForkJoinPool-1-worker-3] INFO  com.intuit.karate - [print] [
  "https://www.nationaalgeoregister.nl/geonetwork/srv/dut/catalog.search#/metadata/10f9ec6-4464-462e-9765-83d90cefbeab",
  "http://rdfdata.eionet.europa.eu/inspirethemes/themes/24",
  "http://inspire.ec.europa.eu/metadata-codelist/PriorityDataset#",
  "https://ngr.geocat.live/geonetwork/srv/eng/thesaurus.download?ref=external.theme.httpinspireeceuropaeumetadatacodelistPrioritydataset-Prioritydataset",
  "urn:ogc:def:crs:EPSG::5709"
]

15:22:43.183 [ForkJoinPool-1-worker-13] INFO  com.intuit.karate - [print] title:Overheidsdiensten
15:22:43.183 [ForkJoinPool-1-worker-13] INFO  com.intuit.karate - [print] Overheidsdiensten
15:22:43.184 [ForkJoinPool-1-worker-13] INFO  com.intuit.karate - [print] [
  "erik.simonse@kvk.nl",
  "erik.simonse@kvk.nl"
]

15:22:43.185 [ForkJoinPool-1-worker-13] INFO  com.intuit.karate - [print] organisation: [
  "Kamer van Koophandel",
  "Kamer van Koophandel"
]

15:22:43.192 [ForkJoinPool-1-worker-9] INFO  com.intuit.karate - [print] title:Kaderrichtlijn Water - Stroomgebieddistricten Nederland 2019 vlakken
15:22:43.193 [ForkJoinPool-1-worker-9] INFO  com.intuit.karate - [print] Kaderrichtlijn Water - Stroomgebieddistricten Nederland 2019 vlakken
15:22:43.193 [ForkJoinPool-1-worker-9] INFO  com.intuit.karate - [print] [
  "servicedesk-data@rijkswaterstaat.nl",
  "servicedesk-data@rijkswaterstaat.nl",
  "",
  "servicedesk-data@rijkswaterstaat.nl",
  "servicedesk-data@rijkswaterstaat.nl"
]

15:22:43.195 [ForkJoinPool-1-worker-9] INFO  com.intuit.karate - [print] organisation: [
  "Rijkswaterstaat",
  "Rijkswaterstaat",
  "",
  "Rijkswaterstaat",
  "Rijkswaterstaat"
]

15:22:43.197 [ForkJoinPool-1-worker-9] INFO  com.intuit.karate - [print] [
  "https://www.nationaalgeoregister.nl/geonetwork/srv/dut/catalog.search#/metadata/krw-f7bb2351-9788-42ea-a58b-a5ee1842304e",
  "http://rdfdata.eionet.europa.eu/inspirethemes/themes/24",
  "http://inspire.ec.europa.eu/metadata-codelist/PriorityDataset#",
  "https://ngr.geocat.live/geonetwork/srv/eng/thesaurus.download?ref=external.theme.httpinspireeceuropaeumetadatacodelistPrioritydataset-Prioritydataset",
  "urn:ogc:def:crs:EPSG::5709"
]

15:22:43.287 [ForkJoinPool-1-worker-11] INFO  com.intuit.karate - [print] title:Territoriale Zee volgens UNCLOS - Noordzee
15:22:43.287 [ForkJoinPool-1-worker-11] INFO  com.intuit.karate - [print] Territoriale Zee volgens UNCLOS - Noordzee
15:22:43.288 [ForkJoinPool-1-worker-11] INFO  com.intuit.karate - [print] [
  "data@hydro.nl",
  "data@hydro.nl",
  "data@hydro.nl",
  "",
  ""
]

15:22:43.289 [ForkJoinPool-1-worker-11] INFO  com.intuit.karate - [print] organisation: [
  "Ministerie van Defensie, Koninklijke Marine, Dienst der Hydrografie",
  "Ministerie van Defensie, Koninklijke Marine, Dienst der Hydrografie",
  "Ministerie van Defensie, Koninklijke Marine, Dienst der Hydrografie"
]

15:22:43.292 [ForkJoinPool-1-worker-11] INFO  com.intuit.karate - [print] [
  "http://www.opengis.net/def/crs/EPSG/0/https://www.opengis.net/def/crs/EPSG/0/4258",
  "https://www.nationaalgeoregister.nl/geonetwork/srv/api/recordsbb11be63-bd38-4632-bf54-df44c423a529"
]

15:22:43.590 [ForkJoinPool-1-worker-5] INFO  com.intuit.karate - [print] title:Aansluitende zone volgens UNCLOS - Noordzee
15:22:43.590 [ForkJoinPool-1-worker-5] INFO  com.intuit.karate - [print] Aansluitende zone volgens UNCLOS - Noordzee
15:22:43.591 [ForkJoinPool-1-worker-5] INFO  com.intuit.karate - [print] [
  "data@hydro.nl",
  "data@hydro.nl",
  "data@hydro.nl",
  "",
  ""
]

15:22:43.592 [ForkJoinPool-1-worker-5] INFO  com.intuit.karate - [print] organisation: [
  "Ministerie van Defensie, Koninklijke Marine, Dienst der Hydrografie",
  "Ministerie van Defensie, Koninklijke Marine, Dienst der Hydrografie",
  "Ministerie van Defensie, Koninklijke Marine, Dienst der Hydrografie"
]

15:22:43.595 [ForkJoinPool-1-worker-5] INFO  com.intuit.karate - [print] [
  "http://www.opengis.net/def/crs/EPSG/0/https://www.opengis.net/def/crs/EPSG/0/4258",
  "https://www.nationaalgeoregister.nl/geonetwork/srv/api/records4cda487b-c467-490c-a843-6563fec016be"
]

15:22:43.672 [ForkJoinPool-1-worker-7] INFO  com.intuit.karate - [print] title:Richtlijn Stedelijk Afvalwater - rioolwaterzuiveringsinstallaties Nederland EU2015
15:22:43.672 [ForkJoinPool-1-worker-7] INFO  com.intuit.karate - [print] Richtlijn Stedelijk Afvalwater - rioolwaterzuiveringsinstallaties Nederland EU2015
15:22:43.673 [ForkJoinPool-1-worker-7] INFO  com.intuit.karate - [print] [
  "servicedesk-data@rijkswaterstaat.nl",
  "servicedesk-data@rijkswaterstaat.nl",
  "",
  "servicedesk-data@rijkswaterstaat.nl",
  "servicedesk-data@rijkswaterstaat.nl"
]

15:22:43.674 [ForkJoinPool-1-worker-7] INFO  com.intuit.karate - [print] organisation: [
  "Rijkswaterstaat",
  "Rijkswaterstaat",
  "",
  "Rijkswaterstaat",
  "Rijkswaterstaat"
]

15:22:43.677 [ForkJoinPool-1-worker-7] INFO  com.intuit.karate - [print] [
  "https://www.nationaalgeoregister.nl/geonetwork/srv/dut/catalog.search#/metadata/uwwtd-9d8e-4758-83fa-28b057f185e3",
  "http://rdfdata.eionet.europa.eu/inspirethemes/themes/24",
  "http://inspire.ec.europa.eu/metadata-codelist/PriorityDataset#",
  "https://ngr.geocat.live/geonetwork/srv/eng/thesaurus.download?ref=external.theme.httpinspireeceuropaeumetadatacodelistPrioritydataset-Prioritydataset",
  "urn:ogc:def:crs:EPSG::5709"
]

15:22:43.747 [ForkJoinPool-1-worker-3] INFO  com.intuit.karate - [print] title:Gebouwen
15:22:43.748 [ForkJoinPool-1-worker-3] INFO  com.intuit.karate - [print] Gebouwen
15:22:43.748 [ForkJoinPool-1-worker-3] INFO  com.intuit.karate - [print] [
  "PPB-GVA@kadaster.nl",
  "kcc@kadaster.nl",
  "kcc@kadaster.nl"
]

15:22:43.750 [ForkJoinPool-1-worker-3] INFO  com.intuit.karate - [print] organisation: [
  "Kadaster",
  "Kadaster",
  "Kadaster"
]

15:22:43.752 [ForkJoinPool-1-worker-3] INFO  com.intuit.karate - [print] [
  "http://kadaster/79a1c01b-21ad-43e8-a5c2-23e3eeb95be2",
  ""
]

15:22:43.928 [ForkJoinPool-1-worker-9] INFO  com.intuit.karate - [print] title:Zwemwaterkwaliteit (provinciaal en Rijkswateren) uit {Zwemwaterregister}
15:22:43.928 [ForkJoinPool-1-worker-9] INFO  com.intuit.karate - [print] Zwemwaterkwaliteit (provinciaal en Rijkswateren) uit {Zwemwaterregister}
15:22:43.929 [ForkJoinPool-1-worker-9] INFO  com.intuit.karate - [print] [
  "inspire@gbo-provincies.nl",
  "inspire@gbo-provincies.nl",
  "inspire@gbo-provincies.nl"
]

15:22:43.929 [ForkJoinPool-1-worker-9] INFO  com.intuit.karate - [print] organisation: [
  "Interprovinciaal Overleg",
  "Interprovinciaal Overleg",
  "Interprovinciaal Overleg"
]

15:22:43.932 [ForkJoinPool-1-worker-9] INFO  com.intuit.karate - [print] [
  "http://nationaalgeoregister.nl/geonetwork/srv/dut/csw?SERVICE=CSW&version=2.0.2&REQUEST=GetRecordById&elementSetName=full&OutputSchema=http://www.isotc211.org/2005/gmd&ID=df5ee213-e1bd-433b-80f7-4ea20f493ca8",
  "https://creativecommons.org/publicdomain/mark/*/deed.nl",
  ""
]

15:22:44.036 [ForkJoinPool-1-worker-13] INFO  com.intuit.karate - [print] title:Gebiedsbeheer, gebieden waar beperkingen gelden, gereguleerde gebieden en rapportage-eenheden - Provincies (INSPIRE geharmoniseerd)
15:22:44.036 [ForkJoinPool-1-worker-13] INFO  com.intuit.karate - [print] Gebiedsbeheer, gebieden waar beperkingen gelden, gereguleerde gebieden en rapportage-eenheden - Provincies (INSPIRE geharmoniseerd)
15:22:44.037 [ForkJoinPool-1-worker-13] INFO  com.intuit.karate - [print] [
  "inspire@gbo-provincies.nl",
  "inspire@gbo-provincies.nl",
  "inspire@gbo-provincies.nl"
]

15:22:44.037 [ForkJoinPool-1-worker-13] INFO  com.intuit.karate - [print] organisation: [
  "Interprovinciaal Overleg",
  "Interprovinciaal Overleg",
  "Interprovinciaal Overleg"
]

15:22:44.040 [ForkJoinPool-1-worker-13] INFO  com.intuit.karate - [print] [
  "http://www.opengis.net/def/crs/EPSG/0/http://www.opengis.net/def/crs/EPSG/0/3034",
  "http://nationaalgeoregister.nl/geonetwork/srv/dut/csw?SERVICE=CSW&version=2.0.2&REQUEST=GetRecordById&elementSetName=full&OutputSchema=http://www.isotc211.org/2005/gmd&ID=0f128799-cf18-4b37-a721-e62b068191f5",
  "https://creativecommons.org/publicdomain/mark/*/deed.nl",
  ""
]

15:22:44.072 [ForkJoinPool-1-worker-11] INFO  com.intuit.karate - [print] title:Wijk- en Buurtkaart 2016 versie 3
15:22:44.072 [ForkJoinPool-1-worker-11] INFO  com.intuit.karate - [print] Wijk- en Buurtkaart 2016 versie 3
15:22:44.073 [ForkJoinPool-1-worker-11] INFO  com.intuit.karate - [print] [
  "infoservice@cbs.nl",
  "infoservice@cbs.nl",
  "infoservice@cbs.nl",
  "",
  ""
]

15:22:44.074 [ForkJoinPool-1-worker-11] INFO  com.intuit.karate - [print] organisation: [
  "Centraal Bureau voor de Statistiek",
  "Centraal Bureau voor de Statistiek",
  "Centraal Bureau voor de Statistiek",
  "Kadaster"
]

15:22:44.076 [ForkJoinPool-1-worker-11] INFO  com.intuit.karate - [print] [
  ""
]

15:22:44.283 [ForkJoinPool-1-worker-5] INFO  com.intuit.karate - [print] title:Habitatrichtlijn verspreiding van soorten
15:22:44.283 [ForkJoinPool-1-worker-5] INFO  com.intuit.karate - [print] Habitatrichtlijn verspreiding van soorten
15:22:44.284 [ForkJoinPool-1-worker-5] INFO  com.intuit.karate - [print] [
  "geodatabeheer.giscc@rvo.nl",
  "GeoDesk.CGI@wur.nl",
  "geodatabeheer.giscc@rvo.nl",
  "beheerPDOK@kadaster.nl",
  "",
  "",
  ""
]

15:22:44.284 [ForkJoinPool-1-worker-5] INFO  com.intuit.karate - [print] organisation: [
  "Wageningen Environmental Research (Alterra)",
  "PDOK",
  "CBS",
  "Natuurloket",
  "PGO's"
]

15:22:44.287 [ForkJoinPool-1-worker-5] INFO  com.intuit.karate - [print] [
  "https://www.nationaalgeoregister.nl/geonetwork/srv/dut/catalog.search#/metadata/28c4780a-1a44-4376-b283-14a50a481729"
]

15:22:44.429 [ForkJoinPool-1-worker-3] INFO  com.intuit.karate - [print] title:Bestand Bodemgebruik 2015
15:22:44.429 [ForkJoinPool-1-worker-3] INFO  com.intuit.karate - [print] Bestand Bodemgebruik 2015
15:22:44.430 [ForkJoinPool-1-worker-3] INFO  com.intuit.karate - [print] [
  "infoservice@cbs.nl",
  "infoservice@cbs.nl",
  "",
  "",
  ""
]

15:22:44.431 [ForkJoinPool-1-worker-3] INFO  com.intuit.karate - [print] organisation: [
  "Centraal Bureau voor de Statistiek",
  "Centraal Bureau voor de Statistiek",
  "PDOK"
]

15:22:44.434 [ForkJoinPool-1-worker-3] INFO  com.intuit.karate - [print] [
  "http://geodata.nationaalgeoregister.nl/bestandbodemgebruik2015/extract/bestandbodemgebruik2015.zip"
]

15:22:44.436 [ForkJoinPool-1-worker-7] INFO  com.intuit.karate - [print] title:Wijk- en Buurtkaart 2018 versie 2
15:22:44.437 [ForkJoinPool-1-worker-7] INFO  com.intuit.karate - [print] Wijk- en Buurtkaart 2018 versie 2
15:22:44.438 [ForkJoinPool-1-worker-7] INFO  com.intuit.karate - [print] [
  "infoservice@cbs.nl",
  "infoservice@cbs.nl",
  "infoservice@cbs.nl",
  "",
  ""
]

15:22:44.439 [ForkJoinPool-1-worker-7] INFO  com.intuit.karate - [print] organisation: [
  "Centraal Bureau voor de Statistiek",
  "Centraal Bureau voor de Statistiek",
  "Centraal Bureau voor de Statistiek",
  "Kadaster"
]

15:22:44.441 [ForkJoinPool-1-worker-7] INFO  com.intuit.karate - [print] [
  ""
]

15:22:44.570 [ForkJoinPool-1-worker-9] INFO  com.intuit.karate - [print] title:Menselijke gezondheid en veiligheid - geluidbelasting rijkswegen 2016 (INSPIRE geharmoniseerd)
15:22:44.570 [ForkJoinPool-1-worker-9] INFO  com.intuit.karate - [print] Menselijke gezondheid en veiligheid - geluidbelasting rijkswegen 2016 (INSPIRE geharmoniseerd)
15:22:44.571 [ForkJoinPool-1-worker-9] INFO  com.intuit.karate - [print] [
  "servicedesk-data@rijkswaterstaat.nl",
  "servicedesk-data@rijkswaterstaat.nl",
  "",
  "servicedesk-data@rijkswaterstaat.nl",
  "info@wetransform.to"
]

15:22:44.572 [ForkJoinPool-1-worker-9] INFO  com.intuit.karate - [print] organisation: [
  "Rijkswaterstaat",
  "Rijkswaterstaat",
  "",
  "Rijkswaterstaat",
  "Wetransform"
]

15:22:44.604 [ForkJoinPool-1-worker-9] INFO  com.intuit.karate - [print] [
  "https://www.nationaalgeoregister.nl/geonetwork/srv/dut/catalog.search#/metadata/wt-83730-e750-485a-9c0c-39bf9be72cf8",
  "http://rdfdata.eionet.europa.eu/inspirethemes/themes/18",
  "http://inspire.ec.europa.eu/metadata-codelist/PriorityDataset#",
  "https://ngr.geocat.live/geonetwork/srv/eng/thesaurus.download?ref=external.theme.httpinspireeceuropaeumetadatacodelistPrioritydataset-Prioritydataset"
]

15:22:44.659 [ForkJoinPool-1-worker-13] INFO  com.intuit.karate - [print] title:Zwemwater (provinciaal en Rijkswateren) uit {Zwemwaterregister}
15:22:44.659 [ForkJoinPool-1-worker-13] INFO  com.intuit.karate - [print] Zwemwater (provinciaal en Rijkswateren) uit {Zwemwaterregister}
15:22:44.660 [ForkJoinPool-1-worker-13] INFO  com.intuit.karate - [print] [
  "inspire@gbo-provincies.nl",
  "inspire@gbo-provincies.nl",
  "inspire@gbo-provincies.nl"
]

15:22:44.662 [ForkJoinPool-1-worker-13] INFO  com.intuit.karate - [print] organisation: [
  "Interprovinciaal Overleg",
  "Interprovinciaal Overleg",
  "Interprovinciaal Overleg"
]

15:22:44.665 [ForkJoinPool-1-worker-13] INFO  com.intuit.karate - [print] [
  "http://www.opengis.net/def/crs/EPSG/0/http://www.opengis.net/def/crs/EPSG/0/3034",
  "http://nationaalgeoregister.nl/geonetwork/srv/dut/csw?SERVICE=CSW&version=2.0.2&REQUEST=GetRecordById&elementSetName=full&OutputSchema=http://www.isotc211.org/2005/gmd&ID=c829abeb-bfac-4224-8332-e7a9a89e692e",
  "https://creativecommons.org/publicdomain/mark/*/deed.nl",
  ""
]

15:22:44.812 [ForkJoinPool-1-worker-11] INFO  com.intuit.karate - [print] title:Geluidszones rondom vliegvelden
15:22:44.812 [ForkJoinPool-1-worker-11] INFO  com.intuit.karate - [print] Geluidszones rondom vliegvelden
15:22:44.813 [ForkJoinPool-1-worker-11] INFO  com.intuit.karate - [print] [
  "inspire@gbo-provincies.nl",
  "inspire@gbo-provincies.nl",
  "inspire@gbo-provincies.nl"
]

15:22:44.814 [ForkJoinPool-1-worker-11] INFO  com.intuit.karate - [print] organisation: [
  "Interprovinciaal Overleg",
  "Interprovinciaal Overleg",
  "Interprovinciaal Overleg"
]

15:22:44.817 [ForkJoinPool-1-worker-11] INFO  com.intuit.karate - [print] [
  "http://www.opengis.net/def/crs/EPSG/0/http://www.opengis.net/def/crs/EPSG/0/3034",
  "http://nationaalgeoregister.nl/geonetwork/srv/dut/csw?SERVICE=CSW&version=2.0.2&REQUEST=GetRecordById&elementSetName=full&OutputSchema=http://www.isotc211.org/2005/gmd&ID=41023936-009d-48ec-a90d-c966895463c1",
  "https://creativecommons.org/publicdomain/mark/*/deed.nl",
  ""
]

15:22:44.984 [ForkJoinPool-1-worker-5] INFO  com.intuit.karate - [print] title:Menselijke gezondheid en veiligheid - geluidbelasting rijkswegen 2011 (INSPIRE geharmoniseerd)
15:22:44.984 [ForkJoinPool-1-worker-5] INFO  com.intuit.karate - [print] Menselijke gezondheid en veiligheid - geluidbelasting rijkswegen 2011 (INSPIRE geharmoniseerd)
15:22:44.986 [ForkJoinPool-1-worker-5] INFO  com.intuit.karate - [print] [
  "servicedesk-data@rijkswaterstaat.nl",
  "servicedesk-data@rijkswaterstaat.nl",
  "",
  "servicedesk-data@rijkswaterstaat.nl",
  "info@wetransform.to"
]

15:22:44.986 [ForkJoinPool-1-worker-5] INFO  com.intuit.karate - [print] organisation: [
  "Rijkswaterstaat",
  "Rijkswaterstaat",
  "",
  "Rijkswaterstaat",
  "Wetransform"
]

15:22:44.989 [ForkJoinPool-1-worker-5] INFO  com.intuit.karate - [print] [
  "https://www.nationaalgeoregister.nl/geonetwork/srv/dut/catalog.search#/metadata/wt-f5eb-b09f-4f6d-8397-8878a1b86238",
  "http://rdfdata.eionet.europa.eu/inspirethemes/themes/18",
  "http://inspire.ec.europa.eu/metadata-codelist/PriorityDataset#",
  "https://ngr.geocat.live/geonetwork/srv/eng/thesaurus.download?ref=external.theme.httpinspireeceuropaeumetadatacodelistPrioritydataset-Prioritydataset"
]

15:22:44.997 [ForkJoinPool-1-worker-3] INFO  com.intuit.karate - [print] title:Menselijke gezondheid en veiligheid -  geluidbelasting rijkswegen 2006 (INSPIRE geharmoniseerd)
15:22:44.997 [ForkJoinPool-1-worker-3] INFO  com.intuit.karate - [print] Menselijke gezondheid en veiligheid -  geluidbelasting rijkswegen 2006 (INSPIRE geharmoniseerd)
15:22:44.999 [ForkJoinPool-1-worker-3] INFO  com.intuit.karate - [print] [
  "servicedesk-data@rijkswaterstaat.nl",
  "servicedesk-data@rijkswaterstaat.nl",
  "",
  "servicedesk-data@rijkswaterstaat.nl",
  "info@wetransform.to"
]

15:22:45.000 [ForkJoinPool-1-worker-3] INFO  com.intuit.karate - [print] organisation: [
  "Rijkswaterstaat",
  "Rijkswaterstaat",
  "",
  "Rijkswaterstaat",
  "Wetransform"
]

15:22:45.003 [ForkJoinPool-1-worker-3] INFO  com.intuit.karate - [print] [
  "https://www.nationaalgeoregister.nl/geonetwork/srv/dut/catalog.search#/metadata/wt-3730-e750-485a-9c0c-39bf9be72cf9",
  "http://rdfdata.eionet.europa.eu/inspirethemes/themes/18",
  "http://inspire.ec.europa.eu/metadata-codelist/PriorityDataset#",
  "https://ngr.geocat.live/geonetwork/srv/eng/thesaurus.download?ref=external.theme.httpinspireeceuropaeumetadatacodelistPrioritydataset-Prioritydataset"
]

15:22:45.157 [ForkJoinPool-1-worker-7] INFO  com.intuit.karate - [print] title:Natuurnetwerk Nederland
15:22:45.157 [ForkJoinPool-1-worker-7] INFO  com.intuit.karate - [print] Natuurnetwerk Nederland
15:22:45.158 [ForkJoinPool-1-worker-7] INFO  com.intuit.karate - [print] [
  "inspire@gbo-provincies.nl",
  "inspire@gbo-provincies.nl",
  "inspire@gbo-provincies.nl"
]

15:22:45.158 [ForkJoinPool-1-worker-7] INFO  com.intuit.karate - [print] organisation: [
  "Interprovinciaal Overleg",
  "Interprovinciaal Overleg",
  "Interprovinciaal Overleg"
]

15:22:45.161 [ForkJoinPool-1-worker-7] INFO  com.intuit.karate - [print] [
  "http://www.opengis.net/def/crs/EPSG/0/http://www.opengis.net/def/crs/EPSG/0/3034",
  "http://nationaalgeoregister.nl/geonetwork/srv/dut/csw?SERVICE=CSW&version=2.0.2&REQUEST=GetRecordById&elementSetName=full&OutputSchema=http://www.isotc211.org/2005/gmd&ID=c7d8d77b-8c47-4309-8c58-9b12b086407f",
  "https://creativecommons.org/publicdomain/mark/*/deed.nl",
  ""
]

15:22:45.295 [ForkJoinPool-1-worker-13] INFO  com.intuit.karate - [print] title:Kaderrichtlijn Water - Oppervlaktewaterlichamen Nederland EU2009 vlakken
15:22:45.295 [ForkJoinPool-1-worker-13] INFO  com.intuit.karate - [print] Kaderrichtlijn Water - Oppervlaktewaterlichamen Nederland EU2009 vlakken
15:22:45.296 [ForkJoinPool-1-worker-13] INFO  com.intuit.karate - [print] [
  "servicedesk-data@rijkswaterstaat.nl",
  "servicedesk-data@rijkswaterstaat.nl",
  "",
  "servicedesk-data@rijkswaterstaat.nl",
  "servicedesk-data@rijkswaterstaat.nl"
]

15:22:45.297 [ForkJoinPool-1-worker-13] INFO  com.intuit.karate - [print] organisation: [
  "Rijkswaterstaat",
  "Rijkswaterstaat",
  "",
  "Rijkswaterstaat",
  "Rijkswaterstaat"
]

15:22:45.300 [ForkJoinPool-1-worker-13] INFO  com.intuit.karate - [print] [
  "https://www.nationaalgeoregister.nl/geonetwork/srv/dut/catalog.search#/metadata/krw2006-68b5-4ff3-94a4-9c24109ffd5e",
  "http://rdfdata.eionet.europa.eu/inspirethemes/themes/24",
  "http://inspire.ec.europa.eu/metadata-codelist/PriorityDataset#",
  "https://ngr.geocat.live/geonetwork/srv/eng/thesaurus.download?ref=external.theme.httpinspireeceuropaeumetadatacodelistPrioritydataset-Prioritydataset",
  "urn:ogc:def:crs:EPSG::5709"
]

15:22:45.316 [ForkJoinPool-1-worker-9] INFO  com.intuit.karate - [print] title:Totale potentie aardwarmte uit aquifers, INSPIRE
15:22:45.316 [ForkJoinPool-1-worker-9] INFO  com.intuit.karate - [print] Totale potentie aardwarmte uit aquifers, INSPIRE
15:22:45.317 [ForkJoinPool-1-worker-9] INFO  com.intuit.karate - [print] [
  "info@dinoloket.nl",
  "info@dinoloket.nl",
  "info@dinoloket.nl"
]

15:22:45.317 [ForkJoinPool-1-worker-9] INFO  com.intuit.karate - [print] organisation: [
  "TNO Geologische Dienst Nederland",
  "TNO Geologische Dienst Nederland",
  "TNO Geologische Dienst Nederland"
]

15:22:45.320 [ForkJoinPool-1-worker-9] INFO  com.intuit.karate - [print] [
  "https://nationaalgeoregister.nl/geonetwork/srv/resources052a3480-1031-4d29-ba55-01672e2c50d9"
]

15:22:45.456 [ForkJoinPool-1-worker-11] INFO  com.intuit.karate - [print] title:Kaderrichtlijn Water - Oppervlaktewaterlichamen Nederland 2019 vlakken
15:22:45.456 [ForkJoinPool-1-worker-11] INFO  com.intuit.karate - [print] Kaderrichtlijn Water - Oppervlaktewaterlichamen Nederland 2019 vlakken
15:22:45.457 [ForkJoinPool-1-worker-11] INFO  com.intuit.karate - [print] [
  "servicedesk-data@rijkswaterstaat.nl",
  "servicedesk-data@rijkswaterstaat.nl",
  "",
  "servicedesk-data@rijkswaterstaat.nl",
  "servicedesk-data@rijkswaterstaat.nl"
]

15:22:45.458 [ForkJoinPool-1-worker-11] INFO  com.intuit.karate - [print] organisation: [
  "Rijkswaterstaat",
  "Rijkswaterstaat",
  "",
  "Rijkswaterstaat",
  "Rijkswaterstaat"
]

15:22:45.461 [ForkJoinPool-1-worker-11] INFO  com.intuit.karate - [print] [
  "https://www.nationaalgeoregister.nl/geonetwork/srv/dut/catalog.search#/metadata/2e31680f-68b5-4ff3-94a4-9c24109ffd5e",
  "http://rdfdata.eionet.europa.eu/inspirethemes/themes/24",
  "http://inspire.ec.europa.eu/metadata-codelist/PriorityDataset#",
  "https://ngr.geocat.live/geonetwork/srv/eng/thesaurus.download?ref=external.theme.httpinspireeceuropaeumetadatacodelistPrioritydataset-Prioritydataset",
  "urn:ogc:def:crs:EPSG::5709"
]

15:22:45.633 [ForkJoinPool-1-worker-5] INFO  com.intuit.karate - [print] title:Kaderrichtlijn Water - Oppervlaktewaterlichamen Nederland 2019 lijnen
15:22:45.633 [ForkJoinPool-1-worker-5] INFO  com.intuit.karate - [print] Kaderrichtlijn Water - Oppervlaktewaterlichamen Nederland 2019 lijnen
15:22:45.634 [ForkJoinPool-1-worker-5] INFO  com.intuit.karate - [print] [
  "servicedesk-data@rijkswaterstaat.nl",
  "servicedesk-data@rijkswaterstaat.nl",
  "",
  "servicedesk-data@rijkswaterstaat.nl",
  "servicedesk-data@rijkswaterstaat.nl"
]

15:22:45.634 [ForkJoinPool-1-worker-5] INFO  com.intuit.karate - [print] organisation: [
  "Rijkswaterstaat",
  "Rijkswaterstaat",
  "",
  "Rijkswaterstaat",
  "Rijkswaterstaat"
]

15:22:45.637 [ForkJoinPool-1-worker-5] INFO  com.intuit.karate - [print] [
  "https://www.nationaalgeoregister.nl/geonetwork/srv/dut/catalog.search#/metadata/622a632a-c57b-44a2-83a4-e51223d5f15g",
  "http://rdfdata.eionet.europa.eu/inspirethemes/themes/24",
  "http://inspire.ec.europa.eu/metadata-codelist/PriorityDataset#",
  "https://ngr.geocat.live/geonetwork/srv/eng/thesaurus.download?ref=external.theme.httpinspireeceuropaeumetadatacodelistPrioritydataset-Prioritydataset",
  "urn:ogc:def:crs:EPSG::5709"
]

15:22:45.667 [ForkJoinPool-1-worker-3] INFO  com.intuit.karate - [print] title:Nationaal Hydrologisch Instrumentarium (NHI) - netwerkschematisatie
15:22:45.667 [ForkJoinPool-1-worker-3] INFO  com.intuit.karate - [print] Nationaal Hydrologisch Instrumentarium (NHI) - netwerkschematisatie
15:22:45.668 [ForkJoinPool-1-worker-3] INFO  com.intuit.karate - [print] [
  "servicedesk-data@rijkswaterstaat.nl",
  "servicedesk-data@rijkswaterstaat.nl",
  "",
  "servicedesk-data@rijkswaterstaat.nl",
  "servicedesk-data@rijkswaterstaat.nl"
]

15:22:45.669 [ForkJoinPool-1-worker-3] INFO  com.intuit.karate - [print] organisation: [
  "Rijkswaterstaat",
  "Rijkswaterstaat",
  "",
  "Rijkswaterstaat",
  "Rijkswaterstaat"
]

15:22:45.674 [ForkJoinPool-1-worker-3] INFO  com.intuit.karate - [print] [
  "https://www.nationaalgeoregister.nl/geonetwork/srv/dut/catalog.search#/metadata/710c381c-ab2d-45d5-a45d-af2eba811e5f",
  "http://rdfdata.eionet.europa.eu/inspirethemes/themes/8",
  "urn:ogc:def:crs:EPSG::5709"
]

15:22:45.784 [ForkJoinPool-1-worker-7] INFO  com.intuit.karate - [print] title:Aardkundige waarden
15:22:45.784 [ForkJoinPool-1-worker-7] INFO  com.intuit.karate - [print] Aardkundige waarden
15:22:45.784 [ForkJoinPool-1-worker-7] INFO  com.intuit.karate - [print] [
  "inspire@gbo-provincies.nl",
  "inspire@gbo-provincies.nl",
  "inspire@gbo-provincies.nl"
]

15:22:45.785 [ForkJoinPool-1-worker-7] INFO  com.intuit.karate - [print] organisation: [
  "Interprovinciaal Overleg",
  "Interprovinciaal Overleg",
  "Interprovinciaal Overleg"
]

15:22:45.788 [ForkJoinPool-1-worker-7] INFO  com.intuit.karate - [print] [
  "http://www.opengis.net/def/crs/EPSG/0/http://www.opengis.net/def/crs/EPSG/0/3034",
  "http://nationaalgeoregister.nl/geonetwork/srv/dut/csw?SERVICE=CSW&version=2.0.2&REQUEST=GetRecordById&elementSetName=full&OutputSchema=http://www.isotc211.org/2005/gmd&ID=f002bfc5-7d87-46b6-819e-8415422b65c9",
  "https://creativecommons.org/publicdomain/mark/*/deed.nl",
  ""
]

15:22:45.999 [ForkJoinPool-1-worker-13] INFO  com.intuit.karate - [print] title:Kaderrichtlijn Water - Oppervlaktewaterlichamen Nederland EU2015 vlakken
15:22:45.999 [ForkJoinPool-1-worker-13] INFO  com.intuit.karate - [print] Kaderrichtlijn Water - Oppervlaktewaterlichamen Nederland EU2015 vlakken
15:22:46.000 [ForkJoinPool-1-worker-13] INFO  com.intuit.karate - [print] [
  "servicedesk@ihw.nl",
  "servicedesk-data@rijkswaterstaat.nl",
  "",
  "servicedesk-data@rijkswaterstaat.nl",
  "servicedesk@ihw.nl"
]

15:22:46.002 [ForkJoinPool-1-worker-13] INFO  com.intuit.karate - [print] organisation: [
  "Informatiehuis Water",
  "Informatiehuis Water",
  "",
  "Rijkswaterstaat",
  "Informatiehuis Water"
]

15:22:46.005 [ForkJoinPool-1-worker-13] INFO  com.intuit.karate - [print] [
  "https://www.nationaalgeoregister.nl/geonetwork/srv/dut/catalog.search#/metadata/110f9ec6-4464-462e-9765-83d90cefbead",
  "http://rdfdata.eionet.europa.eu/inspirethemes/themes/24",
  "http://inspire.ec.europa.eu/metadata-codelist/PriorityDataset#",
  "https://ngr.geocat.live/geonetwork/srv/eng/thesaurus.download?ref=external.theme.httpinspireeceuropaeumetadatacodelistPrioritydataset-Prioritydataset"
]

15:22:46.010 [ForkJoinPool-1-worker-9] INFO  com.intuit.karate - [print] title:Kaderrichtlijn Water - Oppervlaktewaterlichamen Nederland EU2015 lijnen
15:22:46.010 [ForkJoinPool-1-worker-9] INFO  com.intuit.karate - [print] Kaderrichtlijn Water - Oppervlaktewaterlichamen Nederland EU2015 lijnen
15:22:46.011 [ForkJoinPool-1-worker-9] INFO  com.intuit.karate - [print] [
  "servicedesk@ihw.nl",
  "servicedesk@ihw.nl",
  "",
  "servicedesk-data@rijkswaterstaat.nl",
  "servicedesk@ihw.nl"
]

15:22:46.012 [ForkJoinPool-1-worker-9] INFO  com.intuit.karate - [print] organisation: [
  "Informatiehuis Water",
  "Informatiehuis Water",
  "",
  "Rijkswaterstaat",
  "Informatiehuis Water"
]

15:22:46.014 [ForkJoinPool-1-worker-9] INFO  com.intuit.karate - [print] [
  "https://www.nationaalgeoregister.nl/geonetwork/srv/dut/catalog.search#/metadata/110f9ec6-4464-462e-9765-83d90cefbeag",
  "http://rdfdata.eionet.europa.eu/inspirethemes/themes/24",
  "http://inspire.ec.europa.eu/metadata-codelist/PriorityDataset#",
  "https://ngr.geocat.live/geonetwork/srv/eng/thesaurus.download?ref=external.theme.httpinspireeceuropaeumetadatacodelistPrioritydataset-Prioritydataset",
  "urn:ogc:def:crs:EPSG::5709"
]

15:22:46.144 [ForkJoinPool-1-worker-11] INFO  com.intuit.karate - [print] title:Kaderrichtlijn Water - Oppervlaktewaterlichamen Nederland EU2009 lijnen
15:22:46.144 [ForkJoinPool-1-worker-11] INFO  com.intuit.karate - [print] Kaderrichtlijn Water - Oppervlaktewaterlichamen Nederland EU2009 lijnen
15:22:46.146 [ForkJoinPool-1-worker-11] INFO  com.intuit.karate - [print] [
  "servicedesk-data@rijkswaterstaat.nl",
  "servicedesk-data@rijkswaterstaat.nl",
  "",
  "servicedesk-data@rijkswaterstaat.nl",
  "servicedesk-data@rijkswaterstaat.nl"
]

15:22:46.146 [ForkJoinPool-1-worker-11] INFO  com.intuit.karate - [print] organisation: [
  "Rijkswaterstaat",
  "Rijkswaterstaat",
  "",
  "Rijkswaterstaat",
  "Rijkswaterstaat"
]

15:22:46.150 [ForkJoinPool-1-worker-11] INFO  com.intuit.karate - [print] [
  "https://www.nationaalgeoregister.nl/geonetwork/srv/dut/catalog.search#/metadata/krw2006-c57b-44a2-83a4-e51223d5f15g",
  "http://rdfdata.eionet.europa.eu/inspirethemes/themes/24",
  "http://inspire.ec.europa.eu/metadata-codelist/PriorityDataset#",
  "https://ngr.geocat.live/geonetwork/srv/eng/thesaurus.download?ref=external.theme.httpinspireeceuropaeumetadatacodelistPrioritydataset-Prioritydataset",
  "urn:ogc:def:crs:EPSG::5709"
]

15:22:46.339 [ForkJoinPool-1-worker-5] INFO  com.intuit.karate - [print] title:Kaderrichtlijn Water - Deelstroomgebieden Nederland EU2015
15:22:46.340 [ForkJoinPool-1-worker-5] INFO  com.intuit.karate - [print] Kaderrichtlijn Water - Deelstroomgebieden Nederland EU2015
15:22:46.341 [ForkJoinPool-1-worker-5] INFO  com.intuit.karate - [print] [
  "servicedesk@ihw.nl",
  "servicedesk@ihw.nl",
  "",
  "servicedesk-data@rijkswaterstaat.nl",
  "servicedesk-data@rijkswaterstaat.nl"
]

15:22:46.342 [ForkJoinPool-1-worker-5] INFO  com.intuit.karate - [print] organisation: [
  "Informatiehuis Water",
  "Informatiehuis Water",
  "",
  "Rijkswaterstaat",
  "Rijkswaterstaat"
]

15:22:46.344 [ForkJoinPool-1-worker-5] INFO  com.intuit.karate - [print] [
  "https://www.nationaalgeoregister.nl/geonetwork/srv/dut/catalog.search#/metadata/110f9ec6-4464-462e-9765-83d90cefbeac",
  "http://rdfdata.eionet.europa.eu/inspirethemes/themes/24",
  "http://inspire.ec.europa.eu/metadata-codelist/PriorityDataset#",
  "https://ngr.geocat.live/geonetwork/srv/eng/thesaurus.download?ref=external.theme.httpinspireeceuropaeumetadatacodelistPrioritydataset-Prioritydataset"
]

15:22:46.353 [ForkJoinPool-1-worker-3] INFO  com.intuit.karate - [print] title:Kaderrichtlijn Water - Deelstroomgebieden Nederland 2019 vlakken
15:22:46.353 [ForkJoinPool-1-worker-3] INFO  com.intuit.karate - [print] Kaderrichtlijn Water - Deelstroomgebieden Nederland 2019 vlakken
15:22:46.353 [ForkJoinPool-1-worker-3] INFO  com.intuit.karate - [print] [
  "servicedesk-data@rijkswaterstaat.nl",
  "servicedesk-data@rijkswaterstaat.nl",
  "",
  "servicedesk-data@rijkswaterstaat.nl",
  "servicedesk-data@rijkswaterstaat.nl"
]

15:22:46.354 [ForkJoinPool-1-worker-3] INFO  com.intuit.karate - [print] organisation: [
  "Rijkswaterstaat",
  "Rijkswaterstaat",
  "",
  "Rijkswaterstaat",
  "Rijkswaterstaat"
]

15:22:46.356 [ForkJoinPool-1-worker-3] INFO  com.intuit.karate - [print] [
  "https://www.nationaalgeoregister.nl/geonetwork/srv/dut/catalog.search#/metadata/krw-782cab20-8328-45f1-a9b2-c27d07c14066",
  "http://rdfdata.eionet.europa.eu/inspirethemes/themes/24",
  "http://inspire.ec.europa.eu/metadata-codelist/PriorityDataset#",
  "https://ngr.geocat.live/geonetwork/srv/eng/thesaurus.download?ref=external.theme.httpinspireeceuropaeumetadatacodelistPrioritydataset-Prioritydataset",
  "urn:ogc:def:crs:EPSG::5709"
]

15:22:46.484 [ForkJoinPool-1-worker-7] INFO  com.intuit.karate - [print] title:Kaderrichtlijn Mariene Strategie - Mariene wateren Nederland EU2018
15:22:46.484 [ForkJoinPool-1-worker-7] INFO  com.intuit.karate - [print] Kaderrichtlijn Mariene Strategie - Mariene wateren Nederland EU2018
15:22:46.484 [ForkJoinPool-1-worker-7] INFO  com.intuit.karate - [print] [
  "servicedesk-data@rijkswaterstaat.nl",
  "servicedesk-data@rijkswaterstaat.nl",
  "",
  "servicedesk-data@rijkswaterstaat.nl",
  "servicedesk-data@rijkswaterstaat.nl"
]

15:22:46.485 [ForkJoinPool-1-worker-7] INFO  com.intuit.karate - [print] organisation: [
  "Rijkswaterstaat",
  "Rijkswaterstaat",
  "",
  "Rijkswaterstaat",
  "Rijkswaterstaat"
]

15:22:46.488 [ForkJoinPool-1-worker-7] INFO  com.intuit.karate - [print] [
  "https://www.nationaalgeoregister.nl/geonetwork/srv/dut/catalog.search#/metadata/krm-a905-9d8e-4758-83fa-28b057f185e4",
  "http://rdfdata.eionet.europa.eu/inspirethemes/themes/24",
  "http://inspire.ec.europa.eu/metadata-codelist/PriorityDataset#",
  "https://ngr.geocat.live/geonetwork/srv/eng/thesaurus.download?ref=external.theme.httpinspireeceuropaeumetadatacodelistPrioritydataset-Prioritydataset"
]

15:22:46.643 [ForkJoinPool-1-worker-13] INFO  com.intuit.karate - [print] title:Kaderrichtlijn Water - Monitoringlocaties Nederland EU2015
15:22:46.644 [ForkJoinPool-1-worker-13] INFO  com.intuit.karate - [print] Kaderrichtlijn Water - Monitoringlocaties Nederland EU2015
15:22:46.644 [ForkJoinPool-1-worker-13] INFO  com.intuit.karate - [print] [
  "servicedesk@ihw.nl",
  "servicedesk-data@rijkswaterstaat.nl",
  "",
  "servicedesk-data@rijkswaterstaat.nl",
  "servicedesk-data@rijkswaterstaat.nl"
]

15:22:46.645 [ForkJoinPool-1-worker-13] INFO  com.intuit.karate - [print] organisation: [
  "Informatiehuis Water",
  "Informatiehuis Water",
  "",
  "Rijkswaterstaat",
  "Rijkswaterstaat"
]

15:22:46.648 [ForkJoinPool-1-worker-13] INFO  com.intuit.karate - [print] [
  "https://www.nationaalgeoregister.nl/geonetwork/srv/dut/catalog.search#/metadata/891ddc2d-8949-4a45-be96-c65b87c41f13",
  "http://rdfdata.eionet.europa.eu/inspirethemes/themes/20",
  "http://inspire.ec.europa.eu/metadata-codelist/PriorityDataset#",
  "https://ngr.geocat.live/geonetwork/srv/eng/thesaurus.download?ref=external.theme.httpinspireeceuropaeumetadatacodelistPrioritydataset-Prioritydataset"
]

15:22:46.662 [ForkJoinPool-1-worker-9] INFO  com.intuit.karate - [print] title:Ruimtelijke plannen Wro: Ruimtelijkeplannen.nl
15:22:46.662 [ForkJoinPool-1-worker-9] INFO  com.intuit.karate - [print] Ruimtelijke plannen Wro: Ruimtelijkeplannen.nl
15:22:46.663 [ForkJoinPool-1-worker-9] INFO  com.intuit.karate - [print] [
  "PPB-GVA@kadaster.nl",
  "ruimtelijkeplannen@kadaster.nl"
]

15:22:46.664 [ForkJoinPool-1-worker-9] INFO  com.intuit.karate - [print] organisation: [
  "Kadaster",
  "Kadaster"
]

15:22:46.666 [ForkJoinPool-1-worker-9] INFO  com.intuit.karate - [print] [
  "http://kadaster/e2318c58-b1e6-4621-9c77-33b8a1fd0e76"
]

15:22:46.776 [ForkJoinPool-1-worker-11] INFO  com.intuit.karate - [print] title:Richtlijn Overstromingsrisico - gebieden met Potentieel Significant Overstromingsrisico EU2018 lijnen
15:22:46.777 [ForkJoinPool-1-worker-11] INFO  com.intuit.karate - [print] Richtlijn Overstromingsrisico - gebieden met Potentieel Significant Overstromingsrisico EU2018 lijnen
15:22:46.778 [ForkJoinPool-1-worker-11] INFO  com.intuit.karate - [print] [
  "servicedesk-data@rijkswaterstaat.nl",
  "servicedesk-data@rijkswaterstaat.nl",
  "",
  "servicedesk-data@rijkswaterstaat.nl",
  "servicedesk-data@rijkswaterstaat.nl"
]

15:22:46.780 [ForkJoinPool-1-worker-11] INFO  com.intuit.karate - [print] organisation: [
  "Rijkswaterstaat",
  "Rijkswaterstaat",
  "",
  "Rijkswaterstaat",
  "Rijkswaterstaat"
]

15:22:46.783 [ForkJoinPool-1-worker-11] INFO  com.intuit.karate - [print] [
  "https://www.nationaalgeoregister.nl/geonetwork/srv/dut/catalog.search#/metadata/ror-9d8e-4758-83fx-28b057f185g1",
  "http://rdfdata.eionet.europa.eu/inspirethemes/themes/25",
  "http://inspire.ec.europa.eu/metadata-codelist/PriorityDataset#",
  "https://ngr.geocat.live/geonetwork/srv/eng/thesaurus.download?ref=external.theme.httpinspireeceuropaeumetadatacodelistPrioritydataset-Prioritydataset",
  "urn:ogc:def:crs:EPSG::5709"
]

15:22:46.954 [ForkJoinPool-1-worker-5] INFO  com.intuit.karate - [print] title:NWB - Wegen
15:22:46.955 [ForkJoinPool-1-worker-5] INFO  com.intuit.karate - [print] NWB - Wegen
15:22:46.955 [ForkJoinPool-1-worker-5] INFO  com.intuit.karate - [print] [
  "servicedesk-data@rijkswaterstaat.nl",
  "servicedesk-data@rijkswaterstaat.nl",
  "",
  "servicedesk-data@rijkswaterstaat.nl",
  "servicedesk-data@rws.n"
]

15:22:46.956 [ForkJoinPool-1-worker-5] INFO  com.intuit.karate - [print] organisation: [
  "Rijkswaterstaat",
  "Rijkswaterstaat",
  "",
  "Rijkswaterstaat",
  "Rijkswaterstaat"
]

15:22:46.959 [ForkJoinPool-1-worker-5] INFO  com.intuit.karate - [print] [
  "https://www.nationaalgeoregister.nl/geonetwork/srv/dut/catalog.search#/metadata/a9b7026e-0a81-4813-93bd-ba49e6f28502",
  "http://rdfdata.eionet.europa.eu/inspirethemes/themes/7",
  "http://rdfdata.eionet.europa.eu/inspirethemes/themes/18",
  "http://inspire.ec.europa.eu/metadata-codelist/PriorityDataset#",
  "https://ngr.geocat.live/geonetwork/srv/eng/thesaurus.download?ref=external.theme.httpinspireeceuropaeumetadatacodelistPrioritydataset-Prioritydataset",
  "urn:ogc:def:crs:EPSG::5709"
]

15:22:47.117 [ForkJoinPool-1-worker-3] INFO  com.intuit.karate - [print] title:CBS Vierkantstatistieken 500m
15:22:47.117 [ForkJoinPool-1-worker-3] INFO  com.intuit.karate - [print] CBS Vierkantstatistieken 500m
15:22:47.118 [ForkJoinPool-1-worker-3] INFO  com.intuit.karate - [print] [
  "infoservice@cbs.nl",
  "infoservice@cbs.nl",
  "infoservice@cbs.nl",
  ""
]

15:22:47.119 [ForkJoinPool-1-worker-3] INFO  com.intuit.karate - [print] organisation: [
  "Centraal Bureau voor de Statistiek",
  "Centraal Bureau voor de Statistiek",
  "Centraal Bureau voor de Statistiek",
  "Centraal Bureau voor de Statistiek"
]

15:22:47.122 [ForkJoinPool-1-worker-3] INFO  com.intuit.karate - [print] [
  "http://geodata.nationaalgeoregister.nl/cbsvierkanten500mv2/atom/cbsvierkanten500mv2.xml"
]

15:22:47.161 [ForkJoinPool-1-worker-7] INFO  com.intuit.karate - [print] title:CBS Vierkantstatistieken 100m
15:22:47.161 [ForkJoinPool-1-worker-7] INFO  com.intuit.karate - [print] CBS Vierkantstatistieken 100m
15:22:47.162 [ForkJoinPool-1-worker-7] INFO  com.intuit.karate - [print] [
  "infoservice@cbs.nl",
  "infoservice@cbs.nl",
  "infoservice@cbs.nl",
  ""
]

15:22:47.163 [ForkJoinPool-1-worker-7] INFO  com.intuit.karate - [print] organisation: [
  "Centraal Bureau voor de Statistiek",
  "Centraal Bureau voor de Statistiek",
  "Centraal Bureau voor de Statistiek",
  "Centraal Bureau voor de Statistiek"
]

15:22:47.167 [ForkJoinPool-1-worker-7] INFO  com.intuit.karate - [print] [
  "http://geodata.nationaalgeoregister.nl/cbsvierkanten100mv2/atom/cbsvierkanten100mv2.xml"
]

15:22:47.293 [ForkJoinPool-1-worker-13] INFO  com.intuit.karate - [print] title:Richtlijn Overstromingsrisico - historische overstromingen EU2018
15:22:47.294 [ForkJoinPool-1-worker-13] INFO  com.intuit.karate - [print] Richtlijn Overstromingsrisico - historische overstromingen EU2018
15:22:47.295 [ForkJoinPool-1-worker-13] INFO  com.intuit.karate - [print] [
  "servicedesk-data@rijkswaterstaat.nl",
  "servicedesk-data@rijkswaterstaat.nl",
  "",
  "servicedesk-data@rijkswaterstaat.nl",
  "servicedesk-data@rijkswaterstaat.nl"
]

15:22:47.297 [ForkJoinPool-1-worker-13] INFO  com.intuit.karate - [print] organisation: [
  "Rijkswaterstaat",
  "Rijkswaterstaat",
  "",
  "Rijkswaterstaat",
  "Rijkswaterstaat"
]

15:22:47.300 [ForkJoinPool-1-worker-13] INFO  com.intuit.karate - [print] [
  "https://www.nationaalgeoregister.nl/geonetwork/srv/dut/catalog.search#/metadata/ror-9d8e-4758-83fx-28b057f185f1",
  "http://rdfdata.eionet.europa.eu/inspirethemes/themes/25",
  "http://inspire.ec.europa.eu/metadata-codelist/PriorityDataset#",
  "https://ngr.geocat.live/geonetwork/srv/eng/thesaurus.download?ref=external.theme.httpinspireeceuropaeumetadatacodelistPrioritydataset-Prioritydataset",
  "urn:ogc:def:crs:EPSG::5709"
]

15:22:47.428 [ForkJoinPool-1-worker-11] INFO  com.intuit.karate - [print] title:Adressen
15:22:47.428 [ForkJoinPool-1-worker-11] INFO  com.intuit.karate - [print] Adressen
15:22:47.429 [ForkJoinPool-1-worker-11] INFO  com.intuit.karate - [print] [
  "PPB-GVA@kadaster.nl",
  "kcc@kadaster.nl",
  "kcc@kadaster.nl"
]

15:22:47.430 [ForkJoinPool-1-worker-11] INFO  com.intuit.karate - [print] organisation: [
  "Kadaster",
  "Kadaster",
  "Kadaster"
]

15:22:47.435 [ForkJoinPool-1-worker-11] INFO  com.intuit.karate - [print] [
  "http://kadaster/06b6c650-cdb1-11dd-ad8b-0800200c9a77"
]

15:22:47.500 [ForkJoinPool-1-worker-5] INFO  com.intuit.karate - [print] title:Bodemgebruik
15:22:47.500 [ForkJoinPool-1-worker-5] INFO  com.intuit.karate - [print] Bodemgebruik
15:22:47.501 [ForkJoinPool-1-worker-5] INFO  com.intuit.karate - [print] [
  "PPB-GVA@kadaster.nl",
  "kcc@kadaster.nl",
  "kcc@kadaster.nl"
]

15:22:47.502 [ForkJoinPool-1-worker-5] INFO  com.intuit.karate - [print] organisation: [
  "Kadaster",
  "Kadaster",
  "Kadaster"
]

15:22:47.506 [ForkJoinPool-1-worker-5] INFO  com.intuit.karate - [print] [
  "http://kadaster/06b6c650-cdb1-11dd-ad8b-0800200c9a78"
]

15:22:47.538 [ForkJoinPool-1-worker-9] INFO  com.intuit.karate - [print] title:Richtlijn Stedelijk Afvalwater - agglomeraties Nederland EU2015
15:22:47.539 [ForkJoinPool-1-worker-9] INFO  com.intuit.karate - [print] Richtlijn Stedelijk Afvalwater - agglomeraties Nederland EU2015
15:22:47.540 [ForkJoinPool-1-worker-9] INFO  com.intuit.karate - [print] [
  "servicedesk-data@rijkswaterstaat.nl",
  "servicedesk-data@rijkswaterstaat.nl",
  "",
  "servicedesk-data@rijkswaterstaat.nl",
  "servicedesk-data@rijkswaterstaat.nl"
]

15:22:47.541 [ForkJoinPool-1-worker-9] INFO  com.intuit.karate - [print] organisation: [
  "Rijkswaterstaat",
  "Rijkswaterstaat",
  "",
  "Rijkswaterstaat",
  "Rijkswaterstaat"
]

15:22:47.543 [ForkJoinPool-1-worker-9] INFO  com.intuit.karate - [print] [
  "https://www.nationaalgeoregister.nl/geonetwork/srv/dut/catalog.search#/metadata/uwwtd-9d8e-4758-83fa-28b057f185e1",
  "http://rdfdata.eionet.europa.eu/inspirethemes/themes/24",
  "http://inspire.ec.europa.eu/metadata-codelist/PriorityDataset#",
  "https://ngr.geocat.live/geonetwork/srv/eng/thesaurus.download?ref=external.theme.httpinspireeceuropaeumetadatacodelistPrioritydataset-Prioritydataset",
  "urn:ogc:def:crs:EPSG::5709"
]

15:22:47.762 [ForkJoinPool-1-worker-3] INFO  com.intuit.karate - [print] title:Emissies naar lucht en water in 2015 vanuit de industrie
15:22:47.762 [ForkJoinPool-1-worker-3] INFO  com.intuit.karate - [print] Emissies naar lucht en water in 2015 vanuit de industrie
15:22:47.762 [ForkJoinPool-1-worker-3] INFO  com.intuit.karate - [print] [
  "emissieregistratie@rivm.nl",
  "",
  "emissieregistratie@rivm.nl"
]

15:22:47.763 [ForkJoinPool-1-worker-3] INFO  com.intuit.karate - [print] organisation: no organisationName found in dataset record
15:22:47.766 [ForkJoinPool-1-worker-3] INFO  com.intuit.karate - [print] [
  "https://data.rivm.nl/inspire/id#c6d62f69-7be0-4c19-a4af-d146c6a3c166"
]

15:22:47.879 [ForkJoinPool-1-worker-7] INFO  com.intuit.karate - [print] title:Geluidkaart Schiphol 2016 (Lden)
15:22:47.879 [ForkJoinPool-1-worker-7] INFO  com.intuit.karate - [print] Geluidkaart Schiphol 2016 (Lden)
15:22:47.880 [ForkJoinPool-1-worker-7] INFO  com.intuit.karate - [print] [
  "sylvia.koolmees@minienw.nl",
  "sylvia.koolmees@minienw.nl"
]

15:22:47.881 [ForkJoinPool-1-worker-7] INFO  com.intuit.karate - [print] organisation: [
  "Ministerie van IenW",
  "Ministerie van IenW"
]

15:22:47.883 [ForkJoinPool-1-worker-7] INFO  com.intuit.karate - [print] [
  "https://www.nationaalgeoregister.nl/geonetwork/srv/api/records83dab947-387b-49df-8ad2-32bb10d46d38"
]

15:22:47.908 [ForkJoinPool-1-worker-13] INFO  com.intuit.karate - [print] title:Gemeten Ammoniak concentraties in buitenlucht.
15:22:47.909 [ForkJoinPool-1-worker-13] INFO  com.intuit.karate - [print] Gemeten Ammoniak concentraties in buitenlucht.
15:22:47.909 [ForkJoinPool-1-worker-13] INFO  com.intuit.karate - [print] [
  "geodata@rivm.nl",
  "geodata@rivm.nl"
]

15:22:47.910 [ForkJoinPool-1-worker-13] INFO  com.intuit.karate - [print] organisation: no organisationName found in dataset record
15:22:47.912 [ForkJoinPool-1-worker-13] INFO  com.intuit.karate - [print] [
  "https://data.rivm.nl/inspire/id#4504a4b2-3179-44b3-a5a9-b67b693c514d"
]

15:22:48.045 [ForkJoinPool-1-worker-11] INFO  com.intuit.karate - [print] title:Luchtfoto 2016 25cm RGB open data
15:22:48.046 [ForkJoinPool-1-worker-11] INFO  com.intuit.karate - [print] Luchtfoto 2016 25cm RGB open data
15:22:48.047 [ForkJoinPool-1-worker-11] INFO  com.intuit.karate - [print] [
  "PPB-GVA@kadaster.nl",
  "info@hetwaterschapshuis.nl",
  "kcc@kadaster.nl",
  "",
  "",
  "",
  "",
  "",
  ""
]

15:22:48.049 [ForkJoinPool-1-worker-11] INFO  com.intuit.karate - [print] organisation: [
  "Kadaster",
  "Het Waterschapshuis",
  "Kadaster",
  "Eurosense",
  "Eurosense",
  "Eurosense",
  "Kadaster",
  "Kadaster"
]

15:22:48.052 [ForkJoinPool-1-worker-11] INFO  com.intuit.karate - [print] [
  "http://kadaster/2482250f-3b00-4439-9f93-f3118229b014",
  "",
  "",
  ""
]

15:22:48.297 [ForkJoinPool-1-worker-9] INFO  com.intuit.karate - [print] title:EEZ volgens UNCLOS - Noordzee
15:22:48.297 [ForkJoinPool-1-worker-9] INFO  com.intuit.karate - [print] EEZ volgens UNCLOS - Noordzee
15:22:48.297 [ForkJoinPool-1-worker-9] INFO  com.intuit.karate - [print] [
  "data@hydro.nl",
  "data@hydro.nl",
  "data@hydro.nl",
  "",
  ""
]

15:22:48.298 [ForkJoinPool-1-worker-9] INFO  com.intuit.karate - [print] organisation: [
  "Ministerie van Defensie, Koninklijke Marine, Dienst der Hydrografie",
  "Ministerie van Defensie, Koninklijke Marine, Dienst der Hydrografie",
  "Ministerie van Defensie, Koninklijke Marine, Dienst der Hydrografie"
]

15:22:48.301 [ForkJoinPool-1-worker-9] INFO  com.intuit.karate - [print] [
  "http://www.opengis.net/def/crs/EPSG/0/https://www.opengis.net/def/crs/EPSG/0/4258",
  "https://www.nationaalgeoregister.nl/geonetwork/srv/api/recordse8b84fae-00b3-49c1-80c1-df8f69f64e8c"
]

15:22:48.316 [ForkJoinPool-1-worker-5] INFO  com.intuit.karate - [print] title:Vervoersnetwerken
15:22:48.317 [ForkJoinPool-1-worker-5] INFO  com.intuit.karate - [print] Vervoersnetwerken
15:22:48.318 [ForkJoinPool-1-worker-5] INFO  com.intuit.karate - [print] [
  "PPB-GVA@kadaster.nl",
  "kcc@kadaster.nl",
  "kcc@kadaster.nl"
]

15:22:48.319 [ForkJoinPool-1-worker-5] INFO  com.intuit.karate - [print] organisation: [
  "Kadaster",
  "Kadaster",
  "Kadaster"
]

15:22:48.322 [ForkJoinPool-1-worker-5] INFO  com.intuit.karate - [print] [
  "http://kadaster/06b6c650-cdb1-11dd-ad8b-0800200c9a75"
]

15:22:48.379 [ForkJoinPool-1-worker-3] INFO  com.intuit.karate - [print] title:Mossel- en oesterhabitats
15:22:48.379 [ForkJoinPool-1-worker-3] INFO  com.intuit.karate - [print] Mossel- en oesterhabitats
15:22:48.380 [ForkJoinPool-1-worker-3] INFO  com.intuit.karate - [print] [
  "geodatabeheer.giscc@rvo.nl",
  "geodatabeheer.giscc@rvo.nl",
  "info@wur.nl",
  "BeheerPDOK@kadaster.nl"
]

15:22:48.381 [ForkJoinPool-1-worker-3] INFO  com.intuit.karate - [print] organisation: [
  "Ministerie van Economische Zaken - GIS Competence Center",
  "Wageningen Marine Research",
  "PDOK"
]

15:22:48.383 [ForkJoinPool-1-worker-3] INFO  com.intuit.karate - [print] [
  "https://www.nationaalgeoregister.nl/geonetwork/srv/dut/catalog.search#/metadata/3d59fd06-9aec-4744-91e7-65e119f74569"
]

15:22:48.499 [ForkJoinPool-1-worker-7] INFO  com.intuit.karate - [print] title:Oppervlaktegeologie, Geologische kaart onder INSPIRE
15:22:48.499 [ForkJoinPool-1-worker-7] INFO  com.intuit.karate - [print] Oppervlaktegeologie, Geologische kaart onder INSPIRE
15:22:48.500 [ForkJoinPool-1-worker-7] INFO  com.intuit.karate - [print] [
  "info@dinoloket.nl",
  "info@dinoloket.nl",
  "info@dinoloket.nl"
]

15:22:48.501 [ForkJoinPool-1-worker-7] INFO  com.intuit.karate - [print] organisation: [
  "TNO Geologische Dienst Nederland",
  "TNO Geologische Dienst Nederland",
  "TNO Geologische Dienst Nederland"
]

15:22:48.507 [ForkJoinPool-1-worker-7] INFO  com.intuit.karate - [print] [
  "https://nationaalgeoregister.nl/geonetwork/srv/resources66495385-8f7b-4661-85a7-11a2bbcbb6b9",
  "http://rdfdata.eionet.europa.eu/inspirethemes/themes/13",
  "http://geonetwork-opensource.org/inspire-theme#",
  "https://www.nationaalgeoregister.nl/geonetwork/srv/eng/thesaurus.download?ref=external.theme.inspire-theme"
]

15:22:48.605 [ForkJoinPool-1-worker-13] INFO  com.intuit.karate - [print] title:Kaderrichtlijn Water - Oppervlaktewaterlichamen Nederland EU2015 riviernetwerk
15:22:48.605 [ForkJoinPool-1-worker-13] INFO  com.intuit.karate - [print] Kaderrichtlijn Water - Oppervlaktewaterlichamen Nederland EU2015 riviernetwerk
15:22:48.606 [ForkJoinPool-1-worker-13] INFO  com.intuit.karate - [print] [
  "servicedesk@ihw.nl",
  "servicedesk@ihw.nl",
  "",
  "servicedesk-data@rijkswaterstaat.nl",
  "servicedesk-data@rijkswaterstaat.nl"
]

15:22:48.607 [ForkJoinPool-1-worker-13] INFO  com.intuit.karate - [print] organisation: [
  "Informatiehuis Water",
  "Informatiehuis Water",
  "",
  "Rijkswaterstaat",
  "Rijkswaterstaat"
]

15:22:48.610 [ForkJoinPool-1-worker-13] INFO  com.intuit.karate - [print] [
  "https://www.nationaalgeoregister.nl/geonetwork/srv/dut/catalog.search#/metadata/a1960e70-22f4-4fd9-91a8-b605c6ceda3e",
  "http://rdfdata.eionet.europa.eu/inspirethemes/themes/24",
  "http://inspire.ec.europa.eu/metadata-codelist/PriorityDataset#",
  "https://ngr.geocat.live/geonetwork/srv/eng/thesaurus.download?ref=external.theme.httpinspireeceuropaeumetadatacodelistPrioritydataset-Prioritydataset"
]

15:22:48.643 [ForkJoinPool-1-worker-11] INFO  com.intuit.karate - [print] title:Geluidszones rondom bedrijventerreinen zowel provinciaal als gemeentelijk
15:22:48.643 [ForkJoinPool-1-worker-11] INFO  com.intuit.karate - [print] Geluidszones rondom bedrijventerreinen zowel provinciaal als gemeentelijk
15:22:48.644 [ForkJoinPool-1-worker-11] INFO  com.intuit.karate - [print] [
  "inspire@gbo-provincies.nl",
  "inspire@gbo-provincies.nl",
  "inspire@gbo-provincies.nl"
]

15:22:48.644 [ForkJoinPool-1-worker-11] INFO  com.intuit.karate - [print] organisation: [
  "Interprovinciaal Overleg",
  "Interprovinciaal Overleg",
  "Interprovinciaal Overleg"
]

15:22:48.648 [ForkJoinPool-1-worker-11] INFO  com.intuit.karate - [print] [
  "http://www.opengis.net/def/crs/EPSG/0/http://www.opengis.net/def/crs/EPSG/0/3034",
  "http://nationaalgeoregister.nl/geonetwork/srv/dut/csw?SERVICE=CSW&version=2.0.2&REQUEST=GetRecordById&elementSetName=full&OutputSchema=http://www.isotc211.org/2005/gmd&ID=34e6165f-1269-48d1-b255-0f05d163d692",
  "https://creativecommons.org/publicdomain/mark/*/deed.nl",
  ""
]

15:22:48.911 [ForkJoinPool-1-worker-9] INFO  com.intuit.karate - [print] title:Kaderrichtlijn Mariene Strategie - Rapportage eenheden Nederland EU2018
15:22:48.911 [ForkJoinPool-1-worker-9] INFO  com.intuit.karate - [print] Kaderrichtlijn Mariene Strategie - Rapportage eenheden Nederland EU2018
15:22:48.912 [ForkJoinPool-1-worker-9] INFO  com.intuit.karate - [print] [
  "servicedesk-data@rijkswaterstaat.nl",
  "servicedesk-data@rijkswaterstaat.nl",
  "",
  "servicedesk-data@rijkswaterstaat.nl",
  "servicedesk-data@rijkswaterstaat.nl"
]

15:22:48.912 [ForkJoinPool-1-worker-9] INFO  com.intuit.karate - [print] organisation: [
  "Rijkswaterstaat",
  "Rijkswaterstaat",
  "",
  "Rijkswaterstaat",
  "Rijkswaterstaat"
]

15:22:48.917 [ForkJoinPool-1-worker-9] INFO  com.intuit.karate - [print] [
  "https://www.nationaalgeoregister.nl/geonetwork/srv/dut/catalog.search#/metadata/krm-a905-9d8e-4758-83fa-28b057f185e3",
  "http://rdfdata.eionet.europa.eu/inspirethemes/themes/24",
  "http://inspire.ec.europa.eu/metadata-codelist/PriorityDataset#",
  "https://ngr.geocat.live/geonetwork/srv/eng/thesaurus.download?ref=external.theme.httpinspireeceuropaeumetadatacodelistPrioritydataset-Prioritydataset"
]

15:22:49.024 [ForkJoinPool-1-worker-5] INFO  com.intuit.karate - [print] title:Geografische Namen (INSPIRE geharmoniseerd)
15:22:49.024 [ForkJoinPool-1-worker-5] INFO  com.intuit.karate - [print] Geografische Namen (INSPIRE geharmoniseerd)
15:22:49.026 [ForkJoinPool-1-worker-5] INFO  com.intuit.karate - [print] [
  "PPB-GVA@kadaster.nl",
  "kcc@kadaster.nl"
]

15:22:49.027 [ForkJoinPool-1-worker-5] INFO  com.intuit.karate - [print] organisation: [
  "Kadaster",
  "Kadaster"
]

15:22:49.029 [ForkJoinPool-1-worker-5] INFO  com.intuit.karate - [print] [
  "http://kadaster/3bf3f7f3-8ac9-4203-bb95-2c932d5f0f3e"
]

15:22:49.043 [ForkJoinPool-1-worker-3] INFO  com.intuit.karate - [print] title:Maritieme grenzen - basislijn Noordzee
15:22:49.043 [ForkJoinPool-1-worker-3] INFO  com.intuit.karate - [print] Maritieme grenzen - basislijn Noordzee
15:22:49.044 [ForkJoinPool-1-worker-3] INFO  com.intuit.karate - [print] [
  "data@hydro.nl",
  "data@hydro.nl",
  "data@hydro.nl"
]

15:22:49.045 [ForkJoinPool-1-worker-3] INFO  com.intuit.karate - [print] organisation: [
  "Ministerie van Defensie, Koninklijke Marine, Dienst der Hydrografie",
  "Ministerie van Defensie, Koninklijke Marine, Dienst der Hydrografie",
  "Ministerie van Defensie, Koninklijke Marine, Dienst der Hydrografie"
]

15:22:49.048 [ForkJoinPool-1-worker-3] INFO  com.intuit.karate - [print] [
  "http://www.opengis.net/def/crs/EPSG/0/https://www.opengis.net/def/crs/EPSG/0/4258",
  "https://ngr.acceptatie.nationaalgeoregister.nl/geonetwork/srv/resourcesd7ab6903-1152-450b-b81d-042682dcfd03"
]

15:22:49.173 [ForkJoinPool-1-worker-7] INFO  com.intuit.karate - [print] title:Overstromingsgevaarkaarten
15:22:49.174 [ForkJoinPool-1-worker-7] INFO  com.intuit.karate - [print] Overstromingsgevaarkaarten
15:22:49.175 [ForkJoinPool-1-worker-7] INFO  com.intuit.karate - [print] [
  "inspire@gbo-provincies.nl",
  "inspire@gbo-provincies.nl",
  "inspire@gbo-provincies.nl"
]

15:22:49.176 [ForkJoinPool-1-worker-7] INFO  com.intuit.karate - [print] organisation: [
  "Interprovinciaal Overleg",
  "Interprovinciaal Overleg",
  "Interprovinciaal Overleg"
]

15:22:49.179 [ForkJoinPool-1-worker-7] INFO  com.intuit.karate - [print] [
  "http://nationaalgeoregister.nl/geonetwork/srv/dut/csw?SERVICE=CSW&version=2.0.2&REQUEST=GetRecordById&elementSetName=full&OutputSchema=http://www.isotc211.org/2005/gmd&ID=bc2c53f6-c908-4d7c-a6c0-78d9a2855640",
  "https://creativecommons.org/publicdomain/mark/*/deed.nl",
  ""
]

15:22:49.215 [ForkJoinPool-1-worker-13] INFO  com.intuit.karate - [print] title:Kadastrale Percelen (INSPIRE geharmoniseerd)
15:22:49.215 [ForkJoinPool-1-worker-13] INFO  com.intuit.karate - [print] Kadastrale Percelen (INSPIRE geharmoniseerd)
15:22:49.215 [ForkJoinPool-1-worker-13] INFO  com.intuit.karate - [print] [
  "PPB-GVA@kadaster.nl",
  "kcc@kadaster.nl",
  "",
  ""
]

15:22:49.217 [ForkJoinPool-1-worker-13] INFO  com.intuit.karate - [print] organisation: [
  "Kadaster",
  "Kadaster"
]

15:22:49.219 [ForkJoinPool-1-worker-13] INFO  com.intuit.karate - [print] [
  "http://www.opengis.net/def/crs/EPSG/0/http://www.opengis.net/def/crs/EPSG/0/4258",
  "http://kadaster/0f9b8c87-80a6-435f-b3b3-e07c3918d344"
]

15:22:49.328 [ForkJoinPool-1-worker-11] INFO  com.intuit.karate - [print] title:Luchtfoto 2018 25cm RGB open data
15:22:49.329 [ForkJoinPool-1-worker-11] INFO  com.intuit.karate - [print] Luchtfoto 2018 25cm RGB open data
15:22:49.330 [ForkJoinPool-1-worker-11] INFO  com.intuit.karate - [print] [
  "PPB-GVA@kadaster.nl",
  "info@hetwaterschapshuis.nl",
  "kcc@kadaster.nl",
  "",
  "",
  "",
  "",
  "",
  ""
]

15:22:49.331 [ForkJoinPool-1-worker-11] INFO  com.intuit.karate - [print] organisation: [
  "Kadaster",
  "Het Waterschapshuis",
  "Kadaster",
  "Eurosense",
  "Eurosense",
  "Eurosense",
  "Kadaster",
  "Kadaster"
]

15:22:49.333 [ForkJoinPool-1-worker-11] INFO  com.intuit.karate - [print] [
  "http://kadaster/2482250f-3b00-4439-9f93-f3118229b020",
  "",
  "",
  ""
]

15:22:49.598 [ForkJoinPool-1-worker-9] INFO  com.intuit.karate - [print] title:Publiekrechtelijke beperkingen
15:22:49.598 [ForkJoinPool-1-worker-9] INFO  com.intuit.karate - [print] Publiekrechtelijke beperkingen
15:22:49.598 [ForkJoinPool-1-worker-9] INFO  com.intuit.karate - [print] [
  "PPB-GVA@kadaster.nl",
  "kcc@kadaster.nl"
]

15:22:49.599 [ForkJoinPool-1-worker-9] INFO  com.intuit.karate - [print] organisation: [
  "Kadaster",
  "Kadaster"
]

15:22:49.601 [ForkJoinPool-1-worker-9] INFO  com.intuit.karate - [print] [
  "http://kadaster/e2318c58-b1e6-4621-9c77-33b8a1fd0124"
]

15:22:49.728 [ForkJoinPool-1-worker-3] INFO  com.intuit.karate - [print] title:Olie- en gasvelden onder INSPIRE
15:22:49.728 [ForkJoinPool-1-worker-3] INFO  com.intuit.karate - [print] Olie- en gasvelden onder INSPIRE
15:22:49.729 [ForkJoinPool-1-worker-3] INFO  com.intuit.karate - [print] [
  "info@dinoloket.nl",
  "info@dinoloket.nl",
  "info@dinoloket.nl"
]

15:22:49.729 [ForkJoinPool-1-worker-3] INFO  com.intuit.karate - [print] organisation: [
  "TNO Geologische Dienst Nederland",
  "TNO Geologische Dienst Nederland",
  "TNO Geologische Dienst Nederland"
]

15:22:49.732 [ForkJoinPool-1-worker-3] INFO  com.intuit.karate - [print] [
  "https://nationaalgeoregister.nl/geonetwork/srv/resources49e49382-674d-4ce8-9f4a-ba4dd2265eef",
  "http://rdfdata.eionet.europa.eu/inspirethemes/themes/33",
  "http://geonetwork-opensource.org/inspire-theme#",
  "https://www.nationaalgeoregister.nl/geonetwork/srv/eng/thesaurus.download?ref=external.theme.inspire-theme"
]

15:22:49.778 [ForkJoinPool-1-worker-5] INFO  com.intuit.karate - [print] title:CBS gebiedsindelingen
15:22:49.778 [ForkJoinPool-1-worker-5] INFO  com.intuit.karate - [print] CBS gebiedsindelingen
15:22:49.779 [ForkJoinPool-1-worker-5] INFO  com.intuit.karate - [print] [
  "infoservice@cbs.nl",
  "infoservice@cbs.nl",
  "infoservice@cbs.nl",
  "",
  ""
]

15:22:49.780 [ForkJoinPool-1-worker-5] INFO  com.intuit.karate - [print] organisation: [
  "Centraal Bureau voor de Statistiek",
  "Centraal Bureau voor de Statistiek",
  "Centraal Bureau voor de Statistiek",
  "Kadaster"
]

15:22:49.783 [ForkJoinPool-1-worker-5] INFO  com.intuit.karate - [print] [
  "https://geodata.nationaalgeoregister.nl/cbsgebiedsindelingen/atom/cbsgebiedsindelingen.xml",
  ""
]

15:22:49.926 [ForkJoinPool-1-worker-7] INFO  com.intuit.karate - [print] title:Geluidkaart hoofdspoornet 2016 (Lnight)
15:22:49.926 [ForkJoinPool-1-worker-7] INFO  com.intuit.karate - [print] Geluidkaart hoofdspoornet 2016 (Lnight)
15:22:49.927 [ForkJoinPool-1-worker-7] INFO  com.intuit.karate - [print] [
  "sylvia.koolmees@minienw.nl",
  "sylvia.koolmees@minienw.nl"
]

15:22:49.928 [ForkJoinPool-1-worker-7] INFO  com.intuit.karate - [print] organisation: [
  "Ministerie van IenW",
  "Ministerie van IenW"
]

15:22:49.931 [ForkJoinPool-1-worker-7] INFO  com.intuit.karate - [print] [
  "https://www.nationaalgeoregister.nl/geonetwork/srv/api/records/002d9127-c16d-4b8d-9f5e-102a8c8e36c4"
]

15:22:49.956 [ForkJoinPool-1-worker-13] INFO  com.intuit.karate - [print] title:Werelderfgoed
15:22:49.956 [ForkJoinPool-1-worker-13] INFO  com.intuit.karate - [print] Werelderfgoed
15:22:49.956 [ForkJoinPool-1-worker-13] INFO  com.intuit.karate - [print] [
  "info@cultureelerfgoed.nl",
  "info@cultureelerfgoed.nl",
  "info@cultureelerfgoed.nl"
]

15:22:49.957 [ForkJoinPool-1-worker-13] INFO  com.intuit.karate - [print] organisation: [
  "Rijksdienst voor het Cultureel Erfgoed",
  "Rijksdienst voor het Cultureel Erfgoed",
  "Rijksdienst voor het Cultureel Erfgoed"
]

15:22:49.959 [ForkJoinPool-1-worker-13] INFO  com.intuit.karate - [print] [
  "http://services.rce.geovoorziening.nl/www/download/nl.xml"
]

15:22:49.971 [ForkJoinPool-1-worker-11] INFO  com.intuit.karate - [print] title:Rijksmonumenten (verouderd)
15:22:49.971 [ForkJoinPool-1-worker-11] INFO  com.intuit.karate - [print] Rijksmonumenten (verouderd)
15:22:49.972 [ForkJoinPool-1-worker-11] INFO  com.intuit.karate - [print] [
  "info@cultureelerfgoed.nl",
  "info@cultureelerfgoed.nl"
]

15:22:49.972 [ForkJoinPool-1-worker-11] INFO  com.intuit.karate - [print] organisation: [
  "Rijksdienst voor het Cultureel Erfgoed",
  "Rijksdienst voor het Cultureel Erfgoed"
]

15:22:49.974 [ForkJoinPool-1-worker-11] INFO  com.intuit.karate - [print] [
  "http://services.rce.geovoorziening.nl/www/download/nl.xml",
  "",
  ""
]

15:22:50.204 [ForkJoinPool-1-worker-9] INFO  com.intuit.karate - [print] title:Gemeten fijnere fractie van Fijn stof concentraties in buitenlucht.
15:22:50.204 [ForkJoinPool-1-worker-9] INFO  com.intuit.karate - [print] Gemeten fijnere fractie van Fijn stof concentraties in buitenlucht.
15:22:50.205 [ForkJoinPool-1-worker-9] INFO  com.intuit.karate - [print] [
  "geodata@rivm.nl",
  "geodata@rivm.nl"
]

15:22:50.205 [ForkJoinPool-1-worker-9] INFO  com.intuit.karate - [print] organisation: no organisationName found in dataset record
15:22:50.208 [ForkJoinPool-1-worker-9] INFO  com.intuit.karate - [print] [
  "https://data.rivm.nl/inspire/id#df9bc66f-941b-4c38-a104-1b8d940a53db"
]

15:22:50.426 [ForkJoinPool-1-worker-5] INFO  com.intuit.karate - [print] title:Stads- en Dorpsgezichten
15:22:50.426 [ForkJoinPool-1-worker-5] INFO  com.intuit.karate - [print] Stads- en Dorpsgezichten
15:22:50.427 [ForkJoinPool-1-worker-3] INFO  com.intuit.karate - [print] title:Gemeten Stikstofdioxide concentraties in buitenlucht.
15:22:50.427 [ForkJoinPool-1-worker-3] INFO  com.intuit.karate - [print] Gemeten Stikstofdioxide concentraties in buitenlucht.
15:22:50.427 [ForkJoinPool-1-worker-5] INFO  com.intuit.karate - [print] [
  "info@cultureelerfgoed.nl",
  "info@cultureelerfgoed.nl",
  "info@cultureelerfgoed.nl"
]

15:22:50.429 [ForkJoinPool-1-worker-5] INFO  com.intuit.karate - [print] organisation: [
  "Rijksdienst voor het Cultureel Erfgoed",
  "Rijksdienst voor het Cultureel Erfgoed",
  "Rijksdienst voor het Cultureel Erfgoed"
]

15:22:50.428 [ForkJoinPool-1-worker-3] INFO  com.intuit.karate - [print] [
  "geodata@rivm.nl",
  "geodata@rivm.nl"
]

15:22:50.429 [ForkJoinPool-1-worker-3] INFO  com.intuit.karate - [print] organisation: RIVM
15:22:50.433 [ForkJoinPool-1-worker-3] INFO  com.intuit.karate - [print] [
  "https://data.rivm.nl/inspire?id#505e9f1e-84bc-4856-9771-4295db998bb6"
]

15:22:50.434 [ForkJoinPool-1-worker-5] INFO  com.intuit.karate - [print] [
  "http://services.rce.geovoorziening.nl/www/download/nl.xml"
]

15:22:50.582 [ForkJoinPool-1-worker-7] INFO  com.intuit.karate - [print] title:Vervoersnetwerken - Luchttransport (INSPIRE geharmoniseerd)
15:22:50.582 [ForkJoinPool-1-worker-7] INFO  com.intuit.karate - [print] Vervoersnetwerken - Luchttransport (INSPIRE geharmoniseerd)
15:22:50.583 [ForkJoinPool-1-worker-7] INFO  com.intuit.karate - [print] [
  "PPB-GVA@kadaster.nl",
  "kcc@kadaster.nl"
]

15:22:50.587 [ForkJoinPool-1-worker-7] INFO  com.intuit.karate - [print] organisation: [
  "Kadaster",
  "Kadaster"
]

15:22:50.589 [ForkJoinPool-1-worker-7] INFO  com.intuit.karate - [print] [
  "http://www.opengis.net/def/crs/EPSG/0/http://www.opengis.net/def/crs/EPSG/0/4258",
  "http://kadaster/3b7bb05b-2d2e-4329-9a72-0eac19e315de"
]

15:22:50.645 [ForkJoinPool-1-worker-11] INFO  com.intuit.karate - [print] title:Beperkingen voor voertuigen (INSPIRE geharmoniseerde data)
15:22:50.645 [ForkJoinPool-1-worker-11] INFO  com.intuit.karate - [print] Beperkingen voor voertuigen (INSPIRE geharmoniseerde data)
15:22:50.646 [ForkJoinPool-1-worker-11] INFO  com.intuit.karate - [print] [
  "ontheffingen@rdw.nl",
  "ontheffingen@rdw.nl",
  "",
  ""
]

15:22:50.647 [ForkJoinPool-1-worker-11] INFO  com.intuit.karate - [print] organisation: [
  "RDW",
  "RDW",
  "RDW"
]

15:22:50.649 [ForkJoinPool-1-worker-11] INFO  com.intuit.karate - [print] [
  "http://inspire.rdw.nl/www/download/Licentie-Geogedeeld-RDW.pdf",
  ""
]

15:22:50.690 [ForkJoinPool-1-worker-13] INFO  com.intuit.karate - [print] title:Landelijk zoet en zoutwatermeetnet - Rijkswaterstaat
15:22:50.690 [ForkJoinPool-1-worker-13] INFO  com.intuit.karate - [print] Landelijk zoet en zoutwatermeetnet - Rijkswaterstaat
15:22:50.691 [ForkJoinPool-1-worker-13] INFO  com.intuit.karate - [print] [
  "servicedesk-data@rijkswaterstaat.nl",
  "servicedesk-data@rijkswaterstaat.nl",
  "",
  "servicedesk-data@rijkswaterstaat.nl",
  "servicedesk-data@rijkswaterstaat.nl"
]

15:22:50.692 [ForkJoinPool-1-worker-13] INFO  com.intuit.karate - [print] organisation: [
  "Rijkswaterstaat",
  "Rijkswaterstaat",
  "",
  "Rijkswaterstaat",
  "Rijkswaterstaat"
]

15:22:50.695 [ForkJoinPool-1-worker-13] INFO  com.intuit.karate - [print] [
  "https://www.nationaalgeoregister.nl/geonetwork/srv/dut/catalog.search#/metadata/68ebd5c9-0ea1-4f22-9907-ec4c063cd3e2",
  "http://rdfdata.eionet.europa.eu/inspirethemes/themes/20",
  "urn:ogc:def:crs:EPSG::5709"
]

15:22:50.788 [ForkJoinPool-1-worker-9] INFO  com.intuit.karate - [print] title:Gemeten Koolstofmonoxide concentraties in buitenlucht.
15:22:50.788 [ForkJoinPool-1-worker-9] INFO  com.intuit.karate - [print] Gemeten Koolstofmonoxide concentraties in buitenlucht.
15:22:50.789 [ForkJoinPool-1-worker-9] INFO  com.intuit.karate - [print] [
  "geodata@rivm.nl",
  "geodata@rivm.nl"
]

15:22:50.790 [ForkJoinPool-1-worker-9] INFO  com.intuit.karate - [print] organisation: RIVM
15:22:50.797 [ForkJoinPool-1-worker-9] INFO  com.intuit.karate - [print] [
  "https://data.rivm.nl/inspire/id#a3b9f437-f571-4a00-b3c3-58e4354c244f"
]

15:22:50.997 [ForkJoinPool-1-worker-5] INFO  com.intuit.karate - [print] title:Hydrografie waterschappen INSPIRE
15:22:50.997 [ForkJoinPool-1-worker-5] INFO  com.intuit.karate - [print] Hydrografie waterschappen INSPIRE
15:22:50.998 [ForkJoinPool-1-worker-5] INFO  com.intuit.karate - [print] [
  "datastromen@hetwaterschapshuis.nl",
  "datastromen@hetwaterschapshuis.nl",
  "",
  "datastromen@hetwaterschapshuis.nl"
]

15:22:50.999 [ForkJoinPool-1-worker-5] INFO  com.intuit.karate - [print] organisation: [
  "Het Waterschapshuis",
  "Het Waterschapshuis",
  "Het Waterschapshuis",
  "Het Waterschapshuis"
]

15:22:51.001 [ForkJoinPool-1-worker-5] INFO  com.intuit.karate - [print] [
  "http://www.opengis.net/def/crs/EPSG/0/ETRS89",
  "https://www.nationaalgeoregister.nl/geonetwork/srv/api/records07575774-57a1-4419-bab4-6c88fdeb02b2"
]

15:22:51.107 [ForkJoinPool-1-worker-3] INFO  com.intuit.karate - [print] title:BRO GeoTOP (GTM)
15:22:51.107 [ForkJoinPool-1-worker-3] INFO  com.intuit.karate - [print] BRO GeoTOP (GTM)
15:22:51.107 [ForkJoinPool-1-worker-3] INFO  com.intuit.karate - [print] [
  "info@bro.nl",
  "info@bro.nl",
  "info@dinoloket.nl"
]

15:22:51.108 [ForkJoinPool-1-worker-3] INFO  com.intuit.karate - [print] organisation: [
  "TNO Geologische Dienst Nederland",
  "TNO Geologische Dienst Nederland",
  "TNO Geologische Dienst Nederland"
]

15:22:51.111 [ForkJoinPool-1-worker-3] INFO  com.intuit.karate - [print] [
  "http://www.opengis.net/def/crs/EPSG/0/NAP",
  "https://ngr.acceptatie.nationaalgeoregister.nl/geonetwork/srv/resourcesddf87610-2724-11e2-81c1-0800200c9a66"
]

15:22:51.225 [ForkJoinPool-1-worker-7] INFO  com.intuit.karate - [print] title:Wijk- en Buurtkaart 2019 versie 1
15:22:51.225 [ForkJoinPool-1-worker-7] INFO  com.intuit.karate - [print] Wijk- en Buurtkaart 2019 versie 1
15:22:51.226 [ForkJoinPool-1-worker-7] INFO  com.intuit.karate - [print] [
  "infoservice@cbs.nl",
  "infoservice@cbs.nl",
  "infoservice@cbs.nl",
  "",
  ""
]

15:22:51.227 [ForkJoinPool-1-worker-7] INFO  com.intuit.karate - [print] organisation: [
  "Centraal Bureau voor de Statistiek",
  "Centraal Bureau voor de Statistiek",
  "Centraal Bureau voor de Statistiek",
  "Kadaster"
]

15:22:51.230 [ForkJoinPool-1-worker-7] INFO  com.intuit.karate - [print] [
  ""
]

15:22:51.265 [ForkJoinPool-1-worker-11] INFO  com.intuit.karate - [print] title:Luchtfoto 2019 25cm CIR open data
15:22:51.265 [ForkJoinPool-1-worker-11] INFO  com.intuit.karate - [print] Luchtfoto 2019 25cm CIR open data
15:22:51.267 [ForkJoinPool-1-worker-11] INFO  com.intuit.karate - [print] [
  "PPB-GVA@kadaster.nl",
  "info@hetwaterschapshuis.nl",
  "kcc@kadaster.nl",
  "",
  "",
  "",
  "",
  "",
  ""
]

15:22:51.269 [ForkJoinPool-1-worker-11] INFO  com.intuit.karate - [print] organisation: [
  "Kadaster",
  "Het Waterschapshuis",
  "Kadaster",
  "Geocart",
  "Geocart",
  "Geocart",
  "Kadaster",
  "Kadaster"
]

15:22:51.271 [ForkJoinPool-1-worker-11] INFO  com.intuit.karate - [print] [
  "http://kadaster/2482250f-3b00-4439-9f93-f3118229b024",
  "",
  "",
  ""
]

15:22:51.317 [ForkJoinPool-1-worker-13] INFO  com.intuit.karate - [print] title:Kwaliteit van drinkwater in Nederland (2012)
15:22:51.317 [ForkJoinPool-1-worker-13] INFO  com.intuit.karate - [print] Kwaliteit van drinkwater in Nederland (2012)
15:22:51.318 [ForkJoinPool-1-worker-13] INFO  com.intuit.karate - [print] [
  "geodata@rivm.nl",
  "",
  "geodata@rivm.nl"
]

15:22:51.318 [ForkJoinPool-1-worker-13] INFO  com.intuit.karate - [print] organisation: [
  "RIVM",
  ""
]

15:22:51.320 [ForkJoinPool-1-worker-13] INFO  com.intuit.karate - [print] [
  "https://data.rivm.nl/inspire/id#a98a6cdb-61cd-4107-b775-2334e6772ed5"
]

15:22:51.353 [ForkJoinPool-1-worker-9] INFO  com.intuit.karate - [print] title:Gemeten Stikstofmonoxide concentraties in buitenlucht.
15:22:51.353 [ForkJoinPool-1-worker-9] INFO  com.intuit.karate - [print] Gemeten Stikstofmonoxide concentraties in buitenlucht.
15:22:51.353 [ForkJoinPool-1-worker-9] INFO  com.intuit.karate - [print] [
  "geodata@rivm.nl",
  "geodata@rivm.nl"
]

15:22:51.354 [ForkJoinPool-1-worker-9] INFO  com.intuit.karate - [print] organisation: no organisationName found in dataset record
15:22:51.356 [ForkJoinPool-1-worker-9] INFO  com.intuit.karate - [print] [
  "https://data.rivm.nl/inspire/id#b867ba72-5a7c-41fe-b997-394b56dfbd25"
]

15:22:51.599 [ForkJoinPool-1-worker-5] INFO  com.intuit.karate - [print] title:Natuurlijke alfa activiteitsconcentratie in lucht Nationaal Meetnet Radioactiviteit 2011
15:22:51.599 [ForkJoinPool-1-worker-5] INFO  com.intuit.karate - [print] Natuurlijke alfa activiteitsconcentratie in lucht Nationaal Meetnet Radioactiviteit 2011
15:22:51.601 [ForkJoinPool-1-worker-5] INFO  com.intuit.karate - [print] [
  "geodata@rivm.nl",
  "",
  "geodata@rivm.nl"
]

15:22:51.602 [ForkJoinPool-1-worker-5] INFO  com.intuit.karate - [print] organisation: no organisationName found in dataset record
15:22:51.604 [ForkJoinPool-1-worker-5] INFO  com.intuit.karate - [print] [
  "https://data.rivm.nl/inspire/id#10fcd5a9-3804-48e3-bcbd-d816594dbb6f"
]

15:22:51.703 [ForkJoinPool-1-worker-3] INFO  com.intuit.karate - [print] title:Netwerk van KNMI waarneemstations
15:22:51.703 [ForkJoinPool-1-worker-3] INFO  com.intuit.karate - [print] Netwerk van KNMI waarneemstations
15:22:51.704 [ForkJoinPool-1-worker-3] INFO  com.intuit.karate - [print] [
  "datacentrum@knmi.nl",
  "datacentrum@knmi.nl",
  "datacentrum@knmi.nl"
]

15:22:51.705 [ForkJoinPool-1-worker-3] INFO  com.intuit.karate - [print] organisation: [
  "Koninklijk Nederlands Meteorologisch Instituut (KNMI)",
  "Koninklijk Nederlands Meteorologisch Instituut (KNMI)",
  "Koninklijk Nederlands Meteorologisch Instituut (KNMI)"
]

15:22:51.708 [ForkJoinPool-1-worker-3] INFO  com.intuit.karate - [print] [
  "https://www.nationaalgeoregister.nl/geonetwork/srv/api/records6c6be9c5-b09b-4dcf-a5fd-f149cbaca6fb",
  "https://creativecommons.org/publicdomain/zero/*/deed.nl"
]

15:22:51.761 [ForkJoinPool-1-worker-13] INFO  com.intuit.karate - [print] title:Luchtvaartinformatie
15:22:51.761 [ForkJoinPool-1-worker-13] INFO  com.intuit.karate - [print] Luchtvaartinformatie
15:22:51.762 [ForkJoinPool-1-worker-13] INFO  com.intuit.karate - [print] [
  "AIS@LVNL.NL",
  "AIS@LVNL.nl"
]

15:22:51.763 [ForkJoinPool-1-worker-13] INFO  com.intuit.karate - [print] organisation: [
  "Luchtverkeersleiding Nederland (LVNL)",
  "Luchtverkeersleiding Nederland (LVNL)"
]

15:22:51.765 [ForkJoinPool-1-worker-13] INFO  com.intuit.karate - [print] [
  "u",
  "r",
  "n",
  ":",
  "o",
  "g",
  "c",
  ":",
  "d",
  "e",
  "f",
  ":",
  "c",
  "r",
  "s",
  ":",
  "E",
  "P",
  "S",
  "G",
  ":",
  ":",
  "5",
  "6",
  "2",
  "1"
]

15:22:51.814 [ForkJoinPool-1-worker-7] INFO  com.intuit.karate - [print] title:Gebieden in de Eemsmonding en de Dollard
15:22:51.814 [ForkJoinPool-1-worker-7] INFO  com.intuit.karate - [print] Gebieden in de Eemsmonding en de Dollard
15:22:51.815 [ForkJoinPool-1-worker-7] INFO  com.intuit.karate - [print] [
  "data@hydro.nl",
  "data@hydro.nl",
  "data@hydro.nl"
]

15:22:51.816 [ForkJoinPool-1-worker-7] INFO  com.intuit.karate - [print] organisation: [
  "Ministerie van Defensie, Koninklijke Marine, Dienst der Hydrografie",
  "Ministerie van Defensie, Koninklijke Marine, Dienst der Hydrografie"
]

15:22:51.818 [ForkJoinPool-1-worker-7] INFO  com.intuit.karate - [print] [
  "http://www.opengis.net/def/crs/EPSG/0/https://www.opengis.net/def/crs/EPSG/0/4258",
  "https://www.nationaalgeoregister.nl/geonetwork/srv/api/recordsf44dac86-2228-412f-8355-e56446ca9933",
  "www.hydro.nl"
]

15:22:51.984 [ForkJoinPool-1-worker-11] INFO  com.intuit.karate - [print] title:Luchtfoto 2019 25cm RGB open data
15:22:51.984 [ForkJoinPool-1-worker-11] INFO  com.intuit.karate - [print] Luchtfoto 2019 25cm RGB open data
15:22:51.986 [ForkJoinPool-1-worker-11] INFO  com.intuit.karate - [print] [
  "PPB-GVA@kadaster.nl",
  "info@hetwaterschapshuis.nl",
  "kcc@kadaster.nl",
  "",
  "",
  "",
  "",
  "",
  ""
]

15:22:51.987 [ForkJoinPool-1-worker-11] INFO  com.intuit.karate - [print] organisation: [
  "Kadaster",
  "Het Waterschapshuis",
  "Kadaster",
  "Geocart",
  "Geocart",
  "Geocart",
  "Kadaster",
  "Kadaster"
]

15:22:51.990 [ForkJoinPool-1-worker-11] INFO  com.intuit.karate - [print] [
  "http://kadaster/2482250f-3b00-4439-9f93-f3118229b023",
  "",
  "",
  ""
]

15:22:52.113 [ForkJoinPool-1-worker-9] INFO  com.intuit.karate - [print] title:TOP10NL
15:22:52.113 [ForkJoinPool-1-worker-9] INFO  com.intuit.karate - [print] TOP10NL
15:22:52.114 [ForkJoinPool-1-worker-9] INFO  com.intuit.karate - [print] [
  "PPB-GVA@kadaster.nl",
  "kcc@kadaster.nl",
  "kcc@kadaster.nl",
  "",
  "",
  "",
  "",
  "",
  ""
]

15:22:52.116 [ForkJoinPool-1-worker-9] INFO  com.intuit.karate - [print] organisation: [
  "Kadaster",
  "Kadaster",
  "Kadaster",
  "Kadaster",
  "Kadaster",
  "Kadaster",
  "Kadaster",
  "Kadaster",
  "Kadaster"
]

15:22:52.119 [ForkJoinPool-1-worker-9] INFO  com.intuit.karate - [print] [
  "http://kadaster/2482250f-3b00-4439-9f93-f3118229b201",
  "",
  "",
  "",
  "",
  ""
]

15:22:52.308 [ForkJoinPool-1-worker-5] INFO  com.intuit.karate - [print] title:Geologisch booronderzoek onder INSPIRE
15:22:52.309 [ForkJoinPool-1-worker-5] INFO  com.intuit.karate - [print] Geologisch booronderzoek onder INSPIRE
15:22:52.309 [ForkJoinPool-1-worker-5] INFO  com.intuit.karate - [print] [
  "info@dinoloket.nl",
  "info@dinoloket.nl",
  "info@dinoloket.nl"
]

15:22:52.311 [ForkJoinPool-1-worker-5] INFO  com.intuit.karate - [print] organisation: [
  "TNO Geologische Dienst Nederland",
  "TNO Geologische Dienst Nederland",
  "TNO Geologische Dienst Nederland"
]

15:22:52.313 [ForkJoinPool-1-worker-5] INFO  com.intuit.karate - [print] [
  "https://nationaalgeoregister.nl/geonetwork/srv/resources7d4d5090-8b18-4c30-a07a-9d738039112f",
  "http://rdfdata.eionet.europa.eu/inspirethemes/themes/13",
  "http://geonetwork-opensource.org/inspire-theme#",
  "https://www.nationaalgeoregister.nl/geonetwork/srv/eng/thesaurus.download?ref=external.theme.inspire-theme"
]

15:22:52.319 [ForkJoinPool-1-worker-3] INFO  com.intuit.karate - [print] title:Monitoring stations (Nitraatrichtlijn) ondiepe filters
15:22:52.319 [ForkJoinPool-1-worker-3] INFO  com.intuit.karate - [print] Monitoring stations (Nitraatrichtlijn) ondiepe filters
15:22:52.320 [ForkJoinPool-1-worker-3] INFO  com.intuit.karate - [print] [
  "geodata@rivm.nl",
  "",
  "geodata@rivm.nl"
]

15:22:52.320 [ForkJoinPool-1-worker-3] INFO  com.intuit.karate - [print] organisation: no organisationName found in dataset record
15:22:52.322 [ForkJoinPool-1-worker-3] INFO  com.intuit.karate - [print] [
  "https://data.rivm.nl/inspire/id#7247293d-2113-44d8-b335-8167b2ec4d1b"
]

15:22:52.487 [ForkJoinPool-1-worker-13] INFO  com.intuit.karate - [print] title:Gemeten Ozon concentraties in buitenlucht.
15:22:52.487 [ForkJoinPool-1-worker-13] INFO  com.intuit.karate - [print] Gemeten Ozon concentraties in buitenlucht.
15:22:52.488 [ForkJoinPool-1-worker-13] INFO  com.intuit.karate - [print] [
  "geodata@rivm.nl",
  "geodata@rivm.nl"
]

15:22:52.489 [ForkJoinPool-1-worker-13] INFO  com.intuit.karate - [print] organisation: no organisationName found in dataset record
15:22:52.492 [ForkJoinPool-1-worker-13] INFO  com.intuit.karate - [print] [
  "https://data.rivm.nl/inspire/id#fd9c4f87-026e-4681-8d94-9702f3c83078"
]

15:22:52.529 [ForkJoinPool-1-worker-7] INFO  com.intuit.karate - [print] title:Wijk- en Buurtkaart 2017 versie 3
15:22:52.530 [ForkJoinPool-1-worker-7] INFO  com.intuit.karate - [print] Wijk- en Buurtkaart 2017 versie 3
15:22:52.531 [ForkJoinPool-1-worker-7] INFO  com.intuit.karate - [print] [
  "infoservice@cbs.nl",
  "infoservice@cbs.nl",
  "infoservice@cbs.nl",
  "",
  ""
]

15:22:52.533 [ForkJoinPool-1-worker-7] INFO  com.intuit.karate - [print] organisation: [
  "Centraal Bureau voor de Statistiek",
  "Centraal Bureau voor de Statistiek",
  "Centraal Bureau voor de Statistiek",
  "Kadaster"
]

15:22:52.536 [ForkJoinPool-1-worker-7] INFO  com.intuit.karate - [print] [
  ""
]

15:22:52.734 [ForkJoinPool-1-worker-11] INFO  com.intuit.karate - [print] title:Vervoersnetwerken - Wegen (INSPIRE geharmoniseerd)
15:22:52.734 [ForkJoinPool-1-worker-11] INFO  com.intuit.karate - [print] Vervoersnetwerken - Wegen (INSPIRE geharmoniseerd)
15:22:52.735 [ForkJoinPool-1-worker-11] INFO  com.intuit.karate - [print] [
  "PPB-GVA@kadaster.nl",
  "kcc@kadaster.nl"
]

15:22:52.736 [ForkJoinPool-1-worker-11] INFO  com.intuit.karate - [print] organisation: [
  "Kadaster",
  "Kadaster"
]

15:22:52.740 [ForkJoinPool-1-worker-11] INFO  com.intuit.karate - [print] [
  "http://www.opengis.net/def/crs/EPSG/0/http://www.opengis.net/def/crs/EPSG/0/4258",
  "http://kadaster/df1a98c0-58ba-48ff-8825-b4fb6322c586"
]

15:22:52.820 [ForkJoinPool-1-worker-9] INFO  com.intuit.karate - [print] title:Actuele synoptische weerwaarnemingen KNMI Nederland per 10 minuten (24 uur)
15:22:52.820 [ForkJoinPool-1-worker-9] INFO  com.intuit.karate - [print] Actuele synoptische weerwaarnemingen KNMI Nederland per 10 minuten (24 uur)
15:22:52.821 [ForkJoinPool-1-worker-9] INFO  com.intuit.karate - [print] [
  "datacentrum@knmi.nl",
  "datacentrum@knmi.nl",
  "datacentrum@knmi.nl"
]

15:22:52.823 [ForkJoinPool-1-worker-9] INFO  com.intuit.karate - [print] organisation: [
  "Koninklijk Nederlands Meteorologisch Instituut (KNMI)",
  "Koninklijk Nederlands Meteorologisch Instituut (KNMI)",
  "Koninklijk Nederlands Meteorologisch Instituut (KNMI)"
]

15:22:52.826 [ForkJoinPool-1-worker-9] INFO  com.intuit.karate - [print] [
  "https://www.nationaalgeoregister.nl/geonetwork/srv/api/records1b2abd21-3084-4db7-ab49-46866b4aac2b",
  "https://creativecommons.org/publicdomain/zero/*/deed.nl"
]

15:22:53.064 [ForkJoinPool-1-worker-5] INFO  com.intuit.karate - [print] title:Emissies naar het riool in 2011 vanuit de industrie
15:22:53.064 [ForkJoinPool-1-worker-5] INFO  com.intuit.karate - [print] Emissies naar het riool in 2011 vanuit de industrie
15:22:53.065 [ForkJoinPool-1-worker-5] INFO  com.intuit.karate - [print] [
  "emissieregistratie@rivm.nl",
  "",
  "emissieregistratie@rivm.nl"
]

15:22:53.066 [ForkJoinPool-1-worker-5] INFO  com.intuit.karate - [print] organisation: no organisationName found in dataset record
15:22:53.069 [ForkJoinPool-1-worker-5] INFO  com.intuit.karate - [print] [
  "https://data.rivm.nl/inspire/id#e6ddc53d-04c4-435d-bedd-a5ace2dc0313"
]

15:22:53.079 [ForkJoinPool-1-worker-3] INFO  com.intuit.karate - [print] title:Hydrografie - Physical Waters (INSPIRE geharmoniseerd)
15:22:53.079 [ForkJoinPool-1-worker-3] INFO  com.intuit.karate - [print] Hydrografie - Physical Waters (INSPIRE geharmoniseerd)
15:22:53.080 [ForkJoinPool-1-worker-3] INFO  com.intuit.karate - [print] [
  "PPB-GVA@kadaster.nl",
  "kcc@kadaster.nl"
]

15:22:53.082 [ForkJoinPool-1-worker-3] INFO  com.intuit.karate - [print] organisation: [
  "Kadaster",
  "Kadaster"
]

15:22:53.087 [ForkJoinPool-1-worker-3] INFO  com.intuit.karate - [print] [
  "http://www.opengis.net/def/crs/EPSG/0/http://www.opengis.net/def/crs/EPSG/0/4258",
  "http://kadaster/70a0f618-9d4f-4be9-9d9d-11106ff6971c"
]

15:22:53.263 [ForkJoinPool-1-worker-13] INFO  com.intuit.karate - [print] title:Bathymetrie Nederland - binnenwateren
15:22:53.263 [ForkJoinPool-1-worker-13] INFO  com.intuit.karate - [print] Bathymetrie Nederland - binnenwateren
15:22:53.264 [ForkJoinPool-1-worker-13] INFO  com.intuit.karate - [print] [
  "servicedesk-data@rijkswaterstaat.nl",
  "servicedesk-data@rijkswaterstaat.nl",
  "",
  "servicedesk-data@rijkswaterstaat.nl",
  "servicedesk-data@rijkswaterstaat.nl"
]

15:22:53.265 [ForkJoinPool-1-worker-13] INFO  com.intuit.karate - [print] organisation: [
  "Rijkswaterstaat",
  "Rijkswaterstaat",
  "",
  "Rijkswaterstaat",
  "Rijkswaterstaat"
]

15:22:53.268 [ForkJoinPool-1-worker-13] INFO  com.intuit.karate - [print] [
  "https://www.nationaalgeoregister.nl/geonetwork/srv/dut/catalog.search#/metadata/adn73c4a-ef03-4785-b7f6-942e86b385f7",
  "http://rdfdata.eionet.europa.eu/inspirethemes/themes/10",
  "urn:ogc:def:crs:EPSG::5709"
]

15:22:53.367 [ForkJoinPool-1-worker-7] INFO  com.intuit.karate - [print] title:Vergunningen Mijnbouwwet onder INSPIRE
15:22:53.367 [ForkJoinPool-1-worker-7] INFO  com.intuit.karate - [print] Vergunningen Mijnbouwwet onder INSPIRE
15:22:53.368 [ForkJoinPool-1-worker-7] INFO  com.intuit.karate - [print] [
  "info@dinoloket.nl",
  "info@dinoloket.nl",
  "info@dinoloket.nl"
]

15:22:53.369 [ForkJoinPool-1-worker-7] INFO  com.intuit.karate - [print] organisation: [
  "TNO Geologische Dienst Nederland",
  "TNO Geologische Dienst Nederland",
  "TNO Geologische Dienst Nederland"
]

15:22:53.372 [ForkJoinPool-1-worker-7] INFO  com.intuit.karate - [print] [
  "https://nationaalgeoregister.nl/geonetwork/srv/resources8bdf76b6-c9c9-4011-a7bc-022ae14a4024",
  "http://rdfdata.eionet.europa.eu/inspirethemes/themes/24",
  "http://geonetwork-opensource.org/inspire-theme#",
  "https://www.nationaalgeoregister.nl/geonetwork/srv/eng/thesaurus.download?ref=external.theme.inspire-theme"
]

15:22:53.488 [ForkJoinPool-1-worker-11] INFO  com.intuit.karate - [print] title:Afvalinrichtingen inclusief nucleaire inrichtingen
15:22:53.488 [ForkJoinPool-1-worker-11] INFO  com.intuit.karate - [print] Afvalinrichtingen inclusief nucleaire inrichtingen
15:22:53.489 [ForkJoinPool-1-worker-11] INFO  com.intuit.karate - [print] [
  "inspire@gbo-provincies.nl",
  "inspire@gbo-provincies.nl",
  "inspire@gbo-provincies.nl"
]

15:22:53.490 [ForkJoinPool-1-worker-11] INFO  com.intuit.karate - [print] organisation: [
  "Interprovinciaal Overleg",
  "Interprovinciaal Overleg",
  "Interprovinciaal Overleg"
]

15:22:53.493 [ForkJoinPool-1-worker-11] INFO  com.intuit.karate - [print] [
  "http://nationaalgeoregister.nl/geonetwork/srv/dut/csw?SERVICE=CSW&version=2.0.2&REQUEST=GetRecordById&elementSetName=full&OutputSchema=http://www.isotc211.org/2005/gmd&ID=f5f68d51-2ca4-4897-8227-d3938b2b0a7e",
  "https://creativecommons.org/publicdomain/mark/*/deed.nl",
  ""
]

15:22:53.639 [ForkJoinPool-1-worker-9] INFO  com.intuit.karate - [print] title:Landbouwbedrijven
15:22:53.640 [ForkJoinPool-1-worker-9] INFO  com.intuit.karate - [print] Landbouwbedrijven
15:22:53.640 [ForkJoinPool-1-worker-9] INFO  com.intuit.karate - [print] [
  "geodatabeheer.giscc@rvo.nl",
  "gegevensvragenASB@rvo.nl",
  "gegevensvragenASB@rvo.nl"
]

15:22:53.641 [ForkJoinPool-1-worker-9] INFO  com.intuit.karate - [print] organisation: no organisationName found in dataset record
15:22:53.643 [ForkJoinPool-1-worker-9] INFO  com.intuit.karate - [print] [
  "https://www.nationaalgeoregister.nl/geonetwork/srv/dut/catalog.search#/metadata/0d6ccccc-7cfb-4eaa-8dc5-8b433d19b121",
  "http://geogedeeld.geonovum.nl/"
]

15:22:53.848 [ForkJoinPool-1-worker-5] INFO  com.intuit.karate - [print] title:Richtlijn Overstromingsrisico - gebieden met Potentieel Significant Overstromingsrisico EU2018 vlakken
15:22:53.849 [ForkJoinPool-1-worker-5] INFO  com.intuit.karate - [print] Richtlijn Overstromingsrisico - gebieden met Potentieel Significant Overstromingsrisico EU2018 vlakken
15:22:53.850 [ForkJoinPool-1-worker-5] INFO  com.intuit.karate - [print] [
  "servicedesk-data@rijkswaterstaat.nl",
  "servicedesk-data@rijkswaterstaat.nl",
  "",
  "servicedesk-data@rijkswaterstaat.nl",
  "servicedesk-data@rijkswaterstaat.nl"
]

15:22:53.854 [ForkJoinPool-1-worker-3] INFO  com.intuit.karate - [print] title:Zones volgens EU Gemeenschappelijk Visserijbeleid tot 3M en 6M
15:22:53.854 [ForkJoinPool-1-worker-3] INFO  com.intuit.karate - [print] Zones volgens EU Gemeenschappelijk Visserijbeleid tot 3M en 6M
15:22:53.854 [ForkJoinPool-1-worker-5] INFO  com.intuit.karate - [print] organisation: [
  "Rijkswaterstaat",
  "Rijkswaterstaat",
  "",
  "Rijkswaterstaat",
  "Rijkswaterstaat"
]

15:22:53.855 [ForkJoinPool-1-worker-3] INFO  com.intuit.karate - [print] [
  "data@hydro.nl",
  "data@hydro.nl",
  "data@hydro.nl",
  "",
  ""
]

15:22:53.857 [ForkJoinPool-1-worker-3] INFO  com.intuit.karate - [print] organisation: [
  "Ministerie van Defensie, Koninklijke Marine, Dienst der Hydrografie",
  "Ministerie van Defensie, Koninklijke Marine, Dienst der Hydrografie",
  "Ministerie van Defensie, Koninklijke Marine, Dienst der Hydrografie"
]

15:22:53.860 [ForkJoinPool-1-worker-3] INFO  com.intuit.karate - [print] [
  "http://www.opengis.net/def/crs/EPSG/0/https://www.opengis.net/def/crs/EPSG/0/4258",
  "https://www.nationaalgeoregister.nl/geonetwork/srv/api/records4617f0e0-6af4-4ac0-9044-31df9d03071c"
]

15:22:53.863 [ForkJoinPool-1-worker-5] INFO  com.intuit.karate - [print] [
  "https://www.nationaalgeoregister.nl/geonetwork/srv/dut/catalog.search#/metadata/ror-9d8e-4758-83fx-28b057f185e1",
  "http://rdfdata.eionet.europa.eu/inspirethemes/themes/25",
  "http://inspire.ec.europa.eu/metadata-codelist/PriorityDataset#",
  "https://ngr.geocat.live/geonetwork/srv/eng/thesaurus.download?ref=external.theme.httpinspireeceuropaeumetadatacodelistPrioritydataset-Prioritydataset",
  "urn:ogc:def:crs:EPSG::5709"
]

15:22:54.043 [ForkJoinPool-1-worker-13] INFO  com.intuit.karate - [print] title:Habitatrichtlijn verspreidingsgebied van habitattypen
15:22:54.043 [ForkJoinPool-1-worker-13] INFO  com.intuit.karate - [print] Habitatrichtlijn verspreidingsgebied van habitattypen
15:22:54.044 [ForkJoinPool-1-worker-13] INFO  com.intuit.karate - [print] [
  "geodatabeheer.giscc@rvo.nl",
  "",
  "GeoDesk.CGI@wur.nl",
  "geodatabeheer.giscc@rvo.nl",
  "beheerPDOK@kadaster.nl",
  ""
]

15:22:54.045 [ForkJoinPool-1-worker-13] INFO  com.intuit.karate - [print] organisation: [
  "Ministerie van Economische Zaken - GIS Competence Center",
  "",
  "Wageningen Environmental Research (Alterra)",
  "PDOK",
  "Alterra"
]

15:22:54.048 [ForkJoinPool-1-worker-13] INFO  com.intuit.karate - [print] [
  "https://ngr.acceptatie.nationaalgeoregister.nl/geonetwork/srv/resources03671a9e-6aaf-464d-be99-9aad25cef9e3"
]

15:22:54.257 [ForkJoinPool-1-worker-7] INFO  com.intuit.karate - [print] title:Natuurbranden
15:22:54.257 [ForkJoinPool-1-worker-7] INFO  com.intuit.karate - [print] Natuurbranden
15:22:54.258 [ForkJoinPool-1-worker-7] INFO  com.intuit.karate - [print] [
  "inspire@gbo-provincies.nl",
  "inspire@gbo-provincies.nl",
  "inspire@gbo-provincies.nl"
]

15:22:54.258 [ForkJoinPool-1-worker-7] INFO  com.intuit.karate - [print] organisation: [
  "Interprovinciaal Overleg",
  "Interprovinciaal Overleg",
  "Interprovinciaal Overleg"
]

15:22:54.261 [ForkJoinPool-1-worker-7] INFO  com.intuit.karate - [print] [
  "http://www.opengis.net/def/crs/EPSG/0/http://www.opengis.net/def/crs/EPSG/0/3034",
  "http://nationaalgeoregister.nl/geonetwork/srv/dut/csw?SERVICE=CSW&version=2.0.2&REQUEST=GetRecordById&elementSetName=full&OutputSchema=http://www.isotc211.org/2005/gmd&ID=88f76a94-ee4d-4e0c-9fde-91b692403e39",
  "https://creativecommons.org/publicdomain/mark/*/deed.nl",
  ""
]

15:22:54.441 [ForkJoinPool-1-worker-11] INFO  com.intuit.karate - [print] title:Richtlijn Stedelijk Afvalwater - lozingspunten Nederland EU2015
15:22:54.442 [ForkJoinPool-1-worker-11] INFO  com.intuit.karate - [print] Richtlijn Stedelijk Afvalwater - lozingspunten Nederland EU2015
15:22:54.443 [ForkJoinPool-1-worker-11] INFO  com.intuit.karate - [print] [
  "servicedesk-data@rijkswaterstaat.nl",
  "servicedesk-data@rijkswaterstaat.nl",
  "",
  "servicedesk-data@rijkswaterstaat.nl",
  "servicedesk-data@rijkswaterstaat.nl"
]

15:22:54.444 [ForkJoinPool-1-worker-11] INFO  com.intuit.karate - [print] organisation: [
  "Rijkswaterstaat",
  "Rijkswaterstaat",
  "",
  "Rijkswaterstaat",
  "Rijkswaterstaat"
]

15:22:54.447 [ForkJoinPool-1-worker-11] INFO  com.intuit.karate - [print] [
  "https://www.nationaalgeoregister.nl/geonetwork/srv/dut/catalog.search#/metadata/uwwtd-9d8e-4758-83fa-28b057f185e2",
  "http://rdfdata.eionet.europa.eu/inspirethemes/themes/24",
  "http://inspire.ec.europa.eu/metadata-codelist/PriorityDataset#",
  "https://ngr.geocat.live/geonetwork/srv/eng/thesaurus.download?ref=external.theme.httpinspireeceuropaeumetadatacodelistPrioritydataset-Prioritydataset",
  "urn:ogc:def:crs:EPSG::5709"
]

15:22:54.681 [ForkJoinPool-1-worker-9] INFO  com.intuit.karate - [print] title:Population Distribution NL
15:22:54.681 [ForkJoinPool-1-worker-9] INFO  com.intuit.karate - [print] Population Distribution NL
15:22:54.683 [ForkJoinPool-1-worker-9] INFO  com.intuit.karate - [print] [
  "infoservice@cbs.nl",
  "infoservice@cbs.nl",
  "infoservice@cbs.nl",
  "",
  ""
]

15:22:54.684 [ForkJoinPool-1-worker-9] INFO  com.intuit.karate - [print] organisation: [
  "Statistics Netherlands",
  "Statistics Netherlands",
  "Statistics Netherlandds",
  "Statistics Netherlands"
]

15:22:54.688 [ForkJoinPool-1-worker-9] INFO  com.intuit.karate - [print] [
]

15:22:54.916 [ForkJoinPool-1-worker-5] INFO  com.intuit.karate - [print] title:Actueel Hoogtebestand Nederland 1 (AHN1)
15:22:54.916 [ForkJoinPool-1-worker-5] INFO  com.intuit.karate - [print] Actueel Hoogtebestand Nederland 1 (AHN1)
15:22:54.917 [ForkJoinPool-1-worker-5] INFO  com.intuit.karate - [print] [
  "servicedesk-data@rijkswaterstaat.nl",
  "servicedesk-data@rijkswaterstaat.nl",
  "",
  "servicedesk-data@rijkswaterstaat.nl",
  "servicedesk-data@rijkswaterstaat.nl"
]

15:22:54.918 [ForkJoinPool-1-worker-5] INFO  com.intuit.karate - [print] organisation: [
  "Rijkswaterstaat",
  "stuurgroep AHN",
  "",
  "Rijkswaterstaat",
  "Rijkswaterstaat"
]

15:22:54.924 [ForkJoinPool-1-worker-5] INFO  com.intuit.karate - [print] [
  "https://www.nationaalgeoregister.nl/geonetwork/srv/dut/catalog.search#/metadata/5a1adb58-0bbe-425d-b0fe-577a6c0a4228",
  "http://rdfdata.eionet.europa.eu/inspirethemes/themes/10",
  "urn:ogc:def:crs:EPSG::5709"
]

15:22:55.081 [ForkJoinPool-1-worker-3] INFO  com.intuit.karate - [print] title:Vogelrichtlijn verspreidingsgebied van soorten
15:22:55.082 [ForkJoinPool-1-worker-3] INFO  com.intuit.karate - [print] Vogelrichtlijn verspreidingsgebied van soorten
15:22:55.083 [ForkJoinPool-1-worker-3] INFO  com.intuit.karate - [print] [
  "geodatabeheer.giscc@rvo.nl",
  "GeoDesk.CGI@wur.nl",
  "geodatabeheer.giscc@rvo.nl",
  "beheerPDOK@kadaster.nl",
  ""
]

15:22:55.085 [ForkJoinPool-1-worker-3] INFO  com.intuit.karate - [print] organisation: [
  "Ministerie van Economische Zaken - GIS Competence Center",
  "Wageningen Environmental Research (Alterra)",
  "PDOK",
  "Sovon Vogelonderzoek Nederland"
]

15:22:55.091 [ForkJoinPool-1-worker-3] INFO  com.intuit.karate - [print] [
  "https://www.nationaalgeoregister.nl/geonetwork/srv/dut/catalog.search#/metadata/cbeaebc3-815a-48af-a978-0e16892865fc"
]

15:22:55.171 [ForkJoinPool-1-worker-13] INFO  com.intuit.karate - [print] title:Maritieme grenzen - Noordzee
15:22:55.172 [ForkJoinPool-1-worker-13] INFO  com.intuit.karate - [print] Maritieme grenzen - Noordzee
15:22:55.172 [ForkJoinPool-1-worker-13] INFO  com.intuit.karate - [print] [
  "data@hydro.nl",
  "data@hydro.nl",
  "data@hydro.nl",
  "",
  ""
]

15:22:55.173 [ForkJoinPool-1-worker-13] INFO  com.intuit.karate - [print] organisation: [
  "Ministerie van Defensie, Koninklijke Marine, Dienst der Hydrografie",
  "Ministerie van Defensie, Koninklijke Marine, Dienst der Hydrografie",
  "Ministerie van Defensie, Koninklijke Marine, Dienst der Hydrografie"
]

15:22:55.176 [ForkJoinPool-1-worker-13] INFO  com.intuit.karate - [print] [
  "http://www.opengis.net/def/crs/EPSG/0/https://www.opengis.net/def/crs/EPSG/0/4258",
  "https://www.nationaalgeoregister.nl:443/geonetwork/srv/api/records/a5241416-8401-4623-be61-57ef50447a41"
]

15:22:55.256 [ForkJoinPool-1-worker-7] INFO  com.intuit.karate - [print] title:Geluidkaart hoofdspoornet 2011 (Lden)
15:22:55.256 [ForkJoinPool-1-worker-7] INFO  com.intuit.karate - [print] Geluidkaart hoofdspoornet 2011 (Lden)
15:22:55.257 [ForkJoinPool-1-worker-7] INFO  com.intuit.karate - [print] [
  "sylvia.koolmees@minienw.nl",
  "sylvia.koolmees@minienw.nl"
]

15:22:55.258 [ForkJoinPool-1-worker-7] INFO  com.intuit.karate - [print] organisation: [
  "Ministerie van IenW",
  "Ministerie van IenW"
]

15:22:55.261 [ForkJoinPool-1-worker-7] INFO  com.intuit.karate - [print] [
  "https://www.nationaalgeoregister.nl/geonetwork/srv/api/records844404a2-9cd0-452e-b29a-74588777485a"
]

15:22:55.504 [ForkJoinPool-1-worker-11] INFO  com.intuit.karate - [print] title:Natura 2000 (INSPIRE geharmoniseerd)
15:22:55.504 [ForkJoinPool-1-worker-11] INFO  com.intuit.karate - [print] Natura 2000 (INSPIRE geharmoniseerd)
15:22:55.505 [ForkJoinPool-1-worker-11] INFO  com.intuit.karate - [print] [
  "geodatabeheer.giscc@rvo.nl",
  "geodatabeheer.giscc@rvo.nl",
  "beheer@pdok.nl"
]

15:22:55.506 [ForkJoinPool-1-worker-11] INFO  com.intuit.karate - [print] organisation: Ministerie van Landbouw, Natuur en Voedselkwaliteit
15:22:55.509 [ForkJoinPool-1-worker-11] INFO  com.intuit.karate - [print] [
  "http://nationaalgeoregister.nl/geonetwork/srv/dut/catalog.search#/metadata/280ed37a-b8d2-4ac5-8567-04d84fad3a41",
  "https://creativecommons.org/publicdomain/mark/*/deed.nl",
  "https://data.overheid.nl/organisatie/PDOK"
]

15:22:56.574 [pool-1-thread-2] INFO  com.intuit.karate.Runner - <<fail>> feature 2 of 9: classpath:InspireTest/ngr/datasetrecords/ngr-check-dataset-record.feature
---------------------------------------------------------
feature: classpath:InspireTest/ngr/datasetrecords/ngr-check-dataset-record.feature
report: target/surefire-reports/InspireTest.ngr.datasetrecords.ngr-check-dataset-record.json
scenarios: 197 | passed: 194 | failed:  3 | time: 152.8155
---------------------------------------------------------
Karate version: 0.9.5
======================================================
elapsed: 218.16 | threads:    6 | thread time: 1293.37 
features:     5 | ignored:    4 | efficiency: 0.99
scenarios:  573 | passed:   393 | failed: 180
======================================================
failed features:
InspireTest.ngr.datasetrecords.check-known-links: [1.26:4] check-known-links.feature:10 - feature call (loop) failed: classpath:InspireTest/ngr/datasetrecords/def/checkxlinkurl.template.feature
caller: classpath:InspireTest/ngr/datasetrecords/check-known-links.feature
items: [{link=http://inspire.ec.europa.eu/metadata-codelist/OnLineDescriptionCode/endPoint}]
errors:
-------
feature call (loop) failed at index: 0
caller: classpath:InspireTest/ngr/datasetrecords/def/checkxlinkurl.template.feature
arg: {"link":"http://inspire.ec.europa.eu/metadata-codelist/OnLineDescriptionCode/endPoint"}
checkxlinkurl.template.feature:14 - 
java.net.SocketTimeoutException: Read timed out
InspireTest.ngr.datasetrecords.ngr-check-dataset-record: [1.16:16] ngr-check-dataset-record.feature:48 - xpath does not exist: /GetRecordByIdResponse//@href on response
[1.53:16] ngr-check-dataset-record.feature:48 - xpath does not exist: /GetRecordByIdResponse//@href on response
[1.96:16] ngr-check-dataset-record.feature:48 - xpath does not exist: /GetRecordByIdResponse//@href on response
InspireTest.ngr.datasetrecords.check-known-dataset-record: [1.1:18] check-known-dataset-record.feature:81 - feature call (loop) failed: classpath:InspireTest/ngr/datasetrecords/def/checkxlinkurl.template.feature
caller: classpath:InspireTest/ngr/datasetrecords/check-known-dataset-record.feature
items: [{link=http://nationaalgeoregister.nl/geonetwork/srv/dut/catalog.search#/metadata/247a1d15-0a67-40ce-85be-1403c08f15a8}, {link=xlink:href=https://inspire.ec.europa.eu/id/document/tg/ps}, {link=https://data.overheid.nl/organisatie/PDOK}]
errors:
-------
feature call (loop) failed at index: 1
caller: classpath:InspireTest/ngr/datasetrecords/def/checkxlinkurl.template.feature
arg: {"link":"xlink:href=https://inspire.ec.europa.eu/id/document/tg/ps"}
checkxlinkurl.template.feature:14 - 
org.apache.http.client.ClientProtocolException: URI does not specify a valid host name: xlink:href=https://inspire.ec.europa.eu/id/document/tg/ps
-------
feature call (loop) failed at index: 2
caller: classpath:InspireTest/ngr/datasetrecords/def/checkxlinkurl.template.feature
arg: {"link":"https://data.overheid.nl/organisatie/PDOK"}
checkxlinkurl.template.feature:22 - path: $, actual: 404, expected: 200, reason: not equal (Integer)
[1.2:18] check-known-dataset-record.feature:81 - feature call (loop) failed: classpath:InspireTest/ngr/datasetrecords/def/checkxlinkurl.template.feature
caller: classpath:InspireTest/ngr/datasetrecords/check-known-dataset-record.feature
items: [{link=http://kadaster/06b6c650-cdb1-11dd-ad8b-0800200c9a79}]
errors:
-------
feature call (loop) failed at index: 0
caller: classpath:InspireTest/ngr/datasetrecords/def/checkxlinkurl.template.feature
arg: {"link":"http://kadaster/06b6c650-cdb1-11dd-ad8b-0800200c9a79"}
checkxlinkurl.template.feature:14 - 
java.net.UnknownHostException: kadaster: Temporary failure in name resolution
[1.3:18] check-known-dataset-record.feature:81 - feature call (loop) failed: classpath:InspireTest/ngr/datasetrecords/def/checkxlinkurl.template.feature
caller: classpath:InspireTest/ngr/datasetrecords/check-known-dataset-record.feature
items: [{link=https://data.rivm.nl/inspire/id#64d546c9-71d4-4c84-a04c-61c5d0734f65}]
errors:
-------
feature call (loop) failed at index: 0
caller: classpath:InspireTest/ngr/datasetrecords/def/checkxlinkurl.template.feature
arg: {"link":"https://data.rivm.nl/inspire/id#64d546c9-71d4-4c84-a04c-61c5d0734f65"}
checkxlinkurl.template.feature:14 - 
javax.net.ssl.SSLException: Connection reset
[1.4:18] check-known-dataset-record.feature:81 - feature call (loop) failed: classpath:InspireTest/ngr/datasetrecords/def/checkxlinkurl.template.feature
caller: classpath:InspireTest/ngr/datasetrecords/check-known-dataset-record.feature
items: [{link=http://www.opengis.net/def/crs/EPSG/0/https://www.opengis.net/def/crs/EPSG/0/4258}, {link=https://www.nationaalgeoregister.nl/geonetwork/srv/api/recordsbe6551de-a709-4c6d-a5e2-f63f0cf038ba}]
errors:
-------
feature call (loop) failed at index: 1
caller: classpath:InspireTest/ngr/datasetrecords/def/checkxlinkurl.template.feature
arg: {"link":"https://www.nationaalgeoregister.nl/geonetwork/srv/api/recordsbe6551de-a709-4c6d-a5e2-f63f0cf038ba"}
checkxlinkurl.template.feature:22 - path: $, actual: 500, expected: 200, reason: not equal (Integer)
[1.5:18] check-known-dataset-record.feature:81 - feature call (loop) failed: classpath:InspireTest/ngr/datasetrecords/def/checkxlinkurl.template.feature
caller: classpath:InspireTest/ngr/datasetrecords/check-known-dataset-record.feature
items: [{link=http://www.opengis.net/def/crs/EPSG/0/http://www.opengis.net/def/crs/EPSG/0/4258}, {link=http://kadaster/80b2d12c-32be-54fg-b6d3—34f4ffc06cf3}]
errors:
-------
feature call (loop) failed at index: 1
caller: classpath:InspireTest/ngr/datasetrecords/def/checkxlinkurl.template.feature
arg: {"link":"http://kadaster/80b2d12c-32be-54fg-b6d3\u201434f4ffc06cf3"}
checkxlinkurl.template.feature:14 - 
java.net.UnknownHostException: kadaster
[1.6:18] check-known-dataset-record.feature:81 - feature call (loop) failed: classpath:InspireTest/ngr/datasetrecords/def/checkxlinkurl.template.feature
caller: classpath:InspireTest/ngr/datasetrecords/check-known-dataset-record.feature
items: [{link=h}, {link=t}, {link=t}, {link=p}, {link=:}, {link=/}, {link=/}, {link=s}, {link=t}, {link=a}, {link=n}, {link=d}, {link=a}, {link=r}, {link=d}, {link=s}, {link=.}, {link=i}, {link=s}, {link=o}, {link=.}, {link=o}, {link=r}, {link=g}, {link=/}, {link=i}, {link=t}, {link=t}, {link=f}, {link=/}, {link=P}, {link=u}, {link=b}, {link=l}, {link=i}, {link=c}, {link=l}, {link=y}, {link=A}, {link=v}, {link=a}, {link=i}, {link=l}, {link=a}, {link=b}, {link=l}, {link=e}, {link=S}, {link=t}, {link=a}, {link=n}, {link=d}, {link=a}, {link=r}, {link=d}, {link=s}, {link=/}, {link=I}, {link=S}, {link=O}, {link=_}, {link=1}, {link=9}, {link=1}, {link=3}, {link=9}, {link=_}, {link=S}, {link=c}, {link=h}, {link=e}, {link=m}, {link=a}, {link=s}, {link=/}, {link=r}, {link=e}, {link=s}, {link=o}, {link=u}, {link=r}, {link=c}, {link=e}, {link=s}, {link=/}, {link=u}, {link=o}, {link=m}, {link=/}, {link=g}, {link=m}, {link=x}, {link=U}, {link=o}, {link=m}, {link=.}, {link=x}, {link=m}, {link=l}, {link=#}, {link=m}]
errors:
-------
feature call (loop) failed at index: 0
caller: classpath:InspireTest/ngr/datasetrecords/def/checkxlinkurl.template.feature
arg: {"link":"h"}
checkxlinkurl.template.feature:14 - 
org.apache.http.client.ClientProtocolException
-------
feature call (loop) failed at index: 1
caller: classpath:InspireTest/ngr/datasetrecords/def/checkxlinkurl.template.feature
arg: {"link":"t"}
checkxlinkurl.template.feature:14 - 
org.apache.http.client.ClientProtocolException
-------
feature call (loop) failed at index: 2
caller: classpath:InspireTest/ngr/datasetrecords/def/checkxlinkurl.template.feature
arg: {"link":"t"}
checkxlinkurl.template.feature:14 - 
org.apache.http.client.ClientProtocolException
-------
feature call (loop) failed at index: 3
caller: classpath:InspireTest/ngr/datasetrecords/def/checkxlinkurl.template.feature
arg: {"link":"p"}
checkxlinkurl.template.feature:14 - 
org.apache.http.client.ClientProtocolException
-------
feature call (loop) failed at index: 4
caller: classpath:InspireTest/ngr/datasetrecords/def/checkxlinkurl.template.feature
arg: {"link":":"}
checkxlinkurl.template.feature:14 - java.net.URISyntaxException: Expected scheme name at index 0: :
-------
feature call (loop) failed at index: 5
caller: classpath:InspireTest/ngr/datasetrecords/def/checkxlinkurl.template.feature
arg: {"link":"/"}
checkxlinkurl.template.feature:14 - 
org.apache.http.client.ClientProtocolException
-------
feature call (loop) failed at index: 6
caller: classpath:InspireTest/ngr/datasetrecords/def/checkxlinkurl.template.feature
arg: {"link":"/"}
checkxlinkurl.template.feature:14 - 
org.apache.http.client.ClientProtocolException
-------
feature call (loop) failed at index: 7
caller: classpath:InspireTest/ngr/datasetrecords/def/checkxlinkurl.template.feature
arg: {"link":"s"}
checkxlinkurl.template.feature:14 - 
org.apache.http.client.ClientProtocolException
-------
feature call (loop) failed at index: 8
caller: classpath:InspireTest/ngr/datasetrecords/def/checkxlinkurl.template.feature
arg: {"link":"t"}
checkxlinkurl.template.feature:14 - 
org.apache.http.client.ClientProtocolException
-------
feature call (loop) failed at index: 9
caller: classpath:InspireTest/ngr/datasetrecords/def/checkxlinkurl.template.feature
arg: {"link":"a"}
checkxlinkurl.template.feature:14 - 
org.apache.http.client.ClientProtocolException
-------
feature call (loop) failed at index: 10
caller: classpath:InspireTest/ngr/datasetrecords/def/checkxlinkurl.template.feature
arg: {"link":"n"}
checkxlinkurl.template.feature:14 - 
org.apache.http.client.ClientProtocolException
-------
feature call (loop) failed at index: 11
caller: classpath:InspireTest/ngr/datasetrecords/def/checkxlinkurl.template.feature
arg: {"link":"d"}
checkxlinkurl.template.feature:14 - 
org.apache.http.client.ClientProtocolException
-------
feature call (loop) failed at index: 12
caller: classpath:InspireTest/ngr/datasetrecords/def/checkxlinkurl.template.feature
arg: {"link":"a"}
checkxlinkurl.template.feature:14 - 
org.apache.http.client.ClientProtocolException
-------
feature call (loop) failed at index: 13
caller: classpath:InspireTest/ngr/datasetrecords/def/checkxlinkurl.template.feature
arg: {"link":"r"}
checkxlinkurl.template.feature:14 - 
org.apache.http.client.ClientProtocolException
-------
feature call (loop) failed at index: 14
caller: classpath:InspireTest/ngr/datasetrecords/def/checkxlinkurl.template.feature
arg: {"link":"d"}
checkxlinkurl.template.feature:14 - 
org.apache.http.client.ClientProtocolException
-------
feature call (loop) failed at index: 15
caller: classpath:InspireTest/ngr/datasetrecords/def/checkxlinkurl.template.feature
arg: {"link":"s"}
checkxlinkurl.template.feature:14 - 
org.apache.http.client.ClientProtocolException
-------
feature call (loop) failed at index: 16
caller: classpath:InspireTest/ngr/datasetrecords/def/checkxlinkurl.template.feature
arg: {"link":"."}
checkxlinkurl.template.feature:14 - 
org.apache.http.client.ClientProtocolException
-------
feature call (loop) failed at index: 17
caller: classpath:InspireTest/ngr/datasetrecords/def/checkxlinkurl.template.feature
arg: {"link":"i"}
checkxlinkurl.template.feature:14 - 
org.apache.http.client.ClientProtocolException
-------
feature call (loop) failed at index: 18
caller: classpath:InspireTest/ngr/datasetrecords/def/checkxlinkurl.template.feature
arg: {"link":"s"}
checkxlinkurl.template.feature:14 - 
org.apache.http.client.ClientProtocolException
-------
feature call (loop) failed at index: 19
caller: classpath:InspireTest/ngr/datasetrecords/def/checkxlinkurl.template.feature
arg: {"link":"o"}
checkxlinkurl.template.feature:14 - 
org.apache.http.client.ClientProtocolException
-------
feature call (loop) failed at index: 20
caller: classpath:InspireTest/ngr/datasetrecords/def/checkxlinkurl.template.feature
arg: {"link":"."}
checkxlinkurl.template.feature:14 - 
org.apache.http.client.ClientProtocolException
-------
feature call (loop) failed at index: 21
caller: classpath:InspireTest/ngr/datasetrecords/def/checkxlinkurl.template.feature
arg: {"link":"o"}
checkxlinkurl.template.feature:14 - 
org.apache.http.client.ClientProtocolException
-------
feature call (loop) failed at index: 22
caller: classpath:InspireTest/ngr/datasetrecords/def/checkxlinkurl.template.feature
arg: {"link":"r"}
checkxlinkurl.template.feature:14 - 
org.apache.http.client.ClientProtocolException
-------
feature call (loop) failed at index: 23
caller: classpath:InspireTest/ngr/datasetrecords/def/checkxlinkurl.template.feature
arg: {"link":"g"}
checkxlinkurl.template.feature:14 - 
org.apache.http.client.ClientProtocolException
-------
feature call (loop) failed at index: 24
caller: classpath:InspireTest/ngr/datasetrecords/def/checkxlinkurl.template.feature
arg: {"link":"/"}
checkxlinkurl.template.feature:14 - 
org.apache.http.client.ClientProtocolException
-------
feature call (loop) failed at index: 25
caller: classpath:InspireTest/ngr/datasetrecords/def/checkxlinkurl.template.feature
arg: {"link":"i"}
checkxlinkurl.template.feature:14 - 
org.apache.http.client.ClientProtocolException
-------
feature call (loop) failed at index: 26
caller: classpath:InspireTest/ngr/datasetrecords/def/checkxlinkurl.template.feature
arg: {"link":"t"}
checkxlinkurl.template.feature:14 - 
org.apache.http.client.ClientProtocolException
-------
feature call (loop) failed at index: 27
caller: classpath:InspireTest/ngr/datasetrecords/def/checkxlinkurl.template.feature
arg: {"link":"t"}
checkxlinkurl.template.feature:14 - 
org.apache.http.client.ClientProtocolException
-------
feature call (loop) failed at index: 28
caller: classpath:InspireTest/ngr/datasetrecords/def/checkxlinkurl.template.feature
arg: {"link":"f"}
checkxlinkurl.template.feature:14 - 
org.apache.http.client.ClientProtocolException
-------
feature call (loop) failed at index: 29
caller: classpath:InspireTest/ngr/datasetrecords/def/checkxlinkurl.template.feature
arg: {"link":"/"}
checkxlinkurl.template.feature:14 - 
org.apache.http.client.ClientProtocolException
-------
feature call (loop) failed at index: 30
caller: classpath:InspireTest/ngr/datasetrecords/def/checkxlinkurl.template.feature
arg: {"link":"P"}
checkxlinkurl.template.feature:14 - 
org.apache.http.client.ClientProtocolException
-------
feature call (loop) failed at index: 31
caller: classpath:InspireTest/ngr/datasetrecords/def/checkxlinkurl.template.feature
arg: {"link":"u"}
checkxlinkurl.template.feature:14 - 
org.apache.http.client.ClientProtocolException
-------
feature call (loop) failed at index: 32
caller: classpath:InspireTest/ngr/datasetrecords/def/checkxlinkurl.template.feature
arg: {"link":"b"}
checkxlinkurl.template.feature:14 - 
org.apache.http.client.ClientProtocolException
-------
feature call (loop) failed at index: 33
caller: classpath:InspireTest/ngr/datasetrecords/def/checkxlinkurl.template.feature
arg: {"link":"l"}
checkxlinkurl.template.feature:14 - 
org.apache.http.client.ClientProtocolException
-------
feature call (loop) failed at index: 34
caller: classpath:InspireTest/ngr/datasetrecords/def/checkxlinkurl.template.feature
arg: {"link":"i"}
checkxlinkurl.template.feature:14 - 
org.apache.http.client.ClientProtocolException
-------
feature call (loop) failed at index: 35
caller: classpath:InspireTest/ngr/datasetrecords/def/checkxlinkurl.template.feature
arg: {"link":"c"}
checkxlinkurl.template.feature:14 - 
org.apache.http.client.ClientProtocolException
-------
feature call (loop) failed at index: 36
caller: classpath:InspireTest/ngr/datasetrecords/def/checkxlinkurl.template.feature
arg: {"link":"l"}
checkxlinkurl.template.feature:14 - 
org.apache.http.client.ClientProtocolException
-------
feature call (loop) failed at index: 37
caller: classpath:InspireTest/ngr/datasetrecords/def/checkxlinkurl.template.feature
arg: {"link":"y"}
checkxlinkurl.template.feature:14 - 
org.apache.http.client.ClientProtocolException
-------
feature call (loop) failed at index: 38
caller: classpath:InspireTest/ngr/datasetrecords/def/checkxlinkurl.template.feature
arg: {"link":"A"}
checkxlinkurl.template.feature:14 - 
org.apache.http.client.ClientProtocolException
-------
feature call (loop) failed at index: 39
caller: classpath:InspireTest/ngr/datasetrecords/def/checkxlinkurl.template.feature
arg: {"link":"v"}
checkxlinkurl.template.feature:14 - 
org.apache.http.client.ClientProtocolException
-------
feature call (loop) failed at index: 40
caller: classpath:InspireTest/ngr/datasetrecords/def/checkxlinkurl.template.feature
arg: {"link":"a"}
checkxlinkurl.template.feature:14 - 
org.apache.http.client.ClientProtocolException
-------
feature call (loop) failed at index: 41
caller: classpath:InspireTest/ngr/datasetrecords/def/checkxlinkurl.template.feature
arg: {"link":"i"}
checkxlinkurl.template.feature:14 - 
org.apache.http.client.ClientProtocolException
-------
feature call (loop) failed at index: 42
caller: classpath:InspireTest/ngr/datasetrecords/def/checkxlinkurl.template.feature
arg: {"link":"l"}
checkxlinkurl.template.feature:14 - 
org.apache.http.client.ClientProtocolException
-------
feature call (loop) failed at index: 43
caller: classpath:InspireTest/ngr/datasetrecords/def/checkxlinkurl.template.feature
arg: {"link":"a"}
checkxlinkurl.template.feature:14 - 
org.apache.http.client.ClientProtocolException
-------
feature call (loop) failed at index: 44
caller: classpath:InspireTest/ngr/datasetrecords/def/checkxlinkurl.template.feature
arg: {"link":"b"}
checkxlinkurl.template.feature:14 - 
org.apache.http.client.ClientProtocolException
-------
feature call (loop) failed at index: 45
caller: classpath:InspireTest/ngr/datasetrecords/def/checkxlinkurl.template.feature
arg: {"link":"l"}
checkxlinkurl.template.feature:14 - 
org.apache.http.client.ClientProtocolException
-------
feature call (loop) failed at index: 46
caller: classpath:InspireTest/ngr/datasetrecords/def/checkxlinkurl.template.feature
arg: {"link":"e"}
checkxlinkurl.template.feature:14 - 
org.apache.http.client.ClientProtocolException
-------
feature call (loop) failed at index: 47
caller: classpath:InspireTest/ngr/datasetrecords/def/checkxlinkurl.template.feature
arg: {"link":"S"}
checkxlinkurl.template.feature:14 - 
org.apache.http.client.ClientProtocolException
-------
feature call (loop) failed at index: 48
caller: classpath:InspireTest/ngr/datasetrecords/def/checkxlinkurl.template.feature
arg: {"link":"t"}
checkxlinkurl.template.feature:14 - 
org.apache.http.client.ClientProtocolException
-------
feature call (loop) failed at index: 49
caller: classpath:InspireTest/ngr/datasetrecords/def/checkxlinkurl.template.feature
arg: {"link":"a"}
checkxlinkurl.template.feature:14 - 
org.apache.http.client.ClientProtocolException
-------
feature call (loop) failed at index: 50
caller: classpath:InspireTest/ngr/datasetrecords/def/checkxlinkurl.template.feature
arg: {"link":"n"}
checkxlinkurl.template.feature:14 - 
org.apache.http.client.ClientProtocolException
-------
feature call (loop) failed at index: 51
caller: classpath:InspireTest/ngr/datasetrecords/def/checkxlinkurl.template.feature
arg: {"link":"d"}
checkxlinkurl.template.feature:14 - 
org.apache.http.client.ClientProtocolException
-------
feature call (loop) failed at index: 52
caller: classpath:InspireTest/ngr/datasetrecords/def/checkxlinkurl.template.feature
arg: {"link":"a"}
checkxlinkurl.template.feature:14 - 
org.apache.http.client.ClientProtocolException
-------
feature call (loop) failed at index: 53
caller: classpath:InspireTest/ngr/datasetrecords/def/checkxlinkurl.template.feature
arg: {"link":"r"}
checkxlinkurl.template.feature:14 - 
org.apache.http.client.ClientProtocolException
-------
feature call (loop) failed at index: 54
caller: classpath:InspireTest/ngr/datasetrecords/def/checkxlinkurl.template.feature
arg: {"link":"d"}
checkxlinkurl.template.feature:14 - 
org.apache.http.client.ClientProtocolException
-------
feature call (loop) failed at index: 55
caller: classpath:InspireTest/ngr/datasetrecords/def/checkxlinkurl.template.feature
arg: {"link":"s"}
checkxlinkurl.template.feature:14 - 
org.apache.http.client.ClientProtocolException
-------
feature call (loop) failed at index: 56
caller: classpath:InspireTest/ngr/datasetrecords/def/checkxlinkurl.template.feature
arg: {"link":"/"}
checkxlinkurl.template.feature:14 - 
org.apache.http.client.ClientProtocolException
-------
feature call (loop) failed at index: 57
caller: classpath:InspireTest/ngr/datasetrecords/def/checkxlinkurl.template.feature
arg: {"link":"I"}
checkxlinkurl.template.feature:14 - 
org.apache.http.client.ClientProtocolException
-------
feature call (loop) failed at index: 58
caller: classpath:InspireTest/ngr/datasetrecords/def/checkxlinkurl.template.feature
arg: {"link":"S"}
checkxlinkurl.template.feature:14 - 
org.apache.http.client.ClientProtocolException
-------
feature call (loop) failed at index: 59
caller: classpath:InspireTest/ngr/datasetrecords/def/checkxlinkurl.template.feature
arg: {"link":"O"}
checkxlinkurl.template.feature:14 - 
org.apache.http.client.ClientProtocolException
-------
feature call (loop) failed at index: 60
caller: classpath:InspireTest/ngr/datasetrecords/def/checkxlinkurl.template.feature
arg: {"link":"_"}
checkxlinkurl.template.feature:14 - 
org.apache.http.client.ClientProtocolException
-------
feature call (loop) failed at index: 61
caller: classpath:InspireTest/ngr/datasetrecords/def/checkxlinkurl.template.feature
arg: {"link":"1"}
checkxlinkurl.template.feature:14 - 
org.apache.http.client.ClientProtocolException
-------
feature call (loop) failed at index: 62
caller: classpath:InspireTest/ngr/datasetrecords/def/checkxlinkurl.template.feature
arg: {"link":"9"}
checkxlinkurl.template.feature:14 - 
org.apache.http.client.ClientProtocolException
-------
feature call (loop) failed at index: 63
caller: classpath:InspireTest/ngr/datasetrecords/def/checkxlinkurl.template.feature
arg: {"link":"1"}
checkxlinkurl.template.feature:14 - 
org.apache.http.client.ClientProtocolException
-------
feature call (loop) failed at index: 64
caller: classpath:InspireTest/ngr/datasetrecords/def/checkxlinkurl.template.feature
arg: {"link":"3"}
checkxlinkurl.template.feature:14 - 
org.apache.http.client.ClientProtocolException
-------
feature call (loop) failed at index: 65
caller: classpath:InspireTest/ngr/datasetrecords/def/checkxlinkurl.template.feature
arg: {"link":"9"}
checkxlinkurl.template.feature:14 - 
org.apache.http.client.ClientProtocolException
-------
feature call (loop) failed at index: 66
caller: classpath:InspireTest/ngr/datasetrecords/def/checkxlinkurl.template.feature
arg: {"link":"_"}
checkxlinkurl.template.feature:14 - 
org.apache.http.client.ClientProtocolException
-------
feature call (loop) failed at index: 67
caller: classpath:InspireTest/ngr/datasetrecords/def/checkxlinkurl.template.feature
arg: {"link":"S"}
checkxlinkurl.template.feature:14 - 
org.apache.http.client.ClientProtocolException
-------
feature call (loop) failed at index: 68
caller: classpath:InspireTest/ngr/datasetrecords/def/checkxlinkurl.template.feature
arg: {"link":"c"}
checkxlinkurl.template.feature:14 - 
org.apache.http.client.ClientProtocolException
-------
feature call (loop) failed at index: 69
caller: classpath:InspireTest/ngr/datasetrecords/def/checkxlinkurl.template.feature
arg: {"link":"h"}
checkxlinkurl.template.feature:14 - 
org.apache.http.client.ClientProtocolException
-------
feature call (loop) failed at index: 70
caller: classpath:InspireTest/ngr/datasetrecords/def/checkxlinkurl.template.feature
arg: {"link":"e"}
checkxlinkurl.template.feature:14 - 
org.apache.http.client.ClientProtocolException
-------
feature call (loop) failed at index: 71
caller: classpath:InspireTest/ngr/datasetrecords/def/checkxlinkurl.template.feature
arg: {"link":"m"}
checkxlinkurl.template.feature:14 - 
org.apache.http.client.ClientProtocolException
-------
feature call (loop) failed at index: 72
caller: classpath:InspireTest/ngr/datasetrecords/def/checkxlinkurl.template.feature
arg: {"link":"a"}
checkxlinkurl.template.feature:14 - 
org.apache.http.client.ClientProtocolException
-------
feature call (loop) failed at index: 73
caller: classpath:InspireTest/ngr/datasetrecords/def/checkxlinkurl.template.feature
arg: {"link":"s"}
checkxlinkurl.template.feature:14 - 
org.apache.http.client.ClientProtocolException
-------
feature call (loop) failed at index: 74
caller: classpath:InspireTest/ngr/datasetrecords/def/checkxlinkurl.template.feature
arg: {"link":"/"}
checkxlinkurl.template.feature:14 - 
org.apache.http.client.ClientProtocolException
-------
feature call (loop) failed at index: 75
caller: classpath:InspireTest/ngr/datasetrecords/def/checkxlinkurl.template.feature
arg: {"link":"r"}
checkxlinkurl.template.feature:14 - 
org.apache.http.client.ClientProtocolException
-------
feature call (loop) failed at index: 76
caller: classpath:InspireTest/ngr/datasetrecords/def/checkxlinkurl.template.feature
arg: {"link":"e"}
checkxlinkurl.template.feature:14 - 
org.apache.http.client.ClientProtocolException
-------
feature call (loop) failed at index: 77
caller: classpath:InspireTest/ngr/datasetrecords/def/checkxlinkurl.template.feature
arg: {"link":"s"}
checkxlinkurl.template.feature:14 - 
org.apache.http.client.ClientProtocolException
-------
feature call (loop) failed at index: 78
caller: classpath:InspireTest/ngr/datasetrecords/def/checkxlinkurl.template.feature
arg: {"link":"o"}
checkxlinkurl.template.feature:14 - 
org.apache.http.client.ClientProtocolException
-------
feature call (loop) failed at index: 79
caller: classpath:InspireTest/ngr/datasetrecords/def/checkxlinkurl.template.feature
arg: {"link":"u"}
checkxlinkurl.template.feature:14 - 
org.apache.http.client.ClientProtocolException
-------
feature call (loop) failed at index: 80
caller: classpath:InspireTest/ngr/datasetrecords/def/checkxlinkurl.template.feature
arg: {"link":"r"}
checkxlinkurl.template.feature:14 - 
org.apache.http.client.ClientProtocolException
-------
feature call (loop) failed at index: 81
caller: classpath:InspireTest/ngr/datasetrecords/def/checkxlinkurl.template.feature
arg: {"link":"c"}
checkxlinkurl.template.feature:14 - 
org.apache.http.client.ClientProtocolException
-------
feature call (loop) failed at index: 82
caller: classpath:InspireTest/ngr/datasetrecords/def/checkxlinkurl.template.feature
arg: {"link":"e"}
checkxlinkurl.template.feature:14 - 
org.apache.http.client.ClientProtocolException
-------
feature call (loop) failed at index: 83
caller: classpath:InspireTest/ngr/datasetrecords/def/checkxlinkurl.template.feature
arg: {"link":"s"}
checkxlinkurl.template.feature:14 - 
org.apache.http.client.ClientProtocolException
-------
feature call (loop) failed at index: 84
caller: classpath:InspireTest/ngr/datasetrecords/def/checkxlinkurl.template.feature
arg: {"link":"/"}
checkxlinkurl.template.feature:14 - 
org.apache.http.client.ClientProtocolException
-------
feature call (loop) failed at index: 85
caller: classpath:InspireTest/ngr/datasetrecords/def/checkxlinkurl.template.feature
arg: {"link":"u"}
checkxlinkurl.template.feature:14 - 
org.apache.http.client.ClientProtocolException
-------
feature call (loop) failed at index: 86
caller: classpath:InspireTest/ngr/datasetrecords/def/checkxlinkurl.template.feature
arg: {"link":"o"}
checkxlinkurl.template.feature:14 - 
org.apache.http.client.ClientProtocolException
-------
feature call (loop) failed at index: 87
caller: classpath:InspireTest/ngr/datasetrecords/def/checkxlinkurl.template.feature
arg: {"link":"m"}
checkxlinkurl.template.feature:14 - 
org.apache.http.client.ClientProtocolException
-------
feature call (loop) failed at index: 88
caller: classpath:InspireTest/ngr/datasetrecords/def/checkxlinkurl.template.feature
arg: {"link":"/"}
checkxlinkurl.template.feature:14 - 
org.apache.http.client.ClientProtocolException
-------
feature call (loop) failed at index: 89
caller: classpath:InspireTest/ngr/datasetrecords/def/checkxlinkurl.template.feature
arg: {"link":"g"}
checkxlinkurl.template.feature:14 - 
org.apache.http.client.ClientProtocolException
-------
feature call (loop) failed at index: 90
caller: classpath:InspireTest/ngr/datasetrecords/def/checkxlinkurl.template.feature
arg: {"link":"m"}
checkxlinkurl.template.feature:14 - 
org.apache.http.client.ClientProtocolException
-------
feature call (loop) failed at index: 91
caller: classpath:InspireTest/ngr/datasetrecords/def/checkxlinkurl.template.feature
arg: {"link":"x"}
checkxlinkurl.template.feature:14 - 
org.apache.http.client.ClientProtocolException
-------
feature call (loop) failed at index: 92
caller: classpath:InspireTest/ngr/datasetrecords/def/checkxlinkurl.template.feature
arg: {"link":"U"}
checkxlinkurl.template.feature:14 - 
org.apache.http.client.ClientProtocolException
-------
feature call (loop) failed at index: 93
caller: classpath:InspireTest/ngr/datasetrecords/def/checkxlinkurl.template.feature
arg: {"link":"o"}
checkxlinkurl.template.feature:14 - 
org.apache.http.client.ClientProtocolException
-------
feature call (loop) failed at index: 94
caller: classpath:InspireTest/ngr/datasetrecords/def/checkxlinkurl.template.feature
arg: {"link":"m"}
checkxlinkurl.template.feature:14 - 
org.apache.http.client.ClientProtocolException
-------
feature call (loop) failed at index: 95
caller: classpath:InspireTest/ngr/datasetrecords/def/checkxlinkurl.template.feature
arg: {"link":"."}
checkxlinkurl.template.feature:14 - 
org.apache.http.client.ClientProtocolException
-------
feature call (loop) failed at index: 96
caller: classpath:InspireTest/ngr/datasetrecords/def/checkxlinkurl.template.feature
arg: {"link":"x"}
checkxlinkurl.template.feature:14 - 
org.apache.http.client.ClientProtocolException
-------
feature call (loop) failed at index: 97
caller: classpath:InspireTest/ngr/datasetrecords/def/checkxlinkurl.template.feature
arg: {"link":"m"}
checkxlinkurl.template.feature:14 - 
org.apache.http.client.ClientProtocolException
-------
feature call (loop) failed at index: 98
caller: classpath:InspireTest/ngr/datasetrecords/def/checkxlinkurl.template.feature
arg: {"link":"l"}
checkxlinkurl.template.feature:14 - 
org.apache.http.client.ClientProtocolException
-------
feature call (loop) failed at index: 99
caller: classpath:InspireTest/ngr/datasetrecords/def/checkxlinkurl.template.feature
arg: {"link":"#"}
checkxlinkurl.template.feature:14 - 
org.apache.http.client.ClientProtocolException
-------
feature call (loop) failed at index: 100
caller: classpath:InspireTest/ngr/datasetrecords/def/checkxlinkurl.template.feature
arg: {"link":"m"}
checkxlinkurl.template.feature:14 - 
org.apache.http.client.ClientProtocolException
[1.7:18] check-known-dataset-record.feature:81 - feature call (loop) failed: classpath:InspireTest/ngr/datasetrecords/def/checkxlinkurl.template.feature
caller: classpath:InspireTest/ngr/datasetrecords/check-known-dataset-record.feature
items: [{link=http://kadaster/2482250f-3b00-4439-9f93-f3118229b017}, {link=}, {link=}, {link=}]
errors:
-------
feature call (loop) failed at index: 0
caller: classpath:InspireTest/ngr/datasetrecords/def/checkxlinkurl.template.feature
arg: {"link":"http://kadaster/2482250f-3b00-4439-9f93-f3118229b017"}
checkxlinkurl.template.feature:14 - 
java.net.UnknownHostException: kadaster
-------
feature call (loop) failed at index: 1
caller: classpath:InspireTest/ngr/datasetrecords/def/checkxlinkurl.template.feature
arg: {"link":""}
checkxlinkurl.template.feature:14 - 
org.apache.http.client.ClientProtocolException
-------
feature call (loop) failed at index: 2
caller: classpath:InspireTest/ngr/datasetrecords/def/checkxlinkurl.template.feature
arg: {"link":""}
checkxlinkurl.template.feature:14 - 
org.apache.http.client.ClientProtocolException
-------
feature call (loop) failed at index: 3
caller: classpath:InspireTest/ngr/datasetrecords/def/checkxlinkurl.template.feature
arg: {"link":""}
checkxlinkurl.template.feature:14 - 
org.apache.http.client.ClientProtocolException
[1.9:18] check-known-dataset-record.feature:81 - feature call (loop) failed: classpath:InspireTest/ngr/datasetrecords/def/checkxlinkurl.template.feature
caller: classpath:InspireTest/ngr/datasetrecords/check-known-dataset-record.feature
items: [{link=http://kadaster/06b6c650-cdb1-11dd-ad8b-0800200c9a80}]
errors:
-------
feature call (loop) failed at index: 0
caller: classpath:InspireTest/ngr/datasetrecords/def/checkxlinkurl.template.feature
arg: {"link":"http://kadaster/06b6c650-cdb1-11dd-ad8b-0800200c9a80"}
checkxlinkurl.template.feature:14 - 
java.net.UnknownHostException: kadaster
[1.10:18] check-known-dataset-record.feature:81 - feature call (loop) failed: classpath:InspireTest/ngr/datasetrecords/def/checkxlinkurl.template.feature
caller: classpath:InspireTest/ngr/datasetrecords/check-known-dataset-record.feature
items: [{link=http://www.opengis.net/def/crs/EPSG/0/http://www.opengis.net/def/crs/EPSG/0/4258}, {link=http://kadaster/70a0f618-9d4f-4be9-9d9d-11106ff6971c}]
errors:
-------
feature call (loop) failed at index: 1
caller: classpath:InspireTest/ngr/datasetrecords/def/checkxlinkurl.template.feature
arg: {"link":"http://kadaster/70a0f618-9d4f-4be9-9d9d-11106ff6971c"}
checkxlinkurl.template.feature:14 - 
java.net.UnknownHostException: kadaster
[1.11:18] check-known-dataset-record.feature:81 - feature call (loop) failed: classpath:InspireTest/ngr/datasetrecords/def/checkxlinkurl.template.feature
caller: classpath:InspireTest/ngr/datasetrecords/check-known-dataset-record.feature
items: [{link=https://data.rivm.nl/inspire/id#90bab79d-5f92-4aaa-8edc-99195438ef65}]
errors:
-------
feature call (loop) failed at index: 0
caller: classpath:InspireTest/ngr/datasetrecords/def/checkxlinkurl.template.feature
arg: {"link":"https://data.rivm.nl/inspire/id#90bab79d-5f92-4aaa-8edc-99195438ef65"}
checkxlinkurl.template.feature:14 - 
javax.net.ssl.SSLException: Connection reset
[1.12:18] check-known-dataset-record.feature:81 - feature call (loop) failed: classpath:InspireTest/ngr/datasetrecords/def/checkxlinkurl.template.feature
caller: classpath:InspireTest/ngr/datasetrecords/check-known-dataset-record.feature
items: [{link=http://www.opengis.net/def/crs/EPSG/0/http://www.opengis.net/def/crs/EPSG/0/4258}, {link=http://kadaster/ed4caa3b-a49e-4a9a-8206-50a3cf451b9a}]
errors:
-------
feature call (loop) failed at index: 1
caller: classpath:InspireTest/ngr/datasetrecords/def/checkxlinkurl.template.feature
arg: {"link":"http://kadaster/ed4caa3b-a49e-4a9a-8206-50a3cf451b9a"}
checkxlinkurl.template.feature:14 - 
java.net.UnknownHostException: kadaster
[1.13:18] check-known-dataset-record.feature:81 - feature call (loop) failed: classpath:InspireTest/ngr/datasetrecords/def/checkxlinkurl.template.feature
caller: classpath:InspireTest/ngr/datasetrecords/check-known-dataset-record.feature
items: [{link=https://data.rivm.nl/inspire/id#722e3937-3e53-4048-97ef-1ced2c77f7dd}]
errors:
-------
feature call (loop) failed at index: 0
caller: classpath:InspireTest/ngr/datasetrecords/def/checkxlinkurl.template.feature
arg: {"link":"https://data.rivm.nl/inspire/id#722e3937-3e53-4048-97ef-1ced2c77f7dd"}
checkxlinkurl.template.feature:14 - 
javax.net.ssl.SSLException: Connection reset
[1.14:18] check-known-dataset-record.feature:81 - feature call (loop) failed: classpath:InspireTest/ngr/datasetrecords/def/checkxlinkurl.template.feature
caller: classpath:InspireTest/ngr/datasetrecords/check-known-dataset-record.feature
items: [{link=http://nationaalgeoregister.nl/geonetwork/srv/dut/catalog.search#/metadata/19165027-a13a-4c19-9013-ec1fd191019d}, {link=https://data.overheid.nl/organisatie/PDOK}]
errors:
-------
feature call (loop) failed at index: 1
caller: classpath:InspireTest/ngr/datasetrecords/def/checkxlinkurl.template.feature
arg: {"link":"https://data.overheid.nl/organisatie/PDOK"}
checkxlinkurl.template.feature:22 - path: $, actual: 404, expected: 200, reason: not equal (Integer)
[1.15:18] check-known-dataset-record.feature:49 - xpath does not exist: /GetRecordByIdResponse//@href on response
[1.16:18] check-known-dataset-record.feature:81 - feature call (loop) failed: classpath:InspireTest/ngr/datasetrecords/def/checkxlinkurl.template.feature
caller: classpath:InspireTest/ngr/datasetrecords/check-known-dataset-record.feature
items: [{link=https://www.nationaalgeoregister.nl/geonetwork/srv/api/recordsc3c004ad-5387-4b00-a225-9afbcaa5d31b}]
errors:
-------
feature call (loop) failed at index: 0
caller: classpath:InspireTest/ngr/datasetrecords/def/checkxlinkurl.template.feature
arg: {"link":"https://www.nationaalgeoregister.nl/geonetwork/srv/api/recordsc3c004ad-5387-4b00-a225-9afbcaa5d31b"}
checkxlinkurl.template.feature:22 - path: $, actual: 500, expected: 200, reason: not equal (Integer)
[1.17:18] check-known-dataset-record.feature:81 - feature call (loop) failed: classpath:InspireTest/ngr/datasetrecords/def/checkxlinkurl.template.feature
caller: classpath:InspireTest/ngr/datasetrecords/check-known-dataset-record.feature
items: [{link=http://kadaster/2482250f-3b00-4439-9f93-f3118229b015}, {link=}, {link=}, {link=}]
errors:
-------
feature call (loop) failed at index: 0
caller: classpath:InspireTest/ngr/datasetrecords/def/checkxlinkurl.template.feature
arg: {"link":"http://kadaster/2482250f-3b00-4439-9f93-f3118229b015"}
checkxlinkurl.template.feature:14 - 
java.net.UnknownHostException: kadaster
-------
feature call (loop) failed at index: 1
caller: classpath:InspireTest/ngr/datasetrecords/def/checkxlinkurl.template.feature
arg: {"link":""}
checkxlinkurl.template.feature:14 - 
org.apache.http.client.ClientProtocolException
-------
feature call (loop) failed at index: 2
caller: classpath:InspireTest/ngr/datasetrecords/def/checkxlinkurl.template.feature
arg: {"link":""}
checkxlinkurl.template.feature:14 - 
org.apache.http.client.ClientProtocolException
-------
feature call (loop) failed at index: 3
caller: classpath:InspireTest/ngr/datasetrecords/def/checkxlinkurl.template.feature
arg: {"link":""}
checkxlinkurl.template.feature:14 - 
org.apache.http.client.ClientProtocolException
[1.18:18] check-known-dataset-record.feature:81 - feature call (loop) failed: classpath:InspireTest/ngr/datasetrecords/def/checkxlinkurl.template.feature
caller: classpath:InspireTest/ngr/datasetrecords/check-known-dataset-record.feature
items: [{link=http://www.opengis.net/def/crs/EPSG/0/http://www.opengis.net/def/crs/EPSG/0/4258}, {link=http://kadaster/df1a98c0-58ba-48ff-8825-b4fb6322c586}]
errors:
-------
feature call (loop) failed at index: 1
caller: classpath:InspireTest/ngr/datasetrecords/def/checkxlinkurl.template.feature
arg: {"link":"http://kadaster/df1a98c0-58ba-48ff-8825-b4fb6322c586"}
checkxlinkurl.template.feature:14 - 
java.net.UnknownHostException: kadaster
[1.19:18] check-known-dataset-record.feature:81 - feature call (loop) failed: classpath:InspireTest/ngr/datasetrecords/def/checkxlinkurl.template.feature
caller: classpath:InspireTest/ngr/datasetrecords/check-known-dataset-record.feature
items: [{link=https://data.rivm.nl/inspire/id#a3095f95-0ec7-46ff-ae14-ce2173e8fafa}]
errors:
-------
feature call (loop) failed at index: 0
caller: classpath:InspireTest/ngr/datasetrecords/def/checkxlinkurl.template.feature
arg: {"link":"https://data.rivm.nl/inspire/id#a3095f95-0ec7-46ff-ae14-ce2173e8fafa"}
checkxlinkurl.template.feature:14 - 
javax.net.ssl.SSLException: Connection reset
[1.21:18] check-known-dataset-record.feature:81 - feature call (loop) failed: classpath:InspireTest/ngr/datasetrecords/def/checkxlinkurl.template.feature
caller: classpath:InspireTest/ngr/datasetrecords/check-known-dataset-record.feature
items: [{link=https://monumentenregister.cultureelerfgoed.nl/sites/default/files/MRS/mrs-inspire.zip}]
errors:
-------
feature call (loop) failed at index: 0
caller: classpath:InspireTest/ngr/datasetrecords/def/checkxlinkurl.template.feature
arg: {"link":"https://monumentenregister.cultureelerfgoed.nl/sites/default/files/MRS/mrs-inspire.zip"}
checkxlinkurl.template.feature:22 - path: $, actual: 404, expected: 200, reason: not equal (Integer)
[1.22:18] check-known-dataset-record.feature:81 - feature call (loop) failed: classpath:InspireTest/ngr/datasetrecords/def/checkxlinkurl.template.feature
caller: classpath:InspireTest/ngr/datasetrecords/check-known-dataset-record.feature
items: [{link=https://ngr.acceptatie.nationaalgeoregister.nl/geonetwork/srv/resources34e95842-4e4e-46de-9198-79e8cd4d30dc}]
errors:
-------
feature call (loop) failed at index: 0
caller: classpath:InspireTest/ngr/datasetrecords/def/checkxlinkurl.template.feature
arg: {"link":"https://ngr.acceptatie.nationaalgeoregister.nl/geonetwork/srv/resources34e95842-4e4e-46de-9198-79e8cd4d30dc"}
checkxlinkurl.template.feature:22 - path: $, actual: 404, expected: 200, reason: not equal (Integer)
[1.23:18] check-known-dataset-record.feature:81 - feature call (loop) failed: classpath:InspireTest/ngr/datasetrecords/def/checkxlinkurl.template.feature
caller: classpath:InspireTest/ngr/datasetrecords/check-known-dataset-record.feature
items: [{link=https://www.nationaalgeoregister.nl/geonetwork/srv/dut/catalog.search#/metadata/5a1adb58-0bbe-425d-b0fe-577a6c0a4228}, {link=http://rdfdata.eionet.europa.eu/inspirethemes/themes/10}, {link=urn:ogc:def:crs:EPSG::5709}]
errors:
-------
feature call (loop) failed at index: 1
caller: classpath:InspireTest/ngr/datasetrecords/def/checkxlinkurl.template.feature
arg: {"link":"http://rdfdata.eionet.europa.eu/inspirethemes/themes/10"}
checkxlinkurl.template.feature:22 - path: $, actual: 404, expected: 200, reason: not equal (Integer)
-------
feature call (loop) failed at index: 2
caller: classpath:InspireTest/ngr/datasetrecords/def/checkxlinkurl.template.feature
arg: {"link":"urn:ogc:def:crs:EPSG::5709"}
checkxlinkurl.template.feature:14 - 
org.apache.http.client.ClientProtocolException: URI does not specify a valid host name: urn:ogc:def:crs:EPSG::5709
[1.24:18] check-known-dataset-record.feature:81 - feature call (loop) failed: classpath:InspireTest/ngr/datasetrecords/def/checkxlinkurl.template.feature
caller: classpath:InspireTest/ngr/datasetrecords/check-known-dataset-record.feature
items: [{link=https://www.nationaalgeoregister.nl/geonetwork/srv/dut/catalog.search#/metadata/7939fd42-cf88-42c5-ab3b-232cf232a3ac}, {link=http://rdfdata.eionet.europa.eu/inspirethemes/themes/10}, {link=urn:ogc:def:crs:EPSG::5709}]
errors:
-------
feature call (loop) failed at index: 1
caller: classpath:InspireTest/ngr/datasetrecords/def/checkxlinkurl.template.feature
arg: {"link":"http://rdfdata.eionet.europa.eu/inspirethemes/themes/10"}
checkxlinkurl.template.feature:22 - path: $, actual: 404, expected: 200, reason: not equal (Integer)
-------
feature call (loop) failed at index: 2
caller: classpath:InspireTest/ngr/datasetrecords/def/checkxlinkurl.template.feature
arg: {"link":"urn:ogc:def:crs:EPSG::5709"}
checkxlinkurl.template.feature:14 - 
org.apache.http.client.ClientProtocolException: URI does not specify a valid host name: urn:ogc:def:crs:EPSG::5709
[1.25:18] check-known-dataset-record.feature:81 - feature call (loop) failed: classpath:InspireTest/ngr/datasetrecords/def/checkxlinkurl.template.feature
caller: classpath:InspireTest/ngr/datasetrecords/check-known-dataset-record.feature
items: [{link=https://www.nationaalgeoregister.nl/geonetwork/srv/dut/catalog.search#/metadata/eu-f297898-2640-44c2-bbe9-c0480da83794}, {link=http://rdfdata.eionet.europa.eu/inspirethemes/themes/8}, {link=urn:ogc:def:crs:EPSG::5709}]
errors:
-------
feature call (loop) failed at index: 1
caller: classpath:InspireTest/ngr/datasetrecords/def/checkxlinkurl.template.feature
arg: {"link":"http://rdfdata.eionet.europa.eu/inspirethemes/themes/8"}
checkxlinkurl.template.feature:22 - path: $, actual: 404, expected: 200, reason: not equal (Integer)
-------
feature call (loop) failed at index: 2
caller: classpath:InspireTest/ngr/datasetrecords/def/checkxlinkurl.template.feature
arg: {"link":"urn:ogc:def:crs:EPSG::5709"}
checkxlinkurl.template.feature:14 - 
org.apache.http.client.ClientProtocolException: URI does not specify a valid host name: urn:ogc:def:crs:EPSG::5709
[1.26:18] check-known-dataset-record.feature:81 - feature call (loop) failed: classpath:InspireTest/ngr/datasetrecords/def/checkxlinkurl.template.feature
caller: classpath:InspireTest/ngr/datasetrecords/check-known-dataset-record.feature
items: [{link=https://www.nationaalgeoregister.nl/geonetwork/srv/dut/catalog.search#/metadata/8de2f5eb-b09f-4f6d-8397-8878a1b86238}, {link=http://rdfdata.eionet.europa.eu/inspirethemes/themes/18}, {link=http://inspire.ec.europa.eu/metadata-codelist/PriorityDataset#}, {link=https://ngr.geocat.live/geonetwork/srv/eng/thesaurus.download?ref=external.theme.httpinspireeceuropaeumetadatacodelistPrioritydataset-Prioritydataset}, {link=urn:ogc:def:crs:EPSG::5709}]
errors:
-------
feature call (loop) failed at index: 1
caller: classpath:InspireTest/ngr/datasetrecords/def/checkxlinkurl.template.feature
arg: {"link":"http://rdfdata.eionet.europa.eu/inspirethemes/themes/18"}
checkxlinkurl.template.feature:22 - path: $, actual: 404, expected: 200, reason: not equal (Integer)
-------
feature call (loop) failed at index: 3
caller: classpath:InspireTest/ngr/datasetrecords/def/checkxlinkurl.template.feature
arg: {"link":"https://ngr.geocat.live/geonetwork/srv/eng/thesaurus.download?ref=external.theme.httpinspireeceuropaeumetadatacodelistPrioritydataset-Prioritydataset"}
checkxlinkurl.template.feature:22 - path: $, actual: 500, expected: 200, reason: not equal (Integer)
-------
feature call (loop) failed at index: 4
caller: classpath:InspireTest/ngr/datasetrecords/def/checkxlinkurl.template.feature
arg: {"link":"urn:ogc:def:crs:EPSG::5709"}
checkxlinkurl.template.feature:14 - 
org.apache.http.client.ClientProtocolException: URI does not specify a valid host name: urn:ogc:def:crs:EPSG::5709
[1.27:18] check-known-dataset-record.feature:81 - feature call (loop) failed: classpath:InspireTest/ngr/datasetrecords/def/checkxlinkurl.template.feature
caller: classpath:InspireTest/ngr/datasetrecords/check-known-dataset-record.feature
items: [{link=https://www.nationaalgeoregister.nl/geonetwork/srv/dut/catalog.search#/metadata/4783ea4f-6b8c-4600-8af0-516f3556cfe9}, {link=http://rdfdata.eionet.europa.eu/inspirethemes/themes/24}, {link=}, {link=}, {link=}, {link=urn:ogc:def:crs:EPSG::5709}]
errors:
-------
feature call (loop) failed at index: 1
caller: classpath:InspireTest/ngr/datasetrecords/def/checkxlinkurl.template.feature
arg: {"link":"http://rdfdata.eionet.europa.eu/inspirethemes/themes/24"}
checkxlinkurl.template.feature:22 - path: $, actual: 404, expected: 200, reason: not equal (Integer)
-------
feature call (loop) failed at index: 2
caller: classpath:InspireTest/ngr/datasetrecords/def/checkxlinkurl.template.feature
arg: {"link":""}
checkxlinkurl.template.feature:14 - 
org.apache.http.client.ClientProtocolException
-------
feature call (loop) failed at index: 3
caller: classpath:InspireTest/ngr/datasetrecords/def/checkxlinkurl.template.feature
arg: {"link":""}
checkxlinkurl.template.feature:14 - 
org.apache.http.client.ClientProtocolException
-------
feature call (loop) failed at index: 4
caller: classpath:InspireTest/ngr/datasetrecords/def/checkxlinkurl.template.feature
arg: {"link":""}
checkxlinkurl.template.feature:14 - 
org.apache.http.client.ClientProtocolException
-------
feature call (loop) failed at index: 5
caller: classpath:InspireTest/ngr/datasetrecords/def/checkxlinkurl.template.feature
arg: {"link":"urn:ogc:def:crs:EPSG::5709"}
checkxlinkurl.template.feature:14 - 
org.apache.http.client.ClientProtocolException: URI does not specify a valid host name: urn:ogc:def:crs:EPSG::5709
[1.28:18] check-known-dataset-record.feature:81 - feature call (loop) failed: classpath:InspireTest/ngr/datasetrecords/def/checkxlinkurl.template.feature
caller: classpath:InspireTest/ngr/datasetrecords/check-known-dataset-record.feature
items: [{link=https://www.nationaalgeoregister.nl/geonetwork/srv/dut/catalog.search#/metadata/50eef6be-619d-4e16-9b92-48971109b636}, {link=http://rdfdata.eionet.europa.eu/inspirethemes/themes/18}, {link=http://inspire.ec.europa.eu/metadata-codelist/PriorityDataset/MajorRoadsNoiseExposureDelineationNight-dir-2002-49}, {link=http://inspire.ec.europa.eu/metadata-codelist/PriorityDataset#}, {link=https://ngr.geocat.live/geonetwork/srv/eng/thesaurus.download?ref=external.theme.httpinspireeceuropaeumetadatacodelistPrioritydataset-Prioritydataset}, {link=urn:ogc:def:crs:EPSG::5709}]
errors:
-------
feature call (loop) failed at index: 1
caller: classpath:InspireTest/ngr/datasetrecords/def/checkxlinkurl.template.feature
arg: {"link":"http://rdfdata.eionet.europa.eu/inspirethemes/themes/18"}
checkxlinkurl.template.feature:22 - path: $, actual: 404, expected: 200, reason: not equal (Integer)
-------
feature call (loop) failed at index: 4
caller: classpath:InspireTest/ngr/datasetrecords/def/checkxlinkurl.template.feature
arg: {"link":"https://ngr.geocat.live/geonetwork/srv/eng/thesaurus.download?ref=external.theme.httpinspireeceuropaeumetadatacodelistPrioritydataset-Prioritydataset"}
checkxlinkurl.template.feature:22 - path: $, actual: 500, expected: 200, reason: not equal (Integer)
-------
feature call (loop) failed at index: 5
caller: classpath:InspireTest/ngr/datasetrecords/def/checkxlinkurl.template.feature
arg: {"link":"urn:ogc:def:crs:EPSG::5709"}
checkxlinkurl.template.feature:14 - 
org.apache.http.client.ClientProtocolException: URI does not specify a valid host name: urn:ogc:def:crs:EPSG::5709
[1.29:18] check-known-dataset-record.feature:81 - feature call (loop) failed: classpath:InspireTest/ngr/datasetrecords/def/checkxlinkurl.template.feature
caller: classpath:InspireTest/ngr/datasetrecords/check-known-dataset-record.feature
items: [{link=https://www.nationaalgeoregister.nl/geonetwork/srv/dut/catalog.search#/metadata/tbjk534p-wubf-crbp-cj25-d4161160gfim}, {link=http://rdfdata.eionet.europa.eu/inspirethemes/themes/28}, {link=http://inspire.ec.europa.eu/metadata-codelist/PriorityDataset#}, {link=https://ngr.geocat.live/geonetwork/srv/eng/thesaurus.download?ref=external.theme.httpinspireeceuropaeumetadatacodelistPrioritydataset-Prioritydataset}]
errors:
-------
feature call (loop) failed at index: 1
caller: classpath:InspireTest/ngr/datasetrecords/def/checkxlinkurl.template.feature
arg: {"link":"http://rdfdata.eionet.europa.eu/inspirethemes/themes/28"}
checkxlinkurl.template.feature:22 - path: $, actual: 404, expected: 200, reason: not equal (Integer)
-------
feature call (loop) failed at index: 3
caller: classpath:InspireTest/ngr/datasetrecords/def/checkxlinkurl.template.feature
arg: {"link":"https://ngr.geocat.live/geonetwork/srv/eng/thesaurus.download?ref=external.theme.httpinspireeceuropaeumetadatacodelistPrioritydataset-Prioritydataset"}
checkxlinkurl.template.feature:22 - path: $, actual: 500, expected: 200, reason: not equal (Integer)
[1.30:18] check-known-dataset-record.feature:81 - feature call (loop) failed: classpath:InspireTest/ngr/datasetrecords/def/checkxlinkurl.template.feature
caller: classpath:InspireTest/ngr/datasetrecords/check-known-dataset-record.feature
items: [{link=https://www.nationaalgeoregister.nl/geonetwork/srv/dut/catalog.search#/metadata/cf69ec50-9849-4afd-853c-ee56211d336d}, {link=http://rdfdata.eionet.europa.eu/inspirethemes/themes/20}, {link=http://rdfdata.eionet.europa.eu/inspirethemes/themes/28}, {link=urn:ogc:def:crs:EPSG::5709}]
errors:
-------
feature call (loop) failed at index: 1
caller: classpath:InspireTest/ngr/datasetrecords/def/checkxlinkurl.template.feature
arg: {"link":"http://rdfdata.eionet.europa.eu/inspirethemes/themes/20"}
checkxlinkurl.template.feature:22 - path: $, actual: 404, expected: 200, reason: not equal (Integer)
-------
feature call (loop) failed at index: 2
caller: classpath:InspireTest/ngr/datasetrecords/def/checkxlinkurl.template.feature
arg: {"link":"http://rdfdata.eionet.europa.eu/inspirethemes/themes/28"}
checkxlinkurl.template.feature:22 - path: $, actual: 404, expected: 200, reason: not equal (Integer)
-------
feature call (loop) failed at index: 3
caller: classpath:InspireTest/ngr/datasetrecords/def/checkxlinkurl.template.feature
arg: {"link":"urn:ogc:def:crs:EPSG::5709"}
checkxlinkurl.template.feature:14 - 
org.apache.http.client.ClientProtocolException: URI does not specify a valid host name: urn:ogc:def:crs:EPSG::5709
[1.33:18] check-known-dataset-record.feature:81 - feature call (loop) failed: classpath:InspireTest/ngr/datasetrecords/def/checkxlinkurl.template.feature
caller: classpath:InspireTest/ngr/datasetrecords/check-known-dataset-record.feature
items: [{link=https://ngr.acceptatie.nationaalgeoregister.nl/geonetwork/srv/resources9d973c4a-ef03-4785-b7f6-942e86b385f7}, {link=www.hydro.nl}, {link=https://www.nationaalgeoregister.nl/geonetwork/srv/eng/thesaurus.download?ref=external.theme.inspire-theme}]
errors:
-------
feature call (loop) failed at index: 0
caller: classpath:InspireTest/ngr/datasetrecords/def/checkxlinkurl.template.feature
arg: {"link":"https://ngr.acceptatie.nationaalgeoregister.nl/geonetwork/srv/resources9d973c4a-ef03-4785-b7f6-942e86b385f7"}
checkxlinkurl.template.feature:22 - path: $, actual: 404, expected: 200, reason: not equal (Integer)
-------
feature call (loop) failed at index: 1
caller: classpath:InspireTest/ngr/datasetrecords/def/checkxlinkurl.template.feature
arg: {"link":"www.hydro.nl"}
checkxlinkurl.template.feature:14 - 
org.apache.http.client.ClientProtocolException
-------
feature call (loop) failed at index: 2
caller: classpath:InspireTest/ngr/datasetrecords/def/checkxlinkurl.template.feature
arg: {"link":"https://www.nationaalgeoregister.nl/geonetwork/srv/eng/thesaurus.download?ref=external.theme.inspire-theme"}
checkxlinkurl.template.feature:22 - path: $, actual: 500, expected: 200, reason: not equal (Integer)
[1.34:18] check-known-dataset-record.feature:81 - feature call (loop) failed: classpath:InspireTest/ngr/datasetrecords/def/checkxlinkurl.template.feature
caller: classpath:InspireTest/ngr/datasetrecords/check-known-dataset-record.feature
items: [{link=http://www.opengis.net/def/crs/EPSG/0/https://www.opengis.net/def/crs/EPSG/0/4258}, {link=https://www.nationaalgeoregister.nl/geonetwork/srv/api/recordsc2225e5d-b46f-4e38-8445-ab10fd40c0dc}]
errors:
-------
feature call (loop) failed at index: 1
caller: classpath:InspireTest/ngr/datasetrecords/def/checkxlinkurl.template.feature
arg: {"link":"https://www.nationaalgeoregister.nl/geonetwork/srv/api/recordsc2225e5d-b46f-4e38-8445-ab10fd40c0dc"}
checkxlinkurl.template.feature:22 - path: $, actual: 500, expected: 200, reason: not equal (Integer)
[1.35:18] check-known-dataset-record.feature:81 - feature call (loop) failed: classpath:InspireTest/ngr/datasetrecords/def/checkxlinkurl.template.feature
caller: classpath:InspireTest/ngr/datasetrecords/check-known-dataset-record.feature
items: [{link=https://www.nationaalgeoregister.nl/geonetwork/srv/dut/catalog.search#/metadata/be1b1514-8d1f-48e1-9624-fee9b784138b}, {link=http://rdfdata.eionet.europa.eu/inspirethemes/themes/7}, {link=urn:ogc:def:crs:EPSG::5709}]
errors:
-------
feature call (loop) failed at index: 1
caller: classpath:InspireTest/ngr/datasetrecords/def/checkxlinkurl.template.feature
arg: {"link":"http://rdfdata.eionet.europa.eu/inspirethemes/themes/7"}
checkxlinkurl.template.feature:22 - path: $, actual: 404, expected: 200, reason: not equal (Integer)
-------
feature call (loop) failed at index: 2
caller: classpath:InspireTest/ngr/datasetrecords/def/checkxlinkurl.template.feature
arg: {"link":"urn:ogc:def:crs:EPSG::5709"}
checkxlinkurl.template.feature:14 - 
org.apache.http.client.ClientProtocolException: URI does not specify a valid host name: urn:ogc:def:crs:EPSG::5709
[1.36:18] check-known-dataset-record.feature:81 - feature call (loop) failed: classpath:InspireTest/ngr/datasetrecords/def/checkxlinkurl.template.feature
caller: classpath:InspireTest/ngr/datasetrecords/check-known-dataset-record.feature
items: [{link=https://www.nationaalgeoregister.nl/geonetwork/srv/api/records3e57ce43-7707-43ed-a4b9-72b3a6d812f8}]
errors:
-------
feature call (loop) failed at index: 0
caller: classpath:InspireTest/ngr/datasetrecords/def/checkxlinkurl.template.feature
arg: {"link":"https://www.nationaalgeoregister.nl/geonetwork/srv/api/records3e57ce43-7707-43ed-a4b9-72b3a6d812f8"}
checkxlinkurl.template.feature:22 - path: $, actual: 500, expected: 200, reason: not equal (Integer)
[1.38:18] check-known-dataset-record.feature:81 - feature call (loop) failed: classpath:InspireTest/ngr/datasetrecords/def/checkxlinkurl.template.feature
caller: classpath:InspireTest/ngr/datasetrecords/check-known-dataset-record.feature
items: [{link=http://www.opengis.net/def/crs/EPSG/0/http://www.opengis.net/def/crs/EPSG/0/3034}, {link=http://nationaalgeoregister.nl/geonetwork/srv/dut/csw?SERVICE=CSW&version=2.0.2&REQUEST=GetRecordById&elementSetName=full&OutputSchema=http://www.isotc211.org/2005/gmd&ID=58e7dc38-a498-4852-b4ef-908f5baa9056}, {link=https://creativecommons.org/publicdomain/mark/*/deed.nl}, {link=}]
errors:
-------
feature call (loop) failed at index: 2
caller: classpath:InspireTest/ngr/datasetrecords/def/checkxlinkurl.template.feature
arg: {"link":"https://creativecommons.org/publicdomain/mark/*/deed.nl"}
checkxlinkurl.template.feature:22 - path: $, actual: 404, expected: 200, reason: not equal (Integer)
-------
feature call (loop) failed at index: 3
caller: classpath:InspireTest/ngr/datasetrecords/def/checkxlinkurl.template.feature
arg: {"link":""}
checkxlinkurl.template.feature:14 - 
org.apache.http.client.ClientProtocolException
[1.39:18] check-known-dataset-record.feature:81 - feature call (loop) failed: classpath:InspireTest/ngr/datasetrecords/def/checkxlinkurl.template.feature
caller: classpath:InspireTest/ngr/datasetrecords/check-known-dataset-record.feature
items: [{link=http://www.nationaalgeoregister.nl/geonetwork/srv/dut/catalog.search#/metadata/a04afee4-47d5-45b7-b7a0-a6f86106af11}, {link=https://data.overheid.nl/organisatie/PDOK}]
errors:
-------
feature call (loop) failed at index: 1
caller: classpath:InspireTest/ngr/datasetrecords/def/checkxlinkurl.template.feature
arg: {"link":"https://data.overheid.nl/organisatie/PDOK"}
checkxlinkurl.template.feature:22 - path: $, actual: 404, expected: 200, reason: not equal (Integer)
[1.41:18] check-known-dataset-record.feature:81 - feature call (loop) failed: classpath:InspireTest/ngr/datasetrecords/def/checkxlinkurl.template.feature
caller: classpath:InspireTest/ngr/datasetrecords/check-known-dataset-record.feature
items: [{link=http://kadaster/2482250f-3b00-4439-9f93-f3118229b021}, {link=}, {link=}, {link=}]
errors:
-------
feature call (loop) failed at index: 0
caller: classpath:InspireTest/ngr/datasetrecords/def/checkxlinkurl.template.feature
arg: {"link":"http://kadaster/2482250f-3b00-4439-9f93-f3118229b021"}
checkxlinkurl.template.feature:14 - 
java.net.UnknownHostException: kadaster
-------
feature call (loop) failed at index: 1
caller: classpath:InspireTest/ngr/datasetrecords/def/checkxlinkurl.template.feature
arg: {"link":""}
checkxlinkurl.template.feature:14 - 
org.apache.http.client.ClientProtocolException
-------
feature call (loop) failed at index: 2
caller: classpath:InspireTest/ngr/datasetrecords/def/checkxlinkurl.template.feature
arg: {"link":""}
checkxlinkurl.template.feature:14 - 
org.apache.http.client.ClientProtocolException
-------
feature call (loop) failed at index: 3
caller: classpath:InspireTest/ngr/datasetrecords/def/checkxlinkurl.template.feature
arg: {"link":""}
checkxlinkurl.template.feature:14 - 
org.apache.http.client.ClientProtocolException
[1.42:18] check-known-dataset-record.feature:81 - feature call (loop) failed: classpath:InspireTest/ngr/datasetrecords/def/checkxlinkurl.template.feature
caller: classpath:InspireTest/ngr/datasetrecords/check-known-dataset-record.feature
items: [{link=https://www.nationaalgeoregister.nl/geonetwork/srv/api/records844404a2-9cd0-452e-b29a-74588777485a}]
errors:
-------
feature call (loop) failed at index: 0
caller: classpath:InspireTest/ngr/datasetrecords/def/checkxlinkurl.template.feature
arg: {"link":"https://www.nationaalgeoregister.nl/geonetwork/srv/api/records844404a2-9cd0-452e-b29a-74588777485a"}
checkxlinkurl.template.feature:22 - path: $, actual: 500, expected: 200, reason: not equal (Integer)
[1.43:18] check-known-dataset-record.feature:81 - feature call (loop) failed: classpath:InspireTest/ngr/datasetrecords/def/checkxlinkurl.template.feature
caller: classpath:InspireTest/ngr/datasetrecords/check-known-dataset-record.feature
items: [{link=http://www.opengis.net/def/crs/EPSG/0/http://www.opengis.net/def/crs/EPSG/0/4258}, {link=http://kadaster/ff1d6d44-aea1-4ad5-b084-9afea143f1bf}]
errors:
-------
feature call (loop) failed at index: 1
caller: classpath:InspireTest/ngr/datasetrecords/def/checkxlinkurl.template.feature
arg: {"link":"http://kadaster/ff1d6d44-aea1-4ad5-b084-9afea143f1bf"}
checkxlinkurl.template.feature:14 - 
java.net.UnknownHostException: kadaster
[1.44:18] check-known-dataset-record.feature:81 - feature call (loop) failed: classpath:InspireTest/ngr/datasetrecords/def/checkxlinkurl.template.feature
caller: classpath:InspireTest/ngr/datasetrecords/check-known-dataset-record.feature
items: [{link=https://nationaalgeoregister.nl/geonetwork/srv/resourcesff07bd5a-d6eb-11ea-87d0-0242ac130003}, {link=https://www.nationaalgeoregister.nl/geonetwork/srv/eng/thesaurus.download?ref=external.theme.inspire-theme}]
errors:
-------
feature call (loop) failed at index: 0
caller: classpath:InspireTest/ngr/datasetrecords/def/checkxlinkurl.template.feature
arg: {"link":"https://nationaalgeoregister.nl/geonetwork/srv/resourcesff07bd5a-d6eb-11ea-87d0-0242ac130003"}
checkxlinkurl.template.feature:22 - path: $, actual: 404, expected: 200, reason: not equal (Integer)
-------
feature call (loop) failed at index: 1
caller: classpath:InspireTest/ngr/datasetrecords/def/checkxlinkurl.template.feature
arg: {"link":"https://www.nationaalgeoregister.nl/geonetwork/srv/eng/thesaurus.download?ref=external.theme.inspire-theme"}
checkxlinkurl.template.feature:22 - path: $, actual: 500, expected: 200, reason: not equal (Integer)
[1.45:18] check-known-dataset-record.feature:81 - feature call (loop) failed: classpath:InspireTest/ngr/datasetrecords/def/checkxlinkurl.template.feature
caller: classpath:InspireTest/ngr/datasetrecords/check-known-dataset-record.feature
items: [{link=https://www.nationaalgeoregister.nl/geonetwork/srv/dut/catalog.search#/metadata/25294679-adb9-4c39-a93b-6954ff9414ac}, {link=http://rdfdata.eionet.europa.eu/inspirethemes/themes/20}, {link=http://rdfdata.eionet.europa.eu/inspirethemes/themes/28}, {link=urn:ogc:def:crs:EPSG::5709}]
errors:
-------
feature call (loop) failed at index: 1
caller: classpath:InspireTest/ngr/datasetrecords/def/checkxlinkurl.template.feature
arg: {"link":"http://rdfdata.eionet.europa.eu/inspirethemes/themes/20"}
checkxlinkurl.template.feature:22 - path: $, actual: 404, expected: 200, reason: not equal (Integer)
-------
feature call (loop) failed at index: 2
caller: classpath:InspireTest/ngr/datasetrecords/def/checkxlinkurl.template.feature
arg: {"link":"http://rdfdata.eionet.europa.eu/inspirethemes/themes/28"}
checkxlinkurl.template.feature:22 - path: $, actual: 404, expected: 200, reason: not equal (Integer)
-------
feature call (loop) failed at index: 3
caller: classpath:InspireTest/ngr/datasetrecords/def/checkxlinkurl.template.feature
arg: {"link":"urn:ogc:def:crs:EPSG::5709"}
checkxlinkurl.template.feature:14 - 
org.apache.http.client.ClientProtocolException: URI does not specify a valid host name: urn:ogc:def:crs:EPSG::5709
[1.46:18] check-known-dataset-record.feature:81 - feature call (loop) failed: classpath:InspireTest/ngr/datasetrecords/def/checkxlinkurl.template.feature
caller: classpath:InspireTest/ngr/datasetrecords/check-known-dataset-record.feature
items: [{link=https://www.nationaalgeoregister.nl/geonetwork/srv/dut/catalog.search#/metadata/eu-cb527d-f6db-4835-b0cd-deb245241254}, {link=http://rdfdata.eionet.europa.eu/inspirethemes/themes/7}, {link=http://inspire.ec.europa.eu/metadata-codelist/Prioritydataset/SurfaceWaterBodies-dir-2000-60}, {link=http://inspire.ec.europa.eu/metadata-codelist/PriorityDataset#}, {link=https://ngr.geocat.live/geonetwork/srv/eng/thesaurus.download?ref=external.theme.httpinspireeceuropaeumetadatacodelistPrioritydataset-Prioritydataset}]
errors:
-------
feature call (loop) failed at index: 1
caller: classpath:InspireTest/ngr/datasetrecords/def/checkxlinkurl.template.feature
arg: {"link":"http://rdfdata.eionet.europa.eu/inspirethemes/themes/7"}
checkxlinkurl.template.feature:22 - path: $, actual: 404, expected: 200, reason: not equal (Integer)
-------
feature call (loop) failed at index: 2
caller: classpath:InspireTest/ngr/datasetrecords/def/checkxlinkurl.template.feature
arg: {"link":"http://inspire.ec.europa.eu/metadata-codelist/Prioritydataset/SurfaceWaterBodies-dir-2000-60"}
checkxlinkurl.template.feature:22 - path: $, actual: 404, expected: 200, reason: not equal (Integer)
-------
feature call (loop) failed at index: 4
caller: classpath:InspireTest/ngr/datasetrecords/def/checkxlinkurl.template.feature
arg: {"link":"https://ngr.geocat.live/geonetwork/srv/eng/thesaurus.download?ref=external.theme.httpinspireeceuropaeumetadatacodelistPrioritydataset-Prioritydataset"}
checkxlinkurl.template.feature:22 - path: $, actual: 500, expected: 200, reason: not equal (Integer)
[1.47:18] check-known-dataset-record.feature:81 - feature call (loop) failed: classpath:InspireTest/ngr/datasetrecords/def/checkxlinkurl.template.feature
caller: classpath:InspireTest/ngr/datasetrecords/check-known-dataset-record.feature
items: [{link=https://ngr.acceptatie.nationaalgeoregister.nl/geonetwork/srv/resourcesbbe3c19d-12b0-4912-a6f4-46eb189e85ac}, {link=http://rdfdata.eionet.europa.eu/inspirethemes/themes/16}, {link=http://geonetwork-opensource.org/inspire-theme#}, {link=https://www.nationaalgeoregister.nl/geonetwork/srv/eng/thesaurus.download?ref=external.theme.inspire-theme}]
errors:
-------
feature call (loop) failed at index: 0
caller: classpath:InspireTest/ngr/datasetrecords/def/checkxlinkurl.template.feature
arg: {"link":"https://ngr.acceptatie.nationaalgeoregister.nl/geonetwork/srv/resourcesbbe3c19d-12b0-4912-a6f4-46eb189e85ac"}
checkxlinkurl.template.feature:22 - path: $, actual: 404, expected: 200, reason: not equal (Integer)
-------
feature call (loop) failed at index: 1
caller: classpath:InspireTest/ngr/datasetrecords/def/checkxlinkurl.template.feature
arg: {"link":"http://rdfdata.eionet.europa.eu/inspirethemes/themes/16"}
checkxlinkurl.template.feature:22 - path: $, actual: 404, expected: 200, reason: not equal (Integer)
-------
feature call (loop) failed at index: 2
caller: classpath:InspireTest/ngr/datasetrecords/def/checkxlinkurl.template.feature
arg: {"link":"http://geonetwork-opensource.org/inspire-theme#"}
checkxlinkurl.template.feature:22 - path: $, actual: 404, expected: 200, reason: not equal (Integer)
-------
feature call (loop) failed at index: 3
caller: classpath:InspireTest/ngr/datasetrecords/def/checkxlinkurl.template.feature
arg: {"link":"https://www.nationaalgeoregister.nl/geonetwork/srv/eng/thesaurus.download?ref=external.theme.inspire-theme"}
checkxlinkurl.template.feature:22 - path: $, actual: 500, expected: 200, reason: not equal (Integer)
[1.48:18] check-known-dataset-record.feature:81 - feature call (loop) failed: classpath:InspireTest/ngr/datasetrecords/def/checkxlinkurl.template.feature
caller: classpath:InspireTest/ngr/datasetrecords/check-known-dataset-record.feature
items: [{link=https://ngr.acceptatie.nationaalgeoregister.nl/geonetwork/srv/resources03671a9e-6aaf-464d-be99-9aad25cef9e3}]
errors:
-------
feature call (loop) failed at index: 0
caller: classpath:InspireTest/ngr/datasetrecords/def/checkxlinkurl.template.feature
arg: {"link":"https://ngr.acceptatie.nationaalgeoregister.nl/geonetwork/srv/resources03671a9e-6aaf-464d-be99-9aad25cef9e3"}
checkxlinkurl.template.feature:22 - path: $, actual: 404, expected: 200, reason: not equal (Integer)
[1.49:18] check-known-dataset-record.feature:81 - feature call (loop) failed: classpath:InspireTest/ngr/datasetrecords/def/checkxlinkurl.template.feature
caller: classpath:InspireTest/ngr/datasetrecords/check-known-dataset-record.feature
items: [{link=http://kadaster/7c22107ea-5e31-4bbc-8e24-d15fe230062e}]
errors:
-------
feature call (loop) failed at index: 0
caller: classpath:InspireTest/ngr/datasetrecords/def/checkxlinkurl.template.feature
arg: {"link":"http://kadaster/7c22107ea-5e31-4bbc-8e24-d15fe230062e"}
checkxlinkurl.template.feature:14 - 
java.net.UnknownHostException: kadaster: Temporary failure in name resolution
[1.50:18] check-known-dataset-record.feature:81 - feature call (loop) failed: classpath:InspireTest/ngr/datasetrecords/def/checkxlinkurl.template.feature
caller: classpath:InspireTest/ngr/datasetrecords/check-known-dataset-record.feature
items: [{link=http://www.opengis.net/def/crs/EPSG/0/http://www.opengis.net/def/crs/EPSG/0/4258}, {link=http://kadaster/1d32fc50-cd5b-4425-b0df-16c7c7940e94}]
errors:
-------
feature call (loop) failed at index: 1
caller: classpath:InspireTest/ngr/datasetrecords/def/checkxlinkurl.template.feature
arg: {"link":"http://kadaster/1d32fc50-cd5b-4425-b0df-16c7c7940e94"}
checkxlinkurl.template.feature:14 - 
java.net.UnknownHostException: kadaster
[1.51:18] check-known-dataset-record.feature:81 - feature call (loop) failed: classpath:InspireTest/ngr/datasetrecords/def/checkxlinkurl.template.feature
caller: classpath:InspireTest/ngr/datasetrecords/check-known-dataset-record.feature
items: [{link=https://www.nationaalgeoregister.nl/geonetwork/srv/api/records1b2abd21-3084-4db7-ab49-46866b4aac2b}, {link=https://creativecommons.org/publicdomain/zero/*/deed.nl}]
errors:
-------
feature call (loop) failed at index: 0
caller: classpath:InspireTest/ngr/datasetrecords/def/checkxlinkurl.template.feature
arg: {"link":"https://www.nationaalgeoregister.nl/geonetwork/srv/api/records1b2abd21-3084-4db7-ab49-46866b4aac2b"}
checkxlinkurl.template.feature:22 - path: $, actual: 500, expected: 200, reason: not equal (Integer)
-------
feature call (loop) failed at index: 1
caller: classpath:InspireTest/ngr/datasetrecords/def/checkxlinkurl.template.feature
arg: {"link":"https://creativecommons.org/publicdomain/zero/*/deed.nl"}
checkxlinkurl.template.feature:22 - path: $, actual: 404, expected: 200, reason: not equal (Integer)
[1.52:18] check-known-dataset-record.feature:81 - feature call (loop) failed: classpath:InspireTest/ngr/datasetrecords/def/checkxlinkurl.template.feature
caller: classpath:InspireTest/ngr/datasetrecords/check-known-dataset-record.feature
items: [{link=http://kadaster/06b6c650-cdb1-11dd-ad8b-0800200c9a81}]
errors:
-------
feature call (loop) failed at index: 0
caller: classpath:InspireTest/ngr/datasetrecords/def/checkxlinkurl.template.feature
arg: {"link":"http://kadaster/06b6c650-cdb1-11dd-ad8b-0800200c9a81"}
checkxlinkurl.template.feature:14 - 
java.net.UnknownHostException: kadaster
[1.53:18] check-known-dataset-record.feature:81 - feature call (loop) failed: classpath:InspireTest/ngr/datasetrecords/def/checkxlinkurl.template.feature
caller: classpath:InspireTest/ngr/datasetrecords/check-known-dataset-record.feature
items: [{link=https://data.rivm.nl/inspire/id#5cb4b489-67c8-44bc-85c5-424a80a53b3b}]
errors:
-------
feature call (loop) failed at index: 0
caller: classpath:InspireTest/ngr/datasetrecords/def/checkxlinkurl.template.feature
arg: {"link":"https://data.rivm.nl/inspire/id#5cb4b489-67c8-44bc-85c5-424a80a53b3b"}
checkxlinkurl.template.feature:14 - 
javax.net.ssl.SSLException: Connection reset
[1.55:18] check-known-dataset-record.feature:81 - feature call (loop) failed: classpath:InspireTest/ngr/datasetrecords/def/checkxlinkurl.template.feature
caller: classpath:InspireTest/ngr/datasetrecords/check-known-dataset-record.feature
items: [{link=http://www.opengis.net/def/crs/EPSG/0/http://www.opengis.net/def/crs/EPSG/0/4258}, {link=http://kadaster/9778afe6-2152-4a8f-ba32-9697625401e3}]
errors:
-------
feature call (loop) failed at index: 1
caller: classpath:InspireTest/ngr/datasetrecords/def/checkxlinkurl.template.feature
arg: {"link":"http://kadaster/9778afe6-2152-4a8f-ba32-9697625401e3"}
checkxlinkurl.template.feature:14 - 
java.net.UnknownHostException: kadaster
[1.56:18] check-known-dataset-record.feature:81 - feature call (loop) failed: classpath:InspireTest/ngr/datasetrecords/def/checkxlinkurl.template.feature
caller: classpath:InspireTest/ngr/datasetrecords/check-known-dataset-record.feature
items: [{link=https://data.rivm.nl/inspire/id#440c4a06-6924-4f9c-a9e2-6f61340f711b}]
errors:
-------
feature call (loop) failed at index: 0
caller: classpath:InspireTest/ngr/datasetrecords/def/checkxlinkurl.template.feature
arg: {"link":"https://data.rivm.nl/inspire/id#440c4a06-6924-4f9c-a9e2-6f61340f711b"}
checkxlinkurl.template.feature:14 - 
javax.net.ssl.SSLException: Connection reset
[1.57:18] check-known-dataset-record.feature:81 - feature call (loop) failed: classpath:InspireTest/ngr/datasetrecords/def/checkxlinkurl.template.feature
caller: classpath:InspireTest/ngr/datasetrecords/check-known-dataset-record.feature
items: [{link=http://www.opengis.net/def/crs/EPSG/0/http://www.opengis.net/def/crs/EPSG/0/4258}, {link=http://kadaster/7cdfa80a-cfbf-4324-978d-f1f141756b66}]
errors:
-------
feature call (loop) failed at index: 1
caller: classpath:InspireTest/ngr/datasetrecords/def/checkxlinkurl.template.feature
arg: {"link":"http://kadaster/7cdfa80a-cfbf-4324-978d-f1f141756b66"}
checkxlinkurl.template.feature:14 - 
java.net.UnknownHostException: kadaster
[1.58:18] check-known-dataset-record.feature:81 - feature call (loop) failed: classpath:InspireTest/ngr/datasetrecords/def/checkxlinkurl.template.feature
caller: classpath:InspireTest/ngr/datasetrecords/check-known-dataset-record.feature
items: [{link=https://www.nationaalgeoregister.nl/geonetwork/srv/dut/catalog.search#/metadata/adn73c4a-ef03-4785-b7f6-942e86b385f7}, {link=http://rdfdata.eionet.europa.eu/inspirethemes/themes/10}, {link=urn:ogc:def:crs:EPSG::5709}]
errors:
-------
feature call (loop) failed at index: 1
caller: classpath:InspireTest/ngr/datasetrecords/def/checkxlinkurl.template.feature
arg: {"link":"http://rdfdata.eionet.europa.eu/inspirethemes/themes/10"}
checkxlinkurl.template.feature:22 - path: $, actual: 404, expected: 200, reason: not equal (Integer)
-------
feature call (loop) failed at index: 2
caller: classpath:InspireTest/ngr/datasetrecords/def/checkxlinkurl.template.feature
arg: {"link":"urn:ogc:def:crs:EPSG::5709"}
checkxlinkurl.template.feature:14 - 
org.apache.http.client.ClientProtocolException: URI does not specify a valid host name: urn:ogc:def:crs:EPSG::5709
[1.59:18] check-known-dataset-record.feature:49 - xpath does not exist: /GetRecordByIdResponse//@href on response
[1.60:18] check-known-dataset-record.feature:81 - feature call (loop) failed: classpath:InspireTest/ngr/datasetrecords/def/checkxlinkurl.template.feature
caller: classpath:InspireTest/ngr/datasetrecords/check-known-dataset-record.feature
items: [{link=https://nationaalgeoregister.nl/geonetwork/srv/resources7d716522-fa1a-43b4-99c0-3a3480f9e218}, {link=https://www.nationaalgeoregister.nl/geonetwork/srv/eng/thesaurus.download?ref=external.theme.inspire-theme}]
errors:
-------
feature call (loop) failed at index: 0
caller: classpath:InspireTest/ngr/datasetrecords/def/checkxlinkurl.template.feature
arg: {"link":"https://nationaalgeoregister.nl/geonetwork/srv/resources7d716522-fa1a-43b4-99c0-3a3480f9e218"}
checkxlinkurl.template.feature:22 - path: $, actual: 404, expected: 200, reason: not equal (Integer)
-------
feature call (loop) failed at index: 1
caller: classpath:InspireTest/ngr/datasetrecords/def/checkxlinkurl.template.feature
arg: {"link":"https://www.nationaalgeoregister.nl/geonetwork/srv/eng/thesaurus.download?ref=external.theme.inspire-theme"}
checkxlinkurl.template.feature:22 - path: $, actual: 500, expected: 200, reason: not equal (Integer)
[1.61:18] check-known-dataset-record.feature:81 - feature call (loop) failed: classpath:InspireTest/ngr/datasetrecords/def/checkxlinkurl.template.feature
caller: classpath:InspireTest/ngr/datasetrecords/check-known-dataset-record.feature
items: [{link=https://www.nationaalgeoregister.nl/geonetwork/srv/api/records49807edc-0007-41aa-8809-d381f6713de4}, {link=https://creativecommons.org/publicdomain/zero/*/deed.nl}]
errors:
-------
feature call (loop) failed at index: 0
caller: classpath:InspireTest/ngr/datasetrecords/def/checkxlinkurl.template.feature
arg: {"link":"https://www.nationaalgeoregister.nl/geonetwork/srv/api/records49807edc-0007-41aa-8809-d381f6713de4"}
checkxlinkurl.template.feature:22 - path: $, actual: 500, expected: 200, reason: not equal (Integer)
-------
feature call (loop) failed at index: 1
caller: classpath:InspireTest/ngr/datasetrecords/def/checkxlinkurl.template.feature
arg: {"link":"https://creativecommons.org/publicdomain/zero/*/deed.nl"}
checkxlinkurl.template.feature:22 - path: $, actual: 404, expected: 200, reason: not equal (Integer)
[1.62:18] check-known-dataset-record.feature:81 - feature call (loop) failed: classpath:InspireTest/ngr/datasetrecords/def/checkxlinkurl.template.feature
caller: classpath:InspireTest/ngr/datasetrecords/check-known-dataset-record.feature
items: [{link=https://data.rivm.nl/inspire/id#1e3a98db-5d5e-4e61-8b64-1d132ddb439e}]
errors:
-------
feature call (loop) failed at index: 0
caller: classpath:InspireTest/ngr/datasetrecords/def/checkxlinkurl.template.feature
arg: {"link":"https://data.rivm.nl/inspire/id#1e3a98db-5d5e-4e61-8b64-1d132ddb439e"}
checkxlinkurl.template.feature:14 - 
javax.net.ssl.SSLException: Connection reset
[1.63:18] check-known-dataset-record.feature:81 - feature call (loop) failed: classpath:InspireTest/ngr/datasetrecords/def/checkxlinkurl.template.feature
caller: classpath:InspireTest/ngr/datasetrecords/check-known-dataset-record.feature
items: [{link=https://nationaalgeoregister.nl/geonetwork/srv/resourcese26eb6c9-c441-43e8-8db6-aabbf11578fd}, {link=http://rdfdata.eionet.europa.eu/inspirethemes/themes/16}, {link=http://geonetwork-opensource.org/inspire-theme#}, {link=https://www.nationaalgeoregister.nl/geonetwork/srv/eng/thesaurus.download?ref=external.theme.inspire-theme}]
errors:
-------
feature call (loop) failed at index: 0
caller: classpath:InspireTest/ngr/datasetrecords/def/checkxlinkurl.template.feature
arg: {"link":"https://nationaalgeoregister.nl/geonetwork/srv/resourcese26eb6c9-c441-43e8-8db6-aabbf11578fd"}
checkxlinkurl.template.feature:22 - path: $, actual: 404, expected: 200, reason: not equal (Integer)
-------
feature call (loop) failed at index: 1
caller: classpath:InspireTest/ngr/datasetrecords/def/checkxlinkurl.template.feature
arg: {"link":"http://rdfdata.eionet.europa.eu/inspirethemes/themes/16"}
checkxlinkurl.template.feature:22 - path: $, actual: 404, expected: 200, reason: not equal (Integer)
-------
feature call (loop) failed at index: 2
caller: classpath:InspireTest/ngr/datasetrecords/def/checkxlinkurl.template.feature
arg: {"link":"http://geonetwork-opensource.org/inspire-theme#"}
checkxlinkurl.template.feature:22 - path: $, actual: 404, expected: 200, reason: not equal (Integer)
-------
feature call (loop) failed at index: 3
caller: classpath:InspireTest/ngr/datasetrecords/def/checkxlinkurl.template.feature
arg: {"link":"https://www.nationaalgeoregister.nl/geonetwork/srv/eng/thesaurus.download?ref=external.theme.inspire-theme"}
checkxlinkurl.template.feature:22 - path: $, actual: 500, expected: 200, reason: not equal (Integer)
[1.64:18] check-known-dataset-record.feature:81 - feature call (loop) failed: classpath:InspireTest/ngr/datasetrecords/def/checkxlinkurl.template.feature
caller: classpath:InspireTest/ngr/datasetrecords/check-known-dataset-record.feature
items: [{link=https://nationaalgeoregister.nl/geonetwork/srv/resourcesce4a6d93-83d6-4397-afa1-d4117d5ce76b}, {link=http://rdfdata.eionet.europa.eu/inspirethemes/themes/34}, {link=http://geonetwork-opensource.org/inspire-theme#}, {link=https://www.nationaalgeoregister.nl/geonetwork/srv/eng/thesaurus.download?ref=external.theme.inspire-theme}]
errors:
-------
feature call (loop) failed at index: 0
caller: classpath:InspireTest/ngr/datasetrecords/def/checkxlinkurl.template.feature
arg: {"link":"https://nationaalgeoregister.nl/geonetwork/srv/resourcesce4a6d93-83d6-4397-afa1-d4117d5ce76b"}
checkxlinkurl.template.feature:22 - path: $, actual: 404, expected: 200, reason: not equal (Integer)
-------
feature call (loop) failed at index: 1
caller: classpath:InspireTest/ngr/datasetrecords/def/checkxlinkurl.template.feature
arg: {"link":"http://rdfdata.eionet.europa.eu/inspirethemes/themes/34"}
checkxlinkurl.template.feature:22 - path: $, actual: 404, expected: 200, reason: not equal (Integer)
-------
feature call (loop) failed at index: 2
caller: classpath:InspireTest/ngr/datasetrecords/def/checkxlinkurl.template.feature
arg: {"link":"http://geonetwork-opensource.org/inspire-theme#"}
checkxlinkurl.template.feature:22 - path: $, actual: 404, expected: 200, reason: not equal (Integer)
-------
feature call (loop) failed at index: 3
caller: classpath:InspireTest/ngr/datasetrecords/def/checkxlinkurl.template.feature
arg: {"link":"https://www.nationaalgeoregister.nl/geonetwork/srv/eng/thesaurus.download?ref=external.theme.inspire-theme"}
checkxlinkurl.template.feature:22 - path: $, actual: 500, expected: 200, reason: not equal (Integer)
[1.65:18] check-known-dataset-record.feature:81 - feature call (loop) failed: classpath:InspireTest/ngr/datasetrecords/def/checkxlinkurl.template.feature
caller: classpath:InspireTest/ngr/datasetrecords/check-known-dataset-record.feature
items: [{link=https://www.nationaalgeoregister.nl/geonetwork/srv/api/records3703b249-a0eb-484e-ba7a-10e31a55bcec}, {link=579}]
errors:
-------
feature call (loop) failed at index: 0
caller: classpath:InspireTest/ngr/datasetrecords/def/checkxlinkurl.template.feature
arg: {"link":"https://www.nationaalgeoregister.nl/geonetwork/srv/api/records3703b249-a0eb-484e-ba7a-10e31a55bcec"}
checkxlinkurl.template.feature:22 - path: $, actual: 500, expected: 200, reason: not equal (Integer)
-------
feature call (loop) failed at index: 1
caller: classpath:InspireTest/ngr/datasetrecords/def/checkxlinkurl.template.feature
arg: {"link":"579"}
checkxlinkurl.template.feature:14 - 
org.apache.http.client.ClientProtocolException
[1.67:18] check-known-dataset-record.feature:81 - feature call (loop) failed: classpath:InspireTest/ngr/datasetrecords/def/checkxlinkurl.template.feature
caller: classpath:InspireTest/ngr/datasetrecords/check-known-dataset-record.feature
items: [{link=http://kadaster/06b6c650-cdb1-11dd-ad8b-0800200c9a76}]
errors:
-------
feature call (loop) failed at index: 0
caller: classpath:InspireTest/ngr/datasetrecords/def/checkxlinkurl.template.feature
arg: {"link":"http://kadaster/06b6c650-cdb1-11dd-ad8b-0800200c9a76"}
checkxlinkurl.template.feature:14 - 
java.net.UnknownHostException: kadaster
[1.68:18] check-known-dataset-record.feature:81 - feature call (loop) failed: classpath:InspireTest/ngr/datasetrecords/def/checkxlinkurl.template.feature
caller: classpath:InspireTest/ngr/datasetrecords/check-known-dataset-record.feature
items: [{link=https://geodata.nationaalgeoregister.nl/inspire/su-grid/wfs}, {link=}]
errors:
-------
feature call (loop) failed at index: 0
caller: classpath:InspireTest/ngr/datasetrecords/def/checkxlinkurl.template.feature
arg: {"link":"https://geodata.nationaalgeoregister.nl/inspire/su-grid/wfs"}
checkxlinkurl.template.feature:22 - path: $, actual: 400, expected: 200, reason: not equal (Integer)
-------
feature call (loop) failed at index: 1
caller: classpath:InspireTest/ngr/datasetrecords/def/checkxlinkurl.template.feature
arg: {"link":""}
checkxlinkurl.template.feature:14 - 
org.apache.http.client.ClientProtocolException
[1.69:18] check-known-dataset-record.feature:81 - feature call (loop) failed: classpath:InspireTest/ngr/datasetrecords/def/checkxlinkurl.template.feature
caller: classpath:InspireTest/ngr/datasetrecords/check-known-dataset-record.feature
items: [{link=http://kadaster/2482250f-3b00-4439-9f93-f3118229b201}, {link=}, {link=}, {link=}, {link=}, {link=}]
errors:
-------
feature call (loop) failed at index: 0
caller: classpath:InspireTest/ngr/datasetrecords/def/checkxlinkurl.template.feature
arg: {"link":"http://kadaster/2482250f-3b00-4439-9f93-f3118229b201"}
checkxlinkurl.template.feature:14 - 
java.net.UnknownHostException: kadaster
-------
feature call (loop) failed at index: 1
caller: classpath:InspireTest/ngr/datasetrecords/def/checkxlinkurl.template.feature
arg: {"link":""}
checkxlinkurl.template.feature:14 - 
org.apache.http.client.ClientProtocolException
-------
feature call (loop) failed at index: 2
caller: classpath:InspireTest/ngr/datasetrecords/def/checkxlinkurl.template.feature
arg: {"link":""}
checkxlinkurl.template.feature:14 - 
org.apache.http.client.ClientProtocolException
-------
feature call (loop) failed at index: 3
caller: classpath:InspireTest/ngr/datasetrecords/def/checkxlinkurl.template.feature
arg: {"link":""}
checkxlinkurl.template.feature:14 - 
org.apache.http.client.ClientProtocolException
-------
feature call (loop) failed at index: 4
caller: classpath:InspireTest/ngr/datasetrecords/def/checkxlinkurl.template.feature
arg: {"link":""}
checkxlinkurl.template.feature:14 - 
org.apache.http.client.ClientProtocolException
-------
feature call (loop) failed at index: 5
caller: classpath:InspireTest/ngr/datasetrecords/def/checkxlinkurl.template.feature
arg: {"link":""}
checkxlinkurl.template.feature:14 - 
org.apache.http.client.ClientProtocolException
[1.72:18] check-known-dataset-record.feature:81 - feature call (loop) failed: classpath:InspireTest/ngr/datasetrecords/def/checkxlinkurl.template.feature
caller: classpath:InspireTest/ngr/datasetrecords/check-known-dataset-record.feature
items: [{link=https://www.nationaalgeoregister.nl/geonetwork/srv/api/records58d39928-f502-48c9-a8c1-03244dc181bf}]
errors:
-------
feature call (loop) failed at index: 0
caller: classpath:InspireTest/ngr/datasetrecords/def/checkxlinkurl.template.feature
arg: {"link":"https://www.nationaalgeoregister.nl/geonetwork/srv/api/records58d39928-f502-48c9-a8c1-03244dc181bf"}
checkxlinkurl.template.feature:22 - path: $, actual: 500, expected: 200, reason: not equal (Integer)
[1.73:18] check-known-dataset-record.feature:81 - feature call (loop) failed: classpath:InspireTest/ngr/datasetrecords/def/checkxlinkurl.template.feature
caller: classpath:InspireTest/ngr/datasetrecords/check-known-dataset-record.feature
items: [{link=http://www.opengis.net/def/crs/EPSG/0/http://www.opengis.net/def/crs/EPSG/0/4258}, {link=http://kadaster/cb4edbd2-2dca-4d44-92bb-b2202048b526}]
errors:
-------
feature call (loop) failed at index: 1
caller: classpath:InspireTest/ngr/datasetrecords/def/checkxlinkurl.template.feature
arg: {"link":"http://kadaster/cb4edbd2-2dca-4d44-92bb-b2202048b526"}
checkxlinkurl.template.feature:14 - 
java.net.UnknownHostException: kadaster
[1.74:18] check-known-dataset-record.feature:81 - feature call (loop) failed: classpath:InspireTest/ngr/datasetrecords/def/checkxlinkurl.template.feature
caller: classpath:InspireTest/ngr/datasetrecords/check-known-dataset-record.feature
items: [{link=https://data.rivm.nl/inspire/id#b5ccab29-e2cc-4178-9f81-40c50e909754}]
errors:
-------
feature call (loop) failed at index: 0
caller: classpath:InspireTest/ngr/datasetrecords/def/checkxlinkurl.template.feature
arg: {"link":"https://data.rivm.nl/inspire/id#b5ccab29-e2cc-4178-9f81-40c50e909754"}
checkxlinkurl.template.feature:14 - 
javax.net.ssl.SSLException: Connection reset
[1.75:18] check-known-dataset-record.feature:81 - feature call (loop) failed: classpath:InspireTest/ngr/datasetrecords/def/checkxlinkurl.template.feature
caller: classpath:InspireTest/ngr/datasetrecords/check-known-dataset-record.feature
items: [{link=http://kadaster/2482250f-3b00-4439-9f93-f3118229b018}, {link=}, {link=}, {link=}]
errors:
-------
feature call (loop) failed at index: 0
caller: classpath:InspireTest/ngr/datasetrecords/def/checkxlinkurl.template.feature
arg: {"link":"http://kadaster/2482250f-3b00-4439-9f93-f3118229b018"}
checkxlinkurl.template.feature:14 - 
java.net.UnknownHostException: kadaster
-------
feature call (loop) failed at index: 1
caller: classpath:InspireTest/ngr/datasetrecords/def/checkxlinkurl.template.feature
arg: {"link":""}
checkxlinkurl.template.feature:14 - 
org.apache.http.client.ClientProtocolException
-------
feature call (loop) failed at index: 2
caller: classpath:InspireTest/ngr/datasetrecords/def/checkxlinkurl.template.feature
arg: {"link":""}
checkxlinkurl.template.feature:14 - 
org.apache.http.client.ClientProtocolException
-------
feature call (loop) failed at index: 3
caller: classpath:InspireTest/ngr/datasetrecords/def/checkxlinkurl.template.feature
arg: {"link":""}
checkxlinkurl.template.feature:14 - 
org.apache.http.client.ClientProtocolException
[1.76:18] check-known-dataset-record.feature:81 - feature call (loop) failed: classpath:InspireTest/ngr/datasetrecords/def/checkxlinkurl.template.feature
caller: classpath:InspireTest/ngr/datasetrecords/check-known-dataset-record.feature
items: [{link=https://data.rivm.nl/inspire/id#fd9c4f87-026e-4681-8d94-9702f3c83078}]
errors:
-------
feature call (loop) failed at index: 0
caller: classpath:InspireTest/ngr/datasetrecords/def/checkxlinkurl.template.feature
arg: {"link":"https://data.rivm.nl/inspire/id#fd9c4f87-026e-4681-8d94-9702f3c83078"}
checkxlinkurl.template.feature:14 - 
javax.net.ssl.SSLException: Connection reset
[1.77:18] check-known-dataset-record.feature:81 - feature call (loop) failed: classpath:InspireTest/ngr/datasetrecords/def/checkxlinkurl.template.feature
caller: classpath:InspireTest/ngr/datasetrecords/check-known-dataset-record.feature
items: [{link=https://ngr.acceptatie.nationaalgeoregister.nl/geonetwork/srv/resourcesc7662717-9e43-4367-a344-723d73abbb3e}]
errors:
-------
feature call (loop) failed at index: 0
caller: classpath:InspireTest/ngr/datasetrecords/def/checkxlinkurl.template.feature
arg: {"link":"https://ngr.acceptatie.nationaalgeoregister.nl/geonetwork/srv/resourcesc7662717-9e43-4367-a344-723d73abbb3e"}
checkxlinkurl.template.feature:22 - path: $, actual: 404, expected: 200, reason: not equal (Integer)
[1.78:18] check-known-dataset-record.feature:81 - feature call (loop) failed: classpath:InspireTest/ngr/datasetrecords/def/checkxlinkurl.template.feature
caller: classpath:InspireTest/ngr/datasetrecords/check-known-dataset-record.feature
items: [{link=https://data.rivm.nl/inspire/id#7247293d-2113-44d8-b335-8167b2ec4d1b}]
errors:
-------
feature call (loop) failed at index: 0
caller: classpath:InspireTest/ngr/datasetrecords/def/checkxlinkurl.template.feature
arg: {"link":"https://data.rivm.nl/inspire/id#7247293d-2113-44d8-b335-8167b2ec4d1b"}
checkxlinkurl.template.feature:14 - 
javax.net.ssl.SSLException: Connection reset
[1.79:18] check-known-dataset-record.feature:81 - feature call (loop) failed: classpath:InspireTest/ngr/datasetrecords/def/checkxlinkurl.template.feature
caller: classpath:InspireTest/ngr/datasetrecords/check-known-dataset-record.feature
items: [{link=https://data.rivm.nl/inspire/id#e6ddc53d-04c4-435d-bedd-a5ace2dc0313}]
errors:
-------
feature call (loop) failed at index: 0
caller: classpath:InspireTest/ngr/datasetrecords/def/checkxlinkurl.template.feature
arg: {"link":"https://data.rivm.nl/inspire/id#e6ddc53d-04c4-435d-bedd-a5ace2dc0313"}
checkxlinkurl.template.feature:14 - 
javax.net.ssl.SSLException: Connection reset
[1.80:18] check-known-dataset-record.feature:81 - feature call (loop) failed: classpath:InspireTest/ngr/datasetrecords/def/checkxlinkurl.template.feature
caller: classpath:InspireTest/ngr/datasetrecords/check-known-dataset-record.feature
items: [{link=http://www.opengis.net/def/crs/EPSG/0/http://www.opengis.net/def/crs/EPSG/0/4258}, {link=http://kadaster/29f0fa66-3928-4e95-ae30-5b1eab818ac1}]
errors:
-------
feature call (loop) failed at index: 1
caller: classpath:InspireTest/ngr/datasetrecords/def/checkxlinkurl.template.feature
arg: {"link":"http://kadaster/29f0fa66-3928-4e95-ae30-5b1eab818ac1"}
checkxlinkurl.template.feature:14 - 
java.net.UnknownHostException: kadaster
[1.81:18] check-known-dataset-record.feature:81 - feature call (loop) failed: classpath:InspireTest/ngr/datasetrecords/def/checkxlinkurl.template.feature
caller: classpath:InspireTest/ngr/datasetrecords/check-known-dataset-record.feature
items: [{link=http://www.opengis.net/def/crs/EPSG/0/https://www.opengis.net/def/crs/EPSG/0/4258}, {link=https://www.nationaalgeoregister.nl/geonetwork/srv/api/records4617f0e0-6af4-4ac0-9044-31df9d03071c}]
errors:
-------
feature call (loop) failed at index: 1
caller: classpath:InspireTest/ngr/datasetrecords/def/checkxlinkurl.template.feature
arg: {"link":"https://www.nationaalgeoregister.nl/geonetwork/srv/api/records4617f0e0-6af4-4ac0-9044-31df9d03071c"}
checkxlinkurl.template.feature:22 - path: $, actual: 500, expected: 200, reason: not equal (Integer)
[1.82:18] check-known-dataset-record.feature:81 - feature call (loop) failed: classpath:InspireTest/ngr/datasetrecords/def/checkxlinkurl.template.feature
caller: classpath:InspireTest/ngr/datasetrecords/check-known-dataset-record.feature
items: [{link=h}, {link=t}, {link=t}, {link=p}, {link=s}, {link=:}, {link=/}, {link=/}, {link=w}, {link=w}, {link=w}, {link=.}, {link=n}, {link=a}, {link=t}, {link=i}, {link=o}, {link=n}, {link=a}, {link=a}, {link=l}, {link=g}, {link=e}, {link=o}, {link=r}, {link=e}, {link=g}, {link=i}, {link=s}, {link=t}, {link=e}, {link=r}, {link=.}, {link=n}, {link=l}, {link=:}, {link=4}, {link=4}, {link=3}, {link=/}, {link=g}, {link=e}, {link=o}, {link=n}, {link=e}, {link=t}, {link=w}, {link=o}, {link=r}, {link=k}, {link=/}, {link=s}, {link=r}, {link=v}, {link=/}, {link=e}, {link=n}, {link=g}, {link=/}, {link=t}, {link=h}, {link=e}, {link=s}, {link=a}, {link=u}, {link=r}, {link=u}, {link=s}, {link=.}, {link=d}, {link=o}, {link=w}, {link=n}, {link=l}, {link=o}, {link=a}, {link=d}, {link=?}, {link=r}, {link=e}, {link=f}, {link==}, {link=e}, {link=x}, {link=t}, {link=e}, {link=r}, {link=n}, {link=a}, {link=l}, {link=.}, {link=t}, {link=h}, {link=e}, {link=m}, {link=e}, {link=.}, {link=h}, {link=t}, {link=t}, {link=p}, {link=i}, {link=n}, {link=s}, {link=p}, {link=i}, {link=r}, {link=e}, {link=e}, {link=c}, {link=e}, {link=u}, {link=r}, {link=o}, {link=p}, {link=a}, {link=e}, {link=u}, {link=t}, {link=h}, {link=e}, {link=m}, {link=e}, {link=-}, {link=t}, {link=h}, {link=e}, {link=m}, {link=e}]
errors:
-------
feature call (loop) failed at index: 0
caller: classpath:InspireTest/ngr/datasetrecords/def/checkxlinkurl.template.feature
arg: {"link":"h"}
checkxlinkurl.template.feature:14 - 
org.apache.http.client.ClientProtocolException
-------
feature call (loop) failed at index: 1
caller: classpath:InspireTest/ngr/datasetrecords/def/checkxlinkurl.template.feature
arg: {"link":"t"}
checkxlinkurl.template.feature:14 - 
org.apache.http.client.ClientProtocolException
-------
feature call (loop) failed at index: 2
caller: classpath:InspireTest/ngr/datasetrecords/def/checkxlinkurl.template.feature
arg: {"link":"t"}
checkxlinkurl.template.feature:14 - 
org.apache.http.client.ClientProtocolException
-------
feature call (loop) failed at index: 3
caller: classpath:InspireTest/ngr/datasetrecords/def/checkxlinkurl.template.feature
arg: {"link":"p"}
checkxlinkurl.template.feature:14 - 
org.apache.http.client.ClientProtocolException
-------
feature call (loop) failed at index: 4
caller: classpath:InspireTest/ngr/datasetrecords/def/checkxlinkurl.template.feature
arg: {"link":"s"}
checkxlinkurl.template.feature:14 - 
org.apache.http.client.ClientProtocolException
-------
feature call (loop) failed at index: 5
caller: classpath:InspireTest/ngr/datasetrecords/def/checkxlinkurl.template.feature
arg: {"link":":"}
checkxlinkurl.template.feature:14 - java.net.URISyntaxException: Expected scheme name at index 0: :
-------
feature call (loop) failed at index: 6
caller: classpath:InspireTest/ngr/datasetrecords/def/checkxlinkurl.template.feature
arg: {"link":"/"}
checkxlinkurl.template.feature:14 - 
org.apache.http.client.ClientProtocolException
-------
feature call (loop) failed at index: 7
caller: classpath:InspireTest/ngr/datasetrecords/def/checkxlinkurl.template.feature
arg: {"link":"/"}
checkxlinkurl.template.feature:14 - 
org.apache.http.client.ClientProtocolException
-------
feature call (loop) failed at index: 8
caller: classpath:InspireTest/ngr/datasetrecords/def/checkxlinkurl.template.feature
arg: {"link":"w"}
checkxlinkurl.template.feature:14 - 
org.apache.http.client.ClientProtocolException
-------
feature call (loop) failed at index: 9
caller: classpath:InspireTest/ngr/datasetrecords/def/checkxlinkurl.template.feature
arg: {"link":"w"}
checkxlinkurl.template.feature:14 - 
org.apache.http.client.ClientProtocolException
-------
feature call (loop) failed at index: 10
caller: classpath:InspireTest/ngr/datasetrecords/def/checkxlinkurl.template.feature
arg: {"link":"w"}
checkxlinkurl.template.feature:14 - 
org.apache.http.client.ClientProtocolException
-------
feature call (loop) failed at index: 11
caller: classpath:InspireTest/ngr/datasetrecords/def/checkxlinkurl.template.feature
arg: {"link":"."}
checkxlinkurl.template.feature:14 - 
org.apache.http.client.ClientProtocolException
-------
feature call (loop) failed at index: 12
caller: classpath:InspireTest/ngr/datasetrecords/def/checkxlinkurl.template.feature
arg: {"link":"n"}
checkxlinkurl.template.feature:14 - 
org.apache.http.client.ClientProtocolException
-------
feature call (loop) failed at index: 13
caller: classpath:InspireTest/ngr/datasetrecords/def/checkxlinkurl.template.feature
arg: {"link":"a"}
checkxlinkurl.template.feature:14 - 
org.apache.http.client.ClientProtocolException
-------
feature call (loop) failed at index: 14
caller: classpath:InspireTest/ngr/datasetrecords/def/checkxlinkurl.template.feature
arg: {"link":"t"}
checkxlinkurl.template.feature:14 - 
org.apache.http.client.ClientProtocolException
-------
feature call (loop) failed at index: 15
caller: classpath:InspireTest/ngr/datasetrecords/def/checkxlinkurl.template.feature
arg: {"link":"i"}
checkxlinkurl.template.feature:14 - 
org.apache.http.client.ClientProtocolException
-------
feature call (loop) failed at index: 16
caller: classpath:InspireTest/ngr/datasetrecords/def/checkxlinkurl.template.feature
arg: {"link":"o"}
checkxlinkurl.template.feature:14 - 
org.apache.http.client.ClientProtocolException
-------
feature call (loop) failed at index: 17
caller: classpath:InspireTest/ngr/datasetrecords/def/checkxlinkurl.template.feature
arg: {"link":"n"}
checkxlinkurl.template.feature:14 - 
org.apache.http.client.ClientProtocolException
-------
feature call (loop) failed at index: 18
caller: classpath:InspireTest/ngr/datasetrecords/def/checkxlinkurl.template.feature
arg: {"link":"a"}
checkxlinkurl.template.feature:14 - 
org.apache.http.client.ClientProtocolException
-------
feature call (loop) failed at index: 19
caller: classpath:InspireTest/ngr/datasetrecords/def/checkxlinkurl.template.feature
arg: {"link":"a"}
checkxlinkurl.template.feature:14 - 
org.apache.http.client.ClientProtocolException
-------
feature call (loop) failed at index: 20
caller: classpath:InspireTest/ngr/datasetrecords/def/checkxlinkurl.template.feature
arg: {"link":"l"}
checkxlinkurl.template.feature:14 - 
org.apache.http.client.ClientProtocolException
-------
feature call (loop) failed at index: 21
caller: classpath:InspireTest/ngr/datasetrecords/def/checkxlinkurl.template.feature
arg: {"link":"g"}
checkxlinkurl.template.feature:14 - 
org.apache.http.client.ClientProtocolException
-------
feature call (loop) failed at index: 22
caller: classpath:InspireTest/ngr/datasetrecords/def/checkxlinkurl.template.feature
arg: {"link":"e"}
checkxlinkurl.template.feature:14 - 
org.apache.http.client.ClientProtocolException
-------
feature call (loop) failed at index: 23
caller: classpath:InspireTest/ngr/datasetrecords/def/checkxlinkurl.template.feature
arg: {"link":"o"}
checkxlinkurl.template.feature:14 - 
org.apache.http.client.ClientProtocolException
-------
feature call (loop) failed at index: 24
caller: classpath:InspireTest/ngr/datasetrecords/def/checkxlinkurl.template.feature
arg: {"link":"r"}
checkxlinkurl.template.feature:14 - 
org.apache.http.client.ClientProtocolException
-------
feature call (loop) failed at index: 25
caller: classpath:InspireTest/ngr/datasetrecords/def/checkxlinkurl.template.feature
arg: {"link":"e"}
checkxlinkurl.template.feature:14 - 
org.apache.http.client.ClientProtocolException
-------
feature call (loop) failed at index: 26
caller: classpath:InspireTest/ngr/datasetrecords/def/checkxlinkurl.template.feature
arg: {"link":"g"}
checkxlinkurl.template.feature:14 - 
org.apache.http.client.ClientProtocolException
-------
feature call (loop) failed at index: 27
caller: classpath:InspireTest/ngr/datasetrecords/def/checkxlinkurl.template.feature
arg: {"link":"i"}
checkxlinkurl.template.feature:14 - 
org.apache.http.client.ClientProtocolException
-------
feature call (loop) failed at index: 28
caller: classpath:InspireTest/ngr/datasetrecords/def/checkxlinkurl.template.feature
arg: {"link":"s"}
checkxlinkurl.template.feature:14 - 
org.apache.http.client.ClientProtocolException
-------
feature call (loop) failed at index: 29
caller: classpath:InspireTest/ngr/datasetrecords/def/checkxlinkurl.template.feature
arg: {"link":"t"}
checkxlinkurl.template.feature:14 - 
org.apache.http.client.ClientProtocolException
-------
feature call (loop) failed at index: 30
caller: classpath:InspireTest/ngr/datasetrecords/def/checkxlinkurl.template.feature
arg: {"link":"e"}
checkxlinkurl.template.feature:14 - 
org.apache.http.client.ClientProtocolException
-------
feature call (loop) failed at index: 31
caller: classpath:InspireTest/ngr/datasetrecords/def/checkxlinkurl.template.feature
arg: {"link":"r"}
checkxlinkurl.template.feature:14 - 
org.apache.http.client.ClientProtocolException
-------
feature call (loop) failed at index: 32
caller: classpath:InspireTest/ngr/datasetrecords/def/checkxlinkurl.template.feature
arg: {"link":"."}
checkxlinkurl.template.feature:14 - 
org.apache.http.client.ClientProtocolException
-------
feature call (loop) failed at index: 33
caller: classpath:InspireTest/ngr/datasetrecords/def/checkxlinkurl.template.feature
arg: {"link":"n"}
checkxlinkurl.template.feature:14 - 
org.apache.http.client.ClientProtocolException
-------
feature call (loop) failed at index: 34
caller: classpath:InspireTest/ngr/datasetrecords/def/checkxlinkurl.template.feature
arg: {"link":"l"}
checkxlinkurl.template.feature:14 - 
org.apache.http.client.ClientProtocolException
-------
feature call (loop) failed at index: 35
caller: classpath:InspireTest/ngr/datasetrecords/def/checkxlinkurl.template.feature
arg: {"link":":"}
checkxlinkurl.template.feature:14 - java.net.URISyntaxException: Expected scheme name at index 0: :
-------
feature call (loop) failed at index: 36
caller: classpath:InspireTest/ngr/datasetrecords/def/checkxlinkurl.template.feature
arg: {"link":"4"}
checkxlinkurl.template.feature:14 - 
org.apache.http.client.ClientProtocolException
-------
feature call (loop) failed at index: 37
caller: classpath:InspireTest/ngr/datasetrecords/def/checkxlinkurl.template.feature
arg: {"link":"4"}
checkxlinkurl.template.feature:14 - 
org.apache.http.client.ClientProtocolException
-------
feature call (loop) failed at index: 38
caller: classpath:InspireTest/ngr/datasetrecords/def/checkxlinkurl.template.feature
arg: {"link":"3"}
checkxlinkurl.template.feature:14 - 
org.apache.http.client.ClientProtocolException
-------
feature call (loop) failed at index: 39
caller: classpath:InspireTest/ngr/datasetrecords/def/checkxlinkurl.template.feature
arg: {"link":"/"}
checkxlinkurl.template.feature:14 - 
org.apache.http.client.ClientProtocolException
-------
feature call (loop) failed at index: 40
caller: classpath:InspireTest/ngr/datasetrecords/def/checkxlinkurl.template.feature
arg: {"link":"g"}
checkxlinkurl.template.feature:14 - 
org.apache.http.client.ClientProtocolException
-------
feature call (loop) failed at index: 41
caller: classpath:InspireTest/ngr/datasetrecords/def/checkxlinkurl.template.feature
arg: {"link":"e"}
checkxlinkurl.template.feature:14 - 
org.apache.http.client.ClientProtocolException
-------
feature call (loop) failed at index: 42
caller: classpath:InspireTest/ngr/datasetrecords/def/checkxlinkurl.template.feature
arg: {"link":"o"}
checkxlinkurl.template.feature:14 - 
org.apache.http.client.ClientProtocolException
-------
feature call (loop) failed at index: 43
caller: classpath:InspireTest/ngr/datasetrecords/def/checkxlinkurl.template.feature
arg: {"link":"n"}
checkxlinkurl.template.feature:14 - 
org.apache.http.client.ClientProtocolException
-------
feature call (loop) failed at index: 44
caller: classpath:InspireTest/ngr/datasetrecords/def/checkxlinkurl.template.feature
arg: {"link":"e"}
checkxlinkurl.template.feature:14 - 
org.apache.http.client.ClientProtocolException
-------
feature call (loop) failed at index: 45
caller: classpath:InspireTest/ngr/datasetrecords/def/checkxlinkurl.template.feature
arg: {"link":"t"}
checkxlinkurl.template.feature:14 - 
org.apache.http.client.ClientProtocolException
-------
feature call (loop) failed at index: 46
caller: classpath:InspireTest/ngr/datasetrecords/def/checkxlinkurl.template.feature
arg: {"link":"w"}
checkxlinkurl.template.feature:14 - 
org.apache.http.client.ClientProtocolException
-------
feature call (loop) failed at index: 47
caller: classpath:InspireTest/ngr/datasetrecords/def/checkxlinkurl.template.feature
arg: {"link":"o"}
checkxlinkurl.template.feature:14 - 
org.apache.http.client.ClientProtocolException
-------
feature call (loop) failed at index: 48
caller: classpath:InspireTest/ngr/datasetrecords/def/checkxlinkurl.template.feature
arg: {"link":"r"}
checkxlinkurl.template.feature:14 - 
org.apache.http.client.ClientProtocolException
-------
feature call (loop) failed at index: 49
caller: classpath:InspireTest/ngr/datasetrecords/def/checkxlinkurl.template.feature
arg: {"link":"k"}
checkxlinkurl.template.feature:14 - 
org.apache.http.client.ClientProtocolException
-------
feature call (loop) failed at index: 50
caller: classpath:InspireTest/ngr/datasetrecords/def/checkxlinkurl.template.feature
arg: {"link":"/"}
checkxlinkurl.template.feature:14 - 
org.apache.http.client.ClientProtocolException
-------
feature call (loop) failed at index: 51
caller: classpath:InspireTest/ngr/datasetrecords/def/checkxlinkurl.template.feature
arg: {"link":"s"}
checkxlinkurl.template.feature:14 - 
org.apache.http.client.ClientProtocolException
-------
feature call (loop) failed at index: 52
caller: classpath:InspireTest/ngr/datasetrecords/def/checkxlinkurl.template.feature
arg: {"link":"r"}
checkxlinkurl.template.feature:14 - 
org.apache.http.client.ClientProtocolException
-------
feature call (loop) failed at index: 53
caller: classpath:InspireTest/ngr/datasetrecords/def/checkxlinkurl.template.feature
arg: {"link":"v"}
checkxlinkurl.template.feature:14 - 
org.apache.http.client.ClientProtocolException
-------
feature call (loop) failed at index: 54
caller: classpath:InspireTest/ngr/datasetrecords/def/checkxlinkurl.template.feature
arg: {"link":"/"}
checkxlinkurl.template.feature:14 - 
org.apache.http.client.ClientProtocolException
-------
feature call (loop) failed at index: 55
caller: classpath:InspireTest/ngr/datasetrecords/def/checkxlinkurl.template.feature
arg: {"link":"e"}
checkxlinkurl.template.feature:14 - 
org.apache.http.client.ClientProtocolException
-------
feature call (loop) failed at index: 56
caller: classpath:InspireTest/ngr/datasetrecords/def/checkxlinkurl.template.feature
arg: {"link":"n"}
checkxlinkurl.template.feature:14 - 
org.apache.http.client.ClientProtocolException
-------
feature call (loop) failed at index: 57
caller: classpath:InspireTest/ngr/datasetrecords/def/checkxlinkurl.template.feature
arg: {"link":"g"}
checkxlinkurl.template.feature:14 - 
org.apache.http.client.ClientProtocolException
-------
feature call (loop) failed at index: 58
caller: classpath:InspireTest/ngr/datasetrecords/def/checkxlinkurl.template.feature
arg: {"link":"/"}
checkxlinkurl.template.feature:14 - 
org.apache.http.client.ClientProtocolException
-------
feature call (loop) failed at index: 59
caller: classpath:InspireTest/ngr/datasetrecords/def/checkxlinkurl.template.feature
arg: {"link":"t"}
checkxlinkurl.template.feature:14 - 
org.apache.http.client.ClientProtocolException
-------
feature call (loop) failed at index: 60
caller: classpath:InspireTest/ngr/datasetrecords/def/checkxlinkurl.template.feature
arg: {"link":"h"}
checkxlinkurl.template.feature:14 - 
org.apache.http.client.ClientProtocolException
-------
feature call (loop) failed at index: 61
caller: classpath:InspireTest/ngr/datasetrecords/def/checkxlinkurl.template.feature
arg: {"link":"e"}
checkxlinkurl.template.feature:14 - 
org.apache.http.client.ClientProtocolException
-------
feature call (loop) failed at index: 62
caller: classpath:InspireTest/ngr/datasetrecords/def/checkxlinkurl.template.feature
arg: {"link":"s"}
checkxlinkurl.template.feature:14 - 
org.apache.http.client.ClientProtocolException
-------
feature call (loop) failed at index: 63
caller: classpath:InspireTest/ngr/datasetrecords/def/checkxlinkurl.template.feature
arg: {"link":"a"}
checkxlinkurl.template.feature:14 - 
org.apache.http.client.ClientProtocolException
-------
feature call (loop) failed at index: 64
caller: classpath:InspireTest/ngr/datasetrecords/def/checkxlinkurl.template.feature
arg: {"link":"u"}
checkxlinkurl.template.feature:14 - 
org.apache.http.client.ClientProtocolException
-------
feature call (loop) failed at index: 65
caller: classpath:InspireTest/ngr/datasetrecords/def/checkxlinkurl.template.feature
arg: {"link":"r"}
checkxlinkurl.template.feature:14 - 
org.apache.http.client.ClientProtocolException
-------
feature call (loop) failed at index: 66
caller: classpath:InspireTest/ngr/datasetrecords/def/checkxlinkurl.template.feature
arg: {"link":"u"}
checkxlinkurl.template.feature:14 - 
org.apache.http.client.ClientProtocolException
-------
feature call (loop) failed at index: 67
caller: classpath:InspireTest/ngr/datasetrecords/def/checkxlinkurl.template.feature
arg: {"link":"s"}
checkxlinkurl.template.feature:14 - 
org.apache.http.client.ClientProtocolException
-------
feature call (loop) failed at index: 68
caller: classpath:InspireTest/ngr/datasetrecords/def/checkxlinkurl.template.feature
arg: {"link":"."}
checkxlinkurl.template.feature:14 - 
org.apache.http.client.ClientProtocolException
-------
feature call (loop) failed at index: 69
caller: classpath:InspireTest/ngr/datasetrecords/def/checkxlinkurl.template.feature
arg: {"link":"d"}
checkxlinkurl.template.feature:14 - 
org.apache.http.client.ClientProtocolException
-------
feature call (loop) failed at index: 70
caller: classpath:InspireTest/ngr/datasetrecords/def/checkxlinkurl.template.feature
arg: {"link":"o"}
checkxlinkurl.template.feature:14 - 
org.apache.http.client.ClientProtocolException
-------
feature call (loop) failed at index: 71
caller: classpath:InspireTest/ngr/datasetrecords/def/checkxlinkurl.template.feature
arg: {"link":"w"}
checkxlinkurl.template.feature:14 - 
org.apache.http.client.ClientProtocolException
-------
feature call (loop) failed at index: 72
caller: classpath:InspireTest/ngr/datasetrecords/def/checkxlinkurl.template.feature
arg: {"link":"n"}
checkxlinkurl.template.feature:14 - 
org.apache.http.client.ClientProtocolException
-------
feature call (loop) failed at index: 73
caller: classpath:InspireTest/ngr/datasetrecords/def/checkxlinkurl.template.feature
arg: {"link":"l"}
checkxlinkurl.template.feature:14 - 
org.apache.http.client.ClientProtocolException
-------
feature call (loop) failed at index: 74
caller: classpath:InspireTest/ngr/datasetrecords/def/checkxlinkurl.template.feature
arg: {"link":"o"}
checkxlinkurl.template.feature:14 - 
org.apache.http.client.ClientProtocolException
-------
feature call (loop) failed at index: 75
caller: classpath:InspireTest/ngr/datasetrecords/def/checkxlinkurl.template.feature
arg: {"link":"a"}
checkxlinkurl.template.feature:14 - 
org.apache.http.client.ClientProtocolException
-------
feature call (loop) failed at index: 76
caller: classpath:InspireTest/ngr/datasetrecords/def/checkxlinkurl.template.feature
arg: {"link":"d"}
checkxlinkurl.template.feature:14 - 
org.apache.http.client.ClientProtocolException
-------
feature call (loop) failed at index: 77
caller: classpath:InspireTest/ngr/datasetrecords/def/checkxlinkurl.template.feature
arg: {"link":"?"}
checkxlinkurl.template.feature:14 - 
org.apache.http.client.ClientProtocolException
-------
feature call (loop) failed at index: 78
caller: classpath:InspireTest/ngr/datasetrecords/def/checkxlinkurl.template.feature
arg: {"link":"r"}
checkxlinkurl.template.feature:14 - 
org.apache.http.client.ClientProtocolException
-------
feature call (loop) failed at index: 79
caller: classpath:InspireTest/ngr/datasetrecords/def/checkxlinkurl.template.feature
arg: {"link":"e"}
checkxlinkurl.template.feature:14 - 
org.apache.http.client.ClientProtocolException
-------
feature call (loop) failed at index: 80
caller: classpath:InspireTest/ngr/datasetrecords/def/checkxlinkurl.template.feature
arg: {"link":"f"}
checkxlinkurl.template.feature:14 - 
org.apache.http.client.ClientProtocolException
-------
feature call (loop) failed at index: 81
caller: classpath:InspireTest/ngr/datasetrecords/def/checkxlinkurl.template.feature
arg: {"link":"="}
checkxlinkurl.template.feature:14 - 
org.apache.http.client.ClientProtocolException
-------
feature call (loop) failed at index: 82
caller: classpath:InspireTest/ngr/datasetrecords/def/checkxlinkurl.template.feature
arg: {"link":"e"}
checkxlinkurl.template.feature:14 - 
org.apache.http.client.ClientProtocolException
-------
feature call (loop) failed at index: 83
caller: classpath:InspireTest/ngr/datasetrecords/def/checkxlinkurl.template.feature
arg: {"link":"x"}
checkxlinkurl.template.feature:14 - 
org.apache.http.client.ClientProtocolException
-------
feature call (loop) failed at index: 84
caller: classpath:InspireTest/ngr/datasetrecords/def/checkxlinkurl.template.feature
arg: {"link":"t"}
checkxlinkurl.template.feature:14 - 
org.apache.http.client.ClientProtocolException
-------
feature call (loop) failed at index: 85
caller: classpath:InspireTest/ngr/datasetrecords/def/checkxlinkurl.template.feature
arg: {"link":"e"}
checkxlinkurl.template.feature:14 - 
org.apache.http.client.ClientProtocolException
-------
feature call (loop) failed at index: 86
caller: classpath:InspireTest/ngr/datasetrecords/def/checkxlinkurl.template.feature
arg: {"link":"r"}
checkxlinkurl.template.feature:14 - 
org.apache.http.client.ClientProtocolException
-------
feature call (loop) failed at index: 87
caller: classpath:InspireTest/ngr/datasetrecords/def/checkxlinkurl.template.feature
arg: {"link":"n"}
checkxlinkurl.template.feature:14 - 
org.apache.http.client.ClientProtocolException
-------
feature call (loop) failed at index: 88
caller: classpath:InspireTest/ngr/datasetrecords/def/checkxlinkurl.template.feature
arg: {"link":"a"}
checkxlinkurl.template.feature:14 - 
org.apache.http.client.ClientProtocolException
-------
feature call (loop) failed at index: 89
caller: classpath:InspireTest/ngr/datasetrecords/def/checkxlinkurl.template.feature
arg: {"link":"l"}
checkxlinkurl.template.feature:14 - 
org.apache.http.client.ClientProtocolException
-------
feature call (loop) failed at index: 90
caller: classpath:InspireTest/ngr/datasetrecords/def/checkxlinkurl.template.feature
arg: {"link":"."}
checkxlinkurl.template.feature:14 - 
org.apache.http.client.ClientProtocolException
-------
feature call (loop) failed at index: 91
caller: classpath:InspireTest/ngr/datasetrecords/def/checkxlinkurl.template.feature
arg: {"link":"t"}
checkxlinkurl.template.feature:14 - 
org.apache.http.client.ClientProtocolException
-------
feature call (loop) failed at index: 92
caller: classpath:InspireTest/ngr/datasetrecords/def/checkxlinkurl.template.feature
arg: {"link":"h"}
checkxlinkurl.template.feature:14 - 
org.apache.http.client.ClientProtocolException
-------
feature call (loop) failed at index: 93
caller: classpath:InspireTest/ngr/datasetrecords/def/checkxlinkurl.template.feature
arg: {"link":"e"}
checkxlinkurl.template.feature:14 - 
org.apache.http.client.ClientProtocolException
-------
feature call (loop) failed at index: 94
caller: classpath:InspireTest/ngr/datasetrecords/def/checkxlinkurl.template.feature
arg: {"link":"m"}
checkxlinkurl.template.feature:14 - 
org.apache.http.client.ClientProtocolException
-------
feature call (loop) failed at index: 95
caller: classpath:InspireTest/ngr/datasetrecords/def/checkxlinkurl.template.feature
arg: {"link":"e"}
checkxlinkurl.template.feature:14 - 
org.apache.http.client.ClientProtocolException
-------
feature call (loop) failed at index: 96
caller: classpath:InspireTest/ngr/datasetrecords/def/checkxlinkurl.template.feature
arg: {"link":"."}
checkxlinkurl.template.feature:14 - 
org.apache.http.client.ClientProtocolException
-------
feature call (loop) failed at index: 97
caller: classpath:InspireTest/ngr/datasetrecords/def/checkxlinkurl.template.feature
arg: {"link":"h"}
checkxlinkurl.template.feature:14 - 
org.apache.http.client.ClientProtocolException
-------
feature call (loop) failed at index: 98
caller: classpath:InspireTest/ngr/datasetrecords/def/checkxlinkurl.template.feature
arg: {"link":"t"}
checkxlinkurl.template.feature:14 - 
org.apache.http.client.ClientProtocolException
-------
feature call (loop) failed at index: 99
caller: classpath:InspireTest/ngr/datasetrecords/def/checkxlinkurl.template.feature
arg: {"link":"t"}
checkxlinkurl.template.feature:14 - 
org.apache.http.client.ClientProtocolException
-------
feature call (loop) failed at index: 100
caller: classpath:InspireTest/ngr/datasetrecords/def/checkxlinkurl.template.feature
arg: {"link":"p"}
checkxlinkurl.template.feature:14 - 
org.apache.http.client.ClientProtocolException
-------
feature call (loop) failed at index: 101
caller: classpath:InspireTest/ngr/datasetrecords/def/checkxlinkurl.template.feature
arg: {"link":"i"}
checkxlinkurl.template.feature:14 - 
org.apache.http.client.ClientProtocolException
-------
feature call (loop) failed at index: 102
caller: classpath:InspireTest/ngr/datasetrecords/def/checkxlinkurl.template.feature
arg: {"link":"n"}
checkxlinkurl.template.feature:14 - 
org.apache.http.client.ClientProtocolException
-------
feature call (loop) failed at index: 103
caller: classpath:InspireTest/ngr/datasetrecords/def/checkxlinkurl.template.feature
arg: {"link":"s"}
checkxlinkurl.template.feature:14 - 
org.apache.http.client.ClientProtocolException
-------
feature call (loop) failed at index: 104
caller: classpath:InspireTest/ngr/datasetrecords/def/checkxlinkurl.template.feature
arg: {"link":"p"}
checkxlinkurl.template.feature:14 - 
org.apache.http.client.ClientProtocolException
-------
feature call (loop) failed at index: 105
caller: classpath:InspireTest/ngr/datasetrecords/def/checkxlinkurl.template.feature
arg: {"link":"i"}
checkxlinkurl.template.feature:14 - 
org.apache.http.client.ClientProtocolException
-------
feature call (loop) failed at index: 106
caller: classpath:InspireTest/ngr/datasetrecords/def/checkxlinkurl.template.feature
arg: {"link":"r"}
checkxlinkurl.template.feature:14 - 
org.apache.http.client.ClientProtocolException
-------
feature call (loop) failed at index: 107
caller: classpath:InspireTest/ngr/datasetrecords/def/checkxlinkurl.template.feature
arg: {"link":"e"}
checkxlinkurl.template.feature:14 - 
org.apache.http.client.ClientProtocolException
-------
feature call (loop) failed at index: 108
caller: classpath:InspireTest/ngr/datasetrecords/def/checkxlinkurl.template.feature
arg: {"link":"e"}
checkxlinkurl.template.feature:14 - 
org.apache.http.client.ClientProtocolException
-------
feature call (loop) failed at index: 109
caller: classpath:InspireTest/ngr/datasetrecords/def/checkxlinkurl.template.feature
arg: {"link":"c"}
checkxlinkurl.template.feature:14 - 
org.apache.http.client.ClientProtocolException
-------
feature call (loop) failed at index: 110
caller: classpath:InspireTest/ngr/datasetrecords/def/checkxlinkurl.template.feature
arg: {"link":"e"}
checkxlinkurl.template.feature:14 - 
org.apache.http.client.ClientProtocolException
-------
feature call (loop) failed at index: 111
caller: classpath:InspireTest/ngr/datasetrecords/def/checkxlinkurl.template.feature
arg: {"link":"u"}
checkxlinkurl.template.feature:14 - 
org.apache.http.client.ClientProtocolException
-------
feature call (loop) failed at index: 112
caller: classpath:InspireTest/ngr/datasetrecords/def/checkxlinkurl.template.feature
arg: {"link":"r"}
checkxlinkurl.template.feature:14 - 
org.apache.http.client.ClientProtocolException
-------
feature call (loop) failed at index: 113
caller: classpath:InspireTest/ngr/datasetrecords/def/checkxlinkurl.template.feature
arg: {"link":"o"}
checkxlinkurl.template.feature:14 - 
org.apache.http.client.ClientProtocolException
-------
feature call (loop) failed at index: 114
caller: classpath:InspireTest/ngr/datasetrecords/def/checkxlinkurl.template.feature
arg: {"link":"p"}
checkxlinkurl.template.feature:14 - 
org.apache.http.client.ClientProtocolException
-------
feature call (loop) failed at index: 115
caller: classpath:InspireTest/ngr/datasetrecords/def/checkxlinkurl.template.feature
arg: {"link":"a"}
checkxlinkurl.template.feature:14 - 
org.apache.http.client.ClientProtocolException
-------
feature call (loop) failed at index: 116
caller: classpath:InspireTest/ngr/datasetrecords/def/checkxlinkurl.template.feature
arg: {"link":"e"}
checkxlinkurl.template.feature:14 - 
org.apache.http.client.ClientProtocolException
-------
feature call (loop) failed at index: 117
caller: classpath:InspireTest/ngr/datasetrecords/def/checkxlinkurl.template.feature
arg: {"link":"u"}
checkxlinkurl.template.feature:14 - 
org.apache.http.client.ClientProtocolException
-------
feature call (loop) failed at index: 118
caller: classpath:InspireTest/ngr/datasetrecords/def/checkxlinkurl.template.feature
arg: {"link":"t"}
checkxlinkurl.template.feature:14 - 
org.apache.http.client.ClientProtocolException
-------
feature call (loop) failed at index: 119
caller: classpath:InspireTest/ngr/datasetrecords/def/checkxlinkurl.template.feature
arg: {"link":"h"}
checkxlinkurl.template.feature:14 - 
org.apache.http.client.ClientProtocolException
-------
feature call (loop) failed at index: 120
caller: classpath:InspireTest/ngr/datasetrecords/def/checkxlinkurl.template.feature
arg: {"link":"e"}
checkxlinkurl.template.feature:14 - 
org.apache.http.client.ClientProtocolException
-------
feature call (loop) failed at index: 121
caller: classpath:InspireTest/ngr/datasetrecords/def/checkxlinkurl.template.feature
arg: {"link":"m"}
checkxlinkurl.template.feature:14 - 
org.apache.http.client.ClientProtocolException
-------
feature call (loop) failed at index: 122
caller: classpath:InspireTest/ngr/datasetrecords/def/checkxlinkurl.template.feature
arg: {"link":"e"}
checkxlinkurl.template.feature:14 - 
org.apache.http.client.ClientProtocolException
-------
feature call (loop) failed at index: 123
caller: classpath:InspireTest/ngr/datasetrecords/def/checkxlinkurl.template.feature
arg: {"link":"-"}
checkxlinkurl.template.feature:14 - 
org.apache.http.client.ClientProtocolException
-------
feature call (loop) failed at index: 124
caller: classpath:InspireTest/ngr/datasetrecords/def/checkxlinkurl.template.feature
arg: {"link":"t"}
checkxlinkurl.template.feature:14 - 
org.apache.http.client.ClientProtocolException
-------
feature call (loop) failed at index: 125
caller: classpath:InspireTest/ngr/datasetrecords/def/checkxlinkurl.template.feature
arg: {"link":"h"}
checkxlinkurl.template.feature:14 - 
org.apache.http.client.ClientProtocolException
-------
feature call (loop) failed at index: 126
caller: classpath:InspireTest/ngr/datasetrecords/def/checkxlinkurl.template.feature
arg: {"link":"e"}
checkxlinkurl.template.feature:14 - 
org.apache.http.client.ClientProtocolException
-------
feature call (loop) failed at index: 127
caller: classpath:InspireTest/ngr/datasetrecords/def/checkxlinkurl.template.feature
arg: {"link":"m"}
checkxlinkurl.template.feature:14 - 
org.apache.http.client.ClientProtocolException
-------
feature call (loop) failed at index: 128
caller: classpath:InspireTest/ngr/datasetrecords/def/checkxlinkurl.template.feature
arg: {"link":"e"}
checkxlinkurl.template.feature:14 - 
org.apache.http.client.ClientProtocolException
[1.83:18] check-known-dataset-record.feature:81 - feature call (loop) failed: classpath:InspireTest/ngr/datasetrecords/def/checkxlinkurl.template.feature
caller: classpath:InspireTest/ngr/datasetrecords/check-known-dataset-record.feature
items: [{link=https://data.rivm.nl/inspire/id#1de92b14-bc21-4f33-b0de-abd325e61804}]
errors:
-------
feature call (loop) failed at index: 0
caller: classpath:InspireTest/ngr/datasetrecords/def/checkxlinkurl.template.feature
arg: {"link":"https://data.rivm.nl/inspire/id#1de92b14-bc21-4f33-b0de-abd325e61804"}
checkxlinkurl.template.feature:14 - 
javax.net.ssl.SSLException: Connection reset
[1.84:18] check-known-dataset-record.feature:81 - feature call (loop) failed: classpath:InspireTest/ngr/datasetrecords/def/checkxlinkurl.template.feature
caller: classpath:InspireTest/ngr/datasetrecords/check-known-dataset-record.feature
items: [{link=http://www.opengis.net/def/crs/EPSG/0/https://www.opengis.net/def/crs/EPSG/0/4258}, {link=https://www.nationaalgeoregister.nl/geonetwork/srv/api/recordsf1d27179-36eb-4376-8048-f51d2eb23a09}]
errors:
-------
feature call (loop) failed at index: 1
caller: classpath:InspireTest/ngr/datasetrecords/def/checkxlinkurl.template.feature
arg: {"link":"https://www.nationaalgeoregister.nl/geonetwork/srv/api/recordsf1d27179-36eb-4376-8048-f51d2eb23a09"}
checkxlinkurl.template.feature:22 - path: $, actual: 500, expected: 200, reason: not equal (Integer)
[1.85:18] check-known-dataset-record.feature:81 - feature call (loop) failed: classpath:InspireTest/ngr/datasetrecords/def/checkxlinkurl.template.feature
caller: classpath:InspireTest/ngr/datasetrecords/check-known-dataset-record.feature
items: [{link=http://www.opengis.net/def/crs/EPSG/0/http://www.opengis.net/def/crs/EPSG/0/3034}, {link=http://nationaalgeoregister.nl/geonetwork/srv/dut/csw?SERVICE=CSW&version=2.0.2&REQUEST=GetRecordById&elementSetName=full&OutputSchema=http://www.isotc211.org/2005/gmd&ID=b6ee58a1-b097-4c6d-8600-eb81efc1468c}, {link=https://creativecommons.org/publicdomain/mark/*/deed.nl}, {link=}]
errors:
-------
feature call (loop) failed at index: 2
caller: classpath:InspireTest/ngr/datasetrecords/def/checkxlinkurl.template.feature
arg: {"link":"https://creativecommons.org/publicdomain/mark/*/deed.nl"}
checkxlinkurl.template.feature:22 - path: $, actual: 404, expected: 200, reason: not equal (Integer)
-------
feature call (loop) failed at index: 3
caller: classpath:InspireTest/ngr/datasetrecords/def/checkxlinkurl.template.feature
arg: {"link":""}
checkxlinkurl.template.feature:14 - 
org.apache.http.client.ClientProtocolException
[1.86:18] check-known-dataset-record.feature:81 - feature call (loop) failed: classpath:InspireTest/ngr/datasetrecords/def/checkxlinkurl.template.feature
caller: classpath:InspireTest/ngr/datasetrecords/check-known-dataset-record.feature
items: [{link=https://data.rivm.nl/inspire/id#36a7e8cb-8300-4602-93d2-135943365a6f}]
errors:
-------
feature call (loop) failed at index: 0
caller: classpath:InspireTest/ngr/datasetrecords/def/checkxlinkurl.template.feature
arg: {"link":"https://data.rivm.nl/inspire/id#36a7e8cb-8300-4602-93d2-135943365a6f"}
checkxlinkurl.template.feature:14 - 
javax.net.ssl.SSLException: Connection reset
[1.87:18] check-known-dataset-record.feature:81 - feature call (loop) failed: classpath:InspireTest/ngr/datasetrecords/def/checkxlinkurl.template.feature
caller: classpath:InspireTest/ngr/datasetrecords/check-known-dataset-record.feature
items: [{link=https://www.nationaalgeoregister.nl/geonetwork/srv/api/records6e4a2001-fef7-471c-8286-4f859bc1131e}, {link=https://creativecommons.org/publicdomain/zero/*/deed.nl}]
errors:
-------
feature call (loop) failed at index: 0
caller: classpath:InspireTest/ngr/datasetrecords/def/checkxlinkurl.template.feature
arg: {"link":"https://www.nationaalgeoregister.nl/geonetwork/srv/api/records6e4a2001-fef7-471c-8286-4f859bc1131e"}
checkxlinkurl.template.feature:22 - path: $, actual: 500, expected: 200, reason: not equal (Integer)
-------
feature call (loop) failed at index: 1
caller: classpath:InspireTest/ngr/datasetrecords/def/checkxlinkurl.template.feature
arg: {"link":"https://creativecommons.org/publicdomain/zero/*/deed.nl"}
checkxlinkurl.template.feature:22 - path: $, actual: 404, expected: 200, reason: not equal (Integer)
[1.88:18] check-known-dataset-record.feature:81 - feature call (loop) failed: classpath:InspireTest/ngr/datasetrecords/def/checkxlinkurl.template.feature
caller: classpath:InspireTest/ngr/datasetrecords/check-known-dataset-record.feature
items: [{link=https://nationaalgeoregister.nl/geonetwork/srv/resources7d4d5090-8b18-4c30-a07a-9d738039112f}, {link=http://rdfdata.eionet.europa.eu/inspirethemes/themes/13}, {link=http://geonetwork-opensource.org/inspire-theme#}, {link=https://www.nationaalgeoregister.nl/geonetwork/srv/eng/thesaurus.download?ref=external.theme.inspire-theme}]
errors:
-------
feature call (loop) failed at index: 0
caller: classpath:InspireTest/ngr/datasetrecords/def/checkxlinkurl.template.feature
arg: {"link":"https://nationaalgeoregister.nl/geonetwork/srv/resources7d4d5090-8b18-4c30-a07a-9d738039112f"}
checkxlinkurl.template.feature:22 - path: $, actual: 404, expected: 200, reason: not equal (Integer)
-------
feature call (loop) failed at index: 1
caller: classpath:InspireTest/ngr/datasetrecords/def/checkxlinkurl.template.feature
arg: {"link":"http://rdfdata.eionet.europa.eu/inspirethemes/themes/13"}
checkxlinkurl.template.feature:22 - path: $, actual: 404, expected: 200, reason: not equal (Integer)
-------
feature call (loop) failed at index: 2
caller: classpath:InspireTest/ngr/datasetrecords/def/checkxlinkurl.template.feature
arg: {"link":"http://geonetwork-opensource.org/inspire-theme#"}
checkxlinkurl.template.feature:22 - path: $, actual: 404, expected: 200, reason: not equal (Integer)
-------
feature call (loop) failed at index: 3
caller: classpath:InspireTest/ngr/datasetrecords/def/checkxlinkurl.template.feature
arg: {"link":"https://www.nationaalgeoregister.nl/geonetwork/srv/eng/thesaurus.download?ref=external.theme.inspire-theme"}
checkxlinkurl.template.feature:22 - path: $, actual: 500, expected: 200, reason: not equal (Integer)
[1.89:18] check-known-dataset-record.feature:81 - feature call (loop) failed: classpath:InspireTest/ngr/datasetrecords/def/checkxlinkurl.template.feature
caller: classpath:InspireTest/ngr/datasetrecords/check-known-dataset-record.feature
items: [{link=http://www.opengis.net/def/crs/EPSG/0/http://www.opengis.net/def/crs/EPSG/0/4258}, {link=https://www.nationaalgeoregister.nl/geonetwork/srv/dut/catalog.search#/metadata/3387ef8a-9237-453a-aa4e-585d1e193550}, {link=https://creativecommons.org/publicdomain/mark/*/deed.nl}]
errors:
-------
feature call (loop) failed at index: 2
caller: classpath:InspireTest/ngr/datasetrecords/def/checkxlinkurl.template.feature
arg: {"link":"https://creativecommons.org/publicdomain/mark/*/deed.nl"}
checkxlinkurl.template.feature:22 - path: $, actual: 404, expected: 200, reason: not equal (Integer)
[1.90:18] check-known-dataset-record.feature:81 - feature call (loop) failed: classpath:InspireTest/ngr/datasetrecords/def/checkxlinkurl.template.feature
caller: classpath:InspireTest/ngr/datasetrecords/check-known-dataset-record.feature
items: [{link=https://data.rivm.nl/inspire/id#6941b1f2-7ee6-4a1d-9cba-9071e3ca6cb3}]
errors:
-------
feature call (loop) failed at index: 0
caller: classpath:InspireTest/ngr/datasetrecords/def/checkxlinkurl.template.feature
arg: {"link":"https://data.rivm.nl/inspire/id#6941b1f2-7ee6-4a1d-9cba-9071e3ca6cb3"}
checkxlinkurl.template.feature:14 - 
javax.net.ssl.SSLException: Connection reset
[1.91:18] check-known-dataset-record.feature:81 - feature call (loop) failed: classpath:InspireTest/ngr/datasetrecords/def/checkxlinkurl.template.feature
caller: classpath:InspireTest/ngr/datasetrecords/check-known-dataset-record.feature
items: [{link=https://www.nationaalgeoregister.nl/geonetwork/srv/dut/catalog.search#/metadata/adn73c4a-ef03-4785-b7f6-942e86b385f5}, {link=http://rdfdata.eionet.europa.eu/inspirethemes/themes/10}, {link=urn:ogc:def:crs:EPSG::5709}]
errors:
-------
feature call (loop) failed at index: 1
caller: classpath:InspireTest/ngr/datasetrecords/def/checkxlinkurl.template.feature
arg: {"link":"http://rdfdata.eionet.europa.eu/inspirethemes/themes/10"}
checkxlinkurl.template.feature:22 - path: $, actual: 404, expected: 200, reason: not equal (Integer)
-------
feature call (loop) failed at index: 2
caller: classpath:InspireTest/ngr/datasetrecords/def/checkxlinkurl.template.feature
arg: {"link":"urn:ogc:def:crs:EPSG::5709"}
checkxlinkurl.template.feature:14 - 
org.apache.http.client.ClientProtocolException: URI does not specify a valid host name: urn:ogc:def:crs:EPSG::5709
[1.92:18] check-known-dataset-record.feature:81 - feature call (loop) failed: classpath:InspireTest/ngr/datasetrecords/def/checkxlinkurl.template.feature
caller: classpath:InspireTest/ngr/datasetrecords/check-known-dataset-record.feature
items: [{link=https://data.rivm.nl/inspire/id#6e6bf543-e1e3-468d-afae-e88618ad9a65}]
errors:
-------
feature call (loop) failed at index: 0
caller: classpath:InspireTest/ngr/datasetrecords/def/checkxlinkurl.template.feature
arg: {"link":"https://data.rivm.nl/inspire/id#6e6bf543-e1e3-468d-afae-e88618ad9a65"}
checkxlinkurl.template.feature:14 - 
javax.net.ssl.SSLException: Connection reset
[1.93:18] check-known-dataset-record.feature:81 - feature call (loop) failed: classpath:InspireTest/ngr/datasetrecords/def/checkxlinkurl.template.feature
caller: classpath:InspireTest/ngr/datasetrecords/check-known-dataset-record.feature
items: [{link=https://ngr.acceptatie.nationaalgeoregister.nl/geonetwork/srv/resourcesc7a15080-2724-11e2-81c1-0800200c9a66}, {link=http://rdfdata.eionet.europa.eu/inspirethemes/themes/13}, {link=http://rdfdata.eionet.europa.eu/inspirethemes/themes/#}, {link=https://www.nationaalgeoregister.nl/geonetwork/srv/eng/thesaurus.download?ref=external.theme.inspire-theme}]
errors:
-------
feature call (loop) failed at index: 0
caller: classpath:InspireTest/ngr/datasetrecords/def/checkxlinkurl.template.feature
arg: {"link":"https://ngr.acceptatie.nationaalgeoregister.nl/geonetwork/srv/resourcesc7a15080-2724-11e2-81c1-0800200c9a66"}
checkxlinkurl.template.feature:22 - path: $, actual: 404, expected: 200, reason: not equal (Integer)
-------
feature call (loop) failed at index: 1
caller: classpath:InspireTest/ngr/datasetrecords/def/checkxlinkurl.template.feature
arg: {"link":"http://rdfdata.eionet.europa.eu/inspirethemes/themes/13"}
checkxlinkurl.template.feature:22 - path: $, actual: 404, expected: 200, reason: not equal (Integer)
-------
feature call (loop) failed at index: 2
caller: classpath:InspireTest/ngr/datasetrecords/def/checkxlinkurl.template.feature
arg: {"link":"http://rdfdata.eionet.europa.eu/inspirethemes/themes/#"}
checkxlinkurl.template.feature:22 - path: $, actual: 404, expected: 200, reason: not equal (Integer)
-------
feature call (loop) failed at index: 3
caller: classpath:InspireTest/ngr/datasetrecords/def/checkxlinkurl.template.feature
arg: {"link":"https://www.nationaalgeoregister.nl/geonetwork/srv/eng/thesaurus.download?ref=external.theme.inspire-theme"}
checkxlinkurl.template.feature:22 - path: $, actual: 500, expected: 200, reason: not equal (Integer)
[1.94:18] check-known-dataset-record.feature:81 - feature call (loop) failed: classpath:InspireTest/ngr/datasetrecords/def/checkxlinkurl.template.feature
caller: classpath:InspireTest/ngr/datasetrecords/check-known-dataset-record.feature
items: [{link=}]
errors:
-------
feature call (loop) failed at index: 0
caller: classpath:InspireTest/ngr/datasetrecords/def/checkxlinkurl.template.feature
arg: {"link":""}
checkxlinkurl.template.feature:14 - 
org.apache.http.client.ClientProtocolException
[1.95:18] check-known-dataset-record.feature:81 - feature call (loop) failed: classpath:InspireTest/ngr/datasetrecords/def/checkxlinkurl.template.feature
caller: classpath:InspireTest/ngr/datasetrecords/check-known-dataset-record.feature
items: [{link=http://www.opengis.net/def/crs/EPSG/0/NAP}, {link=https://ngr.acceptatie.nationaalgeoregister.nl/geonetwork/srv/resourcesd72ddff0-2724-11e2-81c1-0800200c9a66}]
errors:
-------
feature call (loop) failed at index: 1
caller: classpath:InspireTest/ngr/datasetrecords/def/checkxlinkurl.template.feature
arg: {"link":"https://ngr.acceptatie.nationaalgeoregister.nl/geonetwork/srv/resourcesd72ddff0-2724-11e2-81c1-0800200c9a66"}
checkxlinkurl.template.feature:22 - path: $, actual: 404, expected: 200, reason: not equal (Integer)
[1.96:18] check-known-dataset-record.feature:81 - feature call (loop) failed: classpath:InspireTest/ngr/datasetrecords/def/checkxlinkurl.template.feature
caller: classpath:InspireTest/ngr/datasetrecords/check-known-dataset-record.feature
items: [{link=http://geodata.nationaalgeoregister.nl/cbsprovincies/extract/cbsprovincies.zip}, {link=}]
errors:
-------
feature call (loop) failed at index: 1
caller: classpath:InspireTest/ngr/datasetrecords/def/checkxlinkurl.template.feature
arg: {"link":""}
checkxlinkurl.template.feature:14 - 
org.apache.http.client.ClientProtocolException
[1.97:18] check-known-dataset-record.feature:81 - feature call (loop) failed: classpath:InspireTest/ngr/datasetrecords/def/checkxlinkurl.template.feature
caller: classpath:InspireTest/ngr/datasetrecords/check-known-dataset-record.feature
items: [{link=https://www.nationaalgeoregister.nl/geonetwork/srv/dut/catalog.search#/metadata/eu-2c7040b-c448-451b-bf15-f2416ecaadd1}, {link=http://rdfdata.eionet.europa.eu/inspirethemes/themes/7}, {link=urn:ogc:def:crs:EPSG::5709}]
errors:
-------
feature call (loop) failed at index: 1
caller: classpath:InspireTest/ngr/datasetrecords/def/checkxlinkurl.template.feature
arg: {"link":"http://rdfdata.eionet.europa.eu/inspirethemes/themes/7"}
checkxlinkurl.template.feature:22 - path: $, actual: 404, expected: 200, reason: not equal (Integer)
-------
feature call (loop) failed at index: 2
caller: classpath:InspireTest/ngr/datasetrecords/def/checkxlinkurl.template.feature
arg: {"link":"urn:ogc:def:crs:EPSG::5709"}
checkxlinkurl.template.feature:14 - 
org.apache.http.client.ClientProtocolException: URI does not specify a valid host name: urn:ogc:def:crs:EPSG::5709
[1.98:18] check-known-dataset-record.feature:81 - feature call (loop) failed: classpath:InspireTest/ngr/datasetrecords/def/checkxlinkurl.template.feature
caller: classpath:InspireTest/ngr/datasetrecords/check-known-dataset-record.feature
items: [{link=http://www.opengis.net/def/crs/EPSG/0/https://www.opengis.net/def/crs/EPSG/0/4258}, {link=https://www.nationaalgeoregister.nl:443/geonetwork/srv/api/records/a5241416-8401-4623-be61-57ef50447a41}]
errors:
-------
feature call (loop) failed at index: 1
caller: classpath:InspireTest/ngr/datasetrecords/def/checkxlinkurl.template.feature
arg: {"link":"https://www.nationaalgeoregister.nl:443/geonetwork/srv/api/records/a5241416-8401-4623-be61-57ef50447a41"}
checkxlinkurl.template.feature:22 - path: $, actual: 400, expected: 200, reason: not equal (Integer)
[1.100:18] check-known-dataset-record.feature:81 - feature call (loop) failed: classpath:InspireTest/ngr/datasetrecords/def/checkxlinkurl.template.feature
caller: classpath:InspireTest/ngr/datasetrecords/check-known-dataset-record.feature
items: [{link=http://nationaalgeoregister.nl/geonetwork/srv/dut/csw?SERVICE=CSW&version=2.0.2&REQUEST=GetRecordById&elementSetName=full&OutputSchema=http://www.isotc211.org/2005/gmd&ID=2daad588-11ef-47de-9832-6fe2c3b93e6d}, {link=https://creativecommons.org/publicdomain/mark/*/deed.nl}, {link=}]
errors:
-------
feature call (loop) failed at index: 1
caller: classpath:InspireTest/ngr/datasetrecords/def/checkxlinkurl.template.feature
arg: {"link":"https://creativecommons.org/publicdomain/mark/*/deed.nl"}
checkxlinkurl.template.feature:22 - path: $, actual: 404, expected: 200, reason: not equal (Integer)
-------
feature call (loop) failed at index: 2
caller: classpath:InspireTest/ngr/datasetrecords/def/checkxlinkurl.template.feature
arg: {"link":""}
checkxlinkurl.template.feature:14 - 
org.apache.http.client.ClientProtocolException
[1.101:18] check-known-dataset-record.feature:81 - feature call (loop) failed: classpath:InspireTest/ngr/datasetrecords/def/checkxlinkurl.template.feature
caller: classpath:InspireTest/ngr/datasetrecords/check-known-dataset-record.feature
items: [{link=http://nationaalgeoregister.nl/geonetwork/srv/dut/csw?SERVICE=CSW&version=2.0.2&REQUEST=GetRecordById&elementSetName=full&OutputSchema=http://www.isotc211.org/2005/gmd&ID=f5f68d51-2ca4-4897-8227-d3938b2b0a7e}, {link=https://creativecommons.org/publicdomain/mark/*/deed.nl}, {link=}]
errors:
-------
feature call (loop) failed at index: 1
caller: classpath:InspireTest/ngr/datasetrecords/def/checkxlinkurl.template.feature
arg: {"link":"https://creativecommons.org/publicdomain/mark/*/deed.nl"}
checkxlinkurl.template.feature:22 - path: $, actual: 404, expected: 200, reason: not equal (Integer)
-------
feature call (loop) failed at index: 2
caller: classpath:InspireTest/ngr/datasetrecords/def/checkxlinkurl.template.feature
arg: {"link":""}
checkxlinkurl.template.feature:14 - 
org.apache.http.client.ClientProtocolException
[1.102:18] check-known-dataset-record.feature:81 - feature call (loop) failed: classpath:InspireTest/ngr/datasetrecords/def/checkxlinkurl.template.feature
caller: classpath:InspireTest/ngr/datasetrecords/check-known-dataset-record.feature
items: [{link=http://www.opengis.net/def/crs/EPSG/0/http://www.opengis.net/def/crs/EPSG/0/3034}, {link=http://nationaalgeoregister.nl/geonetwork/srv/dut/csw?SERVICE=CSW&version=2.0.2&REQUEST=GetRecordById&elementSetName=full&OutputSchema=http://www.isotc211.org/2005/gmd&ID=60a2a7c2-d5b3-4ad5-b562-c448695357fb}, {link=https://creativecommons.org/publicdomain/mark/*/deed.nl}, {link=}]
errors:
-------
feature call (loop) failed at index: 2
caller: classpath:InspireTest/ngr/datasetrecords/def/checkxlinkurl.template.feature
arg: {"link":"https://creativecommons.org/publicdomain/mark/*/deed.nl"}
checkxlinkurl.template.feature:22 - path: $, actual: 404, expected: 200, reason: not equal (Integer)
-------
feature call (loop) failed at index: 3
caller: classpath:InspireTest/ngr/datasetrecords/def/checkxlinkurl.template.feature
arg: {"link":""}
checkxlinkurl.template.feature:14 - 
org.apache.http.client.ClientProtocolException
[1.103:18] check-known-dataset-record.feature:81 - feature call (loop) failed: classpath:InspireTest/ngr/datasetrecords/def/checkxlinkurl.template.feature
caller: classpath:InspireTest/ngr/datasetrecords/check-known-dataset-record.feature
items: [{link=http://www.opengis.net/def/crs/EPSG/0/http://www.opengis.net/def/crs/EPSG/0/3034}, {link=http://nationaalgeoregister.nl/geonetwork/srv/dut/csw?SERVICE=CSW&version=2.0.2&REQUEST=GetRecordById&elementSetName=full&OutputSchema=http://www.isotc211.org/2005/gmd&ID=cc408b2d-09a6-4b2b-9aa3-b46bfe2f00a5}, {link=https://creativecommons.org/publicdomain/mark/*/deed.nl}, {link=}]
errors:
-------
feature call (loop) failed at index: 2
caller: classpath:InspireTest/ngr/datasetrecords/def/checkxlinkurl.template.feature
arg: {"link":"https://creativecommons.org/publicdomain/mark/*/deed.nl"}
checkxlinkurl.template.feature:22 - path: $, actual: 404, expected: 200, reason: not equal (Integer)
-------
feature call (loop) failed at index: 3
caller: classpath:InspireTest/ngr/datasetrecords/def/checkxlinkurl.template.feature
arg: {"link":""}
checkxlinkurl.template.feature:14 - 
org.apache.http.client.ClientProtocolException
[1.104:18] check-known-dataset-record.feature:81 - feature call (loop) failed: classpath:InspireTest/ngr/datasetrecords/def/checkxlinkurl.template.feature
caller: classpath:InspireTest/ngr/datasetrecords/check-known-dataset-record.feature
items: [{link=http://www.opengis.net/def/crs/EPSG/0/http://www.opengis.net/def/crs/EPSG/0/3034}, {link=http://nationaalgeoregister.nl/geonetwork/srv/dut/csw?SERVICE=CSW&version=2.0.2&REQUEST=GetRecordById&elementSetName=full&OutputSchema=http://www.isotc211.org/2005/gmd&ID=ca94a0cb-7561-4a10-a7d6-b840e56c33ff}, {link=https://creativecommons.org/publicdomain/mark/*/deed.nl}, {link=}]
errors:
-------
feature call (loop) failed at index: 2
caller: classpath:InspireTest/ngr/datasetrecords/def/checkxlinkurl.template.feature
arg: {"link":"https://creativecommons.org/publicdomain/mark/*/deed.nl"}
checkxlinkurl.template.feature:22 - path: $, actual: 404, expected: 200, reason: not equal (Integer)
-------
feature call (loop) failed at index: 3
caller: classpath:InspireTest/ngr/datasetrecords/def/checkxlinkurl.template.feature
arg: {"link":""}
checkxlinkurl.template.feature:14 - 
org.apache.http.client.ClientProtocolException
[1.105:18] check-known-dataset-record.feature:81 - feature call (loop) failed: classpath:InspireTest/ngr/datasetrecords/def/checkxlinkurl.template.feature
caller: classpath:InspireTest/ngr/datasetrecords/check-known-dataset-record.feature
items: [{link=http://www.opengis.net/def/crs/EPSG/0/http://www.opengis.net/def/crs/EPSG/0/3034}, {link=http://nationaalgeoregister.nl/geonetwork/srv/dut/csw?SERVICE=CSW&version=2.0.2&REQUEST=GetRecordById&elementSetName=full&OutputSchema=http://www.isotc211.org/2005/gmd&ID=998ba1dc-f6a6-49a3-a021-51f30d9b1d0e}, {link=https://creativecommons.org/publicdomain/mark/*/deed.nl}, {link=}]
errors:
-------
feature call (loop) failed at index: 2
caller: classpath:InspireTest/ngr/datasetrecords/def/checkxlinkurl.template.feature
arg: {"link":"https://creativecommons.org/publicdomain/mark/*/deed.nl"}
checkxlinkurl.template.feature:22 - path: $, actual: 404, expected: 200, reason: not equal (Integer)
-------
feature call (loop) failed at index: 3
caller: classpath:InspireTest/ngr/datasetrecords/def/checkxlinkurl.template.feature
arg: {"link":""}
checkxlinkurl.template.feature:14 - 
org.apache.http.client.ClientProtocolException
[1.106:18] check-known-dataset-record.feature:81 - feature call (loop) failed: classpath:InspireTest/ngr/datasetrecords/def/checkxlinkurl.template.feature
caller: classpath:InspireTest/ngr/datasetrecords/check-known-dataset-record.feature
items: [{link=http://www.opengis.net/def/crs/EPSG/0/http://www.opengis.net/def/crs/EPSG/0/3034}, {link=http://nationaalgeoregister.nl/geonetwork/srv/dut/csw?SERVICE=CSW&version=2.0.2&REQUEST=GetRecordById&elementSetName=full&OutputSchema=http://www.isotc211.org/2005/gmd&ID=49ab8bee-b467-486a-96ca-b950443c453a}, {link=https://creativecommons.org/publicdomain/mark/*/deed.nl}, {link=}]
errors:
-------
feature call (loop) failed at index: 2
caller: classpath:InspireTest/ngr/datasetrecords/def/checkxlinkurl.template.feature
arg: {"link":"https://creativecommons.org/publicdomain/mark/*/deed.nl"}
checkxlinkurl.template.feature:22 - path: $, actual: 404, expected: 200, reason: not equal (Integer)
-------
feature call (loop) failed at index: 3
caller: classpath:InspireTest/ngr/datasetrecords/def/checkxlinkurl.template.feature
arg: {"link":""}
checkxlinkurl.template.feature:14 - 
org.apache.http.client.ClientProtocolException
[1.107:18] check-known-dataset-record.feature:81 - feature call (loop) failed: classpath:InspireTest/ngr/datasetrecords/def/checkxlinkurl.template.feature
caller: classpath:InspireTest/ngr/datasetrecords/check-known-dataset-record.feature
items: [{link=http://www.opengis.net/def/crs/EPSG/0/http://www.opengis.net/def/crs/EPSG/0/3034}, {link=http://nationaalgeoregister.nl/geonetwork/srv/dut/csw?SERVICE=CSW&version=2.0.2&REQUEST=GetRecordById&elementSetName=full&OutputSchema=http://www.isotc211.org/2005/gmd&ID=f0821bfe-5a0a-11e9-8647-d663bd873d93}, {link=https://creativecommons.org/publicdomain/mark/*/deed.nl}, {link=}]
errors:
-------
feature call (loop) failed at index: 2
caller: classpath:InspireTest/ngr/datasetrecords/def/checkxlinkurl.template.feature
arg: {"link":"https://creativecommons.org/publicdomain/mark/*/deed.nl"}
checkxlinkurl.template.feature:22 - path: $, actual: 404, expected: 200, reason: not equal (Integer)
-------
feature call (loop) failed at index: 3
caller: classpath:InspireTest/ngr/datasetrecords/def/checkxlinkurl.template.feature
arg: {"link":""}
checkxlinkurl.template.feature:14 - 
org.apache.http.client.ClientProtocolException
[1.108:18] check-known-dataset-record.feature:81 - feature call (loop) failed: classpath:InspireTest/ngr/datasetrecords/def/checkxlinkurl.template.feature
caller: classpath:InspireTest/ngr/datasetrecords/check-known-dataset-record.feature
items: [{link=https://www.nationaalgeoregister.nl/geonetwork/srv/dut/catalog.search#/metadata/10f9ec6-4464-462e-9765-83d90cefbeab}, {link=http://rdfdata.eionet.europa.eu/inspirethemes/themes/24}, {link=http://inspire.ec.europa.eu/metadata-codelist/PriorityDataset#}, {link=https://ngr.geocat.live/geonetwork/srv/eng/thesaurus.download?ref=external.theme.httpinspireeceuropaeumetadatacodelistPrioritydataset-Prioritydataset}, {link=urn:ogc:def:crs:EPSG::5709}]
errors:
-------
feature call (loop) failed at index: 1
caller: classpath:InspireTest/ngr/datasetrecords/def/checkxlinkurl.template.feature
arg: {"link":"http://rdfdata.eionet.europa.eu/inspirethemes/themes/24"}
checkxlinkurl.template.feature:22 - path: $, actual: 404, expected: 200, reason: not equal (Integer)
-------
feature call (loop) failed at index: 3
caller: classpath:InspireTest/ngr/datasetrecords/def/checkxlinkurl.template.feature
arg: {"link":"https://ngr.geocat.live/geonetwork/srv/eng/thesaurus.download?ref=external.theme.httpinspireeceuropaeumetadatacodelistPrioritydataset-Prioritydataset"}
checkxlinkurl.template.feature:22 - path: $, actual: 500, expected: 200, reason: not equal (Integer)
-------
feature call (loop) failed at index: 4
caller: classpath:InspireTest/ngr/datasetrecords/def/checkxlinkurl.template.feature
arg: {"link":"urn:ogc:def:crs:EPSG::5709"}
checkxlinkurl.template.feature:14 - 
org.apache.http.client.ClientProtocolException: URI does not specify a valid host name: urn:ogc:def:crs:EPSG::5709
[1.109:18] check-known-dataset-record.feature:49 - xpath does not exist: /GetRecordByIdResponse//@href on response
[1.110:18] check-known-dataset-record.feature:81 - feature call (loop) failed: classpath:InspireTest/ngr/datasetrecords/def/checkxlinkurl.template.feature
caller: classpath:InspireTest/ngr/datasetrecords/check-known-dataset-record.feature
items: [{link=https://www.nationaalgeoregister.nl/geonetwork/srv/dut/catalog.search#/metadata/krw-f7bb2351-9788-42ea-a58b-a5ee1842304e}, {link=http://rdfdata.eionet.europa.eu/inspirethemes/themes/24}, {link=http://inspire.ec.europa.eu/metadata-codelist/PriorityDataset#}, {link=https://ngr.geocat.live/geonetwork/srv/eng/thesaurus.download?ref=external.theme.httpinspireeceuropaeumetadatacodelistPrioritydataset-Prioritydataset}, {link=urn:ogc:def:crs:EPSG::5709}]
errors:
-------
feature call (loop) failed at index: 1
caller: classpath:InspireTest/ngr/datasetrecords/def/checkxlinkurl.template.feature
arg: {"link":"http://rdfdata.eionet.europa.eu/inspirethemes/themes/24"}
checkxlinkurl.template.feature:22 - path: $, actual: 404, expected: 200, reason: not equal (Integer)
-------
feature call (loop) failed at index: 3
caller: classpath:InspireTest/ngr/datasetrecords/def/checkxlinkurl.template.feature
arg: {"link":"https://ngr.geocat.live/geonetwork/srv/eng/thesaurus.download?ref=external.theme.httpinspireeceuropaeumetadatacodelistPrioritydataset-Prioritydataset"}
checkxlinkurl.template.feature:22 - path: $, actual: 500, expected: 200, reason: not equal (Integer)
-------
feature call (loop) failed at index: 4
caller: classpath:InspireTest/ngr/datasetrecords/def/checkxlinkurl.template.feature
arg: {"link":"urn:ogc:def:crs:EPSG::5709"}
checkxlinkurl.template.feature:14 - 
org.apache.http.client.ClientProtocolException: URI does not specify a valid host name: urn:ogc:def:crs:EPSG::5709
[1.111:18] check-known-dataset-record.feature:81 - feature call (loop) failed: classpath:InspireTest/ngr/datasetrecords/def/checkxlinkurl.template.feature
caller: classpath:InspireTest/ngr/datasetrecords/check-known-dataset-record.feature
items: [{link=http://www.opengis.net/def/crs/EPSG/0/https://www.opengis.net/def/crs/EPSG/0/4258}, {link=https://www.nationaalgeoregister.nl/geonetwork/srv/api/recordsbb11be63-bd38-4632-bf54-df44c423a529}]
errors:
-------
feature call (loop) failed at index: 1
caller: classpath:InspireTest/ngr/datasetrecords/def/checkxlinkurl.template.feature
arg: {"link":"https://www.nationaalgeoregister.nl/geonetwork/srv/api/recordsbb11be63-bd38-4632-bf54-df44c423a529"}
checkxlinkurl.template.feature:22 - path: $, actual: 500, expected: 200, reason: not equal (Integer)
[1.112:18] check-known-dataset-record.feature:81 - feature call (loop) failed: classpath:InspireTest/ngr/datasetrecords/def/checkxlinkurl.template.feature
caller: classpath:InspireTest/ngr/datasetrecords/check-known-dataset-record.feature
items: [{link=http://www.opengis.net/def/crs/EPSG/0/https://www.opengis.net/def/crs/EPSG/0/4258}, {link=https://www.nationaalgeoregister.nl/geonetwork/srv/api/records4cda487b-c467-490c-a843-6563fec016be}]
errors:
-------
feature call (loop) failed at index: 1
caller: classpath:InspireTest/ngr/datasetrecords/def/checkxlinkurl.template.feature
arg: {"link":"https://www.nationaalgeoregister.nl/geonetwork/srv/api/records4cda487b-c467-490c-a843-6563fec016be"}
checkxlinkurl.template.feature:22 - path: $, actual: 500, expected: 200, reason: not equal (Integer)
[1.113:18] check-known-dataset-record.feature:81 - feature call (loop) failed: classpath:InspireTest/ngr/datasetrecords/def/checkxlinkurl.template.feature
caller: classpath:InspireTest/ngr/datasetrecords/check-known-dataset-record.feature
items: [{link=https://www.nationaalgeoregister.nl/geonetwork/srv/dut/catalog.search#/metadata/uwwtd-9d8e-4758-83fa-28b057f185e3}, {link=http://rdfdata.eionet.europa.eu/inspirethemes/themes/24}, {link=http://inspire.ec.europa.eu/metadata-codelist/PriorityDataset#}, {link=https://ngr.geocat.live/geonetwork/srv/eng/thesaurus.download?ref=external.theme.httpinspireeceuropaeumetadatacodelistPrioritydataset-Prioritydataset}, {link=urn:ogc:def:crs:EPSG::5709}]
errors:
-------
feature call (loop) failed at index: 1
caller: classpath:InspireTest/ngr/datasetrecords/def/checkxlinkurl.template.feature
arg: {"link":"http://rdfdata.eionet.europa.eu/inspirethemes/themes/24"}
checkxlinkurl.template.feature:22 - path: $, actual: 404, expected: 200, reason: not equal (Integer)
-------
feature call (loop) failed at index: 3
caller: classpath:InspireTest/ngr/datasetrecords/def/checkxlinkurl.template.feature
arg: {"link":"https://ngr.geocat.live/geonetwork/srv/eng/thesaurus.download?ref=external.theme.httpinspireeceuropaeumetadatacodelistPrioritydataset-Prioritydataset"}
checkxlinkurl.template.feature:22 - path: $, actual: 500, expected: 200, reason: not equal (Integer)
-------
feature call (loop) failed at index: 4
caller: classpath:InspireTest/ngr/datasetrecords/def/checkxlinkurl.template.feature
arg: {"link":"urn:ogc:def:crs:EPSG::5709"}
checkxlinkurl.template.feature:14 - 
org.apache.http.client.ClientProtocolException: URI does not specify a valid host name: urn:ogc:def:crs:EPSG::5709
[1.114:18] check-known-dataset-record.feature:81 - feature call (loop) failed: classpath:InspireTest/ngr/datasetrecords/def/checkxlinkurl.template.feature
caller: classpath:InspireTest/ngr/datasetrecords/check-known-dataset-record.feature
items: [{link=http://www.opengis.net/def/crs/EPSG/0/http://www.opengis.net/def/crs/EPSG/0/3034}, {link=http://nationaalgeoregister.nl/geonetwork/srv/dut/csw?SERVICE=CSW&version=2.0.2&REQUEST=GetRecordById&elementSetName=full&OutputSchema=http://www.isotc211.org/2005/gmd&ID=0f128799-cf18-4b37-a721-e62b068191f5}, {link=https://creativecommons.org/publicdomain/mark/*/deed.nl}, {link=}]
errors:
-------
feature call (loop) failed at index: 2
caller: classpath:InspireTest/ngr/datasetrecords/def/checkxlinkurl.template.feature
arg: {"link":"https://creativecommons.org/publicdomain/mark/*/deed.nl"}
checkxlinkurl.template.feature:22 - path: $, actual: 404, expected: 200, reason: not equal (Integer)
-------
feature call (loop) failed at index: 3
caller: classpath:InspireTest/ngr/datasetrecords/def/checkxlinkurl.template.feature
arg: {"link":""}
checkxlinkurl.template.feature:14 - 
org.apache.http.client.ClientProtocolException
[1.115:18] check-known-dataset-record.feature:81 - feature call (loop) failed: classpath:InspireTest/ngr/datasetrecords/def/checkxlinkurl.template.feature
caller: classpath:InspireTest/ngr/datasetrecords/check-known-dataset-record.feature
items: [{link=http://kadaster/79a1c01b-21ad-43e8-a5c2-23e3eeb95be2}, {link=}]
errors:
-------
feature call (loop) failed at index: 0
caller: classpath:InspireTest/ngr/datasetrecords/def/checkxlinkurl.template.feature
arg: {"link":"http://kadaster/79a1c01b-21ad-43e8-a5c2-23e3eeb95be2"}
checkxlinkurl.template.feature:14 - 
java.net.UnknownHostException: kadaster: Temporary failure in name resolution
-------
feature call (loop) failed at index: 1
caller: classpath:InspireTest/ngr/datasetrecords/def/checkxlinkurl.template.feature
arg: {"link":""}
checkxlinkurl.template.feature:14 - 
org.apache.http.client.ClientProtocolException
[1.116:18] check-known-dataset-record.feature:81 - feature call (loop) failed: classpath:InspireTest/ngr/datasetrecords/def/checkxlinkurl.template.feature
caller: classpath:InspireTest/ngr/datasetrecords/check-known-dataset-record.feature
items: [{link=http://nationaalgeoregister.nl/geonetwork/srv/dut/csw?SERVICE=CSW&version=2.0.2&REQUEST=GetRecordById&elementSetName=full&OutputSchema=http://www.isotc211.org/2005/gmd&ID=df5ee213-e1bd-433b-80f7-4ea20f493ca8}, {link=https://creativecommons.org/publicdomain/mark/*/deed.nl}, {link=}]
errors:
-------
feature call (loop) failed at index: 1
caller: classpath:InspireTest/ngr/datasetrecords/def/checkxlinkurl.template.feature
arg: {"link":"https://creativecommons.org/publicdomain/mark/*/deed.nl"}
checkxlinkurl.template.feature:22 - path: $, actual: 404, expected: 200, reason: not equal (Integer)
-------
feature call (loop) failed at index: 2
caller: classpath:InspireTest/ngr/datasetrecords/def/checkxlinkurl.template.feature
arg: {"link":""}
checkxlinkurl.template.feature:14 - 
org.apache.http.client.ClientProtocolException
[1.117:18] check-known-dataset-record.feature:81 - feature call (loop) failed: classpath:InspireTest/ngr/datasetrecords/def/checkxlinkurl.template.feature
caller: classpath:InspireTest/ngr/datasetrecords/check-known-dataset-record.feature
items: [{link=}]
errors:
-------
feature call (loop) failed at index: 0
caller: classpath:InspireTest/ngr/datasetrecords/def/checkxlinkurl.template.feature
arg: {"link":""}
checkxlinkurl.template.feature:14 - 
org.apache.http.client.ClientProtocolException
[1.119:18] check-known-dataset-record.feature:81 - feature call (loop) failed: classpath:InspireTest/ngr/datasetrecords/def/checkxlinkurl.template.feature
caller: classpath:InspireTest/ngr/datasetrecords/check-known-dataset-record.feature
items: [{link=}]
errors:
-------
feature call (loop) failed at index: 0
caller: classpath:InspireTest/ngr/datasetrecords/def/checkxlinkurl.template.feature
arg: {"link":""}
checkxlinkurl.template.feature:14 - 
org.apache.http.client.ClientProtocolException
[1.121:18] check-known-dataset-record.feature:81 - feature call (loop) failed: classpath:InspireTest/ngr/datasetrecords/def/checkxlinkurl.template.feature
caller: classpath:InspireTest/ngr/datasetrecords/check-known-dataset-record.feature
items: [{link=https://www.nationaalgeoregister.nl/geonetwork/srv/dut/catalog.search#/metadata/wt-83730-e750-485a-9c0c-39bf9be72cf8}, {link=http://rdfdata.eionet.europa.eu/inspirethemes/themes/18}, {link=http://inspire.ec.europa.eu/metadata-codelist/PriorityDataset#}, {link=https://ngr.geocat.live/geonetwork/srv/eng/thesaurus.download?ref=external.theme.httpinspireeceuropaeumetadatacodelistPrioritydataset-Prioritydataset}]
errors:
-------
feature call (loop) failed at index: 1
caller: classpath:InspireTest/ngr/datasetrecords/def/checkxlinkurl.template.feature
arg: {"link":"http://rdfdata.eionet.europa.eu/inspirethemes/themes/18"}
checkxlinkurl.template.feature:22 - path: $, actual: 404, expected: 200, reason: not equal (Integer)
-------
feature call (loop) failed at index: 3
caller: classpath:InspireTest/ngr/datasetrecords/def/checkxlinkurl.template.feature
arg: {"link":"https://ngr.geocat.live/geonetwork/srv/eng/thesaurus.download?ref=external.theme.httpinspireeceuropaeumetadatacodelistPrioritydataset-Prioritydataset"}
checkxlinkurl.template.feature:22 - path: $, actual: 500, expected: 200, reason: not equal (Integer)
[1.122:18] check-known-dataset-record.feature:81 - feature call (loop) failed: classpath:InspireTest/ngr/datasetrecords/def/checkxlinkurl.template.feature
caller: classpath:InspireTest/ngr/datasetrecords/check-known-dataset-record.feature
items: [{link=http://www.opengis.net/def/crs/EPSG/0/http://www.opengis.net/def/crs/EPSG/0/3034}, {link=http://nationaalgeoregister.nl/geonetwork/srv/dut/csw?SERVICE=CSW&version=2.0.2&REQUEST=GetRecordById&elementSetName=full&OutputSchema=http://www.isotc211.org/2005/gmd&ID=c829abeb-bfac-4224-8332-e7a9a89e692e}, {link=https://creativecommons.org/publicdomain/mark/*/deed.nl}, {link=}]
errors:
-------
feature call (loop) failed at index: 2
caller: classpath:InspireTest/ngr/datasetrecords/def/checkxlinkurl.template.feature
arg: {"link":"https://creativecommons.org/publicdomain/mark/*/deed.nl"}
checkxlinkurl.template.feature:22 - path: $, actual: 404, expected: 200, reason: not equal (Integer)
-------
feature call (loop) failed at index: 3
caller: classpath:InspireTest/ngr/datasetrecords/def/checkxlinkurl.template.feature
arg: {"link":""}
checkxlinkurl.template.feature:14 - 
org.apache.http.client.ClientProtocolException
[1.123:18] check-known-dataset-record.feature:81 - feature call (loop) failed: classpath:InspireTest/ngr/datasetrecords/def/checkxlinkurl.template.feature
caller: classpath:InspireTest/ngr/datasetrecords/check-known-dataset-record.feature
items: [{link=http://www.opengis.net/def/crs/EPSG/0/http://www.opengis.net/def/crs/EPSG/0/3034}, {link=http://nationaalgeoregister.nl/geonetwork/srv/dut/csw?SERVICE=CSW&version=2.0.2&REQUEST=GetRecordById&elementSetName=full&OutputSchema=http://www.isotc211.org/2005/gmd&ID=41023936-009d-48ec-a90d-c966895463c1}, {link=https://creativecommons.org/publicdomain/mark/*/deed.nl}, {link=}]
errors:
-------
feature call (loop) failed at index: 2
caller: classpath:InspireTest/ngr/datasetrecords/def/checkxlinkurl.template.feature
arg: {"link":"https://creativecommons.org/publicdomain/mark/*/deed.nl"}
checkxlinkurl.template.feature:22 - path: $, actual: 404, expected: 200, reason: not equal (Integer)
-------
feature call (loop) failed at index: 3
caller: classpath:InspireTest/ngr/datasetrecords/def/checkxlinkurl.template.feature
arg: {"link":""}
checkxlinkurl.template.feature:14 - 
org.apache.http.client.ClientProtocolException
[1.124:18] check-known-dataset-record.feature:81 - feature call (loop) failed: classpath:InspireTest/ngr/datasetrecords/def/checkxlinkurl.template.feature
caller: classpath:InspireTest/ngr/datasetrecords/check-known-dataset-record.feature
items: [{link=https://www.nationaalgeoregister.nl/geonetwork/srv/dut/catalog.search#/metadata/wt-f5eb-b09f-4f6d-8397-8878a1b86238}, {link=http://rdfdata.eionet.europa.eu/inspirethemes/themes/18}, {link=http://inspire.ec.europa.eu/metadata-codelist/PriorityDataset#}, {link=https://ngr.geocat.live/geonetwork/srv/eng/thesaurus.download?ref=external.theme.httpinspireeceuropaeumetadatacodelistPrioritydataset-Prioritydataset}]
errors:
-------
feature call (loop) failed at index: 1
caller: classpath:InspireTest/ngr/datasetrecords/def/checkxlinkurl.template.feature
arg: {"link":"http://rdfdata.eionet.europa.eu/inspirethemes/themes/18"}
checkxlinkurl.template.feature:22 - path: $, actual: 404, expected: 200, reason: not equal (Integer)
-------
feature call (loop) failed at index: 3
caller: classpath:InspireTest/ngr/datasetrecords/def/checkxlinkurl.template.feature
arg: {"link":"https://ngr.geocat.live/geonetwork/srv/eng/thesaurus.download?ref=external.theme.httpinspireeceuropaeumetadatacodelistPrioritydataset-Prioritydataset"}
checkxlinkurl.template.feature:22 - path: $, actual: 500, expected: 200, reason: not equal (Integer)
[1.125:18] check-known-dataset-record.feature:81 - feature call (loop) failed: classpath:InspireTest/ngr/datasetrecords/def/checkxlinkurl.template.feature
caller: classpath:InspireTest/ngr/datasetrecords/check-known-dataset-record.feature
items: [{link=https://www.nationaalgeoregister.nl/geonetwork/srv/dut/catalog.search#/metadata/wt-3730-e750-485a-9c0c-39bf9be72cf9}, {link=http://rdfdata.eionet.europa.eu/inspirethemes/themes/18}, {link=http://inspire.ec.europa.eu/metadata-codelist/PriorityDataset#}, {link=https://ngr.geocat.live/geonetwork/srv/eng/thesaurus.download?ref=external.theme.httpinspireeceuropaeumetadatacodelistPrioritydataset-Prioritydataset}]
errors:
-------
feature call (loop) failed at index: 1
caller: classpath:InspireTest/ngr/datasetrecords/def/checkxlinkurl.template.feature
arg: {"link":"http://rdfdata.eionet.europa.eu/inspirethemes/themes/18"}
checkxlinkurl.template.feature:22 - path: $, actual: 404, expected: 200, reason: not equal (Integer)
-------
feature call (loop) failed at index: 3
caller: classpath:InspireTest/ngr/datasetrecords/def/checkxlinkurl.template.feature
arg: {"link":"https://ngr.geocat.live/geonetwork/srv/eng/thesaurus.download?ref=external.theme.httpinspireeceuropaeumetadatacodelistPrioritydataset-Prioritydataset"}
checkxlinkurl.template.feature:22 - path: $, actual: 500, expected: 200, reason: not equal (Integer)
[1.126:18] check-known-dataset-record.feature:81 - feature call (loop) failed: classpath:InspireTest/ngr/datasetrecords/def/checkxlinkurl.template.feature
caller: classpath:InspireTest/ngr/datasetrecords/check-known-dataset-record.feature
items: [{link=http://www.opengis.net/def/crs/EPSG/0/http://www.opengis.net/def/crs/EPSG/0/3034}, {link=http://nationaalgeoregister.nl/geonetwork/srv/dut/csw?SERVICE=CSW&version=2.0.2&REQUEST=GetRecordById&elementSetName=full&OutputSchema=http://www.isotc211.org/2005/gmd&ID=c7d8d77b-8c47-4309-8c58-9b12b086407f}, {link=https://creativecommons.org/publicdomain/mark/*/deed.nl}, {link=}]
errors:
-------
feature call (loop) failed at index: 2
caller: classpath:InspireTest/ngr/datasetrecords/def/checkxlinkurl.template.feature
arg: {"link":"https://creativecommons.org/publicdomain/mark/*/deed.nl"}
checkxlinkurl.template.feature:22 - path: $, actual: 404, expected: 200, reason: not equal (Integer)
-------
feature call (loop) failed at index: 3
caller: classpath:InspireTest/ngr/datasetrecords/def/checkxlinkurl.template.feature
arg: {"link":""}
checkxlinkurl.template.feature:14 - 
org.apache.http.client.ClientProtocolException
[1.127:18] check-known-dataset-record.feature:81 - feature call (loop) failed: classpath:InspireTest/ngr/datasetrecords/def/checkxlinkurl.template.feature
caller: classpath:InspireTest/ngr/datasetrecords/check-known-dataset-record.feature
items: [{link=https://nationaalgeoregister.nl/geonetwork/srv/resources052a3480-1031-4d29-ba55-01672e2c50d9}]
errors:
-------
feature call (loop) failed at index: 0
caller: classpath:InspireTest/ngr/datasetrecords/def/checkxlinkurl.template.feature
arg: {"link":"https://nationaalgeoregister.nl/geonetwork/srv/resources052a3480-1031-4d29-ba55-01672e2c50d9"}
checkxlinkurl.template.feature:22 - path: $, actual: 404, expected: 200, reason: not equal (Integer)
[1.128:18] check-known-dataset-record.feature:81 - feature call (loop) failed: classpath:InspireTest/ngr/datasetrecords/def/checkxlinkurl.template.feature
caller: classpath:InspireTest/ngr/datasetrecords/check-known-dataset-record.feature
items: [{link=https://www.nationaalgeoregister.nl/geonetwork/srv/dut/catalog.search#/metadata/krw2006-68b5-4ff3-94a4-9c24109ffd5e}, {link=http://rdfdata.eionet.europa.eu/inspirethemes/themes/24}, {link=http://inspire.ec.europa.eu/metadata-codelist/PriorityDataset#}, {link=https://ngr.geocat.live/geonetwork/srv/eng/thesaurus.download?ref=external.theme.httpinspireeceuropaeumetadatacodelistPrioritydataset-Prioritydataset}, {link=urn:ogc:def:crs:EPSG::5709}]
errors:
-------
feature call (loop) failed at index: 1
caller: classpath:InspireTest/ngr/datasetrecords/def/checkxlinkurl.template.feature
arg: {"link":"http://rdfdata.eionet.europa.eu/inspirethemes/themes/24"}
checkxlinkurl.template.feature:22 - path: $, actual: 404, expected: 200, reason: not equal (Integer)
-------
feature call (loop) failed at index: 3
caller: classpath:InspireTest/ngr/datasetrecords/def/checkxlinkurl.template.feature
arg: {"link":"https://ngr.geocat.live/geonetwork/srv/eng/thesaurus.download?ref=external.theme.httpinspireeceuropaeumetadatacodelistPrioritydataset-Prioritydataset"}
checkxlinkurl.template.feature:22 - path: $, actual: 500, expected: 200, reason: not equal (Integer)
-------
feature call (loop) failed at index: 4
caller: classpath:InspireTest/ngr/datasetrecords/def/checkxlinkurl.template.feature
arg: {"link":"urn:ogc:def:crs:EPSG::5709"}
checkxlinkurl.template.feature:14 - 
org.apache.http.client.ClientProtocolException: URI does not specify a valid host name: urn:ogc:def:crs:EPSG::5709
[1.129:18] check-known-dataset-record.feature:81 - feature call (loop) failed: classpath:InspireTest/ngr/datasetrecords/def/checkxlinkurl.template.feature
caller: classpath:InspireTest/ngr/datasetrecords/check-known-dataset-record.feature
items: [{link=https://www.nationaalgeoregister.nl/geonetwork/srv/dut/catalog.search#/metadata/2e31680f-68b5-4ff3-94a4-9c24109ffd5e}, {link=http://rdfdata.eionet.europa.eu/inspirethemes/themes/24}, {link=http://inspire.ec.europa.eu/metadata-codelist/PriorityDataset#}, {link=https://ngr.geocat.live/geonetwork/srv/eng/thesaurus.download?ref=external.theme.httpinspireeceuropaeumetadatacodelistPrioritydataset-Prioritydataset}, {link=urn:ogc:def:crs:EPSG::5709}]
errors:
-------
feature call (loop) failed at index: 1
caller: classpath:InspireTest/ngr/datasetrecords/def/checkxlinkurl.template.feature
arg: {"link":"http://rdfdata.eionet.europa.eu/inspirethemes/themes/24"}
checkxlinkurl.template.feature:22 - path: $, actual: 404, expected: 200, reason: not equal (Integer)
-------
feature call (loop) failed at index: 3
caller: classpath:InspireTest/ngr/datasetrecords/def/checkxlinkurl.template.feature
arg: {"link":"https://ngr.geocat.live/geonetwork/srv/eng/thesaurus.download?ref=external.theme.httpinspireeceuropaeumetadatacodelistPrioritydataset-Prioritydataset"}
checkxlinkurl.template.feature:22 - path: $, actual: 500, expected: 200, reason: not equal (Integer)
-------
feature call (loop) failed at index: 4
caller: classpath:InspireTest/ngr/datasetrecords/def/checkxlinkurl.template.feature
arg: {"link":"urn:ogc:def:crs:EPSG::5709"}
checkxlinkurl.template.feature:14 - 
org.apache.http.client.ClientProtocolException: URI does not specify a valid host name: urn:ogc:def:crs:EPSG::5709
[1.130:18] check-known-dataset-record.feature:81 - feature call (loop) failed: classpath:InspireTest/ngr/datasetrecords/def/checkxlinkurl.template.feature
caller: classpath:InspireTest/ngr/datasetrecords/check-known-dataset-record.feature
items: [{link=https://www.nationaalgeoregister.nl/geonetwork/srv/dut/catalog.search#/metadata/622a632a-c57b-44a2-83a4-e51223d5f15g}, {link=http://rdfdata.eionet.europa.eu/inspirethemes/themes/24}, {link=http://inspire.ec.europa.eu/metadata-codelist/PriorityDataset#}, {link=https://ngr.geocat.live/geonetwork/srv/eng/thesaurus.download?ref=external.theme.httpinspireeceuropaeumetadatacodelistPrioritydataset-Prioritydataset}, {link=urn:ogc:def:crs:EPSG::5709}]
errors:
-------
feature call (loop) failed at index: 1
caller: classpath:InspireTest/ngr/datasetrecords/def/checkxlinkurl.template.feature
arg: {"link":"http://rdfdata.eionet.europa.eu/inspirethemes/themes/24"}
checkxlinkurl.template.feature:22 - path: $, actual: 404, expected: 200, reason: not equal (Integer)
-------
feature call (loop) failed at index: 3
caller: classpath:InspireTest/ngr/datasetrecords/def/checkxlinkurl.template.feature
arg: {"link":"https://ngr.geocat.live/geonetwork/srv/eng/thesaurus.download?ref=external.theme.httpinspireeceuropaeumetadatacodelistPrioritydataset-Prioritydataset"}
checkxlinkurl.template.feature:22 - path: $, actual: 500, expected: 200, reason: not equal (Integer)
-------
feature call (loop) failed at index: 4
caller: classpath:InspireTest/ngr/datasetrecords/def/checkxlinkurl.template.feature
arg: {"link":"urn:ogc:def:crs:EPSG::5709"}
checkxlinkurl.template.feature:14 - 
org.apache.http.client.ClientProtocolException: URI does not specify a valid host name: urn:ogc:def:crs:EPSG::5709
[1.131:18] check-known-dataset-record.feature:81 - feature call (loop) failed: classpath:InspireTest/ngr/datasetrecords/def/checkxlinkurl.template.feature
caller: classpath:InspireTest/ngr/datasetrecords/check-known-dataset-record.feature
items: [{link=https://www.nationaalgeoregister.nl/geonetwork/srv/dut/catalog.search#/metadata/710c381c-ab2d-45d5-a45d-af2eba811e5f}, {link=http://rdfdata.eionet.europa.eu/inspirethemes/themes/8}, {link=urn:ogc:def:crs:EPSG::5709}]
errors:
-------
feature call (loop) failed at index: 1
caller: classpath:InspireTest/ngr/datasetrecords/def/checkxlinkurl.template.feature
arg: {"link":"http://rdfdata.eionet.europa.eu/inspirethemes/themes/8"}
checkxlinkurl.template.feature:22 - path: $, actual: 404, expected: 200, reason: not equal (Integer)
-------
feature call (loop) failed at index: 2
caller: classpath:InspireTest/ngr/datasetrecords/def/checkxlinkurl.template.feature
arg: {"link":"urn:ogc:def:crs:EPSG::5709"}
checkxlinkurl.template.feature:14 - 
org.apache.http.client.ClientProtocolException: URI does not specify a valid host name: urn:ogc:def:crs:EPSG::5709
[1.132:18] check-known-dataset-record.feature:81 - feature call (loop) failed: classpath:InspireTest/ngr/datasetrecords/def/checkxlinkurl.template.feature
caller: classpath:InspireTest/ngr/datasetrecords/check-known-dataset-record.feature
items: [{link=http://www.opengis.net/def/crs/EPSG/0/http://www.opengis.net/def/crs/EPSG/0/3034}, {link=http://nationaalgeoregister.nl/geonetwork/srv/dut/csw?SERVICE=CSW&version=2.0.2&REQUEST=GetRecordById&elementSetName=full&OutputSchema=http://www.isotc211.org/2005/gmd&ID=f002bfc5-7d87-46b6-819e-8415422b65c9}, {link=https://creativecommons.org/publicdomain/mark/*/deed.nl}, {link=}]
errors:
-------
feature call (loop) failed at index: 2
caller: classpath:InspireTest/ngr/datasetrecords/def/checkxlinkurl.template.feature
arg: {"link":"https://creativecommons.org/publicdomain/mark/*/deed.nl"}
checkxlinkurl.template.feature:22 - path: $, actual: 404, expected: 200, reason: not equal (Integer)
-------
feature call (loop) failed at index: 3
caller: classpath:InspireTest/ngr/datasetrecords/def/checkxlinkurl.template.feature
arg: {"link":""}
checkxlinkurl.template.feature:14 - 
org.apache.http.client.ClientProtocolException
[1.133:18] check-known-dataset-record.feature:81 - feature call (loop) failed: classpath:InspireTest/ngr/datasetrecords/def/checkxlinkurl.template.feature
caller: classpath:InspireTest/ngr/datasetrecords/check-known-dataset-record.feature
items: [{link=https://www.nationaalgeoregister.nl/geonetwork/srv/dut/catalog.search#/metadata/110f9ec6-4464-462e-9765-83d90cefbead}, {link=http://rdfdata.eionet.europa.eu/inspirethemes/themes/24}, {link=http://inspire.ec.europa.eu/metadata-codelist/PriorityDataset#}, {link=https://ngr.geocat.live/geonetwork/srv/eng/thesaurus.download?ref=external.theme.httpinspireeceuropaeumetadatacodelistPrioritydataset-Prioritydataset}]
errors:
-------
feature call (loop) failed at index: 1
caller: classpath:InspireTest/ngr/datasetrecords/def/checkxlinkurl.template.feature
arg: {"link":"http://rdfdata.eionet.europa.eu/inspirethemes/themes/24"}
checkxlinkurl.template.feature:22 - path: $, actual: 404, expected: 200, reason: not equal (Integer)
-------
feature call (loop) failed at index: 3
caller: classpath:InspireTest/ngr/datasetrecords/def/checkxlinkurl.template.feature
arg: {"link":"https://ngr.geocat.live/geonetwork/srv/eng/thesaurus.download?ref=external.theme.httpinspireeceuropaeumetadatacodelistPrioritydataset-Prioritydataset"}
checkxlinkurl.template.feature:22 - path: $, actual: 500, expected: 200, reason: not equal (Integer)
[1.134:18] check-known-dataset-record.feature:81 - feature call (loop) failed: classpath:InspireTest/ngr/datasetrecords/def/checkxlinkurl.template.feature
caller: classpath:InspireTest/ngr/datasetrecords/check-known-dataset-record.feature
items: [{link=https://www.nationaalgeoregister.nl/geonetwork/srv/dut/catalog.search#/metadata/110f9ec6-4464-462e-9765-83d90cefbeag}, {link=http://rdfdata.eionet.europa.eu/inspirethemes/themes/24}, {link=http://inspire.ec.europa.eu/metadata-codelist/PriorityDataset#}, {link=https://ngr.geocat.live/geonetwork/srv/eng/thesaurus.download?ref=external.theme.httpinspireeceuropaeumetadatacodelistPrioritydataset-Prioritydataset}, {link=urn:ogc:def:crs:EPSG::5709}]
errors:
-------
feature call (loop) failed at index: 1
caller: classpath:InspireTest/ngr/datasetrecords/def/checkxlinkurl.template.feature
arg: {"link":"http://rdfdata.eionet.europa.eu/inspirethemes/themes/24"}
checkxlinkurl.template.feature:22 - path: $, actual: 404, expected: 200, reason: not equal (Integer)
-------
feature call (loop) failed at index: 3
caller: classpath:InspireTest/ngr/datasetrecords/def/checkxlinkurl.template.feature
arg: {"link":"https://ngr.geocat.live/geonetwork/srv/eng/thesaurus.download?ref=external.theme.httpinspireeceuropaeumetadatacodelistPrioritydataset-Prioritydataset"}
checkxlinkurl.template.feature:22 - path: $, actual: 500, expected: 200, reason: not equal (Integer)
-------
feature call (loop) failed at index: 4
caller: classpath:InspireTest/ngr/datasetrecords/def/checkxlinkurl.template.feature
arg: {"link":"urn:ogc:def:crs:EPSG::5709"}
checkxlinkurl.template.feature:14 - 
org.apache.http.client.ClientProtocolException: URI does not specify a valid host name: urn:ogc:def:crs:EPSG::5709
[1.135:18] check-known-dataset-record.feature:81 - feature call (loop) failed: classpath:InspireTest/ngr/datasetrecords/def/checkxlinkurl.template.feature
caller: classpath:InspireTest/ngr/datasetrecords/check-known-dataset-record.feature
items: [{link=https://www.nationaalgeoregister.nl/geonetwork/srv/dut/catalog.search#/metadata/krw2006-c57b-44a2-83a4-e51223d5f15g}, {link=http://rdfdata.eionet.europa.eu/inspirethemes/themes/24}, {link=http://inspire.ec.europa.eu/metadata-codelist/PriorityDataset#}, {link=https://ngr.geocat.live/geonetwork/srv/eng/thesaurus.download?ref=external.theme.httpinspireeceuropaeumetadatacodelistPrioritydataset-Prioritydataset}, {link=urn:ogc:def:crs:EPSG::5709}]
errors:
-------
feature call (loop) failed at index: 1
caller: classpath:InspireTest/ngr/datasetrecords/def/checkxlinkurl.template.feature
arg: {"link":"http://rdfdata.eionet.europa.eu/inspirethemes/themes/24"}
checkxlinkurl.template.feature:22 - path: $, actual: 404, expected: 200, reason: not equal (Integer)
-------
feature call (loop) failed at index: 3
caller: classpath:InspireTest/ngr/datasetrecords/def/checkxlinkurl.template.feature
arg: {"link":"https://ngr.geocat.live/geonetwork/srv/eng/thesaurus.download?ref=external.theme.httpinspireeceuropaeumetadatacodelistPrioritydataset-Prioritydataset"}
checkxlinkurl.template.feature:22 - path: $, actual: 500, expected: 200, reason: not equal (Integer)
-------
feature call (loop) failed at index: 4
caller: classpath:InspireTest/ngr/datasetrecords/def/checkxlinkurl.template.feature
arg: {"link":"urn:ogc:def:crs:EPSG::5709"}
checkxlinkurl.template.feature:14 - 
org.apache.http.client.ClientProtocolException: URI does not specify a valid host name: urn:ogc:def:crs:EPSG::5709
[1.136:18] check-known-dataset-record.feature:81 - feature call (loop) failed: classpath:InspireTest/ngr/datasetrecords/def/checkxlinkurl.template.feature
caller: classpath:InspireTest/ngr/datasetrecords/check-known-dataset-record.feature
items: [{link=https://www.nationaalgeoregister.nl/geonetwork/srv/dut/catalog.search#/metadata/110f9ec6-4464-462e-9765-83d90cefbeac}, {link=http://rdfdata.eionet.europa.eu/inspirethemes/themes/24}, {link=http://inspire.ec.europa.eu/metadata-codelist/PriorityDataset#}, {link=https://ngr.geocat.live/geonetwork/srv/eng/thesaurus.download?ref=external.theme.httpinspireeceuropaeumetadatacodelistPrioritydataset-Prioritydataset}]
errors:
-------
feature call (loop) failed at index: 1
caller: classpath:InspireTest/ngr/datasetrecords/def/checkxlinkurl.template.feature
arg: {"link":"http://rdfdata.eionet.europa.eu/inspirethemes/themes/24"}
checkxlinkurl.template.feature:22 - path: $, actual: 404, expected: 200, reason: not equal (Integer)
-------
feature call (loop) failed at index: 3
caller: classpath:InspireTest/ngr/datasetrecords/def/checkxlinkurl.template.feature
arg: {"link":"https://ngr.geocat.live/geonetwork/srv/eng/thesaurus.download?ref=external.theme.httpinspireeceuropaeumetadatacodelistPrioritydataset-Prioritydataset"}
checkxlinkurl.template.feature:22 - path: $, actual: 500, expected: 200, reason: not equal (Integer)
[1.137:18] check-known-dataset-record.feature:81 - feature call (loop) failed: classpath:InspireTest/ngr/datasetrecords/def/checkxlinkurl.template.feature
caller: classpath:InspireTest/ngr/datasetrecords/check-known-dataset-record.feature
items: [{link=https://www.nationaalgeoregister.nl/geonetwork/srv/dut/catalog.search#/metadata/krw-782cab20-8328-45f1-a9b2-c27d07c14066}, {link=http://rdfdata.eionet.europa.eu/inspirethemes/themes/24}, {link=http://inspire.ec.europa.eu/metadata-codelist/PriorityDataset#}, {link=https://ngr.geocat.live/geonetwork/srv/eng/thesaurus.download?ref=external.theme.httpinspireeceuropaeumetadatacodelistPrioritydataset-Prioritydataset}, {link=urn:ogc:def:crs:EPSG::5709}]
errors:
-------
feature call (loop) failed at index: 1
caller: classpath:InspireTest/ngr/datasetrecords/def/checkxlinkurl.template.feature
arg: {"link":"http://rdfdata.eionet.europa.eu/inspirethemes/themes/24"}
checkxlinkurl.template.feature:22 - path: $, actual: 404, expected: 200, reason: not equal (Integer)
-------
feature call (loop) failed at index: 3
caller: classpath:InspireTest/ngr/datasetrecords/def/checkxlinkurl.template.feature
arg: {"link":"https://ngr.geocat.live/geonetwork/srv/eng/thesaurus.download?ref=external.theme.httpinspireeceuropaeumetadatacodelistPrioritydataset-Prioritydataset"}
checkxlinkurl.template.feature:22 - path: $, actual: 500, expected: 200, reason: not equal (Integer)
-------
feature call (loop) failed at index: 4
caller: classpath:InspireTest/ngr/datasetrecords/def/checkxlinkurl.template.feature
arg: {"link":"urn:ogc:def:crs:EPSG::5709"}
checkxlinkurl.template.feature:14 - 
org.apache.http.client.ClientProtocolException: URI does not specify a valid host name: urn:ogc:def:crs:EPSG::5709
[1.138:18] check-known-dataset-record.feature:81 - feature call (loop) failed: classpath:InspireTest/ngr/datasetrecords/def/checkxlinkurl.template.feature
caller: classpath:InspireTest/ngr/datasetrecords/check-known-dataset-record.feature
items: [{link=https://www.nationaalgeoregister.nl/geonetwork/srv/dut/catalog.search#/metadata/krm-a905-9d8e-4758-83fa-28b057f185e4}, {link=http://rdfdata.eionet.europa.eu/inspirethemes/themes/24}, {link=http://inspire.ec.europa.eu/metadata-codelist/PriorityDataset#}, {link=https://ngr.geocat.live/geonetwork/srv/eng/thesaurus.download?ref=external.theme.httpinspireeceuropaeumetadatacodelistPrioritydataset-Prioritydataset}]
errors:
-------
feature call (loop) failed at index: 1
caller: classpath:InspireTest/ngr/datasetrecords/def/checkxlinkurl.template.feature
arg: {"link":"http://rdfdata.eionet.europa.eu/inspirethemes/themes/24"}
checkxlinkurl.template.feature:22 - path: $, actual: 404, expected: 200, reason: not equal (Integer)
-------
feature call (loop) failed at index: 3
caller: classpath:InspireTest/ngr/datasetrecords/def/checkxlinkurl.template.feature
arg: {"link":"https://ngr.geocat.live/geonetwork/srv/eng/thesaurus.download?ref=external.theme.httpinspireeceuropaeumetadatacodelistPrioritydataset-Prioritydataset"}
checkxlinkurl.template.feature:22 - path: $, actual: 500, expected: 200, reason: not equal (Integer)
[1.139:18] check-known-dataset-record.feature:81 - feature call (loop) failed: classpath:InspireTest/ngr/datasetrecords/def/checkxlinkurl.template.feature
caller: classpath:InspireTest/ngr/datasetrecords/check-known-dataset-record.feature
items: [{link=https://www.nationaalgeoregister.nl/geonetwork/srv/dut/catalog.search#/metadata/891ddc2d-8949-4a45-be96-c65b87c41f13}, {link=http://rdfdata.eionet.europa.eu/inspirethemes/themes/20}, {link=http://inspire.ec.europa.eu/metadata-codelist/PriorityDataset#}, {link=https://ngr.geocat.live/geonetwork/srv/eng/thesaurus.download?ref=external.theme.httpinspireeceuropaeumetadatacodelistPrioritydataset-Prioritydataset}]
errors:
-------
feature call (loop) failed at index: 1
caller: classpath:InspireTest/ngr/datasetrecords/def/checkxlinkurl.template.feature
arg: {"link":"http://rdfdata.eionet.europa.eu/inspirethemes/themes/20"}
checkxlinkurl.template.feature:22 - path: $, actual: 404, expected: 200, reason: not equal (Integer)
-------
feature call (loop) failed at index: 3
caller: classpath:InspireTest/ngr/datasetrecords/def/checkxlinkurl.template.feature
arg: {"link":"https://ngr.geocat.live/geonetwork/srv/eng/thesaurus.download?ref=external.theme.httpinspireeceuropaeumetadatacodelistPrioritydataset-Prioritydataset"}
checkxlinkurl.template.feature:22 - path: $, actual: 500, expected: 200, reason: not equal (Integer)
[1.140:18] check-known-dataset-record.feature:81 - feature call (loop) failed: classpath:InspireTest/ngr/datasetrecords/def/checkxlinkurl.template.feature
caller: classpath:InspireTest/ngr/datasetrecords/check-known-dataset-record.feature
items: [{link=http://kadaster/e2318c58-b1e6-4621-9c77-33b8a1fd0e76}]
errors:
-------
feature call (loop) failed at index: 0
caller: classpath:InspireTest/ngr/datasetrecords/def/checkxlinkurl.template.feature
arg: {"link":"http://kadaster/e2318c58-b1e6-4621-9c77-33b8a1fd0e76"}
checkxlinkurl.template.feature:14 - 
java.net.UnknownHostException: kadaster: Temporary failure in name resolution
[1.141:18] check-known-dataset-record.feature:81 - feature call (loop) failed: classpath:InspireTest/ngr/datasetrecords/def/checkxlinkurl.template.feature
caller: classpath:InspireTest/ngr/datasetrecords/check-known-dataset-record.feature
items: [{link=https://www.nationaalgeoregister.nl/geonetwork/srv/dut/catalog.search#/metadata/ror-9d8e-4758-83fx-28b057f185g1}, {link=http://rdfdata.eionet.europa.eu/inspirethemes/themes/25}, {link=http://inspire.ec.europa.eu/metadata-codelist/PriorityDataset#}, {link=https://ngr.geocat.live/geonetwork/srv/eng/thesaurus.download?ref=external.theme.httpinspireeceuropaeumetadatacodelistPrioritydataset-Prioritydataset}, {link=urn:ogc:def:crs:EPSG::5709}]
errors:
-------
feature call (loop) failed at index: 1
caller: classpath:InspireTest/ngr/datasetrecords/def/checkxlinkurl.template.feature
arg: {"link":"http://rdfdata.eionet.europa.eu/inspirethemes/themes/25"}
checkxlinkurl.template.feature:22 - path: $, actual: 404, expected: 200, reason: not equal (Integer)
-------
feature call (loop) failed at index: 3
caller: classpath:InspireTest/ngr/datasetrecords/def/checkxlinkurl.template.feature
arg: {"link":"https://ngr.geocat.live/geonetwork/srv/eng/thesaurus.download?ref=external.theme.httpinspireeceuropaeumetadatacodelistPrioritydataset-Prioritydataset"}
checkxlinkurl.template.feature:22 - path: $, actual: 500, expected: 200, reason: not equal (Integer)
-------
feature call (loop) failed at index: 4
caller: classpath:InspireTest/ngr/datasetrecords/def/checkxlinkurl.template.feature
arg: {"link":"urn:ogc:def:crs:EPSG::5709"}
checkxlinkurl.template.feature:14 - 
org.apache.http.client.ClientProtocolException: URI does not specify a valid host name: urn:ogc:def:crs:EPSG::5709
[1.142:18] check-known-dataset-record.feature:81 - feature call (loop) failed: classpath:InspireTest/ngr/datasetrecords/def/checkxlinkurl.template.feature
caller: classpath:InspireTest/ngr/datasetrecords/check-known-dataset-record.feature
items: [{link=https://www.nationaalgeoregister.nl/geonetwork/srv/dut/catalog.search#/metadata/ror-9d8e-4758-83fx-28b057f185e1}, {link=http://rdfdata.eionet.europa.eu/inspirethemes/themes/25}, {link=http://inspire.ec.europa.eu/metadata-codelist/PriorityDataset#}, {link=https://ngr.geocat.live/geonetwork/srv/eng/thesaurus.download?ref=external.theme.httpinspireeceuropaeumetadatacodelistPrioritydataset-Prioritydataset}, {link=urn:ogc:def:crs:EPSG::5709}]
errors:
-------
feature call (loop) failed at index: 1
caller: classpath:InspireTest/ngr/datasetrecords/def/checkxlinkurl.template.feature
arg: {"link":"http://rdfdata.eionet.europa.eu/inspirethemes/themes/25"}
checkxlinkurl.template.feature:22 - path: $, actual: 404, expected: 200, reason: not equal (Integer)
-------
feature call (loop) failed at index: 3
caller: classpath:InspireTest/ngr/datasetrecords/def/checkxlinkurl.template.feature
arg: {"link":"https://ngr.geocat.live/geonetwork/srv/eng/thesaurus.download?ref=external.theme.httpinspireeceuropaeumetadatacodelistPrioritydataset-Prioritydataset"}
checkxlinkurl.template.feature:22 - path: $, actual: 500, expected: 200, reason: not equal (Integer)
-------
feature call (loop) failed at index: 4
caller: classpath:InspireTest/ngr/datasetrecords/def/checkxlinkurl.template.feature
arg: {"link":"urn:ogc:def:crs:EPSG::5709"}
checkxlinkurl.template.feature:14 - 
org.apache.http.client.ClientProtocolException: URI does not specify a valid host name: urn:ogc:def:crs:EPSG::5709
[1.143:18] check-known-dataset-record.feature:81 - feature call (loop) failed: classpath:InspireTest/ngr/datasetrecords/def/checkxlinkurl.template.feature
caller: classpath:InspireTest/ngr/datasetrecords/check-known-dataset-record.feature
items: [{link=https://www.nationaalgeoregister.nl/geonetwork/srv/dut/catalog.search#/metadata/a9b7026e-0a81-4813-93bd-ba49e6f28502}, {link=http://rdfdata.eionet.europa.eu/inspirethemes/themes/7}, {link=http://rdfdata.eionet.europa.eu/inspirethemes/themes/18}, {link=http://inspire.ec.europa.eu/metadata-codelist/PriorityDataset#}, {link=https://ngr.geocat.live/geonetwork/srv/eng/thesaurus.download?ref=external.theme.httpinspireeceuropaeumetadatacodelistPrioritydataset-Prioritydataset}, {link=urn:ogc:def:crs:EPSG::5709}]
errors:
-------
feature call (loop) failed at index: 1
caller: classpath:InspireTest/ngr/datasetrecords/def/checkxlinkurl.template.feature
arg: {"link":"http://rdfdata.eionet.europa.eu/inspirethemes/themes/7"}
checkxlinkurl.template.feature:22 - path: $, actual: 404, expected: 200, reason: not equal (Integer)
-------
feature call (loop) failed at index: 2
caller: classpath:InspireTest/ngr/datasetrecords/def/checkxlinkurl.template.feature
arg: {"link":"http://rdfdata.eionet.europa.eu/inspirethemes/themes/18"}
checkxlinkurl.template.feature:22 - path: $, actual: 404, expected: 200, reason: not equal (Integer)
-------
feature call (loop) failed at index: 4
caller: classpath:InspireTest/ngr/datasetrecords/def/checkxlinkurl.template.feature
arg: {"link":"https://ngr.geocat.live/geonetwork/srv/eng/thesaurus.download?ref=external.theme.httpinspireeceuropaeumetadatacodelistPrioritydataset-Prioritydataset"}
checkxlinkurl.template.feature:22 - path: $, actual: 500, expected: 200, reason: not equal (Integer)
-------
feature call (loop) failed at index: 5
caller: classpath:InspireTest/ngr/datasetrecords/def/checkxlinkurl.template.feature
arg: {"link":"urn:ogc:def:crs:EPSG::5709"}
checkxlinkurl.template.feature:14 - 
org.apache.http.client.ClientProtocolException: URI does not specify a valid host name: urn:ogc:def:crs:EPSG::5709
[1.146:18] check-known-dataset-record.feature:81 - feature call (loop) failed: classpath:InspireTest/ngr/datasetrecords/def/checkxlinkurl.template.feature
caller: classpath:InspireTest/ngr/datasetrecords/check-known-dataset-record.feature
items: [{link=https://www.nationaalgeoregister.nl/geonetwork/srv/dut/catalog.search#/metadata/ror-9d8e-4758-83fx-28b057f185f1}, {link=http://rdfdata.eionet.europa.eu/inspirethemes/themes/25}, {link=http://inspire.ec.europa.eu/metadata-codelist/PriorityDataset#}, {link=https://ngr.geocat.live/geonetwork/srv/eng/thesaurus.download?ref=external.theme.httpinspireeceuropaeumetadatacodelistPrioritydataset-Prioritydataset}, {link=urn:ogc:def:crs:EPSG::5709}]
errors:
-------
feature call (loop) failed at index: 1
caller: classpath:InspireTest/ngr/datasetrecords/def/checkxlinkurl.template.feature
arg: {"link":"http://rdfdata.eionet.europa.eu/inspirethemes/themes/25"}
checkxlinkurl.template.feature:22 - path: $, actual: 404, expected: 200, reason: not equal (Integer)
-------
feature call (loop) failed at index: 3
caller: classpath:InspireTest/ngr/datasetrecords/def/checkxlinkurl.template.feature
arg: {"link":"https://ngr.geocat.live/geonetwork/srv/eng/thesaurus.download?ref=external.theme.httpinspireeceuropaeumetadatacodelistPrioritydataset-Prioritydataset"}
checkxlinkurl.template.feature:22 - path: $, actual: 500, expected: 200, reason: not equal (Integer)
-------
feature call (loop) failed at index: 4
caller: classpath:InspireTest/ngr/datasetrecords/def/checkxlinkurl.template.feature
arg: {"link":"urn:ogc:def:crs:EPSG::5709"}
checkxlinkurl.template.feature:14 - 
org.apache.http.client.ClientProtocolException: URI does not specify a valid host name: urn:ogc:def:crs:EPSG::5709
[1.147:18] check-known-dataset-record.feature:81 - feature call (loop) failed: classpath:InspireTest/ngr/datasetrecords/def/checkxlinkurl.template.feature
caller: classpath:InspireTest/ngr/datasetrecords/check-known-dataset-record.feature
items: [{link=https://www.nationaalgeoregister.nl/geonetwork/srv/dut/catalog.search#/metadata/uwwtd-9d8e-4758-83fa-28b057f185e2}, {link=http://rdfdata.eionet.europa.eu/inspirethemes/themes/24}, {link=http://inspire.ec.europa.eu/metadata-codelist/PriorityDataset#}, {link=https://ngr.geocat.live/geonetwork/srv/eng/thesaurus.download?ref=external.theme.httpinspireeceuropaeumetadatacodelistPrioritydataset-Prioritydataset}, {link=urn:ogc:def:crs:EPSG::5709}]
errors:
-------
feature call (loop) failed at index: 1
caller: classpath:InspireTest/ngr/datasetrecords/def/checkxlinkurl.template.feature
arg: {"link":"http://rdfdata.eionet.europa.eu/inspirethemes/themes/24"}
checkxlinkurl.template.feature:22 - path: $, actual: 404, expected: 200, reason: not equal (Integer)
-------
feature call (loop) failed at index: 3
caller: classpath:InspireTest/ngr/datasetrecords/def/checkxlinkurl.template.feature
arg: {"link":"https://ngr.geocat.live/geonetwork/srv/eng/thesaurus.download?ref=external.theme.httpinspireeceuropaeumetadatacodelistPrioritydataset-Prioritydataset"}
checkxlinkurl.template.feature:22 - path: $, actual: 500, expected: 200, reason: not equal (Integer)
-------
feature call (loop) failed at index: 4
caller: classpath:InspireTest/ngr/datasetrecords/def/checkxlinkurl.template.feature
arg: {"link":"urn:ogc:def:crs:EPSG::5709"}
checkxlinkurl.template.feature:14 - 
org.apache.http.client.ClientProtocolException: URI does not specify a valid host name: urn:ogc:def:crs:EPSG::5709
[1.148:18] check-known-dataset-record.feature:81 - feature call (loop) failed: classpath:InspireTest/ngr/datasetrecords/def/checkxlinkurl.template.feature
caller: classpath:InspireTest/ngr/datasetrecords/check-known-dataset-record.feature
items: [{link=https://www.nationaalgeoregister.nl/geonetwork/srv/dut/catalog.search#/metadata/uwwtd-9d8e-4758-83fa-28b057f185e1}, {link=http://rdfdata.eionet.europa.eu/inspirethemes/themes/24}, {link=http://inspire.ec.europa.eu/metadata-codelist/PriorityDataset#}, {link=https://ngr.geocat.live/geonetwork/srv/eng/thesaurus.download?ref=external.theme.httpinspireeceuropaeumetadatacodelistPrioritydataset-Prioritydataset}, {link=urn:ogc:def:crs:EPSG::5709}]
errors:
-------
feature call (loop) failed at index: 1
caller: classpath:InspireTest/ngr/datasetrecords/def/checkxlinkurl.template.feature
arg: {"link":"http://rdfdata.eionet.europa.eu/inspirethemes/themes/24"}
checkxlinkurl.template.feature:22 - path: $, actual: 404, expected: 200, reason: not equal (Integer)
-------
feature call (loop) failed at index: 3
caller: classpath:InspireTest/ngr/datasetrecords/def/checkxlinkurl.template.feature
arg: {"link":"https://ngr.geocat.live/geonetwork/srv/eng/thesaurus.download?ref=external.theme.httpinspireeceuropaeumetadatacodelistPrioritydataset-Prioritydataset"}
checkxlinkurl.template.feature:22 - path: $, actual: 500, expected: 200, reason: not equal (Integer)
-------
feature call (loop) failed at index: 4
caller: classpath:InspireTest/ngr/datasetrecords/def/checkxlinkurl.template.feature
arg: {"link":"urn:ogc:def:crs:EPSG::5709"}
checkxlinkurl.template.feature:14 - 
org.apache.http.client.ClientProtocolException: URI does not specify a valid host name: urn:ogc:def:crs:EPSG::5709
[1.149:18] check-known-dataset-record.feature:81 - feature call (loop) failed: classpath:InspireTest/ngr/datasetrecords/def/checkxlinkurl.template.feature
caller: classpath:InspireTest/ngr/datasetrecords/check-known-dataset-record.feature
items: [{link=http://kadaster/06b6c650-cdb1-11dd-ad8b-0800200c9a78}]
errors:
-------
feature call (loop) failed at index: 0
caller: classpath:InspireTest/ngr/datasetrecords/def/checkxlinkurl.template.feature
arg: {"link":"http://kadaster/06b6c650-cdb1-11dd-ad8b-0800200c9a78"}
checkxlinkurl.template.feature:14 - 
java.net.UnknownHostException: kadaster
[1.150:18] check-known-dataset-record.feature:81 - feature call (loop) failed: classpath:InspireTest/ngr/datasetrecords/def/checkxlinkurl.template.feature
caller: classpath:InspireTest/ngr/datasetrecords/check-known-dataset-record.feature
items: [{link=http://kadaster/06b6c650-cdb1-11dd-ad8b-0800200c9a77}]
errors:
-------
feature call (loop) failed at index: 0
caller: classpath:InspireTest/ngr/datasetrecords/def/checkxlinkurl.template.feature
arg: {"link":"http://kadaster/06b6c650-cdb1-11dd-ad8b-0800200c9a77"}
checkxlinkurl.template.feature:14 - 
java.net.UnknownHostException: kadaster
[1.151:18] check-known-dataset-record.feature:81 - feature call (loop) failed: classpath:InspireTest/ngr/datasetrecords/def/checkxlinkurl.template.feature
caller: classpath:InspireTest/ngr/datasetrecords/check-known-dataset-record.feature
items: [{link=https://data.rivm.nl/inspire/id#c6d62f69-7be0-4c19-a4af-d146c6a3c166}]
errors:
-------
feature call (loop) failed at index: 0
caller: classpath:InspireTest/ngr/datasetrecords/def/checkxlinkurl.template.feature
arg: {"link":"https://data.rivm.nl/inspire/id#c6d62f69-7be0-4c19-a4af-d146c6a3c166"}
checkxlinkurl.template.feature:14 - 
javax.net.ssl.SSLException: Connection reset
[1.152:18] check-known-dataset-record.feature:81 - feature call (loop) failed: classpath:InspireTest/ngr/datasetrecords/def/checkxlinkurl.template.feature
caller: classpath:InspireTest/ngr/datasetrecords/check-known-dataset-record.feature
items: [{link=https://www.nationaalgeoregister.nl/geonetwork/srv/api/records83dab947-387b-49df-8ad2-32bb10d46d38}]
errors:
-------
feature call (loop) failed at index: 0
caller: classpath:InspireTest/ngr/datasetrecords/def/checkxlinkurl.template.feature
arg: {"link":"https://www.nationaalgeoregister.nl/geonetwork/srv/api/records83dab947-387b-49df-8ad2-32bb10d46d38"}
checkxlinkurl.template.feature:22 - path: $, actual: 500, expected: 200, reason: not equal (Integer)
[1.153:18] check-known-dataset-record.feature:81 - feature call (loop) failed: classpath:InspireTest/ngr/datasetrecords/def/checkxlinkurl.template.feature
caller: classpath:InspireTest/ngr/datasetrecords/check-known-dataset-record.feature
items: [{link=https://data.rivm.nl/inspire/id#4504a4b2-3179-44b3-a5a9-b67b693c514d}]
errors:
-------
feature call (loop) failed at index: 0
caller: classpath:InspireTest/ngr/datasetrecords/def/checkxlinkurl.template.feature
arg: {"link":"https://data.rivm.nl/inspire/id#4504a4b2-3179-44b3-a5a9-b67b693c514d"}
checkxlinkurl.template.feature:14 - 
javax.net.ssl.SSLException: Connection reset
[1.154:18] check-known-dataset-record.feature:81 - feature call (loop) failed: classpath:InspireTest/ngr/datasetrecords/def/checkxlinkurl.template.feature
caller: classpath:InspireTest/ngr/datasetrecords/check-known-dataset-record.feature
items: [{link=http://kadaster/06b6c650-cdb1-11dd-ad8b-0800200c9a75}]
errors:
-------
feature call (loop) failed at index: 0
caller: classpath:InspireTest/ngr/datasetrecords/def/checkxlinkurl.template.feature
arg: {"link":"http://kadaster/06b6c650-cdb1-11dd-ad8b-0800200c9a75"}
checkxlinkurl.template.feature:14 - 
java.net.UnknownHostException: kadaster: Temporary failure in name resolution
[1.155:18] check-known-dataset-record.feature:81 - feature call (loop) failed: classpath:InspireTest/ngr/datasetrecords/def/checkxlinkurl.template.feature
caller: classpath:InspireTest/ngr/datasetrecords/check-known-dataset-record.feature
items: [{link=http://kadaster/2482250f-3b00-4439-9f93-f3118229b014}, {link=}, {link=}, {link=}]
errors:
-------
feature call (loop) failed at index: 0
caller: classpath:InspireTest/ngr/datasetrecords/def/checkxlinkurl.template.feature
arg: {"link":"http://kadaster/2482250f-3b00-4439-9f93-f3118229b014"}
checkxlinkurl.template.feature:14 - 
java.net.UnknownHostException: kadaster
-------
feature call (loop) failed at index: 1
caller: classpath:InspireTest/ngr/datasetrecords/def/checkxlinkurl.template.feature
arg: {"link":""}
checkxlinkurl.template.feature:14 - 
org.apache.http.client.ClientProtocolException
-------
feature call (loop) failed at index: 2
caller: classpath:InspireTest/ngr/datasetrecords/def/checkxlinkurl.template.feature
arg: {"link":""}
checkxlinkurl.template.feature:14 - 
org.apache.http.client.ClientProtocolException
-------
feature call (loop) failed at index: 3
caller: classpath:InspireTest/ngr/datasetrecords/def/checkxlinkurl.template.feature
arg: {"link":""}
checkxlinkurl.template.feature:14 - 
org.apache.http.client.ClientProtocolException
[1.156:18] check-known-dataset-record.feature:81 - feature call (loop) failed: classpath:InspireTest/ngr/datasetrecords/def/checkxlinkurl.template.feature
caller: classpath:InspireTest/ngr/datasetrecords/check-known-dataset-record.feature
items: [{link=http://www.opengis.net/def/crs/EPSG/0/https://www.opengis.net/def/crs/EPSG/0/4258}, {link=https://www.nationaalgeoregister.nl/geonetwork/srv/api/recordse8b84fae-00b3-49c1-80c1-df8f69f64e8c}]
errors:
-------
feature call (loop) failed at index: 1
caller: classpath:InspireTest/ngr/datasetrecords/def/checkxlinkurl.template.feature
arg: {"link":"https://www.nationaalgeoregister.nl/geonetwork/srv/api/recordse8b84fae-00b3-49c1-80c1-df8f69f64e8c"}
checkxlinkurl.template.feature:22 - path: $, actual: 500, expected: 200, reason: not equal (Integer)
[1.158:18] check-known-dataset-record.feature:81 - feature call (loop) failed: classpath:InspireTest/ngr/datasetrecords/def/checkxlinkurl.template.feature
caller: classpath:InspireTest/ngr/datasetrecords/check-known-dataset-record.feature
items: [{link=https://nationaalgeoregister.nl/geonetwork/srv/resources66495385-8f7b-4661-85a7-11a2bbcbb6b9}, {link=http://rdfdata.eionet.europa.eu/inspirethemes/themes/13}, {link=http://geonetwork-opensource.org/inspire-theme#}, {link=https://www.nationaalgeoregister.nl/geonetwork/srv/eng/thesaurus.download?ref=external.theme.inspire-theme}]
errors:
-------
feature call (loop) failed at index: 0
caller: classpath:InspireTest/ngr/datasetrecords/def/checkxlinkurl.template.feature
arg: {"link":"https://nationaalgeoregister.nl/geonetwork/srv/resources66495385-8f7b-4661-85a7-11a2bbcbb6b9"}
checkxlinkurl.template.feature:22 - path: $, actual: 404, expected: 200, reason: not equal (Integer)
-------
feature call (loop) failed at index: 1
caller: classpath:InspireTest/ngr/datasetrecords/def/checkxlinkurl.template.feature
arg: {"link":"http://rdfdata.eionet.europa.eu/inspirethemes/themes/13"}
checkxlinkurl.template.feature:22 - path: $, actual: 404, expected: 200, reason: not equal (Integer)
-------
feature call (loop) failed at index: 2
caller: classpath:InspireTest/ngr/datasetrecords/def/checkxlinkurl.template.feature
arg: {"link":"http://geonetwork-opensource.org/inspire-theme#"}
checkxlinkurl.template.feature:22 - path: $, actual: 404, expected: 200, reason: not equal (Integer)
-------
feature call (loop) failed at index: 3
caller: classpath:InspireTest/ngr/datasetrecords/def/checkxlinkurl.template.feature
arg: {"link":"https://www.nationaalgeoregister.nl/geonetwork/srv/eng/thesaurus.download?ref=external.theme.inspire-theme"}
checkxlinkurl.template.feature:22 - path: $, actual: 500, expected: 200, reason: not equal (Integer)
[1.159:18] check-known-dataset-record.feature:81 - feature call (loop) failed: classpath:InspireTest/ngr/datasetrecords/def/checkxlinkurl.template.feature
caller: classpath:InspireTest/ngr/datasetrecords/check-known-dataset-record.feature
items: [{link=https://www.nationaalgeoregister.nl/geonetwork/srv/dut/catalog.search#/metadata/a1960e70-22f4-4fd9-91a8-b605c6ceda3e}, {link=http://rdfdata.eionet.europa.eu/inspirethemes/themes/24}, {link=http://inspire.ec.europa.eu/metadata-codelist/PriorityDataset#}, {link=https://ngr.geocat.live/geonetwork/srv/eng/thesaurus.download?ref=external.theme.httpinspireeceuropaeumetadatacodelistPrioritydataset-Prioritydataset}]
errors:
-------
feature call (loop) failed at index: 1
caller: classpath:InspireTest/ngr/datasetrecords/def/checkxlinkurl.template.feature
arg: {"link":"http://rdfdata.eionet.europa.eu/inspirethemes/themes/24"}
checkxlinkurl.template.feature:22 - path: $, actual: 404, expected: 200, reason: not equal (Integer)
-------
feature call (loop) failed at index: 3
caller: classpath:InspireTest/ngr/datasetrecords/def/checkxlinkurl.template.feature
arg: {"link":"https://ngr.geocat.live/geonetwork/srv/eng/thesaurus.download?ref=external.theme.httpinspireeceuropaeumetadatacodelistPrioritydataset-Prioritydataset"}
checkxlinkurl.template.feature:22 - path: $, actual: 500, expected: 200, reason: not equal (Integer)
[1.160:18] check-known-dataset-record.feature:81 - feature call (loop) failed: classpath:InspireTest/ngr/datasetrecords/def/checkxlinkurl.template.feature
caller: classpath:InspireTest/ngr/datasetrecords/check-known-dataset-record.feature
items: [{link=http://www.opengis.net/def/crs/EPSG/0/http://www.opengis.net/def/crs/EPSG/0/3034}, {link=http://nationaalgeoregister.nl/geonetwork/srv/dut/csw?SERVICE=CSW&version=2.0.2&REQUEST=GetRecordById&elementSetName=full&OutputSchema=http://www.isotc211.org/2005/gmd&ID=34e6165f-1269-48d1-b255-0f05d163d692}, {link=https://creativecommons.org/publicdomain/mark/*/deed.nl}, {link=}]
errors:
-------
feature call (loop) failed at index: 2
caller: classpath:InspireTest/ngr/datasetrecords/def/checkxlinkurl.template.feature
arg: {"link":"https://creativecommons.org/publicdomain/mark/*/deed.nl"}
checkxlinkurl.template.feature:22 - path: $, actual: 404, expected: 200, reason: not equal (Integer)
-------
feature call (loop) failed at index: 3
caller: classpath:InspireTest/ngr/datasetrecords/def/checkxlinkurl.template.feature
arg: {"link":""}
checkxlinkurl.template.feature:14 - 
org.apache.http.client.ClientProtocolException
[1.161:18] check-known-dataset-record.feature:81 - feature call (loop) failed: classpath:InspireTest/ngr/datasetrecords/def/checkxlinkurl.template.feature
caller: classpath:InspireTest/ngr/datasetrecords/check-known-dataset-record.feature
items: [{link=https://www.nationaalgeoregister.nl/geonetwork/srv/dut/catalog.search#/metadata/krm-a905-9d8e-4758-83fa-28b057f185e3}, {link=http://rdfdata.eionet.europa.eu/inspirethemes/themes/24}, {link=http://inspire.ec.europa.eu/metadata-codelist/PriorityDataset#}, {link=https://ngr.geocat.live/geonetwork/srv/eng/thesaurus.download?ref=external.theme.httpinspireeceuropaeumetadatacodelistPrioritydataset-Prioritydataset}]
errors:
-------
feature call (loop) failed at index: 1
caller: classpath:InspireTest/ngr/datasetrecords/def/checkxlinkurl.template.feature
arg: {"link":"http://rdfdata.eionet.europa.eu/inspirethemes/themes/24"}
checkxlinkurl.template.feature:22 - path: $, actual: 404, expected: 200, reason: not equal (Integer)
-------
feature call (loop) failed at index: 3
caller: classpath:InspireTest/ngr/datasetrecords/def/checkxlinkurl.template.feature
arg: {"link":"https://ngr.geocat.live/geonetwork/srv/eng/thesaurus.download?ref=external.theme.httpinspireeceuropaeumetadatacodelistPrioritydataset-Prioritydataset"}
checkxlinkurl.template.feature:22 - path: $, actual: 500, expected: 200, reason: not equal (Integer)
[1.163:18] check-known-dataset-record.feature:81 - feature call (loop) failed: classpath:InspireTest/ngr/datasetrecords/def/checkxlinkurl.template.feature
caller: classpath:InspireTest/ngr/datasetrecords/check-known-dataset-record.feature
items: [{link=http://www.opengis.net/def/crs/EPSG/0/http://www.opengis.net/def/crs/EPSG/0/3034}, {link=http://nationaalgeoregister.nl/geonetwork/srv/dut/csw?SERVICE=CSW&version=2.0.2&REQUEST=GetRecordById&elementSetName=full&OutputSchema=http://www.isotc211.org/2005/gmd&ID=88f76a94-ee4d-4e0c-9fde-91b692403e39}, {link=https://creativecommons.org/publicdomain/mark/*/deed.nl}, {link=}]
errors:
-------
feature call (loop) failed at index: 2
caller: classpath:InspireTest/ngr/datasetrecords/def/checkxlinkurl.template.feature
arg: {"link":"https://creativecommons.org/publicdomain/mark/*/deed.nl"}
checkxlinkurl.template.feature:22 - path: $, actual: 404, expected: 200, reason: not equal (Integer)
-------
feature call (loop) failed at index: 3
caller: classpath:InspireTest/ngr/datasetrecords/def/checkxlinkurl.template.feature
arg: {"link":""}
checkxlinkurl.template.feature:14 - 
org.apache.http.client.ClientProtocolException
[1.164:18] check-known-dataset-record.feature:81 - feature call (loop) failed: classpath:InspireTest/ngr/datasetrecords/def/checkxlinkurl.template.feature
caller: classpath:InspireTest/ngr/datasetrecords/check-known-dataset-record.feature
items: [{link=http://www.opengis.net/def/crs/EPSG/0/https://www.opengis.net/def/crs/EPSG/0/4258}, {link=https://ngr.acceptatie.nationaalgeoregister.nl/geonetwork/srv/resourcesd7ab6903-1152-450b-b81d-042682dcfd03}]
errors:
-------
feature call (loop) failed at index: 1
caller: classpath:InspireTest/ngr/datasetrecords/def/checkxlinkurl.template.feature
arg: {"link":"https://ngr.acceptatie.nationaalgeoregister.nl/geonetwork/srv/resourcesd7ab6903-1152-450b-b81d-042682dcfd03"}
checkxlinkurl.template.feature:22 - path: $, actual: 404, expected: 200, reason: not equal (Integer)
[1.165:18] check-known-dataset-record.feature:81 - feature call (loop) failed: classpath:InspireTest/ngr/datasetrecords/def/checkxlinkurl.template.feature
caller: classpath:InspireTest/ngr/datasetrecords/check-known-dataset-record.feature
items: [{link=http://kadaster/3bf3f7f3-8ac9-4203-bb95-2c932d5f0f3e}]
errors:
-------
feature call (loop) failed at index: 0
caller: classpath:InspireTest/ngr/datasetrecords/def/checkxlinkurl.template.feature
arg: {"link":"http://kadaster/3bf3f7f3-8ac9-4203-bb95-2c932d5f0f3e"}
checkxlinkurl.template.feature:14 - 
java.net.UnknownHostException: kadaster
[1.166:18] check-known-dataset-record.feature:81 - feature call (loop) failed: classpath:InspireTest/ngr/datasetrecords/def/checkxlinkurl.template.feature
caller: classpath:InspireTest/ngr/datasetrecords/check-known-dataset-record.feature
items: [{link=http://nationaalgeoregister.nl/geonetwork/srv/dut/csw?SERVICE=CSW&version=2.0.2&REQUEST=GetRecordById&elementSetName=full&OutputSchema=http://www.isotc211.org/2005/gmd&ID=bc2c53f6-c908-4d7c-a6c0-78d9a2855640}, {link=https://creativecommons.org/publicdomain/mark/*/deed.nl}, {link=}]
errors:
-------
feature call (loop) failed at index: 1
caller: classpath:InspireTest/ngr/datasetrecords/def/checkxlinkurl.template.feature
arg: {"link":"https://creativecommons.org/publicdomain/mark/*/deed.nl"}
checkxlinkurl.template.feature:22 - path: $, actual: 404, expected: 200, reason: not equal (Integer)
-------
feature call (loop) failed at index: 2
caller: classpath:InspireTest/ngr/datasetrecords/def/checkxlinkurl.template.feature
arg: {"link":""}
checkxlinkurl.template.feature:14 - 
org.apache.http.client.ClientProtocolException
[1.167:18] check-known-dataset-record.feature:81 - feature call (loop) failed: classpath:InspireTest/ngr/datasetrecords/def/checkxlinkurl.template.feature
caller: classpath:InspireTest/ngr/datasetrecords/check-known-dataset-record.feature
items: [{link=http://www.opengis.net/def/crs/EPSG/0/http://www.opengis.net/def/crs/EPSG/0/4258}, {link=http://kadaster/0f9b8c87-80a6-435f-b3b3-e07c3918d344}]
errors:
-------
feature call (loop) failed at index: 1
caller: classpath:InspireTest/ngr/datasetrecords/def/checkxlinkurl.template.feature
arg: {"link":"http://kadaster/0f9b8c87-80a6-435f-b3b3-e07c3918d344"}
checkxlinkurl.template.feature:14 - 
java.net.UnknownHostException: kadaster
[1.168:18] check-known-dataset-record.feature:81 - feature call (loop) failed: classpath:InspireTest/ngr/datasetrecords/def/checkxlinkurl.template.feature
caller: classpath:InspireTest/ngr/datasetrecords/check-known-dataset-record.feature
items: [{link=http://kadaster/2482250f-3b00-4439-9f93-f3118229b020}, {link=}, {link=}, {link=}]
errors:
-------
feature call (loop) failed at index: 0
caller: classpath:InspireTest/ngr/datasetrecords/def/checkxlinkurl.template.feature
arg: {"link":"http://kadaster/2482250f-3b00-4439-9f93-f3118229b020"}
checkxlinkurl.template.feature:14 - 
java.net.UnknownHostException: kadaster
-------
feature call (loop) failed at index: 1
caller: classpath:InspireTest/ngr/datasetrecords/def/checkxlinkurl.template.feature
arg: {"link":""}
checkxlinkurl.template.feature:14 - 
org.apache.http.client.ClientProtocolException
-------
feature call (loop) failed at index: 2
caller: classpath:InspireTest/ngr/datasetrecords/def/checkxlinkurl.template.feature
arg: {"link":""}
checkxlinkurl.template.feature:14 - 
org.apache.http.client.ClientProtocolException
-------
feature call (loop) failed at index: 3
caller: classpath:InspireTest/ngr/datasetrecords/def/checkxlinkurl.template.feature
arg: {"link":""}
checkxlinkurl.template.feature:14 - 
org.apache.http.client.ClientProtocolException
[1.169:18] check-known-dataset-record.feature:81 - feature call (loop) failed: classpath:InspireTest/ngr/datasetrecords/def/checkxlinkurl.template.feature
caller: classpath:InspireTest/ngr/datasetrecords/check-known-dataset-record.feature
items: [{link=http://kadaster/e2318c58-b1e6-4621-9c77-33b8a1fd0124}]
errors:
-------
feature call (loop) failed at index: 0
caller: classpath:InspireTest/ngr/datasetrecords/def/checkxlinkurl.template.feature
arg: {"link":"http://kadaster/e2318c58-b1e6-4621-9c77-33b8a1fd0124"}
checkxlinkurl.template.feature:14 - 
java.net.UnknownHostException: kadaster
[1.170:18] check-known-dataset-record.feature:81 - feature call (loop) failed: classpath:InspireTest/ngr/datasetrecords/def/checkxlinkurl.template.feature
caller: classpath:InspireTest/ngr/datasetrecords/check-known-dataset-record.feature
items: [{link=https://geodata.nationaalgeoregister.nl/cbsgebiedsindelingen/atom/cbsgebiedsindelingen.xml}, {link=}]
errors:
-------
feature call (loop) failed at index: 1
caller: classpath:InspireTest/ngr/datasetrecords/def/checkxlinkurl.template.feature
arg: {"link":""}
checkxlinkurl.template.feature:14 - 
org.apache.http.client.ClientProtocolException
[1.171:18] check-known-dataset-record.feature:81 - feature call (loop) failed: classpath:InspireTest/ngr/datasetrecords/def/checkxlinkurl.template.feature
caller: classpath:InspireTest/ngr/datasetrecords/check-known-dataset-record.feature
items: [{link=https://nationaalgeoregister.nl/geonetwork/srv/resources49e49382-674d-4ce8-9f4a-ba4dd2265eef}, {link=http://rdfdata.eionet.europa.eu/inspirethemes/themes/33}, {link=http://geonetwork-opensource.org/inspire-theme#}, {link=https://www.nationaalgeoregister.nl/geonetwork/srv/eng/thesaurus.download?ref=external.theme.inspire-theme}]
errors:
-------
feature call (loop) failed at index: 0
caller: classpath:InspireTest/ngr/datasetrecords/def/checkxlinkurl.template.feature
arg: {"link":"https://nationaalgeoregister.nl/geonetwork/srv/resources49e49382-674d-4ce8-9f4a-ba4dd2265eef"}
checkxlinkurl.template.feature:22 - path: $, actual: 404, expected: 200, reason: not equal (Integer)
-------
feature call (loop) failed at index: 1
caller: classpath:InspireTest/ngr/datasetrecords/def/checkxlinkurl.template.feature
arg: {"link":"http://rdfdata.eionet.europa.eu/inspirethemes/themes/33"}
checkxlinkurl.template.feature:22 - path: $, actual: 404, expected: 200, reason: not equal (Integer)
-------
feature call (loop) failed at index: 2
caller: classpath:InspireTest/ngr/datasetrecords/def/checkxlinkurl.template.feature
arg: {"link":"http://geonetwork-opensource.org/inspire-theme#"}
checkxlinkurl.template.feature:22 - path: $, actual: 404, expected: 200, reason: not equal (Integer)
-------
feature call (loop) failed at index: 3
caller: classpath:InspireTest/ngr/datasetrecords/def/checkxlinkurl.template.feature
arg: {"link":"https://www.nationaalgeoregister.nl/geonetwork/srv/eng/thesaurus.download?ref=external.theme.inspire-theme"}
checkxlinkurl.template.feature:22 - path: $, actual: 500, expected: 200, reason: not equal (Integer)
[1.173:18] check-known-dataset-record.feature:81 - feature call (loop) failed: classpath:InspireTest/ngr/datasetrecords/def/checkxlinkurl.template.feature
caller: classpath:InspireTest/ngr/datasetrecords/check-known-dataset-record.feature
items: [{link=https://www.nationaalgeoregister.nl/geonetwork/srv/api/records/002d9127-c16d-4b8d-9f5e-102a8c8e36c4}]
errors:
-------
feature call (loop) failed at index: 0
caller: classpath:InspireTest/ngr/datasetrecords/def/checkxlinkurl.template.feature
arg: {"link":"https://www.nationaalgeoregister.nl/geonetwork/srv/api/records/002d9127-c16d-4b8d-9f5e-102a8c8e36c4"}
checkxlinkurl.template.feature:22 - path: $, actual: 400, expected: 200, reason: not equal (Integer)
[1.174:18] check-known-dataset-record.feature:81 - feature call (loop) failed: classpath:InspireTest/ngr/datasetrecords/def/checkxlinkurl.template.feature
caller: classpath:InspireTest/ngr/datasetrecords/check-known-dataset-record.feature
items: [{link=http://services.rce.geovoorziening.nl/www/download/nl.xml}, {link=}, {link=}]
errors:
-------
feature call (loop) failed at index: 1
caller: classpath:InspireTest/ngr/datasetrecords/def/checkxlinkurl.template.feature
arg: {"link":""}
checkxlinkurl.template.feature:14 - 
org.apache.http.client.ClientProtocolException
-------
feature call (loop) failed at index: 2
caller: classpath:InspireTest/ngr/datasetrecords/def/checkxlinkurl.template.feature
arg: {"link":""}
checkxlinkurl.template.feature:14 - 
org.apache.http.client.ClientProtocolException
[1.175:18] check-known-dataset-record.feature:81 - feature call (loop) failed: classpath:InspireTest/ngr/datasetrecords/def/checkxlinkurl.template.feature
caller: classpath:InspireTest/ngr/datasetrecords/check-known-dataset-record.feature
items: [{link=https://data.rivm.nl/inspire?id#505e9f1e-84bc-4856-9771-4295db998bb6}]
errors:
-------
feature call (loop) failed at index: 0
caller: classpath:InspireTest/ngr/datasetrecords/def/checkxlinkurl.template.feature
arg: {"link":"https://data.rivm.nl/inspire?id#505e9f1e-84bc-4856-9771-4295db998bb6"}
checkxlinkurl.template.feature:22 - path: $, actual: 404, expected: 200, reason: not equal (Integer)
[1.176:18] check-known-dataset-record.feature:81 - feature call (loop) failed: classpath:InspireTest/ngr/datasetrecords/def/checkxlinkurl.template.feature
caller: classpath:InspireTest/ngr/datasetrecords/check-known-dataset-record.feature
items: [{link=https://data.rivm.nl/inspire/id#df9bc66f-941b-4c38-a104-1b8d940a53db}]
errors:
-------
feature call (loop) failed at index: 0
caller: classpath:InspireTest/ngr/datasetrecords/def/checkxlinkurl.template.feature
arg: {"link":"https://data.rivm.nl/inspire/id#df9bc66f-941b-4c38-a104-1b8d940a53db"}
checkxlinkurl.template.feature:14 - 
javax.net.ssl.SSLException: Connection reset
[1.178:18] check-known-dataset-record.feature:81 - feature call (loop) failed: classpath:InspireTest/ngr/datasetrecords/def/checkxlinkurl.template.feature
caller: classpath:InspireTest/ngr/datasetrecords/check-known-dataset-record.feature
items: [{link=http://www.opengis.net/def/crs/EPSG/0/http://www.opengis.net/def/crs/EPSG/0/4258}, {link=http://kadaster/3b7bb05b-2d2e-4329-9a72-0eac19e315de}]
errors:
-------
feature call (loop) failed at index: 1
caller: classpath:InspireTest/ngr/datasetrecords/def/checkxlinkurl.template.feature
arg: {"link":"http://kadaster/3b7bb05b-2d2e-4329-9a72-0eac19e315de"}
checkxlinkurl.template.feature:14 - 
java.net.UnknownHostException: kadaster
[1.179:18] check-known-dataset-record.feature:81 - feature call (loop) failed: classpath:InspireTest/ngr/datasetrecords/def/checkxlinkurl.template.feature
caller: classpath:InspireTest/ngr/datasetrecords/check-known-dataset-record.feature
items: [{link=http://inspire.rdw.nl/www/download/Licentie-Geogedeeld-RDW.pdf}, {link=}]
errors:
-------
feature call (loop) failed at index: 1
caller: classpath:InspireTest/ngr/datasetrecords/def/checkxlinkurl.template.feature
arg: {"link":""}
checkxlinkurl.template.feature:14 - 
org.apache.http.client.ClientProtocolException
[1.180:18] check-known-dataset-record.feature:81 - feature call (loop) failed: classpath:InspireTest/ngr/datasetrecords/def/checkxlinkurl.template.feature
caller: classpath:InspireTest/ngr/datasetrecords/check-known-dataset-record.feature
items: [{link=https://data.rivm.nl/inspire/id#a3b9f437-f571-4a00-b3c3-58e4354c244f}]
errors:
-------
feature call (loop) failed at index: 0
caller: classpath:InspireTest/ngr/datasetrecords/def/checkxlinkurl.template.feature
arg: {"link":"https://data.rivm.nl/inspire/id#a3b9f437-f571-4a00-b3c3-58e4354c244f"}
checkxlinkurl.template.feature:14 - 
javax.net.ssl.SSLException: Connection reset
[1.181:18] check-known-dataset-record.feature:81 - feature call (loop) failed: classpath:InspireTest/ngr/datasetrecords/def/checkxlinkurl.template.feature
caller: classpath:InspireTest/ngr/datasetrecords/check-known-dataset-record.feature
items: [{link=https://www.nationaalgeoregister.nl/geonetwork/srv/dut/catalog.search#/metadata/68ebd5c9-0ea1-4f22-9907-ec4c063cd3e2}, {link=http://rdfdata.eionet.europa.eu/inspirethemes/themes/20}, {link=urn:ogc:def:crs:EPSG::5709}]
errors:
-------
feature call (loop) failed at index: 1
caller: classpath:InspireTest/ngr/datasetrecords/def/checkxlinkurl.template.feature
arg: {"link":"http://rdfdata.eionet.europa.eu/inspirethemes/themes/20"}
checkxlinkurl.template.feature:22 - path: $, actual: 404, expected: 200, reason: not equal (Integer)
-------
feature call (loop) failed at index: 2
caller: classpath:InspireTest/ngr/datasetrecords/def/checkxlinkurl.template.feature
arg: {"link":"urn:ogc:def:crs:EPSG::5709"}
checkxlinkurl.template.feature:14 - 
org.apache.http.client.ClientProtocolException: URI does not specify a valid host name: urn:ogc:def:crs:EPSG::5709
[1.182:18] check-known-dataset-record.feature:81 - feature call (loop) failed: classpath:InspireTest/ngr/datasetrecords/def/checkxlinkurl.template.feature
caller: classpath:InspireTest/ngr/datasetrecords/check-known-dataset-record.feature
items: [{link=http://www.opengis.net/def/crs/EPSG/0/NAP}, {link=https://ngr.acceptatie.nationaalgeoregister.nl/geonetwork/srv/resourcesddf87610-2724-11e2-81c1-0800200c9a66}]
errors:
-------
feature call (loop) failed at index: 1
caller: classpath:InspireTest/ngr/datasetrecords/def/checkxlinkurl.template.feature
arg: {"link":"https://ngr.acceptatie.nationaalgeoregister.nl/geonetwork/srv/resourcesddf87610-2724-11e2-81c1-0800200c9a66"}
checkxlinkurl.template.feature:22 - path: $, actual: 404, expected: 200, reason: not equal (Integer)
[1.183:18] check-known-dataset-record.feature:81 - feature call (loop) failed: classpath:InspireTest/ngr/datasetrecords/def/checkxlinkurl.template.feature
caller: classpath:InspireTest/ngr/datasetrecords/check-known-dataset-record.feature
items: [{link=http://www.opengis.net/def/crs/EPSG/0/ETRS89}, {link=https://www.nationaalgeoregister.nl/geonetwork/srv/api/records07575774-57a1-4419-bab4-6c88fdeb02b2}]
errors:
-------
feature call (loop) failed at index: 1
caller: classpath:InspireTest/ngr/datasetrecords/def/checkxlinkurl.template.feature
arg: {"link":"https://www.nationaalgeoregister.nl/geonetwork/srv/api/records07575774-57a1-4419-bab4-6c88fdeb02b2"}
checkxlinkurl.template.feature:22 - path: $, actual: 500, expected: 200, reason: not equal (Integer)
[1.184:18] check-known-dataset-record.feature:81 - feature call (loop) failed: classpath:InspireTest/ngr/datasetrecords/def/checkxlinkurl.template.feature
caller: classpath:InspireTest/ngr/datasetrecords/check-known-dataset-record.feature
items: [{link=}]
errors:
-------
feature call (loop) failed at index: 0
caller: classpath:InspireTest/ngr/datasetrecords/def/checkxlinkurl.template.feature
arg: {"link":""}
checkxlinkurl.template.feature:14 - 
org.apache.http.client.ClientProtocolException
[1.185:18] check-known-dataset-record.feature:81 - feature call (loop) failed: classpath:InspireTest/ngr/datasetrecords/def/checkxlinkurl.template.feature
caller: classpath:InspireTest/ngr/datasetrecords/check-known-dataset-record.feature
items: [{link=https://data.rivm.nl/inspire/id#a98a6cdb-61cd-4107-b775-2334e6772ed5}]
errors:
-------
feature call (loop) failed at index: 0
caller: classpath:InspireTest/ngr/datasetrecords/def/checkxlinkurl.template.feature
arg: {"link":"https://data.rivm.nl/inspire/id#a98a6cdb-61cd-4107-b775-2334e6772ed5"}
checkxlinkurl.template.feature:14 - 
javax.net.ssl.SSLException: Connection reset
[1.186:18] check-known-dataset-record.feature:81 - feature call (loop) failed: classpath:InspireTest/ngr/datasetrecords/def/checkxlinkurl.template.feature
caller: classpath:InspireTest/ngr/datasetrecords/check-known-dataset-record.feature
items: [{link=http://kadaster/2482250f-3b00-4439-9f93-f3118229b024}, {link=}, {link=}, {link=}]
errors:
-------
feature call (loop) failed at index: 0
caller: classpath:InspireTest/ngr/datasetrecords/def/checkxlinkurl.template.feature
arg: {"link":"http://kadaster/2482250f-3b00-4439-9f93-f3118229b024"}
checkxlinkurl.template.feature:14 - 
java.net.UnknownHostException: kadaster: Temporary failure in name resolution
-------
feature call (loop) failed at index: 1
caller: classpath:InspireTest/ngr/datasetrecords/def/checkxlinkurl.template.feature
arg: {"link":""}
checkxlinkurl.template.feature:14 - 
org.apache.http.client.ClientProtocolException
-------
feature call (loop) failed at index: 2
caller: classpath:InspireTest/ngr/datasetrecords/def/checkxlinkurl.template.feature
arg: {"link":""}
checkxlinkurl.template.feature:14 - 
org.apache.http.client.ClientProtocolException
-------
feature call (loop) failed at index: 3
caller: classpath:InspireTest/ngr/datasetrecords/def/checkxlinkurl.template.feature
arg: {"link":""}
checkxlinkurl.template.feature:14 - 
org.apache.http.client.ClientProtocolException
[1.187:18] check-known-dataset-record.feature:81 - feature call (loop) failed: classpath:InspireTest/ngr/datasetrecords/def/checkxlinkurl.template.feature
caller: classpath:InspireTest/ngr/datasetrecords/check-known-dataset-record.feature
items: [{link=https://data.rivm.nl/inspire/id#b867ba72-5a7c-41fe-b997-394b56dfbd25}]
errors:
-------
feature call (loop) failed at index: 0
caller: classpath:InspireTest/ngr/datasetrecords/def/checkxlinkurl.template.feature
arg: {"link":"https://data.rivm.nl/inspire/id#b867ba72-5a7c-41fe-b997-394b56dfbd25"}
checkxlinkurl.template.feature:14 - 
javax.net.ssl.SSLException: Connection reset
[1.188:18] check-known-dataset-record.feature:81 - feature call (loop) failed: classpath:InspireTest/ngr/datasetrecords/def/checkxlinkurl.template.feature
caller: classpath:InspireTest/ngr/datasetrecords/check-known-dataset-record.feature
items: [{link=https://nationaalgeoregister.nl/geonetwork/srv/resources8bdf76b6-c9c9-4011-a7bc-022ae14a4024}, {link=http://rdfdata.eionet.europa.eu/inspirethemes/themes/24}, {link=http://geonetwork-opensource.org/inspire-theme#}, {link=https://www.nationaalgeoregister.nl/geonetwork/srv/eng/thesaurus.download?ref=external.theme.inspire-theme}]
errors:
-------
feature call (loop) failed at index: 0
caller: classpath:InspireTest/ngr/datasetrecords/def/checkxlinkurl.template.feature
arg: {"link":"https://nationaalgeoregister.nl/geonetwork/srv/resources8bdf76b6-c9c9-4011-a7bc-022ae14a4024"}
checkxlinkurl.template.feature:22 - path: $, actual: 404, expected: 200, reason: not equal (Integer)
-------
feature call (loop) failed at index: 1
caller: classpath:InspireTest/ngr/datasetrecords/def/checkxlinkurl.template.feature
arg: {"link":"http://rdfdata.eionet.europa.eu/inspirethemes/themes/24"}
checkxlinkurl.template.feature:22 - path: $, actual: 404, expected: 200, reason: not equal (Integer)
-------
feature call (loop) failed at index: 2
caller: classpath:InspireTest/ngr/datasetrecords/def/checkxlinkurl.template.feature
arg: {"link":"http://geonetwork-opensource.org/inspire-theme#"}
checkxlinkurl.template.feature:22 - path: $, actual: 404, expected: 200, reason: not equal (Integer)
-------
feature call (loop) failed at index: 3
caller: classpath:InspireTest/ngr/datasetrecords/def/checkxlinkurl.template.feature
arg: {"link":"https://www.nationaalgeoregister.nl/geonetwork/srv/eng/thesaurus.download?ref=external.theme.inspire-theme"}
checkxlinkurl.template.feature:22 - path: $, actual: 500, expected: 200, reason: not equal (Integer)
[1.190:18] check-known-dataset-record.feature:81 - feature call (loop) failed: classpath:InspireTest/ngr/datasetrecords/def/checkxlinkurl.template.feature
caller: classpath:InspireTest/ngr/datasetrecords/check-known-dataset-record.feature
items: [{link=}]
errors:
-------
feature call (loop) failed at index: 0
caller: classpath:InspireTest/ngr/datasetrecords/def/checkxlinkurl.template.feature
arg: {"link":""}
checkxlinkurl.template.feature:14 - 
org.apache.http.client.ClientProtocolException
[1.191:18] check-known-dataset-record.feature:81 - feature call (loop) failed: classpath:InspireTest/ngr/datasetrecords/def/checkxlinkurl.template.feature
caller: classpath:InspireTest/ngr/datasetrecords/check-known-dataset-record.feature
items: [{link=https://data.rivm.nl/inspire/id#10fcd5a9-3804-48e3-bcbd-d816594dbb6f}]
errors:
-------
feature call (loop) failed at index: 0
caller: classpath:InspireTest/ngr/datasetrecords/def/checkxlinkurl.template.feature
arg: {"link":"https://data.rivm.nl/inspire/id#10fcd5a9-3804-48e3-bcbd-d816594dbb6f"}
checkxlinkurl.template.feature:14 - 
javax.net.ssl.SSLException: Connection reset
[1.192:18] check-known-dataset-record.feature:81 - feature call (loop) failed: classpath:InspireTest/ngr/datasetrecords/def/checkxlinkurl.template.feature
caller: classpath:InspireTest/ngr/datasetrecords/check-known-dataset-record.feature
items: [{link=https://www.nationaalgeoregister.nl/geonetwork/srv/api/records6c6be9c5-b09b-4dcf-a5fd-f149cbaca6fb}, {link=https://creativecommons.org/publicdomain/zero/*/deed.nl}]
errors:
-------
feature call (loop) failed at index: 0
caller: classpath:InspireTest/ngr/datasetrecords/def/checkxlinkurl.template.feature
arg: {"link":"https://www.nationaalgeoregister.nl/geonetwork/srv/api/records6c6be9c5-b09b-4dcf-a5fd-f149cbaca6fb"}
checkxlinkurl.template.feature:22 - path: $, actual: 500, expected: 200, reason: not equal (Integer)
-------
feature call (loop) failed at index: 1
caller: classpath:InspireTest/ngr/datasetrecords/def/checkxlinkurl.template.feature
arg: {"link":"https://creativecommons.org/publicdomain/zero/*/deed.nl"}
checkxlinkurl.template.feature:22 - path: $, actual: 404, expected: 200, reason: not equal (Integer)
[1.193:18] check-known-dataset-record.feature:81 - feature call (loop) failed: classpath:InspireTest/ngr/datasetrecords/def/checkxlinkurl.template.feature
caller: classpath:InspireTest/ngr/datasetrecords/check-known-dataset-record.feature
items: [{link=u}, {link=r}, {link=n}, {link=:}, {link=o}, {link=g}, {link=c}, {link=:}, {link=d}, {link=e}, {link=f}, {link=:}, {link=c}, {link=r}, {link=s}, {link=:}, {link=E}, {link=P}, {link=S}, {link=G}, {link=:}, {link=:}, {link=5}, {link=6}, {link=2}, {link=1}]
errors:
-------
feature call (loop) failed at index: 0
caller: classpath:InspireTest/ngr/datasetrecords/def/checkxlinkurl.template.feature
arg: {"link":"u"}
checkxlinkurl.template.feature:14 - 
org.apache.http.client.ClientProtocolException
-------
feature call (loop) failed at index: 1
caller: classpath:InspireTest/ngr/datasetrecords/def/checkxlinkurl.template.feature
arg: {"link":"r"}
checkxlinkurl.template.feature:14 - 
org.apache.http.client.ClientProtocolException
-------
feature call (loop) failed at index: 2
caller: classpath:InspireTest/ngr/datasetrecords/def/checkxlinkurl.template.feature
arg: {"link":"n"}
checkxlinkurl.template.feature:14 - 
org.apache.http.client.ClientProtocolException
-------
feature call (loop) failed at index: 3
caller: classpath:InspireTest/ngr/datasetrecords/def/checkxlinkurl.template.feature
arg: {"link":":"}
checkxlinkurl.template.feature:14 - java.net.URISyntaxException: Expected scheme name at index 0: :
-------
feature call (loop) failed at index: 4
caller: classpath:InspireTest/ngr/datasetrecords/def/checkxlinkurl.template.feature
arg: {"link":"o"}
checkxlinkurl.template.feature:14 - 
org.apache.http.client.ClientProtocolException
-------
feature call (loop) failed at index: 5
caller: classpath:InspireTest/ngr/datasetrecords/def/checkxlinkurl.template.feature
arg: {"link":"g"}
checkxlinkurl.template.feature:14 - 
org.apache.http.client.ClientProtocolException
-------
feature call (loop) failed at index: 6
caller: classpath:InspireTest/ngr/datasetrecords/def/checkxlinkurl.template.feature
arg: {"link":"c"}
checkxlinkurl.template.feature:14 - 
org.apache.http.client.ClientProtocolException
-------
feature call (loop) failed at index: 7
caller: classpath:InspireTest/ngr/datasetrecords/def/checkxlinkurl.template.feature
arg: {"link":":"}
checkxlinkurl.template.feature:14 - java.net.URISyntaxException: Expected scheme name at index 0: :
-------
feature call (loop) failed at index: 8
caller: classpath:InspireTest/ngr/datasetrecords/def/checkxlinkurl.template.feature
arg: {"link":"d"}
checkxlinkurl.template.feature:14 - 
org.apache.http.client.ClientProtocolException
-------
feature call (loop) failed at index: 9
caller: classpath:InspireTest/ngr/datasetrecords/def/checkxlinkurl.template.feature
arg: {"link":"e"}
checkxlinkurl.template.feature:14 - 
org.apache.http.client.ClientProtocolException
-------
feature call (loop) failed at index: 10
caller: classpath:InspireTest/ngr/datasetrecords/def/checkxlinkurl.template.feature
arg: {"link":"f"}
checkxlinkurl.template.feature:14 - 
org.apache.http.client.ClientProtocolException
-------
feature call (loop) failed at index: 11
caller: classpath:InspireTest/ngr/datasetrecords/def/checkxlinkurl.template.feature
arg: {"link":":"}
checkxlinkurl.template.feature:14 - java.net.URISyntaxException: Expected scheme name at index 0: :
-------
feature call (loop) failed at index: 12
caller: classpath:InspireTest/ngr/datasetrecords/def/checkxlinkurl.template.feature
arg: {"link":"c"}
checkxlinkurl.template.feature:14 - 
org.apache.http.client.ClientProtocolException
-------
feature call (loop) failed at index: 13
caller: classpath:InspireTest/ngr/datasetrecords/def/checkxlinkurl.template.feature
arg: {"link":"r"}
checkxlinkurl.template.feature:14 - 
org.apache.http.client.ClientProtocolException
-------
feature call (loop) failed at index: 14
caller: classpath:InspireTest/ngr/datasetrecords/def/checkxlinkurl.template.feature
arg: {"link":"s"}
checkxlinkurl.template.feature:14 - 
org.apache.http.client.ClientProtocolException
-------
feature call (loop) failed at index: 15
caller: classpath:InspireTest/ngr/datasetrecords/def/checkxlinkurl.template.feature
arg: {"link":":"}
checkxlinkurl.template.feature:14 - java.net.URISyntaxException: Expected scheme name at index 0: :
-------
feature call (loop) failed at index: 16
caller: classpath:InspireTest/ngr/datasetrecords/def/checkxlinkurl.template.feature
arg: {"link":"E"}
checkxlinkurl.template.feature:14 - 
org.apache.http.client.ClientProtocolException
-------
feature call (loop) failed at index: 17
caller: classpath:InspireTest/ngr/datasetrecords/def/checkxlinkurl.template.feature
arg: {"link":"P"}
checkxlinkurl.template.feature:14 - 
org.apache.http.client.ClientProtocolException
-------
feature call (loop) failed at index: 18
caller: classpath:InspireTest/ngr/datasetrecords/def/checkxlinkurl.template.feature
arg: {"link":"S"}
checkxlinkurl.template.feature:14 - 
org.apache.http.client.ClientProtocolException
-------
feature call (loop) failed at index: 19
caller: classpath:InspireTest/ngr/datasetrecords/def/checkxlinkurl.template.feature
arg: {"link":"G"}
checkxlinkurl.template.feature:14 - 
org.apache.http.client.ClientProtocolException
-------
feature call (loop) failed at index: 20
caller: classpath:InspireTest/ngr/datasetrecords/def/checkxlinkurl.template.feature
arg: {"link":":"}
checkxlinkurl.template.feature:14 - java.net.URISyntaxException: Expected scheme name at index 0: :
-------
feature call (loop) failed at index: 21
caller: classpath:InspireTest/ngr/datasetrecords/def/checkxlinkurl.template.feature
arg: {"link":":"}
checkxlinkurl.template.feature:14 - java.net.URISyntaxException: Expected scheme name at index 0: :
-------
feature call (loop) failed at index: 22
caller: classpath:InspireTest/ngr/datasetrecords/def/checkxlinkurl.template.feature
arg: {"link":"5"}
checkxlinkurl.template.feature:14 - 
org.apache.http.client.ClientProtocolException
-------
feature call (loop) failed at index: 23
caller: classpath:InspireTest/ngr/datasetrecords/def/checkxlinkurl.template.feature
arg: {"link":"6"}
checkxlinkurl.template.feature:14 - 
org.apache.http.client.ClientProtocolException
-------
feature call (loop) failed at index: 24
caller: classpath:InspireTest/ngr/datasetrecords/def/checkxlinkurl.template.feature
arg: {"link":"2"}
checkxlinkurl.template.feature:14 - 
org.apache.http.client.ClientProtocolException
-------
feature call (loop) failed at index: 25
caller: classpath:InspireTest/ngr/datasetrecords/def/checkxlinkurl.template.feature
arg: {"link":"1"}
checkxlinkurl.template.feature:14 - 
org.apache.http.client.ClientProtocolException
[1.194:18] check-known-dataset-record.feature:81 - feature call (loop) failed: classpath:InspireTest/ngr/datasetrecords/def/checkxlinkurl.template.feature
caller: classpath:InspireTest/ngr/datasetrecords/check-known-dataset-record.feature
items: [{link=http://www.opengis.net/def/crs/EPSG/0/https://www.opengis.net/def/crs/EPSG/0/4258}, {link=https://www.nationaalgeoregister.nl/geonetwork/srv/api/recordsf44dac86-2228-412f-8355-e56446ca9933}, {link=www.hydro.nl}]
errors:
-------
feature call (loop) failed at index: 1
caller: classpath:InspireTest/ngr/datasetrecords/def/checkxlinkurl.template.feature
arg: {"link":"https://www.nationaalgeoregister.nl/geonetwork/srv/api/recordsf44dac86-2228-412f-8355-e56446ca9933"}
checkxlinkurl.template.feature:22 - path: $, actual: 500, expected: 200, reason: not equal (Integer)
-------
feature call (loop) failed at index: 2
caller: classpath:InspireTest/ngr/datasetrecords/def/checkxlinkurl.template.feature
arg: {"link":"www.hydro.nl"}
checkxlinkurl.template.feature:14 - 
org.apache.http.client.ClientProtocolException
[1.195:18] check-known-dataset-record.feature:81 - feature call (loop) failed: classpath:InspireTest/ngr/datasetrecords/def/checkxlinkurl.template.feature
caller: classpath:InspireTest/ngr/datasetrecords/check-known-dataset-record.feature
items: [{link=http://kadaster/2482250f-3b00-4439-9f93-f3118229b023}, {link=}, {link=}, {link=}]
errors:
-------
feature call (loop) failed at index: 0
caller: classpath:InspireTest/ngr/datasetrecords/def/checkxlinkurl.template.feature
arg: {"link":"http://kadaster/2482250f-3b00-4439-9f93-f3118229b023"}
checkxlinkurl.template.feature:14 - 
java.net.UnknownHostException: kadaster
-------
feature call (loop) failed at index: 1
caller: classpath:InspireTest/ngr/datasetrecords/def/checkxlinkurl.template.feature
arg: {"link":""}
checkxlinkurl.template.feature:14 - 
org.apache.http.client.ClientProtocolException
-------
feature call (loop) failed at index: 2
caller: classpath:InspireTest/ngr/datasetrecords/def/checkxlinkurl.template.feature
arg: {"link":""}
checkxlinkurl.template.feature:14 - 
org.apache.http.client.ClientProtocolException
-------
feature call (loop) failed at index: 3
caller: classpath:InspireTest/ngr/datasetrecords/def/checkxlinkurl.template.feature
arg: {"link":""}
checkxlinkurl.template.feature:14 - 
org.apache.http.client.ClientProtocolException
[1.196:18] check-known-dataset-record.feature:81 - feature call (loop) failed: classpath:InspireTest/ngr/datasetrecords/def/checkxlinkurl.template.feature
caller: classpath:InspireTest/ngr/datasetrecords/check-known-dataset-record.feature
items: [{link=http://nationaalgeoregister.nl/geonetwork/srv/dut/catalog.search#/metadata/280ed37a-b8d2-4ac5-8567-04d84fad3a41}, {link=https://creativecommons.org/publicdomain/mark/*/deed.nl}, {link=https://data.overheid.nl/organisatie/PDOK}]
errors:
-------
feature call (loop) failed at index: 1
caller: classpath:InspireTest/ngr/datasetrecords/def/checkxlinkurl.template.feature
arg: {"link":"https://creativecommons.org/publicdomain/mark/*/deed.nl"}
checkxlinkurl.template.feature:22 - path: $, actual: 404, expected: 200, reason: not equal (Integer)
-------
feature call (loop) failed at index: 2
caller: classpath:InspireTest/ngr/datasetrecords/def/checkxlinkurl.template.feature
arg: {"link":"https://data.overheid.nl/organisatie/PDOK"}
checkxlinkurl.template.feature:22 - path: $, actual: 404, expected: 200, reason: not equal (Integer)

]]></system-out>
    <system-err><![CDATA[Warning: Nashorn engine is planned to be removed from a future JDK release
ERROR StatusLogger No log4j2 configuration file found. Using default configuration: logging only errors to the console. Set system property 'org.apache.logging.log4j.simplelog.StatusLogger.level' to TRACE to show Log4j2 internal initialization logging.
]]></system-err>
  </testcase>
</testsuite>